<?xml version="1.0" ?>
<testsuites >

  <testsuite errors="0" failures="0" hostname="fv-az14" name="ds.asCharacter::arg::test errors" skipped="0" tests="1" time="7.85" timestamp="2020-10-27T20:20:45Z">
    <testcase classname="ds.asCharacter_arg_test_errors" name="asCharacter_erros" time="7.85"/>
  </testsuite>
  <testsuite errors="0" failures="0" hostname="fv-az14" name="ds.asDataMatrix::arg::test errors" skipped="0" tests="1" time="5.276" timestamp="2020-10-27T20:20:51Z">
    <testcase classname="ds.asDataMatrix_arg_test_errors" name="asDataMatrix_erros" time="5.276"/>
  </testsuite>
  <testsuite errors="0" failures="0" hostname="fv-az14" name="ds.asFactor::arg::test errors" skipped="0" tests="3" time="5.338" timestamp="2020-10-27T20:20:56Z">
    <testcase classname="ds.asFactor_arg_test_errors" name="asFactor_erros" time="5.242"/>
    <testcase classname="ds.asFactor_arg_test_errors" name="asFactor_erros" time="0.0770000000000017"/>
    <testcase classname="ds.asFactor_arg_test_errors" name="asFactor_erros" time="0.0189999999999984"/>
  </testsuite>
  <testsuite errors="0" failures="0" hostname="fv-az14" name="ds.asInteger::arg::test errors" skipped="0" tests="1" time="5.122" timestamp="2020-10-27T20:21:01Z">
    <testcase classname="ds.asInteger_arg_test_errors" name="asInteger_erros" time="5.122"/>
  </testsuite>
  <testsuite errors="0" failures="0" hostname="fv-az14" name="ds.asList::arg::test errors" skipped="0" tests="1" time="5.107" timestamp="2020-10-27T20:21:06Z">
    <testcase classname="ds.asList_arg_test_errors" name="asList_erros" time="5.107"/>
  </testsuite>
  <testsuite errors="0" failures="0" hostname="fv-az14" name="ds.asLogical::arg::test errors" skipped="0" tests="1" time="5.13" timestamp="2020-10-27T20:21:11Z">
    <testcase classname="ds.asLogical_arg_test_errors" name="asLogical_erros" time="5.13"/>
  </testsuite>
  <testsuite errors="0" failures="0" hostname="fv-az14" name="ds.asMatrix::arg::test errors" skipped="0" tests="1" time="5.072" timestamp="2020-10-27T20:21:17Z">
    <testcase classname="ds.asMatrix_arg_test_errors" name="asMatrix_erros" time="5.072"/>
  </testsuite>
  <testsuite errors="0" failures="0" hostname="fv-az14" name="ds.asNumeric::arg::test errors" skipped="0" tests="1" time="5.126" timestamp="2020-10-27T20:21:22Z">
    <testcase classname="ds.asNumeric_arg_test_errors" name="asNumeric_erros" time="5.126"/>
  </testsuite>
  <testsuite errors="0" failures="0" hostname="fv-az14" name="ds.assign::arg::test errors" skipped="0" tests="1" time="5.163" timestamp="2020-10-27T20:21:27Z">
    <testcase classname="ds.assign_arg_test_errors" name="assign_erros" time="5.163"/>
  </testsuite>
  <testsuite errors="0" failures="0" hostname="fv-az14" name="ds.Boole::arg::test errors" skipped="0" tests="5" time="5.129" timestamp="2020-10-27T20:21:32Z">
    <testcase classname="ds.Boole_arg_test_errors" name="Boole_erros" time="5.009"/>
    <testcase classname="ds.Boole_arg_test_errors" name="Boole_erros" time="0.0989999999999966"/>
    <testcase classname="ds.Boole_arg_test_errors" name="Boole_erros" time="0.00600000000000023"/>
    <testcase classname="ds.Boole_arg_test_errors" name="Boole_erros" time="0.00800000000000267"/>
    <testcase classname="ds.Boole_arg_test_errors" name="Boole_erros" time="0.0069999999999979"/>
  </testsuite>
  <testsuite errors="0" failures="0" hostname="fv-az14" name="ds.cbind::arg::test errors" skipped="0" tests="2" time="6.617" timestamp="2020-10-27T20:21:37Z">
    <testcase classname="ds.cbind_arg_test_errors" name="cbind_erros" time="5.38700000000001"/>
    <testcase classname="ds.cbind_arg_test_errors" name="cbind_erros" time="1.22999999999999"/>
  </testsuite>
  <testsuite errors="0" failures="0" hostname="fv-az14" name="ds.changeRefGroup::arg::test errors" skipped="0" tests="3" time="6.153" timestamp="2020-10-27T20:21:44Z">
    <testcase classname="ds.changeRefGroup_arg_test_errors" name="changeRefGroup_erros" time="5.08"/>
    <testcase classname="ds.changeRefGroup_arg_test_errors" name="changeRefGroup_erros" time="0.0390000000000015"/>
    <testcase classname="ds.changeRefGroup_arg_test_errors" name="changeRefGroup_erros" time="1.03400000000001"/>
  </testsuite>
  <testsuite errors="0" failures="0" hostname="fv-az14" name="ds.class::arg::test errors" skipped="0" tests="1" time="5.078" timestamp="2020-10-27T20:21:50Z">
    <testcase classname="ds.class_arg_test_errors" name="class_erros" time="5.078"/>
  </testsuite>
  <testsuite errors="0" failures="0" hostname="fv-az14" name="ds.colnames::arg::test errors" skipped="0" tests="1" time="5.078" timestamp="2020-10-27T20:21:55Z">
    <testcase classname="ds.colnames_arg_test_errors" name="simple_colnames_errors" time="5.07799999999999"/>
  </testsuite>
  <testsuite errors="0" failures="0" hostname="fv-az14" name="ds.completeCases::arg::test errors" skipped="0" tests="1" time="5.039" timestamp="2020-10-27T20:22:00Z">
    <testcase classname="ds.completeCases_arg_test_errors" name="completeCases_errors" time="5.039"/>
  </testsuite>
  <testsuite errors="0" failures="0" hostname="fv-az14" name="ds.cor::arg::test errors" skipped="0" tests="3" time="8.613" timestamp="2020-10-27T20:22:05Z">
    <testcase classname="ds.cor_arg_test_errors" name="cor_erros" time="5.004"/>
    <testcase classname="ds.cor_arg_test_errors" name="cor_erros" time="1.271"/>
    <testcase classname="ds.cor_arg_test_errors" name="cor_erros" time="2.33799999999999"/>
  </testsuite>
  <testsuite errors="0" failures="0" hostname="fv-az14" name="ds.corTest::arg" skipped="0" tests="2" time="5.097" timestamp="2020-10-27T20:22:14Z">
    <testcase classname="ds.corTest_arg" name="simple_arg_test" time="5.06100000000001"/>
    <testcase classname="ds.corTest_arg" name="simple_arg_test" time="0.0360000000000014"/>
  </testsuite>
  <testsuite errors="0" failures="0" hostname="fv-az14" name="ds.cov::arg::test errors" skipped="0" tests="3" time="8.514" timestamp="2020-10-27T20:22:19Z">
    <testcase classname="ds.cov_arg_test_errors" name="cov_erros" time="5.045"/>
    <testcase classname="ds.cov_arg_test_errors" name="cov_erros" time="1.20399999999999"/>
    <testcase classname="ds.cov_arg_test_errors" name="cov_erros" time="2.265"/>
  </testsuite>
  <testsuite errors="0" failures="0" hostname="fv-az14" name="ds.c::arg::test errors" skipped="0" tests="1" time="5.004" timestamp="2020-10-27T20:22:27Z">
    <testcase classname="ds.c_arg_test_errors" name="simple_c_errors" time="5.004"/>
  </testsuite>
  <testsuite errors="0" failures="0" hostname="fv-az14" name="ds.dataFrameFill::arg::test errors" skipped="0" tests="3" time="6.452" timestamp="2020-10-27T20:22:32Z">
    <testcase classname="ds.dataFrameFill_arg_test_errors" name="dataFrameFill_erros" time="5.056"/>
    <testcase classname="ds.dataFrameFill_arg_test_errors" name="dataFrameFill_erros" time="0.406000000000006"/>
    <testcase classname="ds.dataFrameFill_arg_test_errors" name="dataFrameFill_erros" time="0.989999999999995"/>
  </testsuite>
  <testsuite errors="0" failures="0" hostname="fv-az14" name="ds.dataFrame::arg::test errors" skipped="0" tests="2" time="6.479" timestamp="2020-10-27T20:22:39Z">
    <testcase classname="ds.dataFrame_arg_test_errors" name="dataframe_erros" time="5.00599999999999"/>
    <testcase classname="ds.dataFrame_arg_test_errors" name="dataframe_erros" time="1.47300000000001"/>
  </testsuite>
  <testsuite errors="0" failures="0" hostname="fv-az14" name="ds.dataFrameSubset::arg::setup" skipped="0" tests="3" time="5.296" timestamp="2020-10-27T20:22:41Z">
    <testcase classname="ds.dataFrameSubset_arg_setup" name="setup" time="5.29400000000001"/>
    <testcase classname="ds.dataFrameSubset_arg_setup" name="setup" time="0.000999999999976353"/>
    <testcase classname="ds.dataFrameSubset_arg_setup" name="setup" time="0.00100000000000477"/>
  </testsuite>
  <testsuite errors="0" failures="0" hostname="fv-az14" name="ds.dataFrameSubset::arg::test errors" skipped="0" tests="1" time="0.01" timestamp="2020-10-27T20:22:45Z">
    <testcase classname="ds.dataFrameSubset_arg_test_errors" name="dataFrameSubset_erros" time="0.0100000000000193"/>
  </testsuite>
  <testsuite errors="0" failures="0" hostname="fv-az14" name="ds.dataFrameSubset::arg::shutdown" skipped="0" tests="3" time="0.338" timestamp="2020-10-27T20:22:45Z">
    <testcase classname="ds.dataFrameSubset_arg_shutdown" name="shutdown" time="0.33499999999998"/>
    <testcase classname="ds.dataFrameSubset_arg_shutdown" name="shutdown" time="0.00200000000000955"/>
    <testcase classname="ds.dataFrameSubset_arg_shutdown" name="shutdown" time="0.00100000000000477"/>
  </testsuite>
  <testsuite errors="0" failures="0" hostname="fv-az14" name="ds.dataFrameSubset::arg::done" skipped="0" tests="0" time="0" timestamp="2020-10-27T20:22:46Z"/>
  <testsuite errors="0" failures="0" hostname="fv-az14" name="ds.dim::arg::test errors" skipped="0" tests="3" time="6.429" timestamp="2020-10-27T20:22:51Z">
    <testcase classname="ds.dim_arg_test_errors" name="dim_erros" time="5.083"/>
    <testcase classname="ds.dim_arg_test_errors" name="dim_erros" time="1.054"/>
    <testcase classname="ds.dim_arg_test_errors" name="dim_erros" time="0.292000000000002"/>
  </testsuite>
  <testsuite errors="0" failures="0" hostname="fv-az14" name="ds.exists::arg::test errors" skipped="0" tests="1" time="5.048" timestamp="2020-10-27T20:22:57Z">
    <testcase classname="ds.exists_arg_test_errors" name="simple_exists_errors" time="5.048"/>
  </testsuite>
  <testsuite errors="0" failures="0" hostname="fv-az14" name="ds.exp::arg::test errors" skipped="0" tests="1" time="4.982" timestamp="2020-10-27T20:23:02Z">
    <testcase classname="ds.exp_arg_test_errors" name="exp_erros" time="4.982"/>
  </testsuite>
  <testsuite errors="0" failures="0" hostname="fv-az14" name="ds.foobar::arg::setup" skipped="0" tests="3" time="5.372" timestamp="2020-10-27T20:23:03Z">
    <testcase classname="ds.foobar_arg_setup" name="setup" time="5.369"/>
    <testcase classname="ds.foobar_arg_setup" name="setup" time="0.00100000000000477"/>
    <testcase classname="ds.foobar_arg_setup" name="setup" time="0.00199999999998113"/>
  </testsuite>
  <testsuite errors="0" failures="0" hostname="fv-az14" name="ds.foobar::arg::aggregate" skipped="0" tests="2" time="0.014" timestamp="2020-10-27T20:23:08Z">
    <testcase classname="ds.foobar_arg_aggregate" name="NULL_connections" time="0.0120000000000005"/>
    <testcase classname="ds.foobar_arg_aggregate" name="NULL_connections" time="0.00200000000000955"/>
  </testsuite>
  <testsuite errors="0" failures="0" hostname="fv-az14" name="ds.foobar::arg::aggregate" skipped="0" tests="8" time="0.02" timestamp="2020-10-27T20:23:08Z">
    <testcase classname="ds.foobar_arg_aggregate" name="NULL_expr" time="0.00999999999999091"/>
    <testcase classname="ds.foobar_arg_aggregate" name="NULL_expr" time="0.00200000000000955"/>
    <testcase classname="ds.foobar_arg_aggregate" name="NULL_expr" time="0.00100000000000477"/>
    <testcase classname="ds.foobar_arg_aggregate" name="NULL_expr" time="0.00100000000000477"/>
    <testcase classname="ds.foobar_arg_aggregate" name="NULL_expr" time="0.000999999999976353"/>
    <testcase classname="ds.foobar_arg_aggregate" name="NULL_expr" time="0.00200000000000955"/>
    <testcase classname="ds.foobar_arg_aggregate" name="NULL_expr" time="0.00100000000000477"/>
    <testcase classname="ds.foobar_arg_aggregate" name="NULL_expr" time="0.00200000000000955"/>
  </testsuite>
  <testsuite errors="0" failures="0" hostname="fv-az14" name="ds.foobar::arg::aggregate" skipped="0" tests="8" time="0.243" timestamp="2020-10-27T20:23:08Z">
    <testcase classname="ds.foobar_arg_aggregate" name="non_existent_aggregate_foobarDS" time="0.232999999999976"/>
    <testcase classname="ds.foobar_arg_aggregate" name="non_existent_aggregate_foobarDS" time="0.00100000000000477"/>
    <testcase classname="ds.foobar_arg_aggregate" name="non_existent_aggregate_foobarDS" time="0.00200000000000955"/>
    <testcase classname="ds.foobar_arg_aggregate" name="non_existent_aggregate_foobarDS" time="0.00100000000000477"/>
    <testcase classname="ds.foobar_arg_aggregate" name="non_existent_aggregate_foobarDS" time="0.00199999999998113"/>
    <testcase classname="ds.foobar_arg_aggregate" name="non_existent_aggregate_foobarDS" time="0.00100000000000477"/>
    <testcase classname="ds.foobar_arg_aggregate" name="non_existent_aggregate_foobarDS" time="0.00200000000000955"/>
    <testcase classname="ds.foobar_arg_aggregate" name="non_existent_aggregate_foobarDS" time="0.00100000000000477"/>
  </testsuite>
  <testsuite errors="0" failures="0" hostname="fv-az14" name="ds.foobar::arg::assign" skipped="0" tests="2" time="0.012" timestamp="2020-10-27T20:23:08Z">
    <testcase classname="ds.foobar_arg_assign" name="NULL_connections" time="0.0109999999999957"/>
    <testcase classname="ds.foobar_arg_assign" name="NULL_connections" time="0.000999999999976353"/>
  </testsuite>
  <testsuite errors="0" failures="0" hostname="fv-az14" name="ds.foobar::arg::assign" skipped="0" tests="2" time="0.012" timestamp="2020-10-27T20:23:08Z">
    <testcase classname="ds.foobar_arg_assign" name="NULL_value" time="0.0110000000000241"/>
    <testcase classname="ds.foobar_arg_assign" name="NULL_value" time="0.000999999999976353"/>
  </testsuite>
  <testsuite errors="0" failures="0" hostname="fv-az14" name="ds.foobar::arg::assign" skipped="0" tests="8" time="0.243" timestamp="2020-10-27T20:23:08Z">
    <testcase classname="ds.foobar_arg_assign" name="non_existent_assign_foobarDS" time="0.232000000000028"/>
    <testcase classname="ds.foobar_arg_assign" name="non_existent_assign_foobarDS" time="0.00199999999998113"/>
    <testcase classname="ds.foobar_arg_assign" name="non_existent_assign_foobarDS" time="0.00100000000000477"/>
    <testcase classname="ds.foobar_arg_assign" name="non_existent_assign_foobarDS" time="0.00200000000000955"/>
    <testcase classname="ds.foobar_arg_assign" name="non_existent_assign_foobarDS" time="0.000999999999976353"/>
    <testcase classname="ds.foobar_arg_assign" name="non_existent_assign_foobarDS" time="0.00200000000000955"/>
    <testcase classname="ds.foobar_arg_assign" name="non_existent_assign_foobarDS" time="0.00100000000000477"/>
    <testcase classname="ds.foobar_arg_assign" name="non_existent_assign_foobarDS" time="0.00200000000000955"/>
  </testsuite>
  <testsuite errors="0" failures="0" hostname="fv-az14" name="ds.foobar::arg::shutdown" skipped="0" tests="3" time="0.289" timestamp="2020-10-27T20:23:08Z">
    <testcase classname="ds.foobar_arg_shutdown" name="shutdown" time="0.286000000000001"/>
    <testcase classname="ds.foobar_arg_shutdown" name="shutdown" time="0.00199999999998113"/>
    <testcase classname="ds.foobar_arg_shutdown" name="shutdown" time="0.00100000000000477"/>
  </testsuite>
  <testsuite errors="0" failures="0" hostname="fv-az14" name="ds.foobar::arg::done" skipped="0" tests="0" time="0" timestamp="2020-10-27T20:23:09Z"/>
  <testsuite errors="0" failures="0" hostname="fv-az14" name="ds.glmerSLMA::arg::setup" skipped="0" tests="3" time="5.316" timestamp="2020-10-27T20:23:09Z">
    <testcase classname="ds.glmerSLMA_arg_setup" name="setup" time="5.31300000000002"/>
    <testcase classname="ds.glmerSLMA_arg_setup" name="setup" time="0.00199999999998113"/>
    <testcase classname="ds.glmerSLMA_arg_setup" name="setup" time="0.00100000000000477"/>
  </testsuite>
  <testsuite errors="0" failures="0" hostname="fv-az14" name="ds.glmerSLMA::arg::testing" skipped="0" tests="18" time="4.785" timestamp="2020-10-27T20:23:14Z">
    <testcase classname="ds.glmerSLMA_arg_testing" name="simple_glmerSLMA_tesing_mis_use_of_arguments" time="0.0120000000000005"/>
    <testcase classname="ds.glmerSLMA_arg_testing" name="simple_glmerSLMA_tesing_mis_use_of_arguments" time="3.245"/>
    <testcase classname="ds.glmerSLMA_arg_testing" name="simple_glmerSLMA_tesing_mis_use_of_arguments" time="0.00100000000000477"/>
    <testcase classname="ds.glmerSLMA_arg_testing" name="simple_glmerSLMA_tesing_mis_use_of_arguments" time="0.00199999999998113"/>
    <testcase classname="ds.glmerSLMA_arg_testing" name="simple_glmerSLMA_tesing_mis_use_of_arguments" time="0.00100000000000477"/>
    <testcase classname="ds.glmerSLMA_arg_testing" name="simple_glmerSLMA_tesing_mis_use_of_arguments" time="0.00100000000000477"/>
    <testcase classname="ds.glmerSLMA_arg_testing" name="simple_glmerSLMA_tesing_mis_use_of_arguments" time="0.546999999999997"/>
    <testcase classname="ds.glmerSLMA_arg_testing" name="simple_glmerSLMA_tesing_mis_use_of_arguments" time="0.00200000000000955"/>
    <testcase classname="ds.glmerSLMA_arg_testing" name="simple_glmerSLMA_tesing_mis_use_of_arguments" time="0.00100000000000477"/>
    <testcase classname="ds.glmerSLMA_arg_testing" name="simple_glmerSLMA_tesing_mis_use_of_arguments" time="0.000999999999976353"/>
    <testcase classname="ds.glmerSLMA_arg_testing" name="simple_glmerSLMA_tesing_mis_use_of_arguments" time="0.00200000000000955"/>
    <testcase classname="ds.glmerSLMA_arg_testing" name="simple_glmerSLMA_tesing_mis_use_of_arguments" time="0.278999999999996"/>
    <testcase classname="ds.glmerSLMA_arg_testing" name="simple_glmerSLMA_tesing_mis_use_of_arguments" time="0.676999999999992"/>
    <testcase classname="ds.glmerSLMA_arg_testing" name="simple_glmerSLMA_tesing_mis_use_of_arguments" time="0.00200000000000955"/>
    <testcase classname="ds.glmerSLMA_arg_testing" name="simple_glmerSLMA_tesing_mis_use_of_arguments" time="0.00200000000000955"/>
    <testcase classname="ds.glmerSLMA_arg_testing" name="simple_glmerSLMA_tesing_mis_use_of_arguments" time="0.00100000000000477"/>
    <testcase classname="ds.glmerSLMA_arg_testing" name="simple_glmerSLMA_tesing_mis_use_of_arguments" time="0.00199999999998113"/>
    <testcase classname="ds.glmerSLMA_arg_testing" name="simple_glmerSLMA_tesing_mis_use_of_arguments" time="0.007000000000005"/>
  </testsuite>
  <testsuite errors="0" failures="0" hostname="fv-az14" name="ds.glmerSLMA::arg::shutdown" skipped="0" tests="3" time="0.287" timestamp="2020-10-27T20:23:18Z">
    <testcase classname="ds.glmerSLMA_arg_shutdown" name="setup" time="0.283999999999992"/>
    <testcase classname="ds.glmerSLMA_arg_shutdown" name="setup" time="0.00200000000000955"/>
    <testcase classname="ds.glmerSLMA_arg_shutdown" name="setup" time="0.00100000000000477"/>
  </testsuite>
  <testsuite errors="0" failures="0" hostname="fv-az14" name="ds.glmerSLMA::arg::done" skipped="0" tests="0" time="0" timestamp="2020-10-27T20:23:19Z"/>
  <testsuite errors="0" failures="0" hostname="fv-az14" name="ds.glmPredict::arg::test _glmname_ arg is correct object" skipped="0" tests="5" time="5.411" timestamp="2020-10-27T20:23:24Z">
    <testcase classname="ds.glmPredict_arg_test__glmname__arg_is_correct_object" name="glmPredict_errors" time="5.06399999999999"/>
    <testcase classname="ds.glmPredict_arg_test__glmname__arg_is_correct_object" name="glmPredict_errors" time="0.342000000000013"/>
    <testcase classname="ds.glmPredict_arg_test__glmname__arg_is_correct_object" name="glmPredict_errors" time="0.00199999999998113"/>
    <testcase classname="ds.glmPredict_arg_test__glmname__arg_is_correct_object" name="glmPredict_errors" time="0.00200000000000955"/>
    <testcase classname="ds.glmPredict_arg_test__glmname__arg_is_correct_object" name="glmPredict_errors" time="0.00100000000000477"/>
  </testsuite>
  <testsuite errors="0" failures="0" hostname="fv-az14" name="ds.glmPredict::arg::setting up glm obj for further testing" skipped="0" tests="4" time="1.906" timestamp="2020-10-27T20:23:24Z">
    <testcase classname="ds.glmPredict_arg_setting_up_glm_obj_for_further_testing" name="glmPredict_errors" time="1.90100000000001"/>
    <testcase classname="ds.glmPredict_arg_setting_up_glm_obj_for_further_testing" name="glmPredict_errors" time="0.0029999999999859"/>
    <testcase classname="ds.glmPredict_arg_setting_up_glm_obj_for_further_testing" name="glmPredict_errors" time="0.00100000000000477"/>
    <testcase classname="ds.glmPredict_arg_setting_up_glm_obj_for_further_testing" name="glmPredict_errors" time="0.00100000000000477"/>
  </testsuite>
  <testsuite errors="0" failures="0" hostname="fv-az14" name="ds.glmPredict::arg::test _newdataname_ arg is correct object" skipped="0" tests="4" time="0.278" timestamp="2020-10-27T20:23:26Z">
    <testcase classname="ds.glmPredict_arg_test__newdataname__arg_is_correct_object" name="glmPredict_errors" time="0.272999999999996"/>
    <testcase classname="ds.glmPredict_arg_test__newdataname__arg_is_correct_object" name="glmPredict_errors" time="0.00199999999998113"/>
    <testcase classname="ds.glmPredict_arg_test__newdataname__arg_is_correct_object" name="glmPredict_errors" time="0.00100000000000477"/>
    <testcase classname="ds.glmPredict_arg_test__newdataname__arg_is_correct_object" name="glmPredict_errors" time="0.00200000000000955"/>
  </testsuite>
  <testsuite errors="0" failures="0" hostname="fv-az14" name="ds.glmPredict::arg::test _output.type_ arg is correct object" skipped="0" tests="2" time="0.011" timestamp="2020-10-27T20:23:26Z">
    <testcase classname="ds.glmPredict_arg_test__output.type__arg_is_correct_object" name="glmPredict_errors" time="0.00899999999998613"/>
    <testcase classname="ds.glmPredict_arg_test__output.type__arg_is_correct_object" name="glmPredict_errors" time="0.00200000000000955"/>
  </testsuite>
  <testsuite errors="0" failures="0" hostname="fv-az14" name="ds.glmPredict::arg::test _se.fit_ arg is correct object" skipped="0" tests="4" time="0.279" timestamp="2020-10-27T20:23:26Z">
    <testcase classname="ds.glmPredict_arg_test__se.fit__arg_is_correct_object" name="glmPredict_errors" time="0.274000000000001"/>
    <testcase classname="ds.glmPredict_arg_test__se.fit__arg_is_correct_object" name="glmPredict_errors" time="0.00200000000000955"/>
    <testcase classname="ds.glmPredict_arg_test__se.fit__arg_is_correct_object" name="glmPredict_errors" time="0.00100000000000477"/>
    <testcase classname="ds.glmPredict_arg_test__se.fit__arg_is_correct_object" name="glmPredict_errors" time="0.00199999999998113"/>
  </testsuite>
  <testsuite errors="0" failures="0" hostname="fv-az14" name="ds.glmPredict::arg::test _dispersion_ arg is correct object" skipped="1" tests="1" time="0.004" timestamp="2020-10-27T20:23:27Z">
    <testcase classname="ds.glmPredict_arg_test__dispersion__arg_is_correct_object" name="glmPredict_errors" time="0.0040000000000191">
      <skipped/>
    </testcase>
  </testsuite>
  <testsuite errors="0" failures="0" hostname="fv-az14" name="ds.glmPredict::arg::test _terms_ arg is correct object" skipped="0" tests="4" time="0.292" timestamp="2020-10-27T20:23:27Z">
    <testcase classname="ds.glmPredict_arg_test__terms__arg_is_correct_object" name="glmPredict_errors" time="0.287999999999982"/>
    <testcase classname="ds.glmPredict_arg_test__terms__arg_is_correct_object" name="glmPredict_errors" time="0.00200000000000955"/>
    <testcase classname="ds.glmPredict_arg_test__terms__arg_is_correct_object" name="glmPredict_errors" time="0.00100000000000477"/>
    <testcase classname="ds.glmPredict_arg_test__terms__arg_is_correct_object" name="glmPredict_errors" time="0.00100000000000477"/>
  </testsuite>
  <testsuite errors="0" failures="0" hostname="fv-az14" name="ds.glmPredict::arg::test _na.action_ arg is correct object" skipped="0" tests="1" time="0.006" timestamp="2020-10-27T20:23:27Z">
    <testcase classname="ds.glmPredict_arg_test__na.action__arg_is_correct_object" name="glmPredict_errors" time="0.00600000000000023"/>
  </testsuite>
  <testsuite errors="0" failures="0" hostname="fv-az14" name="ds.glmPredict::arg::test _newobj_ arg is correct object" skipped="1" tests="1" time="0.004" timestamp="2020-10-27T20:23:27Z">
    <testcase classname="ds.glmPredict_arg_test__newobj__arg_is_correct_object" name="glmPredict_errors" time="0.00399999999999068">
      <skipped/>
    </testcase>
  </testsuite>
  <testsuite errors="0" failures="0" hostname="fv-az14" name="ds.glm::arg::test errors" skipped="0" tests="2" time="5.586" timestamp="2020-10-27T20:23:32Z">
    <testcase classname="ds.glm_arg_test_errors" name="glm_errors" time="5.06899999999999"/>
    <testcase classname="ds.glm_arg_test_errors" name="glm_errors" time="0.516999999999996"/>
  </testsuite>
  <testsuite errors="0" failures="0" hostname="fv-az14" name="ds.glmSLMA::arg::test errors" skipped="0" tests="6" time="5.812" timestamp="2020-10-27T20:23:38Z">
    <testcase classname="ds.glmSLMA_arg_test_errors" name="glmSLMA_errors" time="5.52800000000002"/>
    <testcase classname="ds.glmSLMA_arg_test_errors" name="glmSLMA_errors" time="0.276999999999987"/>
    <testcase classname="ds.glmSLMA_arg_test_errors" name="glmSLMA_errors" time="0.00200000000000955"/>
    <testcase classname="ds.glmSLMA_arg_test_errors" name="glmSLMA_errors" time="0.00100000000000477"/>
    <testcase classname="ds.glmSLMA_arg_test_errors" name="glmSLMA_errors" time="0.00199999999998113"/>
    <testcase classname="ds.glmSLMA_arg_test_errors" name="glmSLMA_errors" time="0.00200000000000955"/>
  </testsuite>
  <testsuite errors="0" failures="0" hostname="fv-az14" name="ds.isNA::smk::errors" skipped="0" tests="1" time="5.134" timestamp="2020-10-27T20:23:43Z">
    <testcase classname="ds.isNA_smk_errors" name="isNA_errors" time="5.13399999999999"/>
  </testsuite>
  <testsuite errors="0" failures="0" hostname="fv-az14" name="ds.isValid::smk::errors" skipped="0" tests="2" time="6.097" timestamp="2020-10-27T20:23:49Z">
    <testcase classname="ds.isValid_smk_errors" name="isValid_errors" time="5.08800000000002"/>
    <testcase classname="ds.isValid_smk_errors" name="isValid_errors" time="1.00899999999999"/>
  </testsuite>
  <testsuite errors="0" failures="0" hostname="fv-az14" name="ds.kurtosis::arg::setup" skipped="0" tests="3" time="5.278" timestamp="2020-10-27T20:23:50Z">
    <testcase classname="ds.kurtosis_arg_setup" name="setup" time="5.27600000000001"/>
    <testcase classname="ds.kurtosis_arg_setup" name="setup" time="0.00100000000000477"/>
    <testcase classname="ds.kurtosis_arg_setup" name="setup" time="0.000999999999976353"/>
  </testsuite>
  <testsuite errors="0" failures="0" hostname="fv-az14" name="ds.kurtosis::arg::test errors" skipped="0" tests="4" time="0.153" timestamp="2020-10-27T20:23:55Z">
    <testcase classname="ds.kurtosis_arg_test_errors" name="kurtosis_erros" time="0.0100000000000193"/>
    <testcase classname="ds.kurtosis_arg_test_errors" name="kurtosis_erros" time="0.128999999999991"/>
    <testcase classname="ds.kurtosis_arg_test_errors" name="kurtosis_erros" time="0.007000000000005"/>
    <testcase classname="ds.kurtosis_arg_test_errors" name="kurtosis_erros" time="0.007000000000005"/>
  </testsuite>
  <testsuite errors="0" failures="0" hostname="fv-az14" name="ds.kurtosis::arg::shutdown" skipped="0" tests="3" time="0.288" timestamp="2020-10-27T20:23:55Z">
    <testcase classname="ds.kurtosis_arg_shutdown" name="shutdown" time="0.286000000000001"/>
    <testcase classname="ds.kurtosis_arg_shutdown" name="shutdown" time="0.00100000000000477"/>
    <testcase classname="ds.kurtosis_arg_shutdown" name="shutdown" time="0.000999999999976353"/>
  </testsuite>
  <testsuite errors="0" failures="0" hostname="fv-az14" name="ds.kurtosis::arg::done" skipped="0" tests="0" time="0" timestamp="2020-10-27T20:23:56Z"/>
  <testsuite errors="0" failures="0" hostname="fv-az14" name="ds.length::arg::test errors" skipped="0" tests="5" time="7.957" timestamp="2020-10-27T20:24:00Z">
    <testcase classname="ds.length_arg_test_errors" name="length_erros" time="5.91900000000001"/>
    <testcase classname="ds.length_arg_test_errors" name="length_erros" time="0.085000000000008"/>
    <testcase classname="ds.length_arg_test_errors" name="length_erros" time="0.0149999999999864"/>
    <testcase classname="ds.length_arg_test_errors" name="length_erros" time="0.963999999999999"/>
    <testcase classname="ds.length_arg_test_errors" name="length_erros" time="0.974000000000018"/>
  </testsuite>
  <testsuite errors="0" failures="0" hostname="fv-az14" name="ds.levels::arg" skipped="0" tests="2" time="5.409" timestamp="2020-10-27T20:24:08Z">
    <testcase classname="ds.levels_arg" name="simple_levels" time="5.095"/>
    <testcase classname="ds.levels_arg" name="simple_levels" time="0.313999999999993"/>
  </testsuite>
  <testsuite errors="0" failures="0" hostname="fv-az14" name="ds.lexis::arg::test errors" skipped="0" tests="1" time="4.968" timestamp="2020-10-27T20:24:14Z">
    <testcase classname="ds.lexis_arg_test_errors" name="lexis_erros" time="4.96799999999999"/>
  </testsuite>
  <testsuite errors="0" failures="0" hostname="fv-az14" name="ds.list::arg::test errors" skipped="0" tests="1" time="5.055" timestamp="2020-10-27T20:24:19Z">
    <testcase classname="ds.list_arg_test_errors" name="simple_ds.list_errors" time="5.05500000000001"/>
  </testsuite>
  <testsuite errors="0" failures="0" hostname="fv-az14" name="ds.lmerSLMA::arg::setup" skipped="0" tests="3" time="5.289" timestamp="2020-10-27T20:24:19Z">
    <testcase classname="ds.lmerSLMA_arg_setup" name="setup" time="5.286"/>
    <testcase classname="ds.lmerSLMA_arg_setup" name="setup" time="0.00200000000000955"/>
    <testcase classname="ds.lmerSLMA_arg_setup" name="setup" time="0.00100000000000477"/>
  </testsuite>
  <testsuite errors="0" failures="0" hostname="fv-az14" name="ds.lmerSLMA::arg" skipped="0" tests="17" time="4.727" timestamp="2020-10-27T20:24:24Z">
    <testcase classname="ds.lmerSLMA_arg" name="simple_lmerSLMA_tesing_mis_use_of_arguments" time="2.77099999999999"/>
    <testcase classname="ds.lmerSLMA_arg" name="simple_lmerSLMA_tesing_mis_use_of_arguments" time="0.00200000000000955"/>
    <testcase classname="ds.lmerSLMA_arg" name="simple_lmerSLMA_tesing_mis_use_of_arguments" time="0.000999999999976353"/>
    <testcase classname="ds.lmerSLMA_arg" name="simple_lmerSLMA_tesing_mis_use_of_arguments" time="0.00200000000000955"/>
    <testcase classname="ds.lmerSLMA_arg" name="simple_lmerSLMA_tesing_mis_use_of_arguments" time="0.00100000000000477"/>
    <testcase classname="ds.lmerSLMA_arg" name="simple_lmerSLMA_tesing_mis_use_of_arguments" time="0.832999999999998"/>
    <testcase classname="ds.lmerSLMA_arg" name="simple_lmerSLMA_tesing_mis_use_of_arguments" time="0.00100000000000477"/>
    <testcase classname="ds.lmerSLMA_arg" name="simple_lmerSLMA_tesing_mis_use_of_arguments" time="0.00200000000000955"/>
    <testcase classname="ds.lmerSLMA_arg" name="simple_lmerSLMA_tesing_mis_use_of_arguments" time="0.000999999999976353"/>
    <testcase classname="ds.lmerSLMA_arg" name="simple_lmerSLMA_tesing_mis_use_of_arguments" time="0.00200000000000955"/>
    <testcase classname="ds.lmerSLMA_arg" name="simple_lmerSLMA_tesing_mis_use_of_arguments" time="0.276999999999987"/>
    <testcase classname="ds.lmerSLMA_arg" name="simple_lmerSLMA_tesing_mis_use_of_arguments" time="0.822000000000003"/>
    <testcase classname="ds.lmerSLMA_arg" name="simple_lmerSLMA_tesing_mis_use_of_arguments" time="0.00200000000000955"/>
    <testcase classname="ds.lmerSLMA_arg" name="simple_lmerSLMA_tesing_mis_use_of_arguments" time="0.00100000000000477"/>
    <testcase classname="ds.lmerSLMA_arg" name="simple_lmerSLMA_tesing_mis_use_of_arguments" time="0.00200000000000955"/>
    <testcase classname="ds.lmerSLMA_arg" name="simple_lmerSLMA_tesing_mis_use_of_arguments" time="0.000999999999976353"/>
    <testcase classname="ds.lmerSLMA_arg" name="simple_lmerSLMA_tesing_mis_use_of_arguments" time="0.00600000000000023"/>
  </testsuite>
  <testsuite errors="0" failures="0" hostname="fv-az14" name="ds.lmerSLMA::arg::shutdown" skipped="0" tests="3" time="0.299" timestamp="2020-10-27T20:24:29Z">
    <testcase classname="ds.lmerSLMA_arg_shutdown" name="shutdown" time="0.296999999999997"/>
    <testcase classname="ds.lmerSLMA_arg_shutdown" name="shutdown" time="0.00100000000000477"/>
    <testcase classname="ds.lmerSLMA_arg_shutdown" name="shutdown" time="0.00100000000000477"/>
  </testsuite>
  <testsuite errors="0" failures="0" hostname="fv-az14" name="ds.lmerSLMA::arg::done" skipped="0" tests="0" time="0" timestamp="2020-10-27T20:24:30Z"/>
  <testsuite errors="0" failures="0" hostname="fv-az14" name="ds.log::arg::test errors" skipped="0" tests="1" time="5.009" timestamp="2020-10-27T20:24:34Z">
    <testcase classname="ds.log_arg_test_errors" name="log_erros" time="5.00900000000001"/>
  </testsuite>
  <testsuite errors="0" failures="0" hostname="fv-az14" name="ds.look::arg::test errors" skipped="0" tests="2" time="5.019" timestamp="2020-10-27T20:24:39Z">
    <testcase classname="ds.look_arg_test_errors" name="look_erros" time="5.01299999999998"/>
    <testcase classname="ds.look_arg_test_errors" name="look_erros" time="0.00600000000000023"/>
  </testsuite>
  <testsuite errors="0" failures="0" hostname="fv-az14" name="ds.ls::arg::setup" skipped="0" tests="3" time="5.301" timestamp="2020-10-27T20:24:40Z">
    <testcase classname="ds.ls_arg_setup" name="setup" time="5.29900000000004"/>
    <testcase classname="ds.ls_arg_setup" name="setup" time="0.000999999999976353"/>
    <testcase classname="ds.ls_arg_setup" name="setup" time="0.0010000000000332"/>
  </testsuite>
  <testsuite errors="0" failures="0" hostname="fv-az14" name="ds.ls::arg" skipped="0" tests="6" time="0.013" timestamp="2020-10-27T20:24:44Z">
    <testcase classname="ds.ls_arg" name="containing_escape_sequence" time="0.00499999999999545"/>
    <testcase classname="ds.ls_arg" name="containing_escape_sequence" time="0.000999999999976353"/>
    <testcase classname="ds.ls_arg" name="containing_escape_sequence" time="0.00200000000000955"/>
    <testcase classname="ds.ls_arg" name="containing_escape_sequence" time="0.0010000000000332"/>
    <testcase classname="ds.ls_arg" name="containing_escape_sequence" time="0.0029999999999859"/>
    <testcase classname="ds.ls_arg" name="containing_escape_sequence" time="0.000999999999976353"/>
  </testsuite>
  <testsuite errors="0" failures="0" hostname="fv-az14" name="ds.ls::arg::shutdown" skipped="0" tests="3" time="0.282" timestamp="2020-10-27T20:24:44Z">
    <testcase classname="ds.ls_arg_shutdown" name="shutdown" time="0.27800000000002"/>
    <testcase classname="ds.ls_arg_shutdown" name="shutdown" time="0.00200000000000955"/>
    <testcase classname="ds.ls_arg_shutdown" name="shutdown" time="0.00200000000000955"/>
  </testsuite>
  <testsuite errors="0" failures="0" hostname="fv-az14" name="ds.ls::arg::done" skipped="0" tests="0" time="0" timestamp="2020-10-27T20:24:45Z"/>
  <testsuite errors="0" failures="0" hostname="fv-az14" name="ds.make::arg::test errors" skipped="0" tests="1" time="4.991" timestamp="2020-10-27T20:24:50Z">
    <testcase classname="ds.make_arg_test_errors" name="make_erros" time="4.99099999999999"/>
  </testsuite>
  <testsuite errors="0" failures="0" hostname="fv-az14" name="ds.matrixDet::arg::test errors" skipped="0" tests="1" time="5.034" timestamp="2020-10-27T20:24:55Z">
    <testcase classname="ds.matrixDet_arg_test_errors" name="matrixDet_erros" time="5.03399999999999"/>
  </testsuite>
  <testsuite errors="0" failures="0" hostname="fv-az14" name="ds.matrixDet.report::arg::test errors" skipped="0" tests="1" time="4.995" timestamp="2020-10-27T20:25:00Z">
    <testcase classname="ds.matrixDet.report_arg_test_errors" name="ds.matixDet.report_erros" time="4.995"/>
  </testsuite>
  <testsuite errors="0" failures="0" hostname="fv-az14" name="ds.matrixDiag::arg::test errors" skipped="0" tests="2" time="5.053" timestamp="2020-10-27T20:25:05Z">
    <testcase classname="ds.matrixDiag_arg_test_errors" name="matrixDiag_erros" time="5.05200000000002"/>
    <testcase classname="ds.matrixDiag_arg_test_errors" name="matrixDiag_erros" time="0.000999999999976353"/>
  </testsuite>
  <testsuite errors="0" failures="0" hostname="fv-az14" name="ds.matrixDimnames::arg::test errors" skipped="0" tests="1" time="5.098" timestamp="2020-10-27T20:25:10Z">
    <testcase classname="ds.matrixDimnames_arg_test_errors" name="matrixDimnames_erros" time="5.09800000000001"/>
  </testsuite>
  <testsuite errors="0" failures="0" hostname="fv-az14" name="ds.matrixInvert::arg::test errors" skipped="0" tests="1" time="5.047" timestamp="2020-10-27T20:25:15Z">
    <testcase classname="ds.matrixInvert_arg_test_errors" name="matrixInvert_erros" time="5.04699999999997"/>
  </testsuite>
  <testsuite errors="0" failures="0" hostname="fv-az14" name="ds.matrixMult::arg::test errors" skipped="0" tests="1" time="5.036" timestamp="2020-10-27T20:25:20Z">
    <testcase classname="ds.matrixMult_arg_test_errors" name="matrixMult_erros" time="5.036"/>
  </testsuite>
  <testsuite errors="0" failures="0" hostname="fv-az14" name="ds.matrix::arg::test errors" skipped="0" tests="1" time="5.047" timestamp="2020-10-27T20:25:25Z">
    <testcase classname="ds.matrix_arg_test_errors" name="matrix_erros" time="5.04700000000003"/>
  </testsuite>
  <testsuite errors="0" failures="0" hostname="fv-az14" name="ds.matrixTranspose::arg::test errors" skipped="0" tests="1" time="5.001" timestamp="2020-10-27T20:25:30Z">
    <testcase classname="ds.matrixTranspose_arg_test_errors" name="matrixTranspose_erros" time="5.00099999999998"/>
  </testsuite>
  <testsuite errors="0" failures="0" hostname="fv-az14" name="ds.meanByClass::arg::test errors" skipped="0" tests="8" time="11.062" timestamp="2020-10-27T20:25:35Z">
    <testcase classname="ds.meanByClass_arg_test_errors" name="meanByClass_erros" time="7.875"/>
    <testcase classname="ds.meanByClass_arg_test_errors" name="meanByClass_erros" time="0.007000000000005"/>
    <testcase classname="ds.meanByClass_arg_test_errors" name="meanByClass_erros" time="0.00200000000000955"/>
    <testcase classname="ds.meanByClass_arg_test_errors" name="meanByClass_erros" time="1.238"/>
    <testcase classname="ds.meanByClass_arg_test_errors" name="meanByClass_erros" time="0.00200000000000955"/>
    <testcase classname="ds.meanByClass_arg_test_errors" name="meanByClass_erros" time="1.92899999999997"/>
    <testcase classname="ds.meanByClass_arg_test_errors" name="meanByClass_erros" time="0.00200000000000955"/>
    <testcase classname="ds.meanByClass_arg_test_errors" name="meanByClass_erros" time="0.007000000000005"/>
  </testsuite>
  <testsuite errors="0" failures="0" hostname="fv-az14" name="ds.mean::arg::test errors" skipped="0" tests="3" time="7.032" timestamp="2020-10-27T20:25:46Z">
    <testcase classname="ds.mean_arg_test_errors" name="mean_erros" time="5.90300000000002"/>
    <testcase classname="ds.mean_arg_test_errors" name="mean_erros" time="0.129999999999995"/>
    <testcase classname="ds.mean_arg_test_errors" name="mean_erros" time="0.998999999999967"/>
  </testsuite>
  <testsuite errors="0" failures="0" hostname="fv-az14" name="ds.meanSdGp::arg::test errors" skipped="0" tests="1" time="4.99" timestamp="2020-10-27T20:25:53Z">
    <testcase classname="ds.meanSdGp_arg_test_errors" name="meanSdGp_erros" time="4.99000000000001"/>
  </testsuite>
  <testsuite errors="0" failures="0" hostname="fv-az14" name="ds.merge::arg::test errors" skipped="0" tests="5" time="5.062" timestamp="2020-10-27T20:25:58Z">
    <testcase classname="ds.merge_arg_test_errors" name="merge_erros" time="4.96699999999998"/>
    <testcase classname="ds.merge_arg_test_errors" name="merge_erros" time="0.0720000000000027"/>
    <testcase classname="ds.merge_arg_test_errors" name="merge_erros" time="0.0080000000000382"/>
    <testcase classname="ds.merge_arg_test_errors" name="merge_erros" time="0.007000000000005"/>
    <testcase classname="ds.merge_arg_test_errors" name="merge_erros" time="0.00799999999998136"/>
  </testsuite>
  <testsuite errors="0" failures="0" hostname="fv-az14" name="ds.message::arg" skipped="0" tests="2" time="5.076" timestamp="2020-10-27T20:26:03Z">
    <testcase classname="ds.message_arg" name="request_message_for_NULL" time="5.06999999999999"/>
    <testcase classname="ds.message_arg" name="request_message_for_NULL" time="0.00600000000002865"/>
  </testsuite>
  <testsuite errors="0" failures="0" hostname="fv-az14" name="ds.names::arg::test errors" skipped="0" tests="7" time="5.308" timestamp="2020-10-27T20:26:08Z">
    <testcase classname="ds.names_arg_test_errors" name="simple_ds.names_errors" time="5.01900000000001"/>
    <testcase classname="ds.names_arg_test_errors" name="simple_ds.names_errors" time="0.281999999999982"/>
    <testcase classname="ds.names_arg_test_errors" name="simple_ds.names_errors" time="0.000999999999976353"/>
    <testcase classname="ds.names_arg_test_errors" name="simple_ds.names_errors" time="0.00200000000000955"/>
    <testcase classname="ds.names_arg_test_errors" name="simple_ds.names_errors" time="0.000999999999976353"/>
    <testcase classname="ds.names_arg_test_errors" name="simple_ds.names_errors" time="0.00200000000000955"/>
    <testcase classname="ds.names_arg_test_errors" name="simple_ds.names_errors" time="0.0010000000000332"/>
  </testsuite>
  <testsuite errors="0" failures="0" hostname="fv-az14" name="ds.numNA::arg::test errors" skipped="0" tests="1" time="4.999" timestamp="2020-10-27T20:26:13Z">
    <testcase classname="ds.numNA_arg_test_errors" name="simple_ds.numNA_errors" time="4.99899999999997"/>
  </testsuite>
  <testsuite errors="0" failures="0" hostname="fv-az14" name="ds.quantileMean::arg::test errors" skipped="0" tests="3" time="8.689" timestamp="2020-10-27T20:26:18Z">
    <testcase classname="ds.quantileMean_arg_test_errors" name="quantileMean_erros" time="5.81999999999999"/>
    <testcase classname="ds.quantileMean_arg_test_errors" name="quantileMean_erros" time="1.887"/>
    <testcase classname="ds.quantileMean_arg_test_errors" name="quantileMean_erros" time="0.982000000000028"/>
  </testsuite>
  <testsuite errors="0" failures="0" hostname="fv-az14" name="ds.rbind::arg::test errors" skipped="0" tests="1" time="5.021" timestamp="2020-10-27T20:26:27Z">
    <testcase classname="ds.rbind_arg_test_errors" name="rbind_erros" time="5.02100000000002"/>
  </testsuite>
  <testsuite errors="0" failures="0" hostname="fv-az14" name="ds.rBinom::arg::test errors" skipped="0" tests="2" time="5.01" timestamp="2020-10-27T20:26:32Z">
    <testcase classname="ds.rBinom_arg_test_errors" name="rBinom_erros" time="5.00899999999996"/>
    <testcase classname="ds.rBinom_arg_test_errors" name="rBinom_erros" time="0.0010000000000332"/>
  </testsuite>
  <testsuite errors="0" failures="0" hostname="fv-az14" name="ds.recodeLevels::arg::test errors" skipped="0" tests="8" time="7.36" timestamp="2020-10-27T20:26:37Z">
    <testcase classname="ds.recodeLevels_arg_test_errors" name="recodeLevels_erros" time="5.06399999999996"/>
    <testcase classname="ds.recodeLevels_arg_test_errors" name="recodeLevels_erros" time="0.007000000000005"/>
    <testcase classname="ds.recodeLevels_arg_test_errors" name="recodeLevels_erros" time="0.0510000000000446"/>
    <testcase classname="ds.recodeLevels_arg_test_errors" name="recodeLevels_erros" time="0.00799999999998136"/>
    <testcase classname="ds.recodeLevels_arg_test_errors" name="recodeLevels_erros" time="0.0029999999999859"/>
    <testcase classname="ds.recodeLevels_arg_test_errors" name="recodeLevels_erros" time="0.975999999999999"/>
    <testcase classname="ds.recodeLevels_arg_test_errors" name="recodeLevels_erros" time="0.0029999999999859"/>
    <testcase classname="ds.recodeLevels_arg_test_errors" name="recodeLevels_erros" time="1.24800000000005"/>
  </testsuite>
  <testsuite errors="0" failures="0" hostname="fv-az14" name="ds.recodeValues::arg::test errors" skipped="0" tests="6" time="5.164" timestamp="2020-10-27T20:26:45Z">
    <testcase classname="ds.recodeValues_arg_test_errors" name="recodeValues_erros" time="5.02499999999998"/>
    <testcase classname="ds.recodeValues_arg_test_errors" name="recodeValues_erros" time="0.110000000000014"/>
    <testcase classname="ds.recodeValues_arg_test_errors" name="recodeValues_erros" time="0.007000000000005"/>
    <testcase classname="ds.recodeValues_arg_test_errors" name="recodeValues_erros" time="0.007000000000005"/>
    <testcase classname="ds.recodeValues_arg_test_errors" name="recodeValues_erros" time="0.00699999999994816"/>
    <testcase classname="ds.recodeValues_arg_test_errors" name="recodeValues_erros" time="0.0080000000000382"/>
  </testsuite>
  <testsuite errors="0" failures="0" hostname="fv-az14" name="ds.replaceNA::arg::test errors" skipped="0" tests="2" time="5.142" timestamp="2020-10-27T20:26:50Z">
    <testcase classname="ds.replaceNA_arg_test_errors" name="simple_ds.replaceNA_errors" time="5.084"/>
    <testcase classname="ds.replaceNA_arg_test_errors" name="simple_ds.replaceNA_errors" time="0.0579999999999927"/>
  </testsuite>
  <testsuite errors="0" failures="0" hostname="fv-az14" name="ds.rep::arg::setup" skipped="0" tests="0" time="0" timestamp="2020-10-27T20:26:50Z"/>
  <testsuite errors="0" failures="0" hostname="fv-az14" name="ds.rep::arg::test errors" skipped="0" tests="1" time="5.055" timestamp="2020-10-27T20:26:55Z">
    <testcase classname="ds.rep_arg_test_errors" name="ds.rep_erros" time="5.05500000000001"/>
  </testsuite>
  <testsuite errors="0" failures="0" hostname="fv-az14" name="ds.rep::arg::shutdown" skipped="0" tests="0" time="0" timestamp="2020-10-27T20:26:55Z"/>
  <testsuite errors="0" failures="0" hostname="fv-az14" name="ds.rep::arg::done" skipped="0" tests="0" time="0" timestamp="2020-10-27T20:26:56Z"/>
  <testsuite errors="0" failures="0" hostname="fv-az14" name="ds.reShape::arg::test errors" skipped="0" tests="4" time="5.207" timestamp="2020-10-27T20:27:00Z">
    <testcase classname="ds.reShape_arg_test_errors" name="reShape_erros" time="5.11000000000001"/>
    <testcase classname="ds.reShape_arg_test_errors" name="reShape_erros" time="0.0809999999999604"/>
    <testcase classname="ds.reShape_arg_test_errors" name="reShape_erros" time="0.0080000000000382"/>
    <testcase classname="ds.reShape_arg_test_errors" name="reShape_erros" time="0.00799999999998136"/>
  </testsuite>
  <testsuite errors="0" failures="0" hostname="fv-az14" name="ds.rm::arg::test errors" skipped="0" tests="1" time="5.135" timestamp="2020-10-27T20:27:05Z">
    <testcase classname="ds.rm_arg_test_errors" name="ds.rm_erros" time="5.13499999999999"/>
  </testsuite>
  <testsuite errors="0" failures="0" hostname="fv-az14" name="ds.rNorm::arg::test errors" skipped="0" tests="2" time="5.073" timestamp="2020-10-27T20:27:10Z">
    <testcase classname="ds.rNorm_arg_test_errors" name="rNorm_erros" time="5.072"/>
    <testcase classname="ds.rNorm_arg_test_errors" name="rNorm_erros" time="0.000999999999976353"/>
  </testsuite>
  <testsuite errors="0" failures="0" hostname="fv-az14" name="ds.rowColCalc::arg::test errors" skipped="0" tests="3" time="12.868" timestamp="2020-10-27T20:27:15Z">
    <testcase classname="ds.rowColCalc_arg_test_errors" name="rowColCalc_errors" time="5.08100000000002"/>
    <testcase classname="ds.rowColCalc_arg_test_errors" name="rowColCalc_errors" time="3.92500000000001"/>
    <testcase classname="ds.rowColCalc_arg_test_errors" name="rowColCalc_errors" time="3.86200000000002"/>
  </testsuite>
  <testsuite errors="0" failures="0" hostname="fv-az14" name="ds.rPois::arg::test errors" skipped="0" tests="2" time="4.998" timestamp="2020-10-27T20:27:28Z">
    <testcase classname="ds.rPois_arg_test_errors" name="rPois_erros" time="4.99699999999996"/>
    <testcase classname="ds.rPois_arg_test_errors" name="rPois_erros" time="0.0010000000000332"/>
  </testsuite>
  <testsuite errors="0" failures="0" hostname="fv-az14" name="ds.rUnif::arg::test errors" skipped="0" tests="2" time="5.004" timestamp="2020-10-27T20:27:33Z">
    <testcase classname="ds.rUnif_arg_test_errors" name="rUnif_erros" time="5.00299999999999"/>
    <testcase classname="ds.rUnif_arg_test_errors" name="rUnif_erros" time="0.000999999999976353"/>
  </testsuite>
  <testsuite errors="0" failures="0" hostname="fv-az14" name="ds.sample::arg::setup" skipped="0" tests="0" time="0" timestamp="2020-10-27T20:27:34Z"/>
  <testsuite errors="0" failures="0" hostname="fv-az14" name="ds.sample::arg::test errors" skipped="0" tests="3" time="5.158" timestamp="2020-10-27T20:27:38Z">
    <testcase classname="ds.sample_arg_test_errors" name="cov_erros" time="5.05799999999999"/>
    <testcase classname="ds.sample_arg_test_errors" name="cov_erros" time="0.0980000000000132"/>
    <testcase classname="ds.sample_arg_test_errors" name="cov_erros" time="0.00200000000000955"/>
  </testsuite>
  <testsuite errors="0" failures="0" hostname="fv-az14" name="ds.sample::arg::shutdown" skipped="0" tests="0" time="0" timestamp="2020-10-27T20:27:38Z"/>
  <testsuite errors="0" failures="0" hostname="fv-az14" name="ds.sample::arg::done" skipped="0" tests="0" time="0" timestamp="2020-10-27T20:27:39Z"/>
  <testsuite errors="0" failures="0" hostname="fv-az14" name="ds.seq::arg::test errors" skipped="0" tests="1" time="5.073" timestamp="2020-10-27T20:27:43Z">
    <testcase classname="ds.seq_arg_test_errors" name="seq_erros" time="5.07299999999998"/>
  </testsuite>
  <testsuite errors="0" failures="0" hostname="fv-az14" name="ds.setSeed::arg::test errors" skipped="0" tests="1" time="5.077" timestamp="2020-10-27T20:27:49Z">
    <testcase classname="ds.setSeed_arg_test_errors" name="setSeed_erros" time="5.077"/>
  </testsuite>
  <testsuite errors="0" failures="0" hostname="fv-az14" name="ds.skewness::arg::setup" skipped="0" tests="3" time="5.268" timestamp="2020-10-27T20:27:49Z">
    <testcase classname="ds.skewness_arg_setup" name="setup" time="5.26500000000004"/>
    <testcase classname="ds.skewness_arg_setup" name="setup" time="0.000999999999976353"/>
    <testcase classname="ds.skewness_arg_setup" name="setup" time="0.00200000000000955"/>
  </testsuite>
  <testsuite errors="0" failures="0" hostname="fv-az14" name="ds.skewness::arg::test errors" skipped="0" tests="4" time="0.16" timestamp="2020-10-27T20:27:54Z">
    <testcase classname="ds.skewness_arg_test_errors" name="skewness_erros" time="0.0110000000000241"/>
    <testcase classname="ds.skewness_arg_test_errors" name="skewness_erros" time="0.134999999999991"/>
    <testcase classname="ds.skewness_arg_test_errors" name="skewness_erros" time="0.007000000000005"/>
    <testcase classname="ds.skewness_arg_test_errors" name="skewness_erros" time="0.007000000000005"/>
  </testsuite>
  <testsuite errors="0" failures="0" hostname="fv-az14" name="ds.skewness::arg::shutdown" skipped="0" tests="3" time="0.291" timestamp="2020-10-27T20:27:54Z">
    <testcase classname="ds.skewness_arg_shutdown" name="shutdown" time="0.288999999999987"/>
    <testcase classname="ds.skewness_arg_shutdown" name="shutdown" time="0.000999999999976353"/>
    <testcase classname="ds.skewness_arg_shutdown" name="shutdown" time="0.000999999999976353"/>
  </testsuite>
  <testsuite errors="0" failures="0" hostname="fv-az14" name="ds.skewness::arg::done" skipped="0" tests="0" time="0" timestamp="2020-10-27T20:27:55Z"/>
  <testsuite errors="0" failures="0" hostname="fv-az14" name="ds.subsetByClass::arg::test errors" skipped="0" tests="4" time="6.075" timestamp="2020-10-27T20:27:59Z">
    <testcase classname="ds.subsetByClass_arg_test_errors" name="subsetByClass_erros" time="5.03899999999999"/>
    <testcase classname="ds.subsetByClass_arg_test_errors" name="subsetByClass_erros" time="0.00499999999999545"/>
    <testcase classname="ds.subsetByClass_arg_test_errors" name="subsetByClass_erros" time="0.0529999999999973"/>
    <testcase classname="ds.subsetByClass_arg_test_errors" name="subsetByClass_erros" time="0.978000000000009"/>
  </testsuite>
  <testsuite errors="0" failures="0" hostname="fv-az14" name="ds.subset::arg::test errors" skipped="0" tests="2" time="5.13" timestamp="2020-10-27T20:28:05Z">
    <testcase classname="ds.subset_arg_test_errors" name="subset_erros" time="5.12399999999997"/>
    <testcase classname="ds.subset_arg_test_errors" name="subset_erros" time="0.00600000000002865"/>
  </testsuite>
  <testsuite errors="0" failures="0" hostname="fv-az14" name="ds.summary::arg::test errors" skipped="0" tests="1" time="5.064" timestamp="2020-10-27T20:28:10Z">
    <testcase classname="ds.summary_arg_test_errors" name="summary_erros" time="5.06399999999996"/>
  </testsuite>
  <testsuite errors="0" failures="0" hostname="fv-az14" name="ds.table1D::arg::test errors" skipped="0" tests="4" time="6.381" timestamp="2020-10-27T20:28:16Z">
    <testcase classname="ds.table1D_arg_test_errors" name="table1D_erros" time="5.01500000000004"/>
    <testcase classname="ds.table1D_arg_test_errors" name="table1D_erros" time="0.00699999999994816"/>
    <testcase classname="ds.table1D_arg_test_errors" name="table1D_erros" time="0.0970000000000368"/>
    <testcase classname="ds.table1D_arg_test_errors" name="table1D_erros" time="1.262"/>
  </testsuite>
  <testsuite errors="0" failures="0" hostname="fv-az14" name="ds.table2D::arg::test errors" skipped="0" tests="2" time="5.113" timestamp="2020-10-27T20:28:22Z">
    <testcase classname="ds.table2D_arg_test_errors" name="table2D_erros" time="5.10699999999997"/>
    <testcase classname="ds.table2D_arg_test_errors" name="table2D_erros" time="0.00600000000002865"/>
  </testsuite>
  <testsuite errors="0" failures="0" hostname="fv-az14" name="ds.table::arg::test rvar has value" skipped="0" tests="1" time="5.045" timestamp="2020-10-27T20:28:27Z">
    <testcase classname="ds.table_arg_test_rvar_has_value" name="table_rvar_has_value" time="5.04500000000002"/>
  </testsuite>
  <testsuite errors="0" failures="0" hostname="fv-az14" name="ds.table::arg::test cvar has value" skipped="0" tests="1" time="1.426" timestamp="2020-10-27T20:28:27Z">
    <testcase classname="ds.table_arg_test_cvar_has_value" name="table_cvar_has_value" time="1.42599999999999"/>
  </testsuite>
  <testsuite errors="0" failures="0" hostname="fv-az14" name="ds.table::arg::test stvar has value" skipped="0" tests="1" time="0.007" timestamp="2020-10-27T20:28:28Z">
    <testcase classname="ds.table_arg_test_stvar_has_value" name="table_stvar_has_value" time="0.007000000000005"/>
  </testsuite>
  <testsuite errors="0" failures="0" hostname="fv-az14" name="ds.table::arg::test stvar has CORRECT value" skipped="0" tests="1" time="0.005" timestamp="2020-10-27T20:28:28Z">
    <testcase classname="ds.table_arg_test_stvar_has_CORRECT_value" name="table_useNA_has_value" time="0.00499999999999545"/>
  </testsuite>
  <testsuite errors="0" failures="0" hostname="fv-az14" name="ds.table::arg::test force.nfilter has value" skipped="0" tests="1" time="0.006" timestamp="2020-10-27T20:28:28Z">
    <testcase classname="ds.table_arg_test_force.nfilter_has_value" name="table_force.nfilter_has_value" time="0.00599999999997181"/>
  </testsuite>
  <testsuite errors="0" failures="0" hostname="fv-az14" name="ds.tapply.assign::arg::test errors" skipped="0" tests="8" time="5.137" timestamp="2020-10-27T20:28:34Z">
    <testcase classname="ds.tapply.assign_arg_test_errors" name="tapply_erros" time="5.06100000000004"/>
    <testcase classname="ds.tapply.assign_arg_test_errors" name="tapply_erros" time="0.000999999999976353"/>
    <testcase classname="ds.tapply.assign_arg_test_errors" name="tapply_erros" time="0.0670000000000073"/>
    <testcase classname="ds.tapply.assign_arg_test_errors" name="tapply_erros" time="0.00200000000000955"/>
    <testcase classname="ds.tapply.assign_arg_test_errors" name="tapply_erros" time="0.00200000000000955"/>
    <testcase classname="ds.tapply.assign_arg_test_errors" name="tapply_erros" time="0.000999999999976353"/>
    <testcase classname="ds.tapply.assign_arg_test_errors" name="tapply_erros" time="0.00200000000000955"/>
    <testcase classname="ds.tapply.assign_arg_test_errors" name="tapply_erros" time="0.000999999999976353"/>
  </testsuite>
  <testsuite errors="0" failures="0" hostname="fv-az14" name="ds.tapply::arg::test errors" skipped="0" tests="8" time="5.081" timestamp="2020-10-27T20:28:39Z">
    <testcase classname="ds.tapply_arg_test_errors" name="tapply_erros" time="5.04900000000004"/>
    <testcase classname="ds.tapply_arg_test_errors" name="tapply_erros" time="0.0029999999999859"/>
    <testcase classname="ds.tapply_arg_test_errors" name="tapply_erros" time="0.021000000000015"/>
    <testcase classname="ds.tapply_arg_test_errors" name="tapply_erros" time="0.00199999999995271"/>
    <testcase classname="ds.tapply_arg_test_errors" name="tapply_erros" time="0.0010000000000332"/>
    <testcase classname="ds.tapply_arg_test_errors" name="tapply_erros" time="0.000999999999976353"/>
    <testcase classname="ds.tapply_arg_test_errors" name="tapply_erros" time="0.00200000000000955"/>
    <testcase classname="ds.tapply_arg_test_errors" name="tapply_erros" time="0.00200000000000955"/>
  </testsuite>
  <testsuite errors="0" failures="0" hostname="fv-az14" name="ds.testObjExists::arg::test errors" skipped="0" tests="1" time="5.026" timestamp="2020-10-27T20:28:44Z">
    <testcase classname="ds.testObjExists_arg_test_errors" name="testObjExists_erros" time="5.02600000000001"/>
  </testsuite>
  <testsuite errors="0" failures="0" hostname="fv-az14" name="ds.unList::arg::test errors" skipped="0" tests="1" time="5.017" timestamp="2020-10-27T20:28:49Z">
    <testcase classname="ds.unList_arg_test_errors" name="unList_erros" time="5.017"/>
  </testsuite>
  <testsuite errors="0" failures="0" hostname="fv-az14" name="ds.var::arg::test errors" skipped="0" tests="2" time="6.951" timestamp="2020-10-27T20:28:54Z">
    <testcase classname="ds.var_arg_test_errors" name="var_erros" time="5.86399999999998"/>
    <testcase classname="ds.var_arg_test_errors" name="var_erros" time="1.08699999999999"/>
  </testsuite>
  <testsuite errors="0" failures="0" hostname="fv-az14" name="ds.vectorCalc::arg::test errors" skipped="0" tests="2" time="5.038" timestamp="2020-10-27T20:29:01Z">
    <testcase classname="ds.vectorCalc_arg_test_errors" name="ds.vectorCalc_erros" time="5.03100000000006"/>
    <testcase classname="ds.vectorCalc_arg_test_errors" name="ds.vectorCalc_erros" time="0.00699999999994816"/>
  </testsuite>
  <testsuite errors="0" failures="0" hostname="fv-az14" name="ANTHRO::datachk::setup" skipped="0" tests="3" time="5.285" timestamp="2020-10-27T20:29:01Z">
    <testcase classname="ANTHRO_datachk_setup" name="setup" time="5.28200000000004"/>
    <testcase classname="ANTHRO_datachk_setup" name="setup" time="0.000999999999976353"/>
    <testcase classname="ANTHRO_datachk_setup" name="setup" time="0.00199999999995271"/>
  </testsuite>
  <testsuite errors="0" failures="0" hostname="fv-az14" name="ANTHRO::datachk" skipped="0" tests="102" time="6.478" timestamp="2020-10-27T20:29:06Z">
    <testcase classname="ANTHRO_datachk" name="Check_ANTHRO_dataset" time="0.552999999999997"/>
    <testcase classname="ANTHRO_datachk" name="Check_ANTHRO_dataset" time="0.00200000000006639"/>
    <testcase classname="ANTHRO_datachk" name="Check_ANTHRO_dataset" time="0.000999999999976353"/>
    <testcase classname="ANTHRO_datachk" name="Check_ANTHRO_dataset" time="0.00199999999995271"/>
    <testcase classname="ANTHRO_datachk" name="Check_ANTHRO_dataset" time="0.00200000000006639"/>
    <testcase classname="ANTHRO_datachk" name="Check_ANTHRO_dataset" time="0.000999999999976353"/>
    <testcase classname="ANTHRO_datachk" name="Check_ANTHRO_dataset" time="0.00200000000006639"/>
    <testcase classname="ANTHRO_datachk" name="Check_ANTHRO_dataset" time="0.288999999999987"/>
    <testcase classname="ANTHRO_datachk" name="Check_ANTHRO_dataset" time="0.00199999999995271"/>
    <testcase classname="ANTHRO_datachk" name="Check_ANTHRO_dataset" time="0.00199999999995271"/>
    <testcase classname="ANTHRO_datachk" name="Check_ANTHRO_dataset" time="0.00200000000006639"/>
    <testcase classname="ANTHRO_datachk" name="Check_ANTHRO_dataset" time="0.00199999999995271"/>
    <testcase classname="ANTHRO_datachk" name="Check_ANTHRO_dataset" time="0.00200000000006639"/>
    <testcase classname="ANTHRO_datachk" name="Check_ANTHRO_dataset" time="0.00199999999995271"/>
    <testcase classname="ANTHRO_datachk" name="Check_ANTHRO_dataset" time="0.00200000000006639"/>
    <testcase classname="ANTHRO_datachk" name="Check_ANTHRO_dataset" time="1.27199999999993"/>
    <testcase classname="ANTHRO_datachk" name="Check_ANTHRO_dataset" time="0.00200000000006639"/>
    <testcase classname="ANTHRO_datachk" name="Check_ANTHRO_dataset" time="0.00199999999995271"/>
    <testcase classname="ANTHRO_datachk" name="Check_ANTHRO_dataset" time="0.000999999999976353"/>
    <testcase classname="ANTHRO_datachk" name="Check_ANTHRO_dataset" time="0.00200000000006639"/>
    <testcase classname="ANTHRO_datachk" name="Check_ANTHRO_dataset" time="0.00199999999995271"/>
    <testcase classname="ANTHRO_datachk" name="Check_ANTHRO_dataset" time="0.00199999999995271"/>
    <testcase classname="ANTHRO_datachk" name="Check_ANTHRO_dataset" time="0.555000000000064"/>
    <testcase classname="ANTHRO_datachk" name="Check_ANTHRO_dataset" time="0.00199999999995271"/>
    <testcase classname="ANTHRO_datachk" name="Check_ANTHRO_dataset" time="0.00200000000006639"/>
    <testcase classname="ANTHRO_datachk" name="Check_ANTHRO_dataset" time="0.00199999999995271"/>
    <testcase classname="ANTHRO_datachk" name="Check_ANTHRO_dataset" time="0.00200000000006639"/>
    <testcase classname="ANTHRO_datachk" name="Check_ANTHRO_dataset" time="0.000999999999976353"/>
    <testcase classname="ANTHRO_datachk" name="Check_ANTHRO_dataset" time="0.00299999999992906"/>
    <testcase classname="ANTHRO_datachk" name="Check_ANTHRO_dataset" time="0.276000000000067"/>
    <testcase classname="ANTHRO_datachk" name="Check_ANTHRO_dataset" time="0.00199999999995271"/>
    <testcase classname="ANTHRO_datachk" name="Check_ANTHRO_dataset" time="0.00200000000006639"/>
    <testcase classname="ANTHRO_datachk" name="Check_ANTHRO_dataset" time="0.00199999999995271"/>
    <testcase classname="ANTHRO_datachk" name="Check_ANTHRO_dataset" time="0.00199999999995271"/>
    <testcase classname="ANTHRO_datachk" name="Check_ANTHRO_dataset" time="0.00200000000006639"/>
    <testcase classname="ANTHRO_datachk" name="Check_ANTHRO_dataset" time="0.00199999999995271"/>
    <testcase classname="ANTHRO_datachk" name="Check_ANTHRO_dataset" time="0.00300000000004275"/>
    <testcase classname="ANTHRO_datachk" name="Check_ANTHRO_dataset" time="0.00199999999995271"/>
    <testcase classname="ANTHRO_datachk" name="Check_ANTHRO_dataset" time="0.552000000000021"/>
    <testcase classname="ANTHRO_datachk" name="Check_ANTHRO_dataset" time="0.00200000000006639"/>
    <testcase classname="ANTHRO_datachk" name="Check_ANTHRO_dataset" time="0.00199999999995271"/>
    <testcase classname="ANTHRO_datachk" name="Check_ANTHRO_dataset" time="0.00199999999995271"/>
    <testcase classname="ANTHRO_datachk" name="Check_ANTHRO_dataset" time="0.00200000000006639"/>
    <testcase classname="ANTHRO_datachk" name="Check_ANTHRO_dataset" time="0.00199999999995271"/>
    <testcase classname="ANTHRO_datachk" name="Check_ANTHRO_dataset" time="0.00300000000004275"/>
    <testcase classname="ANTHRO_datachk" name="Check_ANTHRO_dataset" time="0.275999999999954"/>
    <testcase classname="ANTHRO_datachk" name="Check_ANTHRO_dataset" time="0.00200000000006639"/>
    <testcase classname="ANTHRO_datachk" name="Check_ANTHRO_dataset" time="0.00199999999995271"/>
    <testcase classname="ANTHRO_datachk" name="Check_ANTHRO_dataset" time="0.00300000000004275"/>
    <testcase classname="ANTHRO_datachk" name="Check_ANTHRO_dataset" time="0.00199999999995271"/>
    <testcase classname="ANTHRO_datachk" name="Check_ANTHRO_dataset" time="0.00200000000006639"/>
    <testcase classname="ANTHRO_datachk" name="Check_ANTHRO_dataset" time="0.00199999999995271"/>
    <testcase classname="ANTHRO_datachk" name="Check_ANTHRO_dataset" time="0.00300000000004275"/>
    <testcase classname="ANTHRO_datachk" name="Check_ANTHRO_dataset" time="0.00199999999995271"/>
    <testcase classname="ANTHRO_datachk" name="Check_ANTHRO_dataset" time="0.548999999999978"/>
    <testcase classname="ANTHRO_datachk" name="Check_ANTHRO_dataset" time="0.00200000000006639"/>
    <testcase classname="ANTHRO_datachk" name="Check_ANTHRO_dataset" time="0.00199999999995271"/>
    <testcase classname="ANTHRO_datachk" name="Check_ANTHRO_dataset" time="0.00200000000006639"/>
    <testcase classname="ANTHRO_datachk" name="Check_ANTHRO_dataset" time="0.00199999999995271"/>
    <testcase classname="ANTHRO_datachk" name="Check_ANTHRO_dataset" time="0.00199999999995271"/>
    <testcase classname="ANTHRO_datachk" name="Check_ANTHRO_dataset" time="0.00200000000006639"/>
    <testcase classname="ANTHRO_datachk" name="Check_ANTHRO_dataset" time="0.279999999999973"/>
    <testcase classname="ANTHRO_datachk" name="Check_ANTHRO_dataset" time="0.00300000000004275"/>
    <testcase classname="ANTHRO_datachk" name="Check_ANTHRO_dataset" time="0.00299999999992906"/>
    <testcase classname="ANTHRO_datachk" name="Check_ANTHRO_dataset" time="0.00300000000004275"/>
    <testcase classname="ANTHRO_datachk" name="Check_ANTHRO_dataset" time="0.00199999999995271"/>
    <testcase classname="ANTHRO_datachk" name="Check_ANTHRO_dataset" time="0.00200000000006639"/>
    <testcase classname="ANTHRO_datachk" name="Check_ANTHRO_dataset" time="0.00299999999992906"/>
    <testcase classname="ANTHRO_datachk" name="Check_ANTHRO_dataset" time="0.00300000000004275"/>
    <testcase classname="ANTHRO_datachk" name="Check_ANTHRO_dataset" time="0.00199999999995271"/>
    <testcase classname="ANTHRO_datachk" name="Check_ANTHRO_dataset" time="0.550000000000068"/>
    <testcase classname="ANTHRO_datachk" name="Check_ANTHRO_dataset" time="0.00299999999992906"/>
    <testcase classname="ANTHRO_datachk" name="Check_ANTHRO_dataset" time="0.00300000000004275"/>
    <testcase classname="ANTHRO_datachk" name="Check_ANTHRO_dataset" time="0.00200000000006639"/>
    <testcase classname="ANTHRO_datachk" name="Check_ANTHRO_dataset" time="0.00399999999990541"/>
    <testcase classname="ANTHRO_datachk" name="Check_ANTHRO_dataset" time="0.00200000000006639"/>
    <testcase classname="ANTHRO_datachk" name="Check_ANTHRO_dataset" time="0.00199999999995271"/>
    <testcase classname="ANTHRO_datachk" name="Check_ANTHRO_dataset" time="0.27800000000002"/>
    <testcase classname="ANTHRO_datachk" name="Check_ANTHRO_dataset" time="0.00300000000004275"/>
    <testcase classname="ANTHRO_datachk" name="Check_ANTHRO_dataset" time="0.00299999999992906"/>
    <testcase classname="ANTHRO_datachk" name="Check_ANTHRO_dataset" time="0.00300000000004275"/>
    <testcase classname="ANTHRO_datachk" name="Check_ANTHRO_dataset" time="0.00300000000004275"/>
    <testcase classname="ANTHRO_datachk" name="Check_ANTHRO_dataset" time="0.00299999999992906"/>
    <testcase classname="ANTHRO_datachk" name="Check_ANTHRO_dataset" time="0.00300000000004275"/>
    <testcase classname="ANTHRO_datachk" name="Check_ANTHRO_dataset" time="0.00199999999995271"/>
    <testcase classname="ANTHRO_datachk" name="Check_ANTHRO_dataset" time="0.00300000000004275"/>
    <testcase classname="ANTHRO_datachk" name="Check_ANTHRO_dataset" time="0.548000000000002"/>
    <testcase classname="ANTHRO_datachk" name="Check_ANTHRO_dataset" time="0.00299999999992906"/>
    <testcase classname="ANTHRO_datachk" name="Check_ANTHRO_dataset" time="0.00300000000004275"/>
    <testcase classname="ANTHRO_datachk" name="Check_ANTHRO_dataset" time="0.00300000000004275"/>
    <testcase classname="ANTHRO_datachk" name="Check_ANTHRO_dataset" time="0.00299999999992906"/>
    <testcase classname="ANTHRO_datachk" name="Check_ANTHRO_dataset" time="0.00999999999999091"/>
    <testcase classname="ANTHRO_datachk" name="Check_ANTHRO_dataset" time="0.00300000000004275"/>
    <testcase classname="ANTHRO_datachk" name="Check_ANTHRO_dataset" time="0.282000000000039"/>
    <testcase classname="ANTHRO_datachk" name="Check_ANTHRO_dataset" time="0.00399999999990541"/>
    <testcase classname="ANTHRO_datachk" name="Check_ANTHRO_dataset" time="0.00300000000004275"/>
    <testcase classname="ANTHRO_datachk" name="Check_ANTHRO_dataset" time="0.00300000000004275"/>
    <testcase classname="ANTHRO_datachk" name="Check_ANTHRO_dataset" time="0.00299999999992906"/>
    <testcase classname="ANTHRO_datachk" name="Check_ANTHRO_dataset" time="0.00300000000004275"/>
    <testcase classname="ANTHRO_datachk" name="Check_ANTHRO_dataset" time="0.00300000000004275"/>
    <testcase classname="ANTHRO_datachk" name="Check_ANTHRO_dataset" time="0.00399999999990541"/>
    <testcase classname="ANTHRO_datachk" name="Check_ANTHRO_dataset" time="0.00300000000004275"/>
  </testsuite>
  <testsuite errors="0" failures="0" hostname="fv-az14" name="ANTHRO::datachk::shutdown" skipped="0" tests="3" time="0.292" timestamp="2020-10-27T20:29:13Z">
    <testcase classname="ANTHRO_datachk_shutdown" name="shutdown" time="0.288999999999987"/>
    <testcase classname="ANTHRO_datachk_shutdown" name="shutdown" time="0.000999999999976353"/>
    <testcase classname="ANTHRO_datachk_shutdown" name="shutdown" time="0.00200000000006639"/>
  </testsuite>
  <testsuite errors="0" failures="0" hostname="fv-az14" name="ANTHRO::datachk::done" skipped="0" tests="0" time="0" timestamp="2020-10-27T20:29:13Z"/>
  <testsuite errors="0" failures="0" hostname="fv-az14" name="CLUSTER_INT::datachk::setup" skipped="0" tests="3" time="5.537" timestamp="2020-10-27T20:29:13Z">
    <testcase classname="CLUSTER_INT_datachk_setup" name="setup" time="5.53399999999999"/>
    <testcase classname="CLUSTER_INT_datachk_setup" name="setup" time="0.000999999999976353"/>
    <testcase classname="CLUSTER_INT_datachk_setup" name="setup" time="0.00199999999995271"/>
  </testsuite>
  <testsuite errors="0" failures="0" hostname="fv-az14" name="CLUSTER_INT::datachk" skipped="0" tests="230" time="13.67" timestamp="2020-10-27T20:29:18Z">
    <testcase classname="CLUSTER_INT_datachk" name="Check_CLUSTER_INT_dataset" time="0.568000000000097"/>
    <testcase classname="CLUSTER_INT_datachk" name="Check_CLUSTER_INT_dataset" time="0.00199999999995271"/>
    <testcase classname="CLUSTER_INT_datachk" name="Check_CLUSTER_INT_dataset" time="0.00199999999995271"/>
    <testcase classname="CLUSTER_INT_datachk" name="Check_CLUSTER_INT_dataset" time="0.00100000000009004"/>
    <testcase classname="CLUSTER_INT_datachk" name="Check_CLUSTER_INT_dataset" time="0.000999999999976353"/>
    <testcase classname="CLUSTER_INT_datachk" name="Check_CLUSTER_INT_dataset" time="0.000999999999976353"/>
    <testcase classname="CLUSTER_INT_datachk" name="Check_CLUSTER_INT_dataset" time="0.00300000000004275"/>
    <testcase classname="CLUSTER_INT_datachk" name="Check_CLUSTER_INT_dataset" time="0.280999999999949"/>
    <testcase classname="CLUSTER_INT_datachk" name="Check_CLUSTER_INT_dataset" time="0.00200000000006639"/>
    <testcase classname="CLUSTER_INT_datachk" name="Check_CLUSTER_INT_dataset" time="0.000999999999976353"/>
    <testcase classname="CLUSTER_INT_datachk" name="Check_CLUSTER_INT_dataset" time="0.00199999999995271"/>
    <testcase classname="CLUSTER_INT_datachk" name="Check_CLUSTER_INT_dataset" time="0.00200000000006639"/>
    <testcase classname="CLUSTER_INT_datachk" name="Check_CLUSTER_INT_dataset" time="0.000999999999976353"/>
    <testcase classname="CLUSTER_INT_datachk" name="Check_CLUSTER_INT_dataset" time="0.00199999999995271"/>
    <testcase classname="CLUSTER_INT_datachk" name="Check_CLUSTER_INT_dataset" time="0.00200000000006639"/>
    <testcase classname="CLUSTER_INT_datachk" name="Check_CLUSTER_INT_dataset" time="1.25199999999995"/>
    <testcase classname="CLUSTER_INT_datachk" name="Check_CLUSTER_INT_dataset" time="0.00200000000006639"/>
    <testcase classname="CLUSTER_INT_datachk" name="Check_CLUSTER_INT_dataset" time="0.00199999999995271"/>
    <testcase classname="CLUSTER_INT_datachk" name="Check_CLUSTER_INT_dataset" time="0.00200000000006639"/>
    <testcase classname="CLUSTER_INT_datachk" name="Check_CLUSTER_INT_dataset" time="0.00199999999995271"/>
    <testcase classname="CLUSTER_INT_datachk" name="Check_CLUSTER_INT_dataset" time="0.00199999999995271"/>
    <testcase classname="CLUSTER_INT_datachk" name="Check_CLUSTER_INT_dataset" time="0.00200000000006639"/>
    <testcase classname="CLUSTER_INT_datachk" name="Check_CLUSTER_INT_dataset" time="0.555999999999926"/>
    <testcase classname="CLUSTER_INT_datachk" name="Check_CLUSTER_INT_dataset" time="0.00200000000006639"/>
    <testcase classname="CLUSTER_INT_datachk" name="Check_CLUSTER_INT_dataset" time="0.00199999999995271"/>
    <testcase classname="CLUSTER_INT_datachk" name="Check_CLUSTER_INT_dataset" time="0.00200000000006639"/>
    <testcase classname="CLUSTER_INT_datachk" name="Check_CLUSTER_INT_dataset" time="0.00199999999995271"/>
    <testcase classname="CLUSTER_INT_datachk" name="Check_CLUSTER_INT_dataset" time="0.000999999999976353"/>
    <testcase classname="CLUSTER_INT_datachk" name="Check_CLUSTER_INT_dataset" time="0.00200000000006639"/>
    <testcase classname="CLUSTER_INT_datachk" name="Check_CLUSTER_INT_dataset" time="0.27800000000002"/>
    <testcase classname="CLUSTER_INT_datachk" name="Check_CLUSTER_INT_dataset" time="0.00199999999995271"/>
    <testcase classname="CLUSTER_INT_datachk" name="Check_CLUSTER_INT_dataset" time="0.00199999999995271"/>
    <testcase classname="CLUSTER_INT_datachk" name="Check_CLUSTER_INT_dataset" time="0.00200000000006639"/>
    <testcase classname="CLUSTER_INT_datachk" name="Check_CLUSTER_INT_dataset" time="0.00199999999995271"/>
    <testcase classname="CLUSTER_INT_datachk" name="Check_CLUSTER_INT_dataset" time="0.00200000000006639"/>
    <testcase classname="CLUSTER_INT_datachk" name="Check_CLUSTER_INT_dataset" time="0.00199999999995271"/>
    <testcase classname="CLUSTER_INT_datachk" name="Check_CLUSTER_INT_dataset" time="0.00199999999995271"/>
    <testcase classname="CLUSTER_INT_datachk" name="Check_CLUSTER_INT_dataset" time="0.00200000000006639"/>
    <testcase classname="CLUSTER_INT_datachk" name="Check_CLUSTER_INT_dataset" time="0.552000000000021"/>
    <testcase classname="CLUSTER_INT_datachk" name="Check_CLUSTER_INT_dataset" time="0.00199999999995271"/>
    <testcase classname="CLUSTER_INT_datachk" name="Check_CLUSTER_INT_dataset" time="0.00200000000006639"/>
    <testcase classname="CLUSTER_INT_datachk" name="Check_CLUSTER_INT_dataset" time="0.00199999999995271"/>
    <testcase classname="CLUSTER_INT_datachk" name="Check_CLUSTER_INT_dataset" time="0.00199999999995271"/>
    <testcase classname="CLUSTER_INT_datachk" name="Check_CLUSTER_INT_dataset" time="0.00100000000009004"/>
    <testcase classname="CLUSTER_INT_datachk" name="Check_CLUSTER_INT_dataset" time="0.00299999999992906"/>
    <testcase classname="CLUSTER_INT_datachk" name="Check_CLUSTER_INT_dataset" time="0.286000000000058"/>
    <testcase classname="CLUSTER_INT_datachk" name="Check_CLUSTER_INT_dataset" time="0.00199999999995271"/>
    <testcase classname="CLUSTER_INT_datachk" name="Check_CLUSTER_INT_dataset" time="0.00199999999995271"/>
    <testcase classname="CLUSTER_INT_datachk" name="Check_CLUSTER_INT_dataset" time="0.00300000000004275"/>
    <testcase classname="CLUSTER_INT_datachk" name="Check_CLUSTER_INT_dataset" time="0.00200000000006639"/>
    <testcase classname="CLUSTER_INT_datachk" name="Check_CLUSTER_INT_dataset" time="0.00199999999995271"/>
    <testcase classname="CLUSTER_INT_datachk" name="Check_CLUSTER_INT_dataset" time="0.00199999999995271"/>
    <testcase classname="CLUSTER_INT_datachk" name="Check_CLUSTER_INT_dataset" time="0.00300000000004275"/>
    <testcase classname="CLUSTER_INT_datachk" name="Check_CLUSTER_INT_dataset" time="0.00199999999995271"/>
    <testcase classname="CLUSTER_INT_datachk" name="Check_CLUSTER_INT_dataset" time="0.551000000000045"/>
    <testcase classname="CLUSTER_INT_datachk" name="Check_CLUSTER_INT_dataset" time="0.00199999999995271"/>
    <testcase classname="CLUSTER_INT_datachk" name="Check_CLUSTER_INT_dataset" time="0.00300000000004275"/>
    <testcase classname="CLUSTER_INT_datachk" name="Check_CLUSTER_INT_dataset" time="0.00999999999999091"/>
    <testcase classname="CLUSTER_INT_datachk" name="Check_CLUSTER_INT_dataset" time="0.00200000000006639"/>
    <testcase classname="CLUSTER_INT_datachk" name="Check_CLUSTER_INT_dataset" time="0.00199999999995271"/>
    <testcase classname="CLUSTER_INT_datachk" name="Check_CLUSTER_INT_dataset" time="0.00300000000004275"/>
    <testcase classname="CLUSTER_INT_datachk" name="Check_CLUSTER_INT_dataset" time="0.281999999999925"/>
    <testcase classname="CLUSTER_INT_datachk" name="Check_CLUSTER_INT_dataset" time="0.00300000000004275"/>
    <testcase classname="CLUSTER_INT_datachk" name="Check_CLUSTER_INT_dataset" time="0.00199999999995271"/>
    <testcase classname="CLUSTER_INT_datachk" name="Check_CLUSTER_INT_dataset" time="0.00300000000004275"/>
    <testcase classname="CLUSTER_INT_datachk" name="Check_CLUSTER_INT_dataset" time="0.00199999999995271"/>
    <testcase classname="CLUSTER_INT_datachk" name="Check_CLUSTER_INT_dataset" time="0.00300000000004275"/>
    <testcase classname="CLUSTER_INT_datachk" name="Check_CLUSTER_INT_dataset" time="0.00300000000004275"/>
    <testcase classname="CLUSTER_INT_datachk" name="Check_CLUSTER_INT_dataset" time="0.00199999999995271"/>
    <testcase classname="CLUSTER_INT_datachk" name="Check_CLUSTER_INT_dataset" time="0.00300000000004275"/>
    <testcase classname="CLUSTER_INT_datachk" name="Check_CLUSTER_INT_dataset" time="0.549999999999955"/>
    <testcase classname="CLUSTER_INT_datachk" name="Check_CLUSTER_INT_dataset" time="0.00300000000004275"/>
    <testcase classname="CLUSTER_INT_datachk" name="Check_CLUSTER_INT_dataset" time="0.00199999999995271"/>
    <testcase classname="CLUSTER_INT_datachk" name="Check_CLUSTER_INT_dataset" time="0.00300000000004275"/>
    <testcase classname="CLUSTER_INT_datachk" name="Check_CLUSTER_INT_dataset" time="0.00199999999995271"/>
    <testcase classname="CLUSTER_INT_datachk" name="Check_CLUSTER_INT_dataset" time="0.00300000000004275"/>
    <testcase classname="CLUSTER_INT_datachk" name="Check_CLUSTER_INT_dataset" time="0.00199999999995271"/>
    <testcase classname="CLUSTER_INT_datachk" name="Check_CLUSTER_INT_dataset" time="0.274000000000001"/>
    <testcase classname="CLUSTER_INT_datachk" name="Check_CLUSTER_INT_dataset" time="0.00300000000004275"/>
    <testcase classname="CLUSTER_INT_datachk" name="Check_CLUSTER_INT_dataset" time="0.00299999999992906"/>
    <testcase classname="CLUSTER_INT_datachk" name="Check_CLUSTER_INT_dataset" time="0.00200000000006639"/>
    <testcase classname="CLUSTER_INT_datachk" name="Check_CLUSTER_INT_dataset" time="0.00199999999995271"/>
    <testcase classname="CLUSTER_INT_datachk" name="Check_CLUSTER_INT_dataset" time="0.00300000000004275"/>
    <testcase classname="CLUSTER_INT_datachk" name="Check_CLUSTER_INT_dataset" time="0.00299999999992906"/>
    <testcase classname="CLUSTER_INT_datachk" name="Check_CLUSTER_INT_dataset" time="0.00200000000006639"/>
    <testcase classname="CLUSTER_INT_datachk" name="Check_CLUSTER_INT_dataset" time="0.0040000000000191"/>
    <testcase classname="CLUSTER_INT_datachk" name="Check_CLUSTER_INT_dataset" time="0.557000000000016"/>
    <testcase classname="CLUSTER_INT_datachk" name="Check_CLUSTER_INT_dataset" time="0.00499999999999545"/>
    <testcase classname="CLUSTER_INT_datachk" name="Check_CLUSTER_INT_dataset" time="0.00399999999990541"/>
    <testcase classname="CLUSTER_INT_datachk" name="Check_CLUSTER_INT_dataset" time="0.00200000000006639"/>
    <testcase classname="CLUSTER_INT_datachk" name="Check_CLUSTER_INT_dataset" time="0.0040000000000191"/>
    <testcase classname="CLUSTER_INT_datachk" name="Check_CLUSTER_INT_dataset" time="0.00299999999992906"/>
    <testcase classname="CLUSTER_INT_datachk" name="Check_CLUSTER_INT_dataset" time="0.0040000000000191"/>
    <testcase classname="CLUSTER_INT_datachk" name="Check_CLUSTER_INT_dataset" time="0.283000000000015"/>
    <testcase classname="CLUSTER_INT_datachk" name="Check_CLUSTER_INT_dataset" time="0.00300000000004275"/>
    <testcase classname="CLUSTER_INT_datachk" name="Check_CLUSTER_INT_dataset" time="0.00299999999992906"/>
    <testcase classname="CLUSTER_INT_datachk" name="Check_CLUSTER_INT_dataset" time="0.00300000000004275"/>
    <testcase classname="CLUSTER_INT_datachk" name="Check_CLUSTER_INT_dataset" time="0.00299999999992906"/>
    <testcase classname="CLUSTER_INT_datachk" name="Check_CLUSTER_INT_dataset" time="0.00300000000004275"/>
    <testcase classname="CLUSTER_INT_datachk" name="Check_CLUSTER_INT_dataset" time="0.00300000000004275"/>
    <testcase classname="CLUSTER_INT_datachk" name="Check_CLUSTER_INT_dataset" time="0.0040000000000191"/>
    <testcase classname="CLUSTER_INT_datachk" name="Check_CLUSTER_INT_dataset" time="0.00299999999992906"/>
    <testcase classname="CLUSTER_INT_datachk" name="Check_CLUSTER_INT_dataset" time="0.552999999999997"/>
    <testcase classname="CLUSTER_INT_datachk" name="Check_CLUSTER_INT_dataset" time="0.00300000000004275"/>
    <testcase classname="CLUSTER_INT_datachk" name="Check_CLUSTER_INT_dataset" time="0.00299999999992906"/>
    <testcase classname="CLUSTER_INT_datachk" name="Check_CLUSTER_INT_dataset" time="0.0040000000000191"/>
    <testcase classname="CLUSTER_INT_datachk" name="Check_CLUSTER_INT_dataset" time="0.00300000000004275"/>
    <testcase classname="CLUSTER_INT_datachk" name="Check_CLUSTER_INT_dataset" time="0.00300000000004275"/>
    <testcase classname="CLUSTER_INT_datachk" name="Check_CLUSTER_INT_dataset" time="0.00399999999990541"/>
    <testcase classname="CLUSTER_INT_datachk" name="Check_CLUSTER_INT_dataset" time="0.276000000000067"/>
    <testcase classname="CLUSTER_INT_datachk" name="Check_CLUSTER_INT_dataset" time="0.00299999999992906"/>
    <testcase classname="CLUSTER_INT_datachk" name="Check_CLUSTER_INT_dataset" time="0.0040000000000191"/>
    <testcase classname="CLUSTER_INT_datachk" name="Check_CLUSTER_INT_dataset" time="0.00300000000004275"/>
    <testcase classname="CLUSTER_INT_datachk" name="Check_CLUSTER_INT_dataset" time="0.0040000000000191"/>
    <testcase classname="CLUSTER_INT_datachk" name="Check_CLUSTER_INT_dataset" time="0.00299999999992906"/>
    <testcase classname="CLUSTER_INT_datachk" name="Check_CLUSTER_INT_dataset" time="0.00300000000004275"/>
    <testcase classname="CLUSTER_INT_datachk" name="Check_CLUSTER_INT_dataset" time="0.0040000000000191"/>
    <testcase classname="CLUSTER_INT_datachk" name="Check_CLUSTER_INT_dataset" time="0.00299999999992906"/>
    <testcase classname="CLUSTER_INT_datachk" name="Check_CLUSTER_INT_dataset" time="0.550000000000068"/>
    <testcase classname="CLUSTER_INT_datachk" name="Check_CLUSTER_INT_dataset" time="0.0040000000000191"/>
    <testcase classname="CLUSTER_INT_datachk" name="Check_CLUSTER_INT_dataset" time="0.00299999999992906"/>
    <testcase classname="CLUSTER_INT_datachk" name="Check_CLUSTER_INT_dataset" time="0.0040000000000191"/>
    <testcase classname="CLUSTER_INT_datachk" name="Check_CLUSTER_INT_dataset" time="0.0040000000000191"/>
    <testcase classname="CLUSTER_INT_datachk" name="Check_CLUSTER_INT_dataset" time="0.00300000000004275"/>
    <testcase classname="CLUSTER_INT_datachk" name="Check_CLUSTER_INT_dataset" time="0.00399999999990541"/>
    <testcase classname="CLUSTER_INT_datachk" name="Check_CLUSTER_INT_dataset" time="0.296000000000049"/>
    <testcase classname="CLUSTER_INT_datachk" name="Check_CLUSTER_INT_dataset" time="0.0040000000000191"/>
    <testcase classname="CLUSTER_INT_datachk" name="Check_CLUSTER_INT_dataset" time="0.0040000000000191"/>
    <testcase classname="CLUSTER_INT_datachk" name="Check_CLUSTER_INT_dataset" time="0.00399999999990541"/>
    <testcase classname="CLUSTER_INT_datachk" name="Check_CLUSTER_INT_dataset" time="0.00300000000004275"/>
    <testcase classname="CLUSTER_INT_datachk" name="Check_CLUSTER_INT_dataset" time="0.0040000000000191"/>
    <testcase classname="CLUSTER_INT_datachk" name="Check_CLUSTER_INT_dataset" time="0.0040000000000191"/>
    <testcase classname="CLUSTER_INT_datachk" name="Check_CLUSTER_INT_dataset" time="0.0040000000000191"/>
    <testcase classname="CLUSTER_INT_datachk" name="Check_CLUSTER_INT_dataset" time="0.00399999999990541"/>
    <testcase classname="CLUSTER_INT_datachk" name="Check_CLUSTER_INT_dataset" time="0.557999999999993"/>
    <testcase classname="CLUSTER_INT_datachk" name="Check_CLUSTER_INT_dataset" time="0.0040000000000191"/>
    <testcase classname="CLUSTER_INT_datachk" name="Check_CLUSTER_INT_dataset" time="0.0040000000000191"/>
    <testcase classname="CLUSTER_INT_datachk" name="Check_CLUSTER_INT_dataset" time="0.0040000000000191"/>
    <testcase classname="CLUSTER_INT_datachk" name="Check_CLUSTER_INT_dataset" time="0.0040000000000191"/>
    <testcase classname="CLUSTER_INT_datachk" name="Check_CLUSTER_INT_dataset" time="0.00299999999992906"/>
    <testcase classname="CLUSTER_INT_datachk" name="Check_CLUSTER_INT_dataset" time="0.00499999999999545"/>
    <testcase classname="CLUSTER_INT_datachk" name="Check_CLUSTER_INT_dataset" time="0.281000000000063"/>
    <testcase classname="CLUSTER_INT_datachk" name="Check_CLUSTER_INT_dataset" time="0.00300000000004275"/>
    <testcase classname="CLUSTER_INT_datachk" name="Check_CLUSTER_INT_dataset" time="0.00399999999990541"/>
    <testcase classname="CLUSTER_INT_datachk" name="Check_CLUSTER_INT_dataset" time="0.0040000000000191"/>
    <testcase classname="CLUSTER_INT_datachk" name="Check_CLUSTER_INT_dataset" time="0.0040000000000191"/>
    <testcase classname="CLUSTER_INT_datachk" name="Check_CLUSTER_INT_dataset" time="0.0040000000000191"/>
    <testcase classname="CLUSTER_INT_datachk" name="Check_CLUSTER_INT_dataset" time="0.0040000000000191"/>
    <testcase classname="CLUSTER_INT_datachk" name="Check_CLUSTER_INT_dataset" time="0.00499999999999545"/>
    <testcase classname="CLUSTER_INT_datachk" name="Check_CLUSTER_INT_dataset" time="0.0040000000000191"/>
    <testcase classname="CLUSTER_INT_datachk" name="Check_CLUSTER_INT_dataset" time="0.552999999999997"/>
    <testcase classname="CLUSTER_INT_datachk" name="Check_CLUSTER_INT_dataset" time="0.00599999999997181"/>
    <testcase classname="CLUSTER_INT_datachk" name="Check_CLUSTER_INT_dataset" time="0.0040000000000191"/>
    <testcase classname="CLUSTER_INT_datachk" name="Check_CLUSTER_INT_dataset" time="0.00399999999990541"/>
    <testcase classname="CLUSTER_INT_datachk" name="Check_CLUSTER_INT_dataset" time="0.0040000000000191"/>
    <testcase classname="CLUSTER_INT_datachk" name="Check_CLUSTER_INT_dataset" time="0.0040000000000191"/>
    <testcase classname="CLUSTER_INT_datachk" name="Check_CLUSTER_INT_dataset" time="0.00499999999999545"/>
    <testcase classname="CLUSTER_INT_datachk" name="Check_CLUSTER_INT_dataset" time="0.288000000000011"/>
    <testcase classname="CLUSTER_INT_datachk" name="Check_CLUSTER_INT_dataset" time="0.00499999999999545"/>
    <testcase classname="CLUSTER_INT_datachk" name="Check_CLUSTER_INT_dataset" time="0.0040000000000191"/>
    <testcase classname="CLUSTER_INT_datachk" name="Check_CLUSTER_INT_dataset" time="0.0040000000000191"/>
    <testcase classname="CLUSTER_INT_datachk" name="Check_CLUSTER_INT_dataset" time="0.00499999999999545"/>
    <testcase classname="CLUSTER_INT_datachk" name="Check_CLUSTER_INT_dataset" time="0.0040000000000191"/>
    <testcase classname="CLUSTER_INT_datachk" name="Check_CLUSTER_INT_dataset" time="0.00499999999999545"/>
    <testcase classname="CLUSTER_INT_datachk" name="Check_CLUSTER_INT_dataset" time="0.0040000000000191"/>
    <testcase classname="CLUSTER_INT_datachk" name="Check_CLUSTER_INT_dataset" time="0.00499999999999545"/>
    <testcase classname="CLUSTER_INT_datachk" name="Check_CLUSTER_INT_dataset" time="0.555999999999926"/>
    <testcase classname="CLUSTER_INT_datachk" name="Check_CLUSTER_INT_dataset" time="0.00499999999999545"/>
    <testcase classname="CLUSTER_INT_datachk" name="Check_CLUSTER_INT_dataset" time="0.0040000000000191"/>
    <testcase classname="CLUSTER_INT_datachk" name="Check_CLUSTER_INT_dataset" time="0.0040000000000191"/>
    <testcase classname="CLUSTER_INT_datachk" name="Check_CLUSTER_INT_dataset" time="0.0040000000000191"/>
    <testcase classname="CLUSTER_INT_datachk" name="Check_CLUSTER_INT_dataset" time="0.0040000000000191"/>
    <testcase classname="CLUSTER_INT_datachk" name="Check_CLUSTER_INT_dataset" time="0.00399999999990541"/>
    <testcase classname="CLUSTER_INT_datachk" name="Check_CLUSTER_INT_dataset" time="0.27800000000002"/>
    <testcase classname="CLUSTER_INT_datachk" name="Check_CLUSTER_INT_dataset" time="0.0040000000000191"/>
    <testcase classname="CLUSTER_INT_datachk" name="Check_CLUSTER_INT_dataset" time="0.0040000000000191"/>
    <testcase classname="CLUSTER_INT_datachk" name="Check_CLUSTER_INT_dataset" time="0.0040000000000191"/>
    <testcase classname="CLUSTER_INT_datachk" name="Check_CLUSTER_INT_dataset" time="0.00499999999999545"/>
    <testcase classname="CLUSTER_INT_datachk" name="Check_CLUSTER_INT_dataset" time="0.00499999999999545"/>
    <testcase classname="CLUSTER_INT_datachk" name="Check_CLUSTER_INT_dataset" time="0.0040000000000191"/>
    <testcase classname="CLUSTER_INT_datachk" name="Check_CLUSTER_INT_dataset" time="0.00499999999999545"/>
    <testcase classname="CLUSTER_INT_datachk" name="Check_CLUSTER_INT_dataset" time="0.0040000000000191"/>
    <testcase classname="CLUSTER_INT_datachk" name="Check_CLUSTER_INT_dataset" time="0.553999999999974"/>
    <testcase classname="CLUSTER_INT_datachk" name="Check_CLUSTER_INT_dataset" time="0.0130000000000337"/>
    <testcase classname="CLUSTER_INT_datachk" name="Check_CLUSTER_INT_dataset" time="0.0040000000000191"/>
    <testcase classname="CLUSTER_INT_datachk" name="Check_CLUSTER_INT_dataset" time="0.00399999999990541"/>
    <testcase classname="CLUSTER_INT_datachk" name="Check_CLUSTER_INT_dataset" time="0.0040000000000191"/>
    <testcase classname="CLUSTER_INT_datachk" name="Check_CLUSTER_INT_dataset" time="0.00499999999999545"/>
    <testcase classname="CLUSTER_INT_datachk" name="Check_CLUSTER_INT_dataset" time="0.00499999999999545"/>
    <testcase classname="CLUSTER_INT_datachk" name="Check_CLUSTER_INT_dataset" time="0.280000000000086"/>
    <testcase classname="CLUSTER_INT_datachk" name="Check_CLUSTER_INT_dataset" time="0.00499999999999545"/>
    <testcase classname="CLUSTER_INT_datachk" name="Check_CLUSTER_INT_dataset" time="0.00399999999990541"/>
    <testcase classname="CLUSTER_INT_datachk" name="Check_CLUSTER_INT_dataset" time="0.0040000000000191"/>
    <testcase classname="CLUSTER_INT_datachk" name="Check_CLUSTER_INT_dataset" time="0.0040000000000191"/>
    <testcase classname="CLUSTER_INT_datachk" name="Check_CLUSTER_INT_dataset" time="0.00499999999999545"/>
    <testcase classname="CLUSTER_INT_datachk" name="Check_CLUSTER_INT_dataset" time="0.00499999999999545"/>
    <testcase classname="CLUSTER_INT_datachk" name="Check_CLUSTER_INT_dataset" time="0.0040000000000191"/>
    <testcase classname="CLUSTER_INT_datachk" name="Check_CLUSTER_INT_dataset" time="0.00499999999999545"/>
    <testcase classname="CLUSTER_INT_datachk" name="Check_CLUSTER_INT_dataset" time="0.546000000000049"/>
    <testcase classname="CLUSTER_INT_datachk" name="Check_CLUSTER_INT_dataset" time="0.00499999999999545"/>
    <testcase classname="CLUSTER_INT_datachk" name="Check_CLUSTER_INT_dataset" time="0.00399999999990541"/>
    <testcase classname="CLUSTER_INT_datachk" name="Check_CLUSTER_INT_dataset" time="0.00499999999999545"/>
    <testcase classname="CLUSTER_INT_datachk" name="Check_CLUSTER_INT_dataset" time="0.0040000000000191"/>
    <testcase classname="CLUSTER_INT_datachk" name="Check_CLUSTER_INT_dataset" time="0.00499999999999545"/>
    <testcase classname="CLUSTER_INT_datachk" name="Check_CLUSTER_INT_dataset" time="0.00499999999999545"/>
    <testcase classname="CLUSTER_INT_datachk" name="Check_CLUSTER_INT_dataset" time="0.281000000000063"/>
    <testcase classname="CLUSTER_INT_datachk" name="Check_CLUSTER_INT_dataset" time="0.00499999999999545"/>
    <testcase classname="CLUSTER_INT_datachk" name="Check_CLUSTER_INT_dataset" time="0.00499999999999545"/>
    <testcase classname="CLUSTER_INT_datachk" name="Check_CLUSTER_INT_dataset" time="0.00499999999999545"/>
    <testcase classname="CLUSTER_INT_datachk" name="Check_CLUSTER_INT_dataset" time="0.00499999999999545"/>
    <testcase classname="CLUSTER_INT_datachk" name="Check_CLUSTER_INT_dataset" time="0.00499999999999545"/>
    <testcase classname="CLUSTER_INT_datachk" name="Check_CLUSTER_INT_dataset" time="0.00599999999997181"/>
    <testcase classname="CLUSTER_INT_datachk" name="Check_CLUSTER_INT_dataset" time="0.00600000000008549"/>
    <testcase classname="CLUSTER_INT_datachk" name="Check_CLUSTER_INT_dataset" time="0.00599999999997181"/>
    <testcase classname="CLUSTER_INT_datachk" name="Check_CLUSTER_INT_dataset" time="0.558999999999969"/>
    <testcase classname="CLUSTER_INT_datachk" name="Check_CLUSTER_INT_dataset" time="0.0040000000000191"/>
    <testcase classname="CLUSTER_INT_datachk" name="Check_CLUSTER_INT_dataset" time="0.0040000000000191"/>
    <testcase classname="CLUSTER_INT_datachk" name="Check_CLUSTER_INT_dataset" time="0.00499999999999545"/>
    <testcase classname="CLUSTER_INT_datachk" name="Check_CLUSTER_INT_dataset" time="0.0040000000000191"/>
    <testcase classname="CLUSTER_INT_datachk" name="Check_CLUSTER_INT_dataset" time="0.00499999999999545"/>
    <testcase classname="CLUSTER_INT_datachk" name="Check_CLUSTER_INT_dataset" time="0.00499999999999545"/>
    <testcase classname="CLUSTER_INT_datachk" name="Check_CLUSTER_INT_dataset" time="0.280999999999949"/>
    <testcase classname="CLUSTER_INT_datachk" name="Check_CLUSTER_INT_dataset" time="0.00600000000008549"/>
    <testcase classname="CLUSTER_INT_datachk" name="Check_CLUSTER_INT_dataset" time="0.00599999999997181"/>
    <testcase classname="CLUSTER_INT_datachk" name="Check_CLUSTER_INT_dataset" time="0.00499999999999545"/>
    <testcase classname="CLUSTER_INT_datachk" name="Check_CLUSTER_INT_dataset" time="0.00599999999997181"/>
    <testcase classname="CLUSTER_INT_datachk" name="Check_CLUSTER_INT_dataset" time="0.00599999999997181"/>
    <testcase classname="CLUSTER_INT_datachk" name="Check_CLUSTER_INT_dataset" time="0.00499999999999545"/>
    <testcase classname="CLUSTER_INT_datachk" name="Check_CLUSTER_INT_dataset" time="0.00499999999999545"/>
    <testcase classname="CLUSTER_INT_datachk" name="Check_CLUSTER_INT_dataset" time="0.00499999999999545"/>
  </testsuite>
  <testsuite errors="0" failures="0" hostname="fv-az14" name="CLUSTER_INT::datachk::shutdown" skipped="0" tests="3" time="0.294" timestamp="2020-10-27T20:29:32Z">
    <testcase classname="CLUSTER_INT_datachk_shutdown" name="shutdown" time="0.29099999999994"/>
    <testcase classname="CLUSTER_INT_datachk_shutdown" name="shutdown" time="0.000999999999976353"/>
    <testcase classname="CLUSTER_INT_datachk_shutdown" name="shutdown" time="0.00200000000006639"/>
  </testsuite>
  <testsuite errors="0" failures="0" hostname="fv-az14" name="CLUSTER_INT::datachk::done" skipped="0" tests="0" time="0" timestamp="2020-10-27T20:29:33Z"/>
  <testsuite errors="0" failures="0" hostname="fv-az14" name="CLUSTER_SLO::datachk::setup" skipped="0" tests="3" time="6.017" timestamp="2020-10-27T20:29:33Z">
    <testcase classname="CLUSTER_SLO_datachk_setup" name="setup" time="6.01400000000001"/>
    <testcase classname="CLUSTER_SLO_datachk_setup" name="setup" time="0.000999999999976353"/>
    <testcase classname="CLUSTER_SLO_datachk_setup" name="setup" time="0.00199999999995271"/>
  </testsuite>
  <testsuite errors="0" failures="0" hostname="fv-az14" name="CLUSTER_SLO::datachk" skipped="0" tests="230" time="13.686" timestamp="2020-10-27T20:29:38Z">
    <testcase classname="CLUSTER_SLO_datachk" name="Check_CLUSTER_SLO_dataset" time="0.566000000000031"/>
    <testcase classname="CLUSTER_SLO_datachk" name="Check_CLUSTER_SLO_dataset" time="0.00200000000006639"/>
    <testcase classname="CLUSTER_SLO_datachk" name="Check_CLUSTER_SLO_dataset" time="0.00199999999995271"/>
    <testcase classname="CLUSTER_SLO_datachk" name="Check_CLUSTER_SLO_dataset" time="0.000999999999976353"/>
    <testcase classname="CLUSTER_SLO_datachk" name="Check_CLUSTER_SLO_dataset" time="0.000999999999976353"/>
    <testcase classname="CLUSTER_SLO_datachk" name="Check_CLUSTER_SLO_dataset" time="0.00200000000006639"/>
    <testcase classname="CLUSTER_SLO_datachk" name="Check_CLUSTER_SLO_dataset" time="0.000999999999976353"/>
    <testcase classname="CLUSTER_SLO_datachk" name="Check_CLUSTER_SLO_dataset" time="0.275999999999954"/>
    <testcase classname="CLUSTER_SLO_datachk" name="Check_CLUSTER_SLO_dataset" time="0.00100000000009004"/>
    <testcase classname="CLUSTER_SLO_datachk" name="Check_CLUSTER_SLO_dataset" time="0.00199999999995271"/>
    <testcase classname="CLUSTER_SLO_datachk" name="Check_CLUSTER_SLO_dataset" time="0.00199999999995271"/>
    <testcase classname="CLUSTER_SLO_datachk" name="Check_CLUSTER_SLO_dataset" time="0.00200000000006639"/>
    <testcase classname="CLUSTER_SLO_datachk" name="Check_CLUSTER_SLO_dataset" time="0.000999999999976353"/>
    <testcase classname="CLUSTER_SLO_datachk" name="Check_CLUSTER_SLO_dataset" time="0.00199999999995271"/>
    <testcase classname="CLUSTER_SLO_datachk" name="Check_CLUSTER_SLO_dataset" time="0.00200000000006639"/>
    <testcase classname="CLUSTER_SLO_datachk" name="Check_CLUSTER_SLO_dataset" time="1.25599999999997"/>
    <testcase classname="CLUSTER_SLO_datachk" name="Check_CLUSTER_SLO_dataset" time="0.00200000000006639"/>
    <testcase classname="CLUSTER_SLO_datachk" name="Check_CLUSTER_SLO_dataset" time="0.00199999999995271"/>
    <testcase classname="CLUSTER_SLO_datachk" name="Check_CLUSTER_SLO_dataset" time="0.000999999999976353"/>
    <testcase classname="CLUSTER_SLO_datachk" name="Check_CLUSTER_SLO_dataset" time="0.00200000000006639"/>
    <testcase classname="CLUSTER_SLO_datachk" name="Check_CLUSTER_SLO_dataset" time="0.00199999999995271"/>
    <testcase classname="CLUSTER_SLO_datachk" name="Check_CLUSTER_SLO_dataset" time="0.00199999999995271"/>
    <testcase classname="CLUSTER_SLO_datachk" name="Check_CLUSTER_SLO_dataset" time="0.566000000000031"/>
    <testcase classname="CLUSTER_SLO_datachk" name="Check_CLUSTER_SLO_dataset" time="0.000999999999976353"/>
    <testcase classname="CLUSTER_SLO_datachk" name="Check_CLUSTER_SLO_dataset" time="0.00200000000006639"/>
    <testcase classname="CLUSTER_SLO_datachk" name="Check_CLUSTER_SLO_dataset" time="0.00199999999995271"/>
    <testcase classname="CLUSTER_SLO_datachk" name="Check_CLUSTER_SLO_dataset" time="0.00200000000006639"/>
    <testcase classname="CLUSTER_SLO_datachk" name="Check_CLUSTER_SLO_dataset" time="0.000999999999976353"/>
    <testcase classname="CLUSTER_SLO_datachk" name="Check_CLUSTER_SLO_dataset" time="0.00199999999995271"/>
    <testcase classname="CLUSTER_SLO_datachk" name="Check_CLUSTER_SLO_dataset" time="0.278999999999996"/>
    <testcase classname="CLUSTER_SLO_datachk" name="Check_CLUSTER_SLO_dataset" time="0.000999999999976353"/>
    <testcase classname="CLUSTER_SLO_datachk" name="Check_CLUSTER_SLO_dataset" time="0.00200000000006639"/>
    <testcase classname="CLUSTER_SLO_datachk" name="Check_CLUSTER_SLO_dataset" time="0.00199999999995271"/>
    <testcase classname="CLUSTER_SLO_datachk" name="Check_CLUSTER_SLO_dataset" time="0.00200000000006639"/>
    <testcase classname="CLUSTER_SLO_datachk" name="Check_CLUSTER_SLO_dataset" time="0.00199999999995271"/>
    <testcase classname="CLUSTER_SLO_datachk" name="Check_CLUSTER_SLO_dataset" time="0.00200000000006639"/>
    <testcase classname="CLUSTER_SLO_datachk" name="Check_CLUSTER_SLO_dataset" time="0.00199999999995271"/>
    <testcase classname="CLUSTER_SLO_datachk" name="Check_CLUSTER_SLO_dataset" time="0.00199999999995271"/>
    <testcase classname="CLUSTER_SLO_datachk" name="Check_CLUSTER_SLO_dataset" time="0.552999999999997"/>
    <testcase classname="CLUSTER_SLO_datachk" name="Check_CLUSTER_SLO_dataset" time="0.00300000000004275"/>
    <testcase classname="CLUSTER_SLO_datachk" name="Check_CLUSTER_SLO_dataset" time="0.00199999999995271"/>
    <testcase classname="CLUSTER_SLO_datachk" name="Check_CLUSTER_SLO_dataset" time="0.00200000000006639"/>
    <testcase classname="CLUSTER_SLO_datachk" name="Check_CLUSTER_SLO_dataset" time="0.00199999999995271"/>
    <testcase classname="CLUSTER_SLO_datachk" name="Check_CLUSTER_SLO_dataset" time="0.00300000000004275"/>
    <testcase classname="CLUSTER_SLO_datachk" name="Check_CLUSTER_SLO_dataset" time="0.00199999999995271"/>
    <testcase classname="CLUSTER_SLO_datachk" name="Check_CLUSTER_SLO_dataset" time="0.275000000000091"/>
    <testcase classname="CLUSTER_SLO_datachk" name="Check_CLUSTER_SLO_dataset" time="0.00299999999992906"/>
    <testcase classname="CLUSTER_SLO_datachk" name="Check_CLUSTER_SLO_dataset" time="0.00200000000006639"/>
    <testcase classname="CLUSTER_SLO_datachk" name="Check_CLUSTER_SLO_dataset" time="0.00199999999995271"/>
    <testcase classname="CLUSTER_SLO_datachk" name="Check_CLUSTER_SLO_dataset" time="0.00300000000004275"/>
    <testcase classname="CLUSTER_SLO_datachk" name="Check_CLUSTER_SLO_dataset" time="0.00199999999995271"/>
    <testcase classname="CLUSTER_SLO_datachk" name="Check_CLUSTER_SLO_dataset" time="0.00300000000004275"/>
    <testcase classname="CLUSTER_SLO_datachk" name="Check_CLUSTER_SLO_dataset" time="0.00199999999995271"/>
    <testcase classname="CLUSTER_SLO_datachk" name="Check_CLUSTER_SLO_dataset" time="0.00300000000004275"/>
    <testcase classname="CLUSTER_SLO_datachk" name="Check_CLUSTER_SLO_dataset" time="0.563999999999965"/>
    <testcase classname="CLUSTER_SLO_datachk" name="Check_CLUSTER_SLO_dataset" time="0.00199999999995271"/>
    <testcase classname="CLUSTER_SLO_datachk" name="Check_CLUSTER_SLO_dataset" time="0.00300000000004275"/>
    <testcase classname="CLUSTER_SLO_datachk" name="Check_CLUSTER_SLO_dataset" time="0.00199999999995271"/>
    <testcase classname="CLUSTER_SLO_datachk" name="Check_CLUSTER_SLO_dataset" time="0.00200000000006639"/>
    <testcase classname="CLUSTER_SLO_datachk" name="Check_CLUSTER_SLO_dataset" time="0.00299999999992906"/>
    <testcase classname="CLUSTER_SLO_datachk" name="Check_CLUSTER_SLO_dataset" time="0.00200000000006639"/>
    <testcase classname="CLUSTER_SLO_datachk" name="Check_CLUSTER_SLO_dataset" time="0.280999999999949"/>
    <testcase classname="CLUSTER_SLO_datachk" name="Check_CLUSTER_SLO_dataset" time="0.00199999999995271"/>
    <testcase classname="CLUSTER_SLO_datachk" name="Check_CLUSTER_SLO_dataset" time="0.00300000000004275"/>
    <testcase classname="CLUSTER_SLO_datachk" name="Check_CLUSTER_SLO_dataset" time="0.00199999999995271"/>
    <testcase classname="CLUSTER_SLO_datachk" name="Check_CLUSTER_SLO_dataset" time="0.00300000000004275"/>
    <testcase classname="CLUSTER_SLO_datachk" name="Check_CLUSTER_SLO_dataset" time="0.00199999999995271"/>
    <testcase classname="CLUSTER_SLO_datachk" name="Check_CLUSTER_SLO_dataset" time="0.00300000000004275"/>
    <testcase classname="CLUSTER_SLO_datachk" name="Check_CLUSTER_SLO_dataset" time="0.00199999999995271"/>
    <testcase classname="CLUSTER_SLO_datachk" name="Check_CLUSTER_SLO_dataset" time="0.00200000000006639"/>
    <testcase classname="CLUSTER_SLO_datachk" name="Check_CLUSTER_SLO_dataset" time="0.553999999999974"/>
    <testcase classname="CLUSTER_SLO_datachk" name="Check_CLUSTER_SLO_dataset" time="0.00300000000004275"/>
    <testcase classname="CLUSTER_SLO_datachk" name="Check_CLUSTER_SLO_dataset" time="0.00299999999992906"/>
    <testcase classname="CLUSTER_SLO_datachk" name="Check_CLUSTER_SLO_dataset" time="0.00300000000004275"/>
    <testcase classname="CLUSTER_SLO_datachk" name="Check_CLUSTER_SLO_dataset" time="0.00299999999992906"/>
    <testcase classname="CLUSTER_SLO_datachk" name="Check_CLUSTER_SLO_dataset" time="0.00200000000006639"/>
    <testcase classname="CLUSTER_SLO_datachk" name="Check_CLUSTER_SLO_dataset" time="0.00299999999992906"/>
    <testcase classname="CLUSTER_SLO_datachk" name="Check_CLUSTER_SLO_dataset" time="0.277000000000044"/>
    <testcase classname="CLUSTER_SLO_datachk" name="Check_CLUSTER_SLO_dataset" time="0.00300000000004275"/>
    <testcase classname="CLUSTER_SLO_datachk" name="Check_CLUSTER_SLO_dataset" time="0.00299999999992906"/>
    <testcase classname="CLUSTER_SLO_datachk" name="Check_CLUSTER_SLO_dataset" time="0.00200000000006639"/>
    <testcase classname="CLUSTER_SLO_datachk" name="Check_CLUSTER_SLO_dataset" time="0.00299999999992906"/>
    <testcase classname="CLUSTER_SLO_datachk" name="Check_CLUSTER_SLO_dataset" time="0.00300000000004275"/>
    <testcase classname="CLUSTER_SLO_datachk" name="Check_CLUSTER_SLO_dataset" time="0.00300000000004275"/>
    <testcase classname="CLUSTER_SLO_datachk" name="Check_CLUSTER_SLO_dataset" time="0.00299999999992906"/>
    <testcase classname="CLUSTER_SLO_datachk" name="Check_CLUSTER_SLO_dataset" time="0.00300000000004275"/>
    <testcase classname="CLUSTER_SLO_datachk" name="Check_CLUSTER_SLO_dataset" time="0.549999999999955"/>
    <testcase classname="CLUSTER_SLO_datachk" name="Check_CLUSTER_SLO_dataset" time="0.00300000000004275"/>
    <testcase classname="CLUSTER_SLO_datachk" name="Check_CLUSTER_SLO_dataset" time="0.0109999999999673"/>
    <testcase classname="CLUSTER_SLO_datachk" name="Check_CLUSTER_SLO_dataset" time="0.00300000000004275"/>
    <testcase classname="CLUSTER_SLO_datachk" name="Check_CLUSTER_SLO_dataset" time="0.00300000000004275"/>
    <testcase classname="CLUSTER_SLO_datachk" name="Check_CLUSTER_SLO_dataset" time="0.00299999999992906"/>
    <testcase classname="CLUSTER_SLO_datachk" name="Check_CLUSTER_SLO_dataset" time="0.00300000000004275"/>
    <testcase classname="CLUSTER_SLO_datachk" name="Check_CLUSTER_SLO_dataset" time="0.275999999999954"/>
    <testcase classname="CLUSTER_SLO_datachk" name="Check_CLUSTER_SLO_dataset" time="0.00300000000004275"/>
    <testcase classname="CLUSTER_SLO_datachk" name="Check_CLUSTER_SLO_dataset" time="0.00300000000004275"/>
    <testcase classname="CLUSTER_SLO_datachk" name="Check_CLUSTER_SLO_dataset" time="0.00299999999992906"/>
    <testcase classname="CLUSTER_SLO_datachk" name="Check_CLUSTER_SLO_dataset" time="0.00200000000006639"/>
    <testcase classname="CLUSTER_SLO_datachk" name="Check_CLUSTER_SLO_dataset" time="0.00299999999992906"/>
    <testcase classname="CLUSTER_SLO_datachk" name="Check_CLUSTER_SLO_dataset" time="0.00300000000004275"/>
    <testcase classname="CLUSTER_SLO_datachk" name="Check_CLUSTER_SLO_dataset" time="0.0040000000000191"/>
    <testcase classname="CLUSTER_SLO_datachk" name="Check_CLUSTER_SLO_dataset" time="0.00299999999992906"/>
    <testcase classname="CLUSTER_SLO_datachk" name="Check_CLUSTER_SLO_dataset" time="0.547000000000025"/>
    <testcase classname="CLUSTER_SLO_datachk" name="Check_CLUSTER_SLO_dataset" time="0.00300000000004275"/>
    <testcase classname="CLUSTER_SLO_datachk" name="Check_CLUSTER_SLO_dataset" time="0.00299999999992906"/>
    <testcase classname="CLUSTER_SLO_datachk" name="Check_CLUSTER_SLO_dataset" time="0.00300000000004275"/>
    <testcase classname="CLUSTER_SLO_datachk" name="Check_CLUSTER_SLO_dataset" time="0.0040000000000191"/>
    <testcase classname="CLUSTER_SLO_datachk" name="Check_CLUSTER_SLO_dataset" time="0.00299999999992906"/>
    <testcase classname="CLUSTER_SLO_datachk" name="Check_CLUSTER_SLO_dataset" time="0.00300000000004275"/>
    <testcase classname="CLUSTER_SLO_datachk" name="Check_CLUSTER_SLO_dataset" time="0.274000000000001"/>
    <testcase classname="CLUSTER_SLO_datachk" name="Check_CLUSTER_SLO_dataset" time="0.0040000000000191"/>
    <testcase classname="CLUSTER_SLO_datachk" name="Check_CLUSTER_SLO_dataset" time="0.00299999999992906"/>
    <testcase classname="CLUSTER_SLO_datachk" name="Check_CLUSTER_SLO_dataset" time="0.0040000000000191"/>
    <testcase classname="CLUSTER_SLO_datachk" name="Check_CLUSTER_SLO_dataset" time="0.00499999999999545"/>
    <testcase classname="CLUSTER_SLO_datachk" name="Check_CLUSTER_SLO_dataset" time="0.00499999999999545"/>
    <testcase classname="CLUSTER_SLO_datachk" name="Check_CLUSTER_SLO_dataset" time="0.0040000000000191"/>
    <testcase classname="CLUSTER_SLO_datachk" name="Check_CLUSTER_SLO_dataset" time="0.00300000000004275"/>
    <testcase classname="CLUSTER_SLO_datachk" name="Check_CLUSTER_SLO_dataset" time="0.00299999999992906"/>
    <testcase classname="CLUSTER_SLO_datachk" name="Check_CLUSTER_SLO_dataset" time="0.547000000000025"/>
    <testcase classname="CLUSTER_SLO_datachk" name="Check_CLUSTER_SLO_dataset" time="0.00300000000004275"/>
    <testcase classname="CLUSTER_SLO_datachk" name="Check_CLUSTER_SLO_dataset" time="0.0040000000000191"/>
    <testcase classname="CLUSTER_SLO_datachk" name="Check_CLUSTER_SLO_dataset" time="0.00299999999992906"/>
    <testcase classname="CLUSTER_SLO_datachk" name="Check_CLUSTER_SLO_dataset" time="0.0120000000000573"/>
    <testcase classname="CLUSTER_SLO_datachk" name="Check_CLUSTER_SLO_dataset" time="0.00299999999992906"/>
    <testcase classname="CLUSTER_SLO_datachk" name="Check_CLUSTER_SLO_dataset" time="0.0040000000000191"/>
    <testcase classname="CLUSTER_SLO_datachk" name="Check_CLUSTER_SLO_dataset" time="0.280000000000086"/>
    <testcase classname="CLUSTER_SLO_datachk" name="Check_CLUSTER_SLO_dataset" time="0.00399999999990541"/>
    <testcase classname="CLUSTER_SLO_datachk" name="Check_CLUSTER_SLO_dataset" time="0.00300000000004275"/>
    <testcase classname="CLUSTER_SLO_datachk" name="Check_CLUSTER_SLO_dataset" time="0.0040000000000191"/>
    <testcase classname="CLUSTER_SLO_datachk" name="Check_CLUSTER_SLO_dataset" time="0.00299999999992906"/>
    <testcase classname="CLUSTER_SLO_datachk" name="Check_CLUSTER_SLO_dataset" time="0.00300000000004275"/>
    <testcase classname="CLUSTER_SLO_datachk" name="Check_CLUSTER_SLO_dataset" time="0.00300000000004275"/>
    <testcase classname="CLUSTER_SLO_datachk" name="Check_CLUSTER_SLO_dataset" time="0.00299999999992906"/>
    <testcase classname="CLUSTER_SLO_datachk" name="Check_CLUSTER_SLO_dataset" time="0.00300000000004275"/>
    <testcase classname="CLUSTER_SLO_datachk" name="Check_CLUSTER_SLO_dataset" time="0.551000000000045"/>
    <testcase classname="CLUSTER_SLO_datachk" name="Check_CLUSTER_SLO_dataset" time="0.00399999999990541"/>
    <testcase classname="CLUSTER_SLO_datachk" name="Check_CLUSTER_SLO_dataset" time="0.00300000000004275"/>
    <testcase classname="CLUSTER_SLO_datachk" name="Check_CLUSTER_SLO_dataset" time="0.0040000000000191"/>
    <testcase classname="CLUSTER_SLO_datachk" name="Check_CLUSTER_SLO_dataset" time="0.0040000000000191"/>
    <testcase classname="CLUSTER_SLO_datachk" name="Check_CLUSTER_SLO_dataset" time="0.00399999999990541"/>
    <testcase classname="CLUSTER_SLO_datachk" name="Check_CLUSTER_SLO_dataset" time="0.00500000000010914"/>
    <testcase classname="CLUSTER_SLO_datachk" name="Check_CLUSTER_SLO_dataset" time="0.295999999999935"/>
    <testcase classname="CLUSTER_SLO_datachk" name="Check_CLUSTER_SLO_dataset" time="0.00499999999999545"/>
    <testcase classname="CLUSTER_SLO_datachk" name="Check_CLUSTER_SLO_dataset" time="0.0040000000000191"/>
    <testcase classname="CLUSTER_SLO_datachk" name="Check_CLUSTER_SLO_dataset" time="0.00499999999999545"/>
    <testcase classname="CLUSTER_SLO_datachk" name="Check_CLUSTER_SLO_dataset" time="0.0040000000000191"/>
    <testcase classname="CLUSTER_SLO_datachk" name="Check_CLUSTER_SLO_dataset" time="0.0040000000000191"/>
    <testcase classname="CLUSTER_SLO_datachk" name="Check_CLUSTER_SLO_dataset" time="0.00499999999999545"/>
    <testcase classname="CLUSTER_SLO_datachk" name="Check_CLUSTER_SLO_dataset" time="0.0040000000000191"/>
    <testcase classname="CLUSTER_SLO_datachk" name="Check_CLUSTER_SLO_dataset" time="0.00399999999990541"/>
    <testcase classname="CLUSTER_SLO_datachk" name="Check_CLUSTER_SLO_dataset" time="0.576000000000022"/>
    <testcase classname="CLUSTER_SLO_datachk" name="Check_CLUSTER_SLO_dataset" time="0.0040000000000191"/>
    <testcase classname="CLUSTER_SLO_datachk" name="Check_CLUSTER_SLO_dataset" time="0.0040000000000191"/>
    <testcase classname="CLUSTER_SLO_datachk" name="Check_CLUSTER_SLO_dataset" time="0.0040000000000191"/>
    <testcase classname="CLUSTER_SLO_datachk" name="Check_CLUSTER_SLO_dataset" time="0.00299999999992906"/>
    <testcase classname="CLUSTER_SLO_datachk" name="Check_CLUSTER_SLO_dataset" time="0.0040000000000191"/>
    <testcase classname="CLUSTER_SLO_datachk" name="Check_CLUSTER_SLO_dataset" time="0.0040000000000191"/>
    <testcase classname="CLUSTER_SLO_datachk" name="Check_CLUSTER_SLO_dataset" time="0.285999999999945"/>
    <testcase classname="CLUSTER_SLO_datachk" name="Check_CLUSTER_SLO_dataset" time="0.0040000000000191"/>
    <testcase classname="CLUSTER_SLO_datachk" name="Check_CLUSTER_SLO_dataset" time="0.00499999999999545"/>
    <testcase classname="CLUSTER_SLO_datachk" name="Check_CLUSTER_SLO_dataset" time="0.0040000000000191"/>
    <testcase classname="CLUSTER_SLO_datachk" name="Check_CLUSTER_SLO_dataset" time="0.0040000000000191"/>
    <testcase classname="CLUSTER_SLO_datachk" name="Check_CLUSTER_SLO_dataset" time="0.00499999999999545"/>
    <testcase classname="CLUSTER_SLO_datachk" name="Check_CLUSTER_SLO_dataset" time="0.0040000000000191"/>
    <testcase classname="CLUSTER_SLO_datachk" name="Check_CLUSTER_SLO_dataset" time="0.0040000000000191"/>
    <testcase classname="CLUSTER_SLO_datachk" name="Check_CLUSTER_SLO_dataset" time="0.00499999999999545"/>
    <testcase classname="CLUSTER_SLO_datachk" name="Check_CLUSTER_SLO_dataset" time="0.563999999999965"/>
    <testcase classname="CLUSTER_SLO_datachk" name="Check_CLUSTER_SLO_dataset" time="0.0040000000000191"/>
    <testcase classname="CLUSTER_SLO_datachk" name="Check_CLUSTER_SLO_dataset" time="0.0040000000000191"/>
    <testcase classname="CLUSTER_SLO_datachk" name="Check_CLUSTER_SLO_dataset" time="0.0040000000000191"/>
    <testcase classname="CLUSTER_SLO_datachk" name="Check_CLUSTER_SLO_dataset" time="0.00399999999990541"/>
    <testcase classname="CLUSTER_SLO_datachk" name="Check_CLUSTER_SLO_dataset" time="0.00499999999999545"/>
    <testcase classname="CLUSTER_SLO_datachk" name="Check_CLUSTER_SLO_dataset" time="0.00499999999999545"/>
    <testcase classname="CLUSTER_SLO_datachk" name="Check_CLUSTER_SLO_dataset" time="0.276000000000067"/>
    <testcase classname="CLUSTER_SLO_datachk" name="Check_CLUSTER_SLO_dataset" time="0.00499999999999545"/>
    <testcase classname="CLUSTER_SLO_datachk" name="Check_CLUSTER_SLO_dataset" time="0.0040000000000191"/>
    <testcase classname="CLUSTER_SLO_datachk" name="Check_CLUSTER_SLO_dataset" time="0.00299999999992906"/>
    <testcase classname="CLUSTER_SLO_datachk" name="Check_CLUSTER_SLO_dataset" time="0.0040000000000191"/>
    <testcase classname="CLUSTER_SLO_datachk" name="Check_CLUSTER_SLO_dataset" time="0.00499999999999545"/>
    <testcase classname="CLUSTER_SLO_datachk" name="Check_CLUSTER_SLO_dataset" time="0.0040000000000191"/>
    <testcase classname="CLUSTER_SLO_datachk" name="Check_CLUSTER_SLO_dataset" time="0.0040000000000191"/>
    <testcase classname="CLUSTER_SLO_datachk" name="Check_CLUSTER_SLO_dataset" time="0.00499999999999545"/>
    <testcase classname="CLUSTER_SLO_datachk" name="Check_CLUSTER_SLO_dataset" time="0.548000000000002"/>
    <testcase classname="CLUSTER_SLO_datachk" name="Check_CLUSTER_SLO_dataset" time="0.0040000000000191"/>
    <testcase classname="CLUSTER_SLO_datachk" name="Check_CLUSTER_SLO_dataset" time="0.0040000000000191"/>
    <testcase classname="CLUSTER_SLO_datachk" name="Check_CLUSTER_SLO_dataset" time="0.00399999999990541"/>
    <testcase classname="CLUSTER_SLO_datachk" name="Check_CLUSTER_SLO_dataset" time="0.00499999999999545"/>
    <testcase classname="CLUSTER_SLO_datachk" name="Check_CLUSTER_SLO_dataset" time="0.0040000000000191"/>
    <testcase classname="CLUSTER_SLO_datachk" name="Check_CLUSTER_SLO_dataset" time="0.0040000000000191"/>
    <testcase classname="CLUSTER_SLO_datachk" name="Check_CLUSTER_SLO_dataset" time="0.278999999999996"/>
    <testcase classname="CLUSTER_SLO_datachk" name="Check_CLUSTER_SLO_dataset" time="0.0040000000000191"/>
    <testcase classname="CLUSTER_SLO_datachk" name="Check_CLUSTER_SLO_dataset" time="0.00499999999999545"/>
    <testcase classname="CLUSTER_SLO_datachk" name="Check_CLUSTER_SLO_dataset" time="0.0040000000000191"/>
    <testcase classname="CLUSTER_SLO_datachk" name="Check_CLUSTER_SLO_dataset" time="0.00499999999999545"/>
    <testcase classname="CLUSTER_SLO_datachk" name="Check_CLUSTER_SLO_dataset" time="0.0040000000000191"/>
    <testcase classname="CLUSTER_SLO_datachk" name="Check_CLUSTER_SLO_dataset" time="0.0040000000000191"/>
    <testcase classname="CLUSTER_SLO_datachk" name="Check_CLUSTER_SLO_dataset" time="0.00499999999999545"/>
    <testcase classname="CLUSTER_SLO_datachk" name="Check_CLUSTER_SLO_dataset" time="0.00499999999999545"/>
    <testcase classname="CLUSTER_SLO_datachk" name="Check_CLUSTER_SLO_dataset" time="0.555999999999926"/>
    <testcase classname="CLUSTER_SLO_datachk" name="Check_CLUSTER_SLO_dataset" time="0.00600000000008549"/>
    <testcase classname="CLUSTER_SLO_datachk" name="Check_CLUSTER_SLO_dataset" time="0.00499999999999545"/>
    <testcase classname="CLUSTER_SLO_datachk" name="Check_CLUSTER_SLO_dataset" time="0.00399999999990541"/>
    <testcase classname="CLUSTER_SLO_datachk" name="Check_CLUSTER_SLO_dataset" time="0.00499999999999545"/>
    <testcase classname="CLUSTER_SLO_datachk" name="Check_CLUSTER_SLO_dataset" time="0.00499999999999545"/>
    <testcase classname="CLUSTER_SLO_datachk" name="Check_CLUSTER_SLO_dataset" time="0.00500000000010914"/>
    <testcase classname="CLUSTER_SLO_datachk" name="Check_CLUSTER_SLO_dataset" time="0.291999999999916"/>
    <testcase classname="CLUSTER_SLO_datachk" name="Check_CLUSTER_SLO_dataset" time="0.00499999999999545"/>
    <testcase classname="CLUSTER_SLO_datachk" name="Check_CLUSTER_SLO_dataset" time="0.00499999999999545"/>
    <testcase classname="CLUSTER_SLO_datachk" name="Check_CLUSTER_SLO_dataset" time="0.0040000000000191"/>
    <testcase classname="CLUSTER_SLO_datachk" name="Check_CLUSTER_SLO_dataset" time="0.00499999999999545"/>
    <testcase classname="CLUSTER_SLO_datachk" name="Check_CLUSTER_SLO_dataset" time="0.00499999999999545"/>
    <testcase classname="CLUSTER_SLO_datachk" name="Check_CLUSTER_SLO_dataset" time="0.0040000000000191"/>
    <testcase classname="CLUSTER_SLO_datachk" name="Check_CLUSTER_SLO_dataset" time="0.00499999999999545"/>
    <testcase classname="CLUSTER_SLO_datachk" name="Check_CLUSTER_SLO_dataset" time="0.00499999999999545"/>
    <testcase classname="CLUSTER_SLO_datachk" name="Check_CLUSTER_SLO_dataset" time="0.563999999999965"/>
    <testcase classname="CLUSTER_SLO_datachk" name="Check_CLUSTER_SLO_dataset" time="0.0040000000000191"/>
    <testcase classname="CLUSTER_SLO_datachk" name="Check_CLUSTER_SLO_dataset" time="0.00499999999999545"/>
    <testcase classname="CLUSTER_SLO_datachk" name="Check_CLUSTER_SLO_dataset" time="0.00600000000008549"/>
    <testcase classname="CLUSTER_SLO_datachk" name="Check_CLUSTER_SLO_dataset" time="0.00499999999999545"/>
    <testcase classname="CLUSTER_SLO_datachk" name="Check_CLUSTER_SLO_dataset" time="0.00499999999999545"/>
    <testcase classname="CLUSTER_SLO_datachk" name="Check_CLUSTER_SLO_dataset" time="0.00499999999999545"/>
    <testcase classname="CLUSTER_SLO_datachk" name="Check_CLUSTER_SLO_dataset" time="0.27699999999993"/>
    <testcase classname="CLUSTER_SLO_datachk" name="Check_CLUSTER_SLO_dataset" time="0.00700000000006185"/>
    <testcase classname="CLUSTER_SLO_datachk" name="Check_CLUSTER_SLO_dataset" time="0.00499999999999545"/>
    <testcase classname="CLUSTER_SLO_datachk" name="Check_CLUSTER_SLO_dataset" time="0.00599999999997181"/>
    <testcase classname="CLUSTER_SLO_datachk" name="Check_CLUSTER_SLO_dataset" time="0.00499999999999545"/>
    <testcase classname="CLUSTER_SLO_datachk" name="Check_CLUSTER_SLO_dataset" time="0.00499999999999545"/>
    <testcase classname="CLUSTER_SLO_datachk" name="Check_CLUSTER_SLO_dataset" time="0.00499999999999545"/>
    <testcase classname="CLUSTER_SLO_datachk" name="Check_CLUSTER_SLO_dataset" time="0.00499999999999545"/>
    <testcase classname="CLUSTER_SLO_datachk" name="Check_CLUSTER_SLO_dataset" time="0.00700000000006185"/>
  </testsuite>
  <testsuite errors="0" failures="0" hostname="fv-az14" name="CLUSTER_SLO::datachk::shutdown" skipped="0" tests="3" time="0.289" timestamp="2020-10-27T20:29:52Z">
    <testcase classname="CLUSTER_SLO_datachk_shutdown" name="shutdown" time="0.285999999999945"/>
    <testcase classname="CLUSTER_SLO_datachk_shutdown" name="shutdown" time="0.00200000000006639"/>
    <testcase classname="CLUSTER_SLO_datachk_shutdown" name="shutdown" time="0.000999999999976353"/>
  </testsuite>
  <testsuite errors="0" failures="0" hostname="fv-az14" name="CLUSTER_SLO::datachk::done" skipped="0" tests="0" time="0" timestamp="2020-10-27T20:29:53Z"/>
  <testsuite errors="0" failures="0" hostname="fv-az14" name="CNSIM::datachk::setup" skipped="0" tests="3" time="5.557" timestamp="2020-10-27T20:29:53Z">
    <testcase classname="CNSIM_datachk_setup" name="setup" time="5.55499999999995"/>
    <testcase classname="CNSIM_datachk_setup" name="setup" time="0.000999999999976353"/>
    <testcase classname="CNSIM_datachk_setup" name="setup" time="0.00100000000009004"/>
  </testsuite>
  <testsuite errors="0" failures="0" hostname="fv-az14" name="CNSIM::datachk" skipped="0" tests="198" time="11.922" timestamp="2020-10-27T20:29:58Z">
    <testcase classname="CNSIM_datachk" name="Check_CNSIM_dataset" time="0.552000000000021"/>
    <testcase classname="CNSIM_datachk" name="Check_CNSIM_dataset" time="0.000999999999976353"/>
    <testcase classname="CNSIM_datachk" name="Check_CNSIM_dataset" time="0.00199999999995271"/>
    <testcase classname="CNSIM_datachk" name="Check_CNSIM_dataset" time="0.00100000000009004"/>
    <testcase classname="CNSIM_datachk" name="Check_CNSIM_dataset" time="0.00199999999995271"/>
    <testcase classname="CNSIM_datachk" name="Check_CNSIM_dataset" time="0.000999999999976353"/>
    <testcase classname="CNSIM_datachk" name="Check_CNSIM_dataset" time="0.000999999999976353"/>
    <testcase classname="CNSIM_datachk" name="Check_CNSIM_dataset" time="0.273000000000025"/>
    <testcase classname="CNSIM_datachk" name="Check_CNSIM_dataset" time="0.00300000000004275"/>
    <testcase classname="CNSIM_datachk" name="Check_CNSIM_dataset" time="0.00199999999995271"/>
    <testcase classname="CNSIM_datachk" name="Check_CNSIM_dataset" time="0.00200000000006639"/>
    <testcase classname="CNSIM_datachk" name="Check_CNSIM_dataset" time="0.000999999999976353"/>
    <testcase classname="CNSIM_datachk" name="Check_CNSIM_dataset" time="0.00199999999995271"/>
    <testcase classname="CNSIM_datachk" name="Check_CNSIM_dataset" time="0.00200000000006639"/>
    <testcase classname="CNSIM_datachk" name="Check_CNSIM_dataset" time="0.000999999999976353"/>
    <testcase classname="CNSIM_datachk" name="Check_CNSIM_dataset" time="1.24400000000003"/>
    <testcase classname="CNSIM_datachk" name="Check_CNSIM_dataset" time="0.000999999999976353"/>
    <testcase classname="CNSIM_datachk" name="Check_CNSIM_dataset" time="0.00299999999992906"/>
    <testcase classname="CNSIM_datachk" name="Check_CNSIM_dataset" time="0.00100000000009004"/>
    <testcase classname="CNSIM_datachk" name="Check_CNSIM_dataset" time="0.00199999999995271"/>
    <testcase classname="CNSIM_datachk" name="Check_CNSIM_dataset" time="0.00199999999995271"/>
    <testcase classname="CNSIM_datachk" name="Check_CNSIM_dataset" time="0.00200000000006639"/>
    <testcase classname="CNSIM_datachk" name="Check_CNSIM_dataset" time="0.557000000000016"/>
    <testcase classname="CNSIM_datachk" name="Check_CNSIM_dataset" time="0.000999999999976353"/>
    <testcase classname="CNSIM_datachk" name="Check_CNSIM_dataset" time="0.00199999999995271"/>
    <testcase classname="CNSIM_datachk" name="Check_CNSIM_dataset" time="0.00200000000006639"/>
    <testcase classname="CNSIM_datachk" name="Check_CNSIM_dataset" time="0.00199999999995271"/>
    <testcase classname="CNSIM_datachk" name="Check_CNSIM_dataset" time="0.00200000000006639"/>
    <testcase classname="CNSIM_datachk" name="Check_CNSIM_dataset" time="0.00199999999995271"/>
    <testcase classname="CNSIM_datachk" name="Check_CNSIM_dataset" time="0.278999999999996"/>
    <testcase classname="CNSIM_datachk" name="Check_CNSIM_dataset" time="0.00199999999995271"/>
    <testcase classname="CNSIM_datachk" name="Check_CNSIM_dataset" time="0.00200000000006639"/>
    <testcase classname="CNSIM_datachk" name="Check_CNSIM_dataset" time="0.00199999999995271"/>
    <testcase classname="CNSIM_datachk" name="Check_CNSIM_dataset" time="0.00200000000006639"/>
    <testcase classname="CNSIM_datachk" name="Check_CNSIM_dataset" time="0.00199999999995271"/>
    <testcase classname="CNSIM_datachk" name="Check_CNSIM_dataset" time="0.00200000000006639"/>
    <testcase classname="CNSIM_datachk" name="Check_CNSIM_dataset" time="0.00199999999995271"/>
    <testcase classname="CNSIM_datachk" name="Check_CNSIM_dataset" time="0.00199999999995271"/>
    <testcase classname="CNSIM_datachk" name="Check_CNSIM_dataset" time="0.575000000000045"/>
    <testcase classname="CNSIM_datachk" name="Check_CNSIM_dataset" time="0.00199999999995271"/>
    <testcase classname="CNSIM_datachk" name="Check_CNSIM_dataset" time="0.00200000000006639"/>
    <testcase classname="CNSIM_datachk" name="Check_CNSIM_dataset" time="0.00199999999995271"/>
    <testcase classname="CNSIM_datachk" name="Check_CNSIM_dataset" time="0.00200000000006639"/>
    <testcase classname="CNSIM_datachk" name="Check_CNSIM_dataset" time="0.00199999999995271"/>
    <testcase classname="CNSIM_datachk" name="Check_CNSIM_dataset" time="0.00199999999995271"/>
    <testcase classname="CNSIM_datachk" name="Check_CNSIM_dataset" time="0.289000000000101"/>
    <testcase classname="CNSIM_datachk" name="Check_CNSIM_dataset" time="0.00299999999992906"/>
    <testcase classname="CNSIM_datachk" name="Check_CNSIM_dataset" time="0.00200000000006639"/>
    <testcase classname="CNSIM_datachk" name="Check_CNSIM_dataset" time="0.00199999999995271"/>
    <testcase classname="CNSIM_datachk" name="Check_CNSIM_dataset" time="0.00300000000004275"/>
    <testcase classname="CNSIM_datachk" name="Check_CNSIM_dataset" time="0.00199999999995271"/>
    <testcase classname="CNSIM_datachk" name="Check_CNSIM_dataset" time="0.00300000000004275"/>
    <testcase classname="CNSIM_datachk" name="Check_CNSIM_dataset" time="0.00199999999995271"/>
    <testcase classname="CNSIM_datachk" name="Check_CNSIM_dataset" time="0.00300000000004275"/>
    <testcase classname="CNSIM_datachk" name="Check_CNSIM_dataset" time="0.55499999999995"/>
    <testcase classname="CNSIM_datachk" name="Check_CNSIM_dataset" time="0.00200000000006639"/>
    <testcase classname="CNSIM_datachk" name="Check_CNSIM_dataset" time="0.00199999999995271"/>
    <testcase classname="CNSIM_datachk" name="Check_CNSIM_dataset" time="0.00300000000004275"/>
    <testcase classname="CNSIM_datachk" name="Check_CNSIM_dataset" time="0.00999999999999091"/>
    <testcase classname="CNSIM_datachk" name="Check_CNSIM_dataset" time="0.00199999999995271"/>
    <testcase classname="CNSIM_datachk" name="Check_CNSIM_dataset" time="0.00200000000006639"/>
    <testcase classname="CNSIM_datachk" name="Check_CNSIM_dataset" time="0.277999999999906"/>
    <testcase classname="CNSIM_datachk" name="Check_CNSIM_dataset" time="0.00200000000006639"/>
    <testcase classname="CNSIM_datachk" name="Check_CNSIM_dataset" time="0.00299999999992906"/>
    <testcase classname="CNSIM_datachk" name="Check_CNSIM_dataset" time="0.00200000000006639"/>
    <testcase classname="CNSIM_datachk" name="Check_CNSIM_dataset" time="0.00299999999992906"/>
    <testcase classname="CNSIM_datachk" name="Check_CNSIM_dataset" time="0.00200000000006639"/>
    <testcase classname="CNSIM_datachk" name="Check_CNSIM_dataset" time="0.00299999999992906"/>
    <testcase classname="CNSIM_datachk" name="Check_CNSIM_dataset" time="0.00300000000004275"/>
    <testcase classname="CNSIM_datachk" name="Check_CNSIM_dataset" time="0.00300000000004275"/>
    <testcase classname="CNSIM_datachk" name="Check_CNSIM_dataset" time="0.56899999999996"/>
    <testcase classname="CNSIM_datachk" name="Check_CNSIM_dataset" time="0.00300000000004275"/>
    <testcase classname="CNSIM_datachk" name="Check_CNSIM_dataset" time="0.00499999999999545"/>
    <testcase classname="CNSIM_datachk" name="Check_CNSIM_dataset" time="0.00199999999995271"/>
    <testcase classname="CNSIM_datachk" name="Check_CNSIM_dataset" time="0.0040000000000191"/>
    <testcase classname="CNSIM_datachk" name="Check_CNSIM_dataset" time="0.00300000000004275"/>
    <testcase classname="CNSIM_datachk" name="Check_CNSIM_dataset" time="0.00299999999992906"/>
    <testcase classname="CNSIM_datachk" name="Check_CNSIM_dataset" time="0.29200000000003"/>
    <testcase classname="CNSIM_datachk" name="Check_CNSIM_dataset" time="0.00300000000004275"/>
    <testcase classname="CNSIM_datachk" name="Check_CNSIM_dataset" time="0.00299999999992906"/>
    <testcase classname="CNSIM_datachk" name="Check_CNSIM_dataset" time="0.00300000000004275"/>
    <testcase classname="CNSIM_datachk" name="Check_CNSIM_dataset" time="0.00199999999995271"/>
    <testcase classname="CNSIM_datachk" name="Check_CNSIM_dataset" time="0.00300000000004275"/>
    <testcase classname="CNSIM_datachk" name="Check_CNSIM_dataset" time="0.00300000000004275"/>
    <testcase classname="CNSIM_datachk" name="Check_CNSIM_dataset" time="0.00299999999992906"/>
    <testcase classname="CNSIM_datachk" name="Check_CNSIM_dataset" time="0.00300000000004275"/>
    <testcase classname="CNSIM_datachk" name="Check_CNSIM_dataset" time="0.562999999999988"/>
    <testcase classname="CNSIM_datachk" name="Check_CNSIM_dataset" time="0.00300000000004275"/>
    <testcase classname="CNSIM_datachk" name="Check_CNSIM_dataset" time="0.00299999999992906"/>
    <testcase classname="CNSIM_datachk" name="Check_CNSIM_dataset" time="0.00300000000004275"/>
    <testcase classname="CNSIM_datachk" name="Check_CNSIM_dataset" time="0.00299999999992906"/>
    <testcase classname="CNSIM_datachk" name="Check_CNSIM_dataset" time="0.00300000000004275"/>
    <testcase classname="CNSIM_datachk" name="Check_CNSIM_dataset" time="0.00300000000004275"/>
    <testcase classname="CNSIM_datachk" name="Check_CNSIM_dataset" time="0.286999999999921"/>
    <testcase classname="CNSIM_datachk" name="Check_CNSIM_dataset" time="0.00300000000004275"/>
    <testcase classname="CNSIM_datachk" name="Check_CNSIM_dataset" time="0.00300000000004275"/>
    <testcase classname="CNSIM_datachk" name="Check_CNSIM_dataset" time="0.00199999999995271"/>
    <testcase classname="CNSIM_datachk" name="Check_CNSIM_dataset" time="0.00300000000004275"/>
    <testcase classname="CNSIM_datachk" name="Check_CNSIM_dataset" time="0.00299999999992906"/>
    <testcase classname="CNSIM_datachk" name="Check_CNSIM_dataset" time="0.00300000000004275"/>
    <testcase classname="CNSIM_datachk" name="Check_CNSIM_dataset" time="0.00299999999992906"/>
    <testcase classname="CNSIM_datachk" name="Check_CNSIM_dataset" time="0.00300000000004275"/>
    <testcase classname="CNSIM_datachk" name="Check_CNSIM_dataset" time="0.547000000000025"/>
    <testcase classname="CNSIM_datachk" name="Check_CNSIM_dataset" time="0.00300000000004275"/>
    <testcase classname="CNSIM_datachk" name="Check_CNSIM_dataset" time="0.00299999999992906"/>
    <testcase classname="CNSIM_datachk" name="Check_CNSIM_dataset" time="0.00300000000004275"/>
    <testcase classname="CNSIM_datachk" name="Check_CNSIM_dataset" time="0.0040000000000191"/>
    <testcase classname="CNSIM_datachk" name="Check_CNSIM_dataset" time="0.00299999999992906"/>
    <testcase classname="CNSIM_datachk" name="Check_CNSIM_dataset" time="0.00300000000004275"/>
    <testcase classname="CNSIM_datachk" name="Check_CNSIM_dataset" time="0.283999999999992"/>
    <testcase classname="CNSIM_datachk" name="Check_CNSIM_dataset" time="0.0040000000000191"/>
    <testcase classname="CNSIM_datachk" name="Check_CNSIM_dataset" time="0.00299999999992906"/>
    <testcase classname="CNSIM_datachk" name="Check_CNSIM_dataset" time="0.00300000000004275"/>
    <testcase classname="CNSIM_datachk" name="Check_CNSIM_dataset" time="0.0040000000000191"/>
    <testcase classname="CNSIM_datachk" name="Check_CNSIM_dataset" time="0.00299999999992906"/>
    <testcase classname="CNSIM_datachk" name="Check_CNSIM_dataset" time="0.0040000000000191"/>
    <testcase classname="CNSIM_datachk" name="Check_CNSIM_dataset" time="0.0040000000000191"/>
    <testcase classname="CNSIM_datachk" name="Check_CNSIM_dataset" time="0.00300000000004275"/>
    <testcase classname="CNSIM_datachk" name="Check_CNSIM_dataset" time="0.567999999999984"/>
    <testcase classname="CNSIM_datachk" name="Check_CNSIM_dataset" time="0.00499999999999545"/>
    <testcase classname="CNSIM_datachk" name="Check_CNSIM_dataset" time="0.00300000000004275"/>
    <testcase classname="CNSIM_datachk" name="Check_CNSIM_dataset" time="0.00399999999990541"/>
    <testcase classname="CNSIM_datachk" name="Check_CNSIM_dataset" time="0.00300000000004275"/>
    <testcase classname="CNSIM_datachk" name="Check_CNSIM_dataset" time="0.00499999999999545"/>
    <testcase classname="CNSIM_datachk" name="Check_CNSIM_dataset" time="0.0040000000000191"/>
    <testcase classname="CNSIM_datachk" name="Check_CNSIM_dataset" time="0.287000000000035"/>
    <testcase classname="CNSIM_datachk" name="Check_CNSIM_dataset" time="0.0119999999999436"/>
    <testcase classname="CNSIM_datachk" name="Check_CNSIM_dataset" time="0.0040000000000191"/>
    <testcase classname="CNSIM_datachk" name="Check_CNSIM_dataset" time="0.00300000000004275"/>
    <testcase classname="CNSIM_datachk" name="Check_CNSIM_dataset" time="0.00399999999990541"/>
    <testcase classname="CNSIM_datachk" name="Check_CNSIM_dataset" time="0.00300000000004275"/>
    <testcase classname="CNSIM_datachk" name="Check_CNSIM_dataset" time="0.0040000000000191"/>
    <testcase classname="CNSIM_datachk" name="Check_CNSIM_dataset" time="0.0040000000000191"/>
    <testcase classname="CNSIM_datachk" name="Check_CNSIM_dataset" time="0.00399999999990541"/>
    <testcase classname="CNSIM_datachk" name="Check_CNSIM_dataset" time="0.548000000000002"/>
    <testcase classname="CNSIM_datachk" name="Check_CNSIM_dataset" time="0.00499999999999545"/>
    <testcase classname="CNSIM_datachk" name="Check_CNSIM_dataset" time="0.0040000000000191"/>
    <testcase classname="CNSIM_datachk" name="Check_CNSIM_dataset" time="0.0040000000000191"/>
    <testcase classname="CNSIM_datachk" name="Check_CNSIM_dataset" time="0.00300000000004275"/>
    <testcase classname="CNSIM_datachk" name="Check_CNSIM_dataset" time="0.0040000000000191"/>
    <testcase classname="CNSIM_datachk" name="Check_CNSIM_dataset" time="0.00399999999990541"/>
    <testcase classname="CNSIM_datachk" name="Check_CNSIM_dataset" time="0.283000000000015"/>
    <testcase classname="CNSIM_datachk" name="Check_CNSIM_dataset" time="0.0040000000000191"/>
    <testcase classname="CNSIM_datachk" name="Check_CNSIM_dataset" time="0.0040000000000191"/>
    <testcase classname="CNSIM_datachk" name="Check_CNSIM_dataset" time="0.0040000000000191"/>
    <testcase classname="CNSIM_datachk" name="Check_CNSIM_dataset" time="0.0040000000000191"/>
    <testcase classname="CNSIM_datachk" name="Check_CNSIM_dataset" time="0.00399999999990541"/>
    <testcase classname="CNSIM_datachk" name="Check_CNSIM_dataset" time="0.00500000000010914"/>
    <testcase classname="CNSIM_datachk" name="Check_CNSIM_dataset" time="0.00399999999990541"/>
    <testcase classname="CNSIM_datachk" name="Check_CNSIM_dataset" time="0.0040000000000191"/>
    <testcase classname="CNSIM_datachk" name="Check_CNSIM_dataset" time="0.548999999999978"/>
    <testcase classname="CNSIM_datachk" name="Check_CNSIM_dataset" time="0.0040000000000191"/>
    <testcase classname="CNSIM_datachk" name="Check_CNSIM_dataset" time="0.00499999999999545"/>
    <testcase classname="CNSIM_datachk" name="Check_CNSIM_dataset" time="0.0040000000000191"/>
    <testcase classname="CNSIM_datachk" name="Check_CNSIM_dataset" time="0.0040000000000191"/>
    <testcase classname="CNSIM_datachk" name="Check_CNSIM_dataset" time="0.00499999999999545"/>
    <testcase classname="CNSIM_datachk" name="Check_CNSIM_dataset" time="0.0040000000000191"/>
    <testcase classname="CNSIM_datachk" name="Check_CNSIM_dataset" time="0.288000000000011"/>
    <testcase classname="CNSIM_datachk" name="Check_CNSIM_dataset" time="0.0040000000000191"/>
    <testcase classname="CNSIM_datachk" name="Check_CNSIM_dataset" time="0.00399999999990541"/>
    <testcase classname="CNSIM_datachk" name="Check_CNSIM_dataset" time="0.00499999999999545"/>
    <testcase classname="CNSIM_datachk" name="Check_CNSIM_dataset" time="0.0040000000000191"/>
    <testcase classname="CNSIM_datachk" name="Check_CNSIM_dataset" time="0.0040000000000191"/>
    <testcase classname="CNSIM_datachk" name="Check_CNSIM_dataset" time="0.0040000000000191"/>
    <testcase classname="CNSIM_datachk" name="Check_CNSIM_dataset" time="0.00499999999999545"/>
    <testcase classname="CNSIM_datachk" name="Check_CNSIM_dataset" time="0.0040000000000191"/>
    <testcase classname="CNSIM_datachk" name="Check_CNSIM_dataset" time="0.558999999999969"/>
    <testcase classname="CNSIM_datachk" name="Check_CNSIM_dataset" time="0.00499999999999545"/>
    <testcase classname="CNSIM_datachk" name="Check_CNSIM_dataset" time="0.0040000000000191"/>
    <testcase classname="CNSIM_datachk" name="Check_CNSIM_dataset" time="0.0040000000000191"/>
    <testcase classname="CNSIM_datachk" name="Check_CNSIM_dataset" time="0.0040000000000191"/>
    <testcase classname="CNSIM_datachk" name="Check_CNSIM_dataset" time="0.00499999999999545"/>
    <testcase classname="CNSIM_datachk" name="Check_CNSIM_dataset" time="0.00399999999990541"/>
    <testcase classname="CNSIM_datachk" name="Check_CNSIM_dataset" time="0.278999999999996"/>
    <testcase classname="CNSIM_datachk" name="Check_CNSIM_dataset" time="0.0040000000000191"/>
    <testcase classname="CNSIM_datachk" name="Check_CNSIM_dataset" time="0.00499999999999545"/>
    <testcase classname="CNSIM_datachk" name="Check_CNSIM_dataset" time="0.0040000000000191"/>
    <testcase classname="CNSIM_datachk" name="Check_CNSIM_dataset" time="0.0040000000000191"/>
    <testcase classname="CNSIM_datachk" name="Check_CNSIM_dataset" time="0.0040000000000191"/>
    <testcase classname="CNSIM_datachk" name="Check_CNSIM_dataset" time="0.00499999999999545"/>
    <testcase classname="CNSIM_datachk" name="Check_CNSIM_dataset" time="0.0040000000000191"/>
    <testcase classname="CNSIM_datachk" name="Check_CNSIM_dataset" time="0.0040000000000191"/>
    <testcase classname="CNSIM_datachk" name="Check_CNSIM_dataset" time="0.558999999999969"/>
    <testcase classname="CNSIM_datachk" name="Check_CNSIM_dataset" time="0.00499999999999545"/>
    <testcase classname="CNSIM_datachk" name="Check_CNSIM_dataset" time="0.0119999999999436"/>
    <testcase classname="CNSIM_datachk" name="Check_CNSIM_dataset" time="0.0040000000000191"/>
    <testcase classname="CNSIM_datachk" name="Check_CNSIM_dataset" time="0.00499999999999545"/>
    <testcase classname="CNSIM_datachk" name="Check_CNSIM_dataset" time="0.00499999999999545"/>
    <testcase classname="CNSIM_datachk" name="Check_CNSIM_dataset" time="0.0040000000000191"/>
    <testcase classname="CNSIM_datachk" name="Check_CNSIM_dataset" time="0.279999999999973"/>
    <testcase classname="CNSIM_datachk" name="Check_CNSIM_dataset" time="0.00600000000008549"/>
    <testcase classname="CNSIM_datachk" name="Check_CNSIM_dataset" time="0.00499999999999545"/>
    <testcase classname="CNSIM_datachk" name="Check_CNSIM_dataset" time="0.00399999999990541"/>
    <testcase classname="CNSIM_datachk" name="Check_CNSIM_dataset" time="0.00499999999999545"/>
    <testcase classname="CNSIM_datachk" name="Check_CNSIM_dataset" time="0.00500000000010914"/>
    <testcase classname="CNSIM_datachk" name="Check_CNSIM_dataset" time="0.00499999999999545"/>
    <testcase classname="CNSIM_datachk" name="Check_CNSIM_dataset" time="0.00499999999999545"/>
    <testcase classname="CNSIM_datachk" name="Check_CNSIM_dataset" time="0.00499999999999545"/>
  </testsuite>
  <testsuite errors="0" failures="0" hostname="fv-az14" name="CNSIM::datachk::shutdown" skipped="0" tests="3" time="0.29" timestamp="2020-10-27T20:30:10Z">
    <testcase classname="CNSIM_datachk_shutdown" name="shutdown" time="0.286999999999921"/>
    <testcase classname="CNSIM_datachk_shutdown" name="shutdown" time="0.00100000000009004"/>
    <testcase classname="CNSIM_datachk_shutdown" name="shutdown" time="0.00199999999995271"/>
  </testsuite>
  <testsuite errors="0" failures="0" hostname="fv-az14" name="CNSIM::datachk::done" skipped="0" tests="0" time="0" timestamp="2020-10-27T20:30:11Z"/>
  <testsuite errors="0" failures="0" hostname="fv-az14" name="DISCORDANT::datachk::setup" skipped="0" tests="3" time="5.375" timestamp="2020-10-27T20:30:11Z">
    <testcase classname="DISCORDANT_datachk_setup" name="setup" time="5.37199999999996"/>
    <testcase classname="DISCORDANT_datachk_setup" name="setup" time="0.00100000000009004"/>
    <testcase classname="DISCORDANT_datachk_setup" name="setup" time="0.00199999999995271"/>
  </testsuite>
  <testsuite errors="0" failures="0" hostname="fv-az14" name="DISCORDANT::datachk" skipped="0" tests="70" time="4.771" timestamp="2020-10-27T20:30:15Z">
    <testcase classname="DISCORDANT_datachk" name="Check_DISCORDANT_dataset" time="0.567000000000007"/>
    <testcase classname="DISCORDANT_datachk" name="Check_DISCORDANT_dataset" time="0.000999999999976353"/>
    <testcase classname="DISCORDANT_datachk" name="Check_DISCORDANT_dataset" time="0.00200000000006639"/>
    <testcase classname="DISCORDANT_datachk" name="Check_DISCORDANT_dataset" time="0.000999999999976353"/>
    <testcase classname="DISCORDANT_datachk" name="Check_DISCORDANT_dataset" time="0.000999999999976353"/>
    <testcase classname="DISCORDANT_datachk" name="Check_DISCORDANT_dataset" time="0.00199999999995271"/>
    <testcase classname="DISCORDANT_datachk" name="Check_DISCORDANT_dataset" time="0.00100000000009004"/>
    <testcase classname="DISCORDANT_datachk" name="Check_DISCORDANT_dataset" time="0.279999999999973"/>
    <testcase classname="DISCORDANT_datachk" name="Check_DISCORDANT_dataset" time="0.00199999999995271"/>
    <testcase classname="DISCORDANT_datachk" name="Check_DISCORDANT_dataset" time="0.00200000000006639"/>
    <testcase classname="DISCORDANT_datachk" name="Check_DISCORDANT_dataset" time="0.000999999999976353"/>
    <testcase classname="DISCORDANT_datachk" name="Check_DISCORDANT_dataset" time="0.00199999999995271"/>
    <testcase classname="DISCORDANT_datachk" name="Check_DISCORDANT_dataset" time="0.00200000000006639"/>
    <testcase classname="DISCORDANT_datachk" name="Check_DISCORDANT_dataset" time="0.00199999999995271"/>
    <testcase classname="DISCORDANT_datachk" name="Check_DISCORDANT_dataset" time="0.00200000000006639"/>
    <testcase classname="DISCORDANT_datachk" name="Check_DISCORDANT_dataset" time="1.2639999999999"/>
    <testcase classname="DISCORDANT_datachk" name="Check_DISCORDANT_dataset" time="0.00200000000006639"/>
    <testcase classname="DISCORDANT_datachk" name="Check_DISCORDANT_dataset" time="0.00199999999995271"/>
    <testcase classname="DISCORDANT_datachk" name="Check_DISCORDANT_dataset" time="0.00200000000006639"/>
    <testcase classname="DISCORDANT_datachk" name="Check_DISCORDANT_dataset" time="0.00199999999995271"/>
    <testcase classname="DISCORDANT_datachk" name="Check_DISCORDANT_dataset" time="0.00199999999995271"/>
    <testcase classname="DISCORDANT_datachk" name="Check_DISCORDANT_dataset" time="0.00200000000006639"/>
    <testcase classname="DISCORDANT_datachk" name="Check_DISCORDANT_dataset" time="0.564999999999941"/>
    <testcase classname="DISCORDANT_datachk" name="Check_DISCORDANT_dataset" time="0.00200000000006639"/>
    <testcase classname="DISCORDANT_datachk" name="Check_DISCORDANT_dataset" time="0.00199999999995271"/>
    <testcase classname="DISCORDANT_datachk" name="Check_DISCORDANT_dataset" time="0.00200000000006639"/>
    <testcase classname="DISCORDANT_datachk" name="Check_DISCORDANT_dataset" time="0.00199999999995271"/>
    <testcase classname="DISCORDANT_datachk" name="Check_DISCORDANT_dataset" time="0.000999999999976353"/>
    <testcase classname="DISCORDANT_datachk" name="Check_DISCORDANT_dataset" time="0.00200000000006639"/>
    <testcase classname="DISCORDANT_datachk" name="Check_DISCORDANT_dataset" time="0.279999999999973"/>
    <testcase classname="DISCORDANT_datachk" name="Check_DISCORDANT_dataset" time="0.00300000000004275"/>
    <testcase classname="DISCORDANT_datachk" name="Check_DISCORDANT_dataset" time="0.00199999999995271"/>
    <testcase classname="DISCORDANT_datachk" name="Check_DISCORDANT_dataset" time="0.00199999999995271"/>
    <testcase classname="DISCORDANT_datachk" name="Check_DISCORDANT_dataset" time="0.00200000000006639"/>
    <testcase classname="DISCORDANT_datachk" name="Check_DISCORDANT_dataset" time="0.00199999999995271"/>
    <testcase classname="DISCORDANT_datachk" name="Check_DISCORDANT_dataset" time="0.00200000000006639"/>
    <testcase classname="DISCORDANT_datachk" name="Check_DISCORDANT_dataset" time="0.00199999999995271"/>
    <testcase classname="DISCORDANT_datachk" name="Check_DISCORDANT_dataset" time="0.0040000000000191"/>
    <testcase classname="DISCORDANT_datachk" name="Check_DISCORDANT_dataset" time="0.559999999999945"/>
    <testcase classname="DISCORDANT_datachk" name="Check_DISCORDANT_dataset" time="0.00200000000006639"/>
    <testcase classname="DISCORDANT_datachk" name="Check_DISCORDANT_dataset" time="0.00199999999995271"/>
    <testcase classname="DISCORDANT_datachk" name="Check_DISCORDANT_dataset" time="0.00200000000006639"/>
    <testcase classname="DISCORDANT_datachk" name="Check_DISCORDANT_dataset" time="0.00199999999995271"/>
    <testcase classname="DISCORDANT_datachk" name="Check_DISCORDANT_dataset" time="0.00199999999995271"/>
    <testcase classname="DISCORDANT_datachk" name="Check_DISCORDANT_dataset" time="0.00200000000006639"/>
    <testcase classname="DISCORDANT_datachk" name="Check_DISCORDANT_dataset" time="0.275999999999954"/>
    <testcase classname="DISCORDANT_datachk" name="Check_DISCORDANT_dataset" time="0.00200000000006639"/>
    <testcase classname="DISCORDANT_datachk" name="Check_DISCORDANT_dataset" time="0.00299999999992906"/>
    <testcase classname="DISCORDANT_datachk" name="Check_DISCORDANT_dataset" time="0.00200000000006639"/>
    <testcase classname="DISCORDANT_datachk" name="Check_DISCORDANT_dataset" time="0.00299999999992906"/>
    <testcase classname="DISCORDANT_datachk" name="Check_DISCORDANT_dataset" time="0.00200000000006639"/>
    <testcase classname="DISCORDANT_datachk" name="Check_DISCORDANT_dataset" time="0.00299999999992906"/>
    <testcase classname="DISCORDANT_datachk" name="Check_DISCORDANT_dataset" time="0.00200000000006639"/>
    <testcase classname="DISCORDANT_datachk" name="Check_DISCORDANT_dataset" time="0.00199999999995271"/>
    <testcase classname="DISCORDANT_datachk" name="Check_DISCORDANT_dataset" time="0.561000000000035"/>
    <testcase classname="DISCORDANT_datachk" name="Check_DISCORDANT_dataset" time="0.00300000000004275"/>
    <testcase classname="DISCORDANT_datachk" name="Check_DISCORDANT_dataset" time="0.00299999999992906"/>
    <testcase classname="DISCORDANT_datachk" name="Check_DISCORDANT_dataset" time="0.00200000000006639"/>
    <testcase classname="DISCORDANT_datachk" name="Check_DISCORDANT_dataset" time="0.00999999999999091"/>
    <testcase classname="DISCORDANT_datachk" name="Check_DISCORDANT_dataset" time="0.00199999999995271"/>
    <testcase classname="DISCORDANT_datachk" name="Check_DISCORDANT_dataset" time="0.00300000000004275"/>
    <testcase classname="DISCORDANT_datachk" name="Check_DISCORDANT_dataset" time="0.278999999999996"/>
    <testcase classname="DISCORDANT_datachk" name="Check_DISCORDANT_dataset" time="0.00299999999992906"/>
    <testcase classname="DISCORDANT_datachk" name="Check_DISCORDANT_dataset" time="0.00300000000004275"/>
    <testcase classname="DISCORDANT_datachk" name="Check_DISCORDANT_dataset" time="0.00199999999995271"/>
    <testcase classname="DISCORDANT_datachk" name="Check_DISCORDANT_dataset" time="0.00300000000004275"/>
    <testcase classname="DISCORDANT_datachk" name="Check_DISCORDANT_dataset" time="0.00199999999995271"/>
    <testcase classname="DISCORDANT_datachk" name="Check_DISCORDANT_dataset" time="0.00300000000004275"/>
    <testcase classname="DISCORDANT_datachk" name="Check_DISCORDANT_dataset" time="0.00300000000004275"/>
    <testcase classname="DISCORDANT_datachk" name="Check_DISCORDANT_dataset" time="0.00299999999992906"/>
  </testsuite>
  <testsuite errors="0" failures="0" hostname="fv-az14" name="DISCORDANT::datachk::shutdown" skipped="0" tests="3" time="0.294" timestamp="2020-10-27T20:30:20Z">
    <testcase classname="DISCORDANT_datachk_shutdown" name="shutdown" time="0.291000000000054"/>
    <testcase classname="DISCORDANT_datachk_shutdown" name="shutdown" time="0.00199999999995271"/>
    <testcase classname="DISCORDANT_datachk_shutdown" name="shutdown" time="0.000999999999976353"/>
  </testsuite>
  <testsuite errors="0" failures="0" hostname="fv-az14" name="DISCORDANT::datachk::done" skipped="0" tests="0" time="0" timestamp="2020-10-27T20:30:21Z"/>
  <testsuite errors="0" failures="0" hostname="fv-az14" name="DASIM::datachk::setup" skipped="0" tests="3" time="6.263" timestamp="2020-10-27T20:30:21Z">
    <testcase classname="DASIM_datachk_setup" name="setup" time="6.26100000000008"/>
    <testcase classname="DASIM_datachk_setup" name="setup" time="0.000999999999976353"/>
    <testcase classname="DASIM_datachk_setup" name="setup" time="0.000999999999976353"/>
  </testsuite>
  <testsuite errors="0" failures="0" hostname="fv-az14" name="DASIM::datachk" skipped="0" tests="182" time="10.929" timestamp="2020-10-27T20:30:27Z">
    <testcase classname="DASIM_datachk" name="Check_DASIM_dataset" time="0.552000000000021"/>
    <testcase classname="DASIM_datachk" name="Check_DASIM_dataset" time="0.00199999999995271"/>
    <testcase classname="DASIM_datachk" name="Check_DASIM_dataset" time="0.00100000000009004"/>
    <testcase classname="DASIM_datachk" name="Check_DASIM_dataset" time="0.00199999999995271"/>
    <testcase classname="DASIM_datachk" name="Check_DASIM_dataset" time="0.000999999999976353"/>
    <testcase classname="DASIM_datachk" name="Check_DASIM_dataset" time="0.00200000000006639"/>
    <testcase classname="DASIM_datachk" name="Check_DASIM_dataset" time="0.000999999999976353"/>
    <testcase classname="DASIM_datachk" name="Check_DASIM_dataset" time="0.283000000000015"/>
    <testcase classname="DASIM_datachk" name="Check_DASIM_dataset" time="0.00199999999995271"/>
    <testcase classname="DASIM_datachk" name="Check_DASIM_dataset" time="0.00200000000006639"/>
    <testcase classname="DASIM_datachk" name="Check_DASIM_dataset" time="0.000999999999976353"/>
    <testcase classname="DASIM_datachk" name="Check_DASIM_dataset" time="0.00199999999995271"/>
    <testcase classname="DASIM_datachk" name="Check_DASIM_dataset" time="0.00200000000006639"/>
    <testcase classname="DASIM_datachk" name="Check_DASIM_dataset" time="0.00199999999995271"/>
    <testcase classname="DASIM_datachk" name="Check_DASIM_dataset" time="0.000999999999976353"/>
    <testcase classname="DASIM_datachk" name="Check_DASIM_dataset" time="1.23700000000008"/>
    <testcase classname="DASIM_datachk" name="Check_DASIM_dataset" time="0.00999999999999091"/>
    <testcase classname="DASIM_datachk" name="Check_DASIM_dataset" time="0.00199999999995271"/>
    <testcase classname="DASIM_datachk" name="Check_DASIM_dataset" time="0.00200000000006639"/>
    <testcase classname="DASIM_datachk" name="Check_DASIM_dataset" time="0.00199999999995271"/>
    <testcase classname="DASIM_datachk" name="Check_DASIM_dataset" time="0.000999999999976353"/>
    <testcase classname="DASIM_datachk" name="Check_DASIM_dataset" time="0.00200000000006639"/>
    <testcase classname="DASIM_datachk" name="Check_DASIM_dataset" time="0.553999999999974"/>
    <testcase classname="DASIM_datachk" name="Check_DASIM_dataset" time="0.00199999999995271"/>
    <testcase classname="DASIM_datachk" name="Check_DASIM_dataset" time="0.00200000000006639"/>
    <testcase classname="DASIM_datachk" name="Check_DASIM_dataset" time="0.00199999999995271"/>
    <testcase classname="DASIM_datachk" name="Check_DASIM_dataset" time="0.000999999999976353"/>
    <testcase classname="DASIM_datachk" name="Check_DASIM_dataset" time="0.000999999999976353"/>
    <testcase classname="DASIM_datachk" name="Check_DASIM_dataset" time="0.00199999999995271"/>
    <testcase classname="DASIM_datachk" name="Check_DASIM_dataset" time="0.277000000000044"/>
    <testcase classname="DASIM_datachk" name="Check_DASIM_dataset" time="0.00199999999995271"/>
    <testcase classname="DASIM_datachk" name="Check_DASIM_dataset" time="0.00300000000004275"/>
    <testcase classname="DASIM_datachk" name="Check_DASIM_dataset" time="0.000999999999976353"/>
    <testcase classname="DASIM_datachk" name="Check_DASIM_dataset" time="0.00199999999995271"/>
    <testcase classname="DASIM_datachk" name="Check_DASIM_dataset" time="0.000999999999976353"/>
    <testcase classname="DASIM_datachk" name="Check_DASIM_dataset" time="0.00199999999995271"/>
    <testcase classname="DASIM_datachk" name="Check_DASIM_dataset" time="0.00200000000006639"/>
    <testcase classname="DASIM_datachk" name="Check_DASIM_dataset" time="0.00299999999992906"/>
    <testcase classname="DASIM_datachk" name="Check_DASIM_dataset" time="0.547000000000025"/>
    <testcase classname="DASIM_datachk" name="Check_DASIM_dataset" time="0.00200000000006639"/>
    <testcase classname="DASIM_datachk" name="Check_DASIM_dataset" time="0.00299999999992906"/>
    <testcase classname="DASIM_datachk" name="Check_DASIM_dataset" time="0.00200000000006639"/>
    <testcase classname="DASIM_datachk" name="Check_DASIM_dataset" time="0.000999999999976353"/>
    <testcase classname="DASIM_datachk" name="Check_DASIM_dataset" time="0.00199999999995271"/>
    <testcase classname="DASIM_datachk" name="Check_DASIM_dataset" time="0.00200000000006639"/>
    <testcase classname="DASIM_datachk" name="Check_DASIM_dataset" time="0.281999999999925"/>
    <testcase classname="DASIM_datachk" name="Check_DASIM_dataset" time="0.00200000000006639"/>
    <testcase classname="DASIM_datachk" name="Check_DASIM_dataset" time="0.00299999999992906"/>
    <testcase classname="DASIM_datachk" name="Check_DASIM_dataset" time="0.00200000000006639"/>
    <testcase classname="DASIM_datachk" name="Check_DASIM_dataset" time="0.00199999999995271"/>
    <testcase classname="DASIM_datachk" name="Check_DASIM_dataset" time="0.00200000000006639"/>
    <testcase classname="DASIM_datachk" name="Check_DASIM_dataset" time="0.00299999999992906"/>
    <testcase classname="DASIM_datachk" name="Check_DASIM_dataset" time="0.00200000000006639"/>
    <testcase classname="DASIM_datachk" name="Check_DASIM_dataset" time="0.00299999999992906"/>
    <testcase classname="DASIM_datachk" name="Check_DASIM_dataset" time="0.562000000000012"/>
    <testcase classname="DASIM_datachk" name="Check_DASIM_dataset" time="0.00200000000006639"/>
    <testcase classname="DASIM_datachk" name="Check_DASIM_dataset" time="0.00199999999995271"/>
    <testcase classname="DASIM_datachk" name="Check_DASIM_dataset" time="0.00199999999995271"/>
    <testcase classname="DASIM_datachk" name="Check_DASIM_dataset" time="0.00200000000006639"/>
    <testcase classname="DASIM_datachk" name="Check_DASIM_dataset" time="0.00199999999995271"/>
    <testcase classname="DASIM_datachk" name="Check_DASIM_dataset" time="0.0040000000000191"/>
    <testcase classname="DASIM_datachk" name="Check_DASIM_dataset" time="0.274000000000001"/>
    <testcase classname="DASIM_datachk" name="Check_DASIM_dataset" time="0.00199999999995271"/>
    <testcase classname="DASIM_datachk" name="Check_DASIM_dataset" time="0.00300000000004275"/>
    <testcase classname="DASIM_datachk" name="Check_DASIM_dataset" time="0.00300000000004275"/>
    <testcase classname="DASIM_datachk" name="Check_DASIM_dataset" time="0.00299999999992906"/>
    <testcase classname="DASIM_datachk" name="Check_DASIM_dataset" time="0.00200000000006639"/>
    <testcase classname="DASIM_datachk" name="Check_DASIM_dataset" time="0.00299999999992906"/>
    <testcase classname="DASIM_datachk" name="Check_DASIM_dataset" time="0.00200000000006639"/>
    <testcase classname="DASIM_datachk" name="Check_DASIM_dataset" time="0.00199999999995271"/>
    <testcase classname="DASIM_datachk" name="Check_DASIM_dataset" time="0.550000000000068"/>
    <testcase classname="DASIM_datachk" name="Check_DASIM_dataset" time="0.00299999999992906"/>
    <testcase classname="DASIM_datachk" name="Check_DASIM_dataset" time="0.00300000000004275"/>
    <testcase classname="DASIM_datachk" name="Check_DASIM_dataset" time="0.00199999999995271"/>
    <testcase classname="DASIM_datachk" name="Check_DASIM_dataset" time="0.00200000000006639"/>
    <testcase classname="DASIM_datachk" name="Check_DASIM_dataset" time="0.00299999999992906"/>
    <testcase classname="DASIM_datachk" name="Check_DASIM_dataset" time="0.00300000000004275"/>
    <testcase classname="DASIM_datachk" name="Check_DASIM_dataset" time="0.278999999999996"/>
    <testcase classname="DASIM_datachk" name="Check_DASIM_dataset" time="0.00300000000004275"/>
    <testcase classname="DASIM_datachk" name="Check_DASIM_dataset" time="0.00299999999992906"/>
    <testcase classname="DASIM_datachk" name="Check_DASIM_dataset" time="0.00300000000004275"/>
    <testcase classname="DASIM_datachk" name="Check_DASIM_dataset" time="0.00299999999992906"/>
    <testcase classname="DASIM_datachk" name="Check_DASIM_dataset" time="0.00300000000004275"/>
    <testcase classname="DASIM_datachk" name="Check_DASIM_dataset" time="0.00300000000004275"/>
    <testcase classname="DASIM_datachk" name="Check_DASIM_dataset" time="0.00299999999992906"/>
    <testcase classname="DASIM_datachk" name="Check_DASIM_dataset" time="0.00300000000004275"/>
    <testcase classname="DASIM_datachk" name="Check_DASIM_dataset" time="0.561000000000035"/>
    <testcase classname="DASIM_datachk" name="Check_DASIM_dataset" time="0.00299999999992906"/>
    <testcase classname="DASIM_datachk" name="Check_DASIM_dataset" time="0.00300000000004275"/>
    <testcase classname="DASIM_datachk" name="Check_DASIM_dataset" time="0.0040000000000191"/>
    <testcase classname="DASIM_datachk" name="Check_DASIM_dataset" time="0.00299999999992906"/>
    <testcase classname="DASIM_datachk" name="Check_DASIM_dataset" time="0.00300000000004275"/>
    <testcase classname="DASIM_datachk" name="Check_DASIM_dataset" time="0.00300000000004275"/>
    <testcase classname="DASIM_datachk" name="Check_DASIM_dataset" time="0.285999999999945"/>
    <testcase classname="DASIM_datachk" name="Check_DASIM_dataset" time="0.00300000000004275"/>
    <testcase classname="DASIM_datachk" name="Check_DASIM_dataset" time="0.00299999999992906"/>
    <testcase classname="DASIM_datachk" name="Check_DASIM_dataset" time="0.00300000000004275"/>
    <testcase classname="DASIM_datachk" name="Check_DASIM_dataset" time="0.00300000000004275"/>
    <testcase classname="DASIM_datachk" name="Check_DASIM_dataset" time="0.00299999999992906"/>
    <testcase classname="DASIM_datachk" name="Check_DASIM_dataset" time="0.00300000000004275"/>
    <testcase classname="DASIM_datachk" name="Check_DASIM_dataset" time="0.00299999999992906"/>
    <testcase classname="DASIM_datachk" name="Check_DASIM_dataset" time="0.00300000000004275"/>
    <testcase classname="DASIM_datachk" name="Check_DASIM_dataset" time="0.561000000000035"/>
    <testcase classname="DASIM_datachk" name="Check_DASIM_dataset" time="0.0040000000000191"/>
    <testcase classname="DASIM_datachk" name="Check_DASIM_dataset" time="0.00199999999995271"/>
    <testcase classname="DASIM_datachk" name="Check_DASIM_dataset" time="0.00300000000004275"/>
    <testcase classname="DASIM_datachk" name="Check_DASIM_dataset" time="0.00399999999990541"/>
    <testcase classname="DASIM_datachk" name="Check_DASIM_dataset" time="0.00300000000004275"/>
    <testcase classname="DASIM_datachk" name="Check_DASIM_dataset" time="0.00300000000004275"/>
    <testcase classname="DASIM_datachk" name="Check_DASIM_dataset" time="0.278999999999996"/>
    <testcase classname="DASIM_datachk" name="Check_DASIM_dataset" time="0.0040000000000191"/>
    <testcase classname="DASIM_datachk" name="Check_DASIM_dataset" time="0.00299999999992906"/>
    <testcase classname="DASIM_datachk" name="Check_DASIM_dataset" time="0.00300000000004275"/>
    <testcase classname="DASIM_datachk" name="Check_DASIM_dataset" time="0.0040000000000191"/>
    <testcase classname="DASIM_datachk" name="Check_DASIM_dataset" time="0.00299999999992906"/>
    <testcase classname="DASIM_datachk" name="Check_DASIM_dataset" time="0.00300000000004275"/>
    <testcase classname="DASIM_datachk" name="Check_DASIM_dataset" time="0.00300000000004275"/>
    <testcase classname="DASIM_datachk" name="Check_DASIM_dataset" time="0.00399999999990541"/>
    <testcase classname="DASIM_datachk" name="Check_DASIM_dataset" time="0.548000000000002"/>
    <testcase classname="DASIM_datachk" name="Check_DASIM_dataset" time="0.00300000000004275"/>
    <testcase classname="DASIM_datachk" name="Check_DASIM_dataset" time="0.0040000000000191"/>
    <testcase classname="DASIM_datachk" name="Check_DASIM_dataset" time="0.00299999999992906"/>
    <testcase classname="DASIM_datachk" name="Check_DASIM_dataset" time="0.0040000000000191"/>
    <testcase classname="DASIM_datachk" name="Check_DASIM_dataset" time="0.0040000000000191"/>
    <testcase classname="DASIM_datachk" name="Check_DASIM_dataset" time="0.00300000000004275"/>
    <testcase classname="DASIM_datachk" name="Check_DASIM_dataset" time="0.288999999999987"/>
    <testcase classname="DASIM_datachk" name="Check_DASIM_dataset" time="0.00299999999992906"/>
    <testcase classname="DASIM_datachk" name="Check_DASIM_dataset" time="0.0040000000000191"/>
    <testcase classname="DASIM_datachk" name="Check_DASIM_dataset" time="0.0040000000000191"/>
    <testcase classname="DASIM_datachk" name="Check_DASIM_dataset" time="0.0040000000000191"/>
    <testcase classname="DASIM_datachk" name="Check_DASIM_dataset" time="0.00300000000004275"/>
    <testcase classname="DASIM_datachk" name="Check_DASIM_dataset" time="0.00299999999992906"/>
    <testcase classname="DASIM_datachk" name="Check_DASIM_dataset" time="0.0040000000000191"/>
    <testcase classname="DASIM_datachk" name="Check_DASIM_dataset" time="0.00300000000004275"/>
    <testcase classname="DASIM_datachk" name="Check_DASIM_dataset" time="0.548000000000002"/>
    <testcase classname="DASIM_datachk" name="Check_DASIM_dataset" time="0.00399999999990541"/>
    <testcase classname="DASIM_datachk" name="Check_DASIM_dataset" time="0.00300000000004275"/>
    <testcase classname="DASIM_datachk" name="Check_DASIM_dataset" time="0.00300000000004275"/>
    <testcase classname="DASIM_datachk" name="Check_DASIM_dataset" time="0.00499999999999545"/>
    <testcase classname="DASIM_datachk" name="Check_DASIM_dataset" time="0.00599999999997181"/>
    <testcase classname="DASIM_datachk" name="Check_DASIM_dataset" time="0.0040000000000191"/>
    <testcase classname="DASIM_datachk" name="Check_DASIM_dataset" time="0.288000000000011"/>
    <testcase classname="DASIM_datachk" name="Check_DASIM_dataset" time="0.00499999999999545"/>
    <testcase classname="DASIM_datachk" name="Check_DASIM_dataset" time="0.0040000000000191"/>
    <testcase classname="DASIM_datachk" name="Check_DASIM_dataset" time="0.00399999999990541"/>
    <testcase classname="DASIM_datachk" name="Check_DASIM_dataset" time="0.0040000000000191"/>
    <testcase classname="DASIM_datachk" name="Check_DASIM_dataset" time="0.0040000000000191"/>
    <testcase classname="DASIM_datachk" name="Check_DASIM_dataset" time="0.00300000000004275"/>
    <testcase classname="DASIM_datachk" name="Check_DASIM_dataset" time="0.00499999999999545"/>
    <testcase classname="DASIM_datachk" name="Check_DASIM_dataset" time="0.0040000000000191"/>
    <testcase classname="DASIM_datachk" name="Check_DASIM_dataset" time="0.558999999999969"/>
    <testcase classname="DASIM_datachk" name="Check_DASIM_dataset" time="0.00499999999999545"/>
    <testcase classname="DASIM_datachk" name="Check_DASIM_dataset" time="0.0040000000000191"/>
    <testcase classname="DASIM_datachk" name="Check_DASIM_dataset" time="0.0040000000000191"/>
    <testcase classname="DASIM_datachk" name="Check_DASIM_dataset" time="0.00399999999990541"/>
    <testcase classname="DASIM_datachk" name="Check_DASIM_dataset" time="0.00499999999999545"/>
    <testcase classname="DASIM_datachk" name="Check_DASIM_dataset" time="0.0040000000000191"/>
    <testcase classname="DASIM_datachk" name="Check_DASIM_dataset" time="0.291000000000054"/>
    <testcase classname="DASIM_datachk" name="Check_DASIM_dataset" time="0.00499999999999545"/>
    <testcase classname="DASIM_datachk" name="Check_DASIM_dataset" time="0.0040000000000191"/>
    <testcase classname="DASIM_datachk" name="Check_DASIM_dataset" time="0.00299999999992906"/>
    <testcase classname="DASIM_datachk" name="Check_DASIM_dataset" time="0.00499999999999545"/>
    <testcase classname="DASIM_datachk" name="Check_DASIM_dataset" time="0.0040000000000191"/>
    <testcase classname="DASIM_datachk" name="Check_DASIM_dataset" time="0.0040000000000191"/>
    <testcase classname="DASIM_datachk" name="Check_DASIM_dataset" time="0.00499999999999545"/>
    <testcase classname="DASIM_datachk" name="Check_DASIM_dataset" time="0.0040000000000191"/>
    <testcase classname="DASIM_datachk" name="Check_DASIM_dataset" time="0.552000000000021"/>
    <testcase classname="DASIM_datachk" name="Check_DASIM_dataset" time="0.0040000000000191"/>
    <testcase classname="DASIM_datachk" name="Check_DASIM_dataset" time="0.00499999999999545"/>
    <testcase classname="DASIM_datachk" name="Check_DASIM_dataset" time="0.00399999999990541"/>
    <testcase classname="DASIM_datachk" name="Check_DASIM_dataset" time="0.0040000000000191"/>
    <testcase classname="DASIM_datachk" name="Check_DASIM_dataset" time="0.00499999999999545"/>
    <testcase classname="DASIM_datachk" name="Check_DASIM_dataset" time="0.0040000000000191"/>
    <testcase classname="DASIM_datachk" name="Check_DASIM_dataset" time="0.279999999999973"/>
    <testcase classname="DASIM_datachk" name="Check_DASIM_dataset" time="0.0040000000000191"/>
    <testcase classname="DASIM_datachk" name="Check_DASIM_dataset" time="0.00499999999999545"/>
    <testcase classname="DASIM_datachk" name="Check_DASIM_dataset" time="0.0040000000000191"/>
    <testcase classname="DASIM_datachk" name="Check_DASIM_dataset" time="0.00499999999999545"/>
    <testcase classname="DASIM_datachk" name="Check_DASIM_dataset" time="0.00499999999999545"/>
    <testcase classname="DASIM_datachk" name="Check_DASIM_dataset" time="0.00499999999999545"/>
    <testcase classname="DASIM_datachk" name="Check_DASIM_dataset" time="0.0040000000000191"/>
    <testcase classname="DASIM_datachk" name="Check_DASIM_dataset" time="0.00499999999999545"/>
  </testsuite>
  <testsuite errors="0" failures="0" hostname="fv-az14" name="DASIM::datachk::shutdown" skipped="0" tests="3" time="0.294" timestamp="2020-10-27T20:30:38Z">
    <testcase classname="DASIM_datachk_shutdown" name="shutdown" time="0.291000000000054"/>
    <testcase classname="DASIM_datachk_shutdown" name="shutdown" time="0.000999999999976353"/>
    <testcase classname="DASIM_datachk_shutdown" name="shutdown" time="0.00199999999995271"/>
  </testsuite>
  <testsuite errors="0" failures="0" hostname="fv-az14" name="DASIM::datachk::done" skipped="0" tests="0" time="0" timestamp="2020-10-27T20:30:39Z"/>
  <testsuite errors="0" failures="0" hostname="fv-az14" name="FACTOR_LEVELS::datachk::setup" skipped="0" tests="3" time="5.68" timestamp="2020-10-27T20:30:39Z">
    <testcase classname="FACTOR_LEVELS_datachk_setup" name="setup" time="5.678"/>
    <testcase classname="FACTOR_LEVELS_datachk_setup" name="setup" time="0.000999999999976353"/>
    <testcase classname="FACTOR_LEVELS_datachk_setup" name="setup" time="0.00100000000009004"/>
  </testsuite>
  <testsuite errors="0" failures="0" hostname="fv-az14" name="FACTOR_LEVELS::datachk" skipped="0" tests="182" time="10.946" timestamp="2020-10-27T20:30:44Z">
    <testcase classname="FACTOR_LEVELS_datachk" name="Check_FACTOR_LEVELS_dataset" time="0.557999999999993"/>
    <testcase classname="FACTOR_LEVELS_datachk" name="Check_FACTOR_LEVELS_dataset" time="0.000999999999976353"/>
    <testcase classname="FACTOR_LEVELS_datachk" name="Check_FACTOR_LEVELS_dataset" time="0.000999999999976353"/>
    <testcase classname="FACTOR_LEVELS_datachk" name="Check_FACTOR_LEVELS_dataset" time="0.00200000000006639"/>
    <testcase classname="FACTOR_LEVELS_datachk" name="Check_FACTOR_LEVELS_dataset" time="0.000999999999976353"/>
    <testcase classname="FACTOR_LEVELS_datachk" name="Check_FACTOR_LEVELS_dataset" time="0.00199999999995271"/>
    <testcase classname="FACTOR_LEVELS_datachk" name="Check_FACTOR_LEVELS_dataset" time="0.000999999999976353"/>
    <testcase classname="FACTOR_LEVELS_datachk" name="Check_FACTOR_LEVELS_dataset" time="0.274000000000001"/>
    <testcase classname="FACTOR_LEVELS_datachk" name="Check_FACTOR_LEVELS_dataset" time="0.00200000000006639"/>
    <testcase classname="FACTOR_LEVELS_datachk" name="Check_FACTOR_LEVELS_dataset" time="0.000999999999976353"/>
    <testcase classname="FACTOR_LEVELS_datachk" name="Check_FACTOR_LEVELS_dataset" time="0.00199999999995271"/>
    <testcase classname="FACTOR_LEVELS_datachk" name="Check_FACTOR_LEVELS_dataset" time="0.00300000000004275"/>
    <testcase classname="FACTOR_LEVELS_datachk" name="Check_FACTOR_LEVELS_dataset" time="0.000999999999976353"/>
    <testcase classname="FACTOR_LEVELS_datachk" name="Check_FACTOR_LEVELS_dataset" time="0.00200000000006639"/>
    <testcase classname="FACTOR_LEVELS_datachk" name="Check_FACTOR_LEVELS_dataset" time="0.00199999999995271"/>
    <testcase classname="FACTOR_LEVELS_datachk" name="Check_FACTOR_LEVELS_dataset" time="1.25099999999998"/>
    <testcase classname="FACTOR_LEVELS_datachk" name="Check_FACTOR_LEVELS_dataset" time="0.00200000000006639"/>
    <testcase classname="FACTOR_LEVELS_datachk" name="Check_FACTOR_LEVELS_dataset" time="0.00199999999995271"/>
    <testcase classname="FACTOR_LEVELS_datachk" name="Check_FACTOR_LEVELS_dataset" time="0.00200000000006639"/>
    <testcase classname="FACTOR_LEVELS_datachk" name="Check_FACTOR_LEVELS_dataset" time="0.00199999999995271"/>
    <testcase classname="FACTOR_LEVELS_datachk" name="Check_FACTOR_LEVELS_dataset" time="0.00199999999995271"/>
    <testcase classname="FACTOR_LEVELS_datachk" name="Check_FACTOR_LEVELS_dataset" time="0.00200000000006639"/>
    <testcase classname="FACTOR_LEVELS_datachk" name="Check_FACTOR_LEVELS_dataset" time="0.562999999999988"/>
    <testcase classname="FACTOR_LEVELS_datachk" name="Check_FACTOR_LEVELS_dataset" time="0.00199999999995271"/>
    <testcase classname="FACTOR_LEVELS_datachk" name="Check_FACTOR_LEVELS_dataset" time="0.00200000000006639"/>
    <testcase classname="FACTOR_LEVELS_datachk" name="Check_FACTOR_LEVELS_dataset" time="0.000999999999976353"/>
    <testcase classname="FACTOR_LEVELS_datachk" name="Check_FACTOR_LEVELS_dataset" time="0.00199999999995271"/>
    <testcase classname="FACTOR_LEVELS_datachk" name="Check_FACTOR_LEVELS_dataset" time="0.00200000000006639"/>
    <testcase classname="FACTOR_LEVELS_datachk" name="Check_FACTOR_LEVELS_dataset" time="0.00199999999995271"/>
    <testcase classname="FACTOR_LEVELS_datachk" name="Check_FACTOR_LEVELS_dataset" time="0.274000000000001"/>
    <testcase classname="FACTOR_LEVELS_datachk" name="Check_FACTOR_LEVELS_dataset" time="0.00200000000006639"/>
    <testcase classname="FACTOR_LEVELS_datachk" name="Check_FACTOR_LEVELS_dataset" time="0.00199999999995271"/>
    <testcase classname="FACTOR_LEVELS_datachk" name="Check_FACTOR_LEVELS_dataset" time="0.000999999999976353"/>
    <testcase classname="FACTOR_LEVELS_datachk" name="Check_FACTOR_LEVELS_dataset" time="0.00300000000004275"/>
    <testcase classname="FACTOR_LEVELS_datachk" name="Check_FACTOR_LEVELS_dataset" time="0.00199999999995271"/>
    <testcase classname="FACTOR_LEVELS_datachk" name="Check_FACTOR_LEVELS_dataset" time="0.00200000000006639"/>
    <testcase classname="FACTOR_LEVELS_datachk" name="Check_FACTOR_LEVELS_dataset" time="0.00199999999995271"/>
    <testcase classname="FACTOR_LEVELS_datachk" name="Check_FACTOR_LEVELS_dataset" time="0.00199999999995271"/>
    <testcase classname="FACTOR_LEVELS_datachk" name="Check_FACTOR_LEVELS_dataset" time="0.565000000000055"/>
    <testcase classname="FACTOR_LEVELS_datachk" name="Check_FACTOR_LEVELS_dataset" time="0.00199999999995271"/>
    <testcase classname="FACTOR_LEVELS_datachk" name="Check_FACTOR_LEVELS_dataset" time="0.00300000000004275"/>
    <testcase classname="FACTOR_LEVELS_datachk" name="Check_FACTOR_LEVELS_dataset" time="0.00300000000004275"/>
    <testcase classname="FACTOR_LEVELS_datachk" name="Check_FACTOR_LEVELS_dataset" time="0.00299999999992906"/>
    <testcase classname="FACTOR_LEVELS_datachk" name="Check_FACTOR_LEVELS_dataset" time="0.00200000000006639"/>
    <testcase classname="FACTOR_LEVELS_datachk" name="Check_FACTOR_LEVELS_dataset" time="0.00299999999992906"/>
    <testcase classname="FACTOR_LEVELS_datachk" name="Check_FACTOR_LEVELS_dataset" time="0.280000000000086"/>
    <testcase classname="FACTOR_LEVELS_datachk" name="Check_FACTOR_LEVELS_dataset" time="0.00199999999995271"/>
    <testcase classname="FACTOR_LEVELS_datachk" name="Check_FACTOR_LEVELS_dataset" time="0.00300000000004275"/>
    <testcase classname="FACTOR_LEVELS_datachk" name="Check_FACTOR_LEVELS_dataset" time="0.00199999999995271"/>
    <testcase classname="FACTOR_LEVELS_datachk" name="Check_FACTOR_LEVELS_dataset" time="0.00199999999995271"/>
    <testcase classname="FACTOR_LEVELS_datachk" name="Check_FACTOR_LEVELS_dataset" time="0.00200000000006639"/>
    <testcase classname="FACTOR_LEVELS_datachk" name="Check_FACTOR_LEVELS_dataset" time="0.00299999999992906"/>
    <testcase classname="FACTOR_LEVELS_datachk" name="Check_FACTOR_LEVELS_dataset" time="0.00200000000006639"/>
    <testcase classname="FACTOR_LEVELS_datachk" name="Check_FACTOR_LEVELS_dataset" time="0.00199999999995271"/>
    <testcase classname="FACTOR_LEVELS_datachk" name="Check_FACTOR_LEVELS_dataset" time="0.559000000000083"/>
    <testcase classname="FACTOR_LEVELS_datachk" name="Check_FACTOR_LEVELS_dataset" time="0.00199999999995271"/>
    <testcase classname="FACTOR_LEVELS_datachk" name="Check_FACTOR_LEVELS_dataset" time="0.00999999999999091"/>
    <testcase classname="FACTOR_LEVELS_datachk" name="Check_FACTOR_LEVELS_dataset" time="0.00199999999995271"/>
    <testcase classname="FACTOR_LEVELS_datachk" name="Check_FACTOR_LEVELS_dataset" time="0.00200000000006639"/>
    <testcase classname="FACTOR_LEVELS_datachk" name="Check_FACTOR_LEVELS_dataset" time="0.00199999999995271"/>
    <testcase classname="FACTOR_LEVELS_datachk" name="Check_FACTOR_LEVELS_dataset" time="0.00200000000006639"/>
    <testcase classname="FACTOR_LEVELS_datachk" name="Check_FACTOR_LEVELS_dataset" time="0.274999999999977"/>
    <testcase classname="FACTOR_LEVELS_datachk" name="Check_FACTOR_LEVELS_dataset" time="0.00300000000004275"/>
    <testcase classname="FACTOR_LEVELS_datachk" name="Check_FACTOR_LEVELS_dataset" time="0.00299999999992906"/>
    <testcase classname="FACTOR_LEVELS_datachk" name="Check_FACTOR_LEVELS_dataset" time="0.00200000000006639"/>
    <testcase classname="FACTOR_LEVELS_datachk" name="Check_FACTOR_LEVELS_dataset" time="0.00299999999992906"/>
    <testcase classname="FACTOR_LEVELS_datachk" name="Check_FACTOR_LEVELS_dataset" time="0.00300000000004275"/>
    <testcase classname="FACTOR_LEVELS_datachk" name="Check_FACTOR_LEVELS_dataset" time="0.00199999999995271"/>
    <testcase classname="FACTOR_LEVELS_datachk" name="Check_FACTOR_LEVELS_dataset" time="0.00300000000004275"/>
    <testcase classname="FACTOR_LEVELS_datachk" name="Check_FACTOR_LEVELS_dataset" time="0.00199999999995271"/>
    <testcase classname="FACTOR_LEVELS_datachk" name="Check_FACTOR_LEVELS_dataset" time="0.566000000000031"/>
    <testcase classname="FACTOR_LEVELS_datachk" name="Check_FACTOR_LEVELS_dataset" time="0.00199999999995271"/>
    <testcase classname="FACTOR_LEVELS_datachk" name="Check_FACTOR_LEVELS_dataset" time="0.00199999999995271"/>
    <testcase classname="FACTOR_LEVELS_datachk" name="Check_FACTOR_LEVELS_dataset" time="0.00300000000004275"/>
    <testcase classname="FACTOR_LEVELS_datachk" name="Check_FACTOR_LEVELS_dataset" time="0.0040000000000191"/>
    <testcase classname="FACTOR_LEVELS_datachk" name="Check_FACTOR_LEVELS_dataset" time="0.00299999999992906"/>
    <testcase classname="FACTOR_LEVELS_datachk" name="Check_FACTOR_LEVELS_dataset" time="0.00499999999999545"/>
    <testcase classname="FACTOR_LEVELS_datachk" name="Check_FACTOR_LEVELS_dataset" time="0.288999999999987"/>
    <testcase classname="FACTOR_LEVELS_datachk" name="Check_FACTOR_LEVELS_dataset" time="0.00300000000004275"/>
    <testcase classname="FACTOR_LEVELS_datachk" name="Check_FACTOR_LEVELS_dataset" time="0.00300000000004275"/>
    <testcase classname="FACTOR_LEVELS_datachk" name="Check_FACTOR_LEVELS_dataset" time="0.00299999999992906"/>
    <testcase classname="FACTOR_LEVELS_datachk" name="Check_FACTOR_LEVELS_dataset" time="0.00300000000004275"/>
    <testcase classname="FACTOR_LEVELS_datachk" name="Check_FACTOR_LEVELS_dataset" time="0.00299999999992906"/>
    <testcase classname="FACTOR_LEVELS_datachk" name="Check_FACTOR_LEVELS_dataset" time="0.00300000000004275"/>
    <testcase classname="FACTOR_LEVELS_datachk" name="Check_FACTOR_LEVELS_dataset" time="0.00199999999995271"/>
    <testcase classname="FACTOR_LEVELS_datachk" name="Check_FACTOR_LEVELS_dataset" time="0.00300000000004275"/>
    <testcase classname="FACTOR_LEVELS_datachk" name="Check_FACTOR_LEVELS_dataset" time="0.543000000000006"/>
    <testcase classname="FACTOR_LEVELS_datachk" name="Check_FACTOR_LEVELS_dataset" time="0.00300000000004275"/>
    <testcase classname="FACTOR_LEVELS_datachk" name="Check_FACTOR_LEVELS_dataset" time="0.00299999999992906"/>
    <testcase classname="FACTOR_LEVELS_datachk" name="Check_FACTOR_LEVELS_dataset" time="0.00300000000004275"/>
    <testcase classname="FACTOR_LEVELS_datachk" name="Check_FACTOR_LEVELS_dataset" time="0.00300000000004275"/>
    <testcase classname="FACTOR_LEVELS_datachk" name="Check_FACTOR_LEVELS_dataset" time="0.00299999999992906"/>
    <testcase classname="FACTOR_LEVELS_datachk" name="Check_FACTOR_LEVELS_dataset" time="0.00200000000006639"/>
    <testcase classname="FACTOR_LEVELS_datachk" name="Check_FACTOR_LEVELS_dataset" time="0.295999999999935"/>
    <testcase classname="FACTOR_LEVELS_datachk" name="Check_FACTOR_LEVELS_dataset" time="0.0040000000000191"/>
    <testcase classname="FACTOR_LEVELS_datachk" name="Check_FACTOR_LEVELS_dataset" time="0.00199999999995271"/>
    <testcase classname="FACTOR_LEVELS_datachk" name="Check_FACTOR_LEVELS_dataset" time="0.00300000000004275"/>
    <testcase classname="FACTOR_LEVELS_datachk" name="Check_FACTOR_LEVELS_dataset" time="0.00300000000004275"/>
    <testcase classname="FACTOR_LEVELS_datachk" name="Check_FACTOR_LEVELS_dataset" time="0.00299999999992906"/>
    <testcase classname="FACTOR_LEVELS_datachk" name="Check_FACTOR_LEVELS_dataset" time="0.00300000000004275"/>
    <testcase classname="FACTOR_LEVELS_datachk" name="Check_FACTOR_LEVELS_dataset" time="0.00300000000004275"/>
    <testcase classname="FACTOR_LEVELS_datachk" name="Check_FACTOR_LEVELS_dataset" time="0.00299999999992906"/>
    <testcase classname="FACTOR_LEVELS_datachk" name="Check_FACTOR_LEVELS_dataset" time="0.548999999999978"/>
    <testcase classname="FACTOR_LEVELS_datachk" name="Check_FACTOR_LEVELS_dataset" time="0.00200000000006639"/>
    <testcase classname="FACTOR_LEVELS_datachk" name="Check_FACTOR_LEVELS_dataset" time="0.0040000000000191"/>
    <testcase classname="FACTOR_LEVELS_datachk" name="Check_FACTOR_LEVELS_dataset" time="0.00299999999992906"/>
    <testcase classname="FACTOR_LEVELS_datachk" name="Check_FACTOR_LEVELS_dataset" time="0.00200000000006639"/>
    <testcase classname="FACTOR_LEVELS_datachk" name="Check_FACTOR_LEVELS_dataset" time="0.00299999999992906"/>
    <testcase classname="FACTOR_LEVELS_datachk" name="Check_FACTOR_LEVELS_dataset" time="0.00300000000004275"/>
    <testcase classname="FACTOR_LEVELS_datachk" name="Check_FACTOR_LEVELS_dataset" time="0.273000000000025"/>
    <testcase classname="FACTOR_LEVELS_datachk" name="Check_FACTOR_LEVELS_dataset" time="0.00399999999990541"/>
    <testcase classname="FACTOR_LEVELS_datachk" name="Check_FACTOR_LEVELS_dataset" time="0.00300000000004275"/>
    <testcase classname="FACTOR_LEVELS_datachk" name="Check_FACTOR_LEVELS_dataset" time="0.00300000000004275"/>
    <testcase classname="FACTOR_LEVELS_datachk" name="Check_FACTOR_LEVELS_dataset" time="0.00299999999992906"/>
    <testcase classname="FACTOR_LEVELS_datachk" name="Check_FACTOR_LEVELS_dataset" time="0.00300000000004275"/>
    <testcase classname="FACTOR_LEVELS_datachk" name="Check_FACTOR_LEVELS_dataset" time="0.00300000000004275"/>
    <testcase classname="FACTOR_LEVELS_datachk" name="Check_FACTOR_LEVELS_dataset" time="0.00299999999992906"/>
    <testcase classname="FACTOR_LEVELS_datachk" name="Check_FACTOR_LEVELS_dataset" time="0.00300000000004275"/>
    <testcase classname="FACTOR_LEVELS_datachk" name="Check_FACTOR_LEVELS_dataset" time="0.547000000000025"/>
    <testcase classname="FACTOR_LEVELS_datachk" name="Check_FACTOR_LEVELS_dataset" time="0.00499999999999545"/>
    <testcase classname="FACTOR_LEVELS_datachk" name="Check_FACTOR_LEVELS_dataset" time="0.00299999999992906"/>
    <testcase classname="FACTOR_LEVELS_datachk" name="Check_FACTOR_LEVELS_dataset" time="0.0040000000000191"/>
    <testcase classname="FACTOR_LEVELS_datachk" name="Check_FACTOR_LEVELS_dataset" time="0.00300000000004275"/>
    <testcase classname="FACTOR_LEVELS_datachk" name="Check_FACTOR_LEVELS_dataset" time="0.0040000000000191"/>
    <testcase classname="FACTOR_LEVELS_datachk" name="Check_FACTOR_LEVELS_dataset" time="0.00399999999990541"/>
    <testcase classname="FACTOR_LEVELS_datachk" name="Check_FACTOR_LEVELS_dataset" time="0.289000000000101"/>
    <testcase classname="FACTOR_LEVELS_datachk" name="Check_FACTOR_LEVELS_dataset" time="0.00399999999990541"/>
    <testcase classname="FACTOR_LEVELS_datachk" name="Check_FACTOR_LEVELS_dataset" time="0.0040000000000191"/>
    <testcase classname="FACTOR_LEVELS_datachk" name="Check_FACTOR_LEVELS_dataset" time="0.00300000000004275"/>
    <testcase classname="FACTOR_LEVELS_datachk" name="Check_FACTOR_LEVELS_dataset" time="0.00299999999992906"/>
    <testcase classname="FACTOR_LEVELS_datachk" name="Check_FACTOR_LEVELS_dataset" time="0.0040000000000191"/>
    <testcase classname="FACTOR_LEVELS_datachk" name="Check_FACTOR_LEVELS_dataset" time="0.00300000000004275"/>
    <testcase classname="FACTOR_LEVELS_datachk" name="Check_FACTOR_LEVELS_dataset" time="0.0040000000000191"/>
    <testcase classname="FACTOR_LEVELS_datachk" name="Check_FACTOR_LEVELS_dataset" time="0.00299999999992906"/>
    <testcase classname="FACTOR_LEVELS_datachk" name="Check_FACTOR_LEVELS_dataset" time="0.552000000000021"/>
    <testcase classname="FACTOR_LEVELS_datachk" name="Check_FACTOR_LEVELS_dataset" time="0.0040000000000191"/>
    <testcase classname="FACTOR_LEVELS_datachk" name="Check_FACTOR_LEVELS_dataset" time="0.0040000000000191"/>
    <testcase classname="FACTOR_LEVELS_datachk" name="Check_FACTOR_LEVELS_dataset" time="0.0040000000000191"/>
    <testcase classname="FACTOR_LEVELS_datachk" name="Check_FACTOR_LEVELS_dataset" time="0.00399999999990541"/>
    <testcase classname="FACTOR_LEVELS_datachk" name="Check_FACTOR_LEVELS_dataset" time="0.0040000000000191"/>
    <testcase classname="FACTOR_LEVELS_datachk" name="Check_FACTOR_LEVELS_dataset" time="0.00300000000004275"/>
    <testcase classname="FACTOR_LEVELS_datachk" name="Check_FACTOR_LEVELS_dataset" time="0.280999999999949"/>
    <testcase classname="FACTOR_LEVELS_datachk" name="Check_FACTOR_LEVELS_dataset" time="0.0040000000000191"/>
    <testcase classname="FACTOR_LEVELS_datachk" name="Check_FACTOR_LEVELS_dataset" time="0.00599999999997181"/>
    <testcase classname="FACTOR_LEVELS_datachk" name="Check_FACTOR_LEVELS_dataset" time="0.00600000000008549"/>
    <testcase classname="FACTOR_LEVELS_datachk" name="Check_FACTOR_LEVELS_dataset" time="0.0040000000000191"/>
    <testcase classname="FACTOR_LEVELS_datachk" name="Check_FACTOR_LEVELS_dataset" time="0.00499999999999545"/>
    <testcase classname="FACTOR_LEVELS_datachk" name="Check_FACTOR_LEVELS_dataset" time="0.00399999999990541"/>
    <testcase classname="FACTOR_LEVELS_datachk" name="Check_FACTOR_LEVELS_dataset" time="0.0040000000000191"/>
    <testcase classname="FACTOR_LEVELS_datachk" name="Check_FACTOR_LEVELS_dataset" time="0.0040000000000191"/>
    <testcase classname="FACTOR_LEVELS_datachk" name="Check_FACTOR_LEVELS_dataset" time="0.565000000000055"/>
    <testcase classname="FACTOR_LEVELS_datachk" name="Check_FACTOR_LEVELS_dataset" time="0.00399999999990541"/>
    <testcase classname="FACTOR_LEVELS_datachk" name="Check_FACTOR_LEVELS_dataset" time="0.00499999999999545"/>
    <testcase classname="FACTOR_LEVELS_datachk" name="Check_FACTOR_LEVELS_dataset" time="0.0040000000000191"/>
    <testcase classname="FACTOR_LEVELS_datachk" name="Check_FACTOR_LEVELS_dataset" time="0.0040000000000191"/>
    <testcase classname="FACTOR_LEVELS_datachk" name="Check_FACTOR_LEVELS_dataset" time="0.00499999999999545"/>
    <testcase classname="FACTOR_LEVELS_datachk" name="Check_FACTOR_LEVELS_dataset" time="0.0040000000000191"/>
    <testcase classname="FACTOR_LEVELS_datachk" name="Check_FACTOR_LEVELS_dataset" time="0.275999999999954"/>
    <testcase classname="FACTOR_LEVELS_datachk" name="Check_FACTOR_LEVELS_dataset" time="0.0040000000000191"/>
    <testcase classname="FACTOR_LEVELS_datachk" name="Check_FACTOR_LEVELS_dataset" time="0.0040000000000191"/>
    <testcase classname="FACTOR_LEVELS_datachk" name="Check_FACTOR_LEVELS_dataset" time="0.0040000000000191"/>
    <testcase classname="FACTOR_LEVELS_datachk" name="Check_FACTOR_LEVELS_dataset" time="0.00300000000004275"/>
    <testcase classname="FACTOR_LEVELS_datachk" name="Check_FACTOR_LEVELS_dataset" time="0.00399999999990541"/>
    <testcase classname="FACTOR_LEVELS_datachk" name="Check_FACTOR_LEVELS_dataset" time="0.0040000000000191"/>
    <testcase classname="FACTOR_LEVELS_datachk" name="Check_FACTOR_LEVELS_dataset" time="0.0040000000000191"/>
    <testcase classname="FACTOR_LEVELS_datachk" name="Check_FACTOR_LEVELS_dataset" time="0.00300000000004275"/>
    <testcase classname="FACTOR_LEVELS_datachk" name="Check_FACTOR_LEVELS_dataset" time="0.543000000000006"/>
    <testcase classname="FACTOR_LEVELS_datachk" name="Check_FACTOR_LEVELS_dataset" time="0.00399999999990541"/>
    <testcase classname="FACTOR_LEVELS_datachk" name="Check_FACTOR_LEVELS_dataset" time="0.00499999999999545"/>
    <testcase classname="FACTOR_LEVELS_datachk" name="Check_FACTOR_LEVELS_dataset" time="0.0040000000000191"/>
    <testcase classname="FACTOR_LEVELS_datachk" name="Check_FACTOR_LEVELS_dataset" time="0.00499999999999545"/>
    <testcase classname="FACTOR_LEVELS_datachk" name="Check_FACTOR_LEVELS_dataset" time="0.0040000000000191"/>
    <testcase classname="FACTOR_LEVELS_datachk" name="Check_FACTOR_LEVELS_dataset" time="0.00499999999999545"/>
    <testcase classname="FACTOR_LEVELS_datachk" name="Check_FACTOR_LEVELS_dataset" time="0.281000000000063"/>
    <testcase classname="FACTOR_LEVELS_datachk" name="Check_FACTOR_LEVELS_dataset" time="0.00900000000001455"/>
    <testcase classname="FACTOR_LEVELS_datachk" name="Check_FACTOR_LEVELS_dataset" time="0.00499999999999545"/>
    <testcase classname="FACTOR_LEVELS_datachk" name="Check_FACTOR_LEVELS_dataset" time="0.00399999999990541"/>
    <testcase classname="FACTOR_LEVELS_datachk" name="Check_FACTOR_LEVELS_dataset" time="0.00600000000008549"/>
    <testcase classname="FACTOR_LEVELS_datachk" name="Check_FACTOR_LEVELS_dataset" time="0.00499999999999545"/>
    <testcase classname="FACTOR_LEVELS_datachk" name="Check_FACTOR_LEVELS_dataset" time="0.0040000000000191"/>
    <testcase classname="FACTOR_LEVELS_datachk" name="Check_FACTOR_LEVELS_dataset" time="0.00499999999999545"/>
    <testcase classname="FACTOR_LEVELS_datachk" name="Check_FACTOR_LEVELS_dataset" time="0.00499999999999545"/>
  </testsuite>
  <testsuite errors="0" failures="0" hostname="fv-az14" name="FACTOR_LEVELS::datachk::shutdown" skipped="0" tests="3" time="0.29" timestamp="2020-10-27T20:30:55Z">
    <testcase classname="FACTOR_LEVELS_datachk_shutdown" name="shutdown" time="0.285999999999945"/>
    <testcase classname="FACTOR_LEVELS_datachk_shutdown" name="shutdown" time="0.00200000000006639"/>
    <testcase classname="FACTOR_LEVELS_datachk_shutdown" name="shutdown" time="0.00199999999995271"/>
  </testsuite>
  <testsuite errors="0" failures="0" hostname="fv-az14" name="FACTOR_LEVELS::datachk::done" skipped="0" tests="0" time="0" timestamp="2020-10-27T20:30:56Z"/>
  <testsuite errors="0" failures="0" hostname="fv-az14" name="SURVIVAL_EXPAND_WITH_MISSING::datachk::setup" skipped="0" tests="3" time="5.435" timestamp="2020-10-27T20:30:56Z">
    <testcase classname="SURVIVAL_EXPAND_WITH_MISSING_datachk_setup" name="setup" time="5.43200000000002"/>
    <testcase classname="SURVIVAL_EXPAND_WITH_MISSING_datachk_setup" name="setup" time="0.00199999999995271"/>
    <testcase classname="SURVIVAL_EXPAND_WITH_MISSING_datachk_setup" name="setup" time="0.000999999999976353"/>
  </testsuite>
  <testsuite errors="0" failures="0" hostname="fv-az14" name="SURVIVAL_EXPAND_WITH_MISSING::datachk" skipped="0" tests="198" time="11.741" timestamp="2020-10-27T20:31:00Z">
    <testcase classname="SURVIVAL_EXPAND_WITH_MISSING_datachk" name="Check_SURVIVAL_EXPAND_WITH_MISSING_dataset" time="0.547000000000025"/>
    <testcase classname="SURVIVAL_EXPAND_WITH_MISSING_datachk" name="Check_SURVIVAL_EXPAND_WITH_MISSING_dataset" time="0.00200000000006639"/>
    <testcase classname="SURVIVAL_EXPAND_WITH_MISSING_datachk" name="Check_SURVIVAL_EXPAND_WITH_MISSING_dataset" time="0.000999999999976353"/>
    <testcase classname="SURVIVAL_EXPAND_WITH_MISSING_datachk" name="Check_SURVIVAL_EXPAND_WITH_MISSING_dataset" time="0.00199999999995271"/>
    <testcase classname="SURVIVAL_EXPAND_WITH_MISSING_datachk" name="Check_SURVIVAL_EXPAND_WITH_MISSING_dataset" time="0.000999999999976353"/>
    <testcase classname="SURVIVAL_EXPAND_WITH_MISSING_datachk" name="Check_SURVIVAL_EXPAND_WITH_MISSING_dataset" time="0.00100000000009004"/>
    <testcase classname="SURVIVAL_EXPAND_WITH_MISSING_datachk" name="Check_SURVIVAL_EXPAND_WITH_MISSING_dataset" time="0.00199999999995271"/>
    <testcase classname="SURVIVAL_EXPAND_WITH_MISSING_datachk" name="Check_SURVIVAL_EXPAND_WITH_MISSING_dataset" time="0.274999999999977"/>
    <testcase classname="SURVIVAL_EXPAND_WITH_MISSING_datachk" name="Check_SURVIVAL_EXPAND_WITH_MISSING_dataset" time="0.00200000000006639"/>
    <testcase classname="SURVIVAL_EXPAND_WITH_MISSING_datachk" name="Check_SURVIVAL_EXPAND_WITH_MISSING_dataset" time="0.00199999999995271"/>
    <testcase classname="SURVIVAL_EXPAND_WITH_MISSING_datachk" name="Check_SURVIVAL_EXPAND_WITH_MISSING_dataset" time="0.000999999999976353"/>
    <testcase classname="SURVIVAL_EXPAND_WITH_MISSING_datachk" name="Check_SURVIVAL_EXPAND_WITH_MISSING_dataset" time="0.00200000000006639"/>
    <testcase classname="SURVIVAL_EXPAND_WITH_MISSING_datachk" name="Check_SURVIVAL_EXPAND_WITH_MISSING_dataset" time="0.000999999999976353"/>
    <testcase classname="SURVIVAL_EXPAND_WITH_MISSING_datachk" name="Check_SURVIVAL_EXPAND_WITH_MISSING_dataset" time="0.00199999999995271"/>
    <testcase classname="SURVIVAL_EXPAND_WITH_MISSING_datachk" name="Check_SURVIVAL_EXPAND_WITH_MISSING_dataset" time="0.00200000000006639"/>
    <testcase classname="SURVIVAL_EXPAND_WITH_MISSING_datachk" name="Check_SURVIVAL_EXPAND_WITH_MISSING_dataset" time="1.23000000000002"/>
    <testcase classname="SURVIVAL_EXPAND_WITH_MISSING_datachk" name="Check_SURVIVAL_EXPAND_WITH_MISSING_dataset" time="0.00199999999995271"/>
    <testcase classname="SURVIVAL_EXPAND_WITH_MISSING_datachk" name="Check_SURVIVAL_EXPAND_WITH_MISSING_dataset" time="0.00199999999995271"/>
    <testcase classname="SURVIVAL_EXPAND_WITH_MISSING_datachk" name="Check_SURVIVAL_EXPAND_WITH_MISSING_dataset" time="0.00200000000006639"/>
    <testcase classname="SURVIVAL_EXPAND_WITH_MISSING_datachk" name="Check_SURVIVAL_EXPAND_WITH_MISSING_dataset" time="0.00199999999995271"/>
    <testcase classname="SURVIVAL_EXPAND_WITH_MISSING_datachk" name="Check_SURVIVAL_EXPAND_WITH_MISSING_dataset" time="0.000999999999976353"/>
    <testcase classname="SURVIVAL_EXPAND_WITH_MISSING_datachk" name="Check_SURVIVAL_EXPAND_WITH_MISSING_dataset" time="0.00200000000006639"/>
    <testcase classname="SURVIVAL_EXPAND_WITH_MISSING_datachk" name="Check_SURVIVAL_EXPAND_WITH_MISSING_dataset" time="0.55600000000004"/>
    <testcase classname="SURVIVAL_EXPAND_WITH_MISSING_datachk" name="Check_SURVIVAL_EXPAND_WITH_MISSING_dataset" time="0.00199999999995271"/>
    <testcase classname="SURVIVAL_EXPAND_WITH_MISSING_datachk" name="Check_SURVIVAL_EXPAND_WITH_MISSING_dataset" time="0.00199999999995271"/>
    <testcase classname="SURVIVAL_EXPAND_WITH_MISSING_datachk" name="Check_SURVIVAL_EXPAND_WITH_MISSING_dataset" time="0.00200000000006639"/>
    <testcase classname="SURVIVAL_EXPAND_WITH_MISSING_datachk" name="Check_SURVIVAL_EXPAND_WITH_MISSING_dataset" time="0.00199999999995271"/>
    <testcase classname="SURVIVAL_EXPAND_WITH_MISSING_datachk" name="Check_SURVIVAL_EXPAND_WITH_MISSING_dataset" time="0.00200000000006639"/>
    <testcase classname="SURVIVAL_EXPAND_WITH_MISSING_datachk" name="Check_SURVIVAL_EXPAND_WITH_MISSING_dataset" time="0.00199999999995271"/>
    <testcase classname="SURVIVAL_EXPAND_WITH_MISSING_datachk" name="Check_SURVIVAL_EXPAND_WITH_MISSING_dataset" time="0.280999999999949"/>
    <testcase classname="SURVIVAL_EXPAND_WITH_MISSING_datachk" name="Check_SURVIVAL_EXPAND_WITH_MISSING_dataset" time="0.00200000000006639"/>
    <testcase classname="SURVIVAL_EXPAND_WITH_MISSING_datachk" name="Check_SURVIVAL_EXPAND_WITH_MISSING_dataset" time="0.00199999999995271"/>
    <testcase classname="SURVIVAL_EXPAND_WITH_MISSING_datachk" name="Check_SURVIVAL_EXPAND_WITH_MISSING_dataset" time="0.00200000000006639"/>
    <testcase classname="SURVIVAL_EXPAND_WITH_MISSING_datachk" name="Check_SURVIVAL_EXPAND_WITH_MISSING_dataset" time="0.00199999999995271"/>
    <testcase classname="SURVIVAL_EXPAND_WITH_MISSING_datachk" name="Check_SURVIVAL_EXPAND_WITH_MISSING_dataset" time="0.00200000000006639"/>
    <testcase classname="SURVIVAL_EXPAND_WITH_MISSING_datachk" name="Check_SURVIVAL_EXPAND_WITH_MISSING_dataset" time="0.00199999999995271"/>
    <testcase classname="SURVIVAL_EXPAND_WITH_MISSING_datachk" name="Check_SURVIVAL_EXPAND_WITH_MISSING_dataset" time="0.00199999999995271"/>
    <testcase classname="SURVIVAL_EXPAND_WITH_MISSING_datachk" name="Check_SURVIVAL_EXPAND_WITH_MISSING_dataset" time="0.00200000000006639"/>
    <testcase classname="SURVIVAL_EXPAND_WITH_MISSING_datachk" name="Check_SURVIVAL_EXPAND_WITH_MISSING_dataset" time="0.548999999999978"/>
    <testcase classname="SURVIVAL_EXPAND_WITH_MISSING_datachk" name="Check_SURVIVAL_EXPAND_WITH_MISSING_dataset" time="0.00199999999995271"/>
    <testcase classname="SURVIVAL_EXPAND_WITH_MISSING_datachk" name="Check_SURVIVAL_EXPAND_WITH_MISSING_dataset" time="0.00300000000004275"/>
    <testcase classname="SURVIVAL_EXPAND_WITH_MISSING_datachk" name="Check_SURVIVAL_EXPAND_WITH_MISSING_dataset" time="0.00199999999995271"/>
    <testcase classname="SURVIVAL_EXPAND_WITH_MISSING_datachk" name="Check_SURVIVAL_EXPAND_WITH_MISSING_dataset" time="0.00200000000006639"/>
    <testcase classname="SURVIVAL_EXPAND_WITH_MISSING_datachk" name="Check_SURVIVAL_EXPAND_WITH_MISSING_dataset" time="0.00199999999995271"/>
    <testcase classname="SURVIVAL_EXPAND_WITH_MISSING_datachk" name="Check_SURVIVAL_EXPAND_WITH_MISSING_dataset" time="0.00200000000006639"/>
    <testcase classname="SURVIVAL_EXPAND_WITH_MISSING_datachk" name="Check_SURVIVAL_EXPAND_WITH_MISSING_dataset" time="0.275999999999954"/>
    <testcase classname="SURVIVAL_EXPAND_WITH_MISSING_datachk" name="Check_SURVIVAL_EXPAND_WITH_MISSING_dataset" time="0.00200000000006639"/>
    <testcase classname="SURVIVAL_EXPAND_WITH_MISSING_datachk" name="Check_SURVIVAL_EXPAND_WITH_MISSING_dataset" time="0.00199999999995271"/>
    <testcase classname="SURVIVAL_EXPAND_WITH_MISSING_datachk" name="Check_SURVIVAL_EXPAND_WITH_MISSING_dataset" time="0.00200000000006639"/>
    <testcase classname="SURVIVAL_EXPAND_WITH_MISSING_datachk" name="Check_SURVIVAL_EXPAND_WITH_MISSING_dataset" time="0.00299999999992906"/>
    <testcase classname="SURVIVAL_EXPAND_WITH_MISSING_datachk" name="Check_SURVIVAL_EXPAND_WITH_MISSING_dataset" time="0.00200000000006639"/>
    <testcase classname="SURVIVAL_EXPAND_WITH_MISSING_datachk" name="Check_SURVIVAL_EXPAND_WITH_MISSING_dataset" time="0.00199999999995271"/>
    <testcase classname="SURVIVAL_EXPAND_WITH_MISSING_datachk" name="Check_SURVIVAL_EXPAND_WITH_MISSING_dataset" time="0.00199999999995271"/>
    <testcase classname="SURVIVAL_EXPAND_WITH_MISSING_datachk" name="Check_SURVIVAL_EXPAND_WITH_MISSING_dataset" time="0.00300000000004275"/>
    <testcase classname="SURVIVAL_EXPAND_WITH_MISSING_datachk" name="Check_SURVIVAL_EXPAND_WITH_MISSING_dataset" time="0.552000000000021"/>
    <testcase classname="SURVIVAL_EXPAND_WITH_MISSING_datachk" name="Check_SURVIVAL_EXPAND_WITH_MISSING_dataset" time="0.00300000000004275"/>
    <testcase classname="SURVIVAL_EXPAND_WITH_MISSING_datachk" name="Check_SURVIVAL_EXPAND_WITH_MISSING_dataset" time="0.00199999999995271"/>
    <testcase classname="SURVIVAL_EXPAND_WITH_MISSING_datachk" name="Check_SURVIVAL_EXPAND_WITH_MISSING_dataset" time="0.00900000000001455"/>
    <testcase classname="SURVIVAL_EXPAND_WITH_MISSING_datachk" name="Check_SURVIVAL_EXPAND_WITH_MISSING_dataset" time="0.00199999999995271"/>
    <testcase classname="SURVIVAL_EXPAND_WITH_MISSING_datachk" name="Check_SURVIVAL_EXPAND_WITH_MISSING_dataset" time="0.00200000000006639"/>
    <testcase classname="SURVIVAL_EXPAND_WITH_MISSING_datachk" name="Check_SURVIVAL_EXPAND_WITH_MISSING_dataset" time="0.00199999999995271"/>
    <testcase classname="SURVIVAL_EXPAND_WITH_MISSING_datachk" name="Check_SURVIVAL_EXPAND_WITH_MISSING_dataset" time="0.277000000000044"/>
    <testcase classname="SURVIVAL_EXPAND_WITH_MISSING_datachk" name="Check_SURVIVAL_EXPAND_WITH_MISSING_dataset" time="0.00299999999992906"/>
    <testcase classname="SURVIVAL_EXPAND_WITH_MISSING_datachk" name="Check_SURVIVAL_EXPAND_WITH_MISSING_dataset" time="0.00300000000004275"/>
    <testcase classname="SURVIVAL_EXPAND_WITH_MISSING_datachk" name="Check_SURVIVAL_EXPAND_WITH_MISSING_dataset" time="0.00199999999995271"/>
    <testcase classname="SURVIVAL_EXPAND_WITH_MISSING_datachk" name="Check_SURVIVAL_EXPAND_WITH_MISSING_dataset" time="0.0040000000000191"/>
    <testcase classname="SURVIVAL_EXPAND_WITH_MISSING_datachk" name="Check_SURVIVAL_EXPAND_WITH_MISSING_dataset" time="0.00200000000006639"/>
    <testcase classname="SURVIVAL_EXPAND_WITH_MISSING_datachk" name="Check_SURVIVAL_EXPAND_WITH_MISSING_dataset" time="0.00299999999992906"/>
    <testcase classname="SURVIVAL_EXPAND_WITH_MISSING_datachk" name="Check_SURVIVAL_EXPAND_WITH_MISSING_dataset" time="0.00300000000004275"/>
    <testcase classname="SURVIVAL_EXPAND_WITH_MISSING_datachk" name="Check_SURVIVAL_EXPAND_WITH_MISSING_dataset" time="0.00199999999995271"/>
    <testcase classname="SURVIVAL_EXPAND_WITH_MISSING_datachk" name="Check_SURVIVAL_EXPAND_WITH_MISSING_dataset" time="0.550000000000068"/>
    <testcase classname="SURVIVAL_EXPAND_WITH_MISSING_datachk" name="Check_SURVIVAL_EXPAND_WITH_MISSING_dataset" time="0.00199999999995271"/>
    <testcase classname="SURVIVAL_EXPAND_WITH_MISSING_datachk" name="Check_SURVIVAL_EXPAND_WITH_MISSING_dataset" time="0.00199999999995271"/>
    <testcase classname="SURVIVAL_EXPAND_WITH_MISSING_datachk" name="Check_SURVIVAL_EXPAND_WITH_MISSING_dataset" time="0.00300000000004275"/>
    <testcase classname="SURVIVAL_EXPAND_WITH_MISSING_datachk" name="Check_SURVIVAL_EXPAND_WITH_MISSING_dataset" time="0.00300000000004275"/>
    <testcase classname="SURVIVAL_EXPAND_WITH_MISSING_datachk" name="Check_SURVIVAL_EXPAND_WITH_MISSING_dataset" time="0.00199999999995271"/>
    <testcase classname="SURVIVAL_EXPAND_WITH_MISSING_datachk" name="Check_SURVIVAL_EXPAND_WITH_MISSING_dataset" time="0.00300000000004275"/>
    <testcase classname="SURVIVAL_EXPAND_WITH_MISSING_datachk" name="Check_SURVIVAL_EXPAND_WITH_MISSING_dataset" time="0.275999999999954"/>
    <testcase classname="SURVIVAL_EXPAND_WITH_MISSING_datachk" name="Check_SURVIVAL_EXPAND_WITH_MISSING_dataset" time="0.00300000000004275"/>
    <testcase classname="SURVIVAL_EXPAND_WITH_MISSING_datachk" name="Check_SURVIVAL_EXPAND_WITH_MISSING_dataset" time="0.00299999999992906"/>
    <testcase classname="SURVIVAL_EXPAND_WITH_MISSING_datachk" name="Check_SURVIVAL_EXPAND_WITH_MISSING_dataset" time="0.00200000000006639"/>
    <testcase classname="SURVIVAL_EXPAND_WITH_MISSING_datachk" name="Check_SURVIVAL_EXPAND_WITH_MISSING_dataset" time="0.00299999999992906"/>
    <testcase classname="SURVIVAL_EXPAND_WITH_MISSING_datachk" name="Check_SURVIVAL_EXPAND_WITH_MISSING_dataset" time="0.00200000000006639"/>
    <testcase classname="SURVIVAL_EXPAND_WITH_MISSING_datachk" name="Check_SURVIVAL_EXPAND_WITH_MISSING_dataset" time="0.0040000000000191"/>
    <testcase classname="SURVIVAL_EXPAND_WITH_MISSING_datachk" name="Check_SURVIVAL_EXPAND_WITH_MISSING_dataset" time="0.00199999999995271"/>
    <testcase classname="SURVIVAL_EXPAND_WITH_MISSING_datachk" name="Check_SURVIVAL_EXPAND_WITH_MISSING_dataset" time="0.00300000000004275"/>
    <testcase classname="SURVIVAL_EXPAND_WITH_MISSING_datachk" name="Check_SURVIVAL_EXPAND_WITH_MISSING_dataset" time="0.550999999999931"/>
    <testcase classname="SURVIVAL_EXPAND_WITH_MISSING_datachk" name="Check_SURVIVAL_EXPAND_WITH_MISSING_dataset" time="0.00200000000006639"/>
    <testcase classname="SURVIVAL_EXPAND_WITH_MISSING_datachk" name="Check_SURVIVAL_EXPAND_WITH_MISSING_dataset" time="0.00299999999992906"/>
    <testcase classname="SURVIVAL_EXPAND_WITH_MISSING_datachk" name="Check_SURVIVAL_EXPAND_WITH_MISSING_dataset" time="0.00300000000004275"/>
    <testcase classname="SURVIVAL_EXPAND_WITH_MISSING_datachk" name="Check_SURVIVAL_EXPAND_WITH_MISSING_dataset" time="0.00300000000004275"/>
    <testcase classname="SURVIVAL_EXPAND_WITH_MISSING_datachk" name="Check_SURVIVAL_EXPAND_WITH_MISSING_dataset" time="0.00299999999992906"/>
    <testcase classname="SURVIVAL_EXPAND_WITH_MISSING_datachk" name="Check_SURVIVAL_EXPAND_WITH_MISSING_dataset" time="0.00300000000004275"/>
    <testcase classname="SURVIVAL_EXPAND_WITH_MISSING_datachk" name="Check_SURVIVAL_EXPAND_WITH_MISSING_dataset" time="0.288999999999987"/>
    <testcase classname="SURVIVAL_EXPAND_WITH_MISSING_datachk" name="Check_SURVIVAL_EXPAND_WITH_MISSING_dataset" time="0.0040000000000191"/>
    <testcase classname="SURVIVAL_EXPAND_WITH_MISSING_datachk" name="Check_SURVIVAL_EXPAND_WITH_MISSING_dataset" time="0.00299999999992906"/>
    <testcase classname="SURVIVAL_EXPAND_WITH_MISSING_datachk" name="Check_SURVIVAL_EXPAND_WITH_MISSING_dataset" time="0.00300000000004275"/>
    <testcase classname="SURVIVAL_EXPAND_WITH_MISSING_datachk" name="Check_SURVIVAL_EXPAND_WITH_MISSING_dataset" time="0.0040000000000191"/>
    <testcase classname="SURVIVAL_EXPAND_WITH_MISSING_datachk" name="Check_SURVIVAL_EXPAND_WITH_MISSING_dataset" time="0.00300000000004275"/>
    <testcase classname="SURVIVAL_EXPAND_WITH_MISSING_datachk" name="Check_SURVIVAL_EXPAND_WITH_MISSING_dataset" time="0.00299999999992906"/>
    <testcase classname="SURVIVAL_EXPAND_WITH_MISSING_datachk" name="Check_SURVIVAL_EXPAND_WITH_MISSING_dataset" time="0.00300000000004275"/>
    <testcase classname="SURVIVAL_EXPAND_WITH_MISSING_datachk" name="Check_SURVIVAL_EXPAND_WITH_MISSING_dataset" time="0.00299999999992906"/>
    <testcase classname="SURVIVAL_EXPAND_WITH_MISSING_datachk" name="Check_SURVIVAL_EXPAND_WITH_MISSING_dataset" time="0.552999999999997"/>
    <testcase classname="SURVIVAL_EXPAND_WITH_MISSING_datachk" name="Check_SURVIVAL_EXPAND_WITH_MISSING_dataset" time="0.00300000000004275"/>
    <testcase classname="SURVIVAL_EXPAND_WITH_MISSING_datachk" name="Check_SURVIVAL_EXPAND_WITH_MISSING_dataset" time="0.00300000000004275"/>
    <testcase classname="SURVIVAL_EXPAND_WITH_MISSING_datachk" name="Check_SURVIVAL_EXPAND_WITH_MISSING_dataset" time="0.00299999999992906"/>
    <testcase classname="SURVIVAL_EXPAND_WITH_MISSING_datachk" name="Check_SURVIVAL_EXPAND_WITH_MISSING_dataset" time="0.00300000000004275"/>
    <testcase classname="SURVIVAL_EXPAND_WITH_MISSING_datachk" name="Check_SURVIVAL_EXPAND_WITH_MISSING_dataset" time="0.00300000000004275"/>
    <testcase classname="SURVIVAL_EXPAND_WITH_MISSING_datachk" name="Check_SURVIVAL_EXPAND_WITH_MISSING_dataset" time="0.00399999999990541"/>
    <testcase classname="SURVIVAL_EXPAND_WITH_MISSING_datachk" name="Check_SURVIVAL_EXPAND_WITH_MISSING_dataset" time="0.27800000000002"/>
    <testcase classname="SURVIVAL_EXPAND_WITH_MISSING_datachk" name="Check_SURVIVAL_EXPAND_WITH_MISSING_dataset" time="0.0040000000000191"/>
    <testcase classname="SURVIVAL_EXPAND_WITH_MISSING_datachk" name="Check_SURVIVAL_EXPAND_WITH_MISSING_dataset" time="0.00300000000004275"/>
    <testcase classname="SURVIVAL_EXPAND_WITH_MISSING_datachk" name="Check_SURVIVAL_EXPAND_WITH_MISSING_dataset" time="0.00399999999990541"/>
    <testcase classname="SURVIVAL_EXPAND_WITH_MISSING_datachk" name="Check_SURVIVAL_EXPAND_WITH_MISSING_dataset" time="0.00300000000004275"/>
    <testcase classname="SURVIVAL_EXPAND_WITH_MISSING_datachk" name="Check_SURVIVAL_EXPAND_WITH_MISSING_dataset" time="0.00300000000004275"/>
    <testcase classname="SURVIVAL_EXPAND_WITH_MISSING_datachk" name="Check_SURVIVAL_EXPAND_WITH_MISSING_dataset" time="0.0040000000000191"/>
    <testcase classname="SURVIVAL_EXPAND_WITH_MISSING_datachk" name="Check_SURVIVAL_EXPAND_WITH_MISSING_dataset" time="0.00299999999992906"/>
    <testcase classname="SURVIVAL_EXPAND_WITH_MISSING_datachk" name="Check_SURVIVAL_EXPAND_WITH_MISSING_dataset" time="0.0040000000000191"/>
    <testcase classname="SURVIVAL_EXPAND_WITH_MISSING_datachk" name="Check_SURVIVAL_EXPAND_WITH_MISSING_dataset" time="0.551000000000045"/>
    <testcase classname="SURVIVAL_EXPAND_WITH_MISSING_datachk" name="Check_SURVIVAL_EXPAND_WITH_MISSING_dataset" time="0.00399999999990541"/>
    <testcase classname="SURVIVAL_EXPAND_WITH_MISSING_datachk" name="Check_SURVIVAL_EXPAND_WITH_MISSING_dataset" time="0.00300000000004275"/>
    <testcase classname="SURVIVAL_EXPAND_WITH_MISSING_datachk" name="Check_SURVIVAL_EXPAND_WITH_MISSING_dataset" time="0.0040000000000191"/>
    <testcase classname="SURVIVAL_EXPAND_WITH_MISSING_datachk" name="Check_SURVIVAL_EXPAND_WITH_MISSING_dataset" time="0.00300000000004275"/>
    <testcase classname="SURVIVAL_EXPAND_WITH_MISSING_datachk" name="Check_SURVIVAL_EXPAND_WITH_MISSING_dataset" time="0.00299999999992906"/>
    <testcase classname="SURVIVAL_EXPAND_WITH_MISSING_datachk" name="Check_SURVIVAL_EXPAND_WITH_MISSING_dataset" time="0.00300000000004275"/>
    <testcase classname="SURVIVAL_EXPAND_WITH_MISSING_datachk" name="Check_SURVIVAL_EXPAND_WITH_MISSING_dataset" time="0.284999999999968"/>
    <testcase classname="SURVIVAL_EXPAND_WITH_MISSING_datachk" name="Check_SURVIVAL_EXPAND_WITH_MISSING_dataset" time="0.00300000000004275"/>
    <testcase classname="SURVIVAL_EXPAND_WITH_MISSING_datachk" name="Check_SURVIVAL_EXPAND_WITH_MISSING_dataset" time="0.0040000000000191"/>
    <testcase classname="SURVIVAL_EXPAND_WITH_MISSING_datachk" name="Check_SURVIVAL_EXPAND_WITH_MISSING_dataset" time="0.00299999999992906"/>
    <testcase classname="SURVIVAL_EXPAND_WITH_MISSING_datachk" name="Check_SURVIVAL_EXPAND_WITH_MISSING_dataset" time="0.0040000000000191"/>
    <testcase classname="SURVIVAL_EXPAND_WITH_MISSING_datachk" name="Check_SURVIVAL_EXPAND_WITH_MISSING_dataset" time="0.00300000000004275"/>
    <testcase classname="SURVIVAL_EXPAND_WITH_MISSING_datachk" name="Check_SURVIVAL_EXPAND_WITH_MISSING_dataset" time="0.00299999999992906"/>
    <testcase classname="SURVIVAL_EXPAND_WITH_MISSING_datachk" name="Check_SURVIVAL_EXPAND_WITH_MISSING_dataset" time="0.00300000000004275"/>
    <testcase classname="SURVIVAL_EXPAND_WITH_MISSING_datachk" name="Check_SURVIVAL_EXPAND_WITH_MISSING_dataset" time="0.0040000000000191"/>
    <testcase classname="SURVIVAL_EXPAND_WITH_MISSING_datachk" name="Check_SURVIVAL_EXPAND_WITH_MISSING_dataset" time="0.551000000000045"/>
    <testcase classname="SURVIVAL_EXPAND_WITH_MISSING_datachk" name="Check_SURVIVAL_EXPAND_WITH_MISSING_dataset" time="0.00299999999992906"/>
    <testcase classname="SURVIVAL_EXPAND_WITH_MISSING_datachk" name="Check_SURVIVAL_EXPAND_WITH_MISSING_dataset" time="0.0040000000000191"/>
    <testcase classname="SURVIVAL_EXPAND_WITH_MISSING_datachk" name="Check_SURVIVAL_EXPAND_WITH_MISSING_dataset" time="0.00300000000004275"/>
    <testcase classname="SURVIVAL_EXPAND_WITH_MISSING_datachk" name="Check_SURVIVAL_EXPAND_WITH_MISSING_dataset" time="0.00299999999992906"/>
    <testcase classname="SURVIVAL_EXPAND_WITH_MISSING_datachk" name="Check_SURVIVAL_EXPAND_WITH_MISSING_dataset" time="0.0040000000000191"/>
    <testcase classname="SURVIVAL_EXPAND_WITH_MISSING_datachk" name="Check_SURVIVAL_EXPAND_WITH_MISSING_dataset" time="0.0040000000000191"/>
    <testcase classname="SURVIVAL_EXPAND_WITH_MISSING_datachk" name="Check_SURVIVAL_EXPAND_WITH_MISSING_dataset" time="0.280999999999949"/>
    <testcase classname="SURVIVAL_EXPAND_WITH_MISSING_datachk" name="Check_SURVIVAL_EXPAND_WITH_MISSING_dataset" time="0.00299999999992906"/>
    <testcase classname="SURVIVAL_EXPAND_WITH_MISSING_datachk" name="Check_SURVIVAL_EXPAND_WITH_MISSING_dataset" time="0.0040000000000191"/>
    <testcase classname="SURVIVAL_EXPAND_WITH_MISSING_datachk" name="Check_SURVIVAL_EXPAND_WITH_MISSING_dataset" time="0.0040000000000191"/>
    <testcase classname="SURVIVAL_EXPAND_WITH_MISSING_datachk" name="Check_SURVIVAL_EXPAND_WITH_MISSING_dataset" time="0.0040000000000191"/>
    <testcase classname="SURVIVAL_EXPAND_WITH_MISSING_datachk" name="Check_SURVIVAL_EXPAND_WITH_MISSING_dataset" time="0.00399999999990541"/>
    <testcase classname="SURVIVAL_EXPAND_WITH_MISSING_datachk" name="Check_SURVIVAL_EXPAND_WITH_MISSING_dataset" time="0.0040000000000191"/>
    <testcase classname="SURVIVAL_EXPAND_WITH_MISSING_datachk" name="Check_SURVIVAL_EXPAND_WITH_MISSING_dataset" time="0.0040000000000191"/>
    <testcase classname="SURVIVAL_EXPAND_WITH_MISSING_datachk" name="Check_SURVIVAL_EXPAND_WITH_MISSING_dataset" time="0.0040000000000191"/>
    <testcase classname="SURVIVAL_EXPAND_WITH_MISSING_datachk" name="Check_SURVIVAL_EXPAND_WITH_MISSING_dataset" time="0.548999999999978"/>
    <testcase classname="SURVIVAL_EXPAND_WITH_MISSING_datachk" name="Check_SURVIVAL_EXPAND_WITH_MISSING_dataset" time="0.0040000000000191"/>
    <testcase classname="SURVIVAL_EXPAND_WITH_MISSING_datachk" name="Check_SURVIVAL_EXPAND_WITH_MISSING_dataset" time="0.0040000000000191"/>
    <testcase classname="SURVIVAL_EXPAND_WITH_MISSING_datachk" name="Check_SURVIVAL_EXPAND_WITH_MISSING_dataset" time="0.0040000000000191"/>
    <testcase classname="SURVIVAL_EXPAND_WITH_MISSING_datachk" name="Check_SURVIVAL_EXPAND_WITH_MISSING_dataset" time="0.0040000000000191"/>
    <testcase classname="SURVIVAL_EXPAND_WITH_MISSING_datachk" name="Check_SURVIVAL_EXPAND_WITH_MISSING_dataset" time="0.00399999999990541"/>
    <testcase classname="SURVIVAL_EXPAND_WITH_MISSING_datachk" name="Check_SURVIVAL_EXPAND_WITH_MISSING_dataset" time="0.0040000000000191"/>
    <testcase classname="SURVIVAL_EXPAND_WITH_MISSING_datachk" name="Check_SURVIVAL_EXPAND_WITH_MISSING_dataset" time="0.278999999999996"/>
    <testcase classname="SURVIVAL_EXPAND_WITH_MISSING_datachk" name="Check_SURVIVAL_EXPAND_WITH_MISSING_dataset" time="0.0040000000000191"/>
    <testcase classname="SURVIVAL_EXPAND_WITH_MISSING_datachk" name="Check_SURVIVAL_EXPAND_WITH_MISSING_dataset" time="0.0040000000000191"/>
    <testcase classname="SURVIVAL_EXPAND_WITH_MISSING_datachk" name="Check_SURVIVAL_EXPAND_WITH_MISSING_dataset" time="0.0040000000000191"/>
    <testcase classname="SURVIVAL_EXPAND_WITH_MISSING_datachk" name="Check_SURVIVAL_EXPAND_WITH_MISSING_dataset" time="0.0040000000000191"/>
    <testcase classname="SURVIVAL_EXPAND_WITH_MISSING_datachk" name="Check_SURVIVAL_EXPAND_WITH_MISSING_dataset" time="0.00399999999990541"/>
    <testcase classname="SURVIVAL_EXPAND_WITH_MISSING_datachk" name="Check_SURVIVAL_EXPAND_WITH_MISSING_dataset" time="0.0040000000000191"/>
    <testcase classname="SURVIVAL_EXPAND_WITH_MISSING_datachk" name="Check_SURVIVAL_EXPAND_WITH_MISSING_dataset" time="0.00300000000004275"/>
    <testcase classname="SURVIVAL_EXPAND_WITH_MISSING_datachk" name="Check_SURVIVAL_EXPAND_WITH_MISSING_dataset" time="0.0040000000000191"/>
    <testcase classname="SURVIVAL_EXPAND_WITH_MISSING_datachk" name="Check_SURVIVAL_EXPAND_WITH_MISSING_dataset" time="0.550999999999931"/>
    <testcase classname="SURVIVAL_EXPAND_WITH_MISSING_datachk" name="Check_SURVIVAL_EXPAND_WITH_MISSING_dataset" time="0.00500000000010914"/>
    <testcase classname="SURVIVAL_EXPAND_WITH_MISSING_datachk" name="Check_SURVIVAL_EXPAND_WITH_MISSING_dataset" time="0.00399999999990541"/>
    <testcase classname="SURVIVAL_EXPAND_WITH_MISSING_datachk" name="Check_SURVIVAL_EXPAND_WITH_MISSING_dataset" time="0.00499999999999545"/>
    <testcase classname="SURVIVAL_EXPAND_WITH_MISSING_datachk" name="Check_SURVIVAL_EXPAND_WITH_MISSING_dataset" time="0.0040000000000191"/>
    <testcase classname="SURVIVAL_EXPAND_WITH_MISSING_datachk" name="Check_SURVIVAL_EXPAND_WITH_MISSING_dataset" time="0.00300000000004275"/>
    <testcase classname="SURVIVAL_EXPAND_WITH_MISSING_datachk" name="Check_SURVIVAL_EXPAND_WITH_MISSING_dataset" time="0.0040000000000191"/>
    <testcase classname="SURVIVAL_EXPAND_WITH_MISSING_datachk" name="Check_SURVIVAL_EXPAND_WITH_MISSING_dataset" time="0.279999999999973"/>
    <testcase classname="SURVIVAL_EXPAND_WITH_MISSING_datachk" name="Check_SURVIVAL_EXPAND_WITH_MISSING_dataset" time="0.0040000000000191"/>
    <testcase classname="SURVIVAL_EXPAND_WITH_MISSING_datachk" name="Check_SURVIVAL_EXPAND_WITH_MISSING_dataset" time="0.00499999999999545"/>
    <testcase classname="SURVIVAL_EXPAND_WITH_MISSING_datachk" name="Check_SURVIVAL_EXPAND_WITH_MISSING_dataset" time="0.00499999999999545"/>
    <testcase classname="SURVIVAL_EXPAND_WITH_MISSING_datachk" name="Check_SURVIVAL_EXPAND_WITH_MISSING_dataset" time="0.0040000000000191"/>
    <testcase classname="SURVIVAL_EXPAND_WITH_MISSING_datachk" name="Check_SURVIVAL_EXPAND_WITH_MISSING_dataset" time="0.00499999999999545"/>
    <testcase classname="SURVIVAL_EXPAND_WITH_MISSING_datachk" name="Check_SURVIVAL_EXPAND_WITH_MISSING_dataset" time="0.00499999999999545"/>
    <testcase classname="SURVIVAL_EXPAND_WITH_MISSING_datachk" name="Check_SURVIVAL_EXPAND_WITH_MISSING_dataset" time="0.0040000000000191"/>
    <testcase classname="SURVIVAL_EXPAND_WITH_MISSING_datachk" name="Check_SURVIVAL_EXPAND_WITH_MISSING_dataset" time="0.00499999999999545"/>
    <testcase classname="SURVIVAL_EXPAND_WITH_MISSING_datachk" name="Check_SURVIVAL_EXPAND_WITH_MISSING_dataset" time="0.555999999999926"/>
    <testcase classname="SURVIVAL_EXPAND_WITH_MISSING_datachk" name="Check_SURVIVAL_EXPAND_WITH_MISSING_dataset" time="0.0040000000000191"/>
    <testcase classname="SURVIVAL_EXPAND_WITH_MISSING_datachk" name="Check_SURVIVAL_EXPAND_WITH_MISSING_dataset" time="0.00499999999999545"/>
    <testcase classname="SURVIVAL_EXPAND_WITH_MISSING_datachk" name="Check_SURVIVAL_EXPAND_WITH_MISSING_dataset" time="0.0040000000000191"/>
    <testcase classname="SURVIVAL_EXPAND_WITH_MISSING_datachk" name="Check_SURVIVAL_EXPAND_WITH_MISSING_dataset" time="0.00300000000004275"/>
    <testcase classname="SURVIVAL_EXPAND_WITH_MISSING_datachk" name="Check_SURVIVAL_EXPAND_WITH_MISSING_dataset" time="0.00399999999990541"/>
    <testcase classname="SURVIVAL_EXPAND_WITH_MISSING_datachk" name="Check_SURVIVAL_EXPAND_WITH_MISSING_dataset" time="0.0040000000000191"/>
    <testcase classname="SURVIVAL_EXPAND_WITH_MISSING_datachk" name="Check_SURVIVAL_EXPAND_WITH_MISSING_dataset" time="0.282000000000039"/>
    <testcase classname="SURVIVAL_EXPAND_WITH_MISSING_datachk" name="Check_SURVIVAL_EXPAND_WITH_MISSING_dataset" time="0.00499999999999545"/>
    <testcase classname="SURVIVAL_EXPAND_WITH_MISSING_datachk" name="Check_SURVIVAL_EXPAND_WITH_MISSING_dataset" time="0.00499999999999545"/>
    <testcase classname="SURVIVAL_EXPAND_WITH_MISSING_datachk" name="Check_SURVIVAL_EXPAND_WITH_MISSING_dataset" time="0.0040000000000191"/>
    <testcase classname="SURVIVAL_EXPAND_WITH_MISSING_datachk" name="Check_SURVIVAL_EXPAND_WITH_MISSING_dataset" time="0.0040000000000191"/>
    <testcase classname="SURVIVAL_EXPAND_WITH_MISSING_datachk" name="Check_SURVIVAL_EXPAND_WITH_MISSING_dataset" time="0.00499999999999545"/>
    <testcase classname="SURVIVAL_EXPAND_WITH_MISSING_datachk" name="Check_SURVIVAL_EXPAND_WITH_MISSING_dataset" time="0.0040000000000191"/>
    <testcase classname="SURVIVAL_EXPAND_WITH_MISSING_datachk" name="Check_SURVIVAL_EXPAND_WITH_MISSING_dataset" time="0.00499999999999545"/>
    <testcase classname="SURVIVAL_EXPAND_WITH_MISSING_datachk" name="Check_SURVIVAL_EXPAND_WITH_MISSING_dataset" time="0.00399999999990541"/>
  </testsuite>
  <testsuite errors="0" failures="0" hostname="fv-az14" name="SURVIVAL_EXPAND_WITH_MISSING::datachk::shutdown" skipped="0" tests="3" time="0.293" timestamp="2020-10-27T20:31:12Z">
    <testcase classname="SURVIVAL_EXPAND_WITH_MISSING_datachk_shutdown" name="shutdown" time="0.291000000000054"/>
    <testcase classname="SURVIVAL_EXPAND_WITH_MISSING_datachk_shutdown" name="shutdown" time="0.000999999999976353"/>
    <testcase classname="SURVIVAL_EXPAND_WITH_MISSING_datachk_shutdown" name="shutdown" time="0.00100000000009004"/>
  </testsuite>
  <testsuite errors="0" failures="0" hostname="fv-az14" name="SURVIVAL_EXPAND_WITH_MISSING::datachk::done" skipped="0" tests="0" time="0" timestamp="2020-10-27T20:31:13Z"/>
  <testsuite errors="0" failures="0" hostname="fv-az14" name="TESTING::datachk::setup" skipped="0" tests="3" time="5.632" timestamp="2020-10-27T20:31:13Z">
    <testcase classname="TESTING_datachk_setup" name="setup" time="5.62899999999991"/>
    <testcase classname="TESTING_datachk_setup" name="setup" time="0.00100000000009004"/>
    <testcase classname="TESTING_datachk_setup" name="setup" time="0.00199999999995271"/>
  </testsuite>
  <testsuite errors="0" failures="0" hostname="fv-az14" name="TESTING::datachk" skipped="0" tests="310" time="18.037" timestamp="2020-10-27T20:31:18Z">
    <testcase classname="TESTING_datachk" name="Check_TESTING_dataset" time="0.544999999999959"/>
    <testcase classname="TESTING_datachk" name="Check_TESTING_dataset" time="0.00100000000009004"/>
    <testcase classname="TESTING_datachk" name="Check_TESTING_dataset" time="0.000999999999976353"/>
    <testcase classname="TESTING_datachk" name="Check_TESTING_dataset" time="0.00199999999995271"/>
    <testcase classname="TESTING_datachk" name="Check_TESTING_dataset" time="0.000999999999976353"/>
    <testcase classname="TESTING_datachk" name="Check_TESTING_dataset" time="0.00100000000009004"/>
    <testcase classname="TESTING_datachk" name="Check_TESTING_dataset" time="0.00199999999995271"/>
    <testcase classname="TESTING_datachk" name="Check_TESTING_dataset" time="0.270999999999958"/>
    <testcase classname="TESTING_datachk" name="Check_TESTING_dataset" time="0.000999999999976353"/>
    <testcase classname="TESTING_datachk" name="Check_TESTING_dataset" time="0.00199999999995271"/>
    <testcase classname="TESTING_datachk" name="Check_TESTING_dataset" time="0.00200000000006639"/>
    <testcase classname="TESTING_datachk" name="Check_TESTING_dataset" time="0.00199999999995271"/>
    <testcase classname="TESTING_datachk" name="Check_TESTING_dataset" time="0.000999999999976353"/>
    <testcase classname="TESTING_datachk" name="Check_TESTING_dataset" time="0.00200000000006639"/>
    <testcase classname="TESTING_datachk" name="Check_TESTING_dataset" time="0.00199999999995271"/>
    <testcase classname="TESTING_datachk" name="Check_TESTING_dataset" time="1.24300000000005"/>
    <testcase classname="TESTING_datachk" name="Check_TESTING_dataset" time="0.00199999999995271"/>
    <testcase classname="TESTING_datachk" name="Check_TESTING_dataset" time="0.00199999999995271"/>
    <testcase classname="TESTING_datachk" name="Check_TESTING_dataset" time="0.00200000000006639"/>
    <testcase classname="TESTING_datachk" name="Check_TESTING_dataset" time="0.00199999999995271"/>
    <testcase classname="TESTING_datachk" name="Check_TESTING_dataset" time="0.00200000000006639"/>
    <testcase classname="TESTING_datachk" name="Check_TESTING_dataset" time="0.00199999999995271"/>
    <testcase classname="TESTING_datachk" name="Check_TESTING_dataset" time="0.551000000000045"/>
    <testcase classname="TESTING_datachk" name="Check_TESTING_dataset" time="0.00199999999995271"/>
    <testcase classname="TESTING_datachk" name="Check_TESTING_dataset" time="0.000999999999976353"/>
    <testcase classname="TESTING_datachk" name="Check_TESTING_dataset" time="0.00200000000006639"/>
    <testcase classname="TESTING_datachk" name="Check_TESTING_dataset" time="0.000999999999976353"/>
    <testcase classname="TESTING_datachk" name="Check_TESTING_dataset" time="0.00199999999995271"/>
    <testcase classname="TESTING_datachk" name="Check_TESTING_dataset" time="0.00200000000006639"/>
    <testcase classname="TESTING_datachk" name="Check_TESTING_dataset" time="0.274000000000001"/>
    <testcase classname="TESTING_datachk" name="Check_TESTING_dataset" time="0.00199999999995271"/>
    <testcase classname="TESTING_datachk" name="Check_TESTING_dataset" time="0.00200000000006639"/>
    <testcase classname="TESTING_datachk" name="Check_TESTING_dataset" time="0.00199999999995271"/>
    <testcase classname="TESTING_datachk" name="Check_TESTING_dataset" time="0.00199999999995271"/>
    <testcase classname="TESTING_datachk" name="Check_TESTING_dataset" time="0.00200000000006639"/>
    <testcase classname="TESTING_datachk" name="Check_TESTING_dataset" time="0.000999999999976353"/>
    <testcase classname="TESTING_datachk" name="Check_TESTING_dataset" time="0.00300000000004275"/>
    <testcase classname="TESTING_datachk" name="Check_TESTING_dataset" time="0.000999999999976353"/>
    <testcase classname="TESTING_datachk" name="Check_TESTING_dataset" time="0.551000000000045"/>
    <testcase classname="TESTING_datachk" name="Check_TESTING_dataset" time="0.00199999999995271"/>
    <testcase classname="TESTING_datachk" name="Check_TESTING_dataset" time="0.00199999999995271"/>
    <testcase classname="TESTING_datachk" name="Check_TESTING_dataset" time="0.00200000000006639"/>
    <testcase classname="TESTING_datachk" name="Check_TESTING_dataset" time="0.00199999999995271"/>
    <testcase classname="TESTING_datachk" name="Check_TESTING_dataset" time="0.00300000000004275"/>
    <testcase classname="TESTING_datachk" name="Check_TESTING_dataset" time="0.00199999999995271"/>
    <testcase classname="TESTING_datachk" name="Check_TESTING_dataset" time="0.272000000000048"/>
    <testcase classname="TESTING_datachk" name="Check_TESTING_dataset" time="0.00199999999995271"/>
    <testcase classname="TESTING_datachk" name="Check_TESTING_dataset" time="0.00200000000006639"/>
    <testcase classname="TESTING_datachk" name="Check_TESTING_dataset" time="0.00199999999995271"/>
    <testcase classname="TESTING_datachk" name="Check_TESTING_dataset" time="0.00300000000004275"/>
    <testcase classname="TESTING_datachk" name="Check_TESTING_dataset" time="0.00199999999995271"/>
    <testcase classname="TESTING_datachk" name="Check_TESTING_dataset" time="0.00200000000006639"/>
    <testcase classname="TESTING_datachk" name="Check_TESTING_dataset" time="0.00299999999992906"/>
    <testcase classname="TESTING_datachk" name="Check_TESTING_dataset" time="0.00200000000006639"/>
    <testcase classname="TESTING_datachk" name="Check_TESTING_dataset" time="0.551999999999907"/>
    <testcase classname="TESTING_datachk" name="Check_TESTING_dataset" time="0.00200000000006639"/>
    <testcase classname="TESTING_datachk" name="Check_TESTING_dataset" time="0.00199999999995271"/>
    <testcase classname="TESTING_datachk" name="Check_TESTING_dataset" time="0.00200000000006639"/>
    <testcase classname="TESTING_datachk" name="Check_TESTING_dataset" time="0.00299999999992906"/>
    <testcase classname="TESTING_datachk" name="Check_TESTING_dataset" time="0.00200000000006639"/>
    <testcase classname="TESTING_datachk" name="Check_TESTING_dataset" time="0.00199999999995271"/>
    <testcase classname="TESTING_datachk" name="Check_TESTING_dataset" time="0.281000000000063"/>
    <testcase classname="TESTING_datachk" name="Check_TESTING_dataset" time="0.00299999999992906"/>
    <testcase classname="TESTING_datachk" name="Check_TESTING_dataset" time="0.00200000000006639"/>
    <testcase classname="TESTING_datachk" name="Check_TESTING_dataset" time="0.00299999999992906"/>
    <testcase classname="TESTING_datachk" name="Check_TESTING_dataset" time="0.00200000000006639"/>
    <testcase classname="TESTING_datachk" name="Check_TESTING_dataset" time="0.00299999999992906"/>
    <testcase classname="TESTING_datachk" name="Check_TESTING_dataset" time="0.00200000000006639"/>
    <testcase classname="TESTING_datachk" name="Check_TESTING_dataset" time="0.00299999999992906"/>
    <testcase classname="TESTING_datachk" name="Check_TESTING_dataset" time="0.00300000000004275"/>
    <testcase classname="TESTING_datachk" name="Check_TESTING_dataset" time="0.545999999999935"/>
    <testcase classname="TESTING_datachk" name="Check_TESTING_dataset" time="0.00300000000004275"/>
    <testcase classname="TESTING_datachk" name="Check_TESTING_dataset" time="0.00200000000006639"/>
    <testcase classname="TESTING_datachk" name="Check_TESTING_dataset" time="0.00299999999992906"/>
    <testcase classname="TESTING_datachk" name="Check_TESTING_dataset" time="0.00200000000006639"/>
    <testcase classname="TESTING_datachk" name="Check_TESTING_dataset" time="0.00299999999992906"/>
    <testcase classname="TESTING_datachk" name="Check_TESTING_dataset" time="0.00200000000006639"/>
    <testcase classname="TESTING_datachk" name="Check_TESTING_dataset" time="0.274999999999977"/>
    <testcase classname="TESTING_datachk" name="Check_TESTING_dataset" time="0.00299999999992906"/>
    <testcase classname="TESTING_datachk" name="Check_TESTING_dataset" time="0.00300000000004275"/>
    <testcase classname="TESTING_datachk" name="Check_TESTING_dataset" time="0.00300000000004275"/>
    <testcase classname="TESTING_datachk" name="Check_TESTING_dataset" time="0.00199999999995271"/>
    <testcase classname="TESTING_datachk" name="Check_TESTING_dataset" time="0.00300000000004275"/>
    <testcase classname="TESTING_datachk" name="Check_TESTING_dataset" time="0.00199999999995271"/>
    <testcase classname="TESTING_datachk" name="Check_TESTING_dataset" time="0.00300000000004275"/>
    <testcase classname="TESTING_datachk" name="Check_TESTING_dataset" time="0.00299999999992906"/>
    <testcase classname="TESTING_datachk" name="Check_TESTING_dataset" time="0.545000000000073"/>
    <testcase classname="TESTING_datachk" name="Check_TESTING_dataset" time="0.00299999999992906"/>
    <testcase classname="TESTING_datachk" name="Check_TESTING_dataset" time="0.00300000000004275"/>
    <testcase classname="TESTING_datachk" name="Check_TESTING_dataset" time="0.00300000000004275"/>
    <testcase classname="TESTING_datachk" name="Check_TESTING_dataset" time="0.00299999999992906"/>
    <testcase classname="TESTING_datachk" name="Check_TESTING_dataset" time="0.00200000000006639"/>
    <testcase classname="TESTING_datachk" name="Check_TESTING_dataset" time="0.00299999999992906"/>
    <testcase classname="TESTING_datachk" name="Check_TESTING_dataset" time="0.281000000000063"/>
    <testcase classname="TESTING_datachk" name="Check_TESTING_dataset" time="0.00299999999992906"/>
    <testcase classname="TESTING_datachk" name="Check_TESTING_dataset" time="0.00300000000004275"/>
    <testcase classname="TESTING_datachk" name="Check_TESTING_dataset" time="0.00200000000006639"/>
    <testcase classname="TESTING_datachk" name="Check_TESTING_dataset" time="0.00299999999992906"/>
    <testcase classname="TESTING_datachk" name="Check_TESTING_dataset" time="0.00300000000004275"/>
    <testcase classname="TESTING_datachk" name="Check_TESTING_dataset" time="0.00299999999992906"/>
    <testcase classname="TESTING_datachk" name="Check_TESTING_dataset" time="0.00300000000004275"/>
    <testcase classname="TESTING_datachk" name="Check_TESTING_dataset" time="0.00199999999995271"/>
    <testcase classname="TESTING_datachk" name="Check_TESTING_dataset" time="0.559000000000083"/>
    <testcase classname="TESTING_datachk" name="Check_TESTING_dataset" time="0.0040000000000191"/>
    <testcase classname="TESTING_datachk" name="Check_TESTING_dataset" time="0.00299999999992906"/>
    <testcase classname="TESTING_datachk" name="Check_TESTING_dataset" time="0.0040000000000191"/>
    <testcase classname="TESTING_datachk" name="Check_TESTING_dataset" time="0.00300000000004275"/>
    <testcase classname="TESTING_datachk" name="Check_TESTING_dataset" time="0.00299999999992906"/>
    <testcase classname="TESTING_datachk" name="Check_TESTING_dataset" time="0.00300000000004275"/>
    <testcase classname="TESTING_datachk" name="Check_TESTING_dataset" time="0.271999999999935"/>
    <testcase classname="TESTING_datachk" name="Check_TESTING_dataset" time="0.00300000000004275"/>
    <testcase classname="TESTING_datachk" name="Check_TESTING_dataset" time="0.00300000000004275"/>
    <testcase classname="TESTING_datachk" name="Check_TESTING_dataset" time="0.00299999999992906"/>
    <testcase classname="TESTING_datachk" name="Check_TESTING_dataset" time="0.00300000000004275"/>
    <testcase classname="TESTING_datachk" name="Check_TESTING_dataset" time="0.00300000000004275"/>
    <testcase classname="TESTING_datachk" name="Check_TESTING_dataset" time="0.00299999999992906"/>
    <testcase classname="TESTING_datachk" name="Check_TESTING_dataset" time="0.00300000000004275"/>
    <testcase classname="TESTING_datachk" name="Check_TESTING_dataset" time="0.00299999999992906"/>
    <testcase classname="TESTING_datachk" name="Check_TESTING_dataset" time="0.547000000000025"/>
    <testcase classname="TESTING_datachk" name="Check_TESTING_dataset" time="0.00300000000004275"/>
    <testcase classname="TESTING_datachk" name="Check_TESTING_dataset" time="0.00300000000004275"/>
    <testcase classname="TESTING_datachk" name="Check_TESTING_dataset" time="0.00299999999992906"/>
    <testcase classname="TESTING_datachk" name="Check_TESTING_dataset" time="0.0040000000000191"/>
    <testcase classname="TESTING_datachk" name="Check_TESTING_dataset" time="0.00300000000004275"/>
    <testcase classname="TESTING_datachk" name="Check_TESTING_dataset" time="0.00299999999992906"/>
    <testcase classname="TESTING_datachk" name="Check_TESTING_dataset" time="0.283999999999992"/>
    <testcase classname="TESTING_datachk" name="Check_TESTING_dataset" time="0.00300000000004275"/>
    <testcase classname="TESTING_datachk" name="Check_TESTING_dataset" time="0.00300000000004275"/>
    <testcase classname="TESTING_datachk" name="Check_TESTING_dataset" time="0.00299999999992906"/>
    <testcase classname="TESTING_datachk" name="Check_TESTING_dataset" time="0.00300000000004275"/>
    <testcase classname="TESTING_datachk" name="Check_TESTING_dataset" time="0.00299999999992906"/>
    <testcase classname="TESTING_datachk" name="Check_TESTING_dataset" time="0.00300000000004275"/>
    <testcase classname="TESTING_datachk" name="Check_TESTING_dataset" time="0.0040000000000191"/>
    <testcase classname="TESTING_datachk" name="Check_TESTING_dataset" time="0.00299999999992906"/>
    <testcase classname="TESTING_datachk" name="Check_TESTING_dataset" time="0.539000000000101"/>
    <testcase classname="TESTING_datachk" name="Check_TESTING_dataset" time="0.00399999999990541"/>
    <testcase classname="TESTING_datachk" name="Check_TESTING_dataset" time="0.0040000000000191"/>
    <testcase classname="TESTING_datachk" name="Check_TESTING_dataset" time="0.00300000000004275"/>
    <testcase classname="TESTING_datachk" name="Check_TESTING_dataset" time="0.00300000000004275"/>
    <testcase classname="TESTING_datachk" name="Check_TESTING_dataset" time="0.00499999999999545"/>
    <testcase classname="TESTING_datachk" name="Check_TESTING_dataset" time="0.00299999999992906"/>
    <testcase classname="TESTING_datachk" name="Check_TESTING_dataset" time="0.273000000000025"/>
    <testcase classname="TESTING_datachk" name="Check_TESTING_dataset" time="0.00300000000004275"/>
    <testcase classname="TESTING_datachk" name="Check_TESTING_dataset" time="0.0040000000000191"/>
    <testcase classname="TESTING_datachk" name="Check_TESTING_dataset" time="0.00299999999992906"/>
    <testcase classname="TESTING_datachk" name="Check_TESTING_dataset" time="0.0040000000000191"/>
    <testcase classname="TESTING_datachk" name="Check_TESTING_dataset" time="0.00300000000004275"/>
    <testcase classname="TESTING_datachk" name="Check_TESTING_dataset" time="0.00299999999992906"/>
    <testcase classname="TESTING_datachk" name="Check_TESTING_dataset" time="0.00399999999990541"/>
    <testcase classname="TESTING_datachk" name="Check_TESTING_dataset" time="0.00300000000004275"/>
    <testcase classname="TESTING_datachk" name="Check_TESTING_dataset" time="0.559999999999945"/>
    <testcase classname="TESTING_datachk" name="Check_TESTING_dataset" time="0.0040000000000191"/>
    <testcase classname="TESTING_datachk" name="Check_TESTING_dataset" time="0.0040000000000191"/>
    <testcase classname="TESTING_datachk" name="Check_TESTING_dataset" time="0.0040000000000191"/>
    <testcase classname="TESTING_datachk" name="Check_TESTING_dataset" time="0.00300000000004275"/>
    <testcase classname="TESTING_datachk" name="Check_TESTING_dataset" time="0.00399999999990541"/>
    <testcase classname="TESTING_datachk" name="Check_TESTING_dataset" time="0.0040000000000191"/>
    <testcase classname="TESTING_datachk" name="Check_TESTING_dataset" time="0.282000000000039"/>
    <testcase classname="TESTING_datachk" name="Check_TESTING_dataset" time="0.0040000000000191"/>
    <testcase classname="TESTING_datachk" name="Check_TESTING_dataset" time="0.00299999999992906"/>
    <testcase classname="TESTING_datachk" name="Check_TESTING_dataset" time="0.00300000000004275"/>
    <testcase classname="TESTING_datachk" name="Check_TESTING_dataset" time="0.00499999999999545"/>
    <testcase classname="TESTING_datachk" name="Check_TESTING_dataset" time="0.0040000000000191"/>
    <testcase classname="TESTING_datachk" name="Check_TESTING_dataset" time="0.00499999999999545"/>
    <testcase classname="TESTING_datachk" name="Check_TESTING_dataset" time="0.00300000000004275"/>
    <testcase classname="TESTING_datachk" name="Check_TESTING_dataset" time="0.00399999999990541"/>
    <testcase classname="TESTING_datachk" name="Check_TESTING_dataset" time="0.544000000000096"/>
    <testcase classname="TESTING_datachk" name="Check_TESTING_dataset" time="0.00399999999990541"/>
    <testcase classname="TESTING_datachk" name="Check_TESTING_dataset" time="0.0040000000000191"/>
    <testcase classname="TESTING_datachk" name="Check_TESTING_dataset" time="0.0040000000000191"/>
    <testcase classname="TESTING_datachk" name="Check_TESTING_dataset" time="0.0040000000000191"/>
    <testcase classname="TESTING_datachk" name="Check_TESTING_dataset" time="0.0040000000000191"/>
    <testcase classname="TESTING_datachk" name="Check_TESTING_dataset" time="0.0040000000000191"/>
    <testcase classname="TESTING_datachk" name="Check_TESTING_dataset" time="0.275999999999954"/>
    <testcase classname="TESTING_datachk" name="Check_TESTING_dataset" time="0.0040000000000191"/>
    <testcase classname="TESTING_datachk" name="Check_TESTING_dataset" time="0.0040000000000191"/>
    <testcase classname="TESTING_datachk" name="Check_TESTING_dataset" time="0.00499999999999545"/>
    <testcase classname="TESTING_datachk" name="Check_TESTING_dataset" time="0.00399999999990541"/>
    <testcase classname="TESTING_datachk" name="Check_TESTING_dataset" time="0.0040000000000191"/>
    <testcase classname="TESTING_datachk" name="Check_TESTING_dataset" time="0.0040000000000191"/>
    <testcase classname="TESTING_datachk" name="Check_TESTING_dataset" time="0.00499999999999545"/>
    <testcase classname="TESTING_datachk" name="Check_TESTING_dataset" time="0.0040000000000191"/>
    <testcase classname="TESTING_datachk" name="Check_TESTING_dataset" time="0.548999999999978"/>
    <testcase classname="TESTING_datachk" name="Check_TESTING_dataset" time="0.00300000000004275"/>
    <testcase classname="TESTING_datachk" name="Check_TESTING_dataset" time="0.0040000000000191"/>
    <testcase classname="TESTING_datachk" name="Check_TESTING_dataset" time="0.0040000000000191"/>
    <testcase classname="TESTING_datachk" name="Check_TESTING_dataset" time="0.0040000000000191"/>
    <testcase classname="TESTING_datachk" name="Check_TESTING_dataset" time="0.0040000000000191"/>
    <testcase classname="TESTING_datachk" name="Check_TESTING_dataset" time="0.00399999999990541"/>
    <testcase classname="TESTING_datachk" name="Check_TESTING_dataset" time="0.276000000000067"/>
    <testcase classname="TESTING_datachk" name="Check_TESTING_dataset" time="0.0040000000000191"/>
    <testcase classname="TESTING_datachk" name="Check_TESTING_dataset" time="0.00499999999999545"/>
    <testcase classname="TESTING_datachk" name="Check_TESTING_dataset" time="0.00399999999990541"/>
    <testcase classname="TESTING_datachk" name="Check_TESTING_dataset" time="0.00500000000010914"/>
    <testcase classname="TESTING_datachk" name="Check_TESTING_dataset" time="0.00399999999990541"/>
    <testcase classname="TESTING_datachk" name="Check_TESTING_dataset" time="0.0040000000000191"/>
    <testcase classname="TESTING_datachk" name="Check_TESTING_dataset" time="0.00499999999999545"/>
    <testcase classname="TESTING_datachk" name="Check_TESTING_dataset" time="0.00499999999999545"/>
    <testcase classname="TESTING_datachk" name="Check_TESTING_dataset" time="0.545000000000073"/>
    <testcase classname="TESTING_datachk" name="Check_TESTING_dataset" time="0.00499999999999545"/>
    <testcase classname="TESTING_datachk" name="Check_TESTING_dataset" time="0.00499999999999545"/>
    <testcase classname="TESTING_datachk" name="Check_TESTING_dataset" time="0.00499999999999545"/>
    <testcase classname="TESTING_datachk" name="Check_TESTING_dataset" time="0.00599999999997181"/>
    <testcase classname="TESTING_datachk" name="Check_TESTING_dataset" time="0.0040000000000191"/>
    <testcase classname="TESTING_datachk" name="Check_TESTING_dataset" time="0.0040000000000191"/>
    <testcase classname="TESTING_datachk" name="Check_TESTING_dataset" time="0.27699999999993"/>
    <testcase classname="TESTING_datachk" name="Check_TESTING_dataset" time="0.00499999999999545"/>
    <testcase classname="TESTING_datachk" name="Check_TESTING_dataset" time="0.00499999999999545"/>
    <testcase classname="TESTING_datachk" name="Check_TESTING_dataset" time="0.00499999999999545"/>
    <testcase classname="TESTING_datachk" name="Check_TESTING_dataset" time="0.00499999999999545"/>
    <testcase classname="TESTING_datachk" name="Check_TESTING_dataset" time="0.00499999999999545"/>
    <testcase classname="TESTING_datachk" name="Check_TESTING_dataset" time="0.00600000000008549"/>
    <testcase classname="TESTING_datachk" name="Check_TESTING_dataset" time="0.0109999999999673"/>
    <testcase classname="TESTING_datachk" name="Check_TESTING_dataset" time="0.00499999999999545"/>
    <testcase classname="TESTING_datachk" name="Check_TESTING_dataset" time="0.551000000000045"/>
    <testcase classname="TESTING_datachk" name="Check_TESTING_dataset" time="0.00499999999999545"/>
    <testcase classname="TESTING_datachk" name="Check_TESTING_dataset" time="0.00599999999997181"/>
    <testcase classname="TESTING_datachk" name="Check_TESTING_dataset" time="0.0040000000000191"/>
    <testcase classname="TESTING_datachk" name="Check_TESTING_dataset" time="0.00499999999999545"/>
    <testcase classname="TESTING_datachk" name="Check_TESTING_dataset" time="0.00499999999999545"/>
    <testcase classname="TESTING_datachk" name="Check_TESTING_dataset" time="0.0040000000000191"/>
    <testcase classname="TESTING_datachk" name="Check_TESTING_dataset" time="0.27699999999993"/>
    <testcase classname="TESTING_datachk" name="Check_TESTING_dataset" time="0.00499999999999545"/>
    <testcase classname="TESTING_datachk" name="Check_TESTING_dataset" time="0.00499999999999545"/>
    <testcase classname="TESTING_datachk" name="Check_TESTING_dataset" time="0.00499999999999545"/>
    <testcase classname="TESTING_datachk" name="Check_TESTING_dataset" time="0.0040000000000191"/>
    <testcase classname="TESTING_datachk" name="Check_TESTING_dataset" time="0.00499999999999545"/>
    <testcase classname="TESTING_datachk" name="Check_TESTING_dataset" time="0.00600000000008549"/>
    <testcase classname="TESTING_datachk" name="Check_TESTING_dataset" time="0.00499999999999545"/>
    <testcase classname="TESTING_datachk" name="Check_TESTING_dataset" time="0.00599999999997181"/>
    <testcase classname="TESTING_datachk" name="Check_TESTING_dataset" time="0.553999999999974"/>
    <testcase classname="TESTING_datachk" name="Check_TESTING_dataset" time="0.00499999999999545"/>
    <testcase classname="TESTING_datachk" name="Check_TESTING_dataset" time="0.00599999999997181"/>
    <testcase classname="TESTING_datachk" name="Check_TESTING_dataset" time="0.00499999999999545"/>
    <testcase classname="TESTING_datachk" name="Check_TESTING_dataset" time="0.00600000000008549"/>
    <testcase classname="TESTING_datachk" name="Check_TESTING_dataset" time="0.0109999999999673"/>
    <testcase classname="TESTING_datachk" name="Check_TESTING_dataset" time="0.0040000000000191"/>
    <testcase classname="TESTING_datachk" name="Check_TESTING_dataset" time="0.27699999999993"/>
    <testcase classname="TESTING_datachk" name="Check_TESTING_dataset" time="0.00499999999999545"/>
    <testcase classname="TESTING_datachk" name="Check_TESTING_dataset" time="0.00499999999999545"/>
    <testcase classname="TESTING_datachk" name="Check_TESTING_dataset" time="0.00500000000010914"/>
    <testcase classname="TESTING_datachk" name="Check_TESTING_dataset" time="0.00499999999999545"/>
    <testcase classname="TESTING_datachk" name="Check_TESTING_dataset" time="0.00499999999999545"/>
    <testcase classname="TESTING_datachk" name="Check_TESTING_dataset" time="0.00499999999999545"/>
    <testcase classname="TESTING_datachk" name="Check_TESTING_dataset" time="0.00499999999999545"/>
    <testcase classname="TESTING_datachk" name="Check_TESTING_dataset" time="0.00499999999999545"/>
    <testcase classname="TESTING_datachk" name="Check_TESTING_dataset" time="0.55499999999995"/>
    <testcase classname="TESTING_datachk" name="Check_TESTING_dataset" time="0.00599999999997181"/>
    <testcase classname="TESTING_datachk" name="Check_TESTING_dataset" time="0.00600000000008549"/>
    <testcase classname="TESTING_datachk" name="Check_TESTING_dataset" time="0.00499999999999545"/>
    <testcase classname="TESTING_datachk" name="Check_TESTING_dataset" time="0.00699999999994816"/>
    <testcase classname="TESTING_datachk" name="Check_TESTING_dataset" time="0.00499999999999545"/>
    <testcase classname="TESTING_datachk" name="Check_TESTING_dataset" time="0.00499999999999545"/>
    <testcase classname="TESTING_datachk" name="Check_TESTING_dataset" time="0.278999999999996"/>
    <testcase classname="TESTING_datachk" name="Check_TESTING_dataset" time="0.00600000000008549"/>
    <testcase classname="TESTING_datachk" name="Check_TESTING_dataset" time="0.00499999999999545"/>
    <testcase classname="TESTING_datachk" name="Check_TESTING_dataset" time="0.00499999999999545"/>
    <testcase classname="TESTING_datachk" name="Check_TESTING_dataset" time="0.00599999999997181"/>
    <testcase classname="TESTING_datachk" name="Check_TESTING_dataset" time="0.00599999999997181"/>
    <testcase classname="TESTING_datachk" name="Check_TESTING_dataset" time="0.00600000000008549"/>
    <testcase classname="TESTING_datachk" name="Check_TESTING_dataset" time="0.0119999999999436"/>
    <testcase classname="TESTING_datachk" name="Check_TESTING_dataset" time="0.00499999999999545"/>
    <testcase classname="TESTING_datachk" name="Check_TESTING_dataset" time="0.548999999999978"/>
    <testcase classname="TESTING_datachk" name="Check_TESTING_dataset" time="0.00600000000008549"/>
    <testcase classname="TESTING_datachk" name="Check_TESTING_dataset" time="0.00599999999997181"/>
    <testcase classname="TESTING_datachk" name="Check_TESTING_dataset" time="0.00499999999999545"/>
    <testcase classname="TESTING_datachk" name="Check_TESTING_dataset" time="0.00599999999997181"/>
    <testcase classname="TESTING_datachk" name="Check_TESTING_dataset" time="0.00599999999997181"/>
    <testcase classname="TESTING_datachk" name="Check_TESTING_dataset" time="0.00499999999999545"/>
    <testcase classname="TESTING_datachk" name="Check_TESTING_dataset" time="0.282000000000039"/>
    <testcase classname="TESTING_datachk" name="Check_TESTING_dataset" time="0.00599999999997181"/>
    <testcase classname="TESTING_datachk" name="Check_TESTING_dataset" time="0.00599999999997181"/>
    <testcase classname="TESTING_datachk" name="Check_TESTING_dataset" time="0.00600000000008549"/>
    <testcase classname="TESTING_datachk" name="Check_TESTING_dataset" time="0.00599999999997181"/>
    <testcase classname="TESTING_datachk" name="Check_TESTING_dataset" time="0.00599999999997181"/>
    <testcase classname="TESTING_datachk" name="Check_TESTING_dataset" time="0.00599999999997181"/>
    <testcase classname="TESTING_datachk" name="Check_TESTING_dataset" time="0.0080000000000382"/>
    <testcase classname="TESTING_datachk" name="Check_TESTING_dataset" time="0.00599999999997181"/>
    <testcase classname="TESTING_datachk" name="Check_TESTING_dataset" time="0.550000000000068"/>
    <testcase classname="TESTING_datachk" name="Check_TESTING_dataset" time="0.00699999999994816"/>
    <testcase classname="TESTING_datachk" name="Check_TESTING_dataset" time="0.01400000000001"/>
    <testcase classname="TESTING_datachk" name="Check_TESTING_dataset" time="0.00599999999997181"/>
    <testcase classname="TESTING_datachk" name="Check_TESTING_dataset" time="0.00600000000008549"/>
    <testcase classname="TESTING_datachk" name="Check_TESTING_dataset" time="0.00599999999997181"/>
    <testcase classname="TESTING_datachk" name="Check_TESTING_dataset" time="0.00599999999997181"/>
    <testcase classname="TESTING_datachk" name="Check_TESTING_dataset" time="0.279999999999973"/>
    <testcase classname="TESTING_datachk" name="Check_TESTING_dataset" time="0.00700000000006185"/>
    <testcase classname="TESTING_datachk" name="Check_TESTING_dataset" time="0.00499999999999545"/>
    <testcase classname="TESTING_datachk" name="Check_TESTING_dataset" time="0.00599999999997181"/>
    <testcase classname="TESTING_datachk" name="Check_TESTING_dataset" time="0.00599999999997181"/>
    <testcase classname="TESTING_datachk" name="Check_TESTING_dataset" time="0.00499999999999545"/>
    <testcase classname="TESTING_datachk" name="Check_TESTING_dataset" time="0.00600000000008549"/>
    <testcase classname="TESTING_datachk" name="Check_TESTING_dataset" time="0.00499999999999545"/>
    <testcase classname="TESTING_datachk" name="Check_TESTING_dataset" time="0.00599999999997181"/>
    <testcase classname="TESTING_datachk" name="Check_TESTING_dataset" time="0.551000000000045"/>
    <testcase classname="TESTING_datachk" name="Check_TESTING_dataset" time="0.00699999999994816"/>
    <testcase classname="TESTING_datachk" name="Check_TESTING_dataset" time="0.00599999999997181"/>
    <testcase classname="TESTING_datachk" name="Check_TESTING_dataset" time="0.00600000000008549"/>
    <testcase classname="TESTING_datachk" name="Check_TESTING_dataset" time="0.00599999999997181"/>
    <testcase classname="TESTING_datachk" name="Check_TESTING_dataset" time="0.00599999999997181"/>
    <testcase classname="TESTING_datachk" name="Check_TESTING_dataset" time="0.00699999999994816"/>
    <testcase classname="TESTING_datachk" name="Check_TESTING_dataset" time="0.277000000000044"/>
    <testcase classname="TESTING_datachk" name="Check_TESTING_dataset" time="0.0120000000000573"/>
    <testcase classname="TESTING_datachk" name="Check_TESTING_dataset" time="0.00599999999997181"/>
    <testcase classname="TESTING_datachk" name="Check_TESTING_dataset" time="0.00699999999994816"/>
    <testcase classname="TESTING_datachk" name="Check_TESTING_dataset" time="0.0080000000000382"/>
    <testcase classname="TESTING_datachk" name="Check_TESTING_dataset" time="0.00599999999997181"/>
    <testcase classname="TESTING_datachk" name="Check_TESTING_dataset" time="0.00599999999997181"/>
    <testcase classname="TESTING_datachk" name="Check_TESTING_dataset" time="0.00600000000008549"/>
    <testcase classname="TESTING_datachk" name="Check_TESTING_dataset" time="0.00699999999994816"/>
  </testsuite>
  <testsuite errors="0" failures="0" hostname="fv-az14" name="TESTING::datachk::shutdown" skipped="0" tests="3" time="0.285" timestamp="2020-10-27T20:31:36Z">
    <testcase classname="TESTING_datachk_shutdown" name="shutdown" time="0.282000000000039"/>
    <testcase classname="TESTING_datachk_shutdown" name="shutdown" time="0.00199999999995271"/>
    <testcase classname="TESTING_datachk_shutdown" name="shutdown" time="0.000999999999976353"/>
  </testsuite>
  <testsuite errors="0" failures="0" hostname="fv-az14" name="TESTING::datachk::done" skipped="0" tests="0" time="0" timestamp="2020-10-27T20:31:37Z"/>
  <testsuite errors="0" failures="0" hostname="fv-az14" name="ds.cor::disc::setup" skipped="0" tests="3" time="5.454" timestamp="2020-10-27T20:31:37Z">
    <testcase classname="ds.cor_disc_setup" name="setup" time="5.45100000000002"/>
    <testcase classname="ds.cor_disc_setup" name="setup" time="0.000999999999976353"/>
    <testcase classname="ds.cor_disc_setup" name="setup" time="0.00200000000006639"/>
  </testsuite>
  <testsuite errors="0" failures="0" hostname="fv-az14" name="ds.cor::disc" skipped="2" tests="33" time="11.013" timestamp="2020-10-27T20:31:42Z">
    <testcase classname="ds.cor_disc" name="simple_D3_setup" time="8.23500000000001"/>
    <testcase classname="ds.cor_disc" name="simple_D3_setup" time="0.000999999999976353"/>
    <testcase classname="ds.cor_disc" name="simple_D3_setup" time="0.000999999999976353"/>
    <testcase classname="ds.cor_disc" name="simple_D3_setup" time="0.000999999999976353"/>
    <testcase classname="ds.cor_disc" name="simple_D3_setup" time="0.00200000000006639"/>
    <testcase classname="ds.cor_disc" name="simple_D3_setup" time="0.000999999999976353"/>
    <testcase classname="ds.cor_disc" name="simple_D3_setup" time="0.000999999999976353"/>
    <testcase classname="ds.cor_disc" name="simple_D3_setup" time="0.00200000000006639"/>
    <testcase classname="ds.cor_disc" name="simple_D3_setup" time="0.000999999999976353"/>
    <testcase classname="ds.cor_disc" name="simple_D3_setup" time="0.000999999999976353"/>
    <testcase classname="ds.cor_disc" name="simple_D3_setup" time="0.00199999999995271"/>
    <testcase classname="ds.cor_disc" name="simple_D3_setup" time="0.00100000000009004"/>
    <testcase classname="ds.cor_disc" name="simple_D3_setup" time="0.00199999999995271"/>
    <testcase classname="ds.cor_disc" name="simple_disc_test_naAction_casewise.complete_type_split_" time="1.23900000000003"/>
    <testcase classname="ds.cor_disc" name="simple_disc_test_naAction_casewise.complete_type_split_" time="0.00199999999995271"/>
    <testcase classname="ds.cor_disc" name="simple_disc_test_naAction_casewise.complete_type_split_" time="0.00200000000006639"/>
    <testcase classname="ds.cor_disc" name="simple_disc_test_naAction_casewise.complete_type_split_" time="0.00199999999995271"/>
    <testcase classname="ds.cor_disc" name="simple_disc_test_naAction_casewise.complete_type_split_" time="0.000999999999976353"/>
    <testcase classname="ds.cor_disc" name="simple_disc_test_naAction_casewise.complete_type_split_" time="0.00200000000006639"/>
    <testcase classname="ds.cor_disc" name="simple_disc_test_naAction_casewise.complete_type_split_" time="0.00199999999995271"/>
    <testcase classname="ds.cor_disc" name="simple_disc_test_naAction_casewise.complete_type_split_" time="0.000999999999976353"/>
    <testcase classname="ds.cor_disc" name="simple_disc_test_naAction_casewise.complete_type_split_" time="0.000999999999976353"/>
    <testcase classname="ds.cor_disc" name="simple_disc_test_naAction_casewise.complete_type_split_" time="0.00200000000006639"/>
    <testcase classname="ds.cor_disc" name="simple_disc_test_naAction_pairwise.complete_type_split_" time="0.00199999999995271">
      <skipped/>
    </testcase>
    <testcase classname="ds.cor_disc" name="simple_disc_test_naAction_casewise.complete_type_combine_" time="1.48900000000003"/>
    <testcase classname="ds.cor_disc" name="simple_disc_test_naAction_casewise.complete_type_combine_" time="0.000999999999976353"/>
    <testcase classname="ds.cor_disc" name="simple_disc_test_naAction_casewise.complete_type_combine_" time="0.00200000000006639"/>
    <testcase classname="ds.cor_disc" name="simple_disc_test_naAction_casewise.complete_type_combine_" time="0.00399999999990541"/>
    <testcase classname="ds.cor_disc" name="simple_disc_test_naAction_casewise.complete_type_combine_" time="0.00200000000006639"/>
    <testcase classname="ds.cor_disc" name="simple_disc_test_naAction_casewise.complete_type_combine_" time="0.00199999999995271"/>
    <testcase classname="ds.cor_disc" name="simple_disc_test_naAction_casewise.complete_type_combine_" time="0.00200000000006639"/>
    <testcase classname="ds.cor_disc" name="simple_disc_test_naAction_casewise.complete_type_combine_" time="0.00199999999995271"/>
    <testcase classname="ds.cor_disc" name="simple_disc_test_naAction_pairwise.complete_type_combine_" time="0.00200000000006639">
      <skipped/>
    </testcase>
  </testsuite>
  <testsuite errors="0" failures="0" hostname="fv-az14" name="ds.cor::disc::shutdown" skipped="0" tests="3" time="0.289" timestamp="2020-10-27T20:31:53Z">
    <testcase classname="ds.cor_disc_shutdown" name="shutdown" time="0.285999999999945"/>
    <testcase classname="ds.cor_disc_shutdown" name="shutdown" time="0.00199999999995271"/>
    <testcase classname="ds.cor_disc_shutdown" name="shutdown" time="0.00100000000009004"/>
  </testsuite>
  <testsuite errors="0" failures="0" hostname="fv-az14" name="ds.cor::disc::done" skipped="0" tests="0" time="0" timestamp="2020-10-27T20:31:54Z"/>
  <testsuite errors="0" failures="0" hostname="fv-az14" name="ds.cov::disc::setup" skipped="0" tests="3" time="5.474" timestamp="2020-10-27T20:31:54Z">
    <testcase classname="ds.cov_disc_setup" name="setup" time="5.471"/>
    <testcase classname="ds.cov_disc_setup" name="setup" time="0.00199999999995271"/>
    <testcase classname="ds.cov_disc_setup" name="setup" time="0.000999999999976353"/>
  </testsuite>
  <testsuite errors="0" failures="0" hostname="fv-az14" name="ds.cov::disc" skipped="2" tests="33" time="10.717" timestamp="2020-10-27T20:31:59Z">
    <testcase classname="ds.cov_disc" name="simple_D3_setup" time="8.18700000000001"/>
    <testcase classname="ds.cov_disc" name="simple_D3_setup" time="0.00200000000006639"/>
    <testcase classname="ds.cov_disc" name="simple_D3_setup" time="0.000999999999976353"/>
    <testcase classname="ds.cov_disc" name="simple_D3_setup" time="0.00799999999992451"/>
    <testcase classname="ds.cov_disc" name="simple_D3_setup" time="0.00200000000006639"/>
    <testcase classname="ds.cov_disc" name="simple_D3_setup" time="0.000999999999976353"/>
    <testcase classname="ds.cov_disc" name="simple_D3_setup" time="0.000999999999976353"/>
    <testcase classname="ds.cov_disc" name="simple_D3_setup" time="0.000999999999976353"/>
    <testcase classname="ds.cov_disc" name="simple_D3_setup" time="0.000999999999976353"/>
    <testcase classname="ds.cov_disc" name="simple_D3_setup" time="0.000999999999976353"/>
    <testcase classname="ds.cov_disc" name="simple_D3_setup" time="0.00200000000006639"/>
    <testcase classname="ds.cov_disc" name="simple_D3_setup" time="0.000999999999976353"/>
    <testcase classname="ds.cov_disc" name="simple_D3_setup" time="0.00199999999995271"/>
    <testcase classname="ds.cov_disc" name="simple_disc_test_naAction_casewise.complete_type_split_" time="1.23900000000003"/>
    <testcase classname="ds.cov_disc" name="simple_disc_test_naAction_casewise.complete_type_split_" time="0.00199999999995271"/>
    <testcase classname="ds.cov_disc" name="simple_disc_test_naAction_casewise.complete_type_split_" time="0.000999999999976353"/>
    <testcase classname="ds.cov_disc" name="simple_disc_test_naAction_casewise.complete_type_split_" time="0.00200000000006639"/>
    <testcase classname="ds.cov_disc" name="simple_disc_test_naAction_casewise.complete_type_split_" time="0.000999999999976353"/>
    <testcase classname="ds.cov_disc" name="simple_disc_test_naAction_casewise.complete_type_split_" time="0.00200000000006639"/>
    <testcase classname="ds.cov_disc" name="simple_disc_test_naAction_casewise.complete_type_split_" time="0.00199999999995271"/>
    <testcase classname="ds.cov_disc" name="simple_disc_test_naAction_casewise.complete_type_split_" time="0.00199999999995271"/>
    <testcase classname="ds.cov_disc" name="simple_disc_test_naAction_casewise.complete_type_split_" time="0.00200000000006639"/>
    <testcase classname="ds.cov_disc" name="simple_disc_test_naAction_casewise.complete_type_split_" time="0.00199999999995271"/>
    <testcase classname="ds.cov_disc" name="simple_disc_test_naAction_pairwise.complete_type_split_" time="0.00200000000006639">
      <skipped/>
    </testcase>
    <testcase classname="ds.cov_disc" name="simple_disc_test_naAction_casewise.complete_type_combine_" time="1.2349999999999"/>
    <testcase classname="ds.cov_disc" name="simple_disc_test_naAction_casewise.complete_type_combine_" time="0.00200000000006639"/>
    <testcase classname="ds.cov_disc" name="simple_disc_test_naAction_casewise.complete_type_combine_" time="0.00199999999995271"/>
    <testcase classname="ds.cov_disc" name="simple_disc_test_naAction_casewise.complete_type_combine_" time="0.00100000000009004"/>
    <testcase classname="ds.cov_disc" name="simple_disc_test_naAction_casewise.complete_type_combine_" time="0.00199999999995271"/>
    <testcase classname="ds.cov_disc" name="simple_disc_test_naAction_casewise.complete_type_combine_" time="0.00199999999995271"/>
    <testcase classname="ds.cov_disc" name="simple_disc_test_naAction_casewise.complete_type_combine_" time="0.00200000000006639"/>
    <testcase classname="ds.cov_disc" name="simple_disc_test_naAction_casewise.complete_type_combine_" time="0.000999999999976353"/>
    <testcase classname="ds.cov_disc" name="simple_disc_test_naAction_pairwise.complete_type_combine_" time="0.00300000000004275">
      <skipped/>
    </testcase>
  </testsuite>
  <testsuite errors="0" failures="0" hostname="fv-az14" name="ds.cov::disc::shutdown" skipped="0" tests="3" time="0.295" timestamp="2020-10-27T20:32:09Z">
    <testcase classname="ds.cov_disc_shutdown" name="shutdown" time="0.293000000000006"/>
    <testcase classname="ds.cov_disc_shutdown" name="shutdown" time="0.000999999999976353"/>
    <testcase classname="ds.cov_disc_shutdown" name="shutdown" time="0.000999999999976353"/>
  </testsuite>
  <testsuite errors="0" failures="0" hostname="fv-az14" name="ds.cov::disc::done" skipped="0" tests="0" time="0" timestamp="2020-10-27T20:32:10Z"/>
  <testsuite errors="0" failures="0" hostname="fv-az14" name="ds.levels::disc::setup" skipped="0" tests="3" time="5.367" timestamp="2020-10-27T20:32:10Z">
    <testcase classname="ds.levels_disc_setup" name="setup" time="5.36500000000001"/>
    <testcase classname="ds.levels_disc_setup" name="setup" time="0.000999999999976353"/>
    <testcase classname="ds.levels_disc_setup" name="setup" time="0.000999999999976353"/>
  </testsuite>
  <testsuite errors="0" failures="0" hostname="fv-az14" name="ds.levels::disc" skipped="1" tests="1" time="0.006" timestamp="2020-10-27T20:32:15Z">
    <testcase classname="ds.levels_disc" name="simple_levels" time="0.00600000000008549">
      <skipped/>
    </testcase>
  </testsuite>
  <testsuite errors="0" failures="0" hostname="fv-az14" name="ds.levels::disc::shutdown" skipped="0" tests="3" time="0.283" timestamp="2020-10-27T20:32:15Z">
    <testcase classname="ds.levels_disc_shutdown" name="shutdown" time="0.279999999999973"/>
    <testcase classname="ds.levels_disc_shutdown" name="shutdown" time="0.000999999999976353"/>
    <testcase classname="ds.levels_disc_shutdown" name="shutdown" time="0.00199999999995271"/>
  </testsuite>
  <testsuite errors="0" failures="0" hostname="fv-az14" name="ds.levels::disc::done" skipped="0" tests="0" time="0" timestamp="2020-10-27T20:32:16Z"/>
  <testsuite errors="0" failures="0" hostname="fv-az14" name="ds.meanByClass::disc::setup" skipped="0" tests="0" time="0" timestamp="2020-10-27T20:32:16Z"/>
  <testsuite errors="0" failures="0" hostname="fv-az14" name="ds.meanByClass::disc::test errors" skipped="1" tests="1" time="5.164" timestamp="2020-10-27T20:32:20Z">
    <testcase classname="ds.meanByClass_disc_test_errors" name="meanByClass_erros" time="5.1640000000001">
      <skipped/>
    </testcase>
  </testsuite>
  <testsuite errors="0" failures="0" hostname="fv-az14" name="ds.meanByClass::disc::teardown" skipped="0" tests="0" time="0" timestamp="2020-10-27T20:32:20Z"/>
  <testsuite errors="0" failures="0" hostname="fv-az14" name="ds.meanByClass::disc::done" skipped="0" tests="0" time="0" timestamp="2020-10-27T20:32:21Z"/>
  <testsuite errors="0" failures="0" hostname="fv-az14" name="ds.mean::disc::type=both" skipped="1" tests="1" time="5.077" timestamp="2020-10-27T20:32:25Z">
    <testcase classname="ds.mean_disc_type_both" name="mean_values_both_" time="5.077">
      <skipped/>
    </testcase>
  </testsuite>
  <testsuite errors="0" failures="0" hostname="fv-az14" name="ds.rm::disc" skipped="0" tests="31" time="6.152" timestamp="2020-10-27T20:32:30Z">
    <testcase classname="ds.rm_disc" name="justovertest" time="5.26999999999998"/>
    <testcase classname="ds.rm_disc" name="justovertest" time="0.000999999999976353"/>
    <testcase classname="ds.rm_disc" name="justovertest" time="0.00199999999995271"/>
    <testcase classname="ds.rm_disc" name="justovertest" time="0.00100000000009004"/>
    <testcase classname="ds.rm_disc" name="justovertest" time="0.000999999999976353"/>
    <testcase classname="ds.rm_disc" name="justovertest" time="0.000999999999976353"/>
    <testcase classname="ds.rm_disc" name="justovertest" time="0.000999999999976353"/>
    <testcase classname="ds.rm_disc" name="justovertest" time="0.272000000000048"/>
    <testcase classname="ds.rm_disc" name="justovertest" time="0.00199999999995271"/>
    <testcase classname="ds.rm_disc" name="justovertest" time="0.000999999999976353"/>
    <testcase classname="ds.rm_disc" name="justovertest" time="0.00200000000006639"/>
    <testcase classname="ds.rm_disc" name="justovertest" time="0.000999999999976353"/>
    <testcase classname="ds.rm_disc" name="justovertest" time="0.00199999999995271"/>
    <testcase classname="ds.rm_disc" name="justovertest" time="0.00100000000009004"/>
    <testcase classname="ds.rm_disc" name="justovertest" time="0.00199999999995271"/>
    <testcase classname="ds.rm_disc" name="justovertest" time="0.000999999999976353"/>
    <testcase classname="ds.rm_disc" name="justovertest" time="0.00200000000006639"/>
    <testcase classname="ds.rm_disc" name="simple_test" time="0.284999999999968"/>
    <testcase classname="ds.rm_disc" name="simple_test" time="0.000999999999976353"/>
    <testcase classname="ds.rm_disc" name="simple_test" time="0.00200000000006639"/>
    <testcase classname="ds.rm_disc" name="simple_test" time="0.00199999999995271"/>
    <testcase classname="ds.rm_disc" name="simple_test" time="0.000999999999976353"/>
    <testcase classname="ds.rm_disc" name="simple_test" time="0.00200000000006639"/>
    <testcase classname="ds.rm_disc" name="simple_test" time="0.00199999999995271"/>
    <testcase classname="ds.rm_disc" name="simple_test" time="0.282000000000039"/>
    <testcase classname="ds.rm_disc" name="simple_test" time="0.00199999999995271"/>
    <testcase classname="ds.rm_disc" name="simple_test" time="0.00200000000006639"/>
    <testcase classname="ds.rm_disc" name="simple_test" time="0.00199999999995271"/>
    <testcase classname="ds.rm_disc" name="simple_test" time="0.00199999999995271"/>
    <testcase classname="ds.rm_disc" name="simple_test" time="0.00200000000006639"/>
    <testcase classname="ds.rm_disc" name="simple_test" time="0.00199999999995271"/>
  </testsuite>
  <testsuite errors="0" failures="0" hostname="fv-az14" name="ds.sample::disc::setup" skipped="0" tests="0" time="0" timestamp="2020-10-27T20:32:32Z"/>
  <testsuite errors="0" failures="0" hostname="fv-az14" name="ds.sample::disc::test disclosure" skipped="0" tests="35" time="13.175" timestamp="2020-10-27T20:32:37Z">
    <testcase classname="ds.sample_disc_test_disclosure" name="cov_erros" time="6.71699999999998"/>
    <testcase classname="ds.sample_disc_test_disclosure" name="cov_erros" time="0.00200000000006639"/>
    <testcase classname="ds.sample_disc_test_disclosure" name="cov_erros" time="0.000999999999976353"/>
    <testcase classname="ds.sample_disc_test_disclosure" name="cov_erros" time="0.00199999999995271"/>
    <testcase classname="ds.sample_disc_test_disclosure" name="cov_erros" time="0.00100000000009004"/>
    <testcase classname="ds.sample_disc_test_disclosure" name="cov_erros" time="0.000999999999976353"/>
    <testcase classname="ds.sample_disc_test_disclosure" name="cov_erros" time="0.00199999999995271"/>
    <testcase classname="ds.sample_disc_test_disclosure" name="cov_erros" time="1.52700000000004"/>
    <testcase classname="ds.sample_disc_test_disclosure" name="cov_erros" time="0.000999999999976353"/>
    <testcase classname="ds.sample_disc_test_disclosure" name="cov_erros" time="0.00199999999995271"/>
    <testcase classname="ds.sample_disc_test_disclosure" name="cov_erros" time="0.00100000000009004"/>
    <testcase classname="ds.sample_disc_test_disclosure" name="cov_erros" time="0.00199999999995271"/>
    <testcase classname="ds.sample_disc_test_disclosure" name="cov_erros" time="0.000999999999976353"/>
    <testcase classname="ds.sample_disc_test_disclosure" name="cov_erros" time="0.00200000000006639"/>
    <testcase classname="ds.sample_disc_test_disclosure" name="cov_erros" time="1.53499999999997"/>
    <testcase classname="ds.sample_disc_test_disclosure" name="cov_erros" time="0.00199999999995271"/>
    <testcase classname="ds.sample_disc_test_disclosure" name="cov_erros" time="0.00200000000006639"/>
    <testcase classname="ds.sample_disc_test_disclosure" name="cov_erros" time="0.000999999999976353"/>
    <testcase classname="ds.sample_disc_test_disclosure" name="cov_erros" time="0.00199999999995271"/>
    <testcase classname="ds.sample_disc_test_disclosure" name="cov_erros" time="0.00200000000006639"/>
    <testcase classname="ds.sample_disc_test_disclosure" name="cov_erros" time="0.00199999999995271"/>
    <testcase classname="ds.sample_disc_test_disclosure" name="cov_erros" time="1.678"/>
    <testcase classname="ds.sample_disc_test_disclosure" name="cov_erros" time="0.00200000000006639"/>
    <testcase classname="ds.sample_disc_test_disclosure" name="cov_erros" time="0.00199999999995271"/>
    <testcase classname="ds.sample_disc_test_disclosure" name="cov_erros" time="0.00200000000006639"/>
    <testcase classname="ds.sample_disc_test_disclosure" name="cov_erros" time="0.00199999999995271"/>
    <testcase classname="ds.sample_disc_test_disclosure" name="cov_erros" time="0.00199999999995271"/>
    <testcase classname="ds.sample_disc_test_disclosure" name="cov_erros" time="0.00100000000009004"/>
    <testcase classname="ds.sample_disc_test_disclosure" name="cov_erros" time="1.66799999999989"/>
    <testcase classname="ds.sample_disc_test_disclosure" name="cov_erros" time="0.00200000000006639"/>
    <testcase classname="ds.sample_disc_test_disclosure" name="cov_erros" time="0.00199999999995271"/>
    <testcase classname="ds.sample_disc_test_disclosure" name="cov_erros" time="0.00100000000009004"/>
    <testcase classname="ds.sample_disc_test_disclosure" name="cov_erros" time="0.00199999999995271"/>
    <testcase classname="ds.sample_disc_test_disclosure" name="cov_erros" time="0.000999999999976353"/>
    <testcase classname="ds.sample_disc_test_disclosure" name="cov_erros" time="0.00200000000006639"/>
  </testsuite>
  <testsuite errors="0" failures="0" hostname="fv-az14" name="ds.sample::disc::shutdown" skipped="0" tests="0" time="0" timestamp="2020-10-27T20:32:45Z"/>
  <testsuite errors="0" failures="0" hostname="fv-az14" name="ds.sample::disc::done" skipped="0" tests="0" time="0" timestamp="2020-10-27T20:32:45Z"/>
  <testsuite errors="0" failures="0" hostname="fv-az14" name="ds.table::disc::setup" skipped="0" tests="0" time="0" timestamp="2020-10-27T20:32:45Z"/>
  <testsuite errors="0" failures="0" hostname="fv-az14" name="ds.table::disc::tests" skipped="0" tests="7" time="10.4" timestamp="2020-10-27T20:32:50Z">
    <testcase classname="ds.table_disc_tests" name="table_disclosure" time="10.3919999999999"/>
    <testcase classname="ds.table_disc_tests" name="table_disclosure" time="0.000999999999976353"/>
    <testcase classname="ds.table_disc_tests" name="table_disclosure" time="0.00200000000006639"/>
    <testcase classname="ds.table_disc_tests" name="table_disclosure" time="0.000999999999976353"/>
    <testcase classname="ds.table_disc_tests" name="table_disclosure" time="0.000999999999976353"/>
    <testcase classname="ds.table_disc_tests" name="table_disclosure" time="0.00200000000006639"/>
    <testcase classname="ds.table_disc_tests" name="table_disclosure" time="0.000999999999976353"/>
  </testsuite>
  <testsuite errors="0" failures="0" hostname="fv-az14" name="ds.table::disc::shutdown" skipped="0" tests="0" time="0" timestamp="2020-10-27T20:32:55Z"/>
  <testsuite errors="0" failures="0" hostname="fv-az14" name="ds.table::disc::done" skipped="0" tests="0" time="0" timestamp="2020-10-27T20:32:56Z"/>
  <testsuite errors="0" failures="0" hostname="fv-az14" name="ds.var::disc::type=both" skipped="1" tests="1" time="5.04" timestamp="2020-10-27T20:33:00Z">
    <testcase classname="ds.var_disc_type_both" name="var_values_both_" time="5.03999999999996">
      <skipped/>
    </testcase>
  </testsuite>
  <testsuite errors="0" failures="0" hostname="fv-az14" name="ds.dataFrame::expt::setup" skipped="0" tests="0" time="0" timestamp="2020-10-27T20:33:01Z"/>
  <testsuite errors="0" failures="0" hostname="fv-az14" name="ds.dataFrame::expt::one_column::single" skipped="0" tests="24" time="22.942" timestamp="2020-10-27T20:33:01Z">
    <testcase classname="ds.dataFrame_expt_one_column_single" name="numeric_data" time="6.25"/>
    <testcase classname="ds.dataFrame_expt_one_column_single" name="numeric_data" time="0.00300000000004275"/>
    <testcase classname="ds.dataFrame_expt_one_column_single" name="numeric_data" time="0.000999999999976353"/>
    <testcase classname="ds.dataFrame_expt_one_column_single" name="numeric_data" time="2.39700000000005"/>
    <testcase classname="ds.dataFrame_expt_one_column_single" name="numeric_data" time="0.00199999999995271"/>
    <testcase classname="ds.dataFrame_expt_one_column_single" name="numeric_data" time="0.000999999999976353"/>
    <testcase classname="ds.dataFrame_expt_one_column_single" name="numeric_data" time="2.41399999999999"/>
    <testcase classname="ds.dataFrame_expt_one_column_single" name="numeric_data" time="0.00200000000006639"/>
    <testcase classname="ds.dataFrame_expt_one_column_single" name="numeric_data" time="0.000999999999976353"/>
    <testcase classname="ds.dataFrame_expt_one_column_single" name="numeric_data" time="2.37099999999998"/>
    <testcase classname="ds.dataFrame_expt_one_column_single" name="numeric_data" time="0.000999999999976353"/>
    <testcase classname="ds.dataFrame_expt_one_column_single" name="numeric_data" time="0.00200000000006639"/>
    <testcase classname="ds.dataFrame_expt_one_column_single" name="numeric_data" time="2.37299999999993"/>
    <testcase classname="ds.dataFrame_expt_one_column_single" name="numeric_data" time="0.00100000000009004"/>
    <testcase classname="ds.dataFrame_expt_one_column_single" name="numeric_data" time="0.00199999999995271"/>
    <testcase classname="ds.dataFrame_expt_one_column_single" name="numeric_data" time="2.36400000000003"/>
    <testcase classname="ds.dataFrame_expt_one_column_single" name="numeric_data" time="0.00199999999995271"/>
    <testcase classname="ds.dataFrame_expt_one_column_single" name="numeric_data" time="0.000999999999976353"/>
    <testcase classname="ds.dataFrame_expt_one_column_single" name="numeric_data" time="2.36500000000001"/>
    <testcase classname="ds.dataFrame_expt_one_column_single" name="numeric_data" time="0.00200000000006639"/>
    <testcase classname="ds.dataFrame_expt_one_column_single" name="numeric_data" time="0.000999999999976353"/>
    <testcase classname="ds.dataFrame_expt_one_column_single" name="numeric_data" time="2.38300000000004"/>
    <testcase classname="ds.dataFrame_expt_one_column_single" name="numeric_data" time="0.000999999999976353"/>
    <testcase classname="ds.dataFrame_expt_one_column_single" name="numeric_data" time="0.00199999999995271"/>
  </testsuite>
  <testsuite errors="0" failures="0" hostname="fv-az14" name="ds.dataFrame::expt::several_columns::single" skipped="0" tests="12" time="9.502" timestamp="2020-10-27T20:33:23Z">
    <testcase classname="ds.dataFrame_expt_several_columns_single" name="numeric_data" time="6.38900000000001"/>
    <testcase classname="ds.dataFrame_expt_several_columns_single" name="numeric_data" time="0.000999999999976353"/>
    <testcase classname="ds.dataFrame_expt_several_columns_single" name="numeric_data" time="0.00200000000006639"/>
    <testcase classname="ds.dataFrame_expt_several_columns_single" name="numeric_data" time="0.000999999999976353"/>
    <testcase classname="ds.dataFrame_expt_several_columns_single" name="numeric_data" time="0.000999999999976353"/>
    <testcase classname="ds.dataFrame_expt_several_columns_single" name="numeric_data" time="0.000999999999976353"/>
    <testcase classname="ds.dataFrame_expt_several_columns_single" name="numeric_data" time="3.09300000000007"/>
    <testcase classname="ds.dataFrame_expt_several_columns_single" name="numeric_data" time="0.00199999999995271"/>
    <testcase classname="ds.dataFrame_expt_several_columns_single" name="numeric_data" time="0.000999999999976353"/>
    <testcase classname="ds.dataFrame_expt_several_columns_single" name="numeric_data" time="0.0080000000000382"/>
    <testcase classname="ds.dataFrame_expt_several_columns_single" name="numeric_data" time="0.000999999999976353"/>
    <testcase classname="ds.dataFrame_expt_several_columns_single" name="numeric_data" time="0.00200000000006639"/>
  </testsuite>
  <testsuite errors="0" failures="0" hostname="fv-az14" name="ds.dataFrame::expt::one_column::multiple" skipped="0" tests="40" time="36.932" timestamp="2020-10-27T20:33:33Z">
    <testcase classname="ds.dataFrame_expt_one_column_multiple" name="numeric_data" time="8.74099999999999"/>
    <testcase classname="ds.dataFrame_expt_one_column_multiple" name="numeric_data" time="0.000999999999976353"/>
    <testcase classname="ds.dataFrame_expt_one_column_multiple" name="numeric_data" time="0.00199999999995271"/>
    <testcase classname="ds.dataFrame_expt_one_column_multiple" name="numeric_data" time="0.00100000000009004"/>
    <testcase classname="ds.dataFrame_expt_one_column_multiple" name="numeric_data" time="0.00199999999995271"/>
    <testcase classname="ds.dataFrame_expt_one_column_multiple" name="numeric_data" time="4.02099999999996"/>
    <testcase classname="ds.dataFrame_expt_one_column_multiple" name="numeric_data" time="0.00200000000006639"/>
    <testcase classname="ds.dataFrame_expt_one_column_multiple" name="numeric_data" time="0.000999999999976353"/>
    <testcase classname="ds.dataFrame_expt_one_column_multiple" name="numeric_data" time="0.000999999999976353"/>
    <testcase classname="ds.dataFrame_expt_one_column_multiple" name="numeric_data" time="0.00200000000006639"/>
    <testcase classname="ds.dataFrame_expt_one_column_multiple" name="numeric_data" time="4.02799999999991"/>
    <testcase classname="ds.dataFrame_expt_one_column_multiple" name="numeric_data" time="0.00100000000009004"/>
    <testcase classname="ds.dataFrame_expt_one_column_multiple" name="numeric_data" time="0.00199999999995271"/>
    <testcase classname="ds.dataFrame_expt_one_column_multiple" name="numeric_data" time="0.000999999999976353"/>
    <testcase classname="ds.dataFrame_expt_one_column_multiple" name="numeric_data" time="0.00200000000006639"/>
    <testcase classname="ds.dataFrame_expt_one_column_multiple" name="numeric_data" time="4.01400000000001"/>
    <testcase classname="ds.dataFrame_expt_one_column_multiple" name="numeric_data" time="0.00199999999995271"/>
    <testcase classname="ds.dataFrame_expt_one_column_multiple" name="numeric_data" time="0.000999999999976353"/>
    <testcase classname="ds.dataFrame_expt_one_column_multiple" name="numeric_data" time="0.00200000000006639"/>
    <testcase classname="ds.dataFrame_expt_one_column_multiple" name="numeric_data" time="0.000999999999976353"/>
    <testcase classname="ds.dataFrame_expt_one_column_multiple" name="numeric_data" time="4.02599999999995"/>
    <testcase classname="ds.dataFrame_expt_one_column_multiple" name="numeric_data" time="0.00200000000006639"/>
    <testcase classname="ds.dataFrame_expt_one_column_multiple" name="numeric_data" time="0.00199999999995271"/>
    <testcase classname="ds.dataFrame_expt_one_column_multiple" name="numeric_data" time="0.00200000000006639"/>
    <testcase classname="ds.dataFrame_expt_one_column_multiple" name="numeric_data" time="0.00199999999995271"/>
    <testcase classname="ds.dataFrame_expt_one_column_multiple" name="numeric_data" time="4.02999999999997"/>
    <testcase classname="ds.dataFrame_expt_one_column_multiple" name="numeric_data" time="0.00200000000006639"/>
    <testcase classname="ds.dataFrame_expt_one_column_multiple" name="numeric_data" time="0.00199999999995271"/>
    <testcase classname="ds.dataFrame_expt_one_column_multiple" name="numeric_data" time="0.000999999999976353"/>
    <testcase classname="ds.dataFrame_expt_one_column_multiple" name="numeric_data" time="0.00200000000006639"/>
    <testcase classname="ds.dataFrame_expt_one_column_multiple" name="numeric_data" time="4.02099999999996"/>
    <testcase classname="ds.dataFrame_expt_one_column_multiple" name="numeric_data" time="0.00199999999995271"/>
    <testcase classname="ds.dataFrame_expt_one_column_multiple" name="numeric_data" time="0.00200000000006639"/>
    <testcase classname="ds.dataFrame_expt_one_column_multiple" name="numeric_data" time="0.000999999999976353"/>
    <testcase classname="ds.dataFrame_expt_one_column_multiple" name="numeric_data" time="0.00199999999995271"/>
    <testcase classname="ds.dataFrame_expt_one_column_multiple" name="numeric_data" time="3.99700000000007"/>
    <testcase classname="ds.dataFrame_expt_one_column_multiple" name="numeric_data" time="0.00199999999995271"/>
    <testcase classname="ds.dataFrame_expt_one_column_multiple" name="numeric_data" time="0.00200000000006639"/>
    <testcase classname="ds.dataFrame_expt_one_column_multiple" name="numeric_data" time="0.00199999999995271"/>
    <testcase classname="ds.dataFrame_expt_one_column_multiple" name="numeric_data" time="0.00200000000006639"/>
  </testsuite>
  <testsuite errors="0" failures="0" hostname="fv-az14" name="ds.dataFrame::expt::several_columns::single" skipped="0" tests="16" time="17.326" timestamp="2020-10-27T20:34:10Z">
    <testcase classname="ds.dataFrame_expt_several_columns_single" name="numeric_data" time="11.1339999999999"/>
    <testcase classname="ds.dataFrame_expt_several_columns_single" name="numeric_data" time="0.00100000000009004"/>
    <testcase classname="ds.dataFrame_expt_several_columns_single" name="numeric_data" time="0.000999999999976353"/>
    <testcase classname="ds.dataFrame_expt_several_columns_single" name="numeric_data" time="0.00199999999995271"/>
    <testcase classname="ds.dataFrame_expt_several_columns_single" name="numeric_data" time="0.000999999999976353"/>
    <testcase classname="ds.dataFrame_expt_several_columns_single" name="numeric_data" time="0.00200000000006639"/>
    <testcase classname="ds.dataFrame_expt_several_columns_single" name="numeric_data" time="0.000999999999976353"/>
    <testcase classname="ds.dataFrame_expt_several_columns_single" name="numeric_data" time="0.00199999999995271"/>
    <testcase classname="ds.dataFrame_expt_several_columns_single" name="numeric_data" time="6.17200000000003"/>
    <testcase classname="ds.dataFrame_expt_several_columns_single" name="numeric_data" time="0.000999999999976353"/>
    <testcase classname="ds.dataFrame_expt_several_columns_single" name="numeric_data" time="0.00200000000006639"/>
    <testcase classname="ds.dataFrame_expt_several_columns_single" name="numeric_data" time="0.000999999999976353"/>
    <testcase classname="ds.dataFrame_expt_several_columns_single" name="numeric_data" time="0.000999999999976353"/>
    <testcase classname="ds.dataFrame_expt_several_columns_single" name="numeric_data" time="0.00200000000006639"/>
    <testcase classname="ds.dataFrame_expt_several_columns_single" name="numeric_data" time="0.000999999999976353"/>
    <testcase classname="ds.dataFrame_expt_several_columns_single" name="numeric_data" time="0.00199999999995271"/>
  </testsuite>
  <testsuite errors="0" failures="0" hostname="fv-az14" name="ds.dataFrame::expt::one_column_from_objects::single" skipped="0" tests="16" time="22.772" timestamp="2020-10-27T20:34:27Z">
    <testcase classname="ds.dataFrame_expt_one_column_from_objects_single" name="numeric_data" time="6.05200000000002"/>
    <testcase classname="ds.dataFrame_expt_one_column_from_objects_single" name="numeric_data" time="0.000999999999976353"/>
    <testcase classname="ds.dataFrame_expt_one_column_from_objects_single" name="numeric_data" time="2.39100000000008"/>
    <testcase classname="ds.dataFrame_expt_one_column_from_objects_single" name="numeric_data" time="0.000999999999976353"/>
    <testcase classname="ds.dataFrame_expt_one_column_from_objects_single" name="numeric_data" time="2.37800000000004"/>
    <testcase classname="ds.dataFrame_expt_one_column_from_objects_single" name="numeric_data" time="0.00199999999995271"/>
    <testcase classname="ds.dataFrame_expt_one_column_from_objects_single" name="numeric_data" time="2.375"/>
    <testcase classname="ds.dataFrame_expt_one_column_from_objects_single" name="numeric_data" time="0.000999999999976353"/>
    <testcase classname="ds.dataFrame_expt_one_column_from_objects_single" name="numeric_data" time="2.39099999999996"/>
    <testcase classname="ds.dataFrame_expt_one_column_from_objects_single" name="numeric_data" time="0.00100000000009004"/>
    <testcase classname="ds.dataFrame_expt_one_column_from_objects_single" name="numeric_data" time="2.39099999999996"/>
    <testcase classname="ds.dataFrame_expt_one_column_from_objects_single" name="numeric_data" time="0.000999999999976353"/>
    <testcase classname="ds.dataFrame_expt_one_column_from_objects_single" name="numeric_data" time="2.38200000000006"/>
    <testcase classname="ds.dataFrame_expt_one_column_from_objects_single" name="numeric_data" time="0.00199999999995271"/>
    <testcase classname="ds.dataFrame_expt_one_column_from_objects_single" name="numeric_data" time="2.40200000000004"/>
    <testcase classname="ds.dataFrame_expt_one_column_from_objects_single" name="numeric_data" time="0.000999999999976353"/>
  </testsuite>
  <testsuite errors="0" failures="0" hostname="fv-az14" name="ds.dataFrame::expt::object::multiple" skipped="0" tests="32" time="33.438" timestamp="2020-10-27T20:34:50Z">
    <testcase classname="ds.dataFrame_expt_object_multiple" name="numeric_data" time="8.26199999999994"/>
    <testcase classname="ds.dataFrame_expt_object_multiple" name="numeric_data" time="0.00100000000009004"/>
    <testcase classname="ds.dataFrame_expt_object_multiple" name="numeric_data" time="0.000999999999976353"/>
    <testcase classname="ds.dataFrame_expt_object_multiple" name="numeric_data" time="0.000999999999976353"/>
    <testcase classname="ds.dataFrame_expt_object_multiple" name="numeric_data" time="3.57399999999996"/>
    <testcase classname="ds.dataFrame_expt_object_multiple" name="numeric_data" time="0.00200000000006639"/>
    <testcase classname="ds.dataFrame_expt_object_multiple" name="numeric_data" time="0.000999999999976353"/>
    <testcase classname="ds.dataFrame_expt_object_multiple" name="numeric_data" time="0.00199999999995271"/>
    <testcase classname="ds.dataFrame_expt_object_multiple" name="numeric_data" time="3.59900000000005"/>
    <testcase classname="ds.dataFrame_expt_object_multiple" name="numeric_data" time="0.00199999999995271"/>
    <testcase classname="ds.dataFrame_expt_object_multiple" name="numeric_data" time="0.00100000000009004"/>
    <testcase classname="ds.dataFrame_expt_object_multiple" name="numeric_data" time="0.000999999999976353"/>
    <testcase classname="ds.dataFrame_expt_object_multiple" name="numeric_data" time="3.61000000000001"/>
    <testcase classname="ds.dataFrame_expt_object_multiple" name="numeric_data" time="0.00199999999995271"/>
    <testcase classname="ds.dataFrame_expt_object_multiple" name="numeric_data" time="0.000999999999976353"/>
    <testcase classname="ds.dataFrame_expt_object_multiple" name="numeric_data" time="0.00200000000006639"/>
    <testcase classname="ds.dataFrame_expt_object_multiple" name="numeric_data" time="3.57399999999996"/>
    <testcase classname="ds.dataFrame_expt_object_multiple" name="numeric_data" time="0.000999999999976353"/>
    <testcase classname="ds.dataFrame_expt_object_multiple" name="numeric_data" time="0.00200000000006639"/>
    <testcase classname="ds.dataFrame_expt_object_multiple" name="numeric_data" time="0.000999999999976353"/>
    <testcase classname="ds.dataFrame_expt_object_multiple" name="numeric_data" time="3.61199999999997"/>
    <testcase classname="ds.dataFrame_expt_object_multiple" name="numeric_data" time="0.00100000000009004"/>
    <testcase classname="ds.dataFrame_expt_object_multiple" name="numeric_data" time="0.00199999999995271"/>
    <testcase classname="ds.dataFrame_expt_object_multiple" name="numeric_data" time="0.00199999999995271"/>
    <testcase classname="ds.dataFrame_expt_object_multiple" name="numeric_data" time="3.57900000000006"/>
    <testcase classname="ds.dataFrame_expt_object_multiple" name="numeric_data" time="0.00199999999995271"/>
    <testcase classname="ds.dataFrame_expt_object_multiple" name="numeric_data" time="0.000999999999976353"/>
    <testcase classname="ds.dataFrame_expt_object_multiple" name="numeric_data" time="0.00200000000006639"/>
    <testcase classname="ds.dataFrame_expt_object_multiple" name="numeric_data" time="3.59100000000001"/>
    <testcase classname="ds.dataFrame_expt_object_multiple" name="numeric_data" time="0.00299999999992906"/>
    <testcase classname="ds.dataFrame_expt_object_multiple" name="numeric_data" time="0.00100000000009004"/>
    <testcase classname="ds.dataFrame_expt_object_multiple" name="numeric_data" time="0.00199999999995271"/>
  </testsuite>
  <testsuite errors="0" failures="0" hostname="fv-az14" name="ds.dataFrame::expt::several_objects::multiple" skipped="0" tests="4" time="10.101" timestamp="2020-10-27T20:35:23Z">
    <testcase classname="ds.dataFrame_expt_several_objects_multiple" name="several_objects" time="10.098"/>
    <testcase classname="ds.dataFrame_expt_several_objects_multiple" name="several_objects" time="0.00100000000009004"/>
    <testcase classname="ds.dataFrame_expt_several_objects_multiple" name="several_objects" time="0.000999999999976353"/>
    <testcase classname="ds.dataFrame_expt_several_objects_multiple" name="several_objects" time="0.000999999999976353"/>
  </testsuite>
  <testsuite errors="0" failures="0" hostname="fv-az14" name="ds.dataFrame::expt::non_numeric::multiple" skipped="0" tests="18" time="20.243" timestamp="2020-10-27T20:35:33Z">
    <testcase classname="ds.dataFrame_expt_non_numeric_multiple" name="non_numeric" time="9.03600000000006"/>
    <testcase classname="ds.dataFrame_expt_non_numeric_multiple" name="non_numeric" time="0.000999999999976353"/>
    <testcase classname="ds.dataFrame_expt_non_numeric_multiple" name="non_numeric" time="0.000999999999976353"/>
    <testcase classname="ds.dataFrame_expt_non_numeric_multiple" name="non_numeric" time="0.000999999999976353"/>
    <testcase classname="ds.dataFrame_expt_non_numeric_multiple" name="non_numeric" time="0.00200000000006639"/>
    <testcase classname="ds.dataFrame_expt_non_numeric_multiple" name="non_numeric" time="3.99899999999991"/>
    <testcase classname="ds.dataFrame_expt_non_numeric_multiple" name="non_numeric" time="0.00200000000006639"/>
    <testcase classname="ds.dataFrame_expt_non_numeric_multiple" name="non_numeric" time="0.000999999999976353"/>
    <testcase classname="ds.dataFrame_expt_non_numeric_multiple" name="non_numeric" time="0.000999999999976353"/>
    <testcase classname="ds.dataFrame_expt_non_numeric_multiple" name="non_numeric" time="0.00200000000006639"/>
    <testcase classname="ds.dataFrame_expt_non_numeric_multiple" name="non_numeric" time="3.59399999999994"/>
    <testcase classname="ds.dataFrame_expt_non_numeric_multiple" name="non_numeric" time="0.00200000000006639"/>
    <testcase classname="ds.dataFrame_expt_non_numeric_multiple" name="non_numeric" time="0.000999999999976353"/>
    <testcase classname="ds.dataFrame_expt_non_numeric_multiple" name="non_numeric" time="0.000999999999976353"/>
    <testcase classname="ds.dataFrame_expt_non_numeric_multiple" name="non_numeric" time="3.59400000000005"/>
    <testcase classname="ds.dataFrame_expt_non_numeric_multiple" name="non_numeric" time="0.00199999999995271"/>
    <testcase classname="ds.dataFrame_expt_non_numeric_multiple" name="non_numeric" time="0.00199999999995271"/>
    <testcase classname="ds.dataFrame_expt_non_numeric_multiple" name="non_numeric" time="0.00100000000009004"/>
  </testsuite>
  <testsuite errors="0" failures="0" hostname="fv-az14" name="ds.dataFrame::expt::non_numeric::multiple" skipped="0" tests="10" time="13.095" timestamp="2020-10-27T20:35:54Z">
    <testcase classname="ds.dataFrame_expt_non_numeric_multiple" name="_unnamed_" time="5.91800000000001"/>
    <testcase classname="ds.dataFrame_expt_non_numeric_multiple" name="_unnamed_" time="0.000999999999976353"/>
    <testcase classname="ds.dataFrame_expt_non_numeric_multiple" name="_unnamed_" time="0.00199999999995271"/>
    <testcase classname="ds.dataFrame_expt_non_numeric_multiple" name="_unnamed_" time="2.38499999999999"/>
    <testcase classname="ds.dataFrame_expt_non_numeric_multiple" name="_unnamed_" time="0.00200000000006639"/>
    <testcase classname="ds.dataFrame_expt_non_numeric_multiple" name="_unnamed_" time="0.00199999999995271"/>
    <testcase classname="ds.dataFrame_expt_non_numeric_multiple" name="_unnamed_" time="2.399"/>
    <testcase classname="ds.dataFrame_expt_non_numeric_multiple" name="_unnamed_" time="0.000999999999976353"/>
    <testcase classname="ds.dataFrame_expt_non_numeric_multiple" name="_unnamed_" time="2.38400000000001"/>
    <testcase classname="ds.dataFrame_expt_non_numeric_multiple" name="_unnamed_" time="0.000999999999976353"/>
  </testsuite>
  <testsuite errors="0" failures="0" hostname="fv-az14" name="ds.dataFrame::expt::shutdown" skipped="0" tests="0" time="0" timestamp="2020-10-27T20:36:07Z"/>
  <testsuite errors="0" failures="0" hostname="fv-az14" name="ds.dataFrame::expt::done" skipped="0" tests="0" time="0" timestamp="2020-10-27T20:36:07Z"/>
  <testsuite errors="0" failures="0" hostname="fv-az14" name="ds.glmerSLMA::expt::setup" skipped="0" tests="3" time="4.842" timestamp="2020-10-27T20:36:07Z">
    <testcase classname="ds.glmerSLMA_expt_setup" name="setup" time="4.84000000000003"/>
    <testcase classname="ds.glmerSLMA_expt_setup" name="setup" time="0.000999999999976353"/>
    <testcase classname="ds.glmerSLMA_expt_setup" name="setup" time="0.000999999999976353"/>
  </testsuite>
  <testsuite errors="0" failures="0" hostname="fv-az14" name="ds.glmerSLMA::expt::int::multiple" skipped="0" tests="1" time="5.27" timestamp="2020-10-27T20:36:11Z">
    <testcase classname="ds.glmerSLMA_expt_int_multiple" name="linear_mixed_model_with_2_levels_of_hierarchy" time="5.2700000000001"/>
  </testsuite>
  <testsuite errors="0" failures="0" hostname="fv-az14" name="ds.lmerSLMA::expt::shutdown" skipped="0" tests="0" time="0" timestamp="2020-10-27T20:36:17Z"/>
  <testsuite errors="0" failures="0" hostname="fv-az14" name="ds.lmerSLMA::expt::done" skipped="0" tests="0" time="0" timestamp="2020-10-27T20:36:17Z"/>
  <testsuite errors="0" failures="0" hostname="fv-az14" name="ds.lmerSLMA::expt::setup" skipped="0" tests="3" time="5.383" timestamp="2020-10-27T20:36:17Z">
    <testcase classname="ds.lmerSLMA_expt_setup" name="setup" time="5.38"/>
    <testcase classname="ds.lmerSLMA_expt_setup" name="setup" time="0.000999999999976353"/>
    <testcase classname="ds.lmerSLMA_expt_setup" name="setup" time="0.00199999999995271"/>
  </testsuite>
  <testsuite errors="0" failures="0" hostname="fv-az14" name="ds.lmerSLMA::expt::int::multiple" skipped="0" tests="1" time="3.366" timestamp="2020-10-27T20:36:22Z">
    <testcase classname="ds.lmerSLMA_expt_int_multiple" name="linear_mixed_model_with_2_levels_of_hierarchy" time="3.36599999999999"/>
  </testsuite>
  <testsuite errors="0" failures="0" hostname="fv-az14" name="ds.lmerSLMA::expt::done" skipped="0" tests="0" time="0" timestamp="2020-10-27T20:36:26Z"/>
  <testsuite errors="0" failures="0" hostname="fv-az14" name="ds.mean::expt::combine::multiple" skipped="0" tests="8" time="15.117" timestamp="2020-10-27T20:36:26Z">
    <testcase classname="ds.mean_expt_combine_multiple" name="combined_data_set" time="6.50100000000009"/>
    <testcase classname="ds.mean_expt_combine_multiple" name="combined_data_set" time="1.23599999999999"/>
    <testcase classname="ds.mean_expt_combine_multiple" name="combined_data_set" time="1.24000000000001"/>
    <testcase classname="ds.mean_expt_combine_multiple" name="combined_data_set" time="1.23099999999999"/>
    <testcase classname="ds.mean_expt_combine_multiple" name="combined_data_set" time="1.22399999999993"/>
    <testcase classname="ds.mean_expt_combine_multiple" name="combined_data_set" time="1.22700000000009"/>
    <testcase classname="ds.mean_expt_combine_multiple" name="combined_data_set" time="1.226"/>
    <testcase classname="ds.mean_expt_combine_multiple" name="combined_data_set" time="1.23199999999997"/>
  </testsuite>
  <testsuite errors="0" failures="0" hostname="fv-az14" name="ds.mean::expt::split::multiple" skipped="0" tests="24" time="14.798" timestamp="2020-10-27T20:36:41Z">
    <testcase classname="ds.mean_expt_split_multiple" name="split_data_set" time="6.18399999999997"/>
    <testcase classname="ds.mean_expt_split_multiple" name="split_data_set" time="0.000999999999976353"/>
    <testcase classname="ds.mean_expt_split_multiple" name="split_data_set" time="0.00100000000009004"/>
    <testcase classname="ds.mean_expt_split_multiple" name="split_data_set" time="1.23000000000002"/>
    <testcase classname="ds.mean_expt_split_multiple" name="split_data_set" time="0.000999999999976353"/>
    <testcase classname="ds.mean_expt_split_multiple" name="split_data_set" time="0.00199999999995271"/>
    <testcase classname="ds.mean_expt_split_multiple" name="split_data_set" time="1.22500000000002"/>
    <testcase classname="ds.mean_expt_split_multiple" name="split_data_set" time="0.00199999999995271"/>
    <testcase classname="ds.mean_expt_split_multiple" name="split_data_set" time="0.00100000000009004"/>
    <testcase classname="ds.mean_expt_split_multiple" name="split_data_set" time="1.22399999999993"/>
    <testcase classname="ds.mean_expt_split_multiple" name="split_data_set" time="0.000999999999976353"/>
    <testcase classname="ds.mean_expt_split_multiple" name="split_data_set" time="0.00200000000006639"/>
    <testcase classname="ds.mean_expt_split_multiple" name="split_data_set" time="1.23399999999992"/>
    <testcase classname="ds.mean_expt_split_multiple" name="split_data_set" time="0.00100000000009004"/>
    <testcase classname="ds.mean_expt_split_multiple" name="split_data_set" time="0.00199999999995271"/>
    <testcase classname="ds.mean_expt_split_multiple" name="split_data_set" time="1.22400000000005"/>
    <testcase classname="ds.mean_expt_split_multiple" name="split_data_set" time="0.00199999999995271"/>
    <testcase classname="ds.mean_expt_split_multiple" name="split_data_set" time="0.000999999999976353"/>
    <testcase classname="ds.mean_expt_split_multiple" name="split_data_set" time="1.22800000000007"/>
    <testcase classname="ds.mean_expt_split_multiple" name="split_data_set" time="0.000999999999976353"/>
    <testcase classname="ds.mean_expt_split_multiple" name="split_data_set" time="0.000999999999976353"/>
    <testcase classname="ds.mean_expt_split_multiple" name="split_data_set" time="1.22500000000002"/>
    <testcase classname="ds.mean_expt_split_multiple" name="split_data_set" time="0.00300000000004275"/>
    <testcase classname="ds.mean_expt_split_multiple" name="split_data_set" time="0.00199999999995271"/>
  </testsuite>
  <testsuite errors="0" failures="0" hostname="fv-az14" name="ds.mean::expt::single" skipped="0" tests="8" time="9.229" timestamp="2020-10-27T20:36:55Z">
    <testcase classname="ds.mean_expt_single" name="combined_data_set" time="4.27800000000002"/>
    <testcase classname="ds.mean_expt_single" name="combined_data_set" time="0.706999999999994"/>
    <testcase classname="ds.mean_expt_single" name="combined_data_set" time="0.711999999999989"/>
    <testcase classname="ds.mean_expt_single" name="combined_data_set" time="0.710000000000036"/>
    <testcase classname="ds.mean_expt_single" name="combined_data_set" time="0.702999999999975"/>
    <testcase classname="ds.mean_expt_single" name="combined_data_set" time="0.708999999999946"/>
    <testcase classname="ds.mean_expt_single" name="combined_data_set" time="0.706999999999994"/>
    <testcase classname="ds.mean_expt_single" name="combined_data_set" time="0.703000000000088"/>
  </testsuite>
  <testsuite errors="0" failures="0" hostname="fv-az14" name="ds.mean::expt::large_values::single" skipped="0" tests="8" time="14.79" timestamp="2020-10-27T20:37:05Z">
    <testcase classname="ds.mean_expt_large_values_single" name="combined_data_set" time="4.78199999999993"/>
    <testcase classname="ds.mean_expt_large_values_single" name="combined_data_set" time="1.44000000000005"/>
    <testcase classname="ds.mean_expt_large_values_single" name="combined_data_set" time="1.42899999999997"/>
    <testcase classname="ds.mean_expt_large_values_single" name="combined_data_set" time="1.43200000000002"/>
    <testcase classname="ds.mean_expt_large_values_single" name="combined_data_set" time="1.42599999999993"/>
    <testcase classname="ds.mean_expt_large_values_single" name="combined_data_set" time="1.42400000000009"/>
    <testcase classname="ds.mean_expt_large_values_single" name="combined_data_set" time="1.43099999999993"/>
    <testcase classname="ds.mean_expt_large_values_single" name="combined_data_set" time="1.42600000000004"/>
  </testsuite>
  <testsuite errors="0" failures="0" hostname="fv-az14" name="ds.mean::expt::large_values::multiple" skipped="0" tests="8" time="21.135" timestamp="2020-10-27T20:37:19Z">
    <testcase classname="ds.mean_expt_large_values_multiple" name="combined_data_set" time="6.84299999999996"/>
    <testcase classname="ds.mean_expt_large_values_multiple" name="combined_data_set" time="2.05200000000002"/>
    <testcase classname="ds.mean_expt_large_values_multiple" name="combined_data_set" time="2.03800000000001"/>
    <testcase classname="ds.mean_expt_large_values_multiple" name="combined_data_set" time="2.03600000000006"/>
    <testcase classname="ds.mean_expt_large_values_multiple" name="combined_data_set" time="2.05399999999986"/>
    <testcase classname="ds.mean_expt_large_values_multiple" name="combined_data_set" time="2.02999999999997"/>
    <testcase classname="ds.mean_expt_large_values_multiple" name="combined_data_set" time="2.05300000000011"/>
    <testcase classname="ds.mean_expt_large_values_multiple" name="combined_data_set" time="2.029"/>
  </testsuite>
  <testsuite errors="0" failures="0" hostname="fv-az14" name="ds.reShape::expt::multiple" skipped="1" tests="1" time="0.951" timestamp="2020-10-27T20:37:41Z">
    <testcase classname="ds.reShape_expt_multiple" name="copy_and_transform" time="0.951000000000022">
      <skipped/>
    </testcase>
  </testsuite>
  <testsuite errors="0" failures="0" hostname="fv-az14" name="ds.skewness::expt::combine::multiple" skipped="0" tests="8" time="16.596" timestamp="2020-10-27T20:37:41Z">
    <testcase classname="ds.skewness_expt_combine_multiple" name="combined_data_set" time="6.12799999999993"/>
    <testcase classname="ds.skewness_expt_combine_multiple" name="combined_data_set" time="1.50900000000001"/>
    <testcase classname="ds.skewness_expt_combine_multiple" name="combined_data_set" time="1.49199999999996"/>
    <testcase classname="ds.skewness_expt_combine_multiple" name="combined_data_set" time="1.48700000000008"/>
    <testcase classname="ds.skewness_expt_combine_multiple" name="combined_data_set" time="1.49299999999994"/>
    <testcase classname="ds.skewness_expt_combine_multiple" name="combined_data_set" time="1.48400000000015"/>
    <testcase classname="ds.skewness_expt_combine_multiple" name="combined_data_set" time="1.49399999999991"/>
    <testcase classname="ds.skewness_expt_combine_multiple" name="combined_data_set" time="1.50900000000001"/>
  </testsuite>
  <testsuite errors="0" failures="0" hostname="fv-az14" name="ds.skewness::expt::split::multiple" skipped="0" tests="24" time="14.846" timestamp="2020-10-27T20:37:58Z">
    <testcase classname="ds.skewness_expt_split_multiple" name="split_data_set" time="6.20399999999995"/>
    <testcase classname="ds.skewness_expt_split_multiple" name="split_data_set" time="0.00199999999995271"/>
    <testcase classname="ds.skewness_expt_split_multiple" name="split_data_set" time="0.000999999999976353"/>
    <testcase classname="ds.skewness_expt_split_multiple" name="split_data_set" time="1.24400000000014"/>
    <testcase classname="ds.skewness_expt_split_multiple" name="split_data_set" time="0.00199999999995271"/>
    <testcase classname="ds.skewness_expt_split_multiple" name="split_data_set" time="0.00199999999995271"/>
    <testcase classname="ds.skewness_expt_split_multiple" name="split_data_set" time="1.22800000000007"/>
    <testcase classname="ds.skewness_expt_split_multiple" name="split_data_set" time="0.00199999999995271"/>
    <testcase classname="ds.skewness_expt_split_multiple" name="split_data_set" time="0.000999999999976353"/>
    <testcase classname="ds.skewness_expt_split_multiple" name="split_data_set" time="1.22900000000004"/>
    <testcase classname="ds.skewness_expt_split_multiple" name="split_data_set" time="0.000999999999976353"/>
    <testcase classname="ds.skewness_expt_split_multiple" name="split_data_set" time="0.00199999999995271"/>
    <testcase classname="ds.skewness_expt_split_multiple" name="split_data_set" time="1.22000000000003"/>
    <testcase classname="ds.skewness_expt_split_multiple" name="split_data_set" time="0.00199999999995271"/>
    <testcase classname="ds.skewness_expt_split_multiple" name="split_data_set" time="0.00100000000020373"/>
    <testcase classname="ds.skewness_expt_split_multiple" name="split_data_set" time="1.22999999999979"/>
    <testcase classname="ds.skewness_expt_split_multiple" name="split_data_set" time="0.00100000000020373"/>
    <testcase classname="ds.skewness_expt_split_multiple" name="split_data_set" time="0.00199999999995271"/>
    <testcase classname="ds.skewness_expt_split_multiple" name="split_data_set" time="1.24299999999994"/>
    <testcase classname="ds.skewness_expt_split_multiple" name="split_data_set" time="0.00199999999995271"/>
    <testcase classname="ds.skewness_expt_split_multiple" name="split_data_set" time="0.000999999999976353"/>
    <testcase classname="ds.skewness_expt_split_multiple" name="split_data_set" time="1.22199999999998"/>
    <testcase classname="ds.skewness_expt_split_multiple" name="split_data_set" time="0.00200000000018008"/>
    <testcase classname="ds.skewness_expt_split_multiple" name="split_data_set" time="0.00199999999995271"/>
  </testsuite>
  <testsuite errors="0" failures="0" hostname="fv-az14" name="ds.skewness::expt::single" skipped="0" tests="8" time="11.126" timestamp="2020-10-27T20:38:13Z">
    <testcase classname="ds.skewness_expt_single" name="combined_data_set" time="4.51099999999997"/>
    <testcase classname="ds.skewness_expt_single" name="combined_data_set" time="0.940000000000055"/>
    <testcase classname="ds.skewness_expt_single" name="combined_data_set" time="0.948999999999842"/>
    <testcase classname="ds.skewness_expt_single" name="combined_data_set" time="0.942000000000007"/>
    <testcase classname="ds.skewness_expt_single" name="combined_data_set" time="0.941000000000031"/>
    <testcase classname="ds.skewness_expt_single" name="combined_data_set" time="0.949000000000069"/>
    <testcase classname="ds.skewness_expt_single" name="combined_data_set" time="0.953999999999951"/>
    <testcase classname="ds.skewness_expt_single" name="combined_data_set" time="0.940000000000055"/>
  </testsuite>
  <testsuite errors="0" failures="0" hostname="fv-az14" name="ds.var::expt::multiple" skipped="0" tests="8" time="14.51" timestamp="2020-10-27T20:38:24Z">
    <testcase classname="ds.var_expt_multiple" name="combined_data_set" time="5.91699999999992"/>
    <testcase classname="ds.var_expt_multiple" name="combined_data_set" time="1.221"/>
    <testcase classname="ds.var_expt_multiple" name="combined_data_set" time="1.23500000000013"/>
    <testcase classname="ds.var_expt_multiple" name="combined_data_set" time="1.23000000000002"/>
    <testcase classname="ds.var_expt_multiple" name="combined_data_set" time="1.23299999999995"/>
    <testcase classname="ds.var_expt_multiple" name="combined_data_set" time="1.22399999999993"/>
    <testcase classname="ds.var_expt_multiple" name="combined_data_set" time="1.23000000000002"/>
    <testcase classname="ds.var_expt_multiple" name="combined_data_set" time="1.22000000000003"/>
  </testsuite>
  <testsuite errors="0" failures="0" hostname="fv-az14" name="ds.var::expt::single" skipped="0" tests="24" time="14.866" timestamp="2020-10-27T20:38:39Z">
    <testcase classname="ds.var_expt_single" name="split_data_set" time="6.22199999999998"/>
    <testcase classname="ds.var_expt_single" name="split_data_set" time="0.00199999999995271"/>
    <testcase classname="ds.var_expt_single" name="split_data_set" time="0.00100000000020373"/>
    <testcase classname="ds.var_expt_single" name="split_data_set" time="1.24399999999991"/>
    <testcase classname="ds.var_expt_single" name="split_data_set" time="0.000999999999976353"/>
    <testcase classname="ds.var_expt_single" name="split_data_set" time="0.00199999999995271"/>
    <testcase classname="ds.var_expt_single" name="split_data_set" time="1.23099999999999"/>
    <testcase classname="ds.var_expt_single" name="split_data_set" time="0.000999999999976353"/>
    <testcase classname="ds.var_expt_single" name="split_data_set" time="0.00200000000018008"/>
    <testcase classname="ds.var_expt_single" name="split_data_set" time="1.23299999999995"/>
    <testcase classname="ds.var_expt_single" name="split_data_set" time="0.000999999999976353"/>
    <testcase classname="ds.var_expt_single" name="split_data_set" time="0.00199999999995271"/>
    <testcase classname="ds.var_expt_single" name="split_data_set" time="1.21900000000005"/>
    <testcase classname="ds.var_expt_single" name="split_data_set" time="0.000999999999976353"/>
    <testcase classname="ds.var_expt_single" name="split_data_set" time="0.00199999999995271"/>
    <testcase classname="ds.var_expt_single" name="split_data_set" time="1.23400000000015"/>
    <testcase classname="ds.var_expt_single" name="split_data_set" time="0.00199999999995271"/>
    <testcase classname="ds.var_expt_single" name="split_data_set" time="0.000999999999976353"/>
    <testcase classname="ds.var_expt_single" name="split_data_set" time="1.22800000000007"/>
    <testcase classname="ds.var_expt_single" name="split_data_set" time="0.000999999999976353"/>
    <testcase classname="ds.var_expt_single" name="split_data_set" time="0.00199999999995271"/>
    <testcase classname="ds.var_expt_single" name="split_data_set" time="1.23000000000002"/>
    <testcase classname="ds.var_expt_single" name="split_data_set" time="0.00199999999995271"/>
    <testcase classname="ds.var_expt_single" name="split_data_set" time="0.00199999999995271"/>
  </testsuite>
  <testsuite errors="0" failures="0" hostname="fv-az14" name="ds.var::expt::large_values::multiple" skipped="0" tests="8" time="21.269" timestamp="2020-10-27T20:38:53Z">
    <testcase classname="ds.var_expt_large_values_multiple" name="large_values" time="6.98400000000015"/>
    <testcase classname="ds.var_expt_large_values_multiple" name="large_values" time="2.0469999999998"/>
    <testcase classname="ds.var_expt_large_values_multiple" name="large_values" time="2.08100000000013"/>
    <testcase classname="ds.var_expt_large_values_multiple" name="large_values" time="2.01199999999994"/>
    <testcase classname="ds.var_expt_large_values_multiple" name="large_values" time="2.03400000000011"/>
    <testcase classname="ds.var_expt_large_values_multiple" name="large_values" time="2.02099999999996"/>
    <testcase classname="ds.var_expt_large_values_multiple" name="large_values" time="2.05099999999993"/>
    <testcase classname="ds.var_expt_large_values_multiple" name="large_values" time="2.03899999999999"/>
  </testsuite>
  <testsuite errors="0" failures="0" hostname="fv-az14" name="ds.var::expt::large_values::single" skipped="0" tests="8" time="14.944" timestamp="2020-10-27T20:39:15Z">
    <testcase classname="ds.var_expt_large_values_single" name="large_values" time="4.98400000000015"/>
    <testcase classname="ds.var_expt_large_values_single" name="large_values" time="1.41999999999985"/>
    <testcase classname="ds.var_expt_large_values_single" name="large_values" time="1.4190000000001"/>
    <testcase classname="ds.var_expt_large_values_single" name="large_values" time="1.42499999999995"/>
    <testcase classname="ds.var_expt_large_values_single" name="large_values" time="1.42699999999991"/>
    <testcase classname="ds.var_expt_large_values_single" name="large_values" time="1.423"/>
    <testcase classname="ds.var_expt_large_values_single" name="large_values" time="1.42100000000005"/>
    <testcase classname="ds.var_expt_large_values_single" name="large_values" time="1.42499999999995"/>
  </testsuite>
  <testsuite errors="0" failures="0" hostname="fv-az14" name="ds.mean::math::residual::multiple" skipped="0" tests="32" time="24.436" timestamp="2020-10-27T20:39:30Z">
    <testcase classname="ds.mean_math_residual_multiple" name="residual_deviation_tends_to_0" time="6.00500000000011"/>
    <testcase classname="ds.mean_math_residual_multiple" name="residual_deviation_tends_to_0" time="1.23000000000002"/>
    <testcase classname="ds.mean_math_residual_multiple" name="residual_deviation_tends_to_0" time="1.25"/>
    <testcase classname="ds.mean_math_residual_multiple" name="residual_deviation_tends_to_0" time="1.23299999999995"/>
    <testcase classname="ds.mean_math_residual_multiple" name="residual_deviation_tends_to_0" time="1.22800000000007"/>
    <testcase classname="ds.mean_math_residual_multiple" name="residual_deviation_tends_to_0" time="1.22399999999993"/>
    <testcase classname="ds.mean_math_residual_multiple" name="residual_deviation_tends_to_0" time="1.22399999999993"/>
    <testcase classname="ds.mean_math_residual_multiple" name="residual_deviation_tends_to_0" time="1.22199999999998"/>
    <testcase classname="ds.mean_math_residual_multiple" name="residual_deviation_tends_to_0" time="1.23000000000002"/>
    <testcase classname="ds.mean_math_residual_multiple" name="residual_deviation_tends_to_0" time="0.000999999999976353"/>
    <testcase classname="ds.mean_math_residual_multiple" name="residual_deviation_tends_to_0" time="0.00200000000018008"/>
    <testcase classname="ds.mean_math_residual_multiple" name="residual_deviation_tends_to_0" time="1.22399999999993"/>
    <testcase classname="ds.mean_math_residual_multiple" name="residual_deviation_tends_to_0" time="0.000999999999976353"/>
    <testcase classname="ds.mean_math_residual_multiple" name="residual_deviation_tends_to_0" time="0.000999999999976353"/>
    <testcase classname="ds.mean_math_residual_multiple" name="residual_deviation_tends_to_0" time="1.23299999999995"/>
    <testcase classname="ds.mean_math_residual_multiple" name="residual_deviation_tends_to_0" time="0.00100000000020373"/>
    <testcase classname="ds.mean_math_residual_multiple" name="residual_deviation_tends_to_0" time="0.00199999999995271"/>
    <testcase classname="ds.mean_math_residual_multiple" name="residual_deviation_tends_to_0" time="1.21599999999989"/>
    <testcase classname="ds.mean_math_residual_multiple" name="residual_deviation_tends_to_0" time="0.000999999999976353"/>
    <testcase classname="ds.mean_math_residual_multiple" name="residual_deviation_tends_to_0" time="0.00200000000018008"/>
    <testcase classname="ds.mean_math_residual_multiple" name="residual_deviation_tends_to_0" time="1.21799999999985"/>
    <testcase classname="ds.mean_math_residual_multiple" name="residual_deviation_tends_to_0" time="0.000999999999976353"/>
    <testcase classname="ds.mean_math_residual_multiple" name="residual_deviation_tends_to_0" time="0.00200000000018008"/>
    <testcase classname="ds.mean_math_residual_multiple" name="residual_deviation_tends_to_0" time="1.22399999999993"/>
    <testcase classname="ds.mean_math_residual_multiple" name="residual_deviation_tends_to_0" time="0.000999999999976353"/>
    <testcase classname="ds.mean_math_residual_multiple" name="residual_deviation_tends_to_0" time="0.00199999999995271"/>
    <testcase classname="ds.mean_math_residual_multiple" name="residual_deviation_tends_to_0" time="1.22500000000014"/>
    <testcase classname="ds.mean_math_residual_multiple" name="residual_deviation_tends_to_0" time="0.00199999999995271"/>
    <testcase classname="ds.mean_math_residual_multiple" name="residual_deviation_tends_to_0" time="0.00199999999995271"/>
    <testcase classname="ds.mean_math_residual_multiple" name="residual_deviation_tends_to_0" time="1.22499999999991"/>
    <testcase classname="ds.mean_math_residual_multiple" name="residual_deviation_tends_to_0" time="0.00200000000018008"/>
    <testcase classname="ds.mean_math_residual_multiple" name="residual_deviation_tends_to_0" time="0.00199999999995271"/>
  </testsuite>
  <testsuite errors="0" failures="0" hostname="fv-az14" name="ds.mean::math::residual::multiple" skipped="0" tests="32" time="24.735" timestamp="2020-10-27T20:39:54Z">
    <testcase classname="ds.mean_math_residual_multiple" name="residual_deviation_tends_to_0" time="6.25999999999999"/>
    <testcase classname="ds.mean_math_residual_multiple" name="residual_deviation_tends_to_0" time="1.23099999999999"/>
    <testcase classname="ds.mean_math_residual_multiple" name="residual_deviation_tends_to_0" time="1.25700000000006"/>
    <testcase classname="ds.mean_math_residual_multiple" name="residual_deviation_tends_to_0" time="1.22699999999986"/>
    <testcase classname="ds.mean_math_residual_multiple" name="residual_deviation_tends_to_0" time="1.22000000000003"/>
    <testcase classname="ds.mean_math_residual_multiple" name="residual_deviation_tends_to_0" time="1.24500000000012"/>
    <testcase classname="ds.mean_math_residual_multiple" name="residual_deviation_tends_to_0" time="1.23099999999999"/>
    <testcase classname="ds.mean_math_residual_multiple" name="residual_deviation_tends_to_0" time="1.23299999999995"/>
    <testcase classname="ds.mean_math_residual_multiple" name="residual_deviation_tends_to_0" time="1.22199999999998"/>
    <testcase classname="ds.mean_math_residual_multiple" name="residual_deviation_tends_to_0" time="0.000999999999976353"/>
    <testcase classname="ds.mean_math_residual_multiple" name="residual_deviation_tends_to_0" time="0.00199999999995271"/>
    <testcase classname="ds.mean_math_residual_multiple" name="residual_deviation_tends_to_0" time="1.22300000000018"/>
    <testcase classname="ds.mean_math_residual_multiple" name="residual_deviation_tends_to_0" time="0.00199999999995271"/>
    <testcase classname="ds.mean_math_residual_multiple" name="residual_deviation_tends_to_0" time="0.000999999999976353"/>
    <testcase classname="ds.mean_math_residual_multiple" name="residual_deviation_tends_to_0" time="1.23199999999997"/>
    <testcase classname="ds.mean_math_residual_multiple" name="residual_deviation_tends_to_0" time="0.000999999999976353"/>
    <testcase classname="ds.mean_math_residual_multiple" name="residual_deviation_tends_to_0" time="0.00199999999995271"/>
    <testcase classname="ds.mean_math_residual_multiple" name="residual_deviation_tends_to_0" time="1.221"/>
    <testcase classname="ds.mean_math_residual_multiple" name="residual_deviation_tends_to_0" time="0.000999999999976353"/>
    <testcase classname="ds.mean_math_residual_multiple" name="residual_deviation_tends_to_0" time="0.00200000000018008"/>
    <testcase classname="ds.mean_math_residual_multiple" name="residual_deviation_tends_to_0" time="1.22599999999989"/>
    <testcase classname="ds.mean_math_residual_multiple" name="residual_deviation_tends_to_0" time="0.00199999999995271"/>
    <testcase classname="ds.mean_math_residual_multiple" name="residual_deviation_tends_to_0" time="0.00199999999995271"/>
    <testcase classname="ds.mean_math_residual_multiple" name="residual_deviation_tends_to_0" time="1.22300000000018"/>
    <testcase classname="ds.mean_math_residual_multiple" name="residual_deviation_tends_to_0" time="0.00199999999995271"/>
    <testcase classname="ds.mean_math_residual_multiple" name="residual_deviation_tends_to_0" time="0.000999999999976353"/>
    <testcase classname="ds.mean_math_residual_multiple" name="residual_deviation_tends_to_0" time="1.23800000000006"/>
    <testcase classname="ds.mean_math_residual_multiple" name="residual_deviation_tends_to_0" time="0.00199999999995271"/>
    <testcase classname="ds.mean_math_residual_multiple" name="residual_deviation_tends_to_0" time="0.00199999999995271"/>
    <testcase classname="ds.mean_math_residual_multiple" name="residual_deviation_tends_to_0" time="1.21900000000005"/>
    <testcase classname="ds.mean_math_residual_multiple" name="residual_deviation_tends_to_0" time="0.00199999999995271"/>
    <testcase classname="ds.mean_math_residual_multiple" name="residual_deviation_tends_to_0" time="0.00199999999995271"/>
  </testsuite>
  <testsuite errors="0" failures="0" hostname="fv-az14" name="ds.mean::math::location_parameter::single" skipped="0" tests="8" time="20.65" timestamp="2020-10-27T20:40:19Z">
    <testcase classname="ds.mean_math_location_parameter_single" name="mean_X_a_mean_X_a" time="5.70600000000013"/>
    <testcase classname="ds.mean_math_location_parameter_single" name="mean_X_a_mean_X_a" time="2.11899999999991"/>
    <testcase classname="ds.mean_math_location_parameter_single" name="mean_X_a_mean_X_a" time="2.15599999999995"/>
    <testcase classname="ds.mean_math_location_parameter_single" name="mean_X_a_mean_X_a" time="2.12900000000013"/>
    <testcase classname="ds.mean_math_location_parameter_single" name="mean_X_a_mean_X_a" time="2.13300000000004"/>
    <testcase classname="ds.mean_math_location_parameter_single" name="mean_X_a_mean_X_a" time="2.13699999999994"/>
    <testcase classname="ds.mean_math_location_parameter_single" name="mean_X_a_mean_X_a" time="2.14300000000003"/>
    <testcase classname="ds.mean_math_location_parameter_single" name="mean_X_a_mean_X_a" time="2.12699999999995"/>
  </testsuite>
  <testsuite errors="0" failures="0" hostname="fv-az14" name="ds.mean::math::location_parameter::multiple" skipped="0" tests="8" time="31.005" timestamp="2020-10-27T20:40:39Z">
    <testcase classname="ds.mean_math_location_parameter_multiple" name="mean_X_a_mean_X_a" time="8.10099999999989"/>
    <testcase classname="ds.mean_math_location_parameter_multiple" name="mean_X_a_mean_X_a" time="3.27000000000021"/>
    <testcase classname="ds.mean_math_location_parameter_multiple" name="mean_X_a_mean_X_a" time="3.28499999999985"/>
    <testcase classname="ds.mean_math_location_parameter_multiple" name="mean_X_a_mean_X_a" time="3.25500000000011"/>
    <testcase classname="ds.mean_math_location_parameter_multiple" name="mean_X_a_mean_X_a" time="3.26999999999998"/>
    <testcase classname="ds.mean_math_location_parameter_multiple" name="mean_X_a_mean_X_a" time="3.27599999999984"/>
    <testcase classname="ds.mean_math_location_parameter_multiple" name="mean_X_a_mean_X_a" time="3.28200000000015"/>
    <testcase classname="ds.mean_math_location_parameter_multiple" name="mean_X_a_mean_X_a" time="3.26599999999985"/>
  </testsuite>
  <testsuite errors="0" failures="0" hostname="fv-az14" name="ds.mean::math::scale::multiple" skipped="0" tests="8" time="31.137" timestamp="2020-10-27T20:41:10Z">
    <testcase classname="ds.mean_math_scale_multiple" name="mean_X_a_mean_X_a" time="8.30400000000009"/>
    <testcase classname="ds.mean_math_scale_multiple" name="mean_X_a_mean_X_a" time="3.25800000000004"/>
    <testcase classname="ds.mean_math_scale_multiple" name="mean_X_a_mean_X_a" time="3.26800000000003"/>
    <testcase classname="ds.mean_math_scale_multiple" name="mean_X_a_mean_X_a" time="3.25999999999999"/>
    <testcase classname="ds.mean_math_scale_multiple" name="mean_X_a_mean_X_a" time="3.24900000000002"/>
    <testcase classname="ds.mean_math_scale_multiple" name="mean_X_a_mean_X_a" time="3.28399999999988"/>
    <testcase classname="ds.mean_math_scale_multiple" name="mean_X_a_mean_X_a" time="3.25300000000016"/>
    <testcase classname="ds.mean_math_scale_multiple" name="mean_X_a_mean_X_a" time="3.26099999999997"/>
  </testsuite>
  <testsuite errors="0" failures="0" hostname="fv-az14" name="ds.mean::math::scale::single" skipped="0" tests="8" time="20.617" timestamp="2020-10-27T20:41:42Z">
    <testcase classname="ds.mean_math_scale_single" name="mean_X_a_mean_X_a" time="5.71799999999985"/>
    <testcase classname="ds.mean_math_scale_single" name="mean_X_a_mean_X_a" time="2.1400000000001"/>
    <testcase classname="ds.mean_math_scale_single" name="mean_X_a_mean_X_a" time="2.13799999999992"/>
    <testcase classname="ds.mean_math_scale_single" name="mean_X_a_mean_X_a" time="2.12599999999998"/>
    <testcase classname="ds.mean_math_scale_single" name="mean_X_a_mean_X_a" time="2.13000000000011"/>
    <testcase classname="ds.mean_math_scale_single" name="mean_X_a_mean_X_a" time="2.12599999999998"/>
    <testcase classname="ds.mean_math_scale_single" name="mean_X_a_mean_X_a" time="2.12300000000005"/>
    <testcase classname="ds.mean_math_scale_single" name="mean_X_a_mean_X_a" time="2.11599999999999"/>
  </testsuite>
  <testsuite errors="0" failures="0" hostname="fv-az14" name="ds.var::math::positive_result::multiple" skipped="0" tests="32" time="24.509" timestamp="2020-10-27T20:42:02Z">
    <testcase classname="ds.var_math_positive_result_multiple" name="variance_0" time="6.03199999999993"/>
    <testcase classname="ds.var_math_positive_result_multiple" name="variance_0" time="1.23700000000008"/>
    <testcase classname="ds.var_math_positive_result_multiple" name="variance_0" time="1.2349999999999"/>
    <testcase classname="ds.var_math_positive_result_multiple" name="variance_0" time="1.23099999999999"/>
    <testcase classname="ds.var_math_positive_result_multiple" name="variance_0" time="1.23500000000013"/>
    <testcase classname="ds.var_math_positive_result_multiple" name="variance_0" time="1.22199999999998"/>
    <testcase classname="ds.var_math_positive_result_multiple" name="variance_0" time="1.2349999999999"/>
    <testcase classname="ds.var_math_positive_result_multiple" name="variance_0" time="1.221"/>
    <testcase classname="ds.var_math_positive_result_multiple" name="variance_0" time="1.22400000000016"/>
    <testcase classname="ds.var_math_positive_result_multiple" name="variance_0" time="0.00199999999995271"/>
    <testcase classname="ds.var_math_positive_result_multiple" name="variance_0" time="0.00199999999995271"/>
    <testcase classname="ds.var_math_positive_result_multiple" name="variance_0" time="1.23000000000002"/>
    <testcase classname="ds.var_math_positive_result_multiple" name="variance_0" time="0.00199999999995271"/>
    <testcase classname="ds.var_math_positive_result_multiple" name="variance_0" time="0.000999999999976353"/>
    <testcase classname="ds.var_math_positive_result_multiple" name="variance_0" time="1.2360000000001"/>
    <testcase classname="ds.var_math_positive_result_multiple" name="variance_0" time="0.00199999999995271"/>
    <testcase classname="ds.var_math_positive_result_multiple" name="variance_0" time="0.000999999999976353"/>
    <testcase classname="ds.var_math_positive_result_multiple" name="variance_0" time="1.22299999999996"/>
    <testcase classname="ds.var_math_positive_result_multiple" name="variance_0" time="0.00199999999995271"/>
    <testcase classname="ds.var_math_positive_result_multiple" name="variance_0" time="0.00100000000020373"/>
    <testcase classname="ds.var_math_positive_result_multiple" name="variance_0" time="1.23099999999999"/>
    <testcase classname="ds.var_math_positive_result_multiple" name="variance_0" time="0.00199999999995271"/>
    <testcase classname="ds.var_math_positive_result_multiple" name="variance_0" time="0.00199999999995271"/>
    <testcase classname="ds.var_math_positive_result_multiple" name="variance_0" time="1.22499999999991"/>
    <testcase classname="ds.var_math_positive_result_multiple" name="variance_0" time="0.00200000000018008"/>
    <testcase classname="ds.var_math_positive_result_multiple" name="variance_0" time="0.00199999999995271"/>
    <testcase classname="ds.var_math_positive_result_multiple" name="variance_0" time="1.22900000000004"/>
    <testcase classname="ds.var_math_positive_result_multiple" name="variance_0" time="0.00199999999995271"/>
    <testcase classname="ds.var_math_positive_result_multiple" name="variance_0" time="0.00199999999995271"/>
    <testcase classname="ds.var_math_positive_result_multiple" name="variance_0" time="1.23399999999992"/>
    <testcase classname="ds.var_math_positive_result_multiple" name="variance_0" time="0.00200000000018008"/>
    <testcase classname="ds.var_math_positive_result_multiple" name="variance_0" time="0.00199999999995271"/>
  </testsuite>
  <testsuite errors="0" failures="0" hostname="fv-az14" name="ds.var::math::positive_result::single" skipped="0" tests="32" time="14.95" timestamp="2020-10-27T20:42:27Z">
    <testcase classname="ds.var_math_positive_result_single" name="variance_0" time="4.2829999999999"/>
    <testcase classname="ds.var_math_positive_result_single" name="variance_0" time="0.708000000000084"/>
    <testcase classname="ds.var_math_positive_result_single" name="variance_0" time="0.710000000000036"/>
    <testcase classname="ds.var_math_positive_result_single" name="variance_0" time="0.711000000000013"/>
    <testcase classname="ds.var_math_positive_result_single" name="variance_0" time="0.708999999999833"/>
    <testcase classname="ds.var_math_positive_result_single" name="variance_0" time="0.711999999999989"/>
    <testcase classname="ds.var_math_positive_result_single" name="variance_0" time="0.715000000000146"/>
    <testcase classname="ds.var_math_positive_result_single" name="variance_0" time="0.70699999999988"/>
    <testcase classname="ds.var_math_positive_result_single" name="variance_0" time="0.714000000000169"/>
    <testcase classname="ds.var_math_positive_result_single" name="variance_0" time="0.000999999999976353"/>
    <testcase classname="ds.var_math_positive_result_single" name="variance_0" time="0.000999999999976353"/>
    <testcase classname="ds.var_math_positive_result_single" name="variance_0" time="0.715999999999894"/>
    <testcase classname="ds.var_math_positive_result_single" name="variance_0" time="0.00200000000018008"/>
    <testcase classname="ds.var_math_positive_result_single" name="variance_0" time="0.000999999999976353"/>
    <testcase classname="ds.var_math_positive_result_single" name="variance_0" time="0.704999999999927"/>
    <testcase classname="ds.var_math_positive_result_single" name="variance_0" time="0.00299999999992906"/>
    <testcase classname="ds.var_math_positive_result_single" name="variance_0" time="0.000999999999976353"/>
    <testcase classname="ds.var_math_positive_result_single" name="variance_0" time="0.704000000000178"/>
    <testcase classname="ds.var_math_positive_result_single" name="variance_0" time="0.00199999999995271"/>
    <testcase classname="ds.var_math_positive_result_single" name="variance_0" time="0.000999999999976353"/>
    <testcase classname="ds.var_math_positive_result_single" name="variance_0" time="0.704999999999927"/>
    <testcase classname="ds.var_math_positive_result_single" name="variance_0" time="0.000999999999976353"/>
    <testcase classname="ds.var_math_positive_result_single" name="variance_0" time="0.00200000000018008"/>
    <testcase classname="ds.var_math_positive_result_single" name="variance_0" time="0.704999999999927"/>
    <testcase classname="ds.var_math_positive_result_single" name="variance_0" time="0.00199999999995271"/>
    <testcase classname="ds.var_math_positive_result_single" name="variance_0" time="0.00199999999995271"/>
    <testcase classname="ds.var_math_positive_result_single" name="variance_0" time="0.70900000000006"/>
    <testcase classname="ds.var_math_positive_result_single" name="variance_0" time="0.00199999999995271"/>
    <testcase classname="ds.var_math_positive_result_single" name="variance_0" time="0.00199999999995271"/>
    <testcase classname="ds.var_math_positive_result_single" name="variance_0" time="0.711000000000013"/>
    <testcase classname="ds.var_math_positive_result_single" name="variance_0" time="0.00200000000018008"/>
    <testcase classname="ds.var_math_positive_result_single" name="variance_0" time="0.000999999999976353"/>
  </testsuite>
  <testsuite errors="0" failures="0" hostname="fv-az14" name="ds.var::math::square_root_std::single" skipped="0" tests="8" time="5.303" timestamp="2020-10-27T20:42:42Z">
    <testcase classname="ds.var_math_square_root_std_single" name="variance_is_to_the_power_of_2_of_the_standard_deviation" time="3.61599999999999"/>
    <testcase classname="ds.var_math_square_root_std_single" name="variance_is_to_the_power_of_2_of_the_standard_deviation" time="0.243999999999915"/>
    <testcase classname="ds.var_math_square_root_std_single" name="variance_is_to_the_power_of_2_of_the_standard_deviation" time="0.244000000000142"/>
    <testcase classname="ds.var_math_square_root_std_single" name="variance_is_to_the_power_of_2_of_the_standard_deviation" time="0.240999999999985"/>
    <testcase classname="ds.var_math_square_root_std_single" name="variance_is_to_the_power_of_2_of_the_standard_deviation" time="0.240999999999985"/>
    <testcase classname="ds.var_math_square_root_std_single" name="variance_is_to_the_power_of_2_of_the_standard_deviation" time="0.239000000000033"/>
    <testcase classname="ds.var_math_square_root_std_single" name="variance_is_to_the_power_of_2_of_the_standard_deviation" time="0.239999999999782"/>
    <testcase classname="ds.var_math_square_root_std_single" name="variance_is_to_the_power_of_2_of_the_standard_deviation" time="0.238000000000056"/>
  </testsuite>
  <testsuite errors="0" failures="0" hostname="fv-az14" name="ds.var::math::square_root_std::multiple" skipped="0" tests="32" time="9.129" timestamp="2020-10-27T20:42:47Z">
    <testcase classname="ds.var_math_square_root_std_multiple" name="variance_is_to_the_power_of_2_of_the_standard_deviation" time="4.97500000000014"/>
    <testcase classname="ds.var_math_square_root_std_multiple" name="variance_is_to_the_power_of_2_of_the_standard_deviation" time="0.273999999999887"/>
    <testcase classname="ds.var_math_square_root_std_multiple" name="variance_is_to_the_power_of_2_of_the_standard_deviation" time="0.271999999999935"/>
    <testcase classname="ds.var_math_square_root_std_multiple" name="variance_is_to_the_power_of_2_of_the_standard_deviation" time="0.282000000000153"/>
    <testcase classname="ds.var_math_square_root_std_multiple" name="variance_is_to_the_power_of_2_of_the_standard_deviation" time="0.280999999999949"/>
    <testcase classname="ds.var_math_square_root_std_multiple" name="variance_is_to_the_power_of_2_of_the_standard_deviation" time="0.271999999999935"/>
    <testcase classname="ds.var_math_square_root_std_multiple" name="variance_is_to_the_power_of_2_of_the_standard_deviation" time="0.276000000000067"/>
    <testcase classname="ds.var_math_square_root_std_multiple" name="variance_is_to_the_power_of_2_of_the_standard_deviation" time="0.275000000000091"/>
    <testcase classname="ds.var_math_square_root_std_multiple" name="variance_is_to_the_power_of_2_of_the_standard_deviation" time="0.282999999999902"/>
    <testcase classname="ds.var_math_square_root_std_multiple" name="variance_is_to_the_power_of_2_of_the_standard_deviation" time="0.00199999999995271"/>
    <testcase classname="ds.var_math_square_root_std_multiple" name="variance_is_to_the_power_of_2_of_the_standard_deviation" time="0.000999999999976353"/>
    <testcase classname="ds.var_math_square_root_std_multiple" name="variance_is_to_the_power_of_2_of_the_standard_deviation" time="0.275000000000091"/>
    <testcase classname="ds.var_math_square_root_std_multiple" name="variance_is_to_the_power_of_2_of_the_standard_deviation" time="0.00199999999995271"/>
    <testcase classname="ds.var_math_square_root_std_multiple" name="variance_is_to_the_power_of_2_of_the_standard_deviation" time="0.00199999999995271"/>
    <testcase classname="ds.var_math_square_root_std_multiple" name="variance_is_to_the_power_of_2_of_the_standard_deviation" time="0.272000000000162"/>
    <testcase classname="ds.var_math_square_root_std_multiple" name="variance_is_to_the_power_of_2_of_the_standard_deviation" time="0.000999999999976353"/>
    <testcase classname="ds.var_math_square_root_std_multiple" name="variance_is_to_the_power_of_2_of_the_standard_deviation" time="0.00199999999995271"/>
    <testcase classname="ds.var_math_square_root_std_multiple" name="variance_is_to_the_power_of_2_of_the_standard_deviation" time="0.276000000000067"/>
    <testcase classname="ds.var_math_square_root_std_multiple" name="variance_is_to_the_power_of_2_of_the_standard_deviation" time="0.00199999999995271"/>
    <testcase classname="ds.var_math_square_root_std_multiple" name="variance_is_to_the_power_of_2_of_the_standard_deviation" time="0.00199999999995271"/>
    <testcase classname="ds.var_math_square_root_std_multiple" name="variance_is_to_the_power_of_2_of_the_standard_deviation" time="0.269999999999982"/>
    <testcase classname="ds.var_math_square_root_std_multiple" name="variance_is_to_the_power_of_2_of_the_standard_deviation" time="0.00199999999995271"/>
    <testcase classname="ds.var_math_square_root_std_multiple" name="variance_is_to_the_power_of_2_of_the_standard_deviation" time="0.00100000000020373"/>
    <testcase classname="ds.var_math_square_root_std_multiple" name="variance_is_to_the_power_of_2_of_the_standard_deviation" time="0.276999999999816"/>
    <testcase classname="ds.var_math_square_root_std_multiple" name="variance_is_to_the_power_of_2_of_the_standard_deviation" time="0.00200000000018008"/>
    <testcase classname="ds.var_math_square_root_std_multiple" name="variance_is_to_the_power_of_2_of_the_standard_deviation" time="0.00199999999995271"/>
    <testcase classname="ds.var_math_square_root_std_multiple" name="variance_is_to_the_power_of_2_of_the_standard_deviation" time="0.272999999999911"/>
    <testcase classname="ds.var_math_square_root_std_multiple" name="variance_is_to_the_power_of_2_of_the_standard_deviation" time="0.00199999999995271"/>
    <testcase classname="ds.var_math_square_root_std_multiple" name="variance_is_to_the_power_of_2_of_the_standard_deviation" time="0.000999999999976353"/>
    <testcase classname="ds.var_math_square_root_std_multiple" name="variance_is_to_the_power_of_2_of_the_standard_deviation" time="0.269000000000005"/>
    <testcase classname="ds.var_math_square_root_std_multiple" name="variance_is_to_the_power_of_2_of_the_standard_deviation" time="0.00200000000018008"/>
    <testcase classname="ds.var_math_square_root_std_multiple" name="variance_is_to_the_power_of_2_of_the_standard_deviation" time="0.000999999999976353"/>
  </testsuite>
  <testsuite errors="0" failures="0" hostname="fv-az14" name="ds.var::math::location::parameter::single" skipped="0" tests="8" time="20.596" timestamp="2020-10-27T20:42:56Z">
    <testcase classname="ds.var_math_location_parameter_single" name="var_X_a_Var_X_" time="5.71100000000001"/>
    <testcase classname="ds.var_math_location_parameter_single" name="var_X_a_Var_X_" time="2.12799999999993"/>
    <testcase classname="ds.var_math_location_parameter_single" name="var_X_a_Var_X_" time="2.13499999999999"/>
    <testcase classname="ds.var_math_location_parameter_single" name="var_X_a_Var_X_" time="2.13000000000011"/>
    <testcase classname="ds.var_math_location_parameter_single" name="var_X_a_Var_X_" time="2.11899999999991"/>
    <testcase classname="ds.var_math_location_parameter_single" name="var_X_a_Var_X_" time="2.12000000000012"/>
    <testcase classname="ds.var_math_location_parameter_single" name="var_X_a_Var_X_" time="2.12799999999993"/>
    <testcase classname="ds.var_math_location_parameter_single" name="var_X_a_Var_X_" time="2.125"/>
  </testsuite>
  <testsuite errors="0" failures="0" hostname="fv-az14" name="ds.var::math::location::parameter::multiple" skipped="0" tests="8" time="30.776" timestamp="2020-10-27T20:43:17Z">
    <testcase classname="ds.var_math_location_parameter_multiple" name="var_X_a_Var_X_" time="7.96699999999987"/>
    <testcase classname="ds.var_math_location_parameter_multiple" name="var_X_a_Var_X_" time="3.2650000000001"/>
    <testcase classname="ds.var_math_location_parameter_multiple" name="var_X_a_Var_X_" time="3.25"/>
    <testcase classname="ds.var_math_location_parameter_multiple" name="var_X_a_Var_X_" time="3.25099999999998"/>
    <testcase classname="ds.var_math_location_parameter_multiple" name="var_X_a_Var_X_" time="3.27099999999996"/>
    <testcase classname="ds.var_math_location_parameter_multiple" name="var_X_a_Var_X_" time="3.25199999999995"/>
    <testcase classname="ds.var_math_location_parameter_multiple" name="var_X_a_Var_X_" time="3.25700000000006"/>
    <testcase classname="ds.var_math_location_parameter_multiple" name="var_X_a_Var_X_" time="3.26300000000015"/>
  </testsuite>
  <testsuite errors="0" failures="0" hostname="fv-az14" name="ds.var::math::scale::single" skipped="0" tests="8" time="20.671" timestamp="2020-10-27T20:43:47Z">
    <testcase classname="ds.var_math_scale_single" name="var_aX_a_2Var_X_" time="5.74299999999994"/>
    <testcase classname="ds.var_math_scale_single" name="var_aX_a_2Var_X_" time="2.12300000000005"/>
    <testcase classname="ds.var_math_scale_single" name="var_aX_a_2Var_X_" time="2.14999999999986"/>
    <testcase classname="ds.var_math_scale_single" name="var_aX_a_2Var_X_" time="2.12699999999995"/>
    <testcase classname="ds.var_math_scale_single" name="var_aX_a_2Var_X_" time="2.12100000000009"/>
    <testcase classname="ds.var_math_scale_single" name="var_aX_a_2Var_X_" time="2.13400000000001"/>
    <testcase classname="ds.var_math_scale_single" name="var_aX_a_2Var_X_" time="2.15000000000009"/>
    <testcase classname="ds.var_math_scale_single" name="var_aX_a_2Var_X_" time="2.12299999999982"/>
  </testsuite>
  <testsuite errors="0" failures="0" hostname="fv-az14" name="ds.var::math::scale::multiple" skipped="0" tests="8" time="30.903" timestamp="2020-10-27T20:44:08Z">
    <testcase classname="ds.var_math_scale_multiple" name="var_aX_a_2Var_X_" time="8.02200000000016"/>
    <testcase classname="ds.var_math_scale_multiple" name="var_aX_a_2Var_X_" time="3.28099999999995"/>
    <testcase classname="ds.var_math_scale_multiple" name="var_aX_a_2Var_X_" time="3.26600000000008"/>
    <testcase classname="ds.var_math_scale_multiple" name="var_aX_a_2Var_X_" time="3.2489999999998"/>
    <testcase classname="ds.var_math_scale_multiple" name="var_aX_a_2Var_X_" time="3.2650000000001"/>
    <testcase classname="ds.var_math_scale_multiple" name="var_aX_a_2Var_X_" time="3.25999999999999"/>
    <testcase classname="ds.var_math_scale_multiple" name="var_aX_a_2Var_X_" time="3.2940000000001"/>
    <testcase classname="ds.var_math_scale_multiple" name="var_aX_a_2Var_X_" time="3.26599999999985"/>
  </testsuite>
  <testsuite errors="0" failures="0" hostname="fv-az14" name="checkClass::smk::discordant::setup" skipped="0" tests="3" time="4.988" timestamp="2020-10-27T20:44:39Z">
    <testcase classname="checkClass_smk_discordant_setup" name="setup" time="4.98500000000013"/>
    <testcase classname="checkClass_smk_discordant_setup" name="setup" time="0.000999999999976353"/>
    <testcase classname="checkClass_smk_discordant_setup" name="setup" time="0.00199999999995271"/>
  </testsuite>
  <testsuite errors="0" failures="0" hostname="fv-az14" name="checkClass::smk::discordant" skipped="0" tests="3" time="2.074" timestamp="2020-10-27T20:44:44Z">
    <testcase classname="checkClass_smk_discordant" name="simple_test_discordant_dataset_A" time="0.69399999999996"/>
    <testcase classname="checkClass_smk_discordant" name="simple_test_discordant_dataset_B" time="0.689000000000078"/>
    <testcase classname="checkClass_smk_discordant" name="simple_test_discordant_dataset_C" time="0.691000000000031"/>
  </testsuite>
  <testsuite errors="0" failures="0" hostname="fv-az14" name="checkClass::smk::discordant::shutdown" skipped="0" tests="3" time="0.28" timestamp="2020-10-27T20:44:46Z">
    <testcase classname="checkClass_smk_discordant_shutdown" name="shutdown" time="0.277000000000044"/>
    <testcase classname="checkClass_smk_discordant_shutdown" name="shutdown" time="0.00199999999995271"/>
    <testcase classname="checkClass_smk_discordant_shutdown" name="shutdown" time="0.000999999999976353"/>
  </testsuite>
  <testsuite errors="0" failures="0" hostname="fv-az14" name="checkClass::smk::discordant::done" skipped="0" tests="0" time="0" timestamp="2020-10-27T20:44:47Z"/>
  <testsuite errors="0" failures="0" hostname="fv-az14" name="checkClass::smk::setup" skipped="0" tests="3" time="5.37" timestamp="2020-10-27T20:44:47Z">
    <testcase classname="checkClass_smk_setup" name="setup" time="5.36699999999996"/>
    <testcase classname="checkClass_smk_setup" name="setup" time="0.00199999999995271"/>
    <testcase classname="checkClass_smk_setup" name="setup" time="0.000999999999976353"/>
  </testsuite>
  <testsuite errors="0" failures="0" hostname="fv-az14" name="checkClass::smk::simple test" skipped="0" tests="24" time="8.203" timestamp="2020-10-27T20:44:52Z">
    <testcase classname="checkClass_smk_simple_test" name="simple_test" time="0.690000000000055"/>
    <testcase classname="checkClass_smk_simple_test" name="simple_test" time="0.000999999999976353"/>
    <testcase classname="checkClass_smk_simple_test" name="simple_test" time="0.00199999999995271"/>
    <testcase classname="checkClass_smk_simple_test" name="simple_test" time="0.685000000000173"/>
    <testcase classname="checkClass_smk_simple_test" name="simple_test" time="0.000999999999976353"/>
    <testcase classname="checkClass_smk_simple_test" name="simple_test" time="0.00199999999995271"/>
    <testcase classname="checkClass_smk_simple_test" name="simple_test" time="0.684999999999945"/>
    <testcase classname="checkClass_smk_simple_test" name="simple_test" time="0.000999999999976353"/>
    <testcase classname="checkClass_smk_simple_test" name="simple_test" time="0.00199999999995271"/>
    <testcase classname="checkClass_smk_simple_test" name="simple_test" time="0.684000000000196"/>
    <testcase classname="checkClass_smk_simple_test" name="simple_test" time="0.00199999999995271"/>
    <testcase classname="checkClass_smk_simple_test" name="simple_test" time="0.000999999999976353"/>
    <testcase classname="checkClass_smk_simple_test" name="simple_test" time="0.685999999999922"/>
    <testcase classname="checkClass_smk_simple_test" name="simple_test" time="0.00199999999995271"/>
    <testcase classname="checkClass_smk_simple_test" name="simple_test" time="0.00200000000018008"/>
    <testcase classname="checkClass_smk_simple_test" name="simple_test" time="0.684999999999945"/>
    <testcase classname="checkClass_smk_simple_test" name="simple_test" time="0.000999999999976353"/>
    <testcase classname="checkClass_smk_simple_test" name="simple_test" time="0.000999999999976353"/>
    <testcase classname="checkClass_smk_simple_test" name="data.frame_test" time="3.38300000000004"/>
    <testcase classname="checkClass_smk_simple_test" name="data.frame_test" time="0.00199999999995271"/>
    <testcase classname="checkClass_smk_simple_test" name="data.frame_test" time="0.00100000000020373"/>
    <testcase classname="checkClass_smk_simple_test" name="missing_test" time="0.679999999999836"/>
    <testcase classname="checkClass_smk_simple_test" name="missing_test" time="0.00199999999995271"/>
    <testcase classname="checkClass_smk_simple_test" name="missing_test" time="0.00200000000018008"/>
  </testsuite>
  <testsuite errors="0" failures="0" hostname="fv-az14" name="checkClass::smk::shutdown" skipped="0" tests="3" time="0.29" timestamp="2020-10-27T20:45:00Z">
    <testcase classname="checkClass_smk_shutdown" name="shutdown" time="0.286999999999807"/>
    <testcase classname="checkClass_smk_shutdown" name="shutdown" time="0.00100000000020373"/>
    <testcase classname="checkClass_smk_shutdown" name="shutdown" time="0.00199999999995271"/>
  </testsuite>
  <testsuite errors="0" failures="0" hostname="fv-az14" name="checkClass::smk::done" skipped="0" tests="0" time="0" timestamp="2020-10-27T20:45:01Z"/>
  <testsuite errors="0" failures="0" hostname="fv-az14" name="ds.abs::smk::setup" skipped="0" tests="3" time="5.404" timestamp="2020-10-27T20:45:01Z">
    <testcase classname="ds.abs_smk_setup" name="setup" time="5.40200000000004"/>
    <testcase classname="ds.abs_smk_setup" name="setup" time="0.000999999999976353"/>
    <testcase classname="ds.abs_smk_setup" name="setup" time="0.000999999999976353"/>
  </testsuite>
  <testsuite errors="0" failures="0" hostname="fv-az14" name="ds.abs::smk" skipped="0" tests="10" time="2.333" timestamp="2020-10-27T20:45:06Z">
    <testcase classname="ds.abs_smk" name="simple_c" time="1.50700000000006"/>
    <testcase classname="ds.abs_smk" name="simple_c" time="0.270999999999958"/>
    <testcase classname="ds.abs_smk" name="simple_c" time="0.00199999999995271"/>
    <testcase classname="ds.abs_smk" name="simple_c" time="0.000999999999976353"/>
    <testcase classname="ds.abs_smk" name="simple_c" time="0.00199999999995271"/>
    <testcase classname="ds.abs_smk" name="simple_c" time="0.00199999999995271"/>
    <testcase classname="ds.abs_smk" name="simple_c" time="0.54300000000012"/>
    <testcase classname="ds.abs_smk" name="simple_c" time="0.00199999999995271"/>
    <testcase classname="ds.abs_smk" name="simple_c" time="0.000999999999976353"/>
    <testcase classname="ds.abs_smk" name="simple_c" time="0.00199999999995271"/>
  </testsuite>
  <testsuite errors="0" failures="0" hostname="fv-az14" name="ds.abs::smk::shutdown" skipped="0" tests="3" time="0.284" timestamp="2020-10-27T20:45:08Z">
    <testcase classname="ds.abs_smk_shutdown" name="setup" time="0.281000000000176"/>
    <testcase classname="ds.abs_smk_shutdown" name="setup" time="0.00199999999995271"/>
    <testcase classname="ds.abs_smk_shutdown" name="setup" time="0.000999999999976353"/>
  </testsuite>
  <testsuite errors="0" failures="0" hostname="fv-az14" name="ds.abs::smk::done" skipped="0" tests="0" time="0" timestamp="2020-10-27T20:45:09Z"/>
  <testsuite errors="0" failures="0" hostname="fv-az14" name="ds.asCharacter::smk::setup" skipped="0" tests="3" time="5.409" timestamp="2020-10-27T20:45:09Z">
    <testcase classname="ds.asCharacter_smk_setup" name="setup" time="5.40699999999993"/>
    <testcase classname="ds.asCharacter_smk_setup" name="setup" time="0.000999999999976353"/>
    <testcase classname="ds.asCharacter_smk_setup" name="setup" time="0.00100000000020373"/>
  </testsuite>
  <testsuite errors="0" failures="0" hostname="fv-az14" name="ds.asCharacter::smk::simple test" skipped="0" tests="3" time="0.816" timestamp="2020-10-27T20:45:14Z">
    <testcase classname="ds.asCharacter_smk_simple_test" name="simple_test" time="0.812999999999874"/>
    <testcase classname="ds.asCharacter_smk_simple_test" name="simple_test" time="0.000999999999976353"/>
    <testcase classname="ds.asCharacter_smk_simple_test" name="simple_test" time="0.00199999999995271"/>
  </testsuite>
  <testsuite errors="0" failures="0" hostname="fv-az14" name="ds.asCharacter::smk::stutdown" skipped="0" tests="3" time="0.283" timestamp="2020-10-27T20:45:15Z">
    <testcase classname="ds.asCharacter_smk_stutdown" name="setup" time="0.281000000000176"/>
    <testcase classname="ds.asCharacter_smk_stutdown" name="setup" time="0.000999999999976353"/>
    <testcase classname="ds.asCharacter_smk_stutdown" name="setup" time="0.000999999999976353"/>
  </testsuite>
  <testsuite errors="0" failures="0" hostname="fv-az14" name="ds.asCharacter::smk::done" skipped="0" tests="0" time="0" timestamp="2020-10-27T20:45:15Z"/>
  <testsuite errors="0" failures="0" hostname="fv-az14" name="ds.asDataMatrix::smk::setup" skipped="0" tests="3" time="5.354" timestamp="2020-10-27T20:45:15Z">
    <testcase classname="ds.asDataMatrix_smk_setup" name="setup" time="5.35199999999986"/>
    <testcase classname="ds.asDataMatrix_smk_setup" name="setup" time="0.00100000000020373"/>
    <testcase classname="ds.asDataMatrix_smk_setup" name="setup" time="0.000999999999976353"/>
  </testsuite>
  <testsuite errors="0" failures="0" hostname="fv-az14" name="ds.asDataMatrix::smk::simple test" skipped="0" tests="3" time="0.869" timestamp="2020-10-27T20:45:20Z">
    <testcase classname="ds.asDataMatrix_smk_simple_test" name="simple_test" time="0.865999999999985"/>
    <testcase classname="ds.asDataMatrix_smk_simple_test" name="simple_test" time="0.00199999999995271"/>
    <testcase classname="ds.asDataMatrix_smk_simple_test" name="simple_test" time="0.000999999999976353"/>
  </testsuite>
  <testsuite errors="0" failures="0" hostname="fv-az14" name="ds.asDataMatrix::smk::shutdown" skipped="0" tests="3" time="0.284" timestamp="2020-10-27T20:45:21Z">
    <testcase classname="ds.asDataMatrix_smk_shutdown" name="shutdown" time="0.280999999999949"/>
    <testcase classname="ds.asDataMatrix_smk_shutdown" name="shutdown" time="0.00199999999995271"/>
    <testcase classname="ds.asDataMatrix_smk_shutdown" name="shutdown" time="0.00100000000020373"/>
  </testsuite>
  <testsuite errors="0" failures="0" hostname="fv-az14" name="ds.asDataMatrix::smk::done" skipped="0" tests="0" time="0" timestamp="2020-10-27T20:45:22Z"/>
  <testsuite errors="0" failures="0" hostname="fv-az14" name="ds.asFactor::smk::setup" skipped="0" tests="3" time="5.392" timestamp="2020-10-27T20:45:22Z">
    <testcase classname="ds.asFactor_smk_setup" name="setup" time="5.3889999999999"/>
    <testcase classname="ds.asFactor_smk_setup" name="setup" time="0.00199999999995271"/>
    <testcase classname="ds.asFactor_smk_setup" name="setup" time="0.000999999999976353"/>
  </testsuite>
  <testsuite errors="0" failures="0" hostname="fv-az14" name="ds.asFactor::smk::force.factor.levels" skipped="0" tests="25" time="13.877" timestamp="2020-10-27T20:45:28Z">
    <testcase classname="ds.asFactor_smk_force.factor.levels" name="with_no_force.factor.levels" time="2.21299999999997"/>
    <testcase classname="ds.asFactor_smk_force.factor.levels" name="with_no_force.factor.levels" time="1.23800000000006"/>
    <testcase classname="ds.asFactor_smk_force.factor.levels" name="with_no_force.factor.levels" time="0.00199999999995271"/>
    <testcase classname="ds.asFactor_smk_force.factor.levels" name="with_no_force.factor.levels" time="0.00100000000020373"/>
    <testcase classname="ds.asFactor_smk_force.factor.levels" name="with_no_force.factor.levels" time="0.000999999999976353"/>
    <testcase classname="ds.asFactor_smk_force.factor.levels" name="with_forced.factor.levels_of_1_6" time="1.375"/>
    <testcase classname="ds.asFactor_smk_force.factor.levels" name="with_forced.factor.levels_of_1_6" time="1.23299999999995"/>
    <testcase classname="ds.asFactor_smk_force.factor.levels" name="with_forced.factor.levels_of_1_6" time="0.00199999999995271"/>
    <testcase classname="ds.asFactor_smk_force.factor.levels" name="with_forced.factor.levels_of_1_6" time="0.000999999999976353"/>
    <testcase classname="ds.asFactor_smk_force.factor.levels" name="with_forced.factor.levels_of_1_6" time="0.000999999999976353"/>
    <testcase classname="ds.asFactor_smk_force.factor.levels" name="with_force.factor.levels_of_0_10" time="1.36800000000017"/>
    <testcase classname="ds.asFactor_smk_force.factor.levels" name="with_force.factor.levels_of_0_10" time="1.22499999999991"/>
    <testcase classname="ds.asFactor_smk_force.factor.levels" name="with_force.factor.levels_of_0_10" time="0.00199999999995271"/>
    <testcase classname="ds.asFactor_smk_force.factor.levels" name="with_force.factor.levels_of_0_10" time="0.000999999999976353"/>
    <testcase classname="ds.asFactor_smk_force.factor.levels" name="with_force.factor.levels_of_0_10" time="0.00199999999995271"/>
    <testcase classname="ds.asFactor_smk_force.factor.levels" name="with_force.factor.levels_of_2_3" time="1.36400000000003"/>
    <testcase classname="ds.asFactor_smk_force.factor.levels" name="with_force.factor.levels_of_2_3" time="1.25099999999998"/>
    <testcase classname="ds.asFactor_smk_force.factor.levels" name="with_force.factor.levels_of_2_3" time="0.00200000000018008"/>
    <testcase classname="ds.asFactor_smk_force.factor.levels" name="with_force.factor.levels_of_2_3" time="0.000999999999976353"/>
    <testcase classname="ds.asFactor_smk_force.factor.levels" name="with_force.factor.levels_of_2_3" time="0.00199999999995271"/>
    <testcase classname="ds.asFactor_smk_force.factor.levels" name="with_force.factor.levels_of_c_1_2_3_4_a_h_5_" time="1.36400000000003"/>
    <testcase classname="ds.asFactor_smk_force.factor.levels" name="with_force.factor.levels_of_c_1_2_3_4_a_h_5_" time="1.22199999999998"/>
    <testcase classname="ds.asFactor_smk_force.factor.levels" name="with_force.factor.levels_of_c_1_2_3_4_a_h_5_" time="0.00199999999995271"/>
    <testcase classname="ds.asFactor_smk_force.factor.levels" name="with_force.factor.levels_of_c_1_2_3_4_a_h_5_" time="0.00199999999995271"/>
    <testcase classname="ds.asFactor_smk_force.factor.levels" name="with_force.factor.levels_of_c_1_2_3_4_a_h_5_" time="0.00200000000018008"/>
  </testsuite>
  <testsuite errors="0" failures="0" hostname="fv-az14" name="ds.asFactor::smk::fixed.dummy.vars" skipped="0" tests="6" time="2.735" timestamp="2020-10-27T20:45:41Z">
    <testcase classname="ds.asFactor_smk_fixed.dummy.vars" name="with_fixed.dummy.vars_of_TRUE" time="1.35299999999984"/>
    <testcase classname="ds.asFactor_smk_fixed.dummy.vars" name="with_fixed.dummy.vars_of_TRUE" time="0.000999999999976353"/>
    <testcase classname="ds.asFactor_smk_fixed.dummy.vars" name="with_fixed.dummy.vars_of_TRUE" time="0.00200000000018008"/>
    <testcase classname="ds.asFactor_smk_fixed.dummy.vars" name="with_fixed.dummy.vars_of_TRUE_and_baseline.level_of_6" time="1.37699999999995"/>
    <testcase classname="ds.asFactor_smk_fixed.dummy.vars" name="with_fixed.dummy.vars_of_TRUE_and_baseline.level_of_6" time="0.000999999999976353"/>
    <testcase classname="ds.asFactor_smk_fixed.dummy.vars" name="with_fixed.dummy.vars_of_TRUE_and_baseline.level_of_6" time="0.000999999999976353"/>
  </testsuite>
  <testsuite errors="0" failures="0" hostname="fv-az14" name="ds.asFactor::smk::shutdown" skipped="0" tests="3" time="0.28" timestamp="2020-10-27T20:45:43Z">
    <testcase classname="ds.asFactor_smk_shutdown" name="shutdown" time="0.277000000000044"/>
    <testcase classname="ds.asFactor_smk_shutdown" name="shutdown" time="0.000999999999976353"/>
    <testcase classname="ds.asFactor_smk_shutdown" name="shutdown" time="0.00199999999995271"/>
  </testsuite>
  <testsuite errors="0" failures="0" hostname="fv-az14" name="ds.asFactor::smk::done" skipped="0" tests="0" time="0" timestamp="2020-10-27T20:45:44Z"/>
  <testsuite errors="0" failures="0" hostname="fv-az14" name="ds.asInteger::smk::setup" skipped="0" tests="3" time="5.382" timestamp="2020-10-27T20:45:44Z">
    <testcase classname="ds.asInteger_smk_setup" name="setup" time="5.37899999999991"/>
    <testcase classname="ds.asInteger_smk_setup" name="setup" time="0.00200000000018008"/>
    <testcase classname="ds.asInteger_smk_setup" name="setup" time="0.000999999999976353"/>
  </testsuite>
  <testsuite errors="0" failures="0" hostname="fv-az14" name="ds.asInteger::smk::simple test" skipped="0" tests="3" time="0.874" timestamp="2020-10-27T20:45:49Z">
    <testcase classname="ds.asInteger_smk_simple_test" name="simple_test" time="0.869999999999891"/>
    <testcase classname="ds.asInteger_smk_simple_test" name="simple_test" time="0.00199999999995271"/>
    <testcase classname="ds.asInteger_smk_simple_test" name="simple_test" time="0.00200000000018008"/>
  </testsuite>
  <testsuite errors="0" failures="0" hostname="fv-az14" name="ds.asInteger::smk::stutdown" skipped="0" tests="3" time="0.284" timestamp="2020-10-27T20:45:50Z">
    <testcase classname="ds.asInteger_smk_stutdown" name="stutdown" time="0.280999999999949"/>
    <testcase classname="ds.asInteger_smk_stutdown" name="stutdown" time="0.00199999999995271"/>
    <testcase classname="ds.asInteger_smk_stutdown" name="stutdown" time="0.000999999999976353"/>
  </testsuite>
  <testsuite errors="0" failures="0" hostname="fv-az14" name="ds.asInteger::smk::done" skipped="0" tests="0" time="0" timestamp="2020-10-27T20:45:51Z"/>
  <testsuite errors="0" failures="0" hostname="fv-az14" name="ds.asList::smk::setup" skipped="0" tests="3" time="5.378" timestamp="2020-10-27T20:45:51Z">
    <testcase classname="ds.asList_smk_setup" name="setup" time="5.37599999999998"/>
    <testcase classname="ds.asList_smk_setup" name="setup" time="0.000999999999976353"/>
    <testcase classname="ds.asList_smk_setup" name="setup" time="0.00100000000020373"/>
  </testsuite>
  <testsuite errors="0" failures="0" hostname="fv-az14" name="ds.asList::smk::simple test" skipped="0" tests="10" time="0.308" timestamp="2020-10-27T20:45:56Z">
    <testcase classname="ds.asList_smk_simple_test" name="simple_test" time="0.295999999999822"/>
    <testcase classname="ds.asList_smk_simple_test" name="simple_test" time="0.000999999999976353"/>
    <testcase classname="ds.asList_smk_simple_test" name="simple_test" time="0.00200000000018008"/>
    <testcase classname="ds.asList_smk_simple_test" name="simple_test" time="0.000999999999976353"/>
    <testcase classname="ds.asList_smk_simple_test" name="simple_test" time="0.000999999999976353"/>
    <testcase classname="ds.asList_smk_simple_test" name="simple_test" time="0.00199999999995271"/>
    <testcase classname="ds.asList_smk_simple_test" name="simple_test" time="0.000999999999976353"/>
    <testcase classname="ds.asList_smk_simple_test" name="simple_test" time="0.000999999999976353"/>
    <testcase classname="ds.asList_smk_simple_test" name="simple_test" time="0.00199999999995271"/>
    <testcase classname="ds.asList_smk_simple_test" name="simple_test" time="0.00100000000020373"/>
  </testsuite>
  <testsuite errors="0" failures="0" hostname="fv-az14" name="ds.asList::smk::shutdown" skipped="0" tests="3" time="0.286" timestamp="2020-10-27T20:45:56Z">
    <testcase classname="ds.asList_smk_shutdown" name="stutdown" time="0.282999999999902"/>
    <testcase classname="ds.asList_smk_shutdown" name="stutdown" time="0.00199999999995271"/>
    <testcase classname="ds.asList_smk_shutdown" name="stutdown" time="0.000999999999976353"/>
  </testsuite>
  <testsuite errors="0" failures="0" hostname="fv-az14" name="ds.asList::smk::done" skipped="0" tests="0" time="0" timestamp="2020-10-27T20:45:57Z"/>
  <testsuite errors="0" failures="0" hostname="fv-az14" name="ds.asLogical::smk::setup" skipped="0" tests="3" time="5.358" timestamp="2020-10-27T20:45:57Z">
    <testcase classname="ds.asLogical_smk_setup" name="setup" time="5.35400000000004"/>
    <testcase classname="ds.asLogical_smk_setup" name="setup" time="0.00199999999995271"/>
    <testcase classname="ds.asLogical_smk_setup" name="setup" time="0.00200000000018008"/>
  </testsuite>
  <testsuite errors="0" failures="0" hostname="fv-az14" name="ds.asLogical::smk::simple test" skipped="0" tests="3" time="0.876" timestamp="2020-10-27T20:46:01Z">
    <testcase classname="ds.asLogical_smk_simple_test" name="simple_test" time="0.87299999999982"/>
    <testcase classname="ds.asLogical_smk_simple_test" name="simple_test" time="0.00200000000018008"/>
    <testcase classname="ds.asLogical_smk_simple_test" name="simple_test" time="0.000999999999976353"/>
  </testsuite>
  <testsuite errors="0" failures="0" hostname="fv-az14" name="ds.asLogical::smk::shutdown" skipped="0" tests="3" time="0.289" timestamp="2020-10-27T20:46:02Z">
    <testcase classname="ds.asLogical_smk_shutdown" name="shutdown" time="0.286000000000058"/>
    <testcase classname="ds.asLogical_smk_shutdown" name="shutdown" time="0.000999999999976353"/>
    <testcase classname="ds.asLogical_smk_shutdown" name="shutdown" time="0.00199999999995271"/>
  </testsuite>
  <testsuite errors="0" failures="0" hostname="fv-az14" name="ds.asLogical::smk::done" skipped="0" tests="0" time="0" timestamp="2020-10-27T20:46:03Z"/>
  <testsuite errors="0" failures="0" hostname="fv-az14" name="ds.asMatrix::smk::setup" skipped="0" tests="3" time="5.36" timestamp="2020-10-27T20:46:03Z">
    <testcase classname="ds.asMatrix_smk_setup" name="setup" time="5.35699999999997"/>
    <testcase classname="ds.asMatrix_smk_setup" name="setup" time="0.00199999999995271"/>
    <testcase classname="ds.asMatrix_smk_setup" name="setup" time="0.000999999999976353"/>
  </testsuite>
  <testsuite errors="0" failures="0" hostname="fv-az14" name="ds.asMatrix::smk::simple test" skipped="0" tests="3" time="0.827" timestamp="2020-10-27T20:46:08Z">
    <testcase classname="ds.asMatrix_smk_simple_test" name="simple_test" time="0.824000000000069"/>
    <testcase classname="ds.asMatrix_smk_simple_test" name="simple_test" time="0.000999999999976353"/>
    <testcase classname="ds.asMatrix_smk_simple_test" name="simple_test" time="0.00199999999995271"/>
  </testsuite>
  <testsuite errors="0" failures="0" hostname="fv-az14" name="ds.asMatrix::smk::shutdown" skipped="0" tests="3" time="0.281" timestamp="2020-10-27T20:46:09Z">
    <testcase classname="ds.asMatrix_smk_shutdown" name="shutdown" time="0.278999999999996"/>
    <testcase classname="ds.asMatrix_smk_shutdown" name="shutdown" time="0.000999999999976353"/>
    <testcase classname="ds.asMatrix_smk_shutdown" name="shutdown" time="0.00100000000020373"/>
  </testsuite>
  <testsuite errors="0" failures="0" hostname="fv-az14" name="ds.asMatrix::smk::done" skipped="0" tests="0" time="0" timestamp="2020-10-27T20:46:10Z"/>
  <testsuite errors="0" failures="0" hostname="fv-az14" name="ds.asNumeric::smk::setup" skipped="0" tests="3" time="5.349" timestamp="2020-10-27T20:46:10Z">
    <testcase classname="ds.asNumeric_smk_setup" name="setup" time="5.34699999999998"/>
    <testcase classname="ds.asNumeric_smk_setup" name="setup" time="0.000999999999976353"/>
    <testcase classname="ds.asNumeric_smk_setup" name="setup" time="0.000999999999976353"/>
  </testsuite>
  <testsuite errors="0" failures="0" hostname="fv-az14" name="ds.asNumeric::smk::simple test" skipped="0" tests="3" time="0.816" timestamp="2020-10-27T20:46:14Z">
    <testcase classname="ds.asNumeric_smk_simple_test" name="simple_test" time="0.813999999999851"/>
    <testcase classname="ds.asNumeric_smk_simple_test" name="simple_test" time="0.00100000000020373"/>
    <testcase classname="ds.asNumeric_smk_simple_test" name="simple_test" time="0.000999999999976353"/>
  </testsuite>
  <testsuite errors="0" failures="0" hostname="fv-az14" name="ds.asNumeric::smk::shutdown" skipped="0" tests="3" time="0.281" timestamp="2020-10-27T20:46:15Z">
    <testcase classname="ds.asNumeric_smk_shutdown" name="shutdown" time="0.27800000000002"/>
    <testcase classname="ds.asNumeric_smk_shutdown" name="shutdown" time="0.000999999999976353"/>
    <testcase classname="ds.asNumeric_smk_shutdown" name="shutdown" time="0.00199999999995271"/>
  </testsuite>
  <testsuite errors="0" failures="0" hostname="fv-az14" name="ds.asNumeric::smk::done" skipped="0" tests="0" time="0" timestamp="2020-10-27T20:46:16Z"/>
  <testsuite errors="0" failures="0" hostname="fv-az14" name="ds.assign::smk::setup" skipped="0" tests="3" time="5.436" timestamp="2020-10-27T20:46:16Z">
    <testcase classname="ds.assign_smk_setup" name="setup" time="5.43299999999999"/>
    <testcase classname="ds.assign_smk_setup" name="setup" time="0.00199999999995271"/>
    <testcase classname="ds.assign_smk_setup" name="setup" time="0.000999999999976353"/>
  </testsuite>
  <testsuite errors="0" failures="0" hostname="fv-az14" name="ds.assign::smk" skipped="0" tests="1" time="0.538" timestamp="2020-10-27T20:46:21Z">
    <testcase classname="ds.assign_smk" name="test_assign" time="0.538000000000011"/>
  </testsuite>
  <testsuite errors="0" failures="0" hostname="fv-az14" name="ds.assign::smk::shutdown" skipped="0" tests="3" time="0.282" timestamp="2020-10-27T20:46:22Z">
    <testcase classname="ds.assign_smk_shutdown" name="shutdown" time="0.279999999999973"/>
    <testcase classname="ds.assign_smk_shutdown" name="shutdown" time="0.000999999999976353"/>
    <testcase classname="ds.assign_smk_shutdown" name="shutdown" time="0.00100000000020373"/>
  </testsuite>
  <testsuite errors="0" failures="0" hostname="fv-az14" name="ds.assign::smk::done" skipped="0" tests="0" time="0" timestamp="2020-10-27T20:46:22Z"/>
  <testsuite errors="0" failures="0" hostname="fv-az14" name="ds.Boole::smk::setup" skipped="0" tests="3" time="5.382" timestamp="2020-10-27T20:46:22Z">
    <testcase classname="ds.Boole_smk_setup" name="setup" time="5.37899999999991"/>
    <testcase classname="ds.Boole_smk_setup" name="setup" time="0.00199999999995271"/>
    <testcase classname="ds.Boole_smk_setup" name="setup" time="0.000999999999976353"/>
  </testsuite>
  <testsuite errors="0" failures="0" hostname="fv-az14" name="ds.Boole::smk" skipped="0" tests="3" time="1.19" timestamp="2020-10-27T20:46:27Z">
    <testcase classname="ds.Boole_smk" name="simple_boole" time="1.18700000000013"/>
    <testcase classname="ds.Boole_smk" name="simple_boole" time="0.00199999999995271"/>
    <testcase classname="ds.Boole_smk" name="simple_boole" time="0.000999999999976353"/>
  </testsuite>
  <testsuite errors="0" failures="0" hostname="fv-az14" name="ds.Boole::smk::shutdown" skipped="0" tests="3" time="0.28" timestamp="2020-10-27T20:46:28Z">
    <testcase classname="ds.Boole_smk_shutdown" name="shutdown" time="0.277000000000044"/>
    <testcase classname="ds.Boole_smk_shutdown" name="shutdown" time="0.000999999999976353"/>
    <testcase classname="ds.Boole_smk_shutdown" name="shutdown" time="0.00199999999995271"/>
  </testsuite>
  <testsuite errors="0" failures="0" hostname="fv-az14" name="ds.Boole::smk::done" skipped="0" tests="0" time="0" timestamp="2020-10-27T20:46:29Z"/>
  <testsuite errors="0" failures="0" hostname="fv-az14" name="ds.cbind::smk::setup" skipped="0" tests="3" time="5.42" timestamp="2020-10-27T20:46:29Z">
    <testcase classname="ds.cbind_smk_setup" name="setup" time="5.41800000000012"/>
    <testcase classname="ds.cbind_smk_setup" name="setup" time="0.000999999999976353"/>
    <testcase classname="ds.cbind_smk_setup" name="setup" time="0.000999999999976353"/>
  </testsuite>
  <testsuite errors="0" failures="0" hostname="fv-az14" name="ds.cbind::smk::from dataframe variables" skipped="0" tests="34" time="6.23" timestamp="2020-10-27T20:46:34Z">
    <testcase classname="ds.cbind_smk_from_dataframe_variables" name="simple_test_from_dataframe_variables" time="4.13999999999987"/>
    <testcase classname="ds.cbind_smk_from_dataframe_variables" name="simple_test_from_dataframe_variables" time="0.00200000000018008"/>
    <testcase classname="ds.cbind_smk_from_dataframe_variables" name="simple_test_from_dataframe_variables" time="0.539999999999964"/>
    <testcase classname="ds.cbind_smk_from_dataframe_variables" name="simple_test_from_dataframe_variables" time="0.000999999999976353"/>
    <testcase classname="ds.cbind_smk_from_dataframe_variables" name="simple_test_from_dataframe_variables" time="0.00199999999995271"/>
    <testcase classname="ds.cbind_smk_from_dataframe_variables" name="simple_test_from_dataframe_variables" time="0.269999999999982"/>
    <testcase classname="ds.cbind_smk_from_dataframe_variables" name="simple_test_from_dataframe_variables" time="0.000999999999976353"/>
    <testcase classname="ds.cbind_smk_from_dataframe_variables" name="simple_test_from_dataframe_variables" time="0.00199999999995271"/>
    <testcase classname="ds.cbind_smk_from_dataframe_variables" name="simple_test_from_dataframe_variables" time="0.00100000000020373"/>
    <testcase classname="ds.cbind_smk_from_dataframe_variables" name="simple_test_from_dataframe_variables" time="0.00199999999995271"/>
    <testcase classname="ds.cbind_smk_from_dataframe_variables" name="simple_test_from_dataframe_variables" time="0.000999999999976353"/>
    <testcase classname="ds.cbind_smk_from_dataframe_variables" name="simple_test_from_dataframe_variables" time="0.000999999999976353"/>
    <testcase classname="ds.cbind_smk_from_dataframe_variables" name="simple_test_from_dataframe_variables" time="0.00199999999995271"/>
    <testcase classname="ds.cbind_smk_from_dataframe_variables" name="simple_test_from_dataframe_variables" time="0.00199999999995271"/>
    <testcase classname="ds.cbind_smk_from_dataframe_variables" name="simple_test_from_dataframe_variables" time="0.00300000000015643"/>
    <testcase classname="ds.cbind_smk_from_dataframe_variables" name="simple_test_from_dataframe_variables" time="0.00199999999995271"/>
    <testcase classname="ds.cbind_smk_from_dataframe_variables" name="simple_test_from_dataframe_variables" time="0.00199999999995271"/>
    <testcase classname="ds.cbind_smk_from_dataframe_variables" name="simple_test_from_dataframe_variables" time="0.00199999999995271"/>
    <testcase classname="ds.cbind_smk_from_dataframe_variables" name="simple_test_from_dataframe_variables" time="1.22900000000004"/>
    <testcase classname="ds.cbind_smk_from_dataframe_variables" name="simple_test_from_dataframe_variables" time="0.000999999999976353"/>
    <testcase classname="ds.cbind_smk_from_dataframe_variables" name="simple_test_from_dataframe_variables" time="0.000999999999976353"/>
    <testcase classname="ds.cbind_smk_from_dataframe_variables" name="simple_test_from_dataframe_variables" time="0.00100000000020373"/>
    <testcase classname="ds.cbind_smk_from_dataframe_variables" name="simple_test_from_dataframe_variables" time="0.00199999999995271"/>
    <testcase classname="ds.cbind_smk_from_dataframe_variables" name="simple_test_from_dataframe_variables" time="0.000999999999976353"/>
    <testcase classname="ds.cbind_smk_from_dataframe_variables" name="simple_test_from_dataframe_variables" time="0.00199999999995271"/>
    <testcase classname="ds.cbind_smk_from_dataframe_variables" name="simple_test_from_dataframe_variables" time="0.00199999999995271"/>
    <testcase classname="ds.cbind_smk_from_dataframe_variables" name="simple_test_from_dataframe_variables" time="0.00199999999995271"/>
    <testcase classname="ds.cbind_smk_from_dataframe_variables" name="simple_test_from_dataframe_variables" time="0.00200000000018008"/>
    <testcase classname="ds.cbind_smk_from_dataframe_variables" name="simple_test_from_dataframe_variables" time="0.000999999999976353"/>
    <testcase classname="ds.cbind_smk_from_dataframe_variables" name="simple_test_from_dataframe_variables" time="0.00199999999995271"/>
    <testcase classname="ds.cbind_smk_from_dataframe_variables" name="simple_test_from_dataframe_variables" time="0.00199999999995271"/>
    <testcase classname="ds.cbind_smk_from_dataframe_variables" name="simple_test_from_dataframe_variables" time="0.00199999999995271"/>
    <testcase classname="ds.cbind_smk_from_dataframe_variables" name="simple_test_from_dataframe_variables" time="0.00200000000018008"/>
    <testcase classname="ds.cbind_smk_from_dataframe_variables" name="simple_test_from_dataframe_variables" time="0.00199999999995271"/>
  </testsuite>
  <testsuite errors="0" failures="0" hostname="fv-az14" name="ds.cbind::smk::from root variables" skipped="0" tests="34" time="10.063" timestamp="2020-10-27T20:46:41Z">
    <testcase classname="ds.cbind_smk_from_root_variables" name="simple_test_from_root_variables" time="6.84999999999991"/>
    <testcase classname="ds.cbind_smk_from_root_variables" name="simple_test_from_root_variables" time="0.000999999999976353"/>
    <testcase classname="ds.cbind_smk_from_root_variables" name="simple_test_from_root_variables" time="1.64200000000005"/>
    <testcase classname="ds.cbind_smk_from_root_variables" name="simple_test_from_root_variables" time="0.000999999999976353"/>
    <testcase classname="ds.cbind_smk_from_root_variables" name="simple_test_from_root_variables" time="0.000999999999976353"/>
    <testcase classname="ds.cbind_smk_from_root_variables" name="simple_test_from_root_variables" time="0.282000000000153"/>
    <testcase classname="ds.cbind_smk_from_root_variables" name="simple_test_from_root_variables" time="0.000999999999976353"/>
    <testcase classname="ds.cbind_smk_from_root_variables" name="simple_test_from_root_variables" time="0.00199999999995271"/>
    <testcase classname="ds.cbind_smk_from_root_variables" name="simple_test_from_root_variables" time="0.000999999999976353"/>
    <testcase classname="ds.cbind_smk_from_root_variables" name="simple_test_from_root_variables" time="0.00199999999995271"/>
    <testcase classname="ds.cbind_smk_from_root_variables" name="simple_test_from_root_variables" time="0.00199999999995271"/>
    <testcase classname="ds.cbind_smk_from_root_variables" name="simple_test_from_root_variables" time="0.00200000000018008"/>
    <testcase classname="ds.cbind_smk_from_root_variables" name="simple_test_from_root_variables" time="0.00199999999995271"/>
    <testcase classname="ds.cbind_smk_from_root_variables" name="simple_test_from_root_variables" time="0.000999999999976353"/>
    <testcase classname="ds.cbind_smk_from_root_variables" name="simple_test_from_root_variables" time="0.00199999999995271"/>
    <testcase classname="ds.cbind_smk_from_root_variables" name="simple_test_from_root_variables" time="0.000999999999976353"/>
    <testcase classname="ds.cbind_smk_from_root_variables" name="simple_test_from_root_variables" time="0.00200000000018008"/>
    <testcase classname="ds.cbind_smk_from_root_variables" name="simple_test_from_root_variables" time="0.000999999999976353"/>
    <testcase classname="ds.cbind_smk_from_root_variables" name="simple_test_from_root_variables" time="1.24099999999999"/>
    <testcase classname="ds.cbind_smk_from_root_variables" name="simple_test_from_root_variables" time="0.000999999999976353"/>
    <testcase classname="ds.cbind_smk_from_root_variables" name="simple_test_from_root_variables" time="0.00199999999995271"/>
    <testcase classname="ds.cbind_smk_from_root_variables" name="simple_test_from_root_variables" time="0.00199999999995271"/>
    <testcase classname="ds.cbind_smk_from_root_variables" name="simple_test_from_root_variables" time="0.00199999999995271"/>
    <testcase classname="ds.cbind_smk_from_root_variables" name="simple_test_from_root_variables" time="0.00200000000018008"/>
    <testcase classname="ds.cbind_smk_from_root_variables" name="simple_test_from_root_variables" time="0.00199999999995271"/>
    <testcase classname="ds.cbind_smk_from_root_variables" name="simple_test_from_root_variables" time="0.000999999999976353"/>
    <testcase classname="ds.cbind_smk_from_root_variables" name="simple_test_from_root_variables" time="0.00199999999995271"/>
    <testcase classname="ds.cbind_smk_from_root_variables" name="simple_test_from_root_variables" time="0.00199999999995271"/>
    <testcase classname="ds.cbind_smk_from_root_variables" name="simple_test_from_root_variables" time="0.00200000000018008"/>
    <testcase classname="ds.cbind_smk_from_root_variables" name="simple_test_from_root_variables" time="0.000999999999976353"/>
    <testcase classname="ds.cbind_smk_from_root_variables" name="simple_test_from_root_variables" time="0.00199999999995271"/>
    <testcase classname="ds.cbind_smk_from_root_variables" name="simple_test_from_root_variables" time="0.00199999999995271"/>
    <testcase classname="ds.cbind_smk_from_root_variables" name="simple_test_from_root_variables" time="0.000999999999976353"/>
    <testcase classname="ds.cbind_smk_from_root_variables" name="simple_test_from_root_variables" time="0.00199999999995271"/>
  </testsuite>
  <testsuite errors="0" failures="0" hostname="fv-az14" name="ds.cbind::smk::from dataframe variables, DataSHIELD.check=TRUE" skipped="0" tests="34" time="29.551" timestamp="2020-10-27T20:46:51Z">
    <testcase classname="ds.cbind_smk_from_dataframe_variables_DataSHIELD.check_TRUE" name="simple_test_from_dataframe_variables_DataSHIELD.check_TRUE" time="27.4660000000001"/>
    <testcase classname="ds.cbind_smk_from_dataframe_variables_DataSHIELD.check_TRUE" name="simple_test_from_dataframe_variables_DataSHIELD.check_TRUE" time="0.00199999999995271"/>
    <testcase classname="ds.cbind_smk_from_dataframe_variables_DataSHIELD.check_TRUE" name="simple_test_from_dataframe_variables_DataSHIELD.check_TRUE" time="0.538999999999987"/>
    <testcase classname="ds.cbind_smk_from_dataframe_variables_DataSHIELD.check_TRUE" name="simple_test_from_dataframe_variables_DataSHIELD.check_TRUE" time="0.000999999999976353"/>
    <testcase classname="ds.cbind_smk_from_dataframe_variables_DataSHIELD.check_TRUE" name="simple_test_from_dataframe_variables_DataSHIELD.check_TRUE" time="0.000999999999976353"/>
    <testcase classname="ds.cbind_smk_from_dataframe_variables_DataSHIELD.check_TRUE" name="simple_test_from_dataframe_variables_DataSHIELD.check_TRUE" time="0.278999999999996"/>
    <testcase classname="ds.cbind_smk_from_dataframe_variables_DataSHIELD.check_TRUE" name="simple_test_from_dataframe_variables_DataSHIELD.check_TRUE" time="0.000999999999976353"/>
    <testcase classname="ds.cbind_smk_from_dataframe_variables_DataSHIELD.check_TRUE" name="simple_test_from_dataframe_variables_DataSHIELD.check_TRUE" time="0.00100000000020373"/>
    <testcase classname="ds.cbind_smk_from_dataframe_variables_DataSHIELD.check_TRUE" name="simple_test_from_dataframe_variables_DataSHIELD.check_TRUE" time="0.00199999999995271"/>
    <testcase classname="ds.cbind_smk_from_dataframe_variables_DataSHIELD.check_TRUE" name="simple_test_from_dataframe_variables_DataSHIELD.check_TRUE" time="0.000999999999976353"/>
    <testcase classname="ds.cbind_smk_from_dataframe_variables_DataSHIELD.check_TRUE" name="simple_test_from_dataframe_variables_DataSHIELD.check_TRUE" time="0.000999999999976353"/>
    <testcase classname="ds.cbind_smk_from_dataframe_variables_DataSHIELD.check_TRUE" name="simple_test_from_dataframe_variables_DataSHIELD.check_TRUE" time="0.00199999999995271"/>
    <testcase classname="ds.cbind_smk_from_dataframe_variables_DataSHIELD.check_TRUE" name="simple_test_from_dataframe_variables_DataSHIELD.check_TRUE" time="0.000999999999976353"/>
    <testcase classname="ds.cbind_smk_from_dataframe_variables_DataSHIELD.check_TRUE" name="simple_test_from_dataframe_variables_DataSHIELD.check_TRUE" time="0.00199999999995271"/>
    <testcase classname="ds.cbind_smk_from_dataframe_variables_DataSHIELD.check_TRUE" name="simple_test_from_dataframe_variables_DataSHIELD.check_TRUE" time="0.00100000000020373"/>
    <testcase classname="ds.cbind_smk_from_dataframe_variables_DataSHIELD.check_TRUE" name="simple_test_from_dataframe_variables_DataSHIELD.check_TRUE" time="0.000999999999976353"/>
    <testcase classname="ds.cbind_smk_from_dataframe_variables_DataSHIELD.check_TRUE" name="simple_test_from_dataframe_variables_DataSHIELD.check_TRUE" time="0.00199999999995271"/>
    <testcase classname="ds.cbind_smk_from_dataframe_variables_DataSHIELD.check_TRUE" name="simple_test_from_dataframe_variables_DataSHIELD.check_TRUE" time="0.000999999999976353"/>
    <testcase classname="ds.cbind_smk_from_dataframe_variables_DataSHIELD.check_TRUE" name="simple_test_from_dataframe_variables_DataSHIELD.check_TRUE" time="1.22199999999998"/>
    <testcase classname="ds.cbind_smk_from_dataframe_variables_DataSHIELD.check_TRUE" name="simple_test_from_dataframe_variables_DataSHIELD.check_TRUE" time="0.00199999999995271"/>
    <testcase classname="ds.cbind_smk_from_dataframe_variables_DataSHIELD.check_TRUE" name="simple_test_from_dataframe_variables_DataSHIELD.check_TRUE" time="0.000999999999976353"/>
    <testcase classname="ds.cbind_smk_from_dataframe_variables_DataSHIELD.check_TRUE" name="simple_test_from_dataframe_variables_DataSHIELD.check_TRUE" time="0.00200000000018008"/>
    <testcase classname="ds.cbind_smk_from_dataframe_variables_DataSHIELD.check_TRUE" name="simple_test_from_dataframe_variables_DataSHIELD.check_TRUE" time="0.00199999999995271"/>
    <testcase classname="ds.cbind_smk_from_dataframe_variables_DataSHIELD.check_TRUE" name="simple_test_from_dataframe_variables_DataSHIELD.check_TRUE" time="0.00199999999995271"/>
    <testcase classname="ds.cbind_smk_from_dataframe_variables_DataSHIELD.check_TRUE" name="simple_test_from_dataframe_variables_DataSHIELD.check_TRUE" time="0.000999999999976353"/>
    <testcase classname="ds.cbind_smk_from_dataframe_variables_DataSHIELD.check_TRUE" name="simple_test_from_dataframe_variables_DataSHIELD.check_TRUE" time="0.00199999999995271"/>
    <testcase classname="ds.cbind_smk_from_dataframe_variables_DataSHIELD.check_TRUE" name="simple_test_from_dataframe_variables_DataSHIELD.check_TRUE" time="0.00200000000018008"/>
    <testcase classname="ds.cbind_smk_from_dataframe_variables_DataSHIELD.check_TRUE" name="simple_test_from_dataframe_variables_DataSHIELD.check_TRUE" time="0.000999999999976353"/>
    <testcase classname="ds.cbind_smk_from_dataframe_variables_DataSHIELD.check_TRUE" name="simple_test_from_dataframe_variables_DataSHIELD.check_TRUE" time="0.00199999999995271"/>
    <testcase classname="ds.cbind_smk_from_dataframe_variables_DataSHIELD.check_TRUE" name="simple_test_from_dataframe_variables_DataSHIELD.check_TRUE" time="0.000999999999976353"/>
    <testcase classname="ds.cbind_smk_from_dataframe_variables_DataSHIELD.check_TRUE" name="simple_test_from_dataframe_variables_DataSHIELD.check_TRUE" time="0.00199999999995271"/>
    <testcase classname="ds.cbind_smk_from_dataframe_variables_DataSHIELD.check_TRUE" name="simple_test_from_dataframe_variables_DataSHIELD.check_TRUE" time="0.00199999999995271"/>
    <testcase classname="ds.cbind_smk_from_dataframe_variables_DataSHIELD.check_TRUE" name="simple_test_from_dataframe_variables_DataSHIELD.check_TRUE" time="0.000999999999976353"/>
    <testcase classname="ds.cbind_smk_from_dataframe_variables_DataSHIELD.check_TRUE" name="simple_test_from_dataframe_variables_DataSHIELD.check_TRUE" time="0.00200000000018008"/>
  </testsuite>
  <testsuite errors="0" failures="0" hostname="fv-az14" name="ds.cbind::smk::from root variables, DataSHIELD.check=TRUE" skipped="0" tests="34" time="32.862" timestamp="2020-10-27T20:47:20Z">
    <testcase classname="ds.cbind_smk_from_root_variables_DataSHIELD.check_TRUE" name="simple_test_from_root_variables_DataSHIELD.check_TRUE" time="29.6899999999998"/>
    <testcase classname="ds.cbind_smk_from_root_variables_DataSHIELD.check_TRUE" name="simple_test_from_root_variables_DataSHIELD.check_TRUE" time="0.00100000000020373"/>
    <testcase classname="ds.cbind_smk_from_root_variables_DataSHIELD.check_TRUE" name="simple_test_from_root_variables_DataSHIELD.check_TRUE" time="1.62199999999984"/>
    <testcase classname="ds.cbind_smk_from_root_variables_DataSHIELD.check_TRUE" name="simple_test_from_root_variables_DataSHIELD.check_TRUE" time="0.000999999999976353"/>
    <testcase classname="ds.cbind_smk_from_root_variables_DataSHIELD.check_TRUE" name="simple_test_from_root_variables_DataSHIELD.check_TRUE" time="0.00200000000018008"/>
    <testcase classname="ds.cbind_smk_from_root_variables_DataSHIELD.check_TRUE" name="simple_test_from_root_variables_DataSHIELD.check_TRUE" time="0.277999999999793"/>
    <testcase classname="ds.cbind_smk_from_root_variables_DataSHIELD.check_TRUE" name="simple_test_from_root_variables_DataSHIELD.check_TRUE" time="0.00200000000018008"/>
    <testcase classname="ds.cbind_smk_from_root_variables_DataSHIELD.check_TRUE" name="simple_test_from_root_variables_DataSHIELD.check_TRUE" time="0.000999999999976353"/>
    <testcase classname="ds.cbind_smk_from_root_variables_DataSHIELD.check_TRUE" name="simple_test_from_root_variables_DataSHIELD.check_TRUE" time="0.000999999999976353"/>
    <testcase classname="ds.cbind_smk_from_root_variables_DataSHIELD.check_TRUE" name="simple_test_from_root_variables_DataSHIELD.check_TRUE" time="0.00199999999995271"/>
    <testcase classname="ds.cbind_smk_from_root_variables_DataSHIELD.check_TRUE" name="simple_test_from_root_variables_DataSHIELD.check_TRUE" time="0.000999999999976353"/>
    <testcase classname="ds.cbind_smk_from_root_variables_DataSHIELD.check_TRUE" name="simple_test_from_root_variables_DataSHIELD.check_TRUE" time="0.000999999999976353"/>
    <testcase classname="ds.cbind_smk_from_root_variables_DataSHIELD.check_TRUE" name="simple_test_from_root_variables_DataSHIELD.check_TRUE" time="0.000999999999976353"/>
    <testcase classname="ds.cbind_smk_from_root_variables_DataSHIELD.check_TRUE" name="simple_test_from_root_variables_DataSHIELD.check_TRUE" time="0.00200000000018008"/>
    <testcase classname="ds.cbind_smk_from_root_variables_DataSHIELD.check_TRUE" name="simple_test_from_root_variables_DataSHIELD.check_TRUE" time="0.000999999999976353"/>
    <testcase classname="ds.cbind_smk_from_root_variables_DataSHIELD.check_TRUE" name="simple_test_from_root_variables_DataSHIELD.check_TRUE" time="0.000999999999976353"/>
    <testcase classname="ds.cbind_smk_from_root_variables_DataSHIELD.check_TRUE" name="simple_test_from_root_variables_DataSHIELD.check_TRUE" time="0.00199999999995271"/>
    <testcase classname="ds.cbind_smk_from_root_variables_DataSHIELD.check_TRUE" name="simple_test_from_root_variables_DataSHIELD.check_TRUE" time="0.00199999999995271"/>
    <testcase classname="ds.cbind_smk_from_root_variables_DataSHIELD.check_TRUE" name="simple_test_from_root_variables_DataSHIELD.check_TRUE" time="1.22299999999996"/>
    <testcase classname="ds.cbind_smk_from_root_variables_DataSHIELD.check_TRUE" name="simple_test_from_root_variables_DataSHIELD.check_TRUE" time="0.00200000000018008"/>
    <testcase classname="ds.cbind_smk_from_root_variables_DataSHIELD.check_TRUE" name="simple_test_from_root_variables_DataSHIELD.check_TRUE" time="0.00199999999995271"/>
    <testcase classname="ds.cbind_smk_from_root_variables_DataSHIELD.check_TRUE" name="simple_test_from_root_variables_DataSHIELD.check_TRUE" time="0.000999999999976353"/>
    <testcase classname="ds.cbind_smk_from_root_variables_DataSHIELD.check_TRUE" name="simple_test_from_root_variables_DataSHIELD.check_TRUE" time="0.00199999999995271"/>
    <testcase classname="ds.cbind_smk_from_root_variables_DataSHIELD.check_TRUE" name="simple_test_from_root_variables_DataSHIELD.check_TRUE" time="0.00199999999995271"/>
    <testcase classname="ds.cbind_smk_from_root_variables_DataSHIELD.check_TRUE" name="simple_test_from_root_variables_DataSHIELD.check_TRUE" time="0.00200000000018008"/>
    <testcase classname="ds.cbind_smk_from_root_variables_DataSHIELD.check_TRUE" name="simple_test_from_root_variables_DataSHIELD.check_TRUE" time="0.00199999999995271"/>
    <testcase classname="ds.cbind_smk_from_root_variables_DataSHIELD.check_TRUE" name="simple_test_from_root_variables_DataSHIELD.check_TRUE" time="0.00199999999995271"/>
    <testcase classname="ds.cbind_smk_from_root_variables_DataSHIELD.check_TRUE" name="simple_test_from_root_variables_DataSHIELD.check_TRUE" time="0.00199999999995271"/>
    <testcase classname="ds.cbind_smk_from_root_variables_DataSHIELD.check_TRUE" name="simple_test_from_root_variables_DataSHIELD.check_TRUE" time="0.00199999999995271"/>
    <testcase classname="ds.cbind_smk_from_root_variables_DataSHIELD.check_TRUE" name="simple_test_from_root_variables_DataSHIELD.check_TRUE" time="0.00200000000018008"/>
    <testcase classname="ds.cbind_smk_from_root_variables_DataSHIELD.check_TRUE" name="simple_test_from_root_variables_DataSHIELD.check_TRUE" time="0.00199999999995271"/>
    <testcase classname="ds.cbind_smk_from_root_variables_DataSHIELD.check_TRUE" name="simple_test_from_root_variables_DataSHIELD.check_TRUE" time="0.000999999999976353"/>
    <testcase classname="ds.cbind_smk_from_root_variables_DataSHIELD.check_TRUE" name="simple_test_from_root_variables_DataSHIELD.check_TRUE" time="0.00199999999995271"/>
    <testcase classname="ds.cbind_smk_from_root_variables_DataSHIELD.check_TRUE" name="simple_test_from_root_variables_DataSHIELD.check_TRUE" time="0.00199999999995271"/>
  </testsuite>
  <testsuite errors="0" failures="0" hostname="fv-az14" name="ds.cbind::smk::shutdown" skipped="0" tests="3" time="0.554" timestamp="2020-10-27T20:47:53Z">
    <testcase classname="ds.cbind_smk_shutdown" name="setup" time="0.552000000000135"/>
    <testcase classname="ds.cbind_smk_shutdown" name="setup" time="0.000999999999976353"/>
    <testcase classname="ds.cbind_smk_shutdown" name="setup" time="0.000999999999976353"/>
  </testsuite>
  <testsuite errors="0" failures="0" hostname="fv-az14" name="ds.cbind::smk::done" skipped="0" tests="0" time="0" timestamp="2020-10-27T20:47:54Z"/>
  <testsuite errors="0" failures="0" hostname="fv-az14" name="ds.changeRefGroup::smk::setup" skipped="0" tests="3" time="5.357" timestamp="2020-10-27T20:47:54Z">
    <testcase classname="ds.changeRefGroup_smk_setup" name="setup" time="5.35400000000004"/>
    <testcase classname="ds.changeRefGroup_smk_setup" name="setup" time="0.000999999999976353"/>
    <testcase classname="ds.changeRefGroup_smk_setup" name="setup" time="0.00199999999995271"/>
  </testsuite>
  <testsuite errors="0" failures="0" hostname="fv-az14" name="ds.changeRefGroup::smk" skipped="0" tests="31" time="5.087" timestamp="2020-10-27T20:47:59Z">
    <testcase classname="ds.changeRefGroup_smk" name="simple_changeRefGroup" time="0.0080000000000382"/>
    <testcase classname="ds.changeRefGroup_smk" name="simple_changeRefGroup" time="5.03800000000001"/>
    <testcase classname="ds.changeRefGroup_smk" name="simple_changeRefGroup" time="0.000999999999976353"/>
    <testcase classname="ds.changeRefGroup_smk" name="simple_changeRefGroup" time="0.000999999999976353"/>
    <testcase classname="ds.changeRefGroup_smk" name="simple_changeRefGroup" time="0.00199999999995271"/>
    <testcase classname="ds.changeRefGroup_smk" name="simple_changeRefGroup" time="0.000999999999976353"/>
    <testcase classname="ds.changeRefGroup_smk" name="simple_changeRefGroup" time="0.000999999999976353"/>
    <testcase classname="ds.changeRefGroup_smk" name="simple_changeRefGroup" time="0.00200000000018008"/>
    <testcase classname="ds.changeRefGroup_smk" name="simple_changeRefGroup" time="0.000999999999976353"/>
    <testcase classname="ds.changeRefGroup_smk" name="simple_changeRefGroup" time="0.000999999999976353"/>
    <testcase classname="ds.changeRefGroup_smk" name="simple_changeRefGroup" time="0.000999999999976353"/>
    <testcase classname="ds.changeRefGroup_smk" name="simple_changeRefGroup" time="0.000999999999976353"/>
    <testcase classname="ds.changeRefGroup_smk" name="simple_changeRefGroup" time="0.00199999999995271"/>
    <testcase classname="ds.changeRefGroup_smk" name="simple_changeRefGroup" time="0.00100000000020373"/>
    <testcase classname="ds.changeRefGroup_smk" name="simple_changeRefGroup" time="0.000999999999976353"/>
    <testcase classname="ds.changeRefGroup_smk" name="simple_changeRefGroup" time="0.00199999999995271"/>
    <testcase classname="ds.changeRefGroup_smk" name="simple_changeRefGroup" time="0.00199999999995271"/>
    <testcase classname="ds.changeRefGroup_smk" name="simple_changeRefGroup" time="0.000999999999976353"/>
    <testcase classname="ds.changeRefGroup_smk" name="simple_changeRefGroup" time="0.00199999999995271"/>
    <testcase classname="ds.changeRefGroup_smk" name="simple_changeRefGroup" time="0.000999999999976353"/>
    <testcase classname="ds.changeRefGroup_smk" name="simple_changeRefGroup" time="0.00200000000018008"/>
    <testcase classname="ds.changeRefGroup_smk" name="simple_changeRefGroup" time="0.000999999999976353"/>
    <testcase classname="ds.changeRefGroup_smk" name="simple_changeRefGroup" time="0.00199999999995271"/>
    <testcase classname="ds.changeRefGroup_smk" name="simple_changeRefGroup" time="0.000999999999976353"/>
    <testcase classname="ds.changeRefGroup_smk" name="simple_changeRefGroup" time="0.00199999999995271"/>
    <testcase classname="ds.changeRefGroup_smk" name="simple_changeRefGroup" time="0.000999999999976353"/>
    <testcase classname="ds.changeRefGroup_smk" name="simple_changeRefGroup" time="0.00200000000018008"/>
    <testcase classname="ds.changeRefGroup_smk" name="simple_changeRefGroup" time="0.000999999999976353"/>
    <testcase classname="ds.changeRefGroup_smk" name="simple_changeRefGroup" time="0.00199999999995271"/>
    <testcase classname="ds.changeRefGroup_smk" name="simple_changeRefGroup" time="0.00199999999995271"/>
    <testcase classname="ds.changeRefGroup_smk" name="simple_changeRefGroup" time="0.000999999999976353"/>
  </testsuite>
  <testsuite errors="0" failures="0" hostname="fv-az14" name="ds.changeRefGroup::smk::shutdown" skipped="0" tests="3" time="0.282" timestamp="2020-10-27T20:48:04Z">
    <testcase classname="ds.changeRefGroup_smk_shutdown" name="shutdown" time="0.279999999999973"/>
    <testcase classname="ds.changeRefGroup_smk_shutdown" name="shutdown" time="0.000999999999976353"/>
    <testcase classname="ds.changeRefGroup_smk_shutdown" name="shutdown" time="0.00100000000020373"/>
  </testsuite>
  <testsuite errors="0" failures="0" hostname="fv-az14" name="ds.changeRefGroup::smk::done" skipped="0" tests="0" time="0" timestamp="2020-10-27T20:48:05Z"/>
  <testsuite errors="0" failures="0" hostname="fv-az14" name="ds.class::smk::setup" skipped="0" tests="3" time="5.404" timestamp="2020-10-27T20:48:05Z">
    <testcase classname="ds.class_smk_setup" name="setup" time="5.40099999999984"/>
    <testcase classname="ds.class_smk_setup" name="setup" time="0.000999999999976353"/>
    <testcase classname="ds.class_smk_setup" name="setup" time="0.00200000000018008"/>
  </testsuite>
  <testsuite errors="0" failures="0" hostname="fv-az14" name="ds.class::smk" skipped="0" tests="14" time="1.106" timestamp="2020-10-27T20:48:09Z">
    <testcase classname="ds.class_smk" name="simple_class" time="0.548000000000002"/>
    <testcase classname="ds.class_smk" name="simple_class" time="0.000999999999976353"/>
    <testcase classname="ds.class_smk" name="simple_class" time="0.000999999999976353"/>
    <testcase classname="ds.class_smk" name="simple_class" time="0.00199999999995271"/>
    <testcase classname="ds.class_smk" name="simple_class" time="0.000999999999976353"/>
    <testcase classname="ds.class_smk" name="simple_class" time="0.000999999999976353"/>
    <testcase classname="ds.class_smk" name="simple_class" time="0.00199999999995271"/>
    <testcase classname="ds.class_smk" name="simple_class" time="0.540000000000191"/>
    <testcase classname="ds.class_smk" name="simple_class" time="0.00199999999995271"/>
    <testcase classname="ds.class_smk" name="simple_class" time="0.00199999999995271"/>
    <testcase classname="ds.class_smk" name="simple_class" time="0.000999999999976353"/>
    <testcase classname="ds.class_smk" name="simple_class" time="0.00199999999995271"/>
    <testcase classname="ds.class_smk" name="simple_class" time="0.00199999999995271"/>
    <testcase classname="ds.class_smk" name="simple_class" time="0.00100000000020373"/>
  </testsuite>
  <testsuite errors="0" failures="0" hostname="fv-az14" name="ds.class::smk::shutdown" skipped="0" tests="3" time="0.291" timestamp="2020-10-27T20:48:11Z">
    <testcase classname="ds.class_smk_shutdown" name="shutdown" time="0.288999999999987"/>
    <testcase classname="ds.class_smk_shutdown" name="shutdown" time="0.000999999999976353"/>
    <testcase classname="ds.class_smk_shutdown" name="shutdown" time="0.000999999999976353"/>
  </testsuite>
  <testsuite errors="0" failures="0" hostname="fv-az14" name="ds.class::smk::done" skipped="0" tests="0" time="0" timestamp="2020-10-27T20:48:12Z"/>
  <testsuite errors="0" failures="0" hostname="fv-az14" name="ds.colnames::smk::setup" skipped="0" tests="3" time="5.457" timestamp="2020-10-27T20:48:12Z">
    <testcase classname="ds.colnames_smk_setup" name="setup" time="5.45399999999995"/>
    <testcase classname="ds.colnames_smk_setup" name="setup" time="0.000999999999976353"/>
    <testcase classname="ds.colnames_smk_setup" name="setup" time="0.00199999999995271"/>
  </testsuite>
  <testsuite errors="0" failures="0" hostname="fv-az14" name="ds.colnames::smk" skipped="0" tests="10" time="3.932" timestamp="2020-10-27T20:48:16Z">
    <testcase classname="ds.colnames_smk" name="simple_colnames" time="3.92000000000007"/>
    <testcase classname="ds.colnames_smk" name="simple_colnames" time="0.000999999999976353"/>
    <testcase classname="ds.colnames_smk" name="simple_colnames" time="0.00199999999995271"/>
    <testcase classname="ds.colnames_smk" name="simple_colnames" time="0.000999999999976353"/>
    <testcase classname="ds.colnames_smk" name="simple_colnames" time="0.00100000000020373"/>
    <testcase classname="ds.colnames_smk" name="simple_colnames" time="0.00199999999995271"/>
    <testcase classname="ds.colnames_smk" name="simple_colnames" time="0.000999999999976353"/>
    <testcase classname="ds.colnames_smk" name="simple_colnames" time="0.000999999999976353"/>
    <testcase classname="ds.colnames_smk" name="simple_colnames" time="0.000999999999976353"/>
    <testcase classname="ds.colnames_smk" name="simple_colnames" time="0.00199999999995271"/>
  </testsuite>
  <testsuite errors="0" failures="0" hostname="fv-az14" name="ds.colnames::smk::shutdown" skipped="0" tests="3" time="0.274" timestamp="2020-10-27T20:48:20Z">
    <testcase classname="ds.colnames_smk_shutdown" name="shutdown" time="0.272000000000162"/>
    <testcase classname="ds.colnames_smk_shutdown" name="shutdown" time="0.000999999999976353"/>
    <testcase classname="ds.colnames_smk_shutdown" name="shutdown" time="0.000999999999976353"/>
  </testsuite>
  <testsuite errors="0" failures="0" hostname="fv-az14" name="ds.colnames::smk::done" skipped="0" tests="0" time="0" timestamp="2020-10-27T20:48:21Z"/>
  <testsuite errors="0" failures="0" hostname="fv-az14" name="ds.completeCases::smk::setup" skipped="0" tests="3" time="5.475" timestamp="2020-10-27T20:48:21Z">
    <testcase classname="ds.completeCases_smk_setup" name="setup" time="5.47000000000003"/>
    <testcase classname="ds.completeCases_smk_setup" name="setup" time="0.00399999999990541"/>
    <testcase classname="ds.completeCases_smk_setup" name="setup" time="0.000999999999976353"/>
  </testsuite>
  <testsuite errors="0" failures="0" hostname="fv-az14" name="ds.completeCases::smk::data.frame" skipped="0" tests="37" time="11.655" timestamp="2020-10-27T20:48:26Z">
    <testcase classname="ds.completeCases_smk_data.frame" name="completeCases_data.frame" time="9.98099999999999"/>
    <testcase classname="ds.completeCases_smk_data.frame" name="completeCases_data.frame" time="0.000999999999976353"/>
    <testcase classname="ds.completeCases_smk_data.frame" name="completeCases_data.frame" time="0.000999999999976353"/>
    <testcase classname="ds.completeCases_smk_data.frame" name="completeCases_data.frame" time="0.535999999999831"/>
    <testcase classname="ds.completeCases_smk_data.frame" name="completeCases_data.frame" time="0.000999999999976353"/>
    <testcase classname="ds.completeCases_smk_data.frame" name="completeCases_data.frame" time="0.00200000000018008"/>
    <testcase classname="ds.completeCases_smk_data.frame" name="completeCases_data.frame" time="0.000999999999976353"/>
    <testcase classname="ds.completeCases_smk_data.frame" name="completeCases_data.frame" time="0.539999999999964"/>
    <testcase classname="ds.completeCases_smk_data.frame" name="completeCases_data.frame" time="0.000999999999976353"/>
    <testcase classname="ds.completeCases_smk_data.frame" name="completeCases_data.frame" time="0.000999999999976353"/>
    <testcase classname="ds.completeCases_smk_data.frame" name="completeCases_data.frame" time="0.000999999999976353"/>
    <testcase classname="ds.completeCases_smk_data.frame" name="completeCases_data.frame" time="0.278999999999996"/>
    <testcase classname="ds.completeCases_smk_data.frame" name="completeCases_data.frame" time="0.000999999999976353"/>
    <testcase classname="ds.completeCases_smk_data.frame" name="completeCases_data.frame" time="0.00200000000018008"/>
    <testcase classname="ds.completeCases_smk_data.frame" name="completeCases_data.frame" time="0.00199999999995271"/>
    <testcase classname="ds.completeCases_smk_data.frame" name="completeCases_data.frame" time="0.000999999999976353"/>
    <testcase classname="ds.completeCases_smk_data.frame" name="completeCases_data.frame" time="0.00199999999995271"/>
    <testcase classname="ds.completeCases_smk_data.frame" name="completeCases_data.frame" time="0.00199999999995271"/>
    <testcase classname="ds.completeCases_smk_data.frame" name="completeCases_data.frame" time="0.000999999999976353"/>
    <testcase classname="ds.completeCases_smk_data.frame" name="completeCases_data.frame" time="0.00200000000018008"/>
    <testcase classname="ds.completeCases_smk_data.frame" name="completeCases_data.frame" time="0.000999999999976353"/>
    <testcase classname="ds.completeCases_smk_data.frame" name="completeCases_data.frame" time="0.00199999999995271"/>
    <testcase classname="ds.completeCases_smk_data.frame" name="completeCases_data.frame" time="0.000999999999976353"/>
    <testcase classname="ds.completeCases_smk_data.frame" name="completeCases_data.frame" time="0.00199999999995271"/>
    <testcase classname="ds.completeCases_smk_data.frame" name="completeCases_data.frame" time="0.270999999999958"/>
    <testcase classname="ds.completeCases_smk_data.frame" name="completeCases_data.frame" time="0.00200000000018008"/>
    <testcase classname="ds.completeCases_smk_data.frame" name="completeCases_data.frame" time="0.000999999999976353"/>
    <testcase classname="ds.completeCases_smk_data.frame" name="completeCases_data.frame" time="0.00199999999995271"/>
    <testcase classname="ds.completeCases_smk_data.frame" name="completeCases_data.frame" time="0.000999999999976353"/>
    <testcase classname="ds.completeCases_smk_data.frame" name="completeCases_data.frame" time="0.00199999999995271"/>
    <testcase classname="ds.completeCases_smk_data.frame" name="completeCases_data.frame" time="0.000999999999976353"/>
    <testcase classname="ds.completeCases_smk_data.frame" name="completeCases_data.frame" time="0.00100000000020373"/>
    <testcase classname="ds.completeCases_smk_data.frame" name="completeCases_data.frame" time="0.00199999999995271"/>
    <testcase classname="ds.completeCases_smk_data.frame" name="completeCases_data.frame" time="0.00199999999995271"/>
    <testcase classname="ds.completeCases_smk_data.frame" name="completeCases_data.frame" time="0.000999999999976353"/>
    <testcase classname="ds.completeCases_smk_data.frame" name="completeCases_data.frame" time="0.00299999999992906"/>
    <testcase classname="ds.completeCases_smk_data.frame" name="completeCases_data.frame" time="0.00200000000018008"/>
  </testsuite>
  <testsuite errors="0" failures="0" hostname="fv-az14" name="ds.completeCases::smk::matrix" skipped="0" tests="29" time="3.295" timestamp="2020-10-27T20:48:38Z">
    <testcase classname="ds.completeCases_smk_matrix" name="completeCases_matrix" time="1.63299999999981"/>
    <testcase classname="ds.completeCases_smk_matrix" name="completeCases_matrix" time="0.000999999999976353"/>
    <testcase classname="ds.completeCases_smk_matrix" name="completeCases_matrix" time="0.00200000000018008"/>
    <testcase classname="ds.completeCases_smk_matrix" name="completeCases_matrix" time="0.543999999999869"/>
    <testcase classname="ds.completeCases_smk_matrix" name="completeCases_matrix" time="0.000999999999976353"/>
    <testcase classname="ds.completeCases_smk_matrix" name="completeCases_matrix" time="0.000999999999976353"/>
    <testcase classname="ds.completeCases_smk_matrix" name="completeCases_matrix" time="0.00200000000018008"/>
    <testcase classname="ds.completeCases_smk_matrix" name="completeCases_matrix" time="0.535999999999831"/>
    <testcase classname="ds.completeCases_smk_matrix" name="completeCases_matrix" time="0.000999999999976353"/>
    <testcase classname="ds.completeCases_smk_matrix" name="completeCases_matrix" time="0.000999999999976353"/>
    <testcase classname="ds.completeCases_smk_matrix" name="completeCases_matrix" time="0.00199999999995271"/>
    <testcase classname="ds.completeCases_smk_matrix" name="completeCases_matrix" time="0.269000000000005"/>
    <testcase classname="ds.completeCases_smk_matrix" name="completeCases_matrix" time="0.00199999999995271"/>
    <testcase classname="ds.completeCases_smk_matrix" name="completeCases_matrix" time="0.00199999999995271"/>
    <testcase classname="ds.completeCases_smk_matrix" name="completeCases_matrix" time="0.00200000000018008"/>
    <testcase classname="ds.completeCases_smk_matrix" name="completeCases_matrix" time="0.00199999999995271"/>
    <testcase classname="ds.completeCases_smk_matrix" name="completeCases_matrix" time="0.00199999999995271"/>
    <testcase classname="ds.completeCases_smk_matrix" name="completeCases_matrix" time="0.00199999999995271"/>
    <testcase classname="ds.completeCases_smk_matrix" name="completeCases_matrix" time="0.000999999999976353"/>
    <testcase classname="ds.completeCases_smk_matrix" name="completeCases_matrix" time="0.00199999999995271"/>
    <testcase classname="ds.completeCases_smk_matrix" name="completeCases_matrix" time="0.00100000000020373"/>
    <testcase classname="ds.completeCases_smk_matrix" name="completeCases_matrix" time="0.00199999999995271"/>
    <testcase classname="ds.completeCases_smk_matrix" name="completeCases_matrix" time="0.000999999999976353"/>
    <testcase classname="ds.completeCases_smk_matrix" name="completeCases_matrix" time="0.00199999999995271"/>
    <testcase classname="ds.completeCases_smk_matrix" name="completeCases_matrix" time="0.274000000000115"/>
    <testcase classname="ds.completeCases_smk_matrix" name="completeCases_matrix" time="0.00199999999995271"/>
    <testcase classname="ds.completeCases_smk_matrix" name="completeCases_matrix" time="0.000999999999976353"/>
    <testcase classname="ds.completeCases_smk_matrix" name="completeCases_matrix" time="0.00199999999995271"/>
    <testcase classname="ds.completeCases_smk_matrix" name="completeCases_matrix" time="0.00199999999995271"/>
  </testsuite>
  <testsuite errors="0" failures="0" hostname="fv-az14" name="ds.completeCases::smk::vector" skipped="0" tests="21" time="3.991" timestamp="2020-10-27T20:48:41Z">
    <testcase classname="ds.completeCases_smk_vector" name="completeCases_vector" time="2.35000000000014"/>
    <testcase classname="ds.completeCases_smk_vector" name="completeCases_vector" time="0.000999999999976353"/>
    <testcase classname="ds.completeCases_smk_vector" name="completeCases_vector" time="0.000999999999976353"/>
    <testcase classname="ds.completeCases_smk_vector" name="completeCases_vector" time="0.545000000000073"/>
    <testcase classname="ds.completeCases_smk_vector" name="completeCases_vector" time="0.000999999999976353"/>
    <testcase classname="ds.completeCases_smk_vector" name="completeCases_vector" time="0.00199999999995271"/>
    <testcase classname="ds.completeCases_smk_vector" name="completeCases_vector" time="0.000999999999976353"/>
    <testcase classname="ds.completeCases_smk_vector" name="completeCases_vector" time="0.534000000000106"/>
    <testcase classname="ds.completeCases_smk_vector" name="completeCases_vector" time="0.00199999999995271"/>
    <testcase classname="ds.completeCases_smk_vector" name="completeCases_vector" time="0.000999999999976353"/>
    <testcase classname="ds.completeCases_smk_vector" name="completeCases_vector" time="0.000999999999976353"/>
    <testcase classname="ds.completeCases_smk_vector" name="completeCases_vector" time="0.268000000000029"/>
    <testcase classname="ds.completeCases_smk_vector" name="completeCases_vector" time="0.00199999999995271"/>
    <testcase classname="ds.completeCases_smk_vector" name="completeCases_vector" time="0.000999999999976353"/>
    <testcase classname="ds.completeCases_smk_vector" name="completeCases_vector" time="0.00200000000018008"/>
    <testcase classname="ds.completeCases_smk_vector" name="completeCases_vector" time="0.00199999999995271"/>
    <testcase classname="ds.completeCases_smk_vector" name="completeCases_vector" time="0.269999999999982"/>
    <testcase classname="ds.completeCases_smk_vector" name="completeCases_vector" time="0.00199999999995271"/>
    <testcase classname="ds.completeCases_smk_vector" name="completeCases_vector" time="0.000999999999976353"/>
    <testcase classname="ds.completeCases_smk_vector" name="completeCases_vector" time="0.00199999999995271"/>
    <testcase classname="ds.completeCases_smk_vector" name="completeCases_vector" time="0.00200000000018008"/>
  </testsuite>
  <testsuite errors="0" failures="0" hostname="fv-az14" name="ds.completeCases::smk::shutdown" skipped="0" tests="3" time="0.284" timestamp="2020-10-27T20:48:45Z">
    <testcase classname="ds.completeCases_smk_shutdown" name="shutdown" time="0.280999999999949"/>
    <testcase classname="ds.completeCases_smk_shutdown" name="shutdown" time="0.000999999999976353"/>
    <testcase classname="ds.completeCases_smk_shutdown" name="shutdown" time="0.00199999999995271"/>
  </testsuite>
  <testsuite errors="0" failures="0" hostname="fv-az14" name="ds.completeCases::smk::done" skipped="0" tests="0" time="0" timestamp="2020-10-27T20:48:46Z"/>
  <testsuite errors="0" failures="0" hostname="fv-az14" name="ds.cor::smk::setup" skipped="0" tests="3" time="5.388" timestamp="2020-10-27T20:48:46Z">
    <testcase classname="ds.cor_smk_setup" name="setup" time="5.38599999999997"/>
    <testcase classname="ds.cor_smk_setup" name="setup" time="0.000999999999976353"/>
    <testcase classname="ds.cor_smk_setup" name="setup" time="0.000999999999976353"/>
  </testsuite>
  <testsuite errors="0" failures="0" hostname="fv-az14" name="ds.cor::smk" skipped="0" tests="56" time="9.128" timestamp="2020-10-27T20:48:51Z">
    <testcase classname="ds.cor_smk" name="simple_test_combine_pairwise.complete" time="2.27500000000009"/>
    <testcase classname="ds.cor_smk" name="simple_test_combine_pairwise.complete" time="0.000999999999976353"/>
    <testcase classname="ds.cor_smk" name="simple_test_combine_pairwise.complete" time="0.00199999999995271"/>
    <testcase classname="ds.cor_smk" name="simple_test_combine_pairwise.complete" time="0.00100000000020373"/>
    <testcase classname="ds.cor_smk" name="simple_test_combine_pairwise.complete" time="0.000999999999976353"/>
    <testcase classname="ds.cor_smk" name="simple_test_combine_pairwise.complete" time="0.00199999999995271"/>
    <testcase classname="ds.cor_smk" name="simple_test_combine_pairwise.complete" time="0.000999999999976353"/>
    <testcase classname="ds.cor_smk" name="simple_test_combine_pairwise.complete" time="0.00199999999995271"/>
    <testcase classname="ds.cor_smk" name="simple_test_combine_pairwise.complete" time="0.00199999999995271"/>
    <testcase classname="ds.cor_smk" name="simple_test_combine_casewise.complete" time="2.25300000000016"/>
    <testcase classname="ds.cor_smk" name="simple_test_combine_casewise.complete" time="0.00199999999995271"/>
    <testcase classname="ds.cor_smk" name="simple_test_combine_casewise.complete" time="0.000999999999976353"/>
    <testcase classname="ds.cor_smk" name="simple_test_combine_casewise.complete" time="0.00199999999995271"/>
    <testcase classname="ds.cor_smk" name="simple_test_combine_casewise.complete" time="0.000999999999976353"/>
    <testcase classname="ds.cor_smk" name="simple_test_combine_casewise.complete" time="0.000999999999976353"/>
    <testcase classname="ds.cor_smk" name="simple_test_combine_casewise.complete" time="0.00200000000018008"/>
    <testcase classname="ds.cor_smk" name="simple_test_combine_casewise.complete" time="0.000999999999976353"/>
    <testcase classname="ds.cor_smk" name="simple_test_combine_casewise.complete" time="0.00199999999995271"/>
    <testcase classname="ds.cor_smk" name="simple_test_split_pairwise.complete" time="2.25600000000009"/>
    <testcase classname="ds.cor_smk" name="simple_test_split_pairwise.complete" time="0.000999999999976353"/>
    <testcase classname="ds.cor_smk" name="simple_test_split_pairwise.complete" time="0.00199999999995271"/>
    <testcase classname="ds.cor_smk" name="simple_test_split_pairwise.complete" time="0.00199999999995271"/>
    <testcase classname="ds.cor_smk" name="simple_test_split_pairwise.complete" time="0.000999999999976353"/>
    <testcase classname="ds.cor_smk" name="simple_test_split_pairwise.complete" time="0.00299999999992906"/>
    <testcase classname="ds.cor_smk" name="simple_test_split_pairwise.complete" time="0.00200000000018008"/>
    <testcase classname="ds.cor_smk" name="simple_test_split_pairwise.complete" time="0.00199999999995271"/>
    <testcase classname="ds.cor_smk" name="simple_test_split_pairwise.complete" time="0.000999999999976353"/>
    <testcase classname="ds.cor_smk" name="simple_test_split_pairwise.complete" time="0.00199999999995271"/>
    <testcase classname="ds.cor_smk" name="simple_test_split_pairwise.complete" time="0.00199999999995271"/>
    <testcase classname="ds.cor_smk" name="simple_test_split_pairwise.complete" time="0.00200000000018008"/>
    <testcase classname="ds.cor_smk" name="simple_test_split_pairwise.complete" time="0.00199999999995271"/>
    <testcase classname="ds.cor_smk" name="simple_test_split_pairwise.complete" time="0.00199999999995271"/>
    <testcase classname="ds.cor_smk" name="simple_test_split_pairwise.complete" time="0.00199999999995271"/>
    <testcase classname="ds.cor_smk" name="simple_test_split_pairwise.complete" time="0.00199999999995271"/>
    <testcase classname="ds.cor_smk" name="simple_test_split_pairwise.complete" time="0.00100000000020373"/>
    <testcase classname="ds.cor_smk" name="simple_test_split_pairwise.complete" time="0.00199999999995271"/>
    <testcase classname="ds.cor_smk" name="simple_test_split_pairwise.complete" time="0.00199999999995271"/>
    <testcase classname="ds.cor_smk" name="simple_test_split_casewise.complete" time="2.25399999999991"/>
    <testcase classname="ds.cor_smk" name="simple_test_split_casewise.complete" time="0.00300000000015643"/>
    <testcase classname="ds.cor_smk" name="simple_test_split_casewise.complete" time="0.00199999999995271"/>
    <testcase classname="ds.cor_smk" name="simple_test_split_casewise.complete" time="0.00199999999995271"/>
    <testcase classname="ds.cor_smk" name="simple_test_split_casewise.complete" time="0.000999999999976353"/>
    <testcase classname="ds.cor_smk" name="simple_test_split_casewise.complete" time="0.00199999999995271"/>
    <testcase classname="ds.cor_smk" name="simple_test_split_casewise.complete" time="0.00200000000018008"/>
    <testcase classname="ds.cor_smk" name="simple_test_split_casewise.complete" time="0.000999999999976353"/>
    <testcase classname="ds.cor_smk" name="simple_test_split_casewise.complete" time="0.00199999999995271"/>
    <testcase classname="ds.cor_smk" name="simple_test_split_casewise.complete" time="0.00199999999995271"/>
    <testcase classname="ds.cor_smk" name="simple_test_split_casewise.complete" time="0.00199999999995271"/>
    <testcase classname="ds.cor_smk" name="simple_test_split_casewise.complete" time="0.00200000000018008"/>
    <testcase classname="ds.cor_smk" name="simple_test_split_casewise.complete" time="0.000999999999976353"/>
    <testcase classname="ds.cor_smk" name="simple_test_split_casewise.complete" time="0.00199999999995271"/>
    <testcase classname="ds.cor_smk" name="simple_test_split_casewise.complete" time="0.00199999999995271"/>
    <testcase classname="ds.cor_smk" name="simple_test_split_casewise.complete" time="0.00199999999995271"/>
    <testcase classname="ds.cor_smk" name="simple_test_split_casewise.complete" time="0.000999999999976353"/>
    <testcase classname="ds.cor_smk" name="simple_test_split_casewise.complete" time="0.00200000000018008"/>
    <testcase classname="ds.cor_smk" name="simple_test_split_casewise.complete" time="0.00199999999995271"/>
  </testsuite>
  <testsuite errors="0" failures="0" hostname="fv-az14" name="ds.cor::smk::setup::shutdown" skipped="0" tests="3" time="0.287" timestamp="2020-10-27T20:49:00Z">
    <testcase classname="ds.cor_smk_setup_shutdown" name="shutdown" time="0.284999999999854"/>
    <testcase classname="ds.cor_smk_setup_shutdown" name="shutdown" time="0.00100000000020373"/>
    <testcase classname="ds.cor_smk_setup_shutdown" name="shutdown" time="0.000999999999976353"/>
  </testsuite>
  <testsuite errors="0" failures="0" hostname="fv-az14" name="ds.cor::smk::setup::done" skipped="0" tests="0" time="0" timestamp="2020-10-27T20:49:01Z"/>
  <testsuite errors="0" failures="0" hostname="fv-az14" name="ds.corTest::smk::setup" skipped="0" tests="3" time="5.405" timestamp="2020-10-27T20:49:01Z">
    <testcase classname="ds.corTest_smk_setup" name="setup" time="5.40300000000002"/>
    <testcase classname="ds.corTest_smk_setup" name="setup" time="0.000999999999976353"/>
    <testcase classname="ds.corTest_smk_setup" name="setup" time="0.000999999999976353"/>
  </testsuite>
  <testsuite errors="0" failures="0" hostname="fv-az14" name="ds.corTest::smk" skipped="0" tests="28" time="2.224" timestamp="2020-10-27T20:49:05Z">
    <testcase classname="ds.corTest_smk" name="simple_test" time="2.18100000000004"/>
    <testcase classname="ds.corTest_smk" name="simple_test" time="0.000999999999976353"/>
    <testcase classname="ds.corTest_smk" name="simple_test" time="0.00199999999995271"/>
    <testcase classname="ds.corTest_smk" name="simple_test" time="0.000999999999976353"/>
    <testcase classname="ds.corTest_smk" name="simple_test" time="0.00199999999995271"/>
    <testcase classname="ds.corTest_smk" name="simple_test" time="0.000999999999976353"/>
    <testcase classname="ds.corTest_smk" name="simple_test" time="0.000999999999976353"/>
    <testcase classname="ds.corTest_smk" name="simple_test" time="0.00100000000020373"/>
    <testcase classname="ds.corTest_smk" name="simple_test" time="0.00199999999995271"/>
    <testcase classname="ds.corTest_smk" name="simple_test" time="0.000999999999976353"/>
    <testcase classname="ds.corTest_smk" name="simple_test" time="0.00199999999995271"/>
    <testcase classname="ds.corTest_smk" name="simple_test" time="0.000999999999976353"/>
    <testcase classname="ds.corTest_smk" name="simple_test" time="0.00199999999995271"/>
    <testcase classname="ds.corTest_smk" name="simple_test" time="0.000999999999976353"/>
    <testcase classname="ds.corTest_smk" name="simple_test" time="0.00200000000018008"/>
    <testcase classname="ds.corTest_smk" name="simple_test" time="0.00199999999995271"/>
    <testcase classname="ds.corTest_smk" name="simple_test" time="0.00199999999995271"/>
    <testcase classname="ds.corTest_smk" name="simple_test" time="0.00199999999995271"/>
    <testcase classname="ds.corTest_smk" name="simple_test" time="0.00200000000018008"/>
    <testcase classname="ds.corTest_smk" name="simple_test" time="0.000999999999976353"/>
    <testcase classname="ds.corTest_smk" name="simple_test" time="0.00199999999995271"/>
    <testcase classname="ds.corTest_smk" name="simple_test" time="0.000999999999976353"/>
    <testcase classname="ds.corTest_smk" name="simple_test" time="0.00299999999992906"/>
    <testcase classname="ds.corTest_smk" name="simple_test" time="0.000999999999976353"/>
    <testcase classname="ds.corTest_smk" name="simple_test" time="0.00200000000018008"/>
    <testcase classname="ds.corTest_smk" name="simple_test" time="0.00199999999995271"/>
    <testcase classname="ds.corTest_smk" name="simple_test" time="0.00199999999995271"/>
    <testcase classname="ds.corTest_smk" name="simple_test" time="0.000999999999976353"/>
  </testsuite>
  <testsuite errors="0" failures="0" hostname="fv-az14" name="ds.corTest::smk::shutdown" skipped="0" tests="3" time="0.284" timestamp="2020-10-27T20:49:08Z">
    <testcase classname="ds.corTest_smk_shutdown" name="shutdown" time="0.281999999999925"/>
    <testcase classname="ds.corTest_smk_shutdown" name="shutdown" time="0.00100000000020373"/>
    <testcase classname="ds.corTest_smk_shutdown" name="shutdown" time="0.000999999999976353"/>
  </testsuite>
  <testsuite errors="0" failures="0" hostname="fv-az14" name="ds.corTest::smk::done" skipped="0" tests="0" time="0" timestamp="2020-10-27T20:49:09Z"/>
  <testsuite errors="0" failures="0" hostname="fv-az14" name="ds.cov::smk::setup" skipped="0" tests="3" time="5.388" timestamp="2020-10-27T20:49:09Z">
    <testcase classname="ds.cov_smk_setup" name="setup" time="5.38599999999997"/>
    <testcase classname="ds.cov_smk_setup" name="setup" time="0.000999999999976353"/>
    <testcase classname="ds.cov_smk_setup" name="setup" time="0.000999999999976353"/>
  </testsuite>
  <testsuite errors="0" failures="0" hostname="fv-az14" name="ds.cov::smk" skipped="0" tests="28" time="4.485" timestamp="2020-10-27T20:49:13Z">
    <testcase classname="ds.cov_smk" name="simple_test_split" time="2.20900000000006"/>
    <testcase classname="ds.cov_smk" name="simple_test_split" time="0.000999999999976353"/>
    <testcase classname="ds.cov_smk" name="simple_test_split" time="0.000999999999976353"/>
    <testcase classname="ds.cov_smk" name="simple_test_split" time="0.000999999999976353"/>
    <testcase classname="ds.cov_smk" name="simple_test_split" time="0.000999999999976353"/>
    <testcase classname="ds.cov_smk" name="simple_test_split" time="0.000999999999976353"/>
    <testcase classname="ds.cov_smk" name="simple_test_split" time="0.00200000000018008"/>
    <testcase classname="ds.cov_smk" name="simple_test_split" time="0.000999999999976353"/>
    <testcase classname="ds.cov_smk" name="simple_test_split" time="0.00199999999995271"/>
    <testcase classname="ds.cov_smk" name="simple_test_split" time="0.000999999999976353"/>
    <testcase classname="ds.cov_smk" name="simple_test_split" time="0.00199999999995271"/>
    <testcase classname="ds.cov_smk" name="simple_test_split" time="0.00199999999995271"/>
    <testcase classname="ds.cov_smk" name="simple_test_split" time="0.00200000000018008"/>
    <testcase classname="ds.cov_smk" name="simple_test_split" time="0.000999999999976353"/>
    <testcase classname="ds.cov_smk" name="simple_test_split" time="0.00199999999995271"/>
    <testcase classname="ds.cov_smk" name="simple_test_split" time="0.00199999999995271"/>
    <testcase classname="ds.cov_smk" name="simple_test_split" time="0.000999999999976353"/>
    <testcase classname="ds.cov_smk" name="simple_test_split" time="0.00199999999995271"/>
    <testcase classname="ds.cov_smk" name="simple_test_split" time="0.00200000000018008"/>
    <testcase classname="ds.cov_smk" name="simple_test_combine" time="2.2349999999999"/>
    <testcase classname="ds.cov_smk" name="simple_test_combine" time="0.00199999999995271"/>
    <testcase classname="ds.cov_smk" name="simple_test_combine" time="0.000999999999976353"/>
    <testcase classname="ds.cov_smk" name="simple_test_combine" time="0.00200000000018008"/>
    <testcase classname="ds.cov_smk" name="simple_test_combine" time="0.000999999999976353"/>
    <testcase classname="ds.cov_smk" name="simple_test_combine" time="0.00199999999995271"/>
    <testcase classname="ds.cov_smk" name="simple_test_combine" time="0.00199999999995271"/>
    <testcase classname="ds.cov_smk" name="simple_test_combine" time="0.00199999999995271"/>
    <testcase classname="ds.cov_smk" name="simple_test_combine" time="0.00200000000018008"/>
  </testsuite>
  <testsuite errors="0" failures="0" hostname="fv-az14" name="ds.cov::smk::shutdown" skipped="0" tests="3" time="0.281" timestamp="2020-10-27T20:49:18Z">
    <testcase classname="ds.cov_smk_shutdown" name="shutdown" time="0.277999999999793"/>
    <testcase classname="ds.cov_smk_shutdown" name="shutdown" time="0.00100000000020373"/>
    <testcase classname="ds.cov_smk_shutdown" name="shutdown" time="0.00199999999995271"/>
  </testsuite>
  <testsuite errors="0" failures="0" hostname="fv-az14" name="ds.cov::smk::done" skipped="0" tests="0" time="0" timestamp="2020-10-27T20:49:19Z"/>
  <testsuite errors="0" failures="0" hostname="fv-az14" name="ds.c::smk::setup" skipped="0" tests="3" time="5.427" timestamp="2020-10-27T20:49:19Z">
    <testcase classname="ds.c_smk_setup" name="setup" time="5.42399999999998"/>
    <testcase classname="ds.c_smk_setup" name="setup" time="0.000999999999976353"/>
    <testcase classname="ds.c_smk_setup" name="setup" time="0.00199999999995271"/>
  </testsuite>
  <testsuite errors="0" failures="0" hostname="fv-az14" name="ds.c::smk" skipped="0" tests="1" time="1.503" timestamp="2020-10-27T20:49:24Z">
    <testcase classname="ds.c_smk" name="simple_c" time="1.50299999999993"/>
  </testsuite>
  <testsuite errors="0" failures="0" hostname="fv-az14" name="ds.c::smk::shutdown" skipped="0" tests="3" time="0.283" timestamp="2020-10-27T20:49:25Z">
    <testcase classname="ds.c_smk_shutdown" name="setup" time="0.2800000000002"/>
    <testcase classname="ds.c_smk_shutdown" name="setup" time="0.000999999999976353"/>
    <testcase classname="ds.c_smk_shutdown" name="setup" time="0.00199999999995271"/>
  </testsuite>
  <testsuite errors="0" failures="0" hostname="fv-az14" name="ds.c::smk::done" skipped="0" tests="0" time="0" timestamp="2020-10-27T20:49:26Z"/>
  <testsuite errors="0" failures="0" hostname="fv-az14" name="ds.dataFrameFill::smk::setup" skipped="0" tests="3" time="5.409" timestamp="2020-10-27T20:49:26Z">
    <testcase classname="ds.dataFrameFill_smk_setup" name="setup" time="5.40599999999995"/>
    <testcase classname="ds.dataFrameFill_smk_setup" name="setup" time="0.000999999999976353"/>
    <testcase classname="ds.dataFrameFill_smk_setup" name="setup" time="0.00199999999995271"/>
  </testsuite>
  <testsuite errors="0" failures="0" hostname="fv-az14" name="ds.dataFrameFill::smk::donothing dataframes" skipped="0" tests="14" time="4.338" timestamp="2020-10-27T20:49:31Z">
    <testcase classname="ds.dataFrameFill_smk_donothing_dataframes" name="dataFrameFill_donothing" time="1.2320000000002"/>
    <testcase classname="ds.dataFrameFill_smk_donothing_dataframes" name="dataFrameFill_donothing" time="0.000999999999976353"/>
    <testcase classname="ds.dataFrameFill_smk_donothing_dataframes" name="dataFrameFill_donothing" time="0.000999999999976353"/>
    <testcase classname="ds.dataFrameFill_smk_donothing_dataframes" name="dataFrameFill_donothing" time="0.00199999999995271"/>
    <testcase classname="ds.dataFrameFill_smk_donothing_dataframes" name="dataFrameFill_donothing" time="0.000999999999976353"/>
    <testcase classname="ds.dataFrameFill_smk_donothing_dataframes" name="dataFrameFill_donothing" time="0.000999999999976353"/>
    <testcase classname="ds.dataFrameFill_smk_donothing_dataframes" name="dataFrameFill_donothing" time="0.00199999999995271"/>
    <testcase classname="ds.dataFrameFill_smk_donothing_dataframes" name="dataFrameFill_donothing" time="0.000999999999976353"/>
    <testcase classname="ds.dataFrameFill_smk_donothing_dataframes" name="dataFrameFill_donothing" time="0.00200000000018008"/>
    <testcase classname="ds.dataFrameFill_smk_donothing_dataframes" name="dataFrameFill_donothing" time="0.000999999999976353"/>
    <testcase classname="ds.dataFrameFill_smk_donothing_dataframes" name="dataFrameFill_donothing" time="0.000999999999976353"/>
    <testcase classname="ds.dataFrameFill_smk_donothing_dataframes" name="dataFrameFill_donothing" time="0.00199999999995271"/>
    <testcase classname="ds.dataFrameFill_smk_donothing_dataframes" name="dataFrameFill_donothing" time="0.000999999999976353"/>
    <testcase classname="ds.dataFrameFill_smk_donothing_dataframes" name="dataFrameFill_donothing" time="3.09000000000015"/>
  </testsuite>
  <testsuite errors="0" failures="0" hostname="fv-az14" name="ds.dataFrameFill::smk::shutdown" skipped="0" tests="3" time="0.28" timestamp="2020-10-27T20:49:35Z">
    <testcase classname="ds.dataFrameFill_smk_shutdown" name="shutdown" time="0.27800000000002"/>
    <testcase classname="ds.dataFrameFill_smk_shutdown" name="shutdown" time="0.000999999999976353"/>
    <testcase classname="ds.dataFrameFill_smk_shutdown" name="shutdown" time="0.000999999999976353"/>
  </testsuite>
  <testsuite errors="0" failures="0" hostname="fv-az14" name="ds.dataFrameFill::smk::done" skipped="0" tests="0" time="0" timestamp="2020-10-27T20:49:36Z"/>
  <testsuite errors="0" failures="0" hostname="fv-az14" name="ds.dataFrameFill::smk::setup" skipped="0" tests="3" time="5.36" timestamp="2020-10-27T20:49:36Z">
    <testcase classname="ds.dataFrameFill_smk_setup" name="setup" time="5.35699999999997"/>
    <testcase classname="ds.dataFrameFill_smk_setup" name="setup" time="0.00199999999995271"/>
    <testcase classname="ds.dataFrameFill_smk_setup" name="setup" time="0.000999999999976353"/>
  </testsuite>
  <testsuite errors="0" failures="0" hostname="fv-az14" name="ds.dataFrameFill::smk::extend unfilled dataframes" skipped="0" tests="26" time="8.001" timestamp="2020-10-27T20:49:41Z">
    <testcase classname="ds.dataFrameFill_smk_extend_unfilled_dataframes" name="dataFrameFill_exists" time="1.22600000000011"/>
    <testcase classname="ds.dataFrameFill_smk_extend_unfilled_dataframes" name="dataFrameFill_exists" time="0.00199999999995271"/>
    <testcase classname="ds.dataFrameFill_smk_extend_unfilled_dataframes" name="dataFrameFill_exists" time="0.000999999999976353"/>
    <testcase classname="ds.dataFrameFill_smk_extend_unfilled_dataframes" name="dataFrameFill_exists" time="0.000999999999976353"/>
    <testcase classname="ds.dataFrameFill_smk_extend_unfilled_dataframes" name="dataFrameFill_exists" time="0.00199999999995271"/>
    <testcase classname="ds.dataFrameFill_smk_extend_unfilled_dataframes" name="dataFrameFill_exists" time="0.000999999999976353"/>
    <testcase classname="ds.dataFrameFill_smk_extend_unfilled_dataframes" name="dataFrameFill_exists" time="0.00100000000020373"/>
    <testcase classname="ds.dataFrameFill_smk_extend_unfilled_dataframes" name="dataFrameFill_exists" time="0.000999999999976353"/>
    <testcase classname="ds.dataFrameFill_smk_extend_unfilled_dataframes" name="dataFrameFill_exists" time="0.00199999999995271"/>
    <testcase classname="ds.dataFrameFill_smk_extend_unfilled_dataframes" name="dataFrameFill_exists" time="0.000999999999976353"/>
    <testcase classname="ds.dataFrameFill_smk_extend_unfilled_dataframes" name="dataFrameFill_exists" time="5.52600000000007"/>
    <testcase classname="ds.dataFrameFill_smk_extend_unfilled_dataframes" name="dataFrameFill_exists" time="0.00199999999995271"/>
    <testcase classname="ds.dataFrameFill_smk_extend_unfilled_dataframes" name="dataFrameFill_exists" time="0.00199999999995271"/>
    <testcase classname="ds.dataFrameFill_smk_extend_unfilled_dataframes" name="dataFrameFill_exists" time="1.21499999999992"/>
    <testcase classname="ds.dataFrameFill_smk_extend_unfilled_dataframes" name="dataFrameFill_exists" time="0.00200000000018008"/>
    <testcase classname="ds.dataFrameFill_smk_extend_unfilled_dataframes" name="dataFrameFill_exists" time="0.000999999999976353"/>
    <testcase classname="ds.dataFrameFill_smk_extend_unfilled_dataframes" name="dataFrameFill_exists" time="0.00199999999995271"/>
    <testcase classname="ds.dataFrameFill_smk_extend_unfilled_dataframes" name="dataFrameFill_exists" time="0.000999999999976353"/>
    <testcase classname="ds.dataFrameFill_smk_extend_unfilled_dataframes" name="dataFrameFill_exists" time="0.00199999999995271"/>
    <testcase classname="ds.dataFrameFill_smk_extend_unfilled_dataframes" name="dataFrameFill_exists" time="0.000999999999976353"/>
    <testcase classname="ds.dataFrameFill_smk_extend_unfilled_dataframes" name="dataFrameFill_exists" time="0.00200000000018008"/>
    <testcase classname="ds.dataFrameFill_smk_extend_unfilled_dataframes" name="dataFrameFill_exists" time="0.000999999999976353"/>
    <testcase classname="ds.dataFrameFill_smk_extend_unfilled_dataframes" name="dataFrameFill_exists" time="0.00199999999995271"/>
    <testcase classname="ds.dataFrameFill_smk_extend_unfilled_dataframes" name="dataFrameFill_exists" time="0.00199999999995271"/>
    <testcase classname="ds.dataFrameFill_smk_extend_unfilled_dataframes" name="dataFrameFill_exists" time="0.000999999999976353"/>
    <testcase classname="ds.dataFrameFill_smk_extend_unfilled_dataframes" name="dataFrameFill_exists" time="0.000999999999976353"/>
  </testsuite>
  <testsuite errors="0" failures="0" hostname="fv-az14" name="ds.dataFrameFill::smk::shutdown" skipped="0" tests="3" time="0.279" timestamp="2020-10-27T20:49:49Z">
    <testcase classname="ds.dataFrameFill_smk_shutdown" name="shutdown" time="0.276000000000067"/>
    <testcase classname="ds.dataFrameFill_smk_shutdown" name="shutdown" time="0.00199999999995271"/>
    <testcase classname="ds.dataFrameFill_smk_shutdown" name="shutdown" time="0.000999999999976353"/>
  </testsuite>
  <testsuite errors="0" failures="0" hostname="fv-az14" name="ds.dataFrameFill::smk::done" skipped="0" tests="0" time="0" timestamp="2020-10-27T20:49:50Z"/>
  <testsuite errors="0" failures="0" hostname="fv-az14" name="ds.dataFrame::smk::setup" skipped="0" tests="3" time="5.392" timestamp="2020-10-27T20:49:50Z">
    <testcase classname="ds.dataFrame_smk_setup" name="setup" time="5.3900000000001"/>
    <testcase classname="ds.dataFrame_smk_setup" name="setup" time="0.000999999999976353"/>
    <testcase classname="ds.dataFrame_smk_setup" name="setup" time="0.000999999999976353"/>
  </testsuite>
  <testsuite errors="0" failures="0" hostname="fv-az14" name="ds.dataFrame::smk::create a dataframe, from root variables" skipped="0" tests="25" time="5.842" timestamp="2020-10-27T20:49:54Z">
    <testcase classname="ds.dataFrame_smk_create_a_dataframe_from_root_variables" name="dataframe_exists" time="3.76800000000003"/>
    <testcase classname="ds.dataFrame_smk_create_a_dataframe_from_root_variables" name="dataframe_exists" time="0.000999999999976353"/>
    <testcase classname="ds.dataFrame_smk_create_a_dataframe_from_root_variables" name="dataframe_exists" time="0.00199999999995271"/>
    <testcase classname="ds.dataFrame_smk_create_a_dataframe_from_root_variables" name="dataframe_exists" time="0.813000000000102"/>
    <testcase classname="ds.dataFrame_smk_create_a_dataframe_from_root_variables" name="dataframe_exists" time="0.000999999999976353"/>
    <testcase classname="ds.dataFrame_smk_create_a_dataframe_from_root_variables" name="dataframe_exists" time="0.00199999999995271"/>
    <testcase classname="ds.dataFrame_smk_create_a_dataframe_from_root_variables" name="dataframe_exists" time="0.000999999999976353"/>
    <testcase classname="ds.dataFrame_smk_create_a_dataframe_from_root_variables" name="dataframe_exists" time="0.000999999999976353"/>
    <testcase classname="ds.dataFrame_smk_create_a_dataframe_from_root_variables" name="dataframe_exists" time="0.00100000000020373"/>
    <testcase classname="ds.dataFrame_smk_create_a_dataframe_from_root_variables" name="dataframe_exists" time="0.000999999999976353"/>
    <testcase classname="ds.dataFrame_smk_create_a_dataframe_from_root_variables" name="dataframe_exists" time="0.00199999999995271"/>
    <testcase classname="ds.dataFrame_smk_create_a_dataframe_from_root_variables" name="dataframe_exists" time="0.000999999999976353"/>
    <testcase classname="ds.dataFrame_smk_create_a_dataframe_from_root_variables" name="dataframe_exists" time="0.000999999999976353"/>
    <testcase classname="ds.dataFrame_smk_create_a_dataframe_from_root_variables" name="dataframe_exists" time="0.000999999999976353"/>
    <testcase classname="ds.dataFrame_smk_create_a_dataframe_from_root_variables" name="dataframe_exists" time="0.00199999999995271"/>
    <testcase classname="ds.dataFrame_smk_create_a_dataframe_from_root_variables" name="dataframe_exists" time="1.22300000000018"/>
    <testcase classname="ds.dataFrame_smk_create_a_dataframe_from_root_variables" name="dataframe_exists" time="0.00799999999981083"/>
    <testcase classname="ds.dataFrame_smk_create_a_dataframe_from_root_variables" name="dataframe_exists" time="0.00200000000018008"/>
    <testcase classname="ds.dataFrame_smk_create_a_dataframe_from_root_variables" name="dataframe_exists" time="0.000999999999976353"/>
    <testcase classname="ds.dataFrame_smk_create_a_dataframe_from_root_variables" name="dataframe_exists" time="0.00199999999995271"/>
    <testcase classname="ds.dataFrame_smk_create_a_dataframe_from_root_variables" name="dataframe_exists" time="0.000999999999976353"/>
    <testcase classname="ds.dataFrame_smk_create_a_dataframe_from_root_variables" name="dataframe_exists" time="0.00199999999995271"/>
    <testcase classname="ds.dataFrame_smk_create_a_dataframe_from_root_variables" name="dataframe_exists" time="0.000999999999976353"/>
    <testcase classname="ds.dataFrame_smk_create_a_dataframe_from_root_variables" name="dataframe_exists" time="0.00200000000018008"/>
    <testcase classname="ds.dataFrame_smk_create_a_dataframe_from_root_variables" name="dataframe_exists" time="0.00199999999995271"/>
  </testsuite>
  <testsuite errors="0" failures="0" hostname="fv-az14" name="ds.dataFrame::smk::create a dataframe, with DataSHIELD.checks, from root variables" skipped="0" tests="20" time="17.639" timestamp="2020-10-27T20:50:00Z">
    <testcase classname="ds.dataFrame_smk_create_a_dataframe_with_DataSHIELD.checks_from_root_variables" name="dataframe_exists_with_DataSHIELD.checks" time="15.577"/>
    <testcase classname="ds.dataFrame_smk_create_a_dataframe_with_DataSHIELD.checks_from_root_variables" name="dataframe_exists_with_DataSHIELD.checks" time="0.00199999999995271"/>
    <testcase classname="ds.dataFrame_smk_create_a_dataframe_with_DataSHIELD.checks_from_root_variables" name="dataframe_exists_with_DataSHIELD.checks" time="0.000999999999976353"/>
    <testcase classname="ds.dataFrame_smk_create_a_dataframe_with_DataSHIELD.checks_from_root_variables" name="dataframe_exists_with_DataSHIELD.checks" time="0.816000000000031"/>
    <testcase classname="ds.dataFrame_smk_create_a_dataframe_with_DataSHIELD.checks_from_root_variables" name="dataframe_exists_with_DataSHIELD.checks" time="0.000999999999976353"/>
    <testcase classname="ds.dataFrame_smk_create_a_dataframe_with_DataSHIELD.checks_from_root_variables" name="dataframe_exists_with_DataSHIELD.checks" time="0.000999999999976353"/>
    <testcase classname="ds.dataFrame_smk_create_a_dataframe_with_DataSHIELD.checks_from_root_variables" name="dataframe_exists_with_DataSHIELD.checks" time="0.00199999999995271"/>
    <testcase classname="ds.dataFrame_smk_create_a_dataframe_with_DataSHIELD.checks_from_root_variables" name="dataframe_exists_with_DataSHIELD.checks" time="0.000999999999976353"/>
    <testcase classname="ds.dataFrame_smk_create_a_dataframe_with_DataSHIELD.checks_from_root_variables" name="dataframe_exists_with_DataSHIELD.checks" time="0.00100000000020373"/>
    <testcase classname="ds.dataFrame_smk_create_a_dataframe_with_DataSHIELD.checks_from_root_variables" name="dataframe_exists_with_DataSHIELD.checks" time="0.00199999999995271"/>
    <testcase classname="ds.dataFrame_smk_create_a_dataframe_with_DataSHIELD.checks_from_root_variables" name="dataframe_exists_with_DataSHIELD.checks" time="1.22199999999998"/>
    <testcase classname="ds.dataFrame_smk_create_a_dataframe_with_DataSHIELD.checks_from_root_variables" name="dataframe_exists_with_DataSHIELD.checks" time="0.000999999999976353"/>
    <testcase classname="ds.dataFrame_smk_create_a_dataframe_with_DataSHIELD.checks_from_root_variables" name="dataframe_exists_with_DataSHIELD.checks" time="0.00199999999995271"/>
    <testcase classname="ds.dataFrame_smk_create_a_dataframe_with_DataSHIELD.checks_from_root_variables" name="dataframe_exists_with_DataSHIELD.checks" time="0.000999999999976353"/>
    <testcase classname="ds.dataFrame_smk_create_a_dataframe_with_DataSHIELD.checks_from_root_variables" name="dataframe_exists_with_DataSHIELD.checks" time="0.000999999999976353"/>
    <testcase classname="ds.dataFrame_smk_create_a_dataframe_with_DataSHIELD.checks_from_root_variables" name="dataframe_exists_with_DataSHIELD.checks" time="0.00200000000018008"/>
    <testcase classname="ds.dataFrame_smk_create_a_dataframe_with_DataSHIELD.checks_from_root_variables" name="dataframe_exists_with_DataSHIELD.checks" time="0.00199999999995271"/>
    <testcase classname="ds.dataFrame_smk_create_a_dataframe_with_DataSHIELD.checks_from_root_variables" name="dataframe_exists_with_DataSHIELD.checks" time="0.000999999999976353"/>
    <testcase classname="ds.dataFrame_smk_create_a_dataframe_with_DataSHIELD.checks_from_root_variables" name="dataframe_exists_with_DataSHIELD.checks" time="0.000999999999976353"/>
    <testcase classname="ds.dataFrame_smk_create_a_dataframe_with_DataSHIELD.checks_from_root_variables" name="dataframe_exists_with_DataSHIELD.checks" time="0.00199999999995271"/>
  </testsuite>
  <testsuite errors="0" failures="0" hostname="fv-az14" name="ds.dataFrame::smk::create a dataframe, from dataframe variables" skipped="0" tests="25" time="4.48" timestamp="2020-10-27T20:50:18Z">
    <testcase classname="ds.dataFrame_smk_create_a_dataframe_from_dataframe_variables" name="dataframe_exists_from_dataframe_variables" time="2.95900000000006"/>
    <testcase classname="ds.dataFrame_smk_create_a_dataframe_from_dataframe_variables" name="dataframe_exists_from_dataframe_variables" time="0.00199999999995271"/>
    <testcase classname="ds.dataFrame_smk_create_a_dataframe_from_dataframe_variables" name="dataframe_exists_from_dataframe_variables" time="0.000999999999976353"/>
    <testcase classname="ds.dataFrame_smk_create_a_dataframe_from_dataframe_variables" name="dataframe_exists_from_dataframe_variables" time="0.267000000000053"/>
    <testcase classname="ds.dataFrame_smk_create_a_dataframe_from_dataframe_variables" name="dataframe_exists_from_dataframe_variables" time="0.00199999999995271"/>
    <testcase classname="ds.dataFrame_smk_create_a_dataframe_from_dataframe_variables" name="dataframe_exists_from_dataframe_variables" time="0.000999999999976353"/>
    <testcase classname="ds.dataFrame_smk_create_a_dataframe_from_dataframe_variables" name="dataframe_exists_from_dataframe_variables" time="0.00200000000018008"/>
    <testcase classname="ds.dataFrame_smk_create_a_dataframe_from_dataframe_variables" name="dataframe_exists_from_dataframe_variables" time="0.000999999999976353"/>
    <testcase classname="ds.dataFrame_smk_create_a_dataframe_from_dataframe_variables" name="dataframe_exists_from_dataframe_variables" time="0.000999999999976353"/>
    <testcase classname="ds.dataFrame_smk_create_a_dataframe_from_dataframe_variables" name="dataframe_exists_from_dataframe_variables" time="0.00199999999995271"/>
    <testcase classname="ds.dataFrame_smk_create_a_dataframe_from_dataframe_variables" name="dataframe_exists_from_dataframe_variables" time="0.000999999999976353"/>
    <testcase classname="ds.dataFrame_smk_create_a_dataframe_from_dataframe_variables" name="dataframe_exists_from_dataframe_variables" time="0.00199999999995271"/>
    <testcase classname="ds.dataFrame_smk_create_a_dataframe_from_dataframe_variables" name="dataframe_exists_from_dataframe_variables" time="0.000999999999976353"/>
    <testcase classname="ds.dataFrame_smk_create_a_dataframe_from_dataframe_variables" name="dataframe_exists_from_dataframe_variables" time="0.00200000000018008"/>
    <testcase classname="ds.dataFrame_smk_create_a_dataframe_from_dataframe_variables" name="dataframe_exists_from_dataframe_variables" time="0.000999999999976353"/>
    <testcase classname="ds.dataFrame_smk_create_a_dataframe_from_dataframe_variables" name="dataframe_exists_from_dataframe_variables" time="1.221"/>
    <testcase classname="ds.dataFrame_smk_create_a_dataframe_from_dataframe_variables" name="dataframe_exists_from_dataframe_variables" time="0.00199999999995271"/>
    <testcase classname="ds.dataFrame_smk_create_a_dataframe_from_dataframe_variables" name="dataframe_exists_from_dataframe_variables" time="0.00199999999995271"/>
    <testcase classname="ds.dataFrame_smk_create_a_dataframe_from_dataframe_variables" name="dataframe_exists_from_dataframe_variables" time="0.000999999999976353"/>
    <testcase classname="ds.dataFrame_smk_create_a_dataframe_from_dataframe_variables" name="dataframe_exists_from_dataframe_variables" time="0.00199999999995271"/>
    <testcase classname="ds.dataFrame_smk_create_a_dataframe_from_dataframe_variables" name="dataframe_exists_from_dataframe_variables" time="0.00100000000020373"/>
    <testcase classname="ds.dataFrame_smk_create_a_dataframe_from_dataframe_variables" name="dataframe_exists_from_dataframe_variables" time="0.00199999999995271"/>
    <testcase classname="ds.dataFrame_smk_create_a_dataframe_from_dataframe_variables" name="dataframe_exists_from_dataframe_variables" time="0.000999999999976353"/>
    <testcase classname="ds.dataFrame_smk_create_a_dataframe_from_dataframe_variables" name="dataframe_exists_from_dataframe_variables" time="0.00199999999995271"/>
    <testcase classname="ds.dataFrame_smk_create_a_dataframe_from_dataframe_variables" name="dataframe_exists_from_dataframe_variables" time="0.000999999999976353"/>
  </testsuite>
  <testsuite errors="0" failures="0" hostname="fv-az14" name="ds.dataFrame::smk::create a dataframe, with DataSHIELD.checks, from dataframe variables" skipped="0" tests="20" time="16.104" timestamp="2020-10-27T20:50:23Z">
    <testcase classname="ds.dataFrame_smk_create_a_dataframe_with_DataSHIELD.checks_from_dataframe_variables" name="dataframe_exists_with_DataSHIELD.checks_from_dataframe_variables" time="14.5610000000001"/>
    <testcase classname="ds.dataFrame_smk_create_a_dataframe_with_DataSHIELD.checks_from_dataframe_variables" name="dataframe_exists_with_DataSHIELD.checks_from_dataframe_variables" time="0.000999999999976353"/>
    <testcase classname="ds.dataFrame_smk_create_a_dataframe_with_DataSHIELD.checks_from_dataframe_variables" name="dataframe_exists_with_DataSHIELD.checks_from_dataframe_variables" time="0.00199999999995271"/>
    <testcase classname="ds.dataFrame_smk_create_a_dataframe_with_DataSHIELD.checks_from_dataframe_variables" name="dataframe_exists_with_DataSHIELD.checks_from_dataframe_variables" time="0.273999999999887"/>
    <testcase classname="ds.dataFrame_smk_create_a_dataframe_with_DataSHIELD.checks_from_dataframe_variables" name="dataframe_exists_with_DataSHIELD.checks_from_dataframe_variables" time="0.000999999999976353"/>
    <testcase classname="ds.dataFrame_smk_create_a_dataframe_with_DataSHIELD.checks_from_dataframe_variables" name="dataframe_exists_with_DataSHIELD.checks_from_dataframe_variables" time="0.00200000000018008"/>
    <testcase classname="ds.dataFrame_smk_create_a_dataframe_with_DataSHIELD.checks_from_dataframe_variables" name="dataframe_exists_with_DataSHIELD.checks_from_dataframe_variables" time="0.000999999999976353"/>
    <testcase classname="ds.dataFrame_smk_create_a_dataframe_with_DataSHIELD.checks_from_dataframe_variables" name="dataframe_exists_with_DataSHIELD.checks_from_dataframe_variables" time="0.00199999999995271"/>
    <testcase classname="ds.dataFrame_smk_create_a_dataframe_with_DataSHIELD.checks_from_dataframe_variables" name="dataframe_exists_with_DataSHIELD.checks_from_dataframe_variables" time="0.000999999999976353"/>
    <testcase classname="ds.dataFrame_smk_create_a_dataframe_with_DataSHIELD.checks_from_dataframe_variables" name="dataframe_exists_with_DataSHIELD.checks_from_dataframe_variables" time="0.000999999999976353"/>
    <testcase classname="ds.dataFrame_smk_create_a_dataframe_with_DataSHIELD.checks_from_dataframe_variables" name="dataframe_exists_with_DataSHIELD.checks_from_dataframe_variables" time="1.24299999999994"/>
    <testcase classname="ds.dataFrame_smk_create_a_dataframe_with_DataSHIELD.checks_from_dataframe_variables" name="dataframe_exists_with_DataSHIELD.checks_from_dataframe_variables" time="0.00200000000018008"/>
    <testcase classname="ds.dataFrame_smk_create_a_dataframe_with_DataSHIELD.checks_from_dataframe_variables" name="dataframe_exists_with_DataSHIELD.checks_from_dataframe_variables" time="0.000999999999976353"/>
    <testcase classname="ds.dataFrame_smk_create_a_dataframe_with_DataSHIELD.checks_from_dataframe_variables" name="dataframe_exists_with_DataSHIELD.checks_from_dataframe_variables" time="0.00199999999995271"/>
    <testcase classname="ds.dataFrame_smk_create_a_dataframe_with_DataSHIELD.checks_from_dataframe_variables" name="dataframe_exists_with_DataSHIELD.checks_from_dataframe_variables" time="0.000999999999976353"/>
    <testcase classname="ds.dataFrame_smk_create_a_dataframe_with_DataSHIELD.checks_from_dataframe_variables" name="dataframe_exists_with_DataSHIELD.checks_from_dataframe_variables" time="0.00199999999995271"/>
    <testcase classname="ds.dataFrame_smk_create_a_dataframe_with_DataSHIELD.checks_from_dataframe_variables" name="dataframe_exists_with_DataSHIELD.checks_from_dataframe_variables" time="0.00199999999995271"/>
    <testcase classname="ds.dataFrame_smk_create_a_dataframe_with_DataSHIELD.checks_from_dataframe_variables" name="dataframe_exists_with_DataSHIELD.checks_from_dataframe_variables" time="0.00200000000018008"/>
    <testcase classname="ds.dataFrame_smk_create_a_dataframe_with_DataSHIELD.checks_from_dataframe_variables" name="dataframe_exists_with_DataSHIELD.checks_from_dataframe_variables" time="0.000999999999976353"/>
    <testcase classname="ds.dataFrame_smk_create_a_dataframe_with_DataSHIELD.checks_from_dataframe_variables" name="dataframe_exists_with_DataSHIELD.checks_from_dataframe_variables" time="0.00199999999995271"/>
  </testsuite>
  <testsuite errors="0" failures="0" hostname="fv-az14" name="ds.dataFrame::smk::shutdown" skipped="0" tests="3" time="0.552" timestamp="2020-10-27T20:50:39Z">
    <testcase classname="ds.dataFrame_smk_shutdown" name="shutdown" time="0.548999999999978"/>
    <testcase classname="ds.dataFrame_smk_shutdown" name="shutdown" time="0.00199999999995271"/>
    <testcase classname="ds.dataFrame_smk_shutdown" name="shutdown" time="0.000999999999976353"/>
  </testsuite>
  <testsuite errors="0" failures="0" hostname="fv-az14" name="ds.dataFrame::smk::done" skipped="0" tests="0" time="0" timestamp="2020-10-27T20:50:40Z"/>
  <testsuite errors="0" failures="0" hostname="fv-az14" name="ds.dataFrameSort::smk::setup" skipped="0" tests="3" time="5.41" timestamp="2020-10-27T20:50:40Z">
    <testcase classname="ds.dataFrameSort_smk_setup" name="setup" time="5.40700000000015"/>
    <testcase classname="ds.dataFrameSort_smk_setup" name="setup" time="0.00199999999995271"/>
    <testcase classname="ds.dataFrameSort_smk_setup" name="setup" time="0.000999999999976353"/>
  </testsuite>
  <testsuite errors="0" failures="0" hostname="fv-az14" name="ds.dataFrameSort::smk::create a sorted dataframe" skipped="0" tests="10" time="3.523" timestamp="2020-10-27T20:50:44Z">
    <testcase classname="ds.dataFrameSort_smk_create_a_sorted_dataframe" name="dataFrameSort_exists" time="3.51099999999997"/>
    <testcase classname="ds.dataFrameSort_smk_create_a_sorted_dataframe" name="dataFrameSort_exists" time="0.000999999999976353"/>
    <testcase classname="ds.dataFrameSort_smk_create_a_sorted_dataframe" name="dataFrameSort_exists" time="0.000999999999976353"/>
    <testcase classname="ds.dataFrameSort_smk_create_a_sorted_dataframe" name="dataFrameSort_exists" time="0.00100000000020373"/>
    <testcase classname="ds.dataFrameSort_smk_create_a_sorted_dataframe" name="dataFrameSort_exists" time="0.000999999999976353"/>
    <testcase classname="ds.dataFrameSort_smk_create_a_sorted_dataframe" name="dataFrameSort_exists" time="0.00199999999995271"/>
    <testcase classname="ds.dataFrameSort_smk_create_a_sorted_dataframe" name="dataFrameSort_exists" time="0.000999999999976353"/>
    <testcase classname="ds.dataFrameSort_smk_create_a_sorted_dataframe" name="dataFrameSort_exists" time="0.00199999999995271"/>
    <testcase classname="ds.dataFrameSort_smk_create_a_sorted_dataframe" name="dataFrameSort_exists" time="0.000999999999976353"/>
    <testcase classname="ds.dataFrameSort_smk_create_a_sorted_dataframe" name="dataFrameSort_exists" time="0.00200000000018008"/>
  </testsuite>
  <testsuite errors="0" failures="0" hostname="fv-az14" name="ds.dataFrameSort::smk::shutdown" skipped="0" tests="3" time="0.294" timestamp="2020-10-27T20:50:48Z">
    <testcase classname="ds.dataFrameSort_smk_shutdown" name="shutdown" time="0.29099999999994"/>
    <testcase classname="ds.dataFrameSort_smk_shutdown" name="shutdown" time="0.000999999999976353"/>
    <testcase classname="ds.dataFrameSort_smk_shutdown" name="shutdown" time="0.00199999999995271"/>
  </testsuite>
  <testsuite errors="0" failures="0" hostname="fv-az14" name="ds.dataFrameSort::smk::done" skipped="0" tests="0" time="0" timestamp="2020-10-27T20:50:49Z"/>
  <testsuite errors="0" failures="0" hostname="fv-az14" name="ds.dataFrameSubset::smk::setup" skipped="0" tests="3" time="5.462" timestamp="2020-10-27T20:50:49Z">
    <testcase classname="ds.dataFrameSubset_smk_setup" name="setup" time="5.45900000000006"/>
    <testcase classname="ds.dataFrameSubset_smk_setup" name="setup" time="0.000999999999976353"/>
    <testcase classname="ds.dataFrameSubset_smk_setup" name="setup" time="0.00199999999995271"/>
  </testsuite>
  <testsuite errors="0" failures="0" hostname="fv-az14" name="ds.dataFrameSubset::smk::create a subset dataframe" skipped="0" tests="23" time="5.228" timestamp="2020-10-27T20:50:54Z">
    <testcase classname="ds.dataFrameSubset_smk_create_a_subset_dataframe" name="dataFrameSubset_exists" time="2.97600000000011"/>
    <testcase classname="ds.dataFrameSubset_smk_create_a_subset_dataframe" name="dataFrameSubset_exists" time="0.00199999999995271"/>
    <testcase classname="ds.dataFrameSubset_smk_create_a_subset_dataframe" name="dataFrameSubset_exists" time="0.00199999999995271"/>
    <testcase classname="ds.dataFrameSubset_smk_create_a_subset_dataframe" name="dataFrameSubset_exists" time="0.00199999999995271"/>
    <testcase classname="ds.dataFrameSubset_smk_create_a_subset_dataframe" name="dataFrameSubset_exists" time="0.000999999999976353"/>
    <testcase classname="ds.dataFrameSubset_smk_create_a_subset_dataframe" name="dataFrameSubset_exists" time="0.000999999999976353"/>
    <testcase classname="ds.dataFrameSubset_smk_create_a_subset_dataframe" name="dataFrameSubset_exists" time="0.00200000000018008"/>
    <testcase classname="ds.dataFrameSubset_smk_create_a_subset_dataframe" name="dataFrameSubset_exists" time="0.000999999999976353"/>
    <testcase classname="ds.dataFrameSubset_smk_create_a_subset_dataframe" name="dataFrameSubset_exists" time="0.00199999999995271"/>
    <testcase classname="ds.dataFrameSubset_smk_create_a_subset_dataframe" name="dataFrameSubset_exists" time="0.000999999999976353"/>
    <testcase classname="ds.dataFrameSubset_smk_create_a_subset_dataframe" name="dataFrameSubset_exists" time="2.22000000000003"/>
    <testcase classname="ds.dataFrameSubset_smk_create_a_subset_dataframe" name="dataFrameSubset_exists" time="0.000999999999976353"/>
    <testcase classname="ds.dataFrameSubset_smk_create_a_subset_dataframe" name="dataFrameSubset_exists" time="0.00199999999995271"/>
    <testcase classname="ds.dataFrameSubset_smk_create_a_subset_dataframe" name="dataFrameSubset_exists" time="0.000999999999976353"/>
    <testcase classname="ds.dataFrameSubset_smk_create_a_subset_dataframe" name="dataFrameSubset_exists" time="0.00200000000018008"/>
    <testcase classname="ds.dataFrameSubset_smk_create_a_subset_dataframe" name="dataFrameSubset_exists" time="0.000999999999976353"/>
    <testcase classname="ds.dataFrameSubset_smk_create_a_subset_dataframe" name="dataFrameSubset_exists" time="0.00199999999995271"/>
    <testcase classname="ds.dataFrameSubset_smk_create_a_subset_dataframe" name="dataFrameSubset_exists" time="0.000999999999976353"/>
    <testcase classname="ds.dataFrameSubset_smk_create_a_subset_dataframe" name="dataFrameSubset_exists" time="0.00199999999995271"/>
    <testcase classname="ds.dataFrameSubset_smk_create_a_subset_dataframe" name="dataFrameSubset_exists" time="0.00199999999995271"/>
    <testcase classname="ds.dataFrameSubset_smk_create_a_subset_dataframe" name="dataFrameSubset_exists" time="0.00100000000020373"/>
    <testcase classname="ds.dataFrameSubset_smk_create_a_subset_dataframe" name="dataFrameSubset_exists" time="0.00199999999995271"/>
    <testcase classname="ds.dataFrameSubset_smk_create_a_subset_dataframe" name="dataFrameSubset_exists" time="0.000999999999976353"/>
  </testsuite>
  <testsuite errors="0" failures="0" hostname="fv-az14" name="ds.dataFrameSubset::smk::create a subset dataframe, based on scalar" skipped="0" tests="23" time="6.28" timestamp="2020-10-27T20:50:59Z">
    <testcase classname="ds.dataFrameSubset_smk_create_a_subset_dataframe_based_on_scalar" name="dataFrameSubset_exists_scalar" time="3.68599999999992"/>
    <testcase classname="ds.dataFrameSubset_smk_create_a_subset_dataframe_based_on_scalar" name="dataFrameSubset_exists_scalar" time="0.00199999999995271"/>
    <testcase classname="ds.dataFrameSubset_smk_create_a_subset_dataframe_based_on_scalar" name="dataFrameSubset_exists_scalar" time="0.00100000000020373"/>
    <testcase classname="ds.dataFrameSubset_smk_create_a_subset_dataframe_based_on_scalar" name="dataFrameSubset_exists_scalar" time="0.00199999999995271"/>
    <testcase classname="ds.dataFrameSubset_smk_create_a_subset_dataframe_based_on_scalar" name="dataFrameSubset_exists_scalar" time="0.000999999999976353"/>
    <testcase classname="ds.dataFrameSubset_smk_create_a_subset_dataframe_based_on_scalar" name="dataFrameSubset_exists_scalar" time="0.000999999999976353"/>
    <testcase classname="ds.dataFrameSubset_smk_create_a_subset_dataframe_based_on_scalar" name="dataFrameSubset_exists_scalar" time="0.00199999999995271"/>
    <testcase classname="ds.dataFrameSubset_smk_create_a_subset_dataframe_based_on_scalar" name="dataFrameSubset_exists_scalar" time="0.000999999999976353"/>
    <testcase classname="ds.dataFrameSubset_smk_create_a_subset_dataframe_based_on_scalar" name="dataFrameSubset_exists_scalar" time="0.00199999999995271"/>
    <testcase classname="ds.dataFrameSubset_smk_create_a_subset_dataframe_based_on_scalar" name="dataFrameSubset_exists_scalar" time="0.00100000000020373"/>
    <testcase classname="ds.dataFrameSubset_smk_create_a_subset_dataframe_based_on_scalar" name="dataFrameSubset_exists_scalar" time="2.5619999999999"/>
    <testcase classname="ds.dataFrameSubset_smk_create_a_subset_dataframe_based_on_scalar" name="dataFrameSubset_exists_scalar" time="0.000999999999976353"/>
    <testcase classname="ds.dataFrameSubset_smk_create_a_subset_dataframe_based_on_scalar" name="dataFrameSubset_exists_scalar" time="0.00199999999995271"/>
    <testcase classname="ds.dataFrameSubset_smk_create_a_subset_dataframe_based_on_scalar" name="dataFrameSubset_exists_scalar" time="0.000999999999976353"/>
    <testcase classname="ds.dataFrameSubset_smk_create_a_subset_dataframe_based_on_scalar" name="dataFrameSubset_exists_scalar" time="0.00200000000018008"/>
    <testcase classname="ds.dataFrameSubset_smk_create_a_subset_dataframe_based_on_scalar" name="dataFrameSubset_exists_scalar" time="0.000999999999976353"/>
    <testcase classname="ds.dataFrameSubset_smk_create_a_subset_dataframe_based_on_scalar" name="dataFrameSubset_exists_scalar" time="0.00199999999995271"/>
    <testcase classname="ds.dataFrameSubset_smk_create_a_subset_dataframe_based_on_scalar" name="dataFrameSubset_exists_scalar" time="0.000999999999976353"/>
    <testcase classname="ds.dataFrameSubset_smk_create_a_subset_dataframe_based_on_scalar" name="dataFrameSubset_exists_scalar" time="0.00199999999995271"/>
    <testcase classname="ds.dataFrameSubset_smk_create_a_subset_dataframe_based_on_scalar" name="dataFrameSubset_exists_scalar" time="0.00199999999995271"/>
    <testcase classname="ds.dataFrameSubset_smk_create_a_subset_dataframe_based_on_scalar" name="dataFrameSubset_exists_scalar" time="0.00200000000018008"/>
    <testcase classname="ds.dataFrameSubset_smk_create_a_subset_dataframe_based_on_scalar" name="dataFrameSubset_exists_scalar" time="0.000999999999976353"/>
    <testcase classname="ds.dataFrameSubset_smk_create_a_subset_dataframe_based_on_scalar" name="dataFrameSubset_exists_scalar" time="0.00199999999995271"/>
  </testsuite>
  <testsuite errors="0" failures="0" hostname="fv-az14" name="ds.dataFrameSubset::smk::shutdown" skipped="0" tests="3" time="0.283" timestamp="2020-10-27T20:51:05Z">
    <testcase classname="ds.dataFrameSubset_smk_shutdown" name="shutdown" time="0.280999999999949"/>
    <testcase classname="ds.dataFrameSubset_smk_shutdown" name="shutdown" time="0.000999999999976353"/>
    <testcase classname="ds.dataFrameSubset_smk_shutdown" name="shutdown" time="0.000999999999976353"/>
  </testsuite>
  <testsuite errors="0" failures="0" hostname="fv-az14" name="ds.dataFrameSubset::smk::down" skipped="0" tests="0" time="0" timestamp="2020-10-27T20:51:06Z"/>
  <testsuite errors="0" failures="0" hostname="fv-az14" name="ds.dim::smk::setup" skipped="0" tests="3" time="5.439" timestamp="2020-10-27T20:51:06Z">
    <testcase classname="ds.dim_smk_setup" name="setup" time="5.43600000000015"/>
    <testcase classname="ds.dim_smk_setup" name="setup" time="0.00199999999995271"/>
    <testcase classname="ds.dim_smk_setup" name="setup" time="0.000999999999976353"/>
  </testsuite>
  <testsuite errors="0" failures="0" hostname="fv-az14" name="ds.dim::smk" skipped="0" tests="13" time="0.309" timestamp="2020-10-27T20:51:11Z">
    <testcase classname="ds.dim_smk" name="simple_dim_both" time="0.29099999999994"/>
    <testcase classname="ds.dim_smk" name="simple_dim_both" time="0.000999999999976353"/>
    <testcase classname="ds.dim_smk" name="simple_dim_both" time="0.00200000000018008"/>
    <testcase classname="ds.dim_smk" name="simple_dim_both" time="0.00199999999995271"/>
    <testcase classname="ds.dim_smk" name="simple_dim_both" time="0.000999999999976353"/>
    <testcase classname="ds.dim_smk" name="simple_dim_both" time="0.000999999999976353"/>
    <testcase classname="ds.dim_smk" name="simple_dim_both" time="0.00199999999995271"/>
    <testcase classname="ds.dim_smk" name="simple_dim_both" time="0.000999999999976353"/>
    <testcase classname="ds.dim_smk" name="simple_dim_both" time="0.00200000000018008"/>
    <testcase classname="ds.dim_smk" name="simple_dim_both" time="0.000999999999976353"/>
    <testcase classname="ds.dim_smk" name="simple_dim_both" time="0.00199999999995271"/>
    <testcase classname="ds.dim_smk" name="simple_dim_both" time="0.000999999999976353"/>
    <testcase classname="ds.dim_smk" name="simple_dim_both" time="0.00199999999995271"/>
  </testsuite>
  <testsuite errors="0" failures="0" hostname="fv-az14" name="ds.dim::smk" skipped="0" tests="10" time="0.295" timestamp="2020-10-27T20:51:11Z">
    <testcase classname="ds.dim_smk" name="simple_dim_split" time="0.282000000000153"/>
    <testcase classname="ds.dim_smk" name="simple_dim_split" time="0.000999999999976353"/>
    <testcase classname="ds.dim_smk" name="simple_dim_split" time="0.00199999999995271"/>
    <testcase classname="ds.dim_smk" name="simple_dim_split" time="0.000999999999976353"/>
    <testcase classname="ds.dim_smk" name="simple_dim_split" time="0.000999999999976353"/>
    <testcase classname="ds.dim_smk" name="simple_dim_split" time="0.00199999999995271"/>
    <testcase classname="ds.dim_smk" name="simple_dim_split" time="0.000999999999976353"/>
    <testcase classname="ds.dim_smk" name="simple_dim_split" time="0.00200000000018008"/>
    <testcase classname="ds.dim_smk" name="simple_dim_split" time="0.000999999999976353"/>
    <testcase classname="ds.dim_smk" name="simple_dim_split" time="0.00199999999995271"/>
  </testsuite>
  <testsuite errors="0" failures="0" hostname="fv-az14" name="ds.dim::smk" skipped="0" tests="4" time="0.287" timestamp="2020-10-27T20:51:12Z">
    <testcase classname="ds.dim_smk" name="simple_dim_combine" time="0.279999999999973"/>
    <testcase classname="ds.dim_smk" name="simple_dim_combine" time="0.00399999999990541"/>
    <testcase classname="ds.dim_smk" name="simple_dim_combine" time="0.00100000000020373"/>
    <testcase classname="ds.dim_smk" name="simple_dim_combine" time="0.00199999999995271"/>
  </testsuite>
  <testsuite errors="0" failures="0" hostname="fv-az14" name="ds.dim::smk::shutdown" skipped="0" tests="3" time="0.291" timestamp="2020-10-27T20:51:12Z">
    <testcase classname="ds.dim_smk_shutdown" name="shutdown" time="0.288000000000011"/>
    <testcase classname="ds.dim_smk_shutdown" name="shutdown" time="0.00199999999995271"/>
    <testcase classname="ds.dim_smk_shutdown" name="shutdown" time="0.000999999999976353"/>
  </testsuite>
  <testsuite errors="0" failures="0" hostname="fv-az14" name="ds.dim::smk::done" skipped="0" tests="0" time="0" timestamp="2020-10-27T20:51:13Z"/>
  <testsuite errors="0" failures="0" hostname="fv-az14" name="ds.exists::smk::setup" skipped="0" tests="3" time="5.431" timestamp="2020-10-27T20:51:13Z">
    <testcase classname="ds.exists_smk_setup" name="setup" time="5.42900000000009"/>
    <testcase classname="ds.exists_smk_setup" name="setup" time="0.000999999999976353"/>
    <testcase classname="ds.exists_smk_setup" name="setup" time="0.000999999999976353"/>
  </testsuite>
  <testsuite errors="0" failures="0" hostname="fv-az14" name="ds.exists::smk" skipped="0" tests="7" time="0.284" timestamp="2020-10-27T20:51:18Z">
    <testcase classname="ds.exists_smk" name="simple_exists" time="0.276000000000067"/>
    <testcase classname="ds.exists_smk" name="simple_exists" time="0.000999999999976353"/>
    <testcase classname="ds.exists_smk" name="simple_exists" time="0.00199999999995271"/>
    <testcase classname="ds.exists_smk" name="simple_exists" time="0.000999999999976353"/>
    <testcase classname="ds.exists_smk" name="simple_exists" time="0.000999999999976353"/>
    <testcase classname="ds.exists_smk" name="simple_exists" time="0.000999999999976353"/>
    <testcase classname="ds.exists_smk" name="simple_exists" time="0.00199999999995271"/>
  </testsuite>
  <testsuite errors="0" failures="0" hostname="fv-az14" name="ds.exists::smk" skipped="0" tests="7" time="0.287" timestamp="2020-10-27T20:51:18Z">
    <testcase classname="ds.exists_smk" name="simple_exists_with_dollar" time="0.27800000000002"/>
    <testcase classname="ds.exists_smk" name="simple_exists_with_dollar" time="0.000999999999976353"/>
    <testcase classname="ds.exists_smk" name="simple_exists_with_dollar" time="0.00200000000018008"/>
    <testcase classname="ds.exists_smk" name="simple_exists_with_dollar" time="0.000999999999976353"/>
    <testcase classname="ds.exists_smk" name="simple_exists_with_dollar" time="0.00199999999995271"/>
    <testcase classname="ds.exists_smk" name="simple_exists_with_dollar" time="0.000999999999976353"/>
    <testcase classname="ds.exists_smk" name="simple_exists_with_dollar" time="0.00199999999995271"/>
  </testsuite>
  <testsuite errors="0" failures="0" hostname="fv-az14" name="ds.exists::smk" skipped="0" tests="7" time="0.836" timestamp="2020-10-27T20:51:18Z">
    <testcase classname="ds.exists_smk" name="simple_exists" time="0.827999999999975"/>
    <testcase classname="ds.exists_smk" name="simple_exists" time="0.000999999999976353"/>
    <testcase classname="ds.exists_smk" name="simple_exists" time="0.00100000000020373"/>
    <testcase classname="ds.exists_smk" name="simple_exists" time="0.00199999999995271"/>
    <testcase classname="ds.exists_smk" name="simple_exists" time="0.000999999999976353"/>
    <testcase classname="ds.exists_smk" name="simple_exists" time="0.000999999999976353"/>
    <testcase classname="ds.exists_smk" name="simple_exists" time="0.00199999999995271"/>
  </testsuite>
  <testsuite errors="0" failures="0" hostname="fv-az14" name="ds.exists::smk::shutdown" skipped="0" tests="3" time="0.287" timestamp="2020-10-27T20:51:19Z">
    <testcase classname="ds.exists_smk_shutdown" name="shutdown" time="0.284000000000106"/>
    <testcase classname="ds.exists_smk_shutdown" name="shutdown" time="0.000999999999976353"/>
    <testcase classname="ds.exists_smk_shutdown" name="shutdown" time="0.00199999999995271"/>
  </testsuite>
  <testsuite errors="0" failures="0" hostname="fv-az14" name="ds.exists::smk::done" skipped="0" tests="0" time="0" timestamp="2020-10-27T20:51:20Z"/>
  <testsuite errors="0" failures="0" hostname="fv-az14" name="ds.exp::smk::setup" skipped="0" tests="3" time="5.406" timestamp="2020-10-27T20:51:20Z">
    <testcase classname="ds.exp_smk_setup" name="setup" time="5.404"/>
    <testcase classname="ds.exp_smk_setup" name="setup" time="0.000999999999976353"/>
    <testcase classname="ds.exp_smk_setup" name="setup" time="0.000999999999976353"/>
  </testsuite>
  <testsuite errors="0" failures="0" hostname="fv-az14" name="ds.exp::smk" skipped="0" tests="30" time="5.494" timestamp="2020-10-27T20:51:25Z">
    <testcase classname="ds.exp_smk" name="simple_exp" time="1.52400000000011"/>
    <testcase classname="ds.exp_smk" name="simple_exp" time="0.269000000000005"/>
    <testcase classname="ds.exp_smk" name="simple_exp" time="0.000999999999976353"/>
    <testcase classname="ds.exp_smk" name="simple_exp" time="0.00199999999995271"/>
    <testcase classname="ds.exp_smk" name="simple_exp" time="0.000999999999976353"/>
    <testcase classname="ds.exp_smk" name="simple_exp" time="0.00199999999995271"/>
    <testcase classname="ds.exp_smk" name="simple_exp" time="0.000999999999976353"/>
    <testcase classname="ds.exp_smk" name="simple_exp" time="0.00100000000020373"/>
    <testcase classname="ds.exp_smk" name="simple_exp" time="0.55399999999986"/>
    <testcase classname="ds.exp_smk" name="simple_exp" time="0.000999999999976353"/>
    <testcase classname="ds.exp_smk" name="simple_exp" time="0.00199999999995271"/>
    <testcase classname="ds.exp_smk" name="simple_exp" time="0.00100000000020373"/>
    <testcase classname="ds.exp_smk" name="simple_exp" time="0.000999999999976353"/>
    <testcase classname="ds.exp_smk" name="simple_exp" time="0.000999999999976353"/>
    <testcase classname="ds.exp_smk" name="simple_exp" time="0.00199999999995271"/>
    <testcase classname="ds.exp_smk" name="simple_exp" time="2.29500000000007"/>
    <testcase classname="ds.exp_smk" name="simple_exp" time="0.283999999999878"/>
    <testcase classname="ds.exp_smk" name="simple_exp" time="0.000999999999976353"/>
    <testcase classname="ds.exp_smk" name="simple_exp" time="0.00200000000018008"/>
    <testcase classname="ds.exp_smk" name="simple_exp" time="0.00199999999995271"/>
    <testcase classname="ds.exp_smk" name="simple_exp" time="0.00199999999995271"/>
    <testcase classname="ds.exp_smk" name="simple_exp" time="0.000999999999976353"/>
    <testcase classname="ds.exp_smk" name="simple_exp" time="0.00199999999995271"/>
    <testcase classname="ds.exp_smk" name="simple_exp" time="0.533000000000129"/>
    <testcase classname="ds.exp_smk" name="simple_exp" time="0.000999999999976353"/>
    <testcase classname="ds.exp_smk" name="simple_exp" time="0.00199999999995271"/>
    <testcase classname="ds.exp_smk" name="simple_exp" time="0.000999999999976353"/>
    <testcase classname="ds.exp_smk" name="simple_exp" time="0.00199999999995271"/>
    <testcase classname="ds.exp_smk" name="simple_exp" time="0.00200000000018008"/>
    <testcase classname="ds.exp_smk" name="simple_exp" time="0.000999999999976353"/>
  </testsuite>
  <testsuite errors="0" failures="0" hostname="fv-az14" name="ds.exp::smk::shutdown" skipped="0" tests="3" time="0.286" timestamp="2020-10-27T20:51:30Z">
    <testcase classname="ds.exp_smk_shutdown" name="shutdown" time="0.283999999999878"/>
    <testcase classname="ds.exp_smk_shutdown" name="shutdown" time="0.000999999999976353"/>
    <testcase classname="ds.exp_smk_shutdown" name="shutdown" time="0.000999999999976353"/>
  </testsuite>
  <testsuite errors="0" failures="0" hostname="fv-az14" name="ds.exp::smk::done" skipped="0" tests="0" time="0" timestamp="2020-10-27T20:51:31Z"/>
  <testsuite errors="0" failures="0" hostname="fv-az14" name="ds.getWGSR::smk::setup" skipped="0" tests="3" time="5.363" timestamp="2020-10-27T20:51:31Z">
    <testcase classname="ds.getWGSR_smk_setup" name="setup" time="5.3610000000001"/>
    <testcase classname="ds.getWGSR_smk_setup" name="setup" time="0.000999999999976353"/>
    <testcase classname="ds.getWGSR_smk_setup" name="setup" time="0.000999999999976353"/>
  </testsuite>
  <testsuite errors="0" failures="0" hostname="fv-az14" name="ds.getWGSR::smk" skipped="0" tests="21" time="4.859" timestamp="2020-10-27T20:51:36Z">
    <testcase classname="ds.getWGSR_smk" name="simple_getWGSR" time="4.01400000000012"/>
    <testcase classname="ds.getWGSR_smk" name="simple_getWGSR" time="0.000999999999976353"/>
    <testcase classname="ds.getWGSR_smk" name="simple_getWGSR" time="0.000999999999976353"/>
    <testcase classname="ds.getWGSR_smk" name="simple_getWGSR" time="0.00199999999995271"/>
    <testcase classname="ds.getWGSR_smk" name="simple_getWGSR" time="0.000999999999976353"/>
    <testcase classname="ds.getWGSR_smk" name="simple_getWGSR" time="0.549999999999955"/>
    <testcase classname="ds.getWGSR_smk" name="simple_getWGSR" time="0.000999999999976353"/>
    <testcase classname="ds.getWGSR_smk" name="simple_getWGSR" time="0.00200000000018008"/>
    <testcase classname="ds.getWGSR_smk" name="simple_getWGSR" time="0.000999999999976353"/>
    <testcase classname="ds.getWGSR_smk" name="simple_getWGSR" time="0.00199999999995271"/>
    <testcase classname="ds.getWGSR_smk" name="simple_getWGSR" time="0.000999999999976353"/>
    <testcase classname="ds.getWGSR_smk" name="simple_getWGSR" time="0.000999999999976353"/>
    <testcase classname="ds.getWGSR_smk" name="simple_getWGSR" time="0.269000000000005"/>
    <testcase classname="ds.getWGSR_smk" name="simple_getWGSR" time="0.00199999999995271"/>
    <testcase classname="ds.getWGSR_smk" name="simple_getWGSR" time="0.000999999999976353"/>
    <testcase classname="ds.getWGSR_smk" name="simple_getWGSR" time="0.00200000000018008"/>
    <testcase classname="ds.getWGSR_smk" name="simple_getWGSR" time="0.000999999999976353"/>
    <testcase classname="ds.getWGSR_smk" name="simple_getWGSR" time="0.000999999999976353"/>
    <testcase classname="ds.getWGSR_smk" name="simple_getWGSR" time="0.00199999999995271"/>
    <testcase classname="ds.getWGSR_smk" name="simple_getWGSR" time="0.00199999999995271"/>
    <testcase classname="ds.getWGSR_smk" name="simple_getWGSR" time="0.00199999999995271"/>
  </testsuite>
  <testsuite errors="0" failures="0" hostname="fv-az14" name="ds.getWGSR::smk::shutdown" skipped="0" tests="3" time="0.292" timestamp="2020-10-27T20:51:41Z">
    <testcase classname="ds.getWGSR_smk_shutdown" name="shutdown" time="0.288999999999987"/>
    <testcase classname="ds.getWGSR_smk_shutdown" name="shutdown" time="0.00200000000018008"/>
    <testcase classname="ds.getWGSR_smk_shutdown" name="shutdown" time="0.000999999999976353"/>
  </testsuite>
  <testsuite errors="0" failures="0" hostname="fv-az14" name="ds.getWGSR::smk::done" skipped="0" tests="0" time="0" timestamp="2020-10-27T20:51:42Z"/>
  <testsuite errors="0" failures="0" hostname="fv-az14" name="ds.glm::smk::binomial::setup" skipped="0" tests="3" time="5.464" timestamp="2020-10-27T20:51:42Z">
    <testcase classname="ds.glm_smk_binomial_setup" name="setup" time="5.46100000000001"/>
    <testcase classname="ds.glm_smk_binomial_setup" name="setup" time="0.000999999999976353"/>
    <testcase classname="ds.glm_smk_binomial_setup" name="setup" time="0.00199999999995271"/>
  </testsuite>
  <testsuite errors="0" failures="0" hostname="fv-az14" name="ds.glm::smk::binomial" skipped="0" tests="20" time="2.936" timestamp="2020-10-27T20:51:46Z">
    <testcase classname="ds.glm_smk_binomial" name="glm_binomial" time="2.90699999999993"/>
    <testcase classname="ds.glm_smk_binomial" name="glm_binomial" time="0.000999999999976353"/>
    <testcase classname="ds.glm_smk_binomial" name="glm_binomial" time="0.000999999999976353"/>
    <testcase classname="ds.glm_smk_binomial" name="glm_binomial" time="0.00199999999995271"/>
    <testcase classname="ds.glm_smk_binomial" name="glm_binomial" time="0.000999999999976353"/>
    <testcase classname="ds.glm_smk_binomial" name="glm_binomial" time="0.00199999999995271"/>
    <testcase classname="ds.glm_smk_binomial" name="glm_binomial" time="0.000999999999976353"/>
    <testcase classname="ds.glm_smk_binomial" name="glm_binomial" time="0.000999999999976353"/>
    <testcase classname="ds.glm_smk_binomial" name="glm_binomial" time="0.00200000000018008"/>
    <testcase classname="ds.glm_smk_binomial" name="glm_binomial" time="0.000999999999976353"/>
    <testcase classname="ds.glm_smk_binomial" name="glm_binomial" time="0.000999999999976353"/>
    <testcase classname="ds.glm_smk_binomial" name="glm_binomial" time="0.00199999999995271"/>
    <testcase classname="ds.glm_smk_binomial" name="glm_binomial" time="0.000999999999976353"/>
    <testcase classname="ds.glm_smk_binomial" name="glm_binomial" time="0.00199999999995271"/>
    <testcase classname="ds.glm_smk_binomial" name="glm_binomial" time="0.000999999999976353"/>
    <testcase classname="ds.glm_smk_binomial" name="glm_binomial" time="0.00400000000013279"/>
    <testcase classname="ds.glm_smk_binomial" name="glm_binomial" time="0.000999999999976353"/>
    <testcase classname="ds.glm_smk_binomial" name="glm_binomial" time="0.000999999999976353"/>
    <testcase classname="ds.glm_smk_binomial" name="glm_binomial" time="0.00199999999995271"/>
    <testcase classname="ds.glm_smk_binomial" name="glm_binomial" time="0.00200000000018008"/>
  </testsuite>
  <testsuite errors="0" failures="0" hostname="fv-az14" name="ds.glm::smk::binomial, with check" skipped="0" tests="21" time="9.005" timestamp="2020-10-27T20:51:49Z">
    <testcase classname="ds.glm_smk_binomial_with_check" name="glm_binomial_with_check" time="8.97799999999984"/>
    <testcase classname="ds.glm_smk_binomial_with_check" name="glm_binomial_with_check" time="0.000999999999976353"/>
    <testcase classname="ds.glm_smk_binomial_with_check" name="glm_binomial_with_check" time="0.00200000000018008"/>
    <testcase classname="ds.glm_smk_binomial_with_check" name="glm_binomial_with_check" time="0.000999999999976353"/>
    <testcase classname="ds.glm_smk_binomial_with_check" name="glm_binomial_with_check" time="0.000999999999976353"/>
    <testcase classname="ds.glm_smk_binomial_with_check" name="glm_binomial_with_check" time="0.000999999999976353"/>
    <testcase classname="ds.glm_smk_binomial_with_check" name="glm_binomial_with_check" time="0.00199999999995271"/>
    <testcase classname="ds.glm_smk_binomial_with_check" name="glm_binomial_with_check" time="0.000999999999976353"/>
    <testcase classname="ds.glm_smk_binomial_with_check" name="glm_binomial_with_check" time="0.000999999999976353"/>
    <testcase classname="ds.glm_smk_binomial_with_check" name="glm_binomial_with_check" time="0.00199999999995271"/>
    <testcase classname="ds.glm_smk_binomial_with_check" name="glm_binomial_with_check" time="0.00100000000020373"/>
    <testcase classname="ds.glm_smk_binomial_with_check" name="glm_binomial_with_check" time="0.000999999999976353"/>
    <testcase classname="ds.glm_smk_binomial_with_check" name="glm_binomial_with_check" time="0.00199999999995271"/>
    <testcase classname="ds.glm_smk_binomial_with_check" name="glm_binomial_with_check" time="0.000999999999976353"/>
    <testcase classname="ds.glm_smk_binomial_with_check" name="glm_binomial_with_check" time="0.000999999999976353"/>
    <testcase classname="ds.glm_smk_binomial_with_check" name="glm_binomial_with_check" time="0.00199999999995271"/>
    <testcase classname="ds.glm_smk_binomial_with_check" name="glm_binomial_with_check" time="0.000999999999976353"/>
    <testcase classname="ds.glm_smk_binomial_with_check" name="glm_binomial_with_check" time="0.00100000000020373"/>
    <testcase classname="ds.glm_smk_binomial_with_check" name="glm_binomial_with_check" time="0.00199999999995271"/>
    <testcase classname="ds.glm_smk_binomial_with_check" name="glm_binomial_with_check" time="0.000999999999976353"/>
    <testcase classname="ds.glm_smk_binomial_with_check" name="glm_binomial_with_check" time="0.00199999999995271"/>
  </testsuite>
  <testsuite errors="0" failures="0" hostname="fv-az14" name="ds.glm::smk::binomial::shutdown" skipped="0" tests="3" time="0.283" timestamp="2020-10-27T20:51:58Z">
    <testcase classname="ds.glm_smk_binomial_shutdown" name="shutdown" time="0.279999999999973"/>
    <testcase classname="ds.glm_smk_binomial_shutdown" name="shutdown" time="0.000999999999976353"/>
    <testcase classname="ds.glm_smk_binomial_shutdown" name="shutdown" time="0.00199999999995271"/>
  </testsuite>
  <testsuite errors="0" failures="0" hostname="fv-az14" name="ds.glm::smk::binomial::done" skipped="0" tests="0" time="0" timestamp="2020-10-27T20:51:59Z"/>
  <testsuite errors="0" failures="0" hostname="fv-az14" name="ds.glmerSLMA::smk::setup - phase 1" skipped="0" tests="3" time="5.373" timestamp="2020-10-27T20:51:59Z">
    <testcase classname="ds.glmerSLMA_smk_setup_phase_1" name="setup" time="5.37100000000009"/>
    <testcase classname="ds.glmerSLMA_smk_setup_phase_1" name="setup" time="0.000999999999976353"/>
    <testcase classname="ds.glmerSLMA_smk_setup_phase_1" name="setup" time="0.000999999999976353"/>
  </testsuite>
  <testsuite errors="0" failures="0" hostname="fv-az14" name="ds.glmerSLMA::smk::phase 1" skipped="0" tests="14" time="20.422" timestamp="2020-10-27T20:52:04Z">
    <testcase classname="ds.glmerSLMA_smk_phase_1" name="simple_glmerSLMA_tesing_mis_use_of_arguments" time="3.50900000000001"/>
    <testcase classname="ds.glmerSLMA_smk_phase_1" name="simple_glmerSLMA_tesing_mis_use_of_arguments" time="0.740999999999985"/>
    <testcase classname="ds.glmerSLMA_smk_phase_1" name="simple_glmerSLMA_tesing_mis_use_of_arguments" time="0.000999999999976353"/>
    <testcase classname="ds.glmerSLMA_smk_phase_1" name="simple_glmerSLMA_tesing_mis_use_of_arguments" time="0.00200000000018008"/>
    <testcase classname="ds.glmerSLMA_smk_phase_1" name="simple_glmerSLMA_tesing_mis_use_of_arguments" time="0.000999999999976353"/>
    <testcase classname="ds.glmerSLMA_smk_phase_1" name="simple_glmerSLMA_tesing_mis_use_of_arguments" time="0.000999999999976353"/>
    <testcase classname="ds.glmerSLMA_smk_phase_1" name="simple_glmerSLMA_tesing_mis_use_of_arguments" time="2.17100000000005"/>
    <testcase classname="ds.glmerSLMA_smk_phase_1" name="test_offsets_and_weights" time="6.79099999999994"/>
    <testcase classname="ds.glmerSLMA_smk_phase_1" name="test_offsets_and_weights" time="1.06400000000008"/>
    <testcase classname="ds.glmerSLMA_smk_phase_1" name="test_offsets_and_weights" time="1.09999999999991"/>
    <testcase classname="ds.glmerSLMA_smk_phase_1" name="test_offsets_and_weights" time="1.09300000000007"/>
    <testcase classname="ds.glmerSLMA_smk_phase_1" name="alternative_formulae_for_nested_groups" time="1.42499999999995"/>
    <testcase classname="ds.glmerSLMA_smk_phase_1" name="alternative_formulae_for_nested_groups" time="1.43599999999992"/>
    <testcase classname="ds.glmerSLMA_smk_phase_1" name="simple_glmerSLMA" time="1.08699999999999"/>
  </testsuite>
  <testsuite errors="0" failures="0" hostname="fv-az14" name="ds.glmerSLMA::smk::shutdown - phase 1" skipped="0" tests="3" time="0.279" timestamp="2020-10-27T20:52:24Z">
    <testcase classname="ds.glmerSLMA_smk_shutdown_phase_1" name="setup" time="0.276000000000067"/>
    <testcase classname="ds.glmerSLMA_smk_shutdown_phase_1" name="setup" time="0.000999999999976353"/>
    <testcase classname="ds.glmerSLMA_smk_shutdown_phase_1" name="setup" time="0.00199999999995271"/>
  </testsuite>
  <testsuite errors="0" failures="0" hostname="fv-az14" name="ds.glmerSLMA::smk::setup - phase 2" skipped="0" tests="3" time="5.646" timestamp="2020-10-27T20:52:25Z">
    <testcase classname="ds.glmerSLMA_smk_setup_phase_2" name="setup" time="5.64300000000003"/>
    <testcase classname="ds.glmerSLMA_smk_setup_phase_2" name="setup" time="0.00199999999995271"/>
    <testcase classname="ds.glmerSLMA_smk_setup_phase_2" name="setup" time="0.000999999999976353"/>
  </testsuite>
  <testsuite errors="0" failures="0" hostname="fv-az14" name="ds.glmerSLMA::smk::test - phase 2" skipped="0" tests="54" time="19.736" timestamp="2020-10-27T20:52:30Z">
    <testcase classname="ds.glmerSLMA_smk_test_phase_2" name="check_slope_formulae_1" time="10.8790000000001"/>
    <testcase classname="ds.glmerSLMA_smk_test_phase_2" name="check_slope_formulae_1" time="0.00199999999995271"/>
    <testcase classname="ds.glmerSLMA_smk_test_phase_2" name="check_slope_formulae_1" time="0.000999999999976353"/>
    <testcase classname="ds.glmerSLMA_smk_test_phase_2" name="check_slope_formulae_1" time="0.000999999999976353"/>
    <testcase classname="ds.glmerSLMA_smk_test_phase_2" name="check_slope_formulae_1" time="0.00199999999995271"/>
    <testcase classname="ds.glmerSLMA_smk_test_phase_2" name="check_slope_formulae_1" time="0.00100000000020373"/>
    <testcase classname="ds.glmerSLMA_smk_test_phase_2" name="check_slope_formulae_1" time="0.00199999999995271"/>
    <testcase classname="ds.glmerSLMA_smk_test_phase_2" name="check_slope_formulae_1" time="0.00299999999992906"/>
    <testcase classname="ds.glmerSLMA_smk_test_phase_2" name="check_slope_formulae_1" time="0.00199999999995271"/>
    <testcase classname="ds.glmerSLMA_smk_test_phase_2" name="check_slope_formulae_1" time="0.000999999999976353"/>
    <testcase classname="ds.glmerSLMA_smk_test_phase_2" name="check_slope_formulae_1" time="0.00400000000013279"/>
    <testcase classname="ds.glmerSLMA_smk_test_phase_2" name="check_slope_formulae_1" time="0.000999999999976353"/>
    <testcase classname="ds.glmerSLMA_smk_test_phase_2" name="check_slope_formulae_1" time="0.00199999999995271"/>
    <testcase classname="ds.glmerSLMA_smk_test_phase_2" name="check_slope_formulae_1" time="0.00199999999995271"/>
    <testcase classname="ds.glmerSLMA_smk_test_phase_2" name="check_slope_formulae_1" time="0.00200000000018008"/>
    <testcase classname="ds.glmerSLMA_smk_test_phase_2" name="check_slope_formulae_1" time="0.000999999999976353"/>
    <testcase classname="ds.glmerSLMA_smk_test_phase_2" name="check_slope_formulae_1" time="0.000999999999976353"/>
    <testcase classname="ds.glmerSLMA_smk_test_phase_2" name="check_slope_formulae_1" time="0.00199999999995271"/>
    <testcase classname="ds.glmerSLMA_smk_test_phase_2" name="check_slope_formulae_1" time="0.00199999999995271"/>
    <testcase classname="ds.glmerSLMA_smk_test_phase_2" name="check_slope_formulae_1" time="0.000999999999976353"/>
    <testcase classname="ds.glmerSLMA_smk_test_phase_2" name="check_slope_formulae_1" time="0.00200000000018008"/>
    <testcase classname="ds.glmerSLMA_smk_test_phase_2" name="check_slope_formulae_1" time="0.00199999999995271"/>
    <testcase classname="ds.glmerSLMA_smk_test_phase_2" name="check_slope_formulae_1" time="0.000999999999976353"/>
    <testcase classname="ds.glmerSLMA_smk_test_phase_2" name="check_slope_formulae_1" time="0.00299999999992906"/>
    <testcase classname="ds.glmerSLMA_smk_test_phase_2" name="check_slope_formulae_1" time="0.00199999999995271"/>
    <testcase classname="ds.glmerSLMA_smk_test_phase_2" name="check_slope_formulae_1" time="0.000999999999976353"/>
    <testcase classname="ds.glmerSLMA_smk_test_phase_2" name="check_slope_formulae_1" time="0.00200000000018008"/>
    <testcase classname="ds.glmerSLMA_smk_test_phase_2" name="check_slope_formulae_2" time="8.76199999999994"/>
    <testcase classname="ds.glmerSLMA_smk_test_phase_2" name="check_slope_formulae_2" time="0.00199999999995271"/>
    <testcase classname="ds.glmerSLMA_smk_test_phase_2" name="check_slope_formulae_2" time="0.00199999999995271"/>
    <testcase classname="ds.glmerSLMA_smk_test_phase_2" name="check_slope_formulae_2" time="0.000999999999976353"/>
    <testcase classname="ds.glmerSLMA_smk_test_phase_2" name="check_slope_formulae_2" time="0.00200000000018008"/>
    <testcase classname="ds.glmerSLMA_smk_test_phase_2" name="check_slope_formulae_2" time="0.00199999999995271"/>
    <testcase classname="ds.glmerSLMA_smk_test_phase_2" name="check_slope_formulae_2" time="0.00199999999995271"/>
    <testcase classname="ds.glmerSLMA_smk_test_phase_2" name="check_slope_formulae_2" time="0.00199999999995271"/>
    <testcase classname="ds.glmerSLMA_smk_test_phase_2" name="check_slope_formulae_2" time="0.00199999999995271"/>
    <testcase classname="ds.glmerSLMA_smk_test_phase_2" name="check_slope_formulae_2" time="0.00200000000018008"/>
    <testcase classname="ds.glmerSLMA_smk_test_phase_2" name="check_slope_formulae_2" time="0.00199999999995271"/>
    <testcase classname="ds.glmerSLMA_smk_test_phase_2" name="check_slope_formulae_2" time="0.00199999999995271"/>
    <testcase classname="ds.glmerSLMA_smk_test_phase_2" name="check_slope_formulae_2" time="0.000999999999976353"/>
    <testcase classname="ds.glmerSLMA_smk_test_phase_2" name="check_slope_formulae_2" time="0.00199999999995271"/>
    <testcase classname="ds.glmerSLMA_smk_test_phase_2" name="check_slope_formulae_2" time="0.00200000000018008"/>
    <testcase classname="ds.glmerSLMA_smk_test_phase_2" name="check_slope_formulae_2" time="0.000999999999976353"/>
    <testcase classname="ds.glmerSLMA_smk_test_phase_2" name="check_slope_formulae_2" time="0.00299999999992906"/>
    <testcase classname="ds.glmerSLMA_smk_test_phase_2" name="check_slope_formulae_2" time="0.00199999999995271"/>
    <testcase classname="ds.glmerSLMA_smk_test_phase_2" name="check_slope_formulae_2" time="0.00199999999995271"/>
    <testcase classname="ds.glmerSLMA_smk_test_phase_2" name="check_slope_formulae_2" time="0.00100000000020373"/>
    <testcase classname="ds.glmerSLMA_smk_test_phase_2" name="check_slope_formulae_2" time="0.00199999999995271"/>
    <testcase classname="ds.glmerSLMA_smk_test_phase_2" name="check_slope_formulae_2" time="0.00199999999995271"/>
    <testcase classname="ds.glmerSLMA_smk_test_phase_2" name="check_slope_formulae_2" time="0.00199999999995271"/>
    <testcase classname="ds.glmerSLMA_smk_test_phase_2" name="check_slope_formulae_2" time="0.000999999999976353"/>
    <testcase classname="ds.glmerSLMA_smk_test_phase_2" name="check_slope_formulae_2" time="0.00199999999995271"/>
    <testcase classname="ds.glmerSLMA_smk_test_phase_2" name="check_slope_formulae_2" time="0.00200000000018008"/>
    <testcase classname="ds.glmerSLMA_smk_test_phase_2" name="check_slope_formulae_2" time="0.00299999999992906"/>
  </testsuite>
  <testsuite errors="0" failures="0" hostname="fv-az14" name="ds.glmerSLMA::smk::shutdown - phase 2" skipped="0" tests="3" time="0.287" timestamp="2020-10-27T20:52:50Z">
    <testcase classname="ds.glmerSLMA_smk_shutdown_phase_2" name="setup" time="0.284000000000106"/>
    <testcase classname="ds.glmerSLMA_smk_shutdown_phase_2" name="setup" time="0.00199999999995271"/>
    <testcase classname="ds.glmerSLMA_smk_shutdown_phase_2" name="setup" time="0.000999999999976353"/>
  </testsuite>
  <testsuite errors="0" failures="0" hostname="fv-az14" name="ds.glmerSLMA::smk::done" skipped="0" tests="0" time="0" timestamp="2020-10-27T20:52:51Z"/>
  <testsuite errors="0" failures="0" hostname="fv-az14" name="ds.glm::smk::gaussian::setup" skipped="0" tests="3" time="5.457" timestamp="2020-10-27T20:52:51Z">
    <testcase classname="ds.glm_smk_gaussian_setup" name="setup" time="5.45499999999993"/>
    <testcase classname="ds.glm_smk_gaussian_setup" name="setup" time="0.000999999999976353"/>
    <testcase classname="ds.glm_smk_gaussian_setup" name="setup" time="0.000999999999976353"/>
  </testsuite>
  <testsuite errors="0" failures="0" hostname="fv-az14" name="ds.glm::smk::gaussian" skipped="0" tests="20" time="1.164" timestamp="2020-10-27T20:52:56Z">
    <testcase classname="ds.glm_smk_gaussian" name="glm_gaussian" time="1.13400000000001"/>
    <testcase classname="ds.glm_smk_gaussian" name="glm_gaussian" time="0.00200000000018008"/>
    <testcase classname="ds.glm_smk_gaussian" name="glm_gaussian" time="0.00199999999995271"/>
    <testcase classname="ds.glm_smk_gaussian" name="glm_gaussian" time="0.000999999999976353"/>
    <testcase classname="ds.glm_smk_gaussian" name="glm_gaussian" time="0.00199999999995271"/>
    <testcase classname="ds.glm_smk_gaussian" name="glm_gaussian" time="0.000999999999976353"/>
    <testcase classname="ds.glm_smk_gaussian" name="glm_gaussian" time="0.00199999999995271"/>
    <testcase classname="ds.glm_smk_gaussian" name="glm_gaussian" time="0.00100000000020373"/>
    <testcase classname="ds.glm_smk_gaussian" name="glm_gaussian" time="0.00199999999995271"/>
    <testcase classname="ds.glm_smk_gaussian" name="glm_gaussian" time="0.000999999999976353"/>
    <testcase classname="ds.glm_smk_gaussian" name="glm_gaussian" time="0.00199999999995271"/>
    <testcase classname="ds.glm_smk_gaussian" name="glm_gaussian" time="0.000999999999976353"/>
    <testcase classname="ds.glm_smk_gaussian" name="glm_gaussian" time="0.000999999999976353"/>
    <testcase classname="ds.glm_smk_gaussian" name="glm_gaussian" time="0.00199999999995271"/>
    <testcase classname="ds.glm_smk_gaussian" name="glm_gaussian" time="0.00100000000020373"/>
    <testcase classname="ds.glm_smk_gaussian" name="glm_gaussian" time="0.00199999999995271"/>
    <testcase classname="ds.glm_smk_gaussian" name="glm_gaussian" time="0.00199999999995271"/>
    <testcase classname="ds.glm_smk_gaussian" name="glm_gaussian" time="0.00199999999995271"/>
    <testcase classname="ds.glm_smk_gaussian" name="glm_gaussian" time="0.00199999999995271"/>
    <testcase classname="ds.glm_smk_gaussian" name="glm_gaussian" time="0.00100000000020373"/>
  </testsuite>
  <testsuite errors="0" failures="0" hostname="fv-az14" name="ds.glm::smk::gaussian, with check" skipped="0" tests="21" time="4.332" timestamp="2020-10-27T20:52:57Z">
    <testcase classname="ds.glm_smk_gaussian_with_check" name="glm_gaussian_with_check" time="4.30699999999979"/>
    <testcase classname="ds.glm_smk_gaussian_with_check" name="glm_gaussian_with_check" time="0.00100000000020373"/>
    <testcase classname="ds.glm_smk_gaussian_with_check" name="glm_gaussian_with_check" time="0.000999999999976353"/>
    <testcase classname="ds.glm_smk_gaussian_with_check" name="glm_gaussian_with_check" time="0.000999999999976353"/>
    <testcase classname="ds.glm_smk_gaussian_with_check" name="glm_gaussian_with_check" time="0.000999999999976353"/>
    <testcase classname="ds.glm_smk_gaussian_with_check" name="glm_gaussian_with_check" time="0.000999999999976353"/>
    <testcase classname="ds.glm_smk_gaussian_with_check" name="glm_gaussian_with_check" time="0.00199999999995271"/>
    <testcase classname="ds.glm_smk_gaussian_with_check" name="glm_gaussian_with_check" time="0.000999999999976353"/>
    <testcase classname="ds.glm_smk_gaussian_with_check" name="glm_gaussian_with_check" time="0.000999999999976353"/>
    <testcase classname="ds.glm_smk_gaussian_with_check" name="glm_gaussian_with_check" time="0.000999999999976353"/>
    <testcase classname="ds.glm_smk_gaussian_with_check" name="glm_gaussian_with_check" time="0.000999999999976353"/>
    <testcase classname="ds.glm_smk_gaussian_with_check" name="glm_gaussian_with_check" time="0.000999999999976353"/>
    <testcase classname="ds.glm_smk_gaussian_with_check" name="glm_gaussian_with_check" time="0.00199999999995271"/>
    <testcase classname="ds.glm_smk_gaussian_with_check" name="glm_gaussian_with_check" time="0.000999999999976353"/>
    <testcase classname="ds.glm_smk_gaussian_with_check" name="glm_gaussian_with_check" time="0.00199999999995271"/>
    <testcase classname="ds.glm_smk_gaussian_with_check" name="glm_gaussian_with_check" time="0.000999999999976353"/>
    <testcase classname="ds.glm_smk_gaussian_with_check" name="glm_gaussian_with_check" time="0.00100000000020373"/>
    <testcase classname="ds.glm_smk_gaussian_with_check" name="glm_gaussian_with_check" time="0.00199999999995271"/>
    <testcase classname="ds.glm_smk_gaussian_with_check" name="glm_gaussian_with_check" time="0.000999999999976353"/>
    <testcase classname="ds.glm_smk_gaussian_with_check" name="glm_gaussian_with_check" time="0.00199999999995271"/>
    <testcase classname="ds.glm_smk_gaussian_with_check" name="glm_gaussian_with_check" time="0.000999999999976353"/>
  </testsuite>
  <testsuite errors="0" failures="0" hostname="fv-az14" name="ds.glm::smk::gaussian::shutdown" skipped="0" tests="3" time="0.282" timestamp="2020-10-27T20:53:01Z">
    <testcase classname="ds.glm_smk_gaussian_shutdown" name="shutdown" time="0.279999999999973"/>
    <testcase classname="ds.glm_smk_gaussian_shutdown" name="shutdown" time="0.000999999999976353"/>
    <testcase classname="ds.glm_smk_gaussian_shutdown" name="shutdown" time="0.000999999999976353"/>
  </testsuite>
  <testsuite errors="0" failures="0" hostname="fv-az14" name="ds.glm::smk::gaussian::done" skipped="0" tests="0" time="0" timestamp="2020-10-27T20:53:02Z"/>
  <testsuite errors="0" failures="0" hostname="fv-az14" name="ds.glm::smk::poisson::setup" skipped="0" tests="3" time="5.421" timestamp="2020-10-27T20:53:02Z">
    <testcase classname="ds.glm_smk_poisson_setup" name="setup" time="5.4190000000001"/>
    <testcase classname="ds.glm_smk_poisson_setup" name="setup" time="0.000999999999976353"/>
    <testcase classname="ds.glm_smk_poisson_setup" name="setup" time="0.000999999999976353"/>
  </testsuite>
  <testsuite errors="0" failures="0" hostname="fv-az14" name="ds.glm::smk::poisson" skipped="0" tests="20" time="2.349" timestamp="2020-10-27T20:53:07Z">
    <testcase classname="ds.glm_smk_poisson" name="glm_gaussian" time="2.32400000000007"/>
    <testcase classname="ds.glm_smk_poisson" name="glm_gaussian" time="0.000999999999976353"/>
    <testcase classname="ds.glm_smk_poisson" name="glm_gaussian" time="0.000999999999976353"/>
    <testcase classname="ds.glm_smk_poisson" name="glm_gaussian" time="0.000999999999976353"/>
    <testcase classname="ds.glm_smk_poisson" name="glm_gaussian" time="0.000999999999976353"/>
    <testcase classname="ds.glm_smk_poisson" name="glm_gaussian" time="0.00100000000020373"/>
    <testcase classname="ds.glm_smk_poisson" name="glm_gaussian" time="0.00199999999995271"/>
    <testcase classname="ds.glm_smk_poisson" name="glm_gaussian" time="0.000999999999976353"/>
    <testcase classname="ds.glm_smk_poisson" name="glm_gaussian" time="0.000999999999976353"/>
    <testcase classname="ds.glm_smk_poisson" name="glm_gaussian" time="0.000999999999976353"/>
    <testcase classname="ds.glm_smk_poisson" name="glm_gaussian" time="0.000999999999976353"/>
    <testcase classname="ds.glm_smk_poisson" name="glm_gaussian" time="0.00199999999995271"/>
    <testcase classname="ds.glm_smk_poisson" name="glm_gaussian" time="0.00100000000020373"/>
    <testcase classname="ds.glm_smk_poisson" name="glm_gaussian" time="0.00199999999995271"/>
    <testcase classname="ds.glm_smk_poisson" name="glm_gaussian" time="0.00199999999995271"/>
    <testcase classname="ds.glm_smk_poisson" name="glm_gaussian" time="0.000999999999976353"/>
    <testcase classname="ds.glm_smk_poisson" name="glm_gaussian" time="0.000999999999976353"/>
    <testcase classname="ds.glm_smk_poisson" name="glm_gaussian" time="0.00199999999995271"/>
    <testcase classname="ds.glm_smk_poisson" name="glm_gaussian" time="0.000999999999976353"/>
    <testcase classname="ds.glm_smk_poisson" name="glm_gaussian" time="0.00200000000018008"/>
  </testsuite>
  <testsuite errors="0" failures="0" hostname="fv-az14" name="ds.glm::smk::poisson, with check" skipped="0" tests="21" time="6.927" timestamp="2020-10-27T20:53:09Z">
    <testcase classname="ds.glm_smk_poisson_with_check" name="glm_gaussian_which_check" time="6.89599999999996"/>
    <testcase classname="ds.glm_smk_poisson_with_check" name="glm_gaussian_which_check" time="0.00199999999995271"/>
    <testcase classname="ds.glm_smk_poisson_with_check" name="glm_gaussian_which_check" time="0.000999999999976353"/>
    <testcase classname="ds.glm_smk_poisson_with_check" name="glm_gaussian_which_check" time="0.000999999999976353"/>
    <testcase classname="ds.glm_smk_poisson_with_check" name="glm_gaussian_which_check" time="0.00199999999995271"/>
    <testcase classname="ds.glm_smk_poisson_with_check" name="glm_gaussian_which_check" time="0.00100000000020373"/>
    <testcase classname="ds.glm_smk_poisson_with_check" name="glm_gaussian_which_check" time="0.000999999999976353"/>
    <testcase classname="ds.glm_smk_poisson_with_check" name="glm_gaussian_which_check" time="0.00199999999995271"/>
    <testcase classname="ds.glm_smk_poisson_with_check" name="glm_gaussian_which_check" time="0.000999999999976353"/>
    <testcase classname="ds.glm_smk_poisson_with_check" name="glm_gaussian_which_check" time="0.00199999999995271"/>
    <testcase classname="ds.glm_smk_poisson_with_check" name="glm_gaussian_which_check" time="0.000999999999976353"/>
    <testcase classname="ds.glm_smk_poisson_with_check" name="glm_gaussian_which_check" time="0.00200000000018008"/>
    <testcase classname="ds.glm_smk_poisson_with_check" name="glm_gaussian_which_check" time="0.00199999999995271"/>
    <testcase classname="ds.glm_smk_poisson_with_check" name="glm_gaussian_which_check" time="0.00199999999995271"/>
    <testcase classname="ds.glm_smk_poisson_with_check" name="glm_gaussian_which_check" time="0.000999999999976353"/>
    <testcase classname="ds.glm_smk_poisson_with_check" name="glm_gaussian_which_check" time="0.00199999999995271"/>
    <testcase classname="ds.glm_smk_poisson_with_check" name="glm_gaussian_which_check" time="0.00199999999995271"/>
    <testcase classname="ds.glm_smk_poisson_with_check" name="glm_gaussian_which_check" time="0.00100000000020373"/>
    <testcase classname="ds.glm_smk_poisson_with_check" name="glm_gaussian_which_check" time="0.00199999999995271"/>
    <testcase classname="ds.glm_smk_poisson_with_check" name="glm_gaussian_which_check" time="0.00199999999995271"/>
    <testcase classname="ds.glm_smk_poisson_with_check" name="glm_gaussian_which_check" time="0.000999999999976353"/>
  </testsuite>
  <testsuite errors="0" failures="0" hostname="fv-az14" name="ds.glm::smk::poisson::shutdown" skipped="0" tests="3" time="0.285" timestamp="2020-10-27T20:53:16Z">
    <testcase classname="ds.glm_smk_poisson_shutdown" name="shutdown" time="0.281999999999925"/>
    <testcase classname="ds.glm_smk_poisson_shutdown" name="shutdown" time="0.00200000000018008"/>
    <testcase classname="ds.glm_smk_poisson_shutdown" name="shutdown" time="0.000999999999976353"/>
  </testsuite>
  <testsuite errors="0" failures="0" hostname="fv-az14" name="ds.glm::smk::poisson::done" skipped="0" tests="0" time="0" timestamp="2020-10-27T20:53:17Z"/>
  <testsuite errors="0" failures="0" hostname="fv-az14" name="ds.glmPredict::smk::binomial::setup" skipped="0" tests="3" time="5.442" timestamp="2020-10-27T20:53:17Z">
    <testcase classname="ds.glmPredict_smk_binomial_setup" name="setup" time="5.43899999999985"/>
    <testcase classname="ds.glmPredict_smk_binomial_setup" name="setup" time="0.000999999999976353"/>
    <testcase classname="ds.glmPredict_smk_binomial_setup" name="setup" time="0.00200000000018008"/>
  </testsuite>
  <testsuite errors="0" failures="0" hostname="fv-az14" name="ds.glmPredict::smk::binomial::without_newobj" skipped="0" tests="69" time="2.609" timestamp="2020-10-27T20:53:22Z">
    <testcase classname="ds.glmPredict_smk_binomial_without_newobj" name="simple_glmPredict_binomial_without_newobj_se.fit_FALSE" time="1.39599999999996"/>
    <testcase classname="ds.glmPredict_smk_binomial_without_newobj" name="simple_glmPredict_binomial_without_newobj_se.fit_FALSE" time="0.000999999999976353"/>
    <testcase classname="ds.glmPredict_smk_binomial_without_newobj" name="simple_glmPredict_binomial_without_newobj_se.fit_FALSE" time="0.00199999999995271"/>
    <testcase classname="ds.glmPredict_smk_binomial_without_newobj" name="simple_glmPredict_binomial_without_newobj_se.fit_FALSE" time="0.000999999999976353"/>
    <testcase classname="ds.glmPredict_smk_binomial_without_newobj" name="simple_glmPredict_binomial_without_newobj_se.fit_FALSE" time="1.08699999999999"/>
    <testcase classname="ds.glmPredict_smk_binomial_without_newobj" name="simple_glmPredict_binomial_without_newobj_se.fit_FALSE" time="0.000999999999976353"/>
    <testcase classname="ds.glmPredict_smk_binomial_without_newobj" name="simple_glmPredict_binomial_without_newobj_se.fit_FALSE" time="0.00200000000018008"/>
    <testcase classname="ds.glmPredict_smk_binomial_without_newobj" name="simple_glmPredict_binomial_without_newobj_se.fit_FALSE" time="0.000999999999976353"/>
    <testcase classname="ds.glmPredict_smk_binomial_without_newobj" name="simple_glmPredict_binomial_without_newobj_se.fit_FALSE" time="0.000999999999976353"/>
    <testcase classname="ds.glmPredict_smk_binomial_without_newobj" name="simple_glmPredict_binomial_without_newobj_se.fit_FALSE" time="0.00199999999995271"/>
    <testcase classname="ds.glmPredict_smk_binomial_without_newobj" name="simple_glmPredict_binomial_without_newobj_se.fit_FALSE" time="0.000999999999976353"/>
    <testcase classname="ds.glmPredict_smk_binomial_without_newobj" name="simple_glmPredict_binomial_without_newobj_se.fit_FALSE" time="0.000999999999976353"/>
    <testcase classname="ds.glmPredict_smk_binomial_without_newobj" name="simple_glmPredict_binomial_without_newobj_se.fit_FALSE" time="0.00199999999995271"/>
    <testcase classname="ds.glmPredict_smk_binomial_without_newobj" name="simple_glmPredict_binomial_without_newobj_se.fit_FALSE" time="0.00100000000020373"/>
    <testcase classname="ds.glmPredict_smk_binomial_without_newobj" name="simple_glmPredict_binomial_without_newobj_se.fit_FALSE" time="0.00199999999995271"/>
    <testcase classname="ds.glmPredict_smk_binomial_without_newobj" name="simple_glmPredict_binomial_without_newobj_se.fit_FALSE" time="0.000999999999976353"/>
    <testcase classname="ds.glmPredict_smk_binomial_without_newobj" name="simple_glmPredict_binomial_without_newobj_se.fit_FALSE" time="0.00299999999992906"/>
    <testcase classname="ds.glmPredict_smk_binomial_without_newobj" name="simple_glmPredict_binomial_without_newobj_se.fit_FALSE" time="0.00199999999995271"/>
    <testcase classname="ds.glmPredict_smk_binomial_without_newobj" name="simple_glmPredict_binomial_without_newobj_se.fit_FALSE" time="0.00200000000018008"/>
    <testcase classname="ds.glmPredict_smk_binomial_without_newobj" name="simple_glmPredict_binomial_without_newobj_se.fit_FALSE" time="0.00199999999995271"/>
    <testcase classname="ds.glmPredict_smk_binomial_without_newobj" name="simple_glmPredict_binomial_without_newobj_se.fit_FALSE" time="0.000999999999976353"/>
    <testcase classname="ds.glmPredict_smk_binomial_without_newobj" name="simple_glmPredict_binomial_without_newobj_se.fit_FALSE" time="0.00199999999995271"/>
    <testcase classname="ds.glmPredict_smk_binomial_without_newobj" name="simple_glmPredict_binomial_without_newobj_se.fit_FALSE" time="0.00199999999995271"/>
    <testcase classname="ds.glmPredict_smk_binomial_without_newobj" name="simple_glmPredict_binomial_without_newobj_se.fit_FALSE" time="0.000999999999976353"/>
    <testcase classname="ds.glmPredict_smk_binomial_without_newobj" name="simple_glmPredict_binomial_without_newobj_se.fit_FALSE" time="0.00200000000018008"/>
    <testcase classname="ds.glmPredict_smk_binomial_without_newobj" name="simple_glmPredict_binomial_without_newobj_se.fit_FALSE" time="0.00199999999995271"/>
    <testcase classname="ds.glmPredict_smk_binomial_without_newobj" name="simple_glmPredict_binomial_without_newobj_se.fit_FALSE" time="0.00199999999995271"/>
    <testcase classname="ds.glmPredict_smk_binomial_without_newobj" name="simple_glmPredict_binomial_without_newobj_se.fit_FALSE" time="0.000999999999976353"/>
    <testcase classname="ds.glmPredict_smk_binomial_without_newobj" name="simple_glmPredict_binomial_without_newobj_se.fit_FALSE" time="0.00199999999995271"/>
    <testcase classname="ds.glmPredict_smk_binomial_without_newobj" name="simple_glmPredict_binomial_without_newobj_se.fit_FALSE" time="0.00100000000020373"/>
    <testcase classname="ds.glmPredict_smk_binomial_without_newobj" name="simple_glmPredict_binomial_without_newobj_se.fit_FALSE" time="0.00199999999995271"/>
    <testcase classname="ds.glmPredict_smk_binomial_without_newobj" name="simple_glmPredict_binomial_without_newobj_se.fit_FALSE" time="0.00199999999995271"/>
    <testcase classname="ds.glmPredict_smk_binomial_without_newobj" name="simple_glmPredict_binomial_without_newobj_se.fit_FALSE" time="0.000999999999976353"/>
    <testcase classname="ds.glmPredict_smk_binomial_without_newobj" name="simple_glmPredict_binomial_without_newobj_se.fit_FALSE" time="0.00199999999995271"/>
    <testcase classname="ds.glmPredict_smk_binomial_without_newobj" name="simple_glmPredict_binomial_without_newobj_se.fit_FALSE" time="0.00199999999995271"/>
    <testcase classname="ds.glmPredict_smk_binomial_without_newobj" name="simple_glmPredict_binomial_without_newobj_se.fit_FALSE" time="0.00200000000018008"/>
    <testcase classname="ds.glmPredict_smk_binomial_without_newobj" name="simple_glmPredict_binomial_without_newobj_se.fit_FALSE" time="0.00199999999995271"/>
    <testcase classname="ds.glmPredict_smk_binomial_without_newobj" name="simple_glmPredict_binomial_without_newobj_se.fit_FALSE" time="0.00199999999995271"/>
    <testcase classname="ds.glmPredict_smk_binomial_without_newobj" name="simple_glmPredict_binomial_without_newobj_se.fit_FALSE" time="0.00299999999992906"/>
    <testcase classname="ds.glmPredict_smk_binomial_without_newobj" name="simple_glmPredict_binomial_without_newobj_se.fit_FALSE" time="0.00200000000018008"/>
    <testcase classname="ds.glmPredict_smk_binomial_without_newobj" name="simple_glmPredict_binomial_without_newobj_se.fit_FALSE" time="0.00199999999995271"/>
    <testcase classname="ds.glmPredict_smk_binomial_without_newobj" name="simple_glmPredict_binomial_without_newobj_se.fit_FALSE" time="0.00199999999995271"/>
    <testcase classname="ds.glmPredict_smk_binomial_without_newobj" name="simple_glmPredict_binomial_without_newobj_se.fit_FALSE" time="0.00199999999995271"/>
    <testcase classname="ds.glmPredict_smk_binomial_without_newobj" name="simple_glmPredict_binomial_without_newobj_se.fit_FALSE" time="0.00199999999995271"/>
    <testcase classname="ds.glmPredict_smk_binomial_without_newobj" name="simple_glmPredict_binomial_without_newobj_se.fit_FALSE" time="0.00200000000018008"/>
    <testcase classname="ds.glmPredict_smk_binomial_without_newobj" name="simple_glmPredict_binomial_without_newobj_se.fit_FALSE" time="0.00199999999995271"/>
    <testcase classname="ds.glmPredict_smk_binomial_without_newobj" name="simple_glmPredict_binomial_without_newobj_se.fit_FALSE" time="0.00199999999995271"/>
    <testcase classname="ds.glmPredict_smk_binomial_without_newobj" name="simple_glmPredict_binomial_without_newobj_se.fit_FALSE" time="0.00199999999995271"/>
    <testcase classname="ds.glmPredict_smk_binomial_without_newobj" name="simple_glmPredict_binomial_without_newobj_se.fit_FALSE" time="0.00199999999995271"/>
    <testcase classname="ds.glmPredict_smk_binomial_without_newobj" name="simple_glmPredict_binomial_without_newobj_se.fit_FALSE" time="0.00200000000018008"/>
    <testcase classname="ds.glmPredict_smk_binomial_without_newobj" name="simple_glmPredict_binomial_without_newobj_se.fit_FALSE" time="0.00199999999995271"/>
    <testcase classname="ds.glmPredict_smk_binomial_without_newobj" name="simple_glmPredict_binomial_without_newobj_se.fit_FALSE" time="0.000999999999976353"/>
    <testcase classname="ds.glmPredict_smk_binomial_without_newobj" name="simple_glmPredict_binomial_without_newobj_se.fit_FALSE" time="0.00199999999995271"/>
    <testcase classname="ds.glmPredict_smk_binomial_without_newobj" name="simple_glmPredict_binomial_without_newobj_se.fit_FALSE" time="0.00199999999995271"/>
    <testcase classname="ds.glmPredict_smk_binomial_without_newobj" name="simple_glmPredict_binomial_without_newobj_se.fit_FALSE" time="0.00200000000018008"/>
    <testcase classname="ds.glmPredict_smk_binomial_without_newobj" name="simple_glmPredict_binomial_without_newobj_se.fit_FALSE" time="0.00299999999992906"/>
    <testcase classname="ds.glmPredict_smk_binomial_without_newobj" name="simple_glmPredict_binomial_without_newobj_se.fit_FALSE" time="0.00199999999995271"/>
    <testcase classname="ds.glmPredict_smk_binomial_without_newobj" name="simple_glmPredict_binomial_without_newobj_se.fit_FALSE" time="0.00199999999995271"/>
    <testcase classname="ds.glmPredict_smk_binomial_without_newobj" name="simple_glmPredict_binomial_without_newobj_se.fit_FALSE" time="0.00300000000015643"/>
    <testcase classname="ds.glmPredict_smk_binomial_without_newobj" name="simple_glmPredict_binomial_without_newobj_se.fit_FALSE" time="0.00199999999995271"/>
    <testcase classname="ds.glmPredict_smk_binomial_without_newobj" name="simple_glmPredict_binomial_without_newobj_se.fit_FALSE" time="0.00199999999995271"/>
    <testcase classname="ds.glmPredict_smk_binomial_without_newobj" name="simple_glmPredict_binomial_without_newobj_se.fit_FALSE" time="0.00199999999995271"/>
    <testcase classname="ds.glmPredict_smk_binomial_without_newobj" name="simple_glmPredict_binomial_without_newobj_se.fit_FALSE" time="0.00300000000015643"/>
    <testcase classname="ds.glmPredict_smk_binomial_without_newobj" name="simple_glmPredict_binomial_without_newobj_se.fit_FALSE" time="0.00199999999995271"/>
    <testcase classname="ds.glmPredict_smk_binomial_without_newobj" name="simple_glmPredict_binomial_without_newobj_se.fit_FALSE" time="0.00299999999992906"/>
    <testcase classname="ds.glmPredict_smk_binomial_without_newobj" name="simple_glmPredict_binomial_without_newobj_se.fit_FALSE" time="0.00199999999995271"/>
    <testcase classname="ds.glmPredict_smk_binomial_without_newobj" name="simple_glmPredict_binomial_without_newobj_se.fit_FALSE" time="0.00200000000018008"/>
    <testcase classname="ds.glmPredict_smk_binomial_without_newobj" name="simple_glmPredict_binomial_without_newobj_se.fit_FALSE" time="0.00199999999995271"/>
    <testcase classname="ds.glmPredict_smk_binomial_without_newobj" name="simple_glmPredict_binomial_without_newobj_se.fit_FALSE" time="0.00299999999992906"/>
  </testsuite>
  <testsuite errors="0" failures="0" hostname="fv-az14" name="ds.glmPredict::smk::binomial::with_newobj" skipped="0" tests="69" time="2.585" timestamp="2020-10-27T20:53:25Z">
    <testcase classname="ds.glmPredict_smk_binomial_with_newobj" name="simple_glmPredict_binomial_with_newobj_se.fit_FALSE" time="1.38200000000006"/>
    <testcase classname="ds.glmPredict_smk_binomial_with_newobj" name="simple_glmPredict_binomial_with_newobj_se.fit_FALSE" time="0.000999999999976353"/>
    <testcase classname="ds.glmPredict_smk_binomial_with_newobj" name="simple_glmPredict_binomial_with_newobj_se.fit_FALSE" time="0.00199999999995271"/>
    <testcase classname="ds.glmPredict_smk_binomial_with_newobj" name="simple_glmPredict_binomial_with_newobj_se.fit_FALSE" time="0.000999999999976353"/>
    <testcase classname="ds.glmPredict_smk_binomial_with_newobj" name="simple_glmPredict_binomial_with_newobj_se.fit_FALSE" time="1.07300000000009"/>
    <testcase classname="ds.glmPredict_smk_binomial_with_newobj" name="simple_glmPredict_binomial_with_newobj_se.fit_FALSE" time="0.000999999999976353"/>
    <testcase classname="ds.glmPredict_smk_binomial_with_newobj" name="simple_glmPredict_binomial_with_newobj_se.fit_FALSE" time="0.000999999999976353"/>
    <testcase classname="ds.glmPredict_smk_binomial_with_newobj" name="simple_glmPredict_binomial_with_newobj_se.fit_FALSE" time="0.00999999999999091"/>
    <testcase classname="ds.glmPredict_smk_binomial_with_newobj" name="simple_glmPredict_binomial_with_newobj_se.fit_FALSE" time="0.000999999999976353"/>
    <testcase classname="ds.glmPredict_smk_binomial_with_newobj" name="simple_glmPredict_binomial_with_newobj_se.fit_FALSE" time="0.00199999999995271"/>
    <testcase classname="ds.glmPredict_smk_binomial_with_newobj" name="simple_glmPredict_binomial_with_newobj_se.fit_FALSE" time="0.00100000000020373"/>
    <testcase classname="ds.glmPredict_smk_binomial_with_newobj" name="simple_glmPredict_binomial_with_newobj_se.fit_FALSE" time="0.000999999999976353"/>
    <testcase classname="ds.glmPredict_smk_binomial_with_newobj" name="simple_glmPredict_binomial_with_newobj_se.fit_FALSE" time="0.00199999999995271"/>
    <testcase classname="ds.glmPredict_smk_binomial_with_newobj" name="simple_glmPredict_binomial_with_newobj_se.fit_FALSE" time="0.000999999999976353"/>
    <testcase classname="ds.glmPredict_smk_binomial_with_newobj" name="simple_glmPredict_binomial_with_newobj_se.fit_FALSE" time="0.00199999999995271"/>
    <testcase classname="ds.glmPredict_smk_binomial_with_newobj" name="simple_glmPredict_binomial_with_newobj_se.fit_FALSE" time="0.000999999999976353"/>
    <testcase classname="ds.glmPredict_smk_binomial_with_newobj" name="simple_glmPredict_binomial_with_newobj_se.fit_FALSE" time="0.00199999999995271"/>
    <testcase classname="ds.glmPredict_smk_binomial_with_newobj" name="simple_glmPredict_binomial_with_newobj_se.fit_FALSE" time="0.00100000000020373"/>
    <testcase classname="ds.glmPredict_smk_binomial_with_newobj" name="simple_glmPredict_binomial_with_newobj_se.fit_FALSE" time="0.00199999999995271"/>
    <testcase classname="ds.glmPredict_smk_binomial_with_newobj" name="simple_glmPredict_binomial_with_newobj_se.fit_FALSE" time="0.000999999999976353"/>
    <testcase classname="ds.glmPredict_smk_binomial_with_newobj" name="simple_glmPredict_binomial_with_newobj_se.fit_FALSE" time="0.00199999999995271"/>
    <testcase classname="ds.glmPredict_smk_binomial_with_newobj" name="simple_glmPredict_binomial_with_newobj_se.fit_FALSE" time="0.00199999999995271"/>
    <testcase classname="ds.glmPredict_smk_binomial_with_newobj" name="simple_glmPredict_binomial_with_newobj_se.fit_FALSE" time="0.000999999999976353"/>
    <testcase classname="ds.glmPredict_smk_binomial_with_newobj" name="simple_glmPredict_binomial_with_newobj_se.fit_FALSE" time="0.00200000000018008"/>
    <testcase classname="ds.glmPredict_smk_binomial_with_newobj" name="simple_glmPredict_binomial_with_newobj_se.fit_FALSE" time="0.00199999999995271"/>
    <testcase classname="ds.glmPredict_smk_binomial_with_newobj" name="simple_glmPredict_binomial_with_newobj_se.fit_FALSE" time="0.00199999999995271"/>
    <testcase classname="ds.glmPredict_smk_binomial_with_newobj" name="simple_glmPredict_binomial_with_newobj_se.fit_FALSE" time="0.00199999999995271"/>
    <testcase classname="ds.glmPredict_smk_binomial_with_newobj" name="simple_glmPredict_binomial_with_newobj_se.fit_FALSE" time="0.000999999999976353"/>
    <testcase classname="ds.glmPredict_smk_binomial_with_newobj" name="simple_glmPredict_binomial_with_newobj_se.fit_FALSE" time="0.00200000000018008"/>
    <testcase classname="ds.glmPredict_smk_binomial_with_newobj" name="simple_glmPredict_binomial_with_newobj_se.fit_FALSE" time="0.000999999999976353"/>
    <testcase classname="ds.glmPredict_smk_binomial_with_newobj" name="simple_glmPredict_binomial_with_newobj_se.fit_FALSE" time="0.00199999999995271"/>
    <testcase classname="ds.glmPredict_smk_binomial_with_newobj" name="simple_glmPredict_binomial_with_newobj_se.fit_FALSE" time="0.00199999999995271"/>
    <testcase classname="ds.glmPredict_smk_binomial_with_newobj" name="simple_glmPredict_binomial_with_newobj_se.fit_FALSE" time="0.000999999999976353"/>
    <testcase classname="ds.glmPredict_smk_binomial_with_newobj" name="simple_glmPredict_binomial_with_newobj_se.fit_FALSE" time="0.00199999999995271"/>
    <testcase classname="ds.glmPredict_smk_binomial_with_newobj" name="simple_glmPredict_binomial_with_newobj_se.fit_FALSE" time="0.00200000000018008"/>
    <testcase classname="ds.glmPredict_smk_binomial_with_newobj" name="simple_glmPredict_binomial_with_newobj_se.fit_FALSE" time="0.00199999999995271"/>
    <testcase classname="ds.glmPredict_smk_binomial_with_newobj" name="simple_glmPredict_binomial_with_newobj_se.fit_FALSE" time="0.00199999999995271"/>
    <testcase classname="ds.glmPredict_smk_binomial_with_newobj" name="simple_glmPredict_binomial_with_newobj_se.fit_FALSE" time="0.00199999999995271"/>
    <testcase classname="ds.glmPredict_smk_binomial_with_newobj" name="simple_glmPredict_binomial_with_newobj_se.fit_FALSE" time="0.00199999999995271"/>
    <testcase classname="ds.glmPredict_smk_binomial_with_newobj" name="simple_glmPredict_binomial_with_newobj_se.fit_FALSE" time="0.00200000000018008"/>
    <testcase classname="ds.glmPredict_smk_binomial_with_newobj" name="simple_glmPredict_binomial_with_newobj_se.fit_FALSE" time="0.00199999999995271"/>
    <testcase classname="ds.glmPredict_smk_binomial_with_newobj" name="simple_glmPredict_binomial_with_newobj_se.fit_FALSE" time="0.00199999999995271"/>
    <testcase classname="ds.glmPredict_smk_binomial_with_newobj" name="simple_glmPredict_binomial_with_newobj_se.fit_FALSE" time="0.00199999999995271"/>
    <testcase classname="ds.glmPredict_smk_binomial_with_newobj" name="simple_glmPredict_binomial_with_newobj_se.fit_FALSE" time="0.00199999999995271"/>
    <testcase classname="ds.glmPredict_smk_binomial_with_newobj" name="simple_glmPredict_binomial_with_newobj_se.fit_FALSE" time="0.00200000000018008"/>
    <testcase classname="ds.glmPredict_smk_binomial_with_newobj" name="simple_glmPredict_binomial_with_newobj_se.fit_FALSE" time="0.00199999999995271"/>
    <testcase classname="ds.glmPredict_smk_binomial_with_newobj" name="simple_glmPredict_binomial_with_newobj_se.fit_FALSE" time="0.00199999999995271"/>
    <testcase classname="ds.glmPredict_smk_binomial_with_newobj" name="simple_glmPredict_binomial_with_newobj_se.fit_FALSE" time="0.00199999999995271"/>
    <testcase classname="ds.glmPredict_smk_binomial_with_newobj" name="simple_glmPredict_binomial_with_newobj_se.fit_FALSE" time="0.00300000000015643"/>
    <testcase classname="ds.glmPredict_smk_binomial_with_newobj" name="simple_glmPredict_binomial_with_newobj_se.fit_FALSE" time="0.000999999999976353"/>
    <testcase classname="ds.glmPredict_smk_binomial_with_newobj" name="simple_glmPredict_binomial_with_newobj_se.fit_FALSE" time="0.00299999999992906"/>
    <testcase classname="ds.glmPredict_smk_binomial_with_newobj" name="simple_glmPredict_binomial_with_newobj_se.fit_FALSE" time="0.00199999999995271"/>
    <testcase classname="ds.glmPredict_smk_binomial_with_newobj" name="simple_glmPredict_binomial_with_newobj_se.fit_FALSE" time="0.000999999999976353"/>
    <testcase classname="ds.glmPredict_smk_binomial_with_newobj" name="simple_glmPredict_binomial_with_newobj_se.fit_FALSE" time="0.00200000000018008"/>
    <testcase classname="ds.glmPredict_smk_binomial_with_newobj" name="simple_glmPredict_binomial_with_newobj_se.fit_FALSE" time="0.00199999999995271"/>
    <testcase classname="ds.glmPredict_smk_binomial_with_newobj" name="simple_glmPredict_binomial_with_newobj_se.fit_FALSE" time="0.00199999999995271"/>
    <testcase classname="ds.glmPredict_smk_binomial_with_newobj" name="simple_glmPredict_binomial_with_newobj_se.fit_FALSE" time="0.00299999999992906"/>
    <testcase classname="ds.glmPredict_smk_binomial_with_newobj" name="simple_glmPredict_binomial_with_newobj_se.fit_FALSE" time="0.00199999999995271"/>
    <testcase classname="ds.glmPredict_smk_binomial_with_newobj" name="simple_glmPredict_binomial_with_newobj_se.fit_FALSE" time="0.00200000000018008"/>
    <testcase classname="ds.glmPredict_smk_binomial_with_newobj" name="simple_glmPredict_binomial_with_newobj_se.fit_FALSE" time="0.00199999999995271"/>
    <testcase classname="ds.glmPredict_smk_binomial_with_newobj" name="simple_glmPredict_binomial_with_newobj_se.fit_FALSE" time="0.00199999999995271"/>
    <testcase classname="ds.glmPredict_smk_binomial_with_newobj" name="simple_glmPredict_binomial_with_newobj_se.fit_FALSE" time="0.00199999999995271"/>
    <testcase classname="ds.glmPredict_smk_binomial_with_newobj" name="simple_glmPredict_binomial_with_newobj_se.fit_FALSE" time="0.00200000000018008"/>
    <testcase classname="ds.glmPredict_smk_binomial_with_newobj" name="simple_glmPredict_binomial_with_newobj_se.fit_FALSE" time="0.00299999999992906"/>
    <testcase classname="ds.glmPredict_smk_binomial_with_newobj" name="simple_glmPredict_binomial_with_newobj_se.fit_FALSE" time="0.00199999999995271"/>
    <testcase classname="ds.glmPredict_smk_binomial_with_newobj" name="simple_glmPredict_binomial_with_newobj_se.fit_FALSE" time="0.00299999999992906"/>
    <testcase classname="ds.glmPredict_smk_binomial_with_newobj" name="simple_glmPredict_binomial_with_newobj_se.fit_FALSE" time="0.00200000000018008"/>
    <testcase classname="ds.glmPredict_smk_binomial_with_newobj" name="simple_glmPredict_binomial_with_newobj_se.fit_FALSE" time="0.00199999999995271"/>
    <testcase classname="ds.glmPredict_smk_binomial_with_newobj" name="simple_glmPredict_binomial_with_newobj_se.fit_FALSE" time="0.00199999999995271"/>
  </testsuite>
  <testsuite errors="0" failures="0" hostname="fv-az14" name="ds.glmPredict::smk::binomial::sefit_true" skipped="0" tests="114" time="2.711" timestamp="2020-10-27T20:53:27Z">
    <testcase classname="ds.glmPredict_smk_binomial_sefit_true" name="simple_glmPredict_binomial_with_newobj_se.fit_TRUE" time="1.38100000000009"/>
    <testcase classname="ds.glmPredict_smk_binomial_sefit_true" name="simple_glmPredict_binomial_with_newobj_se.fit_TRUE" time="0.00199999999995271"/>
    <testcase classname="ds.glmPredict_smk_binomial_sefit_true" name="simple_glmPredict_binomial_with_newobj_se.fit_TRUE" time="0.000999999999976353"/>
    <testcase classname="ds.glmPredict_smk_binomial_sefit_true" name="simple_glmPredict_binomial_with_newobj_se.fit_TRUE" time="0.000999999999976353"/>
    <testcase classname="ds.glmPredict_smk_binomial_sefit_true" name="simple_glmPredict_binomial_with_newobj_se.fit_TRUE" time="1.07500000000005"/>
    <testcase classname="ds.glmPredict_smk_binomial_sefit_true" name="simple_glmPredict_binomial_with_newobj_se.fit_TRUE" time="0.00199999999995271"/>
    <testcase classname="ds.glmPredict_smk_binomial_sefit_true" name="simple_glmPredict_binomial_with_newobj_se.fit_TRUE" time="0.000999999999976353"/>
    <testcase classname="ds.glmPredict_smk_binomial_sefit_true" name="simple_glmPredict_binomial_with_newobj_se.fit_TRUE" time="0.000999999999976353"/>
    <testcase classname="ds.glmPredict_smk_binomial_sefit_true" name="simple_glmPredict_binomial_with_newobj_se.fit_TRUE" time="0.000999999999976353"/>
    <testcase classname="ds.glmPredict_smk_binomial_sefit_true" name="simple_glmPredict_binomial_with_newobj_se.fit_TRUE" time="0.00100000000020373"/>
    <testcase classname="ds.glmPredict_smk_binomial_sefit_true" name="simple_glmPredict_binomial_with_newobj_se.fit_TRUE" time="0.000999999999976353"/>
    <testcase classname="ds.glmPredict_smk_binomial_sefit_true" name="simple_glmPredict_binomial_with_newobj_se.fit_TRUE" time="0.00199999999995271"/>
    <testcase classname="ds.glmPredict_smk_binomial_sefit_true" name="simple_glmPredict_binomial_with_newobj_se.fit_TRUE" time="0.000999999999976353"/>
    <testcase classname="ds.glmPredict_smk_binomial_sefit_true" name="simple_glmPredict_binomial_with_newobj_se.fit_TRUE" time="0.000999999999976353"/>
    <testcase classname="ds.glmPredict_smk_binomial_sefit_true" name="simple_glmPredict_binomial_with_newobj_se.fit_TRUE" time="0.00199999999995271"/>
    <testcase classname="ds.glmPredict_smk_binomial_sefit_true" name="simple_glmPredict_binomial_with_newobj_se.fit_TRUE" time="0.000999999999976353"/>
    <testcase classname="ds.glmPredict_smk_binomial_sefit_true" name="simple_glmPredict_binomial_with_newobj_se.fit_TRUE" time="0.00200000000018008"/>
    <testcase classname="ds.glmPredict_smk_binomial_sefit_true" name="simple_glmPredict_binomial_with_newobj_se.fit_TRUE" time="0.00199999999995271"/>
    <testcase classname="ds.glmPredict_smk_binomial_sefit_true" name="simple_glmPredict_binomial_with_newobj_se.fit_TRUE" time="0.000999999999976353"/>
    <testcase classname="ds.glmPredict_smk_binomial_sefit_true" name="simple_glmPredict_binomial_with_newobj_se.fit_TRUE" time="0.00199999999995271"/>
    <testcase classname="ds.glmPredict_smk_binomial_sefit_true" name="simple_glmPredict_binomial_with_newobj_se.fit_TRUE" time="0.000999999999976353"/>
    <testcase classname="ds.glmPredict_smk_binomial_sefit_true" name="simple_glmPredict_binomial_with_newobj_se.fit_TRUE" time="0.00199999999995271"/>
    <testcase classname="ds.glmPredict_smk_binomial_sefit_true" name="simple_glmPredict_binomial_with_newobj_se.fit_TRUE" time="0.00100000000020373"/>
    <testcase classname="ds.glmPredict_smk_binomial_sefit_true" name="simple_glmPredict_binomial_with_newobj_se.fit_TRUE" time="0.000999999999976353"/>
    <testcase classname="ds.glmPredict_smk_binomial_sefit_true" name="simple_glmPredict_binomial_with_newobj_se.fit_TRUE" time="0.00199999999995271"/>
    <testcase classname="ds.glmPredict_smk_binomial_sefit_true" name="simple_glmPredict_binomial_with_newobj_se.fit_TRUE" time="0.000999999999976353"/>
    <testcase classname="ds.glmPredict_smk_binomial_sefit_true" name="simple_glmPredict_binomial_with_newobj_se.fit_TRUE" time="0.00199999999995271"/>
    <testcase classname="ds.glmPredict_smk_binomial_sefit_true" name="simple_glmPredict_binomial_with_newobj_se.fit_TRUE" time="0.00199999999995271"/>
    <testcase classname="ds.glmPredict_smk_binomial_sefit_true" name="simple_glmPredict_binomial_with_newobj_se.fit_TRUE" time="0.00200000000018008"/>
    <testcase classname="ds.glmPredict_smk_binomial_sefit_true" name="simple_glmPredict_binomial_with_newobj_se.fit_TRUE" time="0.00199999999995271"/>
    <testcase classname="ds.glmPredict_smk_binomial_sefit_true" name="simple_glmPredict_binomial_with_newobj_se.fit_TRUE" time="0.00199999999995271"/>
    <testcase classname="ds.glmPredict_smk_binomial_sefit_true" name="simple_glmPredict_binomial_with_newobj_se.fit_TRUE" time="0.00199999999995271"/>
    <testcase classname="ds.glmPredict_smk_binomial_sefit_true" name="simple_glmPredict_binomial_with_newobj_se.fit_TRUE" time="0.000999999999976353"/>
    <testcase classname="ds.glmPredict_smk_binomial_sefit_true" name="simple_glmPredict_binomial_with_newobj_se.fit_TRUE" time="0.00200000000018008"/>
    <testcase classname="ds.glmPredict_smk_binomial_sefit_true" name="simple_glmPredict_binomial_with_newobj_se.fit_TRUE" time="0.00199999999995271"/>
    <testcase classname="ds.glmPredict_smk_binomial_sefit_true" name="simple_glmPredict_binomial_with_newobj_se.fit_TRUE" time="0.00199999999995271"/>
    <testcase classname="ds.glmPredict_smk_binomial_sefit_true" name="simple_glmPredict_binomial_with_newobj_se.fit_TRUE" time="0.00199999999995271"/>
    <testcase classname="ds.glmPredict_smk_binomial_sefit_true" name="simple_glmPredict_binomial_with_newobj_se.fit_TRUE" time="0.00199999999995271"/>
    <testcase classname="ds.glmPredict_smk_binomial_sefit_true" name="simple_glmPredict_binomial_with_newobj_se.fit_TRUE" time="0.00200000000018008"/>
    <testcase classname="ds.glmPredict_smk_binomial_sefit_true" name="simple_glmPredict_binomial_with_newobj_se.fit_TRUE" time="0.00199999999995271"/>
    <testcase classname="ds.glmPredict_smk_binomial_sefit_true" name="simple_glmPredict_binomial_with_newobj_se.fit_TRUE" time="0.00199999999995271"/>
    <testcase classname="ds.glmPredict_smk_binomial_sefit_true" name="simple_glmPredict_binomial_with_newobj_se.fit_TRUE" time="0.000999999999976353"/>
    <testcase classname="ds.glmPredict_smk_binomial_sefit_true" name="simple_glmPredict_binomial_with_newobj_se.fit_TRUE" time="0.00199999999995271"/>
    <testcase classname="ds.glmPredict_smk_binomial_sefit_true" name="simple_glmPredict_binomial_with_newobj_se.fit_TRUE" time="0.00200000000018008"/>
    <testcase classname="ds.glmPredict_smk_binomial_sefit_true" name="simple_glmPredict_binomial_with_newobj_se.fit_TRUE" time="0.00199999999995271"/>
    <testcase classname="ds.glmPredict_smk_binomial_sefit_true" name="simple_glmPredict_binomial_with_newobj_se.fit_TRUE" time="0.00199999999995271"/>
    <testcase classname="ds.glmPredict_smk_binomial_sefit_true" name="simple_glmPredict_binomial_with_newobj_se.fit_TRUE" time="0.00199999999995271"/>
    <testcase classname="ds.glmPredict_smk_binomial_sefit_true" name="simple_glmPredict_binomial_with_newobj_se.fit_TRUE" time="0.00199999999995271"/>
    <testcase classname="ds.glmPredict_smk_binomial_sefit_true" name="simple_glmPredict_binomial_with_newobj_se.fit_TRUE" time="0.00200000000018008"/>
    <testcase classname="ds.glmPredict_smk_binomial_sefit_true" name="simple_glmPredict_binomial_with_newobj_se.fit_TRUE" time="0.000999999999976353"/>
    <testcase classname="ds.glmPredict_smk_binomial_sefit_true" name="simple_glmPredict_binomial_with_newobj_se.fit_TRUE" time="0.00299999999992906"/>
    <testcase classname="ds.glmPredict_smk_binomial_sefit_true" name="simple_glmPredict_binomial_with_newobj_se.fit_TRUE" time="0.00199999999995271"/>
    <testcase classname="ds.glmPredict_smk_binomial_sefit_true" name="simple_glmPredict_binomial_with_newobj_se.fit_TRUE" time="0.00199999999995271"/>
    <testcase classname="ds.glmPredict_smk_binomial_sefit_true" name="simple_glmPredict_binomial_with_newobj_se.fit_TRUE" time="0.00200000000018008"/>
    <testcase classname="ds.glmPredict_smk_binomial_sefit_true" name="simple_glmPredict_binomial_with_newobj_se.fit_TRUE" time="0.00199999999995271"/>
    <testcase classname="ds.glmPredict_smk_binomial_sefit_true" name="simple_glmPredict_binomial_with_newobj_se.fit_TRUE" time="0.00299999999992906"/>
    <testcase classname="ds.glmPredict_smk_binomial_sefit_true" name="simple_glmPredict_binomial_with_newobj_se.fit_TRUE" time="0.00199999999995271"/>
    <testcase classname="ds.glmPredict_smk_binomial_sefit_true" name="simple_glmPredict_binomial_with_newobj_se.fit_TRUE" time="0.00200000000018008"/>
    <testcase classname="ds.glmPredict_smk_binomial_sefit_true" name="simple_glmPredict_binomial_with_newobj_se.fit_TRUE" time="0.00199999999995271"/>
    <testcase classname="ds.glmPredict_smk_binomial_sefit_true" name="simple_glmPredict_binomial_with_newobj_se.fit_TRUE" time="0.00299999999992906"/>
    <testcase classname="ds.glmPredict_smk_binomial_sefit_true" name="simple_glmPredict_binomial_with_newobj_se.fit_TRUE" time="0.00199999999995271"/>
    <testcase classname="ds.glmPredict_smk_binomial_sefit_true" name="simple_glmPredict_binomial_with_newobj_se.fit_TRUE" time="0.00300000000015643"/>
    <testcase classname="ds.glmPredict_smk_binomial_sefit_true" name="simple_glmPredict_binomial_with_newobj_se.fit_TRUE" time="0.00199999999995271"/>
    <testcase classname="ds.glmPredict_smk_binomial_sefit_true" name="simple_glmPredict_binomial_with_newobj_se.fit_TRUE" time="0.00299999999992906"/>
    <testcase classname="ds.glmPredict_smk_binomial_sefit_true" name="simple_glmPredict_binomial_with_newobj_se.fit_TRUE" time="0.00199999999995271"/>
    <testcase classname="ds.glmPredict_smk_binomial_sefit_true" name="simple_glmPredict_binomial_with_newobj_se.fit_TRUE" time="0.00300000000015643"/>
    <testcase classname="ds.glmPredict_smk_binomial_sefit_true" name="simple_glmPredict_binomial_with_newobj_se.fit_TRUE" time="0.00299999999992906"/>
    <testcase classname="ds.glmPredict_smk_binomial_sefit_true" name="simple_glmPredict_binomial_with_newobj_se.fit_TRUE" time="0.00199999999995271"/>
    <testcase classname="ds.glmPredict_smk_binomial_sefit_true" name="simple_glmPredict_binomial_with_newobj_se.fit_TRUE" time="0.00300000000015643"/>
    <testcase classname="ds.glmPredict_smk_binomial_sefit_true" name="simple_glmPredict_binomial_with_newobj_se.fit_TRUE" time="0.00199999999995271"/>
    <testcase classname="ds.glmPredict_smk_binomial_sefit_true" name="simple_glmPredict_binomial_with_newobj_se.fit_TRUE" time="0.00299999999992906"/>
    <testcase classname="ds.glmPredict_smk_binomial_sefit_true" name="simple_glmPredict_binomial_with_newobj_se.fit_TRUE" time="0.00199999999995271"/>
    <testcase classname="ds.glmPredict_smk_binomial_sefit_true" name="simple_glmPredict_binomial_with_newobj_se.fit_TRUE" time="0.00300000000015643"/>
    <testcase classname="ds.glmPredict_smk_binomial_sefit_true" name="simple_glmPredict_binomial_with_newobj_se.fit_TRUE" time="0.00199999999995271"/>
    <testcase classname="ds.glmPredict_smk_binomial_sefit_true" name="simple_glmPredict_binomial_with_newobj_se.fit_TRUE" time="0.00399999999990541"/>
    <testcase classname="ds.glmPredict_smk_binomial_sefit_true" name="simple_glmPredict_binomial_with_newobj_se.fit_TRUE" time="0.00199999999995271"/>
    <testcase classname="ds.glmPredict_smk_binomial_sefit_true" name="simple_glmPredict_binomial_with_newobj_se.fit_TRUE" time="0.00300000000015643"/>
    <testcase classname="ds.glmPredict_smk_binomial_sefit_true" name="simple_glmPredict_binomial_with_newobj_se.fit_TRUE" time="0.00999999999999091"/>
    <testcase classname="ds.glmPredict_smk_binomial_sefit_true" name="simple_glmPredict_binomial_with_newobj_se.fit_TRUE" time="0.00199999999995271"/>
    <testcase classname="ds.glmPredict_smk_binomial_sefit_true" name="simple_glmPredict_binomial_with_newobj_se.fit_TRUE" time="0.00299999999992906"/>
    <testcase classname="ds.glmPredict_smk_binomial_sefit_true" name="simple_glmPredict_binomial_with_newobj_se.fit_TRUE" time="0.00199999999995271"/>
    <testcase classname="ds.glmPredict_smk_binomial_sefit_true" name="simple_glmPredict_binomial_with_newobj_se.fit_TRUE" time="0.00300000000015643"/>
    <testcase classname="ds.glmPredict_smk_binomial_sefit_true" name="simple_glmPredict_binomial_with_newobj_se.fit_TRUE" time="0.00199999999995271"/>
    <testcase classname="ds.glmPredict_smk_binomial_sefit_true" name="simple_glmPredict_binomial_with_newobj_se.fit_TRUE" time="0.00299999999992906"/>
    <testcase classname="ds.glmPredict_smk_binomial_sefit_true" name="simple_glmPredict_binomial_with_newobj_se.fit_TRUE" time="0.00200000000018008"/>
    <testcase classname="ds.glmPredict_smk_binomial_sefit_true" name="simple_glmPredict_binomial_with_newobj_se.fit_TRUE" time="0.00299999999992906"/>
    <testcase classname="ds.glmPredict_smk_binomial_sefit_true" name="simple_glmPredict_binomial_with_newobj_se.fit_TRUE" time="0.00299999999992906"/>
    <testcase classname="ds.glmPredict_smk_binomial_sefit_true" name="simple_glmPredict_binomial_with_newobj_se.fit_TRUE" time="0.00199999999995271"/>
    <testcase classname="ds.glmPredict_smk_binomial_sefit_true" name="simple_glmPredict_binomial_with_newobj_se.fit_TRUE" time="0.00300000000015643"/>
    <testcase classname="ds.glmPredict_smk_binomial_sefit_true" name="simple_glmPredict_binomial_with_newobj_se.fit_TRUE" time="0.00299999999992906"/>
    <testcase classname="ds.glmPredict_smk_binomial_sefit_true" name="simple_glmPredict_binomial_with_newobj_se.fit_TRUE" time="0.00299999999992906"/>
    <testcase classname="ds.glmPredict_smk_binomial_sefit_true" name="simple_glmPredict_binomial_with_newobj_se.fit_TRUE" time="0.00199999999995271"/>
    <testcase classname="ds.glmPredict_smk_binomial_sefit_true" name="simple_glmPredict_binomial_with_newobj_se.fit_TRUE" time="0.00300000000015643"/>
    <testcase classname="ds.glmPredict_smk_binomial_sefit_true" name="simple_glmPredict_binomial_with_newobj_se.fit_TRUE" time="0.00299999999992906"/>
    <testcase classname="ds.glmPredict_smk_binomial_sefit_true" name="simple_glmPredict_binomial_with_newobj_se.fit_TRUE" time="0.00299999999992906"/>
    <testcase classname="ds.glmPredict_smk_binomial_sefit_true" name="simple_glmPredict_binomial_with_newobj_se.fit_TRUE" time="0.00200000000018008"/>
    <testcase classname="ds.glmPredict_smk_binomial_sefit_true" name="simple_glmPredict_binomial_with_newobj_se.fit_TRUE" time="0.00299999999992906"/>
    <testcase classname="ds.glmPredict_smk_binomial_sefit_true" name="simple_glmPredict_binomial_with_newobj_se.fit_TRUE" time="0.00299999999992906"/>
    <testcase classname="ds.glmPredict_smk_binomial_sefit_true" name="simple_glmPredict_binomial_with_newobj_se.fit_TRUE" time="0.00199999999995271"/>
    <testcase classname="ds.glmPredict_smk_binomial_sefit_true" name="simple_glmPredict_binomial_with_newobj_se.fit_TRUE" time="0.00300000000015643"/>
    <testcase classname="ds.glmPredict_smk_binomial_sefit_true" name="simple_glmPredict_binomial_with_newobj_se.fit_TRUE" time="0.00299999999992906"/>
    <testcase classname="ds.glmPredict_smk_binomial_sefit_true" name="simple_glmPredict_binomial_with_newobj_se.fit_TRUE" time="0.00199999999995271"/>
    <testcase classname="ds.glmPredict_smk_binomial_sefit_true" name="simple_glmPredict_binomial_with_newobj_se.fit_TRUE" time="0.00300000000015643"/>
    <testcase classname="ds.glmPredict_smk_binomial_sefit_true" name="simple_glmPredict_binomial_with_newobj_se.fit_TRUE" time="0.00299999999992906"/>
    <testcase classname="ds.glmPredict_smk_binomial_sefit_true" name="simple_glmPredict_binomial_with_newobj_se.fit_TRUE" time="0.00299999999992906"/>
    <testcase classname="ds.glmPredict_smk_binomial_sefit_true" name="simple_glmPredict_binomial_with_newobj_se.fit_TRUE" time="0.00300000000015643"/>
    <testcase classname="ds.glmPredict_smk_binomial_sefit_true" name="simple_glmPredict_binomial_with_newobj_se.fit_TRUE" time="0.00299999999992906"/>
    <testcase classname="ds.glmPredict_smk_binomial_sefit_true" name="simple_glmPredict_binomial_with_newobj_se.fit_TRUE" time="0.00399999999990541"/>
    <testcase classname="ds.glmPredict_smk_binomial_sefit_true" name="simple_glmPredict_binomial_with_newobj_se.fit_TRUE" time="0.00300000000015643"/>
    <testcase classname="ds.glmPredict_smk_binomial_sefit_true" name="simple_glmPredict_binomial_with_newobj_se.fit_TRUE" time="0.00299999999992906"/>
    <testcase classname="ds.glmPredict_smk_binomial_sefit_true" name="simple_glmPredict_binomial_with_newobj_se.fit_TRUE" time="0.00299999999992906"/>
    <testcase classname="ds.glmPredict_smk_binomial_sefit_true" name="simple_glmPredict_binomial_with_newobj_se.fit_TRUE" time="0.00300000000015643"/>
    <testcase classname="ds.glmPredict_smk_binomial_sefit_true" name="simple_glmPredict_binomial_with_newobj_se.fit_TRUE" time="0.00299999999992906"/>
    <testcase classname="ds.glmPredict_smk_binomial_sefit_true" name="simple_glmPredict_binomial_with_newobj_se.fit_TRUE" time="0.00299999999992906"/>
  </testsuite>
  <testsuite errors="0" failures="0" hostname="fv-az14" name="ds.glmPredict::smk::binomial::shutdown" skipped="0" tests="3" time="0.284" timestamp="2020-10-27T20:53:30Z">
    <testcase classname="ds.glmPredict_smk_binomial_shutdown" name="shutdown" time="0.280999999999949"/>
    <testcase classname="ds.glmPredict_smk_binomial_shutdown" name="shutdown" time="0.00200000000018008"/>
    <testcase classname="ds.glmPredict_smk_binomial_shutdown" name="shutdown" time="0.000999999999976353"/>
  </testsuite>
  <testsuite errors="0" failures="0" hostname="fv-az14" name="ds.glmPredict::smk::binomial::done" skipped="0" tests="0" time="0" timestamp="2020-10-27T20:53:31Z"/>
  <testsuite errors="0" failures="0" hostname="fv-az14" name="ds.glmPredict::smk::gaussian::setup" skipped="0" tests="3" time="5.503" timestamp="2020-10-27T20:53:31Z">
    <testcase classname="ds.glmPredict_smk_gaussian_setup" name="setup" time="5.50099999999998"/>
    <testcase classname="ds.glmPredict_smk_gaussian_setup" name="setup" time="0.000999999999976353"/>
    <testcase classname="ds.glmPredict_smk_gaussian_setup" name="setup" time="0.000999999999976353"/>
  </testsuite>
  <testsuite errors="0" failures="0" hostname="fv-az14" name="ds.glmPredict::smk::gaussian::without_newobj" skipped="0" tests="69" time="2.6" timestamp="2020-10-27T20:53:36Z">
    <testcase classname="ds.glmPredict_smk_gaussian_without_newobj" name="simple_glmPredict_gaussian_without_newobj_se.fit_FALSE" time="1.40200000000004"/>
    <testcase classname="ds.glmPredict_smk_gaussian_without_newobj" name="simple_glmPredict_gaussian_without_newobj_se.fit_FALSE" time="0.000999999999976353"/>
    <testcase classname="ds.glmPredict_smk_gaussian_without_newobj" name="simple_glmPredict_gaussian_without_newobj_se.fit_FALSE" time="0.000999999999976353"/>
    <testcase classname="ds.glmPredict_smk_gaussian_without_newobj" name="simple_glmPredict_gaussian_without_newobj_se.fit_FALSE" time="0.000999999999976353"/>
    <testcase classname="ds.glmPredict_smk_gaussian_without_newobj" name="simple_glmPredict_gaussian_without_newobj_se.fit_FALSE" time="1.07999999999993"/>
    <testcase classname="ds.glmPredict_smk_gaussian_without_newobj" name="simple_glmPredict_gaussian_without_newobj_se.fit_FALSE" time="0.00300000000015643"/>
    <testcase classname="ds.glmPredict_smk_gaussian_without_newobj" name="simple_glmPredict_gaussian_without_newobj_se.fit_FALSE" time="0.00199999999995271"/>
    <testcase classname="ds.glmPredict_smk_gaussian_without_newobj" name="simple_glmPredict_gaussian_without_newobj_se.fit_FALSE" time="0.000999999999976353"/>
    <testcase classname="ds.glmPredict_smk_gaussian_without_newobj" name="simple_glmPredict_gaussian_without_newobj_se.fit_FALSE" time="0.000999999999976353"/>
    <testcase classname="ds.glmPredict_smk_gaussian_without_newobj" name="simple_glmPredict_gaussian_without_newobj_se.fit_FALSE" time="0.000999999999976353"/>
    <testcase classname="ds.glmPredict_smk_gaussian_without_newobj" name="simple_glmPredict_gaussian_without_newobj_se.fit_FALSE" time="0.000999999999976353"/>
    <testcase classname="ds.glmPredict_smk_gaussian_without_newobj" name="simple_glmPredict_gaussian_without_newobj_se.fit_FALSE" time="0.00100000000020373"/>
    <testcase classname="ds.glmPredict_smk_gaussian_without_newobj" name="simple_glmPredict_gaussian_without_newobj_se.fit_FALSE" time="0.00199999999995271"/>
    <testcase classname="ds.glmPredict_smk_gaussian_without_newobj" name="simple_glmPredict_gaussian_without_newobj_se.fit_FALSE" time="0.000999999999976353"/>
    <testcase classname="ds.glmPredict_smk_gaussian_without_newobj" name="simple_glmPredict_gaussian_without_newobj_se.fit_FALSE" time="0.00199999999995271"/>
    <testcase classname="ds.glmPredict_smk_gaussian_without_newobj" name="simple_glmPredict_gaussian_without_newobj_se.fit_FALSE" time="0.000999999999976353"/>
    <testcase classname="ds.glmPredict_smk_gaussian_without_newobj" name="simple_glmPredict_gaussian_without_newobj_se.fit_FALSE" time="0.00199999999995271"/>
    <testcase classname="ds.glmPredict_smk_gaussian_without_newobj" name="simple_glmPredict_gaussian_without_newobj_se.fit_FALSE" time="0.00100000000020373"/>
    <testcase classname="ds.glmPredict_smk_gaussian_without_newobj" name="simple_glmPredict_gaussian_without_newobj_se.fit_FALSE" time="0.00199999999995271"/>
    <testcase classname="ds.glmPredict_smk_gaussian_without_newobj" name="simple_glmPredict_gaussian_without_newobj_se.fit_FALSE" time="0.00199999999995271"/>
    <testcase classname="ds.glmPredict_smk_gaussian_without_newobj" name="simple_glmPredict_gaussian_without_newobj_se.fit_FALSE" time="0.000999999999976353"/>
    <testcase classname="ds.glmPredict_smk_gaussian_without_newobj" name="simple_glmPredict_gaussian_without_newobj_se.fit_FALSE" time="0.00199999999995271"/>
    <testcase classname="ds.glmPredict_smk_gaussian_without_newobj" name="simple_glmPredict_gaussian_without_newobj_se.fit_FALSE" time="0.00199999999995271"/>
    <testcase classname="ds.glmPredict_smk_gaussian_without_newobj" name="simple_glmPredict_gaussian_without_newobj_se.fit_FALSE" time="0.00100000000020373"/>
    <testcase classname="ds.glmPredict_smk_gaussian_without_newobj" name="simple_glmPredict_gaussian_without_newobj_se.fit_FALSE" time="0.00199999999995271"/>
    <testcase classname="ds.glmPredict_smk_gaussian_without_newobj" name="simple_glmPredict_gaussian_without_newobj_se.fit_FALSE" time="0.000999999999976353"/>
    <testcase classname="ds.glmPredict_smk_gaussian_without_newobj" name="simple_glmPredict_gaussian_without_newobj_se.fit_FALSE" time="0.00199999999995271"/>
    <testcase classname="ds.glmPredict_smk_gaussian_without_newobj" name="simple_glmPredict_gaussian_without_newobj_se.fit_FALSE" time="0.000999999999976353"/>
    <testcase classname="ds.glmPredict_smk_gaussian_without_newobj" name="simple_glmPredict_gaussian_without_newobj_se.fit_FALSE" time="0.00199999999995271"/>
    <testcase classname="ds.glmPredict_smk_gaussian_without_newobj" name="simple_glmPredict_gaussian_without_newobj_se.fit_FALSE" time="0.00200000000018008"/>
    <testcase classname="ds.glmPredict_smk_gaussian_without_newobj" name="simple_glmPredict_gaussian_without_newobj_se.fit_FALSE" time="0.00199999999995271"/>
    <testcase classname="ds.glmPredict_smk_gaussian_without_newobj" name="simple_glmPredict_gaussian_without_newobj_se.fit_FALSE" time="0.000999999999976353"/>
    <testcase classname="ds.glmPredict_smk_gaussian_without_newobj" name="simple_glmPredict_gaussian_without_newobj_se.fit_FALSE" time="0.00199999999995271"/>
    <testcase classname="ds.glmPredict_smk_gaussian_without_newobj" name="simple_glmPredict_gaussian_without_newobj_se.fit_FALSE" time="0.000999999999976353"/>
    <testcase classname="ds.glmPredict_smk_gaussian_without_newobj" name="simple_glmPredict_gaussian_without_newobj_se.fit_FALSE" time="0.00199999999995271"/>
    <testcase classname="ds.glmPredict_smk_gaussian_without_newobj" name="simple_glmPredict_gaussian_without_newobj_se.fit_FALSE" time="0.00200000000018008"/>
    <testcase classname="ds.glmPredict_smk_gaussian_without_newobj" name="simple_glmPredict_gaussian_without_newobj_se.fit_FALSE" time="0.00199999999995271"/>
    <testcase classname="ds.glmPredict_smk_gaussian_without_newobj" name="simple_glmPredict_gaussian_without_newobj_se.fit_FALSE" time="0.000999999999976353"/>
    <testcase classname="ds.glmPredict_smk_gaussian_without_newobj" name="simple_glmPredict_gaussian_without_newobj_se.fit_FALSE" time="0.00199999999995271"/>
    <testcase classname="ds.glmPredict_smk_gaussian_without_newobj" name="simple_glmPredict_gaussian_without_newobj_se.fit_FALSE" time="0.00199999999995271"/>
    <testcase classname="ds.glmPredict_smk_gaussian_without_newobj" name="simple_glmPredict_gaussian_without_newobj_se.fit_FALSE" time="0.000999999999976353"/>
    <testcase classname="ds.glmPredict_smk_gaussian_without_newobj" name="simple_glmPredict_gaussian_without_newobj_se.fit_FALSE" time="0.00200000000018008"/>
    <testcase classname="ds.glmPredict_smk_gaussian_without_newobj" name="simple_glmPredict_gaussian_without_newobj_se.fit_FALSE" time="0.00199999999995271"/>
    <testcase classname="ds.glmPredict_smk_gaussian_without_newobj" name="simple_glmPredict_gaussian_without_newobj_se.fit_FALSE" time="0.00199999999995271"/>
    <testcase classname="ds.glmPredict_smk_gaussian_without_newobj" name="simple_glmPredict_gaussian_without_newobj_se.fit_FALSE" time="0.00199999999995271"/>
    <testcase classname="ds.glmPredict_smk_gaussian_without_newobj" name="simple_glmPredict_gaussian_without_newobj_se.fit_FALSE" time="0.00199999999995271"/>
    <testcase classname="ds.glmPredict_smk_gaussian_without_newobj" name="simple_glmPredict_gaussian_without_newobj_se.fit_FALSE" time="0.00200000000018008"/>
    <testcase classname="ds.glmPredict_smk_gaussian_without_newobj" name="simple_glmPredict_gaussian_without_newobj_se.fit_FALSE" time="0.00199999999995271"/>
    <testcase classname="ds.glmPredict_smk_gaussian_without_newobj" name="simple_glmPredict_gaussian_without_newobj_se.fit_FALSE" time="0.00199999999995271"/>
    <testcase classname="ds.glmPredict_smk_gaussian_without_newobj" name="simple_glmPredict_gaussian_without_newobj_se.fit_FALSE" time="0.00199999999995271"/>
    <testcase classname="ds.glmPredict_smk_gaussian_without_newobj" name="simple_glmPredict_gaussian_without_newobj_se.fit_FALSE" time="0.00200000000018008"/>
    <testcase classname="ds.glmPredict_smk_gaussian_without_newobj" name="simple_glmPredict_gaussian_without_newobj_se.fit_FALSE" time="0.00199999999995271"/>
    <testcase classname="ds.glmPredict_smk_gaussian_without_newobj" name="simple_glmPredict_gaussian_without_newobj_se.fit_FALSE" time="0.00199999999995271"/>
    <testcase classname="ds.glmPredict_smk_gaussian_without_newobj" name="simple_glmPredict_gaussian_without_newobj_se.fit_FALSE" time="0.00299999999992906"/>
    <testcase classname="ds.glmPredict_smk_gaussian_without_newobj" name="simple_glmPredict_gaussian_without_newobj_se.fit_FALSE" time="0.00199999999995271"/>
    <testcase classname="ds.glmPredict_smk_gaussian_without_newobj" name="simple_glmPredict_gaussian_without_newobj_se.fit_FALSE" time="0.00200000000018008"/>
    <testcase classname="ds.glmPredict_smk_gaussian_without_newobj" name="simple_glmPredict_gaussian_without_newobj_se.fit_FALSE" time="0.000999999999976353"/>
    <testcase classname="ds.glmPredict_smk_gaussian_without_newobj" name="simple_glmPredict_gaussian_without_newobj_se.fit_FALSE" time="0.00299999999992906"/>
    <testcase classname="ds.glmPredict_smk_gaussian_without_newobj" name="simple_glmPredict_gaussian_without_newobj_se.fit_FALSE" time="0.00199999999995271"/>
    <testcase classname="ds.glmPredict_smk_gaussian_without_newobj" name="simple_glmPredict_gaussian_without_newobj_se.fit_FALSE" time="0.00200000000018008"/>
    <testcase classname="ds.glmPredict_smk_gaussian_without_newobj" name="simple_glmPredict_gaussian_without_newobj_se.fit_FALSE" time="0.00199999999995271"/>
    <testcase classname="ds.glmPredict_smk_gaussian_without_newobj" name="simple_glmPredict_gaussian_without_newobj_se.fit_FALSE" time="0.00199999999995271"/>
    <testcase classname="ds.glmPredict_smk_gaussian_without_newobj" name="simple_glmPredict_gaussian_without_newobj_se.fit_FALSE" time="0.00199999999995271"/>
    <testcase classname="ds.glmPredict_smk_gaussian_without_newobj" name="simple_glmPredict_gaussian_without_newobj_se.fit_FALSE" time="0.00199999999995271"/>
    <testcase classname="ds.glmPredict_smk_gaussian_without_newobj" name="simple_glmPredict_gaussian_without_newobj_se.fit_FALSE" time="0.00300000000015643"/>
    <testcase classname="ds.glmPredict_smk_gaussian_without_newobj" name="simple_glmPredict_gaussian_without_newobj_se.fit_FALSE" time="0.00199999999995271"/>
    <testcase classname="ds.glmPredict_smk_gaussian_without_newobj" name="simple_glmPredict_gaussian_without_newobj_se.fit_FALSE" time="0.00199999999995271"/>
    <testcase classname="ds.glmPredict_smk_gaussian_without_newobj" name="simple_glmPredict_gaussian_without_newobj_se.fit_FALSE" time="0.00199999999995271"/>
    <testcase classname="ds.glmPredict_smk_gaussian_without_newobj" name="simple_glmPredict_gaussian_without_newobj_se.fit_FALSE" time="0.00200000000018008"/>
  </testsuite>
  <testsuite errors="0" failures="0" hostname="fv-az14" name="ds.glmPredict::smk::gaussian::with_newobj" skipped="0" tests="69" time="2.618" timestamp="2020-10-27T20:53:38Z">
    <testcase classname="ds.glmPredict_smk_gaussian_with_newobj" name="simple_glmPredict_gaussian_with_newobj_se.fit_FALSE" time="1.4219999999998"/>
    <testcase classname="ds.glmPredict_smk_gaussian_with_newobj" name="simple_glmPredict_gaussian_with_newobj_se.fit_FALSE" time="0.00100000000020373"/>
    <testcase classname="ds.glmPredict_smk_gaussian_with_newobj" name="simple_glmPredict_gaussian_with_newobj_se.fit_FALSE" time="0.000999999999976353"/>
    <testcase classname="ds.glmPredict_smk_gaussian_with_newobj" name="simple_glmPredict_gaussian_with_newobj_se.fit_FALSE" time="0.00199999999995271"/>
    <testcase classname="ds.glmPredict_smk_gaussian_with_newobj" name="simple_glmPredict_gaussian_with_newobj_se.fit_FALSE" time="1.06999999999994"/>
    <testcase classname="ds.glmPredict_smk_gaussian_with_newobj" name="simple_glmPredict_gaussian_with_newobj_se.fit_FALSE" time="0.00199999999995271"/>
    <testcase classname="ds.glmPredict_smk_gaussian_with_newobj" name="simple_glmPredict_gaussian_with_newobj_se.fit_FALSE" time="0.000999999999976353"/>
    <testcase classname="ds.glmPredict_smk_gaussian_with_newobj" name="simple_glmPredict_gaussian_with_newobj_se.fit_FALSE" time="0.00200000000018008"/>
    <testcase classname="ds.glmPredict_smk_gaussian_with_newobj" name="simple_glmPredict_gaussian_with_newobj_se.fit_FALSE" time="0.000999999999976353"/>
    <testcase classname="ds.glmPredict_smk_gaussian_with_newobj" name="simple_glmPredict_gaussian_with_newobj_se.fit_FALSE" time="0.000999999999976353"/>
    <testcase classname="ds.glmPredict_smk_gaussian_with_newobj" name="simple_glmPredict_gaussian_with_newobj_se.fit_FALSE" time="0.00199999999995271"/>
    <testcase classname="ds.glmPredict_smk_gaussian_with_newobj" name="simple_glmPredict_gaussian_with_newobj_se.fit_FALSE" time="0.000999999999976353"/>
    <testcase classname="ds.glmPredict_smk_gaussian_with_newobj" name="simple_glmPredict_gaussian_with_newobj_se.fit_FALSE" time="0.0080000000000382"/>
    <testcase classname="ds.glmPredict_smk_gaussian_with_newobj" name="simple_glmPredict_gaussian_with_newobj_se.fit_FALSE" time="0.00199999999995271"/>
    <testcase classname="ds.glmPredict_smk_gaussian_with_newobj" name="simple_glmPredict_gaussian_with_newobj_se.fit_FALSE" time="0.000999999999976353"/>
    <testcase classname="ds.glmPredict_smk_gaussian_with_newobj" name="simple_glmPredict_gaussian_with_newobj_se.fit_FALSE" time="0.00200000000018008"/>
    <testcase classname="ds.glmPredict_smk_gaussian_with_newobj" name="simple_glmPredict_gaussian_with_newobj_se.fit_FALSE" time="0.000999999999976353"/>
    <testcase classname="ds.glmPredict_smk_gaussian_with_newobj" name="simple_glmPredict_gaussian_with_newobj_se.fit_FALSE" time="0.000999999999976353"/>
    <testcase classname="ds.glmPredict_smk_gaussian_with_newobj" name="simple_glmPredict_gaussian_with_newobj_se.fit_FALSE" time="0.00199999999995271"/>
    <testcase classname="ds.glmPredict_smk_gaussian_with_newobj" name="simple_glmPredict_gaussian_with_newobj_se.fit_FALSE" time="0.000999999999976353"/>
    <testcase classname="ds.glmPredict_smk_gaussian_with_newobj" name="simple_glmPredict_gaussian_with_newobj_se.fit_FALSE" time="0.00199999999995271"/>
    <testcase classname="ds.glmPredict_smk_gaussian_with_newobj" name="simple_glmPredict_gaussian_with_newobj_se.fit_FALSE" time="0.000999999999976353"/>
    <testcase classname="ds.glmPredict_smk_gaussian_with_newobj" name="simple_glmPredict_gaussian_with_newobj_se.fit_FALSE" time="0.00200000000018008"/>
    <testcase classname="ds.glmPredict_smk_gaussian_with_newobj" name="simple_glmPredict_gaussian_with_newobj_se.fit_FALSE" time="0.000999999999976353"/>
    <testcase classname="ds.glmPredict_smk_gaussian_with_newobj" name="simple_glmPredict_gaussian_with_newobj_se.fit_FALSE" time="0.00199999999995271"/>
    <testcase classname="ds.glmPredict_smk_gaussian_with_newobj" name="simple_glmPredict_gaussian_with_newobj_se.fit_FALSE" time="0.00199999999995271"/>
    <testcase classname="ds.glmPredict_smk_gaussian_with_newobj" name="simple_glmPredict_gaussian_with_newobj_se.fit_FALSE" time="0.000999999999976353"/>
    <testcase classname="ds.glmPredict_smk_gaussian_with_newobj" name="simple_glmPredict_gaussian_with_newobj_se.fit_FALSE" time="0.00199999999995271"/>
    <testcase classname="ds.glmPredict_smk_gaussian_with_newobj" name="simple_glmPredict_gaussian_with_newobj_se.fit_FALSE" time="0.00100000000020373"/>
    <testcase classname="ds.glmPredict_smk_gaussian_with_newobj" name="simple_glmPredict_gaussian_with_newobj_se.fit_FALSE" time="0.00199999999995271"/>
    <testcase classname="ds.glmPredict_smk_gaussian_with_newobj" name="simple_glmPredict_gaussian_with_newobj_se.fit_FALSE" time="0.000999999999976353"/>
    <testcase classname="ds.glmPredict_smk_gaussian_with_newobj" name="simple_glmPredict_gaussian_with_newobj_se.fit_FALSE" time="0.00199999999995271"/>
    <testcase classname="ds.glmPredict_smk_gaussian_with_newobj" name="simple_glmPredict_gaussian_with_newobj_se.fit_FALSE" time="0.00199999999995271"/>
    <testcase classname="ds.glmPredict_smk_gaussian_with_newobj" name="simple_glmPredict_gaussian_with_newobj_se.fit_FALSE" time="0.000999999999976353"/>
    <testcase classname="ds.glmPredict_smk_gaussian_with_newobj" name="simple_glmPredict_gaussian_with_newobj_se.fit_FALSE" time="0.00200000000018008"/>
    <testcase classname="ds.glmPredict_smk_gaussian_with_newobj" name="simple_glmPredict_gaussian_with_newobj_se.fit_FALSE" time="0.000999999999976353"/>
    <testcase classname="ds.glmPredict_smk_gaussian_with_newobj" name="simple_glmPredict_gaussian_with_newobj_se.fit_FALSE" time="0.000999999999976353"/>
    <testcase classname="ds.glmPredict_smk_gaussian_with_newobj" name="simple_glmPredict_gaussian_with_newobj_se.fit_FALSE" time="0.00199999999995271"/>
    <testcase classname="ds.glmPredict_smk_gaussian_with_newobj" name="simple_glmPredict_gaussian_with_newobj_se.fit_FALSE" time="0.00199999999995271"/>
    <testcase classname="ds.glmPredict_smk_gaussian_with_newobj" name="simple_glmPredict_gaussian_with_newobj_se.fit_FALSE" time="0.00200000000018008"/>
    <testcase classname="ds.glmPredict_smk_gaussian_with_newobj" name="simple_glmPredict_gaussian_with_newobj_se.fit_FALSE" time="0.00199999999995271"/>
    <testcase classname="ds.glmPredict_smk_gaussian_with_newobj" name="simple_glmPredict_gaussian_with_newobj_se.fit_FALSE" time="0.00199999999995271"/>
    <testcase classname="ds.glmPredict_smk_gaussian_with_newobj" name="simple_glmPredict_gaussian_with_newobj_se.fit_FALSE" time="0.00199999999995271"/>
    <testcase classname="ds.glmPredict_smk_gaussian_with_newobj" name="simple_glmPredict_gaussian_with_newobj_se.fit_FALSE" time="0.00199999999995271"/>
    <testcase classname="ds.glmPredict_smk_gaussian_with_newobj" name="simple_glmPredict_gaussian_with_newobj_se.fit_FALSE" time="0.000999999999976353"/>
    <testcase classname="ds.glmPredict_smk_gaussian_with_newobj" name="simple_glmPredict_gaussian_with_newobj_se.fit_FALSE" time="0.00200000000018008"/>
    <testcase classname="ds.glmPredict_smk_gaussian_with_newobj" name="simple_glmPredict_gaussian_with_newobj_se.fit_FALSE" time="0.00199999999995271"/>
    <testcase classname="ds.glmPredict_smk_gaussian_with_newobj" name="simple_glmPredict_gaussian_with_newobj_se.fit_FALSE" time="0.00199999999995271"/>
    <testcase classname="ds.glmPredict_smk_gaussian_with_newobj" name="simple_glmPredict_gaussian_with_newobj_se.fit_FALSE" time="0.00299999999992906"/>
    <testcase classname="ds.glmPredict_smk_gaussian_with_newobj" name="simple_glmPredict_gaussian_with_newobj_se.fit_FALSE" time="0.000999999999976353"/>
    <testcase classname="ds.glmPredict_smk_gaussian_with_newobj" name="simple_glmPredict_gaussian_with_newobj_se.fit_FALSE" time="0.00300000000015643"/>
    <testcase classname="ds.glmPredict_smk_gaussian_with_newobj" name="simple_glmPredict_gaussian_with_newobj_se.fit_FALSE" time="0.000999999999976353"/>
    <testcase classname="ds.glmPredict_smk_gaussian_with_newobj" name="simple_glmPredict_gaussian_with_newobj_se.fit_FALSE" time="0.00199999999995271"/>
    <testcase classname="ds.glmPredict_smk_gaussian_with_newobj" name="simple_glmPredict_gaussian_with_newobj_se.fit_FALSE" time="0.00199999999995271"/>
    <testcase classname="ds.glmPredict_smk_gaussian_with_newobj" name="simple_glmPredict_gaussian_with_newobj_se.fit_FALSE" time="0.00200000000018008"/>
    <testcase classname="ds.glmPredict_smk_gaussian_with_newobj" name="simple_glmPredict_gaussian_with_newobj_se.fit_FALSE" time="0.00299999999992906"/>
    <testcase classname="ds.glmPredict_smk_gaussian_with_newobj" name="simple_glmPredict_gaussian_with_newobj_se.fit_FALSE" time="0.00199999999995271"/>
    <testcase classname="ds.glmPredict_smk_gaussian_with_newobj" name="simple_glmPredict_gaussian_with_newobj_se.fit_FALSE" time="0.00299999999992906"/>
    <testcase classname="ds.glmPredict_smk_gaussian_with_newobj" name="simple_glmPredict_gaussian_with_newobj_se.fit_FALSE" time="0.00200000000018008"/>
    <testcase classname="ds.glmPredict_smk_gaussian_with_newobj" name="simple_glmPredict_gaussian_with_newobj_se.fit_FALSE" time="0.00199999999995271"/>
    <testcase classname="ds.glmPredict_smk_gaussian_with_newobj" name="simple_glmPredict_gaussian_with_newobj_se.fit_FALSE" time="0.00199999999995271"/>
    <testcase classname="ds.glmPredict_smk_gaussian_with_newobj" name="simple_glmPredict_gaussian_with_newobj_se.fit_FALSE" time="0.00299999999992906"/>
    <testcase classname="ds.glmPredict_smk_gaussian_with_newobj" name="simple_glmPredict_gaussian_with_newobj_se.fit_FALSE" time="0.00200000000018008"/>
    <testcase classname="ds.glmPredict_smk_gaussian_with_newobj" name="simple_glmPredict_gaussian_with_newobj_se.fit_FALSE" time="0.00199999999995271"/>
    <testcase classname="ds.glmPredict_smk_gaussian_with_newobj" name="simple_glmPredict_gaussian_with_newobj_se.fit_FALSE" time="0.00299999999992906"/>
    <testcase classname="ds.glmPredict_smk_gaussian_with_newobj" name="simple_glmPredict_gaussian_with_newobj_se.fit_FALSE" time="0.00199999999995271"/>
    <testcase classname="ds.glmPredict_smk_gaussian_with_newobj" name="simple_glmPredict_gaussian_with_newobj_se.fit_FALSE" time="0.00300000000015643"/>
    <testcase classname="ds.glmPredict_smk_gaussian_with_newobj" name="simple_glmPredict_gaussian_with_newobj_se.fit_FALSE" time="0.00199999999995271"/>
    <testcase classname="ds.glmPredict_smk_gaussian_with_newobj" name="simple_glmPredict_gaussian_with_newobj_se.fit_FALSE" time="0.00199999999995271"/>
  </testsuite>
  <testsuite errors="0" failures="0" hostname="fv-az14" name="ds.glmPredict::smk::gaussian::sefit_true" skipped="0" tests="114" time="2.749" timestamp="2020-10-27T20:53:41Z">
    <testcase classname="ds.glmPredict_smk_gaussian_sefit_true" name="simple_glmPredict_gaussian_with_newobj_se.fit_TRUE" time="1.40699999999993"/>
    <testcase classname="ds.glmPredict_smk_gaussian_sefit_true" name="simple_glmPredict_gaussian_with_newobj_se.fit_TRUE" time="0.000999999999976353"/>
    <testcase classname="ds.glmPredict_smk_gaussian_sefit_true" name="simple_glmPredict_gaussian_with_newobj_se.fit_TRUE" time="0.00100000000020373"/>
    <testcase classname="ds.glmPredict_smk_gaussian_sefit_true" name="simple_glmPredict_gaussian_with_newobj_se.fit_TRUE" time="0.00199999999995271"/>
    <testcase classname="ds.glmPredict_smk_gaussian_sefit_true" name="simple_glmPredict_gaussian_with_newobj_se.fit_TRUE" time="1.08999999999992"/>
    <testcase classname="ds.glmPredict_smk_gaussian_sefit_true" name="simple_glmPredict_gaussian_with_newobj_se.fit_TRUE" time="0.000999999999976353"/>
    <testcase classname="ds.glmPredict_smk_gaussian_sefit_true" name="simple_glmPredict_gaussian_with_newobj_se.fit_TRUE" time="0.000999999999976353"/>
    <testcase classname="ds.glmPredict_smk_gaussian_sefit_true" name="simple_glmPredict_gaussian_with_newobj_se.fit_TRUE" time="0.00199999999995271"/>
    <testcase classname="ds.glmPredict_smk_gaussian_sefit_true" name="simple_glmPredict_gaussian_with_newobj_se.fit_TRUE" time="0.00100000000020373"/>
    <testcase classname="ds.glmPredict_smk_gaussian_sefit_true" name="simple_glmPredict_gaussian_with_newobj_se.fit_TRUE" time="0.00199999999995271"/>
    <testcase classname="ds.glmPredict_smk_gaussian_sefit_true" name="simple_glmPredict_gaussian_with_newobj_se.fit_TRUE" time="0.000999999999976353"/>
    <testcase classname="ds.glmPredict_smk_gaussian_sefit_true" name="simple_glmPredict_gaussian_with_newobj_se.fit_TRUE" time="0.00199999999995271"/>
    <testcase classname="ds.glmPredict_smk_gaussian_sefit_true" name="simple_glmPredict_gaussian_with_newobj_se.fit_TRUE" time="0.000999999999976353"/>
    <testcase classname="ds.glmPredict_smk_gaussian_sefit_true" name="simple_glmPredict_gaussian_with_newobj_se.fit_TRUE" time="0.00199999999995271"/>
    <testcase classname="ds.glmPredict_smk_gaussian_sefit_true" name="simple_glmPredict_gaussian_with_newobj_se.fit_TRUE" time="0.00200000000018008"/>
    <testcase classname="ds.glmPredict_smk_gaussian_sefit_true" name="simple_glmPredict_gaussian_with_newobj_se.fit_TRUE" time="0.000999999999976353"/>
    <testcase classname="ds.glmPredict_smk_gaussian_sefit_true" name="simple_glmPredict_gaussian_with_newobj_se.fit_TRUE" time="0.00199999999995271"/>
    <testcase classname="ds.glmPredict_smk_gaussian_sefit_true" name="simple_glmPredict_gaussian_with_newobj_se.fit_TRUE" time="0.000999999999976353"/>
    <testcase classname="ds.glmPredict_smk_gaussian_sefit_true" name="simple_glmPredict_gaussian_with_newobj_se.fit_TRUE" time="0.00199999999995271"/>
    <testcase classname="ds.glmPredict_smk_gaussian_sefit_true" name="simple_glmPredict_gaussian_with_newobj_se.fit_TRUE" time="0.00199999999995271"/>
    <testcase classname="ds.glmPredict_smk_gaussian_sefit_true" name="simple_glmPredict_gaussian_with_newobj_se.fit_TRUE" time="0.00100000000020373"/>
    <testcase classname="ds.glmPredict_smk_gaussian_sefit_true" name="simple_glmPredict_gaussian_with_newobj_se.fit_TRUE" time="0.00199999999995271"/>
    <testcase classname="ds.glmPredict_smk_gaussian_sefit_true" name="simple_glmPredict_gaussian_with_newobj_se.fit_TRUE" time="0.000999999999976353"/>
    <testcase classname="ds.glmPredict_smk_gaussian_sefit_true" name="simple_glmPredict_gaussian_with_newobj_se.fit_TRUE" time="0.00199999999995271"/>
    <testcase classname="ds.glmPredict_smk_gaussian_sefit_true" name="simple_glmPredict_gaussian_with_newobj_se.fit_TRUE" time="0.000999999999976353"/>
    <testcase classname="ds.glmPredict_smk_gaussian_sefit_true" name="simple_glmPredict_gaussian_with_newobj_se.fit_TRUE" time="0.00199999999995271"/>
    <testcase classname="ds.glmPredict_smk_gaussian_sefit_true" name="simple_glmPredict_gaussian_with_newobj_se.fit_TRUE" time="0.00200000000018008"/>
    <testcase classname="ds.glmPredict_smk_gaussian_sefit_true" name="simple_glmPredict_gaussian_with_newobj_se.fit_TRUE" time="0.00199999999995271"/>
    <testcase classname="ds.glmPredict_smk_gaussian_sefit_true" name="simple_glmPredict_gaussian_with_newobj_se.fit_TRUE" time="0.00199999999995271"/>
    <testcase classname="ds.glmPredict_smk_gaussian_sefit_true" name="simple_glmPredict_gaussian_with_newobj_se.fit_TRUE" time="0.000999999999976353"/>
    <testcase classname="ds.glmPredict_smk_gaussian_sefit_true" name="simple_glmPredict_gaussian_with_newobj_se.fit_TRUE" time="0.00199999999995271"/>
    <testcase classname="ds.glmPredict_smk_gaussian_sefit_true" name="simple_glmPredict_gaussian_with_newobj_se.fit_TRUE" time="0.00200000000018008"/>
    <testcase classname="ds.glmPredict_smk_gaussian_sefit_true" name="simple_glmPredict_gaussian_with_newobj_se.fit_TRUE" time="0.00199999999995271"/>
    <testcase classname="ds.glmPredict_smk_gaussian_sefit_true" name="simple_glmPredict_gaussian_with_newobj_se.fit_TRUE" time="0.00199999999995271"/>
    <testcase classname="ds.glmPredict_smk_gaussian_sefit_true" name="simple_glmPredict_gaussian_with_newobj_se.fit_TRUE" time="0.000999999999976353"/>
    <testcase classname="ds.glmPredict_smk_gaussian_sefit_true" name="simple_glmPredict_gaussian_with_newobj_se.fit_TRUE" time="0.00199999999995271"/>
    <testcase classname="ds.glmPredict_smk_gaussian_sefit_true" name="simple_glmPredict_gaussian_with_newobj_se.fit_TRUE" time="0.00199999999995271"/>
    <testcase classname="ds.glmPredict_smk_gaussian_sefit_true" name="simple_glmPredict_gaussian_with_newobj_se.fit_TRUE" time="0.00200000000018008"/>
    <testcase classname="ds.glmPredict_smk_gaussian_sefit_true" name="simple_glmPredict_gaussian_with_newobj_se.fit_TRUE" time="0.00199999999995271"/>
    <testcase classname="ds.glmPredict_smk_gaussian_sefit_true" name="simple_glmPredict_gaussian_with_newobj_se.fit_TRUE" time="0.00199999999995271"/>
    <testcase classname="ds.glmPredict_smk_gaussian_sefit_true" name="simple_glmPredict_gaussian_with_newobj_se.fit_TRUE" time="0.00299999999992906"/>
    <testcase classname="ds.glmPredict_smk_gaussian_sefit_true" name="simple_glmPredict_gaussian_with_newobj_se.fit_TRUE" time="0.00100000000020373"/>
    <testcase classname="ds.glmPredict_smk_gaussian_sefit_true" name="simple_glmPredict_gaussian_with_newobj_se.fit_TRUE" time="0.00199999999995271"/>
    <testcase classname="ds.glmPredict_smk_gaussian_sefit_true" name="simple_glmPredict_gaussian_with_newobj_se.fit_TRUE" time="0.00199999999995271"/>
    <testcase classname="ds.glmPredict_smk_gaussian_sefit_true" name="simple_glmPredict_gaussian_with_newobj_se.fit_TRUE" time="0.00199999999995271"/>
    <testcase classname="ds.glmPredict_smk_gaussian_sefit_true" name="simple_glmPredict_gaussian_with_newobj_se.fit_TRUE" time="0.00199999999995271"/>
    <testcase classname="ds.glmPredict_smk_gaussian_sefit_true" name="simple_glmPredict_gaussian_with_newobj_se.fit_TRUE" time="0.00200000000018008"/>
    <testcase classname="ds.glmPredict_smk_gaussian_sefit_true" name="simple_glmPredict_gaussian_with_newobj_se.fit_TRUE" time="0.00199999999995271"/>
    <testcase classname="ds.glmPredict_smk_gaussian_sefit_true" name="simple_glmPredict_gaussian_with_newobj_se.fit_TRUE" time="0.00299999999992906"/>
    <testcase classname="ds.glmPredict_smk_gaussian_sefit_true" name="simple_glmPredict_gaussian_with_newobj_se.fit_TRUE" time="0.00199999999995271"/>
    <testcase classname="ds.glmPredict_smk_gaussian_sefit_true" name="simple_glmPredict_gaussian_with_newobj_se.fit_TRUE" time="0.00300000000015643"/>
    <testcase classname="ds.glmPredict_smk_gaussian_sefit_true" name="simple_glmPredict_gaussian_with_newobj_se.fit_TRUE" time="0.00199999999995271"/>
    <testcase classname="ds.glmPredict_smk_gaussian_sefit_true" name="simple_glmPredict_gaussian_with_newobj_se.fit_TRUE" time="0.00199999999995271"/>
    <testcase classname="ds.glmPredict_smk_gaussian_sefit_true" name="simple_glmPredict_gaussian_with_newobj_se.fit_TRUE" time="0.00199999999995271"/>
    <testcase classname="ds.glmPredict_smk_gaussian_sefit_true" name="simple_glmPredict_gaussian_with_newobj_se.fit_TRUE" time="0.00199999999995271"/>
    <testcase classname="ds.glmPredict_smk_gaussian_sefit_true" name="simple_glmPredict_gaussian_with_newobj_se.fit_TRUE" time="0.00200000000018008"/>
    <testcase classname="ds.glmPredict_smk_gaussian_sefit_true" name="simple_glmPredict_gaussian_with_newobj_se.fit_TRUE" time="0.00199999999995271"/>
    <testcase classname="ds.glmPredict_smk_gaussian_sefit_true" name="simple_glmPredict_gaussian_with_newobj_se.fit_TRUE" time="0.00199999999995271"/>
    <testcase classname="ds.glmPredict_smk_gaussian_sefit_true" name="simple_glmPredict_gaussian_with_newobj_se.fit_TRUE" time="0.00299999999992906"/>
    <testcase classname="ds.glmPredict_smk_gaussian_sefit_true" name="simple_glmPredict_gaussian_with_newobj_se.fit_TRUE" time="0.00300000000015643"/>
    <testcase classname="ds.glmPredict_smk_gaussian_sefit_true" name="simple_glmPredict_gaussian_with_newobj_se.fit_TRUE" time="0.00199999999995271"/>
    <testcase classname="ds.glmPredict_smk_gaussian_sefit_true" name="simple_glmPredict_gaussian_with_newobj_se.fit_TRUE" time="0.00199999999995271"/>
    <testcase classname="ds.glmPredict_smk_gaussian_sefit_true" name="simple_glmPredict_gaussian_with_newobj_se.fit_TRUE" time="0.00299999999992906"/>
    <testcase classname="ds.glmPredict_smk_gaussian_sefit_true" name="simple_glmPredict_gaussian_with_newobj_se.fit_TRUE" time="0.00200000000018008"/>
    <testcase classname="ds.glmPredict_smk_gaussian_sefit_true" name="simple_glmPredict_gaussian_with_newobj_se.fit_TRUE" time="0.00199999999995271"/>
    <testcase classname="ds.glmPredict_smk_gaussian_sefit_true" name="simple_glmPredict_gaussian_with_newobj_se.fit_TRUE" time="0.00299999999992906"/>
    <testcase classname="ds.glmPredict_smk_gaussian_sefit_true" name="simple_glmPredict_gaussian_with_newobj_se.fit_TRUE" time="0.00199999999995271"/>
    <testcase classname="ds.glmPredict_smk_gaussian_sefit_true" name="simple_glmPredict_gaussian_with_newobj_se.fit_TRUE" time="0.00200000000018008"/>
    <testcase classname="ds.glmPredict_smk_gaussian_sefit_true" name="simple_glmPredict_gaussian_with_newobj_se.fit_TRUE" time="0.00299999999992906"/>
    <testcase classname="ds.glmPredict_smk_gaussian_sefit_true" name="simple_glmPredict_gaussian_with_newobj_se.fit_TRUE" time="0.00199999999995271"/>
    <testcase classname="ds.glmPredict_smk_gaussian_sefit_true" name="simple_glmPredict_gaussian_with_newobj_se.fit_TRUE" time="0.00299999999992906"/>
    <testcase classname="ds.glmPredict_smk_gaussian_sefit_true" name="simple_glmPredict_gaussian_with_newobj_se.fit_TRUE" time="0.00300000000015643"/>
    <testcase classname="ds.glmPredict_smk_gaussian_sefit_true" name="simple_glmPredict_gaussian_with_newobj_se.fit_TRUE" time="0.00299999999992906"/>
    <testcase classname="ds.glmPredict_smk_gaussian_sefit_true" name="simple_glmPredict_gaussian_with_newobj_se.fit_TRUE" time="0.00199999999995271"/>
    <testcase classname="ds.glmPredict_smk_gaussian_sefit_true" name="simple_glmPredict_gaussian_with_newobj_se.fit_TRUE" time="0.00300000000015643"/>
    <testcase classname="ds.glmPredict_smk_gaussian_sefit_true" name="simple_glmPredict_gaussian_with_newobj_se.fit_TRUE" time="0.00299999999992906"/>
    <testcase classname="ds.glmPredict_smk_gaussian_sefit_true" name="simple_glmPredict_gaussian_with_newobj_se.fit_TRUE" time="0.00199999999995271"/>
    <testcase classname="ds.glmPredict_smk_gaussian_sefit_true" name="simple_glmPredict_gaussian_with_newobj_se.fit_TRUE" time="0.00299999999992906"/>
    <testcase classname="ds.glmPredict_smk_gaussian_sefit_true" name="simple_glmPredict_gaussian_with_newobj_se.fit_TRUE" time="0.00300000000015643"/>
    <testcase classname="ds.glmPredict_smk_gaussian_sefit_true" name="simple_glmPredict_gaussian_with_newobj_se.fit_TRUE" time="0.00199999999995271"/>
    <testcase classname="ds.glmPredict_smk_gaussian_sefit_true" name="simple_glmPredict_gaussian_with_newobj_se.fit_TRUE" time="0.00900000000001455"/>
    <testcase classname="ds.glmPredict_smk_gaussian_sefit_true" name="simple_glmPredict_gaussian_with_newobj_se.fit_TRUE" time="0.00299999999992906"/>
    <testcase classname="ds.glmPredict_smk_gaussian_sefit_true" name="simple_glmPredict_gaussian_with_newobj_se.fit_TRUE" time="0.00199999999995271"/>
    <testcase classname="ds.glmPredict_smk_gaussian_sefit_true" name="simple_glmPredict_gaussian_with_newobj_se.fit_TRUE" time="0.00200000000018008"/>
    <testcase classname="ds.glmPredict_smk_gaussian_sefit_true" name="simple_glmPredict_gaussian_with_newobj_se.fit_TRUE" time="0.00299999999992906"/>
    <testcase classname="ds.glmPredict_smk_gaussian_sefit_true" name="simple_glmPredict_gaussian_with_newobj_se.fit_TRUE" time="0.00199999999995271"/>
    <testcase classname="ds.glmPredict_smk_gaussian_sefit_true" name="simple_glmPredict_gaussian_with_newobj_se.fit_TRUE" time="0.00299999999992906"/>
    <testcase classname="ds.glmPredict_smk_gaussian_sefit_true" name="simple_glmPredict_gaussian_with_newobj_se.fit_TRUE" time="0.00300000000015643"/>
    <testcase classname="ds.glmPredict_smk_gaussian_sefit_true" name="simple_glmPredict_gaussian_with_newobj_se.fit_TRUE" time="0.00199999999995271"/>
    <testcase classname="ds.glmPredict_smk_gaussian_sefit_true" name="simple_glmPredict_gaussian_with_newobj_se.fit_TRUE" time="0.00199999999995271"/>
    <testcase classname="ds.glmPredict_smk_gaussian_sefit_true" name="simple_glmPredict_gaussian_with_newobj_se.fit_TRUE" time="0.00300000000015643"/>
    <testcase classname="ds.glmPredict_smk_gaussian_sefit_true" name="simple_glmPredict_gaussian_with_newobj_se.fit_TRUE" time="0.00199999999995271"/>
    <testcase classname="ds.glmPredict_smk_gaussian_sefit_true" name="simple_glmPredict_gaussian_with_newobj_se.fit_TRUE" time="0.00299999999992906"/>
    <testcase classname="ds.glmPredict_smk_gaussian_sefit_true" name="simple_glmPredict_gaussian_with_newobj_se.fit_TRUE" time="0.00299999999992906"/>
    <testcase classname="ds.glmPredict_smk_gaussian_sefit_true" name="simple_glmPredict_gaussian_with_newobj_se.fit_TRUE" time="0.00200000000018008"/>
    <testcase classname="ds.glmPredict_smk_gaussian_sefit_true" name="simple_glmPredict_gaussian_with_newobj_se.fit_TRUE" time="0.00299999999992906"/>
    <testcase classname="ds.glmPredict_smk_gaussian_sefit_true" name="simple_glmPredict_gaussian_with_newobj_se.fit_TRUE" time="0.00299999999992906"/>
    <testcase classname="ds.glmPredict_smk_gaussian_sefit_true" name="simple_glmPredict_gaussian_with_newobj_se.fit_TRUE" time="0.00299999999992906"/>
    <testcase classname="ds.glmPredict_smk_gaussian_sefit_true" name="simple_glmPredict_gaussian_with_newobj_se.fit_TRUE" time="0.00300000000015643"/>
    <testcase classname="ds.glmPredict_smk_gaussian_sefit_true" name="simple_glmPredict_gaussian_with_newobj_se.fit_TRUE" time="0.00199999999995271"/>
    <testcase classname="ds.glmPredict_smk_gaussian_sefit_true" name="simple_glmPredict_gaussian_with_newobj_se.fit_TRUE" time="0.00299999999992906"/>
    <testcase classname="ds.glmPredict_smk_gaussian_sefit_true" name="simple_glmPredict_gaussian_with_newobj_se.fit_TRUE" time="0.00300000000015643"/>
    <testcase classname="ds.glmPredict_smk_gaussian_sefit_true" name="simple_glmPredict_gaussian_with_newobj_se.fit_TRUE" time="0.00199999999995271"/>
    <testcase classname="ds.glmPredict_smk_gaussian_sefit_true" name="simple_glmPredict_gaussian_with_newobj_se.fit_TRUE" time="0.00299999999992906"/>
    <testcase classname="ds.glmPredict_smk_gaussian_sefit_true" name="simple_glmPredict_gaussian_with_newobj_se.fit_TRUE" time="0.00299999999992906"/>
    <testcase classname="ds.glmPredict_smk_gaussian_sefit_true" name="simple_glmPredict_gaussian_with_newobj_se.fit_TRUE" time="0.00200000000018008"/>
    <testcase classname="ds.glmPredict_smk_gaussian_sefit_true" name="simple_glmPredict_gaussian_with_newobj_se.fit_TRUE" time="0.00299999999992906"/>
    <testcase classname="ds.glmPredict_smk_gaussian_sefit_true" name="simple_glmPredict_gaussian_with_newobj_se.fit_TRUE" time="0.00299999999992906"/>
    <testcase classname="ds.glmPredict_smk_gaussian_sefit_true" name="simple_glmPredict_gaussian_with_newobj_se.fit_TRUE" time="0.00200000000018008"/>
    <testcase classname="ds.glmPredict_smk_gaussian_sefit_true" name="simple_glmPredict_gaussian_with_newobj_se.fit_TRUE" time="0.00299999999992906"/>
    <testcase classname="ds.glmPredict_smk_gaussian_sefit_true" name="simple_glmPredict_gaussian_with_newobj_se.fit_TRUE" time="0.00199999999995271"/>
    <testcase classname="ds.glmPredict_smk_gaussian_sefit_true" name="simple_glmPredict_gaussian_with_newobj_se.fit_TRUE" time="0.00199999999995271"/>
    <testcase classname="ds.glmPredict_smk_gaussian_sefit_true" name="simple_glmPredict_gaussian_with_newobj_se.fit_TRUE" time="0.00400000000013279"/>
    <testcase classname="ds.glmPredict_smk_gaussian_sefit_true" name="simple_glmPredict_gaussian_with_newobj_se.fit_TRUE" time="0.00299999999992906"/>
  </testsuite>
  <testsuite errors="0" failures="0" hostname="fv-az14" name="ds.glmPredict::smk::gaussian::shutdown" skipped="0" tests="3" time="0.283" timestamp="2020-10-27T20:53:44Z">
    <testcase classname="ds.glmPredict_smk_gaussian_shutdown" name="shutdown" time="0.280999999999949"/>
    <testcase classname="ds.glmPredict_smk_gaussian_shutdown" name="shutdown" time="0.000999999999976353"/>
    <testcase classname="ds.glmPredict_smk_gaussian_shutdown" name="shutdown" time="0.00100000000020373"/>
  </testsuite>
  <testsuite errors="0" failures="0" hostname="fv-az14" name="ds.glmPredict::smk::gaussian::done" skipped="0" tests="0" time="0" timestamp="2020-10-27T20:53:45Z"/>
  <testsuite errors="0" failures="0" hostname="fv-az14" name="ds.glmPredict::smk::poisson::setup" skipped="0" tests="3" time="5.489" timestamp="2020-10-27T20:53:45Z">
    <testcase classname="ds.glmPredict_smk_poisson_setup" name="setup" time="5.48699999999985"/>
    <testcase classname="ds.glmPredict_smk_poisson_setup" name="setup" time="0.000999999999976353"/>
    <testcase classname="ds.glmPredict_smk_poisson_setup" name="setup" time="0.000999999999976353"/>
  </testsuite>
  <testsuite errors="0" failures="0" hostname="fv-az14" name="ds.glmPredict::smk::poisson::without_newobj" skipped="0" tests="69" time="3.134" timestamp="2020-10-27T20:53:49Z">
    <testcase classname="ds.glmPredict_smk_poisson_without_newobj" name="simple_glmPredict_poisson_without_newobj_se.fit_FALSE" time="1.89800000000014"/>
    <testcase classname="ds.glmPredict_smk_poisson_without_newobj" name="simple_glmPredict_poisson_without_newobj_se.fit_FALSE" time="0.000999999999976353"/>
    <testcase classname="ds.glmPredict_smk_poisson_without_newobj" name="simple_glmPredict_poisson_without_newobj_se.fit_FALSE" time="0.000999999999976353"/>
    <testcase classname="ds.glmPredict_smk_poisson_without_newobj" name="simple_glmPredict_poisson_without_newobj_se.fit_FALSE" time="0.00199999999995271"/>
    <testcase classname="ds.glmPredict_smk_poisson_without_newobj" name="simple_glmPredict_poisson_without_newobj_se.fit_FALSE" time="1.09100000000012"/>
    <testcase classname="ds.glmPredict_smk_poisson_without_newobj" name="simple_glmPredict_poisson_without_newobj_se.fit_FALSE" time="0.000999999999976353"/>
    <testcase classname="ds.glmPredict_smk_poisson_without_newobj" name="simple_glmPredict_poisson_without_newobj_se.fit_FALSE" time="0.000999999999976353"/>
    <testcase classname="ds.glmPredict_smk_poisson_without_newobj" name="simple_glmPredict_poisson_without_newobj_se.fit_FALSE" time="0.00199999999995271"/>
    <testcase classname="ds.glmPredict_smk_poisson_without_newobj" name="simple_glmPredict_poisson_without_newobj_se.fit_FALSE" time="0.000999999999976353"/>
    <testcase classname="ds.glmPredict_smk_poisson_without_newobj" name="simple_glmPredict_poisson_without_newobj_se.fit_FALSE" time="0.000999999999976353"/>
    <testcase classname="ds.glmPredict_smk_poisson_without_newobj" name="simple_glmPredict_poisson_without_newobj_se.fit_FALSE" time="0.000999999999976353"/>
    <testcase classname="ds.glmPredict_smk_poisson_without_newobj" name="simple_glmPredict_poisson_without_newobj_se.fit_FALSE" time="0.00200000000018008"/>
    <testcase classname="ds.glmPredict_smk_poisson_without_newobj" name="simple_glmPredict_poisson_without_newobj_se.fit_FALSE" time="0.000999999999976353"/>
    <testcase classname="ds.glmPredict_smk_poisson_without_newobj" name="simple_glmPredict_poisson_without_newobj_se.fit_FALSE" time="0.000999999999976353"/>
    <testcase classname="ds.glmPredict_smk_poisson_without_newobj" name="simple_glmPredict_poisson_without_newobj_se.fit_FALSE" time="0.00199999999995271"/>
    <testcase classname="ds.glmPredict_smk_poisson_without_newobj" name="simple_glmPredict_poisson_without_newobj_se.fit_FALSE" time="0.000999999999976353"/>
    <testcase classname="ds.glmPredict_smk_poisson_without_newobj" name="simple_glmPredict_poisson_without_newobj_se.fit_FALSE" time="0.00199999999995271"/>
    <testcase classname="ds.glmPredict_smk_poisson_without_newobj" name="simple_glmPredict_poisson_without_newobj_se.fit_FALSE" time="0.00200000000018008"/>
    <testcase classname="ds.glmPredict_smk_poisson_without_newobj" name="simple_glmPredict_poisson_without_newobj_se.fit_FALSE" time="0.00199999999995271"/>
    <testcase classname="ds.glmPredict_smk_poisson_without_newobj" name="simple_glmPredict_poisson_without_newobj_se.fit_FALSE" time="0.00199999999995271"/>
    <testcase classname="ds.glmPredict_smk_poisson_without_newobj" name="simple_glmPredict_poisson_without_newobj_se.fit_FALSE" time="0.00500000000010914"/>
    <testcase classname="ds.glmPredict_smk_poisson_without_newobj" name="simple_glmPredict_poisson_without_newobj_se.fit_FALSE" time="0.00499999999988177"/>
    <testcase classname="ds.glmPredict_smk_poisson_without_newobj" name="simple_glmPredict_poisson_without_newobj_se.fit_FALSE" time="0.00700000000006185"/>
    <testcase classname="ds.glmPredict_smk_poisson_without_newobj" name="simple_glmPredict_poisson_without_newobj_se.fit_FALSE" time="0.00299999999992906"/>
    <testcase classname="ds.glmPredict_smk_poisson_without_newobj" name="simple_glmPredict_poisson_without_newobj_se.fit_FALSE" time="0.00199999999995271"/>
    <testcase classname="ds.glmPredict_smk_poisson_without_newobj" name="simple_glmPredict_poisson_without_newobj_se.fit_FALSE" time="0.00200000000018008"/>
    <testcase classname="ds.glmPredict_smk_poisson_without_newobj" name="simple_glmPredict_poisson_without_newobj_se.fit_FALSE" time="0.00199999999995271"/>
    <testcase classname="ds.glmPredict_smk_poisson_without_newobj" name="simple_glmPredict_poisson_without_newobj_se.fit_FALSE" time="0.000999999999976353"/>
    <testcase classname="ds.glmPredict_smk_poisson_without_newobj" name="simple_glmPredict_poisson_without_newobj_se.fit_FALSE" time="0.00199999999995271"/>
    <testcase classname="ds.glmPredict_smk_poisson_without_newobj" name="simple_glmPredict_poisson_without_newobj_se.fit_FALSE" time="0.00199999999995271"/>
    <testcase classname="ds.glmPredict_smk_poisson_without_newobj" name="simple_glmPredict_poisson_without_newobj_se.fit_FALSE" time="0.00199999999995271"/>
    <testcase classname="ds.glmPredict_smk_poisson_without_newobj" name="simple_glmPredict_poisson_without_newobj_se.fit_FALSE" time="0.00100000000020373"/>
    <testcase classname="ds.glmPredict_smk_poisson_without_newobj" name="simple_glmPredict_poisson_without_newobj_se.fit_FALSE" time="0.00199999999995271"/>
    <testcase classname="ds.glmPredict_smk_poisson_without_newobj" name="simple_glmPredict_poisson_without_newobj_se.fit_FALSE" time="0.00199999999995271"/>
    <testcase classname="ds.glmPredict_smk_poisson_without_newobj" name="simple_glmPredict_poisson_without_newobj_se.fit_FALSE" time="0.00199999999995271"/>
    <testcase classname="ds.glmPredict_smk_poisson_without_newobj" name="simple_glmPredict_poisson_without_newobj_se.fit_FALSE" time="0.00199999999995271"/>
    <testcase classname="ds.glmPredict_smk_poisson_without_newobj" name="simple_glmPredict_poisson_without_newobj_se.fit_FALSE" time="0.00200000000018008"/>
    <testcase classname="ds.glmPredict_smk_poisson_without_newobj" name="simple_glmPredict_poisson_without_newobj_se.fit_FALSE" time="0.00199999999995271"/>
    <testcase classname="ds.glmPredict_smk_poisson_without_newobj" name="simple_glmPredict_poisson_without_newobj_se.fit_FALSE" time="0.00199999999995271"/>
    <testcase classname="ds.glmPredict_smk_poisson_without_newobj" name="simple_glmPredict_poisson_without_newobj_se.fit_FALSE" time="0.00199999999995271"/>
    <testcase classname="ds.glmPredict_smk_poisson_without_newobj" name="simple_glmPredict_poisson_without_newobj_se.fit_FALSE" time="0.00199999999995271"/>
    <testcase classname="ds.glmPredict_smk_poisson_without_newobj" name="simple_glmPredict_poisson_without_newobj_se.fit_FALSE" time="0.00200000000018008"/>
    <testcase classname="ds.glmPredict_smk_poisson_without_newobj" name="simple_glmPredict_poisson_without_newobj_se.fit_FALSE" time="0.00199999999995271"/>
    <testcase classname="ds.glmPredict_smk_poisson_without_newobj" name="simple_glmPredict_poisson_without_newobj_se.fit_FALSE" time="0.00299999999992906"/>
    <testcase classname="ds.glmPredict_smk_poisson_without_newobj" name="simple_glmPredict_poisson_without_newobj_se.fit_FALSE" time="0.00299999999992906"/>
    <testcase classname="ds.glmPredict_smk_poisson_without_newobj" name="simple_glmPredict_poisson_without_newobj_se.fit_FALSE" time="0.00200000000018008"/>
    <testcase classname="ds.glmPredict_smk_poisson_without_newobj" name="simple_glmPredict_poisson_without_newobj_se.fit_FALSE" time="0.00199999999995271"/>
    <testcase classname="ds.glmPredict_smk_poisson_without_newobj" name="simple_glmPredict_poisson_without_newobj_se.fit_FALSE" time="0.00199999999995271"/>
    <testcase classname="ds.glmPredict_smk_poisson_without_newobj" name="simple_glmPredict_poisson_without_newobj_se.fit_FALSE" time="0.00199999999995271"/>
    <testcase classname="ds.glmPredict_smk_poisson_without_newobj" name="simple_glmPredict_poisson_without_newobj_se.fit_FALSE" time="0.00200000000018008"/>
    <testcase classname="ds.glmPredict_smk_poisson_without_newobj" name="simple_glmPredict_poisson_without_newobj_se.fit_FALSE" time="0.00199999999995271"/>
    <testcase classname="ds.glmPredict_smk_poisson_without_newobj" name="simple_glmPredict_poisson_without_newobj_se.fit_FALSE" time="0.00299999999992906"/>
    <testcase classname="ds.glmPredict_smk_poisson_without_newobj" name="simple_glmPredict_poisson_without_newobj_se.fit_FALSE" time="0.00199999999995271"/>
    <testcase classname="ds.glmPredict_smk_poisson_without_newobj" name="simple_glmPredict_poisson_without_newobj_se.fit_FALSE" time="0.00300000000015643"/>
    <testcase classname="ds.glmPredict_smk_poisson_without_newobj" name="simple_glmPredict_poisson_without_newobj_se.fit_FALSE" time="0.00199999999995271"/>
    <testcase classname="ds.glmPredict_smk_poisson_without_newobj" name="simple_glmPredict_poisson_without_newobj_se.fit_FALSE" time="0.00199999999995271"/>
    <testcase classname="ds.glmPredict_smk_poisson_without_newobj" name="simple_glmPredict_poisson_without_newobj_se.fit_FALSE" time="0.00199999999995271"/>
    <testcase classname="ds.glmPredict_smk_poisson_without_newobj" name="simple_glmPredict_poisson_without_newobj_se.fit_FALSE" time="0.00300000000015643"/>
    <testcase classname="ds.glmPredict_smk_poisson_without_newobj" name="simple_glmPredict_poisson_without_newobj_se.fit_FALSE" time="0.00299999999992906"/>
    <testcase classname="ds.glmPredict_smk_poisson_without_newobj" name="simple_glmPredict_poisson_without_newobj_se.fit_FALSE" time="0.00199999999995271"/>
    <testcase classname="ds.glmPredict_smk_poisson_without_newobj" name="simple_glmPredict_poisson_without_newobj_se.fit_FALSE" time="0.00299999999992906"/>
    <testcase classname="ds.glmPredict_smk_poisson_without_newobj" name="simple_glmPredict_poisson_without_newobj_se.fit_FALSE" time="0.00200000000018008"/>
    <testcase classname="ds.glmPredict_smk_poisson_without_newobj" name="simple_glmPredict_poisson_without_newobj_se.fit_FALSE" time="0.00299999999992906"/>
    <testcase classname="ds.glmPredict_smk_poisson_without_newobj" name="simple_glmPredict_poisson_without_newobj_se.fit_FALSE" time="0.00299999999992906"/>
    <testcase classname="ds.glmPredict_smk_poisson_without_newobj" name="simple_glmPredict_poisson_without_newobj_se.fit_FALSE" time="0.00199999999995271"/>
    <testcase classname="ds.glmPredict_smk_poisson_without_newobj" name="simple_glmPredict_poisson_without_newobj_se.fit_FALSE" time="0.00200000000018008"/>
    <testcase classname="ds.glmPredict_smk_poisson_without_newobj" name="simple_glmPredict_poisson_without_newobj_se.fit_FALSE" time="0.00299999999992906"/>
    <testcase classname="ds.glmPredict_smk_poisson_without_newobj" name="simple_glmPredict_poisson_without_newobj_se.fit_FALSE" time="0.00299999999992906"/>
    <testcase classname="ds.glmPredict_smk_poisson_without_newobj" name="simple_glmPredict_poisson_without_newobj_se.fit_FALSE" time="0.00200000000018008"/>
  </testsuite>
  <testsuite errors="0" failures="0" hostname="fv-az14" name="ds.glmPredict::smk::poisson::with_newobj" skipped="0" tests="69" time="3.119" timestamp="2020-10-27T20:53:53Z">
    <testcase classname="ds.glmPredict_smk_poisson_with_newobj" name="simple_glmPredict_poisson_with_newobj_se.fit_FALSE" time="1.91299999999978"/>
    <testcase classname="ds.glmPredict_smk_poisson_with_newobj" name="simple_glmPredict_poisson_with_newobj_se.fit_FALSE" time="0.00100000000020373"/>
    <testcase classname="ds.glmPredict_smk_poisson_with_newobj" name="simple_glmPredict_poisson_with_newobj_se.fit_FALSE" time="0.00199999999995271"/>
    <testcase classname="ds.glmPredict_smk_poisson_with_newobj" name="simple_glmPredict_poisson_with_newobj_se.fit_FALSE" time="0.000999999999976353"/>
    <testcase classname="ds.glmPredict_smk_poisson_with_newobj" name="simple_glmPredict_poisson_with_newobj_se.fit_FALSE" time="1.07799999999997"/>
    <testcase classname="ds.glmPredict_smk_poisson_with_newobj" name="simple_glmPredict_poisson_with_newobj_se.fit_FALSE" time="0.000999999999976353"/>
    <testcase classname="ds.glmPredict_smk_poisson_with_newobj" name="simple_glmPredict_poisson_with_newobj_se.fit_FALSE" time="0.00900000000001455"/>
    <testcase classname="ds.glmPredict_smk_poisson_with_newobj" name="simple_glmPredict_poisson_with_newobj_se.fit_FALSE" time="0.000999999999976353"/>
    <testcase classname="ds.glmPredict_smk_poisson_with_newobj" name="simple_glmPredict_poisson_with_newobj_se.fit_FALSE" time="0.00199999999995271"/>
    <testcase classname="ds.glmPredict_smk_poisson_with_newobj" name="simple_glmPredict_poisson_with_newobj_se.fit_FALSE" time="0.000999999999976353"/>
    <testcase classname="ds.glmPredict_smk_poisson_with_newobj" name="simple_glmPredict_poisson_with_newobj_se.fit_FALSE" time="0.00100000000020373"/>
    <testcase classname="ds.glmPredict_smk_poisson_with_newobj" name="simple_glmPredict_poisson_with_newobj_se.fit_FALSE" time="0.00199999999995271"/>
    <testcase classname="ds.glmPredict_smk_poisson_with_newobj" name="simple_glmPredict_poisson_with_newobj_se.fit_FALSE" time="0.000999999999976353"/>
    <testcase classname="ds.glmPredict_smk_poisson_with_newobj" name="simple_glmPredict_poisson_with_newobj_se.fit_FALSE" time="0.000999999999976353"/>
    <testcase classname="ds.glmPredict_smk_poisson_with_newobj" name="simple_glmPredict_poisson_with_newobj_se.fit_FALSE" time="0.00199999999995271"/>
    <testcase classname="ds.glmPredict_smk_poisson_with_newobj" name="simple_glmPredict_poisson_with_newobj_se.fit_FALSE" time="0.00199999999995271"/>
    <testcase classname="ds.glmPredict_smk_poisson_with_newobj" name="simple_glmPredict_poisson_with_newobj_se.fit_FALSE" time="0.00200000000018008"/>
    <testcase classname="ds.glmPredict_smk_poisson_with_newobj" name="simple_glmPredict_poisson_with_newobj_se.fit_FALSE" time="0.000999999999976353"/>
    <testcase classname="ds.glmPredict_smk_poisson_with_newobj" name="simple_glmPredict_poisson_with_newobj_se.fit_FALSE" time="0.000999999999976353"/>
    <testcase classname="ds.glmPredict_smk_poisson_with_newobj" name="simple_glmPredict_poisson_with_newobj_se.fit_FALSE" time="0.00199999999995271"/>
    <testcase classname="ds.glmPredict_smk_poisson_with_newobj" name="simple_glmPredict_poisson_with_newobj_se.fit_FALSE" time="0.000999999999976353"/>
    <testcase classname="ds.glmPredict_smk_poisson_with_newobj" name="simple_glmPredict_poisson_with_newobj_se.fit_FALSE" time="0.00199999999995271"/>
    <testcase classname="ds.glmPredict_smk_poisson_with_newobj" name="simple_glmPredict_poisson_with_newobj_se.fit_FALSE" time="0.000999999999976353"/>
    <testcase classname="ds.glmPredict_smk_poisson_with_newobj" name="simple_glmPredict_poisson_with_newobj_se.fit_FALSE" time="0.00100000000020373"/>
    <testcase classname="ds.glmPredict_smk_poisson_with_newobj" name="simple_glmPredict_poisson_with_newobj_se.fit_FALSE" time="0.00199999999995271"/>
    <testcase classname="ds.glmPredict_smk_poisson_with_newobj" name="simple_glmPredict_poisson_with_newobj_se.fit_FALSE" time="0.000999999999976353"/>
    <testcase classname="ds.glmPredict_smk_poisson_with_newobj" name="simple_glmPredict_poisson_with_newobj_se.fit_FALSE" time="0.00199999999995271"/>
    <testcase classname="ds.glmPredict_smk_poisson_with_newobj" name="simple_glmPredict_poisson_with_newobj_se.fit_FALSE" time="0.00199999999995271"/>
    <testcase classname="ds.glmPredict_smk_poisson_with_newobj" name="simple_glmPredict_poisson_with_newobj_se.fit_FALSE" time="0.00199999999995271"/>
    <testcase classname="ds.glmPredict_smk_poisson_with_newobj" name="simple_glmPredict_poisson_with_newobj_se.fit_FALSE" time="0.00100000000020373"/>
    <testcase classname="ds.glmPredict_smk_poisson_with_newobj" name="simple_glmPredict_poisson_with_newobj_se.fit_FALSE" time="0.00199999999995271"/>
    <testcase classname="ds.glmPredict_smk_poisson_with_newobj" name="simple_glmPredict_poisson_with_newobj_se.fit_FALSE" time="0.00199999999995271"/>
    <testcase classname="ds.glmPredict_smk_poisson_with_newobj" name="simple_glmPredict_poisson_with_newobj_se.fit_FALSE" time="0.00199999999995271"/>
    <testcase classname="ds.glmPredict_smk_poisson_with_newobj" name="simple_glmPredict_poisson_with_newobj_se.fit_FALSE" time="0.00199999999995271"/>
    <testcase classname="ds.glmPredict_smk_poisson_with_newobj" name="simple_glmPredict_poisson_with_newobj_se.fit_FALSE" time="0.00200000000018008"/>
    <testcase classname="ds.glmPredict_smk_poisson_with_newobj" name="simple_glmPredict_poisson_with_newobj_se.fit_FALSE" time="0.00199999999995271"/>
    <testcase classname="ds.glmPredict_smk_poisson_with_newobj" name="simple_glmPredict_poisson_with_newobj_se.fit_FALSE" time="0.00199999999995271"/>
    <testcase classname="ds.glmPredict_smk_poisson_with_newobj" name="simple_glmPredict_poisson_with_newobj_se.fit_FALSE" time="0.00199999999995271"/>
    <testcase classname="ds.glmPredict_smk_poisson_with_newobj" name="simple_glmPredict_poisson_with_newobj_se.fit_FALSE" time="0.000999999999976353"/>
    <testcase classname="ds.glmPredict_smk_poisson_with_newobj" name="simple_glmPredict_poisson_with_newobj_se.fit_FALSE" time="0.00200000000018008"/>
    <testcase classname="ds.glmPredict_smk_poisson_with_newobj" name="simple_glmPredict_poisson_with_newobj_se.fit_FALSE" time="0.00199999999995271"/>
    <testcase classname="ds.glmPredict_smk_poisson_with_newobj" name="simple_glmPredict_poisson_with_newobj_se.fit_FALSE" time="0.000999999999976353"/>
    <testcase classname="ds.glmPredict_smk_poisson_with_newobj" name="simple_glmPredict_poisson_with_newobj_se.fit_FALSE" time="0.00199999999995271"/>
    <testcase classname="ds.glmPredict_smk_poisson_with_newobj" name="simple_glmPredict_poisson_with_newobj_se.fit_FALSE" time="0.00199999999995271"/>
    <testcase classname="ds.glmPredict_smk_poisson_with_newobj" name="simple_glmPredict_poisson_with_newobj_se.fit_FALSE" time="0.00300000000015643"/>
    <testcase classname="ds.glmPredict_smk_poisson_with_newobj" name="simple_glmPredict_poisson_with_newobj_se.fit_FALSE" time="0.000999999999976353"/>
    <testcase classname="ds.glmPredict_smk_poisson_with_newobj" name="simple_glmPredict_poisson_with_newobj_se.fit_FALSE" time="0.00199999999995271"/>
    <testcase classname="ds.glmPredict_smk_poisson_with_newobj" name="simple_glmPredict_poisson_with_newobj_se.fit_FALSE" time="0.00199999999995271"/>
    <testcase classname="ds.glmPredict_smk_poisson_with_newobj" name="simple_glmPredict_poisson_with_newobj_se.fit_FALSE" time="0.00199999999995271"/>
    <testcase classname="ds.glmPredict_smk_poisson_with_newobj" name="simple_glmPredict_poisson_with_newobj_se.fit_FALSE" time="0.00200000000018008"/>
    <testcase classname="ds.glmPredict_smk_poisson_with_newobj" name="simple_glmPredict_poisson_with_newobj_se.fit_FALSE" time="0.000999999999976353"/>
    <testcase classname="ds.glmPredict_smk_poisson_with_newobj" name="simple_glmPredict_poisson_with_newobj_se.fit_FALSE" time="0.00299999999992906"/>
    <testcase classname="ds.glmPredict_smk_poisson_with_newobj" name="simple_glmPredict_poisson_with_newobj_se.fit_FALSE" time="0.00199999999995271"/>
    <testcase classname="ds.glmPredict_smk_poisson_with_newobj" name="simple_glmPredict_poisson_with_newobj_se.fit_FALSE" time="0.00199999999995271"/>
    <testcase classname="ds.glmPredict_smk_poisson_with_newobj" name="simple_glmPredict_poisson_with_newobj_se.fit_FALSE" time="0.00200000000018008"/>
    <testcase classname="ds.glmPredict_smk_poisson_with_newobj" name="simple_glmPredict_poisson_with_newobj_se.fit_FALSE" time="0.00199999999995271"/>
    <testcase classname="ds.glmPredict_smk_poisson_with_newobj" name="simple_glmPredict_poisson_with_newobj_se.fit_FALSE" time="0.00199999999995271"/>
    <testcase classname="ds.glmPredict_smk_poisson_with_newobj" name="simple_glmPredict_poisson_with_newobj_se.fit_FALSE" time="0.00199999999995271"/>
    <testcase classname="ds.glmPredict_smk_poisson_with_newobj" name="simple_glmPredict_poisson_with_newobj_se.fit_FALSE" time="0.00299999999992906"/>
    <testcase classname="ds.glmPredict_smk_poisson_with_newobj" name="simple_glmPredict_poisson_with_newobj_se.fit_FALSE" time="0.00200000000018008"/>
    <testcase classname="ds.glmPredict_smk_poisson_with_newobj" name="simple_glmPredict_poisson_with_newobj_se.fit_FALSE" time="0.00199999999995271"/>
    <testcase classname="ds.glmPredict_smk_poisson_with_newobj" name="simple_glmPredict_poisson_with_newobj_se.fit_FALSE" time="0.00199999999995271"/>
    <testcase classname="ds.glmPredict_smk_poisson_with_newobj" name="simple_glmPredict_poisson_with_newobj_se.fit_FALSE" time="0.00299999999992906"/>
    <testcase classname="ds.glmPredict_smk_poisson_with_newobj" name="simple_glmPredict_poisson_with_newobj_se.fit_FALSE" time="0.00200000000018008"/>
    <testcase classname="ds.glmPredict_smk_poisson_with_newobj" name="simple_glmPredict_poisson_with_newobj_se.fit_FALSE" time="0.00199999999995271"/>
    <testcase classname="ds.glmPredict_smk_poisson_with_newobj" name="simple_glmPredict_poisson_with_newobj_se.fit_FALSE" time="0.00199999999995271"/>
    <testcase classname="ds.glmPredict_smk_poisson_with_newobj" name="simple_glmPredict_poisson_with_newobj_se.fit_FALSE" time="0.00299999999992906"/>
    <testcase classname="ds.glmPredict_smk_poisson_with_newobj" name="simple_glmPredict_poisson_with_newobj_se.fit_FALSE" time="0.00300000000015643"/>
    <testcase classname="ds.glmPredict_smk_poisson_with_newobj" name="simple_glmPredict_poisson_with_newobj_se.fit_FALSE" time="0.00199999999995271"/>
  </testsuite>
  <testsuite errors="0" failures="0" hostname="fv-az14" name="ds.glmPredict::smk::poisson::sefit_true" skipped="0" tests="114" time="3.174" timestamp="2020-10-27T20:53:56Z">
    <testcase classname="ds.glmPredict_smk_poisson_sefit_true" name="simple_glmPredict_poisson_with_newobj_se.fit_TRUE" time="1.85199999999986"/>
    <testcase classname="ds.glmPredict_smk_poisson_sefit_true" name="simple_glmPredict_poisson_with_newobj_se.fit_TRUE" time="0.00100000000020373"/>
    <testcase classname="ds.glmPredict_smk_poisson_sefit_true" name="simple_glmPredict_poisson_with_newobj_se.fit_TRUE" time="0.00199999999995271"/>
    <testcase classname="ds.glmPredict_smk_poisson_sefit_true" name="simple_glmPredict_poisson_with_newobj_se.fit_TRUE" time="0.000999999999976353"/>
    <testcase classname="ds.glmPredict_smk_poisson_sefit_true" name="simple_glmPredict_poisson_with_newobj_se.fit_TRUE" time="1.07799999999997"/>
    <testcase classname="ds.glmPredict_smk_poisson_sefit_true" name="simple_glmPredict_poisson_with_newobj_se.fit_TRUE" time="0.000999999999976353"/>
    <testcase classname="ds.glmPredict_smk_poisson_sefit_true" name="simple_glmPredict_poisson_with_newobj_se.fit_TRUE" time="0.000999999999976353"/>
    <testcase classname="ds.glmPredict_smk_poisson_sefit_true" name="simple_glmPredict_poisson_with_newobj_se.fit_TRUE" time="0.000999999999976353"/>
    <testcase classname="ds.glmPredict_smk_poisson_sefit_true" name="simple_glmPredict_poisson_with_newobj_se.fit_TRUE" time="0.000999999999976353"/>
    <testcase classname="ds.glmPredict_smk_poisson_sefit_true" name="simple_glmPredict_poisson_with_newobj_se.fit_TRUE" time="0.00100000000020373"/>
    <testcase classname="ds.glmPredict_smk_poisson_sefit_true" name="simple_glmPredict_poisson_with_newobj_se.fit_TRUE" time="0.000999999999976353"/>
    <testcase classname="ds.glmPredict_smk_poisson_sefit_true" name="simple_glmPredict_poisson_with_newobj_se.fit_TRUE" time="0.00199999999995271"/>
    <testcase classname="ds.glmPredict_smk_poisson_sefit_true" name="simple_glmPredict_poisson_with_newobj_se.fit_TRUE" time="0.000999999999976353"/>
    <testcase classname="ds.glmPredict_smk_poisson_sefit_true" name="simple_glmPredict_poisson_with_newobj_se.fit_TRUE" time="0.00199999999995271"/>
    <testcase classname="ds.glmPredict_smk_poisson_sefit_true" name="simple_glmPredict_poisson_with_newobj_se.fit_TRUE" time="0.000999999999976353"/>
    <testcase classname="ds.glmPredict_smk_poisson_sefit_true" name="simple_glmPredict_poisson_with_newobj_se.fit_TRUE" time="0.00199999999995271"/>
    <testcase classname="ds.glmPredict_smk_poisson_sefit_true" name="simple_glmPredict_poisson_with_newobj_se.fit_TRUE" time="0.00200000000018008"/>
    <testcase classname="ds.glmPredict_smk_poisson_sefit_true" name="simple_glmPredict_poisson_with_newobj_se.fit_TRUE" time="0.000999999999976353"/>
    <testcase classname="ds.glmPredict_smk_poisson_sefit_true" name="simple_glmPredict_poisson_with_newobj_se.fit_TRUE" time="0.00199999999995271"/>
    <testcase classname="ds.glmPredict_smk_poisson_sefit_true" name="simple_glmPredict_poisson_with_newobj_se.fit_TRUE" time="0.000999999999976353"/>
    <testcase classname="ds.glmPredict_smk_poisson_sefit_true" name="simple_glmPredict_poisson_with_newobj_se.fit_TRUE" time="0.00199999999995271"/>
    <testcase classname="ds.glmPredict_smk_poisson_sefit_true" name="simple_glmPredict_poisson_with_newobj_se.fit_TRUE" time="0.000999999999976353"/>
    <testcase classname="ds.glmPredict_smk_poisson_sefit_true" name="simple_glmPredict_poisson_with_newobj_se.fit_TRUE" time="0.00200000000018008"/>
    <testcase classname="ds.glmPredict_smk_poisson_sefit_true" name="simple_glmPredict_poisson_with_newobj_se.fit_TRUE" time="0.00199999999995271"/>
    <testcase classname="ds.glmPredict_smk_poisson_sefit_true" name="simple_glmPredict_poisson_with_newobj_se.fit_TRUE" time="0.000999999999976353"/>
    <testcase classname="ds.glmPredict_smk_poisson_sefit_true" name="simple_glmPredict_poisson_with_newobj_se.fit_TRUE" time="0.00199999999995271"/>
    <testcase classname="ds.glmPredict_smk_poisson_sefit_true" name="simple_glmPredict_poisson_with_newobj_se.fit_TRUE" time="0.00199999999995271"/>
    <testcase classname="ds.glmPredict_smk_poisson_sefit_true" name="simple_glmPredict_poisson_with_newobj_se.fit_TRUE" time="0.000999999999976353"/>
    <testcase classname="ds.glmPredict_smk_poisson_sefit_true" name="simple_glmPredict_poisson_with_newobj_se.fit_TRUE" time="0.00200000000018008"/>
    <testcase classname="ds.glmPredict_smk_poisson_sefit_true" name="simple_glmPredict_poisson_with_newobj_se.fit_TRUE" time="0.00199999999995271"/>
    <testcase classname="ds.glmPredict_smk_poisson_sefit_true" name="simple_glmPredict_poisson_with_newobj_se.fit_TRUE" time="0.00199999999995271"/>
    <testcase classname="ds.glmPredict_smk_poisson_sefit_true" name="simple_glmPredict_poisson_with_newobj_se.fit_TRUE" time="0.000999999999976353"/>
    <testcase classname="ds.glmPredict_smk_poisson_sefit_true" name="simple_glmPredict_poisson_with_newobj_se.fit_TRUE" time="0.00199999999995271"/>
    <testcase classname="ds.glmPredict_smk_poisson_sefit_true" name="simple_glmPredict_poisson_with_newobj_se.fit_TRUE" time="0.000999999999976353"/>
    <testcase classname="ds.glmPredict_smk_poisson_sefit_true" name="simple_glmPredict_poisson_with_newobj_se.fit_TRUE" time="0.00199999999995271"/>
    <testcase classname="ds.glmPredict_smk_poisson_sefit_true" name="simple_glmPredict_poisson_with_newobj_se.fit_TRUE" time="0.00199999999995271"/>
    <testcase classname="ds.glmPredict_smk_poisson_sefit_true" name="simple_glmPredict_poisson_with_newobj_se.fit_TRUE" time="0.00199999999995271"/>
    <testcase classname="ds.glmPredict_smk_poisson_sefit_true" name="simple_glmPredict_poisson_with_newobj_se.fit_TRUE" time="0.000999999999976353"/>
    <testcase classname="ds.glmPredict_smk_poisson_sefit_true" name="simple_glmPredict_poisson_with_newobj_se.fit_TRUE" time="0.00100000000020373"/>
    <testcase classname="ds.glmPredict_smk_poisson_sefit_true" name="simple_glmPredict_poisson_with_newobj_se.fit_TRUE" time="0.00199999999995271"/>
    <testcase classname="ds.glmPredict_smk_poisson_sefit_true" name="simple_glmPredict_poisson_with_newobj_se.fit_TRUE" time="0.00199999999995271"/>
    <testcase classname="ds.glmPredict_smk_poisson_sefit_true" name="simple_glmPredict_poisson_with_newobj_se.fit_TRUE" time="0.00199999999995271"/>
    <testcase classname="ds.glmPredict_smk_poisson_sefit_true" name="simple_glmPredict_poisson_with_newobj_se.fit_TRUE" time="0.00199999999995271"/>
    <testcase classname="ds.glmPredict_smk_poisson_sefit_true" name="simple_glmPredict_poisson_with_newobj_se.fit_TRUE" time="0.00300000000015643"/>
    <testcase classname="ds.glmPredict_smk_poisson_sefit_true" name="simple_glmPredict_poisson_with_newobj_se.fit_TRUE" time="0.00199999999995271"/>
    <testcase classname="ds.glmPredict_smk_poisson_sefit_true" name="simple_glmPredict_poisson_with_newobj_se.fit_TRUE" time="0.00199999999995271"/>
    <testcase classname="ds.glmPredict_smk_poisson_sefit_true" name="simple_glmPredict_poisson_with_newobj_se.fit_TRUE" time="0.000999999999976353"/>
    <testcase classname="ds.glmPredict_smk_poisson_sefit_true" name="simple_glmPredict_poisson_with_newobj_se.fit_TRUE" time="0.00199999999995271"/>
    <testcase classname="ds.glmPredict_smk_poisson_sefit_true" name="simple_glmPredict_poisson_with_newobj_se.fit_TRUE" time="0.00200000000018008"/>
    <testcase classname="ds.glmPredict_smk_poisson_sefit_true" name="simple_glmPredict_poisson_with_newobj_se.fit_TRUE" time="0.000999999999976353"/>
    <testcase classname="ds.glmPredict_smk_poisson_sefit_true" name="simple_glmPredict_poisson_with_newobj_se.fit_TRUE" time="0.00199999999995271"/>
    <testcase classname="ds.glmPredict_smk_poisson_sefit_true" name="simple_glmPredict_poisson_with_newobj_se.fit_TRUE" time="0.00299999999992906"/>
    <testcase classname="ds.glmPredict_smk_poisson_sefit_true" name="simple_glmPredict_poisson_with_newobj_se.fit_TRUE" time="0.00199999999995271"/>
    <testcase classname="ds.glmPredict_smk_poisson_sefit_true" name="simple_glmPredict_poisson_with_newobj_se.fit_TRUE" time="0.00200000000018008"/>
    <testcase classname="ds.glmPredict_smk_poisson_sefit_true" name="simple_glmPredict_poisson_with_newobj_se.fit_TRUE" time="0.00199999999995271"/>
    <testcase classname="ds.glmPredict_smk_poisson_sefit_true" name="simple_glmPredict_poisson_with_newobj_se.fit_TRUE" time="0.00299999999992906"/>
    <testcase classname="ds.glmPredict_smk_poisson_sefit_true" name="simple_glmPredict_poisson_with_newobj_se.fit_TRUE" time="0.000999999999976353"/>
    <testcase classname="ds.glmPredict_smk_poisson_sefit_true" name="simple_glmPredict_poisson_with_newobj_se.fit_TRUE" time="0.00300000000015643"/>
    <testcase classname="ds.glmPredict_smk_poisson_sefit_true" name="simple_glmPredict_poisson_with_newobj_se.fit_TRUE" time="0.00199999999995271"/>
    <testcase classname="ds.glmPredict_smk_poisson_sefit_true" name="simple_glmPredict_poisson_with_newobj_se.fit_TRUE" time="0.00199999999995271"/>
    <testcase classname="ds.glmPredict_smk_poisson_sefit_true" name="simple_glmPredict_poisson_with_newobj_se.fit_TRUE" time="0.00199999999995271"/>
    <testcase classname="ds.glmPredict_smk_poisson_sefit_true" name="simple_glmPredict_poisson_with_newobj_se.fit_TRUE" time="0.00199999999995271"/>
    <testcase classname="ds.glmPredict_smk_poisson_sefit_true" name="simple_glmPredict_poisson_with_newobj_se.fit_TRUE" time="0.00200000000018008"/>
    <testcase classname="ds.glmPredict_smk_poisson_sefit_true" name="simple_glmPredict_poisson_with_newobj_se.fit_TRUE" time="0.00299999999992906"/>
    <testcase classname="ds.glmPredict_smk_poisson_sefit_true" name="simple_glmPredict_poisson_with_newobj_se.fit_TRUE" time="0.00199999999995271"/>
    <testcase classname="ds.glmPredict_smk_poisson_sefit_true" name="simple_glmPredict_poisson_with_newobj_se.fit_TRUE" time="0.00199999999995271"/>
    <testcase classname="ds.glmPredict_smk_poisson_sefit_true" name="simple_glmPredict_poisson_with_newobj_se.fit_TRUE" time="0.00300000000015643"/>
    <testcase classname="ds.glmPredict_smk_poisson_sefit_true" name="simple_glmPredict_poisson_with_newobj_se.fit_TRUE" time="0.00199999999995271"/>
    <testcase classname="ds.glmPredict_smk_poisson_sefit_true" name="simple_glmPredict_poisson_with_newobj_se.fit_TRUE" time="0.00299999999992906"/>
    <testcase classname="ds.glmPredict_smk_poisson_sefit_true" name="simple_glmPredict_poisson_with_newobj_se.fit_TRUE" time="0.00199999999995271"/>
    <testcase classname="ds.glmPredict_smk_poisson_sefit_true" name="simple_glmPredict_poisson_with_newobj_se.fit_TRUE" time="0.00300000000015643"/>
    <testcase classname="ds.glmPredict_smk_poisson_sefit_true" name="simple_glmPredict_poisson_with_newobj_se.fit_TRUE" time="0.00299999999992906"/>
    <testcase classname="ds.glmPredict_smk_poisson_sefit_true" name="simple_glmPredict_poisson_with_newobj_se.fit_TRUE" time="0.00199999999995271"/>
    <testcase classname="ds.glmPredict_smk_poisson_sefit_true" name="simple_glmPredict_poisson_with_newobj_se.fit_TRUE" time="0.00300000000015643"/>
    <testcase classname="ds.glmPredict_smk_poisson_sefit_true" name="simple_glmPredict_poisson_with_newobj_se.fit_TRUE" time="0.00199999999995271"/>
    <testcase classname="ds.glmPredict_smk_poisson_sefit_true" name="simple_glmPredict_poisson_with_newobj_se.fit_TRUE" time="0.00199999999995271"/>
    <testcase classname="ds.glmPredict_smk_poisson_sefit_true" name="simple_glmPredict_poisson_with_newobj_se.fit_TRUE" time="0.00900000000001455"/>
    <testcase classname="ds.glmPredict_smk_poisson_sefit_true" name="simple_glmPredict_poisson_with_newobj_se.fit_TRUE" time="0.00299999999992906"/>
    <testcase classname="ds.glmPredict_smk_poisson_sefit_true" name="simple_glmPredict_poisson_with_newobj_se.fit_TRUE" time="0.00300000000015643"/>
    <testcase classname="ds.glmPredict_smk_poisson_sefit_true" name="simple_glmPredict_poisson_with_newobj_se.fit_TRUE" time="0.00199999999995271"/>
    <testcase classname="ds.glmPredict_smk_poisson_sefit_true" name="simple_glmPredict_poisson_with_newobj_se.fit_TRUE" time="0.00199999999995271"/>
    <testcase classname="ds.glmPredict_smk_poisson_sefit_true" name="simple_glmPredict_poisson_with_newobj_se.fit_TRUE" time="0.00199999999995271"/>
    <testcase classname="ds.glmPredict_smk_poisson_sefit_true" name="simple_glmPredict_poisson_with_newobj_se.fit_TRUE" time="0.00299999999992906"/>
    <testcase classname="ds.glmPredict_smk_poisson_sefit_true" name="simple_glmPredict_poisson_with_newobj_se.fit_TRUE" time="0.00200000000018008"/>
    <testcase classname="ds.glmPredict_smk_poisson_sefit_true" name="simple_glmPredict_poisson_with_newobj_se.fit_TRUE" time="0.00299999999992906"/>
    <testcase classname="ds.glmPredict_smk_poisson_sefit_true" name="simple_glmPredict_poisson_with_newobj_se.fit_TRUE" time="0.00199999999995271"/>
    <testcase classname="ds.glmPredict_smk_poisson_sefit_true" name="simple_glmPredict_poisson_with_newobj_se.fit_TRUE" time="0.00299999999992906"/>
    <testcase classname="ds.glmPredict_smk_poisson_sefit_true" name="simple_glmPredict_poisson_with_newobj_se.fit_TRUE" time="0.00200000000018008"/>
    <testcase classname="ds.glmPredict_smk_poisson_sefit_true" name="simple_glmPredict_poisson_with_newobj_se.fit_TRUE" time="0.00299999999992906"/>
    <testcase classname="ds.glmPredict_smk_poisson_sefit_true" name="simple_glmPredict_poisson_with_newobj_se.fit_TRUE" time="0.00199999999995271"/>
    <testcase classname="ds.glmPredict_smk_poisson_sefit_true" name="simple_glmPredict_poisson_with_newobj_se.fit_TRUE" time="0.00199999999995271"/>
    <testcase classname="ds.glmPredict_smk_poisson_sefit_true" name="simple_glmPredict_poisson_with_newobj_se.fit_TRUE" time="0.00300000000015643"/>
    <testcase classname="ds.glmPredict_smk_poisson_sefit_true" name="simple_glmPredict_poisson_with_newobj_se.fit_TRUE" time="0.00199999999995271"/>
    <testcase classname="ds.glmPredict_smk_poisson_sefit_true" name="simple_glmPredict_poisson_with_newobj_se.fit_TRUE" time="0.00499999999988177"/>
    <testcase classname="ds.glmPredict_smk_poisson_sefit_true" name="simple_glmPredict_poisson_with_newobj_se.fit_TRUE" time="0.00200000000018008"/>
    <testcase classname="ds.glmPredict_smk_poisson_sefit_true" name="simple_glmPredict_poisson_with_newobj_se.fit_TRUE" time="0.00299999999992906"/>
    <testcase classname="ds.glmPredict_smk_poisson_sefit_true" name="simple_glmPredict_poisson_with_newobj_se.fit_TRUE" time="0.00199999999995271"/>
    <testcase classname="ds.glmPredict_smk_poisson_sefit_true" name="simple_glmPredict_poisson_with_newobj_se.fit_TRUE" time="0.00300000000015643"/>
    <testcase classname="ds.glmPredict_smk_poisson_sefit_true" name="simple_glmPredict_poisson_with_newobj_se.fit_TRUE" time="0.00199999999995271"/>
    <testcase classname="ds.glmPredict_smk_poisson_sefit_true" name="simple_glmPredict_poisson_with_newobj_se.fit_TRUE" time="0.00299999999992906"/>
    <testcase classname="ds.glmPredict_smk_poisson_sefit_true" name="simple_glmPredict_poisson_with_newobj_se.fit_TRUE" time="0.00299999999992906"/>
    <testcase classname="ds.glmPredict_smk_poisson_sefit_true" name="simple_glmPredict_poisson_with_newobj_se.fit_TRUE" time="0.00200000000018008"/>
    <testcase classname="ds.glmPredict_smk_poisson_sefit_true" name="simple_glmPredict_poisson_with_newobj_se.fit_TRUE" time="0.00299999999992906"/>
    <testcase classname="ds.glmPredict_smk_poisson_sefit_true" name="simple_glmPredict_poisson_with_newobj_se.fit_TRUE" time="0.00299999999992906"/>
    <testcase classname="ds.glmPredict_smk_poisson_sefit_true" name="simple_glmPredict_poisson_with_newobj_se.fit_TRUE" time="0.00299999999992906"/>
    <testcase classname="ds.glmPredict_smk_poisson_sefit_true" name="simple_glmPredict_poisson_with_newobj_se.fit_TRUE" time="0.00300000000015643"/>
    <testcase classname="ds.glmPredict_smk_poisson_sefit_true" name="simple_glmPredict_poisson_with_newobj_se.fit_TRUE" time="0.00299999999992906"/>
    <testcase classname="ds.glmPredict_smk_poisson_sefit_true" name="simple_glmPredict_poisson_with_newobj_se.fit_TRUE" time="0.00299999999992906"/>
    <testcase classname="ds.glmPredict_smk_poisson_sefit_true" name="simple_glmPredict_poisson_with_newobj_se.fit_TRUE" time="0.00300000000015643"/>
    <testcase classname="ds.glmPredict_smk_poisson_sefit_true" name="simple_glmPredict_poisson_with_newobj_se.fit_TRUE" time="0.00399999999990541"/>
    <testcase classname="ds.glmPredict_smk_poisson_sefit_true" name="simple_glmPredict_poisson_with_newobj_se.fit_TRUE" time="0.00199999999995271"/>
    <testcase classname="ds.glmPredict_smk_poisson_sefit_true" name="simple_glmPredict_poisson_with_newobj_se.fit_TRUE" time="0.00300000000015643"/>
    <testcase classname="ds.glmPredict_smk_poisson_sefit_true" name="simple_glmPredict_poisson_with_newobj_se.fit_TRUE" time="0.00299999999992906"/>
    <testcase classname="ds.glmPredict_smk_poisson_sefit_true" name="simple_glmPredict_poisson_with_newobj_se.fit_TRUE" time="0.00199999999995271"/>
  </testsuite>
  <testsuite errors="0" failures="0" hostname="fv-az14" name="ds.glmPredict::smk::poisson::shutdown" skipped="0" tests="3" time="0.287" timestamp="2020-10-27T20:53:59Z">
    <testcase classname="ds.glmPredict_smk_poisson_shutdown" name="shutdown" time="0.285000000000082"/>
    <testcase classname="ds.glmPredict_smk_poisson_shutdown" name="shutdown" time="0.000999999999976353"/>
    <testcase classname="ds.glmPredict_smk_poisson_shutdown" name="shutdown" time="0.000999999999976353"/>
  </testsuite>
  <testsuite errors="0" failures="0" hostname="fv-az14" name="ds.glmPredict::smk::poisson::done" skipped="0" tests="0" time="0" timestamp="2020-10-27T20:54:00Z"/>
  <testsuite errors="0" failures="0" hostname="fv-az14" name="ds.glmSLMA::smk::setup" skipped="0" tests="3" time="5.486" timestamp="2020-10-27T20:54:00Z">
    <testcase classname="ds.glmSLMA_smk_setup" name="setup" time="5.48299999999995"/>
    <testcase classname="ds.glmSLMA_smk_setup" name="setup" time="0.000999999999976353"/>
    <testcase classname="ds.glmSLMA_smk_setup" name="setup" time="0.00200000000018008"/>
  </testsuite>
  <testsuite errors="0" failures="0" hostname="fv-az14" name="ds.glmSLMA::smk::gaussian" skipped="0" tests="47" time="1.488" timestamp="2020-10-27T20:54:05Z">
    <testcase classname="ds.glmSLMA_smk_gaussian" name="simple_glmSLMA_gaussian" time="1.41499999999996"/>
    <testcase classname="ds.glmSLMA_smk_gaussian" name="simple_glmSLMA_gaussian" time="0.000999999999976353"/>
    <testcase classname="ds.glmSLMA_smk_gaussian" name="simple_glmSLMA_gaussian" time="0.000999999999976353"/>
    <testcase classname="ds.glmSLMA_smk_gaussian" name="simple_glmSLMA_gaussian" time="0.00199999999995271"/>
    <testcase classname="ds.glmSLMA_smk_gaussian" name="simple_glmSLMA_gaussian" time="0.000999999999976353"/>
    <testcase classname="ds.glmSLMA_smk_gaussian" name="simple_glmSLMA_gaussian" time="0.000999999999976353"/>
    <testcase classname="ds.glmSLMA_smk_gaussian" name="simple_glmSLMA_gaussian" time="0.00200000000018008"/>
    <testcase classname="ds.glmSLMA_smk_gaussian" name="simple_glmSLMA_gaussian" time="0.000999999999976353"/>
    <testcase classname="ds.glmSLMA_smk_gaussian" name="simple_glmSLMA_gaussian" time="0.000999999999976353"/>
    <testcase classname="ds.glmSLMA_smk_gaussian" name="simple_glmSLMA_gaussian" time="0.00199999999995271"/>
    <testcase classname="ds.glmSLMA_smk_gaussian" name="simple_glmSLMA_gaussian" time="0.000999999999976353"/>
    <testcase classname="ds.glmSLMA_smk_gaussian" name="simple_glmSLMA_gaussian" time="0.000999999999976353"/>
    <testcase classname="ds.glmSLMA_smk_gaussian" name="simple_glmSLMA_gaussian" time="0.00199999999995271"/>
    <testcase classname="ds.glmSLMA_smk_gaussian" name="simple_glmSLMA_gaussian" time="0.00100000000020373"/>
    <testcase classname="ds.glmSLMA_smk_gaussian" name="simple_glmSLMA_gaussian" time="0.000999999999976353"/>
    <testcase classname="ds.glmSLMA_smk_gaussian" name="simple_glmSLMA_gaussian" time="0.00199999999995271"/>
    <testcase classname="ds.glmSLMA_smk_gaussian" name="simple_glmSLMA_gaussian" time="0.00199999999995271"/>
    <testcase classname="ds.glmSLMA_smk_gaussian" name="simple_glmSLMA_gaussian" time="0.00199999999995271"/>
    <testcase classname="ds.glmSLMA_smk_gaussian" name="simple_glmSLMA_gaussian" time="0.000999999999976353"/>
    <testcase classname="ds.glmSLMA_smk_gaussian" name="simple_glmSLMA_gaussian" time="0.000999999999976353"/>
    <testcase classname="ds.glmSLMA_smk_gaussian" name="simple_glmSLMA_gaussian" time="0.000999999999976353"/>
    <testcase classname="ds.glmSLMA_smk_gaussian" name="simple_glmSLMA_gaussian" time="0.00199999999995271"/>
    <testcase classname="ds.glmSLMA_smk_gaussian" name="simple_glmSLMA_gaussian" time="0.00199999999995271"/>
    <testcase classname="ds.glmSLMA_smk_gaussian" name="simple_glmSLMA_gaussian" time="0.000999999999976353"/>
    <testcase classname="ds.glmSLMA_smk_gaussian" name="simple_glmSLMA_gaussian" time="0.00199999999995271"/>
    <testcase classname="ds.glmSLMA_smk_gaussian" name="simple_glmSLMA_gaussian" time="0.00200000000018008"/>
    <testcase classname="ds.glmSLMA_smk_gaussian" name="simple_glmSLMA_gaussian" time="0.00199999999995271"/>
    <testcase classname="ds.glmSLMA_smk_gaussian" name="simple_glmSLMA_gaussian" time="0.000999999999976353"/>
    <testcase classname="ds.glmSLMA_smk_gaussian" name="simple_glmSLMA_gaussian" time="0.00199999999995271"/>
    <testcase classname="ds.glmSLMA_smk_gaussian" name="simple_glmSLMA_gaussian" time="0.00199999999995271"/>
    <testcase classname="ds.glmSLMA_smk_gaussian" name="simple_glmSLMA_gaussian" time="0.000999999999976353"/>
    <testcase classname="ds.glmSLMA_smk_gaussian" name="simple_glmSLMA_gaussian" time="0.00200000000018008"/>
    <testcase classname="ds.glmSLMA_smk_gaussian" name="simple_glmSLMA_gaussian" time="0.000999999999976353"/>
    <testcase classname="ds.glmSLMA_smk_gaussian" name="simple_glmSLMA_gaussian" time="0.00199999999995271"/>
    <testcase classname="ds.glmSLMA_smk_gaussian" name="simple_glmSLMA_gaussian" time="0.00199999999995271"/>
    <testcase classname="ds.glmSLMA_smk_gaussian" name="simple_glmSLMA_gaussian" time="0.00199999999995271"/>
    <testcase classname="ds.glmSLMA_smk_gaussian" name="simple_glmSLMA_gaussian" time="0.000999999999976353"/>
    <testcase classname="ds.glmSLMA_smk_gaussian" name="simple_glmSLMA_gaussian" time="0.00200000000018008"/>
    <testcase classname="ds.glmSLMA_smk_gaussian" name="simple_glmSLMA_gaussian" time="0.00199999999995271"/>
    <testcase classname="ds.glmSLMA_smk_gaussian" name="simple_glmSLMA_gaussian" time="0.000999999999976353"/>
    <testcase classname="ds.glmSLMA_smk_gaussian" name="simple_glmSLMA_gaussian" time="0.00299999999992906"/>
    <testcase classname="ds.glmSLMA_smk_gaussian" name="simple_glmSLMA_gaussian" time="0.00199999999995271"/>
    <testcase classname="ds.glmSLMA_smk_gaussian" name="simple_glmSLMA_gaussian" time="0.00100000000020373"/>
    <testcase classname="ds.glmSLMA_smk_gaussian" name="simple_glmSLMA_gaussian" time="0.00199999999995271"/>
    <testcase classname="ds.glmSLMA_smk_gaussian" name="simple_glmSLMA_gaussian" time="0.00199999999995271"/>
    <testcase classname="ds.glmSLMA_smk_gaussian" name="simple_glmSLMA_gaussian" time="0.00199999999995271"/>
    <testcase classname="ds.glmSLMA_smk_gaussian" name="simple_glmSLMA_gaussian" time="0.00199999999995271"/>
  </testsuite>
  <testsuite errors="0" failures="0" hostname="fv-az14" name="ds.glmSLMA::smk::binomial" skipped="0" tests="40" time="5.194" timestamp="2020-10-27T20:54:06Z">
    <testcase classname="ds.glmSLMA_smk_binomial" name="simple_glmSLMA_binomial" time="5.13700000000017"/>
    <testcase classname="ds.glmSLMA_smk_binomial" name="simple_glmSLMA_binomial" time="0.000999999999976353"/>
    <testcase classname="ds.glmSLMA_smk_binomial" name="simple_glmSLMA_binomial" time="0.000999999999976353"/>
    <testcase classname="ds.glmSLMA_smk_binomial" name="simple_glmSLMA_binomial" time="0.00199999999995271"/>
    <testcase classname="ds.glmSLMA_smk_binomial" name="simple_glmSLMA_binomial" time="0.000999999999976353"/>
    <testcase classname="ds.glmSLMA_smk_binomial" name="simple_glmSLMA_binomial" time="0.000999999999976353"/>
    <testcase classname="ds.glmSLMA_smk_binomial" name="simple_glmSLMA_binomial" time="0.000999999999976353"/>
    <testcase classname="ds.glmSLMA_smk_binomial" name="simple_glmSLMA_binomial" time="0.00200000000018008"/>
    <testcase classname="ds.glmSLMA_smk_binomial" name="simple_glmSLMA_binomial" time="0.000999999999976353"/>
    <testcase classname="ds.glmSLMA_smk_binomial" name="simple_glmSLMA_binomial" time="0.000999999999976353"/>
    <testcase classname="ds.glmSLMA_smk_binomial" name="simple_glmSLMA_binomial" time="0.00199999999995271"/>
    <testcase classname="ds.glmSLMA_smk_binomial" name="simple_glmSLMA_binomial" time="0.000999999999976353"/>
    <testcase classname="ds.glmSLMA_smk_binomial" name="simple_glmSLMA_binomial" time="0.000999999999976353"/>
    <testcase classname="ds.glmSLMA_smk_binomial" name="simple_glmSLMA_binomial" time="0.00199999999995271"/>
    <testcase classname="ds.glmSLMA_smk_binomial" name="simple_glmSLMA_binomial" time="0.00100000000020373"/>
    <testcase classname="ds.glmSLMA_smk_binomial" name="simple_glmSLMA_binomial" time="0.000999999999976353"/>
    <testcase classname="ds.glmSLMA_smk_binomial" name="simple_glmSLMA_binomial" time="0.00199999999995271"/>
    <testcase classname="ds.glmSLMA_smk_binomial" name="simple_glmSLMA_binomial" time="0.000999999999976353"/>
    <testcase classname="ds.glmSLMA_smk_binomial" name="simple_glmSLMA_binomial" time="0.000999999999976353"/>
    <testcase classname="ds.glmSLMA_smk_binomial" name="simple_glmSLMA_binomial" time="0.00199999999995271"/>
    <testcase classname="ds.glmSLMA_smk_binomial" name="simple_glmSLMA_binomial" time="0.000999999999976353"/>
    <testcase classname="ds.glmSLMA_smk_binomial" name="simple_glmSLMA_binomial" time="0.000999999999976353"/>
    <testcase classname="ds.glmSLMA_smk_binomial" name="simple_glmSLMA_binomial" time="0.00200000000018008"/>
    <testcase classname="ds.glmSLMA_smk_binomial" name="simple_glmSLMA_binomial" time="0.00199999999995271"/>
    <testcase classname="ds.glmSLMA_smk_binomial" name="simple_glmSLMA_binomial" time="0.000999999999976353"/>
    <testcase classname="ds.glmSLMA_smk_binomial" name="simple_glmSLMA_binomial" time="0.000999999999976353"/>
    <testcase classname="ds.glmSLMA_smk_binomial" name="simple_glmSLMA_binomial" time="0.00199999999995271"/>
    <testcase classname="ds.glmSLMA_smk_binomial" name="simple_glmSLMA_binomial" time="0.00200000000018008"/>
    <testcase classname="ds.glmSLMA_smk_binomial" name="simple_glmSLMA_binomial" time="0.00199999999995271"/>
    <testcase classname="ds.glmSLMA_smk_binomial" name="simple_glmSLMA_binomial" time="0.000999999999976353"/>
    <testcase classname="ds.glmSLMA_smk_binomial" name="simple_glmSLMA_binomial" time="0.00199999999995271"/>
    <testcase classname="ds.glmSLMA_smk_binomial" name="simple_glmSLMA_binomial" time="0.00199999999995271"/>
    <testcase classname="ds.glmSLMA_smk_binomial" name="simple_glmSLMA_binomial" time="0.00199999999995271"/>
    <testcase classname="ds.glmSLMA_smk_binomial" name="simple_glmSLMA_binomial" time="0.00200000000018008"/>
    <testcase classname="ds.glmSLMA_smk_binomial" name="simple_glmSLMA_binomial" time="0.00199999999995271"/>
    <testcase classname="ds.glmSLMA_smk_binomial" name="simple_glmSLMA_binomial" time="0.000999999999976353"/>
    <testcase classname="ds.glmSLMA_smk_binomial" name="simple_glmSLMA_binomial" time="0.000999999999976353"/>
    <testcase classname="ds.glmSLMA_smk_binomial" name="simple_glmSLMA_binomial" time="0.00199999999995271"/>
    <testcase classname="ds.glmSLMA_smk_binomial" name="simple_glmSLMA_binomial" time="0.000999999999976353"/>
    <testcase classname="ds.glmSLMA_smk_binomial" name="simple_glmSLMA_binomial" time="0.00200000000018008"/>
  </testsuite>
  <testsuite errors="0" failures="0" hostname="fv-az14" name="ds.glmSLMA::smk::poisson" skipped="0" tests="47" time="1.977" timestamp="2020-10-27T20:54:11Z">
    <testcase classname="ds.glmSLMA_smk_poisson" name="simple_glmSLMA_poisson" time="1.90499999999997"/>
    <testcase classname="ds.glmSLMA_smk_poisson" name="simple_glmSLMA_poisson" time="0.00199999999995271"/>
    <testcase classname="ds.glmSLMA_smk_poisson" name="simple_glmSLMA_poisson" time="0.000999999999976353"/>
    <testcase classname="ds.glmSLMA_smk_poisson" name="simple_glmSLMA_poisson" time="0.00199999999995271"/>
    <testcase classname="ds.glmSLMA_smk_poisson" name="simple_glmSLMA_poisson" time="0.000999999999976353"/>
    <testcase classname="ds.glmSLMA_smk_poisson" name="simple_glmSLMA_poisson" time="0.000999999999976353"/>
    <testcase classname="ds.glmSLMA_smk_poisson" name="simple_glmSLMA_poisson" time="0.000999999999976353"/>
    <testcase classname="ds.glmSLMA_smk_poisson" name="simple_glmSLMA_poisson" time="0.000999999999976353"/>
    <testcase classname="ds.glmSLMA_smk_poisson" name="simple_glmSLMA_poisson" time="0.000999999999976353"/>
    <testcase classname="ds.glmSLMA_smk_poisson" name="simple_glmSLMA_poisson" time="0.00199999999995271"/>
    <testcase classname="ds.glmSLMA_smk_poisson" name="simple_glmSLMA_poisson" time="0.000999999999976353"/>
    <testcase classname="ds.glmSLMA_smk_poisson" name="simple_glmSLMA_poisson" time="0.00199999999995271"/>
    <testcase classname="ds.glmSLMA_smk_poisson" name="simple_glmSLMA_poisson" time="0.000999999999976353"/>
    <testcase classname="ds.glmSLMA_smk_poisson" name="simple_glmSLMA_poisson" time="0.00100000000020373"/>
    <testcase classname="ds.glmSLMA_smk_poisson" name="simple_glmSLMA_poisson" time="0.00199999999995271"/>
    <testcase classname="ds.glmSLMA_smk_poisson" name="simple_glmSLMA_poisson" time="0.00199999999995271"/>
    <testcase classname="ds.glmSLMA_smk_poisson" name="simple_glmSLMA_poisson" time="0.000999999999976353"/>
    <testcase classname="ds.glmSLMA_smk_poisson" name="simple_glmSLMA_poisson" time="0.00199999999995271"/>
    <testcase classname="ds.glmSLMA_smk_poisson" name="simple_glmSLMA_poisson" time="0.000999999999976353"/>
    <testcase classname="ds.glmSLMA_smk_poisson" name="simple_glmSLMA_poisson" time="0.00200000000018008"/>
    <testcase classname="ds.glmSLMA_smk_poisson" name="simple_glmSLMA_poisson" time="0.000999999999976353"/>
    <testcase classname="ds.glmSLMA_smk_poisson" name="simple_glmSLMA_poisson" time="0.000999999999976353"/>
    <testcase classname="ds.glmSLMA_smk_poisson" name="simple_glmSLMA_poisson" time="0.00199999999995271"/>
    <testcase classname="ds.glmSLMA_smk_poisson" name="simple_glmSLMA_poisson" time="0.000999999999976353"/>
    <testcase classname="ds.glmSLMA_smk_poisson" name="simple_glmSLMA_poisson" time="0.00199999999995271"/>
    <testcase classname="ds.glmSLMA_smk_poisson" name="simple_glmSLMA_poisson" time="0.000999999999976353"/>
    <testcase classname="ds.glmSLMA_smk_poisson" name="simple_glmSLMA_poisson" time="0.00200000000018008"/>
    <testcase classname="ds.glmSLMA_smk_poisson" name="simple_glmSLMA_poisson" time="0.00199999999995271"/>
    <testcase classname="ds.glmSLMA_smk_poisson" name="simple_glmSLMA_poisson" time="0.000999999999976353"/>
    <testcase classname="ds.glmSLMA_smk_poisson" name="simple_glmSLMA_poisson" time="0.00199999999995271"/>
    <testcase classname="ds.glmSLMA_smk_poisson" name="simple_glmSLMA_poisson" time="0.00199999999995271"/>
    <testcase classname="ds.glmSLMA_smk_poisson" name="simple_glmSLMA_poisson" time="0.00200000000018008"/>
    <testcase classname="ds.glmSLMA_smk_poisson" name="simple_glmSLMA_poisson" time="0.000999999999976353"/>
    <testcase classname="ds.glmSLMA_smk_poisson" name="simple_glmSLMA_poisson" time="0.00199999999995271"/>
    <testcase classname="ds.glmSLMA_smk_poisson" name="simple_glmSLMA_poisson" time="0.00199999999995271"/>
    <testcase classname="ds.glmSLMA_smk_poisson" name="simple_glmSLMA_poisson" time="0.00199999999995271"/>
    <testcase classname="ds.glmSLMA_smk_poisson" name="simple_glmSLMA_poisson" time="0.000999999999976353"/>
    <testcase classname="ds.glmSLMA_smk_poisson" name="simple_glmSLMA_poisson" time="0.00200000000018008"/>
    <testcase classname="ds.glmSLMA_smk_poisson" name="simple_glmSLMA_poisson" time="0.00199999999995271"/>
    <testcase classname="ds.glmSLMA_smk_poisson" name="simple_glmSLMA_poisson" time="0.00199999999995271"/>
    <testcase classname="ds.glmSLMA_smk_poisson" name="simple_glmSLMA_poisson" time="0.000999999999976353"/>
    <testcase classname="ds.glmSLMA_smk_poisson" name="simple_glmSLMA_poisson" time="0.000999999999976353"/>
    <testcase classname="ds.glmSLMA_smk_poisson" name="simple_glmSLMA_poisson" time="0.00200000000018008"/>
    <testcase classname="ds.glmSLMA_smk_poisson" name="simple_glmSLMA_poisson" time="0.00199999999995271"/>
    <testcase classname="ds.glmSLMA_smk_poisson" name="simple_glmSLMA_poisson" time="0.00199999999995271"/>
    <testcase classname="ds.glmSLMA_smk_poisson" name="simple_glmSLMA_poisson" time="0.00199999999995271"/>
    <testcase classname="ds.glmSLMA_smk_poisson" name="simple_glmSLMA_poisson" time="0.00199999999995271"/>
  </testsuite>
  <testsuite errors="0" failures="0" hostname="fv-az14" name="ds.glmSLMA::smk::shutdown" skipped="0" tests="3" time="0.283" timestamp="2020-10-27T20:54:13Z">
    <testcase classname="ds.glmSLMA_smk_shutdown" name="shutdown" time="0.2800000000002"/>
    <testcase classname="ds.glmSLMA_smk_shutdown" name="shutdown" time="0.00199999999995271"/>
    <testcase classname="ds.glmSLMA_smk_shutdown" name="shutdown" time="0.000999999999976353"/>
  </testsuite>
  <testsuite errors="0" failures="0" hostname="fv-az14" name="ds.glmSLMA::smk::done" skipped="0" tests="0" time="0" timestamp="2020-10-27T20:54:14Z"/>
  <testsuite errors="0" failures="0" hostname="fv-az14" name="ds.glmSummary::smk::setup" skipped="0" tests="3" time="5.458" timestamp="2020-10-27T20:54:14Z">
    <testcase classname="ds.glmSummary_smk_setup" name="setup" time="5.4559999999999"/>
    <testcase classname="ds.glmSummary_smk_setup" name="setup" time="0.000999999999976353"/>
    <testcase classname="ds.glmSummary_smk_setup" name="setup" time="0.000999999999976353"/>
  </testsuite>
  <testsuite errors="0" failures="0" hostname="fv-az14" name="ds.glmSummary::smk::gaussian" skipped="0" tests="46" time="5.17" timestamp="2020-10-27T20:54:19Z">
    <testcase classname="ds.glmSummary_smk_gaussian" name="simple_glmSummary_gaussian_without_newobj" time="1.43600000000015"/>
    <testcase classname="ds.glmSummary_smk_gaussian" name="simple_glmSummary_gaussian_without_newobj" time="0.000999999999976353"/>
    <testcase classname="ds.glmSummary_smk_gaussian" name="simple_glmSummary_gaussian_without_newobj" time="0.00199999999995271"/>
    <testcase classname="ds.glmSummary_smk_gaussian" name="simple_glmSummary_gaussian_without_newobj" time="0.000999999999976353"/>
    <testcase classname="ds.glmSummary_smk_gaussian" name="simple_glmSummary_gaussian_without_newobj" time="1.08900000000017"/>
    <testcase classname="ds.glmSummary_smk_gaussian" name="simple_glmSummary_gaussian_without_newobj" time="0.00199999999995271"/>
    <testcase classname="ds.glmSummary_smk_gaussian" name="simple_glmSummary_gaussian_without_newobj" time="0.000999999999976353"/>
    <testcase classname="ds.glmSummary_smk_gaussian" name="simple_glmSummary_gaussian_without_newobj" time="0.00199999999995271"/>
    <testcase classname="ds.glmSummary_smk_gaussian" name="simple_glmSummary_gaussian_without_newobj" time="0.00199999999995271"/>
    <testcase classname="ds.glmSummary_smk_gaussian" name="simple_glmSummary_gaussian_without_newobj" time="0.000999999999976353"/>
    <testcase classname="ds.glmSummary_smk_gaussian" name="simple_glmSummary_gaussian_without_newobj" time="0.00200000000018008"/>
    <testcase classname="ds.glmSummary_smk_gaussian" name="simple_glmSummary_gaussian_without_newobj" time="0.000999999999976353"/>
    <testcase classname="ds.glmSummary_smk_gaussian" name="simple_glmSummary_gaussian_without_newobj" time="0.00199999999995271"/>
    <testcase classname="ds.glmSummary_smk_gaussian" name="simple_glmSummary_gaussian_without_newobj" time="0.000999999999976353"/>
    <testcase classname="ds.glmSummary_smk_gaussian" name="simple_glmSummary_gaussian_without_newobj" time="0.00199999999995271"/>
    <testcase classname="ds.glmSummary_smk_gaussian" name="simple_glmSummary_gaussian_without_newobj" time="0.000999999999976353"/>
    <testcase classname="ds.glmSummary_smk_gaussian" name="simple_glmSummary_gaussian_without_newobj" time="0.00199999999995271"/>
    <testcase classname="ds.glmSummary_smk_gaussian" name="simple_glmSummary_gaussian_without_newobj" time="0.00100000000020373"/>
    <testcase classname="ds.glmSummary_smk_gaussian" name="simple_glmSummary_gaussian_without_newobj" time="0.00199999999995271"/>
    <testcase classname="ds.glmSummary_smk_gaussian" name="simple_glmSummary_gaussian_without_newobj" time="0.000999999999976353"/>
    <testcase classname="ds.glmSummary_smk_gaussian" name="simple_glmSummary_gaussian_without_newobj" time="0.00199999999995271"/>
    <testcase classname="ds.glmSummary_smk_gaussian" name="simple_glmSummary_gaussian_without_newobj" time="0.000999999999976353"/>
    <testcase classname="ds.glmSummary_smk_gaussian" name="simple_glmSummary_gaussian_without_newobj" time="0.00199999999995271"/>
    <testcase classname="ds.glmSummary_smk_gaussian" name="simple_glmSummary_gaussian" time="1.42100000000005"/>
    <testcase classname="ds.glmSummary_smk_gaussian" name="simple_glmSummary_gaussian" time="0.00500000000010914"/>
    <testcase classname="ds.glmSummary_smk_gaussian" name="simple_glmSummary_gaussian" time="0.000999999999976353"/>
    <testcase classname="ds.glmSummary_smk_gaussian" name="simple_glmSummary_gaussian" time="0.00199999999995271"/>
    <testcase classname="ds.glmSummary_smk_gaussian" name="simple_glmSummary_gaussian" time="1.15100000000007"/>
    <testcase classname="ds.glmSummary_smk_gaussian" name="simple_glmSummary_gaussian" time="0.000999999999976353"/>
    <testcase classname="ds.glmSummary_smk_gaussian" name="simple_glmSummary_gaussian" time="0.00199999999995271"/>
    <testcase classname="ds.glmSummary_smk_gaussian" name="simple_glmSummary_gaussian" time="0.00199999999995271"/>
    <testcase classname="ds.glmSummary_smk_gaussian" name="simple_glmSummary_gaussian" time="0.00199999999995271"/>
    <testcase classname="ds.glmSummary_smk_gaussian" name="simple_glmSummary_gaussian" time="0.00100000000020373"/>
    <testcase classname="ds.glmSummary_smk_gaussian" name="simple_glmSummary_gaussian" time="0.00199999999995271"/>
    <testcase classname="ds.glmSummary_smk_gaussian" name="simple_glmSummary_gaussian" time="0.00199999999995271"/>
    <testcase classname="ds.glmSummary_smk_gaussian" name="simple_glmSummary_gaussian" time="0.00199999999995271"/>
    <testcase classname="ds.glmSummary_smk_gaussian" name="simple_glmSummary_gaussian" time="0.00199999999995271"/>
    <testcase classname="ds.glmSummary_smk_gaussian" name="simple_glmSummary_gaussian" time="0.00200000000018008"/>
    <testcase classname="ds.glmSummary_smk_gaussian" name="simple_glmSummary_gaussian" time="0.00199999999995271"/>
    <testcase classname="ds.glmSummary_smk_gaussian" name="simple_glmSummary_gaussian" time="0.00199999999995271"/>
    <testcase classname="ds.glmSummary_smk_gaussian" name="simple_glmSummary_gaussian" time="0.00199999999995271"/>
    <testcase classname="ds.glmSummary_smk_gaussian" name="simple_glmSummary_gaussian" time="0.00199999999995271"/>
    <testcase classname="ds.glmSummary_smk_gaussian" name="simple_glmSummary_gaussian" time="0.00100000000020373"/>
    <testcase classname="ds.glmSummary_smk_gaussian" name="simple_glmSummary_gaussian" time="0.00199999999995271"/>
    <testcase classname="ds.glmSummary_smk_gaussian" name="simple_glmSummary_gaussian" time="0.00199999999995271"/>
    <testcase classname="ds.glmSummary_smk_gaussian" name="simple_glmSummary_gaussian" time="0.00199999999995271"/>
  </testsuite>
  <testsuite errors="0" failures="0" hostname="fv-az14" name="ds.glmSummary::smk::poisson" skipped="0" tests="46" time="6.169" timestamp="2020-10-27T20:54:24Z">
    <testcase classname="ds.glmSummary_smk_poisson" name="simple_glmSummary_poisson_without_newobj" time="1.95900000000006"/>
    <testcase classname="ds.glmSummary_smk_poisson" name="simple_glmSummary_poisson_without_newobj" time="0.00199999999995271"/>
    <testcase classname="ds.glmSummary_smk_poisson" name="simple_glmSummary_poisson_without_newobj" time="0.000999999999976353"/>
    <testcase classname="ds.glmSummary_smk_poisson" name="simple_glmSummary_poisson_without_newobj" time="0.000999999999976353"/>
    <testcase classname="ds.glmSummary_smk_poisson" name="simple_glmSummary_poisson_without_newobj" time="1.07900000000018"/>
    <testcase classname="ds.glmSummary_smk_poisson" name="simple_glmSummary_poisson_without_newobj" time="0.00199999999995271"/>
    <testcase classname="ds.glmSummary_smk_poisson" name="simple_glmSummary_poisson_without_newobj" time="0.000999999999976353"/>
    <testcase classname="ds.glmSummary_smk_poisson" name="simple_glmSummary_poisson_without_newobj" time="0.000999999999976353"/>
    <testcase classname="ds.glmSummary_smk_poisson" name="simple_glmSummary_poisson_without_newobj" time="0.00199999999995271"/>
    <testcase classname="ds.glmSummary_smk_poisson" name="simple_glmSummary_poisson_without_newobj" time="0.000999999999976353"/>
    <testcase classname="ds.glmSummary_smk_poisson" name="simple_glmSummary_poisson_without_newobj" time="0.000999999999976353"/>
    <testcase classname="ds.glmSummary_smk_poisson" name="simple_glmSummary_poisson_without_newobj" time="0.00200000000018008"/>
    <testcase classname="ds.glmSummary_smk_poisson" name="simple_glmSummary_poisson_without_newobj" time="0.000999999999976353"/>
    <testcase classname="ds.glmSummary_smk_poisson" name="simple_glmSummary_poisson_without_newobj" time="0.00199999999995271"/>
    <testcase classname="ds.glmSummary_smk_poisson" name="simple_glmSummary_poisson_without_newobj" time="0.000999999999976353"/>
    <testcase classname="ds.glmSummary_smk_poisson" name="simple_glmSummary_poisson_without_newobj" time="0.00199999999995271"/>
    <testcase classname="ds.glmSummary_smk_poisson" name="simple_glmSummary_poisson_without_newobj" time="0.000999999999976353"/>
    <testcase classname="ds.glmSummary_smk_poisson" name="simple_glmSummary_poisson_without_newobj" time="0.00200000000018008"/>
    <testcase classname="ds.glmSummary_smk_poisson" name="simple_glmSummary_poisson_without_newobj" time="0.000999999999976353"/>
    <testcase classname="ds.glmSummary_smk_poisson" name="simple_glmSummary_poisson_without_newobj" time="0.000999999999976353"/>
    <testcase classname="ds.glmSummary_smk_poisson" name="simple_glmSummary_poisson_without_newobj" time="0.00199999999995271"/>
    <testcase classname="ds.glmSummary_smk_poisson" name="simple_glmSummary_poisson_without_newobj" time="0.000999999999976353"/>
    <testcase classname="ds.glmSummary_smk_poisson" name="simple_glmSummary_poisson_without_newobj" time="0.00199999999995271"/>
    <testcase classname="ds.glmSummary_smk_poisson" name="simple_glmSummary_poisson" time="1.95700000000011"/>
    <testcase classname="ds.glmSummary_smk_poisson" name="simple_glmSummary_poisson" time="0.00199999999995271"/>
    <testcase classname="ds.glmSummary_smk_poisson" name="simple_glmSummary_poisson" time="0.00199999999995271"/>
    <testcase classname="ds.glmSummary_smk_poisson" name="simple_glmSummary_poisson" time="0.00199999999995271"/>
    <testcase classname="ds.glmSummary_smk_poisson" name="simple_glmSummary_poisson" time="1.10400000000004"/>
    <testcase classname="ds.glmSummary_smk_poisson" name="simple_glmSummary_poisson" time="0.00199999999995271"/>
    <testcase classname="ds.glmSummary_smk_poisson" name="simple_glmSummary_poisson" time="0.00200000000018008"/>
    <testcase classname="ds.glmSummary_smk_poisson" name="simple_glmSummary_poisson" time="0.00199999999995271"/>
    <testcase classname="ds.glmSummary_smk_poisson" name="simple_glmSummary_poisson" time="0.00199999999995271"/>
    <testcase classname="ds.glmSummary_smk_poisson" name="simple_glmSummary_poisson" time="0.00199999999995271"/>
    <testcase classname="ds.glmSummary_smk_poisson" name="simple_glmSummary_poisson" time="0.00199999999995271"/>
    <testcase classname="ds.glmSummary_smk_poisson" name="simple_glmSummary_poisson" time="0.00100000000020373"/>
    <testcase classname="ds.glmSummary_smk_poisson" name="simple_glmSummary_poisson" time="0.00199999999995271"/>
    <testcase classname="ds.glmSummary_smk_poisson" name="simple_glmSummary_poisson" time="0.00199999999995271"/>
    <testcase classname="ds.glmSummary_smk_poisson" name="simple_glmSummary_poisson" time="0.00199999999995271"/>
    <testcase classname="ds.glmSummary_smk_poisson" name="simple_glmSummary_poisson" time="0.00199999999995271"/>
    <testcase classname="ds.glmSummary_smk_poisson" name="simple_glmSummary_poisson" time="0.000999999999976353"/>
    <testcase classname="ds.glmSummary_smk_poisson" name="simple_glmSummary_poisson" time="0.00300000000015643"/>
    <testcase classname="ds.glmSummary_smk_poisson" name="simple_glmSummary_poisson" time="0.00199999999995271"/>
    <testcase classname="ds.glmSummary_smk_poisson" name="simple_glmSummary_poisson" time="0.000999999999976353"/>
    <testcase classname="ds.glmSummary_smk_poisson" name="simple_glmSummary_poisson" time="0.00199999999995271"/>
    <testcase classname="ds.glmSummary_smk_poisson" name="simple_glmSummary_poisson" time="0.00200000000018008"/>
    <testcase classname="ds.glmSummary_smk_poisson" name="simple_glmSummary_poisson" time="0.00199999999995271"/>
  </testsuite>
  <testsuite errors="0" failures="0" hostname="fv-az14" name="ds.glmSummary::smk::shutdown" skipped="0" tests="3" time="0.288" timestamp="2020-10-27T20:54:30Z">
    <testcase classname="ds.glmSummary_smk_shutdown" name="shutdown" time="0.284999999999854"/>
    <testcase classname="ds.glmSummary_smk_shutdown" name="shutdown" time="0.000999999999976353"/>
    <testcase classname="ds.glmSummary_smk_shutdown" name="shutdown" time="0.00200000000018008"/>
  </testsuite>
  <testsuite errors="0" failures="0" hostname="fv-az14" name="ds.glmSummary::smk::done" skipped="0" tests="0" time="0" timestamp="2020-10-27T20:54:31Z"/>
  <testsuite errors="0" failures="0" hostname="fv-az14" name="ds.isNA::smk::setup" skipped="0" tests="3" time="5.515" timestamp="2020-10-27T20:54:31Z">
    <testcase classname="ds.isNA_smk_setup" name="setup" time="5.51199999999994"/>
    <testcase classname="ds.isNA_smk_setup" name="setup" time="0.000999999999976353"/>
    <testcase classname="ds.isNA_smk_setup" name="setup" time="0.00199999999995271"/>
  </testsuite>
  <testsuite errors="0" failures="0" hostname="fv-az14" name="ds.isNA::smk" skipped="0" tests="3" time="1.729" timestamp="2020-10-27T20:54:36Z">
    <testcase classname="ds.isNA_smk" name="isNA" time="1.72599999999989"/>
    <testcase classname="ds.isNA_smk" name="isNA" time="0.00199999999995271"/>
    <testcase classname="ds.isNA_smk" name="isNA" time="0.00100000000020373"/>
  </testsuite>
  <testsuite errors="0" failures="0" hostname="fv-az14" name="ds.isNA::smk::shutdown" skipped="0" tests="3" time="0.292" timestamp="2020-10-27T20:54:38Z">
    <testcase classname="ds.isNA_smk_shutdown" name="shutdown" time="0.289999999999964"/>
    <testcase classname="ds.isNA_smk_shutdown" name="shutdown" time="0.00100000000020373"/>
    <testcase classname="ds.isNA_smk_shutdown" name="shutdown" time="0.000999999999748979"/>
  </testsuite>
  <testsuite errors="0" failures="0" hostname="fv-az14" name="ds.isNA::smk::done" skipped="0" tests="0" time="0" timestamp="2020-10-27T20:54:39Z"/>
  <testsuite errors="0" failures="0" hostname="fv-az14" name="ds.isValid::smk::setup" skipped="0" tests="3" time="5.527" timestamp="2020-10-27T20:54:39Z">
    <testcase classname="ds.isValid_smk_setup" name="setup" time="5.52399999999989"/>
    <testcase classname="ds.isValid_smk_setup" name="setup" time="0.00100000000020373"/>
    <testcase classname="ds.isValid_smk_setup" name="setup" time="0.00199999999995271"/>
  </testsuite>
  <testsuite errors="0" failures="0" hostname="fv-az14" name="ds.isValid::smk" skipped="0" tests="7" time="1.246" timestamp="2020-10-27T20:54:44Z">
    <testcase classname="ds.isValid_smk" name="isValid" time="1.23800000000028"/>
    <testcase classname="ds.isValid_smk" name="isValid" time="0.00199999999995271"/>
    <testcase classname="ds.isValid_smk" name="isValid" time="0.000999999999748979"/>
    <testcase classname="ds.isValid_smk" name="isValid" time="0.00100000000020373"/>
    <testcase classname="ds.isValid_smk" name="isValid" time="0.000999999999748979"/>
    <testcase classname="ds.isValid_smk" name="isValid" time="0.00199999999995271"/>
    <testcase classname="ds.isValid_smk" name="isValid" time="0.00100000000020373"/>
  </testsuite>
  <testsuite errors="0" failures="0" hostname="fv-az14" name="ds.isValid::smk::shutdown" skipped="0" tests="3" time="0.289" timestamp="2020-10-27T20:54:45Z">
    <testcase classname="ds.isValid_smk_shutdown" name="shutdown" time="0.286000000000058"/>
    <testcase classname="ds.isValid_smk_shutdown" name="shutdown" time="0.00199999999995271"/>
    <testcase classname="ds.isValid_smk_shutdown" name="shutdown" time="0.000999999999748979"/>
  </testsuite>
  <testsuite errors="0" failures="0" hostname="fv-az14" name="ds.isValid::smk::done" skipped="0" tests="0" time="0" timestamp="2020-10-27T20:54:46Z"/>
  <testsuite errors="0" failures="0" hostname="fv-az14" name="ds.kurtosis::smk::setup" skipped="0" tests="3" time="5.55" timestamp="2020-10-27T20:54:46Z">
    <testcase classname="ds.kurtosis_smk_setup" name="setup" time="5.54800000000023"/>
    <testcase classname="ds.kurtosis_smk_setup" name="setup" time="0.000999999999748979"/>
    <testcase classname="ds.kurtosis_smk_setup" name="setup" time="0.00100000000020373"/>
  </testsuite>
  <testsuite errors="0" failures="0" hostname="fv-az14" name="ds.kurtosis::smk::method 1::split" skipped="0" tests="70" time="6.267" timestamp="2020-10-27T20:54:51Z">
    <testcase classname="ds.kurtosis_smk_method_1_split" name="simple_kurtosis_method_1_split_on_LAB_TSC" time="1.23300000000017"/>
    <testcase classname="ds.kurtosis_smk_method_1_split" name="simple_kurtosis_method_1_split_on_LAB_TSC" time="0.000999999999748979"/>
    <testcase classname="ds.kurtosis_smk_method_1_split" name="simple_kurtosis_method_1_split_on_LAB_TSC" time="0.00100000000020373"/>
    <testcase classname="ds.kurtosis_smk_method_1_split" name="simple_kurtosis_method_1_split_on_LAB_TSC" time="0.000999999999748979"/>
    <testcase classname="ds.kurtosis_smk_method_1_split" name="simple_kurtosis_method_1_split_on_LAB_TSC" time="0.00199999999995271"/>
    <testcase classname="ds.kurtosis_smk_method_1_split" name="simple_kurtosis_method_1_split_on_LAB_TSC" time="0.00100000000020373"/>
    <testcase classname="ds.kurtosis_smk_method_1_split" name="simple_kurtosis_method_1_split_on_LAB_TSC" time="0.00199999999995271"/>
    <testcase classname="ds.kurtosis_smk_method_1_split" name="simple_kurtosis_method_1_split_on_LAB_TSC" time="0.00100000000020373"/>
    <testcase classname="ds.kurtosis_smk_method_1_split" name="simple_kurtosis_method_1_split_on_LAB_TSC" time="0.00199999999995271"/>
    <testcase classname="ds.kurtosis_smk_method_1_split" name="simple_kurtosis_method_1_split_on_LAB_TSC" time="0.000999999999748979"/>
    <testcase classname="ds.kurtosis_smk_method_1_split" name="simple_kurtosis_method_1_split_on_LAB_TSC" time="0.00100000000020373"/>
    <testcase classname="ds.kurtosis_smk_method_1_split" name="simple_kurtosis_method_1_split_on_LAB_TSC" time="0.00199999999995271"/>
    <testcase classname="ds.kurtosis_smk_method_1_split" name="simple_kurtosis_method_1_split_on_LAB_TSC" time="0.000999999999748979"/>
    <testcase classname="ds.kurtosis_smk_method_1_split" name="simple_kurtosis_method_1_split_on_LAB_TSC" time="0.00100000000020373"/>
    <testcase classname="ds.kurtosis_smk_method_1_split" name="simple_kurtosis_method_1_split_on_LAB_TRIG" time="1.23399999999992"/>
    <testcase classname="ds.kurtosis_smk_method_1_split" name="simple_kurtosis_method_1_split_on_LAB_TRIG" time="0.00900000000001455"/>
    <testcase classname="ds.kurtosis_smk_method_1_split" name="simple_kurtosis_method_1_split_on_LAB_TRIG" time="0.00199999999995271"/>
    <testcase classname="ds.kurtosis_smk_method_1_split" name="simple_kurtosis_method_1_split_on_LAB_TRIG" time="0.00199999999995271"/>
    <testcase classname="ds.kurtosis_smk_method_1_split" name="simple_kurtosis_method_1_split_on_LAB_TRIG" time="0.000999999999748979"/>
    <testcase classname="ds.kurtosis_smk_method_1_split" name="simple_kurtosis_method_1_split_on_LAB_TRIG" time="0.00200000000040745"/>
    <testcase classname="ds.kurtosis_smk_method_1_split" name="simple_kurtosis_method_1_split_on_LAB_TRIG" time="0.00199999999995271"/>
    <testcase classname="ds.kurtosis_smk_method_1_split" name="simple_kurtosis_method_1_split_on_LAB_TRIG" time="0.00199999999995271"/>
    <testcase classname="ds.kurtosis_smk_method_1_split" name="simple_kurtosis_method_1_split_on_LAB_TRIG" time="0.000999999999748979"/>
    <testcase classname="ds.kurtosis_smk_method_1_split" name="simple_kurtosis_method_1_split_on_LAB_TRIG" time="0.00199999999995271"/>
    <testcase classname="ds.kurtosis_smk_method_1_split" name="simple_kurtosis_method_1_split_on_LAB_TRIG" time="0.00200000000040745"/>
    <testcase classname="ds.kurtosis_smk_method_1_split" name="simple_kurtosis_method_1_split_on_LAB_TRIG" time="0.000999999999748979"/>
    <testcase classname="ds.kurtosis_smk_method_1_split" name="simple_kurtosis_method_1_split_on_LAB_TRIG" time="0.00199999999995271"/>
    <testcase classname="ds.kurtosis_smk_method_1_split" name="simple_kurtosis_method_1_split_on_LAB_TRIG" time="0.00100000000020373"/>
    <testcase classname="ds.kurtosis_smk_method_1_split" name="simple_kurtosis_method_1_split_on_LAB_HDL" time="1.2199999999998"/>
    <testcase classname="ds.kurtosis_smk_method_1_split" name="simple_kurtosis_method_1_split_on_LAB_HDL" time="0.00100000000020373"/>
    <testcase classname="ds.kurtosis_smk_method_1_split" name="simple_kurtosis_method_1_split_on_LAB_HDL" time="0.00199999999995271"/>
    <testcase classname="ds.kurtosis_smk_method_1_split" name="simple_kurtosis_method_1_split_on_LAB_HDL" time="0.00199999999995271"/>
    <testcase classname="ds.kurtosis_smk_method_1_split" name="simple_kurtosis_method_1_split_on_LAB_HDL" time="0.00100000000020373"/>
    <testcase classname="ds.kurtosis_smk_method_1_split" name="simple_kurtosis_method_1_split_on_LAB_HDL" time="0.00199999999995271"/>
    <testcase classname="ds.kurtosis_smk_method_1_split" name="simple_kurtosis_method_1_split_on_LAB_HDL" time="0.00199999999995271"/>
    <testcase classname="ds.kurtosis_smk_method_1_split" name="simple_kurtosis_method_1_split_on_LAB_HDL" time="0.000999999999748979"/>
    <testcase classname="ds.kurtosis_smk_method_1_split" name="simple_kurtosis_method_1_split_on_LAB_HDL" time="0.00199999999995271"/>
    <testcase classname="ds.kurtosis_smk_method_1_split" name="simple_kurtosis_method_1_split_on_LAB_HDL" time="0.00100000000020373"/>
    <testcase classname="ds.kurtosis_smk_method_1_split" name="simple_kurtosis_method_1_split_on_LAB_HDL" time="0.00199999999995271"/>
    <testcase classname="ds.kurtosis_smk_method_1_split" name="simple_kurtosis_method_1_split_on_LAB_HDL" time="0.00100000000020373"/>
    <testcase classname="ds.kurtosis_smk_method_1_split" name="simple_kurtosis_method_1_split_on_LAB_HDL" time="0.00199999999995271"/>
    <testcase classname="ds.kurtosis_smk_method_1_split" name="simple_kurtosis_method_1_split_on_LAB_HDL" time="0.00199999999995271"/>
    <testcase classname="ds.kurtosis_smk_method_1_split" name="simple_kurtosis_method_1_split_on_LAB_GLUC_ADJUSTED" time="1.22600000000011"/>
    <testcase classname="ds.kurtosis_smk_method_1_split" name="simple_kurtosis_method_1_split_on_LAB_GLUC_ADJUSTED" time="0.00199999999995271"/>
    <testcase classname="ds.kurtosis_smk_method_1_split" name="simple_kurtosis_method_1_split_on_LAB_GLUC_ADJUSTED" time="0.00299999999970169"/>
    <testcase classname="ds.kurtosis_smk_method_1_split" name="simple_kurtosis_method_1_split_on_LAB_GLUC_ADJUSTED" time="0.00199999999995271"/>
    <testcase classname="ds.kurtosis_smk_method_1_split" name="simple_kurtosis_method_1_split_on_LAB_GLUC_ADJUSTED" time="0.00200000000040745"/>
    <testcase classname="ds.kurtosis_smk_method_1_split" name="simple_kurtosis_method_1_split_on_LAB_GLUC_ADJUSTED" time="0.00199999999995271"/>
    <testcase classname="ds.kurtosis_smk_method_1_split" name="simple_kurtosis_method_1_split_on_LAB_GLUC_ADJUSTED" time="0.00199999999995271"/>
    <testcase classname="ds.kurtosis_smk_method_1_split" name="simple_kurtosis_method_1_split_on_LAB_GLUC_ADJUSTED" time="0.00199999999995271"/>
    <testcase classname="ds.kurtosis_smk_method_1_split" name="simple_kurtosis_method_1_split_on_LAB_GLUC_ADJUSTED" time="0.00199999999995271"/>
    <testcase classname="ds.kurtosis_smk_method_1_split" name="simple_kurtosis_method_1_split_on_LAB_GLUC_ADJUSTED" time="0.00199999999995271"/>
    <testcase classname="ds.kurtosis_smk_method_1_split" name="simple_kurtosis_method_1_split_on_LAB_GLUC_ADJUSTED" time="0.00199999999995271"/>
    <testcase classname="ds.kurtosis_smk_method_1_split" name="simple_kurtosis_method_1_split_on_LAB_GLUC_ADJUSTED" time="0.00199999999995271"/>
    <testcase classname="ds.kurtosis_smk_method_1_split" name="simple_kurtosis_method_1_split_on_LAB_GLUC_ADJUSTED" time="0.00199999999995271"/>
    <testcase classname="ds.kurtosis_smk_method_1_split" name="simple_kurtosis_method_1_split_on_LAB_GLUC_ADJUSTED" time="0.00199999999995271"/>
    <testcase classname="ds.kurtosis_smk_method_1_split" name="simple_kurtosis_method_1_split_on_PM_BMI_CONTINUOUS" time="1.23100000000022"/>
    <testcase classname="ds.kurtosis_smk_method_1_split" name="simple_kurtosis_method_1_split_on_PM_BMI_CONTINUOUS" time="0.00199999999995271"/>
    <testcase classname="ds.kurtosis_smk_method_1_split" name="simple_kurtosis_method_1_split_on_PM_BMI_CONTINUOUS" time="0.00199999999995271"/>
    <testcase classname="ds.kurtosis_smk_method_1_split" name="simple_kurtosis_method_1_split_on_PM_BMI_CONTINUOUS" time="0.00199999999995271"/>
    <testcase classname="ds.kurtosis_smk_method_1_split" name="simple_kurtosis_method_1_split_on_PM_BMI_CONTINUOUS" time="0.00300000000015643"/>
    <testcase classname="ds.kurtosis_smk_method_1_split" name="simple_kurtosis_method_1_split_on_PM_BMI_CONTINUOUS" time="0.00199999999995271"/>
    <testcase classname="ds.kurtosis_smk_method_1_split" name="simple_kurtosis_method_1_split_on_PM_BMI_CONTINUOUS" time="0.00199999999995271"/>
    <testcase classname="ds.kurtosis_smk_method_1_split" name="simple_kurtosis_method_1_split_on_PM_BMI_CONTINUOUS" time="0.00199999999995271"/>
    <testcase classname="ds.kurtosis_smk_method_1_split" name="simple_kurtosis_method_1_split_on_PM_BMI_CONTINUOUS" time="0.00199999999995271"/>
    <testcase classname="ds.kurtosis_smk_method_1_split" name="simple_kurtosis_method_1_split_on_PM_BMI_CONTINUOUS" time="0.00300000000015643"/>
    <testcase classname="ds.kurtosis_smk_method_1_split" name="simple_kurtosis_method_1_split_on_PM_BMI_CONTINUOUS" time="0.00199999999995271"/>
    <testcase classname="ds.kurtosis_smk_method_1_split" name="simple_kurtosis_method_1_split_on_PM_BMI_CONTINUOUS" time="0.00199999999995271"/>
    <testcase classname="ds.kurtosis_smk_method_1_split" name="simple_kurtosis_method_1_split_on_PM_BMI_CONTINUOUS" time="0.00300000000015643"/>
    <testcase classname="ds.kurtosis_smk_method_1_split" name="simple_kurtosis_method_1_split_on_PM_BMI_CONTINUOUS" time="0.00199999999995271"/>
  </testsuite>
  <testsuite errors="0" failures="0" hostname="fv-az14" name="ds.kurtosis::smk::method 1::combine" skipped="0" tests="40" time="7.594" timestamp="2020-10-27T20:54:57Z">
    <testcase classname="ds.kurtosis_smk_method_1_combine" name="simple_kurtosis_combine_on_LAB_TSC" time="1.51499999999987"/>
    <testcase classname="ds.kurtosis_smk_method_1_combine" name="simple_kurtosis_combine_on_LAB_TSC" time="0.00199999999995271"/>
    <testcase classname="ds.kurtosis_smk_method_1_combine" name="simple_kurtosis_combine_on_LAB_TSC" time="0.00100000000020373"/>
    <testcase classname="ds.kurtosis_smk_method_1_combine" name="simple_kurtosis_combine_on_LAB_TSC" time="0.000999999999748979"/>
    <testcase classname="ds.kurtosis_smk_method_1_combine" name="simple_kurtosis_combine_on_LAB_TSC" time="0.00100000000020373"/>
    <testcase classname="ds.kurtosis_smk_method_1_combine" name="simple_kurtosis_combine_on_LAB_TSC" time="0.00199999999995271"/>
    <testcase classname="ds.kurtosis_smk_method_1_combine" name="simple_kurtosis_combine_on_LAB_TSC" time="0.00100000000020373"/>
    <testcase classname="ds.kurtosis_smk_method_1_combine" name="simple_kurtosis_combine_on_LAB_TSC" time="0.000999999999748979"/>
    <testcase classname="ds.kurtosis_smk_method_1_combine" name="simple_kurtosis_method_1_combine_on_LAB_TRIG" time="1.50199999999995"/>
    <testcase classname="ds.kurtosis_smk_method_1_combine" name="simple_kurtosis_method_1_combine_on_LAB_TRIG" time="0.00199999999995271"/>
    <testcase classname="ds.kurtosis_smk_method_1_combine" name="simple_kurtosis_method_1_combine_on_LAB_TRIG" time="0.00100000000020373"/>
    <testcase classname="ds.kurtosis_smk_method_1_combine" name="simple_kurtosis_method_1_combine_on_LAB_TRIG" time="0.00199999999995271"/>
    <testcase classname="ds.kurtosis_smk_method_1_combine" name="simple_kurtosis_method_1_combine_on_LAB_TRIG" time="0.00800000000026557"/>
    <testcase classname="ds.kurtosis_smk_method_1_combine" name="simple_kurtosis_method_1_combine_on_LAB_TRIG" time="0.000999999999748979"/>
    <testcase classname="ds.kurtosis_smk_method_1_combine" name="simple_kurtosis_method_1_combine_on_LAB_TRIG" time="0.00199999999995271"/>
    <testcase classname="ds.kurtosis_smk_method_1_combine" name="simple_kurtosis_method_1_combine_on_LAB_TRIG" time="0.00100000000020373"/>
    <testcase classname="ds.kurtosis_smk_method_1_combine" name="simple_kurtosis_method_1_combine_on_LAB_HDL" time="1.4989999999998"/>
    <testcase classname="ds.kurtosis_smk_method_1_combine" name="simple_kurtosis_method_1_combine_on_LAB_HDL" time="0.00199999999995271"/>
    <testcase classname="ds.kurtosis_smk_method_1_combine" name="simple_kurtosis_method_1_combine_on_LAB_HDL" time="0.00100000000020373"/>
    <testcase classname="ds.kurtosis_smk_method_1_combine" name="simple_kurtosis_method_1_combine_on_LAB_HDL" time="0.00199999999995271"/>
    <testcase classname="ds.kurtosis_smk_method_1_combine" name="simple_kurtosis_method_1_combine_on_LAB_HDL" time="0.000999999999748979"/>
    <testcase classname="ds.kurtosis_smk_method_1_combine" name="simple_kurtosis_method_1_combine_on_LAB_HDL" time="0.00200000000040745"/>
    <testcase classname="ds.kurtosis_smk_method_1_combine" name="simple_kurtosis_method_1_combine_on_LAB_HDL" time="0.000999999999748979"/>
    <testcase classname="ds.kurtosis_smk_method_1_combine" name="simple_kurtosis_method_1_combine_on_LAB_HDL" time="0.00199999999995271"/>
    <testcase classname="ds.kurtosis_smk_method_1_combine" name="simple_kurtosis_method_1_combine_on_LAB_GLUC_ADJUSTED" time="1.50800000000027"/>
    <testcase classname="ds.kurtosis_smk_method_1_combine" name="simple_kurtosis_method_1_combine_on_LAB_GLUC_ADJUSTED" time="0.00199999999995271"/>
    <testcase classname="ds.kurtosis_smk_method_1_combine" name="simple_kurtosis_method_1_combine_on_LAB_GLUC_ADJUSTED" time="0.00199999999995271"/>
    <testcase classname="ds.kurtosis_smk_method_1_combine" name="simple_kurtosis_method_1_combine_on_LAB_GLUC_ADJUSTED" time="0.00199999999995271"/>
    <testcase classname="ds.kurtosis_smk_method_1_combine" name="simple_kurtosis_method_1_combine_on_LAB_GLUC_ADJUSTED" time="0.00100000000020373"/>
    <testcase classname="ds.kurtosis_smk_method_1_combine" name="simple_kurtosis_method_1_combine_on_LAB_GLUC_ADJUSTED" time="0.00199999999995271"/>
    <testcase classname="ds.kurtosis_smk_method_1_combine" name="simple_kurtosis_method_1_combine_on_LAB_GLUC_ADJUSTED" time="0.00199999999995271"/>
    <testcase classname="ds.kurtosis_smk_method_1_combine" name="simple_kurtosis_method_1_combine_on_LAB_GLUC_ADJUSTED" time="0.00199999999995271"/>
    <testcase classname="ds.kurtosis_smk_method_1_combine" name="simple_kurtosis_method_1_combine_on_PM_BMI_CONTINUOUS" time="1.50799999999981"/>
    <testcase classname="ds.kurtosis_smk_method_1_combine" name="simple_kurtosis_method_1_combine_on_PM_BMI_CONTINUOUS" time="0.00199999999995271"/>
    <testcase classname="ds.kurtosis_smk_method_1_combine" name="simple_kurtosis_method_1_combine_on_PM_BMI_CONTINUOUS" time="0.00100000000020373"/>
    <testcase classname="ds.kurtosis_smk_method_1_combine" name="simple_kurtosis_method_1_combine_on_PM_BMI_CONTINUOUS" time="0.00199999999995271"/>
    <testcase classname="ds.kurtosis_smk_method_1_combine" name="simple_kurtosis_method_1_combine_on_PM_BMI_CONTINUOUS" time="0.00100000000020373"/>
    <testcase classname="ds.kurtosis_smk_method_1_combine" name="simple_kurtosis_method_1_combine_on_PM_BMI_CONTINUOUS" time="0.00199999999995271"/>
    <testcase classname="ds.kurtosis_smk_method_1_combine" name="simple_kurtosis_method_1_combine_on_PM_BMI_CONTINUOUS" time="0.00199999999995271"/>
    <testcase classname="ds.kurtosis_smk_method_1_combine" name="simple_kurtosis_method_1_combine_on_PM_BMI_CONTINUOUS" time="0.00199999999995271"/>
  </testsuite>
  <testsuite errors="0" failures="0" hostname="fv-az14" name="ds.kurtosis::smk::method 1::both" skipped="0" tests="110" time="9.099" timestamp="2020-10-27T20:55:05Z">
    <testcase classname="ds.kurtosis_smk_method_1_both" name="simple_kurtosis_both_on_LAB_TSC" time="1.78099999999995"/>
    <testcase classname="ds.kurtosis_smk_method_1_both" name="simple_kurtosis_both_on_LAB_TSC" time="0.00100000000020373"/>
    <testcase classname="ds.kurtosis_smk_method_1_both" name="simple_kurtosis_both_on_LAB_TSC" time="0.000999999999748979"/>
    <testcase classname="ds.kurtosis_smk_method_1_both" name="simple_kurtosis_both_on_LAB_TSC" time="0.00100000000020373"/>
    <testcase classname="ds.kurtosis_smk_method_1_both" name="simple_kurtosis_both_on_LAB_TSC" time="0.00199999999995271"/>
    <testcase classname="ds.kurtosis_smk_method_1_both" name="simple_kurtosis_both_on_LAB_TSC" time="0.000999999999748979"/>
    <testcase classname="ds.kurtosis_smk_method_1_both" name="simple_kurtosis_both_on_LAB_TSC" time="0.00199999999995271"/>
    <testcase classname="ds.kurtosis_smk_method_1_both" name="simple_kurtosis_both_on_LAB_TSC" time="0.00100000000020373"/>
    <testcase classname="ds.kurtosis_smk_method_1_both" name="simple_kurtosis_both_on_LAB_TSC" time="0.00199999999995271"/>
    <testcase classname="ds.kurtosis_smk_method_1_both" name="simple_kurtosis_both_on_LAB_TSC" time="0.00100000000020373"/>
    <testcase classname="ds.kurtosis_smk_method_1_both" name="simple_kurtosis_both_on_LAB_TSC" time="0.00199999999995271"/>
    <testcase classname="ds.kurtosis_smk_method_1_both" name="simple_kurtosis_both_on_LAB_TSC" time="0.00199999999995271"/>
    <testcase classname="ds.kurtosis_smk_method_1_both" name="simple_kurtosis_both_on_LAB_TSC" time="0.000999999999748979"/>
    <testcase classname="ds.kurtosis_smk_method_1_both" name="simple_kurtosis_both_on_LAB_TSC" time="0.00199999999995271"/>
    <testcase classname="ds.kurtosis_smk_method_1_both" name="simple_kurtosis_both_on_LAB_TSC" time="0.00200000000040745"/>
    <testcase classname="ds.kurtosis_smk_method_1_both" name="simple_kurtosis_both_on_LAB_TSC" time="0.000999999999748979"/>
    <testcase classname="ds.kurtosis_smk_method_1_both" name="simple_kurtosis_both_on_LAB_TSC" time="0.00199999999995271"/>
    <testcase classname="ds.kurtosis_smk_method_1_both" name="simple_kurtosis_both_on_LAB_TSC" time="0.00199999999995271"/>
    <testcase classname="ds.kurtosis_smk_method_1_both" name="simple_kurtosis_both_on_LAB_TSC" time="0.00199999999995271"/>
    <testcase classname="ds.kurtosis_smk_method_1_both" name="simple_kurtosis_both_on_LAB_TSC" time="0.00200000000040745"/>
    <testcase classname="ds.kurtosis_smk_method_1_both" name="simple_kurtosis_both_on_LAB_TSC" time="0.000999999999748979"/>
    <testcase classname="ds.kurtosis_smk_method_1_both" name="simple_kurtosis_both_on_LAB_TSC" time="0.00199999999995271"/>
    <testcase classname="ds.kurtosis_smk_method_1_both" name="simple_kurtosis_method_1_both_on_LAB_TRIG" time="1.77800000000025"/>
    <testcase classname="ds.kurtosis_smk_method_1_both" name="simple_kurtosis_method_1_both_on_LAB_TRIG" time="0.00199999999995271"/>
    <testcase classname="ds.kurtosis_smk_method_1_both" name="simple_kurtosis_method_1_both_on_LAB_TRIG" time="0.00199999999995271"/>
    <testcase classname="ds.kurtosis_smk_method_1_both" name="simple_kurtosis_method_1_both_on_LAB_TRIG" time="0.000999999999748979"/>
    <testcase classname="ds.kurtosis_smk_method_1_both" name="simple_kurtosis_method_1_both_on_LAB_TRIG" time="0.00200000000040745"/>
    <testcase classname="ds.kurtosis_smk_method_1_both" name="simple_kurtosis_method_1_both_on_LAB_TRIG" time="0.00199999999995271"/>
    <testcase classname="ds.kurtosis_smk_method_1_both" name="simple_kurtosis_method_1_both_on_LAB_TRIG" time="0.000999999999748979"/>
    <testcase classname="ds.kurtosis_smk_method_1_both" name="simple_kurtosis_method_1_both_on_LAB_TRIG" time="0.00199999999995271"/>
    <testcase classname="ds.kurtosis_smk_method_1_both" name="simple_kurtosis_method_1_both_on_LAB_TRIG" time="0.00199999999995271"/>
    <testcase classname="ds.kurtosis_smk_method_1_both" name="simple_kurtosis_method_1_both_on_LAB_TRIG" time="0.00100000000020373"/>
    <testcase classname="ds.kurtosis_smk_method_1_both" name="simple_kurtosis_method_1_both_on_LAB_TRIG" time="0.00199999999995271"/>
    <testcase classname="ds.kurtosis_smk_method_1_both" name="simple_kurtosis_method_1_both_on_LAB_TRIG" time="0.00100000000020373"/>
    <testcase classname="ds.kurtosis_smk_method_1_both" name="simple_kurtosis_method_1_both_on_LAB_TRIG" time="0.00199999999995271"/>
    <testcase classname="ds.kurtosis_smk_method_1_both" name="simple_kurtosis_method_1_both_on_LAB_TRIG" time="0.000999999999748979"/>
    <testcase classname="ds.kurtosis_smk_method_1_both" name="simple_kurtosis_method_1_both_on_LAB_TRIG" time="0.00199999999995271"/>
    <testcase classname="ds.kurtosis_smk_method_1_both" name="simple_kurtosis_method_1_both_on_LAB_TRIG" time="0.00199999999995271"/>
    <testcase classname="ds.kurtosis_smk_method_1_both" name="simple_kurtosis_method_1_both_on_LAB_TRIG" time="0.00200000000040745"/>
    <testcase classname="ds.kurtosis_smk_method_1_both" name="simple_kurtosis_method_1_both_on_LAB_TRIG" time="0.000999999999748979"/>
    <testcase classname="ds.kurtosis_smk_method_1_both" name="simple_kurtosis_method_1_both_on_LAB_TRIG" time="0.00199999999995271"/>
    <testcase classname="ds.kurtosis_smk_method_1_both" name="simple_kurtosis_method_1_both_on_LAB_TRIG" time="0.00199999999995271"/>
    <testcase classname="ds.kurtosis_smk_method_1_both" name="simple_kurtosis_method_1_both_on_LAB_TRIG" time="0.00199999999995271"/>
    <testcase classname="ds.kurtosis_smk_method_1_both" name="simple_kurtosis_method_1_both_on_LAB_TRIG" time="0.00200000000040745"/>
    <testcase classname="ds.kurtosis_smk_method_1_both" name="simple_kurtosis_method_1_both_on_LAB_HDL" time="1.75999999999976"/>
    <testcase classname="ds.kurtosis_smk_method_1_both" name="simple_kurtosis_method_1_both_on_LAB_HDL" time="0.00900000000001455"/>
    <testcase classname="ds.kurtosis_smk_method_1_both" name="simple_kurtosis_method_1_both_on_LAB_HDL" time="0.00199999999995271"/>
    <testcase classname="ds.kurtosis_smk_method_1_both" name="simple_kurtosis_method_1_both_on_LAB_HDL" time="0.00199999999995271"/>
    <testcase classname="ds.kurtosis_smk_method_1_both" name="simple_kurtosis_method_1_both_on_LAB_HDL" time="0.00199999999995271"/>
    <testcase classname="ds.kurtosis_smk_method_1_both" name="simple_kurtosis_method_1_both_on_LAB_HDL" time="0.00199999999995271"/>
    <testcase classname="ds.kurtosis_smk_method_1_both" name="simple_kurtosis_method_1_both_on_LAB_HDL" time="0.00200000000040745"/>
    <testcase classname="ds.kurtosis_smk_method_1_both" name="simple_kurtosis_method_1_both_on_LAB_HDL" time="0.00199999999995271"/>
    <testcase classname="ds.kurtosis_smk_method_1_both" name="simple_kurtosis_method_1_both_on_LAB_HDL" time="0.00199999999995271"/>
    <testcase classname="ds.kurtosis_smk_method_1_both" name="simple_kurtosis_method_1_both_on_LAB_HDL" time="0.00299999999970169"/>
    <testcase classname="ds.kurtosis_smk_method_1_both" name="simple_kurtosis_method_1_both_on_LAB_HDL" time="0.00200000000040745"/>
    <testcase classname="ds.kurtosis_smk_method_1_both" name="simple_kurtosis_method_1_both_on_LAB_HDL" time="0.00199999999995271"/>
    <testcase classname="ds.kurtosis_smk_method_1_both" name="simple_kurtosis_method_1_both_on_LAB_HDL" time="0.00199999999995271"/>
    <testcase classname="ds.kurtosis_smk_method_1_both" name="simple_kurtosis_method_1_both_on_LAB_HDL" time="0.00199999999995271"/>
    <testcase classname="ds.kurtosis_smk_method_1_both" name="simple_kurtosis_method_1_both_on_LAB_HDL" time="0.00299999999970169"/>
    <testcase classname="ds.kurtosis_smk_method_1_both" name="simple_kurtosis_method_1_both_on_LAB_HDL" time="0.00200000000040745"/>
    <testcase classname="ds.kurtosis_smk_method_1_both" name="simple_kurtosis_method_1_both_on_LAB_HDL" time="0.00199999999995271"/>
    <testcase classname="ds.kurtosis_smk_method_1_both" name="simple_kurtosis_method_1_both_on_LAB_HDL" time="0.00199999999995271"/>
    <testcase classname="ds.kurtosis_smk_method_1_both" name="simple_kurtosis_method_1_both_on_LAB_HDL" time="0.00299999999970169"/>
    <testcase classname="ds.kurtosis_smk_method_1_both" name="simple_kurtosis_method_1_both_on_LAB_HDL" time="0.00200000000040745"/>
    <testcase classname="ds.kurtosis_smk_method_1_both" name="simple_kurtosis_method_1_both_on_LAB_HDL" time="0.00199999999995271"/>
    <testcase classname="ds.kurtosis_smk_method_1_both" name="simple_kurtosis_method_1_both_on_LAB_HDL" time="0.00299999999970169"/>
    <testcase classname="ds.kurtosis_smk_method_1_both" name="simple_kurtosis_method_1_both_on_LAB_GLUC_ADJUSTED" time="1.77199999999993"/>
    <testcase classname="ds.kurtosis_smk_method_1_both" name="simple_kurtosis_method_1_both_on_LAB_GLUC_ADJUSTED" time="0.00200000000040745"/>
    <testcase classname="ds.kurtosis_smk_method_1_both" name="simple_kurtosis_method_1_both_on_LAB_GLUC_ADJUSTED" time="0.00299999999970169"/>
    <testcase classname="ds.kurtosis_smk_method_1_both" name="simple_kurtosis_method_1_both_on_LAB_GLUC_ADJUSTED" time="0.00199999999995271"/>
    <testcase classname="ds.kurtosis_smk_method_1_both" name="simple_kurtosis_method_1_both_on_LAB_GLUC_ADJUSTED" time="0.00300000000015643"/>
    <testcase classname="ds.kurtosis_smk_method_1_both" name="simple_kurtosis_method_1_both_on_LAB_GLUC_ADJUSTED" time="0.00199999999995271"/>
    <testcase classname="ds.kurtosis_smk_method_1_both" name="simple_kurtosis_method_1_both_on_LAB_GLUC_ADJUSTED" time="0.00300000000015643"/>
    <testcase classname="ds.kurtosis_smk_method_1_both" name="simple_kurtosis_method_1_both_on_LAB_GLUC_ADJUSTED" time="0.00199999999995271"/>
    <testcase classname="ds.kurtosis_smk_method_1_both" name="simple_kurtosis_method_1_both_on_LAB_GLUC_ADJUSTED" time="0.00199999999995271"/>
    <testcase classname="ds.kurtosis_smk_method_1_both" name="simple_kurtosis_method_1_both_on_LAB_GLUC_ADJUSTED" time="0.00300000000015643"/>
    <testcase classname="ds.kurtosis_smk_method_1_both" name="simple_kurtosis_method_1_both_on_LAB_GLUC_ADJUSTED" time="0.00199999999995271"/>
    <testcase classname="ds.kurtosis_smk_method_1_both" name="simple_kurtosis_method_1_both_on_LAB_GLUC_ADJUSTED" time="0.00299999999970169"/>
    <testcase classname="ds.kurtosis_smk_method_1_both" name="simple_kurtosis_method_1_both_on_LAB_GLUC_ADJUSTED" time="0.00300000000015643"/>
    <testcase classname="ds.kurtosis_smk_method_1_both" name="simple_kurtosis_method_1_both_on_LAB_GLUC_ADJUSTED" time="0.00199999999995271"/>
    <testcase classname="ds.kurtosis_smk_method_1_both" name="simple_kurtosis_method_1_both_on_LAB_GLUC_ADJUSTED" time="0.00300000000015643"/>
    <testcase classname="ds.kurtosis_smk_method_1_both" name="simple_kurtosis_method_1_both_on_LAB_GLUC_ADJUSTED" time="0.00199999999995271"/>
    <testcase classname="ds.kurtosis_smk_method_1_both" name="simple_kurtosis_method_1_both_on_LAB_GLUC_ADJUSTED" time="0.00300000000015643"/>
    <testcase classname="ds.kurtosis_smk_method_1_both" name="simple_kurtosis_method_1_both_on_LAB_GLUC_ADJUSTED" time="0.00199999999995271"/>
    <testcase classname="ds.kurtosis_smk_method_1_both" name="simple_kurtosis_method_1_both_on_LAB_GLUC_ADJUSTED" time="0.00299999999970169"/>
    <testcase classname="ds.kurtosis_smk_method_1_both" name="simple_kurtosis_method_1_both_on_LAB_GLUC_ADJUSTED" time="0.00199999999995271"/>
    <testcase classname="ds.kurtosis_smk_method_1_both" name="simple_kurtosis_method_1_both_on_LAB_GLUC_ADJUSTED" time="0.00300000000015643"/>
    <testcase classname="ds.kurtosis_smk_method_1_both" name="simple_kurtosis_method_1_both_on_LAB_GLUC_ADJUSTED" time="0.00300000000015643"/>
    <testcase classname="ds.kurtosis_smk_method_1_both" name="simple_kurtosis_method_1_both_on_PM_BMI_CONTINUOUS" time="1.77399999999989"/>
    <testcase classname="ds.kurtosis_smk_method_1_both" name="simple_kurtosis_method_1_both_on_PM_BMI_CONTINUOUS" time="0.00199999999995271"/>
    <testcase classname="ds.kurtosis_smk_method_1_both" name="simple_kurtosis_method_1_both_on_PM_BMI_CONTINUOUS" time="0.00300000000015643"/>
    <testcase classname="ds.kurtosis_smk_method_1_both" name="simple_kurtosis_method_1_both_on_PM_BMI_CONTINUOUS" time="0.00199999999995271"/>
    <testcase classname="ds.kurtosis_smk_method_1_both" name="simple_kurtosis_method_1_both_on_PM_BMI_CONTINUOUS" time="0.00299999999970169"/>
    <testcase classname="ds.kurtosis_smk_method_1_both" name="simple_kurtosis_method_1_both_on_PM_BMI_CONTINUOUS" time="0.00200000000040745"/>
    <testcase classname="ds.kurtosis_smk_method_1_both" name="simple_kurtosis_method_1_both_on_PM_BMI_CONTINUOUS" time="0.00399999999990541"/>
    <testcase classname="ds.kurtosis_smk_method_1_both" name="simple_kurtosis_method_1_both_on_PM_BMI_CONTINUOUS" time="0.00199999999995271"/>
    <testcase classname="ds.kurtosis_smk_method_1_both" name="simple_kurtosis_method_1_both_on_PM_BMI_CONTINUOUS" time="0.00199999999995271"/>
    <testcase classname="ds.kurtosis_smk_method_1_both" name="simple_kurtosis_method_1_both_on_PM_BMI_CONTINUOUS" time="0.00300000000015643"/>
    <testcase classname="ds.kurtosis_smk_method_1_both" name="simple_kurtosis_method_1_both_on_PM_BMI_CONTINUOUS" time="0.00299999999970169"/>
    <testcase classname="ds.kurtosis_smk_method_1_both" name="simple_kurtosis_method_1_both_on_PM_BMI_CONTINUOUS" time="0.00400000000036016"/>
    <testcase classname="ds.kurtosis_smk_method_1_both" name="simple_kurtosis_method_1_both_on_PM_BMI_CONTINUOUS" time="0.00299999999970169"/>
    <testcase classname="ds.kurtosis_smk_method_1_both" name="simple_kurtosis_method_1_both_on_PM_BMI_CONTINUOUS" time="0.00300000000015643"/>
    <testcase classname="ds.kurtosis_smk_method_1_both" name="simple_kurtosis_method_1_both_on_PM_BMI_CONTINUOUS" time="0.00199999999995271"/>
    <testcase classname="ds.kurtosis_smk_method_1_both" name="simple_kurtosis_method_1_both_on_PM_BMI_CONTINUOUS" time="0.00300000000015643"/>
    <testcase classname="ds.kurtosis_smk_method_1_both" name="simple_kurtosis_method_1_both_on_PM_BMI_CONTINUOUS" time="0.00299999999970169"/>
    <testcase classname="ds.kurtosis_smk_method_1_both" name="simple_kurtosis_method_1_both_on_PM_BMI_CONTINUOUS" time="0.00300000000015643"/>
    <testcase classname="ds.kurtosis_smk_method_1_both" name="simple_kurtosis_method_1_both_on_PM_BMI_CONTINUOUS" time="0.00300000000015643"/>
    <testcase classname="ds.kurtosis_smk_method_1_both" name="simple_kurtosis_method_1_both_on_PM_BMI_CONTINUOUS" time="0.00299999999970169"/>
    <testcase classname="ds.kurtosis_smk_method_1_both" name="simple_kurtosis_method_1_both_on_PM_BMI_CONTINUOUS" time="0.00300000000015643"/>
    <testcase classname="ds.kurtosis_smk_method_1_both" name="simple_kurtosis_method_1_both_on_PM_BMI_CONTINUOUS" time="0.00300000000015643"/>
  </testsuite>
  <testsuite errors="0" failures="0" hostname="fv-az14" name="ds.kurtosis::smk::method 2::split" skipped="0" tests="70" time="6.273" timestamp="2020-10-27T20:55:14Z">
    <testcase classname="ds.kurtosis_smk_method_2_split" name="simple_kurtosis_method_2_split_on_LAB_TSC" time="1.23799999999983"/>
    <testcase classname="ds.kurtosis_smk_method_2_split" name="simple_kurtosis_method_2_split_on_LAB_TSC" time="0.00199999999995271"/>
    <testcase classname="ds.kurtosis_smk_method_2_split" name="simple_kurtosis_method_2_split_on_LAB_TSC" time="0.00100000000020373"/>
    <testcase classname="ds.kurtosis_smk_method_2_split" name="simple_kurtosis_method_2_split_on_LAB_TSC" time="0.000999999999748979"/>
    <testcase classname="ds.kurtosis_smk_method_2_split" name="simple_kurtosis_method_2_split_on_LAB_TSC" time="0.00100000000020373"/>
    <testcase classname="ds.kurtosis_smk_method_2_split" name="simple_kurtosis_method_2_split_on_LAB_TSC" time="0.00199999999995271"/>
    <testcase classname="ds.kurtosis_smk_method_2_split" name="simple_kurtosis_method_2_split_on_LAB_TSC" time="0.000999999999748979"/>
    <testcase classname="ds.kurtosis_smk_method_2_split" name="simple_kurtosis_method_2_split_on_LAB_TSC" time="0.00100000000020373"/>
    <testcase classname="ds.kurtosis_smk_method_2_split" name="simple_kurtosis_method_2_split_on_LAB_TSC" time="0.00199999999995271"/>
    <testcase classname="ds.kurtosis_smk_method_2_split" name="simple_kurtosis_method_2_split_on_LAB_TSC" time="0.00100000000020373"/>
    <testcase classname="ds.kurtosis_smk_method_2_split" name="simple_kurtosis_method_2_split_on_LAB_TSC" time="0.00199999999995271"/>
    <testcase classname="ds.kurtosis_smk_method_2_split" name="simple_kurtosis_method_2_split_on_LAB_TSC" time="0.00199999999995271"/>
    <testcase classname="ds.kurtosis_smk_method_2_split" name="simple_kurtosis_method_2_split_on_LAB_TSC" time="0.00199999999995271"/>
    <testcase classname="ds.kurtosis_smk_method_2_split" name="simple_kurtosis_method_2_split_on_LAB_TSC" time="0.00199999999995271"/>
    <testcase classname="ds.kurtosis_smk_method_2_split" name="simple_kurtosis_method_2_split_on_LAB_TRIG" time="1.23399999999992"/>
    <testcase classname="ds.kurtosis_smk_method_2_split" name="simple_kurtosis_method_2_split_on_LAB_TRIG" time="0.00199999999995271"/>
    <testcase classname="ds.kurtosis_smk_method_2_split" name="simple_kurtosis_method_2_split_on_LAB_TRIG" time="0.00100000000020373"/>
    <testcase classname="ds.kurtosis_smk_method_2_split" name="simple_kurtosis_method_2_split_on_LAB_TRIG" time="0.00199999999995271"/>
    <testcase classname="ds.kurtosis_smk_method_2_split" name="simple_kurtosis_method_2_split_on_LAB_TRIG" time="0.00199999999995271"/>
    <testcase classname="ds.kurtosis_smk_method_2_split" name="simple_kurtosis_method_2_split_on_LAB_TRIG" time="0.00399999999990541"/>
    <testcase classname="ds.kurtosis_smk_method_2_split" name="simple_kurtosis_method_2_split_on_LAB_TRIG" time="0.00199999999995271"/>
    <testcase classname="ds.kurtosis_smk_method_2_split" name="simple_kurtosis_method_2_split_on_LAB_TRIG" time="0.00199999999995271"/>
    <testcase classname="ds.kurtosis_smk_method_2_split" name="simple_kurtosis_method_2_split_on_LAB_TRIG" time="0.00100000000020373"/>
    <testcase classname="ds.kurtosis_smk_method_2_split" name="simple_kurtosis_method_2_split_on_LAB_TRIG" time="0.00199999999995271"/>
    <testcase classname="ds.kurtosis_smk_method_2_split" name="simple_kurtosis_method_2_split_on_LAB_TRIG" time="0.00100000000020373"/>
    <testcase classname="ds.kurtosis_smk_method_2_split" name="simple_kurtosis_method_2_split_on_LAB_TRIG" time="0.00199999999995271"/>
    <testcase classname="ds.kurtosis_smk_method_2_split" name="simple_kurtosis_method_2_split_on_LAB_TRIG" time="0.00199999999995271"/>
    <testcase classname="ds.kurtosis_smk_method_2_split" name="simple_kurtosis_method_2_split_on_LAB_TRIG" time="0.00199999999995271"/>
    <testcase classname="ds.kurtosis_smk_method_2_split" name="simple_kurtosis_method_2_split_on_LAB_HDL" time="1.22699999999986"/>
    <testcase classname="ds.kurtosis_smk_method_2_split" name="simple_kurtosis_method_2_split_on_LAB_HDL" time="0.00199999999995271"/>
    <testcase classname="ds.kurtosis_smk_method_2_split" name="simple_kurtosis_method_2_split_on_LAB_HDL" time="0.00100000000020373"/>
    <testcase classname="ds.kurtosis_smk_method_2_split" name="simple_kurtosis_method_2_split_on_LAB_HDL" time="0.00100000000020373"/>
    <testcase classname="ds.kurtosis_smk_method_2_split" name="simple_kurtosis_method_2_split_on_LAB_HDL" time="0.00199999999995271"/>
    <testcase classname="ds.kurtosis_smk_method_2_split" name="simple_kurtosis_method_2_split_on_LAB_HDL" time="0.00199999999995271"/>
    <testcase classname="ds.kurtosis_smk_method_2_split" name="simple_kurtosis_method_2_split_on_LAB_HDL" time="0.00199999999995271"/>
    <testcase classname="ds.kurtosis_smk_method_2_split" name="simple_kurtosis_method_2_split_on_LAB_HDL" time="0.00100000000020373"/>
    <testcase classname="ds.kurtosis_smk_method_2_split" name="simple_kurtosis_method_2_split_on_LAB_HDL" time="0.00199999999995271"/>
    <testcase classname="ds.kurtosis_smk_method_2_split" name="simple_kurtosis_method_2_split_on_LAB_HDL" time="0.00199999999995271"/>
    <testcase classname="ds.kurtosis_smk_method_2_split" name="simple_kurtosis_method_2_split_on_LAB_HDL" time="0.00199999999995271"/>
    <testcase classname="ds.kurtosis_smk_method_2_split" name="simple_kurtosis_method_2_split_on_LAB_HDL" time="0.00100000000020373"/>
    <testcase classname="ds.kurtosis_smk_method_2_split" name="simple_kurtosis_method_2_split_on_LAB_HDL" time="0.00199999999995271"/>
    <testcase classname="ds.kurtosis_smk_method_2_split" name="simple_kurtosis_method_2_split_on_LAB_HDL" time="0.00299999999970169"/>
    <testcase classname="ds.kurtosis_smk_method_2_split" name="simple_kurtosis_method_2_split_on_LAB_GLUC_ADJUSTED" time="1.22200000000021"/>
    <testcase classname="ds.kurtosis_smk_method_2_split" name="simple_kurtosis_method_2_split_on_LAB_GLUC_ADJUSTED" time="0.00100000000020373"/>
    <testcase classname="ds.kurtosis_smk_method_2_split" name="simple_kurtosis_method_2_split_on_LAB_GLUC_ADJUSTED" time="0.00199999999995271"/>
    <testcase classname="ds.kurtosis_smk_method_2_split" name="simple_kurtosis_method_2_split_on_LAB_GLUC_ADJUSTED" time="0.00199999999995271"/>
    <testcase classname="ds.kurtosis_smk_method_2_split" name="simple_kurtosis_method_2_split_on_LAB_GLUC_ADJUSTED" time="0.00199999999995271"/>
    <testcase classname="ds.kurtosis_smk_method_2_split" name="simple_kurtosis_method_2_split_on_LAB_GLUC_ADJUSTED" time="0.00199999999995271"/>
    <testcase classname="ds.kurtosis_smk_method_2_split" name="simple_kurtosis_method_2_split_on_LAB_GLUC_ADJUSTED" time="0.00300000000015643"/>
    <testcase classname="ds.kurtosis_smk_method_2_split" name="simple_kurtosis_method_2_split_on_LAB_GLUC_ADJUSTED" time="0.00199999999995271"/>
    <testcase classname="ds.kurtosis_smk_method_2_split" name="simple_kurtosis_method_2_split_on_LAB_GLUC_ADJUSTED" time="0.00199999999995271"/>
    <testcase classname="ds.kurtosis_smk_method_2_split" name="simple_kurtosis_method_2_split_on_LAB_GLUC_ADJUSTED" time="0.00799999999981083"/>
    <testcase classname="ds.kurtosis_smk_method_2_split" name="simple_kurtosis_method_2_split_on_LAB_GLUC_ADJUSTED" time="0.00100000000020373"/>
    <testcase classname="ds.kurtosis_smk_method_2_split" name="simple_kurtosis_method_2_split_on_LAB_GLUC_ADJUSTED" time="0.00299999999970169"/>
    <testcase classname="ds.kurtosis_smk_method_2_split" name="simple_kurtosis_method_2_split_on_LAB_GLUC_ADJUSTED" time="0.00200000000040745"/>
    <testcase classname="ds.kurtosis_smk_method_2_split" name="simple_kurtosis_method_2_split_on_LAB_GLUC_ADJUSTED" time="0.00199999999995271"/>
    <testcase classname="ds.kurtosis_smk_method_2_split" name="simple_kurtosis_method_2_split_on_PM_BMI_CONTINUOUS" time="1.22399999999971"/>
    <testcase classname="ds.kurtosis_smk_method_2_split" name="simple_kurtosis_method_2_split_on_PM_BMI_CONTINUOUS" time="0.00199999999995271"/>
    <testcase classname="ds.kurtosis_smk_method_2_split" name="simple_kurtosis_method_2_split_on_PM_BMI_CONTINUOUS" time="0.00300000000015643"/>
    <testcase classname="ds.kurtosis_smk_method_2_split" name="simple_kurtosis_method_2_split_on_PM_BMI_CONTINUOUS" time="0.00199999999995271"/>
    <testcase classname="ds.kurtosis_smk_method_2_split" name="simple_kurtosis_method_2_split_on_PM_BMI_CONTINUOUS" time="0.00199999999995271"/>
    <testcase classname="ds.kurtosis_smk_method_2_split" name="simple_kurtosis_method_2_split_on_PM_BMI_CONTINUOUS" time="0.00100000000020373"/>
    <testcase classname="ds.kurtosis_smk_method_2_split" name="simple_kurtosis_method_2_split_on_PM_BMI_CONTINUOUS" time="0.00199999999995271"/>
    <testcase classname="ds.kurtosis_smk_method_2_split" name="simple_kurtosis_method_2_split_on_PM_BMI_CONTINUOUS" time="0.00199999999995271"/>
    <testcase classname="ds.kurtosis_smk_method_2_split" name="simple_kurtosis_method_2_split_on_PM_BMI_CONTINUOUS" time="0.00199999999995271"/>
    <testcase classname="ds.kurtosis_smk_method_2_split" name="simple_kurtosis_method_2_split_on_PM_BMI_CONTINUOUS" time="0.00199999999995271"/>
    <testcase classname="ds.kurtosis_smk_method_2_split" name="simple_kurtosis_method_2_split_on_PM_BMI_CONTINUOUS" time="0.00300000000015643"/>
    <testcase classname="ds.kurtosis_smk_method_2_split" name="simple_kurtosis_method_2_split_on_PM_BMI_CONTINUOUS" time="0.00199999999995271"/>
    <testcase classname="ds.kurtosis_smk_method_2_split" name="simple_kurtosis_method_2_split_on_PM_BMI_CONTINUOUS" time="0.00300000000015643"/>
    <testcase classname="ds.kurtosis_smk_method_2_split" name="simple_kurtosis_method_2_split_on_PM_BMI_CONTINUOUS" time="0.00199999999995271"/>
  </testsuite>
  <testsuite errors="0" failures="0" hostname="fv-az14" name="ds.kurtosis::smk::method 2::combine" skipped="0" tests="40" time="7.536" timestamp="2020-10-27T20:55:20Z">
    <testcase classname="ds.kurtosis_smk_method_2_combine" name="simple_kurtosis_combine_on_LAB_TSC" time="1.50599999999986"/>
    <testcase classname="ds.kurtosis_smk_method_2_combine" name="simple_kurtosis_combine_on_LAB_TSC" time="0.00100000000020373"/>
    <testcase classname="ds.kurtosis_smk_method_2_combine" name="simple_kurtosis_combine_on_LAB_TSC" time="0.000999999999748979"/>
    <testcase classname="ds.kurtosis_smk_method_2_combine" name="simple_kurtosis_combine_on_LAB_TSC" time="0.00100000000020373"/>
    <testcase classname="ds.kurtosis_smk_method_2_combine" name="simple_kurtosis_combine_on_LAB_TSC" time="0.00199999999995271"/>
    <testcase classname="ds.kurtosis_smk_method_2_combine" name="simple_kurtosis_combine_on_LAB_TSC" time="0.000999999999748979"/>
    <testcase classname="ds.kurtosis_smk_method_2_combine" name="simple_kurtosis_combine_on_LAB_TSC" time="0.00100000000020373"/>
    <testcase classname="ds.kurtosis_smk_method_2_combine" name="simple_kurtosis_combine_on_LAB_TSC" time="0.000999999999748979"/>
    <testcase classname="ds.kurtosis_smk_method_2_combine" name="simple_kurtosis_method_2_combine_on_LAB_TRIG" time="1.50700000000006"/>
    <testcase classname="ds.kurtosis_smk_method_2_combine" name="simple_kurtosis_method_2_combine_on_LAB_TRIG" time="0.00199999999995271"/>
    <testcase classname="ds.kurtosis_smk_method_2_combine" name="simple_kurtosis_method_2_combine_on_LAB_TRIG" time="0.00100000000020373"/>
    <testcase classname="ds.kurtosis_smk_method_2_combine" name="simple_kurtosis_method_2_combine_on_LAB_TRIG" time="0.00199999999995271"/>
    <testcase classname="ds.kurtosis_smk_method_2_combine" name="simple_kurtosis_method_2_combine_on_LAB_TRIG" time="0.00100000000020373"/>
    <testcase classname="ds.kurtosis_smk_method_2_combine" name="simple_kurtosis_method_2_combine_on_LAB_TRIG" time="0.00199999999995271"/>
    <testcase classname="ds.kurtosis_smk_method_2_combine" name="simple_kurtosis_method_2_combine_on_LAB_TRIG" time="0.000999999999748979"/>
    <testcase classname="ds.kurtosis_smk_method_2_combine" name="simple_kurtosis_method_2_combine_on_LAB_TRIG" time="0.00100000000020373"/>
    <testcase classname="ds.kurtosis_smk_method_2_combine" name="simple_kurtosis_method_2_combine_on_LAB_HDL" time="1.49099999999999"/>
    <testcase classname="ds.kurtosis_smk_method_2_combine" name="simple_kurtosis_method_2_combine_on_LAB_HDL" time="0.00199999999995271"/>
    <testcase classname="ds.kurtosis_smk_method_2_combine" name="simple_kurtosis_method_2_combine_on_LAB_HDL" time="0.00100000000020373"/>
    <testcase classname="ds.kurtosis_smk_method_2_combine" name="simple_kurtosis_method_2_combine_on_LAB_HDL" time="0.000999999999748979"/>
    <testcase classname="ds.kurtosis_smk_method_2_combine" name="simple_kurtosis_method_2_combine_on_LAB_HDL" time="0.000999999999748979"/>
    <testcase classname="ds.kurtosis_smk_method_2_combine" name="simple_kurtosis_method_2_combine_on_LAB_HDL" time="0.00100000000020373"/>
    <testcase classname="ds.kurtosis_smk_method_2_combine" name="simple_kurtosis_method_2_combine_on_LAB_HDL" time="0.00199999999995271"/>
    <testcase classname="ds.kurtosis_smk_method_2_combine" name="simple_kurtosis_method_2_combine_on_LAB_HDL" time="0.00199999999995271"/>
    <testcase classname="ds.kurtosis_smk_method_2_combine" name="simple_kurtosis_method_2_combine_on_LAB_GLUC_ADJUSTED" time="1.48599999999988"/>
    <testcase classname="ds.kurtosis_smk_method_2_combine" name="simple_kurtosis_method_2_combine_on_LAB_GLUC_ADJUSTED" time="0.00199999999995271"/>
    <testcase classname="ds.kurtosis_smk_method_2_combine" name="simple_kurtosis_method_2_combine_on_LAB_GLUC_ADJUSTED" time="0.00100000000020373"/>
    <testcase classname="ds.kurtosis_smk_method_2_combine" name="simple_kurtosis_method_2_combine_on_LAB_GLUC_ADJUSTED" time="0.00300000000015643"/>
    <testcase classname="ds.kurtosis_smk_method_2_combine" name="simple_kurtosis_method_2_combine_on_LAB_GLUC_ADJUSTED" time="0.000999999999748979"/>
    <testcase classname="ds.kurtosis_smk_method_2_combine" name="simple_kurtosis_method_2_combine_on_LAB_GLUC_ADJUSTED" time="0.00199999999995271"/>
    <testcase classname="ds.kurtosis_smk_method_2_combine" name="simple_kurtosis_method_2_combine_on_LAB_GLUC_ADJUSTED" time="0.00100000000020373"/>
    <testcase classname="ds.kurtosis_smk_method_2_combine" name="simple_kurtosis_method_2_combine_on_LAB_GLUC_ADJUSTED" time="0.00199999999995271"/>
    <testcase classname="ds.kurtosis_smk_method_2_combine" name="simple_kurtosis_method_2_combine_on_PM_BMI_CONTINUOUS" time="1.49199999999973"/>
    <testcase classname="ds.kurtosis_smk_method_2_combine" name="simple_kurtosis_method_2_combine_on_PM_BMI_CONTINUOUS" time="0.00200000000040745"/>
    <testcase classname="ds.kurtosis_smk_method_2_combine" name="simple_kurtosis_method_2_combine_on_PM_BMI_CONTINUOUS" time="0.00199999999995271"/>
    <testcase classname="ds.kurtosis_smk_method_2_combine" name="simple_kurtosis_method_2_combine_on_PM_BMI_CONTINUOUS" time="0.00199999999995271"/>
    <testcase classname="ds.kurtosis_smk_method_2_combine" name="simple_kurtosis_method_2_combine_on_PM_BMI_CONTINUOUS" time="0.000999999999748979"/>
    <testcase classname="ds.kurtosis_smk_method_2_combine" name="simple_kurtosis_method_2_combine_on_PM_BMI_CONTINUOUS" time="0.00300000000015643"/>
    <testcase classname="ds.kurtosis_smk_method_2_combine" name="simple_kurtosis_method_2_combine_on_PM_BMI_CONTINUOUS" time="0.00199999999995271"/>
    <testcase classname="ds.kurtosis_smk_method_2_combine" name="simple_kurtosis_method_2_combine_on_PM_BMI_CONTINUOUS" time="0.00199999999995271"/>
  </testsuite>
  <testsuite errors="0" failures="0" hostname="fv-az14" name="ds.kurtosis::smk::method 2::both" skipped="0" tests="110" time="9.073" timestamp="2020-10-27T20:55:28Z">
    <testcase classname="ds.kurtosis_smk_method_2_both" name="simple_kurtosis_both_on_LAB_TSC" time="1.76499999999987"/>
    <testcase classname="ds.kurtosis_smk_method_2_both" name="simple_kurtosis_both_on_LAB_TSC" time="0.00100000000020373"/>
    <testcase classname="ds.kurtosis_smk_method_2_both" name="simple_kurtosis_both_on_LAB_TSC" time="0.00199999999995271"/>
    <testcase classname="ds.kurtosis_smk_method_2_both" name="simple_kurtosis_both_on_LAB_TSC" time="0.00100000000020373"/>
    <testcase classname="ds.kurtosis_smk_method_2_both" name="simple_kurtosis_both_on_LAB_TSC" time="0.000999999999748979"/>
    <testcase classname="ds.kurtosis_smk_method_2_both" name="simple_kurtosis_both_on_LAB_TSC" time="0.00100000000020373"/>
    <testcase classname="ds.kurtosis_smk_method_2_both" name="simple_kurtosis_both_on_LAB_TSC" time="0.000999999999748979"/>
    <testcase classname="ds.kurtosis_smk_method_2_both" name="simple_kurtosis_both_on_LAB_TSC" time="0.00100000000020373"/>
    <testcase classname="ds.kurtosis_smk_method_2_both" name="simple_kurtosis_both_on_LAB_TSC" time="0.00199999999995271"/>
    <testcase classname="ds.kurtosis_smk_method_2_both" name="simple_kurtosis_both_on_LAB_TSC" time="0.00100000000020373"/>
    <testcase classname="ds.kurtosis_smk_method_2_both" name="simple_kurtosis_both_on_LAB_TSC" time="0.000999999999748979"/>
    <testcase classname="ds.kurtosis_smk_method_2_both" name="simple_kurtosis_both_on_LAB_TSC" time="0.00100000000020373"/>
    <testcase classname="ds.kurtosis_smk_method_2_both" name="simple_kurtosis_both_on_LAB_TSC" time="0.00199999999995271"/>
    <testcase classname="ds.kurtosis_smk_method_2_both" name="simple_kurtosis_both_on_LAB_TSC" time="0.000999999999748979"/>
    <testcase classname="ds.kurtosis_smk_method_2_both" name="simple_kurtosis_both_on_LAB_TSC" time="0.00100000000020373"/>
    <testcase classname="ds.kurtosis_smk_method_2_both" name="simple_kurtosis_both_on_LAB_TSC" time="0.00199999999995271"/>
    <testcase classname="ds.kurtosis_smk_method_2_both" name="simple_kurtosis_both_on_LAB_TSC" time="0.00100000000020373"/>
    <testcase classname="ds.kurtosis_smk_method_2_both" name="simple_kurtosis_both_on_LAB_TSC" time="0.00199999999995271"/>
    <testcase classname="ds.kurtosis_smk_method_2_both" name="simple_kurtosis_both_on_LAB_TSC" time="0.000999999999748979"/>
    <testcase classname="ds.kurtosis_smk_method_2_both" name="simple_kurtosis_both_on_LAB_TSC" time="0.00199999999995271"/>
    <testcase classname="ds.kurtosis_smk_method_2_both" name="simple_kurtosis_both_on_LAB_TSC" time="0.00100000000020373"/>
    <testcase classname="ds.kurtosis_smk_method_2_both" name="simple_kurtosis_both_on_LAB_TSC" time="0.00199999999995271"/>
    <testcase classname="ds.kurtosis_smk_method_2_both" name="simple_kurtosis_method_2_both_on_LAB_TRIG" time="1.76299999999992"/>
    <testcase classname="ds.kurtosis_smk_method_2_both" name="simple_kurtosis_method_2_both_on_LAB_TRIG" time="0.00100000000020373"/>
    <testcase classname="ds.kurtosis_smk_method_2_both" name="simple_kurtosis_method_2_both_on_LAB_TRIG" time="0.00199999999995271"/>
    <testcase classname="ds.kurtosis_smk_method_2_both" name="simple_kurtosis_method_2_both_on_LAB_TRIG" time="0.00199999999995271"/>
    <testcase classname="ds.kurtosis_smk_method_2_both" name="simple_kurtosis_method_2_both_on_LAB_TRIG" time="0.00199999999995271"/>
    <testcase classname="ds.kurtosis_smk_method_2_both" name="simple_kurtosis_method_2_both_on_LAB_TRIG" time="0.00100000000020373"/>
    <testcase classname="ds.kurtosis_smk_method_2_both" name="simple_kurtosis_method_2_both_on_LAB_TRIG" time="0.00199999999995271"/>
    <testcase classname="ds.kurtosis_smk_method_2_both" name="simple_kurtosis_method_2_both_on_LAB_TRIG" time="0.00199999999995271"/>
    <testcase classname="ds.kurtosis_smk_method_2_both" name="simple_kurtosis_method_2_both_on_LAB_TRIG" time="0.000999999999748979"/>
    <testcase classname="ds.kurtosis_smk_method_2_both" name="simple_kurtosis_method_2_both_on_LAB_TRIG" time="0.00199999999995271"/>
    <testcase classname="ds.kurtosis_smk_method_2_both" name="simple_kurtosis_method_2_both_on_LAB_TRIG" time="0.00199999999995271"/>
    <testcase classname="ds.kurtosis_smk_method_2_both" name="simple_kurtosis_method_2_both_on_LAB_TRIG" time="0.00100000000020373"/>
    <testcase classname="ds.kurtosis_smk_method_2_both" name="simple_kurtosis_method_2_both_on_LAB_TRIG" time="0.00199999999995271"/>
    <testcase classname="ds.kurtosis_smk_method_2_both" name="simple_kurtosis_method_2_both_on_LAB_TRIG" time="0.00100000000020373"/>
    <testcase classname="ds.kurtosis_smk_method_2_both" name="simple_kurtosis_method_2_both_on_LAB_TRIG" time="0.00100000000020373"/>
    <testcase classname="ds.kurtosis_smk_method_2_both" name="simple_kurtosis_method_2_both_on_LAB_TRIG" time="0.00199999999995271"/>
    <testcase classname="ds.kurtosis_smk_method_2_both" name="simple_kurtosis_method_2_both_on_LAB_TRIG" time="0.00199999999995271"/>
    <testcase classname="ds.kurtosis_smk_method_2_both" name="simple_kurtosis_method_2_both_on_LAB_TRIG" time="0.00199999999995271"/>
    <testcase classname="ds.kurtosis_smk_method_2_both" name="simple_kurtosis_method_2_both_on_LAB_TRIG" time="0.00199999999995271"/>
    <testcase classname="ds.kurtosis_smk_method_2_both" name="simple_kurtosis_method_2_both_on_LAB_TRIG" time="0.00199999999995271"/>
    <testcase classname="ds.kurtosis_smk_method_2_both" name="simple_kurtosis_method_2_both_on_LAB_TRIG" time="0.00199999999995271"/>
    <testcase classname="ds.kurtosis_smk_method_2_both" name="simple_kurtosis_method_2_both_on_LAB_TRIG" time="0.00200000000040745"/>
    <testcase classname="ds.kurtosis_smk_method_2_both" name="simple_kurtosis_method_2_both_on_LAB_HDL" time="1.7829999999999"/>
    <testcase classname="ds.kurtosis_smk_method_2_both" name="simple_kurtosis_method_2_both_on_LAB_HDL" time="0.00199999999995271"/>
    <testcase classname="ds.kurtosis_smk_method_2_both" name="simple_kurtosis_method_2_both_on_LAB_HDL" time="0.00199999999995271"/>
    <testcase classname="ds.kurtosis_smk_method_2_both" name="simple_kurtosis_method_2_both_on_LAB_HDL" time="0.00199999999995271"/>
    <testcase classname="ds.kurtosis_smk_method_2_both" name="simple_kurtosis_method_2_both_on_LAB_HDL" time="0.00199999999995271"/>
    <testcase classname="ds.kurtosis_smk_method_2_both" name="simple_kurtosis_method_2_both_on_LAB_HDL" time="0.00199999999995271"/>
    <testcase classname="ds.kurtosis_smk_method_2_both" name="simple_kurtosis_method_2_both_on_LAB_HDL" time="0.00199999999995271"/>
    <testcase classname="ds.kurtosis_smk_method_2_both" name="simple_kurtosis_method_2_both_on_LAB_HDL" time="0.00199999999995271"/>
    <testcase classname="ds.kurtosis_smk_method_2_both" name="simple_kurtosis_method_2_both_on_LAB_HDL" time="0.00199999999995271"/>
    <testcase classname="ds.kurtosis_smk_method_2_both" name="simple_kurtosis_method_2_both_on_LAB_HDL" time="0.00199999999995271"/>
    <testcase classname="ds.kurtosis_smk_method_2_both" name="simple_kurtosis_method_2_both_on_LAB_HDL" time="0.00300000000015643"/>
    <testcase classname="ds.kurtosis_smk_method_2_both" name="simple_kurtosis_method_2_both_on_LAB_HDL" time="0.00199999999995271"/>
    <testcase classname="ds.kurtosis_smk_method_2_both" name="simple_kurtosis_method_2_both_on_LAB_HDL" time="0.00199999999995271"/>
    <testcase classname="ds.kurtosis_smk_method_2_both" name="simple_kurtosis_method_2_both_on_LAB_HDL" time="0.00300000000015643"/>
    <testcase classname="ds.kurtosis_smk_method_2_both" name="simple_kurtosis_method_2_both_on_LAB_HDL" time="0.00199999999995271"/>
    <testcase classname="ds.kurtosis_smk_method_2_both" name="simple_kurtosis_method_2_both_on_LAB_HDL" time="0.00199999999995271"/>
    <testcase classname="ds.kurtosis_smk_method_2_both" name="simple_kurtosis_method_2_both_on_LAB_HDL" time="0.00199999999995271"/>
    <testcase classname="ds.kurtosis_smk_method_2_both" name="simple_kurtosis_method_2_both_on_LAB_HDL" time="0.00300000000015643"/>
    <testcase classname="ds.kurtosis_smk_method_2_both" name="simple_kurtosis_method_2_both_on_LAB_HDL" time="0.00199999999995271"/>
    <testcase classname="ds.kurtosis_smk_method_2_both" name="simple_kurtosis_method_2_both_on_LAB_HDL" time="0.00199999999995271"/>
    <testcase classname="ds.kurtosis_smk_method_2_both" name="simple_kurtosis_method_2_both_on_LAB_HDL" time="0.00199999999995271"/>
    <testcase classname="ds.kurtosis_smk_method_2_both" name="simple_kurtosis_method_2_both_on_LAB_HDL" time="0.00300000000015643"/>
    <testcase classname="ds.kurtosis_smk_method_2_both" name="simple_kurtosis_method_2_both_on_LAB_GLUC_ADJUSTED" time="1.75599999999986"/>
    <testcase classname="ds.kurtosis_smk_method_2_both" name="simple_kurtosis_method_2_both_on_LAB_GLUC_ADJUSTED" time="0.00300000000015643"/>
    <testcase classname="ds.kurtosis_smk_method_2_both" name="simple_kurtosis_method_2_both_on_LAB_GLUC_ADJUSTED" time="0.00299999999970169"/>
    <testcase classname="ds.kurtosis_smk_method_2_both" name="simple_kurtosis_method_2_both_on_LAB_GLUC_ADJUSTED" time="0.00199999999995271"/>
    <testcase classname="ds.kurtosis_smk_method_2_both" name="simple_kurtosis_method_2_both_on_LAB_GLUC_ADJUSTED" time="0.00300000000015643"/>
    <testcase classname="ds.kurtosis_smk_method_2_both" name="simple_kurtosis_method_2_both_on_LAB_GLUC_ADJUSTED" time="0.00900000000001455"/>
    <testcase classname="ds.kurtosis_smk_method_2_both" name="simple_kurtosis_method_2_both_on_LAB_GLUC_ADJUSTED" time="0.00199999999995271"/>
    <testcase classname="ds.kurtosis_smk_method_2_both" name="simple_kurtosis_method_2_both_on_LAB_GLUC_ADJUSTED" time="0.00199999999995271"/>
    <testcase classname="ds.kurtosis_smk_method_2_both" name="simple_kurtosis_method_2_both_on_LAB_GLUC_ADJUSTED" time="0.00300000000015643"/>
    <testcase classname="ds.kurtosis_smk_method_2_both" name="simple_kurtosis_method_2_both_on_LAB_GLUC_ADJUSTED" time="0.00399999999990541"/>
    <testcase classname="ds.kurtosis_smk_method_2_both" name="simple_kurtosis_method_2_both_on_LAB_GLUC_ADJUSTED" time="0.00300000000015643"/>
    <testcase classname="ds.kurtosis_smk_method_2_both" name="simple_kurtosis_method_2_both_on_LAB_GLUC_ADJUSTED" time="0.00299999999970169"/>
    <testcase classname="ds.kurtosis_smk_method_2_both" name="simple_kurtosis_method_2_both_on_LAB_GLUC_ADJUSTED" time="0.00500000000010914"/>
    <testcase classname="ds.kurtosis_smk_method_2_both" name="simple_kurtosis_method_2_both_on_LAB_GLUC_ADJUSTED" time="0.00199999999995271"/>
    <testcase classname="ds.kurtosis_smk_method_2_both" name="simple_kurtosis_method_2_both_on_LAB_GLUC_ADJUSTED" time="0.00300000000015643"/>
    <testcase classname="ds.kurtosis_smk_method_2_both" name="simple_kurtosis_method_2_both_on_LAB_GLUC_ADJUSTED" time="0.00199999999995271"/>
    <testcase classname="ds.kurtosis_smk_method_2_both" name="simple_kurtosis_method_2_both_on_LAB_GLUC_ADJUSTED" time="0.00300000000015643"/>
    <testcase classname="ds.kurtosis_smk_method_2_both" name="simple_kurtosis_method_2_both_on_LAB_GLUC_ADJUSTED" time="0.00199999999995271"/>
    <testcase classname="ds.kurtosis_smk_method_2_both" name="simple_kurtosis_method_2_both_on_LAB_GLUC_ADJUSTED" time="0.00199999999995271"/>
    <testcase classname="ds.kurtosis_smk_method_2_both" name="simple_kurtosis_method_2_both_on_LAB_GLUC_ADJUSTED" time="0.00300000000015643"/>
    <testcase classname="ds.kurtosis_smk_method_2_both" name="simple_kurtosis_method_2_both_on_LAB_GLUC_ADJUSTED" time="0.00299999999970169"/>
    <testcase classname="ds.kurtosis_smk_method_2_both" name="simple_kurtosis_method_2_both_on_LAB_GLUC_ADJUSTED" time="0.00199999999995271"/>
    <testcase classname="ds.kurtosis_smk_method_2_both" name="simple_kurtosis_method_2_both_on_PM_BMI_CONTINUOUS" time="1.76600000000008"/>
    <testcase classname="ds.kurtosis_smk_method_2_both" name="simple_kurtosis_method_2_both_on_PM_BMI_CONTINUOUS" time="0.00599999999985812"/>
    <testcase classname="ds.kurtosis_smk_method_2_both" name="simple_kurtosis_method_2_both_on_PM_BMI_CONTINUOUS" time="0.00300000000015643"/>
    <testcase classname="ds.kurtosis_smk_method_2_both" name="simple_kurtosis_method_2_both_on_PM_BMI_CONTINUOUS" time="0.00199999999995271"/>
    <testcase classname="ds.kurtosis_smk_method_2_both" name="simple_kurtosis_method_2_both_on_PM_BMI_CONTINUOUS" time="0.00300000000015643"/>
    <testcase classname="ds.kurtosis_smk_method_2_both" name="simple_kurtosis_method_2_both_on_PM_BMI_CONTINUOUS" time="0.00300000000015643"/>
    <testcase classname="ds.kurtosis_smk_method_2_both" name="simple_kurtosis_method_2_both_on_PM_BMI_CONTINUOUS" time="0.00299999999970169"/>
    <testcase classname="ds.kurtosis_smk_method_2_both" name="simple_kurtosis_method_2_both_on_PM_BMI_CONTINUOUS" time="0.00300000000015643"/>
    <testcase classname="ds.kurtosis_smk_method_2_both" name="simple_kurtosis_method_2_both_on_PM_BMI_CONTINUOUS" time="0.00300000000015643"/>
    <testcase classname="ds.kurtosis_smk_method_2_both" name="simple_kurtosis_method_2_both_on_PM_BMI_CONTINUOUS" time="0.00299999999970169"/>
    <testcase classname="ds.kurtosis_smk_method_2_both" name="simple_kurtosis_method_2_both_on_PM_BMI_CONTINUOUS" time="0.00300000000015643"/>
    <testcase classname="ds.kurtosis_smk_method_2_both" name="simple_kurtosis_method_2_both_on_PM_BMI_CONTINUOUS" time="0.00299999999970169"/>
    <testcase classname="ds.kurtosis_smk_method_2_both" name="simple_kurtosis_method_2_both_on_PM_BMI_CONTINUOUS" time="0.00300000000015643"/>
    <testcase classname="ds.kurtosis_smk_method_2_both" name="simple_kurtosis_method_2_both_on_PM_BMI_CONTINUOUS" time="0.00300000000015643"/>
    <testcase classname="ds.kurtosis_smk_method_2_both" name="simple_kurtosis_method_2_both_on_PM_BMI_CONTINUOUS" time="0.00299999999970169"/>
    <testcase classname="ds.kurtosis_smk_method_2_both" name="simple_kurtosis_method_2_both_on_PM_BMI_CONTINUOUS" time="0.00300000000015643"/>
    <testcase classname="ds.kurtosis_smk_method_2_both" name="simple_kurtosis_method_2_both_on_PM_BMI_CONTINUOUS" time="0.00300000000015643"/>
    <testcase classname="ds.kurtosis_smk_method_2_both" name="simple_kurtosis_method_2_both_on_PM_BMI_CONTINUOUS" time="0.00299999999970169"/>
    <testcase classname="ds.kurtosis_smk_method_2_both" name="simple_kurtosis_method_2_both_on_PM_BMI_CONTINUOUS" time="0.00300000000015643"/>
    <testcase classname="ds.kurtosis_smk_method_2_both" name="simple_kurtosis_method_2_both_on_PM_BMI_CONTINUOUS" time="0.00399999999990541"/>
    <testcase classname="ds.kurtosis_smk_method_2_both" name="simple_kurtosis_method_2_both_on_PM_BMI_CONTINUOUS" time="0.00300000000015643"/>
    <testcase classname="ds.kurtosis_smk_method_2_both" name="simple_kurtosis_method_2_both_on_PM_BMI_CONTINUOUS" time="0.00300000000015643"/>
  </testsuite>
  <testsuite errors="0" failures="0" hostname="fv-az14" name="ds.kurtosis::smk::method 3::split" skipped="0" tests="70" time="6.266" timestamp="2020-10-27T20:55:37Z">
    <testcase classname="ds.kurtosis_smk_method_3_split" name="simple_kurtosis_method_3_split_on_LAB_TSC" time="1.24299999999994"/>
    <testcase classname="ds.kurtosis_smk_method_3_split" name="simple_kurtosis_method_3_split_on_LAB_TSC" time="0.000999999999748979"/>
    <testcase classname="ds.kurtosis_smk_method_3_split" name="simple_kurtosis_method_3_split_on_LAB_TSC" time="0.00199999999995271"/>
    <testcase classname="ds.kurtosis_smk_method_3_split" name="simple_kurtosis_method_3_split_on_LAB_TSC" time="0.00100000000020373"/>
    <testcase classname="ds.kurtosis_smk_method_3_split" name="simple_kurtosis_method_3_split_on_LAB_TSC" time="0.000999999999748979"/>
    <testcase classname="ds.kurtosis_smk_method_3_split" name="simple_kurtosis_method_3_split_on_LAB_TSC" time="0.00100000000020373"/>
    <testcase classname="ds.kurtosis_smk_method_3_split" name="simple_kurtosis_method_3_split_on_LAB_TSC" time="0.000999999999748979"/>
    <testcase classname="ds.kurtosis_smk_method_3_split" name="simple_kurtosis_method_3_split_on_LAB_TSC" time="0.00199999999995271"/>
    <testcase classname="ds.kurtosis_smk_method_3_split" name="simple_kurtosis_method_3_split_on_LAB_TSC" time="0.00100000000020373"/>
    <testcase classname="ds.kurtosis_smk_method_3_split" name="simple_kurtosis_method_3_split_on_LAB_TSC" time="0.00199999999995271"/>
    <testcase classname="ds.kurtosis_smk_method_3_split" name="simple_kurtosis_method_3_split_on_LAB_TSC" time="0.000999999999748979"/>
    <testcase classname="ds.kurtosis_smk_method_3_split" name="simple_kurtosis_method_3_split_on_LAB_TSC" time="0.00200000000040745"/>
    <testcase classname="ds.kurtosis_smk_method_3_split" name="simple_kurtosis_method_3_split_on_LAB_TSC" time="0.00199999999995271"/>
    <testcase classname="ds.kurtosis_smk_method_3_split" name="simple_kurtosis_method_3_split_on_LAB_TSC" time="0.000999999999748979"/>
    <testcase classname="ds.kurtosis_smk_method_3_split" name="simple_kurtosis_method_3_split_on_LAB_TRIG" time="1.221"/>
    <testcase classname="ds.kurtosis_smk_method_3_split" name="simple_kurtosis_method_3_split_on_LAB_TRIG" time="0.00199999999995271"/>
    <testcase classname="ds.kurtosis_smk_method_3_split" name="simple_kurtosis_method_3_split_on_LAB_TRIG" time="0.00100000000020373"/>
    <testcase classname="ds.kurtosis_smk_method_3_split" name="simple_kurtosis_method_3_split_on_LAB_TRIG" time="0.00199999999995271"/>
    <testcase classname="ds.kurtosis_smk_method_3_split" name="simple_kurtosis_method_3_split_on_LAB_TRIG" time="0.00100000000020373"/>
    <testcase classname="ds.kurtosis_smk_method_3_split" name="simple_kurtosis_method_3_split_on_LAB_TRIG" time="0.00199999999995271"/>
    <testcase classname="ds.kurtosis_smk_method_3_split" name="simple_kurtosis_method_3_split_on_LAB_TRIG" time="0.00199999999995271"/>
    <testcase classname="ds.kurtosis_smk_method_3_split" name="simple_kurtosis_method_3_split_on_LAB_TRIG" time="0.000999999999748979"/>
    <testcase classname="ds.kurtosis_smk_method_3_split" name="simple_kurtosis_method_3_split_on_LAB_TRIG" time="0.00100000000020373"/>
    <testcase classname="ds.kurtosis_smk_method_3_split" name="simple_kurtosis_method_3_split_on_LAB_TRIG" time="0.00199999999995271"/>
    <testcase classname="ds.kurtosis_smk_method_3_split" name="simple_kurtosis_method_3_split_on_LAB_TRIG" time="0.000999999999748979"/>
    <testcase classname="ds.kurtosis_smk_method_3_split" name="simple_kurtosis_method_3_split_on_LAB_TRIG" time="0.00100000000020373"/>
    <testcase classname="ds.kurtosis_smk_method_3_split" name="simple_kurtosis_method_3_split_on_LAB_TRIG" time="0.00199999999995271"/>
    <testcase classname="ds.kurtosis_smk_method_3_split" name="simple_kurtosis_method_3_split_on_LAB_TRIG" time="0.00100000000020373"/>
    <testcase classname="ds.kurtosis_smk_method_3_split" name="simple_kurtosis_method_3_split_on_LAB_HDL" time="1.22699999999986"/>
    <testcase classname="ds.kurtosis_smk_method_3_split" name="simple_kurtosis_method_3_split_on_LAB_HDL" time="0.00199999999995271"/>
    <testcase classname="ds.kurtosis_smk_method_3_split" name="simple_kurtosis_method_3_split_on_LAB_HDL" time="0.00199999999995271"/>
    <testcase classname="ds.kurtosis_smk_method_3_split" name="simple_kurtosis_method_3_split_on_LAB_HDL" time="0.00100000000020373"/>
    <testcase classname="ds.kurtosis_smk_method_3_split" name="simple_kurtosis_method_3_split_on_LAB_HDL" time="0.00199999999995271"/>
    <testcase classname="ds.kurtosis_smk_method_3_split" name="simple_kurtosis_method_3_split_on_LAB_HDL" time="0.00199999999995271"/>
    <testcase classname="ds.kurtosis_smk_method_3_split" name="simple_kurtosis_method_3_split_on_LAB_HDL" time="0.00100000000020373"/>
    <testcase classname="ds.kurtosis_smk_method_3_split" name="simple_kurtosis_method_3_split_on_LAB_HDL" time="0.00199999999995271"/>
    <testcase classname="ds.kurtosis_smk_method_3_split" name="simple_kurtosis_method_3_split_on_LAB_HDL" time="0.00199999999995271"/>
    <testcase classname="ds.kurtosis_smk_method_3_split" name="simple_kurtosis_method_3_split_on_LAB_HDL" time="0.00199999999995271"/>
    <testcase classname="ds.kurtosis_smk_method_3_split" name="simple_kurtosis_method_3_split_on_LAB_HDL" time="0.000999999999748979"/>
    <testcase classname="ds.kurtosis_smk_method_3_split" name="simple_kurtosis_method_3_split_on_LAB_HDL" time="0.00199999999995271"/>
    <testcase classname="ds.kurtosis_smk_method_3_split" name="simple_kurtosis_method_3_split_on_LAB_HDL" time="0.00200000000040745"/>
    <testcase classname="ds.kurtosis_smk_method_3_split" name="simple_kurtosis_method_3_split_on_LAB_HDL" time="0.00199999999995271"/>
    <testcase classname="ds.kurtosis_smk_method_3_split" name="simple_kurtosis_method_3_split_on_LAB_GLUC_ADJUSTED" time="1.23399999999992"/>
    <testcase classname="ds.kurtosis_smk_method_3_split" name="simple_kurtosis_method_3_split_on_LAB_GLUC_ADJUSTED" time="0.00199999999995271"/>
    <testcase classname="ds.kurtosis_smk_method_3_split" name="simple_kurtosis_method_3_split_on_LAB_GLUC_ADJUSTED" time="0.00199999999995271"/>
    <testcase classname="ds.kurtosis_smk_method_3_split" name="simple_kurtosis_method_3_split_on_LAB_GLUC_ADJUSTED" time="0.00199999999995271"/>
    <testcase classname="ds.kurtosis_smk_method_3_split" name="simple_kurtosis_method_3_split_on_LAB_GLUC_ADJUSTED" time="0.00199999999995271"/>
    <testcase classname="ds.kurtosis_smk_method_3_split" name="simple_kurtosis_method_3_split_on_LAB_GLUC_ADJUSTED" time="0.00199999999995271"/>
    <testcase classname="ds.kurtosis_smk_method_3_split" name="simple_kurtosis_method_3_split_on_LAB_GLUC_ADJUSTED" time="0.00199999999995271"/>
    <testcase classname="ds.kurtosis_smk_method_3_split" name="simple_kurtosis_method_3_split_on_LAB_GLUC_ADJUSTED" time="0.00200000000040745"/>
    <testcase classname="ds.kurtosis_smk_method_3_split" name="simple_kurtosis_method_3_split_on_LAB_GLUC_ADJUSTED" time="0.00199999999995271"/>
    <testcase classname="ds.kurtosis_smk_method_3_split" name="simple_kurtosis_method_3_split_on_LAB_GLUC_ADJUSTED" time="0.00299999999970169"/>
    <testcase classname="ds.kurtosis_smk_method_3_split" name="simple_kurtosis_method_3_split_on_LAB_GLUC_ADJUSTED" time="0.00199999999995271"/>
    <testcase classname="ds.kurtosis_smk_method_3_split" name="simple_kurtosis_method_3_split_on_LAB_GLUC_ADJUSTED" time="0.00200000000040745"/>
    <testcase classname="ds.kurtosis_smk_method_3_split" name="simple_kurtosis_method_3_split_on_LAB_GLUC_ADJUSTED" time="0.00199999999995271"/>
    <testcase classname="ds.kurtosis_smk_method_3_split" name="simple_kurtosis_method_3_split_on_LAB_GLUC_ADJUSTED" time="0.00199999999995271"/>
    <testcase classname="ds.kurtosis_smk_method_3_split" name="simple_kurtosis_method_3_split_on_PM_BMI_CONTINUOUS" time="1.22399999999971"/>
    <testcase classname="ds.kurtosis_smk_method_3_split" name="simple_kurtosis_method_3_split_on_PM_BMI_CONTINUOUS" time="0.00200000000040745"/>
    <testcase classname="ds.kurtosis_smk_method_3_split" name="simple_kurtosis_method_3_split_on_PM_BMI_CONTINUOUS" time="0.00199999999995271"/>
    <testcase classname="ds.kurtosis_smk_method_3_split" name="simple_kurtosis_method_3_split_on_PM_BMI_CONTINUOUS" time="0.00300000000015643"/>
    <testcase classname="ds.kurtosis_smk_method_3_split" name="simple_kurtosis_method_3_split_on_PM_BMI_CONTINUOUS" time="0.00199999999995271"/>
    <testcase classname="ds.kurtosis_smk_method_3_split" name="simple_kurtosis_method_3_split_on_PM_BMI_CONTINUOUS" time="0.00199999999995271"/>
    <testcase classname="ds.kurtosis_smk_method_3_split" name="simple_kurtosis_method_3_split_on_PM_BMI_CONTINUOUS" time="0.00199999999995271"/>
    <testcase classname="ds.kurtosis_smk_method_3_split" name="simple_kurtosis_method_3_split_on_PM_BMI_CONTINUOUS" time="0.00300000000015643"/>
    <testcase classname="ds.kurtosis_smk_method_3_split" name="simple_kurtosis_method_3_split_on_PM_BMI_CONTINUOUS" time="0.00199999999995271"/>
    <testcase classname="ds.kurtosis_smk_method_3_split" name="simple_kurtosis_method_3_split_on_PM_BMI_CONTINUOUS" time="0.00199999999995271"/>
    <testcase classname="ds.kurtosis_smk_method_3_split" name="simple_kurtosis_method_3_split_on_PM_BMI_CONTINUOUS" time="0.00199999999995271"/>
    <testcase classname="ds.kurtosis_smk_method_3_split" name="simple_kurtosis_method_3_split_on_PM_BMI_CONTINUOUS" time="0.00300000000015643"/>
    <testcase classname="ds.kurtosis_smk_method_3_split" name="simple_kurtosis_method_3_split_on_PM_BMI_CONTINUOUS" time="0.00199999999995271"/>
    <testcase classname="ds.kurtosis_smk_method_3_split" name="simple_kurtosis_method_3_split_on_PM_BMI_CONTINUOUS" time="0.00300000000015643"/>
  </testsuite>
  <testsuite errors="0" failures="0" hostname="fv-az14" name="ds.kurtosis::smk::method 3::combine" skipped="0" tests="40" time="7.551" timestamp="2020-10-27T20:55:43Z">
    <testcase classname="ds.kurtosis_smk_method_3_combine" name="simple_kurtosis_combine_on_LAB_TSC" time="1.50499999999965"/>
    <testcase classname="ds.kurtosis_smk_method_3_combine" name="simple_kurtosis_combine_on_LAB_TSC" time="0.00100000000020373"/>
    <testcase classname="ds.kurtosis_smk_method_3_combine" name="simple_kurtosis_combine_on_LAB_TSC" time="0.00199999999995271"/>
    <testcase classname="ds.kurtosis_smk_method_3_combine" name="simple_kurtosis_combine_on_LAB_TSC" time="0.000999999999748979"/>
    <testcase classname="ds.kurtosis_smk_method_3_combine" name="simple_kurtosis_combine_on_LAB_TSC" time="0.00100000000020373"/>
    <testcase classname="ds.kurtosis_smk_method_3_combine" name="simple_kurtosis_combine_on_LAB_TSC" time="0.00199999999995271"/>
    <testcase classname="ds.kurtosis_smk_method_3_combine" name="simple_kurtosis_combine_on_LAB_TSC" time="0.00100000000020373"/>
    <testcase classname="ds.kurtosis_smk_method_3_combine" name="simple_kurtosis_combine_on_LAB_TSC" time="0.000999999999748979"/>
    <testcase classname="ds.kurtosis_smk_method_3_combine" name="simple_kurtosis_method_3_combine_on_LAB_TRIG" time="1.49400000000014"/>
    <testcase classname="ds.kurtosis_smk_method_3_combine" name="simple_kurtosis_method_3_combine_on_LAB_TRIG" time="0.000999999999748979"/>
    <testcase classname="ds.kurtosis_smk_method_3_combine" name="simple_kurtosis_method_3_combine_on_LAB_TRIG" time="0.00200000000040745"/>
    <testcase classname="ds.kurtosis_smk_method_3_combine" name="simple_kurtosis_method_3_combine_on_LAB_TRIG" time="0.000999999999748979"/>
    <testcase classname="ds.kurtosis_smk_method_3_combine" name="simple_kurtosis_method_3_combine_on_LAB_TRIG" time="0.00199999999995271"/>
    <testcase classname="ds.kurtosis_smk_method_3_combine" name="simple_kurtosis_method_3_combine_on_LAB_TRIG" time="0.00100000000020373"/>
    <testcase classname="ds.kurtosis_smk_method_3_combine" name="simple_kurtosis_method_3_combine_on_LAB_TRIG" time="0.00199999999995271"/>
    <testcase classname="ds.kurtosis_smk_method_3_combine" name="simple_kurtosis_method_3_combine_on_LAB_TRIG" time="0.000999999999748979"/>
    <testcase classname="ds.kurtosis_smk_method_3_combine" name="simple_kurtosis_method_3_combine_on_LAB_HDL" time="1.5"/>
    <testcase classname="ds.kurtosis_smk_method_3_combine" name="simple_kurtosis_method_3_combine_on_LAB_HDL" time="0.00100000000020373"/>
    <testcase classname="ds.kurtosis_smk_method_3_combine" name="simple_kurtosis_method_3_combine_on_LAB_HDL" time="0.000999999999748979"/>
    <testcase classname="ds.kurtosis_smk_method_3_combine" name="simple_kurtosis_method_3_combine_on_LAB_HDL" time="0.00199999999995271"/>
    <testcase classname="ds.kurtosis_smk_method_3_combine" name="simple_kurtosis_method_3_combine_on_LAB_HDL" time="0.00100000000020373"/>
    <testcase classname="ds.kurtosis_smk_method_3_combine" name="simple_kurtosis_method_3_combine_on_LAB_HDL" time="0.00199999999995271"/>
    <testcase classname="ds.kurtosis_smk_method_3_combine" name="simple_kurtosis_method_3_combine_on_LAB_HDL" time="0.000999999999748979"/>
    <testcase classname="ds.kurtosis_smk_method_3_combine" name="simple_kurtosis_method_3_combine_on_LAB_HDL" time="0.00200000000040745"/>
    <testcase classname="ds.kurtosis_smk_method_3_combine" name="simple_kurtosis_method_3_combine_on_LAB_GLUC_ADJUSTED" time="1.50099999999975"/>
    <testcase classname="ds.kurtosis_smk_method_3_combine" name="simple_kurtosis_method_3_combine_on_LAB_GLUC_ADJUSTED" time="0.00199999999995271"/>
    <testcase classname="ds.kurtosis_smk_method_3_combine" name="simple_kurtosis_method_3_combine_on_LAB_GLUC_ADJUSTED" time="0.00199999999995271"/>
    <testcase classname="ds.kurtosis_smk_method_3_combine" name="simple_kurtosis_method_3_combine_on_LAB_GLUC_ADJUSTED" time="0.00199999999995271"/>
    <testcase classname="ds.kurtosis_smk_method_3_combine" name="simple_kurtosis_method_3_combine_on_LAB_GLUC_ADJUSTED" time="0.00100000000020373"/>
    <testcase classname="ds.kurtosis_smk_method_3_combine" name="simple_kurtosis_method_3_combine_on_LAB_GLUC_ADJUSTED" time="0.000999999999748979"/>
    <testcase classname="ds.kurtosis_smk_method_3_combine" name="simple_kurtosis_method_3_combine_on_LAB_GLUC_ADJUSTED" time="0.00100000000020373"/>
    <testcase classname="ds.kurtosis_smk_method_3_combine" name="simple_kurtosis_method_3_combine_on_LAB_GLUC_ADJUSTED" time="0.00199999999995271"/>
    <testcase classname="ds.kurtosis_smk_method_3_combine" name="simple_kurtosis_method_3_combine_on_PM_BMI_CONTINUOUS" time="1.49800000000005"/>
    <testcase classname="ds.kurtosis_smk_method_3_combine" name="simple_kurtosis_method_3_combine_on_PM_BMI_CONTINUOUS" time="0.00199999999995271"/>
    <testcase classname="ds.kurtosis_smk_method_3_combine" name="simple_kurtosis_method_3_combine_on_PM_BMI_CONTINUOUS" time="0.00199999999995271"/>
    <testcase classname="ds.kurtosis_smk_method_3_combine" name="simple_kurtosis_method_3_combine_on_PM_BMI_CONTINUOUS" time="0.00199999999995271"/>
    <testcase classname="ds.kurtosis_smk_method_3_combine" name="simple_kurtosis_method_3_combine_on_PM_BMI_CONTINUOUS" time="0.000999999999748979"/>
    <testcase classname="ds.kurtosis_smk_method_3_combine" name="simple_kurtosis_method_3_combine_on_PM_BMI_CONTINUOUS" time="0.00200000000040745"/>
    <testcase classname="ds.kurtosis_smk_method_3_combine" name="simple_kurtosis_method_3_combine_on_PM_BMI_CONTINUOUS" time="0.00199999999995271"/>
    <testcase classname="ds.kurtosis_smk_method_3_combine" name="simple_kurtosis_method_3_combine_on_PM_BMI_CONTINUOUS" time="0.00199999999995271"/>
  </testsuite>
  <testsuite errors="0" failures="0" hostname="fv-az14" name="ds.kurtosis::smk::method 3::both" skipped="0" tests="110" time="9.068" timestamp="2020-10-27T20:55:51Z">
    <testcase classname="ds.kurtosis_smk_method_3_both" name="simple_kurtosis_both_on_LAB_TSC" time="1.76999999999998"/>
    <testcase classname="ds.kurtosis_smk_method_3_both" name="simple_kurtosis_both_on_LAB_TSC" time="0.00199999999995271"/>
    <testcase classname="ds.kurtosis_smk_method_3_both" name="simple_kurtosis_both_on_LAB_TSC" time="0.000999999999748979"/>
    <testcase classname="ds.kurtosis_smk_method_3_both" name="simple_kurtosis_both_on_LAB_TSC" time="0.00100000000020373"/>
    <testcase classname="ds.kurtosis_smk_method_3_both" name="simple_kurtosis_both_on_LAB_TSC" time="0.00100000000020373"/>
    <testcase classname="ds.kurtosis_smk_method_3_both" name="simple_kurtosis_both_on_LAB_TSC" time="0.00199999999995271"/>
    <testcase classname="ds.kurtosis_smk_method_3_both" name="simple_kurtosis_both_on_LAB_TSC" time="0.000999999999748979"/>
    <testcase classname="ds.kurtosis_smk_method_3_both" name="simple_kurtosis_both_on_LAB_TSC" time="0.00199999999995271"/>
    <testcase classname="ds.kurtosis_smk_method_3_both" name="simple_kurtosis_both_on_LAB_TSC" time="0.00199999999995271"/>
    <testcase classname="ds.kurtosis_smk_method_3_both" name="simple_kurtosis_both_on_LAB_TSC" time="0.00100000000020373"/>
    <testcase classname="ds.kurtosis_smk_method_3_both" name="simple_kurtosis_both_on_LAB_TSC" time="0.00199999999995271"/>
    <testcase classname="ds.kurtosis_smk_method_3_both" name="simple_kurtosis_both_on_LAB_TSC" time="0.00100000000020373"/>
    <testcase classname="ds.kurtosis_smk_method_3_both" name="simple_kurtosis_both_on_LAB_TSC" time="0.00199999999995271"/>
    <testcase classname="ds.kurtosis_smk_method_3_both" name="simple_kurtosis_both_on_LAB_TSC" time="0.00199999999995271"/>
    <testcase classname="ds.kurtosis_smk_method_3_both" name="simple_kurtosis_both_on_LAB_TSC" time="0.000999999999748979"/>
    <testcase classname="ds.kurtosis_smk_method_3_both" name="simple_kurtosis_both_on_LAB_TSC" time="0.00200000000040745"/>
    <testcase classname="ds.kurtosis_smk_method_3_both" name="simple_kurtosis_both_on_LAB_TSC" time="0.00299999999970169"/>
    <testcase classname="ds.kurtosis_smk_method_3_both" name="simple_kurtosis_both_on_LAB_TSC" time="0.00199999999995271"/>
    <testcase classname="ds.kurtosis_smk_method_3_both" name="simple_kurtosis_both_on_LAB_TSC" time="0.00399999999990541"/>
    <testcase classname="ds.kurtosis_smk_method_3_both" name="simple_kurtosis_both_on_LAB_TSC" time="0.00100000000020373"/>
    <testcase classname="ds.kurtosis_smk_method_3_both" name="simple_kurtosis_both_on_LAB_TSC" time="0.00199999999995271"/>
    <testcase classname="ds.kurtosis_smk_method_3_both" name="simple_kurtosis_both_on_LAB_TSC" time="0.00100000000020373"/>
    <testcase classname="ds.kurtosis_smk_method_3_both" name="simple_kurtosis_method_3_both_on_LAB_TRIG" time="1.77599999999984"/>
    <testcase classname="ds.kurtosis_smk_method_3_both" name="simple_kurtosis_method_3_both_on_LAB_TRIG" time="0.00100000000020373"/>
    <testcase classname="ds.kurtosis_smk_method_3_both" name="simple_kurtosis_method_3_both_on_LAB_TRIG" time="0.00199999999995271"/>
    <testcase classname="ds.kurtosis_smk_method_3_both" name="simple_kurtosis_method_3_both_on_LAB_TRIG" time="0.000999999999748979"/>
    <testcase classname="ds.kurtosis_smk_method_3_both" name="simple_kurtosis_method_3_both_on_LAB_TRIG" time="0.00199999999995271"/>
    <testcase classname="ds.kurtosis_smk_method_3_both" name="simple_kurtosis_method_3_both_on_LAB_TRIG" time="0.00199999999995271"/>
    <testcase classname="ds.kurtosis_smk_method_3_both" name="simple_kurtosis_method_3_both_on_LAB_TRIG" time="0.00200000000040745"/>
    <testcase classname="ds.kurtosis_smk_method_3_both" name="simple_kurtosis_method_3_both_on_LAB_TRIG" time="0.00199999999995271"/>
    <testcase classname="ds.kurtosis_smk_method_3_both" name="simple_kurtosis_method_3_both_on_LAB_TRIG" time="0.00199999999995271"/>
    <testcase classname="ds.kurtosis_smk_method_3_both" name="simple_kurtosis_method_3_both_on_LAB_TRIG" time="0.000999999999748979"/>
    <testcase classname="ds.kurtosis_smk_method_3_both" name="simple_kurtosis_method_3_both_on_LAB_TRIG" time="0.00199999999995271"/>
    <testcase classname="ds.kurtosis_smk_method_3_both" name="simple_kurtosis_method_3_both_on_LAB_TRIG" time="0.00200000000040745"/>
    <testcase classname="ds.kurtosis_smk_method_3_both" name="simple_kurtosis_method_3_both_on_LAB_TRIG" time="0.000999999999748979"/>
    <testcase classname="ds.kurtosis_smk_method_3_both" name="simple_kurtosis_method_3_both_on_LAB_TRIG" time="0.00199999999995271"/>
    <testcase classname="ds.kurtosis_smk_method_3_both" name="simple_kurtosis_method_3_both_on_LAB_TRIG" time="0.00199999999995271"/>
    <testcase classname="ds.kurtosis_smk_method_3_both" name="simple_kurtosis_method_3_both_on_LAB_TRIG" time="0.00199999999995271"/>
    <testcase classname="ds.kurtosis_smk_method_3_both" name="simple_kurtosis_method_3_both_on_LAB_TRIG" time="0.00100000000020373"/>
    <testcase classname="ds.kurtosis_smk_method_3_both" name="simple_kurtosis_method_3_both_on_LAB_TRIG" time="0.00199999999995271"/>
    <testcase classname="ds.kurtosis_smk_method_3_both" name="simple_kurtosis_method_3_both_on_LAB_TRIG" time="0.00199999999995271"/>
    <testcase classname="ds.kurtosis_smk_method_3_both" name="simple_kurtosis_method_3_both_on_LAB_TRIG" time="0.00199999999995271"/>
    <testcase classname="ds.kurtosis_smk_method_3_both" name="simple_kurtosis_method_3_both_on_LAB_TRIG" time="0.00199999999995271"/>
    <testcase classname="ds.kurtosis_smk_method_3_both" name="simple_kurtosis_method_3_both_on_LAB_TRIG" time="0.00199999999995271"/>
    <testcase classname="ds.kurtosis_smk_method_3_both" name="simple_kurtosis_method_3_both_on_LAB_HDL" time="1.75800000000027"/>
    <testcase classname="ds.kurtosis_smk_method_3_both" name="simple_kurtosis_method_3_both_on_LAB_HDL" time="0.00199999999995271"/>
    <testcase classname="ds.kurtosis_smk_method_3_both" name="simple_kurtosis_method_3_both_on_LAB_HDL" time="0.00199999999995271"/>
    <testcase classname="ds.kurtosis_smk_method_3_both" name="simple_kurtosis_method_3_both_on_LAB_HDL" time="0.00199999999995271"/>
    <testcase classname="ds.kurtosis_smk_method_3_both" name="simple_kurtosis_method_3_both_on_LAB_HDL" time="0.00199999999995271"/>
    <testcase classname="ds.kurtosis_smk_method_3_both" name="simple_kurtosis_method_3_both_on_LAB_HDL" time="0.00199999999995271"/>
    <testcase classname="ds.kurtosis_smk_method_3_both" name="simple_kurtosis_method_3_both_on_LAB_HDL" time="0.00200000000040745"/>
    <testcase classname="ds.kurtosis_smk_method_3_both" name="simple_kurtosis_method_3_both_on_LAB_HDL" time="0.00199999999995271"/>
    <testcase classname="ds.kurtosis_smk_method_3_both" name="simple_kurtosis_method_3_both_on_LAB_HDL" time="0.00299999999970169"/>
    <testcase classname="ds.kurtosis_smk_method_3_both" name="simple_kurtosis_method_3_both_on_LAB_HDL" time="0.00199999999995271"/>
    <testcase classname="ds.kurtosis_smk_method_3_both" name="simple_kurtosis_method_3_both_on_LAB_HDL" time="0.00199999999995271"/>
    <testcase classname="ds.kurtosis_smk_method_3_both" name="simple_kurtosis_method_3_both_on_LAB_HDL" time="0.00100000000020373"/>
    <testcase classname="ds.kurtosis_smk_method_3_both" name="simple_kurtosis_method_3_both_on_LAB_HDL" time="0.00299999999970169"/>
    <testcase classname="ds.kurtosis_smk_method_3_both" name="simple_kurtosis_method_3_both_on_LAB_HDL" time="0.00199999999995271"/>
    <testcase classname="ds.kurtosis_smk_method_3_both" name="simple_kurtosis_method_3_both_on_LAB_HDL" time="0.00199999999995271"/>
    <testcase classname="ds.kurtosis_smk_method_3_both" name="simple_kurtosis_method_3_both_on_LAB_HDL" time="0.00200000000040745"/>
    <testcase classname="ds.kurtosis_smk_method_3_both" name="simple_kurtosis_method_3_both_on_LAB_HDL" time="0.00199999999995271"/>
    <testcase classname="ds.kurtosis_smk_method_3_both" name="simple_kurtosis_method_3_both_on_LAB_HDL" time="0.00199999999995271"/>
    <testcase classname="ds.kurtosis_smk_method_3_both" name="simple_kurtosis_method_3_both_on_LAB_HDL" time="0.00199999999995271"/>
    <testcase classname="ds.kurtosis_smk_method_3_both" name="simple_kurtosis_method_3_both_on_LAB_HDL" time="0.00300000000015643"/>
    <testcase classname="ds.kurtosis_smk_method_3_both" name="simple_kurtosis_method_3_both_on_LAB_HDL" time="0.00199999999995271"/>
    <testcase classname="ds.kurtosis_smk_method_3_both" name="simple_kurtosis_method_3_both_on_LAB_HDL" time="0.00199999999995271"/>
    <testcase classname="ds.kurtosis_smk_method_3_both" name="simple_kurtosis_method_3_both_on_LAB_GLUC_ADJUSTED" time="1.76299999999992"/>
    <testcase classname="ds.kurtosis_smk_method_3_both" name="simple_kurtosis_method_3_both_on_LAB_GLUC_ADJUSTED" time="0.00199999999995271"/>
    <testcase classname="ds.kurtosis_smk_method_3_both" name="simple_kurtosis_method_3_both_on_LAB_GLUC_ADJUSTED" time="0.00199999999995271"/>
    <testcase classname="ds.kurtosis_smk_method_3_both" name="simple_kurtosis_method_3_both_on_LAB_GLUC_ADJUSTED" time="0.00199999999995271"/>
    <testcase classname="ds.kurtosis_smk_method_3_both" name="simple_kurtosis_method_3_both_on_LAB_GLUC_ADJUSTED" time="0.00300000000015643"/>
    <testcase classname="ds.kurtosis_smk_method_3_both" name="simple_kurtosis_method_3_both_on_LAB_GLUC_ADJUSTED" time="0.00199999999995271"/>
    <testcase classname="ds.kurtosis_smk_method_3_both" name="simple_kurtosis_method_3_both_on_LAB_GLUC_ADJUSTED" time="0.00199999999995271"/>
    <testcase classname="ds.kurtosis_smk_method_3_both" name="simple_kurtosis_method_3_both_on_LAB_GLUC_ADJUSTED" time="0.00300000000015643"/>
    <testcase classname="ds.kurtosis_smk_method_3_both" name="simple_kurtosis_method_3_both_on_LAB_GLUC_ADJUSTED" time="0.00199999999995271"/>
    <testcase classname="ds.kurtosis_smk_method_3_both" name="simple_kurtosis_method_3_both_on_LAB_GLUC_ADJUSTED" time="0.00299999999970169"/>
    <testcase classname="ds.kurtosis_smk_method_3_both" name="simple_kurtosis_method_3_both_on_LAB_GLUC_ADJUSTED" time="0.00300000000015643"/>
    <testcase classname="ds.kurtosis_smk_method_3_both" name="simple_kurtosis_method_3_both_on_LAB_GLUC_ADJUSTED" time="0.00199999999995271"/>
    <testcase classname="ds.kurtosis_smk_method_3_both" name="simple_kurtosis_method_3_both_on_LAB_GLUC_ADJUSTED" time="0.00199999999995271"/>
    <testcase classname="ds.kurtosis_smk_method_3_both" name="simple_kurtosis_method_3_both_on_LAB_GLUC_ADJUSTED" time="0.00300000000015643"/>
    <testcase classname="ds.kurtosis_smk_method_3_both" name="simple_kurtosis_method_3_both_on_LAB_GLUC_ADJUSTED" time="0.00199999999995271"/>
    <testcase classname="ds.kurtosis_smk_method_3_both" name="simple_kurtosis_method_3_both_on_LAB_GLUC_ADJUSTED" time="0.00300000000015643"/>
    <testcase classname="ds.kurtosis_smk_method_3_both" name="simple_kurtosis_method_3_both_on_LAB_GLUC_ADJUSTED" time="0.00199999999995271"/>
    <testcase classname="ds.kurtosis_smk_method_3_both" name="simple_kurtosis_method_3_both_on_LAB_GLUC_ADJUSTED" time="0.00300000000015643"/>
    <testcase classname="ds.kurtosis_smk_method_3_both" name="simple_kurtosis_method_3_both_on_LAB_GLUC_ADJUSTED" time="0.00199999999995271"/>
    <testcase classname="ds.kurtosis_smk_method_3_both" name="simple_kurtosis_method_3_both_on_LAB_GLUC_ADJUSTED" time="0.00299999999970169"/>
    <testcase classname="ds.kurtosis_smk_method_3_both" name="simple_kurtosis_method_3_both_on_LAB_GLUC_ADJUSTED" time="0.00199999999995271"/>
    <testcase classname="ds.kurtosis_smk_method_3_both" name="simple_kurtosis_method_3_both_on_LAB_GLUC_ADJUSTED" time="0.00300000000015643"/>
    <testcase classname="ds.kurtosis_smk_method_3_both" name="simple_kurtosis_method_3_both_on_PM_BMI_CONTINUOUS" time="1.77300000000014"/>
    <testcase classname="ds.kurtosis_smk_method_3_both" name="simple_kurtosis_method_3_both_on_PM_BMI_CONTINUOUS" time="0.00399999999990541"/>
    <testcase classname="ds.kurtosis_smk_method_3_both" name="simple_kurtosis_method_3_both_on_PM_BMI_CONTINUOUS" time="0.00300000000015643"/>
    <testcase classname="ds.kurtosis_smk_method_3_both" name="simple_kurtosis_method_3_both_on_PM_BMI_CONTINUOUS" time="0.00299999999970169"/>
    <testcase classname="ds.kurtosis_smk_method_3_both" name="simple_kurtosis_method_3_both_on_PM_BMI_CONTINUOUS" time="0.00199999999995271"/>
    <testcase classname="ds.kurtosis_smk_method_3_both" name="simple_kurtosis_method_3_both_on_PM_BMI_CONTINUOUS" time="0.00300000000015643"/>
    <testcase classname="ds.kurtosis_smk_method_3_both" name="simple_kurtosis_method_3_both_on_PM_BMI_CONTINUOUS" time="0.00199999999995271"/>
    <testcase classname="ds.kurtosis_smk_method_3_both" name="simple_kurtosis_method_3_both_on_PM_BMI_CONTINUOUS" time="0.00300000000015643"/>
    <testcase classname="ds.kurtosis_smk_method_3_both" name="simple_kurtosis_method_3_both_on_PM_BMI_CONTINUOUS" time="0.00199999999995271"/>
    <testcase classname="ds.kurtosis_smk_method_3_both" name="simple_kurtosis_method_3_both_on_PM_BMI_CONTINUOUS" time="0.00300000000015643"/>
    <testcase classname="ds.kurtosis_smk_method_3_both" name="simple_kurtosis_method_3_both_on_PM_BMI_CONTINUOUS" time="0.00299999999970169"/>
    <testcase classname="ds.kurtosis_smk_method_3_both" name="simple_kurtosis_method_3_both_on_PM_BMI_CONTINUOUS" time="0.00199999999995271"/>
    <testcase classname="ds.kurtosis_smk_method_3_both" name="simple_kurtosis_method_3_both_on_PM_BMI_CONTINUOUS" time="0.00300000000015643"/>
    <testcase classname="ds.kurtosis_smk_method_3_both" name="simple_kurtosis_method_3_both_on_PM_BMI_CONTINUOUS" time="0.00399999999990541"/>
    <testcase classname="ds.kurtosis_smk_method_3_both" name="simple_kurtosis_method_3_both_on_PM_BMI_CONTINUOUS" time="0.00300000000015643"/>
    <testcase classname="ds.kurtosis_smk_method_3_both" name="simple_kurtosis_method_3_both_on_PM_BMI_CONTINUOUS" time="0.00199999999995271"/>
    <testcase classname="ds.kurtosis_smk_method_3_both" name="simple_kurtosis_method_3_both_on_PM_BMI_CONTINUOUS" time="0.00300000000015643"/>
    <testcase classname="ds.kurtosis_smk_method_3_both" name="simple_kurtosis_method_3_both_on_PM_BMI_CONTINUOUS" time="0.00299999999970169"/>
    <testcase classname="ds.kurtosis_smk_method_3_both" name="simple_kurtosis_method_3_both_on_PM_BMI_CONTINUOUS" time="0.00300000000015643"/>
    <testcase classname="ds.kurtosis_smk_method_3_both" name="simple_kurtosis_method_3_both_on_PM_BMI_CONTINUOUS" time="0.00300000000015643"/>
    <testcase classname="ds.kurtosis_smk_method_3_both" name="simple_kurtosis_method_3_both_on_PM_BMI_CONTINUOUS" time="0.00299999999970169"/>
    <testcase classname="ds.kurtosis_smk_method_3_both" name="simple_kurtosis_method_3_both_on_PM_BMI_CONTINUOUS" time="0.00300000000015643"/>
  </testsuite>
  <testsuite errors="0" failures="0" hostname="fv-az14" name="ds.kurtosis::smk::shutdown" skipped="0" tests="3" time="0.287" timestamp="2020-10-27T20:56:00Z">
    <testcase classname="ds.kurtosis_smk_shutdown" name="shutdown" time="0.284000000000106"/>
    <testcase classname="ds.kurtosis_smk_shutdown" name="shutdown" time="0.00199999999995271"/>
    <testcase classname="ds.kurtosis_smk_shutdown" name="shutdown" time="0.000999999999748979"/>
  </testsuite>
  <testsuite errors="0" failures="0" hostname="fv-az14" name="ds.kurtosis::smk::done" skipped="0" tests="0" time="0" timestamp="2020-10-27T20:56:01Z"/>
  <testsuite errors="0" failures="0" hostname="fv-az14" name="ds.length::smk::setup" skipped="0" tests="3" time="5.538" timestamp="2020-10-27T20:56:01Z">
    <testcase classname="ds.length_smk_setup" name="setup" time="5.53600000000006"/>
    <testcase classname="ds.length_smk_setup" name="setup" time="0.00100000000020373"/>
    <testcase classname="ds.length_smk_setup" name="setup" time="0.000999999999748979"/>
  </testsuite>
  <testsuite errors="0" failures="0" hostname="fv-az14" name="ds.length::smk" skipped="0" tests="22" time="4.529" timestamp="2020-10-27T20:56:05Z">
    <testcase classname="ds.length_smk" name="basic_length_both" time="0.277000000000044"/>
    <testcase classname="ds.length_smk" name="basic_length_both" time="0.00199999999995271"/>
    <testcase classname="ds.length_smk" name="basic_length_both" time="0.00100000000020373"/>
    <testcase classname="ds.length_smk" name="basic_length_both" time="0.00199999999995271"/>
    <testcase classname="ds.length_smk" name="basic_length_both" time="0.000999999999748979"/>
    <testcase classname="ds.length_smk" name="basic_length_split" time="0.278999999999996"/>
    <testcase classname="ds.length_smk" name="basic_length_split" time="0.00100000000020373"/>
    <testcase classname="ds.length_smk" name="basic_length_split" time="0.00199999999995271"/>
    <testcase classname="ds.length_smk" name="basic_length_split" time="0.00100000000020373"/>
    <testcase classname="ds.length_smk" name="basic_length_combine" time="0.269999999999982"/>
    <testcase classname="ds.length_smk" name="basic_length_combine" time="0.000999999999748979"/>
    <testcase classname="ds.length_smk" name="basic_length_both" time="1.23500000000013"/>
    <testcase classname="ds.length_smk" name="basic_length_both" time="0.00199999999995271"/>
    <testcase classname="ds.length_smk" name="basic_length_both" time="0.00100000000020373"/>
    <testcase classname="ds.length_smk" name="basic_length_both" time="0.00199999999995271"/>
    <testcase classname="ds.length_smk" name="basic_length_both" time="0.000999999999748979"/>
    <testcase classname="ds.length_smk" name="basic_length_split" time="1.22200000000021"/>
    <testcase classname="ds.length_smk" name="basic_length_split" time="0.00199999999995271"/>
    <testcase classname="ds.length_smk" name="basic_length_split" time="0.00100000000020373"/>
    <testcase classname="ds.length_smk" name="basic_length_split" time="0.00199999999995271"/>
    <testcase classname="ds.length_smk" name="basic_length_combine" time="1.22299999999996"/>
    <testcase classname="ds.length_smk" name="basic_length_combine" time="0.000999999999748979"/>
  </testsuite>
  <testsuite errors="0" failures="0" hostname="fv-az14" name="ds.length::smk::shutdown" skipped="0" tests="3" time="0.283" timestamp="2020-10-27T20:56:10Z">
    <testcase classname="ds.length_smk_shutdown" name="shutdown" time="0.280999999999949"/>
    <testcase classname="ds.length_smk_shutdown" name="shutdown" time="0.00100000000020373"/>
    <testcase classname="ds.length_smk_shutdown" name="shutdown" time="0.000999999999748979"/>
  </testsuite>
  <testsuite errors="0" failures="0" hostname="fv-az14" name="ds.length::smk::done" skipped="0" tests="0" time="0" timestamp="2020-10-27T20:56:11Z"/>
  <testsuite errors="0" failures="0" hostname="fv-az14" name="ds.levels::smk::setup" skipped="0" tests="3" time="5.446" timestamp="2020-10-27T20:56:11Z">
    <testcase classname="ds.levels_smk_setup" name="setup" time="5.44400000000041"/>
    <testcase classname="ds.levels_smk_setup" name="setup" time="0.000999999999748979"/>
    <testcase classname="ds.levels_smk_setup" name="setup" time="0.00100000000020373"/>
  </testsuite>
  <testsuite errors="0" failures="0" hostname="fv-az14" name="ds.levels::smk" skipped="0" tests="22" time="1.266" timestamp="2020-10-27T20:56:16Z">
    <testcase classname="ds.levels_smk" name="simple_levels" time="1.23799999999983"/>
    <testcase classname="ds.levels_smk" name="simple_levels" time="0.00100000000020373"/>
    <testcase classname="ds.levels_smk" name="simple_levels" time="0.00199999999995271"/>
    <testcase classname="ds.levels_smk" name="simple_levels" time="0.000999999999748979"/>
    <testcase classname="ds.levels_smk" name="simple_levels" time="0.00100000000020373"/>
    <testcase classname="ds.levels_smk" name="simple_levels" time="0.000999999999748979"/>
    <testcase classname="ds.levels_smk" name="simple_levels" time="0.00199999999995271"/>
    <testcase classname="ds.levels_smk" name="simple_levels" time="0.00100000000020373"/>
    <testcase classname="ds.levels_smk" name="simple_levels" time="0.00100000000020373"/>
    <testcase classname="ds.levels_smk" name="simple_levels" time="0.000999999999748979"/>
    <testcase classname="ds.levels_smk" name="simple_levels" time="0.00199999999995271"/>
    <testcase classname="ds.levels_smk" name="simple_levels" time="0.00100000000020373"/>
    <testcase classname="ds.levels_smk" name="simple_levels" time="0.00199999999995271"/>
    <testcase classname="ds.levels_smk" name="simple_levels" time="0.000999999999748979"/>
    <testcase classname="ds.levels_smk" name="simple_levels" time="0.00200000000040745"/>
    <testcase classname="ds.levels_smk" name="simple_levels" time="0.000999999999748979"/>
    <testcase classname="ds.levels_smk" name="simple_levels" time="0.00199999999995271"/>
    <testcase classname="ds.levels_smk" name="simple_levels" time="0.00100000000020373"/>
    <testcase classname="ds.levels_smk" name="simple_levels" time="0.000999999999748979"/>
    <testcase classname="ds.levels_smk" name="simple_levels" time="0.00199999999995271"/>
    <testcase classname="ds.levels_smk" name="simple_levels" time="0.00100000000020373"/>
    <testcase classname="ds.levels_smk" name="simple_levels" time="0.00100000000020373"/>
  </testsuite>
  <testsuite errors="0" failures="0" hostname="fv-az14" name="ds.levels::smk::shutdown" skipped="0" tests="3" time="0.283" timestamp="2020-10-27T20:56:17Z">
    <testcase classname="ds.levels_smk_shutdown" name="shutdown" time="0.279999999999745"/>
    <testcase classname="ds.levels_smk_shutdown" name="shutdown" time="0.00199999999995271"/>
    <testcase classname="ds.levels_smk_shutdown" name="shutdown" time="0.00100000000020373"/>
  </testsuite>
  <testsuite errors="0" failures="0" hostname="fv-az14" name="ds.levels::smk::done" skipped="0" tests="0" time="0" timestamp="2020-10-27T20:56:18Z"/>
  <testsuite errors="0" failures="0" hostname="fv-az14" name="ds.lexis::smk::setup" skipped="0" tests="3" time="5.435" timestamp="2020-10-27T20:56:18Z">
    <testcase classname="ds.lexis_smk_setup" name="setup" time="5.43199999999979"/>
    <testcase classname="ds.lexis_smk_setup" name="setup" time="0.00100000000020373"/>
    <testcase classname="ds.lexis_smk_setup" name="setup" time="0.00199999999995271"/>
  </testsuite>
  <testsuite errors="0" failures="0" hostname="fv-az14" name="ds.lexis::smk" skipped="0" tests="14" time="1.489" timestamp="2020-10-27T20:56:23Z">
    <testcase classname="ds.lexis_smk" name="simple_lexis" time="0.911999999999807"/>
    <testcase classname="ds.lexis_smk" name="simple_lexis" time="0.00199999999995271"/>
    <testcase classname="ds.lexis_smk" name="simple_lexis" time="0.00100000000020373"/>
    <testcase classname="ds.lexis_smk" name="simple_lexis" time="0.00300000000015643"/>
    <testcase classname="ds.lexis_smk" name="simple_lexis" time="0.00199999999995271"/>
    <testcase classname="ds.lexis_smk" name="simple_lexis" time="0.000999999999748979"/>
    <testcase classname="ds.lexis_smk" name="simple_lexis" time="0.286000000000058"/>
    <testcase classname="ds.lexis_smk" name="simple_lexis" time="0.00100000000020373"/>
    <testcase classname="ds.lexis_smk" name="simple_lexis" time="0.000999999999748979"/>
    <testcase classname="ds.lexis_smk" name="simple_lexis" time="0.00199999999995271"/>
    <testcase classname="ds.lexis_smk" name="simple_lexis" time="0.273000000000138"/>
    <testcase classname="ds.lexis_smk" name="simple_lexis" time="0.00199999999995271"/>
    <testcase classname="ds.lexis_smk" name="simple_lexis" time="0.00100000000020373"/>
    <testcase classname="ds.lexis_smk" name="simple_lexis" time="0.00199999999995271"/>
  </testsuite>
  <testsuite errors="0" failures="0" hostname="fv-az14" name="ds.lexis::smk::shutdown" skipped="0" tests="3" time="0.279" timestamp="2020-10-27T20:56:24Z">
    <testcase classname="ds.lexis_smk_shutdown" name="shutdown" time="0.277000000000044"/>
    <testcase classname="ds.lexis_smk_shutdown" name="shutdown" time="0.000999999999748979"/>
    <testcase classname="ds.lexis_smk_shutdown" name="shutdown" time="0.00100000000020373"/>
  </testsuite>
  <testsuite errors="0" failures="0" hostname="fv-az14" name="ds.lexis::smk::done" skipped="0" tests="0" time="0" timestamp="2020-10-27T20:56:25Z"/>
  <testsuite errors="0" failures="0" hostname="fv-az14" name="ds.listClientsideFunctions::smk::setup" skipped="0" tests="3" time="5.418" timestamp="2020-10-27T20:56:25Z">
    <testcase classname="ds.listClientsideFunctions_smk_setup" name="setup" time="5.41599999999971"/>
    <testcase classname="ds.listClientsideFunctions_smk_setup" name="setup" time="0.00100000000020373"/>
    <testcase classname="ds.listClientsideFunctions_smk_setup" name="setup" time="0.00100000000020373"/>
  </testsuite>
  <testsuite errors="0" failures="0" hostname="fv-az14" name="ds.listClientsideFunctions::smk::check results" skipped="0" tests="98" time="0.226" timestamp="2020-10-27T20:56:30Z">
    <testcase classname="ds.listClientsideFunctions_smk_check_results" name="check_results" time="0.0149999999998727"/>
    <testcase classname="ds.listClientsideFunctions_smk_check_results" name="check_results" time="0.000999999999748979"/>
    <testcase classname="ds.listClientsideFunctions_smk_check_results" name="check_results" time="0.00100000000020373"/>
    <testcase classname="ds.listClientsideFunctions_smk_check_results" name="check_results" time="0.000999999999748979"/>
    <testcase classname="ds.listClientsideFunctions_smk_check_results" name="check_results" time="0.00200000000040745"/>
    <testcase classname="ds.listClientsideFunctions_smk_check_results" name="check_results" time="0.00199999999995271"/>
    <testcase classname="ds.listClientsideFunctions_smk_check_results" name="check_results" time="0.000999999999748979"/>
    <testcase classname="ds.listClientsideFunctions_smk_check_results" name="check_results" time="0.00100000000020373"/>
    <testcase classname="ds.listClientsideFunctions_smk_check_results" name="check_results" time="0.00199999999995271"/>
    <testcase classname="ds.listClientsideFunctions_smk_check_results" name="check_results" time="0.000999999999748979"/>
    <testcase classname="ds.listClientsideFunctions_smk_check_results" name="check_results" time="0.00100000000020373"/>
    <testcase classname="ds.listClientsideFunctions_smk_check_results" name="check_results" time="0.00199999999995271"/>
    <testcase classname="ds.listClientsideFunctions_smk_check_results" name="check_results" time="0.00100000000020373"/>
    <testcase classname="ds.listClientsideFunctions_smk_check_results" name="check_results" time="0.00199999999995271"/>
    <testcase classname="ds.listClientsideFunctions_smk_check_results" name="check_results" time="0.000999999999748979"/>
    <testcase classname="ds.listClientsideFunctions_smk_check_results" name="check_results" time="0.00199999999995271"/>
    <testcase classname="ds.listClientsideFunctions_smk_check_results" name="check_results" time="0.00100000000020373"/>
    <testcase classname="ds.listClientsideFunctions_smk_check_results" name="check_results" time="0.00100000000020373"/>
    <testcase classname="ds.listClientsideFunctions_smk_check_results" name="check_results" time="0.00199999999995271"/>
    <testcase classname="ds.listClientsideFunctions_smk_check_results" name="check_results" time="0.000999999999748979"/>
    <testcase classname="ds.listClientsideFunctions_smk_check_results" name="check_results" time="0.00100000000020373"/>
    <testcase classname="ds.listClientsideFunctions_smk_check_results" name="check_results" time="0.00100000000020373"/>
    <testcase classname="ds.listClientsideFunctions_smk_check_results" name="check_results" time="0.000999999999748979"/>
    <testcase classname="ds.listClientsideFunctions_smk_check_results" name="check_results" time="0.00199999999995271"/>
    <testcase classname="ds.listClientsideFunctions_smk_check_results" name="check_results" time="0.00100000000020373"/>
    <testcase classname="ds.listClientsideFunctions_smk_check_results" name="check_results" time="0.00199999999995271"/>
    <testcase classname="ds.listClientsideFunctions_smk_check_results" name="check_results" time="0.00100000000020373"/>
    <testcase classname="ds.listClientsideFunctions_smk_check_results" name="check_results" time="0.00199999999995271"/>
    <testcase classname="ds.listClientsideFunctions_smk_check_results" name="check_results" time="0.00199999999995271"/>
    <testcase classname="ds.listClientsideFunctions_smk_check_results" name="check_results" time="0.000999999999748979"/>
    <testcase classname="ds.listClientsideFunctions_smk_check_results" name="check_results" time="0.00200000000040745"/>
    <testcase classname="ds.listClientsideFunctions_smk_check_results" name="check_results" time="0.000999999999748979"/>
    <testcase classname="ds.listClientsideFunctions_smk_check_results" name="check_results" time="0.00199999999995271"/>
    <testcase classname="ds.listClientsideFunctions_smk_check_results" name="check_results" time="0.00199999999995271"/>
    <testcase classname="ds.listClientsideFunctions_smk_check_results" name="check_results" time="0.00100000000020373"/>
    <testcase classname="ds.listClientsideFunctions_smk_check_results" name="check_results" time="0.00199999999995271"/>
    <testcase classname="ds.listClientsideFunctions_smk_check_results" name="check_results" time="0.00199999999995271"/>
    <testcase classname="ds.listClientsideFunctions_smk_check_results" name="check_results" time="0.00199999999995271"/>
    <testcase classname="ds.listClientsideFunctions_smk_check_results" name="check_results" time="0.00199999999995271"/>
    <testcase classname="ds.listClientsideFunctions_smk_check_results" name="check_results" time="0.00100000000020373"/>
    <testcase classname="ds.listClientsideFunctions_smk_check_results" name="check_results" time="0.00199999999995271"/>
    <testcase classname="ds.listClientsideFunctions_smk_check_results" name="check_results" time="0.00199999999995271"/>
    <testcase classname="ds.listClientsideFunctions_smk_check_results" name="check_results" time="0.00199999999995271"/>
    <testcase classname="ds.listClientsideFunctions_smk_check_results" name="check_results" time="0.00199999999995271"/>
    <testcase classname="ds.listClientsideFunctions_smk_check_results" name="check_results" time="0.00199999999995271"/>
    <testcase classname="ds.listClientsideFunctions_smk_check_results" name="check_results" time="0.00199999999995271"/>
    <testcase classname="ds.listClientsideFunctions_smk_check_results" name="check_results" time="0.00200000000040745"/>
    <testcase classname="ds.listClientsideFunctions_smk_check_results" name="check_results" time="0.00199999999995271"/>
    <testcase classname="ds.listClientsideFunctions_smk_check_results" name="check_results" time="0.00199999999995271"/>
    <testcase classname="ds.listClientsideFunctions_smk_check_results" name="check_results" time="0.00199999999995271"/>
    <testcase classname="ds.listClientsideFunctions_smk_check_results" name="check_results" time="0.00199999999995271"/>
    <testcase classname="ds.listClientsideFunctions_smk_check_results" name="check_results" time="0.00199999999995271"/>
    <testcase classname="ds.listClientsideFunctions_smk_check_results" name="check_results" time="0.00199999999995271"/>
    <testcase classname="ds.listClientsideFunctions_smk_check_results" name="check_results" time="0.00199999999995271"/>
    <testcase classname="ds.listClientsideFunctions_smk_check_results" name="check_results" time="0.00300000000015643"/>
    <testcase classname="ds.listClientsideFunctions_smk_check_results" name="check_results" time="0.00199999999995271"/>
    <testcase classname="ds.listClientsideFunctions_smk_check_results" name="check_results" time="0.00199999999995271"/>
    <testcase classname="ds.listClientsideFunctions_smk_check_results" name="check_results" time="0.00199999999995271"/>
    <testcase classname="ds.listClientsideFunctions_smk_check_results" name="check_results" time="0.00199999999995271"/>
    <testcase classname="ds.listClientsideFunctions_smk_check_results" name="check_results" time="0.00300000000015643"/>
    <testcase classname="ds.listClientsideFunctions_smk_check_results" name="check_results" time="0.00199999999995271"/>
    <testcase classname="ds.listClientsideFunctions_smk_check_results" name="check_results" time="0.00199999999995271"/>
    <testcase classname="ds.listClientsideFunctions_smk_check_results" name="check_results" time="0.00199999999995271"/>
    <testcase classname="ds.listClientsideFunctions_smk_check_results" name="check_results" time="0.00199999999995271"/>
    <testcase classname="ds.listClientsideFunctions_smk_check_results" name="check_results" time="0.00300000000015643"/>
    <testcase classname="ds.listClientsideFunctions_smk_check_results" name="check_results" time="0.00199999999995271"/>
    <testcase classname="ds.listClientsideFunctions_smk_check_results" name="check_results" time="0.00300000000015643"/>
    <testcase classname="ds.listClientsideFunctions_smk_check_results" name="check_results" time="0.00199999999995271"/>
    <testcase classname="ds.listClientsideFunctions_smk_check_results" name="check_results" time="0.00199999999995271"/>
    <testcase classname="ds.listClientsideFunctions_smk_check_results" name="check_results" time="0.00300000000015643"/>
    <testcase classname="ds.listClientsideFunctions_smk_check_results" name="check_results" time="0.00199999999995271"/>
    <testcase classname="ds.listClientsideFunctions_smk_check_results" name="check_results" time="0.00199999999995271"/>
    <testcase classname="ds.listClientsideFunctions_smk_check_results" name="check_results" time="0.00300000000015643"/>
    <testcase classname="ds.listClientsideFunctions_smk_check_results" name="check_results" time="0.00399999999990541"/>
    <testcase classname="ds.listClientsideFunctions_smk_check_results" name="check_results" time="0.00299999999970169"/>
    <testcase classname="ds.listClientsideFunctions_smk_check_results" name="check_results" time="0.00400000000036016"/>
    <testcase classname="ds.listClientsideFunctions_smk_check_results" name="check_results" time="0.00299999999970169"/>
    <testcase classname="ds.listClientsideFunctions_smk_check_results" name="check_results" time="0.00300000000015643"/>
    <testcase classname="ds.listClientsideFunctions_smk_check_results" name="check_results" time="0.00300000000015643"/>
    <testcase classname="ds.listClientsideFunctions_smk_check_results" name="check_results" time="0.00199999999995271"/>
    <testcase classname="ds.listClientsideFunctions_smk_check_results" name="check_results" time="0.00299999999970169"/>
    <testcase classname="ds.listClientsideFunctions_smk_check_results" name="check_results" time="0.00300000000015643"/>
    <testcase classname="ds.listClientsideFunctions_smk_check_results" name="check_results" time="0.00399999999990541"/>
    <testcase classname="ds.listClientsideFunctions_smk_check_results" name="check_results" time="0.00300000000015643"/>
    <testcase classname="ds.listClientsideFunctions_smk_check_results" name="check_results" time="0.00300000000015643"/>
    <testcase classname="ds.listClientsideFunctions_smk_check_results" name="check_results" time="0.00299999999970169"/>
    <testcase classname="ds.listClientsideFunctions_smk_check_results" name="check_results" time="0.00300000000015643"/>
    <testcase classname="ds.listClientsideFunctions_smk_check_results" name="check_results" time="0.00999999999976353"/>
    <testcase classname="ds.listClientsideFunctions_smk_check_results" name="check_results" time="0.00300000000015643"/>
    <testcase classname="ds.listClientsideFunctions_smk_check_results" name="check_results" time="0.00300000000015643"/>
    <testcase classname="ds.listClientsideFunctions_smk_check_results" name="check_results" time="0.00299999999970169"/>
    <testcase classname="ds.listClientsideFunctions_smk_check_results" name="check_results" time="0.00199999999995271"/>
    <testcase classname="ds.listClientsideFunctions_smk_check_results" name="check_results" time="0.00300000000015643"/>
    <testcase classname="ds.listClientsideFunctions_smk_check_results" name="check_results" time="0.00300000000015643"/>
    <testcase classname="ds.listClientsideFunctions_smk_check_results" name="check_results" time="0.00299999999970169"/>
    <testcase classname="ds.listClientsideFunctions_smk_check_results" name="check_results" time="0.00200000000040745"/>
    <testcase classname="ds.listClientsideFunctions_smk_check_results" name="check_results" time="0.00299999999970169"/>
    <testcase classname="ds.listClientsideFunctions_smk_check_results" name="check_results" time="0.00300000000015643"/>
  </testsuite>
  <testsuite errors="0" failures="0" hostname="fv-az14" name="ds.listClientsideFunctions::smk::shutdown" skipped="0" tests="3" time="0.284" timestamp="2020-10-27T20:56:30Z">
    <testcase classname="ds.listClientsideFunctions_smk_shutdown" name="shutdown" time="0.280999999999949"/>
    <testcase classname="ds.listClientsideFunctions_smk_shutdown" name="shutdown" time="0.00199999999995271"/>
    <testcase classname="ds.listClientsideFunctions_smk_shutdown" name="shutdown" time="0.00100000000020373"/>
  </testsuite>
  <testsuite errors="0" failures="0" hostname="fv-az14" name="ds.listClientsideFunctions::smk::done" skipped="0" tests="0" time="0" timestamp="2020-10-27T20:56:31Z"/>
  <testsuite errors="0" failures="0" hostname="fv-az14" name="ds.listDisclosureSettings::smk::setup" skipped="0" tests="3" time="5.466" timestamp="2020-10-27T20:56:31Z">
    <testcase classname="ds.listDisclosureSettings_smk_setup" name="setup" time="5.46399999999994"/>
    <testcase classname="ds.listDisclosureSettings_smk_setup" name="setup" time="0.000999999999748979"/>
    <testcase classname="ds.listDisclosureSettings_smk_setup" name="setup" time="0.00100000000020373"/>
  </testsuite>
  <testsuite errors="0" failures="0" hostname="fv-az14" name="ds.listDisclosureSettings::smk::check results" skipped="0" tests="31" time="0.333" timestamp="2020-10-27T20:56:36Z">
    <testcase classname="ds.listDisclosureSettings_smk_check_results" name="check_results" time="0.286000000000058"/>
    <testcase classname="ds.listDisclosureSettings_smk_check_results" name="check_results" time="0.00199999999995271"/>
    <testcase classname="ds.listDisclosureSettings_smk_check_results" name="check_results" time="0.000999999999748979"/>
    <testcase classname="ds.listDisclosureSettings_smk_check_results" name="check_results" time="0.00199999999995271"/>
    <testcase classname="ds.listDisclosureSettings_smk_check_results" name="check_results" time="0.00200000000040745"/>
    <testcase classname="ds.listDisclosureSettings_smk_check_results" name="check_results" time="0.000999999999748979"/>
    <testcase classname="ds.listDisclosureSettings_smk_check_results" name="check_results" time="0.00100000000020373"/>
    <testcase classname="ds.listDisclosureSettings_smk_check_results" name="check_results" time="0.00199999999995271"/>
    <testcase classname="ds.listDisclosureSettings_smk_check_results" name="check_results" time="0.000999999999748979"/>
    <testcase classname="ds.listDisclosureSettings_smk_check_results" name="check_results" time="0.00199999999995271"/>
    <testcase classname="ds.listDisclosureSettings_smk_check_results" name="check_results" time="0.00100000000020373"/>
    <testcase classname="ds.listDisclosureSettings_smk_check_results" name="check_results" time="0.00199999999995271"/>
    <testcase classname="ds.listDisclosureSettings_smk_check_results" name="check_results" time="0.00100000000020373"/>
    <testcase classname="ds.listDisclosureSettings_smk_check_results" name="check_results" time="0.000999999999748979"/>
    <testcase classname="ds.listDisclosureSettings_smk_check_results" name="check_results" time="0.00199999999995271"/>
    <testcase classname="ds.listDisclosureSettings_smk_check_results" name="check_results" time="0.00199999999995271"/>
    <testcase classname="ds.listDisclosureSettings_smk_check_results" name="check_results" time="0.00100000000020373"/>
    <testcase classname="ds.listDisclosureSettings_smk_check_results" name="check_results" time="0.00199999999995271"/>
    <testcase classname="ds.listDisclosureSettings_smk_check_results" name="check_results" time="0.00199999999995271"/>
    <testcase classname="ds.listDisclosureSettings_smk_check_results" name="check_results" time="0.00100000000020373"/>
    <testcase classname="ds.listDisclosureSettings_smk_check_results" name="check_results" time="0.000999999999748979"/>
    <testcase classname="ds.listDisclosureSettings_smk_check_results" name="check_results" time="0.00199999999995271"/>
    <testcase classname="ds.listDisclosureSettings_smk_check_results" name="check_results" time="0.00199999999995271"/>
    <testcase classname="ds.listDisclosureSettings_smk_check_results" name="check_results" time="0.00100000000020373"/>
    <testcase classname="ds.listDisclosureSettings_smk_check_results" name="check_results" time="0.00199999999995271"/>
    <testcase classname="ds.listDisclosureSettings_smk_check_results" name="check_results" time="0.00199999999995271"/>
    <testcase classname="ds.listDisclosureSettings_smk_check_results" name="check_results" time="0.00199999999995271"/>
    <testcase classname="ds.listDisclosureSettings_smk_check_results" name="check_results" time="0.00100000000020373"/>
    <testcase classname="ds.listDisclosureSettings_smk_check_results" name="check_results" time="0.00199999999995271"/>
    <testcase classname="ds.listDisclosureSettings_smk_check_results" name="check_results" time="0.00100000000020373"/>
    <testcase classname="ds.listDisclosureSettings_smk_check_results" name="check_results" time="0.00199999999995271"/>
  </testsuite>
  <testsuite errors="0" failures="0" hostname="fv-az14" name="ds.listDisclosureSettings::smk::shutdown" skipped="0" tests="3" time="0.283" timestamp="2020-10-27T20:56:36Z">
    <testcase classname="ds.listDisclosureSettings_smk_shutdown" name="shutdown" time="0.279999999999745"/>
    <testcase classname="ds.listDisclosureSettings_smk_shutdown" name="shutdown" time="0.00199999999995271"/>
    <testcase classname="ds.listDisclosureSettings_smk_shutdown" name="shutdown" time="0.00100000000020373"/>
  </testsuite>
  <testsuite errors="0" failures="0" hostname="fv-az14" name="ds.listDisclosureSettings::smk::down" skipped="0" tests="0" time="0" timestamp="2020-10-27T20:56:37Z"/>
  <testsuite errors="0" failures="0" hostname="fv-az14" name="ds.list::smk::setup" skipped="0" tests="3" time="5.461" timestamp="2020-10-27T20:56:37Z">
    <testcase classname="ds.list_smk_setup" name="setup" time="5.45800000000008"/>
    <testcase classname="ds.list_smk_setup" name="setup" time="0.000999999999748979"/>
    <testcase classname="ds.list_smk_setup" name="setup" time="0.00199999999995271"/>
  </testsuite>
  <testsuite errors="0" failures="0" hostname="fv-az14" name="ds.list::smk" skipped="0" tests="28" time="3.609" timestamp="2020-10-27T20:56:42Z">
    <testcase classname="ds.list_smk" name="Is_List" time="2.48700000000008"/>
    <testcase classname="ds.list_smk" name="Is_List" time="0.273000000000138"/>
    <testcase classname="ds.list_smk" name="Is_List" time="0.000999999999748979"/>
    <testcase classname="ds.list_smk" name="Is_List" time="0.00200000000040745"/>
    <testcase classname="ds.list_smk" name="Is_List" time="0.000999999999748979"/>
    <testcase classname="ds.list_smk" name="Is_List" time="0.00199999999995271"/>
    <testcase classname="ds.list_smk" name="Is_List" time="0.00100000000020373"/>
    <testcase classname="ds.list_smk" name="Is_List" time="0.000999999999748979"/>
    <testcase classname="ds.list_smk" name="Is_List" time="0.00100000000020373"/>
    <testcase classname="ds.list_smk" name="Is_List" time="0.00100000000020373"/>
    <testcase classname="ds.list_smk" name="Is_List" time="0.000999999999748979"/>
    <testcase classname="ds.list_smk" name="Is_List" time="0.00100000000020373"/>
    <testcase classname="ds.list_smk" name="Is_List" time="0.00199999999995271"/>
    <testcase classname="ds.list_smk" name="Is_List" time="0.00100000000020373"/>
    <testcase classname="ds.list_smk" name="Is_List" time="0.543999999999869"/>
    <testcase classname="ds.list_smk" name="Is_List" time="0.00100000000020373"/>
    <testcase classname="ds.list_smk" name="Is_List" time="0.00199999999995271"/>
    <testcase classname="ds.list_smk" name="Is_List" time="0.000999999999748979"/>
    <testcase classname="ds.list_smk" name="Is_List" time="0.271000000000186"/>
    <testcase classname="ds.list_smk" name="Is_List" time="0.00199999999995271"/>
    <testcase classname="ds.list_smk" name="Is_List" time="0.000999999999748979"/>
    <testcase classname="ds.list_smk" name="Is_List" time="0.00200000000040745"/>
    <testcase classname="ds.list_smk" name="Is_List" time="0.000999999999748979"/>
    <testcase classname="ds.list_smk" name="Is_List" time="0.00199999999995271"/>
    <testcase classname="ds.list_smk" name="Is_List" time="0.00199999999995271"/>
    <testcase classname="ds.list_smk" name="Is_List" time="0.00199999999995271"/>
    <testcase classname="ds.list_smk" name="Is_List" time="0.00100000000020373"/>
    <testcase classname="ds.list_smk" name="Is_List" time="0.00199999999995271"/>
  </testsuite>
  <testsuite errors="0" failures="0" hostname="fv-az14" name="ds.list::smk::shutdown" skipped="0" tests="3" time="0.287" timestamp="2020-10-27T20:56:45Z">
    <testcase classname="ds.list_smk_shutdown" name="shutdown" time="0.284999999999854"/>
    <testcase classname="ds.list_smk_shutdown" name="shutdown" time="0.00100000000020373"/>
    <testcase classname="ds.list_smk_shutdown" name="shutdown" time="0.000999999999748979"/>
  </testsuite>
  <testsuite errors="0" failures="0" hostname="fv-az14" name="ds.list::smk::down" skipped="0" tests="0" time="0" timestamp="2020-10-27T20:56:46Z"/>
  <testsuite errors="0" failures="0" hostname="fv-az14" name="ds.listServersideFunctions::smk::check results" skipped="0" tests="394" time="7.081" timestamp="2020-10-27T20:56:51Z">
    <testcase classname="ds.listServersideFunctions_smk_check_results" name="check_results" time="5.2810000000004"/>
    <testcase classname="ds.listServersideFunctions_smk_check_results" name="check_results" time="0.000999999999748979"/>
    <testcase classname="ds.listServersideFunctions_smk_check_results" name="check_results" time="0.00199999999995271"/>
    <testcase classname="ds.listServersideFunctions_smk_check_results" name="check_results" time="0.00100000000020373"/>
    <testcase classname="ds.listServersideFunctions_smk_check_results" name="check_results" time="0.000999999999748979"/>
    <testcase classname="ds.listServersideFunctions_smk_check_results" name="check_results" time="0.00199999999995271"/>
    <testcase classname="ds.listServersideFunctions_smk_check_results" name="check_results" time="0.00100000000020373"/>
    <testcase classname="ds.listServersideFunctions_smk_check_results" name="check_results" time="0.00100000000020373"/>
    <testcase classname="ds.listServersideFunctions_smk_check_results" name="check_results" time="0.00199999999995271"/>
    <testcase classname="ds.listServersideFunctions_smk_check_results" name="check_results" time="0.000999999999748979"/>
    <testcase classname="ds.listServersideFunctions_smk_check_results" name="check_results" time="0.00100000000020373"/>
    <testcase classname="ds.listServersideFunctions_smk_check_results" name="check_results" time="0.00199999999995271"/>
    <testcase classname="ds.listServersideFunctions_smk_check_results" name="check_results" time="0.000999999999748979"/>
    <testcase classname="ds.listServersideFunctions_smk_check_results" name="check_results" time="0.00100000000020373"/>
    <testcase classname="ds.listServersideFunctions_smk_check_results" name="check_results" time="0.00199999999995271"/>
    <testcase classname="ds.listServersideFunctions_smk_check_results" name="check_results" time="0.00100000000020373"/>
    <testcase classname="ds.listServersideFunctions_smk_check_results" name="check_results" time="0.00199999999995271"/>
    <testcase classname="ds.listServersideFunctions_smk_check_results" name="check_results" time="0.000999999999748979"/>
    <testcase classname="ds.listServersideFunctions_smk_check_results" name="check_results" time="0.00199999999995271"/>
    <testcase classname="ds.listServersideFunctions_smk_check_results" name="check_results" time="0.00100000000020373"/>
    <testcase classname="ds.listServersideFunctions_smk_check_results" name="check_results" time="0.00199999999995271"/>
    <testcase classname="ds.listServersideFunctions_smk_check_results" name="check_results" time="0.00100000000020373"/>
    <testcase classname="ds.listServersideFunctions_smk_check_results" name="check_results" time="0.00199999999995271"/>
    <testcase classname="ds.listServersideFunctions_smk_check_results" name="check_results" time="0.000999999999748979"/>
    <testcase classname="ds.listServersideFunctions_smk_check_results" name="check_results" time="0.00199999999995271"/>
    <testcase classname="ds.listServersideFunctions_smk_check_results" name="check_results" time="0.00100000000020373"/>
    <testcase classname="ds.listServersideFunctions_smk_check_results" name="check_results" time="0.00199999999995271"/>
    <testcase classname="ds.listServersideFunctions_smk_check_results" name="check_results" time="0.00100000000020373"/>
    <testcase classname="ds.listServersideFunctions_smk_check_results" name="check_results" time="0.00199999999995271"/>
    <testcase classname="ds.listServersideFunctions_smk_check_results" name="check_results" time="0.00199999999995271"/>
    <testcase classname="ds.listServersideFunctions_smk_check_results" name="check_results" time="0.000999999999748979"/>
    <testcase classname="ds.listServersideFunctions_smk_check_results" name="check_results" time="0.00199999999995271"/>
    <testcase classname="ds.listServersideFunctions_smk_check_results" name="check_results" time="0.00100000000020373"/>
    <testcase classname="ds.listServersideFunctions_smk_check_results" name="check_results" time="0.00199999999995271"/>
    <testcase classname="ds.listServersideFunctions_smk_check_results" name="check_results" time="0.00199999999995271"/>
    <testcase classname="ds.listServersideFunctions_smk_check_results" name="check_results" time="0.00100000000020373"/>
    <testcase classname="ds.listServersideFunctions_smk_check_results" name="check_results" time="0.00199999999995271"/>
    <testcase classname="ds.listServersideFunctions_smk_check_results" name="check_results" time="0.00199999999995271"/>
    <testcase classname="ds.listServersideFunctions_smk_check_results" name="check_results" time="0.00199999999995271"/>
    <testcase classname="ds.listServersideFunctions_smk_check_results" name="check_results" time="0.00100000000020373"/>
    <testcase classname="ds.listServersideFunctions_smk_check_results" name="check_results" time="0.00199999999995271"/>
    <testcase classname="ds.listServersideFunctions_smk_check_results" name="check_results" time="0.00199999999995271"/>
    <testcase classname="ds.listServersideFunctions_smk_check_results" name="check_results" time="0.00199999999995271"/>
    <testcase classname="ds.listServersideFunctions_smk_check_results" name="check_results" time="0.000999999999748979"/>
    <testcase classname="ds.listServersideFunctions_smk_check_results" name="check_results" time="0.00200000000040745"/>
    <testcase classname="ds.listServersideFunctions_smk_check_results" name="check_results" time="0.00199999999995271"/>
    <testcase classname="ds.listServersideFunctions_smk_check_results" name="check_results" time="0.00199999999995271"/>
    <testcase classname="ds.listServersideFunctions_smk_check_results" name="check_results" time="0.00199999999995271"/>
    <testcase classname="ds.listServersideFunctions_smk_check_results" name="check_results" time="0.000999999999748979"/>
    <testcase classname="ds.listServersideFunctions_smk_check_results" name="check_results" time="0.00200000000040745"/>
    <testcase classname="ds.listServersideFunctions_smk_check_results" name="check_results" time="0.00199999999995271"/>
    <testcase classname="ds.listServersideFunctions_smk_check_results" name="check_results" time="0.00199999999995271"/>
    <testcase classname="ds.listServersideFunctions_smk_check_results" name="check_results" time="0.00199999999995271"/>
    <testcase classname="ds.listServersideFunctions_smk_check_results" name="check_results" time="0.000999999999748979"/>
    <testcase classname="ds.listServersideFunctions_smk_check_results" name="check_results" time="0.00300000000015643"/>
    <testcase classname="ds.listServersideFunctions_smk_check_results" name="check_results" time="0.00199999999995271"/>
    <testcase classname="ds.listServersideFunctions_smk_check_results" name="check_results" time="0.00199999999995271"/>
    <testcase classname="ds.listServersideFunctions_smk_check_results" name="check_results" time="0.00199999999995271"/>
    <testcase classname="ds.listServersideFunctions_smk_check_results" name="check_results" time="0.00100000000020373"/>
    <testcase classname="ds.listServersideFunctions_smk_check_results" name="check_results" time="0.00199999999995271"/>
    <testcase classname="ds.listServersideFunctions_smk_check_results" name="check_results" time="0.00199999999995271"/>
    <testcase classname="ds.listServersideFunctions_smk_check_results" name="check_results" time="0.00199999999995271"/>
    <testcase classname="ds.listServersideFunctions_smk_check_results" name="check_results" time="0.00300000000015643"/>
    <testcase classname="ds.listServersideFunctions_smk_check_results" name="check_results" time="0.00199999999995271"/>
    <testcase classname="ds.listServersideFunctions_smk_check_results" name="check_results" time="0.00199999999995271"/>
    <testcase classname="ds.listServersideFunctions_smk_check_results" name="check_results" time="0.00300000000015643"/>
    <testcase classname="ds.listServersideFunctions_smk_check_results" name="check_results" time="0.00199999999995271"/>
    <testcase classname="ds.listServersideFunctions_smk_check_results" name="check_results" time="0.00199999999995271"/>
    <testcase classname="ds.listServersideFunctions_smk_check_results" name="check_results" time="0.00300000000015643"/>
    <testcase classname="ds.listServersideFunctions_smk_check_results" name="check_results" time="0.00199999999995271"/>
    <testcase classname="ds.listServersideFunctions_smk_check_results" name="check_results" time="0.00299999999970169"/>
    <testcase classname="ds.listServersideFunctions_smk_check_results" name="check_results" time="0.00199999999995271"/>
    <testcase classname="ds.listServersideFunctions_smk_check_results" name="check_results" time="0.00300000000015643"/>
    <testcase classname="ds.listServersideFunctions_smk_check_results" name="check_results" time="0.00199999999995271"/>
    <testcase classname="ds.listServersideFunctions_smk_check_results" name="check_results" time="0.00300000000015643"/>
    <testcase classname="ds.listServersideFunctions_smk_check_results" name="check_results" time="0.00199999999995271"/>
    <testcase classname="ds.listServersideFunctions_smk_check_results" name="check_results" time="0.00300000000015643"/>
    <testcase classname="ds.listServersideFunctions_smk_check_results" name="check_results" time="0.00299999999970169"/>
    <testcase classname="ds.listServersideFunctions_smk_check_results" name="check_results" time="0.00300000000015643"/>
    <testcase classname="ds.listServersideFunctions_smk_check_results" name="check_results" time="0.00300000000015643"/>
    <testcase classname="ds.listServersideFunctions_smk_check_results" name="check_results" time="0.00299999999970169"/>
    <testcase classname="ds.listServersideFunctions_smk_check_results" name="check_results" time="0.00199999999995271"/>
    <testcase classname="ds.listServersideFunctions_smk_check_results" name="check_results" time="0.00300000000015643"/>
    <testcase classname="ds.listServersideFunctions_smk_check_results" name="check_results" time="0.00300000000015643"/>
    <testcase classname="ds.listServersideFunctions_smk_check_results" name="check_results" time="0.00299999999970169"/>
    <testcase classname="ds.listServersideFunctions_smk_check_results" name="check_results" time="0.00300000000015643"/>
    <testcase classname="ds.listServersideFunctions_smk_check_results" name="check_results" time="0.00300000000015643"/>
    <testcase classname="ds.listServersideFunctions_smk_check_results" name="check_results" time="0.00199999999995271"/>
    <testcase classname="ds.listServersideFunctions_smk_check_results" name="check_results" time="0.00999999999976353"/>
    <testcase classname="ds.listServersideFunctions_smk_check_results" name="check_results" time="0.00300000000015643"/>
    <testcase classname="ds.listServersideFunctions_smk_check_results" name="check_results" time="0.00199999999995271"/>
    <testcase classname="ds.listServersideFunctions_smk_check_results" name="check_results" time="0.00300000000015643"/>
    <testcase classname="ds.listServersideFunctions_smk_check_results" name="check_results" time="0.00199999999995271"/>
    <testcase classname="ds.listServersideFunctions_smk_check_results" name="check_results" time="0.00199999999995271"/>
    <testcase classname="ds.listServersideFunctions_smk_check_results" name="check_results" time="0.00300000000015643"/>
    <testcase classname="ds.listServersideFunctions_smk_check_results" name="check_results" time="0.00299999999970169"/>
    <testcase classname="ds.listServersideFunctions_smk_check_results" name="check_results" time="0.00199999999995271"/>
    <testcase classname="ds.listServersideFunctions_smk_check_results" name="check_results" time="0.00300000000015643"/>
    <testcase classname="ds.listServersideFunctions_smk_check_results" name="check_results" time="0.00300000000015643"/>
    <testcase classname="ds.listServersideFunctions_smk_check_results" name="check_results" time="0.00199999999995271"/>
    <testcase classname="ds.listServersideFunctions_smk_check_results" name="check_results" time="0.00299999999970169"/>
    <testcase classname="ds.listServersideFunctions_smk_check_results" name="check_results" time="0.00300000000015643"/>
    <testcase classname="ds.listServersideFunctions_smk_check_results" name="check_results" time="0.00299999999970169"/>
    <testcase classname="ds.listServersideFunctions_smk_check_results" name="check_results" time="0.00199999999995271"/>
    <testcase classname="ds.listServersideFunctions_smk_check_results" name="check_results" time="0.00300000000015643"/>
    <testcase classname="ds.listServersideFunctions_smk_check_results" name="check_results" time="0.00300000000015643"/>
    <testcase classname="ds.listServersideFunctions_smk_check_results" name="check_results" time="0.00299999999970169"/>
    <testcase classname="ds.listServersideFunctions_smk_check_results" name="check_results" time="0.00199999999995271"/>
    <testcase classname="ds.listServersideFunctions_smk_check_results" name="check_results" time="0.00300000000015643"/>
    <testcase classname="ds.listServersideFunctions_smk_check_results" name="check_results" time="0.00399999999990541"/>
    <testcase classname="ds.listServersideFunctions_smk_check_results" name="check_results" time="0.00199999999995271"/>
    <testcase classname="ds.listServersideFunctions_smk_check_results" name="check_results" time="0.00400000000036016"/>
    <testcase classname="ds.listServersideFunctions_smk_check_results" name="check_results" time="0.00299999999970169"/>
    <testcase classname="ds.listServersideFunctions_smk_check_results" name="check_results" time="0.00300000000015643"/>
    <testcase classname="ds.listServersideFunctions_smk_check_results" name="check_results" time="0.00300000000015643"/>
    <testcase classname="ds.listServersideFunctions_smk_check_results" name="check_results" time="0.00399999999990541"/>
    <testcase classname="ds.listServersideFunctions_smk_check_results" name="check_results" time="0.00299999999970169"/>
    <testcase classname="ds.listServersideFunctions_smk_check_results" name="check_results" time="0.00400000000036016"/>
    <testcase classname="ds.listServersideFunctions_smk_check_results" name="check_results" time="0.00299999999970169"/>
    <testcase classname="ds.listServersideFunctions_smk_check_results" name="check_results" time="0.00300000000015643"/>
    <testcase classname="ds.listServersideFunctions_smk_check_results" name="check_results" time="0.00300000000015643"/>
    <testcase classname="ds.listServersideFunctions_smk_check_results" name="check_results" time="0.00299999999970169"/>
    <testcase classname="ds.listServersideFunctions_smk_check_results" name="check_results" time="0.00399999999990541"/>
    <testcase classname="ds.listServersideFunctions_smk_check_results" name="check_results" time="0.00200000000040745"/>
    <testcase classname="ds.listServersideFunctions_smk_check_results" name="check_results" time="0.00299999999970169"/>
    <testcase classname="ds.listServersideFunctions_smk_check_results" name="check_results" time="0.00300000000015643"/>
    <testcase classname="ds.listServersideFunctions_smk_check_results" name="check_results" time="0.00300000000015643"/>
    <testcase classname="ds.listServersideFunctions_smk_check_results" name="check_results" time="0.00299999999970169"/>
    <testcase classname="ds.listServersideFunctions_smk_check_results" name="check_results" time="0.00300000000015643"/>
    <testcase classname="ds.listServersideFunctions_smk_check_results" name="check_results" time="0.00399999999990541"/>
    <testcase classname="ds.listServersideFunctions_smk_check_results" name="check_results" time="0.00300000000015643"/>
    <testcase classname="ds.listServersideFunctions_smk_check_results" name="check_results" time="0.00299999999970169"/>
    <testcase classname="ds.listServersideFunctions_smk_check_results" name="check_results" time="0.00300000000015643"/>
    <testcase classname="ds.listServersideFunctions_smk_check_results" name="check_results" time="0.00300000000015643"/>
    <testcase classname="ds.listServersideFunctions_smk_check_results" name="check_results" time="0.00299999999970169"/>
    <testcase classname="ds.listServersideFunctions_smk_check_results" name="check_results" time="0.00300000000015643"/>
    <testcase classname="ds.listServersideFunctions_smk_check_results" name="check_results" time="0.00399999999990541"/>
    <testcase classname="ds.listServersideFunctions_smk_check_results" name="check_results" time="0.00399999999990541"/>
    <testcase classname="ds.listServersideFunctions_smk_check_results" name="check_results" time="0.00400000000036016"/>
    <testcase classname="ds.listServersideFunctions_smk_check_results" name="check_results" time="0.00399999999990541"/>
    <testcase classname="ds.listServersideFunctions_smk_check_results" name="check_results" time="0.00300000000015643"/>
    <testcase classname="ds.listServersideFunctions_smk_check_results" name="check_results" time="0.00299999999970169"/>
    <testcase classname="ds.listServersideFunctions_smk_check_results" name="check_results" time="0.00300000000015643"/>
    <testcase classname="ds.listServersideFunctions_smk_check_results" name="check_results" time="0.00299999999970169"/>
    <testcase classname="ds.listServersideFunctions_smk_check_results" name="check_results" time="0.00400000000036016"/>
    <testcase classname="ds.listServersideFunctions_smk_check_results" name="check_results" time="0.00299999999970169"/>
    <testcase classname="ds.listServersideFunctions_smk_check_results" name="check_results" time="0.00500000000010914"/>
    <testcase classname="ds.listServersideFunctions_smk_check_results" name="check_results" time="0.00300000000015643"/>
    <testcase classname="ds.listServersideFunctions_smk_check_results" name="check_results" time="0.00399999999990541"/>
    <testcase classname="ds.listServersideFunctions_smk_check_results" name="check_results" time="0.00300000000015643"/>
    <testcase classname="ds.listServersideFunctions_smk_check_results" name="check_results" time="0.00399999999990541"/>
    <testcase classname="ds.listServersideFunctions_smk_check_results" name="check_results" time="0.00399999999990541"/>
    <testcase classname="ds.listServersideFunctions_smk_check_results" name="check_results" time="0.00399999999990541"/>
    <testcase classname="ds.listServersideFunctions_smk_check_results" name="check_results" time="0.00399999999990541"/>
    <testcase classname="ds.listServersideFunctions_smk_check_results" name="check_results" time="0.00400000000036016"/>
    <testcase classname="ds.listServersideFunctions_smk_check_results" name="check_results" time="0.00299999999970169"/>
    <testcase classname="ds.listServersideFunctions_smk_check_results" name="check_results" time="0.00400000000036016"/>
    <testcase classname="ds.listServersideFunctions_smk_check_results" name="check_results" time="0.00299999999970169"/>
    <testcase classname="ds.listServersideFunctions_smk_check_results" name="check_results" time="0.00399999999990541"/>
    <testcase classname="ds.listServersideFunctions_smk_check_results" name="check_results" time="0.00300000000015643"/>
    <testcase classname="ds.listServersideFunctions_smk_check_results" name="check_results" time="0.0109999999999673"/>
    <testcase classname="ds.listServersideFunctions_smk_check_results" name="check_results" time="0.0109999999999673"/>
    <testcase classname="ds.listServersideFunctions_smk_check_results" name="check_results" time="0.00399999999990541"/>
    <testcase classname="ds.listServersideFunctions_smk_check_results" name="check_results" time="0.00400000000036016"/>
    <testcase classname="ds.listServersideFunctions_smk_check_results" name="check_results" time="0.00299999999970169"/>
    <testcase classname="ds.listServersideFunctions_smk_check_results" name="check_results" time="0.00399999999990541"/>
    <testcase classname="ds.listServersideFunctions_smk_check_results" name="check_results" time="0.00400000000036016"/>
    <testcase classname="ds.listServersideFunctions_smk_check_results" name="check_results" time="0.00399999999990541"/>
    <testcase classname="ds.listServersideFunctions_smk_check_results" name="check_results" time="0.00300000000015643"/>
    <testcase classname="ds.listServersideFunctions_smk_check_results" name="check_results" time="0.00399999999990541"/>
    <testcase classname="ds.listServersideFunctions_smk_check_results" name="check_results" time="0.00399999999990541"/>
    <testcase classname="ds.listServersideFunctions_smk_check_results" name="check_results" time="0.00399999999990541"/>
    <testcase classname="ds.listServersideFunctions_smk_check_results" name="check_results" time="0.00399999999990541"/>
    <testcase classname="ds.listServersideFunctions_smk_check_results" name="check_results" time="0.00300000000015643"/>
    <testcase classname="ds.listServersideFunctions_smk_check_results" name="check_results" time="0.00399999999990541"/>
    <testcase classname="ds.listServersideFunctions_smk_check_results" name="check_results" time="0.00399999999990541"/>
    <testcase classname="ds.listServersideFunctions_smk_check_results" name="check_results" time="0.00400000000036016"/>
    <testcase classname="ds.listServersideFunctions_smk_check_results" name="check_results" time="0.00299999999970169"/>
    <testcase classname="ds.listServersideFunctions_smk_check_results" name="check_results" time="0.00300000000015643"/>
    <testcase classname="ds.listServersideFunctions_smk_check_results" name="check_results" time="0.00399999999990541"/>
    <testcase classname="ds.listServersideFunctions_smk_check_results" name="check_results" time="0.00499999999965439"/>
    <testcase classname="ds.listServersideFunctions_smk_check_results" name="check_results" time="0.00400000000036016"/>
    <testcase classname="ds.listServersideFunctions_smk_check_results" name="check_results" time="0.00499999999965439"/>
    <testcase classname="ds.listServersideFunctions_smk_check_results" name="check_results" time="0.00400000000036016"/>
    <testcase classname="ds.listServersideFunctions_smk_check_results" name="check_results" time="0.00399999999990541"/>
    <testcase classname="ds.listServersideFunctions_smk_check_results" name="check_results" time="0.00399999999990541"/>
    <testcase classname="ds.listServersideFunctions_smk_check_results" name="check_results" time="0.00500000000010914"/>
    <testcase classname="ds.listServersideFunctions_smk_check_results" name="check_results" time="0.00399999999990541"/>
    <testcase classname="ds.listServersideFunctions_smk_check_results" name="check_results" time="0.00399999999990541"/>
    <testcase classname="ds.listServersideFunctions_smk_check_results" name="check_results" time="0.00399999999990541"/>
    <testcase classname="ds.listServersideFunctions_smk_check_results" name="check_results" time="0.00400000000036016"/>
    <testcase classname="ds.listServersideFunctions_smk_check_results" name="check_results" time="0.00499999999965439"/>
    <testcase classname="ds.listServersideFunctions_smk_check_results" name="check_results" time="0.00400000000036016"/>
    <testcase classname="ds.listServersideFunctions_smk_check_results" name="check_results" time="0.00499999999965439"/>
    <testcase classname="ds.listServersideFunctions_smk_check_results" name="check_results" time="0.00400000000036016"/>
    <testcase classname="ds.listServersideFunctions_smk_check_results" name="check_results" time="0.00499999999965439"/>
    <testcase classname="ds.listServersideFunctions_smk_check_results" name="check_results" time="0.00400000000036016"/>
    <testcase classname="ds.listServersideFunctions_smk_check_results" name="check_results" time="0.00399999999990541"/>
    <testcase classname="ds.listServersideFunctions_smk_check_results" name="check_results" time="0.00500000000010914"/>
    <testcase classname="ds.listServersideFunctions_smk_check_results" name="check_results" time="0.00399999999990541"/>
    <testcase classname="ds.listServersideFunctions_smk_check_results" name="check_results" time="0.00400000000036016"/>
    <testcase classname="ds.listServersideFunctions_smk_check_results" name="check_results" time="0.00499999999965439"/>
    <testcase classname="ds.listServersideFunctions_smk_check_results" name="check_results" time="0.00399999999990541"/>
    <testcase classname="ds.listServersideFunctions_smk_check_results" name="check_results" time="0.00400000000036016"/>
    <testcase classname="ds.listServersideFunctions_smk_check_results" name="check_results" time="0.00499999999965439"/>
    <testcase classname="ds.listServersideFunctions_smk_check_results" name="check_results" time="0.00500000000010914"/>
    <testcase classname="ds.listServersideFunctions_smk_check_results" name="check_results" time="0.00399999999990541"/>
    <testcase classname="ds.listServersideFunctions_smk_check_results" name="check_results" time="0.00500000000010914"/>
    <testcase classname="ds.listServersideFunctions_smk_check_results" name="check_results" time="0.00500000000010914"/>
    <testcase classname="ds.listServersideFunctions_smk_check_results" name="check_results" time="0.00399999999990541"/>
    <testcase classname="ds.listServersideFunctions_smk_check_results" name="check_results" time="0.00500000000010914"/>
    <testcase classname="ds.listServersideFunctions_smk_check_results" name="check_results" time="0.00500000000010914"/>
    <testcase classname="ds.listServersideFunctions_smk_check_results" name="check_results" time="0.00999999999976353"/>
    <testcase classname="ds.listServersideFunctions_smk_check_results" name="check_results" time="0.00399999999990541"/>
    <testcase classname="ds.listServersideFunctions_smk_check_results" name="check_results" time="0.00500000000010914"/>
    <testcase classname="ds.listServersideFunctions_smk_check_results" name="check_results" time="0.00500000000010914"/>
    <testcase classname="ds.listServersideFunctions_smk_check_results" name="check_results" time="0.00500000000010914"/>
    <testcase classname="ds.listServersideFunctions_smk_check_results" name="check_results" time="0.00499999999965439"/>
    <testcase classname="ds.listServersideFunctions_smk_check_results" name="check_results" time="0.00500000000010914"/>
    <testcase classname="ds.listServersideFunctions_smk_check_results" name="check_results" time="0.00399999999990541"/>
    <testcase classname="ds.listServersideFunctions_smk_check_results" name="check_results" time="0.00500000000010914"/>
    <testcase classname="ds.listServersideFunctions_smk_check_results" name="check_results" time="0.00399999999990541"/>
    <testcase classname="ds.listServersideFunctions_smk_check_results" name="check_results" time="0.00500000000010914"/>
    <testcase classname="ds.listServersideFunctions_smk_check_results" name="check_results" time="0.00599999999985812"/>
    <testcase classname="ds.listServersideFunctions_smk_check_results" name="check_results" time="0.00400000000036016"/>
    <testcase classname="ds.listServersideFunctions_smk_check_results" name="check_results" time="0.00399999999990541"/>
    <testcase classname="ds.listServersideFunctions_smk_check_results" name="check_results" time="0.00399999999990541"/>
    <testcase classname="ds.listServersideFunctions_smk_check_results" name="check_results" time="0.00500000000010914"/>
    <testcase classname="ds.listServersideFunctions_smk_check_results" name="check_results" time="0.00500000000010914"/>
    <testcase classname="ds.listServersideFunctions_smk_check_results" name="check_results" time="0.00399999999990541"/>
    <testcase classname="ds.listServersideFunctions_smk_check_results" name="check_results" time="0.00500000000010914"/>
    <testcase classname="ds.listServersideFunctions_smk_check_results" name="check_results" time="0.00399999999990541"/>
    <testcase classname="ds.listServersideFunctions_smk_check_results" name="check_results" time="0.00500000000010914"/>
    <testcase classname="ds.listServersideFunctions_smk_check_results" name="check_results" time="0.00599999999985812"/>
    <testcase classname="ds.listServersideFunctions_smk_check_results" name="check_results" time="0.00500000000010914"/>
    <testcase classname="ds.listServersideFunctions_smk_check_results" name="check_results" time="0.00499999999965439"/>
    <testcase classname="ds.listServersideFunctions_smk_check_results" name="check_results" time="0.00500000000010914"/>
    <testcase classname="ds.listServersideFunctions_smk_check_results" name="check_results" time="0.00399999999990541"/>
    <testcase classname="ds.listServersideFunctions_smk_check_results" name="check_results" time="0.00399999999990541"/>
    <testcase classname="ds.listServersideFunctions_smk_check_results" name="check_results" time="0.00599999999985812"/>
    <testcase classname="ds.listServersideFunctions_smk_check_results" name="check_results" time="0.00500000000010914"/>
    <testcase classname="ds.listServersideFunctions_smk_check_results" name="check_results" time="0.00500000000010914"/>
    <testcase classname="ds.listServersideFunctions_smk_check_results" name="check_results" time="0.00500000000010914"/>
    <testcase classname="ds.listServersideFunctions_smk_check_results" name="check_results" time="0.00599999999985812"/>
    <testcase classname="ds.listServersideFunctions_smk_check_results" name="check_results" time="0.00500000000010914"/>
    <testcase classname="ds.listServersideFunctions_smk_check_results" name="check_results" time="0.00599999999985812"/>
    <testcase classname="ds.listServersideFunctions_smk_check_results" name="check_results" time="0.00500000000010914"/>
    <testcase classname="ds.listServersideFunctions_smk_check_results" name="check_results" time="0.00500000000010914"/>
    <testcase classname="ds.listServersideFunctions_smk_check_results" name="check_results" time="0.00599999999985812"/>
    <testcase classname="ds.listServersideFunctions_smk_check_results" name="check_results" time="0.00700000000006185"/>
    <testcase classname="ds.listServersideFunctions_smk_check_results" name="check_results" time="0.00599999999985812"/>
    <testcase classname="ds.listServersideFunctions_smk_check_results" name="check_results" time="0.00500000000010914"/>
    <testcase classname="ds.listServersideFunctions_smk_check_results" name="check_results" time="0.00599999999985812"/>
    <testcase classname="ds.listServersideFunctions_smk_check_results" name="check_results" time="0.00500000000010914"/>
    <testcase classname="ds.listServersideFunctions_smk_check_results" name="check_results" time="0.01299999999992"/>
    <testcase classname="ds.listServersideFunctions_smk_check_results" name="check_results" time="0.00599999999985812"/>
    <testcase classname="ds.listServersideFunctions_smk_check_results" name="check_results" time="0.00600000000031287"/>
    <testcase classname="ds.listServersideFunctions_smk_check_results" name="check_results" time="0.00499999999965439"/>
    <testcase classname="ds.listServersideFunctions_smk_check_results" name="check_results" time="0.00500000000010914"/>
    <testcase classname="ds.listServersideFunctions_smk_check_results" name="check_results" time="0.00500000000010914"/>
    <testcase classname="ds.listServersideFunctions_smk_check_results" name="check_results" time="0.00500000000010914"/>
    <testcase classname="ds.listServersideFunctions_smk_check_results" name="check_results" time="0.00599999999985812"/>
    <testcase classname="ds.listServersideFunctions_smk_check_results" name="check_results" time="0.00500000000010914"/>
    <testcase classname="ds.listServersideFunctions_smk_check_results" name="check_results" time="0.00500000000010914"/>
    <testcase classname="ds.listServersideFunctions_smk_check_results" name="check_results" time="0.00599999999985812"/>
    <testcase classname="ds.listServersideFunctions_smk_check_results" name="check_results" time="0.00500000000010914"/>
    <testcase classname="ds.listServersideFunctions_smk_check_results" name="check_results" time="0.00599999999985812"/>
    <testcase classname="ds.listServersideFunctions_smk_check_results" name="check_results" time="0.00599999999985812"/>
    <testcase classname="ds.listServersideFunctions_smk_check_results" name="check_results" time="0.00500000000010914"/>
    <testcase classname="ds.listServersideFunctions_smk_check_results" name="check_results" time="0.00599999999985812"/>
    <testcase classname="ds.listServersideFunctions_smk_check_results" name="check_results" time="0.00500000000010914"/>
    <testcase classname="ds.listServersideFunctions_smk_check_results" name="check_results" time="0.00599999999985812"/>
    <testcase classname="ds.listServersideFunctions_smk_check_results" name="check_results" time="0.00600000000031287"/>
    <testcase classname="ds.listServersideFunctions_smk_check_results" name="check_results" time="0.00499999999965439"/>
    <testcase classname="ds.listServersideFunctions_smk_check_results" name="check_results" time="0.00500000000010914"/>
    <testcase classname="ds.listServersideFunctions_smk_check_results" name="check_results" time="0.00500000000010914"/>
    <testcase classname="ds.listServersideFunctions_smk_check_results" name="check_results" time="0.00599999999985812"/>
    <testcase classname="ds.listServersideFunctions_smk_check_results" name="check_results" time="0.00600000000031287"/>
    <testcase classname="ds.listServersideFunctions_smk_check_results" name="check_results" time="0.00499999999965439"/>
    <testcase classname="ds.listServersideFunctions_smk_check_results" name="check_results" time="0.00600000000031287"/>
    <testcase classname="ds.listServersideFunctions_smk_check_results" name="check_results" time="0.00599999999985812"/>
    <testcase classname="ds.listServersideFunctions_smk_check_results" name="check_results" time="0.00500000000010914"/>
    <testcase classname="ds.listServersideFunctions_smk_check_results" name="check_results" time="0.00599999999985812"/>
    <testcase classname="ds.listServersideFunctions_smk_check_results" name="check_results" time="0.00599999999985812"/>
    <testcase classname="ds.listServersideFunctions_smk_check_results" name="check_results" time="0.00600000000031287"/>
    <testcase classname="ds.listServersideFunctions_smk_check_results" name="check_results" time="0.00499999999965439"/>
    <testcase classname="ds.listServersideFunctions_smk_check_results" name="check_results" time="0.00600000000031287"/>
    <testcase classname="ds.listServersideFunctions_smk_check_results" name="check_results" time="0.00599999999985812"/>
    <testcase classname="ds.listServersideFunctions_smk_check_results" name="check_results" time="0.00599999999985812"/>
    <testcase classname="ds.listServersideFunctions_smk_check_results" name="check_results" time="0.00500000000010914"/>
    <testcase classname="ds.listServersideFunctions_smk_check_results" name="check_results" time="0.00499999999965439"/>
    <testcase classname="ds.listServersideFunctions_smk_check_results" name="check_results" time="0.0130000000003747"/>
    <testcase classname="ds.listServersideFunctions_smk_check_results" name="check_results" time="0.00499999999965439"/>
    <testcase classname="ds.listServersideFunctions_smk_check_results" name="check_results" time="0.00600000000031287"/>
    <testcase classname="ds.listServersideFunctions_smk_check_results" name="check_results" time="0.00499999999965439"/>
    <testcase classname="ds.listServersideFunctions_smk_check_results" name="check_results" time="0.00600000000031287"/>
    <testcase classname="ds.listServersideFunctions_smk_check_results" name="check_results" time="0.00599999999985812"/>
    <testcase classname="ds.listServersideFunctions_smk_check_results" name="check_results" time="0.00599999999985812"/>
    <testcase classname="ds.listServersideFunctions_smk_check_results" name="check_results" time="0.00500000000010914"/>
    <testcase classname="ds.listServersideFunctions_smk_check_results" name="check_results" time="0.00499999999965439"/>
    <testcase classname="ds.listServersideFunctions_smk_check_results" name="check_results" time="0.00500000000010914"/>
    <testcase classname="ds.listServersideFunctions_smk_check_results" name="check_results" time="0.00600000000031287"/>
    <testcase classname="ds.listServersideFunctions_smk_check_results" name="check_results" time="0.00599999999985812"/>
    <testcase classname="ds.listServersideFunctions_smk_check_results" name="check_results" time="0.00599999999985812"/>
    <testcase classname="ds.listServersideFunctions_smk_check_results" name="check_results" time="0.00599999999985812"/>
    <testcase classname="ds.listServersideFunctions_smk_check_results" name="check_results" time="0.00500000000010914"/>
    <testcase classname="ds.listServersideFunctions_smk_check_results" name="check_results" time="0.00700000000006185"/>
    <testcase classname="ds.listServersideFunctions_smk_check_results" name="check_results" time="0.00599999999985812"/>
    <testcase classname="ds.listServersideFunctions_smk_check_results" name="check_results" time="0.00600000000031287"/>
    <testcase classname="ds.listServersideFunctions_smk_check_results" name="check_results" time="0.00599999999985812"/>
    <testcase classname="ds.listServersideFunctions_smk_check_results" name="check_results" time="0.00599999999985812"/>
    <testcase classname="ds.listServersideFunctions_smk_check_results" name="check_results" time="0.00700000000006185"/>
    <testcase classname="ds.listServersideFunctions_smk_check_results" name="check_results" time="0.00600000000031287"/>
    <testcase classname="ds.listServersideFunctions_smk_check_results" name="check_results" time="0.00599999999985812"/>
    <testcase classname="ds.listServersideFunctions_smk_check_results" name="check_results" time="0.00700000000006185"/>
    <testcase classname="ds.listServersideFunctions_smk_check_results" name="check_results" time="0.00599999999985812"/>
    <testcase classname="ds.listServersideFunctions_smk_check_results" name="check_results" time="0.00599999999985812"/>
    <testcase classname="ds.listServersideFunctions_smk_check_results" name="check_results" time="0.00600000000031287"/>
    <testcase classname="ds.listServersideFunctions_smk_check_results" name="check_results" time="0.00700000000006185"/>
    <testcase classname="ds.listServersideFunctions_smk_check_results" name="check_results" time="0.00599999999985812"/>
    <testcase classname="ds.listServersideFunctions_smk_check_results" name="check_results" time="0.00799999999981083"/>
    <testcase classname="ds.listServersideFunctions_smk_check_results" name="check_results" time="0.00700000000006185"/>
    <testcase classname="ds.listServersideFunctions_smk_check_results" name="check_results" time="0.00700000000006185"/>
    <testcase classname="ds.listServersideFunctions_smk_check_results" name="check_results" time="0.00599999999985812"/>
    <testcase classname="ds.listServersideFunctions_smk_check_results" name="check_results" time="0.0140000000001237"/>
    <testcase classname="ds.listServersideFunctions_smk_check_results" name="check_results" time="0.00599999999985812"/>
    <testcase classname="ds.listServersideFunctions_smk_check_results" name="check_results" time="0.00600000000031287"/>
    <testcase classname="ds.listServersideFunctions_smk_check_results" name="check_results" time="0.00799999999981083"/>
    <testcase classname="ds.listServersideFunctions_smk_check_results" name="check_results" time="0.00599999999985812"/>
    <testcase classname="ds.listServersideFunctions_smk_check_results" name="check_results" time="0.00600000000031287"/>
    <testcase classname="ds.listServersideFunctions_smk_check_results" name="check_results" time="0.00700000000006185"/>
    <testcase classname="ds.listServersideFunctions_smk_check_results" name="check_results" time="0.00599999999985812"/>
    <testcase classname="ds.listServersideFunctions_smk_check_results" name="check_results" time="0.00700000000006185"/>
    <testcase classname="ds.listServersideFunctions_smk_check_results" name="check_results" time="0.00599999999985812"/>
    <testcase classname="ds.listServersideFunctions_smk_check_results" name="check_results" time="0.00900000000001455"/>
    <testcase classname="ds.listServersideFunctions_smk_check_results" name="check_results" time="0.00700000000006185"/>
    <testcase classname="ds.listServersideFunctions_smk_check_results" name="check_results" time="0.00700000000006185"/>
    <testcase classname="ds.listServersideFunctions_smk_check_results" name="check_results" time="0.00799999999981083"/>
    <testcase classname="ds.listServersideFunctions_smk_check_results" name="check_results" time="0.00700000000006185"/>
    <testcase classname="ds.listServersideFunctions_smk_check_results" name="check_results" time="0.00700000000006185"/>
    <testcase classname="ds.listServersideFunctions_smk_check_results" name="check_results" time="0.00799999999981083"/>
    <testcase classname="ds.listServersideFunctions_smk_check_results" name="check_results" time="0.00600000000031287"/>
    <testcase classname="ds.listServersideFunctions_smk_check_results" name="check_results" time="0.0069999999996071"/>
    <testcase classname="ds.listServersideFunctions_smk_check_results" name="check_results" time="0.00800000000026557"/>
    <testcase classname="ds.listServersideFunctions_smk_check_results" name="check_results" time="0.00700000000006185"/>
    <testcase classname="ds.listServersideFunctions_smk_check_results" name="check_results" time="0.00799999999981083"/>
    <testcase classname="ds.listServersideFunctions_smk_check_results" name="check_results" time="0.00700000000006185"/>
    <testcase classname="ds.listServersideFunctions_smk_check_results" name="check_results" time="0.00700000000006185"/>
    <testcase classname="ds.listServersideFunctions_smk_check_results" name="check_results" time="0.00799999999981083"/>
    <testcase classname="ds.listServersideFunctions_smk_check_results" name="check_results" time="0.00700000000006185"/>
    <testcase classname="ds.listServersideFunctions_smk_check_results" name="check_results" time="0.00800000000026557"/>
    <testcase classname="ds.listServersideFunctions_smk_check_results" name="check_results" time="0.00799999999981083"/>
    <testcase classname="ds.listServersideFunctions_smk_check_results" name="check_results" time="0.00799999999981083"/>
    <testcase classname="ds.listServersideFunctions_smk_check_results" name="check_results" time="0.00700000000006185"/>
    <testcase classname="ds.listServersideFunctions_smk_check_results" name="check_results" time="0.0160000000000764"/>
    <testcase classname="ds.listServersideFunctions_smk_check_results" name="check_results" time="0.00700000000006185"/>
    <testcase classname="ds.listServersideFunctions_smk_check_results" name="check_results" time="0.00700000000006185"/>
    <testcase classname="ds.listServersideFunctions_smk_check_results" name="check_results" time="0.00700000000006185"/>
    <testcase classname="ds.listServersideFunctions_smk_check_results" name="check_results" time="0.00799999999981083"/>
    <testcase classname="ds.listServersideFunctions_smk_check_results" name="check_results" time="0.00700000000006185"/>
    <testcase classname="ds.listServersideFunctions_smk_check_results" name="check_results" time="0.00700000000006185"/>
    <testcase classname="ds.listServersideFunctions_smk_check_results" name="check_results" time="0.00700000000006185"/>
    <testcase classname="ds.listServersideFunctions_smk_check_results" name="check_results" time="0.00799999999981083"/>
    <testcase classname="ds.listServersideFunctions_smk_check_results" name="check_results" time="0.00700000000006185"/>
    <testcase classname="ds.listServersideFunctions_smk_check_results" name="check_results" time="0.00700000000006185"/>
    <testcase classname="ds.listServersideFunctions_smk_check_results" name="check_results" time="0.00799999999981083"/>
    <testcase classname="ds.listServersideFunctions_smk_check_results" name="check_results" time="0.00700000000006185"/>
    <testcase classname="ds.listServersideFunctions_smk_check_results" name="check_results" time="0.00900000000001455"/>
    <testcase classname="ds.listServersideFunctions_smk_check_results" name="check_results" time="0.00700000000006185"/>
    <testcase classname="ds.listServersideFunctions_smk_check_results" name="check_results" time="0.00799999999981083"/>
    <testcase classname="ds.listServersideFunctions_smk_check_results" name="check_results" time="0.00800000000026557"/>
    <testcase classname="ds.listServersideFunctions_smk_check_results" name="check_results" time="0.00700000000006185"/>
    <testcase classname="ds.listServersideFunctions_smk_check_results" name="check_results" time="0.00799999999981083"/>
    <testcase classname="ds.listServersideFunctions_smk_check_results" name="check_results" time="0.00700000000006185"/>
    <testcase classname="ds.listServersideFunctions_smk_check_results" name="check_results" time="0.00700000000006185"/>
    <testcase classname="ds.listServersideFunctions_smk_check_results" name="check_results" time="0.00799999999981083"/>
    <testcase classname="ds.listServersideFunctions_smk_check_results" name="check_results" time="0.00700000000006185"/>
    <testcase classname="ds.listServersideFunctions_smk_check_results" name="check_results" time="0.00800000000026557"/>
    <testcase classname="ds.listServersideFunctions_smk_check_results" name="check_results" time="0.0069999999996071"/>
    <testcase classname="ds.listServersideFunctions_smk_check_results" name="check_results" time="0.00800000000026557"/>
    <testcase classname="ds.listServersideFunctions_smk_check_results" name="check_results" time="0.00700000000006185"/>
    <testcase classname="ds.listServersideFunctions_smk_check_results" name="check_results" time="0.00799999999981083"/>
    <testcase classname="ds.listServersideFunctions_smk_check_results" name="check_results" time="0.01299999999992"/>
    <testcase classname="ds.listServersideFunctions_smk_check_results" name="check_results" time="0.00700000000006185"/>
    <testcase classname="ds.listServersideFunctions_smk_check_results" name="check_results" time="0.00700000000006185"/>
    <testcase classname="ds.listServersideFunctions_smk_check_results" name="check_results" time="0.00799999999981083"/>
    <testcase classname="ds.listServersideFunctions_smk_check_results" name="check_results" time="0.00799999999981083"/>
    <testcase classname="ds.listServersideFunctions_smk_check_results" name="check_results" time="0.00700000000006185"/>
    <testcase classname="ds.listServersideFunctions_smk_check_results" name="check_results" time="0.00700000000006185"/>
    <testcase classname="ds.listServersideFunctions_smk_check_results" name="check_results" time="0.00800000000026557"/>
    <testcase classname="ds.listServersideFunctions_smk_check_results" name="check_results" time="0.0069999999996071"/>
    <testcase classname="ds.listServersideFunctions_smk_check_results" name="check_results" time="0.00700000000006185"/>
    <testcase classname="ds.listServersideFunctions_smk_check_results" name="check_results" time="0.00800000000026557"/>
    <testcase classname="ds.listServersideFunctions_smk_check_results" name="check_results" time="0.00799999999981083"/>
  </testsuite>
  <testsuite errors="0" failures="0" hostname="fv-az14" name="ds.lmerSLMA::smk::setup phase 1" skipped="0" tests="3" time="5.466" timestamp="2020-10-27T20:56:54Z">
    <testcase classname="ds.lmerSLMA_smk_setup_phase_1" name="setup" time="5.46300000000019"/>
    <testcase classname="ds.lmerSLMA_smk_setup_phase_1" name="setup" time="0.00199999999995271"/>
    <testcase classname="ds.lmerSLMA_smk_setup_phase_1" name="setup" time="0.000999999999748979"/>
  </testsuite>
  <testsuite errors="0" failures="0" hostname="fv-az14" name="ds.lmerSLMA::smk::phase 1" skipped="0" tests="11" time="15.881" timestamp="2020-10-27T20:56:58Z">
    <testcase classname="ds.lmerSLMA_smk_phase_1" name="simple_lmerSLMA" time="3.10600000000022"/>
    <testcase classname="ds.lmerSLMA_smk_phase_1" name="alternative_formulae_for_nested_groups" time="0.851999999999862"/>
    <testcase classname="ds.lmerSLMA_smk_phase_1" name="alternative_formulae_for_nested_groups" time="0.809000000000196"/>
    <testcase classname="ds.lmerSLMA_smk_phase_1" name="alternative_formulae_for_nested_groups" time="0.721999999999753"/>
    <testcase classname="ds.lmerSLMA_smk_phase_1" name="server_side_error" time="0.677000000000135"/>
    <testcase classname="ds.lmerSLMA_smk_phase_1" name="server_side_error" time="0.268999999999778"/>
    <testcase classname="ds.lmerSLMA_smk_phase_1" name="server_side_error" time="0.739000000000033"/>
    <testcase classname="ds.lmerSLMA_smk_phase_1" name="test_offsets_and_weights" time="6.46600000000035"/>
    <testcase classname="ds.lmerSLMA_smk_phase_1" name="test_offsets_and_weights" time="0.76299999999992"/>
    <testcase classname="ds.lmerSLMA_smk_phase_1" name="test_offsets_and_weights" time="0.739000000000033"/>
    <testcase classname="ds.lmerSLMA_smk_phase_1" name="test_offsets_and_weights" time="0.739000000000033"/>
  </testsuite>
  <testsuite errors="0" failures="0" hostname="fv-az14" name="ds.lmerSLMA::smk::shutdown phase 1" skipped="0" tests="3" time="0.282" timestamp="2020-10-27T20:57:14Z">
    <testcase classname="ds.lmerSLMA_smk_shutdown_phase_1" name="shutdown" time="0.278999999999996"/>
    <testcase classname="ds.lmerSLMA_smk_shutdown_phase_1" name="shutdown" time="0.00199999999995271"/>
    <testcase classname="ds.lmerSLMA_smk_shutdown_phase_1" name="shutdown" time="0.000999999999748979"/>
  </testsuite>
  <testsuite errors="0" failures="0" hostname="fv-az14" name="ds.lmerSLMA::smk::setup phase 2" skipped="0" tests="3" time="5.662" timestamp="2020-10-27T20:57:15Z">
    <testcase classname="ds.lmerSLMA_smk_setup_phase_2" name="setup" time="5.65900000000011"/>
    <testcase classname="ds.lmerSLMA_smk_setup_phase_2" name="setup" time="0.00100000000020373"/>
    <testcase classname="ds.lmerSLMA_smk_setup_phase_2" name="setup" time="0.00199999999995271"/>
  </testsuite>
  <testsuite errors="0" failures="0" hostname="fv-az14" name="ds.lmerSLMA::smk::test phase 2" skipped="0" tests="54" time="6.08" timestamp="2020-10-27T20:57:20Z">
    <testcase classname="ds.lmerSLMA_smk_test_phase_2" name="check_slope_formulae" time="4.25599999999986"/>
    <testcase classname="ds.lmerSLMA_smk_test_phase_2" name="check_slope_formulae" time="0.00100000000020373"/>
    <testcase classname="ds.lmerSLMA_smk_test_phase_2" name="check_slope_formulae" time="0.000999999999748979"/>
    <testcase classname="ds.lmerSLMA_smk_test_phase_2" name="check_slope_formulae" time="0.00199999999995271"/>
    <testcase classname="ds.lmerSLMA_smk_test_phase_2" name="check_slope_formulae" time="0.00100000000020373"/>
    <testcase classname="ds.lmerSLMA_smk_test_phase_2" name="check_slope_formulae" time="0.000999999999748979"/>
    <testcase classname="ds.lmerSLMA_smk_test_phase_2" name="check_slope_formulae" time="0.00199999999995271"/>
    <testcase classname="ds.lmerSLMA_smk_test_phase_2" name="check_slope_formulae" time="0.00100000000020373"/>
    <testcase classname="ds.lmerSLMA_smk_test_phase_2" name="check_slope_formulae" time="0.00100000000020373"/>
    <testcase classname="ds.lmerSLMA_smk_test_phase_2" name="check_slope_formulae" time="0.00199999999995271"/>
    <testcase classname="ds.lmerSLMA_smk_test_phase_2" name="check_slope_formulae" time="0.00199999999995271"/>
    <testcase classname="ds.lmerSLMA_smk_test_phase_2" name="check_slope_formulae" time="0.000999999999748979"/>
    <testcase classname="ds.lmerSLMA_smk_test_phase_2" name="check_slope_formulae" time="0.00199999999995271"/>
    <testcase classname="ds.lmerSLMA_smk_test_phase_2" name="check_slope_formulae" time="0.00100000000020373"/>
    <testcase classname="ds.lmerSLMA_smk_test_phase_2" name="check_slope_formulae" time="0.00199999999995271"/>
    <testcase classname="ds.lmerSLMA_smk_test_phase_2" name="check_slope_formulae" time="0.00100000000020373"/>
    <testcase classname="ds.lmerSLMA_smk_test_phase_2" name="check_slope_formulae" time="0.00199999999995271"/>
    <testcase classname="ds.lmerSLMA_smk_test_phase_2" name="check_slope_formulae" time="0.000999999999748979"/>
    <testcase classname="ds.lmerSLMA_smk_test_phase_2" name="check_slope_formulae" time="0.00199999999995271"/>
    <testcase classname="ds.lmerSLMA_smk_test_phase_2" name="check_slope_formulae" time="0.00199999999995271"/>
    <testcase classname="ds.lmerSLMA_smk_test_phase_2" name="check_slope_formulae" time="0.00100000000020373"/>
    <testcase classname="ds.lmerSLMA_smk_test_phase_2" name="check_slope_formulae" time="0.00199999999995271"/>
    <testcase classname="ds.lmerSLMA_smk_test_phase_2" name="check_slope_formulae" time="0.00100000000020373"/>
    <testcase classname="ds.lmerSLMA_smk_test_phase_2" name="check_slope_formulae" time="0.00199999999995271"/>
    <testcase classname="ds.lmerSLMA_smk_test_phase_2" name="check_slope_formulae" time="0.000999999999748979"/>
    <testcase classname="ds.lmerSLMA_smk_test_phase_2" name="check_slope_formulae" time="0.00199999999995271"/>
    <testcase classname="ds.lmerSLMA_smk_test_phase_2" name="check_slope_formulae" time="0.00100000000020373"/>
    <testcase classname="ds.lmerSLMA_smk_test_phase_2" name="check_slope_formulae" time="1.73500000000013"/>
    <testcase classname="ds.lmerSLMA_smk_test_phase_2" name="check_slope_formulae" time="0.000999999999748979"/>
    <testcase classname="ds.lmerSLMA_smk_test_phase_2" name="check_slope_formulae" time="0.00199999999995271"/>
    <testcase classname="ds.lmerSLMA_smk_test_phase_2" name="check_slope_formulae" time="0.00199999999995271"/>
    <testcase classname="ds.lmerSLMA_smk_test_phase_2" name="check_slope_formulae" time="0.00200000000040745"/>
    <testcase classname="ds.lmerSLMA_smk_test_phase_2" name="check_slope_formulae" time="0.00199999999995271"/>
    <testcase classname="ds.lmerSLMA_smk_test_phase_2" name="check_slope_formulae" time="0.00199999999995271"/>
    <testcase classname="ds.lmerSLMA_smk_test_phase_2" name="check_slope_formulae" time="0.000999999999748979"/>
    <testcase classname="ds.lmerSLMA_smk_test_phase_2" name="check_slope_formulae" time="0.00199999999995271"/>
    <testcase classname="ds.lmerSLMA_smk_test_phase_2" name="check_slope_formulae" time="0.00200000000040745"/>
    <testcase classname="ds.lmerSLMA_smk_test_phase_2" name="check_slope_formulae" time="0.00199999999995271"/>
    <testcase classname="ds.lmerSLMA_smk_test_phase_2" name="check_slope_formulae" time="0.00199999999995271"/>
    <testcase classname="ds.lmerSLMA_smk_test_phase_2" name="check_slope_formulae" time="0.00199999999995271"/>
    <testcase classname="ds.lmerSLMA_smk_test_phase_2" name="check_slope_formulae" time="0.00199999999995271"/>
    <testcase classname="ds.lmerSLMA_smk_test_phase_2" name="check_slope_formulae" time="0.00300000000015643"/>
    <testcase classname="ds.lmerSLMA_smk_test_phase_2" name="check_slope_formulae" time="0.00199999999995271"/>
    <testcase classname="ds.lmerSLMA_smk_test_phase_2" name="check_slope_formulae" time="0.000999999999748979"/>
    <testcase classname="ds.lmerSLMA_smk_test_phase_2" name="check_slope_formulae" time="0.00199999999995271"/>
    <testcase classname="ds.lmerSLMA_smk_test_phase_2" name="check_slope_formulae" time="0.00199999999995271"/>
    <testcase classname="ds.lmerSLMA_smk_test_phase_2" name="check_slope_formulae" time="0.00200000000040745"/>
    <testcase classname="ds.lmerSLMA_smk_test_phase_2" name="check_slope_formulae" time="0.00199999999995271"/>
    <testcase classname="ds.lmerSLMA_smk_test_phase_2" name="check_slope_formulae" time="0.00199999999995271"/>
    <testcase classname="ds.lmerSLMA_smk_test_phase_2" name="check_slope_formulae" time="0.00299999999970169"/>
    <testcase classname="ds.lmerSLMA_smk_test_phase_2" name="check_slope_formulae" time="0.00200000000040745"/>
    <testcase classname="ds.lmerSLMA_smk_test_phase_2" name="check_slope_formulae" time="0.00199999999995271"/>
    <testcase classname="ds.lmerSLMA_smk_test_phase_2" name="check_slope_formulae" time="0.00199999999995271"/>
    <testcase classname="ds.lmerSLMA_smk_test_phase_2" name="check_slope_formulae" time="0.00199999999995271"/>
  </testsuite>
  <testsuite errors="0" failures="0" hostname="fv-az14" name="ds.lmerSLMA::smk::shutdown phase 2" skipped="0" tests="3" time="0.286" timestamp="2020-10-27T20:57:26Z">
    <testcase classname="ds.lmerSLMA_smk_shutdown_phase_2" name="shutdown" time="0.284000000000106"/>
    <testcase classname="ds.lmerSLMA_smk_shutdown_phase_2" name="shutdown" time="0.000999999999748979"/>
    <testcase classname="ds.lmerSLMA_smk_shutdown_phase_2" name="shutdown" time="0.00100000000020373"/>
  </testsuite>
  <testsuite errors="0" failures="0" hostname="fv-az14" name="ds.lmerSLMA::smk::done" skipped="0" tests="0" time="0" timestamp="2020-10-27T20:57:27Z"/>
  <testsuite errors="0" failures="0" hostname="fv-az14" name="ds.log::smk::setup" skipped="0" tests="3" time="5.423" timestamp="2020-10-27T20:57:27Z">
    <testcase classname="ds.log_smk_setup" name="setup" time="5.42000000000007"/>
    <testcase classname="ds.log_smk_setup" name="setup" time="0.00199999999995271"/>
    <testcase classname="ds.log_smk_setup" name="setup" time="0.000999999999748979"/>
  </testsuite>
  <testsuite errors="0" failures="0" hostname="fv-az14" name="ds.log::smk" skipped="0" tests="30" time="5.743" timestamp="2020-10-27T20:57:32Z">
    <testcase classname="ds.log_smk" name="simple_log" time="1.5300000000002"/>
    <testcase classname="ds.log_smk" name="simple_log" time="0.531999999999698"/>
    <testcase classname="ds.log_smk" name="simple_log" time="0.00100000000020373"/>
    <testcase classname="ds.log_smk" name="simple_log" time="0.00199999999995271"/>
    <testcase classname="ds.log_smk" name="simple_log" time="0.00100000000020373"/>
    <testcase classname="ds.log_smk" name="simple_log" time="0.000999999999748979"/>
    <testcase classname="ds.log_smk" name="simple_log" time="0.00100000000020373"/>
    <testcase classname="ds.log_smk" name="simple_log" time="0.00199999999995271"/>
    <testcase classname="ds.log_smk" name="simple_log" time="0.534999999999854"/>
    <testcase classname="ds.log_smk" name="simple_log" time="0.00199999999995271"/>
    <testcase classname="ds.log_smk" name="simple_log" time="0.00100000000020373"/>
    <testcase classname="ds.log_smk" name="simple_log" time="0.000999999999748979"/>
    <testcase classname="ds.log_smk" name="simple_log" time="0.00199999999995271"/>
    <testcase classname="ds.log_smk" name="simple_log" time="0.00100000000020373"/>
    <testcase classname="ds.log_smk" name="simple_log" time="0.00199999999995271"/>
    <testcase classname="ds.log_smk" name="simple_log" time="2.30000000000018"/>
    <testcase classname="ds.log_smk" name="simple_log" time="0.270999999999731"/>
    <testcase classname="ds.log_smk" name="simple_log" time="0.00100000000020373"/>
    <testcase classname="ds.log_smk" name="simple_log" time="0.00199999999995271"/>
    <testcase classname="ds.log_smk" name="simple_log" time="0.00100000000020373"/>
    <testcase classname="ds.log_smk" name="simple_log" time="0.00199999999995271"/>
    <testcase classname="ds.log_smk" name="simple_log" time="0.000999999999748979"/>
    <testcase classname="ds.log_smk" name="simple_log" time="0.00100000000020373"/>
    <testcase classname="ds.log_smk" name="simple_log" time="0.53899999999976"/>
    <testcase classname="ds.log_smk" name="simple_log" time="0.00100000000020373"/>
    <testcase classname="ds.log_smk" name="simple_log" time="0.00199999999995271"/>
    <testcase classname="ds.log_smk" name="simple_log" time="0.00300000000015643"/>
    <testcase classname="ds.log_smk" name="simple_log" time="0.000999999999748979"/>
    <testcase classname="ds.log_smk" name="simple_log" time="0.00199999999995271"/>
    <testcase classname="ds.log_smk" name="simple_log" time="0.00199999999995271"/>
  </testsuite>
  <testsuite errors="0" failures="0" hostname="fv-az14" name="ds.log::smk::shutdown" skipped="0" tests="3" time="0.287" timestamp="2020-10-27T20:57:38Z">
    <testcase classname="ds.log_smk_shutdown" name="shutdown" time="0.285000000000309"/>
    <testcase classname="ds.log_smk_shutdown" name="shutdown" time="0.000999999999748979"/>
    <testcase classname="ds.log_smk_shutdown" name="shutdown" time="0.00100000000020373"/>
  </testsuite>
  <testsuite errors="0" failures="0" hostname="fv-az14" name="ds.log::smk::done" skipped="0" tests="0" time="0" timestamp="2020-10-27T20:57:39Z"/>
  <testsuite errors="0" failures="0" hostname="fv-az14" name="ds.look::smk::setup" skipped="0" tests="3" time="5.471" timestamp="2020-10-27T20:57:39Z">
    <testcase classname="ds.look_smk_setup" name="setup" time="5.46799999999985"/>
    <testcase classname="ds.look_smk_setup" name="setup" time="0.00199999999995271"/>
    <testcase classname="ds.look_smk_setup" name="setup" time="0.00100000000020373"/>
  </testsuite>
  <testsuite errors="0" failures="0" hostname="fv-az14" name="ds.look::smk" skipped="0" tests="5" time="0.298" timestamp="2020-10-27T20:57:43Z">
    <testcase classname="ds.look_smk" name="simple_look" time="0.291999999999916"/>
    <testcase classname="ds.look_smk" name="simple_look" time="0.00199999999995271"/>
    <testcase classname="ds.look_smk" name="simple_look" time="0.00100000000020373"/>
    <testcase classname="ds.look_smk" name="simple_look" time="0.000999999999748979"/>
    <testcase classname="ds.look_smk" name="simple_look" time="0.00199999999995271"/>
  </testsuite>
  <testsuite errors="0" failures="0" hostname="fv-az14" name="ds.look::smk::shutdown" skipped="0" tests="3" time="0.284" timestamp="2020-10-27T20:57:44Z">
    <testcase classname="ds.look_smk_shutdown" name="shutdown" time="0.280999999999949"/>
    <testcase classname="ds.look_smk_shutdown" name="shutdown" time="0.00100000000020373"/>
    <testcase classname="ds.look_smk_shutdown" name="shutdown" time="0.00199999999995271"/>
  </testsuite>
  <testsuite errors="0" failures="0" hostname="fv-az14" name="ds.look::smk::done" skipped="0" tests="0" time="0" timestamp="2020-10-27T20:57:45Z"/>
  <testsuite errors="0" failures="0" hostname="fv-az14" name="ds.ls::smk::setup" skipped="0" tests="3" time="5.567" timestamp="2020-10-27T20:57:45Z">
    <testcase classname="ds.ls_smk_setup" name="setup" time="5.56399999999985"/>
    <testcase classname="ds.ls_smk_setup" name="setup" time="0.00100000000020373"/>
    <testcase classname="ds.ls_smk_setup" name="setup" time="0.00199999999995271"/>
  </testsuite>
  <testsuite errors="0" failures="0" hostname="fv-az14" name="ds.ls::smk" skipped="0" tests="53" time="1.484" timestamp="2020-10-27T20:57:50Z">
    <testcase classname="ds.ls_smk" name="simple_ls" time="0.286999999999807"/>
    <testcase classname="ds.ls_smk" name="simple_ls" time="0.00100000000020373"/>
    <testcase classname="ds.ls_smk" name="simple_ls" time="0.00100000000020373"/>
    <testcase classname="ds.ls_smk" name="simple_ls" time="0.00100000000020373"/>
    <testcase classname="ds.ls_smk" name="simple_ls" time="0.000999999999748979"/>
    <testcase classname="ds.ls_smk" name="simple_ls" time="0.00199999999995271"/>
    <testcase classname="ds.ls_smk" name="simple_ls" time="0.00100000000020373"/>
    <testcase classname="ds.ls_smk" name="simple_ls" time="0.00199999999995271"/>
    <testcase classname="ds.ls_smk" name="simple_ls" time="0.00199999999995271"/>
    <testcase classname="ds.ls_smk" name="simple_ls" time="0.00100000000020373"/>
    <testcase classname="ds.ls_smk" name="simple_ls" time="0.00199999999995271"/>
    <testcase classname="ds.ls_smk" name="simple_ls" time="0.000999999999748979"/>
    <testcase classname="ds.ls_smk" name="simple_ls" time="0.00100000000020373"/>
    <testcase classname="ds.ls_smk" name="simple_ls_with_envir" time="0.275000000000091"/>
    <testcase classname="ds.ls_smk" name="simple_ls_with_envir" time="0.00199999999995271"/>
    <testcase classname="ds.ls_smk" name="simple_ls_with_envir" time="0.00199999999995271"/>
    <testcase classname="ds.ls_smk" name="simple_ls_with_envir" time="0.00100000000020373"/>
    <testcase classname="ds.ls_smk" name="simple_ls_with_envir" time="0.000999999999748979"/>
    <testcase classname="ds.ls_smk" name="simple_ls_with_envir" time="0.00100000000020373"/>
    <testcase classname="ds.ls_smk" name="simple_ls_with_envir" time="0.00199999999995271"/>
    <testcase classname="ds.ls_smk" name="simple_ls_with_envir" time="0.000999999999748979"/>
    <testcase classname="ds.ls_smk" name="simple_ls_with_envir" time="0.00199999999995271"/>
    <testcase classname="ds.ls_smk" name="simple_ls_with_envir" time="0.00199999999995271"/>
    <testcase classname="ds.ls_smk" name="simple_ls_with_envir_with_wildcard_postfix" time="0.271000000000186"/>
    <testcase classname="ds.ls_smk" name="simple_ls_with_envir_with_wildcard_postfix" time="0.00100000000020373"/>
    <testcase classname="ds.ls_smk" name="simple_ls_with_envir_with_wildcard_postfix" time="0.00199999999995271"/>
    <testcase classname="ds.ls_smk" name="simple_ls_with_envir_with_wildcard_postfix" time="0.00199999999995271"/>
    <testcase classname="ds.ls_smk" name="simple_ls_with_envir_with_wildcard_postfix" time="0.00199999999995271"/>
    <testcase classname="ds.ls_smk" name="simple_ls_with_envir_with_wildcard_postfix" time="0.00199999999995271"/>
    <testcase classname="ds.ls_smk" name="simple_ls_with_envir_with_wildcard_postfix" time="0.00199999999995271"/>
    <testcase classname="ds.ls_smk" name="simple_ls_with_envir_with_wildcard_postfix" time="0.00300000000015643"/>
    <testcase classname="ds.ls_smk" name="simple_ls_with_envir_with_wildcard_postfix" time="0.00199999999995271"/>
    <testcase classname="ds.ls_smk" name="simple_ls_with_envir_with_wildcard_postfix" time="0.00199999999995271"/>
    <testcase classname="ds.ls_smk" name="simple_ls_with_envir_with_wildcard_infix" time="0.291000000000167"/>
    <testcase classname="ds.ls_smk" name="simple_ls_with_envir_with_wildcard_infix" time="0.00199999999995271"/>
    <testcase classname="ds.ls_smk" name="simple_ls_with_envir_with_wildcard_infix" time="0.000999999999748979"/>
    <testcase classname="ds.ls_smk" name="simple_ls_with_envir_with_wildcard_infix" time="0.00199999999995271"/>
    <testcase classname="ds.ls_smk" name="simple_ls_with_envir_with_wildcard_infix" time="0.00199999999995271"/>
    <testcase classname="ds.ls_smk" name="simple_ls_with_envir_with_wildcard_infix" time="0.00200000000040745"/>
    <testcase classname="ds.ls_smk" name="simple_ls_with_envir_with_wildcard_infix" time="0.00199999999995271"/>
    <testcase classname="ds.ls_smk" name="simple_ls_with_envir_with_wildcard_infix" time="0.000999999999748979"/>
    <testcase classname="ds.ls_smk" name="simple_ls_with_envir_with_wildcard_infix" time="0.00199999999995271"/>
    <testcase classname="ds.ls_smk" name="simple_ls_with_envir_with_wildcard_infix" time="0.00199999999995271"/>
    <testcase classname="ds.ls_smk" name="simple_ls_with_envir_with_wildcard_prefix" time="0.278000000000247"/>
    <testcase classname="ds.ls_smk" name="simple_ls_with_envir_with_wildcard_prefix" time="0.00300000000015643"/>
    <testcase classname="ds.ls_smk" name="simple_ls_with_envir_with_wildcard_prefix" time="0.00199999999995271"/>
    <testcase classname="ds.ls_smk" name="simple_ls_with_envir_with_wildcard_prefix" time="0.000999999999748979"/>
    <testcase classname="ds.ls_smk" name="simple_ls_with_envir_with_wildcard_prefix" time="0.00300000000015643"/>
    <testcase classname="ds.ls_smk" name="simple_ls_with_envir_with_wildcard_prefix" time="0.00199999999995271"/>
    <testcase classname="ds.ls_smk" name="simple_ls_with_envir_with_wildcard_prefix" time="0.00199999999995271"/>
    <testcase classname="ds.ls_smk" name="simple_ls_with_envir_with_wildcard_prefix" time="0.00100000000020373"/>
    <testcase classname="ds.ls_smk" name="simple_ls_with_envir_with_wildcard_prefix" time="0.00199999999995271"/>
    <testcase classname="ds.ls_smk" name="simple_ls_with_envir_with_wildcard_prefix" time="0.00199999999995271"/>
  </testsuite>
  <testsuite errors="0" failures="0" hostname="fv-az14" name="ds.ls::smk::shutdown" skipped="0" tests="3" time="0.291" timestamp="2020-10-27T20:57:51Z">
    <testcase classname="ds.ls_smk_shutdown" name="shutdown" time="0.289000000000215"/>
    <testcase classname="ds.ls_smk_shutdown" name="shutdown" time="0.000999999999748979"/>
    <testcase classname="ds.ls_smk_shutdown" name="shutdown" time="0.00100000000020373"/>
  </testsuite>
  <testsuite errors="0" failures="0" hostname="fv-az14" name="ds.ls::smk::done" skipped="0" tests="0" time="0" timestamp="2020-10-27T20:57:52Z"/>
  <testsuite errors="0" failures="0" hostname="fv-az14" name="ds.make::smk::setup" skipped="0" tests="3" time="5.658" timestamp="2020-10-27T20:57:52Z">
    <testcase classname="ds.make_smk_setup" name="setup" time="5.65599999999995"/>
    <testcase classname="ds.make_smk_setup" name="setup" time="0.00100000000020373"/>
    <testcase classname="ds.make_smk_setup" name="setup" time="0.000999999999748979"/>
  </testsuite>
  <testsuite errors="0" failures="0" hostname="fv-az14" name="ds.make::smk" skipped="0" tests="3" time="0.835" timestamp="2020-10-27T20:57:57Z">
    <testcase classname="ds.make_smk" name="simple_make" time="0.832000000000335"/>
    <testcase classname="ds.make_smk" name="simple_make" time="0.00199999999995271"/>
    <testcase classname="ds.make_smk" name="simple_make" time="0.000999999999748979"/>
  </testsuite>
  <testsuite errors="0" failures="0" hostname="fv-az14" name="ds.make::smk::shutdown" skipped="0" tests="3" time="0.288" timestamp="2020-10-27T20:57:58Z">
    <testcase classname="ds.make_smk_shutdown" name="shutdown" time="0.284999999999854"/>
    <testcase classname="ds.make_smk_shutdown" name="shutdown" time="0.00100000000020373"/>
    <testcase classname="ds.make_smk_shutdown" name="shutdown" time="0.00199999999995271"/>
  </testsuite>
  <testsuite errors="0" failures="0" hostname="fv-az14" name="ds.make::smk::done" skipped="0" tests="0" time="0" timestamp="2020-10-27T20:57:59Z"/>
  <testsuite errors="0" failures="0" hostname="fv-az14" name="ds.matrixDet::smk::setup" skipped="0" tests="3" time="5.54" timestamp="2020-10-27T20:57:59Z">
    <testcase classname="ds.matrixDet_smk_setup" name="setup" time="5.53700000000026"/>
    <testcase classname="ds.matrixDet_smk_setup" name="setup" time="0.00199999999995271"/>
    <testcase classname="ds.matrixDet_smk_setup" name="setup" time="0.000999999999748979"/>
  </testsuite>
  <testsuite errors="0" failures="0" hostname="fv-az14" name="ds.matrixDet::smk" skipped="0" tests="7" time="2.342" timestamp="2020-10-27T20:58:04Z">
    <testcase classname="ds.matrixDet_smk" name="simplest_ds.matrixDet" time="1.79700000000003"/>
    <testcase classname="ds.matrixDet_smk" name="simplest_ds.matrixDet" time="0.00199999999995271"/>
    <testcase classname="ds.matrixDet_smk" name="simplest_ds.matrixDet" time="0.00100000000020373"/>
    <testcase classname="ds.matrixDet_smk" name="simplest_ds.matrixDet" time="0.538000000000011"/>
    <testcase classname="ds.matrixDet_smk" name="simplest_ds.matrixDet" time="0.000999999999748979"/>
    <testcase classname="ds.matrixDet_smk" name="simplest_ds.matrixDet" time="0.00199999999995271"/>
    <testcase classname="ds.matrixDet_smk" name="simplest_ds.matrixDet" time="0.00100000000020373"/>
  </testsuite>
  <testsuite errors="0" failures="0" hostname="fv-az14" name="ds.matrixDet::smk::shutdown" skipped="0" tests="3" time="0.288" timestamp="2020-10-27T20:58:06Z">
    <testcase classname="ds.matrixDet_smk_shutdown" name="shutdown" time="0.284999999999854"/>
    <testcase classname="ds.matrixDet_smk_shutdown" name="shutdown" time="0.00199999999995271"/>
    <testcase classname="ds.matrixDet_smk_shutdown" name="shutdown" time="0.00100000000020373"/>
  </testsuite>
  <testsuite errors="0" failures="0" hostname="fv-az14" name="ds.matrixDet::smk::done" skipped="0" tests="0" time="0" timestamp="2020-10-27T20:58:07Z"/>
  <testsuite errors="0" failures="0" hostname="fv-az14" name="ds.matrixDet.report::smk::setup" skipped="0" tests="3" time="5.477" timestamp="2020-10-27T20:58:07Z">
    <testcase classname="ds.matrixDet.report_smk_setup" name="setup" time="5.47400000000016"/>
    <testcase classname="ds.matrixDet.report_smk_setup" name="setup" time="0.000999999999748979"/>
    <testcase classname="ds.matrixDet.report_smk_setup" name="setup" time="0.00199999999995271"/>
  </testsuite>
  <testsuite errors="0" failures="0" hostname="fv-az14" name="ds.matrixDet.report::smk" skipped="0" tests="14" time="1.124" timestamp="2020-10-27T20:58:12Z">
    <testcase classname="ds.matrixDet.report_smk" name="simplest_ds.matrixDet.report" time="1.10500000000002"/>
    <testcase classname="ds.matrixDet.report_smk" name="simplest_ds.matrixDet.report" time="0.00199999999995271"/>
    <testcase classname="ds.matrixDet.report_smk" name="simplest_ds.matrixDet.report" time="0.00100000000020373"/>
    <testcase classname="ds.matrixDet.report_smk" name="simplest_ds.matrixDet.report" time="0.000999999999748979"/>
    <testcase classname="ds.matrixDet.report_smk" name="simplest_ds.matrixDet.report" time="0.00100000000020373"/>
    <testcase classname="ds.matrixDet.report_smk" name="simplest_ds.matrixDet.report" time="0.00199999999995271"/>
    <testcase classname="ds.matrixDet.report_smk" name="simplest_ds.matrixDet.report" time="0.000999999999748979"/>
    <testcase classname="ds.matrixDet.report_smk" name="simplest_ds.matrixDet.report" time="0.00100000000020373"/>
    <testcase classname="ds.matrixDet.report_smk" name="simplest_ds.matrixDet.report" time="0.00100000000020373"/>
    <testcase classname="ds.matrixDet.report_smk" name="simplest_ds.matrixDet.report" time="0.00199999999995271"/>
    <testcase classname="ds.matrixDet.report_smk" name="simplest_ds.matrixDet.report" time="0.00100000000020373"/>
    <testcase classname="ds.matrixDet.report_smk" name="simplest_ds.matrixDet.report" time="0.00199999999995271"/>
    <testcase classname="ds.matrixDet.report_smk" name="simplest_ds.matrixDet.report" time="0.00199999999995271"/>
    <testcase classname="ds.matrixDet.report_smk" name="simplest_ds.matrixDet.report" time="0.00199999999995271"/>
  </testsuite>
  <testsuite errors="0" failures="0" hostname="fv-az14" name="ds.matrixDet.report::smk::shutdown" skipped="0" tests="3" time="0.289" timestamp="2020-10-27T20:58:13Z">
    <testcase classname="ds.matrixDet.report_smk_shutdown" name="shutdown" time="0.286000000000058"/>
    <testcase classname="ds.matrixDet.report_smk_shutdown" name="shutdown" time="0.00199999999995271"/>
    <testcase classname="ds.matrixDet.report_smk_shutdown" name="shutdown" time="0.000999999999748979"/>
  </testsuite>
  <testsuite errors="0" failures="0" hostname="fv-az14" name="ds.matrixDet.report::smk::done" skipped="0" tests="0" time="0" timestamp="2020-10-27T20:58:14Z"/>
  <testsuite errors="0" failures="0" hostname="fv-az14" name="ds.matrixDiag::smk::setup" skipped="0" tests="3" time="5.455" timestamp="2020-10-27T20:58:14Z">
    <testcase classname="ds.matrixDiag_smk_setup" name="setup" time="5.45200000000023"/>
    <testcase classname="ds.matrixDiag_smk_setup" name="setup" time="0.000999999999748979"/>
    <testcase classname="ds.matrixDiag_smk_setup" name="setup" time="0.00200000000040745"/>
  </testsuite>
  <testsuite errors="0" failures="0" hostname="fv-az14" name="ds.matrixDiag::smk" skipped="0" tests="7" time="1.439" timestamp="2020-10-27T20:58:19Z">
    <testcase classname="ds.matrixDiag_smk" name="simplest_ds.matrixDiag" time="0.892999999999574"/>
    <testcase classname="ds.matrixDiag_smk" name="simplest_ds.matrixDiag" time="0.00200000000040745"/>
    <testcase classname="ds.matrixDiag_smk" name="simplest_ds.matrixDiag" time="0.000999999999748979"/>
    <testcase classname="ds.matrixDiag_smk" name="simplest_ds.matrixDiag" time="0.539000000000215"/>
    <testcase classname="ds.matrixDiag_smk" name="simplest_ds.matrixDiag" time="0.000999999999748979"/>
    <testcase classname="ds.matrixDiag_smk" name="simplest_ds.matrixDiag" time="0.00199999999995271"/>
    <testcase classname="ds.matrixDiag_smk" name="simplest_ds.matrixDiag" time="0.00100000000020373"/>
  </testsuite>
  <testsuite errors="0" failures="0" hostname="fv-az14" name="ds.matrixDiag::smk" skipped="0" tests="7" time="1.371" timestamp="2020-10-27T20:58:20Z">
    <testcase classname="ds.matrixDiag_smk" name="simplest_ds.matrixDiag" time="0.820999999999913"/>
    <testcase classname="ds.matrixDiag_smk" name="simplest_ds.matrixDiag" time="0.00100000000020373"/>
    <testcase classname="ds.matrixDiag_smk" name="simplest_ds.matrixDiag" time="0.000999999999748979"/>
    <testcase classname="ds.matrixDiag_smk" name="simplest_ds.matrixDiag" time="0.543999999999869"/>
    <testcase classname="ds.matrixDiag_smk" name="simplest_ds.matrixDiag" time="0.00100000000020373"/>
    <testcase classname="ds.matrixDiag_smk" name="simplest_ds.matrixDiag" time="0.00199999999995271"/>
    <testcase classname="ds.matrixDiag_smk" name="simplest_ds.matrixDiag" time="0.00100000000020373"/>
  </testsuite>
  <testsuite errors="0" failures="0" hostname="fv-az14" name="ds.matrixDiag::smk::shutdown" skipped="0" tests="3" time="0.294" timestamp="2020-10-27T20:58:21Z">
    <testcase classname="ds.matrixDiag_smk_shutdown" name="shutdown" time="0.290999999999713"/>
    <testcase classname="ds.matrixDiag_smk_shutdown" name="shutdown" time="0.00199999999995271"/>
    <testcase classname="ds.matrixDiag_smk_shutdown" name="shutdown" time="0.00100000000020373"/>
  </testsuite>
  <testsuite errors="0" failures="0" hostname="fv-az14" name="ds.matrixDiag::smk::done" skipped="0" tests="0" time="0" timestamp="2020-10-27T20:58:22Z"/>
  <testsuite errors="0" failures="0" hostname="fv-az14" name="ds.matrixDimnames::smk::setup" skipped="0" tests="3" time="5.569" timestamp="2020-10-27T20:58:22Z">
    <testcase classname="ds.matrixDimnames_smk_setup" name="setup" time="5.56700000000001"/>
    <testcase classname="ds.matrixDimnames_smk_setup" name="setup" time="0.000999999999748979"/>
    <testcase classname="ds.matrixDimnames_smk_setup" name="setup" time="0.00100000000020373"/>
  </testsuite>
  <testsuite errors="0" failures="0" hostname="fv-az14" name="ds.matrixDimnames::smk" skipped="0" tests="7" time="2.225" timestamp="2020-10-27T20:58:27Z">
    <testcase classname="ds.matrixDimnames_smk" name="simplest_ds.matrixDimnames" time="1.67500000000018"/>
    <testcase classname="ds.matrixDimnames_smk" name="simplest_ds.matrixDimnames" time="0.00199999999995271"/>
    <testcase classname="ds.matrixDimnames_smk" name="simplest_ds.matrixDimnames" time="0.000999999999748979"/>
    <testcase classname="ds.matrixDimnames_smk" name="simplest_ds.matrixDimnames" time="0.541999999999916"/>
    <testcase classname="ds.matrixDimnames_smk" name="simplest_ds.matrixDimnames" time="0.00200000000040745"/>
    <testcase classname="ds.matrixDimnames_smk" name="simplest_ds.matrixDimnames" time="0.00199999999995271"/>
    <testcase classname="ds.matrixDimnames_smk" name="simplest_ds.matrixDimnames" time="0.000999999999748979"/>
  </testsuite>
  <testsuite errors="0" failures="0" hostname="fv-az14" name="ds.matrixDimnames::smk::shutdown" skipped="0" tests="3" time="0.285" timestamp="2020-10-27T20:58:30Z">
    <testcase classname="ds.matrixDimnames_smk_shutdown" name="shutdown" time="0.282000000000153"/>
    <testcase classname="ds.matrixDimnames_smk_shutdown" name="shutdown" time="0.00199999999995271"/>
    <testcase classname="ds.matrixDimnames_smk_shutdown" name="shutdown" time="0.00100000000020373"/>
  </testsuite>
  <testsuite errors="0" failures="0" hostname="fv-az14" name="ds.matrixDimnames::smk::done" skipped="0" tests="0" time="0" timestamp="2020-10-27T20:58:31Z"/>
  <testsuite errors="0" failures="0" hostname="fv-az14" name="ds.matrixInvert::smk::setup" skipped="0" tests="3" time="5.486" timestamp="2020-10-27T20:58:31Z">
    <testcase classname="ds.matrixInvert_smk_setup" name="setup" time="5.48399999999992"/>
    <testcase classname="ds.matrixInvert_smk_setup" name="setup" time="0.000999999999748979"/>
    <testcase classname="ds.matrixInvert_smk_setup" name="setup" time="0.00100000000020373"/>
  </testsuite>
  <testsuite errors="0" failures="0" hostname="fv-az14" name="ds.matrixInvert::smk" skipped="0" tests="7" time="2.23" timestamp="2020-10-27T20:58:35Z">
    <testcase classname="ds.matrixInvert_smk" name="simplest_ds.matrixInvert" time="1.67999999999984"/>
    <testcase classname="ds.matrixInvert_smk" name="simplest_ds.matrixInvert" time="0.00100000000020373"/>
    <testcase classname="ds.matrixInvert_smk" name="simplest_ds.matrixInvert" time="0.00199999999995271"/>
    <testcase classname="ds.matrixInvert_smk" name="simplest_ds.matrixInvert" time="0.54300000000012"/>
    <testcase classname="ds.matrixInvert_smk" name="simplest_ds.matrixInvert" time="0.00199999999995271"/>
    <testcase classname="ds.matrixInvert_smk" name="simplest_ds.matrixInvert" time="0.000999999999748979"/>
    <testcase classname="ds.matrixInvert_smk" name="simplest_ds.matrixInvert" time="0.00100000000020373"/>
  </testsuite>
  <testsuite errors="0" failures="0" hostname="fv-az14" name="ds.matrixInvert::smk::shutdown" skipped="0" tests="3" time="0.277" timestamp="2020-10-27T20:58:38Z">
    <testcase classname="ds.matrixInvert_smk_shutdown" name="shutdown" time="0.273999999999887"/>
    <testcase classname="ds.matrixInvert_smk_shutdown" name="shutdown" time="0.00100000000020373"/>
    <testcase classname="ds.matrixInvert_smk_shutdown" name="shutdown" time="0.00199999999995271"/>
  </testsuite>
  <testsuite errors="0" failures="0" hostname="fv-az14" name="ds.matrixInvert::smk::done" skipped="0" tests="0" time="0" timestamp="2020-10-27T20:58:39Z"/>
  <testsuite errors="0" failures="0" hostname="fv-az14" name="ds.matrixMult::smk::setup" skipped="0" tests="3" time="5.483" timestamp="2020-10-27T20:58:39Z">
    <testcase classname="ds.matrixMult_smk_setup" name="setup" time="5.48000000000002"/>
    <testcase classname="ds.matrixMult_smk_setup" name="setup" time="0.00199999999995271"/>
    <testcase classname="ds.matrixMult_smk_setup" name="setup" time="0.000999999999748979"/>
  </testsuite>
  <testsuite errors="0" failures="0" hostname="fv-az14" name="ds.matrixMult::smk" skipped="0" tests="7" time="3.021" timestamp="2020-10-27T20:58:43Z">
    <testcase classname="ds.matrixMult_smk" name="simplest_ds.matrixMult" time="2.48100000000022"/>
    <testcase classname="ds.matrixMult_smk" name="simplest_ds.matrixMult" time="0.000999999999748979"/>
    <testcase classname="ds.matrixMult_smk" name="simplest_ds.matrixMult" time="0.00100000000020373"/>
    <testcase classname="ds.matrixMult_smk" name="simplest_ds.matrixMult" time="0.534000000000106"/>
    <testcase classname="ds.matrixMult_smk" name="simplest_ds.matrixMult" time="0.00199999999995271"/>
    <testcase classname="ds.matrixMult_smk" name="simplest_ds.matrixMult" time="0.000999999999748979"/>
    <testcase classname="ds.matrixMult_smk" name="simplest_ds.matrixMult" time="0.00100000000020373"/>
  </testsuite>
  <testsuite errors="0" failures="0" hostname="fv-az14" name="ds.matrixMult::smk::shutdown" skipped="0" tests="3" time="0.29" timestamp="2020-10-27T20:58:46Z">
    <testcase classname="ds.matrixMult_smk_shutdown" name="shutdown" time="0.288000000000011"/>
    <testcase classname="ds.matrixMult_smk_shutdown" name="shutdown" time="0.000999999999748979"/>
    <testcase classname="ds.matrixMult_smk_shutdown" name="shutdown" time="0.00100000000020373"/>
  </testsuite>
  <testsuite errors="0" failures="0" hostname="fv-az14" name="ds.matrixMult::smk::done" skipped="0" tests="0" time="0" timestamp="2020-10-27T20:58:47Z"/>
  <testsuite errors="0" failures="0" hostname="fv-az14" name="ds.matrix::smk::setup" skipped="0" tests="3" time="5.466" timestamp="2020-10-27T20:58:47Z">
    <testcase classname="ds.matrix_smk_setup" name="setup" time="5.46300000000019"/>
    <testcase classname="ds.matrix_smk_setup" name="setup" time="0.000999999999748979"/>
    <testcase classname="ds.matrix_smk_setup" name="setup" time="0.00199999999995271"/>
  </testsuite>
  <testsuite errors="0" failures="0" hostname="fv-az14" name="ds.matrix::smk" skipped="0" tests="7" time="1.375" timestamp="2020-10-27T20:58:52Z">
    <testcase classname="ds.matrix_smk" name="simplest_ds.matrix" time="0.822000000000116"/>
    <testcase classname="ds.matrix_smk" name="simplest_ds.matrix" time="0.000999999999748979"/>
    <testcase classname="ds.matrix_smk" name="simplest_ds.matrix" time="0.00100000000020373"/>
    <testcase classname="ds.matrix_smk" name="simplest_ds.matrix" time="0.547000000000025"/>
    <testcase classname="ds.matrix_smk" name="simplest_ds.matrix" time="0.00100000000020373"/>
    <testcase classname="ds.matrix_smk" name="simplest_ds.matrix" time="0.000999999999748979"/>
    <testcase classname="ds.matrix_smk" name="simplest_ds.matrix" time="0.00199999999995271"/>
  </testsuite>
  <testsuite errors="0" failures="0" hostname="fv-az14" name="ds.matrix::smk::shutdown" skipped="0" tests="3" time="0.289" timestamp="2020-10-27T20:58:53Z">
    <testcase classname="ds.matrix_smk_shutdown" name="shutdown" time="0.287000000000262"/>
    <testcase classname="ds.matrix_smk_shutdown" name="shutdown" time="0.000999999999748979"/>
    <testcase classname="ds.matrix_smk_shutdown" name="shutdown" time="0.00100000000020373"/>
  </testsuite>
  <testsuite errors="0" failures="0" hostname="fv-az14" name="ds.matrix::smk::done" skipped="0" tests="0" time="0" timestamp="2020-10-27T20:58:54Z"/>
  <testsuite errors="0" failures="0" hostname="fv-az14" name="ds.matrixTranspose::smk::setup" skipped="0" tests="3" time="5.456" timestamp="2020-10-27T20:58:54Z">
    <testcase classname="ds.matrixTranspose_smk_setup" name="setup" time="5.45399999999972"/>
    <testcase classname="ds.matrixTranspose_smk_setup" name="setup" time="0.00100000000020373"/>
    <testcase classname="ds.matrixTranspose_smk_setup" name="setup" time="0.000999999999748979"/>
  </testsuite>
  <testsuite errors="0" failures="0" hostname="fv-az14" name="ds.matrixTranspose::smk" skipped="0" tests="7" time="2.233" timestamp="2020-10-27T20:58:59Z">
    <testcase classname="ds.matrixTranspose_smk" name="simplest_ds.matrixTranspose" time="1.6850000000004"/>
    <testcase classname="ds.matrixTranspose_smk" name="simplest_ds.matrixTranspose" time="0.000999999999748979"/>
    <testcase classname="ds.matrixTranspose_smk" name="simplest_ds.matrixTranspose" time="0.00199999999995271"/>
    <testcase classname="ds.matrixTranspose_smk" name="simplest_ds.matrixTranspose" time="0.541999999999916"/>
    <testcase classname="ds.matrixTranspose_smk" name="simplest_ds.matrixTranspose" time="0.00100000000020373"/>
    <testcase classname="ds.matrixTranspose_smk" name="simplest_ds.matrixTranspose" time="0.00100000000020373"/>
    <testcase classname="ds.matrixTranspose_smk" name="simplest_ds.matrixTranspose" time="0.000999999999748979"/>
  </testsuite>
  <testsuite errors="0" failures="0" hostname="fv-az14" name="ds.matrixTranspose::smk::shutdown" skipped="0" tests="3" time="0.284" timestamp="2020-10-27T20:59:01Z">
    <testcase classname="ds.matrixTranspose_smk_shutdown" name="shutdown" time="0.2800000000002"/>
    <testcase classname="ds.matrixTranspose_smk_shutdown" name="shutdown" time="0.00199999999995271"/>
    <testcase classname="ds.matrixTranspose_smk_shutdown" name="shutdown" time="0.00199999999995271"/>
  </testsuite>
  <testsuite errors="0" failures="0" hostname="fv-az14" name="ds.matrixTranspose::smk::done" skipped="0" tests="0" time="0" timestamp="2020-10-27T20:59:02Z"/>
  <testsuite errors="0" failures="0" hostname="fv-az14" name="ds.meanByClass::smk::setup" skipped="0" tests="3" time="5.504" timestamp="2020-10-27T20:59:02Z">
    <testcase classname="ds.meanByClass_smk_setup" name="setup" time="5.50099999999975"/>
    <testcase classname="ds.meanByClass_smk_setup" name="setup" time="0.00100000000020373"/>
    <testcase classname="ds.meanByClass_smk_setup" name="setup" time="0.00199999999995271"/>
  </testsuite>
  <testsuite errors="0" failures="0" hostname="fv-az14" name="ds.meanByClass::smk::LAB_TSC across PM_BMI_CATEGORICAL categories where both vectors are 'loose'" skipped="0" tests="7" time="9.683" timestamp="2020-10-27T20:59:07Z">
    <testcase classname="ds.meanByClass_smk_LAB_TSC_across_PM_BMI_CATEGORICAL_categories_where_both_vectors_are_loose_" name="LAB_TSC_across_" time="9.67500000000018"/>
    <testcase classname="ds.meanByClass_smk_LAB_TSC_across_PM_BMI_CATEGORICAL_categories_where_both_vectors_are_loose_" name="LAB_TSC_across_" time="0.000999999999748979"/>
    <testcase classname="ds.meanByClass_smk_LAB_TSC_across_PM_BMI_CATEGORICAL_categories_where_both_vectors_are_loose_" name="LAB_TSC_across_" time="0.00100000000020373"/>
    <testcase classname="ds.meanByClass_smk_LAB_TSC_across_PM_BMI_CATEGORICAL_categories_where_both_vectors_are_loose_" name="LAB_TSC_across_" time="0.00199999999995271"/>
    <testcase classname="ds.meanByClass_smk_LAB_TSC_across_PM_BMI_CATEGORICAL_categories_where_both_vectors_are_loose_" name="LAB_TSC_across_" time="0.000999999999748979"/>
    <testcase classname="ds.meanByClass_smk_LAB_TSC_across_PM_BMI_CATEGORICAL_categories_where_both_vectors_are_loose_" name="LAB_TSC_across_" time="0.00100000000020373"/>
    <testcase classname="ds.meanByClass_smk_LAB_TSC_across_PM_BMI_CATEGORICAL_categories_where_both_vectors_are_loose_" name="LAB_TSC_across_" time="0.00199999999995271"/>
  </testsuite>
  <testsuite errors="0" failures="0" hostname="fv-az14" name="ds.meanByClass::smk::calculate the mean proportion for LAB_HDL across PM_BMI_CATEGORICAL categories" skipped="0" tests="7" time="7.417" timestamp="2020-10-27T20:59:17Z">
    <testcase classname="ds.meanByClass_smk_calculate_the_mean_proportion_for_LAB_HDL_across_PM_BMI_CATEGORICAL_categories" name="LAB_HDL_across_PM_BMI_CATEGORICAL" time="7.4079999999999"/>
    <testcase classname="ds.meanByClass_smk_calculate_the_mean_proportion_for_LAB_HDL_across_PM_BMI_CATEGORICAL_categories" name="LAB_HDL_across_PM_BMI_CATEGORICAL" time="0.00100000000020373"/>
    <testcase classname="ds.meanByClass_smk_calculate_the_mean_proportion_for_LAB_HDL_across_PM_BMI_CATEGORICAL_categories" name="LAB_HDL_across_PM_BMI_CATEGORICAL" time="0.00199999999995271"/>
    <testcase classname="ds.meanByClass_smk_calculate_the_mean_proportion_for_LAB_HDL_across_PM_BMI_CATEGORICAL_categories" name="LAB_HDL_across_PM_BMI_CATEGORICAL" time="0.000999999999748979"/>
    <testcase classname="ds.meanByClass_smk_calculate_the_mean_proportion_for_LAB_HDL_across_PM_BMI_CATEGORICAL_categories" name="LAB_HDL_across_PM_BMI_CATEGORICAL" time="0.00200000000040745"/>
    <testcase classname="ds.meanByClass_smk_calculate_the_mean_proportion_for_LAB_HDL_across_PM_BMI_CATEGORICAL_categories" name="LAB_HDL_across_PM_BMI_CATEGORICAL" time="0.00199999999995271"/>
    <testcase classname="ds.meanByClass_smk_calculate_the_mean_proportion_for_LAB_HDL_across_PM_BMI_CATEGORICAL_categories" name="LAB_HDL_across_PM_BMI_CATEGORICAL" time="0.000999999999748979"/>
  </testsuite>
  <testsuite errors="0" failures="0" hostname="fv-az14" name="ds.meanByClass::smk::calculate the mean proportion for LAB_HDL &amp; LAB_TSC across bmi categories" skipped="0" tests="13" time="9.692" timestamp="2020-10-27T20:59:24Z">
    <testcase classname="ds.meanByClass_smk_calculate_the_mean_proportion_for_LAB_HDL_LAB_TSC_across_bmi_categories" name="LAB_HDL_LAB_TSC_across_PM_BMI_CATEGORICAL" time="9.67500000000018"/>
    <testcase classname="ds.meanByClass_smk_calculate_the_mean_proportion_for_LAB_HDL_LAB_TSC_across_bmi_categories" name="LAB_HDL_LAB_TSC_across_PM_BMI_CATEGORICAL" time="0.00199999999995271"/>
    <testcase classname="ds.meanByClass_smk_calculate_the_mean_proportion_for_LAB_HDL_LAB_TSC_across_bmi_categories" name="LAB_HDL_LAB_TSC_across_PM_BMI_CATEGORICAL" time="0.000999999999748979"/>
    <testcase classname="ds.meanByClass_smk_calculate_the_mean_proportion_for_LAB_HDL_LAB_TSC_across_bmi_categories" name="LAB_HDL_LAB_TSC_across_PM_BMI_CATEGORICAL" time="0.00200000000040745"/>
    <testcase classname="ds.meanByClass_smk_calculate_the_mean_proportion_for_LAB_HDL_LAB_TSC_across_bmi_categories" name="LAB_HDL_LAB_TSC_across_PM_BMI_CATEGORICAL" time="0.000999999999748979"/>
    <testcase classname="ds.meanByClass_smk_calculate_the_mean_proportion_for_LAB_HDL_LAB_TSC_across_bmi_categories" name="LAB_HDL_LAB_TSC_across_PM_BMI_CATEGORICAL" time="0.00100000000020373"/>
    <testcase classname="ds.meanByClass_smk_calculate_the_mean_proportion_for_LAB_HDL_LAB_TSC_across_bmi_categories" name="LAB_HDL_LAB_TSC_across_PM_BMI_CATEGORICAL" time="0.00199999999995271"/>
    <testcase classname="ds.meanByClass_smk_calculate_the_mean_proportion_for_LAB_HDL_LAB_TSC_across_bmi_categories" name="LAB_HDL_LAB_TSC_across_PM_BMI_CATEGORICAL" time="0.000999999999748979"/>
    <testcase classname="ds.meanByClass_smk_calculate_the_mean_proportion_for_LAB_HDL_LAB_TSC_across_bmi_categories" name="LAB_HDL_LAB_TSC_across_PM_BMI_CATEGORICAL" time="0.00100000000020373"/>
    <testcase classname="ds.meanByClass_smk_calculate_the_mean_proportion_for_LAB_HDL_LAB_TSC_across_bmi_categories" name="LAB_HDL_LAB_TSC_across_PM_BMI_CATEGORICAL" time="0.00199999999995271"/>
    <testcase classname="ds.meanByClass_smk_calculate_the_mean_proportion_for_LAB_HDL_LAB_TSC_across_bmi_categories" name="LAB_HDL_LAB_TSC_across_PM_BMI_CATEGORICAL" time="0.00100000000020373"/>
    <testcase classname="ds.meanByClass_smk_calculate_the_mean_proportion_for_LAB_HDL_LAB_TSC_across_bmi_categories" name="LAB_HDL_LAB_TSC_across_PM_BMI_CATEGORICAL" time="0.00199999999995271"/>
    <testcase classname="ds.meanByClass_smk_calculate_the_mean_proportion_for_LAB_HDL_LAB_TSC_across_bmi_categories" name="LAB_HDL_LAB_TSC_across_PM_BMI_CATEGORICAL" time="0.000999999999748979"/>
  </testsuite>
  <testsuite errors="0" failures="0" hostname="fv-az14" name="ds.meanByClass::smk::calculate the mean proportion for LAB_HDL across PM_BMI_CATEGORICAL categories, split" skipped="0" tests="22" time="11.26" timestamp="2020-10-27T20:59:34Z">
    <testcase classname="ds.meanByClass_smk_calculate_the_mean_proportion_for_LAB_HDL_across_PM_BMI_CATEGORICAL_categories_split" name="LAB_HDL_across_PM_BMI_CATEGORICAL" time="11.2290000000003"/>
    <testcase classname="ds.meanByClass_smk_calculate_the_mean_proportion_for_LAB_HDL_across_PM_BMI_CATEGORICAL_categories_split" name="LAB_HDL_across_PM_BMI_CATEGORICAL" time="0.00199999999995271"/>
    <testcase classname="ds.meanByClass_smk_calculate_the_mean_proportion_for_LAB_HDL_across_PM_BMI_CATEGORICAL_categories_split" name="LAB_HDL_across_PM_BMI_CATEGORICAL" time="0.000999999999748979"/>
    <testcase classname="ds.meanByClass_smk_calculate_the_mean_proportion_for_LAB_HDL_across_PM_BMI_CATEGORICAL_categories_split" name="LAB_HDL_across_PM_BMI_CATEGORICAL" time="0.00199999999995271"/>
    <testcase classname="ds.meanByClass_smk_calculate_the_mean_proportion_for_LAB_HDL_across_PM_BMI_CATEGORICAL_categories_split" name="LAB_HDL_across_PM_BMI_CATEGORICAL" time="0.00100000000020373"/>
    <testcase classname="ds.meanByClass_smk_calculate_the_mean_proportion_for_LAB_HDL_across_PM_BMI_CATEGORICAL_categories_split" name="LAB_HDL_across_PM_BMI_CATEGORICAL" time="0.00199999999995271"/>
    <testcase classname="ds.meanByClass_smk_calculate_the_mean_proportion_for_LAB_HDL_across_PM_BMI_CATEGORICAL_categories_split" name="LAB_HDL_across_PM_BMI_CATEGORICAL" time="0.00100000000020373"/>
    <testcase classname="ds.meanByClass_smk_calculate_the_mean_proportion_for_LAB_HDL_across_PM_BMI_CATEGORICAL_categories_split" name="LAB_HDL_across_PM_BMI_CATEGORICAL" time="0.000999999999748979"/>
    <testcase classname="ds.meanByClass_smk_calculate_the_mean_proportion_for_LAB_HDL_across_PM_BMI_CATEGORICAL_categories_split" name="LAB_HDL_across_PM_BMI_CATEGORICAL" time="0.00199999999995271"/>
    <testcase classname="ds.meanByClass_smk_calculate_the_mean_proportion_for_LAB_HDL_across_PM_BMI_CATEGORICAL_categories_split" name="LAB_HDL_across_PM_BMI_CATEGORICAL" time="0.00100000000020373"/>
    <testcase classname="ds.meanByClass_smk_calculate_the_mean_proportion_for_LAB_HDL_across_PM_BMI_CATEGORICAL_categories_split" name="LAB_HDL_across_PM_BMI_CATEGORICAL" time="0.00199999999995271"/>
    <testcase classname="ds.meanByClass_smk_calculate_the_mean_proportion_for_LAB_HDL_across_PM_BMI_CATEGORICAL_categories_split" name="LAB_HDL_across_PM_BMI_CATEGORICAL" time="0.00199999999995271"/>
    <testcase classname="ds.meanByClass_smk_calculate_the_mean_proportion_for_LAB_HDL_across_PM_BMI_CATEGORICAL_categories_split" name="LAB_HDL_across_PM_BMI_CATEGORICAL" time="0.00100000000020373"/>
    <testcase classname="ds.meanByClass_smk_calculate_the_mean_proportion_for_LAB_HDL_across_PM_BMI_CATEGORICAL_categories_split" name="LAB_HDL_across_PM_BMI_CATEGORICAL" time="0.00199999999995271"/>
    <testcase classname="ds.meanByClass_smk_calculate_the_mean_proportion_for_LAB_HDL_across_PM_BMI_CATEGORICAL_categories_split" name="LAB_HDL_across_PM_BMI_CATEGORICAL" time="0.000999999999748979"/>
    <testcase classname="ds.meanByClass_smk_calculate_the_mean_proportion_for_LAB_HDL_across_PM_BMI_CATEGORICAL_categories_split" name="LAB_HDL_across_PM_BMI_CATEGORICAL" time="0.00199999999995271"/>
    <testcase classname="ds.meanByClass_smk_calculate_the_mean_proportion_for_LAB_HDL_across_PM_BMI_CATEGORICAL_categories_split" name="LAB_HDL_across_PM_BMI_CATEGORICAL" time="0.00100000000020373"/>
    <testcase classname="ds.meanByClass_smk_calculate_the_mean_proportion_for_LAB_HDL_across_PM_BMI_CATEGORICAL_categories_split" name="LAB_HDL_across_PM_BMI_CATEGORICAL" time="0.00199999999995271"/>
    <testcase classname="ds.meanByClass_smk_calculate_the_mean_proportion_for_LAB_HDL_across_PM_BMI_CATEGORICAL_categories_split" name="LAB_HDL_across_PM_BMI_CATEGORICAL" time="0.00100000000020373"/>
    <testcase classname="ds.meanByClass_smk_calculate_the_mean_proportion_for_LAB_HDL_across_PM_BMI_CATEGORICAL_categories_split" name="LAB_HDL_across_PM_BMI_CATEGORICAL" time="0.00100000000020373"/>
    <testcase classname="ds.meanByClass_smk_calculate_the_mean_proportion_for_LAB_HDL_across_PM_BMI_CATEGORICAL_categories_split" name="LAB_HDL_across_PM_BMI_CATEGORICAL" time="0.00199999999995271"/>
    <testcase classname="ds.meanByClass_smk_calculate_the_mean_proportion_for_LAB_HDL_across_PM_BMI_CATEGORICAL_categories_split" name="LAB_HDL_across_PM_BMI_CATEGORICAL" time="0.000999999999748979"/>
  </testsuite>
  <testsuite errors="0" failures="0" hostname="fv-az14" name="ds.meanByClass::smk::shutdown" skipped="0" tests="3" time="0.293" timestamp="2020-10-27T20:59:45Z">
    <testcase classname="ds.meanByClass_smk_shutdown" name="shutdown" time="0.289999999999964"/>
    <testcase classname="ds.meanByClass_smk_shutdown" name="shutdown" time="0.00100000000020373"/>
    <testcase classname="ds.meanByClass_smk_shutdown" name="shutdown" time="0.00199999999995271"/>
  </testsuite>
  <testsuite errors="0" failures="0" hostname="fv-az14" name="ds.meanByClass::smk::done" skipped="0" tests="0" time="0" timestamp="2020-10-27T20:59:46Z"/>
  <testsuite errors="0" failures="0" hostname="fv-az14" name="ds.mean::smk::setup" skipped="0" tests="3" time="5.416" timestamp="2020-10-27T20:59:46Z">
    <testcase classname="ds.mean_smk_setup" name="setup" time="5.41300000000001"/>
    <testcase classname="ds.mean_smk_setup" name="setup" time="0.00199999999995271"/>
    <testcase classname="ds.mean_smk_setup" name="setup" time="0.00100000000020373"/>
  </testsuite>
  <testsuite errors="0" failures="0" hostname="fv-az14" name="ds.mean::smk::type=combine" skipped="0" tests="23" time="1.675" timestamp="2020-10-27T20:59:51Z">
    <testcase classname="ds.mean_smk_type_combine" name="mean_values_combine_" time="1.35699999999997"/>
    <testcase classname="ds.mean_smk_type_combine" name="mean_values_combine_" time="0.00199999999995271"/>
    <testcase classname="ds.mean_smk_type_combine" name="mean_values_combine_" time="0.000999999999748979"/>
    <testcase classname="ds.mean_smk_type_combine" name="mean_values_combine_" time="0.00199999999995271"/>
    <testcase classname="ds.mean_smk_type_combine" name="mean_values_combine_" time="0.00900000000001455"/>
    <testcase classname="ds.mean_smk_type_combine" name="mean_values_combine_" time="0.00200000000040745"/>
    <testcase classname="ds.mean_smk_type_combine" name="mean_values_combine_" time="0.000999999999748979"/>
    <testcase classname="ds.mean_smk_type_combine" name="mean_values_combine_" time="0.00199999999995271"/>
    <testcase classname="ds.mean_smk_type_combine" name="mean_values_combine_" time="0.00100000000020373"/>
    <testcase classname="ds.mean_smk_type_combine" name="mean_values_combine_" time="0.00199999999995271"/>
    <testcase classname="ds.mean_smk_type_combine" name="mean_values_combine_" time="0.000999999999748979"/>
    <testcase classname="ds.mean_smk_type_combine" name="mean_values_combine_" time="0.277000000000044"/>
    <testcase classname="ds.mean_smk_type_combine" name="mean_values_combine_" time="0.00199999999995271"/>
    <testcase classname="ds.mean_smk_type_combine" name="mean_values_combine_" time="0.00100000000020373"/>
    <testcase classname="ds.mean_smk_type_combine" name="mean_values_combine_" time="0.00300000000015643"/>
    <testcase classname="ds.mean_smk_type_combine" name="mean_values_combine_" time="0.000999999999748979"/>
    <testcase classname="ds.mean_smk_type_combine" name="mean_values_combine_" time="0.00199999999995271"/>
    <testcase classname="ds.mean_smk_type_combine" name="mean_values_combine_" time="0.00199999999995271"/>
    <testcase classname="ds.mean_smk_type_combine" name="mean_values_combine_" time="0.00100000000020373"/>
    <testcase classname="ds.mean_smk_type_combine" name="mean_values_combine_" time="0.00199999999995271"/>
    <testcase classname="ds.mean_smk_type_combine" name="mean_values_combine_" time="0.00100000000020373"/>
    <testcase classname="ds.mean_smk_type_combine" name="mean_values_combine_" time="0.00199999999995271"/>
    <testcase classname="ds.mean_smk_type_combine" name="mean_values_combine_" time="0.000999999999748979"/>
  </testsuite>
  <testsuite errors="0" failures="0" hostname="fv-az14" name="ds.mean::smk::type=split" skipped="0" tests="31" time="1.697" timestamp="2020-10-27T20:59:53Z">
    <testcase classname="ds.mean_smk_type_split" name="mean_values_split_" time="1.375"/>
    <testcase classname="ds.mean_smk_type_split" name="mean_values_split_" time="0.00100000000020373"/>
    <testcase classname="ds.mean_smk_type_split" name="mean_values_split_" time="0.00199999999995271"/>
    <testcase classname="ds.mean_smk_type_split" name="mean_values_split_" time="0.000999999999748979"/>
    <testcase classname="ds.mean_smk_type_split" name="mean_values_split_" time="0.00200000000040745"/>
    <testcase classname="ds.mean_smk_type_split" name="mean_values_split_" time="0.000999999999748979"/>
    <testcase classname="ds.mean_smk_type_split" name="mean_values_split_" time="0.00199999999995271"/>
    <testcase classname="ds.mean_smk_type_split" name="mean_values_split_" time="0.00100000000020373"/>
    <testcase classname="ds.mean_smk_type_split" name="mean_values_split_" time="0.00199999999995271"/>
    <testcase classname="ds.mean_smk_type_split" name="mean_values_split_" time="0.000999999999748979"/>
    <testcase classname="ds.mean_smk_type_split" name="mean_values_split_" time="0.00100000000020373"/>
    <testcase classname="ds.mean_smk_type_split" name="mean_values_split_" time="0.00199999999995271"/>
    <testcase classname="ds.mean_smk_type_split" name="mean_values_split_" time="0.00199999999995271"/>
    <testcase classname="ds.mean_smk_type_split" name="mean_values_split_" time="0.00199999999995271"/>
    <testcase classname="ds.mean_smk_type_split" name="mean_values_split_" time="0.00199999999995271"/>
    <testcase classname="ds.mean_smk_type_split" name="mean_values_split_" time="0.00200000000040745"/>
    <testcase classname="ds.mean_smk_type_split" name="mean_values_split_" time="0.000999999999748979"/>
    <testcase classname="ds.mean_smk_type_split" name="mean_values_split_" time="0.00199999999995271"/>
    <testcase classname="ds.mean_smk_type_split" name="mean_values_split_" time="0.00100000000020373"/>
    <testcase classname="ds.mean_smk_type_split" name="mean_values_split_" time="0.270999999999731"/>
    <testcase classname="ds.mean_smk_type_split" name="mean_values_split_" time="0.00199999999995271"/>
    <testcase classname="ds.mean_smk_type_split" name="mean_values_split_" time="0.00200000000040745"/>
    <testcase classname="ds.mean_smk_type_split" name="mean_values_split_" time="0.000999999999748979"/>
    <testcase classname="ds.mean_smk_type_split" name="mean_values_split_" time="0.00700000000006185"/>
    <testcase classname="ds.mean_smk_type_split" name="mean_values_split_" time="0.00199999999995271"/>
    <testcase classname="ds.mean_smk_type_split" name="mean_values_split_" time="0.00100000000020373"/>
    <testcase classname="ds.mean_smk_type_split" name="mean_values_split_" time="0.00199999999995271"/>
    <testcase classname="ds.mean_smk_type_split" name="mean_values_split_" time="0.000999999999748979"/>
    <testcase classname="ds.mean_smk_type_split" name="mean_values_split_" time="0.00199999999995271"/>
    <testcase classname="ds.mean_smk_type_split" name="mean_values_split_" time="0.00100000000020373"/>
    <testcase classname="ds.mean_smk_type_split" name="mean_values_split_" time="0.00199999999995271"/>
  </testsuite>
  <testsuite errors="0" failures="0" hostname="fv-az14" name="ds.mean::smk::type=both" skipped="0" tests="36" time="1.679" timestamp="2020-10-27T20:59:54Z">
    <testcase classname="ds.mean_smk_type_both" name="mean_values_both_" time="1.35600000000022"/>
    <testcase classname="ds.mean_smk_type_both" name="mean_values_both_" time="0.000999999999748979"/>
    <testcase classname="ds.mean_smk_type_both" name="mean_values_both_" time="0.00100000000020373"/>
    <testcase classname="ds.mean_smk_type_both" name="mean_values_both_" time="0.00199999999995271"/>
    <testcase classname="ds.mean_smk_type_both" name="mean_values_both_" time="0.000999999999748979"/>
    <testcase classname="ds.mean_smk_type_both" name="mean_values_both_" time="0.00100000000020373"/>
    <testcase classname="ds.mean_smk_type_both" name="mean_values_both_" time="0.00199999999995271"/>
    <testcase classname="ds.mean_smk_type_both" name="mean_values_both_" time="0.000999999999748979"/>
    <testcase classname="ds.mean_smk_type_both" name="mean_values_both_" time="0.00200000000040745"/>
    <testcase classname="ds.mean_smk_type_both" name="mean_values_both_" time="0.000999999999748979"/>
    <testcase classname="ds.mean_smk_type_both" name="mean_values_both_" time="0.00199999999995271"/>
    <testcase classname="ds.mean_smk_type_both" name="mean_values_both_" time="0.00199999999995271"/>
    <testcase classname="ds.mean_smk_type_both" name="mean_values_both_" time="0.00100000000020373"/>
    <testcase classname="ds.mean_smk_type_both" name="mean_values_both_" time="0.00199999999995271"/>
    <testcase classname="ds.mean_smk_type_both" name="mean_values_both_" time="0.00100000000020373"/>
    <testcase classname="ds.mean_smk_type_both" name="mean_values_both_" time="0.000999999999748979"/>
    <testcase classname="ds.mean_smk_type_both" name="mean_values_both_" time="0.00199999999995271"/>
    <testcase classname="ds.mean_smk_type_both" name="mean_values_both_" time="0.00199999999995271"/>
    <testcase classname="ds.mean_smk_type_both" name="mean_values_both_" time="0.00100000000020373"/>
    <testcase classname="ds.mean_smk_type_both" name="mean_values_both_" time="0.00199999999995271"/>
    <testcase classname="ds.mean_smk_type_both" name="mean_values_both_" time="0.00100000000020373"/>
    <testcase classname="ds.mean_smk_type_both" name="mean_values_both_" time="0.00199999999995271"/>
    <testcase classname="ds.mean_smk_type_both" name="mean_values_both_" time="0.00199999999995271"/>
    <testcase classname="ds.mean_smk_type_both" name="mean_values_both_" time="0.00199999999995271"/>
    <testcase classname="ds.mean_smk_type_both" name="mean_values_both_" time="0.269999999999982"/>
    <testcase classname="ds.mean_smk_type_both" name="mean_values_both_" time="0.00199999999995271"/>
    <testcase classname="ds.mean_smk_type_both" name="mean_values_both_" time="0.00100000000020373"/>
    <testcase classname="ds.mean_smk_type_both" name="mean_values_both_" time="0.00199999999995271"/>
    <testcase classname="ds.mean_smk_type_both" name="mean_values_both_" time="0.00199999999995271"/>
    <testcase classname="ds.mean_smk_type_both" name="mean_values_both_" time="0.000999999999748979"/>
    <testcase classname="ds.mean_smk_type_both" name="mean_values_both_" time="0.00199999999995271"/>
    <testcase classname="ds.mean_smk_type_both" name="mean_values_both_" time="0.00200000000040745"/>
    <testcase classname="ds.mean_smk_type_both" name="mean_values_both_" time="0.000999999999748979"/>
    <testcase classname="ds.mean_smk_type_both" name="mean_values_both_" time="0.00199999999995271"/>
    <testcase classname="ds.mean_smk_type_both" name="mean_values_both_" time="0.00100000000020373"/>
    <testcase classname="ds.mean_smk_type_both" name="mean_values_both_" time="0.00199999999995271"/>
  </testsuite>
  <testsuite errors="0" failures="0" hostname="fv-az14" name="ds.mean::smk::type=combine,save.mean.Nvalid=TRUE" skipped="0" tests="23" time="3.913" timestamp="2020-10-27T20:59:56Z">
    <testcase classname="ds.mean_smk_type_combine_save.mean.Nvalid_TRUE" name="mean_values_combine_" time="3.61200000000008"/>
    <testcase classname="ds.mean_smk_type_combine_save.mean.Nvalid_TRUE" name="mean_values_combine_" time="0.00199999999995271"/>
    <testcase classname="ds.mean_smk_type_combine_save.mean.Nvalid_TRUE" name="mean_values_combine_" time="0.00399999999990541"/>
    <testcase classname="ds.mean_smk_type_combine_save.mean.Nvalid_TRUE" name="mean_values_combine_" time="0.00300000000015643"/>
    <testcase classname="ds.mean_smk_type_combine_save.mean.Nvalid_TRUE" name="mean_values_combine_" time="0.000999999999748979"/>
    <testcase classname="ds.mean_smk_type_combine_save.mean.Nvalid_TRUE" name="mean_values_combine_" time="0.00100000000020373"/>
    <testcase classname="ds.mean_smk_type_combine_save.mean.Nvalid_TRUE" name="mean_values_combine_" time="0.00199999999995271"/>
    <testcase classname="ds.mean_smk_type_combine_save.mean.Nvalid_TRUE" name="mean_values_combine_" time="0.000999999999748979"/>
    <testcase classname="ds.mean_smk_type_combine_save.mean.Nvalid_TRUE" name="mean_values_combine_" time="0.00100000000020373"/>
    <testcase classname="ds.mean_smk_type_combine_save.mean.Nvalid_TRUE" name="mean_values_combine_" time="0.000999999999748979"/>
    <testcase classname="ds.mean_smk_type_combine_save.mean.Nvalid_TRUE" name="mean_values_combine_" time="0.00200000000040745"/>
    <testcase classname="ds.mean_smk_type_combine_save.mean.Nvalid_TRUE" name="mean_values_combine_" time="0.266999999999825"/>
    <testcase classname="ds.mean_smk_type_combine_save.mean.Nvalid_TRUE" name="mean_values_combine_" time="0.00199999999995271"/>
    <testcase classname="ds.mean_smk_type_combine_save.mean.Nvalid_TRUE" name="mean_values_combine_" time="0.00100000000020373"/>
    <testcase classname="ds.mean_smk_type_combine_save.mean.Nvalid_TRUE" name="mean_values_combine_" time="0.000999999999748979"/>
    <testcase classname="ds.mean_smk_type_combine_save.mean.Nvalid_TRUE" name="mean_values_combine_" time="0.00100000000020373"/>
    <testcase classname="ds.mean_smk_type_combine_save.mean.Nvalid_TRUE" name="mean_values_combine_" time="0.00199999999995271"/>
    <testcase classname="ds.mean_smk_type_combine_save.mean.Nvalid_TRUE" name="mean_values_combine_" time="0.000999999999748979"/>
    <testcase classname="ds.mean_smk_type_combine_save.mean.Nvalid_TRUE" name="mean_values_combine_" time="0.00199999999995271"/>
    <testcase classname="ds.mean_smk_type_combine_save.mean.Nvalid_TRUE" name="mean_values_combine_" time="0.00100000000020373"/>
    <testcase classname="ds.mean_smk_type_combine_save.mean.Nvalid_TRUE" name="mean_values_combine_" time="0.00199999999995271"/>
    <testcase classname="ds.mean_smk_type_combine_save.mean.Nvalid_TRUE" name="mean_values_combine_" time="0.00100000000020373"/>
    <testcase classname="ds.mean_smk_type_combine_save.mean.Nvalid_TRUE" name="mean_values_combine_" time="0.00199999999995271"/>
  </testsuite>
  <testsuite errors="0" failures="0" hostname="fv-az14" name="ds.mean::smk::type=split,save.mean.Nvalid=TRUE" skipped="0" tests="31" time="3.925" timestamp="2020-10-27T21:00:00Z">
    <testcase classname="ds.mean_smk_type_split_save.mean.Nvalid_TRUE" name="mean_values_split_" time="3.61400000000003"/>
    <testcase classname="ds.mean_smk_type_split_save.mean.Nvalid_TRUE" name="mean_values_split_" time="0.000999999999748979"/>
    <testcase classname="ds.mean_smk_type_split_save.mean.Nvalid_TRUE" name="mean_values_split_" time="0.00100000000020373"/>
    <testcase classname="ds.mean_smk_type_split_save.mean.Nvalid_TRUE" name="mean_values_split_" time="0.00199999999995271"/>
    <testcase classname="ds.mean_smk_type_split_save.mean.Nvalid_TRUE" name="mean_values_split_" time="0.000999999999748979"/>
    <testcase classname="ds.mean_smk_type_split_save.mean.Nvalid_TRUE" name="mean_values_split_" time="0.00200000000040745"/>
    <testcase classname="ds.mean_smk_type_split_save.mean.Nvalid_TRUE" name="mean_values_split_" time="0.000999999999748979"/>
    <testcase classname="ds.mean_smk_type_split_save.mean.Nvalid_TRUE" name="mean_values_split_" time="0.00100000000020373"/>
    <testcase classname="ds.mean_smk_type_split_save.mean.Nvalid_TRUE" name="mean_values_split_" time="0.00199999999995271"/>
    <testcase classname="ds.mean_smk_type_split_save.mean.Nvalid_TRUE" name="mean_values_split_" time="0.000999999999748979"/>
    <testcase classname="ds.mean_smk_type_split_save.mean.Nvalid_TRUE" name="mean_values_split_" time="0.00199999999995271"/>
    <testcase classname="ds.mean_smk_type_split_save.mean.Nvalid_TRUE" name="mean_values_split_" time="0.00100000000020373"/>
    <testcase classname="ds.mean_smk_type_split_save.mean.Nvalid_TRUE" name="mean_values_split_" time="0.00199999999995271"/>
    <testcase classname="ds.mean_smk_type_split_save.mean.Nvalid_TRUE" name="mean_values_split_" time="0.00100000000020373"/>
    <testcase classname="ds.mean_smk_type_split_save.mean.Nvalid_TRUE" name="mean_values_split_" time="0.000999999999748979"/>
    <testcase classname="ds.mean_smk_type_split_save.mean.Nvalid_TRUE" name="mean_values_split_" time="0.00199999999995271"/>
    <testcase classname="ds.mean_smk_type_split_save.mean.Nvalid_TRUE" name="mean_values_split_" time="0.00100000000020373"/>
    <testcase classname="ds.mean_smk_type_split_save.mean.Nvalid_TRUE" name="mean_values_split_" time="0.000999999999748979"/>
    <testcase classname="ds.mean_smk_type_split_save.mean.Nvalid_TRUE" name="mean_values_split_" time="0.00200000000040745"/>
    <testcase classname="ds.mean_smk_type_split_save.mean.Nvalid_TRUE" name="mean_values_split_" time="0.268999999999778"/>
    <testcase classname="ds.mean_smk_type_split_save.mean.Nvalid_TRUE" name="mean_values_split_" time="0.00199999999995271"/>
    <testcase classname="ds.mean_smk_type_split_save.mean.Nvalid_TRUE" name="mean_values_split_" time="0.00100000000020373"/>
    <testcase classname="ds.mean_smk_type_split_save.mean.Nvalid_TRUE" name="mean_values_split_" time="0.00199999999995271"/>
    <testcase classname="ds.mean_smk_type_split_save.mean.Nvalid_TRUE" name="mean_values_split_" time="0.000999999999748979"/>
    <testcase classname="ds.mean_smk_type_split_save.mean.Nvalid_TRUE" name="mean_values_split_" time="0.00199999999995271"/>
    <testcase classname="ds.mean_smk_type_split_save.mean.Nvalid_TRUE" name="mean_values_split_" time="0.00100000000020373"/>
    <testcase classname="ds.mean_smk_type_split_save.mean.Nvalid_TRUE" name="mean_values_split_" time="0.00199999999995271"/>
    <testcase classname="ds.mean_smk_type_split_save.mean.Nvalid_TRUE" name="mean_values_split_" time="0.00199999999995271"/>
    <testcase classname="ds.mean_smk_type_split_save.mean.Nvalid_TRUE" name="mean_values_split_" time="0.00100000000020373"/>
    <testcase classname="ds.mean_smk_type_split_save.mean.Nvalid_TRUE" name="mean_values_split_" time="0.00199999999995271"/>
    <testcase classname="ds.mean_smk_type_split_save.mean.Nvalid_TRUE" name="mean_values_split_" time="0.000999999999748979"/>
  </testsuite>
  <testsuite errors="0" failures="0" hostname="fv-az14" name="ds.mean::smk::type=both,save.mean.Nvalid=TRUE" skipped="0" tests="36" time="2.835" timestamp="2020-10-27T21:00:04Z">
    <testcase classname="ds.mean_smk_type_both_save.mean.Nvalid_TRUE" name="mean_values_both_" time="2.51000000000022"/>
    <testcase classname="ds.mean_smk_type_both_save.mean.Nvalid_TRUE" name="mean_values_both_" time="0.000999999999748979"/>
    <testcase classname="ds.mean_smk_type_both_save.mean.Nvalid_TRUE" name="mean_values_both_" time="0.00100000000020373"/>
    <testcase classname="ds.mean_smk_type_both_save.mean.Nvalid_TRUE" name="mean_values_both_" time="0.00199999999995271"/>
    <testcase classname="ds.mean_smk_type_both_save.mean.Nvalid_TRUE" name="mean_values_both_" time="0.00100000000020373"/>
    <testcase classname="ds.mean_smk_type_both_save.mean.Nvalid_TRUE" name="mean_values_both_" time="0.000999999999748979"/>
    <testcase classname="ds.mean_smk_type_both_save.mean.Nvalid_TRUE" name="mean_values_both_" time="0.00199999999995271"/>
    <testcase classname="ds.mean_smk_type_both_save.mean.Nvalid_TRUE" name="mean_values_both_" time="0.00100000000020373"/>
    <testcase classname="ds.mean_smk_type_both_save.mean.Nvalid_TRUE" name="mean_values_both_" time="0.00199999999995271"/>
    <testcase classname="ds.mean_smk_type_both_save.mean.Nvalid_TRUE" name="mean_values_both_" time="0.00199999999995271"/>
    <testcase classname="ds.mean_smk_type_both_save.mean.Nvalid_TRUE" name="mean_values_both_" time="0.00100000000020373"/>
    <testcase classname="ds.mean_smk_type_both_save.mean.Nvalid_TRUE" name="mean_values_both_" time="0.00199999999995271"/>
    <testcase classname="ds.mean_smk_type_both_save.mean.Nvalid_TRUE" name="mean_values_both_" time="0.00199999999995271"/>
    <testcase classname="ds.mean_smk_type_both_save.mean.Nvalid_TRUE" name="mean_values_both_" time="0.000999999999748979"/>
    <testcase classname="ds.mean_smk_type_both_save.mean.Nvalid_TRUE" name="mean_values_both_" time="0.00200000000040745"/>
    <testcase classname="ds.mean_smk_type_both_save.mean.Nvalid_TRUE" name="mean_values_both_" time="0.000999999999748979"/>
    <testcase classname="ds.mean_smk_type_both_save.mean.Nvalid_TRUE" name="mean_values_both_" time="0.00199999999995271"/>
    <testcase classname="ds.mean_smk_type_both_save.mean.Nvalid_TRUE" name="mean_values_both_" time="0.00100000000020373"/>
    <testcase classname="ds.mean_smk_type_both_save.mean.Nvalid_TRUE" name="mean_values_both_" time="0.00199999999995271"/>
    <testcase classname="ds.mean_smk_type_both_save.mean.Nvalid_TRUE" name="mean_values_both_" time="0.000999999999748979"/>
    <testcase classname="ds.mean_smk_type_both_save.mean.Nvalid_TRUE" name="mean_values_both_" time="0.00199999999995271"/>
    <testcase classname="ds.mean_smk_type_both_save.mean.Nvalid_TRUE" name="mean_values_both_" time="0.00200000000040745"/>
    <testcase classname="ds.mean_smk_type_both_save.mean.Nvalid_TRUE" name="mean_values_both_" time="0.000999999999748979"/>
    <testcase classname="ds.mean_smk_type_both_save.mean.Nvalid_TRUE" name="mean_values_both_" time="0.00199999999995271"/>
    <testcase classname="ds.mean_smk_type_both_save.mean.Nvalid_TRUE" name="mean_values_both_" time="0.271999999999935"/>
    <testcase classname="ds.mean_smk_type_both_save.mean.Nvalid_TRUE" name="mean_values_both_" time="0.00100000000020373"/>
    <testcase classname="ds.mean_smk_type_both_save.mean.Nvalid_TRUE" name="mean_values_both_" time="0.00199999999995271"/>
    <testcase classname="ds.mean_smk_type_both_save.mean.Nvalid_TRUE" name="mean_values_both_" time="0.00199999999995271"/>
    <testcase classname="ds.mean_smk_type_both_save.mean.Nvalid_TRUE" name="mean_values_both_" time="0.00199999999995271"/>
    <testcase classname="ds.mean_smk_type_both_save.mean.Nvalid_TRUE" name="mean_values_both_" time="0.00100000000020373"/>
    <testcase classname="ds.mean_smk_type_both_save.mean.Nvalid_TRUE" name="mean_values_both_" time="0.00199999999995271"/>
    <testcase classname="ds.mean_smk_type_both_save.mean.Nvalid_TRUE" name="mean_values_both_" time="0.000999999999748979"/>
    <testcase classname="ds.mean_smk_type_both_save.mean.Nvalid_TRUE" name="mean_values_both_" time="0.00200000000040745"/>
    <testcase classname="ds.mean_smk_type_both_save.mean.Nvalid_TRUE" name="mean_values_both_" time="0.00199999999995271"/>
    <testcase classname="ds.mean_smk_type_both_save.mean.Nvalid_TRUE" name="mean_values_both_" time="0.00199999999995271"/>
    <testcase classname="ds.mean_smk_type_both_save.mean.Nvalid_TRUE" name="mean_values_both_" time="0.000999999999748979"/>
  </testsuite>
  <testsuite errors="0" failures="0" hostname="fv-az14" name="ds.mean::smk::shutdown" skipped="0" tests="3" time="0.289" timestamp="2020-10-27T21:00:07Z">
    <testcase classname="ds.mean_smk_shutdown" name="shutdown" time="0.286000000000058"/>
    <testcase classname="ds.mean_smk_shutdown" name="shutdown" time="0.00100000000020373"/>
    <testcase classname="ds.mean_smk_shutdown" name="shutdown" time="0.00199999999995271"/>
  </testsuite>
  <testsuite errors="0" failures="0" hostname="fv-az14" name="ds.mean::smk::done" skipped="0" tests="0" time="0" timestamp="2020-10-27T21:00:08Z"/>
  <testsuite errors="0" failures="0" hostname="fv-az14" name="ds.meanSdGp::smk::setup" skipped="0" tests="3" time="5.461" timestamp="2020-10-27T21:00:08Z">
    <testcase classname="ds.meanSdGp_smk_setup" name="setup" time="5.45800000000008"/>
    <testcase classname="ds.meanSdGp_smk_setup" name="setup" time="0.00199999999995271"/>
    <testcase classname="ds.meanSdGp_smk_setup" name="setup" time="0.000999999999748979"/>
  </testsuite>
  <testsuite errors="0" failures="0" hostname="fv-az14" name="ds.meanSdGp::smk::type=split" skipped="0" tests="8" time="0.502" timestamp="2020-10-27T21:00:12Z">
    <testcase classname="ds.meanSdGp_smk_type_split" name="meanSdGp_values_split_" time="0.492999999999938"/>
    <testcase classname="ds.meanSdGp_smk_type_split" name="meanSdGp_values_split_" time="0.00100000000020373"/>
    <testcase classname="ds.meanSdGp_smk_type_split" name="meanSdGp_values_split_" time="0.00199999999995271"/>
    <testcase classname="ds.meanSdGp_smk_type_split" name="meanSdGp_values_split_" time="0.00100000000020373"/>
    <testcase classname="ds.meanSdGp_smk_type_split" name="meanSdGp_values_split_" time="0.000999999999748979"/>
    <testcase classname="ds.meanSdGp_smk_type_split" name="meanSdGp_values_split_" time="0.00199999999995271"/>
    <testcase classname="ds.meanSdGp_smk_type_split" name="meanSdGp_values_split_" time="0.00100000000020373"/>
    <testcase classname="ds.meanSdGp_smk_type_split" name="meanSdGp_values_split_" time="0.000999999999748979"/>
  </testsuite>
  <testsuite errors="0" failures="0" hostname="fv-az14" name="ds.meanSdGp::smk::type=combine" skipped="0" tests="8" time="0.291" timestamp="2020-10-27T21:00:13Z">
    <testcase classname="ds.meanSdGp_smk_type_combine" name="meanSdGp_values_combine_" time="0.283000000000357"/>
    <testcase classname="ds.meanSdGp_smk_type_combine" name="meanSdGp_values_combine_" time="0.000999999999748979"/>
    <testcase classname="ds.meanSdGp_smk_type_combine" name="meanSdGp_values_combine_" time="0.00100000000020373"/>
    <testcase classname="ds.meanSdGp_smk_type_combine" name="meanSdGp_values_combine_" time="0.000999999999748979"/>
    <testcase classname="ds.meanSdGp_smk_type_combine" name="meanSdGp_values_combine_" time="0.00199999999995271"/>
    <testcase classname="ds.meanSdGp_smk_type_combine" name="meanSdGp_values_combine_" time="0.00100000000020373"/>
    <testcase classname="ds.meanSdGp_smk_type_combine" name="meanSdGp_values_combine_" time="0.000999999999748979"/>
    <testcase classname="ds.meanSdGp_smk_type_combine" name="meanSdGp_values_combine_" time="0.00100000000020373"/>
  </testsuite>
  <testsuite errors="0" failures="0" hostname="fv-az14" name="ds.meanSdGp::smk::type=both" skipped="0" tests="8" time="0.297" timestamp="2020-10-27T21:00:13Z">
    <testcase classname="ds.meanSdGp_smk_type_both" name="meanSdGp_values_both_" time="0.286999999999807"/>
    <testcase classname="ds.meanSdGp_smk_type_both" name="meanSdGp_values_both_" time="0.00200000000040745"/>
    <testcase classname="ds.meanSdGp_smk_type_both" name="meanSdGp_values_both_" time="0.000999999999748979"/>
    <testcase classname="ds.meanSdGp_smk_type_both" name="meanSdGp_values_both_" time="0.00199999999995271"/>
    <testcase classname="ds.meanSdGp_smk_type_both" name="meanSdGp_values_both_" time="0.00100000000020373"/>
    <testcase classname="ds.meanSdGp_smk_type_both" name="meanSdGp_values_both_" time="0.00199999999995271"/>
    <testcase classname="ds.meanSdGp_smk_type_both" name="meanSdGp_values_both_" time="0.000999999999748979"/>
    <testcase classname="ds.meanSdGp_smk_type_both" name="meanSdGp_values_both_" time="0.00100000000020373"/>
  </testsuite>
  <testsuite errors="0" failures="0" hostname="fv-az14" name="ds.meanSdGp::smk::shutdown" skipped="0" tests="3" time="0.288" timestamp="2020-10-27T21:00:14Z">
    <testcase classname="ds.meanSdGp_smk_shutdown" name="shutdown" time="0.284999999999854"/>
    <testcase classname="ds.meanSdGp_smk_shutdown" name="shutdown" time="0.00100000000020373"/>
    <testcase classname="ds.meanSdGp_smk_shutdown" name="shutdown" time="0.00199999999995271"/>
  </testsuite>
  <testsuite errors="0" failures="0" hostname="fv-az14" name="ds.meanSdGp::smk::done" skipped="0" tests="0" time="0" timestamp="2020-10-27T21:00:15Z"/>
  <testsuite errors="0" failures="0" hostname="fv-az14" name="ds.merge::smk::setup" skipped="0" tests="3" time="5.551" timestamp="2020-10-27T21:00:15Z">
    <testcase classname="ds.merge_smk_setup" name="setup" time="5.54799999999977"/>
    <testcase classname="ds.merge_smk_setup" name="setup" time="0.00200000000040745"/>
    <testcase classname="ds.merge_smk_setup" name="setup" time="0.000999999999748979"/>
  </testsuite>
  <testsuite errors="0" failures="0" hostname="fv-az14" name="ds.merge::smk" skipped="0" tests="7" time="8.085" timestamp="2020-10-27T21:00:19Z">
    <testcase classname="ds.merge_smk" name="simple_test" time="7.53400000000011"/>
    <testcase classname="ds.merge_smk" name="simple_test" time="0.00199999999995271"/>
    <testcase classname="ds.merge_smk" name="simple_test" time="0.00100000000020373"/>
    <testcase classname="ds.merge_smk" name="simple_test" time="0.544999999999618"/>
    <testcase classname="ds.merge_smk" name="simple_test" time="0.00100000000020373"/>
    <testcase classname="ds.merge_smk" name="simple_test" time="0.00100000000020373"/>
    <testcase classname="ds.merge_smk" name="simple_test" time="0.00100000000020373"/>
  </testsuite>
  <testsuite errors="0" failures="0" hostname="fv-az14" name="ds.merge::smk::shutdown" skipped="0" tests="3" time="0.284" timestamp="2020-10-27T21:00:27Z">
    <testcase classname="ds.merge_smk_shutdown" name="shutdown" time="0.280999999999949"/>
    <testcase classname="ds.merge_smk_shutdown" name="shutdown" time="0.000999999999748979"/>
    <testcase classname="ds.merge_smk_shutdown" name="shutdown" time="0.00199999999995271"/>
  </testsuite>
  <testsuite errors="0" failures="0" hostname="fv-az14" name="ds.merge::smk::done" skipped="0" tests="0" time="0" timestamp="2020-10-27T21:00:28Z"/>
  <testsuite errors="0" failures="0" hostname="fv-az14" name="ds.message::smk::setup" skipped="0" tests="3" time="5.461" timestamp="2020-10-27T21:00:28Z">
    <testcase classname="ds.message_smk_setup" name="setup" time="5.45900000000029"/>
    <testcase classname="ds.message_smk_setup" name="setup" time="0.000999999999748979"/>
    <testcase classname="ds.message_smk_setup" name="setup" time="0.00100000000020373"/>
  </testsuite>
  <testsuite errors="0" failures="0" hostname="fv-az14" name="ds.message::smk" skipped="0" tests="20" time="7.068" timestamp="2020-10-27T21:00:33Z">
    <testcase classname="ds.message_smk" name="not_exists_request_message" time="0.286000000000058"/>
    <testcase classname="ds.message_smk" name="not_exists_request_message" time="0.000999999999748979"/>
    <testcase classname="ds.message_smk" name="not_exists_request_message" time="0.00100000000020373"/>
    <testcase classname="ds.message_smk" name="not_exists_request_message" time="0.00199999999995271"/>
    <testcase classname="ds.message_smk" name="exists_request_message" time="1.77599999999984"/>
    <testcase classname="ds.message_smk" name="exists_request_message" time="0.00199999999995271"/>
    <testcase classname="ds.message_smk" name="exists_request_message" time="0.00100000000020373"/>
    <testcase classname="ds.message_smk" name="exists_request_message" time="0.000999999999748979"/>
    <testcase classname="ds.message_smk" name="partial_request_message_conn_1" time="1.49000000000024"/>
    <testcase classname="ds.message_smk" name="partial_request_message_conn_1" time="0.00100000000020373"/>
    <testcase classname="ds.message_smk" name="partial_request_message_conn_1" time="0.00199999999995271"/>
    <testcase classname="ds.message_smk" name="partial_request_message_conn_1" time="0.000999999999748979"/>
    <testcase classname="ds.message_smk" name="partial_request_message_conn_2" time="1.75199999999995"/>
    <testcase classname="ds.message_smk" name="partial_request_message_conn_2" time="0.00199999999995271"/>
    <testcase classname="ds.message_smk" name="partial_request_message_conn_2" time="0.00100000000020373"/>
    <testcase classname="ds.message_smk" name="partial_request_message_conn_2" time="0.00199999999995271"/>
    <testcase classname="ds.message_smk" name="partial_request_message_conn_3" time="1.74200000000019"/>
    <testcase classname="ds.message_smk" name="partial_request_message_conn_3" time="0.00199999999995271"/>
    <testcase classname="ds.message_smk" name="partial_request_message_conn_3" time="0.00199999999995271"/>
    <testcase classname="ds.message_smk" name="partial_request_message_conn_3" time="0.000999999999748979"/>
  </testsuite>
  <testsuite errors="0" failures="0" hostname="fv-az14" name="ds.message::smk::shutdown" skipped="0" tests="3" time="0.555" timestamp="2020-10-27T21:00:41Z">
    <testcase classname="ds.message_smk_shutdown" name="shutdown" time="0.552000000000135"/>
    <testcase classname="ds.message_smk_shutdown" name="shutdown" time="0.00199999999995271"/>
    <testcase classname="ds.message_smk_shutdown" name="shutdown" time="0.00100000000020373"/>
  </testsuite>
  <testsuite errors="0" failures="0" hostname="fv-az14" name="ds.message::smk::done" skipped="0" tests="0" time="0" timestamp="2020-10-27T21:00:42Z"/>
  <testsuite errors="0" failures="0" hostname="fv-az14" name="ds.names::smk::setup" skipped="0" tests="3" time="5.533" timestamp="2020-10-27T21:00:42Z">
    <testcase classname="ds.names_smk_setup" name="setup" time="5.52999999999975"/>
    <testcase classname="ds.names_smk_setup" name="setup" time="0.00199999999995271"/>
    <testcase classname="ds.names_smk_setup" name="setup" time="0.00100000000020373"/>
  </testsuite>
  <testsuite errors="0" failures="0" hostname="fv-az14" name="ds.names::smk" skipped="0" tests="10" time="2.742" timestamp="2020-10-27T21:00:46Z">
    <testcase classname="ds.names_smk" name="level_names" time="2.73099999999977"/>
    <testcase classname="ds.names_smk" name="level_names" time="0.00100000000020373"/>
    <testcase classname="ds.names_smk" name="level_names" time="0.00100000000020373"/>
    <testcase classname="ds.names_smk" name="level_names" time="0.000999999999748979"/>
    <testcase classname="ds.names_smk" name="level_names" time="0.00199999999995271"/>
    <testcase classname="ds.names_smk" name="level_names" time="0.00100000000020373"/>
    <testcase classname="ds.names_smk" name="level_names" time="0.00199999999995271"/>
    <testcase classname="ds.names_smk" name="level_names" time="0.000999999999748979"/>
    <testcase classname="ds.names_smk" name="level_names" time="0.00100000000020373"/>
    <testcase classname="ds.names_smk" name="level_names" time="0.00100000000020373"/>
  </testsuite>
  <testsuite errors="0" failures="0" hostname="fv-az14" name="ds.names::smk::shutdown" skipped="0" tests="3" time="0.282" timestamp="2020-10-27T21:00:49Z">
    <testcase classname="ds.names_smk_shutdown" name="shutdown" time="0.279999999999745"/>
    <testcase classname="ds.names_smk_shutdown" name="shutdown" time="0.00100000000020373"/>
    <testcase classname="ds.names_smk_shutdown" name="shutdown" time="0.000999999999748979"/>
  </testsuite>
  <testsuite errors="0" failures="0" hostname="fv-az14" name="ds.names::smk::done" skipped="0" tests="0" time="0" timestamp="2020-10-27T21:00:50Z"/>
  <testsuite errors="0" failures="0" hostname="fv-az14" name="ds.numNA::smk::setup" skipped="0" tests="3" time="5.498" timestamp="2020-10-27T21:00:50Z">
    <testcase classname="ds.numNA_smk_setup" name="setup" time="5.49499999999989"/>
    <testcase classname="ds.numNA_smk_setup" name="setup" time="0.00100000000020373"/>
    <testcase classname="ds.numNA_smk_setup" name="setup" time="0.00199999999995271"/>
  </testsuite>
  <testsuite errors="0" failures="0" hostname="fv-az14" name="ds.numNA::smk" skipped="0" tests="12" time="1.666" timestamp="2020-10-27T21:00:55Z">
    <testcase classname="ds.numNA_smk" name="simple_numNA" time="0.572000000000116"/>
    <testcase classname="ds.numNA_smk" name="simple_numNA" time="0.00199999999995271"/>
    <testcase classname="ds.numNA_smk" name="simple_numNA" time="0.000999999999748979"/>
    <testcase classname="ds.numNA_smk" name="simple_numNA" time="0.00200000000040745"/>
    <testcase classname="ds.numNA_smk" name="simple_numNA" time="0.538000000000011"/>
    <testcase classname="ds.numNA_smk" name="simple_numNA" time="0.00199999999995271"/>
    <testcase classname="ds.numNA_smk" name="simple_numNA" time="0.000999999999748979"/>
    <testcase classname="ds.numNA_smk" name="simple_numNA" time="0.00199999999995271"/>
    <testcase classname="ds.numNA_smk" name="simple_numNA" time="0.541000000000167"/>
    <testcase classname="ds.numNA_smk" name="simple_numNA" time="0.00199999999995271"/>
    <testcase classname="ds.numNA_smk" name="simple_numNA" time="0.00199999999995271"/>
    <testcase classname="ds.numNA_smk" name="simple_numNA" time="0.00100000000020373"/>
  </testsuite>
  <testsuite errors="0" failures="0" hostname="fv-az14" name="ds.numNA::smk::shutdown" skipped="0" tests="3" time="0.287" timestamp="2020-10-27T21:00:57Z">
    <testcase classname="ds.numNA_smk_shutdown" name="shutdown" time="0.284999999999854"/>
    <testcase classname="ds.numNA_smk_shutdown" name="shutdown" time="0.00100000000020373"/>
    <testcase classname="ds.numNA_smk_shutdown" name="shutdown" time="0.000999999999748979"/>
  </testsuite>
  <testsuite errors="0" failures="0" hostname="fv-az14" name="ds.numNA::smk::done" skipped="0" tests="0" time="0" timestamp="2020-10-27T21:00:58Z"/>
  <testsuite errors="0" failures="0" hostname="fv-az14" name="ds.quantileMean::smk::setup" skipped="0" tests="3" time="5.507" timestamp="2020-10-27T21:00:58Z">
    <testcase classname="ds.quantileMean_smk_setup" name="setup" time="5.50500000000011"/>
    <testcase classname="ds.quantileMean_smk_setup" name="setup" time="0.000999999999748979"/>
    <testcase classname="ds.quantileMean_smk_setup" name="setup" time="0.00100000000020373"/>
  </testsuite>
  <testsuite errors="0" failures="0" hostname="fv-az14" name="ds.quantileMean::smk::standard" skipped="0" tests="9" time="1.787" timestamp="2020-10-27T21:01:02Z">
    <testcase classname="ds.quantileMean_smk_standard" name="quantileMean" time="1.77499999999964"/>
    <testcase classname="ds.quantileMean_smk_standard" name="quantileMean" time="0.00100000000020373"/>
    <testcase classname="ds.quantileMean_smk_standard" name="quantileMean" time="0.00199999999995271"/>
    <testcase classname="ds.quantileMean_smk_standard" name="quantileMean" time="0.00100000000020373"/>
    <testcase classname="ds.quantileMean_smk_standard" name="quantileMean" time="0.00199999999995271"/>
    <testcase classname="ds.quantileMean_smk_standard" name="quantileMean" time="0.000999999999748979"/>
    <testcase classname="ds.quantileMean_smk_standard" name="quantileMean" time="0.00199999999995271"/>
    <testcase classname="ds.quantileMean_smk_standard" name="quantileMean" time="0.00100000000020373"/>
    <testcase classname="ds.quantileMean_smk_standard" name="quantileMean" time="0.00199999999995271"/>
  </testsuite>
  <testsuite errors="0" failures="0" hostname="fv-az14" name="ds.quantileMean::smk::split" skipped="0" tests="28" time="2.356" timestamp="2020-10-27T21:01:04Z">
    <testcase classname="ds.quantileMean_smk_split" name="quantileMean_split" time="2.3159999999998"/>
    <testcase classname="ds.quantileMean_smk_split" name="quantileMean_split" time="0.00200000000040745"/>
    <testcase classname="ds.quantileMean_smk_split" name="quantileMean_split" time="0.000999999999748979"/>
    <testcase classname="ds.quantileMean_smk_split" name="quantileMean_split" time="0.00100000000020373"/>
    <testcase classname="ds.quantileMean_smk_split" name="quantileMean_split" time="0.00199999999995271"/>
    <testcase classname="ds.quantileMean_smk_split" name="quantileMean_split" time="0.000999999999748979"/>
    <testcase classname="ds.quantileMean_smk_split" name="quantileMean_split" time="0.00199999999995271"/>
    <testcase classname="ds.quantileMean_smk_split" name="quantileMean_split" time="0.00100000000020373"/>
    <testcase classname="ds.quantileMean_smk_split" name="quantileMean_split" time="0.000999999999748979"/>
    <testcase classname="ds.quantileMean_smk_split" name="quantileMean_split" time="0.00200000000040745"/>
    <testcase classname="ds.quantileMean_smk_split" name="quantileMean_split" time="0.000999999999748979"/>
    <testcase classname="ds.quantileMean_smk_split" name="quantileMean_split" time="0.00100000000020373"/>
    <testcase classname="ds.quantileMean_smk_split" name="quantileMean_split" time="0.000999999999748979"/>
    <testcase classname="ds.quantileMean_smk_split" name="quantileMean_split" time="0.00199999999995271"/>
    <testcase classname="ds.quantileMean_smk_split" name="quantileMean_split" time="0.00199999999995271"/>
    <testcase classname="ds.quantileMean_smk_split" name="quantileMean_split" time="0.00100000000020373"/>
    <testcase classname="ds.quantileMean_smk_split" name="quantileMean_split" time="0.00100000000020373"/>
    <testcase classname="ds.quantileMean_smk_split" name="quantileMean_split" time="0.00199999999995271"/>
    <testcase classname="ds.quantileMean_smk_split" name="quantileMean_split" time="0.000999999999748979"/>
    <testcase classname="ds.quantileMean_smk_split" name="quantileMean_split" time="0.00199999999995271"/>
    <testcase classname="ds.quantileMean_smk_split" name="quantileMean_split" time="0.00100000000020373"/>
    <testcase classname="ds.quantileMean_smk_split" name="quantileMean_split" time="0.00199999999995271"/>
    <testcase classname="ds.quantileMean_smk_split" name="quantileMean_split" time="0.00100000000020373"/>
    <testcase classname="ds.quantileMean_smk_split" name="quantileMean_split" time="0.00199999999995271"/>
    <testcase classname="ds.quantileMean_smk_split" name="quantileMean_split" time="0.00199999999995271"/>
    <testcase classname="ds.quantileMean_smk_split" name="quantileMean_split" time="0.00199999999995271"/>
    <testcase classname="ds.quantileMean_smk_split" name="quantileMean_split" time="0.00199999999995271"/>
    <testcase classname="ds.quantileMean_smk_split" name="quantileMean_split" time="0.000999999999748979"/>
  </testsuite>
  <testsuite errors="0" failures="0" hostname="fv-az14" name="ds.quantileMean::smk::shutdown" skipped="0" tests="3" time="0.295" timestamp="2020-10-27T21:01:07Z">
    <testcase classname="ds.quantileMean_smk_shutdown" name="shutdown" time="0.292000000000371"/>
    <testcase classname="ds.quantileMean_smk_shutdown" name="shutdown" time="0.00199999999995271"/>
    <testcase classname="ds.quantileMean_smk_shutdown" name="shutdown" time="0.000999999999748979"/>
  </testsuite>
  <testsuite errors="0" failures="0" hostname="fv-az14" name="ds.quantileMean::smk::done" skipped="0" tests="0" time="0" timestamp="2020-10-27T21:01:08Z"/>
  <testsuite errors="0" failures="0" hostname="fv-az14" name="ds.rbind::smk::setup" skipped="0" tests="3" time="5.492" timestamp="2020-10-27T21:01:08Z">
    <testcase classname="ds.rbind_smk_setup" name="setup" time="5.49000000000024"/>
    <testcase classname="ds.rbind_smk_setup" name="setup" time="0.000999999999748979"/>
    <testcase classname="ds.rbind_smk_setup" name="setup" time="0.00100000000020373"/>
  </testsuite>
  <testsuite errors="0" failures="0" hostname="fv-az14" name="ds.rbind::smk" skipped="0" tests="5" time="2.628" timestamp="2020-10-27T21:01:12Z">
    <testcase classname="ds.rbind_smk" name="simple_test" time="2.07400000000007"/>
    <testcase classname="ds.rbind_smk" name="simple_test" time="0.000999999999748979"/>
    <testcase classname="ds.rbind_smk" name="simple_test" time="0.550000000000182"/>
    <testcase classname="ds.rbind_smk" name="simple_test" time="0.000999999999748979"/>
    <testcase classname="ds.rbind_smk" name="simple_test" time="0.00200000000040745"/>
  </testsuite>
  <testsuite errors="0" failures="0" hostname="fv-az14" name="ds.rbind::smk::shutdown" skipped="0" tests="3" time="0.294" timestamp="2020-10-27T21:01:15Z">
    <testcase classname="ds.rbind_smk_shutdown" name="shutdown" time="0.290999999999713"/>
    <testcase classname="ds.rbind_smk_shutdown" name="shutdown" time="0.00199999999995271"/>
    <testcase classname="ds.rbind_smk_shutdown" name="shutdown" time="0.00100000000020373"/>
  </testsuite>
  <testsuite errors="0" failures="0" hostname="fv-az14" name="ds.rbind::smk::done" skipped="0" tests="0" time="0" timestamp="2020-10-27T21:01:16Z"/>
  <testsuite errors="0" failures="0" hostname="fv-az14" name="ds.rBinom::smk::setup" skipped="0" tests="3" time="5.537" timestamp="2020-10-27T21:01:16Z">
    <testcase classname="ds.rBinom_smk_setup" name="setup" time="5.53499999999985"/>
    <testcase classname="ds.rBinom_smk_setup" name="setup" time="0.00100000000020373"/>
    <testcase classname="ds.rBinom_smk_setup" name="setup" time="0.000999999999748979"/>
  </testsuite>
  <testsuite errors="0" failures="0" hostname="fv-az14" name="ds.rBinom::smk::simple test" skipped="0" tests="11" time="2.143" timestamp="2020-10-27T21:01:21Z">
    <testcase classname="ds.rBinom_smk_simple_test" name="simple_test" time="2.12899999999991"/>
    <testcase classname="ds.rBinom_smk_simple_test" name="simple_test" time="0.00100000000020373"/>
    <testcase classname="ds.rBinom_smk_simple_test" name="simple_test" time="0.00199999999995271"/>
    <testcase classname="ds.rBinom_smk_simple_test" name="simple_test" time="0.00100000000020373"/>
    <testcase classname="ds.rBinom_smk_simple_test" name="simple_test" time="0.00199999999995271"/>
    <testcase classname="ds.rBinom_smk_simple_test" name="simple_test" time="0.000999999999748979"/>
    <testcase classname="ds.rBinom_smk_simple_test" name="simple_test" time="0.00100000000020373"/>
    <testcase classname="ds.rBinom_smk_simple_test" name="simple_test" time="0.00199999999995271"/>
    <testcase classname="ds.rBinom_smk_simple_test" name="simple_test" time="0.00100000000020373"/>
    <testcase classname="ds.rBinom_smk_simple_test" name="simple_test" time="0.00199999999995271"/>
    <testcase classname="ds.rBinom_smk_simple_test" name="simple_test" time="0.000999999999748979"/>
  </testsuite>
  <testsuite errors="0" failures="0" hostname="fv-az14" name="ds.rBinom::smk::shutdown" skipped="0" tests="3" time="0.289" timestamp="2020-10-27T21:01:23Z">
    <testcase classname="ds.rBinom_smk_shutdown" name="shutdown" time="0.287000000000262"/>
    <testcase classname="ds.rBinom_smk_shutdown" name="shutdown" time="0.000999999999748979"/>
    <testcase classname="ds.rBinom_smk_shutdown" name="shutdown" time="0.00100000000020373"/>
  </testsuite>
  <testsuite errors="0" failures="0" hostname="fv-az14" name="ds.rBinom::smk::done" skipped="0" tests="0" time="0" timestamp="2020-10-27T21:01:24Z"/>
  <testsuite errors="0" failures="0" hostname="fv-az14" name="ds.recodeLevels::smk::setup" skipped="0" tests="3" time="5.52" timestamp="2020-10-27T21:01:24Z">
    <testcase classname="ds.recodeLevels_smk_setup" name="setup" time="5.51800000000003"/>
    <testcase classname="ds.recodeLevels_smk_setup" name="setup" time="0.000999999999748979"/>
    <testcase classname="ds.recodeLevels_smk_setup" name="setup" time="0.00100000000020373"/>
  </testsuite>
  <testsuite errors="0" failures="0" hostname="fv-az14" name="ds.recodeLevels::smk" skipped="0" tests="7" time="3.005" timestamp="2020-10-27T21:01:29Z">
    <testcase classname="ds.recodeLevels_smk" name="new_levels" time="2.99800000000005"/>
    <testcase classname="ds.recodeLevels_smk" name="new_levels" time="0.00100000000020373"/>
    <testcase classname="ds.recodeLevels_smk" name="new_levels" time="0.000999999999748979"/>
    <testcase classname="ds.recodeLevels_smk" name="new_levels" time="0.00100000000020373"/>
    <testcase classname="ds.recodeLevels_smk" name="new_levels" time="0.00199999999995271"/>
    <testcase classname="ds.recodeLevels_smk" name="new_levels" time="0.00100000000020373"/>
    <testcase classname="ds.recodeLevels_smk" name="new_levels" time="0.000999999999748979"/>
  </testsuite>
  <testsuite errors="0" failures="0" hostname="fv-az14" name="ds.recodeLevels::smk::no connections or newobj" skipped="0" tests="7" time="3.01" timestamp="2020-10-27T21:01:32Z">
    <testcase classname="ds.recodeLevels_smk_no_connections_or_newobj" name="new_levels_auto" time="3.0010000000002"/>
    <testcase classname="ds.recodeLevels_smk_no_connections_or_newobj" name="new_levels_auto" time="0.00199999999995271"/>
    <testcase classname="ds.recodeLevels_smk_no_connections_or_newobj" name="new_levels_auto" time="0.000999999999748979"/>
    <testcase classname="ds.recodeLevels_smk_no_connections_or_newobj" name="new_levels_auto" time="0.00100000000020373"/>
    <testcase classname="ds.recodeLevels_smk_no_connections_or_newobj" name="new_levels_auto" time="0.00199999999995271"/>
    <testcase classname="ds.recodeLevels_smk_no_connections_or_newobj" name="new_levels_auto" time="0.00199999999995271"/>
    <testcase classname="ds.recodeLevels_smk_no_connections_or_newobj" name="new_levels_auto" time="0.00100000000020373"/>
  </testsuite>
  <testsuite errors="0" failures="0" hostname="fv-az14" name="ds.recodeLevels::smk::shutdown" skipped="0" tests="3" time="0.285" timestamp="2020-10-27T21:01:35Z">
    <testcase classname="ds.recodeLevels_smk_shutdown" name="shutdown" time="0.282999999999902"/>
    <testcase classname="ds.recodeLevels_smk_shutdown" name="shutdown" time="0.00100000000020373"/>
    <testcase classname="ds.recodeLevels_smk_shutdown" name="shutdown" time="0.000999999999748979"/>
  </testsuite>
  <testsuite errors="0" failures="0" hostname="fv-az14" name="ds.recodeLevels::smk::done" skipped="0" tests="0" time="0" timestamp="2020-10-27T21:01:36Z"/>
  <testsuite errors="0" failures="0" hostname="fv-az14" name="ds.recodeValues::smk::setup" skipped="0" tests="3" time="5.46" timestamp="2020-10-27T21:01:36Z">
    <testcase classname="ds.recodeValues_smk_setup" name="setup" time="5.45700000000033"/>
    <testcase classname="ds.recodeValues_smk_setup" name="setup" time="0.00199999999995271"/>
    <testcase classname="ds.recodeValues_smk_setup" name="setup" time="0.000999999999748979"/>
  </testsuite>
  <testsuite errors="0" failures="0" hostname="fv-az14" name="ds.recodeValues::smk" skipped="0" tests="7" time="1.665" timestamp="2020-10-27T21:01:40Z">
    <testcase classname="ds.recodeValues_smk" name="simple_test" time="1.11100000000033"/>
    <testcase classname="ds.recodeValues_smk" name="simple_test" time="0.000999999999748979"/>
    <testcase classname="ds.recodeValues_smk" name="simple_test" time="0.00199999999995271"/>
    <testcase classname="ds.recodeValues_smk" name="simple_test" time="0.547000000000025"/>
    <testcase classname="ds.recodeValues_smk" name="simple_test" time="0.00199999999995271"/>
    <testcase classname="ds.recodeValues_smk" name="simple_test" time="0.00100000000020373"/>
    <testcase classname="ds.recodeValues_smk" name="simple_test" time="0.000999999999748979"/>
  </testsuite>
  <testsuite errors="0" failures="0" hostname="fv-az14" name="ds.recodeValues::smk::shutdown" skipped="0" tests="3" time="0.284" timestamp="2020-10-27T21:01:42Z">
    <testcase classname="ds.recodeValues_smk_shutdown" name="shutdown" time="0.282000000000153"/>
    <testcase classname="ds.recodeValues_smk_shutdown" name="shutdown" time="0.00100000000020373"/>
    <testcase classname="ds.recodeValues_smk_shutdown" name="shutdown" time="0.000999999999748979"/>
  </testsuite>
  <testsuite errors="0" failures="0" hostname="fv-az14" name="ds.recodeValues::smk::done" skipped="0" tests="0" time="0" timestamp="2020-10-27T21:01:43Z"/>
  <testsuite errors="0" failures="0" hostname="fv-az14" name="ds.rep::smk::complex setup" skipped="0" tests="3" time="5.541" timestamp="2020-10-27T21:01:43Z">
    <testcase classname="ds.rep_smk_complex_setup" name="setup" time="5.53800000000001"/>
    <testcase classname="ds.rep_smk_complex_setup" name="setup" time="0.00100000000020373"/>
    <testcase classname="ds.rep_smk_complex_setup" name="setup" time="0.00199999999995271"/>
  </testsuite>
  <testsuite errors="0" failures="0" hostname="fv-az14" name="ds.rep::smk::complex" skipped="0" tests="6" time="1.776" timestamp="2020-10-27T21:01:48Z">
    <testcase classname="ds.rep_smk_complex" name="complex_test" time="0.967999999999847"/>
    <testcase classname="ds.rep_smk_complex" name="complex_test" time="0.00100000000020373"/>
    <testcase classname="ds.rep_smk_complex" name="complex_test" time="0.000999999999748979"/>
    <testcase classname="ds.rep_smk_complex" name="complex_test" time="0.803000000000338"/>
    <testcase classname="ds.rep_smk_complex" name="complex_test" time="0.00199999999995271"/>
    <testcase classname="ds.rep_smk_complex" name="complex_test" time="0.000999999999748979"/>
  </testsuite>
  <testsuite errors="0" failures="0" hostname="fv-az14" name="ds.rep::smk::complex shutdown" skipped="0" tests="3" time="0.285" timestamp="2020-10-27T21:01:50Z">
    <testcase classname="ds.rep_smk_complex_shutdown" name="shutdown" time="0.282000000000153"/>
    <testcase classname="ds.rep_smk_complex_shutdown" name="shutdown" time="0.00199999999995271"/>
    <testcase classname="ds.rep_smk_complex_shutdown" name="shutdown" time="0.00100000000020373"/>
  </testsuite>
  <testsuite errors="0" failures="0" hostname="fv-az14" name="ds.rep::smk::complex done" skipped="0" tests="0" time="0" timestamp="2020-10-27T21:01:51Z"/>
  <testsuite errors="0" failures="0" hostname="fv-az14" name="ds.replaceNA::smk::setup" skipped="0" tests="3" time="5.545" timestamp="2020-10-27T21:01:51Z">
    <testcase classname="ds.replaceNA_smk_setup" name="setup" time="5.54199999999992"/>
    <testcase classname="ds.replaceNA_smk_setup" name="setup" time="0.000999999999748979"/>
    <testcase classname="ds.replaceNA_smk_setup" name="setup" time="0.00199999999995271"/>
  </testsuite>
  <testsuite errors="0" failures="0" hostname="fv-az14" name="ds.replaceNA::smk" skipped="0" tests="3" time="9.388" timestamp="2020-10-27T21:01:56Z">
    <testcase classname="ds.replaceNA_smk" name="simple_replaceNA" time="3.15000000000009"/>
    <testcase classname="ds.replaceNA_smk" name="simple_replaceNA" time="3.11099999999988"/>
    <testcase classname="ds.replaceNA_smk" name="simple_replaceNA" time="3.12700000000041"/>
  </testsuite>
  <testsuite errors="0" failures="0" hostname="fv-az14" name="ds.replaceNA::smk::shutdown" skipped="0" tests="3" time="0.285" timestamp="2020-10-27T21:02:05Z">
    <testcase classname="ds.replaceNA_smk_shutdown" name="setup" time="0.281999999999698"/>
    <testcase classname="ds.replaceNA_smk_shutdown" name="setup" time="0.00199999999995271"/>
    <testcase classname="ds.replaceNA_smk_shutdown" name="setup" time="0.00100000000020373"/>
  </testsuite>
  <testsuite errors="0" failures="0" hostname="fv-az14" name="ds.replaceNA::smk::done" skipped="0" tests="0" time="0" timestamp="2020-10-27T21:02:06Z"/>
  <testsuite errors="0" failures="0" hostname="fv-az14" name="ds.rep::smk::setup" skipped="0" tests="3" time="5.507" timestamp="2020-10-27T21:02:06Z">
    <testcase classname="ds.rep_smk_setup" name="setup" time="5.50399999999991"/>
    <testcase classname="ds.rep_smk_setup" name="setup" time="0.00199999999995271"/>
    <testcase classname="ds.rep_smk_setup" name="setup" time="0.00100000000020373"/>
  </testsuite>
  <testsuite errors="0" failures="0" hostname="fv-az14" name="ds.rep::smk" skipped="0" tests="3" time="0.814" timestamp="2020-10-27T21:02:11Z">
    <testcase classname="ds.rep_smk" name="simple_test" time="0.810999999999694"/>
    <testcase classname="ds.rep_smk" name="simple_test" time="0.00200000000040745"/>
    <testcase classname="ds.rep_smk" name="simple_test" time="0.000999999999748979"/>
  </testsuite>
  <testsuite errors="0" failures="0" hostname="fv-az14" name="ds.rep::smk::shutdown" skipped="0" tests="3" time="0.28" timestamp="2020-10-27T21:02:12Z">
    <testcase classname="ds.rep_smk_shutdown" name="shutdown" time="0.277000000000044"/>
    <testcase classname="ds.rep_smk_shutdown" name="shutdown" time="0.00100000000020373"/>
    <testcase classname="ds.rep_smk_shutdown" name="shutdown" time="0.00199999999995271"/>
  </testsuite>
  <testsuite errors="0" failures="0" hostname="fv-az14" name="ds.rep::smk::done" skipped="0" tests="0" time="0" timestamp="2020-10-27T21:02:13Z"/>
  <testsuite errors="0" failures="0" hostname="fv-az14" name="ds.reShape::smk::setup" skipped="0" tests="3" time="5.522" timestamp="2020-10-27T21:02:13Z">
    <testcase classname="ds.reShape_smk_setup" name="setup" time="5.51999999999998"/>
    <testcase classname="ds.reShape_smk_setup" name="setup" time="0.000999999999748979"/>
    <testcase classname="ds.reShape_smk_setup" name="setup" time="0.00100000000020373"/>
  </testsuite>
  <testsuite errors="0" failures="0" hostname="fv-az14" name="ds.reShape::smk" skipped="0" tests="3" time="1.011" timestamp="2020-10-27T21:02:17Z">
    <testcase classname="ds.reShape_smk" name="simplest_ds.reShape_wide" time="1.00799999999981"/>
    <testcase classname="ds.reShape_smk" name="simplest_ds.reShape_wide" time="0.00199999999995271"/>
    <testcase classname="ds.reShape_smk" name="simplest_ds.reShape_wide" time="0.00100000000020373"/>
  </testsuite>
  <testsuite errors="0" failures="0" hostname="fv-az14" name="ds.reShape::smk::shutdown" skipped="0" tests="3" time="0.286" timestamp="2020-10-27T21:02:18Z">
    <testcase classname="ds.reShape_smk_shutdown" name="shutdown" time="0.282999999999902"/>
    <testcase classname="ds.reShape_smk_shutdown" name="shutdown" time="0.00199999999995271"/>
    <testcase classname="ds.reShape_smk_shutdown" name="shutdown" time="0.00100000000020373"/>
  </testsuite>
  <testsuite errors="0" failures="0" hostname="fv-az14" name="ds.reShape::smk::done" skipped="0" tests="0" time="0" timestamp="2020-10-27T21:02:19Z"/>
  <testsuite errors="0" failures="0" hostname="fv-az14" name="ds.rm::smk::setup" skipped="0" tests="3" time="5.498" timestamp="2020-10-27T21:02:19Z">
    <testcase classname="ds.rm_smk_setup" name="setup" time="5.49600000000009"/>
    <testcase classname="ds.rm_smk_setup" name="setup" time="0.000999999999748979"/>
    <testcase classname="ds.rm_smk_setup" name="setup" time="0.00100000000020373"/>
  </testsuite>
  <testsuite errors="0" failures="0" hostname="fv-az14" name="ds.rm::smk" skipped="0" tests="14" time="2.183" timestamp="2020-10-27T21:02:24Z">
    <testcase classname="ds.rm_smk" name="simple_test" time="0.282999999999902"/>
    <testcase classname="ds.rm_smk" name="simple_test" time="0.000999999999748979"/>
    <testcase classname="ds.rm_smk" name="simple_test" time="0.00200000000040745"/>
    <testcase classname="ds.rm_smk" name="simple_test" time="0.000999999999748979"/>
    <testcase classname="ds.rm_smk" name="simple_test" time="0.00100000000020373"/>
    <testcase classname="ds.rm_smk" name="simple_test" time="0.000999999999748979"/>
    <testcase classname="ds.rm_smk" name="simple_test" time="0.00100000000020373"/>
    <testcase classname="ds.rm_smk" name="simple_test" time="1.88599999999997"/>
    <testcase classname="ds.rm_smk" name="simple_test" time="0.000999999999748979"/>
    <testcase classname="ds.rm_smk" name="simple_test" time="0.00100000000020373"/>
    <testcase classname="ds.rm_smk" name="simple_test" time="0.00199999999995271"/>
    <testcase classname="ds.rm_smk" name="simple_test" time="0.00100000000020373"/>
    <testcase classname="ds.rm_smk" name="simple_test" time="0.000999999999748979"/>
    <testcase classname="ds.rm_smk" name="simple_test" time="0.00100000000020373"/>
  </testsuite>
  <testsuite errors="0" failures="0" hostname="fv-az14" name="ds.rm::smk::shutdown" skipped="0" tests="3" time="0.283" timestamp="2020-10-27T21:02:26Z">
    <testcase classname="ds.rm_smk_shutdown" name="shutdown" time="0.279999999999745"/>
    <testcase classname="ds.rm_smk_shutdown" name="shutdown" time="0.00199999999995271"/>
    <testcase classname="ds.rm_smk_shutdown" name="shutdown" time="0.00100000000020373"/>
  </testsuite>
  <testsuite errors="0" failures="0" hostname="fv-az14" name="ds.rm::smk::done" skipped="0" tests="0" time="0" timestamp="2020-10-27T21:02:27Z"/>
  <testsuite errors="0" failures="0" hostname="fv-az14" name="ds.rNorm::smk::setup" skipped="0" tests="3" time="5.457" timestamp="2020-10-27T21:02:27Z">
    <testcase classname="ds.rNorm_smk_setup" name="setup" time="5.45399999999972"/>
    <testcase classname="ds.rNorm_smk_setup" name="setup" time="0.00100000000020373"/>
    <testcase classname="ds.rNorm_smk_setup" name="setup" time="0.00199999999995271"/>
  </testsuite>
  <testsuite errors="0" failures="0" hostname="fv-az14" name="ds.rNorm::smk::simple test" skipped="0" tests="11" time="2.113" timestamp="2020-10-27T21:02:32Z">
    <testcase classname="ds.rNorm_smk_simple_test" name="simple_test" time="2.09999999999991"/>
    <testcase classname="ds.rNorm_smk_simple_test" name="simple_test" time="0.00100000000020373"/>
    <testcase classname="ds.rNorm_smk_simple_test" name="simple_test" time="0.00199999999995271"/>
    <testcase classname="ds.rNorm_smk_simple_test" name="simple_test" time="0.00100000000020373"/>
    <testcase classname="ds.rNorm_smk_simple_test" name="simple_test" time="0.000999999999748979"/>
    <testcase classname="ds.rNorm_smk_simple_test" name="simple_test" time="0.00100000000020373"/>
    <testcase classname="ds.rNorm_smk_simple_test" name="simple_test" time="0.00199999999995271"/>
    <testcase classname="ds.rNorm_smk_simple_test" name="simple_test" time="0.000999999999748979"/>
    <testcase classname="ds.rNorm_smk_simple_test" name="simple_test" time="0.00100000000020373"/>
    <testcase classname="ds.rNorm_smk_simple_test" name="simple_test" time="0.000999999999748979"/>
    <testcase classname="ds.rNorm_smk_simple_test" name="simple_test" time="0.00200000000040745"/>
  </testsuite>
  <testsuite errors="0" failures="0" hostname="fv-az14" name="ds.rNorm::smk::shutdown" skipped="0" tests="3" time="0.284" timestamp="2020-10-27T21:02:34Z">
    <testcase classname="ds.rNorm_smk_shutdown" name="shutdown" time="0.280999999999949"/>
    <testcase classname="ds.rNorm_smk_shutdown" name="shutdown" time="0.000999999999748979"/>
    <testcase classname="ds.rNorm_smk_shutdown" name="shutdown" time="0.00199999999995271"/>
  </testsuite>
  <testsuite errors="0" failures="0" hostname="fv-az14" name="ds.rNorm::smk::done" skipped="0" tests="0" time="0" timestamp="2020-10-27T21:02:35Z"/>
  <testsuite errors="0" failures="0" hostname="fv-az14" name="ds.rowColCalc::smk::setup" skipped="0" tests="3" time="5.529" timestamp="2020-10-27T21:02:35Z">
    <testcase classname="ds.rowColCalc_smk_setup" name="setup" time="5.52600000000029"/>
    <testcase classname="ds.rowColCalc_smk_setup" name="setup" time="0.00199999999995271"/>
    <testcase classname="ds.rowColCalc_smk_setup" name="setup" time="0.000999999999748979"/>
  </testsuite>
  <testsuite errors="0" failures="0" hostname="fv-az14" name="ds.rowColCalc::smk" skipped="0" tests="4" time="4.626" timestamp="2020-10-27T21:02:40Z">
    <testcase classname="ds.rowColCalc_smk" name="rowColCalc_exists" time="4.6220000000003"/>
    <testcase classname="ds.rowColCalc_smk" name="rowColCalc_exists" time="0.000999999999748979"/>
    <testcase classname="ds.rowColCalc_smk" name="rowColCalc_exists" time="0.00100000000020373"/>
    <testcase classname="ds.rowColCalc_smk" name="rowColCalc_exists" time="0.00199999999995271"/>
  </testsuite>
  <testsuite errors="0" failures="0" hostname="fv-az14" name="ds.rowColCalc::smk::no newobj" skipped="0" tests="4" time="4.623" timestamp="2020-10-27T21:02:45Z">
    <testcase classname="ds.rowColCalc_smk_no_newobj" name="rowColCalc_out_exists" time="4.61900000000014"/>
    <testcase classname="ds.rowColCalc_smk_no_newobj" name="rowColCalc_out_exists" time="0.000999999999748979"/>
    <testcase classname="ds.rowColCalc_smk_no_newobj" name="rowColCalc_out_exists" time="0.00100000000020373"/>
    <testcase classname="ds.rowColCalc_smk_no_newobj" name="rowColCalc_out_exists" time="0.00199999999995271"/>
  </testsuite>
  <testsuite errors="0" failures="0" hostname="fv-az14" name="ds.rowColCalc::smk::shutdown" skipped="0" tests="3" time="0.284" timestamp="2020-10-27T21:02:49Z">
    <testcase classname="ds.rowColCalc_smk_shutdown" name="shutdown" time="0.280999999999949"/>
    <testcase classname="ds.rowColCalc_smk_shutdown" name="shutdown" time="0.00199999999995271"/>
    <testcase classname="ds.rowColCalc_smk_shutdown" name="shutdown" time="0.00100000000020373"/>
  </testsuite>
  <testsuite errors="0" failures="0" hostname="fv-az14" name="ds.rowColCalc::smk::done" skipped="0" tests="0" time="0" timestamp="2020-10-27T21:02:50Z"/>
  <testsuite errors="0" failures="0" hostname="fv-az14" name="ds.rPois::smk::setup" skipped="0" tests="3" time="5.475" timestamp="2020-10-27T21:02:50Z">
    <testcase classname="ds.rPois_smk_setup" name="setup" time="5.47199999999975"/>
    <testcase classname="ds.rPois_smk_setup" name="setup" time="0.00199999999995271"/>
    <testcase classname="ds.rPois_smk_setup" name="setup" time="0.00100000000020373"/>
  </testsuite>
  <testsuite errors="0" failures="0" hostname="fv-az14" name="ds.rPois::smk::simple test" skipped="0" tests="11" time="2.12" timestamp="2020-10-27T21:02:55Z">
    <testcase classname="ds.rPois_smk_simple_test" name="simple_test" time="2.10599999999977"/>
    <testcase classname="ds.rPois_smk_simple_test" name="simple_test" time="0.00199999999995271"/>
    <testcase classname="ds.rPois_smk_simple_test" name="simple_test" time="0.00100000000020373"/>
    <testcase classname="ds.rPois_smk_simple_test" name="simple_test" time="0.000999999999748979"/>
    <testcase classname="ds.rPois_smk_simple_test" name="simple_test" time="0.00200000000040745"/>
    <testcase classname="ds.rPois_smk_simple_test" name="simple_test" time="0.000999999999748979"/>
    <testcase classname="ds.rPois_smk_simple_test" name="simple_test" time="0.00199999999995271"/>
    <testcase classname="ds.rPois_smk_simple_test" name="simple_test" time="0.00100000000020373"/>
    <testcase classname="ds.rPois_smk_simple_test" name="simple_test" time="0.00199999999995271"/>
    <testcase classname="ds.rPois_smk_simple_test" name="simple_test" time="0.000999999999748979"/>
    <testcase classname="ds.rPois_smk_simple_test" name="simple_test" time="0.00100000000020373"/>
  </testsuite>
  <testsuite errors="0" failures="0" hostname="fv-az14" name="ds.rPois::smk::shutdown" skipped="0" tests="3" time="0.292" timestamp="2020-10-27T21:02:57Z">
    <testcase classname="ds.rPois_smk_shutdown" name="shutdown" time="0.289999999999964"/>
    <testcase classname="ds.rPois_smk_shutdown" name="shutdown" time="0.00100000000020373"/>
    <testcase classname="ds.rPois_smk_shutdown" name="shutdown" time="0.000999999999748979"/>
  </testsuite>
  <testsuite errors="0" failures="0" hostname="fv-az14" name="ds.rPois::smk::done" skipped="0" tests="0" time="0" timestamp="2020-10-27T21:02:58Z"/>
  <testsuite errors="0" failures="0" hostname="fv-az14" name="ds.rUnif::smk::setup" skipped="0" tests="3" time="5.545" timestamp="2020-10-27T21:02:58Z">
    <testcase classname="ds.rUnif_smk_setup" name="setup" time="5.54199999999992"/>
    <testcase classname="ds.rUnif_smk_setup" name="setup" time="0.00100000000020373"/>
    <testcase classname="ds.rUnif_smk_setup" name="setup" time="0.00199999999995271"/>
  </testsuite>
  <testsuite errors="0" failures="0" hostname="fv-az14" name="ds.rUnif::smk::simple test" skipped="0" tests="11" time="2.118" timestamp="2020-10-27T21:03:03Z">
    <testcase classname="ds.rUnif_smk_simple_test" name="simple_test" time="2.10399999999981"/>
    <testcase classname="ds.rUnif_smk_simple_test" name="simple_test" time="0.00100000000020373"/>
    <testcase classname="ds.rUnif_smk_simple_test" name="simple_test" time="0.00199999999995271"/>
    <testcase classname="ds.rUnif_smk_simple_test" name="simple_test" time="0.00100000000020373"/>
    <testcase classname="ds.rUnif_smk_simple_test" name="simple_test" time="0.00199999999995271"/>
    <testcase classname="ds.rUnif_smk_simple_test" name="simple_test" time="0.000999999999748979"/>
    <testcase classname="ds.rUnif_smk_simple_test" name="simple_test" time="0.00100000000020373"/>
    <testcase classname="ds.rUnif_smk_simple_test" name="simple_test" time="0.00199999999995271"/>
    <testcase classname="ds.rUnif_smk_simple_test" name="simple_test" time="0.000999999999748979"/>
    <testcase classname="ds.rUnif_smk_simple_test" name="simple_test" time="0.00200000000040745"/>
    <testcase classname="ds.rUnif_smk_simple_test" name="simple_test" time="0.000999999999748979"/>
  </testsuite>
  <testsuite errors="0" failures="0" hostname="fv-az14" name="ds.rUnif::smk::shutdown" skipped="0" tests="3" time="0.285" timestamp="2020-10-27T21:03:05Z">
    <testcase classname="ds.rUnif_smk_shutdown" name="shutdown" time="0.282000000000153"/>
    <testcase classname="ds.rUnif_smk_shutdown" name="shutdown" time="0.000999999999748979"/>
    <testcase classname="ds.rUnif_smk_shutdown" name="shutdown" time="0.00199999999995271"/>
  </testsuite>
  <testsuite errors="0" failures="0" hostname="fv-az14" name="ds.rUnif::smk::done" skipped="0" tests="0" time="0" timestamp="2020-10-27T21:03:06Z"/>
  <testsuite errors="0" failures="0" hostname="fv-az14" name="ds.sample::smk::setup" skipped="0" tests="3" time="5.475" timestamp="2020-10-27T21:03:06Z">
    <testcase classname="ds.sample_smk_setup" name="setup" time="5.47200000000021"/>
    <testcase classname="ds.sample_smk_setup" name="setup" time="0.00199999999995271"/>
    <testcase classname="ds.sample_smk_setup" name="setup" time="0.00100000000020373"/>
  </testsuite>
  <testsuite errors="0" failures="0" hostname="fv-az14" name="ds.sample::smk::test" skipped="0" tests="64" time="6.725" timestamp="2020-10-27T21:03:11Z">
    <testcase classname="ds.sample_smk_test" name="simple_test" time="1.53899999999976"/>
    <testcase classname="ds.sample_smk_test" name="simple_test" time="0.00199999999995271"/>
    <testcase classname="ds.sample_smk_test" name="simple_test" time="0.00100000000020373"/>
    <testcase classname="ds.sample_smk_test" name="simple_test" time="0.279999999999745"/>
    <testcase classname="ds.sample_smk_test" name="simple_test" time="0.00199999999995271"/>
    <testcase classname="ds.sample_smk_test" name="simple_test" time="0.00100000000020373"/>
    <testcase classname="ds.sample_smk_test" name="simple_test" time="0.00199999999995271"/>
    <testcase classname="ds.sample_smk_test" name="simple_test" time="0.00100000000020373"/>
    <testcase classname="ds.sample_smk_test" name="simple_test" time="1.22599999999966"/>
    <testcase classname="ds.sample_smk_test" name="simple_test" time="0.00200000000040745"/>
    <testcase classname="ds.sample_smk_test" name="simple_test" time="0.000999999999748979"/>
    <testcase classname="ds.sample_smk_test" name="simple_test" time="0.00199999999995271"/>
    <testcase classname="ds.sample_smk_test" name="simple_test" time="0.00100000000020373"/>
    <testcase classname="ds.sample_smk_test" name="simple_test" time="0.00199999999995271"/>
    <testcase classname="ds.sample_smk_test" name="simple_test" time="0.00199999999995271"/>
    <testcase classname="ds.sample_smk_test" name="simple_test" time="0.00100000000020373"/>
    <testcase classname="ds.sample_smk_test" name="simple_test" time="0.00199999999995271"/>
    <testcase classname="ds.sample_smk_test" name="simple_test" time="0.000999999999748979"/>
    <testcase classname="ds.sample_smk_test" name="simple_test" time="0.00100000000020373"/>
    <testcase classname="ds.sample_smk_test" name="simple_test" time="0.00199999999995271"/>
    <testcase classname="ds.sample_smk_test" name="simple_test" time="0.000999999999748979"/>
    <testcase classname="ds.sample_smk_test" name="simple_test" time="0.00199999999995271"/>
    <testcase classname="ds.sample_smk_test" name="simple_test" time="0.00100000000020373"/>
    <testcase classname="ds.sample_smk_test" name="simple_test" time="0.00199999999995271"/>
    <testcase classname="ds.sample_smk_test" name="simple_test" time="0.00100000000020373"/>
    <testcase classname="ds.sample_smk_test" name="simple_test" time="0.00199999999995271"/>
    <testcase classname="ds.sample_smk_test" name="simple_test" time="0.000999999999748979"/>
    <testcase classname="ds.sample_smk_test" name="simple_test" time="0.00199999999995271"/>
    <testcase classname="ds.sample_smk_test" name="simple_test" time="0.00200000000040745"/>
    <testcase classname="ds.sample_smk_test" name="simple_test" time="0.00199999999995271"/>
    <testcase classname="ds.sample_smk_test" name="simple_test" time="0.271999999999935"/>
    <testcase classname="ds.sample_smk_test" name="simple_test" time="0.00199999999995271"/>
    <testcase classname="ds.sample_smk_test" name="simple_test" time="0.00199999999995271"/>
    <testcase classname="ds.sample_smk_test" name="simple_test" time="0.00199999999995271"/>
    <testcase classname="ds.sample_smk_test" name="simple_test" time="0.00100000000020373"/>
    <testcase classname="ds.sample_smk_test" name="simple_test" time="1.52199999999993"/>
    <testcase classname="ds.sample_smk_test" name="simple_test" time="0.00199999999995271"/>
    <testcase classname="ds.sample_smk_test" name="simple_test" time="0.00199999999995271"/>
    <testcase classname="ds.sample_smk_test" name="simple_test" time="0.282000000000153"/>
    <testcase classname="ds.sample_smk_test" name="simple_test" time="0.00199999999995271"/>
    <testcase classname="ds.sample_smk_test" name="simple_test" time="0.00199999999995271"/>
    <testcase classname="ds.sample_smk_test" name="simple_test" time="0.00199999999995271"/>
    <testcase classname="ds.sample_smk_test" name="simple_test" time="0.00199999999995271"/>
    <testcase classname="ds.sample_smk_test" name="simple_test" time="1.23000000000002"/>
    <testcase classname="ds.sample_smk_test" name="simple_test" time="0.00199999999995271"/>
    <testcase classname="ds.sample_smk_test" name="simple_test" time="0.00199999999995271"/>
    <testcase classname="ds.sample_smk_test" name="simple_test" time="0.000999999999748979"/>
    <testcase classname="ds.sample_smk_test" name="simple_test" time="0.00300000000015643"/>
    <testcase classname="ds.sample_smk_test" name="simple_test" time="0.00100000000020373"/>
    <testcase classname="ds.sample_smk_test" name="simple_test" time="0.00199999999995271"/>
    <testcase classname="ds.sample_smk_test" name="simple_test" time="0.00199999999995271"/>
    <testcase classname="ds.sample_smk_test" name="simple_test" time="0.00199999999995271"/>
    <testcase classname="ds.sample_smk_test" name="simple_test" time="0.00199999999995271"/>
    <testcase classname="ds.sample_smk_test" name="simple_test" time="0.00199999999995271"/>
    <testcase classname="ds.sample_smk_test" name="simple_test" time="0.00199999999995271"/>
    <testcase classname="ds.sample_smk_test" name="simple_test" time="0.00300000000015643"/>
    <testcase classname="ds.sample_smk_test" name="simple_test" time="0.00199999999995271"/>
    <testcase classname="ds.sample_smk_test" name="simple_test" time="0.00199999999995271"/>
    <testcase classname="ds.sample_smk_test" name="simple_test" time="0.00199999999995271"/>
    <testcase classname="ds.sample_smk_test" name="simple_test" time="0.273000000000138"/>
    <testcase classname="ds.sample_smk_test" name="simple_test" time="0.00300000000015643"/>
    <testcase classname="ds.sample_smk_test" name="simple_test" time="0.00199999999995271"/>
    <testcase classname="ds.sample_smk_test" name="simple_test" time="0.00199999999995271"/>
    <testcase classname="ds.sample_smk_test" name="simple_test" time="0.00299999999970169"/>
  </testsuite>
  <testsuite errors="0" failures="0" hostname="fv-az14" name="ds.sample::smk::test error" skipped="0" tests="7" time="1.547" timestamp="2020-10-27T21:03:18Z">
    <testcase classname="ds.sample_smk_test_error" name="simple_test_error" time="1.53900000000021"/>
    <testcase classname="ds.sample_smk_test_error" name="simple_test_error" time="0.000999999999748979"/>
    <testcase classname="ds.sample_smk_test_error" name="simple_test_error" time="0.00100000000020373"/>
    <testcase classname="ds.sample_smk_test_error" name="simple_test_error" time="0.00199999999995271"/>
    <testcase classname="ds.sample_smk_test_error" name="simple_test_error" time="0.00100000000020373"/>
    <testcase classname="ds.sample_smk_test_error" name="simple_test_error" time="0.000999999999748979"/>
    <testcase classname="ds.sample_smk_test_error" name="simple_test_error" time="0.00199999999995271"/>
  </testsuite>
  <testsuite errors="0" failures="0" hostname="fv-az14" name="ds.sample::smk::shutdown" skipped="0" tests="3" time="0.282" timestamp="2020-10-27T21:03:19Z">
    <testcase classname="ds.sample_smk_shutdown" name="shutdown" time="0.278999999999996"/>
    <testcase classname="ds.sample_smk_shutdown" name="shutdown" time="0.00100000000020373"/>
    <testcase classname="ds.sample_smk_shutdown" name="shutdown" time="0.00199999999995271"/>
  </testsuite>
  <testsuite errors="0" failures="0" hostname="fv-az14" name="ds.sample::smk::done" skipped="0" tests="0" time="0" timestamp="2020-10-27T21:03:20Z"/>
  <testsuite errors="0" failures="0" hostname="fv-az14" name="ds.seq::smk::setup" skipped="0" tests="3" time="5.502" timestamp="2020-10-27T21:03:20Z">
    <testcase classname="ds.seq_smk_setup" name="setup" time="5.4989999999998"/>
    <testcase classname="ds.seq_smk_setup" name="setup" time="0.00100000000020373"/>
    <testcase classname="ds.seq_smk_setup" name="setup" time="0.00199999999995271"/>
  </testsuite>
  <testsuite errors="0" failures="0" hostname="fv-az14" name="ds.seq::smk" skipped="0" tests="6" time="1.733" timestamp="2020-10-27T21:03:25Z">
    <testcase classname="ds.seq_smk" name="simplest_ds.seq" time="0.918999999999869"/>
    <testcase classname="ds.seq_smk" name="simplest_ds.seq" time="0.00100000000020373"/>
    <testcase classname="ds.seq_smk" name="simplest_ds.seq" time="0.00199999999995271"/>
    <testcase classname="ds.seq_smk" name="simplest_ds.seq" time="0.807999999999993"/>
    <testcase classname="ds.seq_smk" name="simplest_ds.seq" time="0.00199999999995271"/>
    <testcase classname="ds.seq_smk" name="simplest_ds.seq" time="0.00100000000020373"/>
  </testsuite>
  <testsuite errors="0" failures="0" hostname="fv-az14" name="ds.seq::smk::shutdown" skipped="0" tests="3" time="0.285" timestamp="2020-10-27T21:03:27Z">
    <testcase classname="ds.seq_smk_shutdown" name="shutdown" time="0.282999999999902"/>
    <testcase classname="ds.seq_smk_shutdown" name="shutdown" time="0.00100000000020373"/>
    <testcase classname="ds.seq_smk_shutdown" name="shutdown" time="0.00100000000020373"/>
  </testsuite>
  <testsuite errors="0" failures="0" hostname="fv-az14" name="ds.seq::smk::done" skipped="0" tests="0" time="0" timestamp="2020-10-27T21:03:28Z"/>
  <testsuite errors="0" failures="0" hostname="fv-az14" name="ds.setSeed::smk::setup" skipped="0" tests="3" time="5.519" timestamp="2020-10-27T21:03:28Z">
    <testcase classname="ds.setSeed_smk_setup" name="setup" time="5.51699999999983"/>
    <testcase classname="ds.setSeed_smk_setup" name="setup" time="0.00100000000020373"/>
    <testcase classname="ds.setSeed_smk_setup" name="setup" time="0.000999999999748979"/>
  </testsuite>
  <testsuite errors="0" failures="0" hostname="fv-az14" name="ds.setSeed::smk" skipped="0" tests="9" time="0.317" timestamp="2020-10-27T21:03:32Z">
    <testcase classname="ds.setSeed_smk" name="basic_setSeed" time="0.307000000000244"/>
    <testcase classname="ds.setSeed_smk" name="basic_setSeed" time="0.000999999999748979"/>
    <testcase classname="ds.setSeed_smk" name="basic_setSeed" time="0.00100000000020373"/>
    <testcase classname="ds.setSeed_smk" name="basic_setSeed" time="0.00199999999995271"/>
    <testcase classname="ds.setSeed_smk" name="basic_setSeed" time="0.000999999999748979"/>
    <testcase classname="ds.setSeed_smk" name="basic_setSeed" time="0.00100000000020373"/>
    <testcase classname="ds.setSeed_smk" name="basic_setSeed" time="0.000999999999748979"/>
    <testcase classname="ds.setSeed_smk" name="basic_setSeed" time="0.00100000000020373"/>
    <testcase classname="ds.setSeed_smk" name="basic_setSeed" time="0.00199999999995271"/>
  </testsuite>
  <testsuite errors="0" failures="0" hostname="fv-az14" name="ds.setSeed::smk::shutdown" skipped="0" tests="3" time="0.298" timestamp="2020-10-27T21:03:33Z">
    <testcase classname="ds.setSeed_smk_shutdown" name="shutdown" time="0.295000000000073"/>
    <testcase classname="ds.setSeed_smk_shutdown" name="shutdown" time="0.00199999999995271"/>
    <testcase classname="ds.setSeed_smk_shutdown" name="shutdown" time="0.00100000000020373"/>
  </testsuite>
  <testsuite errors="0" failures="0" hostname="fv-az14" name="ds.setSeed::smk::done" skipped="0" tests="0" time="0" timestamp="2020-10-27T21:03:34Z"/>
  <testsuite errors="0" failures="0" hostname="fv-az14" name="ds.skewness::smk::setup" skipped="0" tests="3" time="5.65" timestamp="2020-10-27T21:03:34Z">
    <testcase classname="ds.skewness_smk_setup" name="setup" time="5.64799999999968"/>
    <testcase classname="ds.skewness_smk_setup" name="setup" time="0.00100000000020373"/>
    <testcase classname="ds.skewness_smk_setup" name="setup" time="0.000999999999748979"/>
  </testsuite>
  <testsuite errors="0" failures="0" hostname="fv-az14" name="ds.skewness::smk::method 1::split" skipped="0" tests="70" time="6.249" timestamp="2020-10-27T21:03:39Z">
    <testcase classname="ds.skewness_smk_method_1_split" name="simple_skewness_method_1_split_on_LAB_TSC" time="1.23100000000022"/>
    <testcase classname="ds.skewness_smk_method_1_split" name="simple_skewness_method_1_split_on_LAB_TSC" time="0.000999999999748979"/>
    <testcase classname="ds.skewness_smk_method_1_split" name="simple_skewness_method_1_split_on_LAB_TSC" time="0.00100000000020373"/>
    <testcase classname="ds.skewness_smk_method_1_split" name="simple_skewness_method_1_split_on_LAB_TSC" time="0.00100000000020373"/>
    <testcase classname="ds.skewness_smk_method_1_split" name="simple_skewness_method_1_split_on_LAB_TSC" time="0.00199999999995271"/>
    <testcase classname="ds.skewness_smk_method_1_split" name="simple_skewness_method_1_split_on_LAB_TSC" time="0.000999999999748979"/>
    <testcase classname="ds.skewness_smk_method_1_split" name="simple_skewness_method_1_split_on_LAB_TSC" time="0.00100000000020373"/>
    <testcase classname="ds.skewness_smk_method_1_split" name="simple_skewness_method_1_split_on_LAB_TSC" time="0.000999999999748979"/>
    <testcase classname="ds.skewness_smk_method_1_split" name="simple_skewness_method_1_split_on_LAB_TSC" time="0.00199999999995271"/>
    <testcase classname="ds.skewness_smk_method_1_split" name="simple_skewness_method_1_split_on_LAB_TSC" time="0.00100000000020373"/>
    <testcase classname="ds.skewness_smk_method_1_split" name="simple_skewness_method_1_split_on_LAB_TSC" time="0.000999999999748979"/>
    <testcase classname="ds.skewness_smk_method_1_split" name="simple_skewness_method_1_split_on_LAB_TSC" time="0.00100000000020373"/>
    <testcase classname="ds.skewness_smk_method_1_split" name="simple_skewness_method_1_split_on_LAB_TSC" time="0.00199999999995271"/>
    <testcase classname="ds.skewness_smk_method_1_split" name="simple_skewness_method_1_split_on_LAB_TSC" time="0.00100000000020373"/>
    <testcase classname="ds.skewness_smk_method_1_split" name="simple_skewness_method_1_split_on_LAB_TRIG" time="1.22899999999981"/>
    <testcase classname="ds.skewness_smk_method_1_split" name="simple_skewness_method_1_split_on_LAB_TRIG" time="0.00199999999995271"/>
    <testcase classname="ds.skewness_smk_method_1_split" name="simple_skewness_method_1_split_on_LAB_TRIG" time="0.00199999999995271"/>
    <testcase classname="ds.skewness_smk_method_1_split" name="simple_skewness_method_1_split_on_LAB_TRIG" time="0.00100000000020373"/>
    <testcase classname="ds.skewness_smk_method_1_split" name="simple_skewness_method_1_split_on_LAB_TRIG" time="0.00199999999995271"/>
    <testcase classname="ds.skewness_smk_method_1_split" name="simple_skewness_method_1_split_on_LAB_TRIG" time="0.00100000000020373"/>
    <testcase classname="ds.skewness_smk_method_1_split" name="simple_skewness_method_1_split_on_LAB_TRIG" time="0.00199999999995271"/>
    <testcase classname="ds.skewness_smk_method_1_split" name="simple_skewness_method_1_split_on_LAB_TRIG" time="0.000999999999748979"/>
    <testcase classname="ds.skewness_smk_method_1_split" name="simple_skewness_method_1_split_on_LAB_TRIG" time="0.00199999999995271"/>
    <testcase classname="ds.skewness_smk_method_1_split" name="simple_skewness_method_1_split_on_LAB_TRIG" time="0.00100000000020373"/>
    <testcase classname="ds.skewness_smk_method_1_split" name="simple_skewness_method_1_split_on_LAB_TRIG" time="0.00199999999995271"/>
    <testcase classname="ds.skewness_smk_method_1_split" name="simple_skewness_method_1_split_on_LAB_TRIG" time="0.000999999999748979"/>
    <testcase classname="ds.skewness_smk_method_1_split" name="simple_skewness_method_1_split_on_LAB_TRIG" time="0.00200000000040745"/>
    <testcase classname="ds.skewness_smk_method_1_split" name="simple_skewness_method_1_split_on_LAB_TRIG" time="0.000999999999748979"/>
    <testcase classname="ds.skewness_smk_method_1_split" name="simple_skewness_method_1_split_on_LAB_HDL" time="1.22200000000021"/>
    <testcase classname="ds.skewness_smk_method_1_split" name="simple_skewness_method_1_split_on_LAB_HDL" time="0.00199999999995271"/>
    <testcase classname="ds.skewness_smk_method_1_split" name="simple_skewness_method_1_split_on_LAB_HDL" time="0.00199999999995271"/>
    <testcase classname="ds.skewness_smk_method_1_split" name="simple_skewness_method_1_split_on_LAB_HDL" time="0.000999999999748979"/>
    <testcase classname="ds.skewness_smk_method_1_split" name="simple_skewness_method_1_split_on_LAB_HDL" time="0.00200000000040745"/>
    <testcase classname="ds.skewness_smk_method_1_split" name="simple_skewness_method_1_split_on_LAB_HDL" time="0.00199999999995271"/>
    <testcase classname="ds.skewness_smk_method_1_split" name="simple_skewness_method_1_split_on_LAB_HDL" time="0.000999999999748979"/>
    <testcase classname="ds.skewness_smk_method_1_split" name="simple_skewness_method_1_split_on_LAB_HDL" time="0.00199999999995271"/>
    <testcase classname="ds.skewness_smk_method_1_split" name="simple_skewness_method_1_split_on_LAB_HDL" time="0.00199999999995271"/>
    <testcase classname="ds.skewness_smk_method_1_split" name="simple_skewness_method_1_split_on_LAB_HDL" time="0.00200000000040745"/>
    <testcase classname="ds.skewness_smk_method_1_split" name="simple_skewness_method_1_split_on_LAB_HDL" time="0.00199999999995271"/>
    <testcase classname="ds.skewness_smk_method_1_split" name="simple_skewness_method_1_split_on_LAB_HDL" time="0.000999999999748979"/>
    <testcase classname="ds.skewness_smk_method_1_split" name="simple_skewness_method_1_split_on_LAB_HDL" time="0.00199999999995271"/>
    <testcase classname="ds.skewness_smk_method_1_split" name="simple_skewness_method_1_split_on_LAB_HDL" time="0.00199999999995271"/>
    <testcase classname="ds.skewness_smk_method_1_split" name="simple_skewness_method_1_split_on_LAB_GLUC_ADJUSTED" time="1.22900000000027"/>
    <testcase classname="ds.skewness_smk_method_1_split" name="simple_skewness_method_1_split_on_LAB_GLUC_ADJUSTED" time="0.00199999999995271"/>
    <testcase classname="ds.skewness_smk_method_1_split" name="simple_skewness_method_1_split_on_LAB_GLUC_ADJUSTED" time="0.00199999999995271"/>
    <testcase classname="ds.skewness_smk_method_1_split" name="simple_skewness_method_1_split_on_LAB_GLUC_ADJUSTED" time="0.00199999999995271"/>
    <testcase classname="ds.skewness_smk_method_1_split" name="simple_skewness_method_1_split_on_LAB_GLUC_ADJUSTED" time="0.00199999999995271"/>
    <testcase classname="ds.skewness_smk_method_1_split" name="simple_skewness_method_1_split_on_LAB_GLUC_ADJUSTED" time="0.00199999999995271"/>
    <testcase classname="ds.skewness_smk_method_1_split" name="simple_skewness_method_1_split_on_LAB_GLUC_ADJUSTED" time="0.00199999999995271"/>
    <testcase classname="ds.skewness_smk_method_1_split" name="simple_skewness_method_1_split_on_LAB_GLUC_ADJUSTED" time="0.00200000000040745"/>
    <testcase classname="ds.skewness_smk_method_1_split" name="simple_skewness_method_1_split_on_LAB_GLUC_ADJUSTED" time="0.000999999999748979"/>
    <testcase classname="ds.skewness_smk_method_1_split" name="simple_skewness_method_1_split_on_LAB_GLUC_ADJUSTED" time="0.00199999999995271"/>
    <testcase classname="ds.skewness_smk_method_1_split" name="simple_skewness_method_1_split_on_LAB_GLUC_ADJUSTED" time="0.00199999999995271"/>
    <testcase classname="ds.skewness_smk_method_1_split" name="simple_skewness_method_1_split_on_LAB_GLUC_ADJUSTED" time="0.00199999999995271"/>
    <testcase classname="ds.skewness_smk_method_1_split" name="simple_skewness_method_1_split_on_LAB_GLUC_ADJUSTED" time="0.00300000000015643"/>
    <testcase classname="ds.skewness_smk_method_1_split" name="simple_skewness_method_1_split_on_LAB_GLUC_ADJUSTED" time="0.00199999999995271"/>
    <testcase classname="ds.skewness_smk_method_1_split" name="simple_skewness_method_1_split_on_PM_BMI_CONTINUOUS" time="1.22499999999991"/>
    <testcase classname="ds.skewness_smk_method_1_split" name="simple_skewness_method_1_split_on_PM_BMI_CONTINUOUS" time="0.00300000000015643"/>
    <testcase classname="ds.skewness_smk_method_1_split" name="simple_skewness_method_1_split_on_PM_BMI_CONTINUOUS" time="0.00199999999995271"/>
    <testcase classname="ds.skewness_smk_method_1_split" name="simple_skewness_method_1_split_on_PM_BMI_CONTINUOUS" time="0.00199999999995271"/>
    <testcase classname="ds.skewness_smk_method_1_split" name="simple_skewness_method_1_split_on_PM_BMI_CONTINUOUS" time="0.00199999999995271"/>
    <testcase classname="ds.skewness_smk_method_1_split" name="simple_skewness_method_1_split_on_PM_BMI_CONTINUOUS" time="0.00199999999995271"/>
    <testcase classname="ds.skewness_smk_method_1_split" name="simple_skewness_method_1_split_on_PM_BMI_CONTINUOUS" time="0.00200000000040745"/>
    <testcase classname="ds.skewness_smk_method_1_split" name="simple_skewness_method_1_split_on_PM_BMI_CONTINUOUS" time="0.00199999999995271"/>
    <testcase classname="ds.skewness_smk_method_1_split" name="simple_skewness_method_1_split_on_PM_BMI_CONTINUOUS" time="0.00199999999995271"/>
    <testcase classname="ds.skewness_smk_method_1_split" name="simple_skewness_method_1_split_on_PM_BMI_CONTINUOUS" time="0.00199999999995271"/>
    <testcase classname="ds.skewness_smk_method_1_split" name="simple_skewness_method_1_split_on_PM_BMI_CONTINUOUS" time="0.00299999999970169"/>
    <testcase classname="ds.skewness_smk_method_1_split" name="simple_skewness_method_1_split_on_PM_BMI_CONTINUOUS" time="0.00200000000040745"/>
    <testcase classname="ds.skewness_smk_method_1_split" name="simple_skewness_method_1_split_on_PM_BMI_CONTINUOUS" time="0.00199999999995271"/>
    <testcase classname="ds.skewness_smk_method_1_split" name="simple_skewness_method_1_split_on_PM_BMI_CONTINUOUS" time="0.00199999999995271"/>
  </testsuite>
  <testsuite errors="0" failures="0" hostname="fv-az14" name="ds.skewness::smk::method 1::combine" skipped="0" tests="40" time="7.537" timestamp="2020-10-27T21:03:45Z">
    <testcase classname="ds.skewness_smk_method_1_combine" name="simple_skewness_combine_on_LAB_TSC" time="1.51800000000003"/>
    <testcase classname="ds.skewness_smk_method_1_combine" name="simple_skewness_combine_on_LAB_TSC" time="0.00199999999995271"/>
    <testcase classname="ds.skewness_smk_method_1_combine" name="simple_skewness_combine_on_LAB_TSC" time="0.000999999999748979"/>
    <testcase classname="ds.skewness_smk_method_1_combine" name="simple_skewness_combine_on_LAB_TSC" time="0.00100000000020373"/>
    <testcase classname="ds.skewness_smk_method_1_combine" name="simple_skewness_combine_on_LAB_TSC" time="0.00199999999995271"/>
    <testcase classname="ds.skewness_smk_method_1_combine" name="simple_skewness_combine_on_LAB_TSC" time="0.00100000000020373"/>
    <testcase classname="ds.skewness_smk_method_1_combine" name="simple_skewness_combine_on_LAB_TSC" time="0.000999999999748979"/>
    <testcase classname="ds.skewness_smk_method_1_combine" name="simple_skewness_combine_on_LAB_TSC" time="0.00199999999995271"/>
    <testcase classname="ds.skewness_smk_method_1_combine" name="simple_skewness_method_1_combine_on_LAB_TRIG" time="1.49900000000025"/>
    <testcase classname="ds.skewness_smk_method_1_combine" name="simple_skewness_method_1_combine_on_LAB_TRIG" time="0.000999999999748979"/>
    <testcase classname="ds.skewness_smk_method_1_combine" name="simple_skewness_method_1_combine_on_LAB_TRIG" time="0.00100000000020373"/>
    <testcase classname="ds.skewness_smk_method_1_combine" name="simple_skewness_method_1_combine_on_LAB_TRIG" time="0.00199999999995271"/>
    <testcase classname="ds.skewness_smk_method_1_combine" name="simple_skewness_method_1_combine_on_LAB_TRIG" time="0.000999999999748979"/>
    <testcase classname="ds.skewness_smk_method_1_combine" name="simple_skewness_method_1_combine_on_LAB_TRIG" time="0.00200000000040745"/>
    <testcase classname="ds.skewness_smk_method_1_combine" name="simple_skewness_method_1_combine_on_LAB_TRIG" time="0.000999999999748979"/>
    <testcase classname="ds.skewness_smk_method_1_combine" name="simple_skewness_method_1_combine_on_LAB_TRIG" time="0.00100000000020373"/>
    <testcase classname="ds.skewness_smk_method_1_combine" name="simple_skewness_method_1_combine_on_LAB_HDL" time="1.48399999999992"/>
    <testcase classname="ds.skewness_smk_method_1_combine" name="simple_skewness_method_1_combine_on_LAB_HDL" time="0.000999999999748979"/>
    <testcase classname="ds.skewness_smk_method_1_combine" name="simple_skewness_method_1_combine_on_LAB_HDL" time="0.00100000000020373"/>
    <testcase classname="ds.skewness_smk_method_1_combine" name="simple_skewness_method_1_combine_on_LAB_HDL" time="0.00199999999995271"/>
    <testcase classname="ds.skewness_smk_method_1_combine" name="simple_skewness_method_1_combine_on_LAB_HDL" time="0.00100000000020373"/>
    <testcase classname="ds.skewness_smk_method_1_combine" name="simple_skewness_method_1_combine_on_LAB_HDL" time="0.00199999999995271"/>
    <testcase classname="ds.skewness_smk_method_1_combine" name="simple_skewness_method_1_combine_on_LAB_HDL" time="0.00199999999995271"/>
    <testcase classname="ds.skewness_smk_method_1_combine" name="simple_skewness_method_1_combine_on_LAB_HDL" time="0.00199999999995271"/>
    <testcase classname="ds.skewness_smk_method_1_combine" name="simple_skewness_method_1_combine_on_LAB_GLUC_ADJUSTED" time="1.48599999999988"/>
    <testcase classname="ds.skewness_smk_method_1_combine" name="simple_skewness_method_1_combine_on_LAB_GLUC_ADJUSTED" time="0.00199999999995271"/>
    <testcase classname="ds.skewness_smk_method_1_combine" name="simple_skewness_method_1_combine_on_LAB_GLUC_ADJUSTED" time="0.00100000000020373"/>
    <testcase classname="ds.skewness_smk_method_1_combine" name="simple_skewness_method_1_combine_on_LAB_GLUC_ADJUSTED" time="0.00199999999995271"/>
    <testcase classname="ds.skewness_smk_method_1_combine" name="simple_skewness_method_1_combine_on_LAB_GLUC_ADJUSTED" time="0.00199999999995271"/>
    <testcase classname="ds.skewness_smk_method_1_combine" name="simple_skewness_method_1_combine_on_LAB_GLUC_ADJUSTED" time="0.00100000000020373"/>
    <testcase classname="ds.skewness_smk_method_1_combine" name="simple_skewness_method_1_combine_on_LAB_GLUC_ADJUSTED" time="0.00199999999995271"/>
    <testcase classname="ds.skewness_smk_method_1_combine" name="simple_skewness_method_1_combine_on_LAB_GLUC_ADJUSTED" time="0.00199999999995271"/>
    <testcase classname="ds.skewness_smk_method_1_combine" name="simple_skewness_method_1_combine_on_PM_BMI_CONTINUOUS" time="1.49499999999989"/>
    <testcase classname="ds.skewness_smk_method_1_combine" name="simple_skewness_method_1_combine_on_PM_BMI_CONTINUOUS" time="0.00199999999995271"/>
    <testcase classname="ds.skewness_smk_method_1_combine" name="simple_skewness_method_1_combine_on_PM_BMI_CONTINUOUS" time="0.00199999999995271"/>
    <testcase classname="ds.skewness_smk_method_1_combine" name="simple_skewness_method_1_combine_on_PM_BMI_CONTINUOUS" time="0.00199999999995271"/>
    <testcase classname="ds.skewness_smk_method_1_combine" name="simple_skewness_method_1_combine_on_PM_BMI_CONTINUOUS" time="0.00199999999995271"/>
    <testcase classname="ds.skewness_smk_method_1_combine" name="simple_skewness_method_1_combine_on_PM_BMI_CONTINUOUS" time="0.00100000000020373"/>
    <testcase classname="ds.skewness_smk_method_1_combine" name="simple_skewness_method_1_combine_on_PM_BMI_CONTINUOUS" time="0.00199999999995271"/>
    <testcase classname="ds.skewness_smk_method_1_combine" name="simple_skewness_method_1_combine_on_PM_BMI_CONTINUOUS" time="0.00199999999995271"/>
  </testsuite>
  <testsuite errors="0" failures="0" hostname="fv-az14" name="ds.skewness::smk::method 1::both" skipped="0" tests="110" time="9.097" timestamp="2020-10-27T21:03:53Z">
    <testcase classname="ds.skewness_smk_method_1_both" name="simple_skewness_both_on_LAB_TSC" time="1.77800000000025"/>
    <testcase classname="ds.skewness_smk_method_1_both" name="simple_skewness_both_on_LAB_TSC" time="0.00199999999995271"/>
    <testcase classname="ds.skewness_smk_method_1_both" name="simple_skewness_both_on_LAB_TSC" time="0.000999999999748979"/>
    <testcase classname="ds.skewness_smk_method_1_both" name="simple_skewness_both_on_LAB_TSC" time="0.00100000000020373"/>
    <testcase classname="ds.skewness_smk_method_1_both" name="simple_skewness_both_on_LAB_TSC" time="0.000999999999748979"/>
    <testcase classname="ds.skewness_smk_method_1_both" name="simple_skewness_both_on_LAB_TSC" time="0.00200000000040745"/>
    <testcase classname="ds.skewness_smk_method_1_both" name="simple_skewness_both_on_LAB_TSC" time="0.000999999999748979"/>
    <testcase classname="ds.skewness_smk_method_1_both" name="simple_skewness_both_on_LAB_TSC" time="0.00199999999995271"/>
    <testcase classname="ds.skewness_smk_method_1_both" name="simple_skewness_both_on_LAB_TSC" time="0.00100000000020373"/>
    <testcase classname="ds.skewness_smk_method_1_both" name="simple_skewness_both_on_LAB_TSC" time="0.00199999999995271"/>
    <testcase classname="ds.skewness_smk_method_1_both" name="simple_skewness_both_on_LAB_TSC" time="0.00900000000001455"/>
    <testcase classname="ds.skewness_smk_method_1_both" name="simple_skewness_both_on_LAB_TSC" time="0.00199999999995271"/>
    <testcase classname="ds.skewness_smk_method_1_both" name="simple_skewness_both_on_LAB_TSC" time="0.000999999999748979"/>
    <testcase classname="ds.skewness_smk_method_1_both" name="simple_skewness_both_on_LAB_TSC" time="0.00200000000040745"/>
    <testcase classname="ds.skewness_smk_method_1_both" name="simple_skewness_both_on_LAB_TSC" time="0.00199999999995271"/>
    <testcase classname="ds.skewness_smk_method_1_both" name="simple_skewness_both_on_LAB_TSC" time="0.000999999999748979"/>
    <testcase classname="ds.skewness_smk_method_1_both" name="simple_skewness_both_on_LAB_TSC" time="0.00199999999995271"/>
    <testcase classname="ds.skewness_smk_method_1_both" name="simple_skewness_both_on_LAB_TSC" time="0.00199999999995271"/>
    <testcase classname="ds.skewness_smk_method_1_both" name="simple_skewness_both_on_LAB_TSC" time="0.00100000000020373"/>
    <testcase classname="ds.skewness_smk_method_1_both" name="simple_skewness_both_on_LAB_TSC" time="0.00199999999995271"/>
    <testcase classname="ds.skewness_smk_method_1_both" name="simple_skewness_both_on_LAB_TSC" time="0.00199999999995271"/>
    <testcase classname="ds.skewness_smk_method_1_both" name="simple_skewness_both_on_LAB_TSC" time="0.00100000000020373"/>
    <testcase classname="ds.skewness_smk_method_1_both" name="simple_skewness_method_1_both_on_LAB_TRIG" time="1.779"/>
    <testcase classname="ds.skewness_smk_method_1_both" name="simple_skewness_method_1_both_on_LAB_TRIG" time="0.00199999999995271"/>
    <testcase classname="ds.skewness_smk_method_1_both" name="simple_skewness_method_1_both_on_LAB_TRIG" time="0.00199999999995271"/>
    <testcase classname="ds.skewness_smk_method_1_both" name="simple_skewness_method_1_both_on_LAB_TRIG" time="0.00199999999995271"/>
    <testcase classname="ds.skewness_smk_method_1_both" name="simple_skewness_method_1_both_on_LAB_TRIG" time="0.00199999999995271"/>
    <testcase classname="ds.skewness_smk_method_1_both" name="simple_skewness_method_1_both_on_LAB_TRIG" time="0.00100000000020373"/>
    <testcase classname="ds.skewness_smk_method_1_both" name="simple_skewness_method_1_both_on_LAB_TRIG" time="0.00100000000020373"/>
    <testcase classname="ds.skewness_smk_method_1_both" name="simple_skewness_method_1_both_on_LAB_TRIG" time="0.00199999999995271"/>
    <testcase classname="ds.skewness_smk_method_1_both" name="simple_skewness_method_1_both_on_LAB_TRIG" time="0.000999999999748979"/>
    <testcase classname="ds.skewness_smk_method_1_both" name="simple_skewness_method_1_both_on_LAB_TRIG" time="0.00100000000020373"/>
    <testcase classname="ds.skewness_smk_method_1_both" name="simple_skewness_method_1_both_on_LAB_TRIG" time="0.00199999999995271"/>
    <testcase classname="ds.skewness_smk_method_1_both" name="simple_skewness_method_1_both_on_LAB_TRIG" time="0.00199999999995271"/>
    <testcase classname="ds.skewness_smk_method_1_both" name="simple_skewness_method_1_both_on_LAB_TRIG" time="0.00199999999995271"/>
    <testcase classname="ds.skewness_smk_method_1_both" name="simple_skewness_method_1_both_on_LAB_TRIG" time="0.00199999999995271"/>
    <testcase classname="ds.skewness_smk_method_1_both" name="simple_skewness_method_1_both_on_LAB_TRIG" time="0.00100000000020373"/>
    <testcase classname="ds.skewness_smk_method_1_both" name="simple_skewness_method_1_both_on_LAB_TRIG" time="0.00199999999995271"/>
    <testcase classname="ds.skewness_smk_method_1_both" name="simple_skewness_method_1_both_on_LAB_TRIG" time="0.00199999999995271"/>
    <testcase classname="ds.skewness_smk_method_1_both" name="simple_skewness_method_1_both_on_LAB_TRIG" time="0.00199999999995271"/>
    <testcase classname="ds.skewness_smk_method_1_both" name="simple_skewness_method_1_both_on_LAB_TRIG" time="0.00199999999995271"/>
    <testcase classname="ds.skewness_smk_method_1_both" name="simple_skewness_method_1_both_on_LAB_TRIG" time="0.00199999999995271"/>
    <testcase classname="ds.skewness_smk_method_1_both" name="simple_skewness_method_1_both_on_LAB_TRIG" time="0.00100000000020373"/>
    <testcase classname="ds.skewness_smk_method_1_both" name="simple_skewness_method_1_both_on_LAB_TRIG" time="0.00199999999995271"/>
    <testcase classname="ds.skewness_smk_method_1_both" name="simple_skewness_method_1_both_on_LAB_HDL" time="1.76399999999967"/>
    <testcase classname="ds.skewness_smk_method_1_both" name="simple_skewness_method_1_both_on_LAB_HDL" time="0.00300000000015643"/>
    <testcase classname="ds.skewness_smk_method_1_both" name="simple_skewness_method_1_both_on_LAB_HDL" time="0.00199999999995271"/>
    <testcase classname="ds.skewness_smk_method_1_both" name="simple_skewness_method_1_both_on_LAB_HDL" time="0.00199999999995271"/>
    <testcase classname="ds.skewness_smk_method_1_both" name="simple_skewness_method_1_both_on_LAB_HDL" time="0.00199999999995271"/>
    <testcase classname="ds.skewness_smk_method_1_both" name="simple_skewness_method_1_both_on_LAB_HDL" time="0.00200000000040745"/>
    <testcase classname="ds.skewness_smk_method_1_both" name="simple_skewness_method_1_both_on_LAB_HDL" time="0.00199999999995271"/>
    <testcase classname="ds.skewness_smk_method_1_both" name="simple_skewness_method_1_both_on_LAB_HDL" time="0.00199999999995271"/>
    <testcase classname="ds.skewness_smk_method_1_both" name="simple_skewness_method_1_both_on_LAB_HDL" time="0.00199999999995271"/>
    <testcase classname="ds.skewness_smk_method_1_both" name="simple_skewness_method_1_both_on_LAB_HDL" time="0.00300000000015643"/>
    <testcase classname="ds.skewness_smk_method_1_both" name="simple_skewness_method_1_both_on_LAB_HDL" time="0.00199999999995271"/>
    <testcase classname="ds.skewness_smk_method_1_both" name="simple_skewness_method_1_both_on_LAB_HDL" time="0.00199999999995271"/>
    <testcase classname="ds.skewness_smk_method_1_both" name="simple_skewness_method_1_both_on_LAB_HDL" time="0.00199999999995271"/>
    <testcase classname="ds.skewness_smk_method_1_both" name="simple_skewness_method_1_both_on_LAB_HDL" time="0.00199999999995271"/>
    <testcase classname="ds.skewness_smk_method_1_both" name="simple_skewness_method_1_both_on_LAB_HDL" time="0.00300000000015643"/>
    <testcase classname="ds.skewness_smk_method_1_both" name="simple_skewness_method_1_both_on_LAB_HDL" time="0.00199999999995271"/>
    <testcase classname="ds.skewness_smk_method_1_both" name="simple_skewness_method_1_both_on_LAB_HDL" time="0.00199999999995271"/>
    <testcase classname="ds.skewness_smk_method_1_both" name="simple_skewness_method_1_both_on_LAB_HDL" time="0.00299999999970169"/>
    <testcase classname="ds.skewness_smk_method_1_both" name="simple_skewness_method_1_both_on_LAB_HDL" time="0.00200000000040745"/>
    <testcase classname="ds.skewness_smk_method_1_both" name="simple_skewness_method_1_both_on_LAB_HDL" time="0.00199999999995271"/>
    <testcase classname="ds.skewness_smk_method_1_both" name="simple_skewness_method_1_both_on_LAB_HDL" time="0.00199999999995271"/>
    <testcase classname="ds.skewness_smk_method_1_both" name="simple_skewness_method_1_both_on_LAB_HDL" time="0.00199999999995271"/>
    <testcase classname="ds.skewness_smk_method_1_both" name="simple_skewness_method_1_both_on_LAB_GLUC_ADJUSTED" time="1.76600000000008"/>
    <testcase classname="ds.skewness_smk_method_1_both" name="simple_skewness_method_1_both_on_LAB_GLUC_ADJUSTED" time="0.00199999999995271"/>
    <testcase classname="ds.skewness_smk_method_1_both" name="simple_skewness_method_1_both_on_LAB_GLUC_ADJUSTED" time="0.00199999999995271"/>
    <testcase classname="ds.skewness_smk_method_1_both" name="simple_skewness_method_1_both_on_LAB_GLUC_ADJUSTED" time="0.00199999999995271"/>
    <testcase classname="ds.skewness_smk_method_1_both" name="simple_skewness_method_1_both_on_LAB_GLUC_ADJUSTED" time="0.00300000000015643"/>
    <testcase classname="ds.skewness_smk_method_1_both" name="simple_skewness_method_1_both_on_LAB_GLUC_ADJUSTED" time="0.00199999999995271"/>
    <testcase classname="ds.skewness_smk_method_1_both" name="simple_skewness_method_1_both_on_LAB_GLUC_ADJUSTED" time="0.00199999999995271"/>
    <testcase classname="ds.skewness_smk_method_1_both" name="simple_skewness_method_1_both_on_LAB_GLUC_ADJUSTED" time="0.00199999999995271"/>
    <testcase classname="ds.skewness_smk_method_1_both" name="simple_skewness_method_1_both_on_LAB_GLUC_ADJUSTED" time="0.00300000000015643"/>
    <testcase classname="ds.skewness_smk_method_1_both" name="simple_skewness_method_1_both_on_LAB_GLUC_ADJUSTED" time="0.00199999999995271"/>
    <testcase classname="ds.skewness_smk_method_1_both" name="simple_skewness_method_1_both_on_LAB_GLUC_ADJUSTED" time="0.00199999999995271"/>
    <testcase classname="ds.skewness_smk_method_1_both" name="simple_skewness_method_1_both_on_LAB_GLUC_ADJUSTED" time="0.00199999999995271"/>
    <testcase classname="ds.skewness_smk_method_1_both" name="simple_skewness_method_1_both_on_LAB_GLUC_ADJUSTED" time="0.00200000000040745"/>
    <testcase classname="ds.skewness_smk_method_1_both" name="simple_skewness_method_1_both_on_LAB_GLUC_ADJUSTED" time="0.00199999999995271"/>
    <testcase classname="ds.skewness_smk_method_1_both" name="simple_skewness_method_1_both_on_LAB_GLUC_ADJUSTED" time="0.00199999999995271"/>
    <testcase classname="ds.skewness_smk_method_1_both" name="simple_skewness_method_1_both_on_LAB_GLUC_ADJUSTED" time="0.0100000000002183"/>
    <testcase classname="ds.skewness_smk_method_1_both" name="simple_skewness_method_1_both_on_LAB_GLUC_ADJUSTED" time="0.00300000000015643"/>
    <testcase classname="ds.skewness_smk_method_1_both" name="simple_skewness_method_1_both_on_LAB_GLUC_ADJUSTED" time="0.00299999999970169"/>
    <testcase classname="ds.skewness_smk_method_1_both" name="simple_skewness_method_1_both_on_LAB_GLUC_ADJUSTED" time="0.00199999999995271"/>
    <testcase classname="ds.skewness_smk_method_1_both" name="simple_skewness_method_1_both_on_LAB_GLUC_ADJUSTED" time="0.00300000000015643"/>
    <testcase classname="ds.skewness_smk_method_1_both" name="simple_skewness_method_1_both_on_LAB_GLUC_ADJUSTED" time="0.00199999999995271"/>
    <testcase classname="ds.skewness_smk_method_1_both" name="simple_skewness_method_1_both_on_LAB_GLUC_ADJUSTED" time="0.00199999999995271"/>
    <testcase classname="ds.skewness_smk_method_1_both" name="simple_skewness_method_1_both_on_PM_BMI_CONTINUOUS" time="1.77300000000014"/>
    <testcase classname="ds.skewness_smk_method_1_both" name="simple_skewness_method_1_both_on_PM_BMI_CONTINUOUS" time="0.00300000000015643"/>
    <testcase classname="ds.skewness_smk_method_1_both" name="simple_skewness_method_1_both_on_PM_BMI_CONTINUOUS" time="0.00299999999970169"/>
    <testcase classname="ds.skewness_smk_method_1_both" name="simple_skewness_method_1_both_on_PM_BMI_CONTINUOUS" time="0.00300000000015643"/>
    <testcase classname="ds.skewness_smk_method_1_both" name="simple_skewness_method_1_both_on_PM_BMI_CONTINUOUS" time="0.00299999999970169"/>
    <testcase classname="ds.skewness_smk_method_1_both" name="simple_skewness_method_1_both_on_PM_BMI_CONTINUOUS" time="0.00300000000015643"/>
    <testcase classname="ds.skewness_smk_method_1_both" name="simple_skewness_method_1_both_on_PM_BMI_CONTINUOUS" time="0.00300000000015643"/>
    <testcase classname="ds.skewness_smk_method_1_both" name="simple_skewness_method_1_both_on_PM_BMI_CONTINUOUS" time="0.00299999999970169"/>
    <testcase classname="ds.skewness_smk_method_1_both" name="simple_skewness_method_1_both_on_PM_BMI_CONTINUOUS" time="0.00300000000015643"/>
    <testcase classname="ds.skewness_smk_method_1_both" name="simple_skewness_method_1_both_on_PM_BMI_CONTINUOUS" time="0.00199999999995271"/>
    <testcase classname="ds.skewness_smk_method_1_both" name="simple_skewness_method_1_both_on_PM_BMI_CONTINUOUS" time="0.00299999999970169"/>
    <testcase classname="ds.skewness_smk_method_1_both" name="simple_skewness_method_1_both_on_PM_BMI_CONTINUOUS" time="0.00300000000015643"/>
    <testcase classname="ds.skewness_smk_method_1_both" name="simple_skewness_method_1_both_on_PM_BMI_CONTINUOUS" time="0.00199999999995271"/>
    <testcase classname="ds.skewness_smk_method_1_both" name="simple_skewness_method_1_both_on_PM_BMI_CONTINUOUS" time="0.00300000000015643"/>
    <testcase classname="ds.skewness_smk_method_1_both" name="simple_skewness_method_1_both_on_PM_BMI_CONTINUOUS" time="0.00299999999970169"/>
    <testcase classname="ds.skewness_smk_method_1_both" name="simple_skewness_method_1_both_on_PM_BMI_CONTINUOUS" time="0.00300000000015643"/>
    <testcase classname="ds.skewness_smk_method_1_both" name="simple_skewness_method_1_both_on_PM_BMI_CONTINUOUS" time="0.00300000000015643"/>
    <testcase classname="ds.skewness_smk_method_1_both" name="simple_skewness_method_1_both_on_PM_BMI_CONTINUOUS" time="0.00299999999970169"/>
    <testcase classname="ds.skewness_smk_method_1_both" name="simple_skewness_method_1_both_on_PM_BMI_CONTINUOUS" time="0.00200000000040745"/>
    <testcase classname="ds.skewness_smk_method_1_both" name="simple_skewness_method_1_both_on_PM_BMI_CONTINUOUS" time="0.00299999999970169"/>
    <testcase classname="ds.skewness_smk_method_1_both" name="simple_skewness_method_1_both_on_PM_BMI_CONTINUOUS" time="0.00300000000015643"/>
    <testcase classname="ds.skewness_smk_method_1_both" name="simple_skewness_method_1_both_on_PM_BMI_CONTINUOUS" time="0.00300000000015643"/>
  </testsuite>
  <testsuite errors="0" failures="0" hostname="fv-az14" name="ds.skewness::smk::method 2::split" skipped="0" tests="70" time="6.301" timestamp="2020-10-27T21:04:02Z">
    <testcase classname="ds.skewness_smk_method_2_split" name="simple_skewness_method_2_split_on_LAB_TSC" time="1.25799999999981"/>
    <testcase classname="ds.skewness_smk_method_2_split" name="simple_skewness_method_2_split_on_LAB_TSC" time="0.000999999999748979"/>
    <testcase classname="ds.skewness_smk_method_2_split" name="simple_skewness_method_2_split_on_LAB_TSC" time="0.00100000000020373"/>
    <testcase classname="ds.skewness_smk_method_2_split" name="simple_skewness_method_2_split_on_LAB_TSC" time="0.00100000000020373"/>
    <testcase classname="ds.skewness_smk_method_2_split" name="simple_skewness_method_2_split_on_LAB_TSC" time="0.00199999999995271"/>
    <testcase classname="ds.skewness_smk_method_2_split" name="simple_skewness_method_2_split_on_LAB_TSC" time="0.000999999999748979"/>
    <testcase classname="ds.skewness_smk_method_2_split" name="simple_skewness_method_2_split_on_LAB_TSC" time="0.00100000000020373"/>
    <testcase classname="ds.skewness_smk_method_2_split" name="simple_skewness_method_2_split_on_LAB_TSC" time="0.00199999999995271"/>
    <testcase classname="ds.skewness_smk_method_2_split" name="simple_skewness_method_2_split_on_LAB_TSC" time="0.000999999999748979"/>
    <testcase classname="ds.skewness_smk_method_2_split" name="simple_skewness_method_2_split_on_LAB_TSC" time="0.00200000000040745"/>
    <testcase classname="ds.skewness_smk_method_2_split" name="simple_skewness_method_2_split_on_LAB_TSC" time="0.000999999999748979"/>
    <testcase classname="ds.skewness_smk_method_2_split" name="simple_skewness_method_2_split_on_LAB_TSC" time="0.00199999999995271"/>
    <testcase classname="ds.skewness_smk_method_2_split" name="simple_skewness_method_2_split_on_LAB_TSC" time="0.00100000000020373"/>
    <testcase classname="ds.skewness_smk_method_2_split" name="simple_skewness_method_2_split_on_LAB_TSC" time="0.00199999999995271"/>
    <testcase classname="ds.skewness_smk_method_2_split" name="simple_skewness_method_2_split_on_LAB_TRIG" time="1.22800000000007"/>
    <testcase classname="ds.skewness_smk_method_2_split" name="simple_skewness_method_2_split_on_LAB_TRIG" time="0.000999999999748979"/>
    <testcase classname="ds.skewness_smk_method_2_split" name="simple_skewness_method_2_split_on_LAB_TRIG" time="0.00199999999995271"/>
    <testcase classname="ds.skewness_smk_method_2_split" name="simple_skewness_method_2_split_on_LAB_TRIG" time="0.00100000000020373"/>
    <testcase classname="ds.skewness_smk_method_2_split" name="simple_skewness_method_2_split_on_LAB_TRIG" time="0.000999999999748979"/>
    <testcase classname="ds.skewness_smk_method_2_split" name="simple_skewness_method_2_split_on_LAB_TRIG" time="0.00100000000020373"/>
    <testcase classname="ds.skewness_smk_method_2_split" name="simple_skewness_method_2_split_on_LAB_TRIG" time="0.000999999999748979"/>
    <testcase classname="ds.skewness_smk_method_2_split" name="simple_skewness_method_2_split_on_LAB_TRIG" time="0.00199999999995271"/>
    <testcase classname="ds.skewness_smk_method_2_split" name="simple_skewness_method_2_split_on_LAB_TRIG" time="0.00199999999995271"/>
    <testcase classname="ds.skewness_smk_method_2_split" name="simple_skewness_method_2_split_on_LAB_TRIG" time="0.00199999999995271"/>
    <testcase classname="ds.skewness_smk_method_2_split" name="simple_skewness_method_2_split_on_LAB_TRIG" time="0.00100000000020373"/>
    <testcase classname="ds.skewness_smk_method_2_split" name="simple_skewness_method_2_split_on_LAB_TRIG" time="0.00199999999995271"/>
    <testcase classname="ds.skewness_smk_method_2_split" name="simple_skewness_method_2_split_on_LAB_TRIG" time="0.00199999999995271"/>
    <testcase classname="ds.skewness_smk_method_2_split" name="simple_skewness_method_2_split_on_LAB_TRIG" time="0.00100000000020373"/>
    <testcase classname="ds.skewness_smk_method_2_split" name="simple_skewness_method_2_split_on_LAB_HDL" time="1.22399999999971"/>
    <testcase classname="ds.skewness_smk_method_2_split" name="simple_skewness_method_2_split_on_LAB_HDL" time="0.00200000000040745"/>
    <testcase classname="ds.skewness_smk_method_2_split" name="simple_skewness_method_2_split_on_LAB_HDL" time="0.00199999999995271"/>
    <testcase classname="ds.skewness_smk_method_2_split" name="simple_skewness_method_2_split_on_LAB_HDL" time="0.00199999999995271"/>
    <testcase classname="ds.skewness_smk_method_2_split" name="simple_skewness_method_2_split_on_LAB_HDL" time="0.00199999999995271"/>
    <testcase classname="ds.skewness_smk_method_2_split" name="simple_skewness_method_2_split_on_LAB_HDL" time="0.00199999999995271"/>
    <testcase classname="ds.skewness_smk_method_2_split" name="simple_skewness_method_2_split_on_LAB_HDL" time="0.00199999999995271"/>
    <testcase classname="ds.skewness_smk_method_2_split" name="simple_skewness_method_2_split_on_LAB_HDL" time="0.00199999999995271"/>
    <testcase classname="ds.skewness_smk_method_2_split" name="simple_skewness_method_2_split_on_LAB_HDL" time="0.00100000000020373"/>
    <testcase classname="ds.skewness_smk_method_2_split" name="simple_skewness_method_2_split_on_LAB_HDL" time="0.00199999999995271"/>
    <testcase classname="ds.skewness_smk_method_2_split" name="simple_skewness_method_2_split_on_LAB_HDL" time="0.00199999999995271"/>
    <testcase classname="ds.skewness_smk_method_2_split" name="simple_skewness_method_2_split_on_LAB_HDL" time="0.00199999999995271"/>
    <testcase classname="ds.skewness_smk_method_2_split" name="simple_skewness_method_2_split_on_LAB_HDL" time="0.00199999999995271"/>
    <testcase classname="ds.skewness_smk_method_2_split" name="simple_skewness_method_2_split_on_LAB_HDL" time="0.00199999999995271"/>
    <testcase classname="ds.skewness_smk_method_2_split" name="simple_skewness_method_2_split_on_LAB_GLUC_ADJUSTED" time="1.24099999999999"/>
    <testcase classname="ds.skewness_smk_method_2_split" name="simple_skewness_method_2_split_on_LAB_GLUC_ADJUSTED" time="0.00300000000015643"/>
    <testcase classname="ds.skewness_smk_method_2_split" name="simple_skewness_method_2_split_on_LAB_GLUC_ADJUSTED" time="0.00199999999995271"/>
    <testcase classname="ds.skewness_smk_method_2_split" name="simple_skewness_method_2_split_on_LAB_GLUC_ADJUSTED" time="0.00100000000020373"/>
    <testcase classname="ds.skewness_smk_method_2_split" name="simple_skewness_method_2_split_on_LAB_GLUC_ADJUSTED" time="0.00199999999995271"/>
    <testcase classname="ds.skewness_smk_method_2_split" name="simple_skewness_method_2_split_on_LAB_GLUC_ADJUSTED" time="0.00199999999995271"/>
    <testcase classname="ds.skewness_smk_method_2_split" name="simple_skewness_method_2_split_on_LAB_GLUC_ADJUSTED" time="0.00199999999995271"/>
    <testcase classname="ds.skewness_smk_method_2_split" name="simple_skewness_method_2_split_on_LAB_GLUC_ADJUSTED" time="0.00199999999995271"/>
    <testcase classname="ds.skewness_smk_method_2_split" name="simple_skewness_method_2_split_on_LAB_GLUC_ADJUSTED" time="0.00199999999995271"/>
    <testcase classname="ds.skewness_smk_method_2_split" name="simple_skewness_method_2_split_on_LAB_GLUC_ADJUSTED" time="0.00100000000020373"/>
    <testcase classname="ds.skewness_smk_method_2_split" name="simple_skewness_method_2_split_on_LAB_GLUC_ADJUSTED" time="0.00199999999995271"/>
    <testcase classname="ds.skewness_smk_method_2_split" name="simple_skewness_method_2_split_on_LAB_GLUC_ADJUSTED" time="0.00199999999995271"/>
    <testcase classname="ds.skewness_smk_method_2_split" name="simple_skewness_method_2_split_on_LAB_GLUC_ADJUSTED" time="0.00200000000040745"/>
    <testcase classname="ds.skewness_smk_method_2_split" name="simple_skewness_method_2_split_on_LAB_GLUC_ADJUSTED" time="0.00299999999970169"/>
    <testcase classname="ds.skewness_smk_method_2_split" name="simple_skewness_method_2_split_on_PM_BMI_CONTINUOUS" time="1.22800000000007"/>
    <testcase classname="ds.skewness_smk_method_2_split" name="simple_skewness_method_2_split_on_PM_BMI_CONTINUOUS" time="0.00199999999995271"/>
    <testcase classname="ds.skewness_smk_method_2_split" name="simple_skewness_method_2_split_on_PM_BMI_CONTINUOUS" time="0.00199999999995271"/>
    <testcase classname="ds.skewness_smk_method_2_split" name="simple_skewness_method_2_split_on_PM_BMI_CONTINUOUS" time="0.00199999999995271"/>
    <testcase classname="ds.skewness_smk_method_2_split" name="simple_skewness_method_2_split_on_PM_BMI_CONTINUOUS" time="0.00300000000015643"/>
    <testcase classname="ds.skewness_smk_method_2_split" name="simple_skewness_method_2_split_on_PM_BMI_CONTINUOUS" time="0.00199999999995271"/>
    <testcase classname="ds.skewness_smk_method_2_split" name="simple_skewness_method_2_split_on_PM_BMI_CONTINUOUS" time="0.00199999999995271"/>
    <testcase classname="ds.skewness_smk_method_2_split" name="simple_skewness_method_2_split_on_PM_BMI_CONTINUOUS" time="0.00300000000015643"/>
    <testcase classname="ds.skewness_smk_method_2_split" name="simple_skewness_method_2_split_on_PM_BMI_CONTINUOUS" time="0.00199999999995271"/>
    <testcase classname="ds.skewness_smk_method_2_split" name="simple_skewness_method_2_split_on_PM_BMI_CONTINUOUS" time="0.00300000000015643"/>
    <testcase classname="ds.skewness_smk_method_2_split" name="simple_skewness_method_2_split_on_PM_BMI_CONTINUOUS" time="0.00199999999995271"/>
    <testcase classname="ds.skewness_smk_method_2_split" name="simple_skewness_method_2_split_on_PM_BMI_CONTINUOUS" time="0.00299999999970169"/>
    <testcase classname="ds.skewness_smk_method_2_split" name="simple_skewness_method_2_split_on_PM_BMI_CONTINUOUS" time="0.00600000000031287"/>
    <testcase classname="ds.skewness_smk_method_2_split" name="simple_skewness_method_2_split_on_PM_BMI_CONTINUOUS" time="0.00199999999995271"/>
  </testsuite>
  <testsuite errors="0" failures="0" hostname="fv-az14" name="ds.skewness::smk::method 2::combine" skipped="0" tests="40" time="7.538" timestamp="2020-10-27T21:04:08Z">
    <testcase classname="ds.skewness_smk_method_2_combine" name="simple_skewness_combine_on_LAB_TSC" time="1.52299999999968"/>
    <testcase classname="ds.skewness_smk_method_2_combine" name="simple_skewness_combine_on_LAB_TSC" time="0.00100000000020373"/>
    <testcase classname="ds.skewness_smk_method_2_combine" name="simple_skewness_combine_on_LAB_TSC" time="0.00100000000020373"/>
    <testcase classname="ds.skewness_smk_method_2_combine" name="simple_skewness_combine_on_LAB_TSC" time="0.000999999999748979"/>
    <testcase classname="ds.skewness_smk_method_2_combine" name="simple_skewness_combine_on_LAB_TSC" time="0.00100000000020373"/>
    <testcase classname="ds.skewness_smk_method_2_combine" name="simple_skewness_combine_on_LAB_TSC" time="0.00199999999995271"/>
    <testcase classname="ds.skewness_smk_method_2_combine" name="simple_skewness_combine_on_LAB_TSC" time="0.000999999999748979"/>
    <testcase classname="ds.skewness_smk_method_2_combine" name="simple_skewness_combine_on_LAB_TSC" time="0.00199999999995271"/>
    <testcase classname="ds.skewness_smk_method_2_combine" name="simple_skewness_method_2_combine_on_LAB_TRIG" time="1.48700000000008"/>
    <testcase classname="ds.skewness_smk_method_2_combine" name="simple_skewness_method_2_combine_on_LAB_TRIG" time="0.00100000000020373"/>
    <testcase classname="ds.skewness_smk_method_2_combine" name="simple_skewness_method_2_combine_on_LAB_TRIG" time="0.000999999999748979"/>
    <testcase classname="ds.skewness_smk_method_2_combine" name="simple_skewness_method_2_combine_on_LAB_TRIG" time="0.00100000000020373"/>
    <testcase classname="ds.skewness_smk_method_2_combine" name="simple_skewness_method_2_combine_on_LAB_TRIG" time="0.00199999999995271"/>
    <testcase classname="ds.skewness_smk_method_2_combine" name="simple_skewness_method_2_combine_on_LAB_TRIG" time="0.00100000000020373"/>
    <testcase classname="ds.skewness_smk_method_2_combine" name="simple_skewness_method_2_combine_on_LAB_TRIG" time="0.000999999999748979"/>
    <testcase classname="ds.skewness_smk_method_2_combine" name="simple_skewness_method_2_combine_on_LAB_TRIG" time="0.00300000000015643"/>
    <testcase classname="ds.skewness_smk_method_2_combine" name="simple_skewness_method_2_combine_on_LAB_HDL" time="1.49699999999984"/>
    <testcase classname="ds.skewness_smk_method_2_combine" name="simple_skewness_method_2_combine_on_LAB_HDL" time="0.00800000000026557"/>
    <testcase classname="ds.skewness_smk_method_2_combine" name="simple_skewness_method_2_combine_on_LAB_HDL" time="0.00199999999995271"/>
    <testcase classname="ds.skewness_smk_method_2_combine" name="simple_skewness_method_2_combine_on_LAB_HDL" time="0.000999999999748979"/>
    <testcase classname="ds.skewness_smk_method_2_combine" name="simple_skewness_method_2_combine_on_LAB_HDL" time="0.00100000000020373"/>
    <testcase classname="ds.skewness_smk_method_2_combine" name="simple_skewness_method_2_combine_on_LAB_HDL" time="0.00199999999995271"/>
    <testcase classname="ds.skewness_smk_method_2_combine" name="simple_skewness_method_2_combine_on_LAB_HDL" time="0.000999999999748979"/>
    <testcase classname="ds.skewness_smk_method_2_combine" name="simple_skewness_method_2_combine_on_LAB_HDL" time="0.00200000000040745"/>
    <testcase classname="ds.skewness_smk_method_2_combine" name="simple_skewness_method_2_combine_on_LAB_GLUC_ADJUSTED" time="1.48899999999958"/>
    <testcase classname="ds.skewness_smk_method_2_combine" name="simple_skewness_method_2_combine_on_LAB_GLUC_ADJUSTED" time="0.00200000000040745"/>
    <testcase classname="ds.skewness_smk_method_2_combine" name="simple_skewness_method_2_combine_on_LAB_GLUC_ADJUSTED" time="0.000999999999748979"/>
    <testcase classname="ds.skewness_smk_method_2_combine" name="simple_skewness_method_2_combine_on_LAB_GLUC_ADJUSTED" time="0.00199999999995271"/>
    <testcase classname="ds.skewness_smk_method_2_combine" name="simple_skewness_method_2_combine_on_LAB_GLUC_ADJUSTED" time="0.00199999999995271"/>
    <testcase classname="ds.skewness_smk_method_2_combine" name="simple_skewness_method_2_combine_on_LAB_GLUC_ADJUSTED" time="0.00199999999995271"/>
    <testcase classname="ds.skewness_smk_method_2_combine" name="simple_skewness_method_2_combine_on_LAB_GLUC_ADJUSTED" time="0.00200000000040745"/>
    <testcase classname="ds.skewness_smk_method_2_combine" name="simple_skewness_method_2_combine_on_LAB_GLUC_ADJUSTED" time="0.00199999999995271"/>
    <testcase classname="ds.skewness_smk_method_2_combine" name="simple_skewness_method_2_combine_on_PM_BMI_CONTINUOUS" time="1.48099999999977"/>
    <testcase classname="ds.skewness_smk_method_2_combine" name="simple_skewness_method_2_combine_on_PM_BMI_CONTINUOUS" time="0.00199999999995271"/>
    <testcase classname="ds.skewness_smk_method_2_combine" name="simple_skewness_method_2_combine_on_PM_BMI_CONTINUOUS" time="0.00100000000020373"/>
    <testcase classname="ds.skewness_smk_method_2_combine" name="simple_skewness_method_2_combine_on_PM_BMI_CONTINUOUS" time="0.00199999999995271"/>
    <testcase classname="ds.skewness_smk_method_2_combine" name="simple_skewness_method_2_combine_on_PM_BMI_CONTINUOUS" time="0.00199999999995271"/>
    <testcase classname="ds.skewness_smk_method_2_combine" name="simple_skewness_method_2_combine_on_PM_BMI_CONTINUOUS" time="0.00100000000020373"/>
    <testcase classname="ds.skewness_smk_method_2_combine" name="simple_skewness_method_2_combine_on_PM_BMI_CONTINUOUS" time="0.00199999999995271"/>
    <testcase classname="ds.skewness_smk_method_2_combine" name="simple_skewness_method_2_combine_on_PM_BMI_CONTINUOUS" time="0.00199999999995271"/>
  </testsuite>
  <testsuite errors="0" failures="0" hostname="fv-az14" name="ds.skewness::smk::method 2::both" skipped="0" tests="110" time="9.103" timestamp="2020-10-27T21:04:15Z">
    <testcase classname="ds.skewness_smk_method_2_both" name="simple_skewness_both_on_LAB_TSC" time="1.77299999999968"/>
    <testcase classname="ds.skewness_smk_method_2_both" name="simple_skewness_both_on_LAB_TSC" time="0.00100000000020373"/>
    <testcase classname="ds.skewness_smk_method_2_both" name="simple_skewness_both_on_LAB_TSC" time="0.00100000000020373"/>
    <testcase classname="ds.skewness_smk_method_2_both" name="simple_skewness_both_on_LAB_TSC" time="0.000999999999748979"/>
    <testcase classname="ds.skewness_smk_method_2_both" name="simple_skewness_both_on_LAB_TSC" time="0.00100000000020373"/>
    <testcase classname="ds.skewness_smk_method_2_both" name="simple_skewness_both_on_LAB_TSC" time="0.000999999999748979"/>
    <testcase classname="ds.skewness_smk_method_2_both" name="simple_skewness_both_on_LAB_TSC" time="0.00199999999995271"/>
    <testcase classname="ds.skewness_smk_method_2_both" name="simple_skewness_both_on_LAB_TSC" time="0.00100000000020373"/>
    <testcase classname="ds.skewness_smk_method_2_both" name="simple_skewness_both_on_LAB_TSC" time="0.00100000000020373"/>
    <testcase classname="ds.skewness_smk_method_2_both" name="simple_skewness_both_on_LAB_TSC" time="0.00100000000020373"/>
    <testcase classname="ds.skewness_smk_method_2_both" name="simple_skewness_both_on_LAB_TSC" time="0.00199999999995271"/>
    <testcase classname="ds.skewness_smk_method_2_both" name="simple_skewness_both_on_LAB_TSC" time="0.00199999999995271"/>
    <testcase classname="ds.skewness_smk_method_2_both" name="simple_skewness_both_on_LAB_TSC" time="0.000999999999748979"/>
    <testcase classname="ds.skewness_smk_method_2_both" name="simple_skewness_both_on_LAB_TSC" time="0.000999999999748979"/>
    <testcase classname="ds.skewness_smk_method_2_both" name="simple_skewness_both_on_LAB_TSC" time="0.00199999999995271"/>
    <testcase classname="ds.skewness_smk_method_2_both" name="simple_skewness_both_on_LAB_TSC" time="0.00100000000020373"/>
    <testcase classname="ds.skewness_smk_method_2_both" name="simple_skewness_both_on_LAB_TSC" time="0.00199999999995271"/>
    <testcase classname="ds.skewness_smk_method_2_both" name="simple_skewness_both_on_LAB_TSC" time="0.00100000000020373"/>
    <testcase classname="ds.skewness_smk_method_2_both" name="simple_skewness_both_on_LAB_TSC" time="0.00199999999995271"/>
    <testcase classname="ds.skewness_smk_method_2_both" name="simple_skewness_both_on_LAB_TSC" time="0.00199999999995271"/>
    <testcase classname="ds.skewness_smk_method_2_both" name="simple_skewness_both_on_LAB_TSC" time="0.000999999999748979"/>
    <testcase classname="ds.skewness_smk_method_2_both" name="simple_skewness_both_on_LAB_TSC" time="0.00200000000040745"/>
    <testcase classname="ds.skewness_smk_method_2_both" name="simple_skewness_method_2_both_on_LAB_TRIG" time="1.77199999999993"/>
    <testcase classname="ds.skewness_smk_method_2_both" name="simple_skewness_method_2_both_on_LAB_TRIG" time="0.00199999999995271"/>
    <testcase classname="ds.skewness_smk_method_2_both" name="simple_skewness_method_2_both_on_LAB_TRIG" time="0.00199999999995271"/>
    <testcase classname="ds.skewness_smk_method_2_both" name="simple_skewness_method_2_both_on_LAB_TRIG" time="0.000999999999748979"/>
    <testcase classname="ds.skewness_smk_method_2_both" name="simple_skewness_method_2_both_on_LAB_TRIG" time="0.00300000000015643"/>
    <testcase classname="ds.skewness_smk_method_2_both" name="simple_skewness_method_2_both_on_LAB_TRIG" time="0.00100000000020373"/>
    <testcase classname="ds.skewness_smk_method_2_both" name="simple_skewness_method_2_both_on_LAB_TRIG" time="0.00199999999995271"/>
    <testcase classname="ds.skewness_smk_method_2_both" name="simple_skewness_method_2_both_on_LAB_TRIG" time="0.00199999999995271"/>
    <testcase classname="ds.skewness_smk_method_2_both" name="simple_skewness_method_2_both_on_LAB_TRIG" time="0.00199999999995271"/>
    <testcase classname="ds.skewness_smk_method_2_both" name="simple_skewness_method_2_both_on_LAB_TRIG" time="0.00199999999995271"/>
    <testcase classname="ds.skewness_smk_method_2_both" name="simple_skewness_method_2_both_on_LAB_TRIG" time="0.00199999999995271"/>
    <testcase classname="ds.skewness_smk_method_2_both" name="simple_skewness_method_2_both_on_LAB_TRIG" time="0.00199999999995271"/>
    <testcase classname="ds.skewness_smk_method_2_both" name="simple_skewness_method_2_both_on_LAB_TRIG" time="0.00199999999995271"/>
    <testcase classname="ds.skewness_smk_method_2_both" name="simple_skewness_method_2_both_on_LAB_TRIG" time="0.00100000000020373"/>
    <testcase classname="ds.skewness_smk_method_2_both" name="simple_skewness_method_2_both_on_LAB_TRIG" time="0.00199999999995271"/>
    <testcase classname="ds.skewness_smk_method_2_both" name="simple_skewness_method_2_both_on_LAB_TRIG" time="0.00199999999995271"/>
    <testcase classname="ds.skewness_smk_method_2_both" name="simple_skewness_method_2_both_on_LAB_TRIG" time="0.00100000000020373"/>
    <testcase classname="ds.skewness_smk_method_2_both" name="simple_skewness_method_2_both_on_LAB_TRIG" time="0.00299999999970169"/>
    <testcase classname="ds.skewness_smk_method_2_both" name="simple_skewness_method_2_both_on_LAB_TRIG" time="0.00199999999995271"/>
    <testcase classname="ds.skewness_smk_method_2_both" name="simple_skewness_method_2_both_on_LAB_TRIG" time="0.00200000000040745"/>
    <testcase classname="ds.skewness_smk_method_2_both" name="simple_skewness_method_2_both_on_LAB_TRIG" time="0.00199999999995271"/>
    <testcase classname="ds.skewness_smk_method_2_both" name="simple_skewness_method_2_both_on_LAB_TRIG" time="0.00199999999995271"/>
    <testcase classname="ds.skewness_smk_method_2_both" name="simple_skewness_method_2_both_on_LAB_HDL" time="1.76999999999998"/>
    <testcase classname="ds.skewness_smk_method_2_both" name="simple_skewness_method_2_both_on_LAB_HDL" time="0.00199999999995271"/>
    <testcase classname="ds.skewness_smk_method_2_both" name="simple_skewness_method_2_both_on_LAB_HDL" time="0.00199999999995271"/>
    <testcase classname="ds.skewness_smk_method_2_both" name="simple_skewness_method_2_both_on_LAB_HDL" time="0.00199999999995271"/>
    <testcase classname="ds.skewness_smk_method_2_both" name="simple_skewness_method_2_both_on_LAB_HDL" time="0.00199999999995271"/>
    <testcase classname="ds.skewness_smk_method_2_both" name="simple_skewness_method_2_both_on_LAB_HDL" time="0.00199999999995271"/>
    <testcase classname="ds.skewness_smk_method_2_both" name="simple_skewness_method_2_both_on_LAB_HDL" time="0.00199999999995271"/>
    <testcase classname="ds.skewness_smk_method_2_both" name="simple_skewness_method_2_both_on_LAB_HDL" time="0.00200000000040745"/>
    <testcase classname="ds.skewness_smk_method_2_both" name="simple_skewness_method_2_both_on_LAB_HDL" time="0.00199999999995271"/>
    <testcase classname="ds.skewness_smk_method_2_both" name="simple_skewness_method_2_both_on_LAB_HDL" time="0.00199999999995271"/>
    <testcase classname="ds.skewness_smk_method_2_both" name="simple_skewness_method_2_both_on_LAB_HDL" time="0.00199999999995271"/>
    <testcase classname="ds.skewness_smk_method_2_both" name="simple_skewness_method_2_both_on_LAB_HDL" time="0.00199999999995271"/>
    <testcase classname="ds.skewness_smk_method_2_both" name="simple_skewness_method_2_both_on_LAB_HDL" time="0.00300000000015643"/>
    <testcase classname="ds.skewness_smk_method_2_both" name="simple_skewness_method_2_both_on_LAB_HDL" time="0.00199999999995271"/>
    <testcase classname="ds.skewness_smk_method_2_both" name="simple_skewness_method_2_both_on_LAB_HDL" time="0.00199999999995271"/>
    <testcase classname="ds.skewness_smk_method_2_both" name="simple_skewness_method_2_both_on_LAB_HDL" time="0.00199999999995271"/>
    <testcase classname="ds.skewness_smk_method_2_both" name="simple_skewness_method_2_both_on_LAB_HDL" time="0.00200000000040745"/>
    <testcase classname="ds.skewness_smk_method_2_both" name="simple_skewness_method_2_both_on_LAB_HDL" time="0.00199999999995271"/>
    <testcase classname="ds.skewness_smk_method_2_both" name="simple_skewness_method_2_both_on_LAB_HDL" time="0.00199999999995271"/>
    <testcase classname="ds.skewness_smk_method_2_both" name="simple_skewness_method_2_both_on_LAB_HDL" time="0.00199999999995271"/>
    <testcase classname="ds.skewness_smk_method_2_both" name="simple_skewness_method_2_both_on_LAB_HDL" time="0.00199999999995271"/>
    <testcase classname="ds.skewness_smk_method_2_both" name="simple_skewness_method_2_both_on_LAB_HDL" time="0.00300000000015643"/>
    <testcase classname="ds.skewness_smk_method_2_both" name="simple_skewness_method_2_both_on_LAB_GLUC_ADJUSTED" time="1.78699999999981"/>
    <testcase classname="ds.skewness_smk_method_2_both" name="simple_skewness_method_2_both_on_LAB_GLUC_ADJUSTED" time="0.00199999999995271"/>
    <testcase classname="ds.skewness_smk_method_2_both" name="simple_skewness_method_2_both_on_LAB_GLUC_ADJUSTED" time="0.00300000000015643"/>
    <testcase classname="ds.skewness_smk_method_2_both" name="simple_skewness_method_2_both_on_LAB_GLUC_ADJUSTED" time="0.00300000000015643"/>
    <testcase classname="ds.skewness_smk_method_2_both" name="simple_skewness_method_2_both_on_LAB_GLUC_ADJUSTED" time="0.00199999999995271"/>
    <testcase classname="ds.skewness_smk_method_2_both" name="simple_skewness_method_2_both_on_LAB_GLUC_ADJUSTED" time="0.00199999999995271"/>
    <testcase classname="ds.skewness_smk_method_2_both" name="simple_skewness_method_2_both_on_LAB_GLUC_ADJUSTED" time="0.00299999999970169"/>
    <testcase classname="ds.skewness_smk_method_2_both" name="simple_skewness_method_2_both_on_LAB_GLUC_ADJUSTED" time="0.00199999999995271"/>
    <testcase classname="ds.skewness_smk_method_2_both" name="simple_skewness_method_2_both_on_LAB_GLUC_ADJUSTED" time="0.00300000000015643"/>
    <testcase classname="ds.skewness_smk_method_2_both" name="simple_skewness_method_2_both_on_LAB_GLUC_ADJUSTED" time="0.00300000000015643"/>
    <testcase classname="ds.skewness_smk_method_2_both" name="simple_skewness_method_2_both_on_LAB_GLUC_ADJUSTED" time="0.00199999999995271"/>
    <testcase classname="ds.skewness_smk_method_2_both" name="simple_skewness_method_2_both_on_LAB_GLUC_ADJUSTED" time="0.00199999999995271"/>
    <testcase classname="ds.skewness_smk_method_2_both" name="simple_skewness_method_2_both_on_LAB_GLUC_ADJUSTED" time="0.00300000000015643"/>
    <testcase classname="ds.skewness_smk_method_2_both" name="simple_skewness_method_2_both_on_LAB_GLUC_ADJUSTED" time="0.00199999999995271"/>
    <testcase classname="ds.skewness_smk_method_2_both" name="simple_skewness_method_2_both_on_LAB_GLUC_ADJUSTED" time="0.00299999999970169"/>
    <testcase classname="ds.skewness_smk_method_2_both" name="simple_skewness_method_2_both_on_LAB_GLUC_ADJUSTED" time="0.00200000000040745"/>
    <testcase classname="ds.skewness_smk_method_2_both" name="simple_skewness_method_2_both_on_LAB_GLUC_ADJUSTED" time="0.00299999999970169"/>
    <testcase classname="ds.skewness_smk_method_2_both" name="simple_skewness_method_2_both_on_LAB_GLUC_ADJUSTED" time="0.00199999999995271"/>
    <testcase classname="ds.skewness_smk_method_2_both" name="simple_skewness_method_2_both_on_LAB_GLUC_ADJUSTED" time="0.00300000000015643"/>
    <testcase classname="ds.skewness_smk_method_2_both" name="simple_skewness_method_2_both_on_LAB_GLUC_ADJUSTED" time="0.00300000000015643"/>
    <testcase classname="ds.skewness_smk_method_2_both" name="simple_skewness_method_2_both_on_LAB_GLUC_ADJUSTED" time="0.00199999999995271"/>
    <testcase classname="ds.skewness_smk_method_2_both" name="simple_skewness_method_2_both_on_LAB_GLUC_ADJUSTED" time="0.00299999999970169"/>
    <testcase classname="ds.skewness_smk_method_2_both" name="simple_skewness_method_2_both_on_PM_BMI_CONTINUOUS" time="1.77800000000025"/>
    <testcase classname="ds.skewness_smk_method_2_both" name="simple_skewness_method_2_both_on_PM_BMI_CONTINUOUS" time="0.00299999999970169"/>
    <testcase classname="ds.skewness_smk_method_2_both" name="simple_skewness_method_2_both_on_PM_BMI_CONTINUOUS" time="0.00200000000040745"/>
    <testcase classname="ds.skewness_smk_method_2_both" name="simple_skewness_method_2_both_on_PM_BMI_CONTINUOUS" time="0.00299999999970169"/>
    <testcase classname="ds.skewness_smk_method_2_both" name="simple_skewness_method_2_both_on_PM_BMI_CONTINUOUS" time="0.00300000000015643"/>
    <testcase classname="ds.skewness_smk_method_2_both" name="simple_skewness_method_2_both_on_PM_BMI_CONTINUOUS" time="0.00300000000015643"/>
    <testcase classname="ds.skewness_smk_method_2_both" name="simple_skewness_method_2_both_on_PM_BMI_CONTINUOUS" time="0.00299999999970169"/>
    <testcase classname="ds.skewness_smk_method_2_both" name="simple_skewness_method_2_both_on_PM_BMI_CONTINUOUS" time="0.00300000000015643"/>
    <testcase classname="ds.skewness_smk_method_2_both" name="simple_skewness_method_2_both_on_PM_BMI_CONTINUOUS" time="0.00199999999995271"/>
    <testcase classname="ds.skewness_smk_method_2_both" name="simple_skewness_method_2_both_on_PM_BMI_CONTINUOUS" time="0.00199999999995271"/>
    <testcase classname="ds.skewness_smk_method_2_both" name="simple_skewness_method_2_both_on_PM_BMI_CONTINUOUS" time="0.00299999999970169"/>
    <testcase classname="ds.skewness_smk_method_2_both" name="simple_skewness_method_2_both_on_PM_BMI_CONTINUOUS" time="0.00199999999995271"/>
    <testcase classname="ds.skewness_smk_method_2_both" name="simple_skewness_method_2_both_on_PM_BMI_CONTINUOUS" time="0.00300000000015643"/>
    <testcase classname="ds.skewness_smk_method_2_both" name="simple_skewness_method_2_both_on_PM_BMI_CONTINUOUS" time="0.00300000000015643"/>
    <testcase classname="ds.skewness_smk_method_2_both" name="simple_skewness_method_2_both_on_PM_BMI_CONTINUOUS" time="0.00299999999970169"/>
    <testcase classname="ds.skewness_smk_method_2_both" name="simple_skewness_method_2_both_on_PM_BMI_CONTINUOUS" time="0.00300000000015643"/>
    <testcase classname="ds.skewness_smk_method_2_both" name="simple_skewness_method_2_both_on_PM_BMI_CONTINUOUS" time="0.00199999999995271"/>
    <testcase classname="ds.skewness_smk_method_2_both" name="simple_skewness_method_2_both_on_PM_BMI_CONTINUOUS" time="0.00300000000015643"/>
    <testcase classname="ds.skewness_smk_method_2_both" name="simple_skewness_method_2_both_on_PM_BMI_CONTINUOUS" time="0.00299999999970169"/>
    <testcase classname="ds.skewness_smk_method_2_both" name="simple_skewness_method_2_both_on_PM_BMI_CONTINUOUS" time="0.00300000000015643"/>
    <testcase classname="ds.skewness_smk_method_2_both" name="simple_skewness_method_2_both_on_PM_BMI_CONTINUOUS" time="0.00199999999995271"/>
    <testcase classname="ds.skewness_smk_method_2_both" name="simple_skewness_method_2_both_on_PM_BMI_CONTINUOUS" time="0.00300000000015643"/>
  </testsuite>
  <testsuite errors="0" failures="0" hostname="fv-az14" name="ds.skewness::smk::method 3::split" skipped="0" tests="70" time="6.294" timestamp="2020-10-27T21:04:25Z">
    <testcase classname="ds.skewness_smk_method_3_split" name="simple_skewness_method_3_split_on_LAB_TSC" time="1.24199999999973"/>
    <testcase classname="ds.skewness_smk_method_3_split" name="simple_skewness_method_3_split_on_LAB_TSC" time="0.00100000000020373"/>
    <testcase classname="ds.skewness_smk_method_3_split" name="simple_skewness_method_3_split_on_LAB_TSC" time="0.00199999999995271"/>
    <testcase classname="ds.skewness_smk_method_3_split" name="simple_skewness_method_3_split_on_LAB_TSC" time="0.00100000000020373"/>
    <testcase classname="ds.skewness_smk_method_3_split" name="simple_skewness_method_3_split_on_LAB_TSC" time="0.000999999999748979"/>
    <testcase classname="ds.skewness_smk_method_3_split" name="simple_skewness_method_3_split_on_LAB_TSC" time="0.00199999999995271"/>
    <testcase classname="ds.skewness_smk_method_3_split" name="simple_skewness_method_3_split_on_LAB_TSC" time="0.00100000000020373"/>
    <testcase classname="ds.skewness_smk_method_3_split" name="simple_skewness_method_3_split_on_LAB_TSC" time="0.00199999999995271"/>
    <testcase classname="ds.skewness_smk_method_3_split" name="simple_skewness_method_3_split_on_LAB_TSC" time="0.000999999999748979"/>
    <testcase classname="ds.skewness_smk_method_3_split" name="simple_skewness_method_3_split_on_LAB_TSC" time="0.00100000000020373"/>
    <testcase classname="ds.skewness_smk_method_3_split" name="simple_skewness_method_3_split_on_LAB_TSC" time="0.00100000000020373"/>
    <testcase classname="ds.skewness_smk_method_3_split" name="simple_skewness_method_3_split_on_LAB_TSC" time="0.00199999999995271"/>
    <testcase classname="ds.skewness_smk_method_3_split" name="simple_skewness_method_3_split_on_LAB_TSC" time="0.00199999999995271"/>
    <testcase classname="ds.skewness_smk_method_3_split" name="simple_skewness_method_3_split_on_LAB_TSC" time="0.000999999999748979"/>
    <testcase classname="ds.skewness_smk_method_3_split" name="simple_skewness_method_3_split_on_LAB_TRIG" time="1.23500000000013"/>
    <testcase classname="ds.skewness_smk_method_3_split" name="simple_skewness_method_3_split_on_LAB_TRIG" time="0.00100000000020373"/>
    <testcase classname="ds.skewness_smk_method_3_split" name="simple_skewness_method_3_split_on_LAB_TRIG" time="0.00199999999995271"/>
    <testcase classname="ds.skewness_smk_method_3_split" name="simple_skewness_method_3_split_on_LAB_TRIG" time="0.000999999999748979"/>
    <testcase classname="ds.skewness_smk_method_3_split" name="simple_skewness_method_3_split_on_LAB_TRIG" time="0.00199999999995271"/>
    <testcase classname="ds.skewness_smk_method_3_split" name="simple_skewness_method_3_split_on_LAB_TRIG" time="0.00199999999995271"/>
    <testcase classname="ds.skewness_smk_method_3_split" name="simple_skewness_method_3_split_on_LAB_TRIG" time="0.00100000000020373"/>
    <testcase classname="ds.skewness_smk_method_3_split" name="simple_skewness_method_3_split_on_LAB_TRIG" time="0.00199999999995271"/>
    <testcase classname="ds.skewness_smk_method_3_split" name="simple_skewness_method_3_split_on_LAB_TRIG" time="0.00199999999995271"/>
    <testcase classname="ds.skewness_smk_method_3_split" name="simple_skewness_method_3_split_on_LAB_TRIG" time="0.00199999999995271"/>
    <testcase classname="ds.skewness_smk_method_3_split" name="simple_skewness_method_3_split_on_LAB_TRIG" time="0.00100000000020373"/>
    <testcase classname="ds.skewness_smk_method_3_split" name="simple_skewness_method_3_split_on_LAB_TRIG" time="0.00199999999995271"/>
    <testcase classname="ds.skewness_smk_method_3_split" name="simple_skewness_method_3_split_on_LAB_TRIG" time="0.00199999999995271"/>
    <testcase classname="ds.skewness_smk_method_3_split" name="simple_skewness_method_3_split_on_LAB_TRIG" time="0.00100000000020373"/>
    <testcase classname="ds.skewness_smk_method_3_split" name="simple_skewness_method_3_split_on_LAB_HDL" time="1.22599999999966"/>
    <testcase classname="ds.skewness_smk_method_3_split" name="simple_skewness_method_3_split_on_LAB_HDL" time="0.00100000000020373"/>
    <testcase classname="ds.skewness_smk_method_3_split" name="simple_skewness_method_3_split_on_LAB_HDL" time="0.00199999999995271"/>
    <testcase classname="ds.skewness_smk_method_3_split" name="simple_skewness_method_3_split_on_LAB_HDL" time="0.00100000000020373"/>
    <testcase classname="ds.skewness_smk_method_3_split" name="simple_skewness_method_3_split_on_LAB_HDL" time="0.00199999999995271"/>
    <testcase classname="ds.skewness_smk_method_3_split" name="simple_skewness_method_3_split_on_LAB_HDL" time="0.000999999999748979"/>
    <testcase classname="ds.skewness_smk_method_3_split" name="simple_skewness_method_3_split_on_LAB_HDL" time="0.00199999999995271"/>
    <testcase classname="ds.skewness_smk_method_3_split" name="simple_skewness_method_3_split_on_LAB_HDL" time="0.00199999999995271"/>
    <testcase classname="ds.skewness_smk_method_3_split" name="simple_skewness_method_3_split_on_LAB_HDL" time="0.00200000000040745"/>
    <testcase classname="ds.skewness_smk_method_3_split" name="simple_skewness_method_3_split_on_LAB_HDL" time="0.00199999999995271"/>
    <testcase classname="ds.skewness_smk_method_3_split" name="simple_skewness_method_3_split_on_LAB_HDL" time="0.00199999999995271"/>
    <testcase classname="ds.skewness_smk_method_3_split" name="simple_skewness_method_3_split_on_LAB_HDL" time="0.000999999999748979"/>
    <testcase classname="ds.skewness_smk_method_3_split" name="simple_skewness_method_3_split_on_LAB_HDL" time="0.00199999999995271"/>
    <testcase classname="ds.skewness_smk_method_3_split" name="simple_skewness_method_3_split_on_LAB_HDL" time="0.00200000000040745"/>
    <testcase classname="ds.skewness_smk_method_3_split" name="simple_skewness_method_3_split_on_LAB_GLUC_ADJUSTED" time="1.22899999999981"/>
    <testcase classname="ds.skewness_smk_method_3_split" name="simple_skewness_method_3_split_on_LAB_GLUC_ADJUSTED" time="0.00199999999995271"/>
    <testcase classname="ds.skewness_smk_method_3_split" name="simple_skewness_method_3_split_on_LAB_GLUC_ADJUSTED" time="0.00199999999995271"/>
    <testcase classname="ds.skewness_smk_method_3_split" name="simple_skewness_method_3_split_on_LAB_GLUC_ADJUSTED" time="0.00199999999995271"/>
    <testcase classname="ds.skewness_smk_method_3_split" name="simple_skewness_method_3_split_on_LAB_GLUC_ADJUSTED" time="0.00199999999995271"/>
    <testcase classname="ds.skewness_smk_method_3_split" name="simple_skewness_method_3_split_on_LAB_GLUC_ADJUSTED" time="0.00199999999995271"/>
    <testcase classname="ds.skewness_smk_method_3_split" name="simple_skewness_method_3_split_on_LAB_GLUC_ADJUSTED" time="0.00200000000040745"/>
    <testcase classname="ds.skewness_smk_method_3_split" name="simple_skewness_method_3_split_on_LAB_GLUC_ADJUSTED" time="0.00299999999970169"/>
    <testcase classname="ds.skewness_smk_method_3_split" name="simple_skewness_method_3_split_on_LAB_GLUC_ADJUSTED" time="0.00199999999995271"/>
    <testcase classname="ds.skewness_smk_method_3_split" name="simple_skewness_method_3_split_on_LAB_GLUC_ADJUSTED" time="0.00199999999995271"/>
    <testcase classname="ds.skewness_smk_method_3_split" name="simple_skewness_method_3_split_on_LAB_GLUC_ADJUSTED" time="0.00200000000040745"/>
    <testcase classname="ds.skewness_smk_method_3_split" name="simple_skewness_method_3_split_on_LAB_GLUC_ADJUSTED" time="0.00299999999970169"/>
    <testcase classname="ds.skewness_smk_method_3_split" name="simple_skewness_method_3_split_on_LAB_GLUC_ADJUSTED" time="0.00199999999995271"/>
    <testcase classname="ds.skewness_smk_method_3_split" name="simple_skewness_method_3_split_on_LAB_GLUC_ADJUSTED" time="0.00199999999995271"/>
    <testcase classname="ds.skewness_smk_method_3_split" name="simple_skewness_method_3_split_on_PM_BMI_CONTINUOUS" time="1.24200000000019"/>
    <testcase classname="ds.skewness_smk_method_3_split" name="simple_skewness_method_3_split_on_PM_BMI_CONTINUOUS" time="0.00199999999995271"/>
    <testcase classname="ds.skewness_smk_method_3_split" name="simple_skewness_method_3_split_on_PM_BMI_CONTINUOUS" time="0.00199999999995271"/>
    <testcase classname="ds.skewness_smk_method_3_split" name="simple_skewness_method_3_split_on_PM_BMI_CONTINUOUS" time="0.00300000000015643"/>
    <testcase classname="ds.skewness_smk_method_3_split" name="simple_skewness_method_3_split_on_PM_BMI_CONTINUOUS" time="0.00199999999995271"/>
    <testcase classname="ds.skewness_smk_method_3_split" name="simple_skewness_method_3_split_on_PM_BMI_CONTINUOUS" time="0.00199999999995271"/>
    <testcase classname="ds.skewness_smk_method_3_split" name="simple_skewness_method_3_split_on_PM_BMI_CONTINUOUS" time="0.00199999999995271"/>
    <testcase classname="ds.skewness_smk_method_3_split" name="simple_skewness_method_3_split_on_PM_BMI_CONTINUOUS" time="0.00300000000015643"/>
    <testcase classname="ds.skewness_smk_method_3_split" name="simple_skewness_method_3_split_on_PM_BMI_CONTINUOUS" time="0.00199999999995271"/>
    <testcase classname="ds.skewness_smk_method_3_split" name="simple_skewness_method_3_split_on_PM_BMI_CONTINUOUS" time="0.00300000000015643"/>
    <testcase classname="ds.skewness_smk_method_3_split" name="simple_skewness_method_3_split_on_PM_BMI_CONTINUOUS" time="0.00199999999995271"/>
    <testcase classname="ds.skewness_smk_method_3_split" name="simple_skewness_method_3_split_on_PM_BMI_CONTINUOUS" time="0.00299999999970169"/>
    <testcase classname="ds.skewness_smk_method_3_split" name="simple_skewness_method_3_split_on_PM_BMI_CONTINUOUS" time="0.00199999999995271"/>
    <testcase classname="ds.skewness_smk_method_3_split" name="simple_skewness_method_3_split_on_PM_BMI_CONTINUOUS" time="0.00300000000015643"/>
  </testsuite>
  <testsuite errors="0" failures="0" hostname="fv-az14" name="ds.skewness::smk::method 3::combine" skipped="0" tests="40" time="7.589" timestamp="2020-10-27T21:04:31Z">
    <testcase classname="ds.skewness_smk_method_3_combine" name="simple_skewness_combine_on_LAB_TSC" time="1.50399999999991"/>
    <testcase classname="ds.skewness_smk_method_3_combine" name="simple_skewness_combine_on_LAB_TSC" time="0.00100000000020373"/>
    <testcase classname="ds.skewness_smk_method_3_combine" name="simple_skewness_combine_on_LAB_TSC" time="0.000999999999748979"/>
    <testcase classname="ds.skewness_smk_method_3_combine" name="simple_skewness_combine_on_LAB_TSC" time="0.00100000000020373"/>
    <testcase classname="ds.skewness_smk_method_3_combine" name="simple_skewness_combine_on_LAB_TSC" time="0.000999999999748979"/>
    <testcase classname="ds.skewness_smk_method_3_combine" name="simple_skewness_combine_on_LAB_TSC" time="0.00100000000020373"/>
    <testcase classname="ds.skewness_smk_method_3_combine" name="simple_skewness_combine_on_LAB_TSC" time="0.00199999999995271"/>
    <testcase classname="ds.skewness_smk_method_3_combine" name="simple_skewness_combine_on_LAB_TSC" time="0.000999999999748979"/>
    <testcase classname="ds.skewness_smk_method_3_combine" name="simple_skewness_method_3_combine_on_LAB_TRIG" time="1.50900000000001"/>
    <testcase classname="ds.skewness_smk_method_3_combine" name="simple_skewness_method_3_combine_on_LAB_TRIG" time="0.00100000000020373"/>
    <testcase classname="ds.skewness_smk_method_3_combine" name="simple_skewness_method_3_combine_on_LAB_TRIG" time="0.000999999999748979"/>
    <testcase classname="ds.skewness_smk_method_3_combine" name="simple_skewness_method_3_combine_on_LAB_TRIG" time="0.00199999999995271"/>
    <testcase classname="ds.skewness_smk_method_3_combine" name="simple_skewness_method_3_combine_on_LAB_TRIG" time="0.00100000000020373"/>
    <testcase classname="ds.skewness_smk_method_3_combine" name="simple_skewness_method_3_combine_on_LAB_TRIG" time="0.00199999999995271"/>
    <testcase classname="ds.skewness_smk_method_3_combine" name="simple_skewness_method_3_combine_on_LAB_TRIG" time="0.00100000000020373"/>
    <testcase classname="ds.skewness_smk_method_3_combine" name="simple_skewness_method_3_combine_on_LAB_TRIG" time="0.00199999999995271"/>
    <testcase classname="ds.skewness_smk_method_3_combine" name="simple_skewness_method_3_combine_on_LAB_HDL" time="1.50099999999975"/>
    <testcase classname="ds.skewness_smk_method_3_combine" name="simple_skewness_method_3_combine_on_LAB_HDL" time="0.00199999999995271"/>
    <testcase classname="ds.skewness_smk_method_3_combine" name="simple_skewness_method_3_combine_on_LAB_HDL" time="0.00200000000040745"/>
    <testcase classname="ds.skewness_smk_method_3_combine" name="simple_skewness_method_3_combine_on_LAB_HDL" time="0.00199999999995271"/>
    <testcase classname="ds.skewness_smk_method_3_combine" name="simple_skewness_method_3_combine_on_LAB_HDL" time="0.000999999999748979"/>
    <testcase classname="ds.skewness_smk_method_3_combine" name="simple_skewness_method_3_combine_on_LAB_HDL" time="0.00199999999995271"/>
    <testcase classname="ds.skewness_smk_method_3_combine" name="simple_skewness_method_3_combine_on_LAB_HDL" time="0.00199999999995271"/>
    <testcase classname="ds.skewness_smk_method_3_combine" name="simple_skewness_method_3_combine_on_LAB_HDL" time="0.00100000000020373"/>
    <testcase classname="ds.skewness_smk_method_3_combine" name="simple_skewness_method_3_combine_on_LAB_GLUC_ADJUSTED" time="1.50999999999976"/>
    <testcase classname="ds.skewness_smk_method_3_combine" name="simple_skewness_method_3_combine_on_LAB_GLUC_ADJUSTED" time="0.00200000000040745"/>
    <testcase classname="ds.skewness_smk_method_3_combine" name="simple_skewness_method_3_combine_on_LAB_GLUC_ADJUSTED" time="0.00900000000001455"/>
    <testcase classname="ds.skewness_smk_method_3_combine" name="simple_skewness_method_3_combine_on_LAB_GLUC_ADJUSTED" time="0.00199999999995271"/>
    <testcase classname="ds.skewness_smk_method_3_combine" name="simple_skewness_method_3_combine_on_LAB_GLUC_ADJUSTED" time="0.00199999999995271"/>
    <testcase classname="ds.skewness_smk_method_3_combine" name="simple_skewness_method_3_combine_on_LAB_GLUC_ADJUSTED" time="0.00199999999995271"/>
    <testcase classname="ds.skewness_smk_method_3_combine" name="simple_skewness_method_3_combine_on_LAB_GLUC_ADJUSTED" time="0.00199999999995271"/>
    <testcase classname="ds.skewness_smk_method_3_combine" name="simple_skewness_method_3_combine_on_LAB_GLUC_ADJUSTED" time="0.00199999999995271"/>
    <testcase classname="ds.skewness_smk_method_3_combine" name="simple_skewness_method_3_combine_on_PM_BMI_CONTINUOUS" time="1.5010000000002"/>
    <testcase classname="ds.skewness_smk_method_3_combine" name="simple_skewness_method_3_combine_on_PM_BMI_CONTINUOUS" time="0.00199999999995271"/>
    <testcase classname="ds.skewness_smk_method_3_combine" name="simple_skewness_method_3_combine_on_PM_BMI_CONTINUOUS" time="0.00199999999995271"/>
    <testcase classname="ds.skewness_smk_method_3_combine" name="simple_skewness_method_3_combine_on_PM_BMI_CONTINUOUS" time="0.000999999999748979"/>
    <testcase classname="ds.skewness_smk_method_3_combine" name="simple_skewness_method_3_combine_on_PM_BMI_CONTINUOUS" time="0.00199999999995271"/>
    <testcase classname="ds.skewness_smk_method_3_combine" name="simple_skewness_method_3_combine_on_PM_BMI_CONTINUOUS" time="0.00200000000040745"/>
    <testcase classname="ds.skewness_smk_method_3_combine" name="simple_skewness_method_3_combine_on_PM_BMI_CONTINUOUS" time="0.00199999999995271"/>
    <testcase classname="ds.skewness_smk_method_3_combine" name="simple_skewness_method_3_combine_on_PM_BMI_CONTINUOUS" time="0.00199999999995271"/>
  </testsuite>
  <testsuite errors="0" failures="0" hostname="fv-az14" name="ds.skewness::smk::method 3::both" skipped="0" tests="110" time="9.142" timestamp="2020-10-27T21:04:38Z">
    <testcase classname="ds.skewness_smk_method_3_both" name="simple_skewness_both_on_LAB_TSC" time="1.80199999999968"/>
    <testcase classname="ds.skewness_smk_method_3_both" name="simple_skewness_both_on_LAB_TSC" time="0.00100000000020373"/>
    <testcase classname="ds.skewness_smk_method_3_both" name="simple_skewness_both_on_LAB_TSC" time="0.00100000000020373"/>
    <testcase classname="ds.skewness_smk_method_3_both" name="simple_skewness_both_on_LAB_TSC" time="0.000999999999748979"/>
    <testcase classname="ds.skewness_smk_method_3_both" name="simple_skewness_both_on_LAB_TSC" time="0.00199999999995271"/>
    <testcase classname="ds.skewness_smk_method_3_both" name="simple_skewness_both_on_LAB_TSC" time="0.00100000000020373"/>
    <testcase classname="ds.skewness_smk_method_3_both" name="simple_skewness_both_on_LAB_TSC" time="0.000999999999748979"/>
    <testcase classname="ds.skewness_smk_method_3_both" name="simple_skewness_both_on_LAB_TSC" time="0.00199999999995271"/>
    <testcase classname="ds.skewness_smk_method_3_both" name="simple_skewness_both_on_LAB_TSC" time="0.00100000000020373"/>
    <testcase classname="ds.skewness_smk_method_3_both" name="simple_skewness_both_on_LAB_TSC" time="0.00199999999995271"/>
    <testcase classname="ds.skewness_smk_method_3_both" name="simple_skewness_both_on_LAB_TSC" time="0.00100000000020373"/>
    <testcase classname="ds.skewness_smk_method_3_both" name="simple_skewness_both_on_LAB_TSC" time="0.000999999999748979"/>
    <testcase classname="ds.skewness_smk_method_3_both" name="simple_skewness_both_on_LAB_TSC" time="0.00199999999995271"/>
    <testcase classname="ds.skewness_smk_method_3_both" name="simple_skewness_both_on_LAB_TSC" time="0.00199999999995271"/>
    <testcase classname="ds.skewness_smk_method_3_both" name="simple_skewness_both_on_LAB_TSC" time="0.00100000000020373"/>
    <testcase classname="ds.skewness_smk_method_3_both" name="simple_skewness_both_on_LAB_TSC" time="0.00199999999995271"/>
    <testcase classname="ds.skewness_smk_method_3_both" name="simple_skewness_both_on_LAB_TSC" time="0.00100000000020373"/>
    <testcase classname="ds.skewness_smk_method_3_both" name="simple_skewness_both_on_LAB_TSC" time="0.00199999999995271"/>
    <testcase classname="ds.skewness_smk_method_3_both" name="simple_skewness_both_on_LAB_TSC" time="0.00199999999995271"/>
    <testcase classname="ds.skewness_smk_method_3_both" name="simple_skewness_both_on_LAB_TSC" time="0.000999999999748979"/>
    <testcase classname="ds.skewness_smk_method_3_both" name="simple_skewness_both_on_LAB_TSC" time="0.00200000000040745"/>
    <testcase classname="ds.skewness_smk_method_3_both" name="simple_skewness_both_on_LAB_TSC" time="0.00199999999995271"/>
    <testcase classname="ds.skewness_smk_method_3_both" name="simple_skewness_method_3_both_on_LAB_TRIG" time="1.76499999999987"/>
    <testcase classname="ds.skewness_smk_method_3_both" name="simple_skewness_method_3_both_on_LAB_TRIG" time="0.00199999999995271"/>
    <testcase classname="ds.skewness_smk_method_3_both" name="simple_skewness_method_3_both_on_LAB_TRIG" time="0.00199999999995271"/>
    <testcase classname="ds.skewness_smk_method_3_both" name="simple_skewness_method_3_both_on_LAB_TRIG" time="0.00199999999995271"/>
    <testcase classname="ds.skewness_smk_method_3_both" name="simple_skewness_method_3_both_on_LAB_TRIG" time="0.00100000000020373"/>
    <testcase classname="ds.skewness_smk_method_3_both" name="simple_skewness_method_3_both_on_LAB_TRIG" time="0.00100000000020373"/>
    <testcase classname="ds.skewness_smk_method_3_both" name="simple_skewness_method_3_both_on_LAB_TRIG" time="0.00199999999995271"/>
    <testcase classname="ds.skewness_smk_method_3_both" name="simple_skewness_method_3_both_on_LAB_TRIG" time="0.00199999999995271"/>
    <testcase classname="ds.skewness_smk_method_3_both" name="simple_skewness_method_3_both_on_LAB_TRIG" time="0.00199999999995271"/>
    <testcase classname="ds.skewness_smk_method_3_both" name="simple_skewness_method_3_both_on_LAB_TRIG" time="0.00199999999995271"/>
    <testcase classname="ds.skewness_smk_method_3_both" name="simple_skewness_method_3_both_on_LAB_TRIG" time="0.00199999999995271"/>
    <testcase classname="ds.skewness_smk_method_3_both" name="simple_skewness_method_3_both_on_LAB_TRIG" time="0.00199999999995271"/>
    <testcase classname="ds.skewness_smk_method_3_both" name="simple_skewness_method_3_both_on_LAB_TRIG" time="0.00200000000040745"/>
    <testcase classname="ds.skewness_smk_method_3_both" name="simple_skewness_method_3_both_on_LAB_TRIG" time="0.00199999999995271"/>
    <testcase classname="ds.skewness_smk_method_3_both" name="simple_skewness_method_3_both_on_LAB_TRIG" time="0.00199999999995271"/>
    <testcase classname="ds.skewness_smk_method_3_both" name="simple_skewness_method_3_both_on_LAB_TRIG" time="0.00199999999995271"/>
    <testcase classname="ds.skewness_smk_method_3_both" name="simple_skewness_method_3_both_on_LAB_TRIG" time="0.000999999999748979"/>
    <testcase classname="ds.skewness_smk_method_3_both" name="simple_skewness_method_3_both_on_LAB_TRIG" time="0.00300000000015643"/>
    <testcase classname="ds.skewness_smk_method_3_both" name="simple_skewness_method_3_both_on_LAB_TRIG" time="0.00100000000020373"/>
    <testcase classname="ds.skewness_smk_method_3_both" name="simple_skewness_method_3_both_on_LAB_TRIG" time="0.00199999999995271"/>
    <testcase classname="ds.skewness_smk_method_3_both" name="simple_skewness_method_3_both_on_LAB_TRIG" time="0.00199999999995271"/>
    <testcase classname="ds.skewness_smk_method_3_both" name="simple_skewness_method_3_both_on_LAB_TRIG" time="0.00300000000015643"/>
    <testcase classname="ds.skewness_smk_method_3_both" name="simple_skewness_method_3_both_on_LAB_HDL" time="1.78800000000001"/>
    <testcase classname="ds.skewness_smk_method_3_both" name="simple_skewness_method_3_both_on_LAB_HDL" time="0.00199999999995271"/>
    <testcase classname="ds.skewness_smk_method_3_both" name="simple_skewness_method_3_both_on_LAB_HDL" time="0.00199999999995271"/>
    <testcase classname="ds.skewness_smk_method_3_both" name="simple_skewness_method_3_both_on_LAB_HDL" time="0.00199999999995271"/>
    <testcase classname="ds.skewness_smk_method_3_both" name="simple_skewness_method_3_both_on_LAB_HDL" time="0.00400000000036016"/>
    <testcase classname="ds.skewness_smk_method_3_both" name="simple_skewness_method_3_both_on_LAB_HDL" time="0.00299999999970169"/>
    <testcase classname="ds.skewness_smk_method_3_both" name="simple_skewness_method_3_both_on_LAB_HDL" time="0.00100000000020373"/>
    <testcase classname="ds.skewness_smk_method_3_both" name="simple_skewness_method_3_both_on_LAB_HDL" time="0.00199999999995271"/>
    <testcase classname="ds.skewness_smk_method_3_both" name="simple_skewness_method_3_both_on_LAB_HDL" time="0.00300000000015643"/>
    <testcase classname="ds.skewness_smk_method_3_both" name="simple_skewness_method_3_both_on_LAB_HDL" time="0.000999999999748979"/>
    <testcase classname="ds.skewness_smk_method_3_both" name="simple_skewness_method_3_both_on_LAB_HDL" time="0.00199999999995271"/>
    <testcase classname="ds.skewness_smk_method_3_both" name="simple_skewness_method_3_both_on_LAB_HDL" time="0.00300000000015643"/>
    <testcase classname="ds.skewness_smk_method_3_both" name="simple_skewness_method_3_both_on_LAB_HDL" time="0.00199999999995271"/>
    <testcase classname="ds.skewness_smk_method_3_both" name="simple_skewness_method_3_both_on_LAB_HDL" time="0.00199999999995271"/>
    <testcase classname="ds.skewness_smk_method_3_both" name="simple_skewness_method_3_both_on_LAB_HDL" time="0.00199999999995271"/>
    <testcase classname="ds.skewness_smk_method_3_both" name="simple_skewness_method_3_both_on_LAB_HDL" time="0.00300000000015643"/>
    <testcase classname="ds.skewness_smk_method_3_both" name="simple_skewness_method_3_both_on_LAB_HDL" time="0.00199999999995271"/>
    <testcase classname="ds.skewness_smk_method_3_both" name="simple_skewness_method_3_both_on_LAB_HDL" time="0.00199999999995271"/>
    <testcase classname="ds.skewness_smk_method_3_both" name="simple_skewness_method_3_both_on_LAB_HDL" time="0.00199999999995271"/>
    <testcase classname="ds.skewness_smk_method_3_both" name="simple_skewness_method_3_both_on_LAB_HDL" time="0.00300000000015643"/>
    <testcase classname="ds.skewness_smk_method_3_both" name="simple_skewness_method_3_both_on_LAB_HDL" time="0.00199999999995271"/>
    <testcase classname="ds.skewness_smk_method_3_both" name="simple_skewness_method_3_both_on_LAB_HDL" time="0.00199999999995271"/>
    <testcase classname="ds.skewness_smk_method_3_both" name="simple_skewness_method_3_both_on_LAB_GLUC_ADJUSTED" time="1.76299999999992"/>
    <testcase classname="ds.skewness_smk_method_3_both" name="simple_skewness_method_3_both_on_LAB_GLUC_ADJUSTED" time="0.00300000000015643"/>
    <testcase classname="ds.skewness_smk_method_3_both" name="simple_skewness_method_3_both_on_LAB_GLUC_ADJUSTED" time="0.00199999999995271"/>
    <testcase classname="ds.skewness_smk_method_3_both" name="simple_skewness_method_3_both_on_LAB_GLUC_ADJUSTED" time="0.0109999999999673"/>
    <testcase classname="ds.skewness_smk_method_3_both" name="simple_skewness_method_3_both_on_LAB_GLUC_ADJUSTED" time="0.00199999999995271"/>
    <testcase classname="ds.skewness_smk_method_3_both" name="simple_skewness_method_3_both_on_LAB_GLUC_ADJUSTED" time="0.00300000000015643"/>
    <testcase classname="ds.skewness_smk_method_3_both" name="simple_skewness_method_3_both_on_LAB_GLUC_ADJUSTED" time="0.00199999999995271"/>
    <testcase classname="ds.skewness_smk_method_3_both" name="simple_skewness_method_3_both_on_LAB_GLUC_ADJUSTED" time="0.00300000000015643"/>
    <testcase classname="ds.skewness_smk_method_3_both" name="simple_skewness_method_3_both_on_LAB_GLUC_ADJUSTED" time="0.00199999999995271"/>
    <testcase classname="ds.skewness_smk_method_3_both" name="simple_skewness_method_3_both_on_LAB_GLUC_ADJUSTED" time="0.00199999999995271"/>
    <testcase classname="ds.skewness_smk_method_3_both" name="simple_skewness_method_3_both_on_LAB_GLUC_ADJUSTED" time="0.00299999999970169"/>
    <testcase classname="ds.skewness_smk_method_3_both" name="simple_skewness_method_3_both_on_LAB_GLUC_ADJUSTED" time="0.00199999999995271"/>
    <testcase classname="ds.skewness_smk_method_3_both" name="simple_skewness_method_3_both_on_LAB_GLUC_ADJUSTED" time="0.00300000000015643"/>
    <testcase classname="ds.skewness_smk_method_3_both" name="simple_skewness_method_3_both_on_LAB_GLUC_ADJUSTED" time="0.00199999999995271"/>
    <testcase classname="ds.skewness_smk_method_3_both" name="simple_skewness_method_3_both_on_LAB_GLUC_ADJUSTED" time="0.00300000000015643"/>
    <testcase classname="ds.skewness_smk_method_3_both" name="simple_skewness_method_3_both_on_LAB_GLUC_ADJUSTED" time="0.00199999999995271"/>
    <testcase classname="ds.skewness_smk_method_3_both" name="simple_skewness_method_3_both_on_LAB_GLUC_ADJUSTED" time="0.00199999999995271"/>
    <testcase classname="ds.skewness_smk_method_3_both" name="simple_skewness_method_3_both_on_LAB_GLUC_ADJUSTED" time="0.00300000000015643"/>
    <testcase classname="ds.skewness_smk_method_3_both" name="simple_skewness_method_3_both_on_LAB_GLUC_ADJUSTED" time="0.00199999999995271"/>
    <testcase classname="ds.skewness_smk_method_3_both" name="simple_skewness_method_3_both_on_LAB_GLUC_ADJUSTED" time="0.00300000000015643"/>
    <testcase classname="ds.skewness_smk_method_3_both" name="simple_skewness_method_3_both_on_LAB_GLUC_ADJUSTED" time="0.00299999999970169"/>
    <testcase classname="ds.skewness_smk_method_3_both" name="simple_skewness_method_3_both_on_LAB_GLUC_ADJUSTED" time="0.00300000000015643"/>
    <testcase classname="ds.skewness_smk_method_3_both" name="simple_skewness_method_3_both_on_PM_BMI_CONTINUOUS" time="1.77300000000014"/>
    <testcase classname="ds.skewness_smk_method_3_both" name="simple_skewness_method_3_both_on_PM_BMI_CONTINUOUS" time="0.00299999999970169"/>
    <testcase classname="ds.skewness_smk_method_3_both" name="simple_skewness_method_3_both_on_PM_BMI_CONTINUOUS" time="0.00300000000015643"/>
    <testcase classname="ds.skewness_smk_method_3_both" name="simple_skewness_method_3_both_on_PM_BMI_CONTINUOUS" time="0.00300000000015643"/>
    <testcase classname="ds.skewness_smk_method_3_both" name="simple_skewness_method_3_both_on_PM_BMI_CONTINUOUS" time="0.00299999999970169"/>
    <testcase classname="ds.skewness_smk_method_3_both" name="simple_skewness_method_3_both_on_PM_BMI_CONTINUOUS" time="0.00300000000015643"/>
    <testcase classname="ds.skewness_smk_method_3_both" name="simple_skewness_method_3_both_on_PM_BMI_CONTINUOUS" time="0.00199999999995271"/>
    <testcase classname="ds.skewness_smk_method_3_both" name="simple_skewness_method_3_both_on_PM_BMI_CONTINUOUS" time="0.00300000000015643"/>
    <testcase classname="ds.skewness_smk_method_3_both" name="simple_skewness_method_3_both_on_PM_BMI_CONTINUOUS" time="0.00299999999970169"/>
    <testcase classname="ds.skewness_smk_method_3_both" name="simple_skewness_method_3_both_on_PM_BMI_CONTINUOUS" time="0.00399999999990541"/>
    <testcase classname="ds.skewness_smk_method_3_both" name="simple_skewness_method_3_both_on_PM_BMI_CONTINUOUS" time="0.00300000000015643"/>
    <testcase classname="ds.skewness_smk_method_3_both" name="simple_skewness_method_3_both_on_PM_BMI_CONTINUOUS" time="0.00300000000015643"/>
    <testcase classname="ds.skewness_smk_method_3_both" name="simple_skewness_method_3_both_on_PM_BMI_CONTINUOUS" time="0.00700000000006185"/>
    <testcase classname="ds.skewness_smk_method_3_both" name="simple_skewness_method_3_both_on_PM_BMI_CONTINUOUS" time="0.00599999999985812"/>
    <testcase classname="ds.skewness_smk_method_3_both" name="simple_skewness_method_3_both_on_PM_BMI_CONTINUOUS" time="0.00399999999990541"/>
    <testcase classname="ds.skewness_smk_method_3_both" name="simple_skewness_method_3_both_on_PM_BMI_CONTINUOUS" time="0.00300000000015643"/>
    <testcase classname="ds.skewness_smk_method_3_both" name="simple_skewness_method_3_both_on_PM_BMI_CONTINUOUS" time="0.00299999999970169"/>
    <testcase classname="ds.skewness_smk_method_3_both" name="simple_skewness_method_3_both_on_PM_BMI_CONTINUOUS" time="0.00300000000015643"/>
    <testcase classname="ds.skewness_smk_method_3_both" name="simple_skewness_method_3_both_on_PM_BMI_CONTINUOUS" time="0.00299999999970169"/>
    <testcase classname="ds.skewness_smk_method_3_both" name="simple_skewness_method_3_both_on_PM_BMI_CONTINUOUS" time="0.00300000000015643"/>
    <testcase classname="ds.skewness_smk_method_3_both" name="simple_skewness_method_3_both_on_PM_BMI_CONTINUOUS" time="0.00300000000015643"/>
    <testcase classname="ds.skewness_smk_method_3_both" name="simple_skewness_method_3_both_on_PM_BMI_CONTINUOUS" time="0.00399999999990541"/>
  </testsuite>
  <testsuite errors="0" failures="0" hostname="fv-az14" name="ds.skewness::smk::shutdown" skipped="0" tests="3" time="0.3" timestamp="2020-10-27T21:04:48Z">
    <testcase classname="ds.skewness_smk_shutdown" name="shutdown" time="0.297999999999774"/>
    <testcase classname="ds.skewness_smk_shutdown" name="shutdown" time="0.00100000000020373"/>
    <testcase classname="ds.skewness_smk_shutdown" name="shutdown" time="0.000999999999748979"/>
  </testsuite>
  <testsuite errors="0" failures="0" hostname="fv-az14" name="ds.skewness::smk::done" skipped="0" tests="0" time="0" timestamp="2020-10-27T21:04:49Z"/>
  <testsuite errors="0" failures="0" hostname="fv-az14" name="ds.sqrt::smk::setup" skipped="0" tests="3" time="5.57" timestamp="2020-10-27T21:04:49Z">
    <testcase classname="ds.sqrt_smk_setup" name="setup" time="5.56800000000021"/>
    <testcase classname="ds.sqrt_smk_setup" name="setup" time="0.00100000000020373"/>
    <testcase classname="ds.sqrt_smk_setup" name="setup" time="0.000999999999748979"/>
  </testsuite>
  <testsuite errors="0" failures="0" hostname="fv-az14" name="ds.sqrt::smk" skipped="0" tests="10" time="2.333" timestamp="2020-10-27T21:04:53Z">
    <testcase classname="ds.sqrt_smk" name="simple_c" time="1.51000000000022"/>
    <testcase classname="ds.sqrt_smk" name="simple_c" time="0.269999999999982"/>
    <testcase classname="ds.sqrt_smk" name="simple_c" time="0.00199999999995271"/>
    <testcase classname="ds.sqrt_smk" name="simple_c" time="0.000999999999748979"/>
    <testcase classname="ds.sqrt_smk" name="simple_c" time="0.00199999999995271"/>
    <testcase classname="ds.sqrt_smk" name="simple_c" time="0.00100000000020373"/>
    <testcase classname="ds.sqrt_smk" name="simple_c" time="0.541999999999916"/>
    <testcase classname="ds.sqrt_smk" name="simple_c" time="0.00100000000020373"/>
    <testcase classname="ds.sqrt_smk" name="simple_c" time="0.00199999999995271"/>
    <testcase classname="ds.sqrt_smk" name="simple_c" time="0.00199999999995271"/>
  </testsuite>
  <testsuite errors="0" failures="0" hostname="fv-az14" name="ds.sqrt::smk::shutdown" skipped="0" tests="3" time="0.287" timestamp="2020-10-27T21:04:56Z">
    <testcase classname="ds.sqrt_smk_shutdown" name="setup" time="0.284000000000106"/>
    <testcase classname="ds.sqrt_smk_shutdown" name="setup" time="0.00199999999995271"/>
    <testcase classname="ds.sqrt_smk_shutdown" name="setup" time="0.000999999999748979"/>
  </testsuite>
  <testsuite errors="0" failures="0" hostname="fv-az14" name="ds.sqrt::smk::done" skipped="0" tests="0" time="0" timestamp="2020-10-27T21:04:57Z"/>
  <testsuite errors="0" failures="0" hostname="fv-az14" name="ds.subsetByClass::smk::setup" skipped="0" tests="3" time="5.587" timestamp="2020-10-27T21:04:57Z">
    <testcase classname="ds.subsetByClass_smk_setup" name="setup" time="5.58400000000029"/>
    <testcase classname="ds.subsetByClass_smk_setup" name="setup" time="0.000999999999748979"/>
    <testcase classname="ds.subsetByClass_smk_setup" name="setup" time="0.00199999999995271"/>
  </testsuite>
  <testsuite errors="0" failures="0" hostname="fv-az14" name="ds.subsetByClass::smk" skipped="0" tests="22" time="9.285" timestamp="2020-10-27T21:05:02Z">
    <testcase classname="ds.subsetByClass_smk" name="gender_implicit" time="4.37100000000009"/>
    <testcase classname="ds.subsetByClass_smk" name="gender_implicit" time="0.271999999999935"/>
    <testcase classname="ds.subsetByClass_smk" name="gender_implicit" time="0.00199999999995271"/>
    <testcase classname="ds.subsetByClass_smk" name="gender_implicit" time="0.00100000000020373"/>
    <testcase classname="ds.subsetByClass_smk" name="gender_implicit" time="0.000999999999748979"/>
    <testcase classname="ds.subsetByClass_smk" name="gender_implicit" time="0.00100000000020373"/>
    <testcase classname="ds.subsetByClass_smk" name="gender_implicit" time="0.00100000000020373"/>
    <testcase classname="ds.subsetByClass_smk" name="gender_implicit" time="0.00199999999995271"/>
    <testcase classname="ds.subsetByClass_smk" name="gender_implicit" time="0.00199999999995271"/>
    <testcase classname="ds.subsetByClass_smk" name="gender_implicit" time="0.00299999999970169"/>
    <testcase classname="ds.subsetByClass_smk" name="gender_implicit" time="0.00100000000020373"/>
    <testcase classname="ds.subsetByClass_smk" name="gender_explicit" time="4.33800000000019"/>
    <testcase classname="ds.subsetByClass_smk" name="gender_explicit" time="0.276999999999589"/>
    <testcase classname="ds.subsetByClass_smk" name="gender_explicit" time="0.00200000000040745"/>
    <testcase classname="ds.subsetByClass_smk" name="gender_explicit" time="0.000999999999748979"/>
    <testcase classname="ds.subsetByClass_smk" name="gender_explicit" time="0.00199999999995271"/>
    <testcase classname="ds.subsetByClass_smk" name="gender_explicit" time="0.00100000000020373"/>
    <testcase classname="ds.subsetByClass_smk" name="gender_explicit" time="0.00199999999995271"/>
    <testcase classname="ds.subsetByClass_smk" name="gender_explicit" time="0.000999999999748979"/>
    <testcase classname="ds.subsetByClass_smk" name="gender_explicit" time="0.00100000000020373"/>
    <testcase classname="ds.subsetByClass_smk" name="gender_explicit" time="0.00199999999995271"/>
    <testcase classname="ds.subsetByClass_smk" name="gender_explicit" time="0.00100000000020373"/>
  </testsuite>
  <testsuite errors="0" failures="0" hostname="fv-az14" name="ds.subsetByClass::smk::shutdown" skipped="0" tests="3" time="0.29" timestamp="2020-10-27T21:05:11Z">
    <testcase classname="ds.subsetByClass_smk_shutdown" name="shutdown" time="0.286999999999807"/>
    <testcase classname="ds.subsetByClass_smk_shutdown" name="shutdown" time="0.00199999999995271"/>
    <testcase classname="ds.subsetByClass_smk_shutdown" name="shutdown" time="0.00100000000020373"/>
  </testsuite>
  <testsuite errors="0" failures="0" hostname="fv-az14" name="ds.subsetByClass::smk::done" skipped="0" tests="0" time="0" timestamp="2020-10-27T21:05:12Z"/>
  <testsuite errors="0" failures="0" hostname="fv-az14" name="ds.subset::smk::setup" skipped="0" tests="3" time="5.657" timestamp="2020-10-27T21:05:12Z">
    <testcase classname="ds.subset_smk_setup" name="setup" time="5.654"/>
    <testcase classname="ds.subset_smk_setup" name="setup" time="0.000999999999748979"/>
    <testcase classname="ds.subset_smk_setup" name="setup" time="0.00199999999995271"/>
  </testsuite>
  <testsuite errors="0" failures="0" hostname="fv-az14" name="ds.subset::smk::generate a subset of the assigned table (by default the table is named 'D') with the first 50 observations and the two first columns" skipped="0" tests="4" time="2.782" timestamp="2020-10-27T21:05:17Z">
    <testcase classname="ds.subset_smk_generate_a_subset_of_the_assigned_table_by_default_the_table_is_named_D_with_the_first_50_observations_and_the_two_first_columns" name="subD_exists" time="2.77800000000025"/>
    <testcase classname="ds.subset_smk_generate_a_subset_of_the_assigned_table_by_default_the_table_is_named_D_with_the_first_50_observations_and_the_two_first_columns" name="subD_exists" time="0.00199999999995271"/>
    <testcase classname="ds.subset_smk_generate_a_subset_of_the_assigned_table_by_default_the_table_is_named_D_with_the_first_50_observations_and_the_two_first_columns" name="subD_exists" time="0.00100000000020373"/>
    <testcase classname="ds.subset_smk_generate_a_subset_of_the_assigned_table_by_default_the_table_is_named_D_with_the_first_50_observations_and_the_two_first_columns" name="subD_exists" time="0.000999999999748979"/>
  </testsuite>
  <testsuite errors="0" failures="0" hostname="fv-az14" name="ds.subset::smk::generate a subset of the assigned table (by default the table is named 'D') with the first 50 observations and the two first columns refered to by their names" skipped="0" tests="4" time="2.675" timestamp="2020-10-27T21:05:20Z">
    <testcase classname="ds.subset_smk_generate_a_subset_of_the_assigned_table_by_default_the_table_is_named_D_with_the_first_50_observations_and_the_two_first_columns_refered_to_by_their_names" name="subD2_exists" time="2.67000000000007"/>
    <testcase classname="ds.subset_smk_generate_a_subset_of_the_assigned_table_by_default_the_table_is_named_D_with_the_first_50_observations_and_the_two_first_columns_refered_to_by_their_names" name="subD2_exists" time="0.00199999999995271"/>
    <testcase classname="ds.subset_smk_generate_a_subset_of_the_assigned_table_by_default_the_table_is_named_D_with_the_first_50_observations_and_the_two_first_columns_refered_to_by_their_names" name="subD2_exists" time="0.00100000000020373"/>
    <testcase classname="ds.subset_smk_generate_a_subset_of_the_assigned_table_by_default_the_table_is_named_D_with_the_first_50_observations_and_the_two_first_columns_refered_to_by_their_names" name="subD2_exists" time="0.00199999999995271"/>
  </testsuite>
  <testsuite errors="0" failures="0" hostname="fv-az14" name="ds.subset::smk::generate a subset of the table D with bmi values greater than or equal to 25." skipped="0" tests="4" time="1.534" timestamp="2020-10-27T21:05:22Z">
    <testcase classname="ds.subset_smk_generate_a_subset_of_the_table_D_with_bmi_values_greater_than_or_equal_to_25." name="subD3_exists" time="1.52999999999975"/>
    <testcase classname="ds.subset_smk_generate_a_subset_of_the_table_D_with_bmi_values_greater_than_or_equal_to_25." name="subD3_exists" time="0.00100000000020373"/>
    <testcase classname="ds.subset_smk_generate_a_subset_of_the_table_D_with_bmi_values_greater_than_or_equal_to_25." name="subD3_exists" time="0.000999999999748979"/>
    <testcase classname="ds.subset_smk_generate_a_subset_of_the_table_D_with_bmi_values_greater_than_or_equal_to_25." name="subD3_exists" time="0.00199999999995271"/>
  </testsuite>
  <testsuite errors="0" failures="0" hostname="fv-az14" name="ds.subset::smk::shutdown" skipped="0" tests="3" time="0.286" timestamp="2020-10-27T21:05:24Z">
    <testcase classname="ds.subset_smk_shutdown" name="shutdown" time="0.284000000000106"/>
    <testcase classname="ds.subset_smk_shutdown" name="shutdown" time="0.00100000000020373"/>
    <testcase classname="ds.subset_smk_shutdown" name="shutdown" time="0.000999999999748979"/>
  </testsuite>
  <testsuite errors="0" failures="0" hostname="fv-az14" name="ds.subset::smk::done" skipped="0" tests="0" time="0" timestamp="2020-10-27T21:05:25Z"/>
  <testsuite errors="0" failures="0" hostname="fv-az14" name="ds.summary::smk::setup" skipped="0" tests="3" time="5.702" timestamp="2020-10-27T21:05:25Z">
    <testcase classname="ds.summary_smk_setup" name="setup" time="5.69900000000007"/>
    <testcase classname="ds.summary_smk_setup" name="setup" time="0.00199999999995271"/>
    <testcase classname="ds.summary_smk_setup" name="setup" time="0.00100000000020373"/>
  </testsuite>
  <testsuite errors="0" failures="0" hostname="fv-az14" name="ds.summary::smk::summary of a numerical variable" skipped="0" tests="3" time="3.28" timestamp="2020-10-27T21:05:30Z">
    <testcase classname="ds.summary_smk_summary_of_a_numerical_variable" name="summary_numerical_variable" time="3.27700000000004"/>
    <testcase classname="ds.summary_smk_summary_of_a_numerical_variable" name="summary_numerical_variable" time="0.00199999999995271"/>
    <testcase classname="ds.summary_smk_summary_of_a_numerical_variable" name="summary_numerical_variable" time="0.000999999999748979"/>
  </testsuite>
  <testsuite errors="0" failures="0" hostname="fv-az14" name="ds.summary::smk::summary of a character variable" skipped="0" tests="2" time="3.217" timestamp="2020-10-27T21:05:33Z">
    <testcase classname="ds.summary_smk_summary_of_a_character_variable" name="summary_character_variable" time="3.21500000000015"/>
    <testcase classname="ds.summary_smk_summary_of_a_character_variable" name="summary_character_variable" time="0.00199999999995271"/>
  </testsuite>
  <testsuite errors="0" failures="0" hostname="fv-az14" name="ds.summary::smk::summary of a factor variable" skipped="0" tests="22" time="4.682" timestamp="2020-10-27T21:05:36Z">
    <testcase classname="ds.summary_smk_summary_of_a_factor_variable" name="summary_factor_variable" time="4.6550000000002"/>
    <testcase classname="ds.summary_smk_summary_of_a_factor_variable" name="summary_factor_variable" time="0.000999999999748979"/>
    <testcase classname="ds.summary_smk_summary_of_a_factor_variable" name="summary_factor_variable" time="0.00100000000020373"/>
    <testcase classname="ds.summary_smk_summary_of_a_factor_variable" name="summary_factor_variable" time="0.000999999999748979"/>
    <testcase classname="ds.summary_smk_summary_of_a_factor_variable" name="summary_factor_variable" time="0.00199999999995271"/>
    <testcase classname="ds.summary_smk_summary_of_a_factor_variable" name="summary_factor_variable" time="0.00100000000020373"/>
    <testcase classname="ds.summary_smk_summary_of_a_factor_variable" name="summary_factor_variable" time="0.00199999999995271"/>
    <testcase classname="ds.summary_smk_summary_of_a_factor_variable" name="summary_factor_variable" time="0.00100000000020373"/>
    <testcase classname="ds.summary_smk_summary_of_a_factor_variable" name="summary_factor_variable" time="0.000999999999748979"/>
    <testcase classname="ds.summary_smk_summary_of_a_factor_variable" name="summary_factor_variable" time="0.00100000000020373"/>
    <testcase classname="ds.summary_smk_summary_of_a_factor_variable" name="summary_factor_variable" time="0.00199999999995271"/>
    <testcase classname="ds.summary_smk_summary_of_a_factor_variable" name="summary_factor_variable" time="0.000999999999748979"/>
    <testcase classname="ds.summary_smk_summary_of_a_factor_variable" name="summary_factor_variable" time="0.00100000000020373"/>
    <testcase classname="ds.summary_smk_summary_of_a_factor_variable" name="summary_factor_variable" time="0.00100000000020373"/>
    <testcase classname="ds.summary_smk_summary_of_a_factor_variable" name="summary_factor_variable" time="0.00199999999995271"/>
    <testcase classname="ds.summary_smk_summary_of_a_factor_variable" name="summary_factor_variable" time="0.000999999999748979"/>
    <testcase classname="ds.summary_smk_summary_of_a_factor_variable" name="summary_factor_variable" time="0.00100000000020373"/>
    <testcase classname="ds.summary_smk_summary_of_a_factor_variable" name="summary_factor_variable" time="0.00199999999995271"/>
    <testcase classname="ds.summary_smk_summary_of_a_factor_variable" name="summary_factor_variable" time="0.00199999999995271"/>
    <testcase classname="ds.summary_smk_summary_of_a_factor_variable" name="summary_factor_variable" time="0.00100000000020373"/>
    <testcase classname="ds.summary_smk_summary_of_a_factor_variable" name="summary_factor_variable" time="0.00100000000020373"/>
    <testcase classname="ds.summary_smk_summary_of_a_factor_variable" name="summary_factor_variable" time="0.000999999999748979"/>
  </testsuite>
  <testsuite errors="0" failures="0" hostname="fv-az14" name="ds.summary::smk::summary of a list variable" skipped="0" tests="10" time="2.704" timestamp="2020-10-27T21:05:41Z">
    <testcase classname="ds.summary_smk_summary_of_a_list_variable" name="summary_list_variable" time="2.69100000000026"/>
    <testcase classname="ds.summary_smk_summary_of_a_list_variable" name="summary_list_variable" time="0.000999999999748979"/>
    <testcase classname="ds.summary_smk_summary_of_a_list_variable" name="summary_list_variable" time="0.00199999999995271"/>
    <testcase classname="ds.summary_smk_summary_of_a_list_variable" name="summary_list_variable" time="0.00100000000020373"/>
    <testcase classname="ds.summary_smk_summary_of_a_list_variable" name="summary_list_variable" time="0.000999999999748979"/>
    <testcase classname="ds.summary_smk_summary_of_a_list_variable" name="summary_list_variable" time="0.00199999999995271"/>
    <testcase classname="ds.summary_smk_summary_of_a_list_variable" name="summary_list_variable" time="0.00100000000020373"/>
    <testcase classname="ds.summary_smk_summary_of_a_list_variable" name="summary_list_variable" time="0.00199999999995271"/>
    <testcase classname="ds.summary_smk_summary_of_a_list_variable" name="summary_list_variable" time="0.00100000000020373"/>
    <testcase classname="ds.summary_smk_summary_of_a_list_variable" name="summary_list_variable" time="0.00199999999995271"/>
  </testsuite>
  <testsuite errors="0" failures="0" hostname="fv-az14" name="ds.summary::smk::summary of a data frame" skipped="0" tests="5" time="3.097" timestamp="2020-10-27T21:05:44Z">
    <testcase classname="ds.summary_smk_summary_of_a_data_frame" name="summary_data_frame" time="3.09099999999989"/>
    <testcase classname="ds.summary_smk_summary_of_a_data_frame" name="summary_data_frame" time="0.00100000000020373"/>
    <testcase classname="ds.summary_smk_summary_of_a_data_frame" name="summary_data_frame" time="0.00199999999995271"/>
    <testcase classname="ds.summary_smk_summary_of_a_data_frame" name="summary_data_frame" time="0.00199999999995271"/>
    <testcase classname="ds.summary_smk_summary_of_a_data_frame" name="summary_data_frame" time="0.000999999999748979"/>
  </testsuite>
  <testsuite errors="0" failures="0" hostname="fv-az14" name="ds.summary::smk::teardown" skipped="0" tests="3" time="0.29" timestamp="2020-10-27T21:05:47Z">
    <testcase classname="ds.summary_smk_teardown" name="shutdown" time="0.286000000000058"/>
    <testcase classname="ds.summary_smk_teardown" name="shutdown" time="0.00199999999995271"/>
    <testcase classname="ds.summary_smk_teardown" name="shutdown" time="0.00199999999995271"/>
  </testsuite>
  <testsuite errors="0" failures="0" hostname="fv-az14" name="ds.summary::smk::done" skipped="0" tests="0" time="0" timestamp="2020-10-27T21:05:48Z"/>
  <testsuite errors="0" failures="0" hostname="fv-az14" name="ds.table1D::smk::setup" skipped="0" tests="3" time="5.532" timestamp="2020-10-27T21:05:48Z">
    <testcase classname="ds.table1D_smk_setup" name="setup" time="5.5300000000002"/>
    <testcase classname="ds.table1D_smk_setup" name="setup" time="0.00100000000020373"/>
    <testcase classname="ds.table1D_smk_setup" name="setup" time="0.000999999999748979"/>
  </testsuite>
  <testsuite errors="0" failures="0" hostname="fv-az14" name="ds.table1D::smk::generate a one dimensional table, outputting combined contingency tables" skipped="0" tests="3" time="1.247" timestamp="2020-10-27T21:05:53Z">
    <testcase classname="ds.table1D_smk_generate_a_one_dimensional_table_outputting_combined_contingency_tables" name="GENDER_normal" time="1.24400000000014"/>
    <testcase classname="ds.table1D_smk_generate_a_one_dimensional_table_outputting_combined_contingency_tables" name="GENDER_normal" time="0.000999999999748979"/>
    <testcase classname="ds.table1D_smk_generate_a_one_dimensional_table_outputting_combined_contingency_tables" name="GENDER_normal" time="0.00199999999995271"/>
  </testsuite>
  <testsuite errors="0" failures="0" hostname="fv-az14" name="ds.table1D::smk::generate a one dimensional table, outputting combined contingency tables fail" skipped="0" tests="6" time="1.244" timestamp="2020-10-27T21:05:54Z">
    <testcase classname="ds.table1D_smk_generate_a_one_dimensional_table_outputting_combined_contingency_tables_fail" name="DIS_CVA_invalid" time="1.23400000000038"/>
    <testcase classname="ds.table1D_smk_generate_a_one_dimensional_table_outputting_combined_contingency_tables_fail" name="DIS_CVA_invalid" time="0.00299999999970169"/>
    <testcase classname="ds.table1D_smk_generate_a_one_dimensional_table_outputting_combined_contingency_tables_fail" name="DIS_CVA_invalid" time="0.00199999999995271"/>
    <testcase classname="ds.table1D_smk_generate_a_one_dimensional_table_outputting_combined_contingency_tables_fail" name="DIS_CVA_invalid" time="0.00100000000020373"/>
    <testcase classname="ds.table1D_smk_generate_a_one_dimensional_table_outputting_combined_contingency_tables_fail" name="DIS_CVA_invalid" time="0.00199999999995271"/>
    <testcase classname="ds.table1D_smk_generate_a_one_dimensional_table_outputting_combined_contingency_tables_fail" name="DIS_CVA_invalid" time="0.00199999999995271"/>
  </testsuite>
  <testsuite errors="0" failures="0" hostname="fv-az14" name="ds.table1D::smk::generate a one dimensional table, outputting combined contingency tables fail split" skipped="0" tests="6" time="1.253" timestamp="2020-10-27T21:05:55Z">
    <testcase classname="ds.table1D_smk_generate_a_one_dimensional_table_outputting_combined_contingency_tables_fail_split" name="DIS_CVA_invalid_split" time="1.24600000000009"/>
    <testcase classname="ds.table1D_smk_generate_a_one_dimensional_table_outputting_combined_contingency_tables_fail_split" name="DIS_CVA_invalid_split" time="0.00199999999995271"/>
    <testcase classname="ds.table1D_smk_generate_a_one_dimensional_table_outputting_combined_contingency_tables_fail_split" name="DIS_CVA_invalid_split" time="0.00100000000020373"/>
    <testcase classname="ds.table1D_smk_generate_a_one_dimensional_table_outputting_combined_contingency_tables_fail_split" name="DIS_CVA_invalid_split" time="0.000999999999748979"/>
    <testcase classname="ds.table1D_smk_generate_a_one_dimensional_table_outputting_combined_contingency_tables_fail_split" name="DIS_CVA_invalid_split" time="0.00199999999995271"/>
    <testcase classname="ds.table1D_smk_generate_a_one_dimensional_table_outputting_combined_contingency_tables_fail_split" name="DIS_CVA_invalid_split" time="0.00100000000020373"/>
  </testsuite>
  <testsuite errors="0" failures="0" hostname="fv-az14" name="ds.table1D::smk::generate a one dimensional table, outputting study specific contingency tables" skipped="0" tests="4" time="1.238" timestamp="2020-10-27T21:05:56Z">
    <testcase classname="ds.table1D_smk_generate_a_one_dimensional_table_outputting_study_specific_contingency_tables" name="GENDER_split" time="1.23499999999967"/>
    <testcase classname="ds.table1D_smk_generate_a_one_dimensional_table_outputting_study_specific_contingency_tables" name="GENDER_split" time="0.00100000000020373"/>
    <testcase classname="ds.table1D_smk_generate_a_one_dimensional_table_outputting_study_specific_contingency_tables" name="GENDER_split" time="0.000999999999748979"/>
    <testcase classname="ds.table1D_smk_generate_a_one_dimensional_table_outputting_study_specific_contingency_tables" name="GENDER_split" time="0.00100000000020373"/>
  </testsuite>
  <testsuite errors="0" failures="0" hostname="fv-az14" name="ds.table1D::smk::generate a one dimensional table, outputting study specific contingency tables for study 1 and 2" skipped="0" tests="4" time="0.988" timestamp="2020-10-27T21:05:58Z">
    <testcase classname="ds.table1D_smk_generate_a_one_dimensional_table_outputting_study_specific_contingency_tables_for_study_1_and_2" name="GENDER_split_12" time="0.983999999999924"/>
    <testcase classname="ds.table1D_smk_generate_a_one_dimensional_table_outputting_study_specific_contingency_tables_for_study_1_and_2" name="GENDER_split_12" time="0.000999999999748979"/>
    <testcase classname="ds.table1D_smk_generate_a_one_dimensional_table_outputting_study_specific_contingency_tables_for_study_1_and_2" name="GENDER_split_12" time="0.00200000000040745"/>
    <testcase classname="ds.table1D_smk_generate_a_one_dimensional_table_outputting_study_specific_contingency_tables_for_study_1_and_2" name="GENDER_split_12" time="0.000999999999748979"/>
  </testsuite>
  <testsuite errors="0" failures="0" hostname="fv-az14" name="ds.table1D::smk::generate a one dimensional table, outputting study specific and combined contingency tables" skipped="0" tests="3" time="1.233" timestamp="2020-10-27T21:05:59Z">
    <testcase classname="ds.table1D_smk_generate_a_one_dimensional_table_outputting_study_specific_and_combined_contingency_tables" name="GENDER_normal_2" time="1.23000000000002"/>
    <testcase classname="ds.table1D_smk_generate_a_one_dimensional_table_outputting_study_specific_and_combined_contingency_tables" name="GENDER_normal_2" time="0.00100000000020373"/>
    <testcase classname="ds.table1D_smk_generate_a_one_dimensional_table_outputting_study_specific_and_combined_contingency_tables" name="GENDER_normal_2" time="0.00199999999995271"/>
  </testsuite>
  <testsuite errors="0" failures="0" hostname="fv-az14" name="ds.table1D::smk::shutdown" skipped="0" tests="3" time="0.282" timestamp="2020-10-27T21:06:00Z">
    <testcase classname="ds.table1D_smk_shutdown" name="shutdown" time="0.279999999999745"/>
    <testcase classname="ds.table1D_smk_shutdown" name="shutdown" time="0.00100000000020373"/>
    <testcase classname="ds.table1D_smk_shutdown" name="shutdown" time="0.000999999999748979"/>
  </testsuite>
  <testsuite errors="0" failures="0" hostname="fv-az14" name="ds.table1D::smk::done" skipped="0" tests="0" time="0" timestamp="2020-10-27T21:06:01Z"/>
  <testsuite errors="0" failures="0" hostname="fv-az14" name="ds.table2D::smk::setup" skipped="0" tests="3" time="5.577" timestamp="2020-10-27T21:06:01Z">
    <testcase classname="ds.table2D_smk_setup" name="setup" time="5.57499999999982"/>
    <testcase classname="ds.table2D_smk_setup" name="setup" time="0.00100000000020373"/>
    <testcase classname="ds.table2D_smk_setup" name="setup" time="0.000999999999748979"/>
  </testsuite>
  <testsuite errors="0" failures="0" hostname="fv-az14" name="ds.table2D::smk" skipped="0" tests="22" time="1.064" timestamp="2020-10-27T21:06:06Z">
    <testcase classname="ds.table2D_smk" name="simple_table2D" time="1.03500000000031"/>
    <testcase classname="ds.table2D_smk" name="simple_table2D" time="0.00199999999995271"/>
    <testcase classname="ds.table2D_smk" name="simple_table2D" time="0.000999999999748979"/>
    <testcase classname="ds.table2D_smk" name="simple_table2D" time="0.00100000000020373"/>
    <testcase classname="ds.table2D_smk" name="simple_table2D" time="0.00199999999995271"/>
    <testcase classname="ds.table2D_smk" name="simple_table2D" time="0.00100000000020373"/>
    <testcase classname="ds.table2D_smk" name="simple_table2D" time="0.000999999999748979"/>
    <testcase classname="ds.table2D_smk" name="simple_table2D" time="0.00199999999995271"/>
    <testcase classname="ds.table2D_smk" name="simple_table2D" time="0.00100000000020373"/>
    <testcase classname="ds.table2D_smk" name="simple_table2D" time="0.000999999999748979"/>
    <testcase classname="ds.table2D_smk" name="simple_table2D" time="0.00100000000020373"/>
    <testcase classname="ds.table2D_smk" name="simple_table2D" time="0.00199999999995271"/>
    <testcase classname="ds.table2D_smk" name="simple_table2D" time="0.00100000000020373"/>
    <testcase classname="ds.table2D_smk" name="simple_table2D" time="0.00199999999995271"/>
    <testcase classname="ds.table2D_smk" name="simple_table2D" time="0.000999999999748979"/>
    <testcase classname="ds.table2D_smk" name="simple_table2D" time="0.00100000000020373"/>
    <testcase classname="ds.table2D_smk" name="simple_table2D" time="0.00199999999995271"/>
    <testcase classname="ds.table2D_smk" name="simple_table2D" time="0.000999999999748979"/>
    <testcase classname="ds.table2D_smk" name="simple_table2D" time="0.00200000000040745"/>
    <testcase classname="ds.table2D_smk" name="simple_table2D" time="0.000999999999748979"/>
    <testcase classname="ds.table2D_smk" name="simple_table2D" time="0.00100000000020373"/>
    <testcase classname="ds.table2D_smk" name="simple_table2D" time="0.00199999999995271"/>
  </testsuite>
  <testsuite errors="0" failures="0" hostname="fv-az14" name="ds.table2D::smk::shutdown" skipped="0" tests="3" time="0.283" timestamp="2020-10-27T21:06:07Z">
    <testcase classname="ds.table2D_smk_shutdown" name="shutdown" time="0.280999999999949"/>
    <testcase classname="ds.table2D_smk_shutdown" name="shutdown" time="0.000999999999748979"/>
    <testcase classname="ds.table2D_smk_shutdown" name="shutdown" time="0.00100000000020373"/>
  </testsuite>
  <testsuite errors="0" failures="0" hostname="fv-az14" name="ds.table2D::smk::done" skipped="0" tests="0" time="0" timestamp="2020-10-27T21:06:08Z"/>
  <testsuite errors="0" failures="0" hostname="fv-az14" name="ds.table::smk::setup" skipped="0" tests="3" time="5.689" timestamp="2020-10-27T21:06:08Z">
    <testcase classname="ds.table_smk_setup" name="setup" time="5.68600000000015"/>
    <testcase classname="ds.table_smk_setup" name="setup" time="0.00199999999995271"/>
    <testcase classname="ds.table_smk_setup" name="setup" time="0.000999999999748979"/>
  </testsuite>
  <testsuite errors="0" failures="0" hostname="fv-az14" name="ds.table::smk::dataframe setup" skipped="0" tests="3" time="6.932" timestamp="2020-10-27T21:06:13Z">
    <testcase classname="ds.table_smk_dataframe_setup" name="simple_table_2D" time="6.92900000000009"/>
    <testcase classname="ds.table_smk_dataframe_setup" name="simple_table_2D" time="0.00199999999995271"/>
    <testcase classname="ds.table_smk_dataframe_setup" name="simple_table_2D" time="0.00100000000020373"/>
  </testsuite>
  <testsuite errors="0" failures="0" hostname="fv-az14" name="ds.table::smk" skipped="0" tests="9" time="0.569" timestamp="2020-10-27T21:06:20Z">
    <testcase classname="ds.table_smk" name="simple_table_1D" time="0.558999999999742"/>
    <testcase classname="ds.table_smk" name="simple_table_1D" time="0.00100000000020373"/>
    <testcase classname="ds.table_smk" name="simple_table_1D" time="0.00100000000020373"/>
    <testcase classname="ds.table_smk" name="simple_table_1D" time="0.00100000000020373"/>
    <testcase classname="ds.table_smk" name="simple_table_1D" time="0.000999999999748979"/>
    <testcase classname="ds.table_smk" name="simple_table_1D" time="0.00199999999995271"/>
    <testcase classname="ds.table_smk" name="simple_table_1D" time="0.00100000000020373"/>
    <testcase classname="ds.table_smk" name="simple_table_1D" time="0.000999999999748979"/>
    <testcase classname="ds.table_smk" name="simple_table_1D" time="0.00199999999995271"/>
  </testsuite>
  <testsuite errors="0" failures="0" hostname="fv-az14" name="ds.table::smk" skipped="0" tests="16" time="0.87" timestamp="2020-10-27T21:06:20Z">
    <testcase classname="ds.table_smk" name="simple_table_2D" time="0.84900000000016"/>
    <testcase classname="ds.table_smk" name="simple_table_2D" time="0.00100000000020373"/>
    <testcase classname="ds.table_smk" name="simple_table_2D" time="0.00199999999995271"/>
    <testcase classname="ds.table_smk" name="simple_table_2D" time="0.000999999999748979"/>
    <testcase classname="ds.table_smk" name="simple_table_2D" time="0.00100000000020373"/>
    <testcase classname="ds.table_smk" name="simple_table_2D" time="0.000999999999748979"/>
    <testcase classname="ds.table_smk" name="simple_table_2D" time="0.00199999999995271"/>
    <testcase classname="ds.table_smk" name="simple_table_2D" time="0.00100000000020373"/>
    <testcase classname="ds.table_smk" name="simple_table_2D" time="0.00199999999995271"/>
    <testcase classname="ds.table_smk" name="simple_table_2D" time="0.00100000000020373"/>
    <testcase classname="ds.table_smk" name="simple_table_2D" time="0.000999999999748979"/>
    <testcase classname="ds.table_smk" name="simple_table_2D" time="0.00199999999995271"/>
    <testcase classname="ds.table_smk" name="simple_table_2D" time="0.00100000000020373"/>
    <testcase classname="ds.table_smk" name="simple_table_2D" time="0.00199999999995271"/>
    <testcase classname="ds.table_smk" name="simple_table_2D" time="0.00100000000020373"/>
    <testcase classname="ds.table_smk" name="simple_table_2D" time="0.00199999999995271"/>
  </testsuite>
  <testsuite errors="0" failures="0" hostname="fv-az14" name="ds.table::smk" skipped="0" tests="39" time="6.938" timestamp="2020-10-27T21:06:21Z">
    <testcase classname="ds.table_smk" name="simple_table_3D" time="1.13299999999981"/>
    <testcase classname="ds.table_smk" name="simple_table_3D" time="0.00100000000020373"/>
    <testcase classname="ds.table_smk" name="simple_table_3D" time="0.000999999999748979"/>
    <testcase classname="ds.table_smk" name="simple_table_3D" time="0.00100000000020373"/>
    <testcase classname="ds.table_smk" name="simple_table_3D" time="0.00100000000020373"/>
    <testcase classname="ds.table_smk" name="simple_table_3D" time="0.000999999999748979"/>
    <testcase classname="ds.table_smk" name="simple_table_3D" time="0.00100000000020373"/>
    <testcase classname="ds.table_smk" name="simple_table_3D" time="0.00199999999995271"/>
    <testcase classname="ds.table_smk" name="simple_table_3D" time="0.00100000000020373"/>
    <testcase classname="ds.table_smk" name="simple_table_1D_with_assign" time="0.812999999999647"/>
    <testcase classname="ds.table_smk" name="simple_table_1D_with_assign" time="0.276000000000295"/>
    <testcase classname="ds.table_smk" name="simple_table_1D_with_assign" time="0.00199999999995271"/>
    <testcase classname="ds.table_smk" name="simple_table_1D_with_assign" time="0.000999999999748979"/>
    <testcase classname="ds.table_smk" name="simple_table_1D_with_assign" time="0.00199999999995271"/>
    <testcase classname="ds.table_smk" name="simple_table_1D_with_assign" time="0.00200000000040745"/>
    <testcase classname="ds.table_smk" name="simple_table_1D_with_assign" time="0.550999999999931"/>
    <testcase classname="ds.table_smk" name="simple_table_1D_with_assign" time="0.00199999999995271"/>
    <testcase classname="ds.table_smk" name="simple_table_1D_with_assign" time="0.000999999999748979"/>
    <testcase classname="ds.table_smk" name="simple_table_1D_with_assign" time="0.00199999999995271"/>
    <testcase classname="ds.table_smk" name="simple_table_2D_with_assign" time="1.08800000000019"/>
    <testcase classname="ds.table_smk" name="simple_table_2D_with_assign" time="0.275000000000091"/>
    <testcase classname="ds.table_smk" name="simple_table_2D_with_assign" time="0.00199999999995271"/>
    <testcase classname="ds.table_smk" name="simple_table_2D_with_assign" time="0.00199999999995271"/>
    <testcase classname="ds.table_smk" name="simple_table_2D_with_assign" time="0.00100000000020373"/>
    <testcase classname="ds.table_smk" name="simple_table_2D_with_assign" time="0.00199999999995271"/>
    <testcase classname="ds.table_smk" name="simple_table_2D_with_assign" time="0.536999999999807"/>
    <testcase classname="ds.table_smk" name="simple_table_2D_with_assign" time="0.00199999999995271"/>
    <testcase classname="ds.table_smk" name="simple_table_2D_with_assign" time="0.00100000000020373"/>
    <testcase classname="ds.table_smk" name="simple_table_2D_with_assign" time="0.00199999999995271"/>
    <testcase classname="ds.table_smk" name="simple_table_3D_with_assign" time="1.39899999999989"/>
    <testcase classname="ds.table_smk" name="simple_table_3D_with_assign" time="0.273000000000138"/>
    <testcase classname="ds.table_smk" name="simple_table_3D_with_assign" time="0.00199999999995271"/>
    <testcase classname="ds.table_smk" name="simple_table_3D_with_assign" time="0.00199999999995271"/>
    <testcase classname="ds.table_smk" name="simple_table_3D_with_assign" time="0.00199999999995271"/>
    <testcase classname="ds.table_smk" name="simple_table_3D_with_assign" time="0.00100000000020373"/>
    <testcase classname="ds.table_smk" name="simple_table_3D_with_assign" time="0.547999999999774"/>
    <testcase classname="ds.table_smk" name="simple_table_3D_with_assign" time="0.00199999999995271"/>
    <testcase classname="ds.table_smk" name="simple_table_3D_with_assign" time="0.00100000000020373"/>
    <testcase classname="ds.table_smk" name="simple_table_3D_with_assign" time="0.00199999999995271"/>
  </testsuite>
  <testsuite errors="0" failures="0" hostname="fv-az14" name="ds.table::smk::shutdown" skipped="0" tests="3" time="0.283" timestamp="2020-10-27T21:06:28Z">
    <testcase classname="ds.table_smk_shutdown" name="shutdown" time="0.280999999999949"/>
    <testcase classname="ds.table_smk_shutdown" name="shutdown" time="0.000999999999748979"/>
    <testcase classname="ds.table_smk_shutdown" name="shutdown" time="0.00100000000020373"/>
  </testsuite>
  <testsuite errors="0" failures="0" hostname="fv-az14" name="ds.table::smk::done" skipped="0" tests="0" time="0" timestamp="2020-10-27T21:06:29Z"/>
  <testsuite errors="0" failures="0" hostname="fv-az14" name="ds.tapply.assign::smk::setup" skipped="0" tests="3" time="5.538" timestamp="2020-10-27T21:06:29Z">
    <testcase classname="ds.tapply.assign_smk_setup" name="setup" time="5.53499999999985"/>
    <testcase classname="ds.tapply.assign_smk_setup" name="setup" time="0.00199999999995271"/>
    <testcase classname="ds.tapply.assign_smk_setup" name="setup" time="0.00100000000020373"/>
  </testsuite>
  <testsuite errors="0" failures="0" hostname="fv-az14" name="ds.tapply.assign::smk::fun=mean" skipped="0" tests="8" time="2.176" timestamp="2020-10-27T21:06:35Z">
    <testcase classname="ds.tapply.assign_smk_fun_mean" name="simplest_ds.tapply.assign_fun_mean" time="1.88899999999967"/>
    <testcase classname="ds.tapply.assign_smk_fun_mean" name="simplest_ds.tapply.assign_fun_mean" time="0.00100000000020373"/>
    <testcase classname="ds.tapply.assign_smk_fun_mean" name="simplest_ds.tapply.assign_fun_mean" time="0.00399999999990541"/>
    <testcase classname="ds.tapply.assign_smk_fun_mean" name="simplest_ds.tapply.assign_fun_mean" time="0.276000000000295"/>
    <testcase classname="ds.tapply.assign_smk_fun_mean" name="simplest_ds.tapply.assign_fun_mean" time="0.00199999999995271"/>
    <testcase classname="ds.tapply.assign_smk_fun_mean" name="simplest_ds.tapply.assign_fun_mean" time="0.000999999999748979"/>
    <testcase classname="ds.tapply.assign_smk_fun_mean" name="simplest_ds.tapply.assign_fun_mean" time="0.00100000000020373"/>
    <testcase classname="ds.tapply.assign_smk_fun_mean" name="simplest_ds.tapply.assign_fun_mean" time="0.00199999999995271"/>
  </testsuite>
  <testsuite errors="0" failures="0" hostname="fv-az14" name="ds.tapply.assign::smk::fun=sd" skipped="0" tests="8" time="1.101" timestamp="2020-10-27T21:06:36Z">
    <testcase classname="ds.tapply.assign_smk_fun_sd" name="simplest_ds.tapply.assign_fun_sd" time="0.817999999999756"/>
    <testcase classname="ds.tapply.assign_smk_fun_sd" name="simplest_ds.tapply.assign_fun_sd" time="0.00100000000020373"/>
    <testcase classname="ds.tapply.assign_smk_fun_sd" name="simplest_ds.tapply.assign_fun_sd" time="0.00199999999995271"/>
    <testcase classname="ds.tapply.assign_smk_fun_sd" name="simplest_ds.tapply.assign_fun_sd" time="0.273000000000138"/>
    <testcase classname="ds.tapply.assign_smk_fun_sd" name="simplest_ds.tapply.assign_fun_sd" time="0.00199999999995271"/>
    <testcase classname="ds.tapply.assign_smk_fun_sd" name="simplest_ds.tapply.assign_fun_sd" time="0.00199999999995271"/>
    <testcase classname="ds.tapply.assign_smk_fun_sd" name="simplest_ds.tapply.assign_fun_sd" time="0.00100000000020373"/>
    <testcase classname="ds.tapply.assign_smk_fun_sd" name="simplest_ds.tapply.assign_fun_sd" time="0.00199999999995271"/>
  </testsuite>
  <testsuite errors="0" failures="0" hostname="fv-az14" name="ds.tapply.assign::smk::fun=sum" skipped="0" tests="8" time="1.12" timestamp="2020-10-27T21:06:37Z">
    <testcase classname="ds.tapply.assign_smk_fun_sum" name="simplest_ds.tapply.assign_fun_sum" time="0.842999999999847"/>
    <testcase classname="ds.tapply.assign_smk_fun_sum" name="simplest_ds.tapply.assign_fun_sum" time="0.00100000000020373"/>
    <testcase classname="ds.tapply.assign_smk_fun_sum" name="simplest_ds.tapply.assign_fun_sum" time="0.00199999999995271"/>
    <testcase classname="ds.tapply.assign_smk_fun_sum" name="simplest_ds.tapply.assign_fun_sum" time="0.268000000000029"/>
    <testcase classname="ds.tapply.assign_smk_fun_sum" name="simplest_ds.tapply.assign_fun_sum" time="0.00199999999995271"/>
    <testcase classname="ds.tapply.assign_smk_fun_sum" name="simplest_ds.tapply.assign_fun_sum" time="0.00100000000020373"/>
    <testcase classname="ds.tapply.assign_smk_fun_sum" name="simplest_ds.tapply.assign_fun_sum" time="0.000999999999748979"/>
    <testcase classname="ds.tapply.assign_smk_fun_sum" name="simplest_ds.tapply.assign_fun_sum" time="0.00199999999995271"/>
  </testsuite>
  <testsuite errors="0" failures="0" hostname="fv-az14" name="ds.tapply.assign::smk::fun=quantile" skipped="0" tests="8" time="1.111" timestamp="2020-10-27T21:06:38Z">
    <testcase classname="ds.tapply.assign_smk_fun_quantile" name="simplest_ds.tapply.assign_fun_quantile" time="0.825000000000273"/>
    <testcase classname="ds.tapply.assign_smk_fun_quantile" name="simplest_ds.tapply.assign_fun_quantile" time="0.00199999999995271"/>
    <testcase classname="ds.tapply.assign_smk_fun_quantile" name="simplest_ds.tapply.assign_fun_quantile" time="0.000999999999748979"/>
    <testcase classname="ds.tapply.assign_smk_fun_quantile" name="simplest_ds.tapply.assign_fun_quantile" time="0.277000000000044"/>
    <testcase classname="ds.tapply.assign_smk_fun_quantile" name="simplest_ds.tapply.assign_fun_quantile" time="0.00199999999995271"/>
    <testcase classname="ds.tapply.assign_smk_fun_quantile" name="simplest_ds.tapply.assign_fun_quantile" time="0.00100000000020373"/>
    <testcase classname="ds.tapply.assign_smk_fun_quantile" name="simplest_ds.tapply.assign_fun_quantile" time="0.00199999999995271"/>
    <testcase classname="ds.tapply.assign_smk_fun_quantile" name="simplest_ds.tapply.assign_fun_quantile" time="0.00100000000020373"/>
  </testsuite>
  <testsuite errors="0" failures="0" hostname="fv-az14" name="ds.tapply.assign::smk::shutdown" skipped="0" tests="3" time="0.3" timestamp="2020-10-27T21:06:39Z">
    <testcase classname="ds.tapply.assign_smk_shutdown" name="shutdown" time="0.297000000000025"/>
    <testcase classname="ds.tapply.assign_smk_shutdown" name="shutdown" time="0.000999999999748979"/>
    <testcase classname="ds.tapply.assign_smk_shutdown" name="shutdown" time="0.00199999999995271"/>
  </testsuite>
  <testsuite errors="0" failures="0" hostname="fv-az14" name="ds.tapply.assign::smk::done" skipped="0" tests="0" time="0" timestamp="2020-10-27T21:06:40Z"/>
  <testsuite errors="0" failures="0" hostname="fv-az14" name="ds.tapply::smk::setup" skipped="0" tests="3" time="5.469" timestamp="2020-10-27T21:06:40Z">
    <testcase classname="ds.tapply_smk_setup" name="setup" time="5.4670000000001"/>
    <testcase classname="ds.tapply_smk_setup" name="setup" time="0.00100000000020373"/>
    <testcase classname="ds.tapply_smk_setup" name="setup" time="0.000999999999748979"/>
  </testsuite>
  <testsuite errors="0" failures="0" hostname="fv-az14" name="ds.tapply::smk::fun=mean" skipped="0" tests="22" time="1.399" timestamp="2020-10-27T21:06:46Z">
    <testcase classname="ds.tapply_smk_fun_mean" name="simplest_ds.tapply_fun_mean" time="1.36799999999994"/>
    <testcase classname="ds.tapply_smk_fun_mean" name="simplest_ds.tapply_fun_mean" time="0.00199999999995271"/>
    <testcase classname="ds.tapply_smk_fun_mean" name="simplest_ds.tapply_fun_mean" time="0.00100000000020373"/>
    <testcase classname="ds.tapply_smk_fun_mean" name="simplest_ds.tapply_fun_mean" time="0.000999999999748979"/>
    <testcase classname="ds.tapply_smk_fun_mean" name="simplest_ds.tapply_fun_mean" time="0.00200000000040745"/>
    <testcase classname="ds.tapply_smk_fun_mean" name="simplest_ds.tapply_fun_mean" time="0.000999999999748979"/>
    <testcase classname="ds.tapply_smk_fun_mean" name="simplest_ds.tapply_fun_mean" time="0.00100000000020373"/>
    <testcase classname="ds.tapply_smk_fun_mean" name="simplest_ds.tapply_fun_mean" time="0.00199999999995271"/>
    <testcase classname="ds.tapply_smk_fun_mean" name="simplest_ds.tapply_fun_mean" time="0.00199999999995271"/>
    <testcase classname="ds.tapply_smk_fun_mean" name="simplest_ds.tapply_fun_mean" time="0.000999999999748979"/>
    <testcase classname="ds.tapply_smk_fun_mean" name="simplest_ds.tapply_fun_mean" time="0.00200000000040745"/>
    <testcase classname="ds.tapply_smk_fun_mean" name="simplest_ds.tapply_fun_mean" time="0.000999999999748979"/>
    <testcase classname="ds.tapply_smk_fun_mean" name="simplest_ds.tapply_fun_mean" time="0.00199999999995271"/>
    <testcase classname="ds.tapply_smk_fun_mean" name="simplest_ds.tapply_fun_mean" time="0.00100000000020373"/>
    <testcase classname="ds.tapply_smk_fun_mean" name="simplest_ds.tapply_fun_mean" time="0.000999999999748979"/>
    <testcase classname="ds.tapply_smk_fun_mean" name="simplest_ds.tapply_fun_mean" time="0.00199999999995271"/>
    <testcase classname="ds.tapply_smk_fun_mean" name="simplest_ds.tapply_fun_mean" time="0.00100000000020373"/>
    <testcase classname="ds.tapply_smk_fun_mean" name="simplest_ds.tapply_fun_mean" time="0.00199999999995271"/>
    <testcase classname="ds.tapply_smk_fun_mean" name="simplest_ds.tapply_fun_mean" time="0.00199999999995271"/>
    <testcase classname="ds.tapply_smk_fun_mean" name="simplest_ds.tapply_fun_mean" time="0.00100000000020373"/>
    <testcase classname="ds.tapply_smk_fun_mean" name="simplest_ds.tapply_fun_mean" time="0.000999999999748979"/>
    <testcase classname="ds.tapply_smk_fun_mean" name="simplest_ds.tapply_fun_mean" time="0.00199999999995271"/>
  </testsuite>
  <testsuite errors="0" failures="0" hostname="fv-az14" name="ds.tapply::smk::fun=sd" skipped="0" tests="22" time="0.312" timestamp="2020-10-27T21:06:47Z">
    <testcase classname="ds.tapply_smk_fun_sd" name="simplest_ds.tapply_fun_sd" time="0.284000000000106"/>
    <testcase classname="ds.tapply_smk_fun_sd" name="simplest_ds.tapply_fun_sd" time="0.00100000000020373"/>
    <testcase classname="ds.tapply_smk_fun_sd" name="simplest_ds.tapply_fun_sd" time="0.000999999999748979"/>
    <testcase classname="ds.tapply_smk_fun_sd" name="simplest_ds.tapply_fun_sd" time="0.00100000000020373"/>
    <testcase classname="ds.tapply_smk_fun_sd" name="simplest_ds.tapply_fun_sd" time="0.00199999999995271"/>
    <testcase classname="ds.tapply_smk_fun_sd" name="simplest_ds.tapply_fun_sd" time="0.000999999999748979"/>
    <testcase classname="ds.tapply_smk_fun_sd" name="simplest_ds.tapply_fun_sd" time="0.00100000000020373"/>
    <testcase classname="ds.tapply_smk_fun_sd" name="simplest_ds.tapply_fun_sd" time="0.00199999999995271"/>
    <testcase classname="ds.tapply_smk_fun_sd" name="simplest_ds.tapply_fun_sd" time="0.00100000000020373"/>
    <testcase classname="ds.tapply_smk_fun_sd" name="simplest_ds.tapply_fun_sd" time="0.000999999999748979"/>
    <testcase classname="ds.tapply_smk_fun_sd" name="simplest_ds.tapply_fun_sd" time="0.00199999999995271"/>
    <testcase classname="ds.tapply_smk_fun_sd" name="simplest_ds.tapply_fun_sd" time="0.00100000000020373"/>
    <testcase classname="ds.tapply_smk_fun_sd" name="simplest_ds.tapply_fun_sd" time="0.000999999999748979"/>
    <testcase classname="ds.tapply_smk_fun_sd" name="simplest_ds.tapply_fun_sd" time="0.00200000000040745"/>
    <testcase classname="ds.tapply_smk_fun_sd" name="simplest_ds.tapply_fun_sd" time="0.000999999999748979"/>
    <testcase classname="ds.tapply_smk_fun_sd" name="simplest_ds.tapply_fun_sd" time="0.00100000000020373"/>
    <testcase classname="ds.tapply_smk_fun_sd" name="simplest_ds.tapply_fun_sd" time="0.00199999999995271"/>
    <testcase classname="ds.tapply_smk_fun_sd" name="simplest_ds.tapply_fun_sd" time="0.00199999999995271"/>
    <testcase classname="ds.tapply_smk_fun_sd" name="simplest_ds.tapply_fun_sd" time="0.000999999999748979"/>
    <testcase classname="ds.tapply_smk_fun_sd" name="simplest_ds.tapply_fun_sd" time="0.00100000000020373"/>
    <testcase classname="ds.tapply_smk_fun_sd" name="simplest_ds.tapply_fun_sd" time="0.00199999999995271"/>
    <testcase classname="ds.tapply_smk_fun_sd" name="simplest_ds.tapply_fun_sd" time="0.00100000000020373"/>
  </testsuite>
  <testsuite errors="0" failures="0" hostname="fv-az14" name="ds.tapply::smk::fun=sum" skipped="0" tests="22" time="0.315" timestamp="2020-10-27T21:06:47Z">
    <testcase classname="ds.tapply_smk_fun_sum" name="simplest_ds.tapply_fun_sum" time="0.285999999999603"/>
    <testcase classname="ds.tapply_smk_fun_sum" name="simplest_ds.tapply_fun_sum" time="0.00100000000020373"/>
    <testcase classname="ds.tapply_smk_fun_sum" name="simplest_ds.tapply_fun_sum" time="0.00100000000020373"/>
    <testcase classname="ds.tapply_smk_fun_sum" name="simplest_ds.tapply_fun_sum" time="0.000999999999748979"/>
    <testcase classname="ds.tapply_smk_fun_sum" name="simplest_ds.tapply_fun_sum" time="0.00100000000020373"/>
    <testcase classname="ds.tapply_smk_fun_sum" name="simplest_ds.tapply_fun_sum" time="0.000999999999748979"/>
    <testcase classname="ds.tapply_smk_fun_sum" name="simplest_ds.tapply_fun_sum" time="0.00199999999995271"/>
    <testcase classname="ds.tapply_smk_fun_sum" name="simplest_ds.tapply_fun_sum" time="0.00199999999995271"/>
    <testcase classname="ds.tapply_smk_fun_sum" name="simplest_ds.tapply_fun_sum" time="0.00100000000020373"/>
    <testcase classname="ds.tapply_smk_fun_sum" name="simplest_ds.tapply_fun_sum" time="0.00100000000020373"/>
    <testcase classname="ds.tapply_smk_fun_sum" name="simplest_ds.tapply_fun_sum" time="0.000999999999748979"/>
    <testcase classname="ds.tapply_smk_fun_sum" name="simplest_ds.tapply_fun_sum" time="0.00199999999995271"/>
    <testcase classname="ds.tapply_smk_fun_sum" name="simplest_ds.tapply_fun_sum" time="0.00100000000020373"/>
    <testcase classname="ds.tapply_smk_fun_sum" name="simplest_ds.tapply_fun_sum" time="0.00199999999995271"/>
    <testcase classname="ds.tapply_smk_fun_sum" name="simplest_ds.tapply_fun_sum" time="0.00199999999995271"/>
    <testcase classname="ds.tapply_smk_fun_sum" name="simplest_ds.tapply_fun_sum" time="0.00100000000020373"/>
    <testcase classname="ds.tapply_smk_fun_sum" name="simplest_ds.tapply_fun_sum" time="0.00199999999995271"/>
    <testcase classname="ds.tapply_smk_fun_sum" name="simplest_ds.tapply_fun_sum" time="0.000999999999748979"/>
    <testcase classname="ds.tapply_smk_fun_sum" name="simplest_ds.tapply_fun_sum" time="0.00100000000020373"/>
    <testcase classname="ds.tapply_smk_fun_sum" name="simplest_ds.tapply_fun_sum" time="0.00199999999995271"/>
    <testcase classname="ds.tapply_smk_fun_sum" name="simplest_ds.tapply_fun_sum" time="0.000999999999748979"/>
    <testcase classname="ds.tapply_smk_fun_sum" name="simplest_ds.tapply_fun_sum" time="0.00199999999995271"/>
  </testsuite>
  <testsuite errors="0" failures="0" hostname="fv-az14" name="ds.tapply::smk::fun=quantile" skipped="0" tests="10" time="0.301" timestamp="2020-10-27T21:06:47Z">
    <testcase classname="ds.tapply_smk_fun_quantile" name="simplest_ds.tapply_fun_quantile" time="0.291000000000167"/>
    <testcase classname="ds.tapply_smk_fun_quantile" name="simplest_ds.tapply_fun_quantile" time="0.00100000000020373"/>
    <testcase classname="ds.tapply_smk_fun_quantile" name="simplest_ds.tapply_fun_quantile" time="0.000999999999748979"/>
    <testcase classname="ds.tapply_smk_fun_quantile" name="simplest_ds.tapply_fun_quantile" time="0.00100000000020373"/>
    <testcase classname="ds.tapply_smk_fun_quantile" name="simplest_ds.tapply_fun_quantile" time="0.000999999999748979"/>
    <testcase classname="ds.tapply_smk_fun_quantile" name="simplest_ds.tapply_fun_quantile" time="0.00100000000020373"/>
    <testcase classname="ds.tapply_smk_fun_quantile" name="simplest_ds.tapply_fun_quantile" time="0.000999999999748979"/>
    <testcase classname="ds.tapply_smk_fun_quantile" name="simplest_ds.tapply_fun_quantile" time="0.00200000000040745"/>
    <testcase classname="ds.tapply_smk_fun_quantile" name="simplest_ds.tapply_fun_quantile" time="0.000999999999748979"/>
    <testcase classname="ds.tapply_smk_fun_quantile" name="simplest_ds.tapply_fun_quantile" time="0.00100000000020373"/>
  </testsuite>
  <testsuite errors="0" failures="0" hostname="fv-az14" name="ds.tapply::smk::shutdown" skipped="0" tests="3" time="0.307" timestamp="2020-10-27T21:06:48Z">
    <testcase classname="ds.tapply_smk_shutdown" name="shutdown" time="0.304999999999836"/>
    <testcase classname="ds.tapply_smk_shutdown" name="shutdown" time="0.00100000000020373"/>
    <testcase classname="ds.tapply_smk_shutdown" name="shutdown" time="0.000999999999748979"/>
  </testsuite>
  <testsuite errors="0" failures="0" hostname="fv-az14" name="ds.tapply::smk::done" skipped="0" tests="0" time="0" timestamp="2020-10-27T21:06:49Z"/>
  <testsuite errors="0" failures="0" hostname="fv-az14" name="ds.testObjExists::smk::setup" skipped="0" tests="3" time="5.467" timestamp="2020-10-27T21:06:49Z">
    <testcase classname="ds.testObjExists_smk_setup" name="setup" time="5.46399999999994"/>
    <testcase classname="ds.testObjExists_smk_setup" name="setup" time="0.00199999999995271"/>
    <testcase classname="ds.testObjExists_smk_setup" name="setup" time="0.00100000000020373"/>
  </testsuite>
  <testsuite errors="0" failures="0" hostname="fv-az14" name="ds.testObjExists::smk::discordant" skipped="0" tests="20" time="0.636" timestamp="2020-10-27T21:06:53Z">
    <testcase classname="ds.testObjExists_smk_discordant" name="simple_testObjExists_discordant" time="0.335999999999785"/>
    <testcase classname="ds.testObjExists_smk_discordant" name="simple_testObjExists_discordant" time="0.00100000000020373"/>
    <testcase classname="ds.testObjExists_smk_discordant" name="data.frame_testObjExists_discordant" time="0.273000000000138"/>
    <testcase classname="ds.testObjExists_smk_discordant" name="data.frame_testObjExists_discordant" time="0.00199999999995271"/>
    <testcase classname="ds.testObjExists_smk_discordant" name="data.frame_testObjExists_discordant" time="0.000999999999748979"/>
    <testcase classname="ds.testObjExists_smk_discordant" name="data.frame_testObjExists_discordant" time="0.00199999999995271"/>
    <testcase classname="ds.testObjExists_smk_discordant" name="data.frame_testObjExists_discordant" time="0.00100000000020373"/>
    <testcase classname="ds.testObjExists_smk_discordant" name="data.frame_testObjExists_discordant" time="0.000999999999748979"/>
    <testcase classname="ds.testObjExists_smk_discordant" name="data.frame_testObjExists_discordant" time="0.00200000000040745"/>
    <testcase classname="ds.testObjExists_smk_discordant" name="data.frame_testObjExists_discordant" time="0.000999999999748979"/>
    <testcase classname="ds.testObjExists_smk_discordant" name="data.frame_testObjExists_discordant" time="0.00100000000020373"/>
    <testcase classname="ds.testObjExists_smk_discordant" name="data.frame_testObjExists_discordant" time="0.00199999999995271"/>
    <testcase classname="ds.testObjExists_smk_discordant" name="data.frame_testObjExists_discordant" time="0.000999999999748979"/>
    <testcase classname="ds.testObjExists_smk_discordant" name="data.frame_testObjExists_discordant" time="0.00100000000020373"/>
    <testcase classname="ds.testObjExists_smk_discordant" name="data.frame_testObjExists_discordant" time="0.00199999999995271"/>
    <testcase classname="ds.testObjExists_smk_discordant" name="data.frame_testObjExists_discordant" time="0.00199999999995271"/>
    <testcase classname="ds.testObjExists_smk_discordant" name="data.frame_testObjExists_discordant" time="0.00199999999995271"/>
    <testcase classname="ds.testObjExists_smk_discordant" name="data.frame_testObjExists_discordant" time="0.00199999999995271"/>
    <testcase classname="ds.testObjExists_smk_discordant" name="data.frame_testObjExists_discordant" time="0.00100000000020373"/>
    <testcase classname="ds.testObjExists_smk_discordant" name="data.frame_testObjExists_discordant" time="0.00199999999995271"/>
  </testsuite>
  <testsuite errors="0" failures="0" hostname="fv-az14" name="ds.testObjExists::smk::shutdown" skipped="0" tests="3" time="0.295" timestamp="2020-10-27T21:06:54Z">
    <testcase classname="ds.testObjExists_smk_shutdown" name="shutdown" time="0.29300000000012"/>
    <testcase classname="ds.testObjExists_smk_shutdown" name="shutdown" time="0.000999999999748979"/>
    <testcase classname="ds.testObjExists_smk_shutdown" name="shutdown" time="0.00100000000020373"/>
  </testsuite>
  <testsuite errors="0" failures="0" hostname="fv-az14" name="ds.testObjExists::smk::done" skipped="0" tests="0" time="0" timestamp="2020-10-27T21:06:55Z"/>
  <testsuite errors="0" failures="0" hostname="fv-az14" name="ds.testObjExists::smk::setup" skipped="0" tests="3" time="5.556" timestamp="2020-10-27T21:06:55Z">
    <testcase classname="ds.testObjExists_smk_setup" name="setup" time="5.55299999999988"/>
    <testcase classname="ds.testObjExists_smk_setup" name="setup" time="0.00199999999995271"/>
    <testcase classname="ds.testObjExists_smk_setup" name="setup" time="0.00100000000020373"/>
  </testsuite>
  <testsuite errors="0" failures="0" hostname="fv-az14" name="ds.testObjExists::smk" skipped="0" tests="40" time="3.829" timestamp="2020-10-27T21:07:00Z">
    <testcase classname="ds.testObjExists_smk" name="simple_testObjExists" time="0.279999999999745"/>
    <testcase classname="ds.testObjExists_smk" name="simple_testObjExists" time="0.00100000000020373"/>
    <testcase classname="ds.testObjExists_smk" name="data.frame_testObjExists" time="2.95499999999993"/>
    <testcase classname="ds.testObjExists_smk" name="data.frame_testObjExists" time="0.00100000000020373"/>
    <testcase classname="ds.testObjExists_smk" name="data.frame_testObjExists" time="0.269999999999982"/>
    <testcase classname="ds.testObjExists_smk" name="data.frame_testObjExists" time="0.000999999999748979"/>
    <testcase classname="ds.testObjExists_smk" name="data.frame_testObjExists" time="0.00199999999995271"/>
    <testcase classname="ds.testObjExists_smk" name="data.frame_testObjExists" time="0.00100000000020373"/>
    <testcase classname="ds.testObjExists_smk" name="data.frame_testObjExists" time="0.000999999999748979"/>
    <testcase classname="ds.testObjExists_smk" name="data.frame_testObjExists" time="0.00100000000020373"/>
    <testcase classname="ds.testObjExists_smk" name="data.frame_testObjExists" time="0.00199999999995271"/>
    <testcase classname="ds.testObjExists_smk" name="data.frame_testObjExists" time="0.00100000000020373"/>
    <testcase classname="ds.testObjExists_smk" name="data.frame_testObjExists" time="0.00199999999995271"/>
    <testcase classname="ds.testObjExists_smk" name="data.frame_testObjExists" time="0.000999999999748979"/>
    <testcase classname="ds.testObjExists_smk" name="data.frame_testObjExists" time="0.00100000000020373"/>
    <testcase classname="ds.testObjExists_smk" name="data.frame_testObjExists" time="0.000999999999748979"/>
    <testcase classname="ds.testObjExists_smk" name="data.frame_testObjExists" time="0.00199999999995271"/>
    <testcase classname="ds.testObjExists_smk" name="data.frame_testObjExists" time="0.00100000000020373"/>
    <testcase classname="ds.testObjExists_smk" name="data.frame_testObjExists" time="0.00199999999995271"/>
    <testcase classname="ds.testObjExists_smk" name="data.frame_testObjExists" time="0.00199999999995271"/>
    <testcase classname="ds.testObjExists_smk" name="data.frame_testObjExists" time="0.00100000000020373"/>
    <testcase classname="ds.testObjExists_smk" name="data.frame_testObjExists" time="0.00199999999995271"/>
    <testcase classname="ds.testObjExists_smk" name="data.frame_testObjExists" time="0.268999999999778"/>
    <testcase classname="ds.testObjExists_smk" name="data.frame_testObjExists" time="0.00199999999995271"/>
    <testcase classname="ds.testObjExists_smk" name="data.frame_testObjExists" time="0.00100000000020373"/>
    <testcase classname="ds.testObjExists_smk" name="data.frame_testObjExists" time="0.00300000000015643"/>
    <testcase classname="ds.testObjExists_smk" name="data.frame_testObjExists" time="0.000999999999748979"/>
    <testcase classname="ds.testObjExists_smk" name="data.frame_testObjExists" time="0.00199999999995271"/>
    <testcase classname="ds.testObjExists_smk" name="data.frame_testObjExists" time="0.00100000000020373"/>
    <testcase classname="ds.testObjExists_smk" name="data.frame_testObjExists" time="0.00199999999995271"/>
    <testcase classname="ds.testObjExists_smk" name="data.frame_testObjExists" time="0.000999999999748979"/>
    <testcase classname="ds.testObjExists_smk" name="data.frame_testObjExists" time="0.00200000000040745"/>
    <testcase classname="ds.testObjExists_smk" name="data.frame_testObjExists" time="0.000999999999748979"/>
    <testcase classname="ds.testObjExists_smk" name="data.frame_testObjExists" time="0.00199999999995271"/>
    <testcase classname="ds.testObjExists_smk" name="data.frame_testObjExists" time="0.00100000000020373"/>
    <testcase classname="ds.testObjExists_smk" name="data.frame_testObjExists" time="0.00199999999995271"/>
    <testcase classname="ds.testObjExists_smk" name="data.frame_testObjExists" time="0.00199999999995271"/>
    <testcase classname="ds.testObjExists_smk" name="data.frame_testObjExists" time="0.00199999999995271"/>
    <testcase classname="ds.testObjExists_smk" name="data.frame_testObjExists" time="0.00199999999995271"/>
    <testcase classname="ds.testObjExists_smk" name="data.frame_testObjExists" time="0.00199999999995271"/>
  </testsuite>
  <testsuite errors="0" failures="0" hostname="fv-az14" name="ds.testObjExists::smk::shutdown" skipped="0" tests="3" time="0.286" timestamp="2020-10-27T21:07:04Z">
    <testcase classname="ds.testObjExists_smk_shutdown" name="shutdown" time="0.284000000000106"/>
    <testcase classname="ds.testObjExists_smk_shutdown" name="shutdown" time="0.00100000000020373"/>
    <testcase classname="ds.testObjExists_smk_shutdown" name="shutdown" time="0.000999999999748979"/>
  </testsuite>
  <testsuite errors="0" failures="0" hostname="fv-az14" name="ds.testObjExists::smk::done" skipped="0" tests="0" time="0" timestamp="2020-10-27T21:07:05Z"/>
  <testsuite errors="0" failures="0" hostname="fv-az14" name="ds.unList::smk::setup" skipped="0" tests="3" time="5.505" timestamp="2020-10-27T21:07:05Z">
    <testcase classname="ds.unList_smk_setup" name="setup" time="5.50300000000016"/>
    <testcase classname="ds.unList_smk_setup" name="setup" time="0.000999999999748979"/>
    <testcase classname="ds.unList_smk_setup" name="setup" time="0.00100000000020373"/>
  </testsuite>
  <testsuite errors="0" failures="0" hostname="fv-az14" name="ds.unList::smk::simple test" skipped="0" tests="3" time="1.183" timestamp="2020-10-27T21:07:09Z">
    <testcase classname="ds.unList_smk_simple_test" name="simple_test" time="1.17999999999984"/>
    <testcase classname="ds.unList_smk_simple_test" name="simple_test" time="0.00199999999995271"/>
    <testcase classname="ds.unList_smk_simple_test" name="simple_test" time="0.00100000000020373"/>
  </testsuite>
  <testsuite errors="0" failures="0" hostname="fv-az14" name="ds.unList::smk::shutdown" skipped="0" tests="3" time="0.286" timestamp="2020-10-27T21:07:11Z">
    <testcase classname="ds.unList_smk_shutdown" name="shutdown" time="0.284000000000106"/>
    <testcase classname="ds.unList_smk_shutdown" name="shutdown" time="0.000999999999748979"/>
    <testcase classname="ds.unList_smk_shutdown" name="shutdown" time="0.000999999999748979"/>
  </testsuite>
  <testsuite errors="0" failures="0" hostname="fv-az14" name="ds.unList::smk::done" skipped="0" tests="0" time="0" timestamp="2020-10-27T21:07:12Z"/>
  <testsuite errors="0" failures="0" hostname="fv-az14" name="ds.var::smk::setup" skipped="0" tests="3" time="5.53" timestamp="2020-10-27T21:07:12Z">
    <testcase classname="ds.var_smk_setup" name="setup" time="5.52800000000025"/>
    <testcase classname="ds.var_smk_setup" name="setup" time="0.000999999999748979"/>
    <testcase classname="ds.var_smk_setup" name="setup" time="0.00100000000020373"/>
  </testsuite>
  <testsuite errors="0" failures="0" hostname="fv-az14" name="ds.var::smk::split" skipped="0" tests="19" time="0.307" timestamp="2020-10-27T21:07:16Z">
    <testcase classname="ds.var_smk_split" name="simple_var_split" time="0.280999999999949"/>
    <testcase classname="ds.var_smk_split" name="simple_var_split" time="0.00199999999995271"/>
    <testcase classname="ds.var_smk_split" name="simple_var_split" time="0.00100000000020373"/>
    <testcase classname="ds.var_smk_split" name="simple_var_split" time="0.000999999999748979"/>
    <testcase classname="ds.var_smk_split" name="simple_var_split" time="0.00199999999995271"/>
    <testcase classname="ds.var_smk_split" name="simple_var_split" time="0.00100000000020373"/>
    <testcase classname="ds.var_smk_split" name="simple_var_split" time="0.00199999999995271"/>
    <testcase classname="ds.var_smk_split" name="simple_var_split" time="0.00100000000020373"/>
    <testcase classname="ds.var_smk_split" name="simple_var_split" time="0.000999999999748979"/>
    <testcase classname="ds.var_smk_split" name="simple_var_split" time="0.00199999999995271"/>
    <testcase classname="ds.var_smk_split" name="simple_var_split" time="0.00100000000020373"/>
    <testcase classname="ds.var_smk_split" name="simple_var_split" time="0.00199999999995271"/>
    <testcase classname="ds.var_smk_split" name="simple_var_split" time="0.000999999999748979"/>
    <testcase classname="ds.var_smk_split" name="simple_var_split" time="0.00200000000040745"/>
    <testcase classname="ds.var_smk_split" name="simple_var_split" time="0.000999999999748979"/>
    <testcase classname="ds.var_smk_split" name="simple_var_split" time="0.00100000000020373"/>
    <testcase classname="ds.var_smk_split" name="simple_var_split" time="0.00199999999995271"/>
    <testcase classname="ds.var_smk_split" name="simple_var_split" time="0.000999999999748979"/>
    <testcase classname="ds.var_smk_split" name="simple_var_split" time="0.00199999999995271"/>
  </testsuite>
  <testsuite errors="0" failures="0" hostname="fv-az14" name="ds.var::smk::combine" skipped="0" tests="11" time="0.297" timestamp="2020-10-27T21:07:17Z">
    <testcase classname="ds.var_smk_combine" name="simple_var_combine" time="0.283000000000357"/>
    <testcase classname="ds.var_smk_combine" name="simple_var_combine" time="0.00199999999995271"/>
    <testcase classname="ds.var_smk_combine" name="simple_var_combine" time="0.000999999999748979"/>
    <testcase classname="ds.var_smk_combine" name="simple_var_combine" time="0.00199999999995271"/>
    <testcase classname="ds.var_smk_combine" name="simple_var_combine" time="0.00100000000020373"/>
    <testcase classname="ds.var_smk_combine" name="simple_var_combine" time="0.00100000000020373"/>
    <testcase classname="ds.var_smk_combine" name="simple_var_combine" time="0.00199999999995271"/>
    <testcase classname="ds.var_smk_combine" name="simple_var_combine" time="0.000999999999748979"/>
    <testcase classname="ds.var_smk_combine" name="simple_var_combine" time="0.00100000000020373"/>
    <testcase classname="ds.var_smk_combine" name="simple_var_combine" time="0.000999999999748979"/>
    <testcase classname="ds.var_smk_combine" name="simple_var_combine" time="0.00199999999995271"/>
  </testsuite>
  <testsuite errors="0" failures="0" hostname="fv-az14" name="ds.var::smk::both" skipped="0" tests="24" time="0.326" timestamp="2020-10-27T21:07:17Z">
    <testcase classname="ds.var_smk_both" name="simple_var_both" time="0.291000000000167"/>
    <testcase classname="ds.var_smk_both" name="simple_var_both" time="0.00199999999995271"/>
    <testcase classname="ds.var_smk_both" name="simple_var_both" time="0.00100000000020373"/>
    <testcase classname="ds.var_smk_both" name="simple_var_both" time="0.00199999999995271"/>
    <testcase classname="ds.var_smk_both" name="simple_var_both" time="0.000999999999748979"/>
    <testcase classname="ds.var_smk_both" name="simple_var_both" time="0.00199999999995271"/>
    <testcase classname="ds.var_smk_both" name="simple_var_both" time="0.00100000000020373"/>
    <testcase classname="ds.var_smk_both" name="simple_var_both" time="0.00199999999995271"/>
    <testcase classname="ds.var_smk_both" name="simple_var_both" time="0.00199999999995271"/>
    <testcase classname="ds.var_smk_both" name="simple_var_both" time="0.00100000000020373"/>
    <testcase classname="ds.var_smk_both" name="simple_var_both" time="0.000999999999748979"/>
    <testcase classname="ds.var_smk_both" name="simple_var_both" time="0.00199999999995271"/>
    <testcase classname="ds.var_smk_both" name="simple_var_both" time="0.00100000000020373"/>
    <testcase classname="ds.var_smk_both" name="simple_var_both" time="0.00199999999995271"/>
    <testcase classname="ds.var_smk_both" name="simple_var_both" time="0.00100000000020373"/>
    <testcase classname="ds.var_smk_both" name="simple_var_both" time="0.000999999999748979"/>
    <testcase classname="ds.var_smk_both" name="simple_var_both" time="0.00199999999995271"/>
    <testcase classname="ds.var_smk_both" name="simple_var_both" time="0.00199999999995271"/>
    <testcase classname="ds.var_smk_both" name="simple_var_both" time="0.00199999999995271"/>
    <testcase classname="ds.var_smk_both" name="simple_var_both" time="0.00100000000020373"/>
    <testcase classname="ds.var_smk_both" name="simple_var_both" time="0.00199999999995271"/>
    <testcase classname="ds.var_smk_both" name="simple_var_both" time="0.00100000000020373"/>
    <testcase classname="ds.var_smk_both" name="simple_var_both" time="0.00199999999995271"/>
    <testcase classname="ds.var_smk_both" name="simple_var_both" time="0.000999999999748979"/>
  </testsuite>
  <testsuite errors="0" failures="0" hostname="fv-az14" name="ds.var::smk::shutdown" skipped="0" tests="3" time="0.288" timestamp="2020-10-27T21:07:17Z">
    <testcase classname="ds.var_smk_shutdown" name="shutdown" time="0.286000000000058"/>
    <testcase classname="ds.var_smk_shutdown" name="shutdown" time="0.00100000000020373"/>
    <testcase classname="ds.var_smk_shutdown" name="shutdown" time="0.000999999999748979"/>
  </testsuite>
  <testsuite errors="0" failures="0" hostname="fv-az14" name="ds.var::smk::done" skipped="0" tests="0" time="0" timestamp="2020-10-27T21:07:18Z"/>
  <testsuite errors="0" failures="0" hostname="fv-az14" name="ds.vectorCalc::smk::setup" skipped="0" tests="3" time="5.527" timestamp="2020-10-27T21:07:18Z">
    <testcase classname="ds.vectorCalc_smk_setup" name="setup" time="5.52500000000009"/>
    <testcase classname="ds.vectorCalc_smk_setup" name="setup" time="0.00100000000020373"/>
    <testcase classname="ds.vectorCalc_smk_setup" name="setup" time="0.000999999999748979"/>
  </testsuite>
  <testsuite errors="0" failures="0" hostname="fv-az14" name="ds.vectorCalc::smk" skipped="0" tests="18" time="3.067" timestamp="2020-10-27T21:07:23Z">
    <testcase classname="ds.vectorCalc_smk" name="simple_test" time="0.0460000000002765"/>
    <testcase classname="ds.vectorCalc_smk" name="simple_test" time="2.1909999999998"/>
    <testcase classname="ds.vectorCalc_smk" name="simple_test" time="0.539000000000215"/>
    <testcase classname="ds.vectorCalc_smk" name="simple_test" time="0.00100000000020373"/>
    <testcase classname="ds.vectorCalc_smk" name="simple_test" time="0.000999999999748979"/>
    <testcase classname="ds.vectorCalc_smk" name="simple_test" time="0.00100000000020373"/>
    <testcase classname="ds.vectorCalc_smk" name="simple_test" time="0.00199999999995271"/>
    <testcase classname="ds.vectorCalc_smk" name="simple_test" time="0.000999999999748979"/>
    <testcase classname="ds.vectorCalc_smk" name="simple_test" time="0.00200000000040745"/>
    <testcase classname="ds.vectorCalc_smk" name="simple_test" time="0.269999999999982"/>
    <testcase classname="ds.vectorCalc_smk" name="simple_test" time="0.00199999999995271"/>
    <testcase classname="ds.vectorCalc_smk" name="simple_test" time="0.000999999999748979"/>
    <testcase classname="ds.vectorCalc_smk" name="simple_test" time="0.00199999999995271"/>
    <testcase classname="ds.vectorCalc_smk" name="simple_test" time="0.00199999999995271"/>
    <testcase classname="ds.vectorCalc_smk" name="simple_test" time="0.00100000000020373"/>
    <testcase classname="ds.vectorCalc_smk" name="simple_test" time="0.00199999999995271"/>
    <testcase classname="ds.vectorCalc_smk" name="simple_test" time="0.00100000000020373"/>
    <testcase classname="ds.vectorCalc_smk" name="simple_test" time="0.00199999999995271"/>
  </testsuite>
  <testsuite errors="0" failures="0" hostname="fv-az14" name="ds.vectorCalc::smk::shutdown" skipped="0" tests="3" time="0.294" timestamp="2020-10-27T21:07:26Z">
    <testcase classname="ds.vectorCalc_smk_shutdown" name="shutdown" time="0.290999999999713"/>
    <testcase classname="ds.vectorCalc_smk_shutdown" name="shutdown" time="0.00199999999995271"/>
    <testcase classname="ds.vectorCalc_smk_shutdown" name="shutdown" time="0.00100000000020373"/>
  </testsuite>
  <testsuite errors="0" failures="0" hostname="fv-az14" name="ds.vectorCalc::smk::done" skipped="0" tests="0" time="0" timestamp="2020-10-27T21:07:27Z"/>
  <testsuite errors="0" failures="0" hostname="fv-az14" name="ds.mean::smk_expt::type=combine" skipped="0" tests="1" time="5.64" timestamp="2020-10-27T21:07:32Z">
    <testcase classname="ds.mean_smk_expt_type_combine" name="mean_values_combine_" time="5.63999999999987"/>
  </testsuite>
  <testsuite errors="0" failures="0" hostname="fv-az14" name="ds.mean::smk_expt::type=split" skipped="0" tests="1" time="0.284" timestamp="2020-10-27T21:07:32Z">
    <testcase classname="ds.mean_smk_expt_type_split" name="mean_values_split_" time="0.284000000000106"/>
  </testsuite>
  <testsuite errors="0" failures="0" hostname="fv-az14" name="ds.mean::smk_expt::type=both" skipped="0" tests="1" time="0.285" timestamp="2020-10-27T21:07:32Z">
    <testcase classname="ds.mean_smk_expt_type_both" name="mean_values_both_" time="0.284999999999854"/>
  </testsuite>
  <testsuite errors="0" failures="0" hostname="fv-az14" name="ds.mean::smk_expt::type=combine" skipped="0" tests="1" time="0.296" timestamp="2020-10-27T21:07:33Z">
    <testcase classname="ds.mean_smk_expt_type_combine" name="mean_values_combine_" time="0.296000000000276"/>
  </testsuite>
  <testsuite errors="0" failures="0" hostname="fv-az14" name="ds.mean::smk_expt::type=split" skipped="0" tests="1" time="0.287" timestamp="2020-10-27T21:07:33Z">
    <testcase classname="ds.mean_smk_expt_type_split" name="mean_values_split_" time="0.286999999999807"/>
  </testsuite>
  <testsuite errors="0" failures="0" hostname="fv-az14" name="ds.mean::smk_expt::type=both" skipped="0" tests="1" time="0.282" timestamp="2020-10-27T21:07:33Z">
    <testcase classname="ds.mean_smk_expt_type_both" name="mean_values_both_" time="0.282000000000153"/>
  </testsuite>
  <testsuite errors="0" failures="0" hostname="fv-az14" name="ds.mean::smk_expt::type=combine" skipped="0" tests="1" time="0.285" timestamp="2020-10-27T21:07:34Z">
    <testcase classname="ds.mean_smk_expt_type_combine" name="mean_values_combine_" time="0.284999999999854"/>
  </testsuite>
  <testsuite errors="0" failures="0" hostname="fv-az14" name="ds.mean::smk_expt::type=split" skipped="0" tests="1" time="0.285" timestamp="2020-10-27T21:07:34Z">
    <testcase classname="ds.mean_smk_expt_type_split" name="mean_values_split_" time="0.285000000000309"/>
  </testsuite>
  <testsuite errors="0" failures="0" hostname="fv-az14" name="ds.mean::smk_expt::type=both" skipped="0" tests="1" time="0.281" timestamp="2020-10-27T21:07:34Z">
    <testcase classname="ds.mean_smk_expt_type_both" name="mean_values_both_" time="0.280999999999949"/>
  </testsuite>
  <testsuite errors="0" failures="0" hostname="fv-az14" name="ds.mean::smk_expt::type=combine" skipped="0" tests="1" time="0.291" timestamp="2020-10-27T21:07:34Z">
    <testcase classname="ds.mean_smk_expt_type_combine" name="mean_values_combine_" time="0.290999999999713"/>
  </testsuite>
  <testsuite errors="0" failures="0" hostname="fv-az14" name="ds.mean::smk_expt::type=split" skipped="0" tests="1" time="0.283" timestamp="2020-10-27T21:07:35Z">
    <testcase classname="ds.mean_smk_expt_type_split" name="mean_values_split_" time="0.282999999999902"/>
  </testsuite>
  <testsuite errors="0" failures="0" hostname="fv-az14" name="ds.mean::smk_expt::type=both" skipped="0" tests="1" time="0.288" timestamp="2020-10-27T21:07:35Z">
    <testcase classname="ds.mean_smk_expt_type_both" name="mean_values_both_" time="0.288000000000011"/>
  </testsuite>
  <testsuite errors="0" failures="0" hostname="fv-az14" name="ds.mean::smk_expt::type=combine" skipped="0" tests="1" time="0.291" timestamp="2020-10-27T21:07:35Z">
    <testcase classname="ds.mean_smk_expt_type_combine" name="mean_values_combine_" time="0.291000000000167"/>
  </testsuite>
  <testsuite errors="0" failures="0" hostname="fv-az14" name="ds.mean::smk_expt::type=split" skipped="0" tests="1" time="0.284" timestamp="2020-10-27T21:07:36Z">
    <testcase classname="ds.mean_smk_expt_type_split" name="mean_values_split_" time="0.284000000000106"/>
  </testsuite>
  <testsuite errors="0" failures="0" hostname="fv-az14" name="ds.mean::smk_expt::type=both" skipped="0" tests="1" time="0.295" timestamp="2020-10-27T21:07:36Z">
    <testcase classname="ds.mean_smk_expt_type_both" name="mean_values_both_" time="0.295000000000073"/>
  </testsuite>
  <testsuite errors="0" failures="0" hostname="fv-az14" name="ds.mean::smk_expt::type=combine" skipped="0" tests="1" time="1.09" timestamp="2020-10-27T21:07:36Z">
    <testcase classname="ds.mean_smk_expt_type_combine" name="mean_values_combine_" time="1.08999999999969"/>
  </testsuite>
  <testsuite errors="0" failures="0" hostname="fv-az14" name="ds.mean::smk_expt::type=split" skipped="0" tests="1" time="1.099" timestamp="2020-10-27T21:07:37Z">
    <testcase classname="ds.mean_smk_expt_type_split" name="mean_values_split_" time="1.09900000000016"/>
  </testsuite>
  <testsuite errors="0" failures="0" hostname="fv-az14" name="ds.mean::smk_expt::type=both" skipped="0" tests="1" time="1.085" timestamp="2020-10-27T21:07:38Z">
    <testcase classname="ds.mean_smk_expt_type_both" name="mean_values_both_" time="1.08500000000004"/>
  </testsuite>
  <testsuite errors="0" failures="0" hostname="fv-az14" name="ds.mean::smk_expt::type=combine" skipped="0" tests="1" time="1.091" timestamp="2020-10-27T21:07:39Z">
    <testcase classname="ds.mean_smk_expt_type_combine" name="mean_values_combine_" time="1.09099999999989"/>
  </testsuite>
  <testsuite errors="0" failures="0" hostname="fv-az14" name="ds.mean::smk_expt::type=split" skipped="0" tests="1" time="1.087" timestamp="2020-10-27T21:07:41Z">
    <testcase classname="ds.mean_smk_expt_type_split" name="mean_values_split_" time="1.08699999999999"/>
  </testsuite>
  <testsuite errors="0" failures="0" hostname="fv-az14" name="ds.mean::smk_expt::type=both" skipped="0" tests="1" time="1.1" timestamp="2020-10-27T21:07:42Z">
    <testcase classname="ds.mean_smk_expt_type_both" name="mean_values_both_" time="1.09999999999991"/>
  </testsuite>
  <testsuite errors="0" failures="0" hostname="fv-az14" name="ds.mean::smk_expt::type=combine" skipped="0" tests="1" time="1.112" timestamp="2020-10-27T21:07:43Z">
    <testcase classname="ds.mean_smk_expt_type_combine" name="mean_values_combine_" time="1.11200000000008"/>
  </testsuite>
  <testsuite errors="0" failures="0" hostname="fv-az14" name="ds.mean::smk_expt::type=split" skipped="0" tests="1" time="1.102" timestamp="2020-10-27T21:07:44Z">
    <testcase classname="ds.mean_smk_expt_type_split" name="mean_values_split_" time="1.10200000000032"/>
  </testsuite>
  <testsuite errors="0" failures="0" hostname="fv-az14" name="ds.mean::smk_expt::type=both" skipped="0" tests="1" time="1.094" timestamp="2020-10-27T21:07:45Z">
    <testcase classname="ds.mean_smk_expt_type_both" name="mean_values_both_" time="1.0939999999996"/>
  </testsuite>
  <testsuite errors="0" failures="0" hostname="fv-az14" name="ds.mean::smk_expt::type=combine" skipped="0" tests="1" time="1.113" timestamp="2020-10-27T21:07:46Z">
    <testcase classname="ds.mean_smk_expt_type_combine" name="mean_values_combine_" time="1.11300000000028"/>
  </testsuite>
  <testsuite errors="0" failures="0" hostname="fv-az14" name="ds.mean::smk_expt::type=split" skipped="0" tests="1" time="1.104" timestamp="2020-10-27T21:07:47Z">
    <testcase classname="ds.mean_smk_expt_type_split" name="mean_values_split_" time="1.10399999999981"/>
  </testsuite>
  <testsuite errors="0" failures="0" hostname="fv-az14" name="ds.mean::smk_expt::type=both" skipped="0" tests="1" time="1.102" timestamp="2020-10-27T21:07:48Z">
    <testcase classname="ds.mean_smk_expt_type_both" name="mean_values_both_" time="1.10199999999986"/>
  </testsuite>
  <testsuite errors="0" failures="0" hostname="fv-az14" name="ds.mean::smk_expt::type=combine" skipped="0" tests="1" time="1.103" timestamp="2020-10-27T21:07:49Z">
    <testcase classname="ds.mean_smk_expt_type_combine" name="mean_values_combine_" time="1.10300000000007"/>
  </testsuite>
  <testsuite errors="0" failures="0" hostname="fv-az14" name="ds.mean::smk_expt::type=split" skipped="0" tests="1" time="1.097" timestamp="2020-10-27T21:07:50Z">
    <testcase classname="ds.mean_smk_expt_type_split" name="mean_values_split_" time="1.09700000000021"/>
  </testsuite>
  <testsuite errors="0" failures="0" hostname="fv-az14" name="ds.mean::smk_expt::type=both" skipped="0" tests="1" time="1.093" timestamp="2020-10-27T21:07:52Z">
    <testcase classname="ds.mean_smk_expt_type_both" name="mean_values_both_" time="1.09299999999985"/>
  </testsuite>
  <testsuite errors="0" failures="0" hostname="fv-az14" name="ds.mean::smk_expt::type=combine" skipped="0" tests="1" time="1.11" timestamp="2020-10-27T21:07:53Z">
    <testcase classname="ds.mean_smk_expt_type_combine" name="mean_values_combine_" time="1.11000000000013"/>
  </testsuite>
  <testsuite errors="0" failures="0" hostname="fv-az14" name="ds.mean::smk_expt::type=split" skipped="0" tests="1" time="1.091" timestamp="2020-10-27T21:07:54Z">
    <testcase classname="ds.mean_smk_expt_type_split" name="mean_values_split_" time="1.09099999999989"/>
  </testsuite>
  <testsuite errors="0" failures="0" hostname="fv-az14" name="ds.mean::smk_expt::type=both" skipped="0" tests="1" time="1.091" timestamp="2020-10-27T21:07:55Z">
    <testcase classname="ds.mean_smk_expt_type_both" name="mean_values_both_" time="1.09099999999989"/>
  </testsuite>
  <testsuite errors="0" failures="0" hostname="fv-az14" name="vm-test::_::setup" skipped="0" tests="0" time="0" timestamp="2020-10-27T21:07:57Z"/>
  <testsuite errors="0" failures="0" hostname="fv-az14" name="vm-test::_::tests::vm" skipped="0" tests="1" time="1.086" timestamp="2020-10-27T21:07:57Z">
    <testcase classname="vm_test___tests_vm" name="The_virtual_machine_is_loaded._" time="1.08599999999979"/>
  </testsuite>
  <testsuite errors="0" failures="0" hostname="fv-az14" name="vm-test::_::shutdown" skipped="0" tests="0" time="0" timestamp="2020-10-27T21:07:57Z"/>
  <testsuite errors="0" failures="0" hostname="fv-az14" name="vm-test::_::done" skipped="0" tests="0" time="0" timestamp="2020-10-27T21:07:57Z"/>
  <testsuite errors="0" failures="0" hostname="fv-az14" name="ds.dataFrameSort::expt_dgr::setup" skipped="0" tests="0" time="0" timestamp="2020-10-27T21:10:34Z"/>
  <testsuite errors="0" failures="0" hostname="fv-az14" name="ds.dataFrameSort::expt_dgr::multiple::correct_parameter_class" skipped="0" tests="0" time="0" timestamp="2020-10-27T21:10:34Z"/>
  <testsuite errors="0" failures="0" hostname="fv-az14" name="ds.dataFrameSort::expt_dgr::single::correct_parameter_class" skipped="0" tests="0" time="0" timestamp="2020-10-27T21:11:27Z"/>
  <testsuite errors="0" failures="0" hostname="fv-az14" name="ds.dataFrameSort::expt_dgr::multiple::incorrect_parameter_class" skipped="0" tests="7" time="76.825" timestamp="2020-10-27T21:11:40Z">
    <testcase classname="ds.dataFrameSort_expt_dgr_multiple_incorrect_parameter_class" name="all_datasets" time="71.091"/>
    <testcase classname="ds.dataFrameSort_expt_dgr_multiple_incorrect_parameter_class" name="all_datasets" time="0.382999999999996"/>
    <testcase classname="ds.dataFrameSort_expt_dgr_multiple_incorrect_parameter_class" name="all_datasets" time="0.27000000000001"/>
    <testcase classname="ds.dataFrameSort_expt_dgr_multiple_incorrect_parameter_class" name="all_datasets" time="0.268000000000001"/>
    <testcase classname="ds.dataFrameSort_expt_dgr_multiple_incorrect_parameter_class" name="all_datasets" time="0.272999999999996"/>
    <testcase classname="ds.dataFrameSort_expt_dgr_multiple_incorrect_parameter_class" name="all_datasets" time="4.27199999999999"/>
    <testcase classname="ds.dataFrameSort_expt_dgr_multiple_incorrect_parameter_class" name="all_datasets" time="0.268000000000001"/>
  </testsuite>
  <testsuite errors="0" failures="0" hostname="fv-az14" name="ds.dataFrameSort::expt_dgr::single::incorrect_parameter_class" skipped="0" tests="7" time="6.229" timestamp="2020-10-27T21:11:50Z">
    <testcase classname="ds.dataFrameSort_expt_dgr_single_incorrect_parameter_class" name="dataset_2" time="3.79900000000001"/>
    <testcase classname="ds.dataFrameSort_expt_dgr_single_incorrect_parameter_class" name="dataset_2" time="0.245999999999995"/>
    <testcase classname="ds.dataFrameSort_expt_dgr_single_incorrect_parameter_class" name="dataset_2" time="0.243000000000009"/>
    <testcase classname="ds.dataFrameSort_expt_dgr_single_incorrect_parameter_class" name="dataset_2" time="0.239999999999995"/>
    <testcase classname="ds.dataFrameSort_expt_dgr_single_incorrect_parameter_class" name="dataset_2" time="0.244"/>
    <testcase classname="ds.dataFrameSort_expt_dgr_single_incorrect_parameter_class" name="dataset_2" time="1.21599999999999"/>
    <testcase classname="ds.dataFrameSort_expt_dgr_single_incorrect_parameter_class" name="dataset_2" time="0.241000000000014"/>
  </testsuite>
  <testsuite errors="0" failures="0" hostname="fv-az14" name="ds.dataFrameSort::expt_dgr::multiple::df::creation" skipped="0" tests="77" time="50.2" timestamp="2020-10-27T21:11:57Z">
    <testcase classname="ds.dataFrameSort_expt_dgr_multiple_df_creation" name="all_datasets" time="9.01599999999999"/>
    <testcase classname="ds.dataFrameSort_expt_dgr_multiple_df_creation" name="all_datasets" time="0.00100000000000477"/>
    <testcase classname="ds.dataFrameSort_expt_dgr_multiple_df_creation" name="all_datasets" time="0.00199999999999534"/>
    <testcase classname="ds.dataFrameSort_expt_dgr_multiple_df_creation" name="all_datasets" time="0.00100000000000477"/>
    <testcase classname="ds.dataFrameSort_expt_dgr_multiple_df_creation" name="all_datasets" time="0.00199999999999534"/>
    <testcase classname="ds.dataFrameSort_expt_dgr_multiple_df_creation" name="all_datasets" time="0.00100000000000477"/>
    <testcase classname="ds.dataFrameSort_expt_dgr_multiple_df_creation" name="all_datasets" time="0.000999999999990564"/>
    <testcase classname="ds.dataFrameSort_expt_dgr_multiple_df_creation" name="all_datasets" time="4.07900000000001"/>
    <testcase classname="ds.dataFrameSort_expt_dgr_multiple_df_creation" name="all_datasets" time="0.00199999999999534"/>
    <testcase classname="ds.dataFrameSort_expt_dgr_multiple_df_creation" name="all_datasets" time="0.00100000000000477"/>
    <testcase classname="ds.dataFrameSort_expt_dgr_multiple_df_creation" name="all_datasets" time="0.00199999999999534"/>
    <testcase classname="ds.dataFrameSort_expt_dgr_multiple_df_creation" name="all_datasets" time="0.00100000000000477"/>
    <testcase classname="ds.dataFrameSort_expt_dgr_multiple_df_creation" name="all_datasets" time="0.000999999999990564"/>
    <testcase classname="ds.dataFrameSort_expt_dgr_multiple_df_creation" name="all_datasets" time="0.00200000000000955"/>
    <testcase classname="ds.dataFrameSort_expt_dgr_multiple_df_creation" name="all_datasets" time="4.10599999999999"/>
    <testcase classname="ds.dataFrameSort_expt_dgr_multiple_df_creation" name="all_datasets" time="0.00199999999999534"/>
    <testcase classname="ds.dataFrameSort_expt_dgr_multiple_df_creation" name="all_datasets" time="0.00200000000000955"/>
    <testcase classname="ds.dataFrameSort_expt_dgr_multiple_df_creation" name="all_datasets" time="0.000999999999990564"/>
    <testcase classname="ds.dataFrameSort_expt_dgr_multiple_df_creation" name="all_datasets" time="0.00200000000000955"/>
    <testcase classname="ds.dataFrameSort_expt_dgr_multiple_df_creation" name="all_datasets" time="0.00199999999999534"/>
    <testcase classname="ds.dataFrameSort_expt_dgr_multiple_df_creation" name="all_datasets" time="0.00300000000000011"/>
    <testcase classname="ds.dataFrameSort_expt_dgr_multiple_df_creation" name="all_datasets" time="4.089"/>
    <testcase classname="ds.dataFrameSort_expt_dgr_multiple_df_creation" name="all_datasets" time="0.00199999999999534"/>
    <testcase classname="ds.dataFrameSort_expt_dgr_multiple_df_creation" name="all_datasets" time="0.00200000000000955"/>
    <testcase classname="ds.dataFrameSort_expt_dgr_multiple_df_creation" name="all_datasets" time="0.000999999999990564"/>
    <testcase classname="ds.dataFrameSort_expt_dgr_multiple_df_creation" name="all_datasets" time="0.00200000000000955"/>
    <testcase classname="ds.dataFrameSort_expt_dgr_multiple_df_creation" name="all_datasets" time="0.00199999999999534"/>
    <testcase classname="ds.dataFrameSort_expt_dgr_multiple_df_creation" name="all_datasets" time="0.00199999999999534"/>
    <testcase classname="ds.dataFrameSort_expt_dgr_multiple_df_creation" name="all_datasets" time="4.11200000000001"/>
    <testcase classname="ds.dataFrameSort_expt_dgr_multiple_df_creation" name="all_datasets" time="0.00199999999999534"/>
    <testcase classname="ds.dataFrameSort_expt_dgr_multiple_df_creation" name="all_datasets" time="0.00199999999999534"/>
    <testcase classname="ds.dataFrameSort_expt_dgr_multiple_df_creation" name="all_datasets" time="0.00100000000000477"/>
    <testcase classname="ds.dataFrameSort_expt_dgr_multiple_df_creation" name="all_datasets" time="0.00199999999999534"/>
    <testcase classname="ds.dataFrameSort_expt_dgr_multiple_df_creation" name="all_datasets" time="0.00200000000000955"/>
    <testcase classname="ds.dataFrameSort_expt_dgr_multiple_df_creation" name="all_datasets" time="0.00199999999999534"/>
    <testcase classname="ds.dataFrameSort_expt_dgr_multiple_df_creation" name="all_datasets" time="4.163"/>
    <testcase classname="ds.dataFrameSort_expt_dgr_multiple_df_creation" name="all_datasets" time="0.00200000000000955"/>
    <testcase classname="ds.dataFrameSort_expt_dgr_multiple_df_creation" name="all_datasets" time="0.00199999999999534"/>
    <testcase classname="ds.dataFrameSort_expt_dgr_multiple_df_creation" name="all_datasets" time="0.00199999999999534"/>
    <testcase classname="ds.dataFrameSort_expt_dgr_multiple_df_creation" name="all_datasets" time="0.00200000000000955"/>
    <testcase classname="ds.dataFrameSort_expt_dgr_multiple_df_creation" name="all_datasets" time="0.00199999999999534"/>
    <testcase classname="ds.dataFrameSort_expt_dgr_multiple_df_creation" name="all_datasets" time="0.00199999999999534"/>
    <testcase classname="ds.dataFrameSort_expt_dgr_multiple_df_creation" name="all_datasets" time="4.10000000000001"/>
    <testcase classname="ds.dataFrameSort_expt_dgr_multiple_df_creation" name="all_datasets" time="0.00300000000000011"/>
    <testcase classname="ds.dataFrameSort_expt_dgr_multiple_df_creation" name="all_datasets" time="0.00199999999999534"/>
    <testcase classname="ds.dataFrameSort_expt_dgr_multiple_df_creation" name="all_datasets" time="0.00400000000000489"/>
    <testcase classname="ds.dataFrameSort_expt_dgr_multiple_df_creation" name="all_datasets" time="0.00300000000000011"/>
    <testcase classname="ds.dataFrameSort_expt_dgr_multiple_df_creation" name="all_datasets" time="0.00199999999999534"/>
    <testcase classname="ds.dataFrameSort_expt_dgr_multiple_df_creation" name="all_datasets" time="0.00199999999999534"/>
    <testcase classname="ds.dataFrameSort_expt_dgr_multiple_df_creation" name="all_datasets" time="4.10599999999999"/>
    <testcase classname="ds.dataFrameSort_expt_dgr_multiple_df_creation" name="all_datasets" time="0.00200000000000955"/>
    <testcase classname="ds.dataFrameSort_expt_dgr_multiple_df_creation" name="all_datasets" time="0.00200000000000955"/>
    <testcase classname="ds.dataFrameSort_expt_dgr_multiple_df_creation" name="all_datasets" time="0.00199999999998113"/>
    <testcase classname="ds.dataFrameSort_expt_dgr_multiple_df_creation" name="all_datasets" time="0.00200000000000955"/>
    <testcase classname="ds.dataFrameSort_expt_dgr_multiple_df_creation" name="all_datasets" time="0.00200000000000955"/>
    <testcase classname="ds.dataFrameSort_expt_dgr_multiple_df_creation" name="all_datasets" time="0.0029999999999859"/>
    <testcase classname="ds.dataFrameSort_expt_dgr_multiple_df_creation" name="all_datasets" time="4.10400000000001"/>
    <testcase classname="ds.dataFrameSort_expt_dgr_multiple_df_creation" name="all_datasets" time="0.00199999999998113"/>
    <testcase classname="ds.dataFrameSort_expt_dgr_multiple_df_creation" name="all_datasets" time="0.00300000000001432"/>
    <testcase classname="ds.dataFrameSort_expt_dgr_multiple_df_creation" name="all_datasets" time="0.0029999999999859"/>
    <testcase classname="ds.dataFrameSort_expt_dgr_multiple_df_creation" name="all_datasets" time="0.00200000000000955"/>
    <testcase classname="ds.dataFrameSort_expt_dgr_multiple_df_creation" name="all_datasets" time="0.0029999999999859"/>
    <testcase classname="ds.dataFrameSort_expt_dgr_multiple_df_creation" name="all_datasets" time="0.00200000000000955"/>
    <testcase classname="ds.dataFrameSort_expt_dgr_multiple_df_creation" name="all_datasets" time="4.09700000000001"/>
    <testcase classname="ds.dataFrameSort_expt_dgr_multiple_df_creation" name="all_datasets" time="0.00199999999998113"/>
    <testcase classname="ds.dataFrameSort_expt_dgr_multiple_df_creation" name="all_datasets" time="0.00300000000001432"/>
    <testcase classname="ds.dataFrameSort_expt_dgr_multiple_df_creation" name="all_datasets" time="0.00200000000000955"/>
    <testcase classname="ds.dataFrameSort_expt_dgr_multiple_df_creation" name="all_datasets" time="0.0029999999999859"/>
    <testcase classname="ds.dataFrameSort_expt_dgr_multiple_df_creation" name="all_datasets" time="0.0029999999999859"/>
    <testcase classname="ds.dataFrameSort_expt_dgr_multiple_df_creation" name="all_datasets" time="0.00200000000000955"/>
    <testcase classname="ds.dataFrameSort_expt_dgr_multiple_df_creation" name="all_datasets" time="4.09100000000001"/>
    <testcase classname="ds.dataFrameSort_expt_dgr_multiple_df_creation" name="all_datasets" time="0.0029999999999859"/>
    <testcase classname="ds.dataFrameSort_expt_dgr_multiple_df_creation" name="all_datasets" time="0.00200000000000955"/>
    <testcase classname="ds.dataFrameSort_expt_dgr_multiple_df_creation" name="all_datasets" time="0.00300000000001432"/>
    <testcase classname="ds.dataFrameSort_expt_dgr_multiple_df_creation" name="all_datasets" time="0.00199999999998113"/>
    <testcase classname="ds.dataFrameSort_expt_dgr_multiple_df_creation" name="all_datasets" time="0.00300000000001432"/>
    <testcase classname="ds.dataFrameSort_expt_dgr_multiple_df_creation" name="all_datasets" time="0.00199999999998113"/>
  </testsuite>
  <testsuite errors="0" failures="0" hostname="fv-az14" name="ds.dataFrameSort::expt_dgr::single::df::creation" skipped="0" tests="33" time="35.243" timestamp="2020-10-27T21:12:47Z">
    <testcase classname="ds.dataFrameSort_expt_dgr_single_df_creation" name="dataset_3" time="6.56900000000002"/>
    <testcase classname="ds.dataFrameSort_expt_dgr_single_df_creation" name="dataset_3" time="0.00100000000000477"/>
    <testcase classname="ds.dataFrameSort_expt_dgr_single_df_creation" name="dataset_3" time="0.00199999999998113"/>
    <testcase classname="ds.dataFrameSort_expt_dgr_single_df_creation" name="dataset_3" time="2.893"/>
    <testcase classname="ds.dataFrameSort_expt_dgr_single_df_creation" name="dataset_3" time="0.00200000000000955"/>
    <testcase classname="ds.dataFrameSort_expt_dgr_single_df_creation" name="dataset_3" time="0.00200000000000955"/>
    <testcase classname="ds.dataFrameSort_expt_dgr_single_df_creation" name="dataset_3" time="2.85599999999999"/>
    <testcase classname="ds.dataFrameSort_expt_dgr_single_df_creation" name="dataset_3" time="0.00199999999998113"/>
    <testcase classname="ds.dataFrameSort_expt_dgr_single_df_creation" name="dataset_3" time="0.00200000000000955"/>
    <testcase classname="ds.dataFrameSort_expt_dgr_single_df_creation" name="dataset_3" time="2.86799999999999"/>
    <testcase classname="ds.dataFrameSort_expt_dgr_single_df_creation" name="dataset_3" time="0.00100000000000477"/>
    <testcase classname="ds.dataFrameSort_expt_dgr_single_df_creation" name="dataset_3" time="0.00200000000000955"/>
    <testcase classname="ds.dataFrameSort_expt_dgr_single_df_creation" name="dataset_3" time="2.85299999999998"/>
    <testcase classname="ds.dataFrameSort_expt_dgr_single_df_creation" name="dataset_3" time="0.00200000000000955"/>
    <testcase classname="ds.dataFrameSort_expt_dgr_single_df_creation" name="dataset_3" time="0.00200000000000955"/>
    <testcase classname="ds.dataFrameSort_expt_dgr_single_df_creation" name="dataset_3" time="2.857"/>
    <testcase classname="ds.dataFrameSort_expt_dgr_single_df_creation" name="dataset_3" time="0.00199999999998113"/>
    <testcase classname="ds.dataFrameSort_expt_dgr_single_df_creation" name="dataset_3" time="0.00200000000000955"/>
    <testcase classname="ds.dataFrameSort_expt_dgr_single_df_creation" name="dataset_3" time="2.863"/>
    <testcase classname="ds.dataFrameSort_expt_dgr_single_df_creation" name="dataset_3" time="0.00200000000000955"/>
    <testcase classname="ds.dataFrameSort_expt_dgr_single_df_creation" name="dataset_3" time="0.00100000000000477"/>
    <testcase classname="ds.dataFrameSort_expt_dgr_single_df_creation" name="dataset_3" time="2.85700000000003"/>
    <testcase classname="ds.dataFrameSort_expt_dgr_single_df_creation" name="dataset_3" time="0.00199999999998113"/>
    <testcase classname="ds.dataFrameSort_expt_dgr_single_df_creation" name="dataset_3" time="0.00200000000000955"/>
    <testcase classname="ds.dataFrameSort_expt_dgr_single_df_creation" name="dataset_3" time="2.84700000000001"/>
    <testcase classname="ds.dataFrameSort_expt_dgr_single_df_creation" name="dataset_3" time="0.00199999999998113"/>
    <testcase classname="ds.dataFrameSort_expt_dgr_single_df_creation" name="dataset_3" time="0.00200000000000955"/>
    <testcase classname="ds.dataFrameSort_expt_dgr_single_df_creation" name="dataset_3" time="2.86799999999999"/>
    <testcase classname="ds.dataFrameSort_expt_dgr_single_df_creation" name="dataset_3" time="0.00200000000000955"/>
    <testcase classname="ds.dataFrameSort_expt_dgr_single_df_creation" name="dataset_3" time="0.00199999999998113"/>
    <testcase classname="ds.dataFrameSort_expt_dgr_single_df_creation" name="dataset_3" time="2.87100000000001"/>
    <testcase classname="ds.dataFrameSort_expt_dgr_single_df_creation" name="dataset_3" time="0.00200000000000955"/>
    <testcase classname="ds.dataFrameSort_expt_dgr_single_df_creation" name="dataset_3" time="0.00199999999998113"/>
  </testsuite>
  <testsuite errors="0" failures="0" hostname="fv-az14" name="ds.dataFrameSort::expt_dgr::multiple::numeric::ascending" skipped="0" tests="99" time="42.096" timestamp="2020-10-27T21:13:22Z">
    <testcase classname="ds.dataFrameSort_expt_dgr_multiple_numeric_ascending" name="all_datasets" time="10.006"/>
    <testcase classname="ds.dataFrameSort_expt_dgr_multiple_numeric_ascending" name="all_datasets" time="0.00100000000000477"/>
    <testcase classname="ds.dataFrameSort_expt_dgr_multiple_numeric_ascending" name="all_datasets" time="0.00200000000000955"/>
    <testcase classname="ds.dataFrameSort_expt_dgr_multiple_numeric_ascending" name="all_datasets" time="0.00100000000000477"/>
    <testcase classname="ds.dataFrameSort_expt_dgr_multiple_numeric_ascending" name="all_datasets" time="0.00199999999998113"/>
    <testcase classname="ds.dataFrameSort_expt_dgr_multiple_numeric_ascending" name="all_datasets" time="0.00100000000000477"/>
    <testcase classname="ds.dataFrameSort_expt_dgr_multiple_numeric_ascending" name="all_datasets" time="0.278999999999996"/>
    <testcase classname="ds.dataFrameSort_expt_dgr_multiple_numeric_ascending" name="all_datasets" time="0.00200000000000955"/>
    <testcase classname="ds.dataFrameSort_expt_dgr_multiple_numeric_ascending" name="all_datasets" time="0.00200000000000955"/>
    <testcase classname="ds.dataFrameSort_expt_dgr_multiple_numeric_ascending" name="all_datasets" time="2.94199999999998"/>
    <testcase classname="ds.dataFrameSort_expt_dgr_multiple_numeric_ascending" name="all_datasets" time="0.00200000000000955"/>
    <testcase classname="ds.dataFrameSort_expt_dgr_multiple_numeric_ascending" name="all_datasets" time="0.00200000000000955"/>
    <testcase classname="ds.dataFrameSort_expt_dgr_multiple_numeric_ascending" name="all_datasets" time="0.00100000000000477"/>
    <testcase classname="ds.dataFrameSort_expt_dgr_multiple_numeric_ascending" name="all_datasets" time="0.00199999999998113"/>
    <testcase classname="ds.dataFrameSort_expt_dgr_multiple_numeric_ascending" name="all_datasets" time="0.00200000000000955"/>
    <testcase classname="ds.dataFrameSort_expt_dgr_multiple_numeric_ascending" name="all_datasets" time="0.288000000000011"/>
    <testcase classname="ds.dataFrameSort_expt_dgr_multiple_numeric_ascending" name="all_datasets" time="0.00199999999998113"/>
    <testcase classname="ds.dataFrameSort_expt_dgr_multiple_numeric_ascending" name="all_datasets" time="0.00200000000000955"/>
    <testcase classname="ds.dataFrameSort_expt_dgr_multiple_numeric_ascending" name="all_datasets" time="2.863"/>
    <testcase classname="ds.dataFrameSort_expt_dgr_multiple_numeric_ascending" name="all_datasets" time="0.00200000000000955"/>
    <testcase classname="ds.dataFrameSort_expt_dgr_multiple_numeric_ascending" name="all_datasets" time="0.00199999999998113"/>
    <testcase classname="ds.dataFrameSort_expt_dgr_multiple_numeric_ascending" name="all_datasets" time="0.00200000000000955"/>
    <testcase classname="ds.dataFrameSort_expt_dgr_multiple_numeric_ascending" name="all_datasets" time="0.00100000000000477"/>
    <testcase classname="ds.dataFrameSort_expt_dgr_multiple_numeric_ascending" name="all_datasets" time="0.00199999999998113"/>
    <testcase classname="ds.dataFrameSort_expt_dgr_multiple_numeric_ascending" name="all_datasets" time="0.27800000000002"/>
    <testcase classname="ds.dataFrameSort_expt_dgr_multiple_numeric_ascending" name="all_datasets" time="0.00199999999998113"/>
    <testcase classname="ds.dataFrameSort_expt_dgr_multiple_numeric_ascending" name="all_datasets" time="0.00200000000000955"/>
    <testcase classname="ds.dataFrameSort_expt_dgr_multiple_numeric_ascending" name="all_datasets" time="2.875"/>
    <testcase classname="ds.dataFrameSort_expt_dgr_multiple_numeric_ascending" name="all_datasets" time="0.00200000000000955"/>
    <testcase classname="ds.dataFrameSort_expt_dgr_multiple_numeric_ascending" name="all_datasets" time="0.00199999999998113"/>
    <testcase classname="ds.dataFrameSort_expt_dgr_multiple_numeric_ascending" name="all_datasets" time="0.00200000000000955"/>
    <testcase classname="ds.dataFrameSort_expt_dgr_multiple_numeric_ascending" name="all_datasets" time="0.00200000000000955"/>
    <testcase classname="ds.dataFrameSort_expt_dgr_multiple_numeric_ascending" name="all_datasets" time="0.00199999999998113"/>
    <testcase classname="ds.dataFrameSort_expt_dgr_multiple_numeric_ascending" name="all_datasets" time="0.282000000000011"/>
    <testcase classname="ds.dataFrameSort_expt_dgr_multiple_numeric_ascending" name="all_datasets" time="0.00200000000000955"/>
    <testcase classname="ds.dataFrameSort_expt_dgr_multiple_numeric_ascending" name="all_datasets" time="0.00199999999998113"/>
    <testcase classname="ds.dataFrameSort_expt_dgr_multiple_numeric_ascending" name="all_datasets" time="2.86799999999999"/>
    <testcase classname="ds.dataFrameSort_expt_dgr_multiple_numeric_ascending" name="all_datasets" time="0.00200000000000955"/>
    <testcase classname="ds.dataFrameSort_expt_dgr_multiple_numeric_ascending" name="all_datasets" time="0.00200000000000955"/>
    <testcase classname="ds.dataFrameSort_expt_dgr_multiple_numeric_ascending" name="all_datasets" time="0.0029999999999859"/>
    <testcase classname="ds.dataFrameSort_expt_dgr_multiple_numeric_ascending" name="all_datasets" time="0.00200000000000955"/>
    <testcase classname="ds.dataFrameSort_expt_dgr_multiple_numeric_ascending" name="all_datasets" time="0.00200000000000955"/>
    <testcase classname="ds.dataFrameSort_expt_dgr_multiple_numeric_ascending" name="all_datasets" time="0.280000000000001"/>
    <testcase classname="ds.dataFrameSort_expt_dgr_multiple_numeric_ascending" name="all_datasets" time="0.0029999999999859"/>
    <testcase classname="ds.dataFrameSort_expt_dgr_multiple_numeric_ascending" name="all_datasets" time="0.00300000000001432"/>
    <testcase classname="ds.dataFrameSort_expt_dgr_multiple_numeric_ascending" name="all_datasets" time="2.857"/>
    <testcase classname="ds.dataFrameSort_expt_dgr_multiple_numeric_ascending" name="all_datasets" time="0.0029999999999859"/>
    <testcase classname="ds.dataFrameSort_expt_dgr_multiple_numeric_ascending" name="all_datasets" time="0.00200000000000955"/>
    <testcase classname="ds.dataFrameSort_expt_dgr_multiple_numeric_ascending" name="all_datasets" time="0.00199999999998113"/>
    <testcase classname="ds.dataFrameSort_expt_dgr_multiple_numeric_ascending" name="all_datasets" time="0.00300000000001432"/>
    <testcase classname="ds.dataFrameSort_expt_dgr_multiple_numeric_ascending" name="all_datasets" time="0.00200000000000955"/>
    <testcase classname="ds.dataFrameSort_expt_dgr_multiple_numeric_ascending" name="all_datasets" time="0.274000000000001"/>
    <testcase classname="ds.dataFrameSort_expt_dgr_multiple_numeric_ascending" name="all_datasets" time="0.0029999999999859"/>
    <testcase classname="ds.dataFrameSort_expt_dgr_multiple_numeric_ascending" name="all_datasets" time="0.00200000000000955"/>
    <testcase classname="ds.dataFrameSort_expt_dgr_multiple_numeric_ascending" name="all_datasets" time="2.875"/>
    <testcase classname="ds.dataFrameSort_expt_dgr_multiple_numeric_ascending" name="all_datasets" time="0.0029999999999859"/>
    <testcase classname="ds.dataFrameSort_expt_dgr_multiple_numeric_ascending" name="all_datasets" time="0.00200000000000955"/>
    <testcase classname="ds.dataFrameSort_expt_dgr_multiple_numeric_ascending" name="all_datasets" time="0.00199999999998113"/>
    <testcase classname="ds.dataFrameSort_expt_dgr_multiple_numeric_ascending" name="all_datasets" time="0.00300000000001432"/>
    <testcase classname="ds.dataFrameSort_expt_dgr_multiple_numeric_ascending" name="all_datasets" time="0.00200000000000955"/>
    <testcase classname="ds.dataFrameSort_expt_dgr_multiple_numeric_ascending" name="all_datasets" time="0.276999999999987"/>
    <testcase classname="ds.dataFrameSort_expt_dgr_multiple_numeric_ascending" name="all_datasets" time="0.00200000000000955"/>
    <testcase classname="ds.dataFrameSort_expt_dgr_multiple_numeric_ascending" name="all_datasets" time="0.0029999999999859"/>
    <testcase classname="ds.dataFrameSort_expt_dgr_multiple_numeric_ascending" name="all_datasets" time="2.87299999999999"/>
    <testcase classname="ds.dataFrameSort_expt_dgr_multiple_numeric_ascending" name="all_datasets" time="0.00200000000000955"/>
    <testcase classname="ds.dataFrameSort_expt_dgr_multiple_numeric_ascending" name="all_datasets" time="0.00300000000001432"/>
    <testcase classname="ds.dataFrameSort_expt_dgr_multiple_numeric_ascending" name="all_datasets" time="0.00199999999998113"/>
    <testcase classname="ds.dataFrameSort_expt_dgr_multiple_numeric_ascending" name="all_datasets" time="0.00200000000000955"/>
    <testcase classname="ds.dataFrameSort_expt_dgr_multiple_numeric_ascending" name="all_datasets" time="0.0029999999999859"/>
    <testcase classname="ds.dataFrameSort_expt_dgr_multiple_numeric_ascending" name="all_datasets" time="0.280000000000001"/>
    <testcase classname="ds.dataFrameSort_expt_dgr_multiple_numeric_ascending" name="all_datasets" time="0.00300000000001432"/>
    <testcase classname="ds.dataFrameSort_expt_dgr_multiple_numeric_ascending" name="all_datasets" time="0.00200000000000955"/>
    <testcase classname="ds.dataFrameSort_expt_dgr_multiple_numeric_ascending" name="all_datasets" time="2.89699999999999"/>
    <testcase classname="ds.dataFrameSort_expt_dgr_multiple_numeric_ascending" name="all_datasets" time="0.0029999999999859"/>
    <testcase classname="ds.dataFrameSort_expt_dgr_multiple_numeric_ascending" name="all_datasets" time="0.00300000000001432"/>
    <testcase classname="ds.dataFrameSort_expt_dgr_multiple_numeric_ascending" name="all_datasets" time="0.00200000000000955"/>
    <testcase classname="ds.dataFrameSort_expt_dgr_multiple_numeric_ascending" name="all_datasets" time="0.0029999999999859"/>
    <testcase classname="ds.dataFrameSort_expt_dgr_multiple_numeric_ascending" name="all_datasets" time="0.00300000000001432"/>
    <testcase classname="ds.dataFrameSort_expt_dgr_multiple_numeric_ascending" name="all_datasets" time="0.277999999999992"/>
    <testcase classname="ds.dataFrameSort_expt_dgr_multiple_numeric_ascending" name="all_datasets" time="0.0029999999999859"/>
    <testcase classname="ds.dataFrameSort_expt_dgr_multiple_numeric_ascending" name="all_datasets" time="0.00300000000001432"/>
    <testcase classname="ds.dataFrameSort_expt_dgr_multiple_numeric_ascending" name="all_datasets" time="2.886"/>
    <testcase classname="ds.dataFrameSort_expt_dgr_multiple_numeric_ascending" name="all_datasets" time="0.0029999999999859"/>
    <testcase classname="ds.dataFrameSort_expt_dgr_multiple_numeric_ascending" name="all_datasets" time="0.00200000000000955"/>
    <testcase classname="ds.dataFrameSort_expt_dgr_multiple_numeric_ascending" name="all_datasets" time="0.00399999999999068"/>
    <testcase classname="ds.dataFrameSort_expt_dgr_multiple_numeric_ascending" name="all_datasets" time="0.00300000000001432"/>
    <testcase classname="ds.dataFrameSort_expt_dgr_multiple_numeric_ascending" name="all_datasets" time="0.0029999999999859"/>
    <testcase classname="ds.dataFrameSort_expt_dgr_multiple_numeric_ascending" name="all_datasets" time="0.286000000000001"/>
    <testcase classname="ds.dataFrameSort_expt_dgr_multiple_numeric_ascending" name="all_datasets" time="0.00300000000001432"/>
    <testcase classname="ds.dataFrameSort_expt_dgr_multiple_numeric_ascending" name="all_datasets" time="0.0029999999999859"/>
    <testcase classname="ds.dataFrameSort_expt_dgr_multiple_numeric_ascending" name="all_datasets" time="2.886"/>
    <testcase classname="ds.dataFrameSort_expt_dgr_multiple_numeric_ascending" name="all_datasets" time="0.0040000000000191"/>
    <testcase classname="ds.dataFrameSort_expt_dgr_multiple_numeric_ascending" name="all_datasets" time="0.00199999999998113"/>
    <testcase classname="ds.dataFrameSort_expt_dgr_multiple_numeric_ascending" name="all_datasets" time="0.00300000000001432"/>
    <testcase classname="ds.dataFrameSort_expt_dgr_multiple_numeric_ascending" name="all_datasets" time="0.0029999999999859"/>
    <testcase classname="ds.dataFrameSort_expt_dgr_multiple_numeric_ascending" name="all_datasets" time="0.00300000000001432"/>
    <testcase classname="ds.dataFrameSort_expt_dgr_multiple_numeric_ascending" name="all_datasets" time="0.281999999999982"/>
    <testcase classname="ds.dataFrameSort_expt_dgr_multiple_numeric_ascending" name="all_datasets" time="0.00500000000002387"/>
    <testcase classname="ds.dataFrameSort_expt_dgr_multiple_numeric_ascending" name="all_datasets" time="0.00399999999999068"/>
  </testsuite>
  <testsuite errors="0" failures="0" hostname="fv-az14" name="ds.dataFrameSort::expt_dgr::single::numeric::ascending" skipped="0" tests="33" time="30.841" timestamp="2020-10-27T21:14:04Z">
    <testcase classname="ds.dataFrameSort_expt_dgr_single_numeric_ascending" name="dataset_1" time="6.59200000000001"/>
    <testcase classname="ds.dataFrameSort_expt_dgr_single_numeric_ascending" name="dataset_1" time="0.000999999999976353"/>
    <testcase classname="ds.dataFrameSort_expt_dgr_single_numeric_ascending" name="dataset_1" time="0.244"/>
    <testcase classname="ds.dataFrameSort_expt_dgr_single_numeric_ascending" name="dataset_1" time="2.15000000000001"/>
    <testcase classname="ds.dataFrameSort_expt_dgr_single_numeric_ascending" name="dataset_1" time="0.00100000000000477"/>
    <testcase classname="ds.dataFrameSort_expt_dgr_single_numeric_ascending" name="dataset_1" time="0.245000000000005"/>
    <testcase classname="ds.dataFrameSort_expt_dgr_single_numeric_ascending" name="dataset_1" time="2.161"/>
    <testcase classname="ds.dataFrameSort_expt_dgr_single_numeric_ascending" name="dataset_1" time="0.00100000000000477"/>
    <testcase classname="ds.dataFrameSort_expt_dgr_single_numeric_ascending" name="dataset_1" time="0.240999999999985"/>
    <testcase classname="ds.dataFrameSort_expt_dgr_single_numeric_ascending" name="dataset_1" time="2.14400000000001"/>
    <testcase classname="ds.dataFrameSort_expt_dgr_single_numeric_ascending" name="dataset_1" time="0.00200000000000955"/>
    <testcase classname="ds.dataFrameSort_expt_dgr_single_numeric_ascending" name="dataset_1" time="0.24199999999999"/>
    <testcase classname="ds.dataFrameSort_expt_dgr_single_numeric_ascending" name="dataset_1" time="2.143"/>
    <testcase classname="ds.dataFrameSort_expt_dgr_single_numeric_ascending" name="dataset_1" time="0.00200000000000955"/>
    <testcase classname="ds.dataFrameSort_expt_dgr_single_numeric_ascending" name="dataset_1" time="0.244999999999976"/>
    <testcase classname="ds.dataFrameSort_expt_dgr_single_numeric_ascending" name="dataset_1" time="2.16200000000001"/>
    <testcase classname="ds.dataFrameSort_expt_dgr_single_numeric_ascending" name="dataset_1" time="0.00200000000000955"/>
    <testcase classname="ds.dataFrameSort_expt_dgr_single_numeric_ascending" name="dataset_1" time="0.242999999999995"/>
    <testcase classname="ds.dataFrameSort_expt_dgr_single_numeric_ascending" name="dataset_1" time="2.16900000000001"/>
    <testcase classname="ds.dataFrameSort_expt_dgr_single_numeric_ascending" name="dataset_1" time="0.00199999999998113"/>
    <testcase classname="ds.dataFrameSort_expt_dgr_single_numeric_ascending" name="dataset_1" time="0.245000000000005"/>
    <testcase classname="ds.dataFrameSort_expt_dgr_single_numeric_ascending" name="dataset_1" time="2.154"/>
    <testcase classname="ds.dataFrameSort_expt_dgr_single_numeric_ascending" name="dataset_1" time="0.00200000000000955"/>
    <testcase classname="ds.dataFrameSort_expt_dgr_single_numeric_ascending" name="dataset_1" time="0.24799999999999"/>
    <testcase classname="ds.dataFrameSort_expt_dgr_single_numeric_ascending" name="dataset_1" time="2.15100000000001"/>
    <testcase classname="ds.dataFrameSort_expt_dgr_single_numeric_ascending" name="dataset_1" time="0.00200000000000955"/>
    <testcase classname="ds.dataFrameSort_expt_dgr_single_numeric_ascending" name="dataset_1" time="0.242999999999995"/>
    <testcase classname="ds.dataFrameSort_expt_dgr_single_numeric_ascending" name="dataset_1" time="2.166"/>
    <testcase classname="ds.dataFrameSort_expt_dgr_single_numeric_ascending" name="dataset_1" time="0.00199999999998113"/>
    <testcase classname="ds.dataFrameSort_expt_dgr_single_numeric_ascending" name="dataset_1" time="0.243000000000023"/>
    <testcase classname="ds.dataFrameSort_expt_dgr_single_numeric_ascending" name="dataset_1" time="2.14399999999998"/>
    <testcase classname="ds.dataFrameSort_expt_dgr_single_numeric_ascending" name="dataset_1" time="0.00200000000000955"/>
    <testcase classname="ds.dataFrameSort_expt_dgr_single_numeric_ascending" name="dataset_1" time="0.247000000000014"/>
  </testsuite>
  <testsuite errors="0" failures="0" hostname="fv-az14" name="ds.dataFrameSort::expt_dgr::multiple::numeric::descending" skipped="0" tests="99" time="42.015" timestamp="2020-10-27T21:14:35Z">
    <testcase classname="ds.dataFrameSort_expt_dgr_multiple_numeric_descending" name="all_datasets" time="9.95899999999997"/>
    <testcase classname="ds.dataFrameSort_expt_dgr_multiple_numeric_descending" name="all_datasets" time="0.00200000000000955"/>
    <testcase classname="ds.dataFrameSort_expt_dgr_multiple_numeric_descending" name="all_datasets" time="0.000999999999976353"/>
    <testcase classname="ds.dataFrameSort_expt_dgr_multiple_numeric_descending" name="all_datasets" time="0.00200000000000955"/>
    <testcase classname="ds.dataFrameSort_expt_dgr_multiple_numeric_descending" name="all_datasets" time="0.00200000000000955"/>
    <testcase classname="ds.dataFrameSort_expt_dgr_multiple_numeric_descending" name="all_datasets" time="0.0010000000000332"/>
    <testcase classname="ds.dataFrameSort_expt_dgr_multiple_numeric_descending" name="all_datasets" time="0.284999999999968"/>
    <testcase classname="ds.dataFrameSort_expt_dgr_multiple_numeric_descending" name="all_datasets" time="0.00200000000000955"/>
    <testcase classname="ds.dataFrameSort_expt_dgr_multiple_numeric_descending" name="all_datasets" time="0.000999999999976353"/>
    <testcase classname="ds.dataFrameSort_expt_dgr_multiple_numeric_descending" name="all_datasets" time="2.85500000000002"/>
    <testcase classname="ds.dataFrameSort_expt_dgr_multiple_numeric_descending" name="all_datasets" time="0.00200000000000955"/>
    <testcase classname="ds.dataFrameSort_expt_dgr_multiple_numeric_descending" name="all_datasets" time="0.00200000000000955"/>
    <testcase classname="ds.dataFrameSort_expt_dgr_multiple_numeric_descending" name="all_datasets" time="0.000999999999976353"/>
    <testcase classname="ds.dataFrameSort_expt_dgr_multiple_numeric_descending" name="all_datasets" time="0.00200000000000955"/>
    <testcase classname="ds.dataFrameSort_expt_dgr_multiple_numeric_descending" name="all_datasets" time="0.000999999999976353"/>
    <testcase classname="ds.dataFrameSort_expt_dgr_multiple_numeric_descending" name="all_datasets" time="0.274000000000001"/>
    <testcase classname="ds.dataFrameSort_expt_dgr_multiple_numeric_descending" name="all_datasets" time="0.00200000000000955"/>
    <testcase classname="ds.dataFrameSort_expt_dgr_multiple_numeric_descending" name="all_datasets" time="0.00200000000000955"/>
    <testcase classname="ds.dataFrameSort_expt_dgr_multiple_numeric_descending" name="all_datasets" time="2.86700000000002"/>
    <testcase classname="ds.dataFrameSort_expt_dgr_multiple_numeric_descending" name="all_datasets" time="0.00200000000000955"/>
    <testcase classname="ds.dataFrameSort_expt_dgr_multiple_numeric_descending" name="all_datasets" time="0.00199999999995271"/>
    <testcase classname="ds.dataFrameSort_expt_dgr_multiple_numeric_descending" name="all_datasets" time="0.00200000000000955"/>
    <testcase classname="ds.dataFrameSort_expt_dgr_multiple_numeric_descending" name="all_datasets" time="0.00200000000000955"/>
    <testcase classname="ds.dataFrameSort_expt_dgr_multiple_numeric_descending" name="all_datasets" time="0.00200000000000955"/>
    <testcase classname="ds.dataFrameSort_expt_dgr_multiple_numeric_descending" name="all_datasets" time="0.279999999999973"/>
    <testcase classname="ds.dataFrameSort_expt_dgr_multiple_numeric_descending" name="all_datasets" time="0.00200000000000955"/>
    <testcase classname="ds.dataFrameSort_expt_dgr_multiple_numeric_descending" name="all_datasets" time="0.0029999999999859"/>
    <testcase classname="ds.dataFrameSort_expt_dgr_multiple_numeric_descending" name="all_datasets" time="2.88400000000001"/>
    <testcase classname="ds.dataFrameSort_expt_dgr_multiple_numeric_descending" name="all_datasets" time="0.0029999999999859"/>
    <testcase classname="ds.dataFrameSort_expt_dgr_multiple_numeric_descending" name="all_datasets" time="0.00200000000000955"/>
    <testcase classname="ds.dataFrameSort_expt_dgr_multiple_numeric_descending" name="all_datasets" time="0.00200000000000955"/>
    <testcase classname="ds.dataFrameSort_expt_dgr_multiple_numeric_descending" name="all_datasets" time="0.00200000000000955"/>
    <testcase classname="ds.dataFrameSort_expt_dgr_multiple_numeric_descending" name="all_datasets" time="0.00200000000000955"/>
    <testcase classname="ds.dataFrameSort_expt_dgr_multiple_numeric_descending" name="all_datasets" time="0.274000000000001"/>
    <testcase classname="ds.dataFrameSort_expt_dgr_multiple_numeric_descending" name="all_datasets" time="0.00200000000000955"/>
    <testcase classname="ds.dataFrameSort_expt_dgr_multiple_numeric_descending" name="all_datasets" time="0.00199999999995271"/>
    <testcase classname="ds.dataFrameSort_expt_dgr_multiple_numeric_descending" name="all_datasets" time="2.86200000000002"/>
    <testcase classname="ds.dataFrameSort_expt_dgr_multiple_numeric_descending" name="all_datasets" time="0.00200000000000955"/>
    <testcase classname="ds.dataFrameSort_expt_dgr_multiple_numeric_descending" name="all_datasets" time="0.00200000000000955"/>
    <testcase classname="ds.dataFrameSort_expt_dgr_multiple_numeric_descending" name="all_datasets" time="0.00199999999995271"/>
    <testcase classname="ds.dataFrameSort_expt_dgr_multiple_numeric_descending" name="all_datasets" time="0.00200000000000955"/>
    <testcase classname="ds.dataFrameSort_expt_dgr_multiple_numeric_descending" name="all_datasets" time="0.00200000000000955"/>
    <testcase classname="ds.dataFrameSort_expt_dgr_multiple_numeric_descending" name="all_datasets" time="0.278999999999996"/>
    <testcase classname="ds.dataFrameSort_expt_dgr_multiple_numeric_descending" name="all_datasets" time="0.0029999999999859"/>
    <testcase classname="ds.dataFrameSort_expt_dgr_multiple_numeric_descending" name="all_datasets" time="0.00200000000000955"/>
    <testcase classname="ds.dataFrameSort_expt_dgr_multiple_numeric_descending" name="all_datasets" time="2.86799999999999"/>
    <testcase classname="ds.dataFrameSort_expt_dgr_multiple_numeric_descending" name="all_datasets" time="0.00200000000000955"/>
    <testcase classname="ds.dataFrameSort_expt_dgr_multiple_numeric_descending" name="all_datasets" time="0.0029999999999859"/>
    <testcase classname="ds.dataFrameSort_expt_dgr_multiple_numeric_descending" name="all_datasets" time="0.00300000000004275"/>
    <testcase classname="ds.dataFrameSort_expt_dgr_multiple_numeric_descending" name="all_datasets" time="0.00200000000000955"/>
    <testcase classname="ds.dataFrameSort_expt_dgr_multiple_numeric_descending" name="all_datasets" time="0.0029999999999859"/>
    <testcase classname="ds.dataFrameSort_expt_dgr_multiple_numeric_descending" name="all_datasets" time="0.283999999999992"/>
    <testcase classname="ds.dataFrameSort_expt_dgr_multiple_numeric_descending" name="all_datasets" time="0.0029999999999859"/>
    <testcase classname="ds.dataFrameSort_expt_dgr_multiple_numeric_descending" name="all_datasets" time="0.00200000000000955"/>
    <testcase classname="ds.dataFrameSort_expt_dgr_multiple_numeric_descending" name="all_datasets" time="2.87400000000002"/>
    <testcase classname="ds.dataFrameSort_expt_dgr_multiple_numeric_descending" name="all_datasets" time="0.00199999999995271"/>
    <testcase classname="ds.dataFrameSort_expt_dgr_multiple_numeric_descending" name="all_datasets" time="0.00300000000004275"/>
    <testcase classname="ds.dataFrameSort_expt_dgr_multiple_numeric_descending" name="all_datasets" time="0.00199999999995271"/>
    <testcase classname="ds.dataFrameSort_expt_dgr_multiple_numeric_descending" name="all_datasets" time="0.00300000000004275"/>
    <testcase classname="ds.dataFrameSort_expt_dgr_multiple_numeric_descending" name="all_datasets" time="0.00200000000000955"/>
    <testcase classname="ds.dataFrameSort_expt_dgr_multiple_numeric_descending" name="all_datasets" time="0.278999999999996"/>
    <testcase classname="ds.dataFrameSort_expt_dgr_multiple_numeric_descending" name="all_datasets" time="0.0029999999999859"/>
    <testcase classname="ds.dataFrameSort_expt_dgr_multiple_numeric_descending" name="all_datasets" time="0.0029999999999859"/>
    <testcase classname="ds.dataFrameSort_expt_dgr_multiple_numeric_descending" name="all_datasets" time="2.88900000000001"/>
    <testcase classname="ds.dataFrameSort_expt_dgr_multiple_numeric_descending" name="all_datasets" time="0.00999999999999091"/>
    <testcase classname="ds.dataFrameSort_expt_dgr_multiple_numeric_descending" name="all_datasets" time="0.0029999999999859"/>
    <testcase classname="ds.dataFrameSort_expt_dgr_multiple_numeric_descending" name="all_datasets" time="0.00200000000000955"/>
    <testcase classname="ds.dataFrameSort_expt_dgr_multiple_numeric_descending" name="all_datasets" time="0.0029999999999859"/>
    <testcase classname="ds.dataFrameSort_expt_dgr_multiple_numeric_descending" name="all_datasets" time="0.00200000000000955"/>
    <testcase classname="ds.dataFrameSort_expt_dgr_multiple_numeric_descending" name="all_datasets" time="0.286000000000001"/>
    <testcase classname="ds.dataFrameSort_expt_dgr_multiple_numeric_descending" name="all_datasets" time="0.0040000000000191"/>
    <testcase classname="ds.dataFrameSort_expt_dgr_multiple_numeric_descending" name="all_datasets" time="0.0029999999999859"/>
    <testcase classname="ds.dataFrameSort_expt_dgr_multiple_numeric_descending" name="all_datasets" time="2.88299999999998"/>
    <testcase classname="ds.dataFrameSort_expt_dgr_multiple_numeric_descending" name="all_datasets" time="0.00300000000004275"/>
    <testcase classname="ds.dataFrameSort_expt_dgr_multiple_numeric_descending" name="all_datasets" time="0.0029999999999859"/>
    <testcase classname="ds.dataFrameSort_expt_dgr_multiple_numeric_descending" name="all_datasets" time="0.00999999999999091"/>
    <testcase classname="ds.dataFrameSort_expt_dgr_multiple_numeric_descending" name="all_datasets" time="0.0029999999999859"/>
    <testcase classname="ds.dataFrameSort_expt_dgr_multiple_numeric_descending" name="all_datasets" time="0.00300000000004275"/>
    <testcase classname="ds.dataFrameSort_expt_dgr_multiple_numeric_descending" name="all_datasets" time="0.281999999999982"/>
    <testcase classname="ds.dataFrameSort_expt_dgr_multiple_numeric_descending" name="all_datasets" time="0.0029999999999859"/>
    <testcase classname="ds.dataFrameSort_expt_dgr_multiple_numeric_descending" name="all_datasets" time="0.0029999999999859"/>
    <testcase classname="ds.dataFrameSort_expt_dgr_multiple_numeric_descending" name="all_datasets" time="2.89000000000004"/>
    <testcase classname="ds.dataFrameSort_expt_dgr_multiple_numeric_descending" name="all_datasets" time="0.0029999999999859"/>
    <testcase classname="ds.dataFrameSort_expt_dgr_multiple_numeric_descending" name="all_datasets" time="0.0029999999999859"/>
    <testcase classname="ds.dataFrameSort_expt_dgr_multiple_numeric_descending" name="all_datasets" time="0.0110000000000241"/>
    <testcase classname="ds.dataFrameSort_expt_dgr_multiple_numeric_descending" name="all_datasets" time="0.00200000000000955"/>
    <testcase classname="ds.dataFrameSort_expt_dgr_multiple_numeric_descending" name="all_datasets" time="0.0029999999999859"/>
    <testcase classname="ds.dataFrameSort_expt_dgr_multiple_numeric_descending" name="all_datasets" time="0.279999999999973"/>
    <testcase classname="ds.dataFrameSort_expt_dgr_multiple_numeric_descending" name="all_datasets" time="0.00300000000004275"/>
    <testcase classname="ds.dataFrameSort_expt_dgr_multiple_numeric_descending" name="all_datasets" time="0.00399999999996226"/>
    <testcase classname="ds.dataFrameSort_expt_dgr_multiple_numeric_descending" name="all_datasets" time="2.87600000000003"/>
    <testcase classname="ds.dataFrameSort_expt_dgr_multiple_numeric_descending" name="all_datasets" time="0.00399999999996226"/>
    <testcase classname="ds.dataFrameSort_expt_dgr_multiple_numeric_descending" name="all_datasets" time="0.00300000000004275"/>
    <testcase classname="ds.dataFrameSort_expt_dgr_multiple_numeric_descending" name="all_datasets" time="0.0109999999999673"/>
    <testcase classname="ds.dataFrameSort_expt_dgr_multiple_numeric_descending" name="all_datasets" time="0.0040000000000191"/>
    <testcase classname="ds.dataFrameSort_expt_dgr_multiple_numeric_descending" name="all_datasets" time="0.0029999999999859"/>
    <testcase classname="ds.dataFrameSort_expt_dgr_multiple_numeric_descending" name="all_datasets" time="0.285000000000025"/>
    <testcase classname="ds.dataFrameSort_expt_dgr_multiple_numeric_descending" name="all_datasets" time="0.00399999999996226"/>
    <testcase classname="ds.dataFrameSort_expt_dgr_multiple_numeric_descending" name="all_datasets" time="0.00300000000004275"/>
  </testsuite>
  <testsuite errors="0" failures="0" hostname="fv-az14" name="ds.dataFrameSort::expt_dgr::single::numeric::descending" skipped="0" tests="33" time="30.92" timestamp="2020-10-27T21:15:17Z">
    <testcase classname="ds.dataFrameSort_expt_dgr_single_numeric_descending" name="dataset_1" time="6.65999999999997"/>
    <testcase classname="ds.dataFrameSort_expt_dgr_single_numeric_descending" name="dataset_1" time="0.000999999999976353"/>
    <testcase classname="ds.dataFrameSort_expt_dgr_single_numeric_descending" name="dataset_1" time="0.243000000000052"/>
    <testcase classname="ds.dataFrameSort_expt_dgr_single_numeric_descending" name="dataset_1" time="2.14999999999998"/>
    <testcase classname="ds.dataFrameSort_expt_dgr_single_numeric_descending" name="dataset_1" time="0.00200000000000955"/>
    <testcase classname="ds.dataFrameSort_expt_dgr_single_numeric_descending" name="dataset_1" time="0.245000000000005"/>
    <testcase classname="ds.dataFrameSort_expt_dgr_single_numeric_descending" name="dataset_1" time="2.173"/>
    <testcase classname="ds.dataFrameSort_expt_dgr_single_numeric_descending" name="dataset_1" time="0.00200000000000955"/>
    <testcase classname="ds.dataFrameSort_expt_dgr_single_numeric_descending" name="dataset_1" time="0.245999999999981"/>
    <testcase classname="ds.dataFrameSort_expt_dgr_single_numeric_descending" name="dataset_1" time="2.142"/>
    <testcase classname="ds.dataFrameSort_expt_dgr_single_numeric_descending" name="dataset_1" time="0.000999999999976353"/>
    <testcase classname="ds.dataFrameSort_expt_dgr_single_numeric_descending" name="dataset_1" time="0.241999999999962"/>
    <testcase classname="ds.dataFrameSort_expt_dgr_single_numeric_descending" name="dataset_1" time="2.15000000000003"/>
    <testcase classname="ds.dataFrameSort_expt_dgr_single_numeric_descending" name="dataset_1" time="0.00200000000000955"/>
    <testcase classname="ds.dataFrameSort_expt_dgr_single_numeric_descending" name="dataset_1" time="0.24799999999999"/>
    <testcase classname="ds.dataFrameSort_expt_dgr_single_numeric_descending" name="dataset_1" time="2.15199999999999"/>
    <testcase classname="ds.dataFrameSort_expt_dgr_single_numeric_descending" name="dataset_1" time="0.00200000000000955"/>
    <testcase classname="ds.dataFrameSort_expt_dgr_single_numeric_descending" name="dataset_1" time="0.245000000000005"/>
    <testcase classname="ds.dataFrameSort_expt_dgr_single_numeric_descending" name="dataset_1" time="2.15100000000001"/>
    <testcase classname="ds.dataFrameSort_expt_dgr_single_numeric_descending" name="dataset_1" time="0.00199999999995271"/>
    <testcase classname="ds.dataFrameSort_expt_dgr_single_numeric_descending" name="dataset_1" time="0.243000000000052"/>
    <testcase classname="ds.dataFrameSort_expt_dgr_single_numeric_descending" name="dataset_1" time="2.14299999999997"/>
    <testcase classname="ds.dataFrameSort_expt_dgr_single_numeric_descending" name="dataset_1" time="0.00200000000000955"/>
    <testcase classname="ds.dataFrameSort_expt_dgr_single_numeric_descending" name="dataset_1" time="0.242999999999995"/>
    <testcase classname="ds.dataFrameSort_expt_dgr_single_numeric_descending" name="dataset_1" time="2.16800000000001"/>
    <testcase classname="ds.dataFrameSort_expt_dgr_single_numeric_descending" name="dataset_1" time="0.00200000000000955"/>
    <testcase classname="ds.dataFrameSort_expt_dgr_single_numeric_descending" name="dataset_1" time="0.25"/>
    <testcase classname="ds.dataFrameSort_expt_dgr_single_numeric_descending" name="dataset_1" time="2.15899999999999"/>
    <testcase classname="ds.dataFrameSort_expt_dgr_single_numeric_descending" name="dataset_1" time="0.00200000000000955"/>
    <testcase classname="ds.dataFrameSort_expt_dgr_single_numeric_descending" name="dataset_1" time="0.245999999999981"/>
    <testcase classname="ds.dataFrameSort_expt_dgr_single_numeric_descending" name="dataset_1" time="2.15600000000001"/>
    <testcase classname="ds.dataFrameSort_expt_dgr_single_numeric_descending" name="dataset_1" time="0.00200000000000955"/>
    <testcase classname="ds.dataFrameSort_expt_dgr_single_numeric_descending" name="dataset_1" time="0.245000000000005"/>
  </testsuite>
  <testsuite errors="0" failures="0" hostname="fv-az14" name="ds.dataFrameSort::expt_dgr::multiple::alphabetic::ascending" skipped="1" tests="1" time="0.006" timestamp="2020-10-27T21:15:48Z">
    <testcase classname="ds.dataFrameSort_expt_dgr_multiple_alphabetic_ascending" name="all_datasets" time="0.00599999999997181">
      <skipped/>
    </testcase>
  </testsuite>
  <testsuite errors="0" failures="0" hostname="fv-az14" name="ds.dataFrameSort::expt_dgr::single::alphabetic::ascending" skipped="1" tests="1" time="0.016" timestamp="2020-10-27T21:15:48Z">
    <testcase classname="ds.dataFrameSort_expt_dgr_single_alphabetic_ascending" name="dataset_2" time="0.0160000000000196">
      <skipped/>
    </testcase>
  </testsuite>
  <testsuite errors="0" failures="0" hostname="fv-az14" name="ds.dataFrameSort::expt_dgr::multiple::alphabetic::descending" skipped="1" tests="1" time="0.007" timestamp="2020-10-27T21:15:48Z">
    <testcase classname="ds.dataFrameSort_expt_dgr_multiple_alphabetic_descending" name="all_datasets" time="0.007000000000005">
      <skipped/>
    </testcase>
  </testsuite>
  <testsuite errors="0" failures="0" hostname="fv-az14" name="ds.dataFrameSort::expt_dgr::single::alphabetic::descending" skipped="1" tests="1" time="0.006" timestamp="2020-10-27T21:15:48Z">
    <testcase classname="ds.dataFrameSort_expt_dgr_single_alphabetic_descending" name="dataset_3" time="0.00599999999997181">
      <skipped/>
    </testcase>
  </testsuite>
  <testsuite errors="0" failures="0" hostname="fv-az14" name="ds.dataFrameSort::expt_dgr::shutdown" skipped="0" tests="0" time="0" timestamp="2020-10-27T21:15:48Z"/>
  <testsuite errors="0" failures="0" hostname="fv-az14" name="ds.dataFrameSort::expt_dgr::done" skipped="0" tests="0" time="0" timestamp="2020-10-27T21:15:48Z"/>
  <testsuite errors="0" failures="0" hostname="fv-az14" name="ds.dataFrameSubset::expt_dgr::setup" skipped="0" tests="0" time="0" timestamp="2020-10-27T21:15:48Z"/>
  <testsuite errors="0" failures="0" hostname="fv-az14" name="ds.dataFrameSubset::expt_dgr::multiple::parameter_class" skipped="0" tests="24" time="28.701" timestamp="2020-10-27T21:15:48Z">
    <testcase classname="ds.dataFrameSubset_expt_dgr_multiple_parameter_class" name="all_datasets" time="12.642"/>
    <testcase classname="ds.dataFrameSubset_expt_dgr_multiple_parameter_class" name="all_datasets" time="0.412000000000035"/>
    <testcase classname="ds.dataFrameSubset_expt_dgr_multiple_parameter_class" name="all_datasets" time="0.270999999999958"/>
    <testcase classname="ds.dataFrameSubset_expt_dgr_multiple_parameter_class" name="all_datasets" time="0.274000000000001"/>
    <testcase classname="ds.dataFrameSubset_expt_dgr_multiple_parameter_class" name="all_datasets" time="1.10500000000002"/>
    <testcase classname="ds.dataFrameSubset_expt_dgr_multiple_parameter_class" name="all_datasets" time="0.0010000000000332"/>
    <testcase classname="ds.dataFrameSubset_expt_dgr_multiple_parameter_class" name="all_datasets" time="0.00199999999995271"/>
    <testcase classname="ds.dataFrameSubset_expt_dgr_multiple_parameter_class" name="all_datasets" time="0.822000000000003"/>
    <testcase classname="ds.dataFrameSubset_expt_dgr_multiple_parameter_class" name="all_datasets" time="2.34899999999999"/>
    <testcase classname="ds.dataFrameSubset_expt_dgr_multiple_parameter_class" name="all_datasets" time="0.00200000000000955"/>
    <testcase classname="ds.dataFrameSubset_expt_dgr_multiple_parameter_class" name="all_datasets" time="0.00200000000000955"/>
    <testcase classname="ds.dataFrameSubset_expt_dgr_multiple_parameter_class" name="all_datasets" time="3.565"/>
    <testcase classname="ds.dataFrameSubset_expt_dgr_multiple_parameter_class" name="all_datasets" time="0.0010000000000332"/>
    <testcase classname="ds.dataFrameSubset_expt_dgr_multiple_parameter_class" name="all_datasets" time="0.00199999999995271"/>
    <testcase classname="ds.dataFrameSubset_expt_dgr_multiple_parameter_class" name="all_datasets" time="3.56800000000004"/>
    <testcase classname="ds.dataFrameSubset_expt_dgr_multiple_parameter_class" name="all_datasets" time="0.00200000000000955"/>
    <testcase classname="ds.dataFrameSubset_expt_dgr_multiple_parameter_class" name="all_datasets" time="0.00199999999995271"/>
    <testcase classname="ds.dataFrameSubset_expt_dgr_multiple_parameter_class" name="all_datasets" time="1.49299999999999"/>
    <testcase classname="ds.dataFrameSubset_expt_dgr_multiple_parameter_class" name="all_datasets" time="1.09200000000004"/>
    <testcase classname="ds.dataFrameSubset_expt_dgr_multiple_parameter_class" name="all_datasets" time="0.00200000000000955"/>
    <testcase classname="ds.dataFrameSubset_expt_dgr_multiple_parameter_class" name="all_datasets" time="0.000999999999976353"/>
    <testcase classname="ds.dataFrameSubset_expt_dgr_multiple_parameter_class" name="all_datasets" time="1.08699999999999"/>
    <testcase classname="ds.dataFrameSubset_expt_dgr_multiple_parameter_class" name="all_datasets" time="0.00200000000000955"/>
    <testcase classname="ds.dataFrameSubset_expt_dgr_multiple_parameter_class" name="all_datasets" time="0.00200000000000955"/>
  </testsuite>
  <testsuite errors="0" failures="0" hostname="fv-az14" name="ds.dataFrameSubset::expt_dgr::single::parameter_class" skipped="0" tests="10" time="12.38" timestamp="2020-10-27T21:16:17Z">
    <testcase classname="ds.dataFrameSubset_expt_dgr_single_parameter_class" name="dataset_1" time="5.40100000000001"/>
    <testcase classname="ds.dataFrameSubset_expt_dgr_single_parameter_class" name="dataset_1" time="0.240000000000009"/>
    <testcase classname="ds.dataFrameSubset_expt_dgr_single_parameter_class" name="dataset_1" time="0.239999999999952"/>
    <testcase classname="ds.dataFrameSubset_expt_dgr_single_parameter_class" name="dataset_1" time="0.249000000000024"/>
    <testcase classname="ds.dataFrameSubset_expt_dgr_single_parameter_class" name="dataset_1" time="0.968000000000018"/>
    <testcase classname="ds.dataFrameSubset_expt_dgr_single_parameter_class" name="dataset_1" time="0.733000000000004"/>
    <testcase classname="ds.dataFrameSubset_expt_dgr_single_parameter_class" name="dataset_1" time="1.67599999999999"/>
    <testcase classname="ds.dataFrameSubset_expt_dgr_single_parameter_class" name="dataset_1" time="0.949999999999989"/>
    <testcase classname="ds.dataFrameSubset_expt_dgr_single_parameter_class" name="dataset_1" time="0.956000000000017"/>
    <testcase classname="ds.dataFrameSubset_expt_dgr_single_parameter_class" name="dataset_1" time="0.966999999999985"/>
  </testsuite>
  <testsuite errors="0" failures="0" hostname="fv-az14" name="ds.dataFrameSubset::expt_dgr::multiple::all_columns" skipped="0" tests="48" time="31.358" timestamp="2020-10-27T21:16:29Z">
    <testcase classname="ds.dataFrameSubset_expt_dgr_multiple_all_columns" name="all_datasets" time="9.31099999999998"/>
    <testcase classname="ds.dataFrameSubset_expt_dgr_multiple_all_columns" name="all_datasets" time="0.00200000000000955"/>
    <testcase classname="ds.dataFrameSubset_expt_dgr_multiple_all_columns" name="all_datasets" time="0.0010000000000332"/>
    <testcase classname="ds.dataFrameSubset_expt_dgr_multiple_all_columns" name="all_datasets" time="0.000999999999976353"/>
    <testcase classname="ds.dataFrameSubset_expt_dgr_multiple_all_columns" name="all_datasets" time="0.00200000000000955"/>
    <testcase classname="ds.dataFrameSubset_expt_dgr_multiple_all_columns" name="all_datasets" time="0.000999999999976353"/>
    <testcase classname="ds.dataFrameSubset_expt_dgr_multiple_all_columns" name="all_datasets" time="0.00200000000000955"/>
    <testcase classname="ds.dataFrameSubset_expt_dgr_multiple_all_columns" name="all_datasets" time="0.000999999999976353"/>
    <testcase classname="ds.dataFrameSubset_expt_dgr_multiple_all_columns" name="all_datasets" time="4.37800000000004"/>
    <testcase classname="ds.dataFrameSubset_expt_dgr_multiple_all_columns" name="all_datasets" time="0.00200000000000955"/>
    <testcase classname="ds.dataFrameSubset_expt_dgr_multiple_all_columns" name="all_datasets" time="0.00199999999995271"/>
    <testcase classname="ds.dataFrameSubset_expt_dgr_multiple_all_columns" name="all_datasets" time="0.0010000000000332"/>
    <testcase classname="ds.dataFrameSubset_expt_dgr_multiple_all_columns" name="all_datasets" time="0.00200000000000955"/>
    <testcase classname="ds.dataFrameSubset_expt_dgr_multiple_all_columns" name="all_datasets" time="0.000999999999976353"/>
    <testcase classname="ds.dataFrameSubset_expt_dgr_multiple_all_columns" name="all_datasets" time="0.00200000000000955"/>
    <testcase classname="ds.dataFrameSubset_expt_dgr_multiple_all_columns" name="all_datasets" time="0.00200000000000955"/>
    <testcase classname="ds.dataFrameSubset_expt_dgr_multiple_all_columns" name="all_datasets" time="4.399"/>
    <testcase classname="ds.dataFrameSubset_expt_dgr_multiple_all_columns" name="all_datasets" time="0.00200000000000955"/>
    <testcase classname="ds.dataFrameSubset_expt_dgr_multiple_all_columns" name="all_datasets" time="0.00199999999995271"/>
    <testcase classname="ds.dataFrameSubset_expt_dgr_multiple_all_columns" name="all_datasets" time="0.0010000000000332"/>
    <testcase classname="ds.dataFrameSubset_expt_dgr_multiple_all_columns" name="all_datasets" time="0.00200000000000955"/>
    <testcase classname="ds.dataFrameSubset_expt_dgr_multiple_all_columns" name="all_datasets" time="0.00199999999995271"/>
    <testcase classname="ds.dataFrameSubset_expt_dgr_multiple_all_columns" name="all_datasets" time="0.0010000000000332"/>
    <testcase classname="ds.dataFrameSubset_expt_dgr_multiple_all_columns" name="all_datasets" time="0.00200000000000955"/>
    <testcase classname="ds.dataFrameSubset_expt_dgr_multiple_all_columns" name="all_datasets" time="4.40100000000001"/>
    <testcase classname="ds.dataFrameSubset_expt_dgr_multiple_all_columns" name="all_datasets" time="0.00199999999995271"/>
    <testcase classname="ds.dataFrameSubset_expt_dgr_multiple_all_columns" name="all_datasets" time="0.00200000000000955"/>
    <testcase classname="ds.dataFrameSubset_expt_dgr_multiple_all_columns" name="all_datasets" time="0.00200000000000955"/>
    <testcase classname="ds.dataFrameSubset_expt_dgr_multiple_all_columns" name="all_datasets" time="0.00200000000000955"/>
    <testcase classname="ds.dataFrameSubset_expt_dgr_multiple_all_columns" name="all_datasets" time="0.000999999999976353"/>
    <testcase classname="ds.dataFrameSubset_expt_dgr_multiple_all_columns" name="all_datasets" time="0.00200000000000955"/>
    <testcase classname="ds.dataFrameSubset_expt_dgr_multiple_all_columns" name="all_datasets" time="0.00200000000000955"/>
    <testcase classname="ds.dataFrameSubset_expt_dgr_multiple_all_columns" name="all_datasets" time="4.411"/>
    <testcase classname="ds.dataFrameSubset_expt_dgr_multiple_all_columns" name="all_datasets" time="0.0029999999999859"/>
    <testcase classname="ds.dataFrameSubset_expt_dgr_multiple_all_columns" name="all_datasets" time="0.00200000000000955"/>
    <testcase classname="ds.dataFrameSubset_expt_dgr_multiple_all_columns" name="all_datasets" time="0.00200000000000955"/>
    <testcase classname="ds.dataFrameSubset_expt_dgr_multiple_all_columns" name="all_datasets" time="0.00200000000000955"/>
    <testcase classname="ds.dataFrameSubset_expt_dgr_multiple_all_columns" name="all_datasets" time="0.00199999999995271"/>
    <testcase classname="ds.dataFrameSubset_expt_dgr_multiple_all_columns" name="all_datasets" time="0.00200000000000955"/>
    <testcase classname="ds.dataFrameSubset_expt_dgr_multiple_all_columns" name="all_datasets" time="0.00200000000000955"/>
    <testcase classname="ds.dataFrameSubset_expt_dgr_multiple_all_columns" name="all_datasets" time="4.38"/>
    <testcase classname="ds.dataFrameSubset_expt_dgr_multiple_all_columns" name="all_datasets" time="0.0029999999999859"/>
    <testcase classname="ds.dataFrameSubset_expt_dgr_multiple_all_columns" name="all_datasets" time="0.00200000000000955"/>
    <testcase classname="ds.dataFrameSubset_expt_dgr_multiple_all_columns" name="all_datasets" time="0.00200000000000955"/>
    <testcase classname="ds.dataFrameSubset_expt_dgr_multiple_all_columns" name="all_datasets" time="0.00200000000000955"/>
    <testcase classname="ds.dataFrameSubset_expt_dgr_multiple_all_columns" name="all_datasets" time="0.00200000000000955"/>
    <testcase classname="ds.dataFrameSubset_expt_dgr_multiple_all_columns" name="all_datasets" time="0.0029999999999859"/>
    <testcase classname="ds.dataFrameSubset_expt_dgr_multiple_all_columns" name="all_datasets" time="0.00200000000000955"/>
  </testsuite>
  <testsuite errors="0" failures="0" hostname="fv-az14" name="ds.dataFrameSubset::expt_dgr::single::all_columns" skipped="0" tests="24" time="22.384" timestamp="2020-10-27T21:17:00Z">
    <testcase classname="ds.dataFrameSubset_expt_dgr_single_all_columns" name="dataset_2" time="6.839"/>
    <testcase classname="ds.dataFrameSubset_expt_dgr_single_all_columns" name="dataset_2" time="0.00200000000000955"/>
    <testcase classname="ds.dataFrameSubset_expt_dgr_single_all_columns" name="dataset_2" time="0.000999999999976353"/>
    <testcase classname="ds.dataFrameSubset_expt_dgr_single_all_columns" name="dataset_2" time="0.00200000000000955"/>
    <testcase classname="ds.dataFrameSubset_expt_dgr_single_all_columns" name="dataset_2" time="3.11200000000002"/>
    <testcase classname="ds.dataFrameSubset_expt_dgr_single_all_columns" name="dataset_2" time="0.000999999999976353"/>
    <testcase classname="ds.dataFrameSubset_expt_dgr_single_all_columns" name="dataset_2" time="0.00200000000000955"/>
    <testcase classname="ds.dataFrameSubset_expt_dgr_single_all_columns" name="dataset_2" time="0.000999999999976353"/>
    <testcase classname="ds.dataFrameSubset_expt_dgr_single_all_columns" name="dataset_2" time="3.108"/>
    <testcase classname="ds.dataFrameSubset_expt_dgr_single_all_columns" name="dataset_2" time="0.00200000000000955"/>
    <testcase classname="ds.dataFrameSubset_expt_dgr_single_all_columns" name="dataset_2" time="0.000999999999976353"/>
    <testcase classname="ds.dataFrameSubset_expt_dgr_single_all_columns" name="dataset_2" time="0.00200000000000955"/>
    <testcase classname="ds.dataFrameSubset_expt_dgr_single_all_columns" name="dataset_2" time="3.09699999999998"/>
    <testcase classname="ds.dataFrameSubset_expt_dgr_single_all_columns" name="dataset_2" time="0.000999999999976353"/>
    <testcase classname="ds.dataFrameSubset_expt_dgr_single_all_columns" name="dataset_2" time="0.00200000000000955"/>
    <testcase classname="ds.dataFrameSubset_expt_dgr_single_all_columns" name="dataset_2" time="0.00200000000000955"/>
    <testcase classname="ds.dataFrameSubset_expt_dgr_single_all_columns" name="dataset_2" time="3.11500000000001"/>
    <testcase classname="ds.dataFrameSubset_expt_dgr_single_all_columns" name="dataset_2" time="0.000999999999976353"/>
    <testcase classname="ds.dataFrameSubset_expt_dgr_single_all_columns" name="dataset_2" time="0.00200000000000955"/>
    <testcase classname="ds.dataFrameSubset_expt_dgr_single_all_columns" name="dataset_2" time="0.00200000000000955"/>
    <testcase classname="ds.dataFrameSubset_expt_dgr_single_all_columns" name="dataset_2" time="3.08300000000003"/>
    <testcase classname="ds.dataFrameSubset_expt_dgr_single_all_columns" name="dataset_2" time="0.00199999999995271"/>
    <testcase classname="ds.dataFrameSubset_expt_dgr_single_all_columns" name="dataset_2" time="0.00200000000000955"/>
    <testcase classname="ds.dataFrameSubset_expt_dgr_single_all_columns" name="dataset_2" time="0.00200000000000955"/>
  </testsuite>
  <testsuite errors="0" failures="0" hostname="fv-az14" name="ds.dataFrameSubset::expt_dgr::multiple::all_columns::subset_by_rows" skipped="0" tests="40" time="76.907" timestamp="2020-10-27T21:17:23Z">
    <testcase classname="ds.dataFrameSubset_expt_dgr_multiple_all_columns_subset_by_rows" name="all_datasets" time="10.071"/>
    <testcase classname="ds.dataFrameSubset_expt_dgr_multiple_all_columns_subset_by_rows" name="all_datasets" time="0.269999999999982"/>
    <testcase classname="ds.dataFrameSubset_expt_dgr_multiple_all_columns_subset_by_rows" name="all_datasets" time="0.271000000000015"/>
    <testcase classname="ds.dataFrameSubset_expt_dgr_multiple_all_columns_subset_by_rows" name="all_datasets" time="1.50599999999997"/>
    <testcase classname="ds.dataFrameSubset_expt_dgr_multiple_all_columns_subset_by_rows" name="all_datasets" time="5.05400000000003"/>
    <testcase classname="ds.dataFrameSubset_expt_dgr_multiple_all_columns_subset_by_rows" name="all_datasets" time="0.274000000000001"/>
    <testcase classname="ds.dataFrameSubset_expt_dgr_multiple_all_columns_subset_by_rows" name="all_datasets" time="0.272999999999968"/>
    <testcase classname="ds.dataFrameSubset_expt_dgr_multiple_all_columns_subset_by_rows" name="all_datasets" time="1.74200000000002"/>
    <testcase classname="ds.dataFrameSubset_expt_dgr_multiple_all_columns_subset_by_rows" name="all_datasets" time="5.08699999999999"/>
    <testcase classname="ds.dataFrameSubset_expt_dgr_multiple_all_columns_subset_by_rows" name="all_datasets" time="0.274000000000001"/>
    <testcase classname="ds.dataFrameSubset_expt_dgr_multiple_all_columns_subset_by_rows" name="all_datasets" time="0.273000000000025"/>
    <testcase classname="ds.dataFrameSubset_expt_dgr_multiple_all_columns_subset_by_rows" name="all_datasets" time="1.524"/>
    <testcase classname="ds.dataFrameSubset_expt_dgr_multiple_all_columns_subset_by_rows" name="all_datasets" time="5.34299999999996"/>
    <testcase classname="ds.dataFrameSubset_expt_dgr_multiple_all_columns_subset_by_rows" name="all_datasets" time="0.273000000000025"/>
    <testcase classname="ds.dataFrameSubset_expt_dgr_multiple_all_columns_subset_by_rows" name="all_datasets" time="0.276999999999987"/>
    <testcase classname="ds.dataFrameSubset_expt_dgr_multiple_all_columns_subset_by_rows" name="all_datasets" time="1.53100000000001"/>
    <testcase classname="ds.dataFrameSubset_expt_dgr_multiple_all_columns_subset_by_rows" name="all_datasets" time="5.05399999999997"/>
    <testcase classname="ds.dataFrameSubset_expt_dgr_multiple_all_columns_subset_by_rows" name="all_datasets" time="0.273000000000025"/>
    <testcase classname="ds.dataFrameSubset_expt_dgr_multiple_all_columns_subset_by_rows" name="all_datasets" time="0.274999999999977"/>
    <testcase classname="ds.dataFrameSubset_expt_dgr_multiple_all_columns_subset_by_rows" name="all_datasets" time="1.51600000000002"/>
    <testcase classname="ds.dataFrameSubset_expt_dgr_multiple_all_columns_subset_by_rows" name="all_datasets" time="5.06400000000002"/>
    <testcase classname="ds.dataFrameSubset_expt_dgr_multiple_all_columns_subset_by_rows" name="all_datasets" time="0.277999999999963"/>
    <testcase classname="ds.dataFrameSubset_expt_dgr_multiple_all_columns_subset_by_rows" name="all_datasets" time="0.27800000000002"/>
    <testcase classname="ds.dataFrameSubset_expt_dgr_multiple_all_columns_subset_by_rows" name="all_datasets" time="1.50999999999999"/>
    <testcase classname="ds.dataFrameSubset_expt_dgr_multiple_all_columns_subset_by_rows" name="all_datasets" time="5.07800000000003"/>
    <testcase classname="ds.dataFrameSubset_expt_dgr_multiple_all_columns_subset_by_rows" name="all_datasets" time="0.275999999999954"/>
    <testcase classname="ds.dataFrameSubset_expt_dgr_multiple_all_columns_subset_by_rows" name="all_datasets" time="0.271000000000015"/>
    <testcase classname="ds.dataFrameSubset_expt_dgr_multiple_all_columns_subset_by_rows" name="all_datasets" time="1.50900000000001"/>
    <testcase classname="ds.dataFrameSubset_expt_dgr_multiple_all_columns_subset_by_rows" name="all_datasets" time="5.089"/>
    <testcase classname="ds.dataFrameSubset_expt_dgr_multiple_all_columns_subset_by_rows" name="all_datasets" time="0.276999999999987"/>
    <testcase classname="ds.dataFrameSubset_expt_dgr_multiple_all_columns_subset_by_rows" name="all_datasets" time="0.276999999999987"/>
    <testcase classname="ds.dataFrameSubset_expt_dgr_multiple_all_columns_subset_by_rows" name="all_datasets" time="1.517"/>
    <testcase classname="ds.dataFrameSubset_expt_dgr_multiple_all_columns_subset_by_rows" name="all_datasets" time="5.096"/>
    <testcase classname="ds.dataFrameSubset_expt_dgr_multiple_all_columns_subset_by_rows" name="all_datasets" time="0.274000000000001"/>
    <testcase classname="ds.dataFrameSubset_expt_dgr_multiple_all_columns_subset_by_rows" name="all_datasets" time="0.27600000000001"/>
    <testcase classname="ds.dataFrameSubset_expt_dgr_multiple_all_columns_subset_by_rows" name="all_datasets" time="1.50600000000003"/>
    <testcase classname="ds.dataFrameSubset_expt_dgr_multiple_all_columns_subset_by_rows" name="all_datasets" time="5.09999999999997"/>
    <testcase classname="ds.dataFrameSubset_expt_dgr_multiple_all_columns_subset_by_rows" name="all_datasets" time="0.27600000000001"/>
    <testcase classname="ds.dataFrameSubset_expt_dgr_multiple_all_columns_subset_by_rows" name="all_datasets" time="0.278999999999996"/>
    <testcase classname="ds.dataFrameSubset_expt_dgr_multiple_all_columns_subset_by_rows" name="all_datasets" time="1.51499999999999"/>
  </testsuite>
  <testsuite errors="0" failures="0" hostname="fv-az14" name="ds.dataFrameSubset::expt_dgr::single::all_columns::subset_by_rows" skipped="0" tests="20" time="32.512" timestamp="2020-10-27T21:18:40Z">
    <testcase classname="ds.dataFrameSubset_expt_dgr_single_all_columns_subset_by_rows" name="dataset_3" time="5.68000000000001"/>
    <testcase classname="ds.dataFrameSubset_expt_dgr_single_all_columns_subset_by_rows" name="dataset_3" time="0.951999999999998"/>
    <testcase classname="ds.dataFrameSubset_expt_dgr_single_all_columns_subset_by_rows" name="dataset_3" time="1.928"/>
    <testcase classname="ds.dataFrameSubset_expt_dgr_single_all_columns_subset_by_rows" name="dataset_3" time="0.956999999999994"/>
    <testcase classname="ds.dataFrameSubset_expt_dgr_single_all_columns_subset_by_rows" name="dataset_3" time="1.93000000000001"/>
    <testcase classname="ds.dataFrameSubset_expt_dgr_single_all_columns_subset_by_rows" name="dataset_3" time="0.956000000000017"/>
    <testcase classname="ds.dataFrameSubset_expt_dgr_single_all_columns_subset_by_rows" name="dataset_3" time="1.92899999999997"/>
    <testcase classname="ds.dataFrameSubset_expt_dgr_single_all_columns_subset_by_rows" name="dataset_3" time="0.956000000000017"/>
    <testcase classname="ds.dataFrameSubset_expt_dgr_single_all_columns_subset_by_rows" name="dataset_3" time="1.916"/>
    <testcase classname="ds.dataFrameSubset_expt_dgr_single_all_columns_subset_by_rows" name="dataset_3" time="0.952999999999975"/>
    <testcase classname="ds.dataFrameSubset_expt_dgr_single_all_columns_subset_by_rows" name="dataset_3" time="1.923"/>
    <testcase classname="ds.dataFrameSubset_expt_dgr_single_all_columns_subset_by_rows" name="dataset_3" time="0.947000000000003"/>
    <testcase classname="ds.dataFrameSubset_expt_dgr_single_all_columns_subset_by_rows" name="dataset_3" time="1.91600000000005"/>
    <testcase classname="ds.dataFrameSubset_expt_dgr_single_all_columns_subset_by_rows" name="dataset_3" time="0.952999999999975"/>
    <testcase classname="ds.dataFrameSubset_expt_dgr_single_all_columns_subset_by_rows" name="dataset_3" time="1.91999999999996"/>
    <testcase classname="ds.dataFrameSubset_expt_dgr_single_all_columns_subset_by_rows" name="dataset_3" time="0.951999999999998"/>
    <testcase classname="ds.dataFrameSubset_expt_dgr_single_all_columns_subset_by_rows" name="dataset_3" time="1.91100000000006"/>
    <testcase classname="ds.dataFrameSubset_expt_dgr_single_all_columns_subset_by_rows" name="dataset_3" time="0.952999999999975"/>
    <testcase classname="ds.dataFrameSubset_expt_dgr_single_all_columns_subset_by_rows" name="dataset_3" time="1.923"/>
    <testcase classname="ds.dataFrameSubset_expt_dgr_single_all_columns_subset_by_rows" name="dataset_3" time="0.956999999999994"/>
  </testsuite>
  <testsuite errors="0" failures="0" hostname="fv-az14" name="ds.dataFrameSubset::expt_dgr::multiple::subset_by_rows_columns" skipped="0" tests="60" time="137.669" timestamp="2020-10-27T21:19:12Z">
    <testcase classname="ds.dataFrameSubset_expt_dgr_multiple_subset_by_rows_columns" name="all_datasets" time="13.707"/>
    <testcase classname="ds.dataFrameSubset_expt_dgr_multiple_subset_by_rows_columns" name="all_datasets" time="1.22900000000004"/>
    <testcase classname="ds.dataFrameSubset_expt_dgr_multiple_subset_by_rows_columns" name="all_datasets" time="0.271999999999935"/>
    <testcase classname="ds.dataFrameSubset_expt_dgr_multiple_subset_by_rows_columns" name="all_datasets" time="1.22700000000009"/>
    <testcase classname="ds.dataFrameSubset_expt_dgr_multiple_subset_by_rows_columns" name="all_datasets" time="0.27699999999993"/>
    <testcase classname="ds.dataFrameSubset_expt_dgr_multiple_subset_by_rows_columns" name="all_datasets" time="1.23599999999999"/>
    <testcase classname="ds.dataFrameSubset_expt_dgr_multiple_subset_by_rows_columns" name="all_datasets" time="9.029"/>
    <testcase classname="ds.dataFrameSubset_expt_dgr_multiple_subset_by_rows_columns" name="all_datasets" time="1.24700000000007"/>
    <testcase classname="ds.dataFrameSubset_expt_dgr_multiple_subset_by_rows_columns" name="all_datasets" time="0.273000000000025"/>
    <testcase classname="ds.dataFrameSubset_expt_dgr_multiple_subset_by_rows_columns" name="all_datasets" time="1.23599999999999"/>
    <testcase classname="ds.dataFrameSubset_expt_dgr_multiple_subset_by_rows_columns" name="all_datasets" time="0.272999999999911"/>
    <testcase classname="ds.dataFrameSubset_expt_dgr_multiple_subset_by_rows_columns" name="all_datasets" time="1.23500000000001"/>
    <testcase classname="ds.dataFrameSubset_expt_dgr_multiple_subset_by_rows_columns" name="all_datasets" time="9.04399999999998"/>
    <testcase classname="ds.dataFrameSubset_expt_dgr_multiple_subset_by_rows_columns" name="all_datasets" time="1.23700000000008"/>
    <testcase classname="ds.dataFrameSubset_expt_dgr_multiple_subset_by_rows_columns" name="all_datasets" time="0.274999999999977"/>
    <testcase classname="ds.dataFrameSubset_expt_dgr_multiple_subset_by_rows_columns" name="all_datasets" time="1.22500000000002"/>
    <testcase classname="ds.dataFrameSubset_expt_dgr_multiple_subset_by_rows_columns" name="all_datasets" time="0.273000000000025"/>
    <testcase classname="ds.dataFrameSubset_expt_dgr_multiple_subset_by_rows_columns" name="all_datasets" time="1.22699999999998"/>
    <testcase classname="ds.dataFrameSubset_expt_dgr_multiple_subset_by_rows_columns" name="all_datasets" time="9.06799999999998"/>
    <testcase classname="ds.dataFrameSubset_expt_dgr_multiple_subset_by_rows_columns" name="all_datasets" time="1.24299999999994"/>
    <testcase classname="ds.dataFrameSubset_expt_dgr_multiple_subset_by_rows_columns" name="all_datasets" time="0.276000000000067"/>
    <testcase classname="ds.dataFrameSubset_expt_dgr_multiple_subset_by_rows_columns" name="all_datasets" time="1.23699999999997"/>
    <testcase classname="ds.dataFrameSubset_expt_dgr_multiple_subset_by_rows_columns" name="all_datasets" time="0.276000000000067"/>
    <testcase classname="ds.dataFrameSubset_expt_dgr_multiple_subset_by_rows_columns" name="all_datasets" time="1.23099999999999"/>
    <testcase classname="ds.dataFrameSubset_expt_dgr_multiple_subset_by_rows_columns" name="all_datasets" time="9.07599999999991"/>
    <testcase classname="ds.dataFrameSubset_expt_dgr_multiple_subset_by_rows_columns" name="all_datasets" time="1.24400000000003"/>
    <testcase classname="ds.dataFrameSubset_expt_dgr_multiple_subset_by_rows_columns" name="all_datasets" time="0.272000000000048"/>
    <testcase classname="ds.dataFrameSubset_expt_dgr_multiple_subset_by_rows_columns" name="all_datasets" time="1.23099999999999"/>
    <testcase classname="ds.dataFrameSubset_expt_dgr_multiple_subset_by_rows_columns" name="all_datasets" time="0.283000000000015"/>
    <testcase classname="ds.dataFrameSubset_expt_dgr_multiple_subset_by_rows_columns" name="all_datasets" time="1.23599999999999"/>
    <testcase classname="ds.dataFrameSubset_expt_dgr_multiple_subset_by_rows_columns" name="all_datasets" time="9.04100000000005"/>
    <testcase classname="ds.dataFrameSubset_expt_dgr_multiple_subset_by_rows_columns" name="all_datasets" time="1.24499999999989"/>
    <testcase classname="ds.dataFrameSubset_expt_dgr_multiple_subset_by_rows_columns" name="all_datasets" time="0.284000000000106"/>
    <testcase classname="ds.dataFrameSubset_expt_dgr_multiple_subset_by_rows_columns" name="all_datasets" time="1.23099999999999"/>
    <testcase classname="ds.dataFrameSubset_expt_dgr_multiple_subset_by_rows_columns" name="all_datasets" time="0.27699999999993"/>
    <testcase classname="ds.dataFrameSubset_expt_dgr_multiple_subset_by_rows_columns" name="all_datasets" time="1.23300000000006"/>
    <testcase classname="ds.dataFrameSubset_expt_dgr_multiple_subset_by_rows_columns" name="all_datasets" time="9.00799999999992"/>
    <testcase classname="ds.dataFrameSubset_expt_dgr_multiple_subset_by_rows_columns" name="all_datasets" time="1.22900000000004"/>
    <testcase classname="ds.dataFrameSubset_expt_dgr_multiple_subset_by_rows_columns" name="all_datasets" time="0.272000000000048"/>
    <testcase classname="ds.dataFrameSubset_expt_dgr_multiple_subset_by_rows_columns" name="all_datasets" time="1.24199999999996"/>
    <testcase classname="ds.dataFrameSubset_expt_dgr_multiple_subset_by_rows_columns" name="all_datasets" time="0.279999999999973"/>
    <testcase classname="ds.dataFrameSubset_expt_dgr_multiple_subset_by_rows_columns" name="all_datasets" time="1.23400000000004"/>
    <testcase classname="ds.dataFrameSubset_expt_dgr_multiple_subset_by_rows_columns" name="all_datasets" time="9.03499999999997"/>
    <testcase classname="ds.dataFrameSubset_expt_dgr_multiple_subset_by_rows_columns" name="all_datasets" time="1.23099999999999"/>
    <testcase classname="ds.dataFrameSubset_expt_dgr_multiple_subset_by_rows_columns" name="all_datasets" time="0.273000000000025"/>
    <testcase classname="ds.dataFrameSubset_expt_dgr_multiple_subset_by_rows_columns" name="all_datasets" time="1.23400000000004"/>
    <testcase classname="ds.dataFrameSubset_expt_dgr_multiple_subset_by_rows_columns" name="all_datasets" time="0.271999999999935"/>
    <testcase classname="ds.dataFrameSubset_expt_dgr_multiple_subset_by_rows_columns" name="all_datasets" time="1.23800000000006"/>
    <testcase classname="ds.dataFrameSubset_expt_dgr_multiple_subset_by_rows_columns" name="all_datasets" time="9.02499999999998"/>
    <testcase classname="ds.dataFrameSubset_expt_dgr_multiple_subset_by_rows_columns" name="all_datasets" time="1.23099999999999"/>
    <testcase classname="ds.dataFrameSubset_expt_dgr_multiple_subset_by_rows_columns" name="all_datasets" time="0.269999999999982"/>
    <testcase classname="ds.dataFrameSubset_expt_dgr_multiple_subset_by_rows_columns" name="all_datasets" time="1.245"/>
    <testcase classname="ds.dataFrameSubset_expt_dgr_multiple_subset_by_rows_columns" name="all_datasets" time="0.274000000000001"/>
    <testcase classname="ds.dataFrameSubset_expt_dgr_multiple_subset_by_rows_columns" name="all_datasets" time="1.22900000000004"/>
    <testcase classname="ds.dataFrameSubset_expt_dgr_multiple_subset_by_rows_columns" name="all_datasets" time="9.07999999999993"/>
    <testcase classname="ds.dataFrameSubset_expt_dgr_multiple_subset_by_rows_columns" name="all_datasets" time="1.23599999999999"/>
    <testcase classname="ds.dataFrameSubset_expt_dgr_multiple_subset_by_rows_columns" name="all_datasets" time="0.275000000000091"/>
    <testcase classname="ds.dataFrameSubset_expt_dgr_multiple_subset_by_rows_columns" name="all_datasets" time="1.24299999999994"/>
    <testcase classname="ds.dataFrameSubset_expt_dgr_multiple_subset_by_rows_columns" name="all_datasets" time="0.274999999999977"/>
    <testcase classname="ds.dataFrameSubset_expt_dgr_multiple_subset_by_rows_columns" name="all_datasets" time="1.23200000000008"/>
  </testsuite>
  <testsuite errors="0" failures="0" hostname="fv-az14" name="ds.dataFrameSubset::expt_dgr::single::subset_by_rows_columns" skipped="0" tests="20" time="39.525" timestamp="2020-10-27T21:21:30Z">
    <testcase classname="ds.dataFrameSubset_expt_dgr_single_subset_by_rows_columns" name="dataset_1" time="6.60399999999993"/>
    <testcase classname="ds.dataFrameSubset_expt_dgr_single_subset_by_rows_columns" name="dataset_1" time="0.70900000000006"/>
    <testcase classname="ds.dataFrameSubset_expt_dgr_single_subset_by_rows_columns" name="dataset_1" time="2.86299999999994"/>
    <testcase classname="ds.dataFrameSubset_expt_dgr_single_subset_by_rows_columns" name="dataset_1" time="0.70900000000006"/>
    <testcase classname="ds.dataFrameSubset_expt_dgr_single_subset_by_rows_columns" name="dataset_1" time="2.87900000000002"/>
    <testcase classname="ds.dataFrameSubset_expt_dgr_single_subset_by_rows_columns" name="dataset_1" time="0.709999999999923"/>
    <testcase classname="ds.dataFrameSubset_expt_dgr_single_subset_by_rows_columns" name="dataset_1" time="2.85800000000006"/>
    <testcase classname="ds.dataFrameSubset_expt_dgr_single_subset_by_rows_columns" name="dataset_1" time="0.711000000000013"/>
    <testcase classname="ds.dataFrameSubset_expt_dgr_single_subset_by_rows_columns" name="dataset_1" time="2.86500000000001"/>
    <testcase classname="ds.dataFrameSubset_expt_dgr_single_subset_by_rows_columns" name="dataset_1" time="0.708999999999946"/>
    <testcase classname="ds.dataFrameSubset_expt_dgr_single_subset_by_rows_columns" name="dataset_1" time="2.875"/>
    <testcase classname="ds.dataFrameSubset_expt_dgr_single_subset_by_rows_columns" name="dataset_1" time="0.704000000000065"/>
    <testcase classname="ds.dataFrameSubset_expt_dgr_single_subset_by_rows_columns" name="dataset_1" time="2.87699999999995"/>
    <testcase classname="ds.dataFrameSubset_expt_dgr_single_subset_by_rows_columns" name="dataset_1" time="0.706999999999994"/>
    <testcase classname="ds.dataFrameSubset_expt_dgr_single_subset_by_rows_columns" name="dataset_1" time="2.87300000000005"/>
    <testcase classname="ds.dataFrameSubset_expt_dgr_single_subset_by_rows_columns" name="dataset_1" time="0.716000000000008"/>
    <testcase classname="ds.dataFrameSubset_expt_dgr_single_subset_by_rows_columns" name="dataset_1" time="2.86599999999999"/>
    <testcase classname="ds.dataFrameSubset_expt_dgr_single_subset_by_rows_columns" name="dataset_1" time="0.70799999999997"/>
    <testcase classname="ds.dataFrameSubset_expt_dgr_single_subset_by_rows_columns" name="dataset_1" time="2.86900000000003"/>
    <testcase classname="ds.dataFrameSubset_expt_dgr_single_subset_by_rows_columns" name="dataset_1" time="0.712999999999965"/>
  </testsuite>
  <testsuite errors="0" failures="0" hostname="fv-az14" name="ds.dataFrameSubset::expt_dgr::multiple::subset_by_rows_columns" skipped="0" tests="60" time="137.494" timestamp="2020-10-27T21:22:10Z">
    <testcase classname="ds.dataFrameSubset_expt_dgr_multiple_subset_by_rows_columns" name="all_datasets" time="13.8819999999999"/>
    <testcase classname="ds.dataFrameSubset_expt_dgr_multiple_subset_by_rows_columns" name="all_datasets" time="1.24000000000001"/>
    <testcase classname="ds.dataFrameSubset_expt_dgr_multiple_subset_by_rows_columns" name="all_datasets" time="0.269999999999982"/>
    <testcase classname="ds.dataFrameSubset_expt_dgr_multiple_subset_by_rows_columns" name="all_datasets" time="1.23399999999992"/>
    <testcase classname="ds.dataFrameSubset_expt_dgr_multiple_subset_by_rows_columns" name="all_datasets" time="0.271000000000072"/>
    <testcase classname="ds.dataFrameSubset_expt_dgr_multiple_subset_by_rows_columns" name="all_datasets" time="1.24900000000002"/>
    <testcase classname="ds.dataFrameSubset_expt_dgr_multiple_subset_by_rows_columns" name="all_datasets" time="9.0139999999999"/>
    <testcase classname="ds.dataFrameSubset_expt_dgr_multiple_subset_by_rows_columns" name="all_datasets" time="1.24200000000008"/>
    <testcase classname="ds.dataFrameSubset_expt_dgr_multiple_subset_by_rows_columns" name="all_datasets" time="0.275999999999954"/>
    <testcase classname="ds.dataFrameSubset_expt_dgr_multiple_subset_by_rows_columns" name="all_datasets" time="1.22199999999998"/>
    <testcase classname="ds.dataFrameSubset_expt_dgr_multiple_subset_by_rows_columns" name="all_datasets" time="0.271999999999935"/>
    <testcase classname="ds.dataFrameSubset_expt_dgr_multiple_subset_by_rows_columns" name="all_datasets" time="1.22400000000005"/>
    <testcase classname="ds.dataFrameSubset_expt_dgr_multiple_subset_by_rows_columns" name="all_datasets" time="8.99900000000002"/>
    <testcase classname="ds.dataFrameSubset_expt_dgr_multiple_subset_by_rows_columns" name="all_datasets" time="1.23799999999994"/>
    <testcase classname="ds.dataFrameSubset_expt_dgr_multiple_subset_by_rows_columns" name="all_datasets" time="0.269999999999982"/>
    <testcase classname="ds.dataFrameSubset_expt_dgr_multiple_subset_by_rows_columns" name="all_datasets" time="1.23000000000002"/>
    <testcase classname="ds.dataFrameSubset_expt_dgr_multiple_subset_by_rows_columns" name="all_datasets" time="0.274000000000001"/>
    <testcase classname="ds.dataFrameSubset_expt_dgr_multiple_subset_by_rows_columns" name="all_datasets" time="1.23300000000006"/>
    <testcase classname="ds.dataFrameSubset_expt_dgr_multiple_subset_by_rows_columns" name="all_datasets" time="8.98299999999995"/>
    <testcase classname="ds.dataFrameSubset_expt_dgr_multiple_subset_by_rows_columns" name="all_datasets" time="1.23500000000001"/>
    <testcase classname="ds.dataFrameSubset_expt_dgr_multiple_subset_by_rows_columns" name="all_datasets" time="0.273000000000025"/>
    <testcase classname="ds.dataFrameSubset_expt_dgr_multiple_subset_by_rows_columns" name="all_datasets" time="1.23000000000002"/>
    <testcase classname="ds.dataFrameSubset_expt_dgr_multiple_subset_by_rows_columns" name="all_datasets" time="0.270999999999958"/>
    <testcase classname="ds.dataFrameSubset_expt_dgr_multiple_subset_by_rows_columns" name="all_datasets" time="1.22699999999998"/>
    <testcase classname="ds.dataFrameSubset_expt_dgr_multiple_subset_by_rows_columns" name="all_datasets" time="9.02200000000005"/>
    <testcase classname="ds.dataFrameSubset_expt_dgr_multiple_subset_by_rows_columns" name="all_datasets" time="1.22899999999993"/>
    <testcase classname="ds.dataFrameSubset_expt_dgr_multiple_subset_by_rows_columns" name="all_datasets" time="0.285000000000082"/>
    <testcase classname="ds.dataFrameSubset_expt_dgr_multiple_subset_by_rows_columns" name="all_datasets" time="1.23099999999999"/>
    <testcase classname="ds.dataFrameSubset_expt_dgr_multiple_subset_by_rows_columns" name="all_datasets" time="0.274000000000001"/>
    <testcase classname="ds.dataFrameSubset_expt_dgr_multiple_subset_by_rows_columns" name="all_datasets" time="1.2299999999999"/>
    <testcase classname="ds.dataFrameSubset_expt_dgr_multiple_subset_by_rows_columns" name="all_datasets" time="9.053"/>
    <testcase classname="ds.dataFrameSubset_expt_dgr_multiple_subset_by_rows_columns" name="all_datasets" time="1.23500000000001"/>
    <testcase classname="ds.dataFrameSubset_expt_dgr_multiple_subset_by_rows_columns" name="all_datasets" time="0.271000000000072"/>
    <testcase classname="ds.dataFrameSubset_expt_dgr_multiple_subset_by_rows_columns" name="all_datasets" time="1.23299999999995"/>
    <testcase classname="ds.dataFrameSubset_expt_dgr_multiple_subset_by_rows_columns" name="all_datasets" time="0.278999999999996"/>
    <testcase classname="ds.dataFrameSubset_expt_dgr_multiple_subset_by_rows_columns" name="all_datasets" time="1.23099999999999"/>
    <testcase classname="ds.dataFrameSubset_expt_dgr_multiple_subset_by_rows_columns" name="all_datasets" time="9.01400000000001"/>
    <testcase classname="ds.dataFrameSubset_expt_dgr_multiple_subset_by_rows_columns" name="all_datasets" time="1.24300000000005"/>
    <testcase classname="ds.dataFrameSubset_expt_dgr_multiple_subset_by_rows_columns" name="all_datasets" time="0.270999999999958"/>
    <testcase classname="ds.dataFrameSubset_expt_dgr_multiple_subset_by_rows_columns" name="all_datasets" time="1.23300000000006"/>
    <testcase classname="ds.dataFrameSubset_expt_dgr_multiple_subset_by_rows_columns" name="all_datasets" time="0.280999999999949"/>
    <testcase classname="ds.dataFrameSubset_expt_dgr_multiple_subset_by_rows_columns" name="all_datasets" time="1.22199999999998"/>
    <testcase classname="ds.dataFrameSubset_expt_dgr_multiple_subset_by_rows_columns" name="all_datasets" time="9.03399999999999"/>
    <testcase classname="ds.dataFrameSubset_expt_dgr_multiple_subset_by_rows_columns" name="all_datasets" time="1.23900000000003"/>
    <testcase classname="ds.dataFrameSubset_expt_dgr_multiple_subset_by_rows_columns" name="all_datasets" time="0.278999999999996"/>
    <testcase classname="ds.dataFrameSubset_expt_dgr_multiple_subset_by_rows_columns" name="all_datasets" time="1.23699999999997"/>
    <testcase classname="ds.dataFrameSubset_expt_dgr_multiple_subset_by_rows_columns" name="all_datasets" time="0.276000000000067"/>
    <testcase classname="ds.dataFrameSubset_expt_dgr_multiple_subset_by_rows_columns" name="all_datasets" time="1.23000000000002"/>
    <testcase classname="ds.dataFrameSubset_expt_dgr_multiple_subset_by_rows_columns" name="all_datasets" time="8.99299999999994"/>
    <testcase classname="ds.dataFrameSubset_expt_dgr_multiple_subset_by_rows_columns" name="all_datasets" time="1.22400000000005"/>
    <testcase classname="ds.dataFrameSubset_expt_dgr_multiple_subset_by_rows_columns" name="all_datasets" time="0.269999999999982"/>
    <testcase classname="ds.dataFrameSubset_expt_dgr_multiple_subset_by_rows_columns" name="all_datasets" time="1.22299999999996"/>
    <testcase classname="ds.dataFrameSubset_expt_dgr_multiple_subset_by_rows_columns" name="all_datasets" time="0.279999999999973"/>
    <testcase classname="ds.dataFrameSubset_expt_dgr_multiple_subset_by_rows_columns" name="all_datasets" time="1.24000000000001"/>
    <testcase classname="ds.dataFrameSubset_expt_dgr_multiple_subset_by_rows_columns" name="all_datasets" time="9.024"/>
    <testcase classname="ds.dataFrameSubset_expt_dgr_multiple_subset_by_rows_columns" name="all_datasets" time="1.23200000000008"/>
    <testcase classname="ds.dataFrameSubset_expt_dgr_multiple_subset_by_rows_columns" name="all_datasets" time="0.274000000000001"/>
    <testcase classname="ds.dataFrameSubset_expt_dgr_multiple_subset_by_rows_columns" name="all_datasets" time="1.23799999999994"/>
    <testcase classname="ds.dataFrameSubset_expt_dgr_multiple_subset_by_rows_columns" name="all_datasets" time="0.27800000000002"/>
    <testcase classname="ds.dataFrameSubset_expt_dgr_multiple_subset_by_rows_columns" name="all_datasets" time="1.22699999999998"/>
  </testsuite>
  <testsuite errors="0" failures="0" hostname="fv-az14" name="ds.dataFrameSubset::expt_dgr::single::subset_by_rows_columns" skipped="0" tests="20" time="39.512" timestamp="2020-10-27T21:24:27Z">
    <testcase classname="ds.dataFrameSubset_expt_dgr_single_subset_by_rows_columns" name="dataset_2" time="6.60000000000002"/>
    <testcase classname="ds.dataFrameSubset_expt_dgr_single_subset_by_rows_columns" name="dataset_2" time="0.706999999999994"/>
    <testcase classname="ds.dataFrameSubset_expt_dgr_single_subset_by_rows_columns" name="dataset_2" time="2.86099999999999"/>
    <testcase classname="ds.dataFrameSubset_expt_dgr_single_subset_by_rows_columns" name="dataset_2" time="0.711999999999989"/>
    <testcase classname="ds.dataFrameSubset_expt_dgr_single_subset_by_rows_columns" name="dataset_2" time="2.87200000000007"/>
    <testcase classname="ds.dataFrameSubset_expt_dgr_single_subset_by_rows_columns" name="dataset_2" time="0.705999999999904"/>
    <testcase classname="ds.dataFrameSubset_expt_dgr_single_subset_by_rows_columns" name="dataset_2" time="2.87"/>
    <testcase classname="ds.dataFrameSubset_expt_dgr_single_subset_by_rows_columns" name="dataset_2" time="0.716000000000008"/>
    <testcase classname="ds.dataFrameSubset_expt_dgr_single_subset_by_rows_columns" name="dataset_2" time="2.86599999999999"/>
    <testcase classname="ds.dataFrameSubset_expt_dgr_single_subset_by_rows_columns" name="dataset_2" time="0.70900000000006"/>
    <testcase classname="ds.dataFrameSubset_expt_dgr_single_subset_by_rows_columns" name="dataset_2" time="2.87300000000005"/>
    <testcase classname="ds.dataFrameSubset_expt_dgr_single_subset_by_rows_columns" name="dataset_2" time="0.713999999999942"/>
    <testcase classname="ds.dataFrameSubset_expt_dgr_single_subset_by_rows_columns" name="dataset_2" time="2.86400000000003"/>
    <testcase classname="ds.dataFrameSubset_expt_dgr_single_subset_by_rows_columns" name="dataset_2" time="0.708999999999946"/>
    <testcase classname="ds.dataFrameSubset_expt_dgr_single_subset_by_rows_columns" name="dataset_2" time="2.86400000000003"/>
    <testcase classname="ds.dataFrameSubset_expt_dgr_single_subset_by_rows_columns" name="dataset_2" time="0.711000000000013"/>
    <testcase classname="ds.dataFrameSubset_expt_dgr_single_subset_by_rows_columns" name="dataset_2" time="2.86500000000001"/>
    <testcase classname="ds.dataFrameSubset_expt_dgr_single_subset_by_rows_columns" name="dataset_2" time="0.714999999999918"/>
    <testcase classname="ds.dataFrameSubset_expt_dgr_single_subset_by_rows_columns" name="dataset_2" time="2.8660000000001"/>
    <testcase classname="ds.dataFrameSubset_expt_dgr_single_subset_by_rows_columns" name="dataset_2" time="0.711999999999989"/>
  </testsuite>
  <testsuite errors="0" failures="0" hostname="fv-az14" name="ds.dataFrameSubset::expt_dgr::multiple::all_rows_subset_by_columns" skipped="0" tests="36" time="67.474" timestamp="2020-10-27T21:25:07Z">
    <testcase classname="ds.dataFrameSubset_expt_dgr_multiple_all_rows_subset_by_columns" name="all_datasets" time="11.081"/>
    <testcase classname="ds.dataFrameSubset_expt_dgr_multiple_all_rows_subset_by_columns" name="all_datasets" time="1.2349999999999"/>
    <testcase classname="ds.dataFrameSubset_expt_dgr_multiple_all_rows_subset_by_columns" name="all_datasets" time="0.272000000000048"/>
    <testcase classname="ds.dataFrameSubset_expt_dgr_multiple_all_rows_subset_by_columns" name="all_datasets" time="1.23400000000004"/>
    <testcase classname="ds.dataFrameSubset_expt_dgr_multiple_all_rows_subset_by_columns" name="all_datasets" time="0.271999999999935"/>
    <testcase classname="ds.dataFrameSubset_expt_dgr_multiple_all_rows_subset_by_columns" name="all_datasets" time="1.22000000000003"/>
    <testcase classname="ds.dataFrameSubset_expt_dgr_multiple_all_rows_subset_by_columns" name="all_datasets" time="6.23699999999997"/>
    <testcase classname="ds.dataFrameSubset_expt_dgr_multiple_all_rows_subset_by_columns" name="all_datasets" time="1.23700000000008"/>
    <testcase classname="ds.dataFrameSubset_expt_dgr_multiple_all_rows_subset_by_columns" name="all_datasets" time="0.275999999999954"/>
    <testcase classname="ds.dataFrameSubset_expt_dgr_multiple_all_rows_subset_by_columns" name="all_datasets" time="1.24000000000001"/>
    <testcase classname="ds.dataFrameSubset_expt_dgr_multiple_all_rows_subset_by_columns" name="all_datasets" time="0.283999999999992"/>
    <testcase classname="ds.dataFrameSubset_expt_dgr_multiple_all_rows_subset_by_columns" name="all_datasets" time="1.23099999999999"/>
    <testcase classname="ds.dataFrameSubset_expt_dgr_multiple_all_rows_subset_by_columns" name="all_datasets" time="6.14099999999996"/>
    <testcase classname="ds.dataFrameSubset_expt_dgr_multiple_all_rows_subset_by_columns" name="all_datasets" time="1.24000000000001"/>
    <testcase classname="ds.dataFrameSubset_expt_dgr_multiple_all_rows_subset_by_columns" name="all_datasets" time="0.283999999999992"/>
    <testcase classname="ds.dataFrameSubset_expt_dgr_multiple_all_rows_subset_by_columns" name="all_datasets" time="1.23400000000004"/>
    <testcase classname="ds.dataFrameSubset_expt_dgr_multiple_all_rows_subset_by_columns" name="all_datasets" time="0.274000000000001"/>
    <testcase classname="ds.dataFrameSubset_expt_dgr_multiple_all_rows_subset_by_columns" name="all_datasets" time="1.24099999999999"/>
    <testcase classname="ds.dataFrameSubset_expt_dgr_multiple_all_rows_subset_by_columns" name="all_datasets" time="6.19799999999998"/>
    <testcase classname="ds.dataFrameSubset_expt_dgr_multiple_all_rows_subset_by_columns" name="all_datasets" time="1.23200000000008"/>
    <testcase classname="ds.dataFrameSubset_expt_dgr_multiple_all_rows_subset_by_columns" name="all_datasets" time="0.274000000000001"/>
    <testcase classname="ds.dataFrameSubset_expt_dgr_multiple_all_rows_subset_by_columns" name="all_datasets" time="1.23099999999999"/>
    <testcase classname="ds.dataFrameSubset_expt_dgr_multiple_all_rows_subset_by_columns" name="all_datasets" time="0.275999999999954"/>
    <testcase classname="ds.dataFrameSubset_expt_dgr_multiple_all_rows_subset_by_columns" name="all_datasets" time="1.23000000000002"/>
    <testcase classname="ds.dataFrameSubset_expt_dgr_multiple_all_rows_subset_by_columns" name="all_datasets" time="6.14800000000002"/>
    <testcase classname="ds.dataFrameSubset_expt_dgr_multiple_all_rows_subset_by_columns" name="all_datasets" time="1.23599999999999"/>
    <testcase classname="ds.dataFrameSubset_expt_dgr_multiple_all_rows_subset_by_columns" name="all_datasets" time="0.275999999999954"/>
    <testcase classname="ds.dataFrameSubset_expt_dgr_multiple_all_rows_subset_by_columns" name="all_datasets" time="1.23099999999999"/>
    <testcase classname="ds.dataFrameSubset_expt_dgr_multiple_all_rows_subset_by_columns" name="all_datasets" time="0.275000000000091"/>
    <testcase classname="ds.dataFrameSubset_expt_dgr_multiple_all_rows_subset_by_columns" name="all_datasets" time="1.23099999999999"/>
    <testcase classname="ds.dataFrameSubset_expt_dgr_multiple_all_rows_subset_by_columns" name="all_datasets" time="6.16999999999996"/>
    <testcase classname="ds.dataFrameSubset_expt_dgr_multiple_all_rows_subset_by_columns" name="all_datasets" time="1.22799999999995"/>
    <testcase classname="ds.dataFrameSubset_expt_dgr_multiple_all_rows_subset_by_columns" name="all_datasets" time="0.275000000000091"/>
    <testcase classname="ds.dataFrameSubset_expt_dgr_multiple_all_rows_subset_by_columns" name="all_datasets" time="1.22499999999991"/>
    <testcase classname="ds.dataFrameSubset_expt_dgr_multiple_all_rows_subset_by_columns" name="all_datasets" time="0.27800000000002"/>
    <testcase classname="ds.dataFrameSubset_expt_dgr_multiple_all_rows_subset_by_columns" name="all_datasets" time="1.22700000000009"/>
  </testsuite>
  <testsuite errors="0" failures="0" hostname="fv-az14" name="ds.dataFrameSubset::expt_dgr::multiple::all_rows_subset_by_columns" skipped="0" tests="12" time="25.211" timestamp="2020-10-27T21:26:14Z">
    <testcase classname="ds.dataFrameSubset_expt_dgr_multiple_all_rows_subset_by_columns" name="dataset_3" time="6.55999999999995"/>
    <testcase classname="ds.dataFrameSubset_expt_dgr_multiple_all_rows_subset_by_columns" name="dataset_3" time="0.705000000000041"/>
    <testcase classname="ds.dataFrameSubset_expt_dgr_multiple_all_rows_subset_by_columns" name="dataset_3" time="2.89199999999994"/>
    <testcase classname="ds.dataFrameSubset_expt_dgr_multiple_all_rows_subset_by_columns" name="dataset_3" time="0.702999999999975"/>
    <testcase classname="ds.dataFrameSubset_expt_dgr_multiple_all_rows_subset_by_columns" name="dataset_3" time="2.88100000000009"/>
    <testcase classname="ds.dataFrameSubset_expt_dgr_multiple_all_rows_subset_by_columns" name="dataset_3" time="0.706999999999994"/>
    <testcase classname="ds.dataFrameSubset_expt_dgr_multiple_all_rows_subset_by_columns" name="dataset_3" time="2.87199999999996"/>
    <testcase classname="ds.dataFrameSubset_expt_dgr_multiple_all_rows_subset_by_columns" name="dataset_3" time="0.716000000000008"/>
    <testcase classname="ds.dataFrameSubset_expt_dgr_multiple_all_rows_subset_by_columns" name="dataset_3" time="2.88400000000001"/>
    <testcase classname="ds.dataFrameSubset_expt_dgr_multiple_all_rows_subset_by_columns" name="dataset_3" time="0.710000000000036"/>
    <testcase classname="ds.dataFrameSubset_expt_dgr_multiple_all_rows_subset_by_columns" name="dataset_3" time="2.87199999999996"/>
    <testcase classname="ds.dataFrameSubset_expt_dgr_multiple_all_rows_subset_by_columns" name="dataset_3" time="0.708999999999946"/>
  </testsuite>
  <testsuite errors="0" failures="0" hostname="fv-az14" name="ds.skewness::math_dgr::mean.median.mode::multiple" skipped="0" tests="10" time="17.589" timestamp="2020-10-27T21:26:39Z">
    <testcase classname="ds.skewness_math_dgr_mean.median.mode_multiple" name="skewness_0_mode_median_mean_or_skewness_0_mean_median_mode" time="7.21800000000007"/>
    <testcase classname="ds.skewness_math_dgr_mean.median.mode_multiple" name="skewness_0_mode_median_mean_or_skewness_0_mean_median_mode" time="0.000999999999976353"/>
    <testcase classname="ds.skewness_math_dgr_mean.median.mode_multiple" name="skewness_0_mode_median_mean_or_skewness_0_mean_median_mode" time="2.173"/>
    <testcase classname="ds.skewness_math_dgr_mean.median.mode_multiple" name="skewness_0_mode_median_mean_or_skewness_0_mean_median_mode" time="0.000999999999976353"/>
    <testcase classname="ds.skewness_math_dgr_mean.median.mode_multiple" name="skewness_0_mode_median_mean_or_skewness_0_mean_median_mode" time="2.03600000000006"/>
    <testcase classname="ds.skewness_math_dgr_mean.median.mode_multiple" name="skewness_0_mode_median_mean_or_skewness_0_mean_median_mode" time="0.00199999999995271"/>
    <testcase classname="ds.skewness_math_dgr_mean.median.mode_multiple" name="skewness_0_mode_median_mean_or_skewness_0_mean_median_mode" time="2.04700000000003"/>
    <testcase classname="ds.skewness_math_dgr_mean.median.mode_multiple" name="skewness_0_mode_median_mean_or_skewness_0_mean_median_mode" time="0.000999999999976353"/>
    <testcase classname="ds.skewness_math_dgr_mean.median.mode_multiple" name="skewness_0_mode_median_mean_or_skewness_0_mean_median_mode" time="2.04999999999995"/>
    <testcase classname="ds.skewness_math_dgr_mean.median.mode_multiple" name="skewness_0_mode_median_mean_or_skewness_0_mean_median_mode" time="2.06000000000006"/>
  </testsuite>
  <testsuite errors="0" failures="0" hostname="fv-az14" name="ds.skewness::math_dgr::Q1.Q2.Q3::multiple" skipped="0" tests="7" time="17.615" timestamp="2020-10-27T21:26:57Z">
    <testcase classname="ds.skewness_math_dgr_Q1.Q2.Q3_multiple" name="skewness_0_Q3_Q2_Q2_Q1_or_skewness_0_Q3_Q2_Q2_Q1" time="6.96799999999996"/>
    <testcase classname="ds.skewness_math_dgr_Q1.Q2.Q3_multiple" name="skewness_0_Q3_Q2_Q2_Q1_or_skewness_0_Q3_Q2_Q2_Q1" time="1.77800000000002"/>
    <testcase classname="ds.skewness_math_dgr_Q1.Q2.Q3_multiple" name="skewness_0_Q3_Q2_Q2_Q1_or_skewness_0_Q3_Q2_Q2_Q1" time="1.76700000000005"/>
    <testcase classname="ds.skewness_math_dgr_Q1.Q2.Q3_multiple" name="skewness_0_Q3_Q2_Q2_Q1_or_skewness_0_Q3_Q2_Q2_Q1" time="1.774"/>
    <testcase classname="ds.skewness_math_dgr_Q1.Q2.Q3_multiple" name="skewness_0_Q3_Q2_Q2_Q1_or_skewness_0_Q3_Q2_Q2_Q1" time="1.77699999999993"/>
    <testcase classname="ds.skewness_math_dgr_Q1.Q2.Q3_multiple" name="skewness_0_Q3_Q2_Q2_Q1_or_skewness_0_Q3_Q2_Q2_Q1" time="1.76999999999998"/>
    <testcase classname="ds.skewness_math_dgr_Q1.Q2.Q3_multiple" name="skewness_0_Q3_Q2_Q2_Q1_or_skewness_0_Q3_Q2_Q2_Q1" time="1.78100000000006"/>
  </testsuite>
  <testsuite errors="0" failures="0" hostname="fv-az14" name="ds.asCharacter::smk_dgr::setup" skipped="0" tests="3" time="5.199" timestamp="2020-10-27T21:27:14Z">
    <testcase classname="ds.asCharacter_smk_dgr_setup" name="setup" time="5.19600000000003"/>
    <testcase classname="ds.asCharacter_smk_dgr_setup" name="setup" time="0.000999999999976353"/>
    <testcase classname="ds.asCharacter_smk_dgr_setup" name="setup" time="0.00199999999995271"/>
  </testsuite>
  <testsuite errors="0" failures="0" hostname="fv-az14" name="ds.asCharacter::smk_dgr::simple test" skipped="0" tests="3" time="0.829" timestamp="2020-10-27T21:27:20Z">
    <testcase classname="ds.asCharacter_smk_dgr_simple_test" name="simple_test" time="0.826000000000022"/>
    <testcase classname="ds.asCharacter_smk_dgr_simple_test" name="simple_test" time="0.00199999999995271"/>
    <testcase classname="ds.asCharacter_smk_dgr_simple_test" name="simple_test" time="0.00100000000009004"/>
  </testsuite>
  <testsuite errors="0" failures="0" hostname="fv-az14" name="ds.asCharacter::smk_dgr::stutdown" skipped="0" tests="3" time="0.33" timestamp="2020-10-27T21:27:20Z">
    <testcase classname="ds.asCharacter_smk_dgr_stutdown" name="setup" time="0.327999999999975"/>
    <testcase classname="ds.asCharacter_smk_dgr_stutdown" name="setup" time="0.000999999999976353"/>
    <testcase classname="ds.asCharacter_smk_dgr_stutdown" name="setup" time="0.000999999999976353"/>
  </testsuite>
  <testsuite errors="0" failures="0" hostname="fv-az14" name="ds.asCharacter::smk_dgr::done" skipped="0" tests="0" time="0" timestamp="2020-10-27T21:27:21Z"/>
  <testsuite errors="0" failures="0" hostname="fv-az14" name="ds.listClientsideFunctions::smk_dgr::setup" skipped="0" tests="3" time="5.607" timestamp="2020-10-27T21:27:21Z">
    <testcase classname="ds.listClientsideFunctions_smk_dgr_setup" name="setup" time="5.60400000000004"/>
    <testcase classname="ds.listClientsideFunctions_smk_dgr_setup" name="setup" time="0.00199999999995271"/>
    <testcase classname="ds.listClientsideFunctions_smk_dgr_setup" name="setup" time="0.00100000000009004"/>
  </testsuite>
  <testsuite errors="0" failures="0" hostname="fv-az14" name="ds.listClientsideFunctions::smk_dgr::check results" skipped="0" tests="9" time="0.016" timestamp="2020-10-27T21:27:26Z">
    <testcase classname="ds.listClientsideFunctions_smk_dgr_check_results" name="check_results" time="0.00499999999999545"/>
    <testcase classname="ds.listClientsideFunctions_smk_dgr_check_results" name="check_results" time="0.000999999999976353"/>
    <testcase classname="ds.listClientsideFunctions_smk_dgr_check_results" name="check_results" time="0.00199999999995271"/>
    <testcase classname="ds.listClientsideFunctions_smk_dgr_check_results" name="check_results" time="0.000999999999976353"/>
    <testcase classname="ds.listClientsideFunctions_smk_dgr_check_results" name="check_results" time="0.00100000000009004"/>
    <testcase classname="ds.listClientsideFunctions_smk_dgr_check_results" name="check_results" time="0.00199999999995271"/>
    <testcase classname="ds.listClientsideFunctions_smk_dgr_check_results" name="check_results" time="0.000999999999976353"/>
    <testcase classname="ds.listClientsideFunctions_smk_dgr_check_results" name="check_results" time="0.00200000000006639"/>
    <testcase classname="ds.listClientsideFunctions_smk_dgr_check_results" name="check_results" time="0.000999999999976353"/>
  </testsuite>
  <testsuite errors="0" failures="0" hostname="fv-az14" name="ds.listClientsideFunctions::smk_dgr::shutdown" skipped="0" tests="3" time="0.278" timestamp="2020-10-27T21:27:26Z">
    <testcase classname="ds.listClientsideFunctions_smk_dgr_shutdown" name="shutdown" time="0.274999999999977"/>
    <testcase classname="ds.listClientsideFunctions_smk_dgr_shutdown" name="shutdown" time="0.000999999999976353"/>
    <testcase classname="ds.listClientsideFunctions_smk_dgr_shutdown" name="shutdown" time="0.00200000000006639"/>
  </testsuite>
  <testsuite errors="0" failures="0" hostname="fv-az14" name="ds.listClientsideFunctions::smk_dgr::done" skipped="0" tests="0" time="0" timestamp="2020-10-27T21:27:27Z"/>
  <testsuite errors="0" failures="0" hostname="fv-az14" name="ds.listServersideFunctions::smk_dgr::setup" skipped="0" tests="3" time="5.557" timestamp="2020-10-27T21:27:27Z">
    <testcase classname="ds.listServersideFunctions_smk_dgr_setup" name="setup" time="5.55399999999986"/>
    <testcase classname="ds.listServersideFunctions_smk_dgr_setup" name="setup" time="0.00200000000018008"/>
    <testcase classname="ds.listServersideFunctions_smk_dgr_setup" name="setup" time="0.000999999999976353"/>
  </testsuite>
  <testsuite errors="0" failures="0" hostname="fv-az14" name="ds.listServersideFunctions::smk_dgr::check results" skipped="0" tests="31" time="0.128" timestamp="2020-10-27T21:27:32Z">
    <testcase classname="ds.listServersideFunctions_smk_dgr_check_results" name="check_results" time="0.0769999999999982"/>
    <testcase classname="ds.listServersideFunctions_smk_dgr_check_results" name="check_results" time="0.00199999999995271"/>
    <testcase classname="ds.listServersideFunctions_smk_dgr_check_results" name="check_results" time="0.000999999999976353"/>
    <testcase classname="ds.listServersideFunctions_smk_dgr_check_results" name="check_results" time="0.000999999999976353"/>
    <testcase classname="ds.listServersideFunctions_smk_dgr_check_results" name="check_results" time="0.00199999999995271"/>
    <testcase classname="ds.listServersideFunctions_smk_dgr_check_results" name="check_results" time="0.00100000000020373"/>
    <testcase classname="ds.listServersideFunctions_smk_dgr_check_results" name="check_results" time="0.000999999999976353"/>
    <testcase classname="ds.listServersideFunctions_smk_dgr_check_results" name="check_results" time="0.000999999999976353"/>
    <testcase classname="ds.listServersideFunctions_smk_dgr_check_results" name="check_results" time="0.000999999999976353"/>
    <testcase classname="ds.listServersideFunctions_smk_dgr_check_results" name="check_results" time="0.00199999999995271"/>
    <testcase classname="ds.listServersideFunctions_smk_dgr_check_results" name="check_results" time="0.000999999999976353"/>
    <testcase classname="ds.listServersideFunctions_smk_dgr_check_results" name="check_results" time="0.00199999999995271"/>
    <testcase classname="ds.listServersideFunctions_smk_dgr_check_results" name="check_results" time="0.00200000000018008"/>
    <testcase classname="ds.listServersideFunctions_smk_dgr_check_results" name="check_results" time="0.00199999999995271"/>
    <testcase classname="ds.listServersideFunctions_smk_dgr_check_results" name="check_results" time="0.000999999999976353"/>
    <testcase classname="ds.listServersideFunctions_smk_dgr_check_results" name="check_results" time="0.00199999999995271"/>
    <testcase classname="ds.listServersideFunctions_smk_dgr_check_results" name="check_results" time="0.00199999999995271"/>
    <testcase classname="ds.listServersideFunctions_smk_dgr_check_results" name="check_results" time="0.00199999999995271"/>
    <testcase classname="ds.listServersideFunctions_smk_dgr_check_results" name="check_results" time="0.00200000000018008"/>
    <testcase classname="ds.listServersideFunctions_smk_dgr_check_results" name="check_results" time="0.000999999999976353"/>
    <testcase classname="ds.listServersideFunctions_smk_dgr_check_results" name="check_results" time="0.00199999999995271"/>
    <testcase classname="ds.listServersideFunctions_smk_dgr_check_results" name="check_results" time="0.00199999999995271"/>
    <testcase classname="ds.listServersideFunctions_smk_dgr_check_results" name="check_results" time="0.00199999999995271"/>
    <testcase classname="ds.listServersideFunctions_smk_dgr_check_results" name="check_results" time="0.00200000000018008"/>
    <testcase classname="ds.listServersideFunctions_smk_dgr_check_results" name="check_results" time="0.00199999999995271"/>
    <testcase classname="ds.listServersideFunctions_smk_dgr_check_results" name="check_results" time="0.00199999999995271"/>
    <testcase classname="ds.listServersideFunctions_smk_dgr_check_results" name="check_results" time="0.000999999999976353"/>
    <testcase classname="ds.listServersideFunctions_smk_dgr_check_results" name="check_results" time="0.00199999999995271"/>
    <testcase classname="ds.listServersideFunctions_smk_dgr_check_results" name="check_results" time="0.00200000000018008"/>
    <testcase classname="ds.listServersideFunctions_smk_dgr_check_results" name="check_results" time="0.00199999999995271"/>
    <testcase classname="ds.listServersideFunctions_smk_dgr_check_results" name="check_results" time="0.00299999999992906"/>
  </testsuite>
  <testsuite errors="0" failures="0" hostname="fv-az14" name="ds.listServersideFunctions::smk_dgr::shtudown" skipped="0" tests="3" time="0.292" timestamp="2020-10-27T21:27:32Z">
    <testcase classname="ds.listServersideFunctions_smk_dgr_shtudown" name="shutdown" time="0.288999999999987"/>
    <testcase classname="ds.listServersideFunctions_smk_dgr_shtudown" name="shutdown" time="0.000999999999976353"/>
    <testcase classname="ds.listServersideFunctions_smk_dgr_shtudown" name="shutdown" time="0.00199999999995271"/>
  </testsuite>
  <testsuite errors="0" failures="0" hostname="fv-az14" name="ds.listServersideFunctions::smk_dgr::done" skipped="0" tests="0" time="0" timestamp="2020-10-27T21:27:33Z"/>
</testsuites>
