<?xml version="1.0" encoding="UTF-8"?>
<testsuites>
  <testsuite name="ds.asCharacter::arg::test errors" timestamp="2020-07-01T15:10:15Z" hostname="fv-az29" tests="1" skipped="0" failures="0" errors="0" time="7.41">
    <testcase time="7.41" classname="ds.asCharacter_arg_test_errors" name="asCharacter_erros"/>
  </testsuite>
  <testsuite name="ds.asDataMatrix::arg::test errors" timestamp="2020-07-01T15:10:21Z" hostname="fv-az29" tests="1" skipped="0" failures="0" errors="0" time="5.288">
    <testcase time="5.288" classname="ds.asDataMatrix_arg_test_errors" name="asDataMatrix_erros"/>
  </testsuite>
  <testsuite name="ds.asFactor::arg::test errors" timestamp="2020-07-01T15:10:26Z" hostname="fv-az29" tests="3" skipped="0" failures="0" errors="0" time="5.414">
    <testcase time="5.323" classname="ds.asFactor_arg_test_errors" name="asFactor_erros"/>
    <testcase time="0.0739999999999981" classname="ds.asFactor_arg_test_errors" name="asFactor_erros"/>
    <testcase time="0.0169999999999995" classname="ds.asFactor_arg_test_errors" name="asFactor_erros"/>
  </testsuite>
  <testsuite name="ds.asInteger::arg::test errors" timestamp="2020-07-01T15:10:31Z" hostname="fv-az29" tests="1" skipped="0" failures="0" errors="0" time="5.122">
    <testcase time="5.122" classname="ds.asInteger_arg_test_errors" name="asInteger_erros"/>
  </testsuite>
  <testsuite name="ds.asList::arg::test errors" timestamp="2020-07-01T15:10:36Z" hostname="fv-az29" tests="1" skipped="0" failures="0" errors="0" time="5.124">
    <testcase time="5.124" classname="ds.asList_arg_test_errors" name="asList_erros"/>
  </testsuite>
  <testsuite name="ds.asLogical::arg::test errors" timestamp="2020-07-01T15:10:41Z" hostname="fv-az29" tests="1" skipped="0" failures="0" errors="0" time="5.068">
    <testcase time="5.068" classname="ds.asLogical_arg_test_errors" name="asLogical_erros"/>
  </testsuite>
  <testsuite name="ds.asMatrix::arg::test errors" timestamp="2020-07-01T15:10:46Z" hostname="fv-az29" tests="1" skipped="0" failures="0" errors="0" time="5.028">
    <testcase time="5.028" classname="ds.asMatrix_arg_test_errors" name="asMatrix_erros"/>
  </testsuite>
  <testsuite name="ds.asNumeric::arg::test errors" timestamp="2020-07-01T15:10:51Z" hostname="fv-az29" tests="1" skipped="0" failures="0" errors="0" time="4.974">
    <testcase time="4.974" classname="ds.asNumeric_arg_test_errors" name="asNumeric_erros"/>
  </testsuite>
  <testsuite name="ds.assign::arg::test errors" timestamp="2020-07-01T15:10:56Z" hostname="fv-az29" tests="1" skipped="0" failures="0" errors="0" time="5.021">
    <testcase time="5.021" classname="ds.assign_arg_test_errors" name="assign_erros"/>
  </testsuite>
  <testsuite name="ds.Boole::arg::test errors" timestamp="2020-07-01T15:11:02Z" hostname="fv-az29" tests="5" skipped="0" failures="0" errors="0" time="5.193">
    <testcase time="5.085" classname="ds.Boole_arg_test_errors" name="Boole_erros"/>
    <testcase time="0.088000000000001" classname="ds.Boole_arg_test_errors" name="Boole_erros"/>
    <testcase time="0.0069999999999979" classname="ds.Boole_arg_test_errors" name="Boole_erros"/>
    <testcase time="0.0069999999999979" classname="ds.Boole_arg_test_errors" name="Boole_erros"/>
    <testcase time="0.00600000000000023" classname="ds.Boole_arg_test_errors" name="Boole_erros"/>
  </testsuite>
  <testsuite name="ds.cbind::arg::test errors" timestamp="2020-07-01T15:11:07Z" hostname="fv-az29" tests="2" skipped="0" failures="0" errors="0" time="6.588">
    <testcase time="5.391" classname="ds.cbind_arg_test_errors" name="cbind_erros"/>
    <testcase time="1.197" classname="ds.cbind_arg_test_errors" name="cbind_erros"/>
  </testsuite>
  <testsuite name="ds.changeRefGroup::arg::test errors" timestamp="2020-07-01T15:11:13Z" hostname="fv-az29" tests="3" skipped="0" failures="0" errors="0" time="6.162">
    <testcase time="5.116" classname="ds.changeRefGroup_arg_test_errors" name="changeRefGroup_erros"/>
    <testcase time="0.034000000000006" classname="ds.changeRefGroup_arg_test_errors" name="changeRefGroup_erros"/>
    <testcase time="1.012" classname="ds.changeRefGroup_arg_test_errors" name="changeRefGroup_erros"/>
  </testsuite>
  <testsuite name="ds.class::arg::test errors" timestamp="2020-07-01T15:11:19Z" hostname="fv-az29" tests="1" skipped="0" failures="0" errors="0" time="5.036">
    <testcase time="5.03599999999999" classname="ds.class_arg_test_errors" name="class_erros"/>
  </testsuite>
  <testsuite name="ds.colnames::arg::test errors" timestamp="2020-07-01T15:11:24Z" hostname="fv-az29" tests="1" skipped="0" failures="0" errors="0" time="5.043">
    <testcase time="5.04300000000001" classname="ds.colnames_arg_test_errors" name="simple_colnames_errors"/>
  </testsuite>
  <testsuite name="ds.completeCases::arg::test errors" timestamp="2020-07-01T15:11:29Z" hostname="fv-az29" tests="1" skipped="0" failures="0" errors="0" time="4.917">
    <testcase time="4.917" classname="ds.completeCases_arg_test_errors" name="completeCases_errors"/>
  </testsuite>
  <testsuite name="ds.cor::arg::test errors" timestamp="2020-07-01T15:11:34Z" hostname="fv-az29" tests="3" skipped="0" failures="0" errors="0" time="8.778">
    <testcase time="5.124" classname="ds.cor_arg_test_errors" name="cor_erros"/>
    <testcase time="1.31" classname="ds.cor_arg_test_errors" name="cor_erros"/>
    <testcase time="2.34399999999999" classname="ds.cor_arg_test_errors" name="cor_erros"/>
  </testsuite>
  <testsuite name="ds.corTest::arg" timestamp="2020-07-01T15:11:43Z" hostname="fv-az29" tests="2" skipped="0" failures="0" errors="0" time="5.143">
    <testcase time="5.10600000000001" classname="ds.corTest_arg" name="simple_arg_test"/>
    <testcase time="0.0369999999999919" classname="ds.corTest_arg" name="simple_arg_test"/>
  </testsuite>
  <testsuite name="ds.cov::arg::test errors" timestamp="2020-07-01T15:11:48Z" hostname="fv-az29" tests="3" skipped="0" failures="0" errors="0" time="8.499">
    <testcase time="5.029" classname="ds.cov_arg_test_errors" name="cov_erros"/>
    <testcase time="1.23" classname="ds.cov_arg_test_errors" name="cov_erros"/>
    <testcase time="2.23999999999999" classname="ds.cov_arg_test_errors" name="cov_erros"/>
  </testsuite>
  <testsuite name="ds.c::arg::test errors" timestamp="2020-07-01T15:11:57Z" hostname="fv-az29" tests="1" skipped="0" failures="0" errors="0" time="5.016">
    <testcase time="5.01600000000001" classname="ds.c_arg_test_errors" name="simple_c_errors"/>
  </testsuite>
  <testsuite name="ds.dataFrameFill::arg::test errors" timestamp="2020-07-01T15:12:02Z" hostname="fv-az29" tests="3" skipped="0" failures="0" errors="0" time="6.433">
    <testcase time="4.94799999999999" classname="ds.dataFrameFill_arg_test_errors" name="dataFrameFill_erros"/>
    <testcase time="0.38600000000001" classname="ds.dataFrameFill_arg_test_errors" name="dataFrameFill_erros"/>
    <testcase time="1.09899999999999" classname="ds.dataFrameFill_arg_test_errors" name="dataFrameFill_erros"/>
  </testsuite>
  <testsuite name="ds.dataFrame::arg::test errors" timestamp="2020-07-01T15:12:08Z" hostname="fv-az29" tests="2" skipped="0" failures="0" errors="0" time="6.522">
    <testcase time="5.00200000000001" classname="ds.dataFrame_arg_test_errors" name="dataframe_erros"/>
    <testcase time="1.52" classname="ds.dataFrame_arg_test_errors" name="dataframe_erros"/>
  </testsuite>
  <testsuite name="ds.dataFrameSubset::arg::setup" timestamp="2020-07-01T15:12:10Z" hostname="fv-az29" tests="3" skipped="0" failures="0" errors="0" time="5.331">
    <testcase time="5.32900000000001" classname="ds.dataFrameSubset_arg_setup" name="setup"/>
    <testcase time="0.00100000000000477" classname="ds.dataFrameSubset_arg_setup" name="setup"/>
    <testcase time="0.000999999999976353" classname="ds.dataFrameSubset_arg_setup" name="setup"/>
  </testsuite>
  <testsuite name="ds.dataFrameSubset::arg::test errors" timestamp="2020-07-01T15:12:15Z" hostname="fv-az29" tests="1" skipped="0" failures="0" errors="0" time="0.01">
    <testcase time="0.0100000000000193" classname="ds.dataFrameSubset_arg_test_errors" name="dataFrameSubset_erros"/>
  </testsuite>
  <testsuite name="ds.dataFrameSubset::arg::shutdown" timestamp="2020-07-01T15:12:15Z" hostname="fv-az29" tests="3" skipped="0" failures="0" errors="0" time="0.333">
    <testcase time="0.329999999999984" classname="ds.dataFrameSubset_arg_shutdown" name="shutdown"/>
    <testcase time="0.00200000000000955" classname="ds.dataFrameSubset_arg_shutdown" name="shutdown"/>
    <testcase time="0.00100000000000477" classname="ds.dataFrameSubset_arg_shutdown" name="shutdown"/>
  </testsuite>
  <testsuite name="ds.dataFrameSubset::arg::done" timestamp="2020-07-01T15:12:16Z" hostname="fv-az29" tests="0" skipped="0" failures="0" errors="0" time="0"/>
  <testsuite name="ds.dim::arg::test errors" timestamp="2020-07-01T15:12:20Z" hostname="fv-az29" tests="3" skipped="0" failures="0" errors="0" time="6.49">
    <testcase time="5.02199999999999" classname="ds.dim_arg_test_errors" name="dim_erros"/>
    <testcase time="1.173" classname="ds.dim_arg_test_errors" name="dim_erros"/>
    <testcase time="0.294999999999987" classname="ds.dim_arg_test_errors" name="dim_erros"/>
  </testsuite>
  <testsuite name="ds.exists::arg::test errors" timestamp="2020-07-01T15:12:27Z" hostname="fv-az29" tests="1" skipped="0" failures="0" errors="0" time="5.051">
    <testcase time="5.05100000000002" classname="ds.exists_arg_test_errors" name="simple_exists_errors"/>
  </testsuite>
  <testsuite name="ds.exp::arg::test errors" timestamp="2020-07-01T15:12:32Z" hostname="fv-az29" tests="1" skipped="0" failures="0" errors="0" time="4.969">
    <testcase time="4.96899999999999" classname="ds.exp_arg_test_errors" name="exp_erros"/>
  </testsuite>
  <testsuite name="ds.foobar::arg::setup" timestamp="2020-07-01T15:12:33Z" hostname="fv-az29" tests="3" skipped="0" failures="0" errors="0" time="5.401">
    <testcase time="5.398" classname="ds.foobar_arg_setup" name="setup"/>
    <testcase time="0.00200000000000955" classname="ds.foobar_arg_setup" name="setup"/>
    <testcase time="0.00100000000000477" classname="ds.foobar_arg_setup" name="setup"/>
  </testsuite>
  <testsuite name="ds.foobar::arg::aggregate" timestamp="2020-07-01T15:12:37Z" hostname="fv-az29" tests="2" skipped="0" failures="0" errors="0" time="0.012">
    <testcase time="0.00999999999999091" classname="ds.foobar_arg_aggregate" name="NULL_connections"/>
    <testcase time="0.00200000000000955" classname="ds.foobar_arg_aggregate" name="NULL_connections"/>
  </testsuite>
  <testsuite name="ds.foobar::arg::aggregate" timestamp="2020-07-01T15:12:37Z" hostname="fv-az29" tests="8" skipped="0" failures="0" errors="0" time="0.022">
    <testcase time="0.0109999999999957" classname="ds.foobar_arg_aggregate" name="NULL_expr"/>
    <testcase time="0.00199999999998113" classname="ds.foobar_arg_aggregate" name="NULL_expr"/>
    <testcase time="0.00100000000000477" classname="ds.foobar_arg_aggregate" name="NULL_expr"/>
    <testcase time="0.00100000000000477" classname="ds.foobar_arg_aggregate" name="NULL_expr"/>
    <testcase time="0.00200000000000955" classname="ds.foobar_arg_aggregate" name="NULL_expr"/>
    <testcase time="0.00199999999998113" classname="ds.foobar_arg_aggregate" name="NULL_expr"/>
    <testcase time="0.00100000000000477" classname="ds.foobar_arg_aggregate" name="NULL_expr"/>
    <testcase time="0.00200000000000955" classname="ds.foobar_arg_aggregate" name="NULL_expr"/>
  </testsuite>
  <testsuite name="ds.foobar::arg::aggregate" timestamp="2020-07-01T15:12:37Z" hostname="fv-az29" tests="8" skipped="0" failures="0" errors="0" time="0.238">
    <testcase time="0.228000000000009" classname="ds.foobar_arg_aggregate" name="non_existent_aggregate_foobarDS"/>
    <testcase time="0.000999999999976353" classname="ds.foobar_arg_aggregate" name="non_existent_aggregate_foobarDS"/>
    <testcase time="0.00100000000000477" classname="ds.foobar_arg_aggregate" name="non_existent_aggregate_foobarDS"/>
    <testcase time="0.00200000000000955" classname="ds.foobar_arg_aggregate" name="non_existent_aggregate_foobarDS"/>
    <testcase time="0.00100000000000477" classname="ds.foobar_arg_aggregate" name="non_existent_aggregate_foobarDS"/>
    <testcase time="0.00199999999998113" classname="ds.foobar_arg_aggregate" name="non_existent_aggregate_foobarDS"/>
    <testcase time="0.00100000000000477" classname="ds.foobar_arg_aggregate" name="non_existent_aggregate_foobarDS"/>
    <testcase time="0.00200000000000955" classname="ds.foobar_arg_aggregate" name="non_existent_aggregate_foobarDS"/>
  </testsuite>
  <testsuite name="ds.foobar::arg::assign" timestamp="2020-07-01T15:12:38Z" hostname="fv-az29" tests="2" skipped="0" failures="0" errors="0" time="0.012">
    <testcase time="0.00999999999999091" classname="ds.foobar_arg_assign" name="NULL_connections"/>
    <testcase time="0.00200000000000955" classname="ds.foobar_arg_assign" name="NULL_connections"/>
  </testsuite>
  <testsuite name="ds.foobar::arg::assign" timestamp="2020-07-01T15:12:38Z" hostname="fv-az29" tests="2" skipped="0" failures="0" errors="0" time="0.012">
    <testcase time="0.00999999999999091" classname="ds.foobar_arg_assign" name="NULL_value"/>
    <testcase time="0.00200000000000955" classname="ds.foobar_arg_assign" name="NULL_value"/>
  </testsuite>
  <testsuite name="ds.foobar::arg::assign" timestamp="2020-07-01T15:12:38Z" hostname="fv-az29" tests="8" skipped="0" failures="0" errors="0" time="0.244">
    <testcase time="0.233000000000004" classname="ds.foobar_arg_assign" name="non_existent_assign_foobarDS"/>
    <testcase time="0.00199999999998113" classname="ds.foobar_arg_assign" name="non_existent_assign_foobarDS"/>
    <testcase time="0.00200000000000955" classname="ds.foobar_arg_assign" name="non_existent_assign_foobarDS"/>
    <testcase time="0.00100000000000477" classname="ds.foobar_arg_assign" name="non_existent_assign_foobarDS"/>
    <testcase time="0.00199999999998113" classname="ds.foobar_arg_assign" name="non_existent_assign_foobarDS"/>
    <testcase time="0.00100000000000477" classname="ds.foobar_arg_assign" name="non_existent_assign_foobarDS"/>
    <testcase time="0.00200000000000955" classname="ds.foobar_arg_assign" name="non_existent_assign_foobarDS"/>
    <testcase time="0.00100000000000477" classname="ds.foobar_arg_assign" name="non_existent_assign_foobarDS"/>
  </testsuite>
  <testsuite name="ds.foobar::arg::shutdown" timestamp="2020-07-01T15:12:38Z" hostname="fv-az29" tests="3" skipped="0" failures="0" errors="0" time="0.284">
    <testcase time="0.281000000000006" classname="ds.foobar_arg_shutdown" name="shutdown"/>
    <testcase time="0.00199999999998113" classname="ds.foobar_arg_shutdown" name="shutdown"/>
    <testcase time="0.00100000000000477" classname="ds.foobar_arg_shutdown" name="shutdown"/>
  </testsuite>
  <testsuite name="ds.foobar::arg::done" timestamp="2020-07-01T15:12:39Z" hostname="fv-az29" tests="0" skipped="0" failures="0" errors="0" time="0"/>
  <testsuite name="ds.glmerSLMA::arg::setup" timestamp="2020-07-01T15:12:39Z" hostname="fv-az29" tests="3" skipped="0" failures="0" errors="0" time="5.37">
    <testcase time="5.36699999999999" classname="ds.glmerSLMA_arg_setup" name="setup"/>
    <testcase time="0.00200000000000955" classname="ds.glmerSLMA_arg_setup" name="setup"/>
    <testcase time="0.00100000000000477" classname="ds.glmerSLMA_arg_setup" name="setup"/>
  </testsuite>
  <testsuite name="ds.glmerSLMA::arg::testing" timestamp="2020-07-01T15:12:44Z" hostname="fv-az29" tests="18" skipped="0" failures="0" errors="0" time="4.316">
    <testcase time="0.0159999999999911" classname="ds.glmerSLMA_arg_testing" name="simple_glmerSLMA_tesing_mis_use_of_arguments"/>
    <testcase time="2.774" classname="ds.glmerSLMA_arg_testing" name="simple_glmerSLMA_tesing_mis_use_of_arguments"/>
    <testcase time="0.00100000000000477" classname="ds.glmerSLMA_arg_testing" name="simple_glmerSLMA_tesing_mis_use_of_arguments"/>
    <testcase time="0.00100000000000477" classname="ds.glmerSLMA_arg_testing" name="simple_glmerSLMA_tesing_mis_use_of_arguments"/>
    <testcase time="0.00200000000000955" classname="ds.glmerSLMA_arg_testing" name="simple_glmerSLMA_tesing_mis_use_of_arguments"/>
    <testcase time="0.000999999999976353" classname="ds.glmerSLMA_arg_testing" name="simple_glmerSLMA_tesing_mis_use_of_arguments"/>
    <testcase time="0.548000000000002" classname="ds.glmerSLMA_arg_testing" name="simple_glmerSLMA_tesing_mis_use_of_arguments"/>
    <testcase time="0.00200000000000955" classname="ds.glmerSLMA_arg_testing" name="simple_glmerSLMA_tesing_mis_use_of_arguments"/>
    <testcase time="0.00100000000000477" classname="ds.glmerSLMA_arg_testing" name="simple_glmerSLMA_tesing_mis_use_of_arguments"/>
    <testcase time="0.00100000000000477" classname="ds.glmerSLMA_arg_testing" name="simple_glmerSLMA_tesing_mis_use_of_arguments"/>
    <testcase time="0.00199999999998113" classname="ds.glmerSLMA_arg_testing" name="simple_glmerSLMA_tesing_mis_use_of_arguments"/>
    <testcase time="0.272999999999996" classname="ds.glmerSLMA_arg_testing" name="simple_glmerSLMA_tesing_mis_use_of_arguments"/>
    <testcase time="0.684000000000026" classname="ds.glmerSLMA_arg_testing" name="simple_glmerSLMA_tesing_mis_use_of_arguments"/>
    <testcase time="0.000999999999976353" classname="ds.glmerSLMA_arg_testing" name="simple_glmerSLMA_tesing_mis_use_of_arguments"/>
    <testcase time="0.00100000000000477" classname="ds.glmerSLMA_arg_testing" name="simple_glmerSLMA_tesing_mis_use_of_arguments"/>
    <testcase time="0.00100000000000477" classname="ds.glmerSLMA_arg_testing" name="simple_glmerSLMA_tesing_mis_use_of_arguments"/>
    <testcase time="0.00100000000000477" classname="ds.glmerSLMA_arg_testing" name="simple_glmerSLMA_tesing_mis_use_of_arguments"/>
    <testcase time="0.00600000000000023" classname="ds.glmerSLMA_arg_testing" name="simple_glmerSLMA_tesing_mis_use_of_arguments"/>
  </testsuite>
  <testsuite name="ds.glmerSLMA::arg::shutdown" timestamp="2020-07-01T15:12:48Z" hostname="fv-az29" tests="3" skipped="0" failures="0" errors="0" time="0.281">
    <testcase time="0.277999999999992" classname="ds.glmerSLMA_arg_shutdown" name="setup"/>
    <testcase time="0.00200000000000955" classname="ds.glmerSLMA_arg_shutdown" name="setup"/>
    <testcase time="0.000999999999976353" classname="ds.glmerSLMA_arg_shutdown" name="setup"/>
  </testsuite>
  <testsuite name="ds.glmerSLMA::arg::done" timestamp="2020-07-01T15:12:49Z" hostname="fv-az29" tests="0" skipped="0" failures="0" errors="0" time="0"/>
  <testsuite name="ds.glm::arg::test errors" timestamp="2020-07-01T15:12:53Z" hostname="fv-az29" tests="2" skipped="0" failures="0" errors="0" time="5.516">
    <testcase time="5.02900000000002" classname="ds.glm_arg_test_errors" name="glm_erros"/>
    <testcase time="0.486999999999995" classname="ds.glm_arg_test_errors" name="glm_erros"/>
  </testsuite>
  <testsuite name="ds.glmSLMA::arg::test errors" timestamp="2020-07-01T15:12:59Z" hostname="fv-az29" tests="1" skipped="0" failures="0" errors="0" time="5.023">
    <testcase time="5.023" classname="ds.glmSLMA_arg_test_errors" name="glmSLMA_erros"/>
  </testsuite>
  <testsuite name="ds.isNA::smk::errors" timestamp="2020-07-01T15:13:04Z" hostname="fv-az29" tests="1" skipped="0" failures="0" errors="0" time="4.941">
    <testcase time="4.941" classname="ds.isNA_smk_errors" name="isNA_errors"/>
  </testsuite>
  <testsuite name="ds.isValid::smk::errors" timestamp="2020-07-01T15:13:09Z" hostname="fv-az29" tests="2" skipped="0" failures="0" errors="0" time="6.145">
    <testcase time="5.006" classname="ds.isValid_smk_errors" name="isValid_errors"/>
    <testcase time="1.13900000000001" classname="ds.isValid_smk_errors" name="isValid_errors"/>
  </testsuite>
  <testsuite name="ds.length::arg::test errors" timestamp="2020-07-01T15:13:15Z" hostname="fv-az29" tests="5" skipped="0" failures="0" errors="0" time="8.003">
    <testcase time="5.96099999999998" classname="ds.length_arg_test_errors" name="length_erros"/>
    <testcase time="0.0869999999999891" classname="ds.length_arg_test_errors" name="length_erros"/>
    <testcase time="0.00600000000000023" classname="ds.length_arg_test_errors" name="length_erros"/>
    <testcase time="0.981000000000023" classname="ds.length_arg_test_errors" name="length_erros"/>
    <testcase time="0.967999999999989" classname="ds.length_arg_test_errors" name="length_erros"/>
  </testsuite>
  <testsuite name="ds.levels::arg" timestamp="2020-07-01T15:13:23Z" hostname="fv-az29" tests="2" skipped="0" failures="0" errors="0" time="5.378">
    <testcase time="5.06200000000001" classname="ds.levels_arg" name="simple_levels"/>
    <testcase time="0.316000000000003" classname="ds.levels_arg" name="simple_levels"/>
  </testsuite>
  <testsuite name="ds.lexis::arg::test errors" timestamp="2020-07-01T15:13:28Z" hostname="fv-az29" tests="1" skipped="0" failures="0" errors="0" time="4.924">
    <testcase time="4.92399999999998" classname="ds.lexis_arg_test_errors" name="lexis_erros"/>
  </testsuite>
  <testsuite name="ds.list::arg::test errors" timestamp="2020-07-01T15:13:33Z" hostname="fv-az29" tests="1" skipped="0" failures="0" errors="0" time="5.026">
    <testcase time="5.02600000000001" classname="ds.list_arg_test_errors" name="simple_ds.list_errors"/>
  </testsuite>
  <testsuite name="ds.lmerSLMA::arg::setup" timestamp="2020-07-01T15:13:34Z" hostname="fv-az29" tests="3" skipped="0" failures="0" errors="0" time="5.288">
    <testcase time="5.285" classname="ds.lmerSLMA_arg_setup" name="setup"/>
    <testcase time="0.00200000000000955" classname="ds.lmerSLMA_arg_setup" name="setup"/>
    <testcase time="0.00100000000000477" classname="ds.lmerSLMA_arg_setup" name="setup"/>
  </testsuite>
  <testsuite name="ds.lmerSLMA::arg" timestamp="2020-07-01T15:13:38Z" hostname="fv-az29" tests="17" skipped="0" failures="0" errors="0" time="4.191">
    <testcase time="2.33799999999999" classname="ds.lmerSLMA_arg" name="simple_lmerSLMA_tesing_mis_use_of_arguments"/>
    <testcase time="0.00100000000000477" classname="ds.lmerSLMA_arg" name="simple_lmerSLMA_tesing_mis_use_of_arguments"/>
    <testcase time="0.00199999999998113" classname="ds.lmerSLMA_arg" name="simple_lmerSLMA_tesing_mis_use_of_arguments"/>
    <testcase time="0.00100000000000477" classname="ds.lmerSLMA_arg" name="simple_lmerSLMA_tesing_mis_use_of_arguments"/>
    <testcase time="0.00300000000001432" classname="ds.lmerSLMA_arg" name="simple_lmerSLMA_tesing_mis_use_of_arguments"/>
    <testcase time="0.798000000000002" classname="ds.lmerSLMA_arg" name="simple_lmerSLMA_tesing_mis_use_of_arguments"/>
    <testcase time="0.00199999999998113" classname="ds.lmerSLMA_arg" name="simple_lmerSLMA_tesing_mis_use_of_arguments"/>
    <testcase time="0.00100000000000477" classname="ds.lmerSLMA_arg" name="simple_lmerSLMA_tesing_mis_use_of_arguments"/>
    <testcase time="0.00100000000000477" classname="ds.lmerSLMA_arg" name="simple_lmerSLMA_tesing_mis_use_of_arguments"/>
    <testcase time="0.00200000000000955" classname="ds.lmerSLMA_arg" name="simple_lmerSLMA_tesing_mis_use_of_arguments"/>
    <testcase time="0.277999999999992" classname="ds.lmerSLMA_arg" name="simple_lmerSLMA_tesing_mis_use_of_arguments"/>
    <testcase time="0.75" classname="ds.lmerSLMA_arg" name="simple_lmerSLMA_tesing_mis_use_of_arguments"/>
    <testcase time="0.00199999999998113" classname="ds.lmerSLMA_arg" name="simple_lmerSLMA_tesing_mis_use_of_arguments"/>
    <testcase time="0.00200000000000955" classname="ds.lmerSLMA_arg" name="simple_lmerSLMA_tesing_mis_use_of_arguments"/>
    <testcase time="0.00200000000000955" classname="ds.lmerSLMA_arg" name="simple_lmerSLMA_tesing_mis_use_of_arguments"/>
    <testcase time="0.00199999999998113" classname="ds.lmerSLMA_arg" name="simple_lmerSLMA_tesing_mis_use_of_arguments"/>
    <testcase time="0.00600000000000023" classname="ds.lmerSLMA_arg" name="simple_lmerSLMA_tesing_mis_use_of_arguments"/>
  </testsuite>
  <testsuite name="ds.lmerSLMA::arg::shutdown" timestamp="2020-07-01T15:13:43Z" hostname="fv-az29" tests="3" skipped="0" failures="0" errors="0" time="0.279">
    <testcase time="0.277000000000015" classname="ds.lmerSLMA_arg_shutdown" name="shutdown"/>
    <testcase time="0.00100000000000477" classname="ds.lmerSLMA_arg_shutdown" name="shutdown"/>
    <testcase time="0.00100000000000477" classname="ds.lmerSLMA_arg_shutdown" name="shutdown"/>
  </testsuite>
  <testsuite name="ds.lmerSLMA::arg::done" timestamp="2020-07-01T15:13:43Z" hostname="fv-az29" tests="0" skipped="0" failures="0" errors="0" time="0"/>
  <testsuite name="ds.log::arg::test errors" timestamp="2020-07-01T15:13:48Z" hostname="fv-az29" tests="1" skipped="0" failures="0" errors="0" time="4.959">
    <testcase time="4.95899999999997" classname="ds.log_arg_test_errors" name="log_erros"/>
  </testsuite>
  <testsuite name="ds.look::arg::test errors" timestamp="2020-07-01T15:13:53Z" hostname="fv-az29" tests="2" skipped="0" failures="0" errors="0" time="5.002">
    <testcase time="4.99700000000001" classname="ds.look_arg_test_errors" name="look_erros"/>
    <testcase time="0.00499999999999545" classname="ds.look_arg_test_errors" name="look_erros"/>
  </testsuite>
  <testsuite name="ds.ls::arg::setup" timestamp="2020-07-01T15:13:53Z" hostname="fv-az29" tests="3" skipped="0" failures="0" errors="0" time="5.308">
    <testcase time="5.30500000000001" classname="ds.ls_arg_setup" name="setup"/>
    <testcase time="0.00200000000000955" classname="ds.ls_arg_setup" name="setup"/>
    <testcase time="0.000999999999976353" classname="ds.ls_arg_setup" name="setup"/>
  </testsuite>
  <testsuite name="ds.ls::arg" timestamp="2020-07-01T15:13:58Z" hostname="fv-az29" tests="6" skipped="0" failures="0" errors="0" time="0.014">
    <testcase time="0.00600000000000023" classname="ds.ls_arg" name="containing_escape_sequence"/>
    <testcase time="0.00100000000000477" classname="ds.ls_arg" name="containing_escape_sequence"/>
    <testcase time="0.00200000000000955" classname="ds.ls_arg" name="containing_escape_sequence"/>
    <testcase time="0.00200000000000955" classname="ds.ls_arg" name="containing_escape_sequence"/>
    <testcase time="0.000999999999976353" classname="ds.ls_arg" name="containing_escape_sequence"/>
    <testcase time="0.00200000000000955" classname="ds.ls_arg" name="containing_escape_sequence"/>
  </testsuite>
  <testsuite name="ds.ls::arg::shutdown" timestamp="2020-07-01T15:13:58Z" hostname="fv-az29" tests="3" skipped="0" failures="0" errors="0" time="0.285">
    <testcase time="0.283000000000015" classname="ds.ls_arg_shutdown" name="shutdown"/>
    <testcase time="0.000999999999976353" classname="ds.ls_arg_shutdown" name="shutdown"/>
    <testcase time="0.00100000000000477" classname="ds.ls_arg_shutdown" name="shutdown"/>
  </testsuite>
  <testsuite name="ds.ls::arg::done" timestamp="2020-07-01T15:13:59Z" hostname="fv-az29" tests="0" skipped="0" failures="0" errors="0" time="0"/>
  <testsuite name="ds.make::arg::test errors" timestamp="2020-07-01T15:14:03Z" hostname="fv-az29" tests="1" skipped="0" failures="0" errors="0" time="5.041">
    <testcase time="5.041" classname="ds.make_arg_test_errors" name="make_erros"/>
  </testsuite>
  <testsuite name="ds.matrixDet::arg::test errors" timestamp="2020-07-01T15:14:08Z" hostname="fv-az29" tests="1" skipped="0" failures="0" errors="0" time="4.959">
    <testcase time="4.959" classname="ds.matrixDet_arg_test_errors" name="matrixDet_erros"/>
  </testsuite>
  <testsuite name="ds.matrixDet.report::arg::test errors" timestamp="2020-07-01T15:14:13Z" hostname="fv-az29" tests="1" skipped="0" failures="0" errors="0" time="5.025">
    <testcase time="5.02500000000001" classname="ds.matrixDet.report_arg_test_errors" name="ds.matixDet.report_erros"/>
  </testsuite>
  <testsuite name="ds.matrixDiag::arg::test errors" timestamp="2020-07-01T15:14:18Z" hostname="fv-az29" tests="2" skipped="0" failures="0" errors="0" time="5.036">
    <testcase time="5.03500000000003" classname="ds.matrixDiag_arg_test_errors" name="matrixDiag_erros"/>
    <testcase time="0.000999999999976353" classname="ds.matrixDiag_arg_test_errors" name="matrixDiag_erros"/>
  </testsuite>
  <testsuite name="ds.matrixDimnames::arg::test errors" timestamp="2020-07-01T15:14:23Z" hostname="fv-az29" tests="1" skipped="0" failures="0" errors="0" time="4.927">
    <testcase time="4.92700000000002" classname="ds.matrixDimnames_arg_test_errors" name="matrixDimnames_erros"/>
  </testsuite>
  <testsuite name="ds.matrixInvert::arg::test errors" timestamp="2020-07-01T15:14:28Z" hostname="fv-az29" tests="1" skipped="0" failures="0" errors="0" time="5.015">
    <testcase time="5.01499999999999" classname="ds.matrixInvert_arg_test_errors" name="matrixInvert_erros"/>
  </testsuite>
  <testsuite name="ds.matrixMult::arg::test errors" timestamp="2020-07-01T15:14:33Z" hostname="fv-az29" tests="1" skipped="0" failures="0" errors="0" time="4.991">
    <testcase time="4.99099999999999" classname="ds.matrixMult_arg_test_errors" name="matrixMult_erros"/>
  </testsuite>
  <testsuite name="ds.matrix::arg::test errors" timestamp="2020-07-01T15:14:38Z" hostname="fv-az29" tests="1" skipped="0" failures="0" errors="0" time="4.955">
    <testcase time="4.95499999999998" classname="ds.matrix_arg_test_errors" name="matrix_erros"/>
  </testsuite>
  <testsuite name="ds.matrixTranspose::arg::test errors" timestamp="2020-07-01T15:14:43Z" hostname="fv-az29" tests="1" skipped="0" failures="0" errors="0" time="4.923">
    <testcase time="4.923" classname="ds.matrixTranspose_arg_test_errors" name="matrixTranspose_erros"/>
  </testsuite>
  <testsuite name="ds.meanByClass::arg::test errors" timestamp="2020-07-01T15:14:48Z" hostname="fv-az29" tests="8" skipped="0" failures="0" errors="0" time="11.153">
    <testcase time="7.95600000000002" classname="ds.meanByClass_arg_test_errors" name="meanByClass_erros"/>
    <testcase time="0.007000000000005" classname="ds.meanByClass_arg_test_errors" name="meanByClass_erros"/>
    <testcase time="0.0029999999999859" classname="ds.meanByClass_arg_test_errors" name="meanByClass_erros"/>
    <testcase time="1.24099999999999" classname="ds.meanByClass_arg_test_errors" name="meanByClass_erros"/>
    <testcase time="0.00200000000000955" classname="ds.meanByClass_arg_test_errors" name="meanByClass_erros"/>
    <testcase time="1.93299999999999" classname="ds.meanByClass_arg_test_errors" name="meanByClass_erros"/>
    <testcase time="0.0010000000000332" classname="ds.meanByClass_arg_test_errors" name="meanByClass_erros"/>
    <testcase time="0.00999999999999091" classname="ds.meanByClass_arg_test_errors" name="meanByClass_erros"/>
  </testsuite>
  <testsuite name="ds.mean::arg::test errors" timestamp="2020-07-01T15:14:59Z" hostname="fv-az29" tests="3" skipped="0" failures="0" errors="0" time="7.012">
    <testcase time="5.94099999999997" classname="ds.mean_arg_test_errors" name="mean_erros"/>
    <testcase time="0.109000000000037" classname="ds.mean_arg_test_errors" name="mean_erros"/>
    <testcase time="0.961999999999989" classname="ds.mean_arg_test_errors" name="mean_erros"/>
  </testsuite>
  <testsuite name="ds.meanSdGp::arg::test errors" timestamp="2020-07-01T15:15:07Z" hostname="fv-az29" tests="1" skipped="0" failures="0" errors="0" time="5.071">
    <testcase time="5.07100000000003" classname="ds.meanSdGp_arg_test_errors" name="meanSdGp_erros"/>
  </testsuite>
  <testsuite name="ds.merge::arg::test errors" timestamp="2020-07-01T15:15:12Z" hostname="fv-az29" tests="5" skipped="0" failures="0" errors="0" time="5.132">
    <testcase time="5.041" classname="ds.merge_arg_test_errors" name="merge_erros"/>
    <testcase time="0.06899999999996" classname="ds.merge_arg_test_errors" name="merge_erros"/>
    <testcase time="0.0080000000000382" classname="ds.merge_arg_test_errors" name="merge_erros"/>
    <testcase time="0.007000000000005" classname="ds.merge_arg_test_errors" name="merge_erros"/>
    <testcase time="0.00699999999994816" classname="ds.merge_arg_test_errors" name="merge_erros"/>
  </testsuite>
  <testsuite name="ds.message::arg" timestamp="2020-07-01T15:15:17Z" hostname="fv-az29" tests="2" skipped="0" failures="0" errors="0" time="5.06">
    <testcase time="5.05400000000003" classname="ds.message_arg" name="request_message_for_NULL"/>
    <testcase time="0.00599999999997181" classname="ds.message_arg" name="request_message_for_NULL"/>
  </testsuite>
  <testsuite name="ds.names::arg::test errors" timestamp="2020-07-01T15:15:22Z" hostname="fv-az29" tests="7" skipped="0" failures="0" errors="0" time="5.351">
    <testcase time="4.976" classname="ds.names_arg_test_errors" name="simple_ds.names_errors"/>
    <testcase time="0.368000000000052" classname="ds.names_arg_test_errors" name="simple_ds.names_errors"/>
    <testcase time="0.00199999999995271" classname="ds.names_arg_test_errors" name="simple_ds.names_errors"/>
    <testcase time="0.0010000000000332" classname="ds.names_arg_test_errors" name="simple_ds.names_errors"/>
    <testcase time="0.000999999999976353" classname="ds.names_arg_test_errors" name="simple_ds.names_errors"/>
    <testcase time="0.00200000000000955" classname="ds.names_arg_test_errors" name="simple_ds.names_errors"/>
    <testcase time="0.000999999999976353" classname="ds.names_arg_test_errors" name="simple_ds.names_errors"/>
  </testsuite>
  <testsuite name="ds.numNA::arg::test errors" timestamp="2020-07-01T15:15:27Z" hostname="fv-az29" tests="1" skipped="0" failures="0" errors="0" time="5.058">
    <testcase time="5.05800000000005" classname="ds.numNA_arg_test_errors" name="simple_ds.numNA_errors"/>
  </testsuite>
  <testsuite name="ds.quantileMean::arg::test errors" timestamp="2020-07-01T15:15:32Z" hostname="fv-az29" tests="3" skipped="0" failures="0" errors="0" time="8.765">
    <testcase time="5.923" classname="ds.quantileMean_arg_test_errors" name="quantileMean_erros"/>
    <testcase time="1.86199999999997" classname="ds.quantileMean_arg_test_errors" name="quantileMean_erros"/>
    <testcase time="0.980000000000018" classname="ds.quantileMean_arg_test_errors" name="quantileMean_erros"/>
  </testsuite>
  <testsuite name="ds.rbind::arg::test errors" timestamp="2020-07-01T15:15:41Z" hostname="fv-az29" tests="1" skipped="0" failures="0" errors="0" time="5.002">
    <testcase time="5.00200000000001" classname="ds.rbind_arg_test_errors" name="rbind_erros"/>
  </testsuite>
  <testsuite name="ds.rBinom::arg::test errors" timestamp="2020-07-01T15:15:46Z" hostname="fv-az29" tests="2" skipped="0" failures="0" errors="0" time="5.052">
    <testcase time="5.05099999999999" classname="ds.rBinom_arg_test_errors" name="rBinom_erros"/>
    <testcase time="0.000999999999976353" classname="ds.rBinom_arg_test_errors" name="rBinom_erros"/>
  </testsuite>
  <testsuite name="ds.recodeLevels::arg::test errors" timestamp="2020-07-01T15:15:51Z" hostname="fv-az29" tests="8" skipped="0" failures="0" errors="0" time="7.355">
    <testcase time="5.09000000000003" classname="ds.recodeLevels_arg_test_errors" name="recodeLevels_erros"/>
    <testcase time="0.00599999999997181" classname="ds.recodeLevels_arg_test_errors" name="recodeLevels_erros"/>
    <testcase time="0.0430000000000064" classname="ds.recodeLevels_arg_test_errors" name="recodeLevels_erros"/>
    <testcase time="0.00600000000002865" classname="ds.recodeLevels_arg_test_errors" name="recodeLevels_erros"/>
    <testcase time="0.0029999999999859" classname="ds.recodeLevels_arg_test_errors" name="recodeLevels_erros"/>
    <testcase time="0.966000000000008" classname="ds.recodeLevels_arg_test_errors" name="recodeLevels_erros"/>
    <testcase time="0.0029999999999859" classname="ds.recodeLevels_arg_test_errors" name="recodeLevels_erros"/>
    <testcase time="1.238" classname="ds.recodeLevels_arg_test_errors" name="recodeLevels_erros"/>
  </testsuite>
  <testsuite name="ds.recodeValues::arg::test errors" timestamp="2020-07-01T15:15:58Z" hostname="fv-az29" tests="6" skipped="0" failures="0" errors="0" time="5.201">
    <testcase time="5.07099999999997" classname="ds.recodeValues_arg_test_errors" name="recodeValues_erros"/>
    <testcase time="0.100000000000023" classname="ds.recodeValues_arg_test_errors" name="recodeValues_erros"/>
    <testcase time="0.007000000000005" classname="ds.recodeValues_arg_test_errors" name="recodeValues_erros"/>
    <testcase time="0.00599999999997181" classname="ds.recodeValues_arg_test_errors" name="recodeValues_erros"/>
    <testcase time="0.0080000000000382" classname="ds.recodeValues_arg_test_errors" name="recodeValues_erros"/>
    <testcase time="0.00900000000001455" classname="ds.recodeValues_arg_test_errors" name="recodeValues_erros"/>
  </testsuite>
  <testsuite name="ds.replaceNA::arg::test errors" timestamp="2020-07-01T15:16:04Z" hostname="fv-az29" tests="2" skipped="0" failures="0" errors="0" time="5.135">
    <testcase time="5.07499999999999" classname="ds.replaceNA_arg_test_errors" name="simple_ds.replaceNA_errors"/>
    <testcase time="0.0600000000000023" classname="ds.replaceNA_arg_test_errors" name="simple_ds.replaceNA_errors"/>
  </testsuite>
  <testsuite name="ds.rep::arg::setup" timestamp="2020-07-01T15:16:04Z" hostname="fv-az29" tests="0" skipped="0" failures="0" errors="0" time="0"/>
  <testsuite name="ds.rep::arg::test errors" timestamp="2020-07-01T15:16:09Z" hostname="fv-az29" tests="1" skipped="0" failures="0" errors="0" time="5.088">
    <testcase time="5.08799999999997" classname="ds.rep_arg_test_errors" name="ds.rep_erros"/>
  </testsuite>
  <testsuite name="ds.rep::arg::shutdown" timestamp="2020-07-01T15:16:09Z" hostname="fv-az29" tests="0" skipped="0" failures="0" errors="0" time="0"/>
  <testsuite name="ds.rep::arg::done" timestamp="2020-07-01T15:16:09Z" hostname="fv-az29" tests="0" skipped="0" failures="0" errors="0" time="0"/>
  <testsuite name="ds.reShape::arg::test errors" timestamp="2020-07-01T15:16:14Z" hostname="fv-az29" tests="4" skipped="0" failures="0" errors="0" time="5.087">
    <testcase time="5.00300000000004" classname="ds.reShape_arg_test_errors" name="reShape_erros"/>
    <testcase time="0.0709999999999695" classname="ds.reShape_arg_test_errors" name="reShape_erros"/>
    <testcase time="0.007000000000005" classname="ds.reShape_arg_test_errors" name="reShape_erros"/>
    <testcase time="0.00600000000002865" classname="ds.reShape_arg_test_errors" name="reShape_erros"/>
  </testsuite>
  <testsuite name="ds.rm::arg::test errors" timestamp="2020-07-01T15:16:19Z" hostname="fv-az29" tests="1" skipped="0" failures="0" errors="0" time="5.131">
    <testcase time="5.13099999999997" classname="ds.rm_arg_test_errors" name="ds.rm_erros"/>
  </testsuite>
  <testsuite name="ds.rNorm::arg::test errors" timestamp="2020-07-01T15:16:24Z" hostname="fv-az29" tests="2" skipped="0" failures="0" errors="0" time="5.097">
    <testcase time="5.096" classname="ds.rNorm_arg_test_errors" name="rNorm_erros"/>
    <testcase time="0.000999999999976353" classname="ds.rNorm_arg_test_errors" name="rNorm_erros"/>
  </testsuite>
  <testsuite name="ds.rowColCalc::arg::test errors" timestamp="2020-07-01T15:16:29Z" hostname="fv-az29" tests="3" skipped="0" failures="0" errors="0" time="12.843">
    <testcase time="5.06100000000004" classname="ds.rowColCalc_arg_test_errors" name="rowColCalc_errors"/>
    <testcase time="3.93899999999996" classname="ds.rowColCalc_arg_test_errors" name="rowColCalc_errors"/>
    <testcase time="3.84300000000002" classname="ds.rowColCalc_arg_test_errors" name="rowColCalc_errors"/>
  </testsuite>
  <testsuite name="ds.rPois::arg::test errors" timestamp="2020-07-01T15:16:42Z" hostname="fv-az29" tests="2" skipped="0" failures="0" errors="0" time="5.072">
    <testcase time="5.06999999999999" classname="ds.rPois_arg_test_errors" name="rPois_erros"/>
    <testcase time="0.00200000000000955" classname="ds.rPois_arg_test_errors" name="rPois_erros"/>
  </testsuite>
  <testsuite name="ds.rUnif::arg::test errors" timestamp="2020-07-01T15:16:47Z" hostname="fv-az29" tests="2" skipped="0" failures="0" errors="0" time="5.084">
    <testcase time="5.08199999999999" classname="ds.rUnif_arg_test_errors" name="rUnif_erros"/>
    <testcase time="0.00200000000000955" classname="ds.rUnif_arg_test_errors" name="rUnif_erros"/>
  </testsuite>
  <testsuite name="ds.sample::arg::setup" timestamp="2020-07-01T15:16:48Z" hostname="fv-az29" tests="0" skipped="0" failures="0" errors="0" time="0"/>
  <testsuite name="ds.sample::arg::test errors" timestamp="2020-07-01T15:16:52Z" hostname="fv-az29" tests="3" skipped="0" failures="0" errors="0" time="5.306">
    <testcase time="5.20499999999998" classname="ds.sample_arg_test_errors" name="cov_erros"/>
    <testcase time="0.0989999999999895" classname="ds.sample_arg_test_errors" name="cov_erros"/>
    <testcase time="0.00200000000000955" classname="ds.sample_arg_test_errors" name="cov_erros"/>
  </testsuite>
  <testsuite name="ds.sample::arg::shutdown" timestamp="2020-07-01T15:16:52Z" hostname="fv-az29" tests="0" skipped="0" failures="0" errors="0" time="0"/>
  <testsuite name="ds.sample::arg::done" timestamp="2020-07-01T15:16:53Z" hostname="fv-az29" tests="0" skipped="0" failures="0" errors="0" time="0"/>
  <testsuite name="ds.seq::arg::test errors" timestamp="2020-07-01T15:16:57Z" hostname="fv-az29" tests="1" skipped="0" failures="0" errors="0" time="5.158">
    <testcase time="5.15800000000002" classname="ds.seq_arg_test_errors" name="seq_erros"/>
  </testsuite>
  <testsuite name="ds.setSeed::arg::test errors" timestamp="2020-07-01T15:17:03Z" hostname="fv-az29" tests="1" skipped="0" failures="0" errors="0" time="5.086">
    <testcase time="5.08600000000001" classname="ds.setSeed_arg_test_errors" name="setSeed_erros"/>
  </testsuite>
  <testsuite name="ds.subsetByClass::arg::test errors" timestamp="2020-07-01T15:17:08Z" hostname="fv-az29" tests="4" skipped="0" failures="0" errors="0" time="6.173">
    <testcase time="5.00999999999999" classname="ds.subsetByClass_arg_test_errors" name="subsetByClass_erros"/>
    <testcase time="0.00499999999999545" classname="ds.subsetByClass_arg_test_errors" name="subsetByClass_erros"/>
    <testcase time="0.0529999999999973" classname="ds.subsetByClass_arg_test_errors" name="subsetByClass_erros"/>
    <testcase time="1.10500000000002" classname="ds.subsetByClass_arg_test_errors" name="subsetByClass_erros"/>
  </testsuite>
  <testsuite name="ds.subset::arg::test errors" timestamp="2020-07-01T15:17:14Z" hostname="fv-az29" tests="2" skipped="0" failures="0" errors="0" time="5.092">
    <testcase time="5.08699999999999" classname="ds.subset_arg_test_errors" name="subset_erros"/>
    <testcase time="0.00499999999999545" classname="ds.subset_arg_test_errors" name="subset_erros"/>
  </testsuite>
  <testsuite name="ds.summary::arg::test errors" timestamp="2020-07-01T15:17:19Z" hostname="fv-az29" tests="1" skipped="0" failures="0" errors="0" time="4.997">
    <testcase time="4.99700000000001" classname="ds.summary_arg_test_errors" name="summary_erros"/>
  </testsuite>
  <testsuite name="ds.table1D::arg::test errors" timestamp="2020-07-01T15:17:24Z" hostname="fv-az29" tests="4" skipped="0" failures="0" errors="0" time="6.363">
    <testcase time="5.01999999999998" classname="ds.table1D_arg_test_errors" name="table1D_erros"/>
    <testcase time="0.00600000000002865" classname="ds.table1D_arg_test_errors" name="table1D_erros"/>
    <testcase time="0.0939999999999941" classname="ds.table1D_arg_test_errors" name="table1D_erros"/>
    <testcase time="1.24299999999999" classname="ds.table1D_arg_test_errors" name="table1D_erros"/>
  </testsuite>
  <testsuite name="ds.table2D::arg::test errors" timestamp="2020-07-01T15:17:30Z" hostname="fv-az29" tests="2" skipped="0" failures="0" errors="0" time="5.041">
    <testcase time="5.03499999999997" classname="ds.table2D_arg_test_errors" name="table2D_erros"/>
    <testcase time="0.00600000000002865" classname="ds.table2D_arg_test_errors" name="table2D_erros"/>
  </testsuite>
  <testsuite name="ds.table::arg::test rvar has value" timestamp="2020-07-01T15:17:35Z" hostname="fv-az29" tests="1" skipped="0" failures="0" errors="0" time="5.061">
    <testcase time="5.06099999999998" classname="ds.table_arg_test_rvar_has_value" name="table_rvar_has_value"/>
  </testsuite>
  <testsuite name="ds.table::arg::test cvar has value" timestamp="2020-07-01T15:17:35Z" hostname="fv-az29" tests="1" skipped="0" failures="0" errors="0" time="1.393">
    <testcase time="1.39300000000003" classname="ds.table_arg_test_cvar_has_value" name="table_cvar_has_value"/>
  </testsuite>
  <testsuite name="ds.table::arg::test stvar has value" timestamp="2020-07-01T15:17:37Z" hostname="fv-az29" tests="1" skipped="0" failures="0" errors="0" time="0.007">
    <testcase time="0.007000000000005" classname="ds.table_arg_test_stvar_has_value" name="table_stvar_has_value"/>
  </testsuite>
  <testsuite name="ds.table::arg::test stvar has CORRECT value" timestamp="2020-07-01T15:17:37Z" hostname="fv-az29" tests="1" skipped="0" failures="0" errors="0" time="0.006">
    <testcase time="0.00599999999997181" classname="ds.table_arg_test_stvar_has_CORRECT_value" name="table_useNA_has_value"/>
  </testsuite>
  <testsuite name="ds.table::arg::test force.nfilter has value" timestamp="2020-07-01T15:17:37Z" hostname="fv-az29" tests="1" skipped="0" failures="0" errors="0" time="0.006">
    <testcase time="0.00600000000002865" classname="ds.table_arg_test_force.nfilter_has_value" name="table_force.nfilter_has_value"/>
  </testsuite>
  <testsuite name="ds.tapply.assign::arg::test errors" timestamp="2020-07-01T15:17:42Z" hostname="fv-az29" tests="8" skipped="0" failures="0" errors="0" time="5.267">
    <testcase time="5.19199999999995" classname="ds.tapply.assign_arg_test_errors" name="tapply_erros"/>
    <testcase time="0.00200000000000955" classname="ds.tapply.assign_arg_test_errors" name="tapply_erros"/>
    <testcase time="0.0649999999999977" classname="ds.tapply.assign_arg_test_errors" name="tapply_erros"/>
    <testcase time="0.00200000000000955" classname="ds.tapply.assign_arg_test_errors" name="tapply_erros"/>
    <testcase time="0.0010000000000332" classname="ds.tapply.assign_arg_test_errors" name="tapply_erros"/>
    <testcase time="0.00199999999995271" classname="ds.tapply.assign_arg_test_errors" name="tapply_erros"/>
    <testcase time="0.0010000000000332" classname="ds.tapply.assign_arg_test_errors" name="tapply_erros"/>
    <testcase time="0.00200000000000955" classname="ds.tapply.assign_arg_test_errors" name="tapply_erros"/>
  </testsuite>
  <testsuite name="ds.tapply::arg::test errors" timestamp="2020-07-01T15:17:47Z" hostname="fv-az29" tests="8" skipped="0" failures="0" errors="0" time="5.109">
    <testcase time="5.08099999999996" classname="ds.tapply_arg_test_errors" name="tapply_erros"/>
    <testcase time="0.0010000000000332" classname="ds.tapply_arg_test_errors" name="tapply_erros"/>
    <testcase time="0.0199999999999818" classname="ds.tapply_arg_test_errors" name="tapply_erros"/>
    <testcase time="0.00200000000000955" classname="ds.tapply_arg_test_errors" name="tapply_erros"/>
    <testcase time="0.000999999999976353" classname="ds.tapply_arg_test_errors" name="tapply_erros"/>
    <testcase time="0.0010000000000332" classname="ds.tapply_arg_test_errors" name="tapply_erros"/>
    <testcase time="0.00200000000000955" classname="ds.tapply_arg_test_errors" name="tapply_erros"/>
    <testcase time="0.000999999999976353" classname="ds.tapply_arg_test_errors" name="tapply_erros"/>
  </testsuite>
  <testsuite name="ds.testObjExists::arg::test errors" timestamp="2020-07-01T15:17:52Z" hostname="fv-az29" tests="1" skipped="0" failures="0" errors="0" time="5.073">
    <testcase time="5.07299999999998" classname="ds.testObjExists_arg_test_errors" name="testObjExists_erros"/>
  </testsuite>
  <testsuite name="ds.unList::arg::test errors" timestamp="2020-07-01T15:17:57Z" hostname="fv-az29" tests="1" skipped="0" failures="0" errors="0" time="5.002">
    <testcase time="5.00200000000001" classname="ds.unList_arg_test_errors" name="unList_erros"/>
  </testsuite>
  <testsuite name="ds.var::arg::test errors" timestamp="2020-07-01T15:18:02Z" hostname="fv-az29" tests="2" skipped="0" failures="0" errors="0" time="6.989">
    <testcase time="5.911" classname="ds.var_arg_test_errors" name="var_erros"/>
    <testcase time="1.07799999999997" classname="ds.var_arg_test_errors" name="var_erros"/>
  </testsuite>
  <testsuite name="ds.vectorCalc::arg::test errors" timestamp="2020-07-01T15:18:09Z" hostname="fv-az29" tests="2" skipped="0" failures="0" errors="0" time="5.042">
    <testcase time="5.03500000000003" classname="ds.vectorCalc_arg_test_errors" name="ds.vectorCalc_erros"/>
    <testcase time="0.007000000000005" classname="ds.vectorCalc_arg_test_errors" name="ds.vectorCalc_erros"/>
  </testsuite>
  <testsuite name="CLUSTER_INT::datachk::setup" timestamp="2020-07-01T15:18:10Z" hostname="fv-az29" tests="3" skipped="0" failures="0" errors="0" time="5.388">
    <testcase time="5.38599999999997" classname="CLUSTER_INT_datachk_setup" name="setup"/>
    <testcase time="0.0010000000000332" classname="CLUSTER_INT_datachk_setup" name="setup"/>
    <testcase time="0.000999999999976353" classname="CLUSTER_INT_datachk_setup" name="setup"/>
  </testsuite>
  <testsuite name="CLUSTER_INT::datachk" timestamp="2020-07-01T15:18:15Z" hostname="fv-az29" tests="230" skipped="0" failures="0" errors="0" time="13.619">
    <testcase time="0.553999999999974" classname="CLUSTER_INT_datachk" name="Check_CLUSTER_INT_dataset"/>
    <testcase time="0.0010000000000332" classname="CLUSTER_INT_datachk" name="Check_CLUSTER_INT_dataset"/>
    <testcase time="0.00200000000000955" classname="CLUSTER_INT_datachk" name="Check_CLUSTER_INT_dataset"/>
    <testcase time="0.000999999999976353" classname="CLUSTER_INT_datachk" name="Check_CLUSTER_INT_dataset"/>
    <testcase time="0.00200000000000955" classname="CLUSTER_INT_datachk" name="Check_CLUSTER_INT_dataset"/>
    <testcase time="0.00200000000000955" classname="CLUSTER_INT_datachk" name="Check_CLUSTER_INT_dataset"/>
    <testcase time="0.000999999999976353" classname="CLUSTER_INT_datachk" name="Check_CLUSTER_INT_dataset"/>
    <testcase time="0.28000000000003" classname="CLUSTER_INT_datachk" name="Check_CLUSTER_INT_dataset"/>
    <testcase time="0.000999999999976353" classname="CLUSTER_INT_datachk" name="Check_CLUSTER_INT_dataset"/>
    <testcase time="0.0029999999999859" classname="CLUSTER_INT_datachk" name="Check_CLUSTER_INT_dataset"/>
    <testcase time="0.0010000000000332" classname="CLUSTER_INT_datachk" name="Check_CLUSTER_INT_dataset"/>
    <testcase time="0.00200000000000955" classname="CLUSTER_INT_datachk" name="Check_CLUSTER_INT_dataset"/>
    <testcase time="0.00199999999995271" classname="CLUSTER_INT_datachk" name="Check_CLUSTER_INT_dataset"/>
    <testcase time="0.00200000000000955" classname="CLUSTER_INT_datachk" name="Check_CLUSTER_INT_dataset"/>
    <testcase time="0.00200000000000955" classname="CLUSTER_INT_datachk" name="Check_CLUSTER_INT_dataset"/>
    <testcase time="1.26400000000001" classname="CLUSTER_INT_datachk" name="Check_CLUSTER_INT_dataset"/>
    <testcase time="0.00200000000000955" classname="CLUSTER_INT_datachk" name="Check_CLUSTER_INT_dataset"/>
    <testcase time="0.00200000000000955" classname="CLUSTER_INT_datachk" name="Check_CLUSTER_INT_dataset"/>
    <testcase time="0.000999999999976353" classname="CLUSTER_INT_datachk" name="Check_CLUSTER_INT_dataset"/>
    <testcase time="0.00200000000000955" classname="CLUSTER_INT_datachk" name="Check_CLUSTER_INT_dataset"/>
    <testcase time="0.00200000000000955" classname="CLUSTER_INT_datachk" name="Check_CLUSTER_INT_dataset"/>
    <testcase time="0.00199999999995271" classname="CLUSTER_INT_datachk" name="Check_CLUSTER_INT_dataset"/>
    <testcase time="0.536000000000001" classname="CLUSTER_INT_datachk" name="Check_CLUSTER_INT_dataset"/>
    <testcase time="0.00200000000000955" classname="CLUSTER_INT_datachk" name="Check_CLUSTER_INT_dataset"/>
    <testcase time="0.0010000000000332" classname="CLUSTER_INT_datachk" name="Check_CLUSTER_INT_dataset"/>
    <testcase time="0.00200000000000955" classname="CLUSTER_INT_datachk" name="Check_CLUSTER_INT_dataset"/>
    <testcase time="0.000999999999976353" classname="CLUSTER_INT_datachk" name="Check_CLUSTER_INT_dataset"/>
    <testcase time="0.00200000000000955" classname="CLUSTER_INT_datachk" name="Check_CLUSTER_INT_dataset"/>
    <testcase time="0.00200000000000955" classname="CLUSTER_INT_datachk" name="Check_CLUSTER_INT_dataset"/>
    <testcase time="0.271999999999991" classname="CLUSTER_INT_datachk" name="Check_CLUSTER_INT_dataset"/>
    <testcase time="0.00200000000000955" classname="CLUSTER_INT_datachk" name="Check_CLUSTER_INT_dataset"/>
    <testcase time="0.00199999999995271" classname="CLUSTER_INT_datachk" name="Check_CLUSTER_INT_dataset"/>
    <testcase time="0.00200000000000955" classname="CLUSTER_INT_datachk" name="Check_CLUSTER_INT_dataset"/>
    <testcase time="0.00200000000000955" classname="CLUSTER_INT_datachk" name="Check_CLUSTER_INT_dataset"/>
    <testcase time="0.00200000000000955" classname="CLUSTER_INT_datachk" name="Check_CLUSTER_INT_dataset"/>
    <testcase time="0.00200000000000955" classname="CLUSTER_INT_datachk" name="Check_CLUSTER_INT_dataset"/>
    <testcase time="0.00200000000000955" classname="CLUSTER_INT_datachk" name="Check_CLUSTER_INT_dataset"/>
    <testcase time="0.00199999999995271" classname="CLUSTER_INT_datachk" name="Check_CLUSTER_INT_dataset"/>
    <testcase time="0.549000000000035" classname="CLUSTER_INT_datachk" name="Check_CLUSTER_INT_dataset"/>
    <testcase time="0.00200000000000955" classname="CLUSTER_INT_datachk" name="Check_CLUSTER_INT_dataset"/>
    <testcase time="0.00199999999995271" classname="CLUSTER_INT_datachk" name="Check_CLUSTER_INT_dataset"/>
    <testcase time="0.00200000000000955" classname="CLUSTER_INT_datachk" name="Check_CLUSTER_INT_dataset"/>
    <testcase time="0.00200000000000955" classname="CLUSTER_INT_datachk" name="Check_CLUSTER_INT_dataset"/>
    <testcase time="0.00200000000000955" classname="CLUSTER_INT_datachk" name="Check_CLUSTER_INT_dataset"/>
    <testcase time="0.00200000000000955" classname="CLUSTER_INT_datachk" name="Check_CLUSTER_INT_dataset"/>
    <testcase time="0.276999999999987" classname="CLUSTER_INT_datachk" name="Check_CLUSTER_INT_dataset"/>
    <testcase time="0.00200000000000955" classname="CLUSTER_INT_datachk" name="Check_CLUSTER_INT_dataset"/>
    <testcase time="0.0029999999999859" classname="CLUSTER_INT_datachk" name="Check_CLUSTER_INT_dataset"/>
    <testcase time="0.00200000000000955" classname="CLUSTER_INT_datachk" name="Check_CLUSTER_INT_dataset"/>
    <testcase time="0.00200000000000955" classname="CLUSTER_INT_datachk" name="Check_CLUSTER_INT_dataset"/>
    <testcase time="0.0029999999999859" classname="CLUSTER_INT_datachk" name="Check_CLUSTER_INT_dataset"/>
    <testcase time="0.00200000000000955" classname="CLUSTER_INT_datachk" name="Check_CLUSTER_INT_dataset"/>
    <testcase time="0.00200000000000955" classname="CLUSTER_INT_datachk" name="Check_CLUSTER_INT_dataset"/>
    <testcase time="0.00200000000000955" classname="CLUSTER_INT_datachk" name="Check_CLUSTER_INT_dataset"/>
    <testcase time="0.548999999999978" classname="CLUSTER_INT_datachk" name="Check_CLUSTER_INT_dataset"/>
    <testcase time="0.00200000000000955" classname="CLUSTER_INT_datachk" name="Check_CLUSTER_INT_dataset"/>
    <testcase time="0.00200000000000955" classname="CLUSTER_INT_datachk" name="Check_CLUSTER_INT_dataset"/>
    <testcase time="0.00199999999995271" classname="CLUSTER_INT_datachk" name="Check_CLUSTER_INT_dataset"/>
    <testcase time="0.00300000000004275" classname="CLUSTER_INT_datachk" name="Check_CLUSTER_INT_dataset"/>
    <testcase time="0.00199999999995271" classname="CLUSTER_INT_datachk" name="Check_CLUSTER_INT_dataset"/>
    <testcase time="0.00200000000000955" classname="CLUSTER_INT_datachk" name="Check_CLUSTER_INT_dataset"/>
    <testcase time="0.266999999999996" classname="CLUSTER_INT_datachk" name="Check_CLUSTER_INT_dataset"/>
    <testcase time="0.00300000000004275" classname="CLUSTER_INT_datachk" name="Check_CLUSTER_INT_dataset"/>
    <testcase time="0.00199999999995271" classname="CLUSTER_INT_datachk" name="Check_CLUSTER_INT_dataset"/>
    <testcase time="0.00200000000000955" classname="CLUSTER_INT_datachk" name="Check_CLUSTER_INT_dataset"/>
    <testcase time="0.00200000000000955" classname="CLUSTER_INT_datachk" name="Check_CLUSTER_INT_dataset"/>
    <testcase time="0.00200000000000955" classname="CLUSTER_INT_datachk" name="Check_CLUSTER_INT_dataset"/>
    <testcase time="0.0029999999999859" classname="CLUSTER_INT_datachk" name="Check_CLUSTER_INT_dataset"/>
    <testcase time="0.00200000000000955" classname="CLUSTER_INT_datachk" name="Check_CLUSTER_INT_dataset"/>
    <testcase time="0.0029999999999859" classname="CLUSTER_INT_datachk" name="Check_CLUSTER_INT_dataset"/>
    <testcase time="0.549000000000035" classname="CLUSTER_INT_datachk" name="Check_CLUSTER_INT_dataset"/>
    <testcase time="0.0029999999999859" classname="CLUSTER_INT_datachk" name="Check_CLUSTER_INT_dataset"/>
    <testcase time="0.00200000000000955" classname="CLUSTER_INT_datachk" name="Check_CLUSTER_INT_dataset"/>
    <testcase time="0.0029999999999859" classname="CLUSTER_INT_datachk" name="Check_CLUSTER_INT_dataset"/>
    <testcase time="0.0029999999999859" classname="CLUSTER_INT_datachk" name="Check_CLUSTER_INT_dataset"/>
    <testcase time="0.0029999999999859" classname="CLUSTER_INT_datachk" name="Check_CLUSTER_INT_dataset"/>
    <testcase time="0.00300000000004275" classname="CLUSTER_INT_datachk" name="Check_CLUSTER_INT_dataset"/>
    <testcase time="0.274999999999977" classname="CLUSTER_INT_datachk" name="Check_CLUSTER_INT_dataset"/>
    <testcase time="0.0029999999999859" classname="CLUSTER_INT_datachk" name="Check_CLUSTER_INT_dataset"/>
    <testcase time="0.00200000000000955" classname="CLUSTER_INT_datachk" name="Check_CLUSTER_INT_dataset"/>
    <testcase time="0.0029999999999859" classname="CLUSTER_INT_datachk" name="Check_CLUSTER_INT_dataset"/>
    <testcase time="0.0029999999999859" classname="CLUSTER_INT_datachk" name="Check_CLUSTER_INT_dataset"/>
    <testcase time="0.0029999999999859" classname="CLUSTER_INT_datachk" name="Check_CLUSTER_INT_dataset"/>
    <testcase time="0.00200000000000955" classname="CLUSTER_INT_datachk" name="Check_CLUSTER_INT_dataset"/>
    <testcase time="0.00199999999995271" classname="CLUSTER_INT_datachk" name="Check_CLUSTER_INT_dataset"/>
    <testcase time="0.00300000000004275" classname="CLUSTER_INT_datachk" name="Check_CLUSTER_INT_dataset"/>
    <testcase time="0.620999999999981" classname="CLUSTER_INT_datachk" name="Check_CLUSTER_INT_dataset"/>
    <testcase time="0.0029999999999859" classname="CLUSTER_INT_datachk" name="Check_CLUSTER_INT_dataset"/>
    <testcase time="0.00300000000004275" classname="CLUSTER_INT_datachk" name="Check_CLUSTER_INT_dataset"/>
    <testcase time="0.00199999999995271" classname="CLUSTER_INT_datachk" name="Check_CLUSTER_INT_dataset"/>
    <testcase time="0.00300000000004275" classname="CLUSTER_INT_datachk" name="Check_CLUSTER_INT_dataset"/>
    <testcase time="0.0029999999999859" classname="CLUSTER_INT_datachk" name="Check_CLUSTER_INT_dataset"/>
    <testcase time="0.0029999999999859" classname="CLUSTER_INT_datachk" name="Check_CLUSTER_INT_dataset"/>
    <testcase time="0.273000000000025" classname="CLUSTER_INT_datachk" name="Check_CLUSTER_INT_dataset"/>
    <testcase time="0.00200000000000955" classname="CLUSTER_INT_datachk" name="Check_CLUSTER_INT_dataset"/>
    <testcase time="0.0029999999999859" classname="CLUSTER_INT_datachk" name="Check_CLUSTER_INT_dataset"/>
    <testcase time="0.0029999999999859" classname="CLUSTER_INT_datachk" name="Check_CLUSTER_INT_dataset"/>
    <testcase time="0.00200000000000955" classname="CLUSTER_INT_datachk" name="Check_CLUSTER_INT_dataset"/>
    <testcase time="0.00300000000004275" classname="CLUSTER_INT_datachk" name="Check_CLUSTER_INT_dataset"/>
    <testcase time="0.0029999999999859" classname="CLUSTER_INT_datachk" name="Check_CLUSTER_INT_dataset"/>
    <testcase time="0.0029999999999859" classname="CLUSTER_INT_datachk" name="Check_CLUSTER_INT_dataset"/>
    <testcase time="0.00300000000004275" classname="CLUSTER_INT_datachk" name="Check_CLUSTER_INT_dataset"/>
    <testcase time="0.557999999999993" classname="CLUSTER_INT_datachk" name="Check_CLUSTER_INT_dataset"/>
    <testcase time="0.0029999999999859" classname="CLUSTER_INT_datachk" name="Check_CLUSTER_INT_dataset"/>
    <testcase time="0.0029999999999859" classname="CLUSTER_INT_datachk" name="Check_CLUSTER_INT_dataset"/>
    <testcase time="0.0040000000000191" classname="CLUSTER_INT_datachk" name="Check_CLUSTER_INT_dataset"/>
    <testcase time="0.0029999999999859" classname="CLUSTER_INT_datachk" name="Check_CLUSTER_INT_dataset"/>
    <testcase time="0.0029999999999859" classname="CLUSTER_INT_datachk" name="Check_CLUSTER_INT_dataset"/>
    <testcase time="0.0040000000000191" classname="CLUSTER_INT_datachk" name="Check_CLUSTER_INT_dataset"/>
    <testcase time="0.287000000000035" classname="CLUSTER_INT_datachk" name="Check_CLUSTER_INT_dataset"/>
    <testcase time="0.0029999999999859" classname="CLUSTER_INT_datachk" name="Check_CLUSTER_INT_dataset"/>
    <testcase time="0.00399999999996226" classname="CLUSTER_INT_datachk" name="Check_CLUSTER_INT_dataset"/>
    <testcase time="0.00300000000004275" classname="CLUSTER_INT_datachk" name="Check_CLUSTER_INT_dataset"/>
    <testcase time="0.00399999999996226" classname="CLUSTER_INT_datachk" name="Check_CLUSTER_INT_dataset"/>
    <testcase time="0.00300000000004275" classname="CLUSTER_INT_datachk" name="Check_CLUSTER_INT_dataset"/>
    <testcase time="0.00399999999996226" classname="CLUSTER_INT_datachk" name="Check_CLUSTER_INT_dataset"/>
    <testcase time="0.0029999999999859" classname="CLUSTER_INT_datachk" name="Check_CLUSTER_INT_dataset"/>
    <testcase time="0.00300000000004275" classname="CLUSTER_INT_datachk" name="Check_CLUSTER_INT_dataset"/>
    <testcase time="0.545999999999992" classname="CLUSTER_INT_datachk" name="Check_CLUSTER_INT_dataset"/>
    <testcase time="0.0040000000000191" classname="CLUSTER_INT_datachk" name="Check_CLUSTER_INT_dataset"/>
    <testcase time="0.00399999999996226" classname="CLUSTER_INT_datachk" name="Check_CLUSTER_INT_dataset"/>
    <testcase time="0.0040000000000191" classname="CLUSTER_INT_datachk" name="Check_CLUSTER_INT_dataset"/>
    <testcase time="0.0040000000000191" classname="CLUSTER_INT_datachk" name="Check_CLUSTER_INT_dataset"/>
    <testcase time="0.00399999999996226" classname="CLUSTER_INT_datachk" name="Check_CLUSTER_INT_dataset"/>
    <testcase time="0.0040000000000191" classname="CLUSTER_INT_datachk" name="Check_CLUSTER_INT_dataset"/>
    <testcase time="0.27600000000001" classname="CLUSTER_INT_datachk" name="Check_CLUSTER_INT_dataset"/>
    <testcase time="0.0029999999999859" classname="CLUSTER_INT_datachk" name="Check_CLUSTER_INT_dataset"/>
    <testcase time="0.0040000000000191" classname="CLUSTER_INT_datachk" name="Check_CLUSTER_INT_dataset"/>
    <testcase time="0.00399999999996226" classname="CLUSTER_INT_datachk" name="Check_CLUSTER_INT_dataset"/>
    <testcase time="0.0029999999999859" classname="CLUSTER_INT_datachk" name="Check_CLUSTER_INT_dataset"/>
    <testcase time="0.00300000000004275" classname="CLUSTER_INT_datachk" name="Check_CLUSTER_INT_dataset"/>
    <testcase time="0.00399999999996226" classname="CLUSTER_INT_datachk" name="Check_CLUSTER_INT_dataset"/>
    <testcase time="0.0040000000000191" classname="CLUSTER_INT_datachk" name="Check_CLUSTER_INT_dataset"/>
    <testcase time="0.00499999999999545" classname="CLUSTER_INT_datachk" name="Check_CLUSTER_INT_dataset"/>
    <testcase time="0.538999999999987" classname="CLUSTER_INT_datachk" name="Check_CLUSTER_INT_dataset"/>
    <testcase time="0.0040000000000191" classname="CLUSTER_INT_datachk" name="Check_CLUSTER_INT_dataset"/>
    <testcase time="0.00499999999999545" classname="CLUSTER_INT_datachk" name="Check_CLUSTER_INT_dataset"/>
    <testcase time="0.0040000000000191" classname="CLUSTER_INT_datachk" name="Check_CLUSTER_INT_dataset"/>
    <testcase time="0.00399999999996226" classname="CLUSTER_INT_datachk" name="Check_CLUSTER_INT_dataset"/>
    <testcase time="0.00600000000002865" classname="CLUSTER_INT_datachk" name="Check_CLUSTER_INT_dataset"/>
    <testcase time="0.0040000000000191" classname="CLUSTER_INT_datachk" name="Check_CLUSTER_INT_dataset"/>
    <testcase time="0.279999999999973" classname="CLUSTER_INT_datachk" name="Check_CLUSTER_INT_dataset"/>
    <testcase time="0.0040000000000191" classname="CLUSTER_INT_datachk" name="Check_CLUSTER_INT_dataset"/>
    <testcase time="0.0109999999999673" classname="CLUSTER_INT_datachk" name="Check_CLUSTER_INT_dataset"/>
    <testcase time="0.0040000000000191" classname="CLUSTER_INT_datachk" name="Check_CLUSTER_INT_dataset"/>
    <testcase time="0.0040000000000191" classname="CLUSTER_INT_datachk" name="Check_CLUSTER_INT_dataset"/>
    <testcase time="0.00399999999996226" classname="CLUSTER_INT_datachk" name="Check_CLUSTER_INT_dataset"/>
    <testcase time="0.00499999999999545" classname="CLUSTER_INT_datachk" name="Check_CLUSTER_INT_dataset"/>
    <testcase time="0.0040000000000191" classname="CLUSTER_INT_datachk" name="Check_CLUSTER_INT_dataset"/>
    <testcase time="0.0040000000000191" classname="CLUSTER_INT_datachk" name="Check_CLUSTER_INT_dataset"/>
    <testcase time="0.550000000000011" classname="CLUSTER_INT_datachk" name="Check_CLUSTER_INT_dataset"/>
    <testcase time="0.00399999999996226" classname="CLUSTER_INT_datachk" name="Check_CLUSTER_INT_dataset"/>
    <testcase time="0.0040000000000191" classname="CLUSTER_INT_datachk" name="Check_CLUSTER_INT_dataset"/>
    <testcase time="0.00499999999999545" classname="CLUSTER_INT_datachk" name="Check_CLUSTER_INT_dataset"/>
    <testcase time="0.0029999999999859" classname="CLUSTER_INT_datachk" name="Check_CLUSTER_INT_dataset"/>
    <testcase time="0.0040000000000191" classname="CLUSTER_INT_datachk" name="Check_CLUSTER_INT_dataset"/>
    <testcase time="0.0040000000000191" classname="CLUSTER_INT_datachk" name="Check_CLUSTER_INT_dataset"/>
    <testcase time="0.269999999999982" classname="CLUSTER_INT_datachk" name="Check_CLUSTER_INT_dataset"/>
    <testcase time="0.00399999999996226" classname="CLUSTER_INT_datachk" name="Check_CLUSTER_INT_dataset"/>
    <testcase time="0.00300000000004275" classname="CLUSTER_INT_datachk" name="Check_CLUSTER_INT_dataset"/>
    <testcase time="0.00499999999999545" classname="CLUSTER_INT_datachk" name="Check_CLUSTER_INT_dataset"/>
    <testcase time="0.00499999999999545" classname="CLUSTER_INT_datachk" name="Check_CLUSTER_INT_dataset"/>
    <testcase time="0.0040000000000191" classname="CLUSTER_INT_datachk" name="Check_CLUSTER_INT_dataset"/>
    <testcase time="0.00499999999999545" classname="CLUSTER_INT_datachk" name="Check_CLUSTER_INT_dataset"/>
    <testcase time="0.00499999999999545" classname="CLUSTER_INT_datachk" name="Check_CLUSTER_INT_dataset"/>
    <testcase time="0.00499999999999545" classname="CLUSTER_INT_datachk" name="Check_CLUSTER_INT_dataset"/>
    <testcase time="0.545000000000016" classname="CLUSTER_INT_datachk" name="Check_CLUSTER_INT_dataset"/>
    <testcase time="0.00499999999999545" classname="CLUSTER_INT_datachk" name="Check_CLUSTER_INT_dataset"/>
    <testcase time="0.0120000000000005" classname="CLUSTER_INT_datachk" name="Check_CLUSTER_INT_dataset"/>
    <testcase time="0.00499999999999545" classname="CLUSTER_INT_datachk" name="Check_CLUSTER_INT_dataset"/>
    <testcase time="0.00399999999996226" classname="CLUSTER_INT_datachk" name="Check_CLUSTER_INT_dataset"/>
    <testcase time="0.00499999999999545" classname="CLUSTER_INT_datachk" name="Check_CLUSTER_INT_dataset"/>
    <testcase time="0.0050000000000523" classname="CLUSTER_INT_datachk" name="Check_CLUSTER_INT_dataset"/>
    <testcase time="0.277999999999963" classname="CLUSTER_INT_datachk" name="Check_CLUSTER_INT_dataset"/>
    <testcase time="0.0040000000000191" classname="CLUSTER_INT_datachk" name="Check_CLUSTER_INT_dataset"/>
    <testcase time="0.00499999999999545" classname="CLUSTER_INT_datachk" name="Check_CLUSTER_INT_dataset"/>
    <testcase time="0.0040000000000191" classname="CLUSTER_INT_datachk" name="Check_CLUSTER_INT_dataset"/>
    <testcase time="0.00499999999999545" classname="CLUSTER_INT_datachk" name="Check_CLUSTER_INT_dataset"/>
    <testcase time="0.00399999999996226" classname="CLUSTER_INT_datachk" name="Check_CLUSTER_INT_dataset"/>
    <testcase time="0.0040000000000191" classname="CLUSTER_INT_datachk" name="Check_CLUSTER_INT_dataset"/>
    <testcase time="0.00499999999999545" classname="CLUSTER_INT_datachk" name="Check_CLUSTER_INT_dataset"/>
    <testcase time="0.00499999999999545" classname="CLUSTER_INT_datachk" name="Check_CLUSTER_INT_dataset"/>
    <testcase time="0.549000000000035" classname="CLUSTER_INT_datachk" name="Check_CLUSTER_INT_dataset"/>
    <testcase time="0.00599999999997181" classname="CLUSTER_INT_datachk" name="Check_CLUSTER_INT_dataset"/>
    <testcase time="0.00499999999999545" classname="CLUSTER_INT_datachk" name="Check_CLUSTER_INT_dataset"/>
    <testcase time="0.00499999999999545" classname="CLUSTER_INT_datachk" name="Check_CLUSTER_INT_dataset"/>
    <testcase time="0.0040000000000191" classname="CLUSTER_INT_datachk" name="Check_CLUSTER_INT_dataset"/>
    <testcase time="0.00499999999999545" classname="CLUSTER_INT_datachk" name="Check_CLUSTER_INT_dataset"/>
    <testcase time="0.00499999999999545" classname="CLUSTER_INT_datachk" name="Check_CLUSTER_INT_dataset"/>
    <testcase time="0.281999999999982" classname="CLUSTER_INT_datachk" name="Check_CLUSTER_INT_dataset"/>
    <testcase time="0.00600000000002865" classname="CLUSTER_INT_datachk" name="Check_CLUSTER_INT_dataset"/>
    <testcase time="0.00499999999999545" classname="CLUSTER_INT_datachk" name="Check_CLUSTER_INT_dataset"/>
    <testcase time="0.00499999999999545" classname="CLUSTER_INT_datachk" name="Check_CLUSTER_INT_dataset"/>
    <testcase time="0.00499999999999545" classname="CLUSTER_INT_datachk" name="Check_CLUSTER_INT_dataset"/>
    <testcase time="0.0149999999999864" classname="CLUSTER_INT_datachk" name="Check_CLUSTER_INT_dataset"/>
    <testcase time="0.00499999999999545" classname="CLUSTER_INT_datachk" name="Check_CLUSTER_INT_dataset"/>
    <testcase time="0.00600000000002865" classname="CLUSTER_INT_datachk" name="Check_CLUSTER_INT_dataset"/>
    <testcase time="0.00499999999999545" classname="CLUSTER_INT_datachk" name="Check_CLUSTER_INT_dataset"/>
    <testcase time="0.548999999999978" classname="CLUSTER_INT_datachk" name="Check_CLUSTER_INT_dataset"/>
    <testcase time="0.00499999999999545" classname="CLUSTER_INT_datachk" name="Check_CLUSTER_INT_dataset"/>
    <testcase time="0.0040000000000191" classname="CLUSTER_INT_datachk" name="Check_CLUSTER_INT_dataset"/>
    <testcase time="0.00499999999999545" classname="CLUSTER_INT_datachk" name="Check_CLUSTER_INT_dataset"/>
    <testcase time="0.00499999999999545" classname="CLUSTER_INT_datachk" name="Check_CLUSTER_INT_dataset"/>
    <testcase time="0.0040000000000191" classname="CLUSTER_INT_datachk" name="Check_CLUSTER_INT_dataset"/>
    <testcase time="0.00599999999997181" classname="CLUSTER_INT_datachk" name="Check_CLUSTER_INT_dataset"/>
    <testcase time="0.28000000000003" classname="CLUSTER_INT_datachk" name="Check_CLUSTER_INT_dataset"/>
    <testcase time="0.00599999999997181" classname="CLUSTER_INT_datachk" name="Check_CLUSTER_INT_dataset"/>
    <testcase time="0.00499999999999545" classname="CLUSTER_INT_datachk" name="Check_CLUSTER_INT_dataset"/>
    <testcase time="0.00600000000002865" classname="CLUSTER_INT_datachk" name="Check_CLUSTER_INT_dataset"/>
    <testcase time="0.00499999999999545" classname="CLUSTER_INT_datachk" name="Check_CLUSTER_INT_dataset"/>
    <testcase time="0.00499999999999545" classname="CLUSTER_INT_datachk" name="Check_CLUSTER_INT_dataset"/>
    <testcase time="0.00600000000002865" classname="CLUSTER_INT_datachk" name="Check_CLUSTER_INT_dataset"/>
    <testcase time="0.00499999999999545" classname="CLUSTER_INT_datachk" name="Check_CLUSTER_INT_dataset"/>
    <testcase time="0.00499999999999545" classname="CLUSTER_INT_datachk" name="Check_CLUSTER_INT_dataset"/>
    <testcase time="0.557999999999993" classname="CLUSTER_INT_datachk" name="Check_CLUSTER_INT_dataset"/>
    <testcase time="0.00499999999999545" classname="CLUSTER_INT_datachk" name="Check_CLUSTER_INT_dataset"/>
    <testcase time="0.00599999999997181" classname="CLUSTER_INT_datachk" name="Check_CLUSTER_INT_dataset"/>
    <testcase time="0.0050000000000523" classname="CLUSTER_INT_datachk" name="Check_CLUSTER_INT_dataset"/>
    <testcase time="0.00499999999999545" classname="CLUSTER_INT_datachk" name="Check_CLUSTER_INT_dataset"/>
    <testcase time="0.00599999999997181" classname="CLUSTER_INT_datachk" name="Check_CLUSTER_INT_dataset"/>
    <testcase time="0.00499999999999545" classname="CLUSTER_INT_datachk" name="Check_CLUSTER_INT_dataset"/>
    <testcase time="0.28000000000003" classname="CLUSTER_INT_datachk" name="Check_CLUSTER_INT_dataset"/>
    <testcase time="0.00399999999996226" classname="CLUSTER_INT_datachk" name="Check_CLUSTER_INT_dataset"/>
    <testcase time="0.00499999999999545" classname="CLUSTER_INT_datachk" name="Check_CLUSTER_INT_dataset"/>
    <testcase time="0.00499999999999545" classname="CLUSTER_INT_datachk" name="Check_CLUSTER_INT_dataset"/>
    <testcase time="0.0040000000000191" classname="CLUSTER_INT_datachk" name="Check_CLUSTER_INT_dataset"/>
    <testcase time="0.00499999999999545" classname="CLUSTER_INT_datachk" name="Check_CLUSTER_INT_dataset"/>
    <testcase time="0.007000000000005" classname="CLUSTER_INT_datachk" name="Check_CLUSTER_INT_dataset"/>
    <testcase time="0.00600000000002865" classname="CLUSTER_INT_datachk" name="Check_CLUSTER_INT_dataset"/>
    <testcase time="0.00599999999997181" classname="CLUSTER_INT_datachk" name="Check_CLUSTER_INT_dataset"/>
  </testsuite>
  <testsuite name="CLUSTER_INT::datachk::shutdown" timestamp="2020-07-01T15:18:28Z" hostname="fv-az29" tests="3" skipped="0" failures="0" errors="0" time="0.291">
    <testcase time="0.288000000000011" classname="CLUSTER_INT_datachk_shutdown" name="shutdown"/>
    <testcase time="0.000999999999976353" classname="CLUSTER_INT_datachk_shutdown" name="shutdown"/>
    <testcase time="0.00200000000000955" classname="CLUSTER_INT_datachk_shutdown" name="shutdown"/>
  </testsuite>
  <testsuite name="CLUSTER_INT::datachk::done" timestamp="2020-07-01T15:18:29Z" hostname="fv-az29" tests="0" skipped="0" failures="0" errors="0" time="0"/>
  <testsuite name="CLUSTER_SLO::datachk::setup" timestamp="2020-07-01T15:18:29Z" hostname="fv-az29" tests="3" skipped="0" failures="0" errors="0" time="5.896">
    <testcase time="5.89300000000003" classname="CLUSTER_SLO_datachk_setup" name="setup"/>
    <testcase time="0.00199999999995271" classname="CLUSTER_SLO_datachk_setup" name="setup"/>
    <testcase time="0.000999999999976353" classname="CLUSTER_SLO_datachk_setup" name="setup"/>
  </testsuite>
  <testsuite name="CLUSTER_SLO::datachk" timestamp="2020-07-01T15:18:34Z" hostname="fv-az29" tests="230" skipped="0" failures="0" errors="0" time="13.689">
    <testcase time="0.551000000000045" classname="CLUSTER_SLO_datachk" name="Check_CLUSTER_SLO_dataset"/>
    <testcase time="0.000999999999976353" classname="CLUSTER_SLO_datachk" name="Check_CLUSTER_SLO_dataset"/>
    <testcase time="0.000999999999976353" classname="CLUSTER_SLO_datachk" name="Check_CLUSTER_SLO_dataset"/>
    <testcase time="0.00200000000006639" classname="CLUSTER_SLO_datachk" name="Check_CLUSTER_SLO_dataset"/>
    <testcase time="0.000999999999976353" classname="CLUSTER_SLO_datachk" name="Check_CLUSTER_SLO_dataset"/>
    <testcase time="0.00200000000006639" classname="CLUSTER_SLO_datachk" name="Check_CLUSTER_SLO_dataset"/>
    <testcase time="0.000999999999976353" classname="CLUSTER_SLO_datachk" name="Check_CLUSTER_SLO_dataset"/>
    <testcase time="0.27800000000002" classname="CLUSTER_SLO_datachk" name="Check_CLUSTER_SLO_dataset"/>
    <testcase time="0.00199999999995271" classname="CLUSTER_SLO_datachk" name="Check_CLUSTER_SLO_dataset"/>
    <testcase time="0.00199999999995271" classname="CLUSTER_SLO_datachk" name="Check_CLUSTER_SLO_dataset"/>
    <testcase time="0.00200000000006639" classname="CLUSTER_SLO_datachk" name="Check_CLUSTER_SLO_dataset"/>
    <testcase time="0.00199999999995271" classname="CLUSTER_SLO_datachk" name="Check_CLUSTER_SLO_dataset"/>
    <testcase time="0.00200000000006639" classname="CLUSTER_SLO_datachk" name="Check_CLUSTER_SLO_dataset"/>
    <testcase time="0.000999999999976353" classname="CLUSTER_SLO_datachk" name="Check_CLUSTER_SLO_dataset"/>
    <testcase time="0.00199999999995271" classname="CLUSTER_SLO_datachk" name="Check_CLUSTER_SLO_dataset"/>
    <testcase time="1.24400000000003" classname="CLUSTER_SLO_datachk" name="Check_CLUSTER_SLO_dataset"/>
    <testcase time="0.000999999999976353" classname="CLUSTER_SLO_datachk" name="Check_CLUSTER_SLO_dataset"/>
    <testcase time="0.00200000000006639" classname="CLUSTER_SLO_datachk" name="Check_CLUSTER_SLO_dataset"/>
    <testcase time="0.00199999999995271" classname="CLUSTER_SLO_datachk" name="Check_CLUSTER_SLO_dataset"/>
    <testcase time="0.00199999999995271" classname="CLUSTER_SLO_datachk" name="Check_CLUSTER_SLO_dataset"/>
    <testcase time="0.00100000000009004" classname="CLUSTER_SLO_datachk" name="Check_CLUSTER_SLO_dataset"/>
    <testcase time="0.00199999999995271" classname="CLUSTER_SLO_datachk" name="Check_CLUSTER_SLO_dataset"/>
    <testcase time="0.543999999999983" classname="CLUSTER_SLO_datachk" name="Check_CLUSTER_SLO_dataset"/>
    <testcase time="0.000999999999976353" classname="CLUSTER_SLO_datachk" name="Check_CLUSTER_SLO_dataset"/>
    <testcase time="0.00200000000006639" classname="CLUSTER_SLO_datachk" name="Check_CLUSTER_SLO_dataset"/>
    <testcase time="0.00199999999995271" classname="CLUSTER_SLO_datachk" name="Check_CLUSTER_SLO_dataset"/>
    <testcase time="0.00200000000006639" classname="CLUSTER_SLO_datachk" name="Check_CLUSTER_SLO_dataset"/>
    <testcase time="0.00199999999995271" classname="CLUSTER_SLO_datachk" name="Check_CLUSTER_SLO_dataset"/>
    <testcase time="0.00200000000006639" classname="CLUSTER_SLO_datachk" name="Check_CLUSTER_SLO_dataset"/>
    <testcase time="0.272999999999911" classname="CLUSTER_SLO_datachk" name="Check_CLUSTER_SLO_dataset"/>
    <testcase time="0.00100000000009004" classname="CLUSTER_SLO_datachk" name="Check_CLUSTER_SLO_dataset"/>
    <testcase time="0.00199999999995271" classname="CLUSTER_SLO_datachk" name="Check_CLUSTER_SLO_dataset"/>
    <testcase time="0.00300000000004275" classname="CLUSTER_SLO_datachk" name="Check_CLUSTER_SLO_dataset"/>
    <testcase time="0.000999999999976353" classname="CLUSTER_SLO_datachk" name="Check_CLUSTER_SLO_dataset"/>
    <testcase time="0.00199999999995271" classname="CLUSTER_SLO_datachk" name="Check_CLUSTER_SLO_dataset"/>
    <testcase time="0.00300000000004275" classname="CLUSTER_SLO_datachk" name="Check_CLUSTER_SLO_dataset"/>
    <testcase time="0.00199999999995271" classname="CLUSTER_SLO_datachk" name="Check_CLUSTER_SLO_dataset"/>
    <testcase time="0.000999999999976353" classname="CLUSTER_SLO_datachk" name="Check_CLUSTER_SLO_dataset"/>
    <testcase time="0.58400000000006" classname="CLUSTER_SLO_datachk" name="Check_CLUSTER_SLO_dataset"/>
    <testcase time="0.00199999999995271" classname="CLUSTER_SLO_datachk" name="Check_CLUSTER_SLO_dataset"/>
    <testcase time="0.00200000000006639" classname="CLUSTER_SLO_datachk" name="Check_CLUSTER_SLO_dataset"/>
    <testcase time="0.00199999999995271" classname="CLUSTER_SLO_datachk" name="Check_CLUSTER_SLO_dataset"/>
    <testcase time="0.00200000000006639" classname="CLUSTER_SLO_datachk" name="Check_CLUSTER_SLO_dataset"/>
    <testcase time="0.00199999999995271" classname="CLUSTER_SLO_datachk" name="Check_CLUSTER_SLO_dataset"/>
    <testcase time="0.00199999999995271" classname="CLUSTER_SLO_datachk" name="Check_CLUSTER_SLO_dataset"/>
    <testcase time="0.383000000000038" classname="CLUSTER_SLO_datachk" name="Check_CLUSTER_SLO_dataset"/>
    <testcase time="0.00300000000004275" classname="CLUSTER_SLO_datachk" name="Check_CLUSTER_SLO_dataset"/>
    <testcase time="0.00199999999995271" classname="CLUSTER_SLO_datachk" name="Check_CLUSTER_SLO_dataset"/>
    <testcase time="0.00300000000004275" classname="CLUSTER_SLO_datachk" name="Check_CLUSTER_SLO_dataset"/>
    <testcase time="0.00199999999995271" classname="CLUSTER_SLO_datachk" name="Check_CLUSTER_SLO_dataset"/>
    <testcase time="0.00200000000006639" classname="CLUSTER_SLO_datachk" name="Check_CLUSTER_SLO_dataset"/>
    <testcase time="0.00299999999992906" classname="CLUSTER_SLO_datachk" name="Check_CLUSTER_SLO_dataset"/>
    <testcase time="0.00200000000006639" classname="CLUSTER_SLO_datachk" name="Check_CLUSTER_SLO_dataset"/>
    <testcase time="0.00299999999992906" classname="CLUSTER_SLO_datachk" name="Check_CLUSTER_SLO_dataset"/>
    <testcase time="0.559000000000083" classname="CLUSTER_SLO_datachk" name="Check_CLUSTER_SLO_dataset"/>
    <testcase time="0.00199999999995271" classname="CLUSTER_SLO_datachk" name="Check_CLUSTER_SLO_dataset"/>
    <testcase time="0.00199999999995271" classname="CLUSTER_SLO_datachk" name="Check_CLUSTER_SLO_dataset"/>
    <testcase time="0.00300000000004275" classname="CLUSTER_SLO_datachk" name="Check_CLUSTER_SLO_dataset"/>
    <testcase time="0.00300000000004275" classname="CLUSTER_SLO_datachk" name="Check_CLUSTER_SLO_dataset"/>
    <testcase time="0.00199999999995271" classname="CLUSTER_SLO_datachk" name="Check_CLUSTER_SLO_dataset"/>
    <testcase time="0.00199999999995271" classname="CLUSTER_SLO_datachk" name="Check_CLUSTER_SLO_dataset"/>
    <testcase time="0.274000000000001" classname="CLUSTER_SLO_datachk" name="Check_CLUSTER_SLO_dataset"/>
    <testcase time="0.00300000000004275" classname="CLUSTER_SLO_datachk" name="Check_CLUSTER_SLO_dataset"/>
    <testcase time="0.00199999999995271" classname="CLUSTER_SLO_datachk" name="Check_CLUSTER_SLO_dataset"/>
    <testcase time="0.00300000000004275" classname="CLUSTER_SLO_datachk" name="Check_CLUSTER_SLO_dataset"/>
    <testcase time="0.00300000000004275" classname="CLUSTER_SLO_datachk" name="Check_CLUSTER_SLO_dataset"/>
    <testcase time="0.00199999999995271" classname="CLUSTER_SLO_datachk" name="Check_CLUSTER_SLO_dataset"/>
    <testcase time="0.00200000000006639" classname="CLUSTER_SLO_datachk" name="Check_CLUSTER_SLO_dataset"/>
    <testcase time="0.00299999999992906" classname="CLUSTER_SLO_datachk" name="Check_CLUSTER_SLO_dataset"/>
    <testcase time="0.00200000000006639" classname="CLUSTER_SLO_datachk" name="Check_CLUSTER_SLO_dataset"/>
    <testcase time="0.54099999999994" classname="CLUSTER_SLO_datachk" name="Check_CLUSTER_SLO_dataset"/>
    <testcase time="0.0040000000000191" classname="CLUSTER_SLO_datachk" name="Check_CLUSTER_SLO_dataset"/>
    <testcase time="0.00300000000004275" classname="CLUSTER_SLO_datachk" name="Check_CLUSTER_SLO_dataset"/>
    <testcase time="0.00299999999992906" classname="CLUSTER_SLO_datachk" name="Check_CLUSTER_SLO_dataset"/>
    <testcase time="0.00200000000006639" classname="CLUSTER_SLO_datachk" name="Check_CLUSTER_SLO_dataset"/>
    <testcase time="0.00299999999992906" classname="CLUSTER_SLO_datachk" name="Check_CLUSTER_SLO_dataset"/>
    <testcase time="0.00300000000004275" classname="CLUSTER_SLO_datachk" name="Check_CLUSTER_SLO_dataset"/>
    <testcase time="0.270999999999958" classname="CLUSTER_SLO_datachk" name="Check_CLUSTER_SLO_dataset"/>
    <testcase time="0.00300000000004275" classname="CLUSTER_SLO_datachk" name="Check_CLUSTER_SLO_dataset"/>
    <testcase time="0.00299999999992906" classname="CLUSTER_SLO_datachk" name="Check_CLUSTER_SLO_dataset"/>
    <testcase time="0.00200000000006639" classname="CLUSTER_SLO_datachk" name="Check_CLUSTER_SLO_dataset"/>
    <testcase time="0.00300000000004275" classname="CLUSTER_SLO_datachk" name="Check_CLUSTER_SLO_dataset"/>
    <testcase time="0.00199999999995271" classname="CLUSTER_SLO_datachk" name="Check_CLUSTER_SLO_dataset"/>
    <testcase time="0.00200000000006639" classname="CLUSTER_SLO_datachk" name="Check_CLUSTER_SLO_dataset"/>
    <testcase time="0.00299999999992906" classname="CLUSTER_SLO_datachk" name="Check_CLUSTER_SLO_dataset"/>
    <testcase time="0.00300000000004275" classname="CLUSTER_SLO_datachk" name="Check_CLUSTER_SLO_dataset"/>
    <testcase time="0.546000000000049" classname="CLUSTER_SLO_datachk" name="Check_CLUSTER_SLO_dataset"/>
    <testcase time="0.00299999999992906" classname="CLUSTER_SLO_datachk" name="Check_CLUSTER_SLO_dataset"/>
    <testcase time="0.00300000000004275" classname="CLUSTER_SLO_datachk" name="Check_CLUSTER_SLO_dataset"/>
    <testcase time="0.00299999999992906" classname="CLUSTER_SLO_datachk" name="Check_CLUSTER_SLO_dataset"/>
    <testcase time="0.00300000000004275" classname="CLUSTER_SLO_datachk" name="Check_CLUSTER_SLO_dataset"/>
    <testcase time="0.00199999999995271" classname="CLUSTER_SLO_datachk" name="Check_CLUSTER_SLO_dataset"/>
    <testcase time="0.00300000000004275" classname="CLUSTER_SLO_datachk" name="Check_CLUSTER_SLO_dataset"/>
    <testcase time="0.274000000000001" classname="CLUSTER_SLO_datachk" name="Check_CLUSTER_SLO_dataset"/>
    <testcase time="0.00300000000004275" classname="CLUSTER_SLO_datachk" name="Check_CLUSTER_SLO_dataset"/>
    <testcase time="0.00299999999992906" classname="CLUSTER_SLO_datachk" name="Check_CLUSTER_SLO_dataset"/>
    <testcase time="0.00300000000004275" classname="CLUSTER_SLO_datachk" name="Check_CLUSTER_SLO_dataset"/>
    <testcase time="0.00300000000004275" classname="CLUSTER_SLO_datachk" name="Check_CLUSTER_SLO_dataset"/>
    <testcase time="0.00299999999992906" classname="CLUSTER_SLO_datachk" name="Check_CLUSTER_SLO_dataset"/>
    <testcase time="0.00300000000004275" classname="CLUSTER_SLO_datachk" name="Check_CLUSTER_SLO_dataset"/>
    <testcase time="0.00299999999992906" classname="CLUSTER_SLO_datachk" name="Check_CLUSTER_SLO_dataset"/>
    <testcase time="0.00300000000004275" classname="CLUSTER_SLO_datachk" name="Check_CLUSTER_SLO_dataset"/>
    <testcase time="0.548000000000002" classname="CLUSTER_SLO_datachk" name="Check_CLUSTER_SLO_dataset"/>
    <testcase time="0.00499999999999545" classname="CLUSTER_SLO_datachk" name="Check_CLUSTER_SLO_dataset"/>
    <testcase time="0.00300000000004275" classname="CLUSTER_SLO_datachk" name="Check_CLUSTER_SLO_dataset"/>
    <testcase time="0.00299999999992906" classname="CLUSTER_SLO_datachk" name="Check_CLUSTER_SLO_dataset"/>
    <testcase time="0.00200000000006639" classname="CLUSTER_SLO_datachk" name="Check_CLUSTER_SLO_dataset"/>
    <testcase time="0.00299999999992906" classname="CLUSTER_SLO_datachk" name="Check_CLUSTER_SLO_dataset"/>
    <testcase time="0.0040000000000191" classname="CLUSTER_SLO_datachk" name="Check_CLUSTER_SLO_dataset"/>
    <testcase time="0.281000000000063" classname="CLUSTER_SLO_datachk" name="Check_CLUSTER_SLO_dataset"/>
    <testcase time="0.0040000000000191" classname="CLUSTER_SLO_datachk" name="Check_CLUSTER_SLO_dataset"/>
    <testcase time="0.00399999999990541" classname="CLUSTER_SLO_datachk" name="Check_CLUSTER_SLO_dataset"/>
    <testcase time="0.00300000000004275" classname="CLUSTER_SLO_datachk" name="Check_CLUSTER_SLO_dataset"/>
    <testcase time="0.0040000000000191" classname="CLUSTER_SLO_datachk" name="Check_CLUSTER_SLO_dataset"/>
    <testcase time="0.00299999999992906" classname="CLUSTER_SLO_datachk" name="Check_CLUSTER_SLO_dataset"/>
    <testcase time="0.0040000000000191" classname="CLUSTER_SLO_datachk" name="Check_CLUSTER_SLO_dataset"/>
    <testcase time="0.0120000000000573" classname="CLUSTER_SLO_datachk" name="Check_CLUSTER_SLO_dataset"/>
    <testcase time="0.0040000000000191" classname="CLUSTER_SLO_datachk" name="Check_CLUSTER_SLO_dataset"/>
    <testcase time="0.551999999999907" classname="CLUSTER_SLO_datachk" name="Check_CLUSTER_SLO_dataset"/>
    <testcase time="0.00300000000004275" classname="CLUSTER_SLO_datachk" name="Check_CLUSTER_SLO_dataset"/>
    <testcase time="0.00300000000004275" classname="CLUSTER_SLO_datachk" name="Check_CLUSTER_SLO_dataset"/>
    <testcase time="0.00399999999990541" classname="CLUSTER_SLO_datachk" name="Check_CLUSTER_SLO_dataset"/>
    <testcase time="0.0040000000000191" classname="CLUSTER_SLO_datachk" name="Check_CLUSTER_SLO_dataset"/>
    <testcase time="0.00300000000004275" classname="CLUSTER_SLO_datachk" name="Check_CLUSTER_SLO_dataset"/>
    <testcase time="0.0040000000000191" classname="CLUSTER_SLO_datachk" name="Check_CLUSTER_SLO_dataset"/>
    <testcase time="0.27699999999993" classname="CLUSTER_SLO_datachk" name="Check_CLUSTER_SLO_dataset"/>
    <testcase time="0.00300000000004275" classname="CLUSTER_SLO_datachk" name="Check_CLUSTER_SLO_dataset"/>
    <testcase time="0.0040000000000191" classname="CLUSTER_SLO_datachk" name="Check_CLUSTER_SLO_dataset"/>
    <testcase time="0.0040000000000191" classname="CLUSTER_SLO_datachk" name="Check_CLUSTER_SLO_dataset"/>
    <testcase time="0.00299999999992906" classname="CLUSTER_SLO_datachk" name="Check_CLUSTER_SLO_dataset"/>
    <testcase time="0.0040000000000191" classname="CLUSTER_SLO_datachk" name="Check_CLUSTER_SLO_dataset"/>
    <testcase time="0.0040000000000191" classname="CLUSTER_SLO_datachk" name="Check_CLUSTER_SLO_dataset"/>
    <testcase time="0.00300000000004275" classname="CLUSTER_SLO_datachk" name="Check_CLUSTER_SLO_dataset"/>
    <testcase time="0.00399999999990541" classname="CLUSTER_SLO_datachk" name="Check_CLUSTER_SLO_dataset"/>
    <testcase time="0.566000000000031" classname="CLUSTER_SLO_datachk" name="Check_CLUSTER_SLO_dataset"/>
    <testcase time="0.00300000000004275" classname="CLUSTER_SLO_datachk" name="Check_CLUSTER_SLO_dataset"/>
    <testcase time="0.0040000000000191" classname="CLUSTER_SLO_datachk" name="Check_CLUSTER_SLO_dataset"/>
    <testcase time="0.00299999999992906" classname="CLUSTER_SLO_datachk" name="Check_CLUSTER_SLO_dataset"/>
    <testcase time="0.00499999999999545" classname="CLUSTER_SLO_datachk" name="Check_CLUSTER_SLO_dataset"/>
    <testcase time="0.00499999999999545" classname="CLUSTER_SLO_datachk" name="Check_CLUSTER_SLO_dataset"/>
    <testcase time="0.0040000000000191" classname="CLUSTER_SLO_datachk" name="Check_CLUSTER_SLO_dataset"/>
    <testcase time="0.27800000000002" classname="CLUSTER_SLO_datachk" name="Check_CLUSTER_SLO_dataset"/>
    <testcase time="0.0040000000000191" classname="CLUSTER_SLO_datachk" name="Check_CLUSTER_SLO_dataset"/>
    <testcase time="0.0040000000000191" classname="CLUSTER_SLO_datachk" name="Check_CLUSTER_SLO_dataset"/>
    <testcase time="0.00399999999990541" classname="CLUSTER_SLO_datachk" name="Check_CLUSTER_SLO_dataset"/>
    <testcase time="0.0040000000000191" classname="CLUSTER_SLO_datachk" name="Check_CLUSTER_SLO_dataset"/>
    <testcase time="0.00300000000004275" classname="CLUSTER_SLO_datachk" name="Check_CLUSTER_SLO_dataset"/>
    <testcase time="0.00499999999999545" classname="CLUSTER_SLO_datachk" name="Check_CLUSTER_SLO_dataset"/>
    <testcase time="0.0040000000000191" classname="CLUSTER_SLO_datachk" name="Check_CLUSTER_SLO_dataset"/>
    <testcase time="0.0040000000000191" classname="CLUSTER_SLO_datachk" name="Check_CLUSTER_SLO_dataset"/>
    <testcase time="0.544999999999959" classname="CLUSTER_SLO_datachk" name="Check_CLUSTER_SLO_dataset"/>
    <testcase time="0.00300000000004275" classname="CLUSTER_SLO_datachk" name="Check_CLUSTER_SLO_dataset"/>
    <testcase time="0.00399999999990541" classname="CLUSTER_SLO_datachk" name="Check_CLUSTER_SLO_dataset"/>
    <testcase time="0.0040000000000191" classname="CLUSTER_SLO_datachk" name="Check_CLUSTER_SLO_dataset"/>
    <testcase time="0.0040000000000191" classname="CLUSTER_SLO_datachk" name="Check_CLUSTER_SLO_dataset"/>
    <testcase time="0.0040000000000191" classname="CLUSTER_SLO_datachk" name="Check_CLUSTER_SLO_dataset"/>
    <testcase time="0.0040000000000191" classname="CLUSTER_SLO_datachk" name="Check_CLUSTER_SLO_dataset"/>
    <testcase time="0.280999999999949" classname="CLUSTER_SLO_datachk" name="Check_CLUSTER_SLO_dataset"/>
    <testcase time="0.00499999999999545" classname="CLUSTER_SLO_datachk" name="Check_CLUSTER_SLO_dataset"/>
    <testcase time="0.00499999999999545" classname="CLUSTER_SLO_datachk" name="Check_CLUSTER_SLO_dataset"/>
    <testcase time="0.00499999999999545" classname="CLUSTER_SLO_datachk" name="Check_CLUSTER_SLO_dataset"/>
    <testcase time="0.0040000000000191" classname="CLUSTER_SLO_datachk" name="Check_CLUSTER_SLO_dataset"/>
    <testcase time="0.00499999999999545" classname="CLUSTER_SLO_datachk" name="Check_CLUSTER_SLO_dataset"/>
    <testcase time="0.0040000000000191" classname="CLUSTER_SLO_datachk" name="Check_CLUSTER_SLO_dataset"/>
    <testcase time="0.00499999999999545" classname="CLUSTER_SLO_datachk" name="Check_CLUSTER_SLO_dataset"/>
    <testcase time="0.0040000000000191" classname="CLUSTER_SLO_datachk" name="Check_CLUSTER_SLO_dataset"/>
    <testcase time="0.552000000000021" classname="CLUSTER_SLO_datachk" name="Check_CLUSTER_SLO_dataset"/>
    <testcase time="0.0040000000000191" classname="CLUSTER_SLO_datachk" name="Check_CLUSTER_SLO_dataset"/>
    <testcase time="0.0040000000000191" classname="CLUSTER_SLO_datachk" name="Check_CLUSTER_SLO_dataset"/>
    <testcase time="0.00399999999990541" classname="CLUSTER_SLO_datachk" name="Check_CLUSTER_SLO_dataset"/>
    <testcase time="0.0040000000000191" classname="CLUSTER_SLO_datachk" name="Check_CLUSTER_SLO_dataset"/>
    <testcase time="0.0040000000000191" classname="CLUSTER_SLO_datachk" name="Check_CLUSTER_SLO_dataset"/>
    <testcase time="0.0040000000000191" classname="CLUSTER_SLO_datachk" name="Check_CLUSTER_SLO_dataset"/>
    <testcase time="0.27800000000002" classname="CLUSTER_SLO_datachk" name="Check_CLUSTER_SLO_dataset"/>
    <testcase time="0.00499999999999545" classname="CLUSTER_SLO_datachk" name="Check_CLUSTER_SLO_dataset"/>
    <testcase time="0.00499999999999545" classname="CLUSTER_SLO_datachk" name="Check_CLUSTER_SLO_dataset"/>
    <testcase time="0.0040000000000191" classname="CLUSTER_SLO_datachk" name="Check_CLUSTER_SLO_dataset"/>
    <testcase time="0.00499999999999545" classname="CLUSTER_SLO_datachk" name="Check_CLUSTER_SLO_dataset"/>
    <testcase time="0.0040000000000191" classname="CLUSTER_SLO_datachk" name="Check_CLUSTER_SLO_dataset"/>
    <testcase time="0.00499999999999545" classname="CLUSTER_SLO_datachk" name="Check_CLUSTER_SLO_dataset"/>
    <testcase time="0.00499999999999545" classname="CLUSTER_SLO_datachk" name="Check_CLUSTER_SLO_dataset"/>
    <testcase time="0.00499999999999545" classname="CLUSTER_SLO_datachk" name="Check_CLUSTER_SLO_dataset"/>
    <testcase time="0.562000000000012" classname="CLUSTER_SLO_datachk" name="Check_CLUSTER_SLO_dataset"/>
    <testcase time="0.00399999999990541" classname="CLUSTER_SLO_datachk" name="Check_CLUSTER_SLO_dataset"/>
    <testcase time="0.0040000000000191" classname="CLUSTER_SLO_datachk" name="Check_CLUSTER_SLO_dataset"/>
    <testcase time="0.00499999999999545" classname="CLUSTER_SLO_datachk" name="Check_CLUSTER_SLO_dataset"/>
    <testcase time="0.0040000000000191" classname="CLUSTER_SLO_datachk" name="Check_CLUSTER_SLO_dataset"/>
    <testcase time="0.00499999999999545" classname="CLUSTER_SLO_datachk" name="Check_CLUSTER_SLO_dataset"/>
    <testcase time="0.0040000000000191" classname="CLUSTER_SLO_datachk" name="Check_CLUSTER_SLO_dataset"/>
    <testcase time="0.288000000000011" classname="CLUSTER_SLO_datachk" name="Check_CLUSTER_SLO_dataset"/>
    <testcase time="0.00499999999999545" classname="CLUSTER_SLO_datachk" name="Check_CLUSTER_SLO_dataset"/>
    <testcase time="0.00499999999999545" classname="CLUSTER_SLO_datachk" name="Check_CLUSTER_SLO_dataset"/>
    <testcase time="0.0040000000000191" classname="CLUSTER_SLO_datachk" name="Check_CLUSTER_SLO_dataset"/>
    <testcase time="0.0040000000000191" classname="CLUSTER_SLO_datachk" name="Check_CLUSTER_SLO_dataset"/>
    <testcase time="0.0040000000000191" classname="CLUSTER_SLO_datachk" name="Check_CLUSTER_SLO_dataset"/>
    <testcase time="0.00599999999997181" classname="CLUSTER_SLO_datachk" name="Check_CLUSTER_SLO_dataset"/>
    <testcase time="0.00499999999999545" classname="CLUSTER_SLO_datachk" name="Check_CLUSTER_SLO_dataset"/>
    <testcase time="0.00499999999999545" classname="CLUSTER_SLO_datachk" name="Check_CLUSTER_SLO_dataset"/>
    <testcase time="0.550000000000068" classname="CLUSTER_SLO_datachk" name="Check_CLUSTER_SLO_dataset"/>
    <testcase time="0.00499999999999545" classname="CLUSTER_SLO_datachk" name="Check_CLUSTER_SLO_dataset"/>
    <testcase time="0.00499999999999545" classname="CLUSTER_SLO_datachk" name="Check_CLUSTER_SLO_dataset"/>
    <testcase time="0.00499999999999545" classname="CLUSTER_SLO_datachk" name="Check_CLUSTER_SLO_dataset"/>
    <testcase time="0.00499999999999545" classname="CLUSTER_SLO_datachk" name="Check_CLUSTER_SLO_dataset"/>
    <testcase time="0.00499999999999545" classname="CLUSTER_SLO_datachk" name="Check_CLUSTER_SLO_dataset"/>
    <testcase time="0.00599999999997181" classname="CLUSTER_SLO_datachk" name="Check_CLUSTER_SLO_dataset"/>
    <testcase time="0.279999999999973" classname="CLUSTER_SLO_datachk" name="Check_CLUSTER_SLO_dataset"/>
    <testcase time="0.00500000000010914" classname="CLUSTER_SLO_datachk" name="Check_CLUSTER_SLO_dataset"/>
    <testcase time="0.00499999999999545" classname="CLUSTER_SLO_datachk" name="Check_CLUSTER_SLO_dataset"/>
    <testcase time="0.00499999999999545" classname="CLUSTER_SLO_datachk" name="Check_CLUSTER_SLO_dataset"/>
    <testcase time="0.00499999999999545" classname="CLUSTER_SLO_datachk" name="Check_CLUSTER_SLO_dataset"/>
    <testcase time="0.00499999999999545" classname="CLUSTER_SLO_datachk" name="Check_CLUSTER_SLO_dataset"/>
    <testcase time="0.00599999999997181" classname="CLUSTER_SLO_datachk" name="Check_CLUSTER_SLO_dataset"/>
    <testcase time="0.00499999999999545" classname="CLUSTER_SLO_datachk" name="Check_CLUSTER_SLO_dataset"/>
    <testcase time="0.0040000000000191" classname="CLUSTER_SLO_datachk" name="Check_CLUSTER_SLO_dataset"/>
    <testcase time="0.552000000000021" classname="CLUSTER_SLO_datachk" name="Check_CLUSTER_SLO_dataset"/>
    <testcase time="0.00499999999999545" classname="CLUSTER_SLO_datachk" name="Check_CLUSTER_SLO_dataset"/>
    <testcase time="0.00399999999990541" classname="CLUSTER_SLO_datachk" name="Check_CLUSTER_SLO_dataset"/>
    <testcase time="0.00600000000008549" classname="CLUSTER_SLO_datachk" name="Check_CLUSTER_SLO_dataset"/>
    <testcase time="0.00599999999997181" classname="CLUSTER_SLO_datachk" name="Check_CLUSTER_SLO_dataset"/>
    <testcase time="0.00499999999999545" classname="CLUSTER_SLO_datachk" name="Check_CLUSTER_SLO_dataset"/>
    <testcase time="0.00499999999999545" classname="CLUSTER_SLO_datachk" name="Check_CLUSTER_SLO_dataset"/>
    <testcase time="0.274999999999977" classname="CLUSTER_SLO_datachk" name="Check_CLUSTER_SLO_dataset"/>
    <testcase time="0.00600000000008549" classname="CLUSTER_SLO_datachk" name="Check_CLUSTER_SLO_dataset"/>
    <testcase time="0.00599999999997181" classname="CLUSTER_SLO_datachk" name="Check_CLUSTER_SLO_dataset"/>
    <testcase time="0.00499999999999545" classname="CLUSTER_SLO_datachk" name="Check_CLUSTER_SLO_dataset"/>
    <testcase time="0.00499999999999545" classname="CLUSTER_SLO_datachk" name="Check_CLUSTER_SLO_dataset"/>
    <testcase time="0.00599999999997181" classname="CLUSTER_SLO_datachk" name="Check_CLUSTER_SLO_dataset"/>
    <testcase time="0.00599999999997181" classname="CLUSTER_SLO_datachk" name="Check_CLUSTER_SLO_dataset"/>
    <testcase time="0.00700000000006185" classname="CLUSTER_SLO_datachk" name="Check_CLUSTER_SLO_dataset"/>
    <testcase time="0.00599999999997181" classname="CLUSTER_SLO_datachk" name="Check_CLUSTER_SLO_dataset"/>
  </testsuite>
  <testsuite name="CLUSTER_SLO::datachk::shutdown" timestamp="2020-07-01T15:18:48Z" hostname="fv-az29" tests="3" skipped="0" failures="0" errors="0" time="0.283">
    <testcase time="0.279999999999973" classname="CLUSTER_SLO_datachk_shutdown" name="shutdown"/>
    <testcase time="0.00200000000006639" classname="CLUSTER_SLO_datachk_shutdown" name="shutdown"/>
    <testcase time="0.000999999999976353" classname="CLUSTER_SLO_datachk_shutdown" name="shutdown"/>
  </testsuite>
  <testsuite name="CLUSTER_SLO::datachk::done" timestamp="2020-07-01T15:18:49Z" hostname="fv-az29" tests="0" skipped="0" failures="0" errors="0" time="0"/>
  <testsuite name="CNSIM::datachk::setup" timestamp="2020-07-01T15:18:49Z" hostname="fv-az29" tests="3" skipped="0" failures="0" errors="0" time="5.428">
    <testcase time="5.42600000000004" classname="CNSIM_datachk_setup" name="setup"/>
    <testcase time="0.000999999999976353" classname="CNSIM_datachk_setup" name="setup"/>
    <testcase time="0.000999999999976353" classname="CNSIM_datachk_setup" name="setup"/>
  </testsuite>
  <testsuite name="CNSIM::datachk" timestamp="2020-07-01T15:18:54Z" hostname="fv-az29" tests="198" skipped="0" failures="0" errors="0" time="11.757">
    <testcase time="0.544999999999959" classname="CNSIM_datachk" name="Check_CNSIM_dataset"/>
    <testcase time="0.00200000000006639" classname="CNSIM_datachk" name="Check_CNSIM_dataset"/>
    <testcase time="0.000999999999976353" classname="CNSIM_datachk" name="Check_CNSIM_dataset"/>
    <testcase time="0.00199999999995271" classname="CNSIM_datachk" name="Check_CNSIM_dataset"/>
    <testcase time="0.00100000000009004" classname="CNSIM_datachk" name="Check_CNSIM_dataset"/>
    <testcase time="0.00199999999995271" classname="CNSIM_datachk" name="Check_CNSIM_dataset"/>
    <testcase time="0.000999999999976353" classname="CNSIM_datachk" name="Check_CNSIM_dataset"/>
    <testcase time="0.288000000000011" classname="CNSIM_datachk" name="Check_CNSIM_dataset"/>
    <testcase time="0.00199999999995271" classname="CNSIM_datachk" name="Check_CNSIM_dataset"/>
    <testcase time="0.00200000000006639" classname="CNSIM_datachk" name="Check_CNSIM_dataset"/>
    <testcase time="0.00199999999995271" classname="CNSIM_datachk" name="Check_CNSIM_dataset"/>
    <testcase time="0.00100000000009004" classname="CNSIM_datachk" name="Check_CNSIM_dataset"/>
    <testcase time="0.000999999999976353" classname="CNSIM_datachk" name="Check_CNSIM_dataset"/>
    <testcase time="0.00199999999995271" classname="CNSIM_datachk" name="Check_CNSIM_dataset"/>
    <testcase time="0.00200000000006639" classname="CNSIM_datachk" name="Check_CNSIM_dataset"/>
    <testcase time="1.226" classname="CNSIM_datachk" name="Check_CNSIM_dataset"/>
    <testcase time="0.00199999999995271" classname="CNSIM_datachk" name="Check_CNSIM_dataset"/>
    <testcase time="0.00900000000001455" classname="CNSIM_datachk" name="Check_CNSIM_dataset"/>
    <testcase time="0.00199999999995271" classname="CNSIM_datachk" name="Check_CNSIM_dataset"/>
    <testcase time="0.00200000000006639" classname="CNSIM_datachk" name="Check_CNSIM_dataset"/>
    <testcase time="0.00199999999995271" classname="CNSIM_datachk" name="Check_CNSIM_dataset"/>
    <testcase time="0.00100000000009004" classname="CNSIM_datachk" name="Check_CNSIM_dataset"/>
    <testcase time="0.544999999999959" classname="CNSIM_datachk" name="Check_CNSIM_dataset"/>
    <testcase time="0.00199999999995271" classname="CNSIM_datachk" name="Check_CNSIM_dataset"/>
    <testcase time="0.00200000000006639" classname="CNSIM_datachk" name="Check_CNSIM_dataset"/>
    <testcase time="0.00199999999995271" classname="CNSIM_datachk" name="Check_CNSIM_dataset"/>
    <testcase time="0.00200000000006639" classname="CNSIM_datachk" name="Check_CNSIM_dataset"/>
    <testcase time="0.00199999999995271" classname="CNSIM_datachk" name="Check_CNSIM_dataset"/>
    <testcase time="0.00199999999995271" classname="CNSIM_datachk" name="Check_CNSIM_dataset"/>
    <testcase time="0.276000000000067" classname="CNSIM_datachk" name="Check_CNSIM_dataset"/>
    <testcase time="0.00199999999995271" classname="CNSIM_datachk" name="Check_CNSIM_dataset"/>
    <testcase time="0.00200000000006639" classname="CNSIM_datachk" name="Check_CNSIM_dataset"/>
    <testcase time="0.00199999999995271" classname="CNSIM_datachk" name="Check_CNSIM_dataset"/>
    <testcase time="0.00199999999995271" classname="CNSIM_datachk" name="Check_CNSIM_dataset"/>
    <testcase time="0.00200000000006639" classname="CNSIM_datachk" name="Check_CNSIM_dataset"/>
    <testcase time="0.00299999999992906" classname="CNSIM_datachk" name="Check_CNSIM_dataset"/>
    <testcase time="0.00200000000006639" classname="CNSIM_datachk" name="Check_CNSIM_dataset"/>
    <testcase time="0.00199999999995271" classname="CNSIM_datachk" name="Check_CNSIM_dataset"/>
    <testcase time="0.539999999999964" classname="CNSIM_datachk" name="Check_CNSIM_dataset"/>
    <testcase time="0.00199999999995271" classname="CNSIM_datachk" name="Check_CNSIM_dataset"/>
    <testcase time="0.00200000000006639" classname="CNSIM_datachk" name="Check_CNSIM_dataset"/>
    <testcase time="0.00299999999992906" classname="CNSIM_datachk" name="Check_CNSIM_dataset"/>
    <testcase time="0.00200000000006639" classname="CNSIM_datachk" name="Check_CNSIM_dataset"/>
    <testcase time="0.00199999999995271" classname="CNSIM_datachk" name="Check_CNSIM_dataset"/>
    <testcase time="0.00200000000006639" classname="CNSIM_datachk" name="Check_CNSIM_dataset"/>
    <testcase time="0.272999999999911" classname="CNSIM_datachk" name="Check_CNSIM_dataset"/>
    <testcase time="0.00200000000006639" classname="CNSIM_datachk" name="Check_CNSIM_dataset"/>
    <testcase time="0.00199999999995271" classname="CNSIM_datachk" name="Check_CNSIM_dataset"/>
    <testcase time="0.00200000000006639" classname="CNSIM_datachk" name="Check_CNSIM_dataset"/>
    <testcase time="0.00199999999995271" classname="CNSIM_datachk" name="Check_CNSIM_dataset"/>
    <testcase time="0.000999999999976353" classname="CNSIM_datachk" name="Check_CNSIM_dataset"/>
    <testcase time="0.00200000000006639" classname="CNSIM_datachk" name="Check_CNSIM_dataset"/>
    <testcase time="0.00199999999995271" classname="CNSIM_datachk" name="Check_CNSIM_dataset"/>
    <testcase time="0.00300000000004275" classname="CNSIM_datachk" name="Check_CNSIM_dataset"/>
    <testcase time="0.544999999999959" classname="CNSIM_datachk" name="Check_CNSIM_dataset"/>
    <testcase time="0.00200000000006639" classname="CNSIM_datachk" name="Check_CNSIM_dataset"/>
    <testcase time="0.00299999999992906" classname="CNSIM_datachk" name="Check_CNSIM_dataset"/>
    <testcase time="0.00200000000006639" classname="CNSIM_datachk" name="Check_CNSIM_dataset"/>
    <testcase time="0.00299999999992906" classname="CNSIM_datachk" name="Check_CNSIM_dataset"/>
    <testcase time="0.00200000000006639" classname="CNSIM_datachk" name="Check_CNSIM_dataset"/>
    <testcase time="0.00199999999995271" classname="CNSIM_datachk" name="Check_CNSIM_dataset"/>
    <testcase time="0.276000000000067" classname="CNSIM_datachk" name="Check_CNSIM_dataset"/>
    <testcase time="0.00199999999995271" classname="CNSIM_datachk" name="Check_CNSIM_dataset"/>
    <testcase time="0.00300000000004275" classname="CNSIM_datachk" name="Check_CNSIM_dataset"/>
    <testcase time="0.00199999999995271" classname="CNSIM_datachk" name="Check_CNSIM_dataset"/>
    <testcase time="0.00199999999995271" classname="CNSIM_datachk" name="Check_CNSIM_dataset"/>
    <testcase time="0.00300000000004275" classname="CNSIM_datachk" name="Check_CNSIM_dataset"/>
    <testcase time="0.00199999999995271" classname="CNSIM_datachk" name="Check_CNSIM_dataset"/>
    <testcase time="0.00300000000004275" classname="CNSIM_datachk" name="Check_CNSIM_dataset"/>
    <testcase time="0.00300000000004275" classname="CNSIM_datachk" name="Check_CNSIM_dataset"/>
    <testcase time="0.541999999999916" classname="CNSIM_datachk" name="Check_CNSIM_dataset"/>
    <testcase time="0.00300000000004275" classname="CNSIM_datachk" name="Check_CNSIM_dataset"/>
    <testcase time="0.00300000000004275" classname="CNSIM_datachk" name="Check_CNSIM_dataset"/>
    <testcase time="0.00299999999992906" classname="CNSIM_datachk" name="Check_CNSIM_dataset"/>
    <testcase time="0.00200000000006639" classname="CNSIM_datachk" name="Check_CNSIM_dataset"/>
    <testcase time="0.00299999999992906" classname="CNSIM_datachk" name="Check_CNSIM_dataset"/>
    <testcase time="0.00300000000004275" classname="CNSIM_datachk" name="Check_CNSIM_dataset"/>
    <testcase time="0.302000000000021" classname="CNSIM_datachk" name="Check_CNSIM_dataset"/>
    <testcase time="0.00199999999995271" classname="CNSIM_datachk" name="Check_CNSIM_dataset"/>
    <testcase time="0.00300000000004275" classname="CNSIM_datachk" name="Check_CNSIM_dataset"/>
    <testcase time="0.0040000000000191" classname="CNSIM_datachk" name="Check_CNSIM_dataset"/>
    <testcase time="0.00199999999995271" classname="CNSIM_datachk" name="Check_CNSIM_dataset"/>
    <testcase time="0.00300000000004275" classname="CNSIM_datachk" name="Check_CNSIM_dataset"/>
    <testcase time="0.00199999999995271" classname="CNSIM_datachk" name="Check_CNSIM_dataset"/>
    <testcase time="0.00300000000004275" classname="CNSIM_datachk" name="Check_CNSIM_dataset"/>
    <testcase time="0.0040000000000191" classname="CNSIM_datachk" name="Check_CNSIM_dataset"/>
    <testcase time="0.584999999999923" classname="CNSIM_datachk" name="Check_CNSIM_dataset"/>
    <testcase time="0.00200000000006639" classname="CNSIM_datachk" name="Check_CNSIM_dataset"/>
    <testcase time="0.00299999999992906" classname="CNSIM_datachk" name="Check_CNSIM_dataset"/>
    <testcase time="0.0040000000000191" classname="CNSIM_datachk" name="Check_CNSIM_dataset"/>
    <testcase time="0.00200000000006639" classname="CNSIM_datachk" name="Check_CNSIM_dataset"/>
    <testcase time="0.00299999999992906" classname="CNSIM_datachk" name="Check_CNSIM_dataset"/>
    <testcase time="0.0040000000000191" classname="CNSIM_datachk" name="Check_CNSIM_dataset"/>
    <testcase time="0.269999999999982" classname="CNSIM_datachk" name="Check_CNSIM_dataset"/>
    <testcase time="0.00300000000004275" classname="CNSIM_datachk" name="Check_CNSIM_dataset"/>
    <testcase time="0.00299999999992906" classname="CNSIM_datachk" name="Check_CNSIM_dataset"/>
    <testcase time="0.00300000000004275" classname="CNSIM_datachk" name="Check_CNSIM_dataset"/>
    <testcase time="0.00300000000004275" classname="CNSIM_datachk" name="Check_CNSIM_dataset"/>
    <testcase time="0.00299999999992906" classname="CNSIM_datachk" name="Check_CNSIM_dataset"/>
    <testcase time="0.00300000000004275" classname="CNSIM_datachk" name="Check_CNSIM_dataset"/>
    <testcase time="0.00300000000004275" classname="CNSIM_datachk" name="Check_CNSIM_dataset"/>
    <testcase time="0.00199999999995271" classname="CNSIM_datachk" name="Check_CNSIM_dataset"/>
    <testcase time="0.54099999999994" classname="CNSIM_datachk" name="Check_CNSIM_dataset"/>
    <testcase time="0.00300000000004275" classname="CNSIM_datachk" name="Check_CNSIM_dataset"/>
    <testcase time="0.00300000000004275" classname="CNSIM_datachk" name="Check_CNSIM_dataset"/>
    <testcase time="0.00299999999992906" classname="CNSIM_datachk" name="Check_CNSIM_dataset"/>
    <testcase time="0.0040000000000191" classname="CNSIM_datachk" name="Check_CNSIM_dataset"/>
    <testcase time="0.0040000000000191" classname="CNSIM_datachk" name="Check_CNSIM_dataset"/>
    <testcase time="0.00300000000004275" classname="CNSIM_datachk" name="Check_CNSIM_dataset"/>
    <testcase time="0.274999999999977" classname="CNSIM_datachk" name="Check_CNSIM_dataset"/>
    <testcase time="0.00499999999999545" classname="CNSIM_datachk" name="Check_CNSIM_dataset"/>
    <testcase time="0.00299999999992906" classname="CNSIM_datachk" name="Check_CNSIM_dataset"/>
    <testcase time="0.0040000000000191" classname="CNSIM_datachk" name="Check_CNSIM_dataset"/>
    <testcase time="0.0040000000000191" classname="CNSIM_datachk" name="Check_CNSIM_dataset"/>
    <testcase time="0.00300000000004275" classname="CNSIM_datachk" name="Check_CNSIM_dataset"/>
    <testcase time="0.0040000000000191" classname="CNSIM_datachk" name="Check_CNSIM_dataset"/>
    <testcase time="0.00299999999992906" classname="CNSIM_datachk" name="Check_CNSIM_dataset"/>
    <testcase time="0.00300000000004275" classname="CNSIM_datachk" name="Check_CNSIM_dataset"/>
    <testcase time="0.545999999999935" classname="CNSIM_datachk" name="Check_CNSIM_dataset"/>
    <testcase time="0.0040000000000191" classname="CNSIM_datachk" name="Check_CNSIM_dataset"/>
    <testcase time="0.0040000000000191" classname="CNSIM_datachk" name="Check_CNSIM_dataset"/>
    <testcase time="0.00300000000004275" classname="CNSIM_datachk" name="Check_CNSIM_dataset"/>
    <testcase time="0.0040000000000191" classname="CNSIM_datachk" name="Check_CNSIM_dataset"/>
    <testcase time="0.00399999999990541" classname="CNSIM_datachk" name="Check_CNSIM_dataset"/>
    <testcase time="0.00300000000004275" classname="CNSIM_datachk" name="Check_CNSIM_dataset"/>
    <testcase time="0.272000000000048" classname="CNSIM_datachk" name="Check_CNSIM_dataset"/>
    <testcase time="0.00299999999992906" classname="CNSIM_datachk" name="Check_CNSIM_dataset"/>
    <testcase time="0.0040000000000191" classname="CNSIM_datachk" name="Check_CNSIM_dataset"/>
    <testcase time="0.0040000000000191" classname="CNSIM_datachk" name="Check_CNSIM_dataset"/>
    <testcase time="0.00299999999992906" classname="CNSIM_datachk" name="Check_CNSIM_dataset"/>
    <testcase time="0.00200000000006639" classname="CNSIM_datachk" name="Check_CNSIM_dataset"/>
    <testcase time="0.0040000000000191" classname="CNSIM_datachk" name="Check_CNSIM_dataset"/>
    <testcase time="0.0040000000000191" classname="CNSIM_datachk" name="Check_CNSIM_dataset"/>
    <testcase time="0.00299999999992906" classname="CNSIM_datachk" name="Check_CNSIM_dataset"/>
    <testcase time="0.545000000000073" classname="CNSIM_datachk" name="Check_CNSIM_dataset"/>
    <testcase time="0.00399999999990541" classname="CNSIM_datachk" name="Check_CNSIM_dataset"/>
    <testcase time="0.00300000000004275" classname="CNSIM_datachk" name="Check_CNSIM_dataset"/>
    <testcase time="0.0040000000000191" classname="CNSIM_datachk" name="Check_CNSIM_dataset"/>
    <testcase time="0.0040000000000191" classname="CNSIM_datachk" name="Check_CNSIM_dataset"/>
    <testcase time="0.0040000000000191" classname="CNSIM_datachk" name="Check_CNSIM_dataset"/>
    <testcase time="0.0040000000000191" classname="CNSIM_datachk" name="Check_CNSIM_dataset"/>
    <testcase time="0.283999999999992" classname="CNSIM_datachk" name="Check_CNSIM_dataset"/>
    <testcase time="0.00399999999990541" classname="CNSIM_datachk" name="Check_CNSIM_dataset"/>
    <testcase time="0.00499999999999545" classname="CNSIM_datachk" name="Check_CNSIM_dataset"/>
    <testcase time="0.0040000000000191" classname="CNSIM_datachk" name="Check_CNSIM_dataset"/>
    <testcase time="0.0040000000000191" classname="CNSIM_datachk" name="Check_CNSIM_dataset"/>
    <testcase time="0.00499999999999545" classname="CNSIM_datachk" name="Check_CNSIM_dataset"/>
    <testcase time="0.0040000000000191" classname="CNSIM_datachk" name="Check_CNSIM_dataset"/>
    <testcase time="0.00999999999999091" classname="CNSIM_datachk" name="Check_CNSIM_dataset"/>
    <testcase time="0.0040000000000191" classname="CNSIM_datachk" name="Check_CNSIM_dataset"/>
    <testcase time="0.538000000000011" classname="CNSIM_datachk" name="Check_CNSIM_dataset"/>
    <testcase time="0.0040000000000191" classname="CNSIM_datachk" name="Check_CNSIM_dataset"/>
    <testcase time="0.0040000000000191" classname="CNSIM_datachk" name="Check_CNSIM_dataset"/>
    <testcase time="0.00499999999999545" classname="CNSIM_datachk" name="Check_CNSIM_dataset"/>
    <testcase time="0.00399999999990541" classname="CNSIM_datachk" name="Check_CNSIM_dataset"/>
    <testcase time="0.00499999999999545" classname="CNSIM_datachk" name="Check_CNSIM_dataset"/>
    <testcase time="0.00499999999999545" classname="CNSIM_datachk" name="Check_CNSIM_dataset"/>
    <testcase time="0.275000000000091" classname="CNSIM_datachk" name="Check_CNSIM_dataset"/>
    <testcase time="0.00399999999990541" classname="CNSIM_datachk" name="Check_CNSIM_dataset"/>
    <testcase time="0.0040000000000191" classname="CNSIM_datachk" name="Check_CNSIM_dataset"/>
    <testcase time="0.00499999999999545" classname="CNSIM_datachk" name="Check_CNSIM_dataset"/>
    <testcase time="0.0040000000000191" classname="CNSIM_datachk" name="Check_CNSIM_dataset"/>
    <testcase time="0.00300000000004275" classname="CNSIM_datachk" name="Check_CNSIM_dataset"/>
    <testcase time="0.0040000000000191" classname="CNSIM_datachk" name="Check_CNSIM_dataset"/>
    <testcase time="0.00399999999990541" classname="CNSIM_datachk" name="Check_CNSIM_dataset"/>
    <testcase time="0.00500000000010914" classname="CNSIM_datachk" name="Check_CNSIM_dataset"/>
    <testcase time="0.551999999999907" classname="CNSIM_datachk" name="Check_CNSIM_dataset"/>
    <testcase time="0.00499999999999545" classname="CNSIM_datachk" name="Check_CNSIM_dataset"/>
    <testcase time="0.00499999999999545" classname="CNSIM_datachk" name="Check_CNSIM_dataset"/>
    <testcase time="0.0040000000000191" classname="CNSIM_datachk" name="Check_CNSIM_dataset"/>
    <testcase time="0.00499999999999545" classname="CNSIM_datachk" name="Check_CNSIM_dataset"/>
    <testcase time="0.0040000000000191" classname="CNSIM_datachk" name="Check_CNSIM_dataset"/>
    <testcase time="0.00999999999999091" classname="CNSIM_datachk" name="Check_CNSIM_dataset"/>
    <testcase time="0.278999999999996" classname="CNSIM_datachk" name="Check_CNSIM_dataset"/>
    <testcase time="0.00499999999999545" classname="CNSIM_datachk" name="Check_CNSIM_dataset"/>
    <testcase time="0.00499999999999545" classname="CNSIM_datachk" name="Check_CNSIM_dataset"/>
    <testcase time="0.0040000000000191" classname="CNSIM_datachk" name="Check_CNSIM_dataset"/>
    <testcase time="0.00499999999999545" classname="CNSIM_datachk" name="Check_CNSIM_dataset"/>
    <testcase time="0.00499999999999545" classname="CNSIM_datachk" name="Check_CNSIM_dataset"/>
    <testcase time="0.00499999999999545" classname="CNSIM_datachk" name="Check_CNSIM_dataset"/>
    <testcase time="0.0040000000000191" classname="CNSIM_datachk" name="Check_CNSIM_dataset"/>
    <testcase time="0.00499999999999545" classname="CNSIM_datachk" name="Check_CNSIM_dataset"/>
    <testcase time="0.543000000000006" classname="CNSIM_datachk" name="Check_CNSIM_dataset"/>
    <testcase time="0.00499999999999545" classname="CNSIM_datachk" name="Check_CNSIM_dataset"/>
    <testcase time="0.0040000000000191" classname="CNSIM_datachk" name="Check_CNSIM_dataset"/>
    <testcase time="0.0040000000000191" classname="CNSIM_datachk" name="Check_CNSIM_dataset"/>
    <testcase time="0.00499999999999545" classname="CNSIM_datachk" name="Check_CNSIM_dataset"/>
    <testcase time="0.00599999999997181" classname="CNSIM_datachk" name="Check_CNSIM_dataset"/>
    <testcase time="0.00499999999999545" classname="CNSIM_datachk" name="Check_CNSIM_dataset"/>
    <testcase time="0.29200000000003" classname="CNSIM_datachk" name="Check_CNSIM_dataset"/>
    <testcase time="0.00599999999997181" classname="CNSIM_datachk" name="Check_CNSIM_dataset"/>
    <testcase time="0.00499999999999545" classname="CNSIM_datachk" name="Check_CNSIM_dataset"/>
    <testcase time="0.00499999999999545" classname="CNSIM_datachk" name="Check_CNSIM_dataset"/>
    <testcase time="0.00499999999999545" classname="CNSIM_datachk" name="Check_CNSIM_dataset"/>
    <testcase time="0.00599999999997181" classname="CNSIM_datachk" name="Check_CNSIM_dataset"/>
    <testcase time="0.00600000000008549" classname="CNSIM_datachk" name="Check_CNSIM_dataset"/>
    <testcase time="0.00499999999999545" classname="CNSIM_datachk" name="Check_CNSIM_dataset"/>
    <testcase time="0.0309999999999491" classname="CNSIM_datachk" name="Check_CNSIM_dataset"/>
  </testsuite>
  <testsuite name="CNSIM::datachk::shutdown" timestamp="2020-07-01T15:19:06Z" hostname="fv-az29" tests="3" skipped="0" failures="0" errors="0" time="0.29">
    <testcase time="0.287000000000035" classname="CNSIM_datachk_shutdown" name="shutdown"/>
    <testcase time="0.000999999999976353" classname="CNSIM_datachk_shutdown" name="shutdown"/>
    <testcase time="0.00200000000006639" classname="CNSIM_datachk_shutdown" name="shutdown"/>
  </testsuite>
  <testsuite name="CNSIM::datachk::done" timestamp="2020-07-01T15:19:06Z" hostname="fv-az29" tests="0" skipped="0" failures="0" errors="0" time="0"/>
  <testsuite name="DASIM::datachk::setup" timestamp="2020-07-01T15:19:06Z" hostname="fv-az29" tests="3" skipped="0" failures="0" errors="0" time="6.03">
    <testcase time="6.02699999999993" classname="DASIM_datachk_setup" name="setup"/>
    <testcase time="0.00200000000006639" classname="DASIM_datachk_setup" name="setup"/>
    <testcase time="0.000999999999976353" classname="DASIM_datachk_setup" name="setup"/>
  </testsuite>
  <testsuite name="DASIM::datachk" timestamp="2020-07-01T15:19:12Z" hostname="fv-az29" tests="182" skipped="0" failures="0" errors="0" time="10.924">
    <testcase time="0.543000000000006" classname="DASIM_datachk" name="Check_DASIM_dataset"/>
    <testcase time="0.000999999999976353" classname="DASIM_datachk" name="Check_DASIM_dataset"/>
    <testcase time="0.00199999999995271" classname="DASIM_datachk" name="Check_DASIM_dataset"/>
    <testcase time="0.00100000000009004" classname="DASIM_datachk" name="Check_DASIM_dataset"/>
    <testcase time="0.00199999999995271" classname="DASIM_datachk" name="Check_DASIM_dataset"/>
    <testcase time="0.00199999999995271" classname="DASIM_datachk" name="Check_DASIM_dataset"/>
    <testcase time="0.00100000000009004" classname="DASIM_datachk" name="Check_DASIM_dataset"/>
    <testcase time="0.274999999999977" classname="DASIM_datachk" name="Check_DASIM_dataset"/>
    <testcase time="0.00199999999995271" classname="DASIM_datachk" name="Check_DASIM_dataset"/>
    <testcase time="0.000999999999976353" classname="DASIM_datachk" name="Check_DASIM_dataset"/>
    <testcase time="0.00200000000006639" classname="DASIM_datachk" name="Check_DASIM_dataset"/>
    <testcase time="0.000999999999976353" classname="DASIM_datachk" name="Check_DASIM_dataset"/>
    <testcase time="0.00199999999995271" classname="DASIM_datachk" name="Check_DASIM_dataset"/>
    <testcase time="0.00100000000009004" classname="DASIM_datachk" name="Check_DASIM_dataset"/>
    <testcase time="0.00199999999995271" classname="DASIM_datachk" name="Check_DASIM_dataset"/>
    <testcase time="1.24199999999996" classname="DASIM_datachk" name="Check_DASIM_dataset"/>
    <testcase time="0.00200000000006639" classname="DASIM_datachk" name="Check_DASIM_dataset"/>
    <testcase time="0.00199999999995271" classname="DASIM_datachk" name="Check_DASIM_dataset"/>
    <testcase time="0.000999999999976353" classname="DASIM_datachk" name="Check_DASIM_dataset"/>
    <testcase time="0.00200000000006639" classname="DASIM_datachk" name="Check_DASIM_dataset"/>
    <testcase time="0.00199999999995271" classname="DASIM_datachk" name="Check_DASIM_dataset"/>
    <testcase time="0.00200000000006639" classname="DASIM_datachk" name="Check_DASIM_dataset"/>
    <testcase time="0.538999999999987" classname="DASIM_datachk" name="Check_DASIM_dataset"/>
    <testcase time="0.00199999999995271" classname="DASIM_datachk" name="Check_DASIM_dataset"/>
    <testcase time="0.000999999999976353" classname="DASIM_datachk" name="Check_DASIM_dataset"/>
    <testcase time="0.00200000000006639" classname="DASIM_datachk" name="Check_DASIM_dataset"/>
    <testcase time="0.00199999999995271" classname="DASIM_datachk" name="Check_DASIM_dataset"/>
    <testcase time="0.00200000000006639" classname="DASIM_datachk" name="Check_DASIM_dataset"/>
    <testcase time="0.00199999999995271" classname="DASIM_datachk" name="Check_DASIM_dataset"/>
    <testcase time="0.277000000000044" classname="DASIM_datachk" name="Check_DASIM_dataset"/>
    <testcase time="0.00199999999995271" classname="DASIM_datachk" name="Check_DASIM_dataset"/>
    <testcase time="0.00200000000006639" classname="DASIM_datachk" name="Check_DASIM_dataset"/>
    <testcase time="0.00199999999995271" classname="DASIM_datachk" name="Check_DASIM_dataset"/>
    <testcase time="0.00199999999995271" classname="DASIM_datachk" name="Check_DASIM_dataset"/>
    <testcase time="0.00200000000006639" classname="DASIM_datachk" name="Check_DASIM_dataset"/>
    <testcase time="0.00199999999995271" classname="DASIM_datachk" name="Check_DASIM_dataset"/>
    <testcase time="0.00300000000004275" classname="DASIM_datachk" name="Check_DASIM_dataset"/>
    <testcase time="0.00199999999995271" classname="DASIM_datachk" name="Check_DASIM_dataset"/>
    <testcase time="0.550000000000068" classname="DASIM_datachk" name="Check_DASIM_dataset"/>
    <testcase time="0.00199999999995271" classname="DASIM_datachk" name="Check_DASIM_dataset"/>
    <testcase time="0.00199999999995271" classname="DASIM_datachk" name="Check_DASIM_dataset"/>
    <testcase time="0.00200000000006639" classname="DASIM_datachk" name="Check_DASIM_dataset"/>
    <testcase time="0.00199999999995271" classname="DASIM_datachk" name="Check_DASIM_dataset"/>
    <testcase time="0.00200000000006639" classname="DASIM_datachk" name="Check_DASIM_dataset"/>
    <testcase time="0.00199999999995271" classname="DASIM_datachk" name="Check_DASIM_dataset"/>
    <testcase time="0.274000000000001" classname="DASIM_datachk" name="Check_DASIM_dataset"/>
    <testcase time="0.00200000000006639" classname="DASIM_datachk" name="Check_DASIM_dataset"/>
    <testcase time="0.00199999999995271" classname="DASIM_datachk" name="Check_DASIM_dataset"/>
    <testcase time="0.00300000000004275" classname="DASIM_datachk" name="Check_DASIM_dataset"/>
    <testcase time="0.00199999999995271" classname="DASIM_datachk" name="Check_DASIM_dataset"/>
    <testcase time="0.00199999999995271" classname="DASIM_datachk" name="Check_DASIM_dataset"/>
    <testcase time="0.00200000000006639" classname="DASIM_datachk" name="Check_DASIM_dataset"/>
    <testcase time="0.00199999999995271" classname="DASIM_datachk" name="Check_DASIM_dataset"/>
    <testcase time="0.00300000000004275" classname="DASIM_datachk" name="Check_DASIM_dataset"/>
    <testcase time="0.662000000000035" classname="DASIM_datachk" name="Check_DASIM_dataset"/>
    <testcase time="0.00299999999992906" classname="DASIM_datachk" name="Check_DASIM_dataset"/>
    <testcase time="0.00200000000006639" classname="DASIM_datachk" name="Check_DASIM_dataset"/>
    <testcase time="0.00299999999992906" classname="DASIM_datachk" name="Check_DASIM_dataset"/>
    <testcase time="0.00200000000006639" classname="DASIM_datachk" name="Check_DASIM_dataset"/>
    <testcase time="0.00299999999992906" classname="DASIM_datachk" name="Check_DASIM_dataset"/>
    <testcase time="0.00200000000006639" classname="DASIM_datachk" name="Check_DASIM_dataset"/>
    <testcase time="0.274999999999977" classname="DASIM_datachk" name="Check_DASIM_dataset"/>
    <testcase time="0.00300000000004275" classname="DASIM_datachk" name="Check_DASIM_dataset"/>
    <testcase time="0.00299999999992906" classname="DASIM_datachk" name="Check_DASIM_dataset"/>
    <testcase time="0.00300000000004275" classname="DASIM_datachk" name="Check_DASIM_dataset"/>
    <testcase time="0.00299999999992906" classname="DASIM_datachk" name="Check_DASIM_dataset"/>
    <testcase time="0.00200000000006639" classname="DASIM_datachk" name="Check_DASIM_dataset"/>
    <testcase time="0.00299999999992906" classname="DASIM_datachk" name="Check_DASIM_dataset"/>
    <testcase time="0.00200000000006639" classname="DASIM_datachk" name="Check_DASIM_dataset"/>
    <testcase time="0.00299999999992906" classname="DASIM_datachk" name="Check_DASIM_dataset"/>
    <testcase time="0.551000000000045" classname="DASIM_datachk" name="Check_DASIM_dataset"/>
    <testcase time="0.00300000000004275" classname="DASIM_datachk" name="Check_DASIM_dataset"/>
    <testcase time="0.00299999999992906" classname="DASIM_datachk" name="Check_DASIM_dataset"/>
    <testcase time="0.00200000000006639" classname="DASIM_datachk" name="Check_DASIM_dataset"/>
    <testcase time="0.00299999999992906" classname="DASIM_datachk" name="Check_DASIM_dataset"/>
    <testcase time="0.00300000000004275" classname="DASIM_datachk" name="Check_DASIM_dataset"/>
    <testcase time="0.00300000000004275" classname="DASIM_datachk" name="Check_DASIM_dataset"/>
    <testcase time="0.277999999999906" classname="DASIM_datachk" name="Check_DASIM_dataset"/>
    <testcase time="0.00300000000004275" classname="DASIM_datachk" name="Check_DASIM_dataset"/>
    <testcase time="0.00300000000004275" classname="DASIM_datachk" name="Check_DASIM_dataset"/>
    <testcase time="0.00299999999992906" classname="DASIM_datachk" name="Check_DASIM_dataset"/>
    <testcase time="0.00300000000004275" classname="DASIM_datachk" name="Check_DASIM_dataset"/>
    <testcase time="0.00300000000004275" classname="DASIM_datachk" name="Check_DASIM_dataset"/>
    <testcase time="0.00399999999990541" classname="DASIM_datachk" name="Check_DASIM_dataset"/>
    <testcase time="0.00200000000006639" classname="DASIM_datachk" name="Check_DASIM_dataset"/>
    <testcase time="0.0040000000000191" classname="DASIM_datachk" name="Check_DASIM_dataset"/>
    <testcase time="0.548000000000002" classname="DASIM_datachk" name="Check_DASIM_dataset"/>
    <testcase time="0.00299999999992906" classname="DASIM_datachk" name="Check_DASIM_dataset"/>
    <testcase time="0.00300000000004275" classname="DASIM_datachk" name="Check_DASIM_dataset"/>
    <testcase time="0.00300000000004275" classname="DASIM_datachk" name="Check_DASIM_dataset"/>
    <testcase time="0.00199999999995271" classname="DASIM_datachk" name="Check_DASIM_dataset"/>
    <testcase time="0.00300000000004275" classname="DASIM_datachk" name="Check_DASIM_dataset"/>
    <testcase time="0.00299999999992906" classname="DASIM_datachk" name="Check_DASIM_dataset"/>
    <testcase time="0.27800000000002" classname="DASIM_datachk" name="Check_DASIM_dataset"/>
    <testcase time="0.00300000000004275" classname="DASIM_datachk" name="Check_DASIM_dataset"/>
    <testcase time="0.00399999999990541" classname="DASIM_datachk" name="Check_DASIM_dataset"/>
    <testcase time="0.00200000000006639" classname="DASIM_datachk" name="Check_DASIM_dataset"/>
    <testcase time="0.00299999999992906" classname="DASIM_datachk" name="Check_DASIM_dataset"/>
    <testcase time="0.00300000000004275" classname="DASIM_datachk" name="Check_DASIM_dataset"/>
    <testcase time="0.00300000000004275" classname="DASIM_datachk" name="Check_DASIM_dataset"/>
    <testcase time="0.00299999999992906" classname="DASIM_datachk" name="Check_DASIM_dataset"/>
    <testcase time="0.00300000000004275" classname="DASIM_datachk" name="Check_DASIM_dataset"/>
    <testcase time="0.539999999999964" classname="DASIM_datachk" name="Check_DASIM_dataset"/>
    <testcase time="0.00300000000004275" classname="DASIM_datachk" name="Check_DASIM_dataset"/>
    <testcase time="0.00300000000004275" classname="DASIM_datachk" name="Check_DASIM_dataset"/>
    <testcase time="0.00399999999990541" classname="DASIM_datachk" name="Check_DASIM_dataset"/>
    <testcase time="0.00300000000004275" classname="DASIM_datachk" name="Check_DASIM_dataset"/>
    <testcase time="0.00199999999995271" classname="DASIM_datachk" name="Check_DASIM_dataset"/>
    <testcase time="0.0040000000000191" classname="DASIM_datachk" name="Check_DASIM_dataset"/>
    <testcase time="0.273000000000025" classname="DASIM_datachk" name="Check_DASIM_dataset"/>
    <testcase time="0.00300000000004275" classname="DASIM_datachk" name="Check_DASIM_dataset"/>
    <testcase time="0.00399999999990541" classname="DASIM_datachk" name="Check_DASIM_dataset"/>
    <testcase time="0.0040000000000191" classname="DASIM_datachk" name="Check_DASIM_dataset"/>
    <testcase time="0.00300000000004275" classname="DASIM_datachk" name="Check_DASIM_dataset"/>
    <testcase time="0.0040000000000191" classname="DASIM_datachk" name="Check_DASIM_dataset"/>
    <testcase time="0.0040000000000191" classname="DASIM_datachk" name="Check_DASIM_dataset"/>
    <testcase time="0.00399999999990541" classname="DASIM_datachk" name="Check_DASIM_dataset"/>
    <testcase time="0.00300000000004275" classname="DASIM_datachk" name="Check_DASIM_dataset"/>
    <testcase time="0.551000000000045" classname="DASIM_datachk" name="Check_DASIM_dataset"/>
    <testcase time="0.0040000000000191" classname="DASIM_datachk" name="Check_DASIM_dataset"/>
    <testcase time="0.00399999999990541" classname="DASIM_datachk" name="Check_DASIM_dataset"/>
    <testcase time="0.00300000000004275" classname="DASIM_datachk" name="Check_DASIM_dataset"/>
    <testcase time="0.0040000000000191" classname="DASIM_datachk" name="Check_DASIM_dataset"/>
    <testcase time="0.00299999999992906" classname="DASIM_datachk" name="Check_DASIM_dataset"/>
    <testcase time="0.0040000000000191" classname="DASIM_datachk" name="Check_DASIM_dataset"/>
    <testcase time="0.278999999999996" classname="DASIM_datachk" name="Check_DASIM_dataset"/>
    <testcase time="0.0040000000000191" classname="DASIM_datachk" name="Check_DASIM_dataset"/>
    <testcase time="0.0040000000000191" classname="DASIM_datachk" name="Check_DASIM_dataset"/>
    <testcase time="0.0040000000000191" classname="DASIM_datachk" name="Check_DASIM_dataset"/>
    <testcase time="0.00299999999992906" classname="DASIM_datachk" name="Check_DASIM_dataset"/>
    <testcase time="0.0040000000000191" classname="DASIM_datachk" name="Check_DASIM_dataset"/>
    <testcase time="0.00300000000004275" classname="DASIM_datachk" name="Check_DASIM_dataset"/>
    <testcase time="0.0040000000000191" classname="DASIM_datachk" name="Check_DASIM_dataset"/>
    <testcase time="0.0040000000000191" classname="DASIM_datachk" name="Check_DASIM_dataset"/>
    <testcase time="0.548000000000002" classname="DASIM_datachk" name="Check_DASIM_dataset"/>
    <testcase time="0.00399999999990541" classname="DASIM_datachk" name="Check_DASIM_dataset"/>
    <testcase time="0.0040000000000191" classname="DASIM_datachk" name="Check_DASIM_dataset"/>
    <testcase time="0.0040000000000191" classname="DASIM_datachk" name="Check_DASIM_dataset"/>
    <testcase time="0.00499999999999545" classname="DASIM_datachk" name="Check_DASIM_dataset"/>
    <testcase time="0.00300000000004275" classname="DASIM_datachk" name="Check_DASIM_dataset"/>
    <testcase time="0.00499999999999545" classname="DASIM_datachk" name="Check_DASIM_dataset"/>
    <testcase time="0.286999999999921" classname="DASIM_datachk" name="Check_DASIM_dataset"/>
    <testcase time="0.00499999999999545" classname="DASIM_datachk" name="Check_DASIM_dataset"/>
    <testcase time="0.00300000000004275" classname="DASIM_datachk" name="Check_DASIM_dataset"/>
    <testcase time="0.00599999999997181" classname="DASIM_datachk" name="Check_DASIM_dataset"/>
    <testcase time="0.0110000000000809" classname="DASIM_datachk" name="Check_DASIM_dataset"/>
    <testcase time="0.00399999999990541" classname="DASIM_datachk" name="Check_DASIM_dataset"/>
    <testcase time="0.0040000000000191" classname="DASIM_datachk" name="Check_DASIM_dataset"/>
    <testcase time="0.0040000000000191" classname="DASIM_datachk" name="Check_DASIM_dataset"/>
    <testcase time="0.0040000000000191" classname="DASIM_datachk" name="Check_DASIM_dataset"/>
    <testcase time="0.546000000000049" classname="DASIM_datachk" name="Check_DASIM_dataset"/>
    <testcase time="0.00399999999990541" classname="DASIM_datachk" name="Check_DASIM_dataset"/>
    <testcase time="0.0040000000000191" classname="DASIM_datachk" name="Check_DASIM_dataset"/>
    <testcase time="0.0040000000000191" classname="DASIM_datachk" name="Check_DASIM_dataset"/>
    <testcase time="0.0040000000000191" classname="DASIM_datachk" name="Check_DASIM_dataset"/>
    <testcase time="0.0040000000000191" classname="DASIM_datachk" name="Check_DASIM_dataset"/>
    <testcase time="0.00399999999990541" classname="DASIM_datachk" name="Check_DASIM_dataset"/>
    <testcase time="0.284000000000106" classname="DASIM_datachk" name="Check_DASIM_dataset"/>
    <testcase time="0.00599999999997181" classname="DASIM_datachk" name="Check_DASIM_dataset"/>
    <testcase time="0.00599999999997181" classname="DASIM_datachk" name="Check_DASIM_dataset"/>
    <testcase time="0.0040000000000191" classname="DASIM_datachk" name="Check_DASIM_dataset"/>
    <testcase time="0.00499999999999545" classname="DASIM_datachk" name="Check_DASIM_dataset"/>
    <testcase time="0.00499999999999545" classname="DASIM_datachk" name="Check_DASIM_dataset"/>
    <testcase time="0.00599999999997181" classname="DASIM_datachk" name="Check_DASIM_dataset"/>
    <testcase time="0.00499999999999545" classname="DASIM_datachk" name="Check_DASIM_dataset"/>
    <testcase time="0.00499999999999545" classname="DASIM_datachk" name="Check_DASIM_dataset"/>
    <testcase time="0.540000000000077" classname="DASIM_datachk" name="Check_DASIM_dataset"/>
    <testcase time="0.00399999999990541" classname="DASIM_datachk" name="Check_DASIM_dataset"/>
    <testcase time="0.00600000000008549" classname="DASIM_datachk" name="Check_DASIM_dataset"/>
    <testcase time="0.0109999999999673" classname="DASIM_datachk" name="Check_DASIM_dataset"/>
    <testcase time="0.00499999999999545" classname="DASIM_datachk" name="Check_DASIM_dataset"/>
    <testcase time="0.0040000000000191" classname="DASIM_datachk" name="Check_DASIM_dataset"/>
    <testcase time="0.0040000000000191" classname="DASIM_datachk" name="Check_DASIM_dataset"/>
    <testcase time="0.272999999999911" classname="DASIM_datachk" name="Check_DASIM_dataset"/>
    <testcase time="0.00500000000010914" classname="DASIM_datachk" name="Check_DASIM_dataset"/>
    <testcase time="0.00399999999990541" classname="DASIM_datachk" name="Check_DASIM_dataset"/>
    <testcase time="0.0040000000000191" classname="DASIM_datachk" name="Check_DASIM_dataset"/>
    <testcase time="0.00499999999999545" classname="DASIM_datachk" name="Check_DASIM_dataset"/>
    <testcase time="0.0040000000000191" classname="DASIM_datachk" name="Check_DASIM_dataset"/>
    <testcase time="0.00499999999999545" classname="DASIM_datachk" name="Check_DASIM_dataset"/>
    <testcase time="0.00499999999999545" classname="DASIM_datachk" name="Check_DASIM_dataset"/>
    <testcase time="0.0040000000000191" classname="DASIM_datachk" name="Check_DASIM_dataset"/>
  </testsuite>
  <testsuite name="DASIM::datachk::shutdown" timestamp="2020-07-01T15:19:23Z" hostname="fv-az29" tests="3" skipped="0" failures="0" errors="0" time="0.288">
    <testcase time="0.284999999999968" classname="DASIM_datachk_shutdown" name="shutdown"/>
    <testcase time="0.00200000000006639" classname="DASIM_datachk_shutdown" name="shutdown"/>
    <testcase time="0.000999999999976353" classname="DASIM_datachk_shutdown" name="shutdown"/>
  </testsuite>
  <testsuite name="DASIM::datachk::done" timestamp="2020-07-01T15:19:24Z" hostname="fv-az29" tests="0" skipped="0" failures="0" errors="0" time="0"/>
  <testsuite name="FACTOR_LEVELS::datachk::setup" timestamp="2020-07-01T15:19:24Z" hostname="fv-az29" tests="3" skipped="0" failures="0" errors="0" time="5.572">
    <testcase time="5.56999999999994" classname="FACTOR_LEVELS_datachk_setup" name="setup"/>
    <testcase time="0.00100000000009004" classname="FACTOR_LEVELS_datachk_setup" name="setup"/>
    <testcase time="0.000999999999976353" classname="FACTOR_LEVELS_datachk_setup" name="setup"/>
  </testsuite>
  <testsuite name="FACTOR_LEVELS::datachk" timestamp="2020-07-01T15:19:29Z" hostname="fv-az29" tests="182" skipped="0" failures="0" errors="0" time="10.909">
    <testcase time="0.55499999999995" classname="FACTOR_LEVELS_datachk" name="Check_FACTOR_LEVELS_dataset"/>
    <testcase time="0.000999999999976353" classname="FACTOR_LEVELS_datachk" name="Check_FACTOR_LEVELS_dataset"/>
    <testcase time="0.00200000000006639" classname="FACTOR_LEVELS_datachk" name="Check_FACTOR_LEVELS_dataset"/>
    <testcase time="0.000999999999976353" classname="FACTOR_LEVELS_datachk" name="Check_FACTOR_LEVELS_dataset"/>
    <testcase time="0.00200000000006639" classname="FACTOR_LEVELS_datachk" name="Check_FACTOR_LEVELS_dataset"/>
    <testcase time="0.000999999999976353" classname="FACTOR_LEVELS_datachk" name="Check_FACTOR_LEVELS_dataset"/>
    <testcase time="0.000999999999976353" classname="FACTOR_LEVELS_datachk" name="Check_FACTOR_LEVELS_dataset"/>
    <testcase time="0.278999999999996" classname="FACTOR_LEVELS_datachk" name="Check_FACTOR_LEVELS_dataset"/>
    <testcase time="0.00199999999995271" classname="FACTOR_LEVELS_datachk" name="Check_FACTOR_LEVELS_dataset"/>
    <testcase time="0.00200000000006639" classname="FACTOR_LEVELS_datachk" name="Check_FACTOR_LEVELS_dataset"/>
    <testcase time="0.000999999999976353" classname="FACTOR_LEVELS_datachk" name="Check_FACTOR_LEVELS_dataset"/>
    <testcase time="0.00199999999995271" classname="FACTOR_LEVELS_datachk" name="Check_FACTOR_LEVELS_dataset"/>
    <testcase time="0.00200000000006639" classname="FACTOR_LEVELS_datachk" name="Check_FACTOR_LEVELS_dataset"/>
    <testcase time="0.000999999999976353" classname="FACTOR_LEVELS_datachk" name="Check_FACTOR_LEVELS_dataset"/>
    <testcase time="0.00300000000004275" classname="FACTOR_LEVELS_datachk" name="Check_FACTOR_LEVELS_dataset"/>
    <testcase time="1.24299999999994" classname="FACTOR_LEVELS_datachk" name="Check_FACTOR_LEVELS_dataset"/>
    <testcase time="0.00200000000006639" classname="FACTOR_LEVELS_datachk" name="Check_FACTOR_LEVELS_dataset"/>
    <testcase time="0.00199999999995271" classname="FACTOR_LEVELS_datachk" name="Check_FACTOR_LEVELS_dataset"/>
    <testcase time="0.00199999999995271" classname="FACTOR_LEVELS_datachk" name="Check_FACTOR_LEVELS_dataset"/>
    <testcase time="0.00200000000006639" classname="FACTOR_LEVELS_datachk" name="Check_FACTOR_LEVELS_dataset"/>
    <testcase time="0.000999999999976353" classname="FACTOR_LEVELS_datachk" name="Check_FACTOR_LEVELS_dataset"/>
    <testcase time="0.00200000000006639" classname="FACTOR_LEVELS_datachk" name="Check_FACTOR_LEVELS_dataset"/>
    <testcase time="0.537999999999897" classname="FACTOR_LEVELS_datachk" name="Check_FACTOR_LEVELS_dataset"/>
    <testcase time="0.00200000000006639" classname="FACTOR_LEVELS_datachk" name="Check_FACTOR_LEVELS_dataset"/>
    <testcase time="0.00199999999995271" classname="FACTOR_LEVELS_datachk" name="Check_FACTOR_LEVELS_dataset"/>
    <testcase time="0.000999999999976353" classname="FACTOR_LEVELS_datachk" name="Check_FACTOR_LEVELS_dataset"/>
    <testcase time="0.00200000000006639" classname="FACTOR_LEVELS_datachk" name="Check_FACTOR_LEVELS_dataset"/>
    <testcase time="0.00199999999995271" classname="FACTOR_LEVELS_datachk" name="Check_FACTOR_LEVELS_dataset"/>
    <testcase time="0.00200000000006639" classname="FACTOR_LEVELS_datachk" name="Check_FACTOR_LEVELS_dataset"/>
    <testcase time="0.281999999999925" classname="FACTOR_LEVELS_datachk" name="Check_FACTOR_LEVELS_dataset"/>
    <testcase time="0.00200000000006639" classname="FACTOR_LEVELS_datachk" name="Check_FACTOR_LEVELS_dataset"/>
    <testcase time="0.00199999999995271" classname="FACTOR_LEVELS_datachk" name="Check_FACTOR_LEVELS_dataset"/>
    <testcase time="0.00200000000006639" classname="FACTOR_LEVELS_datachk" name="Check_FACTOR_LEVELS_dataset"/>
    <testcase time="0.00199999999995271" classname="FACTOR_LEVELS_datachk" name="Check_FACTOR_LEVELS_dataset"/>
    <testcase time="0.00199999999995271" classname="FACTOR_LEVELS_datachk" name="Check_FACTOR_LEVELS_dataset"/>
    <testcase time="0.00200000000006639" classname="FACTOR_LEVELS_datachk" name="Check_FACTOR_LEVELS_dataset"/>
    <testcase time="0.00299999999992906" classname="FACTOR_LEVELS_datachk" name="Check_FACTOR_LEVELS_dataset"/>
    <testcase time="0.00200000000006639" classname="FACTOR_LEVELS_datachk" name="Check_FACTOR_LEVELS_dataset"/>
    <testcase time="0.55499999999995" classname="FACTOR_LEVELS_datachk" name="Check_FACTOR_LEVELS_dataset"/>
    <testcase time="0.00200000000006639" classname="FACTOR_LEVELS_datachk" name="Check_FACTOR_LEVELS_dataset"/>
    <testcase time="0.00199999999995271" classname="FACTOR_LEVELS_datachk" name="Check_FACTOR_LEVELS_dataset"/>
    <testcase time="0.00200000000006639" classname="FACTOR_LEVELS_datachk" name="Check_FACTOR_LEVELS_dataset"/>
    <testcase time="0.00199999999995271" classname="FACTOR_LEVELS_datachk" name="Check_FACTOR_LEVELS_dataset"/>
    <testcase time="0.00200000000006639" classname="FACTOR_LEVELS_datachk" name="Check_FACTOR_LEVELS_dataset"/>
    <testcase time="0.00299999999992906" classname="FACTOR_LEVELS_datachk" name="Check_FACTOR_LEVELS_dataset"/>
    <testcase time="0.269000000000005" classname="FACTOR_LEVELS_datachk" name="Check_FACTOR_LEVELS_dataset"/>
    <testcase time="0.00200000000006639" classname="FACTOR_LEVELS_datachk" name="Check_FACTOR_LEVELS_dataset"/>
    <testcase time="0.00299999999992906" classname="FACTOR_LEVELS_datachk" name="Check_FACTOR_LEVELS_dataset"/>
    <testcase time="0.00200000000006639" classname="FACTOR_LEVELS_datachk" name="Check_FACTOR_LEVELS_dataset"/>
    <testcase time="0.00199999999995271" classname="FACTOR_LEVELS_datachk" name="Check_FACTOR_LEVELS_dataset"/>
    <testcase time="0.00300000000004275" classname="FACTOR_LEVELS_datachk" name="Check_FACTOR_LEVELS_dataset"/>
    <testcase time="0.00199999999995271" classname="FACTOR_LEVELS_datachk" name="Check_FACTOR_LEVELS_dataset"/>
    <testcase time="0.00200000000006639" classname="FACTOR_LEVELS_datachk" name="Check_FACTOR_LEVELS_dataset"/>
    <testcase time="0.00299999999992906" classname="FACTOR_LEVELS_datachk" name="Check_FACTOR_LEVELS_dataset"/>
    <testcase time="0.555000000000064" classname="FACTOR_LEVELS_datachk" name="Check_FACTOR_LEVELS_dataset"/>
    <testcase time="0.00299999999992906" classname="FACTOR_LEVELS_datachk" name="Check_FACTOR_LEVELS_dataset"/>
    <testcase time="0.00200000000006639" classname="FACTOR_LEVELS_datachk" name="Check_FACTOR_LEVELS_dataset"/>
    <testcase time="0.00199999999995271" classname="FACTOR_LEVELS_datachk" name="Check_FACTOR_LEVELS_dataset"/>
    <testcase time="0.00200000000006639" classname="FACTOR_LEVELS_datachk" name="Check_FACTOR_LEVELS_dataset"/>
    <testcase time="0.00300000000004275" classname="FACTOR_LEVELS_datachk" name="Check_FACTOR_LEVELS_dataset"/>
    <testcase time="0.00199999999995271" classname="FACTOR_LEVELS_datachk" name="Check_FACTOR_LEVELS_dataset"/>
    <testcase time="0.288999999999987" classname="FACTOR_LEVELS_datachk" name="Check_FACTOR_LEVELS_dataset"/>
    <testcase time="0.00199999999995271" classname="FACTOR_LEVELS_datachk" name="Check_FACTOR_LEVELS_dataset"/>
    <testcase time="0.00300000000004275" classname="FACTOR_LEVELS_datachk" name="Check_FACTOR_LEVELS_dataset"/>
    <testcase time="0.00300000000004275" classname="FACTOR_LEVELS_datachk" name="Check_FACTOR_LEVELS_dataset"/>
    <testcase time="0.00199999999995271" classname="FACTOR_LEVELS_datachk" name="Check_FACTOR_LEVELS_dataset"/>
    <testcase time="0.00200000000006639" classname="FACTOR_LEVELS_datachk" name="Check_FACTOR_LEVELS_dataset"/>
    <testcase time="0.00299999999992906" classname="FACTOR_LEVELS_datachk" name="Check_FACTOR_LEVELS_dataset"/>
    <testcase time="0.00200000000006639" classname="FACTOR_LEVELS_datachk" name="Check_FACTOR_LEVELS_dataset"/>
    <testcase time="0.00199999999995271" classname="FACTOR_LEVELS_datachk" name="Check_FACTOR_LEVELS_dataset"/>
    <testcase time="0.549999999999955" classname="FACTOR_LEVELS_datachk" name="Check_FACTOR_LEVELS_dataset"/>
    <testcase time="0.00300000000004275" classname="FACTOR_LEVELS_datachk" name="Check_FACTOR_LEVELS_dataset"/>
    <testcase time="0.00199999999995271" classname="FACTOR_LEVELS_datachk" name="Check_FACTOR_LEVELS_dataset"/>
    <testcase time="0.00300000000004275" classname="FACTOR_LEVELS_datachk" name="Check_FACTOR_LEVELS_dataset"/>
    <testcase time="0.00199999999995271" classname="FACTOR_LEVELS_datachk" name="Check_FACTOR_LEVELS_dataset"/>
    <testcase time="0.00199999999995271" classname="FACTOR_LEVELS_datachk" name="Check_FACTOR_LEVELS_dataset"/>
    <testcase time="0.00300000000004275" classname="FACTOR_LEVELS_datachk" name="Check_FACTOR_LEVELS_dataset"/>
    <testcase time="0.274000000000001" classname="FACTOR_LEVELS_datachk" name="Check_FACTOR_LEVELS_dataset"/>
    <testcase time="0.00300000000004275" classname="FACTOR_LEVELS_datachk" name="Check_FACTOR_LEVELS_dataset"/>
    <testcase time="0.00299999999992906" classname="FACTOR_LEVELS_datachk" name="Check_FACTOR_LEVELS_dataset"/>
    <testcase time="0.00300000000004275" classname="FACTOR_LEVELS_datachk" name="Check_FACTOR_LEVELS_dataset"/>
    <testcase time="0.00299999999992906" classname="FACTOR_LEVELS_datachk" name="Check_FACTOR_LEVELS_dataset"/>
    <testcase time="0.00300000000004275" classname="FACTOR_LEVELS_datachk" name="Check_FACTOR_LEVELS_dataset"/>
    <testcase time="0.00300000000004275" classname="FACTOR_LEVELS_datachk" name="Check_FACTOR_LEVELS_dataset"/>
    <testcase time="0.00299999999992906" classname="FACTOR_LEVELS_datachk" name="Check_FACTOR_LEVELS_dataset"/>
    <testcase time="0.0040000000000191" classname="FACTOR_LEVELS_datachk" name="Check_FACTOR_LEVELS_dataset"/>
    <testcase time="0.610000000000014" classname="FACTOR_LEVELS_datachk" name="Check_FACTOR_LEVELS_dataset"/>
    <testcase time="0.00300000000004275" classname="FACTOR_LEVELS_datachk" name="Check_FACTOR_LEVELS_dataset"/>
    <testcase time="0.00199999999995271" classname="FACTOR_LEVELS_datachk" name="Check_FACTOR_LEVELS_dataset"/>
    <testcase time="0.00300000000004275" classname="FACTOR_LEVELS_datachk" name="Check_FACTOR_LEVELS_dataset"/>
    <testcase time="0.00299999999992906" classname="FACTOR_LEVELS_datachk" name="Check_FACTOR_LEVELS_dataset"/>
    <testcase time="0.00300000000004275" classname="FACTOR_LEVELS_datachk" name="Check_FACTOR_LEVELS_dataset"/>
    <testcase time="0.00300000000004275" classname="FACTOR_LEVELS_datachk" name="Check_FACTOR_LEVELS_dataset"/>
    <testcase time="0.278999999999996" classname="FACTOR_LEVELS_datachk" name="Check_FACTOR_LEVELS_dataset"/>
    <testcase time="0.00399999999990541" classname="FACTOR_LEVELS_datachk" name="Check_FACTOR_LEVELS_dataset"/>
    <testcase time="0.00300000000004275" classname="FACTOR_LEVELS_datachk" name="Check_FACTOR_LEVELS_dataset"/>
    <testcase time="0.00300000000004275" classname="FACTOR_LEVELS_datachk" name="Check_FACTOR_LEVELS_dataset"/>
    <testcase time="0.00299999999992906" classname="FACTOR_LEVELS_datachk" name="Check_FACTOR_LEVELS_dataset"/>
    <testcase time="0.00300000000004275" classname="FACTOR_LEVELS_datachk" name="Check_FACTOR_LEVELS_dataset"/>
    <testcase time="0.00300000000004275" classname="FACTOR_LEVELS_datachk" name="Check_FACTOR_LEVELS_dataset"/>
    <testcase time="0.00299999999992906" classname="FACTOR_LEVELS_datachk" name="Check_FACTOR_LEVELS_dataset"/>
    <testcase time="0.00300000000004275" classname="FACTOR_LEVELS_datachk" name="Check_FACTOR_LEVELS_dataset"/>
    <testcase time="0.550999999999931" classname="FACTOR_LEVELS_datachk" name="Check_FACTOR_LEVELS_dataset"/>
    <testcase time="0.00300000000004275" classname="FACTOR_LEVELS_datachk" name="Check_FACTOR_LEVELS_dataset"/>
    <testcase time="0.0040000000000191" classname="FACTOR_LEVELS_datachk" name="Check_FACTOR_LEVELS_dataset"/>
    <testcase time="0.00299999999992906" classname="FACTOR_LEVELS_datachk" name="Check_FACTOR_LEVELS_dataset"/>
    <testcase time="0.00300000000004275" classname="FACTOR_LEVELS_datachk" name="Check_FACTOR_LEVELS_dataset"/>
    <testcase time="0.00300000000004275" classname="FACTOR_LEVELS_datachk" name="Check_FACTOR_LEVELS_dataset"/>
    <testcase time="0.0040000000000191" classname="FACTOR_LEVELS_datachk" name="Check_FACTOR_LEVELS_dataset"/>
    <testcase time="0.27699999999993" classname="FACTOR_LEVELS_datachk" name="Check_FACTOR_LEVELS_dataset"/>
    <testcase time="0.00300000000004275" classname="FACTOR_LEVELS_datachk" name="Check_FACTOR_LEVELS_dataset"/>
    <testcase time="0.00300000000004275" classname="FACTOR_LEVELS_datachk" name="Check_FACTOR_LEVELS_dataset"/>
    <testcase time="0.00399999999990541" classname="FACTOR_LEVELS_datachk" name="Check_FACTOR_LEVELS_dataset"/>
    <testcase time="0.00300000000004275" classname="FACTOR_LEVELS_datachk" name="Check_FACTOR_LEVELS_dataset"/>
    <testcase time="0.0040000000000191" classname="FACTOR_LEVELS_datachk" name="Check_FACTOR_LEVELS_dataset"/>
    <testcase time="0.00300000000004275" classname="FACTOR_LEVELS_datachk" name="Check_FACTOR_LEVELS_dataset"/>
    <testcase time="0.00399999999990541" classname="FACTOR_LEVELS_datachk" name="Check_FACTOR_LEVELS_dataset"/>
    <testcase time="0.0040000000000191" classname="FACTOR_LEVELS_datachk" name="Check_FACTOR_LEVELS_dataset"/>
    <testcase time="0.553999999999974" classname="FACTOR_LEVELS_datachk" name="Check_FACTOR_LEVELS_dataset"/>
    <testcase time="0.0040000000000191" classname="FACTOR_LEVELS_datachk" name="Check_FACTOR_LEVELS_dataset"/>
    <testcase time="0.00300000000004275" classname="FACTOR_LEVELS_datachk" name="Check_FACTOR_LEVELS_dataset"/>
    <testcase time="0.0040000000000191" classname="FACTOR_LEVELS_datachk" name="Check_FACTOR_LEVELS_dataset"/>
    <testcase time="0.00499999999999545" classname="FACTOR_LEVELS_datachk" name="Check_FACTOR_LEVELS_dataset"/>
    <testcase time="0.0040000000000191" classname="FACTOR_LEVELS_datachk" name="Check_FACTOR_LEVELS_dataset"/>
    <testcase time="0.00399999999990541" classname="FACTOR_LEVELS_datachk" name="Check_FACTOR_LEVELS_dataset"/>
    <testcase time="0.272000000000048" classname="FACTOR_LEVELS_datachk" name="Check_FACTOR_LEVELS_dataset"/>
    <testcase time="0.00300000000004275" classname="FACTOR_LEVELS_datachk" name="Check_FACTOR_LEVELS_dataset"/>
    <testcase time="0.00399999999990541" classname="FACTOR_LEVELS_datachk" name="Check_FACTOR_LEVELS_dataset"/>
    <testcase time="0.0040000000000191" classname="FACTOR_LEVELS_datachk" name="Check_FACTOR_LEVELS_dataset"/>
    <testcase time="0.0040000000000191" classname="FACTOR_LEVELS_datachk" name="Check_FACTOR_LEVELS_dataset"/>
    <testcase time="0.0040000000000191" classname="FACTOR_LEVELS_datachk" name="Check_FACTOR_LEVELS_dataset"/>
    <testcase time="0.00300000000004275" classname="FACTOR_LEVELS_datachk" name="Check_FACTOR_LEVELS_dataset"/>
    <testcase time="0.00399999999990541" classname="FACTOR_LEVELS_datachk" name="Check_FACTOR_LEVELS_dataset"/>
    <testcase time="0.00499999999999545" classname="FACTOR_LEVELS_datachk" name="Check_FACTOR_LEVELS_dataset"/>
    <testcase time="0.541000000000054" classname="FACTOR_LEVELS_datachk" name="Check_FACTOR_LEVELS_dataset"/>
    <testcase time="0.00499999999999545" classname="FACTOR_LEVELS_datachk" name="Check_FACTOR_LEVELS_dataset"/>
    <testcase time="0.00300000000004275" classname="FACTOR_LEVELS_datachk" name="Check_FACTOR_LEVELS_dataset"/>
    <testcase time="0.00399999999990541" classname="FACTOR_LEVELS_datachk" name="Check_FACTOR_LEVELS_dataset"/>
    <testcase time="0.0040000000000191" classname="FACTOR_LEVELS_datachk" name="Check_FACTOR_LEVELS_dataset"/>
    <testcase time="0.0040000000000191" classname="FACTOR_LEVELS_datachk" name="Check_FACTOR_LEVELS_dataset"/>
    <testcase time="0.0040000000000191" classname="FACTOR_LEVELS_datachk" name="Check_FACTOR_LEVELS_dataset"/>
    <testcase time="0.273000000000025" classname="FACTOR_LEVELS_datachk" name="Check_FACTOR_LEVELS_dataset"/>
    <testcase time="0.0040000000000191" classname="FACTOR_LEVELS_datachk" name="Check_FACTOR_LEVELS_dataset"/>
    <testcase time="0.00399999999990541" classname="FACTOR_LEVELS_datachk" name="Check_FACTOR_LEVELS_dataset"/>
    <testcase time="0.0040000000000191" classname="FACTOR_LEVELS_datachk" name="Check_FACTOR_LEVELS_dataset"/>
    <testcase time="0.0040000000000191" classname="FACTOR_LEVELS_datachk" name="Check_FACTOR_LEVELS_dataset"/>
    <testcase time="0.00999999999999091" classname="FACTOR_LEVELS_datachk" name="Check_FACTOR_LEVELS_dataset"/>
    <testcase time="0.00300000000004275" classname="FACTOR_LEVELS_datachk" name="Check_FACTOR_LEVELS_dataset"/>
    <testcase time="0.0040000000000191" classname="FACTOR_LEVELS_datachk" name="Check_FACTOR_LEVELS_dataset"/>
    <testcase time="0.00499999999999545" classname="FACTOR_LEVELS_datachk" name="Check_FACTOR_LEVELS_dataset"/>
    <testcase time="0.539999999999964" classname="FACTOR_LEVELS_datachk" name="Check_FACTOR_LEVELS_dataset"/>
    <testcase time="0.0040000000000191" classname="FACTOR_LEVELS_datachk" name="Check_FACTOR_LEVELS_dataset"/>
    <testcase time="0.00499999999999545" classname="FACTOR_LEVELS_datachk" name="Check_FACTOR_LEVELS_dataset"/>
    <testcase time="0.00299999999992906" classname="FACTOR_LEVELS_datachk" name="Check_FACTOR_LEVELS_dataset"/>
    <testcase time="0.00600000000008549" classname="FACTOR_LEVELS_datachk" name="Check_FACTOR_LEVELS_dataset"/>
    <testcase time="0.0040000000000191" classname="FACTOR_LEVELS_datachk" name="Check_FACTOR_LEVELS_dataset"/>
    <testcase time="0.00499999999999545" classname="FACTOR_LEVELS_datachk" name="Check_FACTOR_LEVELS_dataset"/>
    <testcase time="0.284999999999968" classname="FACTOR_LEVELS_datachk" name="Check_FACTOR_LEVELS_dataset"/>
    <testcase time="0.00599999999997181" classname="FACTOR_LEVELS_datachk" name="Check_FACTOR_LEVELS_dataset"/>
    <testcase time="0.00499999999999545" classname="FACTOR_LEVELS_datachk" name="Check_FACTOR_LEVELS_dataset"/>
    <testcase time="0.00599999999997181" classname="FACTOR_LEVELS_datachk" name="Check_FACTOR_LEVELS_dataset"/>
    <testcase time="0.0040000000000191" classname="FACTOR_LEVELS_datachk" name="Check_FACTOR_LEVELS_dataset"/>
    <testcase time="0.00499999999999545" classname="FACTOR_LEVELS_datachk" name="Check_FACTOR_LEVELS_dataset"/>
    <testcase time="0.0040000000000191" classname="FACTOR_LEVELS_datachk" name="Check_FACTOR_LEVELS_dataset"/>
    <testcase time="0.00599999999997181" classname="FACTOR_LEVELS_datachk" name="Check_FACTOR_LEVELS_dataset"/>
    <testcase time="0.00499999999999545" classname="FACTOR_LEVELS_datachk" name="Check_FACTOR_LEVELS_dataset"/>
    <testcase time="0.552000000000021" classname="FACTOR_LEVELS_datachk" name="Check_FACTOR_LEVELS_dataset"/>
    <testcase time="0.00599999999997181" classname="FACTOR_LEVELS_datachk" name="Check_FACTOR_LEVELS_dataset"/>
    <testcase time="0.0040000000000191" classname="FACTOR_LEVELS_datachk" name="Check_FACTOR_LEVELS_dataset"/>
    <testcase time="0.0040000000000191" classname="FACTOR_LEVELS_datachk" name="Check_FACTOR_LEVELS_dataset"/>
    <testcase time="0.0130000000000337" classname="FACTOR_LEVELS_datachk" name="Check_FACTOR_LEVELS_dataset"/>
    <testcase time="0.0040000000000191" classname="FACTOR_LEVELS_datachk" name="Check_FACTOR_LEVELS_dataset"/>
    <testcase time="0.00499999999999545" classname="FACTOR_LEVELS_datachk" name="Check_FACTOR_LEVELS_dataset"/>
    <testcase time="0.274999999999977" classname="FACTOR_LEVELS_datachk" name="Check_FACTOR_LEVELS_dataset"/>
    <testcase time="0.00499999999999545" classname="FACTOR_LEVELS_datachk" name="Check_FACTOR_LEVELS_dataset"/>
    <testcase time="0.00499999999999545" classname="FACTOR_LEVELS_datachk" name="Check_FACTOR_LEVELS_dataset"/>
    <testcase time="0.0040000000000191" classname="FACTOR_LEVELS_datachk" name="Check_FACTOR_LEVELS_dataset"/>
    <testcase time="0.0040000000000191" classname="FACTOR_LEVELS_datachk" name="Check_FACTOR_LEVELS_dataset"/>
    <testcase time="0.00399999999990541" classname="FACTOR_LEVELS_datachk" name="Check_FACTOR_LEVELS_dataset"/>
    <testcase time="0.0040000000000191" classname="FACTOR_LEVELS_datachk" name="Check_FACTOR_LEVELS_dataset"/>
    <testcase time="0.0040000000000191" classname="FACTOR_LEVELS_datachk" name="Check_FACTOR_LEVELS_dataset"/>
    <testcase time="0.00499999999999545" classname="FACTOR_LEVELS_datachk" name="Check_FACTOR_LEVELS_dataset"/>
  </testsuite>
  <testsuite name="FACTOR_LEVELS::datachk::shutdown" timestamp="2020-07-01T15:19:40Z" hostname="fv-az29" tests="3" skipped="0" failures="0" errors="0" time="0.282">
    <testcase time="0.278999999999996" classname="FACTOR_LEVELS_datachk_shutdown" name="shutdown"/>
    <testcase time="0.00200000000006639" classname="FACTOR_LEVELS_datachk_shutdown" name="shutdown"/>
    <testcase time="0.000999999999976353" classname="FACTOR_LEVELS_datachk_shutdown" name="shutdown"/>
  </testsuite>
  <testsuite name="FACTOR_LEVELS::datachk::done" timestamp="2020-07-01T15:19:40Z" hostname="fv-az29" tests="0" skipped="0" failures="0" errors="0" time="0"/>
  <testsuite name="TESTING::datachk::setup" timestamp="2020-07-01T15:19:41Z" hostname="fv-az29" tests="3" skipped="0" failures="0" errors="0" time="5.664">
    <testcase time="5.66099999999994" classname="TESTING_datachk_setup" name="setup"/>
    <testcase time="0.00100000000009004" classname="TESTING_datachk_setup" name="setup"/>
    <testcase time="0.00199999999995271" classname="TESTING_datachk_setup" name="setup"/>
  </testsuite>
  <testsuite name="TESTING::datachk" timestamp="2020-07-01T15:19:46Z" hostname="fv-az29" tests="310" skipped="0" failures="0" errors="0" time="18.324">
    <testcase time="0.559999999999945" classname="TESTING_datachk" name="Check_TESTING_dataset"/>
    <testcase time="0.00200000000006639" classname="TESTING_datachk" name="Check_TESTING_dataset"/>
    <testcase time="0.00199999999995271" classname="TESTING_datachk" name="Check_TESTING_dataset"/>
    <testcase time="0.000999999999976353" classname="TESTING_datachk" name="Check_TESTING_dataset"/>
    <testcase time="0.00100000000009004" classname="TESTING_datachk" name="Check_TESTING_dataset"/>
    <testcase time="0.00199999999995271" classname="TESTING_datachk" name="Check_TESTING_dataset"/>
    <testcase time="0.00199999999995271" classname="TESTING_datachk" name="Check_TESTING_dataset"/>
    <testcase time="0.291000000000054" classname="TESTING_datachk" name="Check_TESTING_dataset"/>
    <testcase time="0.00199999999995271" classname="TESTING_datachk" name="Check_TESTING_dataset"/>
    <testcase time="0.00200000000006639" classname="TESTING_datachk" name="Check_TESTING_dataset"/>
    <testcase time="0.00199999999995271" classname="TESTING_datachk" name="Check_TESTING_dataset"/>
    <testcase time="0.00200000000006639" classname="TESTING_datachk" name="Check_TESTING_dataset"/>
    <testcase time="0.000999999999976353" classname="TESTING_datachk" name="Check_TESTING_dataset"/>
    <testcase time="0.00199999999995271" classname="TESTING_datachk" name="Check_TESTING_dataset"/>
    <testcase time="0.00200000000006639" classname="TESTING_datachk" name="Check_TESTING_dataset"/>
    <testcase time="1.25199999999995" classname="TESTING_datachk" name="Check_TESTING_dataset"/>
    <testcase time="0.00200000000006639" classname="TESTING_datachk" name="Check_TESTING_dataset"/>
    <testcase time="0.00199999999995271" classname="TESTING_datachk" name="Check_TESTING_dataset"/>
    <testcase time="0.00199999999995271" classname="TESTING_datachk" name="Check_TESTING_dataset"/>
    <testcase time="0.00200000000006639" classname="TESTING_datachk" name="Check_TESTING_dataset"/>
    <testcase time="0.000999999999976353" classname="TESTING_datachk" name="Check_TESTING_dataset"/>
    <testcase time="0.00199999999995271" classname="TESTING_datachk" name="Check_TESTING_dataset"/>
    <testcase time="0.610000000000014" classname="TESTING_datachk" name="Check_TESTING_dataset"/>
    <testcase time="0.00199999999995271" classname="TESTING_datachk" name="Check_TESTING_dataset"/>
    <testcase time="0.00199999999995271" classname="TESTING_datachk" name="Check_TESTING_dataset"/>
    <testcase time="0.00200000000006639" classname="TESTING_datachk" name="Check_TESTING_dataset"/>
    <testcase time="0.00199999999995271" classname="TESTING_datachk" name="Check_TESTING_dataset"/>
    <testcase time="0.00200000000006639" classname="TESTING_datachk" name="Check_TESTING_dataset"/>
    <testcase time="0.00199999999995271" classname="TESTING_datachk" name="Check_TESTING_dataset"/>
    <testcase time="0.283000000000015" classname="TESTING_datachk" name="Check_TESTING_dataset"/>
    <testcase time="0.00199999999995271" classname="TESTING_datachk" name="Check_TESTING_dataset"/>
    <testcase time="0.00300000000004275" classname="TESTING_datachk" name="Check_TESTING_dataset"/>
    <testcase time="0.00199999999995271" classname="TESTING_datachk" name="Check_TESTING_dataset"/>
    <testcase time="0.00200000000006639" classname="TESTING_datachk" name="Check_TESTING_dataset"/>
    <testcase time="0.00199999999995271" classname="TESTING_datachk" name="Check_TESTING_dataset"/>
    <testcase time="0.00200000000006639" classname="TESTING_datachk" name="Check_TESTING_dataset"/>
    <testcase time="0.00299999999992906" classname="TESTING_datachk" name="Check_TESTING_dataset"/>
    <testcase time="0.00200000000006639" classname="TESTING_datachk" name="Check_TESTING_dataset"/>
    <testcase time="0.560999999999922" classname="TESTING_datachk" name="Check_TESTING_dataset"/>
    <testcase time="0.00200000000006639" classname="TESTING_datachk" name="Check_TESTING_dataset"/>
    <testcase time="0.00199999999995271" classname="TESTING_datachk" name="Check_TESTING_dataset"/>
    <testcase time="0.00200000000006639" classname="TESTING_datachk" name="Check_TESTING_dataset"/>
    <testcase time="0.00199999999995271" classname="TESTING_datachk" name="Check_TESTING_dataset"/>
    <testcase time="0.00300000000004275" classname="TESTING_datachk" name="Check_TESTING_dataset"/>
    <testcase time="0.00199999999995271" classname="TESTING_datachk" name="Check_TESTING_dataset"/>
    <testcase time="0.277000000000044" classname="TESTING_datachk" name="Check_TESTING_dataset"/>
    <testcase time="0.00199999999995271" classname="TESTING_datachk" name="Check_TESTING_dataset"/>
    <testcase time="0.00300000000004275" classname="TESTING_datachk" name="Check_TESTING_dataset"/>
    <testcase time="0.00199999999995271" classname="TESTING_datachk" name="Check_TESTING_dataset"/>
    <testcase time="0.00300000000004275" classname="TESTING_datachk" name="Check_TESTING_dataset"/>
    <testcase time="0.00199999999995271" classname="TESTING_datachk" name="Check_TESTING_dataset"/>
    <testcase time="0.00200000000006639" classname="TESTING_datachk" name="Check_TESTING_dataset"/>
    <testcase time="0.00299999999992906" classname="TESTING_datachk" name="Check_TESTING_dataset"/>
    <testcase time="0.00200000000006639" classname="TESTING_datachk" name="Check_TESTING_dataset"/>
    <testcase time="0.561999999999898" classname="TESTING_datachk" name="Check_TESTING_dataset"/>
    <testcase time="0.00200000000006639" classname="TESTING_datachk" name="Check_TESTING_dataset"/>
    <testcase time="0.00300000000004275" classname="TESTING_datachk" name="Check_TESTING_dataset"/>
    <testcase time="0.00199999999995271" classname="TESTING_datachk" name="Check_TESTING_dataset"/>
    <testcase time="0.00200000000006639" classname="TESTING_datachk" name="Check_TESTING_dataset"/>
    <testcase time="0.00299999999992906" classname="TESTING_datachk" name="Check_TESTING_dataset"/>
    <testcase time="0.00300000000004275" classname="TESTING_datachk" name="Check_TESTING_dataset"/>
    <testcase time="0.278999999999996" classname="TESTING_datachk" name="Check_TESTING_dataset"/>
    <testcase time="0.00299999999992906" classname="TESTING_datachk" name="Check_TESTING_dataset"/>
    <testcase time="0.00300000000004275" classname="TESTING_datachk" name="Check_TESTING_dataset"/>
    <testcase time="0.00300000000004275" classname="TESTING_datachk" name="Check_TESTING_dataset"/>
    <testcase time="0.00299999999992906" classname="TESTING_datachk" name="Check_TESTING_dataset"/>
    <testcase time="0.00300000000004275" classname="TESTING_datachk" name="Check_TESTING_dataset"/>
    <testcase time="0.00300000000004275" classname="TESTING_datachk" name="Check_TESTING_dataset"/>
    <testcase time="0.00199999999995271" classname="TESTING_datachk" name="Check_TESTING_dataset"/>
    <testcase time="0.00300000000004275" classname="TESTING_datachk" name="Check_TESTING_dataset"/>
    <testcase time="0.55499999999995" classname="TESTING_datachk" name="Check_TESTING_dataset"/>
    <testcase time="0.00300000000004275" classname="TESTING_datachk" name="Check_TESTING_dataset"/>
    <testcase time="0.00299999999992906" classname="TESTING_datachk" name="Check_TESTING_dataset"/>
    <testcase time="0.00200000000006639" classname="TESTING_datachk" name="Check_TESTING_dataset"/>
    <testcase time="0.00300000000004275" classname="TESTING_datachk" name="Check_TESTING_dataset"/>
    <testcase time="0.00299999999992906" classname="TESTING_datachk" name="Check_TESTING_dataset"/>
    <testcase time="0.00300000000004275" classname="TESTING_datachk" name="Check_TESTING_dataset"/>
    <testcase time="0.271999999999935" classname="TESTING_datachk" name="Check_TESTING_dataset"/>
    <testcase time="0.00300000000004275" classname="TESTING_datachk" name="Check_TESTING_dataset"/>
    <testcase time="0.00300000000004275" classname="TESTING_datachk" name="Check_TESTING_dataset"/>
    <testcase time="0.00299999999992906" classname="TESTING_datachk" name="Check_TESTING_dataset"/>
    <testcase time="0.00200000000006639" classname="TESTING_datachk" name="Check_TESTING_dataset"/>
    <testcase time="0.00300000000004275" classname="TESTING_datachk" name="Check_TESTING_dataset"/>
    <testcase time="0.00299999999992906" classname="TESTING_datachk" name="Check_TESTING_dataset"/>
    <testcase time="0.00300000000004275" classname="TESTING_datachk" name="Check_TESTING_dataset"/>
    <testcase time="0.00299999999992906" classname="TESTING_datachk" name="Check_TESTING_dataset"/>
    <testcase time="0.552999999999997" classname="TESTING_datachk" name="Check_TESTING_dataset"/>
    <testcase time="0.00300000000004275" classname="TESTING_datachk" name="Check_TESTING_dataset"/>
    <testcase time="0.00300000000004275" classname="TESTING_datachk" name="Check_TESTING_dataset"/>
    <testcase time="0.00299999999992906" classname="TESTING_datachk" name="Check_TESTING_dataset"/>
    <testcase time="0.00300000000004275" classname="TESTING_datachk" name="Check_TESTING_dataset"/>
    <testcase time="0.00300000000004275" classname="TESTING_datachk" name="Check_TESTING_dataset"/>
    <testcase time="0.00299999999992906" classname="TESTING_datachk" name="Check_TESTING_dataset"/>
    <testcase time="0.277000000000044" classname="TESTING_datachk" name="Check_TESTING_dataset"/>
    <testcase time="0.00299999999992906" classname="TESTING_datachk" name="Check_TESTING_dataset"/>
    <testcase time="0.00300000000004275" classname="TESTING_datachk" name="Check_TESTING_dataset"/>
    <testcase time="0.0040000000000191" classname="TESTING_datachk" name="Check_TESTING_dataset"/>
    <testcase time="0.00299999999992906" classname="TESTING_datachk" name="Check_TESTING_dataset"/>
    <testcase time="0.00300000000004275" classname="TESTING_datachk" name="Check_TESTING_dataset"/>
    <testcase time="0.0040000000000191" classname="TESTING_datachk" name="Check_TESTING_dataset"/>
    <testcase time="0.00300000000004275" classname="TESTING_datachk" name="Check_TESTING_dataset"/>
    <testcase time="0.00299999999992906" classname="TESTING_datachk" name="Check_TESTING_dataset"/>
    <testcase time="0.555000000000064" classname="TESTING_datachk" name="Check_TESTING_dataset"/>
    <testcase time="0.00299999999992906" classname="TESTING_datachk" name="Check_TESTING_dataset"/>
    <testcase time="0.0040000000000191" classname="TESTING_datachk" name="Check_TESTING_dataset"/>
    <testcase time="0.00300000000004275" classname="TESTING_datachk" name="Check_TESTING_dataset"/>
    <testcase time="0.0040000000000191" classname="TESTING_datachk" name="Check_TESTING_dataset"/>
    <testcase time="0.00399999999990541" classname="TESTING_datachk" name="Check_TESTING_dataset"/>
    <testcase time="0.00300000000004275" classname="TESTING_datachk" name="Check_TESTING_dataset"/>
    <testcase time="0.273000000000025" classname="TESTING_datachk" name="Check_TESTING_dataset"/>
    <testcase time="0.0040000000000191" classname="TESTING_datachk" name="Check_TESTING_dataset"/>
    <testcase time="0.00299999999992906" classname="TESTING_datachk" name="Check_TESTING_dataset"/>
    <testcase time="0.00300000000004275" classname="TESTING_datachk" name="Check_TESTING_dataset"/>
    <testcase time="0.0040000000000191" classname="TESTING_datachk" name="Check_TESTING_dataset"/>
    <testcase time="0.00299999999992906" classname="TESTING_datachk" name="Check_TESTING_dataset"/>
    <testcase time="0.0040000000000191" classname="TESTING_datachk" name="Check_TESTING_dataset"/>
    <testcase time="0.00300000000004275" classname="TESTING_datachk" name="Check_TESTING_dataset"/>
    <testcase time="0.0040000000000191" classname="TESTING_datachk" name="Check_TESTING_dataset"/>
    <testcase time="0.550999999999931" classname="TESTING_datachk" name="Check_TESTING_dataset"/>
    <testcase time="0.0040000000000191" classname="TESTING_datachk" name="Check_TESTING_dataset"/>
    <testcase time="0.00300000000004275" classname="TESTING_datachk" name="Check_TESTING_dataset"/>
    <testcase time="0.00399999999990541" classname="TESTING_datachk" name="Check_TESTING_dataset"/>
    <testcase time="0.0040000000000191" classname="TESTING_datachk" name="Check_TESTING_dataset"/>
    <testcase time="0.0040000000000191" classname="TESTING_datachk" name="Check_TESTING_dataset"/>
    <testcase time="0.0040000000000191" classname="TESTING_datachk" name="Check_TESTING_dataset"/>
    <testcase time="0.269000000000005" classname="TESTING_datachk" name="Check_TESTING_dataset"/>
    <testcase time="0.00599999999997181" classname="TESTING_datachk" name="Check_TESTING_dataset"/>
    <testcase time="0.0040000000000191" classname="TESTING_datachk" name="Check_TESTING_dataset"/>
    <testcase time="0.00300000000004275" classname="TESTING_datachk" name="Check_TESTING_dataset"/>
    <testcase time="0.00499999999999545" classname="TESTING_datachk" name="Check_TESTING_dataset"/>
    <testcase time="0.0040000000000191" classname="TESTING_datachk" name="Check_TESTING_dataset"/>
    <testcase time="0.0040000000000191" classname="TESTING_datachk" name="Check_TESTING_dataset"/>
    <testcase time="0.00399999999990541" classname="TESTING_datachk" name="Check_TESTING_dataset"/>
    <testcase time="0.0040000000000191" classname="TESTING_datachk" name="Check_TESTING_dataset"/>
    <testcase time="0.538999999999987" classname="TESTING_datachk" name="Check_TESTING_dataset"/>
    <testcase time="0.0040000000000191" classname="TESTING_datachk" name="Check_TESTING_dataset"/>
    <testcase time="0.00499999999999545" classname="TESTING_datachk" name="Check_TESTING_dataset"/>
    <testcase time="0.0040000000000191" classname="TESTING_datachk" name="Check_TESTING_dataset"/>
    <testcase time="0.00499999999999545" classname="TESTING_datachk" name="Check_TESTING_dataset"/>
    <testcase time="0.0040000000000191" classname="TESTING_datachk" name="Check_TESTING_dataset"/>
    <testcase time="0.0040000000000191" classname="TESTING_datachk" name="Check_TESTING_dataset"/>
    <testcase time="0.27800000000002" classname="TESTING_datachk" name="Check_TESTING_dataset"/>
    <testcase time="0.00399999999990541" classname="TESTING_datachk" name="Check_TESTING_dataset"/>
    <testcase time="0.0040000000000191" classname="TESTING_datachk" name="Check_TESTING_dataset"/>
    <testcase time="0.00499999999999545" classname="TESTING_datachk" name="Check_TESTING_dataset"/>
    <testcase time="0.00999999999999091" classname="TESTING_datachk" name="Check_TESTING_dataset"/>
    <testcase time="0.00299999999992906" classname="TESTING_datachk" name="Check_TESTING_dataset"/>
    <testcase time="0.00499999999999545" classname="TESTING_datachk" name="Check_TESTING_dataset"/>
    <testcase time="0.00300000000004275" classname="TESTING_datachk" name="Check_TESTING_dataset"/>
    <testcase time="0.0040000000000191" classname="TESTING_datachk" name="Check_TESTING_dataset"/>
    <testcase time="0.543999999999983" classname="TESTING_datachk" name="Check_TESTING_dataset"/>
    <testcase time="0.0040000000000191" classname="TESTING_datachk" name="Check_TESTING_dataset"/>
    <testcase time="0.00499999999999545" classname="TESTING_datachk" name="Check_TESTING_dataset"/>
    <testcase time="0.0040000000000191" classname="TESTING_datachk" name="Check_TESTING_dataset"/>
    <testcase time="0.00399999999990541" classname="TESTING_datachk" name="Check_TESTING_dataset"/>
    <testcase time="0.0040000000000191" classname="TESTING_datachk" name="Check_TESTING_dataset"/>
    <testcase time="0.00499999999999545" classname="TESTING_datachk" name="Check_TESTING_dataset"/>
    <testcase time="0.276000000000067" classname="TESTING_datachk" name="Check_TESTING_dataset"/>
    <testcase time="0.00399999999990541" classname="TESTING_datachk" name="Check_TESTING_dataset"/>
    <testcase time="0.0040000000000191" classname="TESTING_datachk" name="Check_TESTING_dataset"/>
    <testcase time="0.0040000000000191" classname="TESTING_datachk" name="Check_TESTING_dataset"/>
    <testcase time="0.0040000000000191" classname="TESTING_datachk" name="Check_TESTING_dataset"/>
    <testcase time="0.0040000000000191" classname="TESTING_datachk" name="Check_TESTING_dataset"/>
    <testcase time="0.0040000000000191" classname="TESTING_datachk" name="Check_TESTING_dataset"/>
    <testcase time="0.00399999999990541" classname="TESTING_datachk" name="Check_TESTING_dataset"/>
    <testcase time="0.00500000000010914" classname="TESTING_datachk" name="Check_TESTING_dataset"/>
    <testcase time="0.536999999999921" classname="TESTING_datachk" name="Check_TESTING_dataset"/>
    <testcase time="0.0040000000000191" classname="TESTING_datachk" name="Check_TESTING_dataset"/>
    <testcase time="0.0040000000000191" classname="TESTING_datachk" name="Check_TESTING_dataset"/>
    <testcase time="0.0109999999999673" classname="TESTING_datachk" name="Check_TESTING_dataset"/>
    <testcase time="0.0040000000000191" classname="TESTING_datachk" name="Check_TESTING_dataset"/>
    <testcase time="0.0040000000000191" classname="TESTING_datachk" name="Check_TESTING_dataset"/>
    <testcase time="0.0040000000000191" classname="TESTING_datachk" name="Check_TESTING_dataset"/>
    <testcase time="0.283999999999992" classname="TESTING_datachk" name="Check_TESTING_dataset"/>
    <testcase time="0.0040000000000191" classname="TESTING_datachk" name="Check_TESTING_dataset"/>
    <testcase time="0.00499999999999545" classname="TESTING_datachk" name="Check_TESTING_dataset"/>
    <testcase time="0.00499999999999545" classname="TESTING_datachk" name="Check_TESTING_dataset"/>
    <testcase time="0.00399999999990541" classname="TESTING_datachk" name="Check_TESTING_dataset"/>
    <testcase time="0.00500000000010914" classname="TESTING_datachk" name="Check_TESTING_dataset"/>
    <testcase time="0.00499999999999545" classname="TESTING_datachk" name="Check_TESTING_dataset"/>
    <testcase time="0.00399999999990541" classname="TESTING_datachk" name="Check_TESTING_dataset"/>
    <testcase time="0.0080000000000382" classname="TESTING_datachk" name="Check_TESTING_dataset"/>
    <testcase time="0.548000000000002" classname="TESTING_datachk" name="Check_TESTING_dataset"/>
    <testcase time="0.00499999999999545" classname="TESTING_datachk" name="Check_TESTING_dataset"/>
    <testcase time="0.00499999999999545" classname="TESTING_datachk" name="Check_TESTING_dataset"/>
    <testcase time="0.00599999999997181" classname="TESTING_datachk" name="Check_TESTING_dataset"/>
    <testcase time="0.00499999999999545" classname="TESTING_datachk" name="Check_TESTING_dataset"/>
    <testcase time="0.0040000000000191" classname="TESTING_datachk" name="Check_TESTING_dataset"/>
    <testcase time="0.00499999999999545" classname="TESTING_datachk" name="Check_TESTING_dataset"/>
    <testcase time="0.276000000000067" classname="TESTING_datachk" name="Check_TESTING_dataset"/>
    <testcase time="0.00599999999997181" classname="TESTING_datachk" name="Check_TESTING_dataset"/>
    <testcase time="0.0040000000000191" classname="TESTING_datachk" name="Check_TESTING_dataset"/>
    <testcase time="0.00599999999997181" classname="TESTING_datachk" name="Check_TESTING_dataset"/>
    <testcase time="0.00599999999997181" classname="TESTING_datachk" name="Check_TESTING_dataset"/>
    <testcase time="0.00599999999997181" classname="TESTING_datachk" name="Check_TESTING_dataset"/>
    <testcase time="0.0130000000000337" classname="TESTING_datachk" name="Check_TESTING_dataset"/>
    <testcase time="0.00499999999999545" classname="TESTING_datachk" name="Check_TESTING_dataset"/>
    <testcase time="0.00499999999999545" classname="TESTING_datachk" name="Check_TESTING_dataset"/>
    <testcase time="0.547000000000025" classname="TESTING_datachk" name="Check_TESTING_dataset"/>
    <testcase time="0.00499999999999545" classname="TESTING_datachk" name="Check_TESTING_dataset"/>
    <testcase time="0.0040000000000191" classname="TESTING_datachk" name="Check_TESTING_dataset"/>
    <testcase time="0.00499999999999545" classname="TESTING_datachk" name="Check_TESTING_dataset"/>
    <testcase time="0.00599999999997181" classname="TESTING_datachk" name="Check_TESTING_dataset"/>
    <testcase time="0.00499999999999545" classname="TESTING_datachk" name="Check_TESTING_dataset"/>
    <testcase time="0.0040000000000191" classname="TESTING_datachk" name="Check_TESTING_dataset"/>
    <testcase time="0.283999999999992" classname="TESTING_datachk" name="Check_TESTING_dataset"/>
    <testcase time="0.0040000000000191" classname="TESTING_datachk" name="Check_TESTING_dataset"/>
    <testcase time="0.00499999999999545" classname="TESTING_datachk" name="Check_TESTING_dataset"/>
    <testcase time="0.00599999999997181" classname="TESTING_datachk" name="Check_TESTING_dataset"/>
    <testcase time="0.00600000000008549" classname="TESTING_datachk" name="Check_TESTING_dataset"/>
    <testcase time="0.00499999999999545" classname="TESTING_datachk" name="Check_TESTING_dataset"/>
    <testcase time="0.00599999999997181" classname="TESTING_datachk" name="Check_TESTING_dataset"/>
    <testcase time="0.00699999999994816" classname="TESTING_datachk" name="Check_TESTING_dataset"/>
    <testcase time="0.00700000000006185" classname="TESTING_datachk" name="Check_TESTING_dataset"/>
    <testcase time="0.557000000000016" classname="TESTING_datachk" name="Check_TESTING_dataset"/>
    <testcase time="0.00499999999999545" classname="TESTING_datachk" name="Check_TESTING_dataset"/>
    <testcase time="0.00499999999999545" classname="TESTING_datachk" name="Check_TESTING_dataset"/>
    <testcase time="0.0040000000000191" classname="TESTING_datachk" name="Check_TESTING_dataset"/>
    <testcase time="0.00499999999999545" classname="TESTING_datachk" name="Check_TESTING_dataset"/>
    <testcase time="0.00599999999997181" classname="TESTING_datachk" name="Check_TESTING_dataset"/>
    <testcase time="0.0040000000000191" classname="TESTING_datachk" name="Check_TESTING_dataset"/>
    <testcase time="0.271999999999935" classname="TESTING_datachk" name="Check_TESTING_dataset"/>
    <testcase time="0.00499999999999545" classname="TESTING_datachk" name="Check_TESTING_dataset"/>
    <testcase time="0.00600000000008549" classname="TESTING_datachk" name="Check_TESTING_dataset"/>
    <testcase time="0.00499999999999545" classname="TESTING_datachk" name="Check_TESTING_dataset"/>
    <testcase time="0.00499999999999545" classname="TESTING_datachk" name="Check_TESTING_dataset"/>
    <testcase time="0.00499999999999545" classname="TESTING_datachk" name="Check_TESTING_dataset"/>
    <testcase time="0.00499999999999545" classname="TESTING_datachk" name="Check_TESTING_dataset"/>
    <testcase time="0.00599999999997181" classname="TESTING_datachk" name="Check_TESTING_dataset"/>
    <testcase time="0.00599999999997181" classname="TESTING_datachk" name="Check_TESTING_dataset"/>
    <testcase time="0.550000000000068" classname="TESTING_datachk" name="Check_TESTING_dataset"/>
    <testcase time="0.00599999999997181" classname="TESTING_datachk" name="Check_TESTING_dataset"/>
    <testcase time="0.00599999999997181" classname="TESTING_datachk" name="Check_TESTING_dataset"/>
    <testcase time="0.0040000000000191" classname="TESTING_datachk" name="Check_TESTING_dataset"/>
    <testcase time="0.00499999999999545" classname="TESTING_datachk" name="Check_TESTING_dataset"/>
    <testcase time="0.00599999999997181" classname="TESTING_datachk" name="Check_TESTING_dataset"/>
    <testcase time="0.00499999999999545" classname="TESTING_datachk" name="Check_TESTING_dataset"/>
    <testcase time="0.280000000000086" classname="TESTING_datachk" name="Check_TESTING_dataset"/>
    <testcase time="0.00599999999997181" classname="TESTING_datachk" name="Check_TESTING_dataset"/>
    <testcase time="0.00699999999994816" classname="TESTING_datachk" name="Check_TESTING_dataset"/>
    <testcase time="0.00600000000008549" classname="TESTING_datachk" name="Check_TESTING_dataset"/>
    <testcase time="0.00599999999997181" classname="TESTING_datachk" name="Check_TESTING_dataset"/>
    <testcase time="0.00599999999997181" classname="TESTING_datachk" name="Check_TESTING_dataset"/>
    <testcase time="0.00499999999999545" classname="TESTING_datachk" name="Check_TESTING_dataset"/>
    <testcase time="0.0040000000000191" classname="TESTING_datachk" name="Check_TESTING_dataset"/>
    <testcase time="0.00499999999999545" classname="TESTING_datachk" name="Check_TESTING_dataset"/>
    <testcase time="0.543000000000006" classname="TESTING_datachk" name="Check_TESTING_dataset"/>
    <testcase time="0.00599999999997181" classname="TESTING_datachk" name="Check_TESTING_dataset"/>
    <testcase time="0.00700000000006185" classname="TESTING_datachk" name="Check_TESTING_dataset"/>
    <testcase time="0.00599999999997181" classname="TESTING_datachk" name="Check_TESTING_dataset"/>
    <testcase time="0.00700000000006185" classname="TESTING_datachk" name="Check_TESTING_dataset"/>
    <testcase time="0.00699999999994816" classname="TESTING_datachk" name="Check_TESTING_dataset"/>
    <testcase time="0.00599999999997181" classname="TESTING_datachk" name="Check_TESTING_dataset"/>
    <testcase time="0.283999999999992" classname="TESTING_datachk" name="Check_TESTING_dataset"/>
    <testcase time="0.00600000000008549" classname="TESTING_datachk" name="Check_TESTING_dataset"/>
    <testcase time="0.00599999999997181" classname="TESTING_datachk" name="Check_TESTING_dataset"/>
    <testcase time="0.00699999999994816" classname="TESTING_datachk" name="Check_TESTING_dataset"/>
    <testcase time="0.00700000000006185" classname="TESTING_datachk" name="Check_TESTING_dataset"/>
    <testcase time="0.0130000000000337" classname="TESTING_datachk" name="Check_TESTING_dataset"/>
    <testcase time="0.00699999999994816" classname="TESTING_datachk" name="Check_TESTING_dataset"/>
    <testcase time="0.00700000000006185" classname="TESTING_datachk" name="Check_TESTING_dataset"/>
    <testcase time="0.00699999999994816" classname="TESTING_datachk" name="Check_TESTING_dataset"/>
    <testcase time="0.557999999999993" classname="TESTING_datachk" name="Check_TESTING_dataset"/>
    <testcase time="0.00700000000006185" classname="TESTING_datachk" name="Check_TESTING_dataset"/>
    <testcase time="0.00699999999994816" classname="TESTING_datachk" name="Check_TESTING_dataset"/>
    <testcase time="0.00599999999997181" classname="TESTING_datachk" name="Check_TESTING_dataset"/>
    <testcase time="0.00599999999997181" classname="TESTING_datachk" name="Check_TESTING_dataset"/>
    <testcase time="0.00600000000008549" classname="TESTING_datachk" name="Check_TESTING_dataset"/>
    <testcase time="0.00699999999994816" classname="TESTING_datachk" name="Check_TESTING_dataset"/>
    <testcase time="0.276000000000067" classname="TESTING_datachk" name="Check_TESTING_dataset"/>
    <testcase time="0.00599999999997181" classname="TESTING_datachk" name="Check_TESTING_dataset"/>
    <testcase time="0.0080000000000382" classname="TESTING_datachk" name="Check_TESTING_dataset"/>
    <testcase time="0.00699999999994816" classname="TESTING_datachk" name="Check_TESTING_dataset"/>
    <testcase time="0.00599999999997181" classname="TESTING_datachk" name="Check_TESTING_dataset"/>
    <testcase time="0.00700000000006185" classname="TESTING_datachk" name="Check_TESTING_dataset"/>
    <testcase time="0.00799999999992451" classname="TESTING_datachk" name="Check_TESTING_dataset"/>
    <testcase time="0.00600000000008549" classname="TESTING_datachk" name="Check_TESTING_dataset"/>
    <testcase time="0.00699999999994816" classname="TESTING_datachk" name="Check_TESTING_dataset"/>
    <testcase time="0.553999999999974" classname="TESTING_datachk" name="Check_TESTING_dataset"/>
    <testcase time="0.00700000000006185" classname="TESTING_datachk" name="Check_TESTING_dataset"/>
    <testcase time="0.00599999999997181" classname="TESTING_datachk" name="Check_TESTING_dataset"/>
    <testcase time="0.0080000000000382" classname="TESTING_datachk" name="Check_TESTING_dataset"/>
    <testcase time="0.00699999999994816" classname="TESTING_datachk" name="Check_TESTING_dataset"/>
    <testcase time="0.00700000000006185" classname="TESTING_datachk" name="Check_TESTING_dataset"/>
    <testcase time="0.00599999999997181" classname="TESTING_datachk" name="Check_TESTING_dataset"/>
    <testcase time="0.293000000000006" classname="TESTING_datachk" name="Check_TESTING_dataset"/>
    <testcase time="0.00799999999992451" classname="TESTING_datachk" name="Check_TESTING_dataset"/>
    <testcase time="0.0080000000000382" classname="TESTING_datachk" name="Check_TESTING_dataset"/>
    <testcase time="0.0080000000000382" classname="TESTING_datachk" name="Check_TESTING_dataset"/>
    <testcase time="0.00799999999992451" classname="TESTING_datachk" name="Check_TESTING_dataset"/>
    <testcase time="0.0080000000000382" classname="TESTING_datachk" name="Check_TESTING_dataset"/>
    <testcase time="0.00700000000006185" classname="TESTING_datachk" name="Check_TESTING_dataset"/>
    <testcase time="0.00699999999994816" classname="TESTING_datachk" name="Check_TESTING_dataset"/>
    <testcase time="0.0080000000000382" classname="TESTING_datachk" name="Check_TESTING_dataset"/>
    <testcase time="0.555999999999926" classname="TESTING_datachk" name="Check_TESTING_dataset"/>
    <testcase time="0.00700000000006185" classname="TESTING_datachk" name="Check_TESTING_dataset"/>
    <testcase time="0.00699999999994816" classname="TESTING_datachk" name="Check_TESTING_dataset"/>
    <testcase time="0.00700000000006185" classname="TESTING_datachk" name="Check_TESTING_dataset"/>
    <testcase time="0.00699999999994816" classname="TESTING_datachk" name="Check_TESTING_dataset"/>
    <testcase time="0.00599999999997181" classname="TESTING_datachk" name="Check_TESTING_dataset"/>
    <testcase time="0.00600000000008549" classname="TESTING_datachk" name="Check_TESTING_dataset"/>
    <testcase time="0.288999999999987" classname="TESTING_datachk" name="Check_TESTING_dataset"/>
    <testcase time="0.00699999999994816" classname="TESTING_datachk" name="Check_TESTING_dataset"/>
    <testcase time="0.00700000000006185" classname="TESTING_datachk" name="Check_TESTING_dataset"/>
    <testcase time="0.00699999999994816" classname="TESTING_datachk" name="Check_TESTING_dataset"/>
    <testcase time="0.0080000000000382" classname="TESTING_datachk" name="Check_TESTING_dataset"/>
    <testcase time="0.0080000000000382" classname="TESTING_datachk" name="Check_TESTING_dataset"/>
    <testcase time="0.00699999999994816" classname="TESTING_datachk" name="Check_TESTING_dataset"/>
    <testcase time="0.0080000000000382" classname="TESTING_datachk" name="Check_TESTING_dataset"/>
    <testcase time="0.00799999999992451" classname="TESTING_datachk" name="Check_TESTING_dataset"/>
  </testsuite>
  <testsuite name="TESTING::datachk::shutdown" timestamp="2020-07-01T15:20:04Z" hostname="fv-az29" tests="3" skipped="0" failures="0" errors="0" time="0.288">
    <testcase time="0.285000000000082" classname="TESTING_datachk_shutdown" name="shutdown"/>
    <testcase time="0.00199999999995271" classname="TESTING_datachk_shutdown" name="shutdown"/>
    <testcase time="0.000999999999976353" classname="TESTING_datachk_shutdown" name="shutdown"/>
  </testsuite>
  <testsuite name="TESTING::datachk::done" timestamp="2020-07-01T15:20:05Z" hostname="fv-az29" tests="0" skipped="0" failures="0" errors="0" time="0"/>
  <testsuite name="ds.cor::disc::setup" timestamp="2020-07-01T15:20:05Z" hostname="fv-az29" tests="3" skipped="0" failures="0" errors="0" time="5.546">
    <testcase time="5.54300000000001" classname="ds.cor_disc_setup" name="setup"/>
    <testcase time="0.00200000000006639" classname="ds.cor_disc_setup" name="setup"/>
    <testcase time="0.000999999999976353" classname="ds.cor_disc_setup" name="setup"/>
  </testsuite>
  <testsuite name="ds.cor::disc" timestamp="2020-07-01T15:20:10Z" hostname="fv-az29" tests="33" skipped="2" failures="0" errors="0" time="10.519">
    <testcase time="8.005" classname="ds.cor_disc" name="simple_D3_setup"/>
    <testcase time="0.000999999999976353" classname="ds.cor_disc" name="simple_D3_setup"/>
    <testcase time="0.00200000000006639" classname="ds.cor_disc" name="simple_D3_setup"/>
    <testcase time="0.000999999999976353" classname="ds.cor_disc" name="simple_D3_setup"/>
    <testcase time="0.00199999999995271" classname="ds.cor_disc" name="simple_D3_setup"/>
    <testcase time="0.000999999999976353" classname="ds.cor_disc" name="simple_D3_setup"/>
    <testcase time="0.00200000000006639" classname="ds.cor_disc" name="simple_D3_setup"/>
    <testcase time="0.00199999999995271" classname="ds.cor_disc" name="simple_D3_setup"/>
    <testcase time="0.000999999999976353" classname="ds.cor_disc" name="simple_D3_setup"/>
    <testcase time="0.00200000000006639" classname="ds.cor_disc" name="simple_D3_setup"/>
    <testcase time="0.000999999999976353" classname="ds.cor_disc" name="simple_D3_setup"/>
    <testcase time="0.00199999999995271" classname="ds.cor_disc" name="simple_D3_setup"/>
    <testcase time="0.00200000000006639" classname="ds.cor_disc" name="simple_D3_setup"/>
    <testcase time="1.22799999999995" classname="ds.cor_disc" name="simple_disc_test_naAction_casewise.complete_type_split_"/>
    <testcase time="0.000999999999976353" classname="ds.cor_disc" name="simple_disc_test_naAction_casewise.complete_type_split_"/>
    <testcase time="0.00199999999995271" classname="ds.cor_disc" name="simple_disc_test_naAction_casewise.complete_type_split_"/>
    <testcase time="0.000999999999976353" classname="ds.cor_disc" name="simple_disc_test_naAction_casewise.complete_type_split_"/>
    <testcase time="0.00200000000006639" classname="ds.cor_disc" name="simple_disc_test_naAction_casewise.complete_type_split_"/>
    <testcase time="0.000999999999976353" classname="ds.cor_disc" name="simple_disc_test_naAction_casewise.complete_type_split_"/>
    <testcase time="0.00199999999995271" classname="ds.cor_disc" name="simple_disc_test_naAction_casewise.complete_type_split_"/>
    <testcase time="0.00200000000006639" classname="ds.cor_disc" name="simple_disc_test_naAction_casewise.complete_type_split_"/>
    <testcase time="0.000999999999976353" classname="ds.cor_disc" name="simple_disc_test_naAction_casewise.complete_type_split_"/>
    <testcase time="0.00199999999995271" classname="ds.cor_disc" name="simple_disc_test_naAction_casewise.complete_type_split_"/>
    <testcase time="0.00300000000004275" classname="ds.cor_disc" name="simple_disc_test_naAction_pairwise.complete_type_split_">
      <skipped/>
    </testcase>
    <testcase time="1.23500000000001" classname="ds.cor_disc" name="simple_disc_test_naAction_casewise.complete_type_combine_"/>
    <testcase time="0.000999999999976353" classname="ds.cor_disc" name="simple_disc_test_naAction_casewise.complete_type_combine_"/>
    <testcase time="0.00200000000006639" classname="ds.cor_disc" name="simple_disc_test_naAction_casewise.complete_type_combine_"/>
    <testcase time="0.00199999999995271" classname="ds.cor_disc" name="simple_disc_test_naAction_casewise.complete_type_combine_"/>
    <testcase time="0.00199999999995271" classname="ds.cor_disc" name="simple_disc_test_naAction_casewise.complete_type_combine_"/>
    <testcase time="0.00200000000006639" classname="ds.cor_disc" name="simple_disc_test_naAction_casewise.complete_type_combine_"/>
    <testcase time="0.00199999999995271" classname="ds.cor_disc" name="simple_disc_test_naAction_casewise.complete_type_combine_"/>
    <testcase time="0.00200000000006639" classname="ds.cor_disc" name="simple_disc_test_naAction_casewise.complete_type_combine_"/>
    <testcase time="0.00199999999995271" classname="ds.cor_disc" name="simple_disc_test_naAction_pairwise.complete_type_combine_">
      <skipped/>
    </testcase>
  </testsuite>
  <testsuite name="ds.cor::disc::shutdown" timestamp="2020-07-01T15:20:20Z" hostname="fv-az29" tests="3" skipped="0" failures="0" errors="0" time="0.283">
    <testcase time="0.280999999999949" classname="ds.cor_disc_shutdown" name="shutdown"/>
    <testcase time="0.00100000000009004" classname="ds.cor_disc_shutdown" name="shutdown"/>
    <testcase time="0.000999999999976353" classname="ds.cor_disc_shutdown" name="shutdown"/>
  </testsuite>
  <testsuite name="ds.cor::disc::done" timestamp="2020-07-01T15:20:21Z" hostname="fv-az29" tests="0" skipped="0" failures="0" errors="0" time="0"/>
  <testsuite name="ds.cov::disc::setup" timestamp="2020-07-01T15:20:21Z" hostname="fv-az29" tests="3" skipped="0" failures="0" errors="0" time="5.407">
    <testcase time="5.404" classname="ds.cov_disc_setup" name="setup"/>
    <testcase time="0.000999999999976353" classname="ds.cov_disc_setup" name="setup"/>
    <testcase time="0.00200000000006639" classname="ds.cov_disc_setup" name="setup"/>
  </testsuite>
  <testsuite name="ds.cov::disc" timestamp="2020-07-01T15:20:26Z" hostname="fv-az29" tests="33" skipped="2" failures="0" errors="0" time="10.509">
    <testcase time="7.971" classname="ds.cov_disc" name="simple_D3_setup"/>
    <testcase time="0.000999999999976353" classname="ds.cov_disc" name="simple_D3_setup"/>
    <testcase time="0.00199999999995271" classname="ds.cov_disc" name="simple_D3_setup"/>
    <testcase time="0.000999999999976353" classname="ds.cov_disc" name="simple_D3_setup"/>
    <testcase time="0.00100000000009004" classname="ds.cov_disc" name="simple_D3_setup"/>
    <testcase time="0.00199999999995271" classname="ds.cov_disc" name="simple_D3_setup"/>
    <testcase time="0.000999999999976353" classname="ds.cov_disc" name="simple_D3_setup"/>
    <testcase time="0.00200000000006639" classname="ds.cov_disc" name="simple_D3_setup"/>
    <testcase time="0.000999999999976353" classname="ds.cov_disc" name="simple_D3_setup"/>
    <testcase time="0.000999999999976353" classname="ds.cov_disc" name="simple_D3_setup"/>
    <testcase time="0.00199999999995271" classname="ds.cov_disc" name="simple_D3_setup"/>
    <testcase time="0.00100000000009004" classname="ds.cov_disc" name="simple_D3_setup"/>
    <testcase time="0.00199999999995271" classname="ds.cov_disc" name="simple_D3_setup"/>
    <testcase time="1.24400000000003" classname="ds.cov_disc" name="simple_disc_test_naAction_casewise.complete_type_split_"/>
    <testcase time="0.000999999999976353" classname="ds.cov_disc" name="simple_disc_test_naAction_casewise.complete_type_split_"/>
    <testcase time="0.00200000000006639" classname="ds.cov_disc" name="simple_disc_test_naAction_casewise.complete_type_split_"/>
    <testcase time="0.000999999999976353" classname="ds.cov_disc" name="simple_disc_test_naAction_casewise.complete_type_split_"/>
    <testcase time="0.00199999999995271" classname="ds.cov_disc" name="simple_disc_test_naAction_casewise.complete_type_split_"/>
    <testcase time="0.00200000000006639" classname="ds.cov_disc" name="simple_disc_test_naAction_casewise.complete_type_split_"/>
    <testcase time="0.00199999999995271" classname="ds.cov_disc" name="simple_disc_test_naAction_casewise.complete_type_split_"/>
    <testcase time="0.000999999999976353" classname="ds.cov_disc" name="simple_disc_test_naAction_casewise.complete_type_split_"/>
    <testcase time="0.00200000000006639" classname="ds.cov_disc" name="simple_disc_test_naAction_casewise.complete_type_split_"/>
    <testcase time="0.00199999999995271" classname="ds.cov_disc" name="simple_disc_test_naAction_casewise.complete_type_split_"/>
    <testcase time="0.00200000000006639" classname="ds.cov_disc" name="simple_disc_test_naAction_pairwise.complete_type_split_">
      <skipped/>
    </testcase>
    <testcase time="1.24399999999991" classname="ds.cov_disc" name="simple_disc_test_naAction_casewise.complete_type_combine_"/>
    <testcase time="0.00200000000006639" classname="ds.cov_disc" name="simple_disc_test_naAction_casewise.complete_type_combine_"/>
    <testcase time="0.00199999999995271" classname="ds.cov_disc" name="simple_disc_test_naAction_casewise.complete_type_combine_"/>
    <testcase time="0.000999999999976353" classname="ds.cov_disc" name="simple_disc_test_naAction_casewise.complete_type_combine_"/>
    <testcase time="0.00200000000006639" classname="ds.cov_disc" name="simple_disc_test_naAction_casewise.complete_type_combine_"/>
    <testcase time="0.00299999999992906" classname="ds.cov_disc" name="simple_disc_test_naAction_casewise.complete_type_combine_"/>
    <testcase time="0.00100000000009004" classname="ds.cov_disc" name="simple_disc_test_naAction_casewise.complete_type_combine_"/>
    <testcase time="0.00199999999995271" classname="ds.cov_disc" name="simple_disc_test_naAction_casewise.complete_type_combine_"/>
    <testcase time="0.00300000000004275" classname="ds.cov_disc" name="simple_disc_test_naAction_pairwise.complete_type_combine_">
      <skipped/>
    </testcase>
  </testsuite>
  <testsuite name="ds.cov::disc::shutdown" timestamp="2020-07-01T15:20:36Z" hostname="fv-az29" tests="3" skipped="0" failures="0" errors="0" time="0.284">
    <testcase time="0.280999999999949" classname="ds.cov_disc_shutdown" name="shutdown"/>
    <testcase time="0.000999999999976353" classname="ds.cov_disc_shutdown" name="shutdown"/>
    <testcase time="0.00200000000006639" classname="ds.cov_disc_shutdown" name="shutdown"/>
  </testsuite>
  <testsuite name="ds.cov::disc::done" timestamp="2020-07-01T15:20:37Z" hostname="fv-az29" tests="0" skipped="0" failures="0" errors="0" time="0"/>
  <testsuite name="ds.levels::disc::setup" timestamp="2020-07-01T15:20:37Z" hostname="fv-az29" tests="3" skipped="0" failures="0" errors="0" time="5.491">
    <testcase time="5.48799999999994" classname="ds.levels_disc_setup" name="setup"/>
    <testcase time="0.00200000000006639" classname="ds.levels_disc_setup" name="setup"/>
    <testcase time="0.000999999999976353" classname="ds.levels_disc_setup" name="setup"/>
  </testsuite>
  <testsuite name="ds.levels::disc" timestamp="2020-07-01T15:20:42Z" hostname="fv-az29" tests="1" skipped="1" failures="0" errors="0" time="0.01">
    <testcase time="0.00999999999999091" classname="ds.levels_disc" name="simple_levels">
      <skipped/>
    </testcase>
  </testsuite>
  <testsuite name="ds.levels::disc::shutdown" timestamp="2020-07-01T15:20:42Z" hostname="fv-az29" tests="3" skipped="0" failures="0" errors="0" time="0.286">
    <testcase time="0.283000000000015" classname="ds.levels_disc_shutdown" name="shutdown"/>
    <testcase time="0.000999999999976353" classname="ds.levels_disc_shutdown" name="shutdown"/>
    <testcase time="0.00199999999995271" classname="ds.levels_disc_shutdown" name="shutdown"/>
  </testsuite>
  <testsuite name="ds.levels::disc::done" timestamp="2020-07-01T15:20:43Z" hostname="fv-az29" tests="0" skipped="0" failures="0" errors="0" time="0"/>
  <testsuite name="ds.meanByClass::disc::setup" timestamp="2020-07-01T15:20:43Z" hostname="fv-az29" tests="0" skipped="0" failures="0" errors="0" time="0"/>
  <testsuite name="ds.meanByClass::disc::test errors" timestamp="2020-07-01T15:20:48Z" hostname="fv-az29" tests="1" skipped="1" failures="0" errors="0" time="5.232">
    <testcase time="5.23200000000008" classname="ds.meanByClass_disc_test_errors" name="meanByClass_erros">
      <skipped/>
    </testcase>
  </testsuite>
  <testsuite name="ds.meanByClass::disc::teardown" timestamp="2020-07-01T15:20:48Z" hostname="fv-az29" tests="0" skipped="0" failures="0" errors="0" time="0"/>
  <testsuite name="ds.meanByClass::disc::done" timestamp="2020-07-01T15:20:48Z" hostname="fv-az29" tests="0" skipped="0" failures="0" errors="0" time="0"/>
  <testsuite name="ds.mean::disc::type=both" timestamp="2020-07-01T15:20:53Z" hostname="fv-az29" tests="1" skipped="1" failures="0" errors="0" time="5.149">
    <testcase time="5.149" classname="ds.mean_disc_type_both" name="mean_values_both_">
      <skipped/>
    </testcase>
  </testsuite>
  <testsuite name="ds.rm::disc" timestamp="2020-07-01T15:20:58Z" hostname="fv-az29" tests="31" skipped="0" failures="0" errors="0" time="6.274">
    <testcase time="5.40299999999991" classname="ds.rm_disc" name="justovertest"/>
    <testcase time="0.00200000000006639" classname="ds.rm_disc" name="justovertest"/>
    <testcase time="0.000999999999976353" classname="ds.rm_disc" name="justovertest"/>
    <testcase time="0.00200000000006639" classname="ds.rm_disc" name="justovertest"/>
    <testcase time="0.000999999999976353" classname="ds.rm_disc" name="justovertest"/>
    <testcase time="0.000999999999976353" classname="ds.rm_disc" name="justovertest"/>
    <testcase time="0.00199999999995271" classname="ds.rm_disc" name="justovertest"/>
    <testcase time="0.269000000000005" classname="ds.rm_disc" name="justovertest"/>
    <testcase time="0.00200000000006639" classname="ds.rm_disc" name="justovertest"/>
    <testcase time="0.000999999999976353" classname="ds.rm_disc" name="justovertest"/>
    <testcase time="0.000999999999976353" classname="ds.rm_disc" name="justovertest"/>
    <testcase time="0.00200000000006639" classname="ds.rm_disc" name="justovertest"/>
    <testcase time="0.000999999999976353" classname="ds.rm_disc" name="justovertest"/>
    <testcase time="0.00199999999995271" classname="ds.rm_disc" name="justovertest"/>
    <testcase time="0.000999999999976353" classname="ds.rm_disc" name="justovertest"/>
    <testcase time="0.00100000000009004" classname="ds.rm_disc" name="justovertest"/>
    <testcase time="0.00199999999995271" classname="ds.rm_disc" name="justovertest"/>
    <testcase time="0.277000000000044" classname="ds.rm_disc" name="simple_test"/>
    <testcase time="0.00199999999995271" classname="ds.rm_disc" name="simple_test"/>
    <testcase time="0.00199999999995271" classname="ds.rm_disc" name="simple_test"/>
    <testcase time="0.00100000000009004" classname="ds.rm_disc" name="simple_test"/>
    <testcase time="0.00199999999995271" classname="ds.rm_disc" name="simple_test"/>
    <testcase time="0.00200000000006639" classname="ds.rm_disc" name="simple_test"/>
    <testcase time="0.00199999999995271" classname="ds.rm_disc" name="simple_test"/>
    <testcase time="0.279999999999973" classname="ds.rm_disc" name="simple_test"/>
    <testcase time="0.00200000000006639" classname="ds.rm_disc" name="simple_test"/>
    <testcase time="0.00199999999995271" classname="ds.rm_disc" name="simple_test"/>
    <testcase time="0.00199999999995271" classname="ds.rm_disc" name="simple_test"/>
    <testcase time="0.00200000000006639" classname="ds.rm_disc" name="simple_test"/>
    <testcase time="0.00199999999995271" classname="ds.rm_disc" name="simple_test"/>
    <testcase time="0.00200000000006639" classname="ds.rm_disc" name="simple_test"/>
  </testsuite>
  <testsuite name="ds.sample::disc::setup" timestamp="2020-07-01T15:21:00Z" hostname="fv-az29" tests="0" skipped="0" failures="0" errors="0" time="0"/>
  <testsuite name="ds.sample::disc::test disclosure" timestamp="2020-07-01T15:21:04Z" hostname="fv-az29" tests="35" skipped="0" failures="0" errors="0" time="13.253">
    <testcase time="6.79099999999994" classname="ds.sample_disc_test_disclosure" name="cov_erros"/>
    <testcase time="0.00200000000006639" classname="ds.sample_disc_test_disclosure" name="cov_erros"/>
    <testcase time="0.000999999999976353" classname="ds.sample_disc_test_disclosure" name="cov_erros"/>
    <testcase time="0.00199999999995271" classname="ds.sample_disc_test_disclosure" name="cov_erros"/>
    <testcase time="0.000999999999976353" classname="ds.sample_disc_test_disclosure" name="cov_erros"/>
    <testcase time="0.00100000000009004" classname="ds.sample_disc_test_disclosure" name="cov_erros"/>
    <testcase time="0.00199999999995271" classname="ds.sample_disc_test_disclosure" name="cov_erros"/>
    <testcase time="1.529" classname="ds.sample_disc_test_disclosure" name="cov_erros"/>
    <testcase time="0.00200000000006639" classname="ds.sample_disc_test_disclosure" name="cov_erros"/>
    <testcase time="0.00199999999995271" classname="ds.sample_disc_test_disclosure" name="cov_erros"/>
    <testcase time="0.000999999999976353" classname="ds.sample_disc_test_disclosure" name="cov_erros"/>
    <testcase time="0.00200000000006639" classname="ds.sample_disc_test_disclosure" name="cov_erros"/>
    <testcase time="0.000999999999976353" classname="ds.sample_disc_test_disclosure" name="cov_erros"/>
    <testcase time="0.00299999999992906" classname="ds.sample_disc_test_disclosure" name="cov_erros"/>
    <testcase time="1.52300000000002" classname="ds.sample_disc_test_disclosure" name="cov_erros"/>
    <testcase time="0.00200000000006639" classname="ds.sample_disc_test_disclosure" name="cov_erros"/>
    <testcase time="0.00199999999995271" classname="ds.sample_disc_test_disclosure" name="cov_erros"/>
    <testcase time="0.000999999999976353" classname="ds.sample_disc_test_disclosure" name="cov_erros"/>
    <testcase time="0.00200000000006639" classname="ds.sample_disc_test_disclosure" name="cov_erros"/>
    <testcase time="0.00199999999995271" classname="ds.sample_disc_test_disclosure" name="cov_erros"/>
    <testcase time="0.000999999999976353" classname="ds.sample_disc_test_disclosure" name="cov_erros"/>
    <testcase time="1.70400000000006" classname="ds.sample_disc_test_disclosure" name="cov_erros"/>
    <testcase time="0.000999999999976353" classname="ds.sample_disc_test_disclosure" name="cov_erros"/>
    <testcase time="0.00200000000006639" classname="ds.sample_disc_test_disclosure" name="cov_erros"/>
    <testcase time="0.00199999999995271" classname="ds.sample_disc_test_disclosure" name="cov_erros"/>
    <testcase time="0.00199999999995271" classname="ds.sample_disc_test_disclosure" name="cov_erros"/>
    <testcase time="0.00200000000006639" classname="ds.sample_disc_test_disclosure" name="cov_erros"/>
    <testcase time="0.00199999999995271" classname="ds.sample_disc_test_disclosure" name="cov_erros"/>
    <testcase time="1.65300000000002" classname="ds.sample_disc_test_disclosure" name="cov_erros"/>
    <testcase time="0.00199999999995271" classname="ds.sample_disc_test_disclosure" name="cov_erros"/>
    <testcase time="0.00200000000006639" classname="ds.sample_disc_test_disclosure" name="cov_erros"/>
    <testcase time="0.00199999999995271" classname="ds.sample_disc_test_disclosure" name="cov_erros"/>
    <testcase time="0.00200000000006639" classname="ds.sample_disc_test_disclosure" name="cov_erros"/>
    <testcase time="0.00199999999995271" classname="ds.sample_disc_test_disclosure" name="cov_erros"/>
    <testcase time="0.00199999999995271" classname="ds.sample_disc_test_disclosure" name="cov_erros"/>
  </testsuite>
  <testsuite name="ds.sample::disc::shutdown" timestamp="2020-07-01T15:21:12Z" hostname="fv-az29" tests="0" skipped="0" failures="0" errors="0" time="0"/>
  <testsuite name="ds.sample::disc::done" timestamp="2020-07-01T15:21:13Z" hostname="fv-az29" tests="0" skipped="0" failures="0" errors="0" time="0"/>
  <testsuite name="ds.table::disc::setup" timestamp="2020-07-01T15:21:13Z" hostname="fv-az29" tests="0" skipped="0" failures="0" errors="0" time="0"/>
  <testsuite name="ds.table::disc::tests" timestamp="2020-07-01T15:21:18Z" hostname="fv-az29" tests="7" skipped="0" failures="0" errors="0" time="10.622">
    <testcase time="10.615" classname="ds.table_disc_tests" name="table_disclosure"/>
    <testcase time="0.00100000000009004" classname="ds.table_disc_tests" name="table_disclosure"/>
    <testcase time="0.00199999999995271" classname="ds.table_disc_tests" name="table_disclosure"/>
    <testcase time="0.000999999999976353" classname="ds.table_disc_tests" name="table_disclosure"/>
    <testcase time="0.000999999999976353" classname="ds.table_disc_tests" name="table_disclosure"/>
    <testcase time="0.00100000000009004" classname="ds.table_disc_tests" name="table_disclosure"/>
    <testcase time="0.000999999999976353" classname="ds.table_disc_tests" name="table_disclosure"/>
  </testsuite>
  <testsuite name="ds.table::disc::shutdown" timestamp="2020-07-01T15:21:23Z" hostname="fv-az29" tests="0" skipped="0" failures="0" errors="0" time="0"/>
  <testsuite name="ds.table::disc::done" timestamp="2020-07-01T15:21:24Z" hostname="fv-az29" tests="0" skipped="0" failures="0" errors="0" time="0"/>
  <testsuite name="ds.var::disc::type=both" timestamp="2020-07-01T15:21:28Z" hostname="fv-az29" tests="1" skipped="1" failures="0" errors="0" time="5.085">
    <testcase time="5.08500000000004" classname="ds.var_disc_type_both" name="var_values_both_">
      <skipped/>
    </testcase>
  </testsuite>
  <testsuite name="ds.dataFrame::expt::setup" timestamp="2020-07-01T15:21:29Z" hostname="fv-az29" tests="0" skipped="0" failures="0" errors="0" time="0"/>
  <testsuite name="ds.dataFrame::expt::one_column::single" timestamp="2020-07-01T15:21:29Z" hostname="fv-az29" tests="24" skipped="0" failures="0" errors="0" time="23.088">
    <testcase time="6.36799999999994" classname="ds.dataFrame_expt_one_column_single" name="numeric_data"/>
    <testcase time="0.00200000000006639" classname="ds.dataFrame_expt_one_column_single" name="numeric_data"/>
    <testcase time="0.000999999999976353" classname="ds.dataFrame_expt_one_column_single" name="numeric_data"/>
    <testcase time="2.37800000000004" classname="ds.dataFrame_expt_one_column_single" name="numeric_data"/>
    <testcase time="0.00199999999995271" classname="ds.dataFrame_expt_one_column_single" name="numeric_data"/>
    <testcase time="0.00199999999995271" classname="ds.dataFrame_expt_one_column_single" name="numeric_data"/>
    <testcase time="2.375" classname="ds.dataFrame_expt_one_column_single" name="numeric_data"/>
    <testcase time="0.00100000000009004" classname="ds.dataFrame_expt_one_column_single" name="numeric_data"/>
    <testcase time="0.00199999999995271" classname="ds.dataFrame_expt_one_column_single" name="numeric_data"/>
    <testcase time="2.38499999999999" classname="ds.dataFrame_expt_one_column_single" name="numeric_data"/>
    <testcase time="0.00200000000006639" classname="ds.dataFrame_expt_one_column_single" name="numeric_data"/>
    <testcase time="0.00199999999995271" classname="ds.dataFrame_expt_one_column_single" name="numeric_data"/>
    <testcase time="2.36299999999994" classname="ds.dataFrame_expt_one_column_single" name="numeric_data"/>
    <testcase time="0.00100000000009004" classname="ds.dataFrame_expt_one_column_single" name="numeric_data"/>
    <testcase time="0.00199999999995271" classname="ds.dataFrame_expt_one_column_single" name="numeric_data"/>
    <testcase time="2.41800000000001" classname="ds.dataFrame_expt_one_column_single" name="numeric_data"/>
    <testcase time="0.00199999999995271" classname="ds.dataFrame_expt_one_column_single" name="numeric_data"/>
    <testcase time="0.00200000000006639" classname="ds.dataFrame_expt_one_column_single" name="numeric_data"/>
    <testcase time="2.39199999999994" classname="ds.dataFrame_expt_one_column_single" name="numeric_data"/>
    <testcase time="0.00200000000006639" classname="ds.dataFrame_expt_one_column_single" name="numeric_data"/>
    <testcase time="0.00299999999992906" classname="ds.dataFrame_expt_one_column_single" name="numeric_data"/>
    <testcase time="2.37900000000002" classname="ds.dataFrame_expt_one_column_single" name="numeric_data"/>
    <testcase time="0.00200000000006639" classname="ds.dataFrame_expt_one_column_single" name="numeric_data"/>
    <testcase time="0.00199999999995271" classname="ds.dataFrame_expt_one_column_single" name="numeric_data"/>
  </testsuite>
  <testsuite name="ds.dataFrame::expt::several_columns::single" timestamp="2020-07-01T15:21:51Z" hostname="fv-az29" tests="12" skipped="0" failures="0" errors="0" time="9.676">
    <testcase time="6.54300000000001" classname="ds.dataFrame_expt_several_columns_single" name="numeric_data"/>
    <testcase time="0.000999999999976353" classname="ds.dataFrame_expt_several_columns_single" name="numeric_data"/>
    <testcase time="0.00200000000006639" classname="ds.dataFrame_expt_several_columns_single" name="numeric_data"/>
    <testcase time="0.00199999999995271" classname="ds.dataFrame_expt_several_columns_single" name="numeric_data"/>
    <testcase time="0.000999999999976353" classname="ds.dataFrame_expt_several_columns_single" name="numeric_data"/>
    <testcase time="0.00200000000006639" classname="ds.dataFrame_expt_several_columns_single" name="numeric_data"/>
    <testcase time="3.11699999999996" classname="ds.dataFrame_expt_several_columns_single" name="numeric_data"/>
    <testcase time="0.00199999999995271" classname="ds.dataFrame_expt_several_columns_single" name="numeric_data"/>
    <testcase time="0.00200000000006639" classname="ds.dataFrame_expt_several_columns_single" name="numeric_data"/>
    <testcase time="0.000999999999976353" classname="ds.dataFrame_expt_several_columns_single" name="numeric_data"/>
    <testcase time="0.00199999999995271" classname="ds.dataFrame_expt_several_columns_single" name="numeric_data"/>
    <testcase time="0.00100000000009004" classname="ds.dataFrame_expt_several_columns_single" name="numeric_data"/>
  </testsuite>
  <testsuite name="ds.dataFrame::expt::one_column::multiple" timestamp="2020-07-01T15:22:01Z" hostname="fv-az29" tests="40" skipped="0" failures="0" errors="0" time="37.158">
    <testcase time="8.89799999999991" classname="ds.dataFrame_expt_one_column_multiple" name="numeric_data"/>
    <testcase time="0.00100000000009004" classname="ds.dataFrame_expt_one_column_multiple" name="numeric_data"/>
    <testcase time="0.000999999999976353" classname="ds.dataFrame_expt_one_column_multiple" name="numeric_data"/>
    <testcase time="0.00199999999995271" classname="ds.dataFrame_expt_one_column_multiple" name="numeric_data"/>
    <testcase time="0.00100000000009004" classname="ds.dataFrame_expt_one_column_multiple" name="numeric_data"/>
    <testcase time="4.02299999999991" classname="ds.dataFrame_expt_one_column_multiple" name="numeric_data"/>
    <testcase time="0.00100000000009004" classname="ds.dataFrame_expt_one_column_multiple" name="numeric_data"/>
    <testcase time="0.00199999999995271" classname="ds.dataFrame_expt_one_column_multiple" name="numeric_data"/>
    <testcase time="0.000999999999976353" classname="ds.dataFrame_expt_one_column_multiple" name="numeric_data"/>
    <testcase time="0.00200000000006639" classname="ds.dataFrame_expt_one_column_multiple" name="numeric_data"/>
    <testcase time="4.01299999999992" classname="ds.dataFrame_expt_one_column_multiple" name="numeric_data"/>
    <testcase time="0.00200000000006639" classname="ds.dataFrame_expt_one_column_multiple" name="numeric_data"/>
    <testcase time="0.00199999999995271" classname="ds.dataFrame_expt_one_column_multiple" name="numeric_data"/>
    <testcase time="0.000999999999976353" classname="ds.dataFrame_expt_one_column_multiple" name="numeric_data"/>
    <testcase time="0.00200000000006639" classname="ds.dataFrame_expt_one_column_multiple" name="numeric_data"/>
    <testcase time="4.00900000000001" classname="ds.dataFrame_expt_one_column_multiple" name="numeric_data"/>
    <testcase time="0.00199999999995271" classname="ds.dataFrame_expt_one_column_multiple" name="numeric_data"/>
    <testcase time="0.000999999999976353" classname="ds.dataFrame_expt_one_column_multiple" name="numeric_data"/>
    <testcase time="0.00200000000006639" classname="ds.dataFrame_expt_one_column_multiple" name="numeric_data"/>
    <testcase time="0.00199999999995271" classname="ds.dataFrame_expt_one_column_multiple" name="numeric_data"/>
    <testcase time="4.01999999999998" classname="ds.dataFrame_expt_one_column_multiple" name="numeric_data"/>
    <testcase time="0.00200000000006639" classname="ds.dataFrame_expt_one_column_multiple" name="numeric_data"/>
    <testcase time="0.000999999999976353" classname="ds.dataFrame_expt_one_column_multiple" name="numeric_data"/>
    <testcase time="0.00199999999995271" classname="ds.dataFrame_expt_one_column_multiple" name="numeric_data"/>
    <testcase time="0.00200000000006639" classname="ds.dataFrame_expt_one_column_multiple" name="numeric_data"/>
    <testcase time="4.11399999999992" classname="ds.dataFrame_expt_one_column_multiple" name="numeric_data"/>
    <testcase time="0.00200000000006639" classname="ds.dataFrame_expt_one_column_multiple" name="numeric_data"/>
    <testcase time="0.00199999999995271" classname="ds.dataFrame_expt_one_column_multiple" name="numeric_data"/>
    <testcase time="0.00200000000006639" classname="ds.dataFrame_expt_one_column_multiple" name="numeric_data"/>
    <testcase time="0.00199999999995271" classname="ds.dataFrame_expt_one_column_multiple" name="numeric_data"/>
    <testcase time="4.00599999999997" classname="ds.dataFrame_expt_one_column_multiple" name="numeric_data"/>
    <testcase time="0.00200000000006639" classname="ds.dataFrame_expt_one_column_multiple" name="numeric_data"/>
    <testcase time="0.00299999999992906" classname="ds.dataFrame_expt_one_column_multiple" name="numeric_data"/>
    <testcase time="0.00200000000006639" classname="ds.dataFrame_expt_one_column_multiple" name="numeric_data"/>
    <testcase time="0.00199999999995271" classname="ds.dataFrame_expt_one_column_multiple" name="numeric_data"/>
    <testcase time="4.01900000000001" classname="ds.dataFrame_expt_one_column_multiple" name="numeric_data"/>
    <testcase time="0.00200000000006639" classname="ds.dataFrame_expt_one_column_multiple" name="numeric_data"/>
    <testcase time="0.000999999999976353" classname="ds.dataFrame_expt_one_column_multiple" name="numeric_data"/>
    <testcase time="0.00199999999995271" classname="ds.dataFrame_expt_one_column_multiple" name="numeric_data"/>
    <testcase time="0.00200000000006639" classname="ds.dataFrame_expt_one_column_multiple" name="numeric_data"/>
  </testsuite>
  <testsuite name="ds.dataFrame::expt::several_columns::single" timestamp="2020-07-01T15:22:38Z" hostname="fv-az29" tests="16" skipped="0" failures="0" errors="0" time="17.524">
    <testcase time="11.3589999999999" classname="ds.dataFrame_expt_several_columns_single" name="numeric_data"/>
    <testcase time="0.00100000000009004" classname="ds.dataFrame_expt_several_columns_single" name="numeric_data"/>
    <testcase time="0.00199999999995271" classname="ds.dataFrame_expt_several_columns_single" name="numeric_data"/>
    <testcase time="0.000999999999976353" classname="ds.dataFrame_expt_several_columns_single" name="numeric_data"/>
    <testcase time="0.00200000000006639" classname="ds.dataFrame_expt_several_columns_single" name="numeric_data"/>
    <testcase time="0.000999999999976353" classname="ds.dataFrame_expt_several_columns_single" name="numeric_data"/>
    <testcase time="0.00199999999995271" classname="ds.dataFrame_expt_several_columns_single" name="numeric_data"/>
    <testcase time="0.00200000000006639" classname="ds.dataFrame_expt_several_columns_single" name="numeric_data"/>
    <testcase time="6.14099999999996" classname="ds.dataFrame_expt_several_columns_single" name="numeric_data"/>
    <testcase time="0.00199999999995271" classname="ds.dataFrame_expt_several_columns_single" name="numeric_data"/>
    <testcase time="0.00200000000006639" classname="ds.dataFrame_expt_several_columns_single" name="numeric_data"/>
    <testcase time="0.00199999999995271" classname="ds.dataFrame_expt_several_columns_single" name="numeric_data"/>
    <testcase time="0.00200000000006639" classname="ds.dataFrame_expt_several_columns_single" name="numeric_data"/>
    <testcase time="0.000999999999976353" classname="ds.dataFrame_expt_several_columns_single" name="numeric_data"/>
    <testcase time="0.00199999999995271" classname="ds.dataFrame_expt_several_columns_single" name="numeric_data"/>
    <testcase time="0.00200000000006639" classname="ds.dataFrame_expt_several_columns_single" name="numeric_data"/>
  </testsuite>
  <testsuite name="ds.dataFrame::expt::one_column_from_objects::single" timestamp="2020-07-01T15:22:56Z" hostname="fv-az29" tests="16" skipped="0" failures="0" errors="0" time="22.855">
    <testcase time="6.096" classname="ds.dataFrame_expt_one_column_from_objects_single" name="numeric_data"/>
    <testcase time="0.00199999999995271" classname="ds.dataFrame_expt_one_column_from_objects_single" name="numeric_data"/>
    <testcase time="2.39499999999998" classname="ds.dataFrame_expt_one_column_from_objects_single" name="numeric_data"/>
    <testcase time="0.00100000000009004" classname="ds.dataFrame_expt_one_column_from_objects_single" name="numeric_data"/>
    <testcase time="2.36699999999996" classname="ds.dataFrame_expt_one_column_from_objects_single" name="numeric_data"/>
    <testcase time="0.00199999999995271" classname="ds.dataFrame_expt_one_column_from_objects_single" name="numeric_data"/>
    <testcase time="2.38999999999999" classname="ds.dataFrame_expt_one_column_from_objects_single" name="numeric_data"/>
    <testcase time="0.00100000000009004" classname="ds.dataFrame_expt_one_column_from_objects_single" name="numeric_data"/>
    <testcase time="2.38599999999997" classname="ds.dataFrame_expt_one_column_from_objects_single" name="numeric_data"/>
    <testcase time="0.000999999999976353" classname="ds.dataFrame_expt_one_column_from_objects_single" name="numeric_data"/>
    <testcase time="2.43100000000004" classname="ds.dataFrame_expt_one_column_from_objects_single" name="numeric_data"/>
    <testcase time="0.00199999999995271" classname="ds.dataFrame_expt_one_column_from_objects_single" name="numeric_data"/>
    <testcase time="2.37300000000005" classname="ds.dataFrame_expt_one_column_from_objects_single" name="numeric_data"/>
    <testcase time="0.00199999999995271" classname="ds.dataFrame_expt_one_column_from_objects_single" name="numeric_data"/>
    <testcase time="2.40499999999997" classname="ds.dataFrame_expt_one_column_from_objects_single" name="numeric_data"/>
    <testcase time="0.00100000000009004" classname="ds.dataFrame_expt_one_column_from_objects_single" name="numeric_data"/>
  </testsuite>
  <testsuite name="ds.dataFrame::expt::object::multiple" timestamp="2020-07-01T15:23:18Z" hostname="fv-az29" tests="32" skipped="0" failures="0" errors="0" time="33.735">
    <testcase time="8.44999999999993" classname="ds.dataFrame_expt_object_multiple" name="numeric_data"/>
    <testcase time="0.000999999999976353" classname="ds.dataFrame_expt_object_multiple" name="numeric_data"/>
    <testcase time="0.00100000000009004" classname="ds.dataFrame_expt_object_multiple" name="numeric_data"/>
    <testcase time="0.000999999999976353" classname="ds.dataFrame_expt_object_multiple" name="numeric_data"/>
    <testcase time="3.58799999999997" classname="ds.dataFrame_expt_object_multiple" name="numeric_data"/>
    <testcase time="0.00200000000006639" classname="ds.dataFrame_expt_object_multiple" name="numeric_data"/>
    <testcase time="0.000999999999976353" classname="ds.dataFrame_expt_object_multiple" name="numeric_data"/>
    <testcase time="0.00199999999995271" classname="ds.dataFrame_expt_object_multiple" name="numeric_data"/>
    <testcase time="3.58699999999999" classname="ds.dataFrame_expt_object_multiple" name="numeric_data"/>
    <testcase time="0.00200000000006639" classname="ds.dataFrame_expt_object_multiple" name="numeric_data"/>
    <testcase time="0.000999999999976353" classname="ds.dataFrame_expt_object_multiple" name="numeric_data"/>
    <testcase time="0.00199999999995271" classname="ds.dataFrame_expt_object_multiple" name="numeric_data"/>
    <testcase time="3.59699999999998" classname="ds.dataFrame_expt_object_multiple" name="numeric_data"/>
    <testcase time="0.00200000000006639" classname="ds.dataFrame_expt_object_multiple" name="numeric_data"/>
    <testcase time="0.000999999999976353" classname="ds.dataFrame_expt_object_multiple" name="numeric_data"/>
    <testcase time="0.00300000000004275" classname="ds.dataFrame_expt_object_multiple" name="numeric_data"/>
    <testcase time="3.57899999999995" classname="ds.dataFrame_expt_object_multiple" name="numeric_data"/>
    <testcase time="0.00200000000006639" classname="ds.dataFrame_expt_object_multiple" name="numeric_data"/>
    <testcase time="0.00199999999995271" classname="ds.dataFrame_expt_object_multiple" name="numeric_data"/>
    <testcase time="0.000999999999976353" classname="ds.dataFrame_expt_object_multiple" name="numeric_data"/>
    <testcase time="3.71300000000008" classname="ds.dataFrame_expt_object_multiple" name="numeric_data"/>
    <testcase time="0.00199999999995271" classname="ds.dataFrame_expt_object_multiple" name="numeric_data"/>
    <testcase time="0.000999999999976353" classname="ds.dataFrame_expt_object_multiple" name="numeric_data"/>
    <testcase time="0.00200000000006639" classname="ds.dataFrame_expt_object_multiple" name="numeric_data"/>
    <testcase time="3.58499999999992" classname="ds.dataFrame_expt_object_multiple" name="numeric_data"/>
    <testcase time="0.00200000000006639" classname="ds.dataFrame_expt_object_multiple" name="numeric_data"/>
    <testcase time="0.00199999999995271" classname="ds.dataFrame_expt_object_multiple" name="numeric_data"/>
    <testcase time="0.00199999999995271" classname="ds.dataFrame_expt_object_multiple" name="numeric_data"/>
    <testcase time="3.59500000000003" classname="ds.dataFrame_expt_object_multiple" name="numeric_data"/>
    <testcase time="0.00200000000006639" classname="ds.dataFrame_expt_object_multiple" name="numeric_data"/>
    <testcase time="0.00199999999995271" classname="ds.dataFrame_expt_object_multiple" name="numeric_data"/>
    <testcase time="0.00199999999995271" classname="ds.dataFrame_expt_object_multiple" name="numeric_data"/>
  </testsuite>
  <testsuite name="ds.dataFrame::expt::several_objects::multiple" timestamp="2020-07-01T15:23:52Z" hostname="fv-az29" tests="4" skipped="0" failures="0" errors="0" time="10.191">
    <testcase time="10.187" classname="ds.dataFrame_expt_several_objects_multiple" name="several_objects"/>
    <testcase time="0.00100000000009004" classname="ds.dataFrame_expt_several_objects_multiple" name="several_objects"/>
    <testcase time="0.00199999999995271" classname="ds.dataFrame_expt_several_objects_multiple" name="several_objects"/>
    <testcase time="0.000999999999976353" classname="ds.dataFrame_expt_several_objects_multiple" name="several_objects"/>
  </testsuite>
  <testsuite name="ds.dataFrame::expt::non_numeric::multiple" timestamp="2020-07-01T15:24:02Z" hostname="fv-az29" tests="18" skipped="0" failures="0" errors="0" time="20.537">
    <testcase time="9.11700000000008" classname="ds.dataFrame_expt_non_numeric_multiple" name="non_numeric"/>
    <testcase time="0.000999999999976353" classname="ds.dataFrame_expt_non_numeric_multiple" name="non_numeric"/>
    <testcase time="0.000999999999976353" classname="ds.dataFrame_expt_non_numeric_multiple" name="non_numeric"/>
    <testcase time="0.00199999999995271" classname="ds.dataFrame_expt_non_numeric_multiple" name="non_numeric"/>
    <testcase time="0.00100000000009004" classname="ds.dataFrame_expt_non_numeric_multiple" name="non_numeric"/>
    <testcase time="3.97899999999993" classname="ds.dataFrame_expt_non_numeric_multiple" name="non_numeric"/>
    <testcase time="0.000999999999976353" classname="ds.dataFrame_expt_non_numeric_multiple" name="non_numeric"/>
    <testcase time="0.00100000000009004" classname="ds.dataFrame_expt_non_numeric_multiple" name="non_numeric"/>
    <testcase time="0.000999999999976353" classname="ds.dataFrame_expt_non_numeric_multiple" name="non_numeric"/>
    <testcase time="0.00199999999995271" classname="ds.dataFrame_expt_non_numeric_multiple" name="non_numeric"/>
    <testcase time="3.56500000000005" classname="ds.dataFrame_expt_non_numeric_multiple" name="non_numeric"/>
    <testcase time="0.00199999999995271" classname="ds.dataFrame_expt_non_numeric_multiple" name="non_numeric"/>
    <testcase time="0.00100000000009004" classname="ds.dataFrame_expt_non_numeric_multiple" name="non_numeric"/>
    <testcase time="0.00199999999995271" classname="ds.dataFrame_expt_non_numeric_multiple" name="non_numeric"/>
    <testcase time="3.85500000000002" classname="ds.dataFrame_expt_non_numeric_multiple" name="non_numeric"/>
    <testcase time="0.00199999999995271" classname="ds.dataFrame_expt_non_numeric_multiple" name="non_numeric"/>
    <testcase time="0.00200000000006639" classname="ds.dataFrame_expt_non_numeric_multiple" name="non_numeric"/>
    <testcase time="0.00199999999995271" classname="ds.dataFrame_expt_non_numeric_multiple" name="non_numeric"/>
  </testsuite>
  <testsuite name="ds.dataFrame::expt::non_numeric::multiple" timestamp="2020-07-01T15:24:23Z" hostname="fv-az29" tests="10" skipped="0" failures="0" errors="0" time="13.229">
    <testcase time="6.08100000000002" classname="ds.dataFrame_expt_non_numeric_multiple" name="_unnamed_"/>
    <testcase time="0.00199999999995271" classname="ds.dataFrame_expt_non_numeric_multiple" name="_unnamed_"/>
    <testcase time="0.00100000000009004" classname="ds.dataFrame_expt_non_numeric_multiple" name="_unnamed_"/>
    <testcase time="2.37199999999996" classname="ds.dataFrame_expt_non_numeric_multiple" name="_unnamed_"/>
    <testcase time="0.000999999999976353" classname="ds.dataFrame_expt_non_numeric_multiple" name="_unnamed_"/>
    <testcase time="0.000999999999976353" classname="ds.dataFrame_expt_non_numeric_multiple" name="_unnamed_"/>
    <testcase time="2.38100000000009" classname="ds.dataFrame_expt_non_numeric_multiple" name="_unnamed_"/>
    <testcase time="0.00199999999995271" classname="ds.dataFrame_expt_non_numeric_multiple" name="_unnamed_"/>
    <testcase time="2.38599999999997" classname="ds.dataFrame_expt_non_numeric_multiple" name="_unnamed_"/>
    <testcase time="0.00200000000006639" classname="ds.dataFrame_expt_non_numeric_multiple" name="_unnamed_"/>
  </testsuite>
  <testsuite name="ds.dataFrame::expt::shutdown" timestamp="2020-07-01T15:24:36Z" hostname="fv-az29" tests="0" skipped="0" failures="0" errors="0" time="0"/>
  <testsuite name="ds.dataFrame::expt::done" timestamp="2020-07-01T15:24:36Z" hostname="fv-az29" tests="0" skipped="0" failures="0" errors="0" time="0"/>
  <testsuite name="ds.dataFrameSort::expt::setup" timestamp="2020-07-01T15:24:36Z" hostname="fv-az29" tests="0" skipped="0" failures="0" errors="0" time="0"/>
  <testsuite name="ds.dataFrameSort::expt::multiple::correct_parameter_class" timestamp="2020-07-01T15:24:36Z" hostname="fv-az29" tests="0" skipped="0" failures="0" errors="0" time="0"/>
  <testsuite name="ds.dataFrameSort::expt::single::correct_parameter_class" timestamp="2020-07-01T15:25:29Z" hostname="fv-az29" tests="0" skipped="0" failures="0" errors="0" time="0"/>
  <testsuite name="ds.dataFrameSort::expt::multiple::incorrect_parameter_class" timestamp="2020-07-01T15:25:42Z" hostname="fv-az29" tests="7" skipped="0" failures="0" errors="0" time="79.964">
    <testcase time="70.25" classname="ds.dataFrameSort_expt_multiple_incorrect_parameter_class" name="all_datasets"/>
    <testcase time="0.322999999999979" classname="ds.dataFrameSort_expt_multiple_incorrect_parameter_class" name="all_datasets"/>
    <testcase time="0.272000000000048" classname="ds.dataFrameSort_expt_multiple_incorrect_parameter_class" name="all_datasets"/>
    <testcase time="0.270999999999958" classname="ds.dataFrameSort_expt_multiple_incorrect_parameter_class" name="all_datasets"/>
    <testcase time="0.269000000000005" classname="ds.dataFrameSort_expt_multiple_incorrect_parameter_class" name="all_datasets"/>
    <testcase time="8.31499999999994" classname="ds.dataFrameSort_expt_multiple_incorrect_parameter_class" name="all_datasets"/>
    <testcase time="0.26400000000001" classname="ds.dataFrameSort_expt_multiple_incorrect_parameter_class" name="all_datasets"/>
  </testsuite>
  <testsuite name="ds.dataFrameSort::expt::single::incorrect_parameter_class" timestamp="2020-07-01T15:25:56Z" hostname="fv-az29" tests="7" skipped="0" failures="0" errors="0" time="6.826">
    <testcase time="3.66500000000008" classname="ds.dataFrameSort_expt_single_incorrect_parameter_class" name="dataset_2"/>
    <testcase time="0.243999999999915" classname="ds.dataFrameSort_expt_single_incorrect_parameter_class" name="dataset_2"/>
    <testcase time="0.240999999999985" classname="ds.dataFrameSort_expt_single_incorrect_parameter_class" name="dataset_2"/>
    <testcase time="0.240000000000009" classname="ds.dataFrameSort_expt_single_incorrect_parameter_class" name="dataset_2"/>
    <testcase time="0.241000000000099" classname="ds.dataFrameSort_expt_single_incorrect_parameter_class" name="dataset_2"/>
    <testcase time="1.95499999999993" classname="ds.dataFrameSort_expt_single_incorrect_parameter_class" name="dataset_2"/>
    <testcase time="0.240000000000009" classname="ds.dataFrameSort_expt_single_incorrect_parameter_class" name="dataset_2"/>
  </testsuite>
  <testsuite name="ds.dataFrameSort::expt::multiple::df::creation" timestamp="2020-07-01T15:26:03Z" hostname="fv-az29" tests="77" skipped="0" failures="0" errors="0" time="49.936">
    <testcase time="8.93600000000004" classname="ds.dataFrameSort_expt_multiple_df_creation" name="all_datasets"/>
    <testcase time="0.00199999999995271" classname="ds.dataFrameSort_expt_multiple_df_creation" name="all_datasets"/>
    <testcase time="0.000999999999976353" classname="ds.dataFrameSort_expt_multiple_df_creation" name="all_datasets"/>
    <testcase time="0.00200000000006639" classname="ds.dataFrameSort_expt_multiple_df_creation" name="all_datasets"/>
    <testcase time="0.000999999999976353" classname="ds.dataFrameSort_expt_multiple_df_creation" name="all_datasets"/>
    <testcase time="0.00199999999995271" classname="ds.dataFrameSort_expt_multiple_df_creation" name="all_datasets"/>
    <testcase time="0.00200000000006639" classname="ds.dataFrameSort_expt_multiple_df_creation" name="all_datasets"/>
    <testcase time="4.08100000000002" classname="ds.dataFrameSort_expt_multiple_df_creation" name="all_datasets"/>
    <testcase time="0.000999999999976353" classname="ds.dataFrameSort_expt_multiple_df_creation" name="all_datasets"/>
    <testcase time="0.00199999999995271" classname="ds.dataFrameSort_expt_multiple_df_creation" name="all_datasets"/>
    <testcase time="0.00100000000009004" classname="ds.dataFrameSort_expt_multiple_df_creation" name="all_datasets"/>
    <testcase time="0.00199999999995271" classname="ds.dataFrameSort_expt_multiple_df_creation" name="all_datasets"/>
    <testcase time="0.000999999999976353" classname="ds.dataFrameSort_expt_multiple_df_creation" name="all_datasets"/>
    <testcase time="0.00200000000006639" classname="ds.dataFrameSort_expt_multiple_df_creation" name="all_datasets"/>
    <testcase time="4.06999999999994" classname="ds.dataFrameSort_expt_multiple_df_creation" name="all_datasets"/>
    <testcase time="0.00200000000006639" classname="ds.dataFrameSort_expt_multiple_df_creation" name="all_datasets"/>
    <testcase time="0.00199999999995271" classname="ds.dataFrameSort_expt_multiple_df_creation" name="all_datasets"/>
    <testcase time="0.00199999999995271" classname="ds.dataFrameSort_expt_multiple_df_creation" name="all_datasets"/>
    <testcase time="0.00100000000009004" classname="ds.dataFrameSort_expt_multiple_df_creation" name="all_datasets"/>
    <testcase time="0.00199999999995271" classname="ds.dataFrameSort_expt_multiple_df_creation" name="all_datasets"/>
    <testcase time="0.00199999999995271" classname="ds.dataFrameSort_expt_multiple_df_creation" name="all_datasets"/>
    <testcase time="4.09400000000005" classname="ds.dataFrameSort_expt_multiple_df_creation" name="all_datasets"/>
    <testcase time="0.00199999999995271" classname="ds.dataFrameSort_expt_multiple_df_creation" name="all_datasets"/>
    <testcase time="0.00200000000006639" classname="ds.dataFrameSort_expt_multiple_df_creation" name="all_datasets"/>
    <testcase time="0.000999999999976353" classname="ds.dataFrameSort_expt_multiple_df_creation" name="all_datasets"/>
    <testcase time="0.00300000000004275" classname="ds.dataFrameSort_expt_multiple_df_creation" name="all_datasets"/>
    <testcase time="0.000999999999976353" classname="ds.dataFrameSort_expt_multiple_df_creation" name="all_datasets"/>
    <testcase time="0.00199999999995271" classname="ds.dataFrameSort_expt_multiple_df_creation" name="all_datasets"/>
    <testcase time="4.15200000000004" classname="ds.dataFrameSort_expt_multiple_df_creation" name="all_datasets"/>
    <testcase time="0.000999999999976353" classname="ds.dataFrameSort_expt_multiple_df_creation" name="all_datasets"/>
    <testcase time="0.00100000000009004" classname="ds.dataFrameSort_expt_multiple_df_creation" name="all_datasets"/>
    <testcase time="0.00199999999995271" classname="ds.dataFrameSort_expt_multiple_df_creation" name="all_datasets"/>
    <testcase time="0.00199999999995271" classname="ds.dataFrameSort_expt_multiple_df_creation" name="all_datasets"/>
    <testcase time="0.00100000000009004" classname="ds.dataFrameSort_expt_multiple_df_creation" name="all_datasets"/>
    <testcase time="0.00299999999992906" classname="ds.dataFrameSort_expt_multiple_df_creation" name="all_datasets"/>
    <testcase time="4.09900000000005" classname="ds.dataFrameSort_expt_multiple_df_creation" name="all_datasets"/>
    <testcase time="0.00199999999995271" classname="ds.dataFrameSort_expt_multiple_df_creation" name="all_datasets"/>
    <testcase time="0.000999999999976353" classname="ds.dataFrameSort_expt_multiple_df_creation" name="all_datasets"/>
    <testcase time="0.00200000000006639" classname="ds.dataFrameSort_expt_multiple_df_creation" name="all_datasets"/>
    <testcase time="0.00299999999992906" classname="ds.dataFrameSort_expt_multiple_df_creation" name="all_datasets"/>
    <testcase time="0.00200000000006639" classname="ds.dataFrameSort_expt_multiple_df_creation" name="all_datasets"/>
    <testcase time="0.00299999999992906" classname="ds.dataFrameSort_expt_multiple_df_creation" name="all_datasets"/>
    <testcase time="4.05400000000009" classname="ds.dataFrameSort_expt_multiple_df_creation" name="all_datasets"/>
    <testcase time="0.00199999999995271" classname="ds.dataFrameSort_expt_multiple_df_creation" name="all_datasets"/>
    <testcase time="0.0040000000000191" classname="ds.dataFrameSort_expt_multiple_df_creation" name="all_datasets"/>
    <testcase time="0.00199999999995271" classname="ds.dataFrameSort_expt_multiple_df_creation" name="all_datasets"/>
    <testcase time="0.00300000000004275" classname="ds.dataFrameSort_expt_multiple_df_creation" name="all_datasets"/>
    <testcase time="0.00199999999995271" classname="ds.dataFrameSort_expt_multiple_df_creation" name="all_datasets"/>
    <testcase time="0.00200000000006639" classname="ds.dataFrameSort_expt_multiple_df_creation" name="all_datasets"/>
    <testcase time="4.07399999999996" classname="ds.dataFrameSort_expt_multiple_df_creation" name="all_datasets"/>
    <testcase time="0.00200000000006639" classname="ds.dataFrameSort_expt_multiple_df_creation" name="all_datasets"/>
    <testcase time="0.00199999999995271" classname="ds.dataFrameSort_expt_multiple_df_creation" name="all_datasets"/>
    <testcase time="0.00300000000004275" classname="ds.dataFrameSort_expt_multiple_df_creation" name="all_datasets"/>
    <testcase time="0.00300000000004275" classname="ds.dataFrameSort_expt_multiple_df_creation" name="all_datasets"/>
    <testcase time="0.00299999999992906" classname="ds.dataFrameSort_expt_multiple_df_creation" name="all_datasets"/>
    <testcase time="0.00200000000006639" classname="ds.dataFrameSort_expt_multiple_df_creation" name="all_datasets"/>
    <testcase time="4.05799999999999" classname="ds.dataFrameSort_expt_multiple_df_creation" name="all_datasets"/>
    <testcase time="0.00299999999992906" classname="ds.dataFrameSort_expt_multiple_df_creation" name="all_datasets"/>
    <testcase time="0.00200000000006639" classname="ds.dataFrameSort_expt_multiple_df_creation" name="all_datasets"/>
    <testcase time="0.00199999999995271" classname="ds.dataFrameSort_expt_multiple_df_creation" name="all_datasets"/>
    <testcase time="0.00300000000004275" classname="ds.dataFrameSort_expt_multiple_df_creation" name="all_datasets"/>
    <testcase time="0.00299999999992906" classname="ds.dataFrameSort_expt_multiple_df_creation" name="all_datasets"/>
    <testcase time="0.00200000000006639" classname="ds.dataFrameSort_expt_multiple_df_creation" name="all_datasets"/>
    <testcase time="4.08999999999992" classname="ds.dataFrameSort_expt_multiple_df_creation" name="all_datasets"/>
    <testcase time="0.0040000000000191" classname="ds.dataFrameSort_expt_multiple_df_creation" name="all_datasets"/>
    <testcase time="0.00300000000004275" classname="ds.dataFrameSort_expt_multiple_df_creation" name="all_datasets"/>
    <testcase time="0.00199999999995271" classname="ds.dataFrameSort_expt_multiple_df_creation" name="all_datasets"/>
    <testcase time="0.00199999999995271" classname="ds.dataFrameSort_expt_multiple_df_creation" name="all_datasets"/>
    <testcase time="0.0040000000000191" classname="ds.dataFrameSort_expt_multiple_df_creation" name="all_datasets"/>
    <testcase time="0.00499999999999545" classname="ds.dataFrameSort_expt_multiple_df_creation" name="all_datasets"/>
    <testcase time="4.08399999999995" classname="ds.dataFrameSort_expt_multiple_df_creation" name="all_datasets"/>
    <testcase time="0.00200000000006639" classname="ds.dataFrameSort_expt_multiple_df_creation" name="all_datasets"/>
    <testcase time="0.00299999999992906" classname="ds.dataFrameSort_expt_multiple_df_creation" name="all_datasets"/>
    <testcase time="0.00200000000006639" classname="ds.dataFrameSort_expt_multiple_df_creation" name="all_datasets"/>
    <testcase time="0.00299999999992906" classname="ds.dataFrameSort_expt_multiple_df_creation" name="all_datasets"/>
    <testcase time="0.00200000000006639" classname="ds.dataFrameSort_expt_multiple_df_creation" name="all_datasets"/>
    <testcase time="0.00299999999992906" classname="ds.dataFrameSort_expt_multiple_df_creation" name="all_datasets"/>
  </testsuite>
  <testsuite name="ds.dataFrameSort::expt::single::df::creation" timestamp="2020-07-01T15:26:53Z" hostname="fv-az29" tests="33" skipped="0" failures="0" errors="0" time="35.154">
    <testcase time="6.62900000000002" classname="ds.dataFrameSort_expt_single_df_creation" name="dataset_3"/>
    <testcase time="0.00200000000006639" classname="ds.dataFrameSort_expt_single_df_creation" name="dataset_3"/>
    <testcase time="0.000999999999976353" classname="ds.dataFrameSort_expt_single_df_creation" name="dataset_3"/>
    <testcase time="2.86099999999999" classname="ds.dataFrameSort_expt_single_df_creation" name="dataset_3"/>
    <testcase time="0.000999999999976353" classname="ds.dataFrameSort_expt_single_df_creation" name="dataset_3"/>
    <testcase time="0.000999999999976353" classname="ds.dataFrameSort_expt_single_df_creation" name="dataset_3"/>
    <testcase time="2.91800000000012" classname="ds.dataFrameSort_expt_single_df_creation" name="dataset_3"/>
    <testcase time="0.000999999999976353" classname="ds.dataFrameSort_expt_single_df_creation" name="dataset_3"/>
    <testcase time="0.00199999999995271" classname="ds.dataFrameSort_expt_single_df_creation" name="dataset_3"/>
    <testcase time="2.84099999999989" classname="ds.dataFrameSort_expt_single_df_creation" name="dataset_3"/>
    <testcase time="0.00200000000018008" classname="ds.dataFrameSort_expt_single_df_creation" name="dataset_3"/>
    <testcase time="0.00199999999995271" classname="ds.dataFrameSort_expt_single_df_creation" name="dataset_3"/>
    <testcase time="2.84899999999993" classname="ds.dataFrameSort_expt_single_df_creation" name="dataset_3"/>
    <testcase time="0.00199999999995271" classname="ds.dataFrameSort_expt_single_df_creation" name="dataset_3"/>
    <testcase time="0.00200000000018008" classname="ds.dataFrameSort_expt_single_df_creation" name="dataset_3"/>
    <testcase time="2.83999999999992" classname="ds.dataFrameSort_expt_single_df_creation" name="dataset_3"/>
    <testcase time="0.000999999999976353" classname="ds.dataFrameSort_expt_single_df_creation" name="dataset_3"/>
    <testcase time="0.00199999999995271" classname="ds.dataFrameSort_expt_single_df_creation" name="dataset_3"/>
    <testcase time="2.84100000000012" classname="ds.dataFrameSort_expt_single_df_creation" name="dataset_3"/>
    <testcase time="0.00199999999995271" classname="ds.dataFrameSort_expt_single_df_creation" name="dataset_3"/>
    <testcase time="0.00199999999995271" classname="ds.dataFrameSort_expt_single_df_creation" name="dataset_3"/>
    <testcase time="2.83999999999992" classname="ds.dataFrameSort_expt_single_df_creation" name="dataset_3"/>
    <testcase time="0.00100000000020373" classname="ds.dataFrameSort_expt_single_df_creation" name="dataset_3"/>
    <testcase time="0.00199999999995271" classname="ds.dataFrameSort_expt_single_df_creation" name="dataset_3"/>
    <testcase time="2.83199999999988" classname="ds.dataFrameSort_expt_single_df_creation" name="dataset_3"/>
    <testcase time="0.00200000000018008" classname="ds.dataFrameSort_expt_single_df_creation" name="dataset_3"/>
    <testcase time="0.00199999999995271" classname="ds.dataFrameSort_expt_single_df_creation" name="dataset_3"/>
    <testcase time="2.83799999999997" classname="ds.dataFrameSort_expt_single_df_creation" name="dataset_3"/>
    <testcase time="0.00199999999995271" classname="ds.dataFrameSort_expt_single_df_creation" name="dataset_3"/>
    <testcase time="0.00199999999995271" classname="ds.dataFrameSort_expt_single_df_creation" name="dataset_3"/>
    <testcase time="2.82600000000002" classname="ds.dataFrameSort_expt_single_df_creation" name="dataset_3"/>
    <testcase time="0.00300000000015643" classname="ds.dataFrameSort_expt_single_df_creation" name="dataset_3"/>
    <testcase time="0.00199999999995271" classname="ds.dataFrameSort_expt_single_df_creation" name="dataset_3"/>
  </testsuite>
  <testsuite name="ds.dataFrameSort::expt::multiple::numeric::ascending" timestamp="2020-07-01T15:27:28Z" hostname="fv-az29" tests="56" skipped="0" failures="0" errors="0" time="32.657">
    <testcase time="6.60400000000004" classname="ds.dataFrameSort_expt_multiple_numeric_ascending" name="all_datasets"/>
    <testcase time="0.000999999999976353" classname="ds.dataFrameSort_expt_multiple_numeric_ascending" name="all_datasets"/>
    <testcase time="0.00199999999995271" classname="ds.dataFrameSort_expt_multiple_numeric_ascending" name="all_datasets"/>
    <testcase time="1.625" classname="ds.dataFrameSort_expt_multiple_numeric_ascending" name="all_datasets"/>
    <testcase time="0.00199999999995271" classname="ds.dataFrameSort_expt_multiple_numeric_ascending" name="all_datasets"/>
    <testcase time="0.00199999999995271" classname="ds.dataFrameSort_expt_multiple_numeric_ascending" name="all_datasets"/>
    <testcase time="0.811000000000149" classname="ds.dataFrameSort_expt_multiple_numeric_ascending" name="all_datasets"/>
    <testcase time="0.000999999999976353" classname="ds.dataFrameSort_expt_multiple_numeric_ascending" name="all_datasets"/>
    <testcase time="1.62200000000007" classname="ds.dataFrameSort_expt_multiple_numeric_ascending" name="all_datasets"/>
    <testcase time="0.00199999999995271" classname="ds.dataFrameSort_expt_multiple_numeric_ascending" name="all_datasets"/>
    <testcase time="0.00199999999995271" classname="ds.dataFrameSort_expt_multiple_numeric_ascending" name="all_datasets"/>
    <testcase time="0.815000000000055" classname="ds.dataFrameSort_expt_multiple_numeric_ascending" name="all_datasets"/>
    <testcase time="0.00199999999995271" classname="ds.dataFrameSort_expt_multiple_numeric_ascending" name="all_datasets"/>
    <testcase time="1.60899999999992" classname="ds.dataFrameSort_expt_multiple_numeric_ascending" name="all_datasets"/>
    <testcase time="0.00199999999995271" classname="ds.dataFrameSort_expt_multiple_numeric_ascending" name="all_datasets"/>
    <testcase time="0.00100000000020373" classname="ds.dataFrameSort_expt_multiple_numeric_ascending" name="all_datasets"/>
    <testcase time="0.804999999999836" classname="ds.dataFrameSort_expt_multiple_numeric_ascending" name="all_datasets"/>
    <testcase time="0.00199999999995271" classname="ds.dataFrameSort_expt_multiple_numeric_ascending" name="all_datasets"/>
    <testcase time="1.61000000000013" classname="ds.dataFrameSort_expt_multiple_numeric_ascending" name="all_datasets"/>
    <testcase time="0.00199999999995271" classname="ds.dataFrameSort_expt_multiple_numeric_ascending" name="all_datasets"/>
    <testcase time="0.00199999999995271" classname="ds.dataFrameSort_expt_multiple_numeric_ascending" name="all_datasets"/>
    <testcase time="0.798000000000002" classname="ds.dataFrameSort_expt_multiple_numeric_ascending" name="all_datasets"/>
    <testcase time="0.00200000000018008" classname="ds.dataFrameSort_expt_multiple_numeric_ascending" name="all_datasets"/>
    <testcase time="1.69299999999998" classname="ds.dataFrameSort_expt_multiple_numeric_ascending" name="all_datasets"/>
    <testcase time="0.00199999999995271" classname="ds.dataFrameSort_expt_multiple_numeric_ascending" name="all_datasets"/>
    <testcase time="0.000999999999976353" classname="ds.dataFrameSort_expt_multiple_numeric_ascending" name="all_datasets"/>
    <testcase time="0.800999999999931" classname="ds.dataFrameSort_expt_multiple_numeric_ascending" name="all_datasets"/>
    <testcase time="0.00199999999995271" classname="ds.dataFrameSort_expt_multiple_numeric_ascending" name="all_datasets"/>
    <testcase time="1.61400000000003" classname="ds.dataFrameSort_expt_multiple_numeric_ascending" name="all_datasets"/>
    <testcase time="0.00199999999995271" classname="ds.dataFrameSort_expt_multiple_numeric_ascending" name="all_datasets"/>
    <testcase time="0.00300000000015643" classname="ds.dataFrameSort_expt_multiple_numeric_ascending" name="all_datasets"/>
    <testcase time="0.813999999999851" classname="ds.dataFrameSort_expt_multiple_numeric_ascending" name="all_datasets"/>
    <testcase time="0.00200000000018008" classname="ds.dataFrameSort_expt_multiple_numeric_ascending" name="all_datasets"/>
    <testcase time="1.60599999999999" classname="ds.dataFrameSort_expt_multiple_numeric_ascending" name="all_datasets"/>
    <testcase time="0.00199999999995271" classname="ds.dataFrameSort_expt_multiple_numeric_ascending" name="all_datasets"/>
    <testcase time="0.00199999999995271" classname="ds.dataFrameSort_expt_multiple_numeric_ascending" name="all_datasets"/>
    <testcase time="0.822000000000116" classname="ds.dataFrameSort_expt_multiple_numeric_ascending" name="all_datasets"/>
    <testcase time="0.00199999999995271" classname="ds.dataFrameSort_expt_multiple_numeric_ascending" name="all_datasets"/>
    <testcase time="1.63200000000006" classname="ds.dataFrameSort_expt_multiple_numeric_ascending" name="all_datasets"/>
    <testcase time="0.00299999999992906" classname="ds.dataFrameSort_expt_multiple_numeric_ascending" name="all_datasets"/>
    <testcase time="0.00199999999995271" classname="ds.dataFrameSort_expt_multiple_numeric_ascending" name="all_datasets"/>
    <testcase time="0.808999999999969" classname="ds.dataFrameSort_expt_multiple_numeric_ascending" name="all_datasets"/>
    <testcase time="0.00299999999992906" classname="ds.dataFrameSort_expt_multiple_numeric_ascending" name="all_datasets"/>
    <testcase time="1.60200000000009" classname="ds.dataFrameSort_expt_multiple_numeric_ascending" name="all_datasets"/>
    <testcase time="0.00299999999992906" classname="ds.dataFrameSort_expt_multiple_numeric_ascending" name="all_datasets"/>
    <testcase time="0.00200000000018008" classname="ds.dataFrameSort_expt_multiple_numeric_ascending" name="all_datasets"/>
    <testcase time="0.804999999999836" classname="ds.dataFrameSort_expt_multiple_numeric_ascending" name="all_datasets"/>
    <testcase time="0.00300000000015643" classname="ds.dataFrameSort_expt_multiple_numeric_ascending" name="all_datasets"/>
    <testcase time="1.63099999999986" classname="ds.dataFrameSort_expt_multiple_numeric_ascending" name="all_datasets"/>
    <testcase time="0.00300000000015643" classname="ds.dataFrameSort_expt_multiple_numeric_ascending" name="all_datasets"/>
    <testcase time="0.00199999999995271" classname="ds.dataFrameSort_expt_multiple_numeric_ascending" name="all_datasets"/>
    <testcase time="0.809999999999945" classname="ds.dataFrameSort_expt_multiple_numeric_ascending" name="all_datasets"/>
    <testcase time="0.00199999999995271" classname="ds.dataFrameSort_expt_multiple_numeric_ascending" name="all_datasets"/>
    <testcase time="1.64700000000016" classname="ds.dataFrameSort_expt_multiple_numeric_ascending" name="all_datasets"/>
    <testcase time="0.00299999999992906" classname="ds.dataFrameSort_expt_multiple_numeric_ascending" name="all_datasets"/>
    <testcase time="0.00299999999992906" classname="ds.dataFrameSort_expt_multiple_numeric_ascending" name="all_datasets"/>
  </testsuite>
  <testsuite name="ds.dataFrameSort::expt::single::numeric::ascending" timestamp="2020-07-01T15:28:01Z" hostname="fv-az29" tests="32" skipped="0" failures="0" errors="0" time="28.079">
    <testcase time="5.1110000000001" classname="ds.dataFrameSort_expt_single_numeric_ascending" name="dataset_1"/>
    <testcase time="1.42899999999986" classname="ds.dataFrameSort_expt_single_numeric_ascending" name="dataset_1"/>
    <testcase time="0.717000000000098" classname="ds.dataFrameSort_expt_single_numeric_ascending" name="dataset_1"/>
    <testcase time="0.00199999999995271" classname="ds.dataFrameSort_expt_single_numeric_ascending" name="dataset_1"/>
    <testcase time="1.43200000000002" classname="ds.dataFrameSort_expt_single_numeric_ascending" name="dataset_1"/>
    <testcase time="0.718000000000075" classname="ds.dataFrameSort_expt_single_numeric_ascending" name="dataset_1"/>
    <testcase time="0.000999999999976353" classname="ds.dataFrameSort_expt_single_numeric_ascending" name="dataset_1"/>
    <testcase time="1.42900000000009" classname="ds.dataFrameSort_expt_single_numeric_ascending" name="dataset_1"/>
    <testcase time="0.717999999999847" classname="ds.dataFrameSort_expt_single_numeric_ascending" name="dataset_1"/>
    <testcase time="0.000999999999976353" classname="ds.dataFrameSort_expt_single_numeric_ascending" name="dataset_1"/>
    <testcase time="1.42800000000011" classname="ds.dataFrameSort_expt_single_numeric_ascending" name="dataset_1"/>
    <testcase time="0.713999999999942" classname="ds.dataFrameSort_expt_single_numeric_ascending" name="dataset_1"/>
    <testcase time="0.00199999999995271" classname="ds.dataFrameSort_expt_single_numeric_ascending" name="dataset_1"/>
    <testcase time="1.48000000000002" classname="ds.dataFrameSort_expt_single_numeric_ascending" name="dataset_1"/>
    <testcase time="0.712999999999965" classname="ds.dataFrameSort_expt_single_numeric_ascending" name="dataset_1"/>
    <testcase time="0.00200000000018008" classname="ds.dataFrameSort_expt_single_numeric_ascending" name="dataset_1"/>
    <testcase time="1.41899999999987" classname="ds.dataFrameSort_expt_single_numeric_ascending" name="dataset_1"/>
    <testcase time="0.716000000000122" classname="ds.dataFrameSort_expt_single_numeric_ascending" name="dataset_1"/>
    <testcase time="0.00199999999995271" classname="ds.dataFrameSort_expt_single_numeric_ascending" name="dataset_1"/>
    <testcase time="1.42100000000005" classname="ds.dataFrameSort_expt_single_numeric_ascending" name="dataset_1"/>
    <testcase time="0.721000000000004" classname="ds.dataFrameSort_expt_single_numeric_ascending" name="dataset_1"/>
    <testcase time="0.00199999999995271" classname="ds.dataFrameSort_expt_single_numeric_ascending" name="dataset_1"/>
    <testcase time="1.42899999999986" classname="ds.dataFrameSort_expt_single_numeric_ascending" name="dataset_1"/>
    <testcase time="0.726000000000113" classname="ds.dataFrameSort_expt_single_numeric_ascending" name="dataset_1"/>
    <testcase time="0.00199999999995271" classname="ds.dataFrameSort_expt_single_numeric_ascending" name="dataset_1"/>
    <testcase time="1.4380000000001" classname="ds.dataFrameSort_expt_single_numeric_ascending" name="dataset_1"/>
    <testcase time="0.715999999999894" classname="ds.dataFrameSort_expt_single_numeric_ascending" name="dataset_1"/>
    <testcase time="0.00199999999995271" classname="ds.dataFrameSort_expt_single_numeric_ascending" name="dataset_1"/>
    <testcase time="1.43299999999999" classname="ds.dataFrameSort_expt_single_numeric_ascending" name="dataset_1"/>
    <testcase time="0.719000000000051" classname="ds.dataFrameSort_expt_single_numeric_ascending" name="dataset_1"/>
    <testcase time="0.00299999999992906" classname="ds.dataFrameSort_expt_single_numeric_ascending" name="dataset_1"/>
    <testcase time="1.43299999999999" classname="ds.dataFrameSort_expt_single_numeric_ascending" name="dataset_1"/>
  </testsuite>
  <testsuite name="ds.dataFrameSort::expt::multiple::numeric::descending" timestamp="2020-07-01T15:28:29Z" hostname="fv-az29" tests="56" skipped="0" failures="0" errors="0" time="32.629">
    <testcase time="6.52000000000021" classname="ds.dataFrameSort_expt_multiple_numeric_descending" name="all_datasets"/>
    <testcase time="0.00199999999995271" classname="ds.dataFrameSort_expt_multiple_numeric_descending" name="all_datasets"/>
    <testcase time="0.00199999999995271" classname="ds.dataFrameSort_expt_multiple_numeric_descending" name="all_datasets"/>
    <testcase time="1.62899999999991" classname="ds.dataFrameSort_expt_multiple_numeric_descending" name="all_datasets"/>
    <testcase time="0.000999999999976353" classname="ds.dataFrameSort_expt_multiple_numeric_descending" name="all_datasets"/>
    <testcase time="0.00199999999995271" classname="ds.dataFrameSort_expt_multiple_numeric_descending" name="all_datasets"/>
    <testcase time="0.809999999999945" classname="ds.dataFrameSort_expt_multiple_numeric_descending" name="all_datasets"/>
    <testcase time="0.00199999999995271" classname="ds.dataFrameSort_expt_multiple_numeric_descending" name="all_datasets"/>
    <testcase time="1.60900000000015" classname="ds.dataFrameSort_expt_multiple_numeric_descending" name="all_datasets"/>
    <testcase time="0.000999999999976353" classname="ds.dataFrameSort_expt_multiple_numeric_descending" name="all_datasets"/>
    <testcase time="0.00199999999995271" classname="ds.dataFrameSort_expt_multiple_numeric_descending" name="all_datasets"/>
    <testcase time="0.816000000000031" classname="ds.dataFrameSort_expt_multiple_numeric_descending" name="all_datasets"/>
    <testcase time="0.00199999999995271" classname="ds.dataFrameSort_expt_multiple_numeric_descending" name="all_datasets"/>
    <testcase time="1.63300000000004" classname="ds.dataFrameSort_expt_multiple_numeric_descending" name="all_datasets"/>
    <testcase time="0.00199999999995271" classname="ds.dataFrameSort_expt_multiple_numeric_descending" name="all_datasets"/>
    <testcase time="0.00199999999995271" classname="ds.dataFrameSort_expt_multiple_numeric_descending" name="all_datasets"/>
    <testcase time="0.80600000000004" classname="ds.dataFrameSort_expt_multiple_numeric_descending" name="all_datasets"/>
    <testcase time="0.00199999999995271" classname="ds.dataFrameSort_expt_multiple_numeric_descending" name="all_datasets"/>
    <testcase time="1.63000000000011" classname="ds.dataFrameSort_expt_multiple_numeric_descending" name="all_datasets"/>
    <testcase time="0.00199999999995271" classname="ds.dataFrameSort_expt_multiple_numeric_descending" name="all_datasets"/>
    <testcase time="0.00199999999995271" classname="ds.dataFrameSort_expt_multiple_numeric_descending" name="all_datasets"/>
    <testcase time="0.803000000000111" classname="ds.dataFrameSort_expt_multiple_numeric_descending" name="all_datasets"/>
    <testcase time="0.00199999999995271" classname="ds.dataFrameSort_expt_multiple_numeric_descending" name="all_datasets"/>
    <testcase time="1.69000000000005" classname="ds.dataFrameSort_expt_multiple_numeric_descending" name="all_datasets"/>
    <testcase time="0.00199999999995271" classname="ds.dataFrameSort_expt_multiple_numeric_descending" name="all_datasets"/>
    <testcase time="0.000999999999976353" classname="ds.dataFrameSort_expt_multiple_numeric_descending" name="all_datasets"/>
    <testcase time="0.803000000000111" classname="ds.dataFrameSort_expt_multiple_numeric_descending" name="all_datasets"/>
    <testcase time="0.00299999999992906" classname="ds.dataFrameSort_expt_multiple_numeric_descending" name="all_datasets"/>
    <testcase time="1.61199999999985" classname="ds.dataFrameSort_expt_multiple_numeric_descending" name="all_datasets"/>
    <testcase time="0.00200000000018008" classname="ds.dataFrameSort_expt_multiple_numeric_descending" name="all_datasets"/>
    <testcase time="0.00199999999995271" classname="ds.dataFrameSort_expt_multiple_numeric_descending" name="all_datasets"/>
    <testcase time="0.814000000000078" classname="ds.dataFrameSort_expt_multiple_numeric_descending" name="all_datasets"/>
    <testcase time="0.00199999999995271" classname="ds.dataFrameSort_expt_multiple_numeric_descending" name="all_datasets"/>
    <testcase time="1.62599999999998" classname="ds.dataFrameSort_expt_multiple_numeric_descending" name="all_datasets"/>
    <testcase time="0.00199999999995271" classname="ds.dataFrameSort_expt_multiple_numeric_descending" name="all_datasets"/>
    <testcase time="0.00199999999995271" classname="ds.dataFrameSort_expt_multiple_numeric_descending" name="all_datasets"/>
    <testcase time="0.816000000000031" classname="ds.dataFrameSort_expt_multiple_numeric_descending" name="all_datasets"/>
    <testcase time="0.00199999999995271" classname="ds.dataFrameSort_expt_multiple_numeric_descending" name="all_datasets"/>
    <testcase time="1.61700000000019" classname="ds.dataFrameSort_expt_multiple_numeric_descending" name="all_datasets"/>
    <testcase time="0.00299999999992906" classname="ds.dataFrameSort_expt_multiple_numeric_descending" name="all_datasets"/>
    <testcase time="0.00199999999995271" classname="ds.dataFrameSort_expt_multiple_numeric_descending" name="all_datasets"/>
    <testcase time="0.810999999999922" classname="ds.dataFrameSort_expt_multiple_numeric_descending" name="all_datasets"/>
    <testcase time="0.00300000000015643" classname="ds.dataFrameSort_expt_multiple_numeric_descending" name="all_datasets"/>
    <testcase time="1.61500000000001" classname="ds.dataFrameSort_expt_multiple_numeric_descending" name="all_datasets"/>
    <testcase time="0.00199999999995271" classname="ds.dataFrameSort_expt_multiple_numeric_descending" name="all_datasets"/>
    <testcase time="0.00199999999995271" classname="ds.dataFrameSort_expt_multiple_numeric_descending" name="all_datasets"/>
    <testcase time="0.819999999999936" classname="ds.dataFrameSort_expt_multiple_numeric_descending" name="all_datasets"/>
    <testcase time="0.00300000000015643" classname="ds.dataFrameSort_expt_multiple_numeric_descending" name="all_datasets"/>
    <testcase time="1.63199999999983" classname="ds.dataFrameSort_expt_multiple_numeric_descending" name="all_datasets"/>
    <testcase time="0.00200000000018008" classname="ds.dataFrameSort_expt_multiple_numeric_descending" name="all_datasets"/>
    <testcase time="0.00199999999995271" classname="ds.dataFrameSort_expt_multiple_numeric_descending" name="all_datasets"/>
    <testcase time="0.813999999999851" classname="ds.dataFrameSort_expt_multiple_numeric_descending" name="all_datasets"/>
    <testcase time="0.00300000000015643" classname="ds.dataFrameSort_expt_multiple_numeric_descending" name="all_datasets"/>
    <testcase time="1.63199999999983" classname="ds.dataFrameSort_expt_multiple_numeric_descending" name="all_datasets"/>
    <testcase time="0.00200000000018008" classname="ds.dataFrameSort_expt_multiple_numeric_descending" name="all_datasets"/>
    <testcase time="0.00299999999992906" classname="ds.dataFrameSort_expt_multiple_numeric_descending" name="all_datasets"/>
  </testsuite>
  <testsuite name="ds.dataFrameSort::expt::single::numeric::descending" timestamp="2020-07-01T15:29:01Z" hostname="fv-az29" tests="32" skipped="0" failures="0" errors="0" time="28.078">
    <testcase time="5.08699999999999" classname="ds.dataFrameSort_expt_single_numeric_descending" name="dataset_1"/>
    <testcase time="1.42399999999998" classname="ds.dataFrameSort_expt_single_numeric_descending" name="dataset_1"/>
    <testcase time="0.716000000000122" classname="ds.dataFrameSort_expt_single_numeric_descending" name="dataset_1"/>
    <testcase time="0.00199999999995271" classname="ds.dataFrameSort_expt_single_numeric_descending" name="dataset_1"/>
    <testcase time="1.43299999999999" classname="ds.dataFrameSort_expt_single_numeric_descending" name="dataset_1"/>
    <testcase time="0.725999999999885" classname="ds.dataFrameSort_expt_single_numeric_descending" name="dataset_1"/>
    <testcase time="0.000999999999976353" classname="ds.dataFrameSort_expt_single_numeric_descending" name="dataset_1"/>
    <testcase time="1.43700000000013" classname="ds.dataFrameSort_expt_single_numeric_descending" name="dataset_1"/>
    <testcase time="0.729000000000042" classname="ds.dataFrameSort_expt_single_numeric_descending" name="dataset_1"/>
    <testcase time="0.00599999999985812" classname="ds.dataFrameSort_expt_single_numeric_descending" name="dataset_1"/>
    <testcase time="1.43700000000013" classname="ds.dataFrameSort_expt_single_numeric_descending" name="dataset_1"/>
    <testcase time="0.721000000000004" classname="ds.dataFrameSort_expt_single_numeric_descending" name="dataset_1"/>
    <testcase time="0.00199999999995271" classname="ds.dataFrameSort_expt_single_numeric_descending" name="dataset_1"/>
    <testcase time="1.47499999999991" classname="ds.dataFrameSort_expt_single_numeric_descending" name="dataset_1"/>
    <testcase time="0.718000000000075" classname="ds.dataFrameSort_expt_single_numeric_descending" name="dataset_1"/>
    <testcase time="0.00199999999995271" classname="ds.dataFrameSort_expt_single_numeric_descending" name="dataset_1"/>
    <testcase time="1.42200000000003" classname="ds.dataFrameSort_expt_single_numeric_descending" name="dataset_1"/>
    <testcase time="0.717000000000098" classname="ds.dataFrameSort_expt_single_numeric_descending" name="dataset_1"/>
    <testcase time="0.00199999999995271" classname="ds.dataFrameSort_expt_single_numeric_descending" name="dataset_1"/>
    <testcase time="1.42100000000005" classname="ds.dataFrameSort_expt_single_numeric_descending" name="dataset_1"/>
    <testcase time="0.72199999999998" classname="ds.dataFrameSort_expt_single_numeric_descending" name="dataset_1"/>
    <testcase time="0.00299999999992906" classname="ds.dataFrameSort_expt_single_numeric_descending" name="dataset_1"/>
    <testcase time="1.43100000000004" classname="ds.dataFrameSort_expt_single_numeric_descending" name="dataset_1"/>
    <testcase time="0.713999999999942" classname="ds.dataFrameSort_expt_single_numeric_descending" name="dataset_1"/>
    <testcase time="0.00199999999995271" classname="ds.dataFrameSort_expt_single_numeric_descending" name="dataset_1"/>
    <testcase time="1.43200000000002" classname="ds.dataFrameSort_expt_single_numeric_descending" name="dataset_1"/>
    <testcase time="0.714000000000169" classname="ds.dataFrameSort_expt_single_numeric_descending" name="dataset_1"/>
    <testcase time="0.00299999999992906" classname="ds.dataFrameSort_expt_single_numeric_descending" name="dataset_1"/>
    <testcase time="1.42900000000009" classname="ds.dataFrameSort_expt_single_numeric_descending" name="dataset_1"/>
    <testcase time="0.718999999999824" classname="ds.dataFrameSort_expt_single_numeric_descending" name="dataset_1"/>
    <testcase time="0.00100000000020373" classname="ds.dataFrameSort_expt_single_numeric_descending" name="dataset_1"/>
    <testcase time="1.42999999999984" classname="ds.dataFrameSort_expt_single_numeric_descending" name="dataset_1"/>
  </testsuite>
  <testsuite name="ds.dataFrameSort::expt::multiple::alphabetic::ascending" timestamp="2020-07-01T15:29:29Z" hostname="fv-az29" tests="39" skipped="0" failures="0" errors="0" time="32.267">
    <testcase time="7.84100000000012" classname="ds.dataFrameSort_expt_multiple_alphabetic_ascending" name="all_datasets"/>
    <testcase time="0.00199999999995271" classname="ds.dataFrameSort_expt_multiple_alphabetic_ascending" name="all_datasets"/>
    <testcase time="0.000999999999976353" classname="ds.dataFrameSort_expt_multiple_alphabetic_ascending" name="all_datasets"/>
    <testcase time="1.61500000000001" classname="ds.dataFrameSort_expt_multiple_alphabetic_ascending" name="all_datasets"/>
    <testcase time="0.00199999999995271" classname="ds.dataFrameSort_expt_multiple_alphabetic_ascending" name="all_datasets"/>
    <testcase time="0.000999999999976353" classname="ds.dataFrameSort_expt_multiple_alphabetic_ascending" name="all_datasets"/>
    <testcase time="2.44500000000016" classname="ds.dataFrameSort_expt_multiple_alphabetic_ascending" name="all_datasets"/>
    <testcase time="0.00199999999995271" classname="ds.dataFrameSort_expt_multiple_alphabetic_ascending" name="all_datasets"/>
    <testcase time="0.000999999999976353" classname="ds.dataFrameSort_expt_multiple_alphabetic_ascending" name="all_datasets"/>
    <testcase time="2.52600000000007" classname="ds.dataFrameSort_expt_multiple_alphabetic_ascending" name="all_datasets"/>
    <testcase time="0.00199999999995271" classname="ds.dataFrameSort_expt_multiple_alphabetic_ascending" name="all_datasets"/>
    <testcase time="0.00199999999995271" classname="ds.dataFrameSort_expt_multiple_alphabetic_ascending" name="all_datasets"/>
    <testcase time="2.42599999999993" classname="ds.dataFrameSort_expt_multiple_alphabetic_ascending" name="all_datasets"/>
    <testcase time="0.00200000000018008" classname="ds.dataFrameSort_expt_multiple_alphabetic_ascending" name="all_datasets"/>
    <testcase time="0.000999999999976353" classname="ds.dataFrameSort_expt_multiple_alphabetic_ascending" name="all_datasets"/>
    <testcase time="1.62999999999988" classname="ds.dataFrameSort_expt_multiple_alphabetic_ascending" name="all_datasets"/>
    <testcase time="0.00199999999995271" classname="ds.dataFrameSort_expt_multiple_alphabetic_ascending" name="all_datasets"/>
    <testcase time="0.000999999999976353" classname="ds.dataFrameSort_expt_multiple_alphabetic_ascending" name="all_datasets"/>
    <testcase time="1.61300000000006" classname="ds.dataFrameSort_expt_multiple_alphabetic_ascending" name="all_datasets"/>
    <testcase time="0.00199999999995271" classname="ds.dataFrameSort_expt_multiple_alphabetic_ascending" name="all_datasets"/>
    <testcase time="0.00100000000020373" classname="ds.dataFrameSort_expt_multiple_alphabetic_ascending" name="all_datasets"/>
    <testcase time="1.60899999999992" classname="ds.dataFrameSort_expt_multiple_alphabetic_ascending" name="all_datasets"/>
    <testcase time="0.00199999999995271" classname="ds.dataFrameSort_expt_multiple_alphabetic_ascending" name="all_datasets"/>
    <testcase time="0.00199999999995271" classname="ds.dataFrameSort_expt_multiple_alphabetic_ascending" name="all_datasets"/>
    <testcase time="2.43399999999997" classname="ds.dataFrameSort_expt_multiple_alphabetic_ascending" name="all_datasets"/>
    <testcase time="0.00200000000018008" classname="ds.dataFrameSort_expt_multiple_alphabetic_ascending" name="all_datasets"/>
    <testcase time="0.00199999999995271" classname="ds.dataFrameSort_expt_multiple_alphabetic_ascending" name="all_datasets"/>
    <testcase time="2.42100000000005" classname="ds.dataFrameSort_expt_multiple_alphabetic_ascending" name="all_datasets"/>
    <testcase time="0.00299999999992906" classname="ds.dataFrameSort_expt_multiple_alphabetic_ascending" name="all_datasets"/>
    <testcase time="0.00199999999995271" classname="ds.dataFrameSort_expt_multiple_alphabetic_ascending" name="all_datasets"/>
    <testcase time="1.62900000000013" classname="ds.dataFrameSort_expt_multiple_alphabetic_ascending" name="all_datasets"/>
    <testcase time="0.00199999999995271" classname="ds.dataFrameSort_expt_multiple_alphabetic_ascending" name="all_datasets"/>
    <testcase time="0.00199999999995271" classname="ds.dataFrameSort_expt_multiple_alphabetic_ascending" name="all_datasets"/>
    <testcase time="2.42499999999995" classname="ds.dataFrameSort_expt_multiple_alphabetic_ascending" name="all_datasets"/>
    <testcase time="0.00199999999995271" classname="ds.dataFrameSort_expt_multiple_alphabetic_ascending" name="all_datasets"/>
    <testcase time="0.00200000000018008" classname="ds.dataFrameSort_expt_multiple_alphabetic_ascending" name="all_datasets"/>
    <testcase time="1.60500000000002" classname="ds.dataFrameSort_expt_multiple_alphabetic_ascending" name="all_datasets"/>
    <testcase time="0.00199999999995271" classname="ds.dataFrameSort_expt_multiple_alphabetic_ascending" name="all_datasets"/>
    <testcase time="0.00299999999992906" classname="ds.dataFrameSort_expt_multiple_alphabetic_ascending" name="all_datasets"/>
  </testsuite>
  <testsuite name="ds.dataFrameSort::expt::single::alphabetic::ascending" timestamp="2020-07-01T15:30:02Z" hostname="fv-az29" tests="13" skipped="0" failures="0" errors="0" time="27.35">
    <testcase time="5.83999999999992" classname="ds.dataFrameSort_expt_single_alphabetic_ascending" name="dataset_2"/>
    <testcase time="1.43299999999999" classname="ds.dataFrameSort_expt_single_alphabetic_ascending" name="dataset_2"/>
    <testcase time="2.15499999999997" classname="ds.dataFrameSort_expt_single_alphabetic_ascending" name="dataset_2"/>
    <testcase time="2.19499999999994" classname="ds.dataFrameSort_expt_single_alphabetic_ascending" name="dataset_2"/>
    <testcase time="2.14200000000005" classname="ds.dataFrameSort_expt_single_alphabetic_ascending" name="dataset_2"/>
    <testcase time="1.42899999999986" classname="ds.dataFrameSort_expt_single_alphabetic_ascending" name="dataset_2"/>
    <testcase time="1.43299999999999" classname="ds.dataFrameSort_expt_single_alphabetic_ascending" name="dataset_2"/>
    <testcase time="1.42700000000013" classname="ds.dataFrameSort_expt_single_alphabetic_ascending" name="dataset_2"/>
    <testcase time="2.13699999999994" classname="ds.dataFrameSort_expt_single_alphabetic_ascending" name="dataset_2"/>
    <testcase time="2.14200000000005" classname="ds.dataFrameSort_expt_single_alphabetic_ascending" name="dataset_2"/>
    <testcase time="1.43499999999995" classname="ds.dataFrameSort_expt_single_alphabetic_ascending" name="dataset_2"/>
    <testcase time="2.15200000000004" classname="ds.dataFrameSort_expt_single_alphabetic_ascending" name="dataset_2"/>
    <testcase time="1.43000000000006" classname="ds.dataFrameSort_expt_single_alphabetic_ascending" name="dataset_2"/>
  </testsuite>
  <testsuite name="ds.dataFrameSort::expt::multiple::alphabetic::descending" timestamp="2020-07-01T15:30:29Z" hostname="fv-az29" tests="39" skipped="0" failures="0" errors="0" time="30.998">
    <testcase time="6.51900000000001" classname="ds.dataFrameSort_expt_multiple_alphabetic_descending" name="all_datasets"/>
    <testcase time="0.00199999999995271" classname="ds.dataFrameSort_expt_multiple_alphabetic_descending" name="all_datasets"/>
    <testcase time="0.000999999999976353" classname="ds.dataFrameSort_expt_multiple_alphabetic_descending" name="all_datasets"/>
    <testcase time="1.63699999999994" classname="ds.dataFrameSort_expt_multiple_alphabetic_descending" name="all_datasets"/>
    <testcase time="0.00199999999995271" classname="ds.dataFrameSort_expt_multiple_alphabetic_descending" name="all_datasets"/>
    <testcase time="0.000999999999976353" classname="ds.dataFrameSort_expt_multiple_alphabetic_descending" name="all_datasets"/>
    <testcase time="2.45000000000005" classname="ds.dataFrameSort_expt_multiple_alphabetic_descending" name="all_datasets"/>
    <testcase time="0.000999999999976353" classname="ds.dataFrameSort_expt_multiple_alphabetic_descending" name="all_datasets"/>
    <testcase time="0.00200000000018008" classname="ds.dataFrameSort_expt_multiple_alphabetic_descending" name="all_datasets"/>
    <testcase time="2.51999999999998" classname="ds.dataFrameSort_expt_multiple_alphabetic_descending" name="all_datasets"/>
    <testcase time="0.00199999999995271" classname="ds.dataFrameSort_expt_multiple_alphabetic_descending" name="all_datasets"/>
    <testcase time="0.00199999999995271" classname="ds.dataFrameSort_expt_multiple_alphabetic_descending" name="all_datasets"/>
    <testcase time="2.42900000000009" classname="ds.dataFrameSort_expt_multiple_alphabetic_descending" name="all_datasets"/>
    <testcase time="0.00299999999992906" classname="ds.dataFrameSort_expt_multiple_alphabetic_descending" name="all_datasets"/>
    <testcase time="0.000999999999976353" classname="ds.dataFrameSort_expt_multiple_alphabetic_descending" name="all_datasets"/>
    <testcase time="1.63499999999999" classname="ds.dataFrameSort_expt_multiple_alphabetic_descending" name="all_datasets"/>
    <testcase time="0.00199999999995271" classname="ds.dataFrameSort_expt_multiple_alphabetic_descending" name="all_datasets"/>
    <testcase time="0.00200000000018008" classname="ds.dataFrameSort_expt_multiple_alphabetic_descending" name="all_datasets"/>
    <testcase time="1.6099999999999" classname="ds.dataFrameSort_expt_multiple_alphabetic_descending" name="all_datasets"/>
    <testcase time="0.00199999999995271" classname="ds.dataFrameSort_expt_multiple_alphabetic_descending" name="all_datasets"/>
    <testcase time="0.00199999999995271" classname="ds.dataFrameSort_expt_multiple_alphabetic_descending" name="all_datasets"/>
    <testcase time="1.6260000000002" classname="ds.dataFrameSort_expt_multiple_alphabetic_descending" name="all_datasets"/>
    <testcase time="0.00199999999995271" classname="ds.dataFrameSort_expt_multiple_alphabetic_descending" name="all_datasets"/>
    <testcase time="0.000999999999976353" classname="ds.dataFrameSort_expt_multiple_alphabetic_descending" name="all_datasets"/>
    <testcase time="2.41200000000003" classname="ds.dataFrameSort_expt_multiple_alphabetic_descending" name="all_datasets"/>
    <testcase time="0.00199999999995271" classname="ds.dataFrameSort_expt_multiple_alphabetic_descending" name="all_datasets"/>
    <testcase time="0.00199999999995271" classname="ds.dataFrameSort_expt_multiple_alphabetic_descending" name="all_datasets"/>
    <testcase time="2.44000000000005" classname="ds.dataFrameSort_expt_multiple_alphabetic_descending" name="all_datasets"/>
    <testcase time="0.00199999999995271" classname="ds.dataFrameSort_expt_multiple_alphabetic_descending" name="all_datasets"/>
    <testcase time="0.00199999999995271" classname="ds.dataFrameSort_expt_multiple_alphabetic_descending" name="all_datasets"/>
    <testcase time="1.62599999999998" classname="ds.dataFrameSort_expt_multiple_alphabetic_descending" name="all_datasets"/>
    <testcase time="0.00200000000018008" classname="ds.dataFrameSort_expt_multiple_alphabetic_descending" name="all_datasets"/>
    <testcase time="0.00199999999995271" classname="ds.dataFrameSort_expt_multiple_alphabetic_descending" name="all_datasets"/>
    <testcase time="2.4369999999999" classname="ds.dataFrameSort_expt_multiple_alphabetic_descending" name="all_datasets"/>
    <testcase time="0.00200000000018008" classname="ds.dataFrameSort_expt_multiple_alphabetic_descending" name="all_datasets"/>
    <testcase time="0.000999999999976353" classname="ds.dataFrameSort_expt_multiple_alphabetic_descending" name="all_datasets"/>
    <testcase time="1.60899999999992" classname="ds.dataFrameSort_expt_multiple_alphabetic_descending" name="all_datasets"/>
    <testcase time="0.00299999999992906" classname="ds.dataFrameSort_expt_multiple_alphabetic_descending" name="all_datasets"/>
    <testcase time="0.00200000000018008" classname="ds.dataFrameSort_expt_multiple_alphabetic_descending" name="all_datasets"/>
  </testsuite>
  <testsuite name="ds.dataFrameSort::expt::single::alphabetic::descending" timestamp="2020-07-01T15:31:00Z" hostname="fv-az29" tests="13" skipped="0" failures="0" errors="0" time="26.56">
    <testcase time="5.09299999999985" classname="ds.dataFrameSort_expt_single_alphabetic_descending" name="dataset_3"/>
    <testcase time="1.43399999999997" classname="ds.dataFrameSort_expt_single_alphabetic_descending" name="dataset_3"/>
    <testcase time="2.173" classname="ds.dataFrameSort_expt_single_alphabetic_descending" name="dataset_3"/>
    <testcase time="2.19000000000005" classname="ds.dataFrameSort_expt_single_alphabetic_descending" name="dataset_3"/>
    <testcase time="2.13499999999999" classname="ds.dataFrameSort_expt_single_alphabetic_descending" name="dataset_3"/>
    <testcase time="1.42499999999995" classname="ds.dataFrameSort_expt_single_alphabetic_descending" name="dataset_3"/>
    <testcase time="1.43299999999999" classname="ds.dataFrameSort_expt_single_alphabetic_descending" name="dataset_3"/>
    <testcase time="1.41800000000012" classname="ds.dataFrameSort_expt_single_alphabetic_descending" name="dataset_3"/>
    <testcase time="2.14099999999985" classname="ds.dataFrameSort_expt_single_alphabetic_descending" name="dataset_3"/>
    <testcase time="2.13300000000004" classname="ds.dataFrameSort_expt_single_alphabetic_descending" name="dataset_3"/>
    <testcase time="1.43000000000006" classname="ds.dataFrameSort_expt_single_alphabetic_descending" name="dataset_3"/>
    <testcase time="2.13200000000006" classname="ds.dataFrameSort_expt_single_alphabetic_descending" name="dataset_3"/>
    <testcase time="1.423" classname="ds.dataFrameSort_expt_single_alphabetic_descending" name="dataset_3"/>
  </testsuite>
  <testsuite name="ds.dataFrameSort::expt::shutdown" timestamp="2020-07-01T15:31:27Z" hostname="fv-az29" tests="0" skipped="0" failures="0" errors="0" time="0"/>
  <testsuite name="ds.dataFrameSort::expt::done" timestamp="2020-07-01T15:31:27Z" hostname="fv-az29" tests="0" skipped="0" failures="0" errors="0" time="0"/>
  <testsuite name="ds.dataFrameSubset()::expt::multiple::parameter_class" timestamp="2020-07-01T15:31:27Z" hostname="fv-az29" tests="24" skipped="0" failures="0" errors="0" time="28.328">
    <testcase time="12.5529999999999" classname="ds.dataFrameSubset_expt_multiple_parameter_class" name="all_datasets"/>
    <testcase time="0.258000000000038" classname="ds.dataFrameSubset_expt_multiple_parameter_class" name="all_datasets"/>
    <testcase time="0.259999999999991" classname="ds.dataFrameSubset_expt_multiple_parameter_class" name="all_datasets"/>
    <testcase time="0.257000000000062" classname="ds.dataFrameSubset_expt_multiple_parameter_class" name="all_datasets"/>
    <testcase time="1.06899999999996" classname="ds.dataFrameSubset_expt_multiple_parameter_class" name="all_datasets"/>
    <testcase time="0.00199999999995271" classname="ds.dataFrameSubset_expt_multiple_parameter_class" name="all_datasets"/>
    <testcase time="0.000999999999976353" classname="ds.dataFrameSubset_expt_multiple_parameter_class" name="all_datasets"/>
    <testcase time="0.889000000000124" classname="ds.dataFrameSubset_expt_multiple_parameter_class" name="all_datasets"/>
    <testcase time="2.30099999999993" classname="ds.dataFrameSubset_expt_multiple_parameter_class" name="all_datasets"/>
    <testcase time="0.000999999999976353" classname="ds.dataFrameSubset_expt_multiple_parameter_class" name="all_datasets"/>
    <testcase time="0.00200000000018008" classname="ds.dataFrameSubset_expt_multiple_parameter_class" name="all_datasets"/>
    <testcase time="3.53899999999999" classname="ds.dataFrameSubset_expt_multiple_parameter_class" name="all_datasets"/>
    <testcase time="0.00199999999995271" classname="ds.dataFrameSubset_expt_multiple_parameter_class" name="all_datasets"/>
    <testcase time="0.00199999999995271" classname="ds.dataFrameSubset_expt_multiple_parameter_class" name="all_datasets"/>
    <testcase time="3.53700000000003" classname="ds.dataFrameSubset_expt_multiple_parameter_class" name="all_datasets"/>
    <testcase time="0.00199999999995271" classname="ds.dataFrameSubset_expt_multiple_parameter_class" name="all_datasets"/>
    <testcase time="0.000999999999976353" classname="ds.dataFrameSubset_expt_multiple_parameter_class" name="all_datasets"/>
    <testcase time="1.48399999999992" classname="ds.dataFrameSubset_expt_multiple_parameter_class" name="all_datasets"/>
    <testcase time="1.09100000000012" classname="ds.dataFrameSubset_expt_multiple_parameter_class" name="all_datasets"/>
    <testcase time="0.00199999999995271" classname="ds.dataFrameSubset_expt_multiple_parameter_class" name="all_datasets"/>
    <testcase time="0.000999999999976353" classname="ds.dataFrameSubset_expt_multiple_parameter_class" name="all_datasets"/>
    <testcase time="1.07100000000014" classname="ds.dataFrameSubset_expt_multiple_parameter_class" name="all_datasets"/>
    <testcase time="0.000999999999976353" classname="ds.dataFrameSubset_expt_multiple_parameter_class" name="all_datasets"/>
    <testcase time="0.00199999999995271" classname="ds.dataFrameSubset_expt_multiple_parameter_class" name="all_datasets"/>
  </testsuite>
  <testsuite name="ds.dataFrameSubset()::expt::single::parameter_class" timestamp="2020-07-01T15:31:55Z" hostname="fv-az29" tests="10" skipped="0" failures="0" errors="0" time="12.272">
    <testcase time="5.29999999999995" classname="ds.dataFrameSubset_expt_single_parameter_class" name="dataset_1"/>
    <testcase time="0.239000000000033" classname="ds.dataFrameSubset_expt_single_parameter_class" name="dataset_1"/>
    <testcase time="0.241999999999962" classname="ds.dataFrameSubset_expt_single_parameter_class" name="dataset_1"/>
    <testcase time="0.240000000000009" classname="ds.dataFrameSubset_expt_single_parameter_class" name="dataset_1"/>
    <testcase time="0.961999999999989" classname="ds.dataFrameSubset_expt_single_parameter_class" name="dataset_1"/>
    <testcase time="0.735000000000127" classname="ds.dataFrameSubset_expt_single_parameter_class" name="dataset_1"/>
    <testcase time="1.70399999999995" classname="ds.dataFrameSubset_expt_single_parameter_class" name="dataset_1"/>
    <testcase time="0.942999999999984" classname="ds.dataFrameSubset_expt_single_parameter_class" name="dataset_1"/>
    <testcase time="0.951999999999998" classname="ds.dataFrameSubset_expt_single_parameter_class" name="dataset_1"/>
    <testcase time="0.954999999999927" classname="ds.dataFrameSubset_expt_single_parameter_class" name="dataset_1"/>
  </testsuite>
  <testsuite name="ds.dataFrameSubset()::expt::multiple::all_columns" timestamp="2020-07-01T15:32:07Z" hostname="fv-az29" tests="48" skipped="0" failures="0" errors="0" time="31.009">
    <testcase time="9.16399999999999" classname="ds.dataFrameSubset_expt_multiple_all_columns" name="all_datasets"/>
    <testcase time="0.00200000000018008" classname="ds.dataFrameSubset_expt_multiple_all_columns" name="all_datasets"/>
    <testcase time="0.000999999999976353" classname="ds.dataFrameSubset_expt_multiple_all_columns" name="all_datasets"/>
    <testcase time="0.00199999999995271" classname="ds.dataFrameSubset_expt_multiple_all_columns" name="all_datasets"/>
    <testcase time="0.000999999999976353" classname="ds.dataFrameSubset_expt_multiple_all_columns" name="all_datasets"/>
    <testcase time="0.000999999999976353" classname="ds.dataFrameSubset_expt_multiple_all_columns" name="all_datasets"/>
    <testcase time="0.00199999999995271" classname="ds.dataFrameSubset_expt_multiple_all_columns" name="all_datasets"/>
    <testcase time="0.00199999999995271" classname="ds.dataFrameSubset_expt_multiple_all_columns" name="all_datasets"/>
    <testcase time="4.39800000000014" classname="ds.dataFrameSubset_expt_multiple_all_columns" name="all_datasets"/>
    <testcase time="0.00199999999995271" classname="ds.dataFrameSubset_expt_multiple_all_columns" name="all_datasets"/>
    <testcase time="0.000999999999976353" classname="ds.dataFrameSubset_expt_multiple_all_columns" name="all_datasets"/>
    <testcase time="0.00199999999995271" classname="ds.dataFrameSubset_expt_multiple_all_columns" name="all_datasets"/>
    <testcase time="0.00200000000018008" classname="ds.dataFrameSubset_expt_multiple_all_columns" name="all_datasets"/>
    <testcase time="0.00199999999995271" classname="ds.dataFrameSubset_expt_multiple_all_columns" name="all_datasets"/>
    <testcase time="0.000999999999976353" classname="ds.dataFrameSubset_expt_multiple_all_columns" name="all_datasets"/>
    <testcase time="0.00199999999995271" classname="ds.dataFrameSubset_expt_multiple_all_columns" name="all_datasets"/>
    <testcase time="4.31899999999996" classname="ds.dataFrameSubset_expt_multiple_all_columns" name="all_datasets"/>
    <testcase time="0.000999999999976353" classname="ds.dataFrameSubset_expt_multiple_all_columns" name="all_datasets"/>
    <testcase time="0.00200000000018008" classname="ds.dataFrameSubset_expt_multiple_all_columns" name="all_datasets"/>
    <testcase time="0.00199999999995271" classname="ds.dataFrameSubset_expt_multiple_all_columns" name="all_datasets"/>
    <testcase time="0.00199999999995271" classname="ds.dataFrameSubset_expt_multiple_all_columns" name="all_datasets"/>
    <testcase time="0.00199999999995271" classname="ds.dataFrameSubset_expt_multiple_all_columns" name="all_datasets"/>
    <testcase time="0.00199999999995271" classname="ds.dataFrameSubset_expt_multiple_all_columns" name="all_datasets"/>
    <testcase time="0.00200000000018008" classname="ds.dataFrameSubset_expt_multiple_all_columns" name="all_datasets"/>
    <testcase time="4.31399999999985" classname="ds.dataFrameSubset_expt_multiple_all_columns" name="all_datasets"/>
    <testcase time="0.00199999999995271" classname="ds.dataFrameSubset_expt_multiple_all_columns" name="all_datasets"/>
    <testcase time="0.00200000000018008" classname="ds.dataFrameSubset_expt_multiple_all_columns" name="all_datasets"/>
    <testcase time="0.00199999999995271" classname="ds.dataFrameSubset_expt_multiple_all_columns" name="all_datasets"/>
    <testcase time="0.00199999999995271" classname="ds.dataFrameSubset_expt_multiple_all_columns" name="all_datasets"/>
    <testcase time="0.00199999999995271" classname="ds.dataFrameSubset_expt_multiple_all_columns" name="all_datasets"/>
    <testcase time="0.00200000000018008" classname="ds.dataFrameSubset_expt_multiple_all_columns" name="all_datasets"/>
    <testcase time="0.00199999999995271" classname="ds.dataFrameSubset_expt_multiple_all_columns" name="all_datasets"/>
    <testcase time="4.37300000000005" classname="ds.dataFrameSubset_expt_multiple_all_columns" name="all_datasets"/>
    <testcase time="0.000999999999976353" classname="ds.dataFrameSubset_expt_multiple_all_columns" name="all_datasets"/>
    <testcase time="0.00199999999995271" classname="ds.dataFrameSubset_expt_multiple_all_columns" name="all_datasets"/>
    <testcase time="0.00199999999995271" classname="ds.dataFrameSubset_expt_multiple_all_columns" name="all_datasets"/>
    <testcase time="0.00199999999995271" classname="ds.dataFrameSubset_expt_multiple_all_columns" name="all_datasets"/>
    <testcase time="0.00300000000015643" classname="ds.dataFrameSubset_expt_multiple_all_columns" name="all_datasets"/>
    <testcase time="0.00199999999995271" classname="ds.dataFrameSubset_expt_multiple_all_columns" name="all_datasets"/>
    <testcase time="0.00299999999992906" classname="ds.dataFrameSubset_expt_multiple_all_columns" name="all_datasets"/>
    <testcase time="4.36000000000013" classname="ds.dataFrameSubset_expt_multiple_all_columns" name="all_datasets"/>
    <testcase time="0.00199999999995271" classname="ds.dataFrameSubset_expt_multiple_all_columns" name="all_datasets"/>
    <testcase time="0.00299999999992906" classname="ds.dataFrameSubset_expt_multiple_all_columns" name="all_datasets"/>
    <testcase time="0.00199999999995271" classname="ds.dataFrameSubset_expt_multiple_all_columns" name="all_datasets"/>
    <testcase time="0.00199999999995271" classname="ds.dataFrameSubset_expt_multiple_all_columns" name="all_datasets"/>
    <testcase time="0.00200000000018008" classname="ds.dataFrameSubset_expt_multiple_all_columns" name="all_datasets"/>
    <testcase time="0.00299999999992906" classname="ds.dataFrameSubset_expt_multiple_all_columns" name="all_datasets"/>
    <testcase time="0.00199999999995271" classname="ds.dataFrameSubset_expt_multiple_all_columns" name="all_datasets"/>
  </testsuite>
  <testsuite name="ds.dataFrameSubset()::expt::single::all_columns" timestamp="2020-07-01T15:32:38Z" hostname="fv-az29" tests="24" skipped="0" failures="0" errors="0" time="22.317">
    <testcase time="6.79200000000014" classname="ds.dataFrameSubset_expt_single_all_columns" name="dataset_2"/>
    <testcase time="0.000999999999976353" classname="ds.dataFrameSubset_expt_single_all_columns" name="dataset_2"/>
    <testcase time="0.00199999999995271" classname="ds.dataFrameSubset_expt_single_all_columns" name="dataset_2"/>
    <testcase time="0.000999999999976353" classname="ds.dataFrameSubset_expt_single_all_columns" name="dataset_2"/>
    <testcase time="3.1400000000001" classname="ds.dataFrameSubset_expt_single_all_columns" name="dataset_2"/>
    <testcase time="0.00199999999995271" classname="ds.dataFrameSubset_expt_single_all_columns" name="dataset_2"/>
    <testcase time="0.00199999999995271" classname="ds.dataFrameSubset_expt_single_all_columns" name="dataset_2"/>
    <testcase time="0.00199999999995271" classname="ds.dataFrameSubset_expt_single_all_columns" name="dataset_2"/>
    <testcase time="3.10100000000011" classname="ds.dataFrameSubset_expt_single_all_columns" name="dataset_2"/>
    <testcase time="0.00199999999995271" classname="ds.dataFrameSubset_expt_single_all_columns" name="dataset_2"/>
    <testcase time="0.000999999999976353" classname="ds.dataFrameSubset_expt_single_all_columns" name="dataset_2"/>
    <testcase time="0.00199999999995271" classname="ds.dataFrameSubset_expt_single_all_columns" name="dataset_2"/>
    <testcase time="3.08600000000001" classname="ds.dataFrameSubset_expt_single_all_columns" name="dataset_2"/>
    <testcase time="0.000999999999976353" classname="ds.dataFrameSubset_expt_single_all_columns" name="dataset_2"/>
    <testcase time="0.00200000000018008" classname="ds.dataFrameSubset_expt_single_all_columns" name="dataset_2"/>
    <testcase time="0.000999999999976353" classname="ds.dataFrameSubset_expt_single_all_columns" name="dataset_2"/>
    <testcase time="3.08399999999983" classname="ds.dataFrameSubset_expt_single_all_columns" name="dataset_2"/>
    <testcase time="0.00200000000018008" classname="ds.dataFrameSubset_expt_single_all_columns" name="dataset_2"/>
    <testcase time="0.000999999999976353" classname="ds.dataFrameSubset_expt_single_all_columns" name="dataset_2"/>
    <testcase time="0.00199999999995271" classname="ds.dataFrameSubset_expt_single_all_columns" name="dataset_2"/>
    <testcase time="3.08500000000004" classname="ds.dataFrameSubset_expt_single_all_columns" name="dataset_2"/>
    <testcase time="0.000999999999976353" classname="ds.dataFrameSubset_expt_single_all_columns" name="dataset_2"/>
    <testcase time="0.00199999999995271" classname="ds.dataFrameSubset_expt_single_all_columns" name="dataset_2"/>
    <testcase time="0.00199999999995271" classname="ds.dataFrameSubset_expt_single_all_columns" name="dataset_2"/>
  </testsuite>
  <testsuite name="ds.dataFrameSubset()::expt::multiple::all_columns::subset_by_rows" timestamp="2020-07-01T15:33:01Z" hostname="fv-az29" tests="30" skipped="0" failures="0" errors="0" time="60.68">
    <testcase time="9.92000000000007" classname="ds.dataFrameSubset_expt_multiple_all_columns_subset_by_rows" name="all_datasets"/>
    <testcase time="0.275000000000091" classname="ds.dataFrameSubset_expt_multiple_all_columns_subset_by_rows" name="all_datasets"/>
    <testcase time="0.270999999999958" classname="ds.dataFrameSubset_expt_multiple_all_columns_subset_by_rows" name="all_datasets"/>
    <testcase time="5.09799999999996" classname="ds.dataFrameSubset_expt_multiple_all_columns_subset_by_rows" name="all_datasets"/>
    <testcase time="0.272999999999911" classname="ds.dataFrameSubset_expt_multiple_all_columns_subset_by_rows" name="all_datasets"/>
    <testcase time="0.277000000000044" classname="ds.dataFrameSubset_expt_multiple_all_columns_subset_by_rows" name="all_datasets"/>
    <testcase time="5.00999999999999" classname="ds.dataFrameSubset_expt_multiple_all_columns_subset_by_rows" name="all_datasets"/>
    <testcase time="0.267000000000053" classname="ds.dataFrameSubset_expt_multiple_all_columns_subset_by_rows" name="all_datasets"/>
    <testcase time="0.269000000000005" classname="ds.dataFrameSubset_expt_multiple_all_columns_subset_by_rows" name="all_datasets"/>
    <testcase time="5.0329999999999" classname="ds.dataFrameSubset_expt_multiple_all_columns_subset_by_rows" name="all_datasets"/>
    <testcase time="0.273000000000138" classname="ds.dataFrameSubset_expt_multiple_all_columns_subset_by_rows" name="all_datasets"/>
    <testcase time="0.277000000000044" classname="ds.dataFrameSubset_expt_multiple_all_columns_subset_by_rows" name="all_datasets"/>
    <testcase time="5.04299999999989" classname="ds.dataFrameSubset_expt_multiple_all_columns_subset_by_rows" name="all_datasets"/>
    <testcase time="0.271999999999935" classname="ds.dataFrameSubset_expt_multiple_all_columns_subset_by_rows" name="all_datasets"/>
    <testcase time="0.267000000000053" classname="ds.dataFrameSubset_expt_multiple_all_columns_subset_by_rows" name="all_datasets"/>
    <testcase time="5.0440000000001" classname="ds.dataFrameSubset_expt_multiple_all_columns_subset_by_rows" name="all_datasets"/>
    <testcase time="0.271999999999935" classname="ds.dataFrameSubset_expt_multiple_all_columns_subset_by_rows" name="all_datasets"/>
    <testcase time="0.269999999999982" classname="ds.dataFrameSubset_expt_multiple_all_columns_subset_by_rows" name="all_datasets"/>
    <testcase time="5.04300000000012" classname="ds.dataFrameSubset_expt_multiple_all_columns_subset_by_rows" name="all_datasets"/>
    <testcase time="0.267999999999802" classname="ds.dataFrameSubset_expt_multiple_all_columns_subset_by_rows" name="all_datasets"/>
    <testcase time="0.268000000000029" classname="ds.dataFrameSubset_expt_multiple_all_columns_subset_by_rows" name="all_datasets"/>
    <testcase time="5.01900000000001" classname="ds.dataFrameSubset_expt_multiple_all_columns_subset_by_rows" name="all_datasets"/>
    <testcase time="0.269000000000005" classname="ds.dataFrameSubset_expt_multiple_all_columns_subset_by_rows" name="all_datasets"/>
    <testcase time="0.275000000000091" classname="ds.dataFrameSubset_expt_multiple_all_columns_subset_by_rows" name="all_datasets"/>
    <testcase time="5.01499999999987" classname="ds.dataFrameSubset_expt_multiple_all_columns_subset_by_rows" name="all_datasets"/>
    <testcase time="0.271000000000186" classname="ds.dataFrameSubset_expt_multiple_all_columns_subset_by_rows" name="all_datasets"/>
    <testcase time="0.281999999999925" classname="ds.dataFrameSubset_expt_multiple_all_columns_subset_by_rows" name="all_datasets"/>
    <testcase time="5.0139999999999" classname="ds.dataFrameSubset_expt_multiple_all_columns_subset_by_rows" name="all_datasets"/>
    <testcase time="0.276000000000067" classname="ds.dataFrameSubset_expt_multiple_all_columns_subset_by_rows" name="all_datasets"/>
    <testcase time="0.269000000000005" classname="ds.dataFrameSubset_expt_multiple_all_columns_subset_by_rows" name="all_datasets"/>
  </testsuite>
  <testsuite name="ds.dataFrameSubset()::expt::single::all_columns::subset_by_rows" timestamp="2020-07-01T15:34:01Z" hostname="fv-az29" tests="10" skipped="0" failures="0" errors="0" time="22.768">
    <testcase time="5.59100000000012" classname="ds.dataFrameSubset_expt_single_all_columns_subset_by_rows" name="dataset_3"/>
    <testcase time="1.95499999999993" classname="ds.dataFrameSubset_expt_single_all_columns_subset_by_rows" name="dataset_3"/>
    <testcase time="1.91100000000006" classname="ds.dataFrameSubset_expt_single_all_columns_subset_by_rows" name="dataset_3"/>
    <testcase time="1.91899999999987" classname="ds.dataFrameSubset_expt_single_all_columns_subset_by_rows" name="dataset_3"/>
    <testcase time="1.89599999999996" classname="ds.dataFrameSubset_expt_single_all_columns_subset_by_rows" name="dataset_3"/>
    <testcase time="1.90200000000004" classname="ds.dataFrameSubset_expt_single_all_columns_subset_by_rows" name="dataset_3"/>
    <testcase time="1.90300000000002" classname="ds.dataFrameSubset_expt_single_all_columns_subset_by_rows" name="dataset_3"/>
    <testcase time="1.89599999999996" classname="ds.dataFrameSubset_expt_single_all_columns_subset_by_rows" name="dataset_3"/>
    <testcase time="1.89400000000001" classname="ds.dataFrameSubset_expt_single_all_columns_subset_by_rows" name="dataset_3"/>
    <testcase time="1.90100000000007" classname="ds.dataFrameSubset_expt_single_all_columns_subset_by_rows" name="dataset_3"/>
  </testsuite>
  <testsuite name="ds.dataFrameSubset()::expt::multiple::subset_by_rows_columns" timestamp="2020-07-01T15:34:24Z" hostname="fv-az29" tests="60" skipped="0" failures="0" errors="0" time="134.291">
    <testcase time="13.596" classname="ds.dataFrameSubset_expt_multiple_subset_by_rows_columns" name="all_datasets"/>
    <testcase time="1.21900000000005" classname="ds.dataFrameSubset_expt_multiple_subset_by_rows_columns" name="all_datasets"/>
    <testcase time="0.268000000000029" classname="ds.dataFrameSubset_expt_multiple_subset_by_rows_columns" name="all_datasets"/>
    <testcase time="1.23299999999995" classname="ds.dataFrameSubset_expt_multiple_subset_by_rows_columns" name="all_datasets"/>
    <testcase time="0.332999999999856" classname="ds.dataFrameSubset_expt_multiple_subset_by_rows_columns" name="all_datasets"/>
    <testcase time="1.21900000000005" classname="ds.dataFrameSubset_expt_multiple_subset_by_rows_columns" name="all_datasets"/>
    <testcase time="8.92800000000011" classname="ds.dataFrameSubset_expt_multiple_subset_by_rows_columns" name="all_datasets"/>
    <testcase time="1.21699999999987" classname="ds.dataFrameSubset_expt_multiple_subset_by_rows_columns" name="all_datasets"/>
    <testcase time="0.282000000000153" classname="ds.dataFrameSubset_expt_multiple_subset_by_rows_columns" name="all_datasets"/>
    <testcase time="1.23599999999988" classname="ds.dataFrameSubset_expt_multiple_subset_by_rows_columns" name="all_datasets"/>
    <testcase time="0.264000000000124" classname="ds.dataFrameSubset_expt_multiple_subset_by_rows_columns" name="all_datasets"/>
    <testcase time="1.21399999999994" classname="ds.dataFrameSubset_expt_multiple_subset_by_rows_columns" name="all_datasets"/>
    <testcase time="8.70499999999993" classname="ds.dataFrameSubset_expt_multiple_subset_by_rows_columns" name="all_datasets"/>
    <testcase time="1.2170000000001" classname="ds.dataFrameSubset_expt_multiple_subset_by_rows_columns" name="all_datasets"/>
    <testcase time="0.269999999999982" classname="ds.dataFrameSubset_expt_multiple_subset_by_rows_columns" name="all_datasets"/>
    <testcase time="1.21900000000005" classname="ds.dataFrameSubset_expt_multiple_subset_by_rows_columns" name="all_datasets"/>
    <testcase time="0.272999999999911" classname="ds.dataFrameSubset_expt_multiple_subset_by_rows_columns" name="all_datasets"/>
    <testcase time="1.22299999999996" classname="ds.dataFrameSubset_expt_multiple_subset_by_rows_columns" name="all_datasets"/>
    <testcase time="8.70800000000008" classname="ds.dataFrameSubset_expt_multiple_subset_by_rows_columns" name="all_datasets"/>
    <testcase time="1.221" classname="ds.dataFrameSubset_expt_multiple_subset_by_rows_columns" name="all_datasets"/>
    <testcase time="0.269000000000005" classname="ds.dataFrameSubset_expt_multiple_subset_by_rows_columns" name="all_datasets"/>
    <testcase time="1.23299999999995" classname="ds.dataFrameSubset_expt_multiple_subset_by_rows_columns" name="all_datasets"/>
    <testcase time="0.269000000000005" classname="ds.dataFrameSubset_expt_multiple_subset_by_rows_columns" name="all_datasets"/>
    <testcase time="1.21900000000005" classname="ds.dataFrameSubset_expt_multiple_subset_by_rows_columns" name="all_datasets"/>
    <testcase time="8.68299999999999" classname="ds.dataFrameSubset_expt_multiple_subset_by_rows_columns" name="all_datasets"/>
    <testcase time="1.21900000000005" classname="ds.dataFrameSubset_expt_multiple_subset_by_rows_columns" name="all_datasets"/>
    <testcase time="0.271999999999935" classname="ds.dataFrameSubset_expt_multiple_subset_by_rows_columns" name="all_datasets"/>
    <testcase time="1.22499999999991" classname="ds.dataFrameSubset_expt_multiple_subset_by_rows_columns" name="all_datasets"/>
    <testcase time="0.267000000000053" classname="ds.dataFrameSubset_expt_multiple_subset_by_rows_columns" name="all_datasets"/>
    <testcase time="1.22800000000007" classname="ds.dataFrameSubset_expt_multiple_subset_by_rows_columns" name="all_datasets"/>
    <testcase time="8.68200000000002" classname="ds.dataFrameSubset_expt_multiple_subset_by_rows_columns" name="all_datasets"/>
    <testcase time="1.221" classname="ds.dataFrameSubset_expt_multiple_subset_by_rows_columns" name="all_datasets"/>
    <testcase time="0.273999999999887" classname="ds.dataFrameSubset_expt_multiple_subset_by_rows_columns" name="all_datasets"/>
    <testcase time="1.22299999999996" classname="ds.dataFrameSubset_expt_multiple_subset_by_rows_columns" name="all_datasets"/>
    <testcase time="0.271000000000186" classname="ds.dataFrameSubset_expt_multiple_subset_by_rows_columns" name="all_datasets"/>
    <testcase time="1.22499999999991" classname="ds.dataFrameSubset_expt_multiple_subset_by_rows_columns" name="all_datasets"/>
    <testcase time="8.69699999999989" classname="ds.dataFrameSubset_expt_multiple_subset_by_rows_columns" name="all_datasets"/>
    <testcase time="1.21800000000007" classname="ds.dataFrameSubset_expt_multiple_subset_by_rows_columns" name="all_datasets"/>
    <testcase time="0.273000000000138" classname="ds.dataFrameSubset_expt_multiple_subset_by_rows_columns" name="all_datasets"/>
    <testcase time="1.24199999999996" classname="ds.dataFrameSubset_expt_multiple_subset_by_rows_columns" name="all_datasets"/>
    <testcase time="0.269999999999982" classname="ds.dataFrameSubset_expt_multiple_subset_by_rows_columns" name="all_datasets"/>
    <testcase time="1.22199999999998" classname="ds.dataFrameSubset_expt_multiple_subset_by_rows_columns" name="all_datasets"/>
    <testcase time="8.68200000000002" classname="ds.dataFrameSubset_expt_multiple_subset_by_rows_columns" name="all_datasets"/>
    <testcase time="1.22699999999986" classname="ds.dataFrameSubset_expt_multiple_subset_by_rows_columns" name="all_datasets"/>
    <testcase time="0.268000000000029" classname="ds.dataFrameSubset_expt_multiple_subset_by_rows_columns" name="all_datasets"/>
    <testcase time="1.23300000000017" classname="ds.dataFrameSubset_expt_multiple_subset_by_rows_columns" name="all_datasets"/>
    <testcase time="0.270999999999958" classname="ds.dataFrameSubset_expt_multiple_subset_by_rows_columns" name="all_datasets"/>
    <testcase time="1.22499999999991" classname="ds.dataFrameSubset_expt_multiple_subset_by_rows_columns" name="all_datasets"/>
    <testcase time="8.72000000000003" classname="ds.dataFrameSubset_expt_multiple_subset_by_rows_columns" name="all_datasets"/>
    <testcase time="1.22900000000004" classname="ds.dataFrameSubset_expt_multiple_subset_by_rows_columns" name="all_datasets"/>
    <testcase time="0.27599999999984" classname="ds.dataFrameSubset_expt_multiple_subset_by_rows_columns" name="all_datasets"/>
    <testcase time="1.221" classname="ds.dataFrameSubset_expt_multiple_subset_by_rows_columns" name="all_datasets"/>
    <testcase time="0.271000000000186" classname="ds.dataFrameSubset_expt_multiple_subset_by_rows_columns" name="all_datasets"/>
    <testcase time="1.2349999999999" classname="ds.dataFrameSubset_expt_multiple_subset_by_rows_columns" name="all_datasets"/>
    <testcase time="8.67700000000013" classname="ds.dataFrameSubset_expt_multiple_subset_by_rows_columns" name="all_datasets"/>
    <testcase time="1.22799999999984" classname="ds.dataFrameSubset_expt_multiple_subset_by_rows_columns" name="all_datasets"/>
    <testcase time="0.285000000000082" classname="ds.dataFrameSubset_expt_multiple_subset_by_rows_columns" name="all_datasets"/>
    <testcase time="1.21100000000001" classname="ds.dataFrameSubset_expt_multiple_subset_by_rows_columns" name="all_datasets"/>
    <testcase time="0.268000000000029" classname="ds.dataFrameSubset_expt_multiple_subset_by_rows_columns" name="all_datasets"/>
    <testcase time="1.21699999999987" classname="ds.dataFrameSubset_expt_multiple_subset_by_rows_columns" name="all_datasets"/>
  </testsuite>
  <testsuite name="ds.dataFrameSubset()::expt::single::subset_by_rows_columns" timestamp="2020-07-01T15:36:38Z" hostname="fv-az29" tests="20" skipped="0" failures="0" errors="0" time="36.96">
    <testcase time="6.30899999999997" classname="ds.dataFrameSubset_expt_single_subset_by_rows_columns" name="dataset_1"/>
    <testcase time="0.710000000000036" classname="ds.dataFrameSubset_expt_single_subset_by_rows_columns" name="dataset_1"/>
    <testcase time="2.673" classname="ds.dataFrameSubset_expt_single_subset_by_rows_columns" name="dataset_1"/>
    <testcase time="0.713999999999942" classname="ds.dataFrameSubset_expt_single_subset_by_rows_columns" name="dataset_1"/>
    <testcase time="2.60599999999999" classname="ds.dataFrameSubset_expt_single_subset_by_rows_columns" name="dataset_1"/>
    <testcase time="0.705000000000155" classname="ds.dataFrameSubset_expt_single_subset_by_rows_columns" name="dataset_1"/>
    <testcase time="2.62200000000007" classname="ds.dataFrameSubset_expt_single_subset_by_rows_columns" name="dataset_1"/>
    <testcase time="0.710999999999785" classname="ds.dataFrameSubset_expt_single_subset_by_rows_columns" name="dataset_1"/>
    <testcase time="2.62400000000002" classname="ds.dataFrameSubset_expt_single_subset_by_rows_columns" name="dataset_1"/>
    <testcase time="0.705000000000155" classname="ds.dataFrameSubset_expt_single_subset_by_rows_columns" name="dataset_1"/>
    <testcase time="2.60099999999989" classname="ds.dataFrameSubset_expt_single_subset_by_rows_columns" name="dataset_1"/>
    <testcase time="0.703999999999951" classname="ds.dataFrameSubset_expt_single_subset_by_rows_columns" name="dataset_1"/>
    <testcase time="2.60500000000002" classname="ds.dataFrameSubset_expt_single_subset_by_rows_columns" name="dataset_1"/>
    <testcase time="0.705000000000155" classname="ds.dataFrameSubset_expt_single_subset_by_rows_columns" name="dataset_1"/>
    <testcase time="2.61699999999996" classname="ds.dataFrameSubset_expt_single_subset_by_rows_columns" name="dataset_1"/>
    <testcase time="0.717999999999847" classname="ds.dataFrameSubset_expt_single_subset_by_rows_columns" name="dataset_1"/>
    <testcase time="2.60800000000017" classname="ds.dataFrameSubset_expt_single_subset_by_rows_columns" name="dataset_1"/>
    <testcase time="0.705999999999904" classname="ds.dataFrameSubset_expt_single_subset_by_rows_columns" name="dataset_1"/>
    <testcase time="2.60599999999999" classname="ds.dataFrameSubset_expt_single_subset_by_rows_columns" name="dataset_1"/>
    <testcase time="0.711000000000013" classname="ds.dataFrameSubset_expt_single_subset_by_rows_columns" name="dataset_1"/>
  </testsuite>
  <testsuite name="ds.dataFrameSubset()::expt::multiple::subset_by_rows_columns" timestamp="2020-07-01T15:37:15Z" hostname="fv-az29" tests="60" skipped="0" failures="0" errors="0" time="134.313">
    <testcase time="13.7149999999999" classname="ds.dataFrameSubset_expt_multiple_subset_by_rows_columns" name="all_datasets"/>
    <testcase time="1.21900000000005" classname="ds.dataFrameSubset_expt_multiple_subset_by_rows_columns" name="all_datasets"/>
    <testcase time="0.269000000000005" classname="ds.dataFrameSubset_expt_multiple_subset_by_rows_columns" name="all_datasets"/>
    <testcase time="1.21500000000015" classname="ds.dataFrameSubset_expt_multiple_subset_by_rows_columns" name="all_datasets"/>
    <testcase time="0.353999999999814" classname="ds.dataFrameSubset_expt_multiple_subset_by_rows_columns" name="all_datasets"/>
    <testcase time="1.22500000000014" classname="ds.dataFrameSubset_expt_multiple_subset_by_rows_columns" name="all_datasets"/>
    <testcase time="8.68499999999995" classname="ds.dataFrameSubset_expt_multiple_subset_by_rows_columns" name="all_datasets"/>
    <testcase time="1.22500000000014" classname="ds.dataFrameSubset_expt_multiple_subset_by_rows_columns" name="all_datasets"/>
    <testcase time="0.270999999999958" classname="ds.dataFrameSubset_expt_multiple_subset_by_rows_columns" name="all_datasets"/>
    <testcase time="1.22599999999989" classname="ds.dataFrameSubset_expt_multiple_subset_by_rows_columns" name="all_datasets"/>
    <testcase time="0.279999999999973" classname="ds.dataFrameSubset_expt_multiple_subset_by_rows_columns" name="all_datasets"/>
    <testcase time="1.21900000000005" classname="ds.dataFrameSubset_expt_multiple_subset_by_rows_columns" name="all_datasets"/>
    <testcase time="8.68299999999999" classname="ds.dataFrameSubset_expt_multiple_subset_by_rows_columns" name="all_datasets"/>
    <testcase time="1.21399999999994" classname="ds.dataFrameSubset_expt_multiple_subset_by_rows_columns" name="all_datasets"/>
    <testcase time="0.271000000000186" classname="ds.dataFrameSubset_expt_multiple_subset_by_rows_columns" name="all_datasets"/>
    <testcase time="1.22899999999981" classname="ds.dataFrameSubset_expt_multiple_subset_by_rows_columns" name="all_datasets"/>
    <testcase time="0.283000000000129" classname="ds.dataFrameSubset_expt_multiple_subset_by_rows_columns" name="all_datasets"/>
    <testcase time="1.22499999999991" classname="ds.dataFrameSubset_expt_multiple_subset_by_rows_columns" name="all_datasets"/>
    <testcase time="8.721" classname="ds.dataFrameSubset_expt_multiple_subset_by_rows_columns" name="all_datasets"/>
    <testcase time="1.22800000000007" classname="ds.dataFrameSubset_expt_multiple_subset_by_rows_columns" name="all_datasets"/>
    <testcase time="0.267000000000053" classname="ds.dataFrameSubset_expt_multiple_subset_by_rows_columns" name="all_datasets"/>
    <testcase time="1.22199999999998" classname="ds.dataFrameSubset_expt_multiple_subset_by_rows_columns" name="all_datasets"/>
    <testcase time="0.268000000000029" classname="ds.dataFrameSubset_expt_multiple_subset_by_rows_columns" name="all_datasets"/>
    <testcase time="1.221" classname="ds.dataFrameSubset_expt_multiple_subset_by_rows_columns" name="all_datasets"/>
    <testcase time="8.68399999999997" classname="ds.dataFrameSubset_expt_multiple_subset_by_rows_columns" name="all_datasets"/>
    <testcase time="1.21599999999989" classname="ds.dataFrameSubset_expt_multiple_subset_by_rows_columns" name="all_datasets"/>
    <testcase time="0.275000000000091" classname="ds.dataFrameSubset_expt_multiple_subset_by_rows_columns" name="all_datasets"/>
    <testcase time="1.22800000000007" classname="ds.dataFrameSubset_expt_multiple_subset_by_rows_columns" name="all_datasets"/>
    <testcase time="0.27800000000002" classname="ds.dataFrameSubset_expt_multiple_subset_by_rows_columns" name="all_datasets"/>
    <testcase time="1.21599999999989" classname="ds.dataFrameSubset_expt_multiple_subset_by_rows_columns" name="all_datasets"/>
    <testcase time="8.69499999999994" classname="ds.dataFrameSubset_expt_multiple_subset_by_rows_columns" name="all_datasets"/>
    <testcase time="1.2170000000001" classname="ds.dataFrameSubset_expt_multiple_subset_by_rows_columns" name="all_datasets"/>
    <testcase time="0.269999999999982" classname="ds.dataFrameSubset_expt_multiple_subset_by_rows_columns" name="all_datasets"/>
    <testcase time="1.22499999999991" classname="ds.dataFrameSubset_expt_multiple_subset_by_rows_columns" name="all_datasets"/>
    <testcase time="0.270000000000209" classname="ds.dataFrameSubset_expt_multiple_subset_by_rows_columns" name="all_datasets"/>
    <testcase time="1.22199999999998" classname="ds.dataFrameSubset_expt_multiple_subset_by_rows_columns" name="all_datasets"/>
    <testcase time="8.72799999999984" classname="ds.dataFrameSubset_expt_multiple_subset_by_rows_columns" name="all_datasets"/>
    <testcase time="1.23000000000002" classname="ds.dataFrameSubset_expt_multiple_subset_by_rows_columns" name="all_datasets"/>
    <testcase time="0.278999999999996" classname="ds.dataFrameSubset_expt_multiple_subset_by_rows_columns" name="all_datasets"/>
    <testcase time="1.221" classname="ds.dataFrameSubset_expt_multiple_subset_by_rows_columns" name="all_datasets"/>
    <testcase time="0.272000000000162" classname="ds.dataFrameSubset_expt_multiple_subset_by_rows_columns" name="all_datasets"/>
    <testcase time="1.22299999999996" classname="ds.dataFrameSubset_expt_multiple_subset_by_rows_columns" name="all_datasets"/>
    <testcase time="8.72399999999993" classname="ds.dataFrameSubset_expt_multiple_subset_by_rows_columns" name="all_datasets"/>
    <testcase time="1.22800000000007" classname="ds.dataFrameSubset_expt_multiple_subset_by_rows_columns" name="all_datasets"/>
    <testcase time="0.274999999999864" classname="ds.dataFrameSubset_expt_multiple_subset_by_rows_columns" name="all_datasets"/>
    <testcase time="1.22500000000014" classname="ds.dataFrameSubset_expt_multiple_subset_by_rows_columns" name="all_datasets"/>
    <testcase time="0.271999999999935" classname="ds.dataFrameSubset_expt_multiple_subset_by_rows_columns" name="all_datasets"/>
    <testcase time="1.24099999999999" classname="ds.dataFrameSubset_expt_multiple_subset_by_rows_columns" name="all_datasets"/>
    <testcase time="8.66499999999996" classname="ds.dataFrameSubset_expt_multiple_subset_by_rows_columns" name="all_datasets"/>
    <testcase time="1.22900000000004" classname="ds.dataFrameSubset_expt_multiple_subset_by_rows_columns" name="all_datasets"/>
    <testcase time="0.275000000000091" classname="ds.dataFrameSubset_expt_multiple_subset_by_rows_columns" name="all_datasets"/>
    <testcase time="1.22599999999989" classname="ds.dataFrameSubset_expt_multiple_subset_by_rows_columns" name="all_datasets"/>
    <testcase time="0.276000000000067" classname="ds.dataFrameSubset_expt_multiple_subset_by_rows_columns" name="all_datasets"/>
    <testcase time="1.24099999999999" classname="ds.dataFrameSubset_expt_multiple_subset_by_rows_columns" name="all_datasets"/>
    <testcase time="8.70399999999995" classname="ds.dataFrameSubset_expt_multiple_subset_by_rows_columns" name="all_datasets"/>
    <testcase time="1.22800000000007" classname="ds.dataFrameSubset_expt_multiple_subset_by_rows_columns" name="all_datasets"/>
    <testcase time="0.282999999999902" classname="ds.dataFrameSubset_expt_multiple_subset_by_rows_columns" name="all_datasets"/>
    <testcase time="1.23400000000015" classname="ds.dataFrameSubset_expt_multiple_subset_by_rows_columns" name="all_datasets"/>
    <testcase time="0.271999999999935" classname="ds.dataFrameSubset_expt_multiple_subset_by_rows_columns" name="all_datasets"/>
    <testcase time="1.23099999999999" classname="ds.dataFrameSubset_expt_multiple_subset_by_rows_columns" name="all_datasets"/>
  </testsuite>
  <testsuite name="ds.dataFrameSubset()::expt::single::subset_by_rows_columns" timestamp="2020-07-01T15:39:30Z" hostname="fv-az29" tests="20" skipped="0" failures="0" errors="0" time="37.019">
    <testcase time="6.39499999999998" classname="ds.dataFrameSubset_expt_single_subset_by_rows_columns" name="dataset_2"/>
    <testcase time="0.708000000000084" classname="ds.dataFrameSubset_expt_single_subset_by_rows_columns" name="dataset_2"/>
    <testcase time="2.64599999999996" classname="ds.dataFrameSubset_expt_single_subset_by_rows_columns" name="dataset_2"/>
    <testcase time="0.712999999999965" classname="ds.dataFrameSubset_expt_single_subset_by_rows_columns" name="dataset_2"/>
    <testcase time="2.60200000000009" classname="ds.dataFrameSubset_expt_single_subset_by_rows_columns" name="dataset_2"/>
    <testcase time="0.701000000000022" classname="ds.dataFrameSubset_expt_single_subset_by_rows_columns" name="dataset_2"/>
    <testcase time="2.60399999999981" classname="ds.dataFrameSubset_expt_single_subset_by_rows_columns" name="dataset_2"/>
    <testcase time="0.704000000000178" classname="ds.dataFrameSubset_expt_single_subset_by_rows_columns" name="dataset_2"/>
    <testcase time="2.62199999999984" classname="ds.dataFrameSubset_expt_single_subset_by_rows_columns" name="dataset_2"/>
    <testcase time="0.701999999999998" classname="ds.dataFrameSubset_expt_single_subset_by_rows_columns" name="dataset_2"/>
    <testcase time="2.61599999999999" classname="ds.dataFrameSubset_expt_single_subset_by_rows_columns" name="dataset_2"/>
    <testcase time="0.702999999999975" classname="ds.dataFrameSubset_expt_single_subset_by_rows_columns" name="dataset_2"/>
    <testcase time="2.62200000000007" classname="ds.dataFrameSubset_expt_single_subset_by_rows_columns" name="dataset_2"/>
    <testcase time="0.711000000000013" classname="ds.dataFrameSubset_expt_single_subset_by_rows_columns" name="dataset_2"/>
    <testcase time="2.61300000000006" classname="ds.dataFrameSubset_expt_single_subset_by_rows_columns" name="dataset_2"/>
    <testcase time="0.711999999999989" classname="ds.dataFrameSubset_expt_single_subset_by_rows_columns" name="dataset_2"/>
    <testcase time="2.64100000000008" classname="ds.dataFrameSubset_expt_single_subset_by_rows_columns" name="dataset_2"/>
    <testcase time="0.701999999999998" classname="ds.dataFrameSubset_expt_single_subset_by_rows_columns" name="dataset_2"/>
    <testcase time="2.596" classname="ds.dataFrameSubset_expt_single_subset_by_rows_columns" name="dataset_2"/>
    <testcase time="0.705999999999904" classname="ds.dataFrameSubset_expt_single_subset_by_rows_columns" name="dataset_2"/>
  </testsuite>
  <testsuite name="ds.dataFrameSubset()::expt::multiple::all_rows_subset_by_columns" timestamp="2020-07-01T15:40:07Z" hostname="fv-az29" tests="36" skipped="0" failures="0" errors="0" time="65.062">
    <testcase time="10.645" classname="ds.dataFrameSubset_expt_multiple_all_rows_subset_by_columns" name="all_datasets"/>
    <testcase time="1.22199999999998" classname="ds.dataFrameSubset_expt_multiple_all_rows_subset_by_columns" name="all_datasets"/>
    <testcase time="0.269999999999982" classname="ds.dataFrameSubset_expt_multiple_all_rows_subset_by_columns" name="all_datasets"/>
    <testcase time="1.2170000000001" classname="ds.dataFrameSubset_expt_multiple_all_rows_subset_by_columns" name="all_datasets"/>
    <testcase time="0.270999999999958" classname="ds.dataFrameSubset_expt_multiple_all_rows_subset_by_columns" name="all_datasets"/>
    <testcase time="1.22800000000007" classname="ds.dataFrameSubset_expt_multiple_all_rows_subset_by_columns" name="all_datasets"/>
    <testcase time="5.88799999999992" classname="ds.dataFrameSubset_expt_multiple_all_rows_subset_by_columns" name="all_datasets"/>
    <testcase time="1.22499999999991" classname="ds.dataFrameSubset_expt_multiple_all_rows_subset_by_columns" name="all_datasets"/>
    <testcase time="0.273000000000138" classname="ds.dataFrameSubset_expt_multiple_all_rows_subset_by_columns" name="all_datasets"/>
    <testcase time="1.23199999999997" classname="ds.dataFrameSubset_expt_multiple_all_rows_subset_by_columns" name="all_datasets"/>
    <testcase time="0.269999999999982" classname="ds.dataFrameSubset_expt_multiple_all_rows_subset_by_columns" name="all_datasets"/>
    <testcase time="1.221" classname="ds.dataFrameSubset_expt_multiple_all_rows_subset_by_columns" name="all_datasets"/>
    <testcase time="5.82500000000005" classname="ds.dataFrameSubset_expt_multiple_all_rows_subset_by_columns" name="all_datasets"/>
    <testcase time="1.221" classname="ds.dataFrameSubset_expt_multiple_all_rows_subset_by_columns" name="all_datasets"/>
    <testcase time="0.269999999999982" classname="ds.dataFrameSubset_expt_multiple_all_rows_subset_by_columns" name="all_datasets"/>
    <testcase time="1.22599999999989" classname="ds.dataFrameSubset_expt_multiple_all_rows_subset_by_columns" name="all_datasets"/>
    <testcase time="0.269999999999982" classname="ds.dataFrameSubset_expt_multiple_all_rows_subset_by_columns" name="all_datasets"/>
    <testcase time="1.2320000000002" classname="ds.dataFrameSubset_expt_multiple_all_rows_subset_by_columns" name="all_datasets"/>
    <testcase time="5.79499999999985" classname="ds.dataFrameSubset_expt_multiple_all_rows_subset_by_columns" name="all_datasets"/>
    <testcase time="1.23400000000015" classname="ds.dataFrameSubset_expt_multiple_all_rows_subset_by_columns" name="all_datasets"/>
    <testcase time="0.278999999999996" classname="ds.dataFrameSubset_expt_multiple_all_rows_subset_by_columns" name="all_datasets"/>
    <testcase time="1.21199999999999" classname="ds.dataFrameSubset_expt_multiple_all_rows_subset_by_columns" name="all_datasets"/>
    <testcase time="0.264999999999873" classname="ds.dataFrameSubset_expt_multiple_all_rows_subset_by_columns" name="all_datasets"/>
    <testcase time="1.21900000000005" classname="ds.dataFrameSubset_expt_multiple_all_rows_subset_by_columns" name="all_datasets"/>
    <testcase time="5.81899999999996" classname="ds.dataFrameSubset_expt_multiple_all_rows_subset_by_columns" name="all_datasets"/>
    <testcase time="1.21100000000001" classname="ds.dataFrameSubset_expt_multiple_all_rows_subset_by_columns" name="all_datasets"/>
    <testcase time="0.269000000000005" classname="ds.dataFrameSubset_expt_multiple_all_rows_subset_by_columns" name="all_datasets"/>
    <testcase time="1.23099999999999" classname="ds.dataFrameSubset_expt_multiple_all_rows_subset_by_columns" name="all_datasets"/>
    <testcase time="0.2650000000001" classname="ds.dataFrameSubset_expt_multiple_all_rows_subset_by_columns" name="all_datasets"/>
    <testcase time="1.22399999999993" classname="ds.dataFrameSubset_expt_multiple_all_rows_subset_by_columns" name="all_datasets"/>
    <testcase time="5.80899999999997" classname="ds.dataFrameSubset_expt_multiple_all_rows_subset_by_columns" name="all_datasets"/>
    <testcase time="1.23199999999997" classname="ds.dataFrameSubset_expt_multiple_all_rows_subset_by_columns" name="all_datasets"/>
    <testcase time="0.266000000000076" classname="ds.dataFrameSubset_expt_multiple_all_rows_subset_by_columns" name="all_datasets"/>
    <testcase time="1.22599999999989" classname="ds.dataFrameSubset_expt_multiple_all_rows_subset_by_columns" name="all_datasets"/>
    <testcase time="0.272000000000162" classname="ds.dataFrameSubset_expt_multiple_all_rows_subset_by_columns" name="all_datasets"/>
    <testcase time="1.22799999999984" classname="ds.dataFrameSubset_expt_multiple_all_rows_subset_by_columns" name="all_datasets"/>
  </testsuite>
  <testsuite name="ds.dataFrameSubset()::expt::multiple::all_rows_subset_by_columns" timestamp="2020-07-01T15:41:12Z" hostname="fv-az29" tests="12" skipped="0" failures="0" errors="0" time="23.661">
    <testcase time="6.25700000000006" classname="ds.dataFrameSubset_expt_multiple_all_rows_subset_by_columns" name="dataset_3"/>
    <testcase time="0.708000000000084" classname="ds.dataFrameSubset_expt_multiple_all_rows_subset_by_columns" name="dataset_3"/>
    <testcase time="2.67799999999988" classname="ds.dataFrameSubset_expt_multiple_all_rows_subset_by_columns" name="dataset_3"/>
    <testcase time="0.720000000000027" classname="ds.dataFrameSubset_expt_multiple_all_rows_subset_by_columns" name="dataset_3"/>
    <testcase time="2.61599999999999" classname="ds.dataFrameSubset_expt_multiple_all_rows_subset_by_columns" name="dataset_3"/>
    <testcase time="0.706000000000131" classname="ds.dataFrameSubset_expt_multiple_all_rows_subset_by_columns" name="dataset_3"/>
    <testcase time="2.59899999999993" classname="ds.dataFrameSubset_expt_multiple_all_rows_subset_by_columns" name="dataset_3"/>
    <testcase time="0.704999999999927" classname="ds.dataFrameSubset_expt_multiple_all_rows_subset_by_columns" name="dataset_3"/>
    <testcase time="2.63599999999997" classname="ds.dataFrameSubset_expt_multiple_all_rows_subset_by_columns" name="dataset_3"/>
    <testcase time="0.708000000000084" classname="ds.dataFrameSubset_expt_multiple_all_rows_subset_by_columns" name="dataset_3"/>
    <testcase time="2.62100000000009" classname="ds.dataFrameSubset_expt_multiple_all_rows_subset_by_columns" name="dataset_3"/>
    <testcase time="0.70699999999988" classname="ds.dataFrameSubset_expt_multiple_all_rows_subset_by_columns" name="dataset_3"/>
  </testsuite>
  <testsuite name="ds.glmerSLMA::expt::setup" timestamp="2020-07-01T15:41:35Z" hostname="fv-az29" tests="3" skipped="0" failures="0" errors="0" time="4.863">
    <testcase time="4.86000000000013" classname="ds.glmerSLMA_expt_setup" name="setup"/>
    <testcase time="0.000999999999976353" classname="ds.glmerSLMA_expt_setup" name="setup"/>
    <testcase time="0.00199999999995271" classname="ds.glmerSLMA_expt_setup" name="setup"/>
  </testsuite>
  <testsuite name="ds.glmerSLMA::expt::int::multiple" timestamp="2020-07-01T15:41:40Z" hostname="fv-az29" tests="1" skipped="0" failures="0" errors="0" time="4.962">
    <testcase time="4.96199999999999" classname="ds.glmerSLMA_expt_int_multiple" name="linear_mixed_model_with_2_levels_of_hierarchy"/>
  </testsuite>
  <testsuite name="ds.lmerSLMA::expt::done" timestamp="2020-07-01T15:41:46Z" hostname="fv-az29" tests="0" skipped="0" failures="0" errors="0" time="0"/>
  <testsuite name="ds.lmerSLMA::expt::setup" timestamp="2020-07-01T15:41:46Z" hostname="fv-az29" tests="3" skipped="0" failures="0" errors="0" time="5.466">
    <testcase time="5.46299999999997" classname="ds.lmerSLMA_expt_setup" name="setup"/>
    <testcase time="0.00199999999995271" classname="ds.lmerSLMA_expt_setup" name="setup"/>
    <testcase time="0.000999999999976353" classname="ds.lmerSLMA_expt_setup" name="setup"/>
  </testsuite>
  <testsuite name="ds.lmerSLMA::expt::int::multiple" timestamp="2020-07-01T15:41:51Z" hostname="fv-az29" tests="1" skipped="0" failures="0" errors="0" time="2.998">
    <testcase time="2.99800000000005" classname="ds.lmerSLMA_expt_int_multiple" name="linear_mixed_model_with_2_levels_of_hierarchy"/>
  </testsuite>
  <testsuite name="ds.lmerSLMA::expt::done" timestamp="2020-07-01T15:41:54Z" hostname="fv-az29" tests="0" skipped="0" failures="0" errors="0" time="0"/>
  <testsuite name="ds.mean()::expt::combine::multiple" timestamp="2020-07-01T15:41:54Z" hostname="fv-az29" tests="8" skipped="0" failures="0" errors="0" time="15.275">
    <testcase time="6.55700000000002" classname="ds.mean_expt_combine_multiple" name="combined_data_set"/>
    <testcase time="1.22800000000007" classname="ds.mean_expt_combine_multiple" name="combined_data_set"/>
    <testcase time="1.36400000000003" classname="ds.mean_expt_combine_multiple" name="combined_data_set"/>
    <testcase time="1.23099999999999" classname="ds.mean_expt_combine_multiple" name="combined_data_set"/>
    <testcase time="1.22000000000003" classname="ds.mean_expt_combine_multiple" name="combined_data_set"/>
    <testcase time="1.22399999999993" classname="ds.mean_expt_combine_multiple" name="combined_data_set"/>
    <testcase time="1.22800000000007" classname="ds.mean_expt_combine_multiple" name="combined_data_set"/>
    <testcase time="1.22299999999996" classname="ds.mean_expt_combine_multiple" name="combined_data_set"/>
  </testsuite>
  <testsuite name="ds.mean()::expt::split::multiple" timestamp="2020-07-01T15:42:09Z" hostname="fv-az29" tests="24" skipped="0" failures="0" errors="0" time="15.029">
    <testcase time="6.27700000000004" classname="ds.mean_expt_split_multiple" name="split_data_set"/>
    <testcase time="0.00199999999995271" classname="ds.mean_expt_split_multiple" name="split_data_set"/>
    <testcase time="0.000999999999976353" classname="ds.mean_expt_split_multiple" name="split_data_set"/>
    <testcase time="1.22499999999991" classname="ds.mean_expt_split_multiple" name="split_data_set"/>
    <testcase time="0.00300000000015643" classname="ds.mean_expt_split_multiple" name="split_data_set"/>
    <testcase time="0.000999999999976353" classname="ds.mean_expt_split_multiple" name="split_data_set"/>
    <testcase time="1.36299999999983" classname="ds.mean_expt_split_multiple" name="split_data_set"/>
    <testcase time="0.00200000000018008" classname="ds.mean_expt_split_multiple" name="split_data_set"/>
    <testcase time="0.00199999999995271" classname="ds.mean_expt_split_multiple" name="split_data_set"/>
    <testcase time="1.23099999999999" classname="ds.mean_expt_split_multiple" name="split_data_set"/>
    <testcase time="0.00199999999995271" classname="ds.mean_expt_split_multiple" name="split_data_set"/>
    <testcase time="0.000999999999976353" classname="ds.mean_expt_split_multiple" name="split_data_set"/>
    <testcase time="1.21400000000017" classname="ds.mean_expt_split_multiple" name="split_data_set"/>
    <testcase time="0.00199999999995271" classname="ds.mean_expt_split_multiple" name="split_data_set"/>
    <testcase time="0.00199999999995271" classname="ds.mean_expt_split_multiple" name="split_data_set"/>
    <testcase time="1.22499999999991" classname="ds.mean_expt_split_multiple" name="split_data_set"/>
    <testcase time="0.0080000000000382" classname="ds.mean_expt_split_multiple" name="split_data_set"/>
    <testcase time="0.00199999999995271" classname="ds.mean_expt_split_multiple" name="split_data_set"/>
    <testcase time="1.22800000000007" classname="ds.mean_expt_split_multiple" name="split_data_set"/>
    <testcase time="0.00199999999995271" classname="ds.mean_expt_split_multiple" name="split_data_set"/>
    <testcase time="0.00200000000018008" classname="ds.mean_expt_split_multiple" name="split_data_set"/>
    <testcase time="1.23099999999999" classname="ds.mean_expt_split_multiple" name="split_data_set"/>
    <testcase time="0.00199999999995271" classname="ds.mean_expt_split_multiple" name="split_data_set"/>
    <testcase time="0.000999999999976353" classname="ds.mean_expt_split_multiple" name="split_data_set"/>
  </testsuite>
  <testsuite name="ds.mean()::expt::single" timestamp="2020-07-01T15:42:24Z" hostname="fv-az29" tests="8" skipped="0" failures="0" errors="0" time="9.355">
    <testcase time="4.36400000000003" classname="ds.mean_expt_single" name="combined_data_set"/>
    <testcase time="0.708000000000084" classname="ds.mean_expt_single" name="combined_data_set"/>
    <testcase time="0.743999999999915" classname="ds.mean_expt_single" name="combined_data_set"/>
    <testcase time="0.707000000000107" classname="ds.mean_expt_single" name="combined_data_set"/>
    <testcase time="0.704999999999927" classname="ds.mean_expt_single" name="combined_data_set"/>
    <testcase time="0.707999999999856" classname="ds.mean_expt_single" name="combined_data_set"/>
    <testcase time="0.706000000000131" classname="ds.mean_expt_single" name="combined_data_set"/>
    <testcase time="0.712999999999965" classname="ds.mean_expt_single" name="combined_data_set"/>
  </testsuite>
  <testsuite name="ds.mean()::expt::large_values::single" timestamp="2020-07-01T15:42:33Z" hostname="fv-az29" tests="8" skipped="0" failures="0" errors="0" time="14.785">
    <testcase time="4.78199999999993" classname="ds.mean_expt_large_values_single" name="combined_data_set"/>
    <testcase time="1.47000000000003" classname="ds.mean_expt_large_values_single" name="combined_data_set"/>
    <testcase time="1.42600000000016" classname="ds.mean_expt_large_values_single" name="combined_data_set"/>
    <testcase time="1.43299999999999" classname="ds.mean_expt_large_values_single" name="combined_data_set"/>
    <testcase time="1.41599999999994" classname="ds.mean_expt_large_values_single" name="combined_data_set"/>
    <testcase time="1.41399999999999" classname="ds.mean_expt_large_values_single" name="combined_data_set"/>
    <testcase time="1.42499999999995" classname="ds.mean_expt_large_values_single" name="combined_data_set"/>
    <testcase time="1.4190000000001" classname="ds.mean_expt_large_values_single" name="combined_data_set"/>
  </testsuite>
  <testsuite name="ds.mean()::expt::large_values::multiple" timestamp="2020-07-01T15:42:48Z" hostname="fv-az29" tests="8" skipped="0" failures="0" errors="0" time="21.164">
    <testcase time="6.86099999999988" classname="ds.mean_expt_large_values_multiple" name="combined_data_set"/>
    <testcase time="2.10900000000015" classname="ds.mean_expt_large_values_multiple" name="combined_data_set"/>
    <testcase time="2.02199999999993" classname="ds.mean_expt_large_values_multiple" name="combined_data_set"/>
    <testcase time="2.029" classname="ds.mean_expt_large_values_multiple" name="combined_data_set"/>
    <testcase time="2.048" classname="ds.mean_expt_large_values_multiple" name="combined_data_set"/>
    <testcase time="2.02700000000004" classname="ds.mean_expt_large_values_multiple" name="combined_data_set"/>
    <testcase time="2.02999999999997" classname="ds.mean_expt_large_values_multiple" name="combined_data_set"/>
    <testcase time="2.03800000000001" classname="ds.mean_expt_large_values_multiple" name="combined_data_set"/>
  </testsuite>
  <testsuite name="ds.reShape()::expt::multiple" timestamp="2020-07-01T15:43:09Z" hostname="fv-az29" tests="1" skipped="1" failures="0" errors="0" time="0.988">
    <testcase time="0.988000000000056" classname="ds.reShape_expt_multiple" name="copy_and_transform">
      <skipped/>
    </testcase>
  </testsuite>
  <testsuite name="ds.var()::expt::multiple" timestamp="2020-07-01T15:43:10Z" hostname="fv-az29" tests="8" skipped="0" failures="0" errors="0" time="14.601">
    <testcase time="5.91699999999992" classname="ds.var_expt_multiple" name="combined_data_set"/>
    <testcase time="1.23800000000006" classname="ds.var_expt_multiple" name="combined_data_set"/>
    <testcase time="1.33499999999981" classname="ds.var_expt_multiple" name="combined_data_set"/>
    <testcase time="1.221" classname="ds.var_expt_multiple" name="combined_data_set"/>
    <testcase time="1.21800000000007" classname="ds.var_expt_multiple" name="combined_data_set"/>
    <testcase time="1.22299999999996" classname="ds.var_expt_multiple" name="combined_data_set"/>
    <testcase time="1.22199999999998" classname="ds.var_expt_multiple" name="combined_data_set"/>
    <testcase time="1.22700000000009" classname="ds.var_expt_multiple" name="combined_data_set"/>
  </testsuite>
  <testsuite name="ds.var()::expt::single" timestamp="2020-07-01T15:43:25Z" hostname="fv-az29" tests="24" skipped="0" failures="0" errors="0" time="15.018">
    <testcase time="6.279" classname="ds.var_expt_single" name="split_data_set"/>
    <testcase time="0.00199999999995271" classname="ds.var_expt_single" name="split_data_set"/>
    <testcase time="0.000999999999976353" classname="ds.var_expt_single" name="split_data_set"/>
    <testcase time="1.25300000000016" classname="ds.var_expt_single" name="split_data_set"/>
    <testcase time="0.000999999999976353" classname="ds.var_expt_single" name="split_data_set"/>
    <testcase time="0.00199999999995271" classname="ds.var_expt_single" name="split_data_set"/>
    <testcase time="1.31899999999996" classname="ds.var_expt_single" name="split_data_set"/>
    <testcase time="0.00199999999995271" classname="ds.var_expt_single" name="split_data_set"/>
    <testcase time="0.00200000000018008" classname="ds.var_expt_single" name="split_data_set"/>
    <testcase time="1.23399999999992" classname="ds.var_expt_single" name="split_data_set"/>
    <testcase time="0.000999999999976353" classname="ds.var_expt_single" name="split_data_set"/>
    <testcase time="0.00199999999995271" classname="ds.var_expt_single" name="split_data_set"/>
    <testcase time="1.221" classname="ds.var_expt_single" name="split_data_set"/>
    <testcase time="0.00199999999995271" classname="ds.var_expt_single" name="split_data_set"/>
    <testcase time="0.00200000000018008" classname="ds.var_expt_single" name="split_data_set"/>
    <testcase time="1.24000000000001" classname="ds.var_expt_single" name="split_data_set"/>
    <testcase time="0.00199999999995271" classname="ds.var_expt_single" name="split_data_set"/>
    <testcase time="0.00199999999995271" classname="ds.var_expt_single" name="split_data_set"/>
    <testcase time="1.21800000000007" classname="ds.var_expt_single" name="split_data_set"/>
    <testcase time="0.00199999999995271" classname="ds.var_expt_single" name="split_data_set"/>
    <testcase time="0.00199999999995271" classname="ds.var_expt_single" name="split_data_set"/>
    <testcase time="1.22499999999991" classname="ds.var_expt_single" name="split_data_set"/>
    <testcase time="0.00200000000018008" classname="ds.var_expt_single" name="split_data_set"/>
    <testcase time="0.00199999999995271" classname="ds.var_expt_single" name="split_data_set"/>
  </testsuite>
  <testsuite name="ds.var()::expt::large_values::multiple" timestamp="2020-07-01T15:43:40Z" hostname="fv-az29" tests="8" skipped="0" failures="0" errors="0" time="21.434">
    <testcase time="7.12099999999987" classname="ds.var_expt_large_values_multiple" name="large_values"/>
    <testcase time="2.11400000000003" classname="ds.var_expt_large_values_multiple" name="large_values"/>
    <testcase time="2.03500000000008" classname="ds.var_expt_large_values_multiple" name="large_values"/>
    <testcase time="2.03999999999996" classname="ds.var_expt_large_values_multiple" name="large_values"/>
    <testcase time="2.04600000000005" classname="ds.var_expt_large_values_multiple" name="large_values"/>
    <testcase time="2.02500000000009" classname="ds.var_expt_large_values_multiple" name="large_values"/>
    <testcase time="2.00999999999999" classname="ds.var_expt_large_values_multiple" name="large_values"/>
    <testcase time="2.04299999999989" classname="ds.var_expt_large_values_multiple" name="large_values"/>
  </testsuite>
  <testsuite name="ds.var()::expt::large_values::single" timestamp="2020-07-01T15:44:01Z" hostname="fv-az29" tests="8" skipped="0" failures="0" errors="0" time="15.119">
    <testcase time="5.10599999999999" classname="ds.var_expt_large_values_single" name="large_values"/>
    <testcase time="1.48099999999999" classname="ds.var_expt_large_values_single" name="large_values"/>
    <testcase time="1.42500000000018" classname="ds.var_expt_large_values_single" name="large_values"/>
    <testcase time="1.42399999999998" classname="ds.var_expt_large_values_single" name="large_values"/>
    <testcase time="1.42699999999968" classname="ds.var_expt_large_values_single" name="large_values"/>
    <testcase time="1.42000000000007" classname="ds.var_expt_large_values_single" name="large_values"/>
    <testcase time="1.41300000000001" classname="ds.var_expt_large_values_single" name="large_values"/>
    <testcase time="1.42300000000023" classname="ds.var_expt_large_values_single" name="large_values"/>
  </testsuite>
  <testsuite name="ds.mean()::math::residual::multiple" timestamp="2020-07-01T15:44:16Z" hostname="fv-az29" tests="32" skipped="0" failures="0" errors="0" time="24.582">
    <testcase time="6.02199999999993" classname="ds.mean_math_residual_multiple" name="residual_deviation_tends_to_0"/>
    <testcase time="1.22299999999996" classname="ds.mean_math_residual_multiple" name="residual_deviation_tends_to_0"/>
    <testcase time="1.36099999999988" classname="ds.mean_math_residual_multiple" name="residual_deviation_tends_to_0"/>
    <testcase time="1.21599999999989" classname="ds.mean_math_residual_multiple" name="residual_deviation_tends_to_0"/>
    <testcase time="1.22600000000011" classname="ds.mean_math_residual_multiple" name="residual_deviation_tends_to_0"/>
    <testcase time="1.22200000000021" classname="ds.mean_math_residual_multiple" name="residual_deviation_tends_to_0"/>
    <testcase time="1.25799999999981" classname="ds.mean_math_residual_multiple" name="residual_deviation_tends_to_0"/>
    <testcase time="1.22400000000016" classname="ds.mean_math_residual_multiple" name="residual_deviation_tends_to_0"/>
    <testcase time="1.22899999999981" classname="ds.mean_math_residual_multiple" name="residual_deviation_tends_to_0"/>
    <testcase time="0.00199999999995271" classname="ds.mean_math_residual_multiple" name="residual_deviation_tends_to_0"/>
    <testcase time="0.00199999999995271" classname="ds.mean_math_residual_multiple" name="residual_deviation_tends_to_0"/>
    <testcase time="1.22300000000041" classname="ds.mean_math_residual_multiple" name="residual_deviation_tends_to_0"/>
    <testcase time="0.00199999999995271" classname="ds.mean_math_residual_multiple" name="residual_deviation_tends_to_0"/>
    <testcase time="0.00199999999995271" classname="ds.mean_math_residual_multiple" name="residual_deviation_tends_to_0"/>
    <testcase time="1.221" classname="ds.mean_math_residual_multiple" name="residual_deviation_tends_to_0"/>
    <testcase time="0.000999999999748979" classname="ds.mean_math_residual_multiple" name="residual_deviation_tends_to_0"/>
    <testcase time="0.00199999999995271" classname="ds.mean_math_residual_multiple" name="residual_deviation_tends_to_0"/>
    <testcase time="1.23199999999997" classname="ds.mean_math_residual_multiple" name="residual_deviation_tends_to_0"/>
    <testcase time="0.00200000000040745" classname="ds.mean_math_residual_multiple" name="residual_deviation_tends_to_0"/>
    <testcase time="0.00199999999995271" classname="ds.mean_math_residual_multiple" name="residual_deviation_tends_to_0"/>
    <testcase time="1.22299999999996" classname="ds.mean_math_residual_multiple" name="residual_deviation_tends_to_0"/>
    <testcase time="0.000999999999748979" classname="ds.mean_math_residual_multiple" name="residual_deviation_tends_to_0"/>
    <testcase time="0.00199999999995271" classname="ds.mean_math_residual_multiple" name="residual_deviation_tends_to_0"/>
    <testcase time="1.22899999999981" classname="ds.mean_math_residual_multiple" name="residual_deviation_tends_to_0"/>
    <testcase time="0.00199999999995271" classname="ds.mean_math_residual_multiple" name="residual_deviation_tends_to_0"/>
    <testcase time="0.00300000000015643" classname="ds.mean_math_residual_multiple" name="residual_deviation_tends_to_0"/>
    <testcase time="1.22299999999996" classname="ds.mean_math_residual_multiple" name="residual_deviation_tends_to_0"/>
    <testcase time="0.00199999999995271" classname="ds.mean_math_residual_multiple" name="residual_deviation_tends_to_0"/>
    <testcase time="0.00199999999995271" classname="ds.mean_math_residual_multiple" name="residual_deviation_tends_to_0"/>
    <testcase time="1.21900000000005" classname="ds.mean_math_residual_multiple" name="residual_deviation_tends_to_0"/>
    <testcase time="0.00199999999995271" classname="ds.mean_math_residual_multiple" name="residual_deviation_tends_to_0"/>
    <testcase time="0.00200000000040745" classname="ds.mean_math_residual_multiple" name="residual_deviation_tends_to_0"/>
  </testsuite>
  <testsuite name="ds.mean()::math::residual::multiple" timestamp="2020-07-01T15:44:41Z" hostname="fv-az29" tests="32" skipped="0" failures="0" errors="0" time="24.873">
    <testcase time="6.29199999999992" classname="ds.mean_math_residual_multiple" name="residual_deviation_tends_to_0"/>
    <testcase time="1.2199999999998" classname="ds.mean_math_residual_multiple" name="residual_deviation_tends_to_0"/>
    <testcase time="1.35199999999986" classname="ds.mean_math_residual_multiple" name="residual_deviation_tends_to_0"/>
    <testcase time="1.22299999999996" classname="ds.mean_math_residual_multiple" name="residual_deviation_tends_to_0"/>
    <testcase time="1.21500000000015" classname="ds.mean_math_residual_multiple" name="residual_deviation_tends_to_0"/>
    <testcase time="1.22600000000011" classname="ds.mean_math_residual_multiple" name="residual_deviation_tends_to_0"/>
    <testcase time="1.25099999999975" classname="ds.mean_math_residual_multiple" name="residual_deviation_tends_to_0"/>
    <testcase time="1.23299999999972" classname="ds.mean_math_residual_multiple" name="residual_deviation_tends_to_0"/>
    <testcase time="1.23900000000003" classname="ds.mean_math_residual_multiple" name="residual_deviation_tends_to_0"/>
    <testcase time="0.00100000000020373" classname="ds.mean_math_residual_multiple" name="residual_deviation_tends_to_0"/>
    <testcase time="0.00199999999995271" classname="ds.mean_math_residual_multiple" name="residual_deviation_tends_to_0"/>
    <testcase time="1.23700000000008" classname="ds.mean_math_residual_multiple" name="residual_deviation_tends_to_0"/>
    <testcase time="0.000999999999748979" classname="ds.mean_math_residual_multiple" name="residual_deviation_tends_to_0"/>
    <testcase time="0.000999999999748979" classname="ds.mean_math_residual_multiple" name="residual_deviation_tends_to_0"/>
    <testcase time="1.22600000000011" classname="ds.mean_math_residual_multiple" name="residual_deviation_tends_to_0"/>
    <testcase time="0.00199999999995271" classname="ds.mean_math_residual_multiple" name="residual_deviation_tends_to_0"/>
    <testcase time="0.00199999999995271" classname="ds.mean_math_residual_multiple" name="residual_deviation_tends_to_0"/>
    <testcase time="1.22800000000007" classname="ds.mean_math_residual_multiple" name="residual_deviation_tends_to_0"/>
    <testcase time="0.00100000000020373" classname="ds.mean_math_residual_multiple" name="residual_deviation_tends_to_0"/>
    <testcase time="0.00199999999995271" classname="ds.mean_math_residual_multiple" name="residual_deviation_tends_to_0"/>
    <testcase time="1.22800000000007" classname="ds.mean_math_residual_multiple" name="residual_deviation_tends_to_0"/>
    <testcase time="0.00199999999995271" classname="ds.mean_math_residual_multiple" name="residual_deviation_tends_to_0"/>
    <testcase time="0.00199999999995271" classname="ds.mean_math_residual_multiple" name="residual_deviation_tends_to_0"/>
    <testcase time="1.23000000000002" classname="ds.mean_math_residual_multiple" name="residual_deviation_tends_to_0"/>
    <testcase time="0.00199999999995271" classname="ds.mean_math_residual_multiple" name="residual_deviation_tends_to_0"/>
    <testcase time="0.00199999999995271" classname="ds.mean_math_residual_multiple" name="residual_deviation_tends_to_0"/>
    <testcase time="1.22699999999986" classname="ds.mean_math_residual_multiple" name="residual_deviation_tends_to_0"/>
    <testcase time="0.00199999999995271" classname="ds.mean_math_residual_multiple" name="residual_deviation_tends_to_0"/>
    <testcase time="0.00200000000040745" classname="ds.mean_math_residual_multiple" name="residual_deviation_tends_to_0"/>
    <testcase time="1.2189999999996" classname="ds.mean_math_residual_multiple" name="residual_deviation_tends_to_0"/>
    <testcase time="0.00200000000040745" classname="ds.mean_math_residual_multiple" name="residual_deviation_tends_to_0"/>
    <testcase time="0.000999999999748979" classname="ds.mean_math_residual_multiple" name="residual_deviation_tends_to_0"/>
  </testsuite>
  <testsuite name="ds.mean()::math::location_parameter::single" timestamp="2020-07-01T15:45:06Z" hostname="fv-az29" tests="8" skipped="0" failures="0" errors="0" time="20.78">
    <testcase time="5.88799999999992" classname="ds.mean_math_location_parameter_single" name="mean_X_a_mean_X_a"/>
    <testcase time="2.12899999999991" classname="ds.mean_math_location_parameter_single" name="mean_X_a_mean_X_a"/>
    <testcase time="2.12400000000025" classname="ds.mean_math_location_parameter_single" name="mean_X_a_mean_X_a"/>
    <testcase time="2.11699999999973" classname="ds.mean_math_location_parameter_single" name="mean_X_a_mean_X_a"/>
    <testcase time="2.11600000000044" classname="ds.mean_math_location_parameter_single" name="mean_X_a_mean_X_a"/>
    <testcase time="2.13099999999986" classname="ds.mean_math_location_parameter_single" name="mean_X_a_mean_X_a"/>
    <testcase time="2.15499999999975" classname="ds.mean_math_location_parameter_single" name="mean_X_a_mean_X_a"/>
    <testcase time="2.12000000000035" classname="ds.mean_math_location_parameter_single" name="mean_X_a_mean_X_a"/>
  </testsuite>
  <testsuite name="ds.mean()::math::location_parameter::multiple" timestamp="2020-07-01T15:45:27Z" hostname="fv-az29" tests="8" skipped="0" failures="0" errors="0" time="31.26">
    <testcase time="8.33099999999968" classname="ds.mean_math_location_parameter_multiple" name="mean_X_a_mean_X_a"/>
    <testcase time="3.26600000000008" classname="ds.mean_math_location_parameter_multiple" name="mean_X_a_mean_X_a"/>
    <testcase time="3.25399999999991" classname="ds.mean_math_location_parameter_multiple" name="mean_X_a_mean_X_a"/>
    <testcase time="3.25500000000011" classname="ds.mean_math_location_parameter_multiple" name="mean_X_a_mean_X_a"/>
    <testcase time="3.26499999999987" classname="ds.mean_math_location_parameter_multiple" name="mean_X_a_mean_X_a"/>
    <testcase time="3.28800000000001" classname="ds.mean_math_location_parameter_multiple" name="mean_X_a_mean_X_a"/>
    <testcase time="3.33800000000019" classname="ds.mean_math_location_parameter_multiple" name="mean_X_a_mean_X_a"/>
    <testcase time="3.26299999999992" classname="ds.mean_math_location_parameter_multiple" name="mean_X_a_mean_X_a"/>
  </testsuite>
  <testsuite name="ds.mean()::math::scale::multiple" timestamp="2020-07-01T15:45:58Z" hostname="fv-az29" tests="8" skipped="0" failures="0" errors="0" time="31.597">
    <testcase time="8.50599999999986" classname="ds.mean_math_scale_multiple" name="mean_X_a_mean_X_a"/>
    <testcase time="3.24900000000025" classname="ds.mean_math_scale_multiple" name="mean_X_a_mean_X_a"/>
    <testcase time="3.24199999999973" classname="ds.mean_math_scale_multiple" name="mean_X_a_mean_X_a"/>
    <testcase time="3.24200000000019" classname="ds.mean_math_scale_multiple" name="mean_X_a_mean_X_a"/>
    <testcase time="3.24900000000025" classname="ds.mean_math_scale_multiple" name="mean_X_a_mean_X_a"/>
    <testcase time="3.23499999999967" classname="ds.mean_math_scale_multiple" name="mean_X_a_mean_X_a"/>
    <testcase time="3.63700000000017" classname="ds.mean_math_scale_multiple" name="mean_X_a_mean_X_a"/>
    <testcase time="3.23700000000008" classname="ds.mean_math_scale_multiple" name="mean_X_a_mean_X_a"/>
  </testsuite>
  <testsuite name="ds.mean()::math::scale::single" timestamp="2020-07-01T15:46:29Z" hostname="fv-az29" tests="8" skipped="0" failures="0" errors="0" time="20.913">
    <testcase time="5.904" classname="ds.mean_math_scale_single" name="mean_X_a_mean_X_a"/>
    <testcase time="2.12899999999991" classname="ds.mean_math_scale_single" name="mean_X_a_mean_X_a"/>
    <testcase time="2.14100000000008" classname="ds.mean_math_scale_single" name="mean_X_a_mean_X_a"/>
    <testcase time="2.13899999999967" classname="ds.mean_math_scale_single" name="mean_X_a_mean_X_a"/>
    <testcase time="2.13100000000031" classname="ds.mean_math_scale_single" name="mean_X_a_mean_X_a"/>
    <testcase time="2.154" classname="ds.mean_math_scale_single" name="mean_X_a_mean_X_a"/>
    <testcase time="2.17700000000013" classname="ds.mean_math_scale_single" name="mean_X_a_mean_X_a"/>
    <testcase time="2.13799999999992" classname="ds.mean_math_scale_single" name="mean_X_a_mean_X_a"/>
  </testsuite>
  <testsuite name="ds.var()::math::positive_result::multiple" timestamp="2020-07-01T15:46:50Z" hostname="fv-az29" tests="32" skipped="0" failures="0" errors="0" time="24.51">
    <testcase time="5.98799999999983" classname="ds.var_math_positive_result_multiple" name="variance_0"/>
    <testcase time="1.22600000000011" classname="ds.var_math_positive_result_multiple" name="variance_0"/>
    <testcase time="1.31099999999969" classname="ds.var_math_positive_result_multiple" name="variance_0"/>
    <testcase time="1.2170000000001" classname="ds.var_math_positive_result_multiple" name="variance_0"/>
    <testcase time="1.221" classname="ds.var_math_positive_result_multiple" name="variance_0"/>
    <testcase time="1.22299999999996" classname="ds.var_math_positive_result_multiple" name="variance_0"/>
    <testcase time="1.21199999999999" classname="ds.var_math_positive_result_multiple" name="variance_0"/>
    <testcase time="1.23100000000022" classname="ds.var_math_positive_result_multiple" name="variance_0"/>
    <testcase time="1.23900000000003" classname="ds.var_math_positive_result_multiple" name="variance_0"/>
    <testcase time="0.000999999999748979" classname="ds.var_math_positive_result_multiple" name="variance_0"/>
    <testcase time="0.00100000000020373" classname="ds.var_math_positive_result_multiple" name="variance_0"/>
    <testcase time="1.23099999999977" classname="ds.var_math_positive_result_multiple" name="variance_0"/>
    <testcase time="0.00200000000040745" classname="ds.var_math_positive_result_multiple" name="variance_0"/>
    <testcase time="0.000999999999748979" classname="ds.var_math_positive_result_multiple" name="variance_0"/>
    <testcase time="1.221" classname="ds.var_math_positive_result_multiple" name="variance_0"/>
    <testcase time="0.00100000000020373" classname="ds.var_math_positive_result_multiple" name="variance_0"/>
    <testcase time="0.00199999999995271" classname="ds.var_math_positive_result_multiple" name="variance_0"/>
    <testcase time="1.22299999999996" classname="ds.var_math_positive_result_multiple" name="variance_0"/>
    <testcase time="0.00199999999995271" classname="ds.var_math_positive_result_multiple" name="variance_0"/>
    <testcase time="0.00199999999995271" classname="ds.var_math_positive_result_multiple" name="variance_0"/>
    <testcase time="1.23100000000022" classname="ds.var_math_positive_result_multiple" name="variance_0"/>
    <testcase time="0.00199999999995271" classname="ds.var_math_positive_result_multiple" name="variance_0"/>
    <testcase time="0.00199999999995271" classname="ds.var_math_positive_result_multiple" name="variance_0"/>
    <testcase time="1.23799999999983" classname="ds.var_math_positive_result_multiple" name="variance_0"/>
    <testcase time="0.00199999999995271" classname="ds.var_math_positive_result_multiple" name="variance_0"/>
    <testcase time="0.00100000000020373" classname="ds.var_math_positive_result_multiple" name="variance_0"/>
    <testcase time="1.23799999999983" classname="ds.var_math_positive_result_multiple" name="variance_0"/>
    <testcase time="0.00199999999995271" classname="ds.var_math_positive_result_multiple" name="variance_0"/>
    <testcase time="0.00199999999995271" classname="ds.var_math_positive_result_multiple" name="variance_0"/>
    <testcase time="1.23300000000017" classname="ds.var_math_positive_result_multiple" name="variance_0"/>
    <testcase time="0.00199999999995271" classname="ds.var_math_positive_result_multiple" name="variance_0"/>
    <testcase time="0.00199999999995271" classname="ds.var_math_positive_result_multiple" name="variance_0"/>
  </testsuite>
  <testsuite name="ds.var()::math::positive_result::single" timestamp="2020-07-01T15:47:15Z" hostname="fv-az29" tests="32" skipped="0" failures="0" errors="0" time="15.104">
    <testcase time="4.38000000000011" classname="ds.var_math_positive_result_single" name="variance_0"/>
    <testcase time="0.710999999999785" classname="ds.var_math_positive_result_single" name="variance_0"/>
    <testcase time="0.755000000000109" classname="ds.var_math_positive_result_single" name="variance_0"/>
    <testcase time="0.715999999999894" classname="ds.var_math_positive_result_single" name="variance_0"/>
    <testcase time="0.72400000000016" classname="ds.var_math_positive_result_single" name="variance_0"/>
    <testcase time="0.711999999999989" classname="ds.var_math_positive_result_single" name="variance_0"/>
    <testcase time="0.70699999999988" classname="ds.var_math_positive_result_single" name="variance_0"/>
    <testcase time="0.704000000000178" classname="ds.var_math_positive_result_single" name="variance_0"/>
    <testcase time="0.708000000000084" classname="ds.var_math_positive_result_single" name="variance_0"/>
    <testcase time="0.00199999999995271" classname="ds.var_math_positive_result_single" name="variance_0"/>
    <testcase time="0.000999999999748979" classname="ds.var_math_positive_result_single" name="variance_0"/>
    <testcase time="0.708000000000084" classname="ds.var_math_positive_result_single" name="variance_0"/>
    <testcase time="0.00199999999995271" classname="ds.var_math_positive_result_single" name="variance_0"/>
    <testcase time="0.00100000000020373" classname="ds.var_math_positive_result_single" name="variance_0"/>
    <testcase time="0.710999999999785" classname="ds.var_math_positive_result_single" name="variance_0"/>
    <testcase time="0.00100000000020373" classname="ds.var_math_positive_result_single" name="variance_0"/>
    <testcase time="0.00199999999995271" classname="ds.var_math_positive_result_single" name="variance_0"/>
    <testcase time="0.71100000000024" classname="ds.var_math_positive_result_single" name="variance_0"/>
    <testcase time="0.00199999999995271" classname="ds.var_math_positive_result_single" name="variance_0"/>
    <testcase time="0.000999999999748979" classname="ds.var_math_positive_result_single" name="variance_0"/>
    <testcase time="0.710000000000036" classname="ds.var_math_positive_result_single" name="variance_0"/>
    <testcase time="0.00199999999995271" classname="ds.var_math_positive_result_single" name="variance_0"/>
    <testcase time="0.00199999999995271" classname="ds.var_math_positive_result_single" name="variance_0"/>
    <testcase time="0.708000000000084" classname="ds.var_math_positive_result_single" name="variance_0"/>
    <testcase time="0.00300000000015643" classname="ds.var_math_positive_result_single" name="variance_0"/>
    <testcase time="0.000999999999748979" classname="ds.var_math_positive_result_single" name="variance_0"/>
    <testcase time="0.70699999999988" classname="ds.var_math_positive_result_single" name="variance_0"/>
    <testcase time="0.00199999999995271" classname="ds.var_math_positive_result_single" name="variance_0"/>
    <testcase time="0.00199999999995271" classname="ds.var_math_positive_result_single" name="variance_0"/>
    <testcase time="0.704000000000178" classname="ds.var_math_positive_result_single" name="variance_0"/>
    <testcase time="0.00199999999995271" classname="ds.var_math_positive_result_single" name="variance_0"/>
    <testcase time="0.00199999999995271" classname="ds.var_math_positive_result_single" name="variance_0"/>
  </testsuite>
  <testsuite name="ds.var()::math::square_root_std::single" timestamp="2020-07-01T15:47:30Z" hostname="fv-az29" tests="8" skipped="0" failures="0" errors="0" time="5.462">
    <testcase time="3.74000000000024" classname="ds.var_math_square_root_std_single" name="variance_is_to_the_power_of_2_of_the_standard_deviation"/>
    <testcase time="0.244000000000142" classname="ds.var_math_square_root_std_single" name="variance_is_to_the_power_of_2_of_the_standard_deviation"/>
    <testcase time="0.237999999999829" classname="ds.var_math_square_root_std_single" name="variance_is_to_the_power_of_2_of_the_standard_deviation"/>
    <testcase time="0.240999999999985" classname="ds.var_math_square_root_std_single" name="variance_is_to_the_power_of_2_of_the_standard_deviation"/>
    <testcase time="0.240999999999985" classname="ds.var_math_square_root_std_single" name="variance_is_to_the_power_of_2_of_the_standard_deviation"/>
    <testcase time="0.238000000000284" classname="ds.var_math_square_root_std_single" name="variance_is_to_the_power_of_2_of_the_standard_deviation"/>
    <testcase time="0.240999999999985" classname="ds.var_math_square_root_std_single" name="variance_is_to_the_power_of_2_of_the_standard_deviation"/>
    <testcase time="0.278999999999996" classname="ds.var_math_square_root_std_single" name="variance_is_to_the_power_of_2_of_the_standard_deviation"/>
  </testsuite>
  <testsuite name="ds.var()::math::square_root_std::multiple" timestamp="2020-07-01T15:47:35Z" hostname="fv-az29" tests="32" skipped="0" failures="0" errors="0" time="9.273">
    <testcase time="5.07099999999991" classname="ds.var_math_square_root_std_multiple" name="variance_is_to_the_power_of_2_of_the_standard_deviation"/>
    <testcase time="0.274000000000342" classname="ds.var_math_square_root_std_multiple" name="variance_is_to_the_power_of_2_of_the_standard_deviation"/>
    <testcase time="0.275000000000091" classname="ds.var_math_square_root_std_multiple" name="variance_is_to_the_power_of_2_of_the_standard_deviation"/>
    <testcase time="0.268999999999778" classname="ds.var_math_square_root_std_multiple" name="variance_is_to_the_power_of_2_of_the_standard_deviation"/>
    <testcase time="0.277999999999793" classname="ds.var_math_square_root_std_multiple" name="variance_is_to_the_power_of_2_of_the_standard_deviation"/>
    <testcase time="0.276000000000295" classname="ds.var_math_square_root_std_multiple" name="variance_is_to_the_power_of_2_of_the_standard_deviation"/>
    <testcase time="0.286999999999807" classname="ds.var_math_square_root_std_multiple" name="variance_is_to_the_power_of_2_of_the_standard_deviation"/>
    <testcase time="0.336999999999989" classname="ds.var_math_square_root_std_multiple" name="variance_is_to_the_power_of_2_of_the_standard_deviation"/>
    <testcase time="0.282999999999902" classname="ds.var_math_square_root_std_multiple" name="variance_is_to_the_power_of_2_of_the_standard_deviation"/>
    <testcase time="0.00100000000020373" classname="ds.var_math_square_root_std_multiple" name="variance_is_to_the_power_of_2_of_the_standard_deviation"/>
    <testcase time="0.00199999999995271" classname="ds.var_math_square_root_std_multiple" name="variance_is_to_the_power_of_2_of_the_standard_deviation"/>
    <testcase time="0.271999999999935" classname="ds.var_math_square_root_std_multiple" name="variance_is_to_the_power_of_2_of_the_standard_deviation"/>
    <testcase time="0.00199999999995271" classname="ds.var_math_square_root_std_multiple" name="variance_is_to_the_power_of_2_of_the_standard_deviation"/>
    <testcase time="0.00100000000020373" classname="ds.var_math_square_root_std_multiple" name="variance_is_to_the_power_of_2_of_the_standard_deviation"/>
    <testcase time="0.271000000000186" classname="ds.var_math_square_root_std_multiple" name="variance_is_to_the_power_of_2_of_the_standard_deviation"/>
    <testcase time="0.00199999999995271" classname="ds.var_math_square_root_std_multiple" name="variance_is_to_the_power_of_2_of_the_standard_deviation"/>
    <testcase time="0.000999999999748979" classname="ds.var_math_square_root_std_multiple" name="variance_is_to_the_power_of_2_of_the_standard_deviation"/>
    <testcase time="0.271999999999935" classname="ds.var_math_square_root_std_multiple" name="variance_is_to_the_power_of_2_of_the_standard_deviation"/>
    <testcase time="0.00100000000020373" classname="ds.var_math_square_root_std_multiple" name="variance_is_to_the_power_of_2_of_the_standard_deviation"/>
    <testcase time="0.00199999999995271" classname="ds.var_math_square_root_std_multiple" name="variance_is_to_the_power_of_2_of_the_standard_deviation"/>
    <testcase time="0.268000000000029" classname="ds.var_math_square_root_std_multiple" name="variance_is_to_the_power_of_2_of_the_standard_deviation"/>
    <testcase time="0.000999999999748979" classname="ds.var_math_square_root_std_multiple" name="variance_is_to_the_power_of_2_of_the_standard_deviation"/>
    <testcase time="0.00200000000040745" classname="ds.var_math_square_root_std_multiple" name="variance_is_to_the_power_of_2_of_the_standard_deviation"/>
    <testcase time="0.271999999999935" classname="ds.var_math_square_root_std_multiple" name="variance_is_to_the_power_of_2_of_the_standard_deviation"/>
    <testcase time="0.00299999999970169" classname="ds.var_math_square_root_std_multiple" name="variance_is_to_the_power_of_2_of_the_standard_deviation"/>
    <testcase time="0.00199999999995271" classname="ds.var_math_square_root_std_multiple" name="variance_is_to_the_power_of_2_of_the_standard_deviation"/>
    <testcase time="0.262000000000171" classname="ds.var_math_square_root_std_multiple" name="variance_is_to_the_power_of_2_of_the_standard_deviation"/>
    <testcase time="0.00300000000015643" classname="ds.var_math_square_root_std_multiple" name="variance_is_to_the_power_of_2_of_the_standard_deviation"/>
    <testcase time="0.00299999999970169" classname="ds.var_math_square_root_std_multiple" name="variance_is_to_the_power_of_2_of_the_standard_deviation"/>
    <testcase time="0.276000000000295" classname="ds.var_math_square_root_std_multiple" name="variance_is_to_the_power_of_2_of_the_standard_deviation"/>
    <testcase time="0.00199999999995271" classname="ds.var_math_square_root_std_multiple" name="variance_is_to_the_power_of_2_of_the_standard_deviation"/>
    <testcase time="0.00199999999995271" classname="ds.var_math_square_root_std_multiple" name="variance_is_to_the_power_of_2_of_the_standard_deviation"/>
  </testsuite>
  <testsuite name="ds.var()::math::location::parameter::single" timestamp="2020-07-01T15:47:45Z" hostname="fv-az29" tests="8" skipped="0" failures="0" errors="0" time="20.807">
    <testcase time="5.85899999999992" classname="ds.var_math_location_parameter_single" name="var_X_a_Var_X_"/>
    <testcase time="2.14799999999968" classname="ds.var_math_location_parameter_single" name="var_X_a_Var_X_"/>
    <testcase time="2.14000000000033" classname="ds.var_math_location_parameter_single" name="var_X_a_Var_X_"/>
    <testcase time="2.12199999999984" classname="ds.var_math_location_parameter_single" name="var_X_a_Var_X_"/>
    <testcase time="2.12100000000009" classname="ds.var_math_location_parameter_single" name="var_X_a_Var_X_"/>
    <testcase time="2.13299999999981" classname="ds.var_math_location_parameter_single" name="var_X_a_Var_X_"/>
    <testcase time="2.16400000000021" classname="ds.var_math_location_parameter_single" name="var_X_a_Var_X_"/>
    <testcase time="2.11999999999989" classname="ds.var_math_location_parameter_single" name="var_X_a_Var_X_"/>
  </testsuite>
  <testsuite name="ds.var()::math::location::parameter::multiple" timestamp="2020-07-01T15:48:06Z" hostname="fv-az29" tests="8" skipped="0" failures="0" errors="0" time="31.062">
    <testcase time="8.11999999999989" classname="ds.var_math_location_parameter_multiple" name="var_X_a_Var_X_"/>
    <testcase time="3.28600000000006" classname="ds.var_math_location_parameter_multiple" name="var_X_a_Var_X_"/>
    <testcase time="3.26200000000017" classname="ds.var_math_location_parameter_multiple" name="var_X_a_Var_X_"/>
    <testcase time="3.25599999999986" classname="ds.var_math_location_parameter_multiple" name="var_X_a_Var_X_"/>
    <testcase time="3.25799999999981" classname="ds.var_math_location_parameter_multiple" name="var_X_a_Var_X_"/>
    <testcase time="3.25600000000031" classname="ds.var_math_location_parameter_multiple" name="var_X_a_Var_X_"/>
    <testcase time="3.35300000000007" classname="ds.var_math_location_parameter_multiple" name="var_X_a_Var_X_"/>
    <testcase time="3.27099999999973" classname="ds.var_math_location_parameter_multiple" name="var_X_a_Var_X_"/>
  </testsuite>
  <testsuite name="ds.var()::math::scale::single" timestamp="2020-07-01T15:48:37Z" hostname="fv-az29" tests="8" skipped="0" failures="0" errors="0" time="20.826">
    <testcase time="5.85800000000017" classname="ds.var_math_scale_single" name="var_aX_a_2Var_X_"/>
    <testcase time="2.13200000000006" classname="ds.var_math_scale_single" name="var_aX_a_2Var_X_"/>
    <testcase time="2.13999999999987" classname="ds.var_math_scale_single" name="var_aX_a_2Var_X_"/>
    <testcase time="2.14499999999998" classname="ds.var_math_scale_single" name="var_aX_a_2Var_X_"/>
    <testcase time="2.13000000000011" classname="ds.var_math_scale_single" name="var_aX_a_2Var_X_"/>
    <testcase time="2.13999999999987" classname="ds.var_math_scale_single" name="var_aX_a_2Var_X_"/>
    <testcase time="2.16100000000006" classname="ds.var_math_scale_single" name="var_aX_a_2Var_X_"/>
    <testcase time="2.11999999999989" classname="ds.var_math_scale_single" name="var_aX_a_2Var_X_"/>
  </testsuite>
  <testsuite name="ds.var()::math::scale::multiple" timestamp="2020-07-01T15:48:57Z" hostname="fv-az29" tests="8" skipped="0" failures="0" errors="0" time="30.99">
    <testcase time="8.18299999999999" classname="ds.var_math_scale_multiple" name="var_aX_a_2Var_X_"/>
    <testcase time="3.27500000000009" classname="ds.var_math_scale_multiple" name="var_aX_a_2Var_X_"/>
    <testcase time="3.221" classname="ds.var_math_scale_multiple" name="var_aX_a_2Var_X_"/>
    <testcase time="3.25399999999991" classname="ds.var_math_scale_multiple" name="var_aX_a_2Var_X_"/>
    <testcase time="3.26900000000023" classname="ds.var_math_scale_multiple" name="var_aX_a_2Var_X_"/>
    <testcase time="3.2529999999997" classname="ds.var_math_scale_multiple" name="var_aX_a_2Var_X_"/>
    <testcase time="3.29500000000007" classname="ds.var_math_scale_multiple" name="var_aX_a_2Var_X_"/>
    <testcase time="3.24000000000024" classname="ds.var_math_scale_multiple" name="var_aX_a_2Var_X_"/>
  </testsuite>
  <testsuite name="checkClass::smk::discordant::setup" timestamp="2020-07-01T15:49:28Z" hostname="fv-az29" tests="3" skipped="0" failures="0" errors="0" time="5.169">
    <testcase time="5.16599999999971" classname="checkClass_smk_discordant_setup" name="setup"/>
    <testcase time="0.00100000000020373" classname="checkClass_smk_discordant_setup" name="setup"/>
    <testcase time="0.00199999999995271" classname="checkClass_smk_discordant_setup" name="setup"/>
  </testsuite>
  <testsuite name="checkClass::smk::discordant" timestamp="2020-07-01T15:49:34Z" hostname="fv-az29" tests="3" skipped="0" failures="0" errors="0" time="2.077">
    <testcase time="0.697999999999865" classname="checkClass_smk_discordant" name="simple_test_discordant_dataset_A"/>
    <testcase time="0.693000000000211" classname="checkClass_smk_discordant" name="simple_test_discordant_dataset_B"/>
    <testcase time="0.685999999999694" classname="checkClass_smk_discordant" name="simple_test_discordant_dataset_C"/>
  </testsuite>
  <testsuite name="checkClass::smk::discordant::shutdown" timestamp="2020-07-01T15:49:36Z" hostname="fv-az29" tests="3" skipped="0" failures="0" errors="0" time="0.284">
    <testcase time="0.281000000000404" classname="checkClass_smk_discordant_shutdown" name="shutdown"/>
    <testcase time="0.00199999999995271" classname="checkClass_smk_discordant_shutdown" name="shutdown"/>
    <testcase time="0.000999999999748979" classname="checkClass_smk_discordant_shutdown" name="shutdown"/>
  </testsuite>
  <testsuite name="checkClass::smk::discordant::done" timestamp="2020-07-01T15:49:37Z" hostname="fv-az29" tests="0" skipped="0" failures="0" errors="0" time="0"/>
  <testsuite name="checkClass::smk::setup" timestamp="2020-07-01T15:49:37Z" hostname="fv-az29" tests="3" skipped="0" failures="0" errors="0" time="5.508">
    <testcase time="5.50500000000011" classname="checkClass_smk_setup" name="setup"/>
    <testcase time="0.00199999999995271" classname="checkClass_smk_setup" name="setup"/>
    <testcase time="0.00100000000020373" classname="checkClass_smk_setup" name="setup"/>
  </testsuite>
  <testsuite name="checkClass::smk::simple test" timestamp="2020-07-01T15:49:41Z" hostname="fv-az29" tests="24" skipped="0" failures="0" errors="0" time="8.219">
    <testcase time="0.695999999999913" classname="checkClass_smk_simple_test" name="simple_test"/>
    <testcase time="0.00199999999995271" classname="checkClass_smk_simple_test" name="simple_test"/>
    <testcase time="0.000999999999748979" classname="checkClass_smk_simple_test" name="simple_test"/>
    <testcase time="0.6850000000004" classname="checkClass_smk_simple_test" name="simple_test"/>
    <testcase time="0.00199999999995271" classname="checkClass_smk_simple_test" name="simple_test"/>
    <testcase time="0.00199999999995271" classname="checkClass_smk_simple_test" name="simple_test"/>
    <testcase time="0.683999999999742" classname="checkClass_smk_simple_test" name="simple_test"/>
    <testcase time="0.00199999999995271" classname="checkClass_smk_simple_test" name="simple_test"/>
    <testcase time="0.00200000000040745" classname="checkClass_smk_simple_test" name="simple_test"/>
    <testcase time="0.675999999999931" classname="checkClass_smk_simple_test" name="simple_test"/>
    <testcase time="0.000999999999748979" classname="checkClass_smk_simple_test" name="simple_test"/>
    <testcase time="0.00199999999995271" classname="checkClass_smk_simple_test" name="simple_test"/>
    <testcase time="0.689000000000306" classname="checkClass_smk_simple_test" name="simple_test"/>
    <testcase time="0.00199999999995271" classname="checkClass_smk_simple_test" name="simple_test"/>
    <testcase time="0.00199999999995271" classname="checkClass_smk_simple_test" name="simple_test"/>
    <testcase time="0.684000000000196" classname="checkClass_smk_simple_test" name="simple_test"/>
    <testcase time="0.00199999999995271" classname="checkClass_smk_simple_test" name="simple_test"/>
    <testcase time="0.00199999999995271" classname="checkClass_smk_simple_test" name="simple_test"/>
    <testcase time="3.38799999999992" classname="checkClass_smk_simple_test" name="data.frame_test"/>
    <testcase time="0.00300000000015643" classname="checkClass_smk_simple_test" name="data.frame_test"/>
    <testcase time="0.000999999999748979" classname="checkClass_smk_simple_test" name="data.frame_test"/>
    <testcase time="0.688999999999851" classname="checkClass_smk_simple_test" name="missing_test"/>
    <testcase time="0.00100000000020373" classname="checkClass_smk_simple_test" name="missing_test"/>
    <testcase time="0.000999999999748979" classname="checkClass_smk_simple_test" name="missing_test"/>
  </testsuite>
  <testsuite name="checkClass::smk::shutdown" timestamp="2020-07-01T15:49:50Z" hostname="fv-az29" tests="3" skipped="0" failures="0" errors="0" time="0.288">
    <testcase time="0.286000000000058" classname="checkClass_smk_shutdown" name="shutdown"/>
    <testcase time="0.00100000000020373" classname="checkClass_smk_shutdown" name="shutdown"/>
    <testcase time="0.000999999999748979" classname="checkClass_smk_shutdown" name="shutdown"/>
  </testsuite>
  <testsuite name="checkClass::smk::done" timestamp="2020-07-01T15:49:51Z" hostname="fv-az29" tests="0" skipped="0" failures="0" errors="0" time="0"/>
  <testsuite name="ds.asCharacter::smk::setup" timestamp="2020-07-01T15:49:51Z" hostname="fv-az29" tests="3" skipped="0" failures="0" errors="0" time="5.503">
    <testcase time="5.5" classname="ds.asCharacter_smk_setup" name="setup"/>
    <testcase time="0.00199999999995271" classname="ds.asCharacter_smk_setup" name="setup"/>
    <testcase time="0.00100000000020373" classname="ds.asCharacter_smk_setup" name="setup"/>
  </testsuite>
  <testsuite name="ds.asCharacter::smk::simple test" timestamp="2020-07-01T15:49:55Z" hostname="fv-az29" tests="3" skipped="0" failures="0" errors="0" time="0.823">
    <testcase time="0.819999999999709" classname="ds.asCharacter_smk_simple_test" name="simple_test"/>
    <testcase time="0.00199999999995271" classname="ds.asCharacter_smk_simple_test" name="simple_test"/>
    <testcase time="0.00100000000020373" classname="ds.asCharacter_smk_simple_test" name="simple_test"/>
  </testsuite>
  <testsuite name="ds.asCharacter::smk::stutdown" timestamp="2020-07-01T15:49:56Z" hostname="fv-az29" tests="3" skipped="0" failures="0" errors="0" time="0.281">
    <testcase time="0.277999999999793" classname="ds.asCharacter_smk_stutdown" name="setup"/>
    <testcase time="0.00200000000040745" classname="ds.asCharacter_smk_stutdown" name="setup"/>
    <testcase time="0.000999999999748979" classname="ds.asCharacter_smk_stutdown" name="setup"/>
  </testsuite>
  <testsuite name="ds.asCharacter::smk::done" timestamp="2020-07-01T15:49:57Z" hostname="fv-az29" tests="0" skipped="0" failures="0" errors="0" time="0"/>
  <testsuite name="ds.asDataMatrix::smk::setup" timestamp="2020-07-01T15:49:57Z" hostname="fv-az29" tests="3" skipped="0" failures="0" errors="0" time="5.504">
    <testcase time="5.50199999999995" classname="ds.asDataMatrix_smk_setup" name="setup"/>
    <testcase time="0.00100000000020373" classname="ds.asDataMatrix_smk_setup" name="setup"/>
    <testcase time="0.000999999999748979" classname="ds.asDataMatrix_smk_setup" name="setup"/>
  </testsuite>
  <testsuite name="ds.asDataMatrix::smk::simple test" timestamp="2020-07-01T15:50:02Z" hostname="fv-az29" tests="3" skipped="0" failures="0" errors="0" time="0.878">
    <testcase time="0.875" classname="ds.asDataMatrix_smk_simple_test" name="simple_test"/>
    <testcase time="0.00100000000020373" classname="ds.asDataMatrix_smk_simple_test" name="simple_test"/>
    <testcase time="0.00199999999995271" classname="ds.asDataMatrix_smk_simple_test" name="simple_test"/>
  </testsuite>
  <testsuite name="ds.asDataMatrix::smk::shutdown" timestamp="2020-07-01T15:50:03Z" hostname="fv-az29" tests="3" skipped="0" failures="0" errors="0" time="0.289">
    <testcase time="0.286000000000058" classname="ds.asDataMatrix_smk_shutdown" name="shutdown"/>
    <testcase time="0.00199999999995271" classname="ds.asDataMatrix_smk_shutdown" name="shutdown"/>
    <testcase time="0.00100000000020373" classname="ds.asDataMatrix_smk_shutdown" name="shutdown"/>
  </testsuite>
  <testsuite name="ds.asDataMatrix::smk::done" timestamp="2020-07-01T15:50:04Z" hostname="fv-az29" tests="0" skipped="0" failures="0" errors="0" time="0"/>
  <testsuite name="ds.asFactor::smk::setup" timestamp="2020-07-01T15:50:04Z" hostname="fv-az29" tests="3" skipped="0" failures="0" errors="0" time="5.46">
    <testcase time="5.45599999999968" classname="ds.asFactor_smk_setup" name="setup"/>
    <testcase time="0.00199999999995271" classname="ds.asFactor_smk_setup" name="setup"/>
    <testcase time="0.00199999999995271" classname="ds.asFactor_smk_setup" name="setup"/>
  </testsuite>
  <testsuite name="ds.asFactor::smk::force.factor.levels" timestamp="2020-07-01T15:50:10Z" hostname="fv-az29" tests="25" skipped="0" failures="0" errors="0" time="13.899">
    <testcase time="2.2170000000001" classname="ds.asFactor_smk_force.factor.levels" name="with_no_force.factor.levels"/>
    <testcase time="1.22900000000027" classname="ds.asFactor_smk_force.factor.levels" name="with_no_force.factor.levels"/>
    <testcase time="0.000999999999748979" classname="ds.asFactor_smk_force.factor.levels" name="with_no_force.factor.levels"/>
    <testcase time="0.00199999999995271" classname="ds.asFactor_smk_force.factor.levels" name="with_no_force.factor.levels"/>
    <testcase time="0.00100000000020373" classname="ds.asFactor_smk_force.factor.levels" name="with_no_force.factor.levels"/>
    <testcase time="1.35599999999977" classname="ds.asFactor_smk_force.factor.levels" name="with_forced.factor.levels_of_1_6"/>
    <testcase time="1.21300000000019" classname="ds.asFactor_smk_force.factor.levels" name="with_forced.factor.levels_of_1_6"/>
    <testcase time="0.000999999999748979" classname="ds.asFactor_smk_force.factor.levels" name="with_forced.factor.levels_of_1_6"/>
    <testcase time="0.00200000000040745" classname="ds.asFactor_smk_force.factor.levels" name="with_forced.factor.levels_of_1_6"/>
    <testcase time="0.000999999999748979" classname="ds.asFactor_smk_force.factor.levels" name="with_forced.factor.levels_of_1_6"/>
    <testcase time="1.35400000000027" classname="ds.asFactor_smk_force.factor.levels" name="with_force.factor.levels_of_0_10"/>
    <testcase time="1.32599999999957" classname="ds.asFactor_smk_force.factor.levels" name="with_force.factor.levels_of_0_10"/>
    <testcase time="0.00200000000040745" classname="ds.asFactor_smk_force.factor.levels" name="with_force.factor.levels_of_0_10"/>
    <testcase time="0.00199999999995271" classname="ds.asFactor_smk_force.factor.levels" name="with_force.factor.levels_of_0_10"/>
    <testcase time="0.00199999999995271" classname="ds.asFactor_smk_force.factor.levels" name="with_force.factor.levels_of_0_10"/>
    <testcase time="1.36200000000008" classname="ds.asFactor_smk_force.factor.levels" name="with_force.factor.levels_of_2_3"/>
    <testcase time="1.23000000000002" classname="ds.asFactor_smk_force.factor.levels" name="with_force.factor.levels_of_2_3"/>
    <testcase time="0.00199999999995271" classname="ds.asFactor_smk_force.factor.levels" name="with_force.factor.levels_of_2_3"/>
    <testcase time="0.00199999999995271" classname="ds.asFactor_smk_force.factor.levels" name="with_force.factor.levels_of_2_3"/>
    <testcase time="0.00199999999995271" classname="ds.asFactor_smk_force.factor.levels" name="with_force.factor.levels_of_2_3"/>
    <testcase time="1.34900000000016" classname="ds.asFactor_smk_force.factor.levels" name="with_force.factor.levels_of_c_1_2_3_4_a_h_5_"/>
    <testcase time="1.23799999999983" classname="ds.asFactor_smk_force.factor.levels" name="with_force.factor.levels_of_c_1_2_3_4_a_h_5_"/>
    <testcase time="0.000999999999748979" classname="ds.asFactor_smk_force.factor.levels" name="with_force.factor.levels_of_c_1_2_3_4_a_h_5_"/>
    <testcase time="0.00200000000040745" classname="ds.asFactor_smk_force.factor.levels" name="with_force.factor.levels_of_c_1_2_3_4_a_h_5_"/>
    <testcase time="0.00199999999995271" classname="ds.asFactor_smk_force.factor.levels" name="with_force.factor.levels_of_c_1_2_3_4_a_h_5_"/>
  </testsuite>
  <testsuite name="ds.asFactor::smk::fixed.dummy.vars" timestamp="2020-07-01T15:50:23Z" hostname="fv-az29" tests="6" skipped="0" failures="0" errors="0" time="2.747">
    <testcase time="1.37699999999995" classname="ds.asFactor_smk_fixed.dummy.vars" name="with_fixed.dummy.vars_of_TRUE"/>
    <testcase time="0.000999999999748979" classname="ds.asFactor_smk_fixed.dummy.vars" name="with_fixed.dummy.vars_of_TRUE"/>
    <testcase time="0.00199999999995271" classname="ds.asFactor_smk_fixed.dummy.vars" name="with_fixed.dummy.vars_of_TRUE"/>
    <testcase time="1.36400000000003" classname="ds.asFactor_smk_fixed.dummy.vars" name="with_fixed.dummy.vars_of_TRUE_and_baseline.level_of_6"/>
    <testcase time="0.00199999999995271" classname="ds.asFactor_smk_fixed.dummy.vars" name="with_fixed.dummy.vars_of_TRUE_and_baseline.level_of_6"/>
    <testcase time="0.00100000000020373" classname="ds.asFactor_smk_fixed.dummy.vars" name="with_fixed.dummy.vars_of_TRUE_and_baseline.level_of_6"/>
  </testsuite>
  <testsuite name="ds.asFactor::smk::shutdown" timestamp="2020-07-01T15:50:25Z" hostname="fv-az29" tests="3" skipped="0" failures="0" errors="0" time="0.28">
    <testcase time="0.277000000000044" classname="ds.asFactor_smk_shutdown" name="shutdown"/>
    <testcase time="0.000999999999748979" classname="ds.asFactor_smk_shutdown" name="shutdown"/>
    <testcase time="0.00200000000040745" classname="ds.asFactor_smk_shutdown" name="shutdown"/>
  </testsuite>
  <testsuite name="ds.asFactor::smk::done" timestamp="2020-07-01T15:50:26Z" hostname="fv-az29" tests="0" skipped="0" failures="0" errors="0" time="0"/>
  <testsuite name="ds.asInteger::smk::setup" timestamp="2020-07-01T15:50:26Z" hostname="fv-az29" tests="3" skipped="0" failures="0" errors="0" time="5.604">
    <testcase time="5.60099999999966" classname="ds.asInteger_smk_setup" name="setup"/>
    <testcase time="0.00199999999995271" classname="ds.asInteger_smk_setup" name="setup"/>
    <testcase time="0.00100000000020373" classname="ds.asInteger_smk_setup" name="setup"/>
  </testsuite>
  <testsuite name="ds.asInteger::smk::simple test" timestamp="2020-07-01T15:50:31Z" hostname="fv-az29" tests="3" skipped="0" failures="0" errors="0" time="0.886">
    <testcase time="0.882999999999811" classname="ds.asInteger_smk_simple_test" name="simple_test"/>
    <testcase time="0.00200000000040745" classname="ds.asInteger_smk_simple_test" name="simple_test"/>
    <testcase time="0.000999999999748979" classname="ds.asInteger_smk_simple_test" name="simple_test"/>
  </testsuite>
  <testsuite name="ds.asInteger::smk::stutdown" timestamp="2020-07-01T15:50:32Z" hostname="fv-az29" tests="3" skipped="0" failures="0" errors="0" time="0.291">
    <testcase time="0.288000000000011" classname="ds.asInteger_smk_stutdown" name="stutdown"/>
    <testcase time="0.00199999999995271" classname="ds.asInteger_smk_stutdown" name="stutdown"/>
    <testcase time="0.00100000000020373" classname="ds.asInteger_smk_stutdown" name="stutdown"/>
  </testsuite>
  <testsuite name="ds.asInteger::smk::done" timestamp="2020-07-01T15:50:33Z" hostname="fv-az29" tests="0" skipped="0" failures="0" errors="0" time="0"/>
  <testsuite name="ds.asList::smk::setup" timestamp="2020-07-01T15:50:33Z" hostname="fv-az29" tests="3" skipped="0" failures="0" errors="0" time="5.51">
    <testcase time="5.50700000000006" classname="ds.asList_smk_setup" name="setup"/>
    <testcase time="0.00199999999995271" classname="ds.asList_smk_setup" name="setup"/>
    <testcase time="0.000999999999748979" classname="ds.asList_smk_setup" name="setup"/>
  </testsuite>
  <testsuite name="ds.asList::smk::simple test" timestamp="2020-07-01T15:50:38Z" hostname="fv-az29" tests="10" skipped="0" failures="0" errors="0" time="0.397">
    <testcase time="0.385000000000218" classname="ds.asList_smk_simple_test" name="simple_test"/>
    <testcase time="0.000999999999748979" classname="ds.asList_smk_simple_test" name="simple_test"/>
    <testcase time="0.00100000000020373" classname="ds.asList_smk_simple_test" name="simple_test"/>
    <testcase time="0.00199999999995271" classname="ds.asList_smk_simple_test" name="simple_test"/>
    <testcase time="0.000999999999748979" classname="ds.asList_smk_simple_test" name="simple_test"/>
    <testcase time="0.00100000000020373" classname="ds.asList_smk_simple_test" name="simple_test"/>
    <testcase time="0.00199999999995271" classname="ds.asList_smk_simple_test" name="simple_test"/>
    <testcase time="0.00100000000020373" classname="ds.asList_smk_simple_test" name="simple_test"/>
    <testcase time="0.000999999999748979" classname="ds.asList_smk_simple_test" name="simple_test"/>
    <testcase time="0.00199999999995271" classname="ds.asList_smk_simple_test" name="simple_test"/>
  </testsuite>
  <testsuite name="ds.asList::smk::shutdown" timestamp="2020-07-01T15:50:38Z" hostname="fv-az29" tests="3" skipped="0" failures="0" errors="0" time="0.278">
    <testcase time="0.276000000000295" classname="ds.asList_smk_shutdown" name="stutdown"/>
    <testcase time="0.000999999999748979" classname="ds.asList_smk_shutdown" name="stutdown"/>
    <testcase time="0.000999999999748979" classname="ds.asList_smk_shutdown" name="stutdown"/>
  </testsuite>
  <testsuite name="ds.asList::smk::done" timestamp="2020-07-01T15:50:39Z" hostname="fv-az29" tests="0" skipped="0" failures="0" errors="0" time="0"/>
  <testsuite name="ds.asLogical::smk::setup" timestamp="2020-07-01T15:50:39Z" hostname="fv-az29" tests="3" skipped="0" failures="0" errors="0" time="5.461">
    <testcase time="5.45900000000029" classname="ds.asLogical_smk_setup" name="setup"/>
    <testcase time="0.000999999999748979" classname="ds.asLogical_smk_setup" name="setup"/>
    <testcase time="0.00100000000020373" classname="ds.asLogical_smk_setup" name="setup"/>
  </testsuite>
  <testsuite name="ds.asLogical::smk::simple test" timestamp="2020-07-01T15:50:44Z" hostname="fv-az29" tests="3" skipped="0" failures="0" errors="0" time="0.864">
    <testcase time="0.860000000000127" classname="ds.asLogical_smk_simple_test" name="simple_test"/>
    <testcase time="0.00199999999995271" classname="ds.asLogical_smk_simple_test" name="simple_test"/>
    <testcase time="0.00199999999995271" classname="ds.asLogical_smk_simple_test" name="simple_test"/>
  </testsuite>
  <testsuite name="ds.asLogical::smk::shutdown" timestamp="2020-07-01T15:50:45Z" hostname="fv-az29" tests="3" skipped="0" failures="0" errors="0" time="0.285">
    <testcase time="0.281999999999698" classname="ds.asLogical_smk_shutdown" name="shutdown"/>
    <testcase time="0.00200000000040745" classname="ds.asLogical_smk_shutdown" name="shutdown"/>
    <testcase time="0.000999999999748979" classname="ds.asLogical_smk_shutdown" name="shutdown"/>
  </testsuite>
  <testsuite name="ds.asLogical::smk::done" timestamp="2020-07-01T15:50:46Z" hostname="fv-az29" tests="0" skipped="0" failures="0" errors="0" time="0"/>
  <testsuite name="ds.asMatrix::smk::setup" timestamp="2020-07-01T15:50:46Z" hostname="fv-az29" tests="3" skipped="0" failures="0" errors="0" time="5.498">
    <testcase time="5.49499999999989" classname="ds.asMatrix_smk_setup" name="setup"/>
    <testcase time="0.00100000000020373" classname="ds.asMatrix_smk_setup" name="setup"/>
    <testcase time="0.00199999999995271" classname="ds.asMatrix_smk_setup" name="setup"/>
  </testsuite>
  <testsuite name="ds.asMatrix::smk::simple test" timestamp="2020-07-01T15:50:51Z" hostname="fv-az29" tests="3" skipped="0" failures="0" errors="0" time="0.819">
    <testcase time="0.815000000000055" classname="ds.asMatrix_smk_simple_test" name="simple_test"/>
    <testcase time="0.00199999999995271" classname="ds.asMatrix_smk_simple_test" name="simple_test"/>
    <testcase time="0.00199999999995271" classname="ds.asMatrix_smk_simple_test" name="simple_test"/>
  </testsuite>
  <testsuite name="ds.asMatrix::smk::shutdown" timestamp="2020-07-01T15:50:52Z" hostname="fv-az29" tests="3" skipped="0" failures="0" errors="0" time="0.291">
    <testcase time="0.288000000000011" classname="ds.asMatrix_smk_shutdown" name="shutdown"/>
    <testcase time="0.00199999999995271" classname="ds.asMatrix_smk_shutdown" name="shutdown"/>
    <testcase time="0.00100000000020373" classname="ds.asMatrix_smk_shutdown" name="shutdown"/>
  </testsuite>
  <testsuite name="ds.asMatrix::smk::done" timestamp="2020-07-01T15:50:52Z" hostname="fv-az29" tests="0" skipped="0" failures="0" errors="0" time="0"/>
  <testsuite name="ds.asNumeric::smk::setup" timestamp="2020-07-01T15:50:52Z" hostname="fv-az29" tests="3" skipped="0" failures="0" errors="0" time="5.364">
    <testcase time="5.36099999999988" classname="ds.asNumeric_smk_setup" name="setup"/>
    <testcase time="0.00199999999995271" classname="ds.asNumeric_smk_setup" name="setup"/>
    <testcase time="0.00100000000020373" classname="ds.asNumeric_smk_setup" name="setup"/>
  </testsuite>
  <testsuite name="ds.asNumeric::smk::simple test" timestamp="2020-07-01T15:50:57Z" hostname="fv-az29" tests="3" skipped="0" failures="0" errors="0" time="0.814">
    <testcase time="0.810999999999694" classname="ds.asNumeric_smk_simple_test" name="simple_test"/>
    <testcase time="0.00100000000020373" classname="ds.asNumeric_smk_simple_test" name="simple_test"/>
    <testcase time="0.00199999999995271" classname="ds.asNumeric_smk_simple_test" name="simple_test"/>
  </testsuite>
  <testsuite name="ds.asNumeric::smk::shutdown" timestamp="2020-07-01T15:50:58Z" hostname="fv-az29" tests="3" skipped="0" failures="0" errors="0" time="0.289">
    <testcase time="0.286000000000058" classname="ds.asNumeric_smk_shutdown" name="shutdown"/>
    <testcase time="0.000999999999748979" classname="ds.asNumeric_smk_shutdown" name="shutdown"/>
    <testcase time="0.00199999999995271" classname="ds.asNumeric_smk_shutdown" name="shutdown"/>
  </testsuite>
  <testsuite name="ds.asNumeric::smk::done" timestamp="2020-07-01T15:50:59Z" hostname="fv-az29" tests="0" skipped="0" failures="0" errors="0" time="0"/>
  <testsuite name="ds.assign::smk::setup" timestamp="2020-07-01T15:50:59Z" hostname="fv-az29" tests="3" skipped="0" failures="0" errors="0" time="5.529">
    <testcase time="5.52600000000029" classname="ds.assign_smk_setup" name="setup"/>
    <testcase time="0.000999999999748979" classname="ds.assign_smk_setup" name="setup"/>
    <testcase time="0.00199999999995271" classname="ds.assign_smk_setup" name="setup"/>
  </testsuite>
  <testsuite name="ds.assign::smk" timestamp="2020-07-01T15:51:04Z" hostname="fv-az29" tests="1" skipped="0" failures="0" errors="0" time="0.549">
    <testcase time="0.549000000000433" classname="ds.assign_smk" name="test_assign"/>
  </testsuite>
  <testsuite name="ds.assign::smk::shutdown" timestamp="2020-07-01T15:51:04Z" hostname="fv-az29" tests="3" skipped="0" failures="0" errors="0" time="0.283">
    <testcase time="0.278999999999996" classname="ds.assign_smk_shutdown" name="shutdown"/>
    <testcase time="0.00199999999995271" classname="ds.assign_smk_shutdown" name="shutdown"/>
    <testcase time="0.00199999999995271" classname="ds.assign_smk_shutdown" name="shutdown"/>
  </testsuite>
  <testsuite name="ds.assign::smk::done" timestamp="2020-07-01T15:51:05Z" hostname="fv-az29" tests="0" skipped="0" failures="0" errors="0" time="0"/>
  <testsuite name="ds.Boole::smk::setup" timestamp="2020-07-01T15:51:05Z" hostname="fv-az29" tests="3" skipped="0" failures="0" errors="0" time="5.528">
    <testcase time="5.52399999999989" classname="ds.Boole_smk_setup" name="setup"/>
    <testcase time="0.00199999999995271" classname="ds.Boole_smk_setup" name="setup"/>
    <testcase time="0.00199999999995271" classname="ds.Boole_smk_setup" name="setup"/>
  </testsuite>
  <testsuite name="ds.Boole::smk" timestamp="2020-07-01T15:51:10Z" hostname="fv-az29" tests="3" skipped="0" failures="0" errors="0" time="1.238">
    <testcase time="1.23500000000013" classname="ds.Boole_smk" name="simple_boole"/>
    <testcase time="0.00199999999995271" classname="ds.Boole_smk" name="simple_boole"/>
    <testcase time="0.00100000000020373" classname="ds.Boole_smk" name="simple_boole"/>
  </testsuite>
  <testsuite name="ds.Boole::smk::shutdown" timestamp="2020-07-01T15:51:11Z" hostname="fv-az29" tests="3" skipped="0" failures="0" errors="0" time="0.282">
    <testcase time="0.278999999999996" classname="ds.Boole_smk_shutdown" name="shutdown"/>
    <testcase time="0.000999999999748979" classname="ds.Boole_smk_shutdown" name="shutdown"/>
    <testcase time="0.00199999999995271" classname="ds.Boole_smk_shutdown" name="shutdown"/>
  </testsuite>
  <testsuite name="ds.Boole::smk::done" timestamp="2020-07-01T15:51:12Z" hostname="fv-az29" tests="0" skipped="0" failures="0" errors="0" time="0"/>
  <testsuite name="ds.cbind::smk::setup" timestamp="2020-07-01T15:51:12Z" hostname="fv-az29" tests="3" skipped="0" failures="0" errors="0" time="5.454">
    <testcase time="5.45100000000002" classname="ds.cbind_smk_setup" name="setup"/>
    <testcase time="0.00199999999995271" classname="ds.cbind_smk_setup" name="setup"/>
    <testcase time="0.00100000000020373" classname="ds.cbind_smk_setup" name="setup"/>
  </testsuite>
  <testsuite name="ds.cbind::smk::from dataframe variables" timestamp="2020-07-01T15:51:17Z" hostname="fv-az29" tests="34" skipped="0" failures="0" errors="0" time="6.21">
    <testcase time="4.10500000000002" classname="ds.cbind_smk_from_dataframe_variables" name="simple_test_from_dataframe_variables"/>
    <testcase time="0.000999999999748979" classname="ds.cbind_smk_from_dataframe_variables" name="simple_test_from_dataframe_variables"/>
    <testcase time="0.548999999999978" classname="ds.cbind_smk_from_dataframe_variables" name="simple_test_from_dataframe_variables"/>
    <testcase time="0.00200000000040745" classname="ds.cbind_smk_from_dataframe_variables" name="simple_test_from_dataframe_variables"/>
    <testcase time="0.000999999999748979" classname="ds.cbind_smk_from_dataframe_variables" name="simple_test_from_dataframe_variables"/>
    <testcase time="0.27599999999984" classname="ds.cbind_smk_from_dataframe_variables" name="simple_test_from_dataframe_variables"/>
    <testcase time="0.00100000000020373" classname="ds.cbind_smk_from_dataframe_variables" name="simple_test_from_dataframe_variables"/>
    <testcase time="0.00199999999995271" classname="ds.cbind_smk_from_dataframe_variables" name="simple_test_from_dataframe_variables"/>
    <testcase time="0.00199999999995271" classname="ds.cbind_smk_from_dataframe_variables" name="simple_test_from_dataframe_variables"/>
    <testcase time="0.00100000000020373" classname="ds.cbind_smk_from_dataframe_variables" name="simple_test_from_dataframe_variables"/>
    <testcase time="0.00199999999995271" classname="ds.cbind_smk_from_dataframe_variables" name="simple_test_from_dataframe_variables"/>
    <testcase time="0.000999999999748979" classname="ds.cbind_smk_from_dataframe_variables" name="simple_test_from_dataframe_variables"/>
    <testcase time="0.00200000000040745" classname="ds.cbind_smk_from_dataframe_variables" name="simple_test_from_dataframe_variables"/>
    <testcase time="0.000999999999748979" classname="ds.cbind_smk_from_dataframe_variables" name="simple_test_from_dataframe_variables"/>
    <testcase time="0.000999999999748979" classname="ds.cbind_smk_from_dataframe_variables" name="simple_test_from_dataframe_variables"/>
    <testcase time="0.00199999999995271" classname="ds.cbind_smk_from_dataframe_variables" name="simple_test_from_dataframe_variables"/>
    <testcase time="0.00100000000020373" classname="ds.cbind_smk_from_dataframe_variables" name="simple_test_from_dataframe_variables"/>
    <testcase time="0.00199999999995271" classname="ds.cbind_smk_from_dataframe_variables" name="simple_test_from_dataframe_variables"/>
    <testcase time="1.221" classname="ds.cbind_smk_from_dataframe_variables" name="simple_test_from_dataframe_variables"/>
    <testcase time="0.00199999999995271" classname="ds.cbind_smk_from_dataframe_variables" name="simple_test_from_dataframe_variables"/>
    <testcase time="0.00199999999995271" classname="ds.cbind_smk_from_dataframe_variables" name="simple_test_from_dataframe_variables"/>
    <testcase time="0.00199999999995271" classname="ds.cbind_smk_from_dataframe_variables" name="simple_test_from_dataframe_variables"/>
    <testcase time="0.00199999999995271" classname="ds.cbind_smk_from_dataframe_variables" name="simple_test_from_dataframe_variables"/>
    <testcase time="0.00199999999995271" classname="ds.cbind_smk_from_dataframe_variables" name="simple_test_from_dataframe_variables"/>
    <testcase time="0.00200000000040745" classname="ds.cbind_smk_from_dataframe_variables" name="simple_test_from_dataframe_variables"/>
    <testcase time="0.00199999999995271" classname="ds.cbind_smk_from_dataframe_variables" name="simple_test_from_dataframe_variables"/>
    <testcase time="0.00199999999995271" classname="ds.cbind_smk_from_dataframe_variables" name="simple_test_from_dataframe_variables"/>
    <testcase time="0.00199999999995271" classname="ds.cbind_smk_from_dataframe_variables" name="simple_test_from_dataframe_variables"/>
    <testcase time="0.00199999999995271" classname="ds.cbind_smk_from_dataframe_variables" name="simple_test_from_dataframe_variables"/>
    <testcase time="0.00199999999995271" classname="ds.cbind_smk_from_dataframe_variables" name="simple_test_from_dataframe_variables"/>
    <testcase time="0.0100000000002183" classname="ds.cbind_smk_from_dataframe_variables" name="simple_test_from_dataframe_variables"/>
    <testcase time="0.00199999999995271" classname="ds.cbind_smk_from_dataframe_variables" name="simple_test_from_dataframe_variables"/>
    <testcase time="0.00199999999995271" classname="ds.cbind_smk_from_dataframe_variables" name="simple_test_from_dataframe_variables"/>
    <testcase time="0.000999999999748979" classname="ds.cbind_smk_from_dataframe_variables" name="simple_test_from_dataframe_variables"/>
  </testsuite>
  <testsuite name="ds.cbind::smk::from root variables" timestamp="2020-07-01T15:51:24Z" hostname="fv-az29" tests="34" skipped="0" failures="0" errors="0" time="9.798">
    <testcase time="6.49400000000014" classname="ds.cbind_smk_from_root_variables" name="simple_test_from_root_variables"/>
    <testcase time="0.00100000000020373" classname="ds.cbind_smk_from_root_variables" name="simple_test_from_root_variables"/>
    <testcase time="1.63499999999976" classname="ds.cbind_smk_from_root_variables" name="simple_test_from_root_variables"/>
    <testcase time="0.00199999999995271" classname="ds.cbind_smk_from_root_variables" name="simple_test_from_root_variables"/>
    <testcase time="0.00199999999995271" classname="ds.cbind_smk_from_root_variables" name="simple_test_from_root_variables"/>
    <testcase time="0.273000000000138" classname="ds.cbind_smk_from_root_variables" name="simple_test_from_root_variables"/>
    <testcase time="0.00199999999995271" classname="ds.cbind_smk_from_root_variables" name="simple_test_from_root_variables"/>
    <testcase time="0.00100000000020373" classname="ds.cbind_smk_from_root_variables" name="simple_test_from_root_variables"/>
    <testcase time="0.00199999999995271" classname="ds.cbind_smk_from_root_variables" name="simple_test_from_root_variables"/>
    <testcase time="0.000999999999748979" classname="ds.cbind_smk_from_root_variables" name="simple_test_from_root_variables"/>
    <testcase time="0.00199999999995271" classname="ds.cbind_smk_from_root_variables" name="simple_test_from_root_variables"/>
    <testcase time="0.00200000000040745" classname="ds.cbind_smk_from_root_variables" name="simple_test_from_root_variables"/>
    <testcase time="0.000999999999748979" classname="ds.cbind_smk_from_root_variables" name="simple_test_from_root_variables"/>
    <testcase time="0.00199999999995271" classname="ds.cbind_smk_from_root_variables" name="simple_test_from_root_variables"/>
    <testcase time="0.00199999999995271" classname="ds.cbind_smk_from_root_variables" name="simple_test_from_root_variables"/>
    <testcase time="0.00199999999995271" classname="ds.cbind_smk_from_root_variables" name="simple_test_from_root_variables"/>
    <testcase time="0.00199999999995271" classname="ds.cbind_smk_from_root_variables" name="simple_test_from_root_variables"/>
    <testcase time="0.00200000000040745" classname="ds.cbind_smk_from_root_variables" name="simple_test_from_root_variables"/>
    <testcase time="1.3439999999996" classname="ds.cbind_smk_from_root_variables" name="simple_test_from_root_variables"/>
    <testcase time="0.00100000000020373" classname="ds.cbind_smk_from_root_variables" name="simple_test_from_root_variables"/>
    <testcase time="0.00199999999995271" classname="ds.cbind_smk_from_root_variables" name="simple_test_from_root_variables"/>
    <testcase time="0.00199999999995271" classname="ds.cbind_smk_from_root_variables" name="simple_test_from_root_variables"/>
    <testcase time="0.00199999999995271" classname="ds.cbind_smk_from_root_variables" name="simple_test_from_root_variables"/>
    <testcase time="0.00199999999995271" classname="ds.cbind_smk_from_root_variables" name="simple_test_from_root_variables"/>
    <testcase time="0.00200000000040745" classname="ds.cbind_smk_from_root_variables" name="simple_test_from_root_variables"/>
    <testcase time="0.000999999999748979" classname="ds.cbind_smk_from_root_variables" name="simple_test_from_root_variables"/>
    <testcase time="0.000999999999748979" classname="ds.cbind_smk_from_root_variables" name="simple_test_from_root_variables"/>
    <testcase time="0.00199999999995271" classname="ds.cbind_smk_from_root_variables" name="simple_test_from_root_variables"/>
    <testcase time="0.00199999999995271" classname="ds.cbind_smk_from_root_variables" name="simple_test_from_root_variables"/>
    <testcase time="0.00200000000040745" classname="ds.cbind_smk_from_root_variables" name="simple_test_from_root_variables"/>
    <testcase time="0.000999999999748979" classname="ds.cbind_smk_from_root_variables" name="simple_test_from_root_variables"/>
    <testcase time="0.00199999999995271" classname="ds.cbind_smk_from_root_variables" name="simple_test_from_root_variables"/>
    <testcase time="0.00199999999995271" classname="ds.cbind_smk_from_root_variables" name="simple_test_from_root_variables"/>
    <testcase time="0.00199999999995271" classname="ds.cbind_smk_from_root_variables" name="simple_test_from_root_variables"/>
  </testsuite>
  <testsuite name="ds.cbind::smk::from dataframe variables, DataSHIELD.check=TRUE" timestamp="2020-07-01T15:51:33Z" hostname="fv-az29" tests="34" skipped="0" failures="0" errors="0" time="29.526">
    <testcase time="27.4300000000003" classname="ds.cbind_smk_from_dataframe_variables_DataSHIELD.check_TRUE" name="simple_test_from_dataframe_variables_DataSHIELD.check_TRUE"/>
    <testcase time="0.000999999999748979" classname="ds.cbind_smk_from_dataframe_variables_DataSHIELD.check_TRUE" name="simple_test_from_dataframe_variables_DataSHIELD.check_TRUE"/>
    <testcase time="0.538000000000011" classname="ds.cbind_smk_from_dataframe_variables_DataSHIELD.check_TRUE" name="simple_test_from_dataframe_variables_DataSHIELD.check_TRUE"/>
    <testcase time="0.00199999999995271" classname="ds.cbind_smk_from_dataframe_variables_DataSHIELD.check_TRUE" name="simple_test_from_dataframe_variables_DataSHIELD.check_TRUE"/>
    <testcase time="0.00100000000020373" classname="ds.cbind_smk_from_dataframe_variables_DataSHIELD.check_TRUE" name="simple_test_from_dataframe_variables_DataSHIELD.check_TRUE"/>
    <testcase time="0.271000000000186" classname="ds.cbind_smk_from_dataframe_variables_DataSHIELD.check_TRUE" name="simple_test_from_dataframe_variables_DataSHIELD.check_TRUE"/>
    <testcase time="0.00199999999995271" classname="ds.cbind_smk_from_dataframe_variables_DataSHIELD.check_TRUE" name="simple_test_from_dataframe_variables_DataSHIELD.check_TRUE"/>
    <testcase time="0.000999999999748979" classname="ds.cbind_smk_from_dataframe_variables_DataSHIELD.check_TRUE" name="simple_test_from_dataframe_variables_DataSHIELD.check_TRUE"/>
    <testcase time="0.00199999999995271" classname="ds.cbind_smk_from_dataframe_variables_DataSHIELD.check_TRUE" name="simple_test_from_dataframe_variables_DataSHIELD.check_TRUE"/>
    <testcase time="0.00199999999995271" classname="ds.cbind_smk_from_dataframe_variables_DataSHIELD.check_TRUE" name="simple_test_from_dataframe_variables_DataSHIELD.check_TRUE"/>
    <testcase time="0.00100000000020373" classname="ds.cbind_smk_from_dataframe_variables_DataSHIELD.check_TRUE" name="simple_test_from_dataframe_variables_DataSHIELD.check_TRUE"/>
    <testcase time="0.00199999999995271" classname="ds.cbind_smk_from_dataframe_variables_DataSHIELD.check_TRUE" name="simple_test_from_dataframe_variables_DataSHIELD.check_TRUE"/>
    <testcase time="0.00100000000020373" classname="ds.cbind_smk_from_dataframe_variables_DataSHIELD.check_TRUE" name="simple_test_from_dataframe_variables_DataSHIELD.check_TRUE"/>
    <testcase time="0.00199999999995271" classname="ds.cbind_smk_from_dataframe_variables_DataSHIELD.check_TRUE" name="simple_test_from_dataframe_variables_DataSHIELD.check_TRUE"/>
    <testcase time="0.000999999999748979" classname="ds.cbind_smk_from_dataframe_variables_DataSHIELD.check_TRUE" name="simple_test_from_dataframe_variables_DataSHIELD.check_TRUE"/>
    <testcase time="0.00199999999995271" classname="ds.cbind_smk_from_dataframe_variables_DataSHIELD.check_TRUE" name="simple_test_from_dataframe_variables_DataSHIELD.check_TRUE"/>
    <testcase time="0.00100000000020373" classname="ds.cbind_smk_from_dataframe_variables_DataSHIELD.check_TRUE" name="simple_test_from_dataframe_variables_DataSHIELD.check_TRUE"/>
    <testcase time="0.000999999999748979" classname="ds.cbind_smk_from_dataframe_variables_DataSHIELD.check_TRUE" name="simple_test_from_dataframe_variables_DataSHIELD.check_TRUE"/>
    <testcase time="1.22900000000027" classname="ds.cbind_smk_from_dataframe_variables_DataSHIELD.check_TRUE" name="simple_test_from_dataframe_variables_DataSHIELD.check_TRUE"/>
    <testcase time="0.000999999999748979" classname="ds.cbind_smk_from_dataframe_variables_DataSHIELD.check_TRUE" name="simple_test_from_dataframe_variables_DataSHIELD.check_TRUE"/>
    <testcase time="0.00200000000040745" classname="ds.cbind_smk_from_dataframe_variables_DataSHIELD.check_TRUE" name="simple_test_from_dataframe_variables_DataSHIELD.check_TRUE"/>
    <testcase time="0.000999999999748979" classname="ds.cbind_smk_from_dataframe_variables_DataSHIELD.check_TRUE" name="simple_test_from_dataframe_variables_DataSHIELD.check_TRUE"/>
    <testcase time="0.00199999999995271" classname="ds.cbind_smk_from_dataframe_variables_DataSHIELD.check_TRUE" name="simple_test_from_dataframe_variables_DataSHIELD.check_TRUE"/>
    <testcase time="0.00199999999995271" classname="ds.cbind_smk_from_dataframe_variables_DataSHIELD.check_TRUE" name="simple_test_from_dataframe_variables_DataSHIELD.check_TRUE"/>
    <testcase time="0.00199999999995271" classname="ds.cbind_smk_from_dataframe_variables_DataSHIELD.check_TRUE" name="simple_test_from_dataframe_variables_DataSHIELD.check_TRUE"/>
    <testcase time="0.00199999999995271" classname="ds.cbind_smk_from_dataframe_variables_DataSHIELD.check_TRUE" name="simple_test_from_dataframe_variables_DataSHIELD.check_TRUE"/>
    <testcase time="0.00200000000040745" classname="ds.cbind_smk_from_dataframe_variables_DataSHIELD.check_TRUE" name="simple_test_from_dataframe_variables_DataSHIELD.check_TRUE"/>
    <testcase time="0.00900000000001455" classname="ds.cbind_smk_from_dataframe_variables_DataSHIELD.check_TRUE" name="simple_test_from_dataframe_variables_DataSHIELD.check_TRUE"/>
    <testcase time="0.00199999999995271" classname="ds.cbind_smk_from_dataframe_variables_DataSHIELD.check_TRUE" name="simple_test_from_dataframe_variables_DataSHIELD.check_TRUE"/>
    <testcase time="0.00199999999995271" classname="ds.cbind_smk_from_dataframe_variables_DataSHIELD.check_TRUE" name="simple_test_from_dataframe_variables_DataSHIELD.check_TRUE"/>
    <testcase time="0.00199999999995271" classname="ds.cbind_smk_from_dataframe_variables_DataSHIELD.check_TRUE" name="simple_test_from_dataframe_variables_DataSHIELD.check_TRUE"/>
    <testcase time="0.00199999999995271" classname="ds.cbind_smk_from_dataframe_variables_DataSHIELD.check_TRUE" name="simple_test_from_dataframe_variables_DataSHIELD.check_TRUE"/>
    <testcase time="0.00300000000015643" classname="ds.cbind_smk_from_dataframe_variables_DataSHIELD.check_TRUE" name="simple_test_from_dataframe_variables_DataSHIELD.check_TRUE"/>
    <testcase time="0.00199999999995271" classname="ds.cbind_smk_from_dataframe_variables_DataSHIELD.check_TRUE" name="simple_test_from_dataframe_variables_DataSHIELD.check_TRUE"/>
  </testsuite>
  <testsuite name="ds.cbind::smk::from root variables, DataSHIELD.check=TRUE" timestamp="2020-07-01T15:52:03Z" hostname="fv-az29" tests="34" skipped="0" failures="0" errors="0" time="32.717">
    <testcase time="29.5789999999997" classname="ds.cbind_smk_from_root_variables_DataSHIELD.check_TRUE" name="simple_test_from_root_variables_DataSHIELD.check_TRUE"/>
    <testcase time="0.00100000000020373" classname="ds.cbind_smk_from_root_variables_DataSHIELD.check_TRUE" name="simple_test_from_root_variables_DataSHIELD.check_TRUE"/>
    <testcase time="1.59299999999985" classname="ds.cbind_smk_from_root_variables_DataSHIELD.check_TRUE" name="simple_test_from_root_variables_DataSHIELD.check_TRUE"/>
    <testcase time="0.00100000000020373" classname="ds.cbind_smk_from_root_variables_DataSHIELD.check_TRUE" name="simple_test_from_root_variables_DataSHIELD.check_TRUE"/>
    <testcase time="0.00199999999995271" classname="ds.cbind_smk_from_root_variables_DataSHIELD.check_TRUE" name="simple_test_from_root_variables_DataSHIELD.check_TRUE"/>
    <testcase time="0.273000000000138" classname="ds.cbind_smk_from_root_variables_DataSHIELD.check_TRUE" name="simple_test_from_root_variables_DataSHIELD.check_TRUE"/>
    <testcase time="0.000999999999748979" classname="ds.cbind_smk_from_root_variables_DataSHIELD.check_TRUE" name="simple_test_from_root_variables_DataSHIELD.check_TRUE"/>
    <testcase time="0.00100000000020373" classname="ds.cbind_smk_from_root_variables_DataSHIELD.check_TRUE" name="simple_test_from_root_variables_DataSHIELD.check_TRUE"/>
    <testcase time="0.00199999999995271" classname="ds.cbind_smk_from_root_variables_DataSHIELD.check_TRUE" name="simple_test_from_root_variables_DataSHIELD.check_TRUE"/>
    <testcase time="0.000999999999748979" classname="ds.cbind_smk_from_root_variables_DataSHIELD.check_TRUE" name="simple_test_from_root_variables_DataSHIELD.check_TRUE"/>
    <testcase time="0.00100000000020373" classname="ds.cbind_smk_from_root_variables_DataSHIELD.check_TRUE" name="simple_test_from_root_variables_DataSHIELD.check_TRUE"/>
    <testcase time="0.00199999999995271" classname="ds.cbind_smk_from_root_variables_DataSHIELD.check_TRUE" name="simple_test_from_root_variables_DataSHIELD.check_TRUE"/>
    <testcase time="0.00100000000020373" classname="ds.cbind_smk_from_root_variables_DataSHIELD.check_TRUE" name="simple_test_from_root_variables_DataSHIELD.check_TRUE"/>
    <testcase time="0.00199999999995271" classname="ds.cbind_smk_from_root_variables_DataSHIELD.check_TRUE" name="simple_test_from_root_variables_DataSHIELD.check_TRUE"/>
    <testcase time="0.00199999999995271" classname="ds.cbind_smk_from_root_variables_DataSHIELD.check_TRUE" name="simple_test_from_root_variables_DataSHIELD.check_TRUE"/>
    <testcase time="0.00199999999995271" classname="ds.cbind_smk_from_root_variables_DataSHIELD.check_TRUE" name="simple_test_from_root_variables_DataSHIELD.check_TRUE"/>
    <testcase time="0.00199999999995271" classname="ds.cbind_smk_from_root_variables_DataSHIELD.check_TRUE" name="simple_test_from_root_variables_DataSHIELD.check_TRUE"/>
    <testcase time="0.00100000000020373" classname="ds.cbind_smk_from_root_variables_DataSHIELD.check_TRUE" name="simple_test_from_root_variables_DataSHIELD.check_TRUE"/>
    <testcase time="1.22299999999996" classname="ds.cbind_smk_from_root_variables_DataSHIELD.check_TRUE" name="simple_test_from_root_variables_DataSHIELD.check_TRUE"/>
    <testcase time="0.00199999999995271" classname="ds.cbind_smk_from_root_variables_DataSHIELD.check_TRUE" name="simple_test_from_root_variables_DataSHIELD.check_TRUE"/>
    <testcase time="0.000999999999748979" classname="ds.cbind_smk_from_root_variables_DataSHIELD.check_TRUE" name="simple_test_from_root_variables_DataSHIELD.check_TRUE"/>
    <testcase time="0.00199999999995271" classname="ds.cbind_smk_from_root_variables_DataSHIELD.check_TRUE" name="simple_test_from_root_variables_DataSHIELD.check_TRUE"/>
    <testcase time="0.00199999999995271" classname="ds.cbind_smk_from_root_variables_DataSHIELD.check_TRUE" name="simple_test_from_root_variables_DataSHIELD.check_TRUE"/>
    <testcase time="0.00100000000020373" classname="ds.cbind_smk_from_root_variables_DataSHIELD.check_TRUE" name="simple_test_from_root_variables_DataSHIELD.check_TRUE"/>
    <testcase time="0.00199999999995271" classname="ds.cbind_smk_from_root_variables_DataSHIELD.check_TRUE" name="simple_test_from_root_variables_DataSHIELD.check_TRUE"/>
    <testcase time="0.00100000000020373" classname="ds.cbind_smk_from_root_variables_DataSHIELD.check_TRUE" name="simple_test_from_root_variables_DataSHIELD.check_TRUE"/>
    <testcase time="0.00199999999995271" classname="ds.cbind_smk_from_root_variables_DataSHIELD.check_TRUE" name="simple_test_from_root_variables_DataSHIELD.check_TRUE"/>
    <testcase time="0.00199999999995271" classname="ds.cbind_smk_from_root_variables_DataSHIELD.check_TRUE" name="simple_test_from_root_variables_DataSHIELD.check_TRUE"/>
    <testcase time="0.00199999999995271" classname="ds.cbind_smk_from_root_variables_DataSHIELD.check_TRUE" name="simple_test_from_root_variables_DataSHIELD.check_TRUE"/>
    <testcase time="0.00199999999995271" classname="ds.cbind_smk_from_root_variables_DataSHIELD.check_TRUE" name="simple_test_from_root_variables_DataSHIELD.check_TRUE"/>
    <testcase time="0.00199999999995271" classname="ds.cbind_smk_from_root_variables_DataSHIELD.check_TRUE" name="simple_test_from_root_variables_DataSHIELD.check_TRUE"/>
    <testcase time="0.00199999999995271" classname="ds.cbind_smk_from_root_variables_DataSHIELD.check_TRUE" name="simple_test_from_root_variables_DataSHIELD.check_TRUE"/>
    <testcase time="0.00199999999995271" classname="ds.cbind_smk_from_root_variables_DataSHIELD.check_TRUE" name="simple_test_from_root_variables_DataSHIELD.check_TRUE"/>
    <testcase time="0.00200000000040745" classname="ds.cbind_smk_from_root_variables_DataSHIELD.check_TRUE" name="simple_test_from_root_variables_DataSHIELD.check_TRUE"/>
  </testsuite>
  <testsuite name="ds.cbind::smk::shutdown" timestamp="2020-07-01T15:52:36Z" hostname="fv-az29" tests="3" skipped="0" failures="0" errors="0" time="0.547">
    <testcase time="0.544999999999618" classname="ds.cbind_smk_shutdown" name="setup"/>
    <testcase time="0.00100000000020373" classname="ds.cbind_smk_shutdown" name="setup"/>
    <testcase time="0.000999999999748979" classname="ds.cbind_smk_shutdown" name="setup"/>
  </testsuite>
  <testsuite name="ds.cbind::smk::done" timestamp="2020-07-01T15:52:37Z" hostname="fv-az29" tests="0" skipped="0" failures="0" errors="0" time="0"/>
  <testsuite name="ds.changeRefGroup::smk::setup" timestamp="2020-07-01T15:52:37Z" hostname="fv-az29" tests="3" skipped="0" failures="0" errors="0" time="5.547">
    <testcase time="5.54300000000012" classname="ds.changeRefGroup_smk_setup" name="setup"/>
    <testcase time="0.00199999999995271" classname="ds.changeRefGroup_smk_setup" name="setup"/>
    <testcase time="0.00199999999995271" classname="ds.changeRefGroup_smk_setup" name="setup"/>
  </testsuite>
  <testsuite name="ds.changeRefGroup::smk" timestamp="2020-07-01T15:52:41Z" hostname="fv-az29" tests="31" skipped="0" failures="0" errors="0" time="5.067">
    <testcase time="0.0100000000002183" classname="ds.changeRefGroup_smk" name="simple_changeRefGroup"/>
    <testcase time="5.00700000000006" classname="ds.changeRefGroup_smk" name="simple_changeRefGroup"/>
    <testcase time="0.00199999999995271" classname="ds.changeRefGroup_smk" name="simple_changeRefGroup"/>
    <testcase time="0.000999999999748979" classname="ds.changeRefGroup_smk" name="simple_changeRefGroup"/>
    <testcase time="0.00200000000040745" classname="ds.changeRefGroup_smk" name="simple_changeRefGroup"/>
    <testcase time="0.000999999999748979" classname="ds.changeRefGroup_smk" name="simple_changeRefGroup"/>
    <testcase time="0.00199999999995271" classname="ds.changeRefGroup_smk" name="simple_changeRefGroup"/>
    <testcase time="0.00100000000020373" classname="ds.changeRefGroup_smk" name="simple_changeRefGroup"/>
    <testcase time="0.000999999999748979" classname="ds.changeRefGroup_smk" name="simple_changeRefGroup"/>
    <testcase time="0.00100000000020373" classname="ds.changeRefGroup_smk" name="simple_changeRefGroup"/>
    <testcase time="0.00199999999995271" classname="ds.changeRefGroup_smk" name="simple_changeRefGroup"/>
    <testcase time="0.00100000000020373" classname="ds.changeRefGroup_smk" name="simple_changeRefGroup"/>
    <testcase time="0.00199999999995271" classname="ds.changeRefGroup_smk" name="simple_changeRefGroup"/>
    <testcase time="0.00199999999995271" classname="ds.changeRefGroup_smk" name="simple_changeRefGroup"/>
    <testcase time="0.00199999999995271" classname="ds.changeRefGroup_smk" name="simple_changeRefGroup"/>
    <testcase time="0.00199999999995271" classname="ds.changeRefGroup_smk" name="simple_changeRefGroup"/>
    <testcase time="0.00199999999995271" classname="ds.changeRefGroup_smk" name="simple_changeRefGroup"/>
    <testcase time="0.00199999999995271" classname="ds.changeRefGroup_smk" name="simple_changeRefGroup"/>
    <testcase time="0.00100000000020373" classname="ds.changeRefGroup_smk" name="simple_changeRefGroup"/>
    <testcase time="0.00199999999995271" classname="ds.changeRefGroup_smk" name="simple_changeRefGroup"/>
    <testcase time="0.000999999999748979" classname="ds.changeRefGroup_smk" name="simple_changeRefGroup"/>
    <testcase time="0.00199999999995271" classname="ds.changeRefGroup_smk" name="simple_changeRefGroup"/>
    <testcase time="0.00200000000040745" classname="ds.changeRefGroup_smk" name="simple_changeRefGroup"/>
    <testcase time="0.000999999999748979" classname="ds.changeRefGroup_smk" name="simple_changeRefGroup"/>
    <testcase time="0.00199999999995271" classname="ds.changeRefGroup_smk" name="simple_changeRefGroup"/>
    <testcase time="0.00199999999995271" classname="ds.changeRefGroup_smk" name="simple_changeRefGroup"/>
    <testcase time="0.00199999999995271" classname="ds.changeRefGroup_smk" name="simple_changeRefGroup"/>
    <testcase time="0.00200000000040745" classname="ds.changeRefGroup_smk" name="simple_changeRefGroup"/>
    <testcase time="0.00299999999970169" classname="ds.changeRefGroup_smk" name="simple_changeRefGroup"/>
    <testcase time="0.00199999999995271" classname="ds.changeRefGroup_smk" name="simple_changeRefGroup"/>
    <testcase time="0.00199999999995271" classname="ds.changeRefGroup_smk" name="simple_changeRefGroup"/>
  </testsuite>
  <testsuite name="ds.changeRefGroup::smk::shutdown" timestamp="2020-07-01T15:52:47Z" hostname="fv-az29" tests="3" skipped="0" failures="0" errors="0" time="0.29">
    <testcase time="0.287000000000262" classname="ds.changeRefGroup_smk_shutdown" name="shutdown"/>
    <testcase time="0.00199999999995271" classname="ds.changeRefGroup_smk_shutdown" name="shutdown"/>
    <testcase time="0.000999999999748979" classname="ds.changeRefGroup_smk_shutdown" name="shutdown"/>
  </testsuite>
  <testsuite name="ds.changeRefGroup::smk::done" timestamp="2020-07-01T15:52:48Z" hostname="fv-az29" tests="0" skipped="0" failures="0" errors="0" time="0"/>
  <testsuite name="ds.class::smk::setup" timestamp="2020-07-01T15:52:48Z" hostname="fv-az29" tests="3" skipped="0" failures="0" errors="0" time="5.492">
    <testcase time="5.49000000000024" classname="ds.class_smk_setup" name="setup"/>
    <testcase time="0.00100000000020373" classname="ds.class_smk_setup" name="setup"/>
    <testcase time="0.000999999999748979" classname="ds.class_smk_setup" name="setup"/>
  </testsuite>
  <testsuite name="ds.class::smk" timestamp="2020-07-01T15:52:52Z" hostname="fv-az29" tests="14" skipped="0" failures="0" errors="0" time="1.091">
    <testcase time="0.539000000000215" classname="ds.class_smk" name="simple_class"/>
    <testcase time="0.000999999999748979" classname="ds.class_smk" name="simple_class"/>
    <testcase time="0.00199999999995271" classname="ds.class_smk" name="simple_class"/>
    <testcase time="0.00100000000020373" classname="ds.class_smk" name="simple_class"/>
    <testcase time="0.00199999999995271" classname="ds.class_smk" name="simple_class"/>
    <testcase time="0.000999999999748979" classname="ds.class_smk" name="simple_class"/>
    <testcase time="0.00100000000020373" classname="ds.class_smk" name="simple_class"/>
    <testcase time="0.532999999999902" classname="ds.class_smk" name="simple_class"/>
    <testcase time="0.00199999999995271" classname="ds.class_smk" name="simple_class"/>
    <testcase time="0.00199999999995271" classname="ds.class_smk" name="simple_class"/>
    <testcase time="0.00200000000040745" classname="ds.class_smk" name="simple_class"/>
    <testcase time="0.000999999999748979" classname="ds.class_smk" name="simple_class"/>
    <testcase time="0.00199999999995271" classname="ds.class_smk" name="simple_class"/>
    <testcase time="0.00199999999995271" classname="ds.class_smk" name="simple_class"/>
  </testsuite>
  <testsuite name="ds.class::smk::shutdown" timestamp="2020-07-01T15:52:53Z" hostname="fv-az29" tests="3" skipped="0" failures="0" errors="0" time="0.287">
    <testcase time="0.284000000000106" classname="ds.class_smk_shutdown" name="shutdown"/>
    <testcase time="0.00100000000020373" classname="ds.class_smk_shutdown" name="shutdown"/>
    <testcase time="0.00199999999995271" classname="ds.class_smk_shutdown" name="shutdown"/>
  </testsuite>
  <testsuite name="ds.class::smk::done" timestamp="2020-07-01T15:52:54Z" hostname="fv-az29" tests="0" skipped="0" failures="0" errors="0" time="0"/>
  <testsuite name="ds.colnames::smk::setup" timestamp="2020-07-01T15:52:54Z" hostname="fv-az29" tests="3" skipped="0" failures="0" errors="0" time="5.532">
    <testcase time="5.529" classname="ds.colnames_smk_setup" name="setup"/>
    <testcase time="0.000999999999748979" classname="ds.colnames_smk_setup" name="setup"/>
    <testcase time="0.00199999999995271" classname="ds.colnames_smk_setup" name="setup"/>
  </testsuite>
  <testsuite name="ds.colnames::smk" timestamp="2020-07-01T15:52:59Z" hostname="fv-az29" tests="10" skipped="0" failures="0" errors="0" time="3.933">
    <testcase time="3.92000000000007" classname="ds.colnames_smk" name="simple_colnames"/>
    <testcase time="0.00199999999995271" classname="ds.colnames_smk" name="simple_colnames"/>
    <testcase time="0.00199999999995271" classname="ds.colnames_smk" name="simple_colnames"/>
    <testcase time="0.00100000000020373" classname="ds.colnames_smk" name="simple_colnames"/>
    <testcase time="0.00100000000020373" classname="ds.colnames_smk" name="simple_colnames"/>
    <testcase time="0.000999999999748979" classname="ds.colnames_smk" name="simple_colnames"/>
    <testcase time="0.00199999999995271" classname="ds.colnames_smk" name="simple_colnames"/>
    <testcase time="0.00100000000020373" classname="ds.colnames_smk" name="simple_colnames"/>
    <testcase time="0.00199999999995271" classname="ds.colnames_smk" name="simple_colnames"/>
    <testcase time="0.000999999999748979" classname="ds.colnames_smk" name="simple_colnames"/>
  </testsuite>
  <testsuite name="ds.colnames::smk::shutdown" timestamp="2020-07-01T15:53:03Z" hostname="fv-az29" tests="3" skipped="0" failures="0" errors="0" time="0.276">
    <testcase time="0.274000000000342" classname="ds.colnames_smk_shutdown" name="shutdown"/>
    <testcase time="0.000999999999748979" classname="ds.colnames_smk_shutdown" name="shutdown"/>
    <testcase time="0.00100000000020373" classname="ds.colnames_smk_shutdown" name="shutdown"/>
  </testsuite>
  <testsuite name="ds.colnames::smk::done" timestamp="2020-07-01T15:53:04Z" hostname="fv-az29" tests="0" skipped="0" failures="0" errors="0" time="0"/>
  <testsuite name="ds.completeCases::smk::setup" timestamp="2020-07-01T15:53:04Z" hostname="fv-az29" tests="3" skipped="0" failures="0" errors="0" time="5.593">
    <testcase time="5.59099999999989" classname="ds.completeCases_smk_setup" name="setup"/>
    <testcase time="0.00100000000020373" classname="ds.completeCases_smk_setup" name="setup"/>
    <testcase time="0.000999999999748979" classname="ds.completeCases_smk_setup" name="setup"/>
  </testsuite>
  <testsuite name="ds.completeCases::smk::data.frame" timestamp="2020-07-01T15:53:09Z" hostname="fv-az29" tests="37" skipped="0" failures="0" errors="0" time="11.778">
    <testcase time="10.0999999999999" classname="ds.completeCases_smk_data.frame" name="completeCases_data.frame"/>
    <testcase time="0.00100000000020373" classname="ds.completeCases_smk_data.frame" name="completeCases_data.frame"/>
    <testcase time="0.00199999999995271" classname="ds.completeCases_smk_data.frame" name="completeCases_data.frame"/>
    <testcase time="0.539999999999964" classname="ds.completeCases_smk_data.frame" name="completeCases_data.frame"/>
    <testcase time="0.00199999999995271" classname="ds.completeCases_smk_data.frame" name="completeCases_data.frame"/>
    <testcase time="0.00100000000020373" classname="ds.completeCases_smk_data.frame" name="completeCases_data.frame"/>
    <testcase time="0.00199999999995271" classname="ds.completeCases_smk_data.frame" name="completeCases_data.frame"/>
    <testcase time="0.540999999999713" classname="ds.completeCases_smk_data.frame" name="completeCases_data.frame"/>
    <testcase time="0.00200000000040745" classname="ds.completeCases_smk_data.frame" name="completeCases_data.frame"/>
    <testcase time="0.000999999999748979" classname="ds.completeCases_smk_data.frame" name="completeCases_data.frame"/>
    <testcase time="0.00199999999995271" classname="ds.completeCases_smk_data.frame" name="completeCases_data.frame"/>
    <testcase time="0.269999999999982" classname="ds.completeCases_smk_data.frame" name="completeCases_data.frame"/>
    <testcase time="0.00199999999995271" classname="ds.completeCases_smk_data.frame" name="completeCases_data.frame"/>
    <testcase time="0.00199999999995271" classname="ds.completeCases_smk_data.frame" name="completeCases_data.frame"/>
    <testcase time="0.00200000000040745" classname="ds.completeCases_smk_data.frame" name="completeCases_data.frame"/>
    <testcase time="0.000999999999748979" classname="ds.completeCases_smk_data.frame" name="completeCases_data.frame"/>
    <testcase time="0.00199999999995271" classname="ds.completeCases_smk_data.frame" name="completeCases_data.frame"/>
    <testcase time="0.00199999999995271" classname="ds.completeCases_smk_data.frame" name="completeCases_data.frame"/>
    <testcase time="0.00199999999995271" classname="ds.completeCases_smk_data.frame" name="completeCases_data.frame"/>
    <testcase time="0.00199999999995271" classname="ds.completeCases_smk_data.frame" name="completeCases_data.frame"/>
    <testcase time="0.00100000000020373" classname="ds.completeCases_smk_data.frame" name="completeCases_data.frame"/>
    <testcase time="0.00199999999995271" classname="ds.completeCases_smk_data.frame" name="completeCases_data.frame"/>
    <testcase time="0.00100000000020373" classname="ds.completeCases_smk_data.frame" name="completeCases_data.frame"/>
    <testcase time="0.00199999999995271" classname="ds.completeCases_smk_data.frame" name="completeCases_data.frame"/>
    <testcase time="0.268999999999778" classname="ds.completeCases_smk_data.frame" name="completeCases_data.frame"/>
    <testcase time="0.00199999999995271" classname="ds.completeCases_smk_data.frame" name="completeCases_data.frame"/>
    <testcase time="0.00200000000040745" classname="ds.completeCases_smk_data.frame" name="completeCases_data.frame"/>
    <testcase time="0.00199999999995271" classname="ds.completeCases_smk_data.frame" name="completeCases_data.frame"/>
    <testcase time="0.00199999999995271" classname="ds.completeCases_smk_data.frame" name="completeCases_data.frame"/>
    <testcase time="0.000999999999748979" classname="ds.completeCases_smk_data.frame" name="completeCases_data.frame"/>
    <testcase time="0.00199999999995271" classname="ds.completeCases_smk_data.frame" name="completeCases_data.frame"/>
    <testcase time="0.00199999999995271" classname="ds.completeCases_smk_data.frame" name="completeCases_data.frame"/>
    <testcase time="0.00300000000015643" classname="ds.completeCases_smk_data.frame" name="completeCases_data.frame"/>
    <testcase time="0.00199999999995271" classname="ds.completeCases_smk_data.frame" name="completeCases_data.frame"/>
    <testcase time="0.00199999999995271" classname="ds.completeCases_smk_data.frame" name="completeCases_data.frame"/>
    <testcase time="0.00199999999995271" classname="ds.completeCases_smk_data.frame" name="completeCases_data.frame"/>
    <testcase time="0.00200000000040745" classname="ds.completeCases_smk_data.frame" name="completeCases_data.frame"/>
  </testsuite>
  <testsuite name="ds.completeCases::smk::matrix" timestamp="2020-07-01T15:53:21Z" hostname="fv-az29" tests="29" skipped="0" failures="0" errors="0" time="3.29">
    <testcase time="1.61899999999969" classname="ds.completeCases_smk_matrix" name="completeCases_matrix"/>
    <testcase time="0.00199999999995271" classname="ds.completeCases_smk_matrix" name="completeCases_matrix"/>
    <testcase time="0.00100000000020373" classname="ds.completeCases_smk_matrix" name="completeCases_matrix"/>
    <testcase time="0.539999999999964" classname="ds.completeCases_smk_matrix" name="completeCases_matrix"/>
    <testcase time="0.00199999999995271" classname="ds.completeCases_smk_matrix" name="completeCases_matrix"/>
    <testcase time="0.00199999999995271" classname="ds.completeCases_smk_matrix" name="completeCases_matrix"/>
    <testcase time="0.00100000000020373" classname="ds.completeCases_smk_matrix" name="completeCases_matrix"/>
    <testcase time="0.539999999999964" classname="ds.completeCases_smk_matrix" name="completeCases_matrix"/>
    <testcase time="0.00199999999995271" classname="ds.completeCases_smk_matrix" name="completeCases_matrix"/>
    <testcase time="0.000999999999748979" classname="ds.completeCases_smk_matrix" name="completeCases_matrix"/>
    <testcase time="0.00100000000020373" classname="ds.completeCases_smk_matrix" name="completeCases_matrix"/>
    <testcase time="0.271999999999935" classname="ds.completeCases_smk_matrix" name="completeCases_matrix"/>
    <testcase time="0.00199999999995271" classname="ds.completeCases_smk_matrix" name="completeCases_matrix"/>
    <testcase time="0.000999999999748979" classname="ds.completeCases_smk_matrix" name="completeCases_matrix"/>
    <testcase time="0.00199999999995271" classname="ds.completeCases_smk_matrix" name="completeCases_matrix"/>
    <testcase time="0.00100000000020373" classname="ds.completeCases_smk_matrix" name="completeCases_matrix"/>
    <testcase time="0.000999999999748979" classname="ds.completeCases_smk_matrix" name="completeCases_matrix"/>
    <testcase time="0.00199999999995271" classname="ds.completeCases_smk_matrix" name="completeCases_matrix"/>
    <testcase time="0.00100000000020373" classname="ds.completeCases_smk_matrix" name="completeCases_matrix"/>
    <testcase time="0.00199999999995271" classname="ds.completeCases_smk_matrix" name="completeCases_matrix"/>
    <testcase time="0.00199999999995271" classname="ds.completeCases_smk_matrix" name="completeCases_matrix"/>
    <testcase time="0.00100000000020373" classname="ds.completeCases_smk_matrix" name="completeCases_matrix"/>
    <testcase time="0.00199999999995271" classname="ds.completeCases_smk_matrix" name="completeCases_matrix"/>
    <testcase time="0.00199999999995271" classname="ds.completeCases_smk_matrix" name="completeCases_matrix"/>
    <testcase time="0.270999999999731" classname="ds.completeCases_smk_matrix" name="completeCases_matrix"/>
    <testcase time="0.0109999999999673" classname="ds.completeCases_smk_matrix" name="completeCases_matrix"/>
    <testcase time="0.00200000000040745" classname="ds.completeCases_smk_matrix" name="completeCases_matrix"/>
    <testcase time="0.00199999999995271" classname="ds.completeCases_smk_matrix" name="completeCases_matrix"/>
    <testcase time="0.00199999999995271" classname="ds.completeCases_smk_matrix" name="completeCases_matrix"/>
  </testsuite>
  <testsuite name="ds.completeCases::smk::vector" timestamp="2020-07-01T15:53:24Z" hostname="fv-az29" tests="21" skipped="0" failures="0" errors="0" time="4.007">
    <testcase time="2.34400000000005" classname="ds.completeCases_smk_vector" name="completeCases_vector"/>
    <testcase time="0.00199999999995271" classname="ds.completeCases_smk_vector" name="completeCases_vector"/>
    <testcase time="0.000999999999748979" classname="ds.completeCases_smk_vector" name="completeCases_vector"/>
    <testcase time="0.546000000000276" classname="ds.completeCases_smk_vector" name="completeCases_vector"/>
    <testcase time="0.00199999999995271" classname="ds.completeCases_smk_vector" name="completeCases_vector"/>
    <testcase time="0.000999999999748979" classname="ds.completeCases_smk_vector" name="completeCases_vector"/>
    <testcase time="0.00199999999995271" classname="ds.completeCases_smk_vector" name="completeCases_vector"/>
    <testcase time="0.540000000000418" classname="ds.completeCases_smk_vector" name="completeCases_vector"/>
    <testcase time="0.000999999999748979" classname="ds.completeCases_smk_vector" name="completeCases_vector"/>
    <testcase time="0.000999999999748979" classname="ds.completeCases_smk_vector" name="completeCases_vector"/>
    <testcase time="0.00199999999995271" classname="ds.completeCases_smk_vector" name="completeCases_vector"/>
    <testcase time="0.269999999999982" classname="ds.completeCases_smk_vector" name="completeCases_vector"/>
    <testcase time="0.00100000000020373" classname="ds.completeCases_smk_vector" name="completeCases_vector"/>
    <testcase time="0.00199999999995271" classname="ds.completeCases_smk_vector" name="completeCases_vector"/>
    <testcase time="0.00199999999995271" classname="ds.completeCases_smk_vector" name="completeCases_vector"/>
    <testcase time="0.00199999999995271" classname="ds.completeCases_smk_vector" name="completeCases_vector"/>
    <testcase time="0.280999999999949" classname="ds.completeCases_smk_vector" name="completeCases_vector"/>
    <testcase time="0.00199999999995271" classname="ds.completeCases_smk_vector" name="completeCases_vector"/>
    <testcase time="0.00199999999995271" classname="ds.completeCases_smk_vector" name="completeCases_vector"/>
    <testcase time="0.00199999999995271" classname="ds.completeCases_smk_vector" name="completeCases_vector"/>
    <testcase time="0.00100000000020373" classname="ds.completeCases_smk_vector" name="completeCases_vector"/>
  </testsuite>
  <testsuite name="ds.completeCases::smk::shutdown" timestamp="2020-07-01T15:53:28Z" hostname="fv-az29" tests="3" skipped="0" failures="0" errors="0" time="0.28">
    <testcase time="0.277999999999793" classname="ds.completeCases_smk_shutdown" name="shutdown"/>
    <testcase time="0.00100000000020373" classname="ds.completeCases_smk_shutdown" name="shutdown"/>
    <testcase time="0.00100000000020373" classname="ds.completeCases_smk_shutdown" name="shutdown"/>
  </testsuite>
  <testsuite name="ds.completeCases::smk::done" timestamp="2020-07-01T15:53:29Z" hostname="fv-az29" tests="0" skipped="0" failures="0" errors="0" time="0"/>
  <testsuite name="ds.cor::smk::setup" timestamp="2020-07-01T15:53:29Z" hostname="fv-az29" tests="3" skipped="0" failures="0" errors="0" time="5.525">
    <testcase time="5.52199999999993" classname="ds.cor_smk_setup" name="setup"/>
    <testcase time="0.00199999999995271" classname="ds.cor_smk_setup" name="setup"/>
    <testcase time="0.00100000000020373" classname="ds.cor_smk_setup" name="setup"/>
  </testsuite>
  <testsuite name="ds.cor::smk" timestamp="2020-07-01T15:53:34Z" hostname="fv-az29" tests="56" skipped="0" failures="0" errors="0" time="9.114">
    <testcase time="2.25699999999961" classname="ds.cor_smk" name="simple_test_combine_pairwise.complete"/>
    <testcase time="0.00100000000020373" classname="ds.cor_smk" name="simple_test_combine_pairwise.complete"/>
    <testcase time="0.000999999999748979" classname="ds.cor_smk" name="simple_test_combine_pairwise.complete"/>
    <testcase time="0.00199999999995271" classname="ds.cor_smk" name="simple_test_combine_pairwise.complete"/>
    <testcase time="0.00199999999995271" classname="ds.cor_smk" name="simple_test_combine_pairwise.complete"/>
    <testcase time="0.00199999999995271" classname="ds.cor_smk" name="simple_test_combine_pairwise.complete"/>
    <testcase time="0.00100000000020373" classname="ds.cor_smk" name="simple_test_combine_pairwise.complete"/>
    <testcase time="0.00199999999995271" classname="ds.cor_smk" name="simple_test_combine_pairwise.complete"/>
    <testcase time="0.00199999999995271" classname="ds.cor_smk" name="simple_test_combine_pairwise.complete"/>
    <testcase time="2.25399999999991" classname="ds.cor_smk" name="simple_test_combine_casewise.complete"/>
    <testcase time="0.00200000000040745" classname="ds.cor_smk" name="simple_test_combine_casewise.complete"/>
    <testcase time="0.00299999999970169" classname="ds.cor_smk" name="simple_test_combine_casewise.complete"/>
    <testcase time="0.00199999999995271" classname="ds.cor_smk" name="simple_test_combine_casewise.complete"/>
    <testcase time="0.00199999999995271" classname="ds.cor_smk" name="simple_test_combine_casewise.complete"/>
    <testcase time="0.00100000000020373" classname="ds.cor_smk" name="simple_test_combine_casewise.complete"/>
    <testcase time="0.00199999999995271" classname="ds.cor_smk" name="simple_test_combine_casewise.complete"/>
    <testcase time="0.00100000000020373" classname="ds.cor_smk" name="simple_test_combine_casewise.complete"/>
    <testcase time="0.00199999999995271" classname="ds.cor_smk" name="simple_test_combine_casewise.complete"/>
    <testcase time="2.24199999999973" classname="ds.cor_smk" name="simple_test_split_pairwise.complete"/>
    <testcase time="0.00199999999995271" classname="ds.cor_smk" name="simple_test_split_pairwise.complete"/>
    <testcase time="0.00199999999995271" classname="ds.cor_smk" name="simple_test_split_pairwise.complete"/>
    <testcase time="0.00200000000040745" classname="ds.cor_smk" name="simple_test_split_pairwise.complete"/>
    <testcase time="0.00199999999995271" classname="ds.cor_smk" name="simple_test_split_pairwise.complete"/>
    <testcase time="0.00199999999995271" classname="ds.cor_smk" name="simple_test_split_pairwise.complete"/>
    <testcase time="0.00199999999995271" classname="ds.cor_smk" name="simple_test_split_pairwise.complete"/>
    <testcase time="0.00199999999995271" classname="ds.cor_smk" name="simple_test_split_pairwise.complete"/>
    <testcase time="0.00199999999995271" classname="ds.cor_smk" name="simple_test_split_pairwise.complete"/>
    <testcase time="0.00199999999995271" classname="ds.cor_smk" name="simple_test_split_pairwise.complete"/>
    <testcase time="0.00199999999995271" classname="ds.cor_smk" name="simple_test_split_pairwise.complete"/>
    <testcase time="0.00199999999995271" classname="ds.cor_smk" name="simple_test_split_pairwise.complete"/>
    <testcase time="0.00300000000015643" classname="ds.cor_smk" name="simple_test_split_pairwise.complete"/>
    <testcase time="0.00199999999995271" classname="ds.cor_smk" name="simple_test_split_pairwise.complete"/>
    <testcase time="0.00199999999995271" classname="ds.cor_smk" name="simple_test_split_pairwise.complete"/>
    <testcase time="0.00199999999995271" classname="ds.cor_smk" name="simple_test_split_pairwise.complete"/>
    <testcase time="0.00199999999995271" classname="ds.cor_smk" name="simple_test_split_pairwise.complete"/>
    <testcase time="0.00200000000040745" classname="ds.cor_smk" name="simple_test_split_pairwise.complete"/>
    <testcase time="0.00199999999995271" classname="ds.cor_smk" name="simple_test_split_pairwise.complete"/>
    <testcase time="2.25499999999965" classname="ds.cor_smk" name="simple_test_split_casewise.complete"/>
    <testcase time="0.00300000000015643" classname="ds.cor_smk" name="simple_test_split_casewise.complete"/>
    <testcase time="0.00199999999995271" classname="ds.cor_smk" name="simple_test_split_casewise.complete"/>
    <testcase time="0.00300000000015643" classname="ds.cor_smk" name="simple_test_split_casewise.complete"/>
    <testcase time="0.00199999999995271" classname="ds.cor_smk" name="simple_test_split_casewise.complete"/>
    <testcase time="0.00199999999995271" classname="ds.cor_smk" name="simple_test_split_casewise.complete"/>
    <testcase time="0.00300000000015643" classname="ds.cor_smk" name="simple_test_split_casewise.complete"/>
    <testcase time="0.00199999999995271" classname="ds.cor_smk" name="simple_test_split_casewise.complete"/>
    <testcase time="0.00299999999970169" classname="ds.cor_smk" name="simple_test_split_casewise.complete"/>
    <testcase time="0.00200000000040745" classname="ds.cor_smk" name="simple_test_split_casewise.complete"/>
    <testcase time="0.00199999999995271" classname="ds.cor_smk" name="simple_test_split_casewise.complete"/>
    <testcase time="0.00100000000020373" classname="ds.cor_smk" name="simple_test_split_casewise.complete"/>
    <testcase time="0.00299999999970169" classname="ds.cor_smk" name="simple_test_split_casewise.complete"/>
    <testcase time="0.00200000000040745" classname="ds.cor_smk" name="simple_test_split_casewise.complete"/>
    <testcase time="0.00199999999995271" classname="ds.cor_smk" name="simple_test_split_casewise.complete"/>
    <testcase time="0.00299999999970169" classname="ds.cor_smk" name="simple_test_split_casewise.complete"/>
    <testcase time="0.00199999999995271" classname="ds.cor_smk" name="simple_test_split_casewise.complete"/>
    <testcase time="0.00200000000040745" classname="ds.cor_smk" name="simple_test_split_casewise.complete"/>
    <testcase time="0.00199999999995271" classname="ds.cor_smk" name="simple_test_split_casewise.complete"/>
  </testsuite>
  <testsuite name="ds.cor::smk::setup::shutdown" timestamp="2020-07-01T15:53:43Z" hostname="fv-az29" tests="3" skipped="0" failures="0" errors="0" time="0.285">
    <testcase time="0.282999999999902" classname="ds.cor_smk_setup_shutdown" name="shutdown"/>
    <testcase time="0.000999999999748979" classname="ds.cor_smk_setup_shutdown" name="shutdown"/>
    <testcase time="0.00100000000020373" classname="ds.cor_smk_setup_shutdown" name="shutdown"/>
  </testsuite>
  <testsuite name="ds.cor::smk::setup::done" timestamp="2020-07-01T15:53:44Z" hostname="fv-az29" tests="0" skipped="0" failures="0" errors="0" time="0"/>
  <testsuite name="ds.corTest::smk::setup" timestamp="2020-07-01T15:53:44Z" hostname="fv-az29" tests="3" skipped="0" failures="0" errors="0" time="5.513">
    <testcase time="5.51099999999997" classname="ds.corTest_smk_setup" name="setup"/>
    <testcase time="0.000999999999748979" classname="ds.corTest_smk_setup" name="setup"/>
    <testcase time="0.00100000000020373" classname="ds.corTest_smk_setup" name="setup"/>
  </testsuite>
  <testsuite name="ds.corTest::smk" timestamp="2020-07-01T15:53:49Z" hostname="fv-az29" tests="28" skipped="0" failures="0" errors="0" time="2.251">
    <testcase time="2.19499999999971" classname="ds.corTest_smk" name="simple_test"/>
    <testcase time="0.00300000000015643" classname="ds.corTest_smk" name="simple_test"/>
    <testcase time="0.00100000000020373" classname="ds.corTest_smk" name="simple_test"/>
    <testcase time="0.00199999999995271" classname="ds.corTest_smk" name="simple_test"/>
    <testcase time="0.000999999999748979" classname="ds.corTest_smk" name="simple_test"/>
    <testcase time="0.00199999999995271" classname="ds.corTest_smk" name="simple_test"/>
    <testcase time="0.00100000000020373" classname="ds.corTest_smk" name="simple_test"/>
    <testcase time="0.000999999999748979" classname="ds.corTest_smk" name="simple_test"/>
    <testcase time="0.00200000000040745" classname="ds.corTest_smk" name="simple_test"/>
    <testcase time="0.00199999999995271" classname="ds.corTest_smk" name="simple_test"/>
    <testcase time="0.000999999999748979" classname="ds.corTest_smk" name="simple_test"/>
    <testcase time="0.00199999999995271" classname="ds.corTest_smk" name="simple_test"/>
    <testcase time="0.00100000000020373" classname="ds.corTest_smk" name="simple_test"/>
    <testcase time="0.00199999999995271" classname="ds.corTest_smk" name="simple_test"/>
    <testcase time="0.000999999999748979" classname="ds.corTest_smk" name="simple_test"/>
    <testcase time="0.00200000000040745" classname="ds.corTest_smk" name="simple_test"/>
    <testcase time="0.00199999999995271" classname="ds.corTest_smk" name="simple_test"/>
    <testcase time="0.00199999999995271" classname="ds.corTest_smk" name="simple_test"/>
    <testcase time="0.00199999999995271" classname="ds.corTest_smk" name="simple_test"/>
    <testcase time="0.00199999999995271" classname="ds.corTest_smk" name="simple_test"/>
    <testcase time="0.00199999999995271" classname="ds.corTest_smk" name="simple_test"/>
    <testcase time="0.00199999999995271" classname="ds.corTest_smk" name="simple_test"/>
    <testcase time="0.00199999999995271" classname="ds.corTest_smk" name="simple_test"/>
    <testcase time="0.00100000000020373" classname="ds.corTest_smk" name="simple_test"/>
    <testcase time="0.00199999999995271" classname="ds.corTest_smk" name="simple_test"/>
    <testcase time="0.00199999999995271" classname="ds.corTest_smk" name="simple_test"/>
    <testcase time="0.00199999999995271" classname="ds.corTest_smk" name="simple_test"/>
    <testcase time="0.0109999999999673" classname="ds.corTest_smk" name="simple_test"/>
  </testsuite>
  <testsuite name="ds.corTest::smk::shutdown" timestamp="2020-07-01T15:53:51Z" hostname="fv-az29" tests="3" skipped="0" failures="0" errors="0" time="0.283">
    <testcase time="0.2800000000002" classname="ds.corTest_smk_shutdown" name="shutdown"/>
    <testcase time="0.000999999999748979" classname="ds.corTest_smk_shutdown" name="shutdown"/>
    <testcase time="0.00199999999995271" classname="ds.corTest_smk_shutdown" name="shutdown"/>
  </testsuite>
  <testsuite name="ds.corTest::smk::done" timestamp="2020-07-01T15:53:52Z" hostname="fv-az29" tests="0" skipped="0" failures="0" errors="0" time="0"/>
  <testsuite name="ds.cov::smk::setup" timestamp="2020-07-01T15:53:52Z" hostname="fv-az29" tests="3" skipped="0" failures="0" errors="0" time="5.567">
    <testcase time="5.56400000000031" classname="ds.cov_smk_setup" name="setup"/>
    <testcase time="0.00199999999995271" classname="ds.cov_smk_setup" name="setup"/>
    <testcase time="0.000999999999748979" classname="ds.cov_smk_setup" name="setup"/>
  </testsuite>
  <testsuite name="ds.cov::smk" timestamp="2020-07-01T15:53:57Z" hostname="fv-az29" tests="28" skipped="0" failures="0" errors="0" time="4.462">
    <testcase time="2.20700000000033" classname="ds.cov_smk" name="simple_test_split"/>
    <testcase time="0.000999999999748979" classname="ds.cov_smk" name="simple_test_split"/>
    <testcase time="0.00199999999995271" classname="ds.cov_smk" name="simple_test_split"/>
    <testcase time="0.00100000000020373" classname="ds.cov_smk" name="simple_test_split"/>
    <testcase time="0.000999999999748979" classname="ds.cov_smk" name="simple_test_split"/>
    <testcase time="0.00200000000040745" classname="ds.cov_smk" name="simple_test_split"/>
    <testcase time="0.00199999999995271" classname="ds.cov_smk" name="simple_test_split"/>
    <testcase time="0.000999999999748979" classname="ds.cov_smk" name="simple_test_split"/>
    <testcase time="0.00199999999995271" classname="ds.cov_smk" name="simple_test_split"/>
    <testcase time="0.00199999999995271" classname="ds.cov_smk" name="simple_test_split"/>
    <testcase time="0.00100000000020373" classname="ds.cov_smk" name="simple_test_split"/>
    <testcase time="0.00199999999995271" classname="ds.cov_smk" name="simple_test_split"/>
    <testcase time="0.00100000000020373" classname="ds.cov_smk" name="simple_test_split"/>
    <testcase time="0.00199999999995271" classname="ds.cov_smk" name="simple_test_split"/>
    <testcase time="0.00199999999995271" classname="ds.cov_smk" name="simple_test_split"/>
    <testcase time="0.000999999999748979" classname="ds.cov_smk" name="simple_test_split"/>
    <testcase time="0.00200000000040745" classname="ds.cov_smk" name="simple_test_split"/>
    <testcase time="0.00199999999995271" classname="ds.cov_smk" name="simple_test_split"/>
    <testcase time="0.00199999999995271" classname="ds.cov_smk" name="simple_test_split"/>
    <testcase time="2.21000000000004" classname="ds.cov_smk" name="simple_test_combine"/>
    <testcase time="0.00199999999995271" classname="ds.cov_smk" name="simple_test_combine"/>
    <testcase time="0.00199999999995271" classname="ds.cov_smk" name="simple_test_combine"/>
    <testcase time="0.00199999999995271" classname="ds.cov_smk" name="simple_test_combine"/>
    <testcase time="0.00199999999995271" classname="ds.cov_smk" name="simple_test_combine"/>
    <testcase time="0.00199999999995271" classname="ds.cov_smk" name="simple_test_combine"/>
    <testcase time="0.00199999999995271" classname="ds.cov_smk" name="simple_test_combine"/>
    <testcase time="0.00199999999995271" classname="ds.cov_smk" name="simple_test_combine"/>
    <testcase time="0.00199999999995271" classname="ds.cov_smk" name="simple_test_combine"/>
  </testsuite>
  <testsuite name="ds.cov::smk::shutdown" timestamp="2020-07-01T15:54:01Z" hostname="fv-az29" tests="3" skipped="0" failures="0" errors="0" time="0.287">
    <testcase time="0.284000000000106" classname="ds.cov_smk_shutdown" name="shutdown"/>
    <testcase time="0.00199999999995271" classname="ds.cov_smk_shutdown" name="shutdown"/>
    <testcase time="0.00100000000020373" classname="ds.cov_smk_shutdown" name="shutdown"/>
  </testsuite>
  <testsuite name="ds.cov::smk::done" timestamp="2020-07-01T15:54:02Z" hostname="fv-az29" tests="0" skipped="0" failures="0" errors="0" time="0"/>
  <testsuite name="ds.c::smk::setup" timestamp="2020-07-01T15:54:02Z" hostname="fv-az29" tests="3" skipped="0" failures="0" errors="0" time="5.537">
    <testcase time="5.53499999999985" classname="ds.c_smk_setup" name="setup"/>
    <testcase time="0.000999999999748979" classname="ds.c_smk_setup" name="setup"/>
    <testcase time="0.00100000000020373" classname="ds.c_smk_setup" name="setup"/>
  </testsuite>
  <testsuite name="ds.c::smk" timestamp="2020-07-01T15:54:07Z" hostname="fv-az29" tests="1" skipped="0" failures="0" errors="0" time="1.506">
    <testcase time="1.50599999999986" classname="ds.c_smk" name="simple_c"/>
  </testsuite>
  <testsuite name="ds.c::smk::shutdown" timestamp="2020-07-01T15:54:09Z" hostname="fv-az29" tests="3" skipped="0" failures="0" errors="0" time="0.283">
    <testcase time="0.2800000000002" classname="ds.c_smk_shutdown" name="setup"/>
    <testcase time="0.000999999999748979" classname="ds.c_smk_shutdown" name="setup"/>
    <testcase time="0.00199999999995271" classname="ds.c_smk_shutdown" name="setup"/>
  </testsuite>
  <testsuite name="ds.c::smk::done" timestamp="2020-07-01T15:54:10Z" hostname="fv-az29" tests="0" skipped="0" failures="0" errors="0" time="0"/>
  <testsuite name="ds.dataFrameFill::smk::setup" timestamp="2020-07-01T15:54:10Z" hostname="fv-az29" tests="3" skipped="0" failures="0" errors="0" time="5.492">
    <testcase time="5.49000000000024" classname="ds.dataFrameFill_smk_setup" name="setup"/>
    <testcase time="0.000999999999748979" classname="ds.dataFrameFill_smk_setup" name="setup"/>
    <testcase time="0.00100000000020373" classname="ds.dataFrameFill_smk_setup" name="setup"/>
  </testsuite>
  <testsuite name="ds.dataFrameFill::smk::donothing dataframes" timestamp="2020-07-01T15:54:15Z" hostname="fv-az29" tests="14" skipped="0" failures="0" errors="0" time="4.333">
    <testcase time="1.21799999999985" classname="ds.dataFrameFill_smk_donothing_dataframes" name="dataFrameFill_donothing"/>
    <testcase time="0.00100000000020373" classname="ds.dataFrameFill_smk_donothing_dataframes" name="dataFrameFill_donothing"/>
    <testcase time="0.00199999999995271" classname="ds.dataFrameFill_smk_donothing_dataframes" name="dataFrameFill_donothing"/>
    <testcase time="0.00100000000020373" classname="ds.dataFrameFill_smk_donothing_dataframes" name="dataFrameFill_donothing"/>
    <testcase time="0.000999999999748979" classname="ds.dataFrameFill_smk_donothing_dataframes" name="dataFrameFill_donothing"/>
    <testcase time="0.00199999999995271" classname="ds.dataFrameFill_smk_donothing_dataframes" name="dataFrameFill_donothing"/>
    <testcase time="0.00199999999995271" classname="ds.dataFrameFill_smk_donothing_dataframes" name="dataFrameFill_donothing"/>
    <testcase time="0.00100000000020373" classname="ds.dataFrameFill_smk_donothing_dataframes" name="dataFrameFill_donothing"/>
    <testcase time="0.00199999999995271" classname="ds.dataFrameFill_smk_donothing_dataframes" name="dataFrameFill_donothing"/>
    <testcase time="0.00199999999995271" classname="ds.dataFrameFill_smk_donothing_dataframes" name="dataFrameFill_donothing"/>
    <testcase time="0.00100000000020373" classname="ds.dataFrameFill_smk_donothing_dataframes" name="dataFrameFill_donothing"/>
    <testcase time="0.00199999999995271" classname="ds.dataFrameFill_smk_donothing_dataframes" name="dataFrameFill_donothing"/>
    <testcase time="0.000999999999748979" classname="ds.dataFrameFill_smk_donothing_dataframes" name="dataFrameFill_donothing"/>
    <testcase time="3.09700000000021" classname="ds.dataFrameFill_smk_donothing_dataframes" name="dataFrameFill_donothing"/>
  </testsuite>
  <testsuite name="ds.dataFrameFill::smk::shutdown" timestamp="2020-07-01T15:54:19Z" hostname="fv-az29" tests="3" skipped="0" failures="0" errors="0" time="0.273">
    <testcase time="0.269999999999982" classname="ds.dataFrameFill_smk_shutdown" name="shutdown"/>
    <testcase time="0.000999999999748979" classname="ds.dataFrameFill_smk_shutdown" name="shutdown"/>
    <testcase time="0.00199999999995271" classname="ds.dataFrameFill_smk_shutdown" name="shutdown"/>
  </testsuite>
  <testsuite name="ds.dataFrameFill::smk::done" timestamp="2020-07-01T15:54:20Z" hostname="fv-az29" tests="0" skipped="0" failures="0" errors="0" time="0"/>
  <testsuite name="ds.dataFrameFill::smk::setup" timestamp="2020-07-01T15:54:20Z" hostname="fv-az29" tests="3" skipped="0" failures="0" errors="0" time="5.376">
    <testcase time="5.37300000000005" classname="ds.dataFrameFill_smk_setup" name="setup"/>
    <testcase time="0.00199999999995271" classname="ds.dataFrameFill_smk_setup" name="setup"/>
    <testcase time="0.00100000000020373" classname="ds.dataFrameFill_smk_setup" name="setup"/>
  </testsuite>
  <testsuite name="ds.dataFrameFill::smk::extend unfilled dataframes" timestamp="2020-07-01T15:54:25Z" hostname="fv-az29" tests="26" skipped="0" failures="0" errors="0" time="7.998">
    <testcase time="1.22600000000011" classname="ds.dataFrameFill_smk_extend_unfilled_dataframes" name="dataFrameFill_exists"/>
    <testcase time="0.000999999999748979" classname="ds.dataFrameFill_smk_extend_unfilled_dataframes" name="dataFrameFill_exists"/>
    <testcase time="0.00100000000020373" classname="ds.dataFrameFill_smk_extend_unfilled_dataframes" name="dataFrameFill_exists"/>
    <testcase time="0.000999999999748979" classname="ds.dataFrameFill_smk_extend_unfilled_dataframes" name="dataFrameFill_exists"/>
    <testcase time="0.00200000000040745" classname="ds.dataFrameFill_smk_extend_unfilled_dataframes" name="dataFrameFill_exists"/>
    <testcase time="0.000999999999748979" classname="ds.dataFrameFill_smk_extend_unfilled_dataframes" name="dataFrameFill_exists"/>
    <testcase time="0.00199999999995271" classname="ds.dataFrameFill_smk_extend_unfilled_dataframes" name="dataFrameFill_exists"/>
    <testcase time="0.00100000000020373" classname="ds.dataFrameFill_smk_extend_unfilled_dataframes" name="dataFrameFill_exists"/>
    <testcase time="0.000999999999748979" classname="ds.dataFrameFill_smk_extend_unfilled_dataframes" name="dataFrameFill_exists"/>
    <testcase time="0.00100000000020373" classname="ds.dataFrameFill_smk_extend_unfilled_dataframes" name="dataFrameFill_exists"/>
    <testcase time="5.51299999999992" classname="ds.dataFrameFill_smk_extend_unfilled_dataframes" name="dataFrameFill_exists"/>
    <testcase time="0.00199999999995271" classname="ds.dataFrameFill_smk_extend_unfilled_dataframes" name="dataFrameFill_exists"/>
    <testcase time="0.00100000000020373" classname="ds.dataFrameFill_smk_extend_unfilled_dataframes" name="dataFrameFill_exists"/>
    <testcase time="1.22499999999991" classname="ds.dataFrameFill_smk_extend_unfilled_dataframes" name="dataFrameFill_exists"/>
    <testcase time="0.00199999999995271" classname="ds.dataFrameFill_smk_extend_unfilled_dataframes" name="dataFrameFill_exists"/>
    <testcase time="0.00100000000020373" classname="ds.dataFrameFill_smk_extend_unfilled_dataframes" name="dataFrameFill_exists"/>
    <testcase time="0.00199999999995271" classname="ds.dataFrameFill_smk_extend_unfilled_dataframes" name="dataFrameFill_exists"/>
    <testcase time="0.00199999999995271" classname="ds.dataFrameFill_smk_extend_unfilled_dataframes" name="dataFrameFill_exists"/>
    <testcase time="0.000999999999748979" classname="ds.dataFrameFill_smk_extend_unfilled_dataframes" name="dataFrameFill_exists"/>
    <testcase time="0.00199999999995271" classname="ds.dataFrameFill_smk_extend_unfilled_dataframes" name="dataFrameFill_exists"/>
    <testcase time="0.00100000000020373" classname="ds.dataFrameFill_smk_extend_unfilled_dataframes" name="dataFrameFill_exists"/>
    <testcase time="0.00199999999995271" classname="ds.dataFrameFill_smk_extend_unfilled_dataframes" name="dataFrameFill_exists"/>
    <testcase time="0.00100000000020373" classname="ds.dataFrameFill_smk_extend_unfilled_dataframes" name="dataFrameFill_exists"/>
    <testcase time="0.00199999999995271" classname="ds.dataFrameFill_smk_extend_unfilled_dataframes" name="dataFrameFill_exists"/>
    <testcase time="0.00199999999995271" classname="ds.dataFrameFill_smk_extend_unfilled_dataframes" name="dataFrameFill_exists"/>
    <testcase time="0.00199999999995271" classname="ds.dataFrameFill_smk_extend_unfilled_dataframes" name="dataFrameFill_exists"/>
  </testsuite>
  <testsuite name="ds.dataFrameFill::smk::shutdown" timestamp="2020-07-01T15:54:33Z" hostname="fv-az29" tests="3" skipped="0" failures="0" errors="0" time="0.289">
    <testcase time="0.286000000000058" classname="ds.dataFrameFill_smk_shutdown" name="shutdown"/>
    <testcase time="0.00199999999995271" classname="ds.dataFrameFill_smk_shutdown" name="shutdown"/>
    <testcase time="0.000999999999748979" classname="ds.dataFrameFill_smk_shutdown" name="shutdown"/>
  </testsuite>
  <testsuite name="ds.dataFrameFill::smk::done" timestamp="2020-07-01T15:54:33Z" hostname="fv-az29" tests="0" skipped="0" failures="0" errors="0" time="0"/>
  <testsuite name="ds.dataFrame::smk::setup" timestamp="2020-07-01T15:54:33Z" hostname="fv-az29" tests="3" skipped="0" failures="0" errors="0" time="5.503">
    <testcase time="5.5010000000002" classname="ds.dataFrame_smk_setup" name="setup"/>
    <testcase time="0.00100000000020373" classname="ds.dataFrame_smk_setup" name="setup"/>
    <testcase time="0.000999999999748979" classname="ds.dataFrame_smk_setup" name="setup"/>
  </testsuite>
  <testsuite name="ds.dataFrame::smk::create a dataframe, from root variables" timestamp="2020-07-01T15:54:38Z" hostname="fv-az29" tests="25" skipped="0" failures="0" errors="0" time="5.824">
    <testcase time="3.74600000000009" classname="ds.dataFrame_smk_create_a_dataframe_from_root_variables" name="dataframe_exists"/>
    <testcase time="0.000999999999748979" classname="ds.dataFrame_smk_create_a_dataframe_from_root_variables" name="dataframe_exists"/>
    <testcase time="0.00200000000040745" classname="ds.dataFrame_smk_create_a_dataframe_from_root_variables" name="dataframe_exists"/>
    <testcase time="0.806999999999789" classname="ds.dataFrame_smk_create_a_dataframe_from_root_variables" name="dataframe_exists"/>
    <testcase time="0.00100000000020373" classname="ds.dataFrame_smk_create_a_dataframe_from_root_variables" name="dataframe_exists"/>
    <testcase time="0.000999999999748979" classname="ds.dataFrame_smk_create_a_dataframe_from_root_variables" name="dataframe_exists"/>
    <testcase time="0.00199999999995271" classname="ds.dataFrame_smk_create_a_dataframe_from_root_variables" name="dataframe_exists"/>
    <testcase time="0.00100000000020373" classname="ds.dataFrame_smk_create_a_dataframe_from_root_variables" name="dataframe_exists"/>
    <testcase time="0.00199999999995271" classname="ds.dataFrame_smk_create_a_dataframe_from_root_variables" name="dataframe_exists"/>
    <testcase time="0.000999999999748979" classname="ds.dataFrame_smk_create_a_dataframe_from_root_variables" name="dataframe_exists"/>
    <testcase time="0.00200000000040745" classname="ds.dataFrame_smk_create_a_dataframe_from_root_variables" name="dataframe_exists"/>
    <testcase time="0.00199999999995271" classname="ds.dataFrame_smk_create_a_dataframe_from_root_variables" name="dataframe_exists"/>
    <testcase time="0.000999999999748979" classname="ds.dataFrame_smk_create_a_dataframe_from_root_variables" name="dataframe_exists"/>
    <testcase time="0.00100000000020373" classname="ds.dataFrame_smk_create_a_dataframe_from_root_variables" name="dataframe_exists"/>
    <testcase time="0.00199999999995271" classname="ds.dataFrame_smk_create_a_dataframe_from_root_variables" name="dataframe_exists"/>
    <testcase time="1.23599999999988" classname="ds.dataFrame_smk_create_a_dataframe_from_root_variables" name="dataframe_exists"/>
    <testcase time="0.00199999999995271" classname="ds.dataFrame_smk_create_a_dataframe_from_root_variables" name="dataframe_exists"/>
    <testcase time="0.00100000000020373" classname="ds.dataFrame_smk_create_a_dataframe_from_root_variables" name="dataframe_exists"/>
    <testcase time="0.00199999999995271" classname="ds.dataFrame_smk_create_a_dataframe_from_root_variables" name="dataframe_exists"/>
    <testcase time="0.00199999999995271" classname="ds.dataFrame_smk_create_a_dataframe_from_root_variables" name="dataframe_exists"/>
    <testcase time="0.00199999999995271" classname="ds.dataFrame_smk_create_a_dataframe_from_root_variables" name="dataframe_exists"/>
    <testcase time="0.00199999999995271" classname="ds.dataFrame_smk_create_a_dataframe_from_root_variables" name="dataframe_exists"/>
    <testcase time="0.00100000000020373" classname="ds.dataFrame_smk_create_a_dataframe_from_root_variables" name="dataframe_exists"/>
    <testcase time="0.00199999999995271" classname="ds.dataFrame_smk_create_a_dataframe_from_root_variables" name="dataframe_exists"/>
    <testcase time="0.00199999999995271" classname="ds.dataFrame_smk_create_a_dataframe_from_root_variables" name="dataframe_exists"/>
  </testsuite>
  <testsuite name="ds.dataFrame::smk::create a dataframe, with DataSHIELD.checks, from root variables" timestamp="2020-07-01T15:54:44Z" hostname="fv-az29" tests="20" skipped="0" failures="0" errors="0" time="17.701">
    <testcase time="15.5120000000002" classname="ds.dataFrame_smk_create_a_dataframe_with_DataSHIELD.checks_from_root_variables" name="dataframe_exists_with_DataSHIELD.checks"/>
    <testcase time="0.000999999999748979" classname="ds.dataFrame_smk_create_a_dataframe_with_DataSHIELD.checks_from_root_variables" name="dataframe_exists_with_DataSHIELD.checks"/>
    <testcase time="0.00199999999995271" classname="ds.dataFrame_smk_create_a_dataframe_with_DataSHIELD.checks_from_root_variables" name="dataframe_exists_with_DataSHIELD.checks"/>
    <testcase time="0.923000000000229" classname="ds.dataFrame_smk_create_a_dataframe_with_DataSHIELD.checks_from_root_variables" name="dataframe_exists_with_DataSHIELD.checks"/>
    <testcase time="0.00199999999995271" classname="ds.dataFrame_smk_create_a_dataframe_with_DataSHIELD.checks_from_root_variables" name="dataframe_exists_with_DataSHIELD.checks"/>
    <testcase time="0.000999999999748979" classname="ds.dataFrame_smk_create_a_dataframe_with_DataSHIELD.checks_from_root_variables" name="dataframe_exists_with_DataSHIELD.checks"/>
    <testcase time="0.00200000000040745" classname="ds.dataFrame_smk_create_a_dataframe_with_DataSHIELD.checks_from_root_variables" name="dataframe_exists_with_DataSHIELD.checks"/>
    <testcase time="0.00199999999995271" classname="ds.dataFrame_smk_create_a_dataframe_with_DataSHIELD.checks_from_root_variables" name="dataframe_exists_with_DataSHIELD.checks"/>
    <testcase time="0.000999999999748979" classname="ds.dataFrame_smk_create_a_dataframe_with_DataSHIELD.checks_from_root_variables" name="dataframe_exists_with_DataSHIELD.checks"/>
    <testcase time="0.00199999999995271" classname="ds.dataFrame_smk_create_a_dataframe_with_DataSHIELD.checks_from_root_variables" name="dataframe_exists_with_DataSHIELD.checks"/>
    <testcase time="1.23600000000033" classname="ds.dataFrame_smk_create_a_dataframe_with_DataSHIELD.checks_from_root_variables" name="dataframe_exists_with_DataSHIELD.checks"/>
    <testcase time="0.00199999999995271" classname="ds.dataFrame_smk_create_a_dataframe_with_DataSHIELD.checks_from_root_variables" name="dataframe_exists_with_DataSHIELD.checks"/>
    <testcase time="0.00199999999995271" classname="ds.dataFrame_smk_create_a_dataframe_with_DataSHIELD.checks_from_root_variables" name="dataframe_exists_with_DataSHIELD.checks"/>
    <testcase time="0.000999999999748979" classname="ds.dataFrame_smk_create_a_dataframe_with_DataSHIELD.checks_from_root_variables" name="dataframe_exists_with_DataSHIELD.checks"/>
    <testcase time="0.00199999999995271" classname="ds.dataFrame_smk_create_a_dataframe_with_DataSHIELD.checks_from_root_variables" name="dataframe_exists_with_DataSHIELD.checks"/>
    <testcase time="0.00200000000040745" classname="ds.dataFrame_smk_create_a_dataframe_with_DataSHIELD.checks_from_root_variables" name="dataframe_exists_with_DataSHIELD.checks"/>
    <testcase time="0.00199999999995271" classname="ds.dataFrame_smk_create_a_dataframe_with_DataSHIELD.checks_from_root_variables" name="dataframe_exists_with_DataSHIELD.checks"/>
    <testcase time="0.00199999999995271" classname="ds.dataFrame_smk_create_a_dataframe_with_DataSHIELD.checks_from_root_variables" name="dataframe_exists_with_DataSHIELD.checks"/>
    <testcase time="0.00199999999995271" classname="ds.dataFrame_smk_create_a_dataframe_with_DataSHIELD.checks_from_root_variables" name="dataframe_exists_with_DataSHIELD.checks"/>
    <testcase time="0.00199999999995271" classname="ds.dataFrame_smk_create_a_dataframe_with_DataSHIELD.checks_from_root_variables" name="dataframe_exists_with_DataSHIELD.checks"/>
  </testsuite>
  <testsuite name="ds.dataFrame::smk::create a dataframe, from dataframe variables" timestamp="2020-07-01T15:55:02Z" hostname="fv-az29" tests="25" skipped="0" failures="0" errors="0" time="4.487">
    <testcase time="2.95600000000013" classname="ds.dataFrame_smk_create_a_dataframe_from_dataframe_variables" name="dataframe_exists_from_dataframe_variables"/>
    <testcase time="0.00199999999995271" classname="ds.dataFrame_smk_create_a_dataframe_from_dataframe_variables" name="dataframe_exists_from_dataframe_variables"/>
    <testcase time="0.000999999999748979" classname="ds.dataFrame_smk_create_a_dataframe_from_dataframe_variables" name="dataframe_exists_from_dataframe_variables"/>
    <testcase time="0.2800000000002" classname="ds.dataFrame_smk_create_a_dataframe_from_dataframe_variables" name="dataframe_exists_from_dataframe_variables"/>
    <testcase time="0.00100000000020373" classname="ds.dataFrame_smk_create_a_dataframe_from_dataframe_variables" name="dataframe_exists_from_dataframe_variables"/>
    <testcase time="0.00199999999995271" classname="ds.dataFrame_smk_create_a_dataframe_from_dataframe_variables" name="dataframe_exists_from_dataframe_variables"/>
    <testcase time="0.00100000000020373" classname="ds.dataFrame_smk_create_a_dataframe_from_dataframe_variables" name="dataframe_exists_from_dataframe_variables"/>
    <testcase time="0.00199999999995271" classname="ds.dataFrame_smk_create_a_dataframe_from_dataframe_variables" name="dataframe_exists_from_dataframe_variables"/>
    <testcase time="0.000999999999748979" classname="ds.dataFrame_smk_create_a_dataframe_from_dataframe_variables" name="dataframe_exists_from_dataframe_variables"/>
    <testcase time="0.00100000000020373" classname="ds.dataFrame_smk_create_a_dataframe_from_dataframe_variables" name="dataframe_exists_from_dataframe_variables"/>
    <testcase time="0.00199999999995271" classname="ds.dataFrame_smk_create_a_dataframe_from_dataframe_variables" name="dataframe_exists_from_dataframe_variables"/>
    <testcase time="0.000999999999748979" classname="ds.dataFrame_smk_create_a_dataframe_from_dataframe_variables" name="dataframe_exists_from_dataframe_variables"/>
    <testcase time="0.00200000000040745" classname="ds.dataFrame_smk_create_a_dataframe_from_dataframe_variables" name="dataframe_exists_from_dataframe_variables"/>
    <testcase time="0.000999999999748979" classname="ds.dataFrame_smk_create_a_dataframe_from_dataframe_variables" name="dataframe_exists_from_dataframe_variables"/>
    <testcase time="0.00199999999995271" classname="ds.dataFrame_smk_create_a_dataframe_from_dataframe_variables" name="dataframe_exists_from_dataframe_variables"/>
    <testcase time="1.2170000000001" classname="ds.dataFrame_smk_create_a_dataframe_from_dataframe_variables" name="dataframe_exists_from_dataframe_variables"/>
    <testcase time="0.00100000000020373" classname="ds.dataFrame_smk_create_a_dataframe_from_dataframe_variables" name="dataframe_exists_from_dataframe_variables"/>
    <testcase time="0.00199999999995271" classname="ds.dataFrame_smk_create_a_dataframe_from_dataframe_variables" name="dataframe_exists_from_dataframe_variables"/>
    <testcase time="0.00199999999995271" classname="ds.dataFrame_smk_create_a_dataframe_from_dataframe_variables" name="dataframe_exists_from_dataframe_variables"/>
    <testcase time="0.00199999999995271" classname="ds.dataFrame_smk_create_a_dataframe_from_dataframe_variables" name="dataframe_exists_from_dataframe_variables"/>
    <testcase time="0.000999999999748979" classname="ds.dataFrame_smk_create_a_dataframe_from_dataframe_variables" name="dataframe_exists_from_dataframe_variables"/>
    <testcase time="0.00200000000040745" classname="ds.dataFrame_smk_create_a_dataframe_from_dataframe_variables" name="dataframe_exists_from_dataframe_variables"/>
    <testcase time="0.000999999999748979" classname="ds.dataFrame_smk_create_a_dataframe_from_dataframe_variables" name="dataframe_exists_from_dataframe_variables"/>
    <testcase time="0.00199999999995271" classname="ds.dataFrame_smk_create_a_dataframe_from_dataframe_variables" name="dataframe_exists_from_dataframe_variables"/>
    <testcase time="0.00199999999995271" classname="ds.dataFrame_smk_create_a_dataframe_from_dataframe_variables" name="dataframe_exists_from_dataframe_variables"/>
  </testsuite>
  <testsuite name="ds.dataFrame::smk::create a dataframe, with DataSHIELD.checks, from dataframe variables" timestamp="2020-07-01T15:55:07Z" hostname="fv-az29" tests="20" skipped="0" failures="0" errors="0" time="15.96">
    <testcase time="14.4650000000001" classname="ds.dataFrame_smk_create_a_dataframe_with_DataSHIELD.checks_from_dataframe_variables" name="dataframe_exists_with_DataSHIELD.checks_from_dataframe_variables"/>
    <testcase time="0.00100000000020373" classname="ds.dataFrame_smk_create_a_dataframe_with_DataSHIELD.checks_from_dataframe_variables" name="dataframe_exists_with_DataSHIELD.checks_from_dataframe_variables"/>
    <testcase time="0.000999999999748979" classname="ds.dataFrame_smk_create_a_dataframe_with_DataSHIELD.checks_from_dataframe_variables" name="dataframe_exists_with_DataSHIELD.checks_from_dataframe_variables"/>
    <testcase time="0.264000000000124" classname="ds.dataFrame_smk_create_a_dataframe_with_DataSHIELD.checks_from_dataframe_variables" name="dataframe_exists_with_DataSHIELD.checks_from_dataframe_variables"/>
    <testcase time="0.000999999999748979" classname="ds.dataFrame_smk_create_a_dataframe_with_DataSHIELD.checks_from_dataframe_variables" name="dataframe_exists_with_DataSHIELD.checks_from_dataframe_variables"/>
    <testcase time="0.00100000000020373" classname="ds.dataFrame_smk_create_a_dataframe_with_DataSHIELD.checks_from_dataframe_variables" name="dataframe_exists_with_DataSHIELD.checks_from_dataframe_variables"/>
    <testcase time="0.000999999999748979" classname="ds.dataFrame_smk_create_a_dataframe_with_DataSHIELD.checks_from_dataframe_variables" name="dataframe_exists_with_DataSHIELD.checks_from_dataframe_variables"/>
    <testcase time="0.00200000000040745" classname="ds.dataFrame_smk_create_a_dataframe_with_DataSHIELD.checks_from_dataframe_variables" name="dataframe_exists_with_DataSHIELD.checks_from_dataframe_variables"/>
    <testcase time="0.000999999999748979" classname="ds.dataFrame_smk_create_a_dataframe_with_DataSHIELD.checks_from_dataframe_variables" name="dataframe_exists_with_DataSHIELD.checks_from_dataframe_variables"/>
    <testcase time="0.00199999999995271" classname="ds.dataFrame_smk_create_a_dataframe_with_DataSHIELD.checks_from_dataframe_variables" name="dataframe_exists_with_DataSHIELD.checks_from_dataframe_variables"/>
    <testcase time="1.20699999999988" classname="ds.dataFrame_smk_create_a_dataframe_with_DataSHIELD.checks_from_dataframe_variables" name="dataframe_exists_with_DataSHIELD.checks_from_dataframe_variables"/>
    <testcase time="0.00100000000020373" classname="ds.dataFrame_smk_create_a_dataframe_with_DataSHIELD.checks_from_dataframe_variables" name="dataframe_exists_with_DataSHIELD.checks_from_dataframe_variables"/>
    <testcase time="0.00199999999995271" classname="ds.dataFrame_smk_create_a_dataframe_with_DataSHIELD.checks_from_dataframe_variables" name="dataframe_exists_with_DataSHIELD.checks_from_dataframe_variables"/>
    <testcase time="0.00100000000020373" classname="ds.dataFrame_smk_create_a_dataframe_with_DataSHIELD.checks_from_dataframe_variables" name="dataframe_exists_with_DataSHIELD.checks_from_dataframe_variables"/>
    <testcase time="0.00199999999995271" classname="ds.dataFrame_smk_create_a_dataframe_with_DataSHIELD.checks_from_dataframe_variables" name="dataframe_exists_with_DataSHIELD.checks_from_dataframe_variables"/>
    <testcase time="0.00199999999995271" classname="ds.dataFrame_smk_create_a_dataframe_with_DataSHIELD.checks_from_dataframe_variables" name="dataframe_exists_with_DataSHIELD.checks_from_dataframe_variables"/>
    <testcase time="0.000999999999748979" classname="ds.dataFrame_smk_create_a_dataframe_with_DataSHIELD.checks_from_dataframe_variables" name="dataframe_exists_with_DataSHIELD.checks_from_dataframe_variables"/>
    <testcase time="0.00200000000040745" classname="ds.dataFrame_smk_create_a_dataframe_with_DataSHIELD.checks_from_dataframe_variables" name="dataframe_exists_with_DataSHIELD.checks_from_dataframe_variables"/>
    <testcase time="0.00199999999995271" classname="ds.dataFrame_smk_create_a_dataframe_with_DataSHIELD.checks_from_dataframe_variables" name="dataframe_exists_with_DataSHIELD.checks_from_dataframe_variables"/>
    <testcase time="0.000999999999748979" classname="ds.dataFrame_smk_create_a_dataframe_with_DataSHIELD.checks_from_dataframe_variables" name="dataframe_exists_with_DataSHIELD.checks_from_dataframe_variables"/>
  </testsuite>
  <testsuite name="ds.dataFrame::smk::shutdown" timestamp="2020-07-01T15:55:23Z" hostname="fv-az29" tests="3" skipped="0" failures="0" errors="0" time="0.542">
    <testcase time="0.539000000000215" classname="ds.dataFrame_smk_shutdown" name="shutdown"/>
    <testcase time="0.00199999999995271" classname="ds.dataFrame_smk_shutdown" name="shutdown"/>
    <testcase time="0.000999999999748979" classname="ds.dataFrame_smk_shutdown" name="shutdown"/>
  </testsuite>
  <testsuite name="ds.dataFrame::smk::done" timestamp="2020-07-01T15:55:23Z" hostname="fv-az29" tests="0" skipped="0" failures="0" errors="0" time="0"/>
  <testsuite name="ds.dataFrameSort::smk::setup" timestamp="2020-07-01T15:55:23Z" hostname="fv-az29" tests="3" skipped="0" failures="0" errors="0" time="5.622">
    <testcase time="5.62000000000035" classname="ds.dataFrameSort_smk_setup" name="setup"/>
    <testcase time="0.000999999999748979" classname="ds.dataFrameSort_smk_setup" name="setup"/>
    <testcase time="0.00100000000020373" classname="ds.dataFrameSort_smk_setup" name="setup"/>
  </testsuite>
  <testsuite name="ds.dataFrameSort::smk::create a sorted dataframe" timestamp="2020-07-01T15:55:28Z" hostname="fv-az29" tests="10" skipped="0" failures="0" errors="0" time="3.531">
    <testcase time="3.51800000000003" classname="ds.dataFrameSort_smk_create_a_sorted_dataframe" name="dataFrameSort_exists"/>
    <testcase time="0.00199999999995271" classname="ds.dataFrameSort_smk_create_a_sorted_dataframe" name="dataFrameSort_exists"/>
    <testcase time="0.000999999999748979" classname="ds.dataFrameSort_smk_create_a_sorted_dataframe" name="dataFrameSort_exists"/>
    <testcase time="0.00199999999995271" classname="ds.dataFrameSort_smk_create_a_sorted_dataframe" name="dataFrameSort_exists"/>
    <testcase time="0.00100000000020373" classname="ds.dataFrameSort_smk_create_a_sorted_dataframe" name="dataFrameSort_exists"/>
    <testcase time="0.00100000000020373" classname="ds.dataFrameSort_smk_create_a_sorted_dataframe" name="dataFrameSort_exists"/>
    <testcase time="0.00199999999995271" classname="ds.dataFrameSort_smk_create_a_sorted_dataframe" name="dataFrameSort_exists"/>
    <testcase time="0.000999999999748979" classname="ds.dataFrameSort_smk_create_a_sorted_dataframe" name="dataFrameSort_exists"/>
    <testcase time="0.00199999999995271" classname="ds.dataFrameSort_smk_create_a_sorted_dataframe" name="dataFrameSort_exists"/>
    <testcase time="0.00100000000020373" classname="ds.dataFrameSort_smk_create_a_sorted_dataframe" name="dataFrameSort_exists"/>
  </testsuite>
  <testsuite name="ds.dataFrameSort::smk::shutdown" timestamp="2020-07-01T15:55:32Z" hostname="fv-az29" tests="3" skipped="0" failures="0" errors="0" time="0.289">
    <testcase time="0.286000000000058" classname="ds.dataFrameSort_smk_shutdown" name="shutdown"/>
    <testcase time="0.000999999999748979" classname="ds.dataFrameSort_smk_shutdown" name="shutdown"/>
    <testcase time="0.00199999999995271" classname="ds.dataFrameSort_smk_shutdown" name="shutdown"/>
  </testsuite>
  <testsuite name="ds.dataFrameSort::smk::done" timestamp="2020-07-01T15:55:33Z" hostname="fv-az29" tests="0" skipped="0" failures="0" errors="0" time="0"/>
  <testsuite name="ds.dataFrameSubset::smk::setup" timestamp="2020-07-01T15:55:33Z" hostname="fv-az29" tests="3" skipped="0" failures="0" errors="0" time="5.471">
    <testcase time="5.4680000000003" classname="ds.dataFrameSubset_smk_setup" name="setup"/>
    <testcase time="0.000999999999748979" classname="ds.dataFrameSubset_smk_setup" name="setup"/>
    <testcase time="0.00199999999995271" classname="ds.dataFrameSubset_smk_setup" name="setup"/>
  </testsuite>
  <testsuite name="ds.dataFrameSubset::smk::create a subset dataframe" timestamp="2020-07-01T15:55:38Z" hostname="fv-az29" tests="23" skipped="0" failures="0" errors="0" time="5.093">
    <testcase time="2.95400000000018" classname="ds.dataFrameSubset_smk_create_a_subset_dataframe" name="dataFrameSubset_exists"/>
    <testcase time="0.00100000000020373" classname="ds.dataFrameSubset_smk_create_a_subset_dataframe" name="dataFrameSubset_exists"/>
    <testcase time="0.00199999999995271" classname="ds.dataFrameSubset_smk_create_a_subset_dataframe" name="dataFrameSubset_exists"/>
    <testcase time="0.000999999999748979" classname="ds.dataFrameSubset_smk_create_a_subset_dataframe" name="dataFrameSubset_exists"/>
    <testcase time="0.00100000000020373" classname="ds.dataFrameSubset_smk_create_a_subset_dataframe" name="dataFrameSubset_exists"/>
    <testcase time="0.00199999999995271" classname="ds.dataFrameSubset_smk_create_a_subset_dataframe" name="dataFrameSubset_exists"/>
    <testcase time="0.000999999999748979" classname="ds.dataFrameSubset_smk_create_a_subset_dataframe" name="dataFrameSubset_exists"/>
    <testcase time="0.00200000000040745" classname="ds.dataFrameSubset_smk_create_a_subset_dataframe" name="dataFrameSubset_exists"/>
    <testcase time="0.00199999999995271" classname="ds.dataFrameSubset_smk_create_a_subset_dataframe" name="dataFrameSubset_exists"/>
    <testcase time="0.000999999999748979" classname="ds.dataFrameSubset_smk_create_a_subset_dataframe" name="dataFrameSubset_exists"/>
    <testcase time="2.10899999999992" classname="ds.dataFrameSubset_smk_create_a_subset_dataframe" name="dataFrameSubset_exists"/>
    <testcase time="0.00100000000020373" classname="ds.dataFrameSubset_smk_create_a_subset_dataframe" name="dataFrameSubset_exists"/>
    <testcase time="0.00100000000020373" classname="ds.dataFrameSubset_smk_create_a_subset_dataframe" name="dataFrameSubset_exists"/>
    <testcase time="0.00100000000020373" classname="ds.dataFrameSubset_smk_create_a_subset_dataframe" name="dataFrameSubset_exists"/>
    <testcase time="0.00100000000020373" classname="ds.dataFrameSubset_smk_create_a_subset_dataframe" name="dataFrameSubset_exists"/>
    <testcase time="0.00199999999995271" classname="ds.dataFrameSubset_smk_create_a_subset_dataframe" name="dataFrameSubset_exists"/>
    <testcase time="0.00199999999995271" classname="ds.dataFrameSubset_smk_create_a_subset_dataframe" name="dataFrameSubset_exists"/>
    <testcase time="0.000999999999748979" classname="ds.dataFrameSubset_smk_create_a_subset_dataframe" name="dataFrameSubset_exists"/>
    <testcase time="0.00100000000020373" classname="ds.dataFrameSubset_smk_create_a_subset_dataframe" name="dataFrameSubset_exists"/>
    <testcase time="0.00299999999970169" classname="ds.dataFrameSubset_smk_create_a_subset_dataframe" name="dataFrameSubset_exists"/>
    <testcase time="0.00100000000020373" classname="ds.dataFrameSubset_smk_create_a_subset_dataframe" name="dataFrameSubset_exists"/>
    <testcase time="0.000999999999748979" classname="ds.dataFrameSubset_smk_create_a_subset_dataframe" name="dataFrameSubset_exists"/>
    <testcase time="0.00199999999995271" classname="ds.dataFrameSubset_smk_create_a_subset_dataframe" name="dataFrameSubset_exists"/>
  </testsuite>
  <testsuite name="ds.dataFrameSubset::smk::create a subset dataframe, based on scalar" timestamp="2020-07-01T15:55:43Z" hostname="fv-az29" tests="23" skipped="0" failures="0" errors="0" time="6.022">
    <testcase time="3.65900000000011" classname="ds.dataFrameSubset_smk_create_a_subset_dataframe_based_on_scalar" name="dataFrameSubset_exists_scalar"/>
    <testcase time="0.00100000000020373" classname="ds.dataFrameSubset_smk_create_a_subset_dataframe_based_on_scalar" name="dataFrameSubset_exists_scalar"/>
    <testcase time="0.000999999999748979" classname="ds.dataFrameSubset_smk_create_a_subset_dataframe_based_on_scalar" name="dataFrameSubset_exists_scalar"/>
    <testcase time="0.00100000000020373" classname="ds.dataFrameSubset_smk_create_a_subset_dataframe_based_on_scalar" name="dataFrameSubset_exists_scalar"/>
    <testcase time="0.00199999999995271" classname="ds.dataFrameSubset_smk_create_a_subset_dataframe_based_on_scalar" name="dataFrameSubset_exists_scalar"/>
    <testcase time="0.000999999999748979" classname="ds.dataFrameSubset_smk_create_a_subset_dataframe_based_on_scalar" name="dataFrameSubset_exists_scalar"/>
    <testcase time="0.00200000000040745" classname="ds.dataFrameSubset_smk_create_a_subset_dataframe_based_on_scalar" name="dataFrameSubset_exists_scalar"/>
    <testcase time="0.000999999999748979" classname="ds.dataFrameSubset_smk_create_a_subset_dataframe_based_on_scalar" name="dataFrameSubset_exists_scalar"/>
    <testcase time="0.00199999999995271" classname="ds.dataFrameSubset_smk_create_a_subset_dataframe_based_on_scalar" name="dataFrameSubset_exists_scalar"/>
    <testcase time="0.00100000000020373" classname="ds.dataFrameSubset_smk_create_a_subset_dataframe_based_on_scalar" name="dataFrameSubset_exists_scalar"/>
    <testcase time="2.33300000000008" classname="ds.dataFrameSubset_smk_create_a_subset_dataframe_based_on_scalar" name="dataFrameSubset_exists_scalar"/>
    <testcase time="0.00199999999995271" classname="ds.dataFrameSubset_smk_create_a_subset_dataframe_based_on_scalar" name="dataFrameSubset_exists_scalar"/>
    <testcase time="0.000999999999748979" classname="ds.dataFrameSubset_smk_create_a_subset_dataframe_based_on_scalar" name="dataFrameSubset_exists_scalar"/>
    <testcase time="0.00199999999995271" classname="ds.dataFrameSubset_smk_create_a_subset_dataframe_based_on_scalar" name="dataFrameSubset_exists_scalar"/>
    <testcase time="0.00100000000020373" classname="ds.dataFrameSubset_smk_create_a_subset_dataframe_based_on_scalar" name="dataFrameSubset_exists_scalar"/>
    <testcase time="0.00199999999995271" classname="ds.dataFrameSubset_smk_create_a_subset_dataframe_based_on_scalar" name="dataFrameSubset_exists_scalar"/>
    <testcase time="0.00199999999995271" classname="ds.dataFrameSubset_smk_create_a_subset_dataframe_based_on_scalar" name="dataFrameSubset_exists_scalar"/>
    <testcase time="0.00199999999995271" classname="ds.dataFrameSubset_smk_create_a_subset_dataframe_based_on_scalar" name="dataFrameSubset_exists_scalar"/>
    <testcase time="0.00100000000020373" classname="ds.dataFrameSubset_smk_create_a_subset_dataframe_based_on_scalar" name="dataFrameSubset_exists_scalar"/>
    <testcase time="0.000999999999748979" classname="ds.dataFrameSubset_smk_create_a_subset_dataframe_based_on_scalar" name="dataFrameSubset_exists_scalar"/>
    <testcase time="0.00199999999995271" classname="ds.dataFrameSubset_smk_create_a_subset_dataframe_based_on_scalar" name="dataFrameSubset_exists_scalar"/>
    <testcase time="0.00100000000020373" classname="ds.dataFrameSubset_smk_create_a_subset_dataframe_based_on_scalar" name="dataFrameSubset_exists_scalar"/>
    <testcase time="0.00100000000020373" classname="ds.dataFrameSubset_smk_create_a_subset_dataframe_based_on_scalar" name="dataFrameSubset_exists_scalar"/>
  </testsuite>
  <testsuite name="ds.dataFrameSubset::smk::shutdown" timestamp="2020-07-01T15:55:49Z" hostname="fv-az29" tests="3" skipped="0" failures="0" errors="0" time="0.282">
    <testcase time="0.278999999999996" classname="ds.dataFrameSubset_smk_shutdown" name="shutdown"/>
    <testcase time="0.00199999999995271" classname="ds.dataFrameSubset_smk_shutdown" name="shutdown"/>
    <testcase time="0.000999999999748979" classname="ds.dataFrameSubset_smk_shutdown" name="shutdown"/>
  </testsuite>
  <testsuite name="ds.dataFrameSubset::smk::down" timestamp="2020-07-01T15:55:50Z" hostname="fv-az29" tests="0" skipped="0" failures="0" errors="0" time="0"/>
  <testsuite name="ds.dim::smk::setup" timestamp="2020-07-01T15:55:50Z" hostname="fv-az29" tests="3" skipped="0" failures="0" errors="0" time="5.49">
    <testcase time="5.48800000000028" classname="ds.dim_smk_setup" name="setup"/>
    <testcase time="0.000999999999748979" classname="ds.dim_smk_setup" name="setup"/>
    <testcase time="0.00100000000020373" classname="ds.dim_smk_setup" name="setup"/>
  </testsuite>
  <testsuite name="ds.dim::smk" timestamp="2020-07-01T15:55:55Z" hostname="fv-az29" tests="13" skipped="0" failures="0" errors="0" time="0.298">
    <testcase time="0.280999999999949" classname="ds.dim_smk" name="simple_dim_both"/>
    <testcase time="0.000999999999748979" classname="ds.dim_smk" name="simple_dim_both"/>
    <testcase time="0.00100000000020373" classname="ds.dim_smk" name="simple_dim_both"/>
    <testcase time="0.00199999999995271" classname="ds.dim_smk" name="simple_dim_both"/>
    <testcase time="0.00100000000020373" classname="ds.dim_smk" name="simple_dim_both"/>
    <testcase time="0.000999999999748979" classname="ds.dim_smk" name="simple_dim_both"/>
    <testcase time="0.00199999999995271" classname="ds.dim_smk" name="simple_dim_both"/>
    <testcase time="0.00100000000020373" classname="ds.dim_smk" name="simple_dim_both"/>
    <testcase time="0.00199999999995271" classname="ds.dim_smk" name="simple_dim_both"/>
    <testcase time="0.000999999999748979" classname="ds.dim_smk" name="simple_dim_both"/>
    <testcase time="0.00200000000040745" classname="ds.dim_smk" name="simple_dim_both"/>
    <testcase time="0.000999999999748979" classname="ds.dim_smk" name="simple_dim_both"/>
    <testcase time="0.00199999999995271" classname="ds.dim_smk" name="simple_dim_both"/>
  </testsuite>
  <testsuite name="ds.dim::smk" timestamp="2020-07-01T15:55:55Z" hostname="fv-az29" tests="10" skipped="0" failures="0" errors="0" time="0.298">
    <testcase time="0.282999999999902" classname="ds.dim_smk" name="simple_dim_split"/>
    <testcase time="0.00199999999995271" classname="ds.dim_smk" name="simple_dim_split"/>
    <testcase time="0.00100000000020373" classname="ds.dim_smk" name="simple_dim_split"/>
    <testcase time="0.00199999999995271" classname="ds.dim_smk" name="simple_dim_split"/>
    <testcase time="0.00100000000020373" classname="ds.dim_smk" name="simple_dim_split"/>
    <testcase time="0.00199999999995271" classname="ds.dim_smk" name="simple_dim_split"/>
    <testcase time="0.00199999999995271" classname="ds.dim_smk" name="simple_dim_split"/>
    <testcase time="0.00199999999995271" classname="ds.dim_smk" name="simple_dim_split"/>
    <testcase time="0.00100000000020373" classname="ds.dim_smk" name="simple_dim_split"/>
    <testcase time="0.00199999999995271" classname="ds.dim_smk" name="simple_dim_split"/>
  </testsuite>
  <testsuite name="ds.dim::smk" timestamp="2020-07-01T15:55:55Z" hostname="fv-az29" tests="4" skipped="0" failures="0" errors="0" time="0.284">
    <testcase time="0.279999999999745" classname="ds.dim_smk" name="simple_dim_combine"/>
    <testcase time="0.00100000000020373" classname="ds.dim_smk" name="simple_dim_combine"/>
    <testcase time="0.000999999999748979" classname="ds.dim_smk" name="simple_dim_combine"/>
    <testcase time="0.00199999999995271" classname="ds.dim_smk" name="simple_dim_combine"/>
  </testsuite>
  <testsuite name="ds.dim::smk::shutdown" timestamp="2020-07-01T15:55:55Z" hostname="fv-az29" tests="3" skipped="0" failures="0" errors="0" time="0.288">
    <testcase time="0.285000000000309" classname="ds.dim_smk_shutdown" name="shutdown"/>
    <testcase time="0.00199999999995271" classname="ds.dim_smk_shutdown" name="shutdown"/>
    <testcase time="0.000999999999748979" classname="ds.dim_smk_shutdown" name="shutdown"/>
  </testsuite>
  <testsuite name="ds.dim::smk::done" timestamp="2020-07-01T15:55:56Z" hostname="fv-az29" tests="0" skipped="0" failures="0" errors="0" time="0"/>
  <testsuite name="ds.exists::smk::setup" timestamp="2020-07-01T15:55:56Z" hostname="fv-az29" tests="3" skipped="0" failures="0" errors="0" time="5.509">
    <testcase time="5.50600000000031" classname="ds.exists_smk_setup" name="setup"/>
    <testcase time="0.000999999999748979" classname="ds.exists_smk_setup" name="setup"/>
    <testcase time="0.00199999999995271" classname="ds.exists_smk_setup" name="setup"/>
  </testsuite>
  <testsuite name="ds.exists::smk" timestamp="2020-07-01T15:56:01Z" hostname="fv-az29" tests="7" skipped="0" failures="0" errors="0" time="0.296">
    <testcase time="0.287000000000262" classname="ds.exists_smk" name="simple_exists"/>
    <testcase time="0.00199999999995271" classname="ds.exists_smk" name="simple_exists"/>
    <testcase time="0.000999999999748979" classname="ds.exists_smk" name="simple_exists"/>
    <testcase time="0.00100000000020373" classname="ds.exists_smk" name="simple_exists"/>
    <testcase time="0.00199999999995271" classname="ds.exists_smk" name="simple_exists"/>
    <testcase time="0.00100000000020373" classname="ds.exists_smk" name="simple_exists"/>
    <testcase time="0.00199999999995271" classname="ds.exists_smk" name="simple_exists"/>
  </testsuite>
  <testsuite name="ds.exists::smk" timestamp="2020-07-01T15:56:02Z" hostname="fv-az29" tests="7" skipped="0" failures="0" errors="0" time="0.285">
    <testcase time="0.277000000000044" classname="ds.exists_smk" name="simple_exists_with_dollar"/>
    <testcase time="0.000999999999748979" classname="ds.exists_smk" name="simple_exists_with_dollar"/>
    <testcase time="0.00199999999995271" classname="ds.exists_smk" name="simple_exists_with_dollar"/>
    <testcase time="0.00100000000020373" classname="ds.exists_smk" name="simple_exists_with_dollar"/>
    <testcase time="0.00199999999995271" classname="ds.exists_smk" name="simple_exists_with_dollar"/>
    <testcase time="0.00100000000020373" classname="ds.exists_smk" name="simple_exists_with_dollar"/>
    <testcase time="0.000999999999748979" classname="ds.exists_smk" name="simple_exists_with_dollar"/>
  </testsuite>
  <testsuite name="ds.exists::smk" timestamp="2020-07-01T15:56:02Z" hostname="fv-az29" tests="7" skipped="0" failures="0" errors="0" time="0.833">
    <testcase time="0.823999999999614" classname="ds.exists_smk" name="simple_exists"/>
    <testcase time="0.00100000000020373" classname="ds.exists_smk" name="simple_exists"/>
    <testcase time="0.000999999999748979" classname="ds.exists_smk" name="simple_exists"/>
    <testcase time="0.00199999999995271" classname="ds.exists_smk" name="simple_exists"/>
    <testcase time="0.00199999999995271" classname="ds.exists_smk" name="simple_exists"/>
    <testcase time="0.00100000000020373" classname="ds.exists_smk" name="simple_exists"/>
    <testcase time="0.00199999999995271" classname="ds.exists_smk" name="simple_exists"/>
  </testsuite>
  <testsuite name="ds.exists::smk::shutdown" timestamp="2020-07-01T15:56:03Z" hostname="fv-az29" tests="3" skipped="0" failures="0" errors="0" time="0.284">
    <testcase time="0.282000000000153" classname="ds.exists_smk_shutdown" name="shutdown"/>
    <testcase time="0.000999999999748979" classname="ds.exists_smk_shutdown" name="shutdown"/>
    <testcase time="0.00100000000020373" classname="ds.exists_smk_shutdown" name="shutdown"/>
  </testsuite>
  <testsuite name="ds.exists::smk::done" timestamp="2020-07-01T15:56:04Z" hostname="fv-az29" tests="0" skipped="0" failures="0" errors="0" time="0"/>
  <testsuite name="ds.exp::smk::setup" timestamp="2020-07-01T15:56:04Z" hostname="fv-az29" tests="3" skipped="0" failures="0" errors="0" time="5.511">
    <testcase time="5.50799999999981" classname="ds.exp_smk_setup" name="setup"/>
    <testcase time="0.00199999999995271" classname="ds.exp_smk_setup" name="setup"/>
    <testcase time="0.00100000000020373" classname="ds.exp_smk_setup" name="setup"/>
  </testsuite>
  <testsuite name="ds.exp::smk" timestamp="2020-07-01T15:56:08Z" hostname="fv-az29" tests="30" skipped="0" failures="0" errors="0" time="5.453">
    <testcase time="1.53899999999976" classname="ds.exp_smk" name="simple_exp"/>
    <testcase time="0.274000000000342" classname="ds.exp_smk" name="simple_exp"/>
    <testcase time="0.000999999999748979" classname="ds.exp_smk" name="simple_exp"/>
    <testcase time="0.00100000000020373" classname="ds.exp_smk" name="simple_exp"/>
    <testcase time="0.000999999999748979" classname="ds.exp_smk" name="simple_exp"/>
    <testcase time="0.00100000000020373" classname="ds.exp_smk" name="simple_exp"/>
    <testcase time="0.00199999999995271" classname="ds.exp_smk" name="simple_exp"/>
    <testcase time="0.000999999999748979" classname="ds.exp_smk" name="simple_exp"/>
    <testcase time="0.535000000000309" classname="ds.exp_smk" name="simple_exp"/>
    <testcase time="0.000999999999748979" classname="ds.exp_smk" name="simple_exp"/>
    <testcase time="0.00199999999995271" classname="ds.exp_smk" name="simple_exp"/>
    <testcase time="0.00100000000020373" classname="ds.exp_smk" name="simple_exp"/>
    <testcase time="0.00199999999995271" classname="ds.exp_smk" name="simple_exp"/>
    <testcase time="0.00100000000020373" classname="ds.exp_smk" name="simple_exp"/>
    <testcase time="0.00199999999995271" classname="ds.exp_smk" name="simple_exp"/>
    <testcase time="2.27099999999973" classname="ds.exp_smk" name="simple_exp"/>
    <testcase time="0.262000000000171" classname="ds.exp_smk" name="simple_exp"/>
    <testcase time="0.00199999999995271" classname="ds.exp_smk" name="simple_exp"/>
    <testcase time="0.00100000000020373" classname="ds.exp_smk" name="simple_exp"/>
    <testcase time="0.000999999999748979" classname="ds.exp_smk" name="simple_exp"/>
    <testcase time="0.00199999999995271" classname="ds.exp_smk" name="simple_exp"/>
    <testcase time="0.00199999999995271" classname="ds.exp_smk" name="simple_exp"/>
    <testcase time="0.00200000000040745" classname="ds.exp_smk" name="simple_exp"/>
    <testcase time="0.534999999999854" classname="ds.exp_smk" name="simple_exp"/>
    <testcase time="0.00199999999995271" classname="ds.exp_smk" name="simple_exp"/>
    <testcase time="0.00199999999995271" classname="ds.exp_smk" name="simple_exp"/>
    <testcase time="0.00199999999995271" classname="ds.exp_smk" name="simple_exp"/>
    <testcase time="0.00100000000020373" classname="ds.exp_smk" name="simple_exp"/>
    <testcase time="0.00199999999995271" classname="ds.exp_smk" name="simple_exp"/>
    <testcase time="0.00199999999995271" classname="ds.exp_smk" name="simple_exp"/>
  </testsuite>
  <testsuite name="ds.exp::smk::shutdown" timestamp="2020-07-01T15:56:14Z" hostname="fv-az29" tests="3" skipped="0" failures="0" errors="0" time="0.288">
    <testcase time="0.285000000000309" classname="ds.exp_smk_shutdown" name="shutdown"/>
    <testcase time="0.000999999999748979" classname="ds.exp_smk_shutdown" name="shutdown"/>
    <testcase time="0.00199999999995271" classname="ds.exp_smk_shutdown" name="shutdown"/>
  </testsuite>
  <testsuite name="ds.exp::smk::done" timestamp="2020-07-01T15:56:15Z" hostname="fv-az29" tests="0" skipped="0" failures="0" errors="0" time="0"/>
  <testsuite name="ds.glm::smk::binomial::setup" timestamp="2020-07-01T15:56:15Z" hostname="fv-az29" tests="3" skipped="0" failures="0" errors="0" time="5.545">
    <testcase time="5.54200000000037" classname="ds.glm_smk_binomial_setup" name="setup"/>
    <testcase time="0.000999999999748979" classname="ds.glm_smk_binomial_setup" name="setup"/>
    <testcase time="0.00199999999995271" classname="ds.glm_smk_binomial_setup" name="setup"/>
  </testsuite>
  <testsuite name="ds.glm::smk::binomial" timestamp="2020-07-01T15:56:20Z" hostname="fv-az29" tests="20" skipped="0" failures="0" errors="0" time="2.687">
    <testcase time="2.65900000000011" classname="ds.glm_smk_binomial" name="glm_binomial"/>
    <testcase time="0.00199999999995271" classname="ds.glm_smk_binomial" name="glm_binomial"/>
    <testcase time="0.00100000000020373" classname="ds.glm_smk_binomial" name="glm_binomial"/>
    <testcase time="0.00199999999995271" classname="ds.glm_smk_binomial" name="glm_binomial"/>
    <testcase time="0.000999999999748979" classname="ds.glm_smk_binomial" name="glm_binomial"/>
    <testcase time="0.00199999999995271" classname="ds.glm_smk_binomial" name="glm_binomial"/>
    <testcase time="0.00200000000040745" classname="ds.glm_smk_binomial" name="glm_binomial"/>
    <testcase time="0.000999999999748979" classname="ds.glm_smk_binomial" name="glm_binomial"/>
    <testcase time="0.00100000000020373" classname="ds.glm_smk_binomial" name="glm_binomial"/>
    <testcase time="0.000999999999748979" classname="ds.glm_smk_binomial" name="glm_binomial"/>
    <testcase time="0.00100000000020373" classname="ds.glm_smk_binomial" name="glm_binomial"/>
    <testcase time="0.00199999999995271" classname="ds.glm_smk_binomial" name="glm_binomial"/>
    <testcase time="0.00199999999995271" classname="ds.glm_smk_binomial" name="glm_binomial"/>
    <testcase time="0.00100000000020373" classname="ds.glm_smk_binomial" name="glm_binomial"/>
    <testcase time="0.00199999999995271" classname="ds.glm_smk_binomial" name="glm_binomial"/>
    <testcase time="0.00199999999995271" classname="ds.glm_smk_binomial" name="glm_binomial"/>
    <testcase time="0.000999999999748979" classname="ds.glm_smk_binomial" name="glm_binomial"/>
    <testcase time="0.00199999999995271" classname="ds.glm_smk_binomial" name="glm_binomial"/>
    <testcase time="0.00100000000020373" classname="ds.glm_smk_binomial" name="glm_binomial"/>
    <testcase time="0.000999999999748979" classname="ds.glm_smk_binomial" name="glm_binomial"/>
  </testsuite>
  <testsuite name="ds.glm::smk::binomial, with check" timestamp="2020-07-01T15:56:22Z" hostname="fv-az29" tests="21" skipped="0" failures="0" errors="0" time="8.67">
    <testcase time="8.63800000000037" classname="ds.glm_smk_binomial_with_check" name="glm_binomial_with_check"/>
    <testcase time="0.000999999999748979" classname="ds.glm_smk_binomial_with_check" name="glm_binomial_with_check"/>
    <testcase time="0.00199999999995271" classname="ds.glm_smk_binomial_with_check" name="glm_binomial_with_check"/>
    <testcase time="0.00100000000020373" classname="ds.glm_smk_binomial_with_check" name="glm_binomial_with_check"/>
    <testcase time="0.00199999999995271" classname="ds.glm_smk_binomial_with_check" name="glm_binomial_with_check"/>
    <testcase time="0.00100000000020373" classname="ds.glm_smk_binomial_with_check" name="glm_binomial_with_check"/>
    <testcase time="0.00199999999995271" classname="ds.glm_smk_binomial_with_check" name="glm_binomial_with_check"/>
    <testcase time="0.000999999999748979" classname="ds.glm_smk_binomial_with_check" name="glm_binomial_with_check"/>
    <testcase time="0.00199999999995271" classname="ds.glm_smk_binomial_with_check" name="glm_binomial_with_check"/>
    <testcase time="0.00199999999995271" classname="ds.glm_smk_binomial_with_check" name="glm_binomial_with_check"/>
    <testcase time="0.00100000000020373" classname="ds.glm_smk_binomial_with_check" name="glm_binomial_with_check"/>
    <testcase time="0.00199999999995271" classname="ds.glm_smk_binomial_with_check" name="glm_binomial_with_check"/>
    <testcase time="0.00100000000020373" classname="ds.glm_smk_binomial_with_check" name="glm_binomial_with_check"/>
    <testcase time="0.00199999999995271" classname="ds.glm_smk_binomial_with_check" name="glm_binomial_with_check"/>
    <testcase time="0.000999999999748979" classname="ds.glm_smk_binomial_with_check" name="glm_binomial_with_check"/>
    <testcase time="0.00199999999995271" classname="ds.glm_smk_binomial_with_check" name="glm_binomial_with_check"/>
    <testcase time="0.00199999999995271" classname="ds.glm_smk_binomial_with_check" name="glm_binomial_with_check"/>
    <testcase time="0.00200000000040745" classname="ds.glm_smk_binomial_with_check" name="glm_binomial_with_check"/>
    <testcase time="0.00199999999995271" classname="ds.glm_smk_binomial_with_check" name="glm_binomial_with_check"/>
    <testcase time="0.00199999999995271" classname="ds.glm_smk_binomial_with_check" name="glm_binomial_with_check"/>
    <testcase time="0.000999999999748979" classname="ds.glm_smk_binomial_with_check" name="glm_binomial_with_check"/>
  </testsuite>
  <testsuite name="ds.glm::smk::binomial::shutdown" timestamp="2020-07-01T15:56:31Z" hostname="fv-az29" tests="3" skipped="0" failures="0" errors="0" time="0.286">
    <testcase time="0.284000000000106" classname="ds.glm_smk_binomial_shutdown" name="shutdown"/>
    <testcase time="0.00100000000020373" classname="ds.glm_smk_binomial_shutdown" name="shutdown"/>
    <testcase time="0.000999999999748979" classname="ds.glm_smk_binomial_shutdown" name="shutdown"/>
  </testsuite>
  <testsuite name="ds.glm::smk::binomial::done" timestamp="2020-07-01T15:56:32Z" hostname="fv-az29" tests="0" skipped="0" failures="0" errors="0" time="0"/>
  <testsuite name="ds.glmerSLMA::smk::setup - phase 1" timestamp="2020-07-01T15:56:32Z" hostname="fv-az29" tests="3" skipped="0" failures="0" errors="0" time="5.477">
    <testcase time="5.47499999999991" classname="ds.glmerSLMA_smk_setup_phase_1" name="setup"/>
    <testcase time="0.00100000000020373" classname="ds.glmerSLMA_smk_setup_phase_1" name="setup"/>
    <testcase time="0.00100000000020373" classname="ds.glmerSLMA_smk_setup_phase_1" name="setup"/>
  </testsuite>
  <testsuite name="ds.glmerSLMA::smk::phase 1" timestamp="2020-07-01T15:56:37Z" hostname="fv-az29" tests="14" skipped="0" failures="0" errors="0" time="19.817">
    <testcase time="3.1239999999998" classname="ds.glmerSLMA_smk_phase_1" name="simple_glmerSLMA_tesing_mis_use_of_arguments"/>
    <testcase time="0.740999999999985" classname="ds.glmerSLMA_smk_phase_1" name="simple_glmerSLMA_tesing_mis_use_of_arguments"/>
    <testcase time="0.00100000000020373" classname="ds.glmerSLMA_smk_phase_1" name="simple_glmerSLMA_tesing_mis_use_of_arguments"/>
    <testcase time="0.00199999999995271" classname="ds.glmerSLMA_smk_phase_1" name="simple_glmerSLMA_tesing_mis_use_of_arguments"/>
    <testcase time="0.000999999999748979" classname="ds.glmerSLMA_smk_phase_1" name="simple_glmerSLMA_tesing_mis_use_of_arguments"/>
    <testcase time="0.00100000000020373" classname="ds.glmerSLMA_smk_phase_1" name="simple_glmerSLMA_tesing_mis_use_of_arguments"/>
    <testcase time="2.11499999999978" classname="ds.glmerSLMA_smk_phase_1" name="simple_glmerSLMA_tesing_mis_use_of_arguments"/>
    <testcase time="6.80600000000004" classname="ds.glmerSLMA_smk_phase_1" name="test_offsets_and_weights"/>
    <testcase time="1.029" classname="ds.glmerSLMA_smk_phase_1" name="test_offsets_and_weights"/>
    <testcase time="1.03099999999995" classname="ds.glmerSLMA_smk_phase_1" name="test_offsets_and_weights"/>
    <testcase time="1.04600000000028" classname="ds.glmerSLMA_smk_phase_1" name="test_offsets_and_weights"/>
    <testcase time="1.46399999999994" classname="ds.glmerSLMA_smk_phase_1" name="alternative_formulae_for_nested_groups"/>
    <testcase time="1.40299999999979" classname="ds.glmerSLMA_smk_phase_1" name="alternative_formulae_for_nested_groups"/>
    <testcase time="1.05299999999988" classname="ds.glmerSLMA_smk_phase_1" name="simple_glmerSLMA"/>
  </testsuite>
  <testsuite name="ds.glmerSLMA::smk::shutdown - phase 1" timestamp="2020-07-01T15:56:57Z" hostname="fv-az29" tests="3" skipped="0" failures="0" errors="0" time="0.288">
    <testcase time="0.285000000000309" classname="ds.glmerSLMA_smk_shutdown_phase_1" name="setup"/>
    <testcase time="0.000999999999748979" classname="ds.glmerSLMA_smk_shutdown_phase_1" name="setup"/>
    <testcase time="0.00199999999995271" classname="ds.glmerSLMA_smk_shutdown_phase_1" name="setup"/>
  </testsuite>
  <testsuite name="ds.glmerSLMA::smk::setup - phase 2" timestamp="2020-07-01T15:56:58Z" hostname="fv-az29" tests="3" skipped="0" failures="0" errors="0" time="5.78">
    <testcase time="5.77700000000004" classname="ds.glmerSLMA_smk_setup_phase_2" name="setup"/>
    <testcase time="0.00199999999995271" classname="ds.glmerSLMA_smk_setup_phase_2" name="setup"/>
    <testcase time="0.00100000000020373" classname="ds.glmerSLMA_smk_setup_phase_2" name="setup"/>
  </testsuite>
  <testsuite name="ds.glmerSLMA::smk::test - phase 2" timestamp="2020-07-01T15:57:03Z" hostname="fv-az29" tests="1" skipped="1" failures="0" errors="0" time="0.01">
    <testcase time="0.0100000000002183" classname="ds.glmerSLMA_smk_test_phase_2" name="check_slope_formulae">
      <skipped/>
    </testcase>
  </testsuite>
  <testsuite name="ds.glmerSLMA::smk::shutdown - phase 2" timestamp="2020-07-01T15:57:03Z" hostname="fv-az29" tests="3" skipped="0" failures="0" errors="0" time="0.286">
    <testcase time="0.282999999999902" classname="ds.glmerSLMA_smk_shutdown_phase_2" name="setup"/>
    <testcase time="0.000999999999748979" classname="ds.glmerSLMA_smk_shutdown_phase_2" name="setup"/>
    <testcase time="0.00199999999995271" classname="ds.glmerSLMA_smk_shutdown_phase_2" name="setup"/>
  </testsuite>
  <testsuite name="ds.glmerSLMA::smk::done" timestamp="2020-07-01T15:57:04Z" hostname="fv-az29" tests="0" skipped="0" failures="0" errors="0" time="0"/>
  <testsuite name="ds.glm::smk::gaussian::setup" timestamp="2020-07-01T15:57:04Z" hostname="fv-az29" tests="3" skipped="0" failures="0" errors="0" time="5.61">
    <testcase time="5.60699999999997" classname="ds.glm_smk_gaussian_setup" name="setup"/>
    <testcase time="0.00200000000040745" classname="ds.glm_smk_gaussian_setup" name="setup"/>
    <testcase time="0.000999999999748979" classname="ds.glm_smk_gaussian_setup" name="setup"/>
  </testsuite>
  <testsuite name="ds.glm::smk::gaussian" timestamp="2020-07-01T15:57:09Z" hostname="fv-az29" tests="20" skipped="0" failures="0" errors="0" time="1.156">
    <testcase time="1.11700000000019" classname="ds.glm_smk_gaussian" name="glm_gaussian"/>
    <testcase time="0.00199999999995271" classname="ds.glm_smk_gaussian" name="glm_gaussian"/>
    <testcase time="0.000999999999748979" classname="ds.glm_smk_gaussian" name="glm_gaussian"/>
    <testcase time="0.00199999999995271" classname="ds.glm_smk_gaussian" name="glm_gaussian"/>
    <testcase time="0.00100000000020373" classname="ds.glm_smk_gaussian" name="glm_gaussian"/>
    <testcase time="0.00199999999995271" classname="ds.glm_smk_gaussian" name="glm_gaussian"/>
    <testcase time="0.00100000000020373" classname="ds.glm_smk_gaussian" name="glm_gaussian"/>
    <testcase time="0.00199999999995271" classname="ds.glm_smk_gaussian" name="glm_gaussian"/>
    <testcase time="0.00199999999995271" classname="ds.glm_smk_gaussian" name="glm_gaussian"/>
    <testcase time="0.00199999999995271" classname="ds.glm_smk_gaussian" name="glm_gaussian"/>
    <testcase time="0.00100000000020373" classname="ds.glm_smk_gaussian" name="glm_gaussian"/>
    <testcase time="0.00199999999995271" classname="ds.glm_smk_gaussian" name="glm_gaussian"/>
    <testcase time="0.00199999999995271" classname="ds.glm_smk_gaussian" name="glm_gaussian"/>
    <testcase time="0.000999999999748979" classname="ds.glm_smk_gaussian" name="glm_gaussian"/>
    <testcase time="0.000999999999748979" classname="ds.glm_smk_gaussian" name="glm_gaussian"/>
    <testcase time="0.00200000000040745" classname="ds.glm_smk_gaussian" name="glm_gaussian"/>
    <testcase time="0.000999999999748979" classname="ds.glm_smk_gaussian" name="glm_gaussian"/>
    <testcase time="0.00999999999976353" classname="ds.glm_smk_gaussian" name="glm_gaussian"/>
    <testcase time="0.00199999999995271" classname="ds.glm_smk_gaussian" name="glm_gaussian"/>
    <testcase time="0.00199999999995271" classname="ds.glm_smk_gaussian" name="glm_gaussian"/>
  </testsuite>
  <testsuite name="ds.glm::smk::gaussian, with check" timestamp="2020-07-01T15:57:10Z" hostname="fv-az29" tests="21" skipped="0" failures="0" errors="0" time="4.401">
    <testcase time="4.36799999999994" classname="ds.glm_smk_gaussian_with_check" name="glm_gaussian_with_check"/>
    <testcase time="0.00100000000020373" classname="ds.glm_smk_gaussian_with_check" name="glm_gaussian_with_check"/>
    <testcase time="0.00199999999995271" classname="ds.glm_smk_gaussian_with_check" name="glm_gaussian_with_check"/>
    <testcase time="0.00100000000020373" classname="ds.glm_smk_gaussian_with_check" name="glm_gaussian_with_check"/>
    <testcase time="0.00199999999995271" classname="ds.glm_smk_gaussian_with_check" name="glm_gaussian_with_check"/>
    <testcase time="0.000999999999748979" classname="ds.glm_smk_gaussian_with_check" name="glm_gaussian_with_check"/>
    <testcase time="0.00199999999995271" classname="ds.glm_smk_gaussian_with_check" name="glm_gaussian_with_check"/>
    <testcase time="0.00200000000040745" classname="ds.glm_smk_gaussian_with_check" name="glm_gaussian_with_check"/>
    <testcase time="0.00199999999995271" classname="ds.glm_smk_gaussian_with_check" name="glm_gaussian_with_check"/>
    <testcase time="0.000999999999748979" classname="ds.glm_smk_gaussian_with_check" name="glm_gaussian_with_check"/>
    <testcase time="0.00199999999995271" classname="ds.glm_smk_gaussian_with_check" name="glm_gaussian_with_check"/>
    <testcase time="0.00100000000020373" classname="ds.glm_smk_gaussian_with_check" name="glm_gaussian_with_check"/>
    <testcase time="0.00199999999995271" classname="ds.glm_smk_gaussian_with_check" name="glm_gaussian_with_check"/>
    <testcase time="0.00199999999995271" classname="ds.glm_smk_gaussian_with_check" name="glm_gaussian_with_check"/>
    <testcase time="0.00100000000020373" classname="ds.glm_smk_gaussian_with_check" name="glm_gaussian_with_check"/>
    <testcase time="0.00199999999995271" classname="ds.glm_smk_gaussian_with_check" name="glm_gaussian_with_check"/>
    <testcase time="0.000999999999748979" classname="ds.glm_smk_gaussian_with_check" name="glm_gaussian_with_check"/>
    <testcase time="0.00199999999995271" classname="ds.glm_smk_gaussian_with_check" name="glm_gaussian_with_check"/>
    <testcase time="0.00199999999995271" classname="ds.glm_smk_gaussian_with_check" name="glm_gaussian_with_check"/>
    <testcase time="0.00200000000040745" classname="ds.glm_smk_gaussian_with_check" name="glm_gaussian_with_check"/>
    <testcase time="0.00199999999995271" classname="ds.glm_smk_gaussian_with_check" name="glm_gaussian_with_check"/>
  </testsuite>
  <testsuite name="ds.glm::smk::gaussian::shutdown" timestamp="2020-07-01T15:57:14Z" hostname="fv-az29" tests="3" skipped="0" failures="0" errors="0" time="0.282">
    <testcase time="0.279999999999745" classname="ds.glm_smk_gaussian_shutdown" name="shutdown"/>
    <testcase time="0.000999999999748979" classname="ds.glm_smk_gaussian_shutdown" name="shutdown"/>
    <testcase time="0.00100000000020373" classname="ds.glm_smk_gaussian_shutdown" name="shutdown"/>
  </testsuite>
  <testsuite name="ds.glm::smk::gaussian::done" timestamp="2020-07-01T15:57:15Z" hostname="fv-az29" tests="0" skipped="0" failures="0" errors="0" time="0"/>
  <testsuite name="ds.glm::smk::poisson::setup" timestamp="2020-07-01T15:57:15Z" hostname="fv-az29" tests="3" skipped="0" failures="0" errors="0" time="5.506">
    <testcase time="5.50399999999991" classname="ds.glm_smk_poisson_setup" name="setup"/>
    <testcase time="0.00100000000020373" classname="ds.glm_smk_poisson_setup" name="setup"/>
    <testcase time="0.000999999999748979" classname="ds.glm_smk_poisson_setup" name="setup"/>
  </testsuite>
  <testsuite name="ds.glm::smk::poisson" timestamp="2020-07-01T15:57:20Z" hostname="fv-az29" tests="20" skipped="0" failures="0" errors="0" time="2.34">
    <testcase time="2.3119999999999" classname="ds.glm_smk_poisson" name="glm_gaussian"/>
    <testcase time="0.00200000000040745" classname="ds.glm_smk_poisson" name="glm_gaussian"/>
    <testcase time="0.000999999999748979" classname="ds.glm_smk_poisson" name="glm_gaussian"/>
    <testcase time="0.00199999999995271" classname="ds.glm_smk_poisson" name="glm_gaussian"/>
    <testcase time="0.00100000000020373" classname="ds.glm_smk_poisson" name="glm_gaussian"/>
    <testcase time="0.00199999999995271" classname="ds.glm_smk_poisson" name="glm_gaussian"/>
    <testcase time="0.000999999999748979" classname="ds.glm_smk_poisson" name="glm_gaussian"/>
    <testcase time="0.00100000000020373" classname="ds.glm_smk_poisson" name="glm_gaussian"/>
    <testcase time="0.00100000000020373" classname="ds.glm_smk_poisson" name="glm_gaussian"/>
    <testcase time="0.00100000000020373" classname="ds.glm_smk_poisson" name="glm_gaussian"/>
    <testcase time="0.00199999999995271" classname="ds.glm_smk_poisson" name="glm_gaussian"/>
    <testcase time="0.000999999999748979" classname="ds.glm_smk_poisson" name="glm_gaussian"/>
    <testcase time="0.00199999999995271" classname="ds.glm_smk_poisson" name="glm_gaussian"/>
    <testcase time="0.00199999999995271" classname="ds.glm_smk_poisson" name="glm_gaussian"/>
    <testcase time="0.00100000000020373" classname="ds.glm_smk_poisson" name="glm_gaussian"/>
    <testcase time="0.00100000000020373" classname="ds.glm_smk_poisson" name="glm_gaussian"/>
    <testcase time="0.00199999999995271" classname="ds.glm_smk_poisson" name="glm_gaussian"/>
    <testcase time="0.00199999999995271" classname="ds.glm_smk_poisson" name="glm_gaussian"/>
    <testcase time="0.000999999999748979" classname="ds.glm_smk_poisson" name="glm_gaussian"/>
    <testcase time="0.00199999999995271" classname="ds.glm_smk_poisson" name="glm_gaussian"/>
  </testsuite>
  <testsuite name="ds.glm::smk::poisson, with check" timestamp="2020-07-01T15:57:22Z" hostname="fv-az29" tests="21" skipped="0" failures="0" errors="0" time="6.758">
    <testcase time="6.73100000000022" classname="ds.glm_smk_poisson_with_check" name="glm_gaussian_which_check"/>
    <testcase time="0.00100000000020373" classname="ds.glm_smk_poisson_with_check" name="glm_gaussian_which_check"/>
    <testcase time="0.000999999999748979" classname="ds.glm_smk_poisson_with_check" name="glm_gaussian_which_check"/>
    <testcase time="0.00199999999995271" classname="ds.glm_smk_poisson_with_check" name="glm_gaussian_which_check"/>
    <testcase time="0.00100000000020373" classname="ds.glm_smk_poisson_with_check" name="glm_gaussian_which_check"/>
    <testcase time="0.000999999999748979" classname="ds.glm_smk_poisson_with_check" name="glm_gaussian_which_check"/>
    <testcase time="0.00199999999995271" classname="ds.glm_smk_poisson_with_check" name="glm_gaussian_which_check"/>
    <testcase time="0.00100000000020373" classname="ds.glm_smk_poisson_with_check" name="glm_gaussian_which_check"/>
    <testcase time="0.000999999999748979" classname="ds.glm_smk_poisson_with_check" name="glm_gaussian_which_check"/>
    <testcase time="0.00200000000040745" classname="ds.glm_smk_poisson_with_check" name="glm_gaussian_which_check"/>
    <testcase time="0.000999999999748979" classname="ds.glm_smk_poisson_with_check" name="glm_gaussian_which_check"/>
    <testcase time="0.00100000000020373" classname="ds.glm_smk_poisson_with_check" name="glm_gaussian_which_check"/>
    <testcase time="0.00199999999995271" classname="ds.glm_smk_poisson_with_check" name="glm_gaussian_which_check"/>
    <testcase time="0.000999999999748979" classname="ds.glm_smk_poisson_with_check" name="glm_gaussian_which_check"/>
    <testcase time="0.00100000000020373" classname="ds.glm_smk_poisson_with_check" name="glm_gaussian_which_check"/>
    <testcase time="0.00199999999995271" classname="ds.glm_smk_poisson_with_check" name="glm_gaussian_which_check"/>
    <testcase time="0.00100000000020373" classname="ds.glm_smk_poisson_with_check" name="glm_gaussian_which_check"/>
    <testcase time="0.00199999999995271" classname="ds.glm_smk_poisson_with_check" name="glm_gaussian_which_check"/>
    <testcase time="0.000999999999748979" classname="ds.glm_smk_poisson_with_check" name="glm_gaussian_which_check"/>
    <testcase time="0.00199999999995271" classname="ds.glm_smk_poisson_with_check" name="glm_gaussian_which_check"/>
    <testcase time="0.00100000000020373" classname="ds.glm_smk_poisson_with_check" name="glm_gaussian_which_check"/>
  </testsuite>
  <testsuite name="ds.glm::smk::poisson::shutdown" timestamp="2020-07-01T15:57:29Z" hostname="fv-az29" tests="3" skipped="0" failures="0" errors="0" time="0.282">
    <testcase time="0.278999999999996" classname="ds.glm_smk_poisson_shutdown" name="shutdown"/>
    <testcase time="0.00199999999995271" classname="ds.glm_smk_poisson_shutdown" name="shutdown"/>
    <testcase time="0.00100000000020373" classname="ds.glm_smk_poisson_shutdown" name="shutdown"/>
  </testsuite>
  <testsuite name="ds.glm::smk::poisson::done" timestamp="2020-07-01T15:57:30Z" hostname="fv-az29" tests="0" skipped="0" failures="0" errors="0" time="0"/>
  <testsuite name="ds.glmSLMA::smk::setup" timestamp="2020-07-01T15:57:30Z" hostname="fv-az29" tests="3" skipped="0" failures="0" errors="0" time="5.473">
    <testcase time="5.4699999999998" classname="ds.glmSLMA_smk_setup" name="setup"/>
    <testcase time="0.00199999999995271" classname="ds.glmSLMA_smk_setup" name="setup"/>
    <testcase time="0.00100000000020373" classname="ds.glmSLMA_smk_setup" name="setup"/>
  </testsuite>
  <testsuite name="ds.glmSLMA::smk::gaussian" timestamp="2020-07-01T15:57:35Z" hostname="fv-az29" tests="43" skipped="0" failures="0" errors="0" time="0.984">
    <testcase time="0.902999999999793" classname="ds.glmSLMA_smk_gaussian" name="simple_glmSLMA_gaussian"/>
    <testcase time="0.00100000000020373" classname="ds.glmSLMA_smk_gaussian" name="simple_glmSLMA_gaussian"/>
    <testcase time="0.000999999999748979" classname="ds.glmSLMA_smk_gaussian" name="simple_glmSLMA_gaussian"/>
    <testcase time="0.00100000000020373" classname="ds.glmSLMA_smk_gaussian" name="simple_glmSLMA_gaussian"/>
    <testcase time="0.00199999999995271" classname="ds.glmSLMA_smk_gaussian" name="simple_glmSLMA_gaussian"/>
    <testcase time="0.000999999999748979" classname="ds.glmSLMA_smk_gaussian" name="simple_glmSLMA_gaussian"/>
    <testcase time="0.00200000000040745" classname="ds.glmSLMA_smk_gaussian" name="simple_glmSLMA_gaussian"/>
    <testcase time="0.000999999999748979" classname="ds.glmSLMA_smk_gaussian" name="simple_glmSLMA_gaussian"/>
    <testcase time="0.00100000000020373" classname="ds.glmSLMA_smk_gaussian" name="simple_glmSLMA_gaussian"/>
    <testcase time="0.00100000000020373" classname="ds.glmSLMA_smk_gaussian" name="simple_glmSLMA_gaussian"/>
    <testcase time="0.000999999999748979" classname="ds.glmSLMA_smk_gaussian" name="simple_glmSLMA_gaussian"/>
    <testcase time="0.00100000000020373" classname="ds.glmSLMA_smk_gaussian" name="simple_glmSLMA_gaussian"/>
    <testcase time="0.00199999999995271" classname="ds.glmSLMA_smk_gaussian" name="simple_glmSLMA_gaussian"/>
    <testcase time="0.000999999999748979" classname="ds.glmSLMA_smk_gaussian" name="simple_glmSLMA_gaussian"/>
    <testcase time="0.00200000000040745" classname="ds.glmSLMA_smk_gaussian" name="simple_glmSLMA_gaussian"/>
    <testcase time="0.00199999999995271" classname="ds.glmSLMA_smk_gaussian" name="simple_glmSLMA_gaussian"/>
    <testcase time="0.00199999999995271" classname="ds.glmSLMA_smk_gaussian" name="simple_glmSLMA_gaussian"/>
    <testcase time="0.000999999999748979" classname="ds.glmSLMA_smk_gaussian" name="simple_glmSLMA_gaussian"/>
    <testcase time="0.00199999999995271" classname="ds.glmSLMA_smk_gaussian" name="simple_glmSLMA_gaussian"/>
    <testcase time="0.00200000000040745" classname="ds.glmSLMA_smk_gaussian" name="simple_glmSLMA_gaussian"/>
    <testcase time="0.00199999999995271" classname="ds.glmSLMA_smk_gaussian" name="simple_glmSLMA_gaussian"/>
    <testcase time="0.00199999999995271" classname="ds.glmSLMA_smk_gaussian" name="simple_glmSLMA_gaussian"/>
    <testcase time="0.000999999999748979" classname="ds.glmSLMA_smk_gaussian" name="simple_glmSLMA_gaussian"/>
    <testcase time="0.00199999999995271" classname="ds.glmSLMA_smk_gaussian" name="simple_glmSLMA_gaussian"/>
    <testcase time="0.00100000000020373" classname="ds.glmSLMA_smk_gaussian" name="simple_glmSLMA_gaussian"/>
    <testcase time="0.00199999999995271" classname="ds.glmSLMA_smk_gaussian" name="simple_glmSLMA_gaussian"/>
    <testcase time="0.00199999999995271" classname="ds.glmSLMA_smk_gaussian" name="simple_glmSLMA_gaussian"/>
    <testcase time="0.00300000000015643" classname="ds.glmSLMA_smk_gaussian" name="simple_glmSLMA_gaussian"/>
    <testcase time="0.00199999999995271" classname="ds.glmSLMA_smk_gaussian" name="simple_glmSLMA_gaussian"/>
    <testcase time="0.00199999999995271" classname="ds.glmSLMA_smk_gaussian" name="simple_glmSLMA_gaussian"/>
    <testcase time="0.00199999999995271" classname="ds.glmSLMA_smk_gaussian" name="simple_glmSLMA_gaussian"/>
    <testcase time="0.00199999999995271" classname="ds.glmSLMA_smk_gaussian" name="simple_glmSLMA_gaussian"/>
    <testcase time="0.00199999999995271" classname="ds.glmSLMA_smk_gaussian" name="simple_glmSLMA_gaussian"/>
    <testcase time="0.00199999999995271" classname="ds.glmSLMA_smk_gaussian" name="simple_glmSLMA_gaussian"/>
    <testcase time="0.00200000000040745" classname="ds.glmSLMA_smk_gaussian" name="simple_glmSLMA_gaussian"/>
    <testcase time="0.00299999999970169" classname="ds.glmSLMA_smk_gaussian" name="simple_glmSLMA_gaussian"/>
    <testcase time="0.0100000000002183" classname="ds.glmSLMA_smk_gaussian" name="simple_glmSLMA_gaussian"/>
    <testcase time="0.00199999999995271" classname="ds.glmSLMA_smk_gaussian" name="simple_glmSLMA_gaussian"/>
    <testcase time="0.00199999999995271" classname="ds.glmSLMA_smk_gaussian" name="simple_glmSLMA_gaussian"/>
    <testcase time="0.00199999999995271" classname="ds.glmSLMA_smk_gaussian" name="simple_glmSLMA_gaussian"/>
    <testcase time="0.00199999999995271" classname="ds.glmSLMA_smk_gaussian" name="simple_glmSLMA_gaussian"/>
    <testcase time="0.00199999999995271" classname="ds.glmSLMA_smk_gaussian" name="simple_glmSLMA_gaussian"/>
    <testcase time="0.00199999999995271" classname="ds.glmSLMA_smk_gaussian" name="simple_glmSLMA_gaussian"/>
  </testsuite>
  <testsuite name="ds.glmSLMA::smk::binomial" timestamp="2020-07-01T15:57:36Z" hostname="fv-az29" tests="40" skipped="0" failures="0" errors="0" time="5.358">
    <testcase time="5.29700000000003" classname="ds.glmSLMA_smk_binomial" name="simple_glmSLMA_binomial"/>
    <testcase time="0.00100000000020373" classname="ds.glmSLMA_smk_binomial" name="simple_glmSLMA_binomial"/>
    <testcase time="0.000999999999748979" classname="ds.glmSLMA_smk_binomial" name="simple_glmSLMA_binomial"/>
    <testcase time="0.00200000000040745" classname="ds.glmSLMA_smk_binomial" name="simple_glmSLMA_binomial"/>
    <testcase time="0.000999999999748979" classname="ds.glmSLMA_smk_binomial" name="simple_glmSLMA_binomial"/>
    <testcase time="0.00199999999995271" classname="ds.glmSLMA_smk_binomial" name="simple_glmSLMA_binomial"/>
    <testcase time="0.00100000000020373" classname="ds.glmSLMA_smk_binomial" name="simple_glmSLMA_binomial"/>
    <testcase time="0.000999999999748979" classname="ds.glmSLMA_smk_binomial" name="simple_glmSLMA_binomial"/>
    <testcase time="0.00100000000020373" classname="ds.glmSLMA_smk_binomial" name="simple_glmSLMA_binomial"/>
    <testcase time="0.000999999999748979" classname="ds.glmSLMA_smk_binomial" name="simple_glmSLMA_binomial"/>
    <testcase time="0.00100000000020373" classname="ds.glmSLMA_smk_binomial" name="simple_glmSLMA_binomial"/>
    <testcase time="0.00199999999995271" classname="ds.glmSLMA_smk_binomial" name="simple_glmSLMA_binomial"/>
    <testcase time="0.00100000000020373" classname="ds.glmSLMA_smk_binomial" name="simple_glmSLMA_binomial"/>
    <testcase time="0.000999999999748979" classname="ds.glmSLMA_smk_binomial" name="simple_glmSLMA_binomial"/>
    <testcase time="0.00100000000020373" classname="ds.glmSLMA_smk_binomial" name="simple_glmSLMA_binomial"/>
    <testcase time="0.00199999999995271" classname="ds.glmSLMA_smk_binomial" name="simple_glmSLMA_binomial"/>
    <testcase time="0.00199999999995271" classname="ds.glmSLMA_smk_binomial" name="simple_glmSLMA_binomial"/>
    <testcase time="0.00199999999995271" classname="ds.glmSLMA_smk_binomial" name="simple_glmSLMA_binomial"/>
    <testcase time="0.00100000000020373" classname="ds.glmSLMA_smk_binomial" name="simple_glmSLMA_binomial"/>
    <testcase time="0.000999999999748979" classname="ds.glmSLMA_smk_binomial" name="simple_glmSLMA_binomial"/>
    <testcase time="0.000999999999748979" classname="ds.glmSLMA_smk_binomial" name="simple_glmSLMA_binomial"/>
    <testcase time="0.00199999999995271" classname="ds.glmSLMA_smk_binomial" name="simple_glmSLMA_binomial"/>
    <testcase time="0.00100000000020373" classname="ds.glmSLMA_smk_binomial" name="simple_glmSLMA_binomial"/>
    <testcase time="0.00199999999995271" classname="ds.glmSLMA_smk_binomial" name="simple_glmSLMA_binomial"/>
    <testcase time="0.00100000000020373" classname="ds.glmSLMA_smk_binomial" name="simple_glmSLMA_binomial"/>
    <testcase time="0.00199999999995271" classname="ds.glmSLMA_smk_binomial" name="simple_glmSLMA_binomial"/>
    <testcase time="0.00199999999995271" classname="ds.glmSLMA_smk_binomial" name="simple_glmSLMA_binomial"/>
    <testcase time="0.000999999999748979" classname="ds.glmSLMA_smk_binomial" name="simple_glmSLMA_binomial"/>
    <testcase time="0.00199999999995271" classname="ds.glmSLMA_smk_binomial" name="simple_glmSLMA_binomial"/>
    <testcase time="0.00199999999995271" classname="ds.glmSLMA_smk_binomial" name="simple_glmSLMA_binomial"/>
    <testcase time="0.00200000000040745" classname="ds.glmSLMA_smk_binomial" name="simple_glmSLMA_binomial"/>
    <testcase time="0.00199999999995271" classname="ds.glmSLMA_smk_binomial" name="simple_glmSLMA_binomial"/>
    <testcase time="0.000999999999748979" classname="ds.glmSLMA_smk_binomial" name="simple_glmSLMA_binomial"/>
    <testcase time="0.00199999999995271" classname="ds.glmSLMA_smk_binomial" name="simple_glmSLMA_binomial"/>
    <testcase time="0.00199999999995271" classname="ds.glmSLMA_smk_binomial" name="simple_glmSLMA_binomial"/>
    <testcase time="0.00200000000040745" classname="ds.glmSLMA_smk_binomial" name="simple_glmSLMA_binomial"/>
    <testcase time="0.00199999999995271" classname="ds.glmSLMA_smk_binomial" name="simple_glmSLMA_binomial"/>
    <testcase time="0.00199999999995271" classname="ds.glmSLMA_smk_binomial" name="simple_glmSLMA_binomial"/>
    <testcase time="0.00299999999970169" classname="ds.glmSLMA_smk_binomial" name="simple_glmSLMA_binomial"/>
    <testcase time="0.00200000000040745" classname="ds.glmSLMA_smk_binomial" name="simple_glmSLMA_binomial"/>
  </testsuite>
  <testsuite name="ds.glmSLMA::smk::poisson" timestamp="2020-07-01T15:57:41Z" hostname="fv-az29" tests="43" skipped="0" failures="0" errors="0" time="1.412">
    <testcase time="1.32999999999993" classname="ds.glmSLMA_smk_poisson" name="simple_glmSLMA_poisson"/>
    <testcase time="0.000999999999748979" classname="ds.glmSLMA_smk_poisson" name="simple_glmSLMA_poisson"/>
    <testcase time="0.00199999999995271" classname="ds.glmSLMA_smk_poisson" name="simple_glmSLMA_poisson"/>
    <testcase time="0.00100000000020373" classname="ds.glmSLMA_smk_poisson" name="simple_glmSLMA_poisson"/>
    <testcase time="0.00199999999995271" classname="ds.glmSLMA_smk_poisson" name="simple_glmSLMA_poisson"/>
    <testcase time="0.00100000000020373" classname="ds.glmSLMA_smk_poisson" name="simple_glmSLMA_poisson"/>
    <testcase time="0.00199999999995271" classname="ds.glmSLMA_smk_poisson" name="simple_glmSLMA_poisson"/>
    <testcase time="0.000999999999748979" classname="ds.glmSLMA_smk_poisson" name="simple_glmSLMA_poisson"/>
    <testcase time="0.00199999999995271" classname="ds.glmSLMA_smk_poisson" name="simple_glmSLMA_poisson"/>
    <testcase time="0.00100000000020373" classname="ds.glmSLMA_smk_poisson" name="simple_glmSLMA_poisson"/>
    <testcase time="0.000999999999748979" classname="ds.glmSLMA_smk_poisson" name="simple_glmSLMA_poisson"/>
    <testcase time="0.00200000000040745" classname="ds.glmSLMA_smk_poisson" name="simple_glmSLMA_poisson"/>
    <testcase time="0.000999999999748979" classname="ds.glmSLMA_smk_poisson" name="simple_glmSLMA_poisson"/>
    <testcase time="0.00199999999995271" classname="ds.glmSLMA_smk_poisson" name="simple_glmSLMA_poisson"/>
    <testcase time="0.00199999999995271" classname="ds.glmSLMA_smk_poisson" name="simple_glmSLMA_poisson"/>
    <testcase time="0.00199999999995271" classname="ds.glmSLMA_smk_poisson" name="simple_glmSLMA_poisson"/>
    <testcase time="0.00100000000020373" classname="ds.glmSLMA_smk_poisson" name="simple_glmSLMA_poisson"/>
    <testcase time="0.00199999999995271" classname="ds.glmSLMA_smk_poisson" name="simple_glmSLMA_poisson"/>
    <testcase time="0.00199999999995271" classname="ds.glmSLMA_smk_poisson" name="simple_glmSLMA_poisson"/>
    <testcase time="0.00199999999995271" classname="ds.glmSLMA_smk_poisson" name="simple_glmSLMA_poisson"/>
    <testcase time="0.00199999999995271" classname="ds.glmSLMA_smk_poisson" name="simple_glmSLMA_poisson"/>
    <testcase time="0.00100000000020373" classname="ds.glmSLMA_smk_poisson" name="simple_glmSLMA_poisson"/>
    <testcase time="0.00300000000015643" classname="ds.glmSLMA_smk_poisson" name="simple_glmSLMA_poisson"/>
    <testcase time="0.000999999999748979" classname="ds.glmSLMA_smk_poisson" name="simple_glmSLMA_poisson"/>
    <testcase time="0.00300000000015643" classname="ds.glmSLMA_smk_poisson" name="simple_glmSLMA_poisson"/>
    <testcase time="0.00199999999995271" classname="ds.glmSLMA_smk_poisson" name="simple_glmSLMA_poisson"/>
    <testcase time="0.00199999999995271" classname="ds.glmSLMA_smk_poisson" name="simple_glmSLMA_poisson"/>
    <testcase time="0.00199999999995271" classname="ds.glmSLMA_smk_poisson" name="simple_glmSLMA_poisson"/>
    <testcase time="0.00199999999995271" classname="ds.glmSLMA_smk_poisson" name="simple_glmSLMA_poisson"/>
    <testcase time="0.00199999999995271" classname="ds.glmSLMA_smk_poisson" name="simple_glmSLMA_poisson"/>
    <testcase time="0.00199999999995271" classname="ds.glmSLMA_smk_poisson" name="simple_glmSLMA_poisson"/>
    <testcase time="0.0100000000002183" classname="ds.glmSLMA_smk_poisson" name="simple_glmSLMA_poisson"/>
    <testcase time="0.000999999999748979" classname="ds.glmSLMA_smk_poisson" name="simple_glmSLMA_poisson"/>
    <testcase time="0.00200000000040745" classname="ds.glmSLMA_smk_poisson" name="simple_glmSLMA_poisson"/>
    <testcase time="0.00199999999995271" classname="ds.glmSLMA_smk_poisson" name="simple_glmSLMA_poisson"/>
    <testcase time="0.00199999999995271" classname="ds.glmSLMA_smk_poisson" name="simple_glmSLMA_poisson"/>
    <testcase time="0.00199999999995271" classname="ds.glmSLMA_smk_poisson" name="simple_glmSLMA_poisson"/>
    <testcase time="0.00199999999995271" classname="ds.glmSLMA_smk_poisson" name="simple_glmSLMA_poisson"/>
    <testcase time="0.00100000000020373" classname="ds.glmSLMA_smk_poisson" name="simple_glmSLMA_poisson"/>
    <testcase time="0.00199999999995271" classname="ds.glmSLMA_smk_poisson" name="simple_glmSLMA_poisson"/>
    <testcase time="0.00199999999995271" classname="ds.glmSLMA_smk_poisson" name="simple_glmSLMA_poisson"/>
    <testcase time="0.00199999999995271" classname="ds.glmSLMA_smk_poisson" name="simple_glmSLMA_poisson"/>
    <testcase time="0.00199999999995271" classname="ds.glmSLMA_smk_poisson" name="simple_glmSLMA_poisson"/>
  </testsuite>
  <testsuite name="ds.glmSLMA::smk::shutdown" timestamp="2020-07-01T15:57:43Z" hostname="fv-az29" tests="3" skipped="0" failures="0" errors="0" time="0.279">
    <testcase time="0.27599999999984" classname="ds.glmSLMA_smk_shutdown" name="shutdown"/>
    <testcase time="0.00199999999995271" classname="ds.glmSLMA_smk_shutdown" name="shutdown"/>
    <testcase time="0.00100000000020373" classname="ds.glmSLMA_smk_shutdown" name="shutdown"/>
  </testsuite>
  <testsuite name="ds.glmSLMA::smk::done" timestamp="2020-07-01T15:57:44Z" hostname="fv-az29" tests="0" skipped="0" failures="0" errors="0" time="0"/>
  <testsuite name="ds.isNA::smk::setup" timestamp="2020-07-01T15:57:44Z" hostname="fv-az29" tests="3" skipped="0" failures="0" errors="0" time="5.471">
    <testcase time="5.46799999999985" classname="ds.isNA_smk_setup" name="setup"/>
    <testcase time="0.00199999999995271" classname="ds.isNA_smk_setup" name="setup"/>
    <testcase time="0.00100000000020373" classname="ds.isNA_smk_setup" name="setup"/>
  </testsuite>
  <testsuite name="ds.isNA::smk" timestamp="2020-07-01T15:57:48Z" hostname="fv-az29" tests="3" skipped="0" failures="0" errors="0" time="1.725">
    <testcase time="1.72199999999975" classname="ds.isNA_smk" name="isNA"/>
    <testcase time="0.00100000000020373" classname="ds.isNA_smk" name="isNA"/>
    <testcase time="0.00199999999995271" classname="ds.isNA_smk" name="isNA"/>
  </testsuite>
  <testsuite name="ds.isNA::smk::shutdown" timestamp="2020-07-01T15:57:50Z" hostname="fv-az29" tests="3" skipped="0" failures="0" errors="0" time="0.286">
    <testcase time="0.282999999999902" classname="ds.isNA_smk_shutdown" name="shutdown"/>
    <testcase time="0.00100000000020373" classname="ds.isNA_smk_shutdown" name="shutdown"/>
    <testcase time="0.00199999999995271" classname="ds.isNA_smk_shutdown" name="shutdown"/>
  </testsuite>
  <testsuite name="ds.isNA::smk::done" timestamp="2020-07-01T15:57:51Z" hostname="fv-az29" tests="0" skipped="0" failures="0" errors="0" time="0"/>
  <testsuite name="ds.isValid::smk::setup" timestamp="2020-07-01T15:57:51Z" hostname="fv-az29" tests="3" skipped="0" failures="0" errors="0" time="5.589">
    <testcase time="5.58599999999979" classname="ds.isValid_smk_setup" name="setup"/>
    <testcase time="0.00200000000040745" classname="ds.isValid_smk_setup" name="setup"/>
    <testcase time="0.000999999999748979" classname="ds.isValid_smk_setup" name="setup"/>
  </testsuite>
  <testsuite name="ds.isValid::smk" timestamp="2020-07-01T15:57:56Z" hostname="fv-az29" tests="7" skipped="0" failures="0" errors="0" time="1.228">
    <testcase time="1.22000000000025" classname="ds.isValid_smk" name="isValid"/>
    <testcase time="0.000999999999748979" classname="ds.isValid_smk" name="isValid"/>
    <testcase time="0.00199999999995271" classname="ds.isValid_smk" name="isValid"/>
    <testcase time="0.00100000000020373" classname="ds.isValid_smk" name="isValid"/>
    <testcase time="0.000999999999748979" classname="ds.isValid_smk" name="isValid"/>
    <testcase time="0.00199999999995271" classname="ds.isValid_smk" name="isValid"/>
    <testcase time="0.00100000000020373" classname="ds.isValid_smk" name="isValid"/>
  </testsuite>
  <testsuite name="ds.isValid::smk::shutdown" timestamp="2020-07-01T15:57:57Z" hostname="fv-az29" tests="3" skipped="0" failures="0" errors="0" time="0.28">
    <testcase time="0.277000000000044" classname="ds.isValid_smk_shutdown" name="shutdown"/>
    <testcase time="0.000999999999748979" classname="ds.isValid_smk_shutdown" name="shutdown"/>
    <testcase time="0.00200000000040745" classname="ds.isValid_smk_shutdown" name="shutdown"/>
  </testsuite>
  <testsuite name="ds.isValid::smk::done" timestamp="2020-07-01T15:57:58Z" hostname="fv-az29" tests="0" skipped="0" failures="0" errors="0" time="0"/>
  <testsuite name="ds.length::smk::setup" timestamp="2020-07-01T15:57:58Z" hostname="fv-az29" tests="3" skipped="0" failures="0" errors="0" time="5.572">
    <testcase time="5.56999999999971" classname="ds.length_smk_setup" name="setup"/>
    <testcase time="0.000999999999748979" classname="ds.length_smk_setup" name="setup"/>
    <testcase time="0.00100000000020373" classname="ds.length_smk_setup" name="setup"/>
  </testsuite>
  <testsuite name="ds.length::smk" timestamp="2020-07-01T15:58:03Z" hostname="fv-az29" tests="22" skipped="0" failures="0" errors="0" time="4.542">
    <testcase time="0.284000000000106" classname="ds.length_smk" name="basic_length_both"/>
    <testcase time="0.00199999999995271" classname="ds.length_smk" name="basic_length_both"/>
    <testcase time="0.00199999999995271" classname="ds.length_smk" name="basic_length_both"/>
    <testcase time="0.00199999999995271" classname="ds.length_smk" name="basic_length_both"/>
    <testcase time="0.000999999999748979" classname="ds.length_smk" name="basic_length_both"/>
    <testcase time="0.272000000000389" classname="ds.length_smk" name="basic_length_split"/>
    <testcase time="0.00199999999995271" classname="ds.length_smk" name="basic_length_split"/>
    <testcase time="0.00199999999995271" classname="ds.length_smk" name="basic_length_split"/>
    <testcase time="0.00199999999995271" classname="ds.length_smk" name="basic_length_split"/>
    <testcase time="0.277999999999793" classname="ds.length_smk" name="basic_length_combine"/>
    <testcase time="0.00300000000015643" classname="ds.length_smk" name="basic_length_combine"/>
    <testcase time="1.23900000000003" classname="ds.length_smk" name="basic_length_both"/>
    <testcase time="0.00199999999995271" classname="ds.length_smk" name="basic_length_both"/>
    <testcase time="0.00100000000020373" classname="ds.length_smk" name="basic_length_both"/>
    <testcase time="0.00199999999995271" classname="ds.length_smk" name="basic_length_both"/>
    <testcase time="0.000999999999748979" classname="ds.length_smk" name="basic_length_both"/>
    <testcase time="1.22200000000021" classname="ds.length_smk" name="basic_length_split"/>
    <testcase time="0.00199999999995271" classname="ds.length_smk" name="basic_length_split"/>
    <testcase time="0.00199999999995271" classname="ds.length_smk" name="basic_length_split"/>
    <testcase time="0.00199999999995271" classname="ds.length_smk" name="basic_length_split"/>
    <testcase time="1.2170000000001" classname="ds.length_smk" name="basic_length_combine"/>
    <testcase time="0.00199999999995271" classname="ds.length_smk" name="basic_length_combine"/>
  </testsuite>
  <testsuite name="ds.length::smk::shutdown" timestamp="2020-07-01T15:58:08Z" hostname="fv-az29" tests="3" skipped="0" failures="0" errors="0" time="0.282">
    <testcase time="0.2800000000002" classname="ds.length_smk_shutdown" name="shutdown"/>
    <testcase time="0.000999999999748979" classname="ds.length_smk_shutdown" name="shutdown"/>
    <testcase time="0.00100000000020373" classname="ds.length_smk_shutdown" name="shutdown"/>
  </testsuite>
  <testsuite name="ds.length::smk::done" timestamp="2020-07-01T15:58:09Z" hostname="fv-az29" tests="0" skipped="0" failures="0" errors="0" time="0"/>
  <testsuite name="ds.levels::smk::setup" timestamp="2020-07-01T15:58:09Z" hostname="fv-az29" tests="3" skipped="0" failures="0" errors="0" time="5.573">
    <testcase time="5.56899999999996" classname="ds.levels_smk_setup" name="setup"/>
    <testcase time="0.00199999999995271" classname="ds.levels_smk_setup" name="setup"/>
    <testcase time="0.00199999999995271" classname="ds.levels_smk_setup" name="setup"/>
  </testsuite>
  <testsuite name="ds.levels::smk" timestamp="2020-07-01T15:58:13Z" hostname="fv-az29" tests="22" skipped="0" failures="0" errors="0" time="1.26">
    <testcase time="1.22800000000007" classname="ds.levels_smk" name="simple_levels"/>
    <testcase time="0.000999999999748979" classname="ds.levels_smk" name="simple_levels"/>
    <testcase time="0.00100000000020373" classname="ds.levels_smk" name="simple_levels"/>
    <testcase time="0.00199999999995271" classname="ds.levels_smk" name="simple_levels"/>
    <testcase time="0.00100000000020373" classname="ds.levels_smk" name="simple_levels"/>
    <testcase time="0.00199999999995271" classname="ds.levels_smk" name="simple_levels"/>
    <testcase time="0.00199999999995271" classname="ds.levels_smk" name="simple_levels"/>
    <testcase time="0.000999999999748979" classname="ds.levels_smk" name="simple_levels"/>
    <testcase time="0.00100000000020373" classname="ds.levels_smk" name="simple_levels"/>
    <testcase time="0.00199999999995271" classname="ds.levels_smk" name="simple_levels"/>
    <testcase time="0.00100000000020373" classname="ds.levels_smk" name="simple_levels"/>
    <testcase time="0.00199999999995271" classname="ds.levels_smk" name="simple_levels"/>
    <testcase time="0.000999999999748979" classname="ds.levels_smk" name="simple_levels"/>
    <testcase time="0.00199999999995271" classname="ds.levels_smk" name="simple_levels"/>
    <testcase time="0.00100000000020373" classname="ds.levels_smk" name="simple_levels"/>
    <testcase time="0.00199999999995271" classname="ds.levels_smk" name="simple_levels"/>
    <testcase time="0.00199999999995271" classname="ds.levels_smk" name="simple_levels"/>
    <testcase time="0.00100000000020373" classname="ds.levels_smk" name="simple_levels"/>
    <testcase time="0.00199999999995271" classname="ds.levels_smk" name="simple_levels"/>
    <testcase time="0.000999999999748979" classname="ds.levels_smk" name="simple_levels"/>
    <testcase time="0.00199999999995271" classname="ds.levels_smk" name="simple_levels"/>
    <testcase time="0.00200000000040745" classname="ds.levels_smk" name="simple_levels"/>
  </testsuite>
  <testsuite name="ds.levels::smk::shutdown" timestamp="2020-07-01T15:58:15Z" hostname="fv-az29" tests="3" skipped="0" failures="0" errors="0" time="0.292">
    <testcase time="0.282999999999902" classname="ds.levels_smk_shutdown" name="shutdown"/>
    <testcase time="0.00800000000026557" classname="ds.levels_smk_shutdown" name="shutdown"/>
    <testcase time="0.000999999999748979" classname="ds.levels_smk_shutdown" name="shutdown"/>
  </testsuite>
  <testsuite name="ds.levels::smk::done" timestamp="2020-07-01T15:58:16Z" hostname="fv-az29" tests="0" skipped="0" failures="0" errors="0" time="0"/>
  <testsuite name="ds.lexis::smk::setup" timestamp="2020-07-01T15:58:16Z" hostname="fv-az29" tests="3" skipped="0" failures="0" errors="0" time="5.553">
    <testcase time="5.55000000000018" classname="ds.lexis_smk_setup" name="setup"/>
    <testcase time="0.00199999999995271" classname="ds.lexis_smk_setup" name="setup"/>
    <testcase time="0.00100000000020373" classname="ds.lexis_smk_setup" name="setup"/>
  </testsuite>
  <testsuite name="ds.lexis::smk" timestamp="2020-07-01T15:58:21Z" hostname="fv-az29" tests="14" skipped="0" failures="0" errors="0" time="1.455">
    <testcase time="0.895999999999731" classname="ds.lexis_smk" name="simple_lexis"/>
    <testcase time="0.00199999999995271" classname="ds.lexis_smk" name="simple_lexis"/>
    <testcase time="0.00199999999995271" classname="ds.lexis_smk" name="simple_lexis"/>
    <testcase time="0.00100000000020373" classname="ds.lexis_smk" name="simple_lexis"/>
    <testcase time="0.000999999999748979" classname="ds.lexis_smk" name="simple_lexis"/>
    <testcase time="0.00200000000040745" classname="ds.lexis_smk" name="simple_lexis"/>
    <testcase time="0.27599999999984" classname="ds.lexis_smk" name="simple_lexis"/>
    <testcase time="0.000999999999748979" classname="ds.lexis_smk" name="simple_lexis"/>
    <testcase time="0.00200000000040745" classname="ds.lexis_smk" name="simple_lexis"/>
    <testcase time="0.000999999999748979" classname="ds.lexis_smk" name="simple_lexis"/>
    <testcase time="0.266999999999825" classname="ds.lexis_smk" name="simple_lexis"/>
    <testcase time="0.00200000000040745" classname="ds.lexis_smk" name="simple_lexis"/>
    <testcase time="0.000999999999748979" classname="ds.lexis_smk" name="simple_lexis"/>
    <testcase time="0.000999999999748979" classname="ds.lexis_smk" name="simple_lexis"/>
  </testsuite>
  <testsuite name="ds.lexis::smk::shutdown" timestamp="2020-07-01T15:58:22Z" hostname="fv-az29" tests="3" skipped="0" failures="0" errors="0" time="0.281">
    <testcase time="0.278000000000247" classname="ds.lexis_smk_shutdown" name="shutdown"/>
    <testcase time="0.00199999999995271" classname="ds.lexis_smk_shutdown" name="shutdown"/>
    <testcase time="0.000999999999748979" classname="ds.lexis_smk_shutdown" name="shutdown"/>
  </testsuite>
  <testsuite name="ds.lexis::smk::done" timestamp="2020-07-01T15:58:23Z" hostname="fv-az29" tests="0" skipped="0" failures="0" errors="0" time="0"/>
  <testsuite name="ds.listClientsideFunctions::smk::setup" timestamp="2020-07-01T15:58:23Z" hostname="fv-az29" tests="3" skipped="0" failures="0" errors="0" time="5.583">
    <testcase time="5.58100000000013" classname="ds.listClientsideFunctions_smk_setup" name="setup"/>
    <testcase time="0.00100000000020373" classname="ds.listClientsideFunctions_smk_setup" name="setup"/>
    <testcase time="0.000999999999748979" classname="ds.listClientsideFunctions_smk_setup" name="setup"/>
  </testsuite>
  <testsuite name="ds.listClientsideFunctions::smk::check results" timestamp="2020-07-01T15:58:28Z" hostname="fv-az29" tests="91" skipped="0" failures="0" errors="0" time="0.223">
    <testcase time="0.0170000000002801" classname="ds.listClientsideFunctions_smk_check_results" name="check_results"/>
    <testcase time="0.00199999999995271" classname="ds.listClientsideFunctions_smk_check_results" name="check_results"/>
    <testcase time="0.000999999999748979" classname="ds.listClientsideFunctions_smk_check_results" name="check_results"/>
    <testcase time="0.00199999999995271" classname="ds.listClientsideFunctions_smk_check_results" name="check_results"/>
    <testcase time="0.00100000000020373" classname="ds.listClientsideFunctions_smk_check_results" name="check_results"/>
    <testcase time="0.000999999999748979" classname="ds.listClientsideFunctions_smk_check_results" name="check_results"/>
    <testcase time="0.00200000000040745" classname="ds.listClientsideFunctions_smk_check_results" name="check_results"/>
    <testcase time="0.00299999999970169" classname="ds.listClientsideFunctions_smk_check_results" name="check_results"/>
    <testcase time="0.00199999999995271" classname="ds.listClientsideFunctions_smk_check_results" name="check_results"/>
    <testcase time="0.00100000000020373" classname="ds.listClientsideFunctions_smk_check_results" name="check_results"/>
    <testcase time="0.000999999999748979" classname="ds.listClientsideFunctions_smk_check_results" name="check_results"/>
    <testcase time="0.000999999999748979" classname="ds.listClientsideFunctions_smk_check_results" name="check_results"/>
    <testcase time="0.00100000000020373" classname="ds.listClientsideFunctions_smk_check_results" name="check_results"/>
    <testcase time="0.00199999999995271" classname="ds.listClientsideFunctions_smk_check_results" name="check_results"/>
    <testcase time="0.00100000000020373" classname="ds.listClientsideFunctions_smk_check_results" name="check_results"/>
    <testcase time="0.000999999999748979" classname="ds.listClientsideFunctions_smk_check_results" name="check_results"/>
    <testcase time="0.00199999999995271" classname="ds.listClientsideFunctions_smk_check_results" name="check_results"/>
    <testcase time="0.00199999999995271" classname="ds.listClientsideFunctions_smk_check_results" name="check_results"/>
    <testcase time="0.00100000000020373" classname="ds.listClientsideFunctions_smk_check_results" name="check_results"/>
    <testcase time="0.00199999999995271" classname="ds.listClientsideFunctions_smk_check_results" name="check_results"/>
    <testcase time="0.00100000000020373" classname="ds.listClientsideFunctions_smk_check_results" name="check_results"/>
    <testcase time="0.00199999999995271" classname="ds.listClientsideFunctions_smk_check_results" name="check_results"/>
    <testcase time="0.000999999999748979" classname="ds.listClientsideFunctions_smk_check_results" name="check_results"/>
    <testcase time="0.00199999999995271" classname="ds.listClientsideFunctions_smk_check_results" name="check_results"/>
    <testcase time="0.00100000000020373" classname="ds.listClientsideFunctions_smk_check_results" name="check_results"/>
    <testcase time="0.00199999999995271" classname="ds.listClientsideFunctions_smk_check_results" name="check_results"/>
    <testcase time="0.00199999999995271" classname="ds.listClientsideFunctions_smk_check_results" name="check_results"/>
    <testcase time="0.00100000000020373" classname="ds.listClientsideFunctions_smk_check_results" name="check_results"/>
    <testcase time="0.00199999999995271" classname="ds.listClientsideFunctions_smk_check_results" name="check_results"/>
    <testcase time="0.00199999999995271" classname="ds.listClientsideFunctions_smk_check_results" name="check_results"/>
    <testcase time="0.00199999999995271" classname="ds.listClientsideFunctions_smk_check_results" name="check_results"/>
    <testcase time="0.00100000000020373" classname="ds.listClientsideFunctions_smk_check_results" name="check_results"/>
    <testcase time="0.00199999999995271" classname="ds.listClientsideFunctions_smk_check_results" name="check_results"/>
    <testcase time="0.00199999999995271" classname="ds.listClientsideFunctions_smk_check_results" name="check_results"/>
    <testcase time="0.00199999999995271" classname="ds.listClientsideFunctions_smk_check_results" name="check_results"/>
    <testcase time="0.00199999999995271" classname="ds.listClientsideFunctions_smk_check_results" name="check_results"/>
    <testcase time="0.00199999999995271" classname="ds.listClientsideFunctions_smk_check_results" name="check_results"/>
    <testcase time="0.00199999999995271" classname="ds.listClientsideFunctions_smk_check_results" name="check_results"/>
    <testcase time="0.00100000000020373" classname="ds.listClientsideFunctions_smk_check_results" name="check_results"/>
    <testcase time="0.00199999999995271" classname="ds.listClientsideFunctions_smk_check_results" name="check_results"/>
    <testcase time="0.00199999999995271" classname="ds.listClientsideFunctions_smk_check_results" name="check_results"/>
    <testcase time="0.00199999999995271" classname="ds.listClientsideFunctions_smk_check_results" name="check_results"/>
    <testcase time="0.00199999999995271" classname="ds.listClientsideFunctions_smk_check_results" name="check_results"/>
    <testcase time="0.00199999999995271" classname="ds.listClientsideFunctions_smk_check_results" name="check_results"/>
    <testcase time="0.00199999999995271" classname="ds.listClientsideFunctions_smk_check_results" name="check_results"/>
    <testcase time="0.00200000000040745" classname="ds.listClientsideFunctions_smk_check_results" name="check_results"/>
    <testcase time="0.00199999999995271" classname="ds.listClientsideFunctions_smk_check_results" name="check_results"/>
    <testcase time="0.00199999999995271" classname="ds.listClientsideFunctions_smk_check_results" name="check_results"/>
    <testcase time="0.000999999999748979" classname="ds.listClientsideFunctions_smk_check_results" name="check_results"/>
    <testcase time="0.00199999999995271" classname="ds.listClientsideFunctions_smk_check_results" name="check_results"/>
    <testcase time="0.00199999999995271" classname="ds.listClientsideFunctions_smk_check_results" name="check_results"/>
    <testcase time="0.00200000000040745" classname="ds.listClientsideFunctions_smk_check_results" name="check_results"/>
    <testcase time="0.00499999999965439" classname="ds.listClientsideFunctions_smk_check_results" name="check_results"/>
    <testcase time="0.00199999999995271" classname="ds.listClientsideFunctions_smk_check_results" name="check_results"/>
    <testcase time="0.00200000000040745" classname="ds.listClientsideFunctions_smk_check_results" name="check_results"/>
    <testcase time="0.00299999999970169" classname="ds.listClientsideFunctions_smk_check_results" name="check_results"/>
    <testcase time="0.00199999999995271" classname="ds.listClientsideFunctions_smk_check_results" name="check_results"/>
    <testcase time="0.00300000000015643" classname="ds.listClientsideFunctions_smk_check_results" name="check_results"/>
    <testcase time="0.00300000000015643" classname="ds.listClientsideFunctions_smk_check_results" name="check_results"/>
    <testcase time="0.00299999999970169" classname="ds.listClientsideFunctions_smk_check_results" name="check_results"/>
    <testcase time="0.00199999999995271" classname="ds.listClientsideFunctions_smk_check_results" name="check_results"/>
    <testcase time="0.00300000000015643" classname="ds.listClientsideFunctions_smk_check_results" name="check_results"/>
    <testcase time="0.00300000000015643" classname="ds.listClientsideFunctions_smk_check_results" name="check_results"/>
    <testcase time="0.00199999999995271" classname="ds.listClientsideFunctions_smk_check_results" name="check_results"/>
    <testcase time="0.00199999999995271" classname="ds.listClientsideFunctions_smk_check_results" name="check_results"/>
    <testcase time="0.00300000000015643" classname="ds.listClientsideFunctions_smk_check_results" name="check_results"/>
    <testcase time="0.00300000000015643" classname="ds.listClientsideFunctions_smk_check_results" name="check_results"/>
    <testcase time="0.00299999999970169" classname="ds.listClientsideFunctions_smk_check_results" name="check_results"/>
    <testcase time="0.00400000000036016" classname="ds.listClientsideFunctions_smk_check_results" name="check_results"/>
    <testcase time="0.00299999999970169" classname="ds.listClientsideFunctions_smk_check_results" name="check_results"/>
    <testcase time="0.00300000000015643" classname="ds.listClientsideFunctions_smk_check_results" name="check_results"/>
    <testcase time="0.00300000000015643" classname="ds.listClientsideFunctions_smk_check_results" name="check_results"/>
    <testcase time="0.00299999999970169" classname="ds.listClientsideFunctions_smk_check_results" name="check_results"/>
    <testcase time="0.0109999999999673" classname="ds.listClientsideFunctions_smk_check_results" name="check_results"/>
    <testcase time="0.00300000000015643" classname="ds.listClientsideFunctions_smk_check_results" name="check_results"/>
    <testcase time="0.00199999999995271" classname="ds.listClientsideFunctions_smk_check_results" name="check_results"/>
    <testcase time="0.00300000000015643" classname="ds.listClientsideFunctions_smk_check_results" name="check_results"/>
    <testcase time="0.00299999999970169" classname="ds.listClientsideFunctions_smk_check_results" name="check_results"/>
    <testcase time="0.00300000000015643" classname="ds.listClientsideFunctions_smk_check_results" name="check_results"/>
    <testcase time="0.00300000000015643" classname="ds.listClientsideFunctions_smk_check_results" name="check_results"/>
    <testcase time="0.00199999999995271" classname="ds.listClientsideFunctions_smk_check_results" name="check_results"/>
    <testcase time="0.00299999999970169" classname="ds.listClientsideFunctions_smk_check_results" name="check_results"/>
    <testcase time="0.00199999999995271" classname="ds.listClientsideFunctions_smk_check_results" name="check_results"/>
    <testcase time="0.00300000000015643" classname="ds.listClientsideFunctions_smk_check_results" name="check_results"/>
    <testcase time="0.00299999999970169" classname="ds.listClientsideFunctions_smk_check_results" name="check_results"/>
    <testcase time="0.00300000000015643" classname="ds.listClientsideFunctions_smk_check_results" name="check_results"/>
    <testcase time="0.00399999999990541" classname="ds.listClientsideFunctions_smk_check_results" name="check_results"/>
    <testcase time="0.00300000000015643" classname="ds.listClientsideFunctions_smk_check_results" name="check_results"/>
    <testcase time="0.00300000000015643" classname="ds.listClientsideFunctions_smk_check_results" name="check_results"/>
    <testcase time="0.00299999999970169" classname="ds.listClientsideFunctions_smk_check_results" name="check_results"/>
    <testcase time="0.00300000000015643" classname="ds.listClientsideFunctions_smk_check_results" name="check_results"/>
  </testsuite>
  <testsuite name="ds.listClientsideFunctions::smk::shutdown" timestamp="2020-07-01T15:58:28Z" hostname="fv-az29" tests="3" skipped="0" failures="0" errors="0" time="0.284">
    <testcase time="0.280999999999949" classname="ds.listClientsideFunctions_smk_shutdown" name="shutdown"/>
    <testcase time="0.00199999999995271" classname="ds.listClientsideFunctions_smk_shutdown" name="shutdown"/>
    <testcase time="0.00100000000020373" classname="ds.listClientsideFunctions_smk_shutdown" name="shutdown"/>
  </testsuite>
  <testsuite name="ds.listClientsideFunctions::smk::done" timestamp="2020-07-01T15:58:29Z" hostname="fv-az29" tests="0" skipped="0" failures="0" errors="0" time="0"/>
  <testsuite name="ds.listDisclosureSettings::smk::setup" timestamp="2020-07-01T15:58:29Z" hostname="fv-az29" tests="3" skipped="0" failures="0" errors="0" time="5.617">
    <testcase time="5.61400000000003" classname="ds.listDisclosureSettings_smk_setup" name="setup"/>
    <testcase time="0.00199999999995271" classname="ds.listDisclosureSettings_smk_setup" name="setup"/>
    <testcase time="0.000999999999748979" classname="ds.listDisclosureSettings_smk_setup" name="setup"/>
  </testsuite>
  <testsuite name="ds.listDisclosureSettings::smk::check results" timestamp="2020-07-01T15:58:34Z" hostname="fv-az29" tests="31" skipped="0" failures="0" errors="0" time="0.33">
    <testcase time="0.282999999999902" classname="ds.listDisclosureSettings_smk_check_results" name="check_results"/>
    <testcase time="0.00100000000020373" classname="ds.listDisclosureSettings_smk_check_results" name="check_results"/>
    <testcase time="0.00300000000015643" classname="ds.listDisclosureSettings_smk_check_results" name="check_results"/>
    <testcase time="0.000999999999748979" classname="ds.listDisclosureSettings_smk_check_results" name="check_results"/>
    <testcase time="0.00100000000020373" classname="ds.listDisclosureSettings_smk_check_results" name="check_results"/>
    <testcase time="0.00199999999995271" classname="ds.listDisclosureSettings_smk_check_results" name="check_results"/>
    <testcase time="0.000999999999748979" classname="ds.listDisclosureSettings_smk_check_results" name="check_results"/>
    <testcase time="0.00100000000020373" classname="ds.listDisclosureSettings_smk_check_results" name="check_results"/>
    <testcase time="0.00199999999995271" classname="ds.listDisclosureSettings_smk_check_results" name="check_results"/>
    <testcase time="0.00100000000020373" classname="ds.listDisclosureSettings_smk_check_results" name="check_results"/>
    <testcase time="0.00199999999995271" classname="ds.listDisclosureSettings_smk_check_results" name="check_results"/>
    <testcase time="0.00199999999995271" classname="ds.listDisclosureSettings_smk_check_results" name="check_results"/>
    <testcase time="0.000999999999748979" classname="ds.listDisclosureSettings_smk_check_results" name="check_results"/>
    <testcase time="0.00100000000020373" classname="ds.listDisclosureSettings_smk_check_results" name="check_results"/>
    <testcase time="0.00199999999995271" classname="ds.listDisclosureSettings_smk_check_results" name="check_results"/>
    <testcase time="0.00300000000015643" classname="ds.listDisclosureSettings_smk_check_results" name="check_results"/>
    <testcase time="0.000999999999748979" classname="ds.listDisclosureSettings_smk_check_results" name="check_results"/>
    <testcase time="0.00199999999995271" classname="ds.listDisclosureSettings_smk_check_results" name="check_results"/>
    <testcase time="0.00100000000020373" classname="ds.listDisclosureSettings_smk_check_results" name="check_results"/>
    <testcase time="0.000999999999748979" classname="ds.listDisclosureSettings_smk_check_results" name="check_results"/>
    <testcase time="0.00200000000040745" classname="ds.listDisclosureSettings_smk_check_results" name="check_results"/>
    <testcase time="0.000999999999748979" classname="ds.listDisclosureSettings_smk_check_results" name="check_results"/>
    <testcase time="0.00199999999995271" classname="ds.listDisclosureSettings_smk_check_results" name="check_results"/>
    <testcase time="0.00199999999995271" classname="ds.listDisclosureSettings_smk_check_results" name="check_results"/>
    <testcase time="0.00100000000020373" classname="ds.listDisclosureSettings_smk_check_results" name="check_results"/>
    <testcase time="0.00199999999995271" classname="ds.listDisclosureSettings_smk_check_results" name="check_results"/>
    <testcase time="0.00199999999995271" classname="ds.listDisclosureSettings_smk_check_results" name="check_results"/>
    <testcase time="0.00100000000020373" classname="ds.listDisclosureSettings_smk_check_results" name="check_results"/>
    <testcase time="0.00199999999995271" classname="ds.listDisclosureSettings_smk_check_results" name="check_results"/>
    <testcase time="0.000999999999748979" classname="ds.listDisclosureSettings_smk_check_results" name="check_results"/>
    <testcase time="0.00199999999995271" classname="ds.listDisclosureSettings_smk_check_results" name="check_results"/>
  </testsuite>
  <testsuite name="ds.listDisclosureSettings::smk::shutdown" timestamp="2020-07-01T15:58:34Z" hostname="fv-az29" tests="3" skipped="0" failures="0" errors="0" time="0.283">
    <testcase time="0.2800000000002" classname="ds.listDisclosureSettings_smk_shutdown" name="shutdown"/>
    <testcase time="0.00100000000020373" classname="ds.listDisclosureSettings_smk_shutdown" name="shutdown"/>
    <testcase time="0.00199999999995271" classname="ds.listDisclosureSettings_smk_shutdown" name="shutdown"/>
  </testsuite>
  <testsuite name="ds.listDisclosureSettings::smk::down" timestamp="2020-07-01T15:58:35Z" hostname="fv-az29" tests="0" skipped="0" failures="0" errors="0" time="0"/>
  <testsuite name="ds.list::smk::setup" timestamp="2020-07-01T15:58:35Z" hostname="fv-az29" tests="3" skipped="0" failures="0" errors="0" time="5.536">
    <testcase time="5.5329999999999" classname="ds.list_smk_setup" name="setup"/>
    <testcase time="0.000999999999748979" classname="ds.list_smk_setup" name="setup"/>
    <testcase time="0.00200000000040745" classname="ds.list_smk_setup" name="setup"/>
  </testsuite>
  <testsuite name="ds.list::smk" timestamp="2020-07-01T15:58:40Z" hostname="fv-az29" tests="28" skipped="0" failures="0" errors="0" time="3.609">
    <testcase time="2.50099999999975" classname="ds.list_smk" name="Is_List"/>
    <testcase time="0.269000000000233" classname="ds.list_smk" name="Is_List"/>
    <testcase time="0.00199999999995271" classname="ds.list_smk" name="Is_List"/>
    <testcase time="0.000999999999748979" classname="ds.list_smk" name="Is_List"/>
    <testcase time="0.00100000000020373" classname="ds.list_smk" name="Is_List"/>
    <testcase time="0.000999999999748979" classname="ds.list_smk" name="Is_List"/>
    <testcase time="0.00100000000020373" classname="ds.list_smk" name="Is_List"/>
    <testcase time="0.000999999999748979" classname="ds.list_smk" name="Is_List"/>
    <testcase time="0.00100000000020373" classname="ds.list_smk" name="Is_List"/>
    <testcase time="0.00199999999995271" classname="ds.list_smk" name="Is_List"/>
    <testcase time="0.000999999999748979" classname="ds.list_smk" name="Is_List"/>
    <testcase time="0.00100000000020373" classname="ds.list_smk" name="Is_List"/>
    <testcase time="0.00199999999995271" classname="ds.list_smk" name="Is_List"/>
    <testcase time="0.000999999999748979" classname="ds.list_smk" name="Is_List"/>
    <testcase time="0.541000000000167" classname="ds.list_smk" name="Is_List"/>
    <testcase time="0.00199999999995271" classname="ds.list_smk" name="Is_List"/>
    <testcase time="0.00100000000020373" classname="ds.list_smk" name="Is_List"/>
    <testcase time="0.00199999999995271" classname="ds.list_smk" name="Is_List"/>
    <testcase time="0.26299999999992" classname="ds.list_smk" name="Is_List"/>
    <testcase time="0.00199999999995271" classname="ds.list_smk" name="Is_List"/>
    <testcase time="0.00199999999995271" classname="ds.list_smk" name="Is_List"/>
    <testcase time="0.00100000000020373" classname="ds.list_smk" name="Is_List"/>
    <testcase time="0.00199999999995271" classname="ds.list_smk" name="Is_List"/>
    <testcase time="0.000999999999748979" classname="ds.list_smk" name="Is_List"/>
    <testcase time="0.00199999999995271" classname="ds.list_smk" name="Is_List"/>
    <testcase time="0.00100000000020373" classname="ds.list_smk" name="Is_List"/>
    <testcase time="0.00199999999995271" classname="ds.list_smk" name="Is_List"/>
    <testcase time="0.00199999999995271" classname="ds.list_smk" name="Is_List"/>
  </testsuite>
  <testsuite name="ds.list::smk::shutdown" timestamp="2020-07-01T15:58:44Z" hostname="fv-az29" tests="3" skipped="0" failures="0" errors="0" time="0.282">
    <testcase time="0.278999999999996" classname="ds.list_smk_shutdown" name="shutdown"/>
    <testcase time="0.00100000000020373" classname="ds.list_smk_shutdown" name="shutdown"/>
    <testcase time="0.00199999999995271" classname="ds.list_smk_shutdown" name="shutdown"/>
  </testsuite>
  <testsuite name="ds.list::smk::down" timestamp="2020-07-01T15:58:45Z" hostname="fv-az29" tests="0" skipped="0" failures="0" errors="0" time="0"/>
  <testsuite name="ds.listServersideFunctions::smk::check results" timestamp="2020-07-01T15:58:49Z" hostname="fv-az29" tests="340" skipped="0" failures="0" errors="0" time="6.916">
    <testcase time="5.30499999999984" classname="ds.listServersideFunctions_smk_check_results" name="check_results"/>
    <testcase time="0.00199999999995271" classname="ds.listServersideFunctions_smk_check_results" name="check_results"/>
    <testcase time="0.00100000000020373" classname="ds.listServersideFunctions_smk_check_results" name="check_results"/>
    <testcase time="0.00199999999995271" classname="ds.listServersideFunctions_smk_check_results" name="check_results"/>
    <testcase time="0.00199999999995271" classname="ds.listServersideFunctions_smk_check_results" name="check_results"/>
    <testcase time="0.00100000000020373" classname="ds.listServersideFunctions_smk_check_results" name="check_results"/>
    <testcase time="0.00100000000020373" classname="ds.listServersideFunctions_smk_check_results" name="check_results"/>
    <testcase time="0.00299999999970169" classname="ds.listServersideFunctions_smk_check_results" name="check_results"/>
    <testcase time="0.00200000000040745" classname="ds.listServersideFunctions_smk_check_results" name="check_results"/>
    <testcase time="0.00199999999995271" classname="ds.listServersideFunctions_smk_check_results" name="check_results"/>
    <testcase time="0.000999999999748979" classname="ds.listServersideFunctions_smk_check_results" name="check_results"/>
    <testcase time="0.00199999999995271" classname="ds.listServersideFunctions_smk_check_results" name="check_results"/>
    <testcase time="0.00100000000020373" classname="ds.listServersideFunctions_smk_check_results" name="check_results"/>
    <testcase time="0.00199999999995271" classname="ds.listServersideFunctions_smk_check_results" name="check_results"/>
    <testcase time="0.00199999999995271" classname="ds.listServersideFunctions_smk_check_results" name="check_results"/>
    <testcase time="0.00199999999995271" classname="ds.listServersideFunctions_smk_check_results" name="check_results"/>
    <testcase time="0.00100000000020373" classname="ds.listServersideFunctions_smk_check_results" name="check_results"/>
    <testcase time="0.00199999999995271" classname="ds.listServersideFunctions_smk_check_results" name="check_results"/>
    <testcase time="0.000999999999748979" classname="ds.listServersideFunctions_smk_check_results" name="check_results"/>
    <testcase time="0.00199999999995271" classname="ds.listServersideFunctions_smk_check_results" name="check_results"/>
    <testcase time="0.00200000000040745" classname="ds.listServersideFunctions_smk_check_results" name="check_results"/>
    <testcase time="0.00199999999995271" classname="ds.listServersideFunctions_smk_check_results" name="check_results"/>
    <testcase time="0.00199999999995271" classname="ds.listServersideFunctions_smk_check_results" name="check_results"/>
    <testcase time="0.00199999999995271" classname="ds.listServersideFunctions_smk_check_results" name="check_results"/>
    <testcase time="0.00199999999995271" classname="ds.listServersideFunctions_smk_check_results" name="check_results"/>
    <testcase time="0.00300000000015643" classname="ds.listServersideFunctions_smk_check_results" name="check_results"/>
    <testcase time="0.00199999999995271" classname="ds.listServersideFunctions_smk_check_results" name="check_results"/>
    <testcase time="0.00199999999995271" classname="ds.listServersideFunctions_smk_check_results" name="check_results"/>
    <testcase time="0.00199999999995271" classname="ds.listServersideFunctions_smk_check_results" name="check_results"/>
    <testcase time="0.00199999999995271" classname="ds.listServersideFunctions_smk_check_results" name="check_results"/>
    <testcase time="0.00199999999995271" classname="ds.listServersideFunctions_smk_check_results" name="check_results"/>
    <testcase time="0.00199999999995271" classname="ds.listServersideFunctions_smk_check_results" name="check_results"/>
    <testcase time="0.00100000000020373" classname="ds.listServersideFunctions_smk_check_results" name="check_results"/>
    <testcase time="0.00100000000020373" classname="ds.listServersideFunctions_smk_check_results" name="check_results"/>
    <testcase time="0.00199999999995271" classname="ds.listServersideFunctions_smk_check_results" name="check_results"/>
    <testcase time="0.00199999999995271" classname="ds.listServersideFunctions_smk_check_results" name="check_results"/>
    <testcase time="0.00199999999995271" classname="ds.listServersideFunctions_smk_check_results" name="check_results"/>
    <testcase time="0.00300000000015643" classname="ds.listServersideFunctions_smk_check_results" name="check_results"/>
    <testcase time="0.00199999999995271" classname="ds.listServersideFunctions_smk_check_results" name="check_results"/>
    <testcase time="0.00199999999995271" classname="ds.listServersideFunctions_smk_check_results" name="check_results"/>
    <testcase time="0.00199999999995271" classname="ds.listServersideFunctions_smk_check_results" name="check_results"/>
    <testcase time="0.00199999999995271" classname="ds.listServersideFunctions_smk_check_results" name="check_results"/>
    <testcase time="0.00199999999995271" classname="ds.listServersideFunctions_smk_check_results" name="check_results"/>
    <testcase time="0.00200000000040745" classname="ds.listServersideFunctions_smk_check_results" name="check_results"/>
    <testcase time="0.00299999999970169" classname="ds.listServersideFunctions_smk_check_results" name="check_results"/>
    <testcase time="0.00199999999995271" classname="ds.listServersideFunctions_smk_check_results" name="check_results"/>
    <testcase time="0.00199999999995271" classname="ds.listServersideFunctions_smk_check_results" name="check_results"/>
    <testcase time="0.00300000000015643" classname="ds.listServersideFunctions_smk_check_results" name="check_results"/>
    <testcase time="0.00199999999995271" classname="ds.listServersideFunctions_smk_check_results" name="check_results"/>
    <testcase time="0.00199999999995271" classname="ds.listServersideFunctions_smk_check_results" name="check_results"/>
    <testcase time="0.00199999999995271" classname="ds.listServersideFunctions_smk_check_results" name="check_results"/>
    <testcase time="0.00199999999995271" classname="ds.listServersideFunctions_smk_check_results" name="check_results"/>
    <testcase time="0.00300000000015643" classname="ds.listServersideFunctions_smk_check_results" name="check_results"/>
    <testcase time="0.00199999999995271" classname="ds.listServersideFunctions_smk_check_results" name="check_results"/>
    <testcase time="0.00199999999995271" classname="ds.listServersideFunctions_smk_check_results" name="check_results"/>
    <testcase time="0.00300000000015643" classname="ds.listServersideFunctions_smk_check_results" name="check_results"/>
    <testcase time="0.00199999999995271" classname="ds.listServersideFunctions_smk_check_results" name="check_results"/>
    <testcase time="0.00300000000015643" classname="ds.listServersideFunctions_smk_check_results" name="check_results"/>
    <testcase time="0.00299999999970169" classname="ds.listServersideFunctions_smk_check_results" name="check_results"/>
    <testcase time="0.00200000000040745" classname="ds.listServersideFunctions_smk_check_results" name="check_results"/>
    <testcase time="0.00299999999970169" classname="ds.listServersideFunctions_smk_check_results" name="check_results"/>
    <testcase time="0.00199999999995271" classname="ds.listServersideFunctions_smk_check_results" name="check_results"/>
    <testcase time="0.00199999999995271" classname="ds.listServersideFunctions_smk_check_results" name="check_results"/>
    <testcase time="0.00300000000015643" classname="ds.listServersideFunctions_smk_check_results" name="check_results"/>
    <testcase time="0.00300000000015643" classname="ds.listServersideFunctions_smk_check_results" name="check_results"/>
    <testcase time="0.00299999999970169" classname="ds.listServersideFunctions_smk_check_results" name="check_results"/>
    <testcase time="0.00300000000015643" classname="ds.listServersideFunctions_smk_check_results" name="check_results"/>
    <testcase time="0.00199999999995271" classname="ds.listServersideFunctions_smk_check_results" name="check_results"/>
    <testcase time="0.00199999999995271" classname="ds.listServersideFunctions_smk_check_results" name="check_results"/>
    <testcase time="0.00300000000015643" classname="ds.listServersideFunctions_smk_check_results" name="check_results"/>
    <testcase time="0.00399999999990541" classname="ds.listServersideFunctions_smk_check_results" name="check_results"/>
    <testcase time="0.00300000000015643" classname="ds.listServersideFunctions_smk_check_results" name="check_results"/>
    <testcase time="0.00199999999995271" classname="ds.listServersideFunctions_smk_check_results" name="check_results"/>
    <testcase time="0.00299999999970169" classname="ds.listServersideFunctions_smk_check_results" name="check_results"/>
    <testcase time="0.0100000000002183" classname="ds.listServersideFunctions_smk_check_results" name="check_results"/>
    <testcase time="0.00199999999995271" classname="ds.listServersideFunctions_smk_check_results" name="check_results"/>
    <testcase time="0.00300000000015643" classname="ds.listServersideFunctions_smk_check_results" name="check_results"/>
    <testcase time="0.00199999999995271" classname="ds.listServersideFunctions_smk_check_results" name="check_results"/>
    <testcase time="0.00199999999995271" classname="ds.listServersideFunctions_smk_check_results" name="check_results"/>
    <testcase time="0.00300000000015643" classname="ds.listServersideFunctions_smk_check_results" name="check_results"/>
    <testcase time="0.00299999999970169" classname="ds.listServersideFunctions_smk_check_results" name="check_results"/>
    <testcase time="0.00300000000015643" classname="ds.listServersideFunctions_smk_check_results" name="check_results"/>
    <testcase time="0.00199999999995271" classname="ds.listServersideFunctions_smk_check_results" name="check_results"/>
    <testcase time="0.00199999999995271" classname="ds.listServersideFunctions_smk_check_results" name="check_results"/>
    <testcase time="0.00300000000015643" classname="ds.listServersideFunctions_smk_check_results" name="check_results"/>
    <testcase time="0.00199999999995271" classname="ds.listServersideFunctions_smk_check_results" name="check_results"/>
    <testcase time="0.00399999999990541" classname="ds.listServersideFunctions_smk_check_results" name="check_results"/>
    <testcase time="0.00199999999995271" classname="ds.listServersideFunctions_smk_check_results" name="check_results"/>
    <testcase time="0.00300000000015643" classname="ds.listServersideFunctions_smk_check_results" name="check_results"/>
    <testcase time="0.00300000000015643" classname="ds.listServersideFunctions_smk_check_results" name="check_results"/>
    <testcase time="0.00199999999995271" classname="ds.listServersideFunctions_smk_check_results" name="check_results"/>
    <testcase time="0.00299999999970169" classname="ds.listServersideFunctions_smk_check_results" name="check_results"/>
    <testcase time="0.00300000000015643" classname="ds.listServersideFunctions_smk_check_results" name="check_results"/>
    <testcase time="0.00300000000015643" classname="ds.listServersideFunctions_smk_check_results" name="check_results"/>
    <testcase time="0.00299999999970169" classname="ds.listServersideFunctions_smk_check_results" name="check_results"/>
    <testcase time="0.00199999999995271" classname="ds.listServersideFunctions_smk_check_results" name="check_results"/>
    <testcase time="0.00400000000036016" classname="ds.listServersideFunctions_smk_check_results" name="check_results"/>
    <testcase time="0.00299999999970169" classname="ds.listServersideFunctions_smk_check_results" name="check_results"/>
    <testcase time="0.00300000000015643" classname="ds.listServersideFunctions_smk_check_results" name="check_results"/>
    <testcase time="0.00300000000015643" classname="ds.listServersideFunctions_smk_check_results" name="check_results"/>
    <testcase time="0.00299999999970169" classname="ds.listServersideFunctions_smk_check_results" name="check_results"/>
    <testcase time="0.00300000000015643" classname="ds.listServersideFunctions_smk_check_results" name="check_results"/>
    <testcase time="0.00300000000015643" classname="ds.listServersideFunctions_smk_check_results" name="check_results"/>
    <testcase time="0.00299999999970169" classname="ds.listServersideFunctions_smk_check_results" name="check_results"/>
    <testcase time="0.00199999999995271" classname="ds.listServersideFunctions_smk_check_results" name="check_results"/>
    <testcase time="0.00399999999990541" classname="ds.listServersideFunctions_smk_check_results" name="check_results"/>
    <testcase time="0.00300000000015643" classname="ds.listServersideFunctions_smk_check_results" name="check_results"/>
    <testcase time="0.00300000000015643" classname="ds.listServersideFunctions_smk_check_results" name="check_results"/>
    <testcase time="0.00399999999990541" classname="ds.listServersideFunctions_smk_check_results" name="check_results"/>
    <testcase time="0.00199999999995271" classname="ds.listServersideFunctions_smk_check_results" name="check_results"/>
    <testcase time="0.00300000000015643" classname="ds.listServersideFunctions_smk_check_results" name="check_results"/>
    <testcase time="0.00399999999990541" classname="ds.listServersideFunctions_smk_check_results" name="check_results"/>
    <testcase time="0.00300000000015643" classname="ds.listServersideFunctions_smk_check_results" name="check_results"/>
    <testcase time="0.00399999999990541" classname="ds.listServersideFunctions_smk_check_results" name="check_results"/>
    <testcase time="0.00299999999970169" classname="ds.listServersideFunctions_smk_check_results" name="check_results"/>
    <testcase time="0.00500000000010914" classname="ds.listServersideFunctions_smk_check_results" name="check_results"/>
    <testcase time="0.00500000000010914" classname="ds.listServersideFunctions_smk_check_results" name="check_results"/>
    <testcase time="0.00300000000015643" classname="ds.listServersideFunctions_smk_check_results" name="check_results"/>
    <testcase time="0.00499999999965439" classname="ds.listServersideFunctions_smk_check_results" name="check_results"/>
    <testcase time="0.00500000000010914" classname="ds.listServersideFunctions_smk_check_results" name="check_results"/>
    <testcase time="0.00300000000015643" classname="ds.listServersideFunctions_smk_check_results" name="check_results"/>
    <testcase time="0.00399999999990541" classname="ds.listServersideFunctions_smk_check_results" name="check_results"/>
    <testcase time="0.00399999999990541" classname="ds.listServersideFunctions_smk_check_results" name="check_results"/>
    <testcase time="0.00399999999990541" classname="ds.listServersideFunctions_smk_check_results" name="check_results"/>
    <testcase time="0.00500000000010914" classname="ds.listServersideFunctions_smk_check_results" name="check_results"/>
    <testcase time="0.00399999999990541" classname="ds.listServersideFunctions_smk_check_results" name="check_results"/>
    <testcase time="0.00300000000015643" classname="ds.listServersideFunctions_smk_check_results" name="check_results"/>
    <testcase time="0.00500000000010914" classname="ds.listServersideFunctions_smk_check_results" name="check_results"/>
    <testcase time="0.00299999999970169" classname="ds.listServersideFunctions_smk_check_results" name="check_results"/>
    <testcase time="0.00400000000036016" classname="ds.listServersideFunctions_smk_check_results" name="check_results"/>
    <testcase time="0.00399999999990541" classname="ds.listServersideFunctions_smk_check_results" name="check_results"/>
    <testcase time="0.00399999999990541" classname="ds.listServersideFunctions_smk_check_results" name="check_results"/>
    <testcase time="0.00500000000010914" classname="ds.listServersideFunctions_smk_check_results" name="check_results"/>
    <testcase time="0.00300000000015643" classname="ds.listServersideFunctions_smk_check_results" name="check_results"/>
    <testcase time="0.00399999999990541" classname="ds.listServersideFunctions_smk_check_results" name="check_results"/>
    <testcase time="0.00500000000010914" classname="ds.listServersideFunctions_smk_check_results" name="check_results"/>
    <testcase time="0.00300000000015643" classname="ds.listServersideFunctions_smk_check_results" name="check_results"/>
    <testcase time="0.00499999999965439" classname="ds.listServersideFunctions_smk_check_results" name="check_results"/>
    <testcase time="0.0100000000002183" classname="ds.listServersideFunctions_smk_check_results" name="check_results"/>
    <testcase time="0.00399999999990541" classname="ds.listServersideFunctions_smk_check_results" name="check_results"/>
    <testcase time="0.00399999999990541" classname="ds.listServersideFunctions_smk_check_results" name="check_results"/>
    <testcase time="0.00400000000036016" classname="ds.listServersideFunctions_smk_check_results" name="check_results"/>
    <testcase time="0.00399999999990541" classname="ds.listServersideFunctions_smk_check_results" name="check_results"/>
    <testcase time="0.00399999999990541" classname="ds.listServersideFunctions_smk_check_results" name="check_results"/>
    <testcase time="0.00399999999990541" classname="ds.listServersideFunctions_smk_check_results" name="check_results"/>
    <testcase time="0.00399999999990541" classname="ds.listServersideFunctions_smk_check_results" name="check_results"/>
    <testcase time="0.00800000000026557" classname="ds.listServersideFunctions_smk_check_results" name="check_results"/>
    <testcase time="0.00399999999990541" classname="ds.listServersideFunctions_smk_check_results" name="check_results"/>
    <testcase time="0.00300000000015643" classname="ds.listServersideFunctions_smk_check_results" name="check_results"/>
    <testcase time="0.00399999999990541" classname="ds.listServersideFunctions_smk_check_results" name="check_results"/>
    <testcase time="0.00300000000015643" classname="ds.listServersideFunctions_smk_check_results" name="check_results"/>
    <testcase time="0.00299999999970169" classname="ds.listServersideFunctions_smk_check_results" name="check_results"/>
    <testcase time="0.00500000000010914" classname="ds.listServersideFunctions_smk_check_results" name="check_results"/>
    <testcase time="0.00300000000015643" classname="ds.listServersideFunctions_smk_check_results" name="check_results"/>
    <testcase time="0.00399999999990541" classname="ds.listServersideFunctions_smk_check_results" name="check_results"/>
    <testcase time="0.00399999999990541" classname="ds.listServersideFunctions_smk_check_results" name="check_results"/>
    <testcase time="0.00500000000010914" classname="ds.listServersideFunctions_smk_check_results" name="check_results"/>
    <testcase time="0.00399999999990541" classname="ds.listServersideFunctions_smk_check_results" name="check_results"/>
    <testcase time="0.00399999999990541" classname="ds.listServersideFunctions_smk_check_results" name="check_results"/>
    <testcase time="0.00500000000010914" classname="ds.listServersideFunctions_smk_check_results" name="check_results"/>
    <testcase time="0.00700000000006185" classname="ds.listServersideFunctions_smk_check_results" name="check_results"/>
    <testcase time="0.00500000000010914" classname="ds.listServersideFunctions_smk_check_results" name="check_results"/>
    <testcase time="0.00599999999985812" classname="ds.listServersideFunctions_smk_check_results" name="check_results"/>
    <testcase time="0.00399999999990541" classname="ds.listServersideFunctions_smk_check_results" name="check_results"/>
    <testcase time="0.00399999999990541" classname="ds.listServersideFunctions_smk_check_results" name="check_results"/>
    <testcase time="0.00400000000036016" classname="ds.listServersideFunctions_smk_check_results" name="check_results"/>
    <testcase time="0.00499999999965439" classname="ds.listServersideFunctions_smk_check_results" name="check_results"/>
    <testcase time="0.00500000000010914" classname="ds.listServersideFunctions_smk_check_results" name="check_results"/>
    <testcase time="0.00399999999990541" classname="ds.listServersideFunctions_smk_check_results" name="check_results"/>
    <testcase time="0.00400000000036016" classname="ds.listServersideFunctions_smk_check_results" name="check_results"/>
    <testcase time="0.00399999999990541" classname="ds.listServersideFunctions_smk_check_results" name="check_results"/>
    <testcase time="0.00399999999990541" classname="ds.listServersideFunctions_smk_check_results" name="check_results"/>
    <testcase time="0.00500000000010914" classname="ds.listServersideFunctions_smk_check_results" name="check_results"/>
    <testcase time="0.00399999999990541" classname="ds.listServersideFunctions_smk_check_results" name="check_results"/>
    <testcase time="0.00500000000010914" classname="ds.listServersideFunctions_smk_check_results" name="check_results"/>
    <testcase time="0.00399999999990541" classname="ds.listServersideFunctions_smk_check_results" name="check_results"/>
    <testcase time="0.00600000000031287" classname="ds.listServersideFunctions_smk_check_results" name="check_results"/>
    <testcase time="0.00499999999965439" classname="ds.listServersideFunctions_smk_check_results" name="check_results"/>
    <testcase time="0.00600000000031287" classname="ds.listServersideFunctions_smk_check_results" name="check_results"/>
    <testcase time="0.00599999999985812" classname="ds.listServersideFunctions_smk_check_results" name="check_results"/>
    <testcase time="0.00500000000010914" classname="ds.listServersideFunctions_smk_check_results" name="check_results"/>
    <testcase time="0.00399999999990541" classname="ds.listServersideFunctions_smk_check_results" name="check_results"/>
    <testcase time="0.00500000000010914" classname="ds.listServersideFunctions_smk_check_results" name="check_results"/>
    <testcase time="0.00999999999976353" classname="ds.listServersideFunctions_smk_check_results" name="check_results"/>
    <testcase time="0.00600000000031287" classname="ds.listServersideFunctions_smk_check_results" name="check_results"/>
    <testcase time="0.00700000000006185" classname="ds.listServersideFunctions_smk_check_results" name="check_results"/>
    <testcase time="0.00399999999990541" classname="ds.listServersideFunctions_smk_check_results" name="check_results"/>
    <testcase time="0.00500000000010914" classname="ds.listServersideFunctions_smk_check_results" name="check_results"/>
    <testcase time="0.00499999999965439" classname="ds.listServersideFunctions_smk_check_results" name="check_results"/>
    <testcase time="0.00500000000010914" classname="ds.listServersideFunctions_smk_check_results" name="check_results"/>
    <testcase time="0.00599999999985812" classname="ds.listServersideFunctions_smk_check_results" name="check_results"/>
    <testcase time="0.00500000000010914" classname="ds.listServersideFunctions_smk_check_results" name="check_results"/>
    <testcase time="0.00399999999990541" classname="ds.listServersideFunctions_smk_check_results" name="check_results"/>
    <testcase time="0.00500000000010914" classname="ds.listServersideFunctions_smk_check_results" name="check_results"/>
    <testcase time="0.00500000000010914" classname="ds.listServersideFunctions_smk_check_results" name="check_results"/>
    <testcase time="0.00399999999990541" classname="ds.listServersideFunctions_smk_check_results" name="check_results"/>
    <testcase time="0.00500000000010914" classname="ds.listServersideFunctions_smk_check_results" name="check_results"/>
    <testcase time="0.00500000000010914" classname="ds.listServersideFunctions_smk_check_results" name="check_results"/>
    <testcase time="0.00499999999965439" classname="ds.listServersideFunctions_smk_check_results" name="check_results"/>
    <testcase time="0.00500000000010914" classname="ds.listServersideFunctions_smk_check_results" name="check_results"/>
    <testcase time="0.00599999999985812" classname="ds.listServersideFunctions_smk_check_results" name="check_results"/>
    <testcase time="0.00400000000036016" classname="ds.listServersideFunctions_smk_check_results" name="check_results"/>
    <testcase time="0.00499999999965439" classname="ds.listServersideFunctions_smk_check_results" name="check_results"/>
    <testcase time="0.00500000000010914" classname="ds.listServersideFunctions_smk_check_results" name="check_results"/>
    <testcase time="0.00599999999985812" classname="ds.listServersideFunctions_smk_check_results" name="check_results"/>
    <testcase time="0.00500000000010914" classname="ds.listServersideFunctions_smk_check_results" name="check_results"/>
    <testcase time="0.00500000000010914" classname="ds.listServersideFunctions_smk_check_results" name="check_results"/>
    <testcase time="0.00500000000010914" classname="ds.listServersideFunctions_smk_check_results" name="check_results"/>
    <testcase time="0.00499999999965439" classname="ds.listServersideFunctions_smk_check_results" name="check_results"/>
    <testcase time="0.00500000000010914" classname="ds.listServersideFunctions_smk_check_results" name="check_results"/>
    <testcase time="0.00500000000010914" classname="ds.listServersideFunctions_smk_check_results" name="check_results"/>
    <testcase time="0.00599999999985812" classname="ds.listServersideFunctions_smk_check_results" name="check_results"/>
    <testcase time="0.00500000000010914" classname="ds.listServersideFunctions_smk_check_results" name="check_results"/>
    <testcase time="0.00500000000010914" classname="ds.listServersideFunctions_smk_check_results" name="check_results"/>
    <testcase time="0.00500000000010914" classname="ds.listServersideFunctions_smk_check_results" name="check_results"/>
    <testcase time="0.0069999999996071" classname="ds.listServersideFunctions_smk_check_results" name="check_results"/>
    <testcase time="0.00600000000031287" classname="ds.listServersideFunctions_smk_check_results" name="check_results"/>
    <testcase time="0.00599999999985812" classname="ds.listServersideFunctions_smk_check_results" name="check_results"/>
    <testcase time="0.00500000000010914" classname="ds.listServersideFunctions_smk_check_results" name="check_results"/>
    <testcase time="0.0140000000001237" classname="ds.listServersideFunctions_smk_check_results" name="check_results"/>
    <testcase time="0.00599999999985812" classname="ds.listServersideFunctions_smk_check_results" name="check_results"/>
    <testcase time="0.00599999999985812" classname="ds.listServersideFunctions_smk_check_results" name="check_results"/>
    <testcase time="0.00500000000010914" classname="ds.listServersideFunctions_smk_check_results" name="check_results"/>
    <testcase time="0.00600000000031287" classname="ds.listServersideFunctions_smk_check_results" name="check_results"/>
    <testcase time="0.00599999999985812" classname="ds.listServersideFunctions_smk_check_results" name="check_results"/>
    <testcase time="0.00599999999985812" classname="ds.listServersideFunctions_smk_check_results" name="check_results"/>
    <testcase time="0.00600000000031287" classname="ds.listServersideFunctions_smk_check_results" name="check_results"/>
    <testcase time="0.00499999999965439" classname="ds.listServersideFunctions_smk_check_results" name="check_results"/>
    <testcase time="0.00700000000006185" classname="ds.listServersideFunctions_smk_check_results" name="check_results"/>
    <testcase time="0.00500000000010914" classname="ds.listServersideFunctions_smk_check_results" name="check_results"/>
    <testcase time="0.00599999999985812" classname="ds.listServersideFunctions_smk_check_results" name="check_results"/>
    <testcase time="0.00600000000031287" classname="ds.listServersideFunctions_smk_check_results" name="check_results"/>
    <testcase time="0.00599999999985812" classname="ds.listServersideFunctions_smk_check_results" name="check_results"/>
    <testcase time="0.00599999999985812" classname="ds.listServersideFunctions_smk_check_results" name="check_results"/>
    <testcase time="0.00600000000031287" classname="ds.listServersideFunctions_smk_check_results" name="check_results"/>
    <testcase time="0.00599999999985812" classname="ds.listServersideFunctions_smk_check_results" name="check_results"/>
    <testcase time="0.00599999999985812" classname="ds.listServersideFunctions_smk_check_results" name="check_results"/>
    <testcase time="0.00600000000031287" classname="ds.listServersideFunctions_smk_check_results" name="check_results"/>
    <testcase time="0.00599999999985812" classname="ds.listServersideFunctions_smk_check_results" name="check_results"/>
    <testcase time="0.00500000000010914" classname="ds.listServersideFunctions_smk_check_results" name="check_results"/>
    <testcase time="0.00599999999985812" classname="ds.listServersideFunctions_smk_check_results" name="check_results"/>
    <testcase time="0.00700000000006185" classname="ds.listServersideFunctions_smk_check_results" name="check_results"/>
    <testcase time="0.00599999999985812" classname="ds.listServersideFunctions_smk_check_results" name="check_results"/>
    <testcase time="0.00599999999985812" classname="ds.listServersideFunctions_smk_check_results" name="check_results"/>
    <testcase time="0.00600000000031287" classname="ds.listServersideFunctions_smk_check_results" name="check_results"/>
    <testcase time="0.00599999999985812" classname="ds.listServersideFunctions_smk_check_results" name="check_results"/>
    <testcase time="0.00599999999985812" classname="ds.listServersideFunctions_smk_check_results" name="check_results"/>
    <testcase time="0.00600000000031287" classname="ds.listServersideFunctions_smk_check_results" name="check_results"/>
    <testcase time="0.00700000000006185" classname="ds.listServersideFunctions_smk_check_results" name="check_results"/>
    <testcase time="0.00599999999985812" classname="ds.listServersideFunctions_smk_check_results" name="check_results"/>
    <testcase time="0.00700000000006185" classname="ds.listServersideFunctions_smk_check_results" name="check_results"/>
    <testcase time="0.01299999999992" classname="ds.listServersideFunctions_smk_check_results" name="check_results"/>
    <testcase time="0.00599999999985812" classname="ds.listServersideFunctions_smk_check_results" name="check_results"/>
    <testcase time="0.00700000000006185" classname="ds.listServersideFunctions_smk_check_results" name="check_results"/>
    <testcase time="0.00599999999985812" classname="ds.listServersideFunctions_smk_check_results" name="check_results"/>
    <testcase time="0.00600000000031287" classname="ds.listServersideFunctions_smk_check_results" name="check_results"/>
    <testcase time="0.00599999999985812" classname="ds.listServersideFunctions_smk_check_results" name="check_results"/>
    <testcase time="0.00499999999965439" classname="ds.listServersideFunctions_smk_check_results" name="check_results"/>
    <testcase time="0.00700000000006185" classname="ds.listServersideFunctions_smk_check_results" name="check_results"/>
    <testcase time="0.00600000000031287" classname="ds.listServersideFunctions_smk_check_results" name="check_results"/>
    <testcase time="0.00599999999985812" classname="ds.listServersideFunctions_smk_check_results" name="check_results"/>
    <testcase time="0.00700000000006185" classname="ds.listServersideFunctions_smk_check_results" name="check_results"/>
    <testcase time="0.00599999999985812" classname="ds.listServersideFunctions_smk_check_results" name="check_results"/>
    <testcase time="0.00599999999985812" classname="ds.listServersideFunctions_smk_check_results" name="check_results"/>
    <testcase time="0.00700000000006185" classname="ds.listServersideFunctions_smk_check_results" name="check_results"/>
    <testcase time="0.00600000000031287" classname="ds.listServersideFunctions_smk_check_results" name="check_results"/>
    <testcase time="0.0069999999996071" classname="ds.listServersideFunctions_smk_check_results" name="check_results"/>
    <testcase time="0.00600000000031287" classname="ds.listServersideFunctions_smk_check_results" name="check_results"/>
    <testcase time="0.00700000000006185" classname="ds.listServersideFunctions_smk_check_results" name="check_results"/>
    <testcase time="0.00599999999985812" classname="ds.listServersideFunctions_smk_check_results" name="check_results"/>
    <testcase time="0.00700000000006185" classname="ds.listServersideFunctions_smk_check_results" name="check_results"/>
    <testcase time="0.00599999999985812" classname="ds.listServersideFunctions_smk_check_results" name="check_results"/>
    <testcase time="0.00700000000006185" classname="ds.listServersideFunctions_smk_check_results" name="check_results"/>
    <testcase time="0.00599999999985812" classname="ds.listServersideFunctions_smk_check_results" name="check_results"/>
    <testcase time="0.00700000000006185" classname="ds.listServersideFunctions_smk_check_results" name="check_results"/>
    <testcase time="0.00700000000006185" classname="ds.listServersideFunctions_smk_check_results" name="check_results"/>
    <testcase time="0.00700000000006185" classname="ds.listServersideFunctions_smk_check_results" name="check_results"/>
    <testcase time="0.00700000000006185" classname="ds.listServersideFunctions_smk_check_results" name="check_results"/>
    <testcase time="0.00700000000006185" classname="ds.listServersideFunctions_smk_check_results" name="check_results"/>
    <testcase time="0.0069999999996071" classname="ds.listServersideFunctions_smk_check_results" name="check_results"/>
    <testcase time="0.0150000000003274" classname="ds.listServersideFunctions_smk_check_results" name="check_results"/>
    <testcase time="0.00700000000006185" classname="ds.listServersideFunctions_smk_check_results" name="check_results"/>
    <testcase time="0.00599999999985812" classname="ds.listServersideFunctions_smk_check_results" name="check_results"/>
    <testcase time="0.00599999999985812" classname="ds.listServersideFunctions_smk_check_results" name="check_results"/>
    <testcase time="0.00599999999985812" classname="ds.listServersideFunctions_smk_check_results" name="check_results"/>
    <testcase time="0.00600000000031287" classname="ds.listServersideFunctions_smk_check_results" name="check_results"/>
    <testcase time="0.00700000000006185" classname="ds.listServersideFunctions_smk_check_results" name="check_results"/>
    <testcase time="0.00700000000006185" classname="ds.listServersideFunctions_smk_check_results" name="check_results"/>
    <testcase time="0.00599999999985812" classname="ds.listServersideFunctions_smk_check_results" name="check_results"/>
    <testcase time="0.00700000000006185" classname="ds.listServersideFunctions_smk_check_results" name="check_results"/>
    <testcase time="0.00700000000006185" classname="ds.listServersideFunctions_smk_check_results" name="check_results"/>
    <testcase time="0.0069999999996071" classname="ds.listServersideFunctions_smk_check_results" name="check_results"/>
    <testcase time="0.00700000000006185" classname="ds.listServersideFunctions_smk_check_results" name="check_results"/>
    <testcase time="0.00800000000026557" classname="ds.listServersideFunctions_smk_check_results" name="check_results"/>
    <testcase time="0.00599999999985812" classname="ds.listServersideFunctions_smk_check_results" name="check_results"/>
    <testcase time="0.00700000000006185" classname="ds.listServersideFunctions_smk_check_results" name="check_results"/>
    <testcase time="0.00700000000006185" classname="ds.listServersideFunctions_smk_check_results" name="check_results"/>
    <testcase time="0.00700000000006185" classname="ds.listServersideFunctions_smk_check_results" name="check_results"/>
    <testcase time="0.0069999999996071" classname="ds.listServersideFunctions_smk_check_results" name="check_results"/>
    <testcase time="0.00700000000006185" classname="ds.listServersideFunctions_smk_check_results" name="check_results"/>
    <testcase time="0.00800000000026557" classname="ds.listServersideFunctions_smk_check_results" name="check_results"/>
    <testcase time="0.00799999999981083" classname="ds.listServersideFunctions_smk_check_results" name="check_results"/>
    <testcase time="0.00700000000006185" classname="ds.listServersideFunctions_smk_check_results" name="check_results"/>
    <testcase time="0.00799999999981083" classname="ds.listServersideFunctions_smk_check_results" name="check_results"/>
    <testcase time="0.00800000000026557" classname="ds.listServersideFunctions_smk_check_results" name="check_results"/>
    <testcase time="0.00799999999981083" classname="ds.listServersideFunctions_smk_check_results" name="check_results"/>
    <testcase time="0.0140000000001237" classname="ds.listServersideFunctions_smk_check_results" name="check_results"/>
    <testcase time="0.00700000000006185" classname="ds.listServersideFunctions_smk_check_results" name="check_results"/>
    <testcase time="0.00700000000006185" classname="ds.listServersideFunctions_smk_check_results" name="check_results"/>
    <testcase time="0.00599999999985812" classname="ds.listServersideFunctions_smk_check_results" name="check_results"/>
    <testcase time="0.00700000000006185" classname="ds.listServersideFunctions_smk_check_results" name="check_results"/>
    <testcase time="0.00799999999981083" classname="ds.listServersideFunctions_smk_check_results" name="check_results"/>
    <testcase time="0.00700000000006185" classname="ds.listServersideFunctions_smk_check_results" name="check_results"/>
    <testcase time="0.00800000000026557" classname="ds.listServersideFunctions_smk_check_results" name="check_results"/>
    <testcase time="0.0069999999996071" classname="ds.listServersideFunctions_smk_check_results" name="check_results"/>
    <testcase time="0.00600000000031287" classname="ds.listServersideFunctions_smk_check_results" name="check_results"/>
    <testcase time="0.00700000000006185" classname="ds.listServersideFunctions_smk_check_results" name="check_results"/>
    <testcase time="0.00599999999985812" classname="ds.listServersideFunctions_smk_check_results" name="check_results"/>
    <testcase time="0.00799999999981083" classname="ds.listServersideFunctions_smk_check_results" name="check_results"/>
    <testcase time="0.00600000000031287" classname="ds.listServersideFunctions_smk_check_results" name="check_results"/>
    <testcase time="0.00700000000006185" classname="ds.listServersideFunctions_smk_check_results" name="check_results"/>
    <testcase time="0.0069999999996071" classname="ds.listServersideFunctions_smk_check_results" name="check_results"/>
    <testcase time="0.00700000000006185" classname="ds.listServersideFunctions_smk_check_results" name="check_results"/>
    <testcase time="0.00700000000006185" classname="ds.listServersideFunctions_smk_check_results" name="check_results"/>
    <testcase time="0.00599999999985812" classname="ds.listServersideFunctions_smk_check_results" name="check_results"/>
    <testcase time="0.00599999999985812" classname="ds.listServersideFunctions_smk_check_results" name="check_results"/>
    <testcase time="0.00600000000031287" classname="ds.listServersideFunctions_smk_check_results" name="check_results"/>
    <testcase time="0.00799999999981083" classname="ds.listServersideFunctions_smk_check_results" name="check_results"/>
    <testcase time="0.00599999999985812" classname="ds.listServersideFunctions_smk_check_results" name="check_results"/>
    <testcase time="0.00700000000006185" classname="ds.listServersideFunctions_smk_check_results" name="check_results"/>
    <testcase time="0.0160000000000764" classname="ds.listServersideFunctions_smk_check_results" name="check_results"/>
    <testcase time="0.00700000000006185" classname="ds.listServersideFunctions_smk_check_results" name="check_results"/>
    <testcase time="0.00799999999981083" classname="ds.listServersideFunctions_smk_check_results" name="check_results"/>
    <testcase time="0.00700000000006185" classname="ds.listServersideFunctions_smk_check_results" name="check_results"/>
    <testcase time="0.00700000000006185" classname="ds.listServersideFunctions_smk_check_results" name="check_results"/>
    <testcase time="0.00799999999981083" classname="ds.listServersideFunctions_smk_check_results" name="check_results"/>
    <testcase time="0.00700000000006185" classname="ds.listServersideFunctions_smk_check_results" name="check_results"/>
    <testcase time="0.00700000000006185" classname="ds.listServersideFunctions_smk_check_results" name="check_results"/>
    <testcase time="0.00700000000006185" classname="ds.listServersideFunctions_smk_check_results" name="check_results"/>
    <testcase time="0.00599999999985812" classname="ds.listServersideFunctions_smk_check_results" name="check_results"/>
  </testsuite>
  <testsuite name="ds.lmerSLMA::smk::setup phase 1" timestamp="2020-07-01T15:58:52Z" hostname="fv-az29" tests="3" skipped="0" failures="0" errors="0" time="5.513">
    <testcase time="5.50999999999976" classname="ds.lmerSLMA_smk_setup_phase_1" name="setup"/>
    <testcase time="0.00200000000040745" classname="ds.lmerSLMA_smk_setup_phase_1" name="setup"/>
    <testcase time="0.000999999999748979" classname="ds.lmerSLMA_smk_setup_phase_1" name="setup"/>
  </testsuite>
  <testsuite name="ds.lmerSLMA::smk::phase 1" timestamp="2020-07-01T15:58:57Z" hostname="fv-az29" tests="11" skipped="0" failures="0" errors="0" time="15.438">
    <testcase time="2.64800000000014" classname="ds.lmerSLMA_smk_phase_1" name="simple_lmerSLMA"/>
    <testcase time="0.911999999999807" classname="ds.lmerSLMA_smk_phase_1" name="alternative_formulae_for_nested_groups"/>
    <testcase time="0.771999999999935" classname="ds.lmerSLMA_smk_phase_1" name="alternative_formulae_for_nested_groups"/>
    <testcase time="0.700000000000273" classname="ds.lmerSLMA_smk_phase_1" name="alternative_formulae_for_nested_groups"/>
    <testcase time="0.699000000000069" classname="ds.lmerSLMA_smk_phase_1" name="server_side_error"/>
    <testcase time="0.273999999999887" classname="ds.lmerSLMA_smk_phase_1" name="server_side_error"/>
    <testcase time="0.733999999999924" classname="ds.lmerSLMA_smk_phase_1" name="server_side_error"/>
    <testcase time="6.45899999999983" classname="ds.lmerSLMA_smk_phase_1" name="test_offsets_and_weights"/>
    <testcase time="0.718000000000302" classname="ds.lmerSLMA_smk_phase_1" name="test_offsets_and_weights"/>
    <testcase time="0.755000000000109" classname="ds.lmerSLMA_smk_phase_1" name="test_offsets_and_weights"/>
    <testcase time="0.766999999999825" classname="ds.lmerSLMA_smk_phase_1" name="test_offsets_and_weights"/>
  </testsuite>
  <testsuite name="ds.lmerSLMA::smk::shutdown phase 1" timestamp="2020-07-01T15:59:12Z" hostname="fv-az29" tests="3" skipped="0" failures="0" errors="0" time="0.296">
    <testcase time="0.292000000000371" classname="ds.lmerSLMA_smk_shutdown_phase_1" name="shutdown"/>
    <testcase time="0.000999999999748979" classname="ds.lmerSLMA_smk_shutdown_phase_1" name="shutdown"/>
    <testcase time="0.00300000000015643" classname="ds.lmerSLMA_smk_shutdown_phase_1" name="shutdown"/>
  </testsuite>
  <testsuite name="ds.lmerSLMA::smk::setup phase 2" timestamp="2020-07-01T15:59:13Z" hostname="fv-az29" tests="3" skipped="0" failures="0" errors="0" time="5.713">
    <testcase time="5.71000000000004" classname="ds.lmerSLMA_smk_setup_phase_2" name="setup"/>
    <testcase time="0.00199999999995271" classname="ds.lmerSLMA_smk_setup_phase_2" name="setup"/>
    <testcase time="0.000999999999748979" classname="ds.lmerSLMA_smk_setup_phase_2" name="setup"/>
  </testsuite>
  <testsuite name="ds.lmerSLMA::smk::test phase 2" timestamp="2020-07-01T15:59:18Z" hostname="fv-az29" tests="1" skipped="1" failures="0" errors="0" time="0.012">
    <testcase time="0.012000000000171" classname="ds.lmerSLMA_smk_test_phase_2" name="check_slope_formulae">
      <skipped/>
    </testcase>
  </testsuite>
  <testsuite name="ds.lmerSLMA::smk::shutdown phase 2" timestamp="2020-07-01T15:59:18Z" hostname="fv-az29" tests="3" skipped="0" failures="0" errors="0" time="0.288">
    <testcase time="0.284999999999854" classname="ds.lmerSLMA_smk_shutdown_phase_2" name="shutdown"/>
    <testcase time="0.00100000000020373" classname="ds.lmerSLMA_smk_shutdown_phase_2" name="shutdown"/>
    <testcase time="0.00199999999995271" classname="ds.lmerSLMA_smk_shutdown_phase_2" name="shutdown"/>
  </testsuite>
  <testsuite name="ds.lmerSLMA::smk::done" timestamp="2020-07-01T15:59:19Z" hostname="fv-az29" tests="0" skipped="0" failures="0" errors="0" time="0"/>
  <testsuite name="ds.log::smk::setup" timestamp="2020-07-01T15:59:19Z" hostname="fv-az29" tests="3" skipped="0" failures="0" errors="0" time="5.522">
    <testcase time="5.51800000000003" classname="ds.log_smk_setup" name="setup"/>
    <testcase time="0.00199999999995271" classname="ds.log_smk_setup" name="setup"/>
    <testcase time="0.00199999999995271" classname="ds.log_smk_setup" name="setup"/>
  </testsuite>
  <testsuite name="ds.log::smk" timestamp="2020-07-01T15:59:24Z" hostname="fv-az29" tests="30" skipped="0" failures="0" errors="0" time="5.434">
    <testcase time="1.51700000000028" classname="ds.log_smk" name="simple_log"/>
    <testcase time="0.268999999999778" classname="ds.log_smk" name="simple_log"/>
    <testcase time="0.00100000000020373" classname="ds.log_smk" name="simple_log"/>
    <testcase time="0.00199999999995271" classname="ds.log_smk" name="simple_log"/>
    <testcase time="0.000999999999748979" classname="ds.log_smk" name="simple_log"/>
    <testcase time="0.00199999999995271" classname="ds.log_smk" name="simple_log"/>
    <testcase time="0.00100000000020373" classname="ds.log_smk" name="simple_log"/>
    <testcase time="0.00199999999995271" classname="ds.log_smk" name="simple_log"/>
    <testcase time="0.534999999999854" classname="ds.log_smk" name="simple_log"/>
    <testcase time="0.00199999999995271" classname="ds.log_smk" name="simple_log"/>
    <testcase time="0.00100000000020373" classname="ds.log_smk" name="simple_log"/>
    <testcase time="0.00199999999995271" classname="ds.log_smk" name="simple_log"/>
    <testcase time="0.00100000000020373" classname="ds.log_smk" name="simple_log"/>
    <testcase time="0.000999999999748979" classname="ds.log_smk" name="simple_log"/>
    <testcase time="0.00199999999995271" classname="ds.log_smk" name="simple_log"/>
    <testcase time="2.27300000000014" classname="ds.log_smk" name="simple_log"/>
    <testcase time="0.268000000000029" classname="ds.log_smk" name="simple_log"/>
    <testcase time="0.00199999999995271" classname="ds.log_smk" name="simple_log"/>
    <testcase time="0.00199999999995271" classname="ds.log_smk" name="simple_log"/>
    <testcase time="0.00199999999995271" classname="ds.log_smk" name="simple_log"/>
    <testcase time="0.00100000000020373" classname="ds.log_smk" name="simple_log"/>
    <testcase time="0.00199999999995271" classname="ds.log_smk" name="simple_log"/>
    <testcase time="0.00199999999995271" classname="ds.log_smk" name="simple_log"/>
    <testcase time="0.534000000000106" classname="ds.log_smk" name="simple_log"/>
    <testcase time="0.00199999999995271" classname="ds.log_smk" name="simple_log"/>
    <testcase time="0.000999999999748979" classname="ds.log_smk" name="simple_log"/>
    <testcase time="0.00100000000020373" classname="ds.log_smk" name="simple_log"/>
    <testcase time="0.000999999999748979" classname="ds.log_smk" name="simple_log"/>
    <testcase time="0.00199999999995271" classname="ds.log_smk" name="simple_log"/>
    <testcase time="0.00199999999995271" classname="ds.log_smk" name="simple_log"/>
  </testsuite>
  <testsuite name="ds.log::smk::shutdown" timestamp="2020-07-01T15:59:29Z" hostname="fv-az29" tests="3" skipped="0" failures="0" errors="0" time="0.281">
    <testcase time="0.278000000000247" classname="ds.log_smk_shutdown" name="shutdown"/>
    <testcase time="0.000999999999748979" classname="ds.log_smk_shutdown" name="shutdown"/>
    <testcase time="0.00199999999995271" classname="ds.log_smk_shutdown" name="shutdown"/>
  </testsuite>
  <testsuite name="ds.log::smk::done" timestamp="2020-07-01T15:59:30Z" hostname="fv-az29" tests="0" skipped="0" failures="0" errors="0" time="0"/>
  <testsuite name="ds.look::smk::setup" timestamp="2020-07-01T15:59:30Z" hostname="fv-az29" tests="3" skipped="0" failures="0" errors="0" time="5.527">
    <testcase time="5.52500000000009" classname="ds.look_smk_setup" name="setup"/>
    <testcase time="0.00100000000020373" classname="ds.look_smk_setup" name="setup"/>
    <testcase time="0.000999999999748979" classname="ds.look_smk_setup" name="setup"/>
  </testsuite>
  <testsuite name="ds.look::smk" timestamp="2020-07-01T15:59:35Z" hostname="fv-az29" tests="5" skipped="0" failures="0" errors="0" time="0.288">
    <testcase time="0.282000000000153" classname="ds.look_smk" name="simple_look"/>
    <testcase time="0.00100000000020373" classname="ds.look_smk" name="simple_look"/>
    <testcase time="0.00199999999995271" classname="ds.look_smk" name="simple_look"/>
    <testcase time="0.00199999999995271" classname="ds.look_smk" name="simple_look"/>
    <testcase time="0.000999999999748979" classname="ds.look_smk" name="simple_look"/>
  </testsuite>
  <testsuite name="ds.look::smk::shutdown" timestamp="2020-07-01T15:59:35Z" hostname="fv-az29" tests="3" skipped="0" failures="0" errors="0" time="0.288">
    <testcase time="0.285000000000309" classname="ds.look_smk_shutdown" name="shutdown"/>
    <testcase time="0.000999999999748979" classname="ds.look_smk_shutdown" name="shutdown"/>
    <testcase time="0.00199999999995271" classname="ds.look_smk_shutdown" name="shutdown"/>
  </testsuite>
  <testsuite name="ds.look::smk::done" timestamp="2020-07-01T15:59:36Z" hostname="fv-az29" tests="0" skipped="0" failures="0" errors="0" time="0"/>
  <testsuite name="ds.ls::smk::setup" timestamp="2020-07-01T15:59:36Z" hostname="fv-az29" tests="3" skipped="0" failures="0" errors="0" time="5.567">
    <testcase time="5.56400000000031" classname="ds.ls_smk_setup" name="setup"/>
    <testcase time="0.00199999999995271" classname="ds.ls_smk_setup" name="setup"/>
    <testcase time="0.000999999999748979" classname="ds.ls_smk_setup" name="setup"/>
  </testsuite>
  <testsuite name="ds.ls::smk" timestamp="2020-07-01T15:59:41Z" hostname="fv-az29" tests="53" skipped="0" failures="0" errors="0" time="1.467">
    <testcase time="0.271999999999935" classname="ds.ls_smk" name="simple_ls"/>
    <testcase time="0.00199999999995271" classname="ds.ls_smk" name="simple_ls"/>
    <testcase time="0.00100000000020373" classname="ds.ls_smk" name="simple_ls"/>
    <testcase time="0.00100000000020373" classname="ds.ls_smk" name="simple_ls"/>
    <testcase time="0.00199999999995271" classname="ds.ls_smk" name="simple_ls"/>
    <testcase time="0.000999999999748979" classname="ds.ls_smk" name="simple_ls"/>
    <testcase time="0.00100000000020373" classname="ds.ls_smk" name="simple_ls"/>
    <testcase time="0.000999999999748979" classname="ds.ls_smk" name="simple_ls"/>
    <testcase time="0.00199999999995271" classname="ds.ls_smk" name="simple_ls"/>
    <testcase time="0.00100000000020373" classname="ds.ls_smk" name="simple_ls"/>
    <testcase time="0.00199999999995271" classname="ds.ls_smk" name="simple_ls"/>
    <testcase time="0.00100000000020373" classname="ds.ls_smk" name="simple_ls"/>
    <testcase time="0.00199999999995271" classname="ds.ls_smk" name="simple_ls"/>
    <testcase time="0.271999999999935" classname="ds.ls_smk" name="simple_ls_with_envir"/>
    <testcase time="0.00199999999995271" classname="ds.ls_smk" name="simple_ls_with_envir"/>
    <testcase time="0.00199999999995271" classname="ds.ls_smk" name="simple_ls_with_envir"/>
    <testcase time="0.00100000000020373" classname="ds.ls_smk" name="simple_ls_with_envir"/>
    <testcase time="0.00199999999995271" classname="ds.ls_smk" name="simple_ls_with_envir"/>
    <testcase time="0.000999999999748979" classname="ds.ls_smk" name="simple_ls_with_envir"/>
    <testcase time="0.00100000000020373" classname="ds.ls_smk" name="simple_ls_with_envir"/>
    <testcase time="0.00199999999995271" classname="ds.ls_smk" name="simple_ls_with_envir"/>
    <testcase time="0.00100000000020373" classname="ds.ls_smk" name="simple_ls_with_envir"/>
    <testcase time="0.00100000000020373" classname="ds.ls_smk" name="simple_ls_with_envir"/>
    <testcase time="0.27599999999984" classname="ds.ls_smk" name="simple_ls_with_envir_with_wildcard_postfix"/>
    <testcase time="0.00199999999995271" classname="ds.ls_smk" name="simple_ls_with_envir_with_wildcard_postfix"/>
    <testcase time="0.00199999999995271" classname="ds.ls_smk" name="simple_ls_with_envir_with_wildcard_postfix"/>
    <testcase time="0.00199999999995271" classname="ds.ls_smk" name="simple_ls_with_envir_with_wildcard_postfix"/>
    <testcase time="0.00199999999995271" classname="ds.ls_smk" name="simple_ls_with_envir_with_wildcard_postfix"/>
    <testcase time="0.00200000000040745" classname="ds.ls_smk" name="simple_ls_with_envir_with_wildcard_postfix"/>
    <testcase time="0.000999999999748979" classname="ds.ls_smk" name="simple_ls_with_envir_with_wildcard_postfix"/>
    <testcase time="0.00199999999995271" classname="ds.ls_smk" name="simple_ls_with_envir_with_wildcard_postfix"/>
    <testcase time="0.00199999999995271" classname="ds.ls_smk" name="simple_ls_with_envir_with_wildcard_postfix"/>
    <testcase time="0.00199999999995271" classname="ds.ls_smk" name="simple_ls_with_envir_with_wildcard_postfix"/>
    <testcase time="0.285000000000309" classname="ds.ls_smk" name="simple_ls_with_envir_with_wildcard_infix"/>
    <testcase time="0.000999999999748979" classname="ds.ls_smk" name="simple_ls_with_envir_with_wildcard_infix"/>
    <testcase time="0.00199999999995271" classname="ds.ls_smk" name="simple_ls_with_envir_with_wildcard_infix"/>
    <testcase time="0.00300000000015643" classname="ds.ls_smk" name="simple_ls_with_envir_with_wildcard_infix"/>
    <testcase time="0.00100000000020373" classname="ds.ls_smk" name="simple_ls_with_envir_with_wildcard_infix"/>
    <testcase time="0.00299999999970169" classname="ds.ls_smk" name="simple_ls_with_envir_with_wildcard_infix"/>
    <testcase time="0.00199999999995271" classname="ds.ls_smk" name="simple_ls_with_envir_with_wildcard_infix"/>
    <testcase time="0.00199999999995271" classname="ds.ls_smk" name="simple_ls_with_envir_with_wildcard_infix"/>
    <testcase time="0.00200000000040745" classname="ds.ls_smk" name="simple_ls_with_envir_with_wildcard_infix"/>
    <testcase time="0.00199999999995271" classname="ds.ls_smk" name="simple_ls_with_envir_with_wildcard_infix"/>
    <testcase time="0.277000000000044" classname="ds.ls_smk" name="simple_ls_with_envir_with_wildcard_prefix"/>
    <testcase time="0.00199999999995271" classname="ds.ls_smk" name="simple_ls_with_envir_with_wildcard_prefix"/>
    <testcase time="0.00399999999990541" classname="ds.ls_smk" name="simple_ls_with_envir_with_wildcard_prefix"/>
    <testcase time="0.00199999999995271" classname="ds.ls_smk" name="simple_ls_with_envir_with_wildcard_prefix"/>
    <testcase time="0.00300000000015643" classname="ds.ls_smk" name="simple_ls_with_envir_with_wildcard_prefix"/>
    <testcase time="0.00199999999995271" classname="ds.ls_smk" name="simple_ls_with_envir_with_wildcard_prefix"/>
    <testcase time="0.000999999999748979" classname="ds.ls_smk" name="simple_ls_with_envir_with_wildcard_prefix"/>
    <testcase time="0.00199999999995271" classname="ds.ls_smk" name="simple_ls_with_envir_with_wildcard_prefix"/>
    <testcase time="0.00199999999995271" classname="ds.ls_smk" name="simple_ls_with_envir_with_wildcard_prefix"/>
    <testcase time="0.00199999999995271" classname="ds.ls_smk" name="simple_ls_with_envir_with_wildcard_prefix"/>
  </testsuite>
  <testsuite name="ds.ls::smk::shutdown" timestamp="2020-07-01T15:59:43Z" hostname="fv-az29" tests="3" skipped="0" failures="0" errors="0" time="0.282">
    <testcase time="0.2800000000002" classname="ds.ls_smk_shutdown" name="shutdown"/>
    <testcase time="0.00100000000020373" classname="ds.ls_smk_shutdown" name="shutdown"/>
    <testcase time="0.000999999999748979" classname="ds.ls_smk_shutdown" name="shutdown"/>
  </testsuite>
  <testsuite name="ds.ls::smk::done" timestamp="2020-07-01T15:59:44Z" hostname="fv-az29" tests="0" skipped="0" failures="0" errors="0" time="0"/>
  <testsuite name="ds.make::smk::setup" timestamp="2020-07-01T15:59:44Z" hostname="fv-az29" tests="3" skipped="0" failures="0" errors="0" time="5.565">
    <testcase time="5.56200000000035" classname="ds.make_smk_setup" name="setup"/>
    <testcase time="0.00199999999995271" classname="ds.make_smk_setup" name="setup"/>
    <testcase time="0.000999999999748979" classname="ds.make_smk_setup" name="setup"/>
  </testsuite>
  <testsuite name="ds.make::smk" timestamp="2020-07-01T15:59:48Z" hostname="fv-az29" tests="3" skipped="0" failures="0" errors="0" time="0.84">
    <testcase time="0.836999999999989" classname="ds.make_smk" name="simple_make"/>
    <testcase time="0.00199999999995271" classname="ds.make_smk" name="simple_make"/>
    <testcase time="0.00100000000020373" classname="ds.make_smk" name="simple_make"/>
  </testsuite>
  <testsuite name="ds.make::smk::shutdown" timestamp="2020-07-01T15:59:49Z" hostname="fv-az29" tests="3" skipped="0" failures="0" errors="0" time="0.285">
    <testcase time="0.282000000000153" classname="ds.make_smk_shutdown" name="shutdown"/>
    <testcase time="0.000999999999748979" classname="ds.make_smk_shutdown" name="shutdown"/>
    <testcase time="0.00199999999995271" classname="ds.make_smk_shutdown" name="shutdown"/>
  </testsuite>
  <testsuite name="ds.make::smk::done" timestamp="2020-07-01T15:59:50Z" hostname="fv-az29" tests="0" skipped="0" failures="0" errors="0" time="0"/>
  <testsuite name="ds.matrixDet::smk::setup" timestamp="2020-07-01T15:59:50Z" hostname="fv-az29" tests="3" skipped="0" failures="0" errors="0" time="5.493">
    <testcase time="5.49099999999999" classname="ds.matrixDet_smk_setup" name="setup"/>
    <testcase time="0.00100000000020373" classname="ds.matrixDet_smk_setup" name="setup"/>
    <testcase time="0.000999999999748979" classname="ds.matrixDet_smk_setup" name="setup"/>
  </testsuite>
  <testsuite name="ds.matrixDet::smk" timestamp="2020-07-01T15:59:55Z" hostname="fv-az29" tests="7" skipped="0" failures="0" errors="0" time="2.289">
    <testcase time="1.7470000000003" classname="ds.matrixDet_smk" name="simplest_ds.matrixDet"/>
    <testcase time="0.00199999999995271" classname="ds.matrixDet_smk" name="simplest_ds.matrixDet"/>
    <testcase time="0.000999999999748979" classname="ds.matrixDet_smk" name="simplest_ds.matrixDet"/>
    <testcase time="0.534000000000106" classname="ds.matrixDet_smk" name="simplest_ds.matrixDet"/>
    <testcase time="0.00199999999995271" classname="ds.matrixDet_smk" name="simplest_ds.matrixDet"/>
    <testcase time="0.00199999999995271" classname="ds.matrixDet_smk" name="simplest_ds.matrixDet"/>
    <testcase time="0.00100000000020373" classname="ds.matrixDet_smk" name="simplest_ds.matrixDet"/>
  </testsuite>
  <testsuite name="ds.matrixDet::smk::shutdown" timestamp="2020-07-01T15:59:57Z" hostname="fv-az29" tests="3" skipped="0" failures="0" errors="0" time="0.286">
    <testcase time="0.282999999999902" classname="ds.matrixDet_smk_shutdown" name="shutdown"/>
    <testcase time="0.00100000000020373" classname="ds.matrixDet_smk_shutdown" name="shutdown"/>
    <testcase time="0.00199999999995271" classname="ds.matrixDet_smk_shutdown" name="shutdown"/>
  </testsuite>
  <testsuite name="ds.matrixDet::smk::done" timestamp="2020-07-01T15:59:58Z" hostname="fv-az29" tests="0" skipped="0" failures="0" errors="0" time="0"/>
  <testsuite name="ds.matrixDet.report::smk::setup" timestamp="2020-07-01T15:59:58Z" hostname="fv-az29" tests="3" skipped="0" failures="0" errors="0" time="5.623">
    <testcase time="5.61999999999989" classname="ds.matrixDet.report_smk_setup" name="setup"/>
    <testcase time="0.00100000000020373" classname="ds.matrixDet.report_smk_setup" name="setup"/>
    <testcase time="0.00199999999995271" classname="ds.matrixDet.report_smk_setup" name="setup"/>
  </testsuite>
  <testsuite name="ds.matrixDet.report::smk" timestamp="2020-07-01T16:00:03Z" hostname="fv-az29" tests="14" skipped="0" failures="0" errors="0" time="1.116">
    <testcase time="1.08999999999969" classname="ds.matrixDet.report_smk" name="simplest_ds.matrixDet.report"/>
    <testcase time="0.00100000000020373" classname="ds.matrixDet.report_smk" name="simplest_ds.matrixDet.report"/>
    <testcase time="0.00199999999995271" classname="ds.matrixDet.report_smk" name="simplest_ds.matrixDet.report"/>
    <testcase time="0.00100000000020373" classname="ds.matrixDet.report_smk" name="simplest_ds.matrixDet.report"/>
    <testcase time="0.000999999999748979" classname="ds.matrixDet.report_smk" name="simplest_ds.matrixDet.report"/>
    <testcase time="0.00199999999995271" classname="ds.matrixDet.report_smk" name="simplest_ds.matrixDet.report"/>
    <testcase time="0.00100000000020373" classname="ds.matrixDet.report_smk" name="simplest_ds.matrixDet.report"/>
    <testcase time="0.00900000000001455" classname="ds.matrixDet.report_smk" name="simplest_ds.matrixDet.report"/>
    <testcase time="0.00199999999995271" classname="ds.matrixDet.report_smk" name="simplest_ds.matrixDet.report"/>
    <testcase time="0.000999999999748979" classname="ds.matrixDet.report_smk" name="simplest_ds.matrixDet.report"/>
    <testcase time="0.00100000000020373" classname="ds.matrixDet.report_smk" name="simplest_ds.matrixDet.report"/>
    <testcase time="0.000999999999748979" classname="ds.matrixDet.report_smk" name="simplest_ds.matrixDet.report"/>
    <testcase time="0.00200000000040745" classname="ds.matrixDet.report_smk" name="simplest_ds.matrixDet.report"/>
    <testcase time="0.00199999999995271" classname="ds.matrixDet.report_smk" name="simplest_ds.matrixDet.report"/>
  </testsuite>
  <testsuite name="ds.matrixDet.report::smk::shutdown" timestamp="2020-07-01T16:00:04Z" hostname="fv-az29" tests="3" skipped="0" failures="0" errors="0" time="0.281">
    <testcase time="0.277999999999793" classname="ds.matrixDet.report_smk_shutdown" name="shutdown"/>
    <testcase time="0.00100000000020373" classname="ds.matrixDet.report_smk_shutdown" name="shutdown"/>
    <testcase time="0.00199999999995271" classname="ds.matrixDet.report_smk_shutdown" name="shutdown"/>
  </testsuite>
  <testsuite name="ds.matrixDet.report::smk::done" timestamp="2020-07-01T16:00:05Z" hostname="fv-az29" tests="0" skipped="0" failures="0" errors="0" time="0"/>
  <testsuite name="ds.matrixDiag::smk::setup" timestamp="2020-07-01T16:00:05Z" hostname="fv-az29" tests="3" skipped="0" failures="0" errors="0" time="5.556">
    <testcase time="5.55400000000009" classname="ds.matrixDiag_smk_setup" name="setup"/>
    <testcase time="0.000999999999748979" classname="ds.matrixDiag_smk_setup" name="setup"/>
    <testcase time="0.00100000000020373" classname="ds.matrixDiag_smk_setup" name="setup"/>
  </testsuite>
  <testsuite name="ds.matrixDiag::smk" timestamp="2020-07-01T16:00:10Z" hostname="fv-az29" tests="7" skipped="0" failures="0" errors="0" time="1.418">
    <testcase time="0.873999999999796" classname="ds.matrixDiag_smk" name="simplest_ds.matrixDiag"/>
    <testcase time="0.00100000000020373" classname="ds.matrixDiag_smk" name="simplest_ds.matrixDiag"/>
    <testcase time="0.000999999999748979" classname="ds.matrixDiag_smk" name="simplest_ds.matrixDiag"/>
    <testcase time="0.537000000000262" classname="ds.matrixDiag_smk" name="simplest_ds.matrixDiag"/>
    <testcase time="0.00199999999995271" classname="ds.matrixDiag_smk" name="simplest_ds.matrixDiag"/>
    <testcase time="0.00199999999995271" classname="ds.matrixDiag_smk" name="simplest_ds.matrixDiag"/>
    <testcase time="0.000999999999748979" classname="ds.matrixDiag_smk" name="simplest_ds.matrixDiag"/>
  </testsuite>
  <testsuite name="ds.matrixDiag::smk" timestamp="2020-07-01T16:00:12Z" hostname="fv-az29" tests="7" skipped="0" failures="0" errors="0" time="1.373">
    <testcase time="0.82300000000032" classname="ds.matrixDiag_smk" name="simplest_ds.matrixDiag"/>
    <testcase time="0.00199999999995271" classname="ds.matrixDiag_smk" name="simplest_ds.matrixDiag"/>
    <testcase time="0.000999999999748979" classname="ds.matrixDiag_smk" name="simplest_ds.matrixDiag"/>
    <testcase time="0.542000000000371" classname="ds.matrixDiag_smk" name="simplest_ds.matrixDiag"/>
    <testcase time="0.00100000000020373" classname="ds.matrixDiag_smk" name="simplest_ds.matrixDiag"/>
    <testcase time="0.00199999999995271" classname="ds.matrixDiag_smk" name="simplest_ds.matrixDiag"/>
    <testcase time="0.00199999999995271" classname="ds.matrixDiag_smk" name="simplest_ds.matrixDiag"/>
  </testsuite>
  <testsuite name="ds.matrixDiag::smk::shutdown" timestamp="2020-07-01T16:00:13Z" hostname="fv-az29" tests="3" skipped="0" failures="0" errors="0" time="0.287">
    <testcase time="0.284000000000106" classname="ds.matrixDiag_smk_shutdown" name="shutdown"/>
    <testcase time="0.00199999999995271" classname="ds.matrixDiag_smk_shutdown" name="shutdown"/>
    <testcase time="0.000999999999748979" classname="ds.matrixDiag_smk_shutdown" name="shutdown"/>
  </testsuite>
  <testsuite name="ds.matrixDiag::smk::done" timestamp="2020-07-01T16:00:14Z" hostname="fv-az29" tests="0" skipped="0" failures="0" errors="0" time="0"/>
  <testsuite name="ds.matrixDimnames::smk::setup" timestamp="2020-07-01T16:00:14Z" hostname="fv-az29" tests="3" skipped="0" failures="0" errors="0" time="5.513">
    <testcase time="5.51000000000022" classname="ds.matrixDimnames_smk_setup" name="setup"/>
    <testcase time="0.000999999999748979" classname="ds.matrixDimnames_smk_setup" name="setup"/>
    <testcase time="0.00199999999995271" classname="ds.matrixDimnames_smk_setup" name="setup"/>
  </testsuite>
  <testsuite name="ds.matrixDimnames::smk" timestamp="2020-07-01T16:00:19Z" hostname="fv-az29" tests="7" skipped="0" failures="0" errors="0" time="2.214">
    <testcase time="1.67600000000039" classname="ds.matrixDimnames_smk" name="simplest_ds.matrixDimnames"/>
    <testcase time="0.00199999999995271" classname="ds.matrixDimnames_smk" name="simplest_ds.matrixDimnames"/>
    <testcase time="0.000999999999748979" classname="ds.matrixDimnames_smk" name="simplest_ds.matrixDimnames"/>
    <testcase time="0.530999999999949" classname="ds.matrixDimnames_smk" name="simplest_ds.matrixDimnames"/>
    <testcase time="0.00100000000020373" classname="ds.matrixDimnames_smk" name="simplest_ds.matrixDimnames"/>
    <testcase time="0.00199999999995271" classname="ds.matrixDimnames_smk" name="simplest_ds.matrixDimnames"/>
    <testcase time="0.00100000000020373" classname="ds.matrixDimnames_smk" name="simplest_ds.matrixDimnames"/>
  </testsuite>
  <testsuite name="ds.matrixDimnames::smk::shutdown" timestamp="2020-07-01T16:00:21Z" hostname="fv-az29" tests="3" skipped="0" failures="0" errors="0" time="0.284">
    <testcase time="0.279999999999745" classname="ds.matrixDimnames_smk_shutdown" name="shutdown"/>
    <testcase time="0.00199999999995271" classname="ds.matrixDimnames_smk_shutdown" name="shutdown"/>
    <testcase time="0.00199999999995271" classname="ds.matrixDimnames_smk_shutdown" name="shutdown"/>
  </testsuite>
  <testsuite name="ds.matrixDimnames::smk::done" timestamp="2020-07-01T16:00:22Z" hostname="fv-az29" tests="0" skipped="0" failures="0" errors="0" time="0"/>
  <testsuite name="ds.matrixInvert::smk::setup" timestamp="2020-07-01T16:00:22Z" hostname="fv-az29" tests="3" skipped="0" failures="0" errors="0" time="5.598">
    <testcase time="5.596" classname="ds.matrixInvert_smk_setup" name="setup"/>
    <testcase time="0.00100000000020373" classname="ds.matrixInvert_smk_setup" name="setup"/>
    <testcase time="0.000999999999748979" classname="ds.matrixInvert_smk_setup" name="setup"/>
  </testsuite>
  <testsuite name="ds.matrixInvert::smk" timestamp="2020-07-01T16:00:27Z" hostname="fv-az29" tests="7" skipped="0" failures="0" errors="0" time="2.212">
    <testcase time="1.67500000000018" classname="ds.matrixInvert_smk" name="simplest_ds.matrixInvert"/>
    <testcase time="0.00199999999995271" classname="ds.matrixInvert_smk" name="simplest_ds.matrixInvert"/>
    <testcase time="0.00100000000020373" classname="ds.matrixInvert_smk" name="simplest_ds.matrixInvert"/>
    <testcase time="0.528999999999996" classname="ds.matrixInvert_smk" name="simplest_ds.matrixInvert"/>
    <testcase time="0.00199999999995271" classname="ds.matrixInvert_smk" name="simplest_ds.matrixInvert"/>
    <testcase time="0.00199999999995271" classname="ds.matrixInvert_smk" name="simplest_ds.matrixInvert"/>
    <testcase time="0.00100000000020373" classname="ds.matrixInvert_smk" name="simplest_ds.matrixInvert"/>
  </testsuite>
  <testsuite name="ds.matrixInvert::smk::shutdown" timestamp="2020-07-01T16:00:29Z" hostname="fv-az29" tests="3" skipped="0" failures="0" errors="0" time="0.287">
    <testcase time="0.284999999999854" classname="ds.matrixInvert_smk_shutdown" name="shutdown"/>
    <testcase time="0.000999999999748979" classname="ds.matrixInvert_smk_shutdown" name="shutdown"/>
    <testcase time="0.00100000000020373" classname="ds.matrixInvert_smk_shutdown" name="shutdown"/>
  </testsuite>
  <testsuite name="ds.matrixInvert::smk::done" timestamp="2020-07-01T16:00:30Z" hostname="fv-az29" tests="0" skipped="0" failures="0" errors="0" time="0"/>
  <testsuite name="ds.matrixMult::smk::setup" timestamp="2020-07-01T16:00:30Z" hostname="fv-az29" tests="3" skipped="0" failures="0" errors="0" time="5.562">
    <testcase time="5.5590000000002" classname="ds.matrixMult_smk_setup" name="setup"/>
    <testcase time="0.000999999999748979" classname="ds.matrixMult_smk_setup" name="setup"/>
    <testcase time="0.00199999999995271" classname="ds.matrixMult_smk_setup" name="setup"/>
  </testsuite>
  <testsuite name="ds.matrixMult::smk" timestamp="2020-07-01T16:00:35Z" hostname="fv-az29" tests="7" skipped="0" failures="0" errors="0" time="3.03">
    <testcase time="2.48199999999997" classname="ds.matrixMult_smk" name="simplest_ds.matrixMult"/>
    <testcase time="0.00100000000020373" classname="ds.matrixMult_smk" name="simplest_ds.matrixMult"/>
    <testcase time="0.000999999999748979" classname="ds.matrixMult_smk" name="simplest_ds.matrixMult"/>
    <testcase time="0.542000000000371" classname="ds.matrixMult_smk" name="simplest_ds.matrixMult"/>
    <testcase time="0.000999999999748979" classname="ds.matrixMult_smk" name="simplest_ds.matrixMult"/>
    <testcase time="0.00199999999995271" classname="ds.matrixMult_smk" name="simplest_ds.matrixMult"/>
    <testcase time="0.00100000000020373" classname="ds.matrixMult_smk" name="simplest_ds.matrixMult"/>
  </testsuite>
  <testsuite name="ds.matrixMult::smk::shutdown" timestamp="2020-07-01T16:00:38Z" hostname="fv-az29" tests="3" skipped="0" failures="0" errors="0" time="0.291">
    <testcase time="0.288000000000011" classname="ds.matrixMult_smk_shutdown" name="shutdown"/>
    <testcase time="0.00199999999995271" classname="ds.matrixMult_smk_shutdown" name="shutdown"/>
    <testcase time="0.000999999999748979" classname="ds.matrixMult_smk_shutdown" name="shutdown"/>
  </testsuite>
  <testsuite name="ds.matrixMult::smk::done" timestamp="2020-07-01T16:00:39Z" hostname="fv-az29" tests="0" skipped="0" failures="0" errors="0" time="0"/>
  <testsuite name="ds.matrix::smk::setup" timestamp="2020-07-01T16:00:39Z" hostname="fv-az29" tests="3" skipped="0" failures="0" errors="0" time="5.566">
    <testcase time="5.5630000000001" classname="ds.matrix_smk_setup" name="setup"/>
    <testcase time="0.00199999999995271" classname="ds.matrix_smk_setup" name="setup"/>
    <testcase time="0.00100000000020373" classname="ds.matrix_smk_setup" name="setup"/>
  </testsuite>
  <testsuite name="ds.matrix::smk" timestamp="2020-07-01T16:00:44Z" hostname="fv-az29" tests="7" skipped="0" failures="0" errors="0" time="1.364">
    <testcase time="0.807999999999993" classname="ds.matrix_smk" name="simplest_ds.matrix"/>
    <testcase time="0.00199999999995271" classname="ds.matrix_smk" name="simplest_ds.matrix"/>
    <testcase time="0.000999999999748979" classname="ds.matrix_smk" name="simplest_ds.matrix"/>
    <testcase time="0.549000000000433" classname="ds.matrix_smk" name="simplest_ds.matrix"/>
    <testcase time="0.000999999999748979" classname="ds.matrix_smk" name="simplest_ds.matrix"/>
    <testcase time="0.00100000000020373" classname="ds.matrix_smk" name="simplest_ds.matrix"/>
    <testcase time="0.00199999999995271" classname="ds.matrix_smk" name="simplest_ds.matrix"/>
  </testsuite>
  <testsuite name="ds.matrix::smk::shutdown" timestamp="2020-07-01T16:00:45Z" hostname="fv-az29" tests="3" skipped="0" failures="0" errors="0" time="0.288">
    <testcase time="0.284999999999854" classname="ds.matrix_smk_shutdown" name="shutdown"/>
    <testcase time="0.00100000000020373" classname="ds.matrix_smk_shutdown" name="shutdown"/>
    <testcase time="0.00199999999995271" classname="ds.matrix_smk_shutdown" name="shutdown"/>
  </testsuite>
  <testsuite name="ds.matrix::smk::done" timestamp="2020-07-01T16:00:46Z" hostname="fv-az29" tests="0" skipped="0" failures="0" errors="0" time="0"/>
  <testsuite name="ds.matrixTranspose::smk::setup" timestamp="2020-07-01T16:00:46Z" hostname="fv-az29" tests="3" skipped="0" failures="0" errors="0" time="5.509">
    <testcase time="5.50599999999986" classname="ds.matrixTranspose_smk_setup" name="setup"/>
    <testcase time="0.00199999999995271" classname="ds.matrixTranspose_smk_setup" name="setup"/>
    <testcase time="0.00100000000020373" classname="ds.matrixTranspose_smk_setup" name="setup"/>
  </testsuite>
  <testsuite name="ds.matrixTranspose::smk" timestamp="2020-07-01T16:00:51Z" hostname="fv-az29" tests="7" skipped="0" failures="0" errors="0" time="2.226">
    <testcase time="1.67799999999988" classname="ds.matrixTranspose_smk" name="simplest_ds.matrixTranspose"/>
    <testcase time="0.000999999999748979" classname="ds.matrixTranspose_smk" name="simplest_ds.matrixTranspose"/>
    <testcase time="0.00100000000020373" classname="ds.matrixTranspose_smk" name="simplest_ds.matrixTranspose"/>
    <testcase time="0.541999999999916" classname="ds.matrixTranspose_smk" name="simplest_ds.matrixTranspose"/>
    <testcase time="0.00100000000020373" classname="ds.matrixTranspose_smk" name="simplest_ds.matrixTranspose"/>
    <testcase time="0.00199999999995271" classname="ds.matrixTranspose_smk" name="simplest_ds.matrixTranspose"/>
    <testcase time="0.000999999999748979" classname="ds.matrixTranspose_smk" name="simplest_ds.matrixTranspose"/>
  </testsuite>
  <testsuite name="ds.matrixTranspose::smk::shutdown" timestamp="2020-07-01T16:00:53Z" hostname="fv-az29" tests="3" skipped="0" failures="0" errors="0" time="0.283">
    <testcase time="0.278999999999996" classname="ds.matrixTranspose_smk_shutdown" name="shutdown"/>
    <testcase time="0.00200000000040745" classname="ds.matrixTranspose_smk_shutdown" name="shutdown"/>
    <testcase time="0.00199999999995271" classname="ds.matrixTranspose_smk_shutdown" name="shutdown"/>
  </testsuite>
  <testsuite name="ds.matrixTranspose::smk::done" timestamp="2020-07-01T16:00:54Z" hostname="fv-az29" tests="0" skipped="0" failures="0" errors="0" time="0"/>
  <testsuite name="ds.meanByClass::smk::setup" timestamp="2020-07-01T16:00:54Z" hostname="fv-az29" tests="3" skipped="0" failures="0" errors="0" time="5.54">
    <testcase time="5.53699999999981" classname="ds.meanByClass_smk_setup" name="setup"/>
    <testcase time="0.00100000000020373" classname="ds.meanByClass_smk_setup" name="setup"/>
    <testcase time="0.00199999999995271" classname="ds.meanByClass_smk_setup" name="setup"/>
  </testsuite>
  <testsuite name="ds.meanByClass::smk::LAB_TSC across PM_BMI_CATEGORICAL categories where both vectors are 'loose'" timestamp="2020-07-01T16:00:59Z" hostname="fv-az29" tests="1" skipped="1" failures="0" errors="0" time="1.09">
    <testcase time="1.08999999999969" classname="ds.meanByClass_smk_LAB_TSC_across_PM_BMI_CATEGORICAL_categories_where_both_vectors_are_loose_" name="LAB_TSC_across_">
      <skipped/>
    </testcase>
  </testsuite>
  <testsuite name="ds.meanByClass::smk::calculate the mean proportion for LAB_HDL across PM_BMI_CATEGORICAL categories" timestamp="2020-07-01T16:01:00Z" hostname="fv-az29" tests="7" skipped="0" failures="0" errors="0" time="7.374">
    <testcase time="7.36400000000003" classname="ds.meanByClass_smk_calculate_the_mean_proportion_for_LAB_HDL_across_PM_BMI_CATEGORICAL_categories" name="LAB_HDL_across_PM_BMI_CATEGORICAL"/>
    <testcase time="0.00199999999995271" classname="ds.meanByClass_smk_calculate_the_mean_proportion_for_LAB_HDL_across_PM_BMI_CATEGORICAL_categories" name="LAB_HDL_across_PM_BMI_CATEGORICAL"/>
    <testcase time="0.00100000000020373" classname="ds.meanByClass_smk_calculate_the_mean_proportion_for_LAB_HDL_across_PM_BMI_CATEGORICAL_categories" name="LAB_HDL_across_PM_BMI_CATEGORICAL"/>
    <testcase time="0.00199999999995271" classname="ds.meanByClass_smk_calculate_the_mean_proportion_for_LAB_HDL_across_PM_BMI_CATEGORICAL_categories" name="LAB_HDL_across_PM_BMI_CATEGORICAL"/>
    <testcase time="0.00199999999995271" classname="ds.meanByClass_smk_calculate_the_mean_proportion_for_LAB_HDL_across_PM_BMI_CATEGORICAL_categories" name="LAB_HDL_across_PM_BMI_CATEGORICAL"/>
    <testcase time="0.00199999999995271" classname="ds.meanByClass_smk_calculate_the_mean_proportion_for_LAB_HDL_across_PM_BMI_CATEGORICAL_categories" name="LAB_HDL_across_PM_BMI_CATEGORICAL"/>
    <testcase time="0.00100000000020373" classname="ds.meanByClass_smk_calculate_the_mean_proportion_for_LAB_HDL_across_PM_BMI_CATEGORICAL_categories" name="LAB_HDL_across_PM_BMI_CATEGORICAL"/>
  </testsuite>
  <testsuite name="ds.meanByClass::smk::calculate the mean proportion for LAB_HDL &amp; LAB_TSC across bmi categories" timestamp="2020-07-01T16:01:08Z" hostname="fv-az29" tests="13" skipped="0" failures="0" errors="0" time="9.915">
    <testcase time="9.89699999999993" classname="ds.meanByClass_smk_calculate_the_mean_proportion_for_LAB_HDL_LAB_TSC_across_bmi_categories" name="LAB_HDL_LAB_TSC_across_PM_BMI_CATEGORICAL"/>
    <testcase time="0.00100000000020373" classname="ds.meanByClass_smk_calculate_the_mean_proportion_for_LAB_HDL_LAB_TSC_across_bmi_categories" name="LAB_HDL_LAB_TSC_across_PM_BMI_CATEGORICAL"/>
    <testcase time="0.000999999999748979" classname="ds.meanByClass_smk_calculate_the_mean_proportion_for_LAB_HDL_LAB_TSC_across_bmi_categories" name="LAB_HDL_LAB_TSC_across_PM_BMI_CATEGORICAL"/>
    <testcase time="0.00199999999995271" classname="ds.meanByClass_smk_calculate_the_mean_proportion_for_LAB_HDL_LAB_TSC_across_bmi_categories" name="LAB_HDL_LAB_TSC_across_PM_BMI_CATEGORICAL"/>
    <testcase time="0.00199999999995271" classname="ds.meanByClass_smk_calculate_the_mean_proportion_for_LAB_HDL_LAB_TSC_across_bmi_categories" name="LAB_HDL_LAB_TSC_across_PM_BMI_CATEGORICAL"/>
    <testcase time="0.00100000000020373" classname="ds.meanByClass_smk_calculate_the_mean_proportion_for_LAB_HDL_LAB_TSC_across_bmi_categories" name="LAB_HDL_LAB_TSC_across_PM_BMI_CATEGORICAL"/>
    <testcase time="0.000999999999748979" classname="ds.meanByClass_smk_calculate_the_mean_proportion_for_LAB_HDL_LAB_TSC_across_bmi_categories" name="LAB_HDL_LAB_TSC_across_PM_BMI_CATEGORICAL"/>
    <testcase time="0.00200000000040745" classname="ds.meanByClass_smk_calculate_the_mean_proportion_for_LAB_HDL_LAB_TSC_across_bmi_categories" name="LAB_HDL_LAB_TSC_across_PM_BMI_CATEGORICAL"/>
    <testcase time="0.000999999999748979" classname="ds.meanByClass_smk_calculate_the_mean_proportion_for_LAB_HDL_LAB_TSC_across_bmi_categories" name="LAB_HDL_LAB_TSC_across_PM_BMI_CATEGORICAL"/>
    <testcase time="0.00199999999995271" classname="ds.meanByClass_smk_calculate_the_mean_proportion_for_LAB_HDL_LAB_TSC_across_bmi_categories" name="LAB_HDL_LAB_TSC_across_PM_BMI_CATEGORICAL"/>
    <testcase time="0.00199999999995271" classname="ds.meanByClass_smk_calculate_the_mean_proportion_for_LAB_HDL_LAB_TSC_across_bmi_categories" name="LAB_HDL_LAB_TSC_across_PM_BMI_CATEGORICAL"/>
    <testcase time="0.00100000000020373" classname="ds.meanByClass_smk_calculate_the_mean_proportion_for_LAB_HDL_LAB_TSC_across_bmi_categories" name="LAB_HDL_LAB_TSC_across_PM_BMI_CATEGORICAL"/>
    <testcase time="0.00199999999995271" classname="ds.meanByClass_smk_calculate_the_mean_proportion_for_LAB_HDL_LAB_TSC_across_bmi_categories" name="LAB_HDL_LAB_TSC_across_PM_BMI_CATEGORICAL"/>
  </testsuite>
  <testsuite name="ds.meanByClass::smk::calculate the mean proportion for LAB_HDL across PM_BMI_CATEGORICAL categories, split" timestamp="2020-07-01T16:01:17Z" hostname="fv-az29" tests="22" skipped="0" failures="0" errors="0" time="11.235">
    <testcase time="11.1999999999998" classname="ds.meanByClass_smk_calculate_the_mean_proportion_for_LAB_HDL_across_PM_BMI_CATEGORICAL_categories_split" name="LAB_HDL_across_PM_BMI_CATEGORICAL"/>
    <testcase time="0.00100000000020373" classname="ds.meanByClass_smk_calculate_the_mean_proportion_for_LAB_HDL_across_PM_BMI_CATEGORICAL_categories_split" name="LAB_HDL_across_PM_BMI_CATEGORICAL"/>
    <testcase time="0.00199999999995271" classname="ds.meanByClass_smk_calculate_the_mean_proportion_for_LAB_HDL_across_PM_BMI_CATEGORICAL_categories_split" name="LAB_HDL_across_PM_BMI_CATEGORICAL"/>
    <testcase time="0.00100000000020373" classname="ds.meanByClass_smk_calculate_the_mean_proportion_for_LAB_HDL_across_PM_BMI_CATEGORICAL_categories_split" name="LAB_HDL_across_PM_BMI_CATEGORICAL"/>
    <testcase time="0.00199999999995271" classname="ds.meanByClass_smk_calculate_the_mean_proportion_for_LAB_HDL_across_PM_BMI_CATEGORICAL_categories_split" name="LAB_HDL_across_PM_BMI_CATEGORICAL"/>
    <testcase time="0.000999999999748979" classname="ds.meanByClass_smk_calculate_the_mean_proportion_for_LAB_HDL_across_PM_BMI_CATEGORICAL_categories_split" name="LAB_HDL_across_PM_BMI_CATEGORICAL"/>
    <testcase time="0.00100000000020373" classname="ds.meanByClass_smk_calculate_the_mean_proportion_for_LAB_HDL_across_PM_BMI_CATEGORICAL_categories_split" name="LAB_HDL_across_PM_BMI_CATEGORICAL"/>
    <testcase time="0.00199999999995271" classname="ds.meanByClass_smk_calculate_the_mean_proportion_for_LAB_HDL_across_PM_BMI_CATEGORICAL_categories_split" name="LAB_HDL_across_PM_BMI_CATEGORICAL"/>
    <testcase time="0.000999999999748979" classname="ds.meanByClass_smk_calculate_the_mean_proportion_for_LAB_HDL_across_PM_BMI_CATEGORICAL_categories_split" name="LAB_HDL_across_PM_BMI_CATEGORICAL"/>
    <testcase time="0.00199999999995271" classname="ds.meanByClass_smk_calculate_the_mean_proportion_for_LAB_HDL_across_PM_BMI_CATEGORICAL_categories_split" name="LAB_HDL_across_PM_BMI_CATEGORICAL"/>
    <testcase time="0.00100000000020373" classname="ds.meanByClass_smk_calculate_the_mean_proportion_for_LAB_HDL_across_PM_BMI_CATEGORICAL_categories_split" name="LAB_HDL_across_PM_BMI_CATEGORICAL"/>
    <testcase time="0.00100000000020373" classname="ds.meanByClass_smk_calculate_the_mean_proportion_for_LAB_HDL_across_PM_BMI_CATEGORICAL_categories_split" name="LAB_HDL_across_PM_BMI_CATEGORICAL"/>
    <testcase time="0.00199999999995271" classname="ds.meanByClass_smk_calculate_the_mean_proportion_for_LAB_HDL_across_PM_BMI_CATEGORICAL_categories_split" name="LAB_HDL_across_PM_BMI_CATEGORICAL"/>
    <testcase time="0.00199999999995271" classname="ds.meanByClass_smk_calculate_the_mean_proportion_for_LAB_HDL_across_PM_BMI_CATEGORICAL_categories_split" name="LAB_HDL_across_PM_BMI_CATEGORICAL"/>
    <testcase time="0.00299999999970169" classname="ds.meanByClass_smk_calculate_the_mean_proportion_for_LAB_HDL_across_PM_BMI_CATEGORICAL_categories_split" name="LAB_HDL_across_PM_BMI_CATEGORICAL"/>
    <testcase time="0.00200000000040745" classname="ds.meanByClass_smk_calculate_the_mean_proportion_for_LAB_HDL_across_PM_BMI_CATEGORICAL_categories_split" name="LAB_HDL_across_PM_BMI_CATEGORICAL"/>
    <testcase time="0.000999999999748979" classname="ds.meanByClass_smk_calculate_the_mean_proportion_for_LAB_HDL_across_PM_BMI_CATEGORICAL_categories_split" name="LAB_HDL_across_PM_BMI_CATEGORICAL"/>
    <testcase time="0.00199999999995271" classname="ds.meanByClass_smk_calculate_the_mean_proportion_for_LAB_HDL_across_PM_BMI_CATEGORICAL_categories_split" name="LAB_HDL_across_PM_BMI_CATEGORICAL"/>
    <testcase time="0.00100000000020373" classname="ds.meanByClass_smk_calculate_the_mean_proportion_for_LAB_HDL_across_PM_BMI_CATEGORICAL_categories_split" name="LAB_HDL_across_PM_BMI_CATEGORICAL"/>
    <testcase time="0.00199999999995271" classname="ds.meanByClass_smk_calculate_the_mean_proportion_for_LAB_HDL_across_PM_BMI_CATEGORICAL_categories_split" name="LAB_HDL_across_PM_BMI_CATEGORICAL"/>
    <testcase time="0.00199999999995271" classname="ds.meanByClass_smk_calculate_the_mean_proportion_for_LAB_HDL_across_PM_BMI_CATEGORICAL_categories_split" name="LAB_HDL_across_PM_BMI_CATEGORICAL"/>
    <testcase time="0.00300000000015643" classname="ds.meanByClass_smk_calculate_the_mean_proportion_for_LAB_HDL_across_PM_BMI_CATEGORICAL_categories_split" name="LAB_HDL_across_PM_BMI_CATEGORICAL"/>
  </testsuite>
  <testsuite name="ds.meanByClass::smk::shutdown" timestamp="2020-07-01T16:01:29Z" hostname="fv-az29" tests="3" skipped="0" failures="0" errors="0" time="0.288">
    <testcase time="0.286000000000058" classname="ds.meanByClass_smk_shutdown" name="shutdown"/>
    <testcase time="0.000999999999748979" classname="ds.meanByClass_smk_shutdown" name="shutdown"/>
    <testcase time="0.00100000000020373" classname="ds.meanByClass_smk_shutdown" name="shutdown"/>
  </testsuite>
  <testsuite name="ds.meanByClass::smk::done" timestamp="2020-07-01T16:01:30Z" hostname="fv-az29" tests="0" skipped="0" failures="0" errors="0" time="0"/>
  <testsuite name="ds.mean::smk::setup" timestamp="2020-07-01T16:01:30Z" hostname="fv-az29" tests="3" skipped="0" failures="0" errors="0" time="5.562">
    <testcase time="5.55899999999974" classname="ds.mean_smk_setup" name="setup"/>
    <testcase time="0.00199999999995271" classname="ds.mean_smk_setup" name="setup"/>
    <testcase time="0.00100000000020373" classname="ds.mean_smk_setup" name="setup"/>
  </testsuite>
  <testsuite name="ds.mean::smk::type=combine" timestamp="2020-07-01T16:01:35Z" hostname="fv-az29" tests="23" skipped="0" failures="0" errors="0" time="1.685">
    <testcase time="1.38499999999976" classname="ds.mean_smk_type_combine" name="mean_values_combine_"/>
    <testcase time="0.00100000000020373" classname="ds.mean_smk_type_combine" name="mean_values_combine_"/>
    <testcase time="0.00199999999995271" classname="ds.mean_smk_type_combine" name="mean_values_combine_"/>
    <testcase time="0.00199999999995271" classname="ds.mean_smk_type_combine" name="mean_values_combine_"/>
    <testcase time="0.00100000000020373" classname="ds.mean_smk_type_combine" name="mean_values_combine_"/>
    <testcase time="0.000999999999748979" classname="ds.mean_smk_type_combine" name="mean_values_combine_"/>
    <testcase time="0.00199999999995271" classname="ds.mean_smk_type_combine" name="mean_values_combine_"/>
    <testcase time="0.00100000000020373" classname="ds.mean_smk_type_combine" name="mean_values_combine_"/>
    <testcase time="0.000999999999748979" classname="ds.mean_smk_type_combine" name="mean_values_combine_"/>
    <testcase time="0.00200000000040745" classname="ds.mean_smk_type_combine" name="mean_values_combine_"/>
    <testcase time="0.00199999999995271" classname="ds.mean_smk_type_combine" name="mean_values_combine_"/>
    <testcase time="0.268999999999778" classname="ds.mean_smk_type_combine" name="mean_values_combine_"/>
    <testcase time="0.00100000000020373" classname="ds.mean_smk_type_combine" name="mean_values_combine_"/>
    <testcase time="0.00199999999995271" classname="ds.mean_smk_type_combine" name="mean_values_combine_"/>
    <testcase time="0.000999999999748979" classname="ds.mean_smk_type_combine" name="mean_values_combine_"/>
    <testcase time="0.00100000000020373" classname="ds.mean_smk_type_combine" name="mean_values_combine_"/>
    <testcase time="0.00199999999995271" classname="ds.mean_smk_type_combine" name="mean_values_combine_"/>
    <testcase time="0.00100000000020373" classname="ds.mean_smk_type_combine" name="mean_values_combine_"/>
    <testcase time="0.00199999999995271" classname="ds.mean_smk_type_combine" name="mean_values_combine_"/>
    <testcase time="0.000999999999748979" classname="ds.mean_smk_type_combine" name="mean_values_combine_"/>
    <testcase time="0.00199999999995271" classname="ds.mean_smk_type_combine" name="mean_values_combine_"/>
    <testcase time="0.00199999999995271" classname="ds.mean_smk_type_combine" name="mean_values_combine_"/>
    <testcase time="0.00100000000020373" classname="ds.mean_smk_type_combine" name="mean_values_combine_"/>
  </testsuite>
  <testsuite name="ds.mean::smk::type=split" timestamp="2020-07-01T16:01:36Z" hostname="fv-az29" tests="31" skipped="0" failures="0" errors="0" time="1.671">
    <testcase time="1.3420000000001" classname="ds.mean_smk_type_split" name="mean_values_split_"/>
    <testcase time="0.00199999999995271" classname="ds.mean_smk_type_split" name="mean_values_split_"/>
    <testcase time="0.000999999999748979" classname="ds.mean_smk_type_split" name="mean_values_split_"/>
    <testcase time="0.00200000000040745" classname="ds.mean_smk_type_split" name="mean_values_split_"/>
    <testcase time="0.000999999999748979" classname="ds.mean_smk_type_split" name="mean_values_split_"/>
    <testcase time="0.00199999999995271" classname="ds.mean_smk_type_split" name="mean_values_split_"/>
    <testcase time="0.00100000000020373" classname="ds.mean_smk_type_split" name="mean_values_split_"/>
    <testcase time="0.00199999999995271" classname="ds.mean_smk_type_split" name="mean_values_split_"/>
    <testcase time="0.00199999999995271" classname="ds.mean_smk_type_split" name="mean_values_split_"/>
    <testcase time="0.000999999999748979" classname="ds.mean_smk_type_split" name="mean_values_split_"/>
    <testcase time="0.00200000000040745" classname="ds.mean_smk_type_split" name="mean_values_split_"/>
    <testcase time="0.00199999999995271" classname="ds.mean_smk_type_split" name="mean_values_split_"/>
    <testcase time="0.000999999999748979" classname="ds.mean_smk_type_split" name="mean_values_split_"/>
    <testcase time="0.00199999999995271" classname="ds.mean_smk_type_split" name="mean_values_split_"/>
    <testcase time="0.00100000000020373" classname="ds.mean_smk_type_split" name="mean_values_split_"/>
    <testcase time="0.00199999999995271" classname="ds.mean_smk_type_split" name="mean_values_split_"/>
    <testcase time="0.00199999999995271" classname="ds.mean_smk_type_split" name="mean_values_split_"/>
    <testcase time="0.00199999999995271" classname="ds.mean_smk_type_split" name="mean_values_split_"/>
    <testcase time="0.00199999999995271" classname="ds.mean_smk_type_split" name="mean_values_split_"/>
    <testcase time="0.280999999999949" classname="ds.mean_smk_type_split" name="mean_values_split_"/>
    <testcase time="0.00100000000020373" classname="ds.mean_smk_type_split" name="mean_values_split_"/>
    <testcase time="0.00199999999995271" classname="ds.mean_smk_type_split" name="mean_values_split_"/>
    <testcase time="0.00100000000020373" classname="ds.mean_smk_type_split" name="mean_values_split_"/>
    <testcase time="0.00199999999995271" classname="ds.mean_smk_type_split" name="mean_values_split_"/>
    <testcase time="0.000999999999748979" classname="ds.mean_smk_type_split" name="mean_values_split_"/>
    <testcase time="0.00199999999995271" classname="ds.mean_smk_type_split" name="mean_values_split_"/>
    <testcase time="0.00100000000020373" classname="ds.mean_smk_type_split" name="mean_values_split_"/>
    <testcase time="0.00199999999995271" classname="ds.mean_smk_type_split" name="mean_values_split_"/>
    <testcase time="0.00199999999995271" classname="ds.mean_smk_type_split" name="mean_values_split_"/>
    <testcase time="0.00199999999995271" classname="ds.mean_smk_type_split" name="mean_values_split_"/>
    <testcase time="0.00199999999995271" classname="ds.mean_smk_type_split" name="mean_values_split_"/>
  </testsuite>
  <testsuite name="ds.mean::smk::type=both" timestamp="2020-07-01T16:01:38Z" hostname="fv-az29" tests="36" skipped="0" failures="0" errors="0" time="1.693">
    <testcase time="1.35000000000036" classname="ds.mean_smk_type_both" name="mean_values_both_"/>
    <testcase time="0.000999999999748979" classname="ds.mean_smk_type_both" name="mean_values_both_"/>
    <testcase time="0.00199999999995271" classname="ds.mean_smk_type_both" name="mean_values_both_"/>
    <testcase time="0.00100000000020373" classname="ds.mean_smk_type_both" name="mean_values_both_"/>
    <testcase time="0.00199999999995271" classname="ds.mean_smk_type_both" name="mean_values_both_"/>
    <testcase time="0.00199999999995271" classname="ds.mean_smk_type_both" name="mean_values_both_"/>
    <testcase time="0.00199999999995271" classname="ds.mean_smk_type_both" name="mean_values_both_"/>
    <testcase time="0.00199999999995271" classname="ds.mean_smk_type_both" name="mean_values_both_"/>
    <testcase time="0.00199999999995271" classname="ds.mean_smk_type_both" name="mean_values_both_"/>
    <testcase time="0.00100000000020373" classname="ds.mean_smk_type_both" name="mean_values_both_"/>
    <testcase time="0.00199999999995271" classname="ds.mean_smk_type_both" name="mean_values_both_"/>
    <testcase time="0.00199999999995271" classname="ds.mean_smk_type_both" name="mean_values_both_"/>
    <testcase time="0.00199999999995271" classname="ds.mean_smk_type_both" name="mean_values_both_"/>
    <testcase time="0.00199999999995271" classname="ds.mean_smk_type_both" name="mean_values_both_"/>
    <testcase time="0.00199999999995271" classname="ds.mean_smk_type_both" name="mean_values_both_"/>
    <testcase time="0.00199999999995271" classname="ds.mean_smk_type_both" name="mean_values_both_"/>
    <testcase time="0.00200000000040745" classname="ds.mean_smk_type_both" name="mean_values_both_"/>
    <testcase time="0.00199999999995271" classname="ds.mean_smk_type_both" name="mean_values_both_"/>
    <testcase time="0.00199999999995271" classname="ds.mean_smk_type_both" name="mean_values_both_"/>
    <testcase time="0.00199999999995271" classname="ds.mean_smk_type_both" name="mean_values_both_"/>
    <testcase time="0.00199999999995271" classname="ds.mean_smk_type_both" name="mean_values_both_"/>
    <testcase time="0.00199999999995271" classname="ds.mean_smk_type_both" name="mean_values_both_"/>
    <testcase time="0.00199999999995271" classname="ds.mean_smk_type_both" name="mean_values_both_"/>
    <testcase time="0.00100000000020373" classname="ds.mean_smk_type_both" name="mean_values_both_"/>
    <testcase time="0.280999999999949" classname="ds.mean_smk_type_both" name="mean_values_both_"/>
    <testcase time="0.00200000000040745" classname="ds.mean_smk_type_both" name="mean_values_both_"/>
    <testcase time="0.000999999999748979" classname="ds.mean_smk_type_both" name="mean_values_both_"/>
    <testcase time="0.00199999999995271" classname="ds.mean_smk_type_both" name="mean_values_both_"/>
    <testcase time="0.00199999999995271" classname="ds.mean_smk_type_both" name="mean_values_both_"/>
    <testcase time="0.00199999999995271" classname="ds.mean_smk_type_both" name="mean_values_both_"/>
    <testcase time="0.00199999999995271" classname="ds.mean_smk_type_both" name="mean_values_both_"/>
    <testcase time="0.00200000000040745" classname="ds.mean_smk_type_both" name="mean_values_both_"/>
    <testcase time="0.00199999999995271" classname="ds.mean_smk_type_both" name="mean_values_both_"/>
    <testcase time="0.00199999999995271" classname="ds.mean_smk_type_both" name="mean_values_both_"/>
    <testcase time="0.000999999999748979" classname="ds.mean_smk_type_both" name="mean_values_both_"/>
    <testcase time="0.00199999999995271" classname="ds.mean_smk_type_both" name="mean_values_both_"/>
  </testsuite>
  <testsuite name="ds.mean::smk::type=combine,save.mean.Nvalid=TRUE" timestamp="2020-07-01T16:01:40Z" hostname="fv-az29" tests="23" skipped="0" failures="0" errors="0" time="3.879">
    <testcase time="3.57400000000007" classname="ds.mean_smk_type_combine_save.mean.Nvalid_TRUE" name="mean_values_combine_"/>
    <testcase time="0.000999999999748979" classname="ds.mean_smk_type_combine_save.mean.Nvalid_TRUE" name="mean_values_combine_"/>
    <testcase time="0.00199999999995271" classname="ds.mean_smk_type_combine_save.mean.Nvalid_TRUE" name="mean_values_combine_"/>
    <testcase time="0.00100000000020373" classname="ds.mean_smk_type_combine_save.mean.Nvalid_TRUE" name="mean_values_combine_"/>
    <testcase time="0.00100000000020373" classname="ds.mean_smk_type_combine_save.mean.Nvalid_TRUE" name="mean_values_combine_"/>
    <testcase time="0.00199999999995271" classname="ds.mean_smk_type_combine_save.mean.Nvalid_TRUE" name="mean_values_combine_"/>
    <testcase time="0.000999999999748979" classname="ds.mean_smk_type_combine_save.mean.Nvalid_TRUE" name="mean_values_combine_"/>
    <testcase time="0.00199999999995271" classname="ds.mean_smk_type_combine_save.mean.Nvalid_TRUE" name="mean_values_combine_"/>
    <testcase time="0.00199999999995271" classname="ds.mean_smk_type_combine_save.mean.Nvalid_TRUE" name="mean_values_combine_"/>
    <testcase time="0.00100000000020373" classname="ds.mean_smk_type_combine_save.mean.Nvalid_TRUE" name="mean_values_combine_"/>
    <testcase time="0.00199999999995271" classname="ds.mean_smk_type_combine_save.mean.Nvalid_TRUE" name="mean_values_combine_"/>
    <testcase time="0.273999999999887" classname="ds.mean_smk_type_combine_save.mean.Nvalid_TRUE" name="mean_values_combine_"/>
    <testcase time="0.00100000000020373" classname="ds.mean_smk_type_combine_save.mean.Nvalid_TRUE" name="mean_values_combine_"/>
    <testcase time="0.00199999999995271" classname="ds.mean_smk_type_combine_save.mean.Nvalid_TRUE" name="mean_values_combine_"/>
    <testcase time="0.00100000000020373" classname="ds.mean_smk_type_combine_save.mean.Nvalid_TRUE" name="mean_values_combine_"/>
    <testcase time="0.000999999999748979" classname="ds.mean_smk_type_combine_save.mean.Nvalid_TRUE" name="mean_values_combine_"/>
    <testcase time="0.00199999999995271" classname="ds.mean_smk_type_combine_save.mean.Nvalid_TRUE" name="mean_values_combine_"/>
    <testcase time="0.00100000000020373" classname="ds.mean_smk_type_combine_save.mean.Nvalid_TRUE" name="mean_values_combine_"/>
    <testcase time="0.00199999999995271" classname="ds.mean_smk_type_combine_save.mean.Nvalid_TRUE" name="mean_values_combine_"/>
    <testcase time="0.000999999999748979" classname="ds.mean_smk_type_combine_save.mean.Nvalid_TRUE" name="mean_values_combine_"/>
    <testcase time="0.00200000000040745" classname="ds.mean_smk_type_combine_save.mean.Nvalid_TRUE" name="mean_values_combine_"/>
    <testcase time="0.000999999999748979" classname="ds.mean_smk_type_combine_save.mean.Nvalid_TRUE" name="mean_values_combine_"/>
    <testcase time="0.00199999999995271" classname="ds.mean_smk_type_combine_save.mean.Nvalid_TRUE" name="mean_values_combine_"/>
  </testsuite>
  <testsuite name="ds.mean::smk::type=split,save.mean.Nvalid=TRUE" timestamp="2020-07-01T16:01:43Z" hostname="fv-az29" tests="31" skipped="0" failures="0" errors="0" time="3.908">
    <testcase time="3.58400000000029" classname="ds.mean_smk_type_split_save.mean.Nvalid_TRUE" name="mean_values_split_"/>
    <testcase time="0.00199999999995271" classname="ds.mean_smk_type_split_save.mean.Nvalid_TRUE" name="mean_values_split_"/>
    <testcase time="0.000999999999748979" classname="ds.mean_smk_type_split_save.mean.Nvalid_TRUE" name="mean_values_split_"/>
    <testcase time="0.00100000000020373" classname="ds.mean_smk_type_split_save.mean.Nvalid_TRUE" name="mean_values_split_"/>
    <testcase time="0.00199999999995271" classname="ds.mean_smk_type_split_save.mean.Nvalid_TRUE" name="mean_values_split_"/>
    <testcase time="0.000999999999748979" classname="ds.mean_smk_type_split_save.mean.Nvalid_TRUE" name="mean_values_split_"/>
    <testcase time="0.00100000000020373" classname="ds.mean_smk_type_split_save.mean.Nvalid_TRUE" name="mean_values_split_"/>
    <testcase time="0.00100000000020373" classname="ds.mean_smk_type_split_save.mean.Nvalid_TRUE" name="mean_values_split_"/>
    <testcase time="0.00199999999995271" classname="ds.mean_smk_type_split_save.mean.Nvalid_TRUE" name="mean_values_split_"/>
    <testcase time="0.00299999999970169" classname="ds.mean_smk_type_split_save.mean.Nvalid_TRUE" name="mean_values_split_"/>
    <testcase time="0.00199999999995271" classname="ds.mean_smk_type_split_save.mean.Nvalid_TRUE" name="mean_values_split_"/>
    <testcase time="0.00100000000020373" classname="ds.mean_smk_type_split_save.mean.Nvalid_TRUE" name="mean_values_split_"/>
    <testcase time="0.00199999999995271" classname="ds.mean_smk_type_split_save.mean.Nvalid_TRUE" name="mean_values_split_"/>
    <testcase time="0.00100000000020373" classname="ds.mean_smk_type_split_save.mean.Nvalid_TRUE" name="mean_values_split_"/>
    <testcase time="0.00199999999995271" classname="ds.mean_smk_type_split_save.mean.Nvalid_TRUE" name="mean_values_split_"/>
    <testcase time="0.000999999999748979" classname="ds.mean_smk_type_split_save.mean.Nvalid_TRUE" name="mean_values_split_"/>
    <testcase time="0.00199999999995271" classname="ds.mean_smk_type_split_save.mean.Nvalid_TRUE" name="mean_values_split_"/>
    <testcase time="0.00100000000020373" classname="ds.mean_smk_type_split_save.mean.Nvalid_TRUE" name="mean_values_split_"/>
    <testcase time="0.00300000000015643" classname="ds.mean_smk_type_split_save.mean.Nvalid_TRUE" name="mean_values_split_"/>
    <testcase time="0.27599999999984" classname="ds.mean_smk_type_split_save.mean.Nvalid_TRUE" name="mean_values_split_"/>
    <testcase time="0.00199999999995271" classname="ds.mean_smk_type_split_save.mean.Nvalid_TRUE" name="mean_values_split_"/>
    <testcase time="0.00199999999995271" classname="ds.mean_smk_type_split_save.mean.Nvalid_TRUE" name="mean_values_split_"/>
    <testcase time="0.00199999999995271" classname="ds.mean_smk_type_split_save.mean.Nvalid_TRUE" name="mean_values_split_"/>
    <testcase time="0.00199999999995271" classname="ds.mean_smk_type_split_save.mean.Nvalid_TRUE" name="mean_values_split_"/>
    <testcase time="0.00100000000020373" classname="ds.mean_smk_type_split_save.mean.Nvalid_TRUE" name="mean_values_split_"/>
    <testcase time="0.00100000000020373" classname="ds.mean_smk_type_split_save.mean.Nvalid_TRUE" name="mean_values_split_"/>
    <testcase time="0.00199999999995271" classname="ds.mean_smk_type_split_save.mean.Nvalid_TRUE" name="mean_values_split_"/>
    <testcase time="0.00199999999995271" classname="ds.mean_smk_type_split_save.mean.Nvalid_TRUE" name="mean_values_split_"/>
    <testcase time="0.00100000000020373" classname="ds.mean_smk_type_split_save.mean.Nvalid_TRUE" name="mean_values_split_"/>
    <testcase time="0.00199999999995271" classname="ds.mean_smk_type_split_save.mean.Nvalid_TRUE" name="mean_values_split_"/>
    <testcase time="0.00199999999995271" classname="ds.mean_smk_type_split_save.mean.Nvalid_TRUE" name="mean_values_split_"/>
  </testsuite>
  <testsuite name="ds.mean::smk::type=both,save.mean.Nvalid=TRUE" timestamp="2020-07-01T16:01:47Z" hostname="fv-az29" tests="36" skipped="0" failures="0" errors="0" time="2.84">
    <testcase time="2.50300000000016" classname="ds.mean_smk_type_both_save.mean.Nvalid_TRUE" name="mean_values_both_"/>
    <testcase time="0.000999999999748979" classname="ds.mean_smk_type_both_save.mean.Nvalid_TRUE" name="mean_values_both_"/>
    <testcase time="0.00199999999995271" classname="ds.mean_smk_type_both_save.mean.Nvalid_TRUE" name="mean_values_both_"/>
    <testcase time="0.00100000000020373" classname="ds.mean_smk_type_both_save.mean.Nvalid_TRUE" name="mean_values_both_"/>
    <testcase time="0.00199999999995271" classname="ds.mean_smk_type_both_save.mean.Nvalid_TRUE" name="mean_values_both_"/>
    <testcase time="0.000999999999748979" classname="ds.mean_smk_type_both_save.mean.Nvalid_TRUE" name="mean_values_both_"/>
    <testcase time="0.00200000000040745" classname="ds.mean_smk_type_both_save.mean.Nvalid_TRUE" name="mean_values_both_"/>
    <testcase time="0.000999999999748979" classname="ds.mean_smk_type_both_save.mean.Nvalid_TRUE" name="mean_values_both_"/>
    <testcase time="0.00199999999995271" classname="ds.mean_smk_type_both_save.mean.Nvalid_TRUE" name="mean_values_both_"/>
    <testcase time="0.00100000000020373" classname="ds.mean_smk_type_both_save.mean.Nvalid_TRUE" name="mean_values_both_"/>
    <testcase time="0.00199999999995271" classname="ds.mean_smk_type_both_save.mean.Nvalid_TRUE" name="mean_values_both_"/>
    <testcase time="0.00199999999995271" classname="ds.mean_smk_type_both_save.mean.Nvalid_TRUE" name="mean_values_both_"/>
    <testcase time="0.00199999999995271" classname="ds.mean_smk_type_both_save.mean.Nvalid_TRUE" name="mean_values_both_"/>
    <testcase time="0.00199999999995271" classname="ds.mean_smk_type_both_save.mean.Nvalid_TRUE" name="mean_values_both_"/>
    <testcase time="0.00199999999995271" classname="ds.mean_smk_type_both_save.mean.Nvalid_TRUE" name="mean_values_both_"/>
    <testcase time="0.00199999999995271" classname="ds.mean_smk_type_both_save.mean.Nvalid_TRUE" name="mean_values_both_"/>
    <testcase time="0.00200000000040745" classname="ds.mean_smk_type_both_save.mean.Nvalid_TRUE" name="mean_values_both_"/>
    <testcase time="0.00199999999995271" classname="ds.mean_smk_type_both_save.mean.Nvalid_TRUE" name="mean_values_both_"/>
    <testcase time="0.00199999999995271" classname="ds.mean_smk_type_both_save.mean.Nvalid_TRUE" name="mean_values_both_"/>
    <testcase time="0.00199999999995271" classname="ds.mean_smk_type_both_save.mean.Nvalid_TRUE" name="mean_values_both_"/>
    <testcase time="0.00199999999995271" classname="ds.mean_smk_type_both_save.mean.Nvalid_TRUE" name="mean_values_both_"/>
    <testcase time="0.000999999999748979" classname="ds.mean_smk_type_both_save.mean.Nvalid_TRUE" name="mean_values_both_"/>
    <testcase time="0.00200000000040745" classname="ds.mean_smk_type_both_save.mean.Nvalid_TRUE" name="mean_values_both_"/>
    <testcase time="0.00199999999995271" classname="ds.mean_smk_type_both_save.mean.Nvalid_TRUE" name="mean_values_both_"/>
    <testcase time="0.277000000000044" classname="ds.mean_smk_type_both_save.mean.Nvalid_TRUE" name="mean_values_both_"/>
    <testcase time="0.00299999999970169" classname="ds.mean_smk_type_both_save.mean.Nvalid_TRUE" name="mean_values_both_"/>
    <testcase time="0.00199999999995271" classname="ds.mean_smk_type_both_save.mean.Nvalid_TRUE" name="mean_values_both_"/>
    <testcase time="0.00100000000020373" classname="ds.mean_smk_type_both_save.mean.Nvalid_TRUE" name="mean_values_both_"/>
    <testcase time="0.00199999999995271" classname="ds.mean_smk_type_both_save.mean.Nvalid_TRUE" name="mean_values_both_"/>
    <testcase time="0.00199999999995271" classname="ds.mean_smk_type_both_save.mean.Nvalid_TRUE" name="mean_values_both_"/>
    <testcase time="0.00199999999995271" classname="ds.mean_smk_type_both_save.mean.Nvalid_TRUE" name="mean_values_both_"/>
    <testcase time="0.00100000000020373" classname="ds.mean_smk_type_both_save.mean.Nvalid_TRUE" name="mean_values_both_"/>
    <testcase time="0.00199999999995271" classname="ds.mean_smk_type_both_save.mean.Nvalid_TRUE" name="mean_values_both_"/>
    <testcase time="0.00199999999995271" classname="ds.mean_smk_type_both_save.mean.Nvalid_TRUE" name="mean_values_both_"/>
    <testcase time="0.00100000000020373" classname="ds.mean_smk_type_both_save.mean.Nvalid_TRUE" name="mean_values_both_"/>
    <testcase time="0.00199999999995271" classname="ds.mean_smk_type_both_save.mean.Nvalid_TRUE" name="mean_values_both_"/>
  </testsuite>
  <testsuite name="ds.mean::smk::shutdown" timestamp="2020-07-01T16:01:50Z" hostname="fv-az29" tests="3" skipped="0" failures="0" errors="0" time="0.283">
    <testcase time="0.280999999999949" classname="ds.mean_smk_shutdown" name="shutdown"/>
    <testcase time="0.000999999999748979" classname="ds.mean_smk_shutdown" name="shutdown"/>
    <testcase time="0.00100000000020373" classname="ds.mean_smk_shutdown" name="shutdown"/>
  </testsuite>
  <testsuite name="ds.mean::smk::done" timestamp="2020-07-01T16:01:51Z" hostname="fv-az29" tests="0" skipped="0" failures="0" errors="0" time="0"/>
  <testsuite name="ds.meanSdGp::smk::setup" timestamp="2020-07-01T16:01:51Z" hostname="fv-az29" tests="3" skipped="0" failures="0" errors="0" time="5.463">
    <testcase time="5.46000000000004" classname="ds.meanSdGp_smk_setup" name="setup"/>
    <testcase time="0.000999999999748979" classname="ds.meanSdGp_smk_setup" name="setup"/>
    <testcase time="0.00199999999995271" classname="ds.meanSdGp_smk_setup" name="setup"/>
  </testsuite>
  <testsuite name="ds.meanSdGp::smk::type=split" timestamp="2020-07-01T16:01:56Z" hostname="fv-az29" tests="8" skipped="0" failures="0" errors="0" time="0.487">
    <testcase time="0.477000000000317" classname="ds.meanSdGp_smk_type_split" name="meanSdGp_values_split_"/>
    <testcase time="0.000999999999748979" classname="ds.meanSdGp_smk_type_split" name="meanSdGp_values_split_"/>
    <testcase time="0.00199999999995271" classname="ds.meanSdGp_smk_type_split" name="meanSdGp_values_split_"/>
    <testcase time="0.00100000000020373" classname="ds.meanSdGp_smk_type_split" name="meanSdGp_values_split_"/>
    <testcase time="0.00199999999995271" classname="ds.meanSdGp_smk_type_split" name="meanSdGp_values_split_"/>
    <testcase time="0.00100000000020373" classname="ds.meanSdGp_smk_type_split" name="meanSdGp_values_split_"/>
    <testcase time="0.000999999999748979" classname="ds.meanSdGp_smk_type_split" name="meanSdGp_values_split_"/>
    <testcase time="0.00199999999995271" classname="ds.meanSdGp_smk_type_split" name="meanSdGp_values_split_"/>
  </testsuite>
  <testsuite name="ds.meanSdGp::smk::type=combine" timestamp="2020-07-01T16:01:56Z" hostname="fv-az29" tests="8" skipped="0" failures="0" errors="0" time="0.297">
    <testcase time="0.287000000000262" classname="ds.meanSdGp_smk_type_combine" name="meanSdGp_values_combine_"/>
    <testcase time="0.000999999999748979" classname="ds.meanSdGp_smk_type_combine" name="meanSdGp_values_combine_"/>
    <testcase time="0.00199999999995271" classname="ds.meanSdGp_smk_type_combine" name="meanSdGp_values_combine_"/>
    <testcase time="0.00100000000020373" classname="ds.meanSdGp_smk_type_combine" name="meanSdGp_values_combine_"/>
    <testcase time="0.00199999999995271" classname="ds.meanSdGp_smk_type_combine" name="meanSdGp_values_combine_"/>
    <testcase time="0.00100000000020373" classname="ds.meanSdGp_smk_type_combine" name="meanSdGp_values_combine_"/>
    <testcase time="0.00199999999995271" classname="ds.meanSdGp_smk_type_combine" name="meanSdGp_values_combine_"/>
    <testcase time="0.000999999999748979" classname="ds.meanSdGp_smk_type_combine" name="meanSdGp_values_combine_"/>
  </testsuite>
  <testsuite name="ds.meanSdGp::smk::type=both" timestamp="2020-07-01T16:01:57Z" hostname="fv-az29" tests="8" skipped="0" failures="0" errors="0" time="0.295">
    <testcase time="0.285000000000309" classname="ds.meanSdGp_smk_type_both" name="meanSdGp_values_both_"/>
    <testcase time="0.00199999999995271" classname="ds.meanSdGp_smk_type_both" name="meanSdGp_values_both_"/>
    <testcase time="0.00199999999995271" classname="ds.meanSdGp_smk_type_both" name="meanSdGp_values_both_"/>
    <testcase time="0.000999999999748979" classname="ds.meanSdGp_smk_type_both" name="meanSdGp_values_both_"/>
    <testcase time="0.00100000000020373" classname="ds.meanSdGp_smk_type_both" name="meanSdGp_values_both_"/>
    <testcase time="0.00199999999995271" classname="ds.meanSdGp_smk_type_both" name="meanSdGp_values_both_"/>
    <testcase time="0.000999999999748979" classname="ds.meanSdGp_smk_type_both" name="meanSdGp_values_both_"/>
    <testcase time="0.00100000000020373" classname="ds.meanSdGp_smk_type_both" name="meanSdGp_values_both_"/>
  </testsuite>
  <testsuite name="ds.meanSdGp::smk::shutdown" timestamp="2020-07-01T16:01:57Z" hostname="fv-az29" tests="3" skipped="0" failures="0" errors="0" time="0.288">
    <testcase time="0.284999999999854" classname="ds.meanSdGp_smk_shutdown" name="shutdown"/>
    <testcase time="0.00100000000020373" classname="ds.meanSdGp_smk_shutdown" name="shutdown"/>
    <testcase time="0.00199999999995271" classname="ds.meanSdGp_smk_shutdown" name="shutdown"/>
  </testsuite>
  <testsuite name="ds.meanSdGp::smk::done" timestamp="2020-07-01T16:01:58Z" hostname="fv-az29" tests="0" skipped="0" failures="0" errors="0" time="0"/>
  <testsuite name="ds.merge::smk::setup" timestamp="2020-07-01T16:01:58Z" hostname="fv-az29" tests="3" skipped="0" failures="0" errors="0" time="5.605">
    <testcase time="5.60199999999986" classname="ds.merge_smk_setup" name="setup"/>
    <testcase time="0.00100000000020373" classname="ds.merge_smk_setup" name="setup"/>
    <testcase time="0.00199999999995271" classname="ds.merge_smk_setup" name="setup"/>
  </testsuite>
  <testsuite name="ds.merge::smk" timestamp="2020-07-01T16:02:03Z" hostname="fv-az29" tests="7" skipped="0" failures="0" errors="0" time="7.925">
    <testcase time="7.38200000000006" classname="ds.merge_smk" name="simple_test"/>
    <testcase time="0.000999999999748979" classname="ds.merge_smk" name="simple_test"/>
    <testcase time="0.00100000000020373" classname="ds.merge_smk" name="simple_test"/>
    <testcase time="0.536999999999807" classname="ds.merge_smk" name="simple_test"/>
    <testcase time="0.00100000000020373" classname="ds.merge_smk" name="simple_test"/>
    <testcase time="0.00199999999995271" classname="ds.merge_smk" name="simple_test"/>
    <testcase time="0.00100000000020373" classname="ds.merge_smk" name="simple_test"/>
  </testsuite>
  <testsuite name="ds.merge::smk::shutdown" timestamp="2020-07-01T16:02:11Z" hostname="fv-az29" tests="3" skipped="0" failures="0" errors="0" time="0.282">
    <testcase time="0.278999999999996" classname="ds.merge_smk_shutdown" name="shutdown"/>
    <testcase time="0.00199999999995271" classname="ds.merge_smk_shutdown" name="shutdown"/>
    <testcase time="0.000999999999748979" classname="ds.merge_smk_shutdown" name="shutdown"/>
  </testsuite>
  <testsuite name="ds.merge::smk::done" timestamp="2020-07-01T16:02:12Z" hostname="fv-az29" tests="0" skipped="0" failures="0" errors="0" time="0"/>
  <testsuite name="ds.message::smk::setup" timestamp="2020-07-01T16:02:12Z" hostname="fv-az29" tests="3" skipped="0" failures="0" errors="0" time="5.567">
    <testcase time="5.56500000000005" classname="ds.message_smk_setup" name="setup"/>
    <testcase time="0.00100000000020373" classname="ds.message_smk_setup" name="setup"/>
    <testcase time="0.000999999999748979" classname="ds.message_smk_setup" name="setup"/>
  </testsuite>
  <testsuite name="ds.message::smk" timestamp="2020-07-01T16:02:17Z" hostname="fv-az29" tests="12" skipped="0" failures="0" errors="0" time="3.246">
    <testcase time="0.278999999999996" classname="ds.message_smk" name="not_exists_request_message"/>
    <testcase time="0.00199999999995271" classname="ds.message_smk" name="not_exists_request_message"/>
    <testcase time="0.000999999999748979" classname="ds.message_smk" name="not_exists_request_message"/>
    <testcase time="0.00100000000020373" classname="ds.message_smk" name="not_exists_request_message"/>
    <testcase time="1.75599999999986" classname="ds.message_smk" name="exists_request_message"/>
    <testcase time="0.00199999999995271" classname="ds.message_smk" name="exists_request_message"/>
    <testcase time="0.00100000000020373" classname="ds.message_smk" name="exists_request_message"/>
    <testcase time="0.00199999999995271" classname="ds.message_smk" name="exists_request_message"/>
    <testcase time="1.19799999999987" classname="ds.message_smk" name="partial_request_message"/>
    <testcase time="0.00100000000020373" classname="ds.message_smk" name="partial_request_message"/>
    <testcase time="0.00199999999995271" classname="ds.message_smk" name="partial_request_message"/>
    <testcase time="0.00100000000020373" classname="ds.message_smk" name="partial_request_message"/>
  </testsuite>
  <testsuite name="ds.message::smk::shutdown" timestamp="2020-07-01T16:02:20Z" hostname="fv-az29" tests="1" skipped="1" failures="0" errors="0" time="0.01">
    <testcase time="0.00999999999976353" classname="ds.message_smk_shutdown" name="shutdown">
      <skipped/>
    </testcase>
  </testsuite>
  <testsuite name="ds.message::smk::done" timestamp="2020-07-01T16:02:21Z" hostname="fv-az29" tests="0" skipped="0" failures="0" errors="0" time="0"/>
  <testsuite name="ds.names::smk::setup" timestamp="2020-07-01T16:02:21Z" hostname="fv-az29" tests="3" skipped="0" failures="0" errors="0" time="5.566">
    <testcase time="5.5630000000001" classname="ds.names_smk_setup" name="setup"/>
    <testcase time="0.000999999999748979" classname="ds.names_smk_setup" name="setup"/>
    <testcase time="0.00200000000040745" classname="ds.names_smk_setup" name="setup"/>
  </testsuite>
  <testsuite name="ds.names::smk" timestamp="2020-07-01T16:02:26Z" hostname="fv-az29" tests="10" skipped="0" failures="0" errors="0" time="2.736">
    <testcase time="2.72499999999991" classname="ds.names_smk" name="level_names"/>
    <testcase time="0.000999999999748979" classname="ds.names_smk" name="level_names"/>
    <testcase time="0.00100000000020373" classname="ds.names_smk" name="level_names"/>
    <testcase time="0.000999999999748979" classname="ds.names_smk" name="level_names"/>
    <testcase time="0.00100000000020373" classname="ds.names_smk" name="level_names"/>
    <testcase time="0.000999999999748979" classname="ds.names_smk" name="level_names"/>
    <testcase time="0.00200000000040745" classname="ds.names_smk" name="level_names"/>
    <testcase time="0.000999999999748979" classname="ds.names_smk" name="level_names"/>
    <testcase time="0.00199999999995271" classname="ds.names_smk" name="level_names"/>
    <testcase time="0.00100000000020373" classname="ds.names_smk" name="level_names"/>
  </testsuite>
  <testsuite name="ds.names::smk::shutdown" timestamp="2020-07-01T16:02:28Z" hostname="fv-az29" tests="3" skipped="0" failures="0" errors="0" time="0.29">
    <testcase time="0.286999999999807" classname="ds.names_smk_shutdown" name="shutdown"/>
    <testcase time="0.00199999999995271" classname="ds.names_smk_shutdown" name="shutdown"/>
    <testcase time="0.00100000000020373" classname="ds.names_smk_shutdown" name="shutdown"/>
  </testsuite>
  <testsuite name="ds.names::smk::done" timestamp="2020-07-01T16:02:29Z" hostname="fv-az29" tests="0" skipped="0" failures="0" errors="0" time="0"/>
  <testsuite name="ds.numNA::smk::setup" timestamp="2020-07-01T16:02:29Z" hostname="fv-az29" tests="3" skipped="0" failures="0" errors="0" time="5.564">
    <testcase time="5.56100000000015" classname="ds.numNA_smk_setup" name="setup"/>
    <testcase time="0.00199999999995271" classname="ds.numNA_smk_setup" name="setup"/>
    <testcase time="0.000999999999748979" classname="ds.numNA_smk_setup" name="setup"/>
  </testsuite>
  <testsuite name="ds.numNA::smk" timestamp="2020-07-01T16:02:34Z" hostname="fv-az29" tests="12" skipped="0" failures="0" errors="0" time="1.684">
    <testcase time="0.565000000000055" classname="ds.numNA_smk" name="simple_numNA"/>
    <testcase time="0.00199999999995271" classname="ds.numNA_smk" name="simple_numNA"/>
    <testcase time="0.00199999999995271" classname="ds.numNA_smk" name="simple_numNA"/>
    <testcase time="0.00100000000020373" classname="ds.numNA_smk" name="simple_numNA"/>
    <testcase time="0.567000000000007" classname="ds.numNA_smk" name="simple_numNA"/>
    <testcase time="0.00199999999995271" classname="ds.numNA_smk" name="simple_numNA"/>
    <testcase time="0.00199999999995271" classname="ds.numNA_smk" name="simple_numNA"/>
    <testcase time="0.00100000000020373" classname="ds.numNA_smk" name="simple_numNA"/>
    <testcase time="0.538000000000011" classname="ds.numNA_smk" name="simple_numNA"/>
    <testcase time="0.000999999999748979" classname="ds.numNA_smk" name="simple_numNA"/>
    <testcase time="0.00199999999995271" classname="ds.numNA_smk" name="simple_numNA"/>
    <testcase time="0.00100000000020373" classname="ds.numNA_smk" name="simple_numNA"/>
  </testsuite>
  <testsuite name="ds.numNA::smk::shutdown" timestamp="2020-07-01T16:02:36Z" hostname="fv-az29" tests="3" skipped="0" failures="0" errors="0" time="0.29">
    <testcase time="0.286999999999807" classname="ds.numNA_smk_shutdown" name="shutdown"/>
    <testcase time="0.00100000000020373" classname="ds.numNA_smk_shutdown" name="shutdown"/>
    <testcase time="0.00199999999995271" classname="ds.numNA_smk_shutdown" name="shutdown"/>
  </testsuite>
  <testsuite name="ds.numNA::smk::done" timestamp="2020-07-01T16:02:37Z" hostname="fv-az29" tests="0" skipped="0" failures="0" errors="0" time="0"/>
  <testsuite name="ds.quantileMean::smk::setup" timestamp="2020-07-01T16:02:37Z" hostname="fv-az29" tests="3" skipped="0" failures="0" errors="0" time="5.521">
    <testcase time="5.51899999999978" classname="ds.quantileMean_smk_setup" name="setup"/>
    <testcase time="0.00100000000020373" classname="ds.quantileMean_smk_setup" name="setup"/>
    <testcase time="0.000999999999748979" classname="ds.quantileMean_smk_setup" name="setup"/>
  </testsuite>
  <testsuite name="ds.quantileMean::smk::standard" timestamp="2020-07-01T16:02:42Z" hostname="fv-az29" tests="9" skipped="0" failures="0" errors="0" time="1.799">
    <testcase time="1.7800000000002" classname="ds.quantileMean_smk_standard" name="quantileMean"/>
    <testcase time="0.00199999999995271" classname="ds.quantileMean_smk_standard" name="quantileMean"/>
    <testcase time="0.00100000000020373" classname="ds.quantileMean_smk_standard" name="quantileMean"/>
    <testcase time="0.00199999999995271" classname="ds.quantileMean_smk_standard" name="quantileMean"/>
    <testcase time="0.000999999999748979" classname="ds.quantileMean_smk_standard" name="quantileMean"/>
    <testcase time="0.00800000000026557" classname="ds.quantileMean_smk_standard" name="quantileMean"/>
    <testcase time="0.00199999999995271" classname="ds.quantileMean_smk_standard" name="quantileMean"/>
    <testcase time="0.00199999999995271" classname="ds.quantileMean_smk_standard" name="quantileMean"/>
    <testcase time="0.000999999999748979" classname="ds.quantileMean_smk_standard" name="quantileMean"/>
  </testsuite>
  <testsuite name="ds.quantileMean::smk::split" timestamp="2020-07-01T16:02:43Z" hostname="fv-az29" tests="28" skipped="0" failures="0" errors="0" time="2.355">
    <testcase time="2.30700000000024" classname="ds.quantileMean_smk_split" name="quantileMean_split"/>
    <testcase time="0.00100000000020373" classname="ds.quantileMean_smk_split" name="quantileMean_split"/>
    <testcase time="0.00199999999995271" classname="ds.quantileMean_smk_split" name="quantileMean_split"/>
    <testcase time="0.000999999999748979" classname="ds.quantileMean_smk_split" name="quantileMean_split"/>
    <testcase time="0.00199999999995271" classname="ds.quantileMean_smk_split" name="quantileMean_split"/>
    <testcase time="0.00100000000020373" classname="ds.quantileMean_smk_split" name="quantileMean_split"/>
    <testcase time="0.000999999999748979" classname="ds.quantileMean_smk_split" name="quantileMean_split"/>
    <testcase time="0.00100000000020373" classname="ds.quantileMean_smk_split" name="quantileMean_split"/>
    <testcase time="0.00199999999995271" classname="ds.quantileMean_smk_split" name="quantileMean_split"/>
    <testcase time="0.00100000000020373" classname="ds.quantileMean_smk_split" name="quantileMean_split"/>
    <testcase time="0.00199999999995271" classname="ds.quantileMean_smk_split" name="quantileMean_split"/>
    <testcase time="0.00199999999995271" classname="ds.quantileMean_smk_split" name="quantileMean_split"/>
    <testcase time="0.000999999999748979" classname="ds.quantileMean_smk_split" name="quantileMean_split"/>
    <testcase time="0.00199999999995271" classname="ds.quantileMean_smk_split" name="quantileMean_split"/>
    <testcase time="0.00200000000040745" classname="ds.quantileMean_smk_split" name="quantileMean_split"/>
    <testcase time="0.00199999999995271" classname="ds.quantileMean_smk_split" name="quantileMean_split"/>
    <testcase time="0.00199999999995271" classname="ds.quantileMean_smk_split" name="quantileMean_split"/>
    <testcase time="0.000999999999748979" classname="ds.quantileMean_smk_split" name="quantileMean_split"/>
    <testcase time="0.00300000000015643" classname="ds.quantileMean_smk_split" name="quantileMean_split"/>
    <testcase time="0.00199999999995271" classname="ds.quantileMean_smk_split" name="quantileMean_split"/>
    <testcase time="0.00199999999995271" classname="ds.quantileMean_smk_split" name="quantileMean_split"/>
    <testcase time="0.00199999999995271" classname="ds.quantileMean_smk_split" name="quantileMean_split"/>
    <testcase time="0.00199999999995271" classname="ds.quantileMean_smk_split" name="quantileMean_split"/>
    <testcase time="0.00199999999995271" classname="ds.quantileMean_smk_split" name="quantileMean_split"/>
    <testcase time="0.00300000000015643" classname="ds.quantileMean_smk_split" name="quantileMean_split"/>
    <testcase time="0.00199999999995271" classname="ds.quantileMean_smk_split" name="quantileMean_split"/>
    <testcase time="0.00199999999995271" classname="ds.quantileMean_smk_split" name="quantileMean_split"/>
    <testcase time="0.00199999999995271" classname="ds.quantileMean_smk_split" name="quantileMean_split"/>
  </testsuite>
  <testsuite name="ds.quantileMean::smk::shutdown" timestamp="2020-07-01T16:02:46Z" hostname="fv-az29" tests="3" skipped="0" failures="0" errors="0" time="0.294">
    <testcase time="0.291000000000167" classname="ds.quantileMean_smk_shutdown" name="shutdown"/>
    <testcase time="0.00100000000020373" classname="ds.quantileMean_smk_shutdown" name="shutdown"/>
    <testcase time="0.00199999999995271" classname="ds.quantileMean_smk_shutdown" name="shutdown"/>
  </testsuite>
  <testsuite name="ds.quantileMean::smk::done" timestamp="2020-07-01T16:02:47Z" hostname="fv-az29" tests="0" skipped="0" failures="0" errors="0" time="0"/>
  <testsuite name="ds.rbind::smk::setup" timestamp="2020-07-01T16:02:47Z" hostname="fv-az29" tests="3" skipped="0" failures="0" errors="0" time="5.579">
    <testcase time="5.57699999999977" classname="ds.rbind_smk_setup" name="setup"/>
    <testcase time="0.00100000000020373" classname="ds.rbind_smk_setup" name="setup"/>
    <testcase time="0.000999999999748979" classname="ds.rbind_smk_setup" name="setup"/>
  </testsuite>
  <testsuite name="ds.rbind::smk" timestamp="2020-07-01T16:02:52Z" hostname="fv-az29" tests="5" skipped="0" failures="0" errors="0" time="2.582">
    <testcase time="2.03700000000026" classname="ds.rbind_smk" name="simple_test"/>
    <testcase time="0.000999999999748979" classname="ds.rbind_smk" name="simple_test"/>
    <testcase time="0.541000000000167" classname="ds.rbind_smk" name="simple_test"/>
    <testcase time="0.00199999999995271" classname="ds.rbind_smk" name="simple_test"/>
    <testcase time="0.00100000000020373" classname="ds.rbind_smk" name="simple_test"/>
  </testsuite>
  <testsuite name="ds.rbind::smk::shutdown" timestamp="2020-07-01T16:02:54Z" hostname="fv-az29" tests="3" skipped="0" failures="0" errors="0" time="0.284">
    <testcase time="0.281999999999698" classname="ds.rbind_smk_shutdown" name="shutdown"/>
    <testcase time="0.00100000000020373" classname="ds.rbind_smk_shutdown" name="shutdown"/>
    <testcase time="0.000999999999748979" classname="ds.rbind_smk_shutdown" name="shutdown"/>
  </testsuite>
  <testsuite name="ds.rbind::smk::done" timestamp="2020-07-01T16:02:55Z" hostname="fv-az29" tests="0" skipped="0" failures="0" errors="0" time="0"/>
  <testsuite name="ds.rBinom::smk::setup" timestamp="2020-07-01T16:02:55Z" hostname="fv-az29" tests="3" skipped="0" failures="0" errors="0" time="5.576">
    <testcase time="5.57400000000007" classname="ds.rBinom_smk_setup" name="setup"/>
    <testcase time="0.00100000000020373" classname="ds.rBinom_smk_setup" name="setup"/>
    <testcase time="0.000999999999748979" classname="ds.rBinom_smk_setup" name="setup"/>
  </testsuite>
  <testsuite name="ds.rBinom::smk::simple test" timestamp="2020-07-01T16:03:00Z" hostname="fv-az29" tests="11" skipped="0" failures="0" errors="0" time="2.114">
    <testcase time="2.10000000000036" classname="ds.rBinom_smk_simple_test" name="simple_test"/>
    <testcase time="0.00199999999995271" classname="ds.rBinom_smk_simple_test" name="simple_test"/>
    <testcase time="0.000999999999748979" classname="ds.rBinom_smk_simple_test" name="simple_test"/>
    <testcase time="0.00199999999995271" classname="ds.rBinom_smk_simple_test" name="simple_test"/>
    <testcase time="0.00100000000020373" classname="ds.rBinom_smk_simple_test" name="simple_test"/>
    <testcase time="0.00199999999995271" classname="ds.rBinom_smk_simple_test" name="simple_test"/>
    <testcase time="0.00100000000020373" classname="ds.rBinom_smk_simple_test" name="simple_test"/>
    <testcase time="0.00199999999995271" classname="ds.rBinom_smk_simple_test" name="simple_test"/>
    <testcase time="0.000999999999748979" classname="ds.rBinom_smk_simple_test" name="simple_test"/>
    <testcase time="0.000999999999748979" classname="ds.rBinom_smk_simple_test" name="simple_test"/>
    <testcase time="0.00100000000020373" classname="ds.rBinom_smk_simple_test" name="simple_test"/>
  </testsuite>
  <testsuite name="ds.rBinom::smk::shutdown" timestamp="2020-07-01T16:03:02Z" hostname="fv-az29" tests="3" skipped="0" failures="0" errors="0" time="0.282">
    <testcase time="0.278999999999996" classname="ds.rBinom_smk_shutdown" name="shutdown"/>
    <testcase time="0.000999999999748979" classname="ds.rBinom_smk_shutdown" name="shutdown"/>
    <testcase time="0.00199999999995271" classname="ds.rBinom_smk_shutdown" name="shutdown"/>
  </testsuite>
  <testsuite name="ds.rBinom::smk::done" timestamp="2020-07-01T16:03:03Z" hostname="fv-az29" tests="0" skipped="0" failures="0" errors="0" time="0"/>
  <testsuite name="ds.recodeLevels::smk::setup" timestamp="2020-07-01T16:03:03Z" hostname="fv-az29" tests="3" skipped="0" failures="0" errors="0" time="5.525">
    <testcase time="5.52200000000039" classname="ds.recodeLevels_smk_setup" name="setup"/>
    <testcase time="0.000999999999748979" classname="ds.recodeLevels_smk_setup" name="setup"/>
    <testcase time="0.00199999999995271" classname="ds.recodeLevels_smk_setup" name="setup"/>
  </testsuite>
  <testsuite name="ds.recodeLevels::smk" timestamp="2020-07-01T16:03:08Z" hostname="fv-az29" tests="7" skipped="0" failures="0" errors="0" time="2.99">
    <testcase time="2.98100000000022" classname="ds.recodeLevels_smk" name="new_levels"/>
    <testcase time="0.000999999999748979" classname="ds.recodeLevels_smk" name="new_levels"/>
    <testcase time="0.00199999999995271" classname="ds.recodeLevels_smk" name="new_levels"/>
    <testcase time="0.00100000000020373" classname="ds.recodeLevels_smk" name="new_levels"/>
    <testcase time="0.00199999999995271" classname="ds.recodeLevels_smk" name="new_levels"/>
    <testcase time="0.00100000000020373" classname="ds.recodeLevels_smk" name="new_levels"/>
    <testcase time="0.00199999999995271" classname="ds.recodeLevels_smk" name="new_levels"/>
  </testsuite>
  <testsuite name="ds.recodeLevels::smk::no connections or newobj" timestamp="2020-07-01T16:03:11Z" hostname="fv-az29" tests="7" skipped="0" failures="0" errors="0" time="3.004">
    <testcase time="2.99600000000009" classname="ds.recodeLevels_smk_no_connections_or_newobj" name="new_levels_auto"/>
    <testcase time="0.00199999999995271" classname="ds.recodeLevels_smk_no_connections_or_newobj" name="new_levels_auto"/>
    <testcase time="0.000999999999748979" classname="ds.recodeLevels_smk_no_connections_or_newobj" name="new_levels_auto"/>
    <testcase time="0.00100000000020373" classname="ds.recodeLevels_smk_no_connections_or_newobj" name="new_levels_auto"/>
    <testcase time="0.000999999999748979" classname="ds.recodeLevels_smk_no_connections_or_newobj" name="new_levels_auto"/>
    <testcase time="0.00199999999995271" classname="ds.recodeLevels_smk_no_connections_or_newobj" name="new_levels_auto"/>
    <testcase time="0.00100000000020373" classname="ds.recodeLevels_smk_no_connections_or_newobj" name="new_levels_auto"/>
  </testsuite>
  <testsuite name="ds.recodeLevels::smk::shutdown" timestamp="2020-07-01T16:03:14Z" hostname="fv-az29" tests="3" skipped="0" failures="0" errors="0" time="0.286">
    <testcase time="0.284000000000106" classname="ds.recodeLevels_smk_shutdown" name="shutdown"/>
    <testcase time="0.000999999999748979" classname="ds.recodeLevels_smk_shutdown" name="shutdown"/>
    <testcase time="0.00100000000020373" classname="ds.recodeLevels_smk_shutdown" name="shutdown"/>
  </testsuite>
  <testsuite name="ds.recodeLevels::smk::done" timestamp="2020-07-01T16:03:15Z" hostname="fv-az29" tests="0" skipped="0" failures="0" errors="0" time="0"/>
  <testsuite name="ds.recodeValues::smk::setup" timestamp="2020-07-01T16:03:15Z" hostname="fv-az29" tests="3" skipped="0" failures="0" errors="0" time="5.583">
    <testcase time="5.58100000000013" classname="ds.recodeValues_smk_setup" name="setup"/>
    <testcase time="0.000999999999748979" classname="ds.recodeValues_smk_setup" name="setup"/>
    <testcase time="0.00100000000020373" classname="ds.recodeValues_smk_setup" name="setup"/>
  </testsuite>
  <testsuite name="ds.recodeValues::smk" timestamp="2020-07-01T16:03:20Z" hostname="fv-az29" tests="7" skipped="0" failures="0" errors="0" time="1.721">
    <testcase time="1.17799999999988" classname="ds.recodeValues_smk" name="simple_test"/>
    <testcase time="0.00199999999995271" classname="ds.recodeValues_smk" name="simple_test"/>
    <testcase time="0.00199999999995271" classname="ds.recodeValues_smk" name="simple_test"/>
    <testcase time="0.534999999999854" classname="ds.recodeValues_smk" name="simple_test"/>
    <testcase time="0.00200000000040745" classname="ds.recodeValues_smk" name="simple_test"/>
    <testcase time="0.000999999999748979" classname="ds.recodeValues_smk" name="simple_test"/>
    <testcase time="0.00100000000020373" classname="ds.recodeValues_smk" name="simple_test"/>
  </testsuite>
  <testsuite name="ds.recodeValues::smk::shutdown" timestamp="2020-07-01T16:03:22Z" hostname="fv-az29" tests="3" skipped="0" failures="0" errors="0" time="0.279">
    <testcase time="0.27599999999984" classname="ds.recodeValues_smk_shutdown" name="shutdown"/>
    <testcase time="0.00100000000020373" classname="ds.recodeValues_smk_shutdown" name="shutdown"/>
    <testcase time="0.00199999999995271" classname="ds.recodeValues_smk_shutdown" name="shutdown"/>
  </testsuite>
  <testsuite name="ds.recodeValues::smk::done" timestamp="2020-07-01T16:03:23Z" hostname="fv-az29" tests="0" skipped="0" failures="0" errors="0" time="0"/>
  <testsuite name="ds.rep::smk::complex setup" timestamp="2020-07-01T16:03:23Z" hostname="fv-az29" tests="3" skipped="0" failures="0" errors="0" time="5.467">
    <testcase time="5.46399999999994" classname="ds.rep_smk_complex_setup" name="setup"/>
    <testcase time="0.000999999999748979" classname="ds.rep_smk_complex_setup" name="setup"/>
    <testcase time="0.00199999999995271" classname="ds.rep_smk_complex_setup" name="setup"/>
  </testsuite>
  <testsuite name="ds.rep::smk::complex" timestamp="2020-07-01T16:03:27Z" hostname="fv-az29" tests="6" skipped="0" failures="0" errors="0" time="1.741">
    <testcase time="0.944000000000415" classname="ds.rep_smk_complex" name="complex_test"/>
    <testcase time="0.00199999999995271" classname="ds.rep_smk_complex" name="complex_test"/>
    <testcase time="0.000999999999748979" classname="ds.rep_smk_complex" name="complex_test"/>
    <testcase time="0.791000000000167" classname="ds.rep_smk_complex" name="complex_test"/>
    <testcase time="0.00199999999995271" classname="ds.rep_smk_complex" name="complex_test"/>
    <testcase time="0.000999999999748979" classname="ds.rep_smk_complex" name="complex_test"/>
  </testsuite>
  <testsuite name="ds.rep::smk::complex shutdown" timestamp="2020-07-01T16:03:29Z" hostname="fv-az29" tests="3" skipped="0" failures="0" errors="0" time="0.283">
    <testcase time="0.2800000000002" classname="ds.rep_smk_complex_shutdown" name="shutdown"/>
    <testcase time="0.00100000000020373" classname="ds.rep_smk_complex_shutdown" name="shutdown"/>
    <testcase time="0.00199999999995271" classname="ds.rep_smk_complex_shutdown" name="shutdown"/>
  </testsuite>
  <testsuite name="ds.rep::smk::complex done" timestamp="2020-07-01T16:03:30Z" hostname="fv-az29" tests="0" skipped="0" failures="0" errors="0" time="0"/>
  <testsuite name="ds.replaceNA::smk::setup" timestamp="2020-07-01T16:03:30Z" hostname="fv-az29" tests="3" skipped="0" failures="0" errors="0" time="5.574">
    <testcase time="5.57199999999966" classname="ds.replaceNA_smk_setup" name="setup"/>
    <testcase time="0.00100000000020373" classname="ds.replaceNA_smk_setup" name="setup"/>
    <testcase time="0.00100000000020373" classname="ds.replaceNA_smk_setup" name="setup"/>
  </testsuite>
  <testsuite name="ds.replaceNA::smk" timestamp="2020-07-01T16:03:35Z" hostname="fv-az29" tests="3" skipped="0" failures="0" errors="0" time="9.362">
    <testcase time="3.13599999999997" classname="ds.replaceNA_smk" name="simple_replaceNA"/>
    <testcase time="3.11099999999988" classname="ds.replaceNA_smk" name="simple_replaceNA"/>
    <testcase time="3.11499999999978" classname="ds.replaceNA_smk" name="simple_replaceNA"/>
  </testsuite>
  <testsuite name="ds.replaceNA::smk::shutdown" timestamp="2020-07-01T16:03:44Z" hostname="fv-az29" tests="3" skipped="0" failures="0" errors="0" time="0.286">
    <testcase time="0.282000000000153" classname="ds.replaceNA_smk_shutdown" name="setup"/>
    <testcase time="0.00199999999995271" classname="ds.replaceNA_smk_shutdown" name="setup"/>
    <testcase time="0.00199999999995271" classname="ds.replaceNA_smk_shutdown" name="setup"/>
  </testsuite>
  <testsuite name="ds.replaceNA::smk::done" timestamp="2020-07-01T16:03:45Z" hostname="fv-az29" tests="0" skipped="0" failures="0" errors="0" time="0"/>
  <testsuite name="ds.rep::smk::setup" timestamp="2020-07-01T16:03:45Z" hostname="fv-az29" tests="3" skipped="0" failures="0" errors="0" time="5.516">
    <testcase time="5.51400000000012" classname="ds.rep_smk_setup" name="setup"/>
    <testcase time="0.00100000000020373" classname="ds.rep_smk_setup" name="setup"/>
    <testcase time="0.000999999999748979" classname="ds.rep_smk_setup" name="setup"/>
  </testsuite>
  <testsuite name="ds.rep::smk" timestamp="2020-07-01T16:03:50Z" hostname="fv-az29" tests="3" skipped="0" failures="0" errors="0" time="0.82">
    <testcase time="0.817999999999756" classname="ds.rep_smk" name="simple_test"/>
    <testcase time="0.00100000000020373" classname="ds.rep_smk" name="simple_test"/>
    <testcase time="0.000999999999748979" classname="ds.rep_smk" name="simple_test"/>
  </testsuite>
  <testsuite name="ds.rep::smk::shutdown" timestamp="2020-07-01T16:03:51Z" hostname="fv-az29" tests="3" skipped="0" failures="0" errors="0" time="0.297">
    <testcase time="0.294000000000324" classname="ds.rep_smk_shutdown" name="shutdown"/>
    <testcase time="0.000999999999748979" classname="ds.rep_smk_shutdown" name="shutdown"/>
    <testcase time="0.00199999999995271" classname="ds.rep_smk_shutdown" name="shutdown"/>
  </testsuite>
  <testsuite name="ds.rep::smk::done" timestamp="2020-07-01T16:03:52Z" hostname="fv-az29" tests="0" skipped="0" failures="0" errors="0" time="0"/>
  <testsuite name="ds.reShape::smk::setup" timestamp="2020-07-01T16:03:52Z" hostname="fv-az29" tests="3" skipped="0" failures="0" errors="0" time="5.514">
    <testcase time="5.51099999999997" classname="ds.reShape_smk_setup" name="setup"/>
    <testcase time="0.00100000000020373" classname="ds.reShape_smk_setup" name="setup"/>
    <testcase time="0.00199999999995271" classname="ds.reShape_smk_setup" name="setup"/>
  </testsuite>
  <testsuite name="ds.reShape::smk" timestamp="2020-07-01T16:03:57Z" hostname="fv-az29" tests="3" skipped="0" failures="0" errors="0" time="1.044">
    <testcase time="1.04100000000017" classname="ds.reShape_smk" name="simplest_ds.reShape_wide"/>
    <testcase time="0.00199999999995271" classname="ds.reShape_smk" name="simplest_ds.reShape_wide"/>
    <testcase time="0.000999999999748979" classname="ds.reShape_smk" name="simplest_ds.reShape_wide"/>
  </testsuite>
  <testsuite name="ds.reShape::smk::shutdown" timestamp="2020-07-01T16:03:58Z" hostname="fv-az29" tests="3" skipped="0" failures="0" errors="0" time="0.297">
    <testcase time="0.294000000000324" classname="ds.reShape_smk_shutdown" name="shutdown"/>
    <testcase time="0.000999999999748979" classname="ds.reShape_smk_shutdown" name="shutdown"/>
    <testcase time="0.00199999999995271" classname="ds.reShape_smk_shutdown" name="shutdown"/>
  </testsuite>
  <testsuite name="ds.reShape::smk::done" timestamp="2020-07-01T16:03:59Z" hostname="fv-az29" tests="0" skipped="0" failures="0" errors="0" time="0"/>
  <testsuite name="ds.rm::smk::setup" timestamp="2020-07-01T16:03:59Z" hostname="fv-az29" tests="3" skipped="0" failures="0" errors="0" time="5.56">
    <testcase time="5.55700000000024" classname="ds.rm_smk_setup" name="setup"/>
    <testcase time="0.00199999999995271" classname="ds.rm_smk_setup" name="setup"/>
    <testcase time="0.000999999999748979" classname="ds.rm_smk_setup" name="setup"/>
  </testsuite>
  <testsuite name="ds.rm::smk" timestamp="2020-07-01T16:04:04Z" hostname="fv-az29" tests="14" skipped="0" failures="0" errors="0" time="2.171">
    <testcase time="0.288000000000011" classname="ds.rm_smk" name="simple_test"/>
    <testcase time="0.00100000000020373" classname="ds.rm_smk" name="simple_test"/>
    <testcase time="0.000999999999748979" classname="ds.rm_smk" name="simple_test"/>
    <testcase time="0.000999999999748979" classname="ds.rm_smk" name="simple_test"/>
    <testcase time="0.00200000000040745" classname="ds.rm_smk" name="simple_test"/>
    <testcase time="0.000999999999748979" classname="ds.rm_smk" name="simple_test"/>
    <testcase time="0.00199999999995271" classname="ds.rm_smk" name="simple_test"/>
    <testcase time="1.86500000000024" classname="ds.rm_smk" name="simple_test"/>
    <testcase time="0.00199999999995271" classname="ds.rm_smk" name="simple_test"/>
    <testcase time="0.000999999999748979" classname="ds.rm_smk" name="simple_test"/>
    <testcase time="0.00199999999995271" classname="ds.rm_smk" name="simple_test"/>
    <testcase time="0.00100000000020373" classname="ds.rm_smk" name="simple_test"/>
    <testcase time="0.00199999999995271" classname="ds.rm_smk" name="simple_test"/>
    <testcase time="0.00199999999995271" classname="ds.rm_smk" name="simple_test"/>
  </testsuite>
  <testsuite name="ds.rm::smk::shutdown" timestamp="2020-07-01T16:04:06Z" hostname="fv-az29" tests="3" skipped="0" failures="0" errors="0" time="0.28">
    <testcase time="0.278000000000247" classname="ds.rm_smk_shutdown" name="shutdown"/>
    <testcase time="0.000999999999748979" classname="ds.rm_smk_shutdown" name="shutdown"/>
    <testcase time="0.00100000000020373" classname="ds.rm_smk_shutdown" name="shutdown"/>
  </testsuite>
  <testsuite name="ds.rm::smk::done" timestamp="2020-07-01T16:04:07Z" hostname="fv-az29" tests="0" skipped="0" failures="0" errors="0" time="0"/>
  <testsuite name="ds.rNorm::smk::setup" timestamp="2020-07-01T16:04:07Z" hostname="fv-az29" tests="3" skipped="0" failures="0" errors="0" time="5.493">
    <testcase time="5.48999999999978" classname="ds.rNorm_smk_setup" name="setup"/>
    <testcase time="0.00100000000020373" classname="ds.rNorm_smk_setup" name="setup"/>
    <testcase time="0.00199999999995271" classname="ds.rNorm_smk_setup" name="setup"/>
  </testsuite>
  <testsuite name="ds.rNorm::smk::simple test" timestamp="2020-07-01T16:04:12Z" hostname="fv-az29" tests="11" skipped="0" failures="0" errors="0" time="2.106">
    <testcase time="2.09099999999989" classname="ds.rNorm_smk_simple_test" name="simple_test"/>
    <testcase time="0.000999999999748979" classname="ds.rNorm_smk_simple_test" name="simple_test"/>
    <testcase time="0.00199999999995271" classname="ds.rNorm_smk_simple_test" name="simple_test"/>
    <testcase time="0.00100000000020373" classname="ds.rNorm_smk_simple_test" name="simple_test"/>
    <testcase time="0.00199999999995271" classname="ds.rNorm_smk_simple_test" name="simple_test"/>
    <testcase time="0.00100000000020373" classname="ds.rNorm_smk_simple_test" name="simple_test"/>
    <testcase time="0.00199999999995271" classname="ds.rNorm_smk_simple_test" name="simple_test"/>
    <testcase time="0.00199999999995271" classname="ds.rNorm_smk_simple_test" name="simple_test"/>
    <testcase time="0.000999999999748979" classname="ds.rNorm_smk_simple_test" name="simple_test"/>
    <testcase time="0.00199999999995271" classname="ds.rNorm_smk_simple_test" name="simple_test"/>
    <testcase time="0.00100000000020373" classname="ds.rNorm_smk_simple_test" name="simple_test"/>
  </testsuite>
  <testsuite name="ds.rNorm::smk::shutdown" timestamp="2020-07-01T16:04:14Z" hostname="fv-az29" tests="3" skipped="0" failures="0" errors="0" time="0.282">
    <testcase time="0.2800000000002" classname="ds.rNorm_smk_shutdown" name="shutdown"/>
    <testcase time="0.000999999999748979" classname="ds.rNorm_smk_shutdown" name="shutdown"/>
    <testcase time="0.00100000000020373" classname="ds.rNorm_smk_shutdown" name="shutdown"/>
  </testsuite>
  <testsuite name="ds.rNorm::smk::done" timestamp="2020-07-01T16:04:15Z" hostname="fv-az29" tests="0" skipped="0" failures="0" errors="0" time="0"/>
  <testsuite name="ds.rowColCalc::smk::setup" timestamp="2020-07-01T16:04:15Z" hostname="fv-az29" tests="3" skipped="0" failures="0" errors="0" time="5.582">
    <testcase time="5.57899999999972" classname="ds.rowColCalc_smk_setup" name="setup"/>
    <testcase time="0.00100000000020373" classname="ds.rowColCalc_smk_setup" name="setup"/>
    <testcase time="0.00199999999995271" classname="ds.rowColCalc_smk_setup" name="setup"/>
  </testsuite>
  <testsuite name="ds.rowColCalc::smk" timestamp="2020-07-01T16:04:20Z" hostname="fv-az29" tests="4" skipped="0" failures="0" errors="0" time="4.617">
    <testcase time="4.61400000000003" classname="ds.rowColCalc_smk" name="rowColCalc_exists"/>
    <testcase time="0.000999999999748979" classname="ds.rowColCalc_smk" name="rowColCalc_exists"/>
    <testcase time="0.00100000000020373" classname="ds.rowColCalc_smk" name="rowColCalc_exists"/>
    <testcase time="0.00100000000020373" classname="ds.rowColCalc_smk" name="rowColCalc_exists"/>
  </testsuite>
  <testsuite name="ds.rowColCalc::smk::no newobj" timestamp="2020-07-01T16:04:24Z" hostname="fv-az29" tests="4" skipped="0" failures="0" errors="0" time="4.627">
    <testcase time="4.62299999999959" classname="ds.rowColCalc_smk_no_newobj" name="rowColCalc_out_exists"/>
    <testcase time="0.00100000000020373" classname="ds.rowColCalc_smk_no_newobj" name="rowColCalc_out_exists"/>
    <testcase time="0.00100000000020373" classname="ds.rowColCalc_smk_no_newobj" name="rowColCalc_out_exists"/>
    <testcase time="0.00199999999995271" classname="ds.rowColCalc_smk_no_newobj" name="rowColCalc_out_exists"/>
  </testsuite>
  <testsuite name="ds.rowColCalc::smk::shutdown" timestamp="2020-07-01T16:04:29Z" hostname="fv-az29" tests="3" skipped="0" failures="0" errors="0" time="0.283">
    <testcase time="0.279999999999745" classname="ds.rowColCalc_smk_shutdown" name="shutdown"/>
    <testcase time="0.00199999999995271" classname="ds.rowColCalc_smk_shutdown" name="shutdown"/>
    <testcase time="0.00100000000020373" classname="ds.rowColCalc_smk_shutdown" name="shutdown"/>
  </testsuite>
  <testsuite name="ds.rowColCalc::smk::done" timestamp="2020-07-01T16:04:30Z" hostname="fv-az29" tests="0" skipped="0" failures="0" errors="0" time="0"/>
  <testsuite name="ds.rPois::smk::setup" timestamp="2020-07-01T16:04:30Z" hostname="fv-az29" tests="3" skipped="0" failures="0" errors="0" time="5.611">
    <testcase time="5.60899999999992" classname="ds.rPois_smk_setup" name="setup"/>
    <testcase time="0.00100000000020373" classname="ds.rPois_smk_setup" name="setup"/>
    <testcase time="0.000999999999748979" classname="ds.rPois_smk_setup" name="setup"/>
  </testsuite>
  <testsuite name="ds.rPois::smk::simple test" timestamp="2020-07-01T16:04:35Z" hostname="fv-az29" tests="11" skipped="0" failures="0" errors="0" time="2.099">
    <testcase time="2.08399999999983" classname="ds.rPois_smk_simple_test" name="simple_test"/>
    <testcase time="0.00100000000020373" classname="ds.rPois_smk_simple_test" name="simple_test"/>
    <testcase time="0.00199999999995271" classname="ds.rPois_smk_simple_test" name="simple_test"/>
    <testcase time="0.00100000000020373" classname="ds.rPois_smk_simple_test" name="simple_test"/>
    <testcase time="0.00199999999995271" classname="ds.rPois_smk_simple_test" name="simple_test"/>
    <testcase time="0.000999999999748979" classname="ds.rPois_smk_simple_test" name="simple_test"/>
    <testcase time="0.00199999999995271" classname="ds.rPois_smk_simple_test" name="simple_test"/>
    <testcase time="0.00100000000020373" classname="ds.rPois_smk_simple_test" name="simple_test"/>
    <testcase time="0.00199999999995271" classname="ds.rPois_smk_simple_test" name="simple_test"/>
    <testcase time="0.00100000000020373" classname="ds.rPois_smk_simple_test" name="simple_test"/>
    <testcase time="0.00199999999995271" classname="ds.rPois_smk_simple_test" name="simple_test"/>
  </testsuite>
  <testsuite name="ds.rPois::smk::shutdown" timestamp="2020-07-01T16:04:37Z" hostname="fv-az29" tests="3" skipped="0" failures="0" errors="0" time="0.283">
    <testcase time="0.279999999999745" classname="ds.rPois_smk_shutdown" name="shutdown"/>
    <testcase time="0.00100000000020373" classname="ds.rPois_smk_shutdown" name="shutdown"/>
    <testcase time="0.00199999999995271" classname="ds.rPois_smk_shutdown" name="shutdown"/>
  </testsuite>
  <testsuite name="ds.rPois::smk::done" timestamp="2020-07-01T16:04:38Z" hostname="fv-az29" tests="0" skipped="0" failures="0" errors="0" time="0"/>
  <testsuite name="ds.rUnif::smk::setup" timestamp="2020-07-01T16:04:38Z" hostname="fv-az29" tests="3" skipped="0" failures="0" errors="0" time="5.702">
    <testcase time="5.69900000000007" classname="ds.rUnif_smk_setup" name="setup"/>
    <testcase time="0.00199999999995271" classname="ds.rUnif_smk_setup" name="setup"/>
    <testcase time="0.000999999999748979" classname="ds.rUnif_smk_setup" name="setup"/>
  </testsuite>
  <testsuite name="ds.rUnif::smk::simple test" timestamp="2020-07-01T16:04:43Z" hostname="fv-az29" tests="11" skipped="0" failures="0" errors="0" time="2.105">
    <testcase time="2.08800000000019" classname="ds.rUnif_smk_simple_test" name="simple_test"/>
    <testcase time="0.00199999999995271" classname="ds.rUnif_smk_simple_test" name="simple_test"/>
    <testcase time="0.00100000000020373" classname="ds.rUnif_smk_simple_test" name="simple_test"/>
    <testcase time="0.000999999999748979" classname="ds.rUnif_smk_simple_test" name="simple_test"/>
    <testcase time="0.00199999999995271" classname="ds.rUnif_smk_simple_test" name="simple_test"/>
    <testcase time="0.00199999999995271" classname="ds.rUnif_smk_simple_test" name="simple_test"/>
    <testcase time="0.00200000000040745" classname="ds.rUnif_smk_simple_test" name="simple_test"/>
    <testcase time="0.00199999999995271" classname="ds.rUnif_smk_simple_test" name="simple_test"/>
    <testcase time="0.000999999999748979" classname="ds.rUnif_smk_simple_test" name="simple_test"/>
    <testcase time="0.00199999999995271" classname="ds.rUnif_smk_simple_test" name="simple_test"/>
    <testcase time="0.00199999999995271" classname="ds.rUnif_smk_simple_test" name="simple_test"/>
  </testsuite>
  <testsuite name="ds.rUnif::smk::shutdown" timestamp="2020-07-01T16:04:45Z" hostname="fv-az29" tests="3" skipped="0" failures="0" errors="0" time="0.287">
    <testcase time="0.285000000000309" classname="ds.rUnif_smk_shutdown" name="shutdown"/>
    <testcase time="0.000999999999748979" classname="ds.rUnif_smk_shutdown" name="shutdown"/>
    <testcase time="0.00100000000020373" classname="ds.rUnif_smk_shutdown" name="shutdown"/>
  </testsuite>
  <testsuite name="ds.rUnif::smk::done" timestamp="2020-07-01T16:04:46Z" hostname="fv-az29" tests="0" skipped="0" failures="0" errors="0" time="0"/>
  <testsuite name="ds.sample::smk::setup" timestamp="2020-07-01T16:04:46Z" hostname="fv-az29" tests="3" skipped="0" failures="0" errors="0" time="5.644">
    <testcase time="5.64100000000008" classname="ds.sample_smk_setup" name="setup"/>
    <testcase time="0.00199999999995271" classname="ds.sample_smk_setup" name="setup"/>
    <testcase time="0.000999999999748979" classname="ds.sample_smk_setup" name="setup"/>
  </testsuite>
  <testsuite name="ds.sample::smk::test" timestamp="2020-07-01T16:04:51Z" hostname="fv-az29" tests="64" skipped="0" failures="0" errors="0" time="6.643">
    <testcase time="1.52300000000014" classname="ds.sample_smk_test" name="simple_test"/>
    <testcase time="0.00100000000020373" classname="ds.sample_smk_test" name="simple_test"/>
    <testcase time="0.00199999999995271" classname="ds.sample_smk_test" name="simple_test"/>
    <testcase time="0.266000000000076" classname="ds.sample_smk_test" name="simple_test"/>
    <testcase time="0.00199999999995271" classname="ds.sample_smk_test" name="simple_test"/>
    <testcase time="0.000999999999748979" classname="ds.sample_smk_test" name="simple_test"/>
    <testcase time="0.00100000000020373" classname="ds.sample_smk_test" name="simple_test"/>
    <testcase time="0.00199999999995271" classname="ds.sample_smk_test" name="simple_test"/>
    <testcase time="1.22499999999991" classname="ds.sample_smk_test" name="simple_test"/>
    <testcase time="0.00199999999995271" classname="ds.sample_smk_test" name="simple_test"/>
    <testcase time="0.00100000000020373" classname="ds.sample_smk_test" name="simple_test"/>
    <testcase time="0.00199999999995271" classname="ds.sample_smk_test" name="simple_test"/>
    <testcase time="0.000999999999748979" classname="ds.sample_smk_test" name="simple_test"/>
    <testcase time="0.00100000000020373" classname="ds.sample_smk_test" name="simple_test"/>
    <testcase time="0.000999999999748979" classname="ds.sample_smk_test" name="simple_test"/>
    <testcase time="0.00200000000040745" classname="ds.sample_smk_test" name="simple_test"/>
    <testcase time="0.000999999999748979" classname="ds.sample_smk_test" name="simple_test"/>
    <testcase time="0.00100000000020373" classname="ds.sample_smk_test" name="simple_test"/>
    <testcase time="0.00199999999995271" classname="ds.sample_smk_test" name="simple_test"/>
    <testcase time="0.00199999999995271" classname="ds.sample_smk_test" name="simple_test"/>
    <testcase time="0.000999999999748979" classname="ds.sample_smk_test" name="simple_test"/>
    <testcase time="0.00100000000020373" classname="ds.sample_smk_test" name="simple_test"/>
    <testcase time="0.00199999999995271" classname="ds.sample_smk_test" name="simple_test"/>
    <testcase time="0.000999999999748979" classname="ds.sample_smk_test" name="simple_test"/>
    <testcase time="0.00199999999995271" classname="ds.sample_smk_test" name="simple_test"/>
    <testcase time="0.00100000000020373" classname="ds.sample_smk_test" name="simple_test"/>
    <testcase time="0.000999999999748979" classname="ds.sample_smk_test" name="simple_test"/>
    <testcase time="0.00199999999995271" classname="ds.sample_smk_test" name="simple_test"/>
    <testcase time="0.00100000000020373" classname="ds.sample_smk_test" name="simple_test"/>
    <testcase time="0.00199999999995271" classname="ds.sample_smk_test" name="simple_test"/>
    <testcase time="0.269000000000233" classname="ds.sample_smk_test" name="simple_test"/>
    <testcase time="0.00299999999970169" classname="ds.sample_smk_test" name="simple_test"/>
    <testcase time="0.00199999999995271" classname="ds.sample_smk_test" name="simple_test"/>
    <testcase time="0.00100000000020373" classname="ds.sample_smk_test" name="simple_test"/>
    <testcase time="0.00199999999995271" classname="ds.sample_smk_test" name="simple_test"/>
    <testcase time="1.51699999999983" classname="ds.sample_smk_test" name="simple_test"/>
    <testcase time="0.00200000000040745" classname="ds.sample_smk_test" name="simple_test"/>
    <testcase time="0.00199999999995271" classname="ds.sample_smk_test" name="simple_test"/>
    <testcase time="0.268999999999778" classname="ds.sample_smk_test" name="simple_test"/>
    <testcase time="0.00199999999995271" classname="ds.sample_smk_test" name="simple_test"/>
    <testcase time="0.00199999999995271" classname="ds.sample_smk_test" name="simple_test"/>
    <testcase time="0.00199999999995271" classname="ds.sample_smk_test" name="simple_test"/>
    <testcase time="0.00200000000040745" classname="ds.sample_smk_test" name="simple_test"/>
    <testcase time="1.20399999999972" classname="ds.sample_smk_test" name="simple_test"/>
    <testcase time="0.00300000000015643" classname="ds.sample_smk_test" name="simple_test"/>
    <testcase time="0.00199999999995271" classname="ds.sample_smk_test" name="simple_test"/>
    <testcase time="0.00199999999995271" classname="ds.sample_smk_test" name="simple_test"/>
    <testcase time="0.00199999999995271" classname="ds.sample_smk_test" name="simple_test"/>
    <testcase time="0.00199999999995271" classname="ds.sample_smk_test" name="simple_test"/>
    <testcase time="0.00199999999995271" classname="ds.sample_smk_test" name="simple_test"/>
    <testcase time="0.00199999999995271" classname="ds.sample_smk_test" name="simple_test"/>
    <testcase time="0.00200000000040745" classname="ds.sample_smk_test" name="simple_test"/>
    <testcase time="0.00199999999995271" classname="ds.sample_smk_test" name="simple_test"/>
    <testcase time="0.00199999999995271" classname="ds.sample_smk_test" name="simple_test"/>
    <testcase time="0.00199999999995271" classname="ds.sample_smk_test" name="simple_test"/>
    <testcase time="0.00199999999995271" classname="ds.sample_smk_test" name="simple_test"/>
    <testcase time="0.00199999999995271" classname="ds.sample_smk_test" name="simple_test"/>
    <testcase time="0.00199999999995271" classname="ds.sample_smk_test" name="simple_test"/>
    <testcase time="0.00199999999995271" classname="ds.sample_smk_test" name="simple_test"/>
    <testcase time="0.269000000000233" classname="ds.sample_smk_test" name="simple_test"/>
    <testcase time="0.00299999999970169" classname="ds.sample_smk_test" name="simple_test"/>
    <testcase time="0.00200000000040745" classname="ds.sample_smk_test" name="simple_test"/>
    <testcase time="0.00299999999970169" classname="ds.sample_smk_test" name="simple_test"/>
    <testcase time="0.00300000000015643" classname="ds.sample_smk_test" name="simple_test"/>
  </testsuite>
  <testsuite name="ds.sample::smk::test error" timestamp="2020-07-01T16:04:57Z" hostname="fv-az29" tests="7" skipped="0" failures="0" errors="0" time="1.549">
    <testcase time="1.53999999999996" classname="ds.sample_smk_test_error" name="simple_test_error"/>
    <testcase time="0.000999999999748979" classname="ds.sample_smk_test_error" name="simple_test_error"/>
    <testcase time="0.00200000000040745" classname="ds.sample_smk_test_error" name="simple_test_error"/>
    <testcase time="0.00199999999995271" classname="ds.sample_smk_test_error" name="simple_test_error"/>
    <testcase time="0.000999999999748979" classname="ds.sample_smk_test_error" name="simple_test_error"/>
    <testcase time="0.00100000000020373" classname="ds.sample_smk_test_error" name="simple_test_error"/>
    <testcase time="0.00199999999995271" classname="ds.sample_smk_test_error" name="simple_test_error"/>
  </testsuite>
  <testsuite name="ds.sample::smk::shutdown" timestamp="2020-07-01T16:04:59Z" hostname="fv-az29" tests="3" skipped="0" failures="0" errors="0" time="0.296">
    <testcase time="0.29300000000012" classname="ds.sample_smk_shutdown" name="shutdown"/>
    <testcase time="0.000999999999748979" classname="ds.sample_smk_shutdown" name="shutdown"/>
    <testcase time="0.00199999999995271" classname="ds.sample_smk_shutdown" name="shutdown"/>
  </testsuite>
  <testsuite name="ds.sample::smk::done" timestamp="2020-07-01T16:05:00Z" hostname="fv-az29" tests="0" skipped="0" failures="0" errors="0" time="0"/>
  <testsuite name="ds.seq::smk::setup" timestamp="2020-07-01T16:05:00Z" hostname="fv-az29" tests="3" skipped="0" failures="0" errors="0" time="5.633">
    <testcase time="5.63000000000011" classname="ds.seq_smk_setup" name="setup"/>
    <testcase time="0.00199999999995271" classname="ds.seq_smk_setup" name="setup"/>
    <testcase time="0.00100000000020373" classname="ds.seq_smk_setup" name="setup"/>
  </testsuite>
  <testsuite name="ds.seq::smk" timestamp="2020-07-01T16:05:05Z" hostname="fv-az29" tests="6" skipped="0" failures="0" errors="0" time="1.707">
    <testcase time="0.895999999999731" classname="ds.seq_smk" name="simplest_ds.seq"/>
    <testcase time="0.00100000000020373" classname="ds.seq_smk" name="simplest_ds.seq"/>
    <testcase time="0.000999999999748979" classname="ds.seq_smk" name="simplest_ds.seq"/>
    <testcase time="0.80600000000004" classname="ds.seq_smk" name="simplest_ds.seq"/>
    <testcase time="0.00199999999995271" classname="ds.seq_smk" name="simplest_ds.seq"/>
    <testcase time="0.00100000000020373" classname="ds.seq_smk" name="simplest_ds.seq"/>
  </testsuite>
  <testsuite name="ds.seq::smk::shutdown" timestamp="2020-07-01T16:05:07Z" hostname="fv-az29" tests="3" skipped="0" failures="0" errors="0" time="0.287">
    <testcase time="0.284000000000106" classname="ds.seq_smk_shutdown" name="shutdown"/>
    <testcase time="0.00199999999995271" classname="ds.seq_smk_shutdown" name="shutdown"/>
    <testcase time="0.000999999999748979" classname="ds.seq_smk_shutdown" name="shutdown"/>
  </testsuite>
  <testsuite name="ds.seq::smk::done" timestamp="2020-07-01T16:05:08Z" hostname="fv-az29" tests="0" skipped="0" failures="0" errors="0" time="0"/>
  <testsuite name="ds.setSeed::smk::setup" timestamp="2020-07-01T16:05:08Z" hostname="fv-az29" tests="3" skipped="0" failures="0" errors="0" time="5.508">
    <testcase time="5.50500000000011" classname="ds.setSeed_smk_setup" name="setup"/>
    <testcase time="0.00100000000020373" classname="ds.setSeed_smk_setup" name="setup"/>
    <testcase time="0.00199999999995271" classname="ds.setSeed_smk_setup" name="setup"/>
  </testsuite>
  <testsuite name="ds.setSeed::smk" timestamp="2020-07-01T16:05:12Z" hostname="fv-az29" tests="9" skipped="0" failures="0" errors="0" time="0.319">
    <testcase time="0.306999999999789" classname="ds.setSeed_smk" name="basic_setSeed"/>
    <testcase time="0.00199999999995271" classname="ds.setSeed_smk" name="basic_setSeed"/>
    <testcase time="0.00100000000020373" classname="ds.setSeed_smk" name="basic_setSeed"/>
    <testcase time="0.00199999999995271" classname="ds.setSeed_smk" name="basic_setSeed"/>
    <testcase time="0.00100000000020373" classname="ds.setSeed_smk" name="basic_setSeed"/>
    <testcase time="0.000999999999748979" classname="ds.setSeed_smk" name="basic_setSeed"/>
    <testcase time="0.00199999999995271" classname="ds.setSeed_smk" name="basic_setSeed"/>
    <testcase time="0.00100000000020373" classname="ds.setSeed_smk" name="basic_setSeed"/>
    <testcase time="0.00199999999995271" classname="ds.setSeed_smk" name="basic_setSeed"/>
  </testsuite>
  <testsuite name="ds.setSeed::smk::shutdown" timestamp="2020-07-01T16:05:13Z" hostname="fv-az29" tests="3" skipped="0" failures="0" errors="0" time="0.283">
    <testcase time="0.279999999999745" classname="ds.setSeed_smk_shutdown" name="shutdown"/>
    <testcase time="0.00200000000040745" classname="ds.setSeed_smk_shutdown" name="shutdown"/>
    <testcase time="0.000999999999748979" classname="ds.setSeed_smk_shutdown" name="shutdown"/>
  </testsuite>
  <testsuite name="ds.setSeed::smk::done" timestamp="2020-07-01T16:05:14Z" hostname="fv-az29" tests="0" skipped="0" failures="0" errors="0" time="0"/>
  <testsuite name="ds.subsetByClass::smk::setup" timestamp="2020-07-01T16:05:14Z" hostname="fv-az29" tests="3" skipped="0" failures="0" errors="0" time="5.564">
    <testcase time="5.56100000000015" classname="ds.subsetByClass_smk_setup" name="setup"/>
    <testcase time="0.000999999999748979" classname="ds.subsetByClass_smk_setup" name="setup"/>
    <testcase time="0.00199999999995271" classname="ds.subsetByClass_smk_setup" name="setup"/>
  </testsuite>
  <testsuite name="ds.subsetByClass::smk" timestamp="2020-07-01T16:05:19Z" hostname="fv-az29" tests="22" skipped="0" failures="0" errors="0" time="9.261">
    <testcase time="4.34700000000021" classname="ds.subsetByClass_smk" name="gender_implicit"/>
    <testcase time="0.268999999999778" classname="ds.subsetByClass_smk" name="gender_implicit"/>
    <testcase time="0.00100000000020373" classname="ds.subsetByClass_smk" name="gender_implicit"/>
    <testcase time="0.00100000000020373" classname="ds.subsetByClass_smk" name="gender_implicit"/>
    <testcase time="0.000999999999748979" classname="ds.subsetByClass_smk" name="gender_implicit"/>
    <testcase time="0.00199999999995271" classname="ds.subsetByClass_smk" name="gender_implicit"/>
    <testcase time="0.00100000000020373" classname="ds.subsetByClass_smk" name="gender_implicit"/>
    <testcase time="0.00199999999995271" classname="ds.subsetByClass_smk" name="gender_implicit"/>
    <testcase time="0.000999999999748979" classname="ds.subsetByClass_smk" name="gender_implicit"/>
    <testcase time="0.00100000000020373" classname="ds.subsetByClass_smk" name="gender_implicit"/>
    <testcase time="0.00199999999995271" classname="ds.subsetByClass_smk" name="gender_implicit"/>
    <testcase time="4.35100000000011" classname="ds.subsetByClass_smk" name="gender_explicit"/>
    <testcase time="0.266999999999825" classname="ds.subsetByClass_smk" name="gender_explicit"/>
    <testcase time="0.00100000000020373" classname="ds.subsetByClass_smk" name="gender_explicit"/>
    <testcase time="0.00199999999995271" classname="ds.subsetByClass_smk" name="gender_explicit"/>
    <testcase time="0.00199999999995271" classname="ds.subsetByClass_smk" name="gender_explicit"/>
    <testcase time="0.00100000000020373" classname="ds.subsetByClass_smk" name="gender_explicit"/>
    <testcase time="0.00199999999995271" classname="ds.subsetByClass_smk" name="gender_explicit"/>
    <testcase time="0.00199999999995271" classname="ds.subsetByClass_smk" name="gender_explicit"/>
    <testcase time="0.00199999999995271" classname="ds.subsetByClass_smk" name="gender_explicit"/>
    <testcase time="0.00199999999995271" classname="ds.subsetByClass_smk" name="gender_explicit"/>
    <testcase time="0.000999999999748979" classname="ds.subsetByClass_smk" name="gender_explicit"/>
  </testsuite>
  <testsuite name="ds.subsetByClass::smk::shutdown" timestamp="2020-07-01T16:05:28Z" hostname="fv-az29" tests="3" skipped="0" failures="0" errors="0" time="0.281">
    <testcase time="0.278000000000247" classname="ds.subsetByClass_smk_shutdown" name="shutdown"/>
    <testcase time="0.00199999999995271" classname="ds.subsetByClass_smk_shutdown" name="shutdown"/>
    <testcase time="0.00100000000020373" classname="ds.subsetByClass_smk_shutdown" name="shutdown"/>
  </testsuite>
  <testsuite name="ds.subsetByClass::smk::done" timestamp="2020-07-01T16:05:29Z" hostname="fv-az29" tests="0" skipped="0" failures="0" errors="0" time="0"/>
  <testsuite name="ds.subset::smk::setup" timestamp="2020-07-01T16:05:29Z" hostname="fv-az29" tests="3" skipped="0" failures="0" errors="0" time="5.537">
    <testcase time="5.53399999999965" classname="ds.subset_smk_setup" name="setup"/>
    <testcase time="0.00199999999995271" classname="ds.subset_smk_setup" name="setup"/>
    <testcase time="0.00100000000020373" classname="ds.subset_smk_setup" name="setup"/>
  </testsuite>
  <testsuite name="ds.subset::smk::generate a subset of the assigned table (by default the table is named 'D') with the first 50 observations and the two first columns" timestamp="2020-07-01T16:05:34Z" hostname="fv-az29" tests="4" skipped="0" failures="0" errors="0" time="2.785">
    <testcase time="2.78099999999995" classname="ds.subset_smk_generate_a_subset_of_the_assigned_table_by_default_the_table_is_named_D_with_the_first_50_observations_and_the_two_first_columns" name="subD_exists"/>
    <testcase time="0.00100000000020373" classname="ds.subset_smk_generate_a_subset_of_the_assigned_table_by_default_the_table_is_named_D_with_the_first_50_observations_and_the_two_first_columns" name="subD_exists"/>
    <testcase time="0.00199999999995271" classname="ds.subset_smk_generate_a_subset_of_the_assigned_table_by_default_the_table_is_named_D_with_the_first_50_observations_and_the_two_first_columns" name="subD_exists"/>
    <testcase time="0.000999999999748979" classname="ds.subset_smk_generate_a_subset_of_the_assigned_table_by_default_the_table_is_named_D_with_the_first_50_observations_and_the_two_first_columns" name="subD_exists"/>
  </testsuite>
  <testsuite name="ds.subset::smk::generate a subset of the assigned table (by default the table is named 'D') with the first 50 observations and the two first columns refered to by their names" timestamp="2020-07-01T16:05:36Z" hostname="fv-az29" tests="4" skipped="0" failures="0" errors="0" time="2.653">
    <testcase time="2.64900000000034" classname="ds.subset_smk_generate_a_subset_of_the_assigned_table_by_default_the_table_is_named_D_with_the_first_50_observations_and_the_two_first_columns_refered_to_by_their_names" name="subD2_exists"/>
    <testcase time="0.00199999999995271" classname="ds.subset_smk_generate_a_subset_of_the_assigned_table_by_default_the_table_is_named_D_with_the_first_50_observations_and_the_two_first_columns_refered_to_by_their_names" name="subD2_exists"/>
    <testcase time="0.000999999999748979" classname="ds.subset_smk_generate_a_subset_of_the_assigned_table_by_default_the_table_is_named_D_with_the_first_50_observations_and_the_two_first_columns_refered_to_by_their_names" name="subD2_exists"/>
    <testcase time="0.00100000000020373" classname="ds.subset_smk_generate_a_subset_of_the_assigned_table_by_default_the_table_is_named_D_with_the_first_50_observations_and_the_two_first_columns_refered_to_by_their_names" name="subD2_exists"/>
  </testsuite>
  <testsuite name="ds.subset::smk::generate a subset of the table D with bmi values greater than or equal to 25." timestamp="2020-07-01T16:05:39Z" hostname="fv-az29" tests="4" skipped="0" failures="0" errors="0" time="1.508">
    <testcase time="1.50399999999991" classname="ds.subset_smk_generate_a_subset_of_the_table_D_with_bmi_values_greater_than_or_equal_to_25." name="subD3_exists"/>
    <testcase time="0.00100000000020373" classname="ds.subset_smk_generate_a_subset_of_the_table_D_with_bmi_values_greater_than_or_equal_to_25." name="subD3_exists"/>
    <testcase time="0.000999999999748979" classname="ds.subset_smk_generate_a_subset_of_the_table_D_with_bmi_values_greater_than_or_equal_to_25." name="subD3_exists"/>
    <testcase time="0.00199999999995271" classname="ds.subset_smk_generate_a_subset_of_the_table_D_with_bmi_values_greater_than_or_equal_to_25." name="subD3_exists"/>
  </testsuite>
  <testsuite name="ds.subset::smk::shutdown" timestamp="2020-07-01T16:05:41Z" hostname="fv-az29" tests="3" skipped="0" failures="0" errors="0" time="0.291">
    <testcase time="0.288000000000011" classname="ds.subset_smk_shutdown" name="shutdown"/>
    <testcase time="0.00100000000020373" classname="ds.subset_smk_shutdown" name="shutdown"/>
    <testcase time="0.00199999999995271" classname="ds.subset_smk_shutdown" name="shutdown"/>
  </testsuite>
  <testsuite name="ds.subset::smk::done" timestamp="2020-07-01T16:05:42Z" hostname="fv-az29" tests="0" skipped="0" failures="0" errors="0" time="0"/>
  <testsuite name="ds.summary::smk::setup" timestamp="2020-07-01T16:05:42Z" hostname="fv-az29" tests="3" skipped="0" failures="0" errors="0" time="5.751">
    <testcase time="5.74800000000005" classname="ds.summary_smk_setup" name="setup"/>
    <testcase time="0.00199999999995271" classname="ds.summary_smk_setup" name="setup"/>
    <testcase time="0.000999999999748979" classname="ds.summary_smk_setup" name="setup"/>
  </testsuite>
  <testsuite name="ds.summary::smk::summary of a numerical variable" timestamp="2020-07-01T16:05:47Z" hostname="fv-az29" tests="3" skipped="0" failures="0" errors="0" time="3.283">
    <testcase time="3.2800000000002" classname="ds.summary_smk_summary_of_a_numerical_variable" name="summary_numerical_variable"/>
    <testcase time="0.00199999999995271" classname="ds.summary_smk_summary_of_a_numerical_variable" name="summary_numerical_variable"/>
    <testcase time="0.00100000000020373" classname="ds.summary_smk_summary_of_a_numerical_variable" name="summary_numerical_variable"/>
  </testsuite>
  <testsuite name="ds.summary::smk::summary of a character variable" timestamp="2020-07-01T16:05:50Z" hostname="fv-az29" tests="2" skipped="0" failures="0" errors="0" time="3.223">
    <testcase time="3.221" classname="ds.summary_smk_summary_of_a_character_variable" name="summary_character_variable"/>
    <testcase time="0.00199999999995271" classname="ds.summary_smk_summary_of_a_character_variable" name="summary_character_variable"/>
  </testsuite>
  <testsuite name="ds.summary::smk::summary of a factor variable" timestamp="2020-07-01T16:05:53Z" hostname="fv-az29" tests="22" skipped="0" failures="0" errors="0" time="4.873">
    <testcase time="4.83699999999999" classname="ds.summary_smk_summary_of_a_factor_variable" name="summary_factor_variable"/>
    <testcase time="0.000999999999748979" classname="ds.summary_smk_summary_of_a_factor_variable" name="summary_factor_variable"/>
    <testcase time="0.00100000000020373" classname="ds.summary_smk_summary_of_a_factor_variable" name="summary_factor_variable"/>
    <testcase time="0.00100000000020373" classname="ds.summary_smk_summary_of_a_factor_variable" name="summary_factor_variable"/>
    <testcase time="0.000999999999748979" classname="ds.summary_smk_summary_of_a_factor_variable" name="summary_factor_variable"/>
    <testcase time="0.00200000000040745" classname="ds.summary_smk_summary_of_a_factor_variable" name="summary_factor_variable"/>
    <testcase time="0.00199999999995271" classname="ds.summary_smk_summary_of_a_factor_variable" name="summary_factor_variable"/>
    <testcase time="0.000999999999748979" classname="ds.summary_smk_summary_of_a_factor_variable" name="summary_factor_variable"/>
    <testcase time="0.00199999999995271" classname="ds.summary_smk_summary_of_a_factor_variable" name="summary_factor_variable"/>
    <testcase time="0.00199999999995271" classname="ds.summary_smk_summary_of_a_factor_variable" name="summary_factor_variable"/>
    <testcase time="0.00100000000020373" classname="ds.summary_smk_summary_of_a_factor_variable" name="summary_factor_variable"/>
    <testcase time="0.00199999999995271" classname="ds.summary_smk_summary_of_a_factor_variable" name="summary_factor_variable"/>
    <testcase time="0.00199999999995271" classname="ds.summary_smk_summary_of_a_factor_variable" name="summary_factor_variable"/>
    <testcase time="0.00199999999995271" classname="ds.summary_smk_summary_of_a_factor_variable" name="summary_factor_variable"/>
    <testcase time="0.00199999999995271" classname="ds.summary_smk_summary_of_a_factor_variable" name="summary_factor_variable"/>
    <testcase time="0.00200000000040745" classname="ds.summary_smk_summary_of_a_factor_variable" name="summary_factor_variable"/>
    <testcase time="0.00199999999995271" classname="ds.summary_smk_summary_of_a_factor_variable" name="summary_factor_variable"/>
    <testcase time="0.00199999999995271" classname="ds.summary_smk_summary_of_a_factor_variable" name="summary_factor_variable"/>
    <testcase time="0.00199999999995271" classname="ds.summary_smk_summary_of_a_factor_variable" name="summary_factor_variable"/>
    <testcase time="0.00199999999995271" classname="ds.summary_smk_summary_of_a_factor_variable" name="summary_factor_variable"/>
    <testcase time="0.00199999999995271" classname="ds.summary_smk_summary_of_a_factor_variable" name="summary_factor_variable"/>
    <testcase time="0.00199999999995271" classname="ds.summary_smk_summary_of_a_factor_variable" name="summary_factor_variable"/>
  </testsuite>
  <testsuite name="ds.summary::smk::summary of a list variable" timestamp="2020-07-01T16:05:58Z" hostname="fv-az29" tests="10" skipped="0" failures="0" errors="0" time="2.786">
    <testcase time="2.77199999999993" classname="ds.summary_smk_summary_of_a_list_variable" name="summary_list_variable"/>
    <testcase time="0.00199999999995271" classname="ds.summary_smk_summary_of_a_list_variable" name="summary_list_variable"/>
    <testcase time="0.00100000000020373" classname="ds.summary_smk_summary_of_a_list_variable" name="summary_list_variable"/>
    <testcase time="0.00100000000020373" classname="ds.summary_smk_summary_of_a_list_variable" name="summary_list_variable"/>
    <testcase time="0.00199999999995271" classname="ds.summary_smk_summary_of_a_list_variable" name="summary_list_variable"/>
    <testcase time="0.000999999999748979" classname="ds.summary_smk_summary_of_a_list_variable" name="summary_list_variable"/>
    <testcase time="0.00199999999995271" classname="ds.summary_smk_summary_of_a_list_variable" name="summary_list_variable"/>
    <testcase time="0.00100000000020373" classname="ds.summary_smk_summary_of_a_list_variable" name="summary_list_variable"/>
    <testcase time="0.00199999999995271" classname="ds.summary_smk_summary_of_a_list_variable" name="summary_list_variable"/>
    <testcase time="0.00199999999995271" classname="ds.summary_smk_summary_of_a_list_variable" name="summary_list_variable"/>
  </testsuite>
  <testsuite name="ds.summary::smk::summary of a data frame" timestamp="2020-07-01T16:06:01Z" hostname="fv-az29" tests="5" skipped="0" failures="0" errors="0" time="3.145">
    <testcase time="3.13799999999992" classname="ds.summary_smk_summary_of_a_data_frame" name="summary_data_frame"/>
    <testcase time="0.00199999999995271" classname="ds.summary_smk_summary_of_a_data_frame" name="summary_data_frame"/>
    <testcase time="0.00199999999995271" classname="ds.summary_smk_summary_of_a_data_frame" name="summary_data_frame"/>
    <testcase time="0.00200000000040745" classname="ds.summary_smk_summary_of_a_data_frame" name="summary_data_frame"/>
    <testcase time="0.000999999999748979" classname="ds.summary_smk_summary_of_a_data_frame" name="summary_data_frame"/>
  </testsuite>
  <testsuite name="ds.summary::smk::teardown" timestamp="2020-07-01T16:06:04Z" hostname="fv-az29" tests="3" skipped="0" failures="0" errors="0" time="0.299">
    <testcase time="0.295999999999822" classname="ds.summary_smk_teardown" name="shutdown"/>
    <testcase time="0.00200000000040745" classname="ds.summary_smk_teardown" name="shutdown"/>
    <testcase time="0.000999999999748979" classname="ds.summary_smk_teardown" name="shutdown"/>
  </testsuite>
  <testsuite name="ds.summary::smk::done" timestamp="2020-07-01T16:06:05Z" hostname="fv-az29" tests="0" skipped="0" failures="0" errors="0" time="0"/>
  <testsuite name="ds.table1D::smk::setup" timestamp="2020-07-01T16:06:05Z" hostname="fv-az29" tests="3" skipped="0" failures="0" errors="0" time="5.631">
    <testcase time="5.62800000000016" classname="ds.table1D_smk_setup" name="setup"/>
    <testcase time="0.000999999999748979" classname="ds.table1D_smk_setup" name="setup"/>
    <testcase time="0.00199999999995271" classname="ds.table1D_smk_setup" name="setup"/>
  </testsuite>
  <testsuite name="ds.table1D::smk::generate a one dimensional table, outputting combined contingency tables" timestamp="2020-07-01T16:06:10Z" hostname="fv-az29" tests="3" skipped="0" failures="0" errors="0" time="1.245">
    <testcase time="1.24200000000019" classname="ds.table1D_smk_generate_a_one_dimensional_table_outputting_combined_contingency_tables" name="GENDER_normal"/>
    <testcase time="0.00199999999995271" classname="ds.table1D_smk_generate_a_one_dimensional_table_outputting_combined_contingency_tables" name="GENDER_normal"/>
    <testcase time="0.00100000000020373" classname="ds.table1D_smk_generate_a_one_dimensional_table_outputting_combined_contingency_tables" name="GENDER_normal"/>
  </testsuite>
  <testsuite name="ds.table1D::smk::generate a one dimensional table, outputting combined contingency tables fail" timestamp="2020-07-01T16:06:11Z" hostname="fv-az29" tests="1" skipped="1" failures="0" errors="0" time="1.248">
    <testcase time="1.24800000000005" classname="ds.table1D_smk_generate_a_one_dimensional_table_outputting_combined_contingency_tables_fail" name="DIS_CVA_invalid">
      <skipped/>
    </testcase>
  </testsuite>
  <testsuite name="ds.table1D::smk::generate a one dimensional table, outputting combined contingency tables fail split" timestamp="2020-07-01T16:06:12Z" hostname="fv-az29" tests="1" skipped="1" failures="0" errors="0" time="1.226">
    <testcase time="1.22599999999966" classname="ds.table1D_smk_generate_a_one_dimensional_table_outputting_combined_contingency_tables_fail_split" name="DIS_CVA_invalid_split">
      <skipped/>
    </testcase>
  </testsuite>
  <testsuite name="ds.table1D::smk::generate a one dimensional table, outputting study specific contingency tables" timestamp="2020-07-01T16:06:14Z" hostname="fv-az29" tests="4" skipped="0" failures="0" errors="0" time="1.246">
    <testcase time="1.24099999999999" classname="ds.table1D_smk_generate_a_one_dimensional_table_outputting_study_specific_contingency_tables" name="GENDER_split"/>
    <testcase time="0.00199999999995271" classname="ds.table1D_smk_generate_a_one_dimensional_table_outputting_study_specific_contingency_tables" name="GENDER_split"/>
    <testcase time="0.00200000000040745" classname="ds.table1D_smk_generate_a_one_dimensional_table_outputting_study_specific_contingency_tables" name="GENDER_split"/>
    <testcase time="0.000999999999748979" classname="ds.table1D_smk_generate_a_one_dimensional_table_outputting_study_specific_contingency_tables" name="GENDER_split"/>
  </testsuite>
  <testsuite name="ds.table1D::smk::generate a one dimensional table, outputting study specific contingency tables for study 1 and 2" timestamp="2020-07-01T16:06:15Z" hostname="fv-az29" tests="4" skipped="0" failures="0" errors="0" time="0.983">
    <testcase time="0.979000000000269" classname="ds.table1D_smk_generate_a_one_dimensional_table_outputting_study_specific_contingency_tables_for_study_1_and_2" name="GENDER_split_12"/>
    <testcase time="0.000999999999748979" classname="ds.table1D_smk_generate_a_one_dimensional_table_outputting_study_specific_contingency_tables_for_study_1_and_2" name="GENDER_split_12"/>
    <testcase time="0.00199999999995271" classname="ds.table1D_smk_generate_a_one_dimensional_table_outputting_study_specific_contingency_tables_for_study_1_and_2" name="GENDER_split_12"/>
    <testcase time="0.00100000000020373" classname="ds.table1D_smk_generate_a_one_dimensional_table_outputting_study_specific_contingency_tables_for_study_1_and_2" name="GENDER_split_12"/>
  </testsuite>
  <testsuite name="ds.table1D::smk::generate a one dimensional table, outputting study specific and combined contingency tables" timestamp="2020-07-01T16:06:16Z" hostname="fv-az29" tests="3" skipped="0" failures="0" errors="0" time="1.241">
    <testcase time="1.23799999999983" classname="ds.table1D_smk_generate_a_one_dimensional_table_outputting_study_specific_and_combined_contingency_tables" name="GENDER_normal_2"/>
    <testcase time="0.00100000000020373" classname="ds.table1D_smk_generate_a_one_dimensional_table_outputting_study_specific_and_combined_contingency_tables" name="GENDER_normal_2"/>
    <testcase time="0.00199999999995271" classname="ds.table1D_smk_generate_a_one_dimensional_table_outputting_study_specific_and_combined_contingency_tables" name="GENDER_normal_2"/>
  </testsuite>
  <testsuite name="ds.table1D::smk::shutdown" timestamp="2020-07-01T16:06:17Z" hostname="fv-az29" tests="3" skipped="0" failures="0" errors="0" time="0.289">
    <testcase time="0.284999999999854" classname="ds.table1D_smk_shutdown" name="shutdown"/>
    <testcase time="0.00199999999995271" classname="ds.table1D_smk_shutdown" name="shutdown"/>
    <testcase time="0.00199999999995271" classname="ds.table1D_smk_shutdown" name="shutdown"/>
  </testsuite>
  <testsuite name="ds.table1D::smk::done" timestamp="2020-07-01T16:06:18Z" hostname="fv-az29" tests="0" skipped="0" failures="0" errors="0" time="0"/>
  <testsuite name="ds.table2D::smk::setup" timestamp="2020-07-01T16:06:18Z" hostname="fv-az29" tests="3" skipped="0" failures="0" errors="0" time="5.567">
    <testcase time="5.56400000000031" classname="ds.table2D_smk_setup" name="setup"/>
    <testcase time="0.000999999999748979" classname="ds.table2D_smk_setup" name="setup"/>
    <testcase time="0.00199999999995271" classname="ds.table2D_smk_setup" name="setup"/>
  </testsuite>
  <testsuite name="ds.table2D::smk" timestamp="2020-07-01T16:06:23Z" hostname="fv-az29" tests="22" skipped="0" failures="0" errors="0" time="1.05">
    <testcase time="1.01800000000003" classname="ds.table2D_smk" name="simple_table2D"/>
    <testcase time="0.00100000000020373" classname="ds.table2D_smk" name="simple_table2D"/>
    <testcase time="0.00199999999995271" classname="ds.table2D_smk" name="simple_table2D"/>
    <testcase time="0.000999999999748979" classname="ds.table2D_smk" name="simple_table2D"/>
    <testcase time="0.00100000000020373" classname="ds.table2D_smk" name="simple_table2D"/>
    <testcase time="0.00100000000020373" classname="ds.table2D_smk" name="simple_table2D"/>
    <testcase time="0.00199999999995271" classname="ds.table2D_smk" name="simple_table2D"/>
    <testcase time="0.000999999999748979" classname="ds.table2D_smk" name="simple_table2D"/>
    <testcase time="0.00199999999995271" classname="ds.table2D_smk" name="simple_table2D"/>
    <testcase time="0.00100000000020373" classname="ds.table2D_smk" name="simple_table2D"/>
    <testcase time="0.00199999999995271" classname="ds.table2D_smk" name="simple_table2D"/>
    <testcase time="0.000999999999748979" classname="ds.table2D_smk" name="simple_table2D"/>
    <testcase time="0.00100000000020373" classname="ds.table2D_smk" name="simple_table2D"/>
    <testcase time="0.00199999999995271" classname="ds.table2D_smk" name="simple_table2D"/>
    <testcase time="0.00199999999995271" classname="ds.table2D_smk" name="simple_table2D"/>
    <testcase time="0.00199999999995271" classname="ds.table2D_smk" name="simple_table2D"/>
    <testcase time="0.000999999999748979" classname="ds.table2D_smk" name="simple_table2D"/>
    <testcase time="0.00200000000040745" classname="ds.table2D_smk" name="simple_table2D"/>
    <testcase time="0.000999999999748979" classname="ds.table2D_smk" name="simple_table2D"/>
    <testcase time="0.00199999999995271" classname="ds.table2D_smk" name="simple_table2D"/>
    <testcase time="0.00199999999995271" classname="ds.table2D_smk" name="simple_table2D"/>
    <testcase time="0.00199999999995271" classname="ds.table2D_smk" name="simple_table2D"/>
  </testsuite>
  <testsuite name="ds.table2D::smk::shutdown" timestamp="2020-07-01T16:06:24Z" hostname="fv-az29" tests="3" skipped="0" failures="0" errors="0" time="0.286">
    <testcase time="0.284000000000106" classname="ds.table2D_smk_shutdown" name="shutdown"/>
    <testcase time="0.00100000000020373" classname="ds.table2D_smk_shutdown" name="shutdown"/>
    <testcase time="0.000999999999748979" classname="ds.table2D_smk_shutdown" name="shutdown"/>
  </testsuite>
  <testsuite name="ds.table2D::smk::done" timestamp="2020-07-01T16:06:25Z" hostname="fv-az29" tests="0" skipped="0" failures="0" errors="0" time="0"/>
  <testsuite name="ds.table::smk::setup" timestamp="2020-07-01T16:06:25Z" hostname="fv-az29" tests="3" skipped="0" failures="0" errors="0" time="5.725">
    <testcase time="5.72200000000021" classname="ds.table_smk_setup" name="setup"/>
    <testcase time="0.000999999999748979" classname="ds.table_smk_setup" name="setup"/>
    <testcase time="0.00199999999995271" classname="ds.table_smk_setup" name="setup"/>
  </testsuite>
  <testsuite name="ds.table::smk" timestamp="2020-07-01T16:06:30Z" hostname="fv-az29" tests="32" skipped="0" failures="0" errors="0" time="13.73">
    <testcase time="5.5590000000002" classname="ds.table_smk" name="simple_table"/>
    <testcase time="0.00399999999990541" classname="ds.table_smk" name="simple_table"/>
    <testcase time="0.00199999999995271" classname="ds.table_smk" name="simple_table"/>
    <testcase time="0.81899999999996" classname="ds.table_smk" name="simple_table"/>
    <testcase time="0.00100000000020373" classname="ds.table_smk" name="simple_table"/>
    <testcase time="0.00100000000020373" classname="ds.table_smk" name="simple_table"/>
    <testcase time="0.00199999999995271" classname="ds.table_smk" name="simple_table"/>
    <testcase time="0.000999999999748979" classname="ds.table_smk" name="simple_table"/>
    <testcase time="0.00100000000020373" classname="ds.table_smk" name="simple_table"/>
    <testcase time="0.00199999999995271" classname="ds.table_smk" name="simple_table"/>
    <testcase time="0.000999999999748979" classname="ds.table_smk" name="simple_table"/>
    <testcase time="0.00200000000040745" classname="ds.table_smk" name="simple_table"/>
    <testcase time="0.00199999999995271" classname="ds.table_smk" name="simple_table"/>
    <testcase time="0.00199999999995271" classname="ds.table_smk" name="simple_table"/>
    <testcase time="0.000999999999748979" classname="ds.table_smk" name="simple_table"/>
    <testcase time="0.00199999999995271" classname="ds.table_smk" name="simple_table"/>
    <testcase time="0.00100000000020373" classname="ds.table_smk" name="simple_table"/>
    <testcase time="0.00100000000020373" classname="ds.table_smk" name="simple_table"/>
    <testcase time="0.00199999999995271" classname="ds.table_smk" name="simple_table"/>
    <testcase time="5.39499999999998" classname="ds.table_smk" name="simple_table_with_assign"/>
    <testcase time="0.00199999999995271" classname="ds.table_smk" name="simple_table_with_assign"/>
    <testcase time="0.000999999999748979" classname="ds.table_smk" name="simple_table_with_assign"/>
    <testcase time="1.09500000000025" classname="ds.table_smk" name="simple_table_with_assign"/>
    <testcase time="0.275000000000091" classname="ds.table_smk" name="simple_table_with_assign"/>
    <testcase time="0.00199999999995271" classname="ds.table_smk" name="simple_table_with_assign"/>
    <testcase time="0.00199999999995271" classname="ds.table_smk" name="simple_table_with_assign"/>
    <testcase time="0.00299999999970169" classname="ds.table_smk" name="simple_table_with_assign"/>
    <testcase time="0.00200000000040745" classname="ds.table_smk" name="simple_table_with_assign"/>
    <testcase time="0.541999999999916" classname="ds.table_smk" name="simple_table_with_assign"/>
    <testcase time="0.00199999999995271" classname="ds.table_smk" name="simple_table_with_assign"/>
    <testcase time="0.00100000000020373" classname="ds.table_smk" name="simple_table_with_assign"/>
    <testcase time="0.00199999999995271" classname="ds.table_smk" name="simple_table_with_assign"/>
  </testsuite>
  <testsuite name="ds.table::smk::shutdown" timestamp="2020-07-01T16:06:44Z" hostname="fv-az29" tests="3" skipped="0" failures="0" errors="0" time="0.288">
    <testcase time="0.284999999999854" classname="ds.table_smk_shutdown" name="shutdown"/>
    <testcase time="0.00100000000020373" classname="ds.table_smk_shutdown" name="shutdown"/>
    <testcase time="0.00199999999995271" classname="ds.table_smk_shutdown" name="shutdown"/>
  </testsuite>
  <testsuite name="ds.table::smk::done" timestamp="2020-07-01T16:06:45Z" hostname="fv-az29" tests="0" skipped="0" failures="0" errors="0" time="0"/>
  <testsuite name="ds.tapply.assign::smk::setup" timestamp="2020-07-01T16:06:45Z" hostname="fv-az29" tests="3" skipped="0" failures="0" errors="0" time="5.656">
    <testcase time="5.65299999999979" classname="ds.tapply.assign_smk_setup" name="setup"/>
    <testcase time="0.00100000000020373" classname="ds.tapply.assign_smk_setup" name="setup"/>
    <testcase time="0.00199999999995271" classname="ds.tapply.assign_smk_setup" name="setup"/>
  </testsuite>
  <testsuite name="ds.tapply.assign::smk::fun=mean" timestamp="2020-07-01T16:06:51Z" hostname="fv-az29" tests="8" skipped="0" failures="0" errors="0" time="2.169">
    <testcase time="1.88700000000017" classname="ds.tapply.assign_smk_fun_mean" name="simplest_ds.tapply.assign_fun_mean"/>
    <testcase time="0.00199999999995271" classname="ds.tapply.assign_smk_fun_mean" name="simplest_ds.tapply.assign_fun_mean"/>
    <testcase time="0.00199999999995271" classname="ds.tapply.assign_smk_fun_mean" name="simplest_ds.tapply.assign_fun_mean"/>
    <testcase time="0.271999999999935" classname="ds.tapply.assign_smk_fun_mean" name="simplest_ds.tapply.assign_fun_mean"/>
    <testcase time="0.00199999999995271" classname="ds.tapply.assign_smk_fun_mean" name="simplest_ds.tapply.assign_fun_mean"/>
    <testcase time="0.00100000000020373" classname="ds.tapply.assign_smk_fun_mean" name="simplest_ds.tapply.assign_fun_mean"/>
    <testcase time="0.00199999999995271" classname="ds.tapply.assign_smk_fun_mean" name="simplest_ds.tapply.assign_fun_mean"/>
    <testcase time="0.000999999999748979" classname="ds.tapply.assign_smk_fun_mean" name="simplest_ds.tapply.assign_fun_mean"/>
  </testsuite>
  <testsuite name="ds.tapply.assign::smk::fun=sd" timestamp="2020-07-01T16:06:52Z" hostname="fv-az29" tests="8" skipped="0" failures="0" errors="0" time="1.112">
    <testcase time="0.822000000000116" classname="ds.tapply.assign_smk_fun_sd" name="simplest_ds.tapply.assign_fun_sd"/>
    <testcase time="0.00199999999995271" classname="ds.tapply.assign_smk_fun_sd" name="simplest_ds.tapply.assign_fun_sd"/>
    <testcase time="0.00100000000020373" classname="ds.tapply.assign_smk_fun_sd" name="simplest_ds.tapply.assign_fun_sd"/>
    <testcase time="0.279999999999745" classname="ds.tapply.assign_smk_fun_sd" name="simplest_ds.tapply.assign_fun_sd"/>
    <testcase time="0.00199999999995271" classname="ds.tapply.assign_smk_fun_sd" name="simplest_ds.tapply.assign_fun_sd"/>
    <testcase time="0.00200000000040745" classname="ds.tapply.assign_smk_fun_sd" name="simplest_ds.tapply.assign_fun_sd"/>
    <testcase time="0.000999999999748979" classname="ds.tapply.assign_smk_fun_sd" name="simplest_ds.tapply.assign_fun_sd"/>
    <testcase time="0.00199999999995271" classname="ds.tapply.assign_smk_fun_sd" name="simplest_ds.tapply.assign_fun_sd"/>
  </testsuite>
  <testsuite name="ds.tapply.assign::smk::fun=sum" timestamp="2020-07-01T16:06:53Z" hostname="fv-az29" tests="8" skipped="0" failures="0" errors="0" time="1.107">
    <testcase time="0.829999999999927" classname="ds.tapply.assign_smk_fun_sum" name="simplest_ds.tapply.assign_fun_sum"/>
    <testcase time="0.00100000000020373" classname="ds.tapply.assign_smk_fun_sum" name="simplest_ds.tapply.assign_fun_sum"/>
    <testcase time="0.00199999999995271" classname="ds.tapply.assign_smk_fun_sum" name="simplest_ds.tapply.assign_fun_sum"/>
    <testcase time="0.268000000000029" classname="ds.tapply.assign_smk_fun_sum" name="simplest_ds.tapply.assign_fun_sum"/>
    <testcase time="0.00100000000020373" classname="ds.tapply.assign_smk_fun_sum" name="simplest_ds.tapply.assign_fun_sum"/>
    <testcase time="0.00199999999995271" classname="ds.tapply.assign_smk_fun_sum" name="simplest_ds.tapply.assign_fun_sum"/>
    <testcase time="0.00199999999995271" classname="ds.tapply.assign_smk_fun_sum" name="simplest_ds.tapply.assign_fun_sum"/>
    <testcase time="0.000999999999748979" classname="ds.tapply.assign_smk_fun_sum" name="simplest_ds.tapply.assign_fun_sum"/>
  </testsuite>
  <testsuite name="ds.tapply.assign::smk::fun=quantile" timestamp="2020-07-01T16:06:54Z" hostname="fv-az29" tests="8" skipped="0" failures="0" errors="0" time="1.111">
    <testcase time="0.829000000000178" classname="ds.tapply.assign_smk_fun_quantile" name="simplest_ds.tapply.assign_fun_quantile"/>
    <testcase time="0.00199999999995271" classname="ds.tapply.assign_smk_fun_quantile" name="simplest_ds.tapply.assign_fun_quantile"/>
    <testcase time="0.00100000000020373" classname="ds.tapply.assign_smk_fun_quantile" name="simplest_ds.tapply.assign_fun_quantile"/>
    <testcase time="0.271999999999935" classname="ds.tapply.assign_smk_fun_quantile" name="simplest_ds.tapply.assign_fun_quantile"/>
    <testcase time="0.00199999999995271" classname="ds.tapply.assign_smk_fun_quantile" name="simplest_ds.tapply.assign_fun_quantile"/>
    <testcase time="0.00199999999995271" classname="ds.tapply.assign_smk_fun_quantile" name="simplest_ds.tapply.assign_fun_quantile"/>
    <testcase time="0.000999999999748979" classname="ds.tapply.assign_smk_fun_quantile" name="simplest_ds.tapply.assign_fun_quantile"/>
    <testcase time="0.00200000000040745" classname="ds.tapply.assign_smk_fun_quantile" name="simplest_ds.tapply.assign_fun_quantile"/>
  </testsuite>
  <testsuite name="ds.tapply.assign::smk::shutdown" timestamp="2020-07-01T16:06:55Z" hostname="fv-az29" tests="3" skipped="0" failures="0" errors="0" time="0.293">
    <testcase time="0.289999999999964" classname="ds.tapply.assign_smk_shutdown" name="shutdown"/>
    <testcase time="0.000999999999748979" classname="ds.tapply.assign_smk_shutdown" name="shutdown"/>
    <testcase time="0.00199999999995271" classname="ds.tapply.assign_smk_shutdown" name="shutdown"/>
  </testsuite>
  <testsuite name="ds.tapply.assign::smk::done" timestamp="2020-07-01T16:06:56Z" hostname="fv-az29" tests="0" skipped="0" failures="0" errors="0" time="0"/>
  <testsuite name="ds.tapply::smk::setup" timestamp="2020-07-01T16:06:56Z" hostname="fv-az29" tests="3" skipped="0" failures="0" errors="0" time="5.604">
    <testcase time="5.60100000000011" classname="ds.tapply_smk_setup" name="setup"/>
    <testcase time="0.00199999999995271" classname="ds.tapply_smk_setup" name="setup"/>
    <testcase time="0.00100000000020373" classname="ds.tapply_smk_setup" name="setup"/>
  </testsuite>
  <testsuite name="ds.tapply::smk::fun=mean" timestamp="2020-07-01T16:07:02Z" hostname="fv-az29" tests="22" skipped="0" failures="0" errors="0" time="1.399">
    <testcase time="1.36699999999973" classname="ds.tapply_smk_fun_mean" name="simplest_ds.tapply_fun_mean"/>
    <testcase time="0.00100000000020373" classname="ds.tapply_smk_fun_mean" name="simplest_ds.tapply_fun_mean"/>
    <testcase time="0.000999999999748979" classname="ds.tapply_smk_fun_mean" name="simplest_ds.tapply_fun_mean"/>
    <testcase time="0.00100000000020373" classname="ds.tapply_smk_fun_mean" name="simplest_ds.tapply_fun_mean"/>
    <testcase time="0.00199999999995271" classname="ds.tapply_smk_fun_mean" name="simplest_ds.tapply_fun_mean"/>
    <testcase time="0.00199999999995271" classname="ds.tapply_smk_fun_mean" name="simplest_ds.tapply_fun_mean"/>
    <testcase time="0.00199999999995271" classname="ds.tapply_smk_fun_mean" name="simplest_ds.tapply_fun_mean"/>
    <testcase time="0.00199999999995271" classname="ds.tapply_smk_fun_mean" name="simplest_ds.tapply_fun_mean"/>
    <testcase time="0.00100000000020373" classname="ds.tapply_smk_fun_mean" name="simplest_ds.tapply_fun_mean"/>
    <testcase time="0.000999999999748979" classname="ds.tapply_smk_fun_mean" name="simplest_ds.tapply_fun_mean"/>
    <testcase time="0.00200000000040745" classname="ds.tapply_smk_fun_mean" name="simplest_ds.tapply_fun_mean"/>
    <testcase time="0.000999999999748979" classname="ds.tapply_smk_fun_mean" name="simplest_ds.tapply_fun_mean"/>
    <testcase time="0.00100000000020373" classname="ds.tapply_smk_fun_mean" name="simplest_ds.tapply_fun_mean"/>
    <testcase time="0.00199999999995271" classname="ds.tapply_smk_fun_mean" name="simplest_ds.tapply_fun_mean"/>
    <testcase time="0.00199999999995271" classname="ds.tapply_smk_fun_mean" name="simplest_ds.tapply_fun_mean"/>
    <testcase time="0.000999999999748979" classname="ds.tapply_smk_fun_mean" name="simplest_ds.tapply_fun_mean"/>
    <testcase time="0.00200000000040745" classname="ds.tapply_smk_fun_mean" name="simplest_ds.tapply_fun_mean"/>
    <testcase time="0.00199999999995271" classname="ds.tapply_smk_fun_mean" name="simplest_ds.tapply_fun_mean"/>
    <testcase time="0.000999999999748979" classname="ds.tapply_smk_fun_mean" name="simplest_ds.tapply_fun_mean"/>
    <testcase time="0.00199999999995271" classname="ds.tapply_smk_fun_mean" name="simplest_ds.tapply_fun_mean"/>
    <testcase time="0.00100000000020373" classname="ds.tapply_smk_fun_mean" name="simplest_ds.tapply_fun_mean"/>
    <testcase time="0.00199999999995271" classname="ds.tapply_smk_fun_mean" name="simplest_ds.tapply_fun_mean"/>
  </testsuite>
  <testsuite name="ds.tapply::smk::fun=sd" timestamp="2020-07-01T16:07:03Z" hostname="fv-az29" tests="22" skipped="0" failures="0" errors="0" time="0.32">
    <testcase time="0.288000000000011" classname="ds.tapply_smk_fun_sd" name="simplest_ds.tapply_fun_sd"/>
    <testcase time="0.000999999999748979" classname="ds.tapply_smk_fun_sd" name="simplest_ds.tapply_fun_sd"/>
    <testcase time="0.00200000000040745" classname="ds.tapply_smk_fun_sd" name="simplest_ds.tapply_fun_sd"/>
    <testcase time="0.000999999999748979" classname="ds.tapply_smk_fun_sd" name="simplest_ds.tapply_fun_sd"/>
    <testcase time="0.00199999999995271" classname="ds.tapply_smk_fun_sd" name="simplest_ds.tapply_fun_sd"/>
    <testcase time="0.00100000000020373" classname="ds.tapply_smk_fun_sd" name="simplest_ds.tapply_fun_sd"/>
    <testcase time="0.000999999999748979" classname="ds.tapply_smk_fun_sd" name="simplest_ds.tapply_fun_sd"/>
    <testcase time="0.00199999999995271" classname="ds.tapply_smk_fun_sd" name="simplest_ds.tapply_fun_sd"/>
    <testcase time="0.00100000000020373" classname="ds.tapply_smk_fun_sd" name="simplest_ds.tapply_fun_sd"/>
    <testcase time="0.00100000000020373" classname="ds.tapply_smk_fun_sd" name="simplest_ds.tapply_fun_sd"/>
    <testcase time="0.00100000000020373" classname="ds.tapply_smk_fun_sd" name="simplest_ds.tapply_fun_sd"/>
    <testcase time="0.00199999999995271" classname="ds.tapply_smk_fun_sd" name="simplest_ds.tapply_fun_sd"/>
    <testcase time="0.000999999999748979" classname="ds.tapply_smk_fun_sd" name="simplest_ds.tapply_fun_sd"/>
    <testcase time="0.00199999999995271" classname="ds.tapply_smk_fun_sd" name="simplest_ds.tapply_fun_sd"/>
    <testcase time="0.00200000000040745" classname="ds.tapply_smk_fun_sd" name="simplest_ds.tapply_fun_sd"/>
    <testcase time="0.000999999999748979" classname="ds.tapply_smk_fun_sd" name="simplest_ds.tapply_fun_sd"/>
    <testcase time="0.00100000000020373" classname="ds.tapply_smk_fun_sd" name="simplest_ds.tapply_fun_sd"/>
    <testcase time="0.00199999999995271" classname="ds.tapply_smk_fun_sd" name="simplest_ds.tapply_fun_sd"/>
    <testcase time="0.00199999999995271" classname="ds.tapply_smk_fun_sd" name="simplest_ds.tapply_fun_sd"/>
    <testcase time="0.00199999999995271" classname="ds.tapply_smk_fun_sd" name="simplest_ds.tapply_fun_sd"/>
    <testcase time="0.00199999999995271" classname="ds.tapply_smk_fun_sd" name="simplest_ds.tapply_fun_sd"/>
    <testcase time="0.00199999999995271" classname="ds.tapply_smk_fun_sd" name="simplest_ds.tapply_fun_sd"/>
  </testsuite>
  <testsuite name="ds.tapply::smk::fun=sum" timestamp="2020-07-01T16:07:03Z" hostname="fv-az29" tests="22" skipped="0" failures="0" errors="0" time="0.326">
    <testcase time="0.289999999999964" classname="ds.tapply_smk_fun_sum" name="simplest_ds.tapply_fun_sum"/>
    <testcase time="0.00199999999995271" classname="ds.tapply_smk_fun_sum" name="simplest_ds.tapply_fun_sum"/>
    <testcase time="0.00100000000020373" classname="ds.tapply_smk_fun_sum" name="simplest_ds.tapply_fun_sum"/>
    <testcase time="0.00199999999995271" classname="ds.tapply_smk_fun_sum" name="simplest_ds.tapply_fun_sum"/>
    <testcase time="0.00100000000020373" classname="ds.tapply_smk_fun_sum" name="simplest_ds.tapply_fun_sum"/>
    <testcase time="0.00199999999995271" classname="ds.tapply_smk_fun_sum" name="simplest_ds.tapply_fun_sum"/>
    <testcase time="0.000999999999748979" classname="ds.tapply_smk_fun_sum" name="simplest_ds.tapply_fun_sum"/>
    <testcase time="0.00199999999995271" classname="ds.tapply_smk_fun_sum" name="simplest_ds.tapply_fun_sum"/>
    <testcase time="0.00100000000020373" classname="ds.tapply_smk_fun_sum" name="simplest_ds.tapply_fun_sum"/>
    <testcase time="0.00199999999995271" classname="ds.tapply_smk_fun_sum" name="simplest_ds.tapply_fun_sum"/>
    <testcase time="0.00199999999995271" classname="ds.tapply_smk_fun_sum" name="simplest_ds.tapply_fun_sum"/>
    <testcase time="0.00100000000020373" classname="ds.tapply_smk_fun_sum" name="simplest_ds.tapply_fun_sum"/>
    <testcase time="0.00199999999995271" classname="ds.tapply_smk_fun_sum" name="simplest_ds.tapply_fun_sum"/>
    <testcase time="0.00199999999995271" classname="ds.tapply_smk_fun_sum" name="simplest_ds.tapply_fun_sum"/>
    <testcase time="0.00199999999995271" classname="ds.tapply_smk_fun_sum" name="simplest_ds.tapply_fun_sum"/>
    <testcase time="0.00199999999995271" classname="ds.tapply_smk_fun_sum" name="simplest_ds.tapply_fun_sum"/>
    <testcase time="0.00199999999995271" classname="ds.tapply_smk_fun_sum" name="simplest_ds.tapply_fun_sum"/>
    <testcase time="0.00199999999995271" classname="ds.tapply_smk_fun_sum" name="simplest_ds.tapply_fun_sum"/>
    <testcase time="0.00199999999995271" classname="ds.tapply_smk_fun_sum" name="simplest_ds.tapply_fun_sum"/>
    <testcase time="0.00199999999995271" classname="ds.tapply_smk_fun_sum" name="simplest_ds.tapply_fun_sum"/>
    <testcase time="0.00200000000040745" classname="ds.tapply_smk_fun_sum" name="simplest_ds.tapply_fun_sum"/>
    <testcase time="0.000999999999748979" classname="ds.tapply_smk_fun_sum" name="simplest_ds.tapply_fun_sum"/>
  </testsuite>
  <testsuite name="ds.tapply::smk::fun=quantile" timestamp="2020-07-01T16:07:03Z" hostname="fv-az29" tests="10" skipped="0" failures="0" errors="0" time="0.306">
    <testcase time="0.288000000000011" classname="ds.tapply_smk_fun_quantile" name="simplest_ds.tapply_fun_quantile"/>
    <testcase time="0.00100000000020373" classname="ds.tapply_smk_fun_quantile" name="simplest_ds.tapply_fun_quantile"/>
    <testcase time="0.000999999999748979" classname="ds.tapply_smk_fun_quantile" name="simplest_ds.tapply_fun_quantile"/>
    <testcase time="0.00199999999995271" classname="ds.tapply_smk_fun_quantile" name="simplest_ds.tapply_fun_quantile"/>
    <testcase time="0.00100000000020373" classname="ds.tapply_smk_fun_quantile" name="simplest_ds.tapply_fun_quantile"/>
    <testcase time="0.000999999999748979" classname="ds.tapply_smk_fun_quantile" name="simplest_ds.tapply_fun_quantile"/>
    <testcase time="0.00100000000020373" classname="ds.tapply_smk_fun_quantile" name="simplest_ds.tapply_fun_quantile"/>
    <testcase time="0.00799999999981083" classname="ds.tapply_smk_fun_quantile" name="simplest_ds.tapply_fun_quantile"/>
    <testcase time="0.00199999999995271" classname="ds.tapply_smk_fun_quantile" name="simplest_ds.tapply_fun_quantile"/>
    <testcase time="0.00100000000020373" classname="ds.tapply_smk_fun_quantile" name="simplest_ds.tapply_fun_quantile"/>
  </testsuite>
  <testsuite name="ds.tapply::smk::shutdown" timestamp="2020-07-01T16:07:03Z" hostname="fv-az29" tests="3" skipped="0" failures="0" errors="0" time="0.288">
    <testcase time="0.284999999999854" classname="ds.tapply_smk_shutdown" name="shutdown"/>
    <testcase time="0.00100000000020373" classname="ds.tapply_smk_shutdown" name="shutdown"/>
    <testcase time="0.00199999999995271" classname="ds.tapply_smk_shutdown" name="shutdown"/>
  </testsuite>
  <testsuite name="ds.tapply::smk::done" timestamp="2020-07-01T16:07:04Z" hostname="fv-az29" tests="0" skipped="0" failures="0" errors="0" time="0"/>
  <testsuite name="ds.testObjExists::smk::setup" timestamp="2020-07-01T16:07:04Z" hostname="fv-az29" tests="3" skipped="0" failures="0" errors="0" time="5.572">
    <testcase time="5.56899999999996" classname="ds.testObjExists_smk_setup" name="setup"/>
    <testcase time="0.00100000000020373" classname="ds.testObjExists_smk_setup" name="setup"/>
    <testcase time="0.00199999999995271" classname="ds.testObjExists_smk_setup" name="setup"/>
  </testsuite>
  <testsuite name="ds.testObjExists::smk::discordant" timestamp="2020-07-01T16:07:09Z" hostname="fv-az29" tests="20" skipped="0" failures="0" errors="0" time="0.64">
    <testcase time="0.329999999999927" classname="ds.testObjExists_smk_discordant" name="simple_testObjExists_discordant"/>
    <testcase time="0.00199999999995271" classname="ds.testObjExists_smk_discordant" name="simple_testObjExists_discordant"/>
    <testcase time="0.271000000000186" classname="ds.testObjExists_smk_discordant" name="data.frame_testObjExists_discordant"/>
    <testcase time="0.000999999999748979" classname="ds.testObjExists_smk_discordant" name="data.frame_testObjExists_discordant"/>
    <testcase time="0.00100000000020373" classname="ds.testObjExists_smk_discordant" name="data.frame_testObjExists_discordant"/>
    <testcase time="0.00199999999995271" classname="ds.testObjExists_smk_discordant" name="data.frame_testObjExists_discordant"/>
    <testcase time="0.000999999999748979" classname="ds.testObjExists_smk_discordant" name="data.frame_testObjExists_discordant"/>
    <testcase time="0.00199999999995271" classname="ds.testObjExists_smk_discordant" name="data.frame_testObjExists_discordant"/>
    <testcase time="0.00100000000020373" classname="ds.testObjExists_smk_discordant" name="data.frame_testObjExists_discordant"/>
    <testcase time="0.00199999999995271" classname="ds.testObjExists_smk_discordant" name="data.frame_testObjExists_discordant"/>
    <testcase time="0.00199999999995271" classname="ds.testObjExists_smk_discordant" name="data.frame_testObjExists_discordant"/>
    <testcase time="0.0100000000002183" classname="ds.testObjExists_smk_discordant" name="data.frame_testObjExists_discordant"/>
    <testcase time="0.00199999999995271" classname="ds.testObjExists_smk_discordant" name="data.frame_testObjExists_discordant"/>
    <testcase time="0.000999999999748979" classname="ds.testObjExists_smk_discordant" name="data.frame_testObjExists_discordant"/>
    <testcase time="0.00199999999995271" classname="ds.testObjExists_smk_discordant" name="data.frame_testObjExists_discordant"/>
    <testcase time="0.00200000000040745" classname="ds.testObjExists_smk_discordant" name="data.frame_testObjExists_discordant"/>
    <testcase time="0.00199999999995271" classname="ds.testObjExists_smk_discordant" name="data.frame_testObjExists_discordant"/>
    <testcase time="0.00299999999970169" classname="ds.testObjExists_smk_discordant" name="data.frame_testObjExists_discordant"/>
    <testcase time="0.00199999999995271" classname="ds.testObjExists_smk_discordant" name="data.frame_testObjExists_discordant"/>
    <testcase time="0.00100000000020373" classname="ds.testObjExists_smk_discordant" name="data.frame_testObjExists_discordant"/>
  </testsuite>
  <testsuite name="ds.testObjExists::smk::shutdown" timestamp="2020-07-01T16:07:10Z" hostname="fv-az29" tests="3" skipped="0" failures="0" errors="0" time="0.29">
    <testcase time="0.286999999999807" classname="ds.testObjExists_smk_shutdown" name="shutdown"/>
    <testcase time="0.00100000000020373" classname="ds.testObjExists_smk_shutdown" name="shutdown"/>
    <testcase time="0.00199999999995271" classname="ds.testObjExists_smk_shutdown" name="shutdown"/>
  </testsuite>
  <testsuite name="ds.testObjExists::smk::done" timestamp="2020-07-01T16:07:11Z" hostname="fv-az29" tests="0" skipped="0" failures="0" errors="0" time="0"/>
  <testsuite name="ds.testObjExists::smk::setup" timestamp="2020-07-01T16:07:11Z" hostname="fv-az29" tests="3" skipped="0" failures="0" errors="0" time="5.657">
    <testcase time="5.65300000000025" classname="ds.testObjExists_smk_setup" name="setup"/>
    <testcase time="0.00199999999995271" classname="ds.testObjExists_smk_setup" name="setup"/>
    <testcase time="0.00199999999995271" classname="ds.testObjExists_smk_setup" name="setup"/>
  </testsuite>
  <testsuite name="ds.testObjExists::smk" timestamp="2020-07-01T16:07:16Z" hostname="fv-az29" tests="40" skipped="0" failures="0" errors="0" time="3.837">
    <testcase time="0.281999999999698" classname="ds.testObjExists_smk" name="simple_testObjExists"/>
    <testcase time="0.00100000000020373" classname="ds.testObjExists_smk" name="simple_testObjExists"/>
    <testcase time="2.94500000000016" classname="ds.testObjExists_smk" name="data.frame_testObjExists"/>
    <testcase time="0.00599999999985812" classname="ds.testObjExists_smk" name="data.frame_testObjExists"/>
    <testcase time="0.273999999999887" classname="ds.testObjExists_smk" name="data.frame_testObjExists"/>
    <testcase time="0.00100000000020373" classname="ds.testObjExists_smk" name="data.frame_testObjExists"/>
    <testcase time="0.000999999999748979" classname="ds.testObjExists_smk" name="data.frame_testObjExists"/>
    <testcase time="0.00199999999995271" classname="ds.testObjExists_smk" name="data.frame_testObjExists"/>
    <testcase time="0.00100000000020373" classname="ds.testObjExists_smk" name="data.frame_testObjExists"/>
    <testcase time="0.00199999999995271" classname="ds.testObjExists_smk" name="data.frame_testObjExists"/>
    <testcase time="0.00100000000020373" classname="ds.testObjExists_smk" name="data.frame_testObjExists"/>
    <testcase time="0.000999999999748979" classname="ds.testObjExists_smk" name="data.frame_testObjExists"/>
    <testcase time="0.00199999999995271" classname="ds.testObjExists_smk" name="data.frame_testObjExists"/>
    <testcase time="0.00100000000020373" classname="ds.testObjExists_smk" name="data.frame_testObjExists"/>
    <testcase time="0.00199999999995271" classname="ds.testObjExists_smk" name="data.frame_testObjExists"/>
    <testcase time="0.00199999999995271" classname="ds.testObjExists_smk" name="data.frame_testObjExists"/>
    <testcase time="0.00100000000020373" classname="ds.testObjExists_smk" name="data.frame_testObjExists"/>
    <testcase time="0.00199999999995271" classname="ds.testObjExists_smk" name="data.frame_testObjExists"/>
    <testcase time="0.000999999999748979" classname="ds.testObjExists_smk" name="data.frame_testObjExists"/>
    <testcase time="0.000999999999748979" classname="ds.testObjExists_smk" name="data.frame_testObjExists"/>
    <testcase time="0.00199999999995271" classname="ds.testObjExists_smk" name="data.frame_testObjExists"/>
    <testcase time="0.00100000000020373" classname="ds.testObjExists_smk" name="data.frame_testObjExists"/>
    <testcase time="0.271999999999935" classname="ds.testObjExists_smk" name="data.frame_testObjExists"/>
    <testcase time="0.00100000000020373" classname="ds.testObjExists_smk" name="data.frame_testObjExists"/>
    <testcase time="0.00199999999995271" classname="ds.testObjExists_smk" name="data.frame_testObjExists"/>
    <testcase time="0.00199999999995271" classname="ds.testObjExists_smk" name="data.frame_testObjExists"/>
    <testcase time="0.00199999999995271" classname="ds.testObjExists_smk" name="data.frame_testObjExists"/>
    <testcase time="0.00199999999995271" classname="ds.testObjExists_smk" name="data.frame_testObjExists"/>
    <testcase time="0.00100000000020373" classname="ds.testObjExists_smk" name="data.frame_testObjExists"/>
    <testcase time="0.00199999999995271" classname="ds.testObjExists_smk" name="data.frame_testObjExists"/>
    <testcase time="0.00199999999995271" classname="ds.testObjExists_smk" name="data.frame_testObjExists"/>
    <testcase time="0.00199999999995271" classname="ds.testObjExists_smk" name="data.frame_testObjExists"/>
    <testcase time="0.00199999999995271" classname="ds.testObjExists_smk" name="data.frame_testObjExists"/>
    <testcase time="0.00199999999995271" classname="ds.testObjExists_smk" name="data.frame_testObjExists"/>
    <testcase time="0.00199999999995271" classname="ds.testObjExists_smk" name="data.frame_testObjExists"/>
    <testcase time="0.00199999999995271" classname="ds.testObjExists_smk" name="data.frame_testObjExists"/>
    <testcase time="0.00199999999995271" classname="ds.testObjExists_smk" name="data.frame_testObjExists"/>
    <testcase time="0.00200000000040745" classname="ds.testObjExists_smk" name="data.frame_testObjExists"/>
    <testcase time="0.00199999999995271" classname="ds.testObjExists_smk" name="data.frame_testObjExists"/>
    <testcase time="0.00299999999970169" classname="ds.testObjExists_smk" name="data.frame_testObjExists"/>
  </testsuite>
  <testsuite name="ds.testObjExists::smk::shutdown" timestamp="2020-07-01T16:07:20Z" hostname="fv-az29" tests="3" skipped="0" failures="0" errors="0" time="0.296">
    <testcase time="0.29300000000012" classname="ds.testObjExists_smk_shutdown" name="shutdown"/>
    <testcase time="0.00100000000020373" classname="ds.testObjExists_smk_shutdown" name="shutdown"/>
    <testcase time="0.00199999999995271" classname="ds.testObjExists_smk_shutdown" name="shutdown"/>
  </testsuite>
  <testsuite name="ds.testObjExists::smk::done" timestamp="2020-07-01T16:07:21Z" hostname="fv-az29" tests="0" skipped="0" failures="0" errors="0" time="0"/>
  <testsuite name="ds.unList::smk::setup" timestamp="2020-07-01T16:07:21Z" hostname="fv-az29" tests="3" skipped="0" failures="0" errors="0" time="5.671">
    <testcase time="5.66799999999967" classname="ds.unList_smk_setup" name="setup"/>
    <testcase time="0.00100000000020373" classname="ds.unList_smk_setup" name="setup"/>
    <testcase time="0.00199999999995271" classname="ds.unList_smk_setup" name="setup"/>
  </testsuite>
  <testsuite name="ds.unList::smk::simple test" timestamp="2020-07-01T16:07:26Z" hostname="fv-az29" tests="7" skipped="0" failures="0" errors="0" time="1.244">
    <testcase time="1.23500000000013" classname="ds.unList_smk_simple_test" name="simple_test"/>
    <testcase time="0.00199999999995271" classname="ds.unList_smk_simple_test" name="simple_test"/>
    <testcase time="0.00199999999995271" classname="ds.unList_smk_simple_test" name="simple_test"/>
    <testcase time="0.00100000000020373" classname="ds.unList_smk_simple_test" name="simple_test"/>
    <testcase time="0.000999999999748979" classname="ds.unList_smk_simple_test" name="simple_test"/>
    <testcase time="0.00199999999995271" classname="ds.unList_smk_simple_test" name="simple_test"/>
    <testcase time="0.00100000000020373" classname="ds.unList_smk_simple_test" name="simple_test"/>
  </testsuite>
  <testsuite name="ds.unList::smk::shutdown" timestamp="2020-07-01T16:07:27Z" hostname="fv-az29" tests="3" skipped="0" failures="0" errors="0" time="0.289">
    <testcase time="0.286999999999807" classname="ds.unList_smk_shutdown" name="shutdown"/>
    <testcase time="0.00100000000020373" classname="ds.unList_smk_shutdown" name="shutdown"/>
    <testcase time="0.000999999999748979" classname="ds.unList_smk_shutdown" name="shutdown"/>
  </testsuite>
  <testsuite name="ds.unList::smk::done" timestamp="2020-07-01T16:07:28Z" hostname="fv-az29" tests="0" skipped="0" failures="0" errors="0" time="0"/>
  <testsuite name="ds.var::smk::setup" timestamp="2020-07-01T16:07:28Z" hostname="fv-az29" tests="3" skipped="0" failures="0" errors="0" time="5.698">
    <testcase time="5.69500000000016" classname="ds.var_smk_setup" name="setup"/>
    <testcase time="0.00199999999995271" classname="ds.var_smk_setup" name="setup"/>
    <testcase time="0.00100000000020373" classname="ds.var_smk_setup" name="setup"/>
  </testsuite>
  <testsuite name="ds.var::smk::split" timestamp="2020-07-01T16:07:33Z" hostname="fv-az29" tests="19" skipped="0" failures="0" errors="0" time="0.308">
    <testcase time="0.281999999999698" classname="ds.var_smk_split" name="simple_var_split"/>
    <testcase time="0.00100000000020373" classname="ds.var_smk_split" name="simple_var_split"/>
    <testcase time="0.000999999999748979" classname="ds.var_smk_split" name="simple_var_split"/>
    <testcase time="0.00199999999995271" classname="ds.var_smk_split" name="simple_var_split"/>
    <testcase time="0.00100000000020373" classname="ds.var_smk_split" name="simple_var_split"/>
    <testcase time="0.000999999999748979" classname="ds.var_smk_split" name="simple_var_split"/>
    <testcase time="0.00199999999995271" classname="ds.var_smk_split" name="simple_var_split"/>
    <testcase time="0.00100000000020373" classname="ds.var_smk_split" name="simple_var_split"/>
    <testcase time="0.000999999999748979" classname="ds.var_smk_split" name="simple_var_split"/>
    <testcase time="0.00100000000020373" classname="ds.var_smk_split" name="simple_var_split"/>
    <testcase time="0.00199999999995271" classname="ds.var_smk_split" name="simple_var_split"/>
    <testcase time="0.00199999999995271" classname="ds.var_smk_split" name="simple_var_split"/>
    <testcase time="0.00100000000020373" classname="ds.var_smk_split" name="simple_var_split"/>
    <testcase time="0.00199999999995271" classname="ds.var_smk_split" name="simple_var_split"/>
    <testcase time="0.000999999999748979" classname="ds.var_smk_split" name="simple_var_split"/>
    <testcase time="0.00199999999995271" classname="ds.var_smk_split" name="simple_var_split"/>
    <testcase time="0.00200000000040745" classname="ds.var_smk_split" name="simple_var_split"/>
    <testcase time="0.000999999999748979" classname="ds.var_smk_split" name="simple_var_split"/>
    <testcase time="0.00199999999995271" classname="ds.var_smk_split" name="simple_var_split"/>
  </testsuite>
  <testsuite name="ds.var::smk::combine" timestamp="2020-07-01T16:07:33Z" hostname="fv-az29" tests="11" skipped="0" failures="0" errors="0" time="0.3">
    <testcase time="0.282999999999902" classname="ds.var_smk_combine" name="simple_var_combine"/>
    <testcase time="0.00100000000020373" classname="ds.var_smk_combine" name="simple_var_combine"/>
    <testcase time="0.00100000000020373" classname="ds.var_smk_combine" name="simple_var_combine"/>
    <testcase time="0.00199999999995271" classname="ds.var_smk_combine" name="simple_var_combine"/>
    <testcase time="0.000999999999748979" classname="ds.var_smk_combine" name="simple_var_combine"/>
    <testcase time="0.00199999999995271" classname="ds.var_smk_combine" name="simple_var_combine"/>
    <testcase time="0.00199999999995271" classname="ds.var_smk_combine" name="simple_var_combine"/>
    <testcase time="0.00199999999995271" classname="ds.var_smk_combine" name="simple_var_combine"/>
    <testcase time="0.00200000000040745" classname="ds.var_smk_combine" name="simple_var_combine"/>
    <testcase time="0.00199999999995271" classname="ds.var_smk_combine" name="simple_var_combine"/>
    <testcase time="0.00199999999995271" classname="ds.var_smk_combine" name="simple_var_combine"/>
  </testsuite>
  <testsuite name="ds.var::smk::both" timestamp="2020-07-01T16:07:34Z" hostname="fv-az29" tests="24" skipped="0" failures="0" errors="0" time="0.338">
    <testcase time="0.299999999999727" classname="ds.var_smk_both" name="simple_var_both"/>
    <testcase time="0.00199999999995271" classname="ds.var_smk_both" name="simple_var_both"/>
    <testcase time="0.00100000000020373" classname="ds.var_smk_both" name="simple_var_both"/>
    <testcase time="0.000999999999748979" classname="ds.var_smk_both" name="simple_var_both"/>
    <testcase time="0.00100000000020373" classname="ds.var_smk_both" name="simple_var_both"/>
    <testcase time="0.00199999999995271" classname="ds.var_smk_both" name="simple_var_both"/>
    <testcase time="0.00199999999995271" classname="ds.var_smk_both" name="simple_var_both"/>
    <testcase time="0.000999999999748979" classname="ds.var_smk_both" name="simple_var_both"/>
    <testcase time="0.00200000000040745" classname="ds.var_smk_both" name="simple_var_both"/>
    <testcase time="0.000999999999748979" classname="ds.var_smk_both" name="simple_var_both"/>
    <testcase time="0.00199999999995271" classname="ds.var_smk_both" name="simple_var_both"/>
    <testcase time="0.00199999999995271" classname="ds.var_smk_both" name="simple_var_both"/>
    <testcase time="0.00199999999995271" classname="ds.var_smk_both" name="simple_var_both"/>
    <testcase time="0.00100000000020373" classname="ds.var_smk_both" name="simple_var_both"/>
    <testcase time="0.00199999999995271" classname="ds.var_smk_both" name="simple_var_both"/>
    <testcase time="0.00199999999995271" classname="ds.var_smk_both" name="simple_var_both"/>
    <testcase time="0.00100000000020373" classname="ds.var_smk_both" name="simple_var_both"/>
    <testcase time="0.00199999999995271" classname="ds.var_smk_both" name="simple_var_both"/>
    <testcase time="0.00199999999995271" classname="ds.var_smk_both" name="simple_var_both"/>
    <testcase time="0.00199999999995271" classname="ds.var_smk_both" name="simple_var_both"/>
    <testcase time="0.00100000000020373" classname="ds.var_smk_both" name="simple_var_both"/>
    <testcase time="0.00199999999995271" classname="ds.var_smk_both" name="simple_var_both"/>
    <testcase time="0.00199999999995271" classname="ds.var_smk_both" name="simple_var_both"/>
    <testcase time="0.00199999999995271" classname="ds.var_smk_both" name="simple_var_both"/>
  </testsuite>
  <testsuite name="ds.var::smk::shutdown" timestamp="2020-07-01T16:07:34Z" hostname="fv-az29" tests="3" skipped="0" failures="0" errors="0" time="0.286">
    <testcase time="0.282999999999902" classname="ds.var_smk_shutdown" name="shutdown"/>
    <testcase time="0.00199999999995271" classname="ds.var_smk_shutdown" name="shutdown"/>
    <testcase time="0.00100000000020373" classname="ds.var_smk_shutdown" name="shutdown"/>
  </testsuite>
  <testsuite name="ds.var::smk::done" timestamp="2020-07-01T16:07:35Z" hostname="fv-az29" tests="0" skipped="0" failures="0" errors="0" time="0"/>
  <testsuite name="ds.vectorCalc::smk::setup" timestamp="2020-07-01T16:07:35Z" hostname="fv-az29" tests="3" skipped="0" failures="0" errors="0" time="5.629">
    <testcase time="5.62599999999975" classname="ds.vectorCalc_smk_setup" name="setup"/>
    <testcase time="0.00199999999995271" classname="ds.vectorCalc_smk_setup" name="setup"/>
    <testcase time="0.00100000000020373" classname="ds.vectorCalc_smk_setup" name="setup"/>
  </testsuite>
  <testsuite name="ds.vectorCalc::smk" timestamp="2020-07-01T16:07:40Z" hostname="fv-az29" tests="18" skipped="0" failures="0" errors="0" time="3.059">
    <testcase time="0.0450000000000728" classname="ds.vectorCalc_smk" name="simple_test"/>
    <testcase time="2.17399999999998" classname="ds.vectorCalc_smk" name="simple_test"/>
    <testcase time="0.541999999999916" classname="ds.vectorCalc_smk" name="simple_test"/>
    <testcase time="0.00100000000020373" classname="ds.vectorCalc_smk" name="simple_test"/>
    <testcase time="0.00199999999995271" classname="ds.vectorCalc_smk" name="simple_test"/>
    <testcase time="0.000999999999748979" classname="ds.vectorCalc_smk" name="simple_test"/>
    <testcase time="0.00100000000020373" classname="ds.vectorCalc_smk" name="simple_test"/>
    <testcase time="0.00199999999995271" classname="ds.vectorCalc_smk" name="simple_test"/>
    <testcase time="0.00199999999995271" classname="ds.vectorCalc_smk" name="simple_test"/>
    <testcase time="0.27599999999984" classname="ds.vectorCalc_smk" name="simple_test"/>
    <testcase time="0.00100000000020373" classname="ds.vectorCalc_smk" name="simple_test"/>
    <testcase time="0.00199999999995271" classname="ds.vectorCalc_smk" name="simple_test"/>
    <testcase time="0.00199999999995271" classname="ds.vectorCalc_smk" name="simple_test"/>
    <testcase time="0.00199999999995271" classname="ds.vectorCalc_smk" name="simple_test"/>
    <testcase time="0.00100000000020373" classname="ds.vectorCalc_smk" name="simple_test"/>
    <testcase time="0.00199999999995271" classname="ds.vectorCalc_smk" name="simple_test"/>
    <testcase time="0.000999999999748979" classname="ds.vectorCalc_smk" name="simple_test"/>
    <testcase time="0.00200000000040745" classname="ds.vectorCalc_smk" name="simple_test"/>
  </testsuite>
  <testsuite name="ds.vectorCalc::smk::shutdown" timestamp="2020-07-01T16:07:43Z" hostname="fv-az29" tests="3" skipped="0" failures="0" errors="0" time="0.288">
    <testcase time="0.284999999999854" classname="ds.vectorCalc_smk_shutdown" name="shutdown"/>
    <testcase time="0.00199999999995271" classname="ds.vectorCalc_smk_shutdown" name="shutdown"/>
    <testcase time="0.00100000000020373" classname="ds.vectorCalc_smk_shutdown" name="shutdown"/>
  </testsuite>
  <testsuite name="ds.vectorCalc::smk::done" timestamp="2020-07-01T16:07:44Z" hostname="fv-az29" tests="0" skipped="0" failures="0" errors="0" time="0"/>
  <testsuite name="ds.mean::smk_expt::type=combine" timestamp="2020-07-01T16:07:48Z" hostname="fv-az29" tests="1" skipped="0" failures="0" errors="0" time="5.626">
    <testcase time="5.62599999999975" classname="ds.mean_smk_expt_type_combine" name="mean_values_combine_"/>
  </testsuite>
  <testsuite name="ds.mean::smk_expt::type=split" timestamp="2020-07-01T16:07:49Z" hostname="fv-az29" tests="1" skipped="0" failures="0" errors="0" time="0.287">
    <testcase time="0.287000000000262" classname="ds.mean_smk_expt_type_split" name="mean_values_split_"/>
  </testsuite>
  <testsuite name="ds.mean::smk_expt::type=both" timestamp="2020-07-01T16:07:49Z" hostname="fv-az29" tests="1" skipped="0" failures="0" errors="0" time="0.291">
    <testcase time="0.290999999999713" classname="ds.mean_smk_expt_type_both" name="mean_values_both_"/>
  </testsuite>
  <testsuite name="ds.mean::smk_expt::type=combine" timestamp="2020-07-01T16:07:49Z" hostname="fv-az29" tests="1" skipped="0" failures="0" errors="0" time="0.297">
    <testcase time="0.297000000000025" classname="ds.mean_smk_expt_type_combine" name="mean_values_combine_"/>
  </testsuite>
  <testsuite name="ds.mean::smk_expt::type=split" timestamp="2020-07-01T16:07:50Z" hostname="fv-az29" tests="1" skipped="0" failures="0" errors="0" time="0.285">
    <testcase time="0.284999999999854" classname="ds.mean_smk_expt_type_split" name="mean_values_split_"/>
  </testsuite>
  <testsuite name="ds.mean::smk_expt::type=both" timestamp="2020-07-01T16:07:50Z" hostname="fv-az29" tests="1" skipped="0" failures="0" errors="0" time="0.28">
    <testcase time="0.2800000000002" classname="ds.mean_smk_expt_type_both" name="mean_values_both_"/>
  </testsuite>
  <testsuite name="ds.mean::smk_expt::type=combine" timestamp="2020-07-01T16:07:50Z" hostname="fv-az29" tests="1" skipped="0" failures="0" errors="0" time="0.291">
    <testcase time="0.291000000000167" classname="ds.mean_smk_expt_type_combine" name="mean_values_combine_"/>
  </testsuite>
  <testsuite name="ds.mean::smk_expt::type=split" timestamp="2020-07-01T16:07:51Z" hostname="fv-az29" tests="1" skipped="0" failures="0" errors="0" time="0.288">
    <testcase time="0.288000000000011" classname="ds.mean_smk_expt_type_split" name="mean_values_split_"/>
  </testsuite>
  <testsuite name="ds.mean::smk_expt::type=both" timestamp="2020-07-01T16:07:51Z" hostname="fv-az29" tests="1" skipped="0" failures="0" errors="0" time="0.299">
    <testcase time="0.298999999999978" classname="ds.mean_smk_expt_type_both" name="mean_values_both_"/>
  </testsuite>
  <testsuite name="ds.mean::smk_expt::type=combine" timestamp="2020-07-01T16:07:51Z" hostname="fv-az29" tests="1" skipped="0" failures="0" errors="0" time="0.293">
    <testcase time="0.292999999999665" classname="ds.mean_smk_expt_type_combine" name="mean_values_combine_"/>
  </testsuite>
  <testsuite name="ds.mean::smk_expt::type=split" timestamp="2020-07-01T16:07:51Z" hostname="fv-az29" tests="1" skipped="0" failures="0" errors="0" time="0.288">
    <testcase time="0.288000000000011" classname="ds.mean_smk_expt_type_split" name="mean_values_split_"/>
  </testsuite>
  <testsuite name="ds.mean::smk_expt::type=both" timestamp="2020-07-01T16:07:52Z" hostname="fv-az29" tests="1" skipped="0" failures="0" errors="0" time="0.282">
    <testcase time="0.282000000000153" classname="ds.mean_smk_expt_type_both" name="mean_values_both_"/>
  </testsuite>
  <testsuite name="ds.mean::smk_expt::type=combine" timestamp="2020-07-01T16:07:52Z" hostname="fv-az29" tests="1" skipped="0" failures="0" errors="0" time="0.297">
    <testcase time="0.296999999999571" classname="ds.mean_smk_expt_type_combine" name="mean_values_combine_"/>
  </testsuite>
  <testsuite name="ds.mean::smk_expt::type=split" timestamp="2020-07-01T16:07:52Z" hostname="fv-az29" tests="1" skipped="0" failures="0" errors="0" time="0.287">
    <testcase time="0.287000000000262" classname="ds.mean_smk_expt_type_split" name="mean_values_split_"/>
  </testsuite>
  <testsuite name="ds.mean::smk_expt::type=both" timestamp="2020-07-01T16:07:53Z" hostname="fv-az29" tests="1" skipped="0" failures="0" errors="0" time="0.292">
    <testcase time="0.291999999999916" classname="ds.mean_smk_expt_type_both" name="mean_values_both_"/>
  </testsuite>
  <testsuite name="ds.mean::smk_expt::type=combine" timestamp="2020-07-01T16:07:53Z" hostname="fv-az29" tests="1" skipped="0" failures="0" errors="0" time="1.175">
    <testcase time="1.17500000000018" classname="ds.mean_smk_expt_type_combine" name="mean_values_combine_"/>
  </testsuite>
  <testsuite name="ds.mean::smk_expt::type=split" timestamp="2020-07-01T16:07:54Z" hostname="fv-az29" tests="1" skipped="0" failures="0" errors="0" time="1.094">
    <testcase time="1.09400000000005" classname="ds.mean_smk_expt_type_split" name="mean_values_split_"/>
  </testsuite>
  <testsuite name="ds.mean::smk_expt::type=both" timestamp="2020-07-01T16:07:55Z" hostname="fv-az29" tests="1" skipped="0" failures="0" errors="0" time="1.087">
    <testcase time="1.08699999999999" classname="ds.mean_smk_expt_type_both" name="mean_values_both_"/>
  </testsuite>
  <testsuite name="ds.mean::smk_expt::type=combine" timestamp="2020-07-01T16:07:56Z" hostname="fv-az29" tests="1" skipped="0" failures="0" errors="0" time="1.083">
    <testcase time="1.08299999999963" classname="ds.mean_smk_expt_type_combine" name="mean_values_combine_"/>
  </testsuite>
  <testsuite name="ds.mean::smk_expt::type=split" timestamp="2020-07-01T16:07:57Z" hostname="fv-az29" tests="1" skipped="0" failures="0" errors="0" time="1.105">
    <testcase time="1.10500000000002" classname="ds.mean_smk_expt_type_split" name="mean_values_split_"/>
  </testsuite>
  <testsuite name="ds.mean::smk_expt::type=both" timestamp="2020-07-01T16:07:58Z" hostname="fv-az29" tests="1" skipped="0" failures="0" errors="0" time="1.076">
    <testcase time="1.07600000000002" classname="ds.mean_smk_expt_type_both" name="mean_values_both_"/>
  </testsuite>
  <testsuite name="ds.mean::smk_expt::type=combine" timestamp="2020-07-01T16:07:59Z" hostname="fv-az29" tests="1" skipped="0" failures="0" errors="0" time="1.1">
    <testcase time="1.10000000000036" classname="ds.mean_smk_expt_type_combine" name="mean_values_combine_"/>
  </testsuite>
  <testsuite name="ds.mean::smk_expt::type=split" timestamp="2020-07-01T16:08:01Z" hostname="fv-az29" tests="1" skipped="0" failures="0" errors="0" time="1.1">
    <testcase time="1.09999999999991" classname="ds.mean_smk_expt_type_split" name="mean_values_split_"/>
  </testsuite>
  <testsuite name="ds.mean::smk_expt::type=both" timestamp="2020-07-01T16:08:02Z" hostname="fv-az29" tests="1" skipped="0" failures="0" errors="0" time="1.086">
    <testcase time="1.08599999999979" classname="ds.mean_smk_expt_type_both" name="mean_values_both_"/>
  </testsuite>
  <testsuite name="ds.mean::smk_expt::type=combine" timestamp="2020-07-01T16:08:03Z" hostname="fv-az29" tests="1" skipped="0" failures="0" errors="0" time="1.11">
    <testcase time="1.11000000000013" classname="ds.mean_smk_expt_type_combine" name="mean_values_combine_"/>
  </testsuite>
  <testsuite name="ds.mean::smk_expt::type=split" timestamp="2020-07-01T16:08:04Z" hostname="fv-az29" tests="1" skipped="0" failures="0" errors="0" time="1.091">
    <testcase time="1.09099999999989" classname="ds.mean_smk_expt_type_split" name="mean_values_split_"/>
  </testsuite>
  <testsuite name="ds.mean::smk_expt::type=both" timestamp="2020-07-01T16:08:05Z" hostname="fv-az29" tests="1" skipped="0" failures="0" errors="0" time="1.094">
    <testcase time="1.09400000000005" classname="ds.mean_smk_expt_type_both" name="mean_values_both_"/>
  </testsuite>
  <testsuite name="ds.mean::smk_expt::type=combine" timestamp="2020-07-01T16:08:06Z" hostname="fv-az29" tests="1" skipped="0" failures="0" errors="0" time="1.111">
    <testcase time="1.11099999999988" classname="ds.mean_smk_expt_type_combine" name="mean_values_combine_"/>
  </testsuite>
  <testsuite name="ds.mean::smk_expt::type=split" timestamp="2020-07-01T16:08:07Z" hostname="fv-az29" tests="1" skipped="0" failures="0" errors="0" time="1.176">
    <testcase time="1.17599999999993" classname="ds.mean_smk_expt_type_split" name="mean_values_split_"/>
  </testsuite>
  <testsuite name="ds.mean::smk_expt::type=both" timestamp="2020-07-01T16:08:08Z" hostname="fv-az29" tests="1" skipped="0" failures="0" errors="0" time="1.078">
    <testcase time="1.07800000000043" classname="ds.mean_smk_expt_type_both" name="mean_values_both_"/>
  </testsuite>
  <testsuite name="ds.mean::smk_expt::type=combine" timestamp="2020-07-01T16:08:09Z" hostname="fv-az29" tests="1" skipped="0" failures="0" errors="0" time="1.12">
    <testcase time="1.11999999999989" classname="ds.mean_smk_expt_type_combine" name="mean_values_combine_"/>
  </testsuite>
  <testsuite name="ds.mean::smk_expt::type=split" timestamp="2020-07-01T16:08:11Z" hostname="fv-az29" tests="1" skipped="0" failures="0" errors="0" time="1.086">
    <testcase time="1.08599999999979" classname="ds.mean_smk_expt_type_split" name="mean_values_split_"/>
  </testsuite>
  <testsuite name="ds.mean::smk_expt::type=both" timestamp="2020-07-01T16:08:12Z" hostname="fv-az29" tests="1" skipped="0" failures="0" errors="0" time="1.092">
    <testcase time="1.0920000000001" classname="ds.mean_smk_expt_type_both" name="mean_values_both_"/>
  </testsuite>
  <testsuite name="vm-test::_::setup" timestamp="2020-07-01T16:08:13Z" hostname="fv-az29" tests="0" skipped="0" failures="0" errors="0" time="0"/>
  <testsuite name="vm-test::_::tests::vm" timestamp="2020-07-01T16:08:14Z" hostname="fv-az29" tests="1" skipped="0" failures="0" errors="0" time="1.063">
    <testcase time="1.0630000000001" classname="vm_test___tests_vm" name="The_virtual_machine_is_loaded._"/>
  </testsuite>
  <testsuite name="vm-test::_::shutdown" timestamp="2020-07-01T16:08:14Z" hostname="fv-az29" tests="0" skipped="0" failures="0" errors="0" time="0"/>
  <testsuite name="vm-test::_::done" timestamp="2020-07-01T16:08:14Z" hostname="fv-az29" tests="0" skipped="0" failures="0" errors="0" time="0"/>
</testsuites>
