<?xml version="1.0" ?>
<testsuites >

  <testsuite errors="0" failures="0" hostname="fv-az14" name="ds.asCharacter::arg::test errors" skipped="0" tests="1" time="6.975" timestamp="2020-10-27T18:41:20Z">
    <testcase classname="ds.asCharacter_arg_test_errors" name="asCharacter_erros" time="6.975"/>
  </testsuite>
  <testsuite errors="0" failures="0" hostname="fv-az14" name="ds.asDataMatrix::arg::test errors" skipped="0" tests="1" time="4.818" timestamp="2020-10-27T18:41:25Z">
    <testcase classname="ds.asDataMatrix_arg_test_errors" name="asDataMatrix_erros" time="4.818"/>
  </testsuite>
  <testsuite errors="0" failures="0" hostname="fv-az14" name="ds.asFactor::arg::test errors" skipped="0" tests="3" time="4.741" timestamp="2020-10-27T18:41:29Z">
    <testcase classname="ds.asFactor_arg_test_errors" name="asFactor_erros" time="4.678"/>
    <testcase classname="ds.asFactor_arg_test_errors" name="asFactor_erros" time="0.0500000000000007"/>
    <testcase classname="ds.asFactor_arg_test_errors" name="asFactor_erros" time="0.0129999999999981"/>
  </testsuite>
  <testsuite errors="0" failures="0" hostname="fv-az14" name="ds.asInteger::arg::test errors" skipped="0" tests="1" time="4.654" timestamp="2020-10-27T18:41:34Z">
    <testcase classname="ds.asInteger_arg_test_errors" name="asInteger_erros" time="4.654"/>
  </testsuite>
  <testsuite errors="0" failures="0" hostname="fv-az14" name="ds.asList::arg::test errors" skipped="0" tests="1" time="4.627" timestamp="2020-10-27T18:41:39Z">
    <testcase classname="ds.asList_arg_test_errors" name="asList_erros" time="4.627"/>
  </testsuite>
  <testsuite errors="0" failures="0" hostname="fv-az14" name="ds.asLogical::arg::test errors" skipped="0" tests="1" time="4.608" timestamp="2020-10-27T18:41:43Z">
    <testcase classname="ds.asLogical_arg_test_errors" name="asLogical_erros" time="4.608"/>
  </testsuite>
  <testsuite errors="0" failures="0" hostname="fv-az14" name="ds.asMatrix::arg::test errors" skipped="0" tests="1" time="4.581" timestamp="2020-10-27T18:41:48Z">
    <testcase classname="ds.asMatrix_arg_test_errors" name="asMatrix_erros" time="4.581"/>
  </testsuite>
  <testsuite errors="0" failures="0" hostname="fv-az14" name="ds.asNumeric::arg::test errors" skipped="0" tests="1" time="4.594" timestamp="2020-10-27T18:41:53Z">
    <testcase classname="ds.asNumeric_arg_test_errors" name="asNumeric_erros" time="4.594"/>
  </testsuite>
  <testsuite errors="0" failures="0" hostname="fv-az14" name="ds.assign::arg::test errors" skipped="0" tests="1" time="4.609" timestamp="2020-10-27T18:41:57Z">
    <testcase classname="ds.assign_arg_test_errors" name="assign_erros" time="4.60899999999999"/>
  </testsuite>
  <testsuite errors="0" failures="0" hostname="fv-az14" name="ds.Boole::arg::test errors" skipped="0" tests="5" time="4.707" timestamp="2020-10-27T18:42:02Z">
    <testcase classname="ds.Boole_arg_test_errors" name="Boole_erros" time="4.629"/>
    <testcase classname="ds.Boole_arg_test_errors" name="Boole_erros" time="0.0629999999999953"/>
    <testcase classname="ds.Boole_arg_test_errors" name="Boole_erros" time="0.00500000000000256"/>
    <testcase classname="ds.Boole_arg_test_errors" name="Boole_erros" time="0.00399999999999778"/>
    <testcase classname="ds.Boole_arg_test_errors" name="Boole_erros" time="0.00600000000000023"/>
  </testsuite>
  <testsuite errors="0" failures="0" hostname="fv-az14" name="ds.cbind::arg::test errors" skipped="0" tests="2" time="6.085" timestamp="2020-10-27T18:42:07Z">
    <testcase classname="ds.cbind_arg_test_errors" name="cbind_erros" time="4.958"/>
    <testcase classname="ds.cbind_arg_test_errors" name="cbind_erros" time="1.127"/>
  </testsuite>
  <testsuite errors="0" failures="0" hostname="fv-az14" name="ds.changeRefGroup::arg::test errors" skipped="0" tests="3" time="5.66" timestamp="2020-10-27T18:42:13Z">
    <testcase classname="ds.changeRefGroup_arg_test_errors" name="changeRefGroup_erros" time="4.639"/>
    <testcase classname="ds.changeRefGroup_arg_test_errors" name="changeRefGroup_erros" time="0.027000000000001"/>
    <testcase classname="ds.changeRefGroup_arg_test_errors" name="changeRefGroup_erros" time="0.994"/>
  </testsuite>
  <testsuite errors="0" failures="0" hostname="fv-az14" name="ds.class::arg::test errors" skipped="0" tests="1" time="4.625" timestamp="2020-10-27T18:42:18Z">
    <testcase classname="ds.class_arg_test_errors" name="class_erros" time="4.625"/>
  </testsuite>
  <testsuite errors="0" failures="0" hostname="fv-az14" name="ds.colnames::arg::test errors" skipped="0" tests="1" time="4.605" timestamp="2020-10-27T18:42:23Z">
    <testcase classname="ds.colnames_arg_test_errors" name="simple_colnames_errors" time="4.605"/>
  </testsuite>
  <testsuite errors="0" failures="0" hostname="fv-az14" name="ds.completeCases::arg::test errors" skipped="0" tests="1" time="4.576" timestamp="2020-10-27T18:42:27Z">
    <testcase classname="ds.completeCases_arg_test_errors" name="completeCases_errors" time="4.57599999999999"/>
  </testsuite>
  <testsuite errors="0" failures="0" hostname="fv-az14" name="ds.cor::arg::test errors" skipped="0" tests="3" time="8.05" timestamp="2020-10-27T18:42:32Z">
    <testcase classname="ds.cor_arg_test_errors" name="cor_erros" time="4.639"/>
    <testcase classname="ds.cor_arg_test_errors" name="cor_erros" time="1.14700000000001"/>
    <testcase classname="ds.cor_arg_test_errors" name="cor_erros" time="2.264"/>
  </testsuite>
  <testsuite errors="0" failures="0" hostname="fv-az14" name="ds.corTest::arg" skipped="0" tests="2" time="4.624" timestamp="2020-10-27T18:42:40Z">
    <testcase classname="ds.corTest_arg" name="simple_arg_test" time="4.60000000000001"/>
    <testcase classname="ds.corTest_arg" name="simple_arg_test" time="0.0240000000000009"/>
  </testsuite>
  <testsuite errors="0" failures="0" hostname="fv-az14" name="ds.cov::arg::test errors" skipped="0" tests="3" time="7.872" timestamp="2020-10-27T18:42:45Z">
    <testcase classname="ds.cov_arg_test_errors" name="cov_erros" time="4.58099999999999"/>
    <testcase classname="ds.cov_arg_test_errors" name="cov_erros" time="1.098"/>
    <testcase classname="ds.cov_arg_test_errors" name="cov_erros" time="2.19300000000001"/>
  </testsuite>
  <testsuite errors="0" failures="0" hostname="fv-az14" name="ds.c::arg::test errors" skipped="0" tests="1" time="4.596" timestamp="2020-10-27T18:42:53Z">
    <testcase classname="ds.c_arg_test_errors" name="simple_c_errors" time="4.59599999999999"/>
  </testsuite>
  <testsuite errors="0" failures="0" hostname="fv-az14" name="ds.dataFrameFill::arg::test errors" skipped="0" tests="3" time="5.915" timestamp="2020-10-27T18:42:57Z">
    <testcase classname="ds.dataFrameFill_arg_test_errors" name="dataFrameFill_erros" time="4.62100000000001"/>
    <testcase classname="ds.dataFrameFill_arg_test_errors" name="dataFrameFill_erros" time="0.343999999999994"/>
    <testcase classname="ds.dataFrameFill_arg_test_errors" name="dataFrameFill_erros" time="0.950000000000003"/>
  </testsuite>
  <testsuite errors="0" failures="0" hostname="fv-az14" name="ds.dataFrame::arg::test errors" skipped="0" tests="2" time="5.935" timestamp="2020-10-27T18:43:03Z">
    <testcase classname="ds.dataFrame_arg_test_errors" name="dataframe_erros" time="4.58099999999999"/>
    <testcase classname="ds.dataFrame_arg_test_errors" name="dataframe_erros" time="1.354"/>
  </testsuite>
  <testsuite errors="0" failures="0" hostname="fv-az14" name="ds.dataFrameSubset::arg::setup" skipped="0" tests="3" time="4.867" timestamp="2020-10-27T18:43:05Z">
    <testcase classname="ds.dataFrameSubset_arg_setup" name="setup" time="4.86500000000001"/>
    <testcase classname="ds.dataFrameSubset_arg_setup" name="setup" time="0.000999999999990564"/>
    <testcase classname="ds.dataFrameSubset_arg_setup" name="setup" time="0.00100000000000477"/>
  </testsuite>
  <testsuite errors="0" failures="0" hostname="fv-az14" name="ds.dataFrameSubset::arg::test errors" skipped="0" tests="1" time="0.007" timestamp="2020-10-27T18:43:09Z">
    <testcase classname="ds.dataFrameSubset_arg_test_errors" name="dataFrameSubset_erros" time="0.007000000000005"/>
  </testsuite>
  <testsuite errors="0" failures="0" hostname="fv-az14" name="ds.dataFrameSubset::arg::shutdown" skipped="0" tests="3" time="0.303" timestamp="2020-10-27T18:43:09Z">
    <testcase classname="ds.dataFrameSubset_arg_shutdown" name="shutdown" time="0.301000000000002"/>
    <testcase classname="ds.dataFrameSubset_arg_shutdown" name="shutdown" time="0.000999999999990564"/>
    <testcase classname="ds.dataFrameSubset_arg_shutdown" name="shutdown" time="0.00100000000000477"/>
  </testsuite>
  <testsuite errors="0" failures="0" hostname="fv-az14" name="ds.dataFrameSubset::arg::done" skipped="0" tests="0" time="0" timestamp="2020-10-27T18:43:10Z"/>
  <testsuite errors="0" failures="0" hostname="fv-az14" name="ds.dim::arg::test errors" skipped="0" tests="3" time="5.883" timestamp="2020-10-27T18:43:14Z">
    <testcase classname="ds.dim_arg_test_errors" name="dim_erros" time="4.61199999999999"/>
    <testcase classname="ds.dim_arg_test_errors" name="dim_erros" time="1"/>
    <testcase classname="ds.dim_arg_test_errors" name="dim_erros" time="0.271000000000015"/>
  </testsuite>
  <testsuite errors="0" failures="0" hostname="fv-az14" name="ds.exists::arg::test errors" skipped="0" tests="1" time="4.604" timestamp="2020-10-27T18:43:20Z">
    <testcase classname="ds.exists_arg_test_errors" name="simple_exists_errors" time="4.60399999999998"/>
  </testsuite>
  <testsuite errors="0" failures="0" hostname="fv-az14" name="ds.exp::arg::test errors" skipped="0" tests="1" time="4.586" timestamp="2020-10-27T18:43:25Z">
    <testcase classname="ds.exp_arg_test_errors" name="exp_erros" time="4.58600000000001"/>
  </testsuite>
  <testsuite errors="0" failures="0" hostname="fv-az14" name="ds.foobar::arg::setup" skipped="0" tests="3" time="4.874" timestamp="2020-10-27T18:43:25Z">
    <testcase classname="ds.foobar_arg_setup" name="setup" time="4.87199999999999"/>
    <testcase classname="ds.foobar_arg_setup" name="setup" time="0.00100000000000477"/>
    <testcase classname="ds.foobar_arg_setup" name="setup" time="0.00100000000000477"/>
  </testsuite>
  <testsuite errors="0" failures="0" hostname="fv-az14" name="ds.foobar::arg::aggregate" skipped="0" tests="2" time="0.009" timestamp="2020-10-27T18:43:30Z">
    <testcase classname="ds.foobar_arg_aggregate" name="NULL_connections" time="0.00800000000000978"/>
    <testcase classname="ds.foobar_arg_aggregate" name="NULL_connections" time="0.000999999999976353"/>
  </testsuite>
  <testsuite errors="0" failures="0" hostname="fv-az14" name="ds.foobar::arg::aggregate" skipped="0" tests="8" time="0.014" timestamp="2020-10-27T18:43:30Z">
    <testcase classname="ds.foobar_arg_aggregate" name="NULL_expr" time="0.00800000000000978"/>
    <testcase classname="ds.foobar_arg_aggregate" name="NULL_expr" time="0.00100000000000477"/>
    <testcase classname="ds.foobar_arg_aggregate" name="NULL_expr" time="0"/>
    <testcase classname="ds.foobar_arg_aggregate" name="NULL_expr" time="0.00100000000000477"/>
    <testcase classname="ds.foobar_arg_aggregate" name="NULL_expr" time="0.000999999999976353"/>
    <testcase classname="ds.foobar_arg_aggregate" name="NULL_expr" time="0.00100000000000477"/>
    <testcase classname="ds.foobar_arg_aggregate" name="NULL_expr" time="0.00100000000000477"/>
    <testcase classname="ds.foobar_arg_aggregate" name="NULL_expr" time="0.00100000000000477"/>
  </testsuite>
  <testsuite errors="0" failures="0" hostname="fv-az14" name="ds.foobar::arg::aggregate" skipped="0" tests="8" time="0.229" timestamp="2020-10-27T18:43:30Z">
    <testcase classname="ds.foobar_arg_aggregate" name="non_existent_aggregate_foobarDS" time="0.221000000000004"/>
    <testcase classname="ds.foobar_arg_aggregate" name="non_existent_aggregate_foobarDS" time="0.00100000000000477"/>
    <testcase classname="ds.foobar_arg_aggregate" name="non_existent_aggregate_foobarDS" time="0.000999999999976353"/>
    <testcase classname="ds.foobar_arg_aggregate" name="non_existent_aggregate_foobarDS" time="0.00100000000000477"/>
    <testcase classname="ds.foobar_arg_aggregate" name="non_existent_aggregate_foobarDS" time="0.00100000000000477"/>
    <testcase classname="ds.foobar_arg_aggregate" name="non_existent_aggregate_foobarDS" time="0.00100000000000477"/>
    <testcase classname="ds.foobar_arg_aggregate" name="non_existent_aggregate_foobarDS" time="0.00100000000000477"/>
    <testcase classname="ds.foobar_arg_aggregate" name="non_existent_aggregate_foobarDS" time="0.00199999999998113"/>
  </testsuite>
  <testsuite errors="0" failures="0" hostname="fv-az14" name="ds.foobar::arg::assign" skipped="0" tests="2" time="0.009" timestamp="2020-10-27T18:43:30Z">
    <testcase classname="ds.foobar_arg_assign" name="NULL_connections" time="0.00800000000000978"/>
    <testcase classname="ds.foobar_arg_assign" name="NULL_connections" time="0.00100000000000477"/>
  </testsuite>
  <testsuite errors="0" failures="0" hostname="fv-az14" name="ds.foobar::arg::assign" skipped="0" tests="2" time="0.008" timestamp="2020-10-27T18:43:30Z">
    <testcase classname="ds.foobar_arg_assign" name="NULL_value" time="0.007000000000005"/>
    <testcase classname="ds.foobar_arg_assign" name="NULL_value" time="0.00100000000000477"/>
  </testsuite>
  <testsuite errors="0" failures="0" hostname="fv-az14" name="ds.foobar::arg::assign" skipped="0" tests="8" time="0.232" timestamp="2020-10-27T18:43:30Z">
    <testcase classname="ds.foobar_arg_assign" name="non_existent_assign_foobarDS" time="0.224999999999994"/>
    <testcase classname="ds.foobar_arg_assign" name="non_existent_assign_foobarDS" time="0.000999999999976353"/>
    <testcase classname="ds.foobar_arg_assign" name="non_existent_assign_foobarDS" time="0.00100000000000477"/>
    <testcase classname="ds.foobar_arg_assign" name="non_existent_assign_foobarDS" time="0.00100000000000477"/>
    <testcase classname="ds.foobar_arg_assign" name="non_existent_assign_foobarDS" time="0.00100000000000477"/>
    <testcase classname="ds.foobar_arg_assign" name="non_existent_assign_foobarDS" time="0.00100000000000477"/>
    <testcase classname="ds.foobar_arg_assign" name="non_existent_assign_foobarDS" time="0.00100000000000477"/>
    <testcase classname="ds.foobar_arg_assign" name="non_existent_assign_foobarDS" time="0.000999999999976353"/>
  </testsuite>
  <testsuite errors="0" failures="0" hostname="fv-az14" name="ds.foobar::arg::shutdown" skipped="0" tests="3" time="0.269" timestamp="2020-10-27T18:43:30Z">
    <testcase classname="ds.foobar_arg_shutdown" name="shutdown" time="0.26600000000002"/>
    <testcase classname="ds.foobar_arg_shutdown" name="shutdown" time="0.00199999999998113"/>
    <testcase classname="ds.foobar_arg_shutdown" name="shutdown" time="0.00100000000000477"/>
  </testsuite>
  <testsuite errors="0" failures="0" hostname="fv-az14" name="ds.foobar::arg::done" skipped="0" tests="0" time="0" timestamp="2020-10-27T18:43:31Z"/>
  <testsuite errors="0" failures="0" hostname="fv-az14" name="ds.glmerSLMA::arg::setup" skipped="0" tests="3" time="4.831" timestamp="2020-10-27T18:43:31Z">
    <testcase classname="ds.glmerSLMA_arg_setup" name="setup" time="4.82900000000001"/>
    <testcase classname="ds.glmerSLMA_arg_setup" name="setup" time="0.00100000000000477"/>
    <testcase classname="ds.glmerSLMA_arg_setup" name="setup" time="0.00100000000000477"/>
  </testsuite>
  <testsuite errors="0" failures="0" hostname="fv-az14" name="ds.glmerSLMA::arg::testing" skipped="0" tests="18" time="3.955" timestamp="2020-10-27T18:43:35Z">
    <testcase classname="ds.glmerSLMA_arg_testing" name="simple_glmerSLMA_tesing_mis_use_of_arguments" time="0.00799999999998136"/>
    <testcase classname="ds.glmerSLMA_arg_testing" name="simple_glmerSLMA_tesing_mis_use_of_arguments" time="2.51400000000001"/>
    <testcase classname="ds.glmerSLMA_arg_testing" name="simple_glmerSLMA_tesing_mis_use_of_arguments" time="0.00200000000000955"/>
    <testcase classname="ds.glmerSLMA_arg_testing" name="simple_glmerSLMA_tesing_mis_use_of_arguments" time="0.000999999999976353"/>
    <testcase classname="ds.glmerSLMA_arg_testing" name="simple_glmerSLMA_tesing_mis_use_of_arguments" time="0.00100000000000477"/>
    <testcase classname="ds.glmerSLMA_arg_testing" name="simple_glmerSLMA_tesing_mis_use_of_arguments" time="0.00100000000000477"/>
    <testcase classname="ds.glmerSLMA_arg_testing" name="simple_glmerSLMA_tesing_mis_use_of_arguments" time="0.516999999999996"/>
    <testcase classname="ds.glmerSLMA_arg_testing" name="simple_glmerSLMA_tesing_mis_use_of_arguments" time="0.00200000000000955"/>
    <testcase classname="ds.glmerSLMA_arg_testing" name="simple_glmerSLMA_tesing_mis_use_of_arguments" time="0.00100000000000477"/>
    <testcase classname="ds.glmerSLMA_arg_testing" name="simple_glmerSLMA_tesing_mis_use_of_arguments" time="0.00100000000000477"/>
    <testcase classname="ds.glmerSLMA_arg_testing" name="simple_glmerSLMA_tesing_mis_use_of_arguments" time="0.000999999999976353"/>
    <testcase classname="ds.glmerSLMA_arg_testing" name="simple_glmerSLMA_tesing_mis_use_of_arguments" time="0.265000000000015"/>
    <testcase classname="ds.glmerSLMA_arg_testing" name="simple_glmerSLMA_tesing_mis_use_of_arguments" time="0.631"/>
    <testcase classname="ds.glmerSLMA_arg_testing" name="simple_glmerSLMA_tesing_mis_use_of_arguments" time="0.00199999999998113"/>
    <testcase classname="ds.glmerSLMA_arg_testing" name="simple_glmerSLMA_tesing_mis_use_of_arguments" time="0.00100000000000477"/>
    <testcase classname="ds.glmerSLMA_arg_testing" name="simple_glmerSLMA_tesing_mis_use_of_arguments" time="0.00100000000000477"/>
    <testcase classname="ds.glmerSLMA_arg_testing" name="simple_glmerSLMA_tesing_mis_use_of_arguments" time="0.00100000000000477"/>
    <testcase classname="ds.glmerSLMA_arg_testing" name="simple_glmerSLMA_tesing_mis_use_of_arguments" time="0.00499999999999545"/>
  </testsuite>
  <testsuite errors="0" failures="0" hostname="fv-az14" name="ds.glmerSLMA::arg::shutdown" skipped="0" tests="3" time="0.271" timestamp="2020-10-27T18:43:39Z">
    <testcase classname="ds.glmerSLMA_arg_shutdown" name="setup" time="0.269000000000005"/>
    <testcase classname="ds.glmerSLMA_arg_shutdown" name="setup" time="0.00100000000000477"/>
    <testcase classname="ds.glmerSLMA_arg_shutdown" name="setup" time="0.00100000000000477"/>
  </testsuite>
  <testsuite errors="0" failures="0" hostname="fv-az14" name="ds.glmerSLMA::arg::done" skipped="0" tests="0" time="0" timestamp="2020-10-27T18:43:40Z"/>
  <testsuite errors="0" failures="0" hostname="fv-az14" name="ds.glmPredict::arg::test _glmname_ arg is correct object" skipped="0" tests="5" time="4.931" timestamp="2020-10-27T18:43:44Z">
    <testcase classname="ds.glmPredict_arg_test__glmname__arg_is_correct_object" name="glmPredict_errors" time="4.62199999999999"/>
    <testcase classname="ds.glmPredict_arg_test__glmname__arg_is_correct_object" name="glmPredict_errors" time="0.305000000000007"/>
    <testcase classname="ds.glmPredict_arg_test__glmname__arg_is_correct_object" name="glmPredict_errors" time="0.00200000000000955"/>
    <testcase classname="ds.glmPredict_arg_test__glmname__arg_is_correct_object" name="glmPredict_errors" time="0.000999999999976353"/>
    <testcase classname="ds.glmPredict_arg_test__glmname__arg_is_correct_object" name="glmPredict_errors" time="0.00100000000000477"/>
  </testsuite>
  <testsuite errors="0" failures="0" hostname="fv-az14" name="ds.glmPredict::arg::setting up glm obj for further testing" skipped="0" tests="4" time="1.425" timestamp="2020-10-27T18:43:44Z">
    <testcase classname="ds.glmPredict_arg_setting_up_glm_obj_for_further_testing" name="glmPredict_errors" time="1.42099999999999"/>
    <testcase classname="ds.glmPredict_arg_setting_up_glm_obj_for_further_testing" name="glmPredict_errors" time="0.00200000000000955"/>
    <testcase classname="ds.glmPredict_arg_setting_up_glm_obj_for_further_testing" name="glmPredict_errors" time="0.00100000000000477"/>
    <testcase classname="ds.glmPredict_arg_setting_up_glm_obj_for_further_testing" name="glmPredict_errors" time="0.00100000000000477"/>
  </testsuite>
  <testsuite errors="0" failures="0" hostname="fv-az14" name="ds.glmPredict::arg::test _newdataname_ arg is correct object" skipped="0" tests="4" time="0.27" timestamp="2020-10-27T18:43:46Z">
    <testcase classname="ds.glmPredict_arg_test__newdataname__arg_is_correct_object" name="glmPredict_errors" time="0.265999999999991"/>
    <testcase classname="ds.glmPredict_arg_test__newdataname__arg_is_correct_object" name="glmPredict_errors" time="0.00200000000000955"/>
    <testcase classname="ds.glmPredict_arg_test__newdataname__arg_is_correct_object" name="glmPredict_errors" time="0.00100000000000477"/>
    <testcase classname="ds.glmPredict_arg_test__newdataname__arg_is_correct_object" name="glmPredict_errors" time="0.000999999999976353"/>
  </testsuite>
  <testsuite errors="0" failures="0" hostname="fv-az14" name="ds.glmPredict::arg::test _output.type_ arg is correct object" skipped="0" tests="2" time="0.009" timestamp="2020-10-27T18:43:46Z">
    <testcase classname="ds.glmPredict_arg_test__output.type__arg_is_correct_object" name="glmPredict_errors" time="0.00800000000000978"/>
    <testcase classname="ds.glmPredict_arg_test__output.type__arg_is_correct_object" name="glmPredict_errors" time="0.00100000000000477"/>
  </testsuite>
  <testsuite errors="0" failures="0" hostname="fv-az14" name="ds.glmPredict::arg::test _se.fit_ arg is correct object" skipped="0" tests="4" time="0.269" timestamp="2020-10-27T18:43:46Z">
    <testcase classname="ds.glmPredict_arg_test__se.fit__arg_is_correct_object" name="glmPredict_errors" time="0.265999999999991"/>
    <testcase classname="ds.glmPredict_arg_test__se.fit__arg_is_correct_object" name="glmPredict_errors" time="0.00100000000000477"/>
    <testcase classname="ds.glmPredict_arg_test__se.fit__arg_is_correct_object" name="glmPredict_errors" time="0.00100000000000477"/>
    <testcase classname="ds.glmPredict_arg_test__se.fit__arg_is_correct_object" name="glmPredict_errors" time="0.00100000000000477"/>
  </testsuite>
  <testsuite errors="0" failures="0" hostname="fv-az14" name="ds.glmPredict::arg::test _dispersion_ arg is correct object" skipped="1" tests="1" time="0.004" timestamp="2020-10-27T18:43:46Z">
    <testcase classname="ds.glmPredict_arg_test__dispersion__arg_is_correct_object" name="glmPredict_errors" time="0.00399999999999068">
      <skipped/>
    </testcase>
  </testsuite>
  <testsuite errors="0" failures="0" hostname="fv-az14" name="ds.glmPredict::arg::test _terms_ arg is correct object" skipped="0" tests="4" time="0.279" timestamp="2020-10-27T18:43:46Z">
    <testcase classname="ds.glmPredict_arg_test__terms__arg_is_correct_object" name="glmPredict_errors" time="0.27600000000001"/>
    <testcase classname="ds.glmPredict_arg_test__terms__arg_is_correct_object" name="glmPredict_errors" time="0.00100000000000477"/>
    <testcase classname="ds.glmPredict_arg_test__terms__arg_is_correct_object" name="glmPredict_errors" time="0.000999999999976353"/>
    <testcase classname="ds.glmPredict_arg_test__terms__arg_is_correct_object" name="glmPredict_errors" time="0.00100000000000477"/>
  </testsuite>
  <testsuite errors="0" failures="0" hostname="fv-az14" name="ds.glmPredict::arg::test _na.action_ arg is correct object" skipped="0" tests="1" time="0.004" timestamp="2020-10-27T18:43:47Z">
    <testcase classname="ds.glmPredict_arg_test__na.action__arg_is_correct_object" name="glmPredict_errors" time="0.0040000000000191"/>
  </testsuite>
  <testsuite errors="0" failures="0" hostname="fv-az14" name="ds.glmPredict::arg::test _newobj_ arg is correct object" skipped="1" tests="1" time="0.004" timestamp="2020-10-27T18:43:47Z">
    <testcase classname="ds.glmPredict_arg_test__newobj__arg_is_correct_object" name="glmPredict_errors" time="0.00399999999999068">
      <skipped/>
    </testcase>
  </testsuite>
  <testsuite errors="0" failures="0" hostname="fv-az14" name="ds.glm::arg::test errors" skipped="0" tests="2" time="4.956" timestamp="2020-10-27T18:43:51Z">
    <testcase classname="ds.glm_arg_test_errors" name="glm_errors" time="4.62"/>
    <testcase classname="ds.glm_arg_test_errors" name="glm_errors" time="0.335999999999984"/>
  </testsuite>
  <testsuite errors="0" failures="0" hostname="fv-az14" name="ds.glmSLMA::arg::test errors" skipped="0" tests="6" time="5.174" timestamp="2020-10-27T18:43:56Z">
    <testcase classname="ds.glmSLMA_arg_test_errors" name="glmSLMA_errors" time="4.904"/>
    <testcase classname="ds.glmSLMA_arg_test_errors" name="glmSLMA_errors" time="0.265000000000015"/>
    <testcase classname="ds.glmSLMA_arg_test_errors" name="glmSLMA_errors" time="0.00100000000000477"/>
    <testcase classname="ds.glmSLMA_arg_test_errors" name="glmSLMA_errors" time="0.00100000000000477"/>
    <testcase classname="ds.glmSLMA_arg_test_errors" name="glmSLMA_errors" time="0.000999999999976353"/>
    <testcase classname="ds.glmSLMA_arg_test_errors" name="glmSLMA_errors" time="0.00200000000000955"/>
  </testsuite>
  <testsuite errors="0" failures="0" hostname="fv-az14" name="ds.isNA::smk::errors" skipped="0" tests="1" time="4.639" timestamp="2020-10-27T18:44:01Z">
    <testcase classname="ds.isNA_smk_errors" name="isNA_errors" time="4.63900000000001"/>
  </testsuite>
  <testsuite errors="0" failures="0" hostname="fv-az14" name="ds.isValid::smk::errors" skipped="0" tests="2" time="5.576" timestamp="2020-10-27T18:44:06Z">
    <testcase classname="ds.isValid_smk_errors" name="isValid_errors" time="4.60999999999999"/>
    <testcase classname="ds.isValid_smk_errors" name="isValid_errors" time="0.966000000000008"/>
  </testsuite>
  <testsuite errors="0" failures="0" hostname="fv-az14" name="ds.kurtosis::arg::setup" skipped="0" tests="3" time="4.849" timestamp="2020-10-27T18:44:07Z">
    <testcase classname="ds.kurtosis_arg_setup" name="setup" time="4.84700000000001"/>
    <testcase classname="ds.kurtosis_arg_setup" name="setup" time="0.000999999999976353"/>
    <testcase classname="ds.kurtosis_arg_setup" name="setup" time="0.00100000000000477"/>
  </testsuite>
  <testsuite errors="0" failures="0" hostname="fv-az14" name="ds.kurtosis::arg::test errors" skipped="0" tests="4" time="0.101" timestamp="2020-10-27T18:44:12Z">
    <testcase classname="ds.kurtosis_arg_test_errors" name="kurtosis_erros" time="0.00800000000000978"/>
    <testcase classname="ds.kurtosis_arg_test_errors" name="kurtosis_erros" time="0.0840000000000032"/>
    <testcase classname="ds.kurtosis_arg_test_errors" name="kurtosis_erros" time="0.00399999999999068"/>
    <testcase classname="ds.kurtosis_arg_test_errors" name="kurtosis_erros" time="0.00499999999999545"/>
  </testsuite>
  <testsuite errors="0" failures="0" hostname="fv-az14" name="ds.kurtosis::arg::shutdown" skipped="0" tests="3" time="0.274" timestamp="2020-10-27T18:44:12Z">
    <testcase classname="ds.kurtosis_arg_shutdown" name="shutdown" time="0.271000000000015"/>
    <testcase classname="ds.kurtosis_arg_shutdown" name="shutdown" time="0.00199999999998113"/>
    <testcase classname="ds.kurtosis_arg_shutdown" name="shutdown" time="0.00100000000000477"/>
  </testsuite>
  <testsuite errors="0" failures="0" hostname="fv-az14" name="ds.kurtosis::arg::done" skipped="0" tests="0" time="0" timestamp="2020-10-27T18:44:13Z"/>
  <testsuite errors="0" failures="0" hostname="fv-az14" name="ds.length::arg::test errors" skipped="0" tests="5" time="7.431" timestamp="2020-10-27T18:44:17Z">
    <testcase classname="ds.length_arg_test_errors" name="length_erros" time="5.46700000000001"/>
    <testcase classname="ds.length_arg_test_errors" name="length_erros" time="0.0559999999999832"/>
    <testcase classname="ds.length_arg_test_errors" name="length_erros" time="0.0110000000000241"/>
    <testcase classname="ds.length_arg_test_errors" name="length_erros" time="0.952999999999975"/>
    <testcase classname="ds.length_arg_test_errors" name="length_erros" time="0.944000000000017"/>
  </testsuite>
  <testsuite errors="0" failures="0" hostname="fv-az14" name="ds.levels::arg" skipped="0" tests="2" time="4.887" timestamp="2020-10-27T18:44:24Z">
    <testcase classname="ds.levels_arg" name="simple_levels" time="4.60499999999999"/>
    <testcase classname="ds.levels_arg" name="simple_levels" time="0.282000000000011"/>
  </testsuite>
  <testsuite errors="0" failures="0" hostname="fv-az14" name="ds.lexis::arg::test errors" skipped="0" tests="1" time="4.597" timestamp="2020-10-27T18:44:29Z">
    <testcase classname="ds.lexis_arg_test_errors" name="lexis_erros" time="4.59700000000001"/>
  </testsuite>
  <testsuite errors="0" failures="0" hostname="fv-az14" name="ds.list::arg::test errors" skipped="0" tests="1" time="4.605" timestamp="2020-10-27T18:44:34Z">
    <testcase classname="ds.list_arg_test_errors" name="simple_ds.list_errors" time="4.60499999999999"/>
  </testsuite>
  <testsuite errors="0" failures="0" hostname="fv-az14" name="ds.lmerSLMA::arg::setup" skipped="0" tests="3" time="4.846" timestamp="2020-10-27T18:44:34Z">
    <testcase classname="ds.lmerSLMA_arg_setup" name="setup" time="4.84399999999999"/>
    <testcase classname="ds.lmerSLMA_arg_setup" name="setup" time="0.00100000000000477"/>
    <testcase classname="ds.lmerSLMA_arg_setup" name="setup" time="0.00100000000000477"/>
  </testsuite>
  <testsuite errors="0" failures="0" hostname="fv-az14" name="ds.lmerSLMA::arg" skipped="0" tests="17" time="3.974" timestamp="2020-10-27T18:44:39Z">
    <testcase classname="ds.lmerSLMA_arg" name="simple_lmerSLMA_tesing_mis_use_of_arguments" time="2.273"/>
    <testcase classname="ds.lmerSLMA_arg" name="simple_lmerSLMA_tesing_mis_use_of_arguments" time="0.00100000000000477"/>
    <testcase classname="ds.lmerSLMA_arg" name="simple_lmerSLMA_tesing_mis_use_of_arguments" time="0.00100000000000477"/>
    <testcase classname="ds.lmerSLMA_arg" name="simple_lmerSLMA_tesing_mis_use_of_arguments" time="0.000999999999976353"/>
    <testcase classname="ds.lmerSLMA_arg" name="simple_lmerSLMA_tesing_mis_use_of_arguments" time="0.00100000000000477"/>
    <testcase classname="ds.lmerSLMA_arg" name="simple_lmerSLMA_tesing_mis_use_of_arguments" time="0.719999999999999"/>
    <testcase classname="ds.lmerSLMA_arg" name="simple_lmerSLMA_tesing_mis_use_of_arguments" time="0.00200000000000955"/>
    <testcase classname="ds.lmerSLMA_arg" name="simple_lmerSLMA_tesing_mis_use_of_arguments" time="0.00100000000000477"/>
    <testcase classname="ds.lmerSLMA_arg" name="simple_lmerSLMA_tesing_mis_use_of_arguments" time="0.00100000000000477"/>
    <testcase classname="ds.lmerSLMA_arg" name="simple_lmerSLMA_tesing_mis_use_of_arguments" time="0.000999999999976353"/>
    <testcase classname="ds.lmerSLMA_arg" name="simple_lmerSLMA_tesing_mis_use_of_arguments" time="0.262"/>
    <testcase classname="ds.lmerSLMA_arg" name="simple_lmerSLMA_tesing_mis_use_of_arguments" time="0.700000000000017"/>
    <testcase classname="ds.lmerSLMA_arg" name="simple_lmerSLMA_tesing_mis_use_of_arguments" time="0.00200000000000955"/>
    <testcase classname="ds.lmerSLMA_arg" name="simple_lmerSLMA_tesing_mis_use_of_arguments" time="0.000999999999976353"/>
    <testcase classname="ds.lmerSLMA_arg" name="simple_lmerSLMA_tesing_mis_use_of_arguments" time="0.00100000000000477"/>
    <testcase classname="ds.lmerSLMA_arg" name="simple_lmerSLMA_tesing_mis_use_of_arguments" time="0.00100000000000477"/>
    <testcase classname="ds.lmerSLMA_arg" name="simple_lmerSLMA_tesing_mis_use_of_arguments" time="0.00499999999999545"/>
  </testsuite>
  <testsuite errors="0" failures="0" hostname="fv-az14" name="ds.lmerSLMA::arg::shutdown" skipped="0" tests="3" time="0.278" timestamp="2020-10-27T18:44:43Z">
    <testcase classname="ds.lmerSLMA_arg_shutdown" name="shutdown" time="0.27600000000001"/>
    <testcase classname="ds.lmerSLMA_arg_shutdown" name="shutdown" time="0.00100000000000477"/>
    <testcase classname="ds.lmerSLMA_arg_shutdown" name="shutdown" time="0.000999999999976353"/>
  </testsuite>
  <testsuite errors="0" failures="0" hostname="fv-az14" name="ds.lmerSLMA::arg::done" skipped="0" tests="0" time="0" timestamp="2020-10-27T18:44:43Z"/>
  <testsuite errors="0" failures="0" hostname="fv-az14" name="ds.log::arg::test errors" skipped="0" tests="1" time="4.605" timestamp="2020-10-27T18:44:47Z">
    <testcase classname="ds.log_arg_test_errors" name="log_erros" time="4.60500000000002"/>
  </testsuite>
  <testsuite errors="0" failures="0" hostname="fv-az14" name="ds.look::arg::test errors" skipped="0" tests="2" time="4.59" timestamp="2020-10-27T18:44:52Z">
    <testcase classname="ds.look_arg_test_errors" name="look_erros" time="4.58500000000001"/>
    <testcase classname="ds.look_arg_test_errors" name="look_erros" time="0.00499999999999545"/>
  </testsuite>
  <testsuite errors="0" failures="0" hostname="fv-az14" name="ds.ls::arg::setup" skipped="0" tests="3" time="4.889" timestamp="2020-10-27T18:44:53Z">
    <testcase classname="ds.ls_arg_setup" name="setup" time="4.886"/>
    <testcase classname="ds.ls_arg_setup" name="setup" time="0.00200000000000955"/>
    <testcase classname="ds.ls_arg_setup" name="setup" time="0.000999999999976353"/>
  </testsuite>
  <testsuite errors="0" failures="0" hostname="fv-az14" name="ds.ls::arg" skipped="0" tests="6" time="0.011" timestamp="2020-10-27T18:44:57Z">
    <testcase classname="ds.ls_arg" name="containing_escape_sequence" time="0.0040000000000191"/>
    <testcase classname="ds.ls_arg" name="containing_escape_sequence" time="0.00100000000000477"/>
    <testcase classname="ds.ls_arg" name="containing_escape_sequence" time="0.00199999999998113"/>
    <testcase classname="ds.ls_arg" name="containing_escape_sequence" time="0.00100000000000477"/>
    <testcase classname="ds.ls_arg" name="containing_escape_sequence" time="0.00200000000000955"/>
    <testcase classname="ds.ls_arg" name="containing_escape_sequence" time="0.00100000000000477"/>
  </testsuite>
  <testsuite errors="0" failures="0" hostname="fv-az14" name="ds.ls::arg::shutdown" skipped="0" tests="3" time="0.269" timestamp="2020-10-27T18:44:57Z">
    <testcase classname="ds.ls_arg_shutdown" name="shutdown" time="0.265999999999991"/>
    <testcase classname="ds.ls_arg_shutdown" name="shutdown" time="0.00200000000000955"/>
    <testcase classname="ds.ls_arg_shutdown" name="shutdown" time="0.000999999999976353"/>
  </testsuite>
  <testsuite errors="0" failures="0" hostname="fv-az14" name="ds.ls::arg::done" skipped="0" tests="0" time="0" timestamp="2020-10-27T18:44:58Z"/>
  <testsuite errors="0" failures="0" hostname="fv-az14" name="ds.make::arg::test errors" skipped="0" tests="1" time="4.621" timestamp="2020-10-27T18:45:02Z">
    <testcase classname="ds.make_arg_test_errors" name="make_erros" time="4.62100000000001"/>
  </testsuite>
  <testsuite errors="0" failures="0" hostname="fv-az14" name="ds.matrixDet::arg::test errors" skipped="0" tests="1" time="4.585" timestamp="2020-10-27T18:45:06Z">
    <testcase classname="ds.matrixDet_arg_test_errors" name="matrixDet_erros" time="4.58500000000001"/>
  </testsuite>
  <testsuite errors="0" failures="0" hostname="fv-az14" name="ds.matrixDet.report::arg::test errors" skipped="0" tests="1" time="4.6" timestamp="2020-10-27T18:45:11Z">
    <testcase classname="ds.matrixDet.report_arg_test_errors" name="ds.matixDet.report_erros" time="4.59999999999999"/>
  </testsuite>
  <testsuite errors="0" failures="0" hostname="fv-az14" name="ds.matrixDiag::arg::test errors" skipped="0" tests="2" time="4.602" timestamp="2020-10-27T18:45:16Z">
    <testcase classname="ds.matrixDiag_arg_test_errors" name="matrixDiag_erros" time="4.601"/>
    <testcase classname="ds.matrixDiag_arg_test_errors" name="matrixDiag_erros" time="0.00100000000000477"/>
  </testsuite>
  <testsuite errors="0" failures="0" hostname="fv-az14" name="ds.matrixDimnames::arg::test errors" skipped="0" tests="1" time="4.608" timestamp="2020-10-27T18:45:20Z">
    <testcase classname="ds.matrixDimnames_arg_test_errors" name="matrixDimnames_erros" time="4.608"/>
  </testsuite>
  <testsuite errors="0" failures="0" hostname="fv-az14" name="ds.matrixInvert::arg::test errors" skipped="0" tests="1" time="4.613" timestamp="2020-10-27T18:45:25Z">
    <testcase classname="ds.matrixInvert_arg_test_errors" name="matrixInvert_erros" time="4.61299999999997"/>
  </testsuite>
  <testsuite errors="0" failures="0" hostname="fv-az14" name="ds.matrixMult::arg::test errors" skipped="0" tests="1" time="4.598" timestamp="2020-10-27T18:45:29Z">
    <testcase classname="ds.matrixMult_arg_test_errors" name="matrixMult_erros" time="4.59800000000001"/>
  </testsuite>
  <testsuite errors="0" failures="0" hostname="fv-az14" name="ds.matrix::arg::test errors" skipped="0" tests="1" time="4.607" timestamp="2020-10-27T18:45:34Z">
    <testcase classname="ds.matrix_arg_test_errors" name="matrix_erros" time="4.60700000000003"/>
  </testsuite>
  <testsuite errors="0" failures="0" hostname="fv-az14" name="ds.matrixTranspose::arg::test errors" skipped="0" tests="1" time="4.621" timestamp="2020-10-27T18:45:39Z">
    <testcase classname="ds.matrixTranspose_arg_test_errors" name="matrixTranspose_erros" time="4.62099999999998"/>
  </testsuite>
  <testsuite errors="0" failures="0" hostname="fv-az14" name="ds.meanByClass::arg::test errors" skipped="0" tests="8" time="10.426" timestamp="2020-10-27T18:45:43Z">
    <testcase classname="ds.meanByClass_arg_test_errors" name="meanByClass_erros" time="7.31099999999998"/>
    <testcase classname="ds.meanByClass_arg_test_errors" name="meanByClass_erros" time="0.00499999999999545"/>
    <testcase classname="ds.meanByClass_arg_test_errors" name="meanByClass_erros" time="0.00200000000000955"/>
    <testcase classname="ds.meanByClass_arg_test_errors" name="meanByClass_erros" time="1.21199999999999"/>
    <testcase classname="ds.meanByClass_arg_test_errors" name="meanByClass_erros" time="0.00200000000000955"/>
    <testcase classname="ds.meanByClass_arg_test_errors" name="meanByClass_erros" time="1.887"/>
    <testcase classname="ds.meanByClass_arg_test_errors" name="meanByClass_erros" time="0.00200000000000955"/>
    <testcase classname="ds.meanByClass_arg_test_errors" name="meanByClass_erros" time="0.00499999999999545"/>
  </testsuite>
  <testsuite errors="0" failures="0" hostname="fv-az14" name="ds.mean::arg::test errors" skipped="0" tests="3" time="6.472" timestamp="2020-10-27T18:45:54Z">
    <testcase classname="ds.mean_arg_test_errors" name="mean_erros" time="5.423"/>
    <testcase classname="ds.mean_arg_test_errors" name="mean_erros" time="0.0819999999999936"/>
    <testcase classname="ds.mean_arg_test_errors" name="mean_erros" time="0.967000000000041"/>
  </testsuite>
  <testsuite errors="0" failures="0" hostname="fv-az14" name="ds.meanSdGp::arg::test errors" skipped="0" tests="1" time="4.608" timestamp="2020-10-27T18:46:00Z">
    <testcase classname="ds.meanSdGp_arg_test_errors" name="meanSdGp_erros" time="4.60799999999995"/>
  </testsuite>
  <testsuite errors="0" failures="0" hostname="fv-az14" name="ds.merge::arg::test errors" skipped="0" tests="5" time="4.719" timestamp="2020-10-27T18:46:05Z">
    <testcase classname="ds.merge_arg_test_errors" name="merge_erros" time="4.65500000000003"/>
    <testcase classname="ds.merge_arg_test_errors" name="merge_erros" time="0.0500000000000114"/>
    <testcase classname="ds.merge_arg_test_errors" name="merge_erros" time="0.00399999999996226"/>
    <testcase classname="ds.merge_arg_test_errors" name="merge_erros" time="0.0050000000000523"/>
    <testcase classname="ds.merge_arg_test_errors" name="merge_erros" time="0.00499999999999545"/>
  </testsuite>
  <testsuite errors="0" failures="0" hostname="fv-az14" name="ds.message::arg" skipped="0" tests="2" time="4.605" timestamp="2020-10-27T18:46:09Z">
    <testcase classname="ds.message_arg" name="request_message_for_NULL" time="4.601"/>
    <testcase classname="ds.message_arg" name="request_message_for_NULL" time="0.00399999999996226"/>
  </testsuite>
  <testsuite errors="0" failures="0" hostname="fv-az14" name="ds.names::arg::test errors" skipped="0" tests="7" time="4.906" timestamp="2020-10-27T18:46:14Z">
    <testcase classname="ds.names_arg_test_errors" name="simple_ds.names_errors" time="4.63600000000002"/>
    <testcase classname="ds.names_arg_test_errors" name="simple_ds.names_errors" time="0.26400000000001"/>
    <testcase classname="ds.names_arg_test_errors" name="simple_ds.names_errors" time="0.000999999999976353"/>
    <testcase classname="ds.names_arg_test_errors" name="simple_ds.names_errors" time="0.000999999999976353"/>
    <testcase classname="ds.names_arg_test_errors" name="simple_ds.names_errors" time="0.00200000000000955"/>
    <testcase classname="ds.names_arg_test_errors" name="simple_ds.names_errors" time="0.0010000000000332"/>
    <testcase classname="ds.names_arg_test_errors" name="simple_ds.names_errors" time="0.000999999999976353"/>
  </testsuite>
  <testsuite errors="0" failures="0" hostname="fv-az14" name="ds.numNA::arg::test errors" skipped="0" tests="1" time="4.618" timestamp="2020-10-27T18:46:19Z">
    <testcase classname="ds.numNA_arg_test_errors" name="simple_ds.numNA_errors" time="4.61799999999999"/>
  </testsuite>
  <testsuite errors="0" failures="0" hostname="fv-az14" name="ds.quantileMean::arg::test errors" skipped="0" tests="3" time="8.145" timestamp="2020-10-27T18:46:24Z">
    <testcase classname="ds.quantileMean_arg_test_errors" name="quantileMean_erros" time="5.40000000000003"/>
    <testcase classname="ds.quantileMean_arg_test_errors" name="quantileMean_erros" time="1.803"/>
    <testcase classname="ds.quantileMean_arg_test_errors" name="quantileMean_erros" time="0.942000000000007"/>
  </testsuite>
  <testsuite errors="0" failures="0" hostname="fv-az14" name="ds.rbind::arg::test errors" skipped="0" tests="1" time="4.64" timestamp="2020-10-27T18:46:32Z">
    <testcase classname="ds.rbind_arg_test_errors" name="rbind_erros" time="4.63999999999999"/>
  </testsuite>
  <testsuite errors="0" failures="0" hostname="fv-az14" name="ds.rBinom::arg::test errors" skipped="0" tests="2" time="4.594" timestamp="2020-10-27T18:46:36Z">
    <testcase classname="ds.rBinom_arg_test_errors" name="rBinom_erros" time="4.59300000000002"/>
    <testcase classname="ds.rBinom_arg_test_errors" name="rBinom_erros" time="0.000999999999976353"/>
  </testsuite>
  <testsuite errors="0" failures="0" hostname="fv-az14" name="ds.recodeLevels::arg::test errors" skipped="0" tests="8" time="6.814" timestamp="2020-10-27T18:46:41Z">
    <testcase classname="ds.recodeLevels_arg_test_errors" name="recodeLevels_erros" time="4.60199999999998"/>
    <testcase classname="ds.recodeLevels_arg_test_errors" name="recodeLevels_erros" time="0.00499999999999545"/>
    <testcase classname="ds.recodeLevels_arg_test_errors" name="recodeLevels_erros" time="0.0340000000000487"/>
    <testcase classname="ds.recodeLevels_arg_test_errors" name="recodeLevels_erros" time="0.00499999999999545"/>
    <testcase classname="ds.recodeLevels_arg_test_errors" name="recodeLevels_erros" time="0.00199999999995271"/>
    <testcase classname="ds.recodeLevels_arg_test_errors" name="recodeLevels_erros" time="0.94500000000005"/>
    <testcase classname="ds.recodeLevels_arg_test_errors" name="recodeLevels_erros" time="0.00199999999995271"/>
    <testcase classname="ds.recodeLevels_arg_test_errors" name="recodeLevels_erros" time="1.21900000000005"/>
  </testsuite>
  <testsuite errors="0" failures="0" hostname="fv-az14" name="ds.recodeValues::arg::test errors" skipped="0" tests="6" time="4.745" timestamp="2020-10-27T18:46:48Z">
    <testcase classname="ds.recodeValues_arg_test_errors" name="recodeValues_erros" time="4.65099999999995"/>
    <testcase classname="ds.recodeValues_arg_test_errors" name="recodeValues_erros" time="0.0740000000000123"/>
    <testcase classname="ds.recodeValues_arg_test_errors" name="recodeValues_erros" time="0.00499999999999545"/>
    <testcase classname="ds.recodeValues_arg_test_errors" name="recodeValues_erros" time="0.00499999999999545"/>
    <testcase classname="ds.recodeValues_arg_test_errors" name="recodeValues_erros" time="0.00499999999999545"/>
    <testcase classname="ds.recodeValues_arg_test_errors" name="recodeValues_erros" time="0.00499999999999545"/>
  </testsuite>
  <testsuite errors="0" failures="0" hostname="fv-az14" name="ds.replaceNA::arg::test errors" skipped="0" tests="2" time="4.654" timestamp="2020-10-27T18:46:53Z">
    <testcase classname="ds.replaceNA_arg_test_errors" name="simple_ds.replaceNA_errors" time="4.61400000000003"/>
    <testcase classname="ds.replaceNA_arg_test_errors" name="simple_ds.replaceNA_errors" time="0.0400000000000205"/>
  </testsuite>
  <testsuite errors="0" failures="0" hostname="fv-az14" name="ds.rep::arg::setup" skipped="0" tests="0" time="0" timestamp="2020-10-27T18:46:53Z"/>
  <testsuite errors="0" failures="0" hostname="fv-az14" name="ds.rep::arg::test errors" skipped="0" tests="1" time="4.629" timestamp="2020-10-27T18:46:57Z">
    <testcase classname="ds.rep_arg_test_errors" name="ds.rep_erros" time="4.62899999999996"/>
  </testsuite>
  <testsuite errors="0" failures="0" hostname="fv-az14" name="ds.rep::arg::shutdown" skipped="0" tests="0" time="0" timestamp="2020-10-27T18:46:57Z"/>
  <testsuite errors="0" failures="0" hostname="fv-az14" name="ds.rep::arg::done" skipped="0" tests="0" time="0" timestamp="2020-10-27T18:46:58Z"/>
  <testsuite errors="0" failures="0" hostname="fv-az14" name="ds.reShape::arg::test errors" skipped="0" tests="4" time="4.679" timestamp="2020-10-27T18:47:02Z">
    <testcase classname="ds.reShape_arg_test_errors" name="reShape_erros" time="4.61900000000003"/>
    <testcase classname="ds.reShape_arg_test_errors" name="reShape_erros" time="0.0509999999999877"/>
    <testcase classname="ds.reShape_arg_test_errors" name="reShape_erros" time="0.00499999999999545"/>
    <testcase classname="ds.reShape_arg_test_errors" name="reShape_erros" time="0.0040000000000191"/>
  </testsuite>
  <testsuite errors="0" failures="0" hostname="fv-az14" name="ds.rm::arg::test errors" skipped="0" tests="1" time="4.617" timestamp="2020-10-27T18:47:06Z">
    <testcase classname="ds.rm_arg_test_errors" name="ds.rm_erros" time="4.61699999999996"/>
  </testsuite>
  <testsuite errors="0" failures="0" hostname="fv-az14" name="ds.rNorm::arg::test errors" skipped="0" tests="2" time="4.641" timestamp="2020-10-27T18:47:11Z">
    <testcase classname="ds.rNorm_arg_test_errors" name="rNorm_erros" time="4.64000000000004"/>
    <testcase classname="ds.rNorm_arg_test_errors" name="rNorm_erros" time="0.000999999999976353"/>
  </testsuite>
  <testsuite errors="0" failures="0" hostname="fv-az14" name="ds.rowColCalc::arg::test errors" skipped="0" tests="3" time="12.199" timestamp="2020-10-27T18:47:16Z">
    <testcase classname="ds.rowColCalc_arg_test_errors" name="rowColCalc_errors" time="4.61399999999998"/>
    <testcase classname="ds.rowColCalc_arg_test_errors" name="rowColCalc_errors" time="3.81700000000001"/>
    <testcase classname="ds.rowColCalc_arg_test_errors" name="rowColCalc_errors" time="3.76800000000003"/>
  </testsuite>
  <testsuite errors="0" failures="0" hostname="fv-az14" name="ds.rPois::arg::test errors" skipped="0" tests="2" time="4.625" timestamp="2020-10-27T18:47:28Z">
    <testcase classname="ds.rPois_arg_test_errors" name="rPois_erros" time="4.62299999999999"/>
    <testcase classname="ds.rPois_arg_test_errors" name="rPois_erros" time="0.00200000000000955"/>
  </testsuite>
  <testsuite errors="0" failures="0" hostname="fv-az14" name="ds.rUnif::arg::test errors" skipped="0" tests="2" time="4.649" timestamp="2020-10-27T18:47:33Z">
    <testcase classname="ds.rUnif_arg_test_errors" name="rUnif_erros" time="4.64799999999997"/>
    <testcase classname="ds.rUnif_arg_test_errors" name="rUnif_erros" time="0.0010000000000332"/>
  </testsuite>
  <testsuite errors="0" failures="0" hostname="fv-az14" name="ds.sample::arg::setup" skipped="0" tests="0" time="0" timestamp="2020-10-27T18:47:33Z"/>
  <testsuite errors="0" failures="0" hostname="fv-az14" name="ds.sample::arg::test errors" skipped="0" tests="3" time="4.727" timestamp="2020-10-27T18:47:37Z">
    <testcase classname="ds.sample_arg_test_errors" name="cov_erros" time="4.65899999999999"/>
    <testcase classname="ds.sample_arg_test_errors" name="cov_erros" time="0.0670000000000073"/>
    <testcase classname="ds.sample_arg_test_errors" name="cov_erros" time="0.000999999999976353"/>
  </testsuite>
  <testsuite errors="0" failures="0" hostname="fv-az14" name="ds.sample::arg::shutdown" skipped="0" tests="0" time="0" timestamp="2020-10-27T18:47:37Z"/>
  <testsuite errors="0" failures="0" hostname="fv-az14" name="ds.sample::arg::done" skipped="0" tests="0" time="0" timestamp="2020-10-27T18:47:38Z"/>
  <testsuite errors="0" failures="0" hostname="fv-az14" name="ds.seq::arg::test errors" skipped="0" tests="1" time="4.629" timestamp="2020-10-27T18:47:42Z">
    <testcase classname="ds.seq_arg_test_errors" name="seq_erros" time="4.62900000000002"/>
  </testsuite>
  <testsuite errors="0" failures="0" hostname="fv-az14" name="ds.setSeed::arg::test errors" skipped="0" tests="1" time="4.629" timestamp="2020-10-27T18:47:47Z">
    <testcase classname="ds.setSeed_arg_test_errors" name="setSeed_erros" time="4.62900000000002"/>
  </testsuite>
  <testsuite errors="0" failures="0" hostname="fv-az14" name="ds.skewness::arg::setup" skipped="0" tests="3" time="4.891" timestamp="2020-10-27T18:47:47Z">
    <testcase classname="ds.skewness_arg_setup" name="setup" time="4.88799999999998"/>
    <testcase classname="ds.skewness_arg_setup" name="setup" time="0.00200000000000955"/>
    <testcase classname="ds.skewness_arg_setup" name="setup" time="0.000999999999976353"/>
  </testsuite>
  <testsuite errors="0" failures="0" hostname="fv-az14" name="ds.skewness::arg::test errors" skipped="0" tests="4" time="0.099" timestamp="2020-10-27T18:47:51Z">
    <testcase classname="ds.skewness_arg_test_errors" name="skewness_erros" time="0.0080000000000382"/>
    <testcase classname="ds.skewness_arg_test_errors" name="skewness_erros" time="0.0809999999999604"/>
    <testcase classname="ds.skewness_arg_test_errors" name="skewness_erros" time="0.00499999999999545"/>
    <testcase classname="ds.skewness_arg_test_errors" name="skewness_erros" time="0.00499999999999545"/>
  </testsuite>
  <testsuite errors="0" failures="0" hostname="fv-az14" name="ds.skewness::arg::shutdown" skipped="0" tests="3" time="0.269" timestamp="2020-10-27T18:47:52Z">
    <testcase classname="ds.skewness_arg_shutdown" name="shutdown" time="0.266999999999996"/>
    <testcase classname="ds.skewness_arg_shutdown" name="shutdown" time="0.0010000000000332"/>
    <testcase classname="ds.skewness_arg_shutdown" name="shutdown" time="0.000999999999976353"/>
  </testsuite>
  <testsuite errors="0" failures="0" hostname="fv-az14" name="ds.skewness::arg::done" skipped="0" tests="0" time="0" timestamp="2020-10-27T18:47:52Z"/>
  <testsuite errors="0" failures="0" hostname="fv-az14" name="ds.subsetByClass::arg::test errors" skipped="0" tests="4" time="5.63" timestamp="2020-10-27T18:47:56Z">
    <testcase classname="ds.subsetByClass_arg_test_errors" name="subsetByClass_erros" time="4.64100000000002"/>
    <testcase classname="ds.subsetByClass_arg_test_errors" name="subsetByClass_erros" time="0.00499999999999545"/>
    <testcase classname="ds.subsetByClass_arg_test_errors" name="subsetByClass_erros" time="0.0360000000000014"/>
    <testcase classname="ds.subsetByClass_arg_test_errors" name="subsetByClass_erros" time="0.947999999999979"/>
  </testsuite>
  <testsuite errors="0" failures="0" hostname="fv-az14" name="ds.subset::arg::test errors" skipped="0" tests="2" time="4.67" timestamp="2020-10-27T18:48:02Z">
    <testcase classname="ds.subset_arg_test_errors" name="subset_erros" time="4.66500000000002"/>
    <testcase classname="ds.subset_arg_test_errors" name="subset_erros" time="0.00499999999999545"/>
  </testsuite>
  <testsuite errors="0" failures="0" hostname="fv-az14" name="ds.summary::arg::test errors" skipped="0" tests="1" time="4.626" timestamp="2020-10-27T18:48:07Z">
    <testcase classname="ds.summary_arg_test_errors" name="summary_erros" time="4.62600000000003"/>
  </testsuite>
  <testsuite errors="0" failures="0" hostname="fv-az14" name="ds.table1D::arg::test errors" skipped="0" tests="4" time="5.928" timestamp="2020-10-27T18:48:11Z">
    <testcase classname="ds.table1D_arg_test_errors" name="table1D_erros" time="4.64399999999995"/>
    <testcase classname="ds.table1D_arg_test_errors" name="table1D_erros" time="0.0040000000000191"/>
    <testcase classname="ds.table1D_arg_test_errors" name="table1D_erros" time="0.0679999999999836"/>
    <testcase classname="ds.table1D_arg_test_errors" name="table1D_erros" time="1.21200000000005"/>
  </testsuite>
  <testsuite errors="0" failures="0" hostname="fv-az14" name="ds.table2D::arg::test errors" skipped="0" tests="2" time="4.66" timestamp="2020-10-27T18:48:17Z">
    <testcase classname="ds.table2D_arg_test_errors" name="table2D_erros" time="4.65599999999995"/>
    <testcase classname="ds.table2D_arg_test_errors" name="table2D_erros" time="0.0040000000000191"/>
  </testsuite>
  <testsuite errors="0" failures="0" hostname="fv-az14" name="ds.table::arg::test rvar has value" skipped="0" tests="1" time="4.636" timestamp="2020-10-27T18:48:22Z">
    <testcase classname="ds.table_arg_test_rvar_has_value" name="table_rvar_has_value" time="4.63600000000002"/>
  </testsuite>
  <testsuite errors="0" failures="0" hostname="fv-az14" name="ds.table::arg::test cvar has value" skipped="0" tests="1" time="0.945" timestamp="2020-10-27T18:48:22Z">
    <testcase classname="ds.table_arg_test_cvar_has_value" name="table_cvar_has_value" time="0.944999999999993"/>
  </testsuite>
  <testsuite errors="0" failures="0" hostname="fv-az14" name="ds.table::arg::test stvar has value" skipped="0" tests="1" time="0.006" timestamp="2020-10-27T18:48:23Z">
    <testcase classname="ds.table_arg_test_stvar_has_value" name="table_stvar_has_value" time="0.00599999999997181"/>
  </testsuite>
  <testsuite errors="0" failures="0" hostname="fv-az14" name="ds.table::arg::test stvar has CORRECT value" skipped="0" tests="1" time="0.004" timestamp="2020-10-27T18:48:23Z">
    <testcase classname="ds.table_arg_test_stvar_has_CORRECT_value" name="table_useNA_has_value" time="0.0040000000000191"/>
  </testsuite>
  <testsuite errors="0" failures="0" hostname="fv-az14" name="ds.table::arg::test force.nfilter has value" skipped="0" tests="1" time="0.005" timestamp="2020-10-27T18:48:23Z">
    <testcase classname="ds.table_arg_test_force.nfilter_has_value" name="table_force.nfilter_has_value" time="0.00499999999999545"/>
  </testsuite>
  <testsuite errors="0" failures="0" hostname="fv-az14" name="ds.tapply.assign::arg::test errors" skipped="0" tests="8" time="4.703" timestamp="2020-10-27T18:48:28Z">
    <testcase classname="ds.tapply.assign_arg_test_errors" name="tapply_erros" time="4.65199999999999"/>
    <testcase classname="ds.tapply.assign_arg_test_errors" name="tapply_erros" time="0.0010000000000332"/>
    <testcase classname="ds.tapply.assign_arg_test_errors" name="tapply_erros" time="0.0439999999999827"/>
    <testcase classname="ds.tapply.assign_arg_test_errors" name="tapply_erros" time="0.000999999999976353"/>
    <testcase classname="ds.tapply.assign_arg_test_errors" name="tapply_erros" time="0.0010000000000332"/>
    <testcase classname="ds.tapply.assign_arg_test_errors" name="tapply_erros" time="0.00200000000000955"/>
    <testcase classname="ds.tapply.assign_arg_test_errors" name="tapply_erros" time="0.000999999999976353"/>
    <testcase classname="ds.tapply.assign_arg_test_errors" name="tapply_erros" time="0.0010000000000332"/>
  </testsuite>
  <testsuite errors="0" failures="0" hostname="fv-az14" name="ds.tapply::arg::test errors" skipped="0" tests="8" time="4.649" timestamp="2020-10-27T18:48:32Z">
    <testcase classname="ds.tapply_arg_test_errors" name="tapply_erros" time="4.62799999999999"/>
    <testcase classname="ds.tapply_arg_test_errors" name="tapply_erros" time="0.000999999999976353"/>
    <testcase classname="ds.tapply_arg_test_errors" name="tapply_erros" time="0.0149999999999864"/>
    <testcase classname="ds.tapply_arg_test_errors" name="tapply_erros" time="0.000999999999976353"/>
    <testcase classname="ds.tapply_arg_test_errors" name="tapply_erros" time="0.0010000000000332"/>
    <testcase classname="ds.tapply_arg_test_errors" name="tapply_erros" time="0.000999999999976353"/>
    <testcase classname="ds.tapply_arg_test_errors" name="tapply_erros" time="0.000999999999976353"/>
    <testcase classname="ds.tapply_arg_test_errors" name="tapply_erros" time="0.0010000000000332"/>
  </testsuite>
  <testsuite errors="0" failures="0" hostname="fv-az14" name="ds.testObjExists::arg::test errors" skipped="0" tests="1" time="4.618" timestamp="2020-10-27T18:48:37Z">
    <testcase classname="ds.testObjExists_arg_test_errors" name="testObjExists_erros" time="4.61799999999999"/>
  </testsuite>
  <testsuite errors="0" failures="0" hostname="fv-az14" name="ds.unList::arg::test errors" skipped="0" tests="1" time="4.648" timestamp="2020-10-27T18:48:42Z">
    <testcase classname="ds.unList_arg_test_errors" name="unList_erros" time="4.64800000000002"/>
  </testsuite>
  <testsuite errors="0" failures="0" hostname="fv-az14" name="ds.var::arg::test errors" skipped="0" tests="2" time="6.471" timestamp="2020-10-27T18:48:46Z">
    <testcase classname="ds.var_arg_test_errors" name="var_erros" time="5.44299999999998"/>
    <testcase classname="ds.var_arg_test_errors" name="var_erros" time="1.02800000000002"/>
  </testsuite>
  <testsuite errors="0" failures="0" hostname="fv-az14" name="ds.vectorCalc::arg::test errors" skipped="0" tests="2" time="4.643" timestamp="2020-10-27T18:48:53Z">
    <testcase classname="ds.vectorCalc_arg_test_errors" name="ds.vectorCalc_erros" time="4.63799999999998"/>
    <testcase classname="ds.vectorCalc_arg_test_errors" name="ds.vectorCalc_erros" time="0.00499999999999545"/>
  </testsuite>
  <testsuite errors="0" failures="0" hostname="fv-az14" name="ANTHRO::datachk::setup" skipped="0" tests="3" time="4.892" timestamp="2020-10-27T18:48:53Z">
    <testcase classname="ANTHRO_datachk_setup" name="setup" time="4.89000000000004"/>
    <testcase classname="ANTHRO_datachk_setup" name="setup" time="0.000999999999976353"/>
    <testcase classname="ANTHRO_datachk_setup" name="setup" time="0.000999999999976353"/>
  </testsuite>
  <testsuite errors="0" failures="0" hostname="fv-az14" name="ANTHRO::datachk" skipped="0" tests="102" time="6.152" timestamp="2020-10-27T18:48:58Z">
    <testcase classname="ANTHRO_datachk" name="Check_ANTHRO_dataset" time="0.525000000000034"/>
    <testcase classname="ANTHRO_datachk" name="Check_ANTHRO_dataset" time="0.000999999999976353"/>
    <testcase classname="ANTHRO_datachk" name="Check_ANTHRO_dataset" time="0.000999999999976353"/>
    <testcase classname="ANTHRO_datachk" name="Check_ANTHRO_dataset" time="0.0010000000000332"/>
    <testcase classname="ANTHRO_datachk" name="Check_ANTHRO_dataset" time="0.000999999999976353"/>
    <testcase classname="ANTHRO_datachk" name="Check_ANTHRO_dataset" time="0.000999999999976353"/>
    <testcase classname="ANTHRO_datachk" name="Check_ANTHRO_dataset" time="0.0010000000000332"/>
    <testcase classname="ANTHRO_datachk" name="Check_ANTHRO_dataset" time="0.269000000000005"/>
    <testcase classname="ANTHRO_datachk" name="Check_ANTHRO_dataset" time="0.00200000000000955"/>
    <testcase classname="ANTHRO_datachk" name="Check_ANTHRO_dataset" time="0.000999999999976353"/>
    <testcase classname="ANTHRO_datachk" name="Check_ANTHRO_dataset" time="0.000999999999976353"/>
    <testcase classname="ANTHRO_datachk" name="Check_ANTHRO_dataset" time="0.0010000000000332"/>
    <testcase classname="ANTHRO_datachk" name="Check_ANTHRO_dataset" time="0.00200000000000955"/>
    <testcase classname="ANTHRO_datachk" name="Check_ANTHRO_dataset" time="0.000999999999976353"/>
    <testcase classname="ANTHRO_datachk" name="Check_ANTHRO_dataset" time="0.000999999999976353"/>
    <testcase classname="ANTHRO_datachk" name="Check_ANTHRO_dataset" time="1.21100000000001"/>
    <testcase classname="ANTHRO_datachk" name="Check_ANTHRO_dataset" time="0.0010000000000332"/>
    <testcase classname="ANTHRO_datachk" name="Check_ANTHRO_dataset" time="0.00199999999995271"/>
    <testcase classname="ANTHRO_datachk" name="Check_ANTHRO_dataset" time="0.0010000000000332"/>
    <testcase classname="ANTHRO_datachk" name="Check_ANTHRO_dataset" time="0.000999999999976353"/>
    <testcase classname="ANTHRO_datachk" name="Check_ANTHRO_dataset" time="0.00200000000000955"/>
    <testcase classname="ANTHRO_datachk" name="Check_ANTHRO_dataset" time="0.0010000000000332"/>
    <testcase classname="ANTHRO_datachk" name="Check_ANTHRO_dataset" time="0.526999999999987"/>
    <testcase classname="ANTHRO_datachk" name="Check_ANTHRO_dataset" time="0.000999999999976353"/>
    <testcase classname="ANTHRO_datachk" name="Check_ANTHRO_dataset" time="0.00200000000000955"/>
    <testcase classname="ANTHRO_datachk" name="Check_ANTHRO_dataset" time="0.000999999999976353"/>
    <testcase classname="ANTHRO_datachk" name="Check_ANTHRO_dataset" time="0.0010000000000332"/>
    <testcase classname="ANTHRO_datachk" name="Check_ANTHRO_dataset" time="0.00200000000000955"/>
    <testcase classname="ANTHRO_datachk" name="Check_ANTHRO_dataset" time="0.000999999999976353"/>
    <testcase classname="ANTHRO_datachk" name="Check_ANTHRO_dataset" time="0.263000000000034"/>
    <testcase classname="ANTHRO_datachk" name="Check_ANTHRO_dataset" time="0.00199999999995271"/>
    <testcase classname="ANTHRO_datachk" name="Check_ANTHRO_dataset" time="0.0010000000000332"/>
    <testcase classname="ANTHRO_datachk" name="Check_ANTHRO_dataset" time="0.00200000000000955"/>
    <testcase classname="ANTHRO_datachk" name="Check_ANTHRO_dataset" time="0.000999999999976353"/>
    <testcase classname="ANTHRO_datachk" name="Check_ANTHRO_dataset" time="0.00200000000000955"/>
    <testcase classname="ANTHRO_datachk" name="Check_ANTHRO_dataset" time="0.000999999999976353"/>
    <testcase classname="ANTHRO_datachk" name="Check_ANTHRO_dataset" time="0.00200000000000955"/>
    <testcase classname="ANTHRO_datachk" name="Check_ANTHRO_dataset" time="0.00200000000000955"/>
    <testcase classname="ANTHRO_datachk" name="Check_ANTHRO_dataset" time="0.528999999999996"/>
    <testcase classname="ANTHRO_datachk" name="Check_ANTHRO_dataset" time="0.00200000000000955"/>
    <testcase classname="ANTHRO_datachk" name="Check_ANTHRO_dataset" time="0.000999999999976353"/>
    <testcase classname="ANTHRO_datachk" name="Check_ANTHRO_dataset" time="0.00200000000000955"/>
    <testcase classname="ANTHRO_datachk" name="Check_ANTHRO_dataset" time="0.00200000000000955"/>
    <testcase classname="ANTHRO_datachk" name="Check_ANTHRO_dataset" time="0.000999999999976353"/>
    <testcase classname="ANTHRO_datachk" name="Check_ANTHRO_dataset" time="0.00200000000000955"/>
    <testcase classname="ANTHRO_datachk" name="Check_ANTHRO_dataset" time="0.264999999999986"/>
    <testcase classname="ANTHRO_datachk" name="Check_ANTHRO_dataset" time="0.00200000000000955"/>
    <testcase classname="ANTHRO_datachk" name="Check_ANTHRO_dataset" time="0.00200000000000955"/>
    <testcase classname="ANTHRO_datachk" name="Check_ANTHRO_dataset" time="0.00200000000000955"/>
    <testcase classname="ANTHRO_datachk" name="Check_ANTHRO_dataset" time="0.00200000000000955"/>
    <testcase classname="ANTHRO_datachk" name="Check_ANTHRO_dataset" time="0.00200000000000955"/>
    <testcase classname="ANTHRO_datachk" name="Check_ANTHRO_dataset" time="0.000999999999976353"/>
    <testcase classname="ANTHRO_datachk" name="Check_ANTHRO_dataset" time="0.00200000000000955"/>
    <testcase classname="ANTHRO_datachk" name="Check_ANTHRO_dataset" time="0.00200000000000955"/>
    <testcase classname="ANTHRO_datachk" name="Check_ANTHRO_dataset" time="0.526999999999987"/>
    <testcase classname="ANTHRO_datachk" name="Check_ANTHRO_dataset" time="0.0010000000000332"/>
    <testcase classname="ANTHRO_datachk" name="Check_ANTHRO_dataset" time="0.00200000000000955"/>
    <testcase classname="ANTHRO_datachk" name="Check_ANTHRO_dataset" time="0.00199999999995271"/>
    <testcase classname="ANTHRO_datachk" name="Check_ANTHRO_dataset" time="0.00200000000000955"/>
    <testcase classname="ANTHRO_datachk" name="Check_ANTHRO_dataset" time="0.00200000000000955"/>
    <testcase classname="ANTHRO_datachk" name="Check_ANTHRO_dataset" time="0.00200000000000955"/>
    <testcase classname="ANTHRO_datachk" name="Check_ANTHRO_dataset" time="0.260999999999967"/>
    <testcase classname="ANTHRO_datachk" name="Check_ANTHRO_dataset" time="0.00200000000000955"/>
    <testcase classname="ANTHRO_datachk" name="Check_ANTHRO_dataset" time="0.00200000000000955"/>
    <testcase classname="ANTHRO_datachk" name="Check_ANTHRO_dataset" time="0.00200000000000955"/>
    <testcase classname="ANTHRO_datachk" name="Check_ANTHRO_dataset" time="0.00200000000000955"/>
    <testcase classname="ANTHRO_datachk" name="Check_ANTHRO_dataset" time="0.00200000000000955"/>
    <testcase classname="ANTHRO_datachk" name="Check_ANTHRO_dataset" time="0.00199999999995271"/>
    <testcase classname="ANTHRO_datachk" name="Check_ANTHRO_dataset" time="0.00200000000000955"/>
    <testcase classname="ANTHRO_datachk" name="Check_ANTHRO_dataset" time="0.00200000000000955"/>
    <testcase classname="ANTHRO_datachk" name="Check_ANTHRO_dataset" time="0.521999999999991"/>
    <testcase classname="ANTHRO_datachk" name="Check_ANTHRO_dataset" time="0.00200000000000955"/>
    <testcase classname="ANTHRO_datachk" name="Check_ANTHRO_dataset" time="0.00200000000000955"/>
    <testcase classname="ANTHRO_datachk" name="Check_ANTHRO_dataset" time="0.0029999999999859"/>
    <testcase classname="ANTHRO_datachk" name="Check_ANTHRO_dataset" time="0.00200000000000955"/>
    <testcase classname="ANTHRO_datachk" name="Check_ANTHRO_dataset" time="0.00200000000000955"/>
    <testcase classname="ANTHRO_datachk" name="Check_ANTHRO_dataset" time="0.00200000000000955"/>
    <testcase classname="ANTHRO_datachk" name="Check_ANTHRO_dataset" time="0.270999999999958"/>
    <testcase classname="ANTHRO_datachk" name="Check_ANTHRO_dataset" time="0.00200000000000955"/>
    <testcase classname="ANTHRO_datachk" name="Check_ANTHRO_dataset" time="0.0029999999999859"/>
    <testcase classname="ANTHRO_datachk" name="Check_ANTHRO_dataset" time="0.00200000000000955"/>
    <testcase classname="ANTHRO_datachk" name="Check_ANTHRO_dataset" time="0.00200000000000955"/>
    <testcase classname="ANTHRO_datachk" name="Check_ANTHRO_dataset" time="0.00200000000000955"/>
    <testcase classname="ANTHRO_datachk" name="Check_ANTHRO_dataset" time="0.0029999999999859"/>
    <testcase classname="ANTHRO_datachk" name="Check_ANTHRO_dataset" time="0.00200000000000955"/>
    <testcase classname="ANTHRO_datachk" name="Check_ANTHRO_dataset" time="0.00200000000000955"/>
    <testcase classname="ANTHRO_datachk" name="Check_ANTHRO_dataset" time="0.536999999999978"/>
    <testcase classname="ANTHRO_datachk" name="Check_ANTHRO_dataset" time="0.00300000000004275"/>
    <testcase classname="ANTHRO_datachk" name="Check_ANTHRO_dataset" time="0.00199999999995271"/>
    <testcase classname="ANTHRO_datachk" name="Check_ANTHRO_dataset" time="0.00300000000004275"/>
    <testcase classname="ANTHRO_datachk" name="Check_ANTHRO_dataset" time="0.00199999999995271"/>
    <testcase classname="ANTHRO_datachk" name="Check_ANTHRO_dataset" time="0.00900000000001455"/>
    <testcase classname="ANTHRO_datachk" name="Check_ANTHRO_dataset" time="0.0029999999999859"/>
    <testcase classname="ANTHRO_datachk" name="Check_ANTHRO_dataset" time="0.27600000000001"/>
    <testcase classname="ANTHRO_datachk" name="Check_ANTHRO_dataset" time="0.0029999999999859"/>
    <testcase classname="ANTHRO_datachk" name="Check_ANTHRO_dataset" time="0.00200000000000955"/>
    <testcase classname="ANTHRO_datachk" name="Check_ANTHRO_dataset" time="0.00300000000004275"/>
    <testcase classname="ANTHRO_datachk" name="Check_ANTHRO_dataset" time="0.00199999999995271"/>
    <testcase classname="ANTHRO_datachk" name="Check_ANTHRO_dataset" time="0.00200000000000955"/>
    <testcase classname="ANTHRO_datachk" name="Check_ANTHRO_dataset" time="0.0029999999999859"/>
    <testcase classname="ANTHRO_datachk" name="Check_ANTHRO_dataset" time="0.00200000000000955"/>
    <testcase classname="ANTHRO_datachk" name="Check_ANTHRO_dataset" time="0.00300000000004275"/>
  </testsuite>
  <testsuite errors="0" failures="0" hostname="fv-az14" name="ANTHRO::datachk::shutdown" skipped="0" tests="3" time="0.267" timestamp="2020-10-27T18:49:04Z">
    <testcase classname="ANTHRO_datachk_shutdown" name="shutdown" time="0.264999999999986"/>
    <testcase classname="ANTHRO_datachk_shutdown" name="shutdown" time="0.000999999999976353"/>
    <testcase classname="ANTHRO_datachk_shutdown" name="shutdown" time="0.0010000000000332"/>
  </testsuite>
  <testsuite errors="0" failures="0" hostname="fv-az14" name="ANTHRO::datachk::done" skipped="0" tests="0" time="0" timestamp="2020-10-27T18:49:05Z"/>
  <testsuite errors="0" failures="0" hostname="fv-az14" name="CLUSTER_INT::datachk::setup" skipped="0" tests="3" time="4.939" timestamp="2020-10-27T18:49:05Z">
    <testcase classname="CLUSTER_INT_datachk_setup" name="setup" time="4.93699999999995"/>
    <testcase classname="CLUSTER_INT_datachk_setup" name="setup" time="0.0010000000000332"/>
    <testcase classname="CLUSTER_INT_datachk_setup" name="setup" time="0.000999999999976353"/>
  </testsuite>
  <testsuite errors="0" failures="0" hostname="fv-az14" name="CLUSTER_INT::datachk" skipped="0" tests="230" time="12.83" timestamp="2020-10-27T18:49:09Z">
    <testcase classname="CLUSTER_INT_datachk" name="Check_CLUSTER_INT_dataset" time="0.532000000000039"/>
    <testcase classname="CLUSTER_INT_datachk" name="Check_CLUSTER_INT_dataset" time="0.000999999999976353"/>
    <testcase classname="CLUSTER_INT_datachk" name="Check_CLUSTER_INT_dataset" time="0.00200000000000955"/>
    <testcase classname="CLUSTER_INT_datachk" name="Check_CLUSTER_INT_dataset" time="0.000999999999976353"/>
    <testcase classname="CLUSTER_INT_datachk" name="Check_CLUSTER_INT_dataset" time="0.0010000000000332"/>
    <testcase classname="CLUSTER_INT_datachk" name="Check_CLUSTER_INT_dataset" time="0.000999999999976353"/>
    <testcase classname="CLUSTER_INT_datachk" name="Check_CLUSTER_INT_dataset" time="0.000999999999976353"/>
    <testcase classname="CLUSTER_INT_datachk" name="Check_CLUSTER_INT_dataset" time="0.261000000000024"/>
    <testcase classname="CLUSTER_INT_datachk" name="Check_CLUSTER_INT_dataset" time="0.000999999999976353"/>
    <testcase classname="CLUSTER_INT_datachk" name="Check_CLUSTER_INT_dataset" time="0.00200000000000955"/>
    <testcase classname="CLUSTER_INT_datachk" name="Check_CLUSTER_INT_dataset" time="0.0010000000000332"/>
    <testcase classname="CLUSTER_INT_datachk" name="Check_CLUSTER_INT_dataset" time="0.000999999999976353"/>
    <testcase classname="CLUSTER_INT_datachk" name="Check_CLUSTER_INT_dataset" time="0.0010000000000332"/>
    <testcase classname="CLUSTER_INT_datachk" name="Check_CLUSTER_INT_dataset" time="0.00199999999995271"/>
    <testcase classname="CLUSTER_INT_datachk" name="Check_CLUSTER_INT_dataset" time="0.0010000000000332"/>
    <testcase classname="CLUSTER_INT_datachk" name="Check_CLUSTER_INT_dataset" time="1.20099999999996"/>
    <testcase classname="CLUSTER_INT_datachk" name="Check_CLUSTER_INT_dataset" time="0.0010000000000332"/>
    <testcase classname="CLUSTER_INT_datachk" name="Check_CLUSTER_INT_dataset" time="0.00200000000000955"/>
    <testcase classname="CLUSTER_INT_datachk" name="Check_CLUSTER_INT_dataset" time="0.000999999999976353"/>
    <testcase classname="CLUSTER_INT_datachk" name="Check_CLUSTER_INT_dataset" time="0.00200000000000955"/>
    <testcase classname="CLUSTER_INT_datachk" name="Check_CLUSTER_INT_dataset" time="0.00200000000000955"/>
    <testcase classname="CLUSTER_INT_datachk" name="Check_CLUSTER_INT_dataset" time="0.000999999999976353"/>
    <testcase classname="CLUSTER_INT_datachk" name="Check_CLUSTER_INT_dataset" time="0.531999999999982"/>
    <testcase classname="CLUSTER_INT_datachk" name="Check_CLUSTER_INT_dataset" time="0.00200000000000955"/>
    <testcase classname="CLUSTER_INT_datachk" name="Check_CLUSTER_INT_dataset" time="0.0010000000000332"/>
    <testcase classname="CLUSTER_INT_datachk" name="Check_CLUSTER_INT_dataset" time="0.000999999999976353"/>
    <testcase classname="CLUSTER_INT_datachk" name="Check_CLUSTER_INT_dataset" time="0.00200000000000955"/>
    <testcase classname="CLUSTER_INT_datachk" name="Check_CLUSTER_INT_dataset" time="0.000999999999976353"/>
    <testcase classname="CLUSTER_INT_datachk" name="Check_CLUSTER_INT_dataset" time="0.00200000000000955"/>
    <testcase classname="CLUSTER_INT_datachk" name="Check_CLUSTER_INT_dataset" time="0.259999999999991"/>
    <testcase classname="CLUSTER_INT_datachk" name="Check_CLUSTER_INT_dataset" time="0.0010000000000332"/>
    <testcase classname="CLUSTER_INT_datachk" name="Check_CLUSTER_INT_dataset" time="0.00200000000000955"/>
    <testcase classname="CLUSTER_INT_datachk" name="Check_CLUSTER_INT_dataset" time="0.000999999999976353"/>
    <testcase classname="CLUSTER_INT_datachk" name="Check_CLUSTER_INT_dataset" time="0.00200000000000955"/>
    <testcase classname="CLUSTER_INT_datachk" name="Check_CLUSTER_INT_dataset" time="0.000999999999976353"/>
    <testcase classname="CLUSTER_INT_datachk" name="Check_CLUSTER_INT_dataset" time="0.00200000000000955"/>
    <testcase classname="CLUSTER_INT_datachk" name="Check_CLUSTER_INT_dataset" time="0.0010000000000332"/>
    <testcase classname="CLUSTER_INT_datachk" name="Check_CLUSTER_INT_dataset" time="0.00199999999995271"/>
    <testcase classname="CLUSTER_INT_datachk" name="Check_CLUSTER_INT_dataset" time="0.525000000000034"/>
    <testcase classname="CLUSTER_INT_datachk" name="Check_CLUSTER_INT_dataset" time="0.000999999999976353"/>
    <testcase classname="CLUSTER_INT_datachk" name="Check_CLUSTER_INT_dataset" time="0.00200000000000955"/>
    <testcase classname="CLUSTER_INT_datachk" name="Check_CLUSTER_INT_dataset" time="0.00200000000000955"/>
    <testcase classname="CLUSTER_INT_datachk" name="Check_CLUSTER_INT_dataset" time="0.000999999999976353"/>
    <testcase classname="CLUSTER_INT_datachk" name="Check_CLUSTER_INT_dataset" time="0.00200000000000955"/>
    <testcase classname="CLUSTER_INT_datachk" name="Check_CLUSTER_INT_dataset" time="0.00200000000000955"/>
    <testcase classname="CLUSTER_INT_datachk" name="Check_CLUSTER_INT_dataset" time="0.26600000000002"/>
    <testcase classname="CLUSTER_INT_datachk" name="Check_CLUSTER_INT_dataset" time="0.00199999999995271"/>
    <testcase classname="CLUSTER_INT_datachk" name="Check_CLUSTER_INT_dataset" time="0.00200000000000955"/>
    <testcase classname="CLUSTER_INT_datachk" name="Check_CLUSTER_INT_dataset" time="0.00200000000000955"/>
    <testcase classname="CLUSTER_INT_datachk" name="Check_CLUSTER_INT_dataset" time="0.00200000000000955"/>
    <testcase classname="CLUSTER_INT_datachk" name="Check_CLUSTER_INT_dataset" time="0.00200000000000955"/>
    <testcase classname="CLUSTER_INT_datachk" name="Check_CLUSTER_INT_dataset" time="0.00200000000000955"/>
    <testcase classname="CLUSTER_INT_datachk" name="Check_CLUSTER_INT_dataset" time="0.000999999999976353"/>
    <testcase classname="CLUSTER_INT_datachk" name="Check_CLUSTER_INT_dataset" time="0.00200000000000955"/>
    <testcase classname="CLUSTER_INT_datachk" name="Check_CLUSTER_INT_dataset" time="0.524000000000001"/>
    <testcase classname="CLUSTER_INT_datachk" name="Check_CLUSTER_INT_dataset" time="0.00200000000000955"/>
    <testcase classname="CLUSTER_INT_datachk" name="Check_CLUSTER_INT_dataset" time="0.00199999999995271"/>
    <testcase classname="CLUSTER_INT_datachk" name="Check_CLUSTER_INT_dataset" time="0.0080000000000382"/>
    <testcase classname="CLUSTER_INT_datachk" name="Check_CLUSTER_INT_dataset" time="0.00200000000000955"/>
    <testcase classname="CLUSTER_INT_datachk" name="Check_CLUSTER_INT_dataset" time="0.00199999999995271"/>
    <testcase classname="CLUSTER_INT_datachk" name="Check_CLUSTER_INT_dataset" time="0.00200000000000955"/>
    <testcase classname="CLUSTER_INT_datachk" name="Check_CLUSTER_INT_dataset" time="0.261000000000024"/>
    <testcase classname="CLUSTER_INT_datachk" name="Check_CLUSTER_INT_dataset" time="0.00200000000000955"/>
    <testcase classname="CLUSTER_INT_datachk" name="Check_CLUSTER_INT_dataset" time="0.00200000000000955"/>
    <testcase classname="CLUSTER_INT_datachk" name="Check_CLUSTER_INT_dataset" time="0.00199999999995271"/>
    <testcase classname="CLUSTER_INT_datachk" name="Check_CLUSTER_INT_dataset" time="0.00200000000000955"/>
    <testcase classname="CLUSTER_INT_datachk" name="Check_CLUSTER_INT_dataset" time="0.00200000000000955"/>
    <testcase classname="CLUSTER_INT_datachk" name="Check_CLUSTER_INT_dataset" time="0.00200000000000955"/>
    <testcase classname="CLUSTER_INT_datachk" name="Check_CLUSTER_INT_dataset" time="0.00200000000000955"/>
    <testcase classname="CLUSTER_INT_datachk" name="Check_CLUSTER_INT_dataset" time="0.00200000000000955"/>
    <testcase classname="CLUSTER_INT_datachk" name="Check_CLUSTER_INT_dataset" time="0.519999999999982"/>
    <testcase classname="CLUSTER_INT_datachk" name="Check_CLUSTER_INT_dataset" time="0.00200000000000955"/>
    <testcase classname="CLUSTER_INT_datachk" name="Check_CLUSTER_INT_dataset" time="0.00200000000000955"/>
    <testcase classname="CLUSTER_INT_datachk" name="Check_CLUSTER_INT_dataset" time="0.00199999999995271"/>
    <testcase classname="CLUSTER_INT_datachk" name="Check_CLUSTER_INT_dataset" time="0.00300000000004275"/>
    <testcase classname="CLUSTER_INT_datachk" name="Check_CLUSTER_INT_dataset" time="0.00199999999995271"/>
    <testcase classname="CLUSTER_INT_datachk" name="Check_CLUSTER_INT_dataset" time="0.00200000000000955"/>
    <testcase classname="CLUSTER_INT_datachk" name="Check_CLUSTER_INT_dataset" time="0.26400000000001"/>
    <testcase classname="CLUSTER_INT_datachk" name="Check_CLUSTER_INT_dataset" time="0.00200000000000955"/>
    <testcase classname="CLUSTER_INT_datachk" name="Check_CLUSTER_INT_dataset" time="0.0029999999999859"/>
    <testcase classname="CLUSTER_INT_datachk" name="Check_CLUSTER_INT_dataset" time="0.00200000000000955"/>
    <testcase classname="CLUSTER_INT_datachk" name="Check_CLUSTER_INT_dataset" time="0.00200000000000955"/>
    <testcase classname="CLUSTER_INT_datachk" name="Check_CLUSTER_INT_dataset" time="0.00200000000000955"/>
    <testcase classname="CLUSTER_INT_datachk" name="Check_CLUSTER_INT_dataset" time="0.00200000000000955"/>
    <testcase classname="CLUSTER_INT_datachk" name="Check_CLUSTER_INT_dataset" time="0.00200000000000955"/>
    <testcase classname="CLUSTER_INT_datachk" name="Check_CLUSTER_INT_dataset" time="0.00200000000000955"/>
    <testcase classname="CLUSTER_INT_datachk" name="Check_CLUSTER_INT_dataset" time="0.520999999999958"/>
    <testcase classname="CLUSTER_INT_datachk" name="Check_CLUSTER_INT_dataset" time="0.00300000000004275"/>
    <testcase classname="CLUSTER_INT_datachk" name="Check_CLUSTER_INT_dataset" time="0.00199999999995271"/>
    <testcase classname="CLUSTER_INT_datachk" name="Check_CLUSTER_INT_dataset" time="0.00300000000004275"/>
    <testcase classname="CLUSTER_INT_datachk" name="Check_CLUSTER_INT_dataset" time="0.00199999999995271"/>
    <testcase classname="CLUSTER_INT_datachk" name="Check_CLUSTER_INT_dataset" time="0.00200000000000955"/>
    <testcase classname="CLUSTER_INT_datachk" name="Check_CLUSTER_INT_dataset" time="0.00300000000004275"/>
    <testcase classname="CLUSTER_INT_datachk" name="Check_CLUSTER_INT_dataset" time="0.274999999999977"/>
    <testcase classname="CLUSTER_INT_datachk" name="Check_CLUSTER_INT_dataset" time="0.00200000000000955"/>
    <testcase classname="CLUSTER_INT_datachk" name="Check_CLUSTER_INT_dataset" time="0.0029999999999859"/>
    <testcase classname="CLUSTER_INT_datachk" name="Check_CLUSTER_INT_dataset" time="0.00200000000000955"/>
    <testcase classname="CLUSTER_INT_datachk" name="Check_CLUSTER_INT_dataset" time="0.00200000000000955"/>
    <testcase classname="CLUSTER_INT_datachk" name="Check_CLUSTER_INT_dataset" time="0.0029999999999859"/>
    <testcase classname="CLUSTER_INT_datachk" name="Check_CLUSTER_INT_dataset" time="0.00200000000000955"/>
    <testcase classname="CLUSTER_INT_datachk" name="Check_CLUSTER_INT_dataset" time="0.0029999999999859"/>
    <testcase classname="CLUSTER_INT_datachk" name="Check_CLUSTER_INT_dataset" time="0.00200000000000955"/>
    <testcase classname="CLUSTER_INT_datachk" name="Check_CLUSTER_INT_dataset" time="0.524999999999977"/>
    <testcase classname="CLUSTER_INT_datachk" name="Check_CLUSTER_INT_dataset" time="0.00200000000000955"/>
    <testcase classname="CLUSTER_INT_datachk" name="Check_CLUSTER_INT_dataset" time="0.0029999999999859"/>
    <testcase classname="CLUSTER_INT_datachk" name="Check_CLUSTER_INT_dataset" time="0.00200000000000955"/>
    <testcase classname="CLUSTER_INT_datachk" name="Check_CLUSTER_INT_dataset" time="0.0029999999999859"/>
    <testcase classname="CLUSTER_INT_datachk" name="Check_CLUSTER_INT_dataset" time="0.00300000000004275"/>
    <testcase classname="CLUSTER_INT_datachk" name="Check_CLUSTER_INT_dataset" time="0.00199999999995271"/>
    <testcase classname="CLUSTER_INT_datachk" name="Check_CLUSTER_INT_dataset" time="0.26400000000001"/>
    <testcase classname="CLUSTER_INT_datachk" name="Check_CLUSTER_INT_dataset" time="0.00200000000000955"/>
    <testcase classname="CLUSTER_INT_datachk" name="Check_CLUSTER_INT_dataset" time="0.0029999999999859"/>
    <testcase classname="CLUSTER_INT_datachk" name="Check_CLUSTER_INT_dataset" time="0.00300000000004275"/>
    <testcase classname="CLUSTER_INT_datachk" name="Check_CLUSTER_INT_dataset" time="0.0029999999999859"/>
    <testcase classname="CLUSTER_INT_datachk" name="Check_CLUSTER_INT_dataset" time="0.00200000000000955"/>
    <testcase classname="CLUSTER_INT_datachk" name="Check_CLUSTER_INT_dataset" time="0.0029999999999859"/>
    <testcase classname="CLUSTER_INT_datachk" name="Check_CLUSTER_INT_dataset" time="0.0029999999999859"/>
    <testcase classname="CLUSTER_INT_datachk" name="Check_CLUSTER_INT_dataset" time="0.0029999999999859"/>
    <testcase classname="CLUSTER_INT_datachk" name="Check_CLUSTER_INT_dataset" time="0.52600000000001"/>
    <testcase classname="CLUSTER_INT_datachk" name="Check_CLUSTER_INT_dataset" time="0.00300000000004275"/>
    <testcase classname="CLUSTER_INT_datachk" name="Check_CLUSTER_INT_dataset" time="0.0029999999999859"/>
    <testcase classname="CLUSTER_INT_datachk" name="Check_CLUSTER_INT_dataset" time="0.0029999999999859"/>
    <testcase classname="CLUSTER_INT_datachk" name="Check_CLUSTER_INT_dataset" time="0.0029999999999859"/>
    <testcase classname="CLUSTER_INT_datachk" name="Check_CLUSTER_INT_dataset" time="0.00300000000004275"/>
    <testcase classname="CLUSTER_INT_datachk" name="Check_CLUSTER_INT_dataset" time="0.0029999999999859"/>
    <testcase classname="CLUSTER_INT_datachk" name="Check_CLUSTER_INT_dataset" time="0.269000000000005"/>
    <testcase classname="CLUSTER_INT_datachk" name="Check_CLUSTER_INT_dataset" time="0.0029999999999859"/>
    <testcase classname="CLUSTER_INT_datachk" name="Check_CLUSTER_INT_dataset" time="0.0029999999999859"/>
    <testcase classname="CLUSTER_INT_datachk" name="Check_CLUSTER_INT_dataset" time="0.0029999999999859"/>
    <testcase classname="CLUSTER_INT_datachk" name="Check_CLUSTER_INT_dataset" time="0.00300000000004275"/>
    <testcase classname="CLUSTER_INT_datachk" name="Check_CLUSTER_INT_dataset" time="0.0029999999999859"/>
    <testcase classname="CLUSTER_INT_datachk" name="Check_CLUSTER_INT_dataset" time="0.0029999999999859"/>
    <testcase classname="CLUSTER_INT_datachk" name="Check_CLUSTER_INT_dataset" time="0.0029999999999859"/>
    <testcase classname="CLUSTER_INT_datachk" name="Check_CLUSTER_INT_dataset" time="0.00300000000004275"/>
    <testcase classname="CLUSTER_INT_datachk" name="Check_CLUSTER_INT_dataset" time="0.520999999999958"/>
    <testcase classname="CLUSTER_INT_datachk" name="Check_CLUSTER_INT_dataset" time="0.00300000000004275"/>
    <testcase classname="CLUSTER_INT_datachk" name="Check_CLUSTER_INT_dataset" time="0.0029999999999859"/>
    <testcase classname="CLUSTER_INT_datachk" name="Check_CLUSTER_INT_dataset" time="0.0029999999999859"/>
    <testcase classname="CLUSTER_INT_datachk" name="Check_CLUSTER_INT_dataset" time="0.0029999999999859"/>
    <testcase classname="CLUSTER_INT_datachk" name="Check_CLUSTER_INT_dataset" time="0.00300000000004275"/>
    <testcase classname="CLUSTER_INT_datachk" name="Check_CLUSTER_INT_dataset" time="0.0029999999999859"/>
    <testcase classname="CLUSTER_INT_datachk" name="Check_CLUSTER_INT_dataset" time="0.262"/>
    <testcase classname="CLUSTER_INT_datachk" name="Check_CLUSTER_INT_dataset" time="0.0029999999999859"/>
    <testcase classname="CLUSTER_INT_datachk" name="Check_CLUSTER_INT_dataset" time="0.0040000000000191"/>
    <testcase classname="CLUSTER_INT_datachk" name="Check_CLUSTER_INT_dataset" time="0.0029999999999859"/>
    <testcase classname="CLUSTER_INT_datachk" name="Check_CLUSTER_INT_dataset" time="0.0029999999999859"/>
    <testcase classname="CLUSTER_INT_datachk" name="Check_CLUSTER_INT_dataset" time="0.00300000000004275"/>
    <testcase classname="CLUSTER_INT_datachk" name="Check_CLUSTER_INT_dataset" time="0.00399999999996226"/>
    <testcase classname="CLUSTER_INT_datachk" name="Check_CLUSTER_INT_dataset" time="0.0029999999999859"/>
    <testcase classname="CLUSTER_INT_datachk" name="Check_CLUSTER_INT_dataset" time="0.00300000000004275"/>
    <testcase classname="CLUSTER_INT_datachk" name="Check_CLUSTER_INT_dataset" time="0.526999999999987"/>
    <testcase classname="CLUSTER_INT_datachk" name="Check_CLUSTER_INT_dataset" time="0.0029999999999859"/>
    <testcase classname="CLUSTER_INT_datachk" name="Check_CLUSTER_INT_dataset" time="0.0040000000000191"/>
    <testcase classname="CLUSTER_INT_datachk" name="Check_CLUSTER_INT_dataset" time="0.0029999999999859"/>
    <testcase classname="CLUSTER_INT_datachk" name="Check_CLUSTER_INT_dataset" time="0.0029999999999859"/>
    <testcase classname="CLUSTER_INT_datachk" name="Check_CLUSTER_INT_dataset" time="0.0040000000000191"/>
    <testcase classname="CLUSTER_INT_datachk" name="Check_CLUSTER_INT_dataset" time="0.0029999999999859"/>
    <testcase classname="CLUSTER_INT_datachk" name="Check_CLUSTER_INT_dataset" time="0.262"/>
    <testcase classname="CLUSTER_INT_datachk" name="Check_CLUSTER_INT_dataset" time="0.0029999999999859"/>
    <testcase classname="CLUSTER_INT_datachk" name="Check_CLUSTER_INT_dataset" time="0.00300000000004275"/>
    <testcase classname="CLUSTER_INT_datachk" name="Check_CLUSTER_INT_dataset" time="0.00399999999996226"/>
    <testcase classname="CLUSTER_INT_datachk" name="Check_CLUSTER_INT_dataset" time="0.00300000000004275"/>
    <testcase classname="CLUSTER_INT_datachk" name="Check_CLUSTER_INT_dataset" time="0.0029999999999859"/>
    <testcase classname="CLUSTER_INT_datachk" name="Check_CLUSTER_INT_dataset" time="0.0040000000000191"/>
    <testcase classname="CLUSTER_INT_datachk" name="Check_CLUSTER_INT_dataset" time="0.0029999999999859"/>
    <testcase classname="CLUSTER_INT_datachk" name="Check_CLUSTER_INT_dataset" time="0.0029999999999859"/>
    <testcase classname="CLUSTER_INT_datachk" name="Check_CLUSTER_INT_dataset" time="0.521999999999991"/>
    <testcase classname="CLUSTER_INT_datachk" name="Check_CLUSTER_INT_dataset" time="0.0029999999999859"/>
    <testcase classname="CLUSTER_INT_datachk" name="Check_CLUSTER_INT_dataset" time="0.0040000000000191"/>
    <testcase classname="CLUSTER_INT_datachk" name="Check_CLUSTER_INT_dataset" time="0.0029999999999859"/>
    <testcase classname="CLUSTER_INT_datachk" name="Check_CLUSTER_INT_dataset" time="0.0040000000000191"/>
    <testcase classname="CLUSTER_INT_datachk" name="Check_CLUSTER_INT_dataset" time="0.0029999999999859"/>
    <testcase classname="CLUSTER_INT_datachk" name="Check_CLUSTER_INT_dataset" time="0.0040000000000191"/>
    <testcase classname="CLUSTER_INT_datachk" name="Check_CLUSTER_INT_dataset" time="0.264999999999986"/>
    <testcase classname="CLUSTER_INT_datachk" name="Check_CLUSTER_INT_dataset" time="0.0040000000000191"/>
    <testcase classname="CLUSTER_INT_datachk" name="Check_CLUSTER_INT_dataset" time="0.0040000000000191"/>
    <testcase classname="CLUSTER_INT_datachk" name="Check_CLUSTER_INT_dataset" time="0.0029999999999859"/>
    <testcase classname="CLUSTER_INT_datachk" name="Check_CLUSTER_INT_dataset" time="0.00399999999996226"/>
    <testcase classname="CLUSTER_INT_datachk" name="Check_CLUSTER_INT_dataset" time="0.0040000000000191"/>
    <testcase classname="CLUSTER_INT_datachk" name="Check_CLUSTER_INT_dataset" time="0.0040000000000191"/>
    <testcase classname="CLUSTER_INT_datachk" name="Check_CLUSTER_INT_dataset" time="0.00399999999996226"/>
    <testcase classname="CLUSTER_INT_datachk" name="Check_CLUSTER_INT_dataset" time="0.0040000000000191"/>
    <testcase classname="CLUSTER_INT_datachk" name="Check_CLUSTER_INT_dataset" time="0.52800000000002"/>
    <testcase classname="CLUSTER_INT_datachk" name="Check_CLUSTER_INT_dataset" time="0.00999999999999091"/>
    <testcase classname="CLUSTER_INT_datachk" name="Check_CLUSTER_INT_dataset" time="0.0040000000000191"/>
    <testcase classname="CLUSTER_INT_datachk" name="Check_CLUSTER_INT_dataset" time="0.00399999999996226"/>
    <testcase classname="CLUSTER_INT_datachk" name="Check_CLUSTER_INT_dataset" time="0.0029999999999859"/>
    <testcase classname="CLUSTER_INT_datachk" name="Check_CLUSTER_INT_dataset" time="0.0040000000000191"/>
    <testcase classname="CLUSTER_INT_datachk" name="Check_CLUSTER_INT_dataset" time="0.0040000000000191"/>
    <testcase classname="CLUSTER_INT_datachk" name="Check_CLUSTER_INT_dataset" time="0.262999999999977"/>
    <testcase classname="CLUSTER_INT_datachk" name="Check_CLUSTER_INT_dataset" time="0.0040000000000191"/>
    <testcase classname="CLUSTER_INT_datachk" name="Check_CLUSTER_INT_dataset" time="0.0040000000000191"/>
    <testcase classname="CLUSTER_INT_datachk" name="Check_CLUSTER_INT_dataset" time="0.0029999999999859"/>
    <testcase classname="CLUSTER_INT_datachk" name="Check_CLUSTER_INT_dataset" time="0.00399999999996226"/>
    <testcase classname="CLUSTER_INT_datachk" name="Check_CLUSTER_INT_dataset" time="0.0040000000000191"/>
    <testcase classname="CLUSTER_INT_datachk" name="Check_CLUSTER_INT_dataset" time="0.0040000000000191"/>
    <testcase classname="CLUSTER_INT_datachk" name="Check_CLUSTER_INT_dataset" time="0.0029999999999859"/>
    <testcase classname="CLUSTER_INT_datachk" name="Check_CLUSTER_INT_dataset" time="0.0040000000000191"/>
    <testcase classname="CLUSTER_INT_datachk" name="Check_CLUSTER_INT_dataset" time="0.529999999999973"/>
    <testcase classname="CLUSTER_INT_datachk" name="Check_CLUSTER_INT_dataset" time="0.00499999999999545"/>
    <testcase classname="CLUSTER_INT_datachk" name="Check_CLUSTER_INT_dataset" time="0.0040000000000191"/>
    <testcase classname="CLUSTER_INT_datachk" name="Check_CLUSTER_INT_dataset" time="0.0040000000000191"/>
    <testcase classname="CLUSTER_INT_datachk" name="Check_CLUSTER_INT_dataset" time="0.00399999999996226"/>
    <testcase classname="CLUSTER_INT_datachk" name="Check_CLUSTER_INT_dataset" time="0.0040000000000191"/>
    <testcase classname="CLUSTER_INT_datachk" name="Check_CLUSTER_INT_dataset" time="0.0040000000000191"/>
    <testcase classname="CLUSTER_INT_datachk" name="Check_CLUSTER_INT_dataset" time="0.262"/>
    <testcase classname="CLUSTER_INT_datachk" name="Check_CLUSTER_INT_dataset" time="0.00399999999996226"/>
    <testcase classname="CLUSTER_INT_datachk" name="Check_CLUSTER_INT_dataset" time="0.00499999999999545"/>
    <testcase classname="CLUSTER_INT_datachk" name="Check_CLUSTER_INT_dataset" time="0.0040000000000191"/>
    <testcase classname="CLUSTER_INT_datachk" name="Check_CLUSTER_INT_dataset" time="0.0040000000000191"/>
    <testcase classname="CLUSTER_INT_datachk" name="Check_CLUSTER_INT_dataset" time="0.00399999999996226"/>
    <testcase classname="CLUSTER_INT_datachk" name="Check_CLUSTER_INT_dataset" time="0.0040000000000191"/>
    <testcase classname="CLUSTER_INT_datachk" name="Check_CLUSTER_INT_dataset" time="0.00499999999999545"/>
    <testcase classname="CLUSTER_INT_datachk" name="Check_CLUSTER_INT_dataset" time="0.0040000000000191"/>
    <testcase classname="CLUSTER_INT_datachk" name="Check_CLUSTER_INT_dataset" time="0.531000000000006"/>
    <testcase classname="CLUSTER_INT_datachk" name="Check_CLUSTER_INT_dataset" time="0.00399999999996226"/>
    <testcase classname="CLUSTER_INT_datachk" name="Check_CLUSTER_INT_dataset" time="0.0040000000000191"/>
    <testcase classname="CLUSTER_INT_datachk" name="Check_CLUSTER_INT_dataset" time="0.0040000000000191"/>
    <testcase classname="CLUSTER_INT_datachk" name="Check_CLUSTER_INT_dataset" time="0.00399999999996226"/>
    <testcase classname="CLUSTER_INT_datachk" name="Check_CLUSTER_INT_dataset" time="0.00499999999999545"/>
    <testcase classname="CLUSTER_INT_datachk" name="Check_CLUSTER_INT_dataset" time="0.0040000000000191"/>
    <testcase classname="CLUSTER_INT_datachk" name="Check_CLUSTER_INT_dataset" time="0.262999999999977"/>
    <testcase classname="CLUSTER_INT_datachk" name="Check_CLUSTER_INT_dataset" time="0.0040000000000191"/>
    <testcase classname="CLUSTER_INT_datachk" name="Check_CLUSTER_INT_dataset" time="0.00499999999999545"/>
    <testcase classname="CLUSTER_INT_datachk" name="Check_CLUSTER_INT_dataset" time="0.0040000000000191"/>
    <testcase classname="CLUSTER_INT_datachk" name="Check_CLUSTER_INT_dataset" time="0.00499999999999545"/>
    <testcase classname="CLUSTER_INT_datachk" name="Check_CLUSTER_INT_dataset" time="0.0040000000000191"/>
    <testcase classname="CLUSTER_INT_datachk" name="Check_CLUSTER_INT_dataset" time="0.00499999999999545"/>
    <testcase classname="CLUSTER_INT_datachk" name="Check_CLUSTER_INT_dataset" time="0.00399999999996226"/>
    <testcase classname="CLUSTER_INT_datachk" name="Check_CLUSTER_INT_dataset" time="0.0040000000000191"/>
  </testsuite>
  <testsuite errors="0" failures="0" hostname="fv-az14" name="CLUSTER_INT::datachk::shutdown" skipped="0" tests="3" time="0.272" timestamp="2020-10-27T18:49:22Z">
    <testcase classname="CLUSTER_INT_datachk_shutdown" name="shutdown" time="0.269999999999982"/>
    <testcase classname="CLUSTER_INT_datachk_shutdown" name="shutdown" time="0.0010000000000332"/>
    <testcase classname="CLUSTER_INT_datachk_shutdown" name="shutdown" time="0.000999999999976353"/>
  </testsuite>
  <testsuite errors="0" failures="0" hostname="fv-az14" name="CLUSTER_INT::datachk::done" skipped="0" tests="0" time="0" timestamp="2020-10-27T18:49:23Z"/>
  <testsuite errors="0" failures="0" hostname="fv-az14" name="CLUSTER_SLO::datachk::setup" skipped="0" tests="3" time="5.372" timestamp="2020-10-27T18:49:23Z">
    <testcase classname="CLUSTER_SLO_datachk_setup" name="setup" time="5.37"/>
    <testcase classname="CLUSTER_SLO_datachk_setup" name="setup" time="0.000999999999976353"/>
    <testcase classname="CLUSTER_SLO_datachk_setup" name="setup" time="0.0010000000000332"/>
  </testsuite>
  <testsuite errors="0" failures="0" hostname="fv-az14" name="CLUSTER_SLO::datachk" skipped="0" tests="230" time="12.937" timestamp="2020-10-27T18:49:27Z">
    <testcase classname="CLUSTER_SLO_datachk" name="Check_CLUSTER_SLO_dataset" time="0.529999999999973"/>
    <testcase classname="CLUSTER_SLO_datachk" name="Check_CLUSTER_SLO_dataset" time="0.0010000000000332"/>
    <testcase classname="CLUSTER_SLO_datachk" name="Check_CLUSTER_SLO_dataset" time="0.00200000000000955"/>
    <testcase classname="CLUSTER_SLO_datachk" name="Check_CLUSTER_SLO_dataset" time="0.000999999999976353"/>
    <testcase classname="CLUSTER_SLO_datachk" name="Check_CLUSTER_SLO_dataset" time="0.000999999999976353"/>
    <testcase classname="CLUSTER_SLO_datachk" name="Check_CLUSTER_SLO_dataset" time="0.0010000000000332"/>
    <testcase classname="CLUSTER_SLO_datachk" name="Check_CLUSTER_SLO_dataset" time="0.000999999999976353"/>
    <testcase classname="CLUSTER_SLO_datachk" name="Check_CLUSTER_SLO_dataset" time="0.269000000000005"/>
    <testcase classname="CLUSTER_SLO_datachk" name="Check_CLUSTER_SLO_dataset" time="0.00200000000000955"/>
    <testcase classname="CLUSTER_SLO_datachk" name="Check_CLUSTER_SLO_dataset" time="0.000999999999976353"/>
    <testcase classname="CLUSTER_SLO_datachk" name="Check_CLUSTER_SLO_dataset" time="0.0010000000000332"/>
    <testcase classname="CLUSTER_SLO_datachk" name="Check_CLUSTER_SLO_dataset" time="0.000999999999976353"/>
    <testcase classname="CLUSTER_SLO_datachk" name="Check_CLUSTER_SLO_dataset" time="0.00200000000000955"/>
    <testcase classname="CLUSTER_SLO_datachk" name="Check_CLUSTER_SLO_dataset" time="0.000999999999976353"/>
    <testcase classname="CLUSTER_SLO_datachk" name="Check_CLUSTER_SLO_dataset" time="0.0010000000000332"/>
    <testcase classname="CLUSTER_SLO_datachk" name="Check_CLUSTER_SLO_dataset" time="1.214"/>
    <testcase classname="CLUSTER_SLO_datachk" name="Check_CLUSTER_SLO_dataset" time="0.00200000000000955"/>
    <testcase classname="CLUSTER_SLO_datachk" name="Check_CLUSTER_SLO_dataset" time="0.000999999999976353"/>
    <testcase classname="CLUSTER_SLO_datachk" name="Check_CLUSTER_SLO_dataset" time="0.0010000000000332"/>
    <testcase classname="CLUSTER_SLO_datachk" name="Check_CLUSTER_SLO_dataset" time="0.00199999999995271"/>
    <testcase classname="CLUSTER_SLO_datachk" name="Check_CLUSTER_SLO_dataset" time="0.0010000000000332"/>
    <testcase classname="CLUSTER_SLO_datachk" name="Check_CLUSTER_SLO_dataset" time="0.000999999999976353"/>
    <testcase classname="CLUSTER_SLO_datachk" name="Check_CLUSTER_SLO_dataset" time="0.535000000000025"/>
    <testcase classname="CLUSTER_SLO_datachk" name="Check_CLUSTER_SLO_dataset" time="0.00200000000000955"/>
    <testcase classname="CLUSTER_SLO_datachk" name="Check_CLUSTER_SLO_dataset" time="0.000999999999976353"/>
    <testcase classname="CLUSTER_SLO_datachk" name="Check_CLUSTER_SLO_dataset" time="0.000999999999976353"/>
    <testcase classname="CLUSTER_SLO_datachk" name="Check_CLUSTER_SLO_dataset" time="0.00200000000000955"/>
    <testcase classname="CLUSTER_SLO_datachk" name="Check_CLUSTER_SLO_dataset" time="0.0010000000000332"/>
    <testcase classname="CLUSTER_SLO_datachk" name="Check_CLUSTER_SLO_dataset" time="0.00200000000000955"/>
    <testcase classname="CLUSTER_SLO_datachk" name="Check_CLUSTER_SLO_dataset" time="0.263999999999953"/>
    <testcase classname="CLUSTER_SLO_datachk" name="Check_CLUSTER_SLO_dataset" time="0.00200000000000955"/>
    <testcase classname="CLUSTER_SLO_datachk" name="Check_CLUSTER_SLO_dataset" time="0.00200000000000955"/>
    <testcase classname="CLUSTER_SLO_datachk" name="Check_CLUSTER_SLO_dataset" time="0.000999999999976353"/>
    <testcase classname="CLUSTER_SLO_datachk" name="Check_CLUSTER_SLO_dataset" time="0.00200000000000955"/>
    <testcase classname="CLUSTER_SLO_datachk" name="Check_CLUSTER_SLO_dataset" time="0.0010000000000332"/>
    <testcase classname="CLUSTER_SLO_datachk" name="Check_CLUSTER_SLO_dataset" time="0.00200000000000955"/>
    <testcase classname="CLUSTER_SLO_datachk" name="Check_CLUSTER_SLO_dataset" time="0.000999999999976353"/>
    <testcase classname="CLUSTER_SLO_datachk" name="Check_CLUSTER_SLO_dataset" time="0.00200000000000955"/>
    <testcase classname="CLUSTER_SLO_datachk" name="Check_CLUSTER_SLO_dataset" time="0.527999999999963"/>
    <testcase classname="CLUSTER_SLO_datachk" name="Check_CLUSTER_SLO_dataset" time="0.00200000000000955"/>
    <testcase classname="CLUSTER_SLO_datachk" name="Check_CLUSTER_SLO_dataset" time="0.00200000000000955"/>
    <testcase classname="CLUSTER_SLO_datachk" name="Check_CLUSTER_SLO_dataset" time="0.0010000000000332"/>
    <testcase classname="CLUSTER_SLO_datachk" name="Check_CLUSTER_SLO_dataset" time="0.00199999999995271"/>
    <testcase classname="CLUSTER_SLO_datachk" name="Check_CLUSTER_SLO_dataset" time="0.00200000000000955"/>
    <testcase classname="CLUSTER_SLO_datachk" name="Check_CLUSTER_SLO_dataset" time="0.0010000000000332"/>
    <testcase classname="CLUSTER_SLO_datachk" name="Check_CLUSTER_SLO_dataset" time="0.262"/>
    <testcase classname="CLUSTER_SLO_datachk" name="Check_CLUSTER_SLO_dataset" time="0.00199999999995271"/>
    <testcase classname="CLUSTER_SLO_datachk" name="Check_CLUSTER_SLO_dataset" time="0.00200000000000955"/>
    <testcase classname="CLUSTER_SLO_datachk" name="Check_CLUSTER_SLO_dataset" time="0.00200000000000955"/>
    <testcase classname="CLUSTER_SLO_datachk" name="Check_CLUSTER_SLO_dataset" time="0.00200000000000955"/>
    <testcase classname="CLUSTER_SLO_datachk" name="Check_CLUSTER_SLO_dataset" time="0.000999999999976353"/>
    <testcase classname="CLUSTER_SLO_datachk" name="Check_CLUSTER_SLO_dataset" time="0.00200000000000955"/>
    <testcase classname="CLUSTER_SLO_datachk" name="Check_CLUSTER_SLO_dataset" time="0.00200000000000955"/>
    <testcase classname="CLUSTER_SLO_datachk" name="Check_CLUSTER_SLO_dataset" time="0.00200000000000955"/>
    <testcase classname="CLUSTER_SLO_datachk" name="Check_CLUSTER_SLO_dataset" time="0.538000000000011"/>
    <testcase classname="CLUSTER_SLO_datachk" name="Check_CLUSTER_SLO_dataset" time="0.00199999999995271"/>
    <testcase classname="CLUSTER_SLO_datachk" name="Check_CLUSTER_SLO_dataset" time="0.0010000000000332"/>
    <testcase classname="CLUSTER_SLO_datachk" name="Check_CLUSTER_SLO_dataset" time="0.00200000000000955"/>
    <testcase classname="CLUSTER_SLO_datachk" name="Check_CLUSTER_SLO_dataset" time="0.00200000000000955"/>
    <testcase classname="CLUSTER_SLO_datachk" name="Check_CLUSTER_SLO_dataset" time="0.00199999999995271"/>
    <testcase classname="CLUSTER_SLO_datachk" name="Check_CLUSTER_SLO_dataset" time="0.00200000000000955"/>
    <testcase classname="CLUSTER_SLO_datachk" name="Check_CLUSTER_SLO_dataset" time="0.26600000000002"/>
    <testcase classname="CLUSTER_SLO_datachk" name="Check_CLUSTER_SLO_dataset" time="0.00200000000000955"/>
    <testcase classname="CLUSTER_SLO_datachk" name="Check_CLUSTER_SLO_dataset" time="0.00200000000000955"/>
    <testcase classname="CLUSTER_SLO_datachk" name="Check_CLUSTER_SLO_dataset" time="0.00199999999995271"/>
    <testcase classname="CLUSTER_SLO_datachk" name="Check_CLUSTER_SLO_dataset" time="0.00200000000000955"/>
    <testcase classname="CLUSTER_SLO_datachk" name="Check_CLUSTER_SLO_dataset" time="0.00200000000000955"/>
    <testcase classname="CLUSTER_SLO_datachk" name="Check_CLUSTER_SLO_dataset" time="0.00200000000000955"/>
    <testcase classname="CLUSTER_SLO_datachk" name="Check_CLUSTER_SLO_dataset" time="0.00200000000000955"/>
    <testcase classname="CLUSTER_SLO_datachk" name="Check_CLUSTER_SLO_dataset" time="0.00200000000000955"/>
    <testcase classname="CLUSTER_SLO_datachk" name="Check_CLUSTER_SLO_dataset" time="0.524000000000001"/>
    <testcase classname="CLUSTER_SLO_datachk" name="Check_CLUSTER_SLO_dataset" time="0.00199999999995271"/>
    <testcase classname="CLUSTER_SLO_datachk" name="Check_CLUSTER_SLO_dataset" time="0.00200000000000955"/>
    <testcase classname="CLUSTER_SLO_datachk" name="Check_CLUSTER_SLO_dataset" time="0.0029999999999859"/>
    <testcase classname="CLUSTER_SLO_datachk" name="Check_CLUSTER_SLO_dataset" time="0.00200000000000955"/>
    <testcase classname="CLUSTER_SLO_datachk" name="Check_CLUSTER_SLO_dataset" time="0.00200000000000955"/>
    <testcase classname="CLUSTER_SLO_datachk" name="Check_CLUSTER_SLO_dataset" time="0.00200000000000955"/>
    <testcase classname="CLUSTER_SLO_datachk" name="Check_CLUSTER_SLO_dataset" time="0.26400000000001"/>
    <testcase classname="CLUSTER_SLO_datachk" name="Check_CLUSTER_SLO_dataset" time="0.00200000000000955"/>
    <testcase classname="CLUSTER_SLO_datachk" name="Check_CLUSTER_SLO_dataset" time="0.00199999999995271"/>
    <testcase classname="CLUSTER_SLO_datachk" name="Check_CLUSTER_SLO_dataset" time="0.00200000000000955"/>
    <testcase classname="CLUSTER_SLO_datachk" name="Check_CLUSTER_SLO_dataset" time="0.0029999999999859"/>
    <testcase classname="CLUSTER_SLO_datachk" name="Check_CLUSTER_SLO_dataset" time="0.00200000000000955"/>
    <testcase classname="CLUSTER_SLO_datachk" name="Check_CLUSTER_SLO_dataset" time="0.00200000000000955"/>
    <testcase classname="CLUSTER_SLO_datachk" name="Check_CLUSTER_SLO_dataset" time="0.0029999999999859"/>
    <testcase classname="CLUSTER_SLO_datachk" name="Check_CLUSTER_SLO_dataset" time="0.00200000000000955"/>
    <testcase classname="CLUSTER_SLO_datachk" name="Check_CLUSTER_SLO_dataset" time="0.526999999999987"/>
    <testcase classname="CLUSTER_SLO_datachk" name="Check_CLUSTER_SLO_dataset" time="0.00300000000004275"/>
    <testcase classname="CLUSTER_SLO_datachk" name="Check_CLUSTER_SLO_dataset" time="0.00999999999999091"/>
    <testcase classname="CLUSTER_SLO_datachk" name="Check_CLUSTER_SLO_dataset" time="0.00200000000000955"/>
    <testcase classname="CLUSTER_SLO_datachk" name="Check_CLUSTER_SLO_dataset" time="0.0029999999999859"/>
    <testcase classname="CLUSTER_SLO_datachk" name="Check_CLUSTER_SLO_dataset" time="0.00200000000000955"/>
    <testcase classname="CLUSTER_SLO_datachk" name="Check_CLUSTER_SLO_dataset" time="0.0029999999999859"/>
    <testcase classname="CLUSTER_SLO_datachk" name="Check_CLUSTER_SLO_dataset" time="0.268000000000029"/>
    <testcase classname="CLUSTER_SLO_datachk" name="Check_CLUSTER_SLO_dataset" time="0.0029999999999859"/>
    <testcase classname="CLUSTER_SLO_datachk" name="Check_CLUSTER_SLO_dataset" time="0.00200000000000955"/>
    <testcase classname="CLUSTER_SLO_datachk" name="Check_CLUSTER_SLO_dataset" time="0.00199999999995271"/>
    <testcase classname="CLUSTER_SLO_datachk" name="Check_CLUSTER_SLO_dataset" time="0.00300000000004275"/>
    <testcase classname="CLUSTER_SLO_datachk" name="Check_CLUSTER_SLO_dataset" time="0.00200000000000955"/>
    <testcase classname="CLUSTER_SLO_datachk" name="Check_CLUSTER_SLO_dataset" time="0.0029999999999859"/>
    <testcase classname="CLUSTER_SLO_datachk" name="Check_CLUSTER_SLO_dataset" time="0.00200000000000955"/>
    <testcase classname="CLUSTER_SLO_datachk" name="Check_CLUSTER_SLO_dataset" time="0.0029999999999859"/>
    <testcase classname="CLUSTER_SLO_datachk" name="Check_CLUSTER_SLO_dataset" time="0.531999999999982"/>
    <testcase classname="CLUSTER_SLO_datachk" name="Check_CLUSTER_SLO_dataset" time="0.00200000000000955"/>
    <testcase classname="CLUSTER_SLO_datachk" name="Check_CLUSTER_SLO_dataset" time="0.0029999999999859"/>
    <testcase classname="CLUSTER_SLO_datachk" name="Check_CLUSTER_SLO_dataset" time="0.00200000000000955"/>
    <testcase classname="CLUSTER_SLO_datachk" name="Check_CLUSTER_SLO_dataset" time="0.0029999999999859"/>
    <testcase classname="CLUSTER_SLO_datachk" name="Check_CLUSTER_SLO_dataset" time="0.00200000000000955"/>
    <testcase classname="CLUSTER_SLO_datachk" name="Check_CLUSTER_SLO_dataset" time="0.0029999999999859"/>
    <testcase classname="CLUSTER_SLO_datachk" name="Check_CLUSTER_SLO_dataset" time="0.268000000000029"/>
    <testcase classname="CLUSTER_SLO_datachk" name="Check_CLUSTER_SLO_dataset" time="0.0029999999999859"/>
    <testcase classname="CLUSTER_SLO_datachk" name="Check_CLUSTER_SLO_dataset" time="0.0029999999999859"/>
    <testcase classname="CLUSTER_SLO_datachk" name="Check_CLUSTER_SLO_dataset" time="0.00200000000000955"/>
    <testcase classname="CLUSTER_SLO_datachk" name="Check_CLUSTER_SLO_dataset" time="0.0029999999999859"/>
    <testcase classname="CLUSTER_SLO_datachk" name="Check_CLUSTER_SLO_dataset" time="0.00300000000004275"/>
    <testcase classname="CLUSTER_SLO_datachk" name="Check_CLUSTER_SLO_dataset" time="0.0029999999999859"/>
    <testcase classname="CLUSTER_SLO_datachk" name="Check_CLUSTER_SLO_dataset" time="0.0029999999999859"/>
    <testcase classname="CLUSTER_SLO_datachk" name="Check_CLUSTER_SLO_dataset" time="0.0029999999999859"/>
    <testcase classname="CLUSTER_SLO_datachk" name="Check_CLUSTER_SLO_dataset" time="0.52600000000001"/>
    <testcase classname="CLUSTER_SLO_datachk" name="Check_CLUSTER_SLO_dataset" time="0.00200000000000955"/>
    <testcase classname="CLUSTER_SLO_datachk" name="Check_CLUSTER_SLO_dataset" time="0.00199999999995271"/>
    <testcase classname="CLUSTER_SLO_datachk" name="Check_CLUSTER_SLO_dataset" time="0.00300000000004275"/>
    <testcase classname="CLUSTER_SLO_datachk" name="Check_CLUSTER_SLO_dataset" time="0.0109999999999673"/>
    <testcase classname="CLUSTER_SLO_datachk" name="Check_CLUSTER_SLO_dataset" time="0.00200000000000955"/>
    <testcase classname="CLUSTER_SLO_datachk" name="Check_CLUSTER_SLO_dataset" time="0.0029999999999859"/>
    <testcase classname="CLUSTER_SLO_datachk" name="Check_CLUSTER_SLO_dataset" time="0.264999999999986"/>
    <testcase classname="CLUSTER_SLO_datachk" name="Check_CLUSTER_SLO_dataset" time="0.00300000000004275"/>
    <testcase classname="CLUSTER_SLO_datachk" name="Check_CLUSTER_SLO_dataset" time="0.0029999999999859"/>
    <testcase classname="CLUSTER_SLO_datachk" name="Check_CLUSTER_SLO_dataset" time="0.0029999999999859"/>
    <testcase classname="CLUSTER_SLO_datachk" name="Check_CLUSTER_SLO_dataset" time="0.0029999999999859"/>
    <testcase classname="CLUSTER_SLO_datachk" name="Check_CLUSTER_SLO_dataset" time="0.00300000000004275"/>
    <testcase classname="CLUSTER_SLO_datachk" name="Check_CLUSTER_SLO_dataset" time="0.0029999999999859"/>
    <testcase classname="CLUSTER_SLO_datachk" name="Check_CLUSTER_SLO_dataset" time="0.00200000000000955"/>
    <testcase classname="CLUSTER_SLO_datachk" name="Check_CLUSTER_SLO_dataset" time="0.0029999999999859"/>
    <testcase classname="CLUSTER_SLO_datachk" name="Check_CLUSTER_SLO_dataset" time="0.524999999999977"/>
    <testcase classname="CLUSTER_SLO_datachk" name="Check_CLUSTER_SLO_dataset" time="0.00300000000004275"/>
    <testcase classname="CLUSTER_SLO_datachk" name="Check_CLUSTER_SLO_dataset" time="0.0029999999999859"/>
    <testcase classname="CLUSTER_SLO_datachk" name="Check_CLUSTER_SLO_dataset" time="0.0029999999999859"/>
    <testcase classname="CLUSTER_SLO_datachk" name="Check_CLUSTER_SLO_dataset" time="0.0029999999999859"/>
    <testcase classname="CLUSTER_SLO_datachk" name="Check_CLUSTER_SLO_dataset" time="0.00300000000004275"/>
    <testcase classname="CLUSTER_SLO_datachk" name="Check_CLUSTER_SLO_dataset" time="0.00399999999996226"/>
    <testcase classname="CLUSTER_SLO_datachk" name="Check_CLUSTER_SLO_dataset" time="0.268000000000029"/>
    <testcase classname="CLUSTER_SLO_datachk" name="Check_CLUSTER_SLO_dataset" time="0.0029999999999859"/>
    <testcase classname="CLUSTER_SLO_datachk" name="Check_CLUSTER_SLO_dataset" time="0.0040000000000191"/>
    <testcase classname="CLUSTER_SLO_datachk" name="Check_CLUSTER_SLO_dataset" time="0.0029999999999859"/>
    <testcase classname="CLUSTER_SLO_datachk" name="Check_CLUSTER_SLO_dataset" time="0.0029999999999859"/>
    <testcase classname="CLUSTER_SLO_datachk" name="Check_CLUSTER_SLO_dataset" time="0.0040000000000191"/>
    <testcase classname="CLUSTER_SLO_datachk" name="Check_CLUSTER_SLO_dataset" time="0.0029999999999859"/>
    <testcase classname="CLUSTER_SLO_datachk" name="Check_CLUSTER_SLO_dataset" time="0.0029999999999859"/>
    <testcase classname="CLUSTER_SLO_datachk" name="Check_CLUSTER_SLO_dataset" time="0.0040000000000191"/>
    <testcase classname="CLUSTER_SLO_datachk" name="Check_CLUSTER_SLO_dataset" time="0.545000000000016"/>
    <testcase classname="CLUSTER_SLO_datachk" name="Check_CLUSTER_SLO_dataset" time="0.0029999999999859"/>
    <testcase classname="CLUSTER_SLO_datachk" name="Check_CLUSTER_SLO_dataset" time="0.0029999999999859"/>
    <testcase classname="CLUSTER_SLO_datachk" name="Check_CLUSTER_SLO_dataset" time="0.00300000000004275"/>
    <testcase classname="CLUSTER_SLO_datachk" name="Check_CLUSTER_SLO_dataset" time="0.0029999999999859"/>
    <testcase classname="CLUSTER_SLO_datachk" name="Check_CLUSTER_SLO_dataset" time="0.0029999999999859"/>
    <testcase classname="CLUSTER_SLO_datachk" name="Check_CLUSTER_SLO_dataset" time="0.00300000000004275"/>
    <testcase classname="CLUSTER_SLO_datachk" name="Check_CLUSTER_SLO_dataset" time="0.269000000000005"/>
    <testcase classname="CLUSTER_SLO_datachk" name="Check_CLUSTER_SLO_dataset" time="0.0029999999999859"/>
    <testcase classname="CLUSTER_SLO_datachk" name="Check_CLUSTER_SLO_dataset" time="0.00300000000004275"/>
    <testcase classname="CLUSTER_SLO_datachk" name="Check_CLUSTER_SLO_dataset" time="0.0029999999999859"/>
    <testcase classname="CLUSTER_SLO_datachk" name="Check_CLUSTER_SLO_dataset" time="0.00399999999996226"/>
    <testcase classname="CLUSTER_SLO_datachk" name="Check_CLUSTER_SLO_dataset" time="0.00300000000004275"/>
    <testcase classname="CLUSTER_SLO_datachk" name="Check_CLUSTER_SLO_dataset" time="0.0029999999999859"/>
    <testcase classname="CLUSTER_SLO_datachk" name="Check_CLUSTER_SLO_dataset" time="0.0040000000000191"/>
    <testcase classname="CLUSTER_SLO_datachk" name="Check_CLUSTER_SLO_dataset" time="0.0029999999999859"/>
    <testcase classname="CLUSTER_SLO_datachk" name="Check_CLUSTER_SLO_dataset" time="0.533000000000015"/>
    <testcase classname="CLUSTER_SLO_datachk" name="Check_CLUSTER_SLO_dataset" time="0.0029999999999859"/>
    <testcase classname="CLUSTER_SLO_datachk" name="Check_CLUSTER_SLO_dataset" time="0.00399999999996226"/>
    <testcase classname="CLUSTER_SLO_datachk" name="Check_CLUSTER_SLO_dataset" time="0.00300000000004275"/>
    <testcase classname="CLUSTER_SLO_datachk" name="Check_CLUSTER_SLO_dataset" time="0.0029999999999859"/>
    <testcase classname="CLUSTER_SLO_datachk" name="Check_CLUSTER_SLO_dataset" time="0.0040000000000191"/>
    <testcase classname="CLUSTER_SLO_datachk" name="Check_CLUSTER_SLO_dataset" time="0.0029999999999859"/>
    <testcase classname="CLUSTER_SLO_datachk" name="Check_CLUSTER_SLO_dataset" time="0.263000000000034"/>
    <testcase classname="CLUSTER_SLO_datachk" name="Check_CLUSTER_SLO_dataset" time="0.00399999999996226"/>
    <testcase classname="CLUSTER_SLO_datachk" name="Check_CLUSTER_SLO_dataset" time="0.0040000000000191"/>
    <testcase classname="CLUSTER_SLO_datachk" name="Check_CLUSTER_SLO_dataset" time="0.0029999999999859"/>
    <testcase classname="CLUSTER_SLO_datachk" name="Check_CLUSTER_SLO_dataset" time="0.0040000000000191"/>
    <testcase classname="CLUSTER_SLO_datachk" name="Check_CLUSTER_SLO_dataset" time="0.0040000000000191"/>
    <testcase classname="CLUSTER_SLO_datachk" name="Check_CLUSTER_SLO_dataset" time="0.00399999999996226"/>
    <testcase classname="CLUSTER_SLO_datachk" name="Check_CLUSTER_SLO_dataset" time="0.00300000000004275"/>
    <testcase classname="CLUSTER_SLO_datachk" name="Check_CLUSTER_SLO_dataset" time="0.00399999999996226"/>
    <testcase classname="CLUSTER_SLO_datachk" name="Check_CLUSTER_SLO_dataset" time="0.524000000000001"/>
    <testcase classname="CLUSTER_SLO_datachk" name="Check_CLUSTER_SLO_dataset" time="0.0040000000000191"/>
    <testcase classname="CLUSTER_SLO_datachk" name="Check_CLUSTER_SLO_dataset" time="0.0040000000000191"/>
    <testcase classname="CLUSTER_SLO_datachk" name="Check_CLUSTER_SLO_dataset" time="0.00299999999992906"/>
    <testcase classname="CLUSTER_SLO_datachk" name="Check_CLUSTER_SLO_dataset" time="0.0040000000000191"/>
    <testcase classname="CLUSTER_SLO_datachk" name="Check_CLUSTER_SLO_dataset" time="0.00300000000004275"/>
    <testcase classname="CLUSTER_SLO_datachk" name="Check_CLUSTER_SLO_dataset" time="0.0040000000000191"/>
    <testcase classname="CLUSTER_SLO_datachk" name="Check_CLUSTER_SLO_dataset" time="0.26400000000001"/>
    <testcase classname="CLUSTER_SLO_datachk" name="Check_CLUSTER_SLO_dataset" time="0.00399999999990541"/>
    <testcase classname="CLUSTER_SLO_datachk" name="Check_CLUSTER_SLO_dataset" time="0.0040000000000191"/>
    <testcase classname="CLUSTER_SLO_datachk" name="Check_CLUSTER_SLO_dataset" time="0.0040000000000191"/>
    <testcase classname="CLUSTER_SLO_datachk" name="Check_CLUSTER_SLO_dataset" time="0.0040000000000191"/>
    <testcase classname="CLUSTER_SLO_datachk" name="Check_CLUSTER_SLO_dataset" time="0.00300000000004275"/>
    <testcase classname="CLUSTER_SLO_datachk" name="Check_CLUSTER_SLO_dataset" time="0.00399999999990541"/>
    <testcase classname="CLUSTER_SLO_datachk" name="Check_CLUSTER_SLO_dataset" time="0.0040000000000191"/>
    <testcase classname="CLUSTER_SLO_datachk" name="Check_CLUSTER_SLO_dataset" time="0.0040000000000191"/>
    <testcase classname="CLUSTER_SLO_datachk" name="Check_CLUSTER_SLO_dataset" time="0.525999999999954"/>
    <testcase classname="CLUSTER_SLO_datachk" name="Check_CLUSTER_SLO_dataset" time="0.0040000000000191"/>
    <testcase classname="CLUSTER_SLO_datachk" name="Check_CLUSTER_SLO_dataset" time="0.0040000000000191"/>
    <testcase classname="CLUSTER_SLO_datachk" name="Check_CLUSTER_SLO_dataset" time="0.00499999999999545"/>
    <testcase classname="CLUSTER_SLO_datachk" name="Check_CLUSTER_SLO_dataset" time="0.0040000000000191"/>
    <testcase classname="CLUSTER_SLO_datachk" name="Check_CLUSTER_SLO_dataset" time="0.0040000000000191"/>
    <testcase classname="CLUSTER_SLO_datachk" name="Check_CLUSTER_SLO_dataset" time="0.0040000000000191"/>
    <testcase classname="CLUSTER_SLO_datachk" name="Check_CLUSTER_SLO_dataset" time="0.278999999999996"/>
    <testcase classname="CLUSTER_SLO_datachk" name="Check_CLUSTER_SLO_dataset" time="0.00399999999990541"/>
    <testcase classname="CLUSTER_SLO_datachk" name="Check_CLUSTER_SLO_dataset" time="0.0040000000000191"/>
    <testcase classname="CLUSTER_SLO_datachk" name="Check_CLUSTER_SLO_dataset" time="0.0040000000000191"/>
    <testcase classname="CLUSTER_SLO_datachk" name="Check_CLUSTER_SLO_dataset" time="0.0040000000000191"/>
    <testcase classname="CLUSTER_SLO_datachk" name="Check_CLUSTER_SLO_dataset" time="0.0040000000000191"/>
    <testcase classname="CLUSTER_SLO_datachk" name="Check_CLUSTER_SLO_dataset" time="0.0040000000000191"/>
    <testcase classname="CLUSTER_SLO_datachk" name="Check_CLUSTER_SLO_dataset" time="0.00399999999990541"/>
    <testcase classname="CLUSTER_SLO_datachk" name="Check_CLUSTER_SLO_dataset" time="0.0040000000000191"/>
    <testcase classname="CLUSTER_SLO_datachk" name="Check_CLUSTER_SLO_dataset" time="0.528999999999996"/>
    <testcase classname="CLUSTER_SLO_datachk" name="Check_CLUSTER_SLO_dataset" time="0.0040000000000191"/>
    <testcase classname="CLUSTER_SLO_datachk" name="Check_CLUSTER_SLO_dataset" time="0.0040000000000191"/>
    <testcase classname="CLUSTER_SLO_datachk" name="Check_CLUSTER_SLO_dataset" time="0.0040000000000191"/>
    <testcase classname="CLUSTER_SLO_datachk" name="Check_CLUSTER_SLO_dataset" time="0.00499999999999545"/>
    <testcase classname="CLUSTER_SLO_datachk" name="Check_CLUSTER_SLO_dataset" time="0.0040000000000191"/>
    <testcase classname="CLUSTER_SLO_datachk" name="Check_CLUSTER_SLO_dataset" time="0.0040000000000191"/>
    <testcase classname="CLUSTER_SLO_datachk" name="Check_CLUSTER_SLO_dataset" time="0.264999999999986"/>
    <testcase classname="CLUSTER_SLO_datachk" name="Check_CLUSTER_SLO_dataset" time="0.00499999999999545"/>
    <testcase classname="CLUSTER_SLO_datachk" name="Check_CLUSTER_SLO_dataset" time="0.00499999999999545"/>
    <testcase classname="CLUSTER_SLO_datachk" name="Check_CLUSTER_SLO_dataset" time="0.0040000000000191"/>
    <testcase classname="CLUSTER_SLO_datachk" name="Check_CLUSTER_SLO_dataset" time="0.00499999999999545"/>
    <testcase classname="CLUSTER_SLO_datachk" name="Check_CLUSTER_SLO_dataset" time="0.00399999999990541"/>
    <testcase classname="CLUSTER_SLO_datachk" name="Check_CLUSTER_SLO_dataset" time="0.00499999999999545"/>
    <testcase classname="CLUSTER_SLO_datachk" name="Check_CLUSTER_SLO_dataset" time="0.0040000000000191"/>
    <testcase classname="CLUSTER_SLO_datachk" name="Check_CLUSTER_SLO_dataset" time="0.0040000000000191"/>
  </testsuite>
  <testsuite errors="0" failures="0" hostname="fv-az14" name="CLUSTER_SLO::datachk::shutdown" skipped="0" tests="3" time="0.278" timestamp="2020-10-27T18:49:40Z">
    <testcase classname="CLUSTER_SLO_datachk_shutdown" name="shutdown" time="0.276000000000067"/>
    <testcase classname="CLUSTER_SLO_datachk_shutdown" name="shutdown" time="0.000999999999976353"/>
    <testcase classname="CLUSTER_SLO_datachk_shutdown" name="shutdown" time="0.000999999999976353"/>
  </testsuite>
  <testsuite errors="0" failures="0" hostname="fv-az14" name="CLUSTER_SLO::datachk::done" skipped="0" tests="0" time="0" timestamp="2020-10-27T18:49:41Z"/>
  <testsuite errors="0" failures="0" hostname="fv-az14" name="CNSIM::datachk::setup" skipped="0" tests="3" time="5.048" timestamp="2020-10-27T18:49:41Z">
    <testcase classname="CNSIM_datachk_setup" name="setup" time="5.04499999999996"/>
    <testcase classname="CNSIM_datachk_setup" name="setup" time="0.00200000000006639"/>
    <testcase classname="CNSIM_datachk_setup" name="setup" time="0.000999999999976353"/>
  </testsuite>
  <testsuite errors="0" failures="0" hostname="fv-az14" name="CNSIM::datachk" skipped="0" tests="198" time="11.168" timestamp="2020-10-27T18:49:46Z">
    <testcase classname="CNSIM_datachk" name="Check_CNSIM_dataset" time="0.524999999999977"/>
    <testcase classname="CNSIM_datachk" name="Check_CNSIM_dataset" time="0.00200000000006639"/>
    <testcase classname="CNSIM_datachk" name="Check_CNSIM_dataset" time="0.000999999999976353"/>
    <testcase classname="CNSIM_datachk" name="Check_CNSIM_dataset" time="0.000999999999976353"/>
    <testcase classname="CNSIM_datachk" name="Check_CNSIM_dataset" time="0.000999999999976353"/>
    <testcase classname="CNSIM_datachk" name="Check_CNSIM_dataset" time="0.000999999999976353"/>
    <testcase classname="CNSIM_datachk" name="Check_CNSIM_dataset" time="0.00100000000009004"/>
    <testcase classname="CNSIM_datachk" name="Check_CNSIM_dataset" time="0.26299999999992"/>
    <testcase classname="CNSIM_datachk" name="Check_CNSIM_dataset" time="0.00100000000009004"/>
    <testcase classname="CNSIM_datachk" name="Check_CNSIM_dataset" time="0.000999999999976353"/>
    <testcase classname="CNSIM_datachk" name="Check_CNSIM_dataset" time="0.000999999999976353"/>
    <testcase classname="CNSIM_datachk" name="Check_CNSIM_dataset" time="0.00199999999995271"/>
    <testcase classname="CNSIM_datachk" name="Check_CNSIM_dataset" time="0.00100000000009004"/>
    <testcase classname="CNSIM_datachk" name="Check_CNSIM_dataset" time="0.000999999999976353"/>
    <testcase classname="CNSIM_datachk" name="Check_CNSIM_dataset" time="0.000999999999976353"/>
    <testcase classname="CNSIM_datachk" name="Check_CNSIM_dataset" time="1.20299999999997"/>
    <testcase classname="CNSIM_datachk" name="Check_CNSIM_dataset" time="0.000999999999976353"/>
    <testcase classname="CNSIM_datachk" name="Check_CNSIM_dataset" time="0.00200000000006639"/>
    <testcase classname="CNSIM_datachk" name="Check_CNSIM_dataset" time="0.000999999999976353"/>
    <testcase classname="CNSIM_datachk" name="Check_CNSIM_dataset" time="0.000999999999976353"/>
    <testcase classname="CNSIM_datachk" name="Check_CNSIM_dataset" time="0.00200000000006639"/>
    <testcase classname="CNSIM_datachk" name="Check_CNSIM_dataset" time="0.000999999999976353"/>
    <testcase classname="CNSIM_datachk" name="Check_CNSIM_dataset" time="0.52800000000002"/>
    <testcase classname="CNSIM_datachk" name="Check_CNSIM_dataset" time="0.00199999999995271"/>
    <testcase classname="CNSIM_datachk" name="Check_CNSIM_dataset" time="0.000999999999976353"/>
    <testcase classname="CNSIM_datachk" name="Check_CNSIM_dataset" time="0.00200000000006639"/>
    <testcase classname="CNSIM_datachk" name="Check_CNSIM_dataset" time="0.000999999999976353"/>
    <testcase classname="CNSIM_datachk" name="Check_CNSIM_dataset" time="0.000999999999976353"/>
    <testcase classname="CNSIM_datachk" name="Check_CNSIM_dataset" time="0.00200000000006639"/>
    <testcase classname="CNSIM_datachk" name="Check_CNSIM_dataset" time="0.264999999999986"/>
    <testcase classname="CNSIM_datachk" name="Check_CNSIM_dataset" time="0.00199999999995271"/>
    <testcase classname="CNSIM_datachk" name="Check_CNSIM_dataset" time="0.00200000000006639"/>
    <testcase classname="CNSIM_datachk" name="Check_CNSIM_dataset" time="0.000999999999976353"/>
    <testcase classname="CNSIM_datachk" name="Check_CNSIM_dataset" time="0.00199999999995271"/>
    <testcase classname="CNSIM_datachk" name="Check_CNSIM_dataset" time="0.000999999999976353"/>
    <testcase classname="CNSIM_datachk" name="Check_CNSIM_dataset" time="0.00200000000006639"/>
    <testcase classname="CNSIM_datachk" name="Check_CNSIM_dataset" time="0.000999999999976353"/>
    <testcase classname="CNSIM_datachk" name="Check_CNSIM_dataset" time="0.00199999999995271"/>
    <testcase classname="CNSIM_datachk" name="Check_CNSIM_dataset" time="0.524000000000001"/>
    <testcase classname="CNSIM_datachk" name="Check_CNSIM_dataset" time="0.00200000000006639"/>
    <testcase classname="CNSIM_datachk" name="Check_CNSIM_dataset" time="0.000999999999976353"/>
    <testcase classname="CNSIM_datachk" name="Check_CNSIM_dataset" time="0.00199999999995271"/>
    <testcase classname="CNSIM_datachk" name="Check_CNSIM_dataset" time="0.00200000000006639"/>
    <testcase classname="CNSIM_datachk" name="Check_CNSIM_dataset" time="0.000999999999976353"/>
    <testcase classname="CNSIM_datachk" name="Check_CNSIM_dataset" time="0.00199999999995271"/>
    <testcase classname="CNSIM_datachk" name="Check_CNSIM_dataset" time="0.269000000000005"/>
    <testcase classname="CNSIM_datachk" name="Check_CNSIM_dataset" time="0.00200000000006639"/>
    <testcase classname="CNSIM_datachk" name="Check_CNSIM_dataset" time="0.000999999999976353"/>
    <testcase classname="CNSIM_datachk" name="Check_CNSIM_dataset" time="0.00199999999995271"/>
    <testcase classname="CNSIM_datachk" name="Check_CNSIM_dataset" time="0.00200000000006639"/>
    <testcase classname="CNSIM_datachk" name="Check_CNSIM_dataset" time="0.00199999999995271"/>
    <testcase classname="CNSIM_datachk" name="Check_CNSIM_dataset" time="0.00200000000006639"/>
    <testcase classname="CNSIM_datachk" name="Check_CNSIM_dataset" time="0.00199999999995271"/>
    <testcase classname="CNSIM_datachk" name="Check_CNSIM_dataset" time="0.00200000000006639"/>
    <testcase classname="CNSIM_datachk" name="Check_CNSIM_dataset" time="0.524000000000001"/>
    <testcase classname="CNSIM_datachk" name="Check_CNSIM_dataset" time="0.00199999999995271"/>
    <testcase classname="CNSIM_datachk" name="Check_CNSIM_dataset" time="0.00199999999995271"/>
    <testcase classname="CNSIM_datachk" name="Check_CNSIM_dataset" time="0.00200000000006639"/>
    <testcase classname="CNSIM_datachk" name="Check_CNSIM_dataset" time="0.00799999999992451"/>
    <testcase classname="CNSIM_datachk" name="Check_CNSIM_dataset" time="0.00200000000006639"/>
    <testcase classname="CNSIM_datachk" name="Check_CNSIM_dataset" time="0.00199999999995271"/>
    <testcase classname="CNSIM_datachk" name="Check_CNSIM_dataset" time="0.262000000000057"/>
    <testcase classname="CNSIM_datachk" name="Check_CNSIM_dataset" time="0.00199999999995271"/>
    <testcase classname="CNSIM_datachk" name="Check_CNSIM_dataset" time="0.00200000000006639"/>
    <testcase classname="CNSIM_datachk" name="Check_CNSIM_dataset" time="0.00199999999995271"/>
    <testcase classname="CNSIM_datachk" name="Check_CNSIM_dataset" time="0.00199999999995271"/>
    <testcase classname="CNSIM_datachk" name="Check_CNSIM_dataset" time="0.00200000000006639"/>
    <testcase classname="CNSIM_datachk" name="Check_CNSIM_dataset" time="0.00199999999995271"/>
    <testcase classname="CNSIM_datachk" name="Check_CNSIM_dataset" time="0.00200000000006639"/>
    <testcase classname="CNSIM_datachk" name="Check_CNSIM_dataset" time="0.00199999999995271"/>
    <testcase classname="CNSIM_datachk" name="Check_CNSIM_dataset" time="0.527000000000044"/>
    <testcase classname="CNSIM_datachk" name="Check_CNSIM_dataset" time="0.00199999999995271"/>
    <testcase classname="CNSIM_datachk" name="Check_CNSIM_dataset" time="0.00200000000006639"/>
    <testcase classname="CNSIM_datachk" name="Check_CNSIM_dataset" time="0.00199999999995271"/>
    <testcase classname="CNSIM_datachk" name="Check_CNSIM_dataset" time="0.00199999999995271"/>
    <testcase classname="CNSIM_datachk" name="Check_CNSIM_dataset" time="0.00200000000006639"/>
    <testcase classname="CNSIM_datachk" name="Check_CNSIM_dataset" time="0.00199999999995271"/>
    <testcase classname="CNSIM_datachk" name="Check_CNSIM_dataset" time="0.26400000000001"/>
    <testcase classname="CNSIM_datachk" name="Check_CNSIM_dataset" time="0.00300000000004275"/>
    <testcase classname="CNSIM_datachk" name="Check_CNSIM_dataset" time="0.00199999999995271"/>
    <testcase classname="CNSIM_datachk" name="Check_CNSIM_dataset" time="0.00200000000006639"/>
    <testcase classname="CNSIM_datachk" name="Check_CNSIM_dataset" time="0.00199999999995271"/>
    <testcase classname="CNSIM_datachk" name="Check_CNSIM_dataset" time="0.00300000000004275"/>
    <testcase classname="CNSIM_datachk" name="Check_CNSIM_dataset" time="0.00199999999995271"/>
    <testcase classname="CNSIM_datachk" name="Check_CNSIM_dataset" time="0.00199999999995271"/>
    <testcase classname="CNSIM_datachk" name="Check_CNSIM_dataset" time="0.00300000000004275"/>
    <testcase classname="CNSIM_datachk" name="Check_CNSIM_dataset" time="0.527000000000044"/>
    <testcase classname="CNSIM_datachk" name="Check_CNSIM_dataset" time="0.00299999999992906"/>
    <testcase classname="CNSIM_datachk" name="Check_CNSIM_dataset" time="0.00200000000006639"/>
    <testcase classname="CNSIM_datachk" name="Check_CNSIM_dataset" time="0.00299999999992906"/>
    <testcase classname="CNSIM_datachk" name="Check_CNSIM_dataset" time="0.00200000000006639"/>
    <testcase classname="CNSIM_datachk" name="Check_CNSIM_dataset" time="0.00199999999995271"/>
    <testcase classname="CNSIM_datachk" name="Check_CNSIM_dataset" time="0.00300000000004275"/>
    <testcase classname="CNSIM_datachk" name="Check_CNSIM_dataset" time="0.269000000000005"/>
    <testcase classname="CNSIM_datachk" name="Check_CNSIM_dataset" time="0.00299999999992906"/>
    <testcase classname="CNSIM_datachk" name="Check_CNSIM_dataset" time="0.00200000000006639"/>
    <testcase classname="CNSIM_datachk" name="Check_CNSIM_dataset" time="0.00299999999992906"/>
    <testcase classname="CNSIM_datachk" name="Check_CNSIM_dataset" time="0.00200000000006639"/>
    <testcase classname="CNSIM_datachk" name="Check_CNSIM_dataset" time="0.00299999999992906"/>
    <testcase classname="CNSIM_datachk" name="Check_CNSIM_dataset" time="0.00200000000006639"/>
    <testcase classname="CNSIM_datachk" name="Check_CNSIM_dataset" time="0.00199999999995271"/>
    <testcase classname="CNSIM_datachk" name="Check_CNSIM_dataset" time="0.00300000000004275"/>
    <testcase classname="CNSIM_datachk" name="Check_CNSIM_dataset" time="0.525999999999954"/>
    <testcase classname="CNSIM_datachk" name="Check_CNSIM_dataset" time="0.00300000000004275"/>
    <testcase classname="CNSIM_datachk" name="Check_CNSIM_dataset" time="0.00199999999995271"/>
    <testcase classname="CNSIM_datachk" name="Check_CNSIM_dataset" time="0.00300000000004275"/>
    <testcase classname="CNSIM_datachk" name="Check_CNSIM_dataset" time="0.00199999999995271"/>
    <testcase classname="CNSIM_datachk" name="Check_CNSIM_dataset" time="0.00300000000004275"/>
    <testcase classname="CNSIM_datachk" name="Check_CNSIM_dataset" time="0.00300000000004275"/>
    <testcase classname="CNSIM_datachk" name="Check_CNSIM_dataset" time="0.269000000000005"/>
    <testcase classname="CNSIM_datachk" name="Check_CNSIM_dataset" time="0.00199999999995271"/>
    <testcase classname="CNSIM_datachk" name="Check_CNSIM_dataset" time="0.00300000000004275"/>
    <testcase classname="CNSIM_datachk" name="Check_CNSIM_dataset" time="0.00299999999992906"/>
    <testcase classname="CNSIM_datachk" name="Check_CNSIM_dataset" time="0.00300000000004275"/>
    <testcase classname="CNSIM_datachk" name="Check_CNSIM_dataset" time="0.00199999999995271"/>
    <testcase classname="CNSIM_datachk" name="Check_CNSIM_dataset" time="0.00300000000004275"/>
    <testcase classname="CNSIM_datachk" name="Check_CNSIM_dataset" time="0.00300000000004275"/>
    <testcase classname="CNSIM_datachk" name="Check_CNSIM_dataset" time="0.00299999999992906"/>
    <testcase classname="CNSIM_datachk" name="Check_CNSIM_dataset" time="0.521000000000072"/>
    <testcase classname="CNSIM_datachk" name="Check_CNSIM_dataset" time="0.00299999999992906"/>
    <testcase classname="CNSIM_datachk" name="Check_CNSIM_dataset" time="0.00300000000004275"/>
    <testcase classname="CNSIM_datachk" name="Check_CNSIM_dataset" time="0.00299999999992906"/>
    <testcase classname="CNSIM_datachk" name="Check_CNSIM_dataset" time="0.00300000000004275"/>
    <testcase classname="CNSIM_datachk" name="Check_CNSIM_dataset" time="0.00300000000004275"/>
    <testcase classname="CNSIM_datachk" name="Check_CNSIM_dataset" time="0.00299999999992906"/>
    <testcase classname="CNSIM_datachk" name="Check_CNSIM_dataset" time="0.262000000000057"/>
    <testcase classname="CNSIM_datachk" name="Check_CNSIM_dataset" time="0.00900000000001455"/>
    <testcase classname="CNSIM_datachk" name="Check_CNSIM_dataset" time="0.00299999999992906"/>
    <testcase classname="CNSIM_datachk" name="Check_CNSIM_dataset" time="0.00300000000004275"/>
    <testcase classname="CNSIM_datachk" name="Check_CNSIM_dataset" time="0.00300000000004275"/>
    <testcase classname="CNSIM_datachk" name="Check_CNSIM_dataset" time="0.00299999999992906"/>
    <testcase classname="CNSIM_datachk" name="Check_CNSIM_dataset" time="0.00300000000004275"/>
    <testcase classname="CNSIM_datachk" name="Check_CNSIM_dataset" time="0.00199999999995271"/>
    <testcase classname="CNSIM_datachk" name="Check_CNSIM_dataset" time="0.00300000000004275"/>
    <testcase classname="CNSIM_datachk" name="Check_CNSIM_dataset" time="0.524999999999977"/>
    <testcase classname="CNSIM_datachk" name="Check_CNSIM_dataset" time="0.0040000000000191"/>
    <testcase classname="CNSIM_datachk" name="Check_CNSIM_dataset" time="0.00299999999992906"/>
    <testcase classname="CNSIM_datachk" name="Check_CNSIM_dataset" time="0.00300000000004275"/>
    <testcase classname="CNSIM_datachk" name="Check_CNSIM_dataset" time="0.00300000000004275"/>
    <testcase classname="CNSIM_datachk" name="Check_CNSIM_dataset" time="0.00199999999995271"/>
    <testcase classname="CNSIM_datachk" name="Check_CNSIM_dataset" time="0.0040000000000191"/>
    <testcase classname="CNSIM_datachk" name="Check_CNSIM_dataset" time="0.264999999999986"/>
    <testcase classname="CNSIM_datachk" name="Check_CNSIM_dataset" time="0.0040000000000191"/>
    <testcase classname="CNSIM_datachk" name="Check_CNSIM_dataset" time="0.00300000000004275"/>
    <testcase classname="CNSIM_datachk" name="Check_CNSIM_dataset" time="0.00299999999992906"/>
    <testcase classname="CNSIM_datachk" name="Check_CNSIM_dataset" time="0.00300000000004275"/>
    <testcase classname="CNSIM_datachk" name="Check_CNSIM_dataset" time="0.0040000000000191"/>
    <testcase classname="CNSIM_datachk" name="Check_CNSIM_dataset" time="0.00299999999992906"/>
    <testcase classname="CNSIM_datachk" name="Check_CNSIM_dataset" time="0.00300000000004275"/>
    <testcase classname="CNSIM_datachk" name="Check_CNSIM_dataset" time="0.00300000000004275"/>
    <testcase classname="CNSIM_datachk" name="Check_CNSIM_dataset" time="0.522999999999911"/>
    <testcase classname="CNSIM_datachk" name="Check_CNSIM_dataset" time="0.00300000000004275"/>
    <testcase classname="CNSIM_datachk" name="Check_CNSIM_dataset" time="0.0040000000000191"/>
    <testcase classname="CNSIM_datachk" name="Check_CNSIM_dataset" time="0.00299999999992906"/>
    <testcase classname="CNSIM_datachk" name="Check_CNSIM_dataset" time="0.00300000000004275"/>
    <testcase classname="CNSIM_datachk" name="Check_CNSIM_dataset" time="0.0040000000000191"/>
    <testcase classname="CNSIM_datachk" name="Check_CNSIM_dataset" time="0.00299999999992906"/>
    <testcase classname="CNSIM_datachk" name="Check_CNSIM_dataset" time="0.272000000000048"/>
    <testcase classname="CNSIM_datachk" name="Check_CNSIM_dataset" time="0.00300000000004275"/>
    <testcase classname="CNSIM_datachk" name="Check_CNSIM_dataset" time="0.00299999999992906"/>
    <testcase classname="CNSIM_datachk" name="Check_CNSIM_dataset" time="0.0040000000000191"/>
    <testcase classname="CNSIM_datachk" name="Check_CNSIM_dataset" time="0.00300000000004275"/>
    <testcase classname="CNSIM_datachk" name="Check_CNSIM_dataset" time="0.00299999999992906"/>
    <testcase classname="CNSIM_datachk" name="Check_CNSIM_dataset" time="0.00300000000004275"/>
    <testcase classname="CNSIM_datachk" name="Check_CNSIM_dataset" time="0.0040000000000191"/>
    <testcase classname="CNSIM_datachk" name="Check_CNSIM_dataset" time="0.00299999999992906"/>
    <testcase classname="CNSIM_datachk" name="Check_CNSIM_dataset" time="0.527000000000044"/>
    <testcase classname="CNSIM_datachk" name="Check_CNSIM_dataset" time="0.00300000000004275"/>
    <testcase classname="CNSIM_datachk" name="Check_CNSIM_dataset" time="0.0040000000000191"/>
    <testcase classname="CNSIM_datachk" name="Check_CNSIM_dataset" time="0.00299999999992906"/>
    <testcase classname="CNSIM_datachk" name="Check_CNSIM_dataset" time="0.0040000000000191"/>
    <testcase classname="CNSIM_datachk" name="Check_CNSIM_dataset" time="0.00300000000004275"/>
    <testcase classname="CNSIM_datachk" name="Check_CNSIM_dataset" time="0.00399999999990541"/>
    <testcase classname="CNSIM_datachk" name="Check_CNSIM_dataset" time="0.269000000000005"/>
    <testcase classname="CNSIM_datachk" name="Check_CNSIM_dataset" time="0.00300000000004275"/>
    <testcase classname="CNSIM_datachk" name="Check_CNSIM_dataset" time="0.0040000000000191"/>
    <testcase classname="CNSIM_datachk" name="Check_CNSIM_dataset" time="0.0040000000000191"/>
    <testcase classname="CNSIM_datachk" name="Check_CNSIM_dataset" time="0.00399999999990541"/>
    <testcase classname="CNSIM_datachk" name="Check_CNSIM_dataset" time="0.00300000000004275"/>
    <testcase classname="CNSIM_datachk" name="Check_CNSIM_dataset" time="0.0040000000000191"/>
    <testcase classname="CNSIM_datachk" name="Check_CNSIM_dataset" time="0.0040000000000191"/>
    <testcase classname="CNSIM_datachk" name="Check_CNSIM_dataset" time="0.0040000000000191"/>
    <testcase classname="CNSIM_datachk" name="Check_CNSIM_dataset" time="0.530999999999949"/>
    <testcase classname="CNSIM_datachk" name="Check_CNSIM_dataset" time="0.0040000000000191"/>
    <testcase classname="CNSIM_datachk" name="Check_CNSIM_dataset" time="0.00999999999999091"/>
    <testcase classname="CNSIM_datachk" name="Check_CNSIM_dataset" time="0.0040000000000191"/>
    <testcase classname="CNSIM_datachk" name="Check_CNSIM_dataset" time="0.00299999999992906"/>
    <testcase classname="CNSIM_datachk" name="Check_CNSIM_dataset" time="0.00299999999992906"/>
    <testcase classname="CNSIM_datachk" name="Check_CNSIM_dataset" time="0.00700000000006185"/>
    <testcase classname="CNSIM_datachk" name="Check_CNSIM_dataset" time="0.269999999999982"/>
    <testcase classname="CNSIM_datachk" name="Check_CNSIM_dataset" time="0.0040000000000191"/>
    <testcase classname="CNSIM_datachk" name="Check_CNSIM_dataset" time="0.0040000000000191"/>
    <testcase classname="CNSIM_datachk" name="Check_CNSIM_dataset" time="0.00299999999992906"/>
    <testcase classname="CNSIM_datachk" name="Check_CNSIM_dataset" time="0.0040000000000191"/>
    <testcase classname="CNSIM_datachk" name="Check_CNSIM_dataset" time="0.0040000000000191"/>
    <testcase classname="CNSIM_datachk" name="Check_CNSIM_dataset" time="0.0040000000000191"/>
    <testcase classname="CNSIM_datachk" name="Check_CNSIM_dataset" time="0.00299999999992906"/>
    <testcase classname="CNSIM_datachk" name="Check_CNSIM_dataset" time="0.0040000000000191"/>
  </testsuite>
  <testsuite errors="0" failures="0" hostname="fv-az14" name="CNSIM::datachk::shutdown" skipped="0" tests="3" time="0.278" timestamp="2020-10-27T18:49:57Z">
    <testcase classname="CNSIM_datachk_shutdown" name="shutdown" time="0.276000000000067"/>
    <testcase classname="CNSIM_datachk_shutdown" name="shutdown" time="0.000999999999976353"/>
    <testcase classname="CNSIM_datachk_shutdown" name="shutdown" time="0.000999999999976353"/>
  </testsuite>
  <testsuite errors="0" failures="0" hostname="fv-az14" name="CNSIM::datachk::done" skipped="0" tests="0" time="0" timestamp="2020-10-27T18:49:58Z"/>
  <testsuite errors="0" failures="0" hostname="fv-az14" name="DISCORDANT::datachk::setup" skipped="0" tests="3" time="4.844" timestamp="2020-10-27T18:49:58Z">
    <testcase classname="DISCORDANT_datachk_setup" name="setup" time="4.84199999999998"/>
    <testcase classname="DISCORDANT_datachk_setup" name="setup" time="0.000999999999976353"/>
    <testcase classname="DISCORDANT_datachk_setup" name="setup" time="0.000999999999976353"/>
  </testsuite>
  <testsuite errors="0" failures="0" hostname="fv-az14" name="DISCORDANT::datachk" skipped="0" tests="70" time="4.451" timestamp="2020-10-27T18:50:02Z">
    <testcase classname="DISCORDANT_datachk" name="Check_DISCORDANT_dataset" time="0.52800000000002"/>
    <testcase classname="DISCORDANT_datachk" name="Check_DISCORDANT_dataset" time="0.00100000000009004"/>
    <testcase classname="DISCORDANT_datachk" name="Check_DISCORDANT_dataset" time="0.000999999999976353"/>
    <testcase classname="DISCORDANT_datachk" name="Check_DISCORDANT_dataset" time="0.000999999999976353"/>
    <testcase classname="DISCORDANT_datachk" name="Check_DISCORDANT_dataset" time="0.000999999999976353"/>
    <testcase classname="DISCORDANT_datachk" name="Check_DISCORDANT_dataset" time="0.000999999999976353"/>
    <testcase classname="DISCORDANT_datachk" name="Check_DISCORDANT_dataset" time="0.00100000000009004"/>
    <testcase classname="DISCORDANT_datachk" name="Check_DISCORDANT_dataset" time="0.263999999999896"/>
    <testcase classname="DISCORDANT_datachk" name="Check_DISCORDANT_dataset" time="0.00200000000006639"/>
    <testcase classname="DISCORDANT_datachk" name="Check_DISCORDANT_dataset" time="0.000999999999976353"/>
    <testcase classname="DISCORDANT_datachk" name="Check_DISCORDANT_dataset" time="0.000999999999976353"/>
    <testcase classname="DISCORDANT_datachk" name="Check_DISCORDANT_dataset" time="0.00100000000009004"/>
    <testcase classname="DISCORDANT_datachk" name="Check_DISCORDANT_dataset" time="0.00199999999995271"/>
    <testcase classname="DISCORDANT_datachk" name="Check_DISCORDANT_dataset" time="0.000999999999976353"/>
    <testcase classname="DISCORDANT_datachk" name="Check_DISCORDANT_dataset" time="0.000999999999976353"/>
    <testcase classname="DISCORDANT_datachk" name="Check_DISCORDANT_dataset" time="1.20000000000005"/>
    <testcase classname="DISCORDANT_datachk" name="Check_DISCORDANT_dataset" time="0.000999999999976353"/>
    <testcase classname="DISCORDANT_datachk" name="Check_DISCORDANT_dataset" time="0.00200000000006639"/>
    <testcase classname="DISCORDANT_datachk" name="Check_DISCORDANT_dataset" time="0.000999999999976353"/>
    <testcase classname="DISCORDANT_datachk" name="Check_DISCORDANT_dataset" time="0.000999999999976353"/>
    <testcase classname="DISCORDANT_datachk" name="Check_DISCORDANT_dataset" time="0.00199999999995271"/>
    <testcase classname="DISCORDANT_datachk" name="Check_DISCORDANT_dataset" time="0.00100000000009004"/>
    <testcase classname="DISCORDANT_datachk" name="Check_DISCORDANT_dataset" time="0.522999999999911"/>
    <testcase classname="DISCORDANT_datachk" name="Check_DISCORDANT_dataset" time="0.00100000000009004"/>
    <testcase classname="DISCORDANT_datachk" name="Check_DISCORDANT_dataset" time="0.00199999999995271"/>
    <testcase classname="DISCORDANT_datachk" name="Check_DISCORDANT_dataset" time="0.000999999999976353"/>
    <testcase classname="DISCORDANT_datachk" name="Check_DISCORDANT_dataset" time="0.000999999999976353"/>
    <testcase classname="DISCORDANT_datachk" name="Check_DISCORDANT_dataset" time="0.00200000000006639"/>
    <testcase classname="DISCORDANT_datachk" name="Check_DISCORDANT_dataset" time="0.000999999999976353"/>
    <testcase classname="DISCORDANT_datachk" name="Check_DISCORDANT_dataset" time="0.259999999999991"/>
    <testcase classname="DISCORDANT_datachk" name="Check_DISCORDANT_dataset" time="0.00200000000006639"/>
    <testcase classname="DISCORDANT_datachk" name="Check_DISCORDANT_dataset" time="0.000999999999976353"/>
    <testcase classname="DISCORDANT_datachk" name="Check_DISCORDANT_dataset" time="0.00199999999995271"/>
    <testcase classname="DISCORDANT_datachk" name="Check_DISCORDANT_dataset" time="0.000999999999976353"/>
    <testcase classname="DISCORDANT_datachk" name="Check_DISCORDANT_dataset" time="0.00200000000006639"/>
    <testcase classname="DISCORDANT_datachk" name="Check_DISCORDANT_dataset" time="0.000999999999976353"/>
    <testcase classname="DISCORDANT_datachk" name="Check_DISCORDANT_dataset" time="0.00199999999995271"/>
    <testcase classname="DISCORDANT_datachk" name="Check_DISCORDANT_dataset" time="0.00100000000009004"/>
    <testcase classname="DISCORDANT_datachk" name="Check_DISCORDANT_dataset" time="0.527999999999906"/>
    <testcase classname="DISCORDANT_datachk" name="Check_DISCORDANT_dataset" time="0.00200000000006639"/>
    <testcase classname="DISCORDANT_datachk" name="Check_DISCORDANT_dataset" time="0.00199999999995271"/>
    <testcase classname="DISCORDANT_datachk" name="Check_DISCORDANT_dataset" time="0.00200000000006639"/>
    <testcase classname="DISCORDANT_datachk" name="Check_DISCORDANT_dataset" time="0.000999999999976353"/>
    <testcase classname="DISCORDANT_datachk" name="Check_DISCORDANT_dataset" time="0.00199999999995271"/>
    <testcase classname="DISCORDANT_datachk" name="Check_DISCORDANT_dataset" time="0.00200000000006639"/>
    <testcase classname="DISCORDANT_datachk" name="Check_DISCORDANT_dataset" time="0.261999999999944"/>
    <testcase classname="DISCORDANT_datachk" name="Check_DISCORDANT_dataset" time="0.00200000000006639"/>
    <testcase classname="DISCORDANT_datachk" name="Check_DISCORDANT_dataset" time="0.00199999999995271"/>
    <testcase classname="DISCORDANT_datachk" name="Check_DISCORDANT_dataset" time="0.00199999999995271"/>
    <testcase classname="DISCORDANT_datachk" name="Check_DISCORDANT_dataset" time="0.00100000000009004"/>
    <testcase classname="DISCORDANT_datachk" name="Check_DISCORDANT_dataset" time="0.00199999999995271"/>
    <testcase classname="DISCORDANT_datachk" name="Check_DISCORDANT_dataset" time="0.00200000000006639"/>
    <testcase classname="DISCORDANT_datachk" name="Check_DISCORDANT_dataset" time="0.00199999999995271"/>
    <testcase classname="DISCORDANT_datachk" name="Check_DISCORDANT_dataset" time="0.00199999999995271"/>
    <testcase classname="DISCORDANT_datachk" name="Check_DISCORDANT_dataset" time="0.521000000000072"/>
    <testcase classname="DISCORDANT_datachk" name="Check_DISCORDANT_dataset" time="0.00199999999995271"/>
    <testcase classname="DISCORDANT_datachk" name="Check_DISCORDANT_dataset" time="0.00200000000006639"/>
    <testcase classname="DISCORDANT_datachk" name="Check_DISCORDANT_dataset" time="0.00199999999995271"/>
    <testcase classname="DISCORDANT_datachk" name="Check_DISCORDANT_dataset" time="0.0080000000000382"/>
    <testcase classname="DISCORDANT_datachk" name="Check_DISCORDANT_dataset" time="0.00199999999995271"/>
    <testcase classname="DISCORDANT_datachk" name="Check_DISCORDANT_dataset" time="0.00199999999995271"/>
    <testcase classname="DISCORDANT_datachk" name="Check_DISCORDANT_dataset" time="0.262000000000057"/>
    <testcase classname="DISCORDANT_datachk" name="Check_DISCORDANT_dataset" time="0.00199999999995271"/>
    <testcase classname="DISCORDANT_datachk" name="Check_DISCORDANT_dataset" time="0.00200000000006639"/>
    <testcase classname="DISCORDANT_datachk" name="Check_DISCORDANT_dataset" time="0.00199999999995271"/>
    <testcase classname="DISCORDANT_datachk" name="Check_DISCORDANT_dataset" time="0.00200000000006639"/>
    <testcase classname="DISCORDANT_datachk" name="Check_DISCORDANT_dataset" time="0.00199999999995271"/>
    <testcase classname="DISCORDANT_datachk" name="Check_DISCORDANT_dataset" time="0.00199999999995271"/>
    <testcase classname="DISCORDANT_datachk" name="Check_DISCORDANT_dataset" time="0.00200000000006639"/>
    <testcase classname="DISCORDANT_datachk" name="Check_DISCORDANT_dataset" time="0.00199999999995271"/>
  </testsuite>
  <testsuite errors="0" failures="0" hostname="fv-az14" name="DISCORDANT::datachk::shutdown" skipped="0" tests="3" time="0.271" timestamp="2020-10-27T18:50:06Z">
    <testcase classname="DISCORDANT_datachk_shutdown" name="shutdown" time="0.269000000000005"/>
    <testcase classname="DISCORDANT_datachk_shutdown" name="shutdown" time="0.000999999999976353"/>
    <testcase classname="DISCORDANT_datachk_shutdown" name="shutdown" time="0.00100000000009004"/>
  </testsuite>
  <testsuite errors="0" failures="0" hostname="fv-az14" name="DISCORDANT::datachk::done" skipped="0" tests="0" time="0" timestamp="2020-10-27T18:50:07Z"/>
  <testsuite errors="0" failures="0" hostname="fv-az14" name="DASIM::datachk::setup" skipped="0" tests="3" time="5.647" timestamp="2020-10-27T18:50:07Z">
    <testcase classname="DASIM_datachk_setup" name="setup" time="5.64499999999998"/>
    <testcase classname="DASIM_datachk_setup" name="setup" time="0.000999999999976353"/>
    <testcase classname="DASIM_datachk_setup" name="setup" time="0.000999999999976353"/>
  </testsuite>
  <testsuite errors="0" failures="0" hostname="fv-az14" name="DASIM::datachk" skipped="0" tests="182" time="10.332" timestamp="2020-10-27T18:50:12Z">
    <testcase classname="DASIM_datachk" name="Check_DASIM_dataset" time="0.526000000000067"/>
    <testcase classname="DASIM_datachk" name="Check_DASIM_dataset" time="0.00199999999995271"/>
    <testcase classname="DASIM_datachk" name="Check_DASIM_dataset" time="0.000999999999976353"/>
    <testcase classname="DASIM_datachk" name="Check_DASIM_dataset" time="0.000999999999976353"/>
    <testcase classname="DASIM_datachk" name="Check_DASIM_dataset" time="0.00100000000009004"/>
    <testcase classname="DASIM_datachk" name="Check_DASIM_dataset" time="0.000999999999976353"/>
    <testcase classname="DASIM_datachk" name="Check_DASIM_dataset" time="0.000999999999976353"/>
    <testcase classname="DASIM_datachk" name="Check_DASIM_dataset" time="0.262000000000057"/>
    <testcase classname="DASIM_datachk" name="Check_DASIM_dataset" time="0.00199999999995271"/>
    <testcase classname="DASIM_datachk" name="Check_DASIM_dataset" time="0.000999999999976353"/>
    <testcase classname="DASIM_datachk" name="Check_DASIM_dataset" time="0.000999999999976353"/>
    <testcase classname="DASIM_datachk" name="Check_DASIM_dataset" time="0.00200000000006639"/>
    <testcase classname="DASIM_datachk" name="Check_DASIM_dataset" time="0.000999999999976353"/>
    <testcase classname="DASIM_datachk" name="Check_DASIM_dataset" time="0.000999999999976353"/>
    <testcase classname="DASIM_datachk" name="Check_DASIM_dataset" time="0.000999999999976353"/>
    <testcase classname="DASIM_datachk" name="Check_DASIM_dataset" time="1.20800000000008"/>
    <testcase classname="DASIM_datachk" name="Check_DASIM_dataset" time="0.00799999999992451"/>
    <testcase classname="DASIM_datachk" name="Check_DASIM_dataset" time="0.00100000000009004"/>
    <testcase classname="DASIM_datachk" name="Check_DASIM_dataset" time="0.00199999999995271"/>
    <testcase classname="DASIM_datachk" name="Check_DASIM_dataset" time="0.000999999999976353"/>
    <testcase classname="DASIM_datachk" name="Check_DASIM_dataset" time="0.000999999999976353"/>
    <testcase classname="DASIM_datachk" name="Check_DASIM_dataset" time="0.00200000000006639"/>
    <testcase classname="DASIM_datachk" name="Check_DASIM_dataset" time="0.521999999999935"/>
    <testcase classname="DASIM_datachk" name="Check_DASIM_dataset" time="0.00100000000009004"/>
    <testcase classname="DASIM_datachk" name="Check_DASIM_dataset" time="0.00199999999995271"/>
    <testcase classname="DASIM_datachk" name="Check_DASIM_dataset" time="0.000999999999976353"/>
    <testcase classname="DASIM_datachk" name="Check_DASIM_dataset" time="0.00200000000006639"/>
    <testcase classname="DASIM_datachk" name="Check_DASIM_dataset" time="0.000999999999976353"/>
    <testcase classname="DASIM_datachk" name="Check_DASIM_dataset" time="0.000999999999976353"/>
    <testcase classname="DASIM_datachk" name="Check_DASIM_dataset" time="0.263000000000034"/>
    <testcase classname="DASIM_datachk" name="Check_DASIM_dataset" time="0.00199999999995271"/>
    <testcase classname="DASIM_datachk" name="Check_DASIM_dataset" time="0.000999999999976353"/>
    <testcase classname="DASIM_datachk" name="Check_DASIM_dataset" time="0.00200000000006639"/>
    <testcase classname="DASIM_datachk" name="Check_DASIM_dataset" time="0.000999999999976353"/>
    <testcase classname="DASIM_datachk" name="Check_DASIM_dataset" time="0.00199999999995271"/>
    <testcase classname="DASIM_datachk" name="Check_DASIM_dataset" time="0.00100000000009004"/>
    <testcase classname="DASIM_datachk" name="Check_DASIM_dataset" time="0.00199999999995271"/>
    <testcase classname="DASIM_datachk" name="Check_DASIM_dataset" time="0.000999999999976353"/>
    <testcase classname="DASIM_datachk" name="Check_DASIM_dataset" time="0.526000000000067"/>
    <testcase classname="DASIM_datachk" name="Check_DASIM_dataset" time="0.00199999999995271"/>
    <testcase classname="DASIM_datachk" name="Check_DASIM_dataset" time="0.00200000000006639"/>
    <testcase classname="DASIM_datachk" name="Check_DASIM_dataset" time="0.00199999999995271"/>
    <testcase classname="DASIM_datachk" name="Check_DASIM_dataset" time="0.000999999999976353"/>
    <testcase classname="DASIM_datachk" name="Check_DASIM_dataset" time="0.00200000000006639"/>
    <testcase classname="DASIM_datachk" name="Check_DASIM_dataset" time="0.00199999999995271"/>
    <testcase classname="DASIM_datachk" name="Check_DASIM_dataset" time="0.269999999999982"/>
    <testcase classname="DASIM_datachk" name="Check_DASIM_dataset" time="0.00200000000006639"/>
    <testcase classname="DASIM_datachk" name="Check_DASIM_dataset" time="0.00199999999995271"/>
    <testcase classname="DASIM_datachk" name="Check_DASIM_dataset" time="0.00199999999995271"/>
    <testcase classname="DASIM_datachk" name="Check_DASIM_dataset" time="0.00100000000009004"/>
    <testcase classname="DASIM_datachk" name="Check_DASIM_dataset" time="0.00199999999995271"/>
    <testcase classname="DASIM_datachk" name="Check_DASIM_dataset" time="0.00199999999995271"/>
    <testcase classname="DASIM_datachk" name="Check_DASIM_dataset" time="0.00200000000006639"/>
    <testcase classname="DASIM_datachk" name="Check_DASIM_dataset" time="0.00199999999995271"/>
    <testcase classname="DASIM_datachk" name="Check_DASIM_dataset" time="0.536000000000058"/>
    <testcase classname="DASIM_datachk" name="Check_DASIM_dataset" time="0.00199999999995271"/>
    <testcase classname="DASIM_datachk" name="Check_DASIM_dataset" time="0.00200000000006639"/>
    <testcase classname="DASIM_datachk" name="Check_DASIM_dataset" time="0.00199999999995271"/>
    <testcase classname="DASIM_datachk" name="Check_DASIM_dataset" time="0.000999999999976353"/>
    <testcase classname="DASIM_datachk" name="Check_DASIM_dataset" time="0.00200000000006639"/>
    <testcase classname="DASIM_datachk" name="Check_DASIM_dataset" time="0.00199999999995271"/>
    <testcase classname="DASIM_datachk" name="Check_DASIM_dataset" time="0.260999999999967"/>
    <testcase classname="DASIM_datachk" name="Check_DASIM_dataset" time="0.00200000000006639"/>
    <testcase classname="DASIM_datachk" name="Check_DASIM_dataset" time="0.00199999999995271"/>
    <testcase classname="DASIM_datachk" name="Check_DASIM_dataset" time="0.00200000000006639"/>
    <testcase classname="DASIM_datachk" name="Check_DASIM_dataset" time="0.00199999999995271"/>
    <testcase classname="DASIM_datachk" name="Check_DASIM_dataset" time="0.00199999999995271"/>
    <testcase classname="DASIM_datachk" name="Check_DASIM_dataset" time="0.00200000000006639"/>
    <testcase classname="DASIM_datachk" name="Check_DASIM_dataset" time="0.00199999999995271"/>
    <testcase classname="DASIM_datachk" name="Check_DASIM_dataset" time="0.00200000000006639"/>
    <testcase classname="DASIM_datachk" name="Check_DASIM_dataset" time="0.533999999999992"/>
    <testcase classname="DASIM_datachk" name="Check_DASIM_dataset" time="0.00199999999995271"/>
    <testcase classname="DASIM_datachk" name="Check_DASIM_dataset" time="0.00200000000006639"/>
    <testcase classname="DASIM_datachk" name="Check_DASIM_dataset" time="0.00199999999995271"/>
    <testcase classname="DASIM_datachk" name="Check_DASIM_dataset" time="0.00199999999995271"/>
    <testcase classname="DASIM_datachk" name="Check_DASIM_dataset" time="0.00200000000006639"/>
    <testcase classname="DASIM_datachk" name="Check_DASIM_dataset" time="0.00299999999992906"/>
    <testcase classname="DASIM_datachk" name="Check_DASIM_dataset" time="0.261000000000081"/>
    <testcase classname="DASIM_datachk" name="Check_DASIM_dataset" time="0.00199999999995271"/>
    <testcase classname="DASIM_datachk" name="Check_DASIM_dataset" time="0.00200000000006639"/>
    <testcase classname="DASIM_datachk" name="Check_DASIM_dataset" time="0.00199999999995271"/>
    <testcase classname="DASIM_datachk" name="Check_DASIM_dataset" time="0.00300000000004275"/>
    <testcase classname="DASIM_datachk" name="Check_DASIM_dataset" time="0.00199999999995271"/>
    <testcase classname="DASIM_datachk" name="Check_DASIM_dataset" time="0.00199999999995271"/>
    <testcase classname="DASIM_datachk" name="Check_DASIM_dataset" time="0.00300000000004275"/>
    <testcase classname="DASIM_datachk" name="Check_DASIM_dataset" time="0.00199999999995271"/>
    <testcase classname="DASIM_datachk" name="Check_DASIM_dataset" time="0.523000000000025"/>
    <testcase classname="DASIM_datachk" name="Check_DASIM_dataset" time="0.00200000000006639"/>
    <testcase classname="DASIM_datachk" name="Check_DASIM_dataset" time="0.00299999999992906"/>
    <testcase classname="DASIM_datachk" name="Check_DASIM_dataset" time="0.00200000000006639"/>
    <testcase classname="DASIM_datachk" name="Check_DASIM_dataset" time="0.00199999999995271"/>
    <testcase classname="DASIM_datachk" name="Check_DASIM_dataset" time="0.00300000000004275"/>
    <testcase classname="DASIM_datachk" name="Check_DASIM_dataset" time="0.00199999999995271"/>
    <testcase classname="DASIM_datachk" name="Check_DASIM_dataset" time="0.264999999999986"/>
    <testcase classname="DASIM_datachk" name="Check_DASIM_dataset" time="0.00300000000004275"/>
    <testcase classname="DASIM_datachk" name="Check_DASIM_dataset" time="0.00199999999995271"/>
    <testcase classname="DASIM_datachk" name="Check_DASIM_dataset" time="0.00300000000004275"/>
    <testcase classname="DASIM_datachk" name="Check_DASIM_dataset" time="0.00199999999995271"/>
    <testcase classname="DASIM_datachk" name="Check_DASIM_dataset" time="0.00200000000006639"/>
    <testcase classname="DASIM_datachk" name="Check_DASIM_dataset" time="0.00299999999992906"/>
    <testcase classname="DASIM_datachk" name="Check_DASIM_dataset" time="0.00200000000006639"/>
    <testcase classname="DASIM_datachk" name="Check_DASIM_dataset" time="0.00299999999992906"/>
    <testcase classname="DASIM_datachk" name="Check_DASIM_dataset" time="0.52800000000002"/>
    <testcase classname="DASIM_datachk" name="Check_DASIM_dataset" time="0.00300000000004275"/>
    <testcase classname="DASIM_datachk" name="Check_DASIM_dataset" time="0.00199999999995271"/>
    <testcase classname="DASIM_datachk" name="Check_DASIM_dataset" time="0.00300000000004275"/>
    <testcase classname="DASIM_datachk" name="Check_DASIM_dataset" time="0.00199999999995271"/>
    <testcase classname="DASIM_datachk" name="Check_DASIM_dataset" time="0.00300000000004275"/>
    <testcase classname="DASIM_datachk" name="Check_DASIM_dataset" time="0.00199999999995271"/>
    <testcase classname="DASIM_datachk" name="Check_DASIM_dataset" time="0.273000000000025"/>
    <testcase classname="DASIM_datachk" name="Check_DASIM_dataset" time="0.00300000000004275"/>
    <testcase classname="DASIM_datachk" name="Check_DASIM_dataset" time="0.00299999999992906"/>
    <testcase classname="DASIM_datachk" name="Check_DASIM_dataset" time="0.00200000000006639"/>
    <testcase classname="DASIM_datachk" name="Check_DASIM_dataset" time="0.00299999999992906"/>
    <testcase classname="DASIM_datachk" name="Check_DASIM_dataset" time="0.00300000000004275"/>
    <testcase classname="DASIM_datachk" name="Check_DASIM_dataset" time="0.00300000000004275"/>
    <testcase classname="DASIM_datachk" name="Check_DASIM_dataset" time="0.00299999999992906"/>
    <testcase classname="DASIM_datachk" name="Check_DASIM_dataset" time="0.00300000000004275"/>
    <testcase classname="DASIM_datachk" name="Check_DASIM_dataset" time="0.527000000000044"/>
    <testcase classname="DASIM_datachk" name="Check_DASIM_dataset" time="0.00299999999992906"/>
    <testcase classname="DASIM_datachk" name="Check_DASIM_dataset" time="0.00300000000004275"/>
    <testcase classname="DASIM_datachk" name="Check_DASIM_dataset" time="0.00299999999992906"/>
    <testcase classname="DASIM_datachk" name="Check_DASIM_dataset" time="0.00300000000004275"/>
    <testcase classname="DASIM_datachk" name="Check_DASIM_dataset" time="0.00300000000004275"/>
    <testcase classname="DASIM_datachk" name="Check_DASIM_dataset" time="0.00299999999992906"/>
    <testcase classname="DASIM_datachk" name="Check_DASIM_dataset" time="0.273000000000025"/>
    <testcase classname="DASIM_datachk" name="Check_DASIM_dataset" time="0.00300000000004275"/>
    <testcase classname="DASIM_datachk" name="Check_DASIM_dataset" time="0.00299999999992906"/>
    <testcase classname="DASIM_datachk" name="Check_DASIM_dataset" time="0.00300000000004275"/>
    <testcase classname="DASIM_datachk" name="Check_DASIM_dataset" time="0.00300000000004275"/>
    <testcase classname="DASIM_datachk" name="Check_DASIM_dataset" time="0.00299999999992906"/>
    <testcase classname="DASIM_datachk" name="Check_DASIM_dataset" time="0.00200000000006639"/>
    <testcase classname="DASIM_datachk" name="Check_DASIM_dataset" time="0.00299999999992906"/>
    <testcase classname="DASIM_datachk" name="Check_DASIM_dataset" time="0.00300000000004275"/>
    <testcase classname="DASIM_datachk" name="Check_DASIM_dataset" time="0.527000000000044"/>
    <testcase classname="DASIM_datachk" name="Check_DASIM_dataset" time="0.00299999999992906"/>
    <testcase classname="DASIM_datachk" name="Check_DASIM_dataset" time="0.00300000000004275"/>
    <testcase classname="DASIM_datachk" name="Check_DASIM_dataset" time="0.00299999999992906"/>
    <testcase classname="DASIM_datachk" name="Check_DASIM_dataset" time="0.00300000000004275"/>
    <testcase classname="DASIM_datachk" name="Check_DASIM_dataset" time="0.00300000000004275"/>
    <testcase classname="DASIM_datachk" name="Check_DASIM_dataset" time="0.00299999999992906"/>
    <testcase classname="DASIM_datachk" name="Check_DASIM_dataset" time="0.274000000000001"/>
    <testcase classname="DASIM_datachk" name="Check_DASIM_dataset" time="0.00300000000004275"/>
    <testcase classname="DASIM_datachk" name="Check_DASIM_dataset" time="0.00300000000004275"/>
    <testcase classname="DASIM_datachk" name="Check_DASIM_dataset" time="0.00299999999992906"/>
    <testcase classname="DASIM_datachk" name="Check_DASIM_dataset" time="0.00300000000004275"/>
    <testcase classname="DASIM_datachk" name="Check_DASIM_dataset" time="0.0040000000000191"/>
    <testcase classname="DASIM_datachk" name="Check_DASIM_dataset" time="0.00299999999992906"/>
    <testcase classname="DASIM_datachk" name="Check_DASIM_dataset" time="0.00300000000004275"/>
    <testcase classname="DASIM_datachk" name="Check_DASIM_dataset" time="0.0040000000000191"/>
    <testcase classname="DASIM_datachk" name="Check_DASIM_dataset" time="0.524000000000001"/>
    <testcase classname="DASIM_datachk" name="Check_DASIM_dataset" time="0.0040000000000191"/>
    <testcase classname="DASIM_datachk" name="Check_DASIM_dataset" time="0.00299999999992906"/>
    <testcase classname="DASIM_datachk" name="Check_DASIM_dataset" time="0.00300000000004275"/>
    <testcase classname="DASIM_datachk" name="Check_DASIM_dataset" time="0.0040000000000191"/>
    <testcase classname="DASIM_datachk" name="Check_DASIM_dataset" time="0.00299999999992906"/>
    <testcase classname="DASIM_datachk" name="Check_DASIM_dataset" time="0.0040000000000191"/>
    <testcase classname="DASIM_datachk" name="Check_DASIM_dataset" time="0.268000000000029"/>
    <testcase classname="DASIM_datachk" name="Check_DASIM_dataset" time="0.0040000000000191"/>
    <testcase classname="DASIM_datachk" name="Check_DASIM_dataset" time="0.00299999999992906"/>
    <testcase classname="DASIM_datachk" name="Check_DASIM_dataset" time="0.00300000000004275"/>
    <testcase classname="DASIM_datachk" name="Check_DASIM_dataset" time="0.0040000000000191"/>
    <testcase classname="DASIM_datachk" name="Check_DASIM_dataset" time="0.00300000000004275"/>
    <testcase classname="DASIM_datachk" name="Check_DASIM_dataset" time="0.00299999999992906"/>
    <testcase classname="DASIM_datachk" name="Check_DASIM_dataset" time="0.0040000000000191"/>
    <testcase classname="DASIM_datachk" name="Check_DASIM_dataset" time="0.00300000000004275"/>
    <testcase classname="DASIM_datachk" name="Check_DASIM_dataset" time="0.525999999999954"/>
    <testcase classname="DASIM_datachk" name="Check_DASIM_dataset" time="0.00300000000004275"/>
    <testcase classname="DASIM_datachk" name="Check_DASIM_dataset" time="0.00399999999990541"/>
    <testcase classname="DASIM_datachk" name="Check_DASIM_dataset" time="0.00300000000004275"/>
    <testcase classname="DASIM_datachk" name="Check_DASIM_dataset" time="0.0040000000000191"/>
    <testcase classname="DASIM_datachk" name="Check_DASIM_dataset" time="0.00300000000004275"/>
    <testcase classname="DASIM_datachk" name="Check_DASIM_dataset" time="0.00399999999990541"/>
    <testcase classname="DASIM_datachk" name="Check_DASIM_dataset" time="0.26400000000001"/>
    <testcase classname="DASIM_datachk" name="Check_DASIM_dataset" time="0.00300000000004275"/>
    <testcase classname="DASIM_datachk" name="Check_DASIM_dataset" time="0.0040000000000191"/>
    <testcase classname="DASIM_datachk" name="Check_DASIM_dataset" time="0.0040000000000191"/>
    <testcase classname="DASIM_datachk" name="Check_DASIM_dataset" time="0.00399999999990541"/>
    <testcase classname="DASIM_datachk" name="Check_DASIM_dataset" time="0.0040000000000191"/>
    <testcase classname="DASIM_datachk" name="Check_DASIM_dataset" time="0.0040000000000191"/>
    <testcase classname="DASIM_datachk" name="Check_DASIM_dataset" time="0.00300000000004275"/>
    <testcase classname="DASIM_datachk" name="Check_DASIM_dataset" time="0.0040000000000191"/>
  </testsuite>
  <testsuite errors="0" failures="0" hostname="fv-az14" name="DASIM::datachk::shutdown" skipped="0" tests="3" time="0.276" timestamp="2020-10-27T18:50:23Z">
    <testcase classname="DASIM_datachk_shutdown" name="shutdown" time="0.274000000000001"/>
    <testcase classname="DASIM_datachk_shutdown" name="shutdown" time="0.000999999999976353"/>
    <testcase classname="DASIM_datachk_shutdown" name="shutdown" time="0.000999999999976353"/>
  </testsuite>
  <testsuite errors="0" failures="0" hostname="fv-az14" name="DASIM::datachk::done" skipped="0" tests="0" time="0" timestamp="2020-10-27T18:50:24Z"/>
  <testsuite errors="0" failures="0" hostname="fv-az14" name="FACTOR_LEVELS::datachk::setup" skipped="0" tests="3" time="5.123" timestamp="2020-10-27T18:50:24Z">
    <testcase classname="FACTOR_LEVELS_datachk_setup" name="setup" time="5.12099999999998"/>
    <testcase classname="FACTOR_LEVELS_datachk_setup" name="setup" time="0.000999999999976353"/>
    <testcase classname="FACTOR_LEVELS_datachk_setup" name="setup" time="0.00100000000009004"/>
  </testsuite>
  <testsuite errors="0" failures="0" hostname="fv-az14" name="FACTOR_LEVELS::datachk" skipped="0" tests="182" time="10.281" timestamp="2020-10-27T18:50:28Z">
    <testcase classname="FACTOR_LEVELS_datachk" name="Check_FACTOR_LEVELS_dataset" time="0.52699999999993"/>
    <testcase classname="FACTOR_LEVELS_datachk" name="Check_FACTOR_LEVELS_dataset" time="0.000999999999976353"/>
    <testcase classname="FACTOR_LEVELS_datachk" name="Check_FACTOR_LEVELS_dataset" time="0.00100000000009004"/>
    <testcase classname="FACTOR_LEVELS_datachk" name="Check_FACTOR_LEVELS_dataset" time="0.000999999999976353"/>
    <testcase classname="FACTOR_LEVELS_datachk" name="Check_FACTOR_LEVELS_dataset" time="0.000999999999976353"/>
    <testcase classname="FACTOR_LEVELS_datachk" name="Check_FACTOR_LEVELS_dataset" time="0.000999999999976353"/>
    <testcase classname="FACTOR_LEVELS_datachk" name="Check_FACTOR_LEVELS_dataset" time="0.000999999999976353"/>
    <testcase classname="FACTOR_LEVELS_datachk" name="Check_FACTOR_LEVELS_dataset" time="0.266000000000076"/>
    <testcase classname="FACTOR_LEVELS_datachk" name="Check_FACTOR_LEVELS_dataset" time="0.00199999999995271"/>
    <testcase classname="FACTOR_LEVELS_datachk" name="Check_FACTOR_LEVELS_dataset" time="0.000999999999976353"/>
    <testcase classname="FACTOR_LEVELS_datachk" name="Check_FACTOR_LEVELS_dataset" time="0.00100000000009004"/>
    <testcase classname="FACTOR_LEVELS_datachk" name="Check_FACTOR_LEVELS_dataset" time="0.000999999999976353"/>
    <testcase classname="FACTOR_LEVELS_datachk" name="Check_FACTOR_LEVELS_dataset" time="0.00199999999995271"/>
    <testcase classname="FACTOR_LEVELS_datachk" name="Check_FACTOR_LEVELS_dataset" time="0.000999999999976353"/>
    <testcase classname="FACTOR_LEVELS_datachk" name="Check_FACTOR_LEVELS_dataset" time="0.00100000000009004"/>
    <testcase classname="FACTOR_LEVELS_datachk" name="Check_FACTOR_LEVELS_dataset" time="1.19399999999996"/>
    <testcase classname="FACTOR_LEVELS_datachk" name="Check_FACTOR_LEVELS_dataset" time="0.000999999999976353"/>
    <testcase classname="FACTOR_LEVELS_datachk" name="Check_FACTOR_LEVELS_dataset" time="0.00200000000006639"/>
    <testcase classname="FACTOR_LEVELS_datachk" name="Check_FACTOR_LEVELS_dataset" time="0.000999999999976353"/>
    <testcase classname="FACTOR_LEVELS_datachk" name="Check_FACTOR_LEVELS_dataset" time="0.00199999999995271"/>
    <testcase classname="FACTOR_LEVELS_datachk" name="Check_FACTOR_LEVELS_dataset" time="0.000999999999976353"/>
    <testcase classname="FACTOR_LEVELS_datachk" name="Check_FACTOR_LEVELS_dataset" time="0.00100000000009004"/>
    <testcase classname="FACTOR_LEVELS_datachk" name="Check_FACTOR_LEVELS_dataset" time="0.533999999999992"/>
    <testcase classname="FACTOR_LEVELS_datachk" name="Check_FACTOR_LEVELS_dataset" time="0.00199999999995271"/>
    <testcase classname="FACTOR_LEVELS_datachk" name="Check_FACTOR_LEVELS_dataset" time="0.000999999999976353"/>
    <testcase classname="FACTOR_LEVELS_datachk" name="Check_FACTOR_LEVELS_dataset" time="0.000999999999976353"/>
    <testcase classname="FACTOR_LEVELS_datachk" name="Check_FACTOR_LEVELS_dataset" time="0.00200000000006639"/>
    <testcase classname="FACTOR_LEVELS_datachk" name="Check_FACTOR_LEVELS_dataset" time="0.000999999999976353"/>
    <testcase classname="FACTOR_LEVELS_datachk" name="Check_FACTOR_LEVELS_dataset" time="0.00200000000006639"/>
    <testcase classname="FACTOR_LEVELS_datachk" name="Check_FACTOR_LEVELS_dataset" time="0.260999999999967"/>
    <testcase classname="FACTOR_LEVELS_datachk" name="Check_FACTOR_LEVELS_dataset" time="0.00199999999995271"/>
    <testcase classname="FACTOR_LEVELS_datachk" name="Check_FACTOR_LEVELS_dataset" time="0.00200000000006639"/>
    <testcase classname="FACTOR_LEVELS_datachk" name="Check_FACTOR_LEVELS_dataset" time="0.000999999999976353"/>
    <testcase classname="FACTOR_LEVELS_datachk" name="Check_FACTOR_LEVELS_dataset" time="0.00199999999995271"/>
    <testcase classname="FACTOR_LEVELS_datachk" name="Check_FACTOR_LEVELS_dataset" time="0.000999999999976353"/>
    <testcase classname="FACTOR_LEVELS_datachk" name="Check_FACTOR_LEVELS_dataset" time="0.00200000000006639"/>
    <testcase classname="FACTOR_LEVELS_datachk" name="Check_FACTOR_LEVELS_dataset" time="0.000999999999976353"/>
    <testcase classname="FACTOR_LEVELS_datachk" name="Check_FACTOR_LEVELS_dataset" time="0.00200000000006639"/>
    <testcase classname="FACTOR_LEVELS_datachk" name="Check_FACTOR_LEVELS_dataset" time="0.52699999999993"/>
    <testcase classname="FACTOR_LEVELS_datachk" name="Check_FACTOR_LEVELS_dataset" time="0.00200000000006639"/>
    <testcase classname="FACTOR_LEVELS_datachk" name="Check_FACTOR_LEVELS_dataset" time="0.00199999999995271"/>
    <testcase classname="FACTOR_LEVELS_datachk" name="Check_FACTOR_LEVELS_dataset" time="0.000999999999976353"/>
    <testcase classname="FACTOR_LEVELS_datachk" name="Check_FACTOR_LEVELS_dataset" time="0.00200000000006639"/>
    <testcase classname="FACTOR_LEVELS_datachk" name="Check_FACTOR_LEVELS_dataset" time="0.00199999999995271"/>
    <testcase classname="FACTOR_LEVELS_datachk" name="Check_FACTOR_LEVELS_dataset" time="0.000999999999976353"/>
    <testcase classname="FACTOR_LEVELS_datachk" name="Check_FACTOR_LEVELS_dataset" time="0.262000000000057"/>
    <testcase classname="FACTOR_LEVELS_datachk" name="Check_FACTOR_LEVELS_dataset" time="0.00199999999995271"/>
    <testcase classname="FACTOR_LEVELS_datachk" name="Check_FACTOR_LEVELS_dataset" time="0.00200000000006639"/>
    <testcase classname="FACTOR_LEVELS_datachk" name="Check_FACTOR_LEVELS_dataset" time="0.00199999999995271"/>
    <testcase classname="FACTOR_LEVELS_datachk" name="Check_FACTOR_LEVELS_dataset" time="0.000999999999976353"/>
    <testcase classname="FACTOR_LEVELS_datachk" name="Check_FACTOR_LEVELS_dataset" time="0.00200000000006639"/>
    <testcase classname="FACTOR_LEVELS_datachk" name="Check_FACTOR_LEVELS_dataset" time="0.00199999999995271"/>
    <testcase classname="FACTOR_LEVELS_datachk" name="Check_FACTOR_LEVELS_dataset" time="0.00199999999995271"/>
    <testcase classname="FACTOR_LEVELS_datachk" name="Check_FACTOR_LEVELS_dataset" time="0.00200000000006639"/>
    <testcase classname="FACTOR_LEVELS_datachk" name="Check_FACTOR_LEVELS_dataset" time="0.528999999999996"/>
    <testcase classname="FACTOR_LEVELS_datachk" name="Check_FACTOR_LEVELS_dataset" time="0.00199999999995271"/>
    <testcase classname="FACTOR_LEVELS_datachk" name="Check_FACTOR_LEVELS_dataset" time="0.0080000000000382"/>
    <testcase classname="FACTOR_LEVELS_datachk" name="Check_FACTOR_LEVELS_dataset" time="0.00199999999995271"/>
    <testcase classname="FACTOR_LEVELS_datachk" name="Check_FACTOR_LEVELS_dataset" time="0.00200000000006639"/>
    <testcase classname="FACTOR_LEVELS_datachk" name="Check_FACTOR_LEVELS_dataset" time="0.00199999999995271"/>
    <testcase classname="FACTOR_LEVELS_datachk" name="Check_FACTOR_LEVELS_dataset" time="0.00200000000006639"/>
    <testcase classname="FACTOR_LEVELS_datachk" name="Check_FACTOR_LEVELS_dataset" time="0.265999999999963"/>
    <testcase classname="FACTOR_LEVELS_datachk" name="Check_FACTOR_LEVELS_dataset" time="0.00199999999995271"/>
    <testcase classname="FACTOR_LEVELS_datachk" name="Check_FACTOR_LEVELS_dataset" time="0.00200000000006639"/>
    <testcase classname="FACTOR_LEVELS_datachk" name="Check_FACTOR_LEVELS_dataset" time="0.00199999999995271"/>
    <testcase classname="FACTOR_LEVELS_datachk" name="Check_FACTOR_LEVELS_dataset" time="0.00200000000006639"/>
    <testcase classname="FACTOR_LEVELS_datachk" name="Check_FACTOR_LEVELS_dataset" time="0.00199999999995271"/>
    <testcase classname="FACTOR_LEVELS_datachk" name="Check_FACTOR_LEVELS_dataset" time="0.00199999999995271"/>
    <testcase classname="FACTOR_LEVELS_datachk" name="Check_FACTOR_LEVELS_dataset" time="0.00200000000006639"/>
    <testcase classname="FACTOR_LEVELS_datachk" name="Check_FACTOR_LEVELS_dataset" time="0.00199999999995271"/>
    <testcase classname="FACTOR_LEVELS_datachk" name="Check_FACTOR_LEVELS_dataset" time="0.523000000000025"/>
    <testcase classname="FACTOR_LEVELS_datachk" name="Check_FACTOR_LEVELS_dataset" time="0.00199999999995271"/>
    <testcase classname="FACTOR_LEVELS_datachk" name="Check_FACTOR_LEVELS_dataset" time="0.00200000000006639"/>
    <testcase classname="FACTOR_LEVELS_datachk" name="Check_FACTOR_LEVELS_dataset" time="0.00199999999995271"/>
    <testcase classname="FACTOR_LEVELS_datachk" name="Check_FACTOR_LEVELS_dataset" time="0.00200000000006639"/>
    <testcase classname="FACTOR_LEVELS_datachk" name="Check_FACTOR_LEVELS_dataset" time="0.00299999999992906"/>
    <testcase classname="FACTOR_LEVELS_datachk" name="Check_FACTOR_LEVELS_dataset" time="0.00200000000006639"/>
    <testcase classname="FACTOR_LEVELS_datachk" name="Check_FACTOR_LEVELS_dataset" time="0.265999999999963"/>
    <testcase classname="FACTOR_LEVELS_datachk" name="Check_FACTOR_LEVELS_dataset" time="0.00200000000006639"/>
    <testcase classname="FACTOR_LEVELS_datachk" name="Check_FACTOR_LEVELS_dataset" time="0.00199999999995271"/>
    <testcase classname="FACTOR_LEVELS_datachk" name="Check_FACTOR_LEVELS_dataset" time="0.00300000000004275"/>
    <testcase classname="FACTOR_LEVELS_datachk" name="Check_FACTOR_LEVELS_dataset" time="0.00199999999995271"/>
    <testcase classname="FACTOR_LEVELS_datachk" name="Check_FACTOR_LEVELS_dataset" time="0.00199999999995271"/>
    <testcase classname="FACTOR_LEVELS_datachk" name="Check_FACTOR_LEVELS_dataset" time="0.00200000000006639"/>
    <testcase classname="FACTOR_LEVELS_datachk" name="Check_FACTOR_LEVELS_dataset" time="0.00299999999992906"/>
    <testcase classname="FACTOR_LEVELS_datachk" name="Check_FACTOR_LEVELS_dataset" time="0.00200000000006639"/>
    <testcase classname="FACTOR_LEVELS_datachk" name="Check_FACTOR_LEVELS_dataset" time="0.524000000000001"/>
    <testcase classname="FACTOR_LEVELS_datachk" name="Check_FACTOR_LEVELS_dataset" time="0.00199999999995271"/>
    <testcase classname="FACTOR_LEVELS_datachk" name="Check_FACTOR_LEVELS_dataset" time="0.00200000000006639"/>
    <testcase classname="FACTOR_LEVELS_datachk" name="Check_FACTOR_LEVELS_dataset" time="0.00199999999995271"/>
    <testcase classname="FACTOR_LEVELS_datachk" name="Check_FACTOR_LEVELS_dataset" time="0.00200000000006639"/>
    <testcase classname="FACTOR_LEVELS_datachk" name="Check_FACTOR_LEVELS_dataset" time="0.00300000000004275"/>
    <testcase classname="FACTOR_LEVELS_datachk" name="Check_FACTOR_LEVELS_dataset" time="0.00199999999995271"/>
    <testcase classname="FACTOR_LEVELS_datachk" name="Check_FACTOR_LEVELS_dataset" time="0.270999999999958"/>
    <testcase classname="FACTOR_LEVELS_datachk" name="Check_FACTOR_LEVELS_dataset" time="0.00300000000004275"/>
    <testcase classname="FACTOR_LEVELS_datachk" name="Check_FACTOR_LEVELS_dataset" time="0.00199999999995271"/>
    <testcase classname="FACTOR_LEVELS_datachk" name="Check_FACTOR_LEVELS_dataset" time="0.00200000000006639"/>
    <testcase classname="FACTOR_LEVELS_datachk" name="Check_FACTOR_LEVELS_dataset" time="0.00299999999992906"/>
    <testcase classname="FACTOR_LEVELS_datachk" name="Check_FACTOR_LEVELS_dataset" time="0.00200000000006639"/>
    <testcase classname="FACTOR_LEVELS_datachk" name="Check_FACTOR_LEVELS_dataset" time="0.00299999999992906"/>
    <testcase classname="FACTOR_LEVELS_datachk" name="Check_FACTOR_LEVELS_dataset" time="0.00200000000006639"/>
    <testcase classname="FACTOR_LEVELS_datachk" name="Check_FACTOR_LEVELS_dataset" time="0.00299999999992906"/>
    <testcase classname="FACTOR_LEVELS_datachk" name="Check_FACTOR_LEVELS_dataset" time="0.525000000000091"/>
    <testcase classname="FACTOR_LEVELS_datachk" name="Check_FACTOR_LEVELS_dataset" time="0.00199999999995271"/>
    <testcase classname="FACTOR_LEVELS_datachk" name="Check_FACTOR_LEVELS_dataset" time="0.00300000000004275"/>
    <testcase classname="FACTOR_LEVELS_datachk" name="Check_FACTOR_LEVELS_dataset" time="0.00199999999995271"/>
    <testcase classname="FACTOR_LEVELS_datachk" name="Check_FACTOR_LEVELS_dataset" time="0.00300000000004275"/>
    <testcase classname="FACTOR_LEVELS_datachk" name="Check_FACTOR_LEVELS_dataset" time="0.00199999999995271"/>
    <testcase classname="FACTOR_LEVELS_datachk" name="Check_FACTOR_LEVELS_dataset" time="0.00300000000004275"/>
    <testcase classname="FACTOR_LEVELS_datachk" name="Check_FACTOR_LEVELS_dataset" time="0.260999999999967"/>
    <testcase classname="FACTOR_LEVELS_datachk" name="Check_FACTOR_LEVELS_dataset" time="0.00300000000004275"/>
    <testcase classname="FACTOR_LEVELS_datachk" name="Check_FACTOR_LEVELS_dataset" time="0.00199999999995271"/>
    <testcase classname="FACTOR_LEVELS_datachk" name="Check_FACTOR_LEVELS_dataset" time="0.00300000000004275"/>
    <testcase classname="FACTOR_LEVELS_datachk" name="Check_FACTOR_LEVELS_dataset" time="0.00299999999992906"/>
    <testcase classname="FACTOR_LEVELS_datachk" name="Check_FACTOR_LEVELS_dataset" time="0.00200000000006639"/>
    <testcase classname="FACTOR_LEVELS_datachk" name="Check_FACTOR_LEVELS_dataset" time="0.00299999999992906"/>
    <testcase classname="FACTOR_LEVELS_datachk" name="Check_FACTOR_LEVELS_dataset" time="0.00300000000004275"/>
    <testcase classname="FACTOR_LEVELS_datachk" name="Check_FACTOR_LEVELS_dataset" time="0.00300000000004275"/>
    <testcase classname="FACTOR_LEVELS_datachk" name="Check_FACTOR_LEVELS_dataset" time="0.524000000000001"/>
    <testcase classname="FACTOR_LEVELS_datachk" name="Check_FACTOR_LEVELS_dataset" time="0.00299999999992906"/>
    <testcase classname="FACTOR_LEVELS_datachk" name="Check_FACTOR_LEVELS_dataset" time="0.00300000000004275"/>
    <testcase classname="FACTOR_LEVELS_datachk" name="Check_FACTOR_LEVELS_dataset" time="0.00300000000004275"/>
    <testcase classname="FACTOR_LEVELS_datachk" name="Check_FACTOR_LEVELS_dataset" time="0.00299999999992906"/>
    <testcase classname="FACTOR_LEVELS_datachk" name="Check_FACTOR_LEVELS_dataset" time="0.00300000000004275"/>
    <testcase classname="FACTOR_LEVELS_datachk" name="Check_FACTOR_LEVELS_dataset" time="0.00299999999992906"/>
    <testcase classname="FACTOR_LEVELS_datachk" name="Check_FACTOR_LEVELS_dataset" time="0.272000000000048"/>
    <testcase classname="FACTOR_LEVELS_datachk" name="Check_FACTOR_LEVELS_dataset" time="0.00300000000004275"/>
    <testcase classname="FACTOR_LEVELS_datachk" name="Check_FACTOR_LEVELS_dataset" time="0.00299999999992906"/>
    <testcase classname="FACTOR_LEVELS_datachk" name="Check_FACTOR_LEVELS_dataset" time="0.00300000000004275"/>
    <testcase classname="FACTOR_LEVELS_datachk" name="Check_FACTOR_LEVELS_dataset" time="0.00299999999992906"/>
    <testcase classname="FACTOR_LEVELS_datachk" name="Check_FACTOR_LEVELS_dataset" time="0.00300000000004275"/>
    <testcase classname="FACTOR_LEVELS_datachk" name="Check_FACTOR_LEVELS_dataset" time="0.00200000000006639"/>
    <testcase classname="FACTOR_LEVELS_datachk" name="Check_FACTOR_LEVELS_dataset" time="0.00299999999992906"/>
    <testcase classname="FACTOR_LEVELS_datachk" name="Check_FACTOR_LEVELS_dataset" time="0.00300000000004275"/>
    <testcase classname="FACTOR_LEVELS_datachk" name="Check_FACTOR_LEVELS_dataset" time="0.520999999999958"/>
    <testcase classname="FACTOR_LEVELS_datachk" name="Check_FACTOR_LEVELS_dataset" time="0.00300000000004275"/>
    <testcase classname="FACTOR_LEVELS_datachk" name="Check_FACTOR_LEVELS_dataset" time="0.00299999999992906"/>
    <testcase classname="FACTOR_LEVELS_datachk" name="Check_FACTOR_LEVELS_dataset" time="0.00300000000004275"/>
    <testcase classname="FACTOR_LEVELS_datachk" name="Check_FACTOR_LEVELS_dataset" time="0.00300000000004275"/>
    <testcase classname="FACTOR_LEVELS_datachk" name="Check_FACTOR_LEVELS_dataset" time="0.00299999999992906"/>
    <testcase classname="FACTOR_LEVELS_datachk" name="Check_FACTOR_LEVELS_dataset" time="0.00300000000004275"/>
    <testcase classname="FACTOR_LEVELS_datachk" name="Check_FACTOR_LEVELS_dataset" time="0.260999999999967"/>
    <testcase classname="FACTOR_LEVELS_datachk" name="Check_FACTOR_LEVELS_dataset" time="0.00300000000004275"/>
    <testcase classname="FACTOR_LEVELS_datachk" name="Check_FACTOR_LEVELS_dataset" time="0.00300000000004275"/>
    <testcase classname="FACTOR_LEVELS_datachk" name="Check_FACTOR_LEVELS_dataset" time="0.00299999999992906"/>
    <testcase classname="FACTOR_LEVELS_datachk" name="Check_FACTOR_LEVELS_dataset" time="0.00300000000004275"/>
    <testcase classname="FACTOR_LEVELS_datachk" name="Check_FACTOR_LEVELS_dataset" time="0.00299999999992906"/>
    <testcase classname="FACTOR_LEVELS_datachk" name="Check_FACTOR_LEVELS_dataset" time="0.0040000000000191"/>
    <testcase classname="FACTOR_LEVELS_datachk" name="Check_FACTOR_LEVELS_dataset" time="0.00300000000004275"/>
    <testcase classname="FACTOR_LEVELS_datachk" name="Check_FACTOR_LEVELS_dataset" time="0.00300000000004275"/>
    <testcase classname="FACTOR_LEVELS_datachk" name="Check_FACTOR_LEVELS_dataset" time="0.522999999999911"/>
    <testcase classname="FACTOR_LEVELS_datachk" name="Check_FACTOR_LEVELS_dataset" time="0.00300000000004275"/>
    <testcase classname="FACTOR_LEVELS_datachk" name="Check_FACTOR_LEVELS_dataset" time="0.0040000000000191"/>
    <testcase classname="FACTOR_LEVELS_datachk" name="Check_FACTOR_LEVELS_dataset" time="0.00299999999992906"/>
    <testcase classname="FACTOR_LEVELS_datachk" name="Check_FACTOR_LEVELS_dataset" time="0.00300000000004275"/>
    <testcase classname="FACTOR_LEVELS_datachk" name="Check_FACTOR_LEVELS_dataset" time="0.0040000000000191"/>
    <testcase classname="FACTOR_LEVELS_datachk" name="Check_FACTOR_LEVELS_dataset" time="0.00300000000004275"/>
    <testcase classname="FACTOR_LEVELS_datachk" name="Check_FACTOR_LEVELS_dataset" time="0.265999999999963"/>
    <testcase classname="FACTOR_LEVELS_datachk" name="Check_FACTOR_LEVELS_dataset" time="0.0040000000000191"/>
    <testcase classname="FACTOR_LEVELS_datachk" name="Check_FACTOR_LEVELS_dataset" time="0.00299999999992906"/>
    <testcase classname="FACTOR_LEVELS_datachk" name="Check_FACTOR_LEVELS_dataset" time="0.00300000000004275"/>
    <testcase classname="FACTOR_LEVELS_datachk" name="Check_FACTOR_LEVELS_dataset" time="0.0040000000000191"/>
    <testcase classname="FACTOR_LEVELS_datachk" name="Check_FACTOR_LEVELS_dataset" time="0.00299999999992906"/>
    <testcase classname="FACTOR_LEVELS_datachk" name="Check_FACTOR_LEVELS_dataset" time="0.00300000000004275"/>
    <testcase classname="FACTOR_LEVELS_datachk" name="Check_FACTOR_LEVELS_dataset" time="0.00300000000004275"/>
    <testcase classname="FACTOR_LEVELS_datachk" name="Check_FACTOR_LEVELS_dataset" time="0.00399999999990541"/>
    <testcase classname="FACTOR_LEVELS_datachk" name="Check_FACTOR_LEVELS_dataset" time="0.527000000000044"/>
    <testcase classname="FACTOR_LEVELS_datachk" name="Check_FACTOR_LEVELS_dataset" time="0.0040000000000191"/>
    <testcase classname="FACTOR_LEVELS_datachk" name="Check_FACTOR_LEVELS_dataset" time="0.00300000000004275"/>
    <testcase classname="FACTOR_LEVELS_datachk" name="Check_FACTOR_LEVELS_dataset" time="0.00399999999990541"/>
    <testcase classname="FACTOR_LEVELS_datachk" name="Check_FACTOR_LEVELS_dataset" time="0.00300000000004275"/>
    <testcase classname="FACTOR_LEVELS_datachk" name="Check_FACTOR_LEVELS_dataset" time="0.0040000000000191"/>
    <testcase classname="FACTOR_LEVELS_datachk" name="Check_FACTOR_LEVELS_dataset" time="0.00299999999992906"/>
    <testcase classname="FACTOR_LEVELS_datachk" name="Check_FACTOR_LEVELS_dataset" time="0.26400000000001"/>
    <testcase classname="FACTOR_LEVELS_datachk" name="Check_FACTOR_LEVELS_dataset" time="0.0040000000000191"/>
    <testcase classname="FACTOR_LEVELS_datachk" name="Check_FACTOR_LEVELS_dataset" time="0.00300000000004275"/>
    <testcase classname="FACTOR_LEVELS_datachk" name="Check_FACTOR_LEVELS_dataset" time="0.0040000000000191"/>
    <testcase classname="FACTOR_LEVELS_datachk" name="Check_FACTOR_LEVELS_dataset" time="0.00399999999990541"/>
    <testcase classname="FACTOR_LEVELS_datachk" name="Check_FACTOR_LEVELS_dataset" time="0.0040000000000191"/>
    <testcase classname="FACTOR_LEVELS_datachk" name="Check_FACTOR_LEVELS_dataset" time="0.00300000000004275"/>
    <testcase classname="FACTOR_LEVELS_datachk" name="Check_FACTOR_LEVELS_dataset" time="0.0040000000000191"/>
    <testcase classname="FACTOR_LEVELS_datachk" name="Check_FACTOR_LEVELS_dataset" time="0.0040000000000191"/>
  </testsuite>
  <testsuite errors="0" failures="0" hostname="fv-az14" name="FACTOR_LEVELS::datachk::shutdown" skipped="0" tests="3" time="0.276" timestamp="2020-10-27T18:50:38Z">
    <testcase classname="FACTOR_LEVELS_datachk_shutdown" name="shutdown" time="0.274000000000001"/>
    <testcase classname="FACTOR_LEVELS_datachk_shutdown" name="shutdown" time="0.000999999999976353"/>
    <testcase classname="FACTOR_LEVELS_datachk_shutdown" name="shutdown" time="0.000999999999976353"/>
  </testsuite>
  <testsuite errors="0" failures="0" hostname="fv-az14" name="FACTOR_LEVELS::datachk::done" skipped="0" tests="0" time="0" timestamp="2020-10-27T18:50:39Z"/>
  <testsuite errors="0" failures="0" hostname="fv-az14" name="SURVIVAL_EXPAND_WITH_MISSING::datachk::setup" skipped="0" tests="3" time="4.973" timestamp="2020-10-27T18:50:39Z">
    <testcase classname="SURVIVAL_EXPAND_WITH_MISSING_datachk_setup" name="setup" time="4.971"/>
    <testcase classname="SURVIVAL_EXPAND_WITH_MISSING_datachk_setup" name="setup" time="0.000999999999976353"/>
    <testcase classname="SURVIVAL_EXPAND_WITH_MISSING_datachk_setup" name="setup" time="0.000999999999976353"/>
  </testsuite>
  <testsuite errors="0" failures="0" hostname="fv-az14" name="SURVIVAL_EXPAND_WITH_MISSING::datachk" skipped="0" tests="198" time="11.093" timestamp="2020-10-27T18:50:44Z">
    <testcase classname="SURVIVAL_EXPAND_WITH_MISSING_datachk" name="Check_SURVIVAL_EXPAND_WITH_MISSING_dataset" time="0.527000000000044"/>
    <testcase classname="SURVIVAL_EXPAND_WITH_MISSING_datachk" name="Check_SURVIVAL_EXPAND_WITH_MISSING_dataset" time="0.000999999999976353"/>
    <testcase classname="SURVIVAL_EXPAND_WITH_MISSING_datachk" name="Check_SURVIVAL_EXPAND_WITH_MISSING_dataset" time="0.000999999999976353"/>
    <testcase classname="SURVIVAL_EXPAND_WITH_MISSING_datachk" name="Check_SURVIVAL_EXPAND_WITH_MISSING_dataset" time="0.00100000000009004"/>
    <testcase classname="SURVIVAL_EXPAND_WITH_MISSING_datachk" name="Check_SURVIVAL_EXPAND_WITH_MISSING_dataset" time="0.000999999999976353"/>
    <testcase classname="SURVIVAL_EXPAND_WITH_MISSING_datachk" name="Check_SURVIVAL_EXPAND_WITH_MISSING_dataset" time="0.000999999999976353"/>
    <testcase classname="SURVIVAL_EXPAND_WITH_MISSING_datachk" name="Check_SURVIVAL_EXPAND_WITH_MISSING_dataset" time="0.000999999999976353"/>
    <testcase classname="SURVIVAL_EXPAND_WITH_MISSING_datachk" name="Check_SURVIVAL_EXPAND_WITH_MISSING_dataset" time="0.262000000000057"/>
    <testcase classname="SURVIVAL_EXPAND_WITH_MISSING_datachk" name="Check_SURVIVAL_EXPAND_WITH_MISSING_dataset" time="0.000999999999976353"/>
    <testcase classname="SURVIVAL_EXPAND_WITH_MISSING_datachk" name="Check_SURVIVAL_EXPAND_WITH_MISSING_dataset" time="0.00199999999995271"/>
    <testcase classname="SURVIVAL_EXPAND_WITH_MISSING_datachk" name="Check_SURVIVAL_EXPAND_WITH_MISSING_dataset" time="0.00100000000009004"/>
    <testcase classname="SURVIVAL_EXPAND_WITH_MISSING_datachk" name="Check_SURVIVAL_EXPAND_WITH_MISSING_dataset" time="0.000999999999976353"/>
    <testcase classname="SURVIVAL_EXPAND_WITH_MISSING_datachk" name="Check_SURVIVAL_EXPAND_WITH_MISSING_dataset" time="0.000999999999976353"/>
    <testcase classname="SURVIVAL_EXPAND_WITH_MISSING_datachk" name="Check_SURVIVAL_EXPAND_WITH_MISSING_dataset" time="0.00199999999995271"/>
    <testcase classname="SURVIVAL_EXPAND_WITH_MISSING_datachk" name="Check_SURVIVAL_EXPAND_WITH_MISSING_dataset" time="0.00100000000009004"/>
    <testcase classname="SURVIVAL_EXPAND_WITH_MISSING_datachk" name="Check_SURVIVAL_EXPAND_WITH_MISSING_dataset" time="1.19399999999996"/>
    <testcase classname="SURVIVAL_EXPAND_WITH_MISSING_datachk" name="Check_SURVIVAL_EXPAND_WITH_MISSING_dataset" time="0.000999999999976353"/>
    <testcase classname="SURVIVAL_EXPAND_WITH_MISSING_datachk" name="Check_SURVIVAL_EXPAND_WITH_MISSING_dataset" time="0.00200000000006639"/>
    <testcase classname="SURVIVAL_EXPAND_WITH_MISSING_datachk" name="Check_SURVIVAL_EXPAND_WITH_MISSING_dataset" time="0.000999999999976353"/>
    <testcase classname="SURVIVAL_EXPAND_WITH_MISSING_datachk" name="Check_SURVIVAL_EXPAND_WITH_MISSING_dataset" time="0.00199999999995271"/>
    <testcase classname="SURVIVAL_EXPAND_WITH_MISSING_datachk" name="Check_SURVIVAL_EXPAND_WITH_MISSING_dataset" time="0.000999999999976353"/>
    <testcase classname="SURVIVAL_EXPAND_WITH_MISSING_datachk" name="Check_SURVIVAL_EXPAND_WITH_MISSING_dataset" time="0.00100000000009004"/>
    <testcase classname="SURVIVAL_EXPAND_WITH_MISSING_datachk" name="Check_SURVIVAL_EXPAND_WITH_MISSING_dataset" time="0.521999999999935"/>
    <testcase classname="SURVIVAL_EXPAND_WITH_MISSING_datachk" name="Check_SURVIVAL_EXPAND_WITH_MISSING_dataset" time="0.000999999999976353"/>
    <testcase classname="SURVIVAL_EXPAND_WITH_MISSING_datachk" name="Check_SURVIVAL_EXPAND_WITH_MISSING_dataset" time="0.00200000000006639"/>
    <testcase classname="SURVIVAL_EXPAND_WITH_MISSING_datachk" name="Check_SURVIVAL_EXPAND_WITH_MISSING_dataset" time="0.000999999999976353"/>
    <testcase classname="SURVIVAL_EXPAND_WITH_MISSING_datachk" name="Check_SURVIVAL_EXPAND_WITH_MISSING_dataset" time="0.00199999999995271"/>
    <testcase classname="SURVIVAL_EXPAND_WITH_MISSING_datachk" name="Check_SURVIVAL_EXPAND_WITH_MISSING_dataset" time="0.00100000000009004"/>
    <testcase classname="SURVIVAL_EXPAND_WITH_MISSING_datachk" name="Check_SURVIVAL_EXPAND_WITH_MISSING_dataset" time="0.000999999999976353"/>
    <testcase classname="SURVIVAL_EXPAND_WITH_MISSING_datachk" name="Check_SURVIVAL_EXPAND_WITH_MISSING_dataset" time="0.261999999999944"/>
    <testcase classname="SURVIVAL_EXPAND_WITH_MISSING_datachk" name="Check_SURVIVAL_EXPAND_WITH_MISSING_dataset" time="0.00200000000006639"/>
    <testcase classname="SURVIVAL_EXPAND_WITH_MISSING_datachk" name="Check_SURVIVAL_EXPAND_WITH_MISSING_dataset" time="0.000999999999976353"/>
    <testcase classname="SURVIVAL_EXPAND_WITH_MISSING_datachk" name="Check_SURVIVAL_EXPAND_WITH_MISSING_dataset" time="0.00199999999995271"/>
    <testcase classname="SURVIVAL_EXPAND_WITH_MISSING_datachk" name="Check_SURVIVAL_EXPAND_WITH_MISSING_dataset" time="0.00100000000009004"/>
    <testcase classname="SURVIVAL_EXPAND_WITH_MISSING_datachk" name="Check_SURVIVAL_EXPAND_WITH_MISSING_dataset" time="0.00199999999995271"/>
    <testcase classname="SURVIVAL_EXPAND_WITH_MISSING_datachk" name="Check_SURVIVAL_EXPAND_WITH_MISSING_dataset" time="0.000999999999976353"/>
    <testcase classname="SURVIVAL_EXPAND_WITH_MISSING_datachk" name="Check_SURVIVAL_EXPAND_WITH_MISSING_dataset" time="0.00200000000006639"/>
    <testcase classname="SURVIVAL_EXPAND_WITH_MISSING_datachk" name="Check_SURVIVAL_EXPAND_WITH_MISSING_dataset" time="0.000999999999976353"/>
    <testcase classname="SURVIVAL_EXPAND_WITH_MISSING_datachk" name="Check_SURVIVAL_EXPAND_WITH_MISSING_dataset" time="0.520999999999958"/>
    <testcase classname="SURVIVAL_EXPAND_WITH_MISSING_datachk" name="Check_SURVIVAL_EXPAND_WITH_MISSING_dataset" time="0.00200000000006639"/>
    <testcase classname="SURVIVAL_EXPAND_WITH_MISSING_datachk" name="Check_SURVIVAL_EXPAND_WITH_MISSING_dataset" time="0.00199999999995271"/>
    <testcase classname="SURVIVAL_EXPAND_WITH_MISSING_datachk" name="Check_SURVIVAL_EXPAND_WITH_MISSING_dataset" time="0.000999999999976353"/>
    <testcase classname="SURVIVAL_EXPAND_WITH_MISSING_datachk" name="Check_SURVIVAL_EXPAND_WITH_MISSING_dataset" time="0.00200000000006639"/>
    <testcase classname="SURVIVAL_EXPAND_WITH_MISSING_datachk" name="Check_SURVIVAL_EXPAND_WITH_MISSING_dataset" time="0.00199999999995271"/>
    <testcase classname="SURVIVAL_EXPAND_WITH_MISSING_datachk" name="Check_SURVIVAL_EXPAND_WITH_MISSING_dataset" time="0.000999999999976353"/>
    <testcase classname="SURVIVAL_EXPAND_WITH_MISSING_datachk" name="Check_SURVIVAL_EXPAND_WITH_MISSING_dataset" time="0.26400000000001"/>
    <testcase classname="SURVIVAL_EXPAND_WITH_MISSING_datachk" name="Check_SURVIVAL_EXPAND_WITH_MISSING_dataset" time="0.00200000000006639"/>
    <testcase classname="SURVIVAL_EXPAND_WITH_MISSING_datachk" name="Check_SURVIVAL_EXPAND_WITH_MISSING_dataset" time="0.00199999999995271"/>
    <testcase classname="SURVIVAL_EXPAND_WITH_MISSING_datachk" name="Check_SURVIVAL_EXPAND_WITH_MISSING_dataset" time="0.000999999999976353"/>
    <testcase classname="SURVIVAL_EXPAND_WITH_MISSING_datachk" name="Check_SURVIVAL_EXPAND_WITH_MISSING_dataset" time="0.00200000000006639"/>
    <testcase classname="SURVIVAL_EXPAND_WITH_MISSING_datachk" name="Check_SURVIVAL_EXPAND_WITH_MISSING_dataset" time="0.00199999999995271"/>
    <testcase classname="SURVIVAL_EXPAND_WITH_MISSING_datachk" name="Check_SURVIVAL_EXPAND_WITH_MISSING_dataset" time="0.00200000000006639"/>
    <testcase classname="SURVIVAL_EXPAND_WITH_MISSING_datachk" name="Check_SURVIVAL_EXPAND_WITH_MISSING_dataset" time="0.00199999999995271"/>
    <testcase classname="SURVIVAL_EXPAND_WITH_MISSING_datachk" name="Check_SURVIVAL_EXPAND_WITH_MISSING_dataset" time="0.00199999999995271"/>
    <testcase classname="SURVIVAL_EXPAND_WITH_MISSING_datachk" name="Check_SURVIVAL_EXPAND_WITH_MISSING_dataset" time="0.524000000000001"/>
    <testcase classname="SURVIVAL_EXPAND_WITH_MISSING_datachk" name="Check_SURVIVAL_EXPAND_WITH_MISSING_dataset" time="0.00200000000006639"/>
    <testcase classname="SURVIVAL_EXPAND_WITH_MISSING_datachk" name="Check_SURVIVAL_EXPAND_WITH_MISSING_dataset" time="0.00199999999995271"/>
    <testcase classname="SURVIVAL_EXPAND_WITH_MISSING_datachk" name="Check_SURVIVAL_EXPAND_WITH_MISSING_dataset" time="0.00900000000001455"/>
    <testcase classname="SURVIVAL_EXPAND_WITH_MISSING_datachk" name="Check_SURVIVAL_EXPAND_WITH_MISSING_dataset" time="0.00199999999995271"/>
    <testcase classname="SURVIVAL_EXPAND_WITH_MISSING_datachk" name="Check_SURVIVAL_EXPAND_WITH_MISSING_dataset" time="0.00100000000009004"/>
    <testcase classname="SURVIVAL_EXPAND_WITH_MISSING_datachk" name="Check_SURVIVAL_EXPAND_WITH_MISSING_dataset" time="0.00199999999995271"/>
    <testcase classname="SURVIVAL_EXPAND_WITH_MISSING_datachk" name="Check_SURVIVAL_EXPAND_WITH_MISSING_dataset" time="0.260999999999967"/>
    <testcase classname="SURVIVAL_EXPAND_WITH_MISSING_datachk" name="Check_SURVIVAL_EXPAND_WITH_MISSING_dataset" time="0.00200000000006639"/>
    <testcase classname="SURVIVAL_EXPAND_WITH_MISSING_datachk" name="Check_SURVIVAL_EXPAND_WITH_MISSING_dataset" time="0.00199999999995271"/>
    <testcase classname="SURVIVAL_EXPAND_WITH_MISSING_datachk" name="Check_SURVIVAL_EXPAND_WITH_MISSING_dataset" time="0.00200000000006639"/>
    <testcase classname="SURVIVAL_EXPAND_WITH_MISSING_datachk" name="Check_SURVIVAL_EXPAND_WITH_MISSING_dataset" time="0.00199999999995271"/>
    <testcase classname="SURVIVAL_EXPAND_WITH_MISSING_datachk" name="Check_SURVIVAL_EXPAND_WITH_MISSING_dataset" time="0.00199999999995271"/>
    <testcase classname="SURVIVAL_EXPAND_WITH_MISSING_datachk" name="Check_SURVIVAL_EXPAND_WITH_MISSING_dataset" time="0.00200000000006639"/>
    <testcase classname="SURVIVAL_EXPAND_WITH_MISSING_datachk" name="Check_SURVIVAL_EXPAND_WITH_MISSING_dataset" time="0.00199999999995271"/>
    <testcase classname="SURVIVAL_EXPAND_WITH_MISSING_datachk" name="Check_SURVIVAL_EXPAND_WITH_MISSING_dataset" time="0.00200000000006639"/>
    <testcase classname="SURVIVAL_EXPAND_WITH_MISSING_datachk" name="Check_SURVIVAL_EXPAND_WITH_MISSING_dataset" time="0.524999999999977"/>
    <testcase classname="SURVIVAL_EXPAND_WITH_MISSING_datachk" name="Check_SURVIVAL_EXPAND_WITH_MISSING_dataset" time="0.00199999999995271"/>
    <testcase classname="SURVIVAL_EXPAND_WITH_MISSING_datachk" name="Check_SURVIVAL_EXPAND_WITH_MISSING_dataset" time="0.00200000000006639"/>
    <testcase classname="SURVIVAL_EXPAND_WITH_MISSING_datachk" name="Check_SURVIVAL_EXPAND_WITH_MISSING_dataset" time="0.00199999999995271"/>
    <testcase classname="SURVIVAL_EXPAND_WITH_MISSING_datachk" name="Check_SURVIVAL_EXPAND_WITH_MISSING_dataset" time="0.00200000000006639"/>
    <testcase classname="SURVIVAL_EXPAND_WITH_MISSING_datachk" name="Check_SURVIVAL_EXPAND_WITH_MISSING_dataset" time="0.00199999999995271"/>
    <testcase classname="SURVIVAL_EXPAND_WITH_MISSING_datachk" name="Check_SURVIVAL_EXPAND_WITH_MISSING_dataset" time="0.00200000000006639"/>
    <testcase classname="SURVIVAL_EXPAND_WITH_MISSING_datachk" name="Check_SURVIVAL_EXPAND_WITH_MISSING_dataset" time="0.264999999999986"/>
    <testcase classname="SURVIVAL_EXPAND_WITH_MISSING_datachk" name="Check_SURVIVAL_EXPAND_WITH_MISSING_dataset" time="0.00199999999995271"/>
    <testcase classname="SURVIVAL_EXPAND_WITH_MISSING_datachk" name="Check_SURVIVAL_EXPAND_WITH_MISSING_dataset" time="0.00300000000004275"/>
    <testcase classname="SURVIVAL_EXPAND_WITH_MISSING_datachk" name="Check_SURVIVAL_EXPAND_WITH_MISSING_dataset" time="0.00199999999995271"/>
    <testcase classname="SURVIVAL_EXPAND_WITH_MISSING_datachk" name="Check_SURVIVAL_EXPAND_WITH_MISSING_dataset" time="0.00200000000006639"/>
    <testcase classname="SURVIVAL_EXPAND_WITH_MISSING_datachk" name="Check_SURVIVAL_EXPAND_WITH_MISSING_dataset" time="0.00199999999995271"/>
    <testcase classname="SURVIVAL_EXPAND_WITH_MISSING_datachk" name="Check_SURVIVAL_EXPAND_WITH_MISSING_dataset" time="0.00300000000004275"/>
    <testcase classname="SURVIVAL_EXPAND_WITH_MISSING_datachk" name="Check_SURVIVAL_EXPAND_WITH_MISSING_dataset" time="0.00199999999995271"/>
    <testcase classname="SURVIVAL_EXPAND_WITH_MISSING_datachk" name="Check_SURVIVAL_EXPAND_WITH_MISSING_dataset" time="0.00199999999995271"/>
    <testcase classname="SURVIVAL_EXPAND_WITH_MISSING_datachk" name="Check_SURVIVAL_EXPAND_WITH_MISSING_dataset" time="0.525000000000091"/>
    <testcase classname="SURVIVAL_EXPAND_WITH_MISSING_datachk" name="Check_SURVIVAL_EXPAND_WITH_MISSING_dataset" time="0.00299999999992906"/>
    <testcase classname="SURVIVAL_EXPAND_WITH_MISSING_datachk" name="Check_SURVIVAL_EXPAND_WITH_MISSING_dataset" time="0.00200000000006639"/>
    <testcase classname="SURVIVAL_EXPAND_WITH_MISSING_datachk" name="Check_SURVIVAL_EXPAND_WITH_MISSING_dataset" time="0.00299999999992906"/>
    <testcase classname="SURVIVAL_EXPAND_WITH_MISSING_datachk" name="Check_SURVIVAL_EXPAND_WITH_MISSING_dataset" time="0.00200000000006639"/>
    <testcase classname="SURVIVAL_EXPAND_WITH_MISSING_datachk" name="Check_SURVIVAL_EXPAND_WITH_MISSING_dataset" time="0.00199999999995271"/>
    <testcase classname="SURVIVAL_EXPAND_WITH_MISSING_datachk" name="Check_SURVIVAL_EXPAND_WITH_MISSING_dataset" time="0.00300000000004275"/>
    <testcase classname="SURVIVAL_EXPAND_WITH_MISSING_datachk" name="Check_SURVIVAL_EXPAND_WITH_MISSING_dataset" time="0.268000000000029"/>
    <testcase classname="SURVIVAL_EXPAND_WITH_MISSING_datachk" name="Check_SURVIVAL_EXPAND_WITH_MISSING_dataset" time="0.00199999999995271"/>
    <testcase classname="SURVIVAL_EXPAND_WITH_MISSING_datachk" name="Check_SURVIVAL_EXPAND_WITH_MISSING_dataset" time="0.00300000000004275"/>
    <testcase classname="SURVIVAL_EXPAND_WITH_MISSING_datachk" name="Check_SURVIVAL_EXPAND_WITH_MISSING_dataset" time="0.00199999999995271"/>
    <testcase classname="SURVIVAL_EXPAND_WITH_MISSING_datachk" name="Check_SURVIVAL_EXPAND_WITH_MISSING_dataset" time="0.00300000000004275"/>
    <testcase classname="SURVIVAL_EXPAND_WITH_MISSING_datachk" name="Check_SURVIVAL_EXPAND_WITH_MISSING_dataset" time="0.00199999999995271"/>
    <testcase classname="SURVIVAL_EXPAND_WITH_MISSING_datachk" name="Check_SURVIVAL_EXPAND_WITH_MISSING_dataset" time="0.00199999999995271"/>
    <testcase classname="SURVIVAL_EXPAND_WITH_MISSING_datachk" name="Check_SURVIVAL_EXPAND_WITH_MISSING_dataset" time="0.00300000000004275"/>
    <testcase classname="SURVIVAL_EXPAND_WITH_MISSING_datachk" name="Check_SURVIVAL_EXPAND_WITH_MISSING_dataset" time="0.00199999999995271"/>
    <testcase classname="SURVIVAL_EXPAND_WITH_MISSING_datachk" name="Check_SURVIVAL_EXPAND_WITH_MISSING_dataset" time="0.517000000000053"/>
    <testcase classname="SURVIVAL_EXPAND_WITH_MISSING_datachk" name="Check_SURVIVAL_EXPAND_WITH_MISSING_dataset" time="0.00199999999995271"/>
    <testcase classname="SURVIVAL_EXPAND_WITH_MISSING_datachk" name="Check_SURVIVAL_EXPAND_WITH_MISSING_dataset" time="0.00300000000004275"/>
    <testcase classname="SURVIVAL_EXPAND_WITH_MISSING_datachk" name="Check_SURVIVAL_EXPAND_WITH_MISSING_dataset" time="0.00199999999995271"/>
    <testcase classname="SURVIVAL_EXPAND_WITH_MISSING_datachk" name="Check_SURVIVAL_EXPAND_WITH_MISSING_dataset" time="0.00300000000004275"/>
    <testcase classname="SURVIVAL_EXPAND_WITH_MISSING_datachk" name="Check_SURVIVAL_EXPAND_WITH_MISSING_dataset" time="0.00200000000006639"/>
    <testcase classname="SURVIVAL_EXPAND_WITH_MISSING_datachk" name="Check_SURVIVAL_EXPAND_WITH_MISSING_dataset" time="0.00299999999992906"/>
    <testcase classname="SURVIVAL_EXPAND_WITH_MISSING_datachk" name="Check_SURVIVAL_EXPAND_WITH_MISSING_dataset" time="0.262000000000057"/>
    <testcase classname="SURVIVAL_EXPAND_WITH_MISSING_datachk" name="Check_SURVIVAL_EXPAND_WITH_MISSING_dataset" time="0.00199999999995271"/>
    <testcase classname="SURVIVAL_EXPAND_WITH_MISSING_datachk" name="Check_SURVIVAL_EXPAND_WITH_MISSING_dataset" time="0.00300000000004275"/>
    <testcase classname="SURVIVAL_EXPAND_WITH_MISSING_datachk" name="Check_SURVIVAL_EXPAND_WITH_MISSING_dataset" time="0.00299999999992906"/>
    <testcase classname="SURVIVAL_EXPAND_WITH_MISSING_datachk" name="Check_SURVIVAL_EXPAND_WITH_MISSING_dataset" time="0.00200000000006639"/>
    <testcase classname="SURVIVAL_EXPAND_WITH_MISSING_datachk" name="Check_SURVIVAL_EXPAND_WITH_MISSING_dataset" time="0.00299999999992906"/>
    <testcase classname="SURVIVAL_EXPAND_WITH_MISSING_datachk" name="Check_SURVIVAL_EXPAND_WITH_MISSING_dataset" time="0.00300000000004275"/>
    <testcase classname="SURVIVAL_EXPAND_WITH_MISSING_datachk" name="Check_SURVIVAL_EXPAND_WITH_MISSING_dataset" time="0.00300000000004275"/>
    <testcase classname="SURVIVAL_EXPAND_WITH_MISSING_datachk" name="Check_SURVIVAL_EXPAND_WITH_MISSING_dataset" time="0.00199999999995271"/>
    <testcase classname="SURVIVAL_EXPAND_WITH_MISSING_datachk" name="Check_SURVIVAL_EXPAND_WITH_MISSING_dataset" time="0.524999999999977"/>
    <testcase classname="SURVIVAL_EXPAND_WITH_MISSING_datachk" name="Check_SURVIVAL_EXPAND_WITH_MISSING_dataset" time="0.00300000000004275"/>
    <testcase classname="SURVIVAL_EXPAND_WITH_MISSING_datachk" name="Check_SURVIVAL_EXPAND_WITH_MISSING_dataset" time="0.00299999999992906"/>
    <testcase classname="SURVIVAL_EXPAND_WITH_MISSING_datachk" name="Check_SURVIVAL_EXPAND_WITH_MISSING_dataset" time="0.00300000000004275"/>
    <testcase classname="SURVIVAL_EXPAND_WITH_MISSING_datachk" name="Check_SURVIVAL_EXPAND_WITH_MISSING_dataset" time="0.00300000000004275"/>
    <testcase classname="SURVIVAL_EXPAND_WITH_MISSING_datachk" name="Check_SURVIVAL_EXPAND_WITH_MISSING_dataset" time="0.00299999999992906"/>
    <testcase classname="SURVIVAL_EXPAND_WITH_MISSING_datachk" name="Check_SURVIVAL_EXPAND_WITH_MISSING_dataset" time="0.00300000000004275"/>
    <testcase classname="SURVIVAL_EXPAND_WITH_MISSING_datachk" name="Check_SURVIVAL_EXPAND_WITH_MISSING_dataset" time="0.269999999999982"/>
    <testcase classname="SURVIVAL_EXPAND_WITH_MISSING_datachk" name="Check_SURVIVAL_EXPAND_WITH_MISSING_dataset" time="0.00300000000004275"/>
    <testcase classname="SURVIVAL_EXPAND_WITH_MISSING_datachk" name="Check_SURVIVAL_EXPAND_WITH_MISSING_dataset" time="0.00299999999992906"/>
    <testcase classname="SURVIVAL_EXPAND_WITH_MISSING_datachk" name="Check_SURVIVAL_EXPAND_WITH_MISSING_dataset" time="0.00300000000004275"/>
    <testcase classname="SURVIVAL_EXPAND_WITH_MISSING_datachk" name="Check_SURVIVAL_EXPAND_WITH_MISSING_dataset" time="0.00300000000004275"/>
    <testcase classname="SURVIVAL_EXPAND_WITH_MISSING_datachk" name="Check_SURVIVAL_EXPAND_WITH_MISSING_dataset" time="0.00299999999992906"/>
    <testcase classname="SURVIVAL_EXPAND_WITH_MISSING_datachk" name="Check_SURVIVAL_EXPAND_WITH_MISSING_dataset" time="0.00300000000004275"/>
    <testcase classname="SURVIVAL_EXPAND_WITH_MISSING_datachk" name="Check_SURVIVAL_EXPAND_WITH_MISSING_dataset" time="0.00299999999992906"/>
    <testcase classname="SURVIVAL_EXPAND_WITH_MISSING_datachk" name="Check_SURVIVAL_EXPAND_WITH_MISSING_dataset" time="0.00300000000004275"/>
    <testcase classname="SURVIVAL_EXPAND_WITH_MISSING_datachk" name="Check_SURVIVAL_EXPAND_WITH_MISSING_dataset" time="0.520999999999958"/>
    <testcase classname="SURVIVAL_EXPAND_WITH_MISSING_datachk" name="Check_SURVIVAL_EXPAND_WITH_MISSING_dataset" time="0.00300000000004275"/>
    <testcase classname="SURVIVAL_EXPAND_WITH_MISSING_datachk" name="Check_SURVIVAL_EXPAND_WITH_MISSING_dataset" time="0.00300000000004275"/>
    <testcase classname="SURVIVAL_EXPAND_WITH_MISSING_datachk" name="Check_SURVIVAL_EXPAND_WITH_MISSING_dataset" time="0.00299999999992906"/>
    <testcase classname="SURVIVAL_EXPAND_WITH_MISSING_datachk" name="Check_SURVIVAL_EXPAND_WITH_MISSING_dataset" time="0.00300000000004275"/>
    <testcase classname="SURVIVAL_EXPAND_WITH_MISSING_datachk" name="Check_SURVIVAL_EXPAND_WITH_MISSING_dataset" time="0.00300000000004275"/>
    <testcase classname="SURVIVAL_EXPAND_WITH_MISSING_datachk" name="Check_SURVIVAL_EXPAND_WITH_MISSING_dataset" time="0.00299999999992906"/>
    <testcase classname="SURVIVAL_EXPAND_WITH_MISSING_datachk" name="Check_SURVIVAL_EXPAND_WITH_MISSING_dataset" time="0.262000000000057"/>
    <testcase classname="SURVIVAL_EXPAND_WITH_MISSING_datachk" name="Check_SURVIVAL_EXPAND_WITH_MISSING_dataset" time="0.00299999999992906"/>
    <testcase classname="SURVIVAL_EXPAND_WITH_MISSING_datachk" name="Check_SURVIVAL_EXPAND_WITH_MISSING_dataset" time="0.00300000000004275"/>
    <testcase classname="SURVIVAL_EXPAND_WITH_MISSING_datachk" name="Check_SURVIVAL_EXPAND_WITH_MISSING_dataset" time="0.00300000000004275"/>
    <testcase classname="SURVIVAL_EXPAND_WITH_MISSING_datachk" name="Check_SURVIVAL_EXPAND_WITH_MISSING_dataset" time="0.00299999999992906"/>
    <testcase classname="SURVIVAL_EXPAND_WITH_MISSING_datachk" name="Check_SURVIVAL_EXPAND_WITH_MISSING_dataset" time="0.00300000000004275"/>
    <testcase classname="SURVIVAL_EXPAND_WITH_MISSING_datachk" name="Check_SURVIVAL_EXPAND_WITH_MISSING_dataset" time="0.0040000000000191"/>
    <testcase classname="SURVIVAL_EXPAND_WITH_MISSING_datachk" name="Check_SURVIVAL_EXPAND_WITH_MISSING_dataset" time="0.00299999999992906"/>
    <testcase classname="SURVIVAL_EXPAND_WITH_MISSING_datachk" name="Check_SURVIVAL_EXPAND_WITH_MISSING_dataset" time="0.00300000000004275"/>
    <testcase classname="SURVIVAL_EXPAND_WITH_MISSING_datachk" name="Check_SURVIVAL_EXPAND_WITH_MISSING_dataset" time="0.524000000000001"/>
    <testcase classname="SURVIVAL_EXPAND_WITH_MISSING_datachk" name="Check_SURVIVAL_EXPAND_WITH_MISSING_dataset" time="0.00300000000004275"/>
    <testcase classname="SURVIVAL_EXPAND_WITH_MISSING_datachk" name="Check_SURVIVAL_EXPAND_WITH_MISSING_dataset" time="0.00399999999990541"/>
    <testcase classname="SURVIVAL_EXPAND_WITH_MISSING_datachk" name="Check_SURVIVAL_EXPAND_WITH_MISSING_dataset" time="0.00300000000004275"/>
    <testcase classname="SURVIVAL_EXPAND_WITH_MISSING_datachk" name="Check_SURVIVAL_EXPAND_WITH_MISSING_dataset" time="0.0040000000000191"/>
    <testcase classname="SURVIVAL_EXPAND_WITH_MISSING_datachk" name="Check_SURVIVAL_EXPAND_WITH_MISSING_dataset" time="0.00299999999992906"/>
    <testcase classname="SURVIVAL_EXPAND_WITH_MISSING_datachk" name="Check_SURVIVAL_EXPAND_WITH_MISSING_dataset" time="0.00300000000004275"/>
    <testcase classname="SURVIVAL_EXPAND_WITH_MISSING_datachk" name="Check_SURVIVAL_EXPAND_WITH_MISSING_dataset" time="0.269000000000005"/>
    <testcase classname="SURVIVAL_EXPAND_WITH_MISSING_datachk" name="Check_SURVIVAL_EXPAND_WITH_MISSING_dataset" time="0.00300000000004275"/>
    <testcase classname="SURVIVAL_EXPAND_WITH_MISSING_datachk" name="Check_SURVIVAL_EXPAND_WITH_MISSING_dataset" time="0.00399999999990541"/>
    <testcase classname="SURVIVAL_EXPAND_WITH_MISSING_datachk" name="Check_SURVIVAL_EXPAND_WITH_MISSING_dataset" time="0.00300000000004275"/>
    <testcase classname="SURVIVAL_EXPAND_WITH_MISSING_datachk" name="Check_SURVIVAL_EXPAND_WITH_MISSING_dataset" time="0.00300000000004275"/>
    <testcase classname="SURVIVAL_EXPAND_WITH_MISSING_datachk" name="Check_SURVIVAL_EXPAND_WITH_MISSING_dataset" time="0.0040000000000191"/>
    <testcase classname="SURVIVAL_EXPAND_WITH_MISSING_datachk" name="Check_SURVIVAL_EXPAND_WITH_MISSING_dataset" time="0.00299999999992906"/>
    <testcase classname="SURVIVAL_EXPAND_WITH_MISSING_datachk" name="Check_SURVIVAL_EXPAND_WITH_MISSING_dataset" time="0.00300000000004275"/>
    <testcase classname="SURVIVAL_EXPAND_WITH_MISSING_datachk" name="Check_SURVIVAL_EXPAND_WITH_MISSING_dataset" time="0.0040000000000191"/>
    <testcase classname="SURVIVAL_EXPAND_WITH_MISSING_datachk" name="Check_SURVIVAL_EXPAND_WITH_MISSING_dataset" time="0.521999999999935"/>
    <testcase classname="SURVIVAL_EXPAND_WITH_MISSING_datachk" name="Check_SURVIVAL_EXPAND_WITH_MISSING_dataset" time="0.0040000000000191"/>
    <testcase classname="SURVIVAL_EXPAND_WITH_MISSING_datachk" name="Check_SURVIVAL_EXPAND_WITH_MISSING_dataset" time="0.00300000000004275"/>
    <testcase classname="SURVIVAL_EXPAND_WITH_MISSING_datachk" name="Check_SURVIVAL_EXPAND_WITH_MISSING_dataset" time="0.00399999999990541"/>
    <testcase classname="SURVIVAL_EXPAND_WITH_MISSING_datachk" name="Check_SURVIVAL_EXPAND_WITH_MISSING_dataset" time="0.00300000000004275"/>
    <testcase classname="SURVIVAL_EXPAND_WITH_MISSING_datachk" name="Check_SURVIVAL_EXPAND_WITH_MISSING_dataset" time="0.0040000000000191"/>
    <testcase classname="SURVIVAL_EXPAND_WITH_MISSING_datachk" name="Check_SURVIVAL_EXPAND_WITH_MISSING_dataset" time="0.00300000000004275"/>
    <testcase classname="SURVIVAL_EXPAND_WITH_MISSING_datachk" name="Check_SURVIVAL_EXPAND_WITH_MISSING_dataset" time="0.264999999999986"/>
    <testcase classname="SURVIVAL_EXPAND_WITH_MISSING_datachk" name="Check_SURVIVAL_EXPAND_WITH_MISSING_dataset" time="0.0040000000000191"/>
    <testcase classname="SURVIVAL_EXPAND_WITH_MISSING_datachk" name="Check_SURVIVAL_EXPAND_WITH_MISSING_dataset" time="0.00299999999992906"/>
    <testcase classname="SURVIVAL_EXPAND_WITH_MISSING_datachk" name="Check_SURVIVAL_EXPAND_WITH_MISSING_dataset" time="0.0040000000000191"/>
    <testcase classname="SURVIVAL_EXPAND_WITH_MISSING_datachk" name="Check_SURVIVAL_EXPAND_WITH_MISSING_dataset" time="0.0040000000000191"/>
    <testcase classname="SURVIVAL_EXPAND_WITH_MISSING_datachk" name="Check_SURVIVAL_EXPAND_WITH_MISSING_dataset" time="0.00299999999992906"/>
    <testcase classname="SURVIVAL_EXPAND_WITH_MISSING_datachk" name="Check_SURVIVAL_EXPAND_WITH_MISSING_dataset" time="0.0040000000000191"/>
    <testcase classname="SURVIVAL_EXPAND_WITH_MISSING_datachk" name="Check_SURVIVAL_EXPAND_WITH_MISSING_dataset" time="0.0040000000000191"/>
    <testcase classname="SURVIVAL_EXPAND_WITH_MISSING_datachk" name="Check_SURVIVAL_EXPAND_WITH_MISSING_dataset" time="0.0040000000000191"/>
    <testcase classname="SURVIVAL_EXPAND_WITH_MISSING_datachk" name="Check_SURVIVAL_EXPAND_WITH_MISSING_dataset" time="0.533000000000015"/>
    <testcase classname="SURVIVAL_EXPAND_WITH_MISSING_datachk" name="Check_SURVIVAL_EXPAND_WITH_MISSING_dataset" time="0.0040000000000191"/>
    <testcase classname="SURVIVAL_EXPAND_WITH_MISSING_datachk" name="Check_SURVIVAL_EXPAND_WITH_MISSING_dataset" time="0.00299999999992906"/>
    <testcase classname="SURVIVAL_EXPAND_WITH_MISSING_datachk" name="Check_SURVIVAL_EXPAND_WITH_MISSING_dataset" time="0.0040000000000191"/>
    <testcase classname="SURVIVAL_EXPAND_WITH_MISSING_datachk" name="Check_SURVIVAL_EXPAND_WITH_MISSING_dataset" time="0.0040000000000191"/>
    <testcase classname="SURVIVAL_EXPAND_WITH_MISSING_datachk" name="Check_SURVIVAL_EXPAND_WITH_MISSING_dataset" time="0.00300000000004275"/>
    <testcase classname="SURVIVAL_EXPAND_WITH_MISSING_datachk" name="Check_SURVIVAL_EXPAND_WITH_MISSING_dataset" time="0.00399999999990541"/>
    <testcase classname="SURVIVAL_EXPAND_WITH_MISSING_datachk" name="Check_SURVIVAL_EXPAND_WITH_MISSING_dataset" time="0.266000000000076"/>
    <testcase classname="SURVIVAL_EXPAND_WITH_MISSING_datachk" name="Check_SURVIVAL_EXPAND_WITH_MISSING_dataset" time="0.0040000000000191"/>
    <testcase classname="SURVIVAL_EXPAND_WITH_MISSING_datachk" name="Check_SURVIVAL_EXPAND_WITH_MISSING_dataset" time="0.00399999999990541"/>
    <testcase classname="SURVIVAL_EXPAND_WITH_MISSING_datachk" name="Check_SURVIVAL_EXPAND_WITH_MISSING_dataset" time="0.00300000000004275"/>
    <testcase classname="SURVIVAL_EXPAND_WITH_MISSING_datachk" name="Check_SURVIVAL_EXPAND_WITH_MISSING_dataset" time="0.0040000000000191"/>
    <testcase classname="SURVIVAL_EXPAND_WITH_MISSING_datachk" name="Check_SURVIVAL_EXPAND_WITH_MISSING_dataset" time="0.0040000000000191"/>
    <testcase classname="SURVIVAL_EXPAND_WITH_MISSING_datachk" name="Check_SURVIVAL_EXPAND_WITH_MISSING_dataset" time="0.00399999999990541"/>
    <testcase classname="SURVIVAL_EXPAND_WITH_MISSING_datachk" name="Check_SURVIVAL_EXPAND_WITH_MISSING_dataset" time="0.0040000000000191"/>
    <testcase classname="SURVIVAL_EXPAND_WITH_MISSING_datachk" name="Check_SURVIVAL_EXPAND_WITH_MISSING_dataset" time="0.00300000000004275"/>
  </testsuite>
  <testsuite errors="0" failures="0" hostname="fv-az14" name="SURVIVAL_EXPAND_WITH_MISSING::datachk::shutdown" skipped="0" tests="3" time="0.276" timestamp="2020-10-27T18:50:55Z">
    <testcase classname="SURVIVAL_EXPAND_WITH_MISSING_datachk_shutdown" name="shutdown" time="0.274000000000001"/>
    <testcase classname="SURVIVAL_EXPAND_WITH_MISSING_datachk_shutdown" name="shutdown" time="0.000999999999976353"/>
    <testcase classname="SURVIVAL_EXPAND_WITH_MISSING_datachk_shutdown" name="shutdown" time="0.000999999999976353"/>
  </testsuite>
  <testsuite errors="0" failures="0" hostname="fv-az14" name="SURVIVAL_EXPAND_WITH_MISSING::datachk::done" skipped="0" tests="0" time="0" timestamp="2020-10-27T18:50:56Z"/>
  <testsuite errors="0" failures="0" hostname="fv-az14" name="TESTING::datachk::setup" skipped="0" tests="3" time="5.08" timestamp="2020-10-27T18:50:56Z">
    <testcase classname="TESTING_datachk_setup" name="setup" time="5.07800000000009"/>
    <testcase classname="TESTING_datachk_setup" name="setup" time="0.000999999999976353"/>
    <testcase classname="TESTING_datachk_setup" name="setup" time="0.000999999999976353"/>
  </testsuite>
  <testsuite errors="0" failures="0" hostname="fv-az14" name="TESTING::datachk" skipped="0" tests="310" time="17.206" timestamp="2020-10-27T18:51:00Z">
    <testcase classname="TESTING_datachk" name="Check_TESTING_dataset" time="0.528999999999996"/>
    <testcase classname="TESTING_datachk" name="Check_TESTING_dataset" time="0.000999999999976353"/>
    <testcase classname="TESTING_datachk" name="Check_TESTING_dataset" time="0.000999999999976353"/>
    <testcase classname="TESTING_datachk" name="Check_TESTING_dataset" time="0.00100000000009004"/>
    <testcase classname="TESTING_datachk" name="Check_TESTING_dataset" time="0.00199999999995271"/>
    <testcase classname="TESTING_datachk" name="Check_TESTING_dataset" time="0.000999999999976353"/>
    <testcase classname="TESTING_datachk" name="Check_TESTING_dataset" time="0.000999999999976353"/>
    <testcase classname="TESTING_datachk" name="Check_TESTING_dataset" time="0.268000000000029"/>
    <testcase classname="TESTING_datachk" name="Check_TESTING_dataset" time="0.00200000000006639"/>
    <testcase classname="TESTING_datachk" name="Check_TESTING_dataset" time="0.000999999999976353"/>
    <testcase classname="TESTING_datachk" name="Check_TESTING_dataset" time="0.000999999999976353"/>
    <testcase classname="TESTING_datachk" name="Check_TESTING_dataset" time="0.000999999999976353"/>
    <testcase classname="TESTING_datachk" name="Check_TESTING_dataset" time="0.00200000000006639"/>
    <testcase classname="TESTING_datachk" name="Check_TESTING_dataset" time="0.000999999999976353"/>
    <testcase classname="TESTING_datachk" name="Check_TESTING_dataset" time="0.000999999999976353"/>
    <testcase classname="TESTING_datachk" name="Check_TESTING_dataset" time="1.20299999999997"/>
    <testcase classname="TESTING_datachk" name="Check_TESTING_dataset" time="0.00200000000006639"/>
    <testcase classname="TESTING_datachk" name="Check_TESTING_dataset" time="0.000999999999976353"/>
    <testcase classname="TESTING_datachk" name="Check_TESTING_dataset" time="0.00199999999995271"/>
    <testcase classname="TESTING_datachk" name="Check_TESTING_dataset" time="0.00100000000009004"/>
    <testcase classname="TESTING_datachk" name="Check_TESTING_dataset" time="0.000999999999976353"/>
    <testcase classname="TESTING_datachk" name="Check_TESTING_dataset" time="0.00199999999995271"/>
    <testcase classname="TESTING_datachk" name="Check_TESTING_dataset" time="0.529999999999973"/>
    <testcase classname="TESTING_datachk" name="Check_TESTING_dataset" time="0.00100000000009004"/>
    <testcase classname="TESTING_datachk" name="Check_TESTING_dataset" time="0.00199999999995271"/>
    <testcase classname="TESTING_datachk" name="Check_TESTING_dataset" time="0.000999999999976353"/>
    <testcase classname="TESTING_datachk" name="Check_TESTING_dataset" time="0.000999999999976353"/>
    <testcase classname="TESTING_datachk" name="Check_TESTING_dataset" time="0.00200000000006639"/>
    <testcase classname="TESTING_datachk" name="Check_TESTING_dataset" time="0.000999999999976353"/>
    <testcase classname="TESTING_datachk" name="Check_TESTING_dataset" time="0.259999999999991"/>
    <testcase classname="TESTING_datachk" name="Check_TESTING_dataset" time="0.00200000000006639"/>
    <testcase classname="TESTING_datachk" name="Check_TESTING_dataset" time="0.000999999999976353"/>
    <testcase classname="TESTING_datachk" name="Check_TESTING_dataset" time="0.00199999999995271"/>
    <testcase classname="TESTING_datachk" name="Check_TESTING_dataset" time="0.000999999999976353"/>
    <testcase classname="TESTING_datachk" name="Check_TESTING_dataset" time="0.00200000000006639"/>
    <testcase classname="TESTING_datachk" name="Check_TESTING_dataset" time="0.000999999999976353"/>
    <testcase classname="TESTING_datachk" name="Check_TESTING_dataset" time="0.00199999999995271"/>
    <testcase classname="TESTING_datachk" name="Check_TESTING_dataset" time="0.00100000000009004"/>
    <testcase classname="TESTING_datachk" name="Check_TESTING_dataset" time="0.52699999999993"/>
    <testcase classname="TESTING_datachk" name="Check_TESTING_dataset" time="0.000999999999976353"/>
    <testcase classname="TESTING_datachk" name="Check_TESTING_dataset" time="0.00200000000006639"/>
    <testcase classname="TESTING_datachk" name="Check_TESTING_dataset" time="0.00199999999995271"/>
    <testcase classname="TESTING_datachk" name="Check_TESTING_dataset" time="0.00100000000009004"/>
    <testcase classname="TESTING_datachk" name="Check_TESTING_dataset" time="0.000999999999976353"/>
    <testcase classname="TESTING_datachk" name="Check_TESTING_dataset" time="0.00199999999995271"/>
    <testcase classname="TESTING_datachk" name="Check_TESTING_dataset" time="0.263000000000034"/>
    <testcase classname="TESTING_datachk" name="Check_TESTING_dataset" time="0.00199999999995271"/>
    <testcase classname="TESTING_datachk" name="Check_TESTING_dataset" time="0.00200000000006639"/>
    <testcase classname="TESTING_datachk" name="Check_TESTING_dataset" time="0.00199999999995271"/>
    <testcase classname="TESTING_datachk" name="Check_TESTING_dataset" time="0.00100000000009004"/>
    <testcase classname="TESTING_datachk" name="Check_TESTING_dataset" time="0.00199999999995271"/>
    <testcase classname="TESTING_datachk" name="Check_TESTING_dataset" time="0.00199999999995271"/>
    <testcase classname="TESTING_datachk" name="Check_TESTING_dataset" time="0.00200000000006639"/>
    <testcase classname="TESTING_datachk" name="Check_TESTING_dataset" time="0.00199999999995271"/>
    <testcase classname="TESTING_datachk" name="Check_TESTING_dataset" time="0.527000000000044"/>
    <testcase classname="TESTING_datachk" name="Check_TESTING_dataset" time="0.00199999999995271"/>
    <testcase classname="TESTING_datachk" name="Check_TESTING_dataset" time="0.00200000000006639"/>
    <testcase classname="TESTING_datachk" name="Check_TESTING_dataset" time="0.00199999999995271"/>
    <testcase classname="TESTING_datachk" name="Check_TESTING_dataset" time="0.00199999999995271"/>
    <testcase classname="TESTING_datachk" name="Check_TESTING_dataset" time="0.00100000000009004"/>
    <testcase classname="TESTING_datachk" name="Check_TESTING_dataset" time="0.00199999999995271"/>
    <testcase classname="TESTING_datachk" name="Check_TESTING_dataset" time="0.26400000000001"/>
    <testcase classname="TESTING_datachk" name="Check_TESTING_dataset" time="0.00199999999995271"/>
    <testcase classname="TESTING_datachk" name="Check_TESTING_dataset" time="0.00200000000006639"/>
    <testcase classname="TESTING_datachk" name="Check_TESTING_dataset" time="0.00199999999995271"/>
    <testcase classname="TESTING_datachk" name="Check_TESTING_dataset" time="0.00200000000006639"/>
    <testcase classname="TESTING_datachk" name="Check_TESTING_dataset" time="0.00199999999995271"/>
    <testcase classname="TESTING_datachk" name="Check_TESTING_dataset" time="0.00199999999995271"/>
    <testcase classname="TESTING_datachk" name="Check_TESTING_dataset" time="0.00200000000006639"/>
    <testcase classname="TESTING_datachk" name="Check_TESTING_dataset" time="0.00199999999995271"/>
    <testcase classname="TESTING_datachk" name="Check_TESTING_dataset" time="0.536000000000058"/>
    <testcase classname="TESTING_datachk" name="Check_TESTING_dataset" time="0.00299999999992906"/>
    <testcase classname="TESTING_datachk" name="Check_TESTING_dataset" time="0.00200000000006639"/>
    <testcase classname="TESTING_datachk" name="Check_TESTING_dataset" time="0.00199999999995271"/>
    <testcase classname="TESTING_datachk" name="Check_TESTING_dataset" time="0.00200000000006639"/>
    <testcase classname="TESTING_datachk" name="Check_TESTING_dataset" time="0.00199999999995271"/>
    <testcase classname="TESTING_datachk" name="Check_TESTING_dataset" time="0.00200000000006639"/>
    <testcase classname="TESTING_datachk" name="Check_TESTING_dataset" time="0.261999999999944"/>
    <testcase classname="TESTING_datachk" name="Check_TESTING_dataset" time="0.00300000000004275"/>
    <testcase classname="TESTING_datachk" name="Check_TESTING_dataset" time="0.00199999999995271"/>
    <testcase classname="TESTING_datachk" name="Check_TESTING_dataset" time="0.00199999999995271"/>
    <testcase classname="TESTING_datachk" name="Check_TESTING_dataset" time="0.00300000000004275"/>
    <testcase classname="TESTING_datachk" name="Check_TESTING_dataset" time="0.00200000000006639"/>
    <testcase classname="TESTING_datachk" name="Check_TESTING_dataset" time="0.00199999999995271"/>
    <testcase classname="TESTING_datachk" name="Check_TESTING_dataset" time="0.00300000000004275"/>
    <testcase classname="TESTING_datachk" name="Check_TESTING_dataset" time="0.00199999999995271"/>
    <testcase classname="TESTING_datachk" name="Check_TESTING_dataset" time="0.519999999999982"/>
    <testcase classname="TESTING_datachk" name="Check_TESTING_dataset" time="0.00200000000006639"/>
    <testcase classname="TESTING_datachk" name="Check_TESTING_dataset" time="0.00199999999995271"/>
    <testcase classname="TESTING_datachk" name="Check_TESTING_dataset" time="0.00300000000004275"/>
    <testcase classname="TESTING_datachk" name="Check_TESTING_dataset" time="0.00199999999995271"/>
    <testcase classname="TESTING_datachk" name="Check_TESTING_dataset" time="0.00300000000004275"/>
    <testcase classname="TESTING_datachk" name="Check_TESTING_dataset" time="0.00199999999995271"/>
    <testcase classname="TESTING_datachk" name="Check_TESTING_dataset" time="0.267000000000053"/>
    <testcase classname="TESTING_datachk" name="Check_TESTING_dataset" time="0.00199999999995271"/>
    <testcase classname="TESTING_datachk" name="Check_TESTING_dataset" time="0.00300000000004275"/>
    <testcase classname="TESTING_datachk" name="Check_TESTING_dataset" time="0.00199999999995271"/>
    <testcase classname="TESTING_datachk" name="Check_TESTING_dataset" time="0.00300000000004275"/>
    <testcase classname="TESTING_datachk" name="Check_TESTING_dataset" time="0.00199999999995271"/>
    <testcase classname="TESTING_datachk" name="Check_TESTING_dataset" time="0.00300000000004275"/>
    <testcase classname="TESTING_datachk" name="Check_TESTING_dataset" time="0.00199999999995271"/>
    <testcase classname="TESTING_datachk" name="Check_TESTING_dataset" time="0.00200000000006639"/>
    <testcase classname="TESTING_datachk" name="Check_TESTING_dataset" time="0.533999999999992"/>
    <testcase classname="TESTING_datachk" name="Check_TESTING_dataset" time="0.00199999999995271"/>
    <testcase classname="TESTING_datachk" name="Check_TESTING_dataset" time="0.00300000000004275"/>
    <testcase classname="TESTING_datachk" name="Check_TESTING_dataset" time="0.00199999999995271"/>
    <testcase classname="TESTING_datachk" name="Check_TESTING_dataset" time="0.00300000000004275"/>
    <testcase classname="TESTING_datachk" name="Check_TESTING_dataset" time="0.00199999999995271"/>
    <testcase classname="TESTING_datachk" name="Check_TESTING_dataset" time="0.00300000000004275"/>
    <testcase classname="TESTING_datachk" name="Check_TESTING_dataset" time="0.272000000000048"/>
    <testcase classname="TESTING_datachk" name="Check_TESTING_dataset" time="0.00299999999992906"/>
    <testcase classname="TESTING_datachk" name="Check_TESTING_dataset" time="0.00200000000006639"/>
    <testcase classname="TESTING_datachk" name="Check_TESTING_dataset" time="0.00299999999992906"/>
    <testcase classname="TESTING_datachk" name="Check_TESTING_dataset" time="0.00300000000004275"/>
    <testcase classname="TESTING_datachk" name="Check_TESTING_dataset" time="0.00199999999995271"/>
    <testcase classname="TESTING_datachk" name="Check_TESTING_dataset" time="0.00300000000004275"/>
    <testcase classname="TESTING_datachk" name="Check_TESTING_dataset" time="0.00299999999992906"/>
    <testcase classname="TESTING_datachk" name="Check_TESTING_dataset" time="0.00300000000004275"/>
    <testcase classname="TESTING_datachk" name="Check_TESTING_dataset" time="0.520999999999958"/>
    <testcase classname="TESTING_datachk" name="Check_TESTING_dataset" time="0.00300000000004275"/>
    <testcase classname="TESTING_datachk" name="Check_TESTING_dataset" time="0.00300000000004275"/>
    <testcase classname="TESTING_datachk" name="Check_TESTING_dataset" time="0.00299999999992906"/>
    <testcase classname="TESTING_datachk" name="Check_TESTING_dataset" time="0.00300000000004275"/>
    <testcase classname="TESTING_datachk" name="Check_TESTING_dataset" time="0.00300000000004275"/>
    <testcase classname="TESTING_datachk" name="Check_TESTING_dataset" time="0.00299999999992906"/>
    <testcase classname="TESTING_datachk" name="Check_TESTING_dataset" time="0.269000000000005"/>
    <testcase classname="TESTING_datachk" name="Check_TESTING_dataset" time="0.00300000000004275"/>
    <testcase classname="TESTING_datachk" name="Check_TESTING_dataset" time="0.00299999999992906"/>
    <testcase classname="TESTING_datachk" name="Check_TESTING_dataset" time="0.00200000000006639"/>
    <testcase classname="TESTING_datachk" name="Check_TESTING_dataset" time="0.00299999999992906"/>
    <testcase classname="TESTING_datachk" name="Check_TESTING_dataset" time="0.00300000000004275"/>
    <testcase classname="TESTING_datachk" name="Check_TESTING_dataset" time="0.00300000000004275"/>
    <testcase classname="TESTING_datachk" name="Check_TESTING_dataset" time="0.00299999999992906"/>
    <testcase classname="TESTING_datachk" name="Check_TESTING_dataset" time="0.00300000000004275"/>
    <testcase classname="TESTING_datachk" name="Check_TESTING_dataset" time="0.519999999999982"/>
    <testcase classname="TESTING_datachk" name="Check_TESTING_dataset" time="0.00300000000004275"/>
    <testcase classname="TESTING_datachk" name="Check_TESTING_dataset" time="0.00299999999992906"/>
    <testcase classname="TESTING_datachk" name="Check_TESTING_dataset" time="0.00300000000004275"/>
    <testcase classname="TESTING_datachk" name="Check_TESTING_dataset" time="0.00300000000004275"/>
    <testcase classname="TESTING_datachk" name="Check_TESTING_dataset" time="0.00299999999992906"/>
    <testcase classname="TESTING_datachk" name="Check_TESTING_dataset" time="0.00300000000004275"/>
    <testcase classname="TESTING_datachk" name="Check_TESTING_dataset" time="0.263000000000034"/>
    <testcase classname="TESTING_datachk" name="Check_TESTING_dataset" time="0.00299999999992906"/>
    <testcase classname="TESTING_datachk" name="Check_TESTING_dataset" time="0.00300000000004275"/>
    <testcase classname="TESTING_datachk" name="Check_TESTING_dataset" time="0.0040000000000191"/>
    <testcase classname="TESTING_datachk" name="Check_TESTING_dataset" time="0.00299999999992906"/>
    <testcase classname="TESTING_datachk" name="Check_TESTING_dataset" time="0.00300000000004275"/>
    <testcase classname="TESTING_datachk" name="Check_TESTING_dataset" time="0.00299999999992906"/>
    <testcase classname="TESTING_datachk" name="Check_TESTING_dataset" time="0.0040000000000191"/>
    <testcase classname="TESTING_datachk" name="Check_TESTING_dataset" time="0.00300000000004275"/>
    <testcase classname="TESTING_datachk" name="Check_TESTING_dataset" time="0.530999999999949"/>
    <testcase classname="TESTING_datachk" name="Check_TESTING_dataset" time="0.0040000000000191"/>
    <testcase classname="TESTING_datachk" name="Check_TESTING_dataset" time="0.00300000000004275"/>
    <testcase classname="TESTING_datachk" name="Check_TESTING_dataset" time="0.00299999999992906"/>
    <testcase classname="TESTING_datachk" name="Check_TESTING_dataset" time="0.0040000000000191"/>
    <testcase classname="TESTING_datachk" name="Check_TESTING_dataset" time="0.00300000000004275"/>
    <testcase classname="TESTING_datachk" name="Check_TESTING_dataset" time="0.00300000000004275"/>
    <testcase classname="TESTING_datachk" name="Check_TESTING_dataset" time="0.271999999999935"/>
    <testcase classname="TESTING_datachk" name="Check_TESTING_dataset" time="0.00300000000004275"/>
    <testcase classname="TESTING_datachk" name="Check_TESTING_dataset" time="0.0040000000000191"/>
    <testcase classname="TESTING_datachk" name="Check_TESTING_dataset" time="0.00299999999992906"/>
    <testcase classname="TESTING_datachk" name="Check_TESTING_dataset" time="0.00300000000004275"/>
    <testcase classname="TESTING_datachk" name="Check_TESTING_dataset" time="0.0040000000000191"/>
    <testcase classname="TESTING_datachk" name="Check_TESTING_dataset" time="0.00299999999992906"/>
    <testcase classname="TESTING_datachk" name="Check_TESTING_dataset" time="0.00300000000004275"/>
    <testcase classname="TESTING_datachk" name="Check_TESTING_dataset" time="0.0040000000000191"/>
    <testcase classname="TESTING_datachk" name="Check_TESTING_dataset" time="0.524000000000001"/>
    <testcase classname="TESTING_datachk" name="Check_TESTING_dataset" time="0.00299999999992906"/>
    <testcase classname="TESTING_datachk" name="Check_TESTING_dataset" time="0.0040000000000191"/>
    <testcase classname="TESTING_datachk" name="Check_TESTING_dataset" time="0.00300000000004275"/>
    <testcase classname="TESTING_datachk" name="Check_TESTING_dataset" time="0.0040000000000191"/>
    <testcase classname="TESTING_datachk" name="Check_TESTING_dataset" time="0.00299999999992906"/>
    <testcase classname="TESTING_datachk" name="Check_TESTING_dataset" time="0.0040000000000191"/>
    <testcase classname="TESTING_datachk" name="Check_TESTING_dataset" time="0.263000000000034"/>
    <testcase classname="TESTING_datachk" name="Check_TESTING_dataset" time="0.00299999999992906"/>
    <testcase classname="TESTING_datachk" name="Check_TESTING_dataset" time="0.0040000000000191"/>
    <testcase classname="TESTING_datachk" name="Check_TESTING_dataset" time="0.0040000000000191"/>
    <testcase classname="TESTING_datachk" name="Check_TESTING_dataset" time="0.0040000000000191"/>
    <testcase classname="TESTING_datachk" name="Check_TESTING_dataset" time="0.0040000000000191"/>
    <testcase classname="TESTING_datachk" name="Check_TESTING_dataset" time="0.00299999999992906"/>
    <testcase classname="TESTING_datachk" name="Check_TESTING_dataset" time="0.0040000000000191"/>
    <testcase classname="TESTING_datachk" name="Check_TESTING_dataset" time="0.0040000000000191"/>
    <testcase classname="TESTING_datachk" name="Check_TESTING_dataset" time="0.543999999999983"/>
    <testcase classname="TESTING_datachk" name="Check_TESTING_dataset" time="0.0040000000000191"/>
    <testcase classname="TESTING_datachk" name="Check_TESTING_dataset" time="0.00300000000004275"/>
    <testcase classname="TESTING_datachk" name="Check_TESTING_dataset" time="0.00399999999990541"/>
    <testcase classname="TESTING_datachk" name="Check_TESTING_dataset" time="0.0040000000000191"/>
    <testcase classname="TESTING_datachk" name="Check_TESTING_dataset" time="0.00300000000004275"/>
    <testcase classname="TESTING_datachk" name="Check_TESTING_dataset" time="0.0040000000000191"/>
    <testcase classname="TESTING_datachk" name="Check_TESTING_dataset" time="0.266999999999939"/>
    <testcase classname="TESTING_datachk" name="Check_TESTING_dataset" time="0.0040000000000191"/>
    <testcase classname="TESTING_datachk" name="Check_TESTING_dataset" time="0.0040000000000191"/>
    <testcase classname="TESTING_datachk" name="Check_TESTING_dataset" time="0.0040000000000191"/>
    <testcase classname="TESTING_datachk" name="Check_TESTING_dataset" time="0.0040000000000191"/>
    <testcase classname="TESTING_datachk" name="Check_TESTING_dataset" time="0.00299999999992906"/>
    <testcase classname="TESTING_datachk" name="Check_TESTING_dataset" time="0.0040000000000191"/>
    <testcase classname="TESTING_datachk" name="Check_TESTING_dataset" time="0.0040000000000191"/>
    <testcase classname="TESTING_datachk" name="Check_TESTING_dataset" time="0.0040000000000191"/>
    <testcase classname="TESTING_datachk" name="Check_TESTING_dataset" time="0.523000000000025"/>
    <testcase classname="TESTING_datachk" name="Check_TESTING_dataset" time="0.00399999999990541"/>
    <testcase classname="TESTING_datachk" name="Check_TESTING_dataset" time="0.0040000000000191"/>
    <testcase classname="TESTING_datachk" name="Check_TESTING_dataset" time="0.0040000000000191"/>
    <testcase classname="TESTING_datachk" name="Check_TESTING_dataset" time="0.00499999999999545"/>
    <testcase classname="TESTING_datachk" name="Check_TESTING_dataset" time="0.0040000000000191"/>
    <testcase classname="TESTING_datachk" name="Check_TESTING_dataset" time="0.0040000000000191"/>
    <testcase classname="TESTING_datachk" name="Check_TESTING_dataset" time="0.26400000000001"/>
    <testcase classname="TESTING_datachk" name="Check_TESTING_dataset" time="0.00399999999990541"/>
    <testcase classname="TESTING_datachk" name="Check_TESTING_dataset" time="0.0040000000000191"/>
    <testcase classname="TESTING_datachk" name="Check_TESTING_dataset" time="0.00499999999999545"/>
    <testcase classname="TESTING_datachk" name="Check_TESTING_dataset" time="0.0040000000000191"/>
    <testcase classname="TESTING_datachk" name="Check_TESTING_dataset" time="0.0040000000000191"/>
    <testcase classname="TESTING_datachk" name="Check_TESTING_dataset" time="0.0109999999999673"/>
    <testcase classname="TESTING_datachk" name="Check_TESTING_dataset" time="0.0040000000000191"/>
    <testcase classname="TESTING_datachk" name="Check_TESTING_dataset" time="0.0040000000000191"/>
    <testcase classname="TESTING_datachk" name="Check_TESTING_dataset" time="0.522000000000048"/>
    <testcase classname="TESTING_datachk" name="Check_TESTING_dataset" time="0.00399999999990541"/>
    <testcase classname="TESTING_datachk" name="Check_TESTING_dataset" time="0.0040000000000191"/>
    <testcase classname="TESTING_datachk" name="Check_TESTING_dataset" time="0.0040000000000191"/>
    <testcase classname="TESTING_datachk" name="Check_TESTING_dataset" time="0.0040000000000191"/>
    <testcase classname="TESTING_datachk" name="Check_TESTING_dataset" time="0.0040000000000191"/>
    <testcase classname="TESTING_datachk" name="Check_TESTING_dataset" time="0.0040000000000191"/>
    <testcase classname="TESTING_datachk" name="Check_TESTING_dataset" time="0.26299999999992"/>
    <testcase classname="TESTING_datachk" name="Check_TESTING_dataset" time="0.0040000000000191"/>
    <testcase classname="TESTING_datachk" name="Check_TESTING_dataset" time="0.00499999999999545"/>
    <testcase classname="TESTING_datachk" name="Check_TESTING_dataset" time="0.0040000000000191"/>
    <testcase classname="TESTING_datachk" name="Check_TESTING_dataset" time="0.0040000000000191"/>
    <testcase classname="TESTING_datachk" name="Check_TESTING_dataset" time="0.00499999999999545"/>
    <testcase classname="TESTING_datachk" name="Check_TESTING_dataset" time="0.0040000000000191"/>
    <testcase classname="TESTING_datachk" name="Check_TESTING_dataset" time="0.00499999999999545"/>
    <testcase classname="TESTING_datachk" name="Check_TESTING_dataset" time="0.0040000000000191"/>
    <testcase classname="TESTING_datachk" name="Check_TESTING_dataset" time="0.529999999999973"/>
    <testcase classname="TESTING_datachk" name="Check_TESTING_dataset" time="0.0040000000000191"/>
    <testcase classname="TESTING_datachk" name="Check_TESTING_dataset" time="0.0040000000000191"/>
    <testcase classname="TESTING_datachk" name="Check_TESTING_dataset" time="0.00499999999999545"/>
    <testcase classname="TESTING_datachk" name="Check_TESTING_dataset" time="0.0040000000000191"/>
    <testcase classname="TESTING_datachk" name="Check_TESTING_dataset" time="0.0119999999999436"/>
    <testcase classname="TESTING_datachk" name="Check_TESTING_dataset" time="0.0040000000000191"/>
    <testcase classname="TESTING_datachk" name="Check_TESTING_dataset" time="0.270999999999958"/>
    <testcase classname="TESTING_datachk" name="Check_TESTING_dataset" time="0.00499999999999545"/>
    <testcase classname="TESTING_datachk" name="Check_TESTING_dataset" time="0.0040000000000191"/>
    <testcase classname="TESTING_datachk" name="Check_TESTING_dataset" time="0.0040000000000191"/>
    <testcase classname="TESTING_datachk" name="Check_TESTING_dataset" time="0.0040000000000191"/>
    <testcase classname="TESTING_datachk" name="Check_TESTING_dataset" time="0.00499999999999545"/>
    <testcase classname="TESTING_datachk" name="Check_TESTING_dataset" time="0.0040000000000191"/>
    <testcase classname="TESTING_datachk" name="Check_TESTING_dataset" time="0.00499999999999545"/>
    <testcase classname="TESTING_datachk" name="Check_TESTING_dataset" time="0.0040000000000191"/>
    <testcase classname="TESTING_datachk" name="Check_TESTING_dataset" time="0.525999999999954"/>
    <testcase classname="TESTING_datachk" name="Check_TESTING_dataset" time="0.00499999999999545"/>
    <testcase classname="TESTING_datachk" name="Check_TESTING_dataset" time="0.00499999999999545"/>
    <testcase classname="TESTING_datachk" name="Check_TESTING_dataset" time="0.0040000000000191"/>
    <testcase classname="TESTING_datachk" name="Check_TESTING_dataset" time="0.00499999999999545"/>
    <testcase classname="TESTING_datachk" name="Check_TESTING_dataset" time="0.00499999999999545"/>
    <testcase classname="TESTING_datachk" name="Check_TESTING_dataset" time="0.00499999999999545"/>
    <testcase classname="TESTING_datachk" name="Check_TESTING_dataset" time="0.268000000000029"/>
    <testcase classname="TESTING_datachk" name="Check_TESTING_dataset" time="0.00499999999999545"/>
    <testcase classname="TESTING_datachk" name="Check_TESTING_dataset" time="0.00499999999999545"/>
    <testcase classname="TESTING_datachk" name="Check_TESTING_dataset" time="0.00499999999999545"/>
    <testcase classname="TESTING_datachk" name="Check_TESTING_dataset" time="0.00499999999999545"/>
    <testcase classname="TESTING_datachk" name="Check_TESTING_dataset" time="0.00499999999999545"/>
    <testcase classname="TESTING_datachk" name="Check_TESTING_dataset" time="0.0040000000000191"/>
    <testcase classname="TESTING_datachk" name="Check_TESTING_dataset" time="0.0120000000000573"/>
    <testcase classname="TESTING_datachk" name="Check_TESTING_dataset" time="0.00499999999999545"/>
    <testcase classname="TESTING_datachk" name="Check_TESTING_dataset" time="0.522999999999911"/>
    <testcase classname="TESTING_datachk" name="Check_TESTING_dataset" time="0.00499999999999545"/>
    <testcase classname="TESTING_datachk" name="Check_TESTING_dataset" time="0.00500000000010914"/>
    <testcase classname="TESTING_datachk" name="Check_TESTING_dataset" time="0.00499999999999545"/>
    <testcase classname="TESTING_datachk" name="Check_TESTING_dataset" time="0.00499999999999545"/>
    <testcase classname="TESTING_datachk" name="Check_TESTING_dataset" time="0.00499999999999545"/>
    <testcase classname="TESTING_datachk" name="Check_TESTING_dataset" time="0.00399999999990541"/>
    <testcase classname="TESTING_datachk" name="Check_TESTING_dataset" time="0.2650000000001"/>
    <testcase classname="TESTING_datachk" name="Check_TESTING_dataset" time="0.00499999999999545"/>
    <testcase classname="TESTING_datachk" name="Check_TESTING_dataset" time="0.00499999999999545"/>
    <testcase classname="TESTING_datachk" name="Check_TESTING_dataset" time="0.00499999999999545"/>
    <testcase classname="TESTING_datachk" name="Check_TESTING_dataset" time="0.00499999999999545"/>
    <testcase classname="TESTING_datachk" name="Check_TESTING_dataset" time="0.00599999999997181"/>
    <testcase classname="TESTING_datachk" name="Check_TESTING_dataset" time="0.00499999999999545"/>
    <testcase classname="TESTING_datachk" name="Check_TESTING_dataset" time="0.00499999999999545"/>
    <testcase classname="TESTING_datachk" name="Check_TESTING_dataset" time="0.00499999999999545"/>
    <testcase classname="TESTING_datachk" name="Check_TESTING_dataset" time="0.523000000000025"/>
    <testcase classname="TESTING_datachk" name="Check_TESTING_dataset" time="0.00599999999997181"/>
    <testcase classname="TESTING_datachk" name="Check_TESTING_dataset" time="0.0120000000000573"/>
    <testcase classname="TESTING_datachk" name="Check_TESTING_dataset" time="0.00499999999999545"/>
    <testcase classname="TESTING_datachk" name="Check_TESTING_dataset" time="0.00499999999999545"/>
    <testcase classname="TESTING_datachk" name="Check_TESTING_dataset" time="0.00499999999999545"/>
    <testcase classname="TESTING_datachk" name="Check_TESTING_dataset" time="0.00499999999999545"/>
    <testcase classname="TESTING_datachk" name="Check_TESTING_dataset" time="0.269999999999982"/>
    <testcase classname="TESTING_datachk" name="Check_TESTING_dataset" time="0.00499999999999545"/>
    <testcase classname="TESTING_datachk" name="Check_TESTING_dataset" time="0.00499999999999545"/>
    <testcase classname="TESTING_datachk" name="Check_TESTING_dataset" time="0.00499999999999545"/>
    <testcase classname="TESTING_datachk" name="Check_TESTING_dataset" time="0.00499999999999545"/>
    <testcase classname="TESTING_datachk" name="Check_TESTING_dataset" time="0.00499999999999545"/>
    <testcase classname="TESTING_datachk" name="Check_TESTING_dataset" time="0.00499999999999545"/>
    <testcase classname="TESTING_datachk" name="Check_TESTING_dataset" time="0.00499999999999545"/>
    <testcase classname="TESTING_datachk" name="Check_TESTING_dataset" time="0.00499999999999545"/>
    <testcase classname="TESTING_datachk" name="Check_TESTING_dataset" time="0.522000000000048"/>
    <testcase classname="TESTING_datachk" name="Check_TESTING_dataset" time="0.00599999999997181"/>
    <testcase classname="TESTING_datachk" name="Check_TESTING_dataset" time="0.00600000000008549"/>
    <testcase classname="TESTING_datachk" name="Check_TESTING_dataset" time="0.00499999999999545"/>
    <testcase classname="TESTING_datachk" name="Check_TESTING_dataset" time="0.00599999999997181"/>
    <testcase classname="TESTING_datachk" name="Check_TESTING_dataset" time="0.00499999999999545"/>
    <testcase classname="TESTING_datachk" name="Check_TESTING_dataset" time="0.00599999999997181"/>
    <testcase classname="TESTING_datachk" name="Check_TESTING_dataset" time="0.267000000000053"/>
    <testcase classname="TESTING_datachk" name="Check_TESTING_dataset" time="0.0119999999999436"/>
    <testcase classname="TESTING_datachk" name="Check_TESTING_dataset" time="0.00499999999999545"/>
    <testcase classname="TESTING_datachk" name="Check_TESTING_dataset" time="0.00599999999997181"/>
    <testcase classname="TESTING_datachk" name="Check_TESTING_dataset" time="0.00500000000010914"/>
    <testcase classname="TESTING_datachk" name="Check_TESTING_dataset" time="0.00499999999999545"/>
    <testcase classname="TESTING_datachk" name="Check_TESTING_dataset" time="0.00599999999997181"/>
    <testcase classname="TESTING_datachk" name="Check_TESTING_dataset" time="0.00499999999999545"/>
    <testcase classname="TESTING_datachk" name="Check_TESTING_dataset" time="0.00599999999997181"/>
  </testsuite>
  <testsuite errors="0" failures="0" hostname="fv-az14" name="TESTING::datachk::shutdown" skipped="0" tests="3" time="0.277" timestamp="2020-10-27T18:51:17Z">
    <testcase classname="TESTING_datachk_shutdown" name="shutdown" time="0.274000000000001"/>
    <testcase classname="TESTING_datachk_shutdown" name="shutdown" time="0.000999999999976353"/>
    <testcase classname="TESTING_datachk_shutdown" name="shutdown" time="0.00200000000006639"/>
  </testsuite>
  <testsuite errors="0" failures="0" hostname="fv-az14" name="TESTING::datachk::done" skipped="0" tests="0" time="0" timestamp="2020-10-27T18:51:18Z"/>
  <testsuite errors="0" failures="0" hostname="fv-az14" name="ds.cor::disc::setup" skipped="0" tests="3" time="5.003" timestamp="2020-10-27T18:51:18Z">
    <testcase classname="ds.cor_disc_setup" name="setup" time="5.00099999999998"/>
    <testcase classname="ds.cor_disc_setup" name="setup" time="0.000999999999976353"/>
    <testcase classname="ds.cor_disc_setup" name="setup" time="0.000999999999976353"/>
  </testsuite>
  <testsuite errors="0" failures="0" hostname="fv-az14" name="ds.cor::disc" skipped="2" tests="33" time="9.989" timestamp="2020-10-27T18:51:23Z">
    <testcase classname="ds.cor_disc" name="simple_D3_setup" time="7.34500000000003"/>
    <testcase classname="ds.cor_disc" name="simple_D3_setup" time="0.000999999999976353"/>
    <testcase classname="ds.cor_disc" name="simple_D3_setup" time="0.000999999999976353"/>
    <testcase classname="ds.cor_disc" name="simple_D3_setup" time="0.00100000000009004"/>
    <testcase classname="ds.cor_disc" name="simple_D3_setup" time="0.000999999999976353"/>
    <testcase classname="ds.cor_disc" name="simple_D3_setup" time="0.00199999999995271"/>
    <testcase classname="ds.cor_disc" name="simple_D3_setup" time="0.00100000000009004"/>
    <testcase classname="ds.cor_disc" name="simple_D3_setup" time="0.000999999999976353"/>
    <testcase classname="ds.cor_disc" name="simple_D3_setup" time="0.000999999999976353"/>
    <testcase classname="ds.cor_disc" name="simple_D3_setup" time="0.000999999999976353"/>
    <testcase classname="ds.cor_disc" name="simple_D3_setup" time="0.000999999999976353"/>
    <testcase classname="ds.cor_disc" name="simple_D3_setup" time="0.00200000000006639"/>
    <testcase classname="ds.cor_disc" name="simple_D3_setup" time="0.000999999999976353"/>
    <testcase classname="ds.cor_disc" name="simple_disc_test_naAction_casewise.complete_type_split_" time="1.197"/>
    <testcase classname="ds.cor_disc" name="simple_disc_test_naAction_casewise.complete_type_split_" time="0.00199999999995271"/>
    <testcase classname="ds.cor_disc" name="simple_disc_test_naAction_casewise.complete_type_split_" time="0.00100000000009004"/>
    <testcase classname="ds.cor_disc" name="simple_disc_test_naAction_casewise.complete_type_split_" time="0.000999999999976353"/>
    <testcase classname="ds.cor_disc" name="simple_disc_test_naAction_casewise.complete_type_split_" time="0.000999999999976353"/>
    <testcase classname="ds.cor_disc" name="simple_disc_test_naAction_casewise.complete_type_split_" time="0.00199999999995271"/>
    <testcase classname="ds.cor_disc" name="simple_disc_test_naAction_casewise.complete_type_split_" time="0.00100000000009004"/>
    <testcase classname="ds.cor_disc" name="simple_disc_test_naAction_casewise.complete_type_split_" time="0.000999999999976353"/>
    <testcase classname="ds.cor_disc" name="simple_disc_test_naAction_casewise.complete_type_split_" time="0.00199999999995271"/>
    <testcase classname="ds.cor_disc" name="simple_disc_test_naAction_casewise.complete_type_split_" time="0.000999999999976353"/>
    <testcase classname="ds.cor_disc" name="simple_disc_test_naAction_pairwise.complete_type_split_" time="0.00200000000006639">
      <skipped/>
    </testcase>
    <testcase classname="ds.cor_disc" name="simple_disc_test_naAction_casewise.complete_type_combine_" time="1.40800000000002"/>
    <testcase classname="ds.cor_disc" name="simple_disc_test_naAction_casewise.complete_type_combine_" time="0.000999999999976353"/>
    <testcase classname="ds.cor_disc" name="simple_disc_test_naAction_casewise.complete_type_combine_" time="0.00199999999995271"/>
    <testcase classname="ds.cor_disc" name="simple_disc_test_naAction_casewise.complete_type_combine_" time="0.00100000000009004"/>
    <testcase classname="ds.cor_disc" name="simple_disc_test_naAction_casewise.complete_type_combine_" time="0.00199999999995271"/>
    <testcase classname="ds.cor_disc" name="simple_disc_test_naAction_casewise.complete_type_combine_" time="0.000999999999976353"/>
    <testcase classname="ds.cor_disc" name="simple_disc_test_naAction_casewise.complete_type_combine_" time="0.000999999999976353"/>
    <testcase classname="ds.cor_disc" name="simple_disc_test_naAction_casewise.complete_type_combine_" time="0.000999999999976353"/>
    <testcase classname="ds.cor_disc" name="simple_disc_test_naAction_pairwise.complete_type_combine_" time="0.00199999999995271">
      <skipped/>
    </testcase>
  </testsuite>
  <testsuite errors="0" failures="0" hostname="fv-az14" name="ds.cor::disc::shutdown" skipped="0" tests="3" time="0.269" timestamp="2020-10-27T18:51:33Z">
    <testcase classname="ds.cor_disc_shutdown" name="shutdown" time="0.267000000000053"/>
    <testcase classname="ds.cor_disc_shutdown" name="shutdown" time="0.000999999999976353"/>
    <testcase classname="ds.cor_disc_shutdown" name="shutdown" time="0.000999999999976353"/>
  </testsuite>
  <testsuite errors="0" failures="0" hostname="fv-az14" name="ds.cor::disc::done" skipped="0" tests="0" time="0" timestamp="2020-10-27T18:51:33Z"/>
  <testsuite errors="0" failures="0" hostname="fv-az14" name="ds.cov::disc::setup" skipped="0" tests="3" time="4.969" timestamp="2020-10-27T18:51:33Z">
    <testcase classname="ds.cov_disc_setup" name="setup" time="4.96699999999998"/>
    <testcase classname="ds.cov_disc_setup" name="setup" time="0.00100000000009004"/>
    <testcase classname="ds.cov_disc_setup" name="setup" time="0.000999999999976353"/>
  </testsuite>
  <testsuite errors="0" failures="0" hostname="fv-az14" name="ds.cov::disc" skipped="2" tests="33" time="9.721" timestamp="2020-10-27T18:51:38Z">
    <testcase classname="ds.cov_disc" name="simple_D3_setup" time="7.27099999999996"/>
    <testcase classname="ds.cov_disc" name="simple_D3_setup" time="0.000999999999976353"/>
    <testcase classname="ds.cov_disc" name="simple_D3_setup" time="0.00100000000009004"/>
    <testcase classname="ds.cov_disc" name="simple_D3_setup" time="0.00799999999992451"/>
    <testcase classname="ds.cov_disc" name="simple_D3_setup" time="0.000999999999976353"/>
    <testcase classname="ds.cov_disc" name="simple_D3_setup" time="0.00200000000006639"/>
    <testcase classname="ds.cov_disc" name="simple_D3_setup" time="0.000999999999976353"/>
    <testcase classname="ds.cov_disc" name="simple_D3_setup" time="0.000999999999976353"/>
    <testcase classname="ds.cov_disc" name="simple_D3_setup" time="0.000999999999976353"/>
    <testcase classname="ds.cov_disc" name="simple_D3_setup" time="0.00200000000006639"/>
    <testcase classname="ds.cov_disc" name="simple_D3_setup" time="0.000999999999976353"/>
    <testcase classname="ds.cov_disc" name="simple_D3_setup" time="0.000999999999976353"/>
    <testcase classname="ds.cov_disc" name="simple_D3_setup" time="0.000999999999976353"/>
    <testcase classname="ds.cov_disc" name="simple_disc_test_naAction_casewise.complete_type_split_" time="1.20900000000006"/>
    <testcase classname="ds.cov_disc" name="simple_disc_test_naAction_casewise.complete_type_split_" time="0.000999999999976353"/>
    <testcase classname="ds.cov_disc" name="simple_disc_test_naAction_casewise.complete_type_split_" time="0.000999999999976353"/>
    <testcase classname="ds.cov_disc" name="simple_disc_test_naAction_casewise.complete_type_split_" time="0.00200000000006639"/>
    <testcase classname="ds.cov_disc" name="simple_disc_test_naAction_casewise.complete_type_split_" time="0.000999999999976353"/>
    <testcase classname="ds.cov_disc" name="simple_disc_test_naAction_casewise.complete_type_split_" time="0.000999999999976353"/>
    <testcase classname="ds.cov_disc" name="simple_disc_test_naAction_casewise.complete_type_split_" time="0.000999999999976353"/>
    <testcase classname="ds.cov_disc" name="simple_disc_test_naAction_casewise.complete_type_split_" time="0.00200000000006639"/>
    <testcase classname="ds.cov_disc" name="simple_disc_test_naAction_casewise.complete_type_split_" time="0.000999999999976353"/>
    <testcase classname="ds.cov_disc" name="simple_disc_test_naAction_casewise.complete_type_split_" time="0.000999999999976353"/>
    <testcase classname="ds.cov_disc" name="simple_disc_test_naAction_pairwise.complete_type_split_" time="0.00200000000006639">
      <skipped/>
    </testcase>
    <testcase classname="ds.cov_disc" name="simple_disc_test_naAction_casewise.complete_type_combine_" time="1.19499999999994"/>
    <testcase classname="ds.cov_disc" name="simple_disc_test_naAction_casewise.complete_type_combine_" time="0.00200000000006639"/>
    <testcase classname="ds.cov_disc" name="simple_disc_test_naAction_casewise.complete_type_combine_" time="0.000999999999976353"/>
    <testcase classname="ds.cov_disc" name="simple_disc_test_naAction_casewise.complete_type_combine_" time="0.00199999999995271"/>
    <testcase classname="ds.cov_disc" name="simple_disc_test_naAction_casewise.complete_type_combine_" time="0.000999999999976353"/>
    <testcase classname="ds.cov_disc" name="simple_disc_test_naAction_casewise.complete_type_combine_" time="0.00200000000006639"/>
    <testcase classname="ds.cov_disc" name="simple_disc_test_naAction_casewise.complete_type_combine_" time="0.000999999999976353"/>
    <testcase classname="ds.cov_disc" name="simple_disc_test_naAction_casewise.complete_type_combine_" time="0.000999999999976353"/>
    <testcase classname="ds.cov_disc" name="simple_disc_test_naAction_pairwise.complete_type_combine_" time="0.00200000000006639">
      <skipped/>
    </testcase>
  </testsuite>
  <testsuite errors="0" failures="0" hostname="fv-az14" name="ds.cov::disc::shutdown" skipped="0" tests="3" time="0.272" timestamp="2020-10-27T18:51:48Z">
    <testcase classname="ds.cov_disc_shutdown" name="shutdown" time="0.269000000000005"/>
    <testcase classname="ds.cov_disc_shutdown" name="shutdown" time="0.00199999999995271"/>
    <testcase classname="ds.cov_disc_shutdown" name="shutdown" time="0.000999999999976353"/>
  </testsuite>
  <testsuite errors="0" failures="0" hostname="fv-az14" name="ds.cov::disc::done" skipped="0" tests="0" time="0" timestamp="2020-10-27T18:51:48Z"/>
  <testsuite errors="0" failures="0" hostname="fv-az14" name="ds.levels::disc::setup" skipped="0" tests="3" time="4.912" timestamp="2020-10-27T18:51:48Z">
    <testcase classname="ds.levels_disc_setup" name="setup" time="4.91000000000008"/>
    <testcase classname="ds.levels_disc_setup" name="setup" time="0.000999999999976353"/>
    <testcase classname="ds.levels_disc_setup" name="setup" time="0.000999999999976353"/>
  </testsuite>
  <testsuite errors="0" failures="0" hostname="fv-az14" name="ds.levels::disc" skipped="1" tests="1" time="0.006" timestamp="2020-10-27T18:51:53Z">
    <testcase classname="ds.levels_disc" name="simple_levels" time="0.00599999999997181">
      <skipped/>
    </testcase>
  </testsuite>
  <testsuite errors="0" failures="0" hostname="fv-az14" name="ds.levels::disc::shutdown" skipped="0" tests="3" time="0.273" timestamp="2020-10-27T18:51:53Z">
    <testcase classname="ds.levels_disc_shutdown" name="shutdown" time="0.271000000000072"/>
    <testcase classname="ds.levels_disc_shutdown" name="shutdown" time="0.000999999999976353"/>
    <testcase classname="ds.levels_disc_shutdown" name="shutdown" time="0.000999999999976353"/>
  </testsuite>
  <testsuite errors="0" failures="0" hostname="fv-az14" name="ds.levels::disc::done" skipped="0" tests="0" time="0" timestamp="2020-10-27T18:51:54Z"/>
  <testsuite errors="0" failures="0" hostname="fv-az14" name="ds.meanByClass::disc::setup" skipped="0" tests="0" time="0" timestamp="2020-10-27T18:51:54Z"/>
  <testsuite errors="0" failures="0" hostname="fv-az14" name="ds.meanByClass::disc::test errors" skipped="1" tests="1" time="4.702" timestamp="2020-10-27T18:51:58Z">
    <testcase classname="ds.meanByClass_disc_test_errors" name="meanByClass_erros" time="4.702">
      <skipped/>
    </testcase>
  </testsuite>
  <testsuite errors="0" failures="0" hostname="fv-az14" name="ds.meanByClass::disc::teardown" skipped="0" tests="0" time="0" timestamp="2020-10-27T18:51:58Z"/>
  <testsuite errors="0" failures="0" hostname="fv-az14" name="ds.meanByClass::disc::done" skipped="0" tests="0" time="0" timestamp="2020-10-27T18:51:58Z"/>
  <testsuite errors="0" failures="0" hostname="fv-az14" name="ds.mean::disc::type=both" skipped="1" tests="1" time="4.677" timestamp="2020-10-27T18:52:02Z">
    <testcase classname="ds.mean_disc_type_both" name="mean_values_both_" time="4.67700000000002">
      <skipped/>
    </testcase>
  </testsuite>
  <testsuite errors="0" failures="0" hostname="fv-az14" name="ds.rm::disc" skipped="0" tests="31" time="5.756" timestamp="2020-10-27T18:52:07Z">
    <testcase classname="ds.rm_disc" name="justovertest" time="4.93600000000004"/>
    <testcase classname="ds.rm_disc" name="justovertest" time="0.000999999999976353"/>
    <testcase classname="ds.rm_disc" name="justovertest" time="0.000999999999976353"/>
    <testcase classname="ds.rm_disc" name="justovertest" time="0.000999999999976353"/>
    <testcase classname="ds.rm_disc" name="justovertest" time="0.000999999999976353"/>
    <testcase classname="ds.rm_disc" name="justovertest" time="0.00100000000009004"/>
    <testcase classname="ds.rm_disc" name="justovertest" time="0.000999999999976353"/>
    <testcase classname="ds.rm_disc" name="justovertest" time="0.259999999999991"/>
    <testcase classname="ds.rm_disc" name="justovertest" time="0.000999999999976353"/>
    <testcase classname="ds.rm_disc" name="justovertest" time="0.00199999999995271"/>
    <testcase classname="ds.rm_disc" name="justovertest" time="0.00100000000009004"/>
    <testcase classname="ds.rm_disc" name="justovertest" time="0.000999999999976353"/>
    <testcase classname="ds.rm_disc" name="justovertest" time="0.000999999999976353"/>
    <testcase classname="ds.rm_disc" name="justovertest" time="0.000999999999976353"/>
    <testcase classname="ds.rm_disc" name="justovertest" time="0.00200000000006639"/>
    <testcase classname="ds.rm_disc" name="justovertest" time="0.000999999999976353"/>
    <testcase classname="ds.rm_disc" name="justovertest" time="0.000999999999976353"/>
    <testcase classname="ds.rm_disc" name="simple_test" time="0.265999999999963"/>
    <testcase classname="ds.rm_disc" name="simple_test" time="0.00200000000006639"/>
    <testcase classname="ds.rm_disc" name="simple_test" time="0.000999999999976353"/>
    <testcase classname="ds.rm_disc" name="simple_test" time="0.000999999999976353"/>
    <testcase classname="ds.rm_disc" name="simple_test" time="0.00200000000006639"/>
    <testcase classname="ds.rm_disc" name="simple_test" time="0.000999999999976353"/>
    <testcase classname="ds.rm_disc" name="simple_test" time="0.00199999999995271"/>
    <testcase classname="ds.rm_disc" name="simple_test" time="0.259000000000015"/>
    <testcase classname="ds.rm_disc" name="simple_test" time="0.00200000000006639"/>
    <testcase classname="ds.rm_disc" name="simple_test" time="0.000999999999976353"/>
    <testcase classname="ds.rm_disc" name="simple_test" time="0.00199999999995271"/>
    <testcase classname="ds.rm_disc" name="simple_test" time="0.000999999999976353"/>
    <testcase classname="ds.rm_disc" name="simple_test" time="0.00200000000006639"/>
    <testcase classname="ds.rm_disc" name="simple_test" time="0.000999999999976353"/>
  </testsuite>
  <testsuite errors="0" failures="0" hostname="fv-az14" name="ds.sample::disc::setup" skipped="0" tests="0" time="0" timestamp="2020-10-27T18:52:09Z"/>
  <testsuite errors="0" failures="0" hostname="fv-az14" name="ds.sample::disc::test disclosure" skipped="0" tests="35" time="12.328" timestamp="2020-10-27T18:52:13Z">
    <testcase classname="ds.sample_disc_test_disclosure" name="cov_erros" time="6.17100000000005"/>
    <testcase classname="ds.sample_disc_test_disclosure" name="cov_erros" time="0.000999999999976353"/>
    <testcase classname="ds.sample_disc_test_disclosure" name="cov_erros" time="0.000999999999976353"/>
    <testcase classname="ds.sample_disc_test_disclosure" name="cov_erros" time="0.000999999999976353"/>
    <testcase classname="ds.sample_disc_test_disclosure" name="cov_erros" time="0.00200000000006639"/>
    <testcase classname="ds.sample_disc_test_disclosure" name="cov_erros" time="0.000999999999976353"/>
    <testcase classname="ds.sample_disc_test_disclosure" name="cov_erros" time="0.000999999999976353"/>
    <testcase classname="ds.sample_disc_test_disclosure" name="cov_erros" time="1.48699999999997"/>
    <testcase classname="ds.sample_disc_test_disclosure" name="cov_erros" time="0.00100000000009004"/>
    <testcase classname="ds.sample_disc_test_disclosure" name="cov_erros" time="0.000999999999976353"/>
    <testcase classname="ds.sample_disc_test_disclosure" name="cov_erros" time="0.000999999999976353"/>
    <testcase classname="ds.sample_disc_test_disclosure" name="cov_erros" time="0.000999999999976353"/>
    <testcase classname="ds.sample_disc_test_disclosure" name="cov_erros" time="0.00200000000006639"/>
    <testcase classname="ds.sample_disc_test_disclosure" name="cov_erros" time="0.000999999999976353"/>
    <testcase classname="ds.sample_disc_test_disclosure" name="cov_erros" time="1.48400000000004"/>
    <testcase classname="ds.sample_disc_test_disclosure" name="cov_erros" time="0.00199999999995271"/>
    <testcase classname="ds.sample_disc_test_disclosure" name="cov_erros" time="0.000999999999976353"/>
    <testcase classname="ds.sample_disc_test_disclosure" name="cov_erros" time="0.000999999999976353"/>
    <testcase classname="ds.sample_disc_test_disclosure" name="cov_erros" time="0.00200000000006639"/>
    <testcase classname="ds.sample_disc_test_disclosure" name="cov_erros" time="0.000999999999976353"/>
    <testcase classname="ds.sample_disc_test_disclosure" name="cov_erros" time="0.000999999999976353"/>
    <testcase classname="ds.sample_disc_test_disclosure" name="cov_erros" time="1.57600000000002"/>
    <testcase classname="ds.sample_disc_test_disclosure" name="cov_erros" time="0.00199999999995271"/>
    <testcase classname="ds.sample_disc_test_disclosure" name="cov_erros" time="0.00100000000009004"/>
    <testcase classname="ds.sample_disc_test_disclosure" name="cov_erros" time="0.000999999999976353"/>
    <testcase classname="ds.sample_disc_test_disclosure" name="cov_erros" time="0.00199999999995271"/>
    <testcase classname="ds.sample_disc_test_disclosure" name="cov_erros" time="0.000999999999976353"/>
    <testcase classname="ds.sample_disc_test_disclosure" name="cov_erros" time="0.00200000000006639"/>
    <testcase classname="ds.sample_disc_test_disclosure" name="cov_erros" time="1.56999999999994"/>
    <testcase classname="ds.sample_disc_test_disclosure" name="cov_erros" time="0.00100000000009004"/>
    <testcase classname="ds.sample_disc_test_disclosure" name="cov_erros" time="0.00199999999995271"/>
    <testcase classname="ds.sample_disc_test_disclosure" name="cov_erros" time="0.000999999999976353"/>
    <testcase classname="ds.sample_disc_test_disclosure" name="cov_erros" time="0.00200000000006639"/>
    <testcase classname="ds.sample_disc_test_disclosure" name="cov_erros" time="0.000999999999976353"/>
    <testcase classname="ds.sample_disc_test_disclosure" name="cov_erros" time="0.00199999999995271"/>
  </testsuite>
  <testsuite errors="0" failures="0" hostname="fv-az14" name="ds.sample::disc::shutdown" skipped="0" tests="0" time="0" timestamp="2020-10-27T18:52:20Z"/>
  <testsuite errors="0" failures="0" hostname="fv-az14" name="ds.sample::disc::done" skipped="0" tests="0" time="0" timestamp="2020-10-27T18:52:21Z"/>
  <testsuite errors="0" failures="0" hostname="fv-az14" name="ds.table::disc::setup" skipped="0" tests="0" time="0" timestamp="2020-10-27T18:52:21Z"/>
  <testsuite errors="0" failures="0" hostname="fv-az14" name="ds.table::disc::tests" skipped="0" tests="7" time="9.841" timestamp="2020-10-27T18:52:25Z">
    <testcase classname="ds.table_disc_tests" name="table_disclosure" time="9.83500000000004"/>
    <testcase classname="ds.table_disc_tests" name="table_disclosure" time="0.000999999999976353"/>
    <testcase classname="ds.table_disc_tests" name="table_disclosure" time="0.000999999999976353"/>
    <testcase classname="ds.table_disc_tests" name="table_disclosure" time="0.00100000000009004"/>
    <testcase classname="ds.table_disc_tests" name="table_disclosure" time="0.000999999999976353"/>
    <testcase classname="ds.table_disc_tests" name="table_disclosure" time="0.000999999999976353"/>
    <testcase classname="ds.table_disc_tests" name="table_disclosure" time="0.000999999999976353"/>
  </testsuite>
  <testsuite errors="0" failures="0" hostname="fv-az14" name="ds.table::disc::shutdown" skipped="0" tests="0" time="0" timestamp="2020-10-27T18:52:30Z"/>
  <testsuite errors="0" failures="0" hostname="fv-az14" name="ds.table::disc::done" skipped="0" tests="0" time="0" timestamp="2020-10-27T18:52:31Z"/>
  <testsuite errors="0" failures="0" hostname="fv-az14" name="ds.var::disc::type=both" skipped="1" tests="1" time="4.701" timestamp="2020-10-27T18:52:35Z">
    <testcase classname="ds.var_disc_type_both" name="var_values_both_" time="4.70100000000002">
      <skipped/>
    </testcase>
  </testsuite>
  <testsuite errors="0" failures="0" hostname="fv-az14" name="ds.dataFrame::expt::setup" skipped="0" tests="0" time="0" timestamp="2020-10-27T18:52:36Z"/>
  <testsuite errors="0" failures="0" hostname="fv-az14" name="ds.dataFrame::expt::one_column::single" skipped="0" tests="24" time="22.319" timestamp="2020-10-27T18:52:36Z">
    <testcase classname="ds.dataFrame_expt_one_column_single" name="numeric_data" time="5.91300000000001"/>
    <testcase classname="ds.dataFrame_expt_one_column_single" name="numeric_data" time="0.000999999999976353"/>
    <testcase classname="ds.dataFrame_expt_one_column_single" name="numeric_data" time="0.000999999999976353"/>
    <testcase classname="ds.dataFrame_expt_one_column_single" name="numeric_data" time="2.34100000000001"/>
    <testcase classname="ds.dataFrame_expt_one_column_single" name="numeric_data" time="0.00100000000009004"/>
    <testcase classname="ds.dataFrame_expt_one_column_single" name="numeric_data" time="0.00199999999995271"/>
    <testcase classname="ds.dataFrame_expt_one_column_single" name="numeric_data" time="2.34900000000005"/>
    <testcase classname="ds.dataFrame_expt_one_column_single" name="numeric_data" time="0.000999999999976353"/>
    <testcase classname="ds.dataFrame_expt_one_column_single" name="numeric_data" time="0.000999999999976353"/>
    <testcase classname="ds.dataFrame_expt_one_column_single" name="numeric_data" time="2.346"/>
    <testcase classname="ds.dataFrame_expt_one_column_single" name="numeric_data" time="0.000999999999976353"/>
    <testcase classname="ds.dataFrame_expt_one_column_single" name="numeric_data" time="0.00100000000009004"/>
    <testcase classname="ds.dataFrame_expt_one_column_single" name="numeric_data" time="2.34899999999993"/>
    <testcase classname="ds.dataFrame_expt_one_column_single" name="numeric_data" time="0.000999999999976353"/>
    <testcase classname="ds.dataFrame_expt_one_column_single" name="numeric_data" time="0.00100000000009004"/>
    <testcase classname="ds.dataFrame_expt_one_column_single" name="numeric_data" time="2.327"/>
    <testcase classname="ds.dataFrame_expt_one_column_single" name="numeric_data" time="0.000999999999976353"/>
    <testcase classname="ds.dataFrame_expt_one_column_single" name="numeric_data" time="0.000999999999976353"/>
    <testcase classname="ds.dataFrame_expt_one_column_single" name="numeric_data" time="2.33699999999999"/>
    <testcase classname="ds.dataFrame_expt_one_column_single" name="numeric_data" time="0.000999999999976353"/>
    <testcase classname="ds.dataFrame_expt_one_column_single" name="numeric_data" time="0.00200000000006639"/>
    <testcase classname="ds.dataFrame_expt_one_column_single" name="numeric_data" time="2.33799999999997"/>
    <testcase classname="ds.dataFrame_expt_one_column_single" name="numeric_data" time="0.000999999999976353"/>
    <testcase classname="ds.dataFrame_expt_one_column_single" name="numeric_data" time="0.00200000000006639"/>
  </testsuite>
  <testsuite errors="0" failures="0" hostname="fv-az14" name="ds.dataFrame::expt::several_columns::single" skipped="0" tests="12" time="9.182" timestamp="2020-10-27T18:52:57Z">
    <testcase classname="ds.dataFrame_expt_several_columns_single" name="numeric_data" time="6.12"/>
    <testcase classname="ds.dataFrame_expt_several_columns_single" name="numeric_data" time="0.000999999999976353"/>
    <testcase classname="ds.dataFrame_expt_several_columns_single" name="numeric_data" time="0.000999999999976353"/>
    <testcase classname="ds.dataFrame_expt_several_columns_single" name="numeric_data" time="0.000999999999976353"/>
    <testcase classname="ds.dataFrame_expt_several_columns_single" name="numeric_data" time="0.000999999999976353"/>
    <testcase classname="ds.dataFrame_expt_several_columns_single" name="numeric_data" time="0.00100000000009004"/>
    <testcase classname="ds.dataFrame_expt_several_columns_single" name="numeric_data" time="3.04399999999998"/>
    <testcase classname="ds.dataFrame_expt_several_columns_single" name="numeric_data" time="0.000999999999976353"/>
    <testcase classname="ds.dataFrame_expt_several_columns_single" name="numeric_data" time="0.000999999999976353"/>
    <testcase classname="ds.dataFrame_expt_several_columns_single" name="numeric_data" time="0.0080000000000382"/>
    <testcase classname="ds.dataFrame_expt_several_columns_single" name="numeric_data" time="0.000999999999976353"/>
    <testcase classname="ds.dataFrame_expt_several_columns_single" name="numeric_data" time="0.00199999999995271"/>
  </testsuite>
  <testsuite errors="0" failures="0" hostname="fv-az14" name="ds.dataFrame::expt::one_column::multiple" skipped="0" tests="40" time="35.633" timestamp="2020-10-27T18:53:06Z">
    <testcase classname="ds.dataFrame_expt_one_column_multiple" name="numeric_data" time="8.28800000000001"/>
    <testcase classname="ds.dataFrame_expt_one_column_multiple" name="numeric_data" time="0.00100000000009004"/>
    <testcase classname="ds.dataFrame_expt_one_column_multiple" name="numeric_data" time="0.000999999999976353"/>
    <testcase classname="ds.dataFrame_expt_one_column_multiple" name="numeric_data" time="0.000999999999976353"/>
    <testcase classname="ds.dataFrame_expt_one_column_multiple" name="numeric_data" time="0.000999999999976353"/>
    <testcase classname="ds.dataFrame_expt_one_column_multiple" name="numeric_data" time="3.89499999999998"/>
    <testcase classname="ds.dataFrame_expt_one_column_multiple" name="numeric_data" time="0.00200000000006639"/>
    <testcase classname="ds.dataFrame_expt_one_column_multiple" name="numeric_data" time="0.000999999999976353"/>
    <testcase classname="ds.dataFrame_expt_one_column_multiple" name="numeric_data" time="0.000999999999976353"/>
    <testcase classname="ds.dataFrame_expt_one_column_multiple" name="numeric_data" time="0.000999999999976353"/>
    <testcase classname="ds.dataFrame_expt_one_column_multiple" name="numeric_data" time="3.90700000000004"/>
    <testcase classname="ds.dataFrame_expt_one_column_multiple" name="numeric_data" time="0.000999999999976353"/>
    <testcase classname="ds.dataFrame_expt_one_column_multiple" name="numeric_data" time="0.00200000000006639"/>
    <testcase classname="ds.dataFrame_expt_one_column_multiple" name="numeric_data" time="0.000999999999976353"/>
    <testcase classname="ds.dataFrame_expt_one_column_multiple" name="numeric_data" time="0.000999999999976353"/>
    <testcase classname="ds.dataFrame_expt_one_column_multiple" name="numeric_data" time="3.90999999999997"/>
    <testcase classname="ds.dataFrame_expt_one_column_multiple" name="numeric_data" time="0.00100000000009004"/>
    <testcase classname="ds.dataFrame_expt_one_column_multiple" name="numeric_data" time="0.000999999999976353"/>
    <testcase classname="ds.dataFrame_expt_one_column_multiple" name="numeric_data" time="0.00199999999995271"/>
    <testcase classname="ds.dataFrame_expt_one_column_multiple" name="numeric_data" time="0.000999999999976353"/>
    <testcase classname="ds.dataFrame_expt_one_column_multiple" name="numeric_data" time="3.90300000000002"/>
    <testcase classname="ds.dataFrame_expt_one_column_multiple" name="numeric_data" time="0.00200000000006639"/>
    <testcase classname="ds.dataFrame_expt_one_column_multiple" name="numeric_data" time="0.000999999999976353"/>
    <testcase classname="ds.dataFrame_expt_one_column_multiple" name="numeric_data" time="0.000999999999976353"/>
    <testcase classname="ds.dataFrame_expt_one_column_multiple" name="numeric_data" time="0.000999999999976353"/>
    <testcase classname="ds.dataFrame_expt_one_column_multiple" name="numeric_data" time="3.89800000000002"/>
    <testcase classname="ds.dataFrame_expt_one_column_multiple" name="numeric_data" time="0.000999999999976353"/>
    <testcase classname="ds.dataFrame_expt_one_column_multiple" name="numeric_data" time="0.00200000000006639"/>
    <testcase classname="ds.dataFrame_expt_one_column_multiple" name="numeric_data" time="0.000999999999976353"/>
    <testcase classname="ds.dataFrame_expt_one_column_multiple" name="numeric_data" time="0.00199999999995271"/>
    <testcase classname="ds.dataFrame_expt_one_column_multiple" name="numeric_data" time="3.89700000000005"/>
    <testcase classname="ds.dataFrame_expt_one_column_multiple" name="numeric_data" time="0.00199999999995271"/>
    <testcase classname="ds.dataFrame_expt_one_column_multiple" name="numeric_data" time="0.00100000000009004"/>
    <testcase classname="ds.dataFrame_expt_one_column_multiple" name="numeric_data" time="0.00199999999995271"/>
    <testcase classname="ds.dataFrame_expt_one_column_multiple" name="numeric_data" time="0.000999999999976353"/>
    <testcase classname="ds.dataFrame_expt_one_column_multiple" name="numeric_data" time="3.89400000000001"/>
    <testcase classname="ds.dataFrame_expt_one_column_multiple" name="numeric_data" time="0.000999999999976353"/>
    <testcase classname="ds.dataFrame_expt_one_column_multiple" name="numeric_data" time="0.000999999999976353"/>
    <testcase classname="ds.dataFrame_expt_one_column_multiple" name="numeric_data" time="0.00199999999995271"/>
    <testcase classname="ds.dataFrame_expt_one_column_multiple" name="numeric_data" time="0.000999999999976353"/>
  </testsuite>
  <testsuite errors="0" failures="0" hostname="fv-az14" name="ds.dataFrame::expt::several_columns::single" skipped="0" tests="16" time="16.654" timestamp="2020-10-27T18:53:42Z">
    <testcase classname="ds.dataFrame_expt_several_columns_single" name="numeric_data" time="10.6170000000001"/>
    <testcase classname="ds.dataFrame_expt_several_columns_single" name="numeric_data" time="0.000999999999976353"/>
    <testcase classname="ds.dataFrame_expt_several_columns_single" name="numeric_data" time="0.000999999999976353"/>
    <testcase classname="ds.dataFrame_expt_several_columns_single" name="numeric_data" time="0.000999999999976353"/>
    <testcase classname="ds.dataFrame_expt_several_columns_single" name="numeric_data" time="0.00100000000009004"/>
    <testcase classname="ds.dataFrame_expt_several_columns_single" name="numeric_data" time="0.000999999999976353"/>
    <testcase classname="ds.dataFrame_expt_several_columns_single" name="numeric_data" time="0.00199999999995271"/>
    <testcase classname="ds.dataFrame_expt_several_columns_single" name="numeric_data" time="0.000999999999976353"/>
    <testcase classname="ds.dataFrame_expt_several_columns_single" name="numeric_data" time="6.02100000000007"/>
    <testcase classname="ds.dataFrame_expt_several_columns_single" name="numeric_data" time="0.000999999999976353"/>
    <testcase classname="ds.dataFrame_expt_several_columns_single" name="numeric_data" time="0.000999999999976353"/>
    <testcase classname="ds.dataFrame_expt_several_columns_single" name="numeric_data" time="0.000999999999976353"/>
    <testcase classname="ds.dataFrame_expt_several_columns_single" name="numeric_data" time="0.00200000000006639"/>
    <testcase classname="ds.dataFrame_expt_several_columns_single" name="numeric_data" time="0.000999999999976353"/>
    <testcase classname="ds.dataFrame_expt_several_columns_single" name="numeric_data" time="0.000999999999976353"/>
    <testcase classname="ds.dataFrame_expt_several_columns_single" name="numeric_data" time="0.000999999999976353"/>
  </testsuite>
  <testsuite errors="0" failures="0" hostname="fv-az14" name="ds.dataFrame::expt::one_column_from_objects::single" skipped="0" tests="16" time="22.243" timestamp="2020-10-27T18:53:59Z">
    <testcase classname="ds.dataFrame_expt_one_column_from_objects_single" name="numeric_data" time="5.76600000000008"/>
    <testcase classname="ds.dataFrame_expt_one_column_from_objects_single" name="numeric_data" time="0.000999999999976353"/>
    <testcase classname="ds.dataFrame_expt_one_column_from_objects_single" name="numeric_data" time="2.35500000000002"/>
    <testcase classname="ds.dataFrame_expt_one_column_from_objects_single" name="numeric_data" time="0.00299999999992906"/>
    <testcase classname="ds.dataFrame_expt_one_column_from_objects_single" name="numeric_data" time="2.33800000000008"/>
    <testcase classname="ds.dataFrame_expt_one_column_from_objects_single" name="numeric_data" time="0.000999999999976353"/>
    <testcase classname="ds.dataFrame_expt_one_column_from_objects_single" name="numeric_data" time="2.33799999999997"/>
    <testcase classname="ds.dataFrame_expt_one_column_from_objects_single" name="numeric_data" time="0.000999999999976353"/>
    <testcase classname="ds.dataFrame_expt_one_column_from_objects_single" name="numeric_data" time="2.35900000000004"/>
    <testcase classname="ds.dataFrame_expt_one_column_from_objects_single" name="numeric_data" time="0.000999999999976353"/>
    <testcase classname="ds.dataFrame_expt_one_column_from_objects_single" name="numeric_data" time="2.35500000000002"/>
    <testcase classname="ds.dataFrame_expt_one_column_from_objects_single" name="numeric_data" time="0.000999999999976353"/>
    <testcase classname="ds.dataFrame_expt_one_column_from_objects_single" name="numeric_data" time="2.34900000000005"/>
    <testcase classname="ds.dataFrame_expt_one_column_from_objects_single" name="numeric_data" time="0.000999999999976353"/>
    <testcase classname="ds.dataFrame_expt_one_column_from_objects_single" name="numeric_data" time="2.37200000000007"/>
    <testcase classname="ds.dataFrame_expt_one_column_from_objects_single" name="numeric_data" time="0.00199999999995271"/>
  </testsuite>
  <testsuite errors="0" failures="0" hostname="fv-az14" name="ds.dataFrame::expt::object::multiple" skipped="0" tests="32" time="32.275" timestamp="2020-10-27T18:54:21Z">
    <testcase classname="ds.dataFrame_expt_object_multiple" name="numeric_data" time="7.846"/>
    <testcase classname="ds.dataFrame_expt_object_multiple" name="numeric_data" time="0.000999999999976353"/>
    <testcase classname="ds.dataFrame_expt_object_multiple" name="numeric_data" time="0.000999999999976353"/>
    <testcase classname="ds.dataFrame_expt_object_multiple" name="numeric_data" time="0.00100000000009004"/>
    <testcase classname="ds.dataFrame_expt_object_multiple" name="numeric_data" time="3.48199999999997"/>
    <testcase classname="ds.dataFrame_expt_object_multiple" name="numeric_data" time="0.000999999999976353"/>
    <testcase classname="ds.dataFrame_expt_object_multiple" name="numeric_data" time="0.000999999999976353"/>
    <testcase classname="ds.dataFrame_expt_object_multiple" name="numeric_data" time="0.000999999999976353"/>
    <testcase classname="ds.dataFrame_expt_object_multiple" name="numeric_data" time="3.49000000000001"/>
    <testcase classname="ds.dataFrame_expt_object_multiple" name="numeric_data" time="0.00100000000009004"/>
    <testcase classname="ds.dataFrame_expt_object_multiple" name="numeric_data" time="0.000999999999976353"/>
    <testcase classname="ds.dataFrame_expt_object_multiple" name="numeric_data" time="0.000999999999976353"/>
    <testcase classname="ds.dataFrame_expt_object_multiple" name="numeric_data" time="3.48000000000002"/>
    <testcase classname="ds.dataFrame_expt_object_multiple" name="numeric_data" time="0.00199999999995271"/>
    <testcase classname="ds.dataFrame_expt_object_multiple" name="numeric_data" time="0.00100000000009004"/>
    <testcase classname="ds.dataFrame_expt_object_multiple" name="numeric_data" time="0.000999999999976353"/>
    <testcase classname="ds.dataFrame_expt_object_multiple" name="numeric_data" time="3.48699999999997"/>
    <testcase classname="ds.dataFrame_expt_object_multiple" name="numeric_data" time="0.000999999999976353"/>
    <testcase classname="ds.dataFrame_expt_object_multiple" name="numeric_data" time="0.00100000000009004"/>
    <testcase classname="ds.dataFrame_expt_object_multiple" name="numeric_data" time="0.000999999999976353"/>
    <testcase classname="ds.dataFrame_expt_object_multiple" name="numeric_data" time="3.48899999999992"/>
    <testcase classname="ds.dataFrame_expt_object_multiple" name="numeric_data" time="0.00200000000006639"/>
    <testcase classname="ds.dataFrame_expt_object_multiple" name="numeric_data" time="0.000999999999976353"/>
    <testcase classname="ds.dataFrame_expt_object_multiple" name="numeric_data" time="0.00200000000006639"/>
    <testcase classname="ds.dataFrame_expt_object_multiple" name="numeric_data" time="3.48399999999992"/>
    <testcase classname="ds.dataFrame_expt_object_multiple" name="numeric_data" time="0.000999999999976353"/>
    <testcase classname="ds.dataFrame_expt_object_multiple" name="numeric_data" time="0.00200000000006639"/>
    <testcase classname="ds.dataFrame_expt_object_multiple" name="numeric_data" time="0.000999999999976353"/>
    <testcase classname="ds.dataFrame_expt_object_multiple" name="numeric_data" time="3.48800000000006"/>
    <testcase classname="ds.dataFrame_expt_object_multiple" name="numeric_data" time="0.000999999999976353"/>
    <testcase classname="ds.dataFrame_expt_object_multiple" name="numeric_data" time="0.00199999999995271"/>
    <testcase classname="ds.dataFrame_expt_object_multiple" name="numeric_data" time="0.000999999999976353"/>
  </testsuite>
  <testsuite errors="0" failures="0" hostname="fv-az14" name="ds.dataFrame::expt::several_objects::multiple" skipped="0" tests="4" time="9.595" timestamp="2020-10-27T18:54:53Z">
    <testcase classname="ds.dataFrame_expt_several_objects_multiple" name="several_objects" time="9.5920000000001"/>
    <testcase classname="ds.dataFrame_expt_several_objects_multiple" name="several_objects" time="0.000999999999976353"/>
    <testcase classname="ds.dataFrame_expt_several_objects_multiple" name="several_objects" time="0.000999999999976353"/>
    <testcase classname="ds.dataFrame_expt_several_objects_multiple" name="several_objects" time="0.000999999999976353"/>
  </testsuite>
  <testsuite errors="0" failures="0" hostname="fv-az14" name="ds.dataFrame::expt::non_numeric::multiple" skipped="0" tests="18" time="19.409" timestamp="2020-10-27T18:55:03Z">
    <testcase classname="ds.dataFrame_expt_non_numeric_multiple" name="non_numeric" time="8.52700000000004"/>
    <testcase classname="ds.dataFrame_expt_non_numeric_multiple" name="non_numeric" time="0.000999999999976353"/>
    <testcase classname="ds.dataFrame_expt_non_numeric_multiple" name="non_numeric" time="0.000999999999976353"/>
    <testcase classname="ds.dataFrame_expt_non_numeric_multiple" name="non_numeric" time="0.000999999999976353"/>
    <testcase classname="ds.dataFrame_expt_non_numeric_multiple" name="non_numeric" time="0.00100000000009004"/>
    <testcase classname="ds.dataFrame_expt_non_numeric_multiple" name="non_numeric" time="3.91099999999994"/>
    <testcase classname="ds.dataFrame_expt_non_numeric_multiple" name="non_numeric" time="0.000999999999976353"/>
    <testcase classname="ds.dataFrame_expt_non_numeric_multiple" name="non_numeric" time="0.00200000000006639"/>
    <testcase classname="ds.dataFrame_expt_non_numeric_multiple" name="non_numeric" time="0.000999999999976353"/>
    <testcase classname="ds.dataFrame_expt_non_numeric_multiple" name="non_numeric" time="0.000999999999976353"/>
    <testcase classname="ds.dataFrame_expt_non_numeric_multiple" name="non_numeric" time="3.47800000000007"/>
    <testcase classname="ds.dataFrame_expt_non_numeric_multiple" name="non_numeric" time="0.00199999999995271"/>
    <testcase classname="ds.dataFrame_expt_non_numeric_multiple" name="non_numeric" time="0.000999999999976353"/>
    <testcase classname="ds.dataFrame_expt_non_numeric_multiple" name="non_numeric" time="0.000999999999976353"/>
    <testcase classname="ds.dataFrame_expt_non_numeric_multiple" name="non_numeric" time="3.476"/>
    <testcase classname="ds.dataFrame_expt_non_numeric_multiple" name="non_numeric" time="0.00200000000006639"/>
    <testcase classname="ds.dataFrame_expt_non_numeric_multiple" name="non_numeric" time="0.000999999999976353"/>
    <testcase classname="ds.dataFrame_expt_non_numeric_multiple" name="non_numeric" time="0.000999999999976353"/>
  </testsuite>
  <testsuite errors="0" failures="0" hostname="fv-az14" name="ds.dataFrame::expt::non_numeric::multiple" skipped="0" tests="10" time="12.745" timestamp="2020-10-27T18:55:22Z">
    <testcase classname="ds.dataFrame_expt_non_numeric_multiple" name="_unnamed_" time="5.68399999999997"/>
    <testcase classname="ds.dataFrame_expt_non_numeric_multiple" name="_unnamed_" time="0.00100000000009004"/>
    <testcase classname="ds.dataFrame_expt_non_numeric_multiple" name="_unnamed_" time="0.000999999999976353"/>
    <testcase classname="ds.dataFrame_expt_non_numeric_multiple" name="_unnamed_" time="2.35000000000002"/>
    <testcase classname="ds.dataFrame_expt_non_numeric_multiple" name="_unnamed_" time="0.000999999999976353"/>
    <testcase classname="ds.dataFrame_expt_non_numeric_multiple" name="_unnamed_" time="0.000999999999976353"/>
    <testcase classname="ds.dataFrame_expt_non_numeric_multiple" name="_unnamed_" time="2.35800000000006"/>
    <testcase classname="ds.dataFrame_expt_non_numeric_multiple" name="_unnamed_" time="0.00199999999995271"/>
    <testcase classname="ds.dataFrame_expt_non_numeric_multiple" name="_unnamed_" time="2.34500000000003"/>
    <testcase classname="ds.dataFrame_expt_non_numeric_multiple" name="_unnamed_" time="0.00199999999995271"/>
  </testsuite>
  <testsuite errors="0" failures="0" hostname="fv-az14" name="ds.dataFrame::expt::shutdown" skipped="0" tests="0" time="0" timestamp="2020-10-27T18:55:35Z"/>
  <testsuite errors="0" failures="0" hostname="fv-az14" name="ds.dataFrame::expt::done" skipped="0" tests="0" time="0" timestamp="2020-10-27T18:55:35Z"/>
  <testsuite errors="0" failures="0" hostname="fv-az14" name="ds.glmerSLMA::expt::setup" skipped="0" tests="3" time="4.514" timestamp="2020-10-27T18:55:35Z">
    <testcase classname="ds.glmerSLMA_expt_setup" name="setup" time="4.51099999999997"/>
    <testcase classname="ds.glmerSLMA_expt_setup" name="setup" time="0.00200000000006639"/>
    <testcase classname="ds.glmerSLMA_expt_setup" name="setup" time="0.000999999999976353"/>
  </testsuite>
  <testsuite errors="0" failures="0" hostname="fv-az14" name="ds.glmerSLMA::expt::int::multiple" skipped="0" tests="1" time="4.343" timestamp="2020-10-27T18:55:40Z">
    <testcase classname="ds.glmerSLMA_expt_int_multiple" name="linear_mixed_model_with_2_levels_of_hierarchy" time="4.34299999999996"/>
  </testsuite>
  <testsuite errors="0" failures="0" hostname="fv-az14" name="ds.lmerSLMA::expt::shutdown" skipped="0" tests="0" time="0" timestamp="2020-10-27T18:55:44Z"/>
  <testsuite errors="0" failures="0" hostname="fv-az14" name="ds.lmerSLMA::expt::done" skipped="0" tests="0" time="0" timestamp="2020-10-27T18:55:44Z"/>
  <testsuite errors="0" failures="0" hostname="fv-az14" name="ds.lmerSLMA::expt::setup" skipped="0" tests="3" time="4.956" timestamp="2020-10-27T18:55:45Z">
    <testcase classname="ds.lmerSLMA_expt_setup" name="setup" time="4.95400000000006"/>
    <testcase classname="ds.lmerSLMA_expt_setup" name="setup" time="0.000999999999976353"/>
    <testcase classname="ds.lmerSLMA_expt_setup" name="setup" time="0.000999999999976353"/>
  </testsuite>
  <testsuite errors="0" failures="0" hostname="fv-az14" name="ds.lmerSLMA::expt::int::multiple" skipped="0" tests="1" time="2.704" timestamp="2020-10-27T18:55:49Z">
    <testcase classname="ds.lmerSLMA_expt_int_multiple" name="linear_mixed_model_with_2_levels_of_hierarchy" time="2.70400000000006"/>
  </testsuite>
  <testsuite errors="0" failures="0" hostname="fv-az14" name="ds.lmerSLMA::expt::done" skipped="0" tests="0" time="0" timestamp="2020-10-27T18:55:52Z"/>
  <testsuite errors="0" failures="0" hostname="fv-az14" name="ds.mean::expt::combine::multiple" skipped="0" tests="8" time="14.428" timestamp="2020-10-27T18:55:52Z">
    <testcase classname="ds.mean_expt_combine_multiple" name="combined_data_set" time="6.03099999999995"/>
    <testcase classname="ds.mean_expt_combine_multiple" name="combined_data_set" time="1.20000000000005"/>
    <testcase classname="ds.mean_expt_combine_multiple" name="combined_data_set" time="1.202"/>
    <testcase classname="ds.mean_expt_combine_multiple" name="combined_data_set" time="1.19399999999996"/>
    <testcase classname="ds.mean_expt_combine_multiple" name="combined_data_set" time="1.19799999999998"/>
    <testcase classname="ds.mean_expt_combine_multiple" name="combined_data_set" time="1.19400000000007"/>
    <testcase classname="ds.mean_expt_combine_multiple" name="combined_data_set" time="1.21499999999992"/>
    <testcase classname="ds.mean_expt_combine_multiple" name="combined_data_set" time="1.19400000000007"/>
  </testsuite>
  <testsuite errors="0" failures="0" hostname="fv-az14" name="ds.mean::expt::split::multiple" skipped="0" tests="24" time="14.207" timestamp="2020-10-27T18:56:06Z">
    <testcase classname="ds.mean_expt_split_multiple" name="split_data_set" time="5.80700000000002"/>
    <testcase classname="ds.mean_expt_split_multiple" name="split_data_set" time="0.00199999999995271"/>
    <testcase classname="ds.mean_expt_split_multiple" name="split_data_set" time="0.000999999999976353"/>
    <testcase classname="ds.mean_expt_split_multiple" name="split_data_set" time="1.19000000000005"/>
    <testcase classname="ds.mean_expt_split_multiple" name="split_data_set" time="0.00199999999995271"/>
    <testcase classname="ds.mean_expt_split_multiple" name="split_data_set" time="0.000999999999976353"/>
    <testcase classname="ds.mean_expt_split_multiple" name="split_data_set" time="1.197"/>
    <testcase classname="ds.mean_expt_split_multiple" name="split_data_set" time="0.00200000000006639"/>
    <testcase classname="ds.mean_expt_split_multiple" name="split_data_set" time="0.000999999999976353"/>
    <testcase classname="ds.mean_expt_split_multiple" name="split_data_set" time="1.19600000000003"/>
    <testcase classname="ds.mean_expt_split_multiple" name="split_data_set" time="0.00199999999995271"/>
    <testcase classname="ds.mean_expt_split_multiple" name="split_data_set" time="0.000999999999976353"/>
    <testcase classname="ds.mean_expt_split_multiple" name="split_data_set" time="1.197"/>
    <testcase classname="ds.mean_expt_split_multiple" name="split_data_set" time="0.00200000000006639"/>
    <testcase classname="ds.mean_expt_split_multiple" name="split_data_set" time="0.000999999999976353"/>
    <testcase classname="ds.mean_expt_split_multiple" name="split_data_set" time="1.197"/>
    <testcase classname="ds.mean_expt_split_multiple" name="split_data_set" time="0.00199999999995271"/>
    <testcase classname="ds.mean_expt_split_multiple" name="split_data_set" time="0.00100000000009004"/>
    <testcase classname="ds.mean_expt_split_multiple" name="split_data_set" time="1.20699999999999"/>
    <testcase classname="ds.mean_expt_split_multiple" name="split_data_set" time="0.000999999999976353"/>
    <testcase classname="ds.mean_expt_split_multiple" name="split_data_set" time="0.000999999999976353"/>
    <testcase classname="ds.mean_expt_split_multiple" name="split_data_set" time="1.19400000000007"/>
    <testcase classname="ds.mean_expt_split_multiple" name="split_data_set" time="0.000999999999976353"/>
    <testcase classname="ds.mean_expt_split_multiple" name="split_data_set" time="0.000999999999976353"/>
  </testsuite>
  <testsuite errors="0" failures="0" hostname="fv-az14" name="ds.mean::expt::single" skipped="0" tests="8" time="8.914" timestamp="2020-10-27T18:56:20Z">
    <testcase classname="ds.mean_expt_single" name="combined_data_set" time="4.04399999999998"/>
    <testcase classname="ds.mean_expt_single" name="combined_data_set" time="0.696000000000026"/>
    <testcase classname="ds.mean_expt_single" name="combined_data_set" time="0.697000000000003"/>
    <testcase classname="ds.mean_expt_single" name="combined_data_set" time="0.696000000000026"/>
    <testcase classname="ds.mean_expt_single" name="combined_data_set" time="0.694999999999936"/>
    <testcase classname="ds.mean_expt_single" name="combined_data_set" time="0.693000000000097"/>
    <testcase classname="ds.mean_expt_single" name="combined_data_set" time="0.695999999999913"/>
    <testcase classname="ds.mean_expt_single" name="combined_data_set" time="0.697000000000003"/>
  </testsuite>
  <testsuite errors="0" failures="0" hostname="fv-az14" name="ds.mean::expt::large_values::single" skipped="0" tests="8" time="14.322" timestamp="2020-10-27T18:56:29Z">
    <testcase classname="ds.mean_expt_large_values_single" name="combined_data_set" time="4.48200000000008"/>
    <testcase classname="ds.mean_expt_large_values_single" name="combined_data_set" time="1.40899999999999"/>
    <testcase classname="ds.mean_expt_large_values_single" name="combined_data_set" time="1.39599999999996"/>
    <testcase classname="ds.mean_expt_large_values_single" name="combined_data_set" time="1.404"/>
    <testcase classname="ds.mean_expt_large_values_single" name="combined_data_set" time="1.40700000000004"/>
    <testcase classname="ds.mean_expt_large_values_single" name="combined_data_set" time="1.40800000000002"/>
    <testcase classname="ds.mean_expt_large_values_single" name="combined_data_set" time="1.40099999999995"/>
    <testcase classname="ds.mean_expt_large_values_single" name="combined_data_set" time="1.41499999999996"/>
  </testsuite>
  <testsuite errors="0" failures="0" hostname="fv-az14" name="ds.mean::expt::large_values::multiple" skipped="0" tests="8" time="20.218" timestamp="2020-10-27T18:56:43Z">
    <testcase classname="ds.mean_expt_large_values_multiple" name="combined_data_set" time="6.37900000000002"/>
    <testcase classname="ds.mean_expt_large_values_multiple" name="combined_data_set" time="1.99099999999999"/>
    <testcase classname="ds.mean_expt_large_values_multiple" name="combined_data_set" time="1.96800000000007"/>
    <testcase classname="ds.mean_expt_large_values_multiple" name="combined_data_set" time="1.98099999999999"/>
    <testcase classname="ds.mean_expt_large_values_multiple" name="combined_data_set" time="1.976"/>
    <testcase classname="ds.mean_expt_large_values_multiple" name="combined_data_set" time="1.97799999999995"/>
    <testcase classname="ds.mean_expt_large_values_multiple" name="combined_data_set" time="1.97299999999996"/>
    <testcase classname="ds.mean_expt_large_values_multiple" name="combined_data_set" time="1.97200000000009"/>
  </testsuite>
  <testsuite errors="0" failures="0" hostname="fv-az14" name="ds.reShape::expt::multiple" skipped="1" tests="1" time="0.843" timestamp="2020-10-27T18:57:04Z">
    <testcase classname="ds.reShape_expt_multiple" name="copy_and_transform" time="0.842999999999961">
      <skipped/>
    </testcase>
  </testsuite>
  <testsuite errors="0" failures="0" hostname="fv-az14" name="ds.skewness::expt::combine::multiple" skipped="0" tests="8" time="15.948" timestamp="2020-10-27T18:57:04Z">
    <testcase classname="ds.skewness_expt_combine_multiple" name="combined_data_set" time="5.71799999999996"/>
    <testcase classname="ds.skewness_expt_combine_multiple" name="combined_data_set" time="1.46600000000001"/>
    <testcase classname="ds.skewness_expt_combine_multiple" name="combined_data_set" time="1.45900000000006"/>
    <testcase classname="ds.skewness_expt_combine_multiple" name="combined_data_set" time="1.46600000000001"/>
    <testcase classname="ds.skewness_expt_combine_multiple" name="combined_data_set" time="1.46600000000001"/>
    <testcase classname="ds.skewness_expt_combine_multiple" name="combined_data_set" time="1.45600000000002"/>
    <testcase classname="ds.skewness_expt_combine_multiple" name="combined_data_set" time="1.45699999999999"/>
    <testcase classname="ds.skewness_expt_combine_multiple" name="combined_data_set" time="1.45999999999992"/>
  </testsuite>
  <testsuite errors="0" failures="0" hostname="fv-az14" name="ds.skewness::expt::split::multiple" skipped="0" tests="24" time="14.284" timestamp="2020-10-27T18:57:20Z">
    <testcase classname="ds.skewness_expt_split_multiple" name="split_data_set" time="5.85200000000009"/>
    <testcase classname="ds.skewness_expt_split_multiple" name="split_data_set" time="0.000999999999976353"/>
    <testcase classname="ds.skewness_expt_split_multiple" name="split_data_set" time="0.000999999999976353"/>
    <testcase classname="ds.skewness_expt_split_multiple" name="split_data_set" time="1.20299999999997"/>
    <testcase classname="ds.skewness_expt_split_multiple" name="split_data_set" time="0.00200000000006639"/>
    <testcase classname="ds.skewness_expt_split_multiple" name="split_data_set" time="0.000999999999976353"/>
    <testcase classname="ds.skewness_expt_split_multiple" name="split_data_set" time="1.20100000000002"/>
    <testcase classname="ds.skewness_expt_split_multiple" name="split_data_set" time="0.000999999999976353"/>
    <testcase classname="ds.skewness_expt_split_multiple" name="split_data_set" time="0.00199999999995271"/>
    <testcase classname="ds.skewness_expt_split_multiple" name="split_data_set" time="1.20900000000006"/>
    <testcase classname="ds.skewness_expt_split_multiple" name="split_data_set" time="0.00199999999995271"/>
    <testcase classname="ds.skewness_expt_split_multiple" name="split_data_set" time="0.000999999999976353"/>
    <testcase classname="ds.skewness_expt_split_multiple" name="split_data_set" time="1.20100000000002"/>
    <testcase classname="ds.skewness_expt_split_multiple" name="split_data_set" time="0.00200000000006639"/>
    <testcase classname="ds.skewness_expt_split_multiple" name="split_data_set" time="0.000999999999976353"/>
    <testcase classname="ds.skewness_expt_split_multiple" name="split_data_set" time="1.19100000000003"/>
    <testcase classname="ds.skewness_expt_split_multiple" name="split_data_set" time="0.000999999999976353"/>
    <testcase classname="ds.skewness_expt_split_multiple" name="split_data_set" time="0.000999999999976353"/>
    <testcase classname="ds.skewness_expt_split_multiple" name="split_data_set" time="1.20799999999997"/>
    <testcase classname="ds.skewness_expt_split_multiple" name="split_data_set" time="0.00200000000006639"/>
    <testcase classname="ds.skewness_expt_split_multiple" name="split_data_set" time="0.000999999999976353"/>
    <testcase classname="ds.skewness_expt_split_multiple" name="split_data_set" time="1.197"/>
    <testcase classname="ds.skewness_expt_split_multiple" name="split_data_set" time="0.00199999999995271"/>
    <testcase classname="ds.skewness_expt_split_multiple" name="split_data_set" time="0.000999999999976353"/>
  </testsuite>
  <testsuite errors="0" failures="0" hostname="fv-az14" name="ds.skewness::expt::single" skipped="0" tests="8" time="10.814" timestamp="2020-10-27T18:57:35Z">
    <testcase classname="ds.skewness_expt_single" name="combined_data_set" time="4.28400000000011"/>
    <testcase classname="ds.skewness_expt_single" name="combined_data_set" time="0.92999999999995"/>
    <testcase classname="ds.skewness_expt_single" name="combined_data_set" time="0.932000000000016"/>
    <testcase classname="ds.skewness_expt_single" name="combined_data_set" time="0.932000000000016"/>
    <testcase classname="ds.skewness_expt_single" name="combined_data_set" time="0.936000000000035"/>
    <testcase classname="ds.skewness_expt_single" name="combined_data_set" time="0.930999999999926"/>
    <testcase classname="ds.skewness_expt_single" name="combined_data_set" time="0.941000000000031"/>
    <testcase classname="ds.skewness_expt_single" name="combined_data_set" time="0.927999999999997"/>
  </testsuite>
  <testsuite errors="0" failures="0" hostname="fv-az14" name="ds.var::expt::multiple" skipped="0" tests="8" time="13.949" timestamp="2020-10-27T18:57:46Z">
    <testcase classname="ds.var_expt_multiple" name="combined_data_set" time="5.56799999999998"/>
    <testcase classname="ds.var_expt_multiple" name="combined_data_set" time="1.19799999999998"/>
    <testcase classname="ds.var_expt_multiple" name="combined_data_set" time="1.20699999999999"/>
    <testcase classname="ds.var_expt_multiple" name="combined_data_set" time="1.19600000000003"/>
    <testcase classname="ds.var_expt_multiple" name="combined_data_set" time="1.19100000000003"/>
    <testcase classname="ds.var_expt_multiple" name="combined_data_set" time="1.19499999999994"/>
    <testcase classname="ds.var_expt_multiple" name="combined_data_set" time="1.20000000000005"/>
    <testcase classname="ds.var_expt_multiple" name="combined_data_set" time="1.19399999999996"/>
  </testsuite>
  <testsuite errors="0" failures="0" hostname="fv-az14" name="ds.var::expt::single" skipped="0" tests="24" time="14.211" timestamp="2020-10-27T18:57:59Z">
    <testcase classname="ds.var_expt_single" name="split_data_set" time="5.79500000000007"/>
    <testcase classname="ds.var_expt_single" name="split_data_set" time="0.00199999999995271"/>
    <testcase classname="ds.var_expt_single" name="split_data_set" time="0.000999999999976353"/>
    <testcase classname="ds.var_expt_single" name="split_data_set" time="1.20699999999999"/>
    <testcase classname="ds.var_expt_single" name="split_data_set" time="0.00100000000009004"/>
    <testcase classname="ds.var_expt_single" name="split_data_set" time="0.000999999999976353"/>
    <testcase classname="ds.var_expt_single" name="split_data_set" time="1.20799999999997"/>
    <testcase classname="ds.var_expt_single" name="split_data_set" time="0.00200000000006639"/>
    <testcase classname="ds.var_expt_single" name="split_data_set" time="0.000999999999976353"/>
    <testcase classname="ds.var_expt_single" name="split_data_set" time="1.19499999999994"/>
    <testcase classname="ds.var_expt_single" name="split_data_set" time="0.00200000000006639"/>
    <testcase classname="ds.var_expt_single" name="split_data_set" time="0.000999999999976353"/>
    <testcase classname="ds.var_expt_single" name="split_data_set" time="1.19600000000003"/>
    <testcase classname="ds.var_expt_single" name="split_data_set" time="0.000999999999976353"/>
    <testcase classname="ds.var_expt_single" name="split_data_set" time="0.00199999999995271"/>
    <testcase classname="ds.var_expt_single" name="split_data_set" time="1.19299999999998"/>
    <testcase classname="ds.var_expt_single" name="split_data_set" time="0.00199999999995271"/>
    <testcase classname="ds.var_expt_single" name="split_data_set" time="0.00100000000020373"/>
    <testcase classname="ds.var_expt_single" name="split_data_set" time="1.20299999999997"/>
    <testcase classname="ds.var_expt_single" name="split_data_set" time="0.000999999999976353"/>
    <testcase classname="ds.var_expt_single" name="split_data_set" time="0.000999999999976353"/>
    <testcase classname="ds.var_expt_single" name="split_data_set" time="1.19200000000001"/>
    <testcase classname="ds.var_expt_single" name="split_data_set" time="0.000999999999976353"/>
    <testcase classname="ds.var_expt_single" name="split_data_set" time="0.00199999999995271"/>
  </testsuite>
  <testsuite errors="0" failures="0" hostname="fv-az14" name="ds.var::expt::large_values::multiple" skipped="0" tests="8" time="20.404" timestamp="2020-10-27T18:58:14Z">
    <testcase classname="ds.var_expt_large_values_multiple" name="large_values" time="6.577"/>
    <testcase classname="ds.var_expt_large_values_multiple" name="large_values" time="1.98700000000008"/>
    <testcase classname="ds.var_expt_large_values_multiple" name="large_values" time="1.98399999999992"/>
    <testcase classname="ds.var_expt_large_values_multiple" name="large_values" time="1.96000000000004"/>
    <testcase classname="ds.var_expt_large_values_multiple" name="large_values" time="1.97599999999989"/>
    <testcase classname="ds.var_expt_large_values_multiple" name="large_values" time="1.96500000000015"/>
    <testcase classname="ds.var_expt_large_values_multiple" name="large_values" time="1.97499999999991"/>
    <testcase classname="ds.var_expt_large_values_multiple" name="large_values" time="1.98000000000002"/>
  </testsuite>
  <testsuite errors="0" failures="0" hostname="fv-az14" name="ds.var::expt::large_values::single" skipped="0" tests="8" time="14.544" timestamp="2020-10-27T18:58:34Z">
    <testcase classname="ds.var_expt_large_values_single" name="large_values" time="4.74400000000014"/>
    <testcase classname="ds.var_expt_large_values_single" name="large_values" time="1.39699999999993"/>
    <testcase classname="ds.var_expt_large_values_single" name="large_values" time="1.39400000000001"/>
    <testcase classname="ds.var_expt_large_values_single" name="large_values" time="1.40599999999995"/>
    <testcase classname="ds.var_expt_large_values_single" name="large_values" time="1.40200000000004"/>
    <testcase classname="ds.var_expt_large_values_single" name="large_values" time="1.4079999999999"/>
    <testcase classname="ds.var_expt_large_values_single" name="large_values" time="1.39800000000014"/>
    <testcase classname="ds.var_expt_large_values_single" name="large_values" time="1.39499999999998"/>
  </testsuite>
  <testsuite errors="0" failures="0" hostname="fv-az14" name="ds.mean::math::residual::multiple" skipped="0" tests="32" time="23.625" timestamp="2020-10-27T18:58:49Z">
    <testcase classname="ds.mean_math_residual_multiple" name="residual_deviation_tends_to_0" time="5.60099999999989"/>
    <testcase classname="ds.mean_math_residual_multiple" name="residual_deviation_tends_to_0" time="1.19900000000007"/>
    <testcase classname="ds.mean_math_residual_multiple" name="residual_deviation_tends_to_0" time="1.20800000000008"/>
    <testcase classname="ds.mean_math_residual_multiple" name="residual_deviation_tends_to_0" time="1.20399999999995"/>
    <testcase classname="ds.mean_math_residual_multiple" name="residual_deviation_tends_to_0" time="1.19399999999996"/>
    <testcase classname="ds.mean_math_residual_multiple" name="residual_deviation_tends_to_0" time="1.20000000000005"/>
    <testcase classname="ds.mean_math_residual_multiple" name="residual_deviation_tends_to_0" time="1.19599999999991"/>
    <testcase classname="ds.mean_math_residual_multiple" name="residual_deviation_tends_to_0" time="1.19000000000005"/>
    <testcase classname="ds.mean_math_residual_multiple" name="residual_deviation_tends_to_0" time="1.20900000000006"/>
    <testcase classname="ds.mean_math_residual_multiple" name="residual_deviation_tends_to_0" time="0.000999999999976353"/>
    <testcase classname="ds.mean_math_residual_multiple" name="residual_deviation_tends_to_0" time="0.000999999999976353"/>
    <testcase classname="ds.mean_math_residual_multiple" name="residual_deviation_tends_to_0" time="1.20299999999997"/>
    <testcase classname="ds.mean_math_residual_multiple" name="residual_deviation_tends_to_0" time="0.00199999999995271"/>
    <testcase classname="ds.mean_math_residual_multiple" name="residual_deviation_tends_to_0" time="0.000999999999976353"/>
    <testcase classname="ds.mean_math_residual_multiple" name="residual_deviation_tends_to_0" time="1.20299999999997"/>
    <testcase classname="ds.mean_math_residual_multiple" name="residual_deviation_tends_to_0" time="0.00200000000018008"/>
    <testcase classname="ds.mean_math_residual_multiple" name="residual_deviation_tends_to_0" time="0.000999999999976353"/>
    <testcase classname="ds.mean_math_residual_multiple" name="residual_deviation_tends_to_0" time="1.202"/>
    <testcase classname="ds.mean_math_residual_multiple" name="residual_deviation_tends_to_0" time="0.00199999999995271"/>
    <testcase classname="ds.mean_math_residual_multiple" name="residual_deviation_tends_to_0" time="0.000999999999976353"/>
    <testcase classname="ds.mean_math_residual_multiple" name="residual_deviation_tends_to_0" time="1.19699999999989"/>
    <testcase classname="ds.mean_math_residual_multiple" name="residual_deviation_tends_to_0" time="0.00100000000020373"/>
    <testcase classname="ds.mean_math_residual_multiple" name="residual_deviation_tends_to_0" time="0.00199999999995271"/>
    <testcase classname="ds.mean_math_residual_multiple" name="residual_deviation_tends_to_0" time="1.19799999999987"/>
    <testcase classname="ds.mean_math_residual_multiple" name="residual_deviation_tends_to_0" time="0.00100000000020373"/>
    <testcase classname="ds.mean_math_residual_multiple" name="residual_deviation_tends_to_0" time="0.00199999999995271"/>
    <testcase classname="ds.mean_math_residual_multiple" name="residual_deviation_tends_to_0" time="1.19899999999984"/>
    <testcase classname="ds.mean_math_residual_multiple" name="residual_deviation_tends_to_0" time="0.00200000000018008"/>
    <testcase classname="ds.mean_math_residual_multiple" name="residual_deviation_tends_to_0" time="0.000999999999976353"/>
    <testcase classname="ds.mean_math_residual_multiple" name="residual_deviation_tends_to_0" time="1.19799999999987"/>
    <testcase classname="ds.mean_math_residual_multiple" name="residual_deviation_tends_to_0" time="0.00200000000018008"/>
    <testcase classname="ds.mean_math_residual_multiple" name="residual_deviation_tends_to_0" time="0.00199999999995271"/>
  </testsuite>
  <testsuite errors="0" failures="0" hostname="fv-az14" name="ds.mean::math::residual::multiple" skipped="0" tests="32" time="23.837" timestamp="2020-10-27T18:59:12Z">
    <testcase classname="ds.mean_math_residual_multiple" name="residual_deviation_tends_to_0" time="5.8309999999999"/>
    <testcase classname="ds.mean_math_residual_multiple" name="residual_deviation_tends_to_0" time="1.20100000000002"/>
    <testcase classname="ds.mean_math_residual_multiple" name="residual_deviation_tends_to_0" time="1.20700000000011"/>
    <testcase classname="ds.mean_math_residual_multiple" name="residual_deviation_tends_to_0" time="1.20399999999995"/>
    <testcase classname="ds.mean_math_residual_multiple" name="residual_deviation_tends_to_0" time="1.19599999999991"/>
    <testcase classname="ds.mean_math_residual_multiple" name="residual_deviation_tends_to_0" time="1.20100000000002"/>
    <testcase classname="ds.mean_math_residual_multiple" name="residual_deviation_tends_to_0" time="1.20800000000008"/>
    <testcase classname="ds.mean_math_residual_multiple" name="residual_deviation_tends_to_0" time="1.19499999999994"/>
    <testcase classname="ds.mean_math_residual_multiple" name="residual_deviation_tends_to_0" time="1.19299999999998"/>
    <testcase classname="ds.mean_math_residual_multiple" name="residual_deviation_tends_to_0" time="0.00199999999995271"/>
    <testcase classname="ds.mean_math_residual_multiple" name="residual_deviation_tends_to_0" time="0.000999999999976353"/>
    <testcase classname="ds.mean_math_residual_multiple" name="residual_deviation_tends_to_0" time="1.19600000000014"/>
    <testcase classname="ds.mean_math_residual_multiple" name="residual_deviation_tends_to_0" time="0.00199999999995271"/>
    <testcase classname="ds.mean_math_residual_multiple" name="residual_deviation_tends_to_0" time="0.000999999999976353"/>
    <testcase classname="ds.mean_math_residual_multiple" name="residual_deviation_tends_to_0" time="1.19900000000007"/>
    <testcase classname="ds.mean_math_residual_multiple" name="residual_deviation_tends_to_0" time="0.00199999999995271"/>
    <testcase classname="ds.mean_math_residual_multiple" name="residual_deviation_tends_to_0" time="0.000999999999976353"/>
    <testcase classname="ds.mean_math_residual_multiple" name="residual_deviation_tends_to_0" time="1.19800000000009"/>
    <testcase classname="ds.mean_math_residual_multiple" name="residual_deviation_tends_to_0" time="0.000999999999976353"/>
    <testcase classname="ds.mean_math_residual_multiple" name="residual_deviation_tends_to_0" time="0.00199999999995271"/>
    <testcase classname="ds.mean_math_residual_multiple" name="residual_deviation_tends_to_0" time="1.19299999999998"/>
    <testcase classname="ds.mean_math_residual_multiple" name="residual_deviation_tends_to_0" time="0.00199999999995271"/>
    <testcase classname="ds.mean_math_residual_multiple" name="residual_deviation_tends_to_0" time="0.000999999999976353"/>
    <testcase classname="ds.mean_math_residual_multiple" name="residual_deviation_tends_to_0" time="1.19500000000016"/>
    <testcase classname="ds.mean_math_residual_multiple" name="residual_deviation_tends_to_0" time="0.000999999999976353"/>
    <testcase classname="ds.mean_math_residual_multiple" name="residual_deviation_tends_to_0" time="0.00199999999995271"/>
    <testcase classname="ds.mean_math_residual_multiple" name="residual_deviation_tends_to_0" time="1.20100000000002"/>
    <testcase classname="ds.mean_math_residual_multiple" name="residual_deviation_tends_to_0" time="0.000999999999976353"/>
    <testcase classname="ds.mean_math_residual_multiple" name="residual_deviation_tends_to_0" time="0.00199999999995271"/>
    <testcase classname="ds.mean_math_residual_multiple" name="residual_deviation_tends_to_0" time="1.19500000000016"/>
    <testcase classname="ds.mean_math_residual_multiple" name="residual_deviation_tends_to_0" time="0.00199999999995271"/>
    <testcase classname="ds.mean_math_residual_multiple" name="residual_deviation_tends_to_0" time="0.000999999999976353"/>
  </testsuite>
  <testsuite errors="0" failures="0" hostname="fv-az14" name="ds.mean::math::location_parameter::single" skipped="0" tests="8" time="20.092" timestamp="2020-10-27T18:59:36Z">
    <testcase classname="ds.mean_math_location_parameter_single" name="mean_X_a_mean_X_a" time="5.44799999999987"/>
    <testcase classname="ds.mean_math_location_parameter_single" name="mean_X_a_mean_X_a" time="2.09300000000007"/>
    <testcase classname="ds.mean_math_location_parameter_single" name="mean_X_a_mean_X_a" time="2.096"/>
    <testcase classname="ds.mean_math_location_parameter_single" name="mean_X_a_mean_X_a" time="2.08699999999999"/>
    <testcase classname="ds.mean_math_location_parameter_single" name="mean_X_a_mean_X_a" time="2.09300000000007"/>
    <testcase classname="ds.mean_math_location_parameter_single" name="mean_X_a_mean_X_a" time="2.09899999999993"/>
    <testcase classname="ds.mean_math_location_parameter_single" name="mean_X_a_mean_X_a" time="2.0920000000001"/>
    <testcase classname="ds.mean_math_location_parameter_single" name="mean_X_a_mean_X_a" time="2.08399999999983"/>
  </testsuite>
  <testsuite errors="0" failures="0" hostname="fv-az14" name="ds.mean::math::location_parameter::multiple" skipped="0" tests="8" time="29.781" timestamp="2020-10-27T18:59:56Z">
    <testcase classname="ds.mean_math_location_parameter_multiple" name="mean_X_a_mean_X_a" time="7.57900000000018"/>
    <testcase classname="ds.mean_math_location_parameter_multiple" name="mean_X_a_mean_X_a" time="3.17499999999995"/>
    <testcase classname="ds.mean_math_location_parameter_multiple" name="mean_X_a_mean_X_a" time="3.16000000000008"/>
    <testcase classname="ds.mean_math_location_parameter_multiple" name="mean_X_a_mean_X_a" time="3.16799999999989"/>
    <testcase classname="ds.mean_math_location_parameter_multiple" name="mean_X_a_mean_X_a" time="3.1869999999999"/>
    <testcase classname="ds.mean_math_location_parameter_multiple" name="mean_X_a_mean_X_a" time="3.15700000000015"/>
    <testcase classname="ds.mean_math_location_parameter_multiple" name="mean_X_a_mean_X_a" time="3.18100000000004"/>
    <testcase classname="ds.mean_math_location_parameter_multiple" name="mean_X_a_mean_X_a" time="3.17399999999998"/>
  </testsuite>
  <testsuite errors="0" failures="0" hostname="fv-az14" name="ds.mean::math::scale::multiple" skipped="0" tests="8" time="29.968" timestamp="2020-10-27T19:00:26Z">
    <testcase classname="ds.mean_math_scale_multiple" name="mean_X_a_mean_X_a" time="7.81600000000003"/>
    <testcase classname="ds.mean_math_scale_multiple" name="mean_X_a_mean_X_a" time="3.16300000000001"/>
    <testcase classname="ds.mean_math_scale_multiple" name="mean_X_a_mean_X_a" time="3.16099999999983"/>
    <testcase classname="ds.mean_math_scale_multiple" name="mean_X_a_mean_X_a" time="3.15600000000018"/>
    <testcase classname="ds.mean_math_scale_multiple" name="mean_X_a_mean_X_a" time="3.17899999999986"/>
    <testcase classname="ds.mean_math_scale_multiple" name="mean_X_a_mean_X_a" time="3.16200000000003"/>
    <testcase classname="ds.mean_math_scale_multiple" name="mean_X_a_mean_X_a" time="3.16000000000008"/>
    <testcase classname="ds.mean_math_scale_multiple" name="mean_X_a_mean_X_a" time="3.17099999999982"/>
  </testsuite>
  <testsuite errors="0" failures="0" hostname="fv-az14" name="ds.mean::math::scale::single" skipped="0" tests="8" time="20.146" timestamp="2020-10-27T19:00:56Z">
    <testcase classname="ds.mean_math_scale_single" name="mean_X_a_mean_X_a" time="5.4670000000001"/>
    <testcase classname="ds.mean_math_scale_single" name="mean_X_a_mean_X_a" time="2.09999999999991"/>
    <testcase classname="ds.mean_math_scale_single" name="mean_X_a_mean_X_a" time="2.10000000000014"/>
    <testcase classname="ds.mean_math_scale_single" name="mean_X_a_mean_X_a" time="2.09199999999987"/>
    <testcase classname="ds.mean_math_scale_single" name="mean_X_a_mean_X_a" time="2.10000000000014"/>
    <testcase classname="ds.mean_math_scale_single" name="mean_X_a_mean_X_a" time="2.08799999999997"/>
    <testcase classname="ds.mean_math_scale_single" name="mean_X_a_mean_X_a" time="2.10799999999995"/>
    <testcase classname="ds.mean_math_scale_single" name="mean_X_a_mean_X_a" time="2.09100000000012"/>
  </testsuite>
  <testsuite errors="0" failures="0" hostname="fv-az14" name="ds.var::math::positive_result::multiple" skipped="0" tests="32" time="23.553" timestamp="2020-10-27T19:01:16Z">
    <testcase classname="ds.var_math_positive_result_multiple" name="variance_0" time="5.57899999999995"/>
    <testcase classname="ds.var_math_positive_result_multiple" name="variance_0" time="1.20000000000005"/>
    <testcase classname="ds.var_math_positive_result_multiple" name="variance_0" time="1.20100000000002"/>
    <testcase classname="ds.var_math_positive_result_multiple" name="variance_0" time="1.19899999999984"/>
    <testcase classname="ds.var_math_positive_result_multiple" name="variance_0" time="1.19100000000003"/>
    <testcase classname="ds.var_math_positive_result_multiple" name="variance_0" time="1.18700000000013"/>
    <testcase classname="ds.var_math_positive_result_multiple" name="variance_0" time="1.19999999999982"/>
    <testcase classname="ds.var_math_positive_result_multiple" name="variance_0" time="1.1880000000001"/>
    <testcase classname="ds.var_math_positive_result_multiple" name="variance_0" time="1.19200000000001"/>
    <testcase classname="ds.var_math_positive_result_multiple" name="variance_0" time="0.00199999999995271"/>
    <testcase classname="ds.var_math_positive_result_multiple" name="variance_0" time="0.000999999999976353"/>
    <testcase classname="ds.var_math_positive_result_multiple" name="variance_0" time="1.20100000000002"/>
    <testcase classname="ds.var_math_positive_result_multiple" name="variance_0" time="0.00199999999995271"/>
    <testcase classname="ds.var_math_positive_result_multiple" name="variance_0" time="0.000999999999976353"/>
    <testcase classname="ds.var_math_positive_result_multiple" name="variance_0" time="1.19800000000009"/>
    <testcase classname="ds.var_math_positive_result_multiple" name="variance_0" time="0.00199999999995271"/>
    <testcase classname="ds.var_math_positive_result_multiple" name="variance_0" time="0.000999999999976353"/>
    <testcase classname="ds.var_math_positive_result_multiple" name="variance_0" time="1.19700000000012"/>
    <testcase classname="ds.var_math_positive_result_multiple" name="variance_0" time="0.00199999999995271"/>
    <testcase classname="ds.var_math_positive_result_multiple" name="variance_0" time="0.000999999999976353"/>
    <testcase classname="ds.var_math_positive_result_multiple" name="variance_0" time="1.20100000000002"/>
    <testcase classname="ds.var_math_positive_result_multiple" name="variance_0" time="0.000999999999976353"/>
    <testcase classname="ds.var_math_positive_result_multiple" name="variance_0" time="0.00199999999995271"/>
    <testcase classname="ds.var_math_positive_result_multiple" name="variance_0" time="1.19700000000012"/>
    <testcase classname="ds.var_math_positive_result_multiple" name="variance_0" time="0.00199999999995271"/>
    <testcase classname="ds.var_math_positive_result_multiple" name="variance_0" time="0.000999999999976353"/>
    <testcase classname="ds.var_math_positive_result_multiple" name="variance_0" time="1.19900000000007"/>
    <testcase classname="ds.var_math_positive_result_multiple" name="variance_0" time="0.000999999999976353"/>
    <testcase classname="ds.var_math_positive_result_multiple" name="variance_0" time="0.00199999999995271"/>
    <testcase classname="ds.var_math_positive_result_multiple" name="variance_0" time="1.19900000000007"/>
    <testcase classname="ds.var_math_positive_result_multiple" name="variance_0" time="0.00199999999995271"/>
    <testcase classname="ds.var_math_positive_result_multiple" name="variance_0" time="0.000999999999976353"/>
  </testsuite>
  <testsuite errors="0" failures="0" hostname="fv-az14" name="ds.var::math::positive_result::single" skipped="0" tests="32" time="14.531" timestamp="2020-10-27T19:01:40Z">
    <testcase classname="ds.var_math_positive_result_single" name="variance_0" time="4.048"/>
    <testcase classname="ds.var_math_positive_result_single" name="variance_0" time="0.691000000000031"/>
    <testcase classname="ds.var_math_positive_result_single" name="variance_0" time="0.692999999999984"/>
    <testcase classname="ds.var_math_positive_result_single" name="variance_0" time="0.702999999999975"/>
    <testcase classname="ds.var_math_positive_result_single" name="variance_0" time="0.692999999999984"/>
    <testcase classname="ds.var_math_positive_result_single" name="variance_0" time="0.695000000000164"/>
    <testcase classname="ds.var_math_positive_result_single" name="variance_0" time="0.695999999999913"/>
    <testcase classname="ds.var_math_positive_result_single" name="variance_0" time="0.701000000000022"/>
    <testcase classname="ds.var_math_positive_result_single" name="variance_0" time="0.700000000000045"/>
    <testcase classname="ds.var_math_positive_result_single" name="variance_0" time="0.00199999999995271"/>
    <testcase classname="ds.var_math_positive_result_single" name="variance_0" time="0.000999999999976353"/>
    <testcase classname="ds.var_math_positive_result_single" name="variance_0" time="0.701000000000022"/>
    <testcase classname="ds.var_math_positive_result_single" name="variance_0" time="0.000999999999976353"/>
    <testcase classname="ds.var_math_positive_result_single" name="variance_0" time="0.000999999999976353"/>
    <testcase classname="ds.var_math_positive_result_single" name="variance_0" time="0.698000000000093"/>
    <testcase classname="ds.var_math_positive_result_single" name="variance_0" time="0.000999999999976353"/>
    <testcase classname="ds.var_math_positive_result_single" name="variance_0" time="0.000999999999976353"/>
    <testcase classname="ds.var_math_positive_result_single" name="variance_0" time="0.69399999999996"/>
    <testcase classname="ds.var_math_positive_result_single" name="variance_0" time="0.000999999999976353"/>
    <testcase classname="ds.var_math_positive_result_single" name="variance_0" time="0.000999999999976353"/>
    <testcase classname="ds.var_math_positive_result_single" name="variance_0" time="0.701999999999998"/>
    <testcase classname="ds.var_math_positive_result_single" name="variance_0" time="0.000999999999976353"/>
    <testcase classname="ds.var_math_positive_result_single" name="variance_0" time="0.000999999999976353"/>
    <testcase classname="ds.var_math_positive_result_single" name="variance_0" time="0.694000000000187"/>
    <testcase classname="ds.var_math_positive_result_single" name="variance_0" time="0.00199999999995271"/>
    <testcase classname="ds.var_math_positive_result_single" name="variance_0" time="0.000999999999976353"/>
    <testcase classname="ds.var_math_positive_result_single" name="variance_0" time="0.692999999999984"/>
    <testcase classname="ds.var_math_positive_result_single" name="variance_0" time="0.00199999999995271"/>
    <testcase classname="ds.var_math_positive_result_single" name="variance_0" time="0.000999999999976353"/>
    <testcase classname="ds.var_math_positive_result_single" name="variance_0" time="0.70900000000006"/>
    <testcase classname="ds.var_math_positive_result_single" name="variance_0" time="0.00199999999995271"/>
    <testcase classname="ds.var_math_positive_result_single" name="variance_0" time="0.000999999999976353"/>
  </testsuite>
  <testsuite errors="0" failures="0" hostname="fv-az14" name="ds.var::math::square_root_std::single" skipped="0" tests="8" time="5.005" timestamp="2020-10-27T19:01:54Z">
    <testcase classname="ds.var_math_square_root_std_single" name="variance_is_to_the_power_of_2_of_the_standard_deviation" time="3.34400000000005"/>
    <testcase classname="ds.var_math_square_root_std_single" name="variance_is_to_the_power_of_2_of_the_standard_deviation" time="0.240000000000009"/>
    <testcase classname="ds.var_math_square_root_std_single" name="variance_is_to_the_power_of_2_of_the_standard_deviation" time="0.23700000000008"/>
    <testcase classname="ds.var_math_square_root_std_single" name="variance_is_to_the_power_of_2_of_the_standard_deviation" time="0.239000000000033"/>
    <testcase classname="ds.var_math_square_root_std_single" name="variance_is_to_the_power_of_2_of_the_standard_deviation" time="0.236999999999853"/>
    <testcase classname="ds.var_math_square_root_std_single" name="variance_is_to_the_power_of_2_of_the_standard_deviation" time="0.23700000000008"/>
    <testcase classname="ds.var_math_square_root_std_single" name="variance_is_to_the_power_of_2_of_the_standard_deviation" time="0.2349999999999"/>
    <testcase classname="ds.var_math_square_root_std_single" name="variance_is_to_the_power_of_2_of_the_standard_deviation" time="0.236000000000104"/>
  </testsuite>
  <testsuite errors="0" failures="0" hostname="fv-az14" name="ds.var::math::square_root_std::multiple" skipped="0" tests="32" time="8.623" timestamp="2020-10-27T19:01:59Z">
    <testcase classname="ds.var_math_square_root_std_multiple" name="variance_is_to_the_power_of_2_of_the_standard_deviation" time="4.65000000000009"/>
    <testcase classname="ds.var_math_square_root_std_multiple" name="variance_is_to_the_power_of_2_of_the_standard_deviation" time="0.263999999999896"/>
    <testcase classname="ds.var_math_square_root_std_multiple" name="variance_is_to_the_power_of_2_of_the_standard_deviation" time="0.26299999999992"/>
    <testcase classname="ds.var_math_square_root_std_multiple" name="variance_is_to_the_power_of_2_of_the_standard_deviation" time="0.264000000000124"/>
    <testcase classname="ds.var_math_square_root_std_multiple" name="variance_is_to_the_power_of_2_of_the_standard_deviation" time="0.259999999999991"/>
    <testcase classname="ds.var_math_square_root_std_multiple" name="variance_is_to_the_power_of_2_of_the_standard_deviation" time="0.259000000000015"/>
    <testcase classname="ds.var_math_square_root_std_multiple" name="variance_is_to_the_power_of_2_of_the_standard_deviation" time="0.265999999999849"/>
    <testcase classname="ds.var_math_square_root_std_multiple" name="variance_is_to_the_power_of_2_of_the_standard_deviation" time="0.263000000000147"/>
    <testcase classname="ds.var_math_square_root_std_multiple" name="variance_is_to_the_power_of_2_of_the_standard_deviation" time="0.270999999999958"/>
    <testcase classname="ds.var_math_square_root_std_multiple" name="variance_is_to_the_power_of_2_of_the_standard_deviation" time="0.00199999999995271"/>
    <testcase classname="ds.var_math_square_root_std_multiple" name="variance_is_to_the_power_of_2_of_the_standard_deviation" time="0.000999999999976353"/>
    <testcase classname="ds.var_math_square_root_std_multiple" name="variance_is_to_the_power_of_2_of_the_standard_deviation" time="0.259999999999991"/>
    <testcase classname="ds.var_math_square_root_std_multiple" name="variance_is_to_the_power_of_2_of_the_standard_deviation" time="0.00200000000018008"/>
    <testcase classname="ds.var_math_square_root_std_multiple" name="variance_is_to_the_power_of_2_of_the_standard_deviation" time="0.000999999999976353"/>
    <testcase classname="ds.var_math_square_root_std_multiple" name="variance_is_to_the_power_of_2_of_the_standard_deviation" time="0.263999999999896"/>
    <testcase classname="ds.var_math_square_root_std_multiple" name="variance_is_to_the_power_of_2_of_the_standard_deviation" time="0.00199999999995271"/>
    <testcase classname="ds.var_math_square_root_std_multiple" name="variance_is_to_the_power_of_2_of_the_standard_deviation" time="0.000999999999976353"/>
    <testcase classname="ds.var_math_square_root_std_multiple" name="variance_is_to_the_power_of_2_of_the_standard_deviation" time="0.269999999999982"/>
    <testcase classname="ds.var_math_square_root_std_multiple" name="variance_is_to_the_power_of_2_of_the_standard_deviation" time="0.00100000000020373"/>
    <testcase classname="ds.var_math_square_root_std_multiple" name="variance_is_to_the_power_of_2_of_the_standard_deviation" time="0.00199999999995271"/>
    <testcase classname="ds.var_math_square_root_std_multiple" name="variance_is_to_the_power_of_2_of_the_standard_deviation" time="0.261999999999944"/>
    <testcase classname="ds.var_math_square_root_std_multiple" name="variance_is_to_the_power_of_2_of_the_standard_deviation" time="0.00199999999995271"/>
    <testcase classname="ds.var_math_square_root_std_multiple" name="variance_is_to_the_power_of_2_of_the_standard_deviation" time="0.000999999999976353"/>
    <testcase classname="ds.var_math_square_root_std_multiple" name="variance_is_to_the_power_of_2_of_the_standard_deviation" time="0.260999999999967"/>
    <testcase classname="ds.var_math_square_root_std_multiple" name="variance_is_to_the_power_of_2_of_the_standard_deviation" time="0.00200000000018008"/>
    <testcase classname="ds.var_math_square_root_std_multiple" name="variance_is_to_the_power_of_2_of_the_standard_deviation" time="0.00199999999995271"/>
    <testcase classname="ds.var_math_square_root_std_multiple" name="variance_is_to_the_power_of_2_of_the_standard_deviation" time="0.259000000000015"/>
    <testcase classname="ds.var_math_square_root_std_multiple" name="variance_is_to_the_power_of_2_of_the_standard_deviation" time="0.00199999999995271"/>
    <testcase classname="ds.var_math_square_root_std_multiple" name="variance_is_to_the_power_of_2_of_the_standard_deviation" time="0.000999999999976353"/>
    <testcase classname="ds.var_math_square_root_std_multiple" name="variance_is_to_the_power_of_2_of_the_standard_deviation" time="0.261999999999944"/>
    <testcase classname="ds.var_math_square_root_std_multiple" name="variance_is_to_the_power_of_2_of_the_standard_deviation" time="0.000999999999976353"/>
    <testcase classname="ds.var_math_square_root_std_multiple" name="variance_is_to_the_power_of_2_of_the_standard_deviation" time="0.00200000000018008"/>
  </testsuite>
  <testsuite errors="0" failures="0" hostname="fv-az14" name="ds.var::math::location::parameter::single" skipped="0" tests="8" time="20.093" timestamp="2020-10-27T19:02:08Z">
    <testcase classname="ds.var_math_location_parameter_single" name="var_X_a_Var_X_" time="5.42399999999998"/>
    <testcase classname="ds.var_math_location_parameter_single" name="var_X_a_Var_X_" time="2.10500000000002"/>
    <testcase classname="ds.var_math_location_parameter_single" name="var_X_a_Var_X_" time="2.09199999999987"/>
    <testcase classname="ds.var_math_location_parameter_single" name="var_X_a_Var_X_" time="2.08799999999997"/>
    <testcase classname="ds.var_math_location_parameter_single" name="var_X_a_Var_X_" time="2.096"/>
    <testcase classname="ds.var_math_location_parameter_single" name="var_X_a_Var_X_" time="2.096"/>
    <testcase classname="ds.var_math_location_parameter_single" name="var_X_a_Var_X_" time="2.09900000000016"/>
    <testcase classname="ds.var_math_location_parameter_single" name="var_X_a_Var_X_" time="2.09299999999985"/>
  </testsuite>
  <testsuite errors="0" failures="0" hostname="fv-az14" name="ds.var::math::location::parameter::multiple" skipped="0" tests="8" time="29.782" timestamp="2020-10-27T19:02:28Z">
    <testcase classname="ds.var_math_location_parameter_multiple" name="var_X_a_Var_X_" time="7.55200000000013"/>
    <testcase classname="ds.var_math_location_parameter_multiple" name="var_X_a_Var_X_" time="3.16300000000001"/>
    <testcase classname="ds.var_math_location_parameter_multiple" name="var_X_a_Var_X_" time="3.17100000000005"/>
    <testcase classname="ds.var_math_location_parameter_multiple" name="var_X_a_Var_X_" time="3.17999999999984"/>
    <testcase classname="ds.var_math_location_parameter_multiple" name="var_X_a_Var_X_" time="3.19600000000014"/>
    <testcase classname="ds.var_math_location_parameter_multiple" name="var_X_a_Var_X_" time="3.16499999999996"/>
    <testcase classname="ds.var_math_location_parameter_multiple" name="var_X_a_Var_X_" time="3.16699999999992"/>
    <testcase classname="ds.var_math_location_parameter_multiple" name="var_X_a_Var_X_" time="3.1880000000001"/>
  </testsuite>
  <testsuite errors="0" failures="0" hostname="fv-az14" name="ds.var::math::scale::single" skipped="0" tests="8" time="20.113" timestamp="2020-10-27T19:02:58Z">
    <testcase classname="ds.var_math_scale_single" name="var_aX_a_2Var_X_" time="5.45699999999988"/>
    <testcase classname="ds.var_math_scale_single" name="var_aX_a_2Var_X_" time="2.09300000000007"/>
    <testcase classname="ds.var_math_scale_single" name="var_aX_a_2Var_X_" time="2.09899999999993"/>
    <testcase classname="ds.var_math_scale_single" name="var_aX_a_2Var_X_" time="2.08000000000015"/>
    <testcase classname="ds.var_math_scale_single" name="var_aX_a_2Var_X_" time="2.09299999999985"/>
    <testcase classname="ds.var_math_scale_single" name="var_aX_a_2Var_X_" time="2.0920000000001"/>
    <testcase classname="ds.var_math_scale_single" name="var_aX_a_2Var_X_" time="2.10400000000004"/>
    <testcase classname="ds.var_math_scale_single" name="var_aX_a_2Var_X_" time="2.0949999999998"/>
  </testsuite>
  <testsuite errors="0" failures="0" hostname="fv-az14" name="ds.var::math::scale::multiple" skipped="0" tests="8" time="29.753" timestamp="2020-10-27T19:03:18Z">
    <testcase classname="ds.var_math_scale_multiple" name="var_aX_a_2Var_X_" time="7.5440000000001"/>
    <testcase classname="ds.var_math_scale_multiple" name="var_aX_a_2Var_X_" time="3.17399999999998"/>
    <testcase classname="ds.var_math_scale_multiple" name="var_aX_a_2Var_X_" time="3.17399999999998"/>
    <testcase classname="ds.var_math_scale_multiple" name="var_aX_a_2Var_X_" time="3.16100000000006"/>
    <testcase classname="ds.var_math_scale_multiple" name="var_aX_a_2Var_X_" time="3.20299999999997"/>
    <testcase classname="ds.var_math_scale_multiple" name="var_aX_a_2Var_X_" time="3.17100000000005"/>
    <testcase classname="ds.var_math_scale_multiple" name="var_aX_a_2Var_X_" time="3.17000000000007"/>
    <testcase classname="ds.var_math_scale_multiple" name="var_aX_a_2Var_X_" time="3.15599999999995"/>
  </testsuite>
  <testsuite errors="0" failures="0" hostname="fv-az14" name="checkClass::smk::discordant::setup" skipped="0" tests="3" time="4.669" timestamp="2020-10-27T19:03:48Z">
    <testcase classname="checkClass_smk_discordant_setup" name="setup" time="4.66699999999992"/>
    <testcase classname="checkClass_smk_discordant_setup" name="setup" time="0.000999999999976353"/>
    <testcase classname="checkClass_smk_discordant_setup" name="setup" time="0.000999999999976353"/>
  </testsuite>
  <testsuite errors="0" failures="0" hostname="fv-az14" name="checkClass::smk::discordant" skipped="0" tests="3" time="2.046" timestamp="2020-10-27T19:03:52Z">
    <testcase classname="checkClass_smk_discordant" name="simple_test_discordant_dataset_A" time="0.686000000000149"/>
    <testcase classname="checkClass_smk_discordant" name="simple_test_discordant_dataset_B" time="0.679999999999836"/>
    <testcase classname="checkClass_smk_discordant" name="simple_test_discordant_dataset_C" time="0.680000000000064"/>
  </testsuite>
  <testsuite errors="0" failures="0" hostname="fv-az14" name="checkClass::smk::discordant::shutdown" skipped="0" tests="3" time="0.271" timestamp="2020-10-27T19:03:54Z">
    <testcase classname="checkClass_smk_discordant_shutdown" name="shutdown" time="0.269000000000005"/>
    <testcase classname="checkClass_smk_discordant_shutdown" name="shutdown" time="0.000999999999976353"/>
    <testcase classname="checkClass_smk_discordant_shutdown" name="shutdown" time="0.000999999999976353"/>
  </testsuite>
  <testsuite errors="0" failures="0" hostname="fv-az14" name="checkClass::smk::discordant::done" skipped="0" tests="0" time="0" timestamp="2020-10-27T19:03:55Z"/>
  <testsuite errors="0" failures="0" hostname="fv-az14" name="checkClass::smk::setup" skipped="0" tests="3" time="5.02" timestamp="2020-10-27T19:03:55Z">
    <testcase classname="checkClass_smk_setup" name="setup" time="5.01800000000003"/>
    <testcase classname="checkClass_smk_setup" name="setup" time="0.000999999999976353"/>
    <testcase classname="checkClass_smk_setup" name="setup" time="0.000999999999976353"/>
  </testsuite>
  <testsuite errors="0" failures="0" hostname="fv-az14" name="checkClass::smk::simple test" skipped="0" tests="24" time="8.087" timestamp="2020-10-27T19:04:00Z">
    <testcase classname="checkClass_smk_simple_test" name="simple_test" time="0.68100000000004"/>
    <testcase classname="checkClass_smk_simple_test" name="simple_test" time="0.000999999999976353"/>
    <testcase classname="checkClass_smk_simple_test" name="simple_test" time="0.00200000000018008"/>
    <testcase classname="checkClass_smk_simple_test" name="simple_test" time="0.676999999999907"/>
    <testcase classname="checkClass_smk_simple_test" name="simple_test" time="0.000999999999976353"/>
    <testcase classname="checkClass_smk_simple_test" name="simple_test" time="0.000999999999976353"/>
    <testcase classname="checkClass_smk_simple_test" name="simple_test" time="0.678000000000111"/>
    <testcase classname="checkClass_smk_simple_test" name="simple_test" time="0.000999999999976353"/>
    <testcase classname="checkClass_smk_simple_test" name="simple_test" time="0.000999999999976353"/>
    <testcase classname="checkClass_smk_simple_test" name="simple_test" time="0.676999999999907"/>
    <testcase classname="checkClass_smk_simple_test" name="simple_test" time="0.00199999999995271"/>
    <testcase classname="checkClass_smk_simple_test" name="simple_test" time="0.00100000000020373"/>
    <testcase classname="checkClass_smk_simple_test" name="simple_test" time="0.673000000000002"/>
    <testcase classname="checkClass_smk_simple_test" name="simple_test" time="0.00199999999995271"/>
    <testcase classname="checkClass_smk_simple_test" name="simple_test" time="0.000999999999976353"/>
    <testcase classname="checkClass_smk_simple_test" name="simple_test" time="0.676999999999907"/>
    <testcase classname="checkClass_smk_simple_test" name="simple_test" time="0.00200000000018008"/>
    <testcase classname="checkClass_smk_simple_test" name="simple_test" time="0.00199999999995271"/>
    <testcase classname="checkClass_smk_simple_test" name="data.frame_test" time="3.32500000000005"/>
    <testcase classname="checkClass_smk_simple_test" name="data.frame_test" time="0.00199999999995271"/>
    <testcase classname="checkClass_smk_simple_test" name="data.frame_test" time="0.000999999999976353"/>
    <testcase classname="checkClass_smk_simple_test" name="missing_test" time="0.675999999999931"/>
    <testcase classname="checkClass_smk_simple_test" name="missing_test" time="0.00199999999995271"/>
    <testcase classname="checkClass_smk_simple_test" name="missing_test" time="0.000999999999976353"/>
  </testsuite>
  <testsuite errors="0" failures="0" hostname="fv-az14" name="checkClass::smk::shutdown" skipped="0" tests="3" time="0.274" timestamp="2020-10-27T19:04:08Z">
    <testcase classname="checkClass_smk_shutdown" name="shutdown" time="0.272000000000162"/>
    <testcase classname="checkClass_smk_shutdown" name="shutdown" time="0.000999999999976353"/>
    <testcase classname="checkClass_smk_shutdown" name="shutdown" time="0.000999999999976353"/>
  </testsuite>
  <testsuite errors="0" failures="0" hostname="fv-az14" name="checkClass::smk::done" skipped="0" tests="0" time="0" timestamp="2020-10-27T19:04:09Z"/>
  <testsuite errors="0" failures="0" hostname="fv-az14" name="ds.abs::smk::setup" skipped="0" tests="3" time="4.98" timestamp="2020-10-27T19:04:09Z">
    <testcase classname="ds.abs_smk_setup" name="setup" time="4.97800000000007"/>
    <testcase classname="ds.abs_smk_setup" name="setup" time="0.000999999999976353"/>
    <testcase classname="ds.abs_smk_setup" name="setup" time="0.000999999999976353"/>
  </testsuite>
  <testsuite errors="0" failures="0" hostname="fv-az14" name="ds.abs::smk" skipped="0" tests="10" time="2.253" timestamp="2020-10-27T19:04:13Z">
    <testcase classname="ds.abs_smk" name="simple_c" time="1.46499999999992"/>
    <testcase classname="ds.abs_smk" name="simple_c" time="0.259999999999991"/>
    <testcase classname="ds.abs_smk" name="simple_c" time="0.000999999999976353"/>
    <testcase classname="ds.abs_smk" name="simple_c" time="0.000999999999976353"/>
    <testcase classname="ds.abs_smk" name="simple_c" time="0.00100000000020373"/>
    <testcase classname="ds.abs_smk" name="simple_c" time="0.00199999999995271"/>
    <testcase classname="ds.abs_smk" name="simple_c" time="0.519000000000005"/>
    <testcase classname="ds.abs_smk" name="simple_c" time="0.000999999999976353"/>
    <testcase classname="ds.abs_smk" name="simple_c" time="0.00199999999995271"/>
    <testcase classname="ds.abs_smk" name="simple_c" time="0.000999999999976353"/>
  </testsuite>
  <testsuite errors="0" failures="0" hostname="fv-az14" name="ds.abs::smk::shutdown" skipped="0" tests="3" time="0.271" timestamp="2020-10-27T19:04:15Z">
    <testcase classname="ds.abs_smk_shutdown" name="setup" time="0.269000000000005"/>
    <testcase classname="ds.abs_smk_shutdown" name="setup" time="0.000999999999976353"/>
    <testcase classname="ds.abs_smk_shutdown" name="setup" time="0.000999999999976353"/>
  </testsuite>
  <testsuite errors="0" failures="0" hostname="fv-az14" name="ds.abs::smk::done" skipped="0" tests="0" time="0" timestamp="2020-10-27T19:04:16Z"/>
  <testsuite errors="0" failures="0" hostname="fv-az14" name="ds.asCharacter::smk::setup" skipped="0" tests="3" time="4.981" timestamp="2020-10-27T19:04:16Z">
    <testcase classname="ds.asCharacter_smk_setup" name="setup" time="4.97900000000004"/>
    <testcase classname="ds.asCharacter_smk_setup" name="setup" time="0.000999999999976353"/>
    <testcase classname="ds.asCharacter_smk_setup" name="setup" time="0.000999999999976353"/>
  </testsuite>
  <testsuite errors="0" failures="0" hostname="fv-az14" name="ds.asCharacter::smk::simple test" skipped="0" tests="3" time="0.789" timestamp="2020-10-27T19:04:20Z">
    <testcase classname="ds.asCharacter_smk_simple_test" name="simple_test" time="0.787000000000035"/>
    <testcase classname="ds.asCharacter_smk_simple_test" name="simple_test" time="0.000999999999976353"/>
    <testcase classname="ds.asCharacter_smk_simple_test" name="simple_test" time="0.000999999999976353"/>
  </testsuite>
  <testsuite errors="0" failures="0" hostname="fv-az14" name="ds.asCharacter::smk::stutdown" skipped="0" tests="3" time="0.276" timestamp="2020-10-27T19:04:21Z">
    <testcase classname="ds.asCharacter_smk_stutdown" name="setup" time="0.274000000000115"/>
    <testcase classname="ds.asCharacter_smk_stutdown" name="setup" time="0.000999999999976353"/>
    <testcase classname="ds.asCharacter_smk_stutdown" name="setup" time="0.000999999999976353"/>
  </testsuite>
  <testsuite errors="0" failures="0" hostname="fv-az14" name="ds.asCharacter::smk::done" skipped="0" tests="0" time="0" timestamp="2020-10-27T19:04:22Z"/>
  <testsuite errors="0" failures="0" hostname="fv-az14" name="ds.asDataMatrix::smk::setup" skipped="0" tests="3" time="4.994" timestamp="2020-10-27T19:04:22Z">
    <testcase classname="ds.asDataMatrix_smk_setup" name="setup" time="4.99199999999996"/>
    <testcase classname="ds.asDataMatrix_smk_setup" name="setup" time="0.000999999999976353"/>
    <testcase classname="ds.asDataMatrix_smk_setup" name="setup" time="0.00100000000020373"/>
  </testsuite>
  <testsuite errors="0" failures="0" hostname="fv-az14" name="ds.asDataMatrix::smk::simple test" skipped="0" tests="3" time="0.828" timestamp="2020-10-27T19:04:26Z">
    <testcase classname="ds.asDataMatrix_smk_simple_test" name="simple_test" time="0.825999999999794"/>
    <testcase classname="ds.asDataMatrix_smk_simple_test" name="simple_test" time="0.00100000000020373"/>
    <testcase classname="ds.asDataMatrix_smk_simple_test" name="simple_test" time="0.000999999999976353"/>
  </testsuite>
  <testsuite errors="0" failures="0" hostname="fv-az14" name="ds.asDataMatrix::smk::shutdown" skipped="0" tests="3" time="0.278" timestamp="2020-10-27T19:04:27Z">
    <testcase classname="ds.asDataMatrix_smk_shutdown" name="shutdown" time="0.27599999999984"/>
    <testcase classname="ds.asDataMatrix_smk_shutdown" name="shutdown" time="0.000999999999976353"/>
    <testcase classname="ds.asDataMatrix_smk_shutdown" name="shutdown" time="0.00100000000020373"/>
  </testsuite>
  <testsuite errors="0" failures="0" hostname="fv-az14" name="ds.asDataMatrix::smk::done" skipped="0" tests="0" time="0" timestamp="2020-10-27T19:04:28Z"/>
  <testsuite errors="0" failures="0" hostname="fv-az14" name="ds.asFactor::smk::setup" skipped="0" tests="3" time="4.972" timestamp="2020-10-27T19:04:28Z">
    <testcase classname="ds.asFactor_smk_setup" name="setup" time="4.9699999999998"/>
    <testcase classname="ds.asFactor_smk_setup" name="setup" time="0.00100000000020373"/>
    <testcase classname="ds.asFactor_smk_setup" name="setup" time="0.000999999999976353"/>
  </testsuite>
  <testsuite errors="0" failures="0" hostname="fv-az14" name="ds.asFactor::smk::force.factor.levels" skipped="0" tests="25" time="13.353" timestamp="2020-10-27T19:04:33Z">
    <testcase classname="ds.asFactor_smk_force.factor.levels" name="with_no_force.factor.levels" time="2.11899999999991"/>
    <testcase classname="ds.asFactor_smk_force.factor.levels" name="with_no_force.factor.levels" time="1.20299999999997"/>
    <testcase classname="ds.asFactor_smk_force.factor.levels" name="with_no_force.factor.levels" time="0.000999999999976353"/>
    <testcase classname="ds.asFactor_smk_force.factor.levels" name="with_no_force.factor.levels" time="0.00199999999995271"/>
    <testcase classname="ds.asFactor_smk_force.factor.levels" name="with_no_force.factor.levels" time="0.00100000000020373"/>
    <testcase classname="ds.asFactor_smk_force.factor.levels" name="with_forced.factor.levels_of_1_6" time="1.31499999999983"/>
    <testcase classname="ds.asFactor_smk_force.factor.levels" name="with_forced.factor.levels_of_1_6" time="1.19000000000005"/>
    <testcase classname="ds.asFactor_smk_force.factor.levels" name="with_forced.factor.levels_of_1_6" time="0.00199999999995271"/>
    <testcase classname="ds.asFactor_smk_force.factor.levels" name="with_forced.factor.levels_of_1_6" time="0.000999999999976353"/>
    <testcase classname="ds.asFactor_smk_force.factor.levels" name="with_forced.factor.levels_of_1_6" time="0.000999999999976353"/>
    <testcase classname="ds.asFactor_smk_force.factor.levels" name="with_force.factor.levels_of_0_10" time="1.31200000000013"/>
    <testcase classname="ds.asFactor_smk_force.factor.levels" name="with_force.factor.levels_of_0_10" time="1.19200000000001"/>
    <testcase classname="ds.asFactor_smk_force.factor.levels" name="with_force.factor.levels_of_0_10" time="0.000999999999976353"/>
    <testcase classname="ds.asFactor_smk_force.factor.levels" name="with_force.factor.levels_of_0_10" time="0.000999999999976353"/>
    <testcase classname="ds.asFactor_smk_force.factor.levels" name="with_force.factor.levels_of_0_10" time="0.00199999999995271"/>
    <testcase classname="ds.asFactor_smk_force.factor.levels" name="with_force.factor.levels_of_2_3" time="1.30300000000011"/>
    <testcase classname="ds.asFactor_smk_force.factor.levels" name="with_force.factor.levels_of_2_3" time="1.20100000000002"/>
    <testcase classname="ds.asFactor_smk_force.factor.levels" name="with_force.factor.levels_of_2_3" time="0.00199999999995271"/>
    <testcase classname="ds.asFactor_smk_force.factor.levels" name="with_force.factor.levels_of_2_3" time="0.000999999999976353"/>
    <testcase classname="ds.asFactor_smk_force.factor.levels" name="with_force.factor.levels_of_2_3" time="0.000999999999976353"/>
    <testcase classname="ds.asFactor_smk_force.factor.levels" name="with_force.factor.levels_of_c_1_2_3_4_a_h_5_" time="1.29700000000003"/>
    <testcase classname="ds.asFactor_smk_force.factor.levels" name="with_force.factor.levels_of_c_1_2_3_4_a_h_5_" time="1.20000000000005"/>
    <testcase classname="ds.asFactor_smk_force.factor.levels" name="with_force.factor.levels_of_c_1_2_3_4_a_h_5_" time="0.00199999999995271"/>
    <testcase classname="ds.asFactor_smk_force.factor.levels" name="with_force.factor.levels_of_c_1_2_3_4_a_h_5_" time="0.00199999999995271"/>
    <testcase classname="ds.asFactor_smk_force.factor.levels" name="with_force.factor.levels_of_c_1_2_3_4_a_h_5_" time="0.000999999999976353"/>
  </testsuite>
  <testsuite errors="0" failures="0" hostname="fv-az14" name="ds.asFactor::smk::fixed.dummy.vars" skipped="0" tests="6" time="2.631" timestamp="2020-10-27T19:04:46Z">
    <testcase classname="ds.asFactor_smk_fixed.dummy.vars" name="with_fixed.dummy.vars_of_TRUE" time="1.31400000000008"/>
    <testcase classname="ds.asFactor_smk_fixed.dummy.vars" name="with_fixed.dummy.vars_of_TRUE" time="0.000999999999976353"/>
    <testcase classname="ds.asFactor_smk_fixed.dummy.vars" name="with_fixed.dummy.vars_of_TRUE" time="0.000999999999976353"/>
    <testcase classname="ds.asFactor_smk_fixed.dummy.vars" name="with_fixed.dummy.vars_of_TRUE_and_baseline.level_of_6" time="1.31200000000013"/>
    <testcase classname="ds.asFactor_smk_fixed.dummy.vars" name="with_fixed.dummy.vars_of_TRUE_and_baseline.level_of_6" time="0.000999999999976353"/>
    <testcase classname="ds.asFactor_smk_fixed.dummy.vars" name="with_fixed.dummy.vars_of_TRUE_and_baseline.level_of_6" time="0.00199999999995271"/>
  </testsuite>
  <testsuite errors="0" failures="0" hostname="fv-az14" name="ds.asFactor::smk::shutdown" skipped="0" tests="3" time="0.268" timestamp="2020-10-27T19:04:49Z">
    <testcase classname="ds.asFactor_smk_shutdown" name="shutdown" time="0.266000000000076"/>
    <testcase classname="ds.asFactor_smk_shutdown" name="shutdown" time="0.000999999999976353"/>
    <testcase classname="ds.asFactor_smk_shutdown" name="shutdown" time="0.000999999999976353"/>
  </testsuite>
  <testsuite errors="0" failures="0" hostname="fv-az14" name="ds.asFactor::smk::done" skipped="0" tests="0" time="0" timestamp="2020-10-27T19:04:49Z"/>
  <testsuite errors="0" failures="0" hostname="fv-az14" name="ds.asInteger::smk::setup" skipped="0" tests="3" time="4.949" timestamp="2020-10-27T19:04:49Z">
    <testcase classname="ds.asInteger_smk_setup" name="setup" time="4.94699999999989"/>
    <testcase classname="ds.asInteger_smk_setup" name="setup" time="0.000999999999976353"/>
    <testcase classname="ds.asInteger_smk_setup" name="setup" time="0.00100000000020373"/>
  </testsuite>
  <testsuite errors="0" failures="0" hostname="fv-az14" name="ds.asInteger::smk::simple test" skipped="0" tests="3" time="0.831" timestamp="2020-10-27T19:04:54Z">
    <testcase classname="ds.asInteger_smk_simple_test" name="simple_test" time="0.827999999999975"/>
    <testcase classname="ds.asInteger_smk_simple_test" name="simple_test" time="0.000999999999976353"/>
    <testcase classname="ds.asInteger_smk_simple_test" name="simple_test" time="0.00199999999995271"/>
  </testsuite>
  <testsuite errors="0" failures="0" hostname="fv-az14" name="ds.asInteger::smk::stutdown" skipped="0" tests="3" time="0.276" timestamp="2020-10-27T19:04:55Z">
    <testcase classname="ds.asInteger_smk_stutdown" name="stutdown" time="0.273999999999887"/>
    <testcase classname="ds.asInteger_smk_stutdown" name="stutdown" time="0.00100000000020373"/>
    <testcase classname="ds.asInteger_smk_stutdown" name="stutdown" time="0.000999999999976353"/>
  </testsuite>
  <testsuite errors="0" failures="0" hostname="fv-az14" name="ds.asInteger::smk::done" skipped="0" tests="0" time="0" timestamp="2020-10-27T19:04:55Z"/>
  <testsuite errors="0" failures="0" hostname="fv-az14" name="ds.asList::smk::setup" skipped="0" tests="3" time="4.953" timestamp="2020-10-27T19:04:55Z">
    <testcase classname="ds.asList_smk_setup" name="setup" time="4.95100000000002"/>
    <testcase classname="ds.asList_smk_setup" name="setup" time="0.000999999999976353"/>
    <testcase classname="ds.asList_smk_setup" name="setup" time="0.000999999999976353"/>
  </testsuite>
  <testsuite errors="0" failures="0" hostname="fv-az14" name="ds.asList::smk::simple test" skipped="0" tests="10" time="0.296" timestamp="2020-10-27T19:05:00Z">
    <testcase classname="ds.asList_smk_simple_test" name="simple_test" time="0.286000000000058"/>
    <testcase classname="ds.asList_smk_simple_test" name="simple_test" time="0.000999999999976353"/>
    <testcase classname="ds.asList_smk_simple_test" name="simple_test" time="0.00199999999995271"/>
    <testcase classname="ds.asList_smk_simple_test" name="simple_test" time="0.000999999999976353"/>
    <testcase classname="ds.asList_smk_simple_test" name="simple_test" time="0.000999999999976353"/>
    <testcase classname="ds.asList_smk_simple_test" name="simple_test" time="0.000999999999976353"/>
    <testcase classname="ds.asList_smk_simple_test" name="simple_test" time="0.000999999999976353"/>
    <testcase classname="ds.asList_smk_simple_test" name="simple_test" time="0.000999999999976353"/>
    <testcase classname="ds.asList_smk_simple_test" name="simple_test" time="0.000999999999976353"/>
    <testcase classname="ds.asList_smk_simple_test" name="simple_test" time="0.00100000000020373"/>
  </testsuite>
  <testsuite errors="0" failures="0" hostname="fv-az14" name="ds.asList::smk::shutdown" skipped="0" tests="3" time="0.268" timestamp="2020-10-27T19:05:00Z">
    <testcase classname="ds.asList_smk_shutdown" name="stutdown" time="0.265999999999849"/>
    <testcase classname="ds.asList_smk_shutdown" name="stutdown" time="0.000999999999976353"/>
    <testcase classname="ds.asList_smk_shutdown" name="stutdown" time="0.000999999999976353"/>
  </testsuite>
  <testsuite errors="0" failures="0" hostname="fv-az14" name="ds.asList::smk::done" skipped="0" tests="0" time="0" timestamp="2020-10-27T19:05:01Z"/>
  <testsuite errors="0" failures="0" hostname="fv-az14" name="ds.asLogical::smk::setup" skipped="0" tests="3" time="4.971" timestamp="2020-10-27T19:05:01Z">
    <testcase classname="ds.asLogical_smk_setup" name="setup" time="4.96900000000005"/>
    <testcase classname="ds.asLogical_smk_setup" name="setup" time="0.000999999999976353"/>
    <testcase classname="ds.asLogical_smk_setup" name="setup" time="0.000999999999976353"/>
  </testsuite>
  <testsuite errors="0" failures="0" hostname="fv-az14" name="ds.asLogical::smk::simple test" skipped="0" tests="3" time="0.827" timestamp="2020-10-27T19:05:05Z">
    <testcase classname="ds.asLogical_smk_simple_test" name="simple_test" time="0.824000000000069"/>
    <testcase classname="ds.asLogical_smk_simple_test" name="simple_test" time="0.00199999999995271"/>
    <testcase classname="ds.asLogical_smk_simple_test" name="simple_test" time="0.000999999999976353"/>
  </testsuite>
  <testsuite errors="0" failures="0" hostname="fv-az14" name="ds.asLogical::smk::shutdown" skipped="0" tests="3" time="0.276" timestamp="2020-10-27T19:05:06Z">
    <testcase classname="ds.asLogical_smk_shutdown" name="shutdown" time="0.274000000000115"/>
    <testcase classname="ds.asLogical_smk_shutdown" name="shutdown" time="0.000999999999976353"/>
    <testcase classname="ds.asLogical_smk_shutdown" name="shutdown" time="0.000999999999976353"/>
  </testsuite>
  <testsuite errors="0" failures="0" hostname="fv-az14" name="ds.asLogical::smk::done" skipped="0" tests="0" time="0" timestamp="2020-10-27T19:05:07Z"/>
  <testsuite errors="0" failures="0" hostname="fv-az14" name="ds.asMatrix::smk::setup" skipped="0" tests="3" time="4.951" timestamp="2020-10-27T19:05:07Z">
    <testcase classname="ds.asMatrix_smk_setup" name="setup" time="4.94900000000007"/>
    <testcase classname="ds.asMatrix_smk_setup" name="setup" time="0.000999999999976353"/>
    <testcase classname="ds.asMatrix_smk_setup" name="setup" time="0.000999999999976353"/>
  </testsuite>
  <testsuite errors="0" failures="0" hostname="fv-az14" name="ds.asMatrix::smk::simple test" skipped="0" tests="3" time="0.795" timestamp="2020-10-27T19:05:11Z">
    <testcase classname="ds.asMatrix_smk_simple_test" name="simple_test" time="0.79300000000012"/>
    <testcase classname="ds.asMatrix_smk_simple_test" name="simple_test" time="0.000999999999976353"/>
    <testcase classname="ds.asMatrix_smk_simple_test" name="simple_test" time="0.000999999999976353"/>
  </testsuite>
  <testsuite errors="0" failures="0" hostname="fv-az14" name="ds.asMatrix::smk::shutdown" skipped="0" tests="3" time="0.268" timestamp="2020-10-27T19:05:12Z">
    <testcase classname="ds.asMatrix_smk_shutdown" name="shutdown" time="0.265999999999849"/>
    <testcase classname="ds.asMatrix_smk_shutdown" name="shutdown" time="0.000999999999976353"/>
    <testcase classname="ds.asMatrix_smk_shutdown" name="shutdown" time="0.00100000000020373"/>
  </testsuite>
  <testsuite errors="0" failures="0" hostname="fv-az14" name="ds.asMatrix::smk::done" skipped="0" tests="0" time="0" timestamp="2020-10-27T19:05:13Z"/>
  <testsuite errors="0" failures="0" hostname="fv-az14" name="ds.asNumeric::smk::setup" skipped="0" tests="3" time="4.977" timestamp="2020-10-27T19:05:13Z">
    <testcase classname="ds.asNumeric_smk_setup" name="setup" time="4.97499999999991"/>
    <testcase classname="ds.asNumeric_smk_setup" name="setup" time="0.000999999999976353"/>
    <testcase classname="ds.asNumeric_smk_setup" name="setup" time="0.000999999999976353"/>
  </testsuite>
  <testsuite errors="0" failures="0" hostname="fv-az14" name="ds.asNumeric::smk::simple test" skipped="0" tests="3" time="0.78" timestamp="2020-10-27T19:05:17Z">
    <testcase classname="ds.asNumeric_smk_simple_test" name="simple_test" time="0.777000000000044"/>
    <testcase classname="ds.asNumeric_smk_simple_test" name="simple_test" time="0.000999999999976353"/>
    <testcase classname="ds.asNumeric_smk_simple_test" name="simple_test" time="0.00199999999995271"/>
  </testsuite>
  <testsuite errors="0" failures="0" hostname="fv-az14" name="ds.asNumeric::smk::shutdown" skipped="0" tests="3" time="0.272" timestamp="2020-10-27T19:05:18Z">
    <testcase classname="ds.asNumeric_smk_shutdown" name="shutdown" time="0.269000000000005"/>
    <testcase classname="ds.asNumeric_smk_shutdown" name="shutdown" time="0.00200000000018008"/>
    <testcase classname="ds.asNumeric_smk_shutdown" name="shutdown" time="0.000999999999976353"/>
  </testsuite>
  <testsuite errors="0" failures="0" hostname="fv-az14" name="ds.asNumeric::smk::done" skipped="0" tests="0" time="0" timestamp="2020-10-27T19:05:19Z"/>
  <testsuite errors="0" failures="0" hostname="fv-az14" name="ds.assign::smk::setup" skipped="0" tests="3" time="5.083" timestamp="2020-10-27T19:05:19Z">
    <testcase classname="ds.assign_smk_setup" name="setup" time="5.0809999999999"/>
    <testcase classname="ds.assign_smk_setup" name="setup" time="0.000999999999976353"/>
    <testcase classname="ds.assign_smk_setup" name="setup" time="0.000999999999976353"/>
  </testsuite>
  <testsuite errors="0" failures="0" hostname="fv-az14" name="ds.assign::smk" skipped="0" tests="1" time="0.527" timestamp="2020-10-27T19:05:24Z">
    <testcase classname="ds.assign_smk" name="test_assign" time="0.527000000000044"/>
  </testsuite>
  <testsuite errors="0" failures="0" hostname="fv-az14" name="ds.assign::smk::shutdown" skipped="0" tests="3" time="0.27" timestamp="2020-10-27T19:05:24Z">
    <testcase classname="ds.assign_smk_shutdown" name="shutdown" time="0.268000000000029"/>
    <testcase classname="ds.assign_smk_shutdown" name="shutdown" time="0.000999999999976353"/>
    <testcase classname="ds.assign_smk_shutdown" name="shutdown" time="0.000999999999976353"/>
  </testsuite>
  <testsuite errors="0" failures="0" hostname="fv-az14" name="ds.assign::smk::done" skipped="0" tests="0" time="0" timestamp="2020-10-27T19:05:25Z"/>
  <testsuite errors="0" failures="0" hostname="fv-az14" name="ds.Boole::smk::setup" skipped="0" tests="3" time="4.983" timestamp="2020-10-27T19:05:25Z">
    <testcase classname="ds.Boole_smk_setup" name="setup" time="4.98099999999999"/>
    <testcase classname="ds.Boole_smk_setup" name="setup" time="0.000999999999976353"/>
    <testcase classname="ds.Boole_smk_setup" name="setup" time="0.000999999999976353"/>
  </testsuite>
  <testsuite errors="0" failures="0" hostname="fv-az14" name="ds.Boole::smk" skipped="0" tests="3" time="1.021" timestamp="2020-10-27T19:05:29Z">
    <testcase classname="ds.Boole_smk" name="simple_boole" time="1.01900000000001"/>
    <testcase classname="ds.Boole_smk" name="simple_boole" time="0.000999999999976353"/>
    <testcase classname="ds.Boole_smk" name="simple_boole" time="0.00100000000020373"/>
  </testsuite>
  <testsuite errors="0" failures="0" hostname="fv-az14" name="ds.Boole::smk::shutdown" skipped="0" tests="3" time="0.275" timestamp="2020-10-27T19:05:30Z">
    <testcase classname="ds.Boole_smk_shutdown" name="shutdown" time="0.272999999999911"/>
    <testcase classname="ds.Boole_smk_shutdown" name="shutdown" time="0.000999999999976353"/>
    <testcase classname="ds.Boole_smk_shutdown" name="shutdown" time="0.000999999999976353"/>
  </testsuite>
  <testsuite errors="0" failures="0" hostname="fv-az14" name="ds.Boole::smk::done" skipped="0" tests="0" time="0" timestamp="2020-10-27T19:05:31Z"/>
  <testsuite errors="0" failures="0" hostname="fv-az14" name="ds.cbind::smk::setup" skipped="0" tests="3" time="4.988" timestamp="2020-10-27T19:05:31Z">
    <testcase classname="ds.cbind_smk_setup" name="setup" time="4.98500000000013"/>
    <testcase classname="ds.cbind_smk_setup" name="setup" time="0.000999999999976353"/>
    <testcase classname="ds.cbind_smk_setup" name="setup" time="0.00199999999995271"/>
  </testsuite>
  <testsuite errors="0" failures="0" hostname="fv-az14" name="ds.cbind::smk::from dataframe variables" skipped="0" tests="34" time="6.038" timestamp="2020-10-27T19:05:36Z">
    <testcase classname="ds.cbind_smk_from_dataframe_variables" name="simple_test_from_dataframe_variables" time="4.0329999999999"/>
    <testcase classname="ds.cbind_smk_from_dataframe_variables" name="simple_test_from_dataframe_variables" time="0.00100000000020373"/>
    <testcase classname="ds.cbind_smk_from_dataframe_variables" name="simple_test_from_dataframe_variables" time="0.513999999999896"/>
    <testcase classname="ds.cbind_smk_from_dataframe_variables" name="simple_test_from_dataframe_variables" time="0.000999999999976353"/>
    <testcase classname="ds.cbind_smk_from_dataframe_variables" name="simple_test_from_dataframe_variables" time="0.000999999999976353"/>
    <testcase classname="ds.cbind_smk_from_dataframe_variables" name="simple_test_from_dataframe_variables" time="0.258000000000038"/>
    <testcase classname="ds.cbind_smk_from_dataframe_variables" name="simple_test_from_dataframe_variables" time="0.000999999999976353"/>
    <testcase classname="ds.cbind_smk_from_dataframe_variables" name="simple_test_from_dataframe_variables" time="0.000999999999976353"/>
    <testcase classname="ds.cbind_smk_from_dataframe_variables" name="simple_test_from_dataframe_variables" time="0.000999999999976353"/>
    <testcase classname="ds.cbind_smk_from_dataframe_variables" name="simple_test_from_dataframe_variables" time="0.000999999999976353"/>
    <testcase classname="ds.cbind_smk_from_dataframe_variables" name="simple_test_from_dataframe_variables" time="0.00200000000018008"/>
    <testcase classname="ds.cbind_smk_from_dataframe_variables" name="simple_test_from_dataframe_variables" time="0.000999999999976353"/>
    <testcase classname="ds.cbind_smk_from_dataframe_variables" name="simple_test_from_dataframe_variables" time="0.000999999999976353"/>
    <testcase classname="ds.cbind_smk_from_dataframe_variables" name="simple_test_from_dataframe_variables" time="0.000999999999976353"/>
    <testcase classname="ds.cbind_smk_from_dataframe_variables" name="simple_test_from_dataframe_variables" time="0.00199999999995271"/>
    <testcase classname="ds.cbind_smk_from_dataframe_variables" name="simple_test_from_dataframe_variables" time="0.000999999999976353"/>
    <testcase classname="ds.cbind_smk_from_dataframe_variables" name="simple_test_from_dataframe_variables" time="0.000999999999976353"/>
    <testcase classname="ds.cbind_smk_from_dataframe_variables" name="simple_test_from_dataframe_variables" time="0.000999999999976353"/>
    <testcase classname="ds.cbind_smk_from_dataframe_variables" name="simple_test_from_dataframe_variables" time="1.19500000000016"/>
    <testcase classname="ds.cbind_smk_from_dataframe_variables" name="simple_test_from_dataframe_variables" time="0.000999999999976353"/>
    <testcase classname="ds.cbind_smk_from_dataframe_variables" name="simple_test_from_dataframe_variables" time="0.00199999999995271"/>
    <testcase classname="ds.cbind_smk_from_dataframe_variables" name="simple_test_from_dataframe_variables" time="0.000999999999976353"/>
    <testcase classname="ds.cbind_smk_from_dataframe_variables" name="simple_test_from_dataframe_variables" time="0.00199999999995271"/>
    <testcase classname="ds.cbind_smk_from_dataframe_variables" name="simple_test_from_dataframe_variables" time="0.000999999999976353"/>
    <testcase classname="ds.cbind_smk_from_dataframe_variables" name="simple_test_from_dataframe_variables" time="0.00100000000020373"/>
    <testcase classname="ds.cbind_smk_from_dataframe_variables" name="simple_test_from_dataframe_variables" time="0.00199999999995271"/>
    <testcase classname="ds.cbind_smk_from_dataframe_variables" name="simple_test_from_dataframe_variables" time="0.000999999999976353"/>
    <testcase classname="ds.cbind_smk_from_dataframe_variables" name="simple_test_from_dataframe_variables" time="0.00199999999995271"/>
    <testcase classname="ds.cbind_smk_from_dataframe_variables" name="simple_test_from_dataframe_variables" time="0.000999999999976353"/>
    <testcase classname="ds.cbind_smk_from_dataframe_variables" name="simple_test_from_dataframe_variables" time="0.000999999999976353"/>
    <testcase classname="ds.cbind_smk_from_dataframe_variables" name="simple_test_from_dataframe_variables" time="0.00200000000018008"/>
    <testcase classname="ds.cbind_smk_from_dataframe_variables" name="simple_test_from_dataframe_variables" time="0.000999999999976353"/>
    <testcase classname="ds.cbind_smk_from_dataframe_variables" name="simple_test_from_dataframe_variables" time="0.000999999999976353"/>
    <testcase classname="ds.cbind_smk_from_dataframe_variables" name="simple_test_from_dataframe_variables" time="0.00199999999995271"/>
  </testsuite>
  <testsuite errors="0" failures="0" hostname="fv-az14" name="ds.cbind::smk::from root variables" skipped="0" tests="34" time="9.678" timestamp="2020-10-27T19:05:42Z">
    <testcase classname="ds.cbind_smk_from_root_variables" name="simple_test_from_root_variables" time="6.61300000000006"/>
    <testcase classname="ds.cbind_smk_from_root_variables" name="simple_test_from_root_variables" time="0.000999999999976353"/>
    <testcase classname="ds.cbind_smk_from_root_variables" name="simple_test_from_root_variables" time="1.57199999999989"/>
    <testcase classname="ds.cbind_smk_from_root_variables" name="simple_test_from_root_variables" time="0.00100000000020373"/>
    <testcase classname="ds.cbind_smk_from_root_variables" name="simple_test_from_root_variables" time="0.000999999999976353"/>
    <testcase classname="ds.cbind_smk_from_root_variables" name="simple_test_from_root_variables" time="0.260999999999967"/>
    <testcase classname="ds.cbind_smk_from_root_variables" name="simple_test_from_root_variables" time="0.000999999999976353"/>
    <testcase classname="ds.cbind_smk_from_root_variables" name="simple_test_from_root_variables" time="0.000999999999976353"/>
    <testcase classname="ds.cbind_smk_from_root_variables" name="simple_test_from_root_variables" time="0.000999999999976353"/>
    <testcase classname="ds.cbind_smk_from_root_variables" name="simple_test_from_root_variables" time="0.000999999999976353"/>
    <testcase classname="ds.cbind_smk_from_root_variables" name="simple_test_from_root_variables" time="0.000999999999976353"/>
    <testcase classname="ds.cbind_smk_from_root_variables" name="simple_test_from_root_variables" time="0.00199999999995271"/>
    <testcase classname="ds.cbind_smk_from_root_variables" name="simple_test_from_root_variables" time="0.00100000000020373"/>
    <testcase classname="ds.cbind_smk_from_root_variables" name="simple_test_from_root_variables" time="0.000999999999976353"/>
    <testcase classname="ds.cbind_smk_from_root_variables" name="simple_test_from_root_variables" time="0.000999999999976353"/>
    <testcase classname="ds.cbind_smk_from_root_variables" name="simple_test_from_root_variables" time="0.00199999999995271"/>
    <testcase classname="ds.cbind_smk_from_root_variables" name="simple_test_from_root_variables" time="0.000999999999976353"/>
    <testcase classname="ds.cbind_smk_from_root_variables" name="simple_test_from_root_variables" time="0.000999999999976353"/>
    <testcase classname="ds.cbind_smk_from_root_variables" name="simple_test_from_root_variables" time="1.19399999999996"/>
    <testcase classname="ds.cbind_smk_from_root_variables" name="simple_test_from_root_variables" time="0.000999999999976353"/>
    <testcase classname="ds.cbind_smk_from_root_variables" name="simple_test_from_root_variables" time="0.00100000000020373"/>
    <testcase classname="ds.cbind_smk_from_root_variables" name="simple_test_from_root_variables" time="0.00199999999995271"/>
    <testcase classname="ds.cbind_smk_from_root_variables" name="simple_test_from_root_variables" time="0.000999999999976353"/>
    <testcase classname="ds.cbind_smk_from_root_variables" name="simple_test_from_root_variables" time="0.00199999999995271"/>
    <testcase classname="ds.cbind_smk_from_root_variables" name="simple_test_from_root_variables" time="0.000999999999976353"/>
    <testcase classname="ds.cbind_smk_from_root_variables" name="simple_test_from_root_variables" time="0.000999999999976353"/>
    <testcase classname="ds.cbind_smk_from_root_variables" name="simple_test_from_root_variables" time="0.00200000000018008"/>
    <testcase classname="ds.cbind_smk_from_root_variables" name="simple_test_from_root_variables" time="0.000999999999976353"/>
    <testcase classname="ds.cbind_smk_from_root_variables" name="simple_test_from_root_variables" time="0.00199999999995271"/>
    <testcase classname="ds.cbind_smk_from_root_variables" name="simple_test_from_root_variables" time="0.000999999999976353"/>
    <testcase classname="ds.cbind_smk_from_root_variables" name="simple_test_from_root_variables" time="0.00199999999995271"/>
    <testcase classname="ds.cbind_smk_from_root_variables" name="simple_test_from_root_variables" time="0.000999999999976353"/>
    <testcase classname="ds.cbind_smk_from_root_variables" name="simple_test_from_root_variables" time="0.00199999999995271"/>
    <testcase classname="ds.cbind_smk_from_root_variables" name="simple_test_from_root_variables" time="0.00100000000020373"/>
  </testsuite>
  <testsuite errors="0" failures="0" hostname="fv-az14" name="ds.cbind::smk::from dataframe variables, DataSHIELD.check=TRUE" skipped="0" tests="34" time="29.078" timestamp="2020-10-27T19:05:52Z">
    <testcase classname="ds.cbind_smk_from_dataframe_variables_DataSHIELD.check_TRUE" name="simple_test_from_dataframe_variables_DataSHIELD.check_TRUE" time="27.0559999999998"/>
    <testcase classname="ds.cbind_smk_from_dataframe_variables_DataSHIELD.check_TRUE" name="simple_test_from_dataframe_variables_DataSHIELD.check_TRUE" time="0.000999999999976353"/>
    <testcase classname="ds.cbind_smk_from_dataframe_variables_DataSHIELD.check_TRUE" name="simple_test_from_dataframe_variables_DataSHIELD.check_TRUE" time="0.523000000000138"/>
    <testcase classname="ds.cbind_smk_from_dataframe_variables_DataSHIELD.check_TRUE" name="simple_test_from_dataframe_variables_DataSHIELD.check_TRUE" time="0.000999999999976353"/>
    <testcase classname="ds.cbind_smk_from_dataframe_variables_DataSHIELD.check_TRUE" name="simple_test_from_dataframe_variables_DataSHIELD.check_TRUE" time="0.000999999999976353"/>
    <testcase classname="ds.cbind_smk_from_dataframe_variables_DataSHIELD.check_TRUE" name="simple_test_from_dataframe_variables_DataSHIELD.check_TRUE" time="0.261999999999944"/>
    <testcase classname="ds.cbind_smk_from_dataframe_variables_DataSHIELD.check_TRUE" name="simple_test_from_dataframe_variables_DataSHIELD.check_TRUE" time="0.000999999999976353"/>
    <testcase classname="ds.cbind_smk_from_dataframe_variables_DataSHIELD.check_TRUE" name="simple_test_from_dataframe_variables_DataSHIELD.check_TRUE" time="0.00200000000018008"/>
    <testcase classname="ds.cbind_smk_from_dataframe_variables_DataSHIELD.check_TRUE" name="simple_test_from_dataframe_variables_DataSHIELD.check_TRUE" time="0.000999999999976353"/>
    <testcase classname="ds.cbind_smk_from_dataframe_variables_DataSHIELD.check_TRUE" name="simple_test_from_dataframe_variables_DataSHIELD.check_TRUE" time="0.000999999999976353"/>
    <testcase classname="ds.cbind_smk_from_dataframe_variables_DataSHIELD.check_TRUE" name="simple_test_from_dataframe_variables_DataSHIELD.check_TRUE" time="0.000999999999976353"/>
    <testcase classname="ds.cbind_smk_from_dataframe_variables_DataSHIELD.check_TRUE" name="simple_test_from_dataframe_variables_DataSHIELD.check_TRUE" time="0.00199999999995271"/>
    <testcase classname="ds.cbind_smk_from_dataframe_variables_DataSHIELD.check_TRUE" name="simple_test_from_dataframe_variables_DataSHIELD.check_TRUE" time="0.000999999999976353"/>
    <testcase classname="ds.cbind_smk_from_dataframe_variables_DataSHIELD.check_TRUE" name="simple_test_from_dataframe_variables_DataSHIELD.check_TRUE" time="0.000999999999976353"/>
    <testcase classname="ds.cbind_smk_from_dataframe_variables_DataSHIELD.check_TRUE" name="simple_test_from_dataframe_variables_DataSHIELD.check_TRUE" time="0.000999999999976353"/>
    <testcase classname="ds.cbind_smk_from_dataframe_variables_DataSHIELD.check_TRUE" name="simple_test_from_dataframe_variables_DataSHIELD.check_TRUE" time="0.00100000000020373"/>
    <testcase classname="ds.cbind_smk_from_dataframe_variables_DataSHIELD.check_TRUE" name="simple_test_from_dataframe_variables_DataSHIELD.check_TRUE" time="0.00199999999995271"/>
    <testcase classname="ds.cbind_smk_from_dataframe_variables_DataSHIELD.check_TRUE" name="simple_test_from_dataframe_variables_DataSHIELD.check_TRUE" time="0.000999999999976353"/>
    <testcase classname="ds.cbind_smk_from_dataframe_variables_DataSHIELD.check_TRUE" name="simple_test_from_dataframe_variables_DataSHIELD.check_TRUE" time="1.19699999999989"/>
    <testcase classname="ds.cbind_smk_from_dataframe_variables_DataSHIELD.check_TRUE" name="simple_test_from_dataframe_variables_DataSHIELD.check_TRUE" time="0.00200000000018008"/>
    <testcase classname="ds.cbind_smk_from_dataframe_variables_DataSHIELD.check_TRUE" name="simple_test_from_dataframe_variables_DataSHIELD.check_TRUE" time="0.000999999999976353"/>
    <testcase classname="ds.cbind_smk_from_dataframe_variables_DataSHIELD.check_TRUE" name="simple_test_from_dataframe_variables_DataSHIELD.check_TRUE" time="0.00199999999995271"/>
    <testcase classname="ds.cbind_smk_from_dataframe_variables_DataSHIELD.check_TRUE" name="simple_test_from_dataframe_variables_DataSHIELD.check_TRUE" time="0.000999999999976353"/>
    <testcase classname="ds.cbind_smk_from_dataframe_variables_DataSHIELD.check_TRUE" name="simple_test_from_dataframe_variables_DataSHIELD.check_TRUE" time="0.000999999999976353"/>
    <testcase classname="ds.cbind_smk_from_dataframe_variables_DataSHIELD.check_TRUE" name="simple_test_from_dataframe_variables_DataSHIELD.check_TRUE" time="0.00199999999995271"/>
    <testcase classname="ds.cbind_smk_from_dataframe_variables_DataSHIELD.check_TRUE" name="simple_test_from_dataframe_variables_DataSHIELD.check_TRUE" time="0.000999999999976353"/>
    <testcase classname="ds.cbind_smk_from_dataframe_variables_DataSHIELD.check_TRUE" name="simple_test_from_dataframe_variables_DataSHIELD.check_TRUE" time="0.00200000000018008"/>
    <testcase classname="ds.cbind_smk_from_dataframe_variables_DataSHIELD.check_TRUE" name="simple_test_from_dataframe_variables_DataSHIELD.check_TRUE" time="0.000999999999976353"/>
    <testcase classname="ds.cbind_smk_from_dataframe_variables_DataSHIELD.check_TRUE" name="simple_test_from_dataframe_variables_DataSHIELD.check_TRUE" time="0.000999999999976353"/>
    <testcase classname="ds.cbind_smk_from_dataframe_variables_DataSHIELD.check_TRUE" name="simple_test_from_dataframe_variables_DataSHIELD.check_TRUE" time="0.00199999999995271"/>
    <testcase classname="ds.cbind_smk_from_dataframe_variables_DataSHIELD.check_TRUE" name="simple_test_from_dataframe_variables_DataSHIELD.check_TRUE" time="0.000999999999976353"/>
    <testcase classname="ds.cbind_smk_from_dataframe_variables_DataSHIELD.check_TRUE" name="simple_test_from_dataframe_variables_DataSHIELD.check_TRUE" time="0.00199999999995271"/>
    <testcase classname="ds.cbind_smk_from_dataframe_variables_DataSHIELD.check_TRUE" name="simple_test_from_dataframe_variables_DataSHIELD.check_TRUE" time="0.000999999999976353"/>
    <testcase classname="ds.cbind_smk_from_dataframe_variables_DataSHIELD.check_TRUE" name="simple_test_from_dataframe_variables_DataSHIELD.check_TRUE" time="0.00200000000018008"/>
  </testsuite>
  <testsuite errors="0" failures="0" hostname="fv-az14" name="ds.cbind::smk::from root variables, DataSHIELD.check=TRUE" skipped="0" tests="34" time="32.177" timestamp="2020-10-27T19:06:21Z">
    <testcase classname="ds.cbind_smk_from_root_variables_DataSHIELD.check_TRUE" name="simple_test_from_root_variables_DataSHIELD.check_TRUE" time="29.1299999999999"/>
    <testcase classname="ds.cbind_smk_from_root_variables_DataSHIELD.check_TRUE" name="simple_test_from_root_variables_DataSHIELD.check_TRUE" time="0.00199999999995271"/>
    <testcase classname="ds.cbind_smk_from_root_variables_DataSHIELD.check_TRUE" name="simple_test_from_root_variables_DataSHIELD.check_TRUE" time="1.54500000000007"/>
    <testcase classname="ds.cbind_smk_from_root_variables_DataSHIELD.check_TRUE" name="simple_test_from_root_variables_DataSHIELD.check_TRUE" time="0.00199999999995271"/>
    <testcase classname="ds.cbind_smk_from_root_variables_DataSHIELD.check_TRUE" name="simple_test_from_root_variables_DataSHIELD.check_TRUE" time="0.000999999999976353"/>
    <testcase classname="ds.cbind_smk_from_root_variables_DataSHIELD.check_TRUE" name="simple_test_from_root_variables_DataSHIELD.check_TRUE" time="0.2650000000001"/>
    <testcase classname="ds.cbind_smk_from_root_variables_DataSHIELD.check_TRUE" name="simple_test_from_root_variables_DataSHIELD.check_TRUE" time="0.000999999999976353"/>
    <testcase classname="ds.cbind_smk_from_root_variables_DataSHIELD.check_TRUE" name="simple_test_from_root_variables_DataSHIELD.check_TRUE" time="0.000999999999976353"/>
    <testcase classname="ds.cbind_smk_from_root_variables_DataSHIELD.check_TRUE" name="simple_test_from_root_variables_DataSHIELD.check_TRUE" time="0.000999999999976353"/>
    <testcase classname="ds.cbind_smk_from_root_variables_DataSHIELD.check_TRUE" name="simple_test_from_root_variables_DataSHIELD.check_TRUE" time="0.000999999999976353"/>
    <testcase classname="ds.cbind_smk_from_root_variables_DataSHIELD.check_TRUE" name="simple_test_from_root_variables_DataSHIELD.check_TRUE" time="0.00200000000018008"/>
    <testcase classname="ds.cbind_smk_from_root_variables_DataSHIELD.check_TRUE" name="simple_test_from_root_variables_DataSHIELD.check_TRUE" time="0.000999999999976353"/>
    <testcase classname="ds.cbind_smk_from_root_variables_DataSHIELD.check_TRUE" name="simple_test_from_root_variables_DataSHIELD.check_TRUE" time="0.000999999999976353"/>
    <testcase classname="ds.cbind_smk_from_root_variables_DataSHIELD.check_TRUE" name="simple_test_from_root_variables_DataSHIELD.check_TRUE" time="0.000999999999976353"/>
    <testcase classname="ds.cbind_smk_from_root_variables_DataSHIELD.check_TRUE" name="simple_test_from_root_variables_DataSHIELD.check_TRUE" time="0.00199999999995271"/>
    <testcase classname="ds.cbind_smk_from_root_variables_DataSHIELD.check_TRUE" name="simple_test_from_root_variables_DataSHIELD.check_TRUE" time="0.000999999999976353"/>
    <testcase classname="ds.cbind_smk_from_root_variables_DataSHIELD.check_TRUE" name="simple_test_from_root_variables_DataSHIELD.check_TRUE" time="0.000999999999976353"/>
    <testcase classname="ds.cbind_smk_from_root_variables_DataSHIELD.check_TRUE" name="simple_test_from_root_variables_DataSHIELD.check_TRUE" time="0.000999999999976353"/>
    <testcase classname="ds.cbind_smk_from_root_variables_DataSHIELD.check_TRUE" name="simple_test_from_root_variables_DataSHIELD.check_TRUE" time="1.19700000000012"/>
    <testcase classname="ds.cbind_smk_from_root_variables_DataSHIELD.check_TRUE" name="simple_test_from_root_variables_DataSHIELD.check_TRUE" time="0.000999999999976353"/>
    <testcase classname="ds.cbind_smk_from_root_variables_DataSHIELD.check_TRUE" name="simple_test_from_root_variables_DataSHIELD.check_TRUE" time="0.00199999999995271"/>
    <testcase classname="ds.cbind_smk_from_root_variables_DataSHIELD.check_TRUE" name="simple_test_from_root_variables_DataSHIELD.check_TRUE" time="0.000999999999976353"/>
    <testcase classname="ds.cbind_smk_from_root_variables_DataSHIELD.check_TRUE" name="simple_test_from_root_variables_DataSHIELD.check_TRUE" time="0.000999999999976353"/>
    <testcase classname="ds.cbind_smk_from_root_variables_DataSHIELD.check_TRUE" name="simple_test_from_root_variables_DataSHIELD.check_TRUE" time="0.00200000000018008"/>
    <testcase classname="ds.cbind_smk_from_root_variables_DataSHIELD.check_TRUE" name="simple_test_from_root_variables_DataSHIELD.check_TRUE" time="0.000999999999976353"/>
    <testcase classname="ds.cbind_smk_from_root_variables_DataSHIELD.check_TRUE" name="simple_test_from_root_variables_DataSHIELD.check_TRUE" time="0.000999999999976353"/>
    <testcase classname="ds.cbind_smk_from_root_variables_DataSHIELD.check_TRUE" name="simple_test_from_root_variables_DataSHIELD.check_TRUE" time="0.00199999999995271"/>
    <testcase classname="ds.cbind_smk_from_root_variables_DataSHIELD.check_TRUE" name="simple_test_from_root_variables_DataSHIELD.check_TRUE" time="0.000999999999976353"/>
    <testcase classname="ds.cbind_smk_from_root_variables_DataSHIELD.check_TRUE" name="simple_test_from_root_variables_DataSHIELD.check_TRUE" time="0.00199999999995271"/>
    <testcase classname="ds.cbind_smk_from_root_variables_DataSHIELD.check_TRUE" name="simple_test_from_root_variables_DataSHIELD.check_TRUE" time="0.000999999999976353"/>
    <testcase classname="ds.cbind_smk_from_root_variables_DataSHIELD.check_TRUE" name="simple_test_from_root_variables_DataSHIELD.check_TRUE" time="0.00200000000018008"/>
    <testcase classname="ds.cbind_smk_from_root_variables_DataSHIELD.check_TRUE" name="simple_test_from_root_variables_DataSHIELD.check_TRUE" time="0.000999999999976353"/>
    <testcase classname="ds.cbind_smk_from_root_variables_DataSHIELD.check_TRUE" name="simple_test_from_root_variables_DataSHIELD.check_TRUE" time="0.00199999999995271"/>
    <testcase classname="ds.cbind_smk_from_root_variables_DataSHIELD.check_TRUE" name="simple_test_from_root_variables_DataSHIELD.check_TRUE" time="0.000999999999976353"/>
  </testsuite>
  <testsuite errors="0" failures="0" hostname="fv-az14" name="ds.cbind::smk::shutdown" skipped="0" tests="3" time="0.53" timestamp="2020-10-27T19:06:53Z">
    <testcase classname="ds.cbind_smk_shutdown" name="setup" time="0.52800000000002"/>
    <testcase classname="ds.cbind_smk_shutdown" name="setup" time="0.000999999999976353"/>
    <testcase classname="ds.cbind_smk_shutdown" name="setup" time="0.000999999999976353"/>
  </testsuite>
  <testsuite errors="0" failures="0" hostname="fv-az14" name="ds.cbind::smk::done" skipped="0" tests="0" time="0" timestamp="2020-10-27T19:06:54Z"/>
  <testsuite errors="0" failures="0" hostname="fv-az14" name="ds.changeRefGroup::smk::setup" skipped="0" tests="3" time="4.985" timestamp="2020-10-27T19:06:54Z">
    <testcase classname="ds.changeRefGroup_smk_setup" name="setup" time="4.98299999999995"/>
    <testcase classname="ds.changeRefGroup_smk_setup" name="setup" time="0.00100000000020373"/>
    <testcase classname="ds.changeRefGroup_smk_setup" name="setup" time="0.000999999999976353"/>
  </testsuite>
  <testsuite errors="0" failures="0" hostname="fv-az14" name="ds.changeRefGroup::smk" skipped="0" tests="31" time="4.933" timestamp="2020-10-27T19:06:58Z">
    <testcase classname="ds.changeRefGroup_smk" name="simple_changeRefGroup" time="0.00799999999981083"/>
    <testcase classname="ds.changeRefGroup_smk" name="simple_changeRefGroup" time="4.8900000000001"/>
    <testcase classname="ds.changeRefGroup_smk" name="simple_changeRefGroup" time="0.000999999999976353"/>
    <testcase classname="ds.changeRefGroup_smk" name="simple_changeRefGroup" time="0.000999999999976353"/>
    <testcase classname="ds.changeRefGroup_smk" name="simple_changeRefGroup" time="0.000999999999976353"/>
    <testcase classname="ds.changeRefGroup_smk" name="simple_changeRefGroup" time="0.00100000000020373"/>
    <testcase classname="ds.changeRefGroup_smk" name="simple_changeRefGroup" time="0.000999999999976353"/>
    <testcase classname="ds.changeRefGroup_smk" name="simple_changeRefGroup" time="0.000999999999976353"/>
    <testcase classname="ds.changeRefGroup_smk" name="simple_changeRefGroup" time="0.000999999999976353"/>
    <testcase classname="ds.changeRefGroup_smk" name="simple_changeRefGroup" time="0.000999999999976353"/>
    <testcase classname="ds.changeRefGroup_smk" name="simple_changeRefGroup" time="0.000999999999976353"/>
    <testcase classname="ds.changeRefGroup_smk" name="simple_changeRefGroup" time="0.000999999999976353"/>
    <testcase classname="ds.changeRefGroup_smk" name="simple_changeRefGroup" time="0.000999999999976353"/>
    <testcase classname="ds.changeRefGroup_smk" name="simple_changeRefGroup" time="0.00100000000020373"/>
    <testcase classname="ds.changeRefGroup_smk" name="simple_changeRefGroup" time="0.000999999999976353"/>
    <testcase classname="ds.changeRefGroup_smk" name="simple_changeRefGroup" time="0.00199999999995271"/>
    <testcase classname="ds.changeRefGroup_smk" name="simple_changeRefGroup" time="0.000999999999976353"/>
    <testcase classname="ds.changeRefGroup_smk" name="simple_changeRefGroup" time="0.000999999999976353"/>
    <testcase classname="ds.changeRefGroup_smk" name="simple_changeRefGroup" time="0.000999999999976353"/>
    <testcase classname="ds.changeRefGroup_smk" name="simple_changeRefGroup" time="0.00199999999995271"/>
    <testcase classname="ds.changeRefGroup_smk" name="simple_changeRefGroup" time="0.000999999999976353"/>
    <testcase classname="ds.changeRefGroup_smk" name="simple_changeRefGroup" time="0.00200000000018008"/>
    <testcase classname="ds.changeRefGroup_smk" name="simple_changeRefGroup" time="0.000999999999976353"/>
    <testcase classname="ds.changeRefGroup_smk" name="simple_changeRefGroup" time="0.000999999999976353"/>
    <testcase classname="ds.changeRefGroup_smk" name="simple_changeRefGroup" time="0.00199999999995271"/>
    <testcase classname="ds.changeRefGroup_smk" name="simple_changeRefGroup" time="0.000999999999976353"/>
    <testcase classname="ds.changeRefGroup_smk" name="simple_changeRefGroup" time="0.00199999999995271"/>
    <testcase classname="ds.changeRefGroup_smk" name="simple_changeRefGroup" time="0.000999999999976353"/>
    <testcase classname="ds.changeRefGroup_smk" name="simple_changeRefGroup" time="0.00200000000018008"/>
    <testcase classname="ds.changeRefGroup_smk" name="simple_changeRefGroup" time="0.000999999999976353"/>
    <testcase classname="ds.changeRefGroup_smk" name="simple_changeRefGroup" time="0.000999999999976353"/>
  </testsuite>
  <testsuite errors="0" failures="0" hostname="fv-az14" name="ds.changeRefGroup::smk::shutdown" skipped="0" tests="3" time="0.272" timestamp="2020-10-27T19:07:03Z">
    <testcase classname="ds.changeRefGroup_smk_shutdown" name="shutdown" time="0.269999999999982"/>
    <testcase classname="ds.changeRefGroup_smk_shutdown" name="shutdown" time="0.000999999999976353"/>
    <testcase classname="ds.changeRefGroup_smk_shutdown" name="shutdown" time="0.000999999999976353"/>
  </testsuite>
  <testsuite errors="0" failures="0" hostname="fv-az14" name="ds.changeRefGroup::smk::done" skipped="0" tests="0" time="0" timestamp="2020-10-27T19:07:04Z"/>
  <testsuite errors="0" failures="0" hostname="fv-az14" name="ds.class::smk::setup" skipped="0" tests="3" time="5.004" timestamp="2020-10-27T19:07:04Z">
    <testcase classname="ds.class_smk_setup" name="setup" time="5.00199999999995"/>
    <testcase classname="ds.class_smk_setup" name="setup" time="0.00100000000020373"/>
    <testcase classname="ds.class_smk_setup" name="setup" time="0.000999999999976353"/>
  </testsuite>
  <testsuite errors="0" failures="0" hostname="fv-az14" name="ds.class::smk" skipped="0" tests="14" time="1.069" timestamp="2020-10-27T19:07:08Z">
    <testcase classname="ds.class_smk" name="simple_class" time="0.528999999999996"/>
    <testcase classname="ds.class_smk" name="simple_class" time="0.00199999999995271"/>
    <testcase classname="ds.class_smk" name="simple_class" time="0.000999999999976353"/>
    <testcase classname="ds.class_smk" name="simple_class" time="0.000999999999976353"/>
    <testcase classname="ds.class_smk" name="simple_class" time="0.000999999999976353"/>
    <testcase classname="ds.class_smk" name="simple_class" time="0.000999999999976353"/>
    <testcase classname="ds.class_smk" name="simple_class" time="0.000999999999976353"/>
    <testcase classname="ds.class_smk" name="simple_class" time="0.526000000000067"/>
    <testcase classname="ds.class_smk" name="simple_class" time="0.00199999999995271"/>
    <testcase classname="ds.class_smk" name="simple_class" time="0.000999999999976353"/>
    <testcase classname="ds.class_smk" name="simple_class" time="0.00100000000020373"/>
    <testcase classname="ds.class_smk" name="simple_class" time="0.000999999999976353"/>
    <testcase classname="ds.class_smk" name="simple_class" time="0.000999999999976353"/>
    <testcase classname="ds.class_smk" name="simple_class" time="0.000999999999976353"/>
  </testsuite>
  <testsuite errors="0" failures="0" hostname="fv-az14" name="ds.class::smk::shutdown" skipped="0" tests="3" time="0.281" timestamp="2020-10-27T19:07:09Z">
    <testcase classname="ds.class_smk_shutdown" name="shutdown" time="0.278999999999996"/>
    <testcase classname="ds.class_smk_shutdown" name="shutdown" time="0.000999999999976353"/>
    <testcase classname="ds.class_smk_shutdown" name="shutdown" time="0.000999999999976353"/>
  </testsuite>
  <testsuite errors="0" failures="0" hostname="fv-az14" name="ds.class::smk::done" skipped="0" tests="0" time="0" timestamp="2020-10-27T19:07:10Z"/>
  <testsuite errors="0" failures="0" hostname="fv-az14" name="ds.colnames::smk::setup" skipped="0" tests="3" time="4.981" timestamp="2020-10-27T19:07:10Z">
    <testcase classname="ds.colnames_smk_setup" name="setup" time="4.97900000000004"/>
    <testcase classname="ds.colnames_smk_setup" name="setup" time="0.000999999999976353"/>
    <testcase classname="ds.colnames_smk_setup" name="setup" time="0.000999999999976353"/>
  </testsuite>
  <testsuite errors="0" failures="0" hostname="fv-az14" name="ds.colnames::smk" skipped="0" tests="10" time="3.861" timestamp="2020-10-27T19:07:15Z">
    <testcase classname="ds.colnames_smk" name="simple_colnames" time="3.85100000000011"/>
    <testcase classname="ds.colnames_smk" name="simple_colnames" time="0.000999999999976353"/>
    <testcase classname="ds.colnames_smk" name="simple_colnames" time="0.000999999999976353"/>
    <testcase classname="ds.colnames_smk" name="simple_colnames" time="0.000999999999976353"/>
    <testcase classname="ds.colnames_smk" name="simple_colnames" time="0.000999999999976353"/>
    <testcase classname="ds.colnames_smk" name="simple_colnames" time="0.000999999999976353"/>
    <testcase classname="ds.colnames_smk" name="simple_colnames" time="0.00199999999995271"/>
    <testcase classname="ds.colnames_smk" name="simple_colnames" time="0.00100000000020373"/>
    <testcase classname="ds.colnames_smk" name="simple_colnames" time="0.000999999999976353"/>
    <testcase classname="ds.colnames_smk" name="simple_colnames" time="0.000999999999976353"/>
  </testsuite>
  <testsuite errors="0" failures="0" hostname="fv-az14" name="ds.colnames::smk::shutdown" skipped="0" tests="3" time="0.267" timestamp="2020-10-27T19:07:19Z">
    <testcase classname="ds.colnames_smk_shutdown" name="shutdown" time="0.264999999999873"/>
    <testcase classname="ds.colnames_smk_shutdown" name="shutdown" time="0.000999999999976353"/>
    <testcase classname="ds.colnames_smk_shutdown" name="shutdown" time="0.00100000000020373"/>
  </testsuite>
  <testsuite errors="0" failures="0" hostname="fv-az14" name="ds.colnames::smk::done" skipped="0" tests="0" time="0" timestamp="2020-10-27T19:07:19Z"/>
  <testsuite errors="0" failures="0" hostname="fv-az14" name="ds.completeCases::smk::setup" skipped="0" tests="3" time="5.088" timestamp="2020-10-27T19:07:19Z">
    <testcase classname="ds.completeCases_smk_setup" name="setup" time="5.08599999999979"/>
    <testcase classname="ds.completeCases_smk_setup" name="setup" time="0.00100000000020373"/>
    <testcase classname="ds.completeCases_smk_setup" name="setup" time="0.000999999999976353"/>
  </testsuite>
  <testsuite errors="0" failures="0" hostname="fv-az14" name="ds.completeCases::smk::data.frame" skipped="0" tests="37" time="11.383" timestamp="2020-10-27T19:07:24Z">
    <testcase classname="ds.completeCases_smk_data.frame" name="completeCases_data.frame" time="9.76599999999985"/>
    <testcase classname="ds.completeCases_smk_data.frame" name="completeCases_data.frame" time="0.000999999999976353"/>
    <testcase classname="ds.completeCases_smk_data.frame" name="completeCases_data.frame" time="0.00200000000018008"/>
    <testcase classname="ds.completeCases_smk_data.frame" name="completeCases_data.frame" time="0.520999999999958"/>
    <testcase classname="ds.completeCases_smk_data.frame" name="completeCases_data.frame" time="0.00199999999995271"/>
    <testcase classname="ds.completeCases_smk_data.frame" name="completeCases_data.frame" time="0.000999999999976353"/>
    <testcase classname="ds.completeCases_smk_data.frame" name="completeCases_data.frame" time="0.000999999999976353"/>
    <testcase classname="ds.completeCases_smk_data.frame" name="completeCases_data.frame" time="0.519000000000005"/>
    <testcase classname="ds.completeCases_smk_data.frame" name="completeCases_data.frame" time="0.00199999999995271"/>
    <testcase classname="ds.completeCases_smk_data.frame" name="completeCases_data.frame" time="0.00100000000020373"/>
    <testcase classname="ds.completeCases_smk_data.frame" name="completeCases_data.frame" time="0.000999999999976353"/>
    <testcase classname="ds.completeCases_smk_data.frame" name="completeCases_data.frame" time="0.268000000000029"/>
    <testcase classname="ds.completeCases_smk_data.frame" name="completeCases_data.frame" time="0.000999999999976353"/>
    <testcase classname="ds.completeCases_smk_data.frame" name="completeCases_data.frame" time="0.000999999999976353"/>
    <testcase classname="ds.completeCases_smk_data.frame" name="completeCases_data.frame" time="0.000999999999976353"/>
    <testcase classname="ds.completeCases_smk_data.frame" name="completeCases_data.frame" time="0.000999999999976353"/>
    <testcase classname="ds.completeCases_smk_data.frame" name="completeCases_data.frame" time="0.000999999999976353"/>
    <testcase classname="ds.completeCases_smk_data.frame" name="completeCases_data.frame" time="0.00199999999995271"/>
    <testcase classname="ds.completeCases_smk_data.frame" name="completeCases_data.frame" time="0.000999999999976353"/>
    <testcase classname="ds.completeCases_smk_data.frame" name="completeCases_data.frame" time="0.00100000000020373"/>
    <testcase classname="ds.completeCases_smk_data.frame" name="completeCases_data.frame" time="0.00199999999995271"/>
    <testcase classname="ds.completeCases_smk_data.frame" name="completeCases_data.frame" time="0.000999999999976353"/>
    <testcase classname="ds.completeCases_smk_data.frame" name="completeCases_data.frame" time="0.000999999999976353"/>
    <testcase classname="ds.completeCases_smk_data.frame" name="completeCases_data.frame" time="0.00199999999995271"/>
    <testcase classname="ds.completeCases_smk_data.frame" name="completeCases_data.frame" time="0.2650000000001"/>
    <testcase classname="ds.completeCases_smk_data.frame" name="completeCases_data.frame" time="0.000999999999976353"/>
    <testcase classname="ds.completeCases_smk_data.frame" name="completeCases_data.frame" time="0.00199999999995271"/>
    <testcase classname="ds.completeCases_smk_data.frame" name="completeCases_data.frame" time="0.000999999999976353"/>
    <testcase classname="ds.completeCases_smk_data.frame" name="completeCases_data.frame" time="0.00199999999995271"/>
    <testcase classname="ds.completeCases_smk_data.frame" name="completeCases_data.frame" time="0.000999999999976353"/>
    <testcase classname="ds.completeCases_smk_data.frame" name="completeCases_data.frame" time="0.00200000000018008"/>
    <testcase classname="ds.completeCases_smk_data.frame" name="completeCases_data.frame" time="0.000999999999976353"/>
    <testcase classname="ds.completeCases_smk_data.frame" name="completeCases_data.frame" time="0.00199999999995271"/>
    <testcase classname="ds.completeCases_smk_data.frame" name="completeCases_data.frame" time="0.000999999999976353"/>
    <testcase classname="ds.completeCases_smk_data.frame" name="completeCases_data.frame" time="0.00199999999995271"/>
    <testcase classname="ds.completeCases_smk_data.frame" name="completeCases_data.frame" time="0.000999999999976353"/>
    <testcase classname="ds.completeCases_smk_data.frame" name="completeCases_data.frame" time="0.00200000000018008"/>
  </testsuite>
  <testsuite errors="0" failures="0" hostname="fv-az14" name="ds.completeCases::smk::matrix" skipped="0" tests="29" time="3.148" timestamp="2020-10-27T19:07:35Z">
    <testcase classname="ds.completeCases_smk_matrix" name="completeCases_matrix" time="1.55499999999984"/>
    <testcase classname="ds.completeCases_smk_matrix" name="completeCases_matrix" time="0.000999999999976353"/>
    <testcase classname="ds.completeCases_smk_matrix" name="completeCases_matrix" time="0.00100000000020373"/>
    <testcase classname="ds.completeCases_smk_matrix" name="completeCases_matrix" time="0.523999999999887"/>
    <testcase classname="ds.completeCases_smk_matrix" name="completeCases_matrix" time="0.000999999999976353"/>
    <testcase classname="ds.completeCases_smk_matrix" name="completeCases_matrix" time="0.000999999999976353"/>
    <testcase classname="ds.completeCases_smk_matrix" name="completeCases_matrix" time="0.00199999999995271"/>
    <testcase classname="ds.completeCases_smk_matrix" name="completeCases_matrix" time="0.519000000000005"/>
    <testcase classname="ds.completeCases_smk_matrix" name="completeCases_matrix" time="0.00100000000020373"/>
    <testcase classname="ds.completeCases_smk_matrix" name="completeCases_matrix" time="0.00199999999995271"/>
    <testcase classname="ds.completeCases_smk_matrix" name="completeCases_matrix" time="0.000999999999976353"/>
    <testcase classname="ds.completeCases_smk_matrix" name="completeCases_matrix" time="0.257000000000062"/>
    <testcase classname="ds.completeCases_smk_matrix" name="completeCases_matrix" time="0.00199999999995271"/>
    <testcase classname="ds.completeCases_smk_matrix" name="completeCases_matrix" time="0.000999999999976353"/>
    <testcase classname="ds.completeCases_smk_matrix" name="completeCases_matrix" time="0.000999999999976353"/>
    <testcase classname="ds.completeCases_smk_matrix" name="completeCases_matrix" time="0.000999999999976353"/>
    <testcase classname="ds.completeCases_smk_matrix" name="completeCases_matrix" time="0.00199999999995271"/>
    <testcase classname="ds.completeCases_smk_matrix" name="completeCases_matrix" time="0.000999999999976353"/>
    <testcase classname="ds.completeCases_smk_matrix" name="completeCases_matrix" time="0.00100000000020373"/>
    <testcase classname="ds.completeCases_smk_matrix" name="completeCases_matrix" time="0.00199999999995271"/>
    <testcase classname="ds.completeCases_smk_matrix" name="completeCases_matrix" time="0.000999999999976353"/>
    <testcase classname="ds.completeCases_smk_matrix" name="completeCases_matrix" time="0.000999999999976353"/>
    <testcase classname="ds.completeCases_smk_matrix" name="completeCases_matrix" time="0.00199999999995271"/>
    <testcase classname="ds.completeCases_smk_matrix" name="completeCases_matrix" time="0.000999999999976353"/>
    <testcase classname="ds.completeCases_smk_matrix" name="completeCases_matrix" time="0.260999999999967"/>
    <testcase classname="ds.completeCases_smk_matrix" name="completeCases_matrix" time="0.00100000000020373"/>
    <testcase classname="ds.completeCases_smk_matrix" name="completeCases_matrix" time="0.00199999999995271"/>
    <testcase classname="ds.completeCases_smk_matrix" name="completeCases_matrix" time="0.000999999999976353"/>
    <testcase classname="ds.completeCases_smk_matrix" name="completeCases_matrix" time="0.00199999999995271"/>
  </testsuite>
  <testsuite errors="0" failures="0" hostname="fv-az14" name="ds.completeCases::smk::vector" skipped="0" tests="21" time="3.842" timestamp="2020-10-27T19:07:38Z">
    <testcase classname="ds.completeCases_smk_vector" name="completeCases_vector" time="2.25199999999995"/>
    <testcase classname="ds.completeCases_smk_vector" name="completeCases_vector" time="0.000999999999976353"/>
    <testcase classname="ds.completeCases_smk_vector" name="completeCases_vector" time="0.00200000000018008"/>
    <testcase classname="ds.completeCases_smk_vector" name="completeCases_vector" time="0.519999999999982"/>
    <testcase classname="ds.completeCases_smk_vector" name="completeCases_vector" time="0.000999999999976353"/>
    <testcase classname="ds.completeCases_smk_vector" name="completeCases_vector" time="0.000999999999976353"/>
    <testcase classname="ds.completeCases_smk_vector" name="completeCases_vector" time="0.00199999999995271"/>
    <testcase classname="ds.completeCases_smk_vector" name="completeCases_vector" time="0.521999999999935"/>
    <testcase classname="ds.completeCases_smk_vector" name="completeCases_vector" time="0.00200000000018008"/>
    <testcase classname="ds.completeCases_smk_vector" name="completeCases_vector" time="0.000999999999976353"/>
    <testcase classname="ds.completeCases_smk_vector" name="completeCases_vector" time="0.000999999999976353"/>
    <testcase classname="ds.completeCases_smk_vector" name="completeCases_vector" time="0.26299999999992"/>
    <testcase classname="ds.completeCases_smk_vector" name="completeCases_vector" time="0.00199999999995271"/>
    <testcase classname="ds.completeCases_smk_vector" name="completeCases_vector" time="0.000999999999976353"/>
    <testcase classname="ds.completeCases_smk_vector" name="completeCases_vector" time="0.00100000000020373"/>
    <testcase classname="ds.completeCases_smk_vector" name="completeCases_vector" time="0.00199999999995271"/>
    <testcase classname="ds.completeCases_smk_vector" name="completeCases_vector" time="0.261999999999944"/>
    <testcase classname="ds.completeCases_smk_vector" name="completeCases_vector" time="0.00199999999995271"/>
    <testcase classname="ds.completeCases_smk_vector" name="completeCases_vector" time="0.000999999999976353"/>
    <testcase classname="ds.completeCases_smk_vector" name="completeCases_vector" time="0.00199999999995271"/>
    <testcase classname="ds.completeCases_smk_vector" name="completeCases_vector" time="0.00100000000020373"/>
  </testsuite>
  <testsuite errors="0" failures="0" hostname="fv-az14" name="ds.completeCases::smk::shutdown" skipped="0" tests="3" time="0.268" timestamp="2020-10-27T19:07:42Z">
    <testcase classname="ds.completeCases_smk_shutdown" name="shutdown" time="0.265999999999849"/>
    <testcase classname="ds.completeCases_smk_shutdown" name="shutdown" time="0.000999999999976353"/>
    <testcase classname="ds.completeCases_smk_shutdown" name="shutdown" time="0.000999999999976353"/>
  </testsuite>
  <testsuite errors="0" failures="0" hostname="fv-az14" name="ds.completeCases::smk::done" skipped="0" tests="0" time="0" timestamp="2020-10-27T19:07:43Z"/>
  <testsuite errors="0" failures="0" hostname="fv-az14" name="ds.cor::smk::setup" skipped="0" tests="3" time="4.993" timestamp="2020-10-27T19:07:43Z">
    <testcase classname="ds.cor_smk_setup" name="setup" time="4.99100000000021"/>
    <testcase classname="ds.cor_smk_setup" name="setup" time="0.000999999999976353"/>
    <testcase classname="ds.cor_smk_setup" name="setup" time="0.000999999999976353"/>
  </testsuite>
  <testsuite errors="0" failures="0" hostname="fv-az14" name="ds.cor::smk" skipped="0" tests="56" time="8.852" timestamp="2020-10-27T19:07:48Z">
    <testcase classname="ds.cor_smk" name="simple_test_combine_pairwise.complete" time="2.20000000000005"/>
    <testcase classname="ds.cor_smk" name="simple_test_combine_pairwise.complete" time="0.000999999999976353"/>
    <testcase classname="ds.cor_smk" name="simple_test_combine_pairwise.complete" time="0.000999999999976353"/>
    <testcase classname="ds.cor_smk" name="simple_test_combine_pairwise.complete" time="0.000999999999976353"/>
    <testcase classname="ds.cor_smk" name="simple_test_combine_pairwise.complete" time="0.00199999999995271"/>
    <testcase classname="ds.cor_smk" name="simple_test_combine_pairwise.complete" time="0.000999999999976353"/>
    <testcase classname="ds.cor_smk" name="simple_test_combine_pairwise.complete" time="0.000999999999976353"/>
    <testcase classname="ds.cor_smk" name="simple_test_combine_pairwise.complete" time="0.000999999999976353"/>
    <testcase classname="ds.cor_smk" name="simple_test_combine_pairwise.complete" time="0.000999999999976353"/>
    <testcase classname="ds.cor_smk" name="simple_test_combine_casewise.complete" time="2.19400000000019"/>
    <testcase classname="ds.cor_smk" name="simple_test_combine_casewise.complete" time="0.00199999999995271"/>
    <testcase classname="ds.cor_smk" name="simple_test_combine_casewise.complete" time="0.000999999999976353"/>
    <testcase classname="ds.cor_smk" name="simple_test_combine_casewise.complete" time="0.000999999999976353"/>
    <testcase classname="ds.cor_smk" name="simple_test_combine_casewise.complete" time="0.000999999999976353"/>
    <testcase classname="ds.cor_smk" name="simple_test_combine_casewise.complete" time="0.00199999999995271"/>
    <testcase classname="ds.cor_smk" name="simple_test_combine_casewise.complete" time="0.000999999999976353"/>
    <testcase classname="ds.cor_smk" name="simple_test_combine_casewise.complete" time="0.00100000000020373"/>
    <testcase classname="ds.cor_smk" name="simple_test_combine_casewise.complete" time="0.000999999999976353"/>
    <testcase classname="ds.cor_smk" name="simple_test_split_pairwise.complete" time="2.19599999999991"/>
    <testcase classname="ds.cor_smk" name="simple_test_split_pairwise.complete" time="0.000999999999976353"/>
    <testcase classname="ds.cor_smk" name="simple_test_split_pairwise.complete" time="0.00199999999995271"/>
    <testcase classname="ds.cor_smk" name="simple_test_split_pairwise.complete" time="0.00100000000020373"/>
    <testcase classname="ds.cor_smk" name="simple_test_split_pairwise.complete" time="0.000999999999976353"/>
    <testcase classname="ds.cor_smk" name="simple_test_split_pairwise.complete" time="0.00199999999995271"/>
    <testcase classname="ds.cor_smk" name="simple_test_split_pairwise.complete" time="0.000999999999976353"/>
    <testcase classname="ds.cor_smk" name="simple_test_split_pairwise.complete" time="0.000999999999976353"/>
    <testcase classname="ds.cor_smk" name="simple_test_split_pairwise.complete" time="0.00199999999995271"/>
    <testcase classname="ds.cor_smk" name="simple_test_split_pairwise.complete" time="0.000999999999976353"/>
    <testcase classname="ds.cor_smk" name="simple_test_split_pairwise.complete" time="0.00200000000018008"/>
    <testcase classname="ds.cor_smk" name="simple_test_split_pairwise.complete" time="0.000999999999976353"/>
    <testcase classname="ds.cor_smk" name="simple_test_split_pairwise.complete" time="0.00199999999995271"/>
    <testcase classname="ds.cor_smk" name="simple_test_split_pairwise.complete" time="0.000999999999976353"/>
    <testcase classname="ds.cor_smk" name="simple_test_split_pairwise.complete" time="0.00199999999995271"/>
    <testcase classname="ds.cor_smk" name="simple_test_split_pairwise.complete" time="0.000999999999976353"/>
    <testcase classname="ds.cor_smk" name="simple_test_split_pairwise.complete" time="0.00200000000018008"/>
    <testcase classname="ds.cor_smk" name="simple_test_split_pairwise.complete" time="0.000999999999976353"/>
    <testcase classname="ds.cor_smk" name="simple_test_split_pairwise.complete" time="0.00199999999995271"/>
    <testcase classname="ds.cor_smk" name="simple_test_split_casewise.complete" time="2.18599999999992"/>
    <testcase classname="ds.cor_smk" name="simple_test_split_casewise.complete" time="0.00199999999995271"/>
    <testcase classname="ds.cor_smk" name="simple_test_split_casewise.complete" time="0.00200000000018008"/>
    <testcase classname="ds.cor_smk" name="simple_test_split_casewise.complete" time="0.000999999999976353"/>
    <testcase classname="ds.cor_smk" name="simple_test_split_casewise.complete" time="0.00199999999995271"/>
    <testcase classname="ds.cor_smk" name="simple_test_split_casewise.complete" time="0.000999999999976353"/>
    <testcase classname="ds.cor_smk" name="simple_test_split_casewise.complete" time="0.00199999999995271"/>
    <testcase classname="ds.cor_smk" name="simple_test_split_casewise.complete" time="0.00199999999995271"/>
    <testcase classname="ds.cor_smk" name="simple_test_split_casewise.complete" time="0.00200000000018008"/>
    <testcase classname="ds.cor_smk" name="simple_test_split_casewise.complete" time="0.000999999999976353"/>
    <testcase classname="ds.cor_smk" name="simple_test_split_casewise.complete" time="0.00199999999995271"/>
    <testcase classname="ds.cor_smk" name="simple_test_split_casewise.complete" time="0.000999999999976353"/>
    <testcase classname="ds.cor_smk" name="simple_test_split_casewise.complete" time="0.00199999999995271"/>
    <testcase classname="ds.cor_smk" name="simple_test_split_casewise.complete" time="0.00200000000018008"/>
    <testcase classname="ds.cor_smk" name="simple_test_split_casewise.complete" time="0.00199999999995271"/>
    <testcase classname="ds.cor_smk" name="simple_test_split_casewise.complete" time="0.000999999999976353"/>
    <testcase classname="ds.cor_smk" name="simple_test_split_casewise.complete" time="0.00199999999995271"/>
    <testcase classname="ds.cor_smk" name="simple_test_split_casewise.complete" time="0.00199999999995271"/>
    <testcase classname="ds.cor_smk" name="simple_test_split_casewise.complete" time="0.00199999999995271"/>
  </testsuite>
  <testsuite errors="0" failures="0" hostname="fv-az14" name="ds.cor::smk::setup::shutdown" skipped="0" tests="3" time="0.271" timestamp="2020-10-27T19:07:56Z">
    <testcase classname="ds.cor_smk_setup_shutdown" name="shutdown" time="0.269000000000005"/>
    <testcase classname="ds.cor_smk_setup_shutdown" name="shutdown" time="0.00100000000020373"/>
    <testcase classname="ds.cor_smk_setup_shutdown" name="shutdown" time="0.000999999999976353"/>
  </testsuite>
  <testsuite errors="0" failures="0" hostname="fv-az14" name="ds.cor::smk::setup::done" skipped="0" tests="0" time="0" timestamp="2020-10-27T19:07:57Z"/>
  <testsuite errors="0" failures="0" hostname="fv-az14" name="ds.corTest::smk::setup" skipped="0" tests="3" time="4.977" timestamp="2020-10-27T19:07:57Z">
    <testcase classname="ds.corTest_smk_setup" name="setup" time="4.97499999999991"/>
    <testcase classname="ds.corTest_smk_setup" name="setup" time="0.000999999999976353"/>
    <testcase classname="ds.corTest_smk_setup" name="setup" time="0.000999999999976353"/>
  </testsuite>
  <testsuite errors="0" failures="0" hostname="fv-az14" name="ds.corTest::smk" skipped="0" tests="28" time="2.166" timestamp="2020-10-27T19:08:02Z">
    <testcase classname="ds.corTest_smk" name="simple_test" time="2.13100000000009"/>
    <testcase classname="ds.corTest_smk" name="simple_test" time="0.000999999999976353"/>
    <testcase classname="ds.corTest_smk" name="simple_test" time="0.000999999999976353"/>
    <testcase classname="ds.corTest_smk" name="simple_test" time="0.00199999999995271"/>
    <testcase classname="ds.corTest_smk" name="simple_test" time="0.000999999999976353"/>
    <testcase classname="ds.corTest_smk" name="simple_test" time="0.000999999999976353"/>
    <testcase classname="ds.corTest_smk" name="simple_test" time="0.00100000000020373"/>
    <testcase classname="ds.corTest_smk" name="simple_test" time="0.000999999999976353"/>
    <testcase classname="ds.corTest_smk" name="simple_test" time="0.000999999999976353"/>
    <testcase classname="ds.corTest_smk" name="simple_test" time="0.00199999999995271"/>
    <testcase classname="ds.corTest_smk" name="simple_test" time="0.000999999999976353"/>
    <testcase classname="ds.corTest_smk" name="simple_test" time="0.000999999999976353"/>
    <testcase classname="ds.corTest_smk" name="simple_test" time="0.000999999999976353"/>
    <testcase classname="ds.corTest_smk" name="simple_test" time="0.00200000000018008"/>
    <testcase classname="ds.corTest_smk" name="simple_test" time="0.000999999999976353"/>
    <testcase classname="ds.corTest_smk" name="simple_test" time="0.000999999999976353"/>
    <testcase classname="ds.corTest_smk" name="simple_test" time="0.000999999999976353"/>
    <testcase classname="ds.corTest_smk" name="simple_test" time="0.00199999999995271"/>
    <testcase classname="ds.corTest_smk" name="simple_test" time="0.000999999999976353"/>
    <testcase classname="ds.corTest_smk" name="simple_test" time="0.00199999999995271"/>
    <testcase classname="ds.corTest_smk" name="simple_test" time="0.000999999999976353"/>
    <testcase classname="ds.corTest_smk" name="simple_test" time="0.00100000000020373"/>
    <testcase classname="ds.corTest_smk" name="simple_test" time="0.00199999999995271"/>
    <testcase classname="ds.corTest_smk" name="simple_test" time="0.000999999999976353"/>
    <testcase classname="ds.corTest_smk" name="simple_test" time="0.00199999999995271"/>
    <testcase classname="ds.corTest_smk" name="simple_test" time="0.000999999999976353"/>
    <testcase classname="ds.corTest_smk" name="simple_test" time="0.00199999999995271"/>
    <testcase classname="ds.corTest_smk" name="simple_test" time="0.00100000000020373"/>
  </testsuite>
  <testsuite errors="0" failures="0" hostname="fv-az14" name="ds.corTest::smk::shutdown" skipped="0" tests="3" time="0.27" timestamp="2020-10-27T19:08:04Z">
    <testcase classname="ds.corTest_smk_shutdown" name="shutdown" time="0.267999999999802"/>
    <testcase classname="ds.corTest_smk_shutdown" name="shutdown" time="0.000999999999976353"/>
    <testcase classname="ds.corTest_smk_shutdown" name="shutdown" time="0.00100000000020373"/>
  </testsuite>
  <testsuite errors="0" failures="0" hostname="fv-az14" name="ds.corTest::smk::done" skipped="0" tests="0" time="0" timestamp="2020-10-27T19:08:05Z"/>
  <testsuite errors="0" failures="0" hostname="fv-az14" name="ds.cov::smk::setup" skipped="0" tests="3" time="4.98" timestamp="2020-10-27T19:08:05Z">
    <testcase classname="ds.cov_smk_setup" name="setup" time="4.97799999999984"/>
    <testcase classname="ds.cov_smk_setup" name="setup" time="0.000999999999976353"/>
    <testcase classname="ds.cov_smk_setup" name="setup" time="0.000999999999976353"/>
  </testsuite>
  <testsuite errors="0" failures="0" hostname="fv-az14" name="ds.cov::smk" skipped="0" tests="28" time="4.369" timestamp="2020-10-27T19:08:09Z">
    <testcase classname="ds.cov_smk" name="simple_test_split" time="2.15899999999988"/>
    <testcase classname="ds.cov_smk" name="simple_test_split" time="0.000999999999976353"/>
    <testcase classname="ds.cov_smk" name="simple_test_split" time="0.000999999999976353"/>
    <testcase classname="ds.cov_smk" name="simple_test_split" time="0.000999999999976353"/>
    <testcase classname="ds.cov_smk" name="simple_test_split" time="0.00100000000020373"/>
    <testcase classname="ds.cov_smk" name="simple_test_split" time="0.000999999999976353"/>
    <testcase classname="ds.cov_smk" name="simple_test_split" time="0.000999999999976353"/>
    <testcase classname="ds.cov_smk" name="simple_test_split" time="0.000999999999976353"/>
    <testcase classname="ds.cov_smk" name="simple_test_split" time="0.00199999999995271"/>
    <testcase classname="ds.cov_smk" name="simple_test_split" time="0.000999999999976353"/>
    <testcase classname="ds.cov_smk" name="simple_test_split" time="0.000999999999976353"/>
    <testcase classname="ds.cov_smk" name="simple_test_split" time="0.000999999999976353"/>
    <testcase classname="ds.cov_smk" name="simple_test_split" time="0.00100000000020373"/>
    <testcase classname="ds.cov_smk" name="simple_test_split" time="0.00199999999995271"/>
    <testcase classname="ds.cov_smk" name="simple_test_split" time="0.000999999999976353"/>
    <testcase classname="ds.cov_smk" name="simple_test_split" time="0.000999999999976353"/>
    <testcase classname="ds.cov_smk" name="simple_test_split" time="0.000999999999976353"/>
    <testcase classname="ds.cov_smk" name="simple_test_split" time="0.000999999999976353"/>
    <testcase classname="ds.cov_smk" name="simple_test_split" time="0.00199999999995271"/>
    <testcase classname="ds.cov_smk" name="simple_test_combine" time="2.17800000000011"/>
    <testcase classname="ds.cov_smk" name="simple_test_combine" time="0.000999999999976353"/>
    <testcase classname="ds.cov_smk" name="simple_test_combine" time="0.000999999999976353"/>
    <testcase classname="ds.cov_smk" name="simple_test_combine" time="0.00199999999995271"/>
    <testcase classname="ds.cov_smk" name="simple_test_combine" time="0.000999999999976353"/>
    <testcase classname="ds.cov_smk" name="simple_test_combine" time="0.000999999999976353"/>
    <testcase classname="ds.cov_smk" name="simple_test_combine" time="0.00200000000018008"/>
    <testcase classname="ds.cov_smk" name="simple_test_combine" time="0.000999999999976353"/>
    <testcase classname="ds.cov_smk" name="simple_test_combine" time="0.00199999999995271"/>
  </testsuite>
  <testsuite errors="0" failures="0" hostname="fv-az14" name="ds.cov::smk::shutdown" skipped="0" tests="3" time="0.27" timestamp="2020-10-27T19:08:13Z">
    <testcase classname="ds.cov_smk_shutdown" name="shutdown" time="0.268000000000029"/>
    <testcase classname="ds.cov_smk_shutdown" name="shutdown" time="0.000999999999976353"/>
    <testcase classname="ds.cov_smk_shutdown" name="shutdown" time="0.000999999999976353"/>
  </testsuite>
  <testsuite errors="0" failures="0" hostname="fv-az14" name="ds.cov::smk::done" skipped="0" tests="0" time="0" timestamp="2020-10-27T19:08:14Z"/>
  <testsuite errors="0" failures="0" hostname="fv-az14" name="ds.c::smk::setup" skipped="0" tests="3" time="4.997" timestamp="2020-10-27T19:08:14Z">
    <testcase classname="ds.c_smk_setup" name="setup" time="4.99500000000012"/>
    <testcase classname="ds.c_smk_setup" name="setup" time="0.000999999999976353"/>
    <testcase classname="ds.c_smk_setup" name="setup" time="0.000999999999976353"/>
  </testsuite>
  <testsuite errors="0" failures="0" hostname="fv-az14" name="ds.c::smk" skipped="0" tests="1" time="1.469" timestamp="2020-10-27T19:08:19Z">
    <testcase classname="ds.c_smk" name="simple_c" time="1.46900000000005"/>
  </testsuite>
  <testsuite errors="0" failures="0" hostname="fv-az14" name="ds.c::smk::shutdown" skipped="0" tests="3" time="0.271" timestamp="2020-10-27T19:08:20Z">
    <testcase classname="ds.c_smk_shutdown" name="setup" time="0.269000000000005"/>
    <testcase classname="ds.c_smk_shutdown" name="setup" time="0.000999999999976353"/>
    <testcase classname="ds.c_smk_shutdown" name="setup" time="0.000999999999976353"/>
  </testsuite>
  <testsuite errors="0" failures="0" hostname="fv-az14" name="ds.c::smk::done" skipped="0" tests="0" time="0" timestamp="2020-10-27T19:08:21Z"/>
  <testsuite errors="0" failures="0" hostname="fv-az14" name="ds.dataFrameFill::smk::setup" skipped="0" tests="3" time="5.035" timestamp="2020-10-27T19:08:21Z">
    <testcase classname="ds.dataFrameFill_smk_setup" name="setup" time="5.0329999999999"/>
    <testcase classname="ds.dataFrameFill_smk_setup" name="setup" time="0.000999999999976353"/>
    <testcase classname="ds.dataFrameFill_smk_setup" name="setup" time="0.000999999999976353"/>
  </testsuite>
  <testsuite errors="0" failures="0" hostname="fv-az14" name="ds.dataFrameFill::smk::donothing dataframes" skipped="0" tests="14" time="4.239" timestamp="2020-10-27T19:08:25Z">
    <testcase classname="ds.dataFrameFill_smk_donothing_dataframes" name="dataFrameFill_donothing" time="1.20299999999997"/>
    <testcase classname="ds.dataFrameFill_smk_donothing_dataframes" name="dataFrameFill_donothing" time="0.00100000000020373"/>
    <testcase classname="ds.dataFrameFill_smk_donothing_dataframes" name="dataFrameFill_donothing" time="0.000999999999976353"/>
    <testcase classname="ds.dataFrameFill_smk_donothing_dataframes" name="dataFrameFill_donothing" time="0.000999999999976353"/>
    <testcase classname="ds.dataFrameFill_smk_donothing_dataframes" name="dataFrameFill_donothing" time="0.000999999999976353"/>
    <testcase classname="ds.dataFrameFill_smk_donothing_dataframes" name="dataFrameFill_donothing" time="0.000999999999976353"/>
    <testcase classname="ds.dataFrameFill_smk_donothing_dataframes" name="dataFrameFill_donothing" time="0.000999999999976353"/>
    <testcase classname="ds.dataFrameFill_smk_donothing_dataframes" name="dataFrameFill_donothing" time="0.000999999999976353"/>
    <testcase classname="ds.dataFrameFill_smk_donothing_dataframes" name="dataFrameFill_donothing" time="0.000999999999976353"/>
    <testcase classname="ds.dataFrameFill_smk_donothing_dataframes" name="dataFrameFill_donothing" time="0.00100000000020373"/>
    <testcase classname="ds.dataFrameFill_smk_donothing_dataframes" name="dataFrameFill_donothing" time="0.000999999999976353"/>
    <testcase classname="ds.dataFrameFill_smk_donothing_dataframes" name="dataFrameFill_donothing" time="0.00199999999995271"/>
    <testcase classname="ds.dataFrameFill_smk_donothing_dataframes" name="dataFrameFill_donothing" time="0.000999999999976353"/>
    <testcase classname="ds.dataFrameFill_smk_donothing_dataframes" name="dataFrameFill_donothing" time="3.02299999999991"/>
  </testsuite>
  <testsuite errors="0" failures="0" hostname="fv-az14" name="ds.dataFrameFill::smk::shutdown" skipped="0" tests="3" time="0.271" timestamp="2020-10-27T19:08:30Z">
    <testcase classname="ds.dataFrameFill_smk_shutdown" name="shutdown" time="0.268000000000029"/>
    <testcase classname="ds.dataFrameFill_smk_shutdown" name="shutdown" time="0.00199999999995271"/>
    <testcase classname="ds.dataFrameFill_smk_shutdown" name="shutdown" time="0.00100000000020373"/>
  </testsuite>
  <testsuite errors="0" failures="0" hostname="fv-az14" name="ds.dataFrameFill::smk::done" skipped="0" tests="0" time="0" timestamp="2020-10-27T19:08:31Z"/>
  <testsuite errors="0" failures="0" hostname="fv-az14" name="ds.dataFrameFill::smk::setup" skipped="0" tests="3" time="4.922" timestamp="2020-10-27T19:08:31Z">
    <testcase classname="ds.dataFrameFill_smk_setup" name="setup" time="4.91999999999985"/>
    <testcase classname="ds.dataFrameFill_smk_setup" name="setup" time="0.000999999999976353"/>
    <testcase classname="ds.dataFrameFill_smk_setup" name="setup" time="0.000999999999976353"/>
  </testsuite>
  <testsuite errors="0" failures="0" hostname="fv-az14" name="ds.dataFrameFill::smk::extend unfilled dataframes" skipped="0" tests="26" time="7.801" timestamp="2020-10-27T19:08:35Z">
    <testcase classname="ds.dataFrameFill_smk_extend_unfilled_dataframes" name="dataFrameFill_exists" time="1.20500000000015"/>
    <testcase classname="ds.dataFrameFill_smk_extend_unfilled_dataframes" name="dataFrameFill_exists" time="0.000999999999976353"/>
    <testcase classname="ds.dataFrameFill_smk_extend_unfilled_dataframes" name="dataFrameFill_exists" time="0.000999999999976353"/>
    <testcase classname="ds.dataFrameFill_smk_extend_unfilled_dataframes" name="dataFrameFill_exists" time="0.000999999999976353"/>
    <testcase classname="ds.dataFrameFill_smk_extend_unfilled_dataframes" name="dataFrameFill_exists" time="0.000999999999976353"/>
    <testcase classname="ds.dataFrameFill_smk_extend_unfilled_dataframes" name="dataFrameFill_exists" time="0.000999999999976353"/>
    <testcase classname="ds.dataFrameFill_smk_extend_unfilled_dataframes" name="dataFrameFill_exists" time="0.000999999999976353"/>
    <testcase classname="ds.dataFrameFill_smk_extend_unfilled_dataframes" name="dataFrameFill_exists" time="0.00200000000018008"/>
    <testcase classname="ds.dataFrameFill_smk_extend_unfilled_dataframes" name="dataFrameFill_exists" time="0.000999999999976353"/>
    <testcase classname="ds.dataFrameFill_smk_extend_unfilled_dataframes" name="dataFrameFill_exists" time="0.000999999999976353"/>
    <testcase classname="ds.dataFrameFill_smk_extend_unfilled_dataframes" name="dataFrameFill_exists" time="5.37699999999995"/>
    <testcase classname="ds.dataFrameFill_smk_extend_unfilled_dataframes" name="dataFrameFill_exists" time="0.00199999999995271"/>
    <testcase classname="ds.dataFrameFill_smk_extend_unfilled_dataframes" name="dataFrameFill_exists" time="0.000999999999976353"/>
    <testcase classname="ds.dataFrameFill_smk_extend_unfilled_dataframes" name="dataFrameFill_exists" time="1.19000000000005"/>
    <testcase classname="ds.dataFrameFill_smk_extend_unfilled_dataframes" name="dataFrameFill_exists" time="0.00199999999995271"/>
    <testcase classname="ds.dataFrameFill_smk_extend_unfilled_dataframes" name="dataFrameFill_exists" time="0.000999999999976353"/>
    <testcase classname="ds.dataFrameFill_smk_extend_unfilled_dataframes" name="dataFrameFill_exists" time="0.000999999999976353"/>
    <testcase classname="ds.dataFrameFill_smk_extend_unfilled_dataframes" name="dataFrameFill_exists" time="0.00100000000020373"/>
    <testcase classname="ds.dataFrameFill_smk_extend_unfilled_dataframes" name="dataFrameFill_exists" time="0.00199999999995271"/>
    <testcase classname="ds.dataFrameFill_smk_extend_unfilled_dataframes" name="dataFrameFill_exists" time="0.000999999999976353"/>
    <testcase classname="ds.dataFrameFill_smk_extend_unfilled_dataframes" name="dataFrameFill_exists" time="0.000999999999976353"/>
    <testcase classname="ds.dataFrameFill_smk_extend_unfilled_dataframes" name="dataFrameFill_exists" time="0.00199999999995271"/>
    <testcase classname="ds.dataFrameFill_smk_extend_unfilled_dataframes" name="dataFrameFill_exists" time="0.000999999999976353"/>
    <testcase classname="ds.dataFrameFill_smk_extend_unfilled_dataframes" name="dataFrameFill_exists" time="0.000999999999976353"/>
    <testcase classname="ds.dataFrameFill_smk_extend_unfilled_dataframes" name="dataFrameFill_exists" time="0.00200000000018008"/>
    <testcase classname="ds.dataFrameFill_smk_extend_unfilled_dataframes" name="dataFrameFill_exists" time="0.000999999999976353"/>
  </testsuite>
  <testsuite errors="0" failures="0" hostname="fv-az14" name="ds.dataFrameFill::smk::shutdown" skipped="0" tests="3" time="0.272" timestamp="2020-10-27T19:08:43Z">
    <testcase classname="ds.dataFrameFill_smk_shutdown" name="shutdown" time="0.269000000000005"/>
    <testcase classname="ds.dataFrameFill_smk_shutdown" name="shutdown" time="0.00199999999995271"/>
    <testcase classname="ds.dataFrameFill_smk_shutdown" name="shutdown" time="0.000999999999976353"/>
  </testsuite>
  <testsuite errors="0" failures="0" hostname="fv-az14" name="ds.dataFrameFill::smk::done" skipped="0" tests="0" time="0" timestamp="2020-10-27T19:08:44Z"/>
  <testsuite errors="0" failures="0" hostname="fv-az14" name="ds.dataFrame::smk::setup" skipped="0" tests="3" time="5.026" timestamp="2020-10-27T19:08:44Z">
    <testcase classname="ds.dataFrame_smk_setup" name="setup" time="5.02399999999989"/>
    <testcase classname="ds.dataFrame_smk_setup" name="setup" time="0.00100000000020373"/>
    <testcase classname="ds.dataFrame_smk_setup" name="setup" time="0.000999999999976353"/>
  </testsuite>
  <testsuite errors="0" failures="0" hostname="fv-az14" name="ds.dataFrame::smk::create a dataframe, from root variables" skipped="0" tests="25" time="5.678" timestamp="2020-10-27T19:08:48Z">
    <testcase classname="ds.dataFrame_smk_create_a_dataframe_from_root_variables" name="dataframe_exists" time="3.67399999999998"/>
    <testcase classname="ds.dataFrame_smk_create_a_dataframe_from_root_variables" name="dataframe_exists" time="0.00199999999995271"/>
    <testcase classname="ds.dataFrame_smk_create_a_dataframe_from_root_variables" name="dataframe_exists" time="0.000999999999976353"/>
    <testcase classname="ds.dataFrame_smk_create_a_dataframe_from_root_variables" name="dataframe_exists" time="0.777000000000044"/>
    <testcase classname="ds.dataFrame_smk_create_a_dataframe_from_root_variables" name="dataframe_exists" time="0.000999999999976353"/>
    <testcase classname="ds.dataFrame_smk_create_a_dataframe_from_root_variables" name="dataframe_exists" time="0.000999999999976353"/>
    <testcase classname="ds.dataFrame_smk_create_a_dataframe_from_root_variables" name="dataframe_exists" time="0.000999999999976353"/>
    <testcase classname="ds.dataFrame_smk_create_a_dataframe_from_root_variables" name="dataframe_exists" time="0.000999999999976353"/>
    <testcase classname="ds.dataFrame_smk_create_a_dataframe_from_root_variables" name="dataframe_exists" time="0.000999999999976353"/>
    <testcase classname="ds.dataFrame_smk_create_a_dataframe_from_root_variables" name="dataframe_exists" time="0.00100000000020373"/>
    <testcase classname="ds.dataFrame_smk_create_a_dataframe_from_root_variables" name="dataframe_exists" time="0.00199999999995271"/>
    <testcase classname="ds.dataFrame_smk_create_a_dataframe_from_root_variables" name="dataframe_exists" time="0.000999999999976353"/>
    <testcase classname="ds.dataFrame_smk_create_a_dataframe_from_root_variables" name="dataframe_exists" time="0.000999999999976353"/>
    <testcase classname="ds.dataFrame_smk_create_a_dataframe_from_root_variables" name="dataframe_exists" time="0.000999999999976353"/>
    <testcase classname="ds.dataFrame_smk_create_a_dataframe_from_root_variables" name="dataframe_exists" time="0.000999999999976353"/>
    <testcase classname="ds.dataFrame_smk_create_a_dataframe_from_root_variables" name="dataframe_exists" time="1.19299999999998"/>
    <testcase classname="ds.dataFrame_smk_create_a_dataframe_from_root_variables" name="dataframe_exists" time="0.0080000000000382"/>
    <testcase classname="ds.dataFrame_smk_create_a_dataframe_from_root_variables" name="dataframe_exists" time="0.00199999999995271"/>
    <testcase classname="ds.dataFrame_smk_create_a_dataframe_from_root_variables" name="dataframe_exists" time="0.000999999999976353"/>
    <testcase classname="ds.dataFrame_smk_create_a_dataframe_from_root_variables" name="dataframe_exists" time="0.000999999999976353"/>
    <testcase classname="ds.dataFrame_smk_create_a_dataframe_from_root_variables" name="dataframe_exists" time="0.00100000000020373"/>
    <testcase classname="ds.dataFrame_smk_create_a_dataframe_from_root_variables" name="dataframe_exists" time="0.00199999999995271"/>
    <testcase classname="ds.dataFrame_smk_create_a_dataframe_from_root_variables" name="dataframe_exists" time="0.000999999999976353"/>
    <testcase classname="ds.dataFrame_smk_create_a_dataframe_from_root_variables" name="dataframe_exists" time="0.000999999999976353"/>
    <testcase classname="ds.dataFrame_smk_create_a_dataframe_from_root_variables" name="dataframe_exists" time="0.00199999999995271"/>
  </testsuite>
  <testsuite errors="0" failures="0" hostname="fv-az14" name="ds.dataFrame::smk::create a dataframe, with DataSHIELD.checks, from root variables" skipped="0" tests="20" time="17.294" timestamp="2020-10-27T19:08:54Z">
    <testcase classname="ds.dataFrame_smk_create_a_dataframe_with_DataSHIELD.checks_from_root_variables" name="dataframe_exists_with_DataSHIELD.checks" time="15.308"/>
    <testcase classname="ds.dataFrame_smk_create_a_dataframe_with_DataSHIELD.checks_from_root_variables" name="dataframe_exists_with_DataSHIELD.checks" time="0.000999999999976353"/>
    <testcase classname="ds.dataFrame_smk_create_a_dataframe_with_DataSHIELD.checks_from_root_variables" name="dataframe_exists_with_DataSHIELD.checks" time="0.000999999999976353"/>
    <testcase classname="ds.dataFrame_smk_create_a_dataframe_with_DataSHIELD.checks_from_root_variables" name="dataframe_exists_with_DataSHIELD.checks" time="0.774000000000115"/>
    <testcase classname="ds.dataFrame_smk_create_a_dataframe_with_DataSHIELD.checks_from_root_variables" name="dataframe_exists_with_DataSHIELD.checks" time="0.000999999999976353"/>
    <testcase classname="ds.dataFrame_smk_create_a_dataframe_with_DataSHIELD.checks_from_root_variables" name="dataframe_exists_with_DataSHIELD.checks" time="0.00199999999995271"/>
    <testcase classname="ds.dataFrame_smk_create_a_dataframe_with_DataSHIELD.checks_from_root_variables" name="dataframe_exists_with_DataSHIELD.checks" time="0.000999999999976353"/>
    <testcase classname="ds.dataFrame_smk_create_a_dataframe_with_DataSHIELD.checks_from_root_variables" name="dataframe_exists_with_DataSHIELD.checks" time="0.000999999999976353"/>
    <testcase classname="ds.dataFrame_smk_create_a_dataframe_with_DataSHIELD.checks_from_root_variables" name="dataframe_exists_with_DataSHIELD.checks" time="0.00100000000020373"/>
    <testcase classname="ds.dataFrame_smk_create_a_dataframe_with_DataSHIELD.checks_from_root_variables" name="dataframe_exists_with_DataSHIELD.checks" time="0.000999999999976353"/>
    <testcase classname="ds.dataFrame_smk_create_a_dataframe_with_DataSHIELD.checks_from_root_variables" name="dataframe_exists_with_DataSHIELD.checks" time="1.19100000000003"/>
    <testcase classname="ds.dataFrame_smk_create_a_dataframe_with_DataSHIELD.checks_from_root_variables" name="dataframe_exists_with_DataSHIELD.checks" time="0.000999999999976353"/>
    <testcase classname="ds.dataFrame_smk_create_a_dataframe_with_DataSHIELD.checks_from_root_variables" name="dataframe_exists_with_DataSHIELD.checks" time="0.00199999999995271"/>
    <testcase classname="ds.dataFrame_smk_create_a_dataframe_with_DataSHIELD.checks_from_root_variables" name="dataframe_exists_with_DataSHIELD.checks" time="0.000999999999976353"/>
    <testcase classname="ds.dataFrame_smk_create_a_dataframe_with_DataSHIELD.checks_from_root_variables" name="dataframe_exists_with_DataSHIELD.checks" time="0.000999999999976353"/>
    <testcase classname="ds.dataFrame_smk_create_a_dataframe_with_DataSHIELD.checks_from_root_variables" name="dataframe_exists_with_DataSHIELD.checks" time="0.000999999999976353"/>
    <testcase classname="ds.dataFrame_smk_create_a_dataframe_with_DataSHIELD.checks_from_root_variables" name="dataframe_exists_with_DataSHIELD.checks" time="0.00199999999995271"/>
    <testcase classname="ds.dataFrame_smk_create_a_dataframe_with_DataSHIELD.checks_from_root_variables" name="dataframe_exists_with_DataSHIELD.checks" time="0.000999999999976353"/>
    <testcase classname="ds.dataFrame_smk_create_a_dataframe_with_DataSHIELD.checks_from_root_variables" name="dataframe_exists_with_DataSHIELD.checks" time="0.00100000000020373"/>
    <testcase classname="ds.dataFrame_smk_create_a_dataframe_with_DataSHIELD.checks_from_root_variables" name="dataframe_exists_with_DataSHIELD.checks" time="0.00199999999995271"/>
  </testsuite>
  <testsuite errors="0" failures="0" hostname="fv-az14" name="ds.dataFrame::smk::create a dataframe, from dataframe variables" skipped="0" tests="25" time="4.384" timestamp="2020-10-27T19:09:11Z">
    <testcase classname="ds.dataFrame_smk_create_a_dataframe_from_dataframe_variables" name="dataframe_exists_from_dataframe_variables" time="2.89300000000003"/>
    <testcase classname="ds.dataFrame_smk_create_a_dataframe_from_dataframe_variables" name="dataframe_exists_from_dataframe_variables" time="0.00199999999995271"/>
    <testcase classname="ds.dataFrame_smk_create_a_dataframe_from_dataframe_variables" name="dataframe_exists_from_dataframe_variables" time="0.000999999999976353"/>
    <testcase classname="ds.dataFrame_smk_create_a_dataframe_from_dataframe_variables" name="dataframe_exists_from_dataframe_variables" time="0.259000000000015"/>
    <testcase classname="ds.dataFrame_smk_create_a_dataframe_from_dataframe_variables" name="dataframe_exists_from_dataframe_variables" time="0.00199999999995271"/>
    <testcase classname="ds.dataFrame_smk_create_a_dataframe_from_dataframe_variables" name="dataframe_exists_from_dataframe_variables" time="0.000999999999976353"/>
    <testcase classname="ds.dataFrame_smk_create_a_dataframe_from_dataframe_variables" name="dataframe_exists_from_dataframe_variables" time="0.000999999999976353"/>
    <testcase classname="ds.dataFrame_smk_create_a_dataframe_from_dataframe_variables" name="dataframe_exists_from_dataframe_variables" time="0.000999999999976353"/>
    <testcase classname="ds.dataFrame_smk_create_a_dataframe_from_dataframe_variables" name="dataframe_exists_from_dataframe_variables" time="0.00100000000020373"/>
    <testcase classname="ds.dataFrame_smk_create_a_dataframe_from_dataframe_variables" name="dataframe_exists_from_dataframe_variables" time="0.000999999999976353"/>
    <testcase classname="ds.dataFrame_smk_create_a_dataframe_from_dataframe_variables" name="dataframe_exists_from_dataframe_variables" time="0.000999999999976353"/>
    <testcase classname="ds.dataFrame_smk_create_a_dataframe_from_dataframe_variables" name="dataframe_exists_from_dataframe_variables" time="0.00199999999995271"/>
    <testcase classname="ds.dataFrame_smk_create_a_dataframe_from_dataframe_variables" name="dataframe_exists_from_dataframe_variables" time="0.000999999999976353"/>
    <testcase classname="ds.dataFrame_smk_create_a_dataframe_from_dataframe_variables" name="dataframe_exists_from_dataframe_variables" time="0.000999999999976353"/>
    <testcase classname="ds.dataFrame_smk_create_a_dataframe_from_dataframe_variables" name="dataframe_exists_from_dataframe_variables" time="0.000999999999976353"/>
    <testcase classname="ds.dataFrame_smk_create_a_dataframe_from_dataframe_variables" name="dataframe_exists_from_dataframe_variables" time="1.20299999999997"/>
    <testcase classname="ds.dataFrame_smk_create_a_dataframe_from_dataframe_variables" name="dataframe_exists_from_dataframe_variables" time="0.00200000000018008"/>
    <testcase classname="ds.dataFrame_smk_create_a_dataframe_from_dataframe_variables" name="dataframe_exists_from_dataframe_variables" time="0.000999999999976353"/>
    <testcase classname="ds.dataFrame_smk_create_a_dataframe_from_dataframe_variables" name="dataframe_exists_from_dataframe_variables" time="0.000999999999976353"/>
    <testcase classname="ds.dataFrame_smk_create_a_dataframe_from_dataframe_variables" name="dataframe_exists_from_dataframe_variables" time="0.00199999999995271"/>
    <testcase classname="ds.dataFrame_smk_create_a_dataframe_from_dataframe_variables" name="dataframe_exists_from_dataframe_variables" time="0.000999999999976353"/>
    <testcase classname="ds.dataFrame_smk_create_a_dataframe_from_dataframe_variables" name="dataframe_exists_from_dataframe_variables" time="0.00199999999995271"/>
    <testcase classname="ds.dataFrame_smk_create_a_dataframe_from_dataframe_variables" name="dataframe_exists_from_dataframe_variables" time="0.000999999999976353"/>
    <testcase classname="ds.dataFrame_smk_create_a_dataframe_from_dataframe_variables" name="dataframe_exists_from_dataframe_variables" time="0.00100000000020373"/>
    <testcase classname="ds.dataFrame_smk_create_a_dataframe_from_dataframe_variables" name="dataframe_exists_from_dataframe_variables" time="0.00199999999995271"/>
  </testsuite>
  <testsuite errors="0" failures="0" hostname="fv-az14" name="ds.dataFrame::smk::create a dataframe, with DataSHIELD.checks, from dataframe variables" skipped="0" tests="20" time="15.73" timestamp="2020-10-27T19:09:16Z">
    <testcase classname="ds.dataFrame_smk_create_a_dataframe_with_DataSHIELD.checks_from_dataframe_variables" name="dataframe_exists_with_DataSHIELD.checks_from_dataframe_variables" time="14.242"/>
    <testcase classname="ds.dataFrame_smk_create_a_dataframe_with_DataSHIELD.checks_from_dataframe_variables" name="dataframe_exists_with_DataSHIELD.checks_from_dataframe_variables" time="0.00199999999995271"/>
    <testcase classname="ds.dataFrame_smk_create_a_dataframe_with_DataSHIELD.checks_from_dataframe_variables" name="dataframe_exists_with_DataSHIELD.checks_from_dataframe_variables" time="0.000999999999976353"/>
    <testcase classname="ds.dataFrame_smk_create_a_dataframe_with_DataSHIELD.checks_from_dataframe_variables" name="dataframe_exists_with_DataSHIELD.checks_from_dataframe_variables" time="0.259999999999991"/>
    <testcase classname="ds.dataFrame_smk_create_a_dataframe_with_DataSHIELD.checks_from_dataframe_variables" name="dataframe_exists_with_DataSHIELD.checks_from_dataframe_variables" time="0.00199999999995271"/>
    <testcase classname="ds.dataFrame_smk_create_a_dataframe_with_DataSHIELD.checks_from_dataframe_variables" name="dataframe_exists_with_DataSHIELD.checks_from_dataframe_variables" time="0.00100000000020373"/>
    <testcase classname="ds.dataFrame_smk_create_a_dataframe_with_DataSHIELD.checks_from_dataframe_variables" name="dataframe_exists_with_DataSHIELD.checks_from_dataframe_variables" time="0.000999999999976353"/>
    <testcase classname="ds.dataFrame_smk_create_a_dataframe_with_DataSHIELD.checks_from_dataframe_variables" name="dataframe_exists_with_DataSHIELD.checks_from_dataframe_variables" time="0.000999999999976353"/>
    <testcase classname="ds.dataFrame_smk_create_a_dataframe_with_DataSHIELD.checks_from_dataframe_variables" name="dataframe_exists_with_DataSHIELD.checks_from_dataframe_variables" time="0.000999999999976353"/>
    <testcase classname="ds.dataFrame_smk_create_a_dataframe_with_DataSHIELD.checks_from_dataframe_variables" name="dataframe_exists_with_DataSHIELD.checks_from_dataframe_variables" time="0.000999999999976353"/>
    <testcase classname="ds.dataFrame_smk_create_a_dataframe_with_DataSHIELD.checks_from_dataframe_variables" name="dataframe_exists_with_DataSHIELD.checks_from_dataframe_variables" time="1.2059999999999"/>
    <testcase classname="ds.dataFrame_smk_create_a_dataframe_with_DataSHIELD.checks_from_dataframe_variables" name="dataframe_exists_with_DataSHIELD.checks_from_dataframe_variables" time="0.00200000000018008"/>
    <testcase classname="ds.dataFrame_smk_create_a_dataframe_with_DataSHIELD.checks_from_dataframe_variables" name="dataframe_exists_with_DataSHIELD.checks_from_dataframe_variables" time="0.000999999999976353"/>
    <testcase classname="ds.dataFrame_smk_create_a_dataframe_with_DataSHIELD.checks_from_dataframe_variables" name="dataframe_exists_with_DataSHIELD.checks_from_dataframe_variables" time="0.000999999999976353"/>
    <testcase classname="ds.dataFrame_smk_create_a_dataframe_with_DataSHIELD.checks_from_dataframe_variables" name="dataframe_exists_with_DataSHIELD.checks_from_dataframe_variables" time="0.000999999999976353"/>
    <testcase classname="ds.dataFrame_smk_create_a_dataframe_with_DataSHIELD.checks_from_dataframe_variables" name="dataframe_exists_with_DataSHIELD.checks_from_dataframe_variables" time="0.00199999999995271"/>
    <testcase classname="ds.dataFrame_smk_create_a_dataframe_with_DataSHIELD.checks_from_dataframe_variables" name="dataframe_exists_with_DataSHIELD.checks_from_dataframe_variables" time="0.000999999999976353"/>
    <testcase classname="ds.dataFrame_smk_create_a_dataframe_with_DataSHIELD.checks_from_dataframe_variables" name="dataframe_exists_with_DataSHIELD.checks_from_dataframe_variables" time="0.000999999999976353"/>
    <testcase classname="ds.dataFrame_smk_create_a_dataframe_with_DataSHIELD.checks_from_dataframe_variables" name="dataframe_exists_with_DataSHIELD.checks_from_dataframe_variables" time="0.000999999999976353"/>
    <testcase classname="ds.dataFrame_smk_create_a_dataframe_with_DataSHIELD.checks_from_dataframe_variables" name="dataframe_exists_with_DataSHIELD.checks_from_dataframe_variables" time="0.00200000000018008"/>
  </testsuite>
  <testsuite errors="0" failures="0" hostname="fv-az14" name="ds.dataFrame::smk::shutdown" skipped="0" tests="3" time="0.526" timestamp="2020-10-27T19:09:31Z">
    <testcase classname="ds.dataFrame_smk_shutdown" name="shutdown" time="0.523999999999887"/>
    <testcase classname="ds.dataFrame_smk_shutdown" name="shutdown" time="0.000999999999976353"/>
    <testcase classname="ds.dataFrame_smk_shutdown" name="shutdown" time="0.000999999999976353"/>
  </testsuite>
  <testsuite errors="0" failures="0" hostname="fv-az14" name="ds.dataFrame::smk::done" skipped="0" tests="0" time="0" timestamp="2020-10-27T19:09:32Z"/>
  <testsuite errors="0" failures="0" hostname="fv-az14" name="ds.dataFrameSort::smk::setup" skipped="0" tests="3" time="5.013" timestamp="2020-10-27T19:09:32Z">
    <testcase classname="ds.dataFrameSort_smk_setup" name="setup" time="5.01099999999997"/>
    <testcase classname="ds.dataFrameSort_smk_setup" name="setup" time="0.00100000000020373"/>
    <testcase classname="ds.dataFrameSort_smk_setup" name="setup" time="0.000999999999976353"/>
  </testsuite>
  <testsuite errors="0" failures="0" hostname="fv-az14" name="ds.dataFrameSort::smk::create a sorted dataframe" skipped="0" tests="10" time="3.418" timestamp="2020-10-27T19:09:37Z">
    <testcase classname="ds.dataFrameSort_smk_create_a_sorted_dataframe" name="dataFrameSort_exists" time="3.40899999999988"/>
    <testcase classname="ds.dataFrameSort_smk_create_a_sorted_dataframe" name="dataFrameSort_exists" time="0.000999999999976353"/>
    <testcase classname="ds.dataFrameSort_smk_create_a_sorted_dataframe" name="dataFrameSort_exists" time="0.000999999999976353"/>
    <testcase classname="ds.dataFrameSort_smk_create_a_sorted_dataframe" name="dataFrameSort_exists" time="0.00100000000020373"/>
    <testcase classname="ds.dataFrameSort_smk_create_a_sorted_dataframe" name="dataFrameSort_exists" time="0.000999999999976353"/>
    <testcase classname="ds.dataFrameSort_smk_create_a_sorted_dataframe" name="dataFrameSort_exists" time="0.000999999999976353"/>
    <testcase classname="ds.dataFrameSort_smk_create_a_sorted_dataframe" name="dataFrameSort_exists" time="0.000999999999976353"/>
    <testcase classname="ds.dataFrameSort_smk_create_a_sorted_dataframe" name="dataFrameSort_exists" time="0.000999999999976353"/>
    <testcase classname="ds.dataFrameSort_smk_create_a_sorted_dataframe" name="dataFrameSort_exists" time="0.000999999999976353"/>
    <testcase classname="ds.dataFrameSort_smk_create_a_sorted_dataframe" name="dataFrameSort_exists" time="0.000999999999976353"/>
  </testsuite>
  <testsuite errors="0" failures="0" hostname="fv-az14" name="ds.dataFrameSort::smk::shutdown" skipped="0" tests="3" time="0.268" timestamp="2020-10-27T19:09:40Z">
    <testcase classname="ds.dataFrameSort_smk_shutdown" name="shutdown" time="0.266000000000076"/>
    <testcase classname="ds.dataFrameSort_smk_shutdown" name="shutdown" time="0.000999999999976353"/>
    <testcase classname="ds.dataFrameSort_smk_shutdown" name="shutdown" time="0.000999999999976353"/>
  </testsuite>
  <testsuite errors="0" failures="0" hostname="fv-az14" name="ds.dataFrameSort::smk::done" skipped="0" tests="0" time="0" timestamp="2020-10-27T19:09:41Z"/>
  <testsuite errors="0" failures="0" hostname="fv-az14" name="ds.dataFrameSubset::smk::setup" skipped="0" tests="3" time="5.013" timestamp="2020-10-27T19:09:41Z">
    <testcase classname="ds.dataFrameSubset_smk_setup" name="setup" time="5.01099999999997"/>
    <testcase classname="ds.dataFrameSubset_smk_setup" name="setup" time="0.000999999999976353"/>
    <testcase classname="ds.dataFrameSubset_smk_setup" name="setup" time="0.000999999999976353"/>
  </testsuite>
  <testsuite errors="0" failures="0" hostname="fv-az14" name="ds.dataFrameSubset::smk::create a subset dataframe" skipped="0" tests="23" time="4.738" timestamp="2020-10-27T19:09:45Z">
    <testcase classname="ds.dataFrameSubset_smk_create_a_subset_dataframe" name="dataFrameSubset_exists" time="2.89800000000014"/>
    <testcase classname="ds.dataFrameSubset_smk_create_a_subset_dataframe" name="dataFrameSubset_exists" time="0.000999999999976353"/>
    <testcase classname="ds.dataFrameSubset_smk_create_a_subset_dataframe" name="dataFrameSubset_exists" time="0.000999999999976353"/>
    <testcase classname="ds.dataFrameSubset_smk_create_a_subset_dataframe" name="dataFrameSubset_exists" time="0.000999999999976353"/>
    <testcase classname="ds.dataFrameSubset_smk_create_a_subset_dataframe" name="dataFrameSubset_exists" time="0.000999999999976353"/>
    <testcase classname="ds.dataFrameSubset_smk_create_a_subset_dataframe" name="dataFrameSubset_exists" time="0.000999999999976353"/>
    <testcase classname="ds.dataFrameSubset_smk_create_a_subset_dataframe" name="dataFrameSubset_exists" time="0.000999999999976353"/>
    <testcase classname="ds.dataFrameSubset_smk_create_a_subset_dataframe" name="dataFrameSubset_exists" time="0.00100000000020373"/>
    <testcase classname="ds.dataFrameSubset_smk_create_a_subset_dataframe" name="dataFrameSubset_exists" time="0.00199999999995271"/>
    <testcase classname="ds.dataFrameSubset_smk_create_a_subset_dataframe" name="dataFrameSubset_exists" time="0.000999999999976353"/>
    <testcase classname="ds.dataFrameSubset_smk_create_a_subset_dataframe" name="dataFrameSubset_exists" time="1.81399999999985"/>
    <testcase classname="ds.dataFrameSubset_smk_create_a_subset_dataframe" name="dataFrameSubset_exists" time="0.00200000000018008"/>
    <testcase classname="ds.dataFrameSubset_smk_create_a_subset_dataframe" name="dataFrameSubset_exists" time="0.000999999999976353"/>
    <testcase classname="ds.dataFrameSubset_smk_create_a_subset_dataframe" name="dataFrameSubset_exists" time="0.000999999999976353"/>
    <testcase classname="ds.dataFrameSubset_smk_create_a_subset_dataframe" name="dataFrameSubset_exists" time="0.00199999999995271"/>
    <testcase classname="ds.dataFrameSubset_smk_create_a_subset_dataframe" name="dataFrameSubset_exists" time="0.000999999999976353"/>
    <testcase classname="ds.dataFrameSubset_smk_create_a_subset_dataframe" name="dataFrameSubset_exists" time="0.000999999999976353"/>
    <testcase classname="ds.dataFrameSubset_smk_create_a_subset_dataframe" name="dataFrameSubset_exists" time="0.00200000000018008"/>
    <testcase classname="ds.dataFrameSubset_smk_create_a_subset_dataframe" name="dataFrameSubset_exists" time="0.000999999999976353"/>
    <testcase classname="ds.dataFrameSubset_smk_create_a_subset_dataframe" name="dataFrameSubset_exists" time="0.000999999999976353"/>
    <testcase classname="ds.dataFrameSubset_smk_create_a_subset_dataframe" name="dataFrameSubset_exists" time="0.000999999999976353"/>
    <testcase classname="ds.dataFrameSubset_smk_create_a_subset_dataframe" name="dataFrameSubset_exists" time="0.00199999999995271"/>
    <testcase classname="ds.dataFrameSubset_smk_create_a_subset_dataframe" name="dataFrameSubset_exists" time="0.000999999999976353"/>
  </testsuite>
  <testsuite errors="0" failures="0" hostname="fv-az14" name="ds.dataFrameSubset::smk::create a subset dataframe, based on scalar" skipped="0" tests="23" time="5.613" timestamp="2020-10-27T19:09:50Z">
    <testcase classname="ds.dataFrameSubset_smk_create_a_subset_dataframe_based_on_scalar" name="dataFrameSubset_exists_scalar" time="3.60300000000007"/>
    <testcase classname="ds.dataFrameSubset_smk_create_a_subset_dataframe_based_on_scalar" name="dataFrameSubset_exists_scalar" time="0.000999999999976353"/>
    <testcase classname="ds.dataFrameSubset_smk_create_a_subset_dataframe_based_on_scalar" name="dataFrameSubset_exists_scalar" time="0.000999999999976353"/>
    <testcase classname="ds.dataFrameSubset_smk_create_a_subset_dataframe_based_on_scalar" name="dataFrameSubset_exists_scalar" time="0.000999999999976353"/>
    <testcase classname="ds.dataFrameSubset_smk_create_a_subset_dataframe_based_on_scalar" name="dataFrameSubset_exists_scalar" time="0.000999999999976353"/>
    <testcase classname="ds.dataFrameSubset_smk_create_a_subset_dataframe_based_on_scalar" name="dataFrameSubset_exists_scalar" time="0.00199999999995271"/>
    <testcase classname="ds.dataFrameSubset_smk_create_a_subset_dataframe_based_on_scalar" name="dataFrameSubset_exists_scalar" time="0.00100000000020373"/>
    <testcase classname="ds.dataFrameSubset_smk_create_a_subset_dataframe_based_on_scalar" name="dataFrameSubset_exists_scalar" time="0.000999999999976353"/>
    <testcase classname="ds.dataFrameSubset_smk_create_a_subset_dataframe_based_on_scalar" name="dataFrameSubset_exists_scalar" time="0.000999999999976353"/>
    <testcase classname="ds.dataFrameSubset_smk_create_a_subset_dataframe_based_on_scalar" name="dataFrameSubset_exists_scalar" time="0.000999999999976353"/>
    <testcase classname="ds.dataFrameSubset_smk_create_a_subset_dataframe_based_on_scalar" name="dataFrameSubset_exists_scalar" time="1.9849999999999"/>
    <testcase classname="ds.dataFrameSubset_smk_create_a_subset_dataframe_based_on_scalar" name="dataFrameSubset_exists_scalar" time="0.000999999999976353"/>
    <testcase classname="ds.dataFrameSubset_smk_create_a_subset_dataframe_based_on_scalar" name="dataFrameSubset_exists_scalar" time="0.00200000000018008"/>
    <testcase classname="ds.dataFrameSubset_smk_create_a_subset_dataframe_based_on_scalar" name="dataFrameSubset_exists_scalar" time="0.000999999999976353"/>
    <testcase classname="ds.dataFrameSubset_smk_create_a_subset_dataframe_based_on_scalar" name="dataFrameSubset_exists_scalar" time="0.000999999999976353"/>
    <testcase classname="ds.dataFrameSubset_smk_create_a_subset_dataframe_based_on_scalar" name="dataFrameSubset_exists_scalar" time="0.000999999999976353"/>
    <testcase classname="ds.dataFrameSubset_smk_create_a_subset_dataframe_based_on_scalar" name="dataFrameSubset_exists_scalar" time="0.00199999999995271"/>
    <testcase classname="ds.dataFrameSubset_smk_create_a_subset_dataframe_based_on_scalar" name="dataFrameSubset_exists_scalar" time="0.000999999999976353"/>
    <testcase classname="ds.dataFrameSubset_smk_create_a_subset_dataframe_based_on_scalar" name="dataFrameSubset_exists_scalar" time="0.000999999999976353"/>
    <testcase classname="ds.dataFrameSubset_smk_create_a_subset_dataframe_based_on_scalar" name="dataFrameSubset_exists_scalar" time="0.00200000000018008"/>
    <testcase classname="ds.dataFrameSubset_smk_create_a_subset_dataframe_based_on_scalar" name="dataFrameSubset_exists_scalar" time="0.000999999999976353"/>
    <testcase classname="ds.dataFrameSubset_smk_create_a_subset_dataframe_based_on_scalar" name="dataFrameSubset_exists_scalar" time="0.000999999999976353"/>
    <testcase classname="ds.dataFrameSubset_smk_create_a_subset_dataframe_based_on_scalar" name="dataFrameSubset_exists_scalar" time="0.000999999999976353"/>
  </testsuite>
  <testsuite errors="0" failures="0" hostname="fv-az14" name="ds.dataFrameSubset::smk::shutdown" skipped="0" tests="3" time="0.268" timestamp="2020-10-27T19:09:56Z">
    <testcase classname="ds.dataFrameSubset_smk_shutdown" name="shutdown" time="0.266000000000076"/>
    <testcase classname="ds.dataFrameSubset_smk_shutdown" name="shutdown" time="0.000999999999976353"/>
    <testcase classname="ds.dataFrameSubset_smk_shutdown" name="shutdown" time="0.000999999999976353"/>
  </testsuite>
  <testsuite errors="0" failures="0" hostname="fv-az14" name="ds.dataFrameSubset::smk::down" skipped="0" tests="0" time="0" timestamp="2020-10-27T19:09:57Z"/>
  <testsuite errors="0" failures="0" hostname="fv-az14" name="ds.dim::smk::setup" skipped="0" tests="3" time="5.012" timestamp="2020-10-27T19:09:57Z">
    <testcase classname="ds.dim_smk_setup" name="setup" time="5.00900000000001"/>
    <testcase classname="ds.dim_smk_setup" name="setup" time="0.000999999999976353"/>
    <testcase classname="ds.dim_smk_setup" name="setup" time="0.00199999999995271"/>
  </testsuite>
  <testsuite errors="0" failures="0" hostname="fv-az14" name="ds.dim::smk" skipped="0" tests="13" time="0.281" timestamp="2020-10-27T19:10:01Z">
    <testcase classname="ds.dim_smk" name="simple_dim_both" time="0.267000000000053"/>
    <testcase classname="ds.dim_smk" name="simple_dim_both" time="0.000999999999976353"/>
    <testcase classname="ds.dim_smk" name="simple_dim_both" time="0.00199999999995271"/>
    <testcase classname="ds.dim_smk" name="simple_dim_both" time="0.000999999999976353"/>
    <testcase classname="ds.dim_smk" name="simple_dim_both" time="0.000999999999976353"/>
    <testcase classname="ds.dim_smk" name="simple_dim_both" time="0.000999999999976353"/>
    <testcase classname="ds.dim_smk" name="simple_dim_both" time="0.00100000000020373"/>
    <testcase classname="ds.dim_smk" name="simple_dim_both" time="0.000999999999976353"/>
    <testcase classname="ds.dim_smk" name="simple_dim_both" time="0.000999999999976353"/>
    <testcase classname="ds.dim_smk" name="simple_dim_both" time="0.00199999999995271"/>
    <testcase classname="ds.dim_smk" name="simple_dim_both" time="0.000999999999976353"/>
    <testcase classname="ds.dim_smk" name="simple_dim_both" time="0.000999999999976353"/>
    <testcase classname="ds.dim_smk" name="simple_dim_both" time="0.000999999999976353"/>
  </testsuite>
  <testsuite errors="0" failures="0" hostname="fv-az14" name="ds.dim::smk" skipped="0" tests="10" time="0.278" timestamp="2020-10-27T19:10:01Z">
    <testcase classname="ds.dim_smk" name="simple_dim_split" time="0.269000000000005"/>
    <testcase classname="ds.dim_smk" name="simple_dim_split" time="0.000999999999976353"/>
    <testcase classname="ds.dim_smk" name="simple_dim_split" time="0.000999999999976353"/>
    <testcase classname="ds.dim_smk" name="simple_dim_split" time="0.00100000000020373"/>
    <testcase classname="ds.dim_smk" name="simple_dim_split" time="0.000999999999976353"/>
    <testcase classname="ds.dim_smk" name="simple_dim_split" time="0.000999999999976353"/>
    <testcase classname="ds.dim_smk" name="simple_dim_split" time="0.000999999999976353"/>
    <testcase classname="ds.dim_smk" name="simple_dim_split" time="0.000999999999976353"/>
    <testcase classname="ds.dim_smk" name="simple_dim_split" time="0.000999999999976353"/>
    <testcase classname="ds.dim_smk" name="simple_dim_split" time="0.000999999999976353"/>
  </testsuite>
  <testsuite errors="0" failures="0" hostname="fv-az14" name="ds.dim::smk" skipped="0" tests="4" time="0.278" timestamp="2020-10-27T19:10:01Z">
    <testcase classname="ds.dim_smk" name="simple_dim_combine" time="0.275000000000091"/>
    <testcase classname="ds.dim_smk" name="simple_dim_combine" time="0.000999999999976353"/>
    <testcase classname="ds.dim_smk" name="simple_dim_combine" time="0.000999999999976353"/>
    <testcase classname="ds.dim_smk" name="simple_dim_combine" time="0.000999999999976353"/>
  </testsuite>
  <testsuite errors="0" failures="0" hostname="fv-az14" name="ds.dim::smk::shutdown" skipped="0" tests="3" time="0.276" timestamp="2020-10-27T19:10:02Z">
    <testcase classname="ds.dim_smk_shutdown" name="shutdown" time="0.274000000000115"/>
    <testcase classname="ds.dim_smk_shutdown" name="shutdown" time="0.000999999999976353"/>
    <testcase classname="ds.dim_smk_shutdown" name="shutdown" time="0.000999999999976353"/>
  </testsuite>
  <testsuite errors="0" failures="0" hostname="fv-az14" name="ds.dim::smk::done" skipped="0" tests="0" time="0" timestamp="2020-10-27T19:10:03Z"/>
  <testsuite errors="0" failures="0" hostname="fv-az14" name="ds.exists::smk::setup" skipped="0" tests="3" time="5.012" timestamp="2020-10-27T19:10:03Z">
    <testcase classname="ds.exists_smk_setup" name="setup" time="5.00999999999999"/>
    <testcase classname="ds.exists_smk_setup" name="setup" time="0.000999999999976353"/>
    <testcase classname="ds.exists_smk_setup" name="setup" time="0.000999999999976353"/>
  </testsuite>
  <testsuite errors="0" failures="0" hostname="fv-az14" name="ds.exists::smk" skipped="0" tests="7" time="0.274" timestamp="2020-10-27T19:10:07Z">
    <testcase classname="ds.exists_smk" name="simple_exists" time="0.267000000000053"/>
    <testcase classname="ds.exists_smk" name="simple_exists" time="0.000999999999976353"/>
    <testcase classname="ds.exists_smk" name="simple_exists" time="0.000999999999976353"/>
    <testcase classname="ds.exists_smk" name="simple_exists" time="0.000999999999976353"/>
    <testcase classname="ds.exists_smk" name="simple_exists" time="0.00200000000018008"/>
    <testcase classname="ds.exists_smk" name="simple_exists" time="0.000999999999976353"/>
    <testcase classname="ds.exists_smk" name="simple_exists" time="0.000999999999976353"/>
  </testsuite>
  <testsuite errors="0" failures="0" hostname="fv-az14" name="ds.exists::smk" skipped="0" tests="7" time="0.271" timestamp="2020-10-27T19:10:07Z">
    <testcase classname="ds.exists_smk" name="simple_exists_with_dollar" time="0.264999999999873"/>
    <testcase classname="ds.exists_smk" name="simple_exists_with_dollar" time="0.000999999999976353"/>
    <testcase classname="ds.exists_smk" name="simple_exists_with_dollar" time="0.000999999999976353"/>
    <testcase classname="ds.exists_smk" name="simple_exists_with_dollar" time="0.00100000000020373"/>
    <testcase classname="ds.exists_smk" name="simple_exists_with_dollar" time="0.000999999999976353"/>
    <testcase classname="ds.exists_smk" name="simple_exists_with_dollar" time="0.000999999999976353"/>
    <testcase classname="ds.exists_smk" name="simple_exists_with_dollar" time="0.000999999999976353"/>
  </testsuite>
  <testsuite errors="0" failures="0" hostname="fv-az14" name="ds.exists::smk" skipped="0" tests="7" time="0.799" timestamp="2020-10-27T19:10:08Z">
    <testcase classname="ds.exists_smk" name="simple_exists" time="0.792999999999893"/>
    <testcase classname="ds.exists_smk" name="simple_exists" time="0.000999999999976353"/>
    <testcase classname="ds.exists_smk" name="simple_exists" time="0.00100000000020373"/>
    <testcase classname="ds.exists_smk" name="simple_exists" time="0.000999999999976353"/>
    <testcase classname="ds.exists_smk" name="simple_exists" time="0.000999999999976353"/>
    <testcase classname="ds.exists_smk" name="simple_exists" time="0.000999999999976353"/>
    <testcase classname="ds.exists_smk" name="simple_exists" time="0.000999999999976353"/>
  </testsuite>
  <testsuite errors="0" failures="0" hostname="fv-az14" name="ds.exists::smk::shutdown" skipped="0" tests="3" time="0.271" timestamp="2020-10-27T19:10:08Z">
    <testcase classname="ds.exists_smk_shutdown" name="shutdown" time="0.268000000000029"/>
    <testcase classname="ds.exists_smk_shutdown" name="shutdown" time="0.00199999999995271"/>
    <testcase classname="ds.exists_smk_shutdown" name="shutdown" time="0.000999999999976353"/>
  </testsuite>
  <testsuite errors="0" failures="0" hostname="fv-az14" name="ds.exists::smk::done" skipped="0" tests="0" time="0" timestamp="2020-10-27T19:10:09Z"/>
  <testsuite errors="0" failures="0" hostname="fv-az14" name="ds.exp::smk::setup" skipped="0" tests="3" time="4.996" timestamp="2020-10-27T19:10:09Z">
    <testcase classname="ds.exp_smk_setup" name="setup" time="4.99400000000014"/>
    <testcase classname="ds.exp_smk_setup" name="setup" time="0.000999999999976353"/>
    <testcase classname="ds.exp_smk_setup" name="setup" time="0.000999999999976353"/>
  </testsuite>
  <testsuite errors="0" failures="0" hostname="fv-az14" name="ds.exp::smk" skipped="0" tests="30" time="5.342" timestamp="2020-10-27T19:10:14Z">
    <testcase classname="ds.exp_smk" name="simple_exp" time="1.48699999999985"/>
    <testcase classname="ds.exp_smk" name="simple_exp" time="0.267000000000053"/>
    <testcase classname="ds.exp_smk" name="simple_exp" time="0.000999999999976353"/>
    <testcase classname="ds.exp_smk" name="simple_exp" time="0.00199999999995271"/>
    <testcase classname="ds.exp_smk" name="simple_exp" time="0.00100000000020373"/>
    <testcase classname="ds.exp_smk" name="simple_exp" time="0.000999999999976353"/>
    <testcase classname="ds.exp_smk" name="simple_exp" time="0.000999999999976353"/>
    <testcase classname="ds.exp_smk" name="simple_exp" time="0.000999999999976353"/>
    <testcase classname="ds.exp_smk" name="simple_exp" time="0.539999999999964"/>
    <testcase classname="ds.exp_smk" name="simple_exp" time="0.00199999999995271"/>
    <testcase classname="ds.exp_smk" name="simple_exp" time="0.000999999999976353"/>
    <testcase classname="ds.exp_smk" name="simple_exp" time="0.000999999999976353"/>
    <testcase classname="ds.exp_smk" name="simple_exp" time="0.00100000000020373"/>
    <testcase classname="ds.exp_smk" name="simple_exp" time="0.000999999999976353"/>
    <testcase classname="ds.exp_smk" name="simple_exp" time="0.00199999999995271"/>
    <testcase classname="ds.exp_smk" name="simple_exp" time="2.22499999999991"/>
    <testcase classname="ds.exp_smk" name="simple_exp" time="0.2650000000001"/>
    <testcase classname="ds.exp_smk" name="simple_exp" time="0.00199999999995271"/>
    <testcase classname="ds.exp_smk" name="simple_exp" time="0.000999999999976353"/>
    <testcase classname="ds.exp_smk" name="simple_exp" time="0.000999999999976353"/>
    <testcase classname="ds.exp_smk" name="simple_exp" time="0.00199999999995271"/>
    <testcase classname="ds.exp_smk" name="simple_exp" time="0.00100000000020373"/>
    <testcase classname="ds.exp_smk" name="simple_exp" time="0.000999999999976353"/>
    <testcase classname="ds.exp_smk" name="simple_exp" time="0.527000000000044"/>
    <testcase classname="ds.exp_smk" name="simple_exp" time="0.000999999999976353"/>
    <testcase classname="ds.exp_smk" name="simple_exp" time="0.00199999999995271"/>
    <testcase classname="ds.exp_smk" name="simple_exp" time="0.000999999999976353"/>
    <testcase classname="ds.exp_smk" name="simple_exp" time="0.000999999999976353"/>
    <testcase classname="ds.exp_smk" name="simple_exp" time="0.00199999999995271"/>
    <testcase classname="ds.exp_smk" name="simple_exp" time="0.000999999999976353"/>
  </testsuite>
  <testsuite errors="0" failures="0" hostname="fv-az14" name="ds.exp::smk::shutdown" skipped="0" tests="3" time="0.271" timestamp="2020-10-27T19:10:19Z">
    <testcase classname="ds.exp_smk_shutdown" name="shutdown" time="0.269000000000005"/>
    <testcase classname="ds.exp_smk_shutdown" name="shutdown" time="0.000999999999976353"/>
    <testcase classname="ds.exp_smk_shutdown" name="shutdown" time="0.00100000000020373"/>
  </testsuite>
  <testsuite errors="0" failures="0" hostname="fv-az14" name="ds.exp::smk::done" skipped="0" tests="0" time="0" timestamp="2020-10-27T19:10:20Z"/>
  <testsuite errors="0" failures="0" hostname="fv-az14" name="ds.getWGSR::smk::setup" skipped="0" tests="3" time="4.963" timestamp="2020-10-27T19:10:20Z">
    <testcase classname="ds.getWGSR_smk_setup" name="setup" time="4.96099999999979"/>
    <testcase classname="ds.getWGSR_smk_setup" name="setup" time="0.00100000000020373"/>
    <testcase classname="ds.getWGSR_smk_setup" name="setup" time="0.000999999999976353"/>
  </testsuite>
  <testsuite errors="0" failures="0" hostname="fv-az14" name="ds.getWGSR::smk" skipped="0" tests="21" time="4.535" timestamp="2020-10-27T19:10:24Z">
    <testcase classname="ds.getWGSR_smk" name="simple_getWGSR" time="3.72599999999989"/>
    <testcase classname="ds.getWGSR_smk" name="simple_getWGSR" time="0.000999999999976353"/>
    <testcase classname="ds.getWGSR_smk" name="simple_getWGSR" time="0.000999999999976353"/>
    <testcase classname="ds.getWGSR_smk" name="simple_getWGSR" time="0.000999999999976353"/>
    <testcase classname="ds.getWGSR_smk" name="simple_getWGSR" time="0.00100000000020373"/>
    <testcase classname="ds.getWGSR_smk" name="simple_getWGSR" time="0.52599999999984"/>
    <testcase classname="ds.getWGSR_smk" name="simple_getWGSR" time="0.000999999999976353"/>
    <testcase classname="ds.getWGSR_smk" name="simple_getWGSR" time="0.00100000000020373"/>
    <testcase classname="ds.getWGSR_smk" name="simple_getWGSR" time="0.00199999999995271"/>
    <testcase classname="ds.getWGSR_smk" name="simple_getWGSR" time="0.000999999999976353"/>
    <testcase classname="ds.getWGSR_smk" name="simple_getWGSR" time="0.000999999999976353"/>
    <testcase classname="ds.getWGSR_smk" name="simple_getWGSR" time="0.000999999999976353"/>
    <testcase classname="ds.getWGSR_smk" name="simple_getWGSR" time="0.26299999999992"/>
    <testcase classname="ds.getWGSR_smk" name="simple_getWGSR" time="0.000999999999976353"/>
    <testcase classname="ds.getWGSR_smk" name="simple_getWGSR" time="0.00100000000020373"/>
    <testcase classname="ds.getWGSR_smk" name="simple_getWGSR" time="0.000999999999976353"/>
    <testcase classname="ds.getWGSR_smk" name="simple_getWGSR" time="0.000999999999976353"/>
    <testcase classname="ds.getWGSR_smk" name="simple_getWGSR" time="0.000999999999976353"/>
    <testcase classname="ds.getWGSR_smk" name="simple_getWGSR" time="0.00199999999995271"/>
    <testcase classname="ds.getWGSR_smk" name="simple_getWGSR" time="0.000999999999976353"/>
    <testcase classname="ds.getWGSR_smk" name="simple_getWGSR" time="0.000999999999976353"/>
  </testsuite>
  <testsuite errors="0" failures="0" hostname="fv-az14" name="ds.getWGSR::smk::shutdown" skipped="0" tests="3" time="0.27" timestamp="2020-10-27T19:10:29Z">
    <testcase classname="ds.getWGSR_smk_shutdown" name="shutdown" time="0.268000000000029"/>
    <testcase classname="ds.getWGSR_smk_shutdown" name="shutdown" time="0.000999999999976353"/>
    <testcase classname="ds.getWGSR_smk_shutdown" name="shutdown" time="0.000999999999976353"/>
  </testsuite>
  <testsuite errors="0" failures="0" hostname="fv-az14" name="ds.getWGSR::smk::done" skipped="0" tests="0" time="0" timestamp="2020-10-27T19:10:30Z"/>
  <testsuite errors="0" failures="0" hostname="fv-az14" name="ds.glm::smk::binomial::setup" skipped="0" tests="3" time="5.052" timestamp="2020-10-27T19:10:30Z">
    <testcase classname="ds.glm_smk_binomial_setup" name="setup" time="5.05000000000018"/>
    <testcase classname="ds.glm_smk_binomial_setup" name="setup" time="0.000999999999976353"/>
    <testcase classname="ds.glm_smk_binomial_setup" name="setup" time="0.000999999999976353"/>
  </testsuite>
  <testsuite errors="0" failures="0" hostname="fv-az14" name="ds.glm::smk::binomial" skipped="0" tests="20" time="2.781" timestamp="2020-10-27T19:10:34Z">
    <testcase classname="ds.glm_smk_binomial" name="glm_binomial" time="2.75800000000004"/>
    <testcase classname="ds.glm_smk_binomial" name="glm_binomial" time="0.000999999999976353"/>
    <testcase classname="ds.glm_smk_binomial" name="glm_binomial" time="0.000999999999976353"/>
    <testcase classname="ds.glm_smk_binomial" name="glm_binomial" time="0.000999999999976353"/>
    <testcase classname="ds.glm_smk_binomial" name="glm_binomial" time="0.000999999999976353"/>
    <testcase classname="ds.glm_smk_binomial" name="glm_binomial" time="0.00199999999995271"/>
    <testcase classname="ds.glm_smk_binomial" name="glm_binomial" time="0.000999999999976353"/>
    <testcase classname="ds.glm_smk_binomial" name="glm_binomial" time="0.00100000000020373"/>
    <testcase classname="ds.glm_smk_binomial" name="glm_binomial" time="0.000999999999976353"/>
    <testcase classname="ds.glm_smk_binomial" name="glm_binomial" time="0.000999999999976353"/>
    <testcase classname="ds.glm_smk_binomial" name="glm_binomial" time="0.000999999999976353"/>
    <testcase classname="ds.glm_smk_binomial" name="glm_binomial" time="0.00199999999995271"/>
    <testcase classname="ds.glm_smk_binomial" name="glm_binomial" time="0.000999999999976353"/>
    <testcase classname="ds.glm_smk_binomial" name="glm_binomial" time="0.000999999999976353"/>
    <testcase classname="ds.glm_smk_binomial" name="glm_binomial" time="0.000999999999976353"/>
    <testcase classname="ds.glm_smk_binomial" name="glm_binomial" time="0.00200000000018008"/>
    <testcase classname="ds.glm_smk_binomial" name="glm_binomial" time="0.000999999999976353"/>
    <testcase classname="ds.glm_smk_binomial" name="glm_binomial" time="0.000999999999976353"/>
    <testcase classname="ds.glm_smk_binomial" name="glm_binomial" time="0.00199999999995271"/>
    <testcase classname="ds.glm_smk_binomial" name="glm_binomial" time="0.000999999999976353"/>
  </testsuite>
  <testsuite errors="0" failures="0" hostname="fv-az14" name="ds.glm::smk::binomial, with check" skipped="0" tests="21" time="8.7" timestamp="2020-10-27T19:10:37Z">
    <testcase classname="ds.glm_smk_binomial_with_check" name="glm_binomial_with_check" time="8.67599999999993"/>
    <testcase classname="ds.glm_smk_binomial_with_check" name="glm_binomial_with_check" time="0.00100000000020373"/>
    <testcase classname="ds.glm_smk_binomial_with_check" name="glm_binomial_with_check" time="0.000999999999976353"/>
    <testcase classname="ds.glm_smk_binomial_with_check" name="glm_binomial_with_check" time="0.000999999999976353"/>
    <testcase classname="ds.glm_smk_binomial_with_check" name="glm_binomial_with_check" time="0.000999999999976353"/>
    <testcase classname="ds.glm_smk_binomial_with_check" name="glm_binomial_with_check" time="0.000999999999976353"/>
    <testcase classname="ds.glm_smk_binomial_with_check" name="glm_binomial_with_check" time="0.00199999999995271"/>
    <testcase classname="ds.glm_smk_binomial_with_check" name="glm_binomial_with_check" time="0.000999999999976353"/>
    <testcase classname="ds.glm_smk_binomial_with_check" name="glm_binomial_with_check" time="0.000999999999976353"/>
    <testcase classname="ds.glm_smk_binomial_with_check" name="glm_binomial_with_check" time="0.000999999999976353"/>
    <testcase classname="ds.glm_smk_binomial_with_check" name="glm_binomial_with_check" time="0.00100000000020373"/>
    <testcase classname="ds.glm_smk_binomial_with_check" name="glm_binomial_with_check" time="0.000999999999976353"/>
    <testcase classname="ds.glm_smk_binomial_with_check" name="glm_binomial_with_check" time="0.00199999999995271"/>
    <testcase classname="ds.glm_smk_binomial_with_check" name="glm_binomial_with_check" time="0.000999999999976353"/>
    <testcase classname="ds.glm_smk_binomial_with_check" name="glm_binomial_with_check" time="0.000999999999976353"/>
    <testcase classname="ds.glm_smk_binomial_with_check" name="glm_binomial_with_check" time="0.000999999999976353"/>
    <testcase classname="ds.glm_smk_binomial_with_check" name="glm_binomial_with_check" time="0.00199999999995271"/>
    <testcase classname="ds.glm_smk_binomial_with_check" name="glm_binomial_with_check" time="0.00100000000020373"/>
    <testcase classname="ds.glm_smk_binomial_with_check" name="glm_binomial_with_check" time="0.000999999999976353"/>
    <testcase classname="ds.glm_smk_binomial_with_check" name="glm_binomial_with_check" time="0.00199999999995271"/>
    <testcase classname="ds.glm_smk_binomial_with_check" name="glm_binomial_with_check" time="0.000999999999976353"/>
  </testsuite>
  <testsuite errors="0" failures="0" hostname="fv-az14" name="ds.glm::smk::binomial::shutdown" skipped="0" tests="3" time="0.273" timestamp="2020-10-27T19:10:46Z">
    <testcase classname="ds.glm_smk_binomial_shutdown" name="shutdown" time="0.269999999999982"/>
    <testcase classname="ds.glm_smk_binomial_shutdown" name="shutdown" time="0.00199999999995271"/>
    <testcase classname="ds.glm_smk_binomial_shutdown" name="shutdown" time="0.000999999999976353"/>
  </testsuite>
  <testsuite errors="0" failures="0" hostname="fv-az14" name="ds.glm::smk::binomial::done" skipped="0" tests="0" time="0" timestamp="2020-10-27T19:10:46Z"/>
  <testsuite errors="0" failures="0" hostname="fv-az14" name="ds.glmerSLMA::smk::setup - phase 1" skipped="0" tests="3" time="5.003" timestamp="2020-10-27T19:10:46Z">
    <testcase classname="ds.glmerSLMA_smk_setup_phase_1" name="setup" time="5.00099999999998"/>
    <testcase classname="ds.glmerSLMA_smk_setup_phase_1" name="setup" time="0.00100000000020373"/>
    <testcase classname="ds.glmerSLMA_smk_setup_phase_1" name="setup" time="0.000999999999976353"/>
  </testsuite>
  <testsuite errors="0" failures="0" hostname="fv-az14" name="ds.glmerSLMA::smk::phase 1" skipped="0" tests="14" time="18.168" timestamp="2020-10-27T19:10:51Z">
    <testcase classname="ds.glmerSLMA_smk_phase_1" name="simple_glmerSLMA_tesing_mis_use_of_arguments" time="2.77299999999991"/>
    <testcase classname="ds.glmerSLMA_smk_phase_1" name="simple_glmerSLMA_tesing_mis_use_of_arguments" time="0.669000000000096"/>
    <testcase classname="ds.glmerSLMA_smk_phase_1" name="simple_glmerSLMA_tesing_mis_use_of_arguments" time="0.000999999999976353"/>
    <testcase classname="ds.glmerSLMA_smk_phase_1" name="simple_glmerSLMA_tesing_mis_use_of_arguments" time="0.00199999999995271"/>
    <testcase classname="ds.glmerSLMA_smk_phase_1" name="simple_glmerSLMA_tesing_mis_use_of_arguments" time="0.000999999999976353"/>
    <testcase classname="ds.glmerSLMA_smk_phase_1" name="simple_glmerSLMA_tesing_mis_use_of_arguments" time="0.000999999999976353"/>
    <testcase classname="ds.glmerSLMA_smk_phase_1" name="simple_glmerSLMA_tesing_mis_use_of_arguments" time="1.84400000000005"/>
    <testcase classname="ds.glmerSLMA_smk_phase_1" name="test_offsets_and_weights" time="6.577"/>
    <testcase classname="ds.glmerSLMA_smk_phase_1" name="test_offsets_and_weights" time="0.972999999999956"/>
    <testcase classname="ds.glmerSLMA_smk_phase_1" name="test_offsets_and_weights" time="0.977000000000089"/>
    <testcase classname="ds.glmerSLMA_smk_phase_1" name="test_offsets_and_weights" time="0.97199999999998"/>
    <testcase classname="ds.glmerSLMA_smk_phase_1" name="alternative_formulae_for_nested_groups" time="1.22499999999991"/>
    <testcase classname="ds.glmerSLMA_smk_phase_1" name="alternative_formulae_for_nested_groups" time="1.20500000000015"/>
    <testcase classname="ds.glmerSLMA_smk_phase_1" name="simple_glmerSLMA" time="0.947999999999865"/>
  </testsuite>
  <testsuite errors="0" failures="0" hostname="fv-az14" name="ds.glmerSLMA::smk::shutdown - phase 1" skipped="0" tests="3" time="0.271" timestamp="2020-10-27T19:11:09Z">
    <testcase classname="ds.glmerSLMA_smk_shutdown_phase_1" name="setup" time="0.268000000000029"/>
    <testcase classname="ds.glmerSLMA_smk_shutdown_phase_1" name="setup" time="0.00199999999995271"/>
    <testcase classname="ds.glmerSLMA_smk_shutdown_phase_1" name="setup" time="0.000999999999976353"/>
  </testsuite>
  <testsuite errors="0" failures="0" hostname="fv-az14" name="ds.glmerSLMA::smk::setup - phase 2" skipped="0" tests="3" time="5.235" timestamp="2020-10-27T19:11:10Z">
    <testcase classname="ds.glmerSLMA_smk_setup_phase_2" name="setup" time="5.23199999999997"/>
    <testcase classname="ds.glmerSLMA_smk_setup_phase_2" name="setup" time="0.00200000000018008"/>
    <testcase classname="ds.glmerSLMA_smk_setup_phase_2" name="setup" time="0.000999999999976353"/>
  </testsuite>
  <testsuite errors="0" failures="0" hostname="fv-az14" name="ds.glmerSLMA::smk::test - phase 2" skipped="0" tests="54" time="16.898" timestamp="2020-10-27T19:11:15Z">
    <testcase classname="ds.glmerSLMA_smk_test_phase_2" name="check_slope_formulae_1" time="9.30399999999986"/>
    <testcase classname="ds.glmerSLMA_smk_test_phase_2" name="check_slope_formulae_1" time="0.000999999999976353"/>
    <testcase classname="ds.glmerSLMA_smk_test_phase_2" name="check_slope_formulae_1" time="0.00100000000020373"/>
    <testcase classname="ds.glmerSLMA_smk_test_phase_2" name="check_slope_formulae_1" time="0.000999999999976353"/>
    <testcase classname="ds.glmerSLMA_smk_test_phase_2" name="check_slope_formulae_1" time="0.00199999999995271"/>
    <testcase classname="ds.glmerSLMA_smk_test_phase_2" name="check_slope_formulae_1" time="0.000999999999976353"/>
    <testcase classname="ds.glmerSLMA_smk_test_phase_2" name="check_slope_formulae_1" time="0.000999999999976353"/>
    <testcase classname="ds.glmerSLMA_smk_test_phase_2" name="check_slope_formulae_1" time="0.000999999999976353"/>
    <testcase classname="ds.glmerSLMA_smk_test_phase_2" name="check_slope_formulae_1" time="0.000999999999976353"/>
    <testcase classname="ds.glmerSLMA_smk_test_phase_2" name="check_slope_formulae_1" time="0.000999999999976353"/>
    <testcase classname="ds.glmerSLMA_smk_test_phase_2" name="check_slope_formulae_1" time="0.00200000000018008"/>
    <testcase classname="ds.glmerSLMA_smk_test_phase_2" name="check_slope_formulae_1" time="0.000999999999976353"/>
    <testcase classname="ds.glmerSLMA_smk_test_phase_2" name="check_slope_formulae_1" time="0.000999999999976353"/>
    <testcase classname="ds.glmerSLMA_smk_test_phase_2" name="check_slope_formulae_1" time="0.00199999999995271"/>
    <testcase classname="ds.glmerSLMA_smk_test_phase_2" name="check_slope_formulae_1" time="0.000999999999976353"/>
    <testcase classname="ds.glmerSLMA_smk_test_phase_2" name="check_slope_formulae_1" time="0.000999999999976353"/>
    <testcase classname="ds.glmerSLMA_smk_test_phase_2" name="check_slope_formulae_1" time="0.00199999999995271"/>
    <testcase classname="ds.glmerSLMA_smk_test_phase_2" name="check_slope_formulae_1" time="0.00100000000020373"/>
    <testcase classname="ds.glmerSLMA_smk_test_phase_2" name="check_slope_formulae_1" time="0.00199999999995271"/>
    <testcase classname="ds.glmerSLMA_smk_test_phase_2" name="check_slope_formulae_1" time="0.000999999999976353"/>
    <testcase classname="ds.glmerSLMA_smk_test_phase_2" name="check_slope_formulae_1" time="0.000999999999976353"/>
    <testcase classname="ds.glmerSLMA_smk_test_phase_2" name="check_slope_formulae_1" time="0.00199999999995271"/>
    <testcase classname="ds.glmerSLMA_smk_test_phase_2" name="check_slope_formulae_1" time="0.000999999999976353"/>
    <testcase classname="ds.glmerSLMA_smk_test_phase_2" name="check_slope_formulae_1" time="0.00199999999995271"/>
    <testcase classname="ds.glmerSLMA_smk_test_phase_2" name="check_slope_formulae_1" time="0.00100000000020373"/>
    <testcase classname="ds.glmerSLMA_smk_test_phase_2" name="check_slope_formulae_1" time="0.000999999999976353"/>
    <testcase classname="ds.glmerSLMA_smk_test_phase_2" name="check_slope_formulae_1" time="0.00199999999995271"/>
    <testcase classname="ds.glmerSLMA_smk_test_phase_2" name="check_slope_formulae_2" time="7.51700000000005"/>
    <testcase classname="ds.glmerSLMA_smk_test_phase_2" name="check_slope_formulae_2" time="0.00199999999995271"/>
    <testcase classname="ds.glmerSLMA_smk_test_phase_2" name="check_slope_formulae_2" time="0.000999999999976353"/>
    <testcase classname="ds.glmerSLMA_smk_test_phase_2" name="check_slope_formulae_2" time="0.00199999999995271"/>
    <testcase classname="ds.glmerSLMA_smk_test_phase_2" name="check_slope_formulae_2" time="0.000999999999976353"/>
    <testcase classname="ds.glmerSLMA_smk_test_phase_2" name="check_slope_formulae_2" time="0.00199999999995271"/>
    <testcase classname="ds.glmerSLMA_smk_test_phase_2" name="check_slope_formulae_2" time="0.00100000000020373"/>
    <testcase classname="ds.glmerSLMA_smk_test_phase_2" name="check_slope_formulae_2" time="0.00199999999995271"/>
    <testcase classname="ds.glmerSLMA_smk_test_phase_2" name="check_slope_formulae_2" time="0.000999999999976353"/>
    <testcase classname="ds.glmerSLMA_smk_test_phase_2" name="check_slope_formulae_2" time="0.00199999999995271"/>
    <testcase classname="ds.glmerSLMA_smk_test_phase_2" name="check_slope_formulae_2" time="0.00199999999995271"/>
    <testcase classname="ds.glmerSLMA_smk_test_phase_2" name="check_slope_formulae_2" time="0.000999999999976353"/>
    <testcase classname="ds.glmerSLMA_smk_test_phase_2" name="check_slope_formulae_2" time="0.00200000000018008"/>
    <testcase classname="ds.glmerSLMA_smk_test_phase_2" name="check_slope_formulae_2" time="0.000999999999976353"/>
    <testcase classname="ds.glmerSLMA_smk_test_phase_2" name="check_slope_formulae_2" time="0.00199999999995271"/>
    <testcase classname="ds.glmerSLMA_smk_test_phase_2" name="check_slope_formulae_2" time="0.00199999999995271"/>
    <testcase classname="ds.glmerSLMA_smk_test_phase_2" name="check_slope_formulae_2" time="0.000999999999976353"/>
    <testcase classname="ds.glmerSLMA_smk_test_phase_2" name="check_slope_formulae_2" time="0.00199999999995271"/>
    <testcase classname="ds.glmerSLMA_smk_test_phase_2" name="check_slope_formulae_2" time="0.00200000000018008"/>
    <testcase classname="ds.glmerSLMA_smk_test_phase_2" name="check_slope_formulae_2" time="0.000999999999976353"/>
    <testcase classname="ds.glmerSLMA_smk_test_phase_2" name="check_slope_formulae_2" time="0.00199999999995271"/>
    <testcase classname="ds.glmerSLMA_smk_test_phase_2" name="check_slope_formulae_2" time="0.00199999999995271"/>
    <testcase classname="ds.glmerSLMA_smk_test_phase_2" name="check_slope_formulae_2" time="0.00199999999995271"/>
    <testcase classname="ds.glmerSLMA_smk_test_phase_2" name="check_slope_formulae_2" time="0.00100000000020373"/>
    <testcase classname="ds.glmerSLMA_smk_test_phase_2" name="check_slope_formulae_2" time="0.00199999999995271"/>
    <testcase classname="ds.glmerSLMA_smk_test_phase_2" name="check_slope_formulae_2" time="0.00199999999995271"/>
    <testcase classname="ds.glmerSLMA_smk_test_phase_2" name="check_slope_formulae_2" time="0.00199999999995271"/>
  </testsuite>
  <testsuite errors="0" failures="0" hostname="fv-az14" name="ds.glmerSLMA::smk::shutdown - phase 2" skipped="0" tests="3" time="0.271" timestamp="2020-10-27T19:11:31Z">
    <testcase classname="ds.glmerSLMA_smk_shutdown_phase_2" name="setup" time="0.269000000000005"/>
    <testcase classname="ds.glmerSLMA_smk_shutdown_phase_2" name="setup" time="0.000999999999976353"/>
    <testcase classname="ds.glmerSLMA_smk_shutdown_phase_2" name="setup" time="0.000999999999976353"/>
  </testsuite>
  <testsuite errors="0" failures="0" hostname="fv-az14" name="ds.glmerSLMA::smk::done" skipped="0" tests="0" time="0" timestamp="2020-10-27T19:11:32Z"/>
  <testsuite errors="0" failures="0" hostname="fv-az14" name="ds.glm::smk::gaussian::setup" skipped="0" tests="3" time="5.05" timestamp="2020-10-27T19:11:32Z">
    <testcase classname="ds.glm_smk_gaussian_setup" name="setup" time="5.048"/>
    <testcase classname="ds.glm_smk_gaussian_setup" name="setup" time="0.000999999999976353"/>
    <testcase classname="ds.glm_smk_gaussian_setup" name="setup" time="0.00100000000020373"/>
  </testsuite>
  <testsuite errors="0" failures="0" hostname="fv-az14" name="ds.glm::smk::gaussian" skipped="0" tests="20" time="1.1" timestamp="2020-10-27T19:11:37Z">
    <testcase classname="ds.glm_smk_gaussian" name="glm_gaussian" time="1.077"/>
    <testcase classname="ds.glm_smk_gaussian" name="glm_gaussian" time="0.000999999999976353"/>
    <testcase classname="ds.glm_smk_gaussian" name="glm_gaussian" time="0.000999999999976353"/>
    <testcase classname="ds.glm_smk_gaussian" name="glm_gaussian" time="0.000999999999976353"/>
    <testcase classname="ds.glm_smk_gaussian" name="glm_gaussian" time="0.000999999999976353"/>
    <testcase classname="ds.glm_smk_gaussian" name="glm_gaussian" time="0.000999999999976353"/>
    <testcase classname="ds.glm_smk_gaussian" name="glm_gaussian" time="0.00199999999995271"/>
    <testcase classname="ds.glm_smk_gaussian" name="glm_gaussian" time="0.000999999999976353"/>
    <testcase classname="ds.glm_smk_gaussian" name="glm_gaussian" time="0.000999999999976353"/>
    <testcase classname="ds.glm_smk_gaussian" name="glm_gaussian" time="0.00100000000020373"/>
    <testcase classname="ds.glm_smk_gaussian" name="glm_gaussian" time="0.000999999999976353"/>
    <testcase classname="ds.glm_smk_gaussian" name="glm_gaussian" time="0.00199999999995271"/>
    <testcase classname="ds.glm_smk_gaussian" name="glm_gaussian" time="0.000999999999976353"/>
    <testcase classname="ds.glm_smk_gaussian" name="glm_gaussian" time="0.000999999999976353"/>
    <testcase classname="ds.glm_smk_gaussian" name="glm_gaussian" time="0.000999999999976353"/>
    <testcase classname="ds.glm_smk_gaussian" name="glm_gaussian" time="0.00199999999995271"/>
    <testcase classname="ds.glm_smk_gaussian" name="glm_gaussian" time="0.000999999999976353"/>
    <testcase classname="ds.glm_smk_gaussian" name="glm_gaussian" time="0.00100000000020373"/>
    <testcase classname="ds.glm_smk_gaussian" name="glm_gaussian" time="0.00199999999995271"/>
    <testcase classname="ds.glm_smk_gaussian" name="glm_gaussian" time="0.000999999999976353"/>
  </testsuite>
  <testsuite errors="0" failures="0" hostname="fv-az14" name="ds.glm::smk::gaussian, with check" skipped="0" tests="21" time="4.182" timestamp="2020-10-27T19:11:38Z">
    <testcase classname="ds.glm_smk_gaussian_with_check" name="glm_gaussian_with_check" time="4.1579999999999"/>
    <testcase classname="ds.glm_smk_gaussian_with_check" name="glm_gaussian_with_check" time="0.000999999999976353"/>
    <testcase classname="ds.glm_smk_gaussian_with_check" name="glm_gaussian_with_check" time="0.00100000000020373"/>
    <testcase classname="ds.glm_smk_gaussian_with_check" name="glm_gaussian_with_check" time="0.000999999999976353"/>
    <testcase classname="ds.glm_smk_gaussian_with_check" name="glm_gaussian_with_check" time="0.000999999999976353"/>
    <testcase classname="ds.glm_smk_gaussian_with_check" name="glm_gaussian_with_check" time="0.000999999999976353"/>
    <testcase classname="ds.glm_smk_gaussian_with_check" name="glm_gaussian_with_check" time="0.00199999999995271"/>
    <testcase classname="ds.glm_smk_gaussian_with_check" name="glm_gaussian_with_check" time="0.000999999999976353"/>
    <testcase classname="ds.glm_smk_gaussian_with_check" name="glm_gaussian_with_check" time="0.000999999999976353"/>
    <testcase classname="ds.glm_smk_gaussian_with_check" name="glm_gaussian_with_check" time="0.000999999999976353"/>
    <testcase classname="ds.glm_smk_gaussian_with_check" name="glm_gaussian_with_check" time="0.000999999999976353"/>
    <testcase classname="ds.glm_smk_gaussian_with_check" name="glm_gaussian_with_check" time="0.00200000000018008"/>
    <testcase classname="ds.glm_smk_gaussian_with_check" name="glm_gaussian_with_check" time="0.000999999999976353"/>
    <testcase classname="ds.glm_smk_gaussian_with_check" name="glm_gaussian_with_check" time="0.000999999999976353"/>
    <testcase classname="ds.glm_smk_gaussian_with_check" name="glm_gaussian_with_check" time="0.000999999999976353"/>
    <testcase classname="ds.glm_smk_gaussian_with_check" name="glm_gaussian_with_check" time="0.00199999999995271"/>
    <testcase classname="ds.glm_smk_gaussian_with_check" name="glm_gaussian_with_check" time="0.000999999999976353"/>
    <testcase classname="ds.glm_smk_gaussian_with_check" name="glm_gaussian_with_check" time="0.000999999999976353"/>
    <testcase classname="ds.glm_smk_gaussian_with_check" name="glm_gaussian_with_check" time="0.00200000000018008"/>
    <testcase classname="ds.glm_smk_gaussian_with_check" name="glm_gaussian_with_check" time="0.000999999999976353"/>
    <testcase classname="ds.glm_smk_gaussian_with_check" name="glm_gaussian_with_check" time="0.000999999999976353"/>
  </testsuite>
  <testsuite errors="0" failures="0" hostname="fv-az14" name="ds.glm::smk::gaussian::shutdown" skipped="0" tests="3" time="0.278" timestamp="2020-10-27T19:11:42Z">
    <testcase classname="ds.glm_smk_gaussian_shutdown" name="shutdown" time="0.274999999999864"/>
    <testcase classname="ds.glm_smk_gaussian_shutdown" name="shutdown" time="0.00200000000018008"/>
    <testcase classname="ds.glm_smk_gaussian_shutdown" name="shutdown" time="0.000999999999976353"/>
  </testsuite>
  <testsuite errors="0" failures="0" hostname="fv-az14" name="ds.glm::smk::gaussian::done" skipped="0" tests="0" time="0" timestamp="2020-10-27T19:11:43Z"/>
  <testsuite errors="0" failures="0" hostname="fv-az14" name="ds.glm::smk::poisson::setup" skipped="0" tests="3" time="5.007" timestamp="2020-10-27T19:11:43Z">
    <testcase classname="ds.glm_smk_poisson_setup" name="setup" time="5.00499999999988"/>
    <testcase classname="ds.glm_smk_poisson_setup" name="setup" time="0.000999999999976353"/>
    <testcase classname="ds.glm_smk_poisson_setup" name="setup" time="0.000999999999976353"/>
  </testsuite>
  <testsuite errors="0" failures="0" hostname="fv-az14" name="ds.glm::smk::poisson" skipped="0" tests="20" time="2.046" timestamp="2020-10-27T19:11:47Z">
    <testcase classname="ds.glm_smk_poisson" name="glm_gaussian" time="2.02300000000014"/>
    <testcase classname="ds.glm_smk_poisson" name="glm_gaussian" time="0.000999999999976353"/>
    <testcase classname="ds.glm_smk_poisson" name="glm_gaussian" time="0.000999999999976353"/>
    <testcase classname="ds.glm_smk_poisson" name="glm_gaussian" time="0.00199999999995271"/>
    <testcase classname="ds.glm_smk_poisson" name="glm_gaussian" time="0.000999999999976353"/>
    <testcase classname="ds.glm_smk_poisson" name="glm_gaussian" time="0.000999999999976353"/>
    <testcase classname="ds.glm_smk_poisson" name="glm_gaussian" time="0.00100000000020373"/>
    <testcase classname="ds.glm_smk_poisson" name="glm_gaussian" time="0.000999999999976353"/>
    <testcase classname="ds.glm_smk_poisson" name="glm_gaussian" time="0.000999999999976353"/>
    <testcase classname="ds.glm_smk_poisson" name="glm_gaussian" time="0.000999999999976353"/>
    <testcase classname="ds.glm_smk_poisson" name="glm_gaussian" time="0.000999999999976353"/>
    <testcase classname="ds.glm_smk_poisson" name="glm_gaussian" time="0.00199999999995271"/>
    <testcase classname="ds.glm_smk_poisson" name="glm_gaussian" time="0.000999999999976353"/>
    <testcase classname="ds.glm_smk_poisson" name="glm_gaussian" time="0.000999999999976353"/>
    <testcase classname="ds.glm_smk_poisson" name="glm_gaussian" time="0.00100000000020373"/>
    <testcase classname="ds.glm_smk_poisson" name="glm_gaussian" time="0.00199999999995271"/>
    <testcase classname="ds.glm_smk_poisson" name="glm_gaussian" time="0.000999999999976353"/>
    <testcase classname="ds.glm_smk_poisson" name="glm_gaussian" time="0.000999999999976353"/>
    <testcase classname="ds.glm_smk_poisson" name="glm_gaussian" time="0.000999999999976353"/>
    <testcase classname="ds.glm_smk_poisson" name="glm_gaussian" time="0.00199999999995271"/>
  </testsuite>
  <testsuite errors="0" failures="0" hostname="fv-az14" name="ds.glm::smk::poisson, with check" skipped="0" tests="21" time="6.513" timestamp="2020-10-27T19:11:49Z">
    <testcase classname="ds.glm_smk_poisson_with_check" name="glm_gaussian_which_check" time="6.48900000000003"/>
    <testcase classname="ds.glm_smk_poisson_with_check" name="glm_gaussian_which_check" time="0.000999999999976353"/>
    <testcase classname="ds.glm_smk_poisson_with_check" name="glm_gaussian_which_check" time="0.000999999999976353"/>
    <testcase classname="ds.glm_smk_poisson_with_check" name="glm_gaussian_which_check" time="0.000999999999976353"/>
    <testcase classname="ds.glm_smk_poisson_with_check" name="glm_gaussian_which_check" time="0.00100000000020373"/>
    <testcase classname="ds.glm_smk_poisson_with_check" name="glm_gaussian_which_check" time="0.00199999999995271"/>
    <testcase classname="ds.glm_smk_poisson_with_check" name="glm_gaussian_which_check" time="0.000999999999976353"/>
    <testcase classname="ds.glm_smk_poisson_with_check" name="glm_gaussian_which_check" time="0.000999999999976353"/>
    <testcase classname="ds.glm_smk_poisson_with_check" name="glm_gaussian_which_check" time="0.000999999999976353"/>
    <testcase classname="ds.glm_smk_poisson_with_check" name="glm_gaussian_which_check" time="0.000999999999976353"/>
    <testcase classname="ds.glm_smk_poisson_with_check" name="glm_gaussian_which_check" time="0.000999999999976353"/>
    <testcase classname="ds.glm_smk_poisson_with_check" name="glm_gaussian_which_check" time="0.000999999999976353"/>
    <testcase classname="ds.glm_smk_poisson_with_check" name="glm_gaussian_which_check" time="0.00200000000018008"/>
    <testcase classname="ds.glm_smk_poisson_with_check" name="glm_gaussian_which_check" time="0.000999999999976353"/>
    <testcase classname="ds.glm_smk_poisson_with_check" name="glm_gaussian_which_check" time="0.000999999999976353"/>
    <testcase classname="ds.glm_smk_poisson_with_check" name="glm_gaussian_which_check" time="0.000999999999976353"/>
    <testcase classname="ds.glm_smk_poisson_with_check" name="glm_gaussian_which_check" time="0.000999999999976353"/>
    <testcase classname="ds.glm_smk_poisson_with_check" name="glm_gaussian_which_check" time="0.00199999999995271"/>
    <testcase classname="ds.glm_smk_poisson_with_check" name="glm_gaussian_which_check" time="0.000999999999976353"/>
    <testcase classname="ds.glm_smk_poisson_with_check" name="glm_gaussian_which_check" time="0.000999999999976353"/>
    <testcase classname="ds.glm_smk_poisson_with_check" name="glm_gaussian_which_check" time="0.00200000000018008"/>
  </testsuite>
  <testsuite errors="0" failures="0" hostname="fv-az14" name="ds.glm::smk::poisson::shutdown" skipped="0" tests="3" time="0.268" timestamp="2020-10-27T19:11:56Z">
    <testcase classname="ds.glm_smk_poisson_shutdown" name="shutdown" time="0.265999999999849"/>
    <testcase classname="ds.glm_smk_poisson_shutdown" name="shutdown" time="0.000999999999976353"/>
    <testcase classname="ds.glm_smk_poisson_shutdown" name="shutdown" time="0.000999999999976353"/>
  </testsuite>
  <testsuite errors="0" failures="0" hostname="fv-az14" name="ds.glm::smk::poisson::done" skipped="0" tests="0" time="0" timestamp="2020-10-27T19:11:57Z"/>
  <testsuite errors="0" failures="0" hostname="fv-az14" name="ds.glmPredict::smk::binomial::setup" skipped="0" tests="3" time="5.046" timestamp="2020-10-27T19:11:57Z">
    <testcase classname="ds.glmPredict_smk_binomial_setup" name="setup" time="5.0440000000001"/>
    <testcase classname="ds.glmPredict_smk_binomial_setup" name="setup" time="0.000999999999976353"/>
    <testcase classname="ds.glmPredict_smk_binomial_setup" name="setup" time="0.000999999999976353"/>
  </testsuite>
  <testsuite errors="0" failures="0" hostname="fv-az14" name="ds.glmPredict::smk::binomial::without_newobj" skipped="0" tests="69" time="2.471" timestamp="2020-10-27T19:12:01Z">
    <testcase classname="ds.glmPredict_smk_binomial_without_newobj" name="simple_glmPredict_binomial_without_newobj_se.fit_FALSE" time="1.31900000000019"/>
    <testcase classname="ds.glmPredict_smk_binomial_without_newobj" name="simple_glmPredict_binomial_without_newobj_se.fit_FALSE" time="0.00199999999995271"/>
    <testcase classname="ds.glmPredict_smk_binomial_without_newobj" name="simple_glmPredict_binomial_without_newobj_se.fit_FALSE" time="0.000999999999976353"/>
    <testcase classname="ds.glmPredict_smk_binomial_without_newobj" name="simple_glmPredict_binomial_without_newobj_se.fit_FALSE" time="0.000999999999976353"/>
    <testcase classname="ds.glmPredict_smk_binomial_without_newobj" name="simple_glmPredict_binomial_without_newobj_se.fit_FALSE" time="1.0440000000001"/>
    <testcase classname="ds.glmPredict_smk_binomial_without_newobj" name="simple_glmPredict_binomial_without_newobj_se.fit_FALSE" time="0.00199999999995271"/>
    <testcase classname="ds.glmPredict_smk_binomial_without_newobj" name="simple_glmPredict_binomial_without_newobj_se.fit_FALSE" time="0.000999999999976353"/>
    <testcase classname="ds.glmPredict_smk_binomial_without_newobj" name="simple_glmPredict_binomial_without_newobj_se.fit_FALSE" time="0.000999999999976353"/>
    <testcase classname="ds.glmPredict_smk_binomial_without_newobj" name="simple_glmPredict_binomial_without_newobj_se.fit_FALSE" time="0.000999999999976353"/>
    <testcase classname="ds.glmPredict_smk_binomial_without_newobj" name="simple_glmPredict_binomial_without_newobj_se.fit_FALSE" time="0.000999999999976353"/>
    <testcase classname="ds.glmPredict_smk_binomial_without_newobj" name="simple_glmPredict_binomial_without_newobj_se.fit_FALSE" time="0.000999999999976353"/>
    <testcase classname="ds.glmPredict_smk_binomial_without_newobj" name="simple_glmPredict_binomial_without_newobj_se.fit_FALSE" time="0.000999999999976353"/>
    <testcase classname="ds.glmPredict_smk_binomial_without_newobj" name="simple_glmPredict_binomial_without_newobj_se.fit_FALSE" time="0.000999999999976353"/>
    <testcase classname="ds.glmPredict_smk_binomial_without_newobj" name="simple_glmPredict_binomial_without_newobj_se.fit_FALSE" time="0.00200000000018008"/>
    <testcase classname="ds.glmPredict_smk_binomial_without_newobj" name="simple_glmPredict_binomial_without_newobj_se.fit_FALSE" time="0.000999999999976353"/>
    <testcase classname="ds.glmPredict_smk_binomial_without_newobj" name="simple_glmPredict_binomial_without_newobj_se.fit_FALSE" time="0.000999999999976353"/>
    <testcase classname="ds.glmPredict_smk_binomial_without_newobj" name="simple_glmPredict_binomial_without_newobj_se.fit_FALSE" time="0.00299999999992906"/>
    <testcase classname="ds.glmPredict_smk_binomial_without_newobj" name="simple_glmPredict_binomial_without_newobj_se.fit_FALSE" time="0.000999999999976353"/>
    <testcase classname="ds.glmPredict_smk_binomial_without_newobj" name="simple_glmPredict_binomial_without_newobj_se.fit_FALSE" time="0.000999999999976353"/>
    <testcase classname="ds.glmPredict_smk_binomial_without_newobj" name="simple_glmPredict_binomial_without_newobj_se.fit_FALSE" time="0.00200000000018008"/>
    <testcase classname="ds.glmPredict_smk_binomial_without_newobj" name="simple_glmPredict_binomial_without_newobj_se.fit_FALSE" time="0.000999999999976353"/>
    <testcase classname="ds.glmPredict_smk_binomial_without_newobj" name="simple_glmPredict_binomial_without_newobj_se.fit_FALSE" time="0.000999999999976353"/>
    <testcase classname="ds.glmPredict_smk_binomial_without_newobj" name="simple_glmPredict_binomial_without_newobj_se.fit_FALSE" time="0.00199999999995271"/>
    <testcase classname="ds.glmPredict_smk_binomial_without_newobj" name="simple_glmPredict_binomial_without_newobj_se.fit_FALSE" time="0.000999999999976353"/>
    <testcase classname="ds.glmPredict_smk_binomial_without_newobj" name="simple_glmPredict_binomial_without_newobj_se.fit_FALSE" time="0.00199999999995271"/>
    <testcase classname="ds.glmPredict_smk_binomial_without_newobj" name="simple_glmPredict_binomial_without_newobj_se.fit_FALSE" time="0.000999999999976353"/>
    <testcase classname="ds.glmPredict_smk_binomial_without_newobj" name="simple_glmPredict_binomial_without_newobj_se.fit_FALSE" time="0.00200000000018008"/>
    <testcase classname="ds.glmPredict_smk_binomial_without_newobj" name="simple_glmPredict_binomial_without_newobj_se.fit_FALSE" time="0.000999999999976353"/>
    <testcase classname="ds.glmPredict_smk_binomial_without_newobj" name="simple_glmPredict_binomial_without_newobj_se.fit_FALSE" time="0.000999999999976353"/>
    <testcase classname="ds.glmPredict_smk_binomial_without_newobj" name="simple_glmPredict_binomial_without_newobj_se.fit_FALSE" time="0.00199999999995271"/>
    <testcase classname="ds.glmPredict_smk_binomial_without_newobj" name="simple_glmPredict_binomial_without_newobj_se.fit_FALSE" time="0.000999999999976353"/>
    <testcase classname="ds.glmPredict_smk_binomial_without_newobj" name="simple_glmPredict_binomial_without_newobj_se.fit_FALSE" time="0.00199999999995271"/>
    <testcase classname="ds.glmPredict_smk_binomial_without_newobj" name="simple_glmPredict_binomial_without_newobj_se.fit_FALSE" time="0.000999999999976353"/>
    <testcase classname="ds.glmPredict_smk_binomial_without_newobj" name="simple_glmPredict_binomial_without_newobj_se.fit_FALSE" time="0.00200000000018008"/>
    <testcase classname="ds.glmPredict_smk_binomial_without_newobj" name="simple_glmPredict_binomial_without_newobj_se.fit_FALSE" time="0.000999999999976353"/>
    <testcase classname="ds.glmPredict_smk_binomial_without_newobj" name="simple_glmPredict_binomial_without_newobj_se.fit_FALSE" time="0.00199999999995271"/>
    <testcase classname="ds.glmPredict_smk_binomial_without_newobj" name="simple_glmPredict_binomial_without_newobj_se.fit_FALSE" time="0.000999999999976353"/>
    <testcase classname="ds.glmPredict_smk_binomial_without_newobj" name="simple_glmPredict_binomial_without_newobj_se.fit_FALSE" time="0.00199999999995271"/>
    <testcase classname="ds.glmPredict_smk_binomial_without_newobj" name="simple_glmPredict_binomial_without_newobj_se.fit_FALSE" time="0.00200000000018008"/>
    <testcase classname="ds.glmPredict_smk_binomial_without_newobj" name="simple_glmPredict_binomial_without_newobj_se.fit_FALSE" time="0.000999999999976353"/>
    <testcase classname="ds.glmPredict_smk_binomial_without_newobj" name="simple_glmPredict_binomial_without_newobj_se.fit_FALSE" time="0.00199999999995271"/>
    <testcase classname="ds.glmPredict_smk_binomial_without_newobj" name="simple_glmPredict_binomial_without_newobj_se.fit_FALSE" time="0.00199999999995271"/>
    <testcase classname="ds.glmPredict_smk_binomial_without_newobj" name="simple_glmPredict_binomial_without_newobj_se.fit_FALSE" time="0.000999999999976353"/>
    <testcase classname="ds.glmPredict_smk_binomial_without_newobj" name="simple_glmPredict_binomial_without_newobj_se.fit_FALSE" time="0.00199999999995271"/>
    <testcase classname="ds.glmPredict_smk_binomial_without_newobj" name="simple_glmPredict_binomial_without_newobj_se.fit_FALSE" time="0.00200000000018008"/>
    <testcase classname="ds.glmPredict_smk_binomial_without_newobj" name="simple_glmPredict_binomial_without_newobj_se.fit_FALSE" time="0.000999999999976353"/>
    <testcase classname="ds.glmPredict_smk_binomial_without_newobj" name="simple_glmPredict_binomial_without_newobj_se.fit_FALSE" time="0.00199999999995271"/>
    <testcase classname="ds.glmPredict_smk_binomial_without_newobj" name="simple_glmPredict_binomial_without_newobj_se.fit_FALSE" time="0.00199999999995271"/>
    <testcase classname="ds.glmPredict_smk_binomial_without_newobj" name="simple_glmPredict_binomial_without_newobj_se.fit_FALSE" time="0.000999999999976353"/>
    <testcase classname="ds.glmPredict_smk_binomial_without_newobj" name="simple_glmPredict_binomial_without_newobj_se.fit_FALSE" time="0.00199999999995271"/>
    <testcase classname="ds.glmPredict_smk_binomial_without_newobj" name="simple_glmPredict_binomial_without_newobj_se.fit_FALSE" time="0.00200000000018008"/>
    <testcase classname="ds.glmPredict_smk_binomial_without_newobj" name="simple_glmPredict_binomial_without_newobj_se.fit_FALSE" time="0.00199999999995271"/>
    <testcase classname="ds.glmPredict_smk_binomial_without_newobj" name="simple_glmPredict_binomial_without_newobj_se.fit_FALSE" time="0.000999999999976353"/>
    <testcase classname="ds.glmPredict_smk_binomial_without_newobj" name="simple_glmPredict_binomial_without_newobj_se.fit_FALSE" time="0.00199999999995271"/>
    <testcase classname="ds.glmPredict_smk_binomial_without_newobj" name="simple_glmPredict_binomial_without_newobj_se.fit_FALSE" time="0.00199999999995271"/>
    <testcase classname="ds.glmPredict_smk_binomial_without_newobj" name="simple_glmPredict_binomial_without_newobj_se.fit_FALSE" time="0.00200000000018008"/>
    <testcase classname="ds.glmPredict_smk_binomial_without_newobj" name="simple_glmPredict_binomial_without_newobj_se.fit_FALSE" time="0.00199999999995271"/>
    <testcase classname="ds.glmPredict_smk_binomial_without_newobj" name="simple_glmPredict_binomial_without_newobj_se.fit_FALSE" time="0.00199999999995271"/>
    <testcase classname="ds.glmPredict_smk_binomial_without_newobj" name="simple_glmPredict_binomial_without_newobj_se.fit_FALSE" time="0.00199999999995271"/>
    <testcase classname="ds.glmPredict_smk_binomial_without_newobj" name="simple_glmPredict_binomial_without_newobj_se.fit_FALSE" time="0.00199999999995271"/>
    <testcase classname="ds.glmPredict_smk_binomial_without_newobj" name="simple_glmPredict_binomial_without_newobj_se.fit_FALSE" time="0.000999999999976353"/>
    <testcase classname="ds.glmPredict_smk_binomial_without_newobj" name="simple_glmPredict_binomial_without_newobj_se.fit_FALSE" time="0.00200000000018008"/>
    <testcase classname="ds.glmPredict_smk_binomial_without_newobj" name="simple_glmPredict_binomial_without_newobj_se.fit_FALSE" time="0.00199999999995271"/>
    <testcase classname="ds.glmPredict_smk_binomial_without_newobj" name="simple_glmPredict_binomial_without_newobj_se.fit_FALSE" time="0.00299999999992906"/>
    <testcase classname="ds.glmPredict_smk_binomial_without_newobj" name="simple_glmPredict_binomial_without_newobj_se.fit_FALSE" time="0.00199999999995271"/>
    <testcase classname="ds.glmPredict_smk_binomial_without_newobj" name="simple_glmPredict_binomial_without_newobj_se.fit_FALSE" time="0.00200000000018008"/>
    <testcase classname="ds.glmPredict_smk_binomial_without_newobj" name="simple_glmPredict_binomial_without_newobj_se.fit_FALSE" time="0.00199999999995271"/>
    <testcase classname="ds.glmPredict_smk_binomial_without_newobj" name="simple_glmPredict_binomial_without_newobj_se.fit_FALSE" time="0.00199999999995271"/>
    <testcase classname="ds.glmPredict_smk_binomial_without_newobj" name="simple_glmPredict_binomial_without_newobj_se.fit_FALSE" time="0.00299999999992906"/>
  </testsuite>
  <testsuite errors="0" failures="0" hostname="fv-az14" name="ds.glmPredict::smk::binomial::with_newobj" skipped="0" tests="69" time="2.474" timestamp="2020-10-27T19:12:04Z">
    <testcase classname="ds.glmPredict_smk_binomial_with_newobj" name="simple_glmPredict_binomial_with_newobj_se.fit_FALSE" time="1.3130000000001"/>
    <testcase classname="ds.glmPredict_smk_binomial_with_newobj" name="simple_glmPredict_binomial_with_newobj_se.fit_FALSE" time="0.00199999999995271"/>
    <testcase classname="ds.glmPredict_smk_binomial_with_newobj" name="simple_glmPredict_binomial_with_newobj_se.fit_FALSE" time="0.000999999999976353"/>
    <testcase classname="ds.glmPredict_smk_binomial_with_newobj" name="simple_glmPredict_binomial_with_newobj_se.fit_FALSE" time="0.000999999999976353"/>
    <testcase classname="ds.glmPredict_smk_binomial_with_newobj" name="simple_glmPredict_binomial_with_newobj_se.fit_FALSE" time="1.048"/>
    <testcase classname="ds.glmPredict_smk_binomial_with_newobj" name="simple_glmPredict_binomial_with_newobj_se.fit_FALSE" time="0.000999999999976353"/>
    <testcase classname="ds.glmPredict_smk_binomial_with_newobj" name="simple_glmPredict_binomial_with_newobj_se.fit_FALSE" time="0.00100000000020373"/>
    <testcase classname="ds.glmPredict_smk_binomial_with_newobj" name="simple_glmPredict_binomial_with_newobj_se.fit_FALSE" time="0.00999999999999091"/>
    <testcase classname="ds.glmPredict_smk_binomial_with_newobj" name="simple_glmPredict_binomial_with_newobj_se.fit_FALSE" time="0.00199999999995271"/>
    <testcase classname="ds.glmPredict_smk_binomial_with_newobj" name="simple_glmPredict_binomial_with_newobj_se.fit_FALSE" time="0.000999999999976353"/>
    <testcase classname="ds.glmPredict_smk_binomial_with_newobj" name="simple_glmPredict_binomial_with_newobj_se.fit_FALSE" time="0.000999999999976353"/>
    <testcase classname="ds.glmPredict_smk_binomial_with_newobj" name="simple_glmPredict_binomial_with_newobj_se.fit_FALSE" time="0.000999999999976353"/>
    <testcase classname="ds.glmPredict_smk_binomial_with_newobj" name="simple_glmPredict_binomial_with_newobj_se.fit_FALSE" time="0.000999999999976353"/>
    <testcase classname="ds.glmPredict_smk_binomial_with_newobj" name="simple_glmPredict_binomial_with_newobj_se.fit_FALSE" time="0.000999999999976353"/>
    <testcase classname="ds.glmPredict_smk_binomial_with_newobj" name="simple_glmPredict_binomial_with_newobj_se.fit_FALSE" time="0.00200000000018008"/>
    <testcase classname="ds.glmPredict_smk_binomial_with_newobj" name="simple_glmPredict_binomial_with_newobj_se.fit_FALSE" time="0.000999999999976353"/>
    <testcase classname="ds.glmPredict_smk_binomial_with_newobj" name="simple_glmPredict_binomial_with_newobj_se.fit_FALSE" time="0.000999999999976353"/>
    <testcase classname="ds.glmPredict_smk_binomial_with_newobj" name="simple_glmPredict_binomial_with_newobj_se.fit_FALSE" time="0.00199999999995271"/>
    <testcase classname="ds.glmPredict_smk_binomial_with_newobj" name="simple_glmPredict_binomial_with_newobj_se.fit_FALSE" time="0.000999999999976353"/>
    <testcase classname="ds.glmPredict_smk_binomial_with_newobj" name="simple_glmPredict_binomial_with_newobj_se.fit_FALSE" time="0.000999999999976353"/>
    <testcase classname="ds.glmPredict_smk_binomial_with_newobj" name="simple_glmPredict_binomial_with_newobj_se.fit_FALSE" time="0.00199999999995271"/>
    <testcase classname="ds.glmPredict_smk_binomial_with_newobj" name="simple_glmPredict_binomial_with_newobj_se.fit_FALSE" time="0.000999999999976353"/>
    <testcase classname="ds.glmPredict_smk_binomial_with_newobj" name="simple_glmPredict_binomial_with_newobj_se.fit_FALSE" time="0.00100000000020373"/>
    <testcase classname="ds.glmPredict_smk_binomial_with_newobj" name="simple_glmPredict_binomial_with_newobj_se.fit_FALSE" time="0.00199999999995271"/>
    <testcase classname="ds.glmPredict_smk_binomial_with_newobj" name="simple_glmPredict_binomial_with_newobj_se.fit_FALSE" time="0.000999999999976353"/>
    <testcase classname="ds.glmPredict_smk_binomial_with_newobj" name="simple_glmPredict_binomial_with_newobj_se.fit_FALSE" time="0.000999999999976353"/>
    <testcase classname="ds.glmPredict_smk_binomial_with_newobj" name="simple_glmPredict_binomial_with_newobj_se.fit_FALSE" time="0.00199999999995271"/>
    <testcase classname="ds.glmPredict_smk_binomial_with_newobj" name="simple_glmPredict_binomial_with_newobj_se.fit_FALSE" time="0.000999999999976353"/>
    <testcase classname="ds.glmPredict_smk_binomial_with_newobj" name="simple_glmPredict_binomial_with_newobj_se.fit_FALSE" time="0.00199999999995271"/>
    <testcase classname="ds.glmPredict_smk_binomial_with_newobj" name="simple_glmPredict_binomial_with_newobj_se.fit_FALSE" time="0.00100000000020373"/>
    <testcase classname="ds.glmPredict_smk_binomial_with_newobj" name="simple_glmPredict_binomial_with_newobj_se.fit_FALSE" time="0.000999999999976353"/>
    <testcase classname="ds.glmPredict_smk_binomial_with_newobj" name="simple_glmPredict_binomial_with_newobj_se.fit_FALSE" time="0.00199999999995271"/>
    <testcase classname="ds.glmPredict_smk_binomial_with_newobj" name="simple_glmPredict_binomial_with_newobj_se.fit_FALSE" time="0.000999999999976353"/>
    <testcase classname="ds.glmPredict_smk_binomial_with_newobj" name="simple_glmPredict_binomial_with_newobj_se.fit_FALSE" time="0.00199999999995271"/>
    <testcase classname="ds.glmPredict_smk_binomial_with_newobj" name="simple_glmPredict_binomial_with_newobj_se.fit_FALSE" time="0.000999999999976353"/>
    <testcase classname="ds.glmPredict_smk_binomial_with_newobj" name="simple_glmPredict_binomial_with_newobj_se.fit_FALSE" time="0.00200000000018008"/>
    <testcase classname="ds.glmPredict_smk_binomial_with_newobj" name="simple_glmPredict_binomial_with_newobj_se.fit_FALSE" time="0.000999999999976353"/>
    <testcase classname="ds.glmPredict_smk_binomial_with_newobj" name="simple_glmPredict_binomial_with_newobj_se.fit_FALSE" time="0.00199999999995271"/>
    <testcase classname="ds.glmPredict_smk_binomial_with_newobj" name="simple_glmPredict_binomial_with_newobj_se.fit_FALSE" time="0.00199999999995271"/>
    <testcase classname="ds.glmPredict_smk_binomial_with_newobj" name="simple_glmPredict_binomial_with_newobj_se.fit_FALSE" time="0.000999999999976353"/>
    <testcase classname="ds.glmPredict_smk_binomial_with_newobj" name="simple_glmPredict_binomial_with_newobj_se.fit_FALSE" time="0.00199999999995271"/>
    <testcase classname="ds.glmPredict_smk_binomial_with_newobj" name="simple_glmPredict_binomial_with_newobj_se.fit_FALSE" time="0.000999999999976353"/>
    <testcase classname="ds.glmPredict_smk_binomial_with_newobj" name="simple_glmPredict_binomial_with_newobj_se.fit_FALSE" time="0.00200000000018008"/>
    <testcase classname="ds.glmPredict_smk_binomial_with_newobj" name="simple_glmPredict_binomial_with_newobj_se.fit_FALSE" time="0.00199999999995271"/>
    <testcase classname="ds.glmPredict_smk_binomial_with_newobj" name="simple_glmPredict_binomial_with_newobj_se.fit_FALSE" time="0.000999999999976353"/>
    <testcase classname="ds.glmPredict_smk_binomial_with_newobj" name="simple_glmPredict_binomial_with_newobj_se.fit_FALSE" time="0.00199999999995271"/>
    <testcase classname="ds.glmPredict_smk_binomial_with_newobj" name="simple_glmPredict_binomial_with_newobj_se.fit_FALSE" time="0.00199999999995271"/>
    <testcase classname="ds.glmPredict_smk_binomial_with_newobj" name="simple_glmPredict_binomial_with_newobj_se.fit_FALSE" time="0.00200000000018008"/>
    <testcase classname="ds.glmPredict_smk_binomial_with_newobj" name="simple_glmPredict_binomial_with_newobj_se.fit_FALSE" time="0.000999999999976353"/>
    <testcase classname="ds.glmPredict_smk_binomial_with_newobj" name="simple_glmPredict_binomial_with_newobj_se.fit_FALSE" time="0.00199999999995271"/>
    <testcase classname="ds.glmPredict_smk_binomial_with_newobj" name="simple_glmPredict_binomial_with_newobj_se.fit_FALSE" time="0.00199999999995271"/>
    <testcase classname="ds.glmPredict_smk_binomial_with_newobj" name="simple_glmPredict_binomial_with_newobj_se.fit_FALSE" time="0.000999999999976353"/>
    <testcase classname="ds.glmPredict_smk_binomial_with_newobj" name="simple_glmPredict_binomial_with_newobj_se.fit_FALSE" time="0.00199999999995271"/>
    <testcase classname="ds.glmPredict_smk_binomial_with_newobj" name="simple_glmPredict_binomial_with_newobj_se.fit_FALSE" time="0.00200000000018008"/>
    <testcase classname="ds.glmPredict_smk_binomial_with_newobj" name="simple_glmPredict_binomial_with_newobj_se.fit_FALSE" time="0.000999999999976353"/>
    <testcase classname="ds.glmPredict_smk_binomial_with_newobj" name="simple_glmPredict_binomial_with_newobj_se.fit_FALSE" time="0.00199999999995271"/>
    <testcase classname="ds.glmPredict_smk_binomial_with_newobj" name="simple_glmPredict_binomial_with_newobj_se.fit_FALSE" time="0.00199999999995271"/>
    <testcase classname="ds.glmPredict_smk_binomial_with_newobj" name="simple_glmPredict_binomial_with_newobj_se.fit_FALSE" time="0.00199999999995271"/>
    <testcase classname="ds.glmPredict_smk_binomial_with_newobj" name="simple_glmPredict_binomial_with_newobj_se.fit_FALSE" time="0.00200000000018008"/>
    <testcase classname="ds.glmPredict_smk_binomial_with_newobj" name="simple_glmPredict_binomial_with_newobj_se.fit_FALSE" time="0.00199999999995271"/>
    <testcase classname="ds.glmPredict_smk_binomial_with_newobj" name="simple_glmPredict_binomial_with_newobj_se.fit_FALSE" time="0.00199999999995271"/>
    <testcase classname="ds.glmPredict_smk_binomial_with_newobj" name="simple_glmPredict_binomial_with_newobj_se.fit_FALSE" time="0.00199999999995271"/>
    <testcase classname="ds.glmPredict_smk_binomial_with_newobj" name="simple_glmPredict_binomial_with_newobj_se.fit_FALSE" time="0.00199999999995271"/>
    <testcase classname="ds.glmPredict_smk_binomial_with_newobj" name="simple_glmPredict_binomial_with_newobj_se.fit_FALSE" time="0.00100000000020373"/>
    <testcase classname="ds.glmPredict_smk_binomial_with_newobj" name="simple_glmPredict_binomial_with_newobj_se.fit_FALSE" time="0.00299999999992906"/>
    <testcase classname="ds.glmPredict_smk_binomial_with_newobj" name="simple_glmPredict_binomial_with_newobj_se.fit_FALSE" time="0.00199999999995271"/>
    <testcase classname="ds.glmPredict_smk_binomial_with_newobj" name="simple_glmPredict_binomial_with_newobj_se.fit_FALSE" time="0.00199999999995271"/>
    <testcase classname="ds.glmPredict_smk_binomial_with_newobj" name="simple_glmPredict_binomial_with_newobj_se.fit_FALSE" time="0.00199999999995271"/>
    <testcase classname="ds.glmPredict_smk_binomial_with_newobj" name="simple_glmPredict_binomial_with_newobj_se.fit_FALSE" time="0.00200000000018008"/>
  </testsuite>
  <testsuite errors="0" failures="0" hostname="fv-az14" name="ds.glmPredict::smk::binomial::sefit_true" skipped="0" tests="114" time="2.562" timestamp="2020-10-27T19:12:06Z">
    <testcase classname="ds.glmPredict_smk_binomial_sefit_true" name="simple_glmPredict_binomial_with_newobj_se.fit_TRUE" time="1.31099999999992"/>
    <testcase classname="ds.glmPredict_smk_binomial_sefit_true" name="simple_glmPredict_binomial_with_newobj_se.fit_TRUE" time="0.000999999999976353"/>
    <testcase classname="ds.glmPredict_smk_binomial_sefit_true" name="simple_glmPredict_binomial_with_newobj_se.fit_TRUE" time="0.000999999999976353"/>
    <testcase classname="ds.glmPredict_smk_binomial_sefit_true" name="simple_glmPredict_binomial_with_newobj_se.fit_TRUE" time="0.000999999999976353"/>
    <testcase classname="ds.glmPredict_smk_binomial_sefit_true" name="simple_glmPredict_binomial_with_newobj_se.fit_TRUE" time="1.03300000000013"/>
    <testcase classname="ds.glmPredict_smk_binomial_sefit_true" name="simple_glmPredict_binomial_with_newobj_se.fit_TRUE" time="0.000999999999976353"/>
    <testcase classname="ds.glmPredict_smk_binomial_sefit_true" name="simple_glmPredict_binomial_with_newobj_se.fit_TRUE" time="0.000999999999976353"/>
    <testcase classname="ds.glmPredict_smk_binomial_sefit_true" name="simple_glmPredict_binomial_with_newobj_se.fit_TRUE" time="0.000999999999976353"/>
    <testcase classname="ds.glmPredict_smk_binomial_sefit_true" name="simple_glmPredict_binomial_with_newobj_se.fit_TRUE" time="0.000999999999976353"/>
    <testcase classname="ds.glmPredict_smk_binomial_sefit_true" name="simple_glmPredict_binomial_with_newobj_se.fit_TRUE" time="0.000999999999976353"/>
    <testcase classname="ds.glmPredict_smk_binomial_sefit_true" name="simple_glmPredict_binomial_with_newobj_se.fit_TRUE" time="0.000999999999976353"/>
    <testcase classname="ds.glmPredict_smk_binomial_sefit_true" name="simple_glmPredict_binomial_with_newobj_se.fit_TRUE" time="0.00200000000018008"/>
    <testcase classname="ds.glmPredict_smk_binomial_sefit_true" name="simple_glmPredict_binomial_with_newobj_se.fit_TRUE" time="0.000999999999976353"/>
    <testcase classname="ds.glmPredict_smk_binomial_sefit_true" name="simple_glmPredict_binomial_with_newobj_se.fit_TRUE" time="0.000999999999976353"/>
    <testcase classname="ds.glmPredict_smk_binomial_sefit_true" name="simple_glmPredict_binomial_with_newobj_se.fit_TRUE" time="0.000999999999976353"/>
    <testcase classname="ds.glmPredict_smk_binomial_sefit_true" name="simple_glmPredict_binomial_with_newobj_se.fit_TRUE" time="0.00199999999995271"/>
    <testcase classname="ds.glmPredict_smk_binomial_sefit_true" name="simple_glmPredict_binomial_with_newobj_se.fit_TRUE" time="0.000999999999976353"/>
    <testcase classname="ds.glmPredict_smk_binomial_sefit_true" name="simple_glmPredict_binomial_with_newobj_se.fit_TRUE" time="0.000999999999976353"/>
    <testcase classname="ds.glmPredict_smk_binomial_sefit_true" name="simple_glmPredict_binomial_with_newobj_se.fit_TRUE" time="0.000999999999976353"/>
    <testcase classname="ds.glmPredict_smk_binomial_sefit_true" name="simple_glmPredict_binomial_with_newobj_se.fit_TRUE" time="0.00200000000018008"/>
    <testcase classname="ds.glmPredict_smk_binomial_sefit_true" name="simple_glmPredict_binomial_with_newobj_se.fit_TRUE" time="0.000999999999976353"/>
    <testcase classname="ds.glmPredict_smk_binomial_sefit_true" name="simple_glmPredict_binomial_with_newobj_se.fit_TRUE" time="0.00199999999995271"/>
    <testcase classname="ds.glmPredict_smk_binomial_sefit_true" name="simple_glmPredict_binomial_with_newobj_se.fit_TRUE" time="0.000999999999976353"/>
    <testcase classname="ds.glmPredict_smk_binomial_sefit_true" name="simple_glmPredict_binomial_with_newobj_se.fit_TRUE" time="0.000999999999976353"/>
    <testcase classname="ds.glmPredict_smk_binomial_sefit_true" name="simple_glmPredict_binomial_with_newobj_se.fit_TRUE" time="0.00199999999995271"/>
    <testcase classname="ds.glmPredict_smk_binomial_sefit_true" name="simple_glmPredict_binomial_with_newobj_se.fit_TRUE" time="0.000999999999976353"/>
    <testcase classname="ds.glmPredict_smk_binomial_sefit_true" name="simple_glmPredict_binomial_with_newobj_se.fit_TRUE" time="0.00200000000018008"/>
    <testcase classname="ds.glmPredict_smk_binomial_sefit_true" name="simple_glmPredict_binomial_with_newobj_se.fit_TRUE" time="0.000999999999976353"/>
    <testcase classname="ds.glmPredict_smk_binomial_sefit_true" name="simple_glmPredict_binomial_with_newobj_se.fit_TRUE" time="0.00199999999995271"/>
    <testcase classname="ds.glmPredict_smk_binomial_sefit_true" name="simple_glmPredict_binomial_with_newobj_se.fit_TRUE" time="0.000999999999976353"/>
    <testcase classname="ds.glmPredict_smk_binomial_sefit_true" name="simple_glmPredict_binomial_with_newobj_se.fit_TRUE" time="0.00199999999995271"/>
    <testcase classname="ds.glmPredict_smk_binomial_sefit_true" name="simple_glmPredict_binomial_with_newobj_se.fit_TRUE" time="0.000999999999976353"/>
    <testcase classname="ds.glmPredict_smk_binomial_sefit_true" name="simple_glmPredict_binomial_with_newobj_se.fit_TRUE" time="0.00200000000018008"/>
    <testcase classname="ds.glmPredict_smk_binomial_sefit_true" name="simple_glmPredict_binomial_with_newobj_se.fit_TRUE" time="0.000999999999976353"/>
    <testcase classname="ds.glmPredict_smk_binomial_sefit_true" name="simple_glmPredict_binomial_with_newobj_se.fit_TRUE" time="0.00199999999995271"/>
    <testcase classname="ds.glmPredict_smk_binomial_sefit_true" name="simple_glmPredict_binomial_with_newobj_se.fit_TRUE" time="0.000999999999976353"/>
    <testcase classname="ds.glmPredict_smk_binomial_sefit_true" name="simple_glmPredict_binomial_with_newobj_se.fit_TRUE" time="0.00199999999995271"/>
    <testcase classname="ds.glmPredict_smk_binomial_sefit_true" name="simple_glmPredict_binomial_with_newobj_se.fit_TRUE" time="0.000999999999976353"/>
    <testcase classname="ds.glmPredict_smk_binomial_sefit_true" name="simple_glmPredict_binomial_with_newobj_se.fit_TRUE" time="0.00200000000018008"/>
    <testcase classname="ds.glmPredict_smk_binomial_sefit_true" name="simple_glmPredict_binomial_with_newobj_se.fit_TRUE" time="0.00199999999995271"/>
    <testcase classname="ds.glmPredict_smk_binomial_sefit_true" name="simple_glmPredict_binomial_with_newobj_se.fit_TRUE" time="0.000999999999976353"/>
    <testcase classname="ds.glmPredict_smk_binomial_sefit_true" name="simple_glmPredict_binomial_with_newobj_se.fit_TRUE" time="0.00199999999995271"/>
    <testcase classname="ds.glmPredict_smk_binomial_sefit_true" name="simple_glmPredict_binomial_with_newobj_se.fit_TRUE" time="0.00199999999995271"/>
    <testcase classname="ds.glmPredict_smk_binomial_sefit_true" name="simple_glmPredict_binomial_with_newobj_se.fit_TRUE" time="0.000999999999976353"/>
    <testcase classname="ds.glmPredict_smk_binomial_sefit_true" name="simple_glmPredict_binomial_with_newobj_se.fit_TRUE" time="0.00200000000018008"/>
    <testcase classname="ds.glmPredict_smk_binomial_sefit_true" name="simple_glmPredict_binomial_with_newobj_se.fit_TRUE" time="0.000999999999976353"/>
    <testcase classname="ds.glmPredict_smk_binomial_sefit_true" name="simple_glmPredict_binomial_with_newobj_se.fit_TRUE" time="0.00199999999995271"/>
    <testcase classname="ds.glmPredict_smk_binomial_sefit_true" name="simple_glmPredict_binomial_with_newobj_se.fit_TRUE" time="0.00199999999995271"/>
    <testcase classname="ds.glmPredict_smk_binomial_sefit_true" name="simple_glmPredict_binomial_with_newobj_se.fit_TRUE" time="0.000999999999976353"/>
    <testcase classname="ds.glmPredict_smk_binomial_sefit_true" name="simple_glmPredict_binomial_with_newobj_se.fit_TRUE" time="0.00199999999995271"/>
    <testcase classname="ds.glmPredict_smk_binomial_sefit_true" name="simple_glmPredict_binomial_with_newobj_se.fit_TRUE" time="0.00200000000018008"/>
    <testcase classname="ds.glmPredict_smk_binomial_sefit_true" name="simple_glmPredict_binomial_with_newobj_se.fit_TRUE" time="0.00199999999995271"/>
    <testcase classname="ds.glmPredict_smk_binomial_sefit_true" name="simple_glmPredict_binomial_with_newobj_se.fit_TRUE" time="0.00199999999995271"/>
    <testcase classname="ds.glmPredict_smk_binomial_sefit_true" name="simple_glmPredict_binomial_with_newobj_se.fit_TRUE" time="0.00199999999995271"/>
    <testcase classname="ds.glmPredict_smk_binomial_sefit_true" name="simple_glmPredict_binomial_with_newobj_se.fit_TRUE" time="0.000999999999976353"/>
    <testcase classname="ds.glmPredict_smk_binomial_sefit_true" name="simple_glmPredict_binomial_with_newobj_se.fit_TRUE" time="0.00200000000018008"/>
    <testcase classname="ds.glmPredict_smk_binomial_sefit_true" name="simple_glmPredict_binomial_with_newobj_se.fit_TRUE" time="0.00199999999995271"/>
    <testcase classname="ds.glmPredict_smk_binomial_sefit_true" name="simple_glmPredict_binomial_with_newobj_se.fit_TRUE" time="0.00199999999995271"/>
    <testcase classname="ds.glmPredict_smk_binomial_sefit_true" name="simple_glmPredict_binomial_with_newobj_se.fit_TRUE" time="0.00199999999995271"/>
    <testcase classname="ds.glmPredict_smk_binomial_sefit_true" name="simple_glmPredict_binomial_with_newobj_se.fit_TRUE" time="0.00199999999995271"/>
    <testcase classname="ds.glmPredict_smk_binomial_sefit_true" name="simple_glmPredict_binomial_with_newobj_se.fit_TRUE" time="0.00200000000018008"/>
    <testcase classname="ds.glmPredict_smk_binomial_sefit_true" name="simple_glmPredict_binomial_with_newobj_se.fit_TRUE" time="0.00199999999995271"/>
    <testcase classname="ds.glmPredict_smk_binomial_sefit_true" name="simple_glmPredict_binomial_with_newobj_se.fit_TRUE" time="0.00199999999995271"/>
    <testcase classname="ds.glmPredict_smk_binomial_sefit_true" name="simple_glmPredict_binomial_with_newobj_se.fit_TRUE" time="0.00199999999995271"/>
    <testcase classname="ds.glmPredict_smk_binomial_sefit_true" name="simple_glmPredict_binomial_with_newobj_se.fit_TRUE" time="0.00199999999995271"/>
    <testcase classname="ds.glmPredict_smk_binomial_sefit_true" name="simple_glmPredict_binomial_with_newobj_se.fit_TRUE" time="0.00200000000018008"/>
    <testcase classname="ds.glmPredict_smk_binomial_sefit_true" name="simple_glmPredict_binomial_with_newobj_se.fit_TRUE" time="0.00199999999995271"/>
    <testcase classname="ds.glmPredict_smk_binomial_sefit_true" name="simple_glmPredict_binomial_with_newobj_se.fit_TRUE" time="0.00199999999995271"/>
    <testcase classname="ds.glmPredict_smk_binomial_sefit_true" name="simple_glmPredict_binomial_with_newobj_se.fit_TRUE" time="0.00199999999995271"/>
    <testcase classname="ds.glmPredict_smk_binomial_sefit_true" name="simple_glmPredict_binomial_with_newobj_se.fit_TRUE" time="0.00200000000018008"/>
    <testcase classname="ds.glmPredict_smk_binomial_sefit_true" name="simple_glmPredict_binomial_with_newobj_se.fit_TRUE" time="0.00199999999995271"/>
    <testcase classname="ds.glmPredict_smk_binomial_sefit_true" name="simple_glmPredict_binomial_with_newobj_se.fit_TRUE" time="0.00199999999995271"/>
    <testcase classname="ds.glmPredict_smk_binomial_sefit_true" name="simple_glmPredict_binomial_with_newobj_se.fit_TRUE" time="0.00299999999992906"/>
    <testcase classname="ds.glmPredict_smk_binomial_sefit_true" name="simple_glmPredict_binomial_with_newobj_se.fit_TRUE" time="0.00199999999995271"/>
    <testcase classname="ds.glmPredict_smk_binomial_sefit_true" name="simple_glmPredict_binomial_with_newobj_se.fit_TRUE" time="0.00200000000018008"/>
    <testcase classname="ds.glmPredict_smk_binomial_sefit_true" name="simple_glmPredict_binomial_with_newobj_se.fit_TRUE" time="0.00199999999995271"/>
    <testcase classname="ds.glmPredict_smk_binomial_sefit_true" name="simple_glmPredict_binomial_with_newobj_se.fit_TRUE" time="0.00299999999992906"/>
    <testcase classname="ds.glmPredict_smk_binomial_sefit_true" name="simple_glmPredict_binomial_with_newobj_se.fit_TRUE" time="0.00900000000001455"/>
    <testcase classname="ds.glmPredict_smk_binomial_sefit_true" name="simple_glmPredict_binomial_with_newobj_se.fit_TRUE" time="0.00199999999995271"/>
    <testcase classname="ds.glmPredict_smk_binomial_sefit_true" name="simple_glmPredict_binomial_with_newobj_se.fit_TRUE" time="0.00200000000018008"/>
    <testcase classname="ds.glmPredict_smk_binomial_sefit_true" name="simple_glmPredict_binomial_with_newobj_se.fit_TRUE" time="0.00199999999995271"/>
    <testcase classname="ds.glmPredict_smk_binomial_sefit_true" name="simple_glmPredict_binomial_with_newobj_se.fit_TRUE" time="0.00199999999995271"/>
    <testcase classname="ds.glmPredict_smk_binomial_sefit_true" name="simple_glmPredict_binomial_with_newobj_se.fit_TRUE" time="0.00199999999995271"/>
    <testcase classname="ds.glmPredict_smk_binomial_sefit_true" name="simple_glmPredict_binomial_with_newobj_se.fit_TRUE" time="0.00300000000015643"/>
    <testcase classname="ds.glmPredict_smk_binomial_sefit_true" name="simple_glmPredict_binomial_with_newobj_se.fit_TRUE" time="0.00199999999995271"/>
    <testcase classname="ds.glmPredict_smk_binomial_sefit_true" name="simple_glmPredict_binomial_with_newobj_se.fit_TRUE" time="0.00199999999995271"/>
    <testcase classname="ds.glmPredict_smk_binomial_sefit_true" name="simple_glmPredict_binomial_with_newobj_se.fit_TRUE" time="0.00199999999995271"/>
    <testcase classname="ds.glmPredict_smk_binomial_sefit_true" name="simple_glmPredict_binomial_with_newobj_se.fit_TRUE" time="0.00299999999992906"/>
    <testcase classname="ds.glmPredict_smk_binomial_sefit_true" name="simple_glmPredict_binomial_with_newobj_se.fit_TRUE" time="0.00200000000018008"/>
    <testcase classname="ds.glmPredict_smk_binomial_sefit_true" name="simple_glmPredict_binomial_with_newobj_se.fit_TRUE" time="0.00199999999995271"/>
    <testcase classname="ds.glmPredict_smk_binomial_sefit_true" name="simple_glmPredict_binomial_with_newobj_se.fit_TRUE" time="0.00299999999992906"/>
    <testcase classname="ds.glmPredict_smk_binomial_sefit_true" name="simple_glmPredict_binomial_with_newobj_se.fit_TRUE" time="0.00199999999995271"/>
    <testcase classname="ds.glmPredict_smk_binomial_sefit_true" name="simple_glmPredict_binomial_with_newobj_se.fit_TRUE" time="0.00200000000018008"/>
    <testcase classname="ds.glmPredict_smk_binomial_sefit_true" name="simple_glmPredict_binomial_with_newobj_se.fit_TRUE" time="0.00299999999992906"/>
    <testcase classname="ds.glmPredict_smk_binomial_sefit_true" name="simple_glmPredict_binomial_with_newobj_se.fit_TRUE" time="0.00199999999995271"/>
    <testcase classname="ds.glmPredict_smk_binomial_sefit_true" name="simple_glmPredict_binomial_with_newobj_se.fit_TRUE" time="0.00199999999995271"/>
    <testcase classname="ds.glmPredict_smk_binomial_sefit_true" name="simple_glmPredict_binomial_with_newobj_se.fit_TRUE" time="0.00300000000015643"/>
    <testcase classname="ds.glmPredict_smk_binomial_sefit_true" name="simple_glmPredict_binomial_with_newobj_se.fit_TRUE" time="0.00199999999995271"/>
    <testcase classname="ds.glmPredict_smk_binomial_sefit_true" name="simple_glmPredict_binomial_with_newobj_se.fit_TRUE" time="0.00299999999992906"/>
    <testcase classname="ds.glmPredict_smk_binomial_sefit_true" name="simple_glmPredict_binomial_with_newobj_se.fit_TRUE" time="0.00199999999995271"/>
    <testcase classname="ds.glmPredict_smk_binomial_sefit_true" name="simple_glmPredict_binomial_with_newobj_se.fit_TRUE" time="0.00300000000015643"/>
    <testcase classname="ds.glmPredict_smk_binomial_sefit_true" name="simple_glmPredict_binomial_with_newobj_se.fit_TRUE" time="0.00199999999995271"/>
    <testcase classname="ds.glmPredict_smk_binomial_sefit_true" name="simple_glmPredict_binomial_with_newobj_se.fit_TRUE" time="0.00299999999992906"/>
    <testcase classname="ds.glmPredict_smk_binomial_sefit_true" name="simple_glmPredict_binomial_with_newobj_se.fit_TRUE" time="0.00199999999995271"/>
    <testcase classname="ds.glmPredict_smk_binomial_sefit_true" name="simple_glmPredict_binomial_with_newobj_se.fit_TRUE" time="0.00300000000015643"/>
    <testcase classname="ds.glmPredict_smk_binomial_sefit_true" name="simple_glmPredict_binomial_with_newobj_se.fit_TRUE" time="0.00199999999995271"/>
    <testcase classname="ds.glmPredict_smk_binomial_sefit_true" name="simple_glmPredict_binomial_with_newobj_se.fit_TRUE" time="0.00299999999992906"/>
    <testcase classname="ds.glmPredict_smk_binomial_sefit_true" name="simple_glmPredict_binomial_with_newobj_se.fit_TRUE" time="0.00199999999995271"/>
    <testcase classname="ds.glmPredict_smk_binomial_sefit_true" name="simple_glmPredict_binomial_with_newobj_se.fit_TRUE" time="0.00300000000015643"/>
    <testcase classname="ds.glmPredict_smk_binomial_sefit_true" name="simple_glmPredict_binomial_with_newobj_se.fit_TRUE" time="0.00299999999992906"/>
    <testcase classname="ds.glmPredict_smk_binomial_sefit_true" name="simple_glmPredict_binomial_with_newobj_se.fit_TRUE" time="0.00299999999992906"/>
    <testcase classname="ds.glmPredict_smk_binomial_sefit_true" name="simple_glmPredict_binomial_with_newobj_se.fit_TRUE" time="0.00200000000018008"/>
    <testcase classname="ds.glmPredict_smk_binomial_sefit_true" name="simple_glmPredict_binomial_with_newobj_se.fit_TRUE" time="0.00299999999992906"/>
    <testcase classname="ds.glmPredict_smk_binomial_sefit_true" name="simple_glmPredict_binomial_with_newobj_se.fit_TRUE" time="0.00299999999992906"/>
  </testsuite>
  <testsuite errors="0" failures="0" hostname="fv-az14" name="ds.glmPredict::smk::binomial::shutdown" skipped="0" tests="3" time="0.272" timestamp="2020-10-27T19:12:09Z">
    <testcase classname="ds.glmPredict_smk_binomial_shutdown" name="shutdown" time="0.269999999999982"/>
    <testcase classname="ds.glmPredict_smk_binomial_shutdown" name="shutdown" time="0.000999999999976353"/>
    <testcase classname="ds.glmPredict_smk_binomial_shutdown" name="shutdown" time="0.000999999999976353"/>
  </testsuite>
  <testsuite errors="0" failures="0" hostname="fv-az14" name="ds.glmPredict::smk::binomial::done" skipped="0" tests="0" time="0" timestamp="2020-10-27T19:12:10Z"/>
  <testsuite errors="0" failures="0" hostname="fv-az14" name="ds.glmPredict::smk::gaussian::setup" skipped="0" tests="3" time="5.058" timestamp="2020-10-27T19:12:10Z">
    <testcase classname="ds.glmPredict_smk_gaussian_setup" name="setup" time="5.05600000000004"/>
    <testcase classname="ds.glmPredict_smk_gaussian_setup" name="setup" time="0.000999999999976353"/>
    <testcase classname="ds.glmPredict_smk_gaussian_setup" name="setup" time="0.00100000000020373"/>
  </testsuite>
  <testsuite errors="0" failures="0" hostname="fv-az14" name="ds.glmPredict::smk::gaussian::without_newobj" skipped="0" tests="69" time="2.503" timestamp="2020-10-27T19:12:14Z">
    <testcase classname="ds.glmPredict_smk_gaussian_without_newobj" name="simple_glmPredict_gaussian_without_newobj_se.fit_FALSE" time="1.36199999999985"/>
    <testcase classname="ds.glmPredict_smk_gaussian_without_newobj" name="simple_glmPredict_gaussian_without_newobj_se.fit_FALSE" time="0.00199999999995271"/>
    <testcase classname="ds.glmPredict_smk_gaussian_without_newobj" name="simple_glmPredict_gaussian_without_newobj_se.fit_FALSE" time="0.000999999999976353"/>
    <testcase classname="ds.glmPredict_smk_gaussian_without_newobj" name="simple_glmPredict_gaussian_without_newobj_se.fit_FALSE" time="0.00100000000020373"/>
    <testcase classname="ds.glmPredict_smk_gaussian_without_newobj" name="simple_glmPredict_gaussian_without_newobj_se.fit_FALSE" time="1.03499999999985"/>
    <testcase classname="ds.glmPredict_smk_gaussian_without_newobj" name="simple_glmPredict_gaussian_without_newobj_se.fit_FALSE" time="0.000999999999976353"/>
    <testcase classname="ds.glmPredict_smk_gaussian_without_newobj" name="simple_glmPredict_gaussian_without_newobj_se.fit_FALSE" time="0.000999999999976353"/>
    <testcase classname="ds.glmPredict_smk_gaussian_without_newobj" name="simple_glmPredict_gaussian_without_newobj_se.fit_FALSE" time="0.00100000000020373"/>
    <testcase classname="ds.glmPredict_smk_gaussian_without_newobj" name="simple_glmPredict_gaussian_without_newobj_se.fit_FALSE" time="0.000999999999976353"/>
    <testcase classname="ds.glmPredict_smk_gaussian_without_newobj" name="simple_glmPredict_gaussian_without_newobj_se.fit_FALSE" time="0.00199999999995271"/>
    <testcase classname="ds.glmPredict_smk_gaussian_without_newobj" name="simple_glmPredict_gaussian_without_newobj_se.fit_FALSE" time="0.000999999999976353"/>
    <testcase classname="ds.glmPredict_smk_gaussian_without_newobj" name="simple_glmPredict_gaussian_without_newobj_se.fit_FALSE" time="0.000999999999976353"/>
    <testcase classname="ds.glmPredict_smk_gaussian_without_newobj" name="simple_glmPredict_gaussian_without_newobj_se.fit_FALSE" time="0.000999999999976353"/>
    <testcase classname="ds.glmPredict_smk_gaussian_without_newobj" name="simple_glmPredict_gaussian_without_newobj_se.fit_FALSE" time="0.000999999999976353"/>
    <testcase classname="ds.glmPredict_smk_gaussian_without_newobj" name="simple_glmPredict_gaussian_without_newobj_se.fit_FALSE" time="0.00199999999995271"/>
    <testcase classname="ds.glmPredict_smk_gaussian_without_newobj" name="simple_glmPredict_gaussian_without_newobj_se.fit_FALSE" time="0.00100000000020373"/>
    <testcase classname="ds.glmPredict_smk_gaussian_without_newobj" name="simple_glmPredict_gaussian_without_newobj_se.fit_FALSE" time="0.000999999999976353"/>
    <testcase classname="ds.glmPredict_smk_gaussian_without_newobj" name="simple_glmPredict_gaussian_without_newobj_se.fit_FALSE" time="0.00199999999995271"/>
    <testcase classname="ds.glmPredict_smk_gaussian_without_newobj" name="simple_glmPredict_gaussian_without_newobj_se.fit_FALSE" time="0.000999999999976353"/>
    <testcase classname="ds.glmPredict_smk_gaussian_without_newobj" name="simple_glmPredict_gaussian_without_newobj_se.fit_FALSE" time="0.000999999999976353"/>
    <testcase classname="ds.glmPredict_smk_gaussian_without_newobj" name="simple_glmPredict_gaussian_without_newobj_se.fit_FALSE" time="0.00199999999995271"/>
    <testcase classname="ds.glmPredict_smk_gaussian_without_newobj" name="simple_glmPredict_gaussian_without_newobj_se.fit_FALSE" time="0.000999999999976353"/>
    <testcase classname="ds.glmPredict_smk_gaussian_without_newobj" name="simple_glmPredict_gaussian_without_newobj_se.fit_FALSE" time="0.00100000000020373"/>
    <testcase classname="ds.glmPredict_smk_gaussian_without_newobj" name="simple_glmPredict_gaussian_without_newobj_se.fit_FALSE" time="0.00199999999995271"/>
    <testcase classname="ds.glmPredict_smk_gaussian_without_newobj" name="simple_glmPredict_gaussian_without_newobj_se.fit_FALSE" time="0.000999999999976353"/>
    <testcase classname="ds.glmPredict_smk_gaussian_without_newobj" name="simple_glmPredict_gaussian_without_newobj_se.fit_FALSE" time="0.00199999999995271"/>
    <testcase classname="ds.glmPredict_smk_gaussian_without_newobj" name="simple_glmPredict_gaussian_without_newobj_se.fit_FALSE" time="0.000999999999976353"/>
    <testcase classname="ds.glmPredict_smk_gaussian_without_newobj" name="simple_glmPredict_gaussian_without_newobj_se.fit_FALSE" time="0.000999999999976353"/>
    <testcase classname="ds.glmPredict_smk_gaussian_without_newobj" name="simple_glmPredict_gaussian_without_newobj_se.fit_FALSE" time="0.00199999999995271"/>
    <testcase classname="ds.glmPredict_smk_gaussian_without_newobj" name="simple_glmPredict_gaussian_without_newobj_se.fit_FALSE" time="0.00100000000020373"/>
    <testcase classname="ds.glmPredict_smk_gaussian_without_newobj" name="simple_glmPredict_gaussian_without_newobj_se.fit_FALSE" time="0.00199999999995271"/>
    <testcase classname="ds.glmPredict_smk_gaussian_without_newobj" name="simple_glmPredict_gaussian_without_newobj_se.fit_FALSE" time="0.000999999999976353"/>
    <testcase classname="ds.glmPredict_smk_gaussian_without_newobj" name="simple_glmPredict_gaussian_without_newobj_se.fit_FALSE" time="0.00199999999995271"/>
    <testcase classname="ds.glmPredict_smk_gaussian_without_newobj" name="simple_glmPredict_gaussian_without_newobj_se.fit_FALSE" time="0.000999999999976353"/>
    <testcase classname="ds.glmPredict_smk_gaussian_without_newobj" name="simple_glmPredict_gaussian_without_newobj_se.fit_FALSE" time="0.00199999999995271"/>
    <testcase classname="ds.glmPredict_smk_gaussian_without_newobj" name="simple_glmPredict_gaussian_without_newobj_se.fit_FALSE" time="0.000999999999976353"/>
    <testcase classname="ds.glmPredict_smk_gaussian_without_newobj" name="simple_glmPredict_gaussian_without_newobj_se.fit_FALSE" time="0.00200000000018008"/>
    <testcase classname="ds.glmPredict_smk_gaussian_without_newobj" name="simple_glmPredict_gaussian_without_newobj_se.fit_FALSE" time="0.000999999999976353"/>
    <testcase classname="ds.glmPredict_smk_gaussian_without_newobj" name="simple_glmPredict_gaussian_without_newobj_se.fit_FALSE" time="0.00199999999995271"/>
    <testcase classname="ds.glmPredict_smk_gaussian_without_newobj" name="simple_glmPredict_gaussian_without_newobj_se.fit_FALSE" time="0.00199999999995271"/>
    <testcase classname="ds.glmPredict_smk_gaussian_without_newobj" name="simple_glmPredict_gaussian_without_newobj_se.fit_FALSE" time="0.000999999999976353"/>
    <testcase classname="ds.glmPredict_smk_gaussian_without_newobj" name="simple_glmPredict_gaussian_without_newobj_se.fit_FALSE" time="0.00200000000018008"/>
    <testcase classname="ds.glmPredict_smk_gaussian_without_newobj" name="simple_glmPredict_gaussian_without_newobj_se.fit_FALSE" time="0.00199999999995271"/>
    <testcase classname="ds.glmPredict_smk_gaussian_without_newobj" name="simple_glmPredict_gaussian_without_newobj_se.fit_FALSE" time="0.000999999999976353"/>
    <testcase classname="ds.glmPredict_smk_gaussian_without_newobj" name="simple_glmPredict_gaussian_without_newobj_se.fit_FALSE" time="0.00199999999995271"/>
    <testcase classname="ds.glmPredict_smk_gaussian_without_newobj" name="simple_glmPredict_gaussian_without_newobj_se.fit_FALSE" time="0.00199999999995271"/>
    <testcase classname="ds.glmPredict_smk_gaussian_without_newobj" name="simple_glmPredict_gaussian_without_newobj_se.fit_FALSE" time="0.00199999999995271"/>
    <testcase classname="ds.glmPredict_smk_gaussian_without_newobj" name="simple_glmPredict_gaussian_without_newobj_se.fit_FALSE" time="0.00100000000020373"/>
    <testcase classname="ds.glmPredict_smk_gaussian_without_newobj" name="simple_glmPredict_gaussian_without_newobj_se.fit_FALSE" time="0.00199999999995271"/>
    <testcase classname="ds.glmPredict_smk_gaussian_without_newobj" name="simple_glmPredict_gaussian_without_newobj_se.fit_FALSE" time="0.00199999999995271"/>
    <testcase classname="ds.glmPredict_smk_gaussian_without_newobj" name="simple_glmPredict_gaussian_without_newobj_se.fit_FALSE" time="0.000999999999976353"/>
    <testcase classname="ds.glmPredict_smk_gaussian_without_newobj" name="simple_glmPredict_gaussian_without_newobj_se.fit_FALSE" time="0.00199999999995271"/>
    <testcase classname="ds.glmPredict_smk_gaussian_without_newobj" name="simple_glmPredict_gaussian_without_newobj_se.fit_FALSE" time="0.00200000000018008"/>
    <testcase classname="ds.glmPredict_smk_gaussian_without_newobj" name="simple_glmPredict_gaussian_without_newobj_se.fit_FALSE" time="0.00199999999995271"/>
    <testcase classname="ds.glmPredict_smk_gaussian_without_newobj" name="simple_glmPredict_gaussian_without_newobj_se.fit_FALSE" time="0.000999999999976353"/>
    <testcase classname="ds.glmPredict_smk_gaussian_without_newobj" name="simple_glmPredict_gaussian_without_newobj_se.fit_FALSE" time="0.00199999999995271"/>
    <testcase classname="ds.glmPredict_smk_gaussian_without_newobj" name="simple_glmPredict_gaussian_without_newobj_se.fit_FALSE" time="0.00199999999995271"/>
    <testcase classname="ds.glmPredict_smk_gaussian_without_newobj" name="simple_glmPredict_gaussian_without_newobj_se.fit_FALSE" time="0.00199999999995271"/>
    <testcase classname="ds.glmPredict_smk_gaussian_without_newobj" name="simple_glmPredict_gaussian_without_newobj_se.fit_FALSE" time="0.00200000000018008"/>
    <testcase classname="ds.glmPredict_smk_gaussian_without_newobj" name="simple_glmPredict_gaussian_without_newobj_se.fit_FALSE" time="0.00199999999995271"/>
    <testcase classname="ds.glmPredict_smk_gaussian_without_newobj" name="simple_glmPredict_gaussian_without_newobj_se.fit_FALSE" time="0.00199999999995271"/>
    <testcase classname="ds.glmPredict_smk_gaussian_without_newobj" name="simple_glmPredict_gaussian_without_newobj_se.fit_FALSE" time="0.00199999999995271"/>
    <testcase classname="ds.glmPredict_smk_gaussian_without_newobj" name="simple_glmPredict_gaussian_without_newobj_se.fit_FALSE" time="0.00199999999995271"/>
    <testcase classname="ds.glmPredict_smk_gaussian_without_newobj" name="simple_glmPredict_gaussian_without_newobj_se.fit_FALSE" time="0.00200000000018008"/>
    <testcase classname="ds.glmPredict_smk_gaussian_without_newobj" name="simple_glmPredict_gaussian_without_newobj_se.fit_FALSE" time="0.00199999999995271"/>
    <testcase classname="ds.glmPredict_smk_gaussian_without_newobj" name="simple_glmPredict_gaussian_without_newobj_se.fit_FALSE" time="0.00199999999995271"/>
    <testcase classname="ds.glmPredict_smk_gaussian_without_newobj" name="simple_glmPredict_gaussian_without_newobj_se.fit_FALSE" time="0.00199999999995271"/>
    <testcase classname="ds.glmPredict_smk_gaussian_without_newobj" name="simple_glmPredict_gaussian_without_newobj_se.fit_FALSE" time="0.00200000000018008"/>
    <testcase classname="ds.glmPredict_smk_gaussian_without_newobj" name="simple_glmPredict_gaussian_without_newobj_se.fit_FALSE" time="0.00299999999992906"/>
  </testsuite>
  <testsuite errors="0" failures="0" hostname="fv-az14" name="ds.glmPredict::smk::gaussian::with_newobj" skipped="0" tests="69" time="2.535" timestamp="2020-10-27T19:12:17Z">
    <testcase classname="ds.glmPredict_smk_gaussian_with_newobj" name="simple_glmPredict_gaussian_with_newobj_se.fit_FALSE" time="1.35099999999989"/>
    <testcase classname="ds.glmPredict_smk_gaussian_with_newobj" name="simple_glmPredict_gaussian_with_newobj_se.fit_FALSE" time="0.000999999999976353"/>
    <testcase classname="ds.glmPredict_smk_gaussian_with_newobj" name="simple_glmPredict_gaussian_with_newobj_se.fit_FALSE" time="0.00100000000020373"/>
    <testcase classname="ds.glmPredict_smk_gaussian_with_newobj" name="simple_glmPredict_gaussian_with_newobj_se.fit_FALSE" time="0.000999999999976353"/>
    <testcase classname="ds.glmPredict_smk_gaussian_with_newobj" name="simple_glmPredict_gaussian_with_newobj_se.fit_FALSE" time="1.07299999999987"/>
    <testcase classname="ds.glmPredict_smk_gaussian_with_newobj" name="simple_glmPredict_gaussian_with_newobj_se.fit_FALSE" time="0.00199999999995271"/>
    <testcase classname="ds.glmPredict_smk_gaussian_with_newobj" name="simple_glmPredict_gaussian_with_newobj_se.fit_FALSE" time="0.00100000000020373"/>
    <testcase classname="ds.glmPredict_smk_gaussian_with_newobj" name="simple_glmPredict_gaussian_with_newobj_se.fit_FALSE" time="0.000999999999976353"/>
    <testcase classname="ds.glmPredict_smk_gaussian_with_newobj" name="simple_glmPredict_gaussian_with_newobj_se.fit_FALSE" time="0.000999999999976353"/>
    <testcase classname="ds.glmPredict_smk_gaussian_with_newobj" name="simple_glmPredict_gaussian_with_newobj_se.fit_FALSE" time="0.000999999999976353"/>
    <testcase classname="ds.glmPredict_smk_gaussian_with_newobj" name="simple_glmPredict_gaussian_with_newobj_se.fit_FALSE" time="0.000999999999976353"/>
    <testcase classname="ds.glmPredict_smk_gaussian_with_newobj" name="simple_glmPredict_gaussian_with_newobj_se.fit_FALSE" time="0.00199999999995271"/>
    <testcase classname="ds.glmPredict_smk_gaussian_with_newobj" name="simple_glmPredict_gaussian_with_newobj_se.fit_FALSE" time="0.0080000000000382"/>
    <testcase classname="ds.glmPredict_smk_gaussian_with_newobj" name="simple_glmPredict_gaussian_with_newobj_se.fit_FALSE" time="0.000999999999976353"/>
    <testcase classname="ds.glmPredict_smk_gaussian_with_newobj" name="simple_glmPredict_gaussian_with_newobj_se.fit_FALSE" time="0.00199999999995271"/>
    <testcase classname="ds.glmPredict_smk_gaussian_with_newobj" name="simple_glmPredict_gaussian_with_newobj_se.fit_FALSE" time="0.000999999999976353"/>
    <testcase classname="ds.glmPredict_smk_gaussian_with_newobj" name="simple_glmPredict_gaussian_with_newobj_se.fit_FALSE" time="0.00100000000020373"/>
    <testcase classname="ds.glmPredict_smk_gaussian_with_newobj" name="simple_glmPredict_gaussian_with_newobj_se.fit_FALSE" time="0.00199999999995271"/>
    <testcase classname="ds.glmPredict_smk_gaussian_with_newobj" name="simple_glmPredict_gaussian_with_newobj_se.fit_FALSE" time="0.000999999999976353"/>
    <testcase classname="ds.glmPredict_smk_gaussian_with_newobj" name="simple_glmPredict_gaussian_with_newobj_se.fit_FALSE" time="0.000999999999976353"/>
    <testcase classname="ds.glmPredict_smk_gaussian_with_newobj" name="simple_glmPredict_gaussian_with_newobj_se.fit_FALSE" time="0.000999999999976353"/>
    <testcase classname="ds.glmPredict_smk_gaussian_with_newobj" name="simple_glmPredict_gaussian_with_newobj_se.fit_FALSE" time="0.00199999999995271"/>
    <testcase classname="ds.glmPredict_smk_gaussian_with_newobj" name="simple_glmPredict_gaussian_with_newobj_se.fit_FALSE" time="0.000999999999976353"/>
    <testcase classname="ds.glmPredict_smk_gaussian_with_newobj" name="simple_glmPredict_gaussian_with_newobj_se.fit_FALSE" time="0.00200000000018008"/>
    <testcase classname="ds.glmPredict_smk_gaussian_with_newobj" name="simple_glmPredict_gaussian_with_newobj_se.fit_FALSE" time="0.000999999999976353"/>
    <testcase classname="ds.glmPredict_smk_gaussian_with_newobj" name="simple_glmPredict_gaussian_with_newobj_se.fit_FALSE" time="0.000999999999976353"/>
    <testcase classname="ds.glmPredict_smk_gaussian_with_newobj" name="simple_glmPredict_gaussian_with_newobj_se.fit_FALSE" time="0.00199999999995271"/>
    <testcase classname="ds.glmPredict_smk_gaussian_with_newobj" name="simple_glmPredict_gaussian_with_newobj_se.fit_FALSE" time="0.000999999999976353"/>
    <testcase classname="ds.glmPredict_smk_gaussian_with_newobj" name="simple_glmPredict_gaussian_with_newobj_se.fit_FALSE" time="0.00199999999995271"/>
    <testcase classname="ds.glmPredict_smk_gaussian_with_newobj" name="simple_glmPredict_gaussian_with_newobj_se.fit_FALSE" time="0.000999999999976353"/>
    <testcase classname="ds.glmPredict_smk_gaussian_with_newobj" name="simple_glmPredict_gaussian_with_newobj_se.fit_FALSE" time="0.00200000000018008"/>
    <testcase classname="ds.glmPredict_smk_gaussian_with_newobj" name="simple_glmPredict_gaussian_with_newobj_se.fit_FALSE" time="0.000999999999976353"/>
    <testcase classname="ds.glmPredict_smk_gaussian_with_newobj" name="simple_glmPredict_gaussian_with_newobj_se.fit_FALSE" time="0.000999999999976353"/>
    <testcase classname="ds.glmPredict_smk_gaussian_with_newobj" name="simple_glmPredict_gaussian_with_newobj_se.fit_FALSE" time="0.00199999999995271"/>
    <testcase classname="ds.glmPredict_smk_gaussian_with_newobj" name="simple_glmPredict_gaussian_with_newobj_se.fit_FALSE" time="0.000999999999976353"/>
    <testcase classname="ds.glmPredict_smk_gaussian_with_newobj" name="simple_glmPredict_gaussian_with_newobj_se.fit_FALSE" time="0.00199999999995271"/>
    <testcase classname="ds.glmPredict_smk_gaussian_with_newobj" name="simple_glmPredict_gaussian_with_newobj_se.fit_FALSE" time="0.00200000000018008"/>
    <testcase classname="ds.glmPredict_smk_gaussian_with_newobj" name="simple_glmPredict_gaussian_with_newobj_se.fit_FALSE" time="0.000999999999976353"/>
    <testcase classname="ds.glmPredict_smk_gaussian_with_newobj" name="simple_glmPredict_gaussian_with_newobj_se.fit_FALSE" time="0.00199999999995271"/>
    <testcase classname="ds.glmPredict_smk_gaussian_with_newobj" name="simple_glmPredict_gaussian_with_newobj_se.fit_FALSE" time="0.000999999999976353"/>
    <testcase classname="ds.glmPredict_smk_gaussian_with_newobj" name="simple_glmPredict_gaussian_with_newobj_se.fit_FALSE" time="0.00199999999995271"/>
    <testcase classname="ds.glmPredict_smk_gaussian_with_newobj" name="simple_glmPredict_gaussian_with_newobj_se.fit_FALSE" time="0.00199999999995271"/>
    <testcase classname="ds.glmPredict_smk_gaussian_with_newobj" name="simple_glmPredict_gaussian_with_newobj_se.fit_FALSE" time="0.000999999999976353"/>
    <testcase classname="ds.glmPredict_smk_gaussian_with_newobj" name="simple_glmPredict_gaussian_with_newobj_se.fit_FALSE" time="0.00200000000018008"/>
    <testcase classname="ds.glmPredict_smk_gaussian_with_newobj" name="simple_glmPredict_gaussian_with_newobj_se.fit_FALSE" time="0.00199999999995271"/>
    <testcase classname="ds.glmPredict_smk_gaussian_with_newobj" name="simple_glmPredict_gaussian_with_newobj_se.fit_FALSE" time="0.000999999999976353"/>
    <testcase classname="ds.glmPredict_smk_gaussian_with_newobj" name="simple_glmPredict_gaussian_with_newobj_se.fit_FALSE" time="0.00199999999995271"/>
    <testcase classname="ds.glmPredict_smk_gaussian_with_newobj" name="simple_glmPredict_gaussian_with_newobj_se.fit_FALSE" time="0.00199999999995271"/>
    <testcase classname="ds.glmPredict_smk_gaussian_with_newobj" name="simple_glmPredict_gaussian_with_newobj_se.fit_FALSE" time="0.00100000000020373"/>
    <testcase classname="ds.glmPredict_smk_gaussian_with_newobj" name="simple_glmPredict_gaussian_with_newobj_se.fit_FALSE" time="0.00199999999995271"/>
    <testcase classname="ds.glmPredict_smk_gaussian_with_newobj" name="simple_glmPredict_gaussian_with_newobj_se.fit_FALSE" time="0.00199999999995271"/>
    <testcase classname="ds.glmPredict_smk_gaussian_with_newobj" name="simple_glmPredict_gaussian_with_newobj_se.fit_FALSE" time="0.000999999999976353"/>
    <testcase classname="ds.glmPredict_smk_gaussian_with_newobj" name="simple_glmPredict_gaussian_with_newobj_se.fit_FALSE" time="0.00199999999995271"/>
    <testcase classname="ds.glmPredict_smk_gaussian_with_newobj" name="simple_glmPredict_gaussian_with_newobj_se.fit_FALSE" time="0.00199999999995271"/>
    <testcase classname="ds.glmPredict_smk_gaussian_with_newobj" name="simple_glmPredict_gaussian_with_newobj_se.fit_FALSE" time="0.00200000000018008"/>
    <testcase classname="ds.glmPredict_smk_gaussian_with_newobj" name="simple_glmPredict_gaussian_with_newobj_se.fit_FALSE" time="0.00199999999995271"/>
    <testcase classname="ds.glmPredict_smk_gaussian_with_newobj" name="simple_glmPredict_gaussian_with_newobj_se.fit_FALSE" time="0.000999999999976353"/>
    <testcase classname="ds.glmPredict_smk_gaussian_with_newobj" name="simple_glmPredict_gaussian_with_newobj_se.fit_FALSE" time="0.00199999999995271"/>
    <testcase classname="ds.glmPredict_smk_gaussian_with_newobj" name="simple_glmPredict_gaussian_with_newobj_se.fit_FALSE" time="0.00199999999995271"/>
    <testcase classname="ds.glmPredict_smk_gaussian_with_newobj" name="simple_glmPredict_gaussian_with_newobj_se.fit_FALSE" time="0.00200000000018008"/>
    <testcase classname="ds.glmPredict_smk_gaussian_with_newobj" name="simple_glmPredict_gaussian_with_newobj_se.fit_FALSE" time="0.00199999999995271"/>
    <testcase classname="ds.glmPredict_smk_gaussian_with_newobj" name="simple_glmPredict_gaussian_with_newobj_se.fit_FALSE" time="0.00199999999995271"/>
    <testcase classname="ds.glmPredict_smk_gaussian_with_newobj" name="simple_glmPredict_gaussian_with_newobj_se.fit_FALSE" time="0.00199999999995271"/>
    <testcase classname="ds.glmPredict_smk_gaussian_with_newobj" name="simple_glmPredict_gaussian_with_newobj_se.fit_FALSE" time="0.00199999999995271"/>
    <testcase classname="ds.glmPredict_smk_gaussian_with_newobj" name="simple_glmPredict_gaussian_with_newobj_se.fit_FALSE" time="0.00200000000018008"/>
    <testcase classname="ds.glmPredict_smk_gaussian_with_newobj" name="simple_glmPredict_gaussian_with_newobj_se.fit_FALSE" time="0.00199999999995271"/>
    <testcase classname="ds.glmPredict_smk_gaussian_with_newobj" name="simple_glmPredict_gaussian_with_newobj_se.fit_FALSE" time="0.00199999999995271"/>
    <testcase classname="ds.glmPredict_smk_gaussian_with_newobj" name="simple_glmPredict_gaussian_with_newobj_se.fit_FALSE" time="0.00199999999995271"/>
    <testcase classname="ds.glmPredict_smk_gaussian_with_newobj" name="simple_glmPredict_gaussian_with_newobj_se.fit_FALSE" time="0.00199999999995271"/>
  </testsuite>
  <testsuite errors="0" failures="0" hostname="fv-az14" name="ds.glmPredict::smk::gaussian::sefit_true" skipped="0" tests="114" time="2.611" timestamp="2020-10-27T19:12:19Z">
    <testcase classname="ds.glmPredict_smk_gaussian_sefit_true" name="simple_glmPredict_gaussian_with_newobj_se.fit_TRUE" time="1.34700000000021"/>
    <testcase classname="ds.glmPredict_smk_gaussian_sefit_true" name="simple_glmPredict_gaussian_with_newobj_se.fit_TRUE" time="0.000999999999976353"/>
    <testcase classname="ds.glmPredict_smk_gaussian_sefit_true" name="simple_glmPredict_gaussian_with_newobj_se.fit_TRUE" time="0.000999999999976353"/>
    <testcase classname="ds.glmPredict_smk_gaussian_sefit_true" name="simple_glmPredict_gaussian_with_newobj_se.fit_TRUE" time="0.000999999999976353"/>
    <testcase classname="ds.glmPredict_smk_gaussian_sefit_true" name="simple_glmPredict_gaussian_with_newobj_se.fit_TRUE" time="1.04500000000007"/>
    <testcase classname="ds.glmPredict_smk_gaussian_sefit_true" name="simple_glmPredict_gaussian_with_newobj_se.fit_TRUE" time="0.000999999999976353"/>
    <testcase classname="ds.glmPredict_smk_gaussian_sefit_true" name="simple_glmPredict_gaussian_with_newobj_se.fit_TRUE" time="0.00199999999995271"/>
    <testcase classname="ds.glmPredict_smk_gaussian_sefit_true" name="simple_glmPredict_gaussian_with_newobj_se.fit_TRUE" time="0.000999999999976353"/>
    <testcase classname="ds.glmPredict_smk_gaussian_sefit_true" name="simple_glmPredict_gaussian_with_newobj_se.fit_TRUE" time="0.000999999999976353"/>
    <testcase classname="ds.glmPredict_smk_gaussian_sefit_true" name="simple_glmPredict_gaussian_with_newobj_se.fit_TRUE" time="0.000999999999976353"/>
    <testcase classname="ds.glmPredict_smk_gaussian_sefit_true" name="simple_glmPredict_gaussian_with_newobj_se.fit_TRUE" time="0.000999999999976353"/>
    <testcase classname="ds.glmPredict_smk_gaussian_sefit_true" name="simple_glmPredict_gaussian_with_newobj_se.fit_TRUE" time="0.000999999999976353"/>
    <testcase classname="ds.glmPredict_smk_gaussian_sefit_true" name="simple_glmPredict_gaussian_with_newobj_se.fit_TRUE" time="0.000999999999976353"/>
    <testcase classname="ds.glmPredict_smk_gaussian_sefit_true" name="simple_glmPredict_gaussian_with_newobj_se.fit_TRUE" time="0.00200000000018008"/>
    <testcase classname="ds.glmPredict_smk_gaussian_sefit_true" name="simple_glmPredict_gaussian_with_newobj_se.fit_TRUE" time="0.000999999999976353"/>
    <testcase classname="ds.glmPredict_smk_gaussian_sefit_true" name="simple_glmPredict_gaussian_with_newobj_se.fit_TRUE" time="0.000999999999976353"/>
    <testcase classname="ds.glmPredict_smk_gaussian_sefit_true" name="simple_glmPredict_gaussian_with_newobj_se.fit_TRUE" time="0.000999999999976353"/>
    <testcase classname="ds.glmPredict_smk_gaussian_sefit_true" name="simple_glmPredict_gaussian_with_newobj_se.fit_TRUE" time="0.00199999999995271"/>
    <testcase classname="ds.glmPredict_smk_gaussian_sefit_true" name="simple_glmPredict_gaussian_with_newobj_se.fit_TRUE" time="0.000999999999976353"/>
    <testcase classname="ds.glmPredict_smk_gaussian_sefit_true" name="simple_glmPredict_gaussian_with_newobj_se.fit_TRUE" time="0.000999999999976353"/>
    <testcase classname="ds.glmPredict_smk_gaussian_sefit_true" name="simple_glmPredict_gaussian_with_newobj_se.fit_TRUE" time="0.00200000000018008"/>
    <testcase classname="ds.glmPredict_smk_gaussian_sefit_true" name="simple_glmPredict_gaussian_with_newobj_se.fit_TRUE" time="0.000999999999976353"/>
    <testcase classname="ds.glmPredict_smk_gaussian_sefit_true" name="simple_glmPredict_gaussian_with_newobj_se.fit_TRUE" time="0.000999999999976353"/>
    <testcase classname="ds.glmPredict_smk_gaussian_sefit_true" name="simple_glmPredict_gaussian_with_newobj_se.fit_TRUE" time="0.00199999999995271"/>
    <testcase classname="ds.glmPredict_smk_gaussian_sefit_true" name="simple_glmPredict_gaussian_with_newobj_se.fit_TRUE" time="0.000999999999976353"/>
    <testcase classname="ds.glmPredict_smk_gaussian_sefit_true" name="simple_glmPredict_gaussian_with_newobj_se.fit_TRUE" time="0.00199999999995271"/>
    <testcase classname="ds.glmPredict_smk_gaussian_sefit_true" name="simple_glmPredict_gaussian_with_newobj_se.fit_TRUE" time="0.000999999999976353"/>
    <testcase classname="ds.glmPredict_smk_gaussian_sefit_true" name="simple_glmPredict_gaussian_with_newobj_se.fit_TRUE" time="0.00100000000020373"/>
    <testcase classname="ds.glmPredict_smk_gaussian_sefit_true" name="simple_glmPredict_gaussian_with_newobj_se.fit_TRUE" time="0.00199999999995271"/>
    <testcase classname="ds.glmPredict_smk_gaussian_sefit_true" name="simple_glmPredict_gaussian_with_newobj_se.fit_TRUE" time="0.000999999999976353"/>
    <testcase classname="ds.glmPredict_smk_gaussian_sefit_true" name="simple_glmPredict_gaussian_with_newobj_se.fit_TRUE" time="0.00199999999995271"/>
    <testcase classname="ds.glmPredict_smk_gaussian_sefit_true" name="simple_glmPredict_gaussian_with_newobj_se.fit_TRUE" time="0.00199999999995271"/>
    <testcase classname="ds.glmPredict_smk_gaussian_sefit_true" name="simple_glmPredict_gaussian_with_newobj_se.fit_TRUE" time="0.000999999999976353"/>
    <testcase classname="ds.glmPredict_smk_gaussian_sefit_true" name="simple_glmPredict_gaussian_with_newobj_se.fit_TRUE" time="0.00200000000018008"/>
    <testcase classname="ds.glmPredict_smk_gaussian_sefit_true" name="simple_glmPredict_gaussian_with_newobj_se.fit_TRUE" time="0.000999999999976353"/>
    <testcase classname="ds.glmPredict_smk_gaussian_sefit_true" name="simple_glmPredict_gaussian_with_newobj_se.fit_TRUE" time="0.00199999999995271"/>
    <testcase classname="ds.glmPredict_smk_gaussian_sefit_true" name="simple_glmPredict_gaussian_with_newobj_se.fit_TRUE" time="0.000999999999976353"/>
    <testcase classname="ds.glmPredict_smk_gaussian_sefit_true" name="simple_glmPredict_gaussian_with_newobj_se.fit_TRUE" time="0.00199999999995271"/>
    <testcase classname="ds.glmPredict_smk_gaussian_sefit_true" name="simple_glmPredict_gaussian_with_newobj_se.fit_TRUE" time="0.00199999999995271"/>
    <testcase classname="ds.glmPredict_smk_gaussian_sefit_true" name="simple_glmPredict_gaussian_with_newobj_se.fit_TRUE" time="0.00100000000020373"/>
    <testcase classname="ds.glmPredict_smk_gaussian_sefit_true" name="simple_glmPredict_gaussian_with_newobj_se.fit_TRUE" time="0.00199999999995271"/>
    <testcase classname="ds.glmPredict_smk_gaussian_sefit_true" name="simple_glmPredict_gaussian_with_newobj_se.fit_TRUE" time="0.00199999999995271"/>
    <testcase classname="ds.glmPredict_smk_gaussian_sefit_true" name="simple_glmPredict_gaussian_with_newobj_se.fit_TRUE" time="0.000999999999976353"/>
    <testcase classname="ds.glmPredict_smk_gaussian_sefit_true" name="simple_glmPredict_gaussian_with_newobj_se.fit_TRUE" time="0.00199999999995271"/>
    <testcase classname="ds.glmPredict_smk_gaussian_sefit_true" name="simple_glmPredict_gaussian_with_newobj_se.fit_TRUE" time="0.000999999999976353"/>
    <testcase classname="ds.glmPredict_smk_gaussian_sefit_true" name="simple_glmPredict_gaussian_with_newobj_se.fit_TRUE" time="0.00200000000018008"/>
    <testcase classname="ds.glmPredict_smk_gaussian_sefit_true" name="simple_glmPredict_gaussian_with_newobj_se.fit_TRUE" time="0.00199999999995271"/>
    <testcase classname="ds.glmPredict_smk_gaussian_sefit_true" name="simple_glmPredict_gaussian_with_newobj_se.fit_TRUE" time="0.000999999999976353"/>
    <testcase classname="ds.glmPredict_smk_gaussian_sefit_true" name="simple_glmPredict_gaussian_with_newobj_se.fit_TRUE" time="0.00199999999995271"/>
    <testcase classname="ds.glmPredict_smk_gaussian_sefit_true" name="simple_glmPredict_gaussian_with_newobj_se.fit_TRUE" time="0.00199999999995271"/>
    <testcase classname="ds.glmPredict_smk_gaussian_sefit_true" name="simple_glmPredict_gaussian_with_newobj_se.fit_TRUE" time="0.00200000000018008"/>
    <testcase classname="ds.glmPredict_smk_gaussian_sefit_true" name="simple_glmPredict_gaussian_with_newobj_se.fit_TRUE" time="0.000999999999976353"/>
    <testcase classname="ds.glmPredict_smk_gaussian_sefit_true" name="simple_glmPredict_gaussian_with_newobj_se.fit_TRUE" time="0.00199999999995271"/>
    <testcase classname="ds.glmPredict_smk_gaussian_sefit_true" name="simple_glmPredict_gaussian_with_newobj_se.fit_TRUE" time="0.00199999999995271"/>
    <testcase classname="ds.glmPredict_smk_gaussian_sefit_true" name="simple_glmPredict_gaussian_with_newobj_se.fit_TRUE" time="0.00199999999995271"/>
    <testcase classname="ds.glmPredict_smk_gaussian_sefit_true" name="simple_glmPredict_gaussian_with_newobj_se.fit_TRUE" time="0.00199999999995271"/>
    <testcase classname="ds.glmPredict_smk_gaussian_sefit_true" name="simple_glmPredict_gaussian_with_newobj_se.fit_TRUE" time="0.00200000000018008"/>
    <testcase classname="ds.glmPredict_smk_gaussian_sefit_true" name="simple_glmPredict_gaussian_with_newobj_se.fit_TRUE" time="0.000999999999976353"/>
    <testcase classname="ds.glmPredict_smk_gaussian_sefit_true" name="simple_glmPredict_gaussian_with_newobj_se.fit_TRUE" time="0.00199999999995271"/>
    <testcase classname="ds.glmPredict_smk_gaussian_sefit_true" name="simple_glmPredict_gaussian_with_newobj_se.fit_TRUE" time="0.00199999999995271"/>
    <testcase classname="ds.glmPredict_smk_gaussian_sefit_true" name="simple_glmPredict_gaussian_with_newobj_se.fit_TRUE" time="0.00199999999995271"/>
    <testcase classname="ds.glmPredict_smk_gaussian_sefit_true" name="simple_glmPredict_gaussian_with_newobj_se.fit_TRUE" time="0.00200000000018008"/>
    <testcase classname="ds.glmPredict_smk_gaussian_sefit_true" name="simple_glmPredict_gaussian_with_newobj_se.fit_TRUE" time="0.00299999999992906"/>
    <testcase classname="ds.glmPredict_smk_gaussian_sefit_true" name="simple_glmPredict_gaussian_with_newobj_se.fit_TRUE" time="0.00199999999995271"/>
    <testcase classname="ds.glmPredict_smk_gaussian_sefit_true" name="simple_glmPredict_gaussian_with_newobj_se.fit_TRUE" time="0.00199999999995271"/>
    <testcase classname="ds.glmPredict_smk_gaussian_sefit_true" name="simple_glmPredict_gaussian_with_newobj_se.fit_TRUE" time="0.00200000000018008"/>
    <testcase classname="ds.glmPredict_smk_gaussian_sefit_true" name="simple_glmPredict_gaussian_with_newobj_se.fit_TRUE" time="0.00199999999995271"/>
    <testcase classname="ds.glmPredict_smk_gaussian_sefit_true" name="simple_glmPredict_gaussian_with_newobj_se.fit_TRUE" time="0.00199999999995271"/>
    <testcase classname="ds.glmPredict_smk_gaussian_sefit_true" name="simple_glmPredict_gaussian_with_newobj_se.fit_TRUE" time="0.00199999999995271"/>
    <testcase classname="ds.glmPredict_smk_gaussian_sefit_true" name="simple_glmPredict_gaussian_with_newobj_se.fit_TRUE" time="0.00199999999995271"/>
    <testcase classname="ds.glmPredict_smk_gaussian_sefit_true" name="simple_glmPredict_gaussian_with_newobj_se.fit_TRUE" time="0.00200000000018008"/>
    <testcase classname="ds.glmPredict_smk_gaussian_sefit_true" name="simple_glmPredict_gaussian_with_newobj_se.fit_TRUE" time="0.00199999999995271"/>
    <testcase classname="ds.glmPredict_smk_gaussian_sefit_true" name="simple_glmPredict_gaussian_with_newobj_se.fit_TRUE" time="0.00299999999992906"/>
    <testcase classname="ds.glmPredict_smk_gaussian_sefit_true" name="simple_glmPredict_gaussian_with_newobj_se.fit_TRUE" time="0.00199999999995271"/>
    <testcase classname="ds.glmPredict_smk_gaussian_sefit_true" name="simple_glmPredict_gaussian_with_newobj_se.fit_TRUE" time="0.00200000000018008"/>
    <testcase classname="ds.glmPredict_smk_gaussian_sefit_true" name="simple_glmPredict_gaussian_with_newobj_se.fit_TRUE" time="0.00199999999995271"/>
    <testcase classname="ds.glmPredict_smk_gaussian_sefit_true" name="simple_glmPredict_gaussian_with_newobj_se.fit_TRUE" time="0.00299999999992906"/>
    <testcase classname="ds.glmPredict_smk_gaussian_sefit_true" name="simple_glmPredict_gaussian_with_newobj_se.fit_TRUE" time="0.00199999999995271"/>
    <testcase classname="ds.glmPredict_smk_gaussian_sefit_true" name="simple_glmPredict_gaussian_with_newobj_se.fit_TRUE" time="0.00199999999995271"/>
    <testcase classname="ds.glmPredict_smk_gaussian_sefit_true" name="simple_glmPredict_gaussian_with_newobj_se.fit_TRUE" time="0.00200000000018008"/>
    <testcase classname="ds.glmPredict_smk_gaussian_sefit_true" name="simple_glmPredict_gaussian_with_newobj_se.fit_TRUE" time="0.00900000000001455"/>
    <testcase classname="ds.glmPredict_smk_gaussian_sefit_true" name="simple_glmPredict_gaussian_with_newobj_se.fit_TRUE" time="0.00199999999995271"/>
    <testcase classname="ds.glmPredict_smk_gaussian_sefit_true" name="simple_glmPredict_gaussian_with_newobj_se.fit_TRUE" time="0.00299999999992906"/>
    <testcase classname="ds.glmPredict_smk_gaussian_sefit_true" name="simple_glmPredict_gaussian_with_newobj_se.fit_TRUE" time="0.00199999999995271"/>
    <testcase classname="ds.glmPredict_smk_gaussian_sefit_true" name="simple_glmPredict_gaussian_with_newobj_se.fit_TRUE" time="0.00200000000018008"/>
    <testcase classname="ds.glmPredict_smk_gaussian_sefit_true" name="simple_glmPredict_gaussian_with_newobj_se.fit_TRUE" time="0.00199999999995271"/>
    <testcase classname="ds.glmPredict_smk_gaussian_sefit_true" name="simple_glmPredict_gaussian_with_newobj_se.fit_TRUE" time="0.00199999999995271"/>
    <testcase classname="ds.glmPredict_smk_gaussian_sefit_true" name="simple_glmPredict_gaussian_with_newobj_se.fit_TRUE" time="0.00299999999992906"/>
    <testcase classname="ds.glmPredict_smk_gaussian_sefit_true" name="simple_glmPredict_gaussian_with_newobj_se.fit_TRUE" time="0.00199999999995271"/>
    <testcase classname="ds.glmPredict_smk_gaussian_sefit_true" name="simple_glmPredict_gaussian_with_newobj_se.fit_TRUE" time="0.00200000000018008"/>
    <testcase classname="ds.glmPredict_smk_gaussian_sefit_true" name="simple_glmPredict_gaussian_with_newobj_se.fit_TRUE" time="0.00299999999992906"/>
    <testcase classname="ds.glmPredict_smk_gaussian_sefit_true" name="simple_glmPredict_gaussian_with_newobj_se.fit_TRUE" time="0.00199999999995271"/>
    <testcase classname="ds.glmPredict_smk_gaussian_sefit_true" name="simple_glmPredict_gaussian_with_newobj_se.fit_TRUE" time="0.00199999999995271"/>
    <testcase classname="ds.glmPredict_smk_gaussian_sefit_true" name="simple_glmPredict_gaussian_with_newobj_se.fit_TRUE" time="0.00300000000015643"/>
    <testcase classname="ds.glmPredict_smk_gaussian_sefit_true" name="simple_glmPredict_gaussian_with_newobj_se.fit_TRUE" time="0.00199999999995271"/>
    <testcase classname="ds.glmPredict_smk_gaussian_sefit_true" name="simple_glmPredict_gaussian_with_newobj_se.fit_TRUE" time="0.00299999999992906"/>
    <testcase classname="ds.glmPredict_smk_gaussian_sefit_true" name="simple_glmPredict_gaussian_with_newobj_se.fit_TRUE" time="0.00199999999995271"/>
    <testcase classname="ds.glmPredict_smk_gaussian_sefit_true" name="simple_glmPredict_gaussian_with_newobj_se.fit_TRUE" time="0.00200000000018008"/>
    <testcase classname="ds.glmPredict_smk_gaussian_sefit_true" name="simple_glmPredict_gaussian_with_newobj_se.fit_TRUE" time="0.00299999999992906"/>
    <testcase classname="ds.glmPredict_smk_gaussian_sefit_true" name="simple_glmPredict_gaussian_with_newobj_se.fit_TRUE" time="0.00199999999995271"/>
    <testcase classname="ds.glmPredict_smk_gaussian_sefit_true" name="simple_glmPredict_gaussian_with_newobj_se.fit_TRUE" time="0.00299999999992906"/>
    <testcase classname="ds.glmPredict_smk_gaussian_sefit_true" name="simple_glmPredict_gaussian_with_newobj_se.fit_TRUE" time="0.00200000000018008"/>
    <testcase classname="ds.glmPredict_smk_gaussian_sefit_true" name="simple_glmPredict_gaussian_with_newobj_se.fit_TRUE" time="0.00299999999992906"/>
    <testcase classname="ds.glmPredict_smk_gaussian_sefit_true" name="simple_glmPredict_gaussian_with_newobj_se.fit_TRUE" time="0.00199999999995271"/>
    <testcase classname="ds.glmPredict_smk_gaussian_sefit_true" name="simple_glmPredict_gaussian_with_newobj_se.fit_TRUE" time="0.00300000000015643"/>
    <testcase classname="ds.glmPredict_smk_gaussian_sefit_true" name="simple_glmPredict_gaussian_with_newobj_se.fit_TRUE" time="0.00199999999995271"/>
    <testcase classname="ds.glmPredict_smk_gaussian_sefit_true" name="simple_glmPredict_gaussian_with_newobj_se.fit_TRUE" time="0.00299999999992906"/>
    <testcase classname="ds.glmPredict_smk_gaussian_sefit_true" name="simple_glmPredict_gaussian_with_newobj_se.fit_TRUE" time="0.00299999999992906"/>
    <testcase classname="ds.glmPredict_smk_gaussian_sefit_true" name="simple_glmPredict_gaussian_with_newobj_se.fit_TRUE" time="0.00200000000018008"/>
    <testcase classname="ds.glmPredict_smk_gaussian_sefit_true" name="simple_glmPredict_gaussian_with_newobj_se.fit_TRUE" time="0.00299999999992906"/>
    <testcase classname="ds.glmPredict_smk_gaussian_sefit_true" name="simple_glmPredict_gaussian_with_newobj_se.fit_TRUE" time="0.00299999999992906"/>
    <testcase classname="ds.glmPredict_smk_gaussian_sefit_true" name="simple_glmPredict_gaussian_with_newobj_se.fit_TRUE" time="0.00199999999995271"/>
    <testcase classname="ds.glmPredict_smk_gaussian_sefit_true" name="simple_glmPredict_gaussian_with_newobj_se.fit_TRUE" time="0.00300000000015643"/>
    <testcase classname="ds.glmPredict_smk_gaussian_sefit_true" name="simple_glmPredict_gaussian_with_newobj_se.fit_TRUE" time="0.00299999999992906"/>
  </testsuite>
  <testsuite errors="0" failures="0" hostname="fv-az14" name="ds.glmPredict::smk::gaussian::shutdown" skipped="0" tests="3" time="0.271" timestamp="2020-10-27T19:12:22Z">
    <testcase classname="ds.glmPredict_smk_gaussian_shutdown" name="shutdown" time="0.269000000000005"/>
    <testcase classname="ds.glmPredict_smk_gaussian_shutdown" name="shutdown" time="0.000999999999976353"/>
    <testcase classname="ds.glmPredict_smk_gaussian_shutdown" name="shutdown" time="0.000999999999976353"/>
  </testsuite>
  <testsuite errors="0" failures="0" hostname="fv-az14" name="ds.glmPredict::smk::gaussian::done" skipped="0" tests="0" time="0" timestamp="2020-10-27T19:12:23Z"/>
  <testsuite errors="0" failures="0" hostname="fv-az14" name="ds.glmPredict::smk::poisson::setup" skipped="0" tests="3" time="5.087" timestamp="2020-10-27T19:12:23Z">
    <testcase classname="ds.glmPredict_smk_poisson_setup" name="setup" time="5.08500000000004"/>
    <testcase classname="ds.glmPredict_smk_poisson_setup" name="setup" time="0.000999999999976353"/>
    <testcase classname="ds.glmPredict_smk_poisson_setup" name="setup" time="0.000999999999976353"/>
  </testsuite>
  <testsuite errors="0" failures="0" hostname="fv-az14" name="ds.glmPredict::smk::poisson::without_newobj" skipped="0" tests="69" time="2.816" timestamp="2020-10-27T19:12:27Z">
    <testcase classname="ds.glmPredict_smk_poisson_without_newobj" name="simple_glmPredict_poisson_without_newobj_se.fit_FALSE" time="1.67600000000016"/>
    <testcase classname="ds.glmPredict_smk_poisson_without_newobj" name="simple_glmPredict_poisson_without_newobj_se.fit_FALSE" time="0.00199999999995271"/>
    <testcase classname="ds.glmPredict_smk_poisson_without_newobj" name="simple_glmPredict_poisson_without_newobj_se.fit_FALSE" time="0.000999999999976353"/>
    <testcase classname="ds.glmPredict_smk_poisson_without_newobj" name="simple_glmPredict_poisson_without_newobj_se.fit_FALSE" time="0.000999999999976353"/>
    <testcase classname="ds.glmPredict_smk_poisson_without_newobj" name="simple_glmPredict_poisson_without_newobj_se.fit_FALSE" time="1.03600000000006"/>
    <testcase classname="ds.glmPredict_smk_poisson_without_newobj" name="simple_glmPredict_poisson_without_newobj_se.fit_FALSE" time="0.00199999999995271"/>
    <testcase classname="ds.glmPredict_smk_poisson_without_newobj" name="simple_glmPredict_poisson_without_newobj_se.fit_FALSE" time="0.000999999999976353"/>
    <testcase classname="ds.glmPredict_smk_poisson_without_newobj" name="simple_glmPredict_poisson_without_newobj_se.fit_FALSE" time="0.000999999999976353"/>
    <testcase classname="ds.glmPredict_smk_poisson_without_newobj" name="simple_glmPredict_poisson_without_newobj_se.fit_FALSE" time="0.000999999999976353"/>
    <testcase classname="ds.glmPredict_smk_poisson_without_newobj" name="simple_glmPredict_poisson_without_newobj_se.fit_FALSE" time="0.000999999999976353"/>
    <testcase classname="ds.glmPredict_smk_poisson_without_newobj" name="simple_glmPredict_poisson_without_newobj_se.fit_FALSE" time="0.000999999999976353"/>
    <testcase classname="ds.glmPredict_smk_poisson_without_newobj" name="simple_glmPredict_poisson_without_newobj_se.fit_FALSE" time="0.00100000000020373"/>
    <testcase classname="ds.glmPredict_smk_poisson_without_newobj" name="simple_glmPredict_poisson_without_newobj_se.fit_FALSE" time="0.000999999999976353"/>
    <testcase classname="ds.glmPredict_smk_poisson_without_newobj" name="simple_glmPredict_poisson_without_newobj_se.fit_FALSE" time="0.00199999999995271"/>
    <testcase classname="ds.glmPredict_smk_poisson_without_newobj" name="simple_glmPredict_poisson_without_newobj_se.fit_FALSE" time="0.000999999999976353"/>
    <testcase classname="ds.glmPredict_smk_poisson_without_newobj" name="simple_glmPredict_poisson_without_newobj_se.fit_FALSE" time="0.000999999999976353"/>
    <testcase classname="ds.glmPredict_smk_poisson_without_newobj" name="simple_glmPredict_poisson_without_newobj_se.fit_FALSE" time="0.00199999999995271"/>
    <testcase classname="ds.glmPredict_smk_poisson_without_newobj" name="simple_glmPredict_poisson_without_newobj_se.fit_FALSE" time="0.000999999999976353"/>
    <testcase classname="ds.glmPredict_smk_poisson_without_newobj" name="simple_glmPredict_poisson_without_newobj_se.fit_FALSE" time="0.000999999999976353"/>
    <testcase classname="ds.glmPredict_smk_poisson_without_newobj" name="simple_glmPredict_poisson_without_newobj_se.fit_FALSE" time="0.00100000000020373"/>
    <testcase classname="ds.glmPredict_smk_poisson_without_newobj" name="simple_glmPredict_poisson_without_newobj_se.fit_FALSE" time="0.00199999999995271"/>
    <testcase classname="ds.glmPredict_smk_poisson_without_newobj" name="simple_glmPredict_poisson_without_newobj_se.fit_FALSE" time="0.000999999999976353"/>
    <testcase classname="ds.glmPredict_smk_poisson_without_newobj" name="simple_glmPredict_poisson_without_newobj_se.fit_FALSE" time="0.00199999999995271"/>
    <testcase classname="ds.glmPredict_smk_poisson_without_newobj" name="simple_glmPredict_poisson_without_newobj_se.fit_FALSE" time="0.000999999999976353"/>
    <testcase classname="ds.glmPredict_smk_poisson_without_newobj" name="simple_glmPredict_poisson_without_newobj_se.fit_FALSE" time="0.000999999999976353"/>
    <testcase classname="ds.glmPredict_smk_poisson_without_newobj" name="simple_glmPredict_poisson_without_newobj_se.fit_FALSE" time="0.00100000000020373"/>
    <testcase classname="ds.glmPredict_smk_poisson_without_newobj" name="simple_glmPredict_poisson_without_newobj_se.fit_FALSE" time="0.000999999999976353"/>
    <testcase classname="ds.glmPredict_smk_poisson_without_newobj" name="simple_glmPredict_poisson_without_newobj_se.fit_FALSE" time="0.00199999999995271"/>
    <testcase classname="ds.glmPredict_smk_poisson_without_newobj" name="simple_glmPredict_poisson_without_newobj_se.fit_FALSE" time="0.000999999999976353"/>
    <testcase classname="ds.glmPredict_smk_poisson_without_newobj" name="simple_glmPredict_poisson_without_newobj_se.fit_FALSE" time="0.00199999999995271"/>
    <testcase classname="ds.glmPredict_smk_poisson_without_newobj" name="simple_glmPredict_poisson_without_newobj_se.fit_FALSE" time="0.000999999999976353"/>
    <testcase classname="ds.glmPredict_smk_poisson_without_newobj" name="simple_glmPredict_poisson_without_newobj_se.fit_FALSE" time="0.000999999999976353"/>
    <testcase classname="ds.glmPredict_smk_poisson_without_newobj" name="simple_glmPredict_poisson_without_newobj_se.fit_FALSE" time="0.00200000000018008"/>
    <testcase classname="ds.glmPredict_smk_poisson_without_newobj" name="simple_glmPredict_poisson_without_newobj_se.fit_FALSE" time="0.000999999999976353"/>
    <testcase classname="ds.glmPredict_smk_poisson_without_newobj" name="simple_glmPredict_poisson_without_newobj_se.fit_FALSE" time="0.00199999999995271"/>
    <testcase classname="ds.glmPredict_smk_poisson_without_newobj" name="simple_glmPredict_poisson_without_newobj_se.fit_FALSE" time="0.000999999999976353"/>
    <testcase classname="ds.glmPredict_smk_poisson_without_newobj" name="simple_glmPredict_poisson_without_newobj_se.fit_FALSE" time="0.00199999999995271"/>
    <testcase classname="ds.glmPredict_smk_poisson_without_newobj" name="simple_glmPredict_poisson_without_newobj_se.fit_FALSE" time="0.00199999999995271"/>
    <testcase classname="ds.glmPredict_smk_poisson_without_newobj" name="simple_glmPredict_poisson_without_newobj_se.fit_FALSE" time="0.00100000000020373"/>
    <testcase classname="ds.glmPredict_smk_poisson_without_newobj" name="simple_glmPredict_poisson_without_newobj_se.fit_FALSE" time="0.00199999999995271"/>
    <testcase classname="ds.glmPredict_smk_poisson_without_newobj" name="simple_glmPredict_poisson_without_newobj_se.fit_FALSE" time="0.000999999999976353"/>
    <testcase classname="ds.glmPredict_smk_poisson_without_newobj" name="simple_glmPredict_poisson_without_newobj_se.fit_FALSE" time="0.00199999999995271"/>
    <testcase classname="ds.glmPredict_smk_poisson_without_newobj" name="simple_glmPredict_poisson_without_newobj_se.fit_FALSE" time="0.00199999999995271"/>
    <testcase classname="ds.glmPredict_smk_poisson_without_newobj" name="simple_glmPredict_poisson_without_newobj_se.fit_FALSE" time="0.000999999999976353"/>
    <testcase classname="ds.glmPredict_smk_poisson_without_newobj" name="simple_glmPredict_poisson_without_newobj_se.fit_FALSE" time="0.00200000000018008"/>
    <testcase classname="ds.glmPredict_smk_poisson_without_newobj" name="simple_glmPredict_poisson_without_newobj_se.fit_FALSE" time="0.00199999999995271"/>
    <testcase classname="ds.glmPredict_smk_poisson_without_newobj" name="simple_glmPredict_poisson_without_newobj_se.fit_FALSE" time="0.00199999999995271"/>
    <testcase classname="ds.glmPredict_smk_poisson_without_newobj" name="simple_glmPredict_poisson_without_newobj_se.fit_FALSE" time="0.000999999999976353"/>
    <testcase classname="ds.glmPredict_smk_poisson_without_newobj" name="simple_glmPredict_poisson_without_newobj_se.fit_FALSE" time="0.00199999999995271"/>
    <testcase classname="ds.glmPredict_smk_poisson_without_newobj" name="simple_glmPredict_poisson_without_newobj_se.fit_FALSE" time="0.00199999999995271"/>
    <testcase classname="ds.glmPredict_smk_poisson_without_newobj" name="simple_glmPredict_poisson_without_newobj_se.fit_FALSE" time="0.00100000000020373"/>
    <testcase classname="ds.glmPredict_smk_poisson_without_newobj" name="simple_glmPredict_poisson_without_newobj_se.fit_FALSE" time="0.00199999999995271"/>
    <testcase classname="ds.glmPredict_smk_poisson_without_newobj" name="simple_glmPredict_poisson_without_newobj_se.fit_FALSE" time="0.00199999999995271"/>
    <testcase classname="ds.glmPredict_smk_poisson_without_newobj" name="simple_glmPredict_poisson_without_newobj_se.fit_FALSE" time="0.00199999999995271"/>
    <testcase classname="ds.glmPredict_smk_poisson_without_newobj" name="simple_glmPredict_poisson_without_newobj_se.fit_FALSE" time="0.000999999999976353"/>
    <testcase classname="ds.glmPredict_smk_poisson_without_newobj" name="simple_glmPredict_poisson_without_newobj_se.fit_FALSE" time="0.00200000000018008"/>
    <testcase classname="ds.glmPredict_smk_poisson_without_newobj" name="simple_glmPredict_poisson_without_newobj_se.fit_FALSE" time="0.00199999999995271"/>
    <testcase classname="ds.glmPredict_smk_poisson_without_newobj" name="simple_glmPredict_poisson_without_newobj_se.fit_FALSE" time="0.00199999999995271"/>
    <testcase classname="ds.glmPredict_smk_poisson_without_newobj" name="simple_glmPredict_poisson_without_newobj_se.fit_FALSE" time="0.00199999999995271"/>
    <testcase classname="ds.glmPredict_smk_poisson_without_newobj" name="simple_glmPredict_poisson_without_newobj_se.fit_FALSE" time="0.00199999999995271"/>
    <testcase classname="ds.glmPredict_smk_poisson_without_newobj" name="simple_glmPredict_poisson_without_newobj_se.fit_FALSE" time="0.00200000000018008"/>
    <testcase classname="ds.glmPredict_smk_poisson_without_newobj" name="simple_glmPredict_poisson_without_newobj_se.fit_FALSE" time="0.00199999999995271"/>
    <testcase classname="ds.glmPredict_smk_poisson_without_newobj" name="simple_glmPredict_poisson_without_newobj_se.fit_FALSE" time="0.00199999999995271"/>
    <testcase classname="ds.glmPredict_smk_poisson_without_newobj" name="simple_glmPredict_poisson_without_newobj_se.fit_FALSE" time="0.00199999999995271"/>
    <testcase classname="ds.glmPredict_smk_poisson_without_newobj" name="simple_glmPredict_poisson_without_newobj_se.fit_FALSE" time="0.00199999999995271"/>
    <testcase classname="ds.glmPredict_smk_poisson_without_newobj" name="simple_glmPredict_poisson_without_newobj_se.fit_FALSE" time="0.00200000000018008"/>
    <testcase classname="ds.glmPredict_smk_poisson_without_newobj" name="simple_glmPredict_poisson_without_newobj_se.fit_FALSE" time="0.00199999999995271"/>
    <testcase classname="ds.glmPredict_smk_poisson_without_newobj" name="simple_glmPredict_poisson_without_newobj_se.fit_FALSE" time="0.00199999999995271"/>
    <testcase classname="ds.glmPredict_smk_poisson_without_newobj" name="simple_glmPredict_poisson_without_newobj_se.fit_FALSE" time="0.00199999999995271"/>
  </testsuite>
  <testsuite errors="0" failures="0" hostname="fv-az14" name="ds.glmPredict::smk::poisson::with_newobj" skipped="0" tests="69" time="2.798" timestamp="2020-10-27T19:12:30Z">
    <testcase classname="ds.glmPredict_smk_poisson_with_newobj" name="simple_glmPredict_poisson_with_newobj_se.fit_FALSE" time="1.6400000000001"/>
    <testcase classname="ds.glmPredict_smk_poisson_with_newobj" name="simple_glmPredict_poisson_with_newobj_se.fit_FALSE" time="0.000999999999976353"/>
    <testcase classname="ds.glmPredict_smk_poisson_with_newobj" name="simple_glmPredict_poisson_with_newobj_se.fit_FALSE" time="0.000999999999976353"/>
    <testcase classname="ds.glmPredict_smk_poisson_with_newobj" name="simple_glmPredict_poisson_with_newobj_se.fit_FALSE" time="0.000999999999976353"/>
    <testcase classname="ds.glmPredict_smk_poisson_with_newobj" name="simple_glmPredict_poisson_with_newobj_se.fit_FALSE" time="1.04600000000005"/>
    <testcase classname="ds.glmPredict_smk_poisson_with_newobj" name="simple_glmPredict_poisson_with_newobj_se.fit_FALSE" time="0.00199999999995271"/>
    <testcase classname="ds.glmPredict_smk_poisson_with_newobj" name="simple_glmPredict_poisson_with_newobj_se.fit_FALSE" time="0.0080000000000382"/>
    <testcase classname="ds.glmPredict_smk_poisson_with_newobj" name="simple_glmPredict_poisson_with_newobj_se.fit_FALSE" time="0.000999999999976353"/>
    <testcase classname="ds.glmPredict_smk_poisson_with_newobj" name="simple_glmPredict_poisson_with_newobj_se.fit_FALSE" time="0.000999999999976353"/>
    <testcase classname="ds.glmPredict_smk_poisson_with_newobj" name="simple_glmPredict_poisson_with_newobj_se.fit_FALSE" time="0.00199999999995271"/>
    <testcase classname="ds.glmPredict_smk_poisson_with_newobj" name="simple_glmPredict_poisson_with_newobj_se.fit_FALSE" time="0.00100000000020373"/>
    <testcase classname="ds.glmPredict_smk_poisson_with_newobj" name="simple_glmPredict_poisson_with_newobj_se.fit_FALSE" time="0.000999999999976353"/>
    <testcase classname="ds.glmPredict_smk_poisson_with_newobj" name="simple_glmPredict_poisson_with_newobj_se.fit_FALSE" time="0.000999999999976353"/>
    <testcase classname="ds.glmPredict_smk_poisson_with_newobj" name="simple_glmPredict_poisson_with_newobj_se.fit_FALSE" time="0.00199999999995271"/>
    <testcase classname="ds.glmPredict_smk_poisson_with_newobj" name="simple_glmPredict_poisson_with_newobj_se.fit_FALSE" time="0.000999999999976353"/>
    <testcase classname="ds.glmPredict_smk_poisson_with_newobj" name="simple_glmPredict_poisson_with_newobj_se.fit_FALSE" time="0.000999999999976353"/>
    <testcase classname="ds.glmPredict_smk_poisson_with_newobj" name="simple_glmPredict_poisson_with_newobj_se.fit_FALSE" time="0.00199999999995271"/>
    <testcase classname="ds.glmPredict_smk_poisson_with_newobj" name="simple_glmPredict_poisson_with_newobj_se.fit_FALSE" time="0.000999999999976353"/>
    <testcase classname="ds.glmPredict_smk_poisson_with_newobj" name="simple_glmPredict_poisson_with_newobj_se.fit_FALSE" time="0.00200000000018008"/>
    <testcase classname="ds.glmPredict_smk_poisson_with_newobj" name="simple_glmPredict_poisson_with_newobj_se.fit_FALSE" time="0.000999999999976353"/>
    <testcase classname="ds.glmPredict_smk_poisson_with_newobj" name="simple_glmPredict_poisson_with_newobj_se.fit_FALSE" time="0.00199999999995271"/>
    <testcase classname="ds.glmPredict_smk_poisson_with_newobj" name="simple_glmPredict_poisson_with_newobj_se.fit_FALSE" time="0.000999999999976353"/>
    <testcase classname="ds.glmPredict_smk_poisson_with_newobj" name="simple_glmPredict_poisson_with_newobj_se.fit_FALSE" time="0.00199999999995271"/>
    <testcase classname="ds.glmPredict_smk_poisson_with_newobj" name="simple_glmPredict_poisson_with_newobj_se.fit_FALSE" time="0.000999999999976353"/>
    <testcase classname="ds.glmPredict_smk_poisson_with_newobj" name="simple_glmPredict_poisson_with_newobj_se.fit_FALSE" time="0.00200000000018008"/>
    <testcase classname="ds.glmPredict_smk_poisson_with_newobj" name="simple_glmPredict_poisson_with_newobj_se.fit_FALSE" time="0.000999999999976353"/>
    <testcase classname="ds.glmPredict_smk_poisson_with_newobj" name="simple_glmPredict_poisson_with_newobj_se.fit_FALSE" time="0.00199999999995271"/>
    <testcase classname="ds.glmPredict_smk_poisson_with_newobj" name="simple_glmPredict_poisson_with_newobj_se.fit_FALSE" time="0.000999999999976353"/>
    <testcase classname="ds.glmPredict_smk_poisson_with_newobj" name="simple_glmPredict_poisson_with_newobj_se.fit_FALSE" time="0.000999999999976353"/>
    <testcase classname="ds.glmPredict_smk_poisson_with_newobj" name="simple_glmPredict_poisson_with_newobj_se.fit_FALSE" time="0.00199999999995271"/>
    <testcase classname="ds.glmPredict_smk_poisson_with_newobj" name="simple_glmPredict_poisson_with_newobj_se.fit_FALSE" time="0.000999999999976353"/>
    <testcase classname="ds.glmPredict_smk_poisson_with_newobj" name="simple_glmPredict_poisson_with_newobj_se.fit_FALSE" time="0.00200000000018008"/>
    <testcase classname="ds.glmPredict_smk_poisson_with_newobj" name="simple_glmPredict_poisson_with_newobj_se.fit_FALSE" time="0.000999999999976353"/>
    <testcase classname="ds.glmPredict_smk_poisson_with_newobj" name="simple_glmPredict_poisson_with_newobj_se.fit_FALSE" time="0.00199999999995271"/>
    <testcase classname="ds.glmPredict_smk_poisson_with_newobj" name="simple_glmPredict_poisson_with_newobj_se.fit_FALSE" time="0.000999999999976353"/>
    <testcase classname="ds.glmPredict_smk_poisson_with_newobj" name="simple_glmPredict_poisson_with_newobj_se.fit_FALSE" time="0.00199999999995271"/>
    <testcase classname="ds.glmPredict_smk_poisson_with_newobj" name="simple_glmPredict_poisson_with_newobj_se.fit_FALSE" time="0.000999999999976353"/>
    <testcase classname="ds.glmPredict_smk_poisson_with_newobj" name="simple_glmPredict_poisson_with_newobj_se.fit_FALSE" time="0.00200000000018008"/>
    <testcase classname="ds.glmPredict_smk_poisson_with_newobj" name="simple_glmPredict_poisson_with_newobj_se.fit_FALSE" time="0.00199999999995271"/>
    <testcase classname="ds.glmPredict_smk_poisson_with_newobj" name="simple_glmPredict_poisson_with_newobj_se.fit_FALSE" time="0.000999999999976353"/>
    <testcase classname="ds.glmPredict_smk_poisson_with_newobj" name="simple_glmPredict_poisson_with_newobj_se.fit_FALSE" time="0.00199999999995271"/>
    <testcase classname="ds.glmPredict_smk_poisson_with_newobj" name="simple_glmPredict_poisson_with_newobj_se.fit_FALSE" time="0.000999999999976353"/>
    <testcase classname="ds.glmPredict_smk_poisson_with_newobj" name="simple_glmPredict_poisson_with_newobj_se.fit_FALSE" time="0.00199999999995271"/>
    <testcase classname="ds.glmPredict_smk_poisson_with_newobj" name="simple_glmPredict_poisson_with_newobj_se.fit_FALSE" time="0.00200000000018008"/>
    <testcase classname="ds.glmPredict_smk_poisson_with_newobj" name="simple_glmPredict_poisson_with_newobj_se.fit_FALSE" time="0.000999999999976353"/>
    <testcase classname="ds.glmPredict_smk_poisson_with_newobj" name="simple_glmPredict_poisson_with_newobj_se.fit_FALSE" time="0.00199999999995271"/>
    <testcase classname="ds.glmPredict_smk_poisson_with_newobj" name="simple_glmPredict_poisson_with_newobj_se.fit_FALSE" time="0.00199999999995271"/>
    <testcase classname="ds.glmPredict_smk_poisson_with_newobj" name="simple_glmPredict_poisson_with_newobj_se.fit_FALSE" time="0.00199999999995271"/>
    <testcase classname="ds.glmPredict_smk_poisson_with_newobj" name="simple_glmPredict_poisson_with_newobj_se.fit_FALSE" time="0.000999999999976353"/>
    <testcase classname="ds.glmPredict_smk_poisson_with_newobj" name="simple_glmPredict_poisson_with_newobj_se.fit_FALSE" time="0.00200000000018008"/>
    <testcase classname="ds.glmPredict_smk_poisson_with_newobj" name="simple_glmPredict_poisson_with_newobj_se.fit_FALSE" time="0.00199999999995271"/>
    <testcase classname="ds.glmPredict_smk_poisson_with_newobj" name="simple_glmPredict_poisson_with_newobj_se.fit_FALSE" time="0.000999999999976353"/>
    <testcase classname="ds.glmPredict_smk_poisson_with_newobj" name="simple_glmPredict_poisson_with_newobj_se.fit_FALSE" time="0.00199999999995271"/>
    <testcase classname="ds.glmPredict_smk_poisson_with_newobj" name="simple_glmPredict_poisson_with_newobj_se.fit_FALSE" time="0.00199999999995271"/>
    <testcase classname="ds.glmPredict_smk_poisson_with_newobj" name="simple_glmPredict_poisson_with_newobj_se.fit_FALSE" time="0.00200000000018008"/>
    <testcase classname="ds.glmPredict_smk_poisson_with_newobj" name="simple_glmPredict_poisson_with_newobj_se.fit_FALSE" time="0.000999999999976353"/>
    <testcase classname="ds.glmPredict_smk_poisson_with_newobj" name="simple_glmPredict_poisson_with_newobj_se.fit_FALSE" time="0.00199999999995271"/>
    <testcase classname="ds.glmPredict_smk_poisson_with_newobj" name="simple_glmPredict_poisson_with_newobj_se.fit_FALSE" time="0.00199999999995271"/>
    <testcase classname="ds.glmPredict_smk_poisson_with_newobj" name="simple_glmPredict_poisson_with_newobj_se.fit_FALSE" time="0.00199999999995271"/>
    <testcase classname="ds.glmPredict_smk_poisson_with_newobj" name="simple_glmPredict_poisson_with_newobj_se.fit_FALSE" time="0.00200000000018008"/>
    <testcase classname="ds.glmPredict_smk_poisson_with_newobj" name="simple_glmPredict_poisson_with_newobj_se.fit_FALSE" time="0.00199999999995271"/>
    <testcase classname="ds.glmPredict_smk_poisson_with_newobj" name="simple_glmPredict_poisson_with_newobj_se.fit_FALSE" time="0.00199999999995271"/>
    <testcase classname="ds.glmPredict_smk_poisson_with_newobj" name="simple_glmPredict_poisson_with_newobj_se.fit_FALSE" time="0.00199999999995271"/>
    <testcase classname="ds.glmPredict_smk_poisson_with_newobj" name="simple_glmPredict_poisson_with_newobj_se.fit_FALSE" time="0.000999999999976353"/>
    <testcase classname="ds.glmPredict_smk_poisson_with_newobj" name="simple_glmPredict_poisson_with_newobj_se.fit_FALSE" time="0.00200000000018008"/>
    <testcase classname="ds.glmPredict_smk_poisson_with_newobj" name="simple_glmPredict_poisson_with_newobj_se.fit_FALSE" time="0.00199999999995271"/>
    <testcase classname="ds.glmPredict_smk_poisson_with_newobj" name="simple_glmPredict_poisson_with_newobj_se.fit_FALSE" time="0.00199999999995271"/>
    <testcase classname="ds.glmPredict_smk_poisson_with_newobj" name="simple_glmPredict_poisson_with_newobj_se.fit_FALSE" time="0.00199999999995271"/>
    <testcase classname="ds.glmPredict_smk_poisson_with_newobj" name="simple_glmPredict_poisson_with_newobj_se.fit_FALSE" time="0.00199999999995271"/>
  </testsuite>
  <testsuite errors="0" failures="0" hostname="fv-az14" name="ds.glmPredict::smk::poisson::sefit_true" skipped="0" tests="114" time="2.888" timestamp="2020-10-27T19:12:33Z">
    <testcase classname="ds.glmPredict_smk_poisson_sefit_true" name="simple_glmPredict_poisson_with_newobj_se.fit_TRUE" time="1.62900000000013"/>
    <testcase classname="ds.glmPredict_smk_poisson_sefit_true" name="simple_glmPredict_poisson_with_newobj_se.fit_TRUE" time="0.00199999999995271"/>
    <testcase classname="ds.glmPredict_smk_poisson_sefit_true" name="simple_glmPredict_poisson_with_newobj_se.fit_TRUE" time="0.000999999999976353"/>
    <testcase classname="ds.glmPredict_smk_poisson_sefit_true" name="simple_glmPredict_poisson_with_newobj_se.fit_TRUE" time="0.000999999999976353"/>
    <testcase classname="ds.glmPredict_smk_poisson_sefit_true" name="simple_glmPredict_poisson_with_newobj_se.fit_TRUE" time="1.0440000000001"/>
    <testcase classname="ds.glmPredict_smk_poisson_sefit_true" name="simple_glmPredict_poisson_with_newobj_se.fit_TRUE" time="0.00199999999995271"/>
    <testcase classname="ds.glmPredict_smk_poisson_sefit_true" name="simple_glmPredict_poisson_with_newobj_se.fit_TRUE" time="0.000999999999976353"/>
    <testcase classname="ds.glmPredict_smk_poisson_sefit_true" name="simple_glmPredict_poisson_with_newobj_se.fit_TRUE" time="0.000999999999976353"/>
    <testcase classname="ds.glmPredict_smk_poisson_sefit_true" name="simple_glmPredict_poisson_with_newobj_se.fit_TRUE" time="0.000999999999976353"/>
    <testcase classname="ds.glmPredict_smk_poisson_sefit_true" name="simple_glmPredict_poisson_with_newobj_se.fit_TRUE" time="0.000999999999976353"/>
    <testcase classname="ds.glmPredict_smk_poisson_sefit_true" name="simple_glmPredict_poisson_with_newobj_se.fit_TRUE" time="0.00100000000020373"/>
    <testcase classname="ds.glmPredict_smk_poisson_sefit_true" name="simple_glmPredict_poisson_with_newobj_se.fit_TRUE" time="0.000999999999976353"/>
    <testcase classname="ds.glmPredict_smk_poisson_sefit_true" name="simple_glmPredict_poisson_with_newobj_se.fit_TRUE" time="0.000999999999976353"/>
    <testcase classname="ds.glmPredict_smk_poisson_sefit_true" name="simple_glmPredict_poisson_with_newobj_se.fit_TRUE" time="0.00199999999995271"/>
    <testcase classname="ds.glmPredict_smk_poisson_sefit_true" name="simple_glmPredict_poisson_with_newobj_se.fit_TRUE" time="0.000999999999976353"/>
    <testcase classname="ds.glmPredict_smk_poisson_sefit_true" name="simple_glmPredict_poisson_with_newobj_se.fit_TRUE" time="0.000999999999976353"/>
    <testcase classname="ds.glmPredict_smk_poisson_sefit_true" name="simple_glmPredict_poisson_with_newobj_se.fit_TRUE" time="0.000999999999976353"/>
    <testcase classname="ds.glmPredict_smk_poisson_sefit_true" name="simple_glmPredict_poisson_with_newobj_se.fit_TRUE" time="0.00200000000018008"/>
    <testcase classname="ds.glmPredict_smk_poisson_sefit_true" name="simple_glmPredict_poisson_with_newobj_se.fit_TRUE" time="0.000999999999976353"/>
    <testcase classname="ds.glmPredict_smk_poisson_sefit_true" name="simple_glmPredict_poisson_with_newobj_se.fit_TRUE" time="0.000999999999976353"/>
    <testcase classname="ds.glmPredict_smk_poisson_sefit_true" name="simple_glmPredict_poisson_with_newobj_se.fit_TRUE" time="0.00199999999995271"/>
    <testcase classname="ds.glmPredict_smk_poisson_sefit_true" name="simple_glmPredict_poisson_with_newobj_se.fit_TRUE" time="0.000999999999976353"/>
    <testcase classname="ds.glmPredict_smk_poisson_sefit_true" name="simple_glmPredict_poisson_with_newobj_se.fit_TRUE" time="0.000999999999976353"/>
    <testcase classname="ds.glmPredict_smk_poisson_sefit_true" name="simple_glmPredict_poisson_with_newobj_se.fit_TRUE" time="0.000999999999976353"/>
    <testcase classname="ds.glmPredict_smk_poisson_sefit_true" name="simple_glmPredict_poisson_with_newobj_se.fit_TRUE" time="0.000999999999976353"/>
    <testcase classname="ds.glmPredict_smk_poisson_sefit_true" name="simple_glmPredict_poisson_with_newobj_se.fit_TRUE" time="0.00200000000018008"/>
    <testcase classname="ds.glmPredict_smk_poisson_sefit_true" name="simple_glmPredict_poisson_with_newobj_se.fit_TRUE" time="0.000999999999976353"/>
    <testcase classname="ds.glmPredict_smk_poisson_sefit_true" name="simple_glmPredict_poisson_with_newobj_se.fit_TRUE" time="0.00199999999995271"/>
    <testcase classname="ds.glmPredict_smk_poisson_sefit_true" name="simple_glmPredict_poisson_with_newobj_se.fit_TRUE" time="0.000999999999976353"/>
    <testcase classname="ds.glmPredict_smk_poisson_sefit_true" name="simple_glmPredict_poisson_with_newobj_se.fit_TRUE" time="0.00199999999995271"/>
    <testcase classname="ds.glmPredict_smk_poisson_sefit_true" name="simple_glmPredict_poisson_with_newobj_se.fit_TRUE" time="0.000999999999976353"/>
    <testcase classname="ds.glmPredict_smk_poisson_sefit_true" name="simple_glmPredict_poisson_with_newobj_se.fit_TRUE" time="0.00200000000018008"/>
    <testcase classname="ds.glmPredict_smk_poisson_sefit_true" name="simple_glmPredict_poisson_with_newobj_se.fit_TRUE" time="0.000999999999976353"/>
    <testcase classname="ds.glmPredict_smk_poisson_sefit_true" name="simple_glmPredict_poisson_with_newobj_se.fit_TRUE" time="0.00199999999995271"/>
    <testcase classname="ds.glmPredict_smk_poisson_sefit_true" name="simple_glmPredict_poisson_with_newobj_se.fit_TRUE" time="0.000999999999976353"/>
    <testcase classname="ds.glmPredict_smk_poisson_sefit_true" name="simple_glmPredict_poisson_with_newobj_se.fit_TRUE" time="0.00199999999995271"/>
    <testcase classname="ds.glmPredict_smk_poisson_sefit_true" name="simple_glmPredict_poisson_with_newobj_se.fit_TRUE" time="0.000999999999976353"/>
    <testcase classname="ds.glmPredict_smk_poisson_sefit_true" name="simple_glmPredict_poisson_with_newobj_se.fit_TRUE" time="0.00200000000018008"/>
    <testcase classname="ds.glmPredict_smk_poisson_sefit_true" name="simple_glmPredict_poisson_with_newobj_se.fit_TRUE" time="0.00199999999995271"/>
    <testcase classname="ds.glmPredict_smk_poisson_sefit_true" name="simple_glmPredict_poisson_with_newobj_se.fit_TRUE" time="0.000999999999976353"/>
    <testcase classname="ds.glmPredict_smk_poisson_sefit_true" name="simple_glmPredict_poisson_with_newobj_se.fit_TRUE" time="0.00199999999995271"/>
    <testcase classname="ds.glmPredict_smk_poisson_sefit_true" name="simple_glmPredict_poisson_with_newobj_se.fit_TRUE" time="0.000999999999976353"/>
    <testcase classname="ds.glmPredict_smk_poisson_sefit_true" name="simple_glmPredict_poisson_with_newobj_se.fit_TRUE" time="0.000999999999976353"/>
    <testcase classname="ds.glmPredict_smk_poisson_sefit_true" name="simple_glmPredict_poisson_with_newobj_se.fit_TRUE" time="0.00200000000018008"/>
    <testcase classname="ds.glmPredict_smk_poisson_sefit_true" name="simple_glmPredict_poisson_with_newobj_se.fit_TRUE" time="0.000999999999976353"/>
    <testcase classname="ds.glmPredict_smk_poisson_sefit_true" name="simple_glmPredict_poisson_with_newobj_se.fit_TRUE" time="0.00199999999995271"/>
    <testcase classname="ds.glmPredict_smk_poisson_sefit_true" name="simple_glmPredict_poisson_with_newobj_se.fit_TRUE" time="0.00199999999995271"/>
    <testcase classname="ds.glmPredict_smk_poisson_sefit_true" name="simple_glmPredict_poisson_with_newobj_se.fit_TRUE" time="0.000999999999976353"/>
    <testcase classname="ds.glmPredict_smk_poisson_sefit_true" name="simple_glmPredict_poisson_with_newobj_se.fit_TRUE" time="0.00199999999995271"/>
    <testcase classname="ds.glmPredict_smk_poisson_sefit_true" name="simple_glmPredict_poisson_with_newobj_se.fit_TRUE" time="0.00200000000018008"/>
    <testcase classname="ds.glmPredict_smk_poisson_sefit_true" name="simple_glmPredict_poisson_with_newobj_se.fit_TRUE" time="0.000999999999976353"/>
    <testcase classname="ds.glmPredict_smk_poisson_sefit_true" name="simple_glmPredict_poisson_with_newobj_se.fit_TRUE" time="0.00199999999995271"/>
    <testcase classname="ds.glmPredict_smk_poisson_sefit_true" name="simple_glmPredict_poisson_with_newobj_se.fit_TRUE" time="0.00199999999995271"/>
    <testcase classname="ds.glmPredict_smk_poisson_sefit_true" name="simple_glmPredict_poisson_with_newobj_se.fit_TRUE" time="0.00199999999995271"/>
    <testcase classname="ds.glmPredict_smk_poisson_sefit_true" name="simple_glmPredict_poisson_with_newobj_se.fit_TRUE" time="0.00200000000018008"/>
    <testcase classname="ds.glmPredict_smk_poisson_sefit_true" name="simple_glmPredict_poisson_with_newobj_se.fit_TRUE" time="0.00199999999995271"/>
    <testcase classname="ds.glmPredict_smk_poisson_sefit_true" name="simple_glmPredict_poisson_with_newobj_se.fit_TRUE" time="0.00199999999995271"/>
    <testcase classname="ds.glmPredict_smk_poisson_sefit_true" name="simple_glmPredict_poisson_with_newobj_se.fit_TRUE" time="0.00199999999995271"/>
    <testcase classname="ds.glmPredict_smk_poisson_sefit_true" name="simple_glmPredict_poisson_with_newobj_se.fit_TRUE" time="0.00199999999995271"/>
    <testcase classname="ds.glmPredict_smk_poisson_sefit_true" name="simple_glmPredict_poisson_with_newobj_se.fit_TRUE" time="0.00200000000018008"/>
    <testcase classname="ds.glmPredict_smk_poisson_sefit_true" name="simple_glmPredict_poisson_with_newobj_se.fit_TRUE" time="0.00199999999995271"/>
    <testcase classname="ds.glmPredict_smk_poisson_sefit_true" name="simple_glmPredict_poisson_with_newobj_se.fit_TRUE" time="0.00199999999995271"/>
    <testcase classname="ds.glmPredict_smk_poisson_sefit_true" name="simple_glmPredict_poisson_with_newobj_se.fit_TRUE" time="0.00199999999995271"/>
    <testcase classname="ds.glmPredict_smk_poisson_sefit_true" name="simple_glmPredict_poisson_with_newobj_se.fit_TRUE" time="0.00199999999995271"/>
    <testcase classname="ds.glmPredict_smk_poisson_sefit_true" name="simple_glmPredict_poisson_with_newobj_se.fit_TRUE" time="0.00200000000018008"/>
    <testcase classname="ds.glmPredict_smk_poisson_sefit_true" name="simple_glmPredict_poisson_with_newobj_se.fit_TRUE" time="0.00199999999995271"/>
    <testcase classname="ds.glmPredict_smk_poisson_sefit_true" name="simple_glmPredict_poisson_with_newobj_se.fit_TRUE" time="0.00199999999995271"/>
    <testcase classname="ds.glmPredict_smk_poisson_sefit_true" name="simple_glmPredict_poisson_with_newobj_se.fit_TRUE" time="0.00199999999995271"/>
    <testcase classname="ds.glmPredict_smk_poisson_sefit_true" name="simple_glmPredict_poisson_with_newobj_se.fit_TRUE" time="0.00199999999995271"/>
    <testcase classname="ds.glmPredict_smk_poisson_sefit_true" name="simple_glmPredict_poisson_with_newobj_se.fit_TRUE" time="0.00200000000018008"/>
    <testcase classname="ds.glmPredict_smk_poisson_sefit_true" name="simple_glmPredict_poisson_with_newobj_se.fit_TRUE" time="0.00199999999995271"/>
    <testcase classname="ds.glmPredict_smk_poisson_sefit_true" name="simple_glmPredict_poisson_with_newobj_se.fit_TRUE" time="0.00199999999995271"/>
    <testcase classname="ds.glmPredict_smk_poisson_sefit_true" name="simple_glmPredict_poisson_with_newobj_se.fit_TRUE" time="0.00299999999992906"/>
    <testcase classname="ds.glmPredict_smk_poisson_sefit_true" name="simple_glmPredict_poisson_with_newobj_se.fit_TRUE" time="0.00200000000018008"/>
    <testcase classname="ds.glmPredict_smk_poisson_sefit_true" name="simple_glmPredict_poisson_with_newobj_se.fit_TRUE" time="0.00199999999995271"/>
    <testcase classname="ds.glmPredict_smk_poisson_sefit_true" name="simple_glmPredict_poisson_with_newobj_se.fit_TRUE" time="0.00199999999995271"/>
    <testcase classname="ds.glmPredict_smk_poisson_sefit_true" name="simple_glmPredict_poisson_with_newobj_se.fit_TRUE" time="0.00900000000001455"/>
    <testcase classname="ds.glmPredict_smk_poisson_sefit_true" name="simple_glmPredict_poisson_with_newobj_se.fit_TRUE" time="0.00199999999995271"/>
    <testcase classname="ds.glmPredict_smk_poisson_sefit_true" name="simple_glmPredict_poisson_with_newobj_se.fit_TRUE" time="0.00199999999995271"/>
    <testcase classname="ds.glmPredict_smk_poisson_sefit_true" name="simple_glmPredict_poisson_with_newobj_se.fit_TRUE" time="0.00200000000018008"/>
    <testcase classname="ds.glmPredict_smk_poisson_sefit_true" name="simple_glmPredict_poisson_with_newobj_se.fit_TRUE" time="0.00299999999992906"/>
    <testcase classname="ds.glmPredict_smk_poisson_sefit_true" name="simple_glmPredict_poisson_with_newobj_se.fit_TRUE" time="0.00199999999995271"/>
    <testcase classname="ds.glmPredict_smk_poisson_sefit_true" name="simple_glmPredict_poisson_with_newobj_se.fit_TRUE" time="0.00199999999995271"/>
    <testcase classname="ds.glmPredict_smk_poisson_sefit_true" name="simple_glmPredict_poisson_with_newobj_se.fit_TRUE" time="0.00200000000018008"/>
    <testcase classname="ds.glmPredict_smk_poisson_sefit_true" name="simple_glmPredict_poisson_with_newobj_se.fit_TRUE" time="0.00199999999995271"/>
    <testcase classname="ds.glmPredict_smk_poisson_sefit_true" name="simple_glmPredict_poisson_with_newobj_se.fit_TRUE" time="0.00199999999995271"/>
    <testcase classname="ds.glmPredict_smk_poisson_sefit_true" name="simple_glmPredict_poisson_with_newobj_se.fit_TRUE" time="0.00299999999992906"/>
    <testcase classname="ds.glmPredict_smk_poisson_sefit_true" name="simple_glmPredict_poisson_with_newobj_se.fit_TRUE" time="0.00199999999995271"/>
    <testcase classname="ds.glmPredict_smk_poisson_sefit_true" name="simple_glmPredict_poisson_with_newobj_se.fit_TRUE" time="0.00200000000018008"/>
    <testcase classname="ds.glmPredict_smk_poisson_sefit_true" name="simple_glmPredict_poisson_with_newobj_se.fit_TRUE" time="0.00299999999992906"/>
    <testcase classname="ds.glmPredict_smk_poisson_sefit_true" name="simple_glmPredict_poisson_with_newobj_se.fit_TRUE" time="0.00199999999995271"/>
    <testcase classname="ds.glmPredict_smk_poisson_sefit_true" name="simple_glmPredict_poisson_with_newobj_se.fit_TRUE" time="0.00199999999995271"/>
    <testcase classname="ds.glmPredict_smk_poisson_sefit_true" name="simple_glmPredict_poisson_with_newobj_se.fit_TRUE" time="0.00200000000018008"/>
    <testcase classname="ds.glmPredict_smk_poisson_sefit_true" name="simple_glmPredict_poisson_with_newobj_se.fit_TRUE" time="0.00299999999992906"/>
    <testcase classname="ds.glmPredict_smk_poisson_sefit_true" name="simple_glmPredict_poisson_with_newobj_se.fit_TRUE" time="0.00199999999995271"/>
    <testcase classname="ds.glmPredict_smk_poisson_sefit_true" name="simple_glmPredict_poisson_with_newobj_se.fit_TRUE" time="0.00299999999992906"/>
    <testcase classname="ds.glmPredict_smk_poisson_sefit_true" name="simple_glmPredict_poisson_with_newobj_se.fit_TRUE" time="0.00200000000018008"/>
    <testcase classname="ds.glmPredict_smk_poisson_sefit_true" name="simple_glmPredict_poisson_with_newobj_se.fit_TRUE" time="0.00299999999992906"/>
    <testcase classname="ds.glmPredict_smk_poisson_sefit_true" name="simple_glmPredict_poisson_with_newobj_se.fit_TRUE" time="0.00199999999995271"/>
    <testcase classname="ds.glmPredict_smk_poisson_sefit_true" name="simple_glmPredict_poisson_with_newobj_se.fit_TRUE" time="0.00199999999995271"/>
    <testcase classname="ds.glmPredict_smk_poisson_sefit_true" name="simple_glmPredict_poisson_with_newobj_se.fit_TRUE" time="0.00300000000015643"/>
    <testcase classname="ds.glmPredict_smk_poisson_sefit_true" name="simple_glmPredict_poisson_with_newobj_se.fit_TRUE" time="0.00199999999995271"/>
    <testcase classname="ds.glmPredict_smk_poisson_sefit_true" name="simple_glmPredict_poisson_with_newobj_se.fit_TRUE" time="0.00199999999995271"/>
    <testcase classname="ds.glmPredict_smk_poisson_sefit_true" name="simple_glmPredict_poisson_with_newobj_se.fit_TRUE" time="0.00299999999992906"/>
    <testcase classname="ds.glmPredict_smk_poisson_sefit_true" name="simple_glmPredict_poisson_with_newobj_se.fit_TRUE" time="0.00200000000018008"/>
    <testcase classname="ds.glmPredict_smk_poisson_sefit_true" name="simple_glmPredict_poisson_with_newobj_se.fit_TRUE" time="0.00199999999995271"/>
    <testcase classname="ds.glmPredict_smk_poisson_sefit_true" name="simple_glmPredict_poisson_with_newobj_se.fit_TRUE" time="0.00199999999995271"/>
    <testcase classname="ds.glmPredict_smk_poisson_sefit_true" name="simple_glmPredict_poisson_with_newobj_se.fit_TRUE" time="0.00300000000015643"/>
    <testcase classname="ds.glmPredict_smk_poisson_sefit_true" name="simple_glmPredict_poisson_with_newobj_se.fit_TRUE" time="0.00199999999995271"/>
    <testcase classname="ds.glmPredict_smk_poisson_sefit_true" name="simple_glmPredict_poisson_with_newobj_se.fit_TRUE" time="0.00299999999992906"/>
    <testcase classname="ds.glmPredict_smk_poisson_sefit_true" name="simple_glmPredict_poisson_with_newobj_se.fit_TRUE" time="0.00299999999992906"/>
    <testcase classname="ds.glmPredict_smk_poisson_sefit_true" name="simple_glmPredict_poisson_with_newobj_se.fit_TRUE" time="0.00200000000018008"/>
    <testcase classname="ds.glmPredict_smk_poisson_sefit_true" name="simple_glmPredict_poisson_with_newobj_se.fit_TRUE" time="0.00299999999992906"/>
    <testcase classname="ds.glmPredict_smk_poisson_sefit_true" name="simple_glmPredict_poisson_with_newobj_se.fit_TRUE" time="0.00299999999992906"/>
  </testsuite>
  <testsuite errors="0" failures="0" hostname="fv-az14" name="ds.glmPredict::smk::poisson::shutdown" skipped="0" tests="3" time="0.273" timestamp="2020-10-27T19:12:36Z">
    <testcase classname="ds.glmPredict_smk_poisson_shutdown" name="shutdown" time="0.270999999999958"/>
    <testcase classname="ds.glmPredict_smk_poisson_shutdown" name="shutdown" time="0.000999999999976353"/>
    <testcase classname="ds.glmPredict_smk_poisson_shutdown" name="shutdown" time="0.00100000000020373"/>
  </testsuite>
  <testsuite errors="0" failures="0" hostname="fv-az14" name="ds.glmPredict::smk::poisson::done" skipped="0" tests="0" time="0" timestamp="2020-10-27T19:12:36Z"/>
  <testsuite errors="0" failures="0" hostname="fv-az14" name="ds.glmSLMA::smk::setup" skipped="0" tests="3" time="5.071" timestamp="2020-10-27T19:12:36Z">
    <testcase classname="ds.glmSLMA_smk_setup" name="setup" time="5.06899999999996"/>
    <testcase classname="ds.glmSLMA_smk_setup" name="setup" time="0.000999999999976353"/>
    <testcase classname="ds.glmSLMA_smk_setup" name="setup" time="0.000999999999976353"/>
  </testsuite>
  <testsuite errors="0" failures="0" hostname="fv-az14" name="ds.glmSLMA::smk::gaussian" skipped="0" tests="47" time="1.422" timestamp="2020-10-27T19:12:41Z">
    <testcase classname="ds.glmSLMA_smk_gaussian" name="simple_glmSLMA_gaussian" time="1.36200000000008"/>
    <testcase classname="ds.glmSLMA_smk_gaussian" name="simple_glmSLMA_gaussian" time="0.000999999999976353"/>
    <testcase classname="ds.glmSLMA_smk_gaussian" name="simple_glmSLMA_gaussian" time="0.000999999999976353"/>
    <testcase classname="ds.glmSLMA_smk_gaussian" name="simple_glmSLMA_gaussian" time="0.000999999999976353"/>
    <testcase classname="ds.glmSLMA_smk_gaussian" name="simple_glmSLMA_gaussian" time="0.000999999999976353"/>
    <testcase classname="ds.glmSLMA_smk_gaussian" name="simple_glmSLMA_gaussian" time="0.000999999999976353"/>
    <testcase classname="ds.glmSLMA_smk_gaussian" name="simple_glmSLMA_gaussian" time="0.000999999999976353"/>
    <testcase classname="ds.glmSLMA_smk_gaussian" name="simple_glmSLMA_gaussian" time="0.000999999999976353"/>
    <testcase classname="ds.glmSLMA_smk_gaussian" name="simple_glmSLMA_gaussian" time="0.000999999999976353"/>
    <testcase classname="ds.glmSLMA_smk_gaussian" name="simple_glmSLMA_gaussian" time="0.00100000000020373"/>
    <testcase classname="ds.glmSLMA_smk_gaussian" name="simple_glmSLMA_gaussian" time="0.000999999999976353"/>
    <testcase classname="ds.glmSLMA_smk_gaussian" name="simple_glmSLMA_gaussian" time="0.00199999999995271"/>
    <testcase classname="ds.glmSLMA_smk_gaussian" name="simple_glmSLMA_gaussian" time="0.000999999999976353"/>
    <testcase classname="ds.glmSLMA_smk_gaussian" name="simple_glmSLMA_gaussian" time="0.000999999999976353"/>
    <testcase classname="ds.glmSLMA_smk_gaussian" name="simple_glmSLMA_gaussian" time="0.000999999999976353"/>
    <testcase classname="ds.glmSLMA_smk_gaussian" name="simple_glmSLMA_gaussian" time="0.000999999999976353"/>
    <testcase classname="ds.glmSLMA_smk_gaussian" name="simple_glmSLMA_gaussian" time="0.000999999999976353"/>
    <testcase classname="ds.glmSLMA_smk_gaussian" name="simple_glmSLMA_gaussian" time="0.00100000000020373"/>
    <testcase classname="ds.glmSLMA_smk_gaussian" name="simple_glmSLMA_gaussian" time="0.000999999999976353"/>
    <testcase classname="ds.glmSLMA_smk_gaussian" name="simple_glmSLMA_gaussian" time="0.00199999999995271"/>
    <testcase classname="ds.glmSLMA_smk_gaussian" name="simple_glmSLMA_gaussian" time="0.000999999999976353"/>
    <testcase classname="ds.glmSLMA_smk_gaussian" name="simple_glmSLMA_gaussian" time="0.000999999999976353"/>
    <testcase classname="ds.glmSLMA_smk_gaussian" name="simple_glmSLMA_gaussian" time="0.00199999999995271"/>
    <testcase classname="ds.glmSLMA_smk_gaussian" name="simple_glmSLMA_gaussian" time="0.000999999999976353"/>
    <testcase classname="ds.glmSLMA_smk_gaussian" name="simple_glmSLMA_gaussian" time="0.00100000000020373"/>
    <testcase classname="ds.glmSLMA_smk_gaussian" name="simple_glmSLMA_gaussian" time="0.00199999999995271"/>
    <testcase classname="ds.glmSLMA_smk_gaussian" name="simple_glmSLMA_gaussian" time="0.000999999999976353"/>
    <testcase classname="ds.glmSLMA_smk_gaussian" name="simple_glmSLMA_gaussian" time="0.00199999999995271"/>
    <testcase classname="ds.glmSLMA_smk_gaussian" name="simple_glmSLMA_gaussian" time="0.000999999999976353"/>
    <testcase classname="ds.glmSLMA_smk_gaussian" name="simple_glmSLMA_gaussian" time="0.00199999999995271"/>
    <testcase classname="ds.glmSLMA_smk_gaussian" name="simple_glmSLMA_gaussian" time="0.000999999999976353"/>
    <testcase classname="ds.glmSLMA_smk_gaussian" name="simple_glmSLMA_gaussian" time="0.00200000000018008"/>
    <testcase classname="ds.glmSLMA_smk_gaussian" name="simple_glmSLMA_gaussian" time="0.000999999999976353"/>
    <testcase classname="ds.glmSLMA_smk_gaussian" name="simple_glmSLMA_gaussian" time="0.00199999999995271"/>
    <testcase classname="ds.glmSLMA_smk_gaussian" name="simple_glmSLMA_gaussian" time="0.000999999999976353"/>
    <testcase classname="ds.glmSLMA_smk_gaussian" name="simple_glmSLMA_gaussian" time="0.00199999999995271"/>
    <testcase classname="ds.glmSLMA_smk_gaussian" name="simple_glmSLMA_gaussian" time="0.000999999999976353"/>
    <testcase classname="ds.glmSLMA_smk_gaussian" name="simple_glmSLMA_gaussian" time="0.00200000000018008"/>
    <testcase classname="ds.glmSLMA_smk_gaussian" name="simple_glmSLMA_gaussian" time="0.000999999999976353"/>
    <testcase classname="ds.glmSLMA_smk_gaussian" name="simple_glmSLMA_gaussian" time="0.00199999999995271"/>
    <testcase classname="ds.glmSLMA_smk_gaussian" name="simple_glmSLMA_gaussian" time="0.00199999999995271"/>
    <testcase classname="ds.glmSLMA_smk_gaussian" name="simple_glmSLMA_gaussian" time="0.000999999999976353"/>
    <testcase classname="ds.glmSLMA_smk_gaussian" name="simple_glmSLMA_gaussian" time="0.00199999999995271"/>
    <testcase classname="ds.glmSLMA_smk_gaussian" name="simple_glmSLMA_gaussian" time="0.00100000000020373"/>
    <testcase classname="ds.glmSLMA_smk_gaussian" name="simple_glmSLMA_gaussian" time="0.000999999999976353"/>
    <testcase classname="ds.glmSLMA_smk_gaussian" name="simple_glmSLMA_gaussian" time="0.00199999999995271"/>
    <testcase classname="ds.glmSLMA_smk_gaussian" name="simple_glmSLMA_gaussian" time="0.000999999999976353"/>
  </testsuite>
  <testsuite errors="0" failures="0" hostname="fv-az14" name="ds.glmSLMA::smk::binomial" skipped="0" tests="40" time="5.021" timestamp="2020-10-27T19:12:42Z">
    <testcase classname="ds.glmSLMA_smk_binomial" name="simple_glmSLMA_binomial" time="4.97199999999998"/>
    <testcase classname="ds.glmSLMA_smk_binomial" name="simple_glmSLMA_binomial" time="0.000999999999976353"/>
    <testcase classname="ds.glmSLMA_smk_binomial" name="simple_glmSLMA_binomial" time="0.000999999999976353"/>
    <testcase classname="ds.glmSLMA_smk_binomial" name="simple_glmSLMA_binomial" time="0.000999999999976353"/>
    <testcase classname="ds.glmSLMA_smk_binomial" name="simple_glmSLMA_binomial" time="0.00100000000020373"/>
    <testcase classname="ds.glmSLMA_smk_binomial" name="simple_glmSLMA_binomial" time="0.000999999999976353"/>
    <testcase classname="ds.glmSLMA_smk_binomial" name="simple_glmSLMA_binomial" time="0.00199999999995271"/>
    <testcase classname="ds.glmSLMA_smk_binomial" name="simple_glmSLMA_binomial" time="0.000999999999976353"/>
    <testcase classname="ds.glmSLMA_smk_binomial" name="simple_glmSLMA_binomial" time="0.000999999999976353"/>
    <testcase classname="ds.glmSLMA_smk_binomial" name="simple_glmSLMA_binomial" time="0.000999999999976353"/>
    <testcase classname="ds.glmSLMA_smk_binomial" name="simple_glmSLMA_binomial" time="0.000999999999976353"/>
    <testcase classname="ds.glmSLMA_smk_binomial" name="simple_glmSLMA_binomial" time="0.000999999999976353"/>
    <testcase classname="ds.glmSLMA_smk_binomial" name="simple_glmSLMA_binomial" time="0.00100000000020373"/>
    <testcase classname="ds.glmSLMA_smk_binomial" name="simple_glmSLMA_binomial" time="0.000999999999976353"/>
    <testcase classname="ds.glmSLMA_smk_binomial" name="simple_glmSLMA_binomial" time="0.00199999999995271"/>
    <testcase classname="ds.glmSLMA_smk_binomial" name="simple_glmSLMA_binomial" time="0.000999999999976353"/>
    <testcase classname="ds.glmSLMA_smk_binomial" name="simple_glmSLMA_binomial" time="0.000999999999976353"/>
    <testcase classname="ds.glmSLMA_smk_binomial" name="simple_glmSLMA_binomial" time="0.000999999999976353"/>
    <testcase classname="ds.glmSLMA_smk_binomial" name="simple_glmSLMA_binomial" time="0.000999999999976353"/>
    <testcase classname="ds.glmSLMA_smk_binomial" name="simple_glmSLMA_binomial" time="0.00199999999995271"/>
    <testcase classname="ds.glmSLMA_smk_binomial" name="simple_glmSLMA_binomial" time="0.00100000000020373"/>
    <testcase classname="ds.glmSLMA_smk_binomial" name="simple_glmSLMA_binomial" time="0.000999999999976353"/>
    <testcase classname="ds.glmSLMA_smk_binomial" name="simple_glmSLMA_binomial" time="0.000999999999976353"/>
    <testcase classname="ds.glmSLMA_smk_binomial" name="simple_glmSLMA_binomial" time="0.00199999999995271"/>
    <testcase classname="ds.glmSLMA_smk_binomial" name="simple_glmSLMA_binomial" time="0.000999999999976353"/>
    <testcase classname="ds.glmSLMA_smk_binomial" name="simple_glmSLMA_binomial" time="0.000999999999976353"/>
    <testcase classname="ds.glmSLMA_smk_binomial" name="simple_glmSLMA_binomial" time="0.00199999999995271"/>
    <testcase classname="ds.glmSLMA_smk_binomial" name="simple_glmSLMA_binomial" time="0.000999999999976353"/>
    <testcase classname="ds.glmSLMA_smk_binomial" name="simple_glmSLMA_binomial" time="0.00100000000020373"/>
    <testcase classname="ds.glmSLMA_smk_binomial" name="simple_glmSLMA_binomial" time="0.00199999999995271"/>
    <testcase classname="ds.glmSLMA_smk_binomial" name="simple_glmSLMA_binomial" time="0.000999999999976353"/>
    <testcase classname="ds.glmSLMA_smk_binomial" name="simple_glmSLMA_binomial" time="0.00199999999995271"/>
    <testcase classname="ds.glmSLMA_smk_binomial" name="simple_glmSLMA_binomial" time="0.000999999999976353"/>
    <testcase classname="ds.glmSLMA_smk_binomial" name="simple_glmSLMA_binomial" time="0.00199999999995271"/>
    <testcase classname="ds.glmSLMA_smk_binomial" name="simple_glmSLMA_binomial" time="0.00100000000020373"/>
    <testcase classname="ds.glmSLMA_smk_binomial" name="simple_glmSLMA_binomial" time="0.000999999999976353"/>
    <testcase classname="ds.glmSLMA_smk_binomial" name="simple_glmSLMA_binomial" time="0.00199999999995271"/>
    <testcase classname="ds.glmSLMA_smk_binomial" name="simple_glmSLMA_binomial" time="0.000999999999976353"/>
    <testcase classname="ds.glmSLMA_smk_binomial" name="simple_glmSLMA_binomial" time="0.00199999999995271"/>
    <testcase classname="ds.glmSLMA_smk_binomial" name="simple_glmSLMA_binomial" time="0.000999999999976353"/>
  </testsuite>
  <testsuite errors="0" failures="0" hostname="fv-az14" name="ds.glmSLMA::smk::poisson" skipped="0" tests="47" time="1.717" timestamp="2020-10-27T19:12:47Z">
    <testcase classname="ds.glmSLMA_smk_poisson" name="simple_glmSLMA_poisson" time="1.65599999999995"/>
    <testcase classname="ds.glmSLMA_smk_poisson" name="simple_glmSLMA_poisson" time="0.00100000000020373"/>
    <testcase classname="ds.glmSLMA_smk_poisson" name="simple_glmSLMA_poisson" time="0.000999999999976353"/>
    <testcase classname="ds.glmSLMA_smk_poisson" name="simple_glmSLMA_poisson" time="0.000999999999976353"/>
    <testcase classname="ds.glmSLMA_smk_poisson" name="simple_glmSLMA_poisson" time="0.000999999999976353"/>
    <testcase classname="ds.glmSLMA_smk_poisson" name="simple_glmSLMA_poisson" time="0.000999999999976353"/>
    <testcase classname="ds.glmSLMA_smk_poisson" name="simple_glmSLMA_poisson" time="0.000999999999976353"/>
    <testcase classname="ds.glmSLMA_smk_poisson" name="simple_glmSLMA_poisson" time="0.00199999999995271"/>
    <testcase classname="ds.glmSLMA_smk_poisson" name="simple_glmSLMA_poisson" time="0.000999999999976353"/>
    <testcase classname="ds.glmSLMA_smk_poisson" name="simple_glmSLMA_poisson" time="0.00100000000020373"/>
    <testcase classname="ds.glmSLMA_smk_poisson" name="simple_glmSLMA_poisson" time="0.000999999999976353"/>
    <testcase classname="ds.glmSLMA_smk_poisson" name="simple_glmSLMA_poisson" time="0.000999999999976353"/>
    <testcase classname="ds.glmSLMA_smk_poisson" name="simple_glmSLMA_poisson" time="0.000999999999976353"/>
    <testcase classname="ds.glmSLMA_smk_poisson" name="simple_glmSLMA_poisson" time="0.000999999999976353"/>
    <testcase classname="ds.glmSLMA_smk_poisson" name="simple_glmSLMA_poisson" time="0.000999999999976353"/>
    <testcase classname="ds.glmSLMA_smk_poisson" name="simple_glmSLMA_poisson" time="0.00199999999995271"/>
    <testcase classname="ds.glmSLMA_smk_poisson" name="simple_glmSLMA_poisson" time="0.000999999999976353"/>
    <testcase classname="ds.glmSLMA_smk_poisson" name="simple_glmSLMA_poisson" time="0.000999999999976353"/>
    <testcase classname="ds.glmSLMA_smk_poisson" name="simple_glmSLMA_poisson" time="0.00200000000018008"/>
    <testcase classname="ds.glmSLMA_smk_poisson" name="simple_glmSLMA_poisson" time="0.000999999999976353"/>
    <testcase classname="ds.glmSLMA_smk_poisson" name="simple_glmSLMA_poisson" time="0.000999999999976353"/>
    <testcase classname="ds.glmSLMA_smk_poisson" name="simple_glmSLMA_poisson" time="0.000999999999976353"/>
    <testcase classname="ds.glmSLMA_smk_poisson" name="simple_glmSLMA_poisson" time="0.000999999999976353"/>
    <testcase classname="ds.glmSLMA_smk_poisson" name="simple_glmSLMA_poisson" time="0.000999999999976353"/>
    <testcase classname="ds.glmSLMA_smk_poisson" name="simple_glmSLMA_poisson" time="0.000999999999976353"/>
    <testcase classname="ds.glmSLMA_smk_poisson" name="simple_glmSLMA_poisson" time="0.00200000000018008"/>
    <testcase classname="ds.glmSLMA_smk_poisson" name="simple_glmSLMA_poisson" time="0.000999999999976353"/>
    <testcase classname="ds.glmSLMA_smk_poisson" name="simple_glmSLMA_poisson" time="0.00199999999995271"/>
    <testcase classname="ds.glmSLMA_smk_poisson" name="simple_glmSLMA_poisson" time="0.000999999999976353"/>
    <testcase classname="ds.glmSLMA_smk_poisson" name="simple_glmSLMA_poisson" time="0.00199999999995271"/>
    <testcase classname="ds.glmSLMA_smk_poisson" name="simple_glmSLMA_poisson" time="0.000999999999976353"/>
    <testcase classname="ds.glmSLMA_smk_poisson" name="simple_glmSLMA_poisson" time="0.00200000000018008"/>
    <testcase classname="ds.glmSLMA_smk_poisson" name="simple_glmSLMA_poisson" time="0.000999999999976353"/>
    <testcase classname="ds.glmSLMA_smk_poisson" name="simple_glmSLMA_poisson" time="0.000999999999976353"/>
    <testcase classname="ds.glmSLMA_smk_poisson" name="simple_glmSLMA_poisson" time="0.00199999999995271"/>
    <testcase classname="ds.glmSLMA_smk_poisson" name="simple_glmSLMA_poisson" time="0.000999999999976353"/>
    <testcase classname="ds.glmSLMA_smk_poisson" name="simple_glmSLMA_poisson" time="0.00199999999995271"/>
    <testcase classname="ds.glmSLMA_smk_poisson" name="simple_glmSLMA_poisson" time="0.00199999999995271"/>
    <testcase classname="ds.glmSLMA_smk_poisson" name="simple_glmSLMA_poisson" time="0.00100000000020373"/>
    <testcase classname="ds.glmSLMA_smk_poisson" name="simple_glmSLMA_poisson" time="0.00199999999995271"/>
    <testcase classname="ds.glmSLMA_smk_poisson" name="simple_glmSLMA_poisson" time="0.000999999999976353"/>
    <testcase classname="ds.glmSLMA_smk_poisson" name="simple_glmSLMA_poisson" time="0.00199999999995271"/>
    <testcase classname="ds.glmSLMA_smk_poisson" name="simple_glmSLMA_poisson" time="0.00199999999995271"/>
    <testcase classname="ds.glmSLMA_smk_poisson" name="simple_glmSLMA_poisson" time="0.000999999999976353"/>
    <testcase classname="ds.glmSLMA_smk_poisson" name="simple_glmSLMA_poisson" time="0.00200000000018008"/>
    <testcase classname="ds.glmSLMA_smk_poisson" name="simple_glmSLMA_poisson" time="0.000999999999976353"/>
    <testcase classname="ds.glmSLMA_smk_poisson" name="simple_glmSLMA_poisson" time="0.00199999999995271"/>
  </testsuite>
  <testsuite errors="0" failures="0" hostname="fv-az14" name="ds.glmSLMA::smk::shutdown" skipped="0" tests="3" time="0.268" timestamp="2020-10-27T19:12:49Z">
    <testcase classname="ds.glmSLMA_smk_shutdown" name="shutdown" time="0.266000000000076"/>
    <testcase classname="ds.glmSLMA_smk_shutdown" name="shutdown" time="0.000999999999976353"/>
    <testcase classname="ds.glmSLMA_smk_shutdown" name="shutdown" time="0.000999999999976353"/>
  </testsuite>
  <testsuite errors="0" failures="0" hostname="fv-az14" name="ds.glmSLMA::smk::done" skipped="0" tests="0" time="0" timestamp="2020-10-27T19:12:50Z"/>
  <testsuite errors="0" failures="0" hostname="fv-az14" name="ds.glmSummary::smk::setup" skipped="0" tests="3" time="5.082" timestamp="2020-10-27T19:12:50Z">
    <testcase classname="ds.glmSummary_smk_setup" name="setup" time="5.07999999999993"/>
    <testcase classname="ds.glmSummary_smk_setup" name="setup" time="0.000999999999976353"/>
    <testcase classname="ds.glmSummary_smk_setup" name="setup" time="0.000999999999976353"/>
  </testsuite>
  <testsuite errors="0" failures="0" hostname="fv-az14" name="ds.glmSummary::smk::gaussian" skipped="0" tests="46" time="4.864" timestamp="2020-10-27T19:12:54Z">
    <testcase classname="ds.glmSummary_smk_gaussian" name="simple_glmSummary_gaussian_without_newobj" time="1.36400000000003"/>
    <testcase classname="ds.glmSummary_smk_gaussian" name="simple_glmSummary_gaussian_without_newobj" time="0.00199999999995271"/>
    <testcase classname="ds.glmSummary_smk_gaussian" name="simple_glmSummary_gaussian_without_newobj" time="0.000999999999976353"/>
    <testcase classname="ds.glmSummary_smk_gaussian" name="simple_glmSummary_gaussian_without_newobj" time="0.00100000000020373"/>
    <testcase classname="ds.glmSummary_smk_gaussian" name="simple_glmSummary_gaussian_without_newobj" time="1.02800000000002"/>
    <testcase classname="ds.glmSummary_smk_gaussian" name="simple_glmSummary_gaussian_without_newobj" time="0.000999999999976353"/>
    <testcase classname="ds.glmSummary_smk_gaussian" name="simple_glmSummary_gaussian_without_newobj" time="0.000999999999976353"/>
    <testcase classname="ds.glmSummary_smk_gaussian" name="simple_glmSummary_gaussian_without_newobj" time="0.000999999999976353"/>
    <testcase classname="ds.glmSummary_smk_gaussian" name="simple_glmSummary_gaussian_without_newobj" time="0.000999999999976353"/>
    <testcase classname="ds.glmSummary_smk_gaussian" name="simple_glmSummary_gaussian_without_newobj" time="0.000999999999976353"/>
    <testcase classname="ds.glmSummary_smk_gaussian" name="simple_glmSummary_gaussian_without_newobj" time="0.00199999999995271"/>
    <testcase classname="ds.glmSummary_smk_gaussian" name="simple_glmSummary_gaussian_without_newobj" time="0.000999999999976353"/>
    <testcase classname="ds.glmSummary_smk_gaussian" name="simple_glmSummary_gaussian_without_newobj" time="0.000999999999976353"/>
    <testcase classname="ds.glmSummary_smk_gaussian" name="simple_glmSummary_gaussian_without_newobj" time="0.00100000000020373"/>
    <testcase classname="ds.glmSummary_smk_gaussian" name="simple_glmSummary_gaussian_without_newobj" time="0.000999999999976353"/>
    <testcase classname="ds.glmSummary_smk_gaussian" name="simple_glmSummary_gaussian_without_newobj" time="0.000999999999976353"/>
    <testcase classname="ds.glmSummary_smk_gaussian" name="simple_glmSummary_gaussian_without_newobj" time="0.00199999999995271"/>
    <testcase classname="ds.glmSummary_smk_gaussian" name="simple_glmSummary_gaussian_without_newobj" time="0.000999999999976353"/>
    <testcase classname="ds.glmSummary_smk_gaussian" name="simple_glmSummary_gaussian_without_newobj" time="0.000999999999976353"/>
    <testcase classname="ds.glmSummary_smk_gaussian" name="simple_glmSummary_gaussian_without_newobj" time="0.000999999999976353"/>
    <testcase classname="ds.glmSummary_smk_gaussian" name="simple_glmSummary_gaussian_without_newobj" time="0.00199999999995271"/>
    <testcase classname="ds.glmSummary_smk_gaussian" name="simple_glmSummary_gaussian_without_newobj" time="0.00100000000020373"/>
    <testcase classname="ds.glmSummary_smk_gaussian" name="simple_glmSummary_gaussian_without_newobj" time="0.000999999999976353"/>
    <testcase classname="ds.glmSummary_smk_gaussian" name="simple_glmSummary_gaussian" time="1.33500000000004"/>
    <testcase classname="ds.glmSummary_smk_gaussian" name="simple_glmSummary_gaussian" time="0.00199999999995271"/>
    <testcase classname="ds.glmSummary_smk_gaussian" name="simple_glmSummary_gaussian" time="0.000999999999976353"/>
    <testcase classname="ds.glmSummary_smk_gaussian" name="simple_glmSummary_gaussian" time="0.00199999999995271"/>
    <testcase classname="ds.glmSummary_smk_gaussian" name="simple_glmSummary_gaussian" time="1.07799999999997"/>
    <testcase classname="ds.glmSummary_smk_gaussian" name="simple_glmSummary_gaussian" time="0.00199999999995271"/>
    <testcase classname="ds.glmSummary_smk_gaussian" name="simple_glmSummary_gaussian" time="0.00200000000018008"/>
    <testcase classname="ds.glmSummary_smk_gaussian" name="simple_glmSummary_gaussian" time="0.000999999999976353"/>
    <testcase classname="ds.glmSummary_smk_gaussian" name="simple_glmSummary_gaussian" time="0.00199999999995271"/>
    <testcase classname="ds.glmSummary_smk_gaussian" name="simple_glmSummary_gaussian" time="0.000999999999976353"/>
    <testcase classname="ds.glmSummary_smk_gaussian" name="simple_glmSummary_gaussian" time="0.00199999999995271"/>
    <testcase classname="ds.glmSummary_smk_gaussian" name="simple_glmSummary_gaussian" time="0.000999999999976353"/>
    <testcase classname="ds.glmSummary_smk_gaussian" name="simple_glmSummary_gaussian" time="0.00200000000018008"/>
    <testcase classname="ds.glmSummary_smk_gaussian" name="simple_glmSummary_gaussian" time="0.000999999999976353"/>
    <testcase classname="ds.glmSummary_smk_gaussian" name="simple_glmSummary_gaussian" time="0.00199999999995271"/>
    <testcase classname="ds.glmSummary_smk_gaussian" name="simple_glmSummary_gaussian" time="0.000999999999976353"/>
    <testcase classname="ds.glmSummary_smk_gaussian" name="simple_glmSummary_gaussian" time="0.00199999999995271"/>
    <testcase classname="ds.glmSummary_smk_gaussian" name="simple_glmSummary_gaussian" time="0.00199999999995271"/>
    <testcase classname="ds.glmSummary_smk_gaussian" name="simple_glmSummary_gaussian" time="0.000999999999976353"/>
    <testcase classname="ds.glmSummary_smk_gaussian" name="simple_glmSummary_gaussian" time="0.00200000000018008"/>
    <testcase classname="ds.glmSummary_smk_gaussian" name="simple_glmSummary_gaussian" time="0.000999999999976353"/>
    <testcase classname="ds.glmSummary_smk_gaussian" name="simple_glmSummary_gaussian" time="0.00199999999995271"/>
    <testcase classname="ds.glmSummary_smk_gaussian" name="simple_glmSummary_gaussian" time="0.00199999999995271"/>
  </testsuite>
  <testsuite errors="0" failures="0" hostname="fv-az14" name="ds.glmSummary::smk::poisson" skipped="0" tests="46" time="5.439" timestamp="2020-10-27T19:12:59Z">
    <testcase classname="ds.glmSummary_smk_poisson" name="simple_glmSummary_poisson_without_newobj" time="1.65300000000002"/>
    <testcase classname="ds.glmSummary_smk_poisson" name="simple_glmSummary_poisson_without_newobj" time="0.000999999999976353"/>
    <testcase classname="ds.glmSummary_smk_poisson" name="simple_glmSummary_poisson_without_newobj" time="0.000999999999976353"/>
    <testcase classname="ds.glmSummary_smk_poisson" name="simple_glmSummary_poisson_without_newobj" time="0.000999999999976353"/>
    <testcase classname="ds.glmSummary_smk_poisson" name="simple_glmSummary_poisson_without_newobj" time="1.0440000000001"/>
    <testcase classname="ds.glmSummary_smk_poisson" name="simple_glmSummary_poisson_without_newobj" time="0.000999999999976353"/>
    <testcase classname="ds.glmSummary_smk_poisson" name="simple_glmSummary_poisson_without_newobj" time="0.000999999999976353"/>
    <testcase classname="ds.glmSummary_smk_poisson" name="simple_glmSummary_poisson_without_newobj" time="0.000999999999976353"/>
    <testcase classname="ds.glmSummary_smk_poisson" name="simple_glmSummary_poisson_without_newobj" time="0.000999999999976353"/>
    <testcase classname="ds.glmSummary_smk_poisson" name="simple_glmSummary_poisson_without_newobj" time="0.00100000000020373"/>
    <testcase classname="ds.glmSummary_smk_poisson" name="simple_glmSummary_poisson_without_newobj" time="0.000999999999976353"/>
    <testcase classname="ds.glmSummary_smk_poisson" name="simple_glmSummary_poisson_without_newobj" time="0.000999999999976353"/>
    <testcase classname="ds.glmSummary_smk_poisson" name="simple_glmSummary_poisson_without_newobj" time="0.00199999999995271"/>
    <testcase classname="ds.glmSummary_smk_poisson" name="simple_glmSummary_poisson_without_newobj" time="0.000999999999976353"/>
    <testcase classname="ds.glmSummary_smk_poisson" name="simple_glmSummary_poisson_without_newobj" time="0.000999999999976353"/>
    <testcase classname="ds.glmSummary_smk_poisson" name="simple_glmSummary_poisson_without_newobj" time="0.000999999999976353"/>
    <testcase classname="ds.glmSummary_smk_poisson" name="simple_glmSummary_poisson_without_newobj" time="0.000999999999976353"/>
    <testcase classname="ds.glmSummary_smk_poisson" name="simple_glmSummary_poisson_without_newobj" time="0.000999999999976353"/>
    <testcase classname="ds.glmSummary_smk_poisson" name="simple_glmSummary_poisson_without_newobj" time="0.00200000000018008"/>
    <testcase classname="ds.glmSummary_smk_poisson" name="simple_glmSummary_poisson_without_newobj" time="0.000999999999976353"/>
    <testcase classname="ds.glmSummary_smk_poisson" name="simple_glmSummary_poisson_without_newobj" time="0.000999999999976353"/>
    <testcase classname="ds.glmSummary_smk_poisson" name="simple_glmSummary_poisson_without_newobj" time="0.000999999999976353"/>
    <testcase classname="ds.glmSummary_smk_poisson" name="simple_glmSummary_poisson_without_newobj" time="0.00199999999995271"/>
    <testcase classname="ds.glmSummary_smk_poisson" name="simple_glmSummary_poisson" time="1.63200000000006"/>
    <testcase classname="ds.glmSummary_smk_poisson" name="simple_glmSummary_poisson" time="0.00199999999995271"/>
    <testcase classname="ds.glmSummary_smk_poisson" name="simple_glmSummary_poisson" time="0.000999999999976353"/>
    <testcase classname="ds.glmSummary_smk_poisson" name="simple_glmSummary_poisson" time="0.000999999999976353"/>
    <testcase classname="ds.glmSummary_smk_poisson" name="simple_glmSummary_poisson" time="1.05500000000006"/>
    <testcase classname="ds.glmSummary_smk_poisson" name="simple_glmSummary_poisson" time="0.00199999999995271"/>
    <testcase classname="ds.glmSummary_smk_poisson" name="simple_glmSummary_poisson" time="0.000999999999976353"/>
    <testcase classname="ds.glmSummary_smk_poisson" name="simple_glmSummary_poisson" time="0.00200000000018008"/>
    <testcase classname="ds.glmSummary_smk_poisson" name="simple_glmSummary_poisson" time="0.000999999999976353"/>
    <testcase classname="ds.glmSummary_smk_poisson" name="simple_glmSummary_poisson" time="0.00199999999995271"/>
    <testcase classname="ds.glmSummary_smk_poisson" name="simple_glmSummary_poisson" time="0.000999999999976353"/>
    <testcase classname="ds.glmSummary_smk_poisson" name="simple_glmSummary_poisson" time="0.000999999999976353"/>
    <testcase classname="ds.glmSummary_smk_poisson" name="simple_glmSummary_poisson" time="0.00199999999995271"/>
    <testcase classname="ds.glmSummary_smk_poisson" name="simple_glmSummary_poisson" time="0.000999999999976353"/>
    <testcase classname="ds.glmSummary_smk_poisson" name="simple_glmSummary_poisson" time="0.00200000000018008"/>
    <testcase classname="ds.glmSummary_smk_poisson" name="simple_glmSummary_poisson" time="0.000999999999976353"/>
    <testcase classname="ds.glmSummary_smk_poisson" name="simple_glmSummary_poisson" time="0.00199999999995271"/>
    <testcase classname="ds.glmSummary_smk_poisson" name="simple_glmSummary_poisson" time="0.000999999999976353"/>
    <testcase classname="ds.glmSummary_smk_poisson" name="simple_glmSummary_poisson" time="0.00199999999995271"/>
    <testcase classname="ds.glmSummary_smk_poisson" name="simple_glmSummary_poisson" time="0.00200000000018008"/>
    <testcase classname="ds.glmSummary_smk_poisson" name="simple_glmSummary_poisson" time="0.000999999999976353"/>
    <testcase classname="ds.glmSummary_smk_poisson" name="simple_glmSummary_poisson" time="0.00199999999995271"/>
    <testcase classname="ds.glmSummary_smk_poisson" name="simple_glmSummary_poisson" time="0.000999999999976353"/>
  </testsuite>
  <testsuite errors="0" failures="0" hostname="fv-az14" name="ds.glmSummary::smk::shutdown" skipped="0" tests="3" time="0.271" timestamp="2020-10-27T19:13:05Z">
    <testcase classname="ds.glmSummary_smk_shutdown" name="shutdown" time="0.268000000000029"/>
    <testcase classname="ds.glmSummary_smk_shutdown" name="shutdown" time="0.00199999999995271"/>
    <testcase classname="ds.glmSummary_smk_shutdown" name="shutdown" time="0.000999999999976353"/>
  </testsuite>
  <testsuite errors="0" failures="0" hostname="fv-az14" name="ds.glmSummary::smk::done" skipped="0" tests="0" time="0" timestamp="2020-10-27T19:13:06Z"/>
  <testsuite errors="0" failures="0" hostname="fv-az14" name="ds.isNA::smk::setup" skipped="0" tests="3" time="5.056" timestamp="2020-10-27T19:13:06Z">
    <testcase classname="ds.isNA_smk_setup" name="setup" time="5.05400000000009"/>
    <testcase classname="ds.isNA_smk_setup" name="setup" time="0.000999999999976353"/>
    <testcase classname="ds.isNA_smk_setup" name="setup" time="0.000999999999976353"/>
  </testsuite>
  <testsuite errors="0" failures="0" hostname="fv-az14" name="ds.isNA::smk" skipped="0" tests="3" time="1.684" timestamp="2020-10-27T19:13:10Z">
    <testcase classname="ds.isNA_smk" name="isNA" time="1.68200000000002"/>
    <testcase classname="ds.isNA_smk" name="isNA" time="0.000999999999976353"/>
    <testcase classname="ds.isNA_smk" name="isNA" time="0.000999999999976353"/>
  </testsuite>
  <testsuite errors="0" failures="0" hostname="fv-az14" name="ds.isNA::smk::shutdown" skipped="0" tests="3" time="0.28" timestamp="2020-10-27T19:13:12Z">
    <testcase classname="ds.isNA_smk_shutdown" name="shutdown" time="0.27800000000002"/>
    <testcase classname="ds.isNA_smk_shutdown" name="shutdown" time="0.000999999999976353"/>
    <testcase classname="ds.isNA_smk_shutdown" name="shutdown" time="0.000999999999976353"/>
  </testsuite>
  <testsuite errors="0" failures="0" hostname="fv-az14" name="ds.isNA::smk::done" skipped="0" tests="0" time="0" timestamp="2020-10-27T19:13:13Z"/>
  <testsuite errors="0" failures="0" hostname="fv-az14" name="ds.isValid::smk::setup" skipped="0" tests="3" time="5.053" timestamp="2020-10-27T19:13:13Z">
    <testcase classname="ds.isValid_smk_setup" name="setup" time="5.04999999999995"/>
    <testcase classname="ds.isValid_smk_setup" name="setup" time="0.00200000000018008"/>
    <testcase classname="ds.isValid_smk_setup" name="setup" time="0.000999999999976353"/>
  </testsuite>
  <testsuite errors="0" failures="0" hostname="fv-az14" name="ds.isValid::smk" skipped="0" tests="7" time="1.203" timestamp="2020-10-27T19:13:17Z">
    <testcase classname="ds.isValid_smk" name="isValid" time="1.19699999999989"/>
    <testcase classname="ds.isValid_smk" name="isValid" time="0.000999999999976353"/>
    <testcase classname="ds.isValid_smk" name="isValid" time="0.000999999999976353"/>
    <testcase classname="ds.isValid_smk" name="isValid" time="0.00100000000020373"/>
    <testcase classname="ds.isValid_smk" name="isValid" time="0.000999999999976353"/>
    <testcase classname="ds.isValid_smk" name="isValid" time="0.000999999999976353"/>
    <testcase classname="ds.isValid_smk" name="isValid" time="0.000999999999976353"/>
  </testsuite>
  <testsuite errors="0" failures="0" hostname="fv-az14" name="ds.isValid::smk::shutdown" skipped="0" tests="3" time="0.272" timestamp="2020-10-27T19:13:18Z">
    <testcase classname="ds.isValid_smk_shutdown" name="shutdown" time="0.269999999999982"/>
    <testcase classname="ds.isValid_smk_shutdown" name="shutdown" time="0.000999999999976353"/>
    <testcase classname="ds.isValid_smk_shutdown" name="shutdown" time="0.000999999999976353"/>
  </testsuite>
  <testsuite errors="0" failures="0" hostname="fv-az14" name="ds.isValid::smk::done" skipped="0" tests="0" time="0" timestamp="2020-10-27T19:13:19Z"/>
  <testsuite errors="0" failures="0" hostname="fv-az14" name="ds.kurtosis::smk::setup" skipped="0" tests="3" time="5.101" timestamp="2020-10-27T19:13:19Z">
    <testcase classname="ds.kurtosis_smk_setup" name="setup" time="5.09899999999993"/>
    <testcase classname="ds.kurtosis_smk_setup" name="setup" time="0.00100000000020373"/>
    <testcase classname="ds.kurtosis_smk_setup" name="setup" time="0.000999999999976353"/>
  </testsuite>
  <testsuite errors="0" failures="0" hostname="fv-az14" name="ds.kurtosis::smk::method 1::split" skipped="0" tests="70" time="6.116" timestamp="2020-10-27T19:13:24Z">
    <testcase classname="ds.kurtosis_smk_method_1_split" name="simple_kurtosis_method_1_split_on_LAB_TSC" time="1.20100000000002"/>
    <testcase classname="ds.kurtosis_smk_method_1_split" name="simple_kurtosis_method_1_split_on_LAB_TSC" time="0.00199999999995271"/>
    <testcase classname="ds.kurtosis_smk_method_1_split" name="simple_kurtosis_method_1_split_on_LAB_TSC" time="0.000999999999976353"/>
    <testcase classname="ds.kurtosis_smk_method_1_split" name="simple_kurtosis_method_1_split_on_LAB_TSC" time="0.000999999999976353"/>
    <testcase classname="ds.kurtosis_smk_method_1_split" name="simple_kurtosis_method_1_split_on_LAB_TSC" time="0.000999999999976353"/>
    <testcase classname="ds.kurtosis_smk_method_1_split" name="simple_kurtosis_method_1_split_on_LAB_TSC" time="0.000999999999976353"/>
    <testcase classname="ds.kurtosis_smk_method_1_split" name="simple_kurtosis_method_1_split_on_LAB_TSC" time="0.000999999999976353"/>
    <testcase classname="ds.kurtosis_smk_method_1_split" name="simple_kurtosis_method_1_split_on_LAB_TSC" time="0.000999999999976353"/>
    <testcase classname="ds.kurtosis_smk_method_1_split" name="simple_kurtosis_method_1_split_on_LAB_TSC" time="0.000999999999976353"/>
    <testcase classname="ds.kurtosis_smk_method_1_split" name="simple_kurtosis_method_1_split_on_LAB_TSC" time="0.00100000000020373"/>
    <testcase classname="ds.kurtosis_smk_method_1_split" name="simple_kurtosis_method_1_split_on_LAB_TSC" time="0.00199999999995271"/>
    <testcase classname="ds.kurtosis_smk_method_1_split" name="simple_kurtosis_method_1_split_on_LAB_TSC" time="0.000999999999976353"/>
    <testcase classname="ds.kurtosis_smk_method_1_split" name="simple_kurtosis_method_1_split_on_LAB_TSC" time="0.000999999999976353"/>
    <testcase classname="ds.kurtosis_smk_method_1_split" name="simple_kurtosis_method_1_split_on_LAB_TSC" time="0.000999999999976353"/>
    <testcase classname="ds.kurtosis_smk_method_1_split" name="simple_kurtosis_method_1_split_on_LAB_TRIG" time="1.20600000000013"/>
    <testcase classname="ds.kurtosis_smk_method_1_split" name="simple_kurtosis_method_1_split_on_LAB_TRIG" time="0.00899999999978718"/>
    <testcase classname="ds.kurtosis_smk_method_1_split" name="simple_kurtosis_method_1_split_on_LAB_TRIG" time="0.00100000000020373"/>
    <testcase classname="ds.kurtosis_smk_method_1_split" name="simple_kurtosis_method_1_split_on_LAB_TRIG" time="0.000999999999976353"/>
    <testcase classname="ds.kurtosis_smk_method_1_split" name="simple_kurtosis_method_1_split_on_LAB_TRIG" time="0.00199999999995271"/>
    <testcase classname="ds.kurtosis_smk_method_1_split" name="simple_kurtosis_method_1_split_on_LAB_TRIG" time="0.000999999999976353"/>
    <testcase classname="ds.kurtosis_smk_method_1_split" name="simple_kurtosis_method_1_split_on_LAB_TRIG" time="0.000999999999976353"/>
    <testcase classname="ds.kurtosis_smk_method_1_split" name="simple_kurtosis_method_1_split_on_LAB_TRIG" time="0.000999999999976353"/>
    <testcase classname="ds.kurtosis_smk_method_1_split" name="simple_kurtosis_method_1_split_on_LAB_TRIG" time="0.00199999999995271"/>
    <testcase classname="ds.kurtosis_smk_method_1_split" name="simple_kurtosis_method_1_split_on_LAB_TRIG" time="0.000999999999976353"/>
    <testcase classname="ds.kurtosis_smk_method_1_split" name="simple_kurtosis_method_1_split_on_LAB_TRIG" time="0.00100000000020373"/>
    <testcase classname="ds.kurtosis_smk_method_1_split" name="simple_kurtosis_method_1_split_on_LAB_TRIG" time="0.00199999999995271"/>
    <testcase classname="ds.kurtosis_smk_method_1_split" name="simple_kurtosis_method_1_split_on_LAB_TRIG" time="0.000999999999976353"/>
    <testcase classname="ds.kurtosis_smk_method_1_split" name="simple_kurtosis_method_1_split_on_LAB_TRIG" time="0.00199999999995271"/>
    <testcase classname="ds.kurtosis_smk_method_1_split" name="simple_kurtosis_method_1_split_on_LAB_HDL" time="1.19399999999996"/>
    <testcase classname="ds.kurtosis_smk_method_1_split" name="simple_kurtosis_method_1_split_on_LAB_HDL" time="0.000999999999976353"/>
    <testcase classname="ds.kurtosis_smk_method_1_split" name="simple_kurtosis_method_1_split_on_LAB_HDL" time="0.00200000000018008"/>
    <testcase classname="ds.kurtosis_smk_method_1_split" name="simple_kurtosis_method_1_split_on_LAB_HDL" time="0.000999999999976353"/>
    <testcase classname="ds.kurtosis_smk_method_1_split" name="simple_kurtosis_method_1_split_on_LAB_HDL" time="0.00199999999995271"/>
    <testcase classname="ds.kurtosis_smk_method_1_split" name="simple_kurtosis_method_1_split_on_LAB_HDL" time="0.000999999999976353"/>
    <testcase classname="ds.kurtosis_smk_method_1_split" name="simple_kurtosis_method_1_split_on_LAB_HDL" time="0.00199999999995271"/>
    <testcase classname="ds.kurtosis_smk_method_1_split" name="simple_kurtosis_method_1_split_on_LAB_HDL" time="0.000999999999976353"/>
    <testcase classname="ds.kurtosis_smk_method_1_split" name="simple_kurtosis_method_1_split_on_LAB_HDL" time="0.00200000000018008"/>
    <testcase classname="ds.kurtosis_smk_method_1_split" name="simple_kurtosis_method_1_split_on_LAB_HDL" time="0.000999999999976353"/>
    <testcase classname="ds.kurtosis_smk_method_1_split" name="simple_kurtosis_method_1_split_on_LAB_HDL" time="0.00199999999995271"/>
    <testcase classname="ds.kurtosis_smk_method_1_split" name="simple_kurtosis_method_1_split_on_LAB_HDL" time="0.00199999999995271"/>
    <testcase classname="ds.kurtosis_smk_method_1_split" name="simple_kurtosis_method_1_split_on_LAB_HDL" time="0.000999999999976353"/>
    <testcase classname="ds.kurtosis_smk_method_1_split" name="simple_kurtosis_method_1_split_on_LAB_HDL" time="0.00199999999995271"/>
    <testcase classname="ds.kurtosis_smk_method_1_split" name="simple_kurtosis_method_1_split_on_LAB_GLUC_ADJUSTED" time="1.19600000000014"/>
    <testcase classname="ds.kurtosis_smk_method_1_split" name="simple_kurtosis_method_1_split_on_LAB_GLUC_ADJUSTED" time="0.00199999999995271"/>
    <testcase classname="ds.kurtosis_smk_method_1_split" name="simple_kurtosis_method_1_split_on_LAB_GLUC_ADJUSTED" time="0.00199999999995271"/>
    <testcase classname="ds.kurtosis_smk_method_1_split" name="simple_kurtosis_method_1_split_on_LAB_GLUC_ADJUSTED" time="0.000999999999976353"/>
    <testcase classname="ds.kurtosis_smk_method_1_split" name="simple_kurtosis_method_1_split_on_LAB_GLUC_ADJUSTED" time="0.00199999999995271"/>
    <testcase classname="ds.kurtosis_smk_method_1_split" name="simple_kurtosis_method_1_split_on_LAB_GLUC_ADJUSTED" time="0.00200000000018008"/>
    <testcase classname="ds.kurtosis_smk_method_1_split" name="simple_kurtosis_method_1_split_on_LAB_GLUC_ADJUSTED" time="0.000999999999976353"/>
    <testcase classname="ds.kurtosis_smk_method_1_split" name="simple_kurtosis_method_1_split_on_LAB_GLUC_ADJUSTED" time="0.00199999999995271"/>
    <testcase classname="ds.kurtosis_smk_method_1_split" name="simple_kurtosis_method_1_split_on_LAB_GLUC_ADJUSTED" time="0.00199999999995271"/>
    <testcase classname="ds.kurtosis_smk_method_1_split" name="simple_kurtosis_method_1_split_on_LAB_GLUC_ADJUSTED" time="0.00199999999995271"/>
    <testcase classname="ds.kurtosis_smk_method_1_split" name="simple_kurtosis_method_1_split_on_LAB_GLUC_ADJUSTED" time="0.00100000000020373"/>
    <testcase classname="ds.kurtosis_smk_method_1_split" name="simple_kurtosis_method_1_split_on_LAB_GLUC_ADJUSTED" time="0.00199999999995271"/>
    <testcase classname="ds.kurtosis_smk_method_1_split" name="simple_kurtosis_method_1_split_on_LAB_GLUC_ADJUSTED" time="0.00199999999995271"/>
    <testcase classname="ds.kurtosis_smk_method_1_split" name="simple_kurtosis_method_1_split_on_LAB_GLUC_ADJUSTED" time="0.00199999999995271"/>
    <testcase classname="ds.kurtosis_smk_method_1_split" name="simple_kurtosis_method_1_split_on_PM_BMI_CONTINUOUS" time="1.21100000000001"/>
    <testcase classname="ds.kurtosis_smk_method_1_split" name="simple_kurtosis_method_1_split_on_PM_BMI_CONTINUOUS" time="0.00199999999995271"/>
    <testcase classname="ds.kurtosis_smk_method_1_split" name="simple_kurtosis_method_1_split_on_PM_BMI_CONTINUOUS" time="0.00200000000018008"/>
    <testcase classname="ds.kurtosis_smk_method_1_split" name="simple_kurtosis_method_1_split_on_PM_BMI_CONTINUOUS" time="0.000999999999976353"/>
    <testcase classname="ds.kurtosis_smk_method_1_split" name="simple_kurtosis_method_1_split_on_PM_BMI_CONTINUOUS" time="0.00199999999995271"/>
    <testcase classname="ds.kurtosis_smk_method_1_split" name="simple_kurtosis_method_1_split_on_PM_BMI_CONTINUOUS" time="0.00199999999995271"/>
    <testcase classname="ds.kurtosis_smk_method_1_split" name="simple_kurtosis_method_1_split_on_PM_BMI_CONTINUOUS" time="0.00199999999995271"/>
    <testcase classname="ds.kurtosis_smk_method_1_split" name="simple_kurtosis_method_1_split_on_PM_BMI_CONTINUOUS" time="0.00199999999995271"/>
    <testcase classname="ds.kurtosis_smk_method_1_split" name="simple_kurtosis_method_1_split_on_PM_BMI_CONTINUOUS" time="0.00200000000018008"/>
    <testcase classname="ds.kurtosis_smk_method_1_split" name="simple_kurtosis_method_1_split_on_PM_BMI_CONTINUOUS" time="0.00199999999995271"/>
    <testcase classname="ds.kurtosis_smk_method_1_split" name="simple_kurtosis_method_1_split_on_PM_BMI_CONTINUOUS" time="0.00199999999995271"/>
    <testcase classname="ds.kurtosis_smk_method_1_split" name="simple_kurtosis_method_1_split_on_PM_BMI_CONTINUOUS" time="0.00199999999995271"/>
    <testcase classname="ds.kurtosis_smk_method_1_split" name="simple_kurtosis_method_1_split_on_PM_BMI_CONTINUOUS" time="0.00199999999995271"/>
    <testcase classname="ds.kurtosis_smk_method_1_split" name="simple_kurtosis_method_1_split_on_PM_BMI_CONTINUOUS" time="0.00200000000018008"/>
  </testsuite>
  <testsuite errors="0" failures="0" hostname="fv-az14" name="ds.kurtosis::smk::method 1::combine" skipped="0" tests="40" time="7.359" timestamp="2020-10-27T19:13:30Z">
    <testcase classname="ds.kurtosis_smk_method_1_combine" name="simple_kurtosis_combine_on_LAB_TSC" time="1.48000000000002"/>
    <testcase classname="ds.kurtosis_smk_method_1_combine" name="simple_kurtosis_combine_on_LAB_TSC" time="0.00199999999995271"/>
    <testcase classname="ds.kurtosis_smk_method_1_combine" name="simple_kurtosis_combine_on_LAB_TSC" time="0.000999999999976353"/>
    <testcase classname="ds.kurtosis_smk_method_1_combine" name="simple_kurtosis_combine_on_LAB_TSC" time="0.000999999999976353"/>
    <testcase classname="ds.kurtosis_smk_method_1_combine" name="simple_kurtosis_combine_on_LAB_TSC" time="0.000999999999976353"/>
    <testcase classname="ds.kurtosis_smk_method_1_combine" name="simple_kurtosis_combine_on_LAB_TSC" time="0.000999999999976353"/>
    <testcase classname="ds.kurtosis_smk_method_1_combine" name="simple_kurtosis_combine_on_LAB_TSC" time="0.000999999999976353"/>
    <testcase classname="ds.kurtosis_smk_method_1_combine" name="simple_kurtosis_combine_on_LAB_TSC" time="0.000999999999976353"/>
    <testcase classname="ds.kurtosis_smk_method_1_combine" name="simple_kurtosis_method_1_combine_on_LAB_TRIG" time="1.4530000000002"/>
    <testcase classname="ds.kurtosis_smk_method_1_combine" name="simple_kurtosis_method_1_combine_on_LAB_TRIG" time="0.000999999999976353"/>
    <testcase classname="ds.kurtosis_smk_method_1_combine" name="simple_kurtosis_method_1_combine_on_LAB_TRIG" time="0.000999999999976353"/>
    <testcase classname="ds.kurtosis_smk_method_1_combine" name="simple_kurtosis_method_1_combine_on_LAB_TRIG" time="0.000999999999976353"/>
    <testcase classname="ds.kurtosis_smk_method_1_combine" name="simple_kurtosis_method_1_combine_on_LAB_TRIG" time="0.00900000000001455"/>
    <testcase classname="ds.kurtosis_smk_method_1_combine" name="simple_kurtosis_method_1_combine_on_LAB_TRIG" time="0.000999999999976353"/>
    <testcase classname="ds.kurtosis_smk_method_1_combine" name="simple_kurtosis_method_1_combine_on_LAB_TRIG" time="0.000999999999976353"/>
    <testcase classname="ds.kurtosis_smk_method_1_combine" name="simple_kurtosis_method_1_combine_on_LAB_TRIG" time="0.000999999999976353"/>
    <testcase classname="ds.kurtosis_smk_method_1_combine" name="simple_kurtosis_method_1_combine_on_LAB_HDL" time="1.44900000000007"/>
    <testcase classname="ds.kurtosis_smk_method_1_combine" name="simple_kurtosis_method_1_combine_on_LAB_HDL" time="0.000999999999976353"/>
    <testcase classname="ds.kurtosis_smk_method_1_combine" name="simple_kurtosis_method_1_combine_on_LAB_HDL" time="0.000999999999976353"/>
    <testcase classname="ds.kurtosis_smk_method_1_combine" name="simple_kurtosis_method_1_combine_on_LAB_HDL" time="0.000999999999976353"/>
    <testcase classname="ds.kurtosis_smk_method_1_combine" name="simple_kurtosis_method_1_combine_on_LAB_HDL" time="0.000999999999976353"/>
    <testcase classname="ds.kurtosis_smk_method_1_combine" name="simple_kurtosis_method_1_combine_on_LAB_HDL" time="0.000999999999976353"/>
    <testcase classname="ds.kurtosis_smk_method_1_combine" name="simple_kurtosis_method_1_combine_on_LAB_HDL" time="0.00200000000018008"/>
    <testcase classname="ds.kurtosis_smk_method_1_combine" name="simple_kurtosis_method_1_combine_on_LAB_HDL" time="0.000999999999976353"/>
    <testcase classname="ds.kurtosis_smk_method_1_combine" name="simple_kurtosis_method_1_combine_on_LAB_GLUC_ADJUSTED" time="1.46399999999994"/>
    <testcase classname="ds.kurtosis_smk_method_1_combine" name="simple_kurtosis_method_1_combine_on_LAB_GLUC_ADJUSTED" time="0.00199999999995271"/>
    <testcase classname="ds.kurtosis_smk_method_1_combine" name="simple_kurtosis_method_1_combine_on_LAB_GLUC_ADJUSTED" time="0.000999999999976353"/>
    <testcase classname="ds.kurtosis_smk_method_1_combine" name="simple_kurtosis_method_1_combine_on_LAB_GLUC_ADJUSTED" time="0.00200000000018008"/>
    <testcase classname="ds.kurtosis_smk_method_1_combine" name="simple_kurtosis_method_1_combine_on_LAB_GLUC_ADJUSTED" time="0.000999999999976353"/>
    <testcase classname="ds.kurtosis_smk_method_1_combine" name="simple_kurtosis_method_1_combine_on_LAB_GLUC_ADJUSTED" time="0.00199999999995271"/>
    <testcase classname="ds.kurtosis_smk_method_1_combine" name="simple_kurtosis_method_1_combine_on_LAB_GLUC_ADJUSTED" time="0.000999999999976353"/>
    <testcase classname="ds.kurtosis_smk_method_1_combine" name="simple_kurtosis_method_1_combine_on_LAB_GLUC_ADJUSTED" time="0.00199999999995271"/>
    <testcase classname="ds.kurtosis_smk_method_1_combine" name="simple_kurtosis_method_1_combine_on_PM_BMI_CONTINUOUS" time="1.46000000000004"/>
    <testcase classname="ds.kurtosis_smk_method_1_combine" name="simple_kurtosis_method_1_combine_on_PM_BMI_CONTINUOUS" time="0.000999999999976353"/>
    <testcase classname="ds.kurtosis_smk_method_1_combine" name="simple_kurtosis_method_1_combine_on_PM_BMI_CONTINUOUS" time="0.00199999999995271"/>
    <testcase classname="ds.kurtosis_smk_method_1_combine" name="simple_kurtosis_method_1_combine_on_PM_BMI_CONTINUOUS" time="0.000999999999976353"/>
    <testcase classname="ds.kurtosis_smk_method_1_combine" name="simple_kurtosis_method_1_combine_on_PM_BMI_CONTINUOUS" time="0.00200000000018008"/>
    <testcase classname="ds.kurtosis_smk_method_1_combine" name="simple_kurtosis_method_1_combine_on_PM_BMI_CONTINUOUS" time="0.000999999999976353"/>
    <testcase classname="ds.kurtosis_smk_method_1_combine" name="simple_kurtosis_method_1_combine_on_PM_BMI_CONTINUOUS" time="0.00199999999995271"/>
    <testcase classname="ds.kurtosis_smk_method_1_combine" name="simple_kurtosis_method_1_combine_on_PM_BMI_CONTINUOUS" time="0.00199999999995271"/>
  </testsuite>
  <testsuite errors="0" failures="0" hostname="fv-az14" name="ds.kurtosis::smk::method 1::both" skipped="0" tests="110" time="8.813" timestamp="2020-10-27T19:13:37Z">
    <testcase classname="ds.kurtosis_smk_method_1_both" name="simple_kurtosis_both_on_LAB_TSC" time="1.72500000000014"/>
    <testcase classname="ds.kurtosis_smk_method_1_both" name="simple_kurtosis_both_on_LAB_TSC" time="0.000999999999976353"/>
    <testcase classname="ds.kurtosis_smk_method_1_both" name="simple_kurtosis_both_on_LAB_TSC" time="0.000999999999976353"/>
    <testcase classname="ds.kurtosis_smk_method_1_both" name="simple_kurtosis_both_on_LAB_TSC" time="0.000999999999976353"/>
    <testcase classname="ds.kurtosis_smk_method_1_both" name="simple_kurtosis_both_on_LAB_TSC" time="0.000999999999976353"/>
    <testcase classname="ds.kurtosis_smk_method_1_both" name="simple_kurtosis_both_on_LAB_TSC" time="0.000999999999976353"/>
    <testcase classname="ds.kurtosis_smk_method_1_both" name="simple_kurtosis_both_on_LAB_TSC" time="0.00199999999995271"/>
    <testcase classname="ds.kurtosis_smk_method_1_both" name="simple_kurtosis_both_on_LAB_TSC" time="0.000999999999976353"/>
    <testcase classname="ds.kurtosis_smk_method_1_both" name="simple_kurtosis_both_on_LAB_TSC" time="0.000999999999976353"/>
    <testcase classname="ds.kurtosis_smk_method_1_both" name="simple_kurtosis_both_on_LAB_TSC" time="0.00100000000020373"/>
    <testcase classname="ds.kurtosis_smk_method_1_both" name="simple_kurtosis_both_on_LAB_TSC" time="0.000999999999976353"/>
    <testcase classname="ds.kurtosis_smk_method_1_both" name="simple_kurtosis_both_on_LAB_TSC" time="0.00199999999995271"/>
    <testcase classname="ds.kurtosis_smk_method_1_both" name="simple_kurtosis_both_on_LAB_TSC" time="0.000999999999976353"/>
    <testcase classname="ds.kurtosis_smk_method_1_both" name="simple_kurtosis_both_on_LAB_TSC" time="0.000999999999976353"/>
    <testcase classname="ds.kurtosis_smk_method_1_both" name="simple_kurtosis_both_on_LAB_TSC" time="0.000999999999976353"/>
    <testcase classname="ds.kurtosis_smk_method_1_both" name="simple_kurtosis_both_on_LAB_TSC" time="0.00199999999995271"/>
    <testcase classname="ds.kurtosis_smk_method_1_both" name="simple_kurtosis_both_on_LAB_TSC" time="0.00100000000020373"/>
    <testcase classname="ds.kurtosis_smk_method_1_both" name="simple_kurtosis_both_on_LAB_TSC" time="0.000999999999976353"/>
    <testcase classname="ds.kurtosis_smk_method_1_both" name="simple_kurtosis_both_on_LAB_TSC" time="0.00199999999995271"/>
    <testcase classname="ds.kurtosis_smk_method_1_both" name="simple_kurtosis_both_on_LAB_TSC" time="0.000999999999976353"/>
    <testcase classname="ds.kurtosis_smk_method_1_both" name="simple_kurtosis_both_on_LAB_TSC" time="0.000999999999976353"/>
    <testcase classname="ds.kurtosis_smk_method_1_both" name="simple_kurtosis_both_on_LAB_TSC" time="0.00199999999995271"/>
    <testcase classname="ds.kurtosis_smk_method_1_both" name="simple_kurtosis_method_1_both_on_LAB_TRIG" time="1.72500000000014"/>
    <testcase classname="ds.kurtosis_smk_method_1_both" name="simple_kurtosis_method_1_both_on_LAB_TRIG" time="0.00199999999995271"/>
    <testcase classname="ds.kurtosis_smk_method_1_both" name="simple_kurtosis_method_1_both_on_LAB_TRIG" time="0.000999999999976353"/>
    <testcase classname="ds.kurtosis_smk_method_1_both" name="simple_kurtosis_method_1_both_on_LAB_TRIG" time="0.000999999999976353"/>
    <testcase classname="ds.kurtosis_smk_method_1_both" name="simple_kurtosis_method_1_both_on_LAB_TRIG" time="0.00199999999995271"/>
    <testcase classname="ds.kurtosis_smk_method_1_both" name="simple_kurtosis_method_1_both_on_LAB_TRIG" time="0.000999999999976353"/>
    <testcase classname="ds.kurtosis_smk_method_1_both" name="simple_kurtosis_method_1_both_on_LAB_TRIG" time="0.000999999999976353"/>
    <testcase classname="ds.kurtosis_smk_method_1_both" name="simple_kurtosis_method_1_both_on_LAB_TRIG" time="0.000999999999976353"/>
    <testcase classname="ds.kurtosis_smk_method_1_both" name="simple_kurtosis_method_1_both_on_LAB_TRIG" time="0.000999999999976353"/>
    <testcase classname="ds.kurtosis_smk_method_1_both" name="simple_kurtosis_method_1_both_on_LAB_TRIG" time="0.00199999999995271"/>
    <testcase classname="ds.kurtosis_smk_method_1_both" name="simple_kurtosis_method_1_both_on_LAB_TRIG" time="0.000999999999976353"/>
    <testcase classname="ds.kurtosis_smk_method_1_both" name="simple_kurtosis_method_1_both_on_LAB_TRIG" time="0.00199999999995271"/>
    <testcase classname="ds.kurtosis_smk_method_1_both" name="simple_kurtosis_method_1_both_on_LAB_TRIG" time="0.000999999999976353"/>
    <testcase classname="ds.kurtosis_smk_method_1_both" name="simple_kurtosis_method_1_both_on_LAB_TRIG" time="0.00200000000018008"/>
    <testcase classname="ds.kurtosis_smk_method_1_both" name="simple_kurtosis_method_1_both_on_LAB_TRIG" time="0.000999999999976353"/>
    <testcase classname="ds.kurtosis_smk_method_1_both" name="simple_kurtosis_method_1_both_on_LAB_TRIG" time="0.00199999999995271"/>
    <testcase classname="ds.kurtosis_smk_method_1_both" name="simple_kurtosis_method_1_both_on_LAB_TRIG" time="0.000999999999976353"/>
    <testcase classname="ds.kurtosis_smk_method_1_both" name="simple_kurtosis_method_1_both_on_LAB_TRIG" time="0.00199999999995271"/>
    <testcase classname="ds.kurtosis_smk_method_1_both" name="simple_kurtosis_method_1_both_on_LAB_TRIG" time="0.000999999999976353"/>
    <testcase classname="ds.kurtosis_smk_method_1_both" name="simple_kurtosis_method_1_both_on_LAB_TRIG" time="0.00200000000018008"/>
    <testcase classname="ds.kurtosis_smk_method_1_both" name="simple_kurtosis_method_1_both_on_LAB_TRIG" time="0.00199999999995271"/>
    <testcase classname="ds.kurtosis_smk_method_1_both" name="simple_kurtosis_method_1_both_on_LAB_TRIG" time="0.000999999999976353"/>
    <testcase classname="ds.kurtosis_smk_method_1_both" name="simple_kurtosis_method_1_both_on_LAB_HDL" time="1.72399999999993"/>
    <testcase classname="ds.kurtosis_smk_method_1_both" name="simple_kurtosis_method_1_both_on_LAB_HDL" time="0.00900000000001455"/>
    <testcase classname="ds.kurtosis_smk_method_1_both" name="simple_kurtosis_method_1_both_on_LAB_HDL" time="0.00199999999995271"/>
    <testcase classname="ds.kurtosis_smk_method_1_both" name="simple_kurtosis_method_1_both_on_LAB_HDL" time="0.000999999999976353"/>
    <testcase classname="ds.kurtosis_smk_method_1_both" name="simple_kurtosis_method_1_both_on_LAB_HDL" time="0.00200000000018008"/>
    <testcase classname="ds.kurtosis_smk_method_1_both" name="simple_kurtosis_method_1_both_on_LAB_HDL" time="0.00199999999995271"/>
    <testcase classname="ds.kurtosis_smk_method_1_both" name="simple_kurtosis_method_1_both_on_LAB_HDL" time="0.00199999999995271"/>
    <testcase classname="ds.kurtosis_smk_method_1_both" name="simple_kurtosis_method_1_both_on_LAB_HDL" time="0.000999999999976353"/>
    <testcase classname="ds.kurtosis_smk_method_1_both" name="simple_kurtosis_method_1_both_on_LAB_HDL" time="0.00199999999995271"/>
    <testcase classname="ds.kurtosis_smk_method_1_both" name="simple_kurtosis_method_1_both_on_LAB_HDL" time="0.00200000000018008"/>
    <testcase classname="ds.kurtosis_smk_method_1_both" name="simple_kurtosis_method_1_both_on_LAB_HDL" time="0.00199999999995271"/>
    <testcase classname="ds.kurtosis_smk_method_1_both" name="simple_kurtosis_method_1_both_on_LAB_HDL" time="0.000999999999976353"/>
    <testcase classname="ds.kurtosis_smk_method_1_both" name="simple_kurtosis_method_1_both_on_LAB_HDL" time="0.00199999999995271"/>
    <testcase classname="ds.kurtosis_smk_method_1_both" name="simple_kurtosis_method_1_both_on_LAB_HDL" time="0.00199999999995271"/>
    <testcase classname="ds.kurtosis_smk_method_1_both" name="simple_kurtosis_method_1_both_on_LAB_HDL" time="0.00199999999995271"/>
    <testcase classname="ds.kurtosis_smk_method_1_both" name="simple_kurtosis_method_1_both_on_LAB_HDL" time="0.00200000000018008"/>
    <testcase classname="ds.kurtosis_smk_method_1_both" name="simple_kurtosis_method_1_both_on_LAB_HDL" time="0.00199999999995271"/>
    <testcase classname="ds.kurtosis_smk_method_1_both" name="simple_kurtosis_method_1_both_on_LAB_HDL" time="0.000999999999976353"/>
    <testcase classname="ds.kurtosis_smk_method_1_both" name="simple_kurtosis_method_1_both_on_LAB_HDL" time="0.00199999999995271"/>
    <testcase classname="ds.kurtosis_smk_method_1_both" name="simple_kurtosis_method_1_both_on_LAB_HDL" time="0.00199999999995271"/>
    <testcase classname="ds.kurtosis_smk_method_1_both" name="simple_kurtosis_method_1_both_on_LAB_HDL" time="0.00200000000018008"/>
    <testcase classname="ds.kurtosis_smk_method_1_both" name="simple_kurtosis_method_1_both_on_LAB_HDL" time="0.00199999999995271"/>
    <testcase classname="ds.kurtosis_smk_method_1_both" name="simple_kurtosis_method_1_both_on_LAB_GLUC_ADJUSTED" time="1.71599999999989"/>
    <testcase classname="ds.kurtosis_smk_method_1_both" name="simple_kurtosis_method_1_both_on_LAB_GLUC_ADJUSTED" time="0.00200000000018008"/>
    <testcase classname="ds.kurtosis_smk_method_1_both" name="simple_kurtosis_method_1_both_on_LAB_GLUC_ADJUSTED" time="0.00199999999995271"/>
    <testcase classname="ds.kurtosis_smk_method_1_both" name="simple_kurtosis_method_1_both_on_LAB_GLUC_ADJUSTED" time="0.00199999999995271"/>
    <testcase classname="ds.kurtosis_smk_method_1_both" name="simple_kurtosis_method_1_both_on_LAB_GLUC_ADJUSTED" time="0.00199999999995271"/>
    <testcase classname="ds.kurtosis_smk_method_1_both" name="simple_kurtosis_method_1_both_on_LAB_GLUC_ADJUSTED" time="0.00299999999992906"/>
    <testcase classname="ds.kurtosis_smk_method_1_both" name="simple_kurtosis_method_1_both_on_LAB_GLUC_ADJUSTED" time="0.00200000000018008"/>
    <testcase classname="ds.kurtosis_smk_method_1_both" name="simple_kurtosis_method_1_both_on_LAB_GLUC_ADJUSTED" time="0.00199999999995271"/>
    <testcase classname="ds.kurtosis_smk_method_1_both" name="simple_kurtosis_method_1_both_on_LAB_GLUC_ADJUSTED" time="0.00199999999995271"/>
    <testcase classname="ds.kurtosis_smk_method_1_both" name="simple_kurtosis_method_1_both_on_LAB_GLUC_ADJUSTED" time="0.00199999999995271"/>
    <testcase classname="ds.kurtosis_smk_method_1_both" name="simple_kurtosis_method_1_both_on_LAB_GLUC_ADJUSTED" time="0.00199999999995271"/>
    <testcase classname="ds.kurtosis_smk_method_1_both" name="simple_kurtosis_method_1_both_on_LAB_GLUC_ADJUSTED" time="0.00200000000018008"/>
    <testcase classname="ds.kurtosis_smk_method_1_both" name="simple_kurtosis_method_1_both_on_LAB_GLUC_ADJUSTED" time="0.00199999999995271"/>
    <testcase classname="ds.kurtosis_smk_method_1_both" name="simple_kurtosis_method_1_both_on_LAB_GLUC_ADJUSTED" time="0.00199999999995271"/>
    <testcase classname="ds.kurtosis_smk_method_1_both" name="simple_kurtosis_method_1_both_on_LAB_GLUC_ADJUSTED" time="0.00299999999992906"/>
    <testcase classname="ds.kurtosis_smk_method_1_both" name="simple_kurtosis_method_1_both_on_LAB_GLUC_ADJUSTED" time="0.00200000000018008"/>
    <testcase classname="ds.kurtosis_smk_method_1_both" name="simple_kurtosis_method_1_both_on_LAB_GLUC_ADJUSTED" time="0.00199999999995271"/>
    <testcase classname="ds.kurtosis_smk_method_1_both" name="simple_kurtosis_method_1_both_on_LAB_GLUC_ADJUSTED" time="0.00199999999995271"/>
    <testcase classname="ds.kurtosis_smk_method_1_both" name="simple_kurtosis_method_1_both_on_LAB_GLUC_ADJUSTED" time="0.00299999999992906"/>
    <testcase classname="ds.kurtosis_smk_method_1_both" name="simple_kurtosis_method_1_both_on_LAB_GLUC_ADJUSTED" time="0.00200000000018008"/>
    <testcase classname="ds.kurtosis_smk_method_1_both" name="simple_kurtosis_method_1_both_on_LAB_GLUC_ADJUSTED" time="0.00199999999995271"/>
    <testcase classname="ds.kurtosis_smk_method_1_both" name="simple_kurtosis_method_1_both_on_LAB_GLUC_ADJUSTED" time="0.00299999999992906"/>
    <testcase classname="ds.kurtosis_smk_method_1_both" name="simple_kurtosis_method_1_both_on_PM_BMI_CONTINUOUS" time="1.72499999999991"/>
    <testcase classname="ds.kurtosis_smk_method_1_both" name="simple_kurtosis_method_1_both_on_PM_BMI_CONTINUOUS" time="0.00200000000018008"/>
    <testcase classname="ds.kurtosis_smk_method_1_both" name="simple_kurtosis_method_1_both_on_PM_BMI_CONTINUOUS" time="0.00199999999995271"/>
    <testcase classname="ds.kurtosis_smk_method_1_both" name="simple_kurtosis_method_1_both_on_PM_BMI_CONTINUOUS" time="0.00299999999992906"/>
    <testcase classname="ds.kurtosis_smk_method_1_both" name="simple_kurtosis_method_1_both_on_PM_BMI_CONTINUOUS" time="0.00199999999995271"/>
    <testcase classname="ds.kurtosis_smk_method_1_both" name="simple_kurtosis_method_1_both_on_PM_BMI_CONTINUOUS" time="0.00200000000018008"/>
    <testcase classname="ds.kurtosis_smk_method_1_both" name="simple_kurtosis_method_1_both_on_PM_BMI_CONTINUOUS" time="0.00299999999992906"/>
    <testcase classname="ds.kurtosis_smk_method_1_both" name="simple_kurtosis_method_1_both_on_PM_BMI_CONTINUOUS" time="0.00199999999995271"/>
    <testcase classname="ds.kurtosis_smk_method_1_both" name="simple_kurtosis_method_1_both_on_PM_BMI_CONTINUOUS" time="0.00199999999995271"/>
    <testcase classname="ds.kurtosis_smk_method_1_both" name="simple_kurtosis_method_1_both_on_PM_BMI_CONTINUOUS" time="0.00300000000015643"/>
    <testcase classname="ds.kurtosis_smk_method_1_both" name="simple_kurtosis_method_1_both_on_PM_BMI_CONTINUOUS" time="0.00199999999995271"/>
    <testcase classname="ds.kurtosis_smk_method_1_both" name="simple_kurtosis_method_1_both_on_PM_BMI_CONTINUOUS" time="0.00299999999992906"/>
    <testcase classname="ds.kurtosis_smk_method_1_both" name="simple_kurtosis_method_1_both_on_PM_BMI_CONTINUOUS" time="0.00199999999995271"/>
    <testcase classname="ds.kurtosis_smk_method_1_both" name="simple_kurtosis_method_1_both_on_PM_BMI_CONTINUOUS" time="0.00300000000015643"/>
    <testcase classname="ds.kurtosis_smk_method_1_both" name="simple_kurtosis_method_1_both_on_PM_BMI_CONTINUOUS" time="0.00199999999995271"/>
    <testcase classname="ds.kurtosis_smk_method_1_both" name="simple_kurtosis_method_1_both_on_PM_BMI_CONTINUOUS" time="0.00199999999995271"/>
    <testcase classname="ds.kurtosis_smk_method_1_both" name="simple_kurtosis_method_1_both_on_PM_BMI_CONTINUOUS" time="0.00299999999992906"/>
    <testcase classname="ds.kurtosis_smk_method_1_both" name="simple_kurtosis_method_1_both_on_PM_BMI_CONTINUOUS" time="0.00200000000018008"/>
    <testcase classname="ds.kurtosis_smk_method_1_both" name="simple_kurtosis_method_1_both_on_PM_BMI_CONTINUOUS" time="0.00299999999992906"/>
    <testcase classname="ds.kurtosis_smk_method_1_both" name="simple_kurtosis_method_1_both_on_PM_BMI_CONTINUOUS" time="0.00199999999995271"/>
    <testcase classname="ds.kurtosis_smk_method_1_both" name="simple_kurtosis_method_1_both_on_PM_BMI_CONTINUOUS" time="0.00299999999992906"/>
    <testcase classname="ds.kurtosis_smk_method_1_both" name="simple_kurtosis_method_1_both_on_PM_BMI_CONTINUOUS" time="0.00300000000015643"/>
  </testsuite>
  <testsuite errors="0" failures="0" hostname="fv-az14" name="ds.kurtosis::smk::method 2::split" skipped="0" tests="70" time="6.109" timestamp="2020-10-27T19:13:46Z">
    <testcase classname="ds.kurtosis_smk_method_2_split" name="simple_kurtosis_method_2_split_on_LAB_TSC" time="1.21000000000004"/>
    <testcase classname="ds.kurtosis_smk_method_2_split" name="simple_kurtosis_method_2_split_on_LAB_TSC" time="0.000999999999976353"/>
    <testcase classname="ds.kurtosis_smk_method_2_split" name="simple_kurtosis_method_2_split_on_LAB_TSC" time="0.000999999999976353"/>
    <testcase classname="ds.kurtosis_smk_method_2_split" name="simple_kurtosis_method_2_split_on_LAB_TSC" time="0.000999999999976353"/>
    <testcase classname="ds.kurtosis_smk_method_2_split" name="simple_kurtosis_method_2_split_on_LAB_TSC" time="0.000999999999976353"/>
    <testcase classname="ds.kurtosis_smk_method_2_split" name="simple_kurtosis_method_2_split_on_LAB_TSC" time="0.000999999999976353"/>
    <testcase classname="ds.kurtosis_smk_method_2_split" name="simple_kurtosis_method_2_split_on_LAB_TSC" time="0.000999999999976353"/>
    <testcase classname="ds.kurtosis_smk_method_2_split" name="simple_kurtosis_method_2_split_on_LAB_TSC" time="0.00199999999995271"/>
    <testcase classname="ds.kurtosis_smk_method_2_split" name="simple_kurtosis_method_2_split_on_LAB_TSC" time="0.00100000000020373"/>
    <testcase classname="ds.kurtosis_smk_method_2_split" name="simple_kurtosis_method_2_split_on_LAB_TSC" time="0.000999999999976353"/>
    <testcase classname="ds.kurtosis_smk_method_2_split" name="simple_kurtosis_method_2_split_on_LAB_TSC" time="0.000999999999976353"/>
    <testcase classname="ds.kurtosis_smk_method_2_split" name="simple_kurtosis_method_2_split_on_LAB_TSC" time="0.000999999999976353"/>
    <testcase classname="ds.kurtosis_smk_method_2_split" name="simple_kurtosis_method_2_split_on_LAB_TSC" time="0.00199999999995271"/>
    <testcase classname="ds.kurtosis_smk_method_2_split" name="simple_kurtosis_method_2_split_on_LAB_TSC" time="0.000999999999976353"/>
    <testcase classname="ds.kurtosis_smk_method_2_split" name="simple_kurtosis_method_2_split_on_LAB_TRIG" time="1.202"/>
    <testcase classname="ds.kurtosis_smk_method_2_split" name="simple_kurtosis_method_2_split_on_LAB_TRIG" time="0.00199999999995271"/>
    <testcase classname="ds.kurtosis_smk_method_2_split" name="simple_kurtosis_method_2_split_on_LAB_TRIG" time="0.00100000000020373"/>
    <testcase classname="ds.kurtosis_smk_method_2_split" name="simple_kurtosis_method_2_split_on_LAB_TRIG" time="0.000999999999976353"/>
    <testcase classname="ds.kurtosis_smk_method_2_split" name="simple_kurtosis_method_2_split_on_LAB_TRIG" time="0.00199999999995271"/>
    <testcase classname="ds.kurtosis_smk_method_2_split" name="simple_kurtosis_method_2_split_on_LAB_TRIG" time="0.000999999999976353"/>
    <testcase classname="ds.kurtosis_smk_method_2_split" name="simple_kurtosis_method_2_split_on_LAB_TRIG" time="0.000999999999976353"/>
    <testcase classname="ds.kurtosis_smk_method_2_split" name="simple_kurtosis_method_2_split_on_LAB_TRIG" time="0.00199999999995271"/>
    <testcase classname="ds.kurtosis_smk_method_2_split" name="simple_kurtosis_method_2_split_on_LAB_TRIG" time="0.000999999999976353"/>
    <testcase classname="ds.kurtosis_smk_method_2_split" name="simple_kurtosis_method_2_split_on_LAB_TRIG" time="0.000999999999976353"/>
    <testcase classname="ds.kurtosis_smk_method_2_split" name="simple_kurtosis_method_2_split_on_LAB_TRIG" time="0.00200000000018008"/>
    <testcase classname="ds.kurtosis_smk_method_2_split" name="simple_kurtosis_method_2_split_on_LAB_TRIG" time="0.000999999999976353"/>
    <testcase classname="ds.kurtosis_smk_method_2_split" name="simple_kurtosis_method_2_split_on_LAB_TRIG" time="0.000999999999976353"/>
    <testcase classname="ds.kurtosis_smk_method_2_split" name="simple_kurtosis_method_2_split_on_LAB_TRIG" time="0.00199999999995271"/>
    <testcase classname="ds.kurtosis_smk_method_2_split" name="simple_kurtosis_method_2_split_on_LAB_HDL" time="1.19200000000001"/>
    <testcase classname="ds.kurtosis_smk_method_2_split" name="simple_kurtosis_method_2_split_on_LAB_HDL" time="0.000999999999976353"/>
    <testcase classname="ds.kurtosis_smk_method_2_split" name="simple_kurtosis_method_2_split_on_LAB_HDL" time="0.00199999999995271"/>
    <testcase classname="ds.kurtosis_smk_method_2_split" name="simple_kurtosis_method_2_split_on_LAB_HDL" time="0.000999999999976353"/>
    <testcase classname="ds.kurtosis_smk_method_2_split" name="simple_kurtosis_method_2_split_on_LAB_HDL" time="0.00200000000018008"/>
    <testcase classname="ds.kurtosis_smk_method_2_split" name="simple_kurtosis_method_2_split_on_LAB_HDL" time="0.000999999999976353"/>
    <testcase classname="ds.kurtosis_smk_method_2_split" name="simple_kurtosis_method_2_split_on_LAB_HDL" time="0.00199999999995271"/>
    <testcase classname="ds.kurtosis_smk_method_2_split" name="simple_kurtosis_method_2_split_on_LAB_HDL" time="0.000999999999976353"/>
    <testcase classname="ds.kurtosis_smk_method_2_split" name="simple_kurtosis_method_2_split_on_LAB_HDL" time="0.00199999999995271"/>
    <testcase classname="ds.kurtosis_smk_method_2_split" name="simple_kurtosis_method_2_split_on_LAB_HDL" time="0.00199999999995271"/>
    <testcase classname="ds.kurtosis_smk_method_2_split" name="simple_kurtosis_method_2_split_on_LAB_HDL" time="0.00100000000020373"/>
    <testcase classname="ds.kurtosis_smk_method_2_split" name="simple_kurtosis_method_2_split_on_LAB_HDL" time="0.00199999999995271"/>
    <testcase classname="ds.kurtosis_smk_method_2_split" name="simple_kurtosis_method_2_split_on_LAB_HDL" time="0.000999999999976353"/>
    <testcase classname="ds.kurtosis_smk_method_2_split" name="simple_kurtosis_method_2_split_on_LAB_HDL" time="0.00199999999995271"/>
    <testcase classname="ds.kurtosis_smk_method_2_split" name="simple_kurtosis_method_2_split_on_LAB_GLUC_ADJUSTED" time="1.20299999999997"/>
    <testcase classname="ds.kurtosis_smk_method_2_split" name="simple_kurtosis_method_2_split_on_LAB_GLUC_ADJUSTED" time="0.00199999999995271"/>
    <testcase classname="ds.kurtosis_smk_method_2_split" name="simple_kurtosis_method_2_split_on_LAB_GLUC_ADJUSTED" time="0.00200000000018008"/>
    <testcase classname="ds.kurtosis_smk_method_2_split" name="simple_kurtosis_method_2_split_on_LAB_GLUC_ADJUSTED" time="0.00199999999995271"/>
    <testcase classname="ds.kurtosis_smk_method_2_split" name="simple_kurtosis_method_2_split_on_LAB_GLUC_ADJUSTED" time="0.000999999999976353"/>
    <testcase classname="ds.kurtosis_smk_method_2_split" name="simple_kurtosis_method_2_split_on_LAB_GLUC_ADJUSTED" time="0.00199999999995271"/>
    <testcase classname="ds.kurtosis_smk_method_2_split" name="simple_kurtosis_method_2_split_on_LAB_GLUC_ADJUSTED" time="0.00199999999995271"/>
    <testcase classname="ds.kurtosis_smk_method_2_split" name="simple_kurtosis_method_2_split_on_LAB_GLUC_ADJUSTED" time="0.00200000000018008"/>
    <testcase classname="ds.kurtosis_smk_method_2_split" name="simple_kurtosis_method_2_split_on_LAB_GLUC_ADJUSTED" time="0.00199999999995271"/>
    <testcase classname="ds.kurtosis_smk_method_2_split" name="simple_kurtosis_method_2_split_on_LAB_GLUC_ADJUSTED" time="0.00900000000001455"/>
    <testcase classname="ds.kurtosis_smk_method_2_split" name="simple_kurtosis_method_2_split_on_LAB_GLUC_ADJUSTED" time="0.000999999999976353"/>
    <testcase classname="ds.kurtosis_smk_method_2_split" name="simple_kurtosis_method_2_split_on_LAB_GLUC_ADJUSTED" time="0.00199999999995271"/>
    <testcase classname="ds.kurtosis_smk_method_2_split" name="simple_kurtosis_method_2_split_on_LAB_GLUC_ADJUSTED" time="0.00199999999995271"/>
    <testcase classname="ds.kurtosis_smk_method_2_split" name="simple_kurtosis_method_2_split_on_LAB_GLUC_ADJUSTED" time="0.00199999999995271"/>
    <testcase classname="ds.kurtosis_smk_method_2_split" name="simple_kurtosis_method_2_split_on_PM_BMI_CONTINUOUS" time="1.19300000000021"/>
    <testcase classname="ds.kurtosis_smk_method_2_split" name="simple_kurtosis_method_2_split_on_PM_BMI_CONTINUOUS" time="0.00199999999995271"/>
    <testcase classname="ds.kurtosis_smk_method_2_split" name="simple_kurtosis_method_2_split_on_PM_BMI_CONTINUOUS" time="0.000999999999976353"/>
    <testcase classname="ds.kurtosis_smk_method_2_split" name="simple_kurtosis_method_2_split_on_PM_BMI_CONTINUOUS" time="0.00199999999995271"/>
    <testcase classname="ds.kurtosis_smk_method_2_split" name="simple_kurtosis_method_2_split_on_PM_BMI_CONTINUOUS" time="0.00199999999995271"/>
    <testcase classname="ds.kurtosis_smk_method_2_split" name="simple_kurtosis_method_2_split_on_PM_BMI_CONTINUOUS" time="0.00199999999995271"/>
    <testcase classname="ds.kurtosis_smk_method_2_split" name="simple_kurtosis_method_2_split_on_PM_BMI_CONTINUOUS" time="0.00200000000018008"/>
    <testcase classname="ds.kurtosis_smk_method_2_split" name="simple_kurtosis_method_2_split_on_PM_BMI_CONTINUOUS" time="0.00199999999995271"/>
    <testcase classname="ds.kurtosis_smk_method_2_split" name="simple_kurtosis_method_2_split_on_PM_BMI_CONTINUOUS" time="0.00199999999995271"/>
    <testcase classname="ds.kurtosis_smk_method_2_split" name="simple_kurtosis_method_2_split_on_PM_BMI_CONTINUOUS" time="0.00199999999995271"/>
    <testcase classname="ds.kurtosis_smk_method_2_split" name="simple_kurtosis_method_2_split_on_PM_BMI_CONTINUOUS" time="0.00199999999995271"/>
    <testcase classname="ds.kurtosis_smk_method_2_split" name="simple_kurtosis_method_2_split_on_PM_BMI_CONTINUOUS" time="0.00200000000018008"/>
    <testcase classname="ds.kurtosis_smk_method_2_split" name="simple_kurtosis_method_2_split_on_PM_BMI_CONTINUOUS" time="0.00199999999995271"/>
    <testcase classname="ds.kurtosis_smk_method_2_split" name="simple_kurtosis_method_2_split_on_PM_BMI_CONTINUOUS" time="0.00199999999995271"/>
  </testsuite>
  <testsuite errors="0" failures="0" hostname="fv-az14" name="ds.kurtosis::smk::method 2::combine" skipped="0" tests="40" time="7.362" timestamp="2020-10-27T19:13:52Z">
    <testcase classname="ds.kurtosis_smk_method_2_combine" name="simple_kurtosis_combine_on_LAB_TSC" time="1.46100000000001"/>
    <testcase classname="ds.kurtosis_smk_method_2_combine" name="simple_kurtosis_combine_on_LAB_TSC" time="0.00199999999995271"/>
    <testcase classname="ds.kurtosis_smk_method_2_combine" name="simple_kurtosis_combine_on_LAB_TSC" time="0.000999999999976353"/>
    <testcase classname="ds.kurtosis_smk_method_2_combine" name="simple_kurtosis_combine_on_LAB_TSC" time="0.000999999999976353"/>
    <testcase classname="ds.kurtosis_smk_method_2_combine" name="simple_kurtosis_combine_on_LAB_TSC" time="0.00100000000020373"/>
    <testcase classname="ds.kurtosis_smk_method_2_combine" name="simple_kurtosis_combine_on_LAB_TSC" time="0.000999999999976353"/>
    <testcase classname="ds.kurtosis_smk_method_2_combine" name="simple_kurtosis_combine_on_LAB_TSC" time="0.000999999999976353"/>
    <testcase classname="ds.kurtosis_smk_method_2_combine" name="simple_kurtosis_combine_on_LAB_TSC" time="0.000999999999976353"/>
    <testcase classname="ds.kurtosis_smk_method_2_combine" name="simple_kurtosis_method_2_combine_on_LAB_TRIG" time="1.46100000000001"/>
    <testcase classname="ds.kurtosis_smk_method_2_combine" name="simple_kurtosis_method_2_combine_on_LAB_TRIG" time="0.000999999999976353"/>
    <testcase classname="ds.kurtosis_smk_method_2_combine" name="simple_kurtosis_method_2_combine_on_LAB_TRIG" time="0.000999999999976353"/>
    <testcase classname="ds.kurtosis_smk_method_2_combine" name="simple_kurtosis_method_2_combine_on_LAB_TRIG" time="0.000999999999976353"/>
    <testcase classname="ds.kurtosis_smk_method_2_combine" name="simple_kurtosis_method_2_combine_on_LAB_TRIG" time="0.00199999999995271"/>
    <testcase classname="ds.kurtosis_smk_method_2_combine" name="simple_kurtosis_method_2_combine_on_LAB_TRIG" time="0.000999999999976353"/>
    <testcase classname="ds.kurtosis_smk_method_2_combine" name="simple_kurtosis_method_2_combine_on_LAB_TRIG" time="0.00100000000020373"/>
    <testcase classname="ds.kurtosis_smk_method_2_combine" name="simple_kurtosis_method_2_combine_on_LAB_TRIG" time="0.000999999999976353"/>
    <testcase classname="ds.kurtosis_smk_method_2_combine" name="simple_kurtosis_method_2_combine_on_LAB_HDL" time="1.46399999999994"/>
    <testcase classname="ds.kurtosis_smk_method_2_combine" name="simple_kurtosis_method_2_combine_on_LAB_HDL" time="0.00199999999995271"/>
    <testcase classname="ds.kurtosis_smk_method_2_combine" name="simple_kurtosis_method_2_combine_on_LAB_HDL" time="0.000999999999976353"/>
    <testcase classname="ds.kurtosis_smk_method_2_combine" name="simple_kurtosis_method_2_combine_on_LAB_HDL" time="0.000999999999976353"/>
    <testcase classname="ds.kurtosis_smk_method_2_combine" name="simple_kurtosis_method_2_combine_on_LAB_HDL" time="0.00200000000018008"/>
    <testcase classname="ds.kurtosis_smk_method_2_combine" name="simple_kurtosis_method_2_combine_on_LAB_HDL" time="0.000999999999976353"/>
    <testcase classname="ds.kurtosis_smk_method_2_combine" name="simple_kurtosis_method_2_combine_on_LAB_HDL" time="0.000999999999976353"/>
    <testcase classname="ds.kurtosis_smk_method_2_combine" name="simple_kurtosis_method_2_combine_on_LAB_HDL" time="0.00199999999995271"/>
    <testcase classname="ds.kurtosis_smk_method_2_combine" name="simple_kurtosis_method_2_combine_on_LAB_GLUC_ADJUSTED" time="1.46499999999992"/>
    <testcase classname="ds.kurtosis_smk_method_2_combine" name="simple_kurtosis_method_2_combine_on_LAB_GLUC_ADJUSTED" time="0.000999999999976353"/>
    <testcase classname="ds.kurtosis_smk_method_2_combine" name="simple_kurtosis_method_2_combine_on_LAB_GLUC_ADJUSTED" time="0.00200000000018008"/>
    <testcase classname="ds.kurtosis_smk_method_2_combine" name="simple_kurtosis_method_2_combine_on_LAB_GLUC_ADJUSTED" time="0.000999999999976353"/>
    <testcase classname="ds.kurtosis_smk_method_2_combine" name="simple_kurtosis_method_2_combine_on_LAB_GLUC_ADJUSTED" time="0.00199999999995271"/>
    <testcase classname="ds.kurtosis_smk_method_2_combine" name="simple_kurtosis_method_2_combine_on_LAB_GLUC_ADJUSTED" time="0.000999999999976353"/>
    <testcase classname="ds.kurtosis_smk_method_2_combine" name="simple_kurtosis_method_2_combine_on_LAB_GLUC_ADJUSTED" time="0.00199999999995271"/>
    <testcase classname="ds.kurtosis_smk_method_2_combine" name="simple_kurtosis_method_2_combine_on_LAB_GLUC_ADJUSTED" time="0.000999999999976353"/>
    <testcase classname="ds.kurtosis_smk_method_2_combine" name="simple_kurtosis_method_2_combine_on_PM_BMI_CONTINUOUS" time="1.46400000000017"/>
    <testcase classname="ds.kurtosis_smk_method_2_combine" name="simple_kurtosis_method_2_combine_on_PM_BMI_CONTINUOUS" time="0.000999999999976353"/>
    <testcase classname="ds.kurtosis_smk_method_2_combine" name="simple_kurtosis_method_2_combine_on_PM_BMI_CONTINUOUS" time="0.00199999999995271"/>
    <testcase classname="ds.kurtosis_smk_method_2_combine" name="simple_kurtosis_method_2_combine_on_PM_BMI_CONTINUOUS" time="0.000999999999976353"/>
    <testcase classname="ds.kurtosis_smk_method_2_combine" name="simple_kurtosis_method_2_combine_on_PM_BMI_CONTINUOUS" time="0.00199999999995271"/>
    <testcase classname="ds.kurtosis_smk_method_2_combine" name="simple_kurtosis_method_2_combine_on_PM_BMI_CONTINUOUS" time="0.000999999999976353"/>
    <testcase classname="ds.kurtosis_smk_method_2_combine" name="simple_kurtosis_method_2_combine_on_PM_BMI_CONTINUOUS" time="0.00200000000018008"/>
    <testcase classname="ds.kurtosis_smk_method_2_combine" name="simple_kurtosis_method_2_combine_on_PM_BMI_CONTINUOUS" time="0.00199999999995271"/>
  </testsuite>
  <testsuite errors="0" failures="0" hostname="fv-az14" name="ds.kurtosis::smk::method 2::both" skipped="0" tests="110" time="8.794" timestamp="2020-10-27T19:13:59Z">
    <testcase classname="ds.kurtosis_smk_method_2_both" name="simple_kurtosis_both_on_LAB_TSC" time="1.72599999999989"/>
    <testcase classname="ds.kurtosis_smk_method_2_both" name="simple_kurtosis_both_on_LAB_TSC" time="0.000999999999976353"/>
    <testcase classname="ds.kurtosis_smk_method_2_both" name="simple_kurtosis_both_on_LAB_TSC" time="0.000999999999976353"/>
    <testcase classname="ds.kurtosis_smk_method_2_both" name="simple_kurtosis_both_on_LAB_TSC" time="0.00100000000020373"/>
    <testcase classname="ds.kurtosis_smk_method_2_both" name="simple_kurtosis_both_on_LAB_TSC" time="0.00199999999995271"/>
    <testcase classname="ds.kurtosis_smk_method_2_both" name="simple_kurtosis_both_on_LAB_TSC" time="0.000999999999976353"/>
    <testcase classname="ds.kurtosis_smk_method_2_both" name="simple_kurtosis_both_on_LAB_TSC" time="0.000999999999976353"/>
    <testcase classname="ds.kurtosis_smk_method_2_both" name="simple_kurtosis_both_on_LAB_TSC" time="0.000999999999976353"/>
    <testcase classname="ds.kurtosis_smk_method_2_both" name="simple_kurtosis_both_on_LAB_TSC" time="0.000999999999976353"/>
    <testcase classname="ds.kurtosis_smk_method_2_both" name="simple_kurtosis_both_on_LAB_TSC" time="0.000999999999976353"/>
    <testcase classname="ds.kurtosis_smk_method_2_both" name="simple_kurtosis_both_on_LAB_TSC" time="0.000999999999976353"/>
    <testcase classname="ds.kurtosis_smk_method_2_both" name="simple_kurtosis_both_on_LAB_TSC" time="0.00100000000020373"/>
    <testcase classname="ds.kurtosis_smk_method_2_both" name="simple_kurtosis_both_on_LAB_TSC" time="0.00199999999995271"/>
    <testcase classname="ds.kurtosis_smk_method_2_both" name="simple_kurtosis_both_on_LAB_TSC" time="0.000999999999976353"/>
    <testcase classname="ds.kurtosis_smk_method_2_both" name="simple_kurtosis_both_on_LAB_TSC" time="0.000999999999976353"/>
    <testcase classname="ds.kurtosis_smk_method_2_both" name="simple_kurtosis_both_on_LAB_TSC" time="0.000999999999976353"/>
    <testcase classname="ds.kurtosis_smk_method_2_both" name="simple_kurtosis_both_on_LAB_TSC" time="0.00199999999995271"/>
    <testcase classname="ds.kurtosis_smk_method_2_both" name="simple_kurtosis_both_on_LAB_TSC" time="0.000999999999976353"/>
    <testcase classname="ds.kurtosis_smk_method_2_both" name="simple_kurtosis_both_on_LAB_TSC" time="0.000999999999976353"/>
    <testcase classname="ds.kurtosis_smk_method_2_both" name="simple_kurtosis_both_on_LAB_TSC" time="0.00100000000020373"/>
    <testcase classname="ds.kurtosis_smk_method_2_both" name="simple_kurtosis_both_on_LAB_TSC" time="0.00199999999995271"/>
    <testcase classname="ds.kurtosis_smk_method_2_both" name="simple_kurtosis_both_on_LAB_TSC" time="0.000999999999976353"/>
    <testcase classname="ds.kurtosis_smk_method_2_both" name="simple_kurtosis_method_2_both_on_LAB_TRIG" time="1.71599999999989"/>
    <testcase classname="ds.kurtosis_smk_method_2_both" name="simple_kurtosis_method_2_both_on_LAB_TRIG" time="0.000999999999976353"/>
    <testcase classname="ds.kurtosis_smk_method_2_both" name="simple_kurtosis_method_2_both_on_LAB_TRIG" time="0.00200000000018008"/>
    <testcase classname="ds.kurtosis_smk_method_2_both" name="simple_kurtosis_method_2_both_on_LAB_TRIG" time="0.000999999999976353"/>
    <testcase classname="ds.kurtosis_smk_method_2_both" name="simple_kurtosis_method_2_both_on_LAB_TRIG" time="0.00199999999995271"/>
    <testcase classname="ds.kurtosis_smk_method_2_both" name="simple_kurtosis_method_2_both_on_LAB_TRIG" time="0.000999999999976353"/>
    <testcase classname="ds.kurtosis_smk_method_2_both" name="simple_kurtosis_method_2_both_on_LAB_TRIG" time="0.000999999999976353"/>
    <testcase classname="ds.kurtosis_smk_method_2_both" name="simple_kurtosis_method_2_both_on_LAB_TRIG" time="0.00199999999995271"/>
    <testcase classname="ds.kurtosis_smk_method_2_both" name="simple_kurtosis_method_2_both_on_LAB_TRIG" time="0.000999999999976353"/>
    <testcase classname="ds.kurtosis_smk_method_2_both" name="simple_kurtosis_method_2_both_on_LAB_TRIG" time="0.00200000000018008"/>
    <testcase classname="ds.kurtosis_smk_method_2_both" name="simple_kurtosis_method_2_both_on_LAB_TRIG" time="0.000999999999976353"/>
    <testcase classname="ds.kurtosis_smk_method_2_both" name="simple_kurtosis_method_2_both_on_LAB_TRIG" time="0.00199999999995271"/>
    <testcase classname="ds.kurtosis_smk_method_2_both" name="simple_kurtosis_method_2_both_on_LAB_TRIG" time="0.000999999999976353"/>
    <testcase classname="ds.kurtosis_smk_method_2_both" name="simple_kurtosis_method_2_both_on_LAB_TRIG" time="0.00199999999995271"/>
    <testcase classname="ds.kurtosis_smk_method_2_both" name="simple_kurtosis_method_2_both_on_LAB_TRIG" time="0.000999999999976353"/>
    <testcase classname="ds.kurtosis_smk_method_2_both" name="simple_kurtosis_method_2_both_on_LAB_TRIG" time="0.00200000000018008"/>
    <testcase classname="ds.kurtosis_smk_method_2_both" name="simple_kurtosis_method_2_both_on_LAB_TRIG" time="0.000999999999976353"/>
    <testcase classname="ds.kurtosis_smk_method_2_both" name="simple_kurtosis_method_2_both_on_LAB_TRIG" time="0.000999999999976353"/>
    <testcase classname="ds.kurtosis_smk_method_2_both" name="simple_kurtosis_method_2_both_on_LAB_TRIG" time="0.00199999999995271"/>
    <testcase classname="ds.kurtosis_smk_method_2_both" name="simple_kurtosis_method_2_both_on_LAB_TRIG" time="0.000999999999976353"/>
    <testcase classname="ds.kurtosis_smk_method_2_both" name="simple_kurtosis_method_2_both_on_LAB_TRIG" time="0.00199999999995271"/>
    <testcase classname="ds.kurtosis_smk_method_2_both" name="simple_kurtosis_method_2_both_on_LAB_TRIG" time="0.00200000000018008"/>
    <testcase classname="ds.kurtosis_smk_method_2_both" name="simple_kurtosis_method_2_both_on_LAB_HDL" time="1.72199999999998"/>
    <testcase classname="ds.kurtosis_smk_method_2_both" name="simple_kurtosis_method_2_both_on_LAB_HDL" time="0.000999999999976353"/>
    <testcase classname="ds.kurtosis_smk_method_2_both" name="simple_kurtosis_method_2_both_on_LAB_HDL" time="0.00199999999995271"/>
    <testcase classname="ds.kurtosis_smk_method_2_both" name="simple_kurtosis_method_2_both_on_LAB_HDL" time="0.00199999999995271"/>
    <testcase classname="ds.kurtosis_smk_method_2_both" name="simple_kurtosis_method_2_both_on_LAB_HDL" time="0.000999999999976353"/>
    <testcase classname="ds.kurtosis_smk_method_2_both" name="simple_kurtosis_method_2_both_on_LAB_HDL" time="0.00200000000018008"/>
    <testcase classname="ds.kurtosis_smk_method_2_both" name="simple_kurtosis_method_2_both_on_LAB_HDL" time="0.00199999999995271"/>
    <testcase classname="ds.kurtosis_smk_method_2_both" name="simple_kurtosis_method_2_both_on_LAB_HDL" time="0.00199999999995271"/>
    <testcase classname="ds.kurtosis_smk_method_2_both" name="simple_kurtosis_method_2_both_on_LAB_HDL" time="0.000999999999976353"/>
    <testcase classname="ds.kurtosis_smk_method_2_both" name="simple_kurtosis_method_2_both_on_LAB_HDL" time="0.00199999999995271"/>
    <testcase classname="ds.kurtosis_smk_method_2_both" name="simple_kurtosis_method_2_both_on_LAB_HDL" time="0.00200000000018008"/>
    <testcase classname="ds.kurtosis_smk_method_2_both" name="simple_kurtosis_method_2_both_on_LAB_HDL" time="0.00199999999995271"/>
    <testcase classname="ds.kurtosis_smk_method_2_both" name="simple_kurtosis_method_2_both_on_LAB_HDL" time="0.000999999999976353"/>
    <testcase classname="ds.kurtosis_smk_method_2_both" name="simple_kurtosis_method_2_both_on_LAB_HDL" time="0.00199999999995271"/>
    <testcase classname="ds.kurtosis_smk_method_2_both" name="simple_kurtosis_method_2_both_on_LAB_HDL" time="0.00199999999995271"/>
    <testcase classname="ds.kurtosis_smk_method_2_both" name="simple_kurtosis_method_2_both_on_LAB_HDL" time="0.00199999999995271"/>
    <testcase classname="ds.kurtosis_smk_method_2_both" name="simple_kurtosis_method_2_both_on_LAB_HDL" time="0.00200000000018008"/>
    <testcase classname="ds.kurtosis_smk_method_2_both" name="simple_kurtosis_method_2_both_on_LAB_HDL" time="0.00199999999995271"/>
    <testcase classname="ds.kurtosis_smk_method_2_both" name="simple_kurtosis_method_2_both_on_LAB_HDL" time="0.00199999999995271"/>
    <testcase classname="ds.kurtosis_smk_method_2_both" name="simple_kurtosis_method_2_both_on_LAB_HDL" time="0.000999999999976353"/>
    <testcase classname="ds.kurtosis_smk_method_2_both" name="simple_kurtosis_method_2_both_on_LAB_HDL" time="0.00199999999995271"/>
    <testcase classname="ds.kurtosis_smk_method_2_both" name="simple_kurtosis_method_2_both_on_LAB_HDL" time="0.00200000000018008"/>
    <testcase classname="ds.kurtosis_smk_method_2_both" name="simple_kurtosis_method_2_both_on_LAB_GLUC_ADJUSTED" time="1.71899999999982"/>
    <testcase classname="ds.kurtosis_smk_method_2_both" name="simple_kurtosis_method_2_both_on_LAB_GLUC_ADJUSTED" time="0.00200000000018008"/>
    <testcase classname="ds.kurtosis_smk_method_2_both" name="simple_kurtosis_method_2_both_on_LAB_GLUC_ADJUSTED" time="0.00199999999995271"/>
    <testcase classname="ds.kurtosis_smk_method_2_both" name="simple_kurtosis_method_2_both_on_LAB_GLUC_ADJUSTED" time="0.00199999999995271"/>
    <testcase classname="ds.kurtosis_smk_method_2_both" name="simple_kurtosis_method_2_both_on_LAB_GLUC_ADJUSTED" time="0.00999999999999091"/>
    <testcase classname="ds.kurtosis_smk_method_2_both" name="simple_kurtosis_method_2_both_on_LAB_GLUC_ADJUSTED" time="0.00199999999995271"/>
    <testcase classname="ds.kurtosis_smk_method_2_both" name="simple_kurtosis_method_2_both_on_LAB_GLUC_ADJUSTED" time="0.00199999999995271"/>
    <testcase classname="ds.kurtosis_smk_method_2_both" name="simple_kurtosis_method_2_both_on_LAB_GLUC_ADJUSTED" time="0.00200000000018008"/>
    <testcase classname="ds.kurtosis_smk_method_2_both" name="simple_kurtosis_method_2_both_on_LAB_GLUC_ADJUSTED" time="0.00199999999995271"/>
    <testcase classname="ds.kurtosis_smk_method_2_both" name="simple_kurtosis_method_2_both_on_LAB_GLUC_ADJUSTED" time="0.00199999999995271"/>
    <testcase classname="ds.kurtosis_smk_method_2_both" name="simple_kurtosis_method_2_both_on_LAB_GLUC_ADJUSTED" time="0.00199999999995271"/>
    <testcase classname="ds.kurtosis_smk_method_2_both" name="simple_kurtosis_method_2_both_on_LAB_GLUC_ADJUSTED" time="0.00200000000018008"/>
    <testcase classname="ds.kurtosis_smk_method_2_both" name="simple_kurtosis_method_2_both_on_LAB_GLUC_ADJUSTED" time="0.00299999999992906"/>
    <testcase classname="ds.kurtosis_smk_method_2_both" name="simple_kurtosis_method_2_both_on_LAB_GLUC_ADJUSTED" time="0.00199999999995271"/>
    <testcase classname="ds.kurtosis_smk_method_2_both" name="simple_kurtosis_method_2_both_on_LAB_GLUC_ADJUSTED" time="0.00199999999995271"/>
    <testcase classname="ds.kurtosis_smk_method_2_both" name="simple_kurtosis_method_2_both_on_LAB_GLUC_ADJUSTED" time="0.00199999999995271"/>
    <testcase classname="ds.kurtosis_smk_method_2_both" name="simple_kurtosis_method_2_both_on_LAB_GLUC_ADJUSTED" time="0.00200000000018008"/>
    <testcase classname="ds.kurtosis_smk_method_2_both" name="simple_kurtosis_method_2_both_on_LAB_GLUC_ADJUSTED" time="0.00199999999995271"/>
    <testcase classname="ds.kurtosis_smk_method_2_both" name="simple_kurtosis_method_2_both_on_LAB_GLUC_ADJUSTED" time="0.00299999999992906"/>
    <testcase classname="ds.kurtosis_smk_method_2_both" name="simple_kurtosis_method_2_both_on_LAB_GLUC_ADJUSTED" time="0.00199999999995271"/>
    <testcase classname="ds.kurtosis_smk_method_2_both" name="simple_kurtosis_method_2_both_on_LAB_GLUC_ADJUSTED" time="0.00200000000018008"/>
    <testcase classname="ds.kurtosis_smk_method_2_both" name="simple_kurtosis_method_2_both_on_LAB_GLUC_ADJUSTED" time="0.00199999999995271"/>
    <testcase classname="ds.kurtosis_smk_method_2_both" name="simple_kurtosis_method_2_both_on_PM_BMI_CONTINUOUS" time="1.71399999999994"/>
    <testcase classname="ds.kurtosis_smk_method_2_both" name="simple_kurtosis_method_2_both_on_PM_BMI_CONTINUOUS" time="0.00199999999995271"/>
    <testcase classname="ds.kurtosis_smk_method_2_both" name="simple_kurtosis_method_2_both_on_PM_BMI_CONTINUOUS" time="0.00200000000018008"/>
    <testcase classname="ds.kurtosis_smk_method_2_both" name="simple_kurtosis_method_2_both_on_PM_BMI_CONTINUOUS" time="0.00299999999992906"/>
    <testcase classname="ds.kurtosis_smk_method_2_both" name="simple_kurtosis_method_2_both_on_PM_BMI_CONTINUOUS" time="0.00199999999995271"/>
    <testcase classname="ds.kurtosis_smk_method_2_both" name="simple_kurtosis_method_2_both_on_PM_BMI_CONTINUOUS" time="0.00199999999995271"/>
    <testcase classname="ds.kurtosis_smk_method_2_both" name="simple_kurtosis_method_2_both_on_PM_BMI_CONTINUOUS" time="0.00300000000015643"/>
    <testcase classname="ds.kurtosis_smk_method_2_both" name="simple_kurtosis_method_2_both_on_PM_BMI_CONTINUOUS" time="0.00199999999995271"/>
    <testcase classname="ds.kurtosis_smk_method_2_both" name="simple_kurtosis_method_2_both_on_PM_BMI_CONTINUOUS" time="0.00299999999992906"/>
    <testcase classname="ds.kurtosis_smk_method_2_both" name="simple_kurtosis_method_2_both_on_PM_BMI_CONTINUOUS" time="0.00199999999995271"/>
    <testcase classname="ds.kurtosis_smk_method_2_both" name="simple_kurtosis_method_2_both_on_PM_BMI_CONTINUOUS" time="0.00300000000015643"/>
    <testcase classname="ds.kurtosis_smk_method_2_both" name="simple_kurtosis_method_2_both_on_PM_BMI_CONTINUOUS" time="0.00199999999995271"/>
    <testcase classname="ds.kurtosis_smk_method_2_both" name="simple_kurtosis_method_2_both_on_PM_BMI_CONTINUOUS" time="0.00199999999995271"/>
    <testcase classname="ds.kurtosis_smk_method_2_both" name="simple_kurtosis_method_2_both_on_PM_BMI_CONTINUOUS" time="0.00299999999992906"/>
    <testcase classname="ds.kurtosis_smk_method_2_both" name="simple_kurtosis_method_2_both_on_PM_BMI_CONTINUOUS" time="0.00300000000015643"/>
    <testcase classname="ds.kurtosis_smk_method_2_both" name="simple_kurtosis_method_2_both_on_PM_BMI_CONTINUOUS" time="0.00199999999995271"/>
    <testcase classname="ds.kurtosis_smk_method_2_both" name="simple_kurtosis_method_2_both_on_PM_BMI_CONTINUOUS" time="0.00299999999992906"/>
    <testcase classname="ds.kurtosis_smk_method_2_both" name="simple_kurtosis_method_2_both_on_PM_BMI_CONTINUOUS" time="0.00199999999995271"/>
    <testcase classname="ds.kurtosis_smk_method_2_both" name="simple_kurtosis_method_2_both_on_PM_BMI_CONTINUOUS" time="0.00300000000015643"/>
    <testcase classname="ds.kurtosis_smk_method_2_both" name="simple_kurtosis_method_2_both_on_PM_BMI_CONTINUOUS" time="0.00299999999992906"/>
    <testcase classname="ds.kurtosis_smk_method_2_both" name="simple_kurtosis_method_2_both_on_PM_BMI_CONTINUOUS" time="0.00299999999992906"/>
    <testcase classname="ds.kurtosis_smk_method_2_both" name="simple_kurtosis_method_2_both_on_PM_BMI_CONTINUOUS" time="0.00200000000018008"/>
  </testsuite>
  <testsuite errors="0" failures="0" hostname="fv-az14" name="ds.kurtosis::smk::method 3::split" skipped="0" tests="70" time="6.1" timestamp="2020-10-27T19:14:08Z">
    <testcase classname="ds.kurtosis_smk_method_3_split" name="simple_kurtosis_method_3_split_on_LAB_TSC" time="1.20799999999986"/>
    <testcase classname="ds.kurtosis_smk_method_3_split" name="simple_kurtosis_method_3_split_on_LAB_TSC" time="0.000999999999976353"/>
    <testcase classname="ds.kurtosis_smk_method_3_split" name="simple_kurtosis_method_3_split_on_LAB_TSC" time="0.000999999999976353"/>
    <testcase classname="ds.kurtosis_smk_method_3_split" name="simple_kurtosis_method_3_split_on_LAB_TSC" time="0.00100000000020373"/>
    <testcase classname="ds.kurtosis_smk_method_3_split" name="simple_kurtosis_method_3_split_on_LAB_TSC" time="0.000999999999976353"/>
    <testcase classname="ds.kurtosis_smk_method_3_split" name="simple_kurtosis_method_3_split_on_LAB_TSC" time="0.000999999999976353"/>
    <testcase classname="ds.kurtosis_smk_method_3_split" name="simple_kurtosis_method_3_split_on_LAB_TSC" time="0.000999999999976353"/>
    <testcase classname="ds.kurtosis_smk_method_3_split" name="simple_kurtosis_method_3_split_on_LAB_TSC" time="0.000999999999976353"/>
    <testcase classname="ds.kurtosis_smk_method_3_split" name="simple_kurtosis_method_3_split_on_LAB_TSC" time="0.00199999999995271"/>
    <testcase classname="ds.kurtosis_smk_method_3_split" name="simple_kurtosis_method_3_split_on_LAB_TSC" time="0.000999999999976353"/>
    <testcase classname="ds.kurtosis_smk_method_3_split" name="simple_kurtosis_method_3_split_on_LAB_TSC" time="0.000999999999976353"/>
    <testcase classname="ds.kurtosis_smk_method_3_split" name="simple_kurtosis_method_3_split_on_LAB_TSC" time="0.000999999999976353"/>
    <testcase classname="ds.kurtosis_smk_method_3_split" name="simple_kurtosis_method_3_split_on_LAB_TSC" time="0.00100000000020373"/>
    <testcase classname="ds.kurtosis_smk_method_3_split" name="simple_kurtosis_method_3_split_on_LAB_TSC" time="0.000999999999976353"/>
    <testcase classname="ds.kurtosis_smk_method_3_split" name="simple_kurtosis_method_3_split_on_LAB_TRIG" time="1.19899999999984"/>
    <testcase classname="ds.kurtosis_smk_method_3_split" name="simple_kurtosis_method_3_split_on_LAB_TRIG" time="0.00200000000018008"/>
    <testcase classname="ds.kurtosis_smk_method_3_split" name="simple_kurtosis_method_3_split_on_LAB_TRIG" time="0.000999999999976353"/>
    <testcase classname="ds.kurtosis_smk_method_3_split" name="simple_kurtosis_method_3_split_on_LAB_TRIG" time="0.000999999999976353"/>
    <testcase classname="ds.kurtosis_smk_method_3_split" name="simple_kurtosis_method_3_split_on_LAB_TRIG" time="0.00199999999995271"/>
    <testcase classname="ds.kurtosis_smk_method_3_split" name="simple_kurtosis_method_3_split_on_LAB_TRIG" time="0.000999999999976353"/>
    <testcase classname="ds.kurtosis_smk_method_3_split" name="simple_kurtosis_method_3_split_on_LAB_TRIG" time="0.000999999999976353"/>
    <testcase classname="ds.kurtosis_smk_method_3_split" name="simple_kurtosis_method_3_split_on_LAB_TRIG" time="0.00199999999995271"/>
    <testcase classname="ds.kurtosis_smk_method_3_split" name="simple_kurtosis_method_3_split_on_LAB_TRIG" time="0.000999999999976353"/>
    <testcase classname="ds.kurtosis_smk_method_3_split" name="simple_kurtosis_method_3_split_on_LAB_TRIG" time="0.00100000000020373"/>
    <testcase classname="ds.kurtosis_smk_method_3_split" name="simple_kurtosis_method_3_split_on_LAB_TRIG" time="0.00199999999995271"/>
    <testcase classname="ds.kurtosis_smk_method_3_split" name="simple_kurtosis_method_3_split_on_LAB_TRIG" time="0.000999999999976353"/>
    <testcase classname="ds.kurtosis_smk_method_3_split" name="simple_kurtosis_method_3_split_on_LAB_TRIG" time="0.000999999999976353"/>
    <testcase classname="ds.kurtosis_smk_method_3_split" name="simple_kurtosis_method_3_split_on_LAB_TRIG" time="0.00199999999995271"/>
    <testcase classname="ds.kurtosis_smk_method_3_split" name="simple_kurtosis_method_3_split_on_LAB_HDL" time="1.19900000000007"/>
    <testcase classname="ds.kurtosis_smk_method_3_split" name="simple_kurtosis_method_3_split_on_LAB_HDL" time="0.00199999999995271"/>
    <testcase classname="ds.kurtosis_smk_method_3_split" name="simple_kurtosis_method_3_split_on_LAB_HDL" time="0.000999999999976353"/>
    <testcase classname="ds.kurtosis_smk_method_3_split" name="simple_kurtosis_method_3_split_on_LAB_HDL" time="0.00199999999995271"/>
    <testcase classname="ds.kurtosis_smk_method_3_split" name="simple_kurtosis_method_3_split_on_LAB_HDL" time="0.00200000000018008"/>
    <testcase classname="ds.kurtosis_smk_method_3_split" name="simple_kurtosis_method_3_split_on_LAB_HDL" time="0.000999999999976353"/>
    <testcase classname="ds.kurtosis_smk_method_3_split" name="simple_kurtosis_method_3_split_on_LAB_HDL" time="0.00199999999995271"/>
    <testcase classname="ds.kurtosis_smk_method_3_split" name="simple_kurtosis_method_3_split_on_LAB_HDL" time="0.000999999999976353"/>
    <testcase classname="ds.kurtosis_smk_method_3_split" name="simple_kurtosis_method_3_split_on_LAB_HDL" time="0.00199999999995271"/>
    <testcase classname="ds.kurtosis_smk_method_3_split" name="simple_kurtosis_method_3_split_on_LAB_HDL" time="0.000999999999976353"/>
    <testcase classname="ds.kurtosis_smk_method_3_split" name="simple_kurtosis_method_3_split_on_LAB_HDL" time="0.00200000000018008"/>
    <testcase classname="ds.kurtosis_smk_method_3_split" name="simple_kurtosis_method_3_split_on_LAB_HDL" time="0.00199999999995271"/>
    <testcase classname="ds.kurtosis_smk_method_3_split" name="simple_kurtosis_method_3_split_on_LAB_HDL" time="0.000999999999976353"/>
    <testcase classname="ds.kurtosis_smk_method_3_split" name="simple_kurtosis_method_3_split_on_LAB_HDL" time="0.00199999999995271"/>
    <testcase classname="ds.kurtosis_smk_method_3_split" name="simple_kurtosis_method_3_split_on_LAB_GLUC_ADJUSTED" time="1.20100000000002"/>
    <testcase classname="ds.kurtosis_smk_method_3_split" name="simple_kurtosis_method_3_split_on_LAB_GLUC_ADJUSTED" time="0.00199999999995271"/>
    <testcase classname="ds.kurtosis_smk_method_3_split" name="simple_kurtosis_method_3_split_on_LAB_GLUC_ADJUSTED" time="0.00199999999995271"/>
    <testcase classname="ds.kurtosis_smk_method_3_split" name="simple_kurtosis_method_3_split_on_LAB_GLUC_ADJUSTED" time="0.00100000000020373"/>
    <testcase classname="ds.kurtosis_smk_method_3_split" name="simple_kurtosis_method_3_split_on_LAB_GLUC_ADJUSTED" time="0.00199999999995271"/>
    <testcase classname="ds.kurtosis_smk_method_3_split" name="simple_kurtosis_method_3_split_on_LAB_GLUC_ADJUSTED" time="0.00199999999995271"/>
    <testcase classname="ds.kurtosis_smk_method_3_split" name="simple_kurtosis_method_3_split_on_LAB_GLUC_ADJUSTED" time="0.000999999999976353"/>
    <testcase classname="ds.kurtosis_smk_method_3_split" name="simple_kurtosis_method_3_split_on_LAB_GLUC_ADJUSTED" time="0.00199999999995271"/>
    <testcase classname="ds.kurtosis_smk_method_3_split" name="simple_kurtosis_method_3_split_on_LAB_GLUC_ADJUSTED" time="0.00199999999995271"/>
    <testcase classname="ds.kurtosis_smk_method_3_split" name="simple_kurtosis_method_3_split_on_LAB_GLUC_ADJUSTED" time="0.00200000000018008"/>
    <testcase classname="ds.kurtosis_smk_method_3_split" name="simple_kurtosis_method_3_split_on_LAB_GLUC_ADJUSTED" time="0.000999999999976353"/>
    <testcase classname="ds.kurtosis_smk_method_3_split" name="simple_kurtosis_method_3_split_on_LAB_GLUC_ADJUSTED" time="0.00199999999995271"/>
    <testcase classname="ds.kurtosis_smk_method_3_split" name="simple_kurtosis_method_3_split_on_LAB_GLUC_ADJUSTED" time="0.00199999999995271"/>
    <testcase classname="ds.kurtosis_smk_method_3_split" name="simple_kurtosis_method_3_split_on_LAB_GLUC_ADJUSTED" time="0.00199999999995271"/>
    <testcase classname="ds.kurtosis_smk_method_3_split" name="simple_kurtosis_method_3_split_on_PM_BMI_CONTINUOUS" time="1.19299999999998"/>
    <testcase classname="ds.kurtosis_smk_method_3_split" name="simple_kurtosis_method_3_split_on_PM_BMI_CONTINUOUS" time="0.00200000000018008"/>
    <testcase classname="ds.kurtosis_smk_method_3_split" name="simple_kurtosis_method_3_split_on_PM_BMI_CONTINUOUS" time="0.00199999999995271"/>
    <testcase classname="ds.kurtosis_smk_method_3_split" name="simple_kurtosis_method_3_split_on_PM_BMI_CONTINUOUS" time="0.00199999999995271"/>
    <testcase classname="ds.kurtosis_smk_method_3_split" name="simple_kurtosis_method_3_split_on_PM_BMI_CONTINUOUS" time="0.00199999999995271"/>
    <testcase classname="ds.kurtosis_smk_method_3_split" name="simple_kurtosis_method_3_split_on_PM_BMI_CONTINUOUS" time="0.00200000000018008"/>
    <testcase classname="ds.kurtosis_smk_method_3_split" name="simple_kurtosis_method_3_split_on_PM_BMI_CONTINUOUS" time="0.00199999999995271"/>
    <testcase classname="ds.kurtosis_smk_method_3_split" name="simple_kurtosis_method_3_split_on_PM_BMI_CONTINUOUS" time="0.000999999999976353"/>
    <testcase classname="ds.kurtosis_smk_method_3_split" name="simple_kurtosis_method_3_split_on_PM_BMI_CONTINUOUS" time="0.000999999999976353"/>
    <testcase classname="ds.kurtosis_smk_method_3_split" name="simple_kurtosis_method_3_split_on_PM_BMI_CONTINUOUS" time="0.00199999999995271"/>
    <testcase classname="ds.kurtosis_smk_method_3_split" name="simple_kurtosis_method_3_split_on_PM_BMI_CONTINUOUS" time="0.00199999999995271"/>
    <testcase classname="ds.kurtosis_smk_method_3_split" name="simple_kurtosis_method_3_split_on_PM_BMI_CONTINUOUS" time="0.00200000000018008"/>
    <testcase classname="ds.kurtosis_smk_method_3_split" name="simple_kurtosis_method_3_split_on_PM_BMI_CONTINUOUS" time="0.00199999999995271"/>
    <testcase classname="ds.kurtosis_smk_method_3_split" name="simple_kurtosis_method_3_split_on_PM_BMI_CONTINUOUS" time="0.00199999999995271"/>
  </testsuite>
  <testsuite errors="0" failures="0" hostname="fv-az14" name="ds.kurtosis::smk::method 3::combine" skipped="0" tests="40" time="7.351" timestamp="2020-10-27T19:14:14Z">
    <testcase classname="ds.kurtosis_smk_method_3_combine" name="simple_kurtosis_combine_on_LAB_TSC" time="1.46800000000007"/>
    <testcase classname="ds.kurtosis_smk_method_3_combine" name="simple_kurtosis_combine_on_LAB_TSC" time="0.000999999999976353"/>
    <testcase classname="ds.kurtosis_smk_method_3_combine" name="simple_kurtosis_combine_on_LAB_TSC" time="0.000999999999976353"/>
    <testcase classname="ds.kurtosis_smk_method_3_combine" name="simple_kurtosis_combine_on_LAB_TSC" time="0.000999999999976353"/>
    <testcase classname="ds.kurtosis_smk_method_3_combine" name="simple_kurtosis_combine_on_LAB_TSC" time="0.000999999999976353"/>
    <testcase classname="ds.kurtosis_smk_method_3_combine" name="simple_kurtosis_combine_on_LAB_TSC" time="0.000999999999976353"/>
    <testcase classname="ds.kurtosis_smk_method_3_combine" name="simple_kurtosis_combine_on_LAB_TSC" time="0.000999999999976353"/>
    <testcase classname="ds.kurtosis_smk_method_3_combine" name="simple_kurtosis_combine_on_LAB_TSC" time="0.000999999999976353"/>
    <testcase classname="ds.kurtosis_smk_method_3_combine" name="simple_kurtosis_method_3_combine_on_LAB_TRIG" time="1.452"/>
    <testcase classname="ds.kurtosis_smk_method_3_combine" name="simple_kurtosis_method_3_combine_on_LAB_TRIG" time="0.00200000000018008"/>
    <testcase classname="ds.kurtosis_smk_method_3_combine" name="simple_kurtosis_method_3_combine_on_LAB_TRIG" time="0.000999999999976353"/>
    <testcase classname="ds.kurtosis_smk_method_3_combine" name="simple_kurtosis_method_3_combine_on_LAB_TRIG" time="0.000999999999976353"/>
    <testcase classname="ds.kurtosis_smk_method_3_combine" name="simple_kurtosis_method_3_combine_on_LAB_TRIG" time="0.000999999999976353"/>
    <testcase classname="ds.kurtosis_smk_method_3_combine" name="simple_kurtosis_method_3_combine_on_LAB_TRIG" time="0.000999999999976353"/>
    <testcase classname="ds.kurtosis_smk_method_3_combine" name="simple_kurtosis_method_3_combine_on_LAB_TRIG" time="0.00199999999995271"/>
    <testcase classname="ds.kurtosis_smk_method_3_combine" name="simple_kurtosis_method_3_combine_on_LAB_TRIG" time="0.000999999999976353"/>
    <testcase classname="ds.kurtosis_smk_method_3_combine" name="simple_kurtosis_method_3_combine_on_LAB_HDL" time="1.46900000000005"/>
    <testcase classname="ds.kurtosis_smk_method_3_combine" name="simple_kurtosis_method_3_combine_on_LAB_HDL" time="0.000999999999976353"/>
    <testcase classname="ds.kurtosis_smk_method_3_combine" name="simple_kurtosis_method_3_combine_on_LAB_HDL" time="0.000999999999976353"/>
    <testcase classname="ds.kurtosis_smk_method_3_combine" name="simple_kurtosis_method_3_combine_on_LAB_HDL" time="0.00200000000018008"/>
    <testcase classname="ds.kurtosis_smk_method_3_combine" name="simple_kurtosis_method_3_combine_on_LAB_HDL" time="0.000999999999976353"/>
    <testcase classname="ds.kurtosis_smk_method_3_combine" name="simple_kurtosis_method_3_combine_on_LAB_HDL" time="0.000999999999976353"/>
    <testcase classname="ds.kurtosis_smk_method_3_combine" name="simple_kurtosis_method_3_combine_on_LAB_HDL" time="0.00199999999995271"/>
    <testcase classname="ds.kurtosis_smk_method_3_combine" name="simple_kurtosis_method_3_combine_on_LAB_HDL" time="0.000999999999976353"/>
    <testcase classname="ds.kurtosis_smk_method_3_combine" name="simple_kurtosis_method_3_combine_on_LAB_GLUC_ADJUSTED" time="1.45600000000013"/>
    <testcase classname="ds.kurtosis_smk_method_3_combine" name="simple_kurtosis_method_3_combine_on_LAB_GLUC_ADJUSTED" time="0.000999999999976353"/>
    <testcase classname="ds.kurtosis_smk_method_3_combine" name="simple_kurtosis_method_3_combine_on_LAB_GLUC_ADJUSTED" time="0.00199999999995271"/>
    <testcase classname="ds.kurtosis_smk_method_3_combine" name="simple_kurtosis_method_3_combine_on_LAB_GLUC_ADJUSTED" time="0.000999999999976353"/>
    <testcase classname="ds.kurtosis_smk_method_3_combine" name="simple_kurtosis_method_3_combine_on_LAB_GLUC_ADJUSTED" time="0.00199999999995271"/>
    <testcase classname="ds.kurtosis_smk_method_3_combine" name="simple_kurtosis_method_3_combine_on_LAB_GLUC_ADJUSTED" time="0.000999999999976353"/>
    <testcase classname="ds.kurtosis_smk_method_3_combine" name="simple_kurtosis_method_3_combine_on_LAB_GLUC_ADJUSTED" time="0.00199999999995271"/>
    <testcase classname="ds.kurtosis_smk_method_3_combine" name="simple_kurtosis_method_3_combine_on_LAB_GLUC_ADJUSTED" time="0.00100000000020373"/>
    <testcase classname="ds.kurtosis_smk_method_3_combine" name="simple_kurtosis_method_3_combine_on_PM_BMI_CONTINUOUS" time="1.45999999999981"/>
    <testcase classname="ds.kurtosis_smk_method_3_combine" name="simple_kurtosis_method_3_combine_on_PM_BMI_CONTINUOUS" time="0.00200000000018008"/>
    <testcase classname="ds.kurtosis_smk_method_3_combine" name="simple_kurtosis_method_3_combine_on_PM_BMI_CONTINUOUS" time="0.000999999999976353"/>
    <testcase classname="ds.kurtosis_smk_method_3_combine" name="simple_kurtosis_method_3_combine_on_PM_BMI_CONTINUOUS" time="0.00199999999995271"/>
    <testcase classname="ds.kurtosis_smk_method_3_combine" name="simple_kurtosis_method_3_combine_on_PM_BMI_CONTINUOUS" time="0.00199999999995271"/>
    <testcase classname="ds.kurtosis_smk_method_3_combine" name="simple_kurtosis_method_3_combine_on_PM_BMI_CONTINUOUS" time="0.000999999999976353"/>
    <testcase classname="ds.kurtosis_smk_method_3_combine" name="simple_kurtosis_method_3_combine_on_PM_BMI_CONTINUOUS" time="0.00199999999995271"/>
    <testcase classname="ds.kurtosis_smk_method_3_combine" name="simple_kurtosis_method_3_combine_on_PM_BMI_CONTINUOUS" time="0.00100000000020373"/>
  </testsuite>
  <testsuite errors="0" failures="0" hostname="fv-az14" name="ds.kurtosis::smk::method 3::both" skipped="0" tests="110" time="8.8" timestamp="2020-10-27T19:14:22Z">
    <testcase classname="ds.kurtosis_smk_method_3_both" name="simple_kurtosis_both_on_LAB_TSC" time="1.71899999999982"/>
    <testcase classname="ds.kurtosis_smk_method_3_both" name="simple_kurtosis_both_on_LAB_TSC" time="0.000999999999976353"/>
    <testcase classname="ds.kurtosis_smk_method_3_both" name="simple_kurtosis_both_on_LAB_TSC" time="0.00100000000020373"/>
    <testcase classname="ds.kurtosis_smk_method_3_both" name="simple_kurtosis_both_on_LAB_TSC" time="0.000999999999976353"/>
    <testcase classname="ds.kurtosis_smk_method_3_both" name="simple_kurtosis_both_on_LAB_TSC" time="0.00199999999995271"/>
    <testcase classname="ds.kurtosis_smk_method_3_both" name="simple_kurtosis_both_on_LAB_TSC" time="0.000999999999976353"/>
    <testcase classname="ds.kurtosis_smk_method_3_both" name="simple_kurtosis_both_on_LAB_TSC" time="0.000999999999976353"/>
    <testcase classname="ds.kurtosis_smk_method_3_both" name="simple_kurtosis_both_on_LAB_TSC" time="0.000999999999976353"/>
    <testcase classname="ds.kurtosis_smk_method_3_both" name="simple_kurtosis_both_on_LAB_TSC" time="0.000999999999976353"/>
    <testcase classname="ds.kurtosis_smk_method_3_both" name="simple_kurtosis_both_on_LAB_TSC" time="0.000999999999976353"/>
    <testcase classname="ds.kurtosis_smk_method_3_both" name="simple_kurtosis_both_on_LAB_TSC" time="0.000999999999976353"/>
    <testcase classname="ds.kurtosis_smk_method_3_both" name="simple_kurtosis_both_on_LAB_TSC" time="0.00100000000020373"/>
    <testcase classname="ds.kurtosis_smk_method_3_both" name="simple_kurtosis_both_on_LAB_TSC" time="0.00199999999995271"/>
    <testcase classname="ds.kurtosis_smk_method_3_both" name="simple_kurtosis_both_on_LAB_TSC" time="0.000999999999976353"/>
    <testcase classname="ds.kurtosis_smk_method_3_both" name="simple_kurtosis_both_on_LAB_TSC" time="0.000999999999976353"/>
    <testcase classname="ds.kurtosis_smk_method_3_both" name="simple_kurtosis_both_on_LAB_TSC" time="0.000999999999976353"/>
    <testcase classname="ds.kurtosis_smk_method_3_both" name="simple_kurtosis_both_on_LAB_TSC" time="0.000999999999976353"/>
    <testcase classname="ds.kurtosis_smk_method_3_both" name="simple_kurtosis_both_on_LAB_TSC" time="0.00199999999995271"/>
    <testcase classname="ds.kurtosis_smk_method_3_both" name="simple_kurtosis_both_on_LAB_TSC" time="0.00100000000020373"/>
    <testcase classname="ds.kurtosis_smk_method_3_both" name="simple_kurtosis_both_on_LAB_TSC" time="0.000999999999976353"/>
    <testcase classname="ds.kurtosis_smk_method_3_both" name="simple_kurtosis_both_on_LAB_TSC" time="0.000999999999976353"/>
    <testcase classname="ds.kurtosis_smk_method_3_both" name="simple_kurtosis_both_on_LAB_TSC" time="0.00199999999995271"/>
    <testcase classname="ds.kurtosis_smk_method_3_both" name="simple_kurtosis_method_3_both_on_LAB_TRIG" time="1.72700000000009"/>
    <testcase classname="ds.kurtosis_smk_method_3_both" name="simple_kurtosis_method_3_both_on_LAB_TRIG" time="0.000999999999976353"/>
    <testcase classname="ds.kurtosis_smk_method_3_both" name="simple_kurtosis_method_3_both_on_LAB_TRIG" time="0.00199999999995271"/>
    <testcase classname="ds.kurtosis_smk_method_3_both" name="simple_kurtosis_method_3_both_on_LAB_TRIG" time="0.000999999999976353"/>
    <testcase classname="ds.kurtosis_smk_method_3_both" name="simple_kurtosis_method_3_both_on_LAB_TRIG" time="0.000999999999976353"/>
    <testcase classname="ds.kurtosis_smk_method_3_both" name="simple_kurtosis_method_3_both_on_LAB_TRIG" time="0.00199999999995271"/>
    <testcase classname="ds.kurtosis_smk_method_3_both" name="simple_kurtosis_method_3_both_on_LAB_TRIG" time="0.000999999999976353"/>
    <testcase classname="ds.kurtosis_smk_method_3_both" name="simple_kurtosis_method_3_both_on_LAB_TRIG" time="0.00200000000018008"/>
    <testcase classname="ds.kurtosis_smk_method_3_both" name="simple_kurtosis_method_3_both_on_LAB_TRIG" time="0.000999999999976353"/>
    <testcase classname="ds.kurtosis_smk_method_3_both" name="simple_kurtosis_method_3_both_on_LAB_TRIG" time="0.000999999999976353"/>
    <testcase classname="ds.kurtosis_smk_method_3_both" name="simple_kurtosis_method_3_both_on_LAB_TRIG" time="0.000999999999976353"/>
    <testcase classname="ds.kurtosis_smk_method_3_both" name="simple_kurtosis_method_3_both_on_LAB_TRIG" time="0.000999999999976353"/>
    <testcase classname="ds.kurtosis_smk_method_3_both" name="simple_kurtosis_method_3_both_on_LAB_TRIG" time="0.00199999999995271"/>
    <testcase classname="ds.kurtosis_smk_method_3_both" name="simple_kurtosis_method_3_both_on_LAB_TRIG" time="0.000999999999976353"/>
    <testcase classname="ds.kurtosis_smk_method_3_both" name="simple_kurtosis_method_3_both_on_LAB_TRIG" time="0.00200000000018008"/>
    <testcase classname="ds.kurtosis_smk_method_3_both" name="simple_kurtosis_method_3_both_on_LAB_TRIG" time="0.000999999999976353"/>
    <testcase classname="ds.kurtosis_smk_method_3_both" name="simple_kurtosis_method_3_both_on_LAB_TRIG" time="0.00199999999995271"/>
    <testcase classname="ds.kurtosis_smk_method_3_both" name="simple_kurtosis_method_3_both_on_LAB_TRIG" time="0.00199999999995271"/>
    <testcase classname="ds.kurtosis_smk_method_3_both" name="simple_kurtosis_method_3_both_on_LAB_TRIG" time="0.000999999999976353"/>
    <testcase classname="ds.kurtosis_smk_method_3_both" name="simple_kurtosis_method_3_both_on_LAB_TRIG" time="0.00199999999995271"/>
    <testcase classname="ds.kurtosis_smk_method_3_both" name="simple_kurtosis_method_3_both_on_LAB_TRIG" time="0.00100000000020373"/>
    <testcase classname="ds.kurtosis_smk_method_3_both" name="simple_kurtosis_method_3_both_on_LAB_TRIG" time="0.00199999999995271"/>
    <testcase classname="ds.kurtosis_smk_method_3_both" name="simple_kurtosis_method_3_both_on_LAB_HDL" time="1.71799999999985"/>
    <testcase classname="ds.kurtosis_smk_method_3_both" name="simple_kurtosis_method_3_both_on_LAB_HDL" time="0.00200000000018008"/>
    <testcase classname="ds.kurtosis_smk_method_3_both" name="simple_kurtosis_method_3_both_on_LAB_HDL" time="0.00199999999995271"/>
    <testcase classname="ds.kurtosis_smk_method_3_both" name="simple_kurtosis_method_3_both_on_LAB_HDL" time="0.000999999999976353"/>
    <testcase classname="ds.kurtosis_smk_method_3_both" name="simple_kurtosis_method_3_both_on_LAB_HDL" time="0.00199999999995271"/>
    <testcase classname="ds.kurtosis_smk_method_3_both" name="simple_kurtosis_method_3_both_on_LAB_HDL" time="0.00199999999995271"/>
    <testcase classname="ds.kurtosis_smk_method_3_both" name="simple_kurtosis_method_3_both_on_LAB_HDL" time="0.00200000000018008"/>
    <testcase classname="ds.kurtosis_smk_method_3_both" name="simple_kurtosis_method_3_both_on_LAB_HDL" time="0.000999999999976353"/>
    <testcase classname="ds.kurtosis_smk_method_3_both" name="simple_kurtosis_method_3_both_on_LAB_HDL" time="0.00199999999995271"/>
    <testcase classname="ds.kurtosis_smk_method_3_both" name="simple_kurtosis_method_3_both_on_LAB_HDL" time="0.00199999999995271"/>
    <testcase classname="ds.kurtosis_smk_method_3_both" name="simple_kurtosis_method_3_both_on_LAB_HDL" time="0.00199999999995271"/>
    <testcase classname="ds.kurtosis_smk_method_3_both" name="simple_kurtosis_method_3_both_on_LAB_HDL" time="0.00200000000018008"/>
    <testcase classname="ds.kurtosis_smk_method_3_both" name="simple_kurtosis_method_3_both_on_LAB_HDL" time="0.000999999999976353"/>
    <testcase classname="ds.kurtosis_smk_method_3_both" name="simple_kurtosis_method_3_both_on_LAB_HDL" time="0.00199999999995271"/>
    <testcase classname="ds.kurtosis_smk_method_3_both" name="simple_kurtosis_method_3_both_on_LAB_HDL" time="0.00199999999995271"/>
    <testcase classname="ds.kurtosis_smk_method_3_both" name="simple_kurtosis_method_3_both_on_LAB_HDL" time="0.00199999999995271"/>
    <testcase classname="ds.kurtosis_smk_method_3_both" name="simple_kurtosis_method_3_both_on_LAB_HDL" time="0.00199999999995271"/>
    <testcase classname="ds.kurtosis_smk_method_3_both" name="simple_kurtosis_method_3_both_on_LAB_HDL" time="0.00200000000018008"/>
    <testcase classname="ds.kurtosis_smk_method_3_both" name="simple_kurtosis_method_3_both_on_LAB_HDL" time="0.000999999999976353"/>
    <testcase classname="ds.kurtosis_smk_method_3_both" name="simple_kurtosis_method_3_both_on_LAB_HDL" time="0.00199999999995271"/>
    <testcase classname="ds.kurtosis_smk_method_3_both" name="simple_kurtosis_method_3_both_on_LAB_HDL" time="0.00199999999995271"/>
    <testcase classname="ds.kurtosis_smk_method_3_both" name="simple_kurtosis_method_3_both_on_LAB_HDL" time="0.00199999999995271"/>
    <testcase classname="ds.kurtosis_smk_method_3_both" name="simple_kurtosis_method_3_both_on_LAB_GLUC_ADJUSTED" time="1.71800000000007"/>
    <testcase classname="ds.kurtosis_smk_method_3_both" name="simple_kurtosis_method_3_both_on_LAB_GLUC_ADJUSTED" time="0.00199999999995271"/>
    <testcase classname="ds.kurtosis_smk_method_3_both" name="simple_kurtosis_method_3_both_on_LAB_GLUC_ADJUSTED" time="0.00199999999995271"/>
    <testcase classname="ds.kurtosis_smk_method_3_both" name="simple_kurtosis_method_3_both_on_LAB_GLUC_ADJUSTED" time="0.00200000000018008"/>
    <testcase classname="ds.kurtosis_smk_method_3_both" name="simple_kurtosis_method_3_both_on_LAB_GLUC_ADJUSTED" time="0.00199999999995271"/>
    <testcase classname="ds.kurtosis_smk_method_3_both" name="simple_kurtosis_method_3_both_on_LAB_GLUC_ADJUSTED" time="0.00199999999995271"/>
    <testcase classname="ds.kurtosis_smk_method_3_both" name="simple_kurtosis_method_3_both_on_LAB_GLUC_ADJUSTED" time="0.00199999999995271"/>
    <testcase classname="ds.kurtosis_smk_method_3_both" name="simple_kurtosis_method_3_both_on_LAB_GLUC_ADJUSTED" time="0.00200000000018008"/>
    <testcase classname="ds.kurtosis_smk_method_3_both" name="simple_kurtosis_method_3_both_on_LAB_GLUC_ADJUSTED" time="0.00199999999995271"/>
    <testcase classname="ds.kurtosis_smk_method_3_both" name="simple_kurtosis_method_3_both_on_LAB_GLUC_ADJUSTED" time="0.00199999999995271"/>
    <testcase classname="ds.kurtosis_smk_method_3_both" name="simple_kurtosis_method_3_both_on_LAB_GLUC_ADJUSTED" time="0.00199999999995271"/>
    <testcase classname="ds.kurtosis_smk_method_3_both" name="simple_kurtosis_method_3_both_on_LAB_GLUC_ADJUSTED" time="0.00199999999995271"/>
    <testcase classname="ds.kurtosis_smk_method_3_both" name="simple_kurtosis_method_3_both_on_LAB_GLUC_ADJUSTED" time="0.00200000000018008"/>
    <testcase classname="ds.kurtosis_smk_method_3_both" name="simple_kurtosis_method_3_both_on_LAB_GLUC_ADJUSTED" time="0.00299999999992906"/>
    <testcase classname="ds.kurtosis_smk_method_3_both" name="simple_kurtosis_method_3_both_on_LAB_GLUC_ADJUSTED" time="0.00199999999995271"/>
    <testcase classname="ds.kurtosis_smk_method_3_both" name="simple_kurtosis_method_3_both_on_LAB_GLUC_ADJUSTED" time="0.00199999999995271"/>
    <testcase classname="ds.kurtosis_smk_method_3_both" name="simple_kurtosis_method_3_both_on_LAB_GLUC_ADJUSTED" time="0.00200000000018008"/>
    <testcase classname="ds.kurtosis_smk_method_3_both" name="simple_kurtosis_method_3_both_on_LAB_GLUC_ADJUSTED" time="0.00199999999995271"/>
    <testcase classname="ds.kurtosis_smk_method_3_both" name="simple_kurtosis_method_3_both_on_LAB_GLUC_ADJUSTED" time="0.00199999999995271"/>
    <testcase classname="ds.kurtosis_smk_method_3_both" name="simple_kurtosis_method_3_both_on_LAB_GLUC_ADJUSTED" time="0.00299999999992906"/>
    <testcase classname="ds.kurtosis_smk_method_3_both" name="simple_kurtosis_method_3_both_on_LAB_GLUC_ADJUSTED" time="0.00199999999995271"/>
    <testcase classname="ds.kurtosis_smk_method_3_both" name="simple_kurtosis_method_3_both_on_LAB_GLUC_ADJUSTED" time="0.00200000000018008"/>
    <testcase classname="ds.kurtosis_smk_method_3_both" name="simple_kurtosis_method_3_both_on_PM_BMI_CONTINUOUS" time="1.73000000000002"/>
    <testcase classname="ds.kurtosis_smk_method_3_both" name="simple_kurtosis_method_3_both_on_PM_BMI_CONTINUOUS" time="0.00299999999992906"/>
    <testcase classname="ds.kurtosis_smk_method_3_both" name="simple_kurtosis_method_3_both_on_PM_BMI_CONTINUOUS" time="0.00199999999995271"/>
    <testcase classname="ds.kurtosis_smk_method_3_both" name="simple_kurtosis_method_3_both_on_PM_BMI_CONTINUOUS" time="0.00199999999995271"/>
    <testcase classname="ds.kurtosis_smk_method_3_both" name="simple_kurtosis_method_3_both_on_PM_BMI_CONTINUOUS" time="0.00300000000015643"/>
    <testcase classname="ds.kurtosis_smk_method_3_both" name="simple_kurtosis_method_3_both_on_PM_BMI_CONTINUOUS" time="0.00199999999995271"/>
    <testcase classname="ds.kurtosis_smk_method_3_both" name="simple_kurtosis_method_3_both_on_PM_BMI_CONTINUOUS" time="0.00199999999995271"/>
    <testcase classname="ds.kurtosis_smk_method_3_both" name="simple_kurtosis_method_3_both_on_PM_BMI_CONTINUOUS" time="0.00299999999992906"/>
    <testcase classname="ds.kurtosis_smk_method_3_both" name="simple_kurtosis_method_3_both_on_PM_BMI_CONTINUOUS" time="0.00200000000018008"/>
    <testcase classname="ds.kurtosis_smk_method_3_both" name="simple_kurtosis_method_3_both_on_PM_BMI_CONTINUOUS" time="0.00299999999992906"/>
    <testcase classname="ds.kurtosis_smk_method_3_both" name="simple_kurtosis_method_3_both_on_PM_BMI_CONTINUOUS" time="0.00199999999995271"/>
    <testcase classname="ds.kurtosis_smk_method_3_both" name="simple_kurtosis_method_3_both_on_PM_BMI_CONTINUOUS" time="0.00199999999995271"/>
    <testcase classname="ds.kurtosis_smk_method_3_both" name="simple_kurtosis_method_3_both_on_PM_BMI_CONTINUOUS" time="0.00300000000015643"/>
    <testcase classname="ds.kurtosis_smk_method_3_both" name="simple_kurtosis_method_3_both_on_PM_BMI_CONTINUOUS" time="0.00199999999995271"/>
    <testcase classname="ds.kurtosis_smk_method_3_both" name="simple_kurtosis_method_3_both_on_PM_BMI_CONTINUOUS" time="0.00299999999992906"/>
    <testcase classname="ds.kurtosis_smk_method_3_both" name="simple_kurtosis_method_3_both_on_PM_BMI_CONTINUOUS" time="0.00199999999995271"/>
    <testcase classname="ds.kurtosis_smk_method_3_both" name="simple_kurtosis_method_3_both_on_PM_BMI_CONTINUOUS" time="0.00300000000015643"/>
    <testcase classname="ds.kurtosis_smk_method_3_both" name="simple_kurtosis_method_3_both_on_PM_BMI_CONTINUOUS" time="0.00199999999995271"/>
    <testcase classname="ds.kurtosis_smk_method_3_both" name="simple_kurtosis_method_3_both_on_PM_BMI_CONTINUOUS" time="0.00299999999992906"/>
    <testcase classname="ds.kurtosis_smk_method_3_both" name="simple_kurtosis_method_3_both_on_PM_BMI_CONTINUOUS" time="0.00199999999995271"/>
    <testcase classname="ds.kurtosis_smk_method_3_both" name="simple_kurtosis_method_3_both_on_PM_BMI_CONTINUOUS" time="0.00300000000015643"/>
    <testcase classname="ds.kurtosis_smk_method_3_both" name="simple_kurtosis_method_3_both_on_PM_BMI_CONTINUOUS" time="0.00199999999995271"/>
  </testsuite>
  <testsuite errors="0" failures="0" hostname="fv-az14" name="ds.kurtosis::smk::shutdown" skipped="0" tests="3" time="0.273" timestamp="2020-10-27T19:14:30Z">
    <testcase classname="ds.kurtosis_smk_shutdown" name="shutdown" time="0.270999999999958"/>
    <testcase classname="ds.kurtosis_smk_shutdown" name="shutdown" time="0.000999999999976353"/>
    <testcase classname="ds.kurtosis_smk_shutdown" name="shutdown" time="0.000999999999976353"/>
  </testsuite>
  <testsuite errors="0" failures="0" hostname="fv-az14" name="ds.kurtosis::smk::done" skipped="0" tests="0" time="0" timestamp="2020-10-27T19:14:31Z"/>
  <testsuite errors="0" failures="0" hostname="fv-az14" name="ds.length::smk::setup" skipped="0" tests="3" time="5.052" timestamp="2020-10-27T19:14:31Z">
    <testcase classname="ds.length_smk_setup" name="setup" time="5.04999999999995"/>
    <testcase classname="ds.length_smk_setup" name="setup" time="0.00100000000020373"/>
    <testcase classname="ds.length_smk_setup" name="setup" time="0.000999999999976353"/>
  </testsuite>
  <testsuite errors="0" failures="0" hostname="fv-az14" name="ds.length::smk" skipped="0" tests="22" time="4.407" timestamp="2020-10-27T19:14:36Z">
    <testcase classname="ds.length_smk" name="basic_length_both" time="0.270999999999958"/>
    <testcase classname="ds.length_smk" name="basic_length_both" time="0.000999999999976353"/>
    <testcase classname="ds.length_smk" name="basic_length_both" time="0.00199999999995271"/>
    <testcase classname="ds.length_smk" name="basic_length_both" time="0.000999999999976353"/>
    <testcase classname="ds.length_smk" name="basic_length_both" time="0.000999999999976353"/>
    <testcase classname="ds.length_smk" name="basic_length_split" time="0.259999999999991"/>
    <testcase classname="ds.length_smk" name="basic_length_split" time="0.00200000000018008"/>
    <testcase classname="ds.length_smk" name="basic_length_split" time="0.000999999999976353"/>
    <testcase classname="ds.length_smk" name="basic_length_split" time="0.000999999999976353"/>
    <testcase classname="ds.length_smk" name="basic_length_combine" time="0.267000000000053"/>
    <testcase classname="ds.length_smk" name="basic_length_combine" time="0.00199999999995271"/>
    <testcase classname="ds.length_smk" name="basic_length_both" time="1.20000000000005"/>
    <testcase classname="ds.length_smk" name="basic_length_both" time="0.00199999999995271"/>
    <testcase classname="ds.length_smk" name="basic_length_both" time="0.000999999999976353"/>
    <testcase classname="ds.length_smk" name="basic_length_both" time="0.000999999999976353"/>
    <testcase classname="ds.length_smk" name="basic_length_both" time="0.00199999999995271"/>
    <testcase classname="ds.length_smk" name="basic_length_split" time="1.18700000000013"/>
    <testcase classname="ds.length_smk" name="basic_length_split" time="0.00199999999995271"/>
    <testcase classname="ds.length_smk" name="basic_length_split" time="0.000999999999976353"/>
    <testcase classname="ds.length_smk" name="basic_length_split" time="0.000999999999976353"/>
    <testcase classname="ds.length_smk" name="basic_length_combine" time="1.19900000000007"/>
    <testcase classname="ds.length_smk" name="basic_length_combine" time="0.00199999999995271"/>
  </testsuite>
  <testsuite errors="0" failures="0" hostname="fv-az14" name="ds.length::smk::shutdown" skipped="0" tests="3" time="0.273" timestamp="2020-10-27T19:14:40Z">
    <testcase classname="ds.length_smk_shutdown" name="shutdown" time="0.269999999999982"/>
    <testcase classname="ds.length_smk_shutdown" name="shutdown" time="0.00199999999995271"/>
    <testcase classname="ds.length_smk_shutdown" name="shutdown" time="0.000999999999976353"/>
  </testsuite>
  <testsuite errors="0" failures="0" hostname="fv-az14" name="ds.length::smk::done" skipped="0" tests="0" time="0" timestamp="2020-10-27T19:14:41Z"/>
  <testsuite errors="0" failures="0" hostname="fv-az14" name="ds.levels::smk::setup" skipped="0" tests="3" time="5.032" timestamp="2020-10-27T19:14:41Z">
    <testcase classname="ds.levels_smk_setup" name="setup" time="5.0300000000002"/>
    <testcase classname="ds.levels_smk_setup" name="setup" time="0.000999999999976353"/>
    <testcase classname="ds.levels_smk_setup" name="setup" time="0.000999999999976353"/>
  </testsuite>
  <testsuite errors="0" failures="0" hostname="fv-az14" name="ds.levels::smk" skipped="0" tests="22" time="1.228" timestamp="2020-10-27T19:14:45Z">
    <testcase classname="ds.levels_smk" name="simple_levels" time="1.20399999999995"/>
    <testcase classname="ds.levels_smk" name="simple_levels" time="0.000999999999976353"/>
    <testcase classname="ds.levels_smk" name="simple_levels" time="0.000999999999976353"/>
    <testcase classname="ds.levels_smk" name="simple_levels" time="0.000999999999976353"/>
    <testcase classname="ds.levels_smk" name="simple_levels" time="0.000999999999976353"/>
    <testcase classname="ds.levels_smk" name="simple_levels" time="0.000999999999976353"/>
    <testcase classname="ds.levels_smk" name="simple_levels" time="0.00100000000020373"/>
    <testcase classname="ds.levels_smk" name="simple_levels" time="0.000999999999976353"/>
    <testcase classname="ds.levels_smk" name="simple_levels" time="0.00199999999995271"/>
    <testcase classname="ds.levels_smk" name="simple_levels" time="0.000999999999976353"/>
    <testcase classname="ds.levels_smk" name="simple_levels" time="0.000999999999976353"/>
    <testcase classname="ds.levels_smk" name="simple_levels" time="0.000999999999976353"/>
    <testcase classname="ds.levels_smk" name="simple_levels" time="0.000999999999976353"/>
    <testcase classname="ds.levels_smk" name="simple_levels" time="0.000999999999976353"/>
    <testcase classname="ds.levels_smk" name="simple_levels" time="0.00200000000018008"/>
    <testcase classname="ds.levels_smk" name="simple_levels" time="0.000999999999976353"/>
    <testcase classname="ds.levels_smk" name="simple_levels" time="0.000999999999976353"/>
    <testcase classname="ds.levels_smk" name="simple_levels" time="0.000999999999976353"/>
    <testcase classname="ds.levels_smk" name="simple_levels" time="0.000999999999976353"/>
    <testcase classname="ds.levels_smk" name="simple_levels" time="0.00199999999995271"/>
    <testcase classname="ds.levels_smk" name="simple_levels" time="0.000999999999976353"/>
    <testcase classname="ds.levels_smk" name="simple_levels" time="0.000999999999976353"/>
  </testsuite>
  <testsuite errors="0" failures="0" hostname="fv-az14" name="ds.levels::smk::shutdown" skipped="0" tests="3" time="0.277" timestamp="2020-10-27T19:14:47Z">
    <testcase classname="ds.levels_smk_shutdown" name="shutdown" time="0.275000000000091"/>
    <testcase classname="ds.levels_smk_shutdown" name="shutdown" time="0.000999999999976353"/>
    <testcase classname="ds.levels_smk_shutdown" name="shutdown" time="0.000999999999976353"/>
  </testsuite>
  <testsuite errors="0" failures="0" hostname="fv-az14" name="ds.levels::smk::done" skipped="0" tests="0" time="0" timestamp="2020-10-27T19:14:48Z"/>
  <testsuite errors="0" failures="0" hostname="fv-az14" name="ds.lexis::smk::setup" skipped="0" tests="3" time="5.06" timestamp="2020-10-27T19:14:48Z">
    <testcase classname="ds.lexis_smk_setup" name="setup" time="5.05799999999999"/>
    <testcase classname="ds.lexis_smk_setup" name="setup" time="0.000999999999976353"/>
    <testcase classname="ds.lexis_smk_setup" name="setup" time="0.000999999999976353"/>
  </testsuite>
  <testsuite errors="0" failures="0" hostname="fv-az14" name="ds.lexis::smk" skipped="0" tests="14" time="1.389" timestamp="2020-10-27T19:14:52Z">
    <testcase classname="ds.lexis_smk" name="simple_lexis" time="0.852000000000089"/>
    <testcase classname="ds.lexis_smk" name="simple_lexis" time="0.000999999999976353"/>
    <testcase classname="ds.lexis_smk" name="simple_lexis" time="0.000999999999976353"/>
    <testcase classname="ds.lexis_smk" name="simple_lexis" time="0.000999999999976353"/>
    <testcase classname="ds.lexis_smk" name="simple_lexis" time="0.00200000000018008"/>
    <testcase classname="ds.lexis_smk" name="simple_lexis" time="0.000999999999976353"/>
    <testcase classname="ds.lexis_smk" name="simple_lexis" time="0.264999999999873"/>
    <testcase classname="ds.lexis_smk" name="simple_lexis" time="0.000999999999976353"/>
    <testcase classname="ds.lexis_smk" name="simple_lexis" time="0.000999999999976353"/>
    <testcase classname="ds.lexis_smk" name="simple_lexis" time="0.00100000000020373"/>
    <testcase classname="ds.lexis_smk" name="simple_lexis" time="0.259000000000015"/>
    <testcase classname="ds.lexis_smk" name="simple_lexis" time="0.000999999999976353"/>
    <testcase classname="ds.lexis_smk" name="simple_lexis" time="0.000999999999976353"/>
    <testcase classname="ds.lexis_smk" name="simple_lexis" time="0.00199999999995271"/>
  </testsuite>
  <testsuite errors="0" failures="0" hostname="fv-az14" name="ds.lexis::smk::shutdown" skipped="0" tests="3" time="0.268" timestamp="2020-10-27T19:14:53Z">
    <testcase classname="ds.lexis_smk_shutdown" name="shutdown" time="0.266000000000076"/>
    <testcase classname="ds.lexis_smk_shutdown" name="shutdown" time="0.000999999999976353"/>
    <testcase classname="ds.lexis_smk_shutdown" name="shutdown" time="0.000999999999976353"/>
  </testsuite>
  <testsuite errors="0" failures="0" hostname="fv-az14" name="ds.lexis::smk::done" skipped="0" tests="0" time="0" timestamp="2020-10-27T19:14:54Z"/>
  <testsuite errors="0" failures="0" hostname="fv-az14" name="ds.listClientsideFunctions::smk::setup" skipped="0" tests="3" time="5.05" timestamp="2020-10-27T19:14:54Z">
    <testcase classname="ds.listClientsideFunctions_smk_setup" name="setup" time="5.048"/>
    <testcase classname="ds.listClientsideFunctions_smk_setup" name="setup" time="0.000999999999976353"/>
    <testcase classname="ds.listClientsideFunctions_smk_setup" name="setup" time="0.000999999999976353"/>
  </testsuite>
  <testsuite errors="0" failures="0" hostname="fv-az14" name="ds.listClientsideFunctions::smk::check results" skipped="0" tests="98" time="0.182" timestamp="2020-10-27T19:14:59Z">
    <testcase classname="ds.listClientsideFunctions_smk_check_results" name="check_results" time="0.0139999999998963"/>
    <testcase classname="ds.listClientsideFunctions_smk_check_results" name="check_results" time="0.00100000000020373"/>
    <testcase classname="ds.listClientsideFunctions_smk_check_results" name="check_results" time="0.000999999999976353"/>
    <testcase classname="ds.listClientsideFunctions_smk_check_results" name="check_results" time="0.000999999999976353"/>
    <testcase classname="ds.listClientsideFunctions_smk_check_results" name="check_results" time="0.000999999999976353"/>
    <testcase classname="ds.listClientsideFunctions_smk_check_results" name="check_results" time="0.000999999999976353"/>
    <testcase classname="ds.listClientsideFunctions_smk_check_results" name="check_results" time="0.000999999999976353"/>
    <testcase classname="ds.listClientsideFunctions_smk_check_results" name="check_results" time="0.000999999999976353"/>
    <testcase classname="ds.listClientsideFunctions_smk_check_results" name="check_results" time="0.000999999999976353"/>
    <testcase classname="ds.listClientsideFunctions_smk_check_results" name="check_results" time="0.000999999999976353"/>
    <testcase classname="ds.listClientsideFunctions_smk_check_results" name="check_results" time="0.00100000000020373"/>
    <testcase classname="ds.listClientsideFunctions_smk_check_results" name="check_results" time="0.000999999999976353"/>
    <testcase classname="ds.listClientsideFunctions_smk_check_results" name="check_results" time="0.000999999999976353"/>
    <testcase classname="ds.listClientsideFunctions_smk_check_results" name="check_results" time="0.000999999999976353"/>
    <testcase classname="ds.listClientsideFunctions_smk_check_results" name="check_results" time="0.00199999999995271"/>
    <testcase classname="ds.listClientsideFunctions_smk_check_results" name="check_results" time="0.000999999999976353"/>
    <testcase classname="ds.listClientsideFunctions_smk_check_results" name="check_results" time="0.000999999999976353"/>
    <testcase classname="ds.listClientsideFunctions_smk_check_results" name="check_results" time="0.000999999999976353"/>
    <testcase classname="ds.listClientsideFunctions_smk_check_results" name="check_results" time="0.000999999999976353"/>
    <testcase classname="ds.listClientsideFunctions_smk_check_results" name="check_results" time="0.00200000000018008"/>
    <testcase classname="ds.listClientsideFunctions_smk_check_results" name="check_results" time="0.000999999999976353"/>
    <testcase classname="ds.listClientsideFunctions_smk_check_results" name="check_results" time="0.000999999999976353"/>
    <testcase classname="ds.listClientsideFunctions_smk_check_results" name="check_results" time="0.000999999999976353"/>
    <testcase classname="ds.listClientsideFunctions_smk_check_results" name="check_results" time="0.000999999999976353"/>
    <testcase classname="ds.listClientsideFunctions_smk_check_results" name="check_results" time="0.000999999999976353"/>
    <testcase classname="ds.listClientsideFunctions_smk_check_results" name="check_results" time="0.000999999999976353"/>
    <testcase classname="ds.listClientsideFunctions_smk_check_results" name="check_results" time="0.000999999999976353"/>
    <testcase classname="ds.listClientsideFunctions_smk_check_results" name="check_results" time="0.00200000000018008"/>
    <testcase classname="ds.listClientsideFunctions_smk_check_results" name="check_results" time="0.000999999999976353"/>
    <testcase classname="ds.listClientsideFunctions_smk_check_results" name="check_results" time="0.000999999999976353"/>
    <testcase classname="ds.listClientsideFunctions_smk_check_results" name="check_results" time="0.00199999999995271"/>
    <testcase classname="ds.listClientsideFunctions_smk_check_results" name="check_results" time="0.000999999999976353"/>
    <testcase classname="ds.listClientsideFunctions_smk_check_results" name="check_results" time="0.00199999999995271"/>
    <testcase classname="ds.listClientsideFunctions_smk_check_results" name="check_results" time="0.00100000000020373"/>
    <testcase classname="ds.listClientsideFunctions_smk_check_results" name="check_results" time="0.000999999999976353"/>
    <testcase classname="ds.listClientsideFunctions_smk_check_results" name="check_results" time="0.00199999999995271"/>
    <testcase classname="ds.listClientsideFunctions_smk_check_results" name="check_results" time="0.000999999999976353"/>
    <testcase classname="ds.listClientsideFunctions_smk_check_results" name="check_results" time="0.00199999999995271"/>
    <testcase classname="ds.listClientsideFunctions_smk_check_results" name="check_results" time="0.000999999999976353"/>
    <testcase classname="ds.listClientsideFunctions_smk_check_results" name="check_results" time="0.00199999999995271"/>
    <testcase classname="ds.listClientsideFunctions_smk_check_results" name="check_results" time="0.00100000000020373"/>
    <testcase classname="ds.listClientsideFunctions_smk_check_results" name="check_results" time="0.00199999999995271"/>
    <testcase classname="ds.listClientsideFunctions_smk_check_results" name="check_results" time="0.000999999999976353"/>
    <testcase classname="ds.listClientsideFunctions_smk_check_results" name="check_results" time="0.00199999999995271"/>
    <testcase classname="ds.listClientsideFunctions_smk_check_results" name="check_results" time="0.00199999999995271"/>
    <testcase classname="ds.listClientsideFunctions_smk_check_results" name="check_results" time="0.000999999999976353"/>
    <testcase classname="ds.listClientsideFunctions_smk_check_results" name="check_results" time="0.00200000000018008"/>
    <testcase classname="ds.listClientsideFunctions_smk_check_results" name="check_results" time="0.000999999999976353"/>
    <testcase classname="ds.listClientsideFunctions_smk_check_results" name="check_results" time="0.00199999999995271"/>
    <testcase classname="ds.listClientsideFunctions_smk_check_results" name="check_results" time="0.00199999999995271"/>
    <testcase classname="ds.listClientsideFunctions_smk_check_results" name="check_results" time="0.000999999999976353"/>
    <testcase classname="ds.listClientsideFunctions_smk_check_results" name="check_results" time="0.00199999999995271"/>
    <testcase classname="ds.listClientsideFunctions_smk_check_results" name="check_results" time="0.00200000000018008"/>
    <testcase classname="ds.listClientsideFunctions_smk_check_results" name="check_results" time="0.000999999999976353"/>
    <testcase classname="ds.listClientsideFunctions_smk_check_results" name="check_results" time="0.00199999999995271"/>
    <testcase classname="ds.listClientsideFunctions_smk_check_results" name="check_results" time="0.00199999999995271"/>
    <testcase classname="ds.listClientsideFunctions_smk_check_results" name="check_results" time="0.00199999999995271"/>
    <testcase classname="ds.listClientsideFunctions_smk_check_results" name="check_results" time="0.000999999999976353"/>
    <testcase classname="ds.listClientsideFunctions_smk_check_results" name="check_results" time="0.00200000000018008"/>
    <testcase classname="ds.listClientsideFunctions_smk_check_results" name="check_results" time="0.00199999999995271"/>
    <testcase classname="ds.listClientsideFunctions_smk_check_results" name="check_results" time="0.00199999999995271"/>
    <testcase classname="ds.listClientsideFunctions_smk_check_results" name="check_results" time="0.00199999999995271"/>
    <testcase classname="ds.listClientsideFunctions_smk_check_results" name="check_results" time="0.000999999999976353"/>
    <testcase classname="ds.listClientsideFunctions_smk_check_results" name="check_results" time="0.00200000000018008"/>
    <testcase classname="ds.listClientsideFunctions_smk_check_results" name="check_results" time="0.00199999999995271"/>
    <testcase classname="ds.listClientsideFunctions_smk_check_results" name="check_results" time="0.00199999999995271"/>
    <testcase classname="ds.listClientsideFunctions_smk_check_results" name="check_results" time="0.00199999999995271"/>
    <testcase classname="ds.listClientsideFunctions_smk_check_results" name="check_results" time="0.00199999999995271"/>
    <testcase classname="ds.listClientsideFunctions_smk_check_results" name="check_results" time="0.00200000000018008"/>
    <testcase classname="ds.listClientsideFunctions_smk_check_results" name="check_results" time="0.00199999999995271"/>
    <testcase classname="ds.listClientsideFunctions_smk_check_results" name="check_results" time="0.00199999999995271"/>
    <testcase classname="ds.listClientsideFunctions_smk_check_results" name="check_results" time="0.00199999999995271"/>
    <testcase classname="ds.listClientsideFunctions_smk_check_results" name="check_results" time="0.00199999999995271"/>
    <testcase classname="ds.listClientsideFunctions_smk_check_results" name="check_results" time="0.00200000000018008"/>
    <testcase classname="ds.listClientsideFunctions_smk_check_results" name="check_results" time="0.00199999999995271"/>
    <testcase classname="ds.listClientsideFunctions_smk_check_results" name="check_results" time="0.00299999999992906"/>
    <testcase classname="ds.listClientsideFunctions_smk_check_results" name="check_results" time="0.00199999999995271"/>
    <testcase classname="ds.listClientsideFunctions_smk_check_results" name="check_results" time="0.00200000000018008"/>
    <testcase classname="ds.listClientsideFunctions_smk_check_results" name="check_results" time="0.00199999999995271"/>
    <testcase classname="ds.listClientsideFunctions_smk_check_results" name="check_results" time="0.00299999999992906"/>
    <testcase classname="ds.listClientsideFunctions_smk_check_results" name="check_results" time="0.00199999999995271"/>
    <testcase classname="ds.listClientsideFunctions_smk_check_results" name="check_results" time="0.00200000000018008"/>
    <testcase classname="ds.listClientsideFunctions_smk_check_results" name="check_results" time="0.00199999999995271"/>
    <testcase classname="ds.listClientsideFunctions_smk_check_results" name="check_results" time="0.00299999999992906"/>
    <testcase classname="ds.listClientsideFunctions_smk_check_results" name="check_results" time="0.00199999999995271"/>
    <testcase classname="ds.listClientsideFunctions_smk_check_results" name="check_results" time="0.00200000000018008"/>
    <testcase classname="ds.listClientsideFunctions_smk_check_results" name="check_results" time="0.00299999999992906"/>
    <testcase classname="ds.listClientsideFunctions_smk_check_results" name="check_results" time="0.00900000000001455"/>
    <testcase classname="ds.listClientsideFunctions_smk_check_results" name="check_results" time="0.00199999999995271"/>
    <testcase classname="ds.listClientsideFunctions_smk_check_results" name="check_results" time="0.00199999999995271"/>
    <testcase classname="ds.listClientsideFunctions_smk_check_results" name="check_results" time="0.00199999999995271"/>
    <testcase classname="ds.listClientsideFunctions_smk_check_results" name="check_results" time="0.00300000000015643"/>
    <testcase classname="ds.listClientsideFunctions_smk_check_results" name="check_results" time="0.00199999999995271"/>
    <testcase classname="ds.listClientsideFunctions_smk_check_results" name="check_results" time="0.00199999999995271"/>
    <testcase classname="ds.listClientsideFunctions_smk_check_results" name="check_results" time="0.00199999999995271"/>
    <testcase classname="ds.listClientsideFunctions_smk_check_results" name="check_results" time="0.00300000000015643"/>
    <testcase classname="ds.listClientsideFunctions_smk_check_results" name="check_results" time="0.00199999999995271"/>
    <testcase classname="ds.listClientsideFunctions_smk_check_results" name="check_results" time="0.00199999999995271"/>
  </testsuite>
  <testsuite errors="0" failures="0" hostname="fv-az14" name="ds.listClientsideFunctions::smk::shutdown" skipped="0" tests="3" time="0.272" timestamp="2020-10-27T19:14:59Z">
    <testcase classname="ds.listClientsideFunctions_smk_shutdown" name="shutdown" time="0.269999999999982"/>
    <testcase classname="ds.listClientsideFunctions_smk_shutdown" name="shutdown" time="0.000999999999976353"/>
    <testcase classname="ds.listClientsideFunctions_smk_shutdown" name="shutdown" time="0.000999999999976353"/>
  </testsuite>
  <testsuite errors="0" failures="0" hostname="fv-az14" name="ds.listClientsideFunctions::smk::done" skipped="0" tests="0" time="0" timestamp="2020-10-27T19:15:00Z"/>
  <testsuite errors="0" failures="0" hostname="fv-az14" name="ds.listDisclosureSettings::smk::setup" skipped="0" tests="3" time="5.061" timestamp="2020-10-27T19:15:00Z">
    <testcase classname="ds.listDisclosureSettings_smk_setup" name="setup" time="5.05899999999997"/>
    <testcase classname="ds.listDisclosureSettings_smk_setup" name="setup" time="0.00100000000020373"/>
    <testcase classname="ds.listDisclosureSettings_smk_setup" name="setup" time="0.000999999999976353"/>
  </testsuite>
  <testsuite errors="0" failures="0" hostname="fv-az14" name="ds.listDisclosureSettings::smk::check results" skipped="0" tests="31" time="0.31" timestamp="2020-10-27T19:15:04Z">
    <testcase classname="ds.listDisclosureSettings_smk_check_results" name="check_results" time="0.270999999999958"/>
    <testcase classname="ds.listDisclosureSettings_smk_check_results" name="check_results" time="0.000999999999976353"/>
    <testcase classname="ds.listDisclosureSettings_smk_check_results" name="check_results" time="0.000999999999976353"/>
    <testcase classname="ds.listDisclosureSettings_smk_check_results" name="check_results" time="0.00199999999995271"/>
    <testcase classname="ds.listDisclosureSettings_smk_check_results" name="check_results" time="0.000999999999976353"/>
    <testcase classname="ds.listDisclosureSettings_smk_check_results" name="check_results" time="0.000999999999976353"/>
    <testcase classname="ds.listDisclosureSettings_smk_check_results" name="check_results" time="0.00100000000020373"/>
    <testcase classname="ds.listDisclosureSettings_smk_check_results" name="check_results" time="0.000999999999976353"/>
    <testcase classname="ds.listDisclosureSettings_smk_check_results" name="check_results" time="0.000999999999976353"/>
    <testcase classname="ds.listDisclosureSettings_smk_check_results" name="check_results" time="0.00199999999995271"/>
    <testcase classname="ds.listDisclosureSettings_smk_check_results" name="check_results" time="0.000999999999976353"/>
    <testcase classname="ds.listDisclosureSettings_smk_check_results" name="check_results" time="0.000999999999976353"/>
    <testcase classname="ds.listDisclosureSettings_smk_check_results" name="check_results" time="0.000999999999976353"/>
    <testcase classname="ds.listDisclosureSettings_smk_check_results" name="check_results" time="0.00200000000018008"/>
    <testcase classname="ds.listDisclosureSettings_smk_check_results" name="check_results" time="0.000999999999976353"/>
    <testcase classname="ds.listDisclosureSettings_smk_check_results" name="check_results" time="0.000999999999976353"/>
    <testcase classname="ds.listDisclosureSettings_smk_check_results" name="check_results" time="0.000999999999976353"/>
    <testcase classname="ds.listDisclosureSettings_smk_check_results" name="check_results" time="0.00199999999995271"/>
    <testcase classname="ds.listDisclosureSettings_smk_check_results" name="check_results" time="0.000999999999976353"/>
    <testcase classname="ds.listDisclosureSettings_smk_check_results" name="check_results" time="0.000999999999976353"/>
    <testcase classname="ds.listDisclosureSettings_smk_check_results" name="check_results" time="0.00199999999995271"/>
    <testcase classname="ds.listDisclosureSettings_smk_check_results" name="check_results" time="0.00100000000020373"/>
    <testcase classname="ds.listDisclosureSettings_smk_check_results" name="check_results" time="0.00199999999995271"/>
    <testcase classname="ds.listDisclosureSettings_smk_check_results" name="check_results" time="0.000999999999976353"/>
    <testcase classname="ds.listDisclosureSettings_smk_check_results" name="check_results" time="0.000999999999976353"/>
    <testcase classname="ds.listDisclosureSettings_smk_check_results" name="check_results" time="0.00199999999995271"/>
    <testcase classname="ds.listDisclosureSettings_smk_check_results" name="check_results" time="0.000999999999976353"/>
    <testcase classname="ds.listDisclosureSettings_smk_check_results" name="check_results" time="0.00199999999995271"/>
    <testcase classname="ds.listDisclosureSettings_smk_check_results" name="check_results" time="0.00100000000020373"/>
    <testcase classname="ds.listDisclosureSettings_smk_check_results" name="check_results" time="0.00199999999995271"/>
    <testcase classname="ds.listDisclosureSettings_smk_check_results" name="check_results" time="0.000999999999976353"/>
  </testsuite>
  <testsuite errors="0" failures="0" hostname="fv-az14" name="ds.listDisclosureSettings::smk::shutdown" skipped="0" tests="3" time="0.269" timestamp="2020-10-27T19:15:05Z">
    <testcase classname="ds.listDisclosureSettings_smk_shutdown" name="shutdown" time="0.267000000000053"/>
    <testcase classname="ds.listDisclosureSettings_smk_shutdown" name="shutdown" time="0.000999999999976353"/>
    <testcase classname="ds.listDisclosureSettings_smk_shutdown" name="shutdown" time="0.000999999999976353"/>
  </testsuite>
  <testsuite errors="0" failures="0" hostname="fv-az14" name="ds.listDisclosureSettings::smk::down" skipped="0" tests="0" time="0" timestamp="2020-10-27T19:15:05Z"/>
  <testsuite errors="0" failures="0" hostname="fv-az14" name="ds.list::smk::setup" skipped="0" tests="3" time="5.053" timestamp="2020-10-27T19:15:05Z">
    <testcase classname="ds.list_smk_setup" name="setup" time="5.05099999999993"/>
    <testcase classname="ds.list_smk_setup" name="setup" time="0.000999999999976353"/>
    <testcase classname="ds.list_smk_setup" name="setup" time="0.000999999999976353"/>
  </testsuite>
  <testsuite errors="0" failures="0" hostname="fv-az14" name="ds.list::smk" skipped="0" tests="28" time="3.509" timestamp="2020-10-27T19:15:10Z">
    <testcase classname="ds.list_smk" name="Is_List" time="2.4369999999999"/>
    <testcase classname="ds.list_smk" name="Is_List" time="0.259000000000015"/>
    <testcase classname="ds.list_smk" name="Is_List" time="0.000999999999976353"/>
    <testcase classname="ds.list_smk" name="Is_List" time="0.000999999999976353"/>
    <testcase classname="ds.list_smk" name="Is_List" time="0.000999999999976353"/>
    <testcase classname="ds.list_smk" name="Is_List" time="0.00199999999995271"/>
    <testcase classname="ds.list_smk" name="Is_List" time="0.00100000000020373"/>
    <testcase classname="ds.list_smk" name="Is_List" time="0.000999999999976353"/>
    <testcase classname="ds.list_smk" name="Is_List" time="0.000999999999976353"/>
    <testcase classname="ds.list_smk" name="Is_List" time="0.000999999999976353"/>
    <testcase classname="ds.list_smk" name="Is_List" time="0.000999999999976353"/>
    <testcase classname="ds.list_smk" name="Is_List" time="0.000999999999976353"/>
    <testcase classname="ds.list_smk" name="Is_List" time="0.000999999999976353"/>
    <testcase classname="ds.list_smk" name="Is_List" time="0.000999999999976353"/>
    <testcase classname="ds.list_smk" name="Is_List" time="0.519999999999982"/>
    <testcase classname="ds.list_smk" name="Is_List" time="0.00200000000018008"/>
    <testcase classname="ds.list_smk" name="Is_List" time="0.000999999999976353"/>
    <testcase classname="ds.list_smk" name="Is_List" time="0.000999999999976353"/>
    <testcase classname="ds.list_smk" name="Is_List" time="0.26299999999992"/>
    <testcase classname="ds.list_smk" name="Is_List" time="0.00199999999995271"/>
    <testcase classname="ds.list_smk" name="Is_List" time="0.000999999999976353"/>
    <testcase classname="ds.list_smk" name="Is_List" time="0.00200000000018008"/>
    <testcase classname="ds.list_smk" name="Is_List" time="0.000999999999976353"/>
    <testcase classname="ds.list_smk" name="Is_List" time="0.000999999999976353"/>
    <testcase classname="ds.list_smk" name="Is_List" time="0.00199999999995271"/>
    <testcase classname="ds.list_smk" name="Is_List" time="0.000999999999976353"/>
    <testcase classname="ds.list_smk" name="Is_List" time="0.000999999999976353"/>
    <testcase classname="ds.list_smk" name="Is_List" time="0.00199999999995271"/>
  </testsuite>
  <testsuite errors="0" failures="0" hostname="fv-az14" name="ds.list::smk::shutdown" skipped="0" tests="3" time="0.272" timestamp="2020-10-27T19:15:13Z">
    <testcase classname="ds.list_smk_shutdown" name="shutdown" time="0.269000000000005"/>
    <testcase classname="ds.list_smk_shutdown" name="shutdown" time="0.00100000000020373"/>
    <testcase classname="ds.list_smk_shutdown" name="shutdown" time="0.00199999999995271"/>
  </testsuite>
  <testsuite errors="0" failures="0" hostname="fv-az14" name="ds.list::smk::down" skipped="0" tests="0" time="0" timestamp="2020-10-27T19:15:14Z"/>
  <testsuite errors="0" failures="0" hostname="fv-az14" name="ds.listServersideFunctions::smk::check results" skipped="0" tests="394" time="6.412" timestamp="2020-10-27T19:15:18Z">
    <testcase classname="ds.listServersideFunctions_smk_check_results" name="check_results" time="4.85099999999989"/>
    <testcase classname="ds.listServersideFunctions_smk_check_results" name="check_results" time="0.00100000000020373"/>
    <testcase classname="ds.listServersideFunctions_smk_check_results" name="check_results" time="0.000999999999748979"/>
    <testcase classname="ds.listServersideFunctions_smk_check_results" name="check_results" time="0.00100000000020373"/>
    <testcase classname="ds.listServersideFunctions_smk_check_results" name="check_results" time="0.000999999999748979"/>
    <testcase classname="ds.listServersideFunctions_smk_check_results" name="check_results" time="0.00100000000020373"/>
    <testcase classname="ds.listServersideFunctions_smk_check_results" name="check_results" time="0.000999999999748979"/>
    <testcase classname="ds.listServersideFunctions_smk_check_results" name="check_results" time="0.00200000000040745"/>
    <testcase classname="ds.listServersideFunctions_smk_check_results" name="check_results" time="0.000999999999748979"/>
    <testcase classname="ds.listServersideFunctions_smk_check_results" name="check_results" time="0.00100000000020373"/>
    <testcase classname="ds.listServersideFunctions_smk_check_results" name="check_results" time="0.000999999999748979"/>
    <testcase classname="ds.listServersideFunctions_smk_check_results" name="check_results" time="0.00100000000020373"/>
    <testcase classname="ds.listServersideFunctions_smk_check_results" name="check_results" time="0.000999999999748979"/>
    <testcase classname="ds.listServersideFunctions_smk_check_results" name="check_results" time="0.00100000000020373"/>
    <testcase classname="ds.listServersideFunctions_smk_check_results" name="check_results" time="0.000999999999748979"/>
    <testcase classname="ds.listServersideFunctions_smk_check_results" name="check_results" time="0.00200000000040745"/>
    <testcase classname="ds.listServersideFunctions_smk_check_results" name="check_results" time="0.000999999999748979"/>
    <testcase classname="ds.listServersideFunctions_smk_check_results" name="check_results" time="0.00100000000020373"/>
    <testcase classname="ds.listServersideFunctions_smk_check_results" name="check_results" time="0.000999999999748979"/>
    <testcase classname="ds.listServersideFunctions_smk_check_results" name="check_results" time="0.00100000000020373"/>
    <testcase classname="ds.listServersideFunctions_smk_check_results" name="check_results" time="0.00199999999995271"/>
    <testcase classname="ds.listServersideFunctions_smk_check_results" name="check_results" time="0.000999999999748979"/>
    <testcase classname="ds.listServersideFunctions_smk_check_results" name="check_results" time="0.00100000000020373"/>
    <testcase classname="ds.listServersideFunctions_smk_check_results" name="check_results" time="0.000999999999748979"/>
    <testcase classname="ds.listServersideFunctions_smk_check_results" name="check_results" time="0.00200000000040745"/>
    <testcase classname="ds.listServersideFunctions_smk_check_results" name="check_results" time="0.000999999999748979"/>
    <testcase classname="ds.listServersideFunctions_smk_check_results" name="check_results" time="0.00100000000020373"/>
    <testcase classname="ds.listServersideFunctions_smk_check_results" name="check_results" time="0.00199999999995271"/>
    <testcase classname="ds.listServersideFunctions_smk_check_results" name="check_results" time="0.000999999999748979"/>
    <testcase classname="ds.listServersideFunctions_smk_check_results" name="check_results" time="0.00199999999995271"/>
    <testcase classname="ds.listServersideFunctions_smk_check_results" name="check_results" time="0.00100000000020373"/>
    <testcase classname="ds.listServersideFunctions_smk_check_results" name="check_results" time="0.00100000000020373"/>
    <testcase classname="ds.listServersideFunctions_smk_check_results" name="check_results" time="0.00199999999995271"/>
    <testcase classname="ds.listServersideFunctions_smk_check_results" name="check_results" time="0.000999999999748979"/>
    <testcase classname="ds.listServersideFunctions_smk_check_results" name="check_results" time="0.00199999999995271"/>
    <testcase classname="ds.listServersideFunctions_smk_check_results" name="check_results" time="0.00100000000020373"/>
    <testcase classname="ds.listServersideFunctions_smk_check_results" name="check_results" time="0.00199999999995271"/>
    <testcase classname="ds.listServersideFunctions_smk_check_results" name="check_results" time="0.00100000000020373"/>
    <testcase classname="ds.listServersideFunctions_smk_check_results" name="check_results" time="0.00199999999995271"/>
    <testcase classname="ds.listServersideFunctions_smk_check_results" name="check_results" time="0.000999999999748979"/>
    <testcase classname="ds.listServersideFunctions_smk_check_results" name="check_results" time="0.00199999999995271"/>
    <testcase classname="ds.listServersideFunctions_smk_check_results" name="check_results" time="0.00100000000020373"/>
    <testcase classname="ds.listServersideFunctions_smk_check_results" name="check_results" time="0.00199999999995271"/>
    <testcase classname="ds.listServersideFunctions_smk_check_results" name="check_results" time="0.000999999999748979"/>
    <testcase classname="ds.listServersideFunctions_smk_check_results" name="check_results" time="0.00200000000040745"/>
    <testcase classname="ds.listServersideFunctions_smk_check_results" name="check_results" time="0.00199999999995271"/>
    <testcase classname="ds.listServersideFunctions_smk_check_results" name="check_results" time="0.000999999999748979"/>
    <testcase classname="ds.listServersideFunctions_smk_check_results" name="check_results" time="0.00199999999995271"/>
    <testcase classname="ds.listServersideFunctions_smk_check_results" name="check_results" time="0.00199999999995271"/>
    <testcase classname="ds.listServersideFunctions_smk_check_results" name="check_results" time="0.00100000000020373"/>
    <testcase classname="ds.listServersideFunctions_smk_check_results" name="check_results" time="0.00199999999995271"/>
    <testcase classname="ds.listServersideFunctions_smk_check_results" name="check_results" time="0.00199999999995271"/>
    <testcase classname="ds.listServersideFunctions_smk_check_results" name="check_results" time="0.00100000000020373"/>
    <testcase classname="ds.listServersideFunctions_smk_check_results" name="check_results" time="0.00199999999995271"/>
    <testcase classname="ds.listServersideFunctions_smk_check_results" name="check_results" time="0.00199999999995271"/>
    <testcase classname="ds.listServersideFunctions_smk_check_results" name="check_results" time="0.00199999999995271"/>
    <testcase classname="ds.listServersideFunctions_smk_check_results" name="check_results" time="0.00100000000020373"/>
    <testcase classname="ds.listServersideFunctions_smk_check_results" name="check_results" time="0.00199999999995271"/>
    <testcase classname="ds.listServersideFunctions_smk_check_results" name="check_results" time="0.00199999999995271"/>
    <testcase classname="ds.listServersideFunctions_smk_check_results" name="check_results" time="0.00199999999995271"/>
    <testcase classname="ds.listServersideFunctions_smk_check_results" name="check_results" time="0.00199999999995271"/>
    <testcase classname="ds.listServersideFunctions_smk_check_results" name="check_results" time="0.00100000000020373"/>
    <testcase classname="ds.listServersideFunctions_smk_check_results" name="check_results" time="0.00199999999995271"/>
    <testcase classname="ds.listServersideFunctions_smk_check_results" name="check_results" time="0.00199999999995271"/>
    <testcase classname="ds.listServersideFunctions_smk_check_results" name="check_results" time="0.00199999999995271"/>
    <testcase classname="ds.listServersideFunctions_smk_check_results" name="check_results" time="0.00199999999995271"/>
    <testcase classname="ds.listServersideFunctions_smk_check_results" name="check_results" time="0.00199999999995271"/>
    <testcase classname="ds.listServersideFunctions_smk_check_results" name="check_results" time="0.00199999999995271"/>
    <testcase classname="ds.listServersideFunctions_smk_check_results" name="check_results" time="0.00199999999995271"/>
    <testcase classname="ds.listServersideFunctions_smk_check_results" name="check_results" time="0.00199999999995271"/>
    <testcase classname="ds.listServersideFunctions_smk_check_results" name="check_results" time="0.00200000000040745"/>
    <testcase classname="ds.listServersideFunctions_smk_check_results" name="check_results" time="0.00199999999995271"/>
    <testcase classname="ds.listServersideFunctions_smk_check_results" name="check_results" time="0.00199999999995271"/>
    <testcase classname="ds.listServersideFunctions_smk_check_results" name="check_results" time="0.00199999999995271"/>
    <testcase classname="ds.listServersideFunctions_smk_check_results" name="check_results" time="0.00299999999970169"/>
    <testcase classname="ds.listServersideFunctions_smk_check_results" name="check_results" time="0.00200000000040745"/>
    <testcase classname="ds.listServersideFunctions_smk_check_results" name="check_results" time="0.00199999999995271"/>
    <testcase classname="ds.listServersideFunctions_smk_check_results" name="check_results" time="0.00199999999995271"/>
    <testcase classname="ds.listServersideFunctions_smk_check_results" name="check_results" time="0.00199999999995271"/>
    <testcase classname="ds.listServersideFunctions_smk_check_results" name="check_results" time="0.00300000000015643"/>
    <testcase classname="ds.listServersideFunctions_smk_check_results" name="check_results" time="0.00199999999995271"/>
    <testcase classname="ds.listServersideFunctions_smk_check_results" name="check_results" time="0.00199999999995271"/>
    <testcase classname="ds.listServersideFunctions_smk_check_results" name="check_results" time="0.00199999999995271"/>
    <testcase classname="ds.listServersideFunctions_smk_check_results" name="check_results" time="0.00300000000015643"/>
    <testcase classname="ds.listServersideFunctions_smk_check_results" name="check_results" time="0.00199999999995271"/>
    <testcase classname="ds.listServersideFunctions_smk_check_results" name="check_results" time="0.00299999999970169"/>
    <testcase classname="ds.listServersideFunctions_smk_check_results" name="check_results" time="0.00199999999995271"/>
    <testcase classname="ds.listServersideFunctions_smk_check_results" name="check_results" time="0.00200000000040745"/>
    <testcase classname="ds.listServersideFunctions_smk_check_results" name="check_results" time="0.00999999999976353"/>
    <testcase classname="ds.listServersideFunctions_smk_check_results" name="check_results" time="0.00199999999995271"/>
    <testcase classname="ds.listServersideFunctions_smk_check_results" name="check_results" time="0.00199999999995271"/>
    <testcase classname="ds.listServersideFunctions_smk_check_results" name="check_results" time="0.00300000000015643"/>
    <testcase classname="ds.listServersideFunctions_smk_check_results" name="check_results" time="0.00199999999995271"/>
    <testcase classname="ds.listServersideFunctions_smk_check_results" name="check_results" time="0.00199999999995271"/>
    <testcase classname="ds.listServersideFunctions_smk_check_results" name="check_results" time="0.00199999999995271"/>
    <testcase classname="ds.listServersideFunctions_smk_check_results" name="check_results" time="0.00300000000015643"/>
    <testcase classname="ds.listServersideFunctions_smk_check_results" name="check_results" time="0.00199999999995271"/>
    <testcase classname="ds.listServersideFunctions_smk_check_results" name="check_results" time="0.00199999999995271"/>
    <testcase classname="ds.listServersideFunctions_smk_check_results" name="check_results" time="0.00300000000015643"/>
    <testcase classname="ds.listServersideFunctions_smk_check_results" name="check_results" time="0.00199999999995271"/>
    <testcase classname="ds.listServersideFunctions_smk_check_results" name="check_results" time="0.00199999999995271"/>
    <testcase classname="ds.listServersideFunctions_smk_check_results" name="check_results" time="0.00300000000015643"/>
    <testcase classname="ds.listServersideFunctions_smk_check_results" name="check_results" time="0.00199999999995271"/>
    <testcase classname="ds.listServersideFunctions_smk_check_results" name="check_results" time="0.00299999999970169"/>
    <testcase classname="ds.listServersideFunctions_smk_check_results" name="check_results" time="0.00199999999995271"/>
    <testcase classname="ds.listServersideFunctions_smk_check_results" name="check_results" time="0.00300000000015643"/>
    <testcase classname="ds.listServersideFunctions_smk_check_results" name="check_results" time="0.00199999999995271"/>
    <testcase classname="ds.listServersideFunctions_smk_check_results" name="check_results" time="0.00199999999995271"/>
    <testcase classname="ds.listServersideFunctions_smk_check_results" name="check_results" time="0.00300000000015643"/>
    <testcase classname="ds.listServersideFunctions_smk_check_results" name="check_results" time="0.00199999999995271"/>
    <testcase classname="ds.listServersideFunctions_smk_check_results" name="check_results" time="0.00300000000015643"/>
    <testcase classname="ds.listServersideFunctions_smk_check_results" name="check_results" time="0.00199999999995271"/>
    <testcase classname="ds.listServersideFunctions_smk_check_results" name="check_results" time="0.00299999999970169"/>
    <testcase classname="ds.listServersideFunctions_smk_check_results" name="check_results" time="0.00300000000015643"/>
    <testcase classname="ds.listServersideFunctions_smk_check_results" name="check_results" time="0.00199999999995271"/>
    <testcase classname="ds.listServersideFunctions_smk_check_results" name="check_results" time="0.00300000000015643"/>
    <testcase classname="ds.listServersideFunctions_smk_check_results" name="check_results" time="0.00199999999995271"/>
    <testcase classname="ds.listServersideFunctions_smk_check_results" name="check_results" time="0.00300000000015643"/>
    <testcase classname="ds.listServersideFunctions_smk_check_results" name="check_results" time="0.00299999999970169"/>
    <testcase classname="ds.listServersideFunctions_smk_check_results" name="check_results" time="0.00199999999995271"/>
    <testcase classname="ds.listServersideFunctions_smk_check_results" name="check_results" time="0.00300000000015643"/>
    <testcase classname="ds.listServersideFunctions_smk_check_results" name="check_results" time="0.00300000000015643"/>
    <testcase classname="ds.listServersideFunctions_smk_check_results" name="check_results" time="0.00199999999995271"/>
    <testcase classname="ds.listServersideFunctions_smk_check_results" name="check_results" time="0.00299999999970169"/>
    <testcase classname="ds.listServersideFunctions_smk_check_results" name="check_results" time="0.00300000000015643"/>
    <testcase classname="ds.listServersideFunctions_smk_check_results" name="check_results" time="0.00300000000015643"/>
    <testcase classname="ds.listServersideFunctions_smk_check_results" name="check_results" time="0.00199999999995271"/>
    <testcase classname="ds.listServersideFunctions_smk_check_results" name="check_results" time="0.00300000000015643"/>
    <testcase classname="ds.listServersideFunctions_smk_check_results" name="check_results" time="0.00299999999970169"/>
    <testcase classname="ds.listServersideFunctions_smk_check_results" name="check_results" time="0.00300000000015643"/>
    <testcase classname="ds.listServersideFunctions_smk_check_results" name="check_results" time="0.00300000000015643"/>
    <testcase classname="ds.listServersideFunctions_smk_check_results" name="check_results" time="0.00299999999970169"/>
    <testcase classname="ds.listServersideFunctions_smk_check_results" name="check_results" time="0.00199999999995271"/>
    <testcase classname="ds.listServersideFunctions_smk_check_results" name="check_results" time="0.00300000000015643"/>
    <testcase classname="ds.listServersideFunctions_smk_check_results" name="check_results" time="0.00300000000015643"/>
    <testcase classname="ds.listServersideFunctions_smk_check_results" name="check_results" time="0.00299999999970169"/>
    <testcase classname="ds.listServersideFunctions_smk_check_results" name="check_results" time="0.00300000000015643"/>
    <testcase classname="ds.listServersideFunctions_smk_check_results" name="check_results" time="0.00300000000015643"/>
    <testcase classname="ds.listServersideFunctions_smk_check_results" name="check_results" time="0.00299999999970169"/>
    <testcase classname="ds.listServersideFunctions_smk_check_results" name="check_results" time="0.00300000000015643"/>
    <testcase classname="ds.listServersideFunctions_smk_check_results" name="check_results" time="0.00300000000015643"/>
    <testcase classname="ds.listServersideFunctions_smk_check_results" name="check_results" time="0.00299999999970169"/>
    <testcase classname="ds.listServersideFunctions_smk_check_results" name="check_results" time="0.00300000000015643"/>
    <testcase classname="ds.listServersideFunctions_smk_check_results" name="check_results" time="0.00300000000015643"/>
    <testcase classname="ds.listServersideFunctions_smk_check_results" name="check_results" time="0.00299999999970169"/>
    <testcase classname="ds.listServersideFunctions_smk_check_results" name="check_results" time="0.00300000000015643"/>
    <testcase classname="ds.listServersideFunctions_smk_check_results" name="check_results" time="0.00299999999970169"/>
    <testcase classname="ds.listServersideFunctions_smk_check_results" name="check_results" time="0.00300000000015643"/>
    <testcase classname="ds.listServersideFunctions_smk_check_results" name="check_results" time="0.00399999999990541"/>
    <testcase classname="ds.listServersideFunctions_smk_check_results" name="check_results" time="0.00300000000015643"/>
    <testcase classname="ds.listServersideFunctions_smk_check_results" name="check_results" time="0.00300000000015643"/>
    <testcase classname="ds.listServersideFunctions_smk_check_results" name="check_results" time="0.00299999999970169"/>
    <testcase classname="ds.listServersideFunctions_smk_check_results" name="check_results" time="0.00300000000015643"/>
    <testcase classname="ds.listServersideFunctions_smk_check_results" name="check_results" time="0.00399999999990541"/>
    <testcase classname="ds.listServersideFunctions_smk_check_results" name="check_results" time="0.00300000000015643"/>
    <testcase classname="ds.listServersideFunctions_smk_check_results" name="check_results" time="0.00299999999970169"/>
    <testcase classname="ds.listServersideFunctions_smk_check_results" name="check_results" time="0.00400000000036016"/>
    <testcase classname="ds.listServersideFunctions_smk_check_results" name="check_results" time="0.00299999999970169"/>
    <testcase classname="ds.listServersideFunctions_smk_check_results" name="check_results" time="0.00400000000036016"/>
    <testcase classname="ds.listServersideFunctions_smk_check_results" name="check_results" time="0.00299999999970169"/>
    <testcase classname="ds.listServersideFunctions_smk_check_results" name="check_results" time="0.0100000000002183"/>
    <testcase classname="ds.listServersideFunctions_smk_check_results" name="check_results" time="0.00299999999970169"/>
    <testcase classname="ds.listServersideFunctions_smk_check_results" name="check_results" time="0.00300000000015643"/>
    <testcase classname="ds.listServersideFunctions_smk_check_results" name="check_results" time="0.00399999999990541"/>
    <testcase classname="ds.listServersideFunctions_smk_check_results" name="check_results" time="0.00300000000015643"/>
    <testcase classname="ds.listServersideFunctions_smk_check_results" name="check_results" time="0.00300000000015643"/>
    <testcase classname="ds.listServersideFunctions_smk_check_results" name="check_results" time="0.00399999999990541"/>
    <testcase classname="ds.listServersideFunctions_smk_check_results" name="check_results" time="0.00299999999970169"/>
    <testcase classname="ds.listServersideFunctions_smk_check_results" name="check_results" time="0.00300000000015643"/>
    <testcase classname="ds.listServersideFunctions_smk_check_results" name="check_results" time="0.00399999999990541"/>
    <testcase classname="ds.listServersideFunctions_smk_check_results" name="check_results" time="0.00300000000015643"/>
    <testcase classname="ds.listServersideFunctions_smk_check_results" name="check_results" time="0.00300000000015643"/>
    <testcase classname="ds.listServersideFunctions_smk_check_results" name="check_results" time="0.00399999999990541"/>
    <testcase classname="ds.listServersideFunctions_smk_check_results" name="check_results" time="0.00299999999970169"/>
    <testcase classname="ds.listServersideFunctions_smk_check_results" name="check_results" time="0.00400000000036016"/>
    <testcase classname="ds.listServersideFunctions_smk_check_results" name="check_results" time="0.00299999999970169"/>
    <testcase classname="ds.listServersideFunctions_smk_check_results" name="check_results" time="0.00400000000036016"/>
    <testcase classname="ds.listServersideFunctions_smk_check_results" name="check_results" time="0.00299999999970169"/>
    <testcase classname="ds.listServersideFunctions_smk_check_results" name="check_results" time="0.00399999999990541"/>
    <testcase classname="ds.listServersideFunctions_smk_check_results" name="check_results" time="0.00300000000015643"/>
    <testcase classname="ds.listServersideFunctions_smk_check_results" name="check_results" time="0.00399999999990541"/>
    <testcase classname="ds.listServersideFunctions_smk_check_results" name="check_results" time="0.00300000000015643"/>
    <testcase classname="ds.listServersideFunctions_smk_check_results" name="check_results" time="0.00399999999990541"/>
    <testcase classname="ds.listServersideFunctions_smk_check_results" name="check_results" time="0.00300000000015643"/>
    <testcase classname="ds.listServersideFunctions_smk_check_results" name="check_results" time="0.00399999999990541"/>
    <testcase classname="ds.listServersideFunctions_smk_check_results" name="check_results" time="0.00399999999990541"/>
    <testcase classname="ds.listServersideFunctions_smk_check_results" name="check_results" time="0.00399999999990541"/>
    <testcase classname="ds.listServersideFunctions_smk_check_results" name="check_results" time="0.00300000000015643"/>
    <testcase classname="ds.listServersideFunctions_smk_check_results" name="check_results" time="0.00399999999990541"/>
    <testcase classname="ds.listServersideFunctions_smk_check_results" name="check_results" time="0.00399999999990541"/>
    <testcase classname="ds.listServersideFunctions_smk_check_results" name="check_results" time="0.00300000000015643"/>
    <testcase classname="ds.listServersideFunctions_smk_check_results" name="check_results" time="0.00399999999990541"/>
    <testcase classname="ds.listServersideFunctions_smk_check_results" name="check_results" time="0.00400000000036016"/>
    <testcase classname="ds.listServersideFunctions_smk_check_results" name="check_results" time="0.00399999999990541"/>
    <testcase classname="ds.listServersideFunctions_smk_check_results" name="check_results" time="0.00299999999970169"/>
    <testcase classname="ds.listServersideFunctions_smk_check_results" name="check_results" time="0.00400000000036016"/>
    <testcase classname="ds.listServersideFunctions_smk_check_results" name="check_results" time="0.00399999999990541"/>
    <testcase classname="ds.listServersideFunctions_smk_check_results" name="check_results" time="0.00399999999990541"/>
    <testcase classname="ds.listServersideFunctions_smk_check_results" name="check_results" time="0.00399999999990541"/>
    <testcase classname="ds.listServersideFunctions_smk_check_results" name="check_results" time="0.00300000000015643"/>
    <testcase classname="ds.listServersideFunctions_smk_check_results" name="check_results" time="0.00399999999990541"/>
    <testcase classname="ds.listServersideFunctions_smk_check_results" name="check_results" time="0.00399999999990541"/>
    <testcase classname="ds.listServersideFunctions_smk_check_results" name="check_results" time="0.00400000000036016"/>
    <testcase classname="ds.listServersideFunctions_smk_check_results" name="check_results" time="0.00399999999990541"/>
    <testcase classname="ds.listServersideFunctions_smk_check_results" name="check_results" time="0.00399999999990541"/>
    <testcase classname="ds.listServersideFunctions_smk_check_results" name="check_results" time="0.00399999999990541"/>
    <testcase classname="ds.listServersideFunctions_smk_check_results" name="check_results" time="0.00399999999990541"/>
    <testcase classname="ds.listServersideFunctions_smk_check_results" name="check_results" time="0.00400000000036016"/>
    <testcase classname="ds.listServersideFunctions_smk_check_results" name="check_results" time="0.00499999999965439"/>
    <testcase classname="ds.listServersideFunctions_smk_check_results" name="check_results" time="0.00400000000036016"/>
    <testcase classname="ds.listServersideFunctions_smk_check_results" name="check_results" time="0.00399999999990541"/>
    <testcase classname="ds.listServersideFunctions_smk_check_results" name="check_results" time="0.00399999999990541"/>
    <testcase classname="ds.listServersideFunctions_smk_check_results" name="check_results" time="0.0109999999999673"/>
    <testcase classname="ds.listServersideFunctions_smk_check_results" name="check_results" time="0.00399999999990541"/>
    <testcase classname="ds.listServersideFunctions_smk_check_results" name="check_results" time="0.00399999999990541"/>
    <testcase classname="ds.listServersideFunctions_smk_check_results" name="check_results" time="0.00400000000036016"/>
    <testcase classname="ds.listServersideFunctions_smk_check_results" name="check_results" time="0.00399999999990541"/>
    <testcase classname="ds.listServersideFunctions_smk_check_results" name="check_results" time="0.00399999999990541"/>
    <testcase classname="ds.listServersideFunctions_smk_check_results" name="check_results" time="0.00399999999990541"/>
    <testcase classname="ds.listServersideFunctions_smk_check_results" name="check_results" time="0.00399999999990541"/>
    <testcase classname="ds.listServersideFunctions_smk_check_results" name="check_results" time="0.00400000000036016"/>
    <testcase classname="ds.listServersideFunctions_smk_check_results" name="check_results" time="0.00399999999990541"/>
    <testcase classname="ds.listServersideFunctions_smk_check_results" name="check_results" time="0.00399999999990541"/>
    <testcase classname="ds.listServersideFunctions_smk_check_results" name="check_results" time="0.00399999999990541"/>
    <testcase classname="ds.listServersideFunctions_smk_check_results" name="check_results" time="0.00500000000010914"/>
    <testcase classname="ds.listServersideFunctions_smk_check_results" name="check_results" time="0.00399999999990541"/>
    <testcase classname="ds.listServersideFunctions_smk_check_results" name="check_results" time="0.00399999999990541"/>
    <testcase classname="ds.listServersideFunctions_smk_check_results" name="check_results" time="0.00400000000036016"/>
    <testcase classname="ds.listServersideFunctions_smk_check_results" name="check_results" time="0.00399999999990541"/>
    <testcase classname="ds.listServersideFunctions_smk_check_results" name="check_results" time="0.00500000000010914"/>
    <testcase classname="ds.listServersideFunctions_smk_check_results" name="check_results" time="0.00399999999990541"/>
    <testcase classname="ds.listServersideFunctions_smk_check_results" name="check_results" time="0.00399999999990541"/>
    <testcase classname="ds.listServersideFunctions_smk_check_results" name="check_results" time="0.00399999999990541"/>
    <testcase classname="ds.listServersideFunctions_smk_check_results" name="check_results" time="0.00500000000010914"/>
    <testcase classname="ds.listServersideFunctions_smk_check_results" name="check_results" time="0.00399999999990541"/>
    <testcase classname="ds.listServersideFunctions_smk_check_results" name="check_results" time="0.00500000000010914"/>
    <testcase classname="ds.listServersideFunctions_smk_check_results" name="check_results" time="0.00399999999990541"/>
    <testcase classname="ds.listServersideFunctions_smk_check_results" name="check_results" time="0.00399999999990541"/>
    <testcase classname="ds.listServersideFunctions_smk_check_results" name="check_results" time="0.00500000000010914"/>
    <testcase classname="ds.listServersideFunctions_smk_check_results" name="check_results" time="0.00399999999990541"/>
    <testcase classname="ds.listServersideFunctions_smk_check_results" name="check_results" time="0.00500000000010914"/>
    <testcase classname="ds.listServersideFunctions_smk_check_results" name="check_results" time="0.00399999999990541"/>
    <testcase classname="ds.listServersideFunctions_smk_check_results" name="check_results" time="0.00500000000010914"/>
    <testcase classname="ds.listServersideFunctions_smk_check_results" name="check_results" time="0.00399999999990541"/>
    <testcase classname="ds.listServersideFunctions_smk_check_results" name="check_results" time="0.00500000000010914"/>
    <testcase classname="ds.listServersideFunctions_smk_check_results" name="check_results" time="0.00399999999990541"/>
    <testcase classname="ds.listServersideFunctions_smk_check_results" name="check_results" time="0.00500000000010914"/>
    <testcase classname="ds.listServersideFunctions_smk_check_results" name="check_results" time="0.00399999999990541"/>
    <testcase classname="ds.listServersideFunctions_smk_check_results" name="check_results" time="0.00500000000010914"/>
    <testcase classname="ds.listServersideFunctions_smk_check_results" name="check_results" time="0.00500000000010914"/>
    <testcase classname="ds.listServersideFunctions_smk_check_results" name="check_results" time="0.00399999999990541"/>
    <testcase classname="ds.listServersideFunctions_smk_check_results" name="check_results" time="0.00500000000010914"/>
    <testcase classname="ds.listServersideFunctions_smk_check_results" name="check_results" time="0.00500000000010914"/>
    <testcase classname="ds.listServersideFunctions_smk_check_results" name="check_results" time="0.00499999999965439"/>
    <testcase classname="ds.listServersideFunctions_smk_check_results" name="check_results" time="0.0109999999999673"/>
    <testcase classname="ds.listServersideFunctions_smk_check_results" name="check_results" time="0.00500000000010914"/>
    <testcase classname="ds.listServersideFunctions_smk_check_results" name="check_results" time="0.00500000000010914"/>
    <testcase classname="ds.listServersideFunctions_smk_check_results" name="check_results" time="0.00399999999990541"/>
    <testcase classname="ds.listServersideFunctions_smk_check_results" name="check_results" time="0.00500000000010914"/>
    <testcase classname="ds.listServersideFunctions_smk_check_results" name="check_results" time="0.00399999999990541"/>
    <testcase classname="ds.listServersideFunctions_smk_check_results" name="check_results" time="0.00399999999990541"/>
    <testcase classname="ds.listServersideFunctions_smk_check_results" name="check_results" time="0.00500000000010914"/>
    <testcase classname="ds.listServersideFunctions_smk_check_results" name="check_results" time="0.00499999999965439"/>
    <testcase classname="ds.listServersideFunctions_smk_check_results" name="check_results" time="0.00400000000036016"/>
    <testcase classname="ds.listServersideFunctions_smk_check_results" name="check_results" time="0.00499999999965439"/>
    <testcase classname="ds.listServersideFunctions_smk_check_results" name="check_results" time="0.00500000000010914"/>
    <testcase classname="ds.listServersideFunctions_smk_check_results" name="check_results" time="0.00500000000010914"/>
    <testcase classname="ds.listServersideFunctions_smk_check_results" name="check_results" time="0.00399999999990541"/>
    <testcase classname="ds.listServersideFunctions_smk_check_results" name="check_results" time="0.00500000000010914"/>
    <testcase classname="ds.listServersideFunctions_smk_check_results" name="check_results" time="0.00500000000010914"/>
    <testcase classname="ds.listServersideFunctions_smk_check_results" name="check_results" time="0.00499999999965439"/>
    <testcase classname="ds.listServersideFunctions_smk_check_results" name="check_results" time="0.00500000000010914"/>
    <testcase classname="ds.listServersideFunctions_smk_check_results" name="check_results" time="0.00500000000010914"/>
    <testcase classname="ds.listServersideFunctions_smk_check_results" name="check_results" time="0.00500000000010914"/>
    <testcase classname="ds.listServersideFunctions_smk_check_results" name="check_results" time="0.00499999999965439"/>
    <testcase classname="ds.listServersideFunctions_smk_check_results" name="check_results" time="0.00500000000010914"/>
    <testcase classname="ds.listServersideFunctions_smk_check_results" name="check_results" time="0.00500000000010914"/>
    <testcase classname="ds.listServersideFunctions_smk_check_results" name="check_results" time="0.00500000000010914"/>
    <testcase classname="ds.listServersideFunctions_smk_check_results" name="check_results" time="0.00499999999965439"/>
    <testcase classname="ds.listServersideFunctions_smk_check_results" name="check_results" time="0.00500000000010914"/>
    <testcase classname="ds.listServersideFunctions_smk_check_results" name="check_results" time="0.00500000000010914"/>
    <testcase classname="ds.listServersideFunctions_smk_check_results" name="check_results" time="0.00500000000010914"/>
    <testcase classname="ds.listServersideFunctions_smk_check_results" name="check_results" time="0.00499999999965439"/>
    <testcase classname="ds.listServersideFunctions_smk_check_results" name="check_results" time="0.00500000000010914"/>
    <testcase classname="ds.listServersideFunctions_smk_check_results" name="check_results" time="0.00500000000010914"/>
    <testcase classname="ds.listServersideFunctions_smk_check_results" name="check_results" time="0.00599999999985812"/>
    <testcase classname="ds.listServersideFunctions_smk_check_results" name="check_results" time="0.00500000000010914"/>
    <testcase classname="ds.listServersideFunctions_smk_check_results" name="check_results" time="0.00500000000010914"/>
    <testcase classname="ds.listServersideFunctions_smk_check_results" name="check_results" time="0.00599999999985812"/>
    <testcase classname="ds.listServersideFunctions_smk_check_results" name="check_results" time="0.00500000000010914"/>
    <testcase classname="ds.listServersideFunctions_smk_check_results" name="check_results" time="0.00599999999985812"/>
    <testcase classname="ds.listServersideFunctions_smk_check_results" name="check_results" time="0.0109999999999673"/>
    <testcase classname="ds.listServersideFunctions_smk_check_results" name="check_results" time="0.00500000000010914"/>
    <testcase classname="ds.listServersideFunctions_smk_check_results" name="check_results" time="0.00599999999985812"/>
    <testcase classname="ds.listServersideFunctions_smk_check_results" name="check_results" time="0.00500000000010914"/>
    <testcase classname="ds.listServersideFunctions_smk_check_results" name="check_results" time="0.00500000000010914"/>
    <testcase classname="ds.listServersideFunctions_smk_check_results" name="check_results" time="0.00500000000010914"/>
    <testcase classname="ds.listServersideFunctions_smk_check_results" name="check_results" time="0.00499999999965439"/>
    <testcase classname="ds.listServersideFunctions_smk_check_results" name="check_results" time="0.00600000000031287"/>
    <testcase classname="ds.listServersideFunctions_smk_check_results" name="check_results" time="0.00499999999965439"/>
    <testcase classname="ds.listServersideFunctions_smk_check_results" name="check_results" time="0.00500000000010914"/>
    <testcase classname="ds.listServersideFunctions_smk_check_results" name="check_results" time="0.00599999999985812"/>
    <testcase classname="ds.listServersideFunctions_smk_check_results" name="check_results" time="0.00500000000010914"/>
    <testcase classname="ds.listServersideFunctions_smk_check_results" name="check_results" time="0.00500000000010914"/>
    <testcase classname="ds.listServersideFunctions_smk_check_results" name="check_results" time="0.00500000000010914"/>
    <testcase classname="ds.listServersideFunctions_smk_check_results" name="check_results" time="0.00599999999985812"/>
    <testcase classname="ds.listServersideFunctions_smk_check_results" name="check_results" time="0.00500000000010914"/>
    <testcase classname="ds.listServersideFunctions_smk_check_results" name="check_results" time="0.00599999999985812"/>
    <testcase classname="ds.listServersideFunctions_smk_check_results" name="check_results" time="0.00500000000010914"/>
    <testcase classname="ds.listServersideFunctions_smk_check_results" name="check_results" time="0.00500000000010914"/>
    <testcase classname="ds.listServersideFunctions_smk_check_results" name="check_results" time="0.00599999999985812"/>
    <testcase classname="ds.listServersideFunctions_smk_check_results" name="check_results" time="0.00500000000010914"/>
    <testcase classname="ds.listServersideFunctions_smk_check_results" name="check_results" time="0.00599999999985812"/>
    <testcase classname="ds.listServersideFunctions_smk_check_results" name="check_results" time="0.00599999999985812"/>
    <testcase classname="ds.listServersideFunctions_smk_check_results" name="check_results" time="0.00500000000010914"/>
    <testcase classname="ds.listServersideFunctions_smk_check_results" name="check_results" time="0.00599999999985812"/>
    <testcase classname="ds.listServersideFunctions_smk_check_results" name="check_results" time="0.00500000000010914"/>
    <testcase classname="ds.listServersideFunctions_smk_check_results" name="check_results" time="0.00600000000031287"/>
    <testcase classname="ds.listServersideFunctions_smk_check_results" name="check_results" time="0.00499999999965439"/>
    <testcase classname="ds.listServersideFunctions_smk_check_results" name="check_results" time="0.00600000000031287"/>
    <testcase classname="ds.listServersideFunctions_smk_check_results" name="check_results" time="0.00599999999985812"/>
    <testcase classname="ds.listServersideFunctions_smk_check_results" name="check_results" time="0.00599999999985812"/>
    <testcase classname="ds.listServersideFunctions_smk_check_results" name="check_results" time="0.00600000000031287"/>
    <testcase classname="ds.listServersideFunctions_smk_check_results" name="check_results" time="0.00599999999985812"/>
    <testcase classname="ds.listServersideFunctions_smk_check_results" name="check_results" time="0.0119999999997162"/>
    <testcase classname="ds.listServersideFunctions_smk_check_results" name="check_results" time="0.00500000000010914"/>
    <testcase classname="ds.listServersideFunctions_smk_check_results" name="check_results" time="0.00600000000031287"/>
    <testcase classname="ds.listServersideFunctions_smk_check_results" name="check_results" time="0.00599999999985812"/>
    <testcase classname="ds.listServersideFunctions_smk_check_results" name="check_results" time="0.00500000000010914"/>
    <testcase classname="ds.listServersideFunctions_smk_check_results" name="check_results" time="0.00599999999985812"/>
    <testcase classname="ds.listServersideFunctions_smk_check_results" name="check_results" time="0.00599999999985812"/>
    <testcase classname="ds.listServersideFunctions_smk_check_results" name="check_results" time="0.00600000000031287"/>
    <testcase classname="ds.listServersideFunctions_smk_check_results" name="check_results" time="0.00499999999965439"/>
    <testcase classname="ds.listServersideFunctions_smk_check_results" name="check_results" time="0.00600000000031287"/>
    <testcase classname="ds.listServersideFunctions_smk_check_results" name="check_results" time="0.00599999999985812"/>
    <testcase classname="ds.listServersideFunctions_smk_check_results" name="check_results" time="0.00599999999985812"/>
    <testcase classname="ds.listServersideFunctions_smk_check_results" name="check_results" time="0.00500000000010914"/>
    <testcase classname="ds.listServersideFunctions_smk_check_results" name="check_results" time="0.00599999999985812"/>
    <testcase classname="ds.listServersideFunctions_smk_check_results" name="check_results" time="0.00600000000031287"/>
    <testcase classname="ds.listServersideFunctions_smk_check_results" name="check_results" time="0.00599999999985812"/>
    <testcase classname="ds.listServersideFunctions_smk_check_results" name="check_results" time="0.00599999999985812"/>
    <testcase classname="ds.listServersideFunctions_smk_check_results" name="check_results" time="0.00600000000031287"/>
    <testcase classname="ds.listServersideFunctions_smk_check_results" name="check_results" time="0.00499999999965439"/>
    <testcase classname="ds.listServersideFunctions_smk_check_results" name="check_results" time="0.00600000000031287"/>
    <testcase classname="ds.listServersideFunctions_smk_check_results" name="check_results" time="0.00599999999985812"/>
    <testcase classname="ds.listServersideFunctions_smk_check_results" name="check_results" time="0.00599999999985812"/>
    <testcase classname="ds.listServersideFunctions_smk_check_results" name="check_results" time="0.00600000000031287"/>
    <testcase classname="ds.listServersideFunctions_smk_check_results" name="check_results" time="0.00599999999985812"/>
    <testcase classname="ds.listServersideFunctions_smk_check_results" name="check_results" time="0.00700000000006185"/>
    <testcase classname="ds.listServersideFunctions_smk_check_results" name="check_results" time="0.00599999999985812"/>
    <testcase classname="ds.listServersideFunctions_smk_check_results" name="check_results" time="0.00599999999985812"/>
    <testcase classname="ds.listServersideFunctions_smk_check_results" name="check_results" time="0.00600000000031287"/>
    <testcase classname="ds.listServersideFunctions_smk_check_results" name="check_results" time="0.00700000000006185"/>
    <testcase classname="ds.listServersideFunctions_smk_check_results" name="check_results" time="0.00599999999985812"/>
    <testcase classname="ds.listServersideFunctions_smk_check_results" name="check_results" time="0.01299999999992"/>
    <testcase classname="ds.listServersideFunctions_smk_check_results" name="check_results" time="0.00599999999985812"/>
    <testcase classname="ds.listServersideFunctions_smk_check_results" name="check_results" time="0.00600000000031287"/>
    <testcase classname="ds.listServersideFunctions_smk_check_results" name="check_results" time="0.00599999999985812"/>
    <testcase classname="ds.listServersideFunctions_smk_check_results" name="check_results" time="0.00599999999985812"/>
    <testcase classname="ds.listServersideFunctions_smk_check_results" name="check_results" time="0.00600000000031287"/>
    <testcase classname="ds.listServersideFunctions_smk_check_results" name="check_results" time="0.00599999999985812"/>
    <testcase classname="ds.listServersideFunctions_smk_check_results" name="check_results" time="0.00599999999985812"/>
    <testcase classname="ds.listServersideFunctions_smk_check_results" name="check_results" time="0.00600000000031287"/>
    <testcase classname="ds.listServersideFunctions_smk_check_results" name="check_results" time="0.00599999999985812"/>
    <testcase classname="ds.listServersideFunctions_smk_check_results" name="check_results" time="0.00700000000006185"/>
    <testcase classname="ds.listServersideFunctions_smk_check_results" name="check_results" time="0.00599999999985812"/>
    <testcase classname="ds.listServersideFunctions_smk_check_results" name="check_results" time="0.00599999999985812"/>
    <testcase classname="ds.listServersideFunctions_smk_check_results" name="check_results" time="0.00700000000006185"/>
    <testcase classname="ds.listServersideFunctions_smk_check_results" name="check_results" time="0.00600000000031287"/>
    <testcase classname="ds.listServersideFunctions_smk_check_results" name="check_results" time="0.00599999999985812"/>
    <testcase classname="ds.listServersideFunctions_smk_check_results" name="check_results" time="0.00599999999985812"/>
    <testcase classname="ds.listServersideFunctions_smk_check_results" name="check_results" time="0.00700000000006185"/>
    <testcase classname="ds.listServersideFunctions_smk_check_results" name="check_results" time="0.00599999999985812"/>
    <testcase classname="ds.listServersideFunctions_smk_check_results" name="check_results" time="0.00700000000006185"/>
    <testcase classname="ds.listServersideFunctions_smk_check_results" name="check_results" time="0.00599999999985812"/>
    <testcase classname="ds.listServersideFunctions_smk_check_results" name="check_results" time="0.00600000000031287"/>
    <testcase classname="ds.listServersideFunctions_smk_check_results" name="check_results" time="0.00700000000006185"/>
    <testcase classname="ds.listServersideFunctions_smk_check_results" name="check_results" time="0.00700000000006185"/>
    <testcase classname="ds.listServersideFunctions_smk_check_results" name="check_results" time="0.0069999999996071"/>
    <testcase classname="ds.listServersideFunctions_smk_check_results" name="check_results" time="0.00700000000006185"/>
    <testcase classname="ds.listServersideFunctions_smk_check_results" name="check_results" time="0.00700000000006185"/>
    <testcase classname="ds.listServersideFunctions_smk_check_results" name="check_results" time="0.00700000000006185"/>
    <testcase classname="ds.listServersideFunctions_smk_check_results" name="check_results" time="0.01299999999992"/>
    <testcase classname="ds.listServersideFunctions_smk_check_results" name="check_results" time="0.00599999999985812"/>
    <testcase classname="ds.listServersideFunctions_smk_check_results" name="check_results" time="0.00700000000006185"/>
    <testcase classname="ds.listServersideFunctions_smk_check_results" name="check_results" time="0.00600000000031287"/>
    <testcase classname="ds.listServersideFunctions_smk_check_results" name="check_results" time="0.00700000000006185"/>
    <testcase classname="ds.listServersideFunctions_smk_check_results" name="check_results" time="0.00599999999985812"/>
    <testcase classname="ds.listServersideFunctions_smk_check_results" name="check_results" time="0.00700000000006185"/>
    <testcase classname="ds.listServersideFunctions_smk_check_results" name="check_results" time="0.00599999999985812"/>
    <testcase classname="ds.listServersideFunctions_smk_check_results" name="check_results" time="0.00700000000006185"/>
    <testcase classname="ds.listServersideFunctions_smk_check_results" name="check_results" time="0.00599999999985812"/>
    <testcase classname="ds.listServersideFunctions_smk_check_results" name="check_results" time="0.00700000000006185"/>
    <testcase classname="ds.listServersideFunctions_smk_check_results" name="check_results" time="0.00599999999985812"/>
  </testsuite>
  <testsuite errors="0" failures="0" hostname="fv-az14" name="ds.lmerSLMA::smk::setup phase 1" skipped="0" tests="3" time="5.05" timestamp="2020-10-27T19:15:21Z">
    <testcase classname="ds.lmerSLMA_smk_setup_phase_1" name="setup" time="5.04800000000023"/>
    <testcase classname="ds.lmerSLMA_smk_setup_phase_1" name="setup" time="0.000999999999748979"/>
    <testcase classname="ds.lmerSLMA_smk_setup_phase_1" name="setup" time="0.00100000000020373"/>
  </testsuite>
  <testsuite errors="0" failures="0" hostname="fv-az14" name="ds.lmerSLMA::smk::phase 1" skipped="0" tests="11" time="14.519" timestamp="2020-10-27T19:15:25Z">
    <testcase classname="ds.lmerSLMA_smk_phase_1" name="simple_lmerSLMA" time="2.50399999999991"/>
    <testcase classname="ds.lmerSLMA_smk_phase_1" name="alternative_formulae_for_nested_groups" time="0.762000000000171"/>
    <testcase classname="ds.lmerSLMA_smk_phase_1" name="alternative_formulae_for_nested_groups" time="0.722999999999956"/>
    <testcase classname="ds.lmerSLMA_smk_phase_1" name="alternative_formulae_for_nested_groups" time="0.664999999999964"/>
    <testcase classname="ds.lmerSLMA_smk_phase_1" name="server_side_error" time="0.634999999999764"/>
    <testcase classname="ds.lmerSLMA_smk_phase_1" name="server_side_error" time="0.269000000000233"/>
    <testcase classname="ds.lmerSLMA_smk_phase_1" name="server_side_error" time="0.684999999999945"/>
    <testcase classname="ds.lmerSLMA_smk_phase_1" name="test_offsets_and_weights" time="6.23900000000003"/>
    <testcase classname="ds.lmerSLMA_smk_phase_1" name="test_offsets_and_weights" time="0.679000000000087"/>
    <testcase classname="ds.lmerSLMA_smk_phase_1" name="test_offsets_and_weights" time="0.688000000000102"/>
    <testcase classname="ds.lmerSLMA_smk_phase_1" name="test_offsets_and_weights" time="0.669999999999618"/>
  </testsuite>
  <testsuite errors="0" failures="0" hostname="fv-az14" name="ds.lmerSLMA::smk::shutdown phase 1" skipped="0" tests="3" time="0.276" timestamp="2020-10-27T19:15:40Z">
    <testcase classname="ds.lmerSLMA_smk_shutdown_phase_1" name="shutdown" time="0.274000000000342"/>
    <testcase classname="ds.lmerSLMA_smk_shutdown_phase_1" name="shutdown" time="0.000999999999748979"/>
    <testcase classname="ds.lmerSLMA_smk_shutdown_phase_1" name="shutdown" time="0.00100000000020373"/>
  </testsuite>
  <testsuite errors="0" failures="0" hostname="fv-az14" name="ds.lmerSLMA::smk::setup phase 2" skipped="0" tests="3" time="5.256" timestamp="2020-10-27T19:15:41Z">
    <testcase classname="ds.lmerSLMA_smk_setup_phase_2" name="setup" time="5.25399999999991"/>
    <testcase classname="ds.lmerSLMA_smk_setup_phase_2" name="setup" time="0.00100000000020373"/>
    <testcase classname="ds.lmerSLMA_smk_setup_phase_2" name="setup" time="0.000999999999748979"/>
  </testsuite>
  <testsuite errors="0" failures="0" hostname="fv-az14" name="ds.lmerSLMA::smk::test phase 2" skipped="0" tests="54" time="4.879" timestamp="2020-10-27T19:15:45Z">
    <testcase classname="ds.lmerSLMA_smk_test_phase_2" name="check_slope_formulae" time="3.30099999999993"/>
    <testcase classname="ds.lmerSLMA_smk_test_phase_2" name="check_slope_formulae" time="0.00100000000020373"/>
    <testcase classname="ds.lmerSLMA_smk_test_phase_2" name="check_slope_formulae" time="0.000999999999748979"/>
    <testcase classname="ds.lmerSLMA_smk_test_phase_2" name="check_slope_formulae" time="0.00100000000020373"/>
    <testcase classname="ds.lmerSLMA_smk_test_phase_2" name="check_slope_formulae" time="0.000999999999748979"/>
    <testcase classname="ds.lmerSLMA_smk_test_phase_2" name="check_slope_formulae" time="0.00100000000020373"/>
    <testcase classname="ds.lmerSLMA_smk_test_phase_2" name="check_slope_formulae" time="0.00199999999995271"/>
    <testcase classname="ds.lmerSLMA_smk_test_phase_2" name="check_slope_formulae" time="0.00100000000020373"/>
    <testcase classname="ds.lmerSLMA_smk_test_phase_2" name="check_slope_formulae" time="0.000999999999748979"/>
    <testcase classname="ds.lmerSLMA_smk_test_phase_2" name="check_slope_formulae" time="0.00100000000020373"/>
    <testcase classname="ds.lmerSLMA_smk_test_phase_2" name="check_slope_formulae" time="0.00199999999995271"/>
    <testcase classname="ds.lmerSLMA_smk_test_phase_2" name="check_slope_formulae" time="0.000999999999748979"/>
    <testcase classname="ds.lmerSLMA_smk_test_phase_2" name="check_slope_formulae" time="0.00100000000020373"/>
    <testcase classname="ds.lmerSLMA_smk_test_phase_2" name="check_slope_formulae" time="0.00100000000020373"/>
    <testcase classname="ds.lmerSLMA_smk_test_phase_2" name="check_slope_formulae" time="0.00199999999995271"/>
    <testcase classname="ds.lmerSLMA_smk_test_phase_2" name="check_slope_formulae" time="0.000999999999748979"/>
    <testcase classname="ds.lmerSLMA_smk_test_phase_2" name="check_slope_formulae" time="0.00100000000020373"/>
    <testcase classname="ds.lmerSLMA_smk_test_phase_2" name="check_slope_formulae" time="0.000999999999748979"/>
    <testcase classname="ds.lmerSLMA_smk_test_phase_2" name="check_slope_formulae" time="0.000999999999748979"/>
    <testcase classname="ds.lmerSLMA_smk_test_phase_2" name="check_slope_formulae" time="0.00199999999995271"/>
    <testcase classname="ds.lmerSLMA_smk_test_phase_2" name="check_slope_formulae" time="0.00100000000020373"/>
    <testcase classname="ds.lmerSLMA_smk_test_phase_2" name="check_slope_formulae" time="0.00100000000020373"/>
    <testcase classname="ds.lmerSLMA_smk_test_phase_2" name="check_slope_formulae" time="0.00199999999995271"/>
    <testcase classname="ds.lmerSLMA_smk_test_phase_2" name="check_slope_formulae" time="0.000999999999748979"/>
    <testcase classname="ds.lmerSLMA_smk_test_phase_2" name="check_slope_formulae" time="0.00199999999995271"/>
    <testcase classname="ds.lmerSLMA_smk_test_phase_2" name="check_slope_formulae" time="0.00100000000020373"/>
    <testcase classname="ds.lmerSLMA_smk_test_phase_2" name="check_slope_formulae" time="0.00199999999995271"/>
    <testcase classname="ds.lmerSLMA_smk_test_phase_2" name="check_slope_formulae" time="1.50300000000016"/>
    <testcase classname="ds.lmerSLMA_smk_test_phase_2" name="check_slope_formulae" time="0.000999999999748979"/>
    <testcase classname="ds.lmerSLMA_smk_test_phase_2" name="check_slope_formulae" time="0.00199999999995271"/>
    <testcase classname="ds.lmerSLMA_smk_test_phase_2" name="check_slope_formulae" time="0.00100000000020373"/>
    <testcase classname="ds.lmerSLMA_smk_test_phase_2" name="check_slope_formulae" time="0.000999999999748979"/>
    <testcase classname="ds.lmerSLMA_smk_test_phase_2" name="check_slope_formulae" time="0.00200000000040745"/>
    <testcase classname="ds.lmerSLMA_smk_test_phase_2" name="check_slope_formulae" time="0.00199999999995271"/>
    <testcase classname="ds.lmerSLMA_smk_test_phase_2" name="check_slope_formulae" time="0.000999999999748979"/>
    <testcase classname="ds.lmerSLMA_smk_test_phase_2" name="check_slope_formulae" time="0.00199999999995271"/>
    <testcase classname="ds.lmerSLMA_smk_test_phase_2" name="check_slope_formulae" time="0.00100000000020373"/>
    <testcase classname="ds.lmerSLMA_smk_test_phase_2" name="check_slope_formulae" time="0.00199999999995271"/>
    <testcase classname="ds.lmerSLMA_smk_test_phase_2" name="check_slope_formulae" time="0.00100000000020373"/>
    <testcase classname="ds.lmerSLMA_smk_test_phase_2" name="check_slope_formulae" time="0.00199999999995271"/>
    <testcase classname="ds.lmerSLMA_smk_test_phase_2" name="check_slope_formulae" time="0.000999999999748979"/>
    <testcase classname="ds.lmerSLMA_smk_test_phase_2" name="check_slope_formulae" time="0.00199999999995271"/>
    <testcase classname="ds.lmerSLMA_smk_test_phase_2" name="check_slope_formulae" time="0.00199999999995271"/>
    <testcase classname="ds.lmerSLMA_smk_test_phase_2" name="check_slope_formulae" time="0.00100000000020373"/>
    <testcase classname="ds.lmerSLMA_smk_test_phase_2" name="check_slope_formulae" time="0.00199999999995271"/>
    <testcase classname="ds.lmerSLMA_smk_test_phase_2" name="check_slope_formulae" time="0.00199999999995271"/>
    <testcase classname="ds.lmerSLMA_smk_test_phase_2" name="check_slope_formulae" time="0.00199999999995271"/>
    <testcase classname="ds.lmerSLMA_smk_test_phase_2" name="check_slope_formulae" time="0.00100000000020373"/>
    <testcase classname="ds.lmerSLMA_smk_test_phase_2" name="check_slope_formulae" time="0.00199999999995271"/>
    <testcase classname="ds.lmerSLMA_smk_test_phase_2" name="check_slope_formulae" time="0.00199999999995271"/>
    <testcase classname="ds.lmerSLMA_smk_test_phase_2" name="check_slope_formulae" time="0.00199999999995271"/>
    <testcase classname="ds.lmerSLMA_smk_test_phase_2" name="check_slope_formulae" time="0.00100000000020373"/>
    <testcase classname="ds.lmerSLMA_smk_test_phase_2" name="check_slope_formulae" time="0.00199999999995271"/>
    <testcase classname="ds.lmerSLMA_smk_test_phase_2" name="check_slope_formulae" time="0.00199999999995271"/>
  </testsuite>
  <testsuite errors="0" failures="0" hostname="fv-az14" name="ds.lmerSLMA::smk::shutdown phase 2" skipped="0" tests="3" time="0.273" timestamp="2020-10-27T19:15:50Z">
    <testcase classname="ds.lmerSLMA_smk_shutdown_phase_2" name="shutdown" time="0.270999999999731"/>
    <testcase classname="ds.lmerSLMA_smk_shutdown_phase_2" name="shutdown" time="0.00100000000020373"/>
    <testcase classname="ds.lmerSLMA_smk_shutdown_phase_2" name="shutdown" time="0.00100000000020373"/>
  </testsuite>
  <testsuite errors="0" failures="0" hostname="fv-az14" name="ds.lmerSLMA::smk::done" skipped="0" tests="0" time="0" timestamp="2020-10-27T19:15:51Z"/>
  <testsuite errors="0" failures="0" hostname="fv-az14" name="ds.log::smk::setup" skipped="0" tests="3" time="5.071" timestamp="2020-10-27T19:15:51Z">
    <testcase classname="ds.log_smk_setup" name="setup" time="5.06899999999996"/>
    <testcase classname="ds.log_smk_setup" name="setup" time="0.000999999999748979"/>
    <testcase classname="ds.log_smk_setup" name="setup" time="0.00100000000020373"/>
  </testsuite>
  <testsuite errors="0" failures="0" hostname="fv-az14" name="ds.log::smk" skipped="0" tests="30" time="5.566" timestamp="2020-10-27T19:15:55Z">
    <testcase classname="ds.log_smk" name="simple_log" time="1.48700000000008"/>
    <testcase classname="ds.log_smk" name="simple_log" time="0.5"/>
    <testcase classname="ds.log_smk" name="simple_log" time="0.000999999999748979"/>
    <testcase classname="ds.log_smk" name="simple_log" time="0.00100000000020373"/>
    <testcase classname="ds.log_smk" name="simple_log" time="0.000999999999748979"/>
    <testcase classname="ds.log_smk" name="simple_log" time="0.00100000000020373"/>
    <testcase classname="ds.log_smk" name="simple_log" time="0.000999999999748979"/>
    <testcase classname="ds.log_smk" name="simple_log" time="0.00100000000020373"/>
    <testcase classname="ds.log_smk" name="simple_log" time="0.518999999999778"/>
    <testcase classname="ds.log_smk" name="simple_log" time="0.00199999999995271"/>
    <testcase classname="ds.log_smk" name="simple_log" time="0.00100000000020373"/>
    <testcase classname="ds.log_smk" name="simple_log" time="0.00100000000020373"/>
    <testcase classname="ds.log_smk" name="simple_log" time="0.000999999999748979"/>
    <testcase classname="ds.log_smk" name="simple_log" time="0.00100000000020373"/>
    <testcase classname="ds.log_smk" name="simple_log" time="0.00199999999995271"/>
    <testcase classname="ds.log_smk" name="simple_log" time="2.24699999999984"/>
    <testcase classname="ds.log_smk" name="simple_log" time="0.264000000000124"/>
    <testcase classname="ds.log_smk" name="simple_log" time="0.00199999999995271"/>
    <testcase classname="ds.log_smk" name="simple_log" time="0.00100000000020373"/>
    <testcase classname="ds.log_smk" name="simple_log" time="0.00199999999995271"/>
    <testcase classname="ds.log_smk" name="simple_log" time="0.000999999999748979"/>
    <testcase classname="ds.log_smk" name="simple_log" time="0.00100000000020373"/>
    <testcase classname="ds.log_smk" name="simple_log" time="0.00199999999995271"/>
    <testcase classname="ds.log_smk" name="simple_log" time="0.516999999999825"/>
    <testcase classname="ds.log_smk" name="simple_log" time="0.00199999999995271"/>
    <testcase classname="ds.log_smk" name="simple_log" time="0.00100000000020373"/>
    <testcase classname="ds.log_smk" name="simple_log" time="0.000999999999748979"/>
    <testcase classname="ds.log_smk" name="simple_log" time="0.00200000000040745"/>
    <testcase classname="ds.log_smk" name="simple_log" time="0.000999999999748979"/>
    <testcase classname="ds.log_smk" name="simple_log" time="0.00199999999995271"/>
  </testsuite>
  <testsuite errors="0" failures="0" hostname="fv-az14" name="ds.log::smk::shutdown" skipped="0" tests="3" time="0.275" timestamp="2020-10-27T19:16:01Z">
    <testcase classname="ds.log_smk_shutdown" name="shutdown" time="0.271999999999935"/>
    <testcase classname="ds.log_smk_shutdown" name="shutdown" time="0.00199999999995271"/>
    <testcase classname="ds.log_smk_shutdown" name="shutdown" time="0.00100000000020373"/>
  </testsuite>
  <testsuite errors="0" failures="0" hostname="fv-az14" name="ds.log::smk::done" skipped="0" tests="0" time="0" timestamp="2020-10-27T19:16:02Z"/>
  <testsuite errors="0" failures="0" hostname="fv-az14" name="ds.look::smk::setup" skipped="0" tests="3" time="5.071" timestamp="2020-10-27T19:16:02Z">
    <testcase classname="ds.look_smk_setup" name="setup" time="5.06899999999996"/>
    <testcase classname="ds.look_smk_setup" name="setup" time="0.00100000000020373"/>
    <testcase classname="ds.look_smk_setup" name="setup" time="0.000999999999748979"/>
  </testsuite>
  <testsuite errors="0" failures="0" hostname="fv-az14" name="ds.look::smk" skipped="0" tests="5" time="0.275" timestamp="2020-10-27T19:16:06Z">
    <testcase classname="ds.look_smk" name="simple_look" time="0.269999999999982"/>
    <testcase classname="ds.look_smk" name="simple_look" time="0.00199999999995271"/>
    <testcase classname="ds.look_smk" name="simple_look" time="0.00100000000020373"/>
    <testcase classname="ds.look_smk" name="simple_look" time="0.000999999999748979"/>
    <testcase classname="ds.look_smk" name="simple_look" time="0.00100000000020373"/>
  </testsuite>
  <testsuite errors="0" failures="0" hostname="fv-az14" name="ds.look::smk::shutdown" skipped="0" tests="3" time="0.276" timestamp="2020-10-27T19:16:07Z">
    <testcase classname="ds.look_smk_shutdown" name="shutdown" time="0.273999999999887"/>
    <testcase classname="ds.look_smk_shutdown" name="shutdown" time="0.00100000000020373"/>
    <testcase classname="ds.look_smk_shutdown" name="shutdown" time="0.000999999999748979"/>
  </testsuite>
  <testsuite errors="0" failures="0" hostname="fv-az14" name="ds.look::smk::done" skipped="0" tests="0" time="0" timestamp="2020-10-27T19:16:08Z"/>
  <testsuite errors="0" failures="0" hostname="fv-az14" name="ds.ls::smk::setup" skipped="0" tests="3" time="5.067" timestamp="2020-10-27T19:16:08Z">
    <testcase classname="ds.ls_smk_setup" name="setup" time="5.06500000000005"/>
    <testcase classname="ds.ls_smk_setup" name="setup" time="0.00100000000020373"/>
    <testcase classname="ds.ls_smk_setup" name="setup" time="0.000999999999748979"/>
  </testsuite>
  <testsuite errors="0" failures="0" hostname="fv-az14" name="ds.ls::smk" skipped="0" tests="53" time="1.399" timestamp="2020-10-27T19:16:12Z">
    <testcase classname="ds.ls_smk" name="simple_ls" time="0.275000000000091"/>
    <testcase classname="ds.ls_smk" name="simple_ls" time="0.00100000000020373"/>
    <testcase classname="ds.ls_smk" name="simple_ls" time="0.000999999999748979"/>
    <testcase classname="ds.ls_smk" name="simple_ls" time="0.00100000000020373"/>
    <testcase classname="ds.ls_smk" name="simple_ls" time="0.000999999999748979"/>
    <testcase classname="ds.ls_smk" name="simple_ls" time="0.00100000000020373"/>
    <testcase classname="ds.ls_smk" name="simple_ls" time="0.000999999999748979"/>
    <testcase classname="ds.ls_smk" name="simple_ls" time="0.00100000000020373"/>
    <testcase classname="ds.ls_smk" name="simple_ls" time="0.00199999999995271"/>
    <testcase classname="ds.ls_smk" name="simple_ls" time="0.00100000000020373"/>
    <testcase classname="ds.ls_smk" name="simple_ls" time="0.000999999999748979"/>
    <testcase classname="ds.ls_smk" name="simple_ls" time="0.00100000000020373"/>
    <testcase classname="ds.ls_smk" name="simple_ls" time="0.000999999999748979"/>
    <testcase classname="ds.ls_smk" name="simple_ls_with_envir" time="0.260000000000218"/>
    <testcase classname="ds.ls_smk" name="simple_ls_with_envir" time="0.000999999999748979"/>
    <testcase classname="ds.ls_smk" name="simple_ls_with_envir" time="0.00100000000020373"/>
    <testcase classname="ds.ls_smk" name="simple_ls_with_envir" time="0.00199999999995271"/>
    <testcase classname="ds.ls_smk" name="simple_ls_with_envir" time="0.00100000000020373"/>
    <testcase classname="ds.ls_smk" name="simple_ls_with_envir" time="0.000999999999748979"/>
    <testcase classname="ds.ls_smk" name="simple_ls_with_envir" time="0.00100000000020373"/>
    <testcase classname="ds.ls_smk" name="simple_ls_with_envir" time="0.00199999999995271"/>
    <testcase classname="ds.ls_smk" name="simple_ls_with_envir" time="0.000999999999748979"/>
    <testcase classname="ds.ls_smk" name="simple_ls_with_envir" time="0.00100000000020373"/>
    <testcase classname="ds.ls_smk" name="simple_ls_with_envir_with_wildcard_postfix" time="0.264999999999873"/>
    <testcase classname="ds.ls_smk" name="simple_ls_with_envir_with_wildcard_postfix" time="0.00100000000020373"/>
    <testcase classname="ds.ls_smk" name="simple_ls_with_envir_with_wildcard_postfix" time="0.00199999999995271"/>
    <testcase classname="ds.ls_smk" name="simple_ls_with_envir_with_wildcard_postfix" time="0.000999999999748979"/>
    <testcase classname="ds.ls_smk" name="simple_ls_with_envir_with_wildcard_postfix" time="0.00100000000020373"/>
    <testcase classname="ds.ls_smk" name="simple_ls_with_envir_with_wildcard_postfix" time="0.00199999999995271"/>
    <testcase classname="ds.ls_smk" name="simple_ls_with_envir_with_wildcard_postfix" time="0.00100000000020373"/>
    <testcase classname="ds.ls_smk" name="simple_ls_with_envir_with_wildcard_postfix" time="0.00199999999995271"/>
    <testcase classname="ds.ls_smk" name="simple_ls_with_envir_with_wildcard_postfix" time="0.000999999999748979"/>
    <testcase classname="ds.ls_smk" name="simple_ls_with_envir_with_wildcard_postfix" time="0.00199999999995271"/>
    <testcase classname="ds.ls_smk" name="simple_ls_with_envir_with_wildcard_infix" time="0.271000000000186"/>
    <testcase classname="ds.ls_smk" name="simple_ls_with_envir_with_wildcard_infix" time="0.000999999999748979"/>
    <testcase classname="ds.ls_smk" name="simple_ls_with_envir_with_wildcard_infix" time="0.00200000000040745"/>
    <testcase classname="ds.ls_smk" name="simple_ls_with_envir_with_wildcard_infix" time="0.000999999999748979"/>
    <testcase classname="ds.ls_smk" name="simple_ls_with_envir_with_wildcard_infix" time="0.00199999999995271"/>
    <testcase classname="ds.ls_smk" name="simple_ls_with_envir_with_wildcard_infix" time="0.00100000000020373"/>
    <testcase classname="ds.ls_smk" name="simple_ls_with_envir_with_wildcard_infix" time="0.00199999999995271"/>
    <testcase classname="ds.ls_smk" name="simple_ls_with_envir_with_wildcard_infix" time="0.000999999999748979"/>
    <testcase classname="ds.ls_smk" name="simple_ls_with_envir_with_wildcard_infix" time="0.00200000000040745"/>
    <testcase classname="ds.ls_smk" name="simple_ls_with_envir_with_wildcard_infix" time="0.000999999999748979"/>
    <testcase classname="ds.ls_smk" name="simple_ls_with_envir_with_wildcard_prefix" time="0.26299999999992"/>
    <testcase classname="ds.ls_smk" name="simple_ls_with_envir_with_wildcard_prefix" time="0.00199999999995271"/>
    <testcase classname="ds.ls_smk" name="simple_ls_with_envir_with_wildcard_prefix" time="0.00199999999995271"/>
    <testcase classname="ds.ls_smk" name="simple_ls_with_envir_with_wildcard_prefix" time="0.00100000000020373"/>
    <testcase classname="ds.ls_smk" name="simple_ls_with_envir_with_wildcard_prefix" time="0.00199999999995271"/>
    <testcase classname="ds.ls_smk" name="simple_ls_with_envir_with_wildcard_prefix" time="0.00199999999995271"/>
    <testcase classname="ds.ls_smk" name="simple_ls_with_envir_with_wildcard_prefix" time="0.00100000000020373"/>
    <testcase classname="ds.ls_smk" name="simple_ls_with_envir_with_wildcard_prefix" time="0.00199999999995271"/>
    <testcase classname="ds.ls_smk" name="simple_ls_with_envir_with_wildcard_prefix" time="0.00199999999995271"/>
    <testcase classname="ds.ls_smk" name="simple_ls_with_envir_with_wildcard_prefix" time="0.00100000000020373"/>
  </testsuite>
  <testsuite errors="0" failures="0" hostname="fv-az14" name="ds.ls::smk::shutdown" skipped="0" tests="3" time="0.271" timestamp="2020-10-27T19:16:13Z">
    <testcase classname="ds.ls_smk_shutdown" name="shutdown" time="0.268999999999778"/>
    <testcase classname="ds.ls_smk_shutdown" name="shutdown" time="0.00100000000020373"/>
    <testcase classname="ds.ls_smk_shutdown" name="shutdown" time="0.000999999999748979"/>
  </testsuite>
  <testsuite errors="0" failures="0" hostname="fv-az14" name="ds.ls::smk::done" skipped="0" tests="0" time="0" timestamp="2020-10-27T19:16:14Z"/>
  <testsuite errors="0" failures="0" hostname="fv-az14" name="ds.make::smk::setup" skipped="0" tests="3" time="5.088" timestamp="2020-10-27T19:16:14Z">
    <testcase classname="ds.make_smk_setup" name="setup" time="5.08600000000024"/>
    <testcase classname="ds.make_smk_setup" name="setup" time="0.000999999999748979"/>
    <testcase classname="ds.make_smk_setup" name="setup" time="0.00100000000020373"/>
  </testsuite>
  <testsuite errors="0" failures="0" hostname="fv-az14" name="ds.make::smk" skipped="0" tests="3" time="0.797" timestamp="2020-10-27T19:16:19Z">
    <testcase classname="ds.make_smk" name="simple_make" time="0.793999999999869"/>
    <testcase classname="ds.make_smk" name="simple_make" time="0.00199999999995271"/>
    <testcase classname="ds.make_smk" name="simple_make" time="0.00100000000020373"/>
  </testsuite>
  <testsuite errors="0" failures="0" hostname="fv-az14" name="ds.make::smk::shutdown" skipped="0" tests="3" time="0.272" timestamp="2020-10-27T19:16:20Z">
    <testcase classname="ds.make_smk_shutdown" name="shutdown" time="0.269999999999982"/>
    <testcase classname="ds.make_smk_shutdown" name="shutdown" time="0.000999999999748979"/>
    <testcase classname="ds.make_smk_shutdown" name="shutdown" time="0.00100000000020373"/>
  </testsuite>
  <testsuite errors="0" failures="0" hostname="fv-az14" name="ds.make::smk::done" skipped="0" tests="0" time="0" timestamp="2020-10-27T19:16:20Z"/>
  <testsuite errors="0" failures="0" hostname="fv-az14" name="ds.matrixDet::smk::setup" skipped="0" tests="3" time="5.069" timestamp="2020-10-27T19:16:20Z">
    <testcase classname="ds.matrixDet_smk_setup" name="setup" time="5.06700000000001"/>
    <testcase classname="ds.matrixDet_smk_setup" name="setup" time="0.000999999999748979"/>
    <testcase classname="ds.matrixDet_smk_setup" name="setup" time="0.00100000000020373"/>
  </testsuite>
  <testsuite errors="0" failures="0" hostname="fv-az14" name="ds.matrixDet::smk" skipped="0" tests="7" time="2.187" timestamp="2020-10-27T19:16:25Z">
    <testcase classname="ds.matrixDet_smk" name="simplest_ds.matrixDet" time="1.66300000000001"/>
    <testcase classname="ds.matrixDet_smk" name="simplest_ds.matrixDet" time="0.000999999999748979"/>
    <testcase classname="ds.matrixDet_smk" name="simplest_ds.matrixDet" time="0.00100000000020373"/>
    <testcase classname="ds.matrixDet_smk" name="simplest_ds.matrixDet" time="0.518999999999778"/>
    <testcase classname="ds.matrixDet_smk" name="simplest_ds.matrixDet" time="0.00100000000020373"/>
    <testcase classname="ds.matrixDet_smk" name="simplest_ds.matrixDet" time="0.00100000000020373"/>
    <testcase classname="ds.matrixDet_smk" name="simplest_ds.matrixDet" time="0.000999999999748979"/>
  </testsuite>
  <testsuite errors="0" failures="0" hostname="fv-az14" name="ds.matrixDet::smk::shutdown" skipped="0" tests="3" time="0.279" timestamp="2020-10-27T19:16:27Z">
    <testcase classname="ds.matrixDet_smk_shutdown" name="shutdown" time="0.277000000000044"/>
    <testcase classname="ds.matrixDet_smk_shutdown" name="shutdown" time="0.00100000000020373"/>
    <testcase classname="ds.matrixDet_smk_shutdown" name="shutdown" time="0.000999999999748979"/>
  </testsuite>
  <testsuite errors="0" failures="0" hostname="fv-az14" name="ds.matrixDet::smk::done" skipped="0" tests="0" time="0" timestamp="2020-10-27T19:16:28Z"/>
  <testsuite errors="0" failures="0" hostname="fv-az14" name="ds.matrixDet.report::smk::setup" skipped="0" tests="3" time="5.056" timestamp="2020-10-27T19:16:28Z">
    <testcase classname="ds.matrixDet.report_smk_setup" name="setup" time="5.05400000000009"/>
    <testcase classname="ds.matrixDet.report_smk_setup" name="setup" time="0.000999999999748979"/>
    <testcase classname="ds.matrixDet.report_smk_setup" name="setup" time="0.00100000000020373"/>
  </testsuite>
  <testsuite errors="0" failures="0" hostname="fv-az14" name="ds.matrixDet.report::smk" skipped="0" tests="14" time="1.066" timestamp="2020-10-27T19:16:32Z">
    <testcase classname="ds.matrixDet.report_smk" name="simplest_ds.matrixDet.report" time="1.05000000000018"/>
    <testcase classname="ds.matrixDet.report_smk" name="simplest_ds.matrixDet.report" time="0.000999999999748979"/>
    <testcase classname="ds.matrixDet.report_smk" name="simplest_ds.matrixDet.report" time="0.00100000000020373"/>
    <testcase classname="ds.matrixDet.report_smk" name="simplest_ds.matrixDet.report" time="0.000999999999748979"/>
    <testcase classname="ds.matrixDet.report_smk" name="simplest_ds.matrixDet.report" time="0.00199999999995271"/>
    <testcase classname="ds.matrixDet.report_smk" name="simplest_ds.matrixDet.report" time="0.00100000000020373"/>
    <testcase classname="ds.matrixDet.report_smk" name="simplest_ds.matrixDet.report" time="0.00100000000020373"/>
    <testcase classname="ds.matrixDet.report_smk" name="simplest_ds.matrixDet.report" time="0.000999999999748979"/>
    <testcase classname="ds.matrixDet.report_smk" name="simplest_ds.matrixDet.report" time="0.00100000000020373"/>
    <testcase classname="ds.matrixDet.report_smk" name="simplest_ds.matrixDet.report" time="0.00199999999995271"/>
    <testcase classname="ds.matrixDet.report_smk" name="simplest_ds.matrixDet.report" time="0.000999999999748979"/>
    <testcase classname="ds.matrixDet.report_smk" name="simplest_ds.matrixDet.report" time="0.00100000000020373"/>
    <testcase classname="ds.matrixDet.report_smk" name="simplest_ds.matrixDet.report" time="0.000999999999748979"/>
    <testcase classname="ds.matrixDet.report_smk" name="simplest_ds.matrixDet.report" time="0.00199999999995271"/>
  </testsuite>
  <testsuite errors="0" failures="0" hostname="fv-az14" name="ds.matrixDet.report::smk::shutdown" skipped="0" tests="3" time="0.282" timestamp="2020-10-27T19:16:33Z">
    <testcase classname="ds.matrixDet.report_smk_shutdown" name="shutdown" time="0.2800000000002"/>
    <testcase classname="ds.matrixDet.report_smk_shutdown" name="shutdown" time="0.00100000000020373"/>
    <testcase classname="ds.matrixDet.report_smk_shutdown" name="shutdown" time="0.000999999999748979"/>
  </testsuite>
  <testsuite errors="0" failures="0" hostname="fv-az14" name="ds.matrixDet.report::smk::done" skipped="0" tests="0" time="0" timestamp="2020-10-27T19:16:34Z"/>
  <testsuite errors="0" failures="0" hostname="fv-az14" name="ds.matrixDiag::smk::setup" skipped="0" tests="3" time="5.053" timestamp="2020-10-27T19:16:34Z">
    <testcase classname="ds.matrixDiag_smk_setup" name="setup" time="5.05099999999993"/>
    <testcase classname="ds.matrixDiag_smk_setup" name="setup" time="0.00100000000020373"/>
    <testcase classname="ds.matrixDiag_smk_setup" name="setup" time="0.000999999999748979"/>
  </testsuite>
  <testsuite errors="0" failures="0" hostname="fv-az14" name="ds.matrixDiag::smk" skipped="0" tests="7" time="1.37" timestamp="2020-10-27T19:16:39Z">
    <testcase classname="ds.matrixDiag_smk" name="simplest_ds.matrixDiag" time="0.846000000000004"/>
    <testcase classname="ds.matrixDiag_smk" name="simplest_ds.matrixDiag" time="0.00199999999995271"/>
    <testcase classname="ds.matrixDiag_smk" name="simplest_ds.matrixDiag" time="0.00100000000020373"/>
    <testcase classname="ds.matrixDiag_smk" name="simplest_ds.matrixDiag" time="0.518000000000029"/>
    <testcase classname="ds.matrixDiag_smk" name="simplest_ds.matrixDiag" time="0.00100000000020373"/>
    <testcase classname="ds.matrixDiag_smk" name="simplest_ds.matrixDiag" time="0.000999999999748979"/>
    <testcase classname="ds.matrixDiag_smk" name="simplest_ds.matrixDiag" time="0.00100000000020373"/>
  </testsuite>
  <testsuite errors="0" failures="0" hostname="fv-az14" name="ds.matrixDiag::smk" skipped="0" tests="7" time="1.315" timestamp="2020-10-27T19:16:40Z">
    <testcase classname="ds.matrixDiag_smk" name="simplest_ds.matrixDiag" time="0.786999999999807"/>
    <testcase classname="ds.matrixDiag_smk" name="simplest_ds.matrixDiag" time="0.00100000000020373"/>
    <testcase classname="ds.matrixDiag_smk" name="simplest_ds.matrixDiag" time="0.000999999999748979"/>
    <testcase classname="ds.matrixDiag_smk" name="simplest_ds.matrixDiag" time="0.521999999999935"/>
    <testcase classname="ds.matrixDiag_smk" name="simplest_ds.matrixDiag" time="0.00199999999995271"/>
    <testcase classname="ds.matrixDiag_smk" name="simplest_ds.matrixDiag" time="0.00100000000020373"/>
    <testcase classname="ds.matrixDiag_smk" name="simplest_ds.matrixDiag" time="0.00100000000020373"/>
  </testsuite>
  <testsuite errors="0" failures="0" hostname="fv-az14" name="ds.matrixDiag::smk::shutdown" skipped="0" tests="3" time="0.282" timestamp="2020-10-27T19:16:41Z">
    <testcase classname="ds.matrixDiag_smk_shutdown" name="shutdown" time="0.279999999999745"/>
    <testcase classname="ds.matrixDiag_smk_shutdown" name="shutdown" time="0.00100000000020373"/>
    <testcase classname="ds.matrixDiag_smk_shutdown" name="shutdown" time="0.000999999999748979"/>
  </testsuite>
  <testsuite errors="0" failures="0" hostname="fv-az14" name="ds.matrixDiag::smk::done" skipped="0" tests="0" time="0" timestamp="2020-10-27T19:16:42Z"/>
  <testsuite errors="0" failures="0" hostname="fv-az14" name="ds.matrixDimnames::smk::setup" skipped="0" tests="3" time="5.052" timestamp="2020-10-27T19:16:42Z">
    <testcase classname="ds.matrixDimnames_smk_setup" name="setup" time="5.05000000000018"/>
    <testcase classname="ds.matrixDimnames_smk_setup" name="setup" time="0.000999999999748979"/>
    <testcase classname="ds.matrixDimnames_smk_setup" name="setup" time="0.00100000000020373"/>
  </testsuite>
  <testsuite errors="0" failures="0" hostname="fv-az14" name="ds.matrixDimnames::smk" skipped="0" tests="7" time="2.125" timestamp="2020-10-27T19:16:47Z">
    <testcase classname="ds.matrixDimnames_smk" name="simplest_ds.matrixDimnames" time="1.60500000000002"/>
    <testcase classname="ds.matrixDimnames_smk" name="simplest_ds.matrixDimnames" time="0.000999999999748979"/>
    <testcase classname="ds.matrixDimnames_smk" name="simplest_ds.matrixDimnames" time="0.00199999999995271"/>
    <testcase classname="ds.matrixDimnames_smk" name="simplest_ds.matrixDimnames" time="0.514000000000124"/>
    <testcase classname="ds.matrixDimnames_smk" name="simplest_ds.matrixDimnames" time="0.00100000000020373"/>
    <testcase classname="ds.matrixDimnames_smk" name="simplest_ds.matrixDimnames" time="0.000999999999748979"/>
    <testcase classname="ds.matrixDimnames_smk" name="simplest_ds.matrixDimnames" time="0.00100000000020373"/>
  </testsuite>
  <testsuite errors="0" failures="0" hostname="fv-az14" name="ds.matrixDimnames::smk::shutdown" skipped="0" tests="3" time="0.271" timestamp="2020-10-27T19:16:49Z">
    <testcase classname="ds.matrixDimnames_smk_shutdown" name="shutdown" time="0.268999999999778"/>
    <testcase classname="ds.matrixDimnames_smk_shutdown" name="shutdown" time="0.00100000000020373"/>
    <testcase classname="ds.matrixDimnames_smk_shutdown" name="shutdown" time="0.000999999999748979"/>
  </testsuite>
  <testsuite errors="0" failures="0" hostname="fv-az14" name="ds.matrixDimnames::smk::done" skipped="0" tests="0" time="0" timestamp="2020-10-27T19:16:50Z"/>
  <testsuite errors="0" failures="0" hostname="fv-az14" name="ds.matrixInvert::smk::setup" skipped="0" tests="3" time="5.072" timestamp="2020-10-27T19:16:50Z">
    <testcase classname="ds.matrixInvert_smk_setup" name="setup" time="5.07000000000016"/>
    <testcase classname="ds.matrixInvert_smk_setup" name="setup" time="0.00100000000020373"/>
    <testcase classname="ds.matrixInvert_smk_setup" name="setup" time="0.000999999999748979"/>
  </testsuite>
  <testsuite errors="0" failures="0" hostname="fv-az14" name="ds.matrixInvert::smk" skipped="0" tests="7" time="2.145" timestamp="2020-10-27T19:16:54Z">
    <testcase classname="ds.matrixInvert_smk" name="simplest_ds.matrixInvert" time="1.61799999999994"/>
    <testcase classname="ds.matrixInvert_smk" name="simplest_ds.matrixInvert" time="0.00100000000020373"/>
    <testcase classname="ds.matrixInvert_smk" name="simplest_ds.matrixInvert" time="0.000999999999748979"/>
    <testcase classname="ds.matrixInvert_smk" name="simplest_ds.matrixInvert" time="0.521000000000186"/>
    <testcase classname="ds.matrixInvert_smk" name="simplest_ds.matrixInvert" time="0.00199999999995271"/>
    <testcase classname="ds.matrixInvert_smk" name="simplest_ds.matrixInvert" time="0.00100000000020373"/>
    <testcase classname="ds.matrixInvert_smk" name="simplest_ds.matrixInvert" time="0.000999999999748979"/>
  </testsuite>
  <testsuite errors="0" failures="0" hostname="fv-az14" name="ds.matrixInvert::smk::shutdown" skipped="0" tests="3" time="0.271" timestamp="2020-10-27T19:16:56Z">
    <testcase classname="ds.matrixInvert_smk_shutdown" name="shutdown" time="0.269000000000233"/>
    <testcase classname="ds.matrixInvert_smk_shutdown" name="shutdown" time="0.000999999999748979"/>
    <testcase classname="ds.matrixInvert_smk_shutdown" name="shutdown" time="0.00100000000020373"/>
  </testsuite>
  <testsuite errors="0" failures="0" hostname="fv-az14" name="ds.matrixInvert::smk::done" skipped="0" tests="0" time="0" timestamp="2020-10-27T19:16:57Z"/>
  <testsuite errors="0" failures="0" hostname="fv-az14" name="ds.matrixMult::smk::setup" skipped="0" tests="3" time="5.049" timestamp="2020-10-27T19:16:57Z">
    <testcase classname="ds.matrixMult_smk_setup" name="setup" time="5.04599999999982"/>
    <testcase classname="ds.matrixMult_smk_setup" name="setup" time="0.00199999999995271"/>
    <testcase classname="ds.matrixMult_smk_setup" name="setup" time="0.00100000000020373"/>
  </testsuite>
  <testsuite errors="0" failures="0" hostname="fv-az14" name="ds.matrixMult::smk" skipped="0" tests="7" time="2.899" timestamp="2020-10-27T19:17:02Z">
    <testcase classname="ds.matrixMult_smk" name="simplest_ds.matrixMult" time="2.37300000000005"/>
    <testcase classname="ds.matrixMult_smk" name="simplest_ds.matrixMult" time="0.000999999999748979"/>
    <testcase classname="ds.matrixMult_smk" name="simplest_ds.matrixMult" time="0.00100000000020373"/>
    <testcase classname="ds.matrixMult_smk" name="simplest_ds.matrixMult" time="0.519999999999982"/>
    <testcase classname="ds.matrixMult_smk" name="simplest_ds.matrixMult" time="0.00199999999995271"/>
    <testcase classname="ds.matrixMult_smk" name="simplest_ds.matrixMult" time="0.00100000000020373"/>
    <testcase classname="ds.matrixMult_smk" name="simplest_ds.matrixMult" time="0.000999999999748979"/>
  </testsuite>
  <testsuite errors="0" failures="0" hostname="fv-az14" name="ds.matrixMult::smk::shutdown" skipped="0" tests="3" time="0.278" timestamp="2020-10-27T19:17:05Z">
    <testcase classname="ds.matrixMult_smk_shutdown" name="shutdown" time="0.27599999999984"/>
    <testcase classname="ds.matrixMult_smk_shutdown" name="shutdown" time="0.00100000000020373"/>
    <testcase classname="ds.matrixMult_smk_shutdown" name="shutdown" time="0.00100000000020373"/>
  </testsuite>
  <testsuite errors="0" failures="0" hostname="fv-az14" name="ds.matrixMult::smk::done" skipped="0" tests="0" time="0" timestamp="2020-10-27T19:17:06Z"/>
  <testsuite errors="0" failures="0" hostname="fv-az14" name="ds.matrix::smk::setup" skipped="0" tests="3" time="5.05" timestamp="2020-10-27T19:17:06Z">
    <testcase classname="ds.matrix_smk_setup" name="setup" time="5.04799999999977"/>
    <testcase classname="ds.matrix_smk_setup" name="setup" time="0.00100000000020373"/>
    <testcase classname="ds.matrix_smk_setup" name="setup" time="0.000999999999748979"/>
  </testsuite>
  <testsuite errors="0" failures="0" hostname="fv-az14" name="ds.matrix::smk" skipped="0" tests="7" time="1.313" timestamp="2020-10-27T19:17:10Z">
    <testcase classname="ds.matrix_smk" name="simplest_ds.matrix" time="0.786000000000058"/>
    <testcase classname="ds.matrix_smk" name="simplest_ds.matrix" time="0.00100000000020373"/>
    <testcase classname="ds.matrix_smk" name="simplest_ds.matrix" time="0.000999999999748979"/>
    <testcase classname="ds.matrix_smk" name="simplest_ds.matrix" time="0.521999999999935"/>
    <testcase classname="ds.matrix_smk" name="simplest_ds.matrix" time="0.00100000000020373"/>
    <testcase classname="ds.matrix_smk" name="simplest_ds.matrix" time="0.000999999999748979"/>
    <testcase classname="ds.matrix_smk" name="simplest_ds.matrix" time="0.00100000000020373"/>
  </testsuite>
  <testsuite errors="0" failures="0" hostname="fv-az14" name="ds.matrix::smk::shutdown" skipped="0" tests="3" time="0.28" timestamp="2020-10-27T19:17:11Z">
    <testcase classname="ds.matrix_smk_shutdown" name="shutdown" time="0.277999999999793"/>
    <testcase classname="ds.matrix_smk_shutdown" name="shutdown" time="0.00100000000020373"/>
    <testcase classname="ds.matrix_smk_shutdown" name="shutdown" time="0.00100000000020373"/>
  </testsuite>
  <testsuite errors="0" failures="0" hostname="fv-az14" name="ds.matrix::smk::done" skipped="0" tests="0" time="0" timestamp="2020-10-27T19:17:12Z"/>
  <testsuite errors="0" failures="0" hostname="fv-az14" name="ds.matrixTranspose::smk::setup" skipped="0" tests="3" time="5.083" timestamp="2020-10-27T19:17:12Z">
    <testcase classname="ds.matrixTranspose_smk_setup" name="setup" time="5.08099999999968"/>
    <testcase classname="ds.matrixTranspose_smk_setup" name="setup" time="0.00100000000020373"/>
    <testcase classname="ds.matrixTranspose_smk_setup" name="setup" time="0.000999999999748979"/>
  </testsuite>
  <testsuite errors="0" failures="0" hostname="fv-az14" name="ds.matrixTranspose::smk" skipped="0" tests="7" time="2.115" timestamp="2020-10-27T19:17:17Z">
    <testcase classname="ds.matrixTranspose_smk" name="simplest_ds.matrixTranspose" time="1.5920000000001"/>
    <testcase classname="ds.matrixTranspose_smk" name="simplest_ds.matrixTranspose" time="0.00199999999995271"/>
    <testcase classname="ds.matrixTranspose_smk" name="simplest_ds.matrixTranspose" time="0.00100000000020373"/>
    <testcase classname="ds.matrixTranspose_smk" name="simplest_ds.matrixTranspose" time="0.516000000000076"/>
    <testcase classname="ds.matrixTranspose_smk" name="simplest_ds.matrixTranspose" time="0.00199999999995271"/>
    <testcase classname="ds.matrixTranspose_smk" name="simplest_ds.matrixTranspose" time="0.000999999999748979"/>
    <testcase classname="ds.matrixTranspose_smk" name="simplest_ds.matrixTranspose" time="0.00100000000020373"/>
  </testsuite>
  <testsuite errors="0" failures="0" hostname="fv-az14" name="ds.matrixTranspose::smk::shutdown" skipped="0" tests="3" time="0.272" timestamp="2020-10-27T19:17:19Z">
    <testcase classname="ds.matrixTranspose_smk_shutdown" name="shutdown" time="0.269999999999982"/>
    <testcase classname="ds.matrixTranspose_smk_shutdown" name="shutdown" time="0.000999999999748979"/>
    <testcase classname="ds.matrixTranspose_smk_shutdown" name="shutdown" time="0.00100000000020373"/>
  </testsuite>
  <testsuite errors="0" failures="0" hostname="fv-az14" name="ds.matrixTranspose::smk::done" skipped="0" tests="0" time="0" timestamp="2020-10-27T19:17:20Z"/>
  <testsuite errors="0" failures="0" hostname="fv-az14" name="ds.meanByClass::smk::setup" skipped="0" tests="3" time="5.089" timestamp="2020-10-27T19:17:20Z">
    <testcase classname="ds.meanByClass_smk_setup" name="setup" time="5.08699999999999"/>
    <testcase classname="ds.meanByClass_smk_setup" name="setup" time="0.00100000000020373"/>
    <testcase classname="ds.meanByClass_smk_setup" name="setup" time="0.000999999999748979"/>
  </testsuite>
  <testsuite errors="0" failures="0" hostname="fv-az14" name="ds.meanByClass::smk::LAB_TSC across PM_BMI_CATEGORICAL categories where both vectors are 'loose'" skipped="0" tests="7" time="9.384" timestamp="2020-10-27T19:17:24Z">
    <testcase classname="ds.meanByClass_smk_LAB_TSC_across_PM_BMI_CATEGORICAL_categories_where_both_vectors_are_loose_" name="LAB_TSC_across_" time="9.37699999999995"/>
    <testcase classname="ds.meanByClass_smk_LAB_TSC_across_PM_BMI_CATEGORICAL_categories_where_both_vectors_are_loose_" name="LAB_TSC_across_" time="0.00199999999995271"/>
    <testcase classname="ds.meanByClass_smk_LAB_TSC_across_PM_BMI_CATEGORICAL_categories_where_both_vectors_are_loose_" name="LAB_TSC_across_" time="0.00100000000020373"/>
    <testcase classname="ds.meanByClass_smk_LAB_TSC_across_PM_BMI_CATEGORICAL_categories_where_both_vectors_are_loose_" name="LAB_TSC_across_" time="0.000999999999748979"/>
    <testcase classname="ds.meanByClass_smk_LAB_TSC_across_PM_BMI_CATEGORICAL_categories_where_both_vectors_are_loose_" name="LAB_TSC_across_" time="0.00100000000020373"/>
    <testcase classname="ds.meanByClass_smk_LAB_TSC_across_PM_BMI_CATEGORICAL_categories_where_both_vectors_are_loose_" name="LAB_TSC_across_" time="0.00100000000020373"/>
    <testcase classname="ds.meanByClass_smk_LAB_TSC_across_PM_BMI_CATEGORICAL_categories_where_both_vectors_are_loose_" name="LAB_TSC_across_" time="0.000999999999748979"/>
  </testsuite>
  <testsuite errors="0" failures="0" hostname="fv-az14" name="ds.meanByClass::smk::calculate the mean proportion for LAB_HDL across PM_BMI_CATEGORICAL categories" skipped="0" tests="7" time="7.178" timestamp="2020-10-27T19:17:33Z">
    <testcase classname="ds.meanByClass_smk_calculate_the_mean_proportion_for_LAB_HDL_across_PM_BMI_CATEGORICAL_categories" name="LAB_HDL_across_PM_BMI_CATEGORICAL" time="7.17099999999982"/>
    <testcase classname="ds.meanByClass_smk_calculate_the_mean_proportion_for_LAB_HDL_across_PM_BMI_CATEGORICAL_categories" name="LAB_HDL_across_PM_BMI_CATEGORICAL" time="0.00100000000020373"/>
    <testcase classname="ds.meanByClass_smk_calculate_the_mean_proportion_for_LAB_HDL_across_PM_BMI_CATEGORICAL_categories" name="LAB_HDL_across_PM_BMI_CATEGORICAL" time="0.00100000000020373"/>
    <testcase classname="ds.meanByClass_smk_calculate_the_mean_proportion_for_LAB_HDL_across_PM_BMI_CATEGORICAL_categories" name="LAB_HDL_across_PM_BMI_CATEGORICAL" time="0.000999999999748979"/>
    <testcase classname="ds.meanByClass_smk_calculate_the_mean_proportion_for_LAB_HDL_across_PM_BMI_CATEGORICAL_categories" name="LAB_HDL_across_PM_BMI_CATEGORICAL" time="0.00199999999995271"/>
    <testcase classname="ds.meanByClass_smk_calculate_the_mean_proportion_for_LAB_HDL_across_PM_BMI_CATEGORICAL_categories" name="LAB_HDL_across_PM_BMI_CATEGORICAL" time="0.00100000000020373"/>
    <testcase classname="ds.meanByClass_smk_calculate_the_mean_proportion_for_LAB_HDL_across_PM_BMI_CATEGORICAL_categories" name="LAB_HDL_across_PM_BMI_CATEGORICAL" time="0.000999999999748979"/>
  </testsuite>
  <testsuite errors="0" failures="0" hostname="fv-az14" name="ds.meanByClass::smk::calculate the mean proportion for LAB_HDL &amp; LAB_TSC across bmi categories" skipped="0" tests="13" time="9.39" timestamp="2020-10-27T19:17:41Z">
    <testcase classname="ds.meanByClass_smk_calculate_the_mean_proportion_for_LAB_HDL_LAB_TSC_across_bmi_categories" name="LAB_HDL_LAB_TSC_across_PM_BMI_CATEGORICAL" time="9.3760000000002"/>
    <testcase classname="ds.meanByClass_smk_calculate_the_mean_proportion_for_LAB_HDL_LAB_TSC_across_bmi_categories" name="LAB_HDL_LAB_TSC_across_PM_BMI_CATEGORICAL" time="0.000999999999748979"/>
    <testcase classname="ds.meanByClass_smk_calculate_the_mean_proportion_for_LAB_HDL_LAB_TSC_across_bmi_categories" name="LAB_HDL_LAB_TSC_across_PM_BMI_CATEGORICAL" time="0.00100000000020373"/>
    <testcase classname="ds.meanByClass_smk_calculate_the_mean_proportion_for_LAB_HDL_LAB_TSC_across_bmi_categories" name="LAB_HDL_LAB_TSC_across_PM_BMI_CATEGORICAL" time="0.00199999999995271"/>
    <testcase classname="ds.meanByClass_smk_calculate_the_mean_proportion_for_LAB_HDL_LAB_TSC_across_bmi_categories" name="LAB_HDL_LAB_TSC_across_PM_BMI_CATEGORICAL" time="0.00100000000020373"/>
    <testcase classname="ds.meanByClass_smk_calculate_the_mean_proportion_for_LAB_HDL_LAB_TSC_across_bmi_categories" name="LAB_HDL_LAB_TSC_across_PM_BMI_CATEGORICAL" time="0.000999999999748979"/>
    <testcase classname="ds.meanByClass_smk_calculate_the_mean_proportion_for_LAB_HDL_LAB_TSC_across_bmi_categories" name="LAB_HDL_LAB_TSC_across_PM_BMI_CATEGORICAL" time="0.00100000000020373"/>
    <testcase classname="ds.meanByClass_smk_calculate_the_mean_proportion_for_LAB_HDL_LAB_TSC_across_bmi_categories" name="LAB_HDL_LAB_TSC_across_PM_BMI_CATEGORICAL" time="0.000999999999748979"/>
    <testcase classname="ds.meanByClass_smk_calculate_the_mean_proportion_for_LAB_HDL_LAB_TSC_across_bmi_categories" name="LAB_HDL_LAB_TSC_across_PM_BMI_CATEGORICAL" time="0.00100000000020373"/>
    <testcase classname="ds.meanByClass_smk_calculate_the_mean_proportion_for_LAB_HDL_LAB_TSC_across_bmi_categories" name="LAB_HDL_LAB_TSC_across_PM_BMI_CATEGORICAL" time="0.000999999999748979"/>
    <testcase classname="ds.meanByClass_smk_calculate_the_mean_proportion_for_LAB_HDL_LAB_TSC_across_bmi_categories" name="LAB_HDL_LAB_TSC_across_PM_BMI_CATEGORICAL" time="0.00200000000040745"/>
    <testcase classname="ds.meanByClass_smk_calculate_the_mean_proportion_for_LAB_HDL_LAB_TSC_across_bmi_categories" name="LAB_HDL_LAB_TSC_across_PM_BMI_CATEGORICAL" time="0.000999999999748979"/>
    <testcase classname="ds.meanByClass_smk_calculate_the_mean_proportion_for_LAB_HDL_LAB_TSC_across_bmi_categories" name="LAB_HDL_LAB_TSC_across_PM_BMI_CATEGORICAL" time="0.00100000000020373"/>
  </testsuite>
  <testsuite errors="0" failures="0" hostname="fv-az14" name="ds.meanByClass::smk::calculate the mean proportion for LAB_HDL across PM_BMI_CATEGORICAL categories, split" skipped="0" tests="22" time="11.067" timestamp="2020-10-27T19:17:50Z">
    <testcase classname="ds.meanByClass_smk_calculate_the_mean_proportion_for_LAB_HDL_across_PM_BMI_CATEGORICAL_categories_split" name="LAB_HDL_across_PM_BMI_CATEGORICAL" time="11.0409999999997"/>
    <testcase classname="ds.meanByClass_smk_calculate_the_mean_proportion_for_LAB_HDL_across_PM_BMI_CATEGORICAL_categories_split" name="LAB_HDL_across_PM_BMI_CATEGORICAL" time="0.00100000000020373"/>
    <testcase classname="ds.meanByClass_smk_calculate_the_mean_proportion_for_LAB_HDL_across_PM_BMI_CATEGORICAL_categories_split" name="LAB_HDL_across_PM_BMI_CATEGORICAL" time="0.00199999999995271"/>
    <testcase classname="ds.meanByClass_smk_calculate_the_mean_proportion_for_LAB_HDL_across_PM_BMI_CATEGORICAL_categories_split" name="LAB_HDL_across_PM_BMI_CATEGORICAL" time="0.000999999999748979"/>
    <testcase classname="ds.meanByClass_smk_calculate_the_mean_proportion_for_LAB_HDL_across_PM_BMI_CATEGORICAL_categories_split" name="LAB_HDL_across_PM_BMI_CATEGORICAL" time="0.00100000000020373"/>
    <testcase classname="ds.meanByClass_smk_calculate_the_mean_proportion_for_LAB_HDL_across_PM_BMI_CATEGORICAL_categories_split" name="LAB_HDL_across_PM_BMI_CATEGORICAL" time="0.00100000000020373"/>
    <testcase classname="ds.meanByClass_smk_calculate_the_mean_proportion_for_LAB_HDL_across_PM_BMI_CATEGORICAL_categories_split" name="LAB_HDL_across_PM_BMI_CATEGORICAL" time="0.000999999999748979"/>
    <testcase classname="ds.meanByClass_smk_calculate_the_mean_proportion_for_LAB_HDL_across_PM_BMI_CATEGORICAL_categories_split" name="LAB_HDL_across_PM_BMI_CATEGORICAL" time="0.00100000000020373"/>
    <testcase classname="ds.meanByClass_smk_calculate_the_mean_proportion_for_LAB_HDL_across_PM_BMI_CATEGORICAL_categories_split" name="LAB_HDL_across_PM_BMI_CATEGORICAL" time="0.000999999999748979"/>
    <testcase classname="ds.meanByClass_smk_calculate_the_mean_proportion_for_LAB_HDL_across_PM_BMI_CATEGORICAL_categories_split" name="LAB_HDL_across_PM_BMI_CATEGORICAL" time="0.00199999999995271"/>
    <testcase classname="ds.meanByClass_smk_calculate_the_mean_proportion_for_LAB_HDL_across_PM_BMI_CATEGORICAL_categories_split" name="LAB_HDL_across_PM_BMI_CATEGORICAL" time="0.00100000000020373"/>
    <testcase classname="ds.meanByClass_smk_calculate_the_mean_proportion_for_LAB_HDL_across_PM_BMI_CATEGORICAL_categories_split" name="LAB_HDL_across_PM_BMI_CATEGORICAL" time="0.000999999999748979"/>
    <testcase classname="ds.meanByClass_smk_calculate_the_mean_proportion_for_LAB_HDL_across_PM_BMI_CATEGORICAL_categories_split" name="LAB_HDL_across_PM_BMI_CATEGORICAL" time="0.00100000000020373"/>
    <testcase classname="ds.meanByClass_smk_calculate_the_mean_proportion_for_LAB_HDL_across_PM_BMI_CATEGORICAL_categories_split" name="LAB_HDL_across_PM_BMI_CATEGORICAL" time="0.00199999999995271"/>
    <testcase classname="ds.meanByClass_smk_calculate_the_mean_proportion_for_LAB_HDL_across_PM_BMI_CATEGORICAL_categories_split" name="LAB_HDL_across_PM_BMI_CATEGORICAL" time="0.00100000000020373"/>
    <testcase classname="ds.meanByClass_smk_calculate_the_mean_proportion_for_LAB_HDL_across_PM_BMI_CATEGORICAL_categories_split" name="LAB_HDL_across_PM_BMI_CATEGORICAL" time="0.000999999999748979"/>
    <testcase classname="ds.meanByClass_smk_calculate_the_mean_proportion_for_LAB_HDL_across_PM_BMI_CATEGORICAL_categories_split" name="LAB_HDL_across_PM_BMI_CATEGORICAL" time="0.00199999999995271"/>
    <testcase classname="ds.meanByClass_smk_calculate_the_mean_proportion_for_LAB_HDL_across_PM_BMI_CATEGORICAL_categories_split" name="LAB_HDL_across_PM_BMI_CATEGORICAL" time="0.00100000000020373"/>
    <testcase classname="ds.meanByClass_smk_calculate_the_mean_proportion_for_LAB_HDL_across_PM_BMI_CATEGORICAL_categories_split" name="LAB_HDL_across_PM_BMI_CATEGORICAL" time="0.000999999999748979"/>
    <testcase classname="ds.meanByClass_smk_calculate_the_mean_proportion_for_LAB_HDL_across_PM_BMI_CATEGORICAL_categories_split" name="LAB_HDL_across_PM_BMI_CATEGORICAL" time="0.00199999999995271"/>
    <testcase classname="ds.meanByClass_smk_calculate_the_mean_proportion_for_LAB_HDL_across_PM_BMI_CATEGORICAL_categories_split" name="LAB_HDL_across_PM_BMI_CATEGORICAL" time="0.00100000000020373"/>
    <testcase classname="ds.meanByClass_smk_calculate_the_mean_proportion_for_LAB_HDL_across_PM_BMI_CATEGORICAL_categories_split" name="LAB_HDL_across_PM_BMI_CATEGORICAL" time="0.00100000000020373"/>
  </testsuite>
  <testsuite errors="0" failures="0" hostname="fv-az14" name="ds.meanByClass::smk::shutdown" skipped="0" tests="3" time="0.272" timestamp="2020-10-27T19:18:01Z">
    <testcase classname="ds.meanByClass_smk_shutdown" name="shutdown" time="0.269999999999982"/>
    <testcase classname="ds.meanByClass_smk_shutdown" name="shutdown" time="0.000999999999748979"/>
    <testcase classname="ds.meanByClass_smk_shutdown" name="shutdown" time="0.00100000000020373"/>
  </testsuite>
  <testsuite errors="0" failures="0" hostname="fv-az14" name="ds.meanByClass::smk::done" skipped="0" tests="0" time="0" timestamp="2020-10-27T19:18:02Z"/>
  <testsuite errors="0" failures="0" hostname="fv-az14" name="ds.mean::smk::setup" skipped="0" tests="3" time="5.058" timestamp="2020-10-27T19:18:02Z">
    <testcase classname="ds.mean_smk_setup" name="setup" time="5.05600000000004"/>
    <testcase classname="ds.mean_smk_setup" name="setup" time="0.000999999999748979"/>
    <testcase classname="ds.mean_smk_setup" name="setup" time="0.00100000000020373"/>
  </testsuite>
  <testsuite errors="0" failures="0" hostname="fv-az14" name="ds.mean::smk::type=combine" skipped="0" tests="23" time="1.606" timestamp="2020-10-27T19:18:06Z">
    <testcase classname="ds.mean_smk_type_combine" name="mean_values_combine_" time="1.31399999999985"/>
    <testcase classname="ds.mean_smk_type_combine" name="mean_values_combine_" time="0.00100000000020373"/>
    <testcase classname="ds.mean_smk_type_combine" name="mean_values_combine_" time="0.00199999999995271"/>
    <testcase classname="ds.mean_smk_type_combine" name="mean_values_combine_" time="0.000999999999748979"/>
    <testcase classname="ds.mean_smk_type_combine" name="mean_values_combine_" time="0.00800000000026557"/>
    <testcase classname="ds.mean_smk_type_combine" name="mean_values_combine_" time="0.00199999999995271"/>
    <testcase classname="ds.mean_smk_type_combine" name="mean_values_combine_" time="0.000999999999748979"/>
    <testcase classname="ds.mean_smk_type_combine" name="mean_values_combine_" time="0.00100000000020373"/>
    <testcase classname="ds.mean_smk_type_combine" name="mean_values_combine_" time="0.000999999999748979"/>
    <testcase classname="ds.mean_smk_type_combine" name="mean_values_combine_" time="0.00100000000020373"/>
    <testcase classname="ds.mean_smk_type_combine" name="mean_values_combine_" time="0.00100000000020373"/>
    <testcase classname="ds.mean_smk_type_combine" name="mean_values_combine_" time="0.259999999999764"/>
    <testcase classname="ds.mean_smk_type_combine" name="mean_values_combine_" time="0.00100000000020373"/>
    <testcase classname="ds.mean_smk_type_combine" name="mean_values_combine_" time="0.000999999999748979"/>
    <testcase classname="ds.mean_smk_type_combine" name="mean_values_combine_" time="0.00100000000020373"/>
    <testcase classname="ds.mean_smk_type_combine" name="mean_values_combine_" time="0.000999999999748979"/>
    <testcase classname="ds.mean_smk_type_combine" name="mean_values_combine_" time="0.00199999999995271"/>
    <testcase classname="ds.mean_smk_type_combine" name="mean_values_combine_" time="0.00100000000020373"/>
    <testcase classname="ds.mean_smk_type_combine" name="mean_values_combine_" time="0.00100000000020373"/>
    <testcase classname="ds.mean_smk_type_combine" name="mean_values_combine_" time="0.000999999999748979"/>
    <testcase classname="ds.mean_smk_type_combine" name="mean_values_combine_" time="0.00199999999995271"/>
    <testcase classname="ds.mean_smk_type_combine" name="mean_values_combine_" time="0.00100000000020373"/>
    <testcase classname="ds.mean_smk_type_combine" name="mean_values_combine_" time="0.000999999999748979"/>
  </testsuite>
  <testsuite errors="0" failures="0" hostname="fv-az14" name="ds.mean::smk::type=split" skipped="0" tests="31" time="1.62" timestamp="2020-10-27T19:18:08Z">
    <testcase classname="ds.mean_smk_type_split" name="mean_values_split_" time="1.31500000000005"/>
    <testcase classname="ds.mean_smk_type_split" name="mean_values_split_" time="0.00100000000020373"/>
    <testcase classname="ds.mean_smk_type_split" name="mean_values_split_" time="0.000999999999748979"/>
    <testcase classname="ds.mean_smk_type_split" name="mean_values_split_" time="0.00100000000020373"/>
    <testcase classname="ds.mean_smk_type_split" name="mean_values_split_" time="0.000999999999748979"/>
    <testcase classname="ds.mean_smk_type_split" name="mean_values_split_" time="0.00199999999995271"/>
    <testcase classname="ds.mean_smk_type_split" name="mean_values_split_" time="0.00100000000020373"/>
    <testcase classname="ds.mean_smk_type_split" name="mean_values_split_" time="0.00100000000020373"/>
    <testcase classname="ds.mean_smk_type_split" name="mean_values_split_" time="0.000999999999748979"/>
    <testcase classname="ds.mean_smk_type_split" name="mean_values_split_" time="0.00100000000020373"/>
    <testcase classname="ds.mean_smk_type_split" name="mean_values_split_" time="0.00199999999995271"/>
    <testcase classname="ds.mean_smk_type_split" name="mean_values_split_" time="0.000999999999748979"/>
    <testcase classname="ds.mean_smk_type_split" name="mean_values_split_" time="0.00100000000020373"/>
    <testcase classname="ds.mean_smk_type_split" name="mean_values_split_" time="0.000999999999748979"/>
    <testcase classname="ds.mean_smk_type_split" name="mean_values_split_" time="0.00100000000020373"/>
    <testcase classname="ds.mean_smk_type_split" name="mean_values_split_" time="0.000999999999748979"/>
    <testcase classname="ds.mean_smk_type_split" name="mean_values_split_" time="0.00100000000020373"/>
    <testcase classname="ds.mean_smk_type_split" name="mean_values_split_" time="0.00199999999995271"/>
    <testcase classname="ds.mean_smk_type_split" name="mean_values_split_" time="0.000999999999748979"/>
    <testcase classname="ds.mean_smk_type_split" name="mean_values_split_" time="0.262000000000171"/>
    <testcase classname="ds.mean_smk_type_split" name="mean_values_split_" time="0.00199999999995271"/>
    <testcase classname="ds.mean_smk_type_split" name="mean_values_split_" time="0.00100000000020373"/>
    <testcase classname="ds.mean_smk_type_split" name="mean_values_split_" time="0.00199999999995271"/>
    <testcase classname="ds.mean_smk_type_split" name="mean_values_split_" time="0.00799999999981083"/>
    <testcase classname="ds.mean_smk_type_split" name="mean_values_split_" time="0.00100000000020373"/>
    <testcase classname="ds.mean_smk_type_split" name="mean_values_split_" time="0.00199999999995271"/>
    <testcase classname="ds.mean_smk_type_split" name="mean_values_split_" time="0.000999999999748979"/>
    <testcase classname="ds.mean_smk_type_split" name="mean_values_split_" time="0.00100000000020373"/>
    <testcase classname="ds.mean_smk_type_split" name="mean_values_split_" time="0.00199999999995271"/>
    <testcase classname="ds.mean_smk_type_split" name="mean_values_split_" time="0.00100000000020373"/>
    <testcase classname="ds.mean_smk_type_split" name="mean_values_split_" time="0.000999999999748979"/>
  </testsuite>
  <testsuite errors="0" failures="0" hostname="fv-az14" name="ds.mean::smk::type=both" skipped="0" tests="36" time="1.605" timestamp="2020-10-27T19:18:10Z">
    <testcase classname="ds.mean_smk_type_both" name="mean_values_both_" time="1.30200000000013"/>
    <testcase classname="ds.mean_smk_type_both" name="mean_values_both_" time="0.00199999999995271"/>
    <testcase classname="ds.mean_smk_type_both" name="mean_values_both_" time="0.000999999999748979"/>
    <testcase classname="ds.mean_smk_type_both" name="mean_values_both_" time="0.00100000000020373"/>
    <testcase classname="ds.mean_smk_type_both" name="mean_values_both_" time="0.00100000000020373"/>
    <testcase classname="ds.mean_smk_type_both" name="mean_values_both_" time="0.000999999999748979"/>
    <testcase classname="ds.mean_smk_type_both" name="mean_values_both_" time="0.00100000000020373"/>
    <testcase classname="ds.mean_smk_type_both" name="mean_values_both_" time="0.00199999999995271"/>
    <testcase classname="ds.mean_smk_type_both" name="mean_values_both_" time="0.000999999999748979"/>
    <testcase classname="ds.mean_smk_type_both" name="mean_values_both_" time="0.00100000000020373"/>
    <testcase classname="ds.mean_smk_type_both" name="mean_values_both_" time="0.000999999999748979"/>
    <testcase classname="ds.mean_smk_type_both" name="mean_values_both_" time="0.00100000000020373"/>
    <testcase classname="ds.mean_smk_type_both" name="mean_values_both_" time="0.00199999999995271"/>
    <testcase classname="ds.mean_smk_type_both" name="mean_values_both_" time="0.00100000000020373"/>
    <testcase classname="ds.mean_smk_type_both" name="mean_values_both_" time="0.000999999999748979"/>
    <testcase classname="ds.mean_smk_type_both" name="mean_values_both_" time="0.00100000000020373"/>
    <testcase classname="ds.mean_smk_type_both" name="mean_values_both_" time="0.00199999999995271"/>
    <testcase classname="ds.mean_smk_type_both" name="mean_values_both_" time="0.000999999999748979"/>
    <testcase classname="ds.mean_smk_type_both" name="mean_values_both_" time="0.00100000000020373"/>
    <testcase classname="ds.mean_smk_type_both" name="mean_values_both_" time="0.00199999999995271"/>
    <testcase classname="ds.mean_smk_type_both" name="mean_values_both_" time="0.00100000000020373"/>
    <testcase classname="ds.mean_smk_type_both" name="mean_values_both_" time="0.000999999999748979"/>
    <testcase classname="ds.mean_smk_type_both" name="mean_values_both_" time="0.00199999999995271"/>
    <testcase classname="ds.mean_smk_type_both" name="mean_values_both_" time="0.00100000000020373"/>
    <testcase classname="ds.mean_smk_type_both" name="mean_values_both_" time="0.257999999999811"/>
    <testcase classname="ds.mean_smk_type_both" name="mean_values_both_" time="0.00199999999995271"/>
    <testcase classname="ds.mean_smk_type_both" name="mean_values_both_" time="0.00100000000020373"/>
    <testcase classname="ds.mean_smk_type_both" name="mean_values_both_" time="0.00199999999995271"/>
    <testcase classname="ds.mean_smk_type_both" name="mean_values_both_" time="0.00100000000020373"/>
    <testcase classname="ds.mean_smk_type_both" name="mean_values_both_" time="0.00199999999995271"/>
    <testcase classname="ds.mean_smk_type_both" name="mean_values_both_" time="0.000999999999748979"/>
    <testcase classname="ds.mean_smk_type_both" name="mean_values_both_" time="0.00199999999995271"/>
    <testcase classname="ds.mean_smk_type_both" name="mean_values_both_" time="0.00100000000020373"/>
    <testcase classname="ds.mean_smk_type_both" name="mean_values_both_" time="0.000999999999748979"/>
    <testcase classname="ds.mean_smk_type_both" name="mean_values_both_" time="0.00199999999995271"/>
    <testcase classname="ds.mean_smk_type_both" name="mean_values_both_" time="0.00100000000020373"/>
  </testsuite>
  <testsuite errors="0" failures="0" hostname="fv-az14" name="ds.mean::smk::type=combine,save.mean.Nvalid=TRUE" skipped="0" tests="23" time="3.78" timestamp="2020-10-27T19:18:11Z">
    <testcase classname="ds.mean_smk_type_combine_save.mean.Nvalid_TRUE" name="mean_values_combine_" time="3.49699999999984"/>
    <testcase classname="ds.mean_smk_type_combine_save.mean.Nvalid_TRUE" name="mean_values_combine_" time="0.00100000000020373"/>
    <testcase classname="ds.mean_smk_type_combine_save.mean.Nvalid_TRUE" name="mean_values_combine_" time="0.000999999999748979"/>
    <testcase classname="ds.mean_smk_type_combine_save.mean.Nvalid_TRUE" name="mean_values_combine_" time="0.00100000000020373"/>
    <testcase classname="ds.mean_smk_type_combine_save.mean.Nvalid_TRUE" name="mean_values_combine_" time="0.00100000000020373"/>
    <testcase classname="ds.mean_smk_type_combine_save.mean.Nvalid_TRUE" name="mean_values_combine_" time="0.000999999999748979"/>
    <testcase classname="ds.mean_smk_type_combine_save.mean.Nvalid_TRUE" name="mean_values_combine_" time="0.00100000000020373"/>
    <testcase classname="ds.mean_smk_type_combine_save.mean.Nvalid_TRUE" name="mean_values_combine_" time="0.000999999999748979"/>
    <testcase classname="ds.mean_smk_type_combine_save.mean.Nvalid_TRUE" name="mean_values_combine_" time="0.000999999999748979"/>
    <testcase classname="ds.mean_smk_type_combine_save.mean.Nvalid_TRUE" name="mean_values_combine_" time="0.00100000000020373"/>
    <testcase classname="ds.mean_smk_type_combine_save.mean.Nvalid_TRUE" name="mean_values_combine_" time="0.000999999999748979"/>
    <testcase classname="ds.mean_smk_type_combine_save.mean.Nvalid_TRUE" name="mean_values_combine_" time="0.260000000000218"/>
    <testcase classname="ds.mean_smk_type_combine_save.mean.Nvalid_TRUE" name="mean_values_combine_" time="0.00199999999995271"/>
    <testcase classname="ds.mean_smk_type_combine_save.mean.Nvalid_TRUE" name="mean_values_combine_" time="0.00100000000020373"/>
    <testcase classname="ds.mean_smk_type_combine_save.mean.Nvalid_TRUE" name="mean_values_combine_" time="0.000999999999748979"/>
    <testcase classname="ds.mean_smk_type_combine_save.mean.Nvalid_TRUE" name="mean_values_combine_" time="0.00100000000020373"/>
    <testcase classname="ds.mean_smk_type_combine_save.mean.Nvalid_TRUE" name="mean_values_combine_" time="0.000999999999748979"/>
    <testcase classname="ds.mean_smk_type_combine_save.mean.Nvalid_TRUE" name="mean_values_combine_" time="0.000999999999748979"/>
    <testcase classname="ds.mean_smk_type_combine_save.mean.Nvalid_TRUE" name="mean_values_combine_" time="0.00100000000020373"/>
    <testcase classname="ds.mean_smk_type_combine_save.mean.Nvalid_TRUE" name="mean_values_combine_" time="0.000999999999748979"/>
    <testcase classname="ds.mean_smk_type_combine_save.mean.Nvalid_TRUE" name="mean_values_combine_" time="0.00100000000020373"/>
    <testcase classname="ds.mean_smk_type_combine_save.mean.Nvalid_TRUE" name="mean_values_combine_" time="0.00199999999995271"/>
    <testcase classname="ds.mean_smk_type_combine_save.mean.Nvalid_TRUE" name="mean_values_combine_" time="0.00100000000020373"/>
  </testsuite>
  <testsuite errors="0" failures="0" hostname="fv-az14" name="ds.mean::smk::type=split,save.mean.Nvalid=TRUE" skipped="0" tests="31" time="3.806" timestamp="2020-10-27T19:18:15Z">
    <testcase classname="ds.mean_smk_type_split_save.mean.Nvalid_TRUE" name="mean_values_split_" time="3.50700000000006"/>
    <testcase classname="ds.mean_smk_type_split_save.mean.Nvalid_TRUE" name="mean_values_split_" time="0.000999999999748979"/>
    <testcase classname="ds.mean_smk_type_split_save.mean.Nvalid_TRUE" name="mean_values_split_" time="0.00199999999995271"/>
    <testcase classname="ds.mean_smk_type_split_save.mean.Nvalid_TRUE" name="mean_values_split_" time="0.00100000000020373"/>
    <testcase classname="ds.mean_smk_type_split_save.mean.Nvalid_TRUE" name="mean_values_split_" time="0.000999999999748979"/>
    <testcase classname="ds.mean_smk_type_split_save.mean.Nvalid_TRUE" name="mean_values_split_" time="0.00100000000020373"/>
    <testcase classname="ds.mean_smk_type_split_save.mean.Nvalid_TRUE" name="mean_values_split_" time="0.000999999999748979"/>
    <testcase classname="ds.mean_smk_type_split_save.mean.Nvalid_TRUE" name="mean_values_split_" time="0.00100000000020373"/>
    <testcase classname="ds.mean_smk_type_split_save.mean.Nvalid_TRUE" name="mean_values_split_" time="0.00199999999995271"/>
    <testcase classname="ds.mean_smk_type_split_save.mean.Nvalid_TRUE" name="mean_values_split_" time="0.00100000000020373"/>
    <testcase classname="ds.mean_smk_type_split_save.mean.Nvalid_TRUE" name="mean_values_split_" time="0.000999999999748979"/>
    <testcase classname="ds.mean_smk_type_split_save.mean.Nvalid_TRUE" name="mean_values_split_" time="0.00100000000020373"/>
    <testcase classname="ds.mean_smk_type_split_save.mean.Nvalid_TRUE" name="mean_values_split_" time="0.000999999999748979"/>
    <testcase classname="ds.mean_smk_type_split_save.mean.Nvalid_TRUE" name="mean_values_split_" time="0.00199999999995271"/>
    <testcase classname="ds.mean_smk_type_split_save.mean.Nvalid_TRUE" name="mean_values_split_" time="0.00100000000020373"/>
    <testcase classname="ds.mean_smk_type_split_save.mean.Nvalid_TRUE" name="mean_values_split_" time="0.000999999999748979"/>
    <testcase classname="ds.mean_smk_type_split_save.mean.Nvalid_TRUE" name="mean_values_split_" time="0.00100000000020373"/>
    <testcase classname="ds.mean_smk_type_split_save.mean.Nvalid_TRUE" name="mean_values_split_" time="0.00199999999995271"/>
    <testcase classname="ds.mean_smk_type_split_save.mean.Nvalid_TRUE" name="mean_values_split_" time="0.00100000000020373"/>
    <testcase classname="ds.mean_smk_type_split_save.mean.Nvalid_TRUE" name="mean_values_split_" time="0.261999999999716"/>
    <testcase classname="ds.mean_smk_type_split_save.mean.Nvalid_TRUE" name="mean_values_split_" time="0.00100000000020373"/>
    <testcase classname="ds.mean_smk_type_split_save.mean.Nvalid_TRUE" name="mean_values_split_" time="0.00199999999995271"/>
    <testcase classname="ds.mean_smk_type_split_save.mean.Nvalid_TRUE" name="mean_values_split_" time="0.00100000000020373"/>
    <testcase classname="ds.mean_smk_type_split_save.mean.Nvalid_TRUE" name="mean_values_split_" time="0.000999999999748979"/>
    <testcase classname="ds.mean_smk_type_split_save.mean.Nvalid_TRUE" name="mean_values_split_" time="0.00199999999995271"/>
    <testcase classname="ds.mean_smk_type_split_save.mean.Nvalid_TRUE" name="mean_values_split_" time="0.00100000000020373"/>
    <testcase classname="ds.mean_smk_type_split_save.mean.Nvalid_TRUE" name="mean_values_split_" time="0.000999999999748979"/>
    <testcase classname="ds.mean_smk_type_split_save.mean.Nvalid_TRUE" name="mean_values_split_" time="0.00199999999995271"/>
    <testcase classname="ds.mean_smk_type_split_save.mean.Nvalid_TRUE" name="mean_values_split_" time="0.00100000000020373"/>
    <testcase classname="ds.mean_smk_type_split_save.mean.Nvalid_TRUE" name="mean_values_split_" time="0.000999999999748979"/>
    <testcase classname="ds.mean_smk_type_split_save.mean.Nvalid_TRUE" name="mean_values_split_" time="0.00200000000040745"/>
  </testsuite>
  <testsuite errors="0" failures="0" hostname="fv-az14" name="ds.mean::smk::type=both,save.mean.Nvalid=TRUE" skipped="0" tests="36" time="2.752" timestamp="2020-10-27T19:18:19Z">
    <testcase classname="ds.mean_smk_type_both_save.mean.Nvalid_TRUE" name="mean_values_both_" time="2.44699999999966"/>
    <testcase classname="ds.mean_smk_type_both_save.mean.Nvalid_TRUE" name="mean_values_both_" time="0.00199999999995271"/>
    <testcase classname="ds.mean_smk_type_both_save.mean.Nvalid_TRUE" name="mean_values_both_" time="0.00100000000020373"/>
    <testcase classname="ds.mean_smk_type_both_save.mean.Nvalid_TRUE" name="mean_values_both_" time="0.00100000000020373"/>
    <testcase classname="ds.mean_smk_type_both_save.mean.Nvalid_TRUE" name="mean_values_both_" time="0.000999999999748979"/>
    <testcase classname="ds.mean_smk_type_both_save.mean.Nvalid_TRUE" name="mean_values_both_" time="0.00100000000020373"/>
    <testcase classname="ds.mean_smk_type_both_save.mean.Nvalid_TRUE" name="mean_values_both_" time="0.000999999999748979"/>
    <testcase classname="ds.mean_smk_type_both_save.mean.Nvalid_TRUE" name="mean_values_both_" time="0.00199999999995271"/>
    <testcase classname="ds.mean_smk_type_both_save.mean.Nvalid_TRUE" name="mean_values_both_" time="0.00100000000020373"/>
    <testcase classname="ds.mean_smk_type_both_save.mean.Nvalid_TRUE" name="mean_values_both_" time="0.000999999999748979"/>
    <testcase classname="ds.mean_smk_type_both_save.mean.Nvalid_TRUE" name="mean_values_both_" time="0.00100000000020373"/>
    <testcase classname="ds.mean_smk_type_both_save.mean.Nvalid_TRUE" name="mean_values_both_" time="0.00199999999995271"/>
    <testcase classname="ds.mean_smk_type_both_save.mean.Nvalid_TRUE" name="mean_values_both_" time="0.00100000000020373"/>
    <testcase classname="ds.mean_smk_type_both_save.mean.Nvalid_TRUE" name="mean_values_both_" time="0.000999999999748979"/>
    <testcase classname="ds.mean_smk_type_both_save.mean.Nvalid_TRUE" name="mean_values_both_" time="0.00100000000020373"/>
    <testcase classname="ds.mean_smk_type_both_save.mean.Nvalid_TRUE" name="mean_values_both_" time="0.00199999999995271"/>
    <testcase classname="ds.mean_smk_type_both_save.mean.Nvalid_TRUE" name="mean_values_both_" time="0.000999999999748979"/>
    <testcase classname="ds.mean_smk_type_both_save.mean.Nvalid_TRUE" name="mean_values_both_" time="0.00100000000020373"/>
    <testcase classname="ds.mean_smk_type_both_save.mean.Nvalid_TRUE" name="mean_values_both_" time="0.00199999999995271"/>
    <testcase classname="ds.mean_smk_type_both_save.mean.Nvalid_TRUE" name="mean_values_both_" time="0.00100000000020373"/>
    <testcase classname="ds.mean_smk_type_both_save.mean.Nvalid_TRUE" name="mean_values_both_" time="0.000999999999748979"/>
    <testcase classname="ds.mean_smk_type_both_save.mean.Nvalid_TRUE" name="mean_values_both_" time="0.00100000000020373"/>
    <testcase classname="ds.mean_smk_type_both_save.mean.Nvalid_TRUE" name="mean_values_both_" time="0.00199999999995271"/>
    <testcase classname="ds.mean_smk_type_both_save.mean.Nvalid_TRUE" name="mean_values_both_" time="0.000999999999748979"/>
    <testcase classname="ds.mean_smk_type_both_save.mean.Nvalid_TRUE" name="mean_values_both_" time="0.260999999999967"/>
    <testcase classname="ds.mean_smk_type_both_save.mean.Nvalid_TRUE" name="mean_values_both_" time="0.00100000000020373"/>
    <testcase classname="ds.mean_smk_type_both_save.mean.Nvalid_TRUE" name="mean_values_both_" time="0.00199999999995271"/>
    <testcase classname="ds.mean_smk_type_both_save.mean.Nvalid_TRUE" name="mean_values_both_" time="0.00100000000020373"/>
    <testcase classname="ds.mean_smk_type_both_save.mean.Nvalid_TRUE" name="mean_values_both_" time="0.000999999999748979"/>
    <testcase classname="ds.mean_smk_type_both_save.mean.Nvalid_TRUE" name="mean_values_both_" time="0.00199999999995271"/>
    <testcase classname="ds.mean_smk_type_both_save.mean.Nvalid_TRUE" name="mean_values_both_" time="0.00100000000020373"/>
    <testcase classname="ds.mean_smk_type_both_save.mean.Nvalid_TRUE" name="mean_values_both_" time="0.000999999999748979"/>
    <testcase classname="ds.mean_smk_type_both_save.mean.Nvalid_TRUE" name="mean_values_both_" time="0.00199999999995271"/>
    <testcase classname="ds.mean_smk_type_both_save.mean.Nvalid_TRUE" name="mean_values_both_" time="0.00100000000020373"/>
    <testcase classname="ds.mean_smk_type_both_save.mean.Nvalid_TRUE" name="mean_values_both_" time="0.00199999999995271"/>
    <testcase classname="ds.mean_smk_type_both_save.mean.Nvalid_TRUE" name="mean_values_both_" time="0.00100000000020373"/>
  </testsuite>
  <testsuite errors="0" failures="0" hostname="fv-az14" name="ds.mean::smk::shutdown" skipped="0" tests="3" time="0.275" timestamp="2020-10-27T19:18:22Z">
    <testcase classname="ds.mean_smk_shutdown" name="shutdown" time="0.271999999999935"/>
    <testcase classname="ds.mean_smk_shutdown" name="shutdown" time="0.000999999999748979"/>
    <testcase classname="ds.mean_smk_shutdown" name="shutdown" time="0.00200000000040745"/>
  </testsuite>
  <testsuite errors="0" failures="0" hostname="fv-az14" name="ds.mean::smk::done" skipped="0" tests="0" time="0" timestamp="2020-10-27T19:18:23Z"/>
  <testsuite errors="0" failures="0" hostname="fv-az14" name="ds.meanSdGp::smk::setup" skipped="0" tests="3" time="5.045" timestamp="2020-10-27T19:18:23Z">
    <testcase classname="ds.meanSdGp_smk_setup" name="setup" time="5.04199999999992"/>
    <testcase classname="ds.meanSdGp_smk_setup" name="setup" time="0.000999999999748979"/>
    <testcase classname="ds.meanSdGp_smk_setup" name="setup" time="0.00199999999995271"/>
  </testsuite>
  <testsuite errors="0" failures="0" hostname="fv-az14" name="ds.meanSdGp::smk::type=split" skipped="0" tests="8" time="0.431" timestamp="2020-10-27T19:18:27Z">
    <testcase classname="ds.meanSdGp_smk_type_split" name="meanSdGp_values_split_" time="0.423000000000229"/>
    <testcase classname="ds.meanSdGp_smk_type_split" name="meanSdGp_values_split_" time="0.00199999999995271"/>
    <testcase classname="ds.meanSdGp_smk_type_split" name="meanSdGp_values_split_" time="0.000999999999748979"/>
    <testcase classname="ds.meanSdGp_smk_type_split" name="meanSdGp_values_split_" time="0.00100000000020373"/>
    <testcase classname="ds.meanSdGp_smk_type_split" name="meanSdGp_values_split_" time="0.00100000000020373"/>
    <testcase classname="ds.meanSdGp_smk_type_split" name="meanSdGp_values_split_" time="0.000999999999748979"/>
    <testcase classname="ds.meanSdGp_smk_type_split" name="meanSdGp_values_split_" time="0.00100000000020373"/>
    <testcase classname="ds.meanSdGp_smk_type_split" name="meanSdGp_values_split_" time="0.000999999999748979"/>
  </testsuite>
  <testsuite errors="0" failures="0" hostname="fv-az14" name="ds.meanSdGp::smk::type=combine" skipped="0" tests="8" time="0.278" timestamp="2020-10-27T19:18:27Z">
    <testcase classname="ds.meanSdGp_smk_type_combine" name="meanSdGp_values_combine_" time="0.269999999999982"/>
    <testcase classname="ds.meanSdGp_smk_type_combine" name="meanSdGp_values_combine_" time="0.00199999999995271"/>
    <testcase classname="ds.meanSdGp_smk_type_combine" name="meanSdGp_values_combine_" time="0.00100000000020373"/>
    <testcase classname="ds.meanSdGp_smk_type_combine" name="meanSdGp_values_combine_" time="0.00100000000020373"/>
    <testcase classname="ds.meanSdGp_smk_type_combine" name="meanSdGp_values_combine_" time="0.000999999999748979"/>
    <testcase classname="ds.meanSdGp_smk_type_combine" name="meanSdGp_values_combine_" time="0.00100000000020373"/>
    <testcase classname="ds.meanSdGp_smk_type_combine" name="meanSdGp_values_combine_" time="0.000999999999748979"/>
    <testcase classname="ds.meanSdGp_smk_type_combine" name="meanSdGp_values_combine_" time="0.00100000000020373"/>
  </testsuite>
  <testsuite errors="0" failures="0" hostname="fv-az14" name="ds.meanSdGp::smk::type=both" skipped="0" tests="8" time="0.281" timestamp="2020-10-27T19:18:28Z">
    <testcase classname="ds.meanSdGp_smk_type_both" name="meanSdGp_values_both_" time="0.273999999999887"/>
    <testcase classname="ds.meanSdGp_smk_type_both" name="meanSdGp_values_both_" time="0.00100000000020373"/>
    <testcase classname="ds.meanSdGp_smk_type_both" name="meanSdGp_values_both_" time="0.000999999999748979"/>
    <testcase classname="ds.meanSdGp_smk_type_both" name="meanSdGp_values_both_" time="0.00100000000020373"/>
    <testcase classname="ds.meanSdGp_smk_type_both" name="meanSdGp_values_both_" time="0.000999999999748979"/>
    <testcase classname="ds.meanSdGp_smk_type_both" name="meanSdGp_values_both_" time="0.00100000000020373"/>
    <testcase classname="ds.meanSdGp_smk_type_both" name="meanSdGp_values_both_" time="0.000999999999748979"/>
    <testcase classname="ds.meanSdGp_smk_type_both" name="meanSdGp_values_both_" time="0.00100000000020373"/>
  </testsuite>
  <testsuite errors="0" failures="0" hostname="fv-az14" name="ds.meanSdGp::smk::shutdown" skipped="0" tests="3" time="0.273" timestamp="2020-10-27T19:18:28Z">
    <testcase classname="ds.meanSdGp_smk_shutdown" name="shutdown" time="0.270999999999731"/>
    <testcase classname="ds.meanSdGp_smk_shutdown" name="shutdown" time="0.00100000000020373"/>
    <testcase classname="ds.meanSdGp_smk_shutdown" name="shutdown" time="0.00100000000020373"/>
  </testsuite>
  <testsuite errors="0" failures="0" hostname="fv-az14" name="ds.meanSdGp::smk::done" skipped="0" tests="0" time="0" timestamp="2020-10-27T19:18:29Z"/>
  <testsuite errors="0" failures="0" hostname="fv-az14" name="ds.merge::smk::setup" skipped="0" tests="3" time="5.109" timestamp="2020-10-27T19:18:29Z">
    <testcase classname="ds.merge_smk_setup" name="setup" time="5.10699999999997"/>
    <testcase classname="ds.merge_smk_setup" name="setup" time="0.000999999999748979"/>
    <testcase classname="ds.merge_smk_setup" name="setup" time="0.00100000000020373"/>
  </testsuite>
  <testsuite errors="0" failures="0" hostname="fv-az14" name="ds.merge::smk" skipped="0" tests="7" time="7.624" timestamp="2020-10-27T19:18:33Z">
    <testcase classname="ds.merge_smk" name="simple_test" time="7.08899999999994"/>
    <testcase classname="ds.merge_smk" name="simple_test" time="0.000999999999748979"/>
    <testcase classname="ds.merge_smk" name="simple_test" time="0.00199999999995271"/>
    <testcase classname="ds.merge_smk" name="simple_test" time="0.528000000000247"/>
    <testcase classname="ds.merge_smk" name="simple_test" time="0.00199999999995271"/>
    <testcase classname="ds.merge_smk" name="simple_test" time="0.00100000000020373"/>
    <testcase classname="ds.merge_smk" name="simple_test" time="0.000999999999748979"/>
  </testsuite>
  <testsuite errors="0" failures="0" hostname="fv-az14" name="ds.merge::smk::shutdown" skipped="0" tests="3" time="0.27" timestamp="2020-10-27T19:18:41Z">
    <testcase classname="ds.merge_smk_shutdown" name="shutdown" time="0.268000000000029"/>
    <testcase classname="ds.merge_smk_shutdown" name="shutdown" time="0.00100000000020373"/>
    <testcase classname="ds.merge_smk_shutdown" name="shutdown" time="0.000999999999748979"/>
  </testsuite>
  <testsuite errors="0" failures="0" hostname="fv-az14" name="ds.merge::smk::done" skipped="0" tests="0" time="0" timestamp="2020-10-27T19:18:42Z"/>
  <testsuite errors="0" failures="0" hostname="fv-az14" name="ds.message::smk::setup" skipped="0" tests="3" time="5.053" timestamp="2020-10-27T19:18:42Z">
    <testcase classname="ds.message_smk_setup" name="setup" time="5.05099999999993"/>
    <testcase classname="ds.message_smk_setup" name="setup" time="0.00100000000020373"/>
    <testcase classname="ds.message_smk_setup" name="setup" time="0.000999999999748979"/>
  </testsuite>
  <testsuite errors="0" failures="0" hostname="fv-az14" name="ds.message::smk" skipped="0" tests="20" time="6.903" timestamp="2020-10-27T19:18:46Z">
    <testcase classname="ds.message_smk" name="not_exists_request_message" time="0.269999999999982"/>
    <testcase classname="ds.message_smk" name="not_exists_request_message" time="0.00100000000020373"/>
    <testcase classname="ds.message_smk" name="not_exists_request_message" time="0.00100000000020373"/>
    <testcase classname="ds.message_smk" name="not_exists_request_message" time="0.000999999999748979"/>
    <testcase classname="ds.message_smk" name="exists_request_message" time="1.72000000000025"/>
    <testcase classname="ds.message_smk" name="exists_request_message" time="0.000999999999748979"/>
    <testcase classname="ds.message_smk" name="exists_request_message" time="0.00100000000020373"/>
    <testcase classname="ds.message_smk" name="exists_request_message" time="0.000999999999748979"/>
    <testcase classname="ds.message_smk" name="partial_request_message_conn_1" time="1.46000000000004"/>
    <testcase classname="ds.message_smk" name="partial_request_message_conn_1" time="0.00100000000020373"/>
    <testcase classname="ds.message_smk" name="partial_request_message_conn_1" time="0.000999999999748979"/>
    <testcase classname="ds.message_smk" name="partial_request_message_conn_1" time="0.00100000000020373"/>
    <testcase classname="ds.message_smk" name="partial_request_message_conn_2" time="1.7199999999998"/>
    <testcase classname="ds.message_smk" name="partial_request_message_conn_2" time="0.00100000000020373"/>
    <testcase classname="ds.message_smk" name="partial_request_message_conn_2" time="0.00199999999995271"/>
    <testcase classname="ds.message_smk" name="partial_request_message_conn_2" time="0.000999999999748979"/>
    <testcase classname="ds.message_smk" name="partial_request_message_conn_3" time="1.71600000000035"/>
    <testcase classname="ds.message_smk" name="partial_request_message_conn_3" time="0.00199999999995271"/>
    <testcase classname="ds.message_smk" name="partial_request_message_conn_3" time="0.000999999999748979"/>
    <testcase classname="ds.message_smk" name="partial_request_message_conn_3" time="0.00100000000020373"/>
  </testsuite>
  <testsuite errors="0" failures="0" hostname="fv-az14" name="ds.message::smk::shutdown" skipped="0" tests="3" time="0.534" timestamp="2020-10-27T19:18:53Z">
    <testcase classname="ds.message_smk_shutdown" name="shutdown" time="0.532000000000153"/>
    <testcase classname="ds.message_smk_shutdown" name="shutdown" time="0.000999999999748979"/>
    <testcase classname="ds.message_smk_shutdown" name="shutdown" time="0.00100000000020373"/>
  </testsuite>
  <testsuite errors="0" failures="0" hostname="fv-az14" name="ds.message::smk::done" skipped="0" tests="0" time="0" timestamp="2020-10-27T19:18:54Z"/>
  <testsuite errors="0" failures="0" hostname="fv-az14" name="ds.names::smk::setup" skipped="0" tests="3" time="5.113" timestamp="2020-10-27T19:18:54Z">
    <testcase classname="ds.names_smk_setup" name="setup" time="5.11099999999988"/>
    <testcase classname="ds.names_smk_setup" name="setup" time="0.000999999999748979"/>
    <testcase classname="ds.names_smk_setup" name="setup" time="0.00100000000020373"/>
  </testsuite>
  <testsuite errors="0" failures="0" hostname="fv-az14" name="ds.names::smk" skipped="0" tests="10" time="2.668" timestamp="2020-10-27T19:18:59Z">
    <testcase classname="ds.names_smk" name="level_names" time="2.6579999999999"/>
    <testcase classname="ds.names_smk" name="level_names" time="0.00199999999995271"/>
    <testcase classname="ds.names_smk" name="level_names" time="0.00100000000020373"/>
    <testcase classname="ds.names_smk" name="level_names" time="0.000999999999748979"/>
    <testcase classname="ds.names_smk" name="level_names" time="0.00100000000020373"/>
    <testcase classname="ds.names_smk" name="level_names" time="0.00100000000020373"/>
    <testcase classname="ds.names_smk" name="level_names" time="0.000999999999748979"/>
    <testcase classname="ds.names_smk" name="level_names" time="0.00100000000020373"/>
    <testcase classname="ds.names_smk" name="level_names" time="0.000999999999748979"/>
    <testcase classname="ds.names_smk" name="level_names" time="0.00100000000020373"/>
  </testsuite>
  <testsuite errors="0" failures="0" hostname="fv-az14" name="ds.names::smk::shutdown" skipped="0" tests="3" time="0.273" timestamp="2020-10-27T19:19:01Z">
    <testcase classname="ds.names_smk_shutdown" name="shutdown" time="0.270999999999731"/>
    <testcase classname="ds.names_smk_shutdown" name="shutdown" time="0.00100000000020373"/>
    <testcase classname="ds.names_smk_shutdown" name="shutdown" time="0.000999999999748979"/>
  </testsuite>
  <testsuite errors="0" failures="0" hostname="fv-az14" name="ds.names::smk::done" skipped="0" tests="0" time="0" timestamp="2020-10-27T19:19:02Z"/>
  <testsuite errors="0" failures="0" hostname="fv-az14" name="ds.numNA::smk::setup" skipped="0" tests="3" time="5.107" timestamp="2020-10-27T19:19:02Z">
    <testcase classname="ds.numNA_smk_setup" name="setup" time="5.10400000000027"/>
    <testcase classname="ds.numNA_smk_setup" name="setup" time="0.00199999999995271"/>
    <testcase classname="ds.numNA_smk_setup" name="setup" time="0.00100000000020373"/>
  </testsuite>
  <testsuite errors="0" failures="0" hostname="fv-az14" name="ds.numNA::smk" skipped="0" tests="12" time="1.594" timestamp="2020-10-27T19:19:07Z">
    <testcase classname="ds.numNA_smk" name="simple_numNA" time="0.543999999999869"/>
    <testcase classname="ds.numNA_smk" name="simple_numNA" time="0.000999999999748979"/>
    <testcase classname="ds.numNA_smk" name="simple_numNA" time="0.00100000000020373"/>
    <testcase classname="ds.numNA_smk" name="simple_numNA" time="0.000999999999748979"/>
    <testcase classname="ds.numNA_smk" name="simple_numNA" time="0.516999999999825"/>
    <testcase classname="ds.numNA_smk" name="simple_numNA" time="0.00100000000020373"/>
    <testcase classname="ds.numNA_smk" name="simple_numNA" time="0.00199999999995271"/>
    <testcase classname="ds.numNA_smk" name="simple_numNA" time="0.00100000000020373"/>
    <testcase classname="ds.numNA_smk" name="simple_numNA" time="0.521999999999935"/>
    <testcase classname="ds.numNA_smk" name="simple_numNA" time="0.000999999999748979"/>
    <testcase classname="ds.numNA_smk" name="simple_numNA" time="0.00100000000020373"/>
    <testcase classname="ds.numNA_smk" name="simple_numNA" time="0.00199999999995271"/>
  </testsuite>
  <testsuite errors="0" failures="0" hostname="fv-az14" name="ds.numNA::smk::shutdown" skipped="0" tests="3" time="0.27" timestamp="2020-10-27T19:19:08Z">
    <testcase classname="ds.numNA_smk_shutdown" name="shutdown" time="0.268000000000029"/>
    <testcase classname="ds.numNA_smk_shutdown" name="shutdown" time="0.000999999999748979"/>
    <testcase classname="ds.numNA_smk_shutdown" name="shutdown" time="0.00100000000020373"/>
  </testsuite>
  <testsuite errors="0" failures="0" hostname="fv-az14" name="ds.numNA::smk::done" skipped="0" tests="0" time="0" timestamp="2020-10-27T19:19:09Z"/>
  <testsuite errors="0" failures="0" hostname="fv-az14" name="ds.quantileMean::smk::setup" skipped="0" tests="3" time="5.078" timestamp="2020-10-27T19:19:09Z">
    <testcase classname="ds.quantileMean_smk_setup" name="setup" time="5.07499999999982"/>
    <testcase classname="ds.quantileMean_smk_setup" name="setup" time="0.00100000000020373"/>
    <testcase classname="ds.quantileMean_smk_setup" name="setup" time="0.00199999999995271"/>
  </testsuite>
  <testsuite errors="0" failures="0" hostname="fv-az14" name="ds.quantileMean::smk::standard" skipped="0" tests="9" time="1.741" timestamp="2020-10-27T19:19:14Z">
    <testcase classname="ds.quantileMean_smk_standard" name="quantileMean" time="1.73100000000022"/>
    <testcase classname="ds.quantileMean_smk_standard" name="quantileMean" time="0.00199999999995271"/>
    <testcase classname="ds.quantileMean_smk_standard" name="quantileMean" time="0.000999999999748979"/>
    <testcase classname="ds.quantileMean_smk_standard" name="quantileMean" time="0.00100000000020373"/>
    <testcase classname="ds.quantileMean_smk_standard" name="quantileMean" time="0.000999999999748979"/>
    <testcase classname="ds.quantileMean_smk_standard" name="quantileMean" time="0.00100000000020373"/>
    <testcase classname="ds.quantileMean_smk_standard" name="quantileMean" time="0.00199999999995271"/>
    <testcase classname="ds.quantileMean_smk_standard" name="quantileMean" time="0.00100000000020373"/>
    <testcase classname="ds.quantileMean_smk_standard" name="quantileMean" time="0.000999999999748979"/>
  </testsuite>
  <testsuite errors="0" failures="0" hostname="fv-az14" name="ds.quantileMean::smk::split" skipped="0" tests="28" time="2.283" timestamp="2020-10-27T19:19:16Z">
    <testcase classname="ds.quantileMean_smk_split" name="quantileMean_split" time="2.24900000000025"/>
    <testcase classname="ds.quantileMean_smk_split" name="quantileMean_split" time="0.000999999999748979"/>
    <testcase classname="ds.quantileMean_smk_split" name="quantileMean_split" time="0.00100000000020373"/>
    <testcase classname="ds.quantileMean_smk_split" name="quantileMean_split" time="0.000999999999748979"/>
    <testcase classname="ds.quantileMean_smk_split" name="quantileMean_split" time="0.00100000000020373"/>
    <testcase classname="ds.quantileMean_smk_split" name="quantileMean_split" time="0.00199999999995271"/>
    <testcase classname="ds.quantileMean_smk_split" name="quantileMean_split" time="0.000999999999748979"/>
    <testcase classname="ds.quantileMean_smk_split" name="quantileMean_split" time="0.00100000000020373"/>
    <testcase classname="ds.quantileMean_smk_split" name="quantileMean_split" time="0.00100000000020373"/>
    <testcase classname="ds.quantileMean_smk_split" name="quantileMean_split" time="0.000999999999748979"/>
    <testcase classname="ds.quantileMean_smk_split" name="quantileMean_split" time="0.00100000000020373"/>
    <testcase classname="ds.quantileMean_smk_split" name="quantileMean_split" time="0.00199999999995271"/>
    <testcase classname="ds.quantileMean_smk_split" name="quantileMean_split" time="0.000999999999748979"/>
    <testcase classname="ds.quantileMean_smk_split" name="quantileMean_split" time="0.00100000000020373"/>
    <testcase classname="ds.quantileMean_smk_split" name="quantileMean_split" time="0.000999999999748979"/>
    <testcase classname="ds.quantileMean_smk_split" name="quantileMean_split" time="0.00199999999995271"/>
    <testcase classname="ds.quantileMean_smk_split" name="quantileMean_split" time="0.00100000000020373"/>
    <testcase classname="ds.quantileMean_smk_split" name="quantileMean_split" time="0.00100000000020373"/>
    <testcase classname="ds.quantileMean_smk_split" name="quantileMean_split" time="0.000999999999748979"/>
    <testcase classname="ds.quantileMean_smk_split" name="quantileMean_split" time="0.00199999999995271"/>
    <testcase classname="ds.quantileMean_smk_split" name="quantileMean_split" time="0.00100000000020373"/>
    <testcase classname="ds.quantileMean_smk_split" name="quantileMean_split" time="0.000999999999748979"/>
    <testcase classname="ds.quantileMean_smk_split" name="quantileMean_split" time="0.00199999999995271"/>
    <testcase classname="ds.quantileMean_smk_split" name="quantileMean_split" time="0.00100000000020373"/>
    <testcase classname="ds.quantileMean_smk_split" name="quantileMean_split" time="0.00100000000020373"/>
    <testcase classname="ds.quantileMean_smk_split" name="quantileMean_split" time="0.00199999999995271"/>
    <testcase classname="ds.quantileMean_smk_split" name="quantileMean_split" time="0.000999999999748979"/>
    <testcase classname="ds.quantileMean_smk_split" name="quantileMean_split" time="0.00199999999995271"/>
  </testsuite>
  <testsuite errors="0" failures="0" hostname="fv-az14" name="ds.quantileMean::smk::shutdown" skipped="0" tests="3" time="0.283" timestamp="2020-10-27T19:19:18Z">
    <testcase classname="ds.quantileMean_smk_shutdown" name="shutdown" time="0.280999999999949"/>
    <testcase classname="ds.quantileMean_smk_shutdown" name="shutdown" time="0.00100000000020373"/>
    <testcase classname="ds.quantileMean_smk_shutdown" name="shutdown" time="0.00100000000020373"/>
  </testsuite>
  <testsuite errors="0" failures="0" hostname="fv-az14" name="ds.quantileMean::smk::done" skipped="0" tests="0" time="0" timestamp="2020-10-27T19:19:19Z"/>
  <testsuite errors="0" failures="0" hostname="fv-az14" name="ds.rbind::smk::setup" skipped="0" tests="3" time="5.071" timestamp="2020-10-27T19:19:19Z">
    <testcase classname="ds.rbind_smk_setup" name="setup" time="5.06799999999976"/>
    <testcase classname="ds.rbind_smk_setup" name="setup" time="0.00199999999995271"/>
    <testcase classname="ds.rbind_smk_setup" name="setup" time="0.00100000000020373"/>
  </testsuite>
  <testsuite errors="0" failures="0" hostname="fv-az14" name="ds.rbind::smk" skipped="0" tests="5" time="2.467" timestamp="2020-10-27T19:19:23Z">
    <testcase classname="ds.rbind_smk" name="simple_test" time="1.93599999999969"/>
    <testcase classname="ds.rbind_smk" name="simple_test" time="0.00100000000020373"/>
    <testcase classname="ds.rbind_smk" name="simple_test" time="0.527000000000044"/>
    <testcase classname="ds.rbind_smk" name="simple_test" time="0.00199999999995271"/>
    <testcase classname="ds.rbind_smk" name="simple_test" time="0.00100000000020373"/>
  </testsuite>
  <testsuite errors="0" failures="0" hostname="fv-az14" name="ds.rbind::smk::shutdown" skipped="0" tests="3" time="0.283" timestamp="2020-10-27T19:19:26Z">
    <testcase classname="ds.rbind_smk_shutdown" name="shutdown" time="0.280999999999949"/>
    <testcase classname="ds.rbind_smk_shutdown" name="shutdown" time="0.000999999999748979"/>
    <testcase classname="ds.rbind_smk_shutdown" name="shutdown" time="0.00100000000020373"/>
  </testsuite>
  <testsuite errors="0" failures="0" hostname="fv-az14" name="ds.rbind::smk::done" skipped="0" tests="0" time="0" timestamp="2020-10-27T19:19:27Z"/>
  <testsuite errors="0" failures="0" hostname="fv-az14" name="ds.rBinom::smk::setup" skipped="0" tests="3" time="5.083" timestamp="2020-10-27T19:19:27Z">
    <testcase classname="ds.rBinom_smk_setup" name="setup" time="5.07999999999993"/>
    <testcase classname="ds.rBinom_smk_setup" name="setup" time="0.00199999999995271"/>
    <testcase classname="ds.rBinom_smk_setup" name="setup" time="0.00100000000020373"/>
  </testsuite>
  <testsuite errors="0" failures="0" hostname="fv-az14" name="ds.rBinom::smk::simple test" skipped="0" tests="11" time="2.033" timestamp="2020-10-27T19:19:31Z">
    <testcase classname="ds.rBinom_smk_simple_test" name="simple_test" time="2.02199999999993"/>
    <testcase classname="ds.rBinom_smk_simple_test" name="simple_test" time="0.000999999999748979"/>
    <testcase classname="ds.rBinom_smk_simple_test" name="simple_test" time="0.00100000000020373"/>
    <testcase classname="ds.rBinom_smk_simple_test" name="simple_test" time="0.000999999999748979"/>
    <testcase classname="ds.rBinom_smk_simple_test" name="simple_test" time="0.00100000000020373"/>
    <testcase classname="ds.rBinom_smk_simple_test" name="simple_test" time="0.000999999999748979"/>
    <testcase classname="ds.rBinom_smk_simple_test" name="simple_test" time="0.00200000000040745"/>
    <testcase classname="ds.rBinom_smk_simple_test" name="simple_test" time="0.000999999999748979"/>
    <testcase classname="ds.rBinom_smk_simple_test" name="simple_test" time="0.00100000000020373"/>
    <testcase classname="ds.rBinom_smk_simple_test" name="simple_test" time="0.000999999999748979"/>
    <testcase classname="ds.rBinom_smk_simple_test" name="simple_test" time="0.00100000000020373"/>
  </testsuite>
  <testsuite errors="0" failures="0" hostname="fv-az14" name="ds.rBinom::smk::shutdown" skipped="0" tests="3" time="0.278" timestamp="2020-10-27T19:19:33Z">
    <testcase classname="ds.rBinom_smk_shutdown" name="shutdown" time="0.275000000000091"/>
    <testcase classname="ds.rBinom_smk_shutdown" name="shutdown" time="0.00199999999995271"/>
    <testcase classname="ds.rBinom_smk_shutdown" name="shutdown" time="0.000999999999748979"/>
  </testsuite>
  <testsuite errors="0" failures="0" hostname="fv-az14" name="ds.rBinom::smk::done" skipped="0" tests="0" time="0" timestamp="2020-10-27T19:19:34Z"/>
  <testsuite errors="0" failures="0" hostname="fv-az14" name="ds.recodeLevels::smk::setup" skipped="0" tests="3" time="5.085" timestamp="2020-10-27T19:19:34Z">
    <testcase classname="ds.recodeLevels_smk_setup" name="setup" time="5.08300000000008"/>
    <testcase classname="ds.recodeLevels_smk_setup" name="setup" time="0.00100000000020373"/>
    <testcase classname="ds.recodeLevels_smk_setup" name="setup" time="0.000999999999748979"/>
  </testsuite>
  <testsuite errors="0" failures="0" hostname="fv-az14" name="ds.recodeLevels::smk" skipped="0" tests="7" time="2.923" timestamp="2020-10-27T19:19:38Z">
    <testcase classname="ds.recodeLevels_smk" name="new_levels" time="2.91699999999992"/>
    <testcase classname="ds.recodeLevels_smk" name="new_levels" time="0.00100000000020373"/>
    <testcase classname="ds.recodeLevels_smk" name="new_levels" time="0.000999999999748979"/>
    <testcase classname="ds.recodeLevels_smk" name="new_levels" time="0.00100000000020373"/>
    <testcase classname="ds.recodeLevels_smk" name="new_levels" time="0.00100000000020373"/>
    <testcase classname="ds.recodeLevels_smk" name="new_levels" time="0.00100000000020373"/>
    <testcase classname="ds.recodeLevels_smk" name="new_levels" time="0.000999999999748979"/>
  </testsuite>
  <testsuite errors="0" failures="0" hostname="fv-az14" name="ds.recodeLevels::smk::no connections or newobj" skipped="0" tests="7" time="2.929" timestamp="2020-10-27T19:19:41Z">
    <testcase classname="ds.recodeLevels_smk_no_connections_or_newobj" name="new_levels_auto" time="2.92300000000023"/>
    <testcase classname="ds.recodeLevels_smk_no_connections_or_newobj" name="new_levels_auto" time="0.000999999999748979"/>
    <testcase classname="ds.recodeLevels_smk_no_connections_or_newobj" name="new_levels_auto" time="0.00100000000020373"/>
    <testcase classname="ds.recodeLevels_smk_no_connections_or_newobj" name="new_levels_auto" time="0.000999999999748979"/>
    <testcase classname="ds.recodeLevels_smk_no_connections_or_newobj" name="new_levels_auto" time="0.00100000000020373"/>
    <testcase classname="ds.recodeLevels_smk_no_connections_or_newobj" name="new_levels_auto" time="0.000999999999748979"/>
    <testcase classname="ds.recodeLevels_smk_no_connections_or_newobj" name="new_levels_auto" time="0.00100000000020373"/>
  </testsuite>
  <testsuite errors="0" failures="0" hostname="fv-az14" name="ds.recodeLevels::smk::shutdown" skipped="0" tests="3" time="0.276" timestamp="2020-10-27T19:19:44Z">
    <testcase classname="ds.recodeLevels_smk_shutdown" name="shutdown" time="0.273999999999887"/>
    <testcase classname="ds.recodeLevels_smk_shutdown" name="shutdown" time="0.00100000000020373"/>
    <testcase classname="ds.recodeLevels_smk_shutdown" name="shutdown" time="0.000999999999748979"/>
  </testsuite>
  <testsuite errors="0" failures="0" hostname="fv-az14" name="ds.recodeLevels::smk::done" skipped="0" tests="0" time="0" timestamp="2020-10-27T19:19:45Z"/>
  <testsuite errors="0" failures="0" hostname="fv-az14" name="ds.recodeValues::smk::setup" skipped="0" tests="3" time="5.099" timestamp="2020-10-27T19:19:45Z">
    <testcase classname="ds.recodeValues_smk_setup" name="setup" time="5.09700000000021"/>
    <testcase classname="ds.recodeValues_smk_setup" name="setup" time="0.000999999999748979"/>
    <testcase classname="ds.recodeValues_smk_setup" name="setup" time="0.00100000000020373"/>
  </testsuite>
  <testsuite errors="0" failures="0" hostname="fv-az14" name="ds.recodeValues::smk" skipped="0" tests="7" time="1.613" timestamp="2020-10-27T19:19:50Z">
    <testcase classname="ds.recodeValues_smk" name="simple_test" time="1.08199999999988"/>
    <testcase classname="ds.recodeValues_smk" name="simple_test" time="0.00199999999995271"/>
    <testcase classname="ds.recodeValues_smk" name="simple_test" time="0.00100000000020373"/>
    <testcase classname="ds.recodeValues_smk" name="simple_test" time="0.523999999999887"/>
    <testcase classname="ds.recodeValues_smk" name="simple_test" time="0.00199999999995271"/>
    <testcase classname="ds.recodeValues_smk" name="simple_test" time="0.00100000000020373"/>
    <testcase classname="ds.recodeValues_smk" name="simple_test" time="0.000999999999748979"/>
  </testsuite>
  <testsuite errors="0" failures="0" hostname="fv-az14" name="ds.recodeValues::smk::shutdown" skipped="0" tests="3" time="0.275" timestamp="2020-10-27T19:19:51Z">
    <testcase classname="ds.recodeValues_smk_shutdown" name="shutdown" time="0.273000000000138"/>
    <testcase classname="ds.recodeValues_smk_shutdown" name="shutdown" time="0.00100000000020373"/>
    <testcase classname="ds.recodeValues_smk_shutdown" name="shutdown" time="0.000999999999748979"/>
  </testsuite>
  <testsuite errors="0" failures="0" hostname="fv-az14" name="ds.recodeValues::smk::done" skipped="0" tests="0" time="0" timestamp="2020-10-27T19:19:52Z"/>
  <testsuite errors="0" failures="0" hostname="fv-az14" name="ds.rep::smk::complex setup" skipped="0" tests="3" time="5.085" timestamp="2020-10-27T19:19:52Z">
    <testcase classname="ds.rep_smk_complex_setup" name="setup" time="5.08300000000008"/>
    <testcase classname="ds.rep_smk_complex_setup" name="setup" time="0.00100000000020373"/>
    <testcase classname="ds.rep_smk_complex_setup" name="setup" time="0.000999999999748979"/>
  </testsuite>
  <testsuite errors="0" failures="0" hostname="fv-az14" name="ds.rep::smk::complex" skipped="0" tests="6" time="1.673" timestamp="2020-10-27T19:19:57Z">
    <testcase classname="ds.rep_smk_complex" name="complex_test" time="0.889000000000124"/>
    <testcase classname="ds.rep_smk_complex" name="complex_test" time="0.000999999999748979"/>
    <testcase classname="ds.rep_smk_complex" name="complex_test" time="0.00100000000020373"/>
    <testcase classname="ds.rep_smk_complex" name="complex_test" time="0.778999999999996"/>
    <testcase classname="ds.rep_smk_complex" name="complex_test" time="0.00199999999995271"/>
    <testcase classname="ds.rep_smk_complex" name="complex_test" time="0.00100000000020373"/>
  </testsuite>
  <testsuite errors="0" failures="0" hostname="fv-az14" name="ds.rep::smk::complex shutdown" skipped="0" tests="3" time="0.278" timestamp="2020-10-27T19:19:58Z">
    <testcase classname="ds.rep_smk_complex_shutdown" name="shutdown" time="0.27599999999984"/>
    <testcase classname="ds.rep_smk_complex_shutdown" name="shutdown" time="0.000999999999748979"/>
    <testcase classname="ds.rep_smk_complex_shutdown" name="shutdown" time="0.00100000000020373"/>
  </testsuite>
  <testsuite errors="0" failures="0" hostname="fv-az14" name="ds.rep::smk::complex done" skipped="0" tests="0" time="0" timestamp="2020-10-27T19:19:59Z"/>
  <testsuite errors="0" failures="0" hostname="fv-az14" name="ds.replaceNA::smk::setup" skipped="0" tests="3" time="5.111" timestamp="2020-10-27T19:19:59Z">
    <testcase classname="ds.replaceNA_smk_setup" name="setup" time="5.10899999999992"/>
    <testcase classname="ds.replaceNA_smk_setup" name="setup" time="0.00100000000020373"/>
    <testcase classname="ds.replaceNA_smk_setup" name="setup" time="0.000999999999748979"/>
  </testsuite>
  <testsuite errors="0" failures="0" hostname="fv-az14" name="ds.replaceNA::smk" skipped="0" tests="3" time="9.186" timestamp="2020-10-27T19:20:04Z">
    <testcase classname="ds.replaceNA_smk" name="simple_replaceNA" time="3.07400000000007"/>
    <testcase classname="ds.replaceNA_smk" name="simple_replaceNA" time="3.05500000000029"/>
    <testcase classname="ds.replaceNA_smk" name="simple_replaceNA" time="3.05699999999979"/>
  </testsuite>
  <testsuite errors="0" failures="0" hostname="fv-az14" name="ds.replaceNA::smk::shutdown" skipped="0" tests="3" time="0.275" timestamp="2020-10-27T19:20:13Z">
    <testcase classname="ds.replaceNA_smk_shutdown" name="setup" time="0.273000000000138"/>
    <testcase classname="ds.replaceNA_smk_shutdown" name="setup" time="0.000999999999748979"/>
    <testcase classname="ds.replaceNA_smk_shutdown" name="setup" time="0.00100000000020373"/>
  </testsuite>
  <testsuite errors="0" failures="0" hostname="fv-az14" name="ds.replaceNA::smk::done" skipped="0" tests="0" time="0" timestamp="2020-10-27T19:20:14Z"/>
  <testsuite errors="0" failures="0" hostname="fv-az14" name="ds.rep::smk::setup" skipped="0" tests="3" time="5.096" timestamp="2020-10-27T19:20:14Z">
    <testcase classname="ds.rep_smk_setup" name="setup" time="5.09400000000005"/>
    <testcase classname="ds.rep_smk_setup" name="setup" time="0.000999999999748979"/>
    <testcase classname="ds.rep_smk_setup" name="setup" time="0.00100000000020373"/>
  </testsuite>
  <testsuite errors="0" failures="0" hostname="fv-az14" name="ds.rep::smk" skipped="0" tests="3" time="0.796" timestamp="2020-10-27T19:20:18Z">
    <testcase classname="ds.rep_smk" name="simple_test" time="0.793999999999869"/>
    <testcase classname="ds.rep_smk" name="simple_test" time="0.00100000000020373"/>
    <testcase classname="ds.rep_smk" name="simple_test" time="0.000999999999748979"/>
  </testsuite>
  <testsuite errors="0" failures="0" hostname="fv-az14" name="ds.rep::smk::shutdown" skipped="0" tests="3" time="0.273" timestamp="2020-10-27T19:20:19Z">
    <testcase classname="ds.rep_smk_shutdown" name="shutdown" time="0.269999999999982"/>
    <testcase classname="ds.rep_smk_shutdown" name="shutdown" time="0.00100000000020373"/>
    <testcase classname="ds.rep_smk_shutdown" name="shutdown" time="0.00199999999995271"/>
  </testsuite>
  <testsuite errors="0" failures="0" hostname="fv-az14" name="ds.rep::smk::done" skipped="0" tests="0" time="0" timestamp="2020-10-27T19:20:20Z"/>
  <testsuite errors="0" failures="0" hostname="fv-az14" name="ds.reShape::smk::setup" skipped="0" tests="3" time="5.116" timestamp="2020-10-27T19:20:20Z">
    <testcase classname="ds.reShape_smk_setup" name="setup" time="5.11400000000003"/>
    <testcase classname="ds.reShape_smk_setup" name="setup" time="0.000999999999748979"/>
    <testcase classname="ds.reShape_smk_setup" name="setup" time="0.00100000000020373"/>
  </testsuite>
  <testsuite errors="0" failures="0" hostname="fv-az14" name="ds.reShape::smk" skipped="0" tests="3" time="0.918" timestamp="2020-10-27T19:20:24Z">
    <testcase classname="ds.reShape_smk" name="simplest_ds.reShape_wide" time="0.916000000000167"/>
    <testcase classname="ds.reShape_smk" name="simplest_ds.reShape_wide" time="0.000999999999748979"/>
    <testcase classname="ds.reShape_smk" name="simplest_ds.reShape_wide" time="0.00100000000020373"/>
  </testsuite>
  <testsuite errors="0" failures="0" hostname="fv-az14" name="ds.reShape::smk::shutdown" skipped="0" tests="3" time="0.275" timestamp="2020-10-27T19:20:25Z">
    <testcase classname="ds.reShape_smk_shutdown" name="shutdown" time="0.271999999999935"/>
    <testcase classname="ds.reShape_smk_shutdown" name="shutdown" time="0.00199999999995271"/>
    <testcase classname="ds.reShape_smk_shutdown" name="shutdown" time="0.000999999999748979"/>
  </testsuite>
  <testsuite errors="0" failures="0" hostname="fv-az14" name="ds.reShape::smk::done" skipped="0" tests="0" time="0" timestamp="2020-10-27T19:20:26Z"/>
  <testsuite errors="0" failures="0" hostname="fv-az14" name="ds.rm::smk::setup" skipped="0" tests="3" time="5.086" timestamp="2020-10-27T19:20:26Z">
    <testcase classname="ds.rm_smk_setup" name="setup" time="5.08400000000029"/>
    <testcase classname="ds.rm_smk_setup" name="setup" time="0.000999999999748979"/>
    <testcase classname="ds.rm_smk_setup" name="setup" time="0.00100000000020373"/>
  </testsuite>
  <testsuite errors="0" failures="0" hostname="fv-az14" name="ds.rm::smk" skipped="0" tests="14" time="2.098" timestamp="2020-10-27T19:20:31Z">
    <testcase classname="ds.rm_smk" name="simple_test" time="0.269999999999982"/>
    <testcase classname="ds.rm_smk" name="simple_test" time="0.000999999999748979"/>
    <testcase classname="ds.rm_smk" name="simple_test" time="0.00100000000020373"/>
    <testcase classname="ds.rm_smk" name="simple_test" time="0.00100000000020373"/>
    <testcase classname="ds.rm_smk" name="simple_test" time="0.000999999999748979"/>
    <testcase classname="ds.rm_smk" name="simple_test" time="0.00100000000020373"/>
    <testcase classname="ds.rm_smk" name="simple_test" time="0.000999999999748979"/>
    <testcase classname="ds.rm_smk" name="simple_test" time="1.81400000000031"/>
    <testcase classname="ds.rm_smk" name="simple_test" time="0.00199999999995271"/>
    <testcase classname="ds.rm_smk" name="simple_test" time="0.000999999999748979"/>
    <testcase classname="ds.rm_smk" name="simple_test" time="0.00100000000020373"/>
    <testcase classname="ds.rm_smk" name="simple_test" time="0.000999999999748979"/>
    <testcase classname="ds.rm_smk" name="simple_test" time="0.00100000000020373"/>
    <testcase classname="ds.rm_smk" name="simple_test" time="0.00199999999995271"/>
  </testsuite>
  <testsuite errors="0" failures="0" hostname="fv-az14" name="ds.rm::smk::shutdown" skipped="0" tests="3" time="0.274" timestamp="2020-10-27T19:20:33Z">
    <testcase classname="ds.rm_smk_shutdown" name="shutdown" time="0.271999999999935"/>
    <testcase classname="ds.rm_smk_shutdown" name="shutdown" time="0.00100000000020373"/>
    <testcase classname="ds.rm_smk_shutdown" name="shutdown" time="0.000999999999748979"/>
  </testsuite>
  <testsuite errors="0" failures="0" hostname="fv-az14" name="ds.rm::smk::done" skipped="0" tests="0" time="0" timestamp="2020-10-27T19:20:34Z"/>
  <testsuite errors="0" failures="0" hostname="fv-az14" name="ds.rNorm::smk::setup" skipped="0" tests="3" time="5.103" timestamp="2020-10-27T19:20:34Z">
    <testcase classname="ds.rNorm_smk_setup" name="setup" time="5.10100000000011"/>
    <testcase classname="ds.rNorm_smk_setup" name="setup" time="0.00100000000020373"/>
    <testcase classname="ds.rNorm_smk_setup" name="setup" time="0.000999999999748979"/>
  </testsuite>
  <testsuite errors="0" failures="0" hostname="fv-az14" name="ds.rNorm::smk::simple test" skipped="0" tests="11" time="2.027" timestamp="2020-10-27T19:20:38Z">
    <testcase classname="ds.rNorm_smk_simple_test" name="simple_test" time="2.01499999999987"/>
    <testcase classname="ds.rNorm_smk_simple_test" name="simple_test" time="0.00100000000020373"/>
    <testcase classname="ds.rNorm_smk_simple_test" name="simple_test" time="0.00199999999995271"/>
    <testcase classname="ds.rNorm_smk_simple_test" name="simple_test" time="0.00100000000020373"/>
    <testcase classname="ds.rNorm_smk_simple_test" name="simple_test" time="0.000999999999748979"/>
    <testcase classname="ds.rNorm_smk_simple_test" name="simple_test" time="0.00100000000020373"/>
    <testcase classname="ds.rNorm_smk_simple_test" name="simple_test" time="0.000999999999748979"/>
    <testcase classname="ds.rNorm_smk_simple_test" name="simple_test" time="0.00100000000020373"/>
    <testcase classname="ds.rNorm_smk_simple_test" name="simple_test" time="0.00199999999995271"/>
    <testcase classname="ds.rNorm_smk_simple_test" name="simple_test" time="0.000999999999748979"/>
    <testcase classname="ds.rNorm_smk_simple_test" name="simple_test" time="0.00100000000020373"/>
  </testsuite>
  <testsuite errors="0" failures="0" hostname="fv-az14" name="ds.rNorm::smk::shutdown" skipped="0" tests="3" time="0.273" timestamp="2020-10-27T19:20:40Z">
    <testcase classname="ds.rNorm_smk_shutdown" name="shutdown" time="0.271000000000186"/>
    <testcase classname="ds.rNorm_smk_shutdown" name="shutdown" time="0.000999999999748979"/>
    <testcase classname="ds.rNorm_smk_shutdown" name="shutdown" time="0.00100000000020373"/>
  </testsuite>
  <testsuite errors="0" failures="0" hostname="fv-az14" name="ds.rNorm::smk::done" skipped="0" tests="0" time="0" timestamp="2020-10-27T19:20:41Z"/>
  <testsuite errors="0" failures="0" hostname="fv-az14" name="ds.rowColCalc::smk::setup" skipped="0" tests="3" time="5.102" timestamp="2020-10-27T19:20:41Z">
    <testcase classname="ds.rowColCalc_smk_setup" name="setup" time="5.09999999999991"/>
    <testcase classname="ds.rowColCalc_smk_setup" name="setup" time="0.000999999999748979"/>
    <testcase classname="ds.rowColCalc_smk_setup" name="setup" time="0.00100000000020373"/>
  </testsuite>
  <testsuite errors="0" failures="0" hostname="fv-az14" name="ds.rowColCalc::smk" skipped="0" tests="4" time="4.524" timestamp="2020-10-27T19:20:46Z">
    <testcase classname="ds.rowColCalc_smk" name="rowColCalc_exists" time="4.52100000000019"/>
    <testcase classname="ds.rowColCalc_smk" name="rowColCalc_exists" time="0.000999999999748979"/>
    <testcase classname="ds.rowColCalc_smk" name="rowColCalc_exists" time="0.00100000000020373"/>
    <testcase classname="ds.rowColCalc_smk" name="rowColCalc_exists" time="0.000999999999748979"/>
  </testsuite>
  <testsuite errors="0" failures="0" hostname="fv-az14" name="ds.rowColCalc::smk::no newobj" skipped="0" tests="4" time="4.513" timestamp="2020-10-27T19:20:50Z">
    <testcase classname="ds.rowColCalc_smk_no_newobj" name="rowColCalc_out_exists" time="4.50900000000001"/>
    <testcase classname="ds.rowColCalc_smk_no_newobj" name="rowColCalc_out_exists" time="0.00199999999995271"/>
    <testcase classname="ds.rowColCalc_smk_no_newobj" name="rowColCalc_out_exists" time="0.00100000000020373"/>
    <testcase classname="ds.rowColCalc_smk_no_newobj" name="rowColCalc_out_exists" time="0.000999999999748979"/>
  </testsuite>
  <testsuite errors="0" failures="0" hostname="fv-az14" name="ds.rowColCalc::smk::shutdown" skipped="0" tests="3" time="0.273" timestamp="2020-10-27T19:20:55Z">
    <testcase classname="ds.rowColCalc_smk_shutdown" name="shutdown" time="0.269999999999982"/>
    <testcase classname="ds.rowColCalc_smk_shutdown" name="shutdown" time="0.00200000000040745"/>
    <testcase classname="ds.rowColCalc_smk_shutdown" name="shutdown" time="0.000999999999748979"/>
  </testsuite>
  <testsuite errors="0" failures="0" hostname="fv-az14" name="ds.rowColCalc::smk::done" skipped="0" tests="0" time="0" timestamp="2020-10-27T19:20:56Z"/>
  <testsuite errors="0" failures="0" hostname="fv-az14" name="ds.rPois::smk::setup" skipped="0" tests="3" time="5.092" timestamp="2020-10-27T19:20:56Z">
    <testcase classname="ds.rPois_smk_setup" name="setup" time="5.09000000000015"/>
    <testcase classname="ds.rPois_smk_setup" name="setup" time="0.00100000000020373"/>
    <testcase classname="ds.rPois_smk_setup" name="setup" time="0.000999999999748979"/>
  </testsuite>
  <testsuite errors="0" failures="0" hostname="fv-az14" name="ds.rPois::smk::simple test" skipped="0" tests="11" time="2.024" timestamp="2020-10-27T19:21:00Z">
    <testcase classname="ds.rPois_smk_simple_test" name="simple_test" time="2.01300000000037"/>
    <testcase classname="ds.rPois_smk_simple_test" name="simple_test" time="0.000999999999748979"/>
    <testcase classname="ds.rPois_smk_simple_test" name="simple_test" time="0.00199999999995271"/>
    <testcase classname="ds.rPois_smk_simple_test" name="simple_test" time="0.00100000000020373"/>
    <testcase classname="ds.rPois_smk_simple_test" name="simple_test" time="0.000999999999748979"/>
    <testcase classname="ds.rPois_smk_simple_test" name="simple_test" time="0.00100000000020373"/>
    <testcase classname="ds.rPois_smk_simple_test" name="simple_test" time="0.00100000000020373"/>
    <testcase classname="ds.rPois_smk_simple_test" name="simple_test" time="0.000999999999748979"/>
    <testcase classname="ds.rPois_smk_simple_test" name="simple_test" time="0.00100000000020373"/>
    <testcase classname="ds.rPois_smk_simple_test" name="simple_test" time="0.00100000000020373"/>
    <testcase classname="ds.rPois_smk_simple_test" name="simple_test" time="0.000999999999748979"/>
  </testsuite>
  <testsuite errors="0" failures="0" hostname="fv-az14" name="ds.rPois::smk::shutdown" skipped="0" tests="3" time="0.276" timestamp="2020-10-27T19:21:02Z">
    <testcase classname="ds.rPois_smk_shutdown" name="shutdown" time="0.273000000000138"/>
    <testcase classname="ds.rPois_smk_shutdown" name="shutdown" time="0.00199999999995271"/>
    <testcase classname="ds.rPois_smk_shutdown" name="shutdown" time="0.00100000000020373"/>
  </testsuite>
  <testsuite errors="0" failures="0" hostname="fv-az14" name="ds.rPois::smk::done" skipped="0" tests="0" time="0" timestamp="2020-10-27T19:21:03Z"/>
  <testsuite errors="0" failures="0" hostname="fv-az14" name="ds.rUnif::smk::setup" skipped="0" tests="3" time="5.091" timestamp="2020-10-27T19:21:03Z">
    <testcase classname="ds.rUnif_smk_setup" name="setup" time="5.08899999999994"/>
    <testcase classname="ds.rUnif_smk_setup" name="setup" time="0.000999999999748979"/>
    <testcase classname="ds.rUnif_smk_setup" name="setup" time="0.00100000000020373"/>
  </testsuite>
  <testsuite errors="0" failures="0" hostname="fv-az14" name="ds.rUnif::smk::simple test" skipped="0" tests="11" time="2.025" timestamp="2020-10-27T19:21:07Z">
    <testcase classname="ds.rUnif_smk_simple_test" name="simple_test" time="2.01400000000012"/>
    <testcase classname="ds.rUnif_smk_simple_test" name="simple_test" time="0.000999999999748979"/>
    <testcase classname="ds.rUnif_smk_simple_test" name="simple_test" time="0.00100000000020373"/>
    <testcase classname="ds.rUnif_smk_simple_test" name="simple_test" time="0.000999999999748979"/>
    <testcase classname="ds.rUnif_smk_simple_test" name="simple_test" time="0.00100000000020373"/>
    <testcase classname="ds.rUnif_smk_simple_test" name="simple_test" time="0.000999999999748979"/>
    <testcase classname="ds.rUnif_smk_simple_test" name="simple_test" time="0.00100000000020373"/>
    <testcase classname="ds.rUnif_smk_simple_test" name="simple_test" time="0.00199999999995271"/>
    <testcase classname="ds.rUnif_smk_simple_test" name="simple_test" time="0.00100000000020373"/>
    <testcase classname="ds.rUnif_smk_simple_test" name="simple_test" time="0.000999999999748979"/>
    <testcase classname="ds.rUnif_smk_simple_test" name="simple_test" time="0.00100000000020373"/>
  </testsuite>
  <testsuite errors="0" failures="0" hostname="fv-az14" name="ds.rUnif::smk::shutdown" skipped="0" tests="3" time="0.284" timestamp="2020-10-27T19:21:09Z">
    <testcase classname="ds.rUnif_smk_shutdown" name="shutdown" time="0.281999999999698"/>
    <testcase classname="ds.rUnif_smk_shutdown" name="shutdown" time="0.00100000000020373"/>
    <testcase classname="ds.rUnif_smk_shutdown" name="shutdown" time="0.000999999999748979"/>
  </testsuite>
  <testsuite errors="0" failures="0" hostname="fv-az14" name="ds.rUnif::smk::done" skipped="0" tests="0" time="0" timestamp="2020-10-27T19:21:10Z"/>
  <testsuite errors="0" failures="0" hostname="fv-az14" name="ds.sample::smk::setup" skipped="0" tests="3" time="5.095" timestamp="2020-10-27T19:21:10Z">
    <testcase classname="ds.sample_smk_setup" name="setup" time="5.0930000000003"/>
    <testcase classname="ds.sample_smk_setup" name="setup" time="0.000999999999748979"/>
    <testcase classname="ds.sample_smk_setup" name="setup" time="0.00100000000020373"/>
  </testsuite>
  <testsuite errors="0" failures="0" hostname="fv-az14" name="ds.sample::smk::test" skipped="0" tests="64" time="6.517" timestamp="2020-10-27T19:21:15Z">
    <testcase classname="ds.sample_smk_test" name="simple_test" time="1.49400000000014"/>
    <testcase classname="ds.sample_smk_test" name="simple_test" time="0.000999999999748979"/>
    <testcase classname="ds.sample_smk_test" name="simple_test" time="0.00100000000020373"/>
    <testcase classname="ds.sample_smk_test" name="simple_test" time="0.270999999999731"/>
    <testcase classname="ds.sample_smk_test" name="simple_test" time="0.00199999999995271"/>
    <testcase classname="ds.sample_smk_test" name="simple_test" time="0.00100000000020373"/>
    <testcase classname="ds.sample_smk_test" name="simple_test" time="0.000999999999748979"/>
    <testcase classname="ds.sample_smk_test" name="simple_test" time="0.00100000000020373"/>
    <testcase classname="ds.sample_smk_test" name="simple_test" time="1.19599999999991"/>
    <testcase classname="ds.sample_smk_test" name="simple_test" time="0.00100000000020373"/>
    <testcase classname="ds.sample_smk_test" name="simple_test" time="0.000999999999748979"/>
    <testcase classname="ds.sample_smk_test" name="simple_test" time="0.00199999999995271"/>
    <testcase classname="ds.sample_smk_test" name="simple_test" time="0.00100000000020373"/>
    <testcase classname="ds.sample_smk_test" name="simple_test" time="0.00100000000020373"/>
    <testcase classname="ds.sample_smk_test" name="simple_test" time="0.000999999999748979"/>
    <testcase classname="ds.sample_smk_test" name="simple_test" time="0.00199999999995271"/>
    <testcase classname="ds.sample_smk_test" name="simple_test" time="0.00100000000020373"/>
    <testcase classname="ds.sample_smk_test" name="simple_test" time="0.000999999999748979"/>
    <testcase classname="ds.sample_smk_test" name="simple_test" time="0.00100000000020373"/>
    <testcase classname="ds.sample_smk_test" name="simple_test" time="0.00199999999995271"/>
    <testcase classname="ds.sample_smk_test" name="simple_test" time="0.000999999999748979"/>
    <testcase classname="ds.sample_smk_test" name="simple_test" time="0.00100000000020373"/>
    <testcase classname="ds.sample_smk_test" name="simple_test" time="0.00199999999995271"/>
    <testcase classname="ds.sample_smk_test" name="simple_test" time="0.00100000000020373"/>
    <testcase classname="ds.sample_smk_test" name="simple_test" time="0.000999999999748979"/>
    <testcase classname="ds.sample_smk_test" name="simple_test" time="0.00199999999995271"/>
    <testcase classname="ds.sample_smk_test" name="simple_test" time="0.00100000000020373"/>
    <testcase classname="ds.sample_smk_test" name="simple_test" time="0.000999999999748979"/>
    <testcase classname="ds.sample_smk_test" name="simple_test" time="0.00200000000040745"/>
    <testcase classname="ds.sample_smk_test" name="simple_test" time="0.000999999999748979"/>
    <testcase classname="ds.sample_smk_test" name="simple_test" time="0.260000000000218"/>
    <testcase classname="ds.sample_smk_test" name="simple_test" time="0.00199999999995271"/>
    <testcase classname="ds.sample_smk_test" name="simple_test" time="0.00199999999995271"/>
    <testcase classname="ds.sample_smk_test" name="simple_test" time="0.000999999999748979"/>
    <testcase classname="ds.sample_smk_test" name="simple_test" time="0.00199999999995271"/>
    <testcase classname="ds.sample_smk_test" name="simple_test" time="1.48500000000013"/>
    <testcase classname="ds.sample_smk_test" name="simple_test" time="0.00199999999995271"/>
    <testcase classname="ds.sample_smk_test" name="simple_test" time="0.00100000000020373"/>
    <testcase classname="ds.sample_smk_test" name="simple_test" time="0.270999999999731"/>
    <testcase classname="ds.sample_smk_test" name="simple_test" time="0.00200000000040745"/>
    <testcase classname="ds.sample_smk_test" name="simple_test" time="0.000999999999748979"/>
    <testcase classname="ds.sample_smk_test" name="simple_test" time="0.00199999999995271"/>
    <testcase classname="ds.sample_smk_test" name="simple_test" time="0.00199999999995271"/>
    <testcase classname="ds.sample_smk_test" name="simple_test" time="1.19300000000021"/>
    <testcase classname="ds.sample_smk_test" name="simple_test" time="0.00199999999995271"/>
    <testcase classname="ds.sample_smk_test" name="simple_test" time="0.00199999999995271"/>
    <testcase classname="ds.sample_smk_test" name="simple_test" time="0.00100000000020373"/>
    <testcase classname="ds.sample_smk_test" name="simple_test" time="0.00199999999995271"/>
    <testcase classname="ds.sample_smk_test" name="simple_test" time="0.00199999999995271"/>
    <testcase classname="ds.sample_smk_test" name="simple_test" time="0.000999999999748979"/>
    <testcase classname="ds.sample_smk_test" name="simple_test" time="0.00199999999995271"/>
    <testcase classname="ds.sample_smk_test" name="simple_test" time="0.00200000000040745"/>
    <testcase classname="ds.sample_smk_test" name="simple_test" time="0.00199999999995271"/>
    <testcase classname="ds.sample_smk_test" name="simple_test" time="0.000999999999748979"/>
    <testcase classname="ds.sample_smk_test" name="simple_test" time="0.00199999999995271"/>
    <testcase classname="ds.sample_smk_test" name="simple_test" time="0.00199999999995271"/>
    <testcase classname="ds.sample_smk_test" name="simple_test" time="0.00200000000040745"/>
    <testcase classname="ds.sample_smk_test" name="simple_test" time="0.00199999999995271"/>
    <testcase classname="ds.sample_smk_test" name="simple_test" time="0.000999999999748979"/>
    <testcase classname="ds.sample_smk_test" name="simple_test" time="0.262000000000171"/>
    <testcase classname="ds.sample_smk_test" name="simple_test" time="0.00199999999995271"/>
    <testcase classname="ds.sample_smk_test" name="simple_test" time="0.00199999999995271"/>
    <testcase classname="ds.sample_smk_test" name="simple_test" time="0.00199999999995271"/>
    <testcase classname="ds.sample_smk_test" name="simple_test" time="0.00199999999995271"/>
  </testsuite>
  <testsuite errors="0" failures="0" hostname="fv-az14" name="ds.sample::smk::test error" skipped="0" tests="7" time="1.503" timestamp="2020-10-27T19:21:21Z">
    <testcase classname="ds.sample_smk_test_error" name="simple_test_error" time="1.49600000000009"/>
    <testcase classname="ds.sample_smk_test_error" name="simple_test_error" time="0.00100000000020373"/>
    <testcase classname="ds.sample_smk_test_error" name="simple_test_error" time="0.000999999999748979"/>
    <testcase classname="ds.sample_smk_test_error" name="simple_test_error" time="0.00100000000020373"/>
    <testcase classname="ds.sample_smk_test_error" name="simple_test_error" time="0.00199999999995271"/>
    <testcase classname="ds.sample_smk_test_error" name="simple_test_error" time="0.000999999999748979"/>
    <testcase classname="ds.sample_smk_test_error" name="simple_test_error" time="0.00100000000020373"/>
  </testsuite>
  <testsuite errors="0" failures="0" hostname="fv-az14" name="ds.sample::smk::shutdown" skipped="0" tests="3" time="0.271" timestamp="2020-10-27T19:21:23Z">
    <testcase classname="ds.sample_smk_shutdown" name="shutdown" time="0.268999999999778"/>
    <testcase classname="ds.sample_smk_shutdown" name="shutdown" time="0.00100000000020373"/>
    <testcase classname="ds.sample_smk_shutdown" name="shutdown" time="0.00100000000020373"/>
  </testsuite>
  <testsuite errors="0" failures="0" hostname="fv-az14" name="ds.sample::smk::done" skipped="0" tests="0" time="0" timestamp="2020-10-27T19:21:24Z"/>
  <testsuite errors="0" failures="0" hostname="fv-az14" name="ds.seq::smk::setup" skipped="0" tests="3" time="5.111" timestamp="2020-10-27T19:21:24Z">
    <testcase classname="ds.seq_smk_setup" name="setup" time="5.10899999999992"/>
    <testcase classname="ds.seq_smk_setup" name="setup" time="0.00100000000020373"/>
    <testcase classname="ds.seq_smk_setup" name="setup" time="0.000999999999748979"/>
  </testsuite>
  <testsuite errors="0" failures="0" hostname="fv-az14" name="ds.seq::smk" skipped="0" tests="6" time="1.64" timestamp="2020-10-27T19:21:28Z">
    <testcase classname="ds.seq_smk" name="simplest_ds.seq" time="0.861000000000331"/>
    <testcase classname="ds.seq_smk" name="simplest_ds.seq" time="0.00199999999995271"/>
    <testcase classname="ds.seq_smk" name="simplest_ds.seq" time="0.000999999999748979"/>
    <testcase classname="ds.seq_smk" name="simplest_ds.seq" time="0.773000000000138"/>
    <testcase classname="ds.seq_smk" name="simplest_ds.seq" time="0.00199999999995271"/>
    <testcase classname="ds.seq_smk" name="simplest_ds.seq" time="0.00100000000020373"/>
  </testsuite>
  <testsuite errors="0" failures="0" hostname="fv-az14" name="ds.seq::smk::shutdown" skipped="0" tests="3" time="0.276" timestamp="2020-10-27T19:21:30Z">
    <testcase classname="ds.seq_smk_shutdown" name="shutdown" time="0.273999999999887"/>
    <testcase classname="ds.seq_smk_shutdown" name="shutdown" time="0.000999999999748979"/>
    <testcase classname="ds.seq_smk_shutdown" name="shutdown" time="0.00100000000020373"/>
  </testsuite>
  <testsuite errors="0" failures="0" hostname="fv-az14" name="ds.seq::smk::done" skipped="0" tests="0" time="0" timestamp="2020-10-27T19:21:31Z"/>
  <testsuite errors="0" failures="0" hostname="fv-az14" name="ds.setSeed::smk::setup" skipped="0" tests="3" time="5.092" timestamp="2020-10-27T19:21:31Z">
    <testcase classname="ds.setSeed_smk_setup" name="setup" time="5.09000000000015"/>
    <testcase classname="ds.setSeed_smk_setup" name="setup" time="0.000999999999748979"/>
    <testcase classname="ds.setSeed_smk_setup" name="setup" time="0.00100000000020373"/>
  </testsuite>
  <testsuite errors="0" failures="0" hostname="fv-az14" name="ds.setSeed::smk" skipped="0" tests="9" time="0.294" timestamp="2020-10-27T19:21:35Z">
    <testcase classname="ds.setSeed_smk" name="basic_setSeed" time="0.286000000000058"/>
    <testcase classname="ds.setSeed_smk" name="basic_setSeed" time="0.000999999999748979"/>
    <testcase classname="ds.setSeed_smk" name="basic_setSeed" time="0.00100000000020373"/>
    <testcase classname="ds.setSeed_smk" name="basic_setSeed" time="0.000999999999748979"/>
    <testcase classname="ds.setSeed_smk" name="basic_setSeed" time="0.00100000000020373"/>
    <testcase classname="ds.setSeed_smk" name="basic_setSeed" time="0.000999999999748979"/>
    <testcase classname="ds.setSeed_smk" name="basic_setSeed" time="0.00100000000020373"/>
    <testcase classname="ds.setSeed_smk" name="basic_setSeed" time="0.000999999999748979"/>
    <testcase classname="ds.setSeed_smk" name="basic_setSeed" time="0.00100000000020373"/>
  </testsuite>
  <testsuite errors="0" failures="0" hostname="fv-az14" name="ds.setSeed::smk::shutdown" skipped="0" tests="3" time="0.275" timestamp="2020-10-27T19:21:35Z">
    <testcase classname="ds.setSeed_smk_shutdown" name="shutdown" time="0.273000000000138"/>
    <testcase classname="ds.setSeed_smk_shutdown" name="shutdown" time="0.000999999999748979"/>
    <testcase classname="ds.setSeed_smk_shutdown" name="shutdown" time="0.00100000000020373"/>
  </testsuite>
  <testsuite errors="0" failures="0" hostname="fv-az14" name="ds.setSeed::smk::done" skipped="0" tests="0" time="0" timestamp="2020-10-27T19:21:36Z"/>
  <testsuite errors="0" failures="0" hostname="fv-az14" name="ds.skewness::smk::setup" skipped="0" tests="3" time="5.215" timestamp="2020-10-27T19:21:36Z">
    <testcase classname="ds.skewness_smk_setup" name="setup" time="5.21299999999974"/>
    <testcase classname="ds.skewness_smk_setup" name="setup" time="0.00100000000020373"/>
    <testcase classname="ds.skewness_smk_setup" name="setup" time="0.000999999999748979"/>
  </testsuite>
  <testsuite errors="0" failures="0" hostname="fv-az14" name="ds.skewness::smk::method 1::split" skipped="0" tests="70" time="6.1" timestamp="2020-10-27T19:21:41Z">
    <testcase classname="ds.skewness_smk_method_1_split" name="simple_skewness_method_1_split_on_LAB_TSC" time="1.20800000000008"/>
    <testcase classname="ds.skewness_smk_method_1_split" name="simple_skewness_method_1_split_on_LAB_TSC" time="0.00100000000020373"/>
    <testcase classname="ds.skewness_smk_method_1_split" name="simple_skewness_method_1_split_on_LAB_TSC" time="0.000999999999748979"/>
    <testcase classname="ds.skewness_smk_method_1_split" name="simple_skewness_method_1_split_on_LAB_TSC" time="0.00100000000020373"/>
    <testcase classname="ds.skewness_smk_method_1_split" name="simple_skewness_method_1_split_on_LAB_TSC" time="0.00100000000020373"/>
    <testcase classname="ds.skewness_smk_method_1_split" name="simple_skewness_method_1_split_on_LAB_TSC" time="0.000999999999748979"/>
    <testcase classname="ds.skewness_smk_method_1_split" name="simple_skewness_method_1_split_on_LAB_TSC" time="0.00100000000020373"/>
    <testcase classname="ds.skewness_smk_method_1_split" name="simple_skewness_method_1_split_on_LAB_TSC" time="0.000999999999748979"/>
    <testcase classname="ds.skewness_smk_method_1_split" name="simple_skewness_method_1_split_on_LAB_TSC" time="0.00199999999995271"/>
    <testcase classname="ds.skewness_smk_method_1_split" name="simple_skewness_method_1_split_on_LAB_TSC" time="0.00100000000020373"/>
    <testcase classname="ds.skewness_smk_method_1_split" name="simple_skewness_method_1_split_on_LAB_TSC" time="0.000999999999748979"/>
    <testcase classname="ds.skewness_smk_method_1_split" name="simple_skewness_method_1_split_on_LAB_TSC" time="0.00100000000020373"/>
    <testcase classname="ds.skewness_smk_method_1_split" name="simple_skewness_method_1_split_on_LAB_TSC" time="0.000999999999748979"/>
    <testcase classname="ds.skewness_smk_method_1_split" name="simple_skewness_method_1_split_on_LAB_TSC" time="0.00200000000040745"/>
    <testcase classname="ds.skewness_smk_method_1_split" name="simple_skewness_method_1_split_on_LAB_TRIG" time="1.20399999999972"/>
    <testcase classname="ds.skewness_smk_method_1_split" name="simple_skewness_method_1_split_on_LAB_TRIG" time="0.00100000000020373"/>
    <testcase classname="ds.skewness_smk_method_1_split" name="simple_skewness_method_1_split_on_LAB_TRIG" time="0.000999999999748979"/>
    <testcase classname="ds.skewness_smk_method_1_split" name="simple_skewness_method_1_split_on_LAB_TRIG" time="0.00199999999995271"/>
    <testcase classname="ds.skewness_smk_method_1_split" name="simple_skewness_method_1_split_on_LAB_TRIG" time="0.00100000000020373"/>
    <testcase classname="ds.skewness_smk_method_1_split" name="simple_skewness_method_1_split_on_LAB_TRIG" time="0.00100000000020373"/>
    <testcase classname="ds.skewness_smk_method_1_split" name="simple_skewness_method_1_split_on_LAB_TRIG" time="0.000999999999748979"/>
    <testcase classname="ds.skewness_smk_method_1_split" name="simple_skewness_method_1_split_on_LAB_TRIG" time="0.00199999999995271"/>
    <testcase classname="ds.skewness_smk_method_1_split" name="simple_skewness_method_1_split_on_LAB_TRIG" time="0.00100000000020373"/>
    <testcase classname="ds.skewness_smk_method_1_split" name="simple_skewness_method_1_split_on_LAB_TRIG" time="0.00199999999995271"/>
    <testcase classname="ds.skewness_smk_method_1_split" name="simple_skewness_method_1_split_on_LAB_TRIG" time="0.000999999999748979"/>
    <testcase classname="ds.skewness_smk_method_1_split" name="simple_skewness_method_1_split_on_LAB_TRIG" time="0.00100000000020373"/>
    <testcase classname="ds.skewness_smk_method_1_split" name="simple_skewness_method_1_split_on_LAB_TRIG" time="0.00199999999995271"/>
    <testcase classname="ds.skewness_smk_method_1_split" name="simple_skewness_method_1_split_on_LAB_TRIG" time="0.00100000000020373"/>
    <testcase classname="ds.skewness_smk_method_1_split" name="simple_skewness_method_1_split_on_LAB_HDL" time="1.19200000000001"/>
    <testcase classname="ds.skewness_smk_method_1_split" name="simple_skewness_method_1_split_on_LAB_HDL" time="0.000999999999748979"/>
    <testcase classname="ds.skewness_smk_method_1_split" name="simple_skewness_method_1_split_on_LAB_HDL" time="0.00199999999995271"/>
    <testcase classname="ds.skewness_smk_method_1_split" name="simple_skewness_method_1_split_on_LAB_HDL" time="0.00100000000020373"/>
    <testcase classname="ds.skewness_smk_method_1_split" name="simple_skewness_method_1_split_on_LAB_HDL" time="0.00199999999995271"/>
    <testcase classname="ds.skewness_smk_method_1_split" name="simple_skewness_method_1_split_on_LAB_HDL" time="0.000999999999748979"/>
    <testcase classname="ds.skewness_smk_method_1_split" name="simple_skewness_method_1_split_on_LAB_HDL" time="0.00200000000040745"/>
    <testcase classname="ds.skewness_smk_method_1_split" name="simple_skewness_method_1_split_on_LAB_HDL" time="0.000999999999748979"/>
    <testcase classname="ds.skewness_smk_method_1_split" name="simple_skewness_method_1_split_on_LAB_HDL" time="0.00199999999995271"/>
    <testcase classname="ds.skewness_smk_method_1_split" name="simple_skewness_method_1_split_on_LAB_HDL" time="0.00100000000020373"/>
    <testcase classname="ds.skewness_smk_method_1_split" name="simple_skewness_method_1_split_on_LAB_HDL" time="0.00199999999995271"/>
    <testcase classname="ds.skewness_smk_method_1_split" name="simple_skewness_method_1_split_on_LAB_HDL" time="0.000999999999748979"/>
    <testcase classname="ds.skewness_smk_method_1_split" name="simple_skewness_method_1_split_on_LAB_HDL" time="0.00200000000040745"/>
    <testcase classname="ds.skewness_smk_method_1_split" name="simple_skewness_method_1_split_on_LAB_HDL" time="0.00199999999995271"/>
    <testcase classname="ds.skewness_smk_method_1_split" name="simple_skewness_method_1_split_on_LAB_GLUC_ADJUSTED" time="1.19200000000001"/>
    <testcase classname="ds.skewness_smk_method_1_split" name="simple_skewness_method_1_split_on_LAB_GLUC_ADJUSTED" time="0.000999999999748979"/>
    <testcase classname="ds.skewness_smk_method_1_split" name="simple_skewness_method_1_split_on_LAB_GLUC_ADJUSTED" time="0.00199999999995271"/>
    <testcase classname="ds.skewness_smk_method_1_split" name="simple_skewness_method_1_split_on_LAB_GLUC_ADJUSTED" time="0.00199999999995271"/>
    <testcase classname="ds.skewness_smk_method_1_split" name="simple_skewness_method_1_split_on_LAB_GLUC_ADJUSTED" time="0.00199999999995271"/>
    <testcase classname="ds.skewness_smk_method_1_split" name="simple_skewness_method_1_split_on_LAB_GLUC_ADJUSTED" time="0.00100000000020373"/>
    <testcase classname="ds.skewness_smk_method_1_split" name="simple_skewness_method_1_split_on_LAB_GLUC_ADJUSTED" time="0.00199999999995271"/>
    <testcase classname="ds.skewness_smk_method_1_split" name="simple_skewness_method_1_split_on_LAB_GLUC_ADJUSTED" time="0.00199999999995271"/>
    <testcase classname="ds.skewness_smk_method_1_split" name="simple_skewness_method_1_split_on_LAB_GLUC_ADJUSTED" time="0.00100000000020373"/>
    <testcase classname="ds.skewness_smk_method_1_split" name="simple_skewness_method_1_split_on_LAB_GLUC_ADJUSTED" time="0.00199999999995271"/>
    <testcase classname="ds.skewness_smk_method_1_split" name="simple_skewness_method_1_split_on_LAB_GLUC_ADJUSTED" time="0.00199999999995271"/>
    <testcase classname="ds.skewness_smk_method_1_split" name="simple_skewness_method_1_split_on_LAB_GLUC_ADJUSTED" time="0.00199999999995271"/>
    <testcase classname="ds.skewness_smk_method_1_split" name="simple_skewness_method_1_split_on_LAB_GLUC_ADJUSTED" time="0.00199999999995271"/>
    <testcase classname="ds.skewness_smk_method_1_split" name="simple_skewness_method_1_split_on_LAB_GLUC_ADJUSTED" time="0.00100000000020373"/>
    <testcase classname="ds.skewness_smk_method_1_split" name="simple_skewness_method_1_split_on_PM_BMI_CONTINUOUS" time="1.20499999999993"/>
    <testcase classname="ds.skewness_smk_method_1_split" name="simple_skewness_method_1_split_on_PM_BMI_CONTINUOUS" time="0.000999999999748979"/>
    <testcase classname="ds.skewness_smk_method_1_split" name="simple_skewness_method_1_split_on_PM_BMI_CONTINUOUS" time="0.00200000000040745"/>
    <testcase classname="ds.skewness_smk_method_1_split" name="simple_skewness_method_1_split_on_PM_BMI_CONTINUOUS" time="0.00199999999995271"/>
    <testcase classname="ds.skewness_smk_method_1_split" name="simple_skewness_method_1_split_on_PM_BMI_CONTINUOUS" time="0.00199999999995271"/>
    <testcase classname="ds.skewness_smk_method_1_split" name="simple_skewness_method_1_split_on_PM_BMI_CONTINUOUS" time="0.00199999999995271"/>
    <testcase classname="ds.skewness_smk_method_1_split" name="simple_skewness_method_1_split_on_PM_BMI_CONTINUOUS" time="0.00199999999995271"/>
    <testcase classname="ds.skewness_smk_method_1_split" name="simple_skewness_method_1_split_on_PM_BMI_CONTINUOUS" time="0.00199999999995271"/>
    <testcase classname="ds.skewness_smk_method_1_split" name="simple_skewness_method_1_split_on_PM_BMI_CONTINUOUS" time="0.00199999999995271"/>
    <testcase classname="ds.skewness_smk_method_1_split" name="simple_skewness_method_1_split_on_PM_BMI_CONTINUOUS" time="0.00199999999995271"/>
    <testcase classname="ds.skewness_smk_method_1_split" name="simple_skewness_method_1_split_on_PM_BMI_CONTINUOUS" time="0.00199999999995271"/>
    <testcase classname="ds.skewness_smk_method_1_split" name="simple_skewness_method_1_split_on_PM_BMI_CONTINUOUS" time="0.00199999999995271"/>
    <testcase classname="ds.skewness_smk_method_1_split" name="simple_skewness_method_1_split_on_PM_BMI_CONTINUOUS" time="0.00200000000040745"/>
    <testcase classname="ds.skewness_smk_method_1_split" name="simple_skewness_method_1_split_on_PM_BMI_CONTINUOUS" time="0.00199999999995271"/>
  </testsuite>
  <testsuite errors="0" failures="0" hostname="fv-az14" name="ds.skewness::smk::method 1::combine" skipped="0" tests="40" time="7.354" timestamp="2020-10-27T19:21:47Z">
    <testcase classname="ds.skewness_smk_method_1_combine" name="simple_skewness_combine_on_LAB_TSC" time="1.48399999999992"/>
    <testcase classname="ds.skewness_smk_method_1_combine" name="simple_skewness_combine_on_LAB_TSC" time="0.000999999999748979"/>
    <testcase classname="ds.skewness_smk_method_1_combine" name="simple_skewness_combine_on_LAB_TSC" time="0.00100000000020373"/>
    <testcase classname="ds.skewness_smk_method_1_combine" name="simple_skewness_combine_on_LAB_TSC" time="0.00100000000020373"/>
    <testcase classname="ds.skewness_smk_method_1_combine" name="simple_skewness_combine_on_LAB_TSC" time="0.000999999999748979"/>
    <testcase classname="ds.skewness_smk_method_1_combine" name="simple_skewness_combine_on_LAB_TSC" time="0.00100000000020373"/>
    <testcase classname="ds.skewness_smk_method_1_combine" name="simple_skewness_combine_on_LAB_TSC" time="0.000999999999748979"/>
    <testcase classname="ds.skewness_smk_method_1_combine" name="simple_skewness_combine_on_LAB_TSC" time="0.00199999999995271"/>
    <testcase classname="ds.skewness_smk_method_1_combine" name="simple_skewness_method_1_combine_on_LAB_TRIG" time="1.46100000000024"/>
    <testcase classname="ds.skewness_smk_method_1_combine" name="simple_skewness_method_1_combine_on_LAB_TRIG" time="0.00199999999995271"/>
    <testcase classname="ds.skewness_smk_method_1_combine" name="simple_skewness_method_1_combine_on_LAB_TRIG" time="0.000999999999748979"/>
    <testcase classname="ds.skewness_smk_method_1_combine" name="simple_skewness_method_1_combine_on_LAB_TRIG" time="0.00100000000020373"/>
    <testcase classname="ds.skewness_smk_method_1_combine" name="simple_skewness_method_1_combine_on_LAB_TRIG" time="0.00100000000020373"/>
    <testcase classname="ds.skewness_smk_method_1_combine" name="simple_skewness_method_1_combine_on_LAB_TRIG" time="0.000999999999748979"/>
    <testcase classname="ds.skewness_smk_method_1_combine" name="simple_skewness_method_1_combine_on_LAB_TRIG" time="0.00100000000020373"/>
    <testcase classname="ds.skewness_smk_method_1_combine" name="simple_skewness_method_1_combine_on_LAB_TRIG" time="0.00199999999995271"/>
    <testcase classname="ds.skewness_smk_method_1_combine" name="simple_skewness_method_1_combine_on_LAB_HDL" time="1.45599999999968"/>
    <testcase classname="ds.skewness_smk_method_1_combine" name="simple_skewness_method_1_combine_on_LAB_HDL" time="0.00100000000020373"/>
    <testcase classname="ds.skewness_smk_method_1_combine" name="simple_skewness_method_1_combine_on_LAB_HDL" time="0.00199999999995271"/>
    <testcase classname="ds.skewness_smk_method_1_combine" name="simple_skewness_method_1_combine_on_LAB_HDL" time="0.00100000000020373"/>
    <testcase classname="ds.skewness_smk_method_1_combine" name="simple_skewness_method_1_combine_on_LAB_HDL" time="0.000999999999748979"/>
    <testcase classname="ds.skewness_smk_method_1_combine" name="simple_skewness_method_1_combine_on_LAB_HDL" time="0.00199999999995271"/>
    <testcase classname="ds.skewness_smk_method_1_combine" name="simple_skewness_method_1_combine_on_LAB_HDL" time="0.00100000000020373"/>
    <testcase classname="ds.skewness_smk_method_1_combine" name="simple_skewness_method_1_combine_on_LAB_HDL" time="0.000999999999748979"/>
    <testcase classname="ds.skewness_smk_method_1_combine" name="simple_skewness_method_1_combine_on_LAB_GLUC_ADJUSTED" time="1.45299999999997"/>
    <testcase classname="ds.skewness_smk_method_1_combine" name="simple_skewness_method_1_combine_on_LAB_GLUC_ADJUSTED" time="0.00200000000040745"/>
    <testcase classname="ds.skewness_smk_method_1_combine" name="simple_skewness_method_1_combine_on_LAB_GLUC_ADJUSTED" time="0.000999999999748979"/>
    <testcase classname="ds.skewness_smk_method_1_combine" name="simple_skewness_method_1_combine_on_LAB_GLUC_ADJUSTED" time="0.00199999999995271"/>
    <testcase classname="ds.skewness_smk_method_1_combine" name="simple_skewness_method_1_combine_on_LAB_GLUC_ADJUSTED" time="0.00100000000020373"/>
    <testcase classname="ds.skewness_smk_method_1_combine" name="simple_skewness_method_1_combine_on_LAB_GLUC_ADJUSTED" time="0.00199999999995271"/>
    <testcase classname="ds.skewness_smk_method_1_combine" name="simple_skewness_method_1_combine_on_LAB_GLUC_ADJUSTED" time="0.000999999999748979"/>
    <testcase classname="ds.skewness_smk_method_1_combine" name="simple_skewness_method_1_combine_on_LAB_GLUC_ADJUSTED" time="0.00200000000040745"/>
    <testcase classname="ds.skewness_smk_method_1_combine" name="simple_skewness_method_1_combine_on_PM_BMI_CONTINUOUS" time="1.45199999999977"/>
    <testcase classname="ds.skewness_smk_method_1_combine" name="simple_skewness_method_1_combine_on_PM_BMI_CONTINUOUS" time="0.00199999999995271"/>
    <testcase classname="ds.skewness_smk_method_1_combine" name="simple_skewness_method_1_combine_on_PM_BMI_CONTINUOUS" time="0.00100000000020373"/>
    <testcase classname="ds.skewness_smk_method_1_combine" name="simple_skewness_method_1_combine_on_PM_BMI_CONTINUOUS" time="0.00199999999995271"/>
    <testcase classname="ds.skewness_smk_method_1_combine" name="simple_skewness_method_1_combine_on_PM_BMI_CONTINUOUS" time="0.000999999999748979"/>
    <testcase classname="ds.skewness_smk_method_1_combine" name="simple_skewness_method_1_combine_on_PM_BMI_CONTINUOUS" time="0.00199999999995271"/>
    <testcase classname="ds.skewness_smk_method_1_combine" name="simple_skewness_method_1_combine_on_PM_BMI_CONTINUOUS" time="0.00100000000020373"/>
    <testcase classname="ds.skewness_smk_method_1_combine" name="simple_skewness_method_1_combine_on_PM_BMI_CONTINUOUS" time="0.00199999999995271"/>
  </testsuite>
  <testsuite errors="0" failures="0" hostname="fv-az14" name="ds.skewness::smk::method 1::both" skipped="0" tests="110" time="8.815" timestamp="2020-10-27T19:21:54Z">
    <testcase classname="ds.skewness_smk_method_1_both" name="simple_skewness_both_on_LAB_TSC" time="1.73399999999992"/>
    <testcase classname="ds.skewness_smk_method_1_both" name="simple_skewness_both_on_LAB_TSC" time="0.00100000000020373"/>
    <testcase classname="ds.skewness_smk_method_1_both" name="simple_skewness_both_on_LAB_TSC" time="0.000999999999748979"/>
    <testcase classname="ds.skewness_smk_method_1_both" name="simple_skewness_both_on_LAB_TSC" time="0.00100000000020373"/>
    <testcase classname="ds.skewness_smk_method_1_both" name="simple_skewness_both_on_LAB_TSC" time="0.000999999999748979"/>
    <testcase classname="ds.skewness_smk_method_1_both" name="simple_skewness_both_on_LAB_TSC" time="0.00100000000020373"/>
    <testcase classname="ds.skewness_smk_method_1_both" name="simple_skewness_both_on_LAB_TSC" time="0.00100000000020373"/>
    <testcase classname="ds.skewness_smk_method_1_both" name="simple_skewness_both_on_LAB_TSC" time="0.00199999999995271"/>
    <testcase classname="ds.skewness_smk_method_1_both" name="simple_skewness_both_on_LAB_TSC" time="0.000999999999748979"/>
    <testcase classname="ds.skewness_smk_method_1_both" name="simple_skewness_both_on_LAB_TSC" time="0.00800000000026557"/>
    <testcase classname="ds.skewness_smk_method_1_both" name="simple_skewness_both_on_LAB_TSC" time="0.000999999999748979"/>
    <testcase classname="ds.skewness_smk_method_1_both" name="simple_skewness_both_on_LAB_TSC" time="0.00199999999995271"/>
    <testcase classname="ds.skewness_smk_method_1_both" name="simple_skewness_both_on_LAB_TSC" time="0.00100000000020373"/>
    <testcase classname="ds.skewness_smk_method_1_both" name="simple_skewness_both_on_LAB_TSC" time="0.000999999999748979"/>
    <testcase classname="ds.skewness_smk_method_1_both" name="simple_skewness_both_on_LAB_TSC" time="0.00100000000020373"/>
    <testcase classname="ds.skewness_smk_method_1_both" name="simple_skewness_both_on_LAB_TSC" time="0.00100000000020373"/>
    <testcase classname="ds.skewness_smk_method_1_both" name="simple_skewness_both_on_LAB_TSC" time="0.00199999999995271"/>
    <testcase classname="ds.skewness_smk_method_1_both" name="simple_skewness_both_on_LAB_TSC" time="0.000999999999748979"/>
    <testcase classname="ds.skewness_smk_method_1_both" name="simple_skewness_both_on_LAB_TSC" time="0.00100000000020373"/>
    <testcase classname="ds.skewness_smk_method_1_both" name="simple_skewness_both_on_LAB_TSC" time="0.00199999999995271"/>
    <testcase classname="ds.skewness_smk_method_1_both" name="simple_skewness_both_on_LAB_TSC" time="0.000999999999748979"/>
    <testcase classname="ds.skewness_smk_method_1_both" name="simple_skewness_both_on_LAB_TSC" time="0.00100000000020373"/>
    <testcase classname="ds.skewness_smk_method_1_both" name="simple_skewness_method_1_both_on_LAB_TRIG" time="1.7199999999998"/>
    <testcase classname="ds.skewness_smk_method_1_both" name="simple_skewness_method_1_both_on_LAB_TRIG" time="0.00199999999995271"/>
    <testcase classname="ds.skewness_smk_method_1_both" name="simple_skewness_method_1_both_on_LAB_TRIG" time="0.00100000000020373"/>
    <testcase classname="ds.skewness_smk_method_1_both" name="simple_skewness_method_1_both_on_LAB_TRIG" time="0.00100000000020373"/>
    <testcase classname="ds.skewness_smk_method_1_both" name="simple_skewness_method_1_both_on_LAB_TRIG" time="0.00199999999995271"/>
    <testcase classname="ds.skewness_smk_method_1_both" name="simple_skewness_method_1_both_on_LAB_TRIG" time="0.000999999999748979"/>
    <testcase classname="ds.skewness_smk_method_1_both" name="simple_skewness_method_1_both_on_LAB_TRIG" time="0.00100000000020373"/>
    <testcase classname="ds.skewness_smk_method_1_both" name="simple_skewness_method_1_both_on_LAB_TRIG" time="0.00100000000020373"/>
    <testcase classname="ds.skewness_smk_method_1_both" name="simple_skewness_method_1_both_on_LAB_TRIG" time="0.000999999999748979"/>
    <testcase classname="ds.skewness_smk_method_1_both" name="simple_skewness_method_1_both_on_LAB_TRIG" time="0.00200000000040745"/>
    <testcase classname="ds.skewness_smk_method_1_both" name="simple_skewness_method_1_both_on_LAB_TRIG" time="0.000999999999748979"/>
    <testcase classname="ds.skewness_smk_method_1_both" name="simple_skewness_method_1_both_on_LAB_TRIG" time="0.00199999999995271"/>
    <testcase classname="ds.skewness_smk_method_1_both" name="simple_skewness_method_1_both_on_LAB_TRIG" time="0.00100000000020373"/>
    <testcase classname="ds.skewness_smk_method_1_both" name="simple_skewness_method_1_both_on_LAB_TRIG" time="0.00199999999995271"/>
    <testcase classname="ds.skewness_smk_method_1_both" name="simple_skewness_method_1_both_on_LAB_TRIG" time="0.000999999999748979"/>
    <testcase classname="ds.skewness_smk_method_1_both" name="simple_skewness_method_1_both_on_LAB_TRIG" time="0.00100000000020373"/>
    <testcase classname="ds.skewness_smk_method_1_both" name="simple_skewness_method_1_both_on_LAB_TRIG" time="0.00199999999995271"/>
    <testcase classname="ds.skewness_smk_method_1_both" name="simple_skewness_method_1_both_on_LAB_TRIG" time="0.000999999999748979"/>
    <testcase classname="ds.skewness_smk_method_1_both" name="simple_skewness_method_1_both_on_LAB_TRIG" time="0.00199999999995271"/>
    <testcase classname="ds.skewness_smk_method_1_both" name="simple_skewness_method_1_both_on_LAB_TRIG" time="0.00100000000020373"/>
    <testcase classname="ds.skewness_smk_method_1_both" name="simple_skewness_method_1_both_on_LAB_TRIG" time="0.00199999999995271"/>
    <testcase classname="ds.skewness_smk_method_1_both" name="simple_skewness_method_1_both_on_LAB_TRIG" time="0.00199999999995271"/>
    <testcase classname="ds.skewness_smk_method_1_both" name="simple_skewness_method_1_both_on_LAB_HDL" time="1.71199999999999"/>
    <testcase classname="ds.skewness_smk_method_1_both" name="simple_skewness_method_1_both_on_LAB_HDL" time="0.00100000000020373"/>
    <testcase classname="ds.skewness_smk_method_1_both" name="simple_skewness_method_1_both_on_LAB_HDL" time="0.00199999999995271"/>
    <testcase classname="ds.skewness_smk_method_1_both" name="simple_skewness_method_1_both_on_LAB_HDL" time="0.00199999999995271"/>
    <testcase classname="ds.skewness_smk_method_1_both" name="simple_skewness_method_1_both_on_LAB_HDL" time="0.000999999999748979"/>
    <testcase classname="ds.skewness_smk_method_1_both" name="simple_skewness_method_1_both_on_LAB_HDL" time="0.00199999999995271"/>
    <testcase classname="ds.skewness_smk_method_1_both" name="simple_skewness_method_1_both_on_LAB_HDL" time="0.00200000000040745"/>
    <testcase classname="ds.skewness_smk_method_1_both" name="simple_skewness_method_1_both_on_LAB_HDL" time="0.00199999999995271"/>
    <testcase classname="ds.skewness_smk_method_1_both" name="simple_skewness_method_1_both_on_LAB_HDL" time="0.000999999999748979"/>
    <testcase classname="ds.skewness_smk_method_1_both" name="simple_skewness_method_1_both_on_LAB_HDL" time="0.00199999999995271"/>
    <testcase classname="ds.skewness_smk_method_1_both" name="simple_skewness_method_1_both_on_LAB_HDL" time="0.00199999999995271"/>
    <testcase classname="ds.skewness_smk_method_1_both" name="simple_skewness_method_1_both_on_LAB_HDL" time="0.00200000000040745"/>
    <testcase classname="ds.skewness_smk_method_1_both" name="simple_skewness_method_1_both_on_LAB_HDL" time="0.00199999999995271"/>
    <testcase classname="ds.skewness_smk_method_1_both" name="simple_skewness_method_1_both_on_LAB_HDL" time="0.000999999999748979"/>
    <testcase classname="ds.skewness_smk_method_1_both" name="simple_skewness_method_1_both_on_LAB_HDL" time="0.00199999999995271"/>
    <testcase classname="ds.skewness_smk_method_1_both" name="simple_skewness_method_1_both_on_LAB_HDL" time="0.00199999999995271"/>
    <testcase classname="ds.skewness_smk_method_1_both" name="simple_skewness_method_1_both_on_LAB_HDL" time="0.00200000000040745"/>
    <testcase classname="ds.skewness_smk_method_1_both" name="simple_skewness_method_1_both_on_LAB_HDL" time="0.00199999999995271"/>
    <testcase classname="ds.skewness_smk_method_1_both" name="simple_skewness_method_1_both_on_LAB_HDL" time="0.00199999999995271"/>
    <testcase classname="ds.skewness_smk_method_1_both" name="simple_skewness_method_1_both_on_LAB_HDL" time="0.00199999999995271"/>
    <testcase classname="ds.skewness_smk_method_1_both" name="simple_skewness_method_1_both_on_LAB_HDL" time="0.000999999999748979"/>
    <testcase classname="ds.skewness_smk_method_1_both" name="simple_skewness_method_1_both_on_LAB_HDL" time="0.00199999999995271"/>
    <testcase classname="ds.skewness_smk_method_1_both" name="simple_skewness_method_1_both_on_LAB_GLUC_ADJUSTED" time="1.7180000000003"/>
    <testcase classname="ds.skewness_smk_method_1_both" name="simple_skewness_method_1_both_on_LAB_GLUC_ADJUSTED" time="0.00299999999970169"/>
    <testcase classname="ds.skewness_smk_method_1_both" name="simple_skewness_method_1_both_on_LAB_GLUC_ADJUSTED" time="0.00200000000040745"/>
    <testcase classname="ds.skewness_smk_method_1_both" name="simple_skewness_method_1_both_on_LAB_GLUC_ADJUSTED" time="0.00199999999995271"/>
    <testcase classname="ds.skewness_smk_method_1_both" name="simple_skewness_method_1_both_on_LAB_GLUC_ADJUSTED" time="0.00199999999995271"/>
    <testcase classname="ds.skewness_smk_method_1_both" name="simple_skewness_method_1_both_on_LAB_GLUC_ADJUSTED" time="0.00199999999995271"/>
    <testcase classname="ds.skewness_smk_method_1_both" name="simple_skewness_method_1_both_on_LAB_GLUC_ADJUSTED" time="0.00199999999995271"/>
    <testcase classname="ds.skewness_smk_method_1_both" name="simple_skewness_method_1_both_on_LAB_GLUC_ADJUSTED" time="0.00300000000015643"/>
    <testcase classname="ds.skewness_smk_method_1_both" name="simple_skewness_method_1_both_on_LAB_GLUC_ADJUSTED" time="0.00199999999995271"/>
    <testcase classname="ds.skewness_smk_method_1_both" name="simple_skewness_method_1_both_on_LAB_GLUC_ADJUSTED" time="0.00199999999995271"/>
    <testcase classname="ds.skewness_smk_method_1_both" name="simple_skewness_method_1_both_on_LAB_GLUC_ADJUSTED" time="0.00199999999995271"/>
    <testcase classname="ds.skewness_smk_method_1_both" name="simple_skewness_method_1_both_on_LAB_GLUC_ADJUSTED" time="0.00300000000015643"/>
    <testcase classname="ds.skewness_smk_method_1_both" name="simple_skewness_method_1_both_on_LAB_GLUC_ADJUSTED" time="0.00199999999995271"/>
    <testcase classname="ds.skewness_smk_method_1_both" name="simple_skewness_method_1_both_on_LAB_GLUC_ADJUSTED" time="0.00199999999995271"/>
    <testcase classname="ds.skewness_smk_method_1_both" name="simple_skewness_method_1_both_on_LAB_GLUC_ADJUSTED" time="0.00299999999970169"/>
    <testcase classname="ds.skewness_smk_method_1_both" name="simple_skewness_method_1_both_on_LAB_GLUC_ADJUSTED" time="0.00900000000001455"/>
    <testcase classname="ds.skewness_smk_method_1_both" name="simple_skewness_method_1_both_on_LAB_GLUC_ADJUSTED" time="0.00200000000040745"/>
    <testcase classname="ds.skewness_smk_method_1_both" name="simple_skewness_method_1_both_on_LAB_GLUC_ADJUSTED" time="0.00299999999970169"/>
    <testcase classname="ds.skewness_smk_method_1_both" name="simple_skewness_method_1_both_on_LAB_GLUC_ADJUSTED" time="0.00199999999995271"/>
    <testcase classname="ds.skewness_smk_method_1_both" name="simple_skewness_method_1_both_on_LAB_GLUC_ADJUSTED" time="0.00300000000015643"/>
    <testcase classname="ds.skewness_smk_method_1_both" name="simple_skewness_method_1_both_on_LAB_GLUC_ADJUSTED" time="0.00199999999995271"/>
    <testcase classname="ds.skewness_smk_method_1_both" name="simple_skewness_method_1_both_on_LAB_GLUC_ADJUSTED" time="0.00199999999995271"/>
    <testcase classname="ds.skewness_smk_method_1_both" name="simple_skewness_method_1_both_on_PM_BMI_CONTINUOUS" time="1.72499999999991"/>
    <testcase classname="ds.skewness_smk_method_1_both" name="simple_skewness_method_1_both_on_PM_BMI_CONTINUOUS" time="0.00199999999995271"/>
    <testcase classname="ds.skewness_smk_method_1_both" name="simple_skewness_method_1_both_on_PM_BMI_CONTINUOUS" time="0.00300000000015643"/>
    <testcase classname="ds.skewness_smk_method_1_both" name="simple_skewness_method_1_both_on_PM_BMI_CONTINUOUS" time="0.00199999999995271"/>
    <testcase classname="ds.skewness_smk_method_1_both" name="simple_skewness_method_1_both_on_PM_BMI_CONTINUOUS" time="0.00199999999995271"/>
    <testcase classname="ds.skewness_smk_method_1_both" name="simple_skewness_method_1_both_on_PM_BMI_CONTINUOUS" time="0.00300000000015643"/>
    <testcase classname="ds.skewness_smk_method_1_both" name="simple_skewness_method_1_both_on_PM_BMI_CONTINUOUS" time="0.00199999999995271"/>
    <testcase classname="ds.skewness_smk_method_1_both" name="simple_skewness_method_1_both_on_PM_BMI_CONTINUOUS" time="0.00199999999995271"/>
    <testcase classname="ds.skewness_smk_method_1_both" name="simple_skewness_method_1_both_on_PM_BMI_CONTINUOUS" time="0.00299999999970169"/>
    <testcase classname="ds.skewness_smk_method_1_both" name="simple_skewness_method_1_both_on_PM_BMI_CONTINUOUS" time="0.00200000000040745"/>
    <testcase classname="ds.skewness_smk_method_1_both" name="simple_skewness_method_1_both_on_PM_BMI_CONTINUOUS" time="0.00299999999970169"/>
    <testcase classname="ds.skewness_smk_method_1_both" name="simple_skewness_method_1_both_on_PM_BMI_CONTINUOUS" time="0.00199999999995271"/>
    <testcase classname="ds.skewness_smk_method_1_both" name="simple_skewness_method_1_both_on_PM_BMI_CONTINUOUS" time="0.00300000000015643"/>
    <testcase classname="ds.skewness_smk_method_1_both" name="simple_skewness_method_1_both_on_PM_BMI_CONTINUOUS" time="0.00199999999995271"/>
    <testcase classname="ds.skewness_smk_method_1_both" name="simple_skewness_method_1_both_on_PM_BMI_CONTINUOUS" time="0.00300000000015643"/>
    <testcase classname="ds.skewness_smk_method_1_both" name="simple_skewness_method_1_both_on_PM_BMI_CONTINUOUS" time="0.00199999999995271"/>
    <testcase classname="ds.skewness_smk_method_1_both" name="simple_skewness_method_1_both_on_PM_BMI_CONTINUOUS" time="0.00299999999970169"/>
    <testcase classname="ds.skewness_smk_method_1_both" name="simple_skewness_method_1_both_on_PM_BMI_CONTINUOUS" time="0.00200000000040745"/>
    <testcase classname="ds.skewness_smk_method_1_both" name="simple_skewness_method_1_both_on_PM_BMI_CONTINUOUS" time="0.00299999999970169"/>
    <testcase classname="ds.skewness_smk_method_1_both" name="simple_skewness_method_1_both_on_PM_BMI_CONTINUOUS" time="0.00199999999995271"/>
    <testcase classname="ds.skewness_smk_method_1_both" name="simple_skewness_method_1_both_on_PM_BMI_CONTINUOUS" time="0.00300000000015643"/>
    <testcase classname="ds.skewness_smk_method_1_both" name="simple_skewness_method_1_both_on_PM_BMI_CONTINUOUS" time="0.00300000000015643"/>
  </testsuite>
  <testsuite errors="0" failures="0" hostname="fv-az14" name="ds.skewness::smk::method 2::split" skipped="0" tests="70" time="6.108" timestamp="2020-10-27T19:22:03Z">
    <testcase classname="ds.skewness_smk_method_2_split" name="simple_skewness_method_2_split_on_LAB_TSC" time="1.21499999999969"/>
    <testcase classname="ds.skewness_smk_method_2_split" name="simple_skewness_method_2_split_on_LAB_TSC" time="0.00100000000020373"/>
    <testcase classname="ds.skewness_smk_method_2_split" name="simple_skewness_method_2_split_on_LAB_TSC" time="0.000999999999748979"/>
    <testcase classname="ds.skewness_smk_method_2_split" name="simple_skewness_method_2_split_on_LAB_TSC" time="0.00100000000020373"/>
    <testcase classname="ds.skewness_smk_method_2_split" name="simple_skewness_method_2_split_on_LAB_TSC" time="0.00100000000020373"/>
    <testcase classname="ds.skewness_smk_method_2_split" name="simple_skewness_method_2_split_on_LAB_TSC" time="0.000999999999748979"/>
    <testcase classname="ds.skewness_smk_method_2_split" name="simple_skewness_method_2_split_on_LAB_TSC" time="0.00100000000020373"/>
    <testcase classname="ds.skewness_smk_method_2_split" name="simple_skewness_method_2_split_on_LAB_TSC" time="0.00199999999995271"/>
    <testcase classname="ds.skewness_smk_method_2_split" name="simple_skewness_method_2_split_on_LAB_TSC" time="0.000999999999748979"/>
    <testcase classname="ds.skewness_smk_method_2_split" name="simple_skewness_method_2_split_on_LAB_TSC" time="0.00100000000020373"/>
    <testcase classname="ds.skewness_smk_method_2_split" name="simple_skewness_method_2_split_on_LAB_TSC" time="0.000999999999748979"/>
    <testcase classname="ds.skewness_smk_method_2_split" name="simple_skewness_method_2_split_on_LAB_TSC" time="0.00100000000020373"/>
    <testcase classname="ds.skewness_smk_method_2_split" name="simple_skewness_method_2_split_on_LAB_TSC" time="0.000999999999748979"/>
    <testcase classname="ds.skewness_smk_method_2_split" name="simple_skewness_method_2_split_on_LAB_TSC" time="0.00200000000040745"/>
    <testcase classname="ds.skewness_smk_method_2_split" name="simple_skewness_method_2_split_on_LAB_TRIG" time="1.19200000000001"/>
    <testcase classname="ds.skewness_smk_method_2_split" name="simple_skewness_method_2_split_on_LAB_TRIG" time="0.00199999999995271"/>
    <testcase classname="ds.skewness_smk_method_2_split" name="simple_skewness_method_2_split_on_LAB_TRIG" time="0.000999999999748979"/>
    <testcase classname="ds.skewness_smk_method_2_split" name="simple_skewness_method_2_split_on_LAB_TRIG" time="0.00199999999995271"/>
    <testcase classname="ds.skewness_smk_method_2_split" name="simple_skewness_method_2_split_on_LAB_TRIG" time="0.00100000000020373"/>
    <testcase classname="ds.skewness_smk_method_2_split" name="simple_skewness_method_2_split_on_LAB_TRIG" time="0.000999999999748979"/>
    <testcase classname="ds.skewness_smk_method_2_split" name="simple_skewness_method_2_split_on_LAB_TRIG" time="0.00100000000020373"/>
    <testcase classname="ds.skewness_smk_method_2_split" name="simple_skewness_method_2_split_on_LAB_TRIG" time="0.00199999999995271"/>
    <testcase classname="ds.skewness_smk_method_2_split" name="simple_skewness_method_2_split_on_LAB_TRIG" time="0.00100000000020373"/>
    <testcase classname="ds.skewness_smk_method_2_split" name="simple_skewness_method_2_split_on_LAB_TRIG" time="0.000999999999748979"/>
    <testcase classname="ds.skewness_smk_method_2_split" name="simple_skewness_method_2_split_on_LAB_TRIG" time="0.00199999999995271"/>
    <testcase classname="ds.skewness_smk_method_2_split" name="simple_skewness_method_2_split_on_LAB_TRIG" time="0.00100000000020373"/>
    <testcase classname="ds.skewness_smk_method_2_split" name="simple_skewness_method_2_split_on_LAB_TRIG" time="0.00199999999995271"/>
    <testcase classname="ds.skewness_smk_method_2_split" name="simple_skewness_method_2_split_on_LAB_TRIG" time="0.00100000000020373"/>
    <testcase classname="ds.skewness_smk_method_2_split" name="simple_skewness_method_2_split_on_LAB_HDL" time="1.19499999999971"/>
    <testcase classname="ds.skewness_smk_method_2_split" name="simple_skewness_method_2_split_on_LAB_HDL" time="0.00199999999995271"/>
    <testcase classname="ds.skewness_smk_method_2_split" name="simple_skewness_method_2_split_on_LAB_HDL" time="0.00100000000020373"/>
    <testcase classname="ds.skewness_smk_method_2_split" name="simple_skewness_method_2_split_on_LAB_HDL" time="0.00199999999995271"/>
    <testcase classname="ds.skewness_smk_method_2_split" name="simple_skewness_method_2_split_on_LAB_HDL" time="0.000999999999748979"/>
    <testcase classname="ds.skewness_smk_method_2_split" name="simple_skewness_method_2_split_on_LAB_HDL" time="0.00200000000040745"/>
    <testcase classname="ds.skewness_smk_method_2_split" name="simple_skewness_method_2_split_on_LAB_HDL" time="0.00199999999995271"/>
    <testcase classname="ds.skewness_smk_method_2_split" name="simple_skewness_method_2_split_on_LAB_HDL" time="0.000999999999748979"/>
    <testcase classname="ds.skewness_smk_method_2_split" name="simple_skewness_method_2_split_on_LAB_HDL" time="0.00199999999995271"/>
    <testcase classname="ds.skewness_smk_method_2_split" name="simple_skewness_method_2_split_on_LAB_HDL" time="0.00100000000020373"/>
    <testcase classname="ds.skewness_smk_method_2_split" name="simple_skewness_method_2_split_on_LAB_HDL" time="0.00199999999995271"/>
    <testcase classname="ds.skewness_smk_method_2_split" name="simple_skewness_method_2_split_on_LAB_HDL" time="0.00199999999995271"/>
    <testcase classname="ds.skewness_smk_method_2_split" name="simple_skewness_method_2_split_on_LAB_HDL" time="0.00100000000020373"/>
    <testcase classname="ds.skewness_smk_method_2_split" name="simple_skewness_method_2_split_on_LAB_HDL" time="0.00199999999995271"/>
    <testcase classname="ds.skewness_smk_method_2_split" name="simple_skewness_method_2_split_on_LAB_GLUC_ADJUSTED" time="1.20699999999988"/>
    <testcase classname="ds.skewness_smk_method_2_split" name="simple_skewness_method_2_split_on_LAB_GLUC_ADJUSTED" time="0.00199999999995271"/>
    <testcase classname="ds.skewness_smk_method_2_split" name="simple_skewness_method_2_split_on_LAB_GLUC_ADJUSTED" time="0.00199999999995271"/>
    <testcase classname="ds.skewness_smk_method_2_split" name="simple_skewness_method_2_split_on_LAB_GLUC_ADJUSTED" time="0.00199999999995271"/>
    <testcase classname="ds.skewness_smk_method_2_split" name="simple_skewness_method_2_split_on_LAB_GLUC_ADJUSTED" time="0.00100000000020373"/>
    <testcase classname="ds.skewness_smk_method_2_split" name="simple_skewness_method_2_split_on_LAB_GLUC_ADJUSTED" time="0.00199999999995271"/>
    <testcase classname="ds.skewness_smk_method_2_split" name="simple_skewness_method_2_split_on_LAB_GLUC_ADJUSTED" time="0.00199999999995271"/>
    <testcase classname="ds.skewness_smk_method_2_split" name="simple_skewness_method_2_split_on_LAB_GLUC_ADJUSTED" time="0.00100000000020373"/>
    <testcase classname="ds.skewness_smk_method_2_split" name="simple_skewness_method_2_split_on_LAB_GLUC_ADJUSTED" time="0.00199999999995271"/>
    <testcase classname="ds.skewness_smk_method_2_split" name="simple_skewness_method_2_split_on_LAB_GLUC_ADJUSTED" time="0.00199999999995271"/>
    <testcase classname="ds.skewness_smk_method_2_split" name="simple_skewness_method_2_split_on_LAB_GLUC_ADJUSTED" time="0.00199999999995271"/>
    <testcase classname="ds.skewness_smk_method_2_split" name="simple_skewness_method_2_split_on_LAB_GLUC_ADJUSTED" time="0.00100000000020373"/>
    <testcase classname="ds.skewness_smk_method_2_split" name="simple_skewness_method_2_split_on_LAB_GLUC_ADJUSTED" time="0.00199999999995271"/>
    <testcase classname="ds.skewness_smk_method_2_split" name="simple_skewness_method_2_split_on_LAB_GLUC_ADJUSTED" time="0.00199999999995271"/>
    <testcase classname="ds.skewness_smk_method_2_split" name="simple_skewness_method_2_split_on_PM_BMI_CONTINUOUS" time="1.19799999999987"/>
    <testcase classname="ds.skewness_smk_method_2_split" name="simple_skewness_method_2_split_on_PM_BMI_CONTINUOUS" time="0.00199999999995271"/>
    <testcase classname="ds.skewness_smk_method_2_split" name="simple_skewness_method_2_split_on_PM_BMI_CONTINUOUS" time="0.00100000000020373"/>
    <testcase classname="ds.skewness_smk_method_2_split" name="simple_skewness_method_2_split_on_PM_BMI_CONTINUOUS" time="0.00100000000020373"/>
    <testcase classname="ds.skewness_smk_method_2_split" name="simple_skewness_method_2_split_on_PM_BMI_CONTINUOUS" time="0.00299999999970169"/>
    <testcase classname="ds.skewness_smk_method_2_split" name="simple_skewness_method_2_split_on_PM_BMI_CONTINUOUS" time="0.00200000000040745"/>
    <testcase classname="ds.skewness_smk_method_2_split" name="simple_skewness_method_2_split_on_PM_BMI_CONTINUOUS" time="0.000999999999748979"/>
    <testcase classname="ds.skewness_smk_method_2_split" name="simple_skewness_method_2_split_on_PM_BMI_CONTINUOUS" time="0.00199999999995271"/>
    <testcase classname="ds.skewness_smk_method_2_split" name="simple_skewness_method_2_split_on_PM_BMI_CONTINUOUS" time="0.00199999999995271"/>
    <testcase classname="ds.skewness_smk_method_2_split" name="simple_skewness_method_2_split_on_PM_BMI_CONTINUOUS" time="0.00199999999995271"/>
    <testcase classname="ds.skewness_smk_method_2_split" name="simple_skewness_method_2_split_on_PM_BMI_CONTINUOUS" time="0.00199999999995271"/>
    <testcase classname="ds.skewness_smk_method_2_split" name="simple_skewness_method_2_split_on_PM_BMI_CONTINUOUS" time="0.00200000000040745"/>
    <testcase classname="ds.skewness_smk_method_2_split" name="simple_skewness_method_2_split_on_PM_BMI_CONTINUOUS" time="0.00199999999995271"/>
    <testcase classname="ds.skewness_smk_method_2_split" name="simple_skewness_method_2_split_on_PM_BMI_CONTINUOUS" time="0.00199999999995271"/>
  </testsuite>
  <testsuite errors="0" failures="0" hostname="fv-az14" name="ds.skewness::smk::method 2::combine" skipped="0" tests="40" time="7.373" timestamp="2020-10-27T19:22:09Z">
    <testcase classname="ds.skewness_smk_method_2_combine" name="simple_skewness_combine_on_LAB_TSC" time="1.48199999999997"/>
    <testcase classname="ds.skewness_smk_method_2_combine" name="simple_skewness_combine_on_LAB_TSC" time="0.000999999999748979"/>
    <testcase classname="ds.skewness_smk_method_2_combine" name="simple_skewness_combine_on_LAB_TSC" time="0.00100000000020373"/>
    <testcase classname="ds.skewness_smk_method_2_combine" name="simple_skewness_combine_on_LAB_TSC" time="0.00100000000020373"/>
    <testcase classname="ds.skewness_smk_method_2_combine" name="simple_skewness_combine_on_LAB_TSC" time="0.000999999999748979"/>
    <testcase classname="ds.skewness_smk_method_2_combine" name="simple_skewness_combine_on_LAB_TSC" time="0.00100000000020373"/>
    <testcase classname="ds.skewness_smk_method_2_combine" name="simple_skewness_combine_on_LAB_TSC" time="0.000999999999748979"/>
    <testcase classname="ds.skewness_smk_method_2_combine" name="simple_skewness_combine_on_LAB_TSC" time="0.00100000000020373"/>
    <testcase classname="ds.skewness_smk_method_2_combine" name="simple_skewness_method_2_combine_on_LAB_TRIG" time="1.46299999999974"/>
    <testcase classname="ds.skewness_smk_method_2_combine" name="simple_skewness_method_2_combine_on_LAB_TRIG" time="0.00100000000020373"/>
    <testcase classname="ds.skewness_smk_method_2_combine" name="simple_skewness_method_2_combine_on_LAB_TRIG" time="0.000999999999748979"/>
    <testcase classname="ds.skewness_smk_method_2_combine" name="simple_skewness_method_2_combine_on_LAB_TRIG" time="0.00200000000040745"/>
    <testcase classname="ds.skewness_smk_method_2_combine" name="simple_skewness_method_2_combine_on_LAB_TRIG" time="0.000999999999748979"/>
    <testcase classname="ds.skewness_smk_method_2_combine" name="simple_skewness_method_2_combine_on_LAB_TRIG" time="0.00100000000020373"/>
    <testcase classname="ds.skewness_smk_method_2_combine" name="simple_skewness_method_2_combine_on_LAB_TRIG" time="0.000999999999748979"/>
    <testcase classname="ds.skewness_smk_method_2_combine" name="simple_skewness_method_2_combine_on_LAB_TRIG" time="0.00199999999995271"/>
    <testcase classname="ds.skewness_smk_method_2_combine" name="simple_skewness_method_2_combine_on_LAB_HDL" time="1.45000000000027"/>
    <testcase classname="ds.skewness_smk_method_2_combine" name="simple_skewness_method_2_combine_on_LAB_HDL" time="0.00199999999995271"/>
    <testcase classname="ds.skewness_smk_method_2_combine" name="simple_skewness_method_2_combine_on_LAB_HDL" time="0.00799999999981083"/>
    <testcase classname="ds.skewness_smk_method_2_combine" name="simple_skewness_method_2_combine_on_LAB_HDL" time="0.00199999999995271"/>
    <testcase classname="ds.skewness_smk_method_2_combine" name="simple_skewness_method_2_combine_on_LAB_HDL" time="0.00100000000020373"/>
    <testcase classname="ds.skewness_smk_method_2_combine" name="simple_skewness_method_2_combine_on_LAB_HDL" time="0.000999999999748979"/>
    <testcase classname="ds.skewness_smk_method_2_combine" name="simple_skewness_method_2_combine_on_LAB_HDL" time="0.00100000000020373"/>
    <testcase classname="ds.skewness_smk_method_2_combine" name="simple_skewness_method_2_combine_on_LAB_HDL" time="0.000999999999748979"/>
    <testcase classname="ds.skewness_smk_method_2_combine" name="simple_skewness_method_2_combine_on_LAB_GLUC_ADJUSTED" time="1.45400000000018"/>
    <testcase classname="ds.skewness_smk_method_2_combine" name="simple_skewness_method_2_combine_on_LAB_GLUC_ADJUSTED" time="0.00199999999995271"/>
    <testcase classname="ds.skewness_smk_method_2_combine" name="simple_skewness_method_2_combine_on_LAB_GLUC_ADJUSTED" time="0.000999999999748979"/>
    <testcase classname="ds.skewness_smk_method_2_combine" name="simple_skewness_method_2_combine_on_LAB_GLUC_ADJUSTED" time="0.00199999999995271"/>
    <testcase classname="ds.skewness_smk_method_2_combine" name="simple_skewness_method_2_combine_on_LAB_GLUC_ADJUSTED" time="0.00100000000020373"/>
    <testcase classname="ds.skewness_smk_method_2_combine" name="simple_skewness_method_2_combine_on_LAB_GLUC_ADJUSTED" time="0.00199999999995271"/>
    <testcase classname="ds.skewness_smk_method_2_combine" name="simple_skewness_method_2_combine_on_LAB_GLUC_ADJUSTED" time="0.00100000000020373"/>
    <testcase classname="ds.skewness_smk_method_2_combine" name="simple_skewness_method_2_combine_on_LAB_GLUC_ADJUSTED" time="0.000999999999748979"/>
    <testcase classname="ds.skewness_smk_method_2_combine" name="simple_skewness_method_2_combine_on_PM_BMI_CONTINUOUS" time="1.47000000000025"/>
    <testcase classname="ds.skewness_smk_method_2_combine" name="simple_skewness_method_2_combine_on_PM_BMI_CONTINUOUS" time="0.00199999999995271"/>
    <testcase classname="ds.skewness_smk_method_2_combine" name="simple_skewness_method_2_combine_on_PM_BMI_CONTINUOUS" time="0.00199999999995271"/>
    <testcase classname="ds.skewness_smk_method_2_combine" name="simple_skewness_method_2_combine_on_PM_BMI_CONTINUOUS" time="0.000999999999748979"/>
    <testcase classname="ds.skewness_smk_method_2_combine" name="simple_skewness_method_2_combine_on_PM_BMI_CONTINUOUS" time="0.00199999999995271"/>
    <testcase classname="ds.skewness_smk_method_2_combine" name="simple_skewness_method_2_combine_on_PM_BMI_CONTINUOUS" time="0.00100000000020373"/>
    <testcase classname="ds.skewness_smk_method_2_combine" name="simple_skewness_method_2_combine_on_PM_BMI_CONTINUOUS" time="0.00199999999995271"/>
    <testcase classname="ds.skewness_smk_method_2_combine" name="simple_skewness_method_2_combine_on_PM_BMI_CONTINUOUS" time="0.00199999999995271"/>
  </testsuite>
  <testsuite errors="0" failures="0" hostname="fv-az14" name="ds.skewness::smk::method 2::both" skipped="0" tests="110" time="8.813" timestamp="2020-10-27T19:22:17Z">
    <testcase classname="ds.skewness_smk_method_2_both" name="simple_skewness_both_on_LAB_TSC" time="1.72800000000007"/>
    <testcase classname="ds.skewness_smk_method_2_both" name="simple_skewness_both_on_LAB_TSC" time="0.00100000000020373"/>
    <testcase classname="ds.skewness_smk_method_2_both" name="simple_skewness_both_on_LAB_TSC" time="0.000999999999748979"/>
    <testcase classname="ds.skewness_smk_method_2_both" name="simple_skewness_both_on_LAB_TSC" time="0.00100000000020373"/>
    <testcase classname="ds.skewness_smk_method_2_both" name="simple_skewness_both_on_LAB_TSC" time="0.000999999999748979"/>
    <testcase classname="ds.skewness_smk_method_2_both" name="simple_skewness_both_on_LAB_TSC" time="0.00100000000020373"/>
    <testcase classname="ds.skewness_smk_method_2_both" name="simple_skewness_both_on_LAB_TSC" time="0.000999999999748979"/>
    <testcase classname="ds.skewness_smk_method_2_both" name="simple_skewness_both_on_LAB_TSC" time="0.00100000000020373"/>
    <testcase classname="ds.skewness_smk_method_2_both" name="simple_skewness_both_on_LAB_TSC" time="0.00199999999995271"/>
    <testcase classname="ds.skewness_smk_method_2_both" name="simple_skewness_both_on_LAB_TSC" time="0.00100000000020373"/>
    <testcase classname="ds.skewness_smk_method_2_both" name="simple_skewness_both_on_LAB_TSC" time="0.000999999999748979"/>
    <testcase classname="ds.skewness_smk_method_2_both" name="simple_skewness_both_on_LAB_TSC" time="0.00100000000020373"/>
    <testcase classname="ds.skewness_smk_method_2_both" name="simple_skewness_both_on_LAB_TSC" time="0.000999999999748979"/>
    <testcase classname="ds.skewness_smk_method_2_both" name="simple_skewness_both_on_LAB_TSC" time="0.00199999999995271"/>
    <testcase classname="ds.skewness_smk_method_2_both" name="simple_skewness_both_on_LAB_TSC" time="0.00100000000020373"/>
    <testcase classname="ds.skewness_smk_method_2_both" name="simple_skewness_both_on_LAB_TSC" time="0.000999999999748979"/>
    <testcase classname="ds.skewness_smk_method_2_both" name="simple_skewness_both_on_LAB_TSC" time="0.00100000000020373"/>
    <testcase classname="ds.skewness_smk_method_2_both" name="simple_skewness_both_on_LAB_TSC" time="0.00100000000020373"/>
    <testcase classname="ds.skewness_smk_method_2_both" name="simple_skewness_both_on_LAB_TSC" time="0.00199999999995271"/>
    <testcase classname="ds.skewness_smk_method_2_both" name="simple_skewness_both_on_LAB_TSC" time="0.000999999999748979"/>
    <testcase classname="ds.skewness_smk_method_2_both" name="simple_skewness_both_on_LAB_TSC" time="0.00100000000020373"/>
    <testcase classname="ds.skewness_smk_method_2_both" name="simple_skewness_both_on_LAB_TSC" time="0.00199999999995271"/>
    <testcase classname="ds.skewness_smk_method_2_both" name="simple_skewness_method_2_both_on_LAB_TRIG" time="1.71799999999985"/>
    <testcase classname="ds.skewness_smk_method_2_both" name="simple_skewness_method_2_both_on_LAB_TRIG" time="0.00199999999995271"/>
    <testcase classname="ds.skewness_smk_method_2_both" name="simple_skewness_method_2_both_on_LAB_TRIG" time="0.00100000000020373"/>
    <testcase classname="ds.skewness_smk_method_2_both" name="simple_skewness_method_2_both_on_LAB_TRIG" time="0.000999999999748979"/>
    <testcase classname="ds.skewness_smk_method_2_both" name="simple_skewness_method_2_both_on_LAB_TRIG" time="0.00200000000040745"/>
    <testcase classname="ds.skewness_smk_method_2_both" name="simple_skewness_method_2_both_on_LAB_TRIG" time="0.000999999999748979"/>
    <testcase classname="ds.skewness_smk_method_2_both" name="simple_skewness_method_2_both_on_LAB_TRIG" time="0.00199999999995271"/>
    <testcase classname="ds.skewness_smk_method_2_both" name="simple_skewness_method_2_both_on_LAB_TRIG" time="0.00100000000020373"/>
    <testcase classname="ds.skewness_smk_method_2_both" name="simple_skewness_method_2_both_on_LAB_TRIG" time="0.00199999999995271"/>
    <testcase classname="ds.skewness_smk_method_2_both" name="simple_skewness_method_2_both_on_LAB_TRIG" time="0.000999999999748979"/>
    <testcase classname="ds.skewness_smk_method_2_both" name="simple_skewness_method_2_both_on_LAB_TRIG" time="0.00200000000040745"/>
    <testcase classname="ds.skewness_smk_method_2_both" name="simple_skewness_method_2_both_on_LAB_TRIG" time="0.000999999999748979"/>
    <testcase classname="ds.skewness_smk_method_2_both" name="simple_skewness_method_2_both_on_LAB_TRIG" time="0.00199999999995271"/>
    <testcase classname="ds.skewness_smk_method_2_both" name="simple_skewness_method_2_both_on_LAB_TRIG" time="0.00100000000020373"/>
    <testcase classname="ds.skewness_smk_method_2_both" name="simple_skewness_method_2_both_on_LAB_TRIG" time="0.00199999999995271"/>
    <testcase classname="ds.skewness_smk_method_2_both" name="simple_skewness_method_2_both_on_LAB_TRIG" time="0.000999999999748979"/>
    <testcase classname="ds.skewness_smk_method_2_both" name="simple_skewness_method_2_both_on_LAB_TRIG" time="0.00199999999995271"/>
    <testcase classname="ds.skewness_smk_method_2_both" name="simple_skewness_method_2_both_on_LAB_TRIG" time="0.00100000000020373"/>
    <testcase classname="ds.skewness_smk_method_2_both" name="simple_skewness_method_2_both_on_LAB_TRIG" time="0.00199999999995271"/>
    <testcase classname="ds.skewness_smk_method_2_both" name="simple_skewness_method_2_both_on_LAB_TRIG" time="0.00100000000020373"/>
    <testcase classname="ds.skewness_smk_method_2_both" name="simple_skewness_method_2_both_on_LAB_TRIG" time="0.00199999999995271"/>
    <testcase classname="ds.skewness_smk_method_2_both" name="simple_skewness_method_2_both_on_LAB_TRIG" time="0.00199999999995271"/>
    <testcase classname="ds.skewness_smk_method_2_both" name="simple_skewness_method_2_both_on_LAB_HDL" time="1.72899999999981"/>
    <testcase classname="ds.skewness_smk_method_2_both" name="simple_skewness_method_2_both_on_LAB_HDL" time="0.00199999999995271"/>
    <testcase classname="ds.skewness_smk_method_2_both" name="simple_skewness_method_2_both_on_LAB_HDL" time="0.00200000000040745"/>
    <testcase classname="ds.skewness_smk_method_2_both" name="simple_skewness_method_2_both_on_LAB_HDL" time="0.000999999999748979"/>
    <testcase classname="ds.skewness_smk_method_2_both" name="simple_skewness_method_2_both_on_LAB_HDL" time="0.00199999999995271"/>
    <testcase classname="ds.skewness_smk_method_2_both" name="simple_skewness_method_2_both_on_LAB_HDL" time="0.00199999999995271"/>
    <testcase classname="ds.skewness_smk_method_2_both" name="simple_skewness_method_2_both_on_LAB_HDL" time="0.00199999999995271"/>
    <testcase classname="ds.skewness_smk_method_2_both" name="simple_skewness_method_2_both_on_LAB_HDL" time="0.00100000000020373"/>
    <testcase classname="ds.skewness_smk_method_2_both" name="simple_skewness_method_2_both_on_LAB_HDL" time="0.00199999999995271"/>
    <testcase classname="ds.skewness_smk_method_2_both" name="simple_skewness_method_2_both_on_LAB_HDL" time="0.00199999999995271"/>
    <testcase classname="ds.skewness_smk_method_2_both" name="simple_skewness_method_2_both_on_LAB_HDL" time="0.00199999999995271"/>
    <testcase classname="ds.skewness_smk_method_2_both" name="simple_skewness_method_2_both_on_LAB_HDL" time="0.00199999999995271"/>
    <testcase classname="ds.skewness_smk_method_2_both" name="simple_skewness_method_2_both_on_LAB_HDL" time="0.00199999999995271"/>
    <testcase classname="ds.skewness_smk_method_2_both" name="simple_skewness_method_2_both_on_LAB_HDL" time="0.00100000000020373"/>
    <testcase classname="ds.skewness_smk_method_2_both" name="simple_skewness_method_2_both_on_LAB_HDL" time="0.00199999999995271"/>
    <testcase classname="ds.skewness_smk_method_2_both" name="simple_skewness_method_2_both_on_LAB_HDL" time="0.00199999999995271"/>
    <testcase classname="ds.skewness_smk_method_2_both" name="simple_skewness_method_2_both_on_LAB_HDL" time="0.00199999999995271"/>
    <testcase classname="ds.skewness_smk_method_2_both" name="simple_skewness_method_2_both_on_LAB_HDL" time="0.00199999999995271"/>
    <testcase classname="ds.skewness_smk_method_2_both" name="simple_skewness_method_2_both_on_LAB_HDL" time="0.00200000000040745"/>
    <testcase classname="ds.skewness_smk_method_2_both" name="simple_skewness_method_2_both_on_LAB_HDL" time="0.00199999999995271"/>
    <testcase classname="ds.skewness_smk_method_2_both" name="simple_skewness_method_2_both_on_LAB_HDL" time="0.00199999999995271"/>
    <testcase classname="ds.skewness_smk_method_2_both" name="simple_skewness_method_2_both_on_LAB_HDL" time="0.00199999999995271"/>
    <testcase classname="ds.skewness_smk_method_2_both" name="simple_skewness_method_2_both_on_LAB_GLUC_ADJUSTED" time="1.71799999999985"/>
    <testcase classname="ds.skewness_smk_method_2_both" name="simple_skewness_method_2_both_on_LAB_GLUC_ADJUSTED" time="0.00199999999995271"/>
    <testcase classname="ds.skewness_smk_method_2_both" name="simple_skewness_method_2_both_on_LAB_GLUC_ADJUSTED" time="0.00199999999995271"/>
    <testcase classname="ds.skewness_smk_method_2_both" name="simple_skewness_method_2_both_on_LAB_GLUC_ADJUSTED" time="0.00199999999995271"/>
    <testcase classname="ds.skewness_smk_method_2_both" name="simple_skewness_method_2_both_on_LAB_GLUC_ADJUSTED" time="0.00200000000040745"/>
    <testcase classname="ds.skewness_smk_method_2_both" name="simple_skewness_method_2_both_on_LAB_GLUC_ADJUSTED" time="0.00199999999995271"/>
    <testcase classname="ds.skewness_smk_method_2_both" name="simple_skewness_method_2_both_on_LAB_GLUC_ADJUSTED" time="0.00199999999995271"/>
    <testcase classname="ds.skewness_smk_method_2_both" name="simple_skewness_method_2_both_on_LAB_GLUC_ADJUSTED" time="0.00199999999995271"/>
    <testcase classname="ds.skewness_smk_method_2_both" name="simple_skewness_method_2_both_on_LAB_GLUC_ADJUSTED" time="0.00199999999995271"/>
    <testcase classname="ds.skewness_smk_method_2_both" name="simple_skewness_method_2_both_on_LAB_GLUC_ADJUSTED" time="0.00199999999995271"/>
    <testcase classname="ds.skewness_smk_method_2_both" name="simple_skewness_method_2_both_on_LAB_GLUC_ADJUSTED" time="0.00199999999995271"/>
    <testcase classname="ds.skewness_smk_method_2_both" name="simple_skewness_method_2_both_on_LAB_GLUC_ADJUSTED" time="0.00300000000015643"/>
    <testcase classname="ds.skewness_smk_method_2_both" name="simple_skewness_method_2_both_on_LAB_GLUC_ADJUSTED" time="0.00199999999995271"/>
    <testcase classname="ds.skewness_smk_method_2_both" name="simple_skewness_method_2_both_on_LAB_GLUC_ADJUSTED" time="0.00199999999995271"/>
    <testcase classname="ds.skewness_smk_method_2_both" name="simple_skewness_method_2_both_on_LAB_GLUC_ADJUSTED" time="0.00199999999995271"/>
    <testcase classname="ds.skewness_smk_method_2_both" name="simple_skewness_method_2_both_on_LAB_GLUC_ADJUSTED" time="0.00199999999995271"/>
    <testcase classname="ds.skewness_smk_method_2_both" name="simple_skewness_method_2_both_on_LAB_GLUC_ADJUSTED" time="0.00199999999995271"/>
    <testcase classname="ds.skewness_smk_method_2_both" name="simple_skewness_method_2_both_on_LAB_GLUC_ADJUSTED" time="0.00300000000015643"/>
    <testcase classname="ds.skewness_smk_method_2_both" name="simple_skewness_method_2_both_on_LAB_GLUC_ADJUSTED" time="0.00199999999995271"/>
    <testcase classname="ds.skewness_smk_method_2_both" name="simple_skewness_method_2_both_on_LAB_GLUC_ADJUSTED" time="0.00199999999995271"/>
    <testcase classname="ds.skewness_smk_method_2_both" name="simple_skewness_method_2_both_on_LAB_GLUC_ADJUSTED" time="0.00199999999995271"/>
    <testcase classname="ds.skewness_smk_method_2_both" name="simple_skewness_method_2_both_on_LAB_GLUC_ADJUSTED" time="0.00199999999995271"/>
    <testcase classname="ds.skewness_smk_method_2_both" name="simple_skewness_method_2_both_on_PM_BMI_CONTINUOUS" time="1.72900000000027"/>
    <testcase classname="ds.skewness_smk_method_2_both" name="simple_skewness_method_2_both_on_PM_BMI_CONTINUOUS" time="0.00300000000015643"/>
    <testcase classname="ds.skewness_smk_method_2_both" name="simple_skewness_method_2_both_on_PM_BMI_CONTINUOUS" time="0.00199999999995271"/>
    <testcase classname="ds.skewness_smk_method_2_both" name="simple_skewness_method_2_both_on_PM_BMI_CONTINUOUS" time="0.00199999999995271"/>
    <testcase classname="ds.skewness_smk_method_2_both" name="simple_skewness_method_2_both_on_PM_BMI_CONTINUOUS" time="0.00299999999970169"/>
    <testcase classname="ds.skewness_smk_method_2_both" name="simple_skewness_method_2_both_on_PM_BMI_CONTINUOUS" time="0.00200000000040745"/>
    <testcase classname="ds.skewness_smk_method_2_both" name="simple_skewness_method_2_both_on_PM_BMI_CONTINUOUS" time="0.00199999999995271"/>
    <testcase classname="ds.skewness_smk_method_2_both" name="simple_skewness_method_2_both_on_PM_BMI_CONTINUOUS" time="0.00299999999970169"/>
    <testcase classname="ds.skewness_smk_method_2_both" name="simple_skewness_method_2_both_on_PM_BMI_CONTINUOUS" time="0.00199999999995271"/>
    <testcase classname="ds.skewness_smk_method_2_both" name="simple_skewness_method_2_both_on_PM_BMI_CONTINUOUS" time="0.00300000000015643"/>
    <testcase classname="ds.skewness_smk_method_2_both" name="simple_skewness_method_2_both_on_PM_BMI_CONTINUOUS" time="0.00199999999995271"/>
    <testcase classname="ds.skewness_smk_method_2_both" name="simple_skewness_method_2_both_on_PM_BMI_CONTINUOUS" time="0.00199999999995271"/>
    <testcase classname="ds.skewness_smk_method_2_both" name="simple_skewness_method_2_both_on_PM_BMI_CONTINUOUS" time="0.00300000000015643"/>
    <testcase classname="ds.skewness_smk_method_2_both" name="simple_skewness_method_2_both_on_PM_BMI_CONTINUOUS" time="0.00199999999995271"/>
    <testcase classname="ds.skewness_smk_method_2_both" name="simple_skewness_method_2_both_on_PM_BMI_CONTINUOUS" time="0.00300000000015643"/>
    <testcase classname="ds.skewness_smk_method_2_both" name="simple_skewness_method_2_both_on_PM_BMI_CONTINUOUS" time="0.00199999999995271"/>
    <testcase classname="ds.skewness_smk_method_2_both" name="simple_skewness_method_2_both_on_PM_BMI_CONTINUOUS" time="0.00299999999970169"/>
    <testcase classname="ds.skewness_smk_method_2_both" name="simple_skewness_method_2_both_on_PM_BMI_CONTINUOUS" time="0.00200000000040745"/>
    <testcase classname="ds.skewness_smk_method_2_both" name="simple_skewness_method_2_both_on_PM_BMI_CONTINUOUS" time="0.00299999999970169"/>
    <testcase classname="ds.skewness_smk_method_2_both" name="simple_skewness_method_2_both_on_PM_BMI_CONTINUOUS" time="0.00199999999995271"/>
    <testcase classname="ds.skewness_smk_method_2_both" name="simple_skewness_method_2_both_on_PM_BMI_CONTINUOUS" time="0.00300000000015643"/>
    <testcase classname="ds.skewness_smk_method_2_both" name="simple_skewness_method_2_both_on_PM_BMI_CONTINUOUS" time="0.00199999999995271"/>
  </testsuite>
  <testsuite errors="0" failures="0" hostname="fv-az14" name="ds.skewness::smk::method 3::split" skipped="0" tests="70" time="6.116" timestamp="2020-10-27T19:22:26Z">
    <testcase classname="ds.skewness_smk_method_3_split" name="simple_skewness_method_3_split_on_LAB_TSC" time="1.21100000000024"/>
    <testcase classname="ds.skewness_smk_method_3_split" name="simple_skewness_method_3_split_on_LAB_TSC" time="0.000999999999748979"/>
    <testcase classname="ds.skewness_smk_method_3_split" name="simple_skewness_method_3_split_on_LAB_TSC" time="0.00100000000020373"/>
    <testcase classname="ds.skewness_smk_method_3_split" name="simple_skewness_method_3_split_on_LAB_TSC" time="0.000999999999748979"/>
    <testcase classname="ds.skewness_smk_method_3_split" name="simple_skewness_method_3_split_on_LAB_TSC" time="0.00199999999995271"/>
    <testcase classname="ds.skewness_smk_method_3_split" name="simple_skewness_method_3_split_on_LAB_TSC" time="0.00100000000020373"/>
    <testcase classname="ds.skewness_smk_method_3_split" name="simple_skewness_method_3_split_on_LAB_TSC" time="0.000999999999748979"/>
    <testcase classname="ds.skewness_smk_method_3_split" name="simple_skewness_method_3_split_on_LAB_TSC" time="0.00100000000020373"/>
    <testcase classname="ds.skewness_smk_method_3_split" name="simple_skewness_method_3_split_on_LAB_TSC" time="0.000999999999748979"/>
    <testcase classname="ds.skewness_smk_method_3_split" name="simple_skewness_method_3_split_on_LAB_TSC" time="0.00100000000020373"/>
    <testcase classname="ds.skewness_smk_method_3_split" name="simple_skewness_method_3_split_on_LAB_TSC" time="0.00100000000020373"/>
    <testcase classname="ds.skewness_smk_method_3_split" name="simple_skewness_method_3_split_on_LAB_TSC" time="0.00199999999995271"/>
    <testcase classname="ds.skewness_smk_method_3_split" name="simple_skewness_method_3_split_on_LAB_TSC" time="0.000999999999748979"/>
    <testcase classname="ds.skewness_smk_method_3_split" name="simple_skewness_method_3_split_on_LAB_TSC" time="0.00100000000020373"/>
    <testcase classname="ds.skewness_smk_method_3_split" name="simple_skewness_method_3_split_on_LAB_TRIG" time="1.21099999999979"/>
    <testcase classname="ds.skewness_smk_method_3_split" name="simple_skewness_method_3_split_on_LAB_TRIG" time="0.00100000000020373"/>
    <testcase classname="ds.skewness_smk_method_3_split" name="simple_skewness_method_3_split_on_LAB_TRIG" time="0.000999999999748979"/>
    <testcase classname="ds.skewness_smk_method_3_split" name="simple_skewness_method_3_split_on_LAB_TRIG" time="0.00199999999995271"/>
    <testcase classname="ds.skewness_smk_method_3_split" name="simple_skewness_method_3_split_on_LAB_TRIG" time="0.00100000000020373"/>
    <testcase classname="ds.skewness_smk_method_3_split" name="simple_skewness_method_3_split_on_LAB_TRIG" time="0.00100000000020373"/>
    <testcase classname="ds.skewness_smk_method_3_split" name="simple_skewness_method_3_split_on_LAB_TRIG" time="0.00199999999995271"/>
    <testcase classname="ds.skewness_smk_method_3_split" name="simple_skewness_method_3_split_on_LAB_TRIG" time="0.000999999999748979"/>
    <testcase classname="ds.skewness_smk_method_3_split" name="simple_skewness_method_3_split_on_LAB_TRIG" time="0.00100000000020373"/>
    <testcase classname="ds.skewness_smk_method_3_split" name="simple_skewness_method_3_split_on_LAB_TRIG" time="0.00199999999995271"/>
    <testcase classname="ds.skewness_smk_method_3_split" name="simple_skewness_method_3_split_on_LAB_TRIG" time="0.000999999999748979"/>
    <testcase classname="ds.skewness_smk_method_3_split" name="simple_skewness_method_3_split_on_LAB_TRIG" time="0.00100000000020373"/>
    <testcase classname="ds.skewness_smk_method_3_split" name="simple_skewness_method_3_split_on_LAB_TRIG" time="0.00199999999995271"/>
    <testcase classname="ds.skewness_smk_method_3_split" name="simple_skewness_method_3_split_on_LAB_TRIG" time="0.00100000000020373"/>
    <testcase classname="ds.skewness_smk_method_3_split" name="simple_skewness_method_3_split_on_LAB_HDL" time="1.19799999999987"/>
    <testcase classname="ds.skewness_smk_method_3_split" name="simple_skewness_method_3_split_on_LAB_HDL" time="0.00199999999995271"/>
    <testcase classname="ds.skewness_smk_method_3_split" name="simple_skewness_method_3_split_on_LAB_HDL" time="0.00100000000020373"/>
    <testcase classname="ds.skewness_smk_method_3_split" name="simple_skewness_method_3_split_on_LAB_HDL" time="0.00199999999995271"/>
    <testcase classname="ds.skewness_smk_method_3_split" name="simple_skewness_method_3_split_on_LAB_HDL" time="0.000999999999748979"/>
    <testcase classname="ds.skewness_smk_method_3_split" name="simple_skewness_method_3_split_on_LAB_HDL" time="0.00199999999995271"/>
    <testcase classname="ds.skewness_smk_method_3_split" name="simple_skewness_method_3_split_on_LAB_HDL" time="0.00100000000020373"/>
    <testcase classname="ds.skewness_smk_method_3_split" name="simple_skewness_method_3_split_on_LAB_HDL" time="0.00199999999995271"/>
    <testcase classname="ds.skewness_smk_method_3_split" name="simple_skewness_method_3_split_on_LAB_HDL" time="0.00100000000020373"/>
    <testcase classname="ds.skewness_smk_method_3_split" name="simple_skewness_method_3_split_on_LAB_HDL" time="0.00199999999995271"/>
    <testcase classname="ds.skewness_smk_method_3_split" name="simple_skewness_method_3_split_on_LAB_HDL" time="0.000999999999748979"/>
    <testcase classname="ds.skewness_smk_method_3_split" name="simple_skewness_method_3_split_on_LAB_HDL" time="0.00199999999995271"/>
    <testcase classname="ds.skewness_smk_method_3_split" name="simple_skewness_method_3_split_on_LAB_HDL" time="0.00100000000020373"/>
    <testcase classname="ds.skewness_smk_method_3_split" name="simple_skewness_method_3_split_on_LAB_HDL" time="0.00199999999995271"/>
    <testcase classname="ds.skewness_smk_method_3_split" name="simple_skewness_method_3_split_on_LAB_GLUC_ADJUSTED" time="1.19500000000016"/>
    <testcase classname="ds.skewness_smk_method_3_split" name="simple_skewness_method_3_split_on_LAB_GLUC_ADJUSTED" time="0.00100000000020373"/>
    <testcase classname="ds.skewness_smk_method_3_split" name="simple_skewness_method_3_split_on_LAB_GLUC_ADJUSTED" time="0.00199999999995271"/>
    <testcase classname="ds.skewness_smk_method_3_split" name="simple_skewness_method_3_split_on_LAB_GLUC_ADJUSTED" time="0.00199999999995271"/>
    <testcase classname="ds.skewness_smk_method_3_split" name="simple_skewness_method_3_split_on_LAB_GLUC_ADJUSTED" time="0.000999999999748979"/>
    <testcase classname="ds.skewness_smk_method_3_split" name="simple_skewness_method_3_split_on_LAB_GLUC_ADJUSTED" time="0.00100000000020373"/>
    <testcase classname="ds.skewness_smk_method_3_split" name="simple_skewness_method_3_split_on_LAB_GLUC_ADJUSTED" time="0.00199999999995271"/>
    <testcase classname="ds.skewness_smk_method_3_split" name="simple_skewness_method_3_split_on_LAB_GLUC_ADJUSTED" time="0.00199999999995271"/>
    <testcase classname="ds.skewness_smk_method_3_split" name="simple_skewness_method_3_split_on_LAB_GLUC_ADJUSTED" time="0.000999999999748979"/>
    <testcase classname="ds.skewness_smk_method_3_split" name="simple_skewness_method_3_split_on_LAB_GLUC_ADJUSTED" time="0.00199999999995271"/>
    <testcase classname="ds.skewness_smk_method_3_split" name="simple_skewness_method_3_split_on_LAB_GLUC_ADJUSTED" time="0.00200000000040745"/>
    <testcase classname="ds.skewness_smk_method_3_split" name="simple_skewness_method_3_split_on_LAB_GLUC_ADJUSTED" time="0.00199999999995271"/>
    <testcase classname="ds.skewness_smk_method_3_split" name="simple_skewness_method_3_split_on_LAB_GLUC_ADJUSTED" time="0.000999999999748979"/>
    <testcase classname="ds.skewness_smk_method_3_split" name="simple_skewness_method_3_split_on_LAB_GLUC_ADJUSTED" time="0.000999999999748979"/>
    <testcase classname="ds.skewness_smk_method_3_split" name="simple_skewness_method_3_split_on_PM_BMI_CONTINUOUS" time="1.20499999999993"/>
    <testcase classname="ds.skewness_smk_method_3_split" name="simple_skewness_method_3_split_on_PM_BMI_CONTINUOUS" time="0.00200000000040745"/>
    <testcase classname="ds.skewness_smk_method_3_split" name="simple_skewness_method_3_split_on_PM_BMI_CONTINUOUS" time="0.00199999999995271"/>
    <testcase classname="ds.skewness_smk_method_3_split" name="simple_skewness_method_3_split_on_PM_BMI_CONTINUOUS" time="0.00199999999995271"/>
    <testcase classname="ds.skewness_smk_method_3_split" name="simple_skewness_method_3_split_on_PM_BMI_CONTINUOUS" time="0.00199999999995271"/>
    <testcase classname="ds.skewness_smk_method_3_split" name="simple_skewness_method_3_split_on_PM_BMI_CONTINUOUS" time="0.00199999999995271"/>
    <testcase classname="ds.skewness_smk_method_3_split" name="simple_skewness_method_3_split_on_PM_BMI_CONTINUOUS" time="0.00100000000020373"/>
    <testcase classname="ds.skewness_smk_method_3_split" name="simple_skewness_method_3_split_on_PM_BMI_CONTINUOUS" time="0.00100000000020373"/>
    <testcase classname="ds.skewness_smk_method_3_split" name="simple_skewness_method_3_split_on_PM_BMI_CONTINUOUS" time="0.00199999999995271"/>
    <testcase classname="ds.skewness_smk_method_3_split" name="simple_skewness_method_3_split_on_PM_BMI_CONTINUOUS" time="0.00199999999995271"/>
    <testcase classname="ds.skewness_smk_method_3_split" name="simple_skewness_method_3_split_on_PM_BMI_CONTINUOUS" time="0.00199999999995271"/>
    <testcase classname="ds.skewness_smk_method_3_split" name="simple_skewness_method_3_split_on_PM_BMI_CONTINUOUS" time="0.00199999999995271"/>
    <testcase classname="ds.skewness_smk_method_3_split" name="simple_skewness_method_3_split_on_PM_BMI_CONTINUOUS" time="0.00199999999995271"/>
    <testcase classname="ds.skewness_smk_method_3_split" name="simple_skewness_method_3_split_on_PM_BMI_CONTINUOUS" time="0.00199999999995271"/>
  </testsuite>
  <testsuite errors="0" failures="0" hostname="fv-az14" name="ds.skewness::smk::method 3::combine" skipped="0" tests="40" time="7.364" timestamp="2020-10-27T19:22:32Z">
    <testcase classname="ds.skewness_smk_method_3_combine" name="simple_skewness_combine_on_LAB_TSC" time="1.47200000000021"/>
    <testcase classname="ds.skewness_smk_method_3_combine" name="simple_skewness_combine_on_LAB_TSC" time="0.000999999999748979"/>
    <testcase classname="ds.skewness_smk_method_3_combine" name="simple_skewness_combine_on_LAB_TSC" time="0.00100000000020373"/>
    <testcase classname="ds.skewness_smk_method_3_combine" name="simple_skewness_combine_on_LAB_TSC" time="0.000999999999748979"/>
    <testcase classname="ds.skewness_smk_method_3_combine" name="simple_skewness_combine_on_LAB_TSC" time="0.00100000000020373"/>
    <testcase classname="ds.skewness_smk_method_3_combine" name="simple_skewness_combine_on_LAB_TSC" time="0.00100000000020373"/>
    <testcase classname="ds.skewness_smk_method_3_combine" name="simple_skewness_combine_on_LAB_TSC" time="0.000999999999748979"/>
    <testcase classname="ds.skewness_smk_method_3_combine" name="simple_skewness_combine_on_LAB_TSC" time="0.00100000000020373"/>
    <testcase classname="ds.skewness_smk_method_3_combine" name="simple_skewness_method_3_combine_on_LAB_TRIG" time="1.46799999999985"/>
    <testcase classname="ds.skewness_smk_method_3_combine" name="simple_skewness_method_3_combine_on_LAB_TRIG" time="0.00100000000020373"/>
    <testcase classname="ds.skewness_smk_method_3_combine" name="simple_skewness_method_3_combine_on_LAB_TRIG" time="0.000999999999748979"/>
    <testcase classname="ds.skewness_smk_method_3_combine" name="simple_skewness_method_3_combine_on_LAB_TRIG" time="0.00100000000020373"/>
    <testcase classname="ds.skewness_smk_method_3_combine" name="simple_skewness_method_3_combine_on_LAB_TRIG" time="0.000999999999748979"/>
    <testcase classname="ds.skewness_smk_method_3_combine" name="simple_skewness_method_3_combine_on_LAB_TRIG" time="0.00199999999995271"/>
    <testcase classname="ds.skewness_smk_method_3_combine" name="simple_skewness_method_3_combine_on_LAB_TRIG" time="0.00100000000020373"/>
    <testcase classname="ds.skewness_smk_method_3_combine" name="simple_skewness_method_3_combine_on_LAB_TRIG" time="0.000999999999748979"/>
    <testcase classname="ds.skewness_smk_method_3_combine" name="simple_skewness_method_3_combine_on_LAB_HDL" time="1.45600000000013"/>
    <testcase classname="ds.skewness_smk_method_3_combine" name="simple_skewness_method_3_combine_on_LAB_HDL" time="0.00100000000020373"/>
    <testcase classname="ds.skewness_smk_method_3_combine" name="simple_skewness_method_3_combine_on_LAB_HDL" time="0.00199999999995271"/>
    <testcase classname="ds.skewness_smk_method_3_combine" name="simple_skewness_method_3_combine_on_LAB_HDL" time="0.000999999999748979"/>
    <testcase classname="ds.skewness_smk_method_3_combine" name="simple_skewness_method_3_combine_on_LAB_HDL" time="0.00100000000020373"/>
    <testcase classname="ds.skewness_smk_method_3_combine" name="simple_skewness_method_3_combine_on_LAB_HDL" time="0.00199999999995271"/>
    <testcase classname="ds.skewness_smk_method_3_combine" name="simple_skewness_method_3_combine_on_LAB_HDL" time="0.00100000000020373"/>
    <testcase classname="ds.skewness_smk_method_3_combine" name="simple_skewness_method_3_combine_on_LAB_HDL" time="0.000999999999748979"/>
    <testcase classname="ds.skewness_smk_method_3_combine" name="simple_skewness_method_3_combine_on_LAB_GLUC_ADJUSTED" time="1.46100000000024"/>
    <testcase classname="ds.skewness_smk_method_3_combine" name="simple_skewness_method_3_combine_on_LAB_GLUC_ADJUSTED" time="0.000999999999748979"/>
    <testcase classname="ds.skewness_smk_method_3_combine" name="simple_skewness_method_3_combine_on_LAB_GLUC_ADJUSTED" time="0.00199999999995271"/>
    <testcase classname="ds.skewness_smk_method_3_combine" name="simple_skewness_method_3_combine_on_LAB_GLUC_ADJUSTED" time="0.00900000000001455"/>
    <testcase classname="ds.skewness_smk_method_3_combine" name="simple_skewness_method_3_combine_on_LAB_GLUC_ADJUSTED" time="0.00100000000020373"/>
    <testcase classname="ds.skewness_smk_method_3_combine" name="simple_skewness_method_3_combine_on_LAB_GLUC_ADJUSTED" time="0.00199999999995271"/>
    <testcase classname="ds.skewness_smk_method_3_combine" name="simple_skewness_method_3_combine_on_LAB_GLUC_ADJUSTED" time="0.000999999999748979"/>
    <testcase classname="ds.skewness_smk_method_3_combine" name="simple_skewness_method_3_combine_on_LAB_GLUC_ADJUSTED" time="0.00200000000040745"/>
    <testcase classname="ds.skewness_smk_method_3_combine" name="simple_skewness_method_3_combine_on_PM_BMI_CONTINUOUS" time="1.45499999999993"/>
    <testcase classname="ds.skewness_smk_method_3_combine" name="simple_skewness_method_3_combine_on_PM_BMI_CONTINUOUS" time="0.00199999999995271"/>
    <testcase classname="ds.skewness_smk_method_3_combine" name="simple_skewness_method_3_combine_on_PM_BMI_CONTINUOUS" time="0.000999999999748979"/>
    <testcase classname="ds.skewness_smk_method_3_combine" name="simple_skewness_method_3_combine_on_PM_BMI_CONTINUOUS" time="0.000999999999748979"/>
    <testcase classname="ds.skewness_smk_method_3_combine" name="simple_skewness_method_3_combine_on_PM_BMI_CONTINUOUS" time="0.00200000000040745"/>
    <testcase classname="ds.skewness_smk_method_3_combine" name="simple_skewness_method_3_combine_on_PM_BMI_CONTINUOUS" time="0.000999999999748979"/>
    <testcase classname="ds.skewness_smk_method_3_combine" name="simple_skewness_method_3_combine_on_PM_BMI_CONTINUOUS" time="0.00199999999995271"/>
    <testcase classname="ds.skewness_smk_method_3_combine" name="simple_skewness_method_3_combine_on_PM_BMI_CONTINUOUS" time="0.00100000000020373"/>
  </testsuite>
  <testsuite errors="0" failures="0" hostname="fv-az14" name="ds.skewness::smk::method 3::both" skipped="0" tests="110" time="8.791" timestamp="2020-10-27T19:22:39Z">
    <testcase classname="ds.skewness_smk_method_3_both" name="simple_skewness_both_on_LAB_TSC" time="1.72899999999981"/>
    <testcase classname="ds.skewness_smk_method_3_both" name="simple_skewness_both_on_LAB_TSC" time="0.00100000000020373"/>
    <testcase classname="ds.skewness_smk_method_3_both" name="simple_skewness_both_on_LAB_TSC" time="0.000999999999748979"/>
    <testcase classname="ds.skewness_smk_method_3_both" name="simple_skewness_both_on_LAB_TSC" time="0.00100000000020373"/>
    <testcase classname="ds.skewness_smk_method_3_both" name="simple_skewness_both_on_LAB_TSC" time="0.000999999999748979"/>
    <testcase classname="ds.skewness_smk_method_3_both" name="simple_skewness_both_on_LAB_TSC" time="0.00100000000020373"/>
    <testcase classname="ds.skewness_smk_method_3_both" name="simple_skewness_both_on_LAB_TSC" time="0.000999999999748979"/>
    <testcase classname="ds.skewness_smk_method_3_both" name="simple_skewness_both_on_LAB_TSC" time="0.00100000000020373"/>
    <testcase classname="ds.skewness_smk_method_3_both" name="simple_skewness_both_on_LAB_TSC" time="0.00100000000020373"/>
    <testcase classname="ds.skewness_smk_method_3_both" name="simple_skewness_both_on_LAB_TSC" time="0.000999999999748979"/>
    <testcase classname="ds.skewness_smk_method_3_both" name="simple_skewness_both_on_LAB_TSC" time="0.00199999999995271"/>
    <testcase classname="ds.skewness_smk_method_3_both" name="simple_skewness_both_on_LAB_TSC" time="0.00100000000020373"/>
    <testcase classname="ds.skewness_smk_method_3_both" name="simple_skewness_both_on_LAB_TSC" time="0.000999999999748979"/>
    <testcase classname="ds.skewness_smk_method_3_both" name="simple_skewness_both_on_LAB_TSC" time="0.00100000000020373"/>
    <testcase classname="ds.skewness_smk_method_3_both" name="simple_skewness_both_on_LAB_TSC" time="0.000999999999748979"/>
    <testcase classname="ds.skewness_smk_method_3_both" name="simple_skewness_both_on_LAB_TSC" time="0.00200000000040745"/>
    <testcase classname="ds.skewness_smk_method_3_both" name="simple_skewness_both_on_LAB_TSC" time="0.000999999999748979"/>
    <testcase classname="ds.skewness_smk_method_3_both" name="simple_skewness_both_on_LAB_TSC" time="0.00100000000020373"/>
    <testcase classname="ds.skewness_smk_method_3_both" name="simple_skewness_both_on_LAB_TSC" time="0.000999999999748979"/>
    <testcase classname="ds.skewness_smk_method_3_both" name="simple_skewness_both_on_LAB_TSC" time="0.00199999999995271"/>
    <testcase classname="ds.skewness_smk_method_3_both" name="simple_skewness_both_on_LAB_TSC" time="0.00100000000020373"/>
    <testcase classname="ds.skewness_smk_method_3_both" name="simple_skewness_both_on_LAB_TSC" time="0.000999999999748979"/>
    <testcase classname="ds.skewness_smk_method_3_both" name="simple_skewness_method_3_both_on_LAB_TRIG" time="1.70800000000008"/>
    <testcase classname="ds.skewness_smk_method_3_both" name="simple_skewness_method_3_both_on_LAB_TRIG" time="0.00199999999995271"/>
    <testcase classname="ds.skewness_smk_method_3_both" name="simple_skewness_method_3_both_on_LAB_TRIG" time="0.00100000000020373"/>
    <testcase classname="ds.skewness_smk_method_3_both" name="simple_skewness_method_3_both_on_LAB_TRIG" time="0.000999999999748979"/>
    <testcase classname="ds.skewness_smk_method_3_both" name="simple_skewness_method_3_both_on_LAB_TRIG" time="0.00200000000040745"/>
    <testcase classname="ds.skewness_smk_method_3_both" name="simple_skewness_method_3_both_on_LAB_TRIG" time="0.000999999999748979"/>
    <testcase classname="ds.skewness_smk_method_3_both" name="simple_skewness_method_3_both_on_LAB_TRIG" time="0.00199999999995271"/>
    <testcase classname="ds.skewness_smk_method_3_both" name="simple_skewness_method_3_both_on_LAB_TRIG" time="0.00100000000020373"/>
    <testcase classname="ds.skewness_smk_method_3_both" name="simple_skewness_method_3_both_on_LAB_TRIG" time="0.00199999999995271"/>
    <testcase classname="ds.skewness_smk_method_3_both" name="simple_skewness_method_3_both_on_LAB_TRIG" time="0.000999999999748979"/>
    <testcase classname="ds.skewness_smk_method_3_both" name="simple_skewness_method_3_both_on_LAB_TRIG" time="0.00200000000040745"/>
    <testcase classname="ds.skewness_smk_method_3_both" name="simple_skewness_method_3_both_on_LAB_TRIG" time="0.000999999999748979"/>
    <testcase classname="ds.skewness_smk_method_3_both" name="simple_skewness_method_3_both_on_LAB_TRIG" time="0.00199999999995271"/>
    <testcase classname="ds.skewness_smk_method_3_both" name="simple_skewness_method_3_both_on_LAB_TRIG" time="0.00100000000020373"/>
    <testcase classname="ds.skewness_smk_method_3_both" name="simple_skewness_method_3_both_on_LAB_TRIG" time="0.00199999999995271"/>
    <testcase classname="ds.skewness_smk_method_3_both" name="simple_skewness_method_3_both_on_LAB_TRIG" time="0.000999999999748979"/>
    <testcase classname="ds.skewness_smk_method_3_both" name="simple_skewness_method_3_both_on_LAB_TRIG" time="0.00199999999995271"/>
    <testcase classname="ds.skewness_smk_method_3_both" name="simple_skewness_method_3_both_on_LAB_TRIG" time="0.00100000000020373"/>
    <testcase classname="ds.skewness_smk_method_3_both" name="simple_skewness_method_3_both_on_LAB_TRIG" time="0.00199999999995271"/>
    <testcase classname="ds.skewness_smk_method_3_both" name="simple_skewness_method_3_both_on_LAB_TRIG" time="0.00100000000020373"/>
    <testcase classname="ds.skewness_smk_method_3_both" name="simple_skewness_method_3_both_on_LAB_TRIG" time="0.00199999999995271"/>
    <testcase classname="ds.skewness_smk_method_3_both" name="simple_skewness_method_3_both_on_LAB_TRIG" time="0.00199999999995271"/>
    <testcase classname="ds.skewness_smk_method_3_both" name="simple_skewness_method_3_both_on_LAB_HDL" time="1.721"/>
    <testcase classname="ds.skewness_smk_method_3_both" name="simple_skewness_method_3_both_on_LAB_HDL" time="0.00199999999995271"/>
    <testcase classname="ds.skewness_smk_method_3_both" name="simple_skewness_method_3_both_on_LAB_HDL" time="0.00199999999995271"/>
    <testcase classname="ds.skewness_smk_method_3_both" name="simple_skewness_method_3_both_on_LAB_HDL" time="0.00100000000020373"/>
    <testcase classname="ds.skewness_smk_method_3_both" name="simple_skewness_method_3_both_on_LAB_HDL" time="0.00199999999995271"/>
    <testcase classname="ds.skewness_smk_method_3_both" name="simple_skewness_method_3_both_on_LAB_HDL" time="0.00199999999995271"/>
    <testcase classname="ds.skewness_smk_method_3_both" name="simple_skewness_method_3_both_on_LAB_HDL" time="0.00199999999995271"/>
    <testcase classname="ds.skewness_smk_method_3_both" name="simple_skewness_method_3_both_on_LAB_HDL" time="0.00100000000020373"/>
    <testcase classname="ds.skewness_smk_method_3_both" name="simple_skewness_method_3_both_on_LAB_HDL" time="0.00199999999995271"/>
    <testcase classname="ds.skewness_smk_method_3_both" name="simple_skewness_method_3_both_on_LAB_HDL" time="0.00199999999995271"/>
    <testcase classname="ds.skewness_smk_method_3_both" name="simple_skewness_method_3_both_on_LAB_HDL" time="0.00199999999995271"/>
    <testcase classname="ds.skewness_smk_method_3_both" name="simple_skewness_method_3_both_on_LAB_HDL" time="0.000999999999748979"/>
    <testcase classname="ds.skewness_smk_method_3_both" name="simple_skewness_method_3_both_on_LAB_HDL" time="0.00199999999995271"/>
    <testcase classname="ds.skewness_smk_method_3_both" name="simple_skewness_method_3_both_on_LAB_HDL" time="0.00200000000040745"/>
    <testcase classname="ds.skewness_smk_method_3_both" name="simple_skewness_method_3_both_on_LAB_HDL" time="0.00199999999995271"/>
    <testcase classname="ds.skewness_smk_method_3_both" name="simple_skewness_method_3_both_on_LAB_HDL" time="0.00199999999995271"/>
    <testcase classname="ds.skewness_smk_method_3_both" name="simple_skewness_method_3_both_on_LAB_HDL" time="0.00199999999995271"/>
    <testcase classname="ds.skewness_smk_method_3_both" name="simple_skewness_method_3_both_on_LAB_HDL" time="0.000999999999748979"/>
    <testcase classname="ds.skewness_smk_method_3_both" name="simple_skewness_method_3_both_on_LAB_HDL" time="0.00200000000040745"/>
    <testcase classname="ds.skewness_smk_method_3_both" name="simple_skewness_method_3_both_on_LAB_HDL" time="0.00199999999995271"/>
    <testcase classname="ds.skewness_smk_method_3_both" name="simple_skewness_method_3_both_on_LAB_HDL" time="0.00199999999995271"/>
    <testcase classname="ds.skewness_smk_method_3_both" name="simple_skewness_method_3_both_on_LAB_HDL" time="0.00199999999995271"/>
    <testcase classname="ds.skewness_smk_method_3_both" name="simple_skewness_method_3_both_on_LAB_GLUC_ADJUSTED" time="1.71900000000005"/>
    <testcase classname="ds.skewness_smk_method_3_both" name="simple_skewness_method_3_both_on_LAB_GLUC_ADJUSTED" time="0.00199999999995271"/>
    <testcase classname="ds.skewness_smk_method_3_both" name="simple_skewness_method_3_both_on_LAB_GLUC_ADJUSTED" time="0.00199999999995271"/>
    <testcase classname="ds.skewness_smk_method_3_both" name="simple_skewness_method_3_both_on_LAB_GLUC_ADJUSTED" time="0.00999999999976353"/>
    <testcase classname="ds.skewness_smk_method_3_both" name="simple_skewness_method_3_both_on_LAB_GLUC_ADJUSTED" time="0.00200000000040745"/>
    <testcase classname="ds.skewness_smk_method_3_both" name="simple_skewness_method_3_both_on_LAB_GLUC_ADJUSTED" time="0.00199999999995271"/>
    <testcase classname="ds.skewness_smk_method_3_both" name="simple_skewness_method_3_both_on_LAB_GLUC_ADJUSTED" time="0.00199999999995271"/>
    <testcase classname="ds.skewness_smk_method_3_both" name="simple_skewness_method_3_both_on_LAB_GLUC_ADJUSTED" time="0.00199999999995271"/>
    <testcase classname="ds.skewness_smk_method_3_both" name="simple_skewness_method_3_both_on_LAB_GLUC_ADJUSTED" time="0.00199999999995271"/>
    <testcase classname="ds.skewness_smk_method_3_both" name="simple_skewness_method_3_both_on_LAB_GLUC_ADJUSTED" time="0.00199999999995271"/>
    <testcase classname="ds.skewness_smk_method_3_both" name="simple_skewness_method_3_both_on_LAB_GLUC_ADJUSTED" time="0.00300000000015643"/>
    <testcase classname="ds.skewness_smk_method_3_both" name="simple_skewness_method_3_both_on_LAB_GLUC_ADJUSTED" time="0.00199999999995271"/>
    <testcase classname="ds.skewness_smk_method_3_both" name="simple_skewness_method_3_both_on_LAB_GLUC_ADJUSTED" time="0.00199999999995271"/>
    <testcase classname="ds.skewness_smk_method_3_both" name="simple_skewness_method_3_both_on_LAB_GLUC_ADJUSTED" time="0.00199999999995271"/>
    <testcase classname="ds.skewness_smk_method_3_both" name="simple_skewness_method_3_both_on_LAB_GLUC_ADJUSTED" time="0.00199999999995271"/>
    <testcase classname="ds.skewness_smk_method_3_both" name="simple_skewness_method_3_both_on_LAB_GLUC_ADJUSTED" time="0.00199999999995271"/>
    <testcase classname="ds.skewness_smk_method_3_both" name="simple_skewness_method_3_both_on_LAB_GLUC_ADJUSTED" time="0.00199999999995271"/>
    <testcase classname="ds.skewness_smk_method_3_both" name="simple_skewness_method_3_both_on_LAB_GLUC_ADJUSTED" time="0.00300000000015643"/>
    <testcase classname="ds.skewness_smk_method_3_both" name="simple_skewness_method_3_both_on_LAB_GLUC_ADJUSTED" time="0.00199999999995271"/>
    <testcase classname="ds.skewness_smk_method_3_both" name="simple_skewness_method_3_both_on_LAB_GLUC_ADJUSTED" time="0.00199999999995271"/>
    <testcase classname="ds.skewness_smk_method_3_both" name="simple_skewness_method_3_both_on_LAB_GLUC_ADJUSTED" time="0.00199999999995271"/>
    <testcase classname="ds.skewness_smk_method_3_both" name="simple_skewness_method_3_both_on_LAB_GLUC_ADJUSTED" time="0.00199999999995271"/>
    <testcase classname="ds.skewness_smk_method_3_both" name="simple_skewness_method_3_both_on_PM_BMI_CONTINUOUS" time="1.71500000000015"/>
    <testcase classname="ds.skewness_smk_method_3_both" name="simple_skewness_method_3_both_on_PM_BMI_CONTINUOUS" time="0.00300000000015643"/>
    <testcase classname="ds.skewness_smk_method_3_both" name="simple_skewness_method_3_both_on_PM_BMI_CONTINUOUS" time="0.00199999999995271"/>
    <testcase classname="ds.skewness_smk_method_3_both" name="simple_skewness_method_3_both_on_PM_BMI_CONTINUOUS" time="0.00199999999995271"/>
    <testcase classname="ds.skewness_smk_method_3_both" name="simple_skewness_method_3_both_on_PM_BMI_CONTINUOUS" time="0.00300000000015643"/>
    <testcase classname="ds.skewness_smk_method_3_both" name="simple_skewness_method_3_both_on_PM_BMI_CONTINUOUS" time="0.00199999999995271"/>
    <testcase classname="ds.skewness_smk_method_3_both" name="simple_skewness_method_3_both_on_PM_BMI_CONTINUOUS" time="0.00199999999995271"/>
    <testcase classname="ds.skewness_smk_method_3_both" name="simple_skewness_method_3_both_on_PM_BMI_CONTINUOUS" time="0.00300000000015643"/>
    <testcase classname="ds.skewness_smk_method_3_both" name="simple_skewness_method_3_both_on_PM_BMI_CONTINUOUS" time="0.00199999999995271"/>
    <testcase classname="ds.skewness_smk_method_3_both" name="simple_skewness_method_3_both_on_PM_BMI_CONTINUOUS" time="0.00299999999970169"/>
    <testcase classname="ds.skewness_smk_method_3_both" name="simple_skewness_method_3_both_on_PM_BMI_CONTINUOUS" time="0.00199999999995271"/>
    <testcase classname="ds.skewness_smk_method_3_both" name="simple_skewness_method_3_both_on_PM_BMI_CONTINUOUS" time="0.00199999999995271"/>
    <testcase classname="ds.skewness_smk_method_3_both" name="simple_skewness_method_3_both_on_PM_BMI_CONTINUOUS" time="0.00300000000015643"/>
    <testcase classname="ds.skewness_smk_method_3_both" name="simple_skewness_method_3_both_on_PM_BMI_CONTINUOUS" time="0.00199999999995271"/>
    <testcase classname="ds.skewness_smk_method_3_both" name="simple_skewness_method_3_both_on_PM_BMI_CONTINUOUS" time="0.00300000000015643"/>
    <testcase classname="ds.skewness_smk_method_3_both" name="simple_skewness_method_3_both_on_PM_BMI_CONTINUOUS" time="0.00199999999995271"/>
    <testcase classname="ds.skewness_smk_method_3_both" name="simple_skewness_method_3_both_on_PM_BMI_CONTINUOUS" time="0.00300000000015643"/>
    <testcase classname="ds.skewness_smk_method_3_both" name="simple_skewness_method_3_both_on_PM_BMI_CONTINUOUS" time="0.00299999999970169"/>
    <testcase classname="ds.skewness_smk_method_3_both" name="simple_skewness_method_3_both_on_PM_BMI_CONTINUOUS" time="0.00199999999995271"/>
    <testcase classname="ds.skewness_smk_method_3_both" name="simple_skewness_method_3_both_on_PM_BMI_CONTINUOUS" time="0.00300000000015643"/>
    <testcase classname="ds.skewness_smk_method_3_both" name="simple_skewness_method_3_both_on_PM_BMI_CONTINUOUS" time="0.00300000000015643"/>
    <testcase classname="ds.skewness_smk_method_3_both" name="simple_skewness_method_3_both_on_PM_BMI_CONTINUOUS" time="0.00299999999970169"/>
  </testsuite>
  <testsuite errors="0" failures="0" hostname="fv-az14" name="ds.skewness::smk::shutdown" skipped="0" tests="3" time="0.285" timestamp="2020-10-27T19:22:48Z">
    <testcase classname="ds.skewness_smk_shutdown" name="shutdown" time="0.283000000000357"/>
    <testcase classname="ds.skewness_smk_shutdown" name="shutdown" time="0.000999999999748979"/>
    <testcase classname="ds.skewness_smk_shutdown" name="shutdown" time="0.00100000000020373"/>
  </testsuite>
  <testsuite errors="0" failures="0" hostname="fv-az14" name="ds.skewness::smk::done" skipped="0" tests="0" time="0" timestamp="2020-10-27T19:22:49Z"/>
  <testsuite errors="0" failures="0" hostname="fv-az14" name="ds.sqrt::smk::setup" skipped="0" tests="3" time="5.099" timestamp="2020-10-27T19:22:49Z">
    <testcase classname="ds.sqrt_smk_setup" name="setup" time="5.09699999999975"/>
    <testcase classname="ds.sqrt_smk_setup" name="setup" time="0.00100000000020373"/>
    <testcase classname="ds.sqrt_smk_setup" name="setup" time="0.000999999999748979"/>
  </testsuite>
  <testsuite errors="0" failures="0" hostname="fv-az14" name="ds.sqrt::smk" skipped="0" tests="10" time="2.246" timestamp="2020-10-27T19:22:53Z">
    <testcase classname="ds.sqrt_smk" name="simple_c" time="1.46300000000019"/>
    <testcase classname="ds.sqrt_smk" name="simple_c" time="0.259000000000015"/>
    <testcase classname="ds.sqrt_smk" name="simple_c" time="0.00199999999995271"/>
    <testcase classname="ds.sqrt_smk" name="simple_c" time="0.00100000000020373"/>
    <testcase classname="ds.sqrt_smk" name="simple_c" time="0.000999999999748979"/>
    <testcase classname="ds.sqrt_smk" name="simple_c" time="0.00100000000020373"/>
    <testcase classname="ds.sqrt_smk" name="simple_c" time="0.514999999999873"/>
    <testcase classname="ds.sqrt_smk" name="simple_c" time="0.000999999999748979"/>
    <testcase classname="ds.sqrt_smk" name="simple_c" time="0.00100000000020373"/>
    <testcase classname="ds.sqrt_smk" name="simple_c" time="0.00199999999995271"/>
  </testsuite>
  <testsuite errors="0" failures="0" hostname="fv-az14" name="ds.sqrt::smk::shutdown" skipped="0" tests="3" time="0.278" timestamp="2020-10-27T19:22:55Z">
    <testcase classname="ds.sqrt_smk_shutdown" name="setup" time="0.27599999999984"/>
    <testcase classname="ds.sqrt_smk_shutdown" name="setup" time="0.00100000000020373"/>
    <testcase classname="ds.sqrt_smk_shutdown" name="setup" time="0.00100000000020373"/>
  </testsuite>
  <testsuite errors="0" failures="0" hostname="fv-az14" name="ds.sqrt::smk::done" skipped="0" tests="0" time="0" timestamp="2020-10-27T19:22:56Z"/>
  <testsuite errors="0" failures="0" hostname="fv-az14" name="ds.subsetByClass::smk::setup" skipped="0" tests="3" time="5.108" timestamp="2020-10-27T19:22:56Z">
    <testcase classname="ds.subsetByClass_smk_setup" name="setup" time="5.10599999999977"/>
    <testcase classname="ds.subsetByClass_smk_setup" name="setup" time="0.00100000000020373"/>
    <testcase classname="ds.subsetByClass_smk_setup" name="setup" time="0.000999999999748979"/>
  </testsuite>
  <testsuite errors="0" failures="0" hostname="fv-az14" name="ds.subsetByClass::smk" skipped="0" tests="22" time="9.078" timestamp="2020-10-27T19:23:01Z">
    <testcase classname="ds.subsetByClass_smk" name="gender_implicit" time="4.25399999999991"/>
    <testcase classname="ds.subsetByClass_smk" name="gender_implicit" time="0.260000000000218"/>
    <testcase classname="ds.subsetByClass_smk" name="gender_implicit" time="0.000999999999748979"/>
    <testcase classname="ds.subsetByClass_smk" name="gender_implicit" time="0.00100000000020373"/>
    <testcase classname="ds.subsetByClass_smk" name="gender_implicit" time="0.00100000000020373"/>
    <testcase classname="ds.subsetByClass_smk" name="gender_implicit" time="0.000999999999748979"/>
    <testcase classname="ds.subsetByClass_smk" name="gender_implicit" time="0.00100000000020373"/>
    <testcase classname="ds.subsetByClass_smk" name="gender_implicit" time="0.000999999999748979"/>
    <testcase classname="ds.subsetByClass_smk" name="gender_implicit" time="0.00100000000020373"/>
    <testcase classname="ds.subsetByClass_smk" name="gender_implicit" time="0.000999999999748979"/>
    <testcase classname="ds.subsetByClass_smk" name="gender_implicit" time="0.000999999999748979"/>
    <testcase classname="ds.subsetByClass_smk" name="gender_explicit" time="4.279"/>
    <testcase classname="ds.subsetByClass_smk" name="gender_explicit" time="0.264000000000124"/>
    <testcase classname="ds.subsetByClass_smk" name="gender_explicit" time="0.00199999999995271"/>
    <testcase classname="ds.subsetByClass_smk" name="gender_explicit" time="0.00100000000020373"/>
    <testcase classname="ds.subsetByClass_smk" name="gender_explicit" time="0.000999999999748979"/>
    <testcase classname="ds.subsetByClass_smk" name="gender_explicit" time="0.00100000000020373"/>
    <testcase classname="ds.subsetByClass_smk" name="gender_explicit" time="0.00199999999995271"/>
    <testcase classname="ds.subsetByClass_smk" name="gender_explicit" time="0.00100000000020373"/>
    <testcase classname="ds.subsetByClass_smk" name="gender_explicit" time="0.000999999999748979"/>
    <testcase classname="ds.subsetByClass_smk" name="gender_explicit" time="0.00100000000020373"/>
    <testcase classname="ds.subsetByClass_smk" name="gender_explicit" time="0.00199999999995271"/>
  </testsuite>
  <testsuite errors="0" failures="0" hostname="fv-az14" name="ds.subsetByClass::smk::shutdown" skipped="0" tests="3" time="0.273" timestamp="2020-10-27T19:23:10Z">
    <testcase classname="ds.subsetByClass_smk_shutdown" name="shutdown" time="0.270999999999731"/>
    <testcase classname="ds.subsetByClass_smk_shutdown" name="shutdown" time="0.00100000000020373"/>
    <testcase classname="ds.subsetByClass_smk_shutdown" name="shutdown" time="0.00100000000020373"/>
  </testsuite>
  <testsuite errors="0" failures="0" hostname="fv-az14" name="ds.subsetByClass::smk::done" skipped="0" tests="0" time="0" timestamp="2020-10-27T19:23:11Z"/>
  <testsuite errors="0" failures="0" hostname="fv-az14" name="ds.subset::smk::setup" skipped="0" tests="3" time="5.141" timestamp="2020-10-27T19:23:11Z">
    <testcase classname="ds.subset_smk_setup" name="setup" time="5.13899999999967"/>
    <testcase classname="ds.subset_smk_setup" name="setup" time="0.00100000000020373"/>
    <testcase classname="ds.subset_smk_setup" name="setup" time="0.000999999999748979"/>
  </testsuite>
  <testsuite errors="0" failures="0" hostname="fv-az14" name="ds.subset::smk::generate a subset of the assigned table (by default the table is named 'D') with the first 50 observations and the two first columns" skipped="0" tests="4" time="2.697" timestamp="2020-10-27T19:23:15Z">
    <testcase classname="ds.subset_smk_generate_a_subset_of_the_assigned_table_by_default_the_table_is_named_D_with_the_first_50_observations_and_the_two_first_columns" name="subD_exists" time="2.69399999999996"/>
    <testcase classname="ds.subset_smk_generate_a_subset_of_the_assigned_table_by_default_the_table_is_named_D_with_the_first_50_observations_and_the_two_first_columns" name="subD_exists" time="0.00100000000020373"/>
    <testcase classname="ds.subset_smk_generate_a_subset_of_the_assigned_table_by_default_the_table_is_named_D_with_the_first_50_observations_and_the_two_first_columns" name="subD_exists" time="0.00100000000020373"/>
    <testcase classname="ds.subset_smk_generate_a_subset_of_the_assigned_table_by_default_the_table_is_named_D_with_the_first_50_observations_and_the_two_first_columns" name="subD_exists" time="0.000999999999748979"/>
  </testsuite>
  <testsuite errors="0" failures="0" hostname="fv-az14" name="ds.subset::smk::generate a subset of the assigned table (by default the table is named 'D') with the first 50 observations and the two first columns refered to by their names" skipped="0" tests="4" time="2.602" timestamp="2020-10-27T19:23:18Z">
    <testcase classname="ds.subset_smk_generate_a_subset_of_the_assigned_table_by_default_the_table_is_named_D_with_the_first_50_observations_and_the_two_first_columns_refered_to_by_their_names" name="subD2_exists" time="2.59900000000016"/>
    <testcase classname="ds.subset_smk_generate_a_subset_of_the_assigned_table_by_default_the_table_is_named_D_with_the_first_50_observations_and_the_two_first_columns_refered_to_by_their_names" name="subD2_exists" time="0.000999999999748979"/>
    <testcase classname="ds.subset_smk_generate_a_subset_of_the_assigned_table_by_default_the_table_is_named_D_with_the_first_50_observations_and_the_two_first_columns_refered_to_by_their_names" name="subD2_exists" time="0.00100000000020373"/>
    <testcase classname="ds.subset_smk_generate_a_subset_of_the_assigned_table_by_default_the_table_is_named_D_with_the_first_50_observations_and_the_two_first_columns_refered_to_by_their_names" name="subD2_exists" time="0.000999999999748979"/>
  </testsuite>
  <testsuite errors="0" failures="0" hostname="fv-az14" name="ds.subset::smk::generate a subset of the table D with bmi values greater than or equal to 25." skipped="0" tests="4" time="1.464" timestamp="2020-10-27T19:23:21Z">
    <testcase classname="ds.subset_smk_generate_a_subset_of_the_table_D_with_bmi_values_greater_than_or_equal_to_25." name="subD3_exists" time="1.46100000000024"/>
    <testcase classname="ds.subset_smk_generate_a_subset_of_the_table_D_with_bmi_values_greater_than_or_equal_to_25." name="subD3_exists" time="0.000999999999748979"/>
    <testcase classname="ds.subset_smk_generate_a_subset_of_the_table_D_with_bmi_values_greater_than_or_equal_to_25." name="subD3_exists" time="0.00100000000020373"/>
    <testcase classname="ds.subset_smk_generate_a_subset_of_the_table_D_with_bmi_values_greater_than_or_equal_to_25." name="subD3_exists" time="0.00100000000020373"/>
  </testsuite>
  <testsuite errors="0" failures="0" hostname="fv-az14" name="ds.subset::smk::shutdown" skipped="0" tests="3" time="0.274" timestamp="2020-10-27T19:23:22Z">
    <testcase classname="ds.subset_smk_shutdown" name="shutdown" time="0.271999999999935"/>
    <testcase classname="ds.subset_smk_shutdown" name="shutdown" time="0.000999999999748979"/>
    <testcase classname="ds.subset_smk_shutdown" name="shutdown" time="0.00100000000020373"/>
  </testsuite>
  <testsuite errors="0" failures="0" hostname="fv-az14" name="ds.subset::smk::done" skipped="0" tests="0" time="0" timestamp="2020-10-27T19:23:23Z"/>
  <testsuite errors="0" failures="0" hostname="fv-az14" name="ds.summary::smk::setup" skipped="0" tests="3" time="5.231" timestamp="2020-10-27T19:23:23Z">
    <testcase classname="ds.summary_smk_setup" name="setup" time="5.22899999999981"/>
    <testcase classname="ds.summary_smk_setup" name="setup" time="0.00100000000020373"/>
    <testcase classname="ds.summary_smk_setup" name="setup" time="0.00100000000020373"/>
  </testsuite>
  <testsuite errors="0" failures="0" hostname="fv-az14" name="ds.summary::smk::summary of a numerical variable" skipped="0" tests="3" time="3.17" timestamp="2020-10-27T19:23:28Z">
    <testcase classname="ds.summary_smk_summary_of_a_numerical_variable" name="summary_numerical_variable" time="3.16800000000012"/>
    <testcase classname="ds.summary_smk_summary_of_a_numerical_variable" name="summary_numerical_variable" time="0.000999999999748979"/>
    <testcase classname="ds.summary_smk_summary_of_a_numerical_variable" name="summary_numerical_variable" time="0.00100000000020373"/>
  </testsuite>
  <testsuite errors="0" failures="0" hostname="fv-az14" name="ds.summary::smk::summary of a character variable" skipped="0" tests="2" time="3.143" timestamp="2020-10-27T19:23:31Z">
    <testcase classname="ds.summary_smk_summary_of_a_character_variable" name="summary_character_variable" time="3.14199999999983"/>
    <testcase classname="ds.summary_smk_summary_of_a_character_variable" name="summary_character_variable" time="0.00100000000020373"/>
  </testsuite>
  <testsuite errors="0" failures="0" hostname="fv-az14" name="ds.summary::smk::summary of a factor variable" skipped="0" tests="22" time="4.565" timestamp="2020-10-27T19:23:34Z">
    <testcase classname="ds.summary_smk_summary_of_a_factor_variable" name="summary_factor_variable" time="4.53999999999996"/>
    <testcase classname="ds.summary_smk_summary_of_a_factor_variable" name="summary_factor_variable" time="0.000999999999748979"/>
    <testcase classname="ds.summary_smk_summary_of_a_factor_variable" name="summary_factor_variable" time="0.00100000000020373"/>
    <testcase classname="ds.summary_smk_summary_of_a_factor_variable" name="summary_factor_variable" time="0.000999999999748979"/>
    <testcase classname="ds.summary_smk_summary_of_a_factor_variable" name="summary_factor_variable" time="0.00199999999995271"/>
    <testcase classname="ds.summary_smk_summary_of_a_factor_variable" name="summary_factor_variable" time="0.00100000000020373"/>
    <testcase classname="ds.summary_smk_summary_of_a_factor_variable" name="summary_factor_variable" time="0.00100000000020373"/>
    <testcase classname="ds.summary_smk_summary_of_a_factor_variable" name="summary_factor_variable" time="0.000999999999748979"/>
    <testcase classname="ds.summary_smk_summary_of_a_factor_variable" name="summary_factor_variable" time="0.00100000000020373"/>
    <testcase classname="ds.summary_smk_summary_of_a_factor_variable" name="summary_factor_variable" time="0.000999999999748979"/>
    <testcase classname="ds.summary_smk_summary_of_a_factor_variable" name="summary_factor_variable" time="0.00100000000020373"/>
    <testcase classname="ds.summary_smk_summary_of_a_factor_variable" name="summary_factor_variable" time="0.00100000000020373"/>
    <testcase classname="ds.summary_smk_summary_of_a_factor_variable" name="summary_factor_variable" time="0.000999999999748979"/>
    <testcase classname="ds.summary_smk_summary_of_a_factor_variable" name="summary_factor_variable" time="0.00100000000020373"/>
    <testcase classname="ds.summary_smk_summary_of_a_factor_variable" name="summary_factor_variable" time="0.00100000000020373"/>
    <testcase classname="ds.summary_smk_summary_of_a_factor_variable" name="summary_factor_variable" time="0.00199999999995271"/>
    <testcase classname="ds.summary_smk_summary_of_a_factor_variable" name="summary_factor_variable" time="0.000999999999748979"/>
    <testcase classname="ds.summary_smk_summary_of_a_factor_variable" name="summary_factor_variable" time="0.00100000000020373"/>
    <testcase classname="ds.summary_smk_summary_of_a_factor_variable" name="summary_factor_variable" time="0.000999999999748979"/>
    <testcase classname="ds.summary_smk_summary_of_a_factor_variable" name="summary_factor_variable" time="0.00199999999995271"/>
    <testcase classname="ds.summary_smk_summary_of_a_factor_variable" name="summary_factor_variable" time="0.00100000000020373"/>
    <testcase classname="ds.summary_smk_summary_of_a_factor_variable" name="summary_factor_variable" time="0.00199999999995271"/>
  </testsuite>
  <testsuite errors="0" failures="0" hostname="fv-az14" name="ds.summary::smk::summary of a list variable" skipped="0" tests="10" time="2.648" timestamp="2020-10-27T19:23:38Z">
    <testcase classname="ds.summary_smk_summary_of_a_list_variable" name="summary_list_variable" time="2.63700000000017"/>
    <testcase classname="ds.summary_smk_summary_of_a_list_variable" name="summary_list_variable" time="0.00199999999995271"/>
    <testcase classname="ds.summary_smk_summary_of_a_list_variable" name="summary_list_variable" time="0.000999999999748979"/>
    <testcase classname="ds.summary_smk_summary_of_a_list_variable" name="summary_list_variable" time="0.00100000000020373"/>
    <testcase classname="ds.summary_smk_summary_of_a_list_variable" name="summary_list_variable" time="0.000999999999748979"/>
    <testcase classname="ds.summary_smk_summary_of_a_list_variable" name="summary_list_variable" time="0.00100000000020373"/>
    <testcase classname="ds.summary_smk_summary_of_a_list_variable" name="summary_list_variable" time="0.00100000000020373"/>
    <testcase classname="ds.summary_smk_summary_of_a_list_variable" name="summary_list_variable" time="0.000999999999748979"/>
    <testcase classname="ds.summary_smk_summary_of_a_list_variable" name="summary_list_variable" time="0.00100000000020373"/>
    <testcase classname="ds.summary_smk_summary_of_a_list_variable" name="summary_list_variable" time="0.00199999999995271"/>
  </testsuite>
  <testsuite errors="0" failures="0" hostname="fv-az14" name="ds.summary::smk::summary of a data frame" skipped="0" tests="5" time="3.058" timestamp="2020-10-27T19:23:41Z">
    <testcase classname="ds.summary_smk_summary_of_a_data_frame" name="summary_data_frame" time="3.05400000000009"/>
    <testcase classname="ds.summary_smk_summary_of_a_data_frame" name="summary_data_frame" time="0.000999999999748979"/>
    <testcase classname="ds.summary_smk_summary_of_a_data_frame" name="summary_data_frame" time="0.00100000000020373"/>
    <testcase classname="ds.summary_smk_summary_of_a_data_frame" name="summary_data_frame" time="0.000999999999748979"/>
    <testcase classname="ds.summary_smk_summary_of_a_data_frame" name="summary_data_frame" time="0.00100000000020373"/>
  </testsuite>
  <testsuite errors="0" failures="0" hostname="fv-az14" name="ds.summary::smk::teardown" skipped="0" tests="3" time="0.276" timestamp="2020-10-27T19:23:44Z">
    <testcase classname="ds.summary_smk_teardown" name="shutdown" time="0.273999999999887"/>
    <testcase classname="ds.summary_smk_teardown" name="shutdown" time="0.00100000000020373"/>
    <testcase classname="ds.summary_smk_teardown" name="shutdown" time="0.000999999999748979"/>
  </testsuite>
  <testsuite errors="0" failures="0" hostname="fv-az14" name="ds.summary::smk::done" skipped="0" tests="0" time="0" timestamp="2020-10-27T19:23:45Z"/>
  <testsuite errors="0" failures="0" hostname="fv-az14" name="ds.table1D::smk::setup" skipped="0" tests="3" time="5.113" timestamp="2020-10-27T19:23:45Z">
    <testcase classname="ds.table1D_smk_setup" name="setup" time="5.11099999999988"/>
    <testcase classname="ds.table1D_smk_setup" name="setup" time="0.00100000000020373"/>
    <testcase classname="ds.table1D_smk_setup" name="setup" time="0.000999999999748979"/>
  </testsuite>
  <testsuite errors="0" failures="0" hostname="fv-az14" name="ds.table1D::smk::generate a one dimensional table, outputting combined contingency tables" skipped="0" tests="3" time="1.211" timestamp="2020-10-27T19:23:50Z">
    <testcase classname="ds.table1D_smk_generate_a_one_dimensional_table_outputting_combined_contingency_tables" name="GENDER_normal" time="1.20800000000008"/>
    <testcase classname="ds.table1D_smk_generate_a_one_dimensional_table_outputting_combined_contingency_tables" name="GENDER_normal" time="0.00100000000020373"/>
    <testcase classname="ds.table1D_smk_generate_a_one_dimensional_table_outputting_combined_contingency_tables" name="GENDER_normal" time="0.00199999999995271"/>
  </testsuite>
  <testsuite errors="0" failures="0" hostname="fv-az14" name="ds.table1D::smk::generate a one dimensional table, outputting combined contingency tables fail" skipped="0" tests="6" time="1.214" timestamp="2020-10-27T19:23:51Z">
    <testcase classname="ds.table1D_smk_generate_a_one_dimensional_table_outputting_combined_contingency_tables_fail" name="DIS_CVA_invalid" time="1.20899999999983"/>
    <testcase classname="ds.table1D_smk_generate_a_one_dimensional_table_outputting_combined_contingency_tables_fail" name="DIS_CVA_invalid" time="0.00100000000020373"/>
    <testcase classname="ds.table1D_smk_generate_a_one_dimensional_table_outputting_combined_contingency_tables_fail" name="DIS_CVA_invalid" time="0.000999999999748979"/>
    <testcase classname="ds.table1D_smk_generate_a_one_dimensional_table_outputting_combined_contingency_tables_fail" name="DIS_CVA_invalid" time="0.00100000000020373"/>
    <testcase classname="ds.table1D_smk_generate_a_one_dimensional_table_outputting_combined_contingency_tables_fail" name="DIS_CVA_invalid" time="0.00100000000020373"/>
    <testcase classname="ds.table1D_smk_generate_a_one_dimensional_table_outputting_combined_contingency_tables_fail" name="DIS_CVA_invalid" time="0.000999999999748979"/>
  </testsuite>
  <testsuite errors="0" failures="0" hostname="fv-az14" name="ds.table1D::smk::generate a one dimensional table, outputting combined contingency tables fail split" skipped="0" tests="6" time="1.22" timestamp="2020-10-27T19:23:52Z">
    <testcase classname="ds.table1D_smk_generate_a_one_dimensional_table_outputting_combined_contingency_tables_fail_split" name="DIS_CVA_invalid_split" time="1.21500000000015"/>
    <testcase classname="ds.table1D_smk_generate_a_one_dimensional_table_outputting_combined_contingency_tables_fail_split" name="DIS_CVA_invalid_split" time="0.000999999999748979"/>
    <testcase classname="ds.table1D_smk_generate_a_one_dimensional_table_outputting_combined_contingency_tables_fail_split" name="DIS_CVA_invalid_split" time="0.00100000000020373"/>
    <testcase classname="ds.table1D_smk_generate_a_one_dimensional_table_outputting_combined_contingency_tables_fail_split" name="DIS_CVA_invalid_split" time="0.000999999999748979"/>
    <testcase classname="ds.table1D_smk_generate_a_one_dimensional_table_outputting_combined_contingency_tables_fail_split" name="DIS_CVA_invalid_split" time="0.00100000000020373"/>
    <testcase classname="ds.table1D_smk_generate_a_one_dimensional_table_outputting_combined_contingency_tables_fail_split" name="DIS_CVA_invalid_split" time="0.00100000000020373"/>
  </testsuite>
  <testsuite errors="0" failures="0" hostname="fv-az14" name="ds.table1D::smk::generate a one dimensional table, outputting study specific contingency tables" skipped="0" tests="4" time="1.212" timestamp="2020-10-27T19:23:53Z">
    <testcase classname="ds.table1D_smk_generate_a_one_dimensional_table_outputting_study_specific_contingency_tables" name="GENDER_split" time="1.20899999999983"/>
    <testcase classname="ds.table1D_smk_generate_a_one_dimensional_table_outputting_study_specific_contingency_tables" name="GENDER_split" time="0.000999999999748979"/>
    <testcase classname="ds.table1D_smk_generate_a_one_dimensional_table_outputting_study_specific_contingency_tables" name="GENDER_split" time="0.00100000000020373"/>
    <testcase classname="ds.table1D_smk_generate_a_one_dimensional_table_outputting_study_specific_contingency_tables" name="GENDER_split" time="0.00100000000020373"/>
  </testsuite>
  <testsuite errors="0" failures="0" hostname="fv-az14" name="ds.table1D::smk::generate a one dimensional table, outputting study specific contingency tables for study 1 and 2" skipped="0" tests="4" time="0.965" timestamp="2020-10-27T19:23:54Z">
    <testcase classname="ds.table1D_smk_generate_a_one_dimensional_table_outputting_study_specific_contingency_tables_for_study_1_and_2" name="GENDER_split_12" time="0.961999999999989"/>
    <testcase classname="ds.table1D_smk_generate_a_one_dimensional_table_outputting_study_specific_contingency_tables_for_study_1_and_2" name="GENDER_split_12" time="0.000999999999748979"/>
    <testcase classname="ds.table1D_smk_generate_a_one_dimensional_table_outputting_study_specific_contingency_tables_for_study_1_and_2" name="GENDER_split_12" time="0.00100000000020373"/>
    <testcase classname="ds.table1D_smk_generate_a_one_dimensional_table_outputting_study_specific_contingency_tables_for_study_1_and_2" name="GENDER_split_12" time="0.000999999999748979"/>
  </testsuite>
  <testsuite errors="0" failures="0" hostname="fv-az14" name="ds.table1D::smk::generate a one dimensional table, outputting study specific and combined contingency tables" skipped="0" tests="3" time="1.21" timestamp="2020-10-27T19:23:55Z">
    <testcase classname="ds.table1D_smk_generate_a_one_dimensional_table_outputting_study_specific_and_combined_contingency_tables" name="GENDER_normal_2" time="1.20700000000033"/>
    <testcase classname="ds.table1D_smk_generate_a_one_dimensional_table_outputting_study_specific_and_combined_contingency_tables" name="GENDER_normal_2" time="0.00199999999995271"/>
    <testcase classname="ds.table1D_smk_generate_a_one_dimensional_table_outputting_study_specific_and_combined_contingency_tables" name="GENDER_normal_2" time="0.000999999999748979"/>
  </testsuite>
  <testsuite errors="0" failures="0" hostname="fv-az14" name="ds.table1D::smk::shutdown" skipped="0" tests="3" time="0.275" timestamp="2020-10-27T19:23:57Z">
    <testcase classname="ds.table1D_smk_shutdown" name="shutdown" time="0.273000000000138"/>
    <testcase classname="ds.table1D_smk_shutdown" name="shutdown" time="0.000999999999748979"/>
    <testcase classname="ds.table1D_smk_shutdown" name="shutdown" time="0.00100000000020373"/>
  </testsuite>
  <testsuite errors="0" failures="0" hostname="fv-az14" name="ds.table1D::smk::done" skipped="0" tests="0" time="0" timestamp="2020-10-27T19:23:58Z"/>
  <testsuite errors="0" failures="0" hostname="fv-az14" name="ds.table2D::smk::setup" skipped="0" tests="3" time="5.132" timestamp="2020-10-27T19:23:58Z">
    <testcase classname="ds.table2D_smk_setup" name="setup" time="5.12899999999991"/>
    <testcase classname="ds.table2D_smk_setup" name="setup" time="0.00199999999995271"/>
    <testcase classname="ds.table2D_smk_setup" name="setup" time="0.00100000000020373"/>
  </testsuite>
  <testsuite errors="0" failures="0" hostname="fv-az14" name="ds.table2D::smk" skipped="0" tests="22" time="0.967" timestamp="2020-10-27T19:24:02Z">
    <testcase classname="ds.table2D_smk" name="simple_table2D" time="0.942999999999756"/>
    <testcase classname="ds.table2D_smk" name="simple_table2D" time="0.00100000000020373"/>
    <testcase classname="ds.table2D_smk" name="simple_table2D" time="0.000999999999748979"/>
    <testcase classname="ds.table2D_smk" name="simple_table2D" time="0.00100000000020373"/>
    <testcase classname="ds.table2D_smk" name="simple_table2D" time="0.00100000000020373"/>
    <testcase classname="ds.table2D_smk" name="simple_table2D" time="0.000999999999748979"/>
    <testcase classname="ds.table2D_smk" name="simple_table2D" time="0.00100000000020373"/>
    <testcase classname="ds.table2D_smk" name="simple_table2D" time="0.000999999999748979"/>
    <testcase classname="ds.table2D_smk" name="simple_table2D" time="0.00100000000020373"/>
    <testcase classname="ds.table2D_smk" name="simple_table2D" time="0.000999999999748979"/>
    <testcase classname="ds.table2D_smk" name="simple_table2D" time="0.00100000000020373"/>
    <testcase classname="ds.table2D_smk" name="simple_table2D" time="0.00199999999995271"/>
    <testcase classname="ds.table2D_smk" name="simple_table2D" time="0.00100000000020373"/>
    <testcase classname="ds.table2D_smk" name="simple_table2D" time="0.000999999999748979"/>
    <testcase classname="ds.table2D_smk" name="simple_table2D" time="0.00100000000020373"/>
    <testcase classname="ds.table2D_smk" name="simple_table2D" time="0.000999999999748979"/>
    <testcase classname="ds.table2D_smk" name="simple_table2D" time="0.00100000000020373"/>
    <testcase classname="ds.table2D_smk" name="simple_table2D" time="0.00199999999995271"/>
    <testcase classname="ds.table2D_smk" name="simple_table2D" time="0.000999999999748979"/>
    <testcase classname="ds.table2D_smk" name="simple_table2D" time="0.00100000000020373"/>
    <testcase classname="ds.table2D_smk" name="simple_table2D" time="0.00100000000020373"/>
    <testcase classname="ds.table2D_smk" name="simple_table2D" time="0.00199999999995271"/>
  </testsuite>
  <testsuite errors="0" failures="0" hostname="fv-az14" name="ds.table2D::smk::shutdown" skipped="0" tests="3" time="0.275" timestamp="2020-10-27T19:24:03Z">
    <testcase classname="ds.table2D_smk_shutdown" name="shutdown" time="0.272999999999683"/>
    <testcase classname="ds.table2D_smk_shutdown" name="shutdown" time="0.00100000000020373"/>
    <testcase classname="ds.table2D_smk_shutdown" name="shutdown" time="0.000999999999748979"/>
  </testsuite>
  <testsuite errors="0" failures="0" hostname="fv-az14" name="ds.table2D::smk::done" skipped="0" tests="0" time="0" timestamp="2020-10-27T19:24:04Z"/>
  <testsuite errors="0" failures="0" hostname="fv-az14" name="ds.table::smk::setup" skipped="0" tests="3" time="5.314" timestamp="2020-10-27T19:24:04Z">
    <testcase classname="ds.table_smk_setup" name="setup" time="5.31100000000015"/>
    <testcase classname="ds.table_smk_setup" name="setup" time="0.00199999999995271"/>
    <testcase classname="ds.table_smk_setup" name="setup" time="0.00100000000020373"/>
  </testsuite>
  <testsuite errors="0" failures="0" hostname="fv-az14" name="ds.table::smk::dataframe setup" skipped="0" tests="3" time="6.75" timestamp="2020-10-27T19:24:09Z">
    <testcase classname="ds.table_smk_dataframe_setup" name="simple_table_2D" time="6.74699999999984"/>
    <testcase classname="ds.table_smk_dataframe_setup" name="simple_table_2D" time="0.00199999999995271"/>
    <testcase classname="ds.table_smk_dataframe_setup" name="simple_table_2D" time="0.00100000000020373"/>
  </testsuite>
  <testsuite errors="0" failures="0" hostname="fv-az14" name="ds.table::smk" skipped="0" tests="9" time="0.545" timestamp="2020-10-27T19:24:15Z">
    <testcase classname="ds.table_smk" name="simple_table_1D" time="0.536000000000058"/>
    <testcase classname="ds.table_smk" name="simple_table_1D" time="0.000999999999748979"/>
    <testcase classname="ds.table_smk" name="simple_table_1D" time="0.00100000000020373"/>
    <testcase classname="ds.table_smk" name="simple_table_1D" time="0.000999999999748979"/>
    <testcase classname="ds.table_smk" name="simple_table_1D" time="0.00199999999995271"/>
    <testcase classname="ds.table_smk" name="simple_table_1D" time="0.00100000000020373"/>
    <testcase classname="ds.table_smk" name="simple_table_1D" time="0.000999999999748979"/>
    <testcase classname="ds.table_smk" name="simple_table_1D" time="0.00100000000020373"/>
    <testcase classname="ds.table_smk" name="simple_table_1D" time="0.00100000000020373"/>
  </testsuite>
  <testsuite errors="0" failures="0" hostname="fv-az14" name="ds.table::smk" skipped="0" tests="16" time="0.832" timestamp="2020-10-27T19:24:16Z">
    <testcase classname="ds.table_smk" name="simple_table_2D" time="0.8149999999996"/>
    <testcase classname="ds.table_smk" name="simple_table_2D" time="0.00100000000020373"/>
    <testcase classname="ds.table_smk" name="simple_table_2D" time="0.00100000000020373"/>
    <testcase classname="ds.table_smk" name="simple_table_2D" time="0.000999999999748979"/>
    <testcase classname="ds.table_smk" name="simple_table_2D" time="0.00100000000020373"/>
    <testcase classname="ds.table_smk" name="simple_table_2D" time="0.000999999999748979"/>
    <testcase classname="ds.table_smk" name="simple_table_2D" time="0.00100000000020373"/>
    <testcase classname="ds.table_smk" name="simple_table_2D" time="0.00199999999995271"/>
    <testcase classname="ds.table_smk" name="simple_table_2D" time="0.000999999999748979"/>
    <testcase classname="ds.table_smk" name="simple_table_2D" time="0.00100000000020373"/>
    <testcase classname="ds.table_smk" name="simple_table_2D" time="0.00100000000020373"/>
    <testcase classname="ds.table_smk" name="simple_table_2D" time="0.000999999999748979"/>
    <testcase classname="ds.table_smk" name="simple_table_2D" time="0.00100000000020373"/>
    <testcase classname="ds.table_smk" name="simple_table_2D" time="0.00199999999995271"/>
    <testcase classname="ds.table_smk" name="simple_table_2D" time="0.000999999999748979"/>
    <testcase classname="ds.table_smk" name="simple_table_2D" time="0.00100000000020373"/>
  </testsuite>
  <testsuite errors="0" failures="0" hostname="fv-az14" name="ds.table::smk" skipped="0" tests="39" time="6.643" timestamp="2020-10-27T19:24:17Z">
    <testcase classname="ds.table_smk" name="simple_table_3D" time="1.08599999999979"/>
    <testcase classname="ds.table_smk" name="simple_table_3D" time="0.00100000000020373"/>
    <testcase classname="ds.table_smk" name="simple_table_3D" time="0.000999999999748979"/>
    <testcase classname="ds.table_smk" name="simple_table_3D" time="0.00100000000020373"/>
    <testcase classname="ds.table_smk" name="simple_table_3D" time="0.00100000000020373"/>
    <testcase classname="ds.table_smk" name="simple_table_3D" time="0.000999999999748979"/>
    <testcase classname="ds.table_smk" name="simple_table_3D" time="0.00100000000020373"/>
    <testcase classname="ds.table_smk" name="simple_table_3D" time="0.000999999999748979"/>
    <testcase classname="ds.table_smk" name="simple_table_3D" time="0.00100000000020373"/>
    <testcase classname="ds.table_smk" name="simple_table_1D_with_assign" time="0.777000000000044"/>
    <testcase classname="ds.table_smk" name="simple_table_1D_with_assign" time="0.26299999999992"/>
    <testcase classname="ds.table_smk" name="simple_table_1D_with_assign" time="0.00199999999995271"/>
    <testcase classname="ds.table_smk" name="simple_table_1D_with_assign" time="0.000999999999748979"/>
    <testcase classname="ds.table_smk" name="simple_table_1D_with_assign" time="0.00100000000020373"/>
    <testcase classname="ds.table_smk" name="simple_table_1D_with_assign" time="0.00199999999995271"/>
    <testcase classname="ds.table_smk" name="simple_table_1D_with_assign" time="0.5300000000002"/>
    <testcase classname="ds.table_smk" name="simple_table_1D_with_assign" time="0.000999999999748979"/>
    <testcase classname="ds.table_smk" name="simple_table_1D_with_assign" time="0.00199999999995271"/>
    <testcase classname="ds.table_smk" name="simple_table_1D_with_assign" time="0.00100000000020373"/>
    <testcase classname="ds.table_smk" name="simple_table_2D_with_assign" time="1.04999999999973"/>
    <testcase classname="ds.table_smk" name="simple_table_2D_with_assign" time="0.261000000000422"/>
    <testcase classname="ds.table_smk" name="simple_table_2D_with_assign" time="0.000999999999748979"/>
    <testcase classname="ds.table_smk" name="simple_table_2D_with_assign" time="0.00199999999995271"/>
    <testcase classname="ds.table_smk" name="simple_table_2D_with_assign" time="0.00100000000020373"/>
    <testcase classname="ds.table_smk" name="simple_table_2D_with_assign" time="0.00199999999995271"/>
    <testcase classname="ds.table_smk" name="simple_table_2D_with_assign" time="0.520999999999731"/>
    <testcase classname="ds.table_smk" name="simple_table_2D_with_assign" time="0.00200000000040745"/>
    <testcase classname="ds.table_smk" name="simple_table_2D_with_assign" time="0.000999999999748979"/>
    <testcase classname="ds.table_smk" name="simple_table_2D_with_assign" time="0.00199999999995271"/>
    <testcase classname="ds.table_smk" name="simple_table_3D_with_assign" time="1.32799999999997"/>
    <testcase classname="ds.table_smk" name="simple_table_3D_with_assign" time="0.259000000000015"/>
    <testcase classname="ds.table_smk" name="simple_table_3D_with_assign" time="0.00199999999995271"/>
    <testcase classname="ds.table_smk" name="simple_table_3D_with_assign" time="0.000999999999748979"/>
    <testcase classname="ds.table_smk" name="simple_table_3D_with_assign" time="0.00200000000040745"/>
    <testcase classname="ds.table_smk" name="simple_table_3D_with_assign" time="0.000999999999748979"/>
    <testcase classname="ds.table_smk" name="simple_table_3D_with_assign" time="0.527999999999793"/>
    <testcase classname="ds.table_smk" name="simple_table_3D_with_assign" time="0.00199999999995271"/>
    <testcase classname="ds.table_smk" name="simple_table_3D_with_assign" time="0.00199999999995271"/>
    <testcase classname="ds.table_smk" name="simple_table_3D_with_assign" time="0.00100000000020373"/>
  </testsuite>
  <testsuite errors="0" failures="0" hostname="fv-az14" name="ds.table::smk::shutdown" skipped="0" tests="3" time="0.278" timestamp="2020-10-27T19:24:23Z">
    <testcase classname="ds.table_smk_shutdown" name="shutdown" time="0.275000000000091"/>
    <testcase classname="ds.table_smk_shutdown" name="shutdown" time="0.00199999999995271"/>
    <testcase classname="ds.table_smk_shutdown" name="shutdown" time="0.000999999999748979"/>
  </testsuite>
  <testsuite errors="0" failures="0" hostname="fv-az14" name="ds.table::smk::done" skipped="0" tests="0" time="0" timestamp="2020-10-27T19:24:24Z"/>
  <testsuite errors="0" failures="0" hostname="fv-az14" name="ds.tapply.assign::smk::setup" skipped="0" tests="3" time="5.125" timestamp="2020-10-27T19:24:24Z">
    <testcase classname="ds.tapply.assign_smk_setup" name="setup" time="5.12300000000005"/>
    <testcase classname="ds.tapply.assign_smk_setup" name="setup" time="0.00100000000020373"/>
    <testcase classname="ds.tapply.assign_smk_setup" name="setup" time="0.000999999999748979"/>
  </testsuite>
  <testsuite errors="0" failures="0" hostname="fv-az14" name="ds.tapply.assign::smk::fun=mean" skipped="0" tests="8" time="2.113" timestamp="2020-10-27T19:24:30Z">
    <testcase classname="ds.tapply.assign_smk_fun_mean" name="simplest_ds.tapply.assign_fun_mean" time="1.84100000000035"/>
    <testcase classname="ds.tapply.assign_smk_fun_mean" name="simplest_ds.tapply.assign_fun_mean" time="0.00100000000020373"/>
    <testcase classname="ds.tapply.assign_smk_fun_mean" name="simplest_ds.tapply.assign_fun_mean" time="0.000999999999748979"/>
    <testcase classname="ds.tapply.assign_smk_fun_mean" name="simplest_ds.tapply.assign_fun_mean" time="0.265000000000327"/>
    <testcase classname="ds.tapply.assign_smk_fun_mean" name="simplest_ds.tapply.assign_fun_mean" time="0.000999999999748979"/>
    <testcase classname="ds.tapply.assign_smk_fun_mean" name="simplest_ds.tapply.assign_fun_mean" time="0.00100000000020373"/>
    <testcase classname="ds.tapply.assign_smk_fun_mean" name="simplest_ds.tapply.assign_fun_mean" time="0.000999999999748979"/>
    <testcase classname="ds.tapply.assign_smk_fun_mean" name="simplest_ds.tapply.assign_fun_mean" time="0.00199999999995271"/>
  </testsuite>
  <testsuite errors="0" failures="0" hostname="fv-az14" name="ds.tapply.assign::smk::fun=sd" skipped="0" tests="8" time="1.057" timestamp="2020-10-27T19:24:31Z">
    <testcase classname="ds.tapply.assign_smk_fun_sd" name="simplest_ds.tapply.assign_fun_sd" time="0.788000000000011"/>
    <testcase classname="ds.tapply.assign_smk_fun_sd" name="simplest_ds.tapply.assign_fun_sd" time="0.00100000000020373"/>
    <testcase classname="ds.tapply.assign_smk_fun_sd" name="simplest_ds.tapply.assign_fun_sd" time="0.000999999999748979"/>
    <testcase classname="ds.tapply.assign_smk_fun_sd" name="simplest_ds.tapply.assign_fun_sd" time="0.260999999999967"/>
    <testcase classname="ds.tapply.assign_smk_fun_sd" name="simplest_ds.tapply.assign_fun_sd" time="0.00200000000040745"/>
    <testcase classname="ds.tapply.assign_smk_fun_sd" name="simplest_ds.tapply.assign_fun_sd" time="0.000999999999748979"/>
    <testcase classname="ds.tapply.assign_smk_fun_sd" name="simplest_ds.tapply.assign_fun_sd" time="0.00100000000020373"/>
    <testcase classname="ds.tapply.assign_smk_fun_sd" name="simplest_ds.tapply.assign_fun_sd" time="0.00199999999995271"/>
  </testsuite>
  <testsuite errors="0" failures="0" hostname="fv-az14" name="ds.tapply.assign::smk::fun=sum" skipped="0" tests="8" time="1.068" timestamp="2020-10-27T19:24:32Z">
    <testcase classname="ds.tapply.assign_smk_fun_sum" name="simplest_ds.tapply.assign_fun_sum" time="0.797999999999774"/>
    <testcase classname="ds.tapply.assign_smk_fun_sum" name="simplest_ds.tapply.assign_fun_sum" time="0.00100000000020373"/>
    <testcase classname="ds.tapply.assign_smk_fun_sum" name="simplest_ds.tapply.assign_fun_sum" time="0.000999999999748979"/>
    <testcase classname="ds.tapply.assign_smk_fun_sum" name="simplest_ds.tapply.assign_fun_sum" time="0.263000000000375"/>
    <testcase classname="ds.tapply.assign_smk_fun_sum" name="simplest_ds.tapply.assign_fun_sum" time="0.000999999999748979"/>
    <testcase classname="ds.tapply.assign_smk_fun_sum" name="simplest_ds.tapply.assign_fun_sum" time="0.00100000000020373"/>
    <testcase classname="ds.tapply.assign_smk_fun_sum" name="simplest_ds.tapply.assign_fun_sum" time="0.000999999999748979"/>
    <testcase classname="ds.tapply.assign_smk_fun_sum" name="simplest_ds.tapply.assign_fun_sum" time="0.00199999999995271"/>
  </testsuite>
  <testsuite errors="0" failures="0" hostname="fv-az14" name="ds.tapply.assign::smk::fun=quantile" skipped="0" tests="8" time="1.055" timestamp="2020-10-27T19:24:33Z">
    <testcase classname="ds.tapply.assign_smk_fun_quantile" name="simplest_ds.tapply.assign_fun_quantile" time="0.789000000000215"/>
    <testcase classname="ds.tapply.assign_smk_fun_quantile" name="simplest_ds.tapply.assign_fun_quantile" time="0.00199999999995271"/>
    <testcase classname="ds.tapply.assign_smk_fun_quantile" name="simplest_ds.tapply.assign_fun_quantile" time="0.000999999999748979"/>
    <testcase classname="ds.tapply.assign_smk_fun_quantile" name="simplest_ds.tapply.assign_fun_quantile" time="0.259000000000015"/>
    <testcase classname="ds.tapply.assign_smk_fun_quantile" name="simplest_ds.tapply.assign_fun_quantile" time="0.00100000000020373"/>
    <testcase classname="ds.tapply.assign_smk_fun_quantile" name="simplest_ds.tapply.assign_fun_quantile" time="0.00100000000020373"/>
    <testcase classname="ds.tapply.assign_smk_fun_quantile" name="simplest_ds.tapply.assign_fun_quantile" time="0.000999999999748979"/>
    <testcase classname="ds.tapply.assign_smk_fun_quantile" name="simplest_ds.tapply.assign_fun_quantile" time="0.00100000000020373"/>
  </testsuite>
  <testsuite errors="0" failures="0" hostname="fv-az14" name="ds.tapply.assign::smk::shutdown" skipped="0" tests="3" time="0.288" timestamp="2020-10-27T19:24:34Z">
    <testcase classname="ds.tapply.assign_smk_shutdown" name="shutdown" time="0.285999999999603"/>
    <testcase classname="ds.tapply.assign_smk_shutdown" name="shutdown" time="0.00100000000020373"/>
    <testcase classname="ds.tapply.assign_smk_shutdown" name="shutdown" time="0.00100000000020373"/>
  </testsuite>
  <testsuite errors="0" failures="0" hostname="fv-az14" name="ds.tapply.assign::smk::done" skipped="0" tests="0" time="0" timestamp="2020-10-27T19:24:35Z"/>
  <testsuite errors="0" failures="0" hostname="fv-az14" name="ds.tapply::smk::setup" skipped="0" tests="3" time="5.135" timestamp="2020-10-27T19:24:35Z">
    <testcase classname="ds.tapply_smk_setup" name="setup" time="5.13199999999961"/>
    <testcase classname="ds.tapply_smk_setup" name="setup" time="0.00200000000040745"/>
    <testcase classname="ds.tapply_smk_setup" name="setup" time="0.000999999999748979"/>
  </testsuite>
  <testsuite errors="0" failures="0" hostname="fv-az14" name="ds.tapply::smk::fun=mean" skipped="0" tests="22" time="1.339" timestamp="2020-10-27T19:24:40Z">
    <testcase classname="ds.tapply_smk_fun_mean" name="simplest_ds.tapply_fun_mean" time="1.31500000000005"/>
    <testcase classname="ds.tapply_smk_fun_mean" name="simplest_ds.tapply_fun_mean" time="0.00199999999995271"/>
    <testcase classname="ds.tapply_smk_fun_mean" name="simplest_ds.tapply_fun_mean" time="0.00100000000020373"/>
    <testcase classname="ds.tapply_smk_fun_mean" name="simplest_ds.tapply_fun_mean" time="0.000999999999748979"/>
    <testcase classname="ds.tapply_smk_fun_mean" name="simplest_ds.tapply_fun_mean" time="0.00100000000020373"/>
    <testcase classname="ds.tapply_smk_fun_mean" name="simplest_ds.tapply_fun_mean" time="0.000999999999748979"/>
    <testcase classname="ds.tapply_smk_fun_mean" name="simplest_ds.tapply_fun_mean" time="0.00100000000020373"/>
    <testcase classname="ds.tapply_smk_fun_mean" name="simplest_ds.tapply_fun_mean" time="0.000999999999748979"/>
    <testcase classname="ds.tapply_smk_fun_mean" name="simplest_ds.tapply_fun_mean" time="0.00100000000020373"/>
    <testcase classname="ds.tapply_smk_fun_mean" name="simplest_ds.tapply_fun_mean" time="0.00100000000020373"/>
    <testcase classname="ds.tapply_smk_fun_mean" name="simplest_ds.tapply_fun_mean" time="0.000999999999748979"/>
    <testcase classname="ds.tapply_smk_fun_mean" name="simplest_ds.tapply_fun_mean" time="0.000999999999748979"/>
    <testcase classname="ds.tapply_smk_fun_mean" name="simplest_ds.tapply_fun_mean" time="0.00100000000020373"/>
    <testcase classname="ds.tapply_smk_fun_mean" name="simplest_ds.tapply_fun_mean" time="0.000999999999748979"/>
    <testcase classname="ds.tapply_smk_fun_mean" name="simplest_ds.tapply_fun_mean" time="0.00100000000020373"/>
    <testcase classname="ds.tapply_smk_fun_mean" name="simplest_ds.tapply_fun_mean" time="0.00199999999995271"/>
    <testcase classname="ds.tapply_smk_fun_mean" name="simplest_ds.tapply_fun_mean" time="0.000999999999748979"/>
    <testcase classname="ds.tapply_smk_fun_mean" name="simplest_ds.tapply_fun_mean" time="0.00100000000020373"/>
    <testcase classname="ds.tapply_smk_fun_mean" name="simplest_ds.tapply_fun_mean" time="0.00100000000020373"/>
    <testcase classname="ds.tapply_smk_fun_mean" name="simplest_ds.tapply_fun_mean" time="0.00199999999995271"/>
    <testcase classname="ds.tapply_smk_fun_mean" name="simplest_ds.tapply_fun_mean" time="0.000999999999748979"/>
    <testcase classname="ds.tapply_smk_fun_mean" name="simplest_ds.tapply_fun_mean" time="0.00100000000020373"/>
  </testsuite>
  <testsuite errors="0" failures="0" hostname="fv-az14" name="ds.tapply::smk::fun=sd" skipped="0" tests="22" time="0.297" timestamp="2020-10-27T19:24:41Z">
    <testcase classname="ds.tapply_smk_fun_sd" name="simplest_ds.tapply_fun_sd" time="0.271999999999935"/>
    <testcase classname="ds.tapply_smk_fun_sd" name="simplest_ds.tapply_fun_sd" time="0.000999999999748979"/>
    <testcase classname="ds.tapply_smk_fun_sd" name="simplest_ds.tapply_fun_sd" time="0.00100000000020373"/>
    <testcase classname="ds.tapply_smk_fun_sd" name="simplest_ds.tapply_fun_sd" time="0.00100000000020373"/>
    <testcase classname="ds.tapply_smk_fun_sd" name="simplest_ds.tapply_fun_sd" time="0.000999999999748979"/>
    <testcase classname="ds.tapply_smk_fun_sd" name="simplest_ds.tapply_fun_sd" time="0.00100000000020373"/>
    <testcase classname="ds.tapply_smk_fun_sd" name="simplest_ds.tapply_fun_sd" time="0.00199999999995271"/>
    <testcase classname="ds.tapply_smk_fun_sd" name="simplest_ds.tapply_fun_sd" time="0.000999999999748979"/>
    <testcase classname="ds.tapply_smk_fun_sd" name="simplest_ds.tapply_fun_sd" time="0.00100000000020373"/>
    <testcase classname="ds.tapply_smk_fun_sd" name="simplest_ds.tapply_fun_sd" time="0.000999999999748979"/>
    <testcase classname="ds.tapply_smk_fun_sd" name="simplest_ds.tapply_fun_sd" time="0.00100000000020373"/>
    <testcase classname="ds.tapply_smk_fun_sd" name="simplest_ds.tapply_fun_sd" time="0.00100000000020373"/>
    <testcase classname="ds.tapply_smk_fun_sd" name="simplest_ds.tapply_fun_sd" time="0.000999999999748979"/>
    <testcase classname="ds.tapply_smk_fun_sd" name="simplest_ds.tapply_fun_sd" time="0.00199999999995271"/>
    <testcase classname="ds.tapply_smk_fun_sd" name="simplest_ds.tapply_fun_sd" time="0.00100000000020373"/>
    <testcase classname="ds.tapply_smk_fun_sd" name="simplest_ds.tapply_fun_sd" time="0.000999999999748979"/>
    <testcase classname="ds.tapply_smk_fun_sd" name="simplest_ds.tapply_fun_sd" time="0.00100000000020373"/>
    <testcase classname="ds.tapply_smk_fun_sd" name="simplest_ds.tapply_fun_sd" time="0.00199999999995271"/>
    <testcase classname="ds.tapply_smk_fun_sd" name="simplest_ds.tapply_fun_sd" time="0.00100000000020373"/>
    <testcase classname="ds.tapply_smk_fun_sd" name="simplest_ds.tapply_fun_sd" time="0.000999999999748979"/>
    <testcase classname="ds.tapply_smk_fun_sd" name="simplest_ds.tapply_fun_sd" time="0.00199999999995271"/>
    <testcase classname="ds.tapply_smk_fun_sd" name="simplest_ds.tapply_fun_sd" time="0.00100000000020373"/>
  </testsuite>
  <testsuite errors="0" failures="0" hostname="fv-az14" name="ds.tapply::smk::fun=sum" skipped="0" tests="22" time="0.295" timestamp="2020-10-27T19:24:41Z">
    <testcase classname="ds.tapply_smk_fun_sum" name="simplest_ds.tapply_fun_sum" time="0.269999999999982"/>
    <testcase classname="ds.tapply_smk_fun_sum" name="simplest_ds.tapply_fun_sum" time="0.000999999999748979"/>
    <testcase classname="ds.tapply_smk_fun_sum" name="simplest_ds.tapply_fun_sum" time="0.00100000000020373"/>
    <testcase classname="ds.tapply_smk_fun_sum" name="simplest_ds.tapply_fun_sum" time="0.000999999999748979"/>
    <testcase classname="ds.tapply_smk_fun_sum" name="simplest_ds.tapply_fun_sum" time="0.00100000000020373"/>
    <testcase classname="ds.tapply_smk_fun_sum" name="simplest_ds.tapply_fun_sum" time="0.00100000000020373"/>
    <testcase classname="ds.tapply_smk_fun_sum" name="simplest_ds.tapply_fun_sum" time="0.00199999999995271"/>
    <testcase classname="ds.tapply_smk_fun_sum" name="simplest_ds.tapply_fun_sum" time="0.000999999999748979"/>
    <testcase classname="ds.tapply_smk_fun_sum" name="simplest_ds.tapply_fun_sum" time="0.00100000000020373"/>
    <testcase classname="ds.tapply_smk_fun_sum" name="simplest_ds.tapply_fun_sum" time="0.000999999999748979"/>
    <testcase classname="ds.tapply_smk_fun_sum" name="simplest_ds.tapply_fun_sum" time="0.00100000000020373"/>
    <testcase classname="ds.tapply_smk_fun_sum" name="simplest_ds.tapply_fun_sum" time="0.000999999999748979"/>
    <testcase classname="ds.tapply_smk_fun_sum" name="simplest_ds.tapply_fun_sum" time="0.00200000000040745"/>
    <testcase classname="ds.tapply_smk_fun_sum" name="simplest_ds.tapply_fun_sum" time="0.000999999999748979"/>
    <testcase classname="ds.tapply_smk_fun_sum" name="simplest_ds.tapply_fun_sum" time="0.00100000000020373"/>
    <testcase classname="ds.tapply_smk_fun_sum" name="simplest_ds.tapply_fun_sum" time="0.000999999999748979"/>
    <testcase classname="ds.tapply_smk_fun_sum" name="simplest_ds.tapply_fun_sum" time="0.00100000000020373"/>
    <testcase classname="ds.tapply_smk_fun_sum" name="simplest_ds.tapply_fun_sum" time="0.00199999999995271"/>
    <testcase classname="ds.tapply_smk_fun_sum" name="simplest_ds.tapply_fun_sum" time="0.000999999999748979"/>
    <testcase classname="ds.tapply_smk_fun_sum" name="simplest_ds.tapply_fun_sum" time="0.00100000000020373"/>
    <testcase classname="ds.tapply_smk_fun_sum" name="simplest_ds.tapply_fun_sum" time="0.00199999999995271"/>
    <testcase classname="ds.tapply_smk_fun_sum" name="simplest_ds.tapply_fun_sum" time="0.00100000000020373"/>
  </testsuite>
  <testsuite errors="0" failures="0" hostname="fv-az14" name="ds.tapply::smk::fun=quantile" skipped="0" tests="10" time="0.283" timestamp="2020-10-27T19:24:41Z">
    <testcase classname="ds.tapply_smk_fun_quantile" name="simplest_ds.tapply_fun_quantile" time="0.273999999999887"/>
    <testcase classname="ds.tapply_smk_fun_quantile" name="simplest_ds.tapply_fun_quantile" time="0.000999999999748979"/>
    <testcase classname="ds.tapply_smk_fun_quantile" name="simplest_ds.tapply_fun_quantile" time="0.00100000000020373"/>
    <testcase classname="ds.tapply_smk_fun_quantile" name="simplest_ds.tapply_fun_quantile" time="0.000999999999748979"/>
    <testcase classname="ds.tapply_smk_fun_quantile" name="simplest_ds.tapply_fun_quantile" time="0.00100000000020373"/>
    <testcase classname="ds.tapply_smk_fun_quantile" name="simplest_ds.tapply_fun_quantile" time="0.00100000000020373"/>
    <testcase classname="ds.tapply_smk_fun_quantile" name="simplest_ds.tapply_fun_quantile" time="0.000999999999748979"/>
    <testcase classname="ds.tapply_smk_fun_quantile" name="simplest_ds.tapply_fun_quantile" time="0.00100000000020373"/>
    <testcase classname="ds.tapply_smk_fun_quantile" name="simplest_ds.tapply_fun_quantile" time="0.000999999999748979"/>
    <testcase classname="ds.tapply_smk_fun_quantile" name="simplest_ds.tapply_fun_quantile" time="0.00100000000020373"/>
  </testsuite>
  <testsuite errors="0" failures="0" hostname="fv-az14" name="ds.tapply::smk::shutdown" skipped="0" tests="3" time="0.285" timestamp="2020-10-27T19:24:42Z">
    <testcase classname="ds.tapply_smk_shutdown" name="shutdown" time="0.281999999999698"/>
    <testcase classname="ds.tapply_smk_shutdown" name="shutdown" time="0.00200000000040745"/>
    <testcase classname="ds.tapply_smk_shutdown" name="shutdown" time="0.000999999999748979"/>
  </testsuite>
  <testsuite errors="0" failures="0" hostname="fv-az14" name="ds.tapply::smk::done" skipped="0" tests="0" time="0" timestamp="2020-10-27T19:24:43Z"/>
  <testsuite errors="0" failures="0" hostname="fv-az14" name="ds.testObjExists::smk::setup" skipped="0" tests="3" time="5.042" timestamp="2020-10-27T19:24:43Z">
    <testcase classname="ds.testObjExists_smk_setup" name="setup" time="5.03999999999996"/>
    <testcase classname="ds.testObjExists_smk_setup" name="setup" time="0.00100000000020373"/>
    <testcase classname="ds.testObjExists_smk_setup" name="setup" time="0.000999999999748979"/>
  </testsuite>
  <testsuite errors="0" failures="0" hostname="fv-az14" name="ds.testObjExists::smk::discordant" skipped="0" tests="20" time="0.588" timestamp="2020-10-27T19:24:47Z">
    <testcase classname="ds.testObjExists_smk_discordant" name="simple_testObjExists_discordant" time="0.309999999999945"/>
    <testcase classname="ds.testObjExists_smk_discordant" name="simple_testObjExists_discordant" time="0.00100000000020373"/>
    <testcase classname="ds.testObjExists_smk_discordant" name="data.frame_testObjExists_discordant" time="0.257000000000062"/>
    <testcase classname="ds.testObjExists_smk_discordant" name="data.frame_testObjExists_discordant" time="0.00199999999995271"/>
    <testcase classname="ds.testObjExists_smk_discordant" name="data.frame_testObjExists_discordant" time="0.000999999999748979"/>
    <testcase classname="ds.testObjExists_smk_discordant" name="data.frame_testObjExists_discordant" time="0.00100000000020373"/>
    <testcase classname="ds.testObjExists_smk_discordant" name="data.frame_testObjExists_discordant" time="0.00100000000020373"/>
    <testcase classname="ds.testObjExists_smk_discordant" name="data.frame_testObjExists_discordant" time="0.000999999999748979"/>
    <testcase classname="ds.testObjExists_smk_discordant" name="data.frame_testObjExists_discordant" time="0.00100000000020373"/>
    <testcase classname="ds.testObjExists_smk_discordant" name="data.frame_testObjExists_discordant" time="0.000999999999748979"/>
    <testcase classname="ds.testObjExists_smk_discordant" name="data.frame_testObjExists_discordant" time="0.00100000000020373"/>
    <testcase classname="ds.testObjExists_smk_discordant" name="data.frame_testObjExists_discordant" time="0.000999999999748979"/>
    <testcase classname="ds.testObjExists_smk_discordant" name="data.frame_testObjExists_discordant" time="0.00199999999995271"/>
    <testcase classname="ds.testObjExists_smk_discordant" name="data.frame_testObjExists_discordant" time="0.00100000000020373"/>
    <testcase classname="ds.testObjExists_smk_discordant" name="data.frame_testObjExists_discordant" time="0.00100000000020373"/>
    <testcase classname="ds.testObjExists_smk_discordant" name="data.frame_testObjExists_discordant" time="0.000999999999748979"/>
    <testcase classname="ds.testObjExists_smk_discordant" name="data.frame_testObjExists_discordant" time="0.00100000000020373"/>
    <testcase classname="ds.testObjExists_smk_discordant" name="data.frame_testObjExists_discordant" time="0.00199999999995271"/>
    <testcase classname="ds.testObjExists_smk_discordant" name="data.frame_testObjExists_discordant" time="0.000999999999748979"/>
    <testcase classname="ds.testObjExists_smk_discordant" name="data.frame_testObjExists_discordant" time="0.00100000000020373"/>
  </testsuite>
  <testsuite errors="0" failures="0" hostname="fv-az14" name="ds.testObjExists::smk::shutdown" skipped="0" tests="3" time="0.283" timestamp="2020-10-27T19:24:48Z">
    <testcase classname="ds.testObjExists_smk_shutdown" name="shutdown" time="0.280999999999949"/>
    <testcase classname="ds.testObjExists_smk_shutdown" name="shutdown" time="0.00100000000020373"/>
    <testcase classname="ds.testObjExists_smk_shutdown" name="shutdown" time="0.000999999999748979"/>
  </testsuite>
  <testsuite errors="0" failures="0" hostname="fv-az14" name="ds.testObjExists::smk::done" skipped="0" tests="0" time="0" timestamp="2020-10-27T19:24:49Z"/>
  <testsuite errors="0" failures="0" hostname="fv-az14" name="ds.testObjExists::smk::setup" skipped="0" tests="3" time="5.137" timestamp="2020-10-27T19:24:49Z">
    <testcase classname="ds.testObjExists_smk_setup" name="setup" time="5.13500000000022"/>
    <testcase classname="ds.testObjExists_smk_setup" name="setup" time="0.000999999999748979"/>
    <testcase classname="ds.testObjExists_smk_setup" name="setup" time="0.00100000000020373"/>
  </testsuite>
  <testsuite errors="0" failures="0" hostname="fv-az14" name="ds.testObjExists::smk" skipped="0" tests="40" time="3.731" timestamp="2020-10-27T19:24:53Z">
    <testcase classname="ds.testObjExists_smk" name="simple_testObjExists" time="0.273999999999887"/>
    <testcase classname="ds.testObjExists_smk" name="simple_testObjExists" time="0.00100000000020373"/>
    <testcase classname="ds.testObjExists_smk" name="data.frame_testObjExists" time="2.88599999999997"/>
    <testcase classname="ds.testObjExists_smk" name="data.frame_testObjExists" time="0.000999999999748979"/>
    <testcase classname="ds.testObjExists_smk" name="data.frame_testObjExists" time="0.259000000000015"/>
    <testcase classname="ds.testObjExists_smk" name="data.frame_testObjExists" time="0.00100000000020373"/>
    <testcase classname="ds.testObjExists_smk" name="data.frame_testObjExists" time="0.000999999999748979"/>
    <testcase classname="ds.testObjExists_smk" name="data.frame_testObjExists" time="0.00100000000020373"/>
    <testcase classname="ds.testObjExists_smk" name="data.frame_testObjExists" time="0.000999999999748979"/>
    <testcase classname="ds.testObjExists_smk" name="data.frame_testObjExists" time="0.00199999999995271"/>
    <testcase classname="ds.testObjExists_smk" name="data.frame_testObjExists" time="0.00100000000020373"/>
    <testcase classname="ds.testObjExists_smk" name="data.frame_testObjExists" time="0.00100000000020373"/>
    <testcase classname="ds.testObjExists_smk" name="data.frame_testObjExists" time="0.000999999999748979"/>
    <testcase classname="ds.testObjExists_smk" name="data.frame_testObjExists" time="0.00100000000020373"/>
    <testcase classname="ds.testObjExists_smk" name="data.frame_testObjExists" time="0.000999999999748979"/>
    <testcase classname="ds.testObjExists_smk" name="data.frame_testObjExists" time="0.00100000000020373"/>
    <testcase classname="ds.testObjExists_smk" name="data.frame_testObjExists" time="0.00199999999995271"/>
    <testcase classname="ds.testObjExists_smk" name="data.frame_testObjExists" time="0.000999999999748979"/>
    <testcase classname="ds.testObjExists_smk" name="data.frame_testObjExists" time="0.00100000000020373"/>
    <testcase classname="ds.testObjExists_smk" name="data.frame_testObjExists" time="0.000999999999748979"/>
    <testcase classname="ds.testObjExists_smk" name="data.frame_testObjExists" time="0.00200000000040745"/>
    <testcase classname="ds.testObjExists_smk" name="data.frame_testObjExists" time="0.000999999999748979"/>
    <testcase classname="ds.testObjExists_smk" name="data.frame_testObjExists" time="0.264999999999873"/>
    <testcase classname="ds.testObjExists_smk" name="data.frame_testObjExists" time="0.00200000000040745"/>
    <testcase classname="ds.testObjExists_smk" name="data.frame_testObjExists" time="0.000999999999748979"/>
    <testcase classname="ds.testObjExists_smk" name="data.frame_testObjExists" time="0.00100000000020373"/>
    <testcase classname="ds.testObjExists_smk" name="data.frame_testObjExists" time="0.00199999999995271"/>
    <testcase classname="ds.testObjExists_smk" name="data.frame_testObjExists" time="0.000999999999748979"/>
    <testcase classname="ds.testObjExists_smk" name="data.frame_testObjExists" time="0.00199999999995271"/>
    <testcase classname="ds.testObjExists_smk" name="data.frame_testObjExists" time="0.00100000000020373"/>
    <testcase classname="ds.testObjExists_smk" name="data.frame_testObjExists" time="0.00100000000020373"/>
    <testcase classname="ds.testObjExists_smk" name="data.frame_testObjExists" time="0.00199999999995271"/>
    <testcase classname="ds.testObjExists_smk" name="data.frame_testObjExists" time="0.000999999999748979"/>
    <testcase classname="ds.testObjExists_smk" name="data.frame_testObjExists" time="0.00199999999995271"/>
    <testcase classname="ds.testObjExists_smk" name="data.frame_testObjExists" time="0.00100000000020373"/>
    <testcase classname="ds.testObjExists_smk" name="data.frame_testObjExists" time="0.00199999999995271"/>
    <testcase classname="ds.testObjExists_smk" name="data.frame_testObjExists" time="0.000999999999748979"/>
    <testcase classname="ds.testObjExists_smk" name="data.frame_testObjExists" time="0.00200000000040745"/>
    <testcase classname="ds.testObjExists_smk" name="data.frame_testObjExists" time="0.000999999999748979"/>
    <testcase classname="ds.testObjExists_smk" name="data.frame_testObjExists" time="0.00199999999995271"/>
  </testsuite>
  <testsuite errors="0" failures="0" hostname="fv-az14" name="ds.testObjExists::smk::shutdown" skipped="0" tests="3" time="0.275" timestamp="2020-10-27T19:24:57Z">
    <testcase classname="ds.testObjExists_smk_shutdown" name="shutdown" time="0.273000000000138"/>
    <testcase classname="ds.testObjExists_smk_shutdown" name="shutdown" time="0.000999999999748979"/>
    <testcase classname="ds.testObjExists_smk_shutdown" name="shutdown" time="0.00100000000020373"/>
  </testsuite>
  <testsuite errors="0" failures="0" hostname="fv-az14" name="ds.testObjExists::smk::done" skipped="0" tests="0" time="0" timestamp="2020-10-27T19:24:58Z"/>
  <testsuite errors="0" failures="0" hostname="fv-az14" name="ds.unList::smk::setup" skipped="0" tests="3" time="5.12" timestamp="2020-10-27T19:24:58Z">
    <testcase classname="ds.unList_smk_setup" name="setup" time="5.11799999999994"/>
    <testcase classname="ds.unList_smk_setup" name="setup" time="0.00100000000020373"/>
    <testcase classname="ds.unList_smk_setup" name="setup" time="0.000999999999748979"/>
  </testsuite>
  <testsuite errors="0" failures="0" hostname="fv-az14" name="ds.unList::smk::simple test" skipped="0" tests="3" time="1.12" timestamp="2020-10-27T19:25:02Z">
    <testcase classname="ds.unList_smk_simple_test" name="simple_test" time="1.11700000000019"/>
    <testcase classname="ds.unList_smk_simple_test" name="simple_test" time="0.00199999999995271"/>
    <testcase classname="ds.unList_smk_simple_test" name="simple_test" time="0.00100000000020373"/>
  </testsuite>
  <testsuite errors="0" failures="0" hostname="fv-az14" name="ds.unList::smk::shutdown" skipped="0" tests="3" time="0.274" timestamp="2020-10-27T19:25:03Z">
    <testcase classname="ds.unList_smk_shutdown" name="shutdown" time="0.271999999999935"/>
    <testcase classname="ds.unList_smk_shutdown" name="shutdown" time="0.000999999999748979"/>
    <testcase classname="ds.unList_smk_shutdown" name="shutdown" time="0.00100000000020373"/>
  </testsuite>
  <testsuite errors="0" failures="0" hostname="fv-az14" name="ds.unList::smk::done" skipped="0" tests="0" time="0" timestamp="2020-10-27T19:25:04Z"/>
  <testsuite errors="0" failures="0" hostname="fv-az14" name="ds.var::smk::setup" skipped="0" tests="3" time="5.137" timestamp="2020-10-27T19:25:04Z">
    <testcase classname="ds.var_smk_setup" name="setup" time="5.13499999999976"/>
    <testcase classname="ds.var_smk_setup" name="setup" time="0.00100000000020373"/>
    <testcase classname="ds.var_smk_setup" name="setup" time="0.000999999999748979"/>
  </testsuite>
  <testsuite errors="0" failures="0" hostname="fv-az14" name="ds.var::smk::split" skipped="0" tests="19" time="0.295" timestamp="2020-10-27T19:25:09Z">
    <testcase classname="ds.var_smk_split" name="simple_var_split" time="0.274000000000342"/>
    <testcase classname="ds.var_smk_split" name="simple_var_split" time="0.000999999999748979"/>
    <testcase classname="ds.var_smk_split" name="simple_var_split" time="0.00100000000020373"/>
    <testcase classname="ds.var_smk_split" name="simple_var_split" time="0.000999999999748979"/>
    <testcase classname="ds.var_smk_split" name="simple_var_split" time="0.00100000000020373"/>
    <testcase classname="ds.var_smk_split" name="simple_var_split" time="0.000999999999748979"/>
    <testcase classname="ds.var_smk_split" name="simple_var_split" time="0.00199999999995271"/>
    <testcase classname="ds.var_smk_split" name="simple_var_split" time="0.00100000000020373"/>
    <testcase classname="ds.var_smk_split" name="simple_var_split" time="0.00100000000020373"/>
    <testcase classname="ds.var_smk_split" name="simple_var_split" time="0.000999999999748979"/>
    <testcase classname="ds.var_smk_split" name="simple_var_split" time="0.00100000000020373"/>
    <testcase classname="ds.var_smk_split" name="simple_var_split" time="0.00199999999995271"/>
    <testcase classname="ds.var_smk_split" name="simple_var_split" time="0.000999999999748979"/>
    <testcase classname="ds.var_smk_split" name="simple_var_split" time="0.00100000000020373"/>
    <testcase classname="ds.var_smk_split" name="simple_var_split" time="0.000999999999748979"/>
    <testcase classname="ds.var_smk_split" name="simple_var_split" time="0.00200000000040745"/>
    <testcase classname="ds.var_smk_split" name="simple_var_split" time="0.000999999999748979"/>
    <testcase classname="ds.var_smk_split" name="simple_var_split" time="0.00100000000020373"/>
    <testcase classname="ds.var_smk_split" name="simple_var_split" time="0.000999999999748979"/>
  </testsuite>
  <testsuite errors="0" failures="0" hostname="fv-az14" name="ds.var::smk::combine" skipped="0" tests="11" time="0.286" timestamp="2020-10-27T19:25:09Z">
    <testcase classname="ds.var_smk_combine" name="simple_var_combine" time="0.273999999999887"/>
    <testcase classname="ds.var_smk_combine" name="simple_var_combine" time="0.00100000000020373"/>
    <testcase classname="ds.var_smk_combine" name="simple_var_combine" time="0.00199999999995271"/>
    <testcase classname="ds.var_smk_combine" name="simple_var_combine" time="0.00100000000020373"/>
    <testcase classname="ds.var_smk_combine" name="simple_var_combine" time="0.000999999999748979"/>
    <testcase classname="ds.var_smk_combine" name="simple_var_combine" time="0.00100000000020373"/>
    <testcase classname="ds.var_smk_combine" name="simple_var_combine" time="0.000999999999748979"/>
    <testcase classname="ds.var_smk_combine" name="simple_var_combine" time="0.00100000000020373"/>
    <testcase classname="ds.var_smk_combine" name="simple_var_combine" time="0.000999999999748979"/>
    <testcase classname="ds.var_smk_combine" name="simple_var_combine" time="0.00100000000020373"/>
    <testcase classname="ds.var_smk_combine" name="simple_var_combine" time="0.00199999999995271"/>
  </testsuite>
  <testsuite errors="0" failures="0" hostname="fv-az14" name="ds.var::smk::both" skipped="0" tests="24" time="0.307" timestamp="2020-10-27T19:25:09Z">
    <testcase classname="ds.var_smk_both" name="simple_var_both" time="0.278999999999996"/>
    <testcase classname="ds.var_smk_both" name="simple_var_both" time="0.00100000000020373"/>
    <testcase classname="ds.var_smk_both" name="simple_var_both" time="0.000999999999748979"/>
    <testcase classname="ds.var_smk_both" name="simple_var_both" time="0.00100000000020373"/>
    <testcase classname="ds.var_smk_both" name="simple_var_both" time="0.000999999999748979"/>
    <testcase classname="ds.var_smk_both" name="simple_var_both" time="0.00100000000020373"/>
    <testcase classname="ds.var_smk_both" name="simple_var_both" time="0.000999999999748979"/>
    <testcase classname="ds.var_smk_both" name="simple_var_both" time="0.00100000000020373"/>
    <testcase classname="ds.var_smk_both" name="simple_var_both" time="0.00199999999995271"/>
    <testcase classname="ds.var_smk_both" name="simple_var_both" time="0.00100000000020373"/>
    <testcase classname="ds.var_smk_both" name="simple_var_both" time="0.000999999999748979"/>
    <testcase classname="ds.var_smk_both" name="simple_var_both" time="0.00100000000020373"/>
    <testcase classname="ds.var_smk_both" name="simple_var_both" time="0.000999999999748979"/>
    <testcase classname="ds.var_smk_both" name="simple_var_both" time="0.00199999999995271"/>
    <testcase classname="ds.var_smk_both" name="simple_var_both" time="0.00100000000020373"/>
    <testcase classname="ds.var_smk_both" name="simple_var_both" time="0.000999999999748979"/>
    <testcase classname="ds.var_smk_both" name="simple_var_both" time="0.00100000000020373"/>
    <testcase classname="ds.var_smk_both" name="simple_var_both" time="0.00199999999995271"/>
    <testcase classname="ds.var_smk_both" name="simple_var_both" time="0.00100000000020373"/>
    <testcase classname="ds.var_smk_both" name="simple_var_both" time="0.000999999999748979"/>
    <testcase classname="ds.var_smk_both" name="simple_var_both" time="0.00199999999995271"/>
    <testcase classname="ds.var_smk_both" name="simple_var_both" time="0.00100000000020373"/>
    <testcase classname="ds.var_smk_both" name="simple_var_both" time="0.000999999999748979"/>
    <testcase classname="ds.var_smk_both" name="simple_var_both" time="0.00200000000040745"/>
  </testsuite>
  <testsuite errors="0" failures="0" hostname="fv-az14" name="ds.var::smk::shutdown" skipped="0" tests="3" time="0.275" timestamp="2020-10-27T19:25:10Z">
    <testcase classname="ds.var_smk_shutdown" name="shutdown" time="0.272999999999683"/>
    <testcase classname="ds.var_smk_shutdown" name="shutdown" time="0.00100000000020373"/>
    <testcase classname="ds.var_smk_shutdown" name="shutdown" time="0.000999999999748979"/>
  </testsuite>
  <testsuite errors="0" failures="0" hostname="fv-az14" name="ds.var::smk::done" skipped="0" tests="0" time="0" timestamp="2020-10-27T19:25:10Z"/>
  <testsuite errors="0" failures="0" hostname="fv-az14" name="ds.vectorCalc::smk::setup" skipped="0" tests="3" time="5.137" timestamp="2020-10-27T19:25:10Z">
    <testcase classname="ds.vectorCalc_smk_setup" name="setup" time="5.13500000000022"/>
    <testcase classname="ds.vectorCalc_smk_setup" name="setup" time="0.000999999999748979"/>
    <testcase classname="ds.vectorCalc_smk_setup" name="setup" time="0.00100000000020373"/>
  </testsuite>
  <testsuite errors="0" failures="0" hostname="fv-az14" name="ds.vectorCalc::smk" skipped="0" tests="18" time="2.972" timestamp="2020-10-27T19:25:15Z">
    <testcase classname="ds.vectorCalc_smk" name="simple_test" time="0.0360000000000582"/>
    <testcase classname="ds.vectorCalc_smk" name="simple_test" time="2.14499999999998"/>
    <testcase classname="ds.vectorCalc_smk" name="simple_test" time="0.514000000000124"/>
    <testcase classname="ds.vectorCalc_smk" name="simple_test" time="0.000999999999748979"/>
    <testcase classname="ds.vectorCalc_smk" name="simple_test" time="0.00199999999995271"/>
    <testcase classname="ds.vectorCalc_smk" name="simple_test" time="0.00100000000020373"/>
    <testcase classname="ds.vectorCalc_smk" name="simple_test" time="0.000999999999748979"/>
    <testcase classname="ds.vectorCalc_smk" name="simple_test" time="0.00100000000020373"/>
    <testcase classname="ds.vectorCalc_smk" name="simple_test" time="0.000999999999748979"/>
    <testcase classname="ds.vectorCalc_smk" name="simple_test" time="0.260000000000218"/>
    <testcase classname="ds.vectorCalc_smk" name="simple_test" time="0.00199999999995271"/>
    <testcase classname="ds.vectorCalc_smk" name="simple_test" time="0.00100000000020373"/>
    <testcase classname="ds.vectorCalc_smk" name="simple_test" time="0.000999999999748979"/>
    <testcase classname="ds.vectorCalc_smk" name="simple_test" time="0.00100000000020373"/>
    <testcase classname="ds.vectorCalc_smk" name="simple_test" time="0.000999999999748979"/>
    <testcase classname="ds.vectorCalc_smk" name="simple_test" time="0.00199999999995271"/>
    <testcase classname="ds.vectorCalc_smk" name="simple_test" time="0.00100000000020373"/>
    <testcase classname="ds.vectorCalc_smk" name="simple_test" time="0.00100000000020373"/>
  </testsuite>
  <testsuite errors="0" failures="0" hostname="fv-az14" name="ds.vectorCalc::smk::shutdown" skipped="0" tests="3" time="0.279" timestamp="2020-10-27T19:25:18Z">
    <testcase classname="ds.vectorCalc_smk_shutdown" name="shutdown" time="0.276999999999589"/>
    <testcase classname="ds.vectorCalc_smk_shutdown" name="shutdown" time="0.00100000000020373"/>
    <testcase classname="ds.vectorCalc_smk_shutdown" name="shutdown" time="0.00100000000020373"/>
  </testsuite>
  <testsuite errors="0" failures="0" hostname="fv-az14" name="ds.vectorCalc::smk::done" skipped="0" tests="0" time="0" timestamp="2020-10-27T19:25:19Z"/>
  <testsuite errors="0" failures="0" hostname="fv-az14" name="ds.mean::smk_expt::type=combine" skipped="0" tests="1" time="5.22" timestamp="2020-10-27T19:25:23Z">
    <testcase classname="ds.mean_smk_expt_type_combine" name="mean_values_combine_" time="5.2199999999998"/>
  </testsuite>
  <testsuite errors="0" failures="0" hostname="fv-az14" name="ds.mean::smk_expt::type=split" skipped="0" tests="1" time="0.275" timestamp="2020-10-27T19:25:23Z">
    <testcase classname="ds.mean_smk_expt_type_split" name="mean_values_split_" time="0.275000000000091"/>
  </testsuite>
  <testsuite errors="0" failures="0" hostname="fv-az14" name="ds.mean::smk_expt::type=both" skipped="0" tests="1" time="0.271" timestamp="2020-10-27T19:25:24Z">
    <testcase classname="ds.mean_smk_expt_type_both" name="mean_values_both_" time="0.270999999999731"/>
  </testsuite>
  <testsuite errors="0" failures="0" hostname="fv-az14" name="ds.mean::smk_expt::type=combine" skipped="0" tests="1" time="0.279" timestamp="2020-10-27T19:25:24Z">
    <testcase classname="ds.mean_smk_expt_type_combine" name="mean_values_combine_" time="0.278999999999996"/>
  </testsuite>
  <testsuite errors="0" failures="0" hostname="fv-az14" name="ds.mean::smk_expt::type=split" skipped="0" tests="1" time="0.277" timestamp="2020-10-27T19:25:24Z">
    <testcase classname="ds.mean_smk_expt_type_split" name="mean_values_split_" time="0.277000000000044"/>
  </testsuite>
  <testsuite errors="0" failures="0" hostname="fv-az14" name="ds.mean::smk_expt::type=both" skipped="0" tests="1" time="0.272" timestamp="2020-10-27T19:25:25Z">
    <testcase classname="ds.mean_smk_expt_type_both" name="mean_values_both_" time="0.271999999999935"/>
  </testsuite>
  <testsuite errors="0" failures="0" hostname="fv-az14" name="ds.mean::smk_expt::type=combine" skipped="0" tests="1" time="0.271" timestamp="2020-10-27T19:25:25Z">
    <testcase classname="ds.mean_smk_expt_type_combine" name="mean_values_combine_" time="0.271000000000186"/>
  </testsuite>
  <testsuite errors="0" failures="0" hostname="fv-az14" name="ds.mean::smk_expt::type=split" skipped="0" tests="1" time="0.273" timestamp="2020-10-27T19:25:25Z">
    <testcase classname="ds.mean_smk_expt_type_split" name="mean_values_split_" time="0.273000000000138"/>
  </testsuite>
  <testsuite errors="0" failures="0" hostname="fv-az14" name="ds.mean::smk_expt::type=both" skipped="0" tests="1" time="0.282" timestamp="2020-10-27T19:25:25Z">
    <testcase classname="ds.mean_smk_expt_type_both" name="mean_values_both_" time="0.281999999999698"/>
  </testsuite>
  <testsuite errors="0" failures="0" hostname="fv-az14" name="ds.mean::smk_expt::type=combine" skipped="0" tests="1" time="0.282" timestamp="2020-10-27T19:25:26Z">
    <testcase classname="ds.mean_smk_expt_type_combine" name="mean_values_combine_" time="0.282000000000153"/>
  </testsuite>
  <testsuite errors="0" failures="0" hostname="fv-az14" name="ds.mean::smk_expt::type=split" skipped="0" tests="1" time="0.272" timestamp="2020-10-27T19:25:26Z">
    <testcase classname="ds.mean_smk_expt_type_split" name="mean_values_split_" time="0.271999999999935"/>
  </testsuite>
  <testsuite errors="0" failures="0" hostname="fv-az14" name="ds.mean::smk_expt::type=both" skipped="0" tests="1" time="0.278" timestamp="2020-10-27T19:25:26Z">
    <testcase classname="ds.mean_smk_expt_type_both" name="mean_values_both_" time="0.278000000000247"/>
  </testsuite>
  <testsuite errors="0" failures="0" hostname="fv-az14" name="ds.mean::smk_expt::type=combine" skipped="0" tests="1" time="0.28" timestamp="2020-10-27T19:25:26Z">
    <testcase classname="ds.mean_smk_expt_type_combine" name="mean_values_combine_" time="0.279999999999745"/>
  </testsuite>
  <testsuite errors="0" failures="0" hostname="fv-az14" name="ds.mean::smk_expt::type=split" skipped="0" tests="1" time="0.276" timestamp="2020-10-27T19:25:27Z">
    <testcase classname="ds.mean_smk_expt_type_split" name="mean_values_split_" time="0.276000000000295"/>
  </testsuite>
  <testsuite errors="0" failures="0" hostname="fv-az14" name="ds.mean::smk_expt::type=both" skipped="0" tests="1" time="0.284" timestamp="2020-10-27T19:25:27Z">
    <testcase classname="ds.mean_smk_expt_type_both" name="mean_values_both_" time="0.283999999999651"/>
  </testsuite>
  <testsuite errors="0" failures="0" hostname="fv-az14" name="ds.mean::smk_expt::type=combine" skipped="0" tests="1" time="1.051" timestamp="2020-10-27T19:25:27Z">
    <testcase classname="ds.mean_smk_expt_type_combine" name="mean_values_combine_" time="1.05099999999993"/>
  </testsuite>
  <testsuite errors="0" failures="0" hostname="fv-az14" name="ds.mean::smk_expt::type=split" skipped="0" tests="1" time="1.051" timestamp="2020-10-27T19:25:28Z">
    <testcase classname="ds.mean_smk_expt_type_split" name="mean_values_split_" time="1.05100000000039"/>
  </testsuite>
  <testsuite errors="0" failures="0" hostname="fv-az14" name="ds.mean::smk_expt::type=both" skipped="0" tests="1" time="1.044" timestamp="2020-10-27T19:25:29Z">
    <testcase classname="ds.mean_smk_expt_type_both" name="mean_values_both_" time="1.04399999999987"/>
  </testsuite>
  <testsuite errors="0" failures="0" hostname="fv-az14" name="ds.mean::smk_expt::type=combine" skipped="0" tests="1" time="1.06" timestamp="2020-10-27T19:25:30Z">
    <testcase classname="ds.mean_smk_expt_type_combine" name="mean_values_combine_" time="1.05999999999995"/>
  </testsuite>
  <testsuite errors="0" failures="0" hostname="fv-az14" name="ds.mean::smk_expt::type=split" skipped="0" tests="1" time="1.043" timestamp="2020-10-27T19:25:31Z">
    <testcase classname="ds.mean_smk_expt_type_split" name="mean_values_split_" time="1.04300000000012"/>
  </testsuite>
  <testsuite errors="0" failures="0" hostname="fv-az14" name="ds.mean::smk_expt::type=both" skipped="0" tests="1" time="1.053" timestamp="2020-10-27T19:25:33Z">
    <testcase classname="ds.mean_smk_expt_type_both" name="mean_values_both_" time="1.05299999999988"/>
  </testsuite>
  <testsuite errors="0" failures="0" hostname="fv-az14" name="ds.mean::smk_expt::type=combine" skipped="0" tests="1" time="1.045" timestamp="2020-10-27T19:25:34Z">
    <testcase classname="ds.mean_smk_expt_type_combine" name="mean_values_combine_" time="1.04500000000007"/>
  </testsuite>
  <testsuite errors="0" failures="0" hostname="fv-az14" name="ds.mean::smk_expt::type=split" skipped="0" tests="1" time="1.06" timestamp="2020-10-27T19:25:35Z">
    <testcase classname="ds.mean_smk_expt_type_split" name="mean_values_split_" time="1.05999999999995"/>
  </testsuite>
  <testsuite errors="0" failures="0" hostname="fv-az14" name="ds.mean::smk_expt::type=both" skipped="0" tests="1" time="1.053" timestamp="2020-10-27T19:25:36Z">
    <testcase classname="ds.mean_smk_expt_type_both" name="mean_values_both_" time="1.05299999999988"/>
  </testsuite>
  <testsuite errors="0" failures="0" hostname="fv-az14" name="ds.mean::smk_expt::type=combine" skipped="0" tests="1" time="1.062" timestamp="2020-10-27T19:25:37Z">
    <testcase classname="ds.mean_smk_expt_type_combine" name="mean_values_combine_" time="1.0619999999999"/>
  </testsuite>
  <testsuite errors="0" failures="0" hostname="fv-az14" name="ds.mean::smk_expt::type=split" skipped="0" tests="1" time="1.045" timestamp="2020-10-27T19:25:38Z">
    <testcase classname="ds.mean_smk_expt_type_split" name="mean_values_split_" time="1.04500000000007"/>
  </testsuite>
  <testsuite errors="0" failures="0" hostname="fv-az14" name="ds.mean::smk_expt::type=both" skipped="0" tests="1" time="1.053" timestamp="2020-10-27T19:25:39Z">
    <testcase classname="ds.mean_smk_expt_type_both" name="mean_values_both_" time="1.05300000000034"/>
  </testsuite>
  <testsuite errors="0" failures="0" hostname="fv-az14" name="ds.mean::smk_expt::type=combine" skipped="0" tests="1" time="1.059" timestamp="2020-10-27T19:25:40Z">
    <testcase classname="ds.mean_smk_expt_type_combine" name="mean_values_combine_" time="1.05899999999974"/>
  </testsuite>
  <testsuite errors="0" failures="0" hostname="fv-az14" name="ds.mean::smk_expt::type=split" skipped="0" tests="1" time="1.06" timestamp="2020-10-27T19:25:41Z">
    <testcase classname="ds.mean_smk_expt_type_split" name="mean_values_split_" time="1.05999999999995"/>
  </testsuite>
  <testsuite errors="0" failures="0" hostname="fv-az14" name="ds.mean::smk_expt::type=both" skipped="0" tests="1" time="1.06" timestamp="2020-10-27T19:25:42Z">
    <testcase classname="ds.mean_smk_expt_type_both" name="mean_values_both_" time="1.05999999999995"/>
  </testsuite>
  <testsuite errors="0" failures="0" hostname="fv-az14" name="ds.mean::smk_expt::type=combine" skipped="0" tests="1" time="1.052" timestamp="2020-10-27T19:25:43Z">
    <testcase classname="ds.mean_smk_expt_type_combine" name="mean_values_combine_" time="1.05200000000013"/>
  </testsuite>
  <testsuite errors="0" failures="0" hostname="fv-az14" name="ds.mean::smk_expt::type=split" skipped="0" tests="1" time="1.047" timestamp="2020-10-27T19:25:44Z">
    <testcase classname="ds.mean_smk_expt_type_split" name="mean_values_split_" time="1.04700000000003"/>
  </testsuite>
  <testsuite errors="0" failures="0" hostname="fv-az14" name="ds.mean::smk_expt::type=both" skipped="0" tests="1" time="1.059" timestamp="2020-10-27T19:25:45Z">
    <testcase classname="ds.mean_smk_expt_type_both" name="mean_values_both_" time="1.0590000000002"/>
  </testsuite>
  <testsuite errors="0" failures="0" hostname="fv-az14" name="vm-test::_::setup" skipped="0" tests="0" time="0" timestamp="2020-10-27T19:25:47Z"/>
  <testsuite errors="0" failures="0" hostname="fv-az14" name="vm-test::_::tests::vm" skipped="0" tests="1" time="0.96" timestamp="2020-10-27T19:25:47Z">
    <testcase classname="vm_test___tests_vm" name="The_virtual_machine_is_loaded._" time="0.960000000000036"/>
  </testsuite>
  <testsuite errors="0" failures="0" hostname="fv-az14" name="vm-test::_::shutdown" skipped="0" tests="0" time="0" timestamp="2020-10-27T19:25:47Z"/>
  <testsuite errors="0" failures="0" hostname="fv-az14" name="vm-test::_::done" skipped="0" tests="0" time="0" timestamp="2020-10-27T19:25:47Z"/>
  <testsuite errors="0" failures="0" hostname="fv-az14" name="ds.dataFrameSort::expt_dgr::setup" skipped="0" tests="0" time="0" timestamp="2020-10-27T19:27:52Z"/>
  <testsuite errors="0" failures="0" hostname="fv-az14" name="ds.dataFrameSort::expt_dgr::multiple::correct_parameter_class" skipped="0" tests="0" time="0" timestamp="2020-10-27T19:27:52Z"/>
  <testsuite errors="0" failures="0" hostname="fv-az14" name="ds.dataFrameSort::expt_dgr::single::correct_parameter_class" skipped="0" tests="0" time="0" timestamp="2020-10-27T19:28:43Z"/>
  <testsuite errors="0" failures="0" hostname="fv-az14" name="ds.dataFrameSort::expt_dgr::multiple::incorrect_parameter_class" skipped="0" tests="7" time="73.513" timestamp="2020-10-27T19:28:55Z">
    <testcase classname="ds.dataFrameSort_expt_dgr_multiple_incorrect_parameter_class" name="all_datasets" time="68.006"/>
    <testcase classname="ds.dataFrameSort_expt_dgr_multiple_incorrect_parameter_class" name="all_datasets" time="0.323000000000008"/>
    <testcase classname="ds.dataFrameSort_expt_dgr_multiple_incorrect_parameter_class" name="all_datasets" time="0.262"/>
    <testcase classname="ds.dataFrameSort_expt_dgr_multiple_incorrect_parameter_class" name="all_datasets" time="0.253"/>
    <testcase classname="ds.dataFrameSort_expt_dgr_multiple_incorrect_parameter_class" name="all_datasets" time="0.264999999999986"/>
    <testcase classname="ds.dataFrameSort_expt_dgr_multiple_incorrect_parameter_class" name="all_datasets" time="4.14500000000001"/>
    <testcase classname="ds.dataFrameSort_expt_dgr_multiple_incorrect_parameter_class" name="all_datasets" time="0.259"/>
  </testsuite>
  <testsuite errors="0" failures="0" hostname="fv-az14" name="ds.dataFrameSort::expt_dgr::single::incorrect_parameter_class" skipped="0" tests="7" time="5.765" timestamp="2020-10-27T19:29:05Z">
    <testcase classname="ds.dataFrameSort_expt_dgr_single_incorrect_parameter_class" name="dataset_2" time="3.392"/>
    <testcase classname="ds.dataFrameSort_expt_dgr_single_incorrect_parameter_class" name="dataset_2" time="0.239000000000004"/>
    <testcase classname="ds.dataFrameSort_expt_dgr_single_incorrect_parameter_class" name="dataset_2" time="0.233999999999995"/>
    <testcase classname="ds.dataFrameSort_expt_dgr_single_incorrect_parameter_class" name="dataset_2" time="0.236000000000004"/>
    <testcase classname="ds.dataFrameSort_expt_dgr_single_incorrect_parameter_class" name="dataset_2" time="0.238"/>
    <testcase classname="ds.dataFrameSort_expt_dgr_single_incorrect_parameter_class" name="dataset_2" time="1.18900000000001"/>
    <testcase classname="ds.dataFrameSort_expt_dgr_single_incorrect_parameter_class" name="dataset_2" time="0.236999999999995"/>
  </testsuite>
  <testsuite errors="0" failures="0" hostname="fv-az14" name="ds.dataFrameSort::expt_dgr::multiple::df::creation" skipped="0" tests="77" time="48.062" timestamp="2020-10-27T19:29:11Z">
    <testcase classname="ds.dataFrameSort_expt_dgr_multiple_df_creation" name="all_datasets" time="8.38300000000001"/>
    <testcase classname="ds.dataFrameSort_expt_dgr_multiple_df_creation" name="all_datasets" time="0.000999999999990564"/>
    <testcase classname="ds.dataFrameSort_expt_dgr_multiple_df_creation" name="all_datasets" time="0.00100000000000477"/>
    <testcase classname="ds.dataFrameSort_expt_dgr_multiple_df_creation" name="all_datasets" time="0.00100000000000477"/>
    <testcase classname="ds.dataFrameSort_expt_dgr_multiple_df_creation" name="all_datasets" time="0.00199999999999534"/>
    <testcase classname="ds.dataFrameSort_expt_dgr_multiple_df_creation" name="all_datasets" time="0.00100000000000477"/>
    <testcase classname="ds.dataFrameSort_expt_dgr_multiple_df_creation" name="all_datasets" time="0.000999999999990564"/>
    <testcase classname="ds.dataFrameSort_expt_dgr_multiple_df_creation" name="all_datasets" time="3.973"/>
    <testcase classname="ds.dataFrameSort_expt_dgr_multiple_df_creation" name="all_datasets" time="0.00100000000000477"/>
    <testcase classname="ds.dataFrameSort_expt_dgr_multiple_df_creation" name="all_datasets" time="0.00100000000000477"/>
    <testcase classname="ds.dataFrameSort_expt_dgr_multiple_df_creation" name="all_datasets" time="0.000999999999990564"/>
    <testcase classname="ds.dataFrameSort_expt_dgr_multiple_df_creation" name="all_datasets" time="0.00200000000000955"/>
    <testcase classname="ds.dataFrameSort_expt_dgr_multiple_df_creation" name="all_datasets" time="0.000999999999990564"/>
    <testcase classname="ds.dataFrameSort_expt_dgr_multiple_df_creation" name="all_datasets" time="0.00100000000000477"/>
    <testcase classname="ds.dataFrameSort_expt_dgr_multiple_df_creation" name="all_datasets" time="3.947"/>
    <testcase classname="ds.dataFrameSort_expt_dgr_multiple_df_creation" name="all_datasets" time="0.00199999999999534"/>
    <testcase classname="ds.dataFrameSort_expt_dgr_multiple_df_creation" name="all_datasets" time="0.00100000000000477"/>
    <testcase classname="ds.dataFrameSort_expt_dgr_multiple_df_creation" name="all_datasets" time="0.00100000000000477"/>
    <testcase classname="ds.dataFrameSort_expt_dgr_multiple_df_creation" name="all_datasets" time="0.000999999999990564"/>
    <testcase classname="ds.dataFrameSort_expt_dgr_multiple_df_creation" name="all_datasets" time="0.00200000000000955"/>
    <testcase classname="ds.dataFrameSort_expt_dgr_multiple_df_creation" name="all_datasets" time="0.000999999999990564"/>
    <testcase classname="ds.dataFrameSort_expt_dgr_multiple_df_creation" name="all_datasets" time="3.97200000000001"/>
    <testcase classname="ds.dataFrameSort_expt_dgr_multiple_df_creation" name="all_datasets" time="0.00199999999999534"/>
    <testcase classname="ds.dataFrameSort_expt_dgr_multiple_df_creation" name="all_datasets" time="0.00100000000000477"/>
    <testcase classname="ds.dataFrameSort_expt_dgr_multiple_df_creation" name="all_datasets" time="0.00199999999999534"/>
    <testcase classname="ds.dataFrameSort_expt_dgr_multiple_df_creation" name="all_datasets" time="0.00100000000000477"/>
    <testcase classname="ds.dataFrameSort_expt_dgr_multiple_df_creation" name="all_datasets" time="0.00199999999999534"/>
    <testcase classname="ds.dataFrameSort_expt_dgr_multiple_df_creation" name="all_datasets" time="0.00100000000000477"/>
    <testcase classname="ds.dataFrameSort_expt_dgr_multiple_df_creation" name="all_datasets" time="3.955"/>
    <testcase classname="ds.dataFrameSort_expt_dgr_multiple_df_creation" name="all_datasets" time="0.00199999999999534"/>
    <testcase classname="ds.dataFrameSort_expt_dgr_multiple_df_creation" name="all_datasets" time="0.00100000000000477"/>
    <testcase classname="ds.dataFrameSort_expt_dgr_multiple_df_creation" name="all_datasets" time="0.00199999999999534"/>
    <testcase classname="ds.dataFrameSort_expt_dgr_multiple_df_creation" name="all_datasets" time="0.00100000000000477"/>
    <testcase classname="ds.dataFrameSort_expt_dgr_multiple_df_creation" name="all_datasets" time="0.00199999999999534"/>
    <testcase classname="ds.dataFrameSort_expt_dgr_multiple_df_creation" name="all_datasets" time="0.00100000000000477"/>
    <testcase classname="ds.dataFrameSort_expt_dgr_multiple_df_creation" name="all_datasets" time="3.95599999999999"/>
    <testcase classname="ds.dataFrameSort_expt_dgr_multiple_df_creation" name="all_datasets" time="0.00200000000000955"/>
    <testcase classname="ds.dataFrameSort_expt_dgr_multiple_df_creation" name="all_datasets" time="0.00199999999999534"/>
    <testcase classname="ds.dataFrameSort_expt_dgr_multiple_df_creation" name="all_datasets" time="0.00100000000000477"/>
    <testcase classname="ds.dataFrameSort_expt_dgr_multiple_df_creation" name="all_datasets" time="0.00199999999999534"/>
    <testcase classname="ds.dataFrameSort_expt_dgr_multiple_df_creation" name="all_datasets" time="0.00100000000000477"/>
    <testcase classname="ds.dataFrameSort_expt_dgr_multiple_df_creation" name="all_datasets" time="0.00199999999999534"/>
    <testcase classname="ds.dataFrameSort_expt_dgr_multiple_df_creation" name="all_datasets" time="3.949"/>
    <testcase classname="ds.dataFrameSort_expt_dgr_multiple_df_creation" name="all_datasets" time="0.00200000000000955"/>
    <testcase classname="ds.dataFrameSort_expt_dgr_multiple_df_creation" name="all_datasets" time="0.000999999999990564"/>
    <testcase classname="ds.dataFrameSort_expt_dgr_multiple_df_creation" name="all_datasets" time="0.00200000000000955"/>
    <testcase classname="ds.dataFrameSort_expt_dgr_multiple_df_creation" name="all_datasets" time="0.00199999999999534"/>
    <testcase classname="ds.dataFrameSort_expt_dgr_multiple_df_creation" name="all_datasets" time="0.00199999999999534"/>
    <testcase classname="ds.dataFrameSort_expt_dgr_multiple_df_creation" name="all_datasets" time="0.00100000000000477"/>
    <testcase classname="ds.dataFrameSort_expt_dgr_multiple_df_creation" name="all_datasets" time="3.95399999999999"/>
    <testcase classname="ds.dataFrameSort_expt_dgr_multiple_df_creation" name="all_datasets" time="0.00200000000000955"/>
    <testcase classname="ds.dataFrameSort_expt_dgr_multiple_df_creation" name="all_datasets" time="0.00199999999999534"/>
    <testcase classname="ds.dataFrameSort_expt_dgr_multiple_df_creation" name="all_datasets" time="0.00100000000000477"/>
    <testcase classname="ds.dataFrameSort_expt_dgr_multiple_df_creation" name="all_datasets" time="0.00199999999999534"/>
    <testcase classname="ds.dataFrameSort_expt_dgr_multiple_df_creation" name="all_datasets" time="0.00199999999999534"/>
    <testcase classname="ds.dataFrameSort_expt_dgr_multiple_df_creation" name="all_datasets" time="0.00200000000000955"/>
    <testcase classname="ds.dataFrameSort_expt_dgr_multiple_df_creation" name="all_datasets" time="3.94999999999999"/>
    <testcase classname="ds.dataFrameSort_expt_dgr_multiple_df_creation" name="all_datasets" time="0.00200000000000955"/>
    <testcase classname="ds.dataFrameSort_expt_dgr_multiple_df_creation" name="all_datasets" time="0.00199999999999534"/>
    <testcase classname="ds.dataFrameSort_expt_dgr_multiple_df_creation" name="all_datasets" time="0.00199999999999534"/>
    <testcase classname="ds.dataFrameSort_expt_dgr_multiple_df_creation" name="all_datasets" time="0.00200000000000955"/>
    <testcase classname="ds.dataFrameSort_expt_dgr_multiple_df_creation" name="all_datasets" time="0.00199999999999534"/>
    <testcase classname="ds.dataFrameSort_expt_dgr_multiple_df_creation" name="all_datasets" time="0.00199999999999534"/>
    <testcase classname="ds.dataFrameSort_expt_dgr_multiple_df_creation" name="all_datasets" time="3.959"/>
    <testcase classname="ds.dataFrameSort_expt_dgr_multiple_df_creation" name="all_datasets" time="0.00200000000000955"/>
    <testcase classname="ds.dataFrameSort_expt_dgr_multiple_df_creation" name="all_datasets" time="0.00199999999998113"/>
    <testcase classname="ds.dataFrameSort_expt_dgr_multiple_df_creation" name="all_datasets" time="0.00200000000000955"/>
    <testcase classname="ds.dataFrameSort_expt_dgr_multiple_df_creation" name="all_datasets" time="0.00200000000000955"/>
    <testcase classname="ds.dataFrameSort_expt_dgr_multiple_df_creation" name="all_datasets" time="0.0029999999999859"/>
    <testcase classname="ds.dataFrameSort_expt_dgr_multiple_df_creation" name="all_datasets" time="0.00200000000000955"/>
    <testcase classname="ds.dataFrameSort_expt_dgr_multiple_df_creation" name="all_datasets" time="3.95499999999998"/>
    <testcase classname="ds.dataFrameSort_expt_dgr_multiple_df_creation" name="all_datasets" time="0.00200000000000955"/>
    <testcase classname="ds.dataFrameSort_expt_dgr_multiple_df_creation" name="all_datasets" time="0.00200000000000955"/>
    <testcase classname="ds.dataFrameSort_expt_dgr_multiple_df_creation" name="all_datasets" time="0.00199999999998113"/>
    <testcase classname="ds.dataFrameSort_expt_dgr_multiple_df_creation" name="all_datasets" time="0.00300000000001432"/>
    <testcase classname="ds.dataFrameSort_expt_dgr_multiple_df_creation" name="all_datasets" time="0.00200000000000955"/>
    <testcase classname="ds.dataFrameSort_expt_dgr_multiple_df_creation" name="all_datasets" time="0.00199999999998113"/>
  </testsuite>
  <testsuite errors="0" failures="0" hostname="fv-az14" name="ds.dataFrameSort::expt_dgr::single::df::creation" skipped="0" tests="33" time="34.232" timestamp="2020-10-27T19:29:59Z">
    <testcase classname="ds.dataFrameSort_expt_dgr_single_df_creation" name="dataset_3" time="6.19800000000001"/>
    <testcase classname="ds.dataFrameSort_expt_dgr_single_df_creation" name="dataset_3" time="0.00100000000000477"/>
    <testcase classname="ds.dataFrameSort_expt_dgr_single_df_creation" name="dataset_3" time="0.00200000000000955"/>
    <testcase classname="ds.dataFrameSort_expt_dgr_single_df_creation" name="dataset_3" time="2.809"/>
    <testcase classname="ds.dataFrameSort_expt_dgr_single_df_creation" name="dataset_3" time="0.000999999999976353"/>
    <testcase classname="ds.dataFrameSort_expt_dgr_single_df_creation" name="dataset_3" time="0.00200000000000955"/>
    <testcase classname="ds.dataFrameSort_expt_dgr_single_df_creation" name="dataset_3" time="2.79300000000001"/>
    <testcase classname="ds.dataFrameSort_expt_dgr_single_df_creation" name="dataset_3" time="0.00100000000000477"/>
    <testcase classname="ds.dataFrameSort_expt_dgr_single_df_creation" name="dataset_3" time="0.00100000000000477"/>
    <testcase classname="ds.dataFrameSort_expt_dgr_single_df_creation" name="dataset_3" time="2.798"/>
    <testcase classname="ds.dataFrameSort_expt_dgr_single_df_creation" name="dataset_3" time="0.00199999999998113"/>
    <testcase classname="ds.dataFrameSort_expt_dgr_single_df_creation" name="dataset_3" time="0.00100000000000477"/>
    <testcase classname="ds.dataFrameSort_expt_dgr_single_df_creation" name="dataset_3" time="2.80099999999999"/>
    <testcase classname="ds.dataFrameSort_expt_dgr_single_df_creation" name="dataset_3" time="0.00200000000000955"/>
    <testcase classname="ds.dataFrameSort_expt_dgr_single_df_creation" name="dataset_3" time="0.00100000000000477"/>
    <testcase classname="ds.dataFrameSort_expt_dgr_single_df_creation" name="dataset_3" time="2.80500000000001"/>
    <testcase classname="ds.dataFrameSort_expt_dgr_single_df_creation" name="dataset_3" time="0.00100000000000477"/>
    <testcase classname="ds.dataFrameSort_expt_dgr_single_df_creation" name="dataset_3" time="0.00199999999998113"/>
    <testcase classname="ds.dataFrameSort_expt_dgr_single_df_creation" name="dataset_3" time="2.80199999999999"/>
    <testcase classname="ds.dataFrameSort_expt_dgr_single_df_creation" name="dataset_3" time="0.00100000000000477"/>
    <testcase classname="ds.dataFrameSort_expt_dgr_single_df_creation" name="dataset_3" time="0.00200000000000955"/>
    <testcase classname="ds.dataFrameSort_expt_dgr_single_df_creation" name="dataset_3" time="2.79599999999999"/>
    <testcase classname="ds.dataFrameSort_expt_dgr_single_df_creation" name="dataset_3" time="0.00200000000000955"/>
    <testcase classname="ds.dataFrameSort_expt_dgr_single_df_creation" name="dataset_3" time="0.00100000000000477"/>
    <testcase classname="ds.dataFrameSort_expt_dgr_single_df_creation" name="dataset_3" time="2.81399999999999"/>
    <testcase classname="ds.dataFrameSort_expt_dgr_single_df_creation" name="dataset_3" time="0.00200000000000955"/>
    <testcase classname="ds.dataFrameSort_expt_dgr_single_df_creation" name="dataset_3" time="0.000999999999976353"/>
    <testcase classname="ds.dataFrameSort_expt_dgr_single_df_creation" name="dataset_3" time="2.78800000000001"/>
    <testcase classname="ds.dataFrameSort_expt_dgr_single_df_creation" name="dataset_3" time="0.00100000000000477"/>
    <testcase classname="ds.dataFrameSort_expt_dgr_single_df_creation" name="dataset_3" time="0.00200000000000955"/>
    <testcase classname="ds.dataFrameSort_expt_dgr_single_df_creation" name="dataset_3" time="2.79599999999999"/>
    <testcase classname="ds.dataFrameSort_expt_dgr_single_df_creation" name="dataset_3" time="0.00200000000000955"/>
    <testcase classname="ds.dataFrameSort_expt_dgr_single_df_creation" name="dataset_3" time="0.000999999999976353"/>
  </testsuite>
  <testsuite errors="0" failures="0" hostname="fv-az14" name="ds.dataFrameSort::expt_dgr::multiple::numeric::ascending" skipped="0" tests="99" time="39.992" timestamp="2020-10-27T19:30:33Z">
    <testcase classname="ds.dataFrameSort_expt_dgr_multiple_numeric_ascending" name="all_datasets" time="9.334"/>
    <testcase classname="ds.dataFrameSort_expt_dgr_multiple_numeric_ascending" name="all_datasets" time="0.00100000000000477"/>
    <testcase classname="ds.dataFrameSort_expt_dgr_multiple_numeric_ascending" name="all_datasets" time="0.00100000000000477"/>
    <testcase classname="ds.dataFrameSort_expt_dgr_multiple_numeric_ascending" name="all_datasets" time="0.00100000000000477"/>
    <testcase classname="ds.dataFrameSort_expt_dgr_multiple_numeric_ascending" name="all_datasets" time="0.000999999999976353"/>
    <testcase classname="ds.dataFrameSort_expt_dgr_multiple_numeric_ascending" name="all_datasets" time="0.00100000000000477"/>
    <testcase classname="ds.dataFrameSort_expt_dgr_multiple_numeric_ascending" name="all_datasets" time="0.26400000000001"/>
    <testcase classname="ds.dataFrameSort_expt_dgr_multiple_numeric_ascending" name="all_datasets" time="0.00200000000000955"/>
    <testcase classname="ds.dataFrameSort_expt_dgr_multiple_numeric_ascending" name="all_datasets" time="0.000999999999976353"/>
    <testcase classname="ds.dataFrameSort_expt_dgr_multiple_numeric_ascending" name="all_datasets" time="2.79400000000001"/>
    <testcase classname="ds.dataFrameSort_expt_dgr_multiple_numeric_ascending" name="all_datasets" time="0.00100000000000477"/>
    <testcase classname="ds.dataFrameSort_expt_dgr_multiple_numeric_ascending" name="all_datasets" time="0.00100000000000477"/>
    <testcase classname="ds.dataFrameSort_expt_dgr_multiple_numeric_ascending" name="all_datasets" time="0.00199999999998113"/>
    <testcase classname="ds.dataFrameSort_expt_dgr_multiple_numeric_ascending" name="all_datasets" time="0.00100000000000477"/>
    <testcase classname="ds.dataFrameSort_expt_dgr_multiple_numeric_ascending" name="all_datasets" time="0.00100000000000477"/>
    <testcase classname="ds.dataFrameSort_expt_dgr_multiple_numeric_ascending" name="all_datasets" time="0.262"/>
    <testcase classname="ds.dataFrameSort_expt_dgr_multiple_numeric_ascending" name="all_datasets" time="0.00100000000000477"/>
    <testcase classname="ds.dataFrameSort_expt_dgr_multiple_numeric_ascending" name="all_datasets" time="0.00199999999998113"/>
    <testcase classname="ds.dataFrameSort_expt_dgr_multiple_numeric_ascending" name="all_datasets" time="2.76100000000002"/>
    <testcase classname="ds.dataFrameSort_expt_dgr_multiple_numeric_ascending" name="all_datasets" time="0.000999999999976353"/>
    <testcase classname="ds.dataFrameSort_expt_dgr_multiple_numeric_ascending" name="all_datasets" time="0.00200000000000955"/>
    <testcase classname="ds.dataFrameSort_expt_dgr_multiple_numeric_ascending" name="all_datasets" time="0.00100000000000477"/>
    <testcase classname="ds.dataFrameSort_expt_dgr_multiple_numeric_ascending" name="all_datasets" time="0.00100000000000477"/>
    <testcase classname="ds.dataFrameSort_expt_dgr_multiple_numeric_ascending" name="all_datasets" time="0.00199999999998113"/>
    <testcase classname="ds.dataFrameSort_expt_dgr_multiple_numeric_ascending" name="all_datasets" time="0.262"/>
    <testcase classname="ds.dataFrameSort_expt_dgr_multiple_numeric_ascending" name="all_datasets" time="0.00100000000000477"/>
    <testcase classname="ds.dataFrameSort_expt_dgr_multiple_numeric_ascending" name="all_datasets" time="0.00200000000000955"/>
    <testcase classname="ds.dataFrameSort_expt_dgr_multiple_numeric_ascending" name="all_datasets" time="2.744"/>
    <testcase classname="ds.dataFrameSort_expt_dgr_multiple_numeric_ascending" name="all_datasets" time="0.00100000000000477"/>
    <testcase classname="ds.dataFrameSort_expt_dgr_multiple_numeric_ascending" name="all_datasets" time="0.00199999999998113"/>
    <testcase classname="ds.dataFrameSort_expt_dgr_multiple_numeric_ascending" name="all_datasets" time="0.00100000000000477"/>
    <testcase classname="ds.dataFrameSort_expt_dgr_multiple_numeric_ascending" name="all_datasets" time="0.00200000000000955"/>
    <testcase classname="ds.dataFrameSort_expt_dgr_multiple_numeric_ascending" name="all_datasets" time="0.00100000000000477"/>
    <testcase classname="ds.dataFrameSort_expt_dgr_multiple_numeric_ascending" name="all_datasets" time="0.270999999999987"/>
    <testcase classname="ds.dataFrameSort_expt_dgr_multiple_numeric_ascending" name="all_datasets" time="0.00200000000000955"/>
    <testcase classname="ds.dataFrameSort_expt_dgr_multiple_numeric_ascending" name="all_datasets" time="0.00100000000000477"/>
    <testcase classname="ds.dataFrameSort_expt_dgr_multiple_numeric_ascending" name="all_datasets" time="2.75299999999999"/>
    <testcase classname="ds.dataFrameSort_expt_dgr_multiple_numeric_ascending" name="all_datasets" time="0.00100000000000477"/>
    <testcase classname="ds.dataFrameSort_expt_dgr_multiple_numeric_ascending" name="all_datasets" time="0.00200000000000955"/>
    <testcase classname="ds.dataFrameSort_expt_dgr_multiple_numeric_ascending" name="all_datasets" time="0.00199999999998113"/>
    <testcase classname="ds.dataFrameSort_expt_dgr_multiple_numeric_ascending" name="all_datasets" time="0.00100000000000477"/>
    <testcase classname="ds.dataFrameSort_expt_dgr_multiple_numeric_ascending" name="all_datasets" time="0.00200000000000955"/>
    <testcase classname="ds.dataFrameSort_expt_dgr_multiple_numeric_ascending" name="all_datasets" time="0.264999999999986"/>
    <testcase classname="ds.dataFrameSort_expt_dgr_multiple_numeric_ascending" name="all_datasets" time="0.00200000000000955"/>
    <testcase classname="ds.dataFrameSort_expt_dgr_multiple_numeric_ascending" name="all_datasets" time="0.00200000000000955"/>
    <testcase classname="ds.dataFrameSort_expt_dgr_multiple_numeric_ascending" name="all_datasets" time="2.751"/>
    <testcase classname="ds.dataFrameSort_expt_dgr_multiple_numeric_ascending" name="all_datasets" time="0.00199999999998113"/>
    <testcase classname="ds.dataFrameSort_expt_dgr_multiple_numeric_ascending" name="all_datasets" time="0.00200000000000955"/>
    <testcase classname="ds.dataFrameSort_expt_dgr_multiple_numeric_ascending" name="all_datasets" time="0.00100000000000477"/>
    <testcase classname="ds.dataFrameSort_expt_dgr_multiple_numeric_ascending" name="all_datasets" time="0.00199999999998113"/>
    <testcase classname="ds.dataFrameSort_expt_dgr_multiple_numeric_ascending" name="all_datasets" time="0.00200000000000955"/>
    <testcase classname="ds.dataFrameSort_expt_dgr_multiple_numeric_ascending" name="all_datasets" time="0.262"/>
    <testcase classname="ds.dataFrameSort_expt_dgr_multiple_numeric_ascending" name="all_datasets" time="0.00200000000000955"/>
    <testcase classname="ds.dataFrameSort_expt_dgr_multiple_numeric_ascending" name="all_datasets" time="0.00199999999998113"/>
    <testcase classname="ds.dataFrameSort_expt_dgr_multiple_numeric_ascending" name="all_datasets" time="2.75200000000001"/>
    <testcase classname="ds.dataFrameSort_expt_dgr_multiple_numeric_ascending" name="all_datasets" time="0.00200000000000955"/>
    <testcase classname="ds.dataFrameSort_expt_dgr_multiple_numeric_ascending" name="all_datasets" time="0.00199999999998113"/>
    <testcase classname="ds.dataFrameSort_expt_dgr_multiple_numeric_ascending" name="all_datasets" time="0.00100000000000477"/>
    <testcase classname="ds.dataFrameSort_expt_dgr_multiple_numeric_ascending" name="all_datasets" time="0.00200000000000955"/>
    <testcase classname="ds.dataFrameSort_expt_dgr_multiple_numeric_ascending" name="all_datasets" time="0.00199999999998113"/>
    <testcase classname="ds.dataFrameSort_expt_dgr_multiple_numeric_ascending" name="all_datasets" time="0.263000000000005"/>
    <testcase classname="ds.dataFrameSort_expt_dgr_multiple_numeric_ascending" name="all_datasets" time="0.00200000000000955"/>
    <testcase classname="ds.dataFrameSort_expt_dgr_multiple_numeric_ascending" name="all_datasets" time="0.00200000000000955"/>
    <testcase classname="ds.dataFrameSort_expt_dgr_multiple_numeric_ascending" name="all_datasets" time="2.76499999999999"/>
    <testcase classname="ds.dataFrameSort_expt_dgr_multiple_numeric_ascending" name="all_datasets" time="0.00200000000000955"/>
    <testcase classname="ds.dataFrameSort_expt_dgr_multiple_numeric_ascending" name="all_datasets" time="0.00199999999998113"/>
    <testcase classname="ds.dataFrameSort_expt_dgr_multiple_numeric_ascending" name="all_datasets" time="0.00200000000000955"/>
    <testcase classname="ds.dataFrameSort_expt_dgr_multiple_numeric_ascending" name="all_datasets" time="0.00200000000000955"/>
    <testcase classname="ds.dataFrameSort_expt_dgr_multiple_numeric_ascending" name="all_datasets" time="0.00199999999998113"/>
    <testcase classname="ds.dataFrameSort_expt_dgr_multiple_numeric_ascending" name="all_datasets" time="0.26400000000001"/>
    <testcase classname="ds.dataFrameSort_expt_dgr_multiple_numeric_ascending" name="all_datasets" time="0.00300000000001432"/>
    <testcase classname="ds.dataFrameSort_expt_dgr_multiple_numeric_ascending" name="all_datasets" time="0.00199999999998113"/>
    <testcase classname="ds.dataFrameSort_expt_dgr_multiple_numeric_ascending" name="all_datasets" time="2.77800000000002"/>
    <testcase classname="ds.dataFrameSort_expt_dgr_multiple_numeric_ascending" name="all_datasets" time="0.0029999999999859"/>
    <testcase classname="ds.dataFrameSort_expt_dgr_multiple_numeric_ascending" name="all_datasets" time="0.00200000000000955"/>
    <testcase classname="ds.dataFrameSort_expt_dgr_multiple_numeric_ascending" name="all_datasets" time="0.00199999999998113"/>
    <testcase classname="ds.dataFrameSort_expt_dgr_multiple_numeric_ascending" name="all_datasets" time="0.00200000000000955"/>
    <testcase classname="ds.dataFrameSort_expt_dgr_multiple_numeric_ascending" name="all_datasets" time="0.00200000000000955"/>
    <testcase classname="ds.dataFrameSort_expt_dgr_multiple_numeric_ascending" name="all_datasets" time="0.262999999999977"/>
    <testcase classname="ds.dataFrameSort_expt_dgr_multiple_numeric_ascending" name="all_datasets" time="0.00200000000000955"/>
    <testcase classname="ds.dataFrameSort_expt_dgr_multiple_numeric_ascending" name="all_datasets" time="0.00200000000000955"/>
    <testcase classname="ds.dataFrameSort_expt_dgr_multiple_numeric_ascending" name="all_datasets" time="2.768"/>
    <testcase classname="ds.dataFrameSort_expt_dgr_multiple_numeric_ascending" name="all_datasets" time="0.0029999999999859"/>
    <testcase classname="ds.dataFrameSort_expt_dgr_multiple_numeric_ascending" name="all_datasets" time="0.00200000000000955"/>
    <testcase classname="ds.dataFrameSort_expt_dgr_multiple_numeric_ascending" name="all_datasets" time="0.00200000000000955"/>
    <testcase classname="ds.dataFrameSort_expt_dgr_multiple_numeric_ascending" name="all_datasets" time="0.0029999999999859"/>
    <testcase classname="ds.dataFrameSort_expt_dgr_multiple_numeric_ascending" name="all_datasets" time="0.00200000000000955"/>
    <testcase classname="ds.dataFrameSort_expt_dgr_multiple_numeric_ascending" name="all_datasets" time="0.263000000000005"/>
    <testcase classname="ds.dataFrameSort_expt_dgr_multiple_numeric_ascending" name="all_datasets" time="0.0029999999999859"/>
    <testcase classname="ds.dataFrameSort_expt_dgr_multiple_numeric_ascending" name="all_datasets" time="0.00200000000000955"/>
    <testcase classname="ds.dataFrameSort_expt_dgr_multiple_numeric_ascending" name="all_datasets" time="2.749"/>
    <testcase classname="ds.dataFrameSort_expt_dgr_multiple_numeric_ascending" name="all_datasets" time="0.0029999999999859"/>
    <testcase classname="ds.dataFrameSort_expt_dgr_multiple_numeric_ascending" name="all_datasets" time="0.00200000000000955"/>
    <testcase classname="ds.dataFrameSort_expt_dgr_multiple_numeric_ascending" name="all_datasets" time="0.00300000000001432"/>
    <testcase classname="ds.dataFrameSort_expt_dgr_multiple_numeric_ascending" name="all_datasets" time="0.00199999999998113"/>
    <testcase classname="ds.dataFrameSort_expt_dgr_multiple_numeric_ascending" name="all_datasets" time="0.00200000000000955"/>
    <testcase classname="ds.dataFrameSort_expt_dgr_multiple_numeric_ascending" name="all_datasets" time="0.26400000000001"/>
    <testcase classname="ds.dataFrameSort_expt_dgr_multiple_numeric_ascending" name="all_datasets" time="0.0029999999999859"/>
    <testcase classname="ds.dataFrameSort_expt_dgr_multiple_numeric_ascending" name="all_datasets" time="0.00300000000001432"/>
  </testsuite>
  <testsuite errors="0" failures="0" hostname="fv-az14" name="ds.dataFrameSort::expt_dgr::single::numeric::ascending" skipped="0" tests="33" time="29.815" timestamp="2020-10-27T19:31:13Z">
    <testcase classname="ds.dataFrameSort_expt_dgr_single_numeric_ascending" name="dataset_1" time="6.20899999999997"/>
    <testcase classname="ds.dataFrameSort_expt_dgr_single_numeric_ascending" name="dataset_1" time="0.00200000000000955"/>
    <testcase classname="ds.dataFrameSort_expt_dgr_single_numeric_ascending" name="dataset_1" time="0.235000000000014"/>
    <testcase classname="ds.dataFrameSort_expt_dgr_single_numeric_ascending" name="dataset_1" time="2.084"/>
    <testcase classname="ds.dataFrameSort_expt_dgr_single_numeric_ascending" name="dataset_1" time="0.000999999999976353"/>
    <testcase classname="ds.dataFrameSort_expt_dgr_single_numeric_ascending" name="dataset_1" time="0.236000000000018"/>
    <testcase classname="ds.dataFrameSort_expt_dgr_single_numeric_ascending" name="dataset_1" time="2.11799999999999"/>
    <testcase classname="ds.dataFrameSort_expt_dgr_single_numeric_ascending" name="dataset_1" time="0.00200000000000955"/>
    <testcase classname="ds.dataFrameSort_expt_dgr_single_numeric_ascending" name="dataset_1" time="0.234999999999985"/>
    <testcase classname="ds.dataFrameSort_expt_dgr_single_numeric_ascending" name="dataset_1" time="2.09899999999999"/>
    <testcase classname="ds.dataFrameSort_expt_dgr_single_numeric_ascending" name="dataset_1" time="0.00100000000000477"/>
    <testcase classname="ds.dataFrameSort_expt_dgr_single_numeric_ascending" name="dataset_1" time="0.236999999999995"/>
    <testcase classname="ds.dataFrameSort_expt_dgr_single_numeric_ascending" name="dataset_1" time="2.102"/>
    <testcase classname="ds.dataFrameSort_expt_dgr_single_numeric_ascending" name="dataset_1" time="0.00200000000000955"/>
    <testcase classname="ds.dataFrameSort_expt_dgr_single_numeric_ascending" name="dataset_1" time="0.235000000000014"/>
    <testcase classname="ds.dataFrameSort_expt_dgr_single_numeric_ascending" name="dataset_1" time="2.10399999999998"/>
    <testcase classname="ds.dataFrameSort_expt_dgr_single_numeric_ascending" name="dataset_1" time="0.00200000000000955"/>
    <testcase classname="ds.dataFrameSort_expt_dgr_single_numeric_ascending" name="dataset_1" time="0.238"/>
    <testcase classname="ds.dataFrameSort_expt_dgr_single_numeric_ascending" name="dataset_1" time="2.095"/>
    <testcase classname="ds.dataFrameSort_expt_dgr_single_numeric_ascending" name="dataset_1" time="0.00100000000000477"/>
    <testcase classname="ds.dataFrameSort_expt_dgr_single_numeric_ascending" name="dataset_1" time="0.23599999999999"/>
    <testcase classname="ds.dataFrameSort_expt_dgr_single_numeric_ascending" name="dataset_1" time="2.107"/>
    <testcase classname="ds.dataFrameSort_expt_dgr_single_numeric_ascending" name="dataset_1" time="0.00100000000000477"/>
    <testcase classname="ds.dataFrameSort_expt_dgr_single_numeric_ascending" name="dataset_1" time="0.23599999999999"/>
    <testcase classname="ds.dataFrameSort_expt_dgr_single_numeric_ascending" name="dataset_1" time="2.09399999999999"/>
    <testcase classname="ds.dataFrameSort_expt_dgr_single_numeric_ascending" name="dataset_1" time="0.00200000000000955"/>
    <testcase classname="ds.dataFrameSort_expt_dgr_single_numeric_ascending" name="dataset_1" time="0.23599999999999"/>
    <testcase classname="ds.dataFrameSort_expt_dgr_single_numeric_ascending" name="dataset_1" time="2.095"/>
    <testcase classname="ds.dataFrameSort_expt_dgr_single_numeric_ascending" name="dataset_1" time="0.00200000000000955"/>
    <testcase classname="ds.dataFrameSort_expt_dgr_single_numeric_ascending" name="dataset_1" time="0.23599999999999"/>
    <testcase classname="ds.dataFrameSort_expt_dgr_single_numeric_ascending" name="dataset_1" time="2.09100000000001"/>
    <testcase classname="ds.dataFrameSort_expt_dgr_single_numeric_ascending" name="dataset_1" time="0.00200000000000955"/>
    <testcase classname="ds.dataFrameSort_expt_dgr_single_numeric_ascending" name="dataset_1" time="0.239000000000004"/>
  </testsuite>
  <testsuite errors="0" failures="0" hostname="fv-az14" name="ds.dataFrameSort::expt_dgr::multiple::numeric::descending" skipped="0" tests="99" time="39.945" timestamp="2020-10-27T19:31:43Z">
    <testcase classname="ds.dataFrameSort_expt_dgr_multiple_numeric_descending" name="all_datasets" time="9.29999999999998"/>
    <testcase classname="ds.dataFrameSort_expt_dgr_multiple_numeric_descending" name="all_datasets" time="0.00100000000000477"/>
    <testcase classname="ds.dataFrameSort_expt_dgr_multiple_numeric_descending" name="all_datasets" time="0.00100000000000477"/>
    <testcase classname="ds.dataFrameSort_expt_dgr_multiple_numeric_descending" name="all_datasets" time="0.00200000000000955"/>
    <testcase classname="ds.dataFrameSort_expt_dgr_multiple_numeric_descending" name="all_datasets" time="0.000999999999976353"/>
    <testcase classname="ds.dataFrameSort_expt_dgr_multiple_numeric_descending" name="all_datasets" time="0.00100000000000477"/>
    <testcase classname="ds.dataFrameSort_expt_dgr_multiple_numeric_descending" name="all_datasets" time="0.26400000000001"/>
    <testcase classname="ds.dataFrameSort_expt_dgr_multiple_numeric_descending" name="all_datasets" time="0.00200000000000955"/>
    <testcase classname="ds.dataFrameSort_expt_dgr_multiple_numeric_descending" name="all_datasets" time="0.000999999999976353"/>
    <testcase classname="ds.dataFrameSort_expt_dgr_multiple_numeric_descending" name="all_datasets" time="2.76300000000001"/>
    <testcase classname="ds.dataFrameSort_expt_dgr_multiple_numeric_descending" name="all_datasets" time="0.00200000000000955"/>
    <testcase classname="ds.dataFrameSort_expt_dgr_multiple_numeric_descending" name="all_datasets" time="0.00100000000000477"/>
    <testcase classname="ds.dataFrameSort_expt_dgr_multiple_numeric_descending" name="all_datasets" time="0.00100000000000477"/>
    <testcase classname="ds.dataFrameSort_expt_dgr_multiple_numeric_descending" name="all_datasets" time="0.00199999999998113"/>
    <testcase classname="ds.dataFrameSort_expt_dgr_multiple_numeric_descending" name="all_datasets" time="0.00100000000000477"/>
    <testcase classname="ds.dataFrameSort_expt_dgr_multiple_numeric_descending" name="all_datasets" time="0.265000000000015"/>
    <testcase classname="ds.dataFrameSort_expt_dgr_multiple_numeric_descending" name="all_datasets" time="0.000999999999976353"/>
    <testcase classname="ds.dataFrameSort_expt_dgr_multiple_numeric_descending" name="all_datasets" time="0.00200000000000955"/>
    <testcase classname="ds.dataFrameSort_expt_dgr_multiple_numeric_descending" name="all_datasets" time="2.76499999999999"/>
    <testcase classname="ds.dataFrameSort_expt_dgr_multiple_numeric_descending" name="all_datasets" time="0.00100000000000477"/>
    <testcase classname="ds.dataFrameSort_expt_dgr_multiple_numeric_descending" name="all_datasets" time="0.00200000000000955"/>
    <testcase classname="ds.dataFrameSort_expt_dgr_multiple_numeric_descending" name="all_datasets" time="0.00100000000000477"/>
    <testcase classname="ds.dataFrameSort_expt_dgr_multiple_numeric_descending" name="all_datasets" time="0.00199999999998113"/>
    <testcase classname="ds.dataFrameSort_expt_dgr_multiple_numeric_descending" name="all_datasets" time="0.00100000000000477"/>
    <testcase classname="ds.dataFrameSort_expt_dgr_multiple_numeric_descending" name="all_datasets" time="0.263000000000005"/>
    <testcase classname="ds.dataFrameSort_expt_dgr_multiple_numeric_descending" name="all_datasets" time="0.00200000000000955"/>
    <testcase classname="ds.dataFrameSort_expt_dgr_multiple_numeric_descending" name="all_datasets" time="0.00100000000000477"/>
    <testcase classname="ds.dataFrameSort_expt_dgr_multiple_numeric_descending" name="all_datasets" time="2.76199999999997"/>
    <testcase classname="ds.dataFrameSort_expt_dgr_multiple_numeric_descending" name="all_datasets" time="0.0010000000000332"/>
    <testcase classname="ds.dataFrameSort_expt_dgr_multiple_numeric_descending" name="all_datasets" time="0.00200000000000955"/>
    <testcase classname="ds.dataFrameSort_expt_dgr_multiple_numeric_descending" name="all_datasets" time="0.000999999999976353"/>
    <testcase classname="ds.dataFrameSort_expt_dgr_multiple_numeric_descending" name="all_datasets" time="0.00200000000000955"/>
    <testcase classname="ds.dataFrameSort_expt_dgr_multiple_numeric_descending" name="all_datasets" time="0.000999999999976353"/>
    <testcase classname="ds.dataFrameSort_expt_dgr_multiple_numeric_descending" name="all_datasets" time="0.265999999999963"/>
    <testcase classname="ds.dataFrameSort_expt_dgr_multiple_numeric_descending" name="all_datasets" time="0.00200000000000955"/>
    <testcase classname="ds.dataFrameSort_expt_dgr_multiple_numeric_descending" name="all_datasets" time="0.0010000000000332"/>
    <testcase classname="ds.dataFrameSort_expt_dgr_multiple_numeric_descending" name="all_datasets" time="2.76099999999997"/>
    <testcase classname="ds.dataFrameSort_expt_dgr_multiple_numeric_descending" name="all_datasets" time="0.00200000000000955"/>
    <testcase classname="ds.dataFrameSort_expt_dgr_multiple_numeric_descending" name="all_datasets" time="0.000999999999976353"/>
    <testcase classname="ds.dataFrameSort_expt_dgr_multiple_numeric_descending" name="all_datasets" time="0.00200000000000955"/>
    <testcase classname="ds.dataFrameSort_expt_dgr_multiple_numeric_descending" name="all_datasets" time="0.00200000000000955"/>
    <testcase classname="ds.dataFrameSort_expt_dgr_multiple_numeric_descending" name="all_datasets" time="0.000999999999976353"/>
    <testcase classname="ds.dataFrameSort_expt_dgr_multiple_numeric_descending" name="all_datasets" time="0.26400000000001"/>
    <testcase classname="ds.dataFrameSort_expt_dgr_multiple_numeric_descending" name="all_datasets" time="0.00200000000000955"/>
    <testcase classname="ds.dataFrameSort_expt_dgr_multiple_numeric_descending" name="all_datasets" time="0.0010000000000332"/>
    <testcase classname="ds.dataFrameSort_expt_dgr_multiple_numeric_descending" name="all_datasets" time="2.75699999999995"/>
    <testcase classname="ds.dataFrameSort_expt_dgr_multiple_numeric_descending" name="all_datasets" time="0.00200000000000955"/>
    <testcase classname="ds.dataFrameSort_expt_dgr_multiple_numeric_descending" name="all_datasets" time="0.00200000000000955"/>
    <testcase classname="ds.dataFrameSort_expt_dgr_multiple_numeric_descending" name="all_datasets" time="0.00200000000000955"/>
    <testcase classname="ds.dataFrameSort_expt_dgr_multiple_numeric_descending" name="all_datasets" time="0.000999999999976353"/>
    <testcase classname="ds.dataFrameSort_expt_dgr_multiple_numeric_descending" name="all_datasets" time="0.00200000000000955"/>
    <testcase classname="ds.dataFrameSort_expt_dgr_multiple_numeric_descending" name="all_datasets" time="0.263000000000034"/>
    <testcase classname="ds.dataFrameSort_expt_dgr_multiple_numeric_descending" name="all_datasets" time="0.00199999999995271"/>
    <testcase classname="ds.dataFrameSort_expt_dgr_multiple_numeric_descending" name="all_datasets" time="0.00200000000000955"/>
    <testcase classname="ds.dataFrameSort_expt_dgr_multiple_numeric_descending" name="all_datasets" time="2.75"/>
    <testcase classname="ds.dataFrameSort_expt_dgr_multiple_numeric_descending" name="all_datasets" time="0.00200000000000955"/>
    <testcase classname="ds.dataFrameSort_expt_dgr_multiple_numeric_descending" name="all_datasets" time="0.00200000000000955"/>
    <testcase classname="ds.dataFrameSort_expt_dgr_multiple_numeric_descending" name="all_datasets" time="0.00200000000000955"/>
    <testcase classname="ds.dataFrameSort_expt_dgr_multiple_numeric_descending" name="all_datasets" time="0.00200000000000955"/>
    <testcase classname="ds.dataFrameSort_expt_dgr_multiple_numeric_descending" name="all_datasets" time="0.00199999999995271"/>
    <testcase classname="ds.dataFrameSort_expt_dgr_multiple_numeric_descending" name="all_datasets" time="0.26400000000001"/>
    <testcase classname="ds.dataFrameSort_expt_dgr_multiple_numeric_descending" name="all_datasets" time="0.00200000000000955"/>
    <testcase classname="ds.dataFrameSort_expt_dgr_multiple_numeric_descending" name="all_datasets" time="0.00200000000000955"/>
    <testcase classname="ds.dataFrameSort_expt_dgr_multiple_numeric_descending" name="all_datasets" time="2.75599999999997"/>
    <testcase classname="ds.dataFrameSort_expt_dgr_multiple_numeric_descending" name="all_datasets" time="0.0080000000000382"/>
    <testcase classname="ds.dataFrameSort_expt_dgr_multiple_numeric_descending" name="all_datasets" time="0.0029999999999859"/>
    <testcase classname="ds.dataFrameSort_expt_dgr_multiple_numeric_descending" name="all_datasets" time="0.00200000000000955"/>
    <testcase classname="ds.dataFrameSort_expt_dgr_multiple_numeric_descending" name="all_datasets" time="0.00200000000000955"/>
    <testcase classname="ds.dataFrameSort_expt_dgr_multiple_numeric_descending" name="all_datasets" time="0.00199999999995271"/>
    <testcase classname="ds.dataFrameSort_expt_dgr_multiple_numeric_descending" name="all_datasets" time="0.269000000000005"/>
    <testcase classname="ds.dataFrameSort_expt_dgr_multiple_numeric_descending" name="all_datasets" time="0.00200000000000955"/>
    <testcase classname="ds.dataFrameSort_expt_dgr_multiple_numeric_descending" name="all_datasets" time="0.00200000000000955"/>
    <testcase classname="ds.dataFrameSort_expt_dgr_multiple_numeric_descending" name="all_datasets" time="2.74900000000002"/>
    <testcase classname="ds.dataFrameSort_expt_dgr_multiple_numeric_descending" name="all_datasets" time="0.00199999999995271"/>
    <testcase classname="ds.dataFrameSort_expt_dgr_multiple_numeric_descending" name="all_datasets" time="0.00300000000004275"/>
    <testcase classname="ds.dataFrameSort_expt_dgr_multiple_numeric_descending" name="all_datasets" time="0.00799999999998136"/>
    <testcase classname="ds.dataFrameSort_expt_dgr_multiple_numeric_descending" name="all_datasets" time="0.0029999999999859"/>
    <testcase classname="ds.dataFrameSort_expt_dgr_multiple_numeric_descending" name="all_datasets" time="0.00200000000000955"/>
    <testcase classname="ds.dataFrameSort_expt_dgr_multiple_numeric_descending" name="all_datasets" time="0.262"/>
    <testcase classname="ds.dataFrameSort_expt_dgr_multiple_numeric_descending" name="all_datasets" time="0.00200000000000955"/>
    <testcase classname="ds.dataFrameSort_expt_dgr_multiple_numeric_descending" name="all_datasets" time="0.00200000000000955"/>
    <testcase classname="ds.dataFrameSort_expt_dgr_multiple_numeric_descending" name="all_datasets" time="2.75700000000001"/>
    <testcase classname="ds.dataFrameSort_expt_dgr_multiple_numeric_descending" name="all_datasets" time="0.00200000000000955"/>
    <testcase classname="ds.dataFrameSort_expt_dgr_multiple_numeric_descending" name="all_datasets" time="0.0029999999999859"/>
    <testcase classname="ds.dataFrameSort_expt_dgr_multiple_numeric_descending" name="all_datasets" time="0.00200000000000955"/>
    <testcase classname="ds.dataFrameSort_expt_dgr_multiple_numeric_descending" name="all_datasets" time="0.00899999999995771"/>
    <testcase classname="ds.dataFrameSort_expt_dgr_multiple_numeric_descending" name="all_datasets" time="0.00300000000004275"/>
    <testcase classname="ds.dataFrameSort_expt_dgr_multiple_numeric_descending" name="all_datasets" time="0.262999999999977"/>
    <testcase classname="ds.dataFrameSort_expt_dgr_multiple_numeric_descending" name="all_datasets" time="0.00200000000000955"/>
    <testcase classname="ds.dataFrameSort_expt_dgr_multiple_numeric_descending" name="all_datasets" time="0.0029999999999859"/>
    <testcase classname="ds.dataFrameSort_expt_dgr_multiple_numeric_descending" name="all_datasets" time="2.75200000000001"/>
    <testcase classname="ds.dataFrameSort_expt_dgr_multiple_numeric_descending" name="all_datasets" time="0.00200000000000955"/>
    <testcase classname="ds.dataFrameSort_expt_dgr_multiple_numeric_descending" name="all_datasets" time="0.0029999999999859"/>
    <testcase classname="ds.dataFrameSort_expt_dgr_multiple_numeric_descending" name="all_datasets" time="0.0029999999999859"/>
    <testcase classname="ds.dataFrameSort_expt_dgr_multiple_numeric_descending" name="all_datasets" time="0.00900000000001455"/>
    <testcase classname="ds.dataFrameSort_expt_dgr_multiple_numeric_descending" name="all_datasets" time="0.00200000000000955"/>
    <testcase classname="ds.dataFrameSort_expt_dgr_multiple_numeric_descending" name="all_datasets" time="0.262"/>
    <testcase classname="ds.dataFrameSort_expt_dgr_multiple_numeric_descending" name="all_datasets" time="0.0029999999999859"/>
    <testcase classname="ds.dataFrameSort_expt_dgr_multiple_numeric_descending" name="all_datasets" time="0.00200000000000955"/>
  </testsuite>
  <testsuite errors="0" failures="0" hostname="fv-az14" name="ds.dataFrameSort::expt_dgr::single::numeric::descending" skipped="0" tests="33" time="29.861" timestamp="2020-10-27T19:32:23Z">
    <testcase classname="ds.dataFrameSort_expt_dgr_single_numeric_descending" name="dataset_1" time="6.20499999999998"/>
    <testcase classname="ds.dataFrameSort_expt_dgr_single_numeric_descending" name="dataset_1" time="0.0010000000000332"/>
    <testcase classname="ds.dataFrameSort_expt_dgr_single_numeric_descending" name="dataset_1" time="0.243999999999971"/>
    <testcase classname="ds.dataFrameSort_expt_dgr_single_numeric_descending" name="dataset_1" time="2.13499999999999"/>
    <testcase classname="ds.dataFrameSort_expt_dgr_single_numeric_descending" name="dataset_1" time="0.0010000000000332"/>
    <testcase classname="ds.dataFrameSort_expt_dgr_single_numeric_descending" name="dataset_1" time="0.234999999999957"/>
    <testcase classname="ds.dataFrameSort_expt_dgr_single_numeric_descending" name="dataset_1" time="2.10600000000005"/>
    <testcase classname="ds.dataFrameSort_expt_dgr_single_numeric_descending" name="dataset_1" time="0.00199999999995271"/>
    <testcase classname="ds.dataFrameSort_expt_dgr_single_numeric_descending" name="dataset_1" time="0.244000000000028"/>
    <testcase classname="ds.dataFrameSort_expt_dgr_single_numeric_descending" name="dataset_1" time="2.10599999999999"/>
    <testcase classname="ds.dataFrameSort_expt_dgr_single_numeric_descending" name="dataset_1" time="0.00200000000000955"/>
    <testcase classname="ds.dataFrameSort_expt_dgr_single_numeric_descending" name="dataset_1" time="0.235000000000014"/>
    <testcase classname="ds.dataFrameSort_expt_dgr_single_numeric_descending" name="dataset_1" time="2.08699999999999"/>
    <testcase classname="ds.dataFrameSort_expt_dgr_single_numeric_descending" name="dataset_1" time="0.00200000000000955"/>
    <testcase classname="ds.dataFrameSort_expt_dgr_single_numeric_descending" name="dataset_1" time="0.235000000000014"/>
    <testcase classname="ds.dataFrameSort_expt_dgr_single_numeric_descending" name="dataset_1" time="2.10399999999998"/>
    <testcase classname="ds.dataFrameSort_expt_dgr_single_numeric_descending" name="dataset_1" time="0.000999999999976353"/>
    <testcase classname="ds.dataFrameSort_expt_dgr_single_numeric_descending" name="dataset_1" time="0.234000000000037"/>
    <testcase classname="ds.dataFrameSort_expt_dgr_single_numeric_descending" name="dataset_1" time="2.096"/>
    <testcase classname="ds.dataFrameSort_expt_dgr_single_numeric_descending" name="dataset_1" time="0.00200000000000955"/>
    <testcase classname="ds.dataFrameSort_expt_dgr_single_numeric_descending" name="dataset_1" time="0.234999999999957"/>
    <testcase classname="ds.dataFrameSort_expt_dgr_single_numeric_descending" name="dataset_1" time="2.10400000000004"/>
    <testcase classname="ds.dataFrameSort_expt_dgr_single_numeric_descending" name="dataset_1" time="0.00199999999995271"/>
    <testcase classname="ds.dataFrameSort_expt_dgr_single_numeric_descending" name="dataset_1" time="0.234000000000037"/>
    <testcase classname="ds.dataFrameSort_expt_dgr_single_numeric_descending" name="dataset_1" time="2.09100000000001"/>
    <testcase classname="ds.dataFrameSort_expt_dgr_single_numeric_descending" name="dataset_1" time="0.00199999999995271"/>
    <testcase classname="ds.dataFrameSort_expt_dgr_single_numeric_descending" name="dataset_1" time="0.235000000000014"/>
    <testcase classname="ds.dataFrameSort_expt_dgr_single_numeric_descending" name="dataset_1" time="2.10300000000001"/>
    <testcase classname="ds.dataFrameSort_expt_dgr_single_numeric_descending" name="dataset_1" time="0.00200000000000955"/>
    <testcase classname="ds.dataFrameSort_expt_dgr_single_numeric_descending" name="dataset_1" time="0.235000000000014"/>
    <testcase classname="ds.dataFrameSort_expt_dgr_single_numeric_descending" name="dataset_1" time="2.10299999999995"/>
    <testcase classname="ds.dataFrameSort_expt_dgr_single_numeric_descending" name="dataset_1" time="0.00200000000000955"/>
    <testcase classname="ds.dataFrameSort_expt_dgr_single_numeric_descending" name="dataset_1" time="0.23599999999999"/>
  </testsuite>
  <testsuite errors="0" failures="0" hostname="fv-az14" name="ds.dataFrameSort::expt_dgr::multiple::alphabetic::ascending" skipped="1" tests="1" time="0.005" timestamp="2020-10-27T19:32:53Z">
    <testcase classname="ds.dataFrameSort_expt_dgr_multiple_alphabetic_ascending" name="all_datasets" time="0.0050000000000523">
      <skipped/>
    </testcase>
  </testsuite>
  <testsuite errors="0" failures="0" hostname="fv-az14" name="ds.dataFrameSort::expt_dgr::single::alphabetic::ascending" skipped="1" tests="1" time="0.016" timestamp="2020-10-27T19:32:53Z">
    <testcase classname="ds.dataFrameSort_expt_dgr_single_alphabetic_ascending" name="dataset_2" time="0.0159999999999627">
      <skipped/>
    </testcase>
  </testsuite>
  <testsuite errors="0" failures="0" hostname="fv-az14" name="ds.dataFrameSort::expt_dgr::multiple::alphabetic::descending" skipped="1" tests="1" time="0.005" timestamp="2020-10-27T19:32:53Z">
    <testcase classname="ds.dataFrameSort_expt_dgr_multiple_alphabetic_descending" name="all_datasets" time="0.00499999999999545">
      <skipped/>
    </testcase>
  </testsuite>
  <testsuite errors="0" failures="0" hostname="fv-az14" name="ds.dataFrameSort::expt_dgr::single::alphabetic::descending" skipped="1" tests="1" time="0.005" timestamp="2020-10-27T19:32:53Z">
    <testcase classname="ds.dataFrameSort_expt_dgr_single_alphabetic_descending" name="dataset_3" time="0.00499999999999545">
      <skipped/>
    </testcase>
  </testsuite>
  <testsuite errors="0" failures="0" hostname="fv-az14" name="ds.dataFrameSort::expt_dgr::shutdown" skipped="0" tests="0" time="0" timestamp="2020-10-27T19:32:53Z"/>
  <testsuite errors="0" failures="0" hostname="fv-az14" name="ds.dataFrameSort::expt_dgr::done" skipped="0" tests="0" time="0" timestamp="2020-10-27T19:32:53Z"/>
  <testsuite errors="0" failures="0" hostname="fv-az14" name="ds.dataFrameSubset::expt_dgr::setup" skipped="0" tests="0" time="0" timestamp="2020-10-27T19:32:53Z"/>
  <testsuite errors="0" failures="0" hostname="fv-az14" name="ds.dataFrameSubset::expt_dgr::multiple::parameter_class" skipped="0" tests="24" time="27.267" timestamp="2020-10-27T19:32:53Z">
    <testcase classname="ds.dataFrameSubset_expt_dgr_multiple_parameter_class" name="all_datasets" time="11.93"/>
    <testcase classname="ds.dataFrameSubset_expt_dgr_multiple_parameter_class" name="all_datasets" time="0.355999999999995"/>
    <testcase classname="ds.dataFrameSubset_expt_dgr_multiple_parameter_class" name="all_datasets" time="0.256000000000029"/>
    <testcase classname="ds.dataFrameSubset_expt_dgr_multiple_parameter_class" name="all_datasets" time="0.259000000000015"/>
    <testcase classname="ds.dataFrameSubset_expt_dgr_multiple_parameter_class" name="all_datasets" time="1.04299999999995"/>
    <testcase classname="ds.dataFrameSubset_expt_dgr_multiple_parameter_class" name="all_datasets" time="0.00200000000000955"/>
    <testcase classname="ds.dataFrameSubset_expt_dgr_multiple_parameter_class" name="all_datasets" time="0.0010000000000332"/>
    <testcase classname="ds.dataFrameSubset_expt_dgr_multiple_parameter_class" name="all_datasets" time="0.781000000000006"/>
    <testcase classname="ds.dataFrameSubset_expt_dgr_multiple_parameter_class" name="all_datasets" time="2.23399999999998"/>
    <testcase classname="ds.dataFrameSubset_expt_dgr_multiple_parameter_class" name="all_datasets" time="0.000999999999976353"/>
    <testcase classname="ds.dataFrameSubset_expt_dgr_multiple_parameter_class" name="all_datasets" time="0.00200000000000955"/>
    <testcase classname="ds.dataFrameSubset_expt_dgr_multiple_parameter_class" name="all_datasets" time="3.43200000000002"/>
    <testcase classname="ds.dataFrameSubset_expt_dgr_multiple_parameter_class" name="all_datasets" time="0.00200000000000955"/>
    <testcase classname="ds.dataFrameSubset_expt_dgr_multiple_parameter_class" name="all_datasets" time="0.000999999999976353"/>
    <testcase classname="ds.dataFrameSubset_expt_dgr_multiple_parameter_class" name="all_datasets" time="3.43200000000002"/>
    <testcase classname="ds.dataFrameSubset_expt_dgr_multiple_parameter_class" name="all_datasets" time="0.00200000000000955"/>
    <testcase classname="ds.dataFrameSubset_expt_dgr_multiple_parameter_class" name="all_datasets" time="0.000999999999976353"/>
    <testcase classname="ds.dataFrameSubset_expt_dgr_multiple_parameter_class" name="all_datasets" time="1.44800000000004"/>
    <testcase classname="ds.dataFrameSubset_expt_dgr_multiple_parameter_class" name="all_datasets" time="1.041"/>
    <testcase classname="ds.dataFrameSubset_expt_dgr_multiple_parameter_class" name="all_datasets" time="0.00199999999995271"/>
    <testcase classname="ds.dataFrameSubset_expt_dgr_multiple_parameter_class" name="all_datasets" time="0.0010000000000332"/>
    <testcase classname="ds.dataFrameSubset_expt_dgr_multiple_parameter_class" name="all_datasets" time="1.03699999999998"/>
    <testcase classname="ds.dataFrameSubset_expt_dgr_multiple_parameter_class" name="all_datasets" time="0.00200000000000955"/>
    <testcase classname="ds.dataFrameSubset_expt_dgr_multiple_parameter_class" name="all_datasets" time="0.000999999999976353"/>
  </testsuite>
  <testsuite errors="0" failures="0" hostname="fv-az14" name="ds.dataFrameSubset::expt_dgr::single::parameter_class" skipped="0" tests="10" time="11.829" timestamp="2020-10-27T19:33:20Z">
    <testcase classname="ds.dataFrameSubset_expt_dgr_single_parameter_class" name="dataset_1" time="5.02300000000002"/>
    <testcase classname="ds.dataFrameSubset_expt_dgr_single_parameter_class" name="dataset_1" time="0.237000000000023"/>
    <testcase classname="ds.dataFrameSubset_expt_dgr_single_parameter_class" name="dataset_1" time="0.23599999999999"/>
    <testcase classname="ds.dataFrameSubset_expt_dgr_single_parameter_class" name="dataset_1" time="0.240000000000009"/>
    <testcase classname="ds.dataFrameSubset_expt_dgr_single_parameter_class" name="dataset_1" time="0.94399999999996"/>
    <testcase classname="ds.dataFrameSubset_expt_dgr_single_parameter_class" name="dataset_1" time="0.712000000000046"/>
    <testcase classname="ds.dataFrameSubset_expt_dgr_single_parameter_class" name="dataset_1" time="1.63199999999995"/>
    <testcase classname="ds.dataFrameSubset_expt_dgr_single_parameter_class" name="dataset_1" time="0.923000000000002"/>
    <testcase classname="ds.dataFrameSubset_expt_dgr_single_parameter_class" name="dataset_1" time="0.934000000000026"/>
    <testcase classname="ds.dataFrameSubset_expt_dgr_single_parameter_class" name="dataset_1" time="0.947999999999979"/>
  </testsuite>
  <testsuite errors="0" failures="0" hostname="fv-az14" name="ds.dataFrameSubset::expt_dgr::multiple::all_columns" skipped="0" tests="48" time="29.803" timestamp="2020-10-27T19:33:32Z">
    <testcase classname="ds.dataFrameSubset_expt_dgr_multiple_all_columns" name="all_datasets" time="8.654"/>
    <testcase classname="ds.dataFrameSubset_expt_dgr_multiple_all_columns" name="all_datasets" time="0.0010000000000332"/>
    <testcase classname="ds.dataFrameSubset_expt_dgr_multiple_all_columns" name="all_datasets" time="0.000999999999976353"/>
    <testcase classname="ds.dataFrameSubset_expt_dgr_multiple_all_columns" name="all_datasets" time="0.0010000000000332"/>
    <testcase classname="ds.dataFrameSubset_expt_dgr_multiple_all_columns" name="all_datasets" time="0.000999999999976353"/>
    <testcase classname="ds.dataFrameSubset_expt_dgr_multiple_all_columns" name="all_datasets" time="0.000999999999976353"/>
    <testcase classname="ds.dataFrameSubset_expt_dgr_multiple_all_columns" name="all_datasets" time="0.0010000000000332"/>
    <testcase classname="ds.dataFrameSubset_expt_dgr_multiple_all_columns" name="all_datasets" time="0.000999999999976353"/>
    <testcase classname="ds.dataFrameSubset_expt_dgr_multiple_all_columns" name="all_datasets" time="4.22500000000002"/>
    <testcase classname="ds.dataFrameSubset_expt_dgr_multiple_all_columns" name="all_datasets" time="0.000999999999976353"/>
    <testcase classname="ds.dataFrameSubset_expt_dgr_multiple_all_columns" name="all_datasets" time="0.0010000000000332"/>
    <testcase classname="ds.dataFrameSubset_expt_dgr_multiple_all_columns" name="all_datasets" time="0.000999999999976353"/>
    <testcase classname="ds.dataFrameSubset_expt_dgr_multiple_all_columns" name="all_datasets" time="0.00200000000000955"/>
    <testcase classname="ds.dataFrameSubset_expt_dgr_multiple_all_columns" name="all_datasets" time="0.000999999999976353"/>
    <testcase classname="ds.dataFrameSubset_expt_dgr_multiple_all_columns" name="all_datasets" time="0.0010000000000332"/>
    <testcase classname="ds.dataFrameSubset_expt_dgr_multiple_all_columns" name="all_datasets" time="0.000999999999976353"/>
    <testcase classname="ds.dataFrameSubset_expt_dgr_multiple_all_columns" name="all_datasets" time="4.20800000000003"/>
    <testcase classname="ds.dataFrameSubset_expt_dgr_multiple_all_columns" name="all_datasets" time="0.00200000000000955"/>
    <testcase classname="ds.dataFrameSubset_expt_dgr_multiple_all_columns" name="all_datasets" time="0.000999999999976353"/>
    <testcase classname="ds.dataFrameSubset_expt_dgr_multiple_all_columns" name="all_datasets" time="0.000999999999976353"/>
    <testcase classname="ds.dataFrameSubset_expt_dgr_multiple_all_columns" name="all_datasets" time="0.0010000000000332"/>
    <testcase classname="ds.dataFrameSubset_expt_dgr_multiple_all_columns" name="all_datasets" time="0.00200000000000955"/>
    <testcase classname="ds.dataFrameSubset_expt_dgr_multiple_all_columns" name="all_datasets" time="0.000999999999976353"/>
    <testcase classname="ds.dataFrameSubset_expt_dgr_multiple_all_columns" name="all_datasets" time="0.00200000000000955"/>
    <testcase classname="ds.dataFrameSubset_expt_dgr_multiple_all_columns" name="all_datasets" time="4.20100000000002"/>
    <testcase classname="ds.dataFrameSubset_expt_dgr_multiple_all_columns" name="all_datasets" time="0.000999999999976353"/>
    <testcase classname="ds.dataFrameSubset_expt_dgr_multiple_all_columns" name="all_datasets" time="0.00200000000000955"/>
    <testcase classname="ds.dataFrameSubset_expt_dgr_multiple_all_columns" name="all_datasets" time="0.000999999999976353"/>
    <testcase classname="ds.dataFrameSubset_expt_dgr_multiple_all_columns" name="all_datasets" time="0.00200000000000955"/>
    <testcase classname="ds.dataFrameSubset_expt_dgr_multiple_all_columns" name="all_datasets" time="0.000999999999976353"/>
    <testcase classname="ds.dataFrameSubset_expt_dgr_multiple_all_columns" name="all_datasets" time="0.00200000000000955"/>
    <testcase classname="ds.dataFrameSubset_expt_dgr_multiple_all_columns" name="all_datasets" time="0.0010000000000332"/>
    <testcase classname="ds.dataFrameSubset_expt_dgr_multiple_all_columns" name="all_datasets" time="4.21699999999998"/>
    <testcase classname="ds.dataFrameSubset_expt_dgr_multiple_all_columns" name="all_datasets" time="0.00200000000000955"/>
    <testcase classname="ds.dataFrameSubset_expt_dgr_multiple_all_columns" name="all_datasets" time="0.00200000000000955"/>
    <testcase classname="ds.dataFrameSubset_expt_dgr_multiple_all_columns" name="all_datasets" time="0.000999999999976353"/>
    <testcase classname="ds.dataFrameSubset_expt_dgr_multiple_all_columns" name="all_datasets" time="0.00200000000000955"/>
    <testcase classname="ds.dataFrameSubset_expt_dgr_multiple_all_columns" name="all_datasets" time="0.000999999999976353"/>
    <testcase classname="ds.dataFrameSubset_expt_dgr_multiple_all_columns" name="all_datasets" time="0.00200000000000955"/>
    <testcase classname="ds.dataFrameSubset_expt_dgr_multiple_all_columns" name="all_datasets" time="0.0010000000000332"/>
    <testcase classname="ds.dataFrameSubset_expt_dgr_multiple_all_columns" name="all_datasets" time="4.24099999999999"/>
    <testcase classname="ds.dataFrameSubset_expt_dgr_multiple_all_columns" name="all_datasets" time="0.000999999999976353"/>
    <testcase classname="ds.dataFrameSubset_expt_dgr_multiple_all_columns" name="all_datasets" time="0.00200000000000955"/>
    <testcase classname="ds.dataFrameSubset_expt_dgr_multiple_all_columns" name="all_datasets" time="0.000999999999976353"/>
    <testcase classname="ds.dataFrameSubset_expt_dgr_multiple_all_columns" name="all_datasets" time="0.00200000000000955"/>
    <testcase classname="ds.dataFrameSubset_expt_dgr_multiple_all_columns" name="all_datasets" time="0.00200000000000955"/>
    <testcase classname="ds.dataFrameSubset_expt_dgr_multiple_all_columns" name="all_datasets" time="0.0010000000000332"/>
    <testcase classname="ds.dataFrameSubset_expt_dgr_multiple_all_columns" name="all_datasets" time="0.00199999999995271"/>
  </testsuite>
  <testsuite errors="0" failures="0" hostname="fv-az14" name="ds.dataFrameSubset::expt_dgr::single::all_columns" skipped="0" tests="24" time="21.692" timestamp="2020-10-27T19:34:02Z">
    <testcase classname="ds.dataFrameSubset_expt_dgr_single_all_columns" name="dataset_2" time="6.452"/>
    <testcase classname="ds.dataFrameSubset_expt_dgr_single_all_columns" name="dataset_2" time="0.0010000000000332"/>
    <testcase classname="ds.dataFrameSubset_expt_dgr_single_all_columns" name="dataset_2" time="0.000999999999976353"/>
    <testcase classname="ds.dataFrameSubset_expt_dgr_single_all_columns" name="dataset_2" time="0.0010000000000332"/>
    <testcase classname="ds.dataFrameSubset_expt_dgr_single_all_columns" name="dataset_2" time="3.04699999999997"/>
    <testcase classname="ds.dataFrameSubset_expt_dgr_single_all_columns" name="dataset_2" time="0.0010000000000332"/>
    <testcase classname="ds.dataFrameSubset_expt_dgr_single_all_columns" name="dataset_2" time="0.000999999999976353"/>
    <testcase classname="ds.dataFrameSubset_expt_dgr_single_all_columns" name="dataset_2" time="0.00200000000000955"/>
    <testcase classname="ds.dataFrameSubset_expt_dgr_single_all_columns" name="dataset_2" time="3.04500000000002"/>
    <testcase classname="ds.dataFrameSubset_expt_dgr_single_all_columns" name="dataset_2" time="0.00199999999995271"/>
    <testcase classname="ds.dataFrameSubset_expt_dgr_single_all_columns" name="dataset_2" time="0.0010000000000332"/>
    <testcase classname="ds.dataFrameSubset_expt_dgr_single_all_columns" name="dataset_2" time="0.000999999999976353"/>
    <testcase classname="ds.dataFrameSubset_expt_dgr_single_all_columns" name="dataset_2" time="3.04599999999999"/>
    <testcase classname="ds.dataFrameSubset_expt_dgr_single_all_columns" name="dataset_2" time="0.0010000000000332"/>
    <testcase classname="ds.dataFrameSubset_expt_dgr_single_all_columns" name="dataset_2" time="0.00200000000000955"/>
    <testcase classname="ds.dataFrameSubset_expt_dgr_single_all_columns" name="dataset_2" time="0.000999999999976353"/>
    <testcase classname="ds.dataFrameSubset_expt_dgr_single_all_columns" name="dataset_2" time="3.05000000000001"/>
    <testcase classname="ds.dataFrameSubset_expt_dgr_single_all_columns" name="dataset_2" time="0.0010000000000332"/>
    <testcase classname="ds.dataFrameSubset_expt_dgr_single_all_columns" name="dataset_2" time="0.000999999999976353"/>
    <testcase classname="ds.dataFrameSubset_expt_dgr_single_all_columns" name="dataset_2" time="0.00200000000000955"/>
    <testcase classname="ds.dataFrameSubset_expt_dgr_single_all_columns" name="dataset_2" time="3.02800000000002"/>
    <testcase classname="ds.dataFrameSubset_expt_dgr_single_all_columns" name="dataset_2" time="0.00199999999995271"/>
    <testcase classname="ds.dataFrameSubset_expt_dgr_single_all_columns" name="dataset_2" time="0.0010000000000332"/>
    <testcase classname="ds.dataFrameSubset_expt_dgr_single_all_columns" name="dataset_2" time="0.00200000000000955"/>
  </testsuite>
  <testsuite errors="0" failures="0" hostname="fv-az14" name="ds.dataFrameSubset::expt_dgr::multiple::all_columns::subset_by_rows" skipped="0" tests="40" time="73.568" timestamp="2020-10-27T19:34:23Z">
    <testcase classname="ds.dataFrameSubset_expt_dgr_multiple_all_columns_subset_by_rows" name="all_datasets" time="9.35699999999997"/>
    <testcase classname="ds.dataFrameSubset_expt_dgr_multiple_all_columns_subset_by_rows" name="all_datasets" time="0.259999999999991"/>
    <testcase classname="ds.dataFrameSubset_expt_dgr_multiple_all_columns_subset_by_rows" name="all_datasets" time="0.259000000000015"/>
    <testcase classname="ds.dataFrameSubset_expt_dgr_multiple_all_columns_subset_by_rows" name="all_datasets" time="1.45600000000002"/>
    <testcase classname="ds.dataFrameSubset_expt_dgr_multiple_all_columns_subset_by_rows" name="all_datasets" time="4.88599999999997"/>
    <testcase classname="ds.dataFrameSubset_expt_dgr_multiple_all_columns_subset_by_rows" name="all_datasets" time="0.263000000000034"/>
    <testcase classname="ds.dataFrameSubset_expt_dgr_multiple_all_columns_subset_by_rows" name="all_datasets" time="0.259000000000015"/>
    <testcase classname="ds.dataFrameSubset_expt_dgr_multiple_all_columns_subset_by_rows" name="all_datasets" time="1.61599999999999"/>
    <testcase classname="ds.dataFrameSubset_expt_dgr_multiple_all_columns_subset_by_rows" name="all_datasets" time="4.89699999999999"/>
    <testcase classname="ds.dataFrameSubset_expt_dgr_multiple_all_columns_subset_by_rows" name="all_datasets" time="0.259000000000015"/>
    <testcase classname="ds.dataFrameSubset_expt_dgr_multiple_all_columns_subset_by_rows" name="all_datasets" time="0.258999999999958"/>
    <testcase classname="ds.dataFrameSubset_expt_dgr_multiple_all_columns_subset_by_rows" name="all_datasets" time="1.46100000000001"/>
    <testcase classname="ds.dataFrameSubset_expt_dgr_multiple_all_columns_subset_by_rows" name="all_datasets" time="5.09199999999998"/>
    <testcase classname="ds.dataFrameSubset_expt_dgr_multiple_all_columns_subset_by_rows" name="all_datasets" time="0.259000000000015"/>
    <testcase classname="ds.dataFrameSubset_expt_dgr_multiple_all_columns_subset_by_rows" name="all_datasets" time="0.262"/>
    <testcase classname="ds.dataFrameSubset_expt_dgr_multiple_all_columns_subset_by_rows" name="all_datasets" time="1.459"/>
    <testcase classname="ds.dataFrameSubset_expt_dgr_multiple_all_columns_subset_by_rows" name="all_datasets" time="4.90500000000003"/>
    <testcase classname="ds.dataFrameSubset_expt_dgr_multiple_all_columns_subset_by_rows" name="all_datasets" time="0.259999999999991"/>
    <testcase classname="ds.dataFrameSubset_expt_dgr_multiple_all_columns_subset_by_rows" name="all_datasets" time="0.26400000000001"/>
    <testcase classname="ds.dataFrameSubset_expt_dgr_multiple_all_columns_subset_by_rows" name="all_datasets" time="1.45999999999998"/>
    <testcase classname="ds.dataFrameSubset_expt_dgr_multiple_all_columns_subset_by_rows" name="all_datasets" time="4.89100000000002"/>
    <testcase classname="ds.dataFrameSubset_expt_dgr_multiple_all_columns_subset_by_rows" name="all_datasets" time="0.258999999999958"/>
    <testcase classname="ds.dataFrameSubset_expt_dgr_multiple_all_columns_subset_by_rows" name="all_datasets" time="0.265000000000043"/>
    <testcase classname="ds.dataFrameSubset_expt_dgr_multiple_all_columns_subset_by_rows" name="all_datasets" time="1.45299999999997"/>
    <testcase classname="ds.dataFrameSubset_expt_dgr_multiple_all_columns_subset_by_rows" name="all_datasets" time="4.90699999999998"/>
    <testcase classname="ds.dataFrameSubset_expt_dgr_multiple_all_columns_subset_by_rows" name="all_datasets" time="0.262"/>
    <testcase classname="ds.dataFrameSubset_expt_dgr_multiple_all_columns_subset_by_rows" name="all_datasets" time="0.263000000000034"/>
    <testcase classname="ds.dataFrameSubset_expt_dgr_multiple_all_columns_subset_by_rows" name="all_datasets" time="1.45799999999997"/>
    <testcase classname="ds.dataFrameSubset_expt_dgr_multiple_all_columns_subset_by_rows" name="all_datasets" time="4.87200000000001"/>
    <testcase classname="ds.dataFrameSubset_expt_dgr_multiple_all_columns_subset_by_rows" name="all_datasets" time="0.261000000000024"/>
    <testcase classname="ds.dataFrameSubset_expt_dgr_multiple_all_columns_subset_by_rows" name="all_datasets" time="0.259999999999991"/>
    <testcase classname="ds.dataFrameSubset_expt_dgr_multiple_all_columns_subset_by_rows" name="all_datasets" time="1.45999999999998"/>
    <testcase classname="ds.dataFrameSubset_expt_dgr_multiple_all_columns_subset_by_rows" name="all_datasets" time="4.90199999999999"/>
    <testcase classname="ds.dataFrameSubset_expt_dgr_multiple_all_columns_subset_by_rows" name="all_datasets" time="0.260000000000048"/>
    <testcase classname="ds.dataFrameSubset_expt_dgr_multiple_all_columns_subset_by_rows" name="all_datasets" time="0.262"/>
    <testcase classname="ds.dataFrameSubset_expt_dgr_multiple_all_columns_subset_by_rows" name="all_datasets" time="1.45599999999996"/>
    <testcase classname="ds.dataFrameSubset_expt_dgr_multiple_all_columns_subset_by_rows" name="all_datasets" time="4.90100000000001"/>
    <testcase classname="ds.dataFrameSubset_expt_dgr_multiple_all_columns_subset_by_rows" name="all_datasets" time="0.257999999999981"/>
    <testcase classname="ds.dataFrameSubset_expt_dgr_multiple_all_columns_subset_by_rows" name="all_datasets" time="0.275000000000034"/>
    <testcase classname="ds.dataFrameSubset_expt_dgr_multiple_all_columns_subset_by_rows" name="all_datasets" time="1.44999999999999"/>
  </testsuite>
  <testsuite errors="0" failures="0" hostname="fv-az14" name="ds.dataFrameSubset::expt_dgr::single::all_columns::subset_by_rows" skipped="0" tests="20" time="31.482" timestamp="2020-10-27T19:35:37Z">
    <testcase classname="ds.dataFrameSubset_expt_dgr_single_all_columns_subset_by_rows" name="dataset_3" time="5.279"/>
    <testcase classname="ds.dataFrameSubset_expt_dgr_single_all_columns_subset_by_rows" name="dataset_3" time="0.92900000000003"/>
    <testcase classname="ds.dataFrameSubset_expt_dgr_single_all_columns_subset_by_rows" name="dataset_3" time="1.88399999999996"/>
    <testcase classname="ds.dataFrameSubset_expt_dgr_single_all_columns_subset_by_rows" name="dataset_3" time="0.927000000000021"/>
    <testcase classname="ds.dataFrameSubset_expt_dgr_single_all_columns_subset_by_rows" name="dataset_3" time="1.88400000000001"/>
    <testcase classname="ds.dataFrameSubset_expt_dgr_single_all_columns_subset_by_rows" name="dataset_3" time="0.928999999999974"/>
    <testcase classname="ds.dataFrameSubset_expt_dgr_single_all_columns_subset_by_rows" name="dataset_3" time="1.87200000000001"/>
    <testcase classname="ds.dataFrameSubset_expt_dgr_single_all_columns_subset_by_rows" name="dataset_3" time="0.932000000000016"/>
    <testcase classname="ds.dataFrameSubset_expt_dgr_single_all_columns_subset_by_rows" name="dataset_3" time="1.863"/>
    <testcase classname="ds.dataFrameSubset_expt_dgr_single_all_columns_subset_by_rows" name="dataset_3" time="0.93199999999996"/>
    <testcase classname="ds.dataFrameSubset_expt_dgr_single_all_columns_subset_by_rows" name="dataset_3" time="1.88"/>
    <testcase classname="ds.dataFrameSubset_expt_dgr_single_all_columns_subset_by_rows" name="dataset_3" time="0.927999999999997"/>
    <testcase classname="ds.dataFrameSubset_expt_dgr_single_all_columns_subset_by_rows" name="dataset_3" time="1.88800000000003"/>
    <testcase classname="ds.dataFrameSubset_expt_dgr_single_all_columns_subset_by_rows" name="dataset_3" time="0.923999999999978"/>
    <testcase classname="ds.dataFrameSubset_expt_dgr_single_all_columns_subset_by_rows" name="dataset_3" time="1.87799999999999"/>
    <testcase classname="ds.dataFrameSubset_expt_dgr_single_all_columns_subset_by_rows" name="dataset_3" time="0.938000000000045"/>
    <testcase classname="ds.dataFrameSubset_expt_dgr_single_all_columns_subset_by_rows" name="dataset_3" time="1.87600000000003"/>
    <testcase classname="ds.dataFrameSubset_expt_dgr_single_all_columns_subset_by_rows" name="dataset_3" time="0.935999999999979"/>
    <testcase classname="ds.dataFrameSubset_expt_dgr_single_all_columns_subset_by_rows" name="dataset_3" time="1.86700000000002"/>
    <testcase classname="ds.dataFrameSubset_expt_dgr_single_all_columns_subset_by_rows" name="dataset_3" time="0.935999999999979"/>
  </testsuite>
  <testsuite errors="0" failures="0" hostname="fv-az14" name="ds.dataFrameSubset::expt_dgr::multiple::subset_by_rows_columns" skipped="0" tests="60" time="133.085" timestamp="2020-10-27T19:36:09Z">
    <testcase classname="ds.dataFrameSubset_expt_dgr_multiple_subset_by_rows_columns" name="all_datasets" time="13.073"/>
    <testcase classname="ds.dataFrameSubset_expt_dgr_multiple_subset_by_rows_columns" name="all_datasets" time="1.19999999999993"/>
    <testcase classname="ds.dataFrameSubset_expt_dgr_multiple_subset_by_rows_columns" name="all_datasets" time="0.261000000000081"/>
    <testcase classname="ds.dataFrameSubset_expt_dgr_multiple_subset_by_rows_columns" name="all_datasets" time="1.19499999999994"/>
    <testcase classname="ds.dataFrameSubset_expt_dgr_multiple_subset_by_rows_columns" name="all_datasets" time="0.264999999999986"/>
    <testcase classname="ds.dataFrameSubset_expt_dgr_multiple_subset_by_rows_columns" name="all_datasets" time="1.20100000000002"/>
    <testcase classname="ds.dataFrameSubset_expt_dgr_multiple_subset_by_rows_columns" name="all_datasets" time="8.73400000000004"/>
    <testcase classname="ds.dataFrameSubset_expt_dgr_multiple_subset_by_rows_columns" name="all_datasets" time="1.19200000000001"/>
    <testcase classname="ds.dataFrameSubset_expt_dgr_multiple_subset_by_rows_columns" name="all_datasets" time="0.26299999999992"/>
    <testcase classname="ds.dataFrameSubset_expt_dgr_multiple_subset_by_rows_columns" name="all_datasets" time="1.19100000000003"/>
    <testcase classname="ds.dataFrameSubset_expt_dgr_multiple_subset_by_rows_columns" name="all_datasets" time="0.262000000000057"/>
    <testcase classname="ds.dataFrameSubset_expt_dgr_multiple_subset_by_rows_columns" name="all_datasets" time="1.18799999999999"/>
    <testcase classname="ds.dataFrameSubset_expt_dgr_multiple_subset_by_rows_columns" name="all_datasets" time="8.75599999999997"/>
    <testcase classname="ds.dataFrameSubset_expt_dgr_multiple_subset_by_rows_columns" name="all_datasets" time="1.19100000000003"/>
    <testcase classname="ds.dataFrameSubset_expt_dgr_multiple_subset_by_rows_columns" name="all_datasets" time="0.260999999999967"/>
    <testcase classname="ds.dataFrameSubset_expt_dgr_multiple_subset_by_rows_columns" name="all_datasets" time="1.19200000000001"/>
    <testcase classname="ds.dataFrameSubset_expt_dgr_multiple_subset_by_rows_columns" name="all_datasets" time="0.259000000000015"/>
    <testcase classname="ds.dataFrameSubset_expt_dgr_multiple_subset_by_rows_columns" name="all_datasets" time="1.22899999999993"/>
    <testcase classname="ds.dataFrameSubset_expt_dgr_multiple_subset_by_rows_columns" name="all_datasets" time="8.83199999999999"/>
    <testcase classname="ds.dataFrameSubset_expt_dgr_multiple_subset_by_rows_columns" name="all_datasets" time="1.20300000000009"/>
    <testcase classname="ds.dataFrameSubset_expt_dgr_multiple_subset_by_rows_columns" name="all_datasets" time="0.260999999999967"/>
    <testcase classname="ds.dataFrameSubset_expt_dgr_multiple_subset_by_rows_columns" name="all_datasets" time="1.18999999999994"/>
    <testcase classname="ds.dataFrameSubset_expt_dgr_multiple_subset_by_rows_columns" name="all_datasets" time="0.262000000000057"/>
    <testcase classname="ds.dataFrameSubset_expt_dgr_multiple_subset_by_rows_columns" name="all_datasets" time="1.19200000000001"/>
    <testcase classname="ds.dataFrameSubset_expt_dgr_multiple_subset_by_rows_columns" name="all_datasets" time="8.851"/>
    <testcase classname="ds.dataFrameSubset_expt_dgr_multiple_subset_by_rows_columns" name="all_datasets" time="1.19900000000007"/>
    <testcase classname="ds.dataFrameSubset_expt_dgr_multiple_subset_by_rows_columns" name="all_datasets" time="0.261999999999944"/>
    <testcase classname="ds.dataFrameSubset_expt_dgr_multiple_subset_by_rows_columns" name="all_datasets" time="1.19200000000001"/>
    <testcase classname="ds.dataFrameSubset_expt_dgr_multiple_subset_by_rows_columns" name="all_datasets" time="0.264999999999986"/>
    <testcase classname="ds.dataFrameSubset_expt_dgr_multiple_subset_by_rows_columns" name="all_datasets" time="1.19799999999998"/>
    <testcase classname="ds.dataFrameSubset_expt_dgr_multiple_subset_by_rows_columns" name="all_datasets" time="8.73200000000008"/>
    <testcase classname="ds.dataFrameSubset_expt_dgr_multiple_subset_by_rows_columns" name="all_datasets" time="1.18799999999999"/>
    <testcase classname="ds.dataFrameSubset_expt_dgr_multiple_subset_by_rows_columns" name="all_datasets" time="0.266999999999939"/>
    <testcase classname="ds.dataFrameSubset_expt_dgr_multiple_subset_by_rows_columns" name="all_datasets" time="1.20400000000006"/>
    <testcase classname="ds.dataFrameSubset_expt_dgr_multiple_subset_by_rows_columns" name="all_datasets" time="0.260999999999967"/>
    <testcase classname="ds.dataFrameSubset_expt_dgr_multiple_subset_by_rows_columns" name="all_datasets" time="1.19200000000001"/>
    <testcase classname="ds.dataFrameSubset_expt_dgr_multiple_subset_by_rows_columns" name="all_datasets" time="8.73299999999995"/>
    <testcase classname="ds.dataFrameSubset_expt_dgr_multiple_subset_by_rows_columns" name="all_datasets" time="1.20000000000005"/>
    <testcase classname="ds.dataFrameSubset_expt_dgr_multiple_subset_by_rows_columns" name="all_datasets" time="0.263000000000034"/>
    <testcase classname="ds.dataFrameSubset_expt_dgr_multiple_subset_by_rows_columns" name="all_datasets" time="1.19599999999991"/>
    <testcase classname="ds.dataFrameSubset_expt_dgr_multiple_subset_by_rows_columns" name="all_datasets" time="0.259999999999991"/>
    <testcase classname="ds.dataFrameSubset_expt_dgr_multiple_subset_by_rows_columns" name="all_datasets" time="1.19600000000003"/>
    <testcase classname="ds.dataFrameSubset_expt_dgr_multiple_subset_by_rows_columns" name="all_datasets" time="8.73300000000006"/>
    <testcase classname="ds.dataFrameSubset_expt_dgr_multiple_subset_by_rows_columns" name="all_datasets" time="1.19599999999991"/>
    <testcase classname="ds.dataFrameSubset_expt_dgr_multiple_subset_by_rows_columns" name="all_datasets" time="0.259000000000015"/>
    <testcase classname="ds.dataFrameSubset_expt_dgr_multiple_subset_by_rows_columns" name="all_datasets" time="1.20100000000002"/>
    <testcase classname="ds.dataFrameSubset_expt_dgr_multiple_subset_by_rows_columns" name="all_datasets" time="0.278999999999996"/>
    <testcase classname="ds.dataFrameSubset_expt_dgr_multiple_subset_by_rows_columns" name="all_datasets" time="1.18899999999996"/>
    <testcase classname="ds.dataFrameSubset_expt_dgr_multiple_subset_by_rows_columns" name="all_datasets" time="8.72000000000003"/>
    <testcase classname="ds.dataFrameSubset_expt_dgr_multiple_subset_by_rows_columns" name="all_datasets" time="1.19500000000005"/>
    <testcase classname="ds.dataFrameSubset_expt_dgr_multiple_subset_by_rows_columns" name="all_datasets" time="0.259000000000015"/>
    <testcase classname="ds.dataFrameSubset_expt_dgr_multiple_subset_by_rows_columns" name="all_datasets" time="1.19799999999998"/>
    <testcase classname="ds.dataFrameSubset_expt_dgr_multiple_subset_by_rows_columns" name="all_datasets" time="0.261999999999944"/>
    <testcase classname="ds.dataFrameSubset_expt_dgr_multiple_subset_by_rows_columns" name="all_datasets" time="1.197"/>
    <testcase classname="ds.dataFrameSubset_expt_dgr_multiple_subset_by_rows_columns" name="all_datasets" time="8.76400000000001"/>
    <testcase classname="ds.dataFrameSubset_expt_dgr_multiple_subset_by_rows_columns" name="all_datasets" time="1.197"/>
    <testcase classname="ds.dataFrameSubset_expt_dgr_multiple_subset_by_rows_columns" name="all_datasets" time="0.26400000000001"/>
    <testcase classname="ds.dataFrameSubset_expt_dgr_multiple_subset_by_rows_columns" name="all_datasets" time="1.20299999999997"/>
    <testcase classname="ds.dataFrameSubset_expt_dgr_multiple_subset_by_rows_columns" name="all_datasets" time="0.261000000000081"/>
    <testcase classname="ds.dataFrameSubset_expt_dgr_multiple_subset_by_rows_columns" name="all_datasets" time="1.19599999999991"/>
  </testsuite>
  <testsuite errors="0" failures="0" hostname="fv-az14" name="ds.dataFrameSubset::expt_dgr::single::subset_by_rows_columns" skipped="0" tests="20" time="38.505" timestamp="2020-10-27T19:38:22Z">
    <testcase classname="ds.dataFrameSubset_expt_dgr_single_subset_by_rows_columns" name="dataset_1" time="6.245"/>
    <testcase classname="ds.dataFrameSubset_expt_dgr_single_subset_by_rows_columns" name="dataset_1" time="0.698000000000093"/>
    <testcase classname="ds.dataFrameSubset_expt_dgr_single_subset_by_rows_columns" name="dataset_1" time="2.81099999999992"/>
    <testcase classname="ds.dataFrameSubset_expt_dgr_single_subset_by_rows_columns" name="dataset_1" time="0.697000000000003"/>
    <testcase classname="ds.dataFrameSubset_expt_dgr_single_subset_by_rows_columns" name="dataset_1" time="2.80700000000002"/>
    <testcase classname="ds.dataFrameSubset_expt_dgr_single_subset_by_rows_columns" name="dataset_1" time="0.705000000000041"/>
    <testcase classname="ds.dataFrameSubset_expt_dgr_single_subset_by_rows_columns" name="dataset_1" time="2.81499999999994"/>
    <testcase classname="ds.dataFrameSubset_expt_dgr_single_subset_by_rows_columns" name="dataset_1" time="0.696000000000026"/>
    <testcase classname="ds.dataFrameSubset_expt_dgr_single_subset_by_rows_columns" name="dataset_1" time="2.803"/>
    <testcase classname="ds.dataFrameSubset_expt_dgr_single_subset_by_rows_columns" name="dataset_1" time="0.692999999999984"/>
    <testcase classname="ds.dataFrameSubset_expt_dgr_single_subset_by_rows_columns" name="dataset_1" time="2.81200000000001"/>
    <testcase classname="ds.dataFrameSubset_expt_dgr_single_subset_by_rows_columns" name="dataset_1" time="0.697000000000003"/>
    <testcase classname="ds.dataFrameSubset_expt_dgr_single_subset_by_rows_columns" name="dataset_1" time="2.81500000000005"/>
    <testcase classname="ds.dataFrameSubset_expt_dgr_single_subset_by_rows_columns" name="dataset_1" time="0.695999999999913"/>
    <testcase classname="ds.dataFrameSubset_expt_dgr_single_subset_by_rows_columns" name="dataset_1" time="2.80400000000009"/>
    <testcase classname="ds.dataFrameSubset_expt_dgr_single_subset_by_rows_columns" name="dataset_1" time="0.695999999999913"/>
    <testcase classname="ds.dataFrameSubset_expt_dgr_single_subset_by_rows_columns" name="dataset_1" time="2.80000000000007"/>
    <testcase classname="ds.dataFrameSubset_expt_dgr_single_subset_by_rows_columns" name="dataset_1" time="0.695999999999913"/>
    <testcase classname="ds.dataFrameSubset_expt_dgr_single_subset_by_rows_columns" name="dataset_1" time="2.82000000000005"/>
    <testcase classname="ds.dataFrameSubset_expt_dgr_single_subset_by_rows_columns" name="dataset_1" time="0.698999999999955"/>
  </testsuite>
  <testsuite errors="0" failures="0" hostname="fv-az14" name="ds.dataFrameSubset::expt_dgr::multiple::subset_by_rows_columns" skipped="0" tests="60" time="133.177" timestamp="2020-10-27T19:39:00Z">
    <testcase classname="ds.dataFrameSubset_expt_dgr_multiple_subset_by_rows_columns" name="all_datasets" time="13.168"/>
    <testcase classname="ds.dataFrameSubset_expt_dgr_multiple_subset_by_rows_columns" name="all_datasets" time="1.19400000000007"/>
    <testcase classname="ds.dataFrameSubset_expt_dgr_multiple_subset_by_rows_columns" name="all_datasets" time="0.261999999999944"/>
    <testcase classname="ds.dataFrameSubset_expt_dgr_multiple_subset_by_rows_columns" name="all_datasets" time="1.19799999999998"/>
    <testcase classname="ds.dataFrameSubset_expt_dgr_multiple_subset_by_rows_columns" name="all_datasets" time="0.259000000000015"/>
    <testcase classname="ds.dataFrameSubset_expt_dgr_multiple_subset_by_rows_columns" name="all_datasets" time="1.20800000000008"/>
    <testcase classname="ds.dataFrameSubset_expt_dgr_multiple_subset_by_rows_columns" name="all_datasets" time="8.71699999999998"/>
    <testcase classname="ds.dataFrameSubset_expt_dgr_multiple_subset_by_rows_columns" name="all_datasets" time="1.19599999999991"/>
    <testcase classname="ds.dataFrameSubset_expt_dgr_multiple_subset_by_rows_columns" name="all_datasets" time="0.261000000000081"/>
    <testcase classname="ds.dataFrameSubset_expt_dgr_multiple_subset_by_rows_columns" name="all_datasets" time="1.18899999999996"/>
    <testcase classname="ds.dataFrameSubset_expt_dgr_multiple_subset_by_rows_columns" name="all_datasets" time="0.262000000000057"/>
    <testcase classname="ds.dataFrameSubset_expt_dgr_multiple_subset_by_rows_columns" name="all_datasets" time="1.19999999999993"/>
    <testcase classname="ds.dataFrameSubset_expt_dgr_multiple_subset_by_rows_columns" name="all_datasets" time="8.77600000000007"/>
    <testcase classname="ds.dataFrameSubset_expt_dgr_multiple_subset_by_rows_columns" name="all_datasets" time="1.20399999999995"/>
    <testcase classname="ds.dataFrameSubset_expt_dgr_multiple_subset_by_rows_columns" name="all_datasets" time="0.258000000000038"/>
    <testcase classname="ds.dataFrameSubset_expt_dgr_multiple_subset_by_rows_columns" name="all_datasets" time="1.202"/>
    <testcase classname="ds.dataFrameSubset_expt_dgr_multiple_subset_by_rows_columns" name="all_datasets" time="0.259999999999991"/>
    <testcase classname="ds.dataFrameSubset_expt_dgr_multiple_subset_by_rows_columns" name="all_datasets" time="1.19399999999996"/>
    <testcase classname="ds.dataFrameSubset_expt_dgr_multiple_subset_by_rows_columns" name="all_datasets" time="8.81100000000004"/>
    <testcase classname="ds.dataFrameSubset_expt_dgr_multiple_subset_by_rows_columns" name="all_datasets" time="1.19399999999996"/>
    <testcase classname="ds.dataFrameSubset_expt_dgr_multiple_subset_by_rows_columns" name="all_datasets" time="0.259000000000015"/>
    <testcase classname="ds.dataFrameSubset_expt_dgr_multiple_subset_by_rows_columns" name="all_datasets" time="1.19399999999996"/>
    <testcase classname="ds.dataFrameSubset_expt_dgr_multiple_subset_by_rows_columns" name="all_datasets" time="0.259999999999991"/>
    <testcase classname="ds.dataFrameSubset_expt_dgr_multiple_subset_by_rows_columns" name="all_datasets" time="1.18700000000001"/>
    <testcase classname="ds.dataFrameSubset_expt_dgr_multiple_subset_by_rows_columns" name="all_datasets" time="8.721"/>
    <testcase classname="ds.dataFrameSubset_expt_dgr_multiple_subset_by_rows_columns" name="all_datasets" time="1.19899999999996"/>
    <testcase classname="ds.dataFrameSubset_expt_dgr_multiple_subset_by_rows_columns" name="all_datasets" time="0.337999999999965"/>
    <testcase classname="ds.dataFrameSubset_expt_dgr_multiple_subset_by_rows_columns" name="all_datasets" time="1.202"/>
    <testcase classname="ds.dataFrameSubset_expt_dgr_multiple_subset_by_rows_columns" name="all_datasets" time="0.272000000000048"/>
    <testcase classname="ds.dataFrameSubset_expt_dgr_multiple_subset_by_rows_columns" name="all_datasets" time="1.20799999999997"/>
    <testcase classname="ds.dataFrameSubset_expt_dgr_multiple_subset_by_rows_columns" name="all_datasets" time="8.74800000000005"/>
    <testcase classname="ds.dataFrameSubset_expt_dgr_multiple_subset_by_rows_columns" name="all_datasets" time="1.197"/>
    <testcase classname="ds.dataFrameSubset_expt_dgr_multiple_subset_by_rows_columns" name="all_datasets" time="0.257999999999925"/>
    <testcase classname="ds.dataFrameSubset_expt_dgr_multiple_subset_by_rows_columns" name="all_datasets" time="1.20600000000002"/>
    <testcase classname="ds.dataFrameSubset_expt_dgr_multiple_subset_by_rows_columns" name="all_datasets" time="0.259000000000015"/>
    <testcase classname="ds.dataFrameSubset_expt_dgr_multiple_subset_by_rows_columns" name="all_datasets" time="1.18799999999999"/>
    <testcase classname="ds.dataFrameSubset_expt_dgr_multiple_subset_by_rows_columns" name="all_datasets" time="8.78700000000003"/>
    <testcase classname="ds.dataFrameSubset_expt_dgr_multiple_subset_by_rows_columns" name="all_datasets" time="1.19100000000003"/>
    <testcase classname="ds.dataFrameSubset_expt_dgr_multiple_subset_by_rows_columns" name="all_datasets" time="0.261999999999944"/>
    <testcase classname="ds.dataFrameSubset_expt_dgr_multiple_subset_by_rows_columns" name="all_datasets" time="1.19399999999996"/>
    <testcase classname="ds.dataFrameSubset_expt_dgr_multiple_subset_by_rows_columns" name="all_datasets" time="0.263000000000034"/>
    <testcase classname="ds.dataFrameSubset_expt_dgr_multiple_subset_by_rows_columns" name="all_datasets" time="1.19100000000003"/>
    <testcase classname="ds.dataFrameSubset_expt_dgr_multiple_subset_by_rows_columns" name="all_datasets" time="8.76300000000003"/>
    <testcase classname="ds.dataFrameSubset_expt_dgr_multiple_subset_by_rows_columns" name="all_datasets" time="1.19399999999996"/>
    <testcase classname="ds.dataFrameSubset_expt_dgr_multiple_subset_by_rows_columns" name="all_datasets" time="0.263000000000034"/>
    <testcase classname="ds.dataFrameSubset_expt_dgr_multiple_subset_by_rows_columns" name="all_datasets" time="1.19499999999994"/>
    <testcase classname="ds.dataFrameSubset_expt_dgr_multiple_subset_by_rows_columns" name="all_datasets" time="0.259000000000015"/>
    <testcase classname="ds.dataFrameSubset_expt_dgr_multiple_subset_by_rows_columns" name="all_datasets" time="1.197"/>
    <testcase classname="ds.dataFrameSubset_expt_dgr_multiple_subset_by_rows_columns" name="all_datasets" time="8.72299999999996"/>
    <testcase classname="ds.dataFrameSubset_expt_dgr_multiple_subset_by_rows_columns" name="all_datasets" time="1.19800000000009"/>
    <testcase classname="ds.dataFrameSubset_expt_dgr_multiple_subset_by_rows_columns" name="all_datasets" time="0.259999999999991"/>
    <testcase classname="ds.dataFrameSubset_expt_dgr_multiple_subset_by_rows_columns" name="all_datasets" time="1.19599999999991"/>
    <testcase classname="ds.dataFrameSubset_expt_dgr_multiple_subset_by_rows_columns" name="all_datasets" time="0.268000000000029"/>
    <testcase classname="ds.dataFrameSubset_expt_dgr_multiple_subset_by_rows_columns" name="all_datasets" time="1.18799999999999"/>
    <testcase classname="ds.dataFrameSubset_expt_dgr_multiple_subset_by_rows_columns" name="all_datasets" time="8.755"/>
    <testcase classname="ds.dataFrameSubset_expt_dgr_multiple_subset_by_rows_columns" name="all_datasets" time="1.19299999999998"/>
    <testcase classname="ds.dataFrameSubset_expt_dgr_multiple_subset_by_rows_columns" name="all_datasets" time="0.262000000000057"/>
    <testcase classname="ds.dataFrameSubset_expt_dgr_multiple_subset_by_rows_columns" name="all_datasets" time="1.20299999999997"/>
    <testcase classname="ds.dataFrameSubset_expt_dgr_multiple_subset_by_rows_columns" name="all_datasets" time="0.264999999999986"/>
    <testcase classname="ds.dataFrameSubset_expt_dgr_multiple_subset_by_rows_columns" name="all_datasets" time="1.19799999999998"/>
  </testsuite>
  <testsuite errors="0" failures="0" hostname="fv-az14" name="ds.dataFrameSubset::expt_dgr::single::subset_by_rows_columns" skipped="0" tests="20" time="38.562" timestamp="2020-10-27T19:41:14Z">
    <testcase classname="ds.dataFrameSubset_expt_dgr_single_subset_by_rows_columns" name="dataset_2" time="6.29900000000009"/>
    <testcase classname="ds.dataFrameSubset_expt_dgr_single_subset_by_rows_columns" name="dataset_2" time="0.692999999999984"/>
    <testcase classname="ds.dataFrameSubset_expt_dgr_single_subset_by_rows_columns" name="dataset_2" time="2.80599999999993"/>
    <testcase classname="ds.dataFrameSubset_expt_dgr_single_subset_by_rows_columns" name="dataset_2" time="0.697000000000003"/>
    <testcase classname="ds.dataFrameSubset_expt_dgr_single_subset_by_rows_columns" name="dataset_2" time="2.80700000000002"/>
    <testcase classname="ds.dataFrameSubset_expt_dgr_single_subset_by_rows_columns" name="dataset_2" time="0.696999999999889"/>
    <testcase classname="ds.dataFrameSubset_expt_dgr_single_subset_by_rows_columns" name="dataset_2" time="2.81500000000005"/>
    <testcase classname="ds.dataFrameSubset_expt_dgr_single_subset_by_rows_columns" name="dataset_2" time="0.696000000000026"/>
    <testcase classname="ds.dataFrameSubset_expt_dgr_single_subset_by_rows_columns" name="dataset_2" time="2.81700000000001"/>
    <testcase classname="ds.dataFrameSubset_expt_dgr_single_subset_by_rows_columns" name="dataset_2" time="0.698999999999955"/>
    <testcase classname="ds.dataFrameSubset_expt_dgr_single_subset_by_rows_columns" name="dataset_2" time="2.80799999999999"/>
    <testcase classname="ds.dataFrameSubset_expt_dgr_single_subset_by_rows_columns" name="dataset_2" time="0.700000000000045"/>
    <testcase classname="ds.dataFrameSubset_expt_dgr_single_subset_by_rows_columns" name="dataset_2" time="2.80799999999999"/>
    <testcase classname="ds.dataFrameSubset_expt_dgr_single_subset_by_rows_columns" name="dataset_2" time="0.699999999999932"/>
    <testcase classname="ds.dataFrameSubset_expt_dgr_single_subset_by_rows_columns" name="dataset_2" time="2.80400000000009"/>
    <testcase classname="ds.dataFrameSubset_expt_dgr_single_subset_by_rows_columns" name="dataset_2" time="0.692000000000007"/>
    <testcase classname="ds.dataFrameSubset_expt_dgr_single_subset_by_rows_columns" name="dataset_2" time="2.84499999999991"/>
    <testcase classname="ds.dataFrameSubset_expt_dgr_single_subset_by_rows_columns" name="dataset_2" time="0.691000000000031"/>
    <testcase classname="ds.dataFrameSubset_expt_dgr_single_subset_by_rows_columns" name="dataset_2" time="2.79300000000001"/>
    <testcase classname="ds.dataFrameSubset_expt_dgr_single_subset_by_rows_columns" name="dataset_2" time="0.69500000000005"/>
  </testsuite>
  <testsuite errors="0" failures="0" hostname="fv-az14" name="ds.dataFrameSubset::expt_dgr::multiple::all_rows_subset_by_columns" skipped="0" tests="36" time="65.044" timestamp="2020-10-27T19:41:52Z">
    <testcase classname="ds.dataFrameSubset_expt_dgr_multiple_all_rows_subset_by_columns" name="all_datasets" time="10.5079999999999"/>
    <testcase classname="ds.dataFrameSubset_expt_dgr_multiple_all_rows_subset_by_columns" name="all_datasets" time="1.20100000000002"/>
    <testcase classname="ds.dataFrameSubset_expt_dgr_multiple_all_rows_subset_by_columns" name="all_datasets" time="0.260999999999967"/>
    <testcase classname="ds.dataFrameSubset_expt_dgr_multiple_all_rows_subset_by_columns" name="all_datasets" time="1.197"/>
    <testcase classname="ds.dataFrameSubset_expt_dgr_multiple_all_rows_subset_by_columns" name="all_datasets" time="0.266000000000076"/>
    <testcase classname="ds.dataFrameSubset_expt_dgr_multiple_all_rows_subset_by_columns" name="all_datasets" time="1.19200000000001"/>
    <testcase classname="ds.dataFrameSubset_expt_dgr_multiple_all_rows_subset_by_columns" name="all_datasets" time="5.97199999999998"/>
    <testcase classname="ds.dataFrameSubset_expt_dgr_multiple_all_rows_subset_by_columns" name="all_datasets" time="1.19399999999996"/>
    <testcase classname="ds.dataFrameSubset_expt_dgr_multiple_all_rows_subset_by_columns" name="all_datasets" time="0.263000000000034"/>
    <testcase classname="ds.dataFrameSubset_expt_dgr_multiple_all_rows_subset_by_columns" name="all_datasets" time="1.19600000000003"/>
    <testcase classname="ds.dataFrameSubset_expt_dgr_multiple_all_rows_subset_by_columns" name="all_datasets" time="0.265999999999963"/>
    <testcase classname="ds.dataFrameSubset_expt_dgr_multiple_all_rows_subset_by_columns" name="all_datasets" time="1.19299999999998"/>
    <testcase classname="ds.dataFrameSubset_expt_dgr_multiple_all_rows_subset_by_columns" name="all_datasets" time="5.93000000000006"/>
    <testcase classname="ds.dataFrameSubset_expt_dgr_multiple_all_rows_subset_by_columns" name="all_datasets" time="1.19799999999998"/>
    <testcase classname="ds.dataFrameSubset_expt_dgr_multiple_all_rows_subset_by_columns" name="all_datasets" time="0.259999999999991"/>
    <testcase classname="ds.dataFrameSubset_expt_dgr_multiple_all_rows_subset_by_columns" name="all_datasets" time="1.19600000000003"/>
    <testcase classname="ds.dataFrameSubset_expt_dgr_multiple_all_rows_subset_by_columns" name="all_datasets" time="0.260999999999967"/>
    <testcase classname="ds.dataFrameSubset_expt_dgr_multiple_all_rows_subset_by_columns" name="all_datasets" time="1.19899999999996"/>
    <testcase classname="ds.dataFrameSubset_expt_dgr_multiple_all_rows_subset_by_columns" name="all_datasets" time="5.91300000000001"/>
    <testcase classname="ds.dataFrameSubset_expt_dgr_multiple_all_rows_subset_by_columns" name="all_datasets" time="1.18700000000001"/>
    <testcase classname="ds.dataFrameSubset_expt_dgr_multiple_all_rows_subset_by_columns" name="all_datasets" time="0.258000000000038"/>
    <testcase classname="ds.dataFrameSubset_expt_dgr_multiple_all_rows_subset_by_columns" name="all_datasets" time="1.19299999999998"/>
    <testcase classname="ds.dataFrameSubset_expt_dgr_multiple_all_rows_subset_by_columns" name="all_datasets" time="0.264999999999986"/>
    <testcase classname="ds.dataFrameSubset_expt_dgr_multiple_all_rows_subset_by_columns" name="all_datasets" time="1.197"/>
    <testcase classname="ds.dataFrameSubset_expt_dgr_multiple_all_rows_subset_by_columns" name="all_datasets" time="5.99099999999999"/>
    <testcase classname="ds.dataFrameSubset_expt_dgr_multiple_all_rows_subset_by_columns" name="all_datasets" time="1.19899999999996"/>
    <testcase classname="ds.dataFrameSubset_expt_dgr_multiple_all_rows_subset_by_columns" name="all_datasets" time="0.260000000000105"/>
    <testcase classname="ds.dataFrameSubset_expt_dgr_multiple_all_rows_subset_by_columns" name="all_datasets" time="1.197"/>
    <testcase classname="ds.dataFrameSubset_expt_dgr_multiple_all_rows_subset_by_columns" name="all_datasets" time="0.263999999999896"/>
    <testcase classname="ds.dataFrameSubset_expt_dgr_multiple_all_rows_subset_by_columns" name="all_datasets" time="1.19600000000003"/>
    <testcase classname="ds.dataFrameSubset_expt_dgr_multiple_all_rows_subset_by_columns" name="all_datasets" time="6.00700000000006"/>
    <testcase classname="ds.dataFrameSubset_expt_dgr_multiple_all_rows_subset_by_columns" name="all_datasets" time="1.19299999999998"/>
    <testcase classname="ds.dataFrameSubset_expt_dgr_multiple_all_rows_subset_by_columns" name="all_datasets" time="0.260999999999967"/>
    <testcase classname="ds.dataFrameSubset_expt_dgr_multiple_all_rows_subset_by_columns" name="all_datasets" time="1.22299999999996"/>
    <testcase classname="ds.dataFrameSubset_expt_dgr_multiple_all_rows_subset_by_columns" name="all_datasets" time="0.293000000000006"/>
    <testcase classname="ds.dataFrameSubset_expt_dgr_multiple_all_rows_subset_by_columns" name="all_datasets" time="1.19400000000007"/>
  </testsuite>
  <testsuite errors="0" failures="0" hostname="fv-az14" name="ds.dataFrameSubset::expt_dgr::multiple::all_rows_subset_by_columns" skipped="0" tests="12" time="24.708" timestamp="2020-10-27T19:42:57Z">
    <testcase classname="ds.dataFrameSubset_expt_dgr_multiple_all_rows_subset_by_columns" name="dataset_3" time="6.49299999999994"/>
    <testcase classname="ds.dataFrameSubset_expt_dgr_multiple_all_rows_subset_by_columns" name="dataset_3" time="0.696000000000026"/>
    <testcase classname="ds.dataFrameSubset_expt_dgr_multiple_all_rows_subset_by_columns" name="dataset_3" time="2.80799999999999"/>
    <testcase classname="ds.dataFrameSubset_expt_dgr_multiple_all_rows_subset_by_columns" name="dataset_3" time="0.69500000000005"/>
    <testcase classname="ds.dataFrameSubset_expt_dgr_multiple_all_rows_subset_by_columns" name="dataset_3" time="2.80700000000002"/>
    <testcase classname="ds.dataFrameSubset_expt_dgr_multiple_all_rows_subset_by_columns" name="dataset_3" time="0.692999999999984"/>
    <testcase classname="ds.dataFrameSubset_expt_dgr_multiple_all_rows_subset_by_columns" name="dataset_3" time="2.80999999999995"/>
    <testcase classname="ds.dataFrameSubset_expt_dgr_multiple_all_rows_subset_by_columns" name="dataset_3" time="0.699000000000069"/>
    <testcase classname="ds.dataFrameSubset_expt_dgr_multiple_all_rows_subset_by_columns" name="dataset_3" time="2.798"/>
    <testcase classname="ds.dataFrameSubset_expt_dgr_multiple_all_rows_subset_by_columns" name="dataset_3" time="0.697000000000003"/>
    <testcase classname="ds.dataFrameSubset_expt_dgr_multiple_all_rows_subset_by_columns" name="dataset_3" time="2.81999999999994"/>
    <testcase classname="ds.dataFrameSubset_expt_dgr_multiple_all_rows_subset_by_columns" name="dataset_3" time="0.692000000000007"/>
  </testsuite>
  <testsuite errors="0" failures="0" hostname="fv-az14" name="ds.skewness::math_dgr::mean.median.mode::multiple" skipped="0" tests="10" time="16.685" timestamp="2020-10-27T19:43:22Z">
    <testcase classname="ds.skewness_math_dgr_mean.median.mode_multiple" name="skewness_0_mode_median_mean_or_skewness_0_mean_median_mode" time="6.72199999999998"/>
    <testcase classname="ds.skewness_math_dgr_mean.median.mode_multiple" name="skewness_0_mode_median_mean_or_skewness_0_mean_median_mode" time="0.000999999999976353"/>
    <testcase classname="ds.skewness_math_dgr_mean.median.mode_multiple" name="skewness_0_mode_median_mean_or_skewness_0_mean_median_mode" time="2.06900000000007"/>
    <testcase classname="ds.skewness_math_dgr_mean.median.mode_multiple" name="skewness_0_mode_median_mean_or_skewness_0_mean_median_mode" time="0.000999999999976353"/>
    <testcase classname="ds.skewness_math_dgr_mean.median.mode_multiple" name="skewness_0_mode_median_mean_or_skewness_0_mean_median_mode" time="1.97199999999998"/>
    <testcase classname="ds.skewness_math_dgr_mean.median.mode_multiple" name="skewness_0_mode_median_mean_or_skewness_0_mean_median_mode" time="0.000999999999976353"/>
    <testcase classname="ds.skewness_math_dgr_mean.median.mode_multiple" name="skewness_0_mode_median_mean_or_skewness_0_mean_median_mode" time="1.971"/>
    <testcase classname="ds.skewness_math_dgr_mean.median.mode_multiple" name="skewness_0_mode_median_mean_or_skewness_0_mean_median_mode" time="0.00200000000006639"/>
    <testcase classname="ds.skewness_math_dgr_mean.median.mode_multiple" name="skewness_0_mode_median_mean_or_skewness_0_mean_median_mode" time="1.96899999999994"/>
    <testcase classname="ds.skewness_math_dgr_mean.median.mode_multiple" name="skewness_0_mode_median_mean_or_skewness_0_mean_median_mode" time="1.97700000000009"/>
  </testsuite>
  <testsuite errors="0" failures="0" hostname="fv-az14" name="ds.skewness::math_dgr::Q1.Q2.Q3::multiple" skipped="0" tests="7" time="16.783" timestamp="2020-10-27T19:43:38Z">
    <testcase classname="ds.skewness_math_dgr_Q1.Q2.Q3_multiple" name="skewness_0_Q3_Q2_Q2_Q1_or_skewness_0_Q3_Q2_Q2_Q1" time="6.47199999999998"/>
    <testcase classname="ds.skewness_math_dgr_Q1.Q2.Q3_multiple" name="skewness_0_Q3_Q2_Q2_Q1_or_skewness_0_Q3_Q2_Q2_Q1" time="1.71999999999991"/>
    <testcase classname="ds.skewness_math_dgr_Q1.Q2.Q3_multiple" name="skewness_0_Q3_Q2_Q2_Q1_or_skewness_0_Q3_Q2_Q2_Q1" time="1.71100000000001"/>
    <testcase classname="ds.skewness_math_dgr_Q1.Q2.Q3_multiple" name="skewness_0_Q3_Q2_Q2_Q1_or_skewness_0_Q3_Q2_Q2_Q1" time="1.72400000000005"/>
    <testcase classname="ds.skewness_math_dgr_Q1.Q2.Q3_multiple" name="skewness_0_Q3_Q2_Q2_Q1_or_skewness_0_Q3_Q2_Q2_Q1" time="1.71699999999998"/>
    <testcase classname="ds.skewness_math_dgr_Q1.Q2.Q3_multiple" name="skewness_0_Q3_Q2_Q2_Q1_or_skewness_0_Q3_Q2_Q2_Q1" time="1.71300000000008"/>
    <testcase classname="ds.skewness_math_dgr_Q1.Q2.Q3_multiple" name="skewness_0_Q3_Q2_Q2_Q1_or_skewness_0_Q3_Q2_Q2_Q1" time="1.726"/>
  </testsuite>
  <testsuite errors="0" failures="0" hostname="fv-az14" name="ds.asCharacter::smk_dgr::setup" skipped="0" tests="3" time="4.886" timestamp="2020-10-27T19:43:55Z">
    <testcase classname="ds.asCharacter_smk_dgr_setup" name="setup" time="4.8839999999999"/>
    <testcase classname="ds.asCharacter_smk_dgr_setup" name="setup" time="0.00100000000009004"/>
    <testcase classname="ds.asCharacter_smk_dgr_setup" name="setup" time="0.000999999999976353"/>
  </testsuite>
  <testsuite errors="0" failures="0" hostname="fv-az14" name="ds.asCharacter::smk_dgr::simple test" skipped="0" tests="3" time="0.788" timestamp="2020-10-27T19:44:00Z">
    <testcase classname="ds.asCharacter_smk_dgr_simple_test" name="simple_test" time="0.784999999999968"/>
    <testcase classname="ds.asCharacter_smk_dgr_simple_test" name="simple_test" time="0.00200000000006639"/>
    <testcase classname="ds.asCharacter_smk_dgr_simple_test" name="simple_test" time="0.000999999999976353"/>
  </testsuite>
  <testsuite errors="0" failures="0" hostname="fv-az14" name="ds.asCharacter::smk_dgr::stutdown" skipped="0" tests="3" time="0.3" timestamp="2020-10-27T19:44:01Z">
    <testcase classname="ds.asCharacter_smk_dgr_stutdown" name="setup" time="0.298000000000002"/>
    <testcase classname="ds.asCharacter_smk_dgr_stutdown" name="setup" time="0.000999999999976353"/>
    <testcase classname="ds.asCharacter_smk_dgr_stutdown" name="setup" time="0.000999999999976353"/>
  </testsuite>
  <testsuite errors="0" failures="0" hostname="fv-az14" name="ds.asCharacter::smk_dgr::done" skipped="0" tests="0" time="0" timestamp="2020-10-27T19:44:02Z"/>
  <testsuite errors="0" failures="0" hostname="fv-az14" name="ds.listClientsideFunctions::smk_dgr::setup" skipped="0" tests="3" time="5.099" timestamp="2020-10-27T19:44:02Z">
    <testcase classname="ds.listClientsideFunctions_smk_dgr_setup" name="setup" time="5.09699999999998"/>
    <testcase classname="ds.listClientsideFunctions_smk_dgr_setup" name="setup" time="0.00100000000009004"/>
    <testcase classname="ds.listClientsideFunctions_smk_dgr_setup" name="setup" time="0.000999999999976353"/>
  </testsuite>
  <testsuite errors="0" failures="0" hostname="fv-az14" name="ds.listClientsideFunctions::smk_dgr::check results" skipped="0" tests="9" time="0.012" timestamp="2020-10-27T19:44:06Z">
    <testcase classname="ds.listClientsideFunctions_smk_dgr_check_results" name="check_results" time="0.0040000000000191"/>
    <testcase classname="ds.listClientsideFunctions_smk_dgr_check_results" name="check_results" time="0.000999999999976353"/>
    <testcase classname="ds.listClientsideFunctions_smk_dgr_check_results" name="check_results" time="0.000999999999976353"/>
    <testcase classname="ds.listClientsideFunctions_smk_dgr_check_results" name="check_results" time="0.000999999999976353"/>
    <testcase classname="ds.listClientsideFunctions_smk_dgr_check_results" name="check_results" time="0.000999999999976353"/>
    <testcase classname="ds.listClientsideFunctions_smk_dgr_check_results" name="check_results" time="0.00100000000009004"/>
    <testcase classname="ds.listClientsideFunctions_smk_dgr_check_results" name="check_results" time="0.000999999999976353"/>
    <testcase classname="ds.listClientsideFunctions_smk_dgr_check_results" name="check_results" time="0.000999999999976353"/>
    <testcase classname="ds.listClientsideFunctions_smk_dgr_check_results" name="check_results" time="0.000999999999976353"/>
  </testsuite>
  <testsuite errors="0" failures="0" hostname="fv-az14" name="ds.listClientsideFunctions::smk_dgr::shutdown" skipped="0" tests="3" time="0.264" timestamp="2020-10-27T19:44:06Z">
    <testcase classname="ds.listClientsideFunctions_smk_dgr_shutdown" name="shutdown" time="0.262000000000057"/>
    <testcase classname="ds.listClientsideFunctions_smk_dgr_shutdown" name="shutdown" time="0.000999999999976353"/>
    <testcase classname="ds.listClientsideFunctions_smk_dgr_shutdown" name="shutdown" time="0.000999999999976353"/>
  </testsuite>
  <testsuite errors="0" failures="0" hostname="fv-az14" name="ds.listClientsideFunctions::smk_dgr::done" skipped="0" tests="0" time="0" timestamp="2020-10-27T19:44:07Z"/>
  <testsuite errors="0" failures="0" hostname="fv-az14" name="ds.listServersideFunctions::smk_dgr::setup" skipped="0" tests="3" time="5.102" timestamp="2020-10-27T19:44:07Z">
    <testcase classname="ds.listServersideFunctions_smk_dgr_setup" name="setup" time="5.09900000000005"/>
    <testcase classname="ds.listServersideFunctions_smk_dgr_setup" name="setup" time="0.00199999999995271"/>
    <testcase classname="ds.listServersideFunctions_smk_dgr_setup" name="setup" time="0.000999999999976353"/>
  </testsuite>
  <testsuite errors="0" failures="0" hostname="fv-az14" name="ds.listServersideFunctions::smk_dgr::check results" skipped="0" tests="31" time="0.103" timestamp="2020-10-27T19:44:12Z">
    <testcase classname="ds.listServersideFunctions_smk_dgr_check_results" name="check_results" time="0.0660000000000309"/>
    <testcase classname="ds.listServersideFunctions_smk_dgr_check_results" name="check_results" time="0.000999999999976353"/>
    <testcase classname="ds.listServersideFunctions_smk_dgr_check_results" name="check_results" time="0.00100000000009004"/>
    <testcase classname="ds.listServersideFunctions_smk_dgr_check_results" name="check_results" time="0.000999999999976353"/>
    <testcase classname="ds.listServersideFunctions_smk_dgr_check_results" name="check_results" time="0.000999999999976353"/>
    <testcase classname="ds.listServersideFunctions_smk_dgr_check_results" name="check_results" time="0.000999999999976353"/>
    <testcase classname="ds.listServersideFunctions_smk_dgr_check_results" name="check_results" time="0.000999999999976353"/>
    <testcase classname="ds.listServersideFunctions_smk_dgr_check_results" name="check_results" time="0.00200000000006639"/>
    <testcase classname="ds.listServersideFunctions_smk_dgr_check_results" name="check_results" time="0.000999999999976353"/>
    <testcase classname="ds.listServersideFunctions_smk_dgr_check_results" name="check_results" time="0.000999999999976353"/>
    <testcase classname="ds.listServersideFunctions_smk_dgr_check_results" name="check_results" time="0.000999999999976353"/>
    <testcase classname="ds.listServersideFunctions_smk_dgr_check_results" name="check_results" time="0.00100000000009004"/>
    <testcase classname="ds.listServersideFunctions_smk_dgr_check_results" name="check_results" time="0.000999999999976353"/>
    <testcase classname="ds.listServersideFunctions_smk_dgr_check_results" name="check_results" time="0.000999999999976353"/>
    <testcase classname="ds.listServersideFunctions_smk_dgr_check_results" name="check_results" time="0.000999999999976353"/>
    <testcase classname="ds.listServersideFunctions_smk_dgr_check_results" name="check_results" time="0.00200000000006639"/>
    <testcase classname="ds.listServersideFunctions_smk_dgr_check_results" name="check_results" time="0.000999999999976353"/>
    <testcase classname="ds.listServersideFunctions_smk_dgr_check_results" name="check_results" time="0.000999999999976353"/>
    <testcase classname="ds.listServersideFunctions_smk_dgr_check_results" name="check_results" time="0.000999999999976353"/>
    <testcase classname="ds.listServersideFunctions_smk_dgr_check_results" name="check_results" time="0.00200000000006639"/>
    <testcase classname="ds.listServersideFunctions_smk_dgr_check_results" name="check_results" time="0.000999999999976353"/>
    <testcase classname="ds.listServersideFunctions_smk_dgr_check_results" name="check_results" time="0.000999999999976353"/>
    <testcase classname="ds.listServersideFunctions_smk_dgr_check_results" name="check_results" time="0.000999999999976353"/>
    <testcase classname="ds.listServersideFunctions_smk_dgr_check_results" name="check_results" time="0.00200000000006639"/>
    <testcase classname="ds.listServersideFunctions_smk_dgr_check_results" name="check_results" time="0.000999999999976353"/>
    <testcase classname="ds.listServersideFunctions_smk_dgr_check_results" name="check_results" time="0.00199999999995271"/>
    <testcase classname="ds.listServersideFunctions_smk_dgr_check_results" name="check_results" time="0.00100000000009004"/>
    <testcase classname="ds.listServersideFunctions_smk_dgr_check_results" name="check_results" time="0.000999999999976353"/>
    <testcase classname="ds.listServersideFunctions_smk_dgr_check_results" name="check_results" time="0.00199999999995271"/>
    <testcase classname="ds.listServersideFunctions_smk_dgr_check_results" name="check_results" time="0.000999999999976353"/>
    <testcase classname="ds.listServersideFunctions_smk_dgr_check_results" name="check_results" time="0.00200000000006639"/>
  </testsuite>
  <testsuite errors="0" failures="0" hostname="fv-az14" name="ds.listServersideFunctions::smk_dgr::shtudown" skipped="0" tests="3" time="0.265" timestamp="2020-10-27T19:44:12Z">
    <testcase classname="ds.listServersideFunctions_smk_dgr_shtudown" name="shutdown" time="0.261999999999944"/>
    <testcase classname="ds.listServersideFunctions_smk_dgr_shtudown" name="shutdown" time="0.00200000000006639"/>
    <testcase classname="ds.listServersideFunctions_smk_dgr_shtudown" name="shutdown" time="0.000999999999976353"/>
  </testsuite>
  <testsuite errors="0" failures="0" hostname="fv-az14" name="ds.listServersideFunctions::smk_dgr::done" skipped="0" tests="0" time="0" timestamp="2020-10-27T19:44:13Z"/>
</testsuites>
