<?xml version="1.0" ?>
<testsuites >

  <testsuite errors="0" failures="0" hostname="fv-az14" name="ds.asCharacter::arg::test errors" skipped="0" tests="1" time="7.815" timestamp="2020-09-12T14:25:05Z">
    <testcase classname="ds.asCharacter_arg_test_errors" name="asCharacter_erros" time="7.815"/>
  </testsuite>
  <testsuite errors="0" failures="0" hostname="fv-az14" name="ds.asDataMatrix::arg::test errors" skipped="0" tests="1" time="5.371" timestamp="2020-09-12T14:25:10Z">
    <testcase classname="ds.asDataMatrix_arg_test_errors" name="asDataMatrix_erros" time="5.371"/>
  </testsuite>
  <testsuite errors="0" failures="0" hostname="fv-az14" name="ds.asFactor::arg::test errors" skipped="0" tests="3" time="5.596" timestamp="2020-09-12T14:25:16Z">
    <testcase classname="ds.asFactor_arg_test_errors" name="asFactor_erros" time="5.508"/>
    <testcase classname="ds.asFactor_arg_test_errors" name="asFactor_erros" time="0.070999999999998"/>
    <testcase classname="ds.asFactor_arg_test_errors" name="asFactor_erros" time="0.017000000000003"/>
  </testsuite>
  <testsuite errors="0" failures="0" hostname="fv-az14" name="ds.asInteger::arg::test errors" skipped="0" tests="1" time="5.028" timestamp="2020-09-12T14:25:21Z">
    <testcase classname="ds.asInteger_arg_test_errors" name="asInteger_erros" time="5.028"/>
  </testsuite>
  <testsuite errors="0" failures="0" hostname="fv-az14" name="ds.asList::arg::test errors" skipped="0" tests="1" time="5.012" timestamp="2020-09-12T14:25:26Z">
    <testcase classname="ds.asList_arg_test_errors" name="asList_erros" time="5.012"/>
  </testsuite>
  <testsuite errors="0" failures="0" hostname="fv-az14" name="ds.asLogical::arg::test errors" skipped="0" tests="1" time="4.986" timestamp="2020-09-12T14:25:31Z">
    <testcase classname="ds.asLogical_arg_test_errors" name="asLogical_erros" time="4.986"/>
  </testsuite>
  <testsuite errors="0" failures="0" hostname="fv-az14" name="ds.asMatrix::arg::test errors" skipped="0" tests="1" time="4.857" timestamp="2020-09-12T14:25:36Z">
    <testcase classname="ds.asMatrix_arg_test_errors" name="asMatrix_erros" time="4.85700000000001"/>
  </testsuite>
  <testsuite errors="0" failures="0" hostname="fv-az14" name="ds.asNumeric::arg::test errors" skipped="0" tests="1" time="5.003" timestamp="2020-09-12T14:25:41Z">
    <testcase classname="ds.asNumeric_arg_test_errors" name="asNumeric_erros" time="5.003"/>
  </testsuite>
  <testsuite errors="0" failures="0" hostname="fv-az14" name="ds.assign::arg::test errors" skipped="0" tests="1" time="5.178" timestamp="2020-09-12T14:25:46Z">
    <testcase classname="ds.assign_arg_test_errors" name="assign_erros" time="5.178"/>
  </testsuite>
  <testsuite errors="0" failures="0" hostname="fv-az14" name="ds.Boole::arg::test errors" skipped="0" tests="5" time="5.29" timestamp="2020-09-12T14:25:51Z">
    <testcase classname="ds.Boole_arg_test_errors" name="Boole_erros" time="5.172"/>
    <testcase classname="ds.Boole_arg_test_errors" name="Boole_erros" time="0.0940000000000012"/>
    <testcase classname="ds.Boole_arg_test_errors" name="Boole_erros" time="0.0069999999999979"/>
    <testcase classname="ds.Boole_arg_test_errors" name="Boole_erros" time="0.00800000000000267"/>
    <testcase classname="ds.Boole_arg_test_errors" name="Boole_erros" time="0.00900000000000034"/>
  </testsuite>
  <testsuite errors="0" failures="0" hostname="fv-az14" name="ds.cbind::arg::test errors" skipped="0" tests="2" time="6.869" timestamp="2020-09-12T14:25:56Z">
    <testcase classname="ds.cbind_arg_test_errors" name="cbind_erros" time="5.599"/>
    <testcase classname="ds.cbind_arg_test_errors" name="cbind_erros" time="1.27"/>
  </testsuite>
  <testsuite errors="0" failures="0" hostname="fv-az14" name="ds.changeRefGroup::arg::test errors" skipped="0" tests="3" time="6.356" timestamp="2020-09-12T14:26:03Z">
    <testcase classname="ds.changeRefGroup_arg_test_errors" name="changeRefGroup_erros" time="5.271"/>
    <testcase classname="ds.changeRefGroup_arg_test_errors" name="changeRefGroup_erros" time="0.0400000000000063"/>
    <testcase classname="ds.changeRefGroup_arg_test_errors" name="changeRefGroup_erros" time="1.04499999999999"/>
  </testsuite>
  <testsuite errors="0" failures="0" hostname="fv-az14" name="ds.class::arg::test errors" skipped="0" tests="1" time="5.318" timestamp="2020-09-12T14:26:10Z">
    <testcase classname="ds.class_arg_test_errors" name="class_erros" time="5.31800000000001"/>
  </testsuite>
  <testsuite errors="0" failures="0" hostname="fv-az14" name="ds.colnames::arg::test errors" skipped="0" tests="1" time="5.122" timestamp="2020-09-12T14:26:15Z">
    <testcase classname="ds.colnames_arg_test_errors" name="simple_colnames_errors" time="5.122"/>
  </testsuite>
  <testsuite errors="0" failures="0" hostname="fv-az14" name="ds.completeCases::arg::test errors" skipped="0" tests="1" time="5.073" timestamp="2020-09-12T14:26:20Z">
    <testcase classname="ds.completeCases_arg_test_errors" name="completeCases_errors" time="5.07299999999999"/>
  </testsuite>
  <testsuite errors="0" failures="0" hostname="fv-az14" name="ds.cor::arg::test errors" skipped="0" tests="3" time="8.719" timestamp="2020-09-12T14:26:25Z">
    <testcase classname="ds.cor_arg_test_errors" name="cor_erros" time="5.078"/>
    <testcase classname="ds.cor_arg_test_errors" name="cor_erros" time="1.24299999999999"/>
    <testcase classname="ds.cor_arg_test_errors" name="cor_erros" time="2.39800000000001"/>
  </testsuite>
  <testsuite errors="0" failures="0" hostname="fv-az14" name="ds.corTest::arg" skipped="0" tests="2" time="5.077" timestamp="2020-09-12T14:26:33Z">
    <testcase classname="ds.corTest_arg" name="simple_arg_test" time="5.04599999999999"/>
    <testcase classname="ds.corTest_arg" name="simple_arg_test" time="0.0310000000000059"/>
  </testsuite>
  <testsuite errors="0" failures="0" hostname="fv-az14" name="ds.cov::arg::test errors" skipped="0" tests="3" time="8.781" timestamp="2020-09-12T14:26:39Z">
    <testcase classname="ds.cov_arg_test_errors" name="cov_erros" time="5.19999999999999"/>
    <testcase classname="ds.cov_arg_test_errors" name="cov_erros" time="1.182"/>
    <testcase classname="ds.cov_arg_test_errors" name="cov_erros" time="2.399"/>
  </testsuite>
  <testsuite errors="0" failures="0" hostname="fv-az14" name="ds.c::arg::test errors" skipped="0" tests="1" time="5.191" timestamp="2020-09-12T14:26:48Z">
    <testcase classname="ds.c_arg_test_errors" name="simple_c_errors" time="5.191"/>
  </testsuite>
  <testsuite errors="0" failures="0" hostname="fv-az14" name="ds.dataFrameFill::arg::test errors" skipped="0" tests="3" time="6.526" timestamp="2020-09-12T14:26:53Z">
    <testcase classname="ds.dataFrameFill_arg_test_errors" name="dataFrameFill_erros" time="5.13200000000001"/>
    <testcase classname="ds.dataFrameFill_arg_test_errors" name="dataFrameFill_erros" time="0.387999999999991"/>
    <testcase classname="ds.dataFrameFill_arg_test_errors" name="dataFrameFill_erros" time="1.006"/>
  </testsuite>
  <testsuite errors="0" failures="0" hostname="fv-az14" name="ds.dataFrame::arg::test errors" skipped="0" tests="2" time="6.675" timestamp="2020-09-12T14:26:59Z">
    <testcase classname="ds.dataFrame_arg_test_errors" name="dataframe_erros" time="5.19200000000001"/>
    <testcase classname="ds.dataFrame_arg_test_errors" name="dataframe_erros" time="1.483"/>
  </testsuite>
  <testsuite errors="0" failures="0" hostname="fv-az14" name="ds.dataFrameSubset::arg::setup" skipped="0" tests="3" time="5.527" timestamp="2020-09-12T14:27:01Z">
    <testcase classname="ds.dataFrameSubset_arg_setup" name="setup" time="5.524"/>
    <testcase classname="ds.dataFrameSubset_arg_setup" name="setup" time="0.000999999999976353"/>
    <testcase classname="ds.dataFrameSubset_arg_setup" name="setup" time="0.00200000000000955"/>
  </testsuite>
  <testsuite errors="0" failures="0" hostname="fv-az14" name="ds.dataFrameSubset::arg::test errors" skipped="0" tests="1" time="0.01" timestamp="2020-09-12T14:27:06Z">
    <testcase classname="ds.dataFrameSubset_arg_test_errors" name="dataFrameSubset_erros" time="0.00999999999999091"/>
  </testsuite>
  <testsuite errors="0" failures="0" hostname="fv-az14" name="ds.dataFrameSubset::arg::shutdown" skipped="0" tests="3" time="0.347" timestamp="2020-09-12T14:27:06Z">
    <testcase classname="ds.dataFrameSubset_arg_shutdown" name="shutdown" time="0.344000000000023"/>
    <testcase classname="ds.dataFrameSubset_arg_shutdown" name="shutdown" time="0.00199999999998113"/>
    <testcase classname="ds.dataFrameSubset_arg_shutdown" name="shutdown" time="0.00100000000000477"/>
  </testsuite>
  <testsuite errors="0" failures="0" hostname="fv-az14" name="ds.dataFrameSubset::arg::done" skipped="0" tests="0" time="0" timestamp="2020-09-12T14:27:07Z"/>
  <testsuite errors="0" failures="0" hostname="fv-az14" name="ds.dim::arg::test errors" skipped="0" tests="3" time="6.549" timestamp="2020-09-12T14:27:12Z">
    <testcase classname="ds.dim_arg_test_errors" name="dim_erros" time="5.215"/>
    <testcase classname="ds.dim_arg_test_errors" name="dim_erros" time="1.047"/>
    <testcase classname="ds.dim_arg_test_errors" name="dim_erros" time="0.287000000000006"/>
  </testsuite>
  <testsuite errors="0" failures="0" hostname="fv-az14" name="ds.exists::arg::test errors" skipped="0" tests="1" time="5.125" timestamp="2020-09-12T14:27:18Z">
    <testcase classname="ds.exists_arg_test_errors" name="simple_exists_errors" time="5.125"/>
  </testsuite>
  <testsuite errors="0" failures="0" hostname="fv-az14" name="ds.exp::arg::test errors" skipped="0" tests="1" time="5.015" timestamp="2020-09-12T14:27:23Z">
    <testcase classname="ds.exp_arg_test_errors" name="exp_erros" time="5.01499999999999"/>
  </testsuite>
  <testsuite errors="0" failures="0" hostname="fv-az14" name="ds.foobar::arg::setup" skipped="0" tests="3" time="5.438" timestamp="2020-09-12T14:27:24Z">
    <testcase classname="ds.foobar_arg_setup" name="setup" time="5.435"/>
    <testcase classname="ds.foobar_arg_setup" name="setup" time="0.00200000000000955"/>
    <testcase classname="ds.foobar_arg_setup" name="setup" time="0.00100000000000477"/>
  </testsuite>
  <testsuite errors="0" failures="0" hostname="fv-az14" name="ds.foobar::arg::aggregate" skipped="0" tests="2" time="0.012" timestamp="2020-09-12T14:27:29Z">
    <testcase classname="ds.foobar_arg_aggregate" name="NULL_connections" time="0.00999999999999091"/>
    <testcase classname="ds.foobar_arg_aggregate" name="NULL_connections" time="0.00200000000000955"/>
  </testsuite>
  <testsuite errors="0" failures="0" hostname="fv-az14" name="ds.foobar::arg::aggregate" skipped="0" tests="8" time="0.019" timestamp="2020-09-12T14:27:29Z">
    <testcase classname="ds.foobar_arg_aggregate" name="NULL_expr" time="0.00899999999998613"/>
    <testcase classname="ds.foobar_arg_aggregate" name="NULL_expr" time="0.00100000000000477"/>
    <testcase classname="ds.foobar_arg_aggregate" name="NULL_expr" time="0.00200000000000955"/>
    <testcase classname="ds.foobar_arg_aggregate" name="NULL_expr" time="0.00100000000000477"/>
    <testcase classname="ds.foobar_arg_aggregate" name="NULL_expr" time="0.000999999999976353"/>
    <testcase classname="ds.foobar_arg_aggregate" name="NULL_expr" time="0.00200000000000955"/>
    <testcase classname="ds.foobar_arg_aggregate" name="NULL_expr" time="0.00100000000000477"/>
    <testcase classname="ds.foobar_arg_aggregate" name="NULL_expr" time="0.00200000000000955"/>
  </testsuite>
  <testsuite errors="0" failures="0" hostname="fv-az14" name="ds.foobar::arg::aggregate" skipped="0" tests="8" time="0.242" timestamp="2020-09-12T14:27:29Z">
    <testcase classname="ds.foobar_arg_aggregate" name="non_existent_aggregate_foobarDS" time="0.231999999999999"/>
    <testcase classname="ds.foobar_arg_aggregate" name="non_existent_aggregate_foobarDS" time="0.000999999999976353"/>
    <testcase classname="ds.foobar_arg_aggregate" name="non_existent_aggregate_foobarDS" time="0.00200000000000955"/>
    <testcase classname="ds.foobar_arg_aggregate" name="non_existent_aggregate_foobarDS" time="0.00100000000000477"/>
    <testcase classname="ds.foobar_arg_aggregate" name="non_existent_aggregate_foobarDS" time="0.00100000000000477"/>
    <testcase classname="ds.foobar_arg_aggregate" name="non_existent_aggregate_foobarDS" time="0.00199999999998113"/>
    <testcase classname="ds.foobar_arg_aggregate" name="non_existent_aggregate_foobarDS" time="0.00100000000000477"/>
    <testcase classname="ds.foobar_arg_aggregate" name="non_existent_aggregate_foobarDS" time="0.00200000000000955"/>
  </testsuite>
  <testsuite errors="0" failures="0" hostname="fv-az14" name="ds.foobar::arg::assign" skipped="0" tests="2" time="0.012" timestamp="2020-09-12T14:27:29Z">
    <testcase classname="ds.foobar_arg_assign" name="NULL_connections" time="0.0109999999999957"/>
    <testcase classname="ds.foobar_arg_assign" name="NULL_connections" time="0.00100000000000477"/>
  </testsuite>
  <testsuite errors="0" failures="0" hostname="fv-az14" name="ds.foobar::arg::assign" skipped="0" tests="2" time="0.011" timestamp="2020-09-12T14:27:29Z">
    <testcase classname="ds.foobar_arg_assign" name="NULL_value" time="0.00999999999999091"/>
    <testcase classname="ds.foobar_arg_assign" name="NULL_value" time="0.00100000000000477"/>
  </testsuite>
  <testsuite errors="0" failures="0" hostname="fv-az14" name="ds.foobar::arg::assign" skipped="0" tests="8" time="0.242" timestamp="2020-09-12T14:27:29Z">
    <testcase classname="ds.foobar_arg_assign" name="non_existent_assign_foobarDS" time="0.231999999999999"/>
    <testcase classname="ds.foobar_arg_assign" name="non_existent_assign_foobarDS" time="0.00100000000000477"/>
    <testcase classname="ds.foobar_arg_assign" name="non_existent_assign_foobarDS" time="0.00100000000000477"/>
    <testcase classname="ds.foobar_arg_assign" name="non_existent_assign_foobarDS" time="0.00199999999998113"/>
    <testcase classname="ds.foobar_arg_assign" name="non_existent_assign_foobarDS" time="0.00100000000000477"/>
    <testcase classname="ds.foobar_arg_assign" name="non_existent_assign_foobarDS" time="0.00200000000000955"/>
    <testcase classname="ds.foobar_arg_assign" name="non_existent_assign_foobarDS" time="0.00100000000000477"/>
    <testcase classname="ds.foobar_arg_assign" name="non_existent_assign_foobarDS" time="0.00199999999998113"/>
  </testsuite>
  <testsuite errors="0" failures="0" hostname="fv-az14" name="ds.foobar::arg::shutdown" skipped="0" tests="3" time="0.282" timestamp="2020-09-12T14:27:29Z">
    <testcase classname="ds.foobar_arg_shutdown" name="shutdown" time="0.279000000000025"/>
    <testcase classname="ds.foobar_arg_shutdown" name="shutdown" time="0.00199999999998113"/>
    <testcase classname="ds.foobar_arg_shutdown" name="shutdown" time="0.00100000000000477"/>
  </testsuite>
  <testsuite errors="0" failures="0" hostname="fv-az14" name="ds.foobar::arg::done" skipped="0" tests="0" time="0" timestamp="2020-09-12T14:27:30Z"/>
  <testsuite errors="0" failures="0" hostname="fv-az14" name="ds.glmerSLMA::arg::setup" skipped="0" tests="3" time="5.437" timestamp="2020-09-12T14:27:30Z">
    <testcase classname="ds.glmerSLMA_arg_setup" name="setup" time="5.435"/>
    <testcase classname="ds.glmerSLMA_arg_setup" name="setup" time="0.00100000000000477"/>
    <testcase classname="ds.glmerSLMA_arg_setup" name="setup" time="0.00100000000000477"/>
  </testsuite>
  <testsuite errors="0" failures="0" hostname="fv-az14" name="ds.glmerSLMA::arg::testing" skipped="0" tests="18" time="4.664" timestamp="2020-09-12T14:27:35Z">
    <testcase classname="ds.glmerSLMA_arg_testing" name="simple_glmerSLMA_tesing_mis_use_of_arguments" time="0.00900000000001455"/>
    <testcase classname="ds.glmerSLMA_arg_testing" name="simple_glmerSLMA_tesing_mis_use_of_arguments" time="3.08500000000001"/>
    <testcase classname="ds.glmerSLMA_arg_testing" name="simple_glmerSLMA_tesing_mis_use_of_arguments" time="0.000999999999976353"/>
    <testcase classname="ds.glmerSLMA_arg_testing" name="simple_glmerSLMA_tesing_mis_use_of_arguments" time="0.00200000000000955"/>
    <testcase classname="ds.glmerSLMA_arg_testing" name="simple_glmerSLMA_tesing_mis_use_of_arguments" time="0.00100000000000477"/>
    <testcase classname="ds.glmerSLMA_arg_testing" name="simple_glmerSLMA_tesing_mis_use_of_arguments" time="0.00100000000000477"/>
    <testcase classname="ds.glmerSLMA_arg_testing" name="simple_glmerSLMA_tesing_mis_use_of_arguments" time="0.555999999999983"/>
    <testcase classname="ds.glmerSLMA_arg_testing" name="simple_glmerSLMA_tesing_mis_use_of_arguments" time="0.00200000000000955"/>
    <testcase classname="ds.glmerSLMA_arg_testing" name="simple_glmerSLMA_tesing_mis_use_of_arguments" time="0.00200000000000955"/>
    <testcase classname="ds.glmerSLMA_arg_testing" name="simple_glmerSLMA_tesing_mis_use_of_arguments" time="0.00199999999998113"/>
    <testcase classname="ds.glmerSLMA_arg_testing" name="simple_glmerSLMA_tesing_mis_use_of_arguments" time="0.00100000000000477"/>
    <testcase classname="ds.glmerSLMA_arg_testing" name="simple_glmerSLMA_tesing_mis_use_of_arguments" time="0.284999999999997"/>
    <testcase classname="ds.glmerSLMA_arg_testing" name="simple_glmerSLMA_tesing_mis_use_of_arguments" time="0.701000000000022"/>
    <testcase classname="ds.glmerSLMA_arg_testing" name="simple_glmerSLMA_tesing_mis_use_of_arguments" time="0.00199999999998113"/>
    <testcase classname="ds.glmerSLMA_arg_testing" name="simple_glmerSLMA_tesing_mis_use_of_arguments" time="0.00200000000000955"/>
    <testcase classname="ds.glmerSLMA_arg_testing" name="simple_glmerSLMA_tesing_mis_use_of_arguments" time="0.00200000000000955"/>
    <testcase classname="ds.glmerSLMA_arg_testing" name="simple_glmerSLMA_tesing_mis_use_of_arguments" time="0.00199999999998113"/>
    <testcase classname="ds.glmerSLMA_arg_testing" name="simple_glmerSLMA_tesing_mis_use_of_arguments" time="0.00800000000000978"/>
  </testsuite>
  <testsuite errors="0" failures="0" hostname="fv-az14" name="ds.glmerSLMA::arg::shutdown" skipped="0" tests="3" time="0.301" timestamp="2020-09-12T14:27:40Z">
    <testcase classname="ds.glmerSLMA_arg_shutdown" name="setup" time="0.298000000000002"/>
    <testcase classname="ds.glmerSLMA_arg_shutdown" name="setup" time="0.00200000000000955"/>
    <testcase classname="ds.glmerSLMA_arg_shutdown" name="setup" time="0.000999999999976353"/>
  </testsuite>
  <testsuite errors="0" failures="0" hostname="fv-az14" name="ds.glmerSLMA::arg::done" skipped="0" tests="0" time="0" timestamp="2020-09-12T14:27:41Z"/>
  <testsuite errors="0" failures="0" hostname="fv-az14" name="ds.glm::arg::test errors" skipped="0" tests="2" time="5.841" timestamp="2020-09-12T14:27:45Z">
    <testcase classname="ds.glm_arg_test_errors" name="glm_erros" time="5.31"/>
    <testcase classname="ds.glm_arg_test_errors" name="glm_erros" time="0.531000000000006"/>
  </testsuite>
  <testsuite errors="0" failures="0" hostname="fv-az14" name="ds.glmSLMA::arg::test errors" skipped="0" tests="1" time="5.281" timestamp="2020-09-12T14:27:51Z">
    <testcase classname="ds.glmSLMA_arg_test_errors" name="glmSLMA_erros" time="5.28100000000001"/>
  </testsuite>
  <testsuite errors="0" failures="0" hostname="fv-az14" name="ds.isNA::smk::errors" skipped="0" tests="1" time="5.262" timestamp="2020-09-12T14:27:56Z">
    <testcase classname="ds.isNA_smk_errors" name="isNA_errors" time="5.262"/>
  </testsuite>
  <testsuite errors="0" failures="0" hostname="fv-az14" name="ds.isValid::smk::errors" skipped="0" tests="2" time="6.257" timestamp="2020-09-12T14:28:02Z">
    <testcase classname="ds.isValid_smk_errors" name="isValid_errors" time="5.22499999999999"/>
    <testcase classname="ds.isValid_smk_errors" name="isValid_errors" time="1.03200000000001"/>
  </testsuite>
  <testsuite errors="0" failures="0" hostname="fv-az14" name="ds.kurtosis::arg::setup" skipped="0" tests="3" time="5.501" timestamp="2020-09-12T14:28:03Z">
    <testcase classname="ds.kurtosis_arg_setup" name="setup" time="5.49799999999999"/>
    <testcase classname="ds.kurtosis_arg_setup" name="setup" time="0.00200000000000955"/>
    <testcase classname="ds.kurtosis_arg_setup" name="setup" time="0.000999999999976353"/>
  </testsuite>
  <testsuite errors="0" failures="0" hostname="fv-az14" name="ds.kurtosis::arg::test errors" skipped="0" tests="4" time="0.162" timestamp="2020-09-12T14:28:08Z">
    <testcase classname="ds.kurtosis_arg_test_errors" name="kurtosis_erros" time="0.0130000000000052"/>
    <testcase classname="ds.kurtosis_arg_test_errors" name="kurtosis_erros" time="0.134000000000015"/>
    <testcase classname="ds.kurtosis_arg_test_errors" name="kurtosis_erros" time="0.00799999999998136"/>
    <testcase classname="ds.kurtosis_arg_test_errors" name="kurtosis_erros" time="0.007000000000005"/>
  </testsuite>
  <testsuite errors="0" failures="0" hostname="fv-az14" name="ds.kurtosis::arg::shutdown" skipped="0" tests="3" time="0.3" timestamp="2020-09-12T14:28:08Z">
    <testcase classname="ds.kurtosis_arg_shutdown" name="shutdown" time="0.298000000000002"/>
    <testcase classname="ds.kurtosis_arg_shutdown" name="shutdown" time="0.00100000000000477"/>
    <testcase classname="ds.kurtosis_arg_shutdown" name="shutdown" time="0.00100000000000477"/>
  </testsuite>
  <testsuite errors="0" failures="0" hostname="fv-az14" name="ds.kurtosis::arg::done" skipped="0" tests="0" time="0" timestamp="2020-09-12T14:28:09Z"/>
  <testsuite errors="0" failures="0" hostname="fv-az14" name="ds.length::arg::test errors" skipped="0" tests="5" time="8.253" timestamp="2020-09-12T14:28:14Z">
    <testcase classname="ds.length_arg_test_errors" name="length_erros" time="6.19799999999998"/>
    <testcase classname="ds.length_arg_test_errors" name="length_erros" time="0.0870000000000175"/>
    <testcase classname="ds.length_arg_test_errors" name="length_erros" time="0.00799999999998136"/>
    <testcase classname="ds.length_arg_test_errors" name="length_erros" time="0.988000000000028"/>
    <testcase classname="ds.length_arg_test_errors" name="length_erros" time="0.97199999999998"/>
  </testsuite>
  <testsuite errors="0" failures="0" hostname="fv-az14" name="ds.levels::arg" skipped="0" tests="2" time="5.525" timestamp="2020-09-12T14:28:22Z">
    <testcase classname="ds.levels_arg" name="simple_levels" time="5.21600000000001"/>
    <testcase classname="ds.levels_arg" name="simple_levels" time="0.308999999999997"/>
  </testsuite>
  <testsuite errors="0" failures="0" hostname="fv-az14" name="ds.lexis::arg::test errors" skipped="0" tests="1" time="5.22" timestamp="2020-09-12T14:28:28Z">
    <testcase classname="ds.lexis_arg_test_errors" name="lexis_erros" time="5.22"/>
  </testsuite>
  <testsuite errors="0" failures="0" hostname="fv-az14" name="ds.list::arg::test errors" skipped="0" tests="1" time="5.194" timestamp="2020-09-12T14:28:33Z">
    <testcase classname="ds.list_arg_test_errors" name="simple_ds.list_errors" time="5.19399999999999"/>
  </testsuite>
  <testsuite errors="0" failures="0" hostname="fv-az14" name="ds.lmerSLMA::arg::setup" skipped="0" tests="3" time="5.468" timestamp="2020-09-12T14:28:33Z">
    <testcase classname="ds.lmerSLMA_arg_setup" name="setup" time="5.465"/>
    <testcase classname="ds.lmerSLMA_arg_setup" name="setup" time="0.00200000000000955"/>
    <testcase classname="ds.lmerSLMA_arg_setup" name="setup" time="0.00100000000000477"/>
  </testsuite>
  <testsuite errors="0" failures="0" hostname="fv-az14" name="ds.lmerSLMA::arg" skipped="0" tests="17" time="4.792" timestamp="2020-09-12T14:28:38Z">
    <testcase classname="ds.lmerSLMA_arg" name="simple_lmerSLMA_tesing_mis_use_of_arguments" time="2.81399999999999"/>
    <testcase classname="ds.lmerSLMA_arg" name="simple_lmerSLMA_tesing_mis_use_of_arguments" time="0.00200000000000955"/>
    <testcase classname="ds.lmerSLMA_arg" name="simple_lmerSLMA_tesing_mis_use_of_arguments" time="0.00100000000000477"/>
    <testcase classname="ds.lmerSLMA_arg" name="simple_lmerSLMA_tesing_mis_use_of_arguments" time="0.00199999999998113"/>
    <testcase classname="ds.lmerSLMA_arg" name="simple_lmerSLMA_tesing_mis_use_of_arguments" time="0.00100000000000477"/>
    <testcase classname="ds.lmerSLMA_arg" name="simple_lmerSLMA_tesing_mis_use_of_arguments" time="0.882000000000005"/>
    <testcase classname="ds.lmerSLMA_arg" name="simple_lmerSLMA_tesing_mis_use_of_arguments" time="0.00199999999998113"/>
    <testcase classname="ds.lmerSLMA_arg" name="simple_lmerSLMA_tesing_mis_use_of_arguments" time="0.00200000000000955"/>
    <testcase classname="ds.lmerSLMA_arg" name="simple_lmerSLMA_tesing_mis_use_of_arguments" time="0.00100000000000477"/>
    <testcase classname="ds.lmerSLMA_arg" name="simple_lmerSLMA_tesing_mis_use_of_arguments" time="0.00100000000000477"/>
    <testcase classname="ds.lmerSLMA_arg" name="simple_lmerSLMA_tesing_mis_use_of_arguments" time="0.287999999999982"/>
    <testcase classname="ds.lmerSLMA_arg" name="simple_lmerSLMA_tesing_mis_use_of_arguments" time="0.783000000000015"/>
    <testcase classname="ds.lmerSLMA_arg" name="simple_lmerSLMA_tesing_mis_use_of_arguments" time="0.00199999999998113"/>
    <testcase classname="ds.lmerSLMA_arg" name="simple_lmerSLMA_tesing_mis_use_of_arguments" time="0.00100000000000477"/>
    <testcase classname="ds.lmerSLMA_arg" name="simple_lmerSLMA_tesing_mis_use_of_arguments" time="0.00100000000000477"/>
    <testcase classname="ds.lmerSLMA_arg" name="simple_lmerSLMA_tesing_mis_use_of_arguments" time="0.00200000000000955"/>
    <testcase classname="ds.lmerSLMA_arg" name="simple_lmerSLMA_tesing_mis_use_of_arguments" time="0.007000000000005"/>
  </testsuite>
  <testsuite errors="0" failures="0" hostname="fv-az14" name="ds.lmerSLMA::arg::shutdown" skipped="0" tests="3" time="0.302" timestamp="2020-09-12T14:28:43Z">
    <testcase classname="ds.lmerSLMA_arg_shutdown" name="shutdown" time="0.288999999999987"/>
    <testcase classname="ds.lmerSLMA_arg_shutdown" name="shutdown" time="0.00200000000000955"/>
    <testcase classname="ds.lmerSLMA_arg_shutdown" name="shutdown" time="0.0109999999999957"/>
  </testsuite>
  <testsuite errors="0" failures="0" hostname="fv-az14" name="ds.lmerSLMA::arg::done" skipped="0" tests="0" time="0" timestamp="2020-09-12T14:28:44Z"/>
  <testsuite errors="0" failures="0" hostname="fv-az14" name="ds.log::arg::test errors" skipped="0" tests="1" time="5.296" timestamp="2020-09-12T14:28:49Z">
    <testcase classname="ds.log_arg_test_errors" name="log_erros" time="5.29599999999999"/>
  </testsuite>
  <testsuite errors="0" failures="0" hostname="fv-az14" name="ds.look::arg::test errors" skipped="0" tests="2" time="5.268" timestamp="2020-09-12T14:28:54Z">
    <testcase classname="ds.look_arg_test_errors" name="look_erros" time="5.261"/>
    <testcase classname="ds.look_arg_test_errors" name="look_erros" time="0.007000000000005"/>
  </testsuite>
  <testsuite errors="0" failures="0" hostname="fv-az14" name="ds.ls::arg::setup" skipped="0" tests="3" time="5.719" timestamp="2020-09-12T14:28:55Z">
    <testcase classname="ds.ls_arg_setup" name="setup" time="5.71700000000001"/>
    <testcase classname="ds.ls_arg_setup" name="setup" time="0.00100000000000477"/>
    <testcase classname="ds.ls_arg_setup" name="setup" time="0.000999999999976353"/>
  </testsuite>
  <testsuite errors="0" failures="0" hostname="fv-az14" name="ds.ls::arg" skipped="0" tests="6" time="0.017" timestamp="2020-09-12T14:29:00Z">
    <testcase classname="ds.ls_arg" name="containing_escape_sequence" time="0.00600000000000023"/>
    <testcase classname="ds.ls_arg" name="containing_escape_sequence" time="0.00200000000000955"/>
    <testcase classname="ds.ls_arg" name="containing_escape_sequence" time="0.00200000000000955"/>
    <testcase classname="ds.ls_arg" name="containing_escape_sequence" time="0.00199999999998113"/>
    <testcase classname="ds.ls_arg" name="containing_escape_sequence" time="0.00300000000001432"/>
    <testcase classname="ds.ls_arg" name="containing_escape_sequence" time="0.00200000000000955"/>
  </testsuite>
  <testsuite errors="0" failures="0" hostname="fv-az14" name="ds.ls::arg::shutdown" skipped="0" tests="3" time="0.3" timestamp="2020-09-12T14:29:00Z">
    <testcase classname="ds.ls_arg_shutdown" name="shutdown" time="0.295999999999992"/>
    <testcase classname="ds.ls_arg_shutdown" name="shutdown" time="0.00199999999998113"/>
    <testcase classname="ds.ls_arg_shutdown" name="shutdown" time="0.00200000000000955"/>
  </testsuite>
  <testsuite errors="0" failures="0" hostname="fv-az14" name="ds.ls::arg::done" skipped="0" tests="0" time="0" timestamp="2020-09-12T14:29:01Z"/>
  <testsuite errors="0" failures="0" hostname="fv-az14" name="ds.make::arg::test errors" skipped="0" tests="1" time="5.368" timestamp="2020-09-12T14:29:05Z">
    <testcase classname="ds.make_arg_test_errors" name="make_erros" time="5.36800000000002"/>
  </testsuite>
  <testsuite errors="0" failures="0" hostname="fv-az14" name="ds.matrixDet::arg::test errors" skipped="0" tests="1" time="5.205" timestamp="2020-09-12T14:29:10Z">
    <testcase classname="ds.matrixDet_arg_test_errors" name="matrixDet_erros" time="5.20499999999998"/>
  </testsuite>
  <testsuite errors="0" failures="0" hostname="fv-az14" name="ds.matrixDet.report::arg::test errors" skipped="0" tests="1" time="5.264" timestamp="2020-09-12T14:29:16Z">
    <testcase classname="ds.matrixDet.report_arg_test_errors" name="ds.matixDet.report_erros" time="5.26400000000001"/>
  </testsuite>
  <testsuite errors="0" failures="0" hostname="fv-az14" name="ds.matrixDiag::arg::test errors" skipped="0" tests="2" time="5.343" timestamp="2020-09-12T14:29:21Z">
    <testcase classname="ds.matrixDiag_arg_test_errors" name="matrixDiag_erros" time="5.34199999999998"/>
    <testcase classname="ds.matrixDiag_arg_test_errors" name="matrixDiag_erros" time="0.000999999999976353"/>
  </testsuite>
  <testsuite errors="0" failures="0" hostname="fv-az14" name="ds.matrixDimnames::arg::test errors" skipped="0" tests="1" time="5.333" timestamp="2020-09-12T14:29:26Z">
    <testcase classname="ds.matrixDimnames_arg_test_errors" name="matrixDimnames_erros" time="5.33300000000003"/>
  </testsuite>
  <testsuite errors="0" failures="0" hostname="fv-az14" name="ds.matrixInvert::arg::test errors" skipped="0" tests="1" time="5.279" timestamp="2020-09-12T14:29:32Z">
    <testcase classname="ds.matrixInvert_arg_test_errors" name="matrixInvert_erros" time="5.279"/>
  </testsuite>
  <testsuite errors="0" failures="0" hostname="fv-az14" name="ds.matrixMult::arg::test errors" skipped="0" tests="1" time="5.253" timestamp="2020-09-12T14:29:37Z">
    <testcase classname="ds.matrixMult_arg_test_errors" name="matrixMult_erros" time="5.25299999999999"/>
  </testsuite>
  <testsuite errors="0" failures="0" hostname="fv-az14" name="ds.matrix::arg::test errors" skipped="0" tests="1" time="5.34" timestamp="2020-09-12T14:29:42Z">
    <testcase classname="ds.matrix_arg_test_errors" name="matrix_erros" time="5.34000000000003"/>
  </testsuite>
  <testsuite errors="0" failures="0" hostname="fv-az14" name="ds.matrixTranspose::arg::test errors" skipped="0" tests="1" time="5.253" timestamp="2020-09-12T14:29:48Z">
    <testcase classname="ds.matrixTranspose_arg_test_errors" name="matrixTranspose_erros" time="5.25299999999999"/>
  </testsuite>
  <testsuite errors="0" failures="0" hostname="fv-az14" name="ds.meanByClass::arg::test errors" skipped="0" tests="8" time="11.494" timestamp="2020-09-12T14:29:53Z">
    <testcase classname="ds.meanByClass_arg_test_errors" name="meanByClass_erros" time="8.28800000000001"/>
    <testcase classname="ds.meanByClass_arg_test_errors" name="meanByClass_erros" time="0.00499999999999545"/>
    <testcase classname="ds.meanByClass_arg_test_errors" name="meanByClass_erros" time="0.0029999999999859"/>
    <testcase classname="ds.meanByClass_arg_test_errors" name="meanByClass_erros" time="1.245"/>
    <testcase classname="ds.meanByClass_arg_test_errors" name="meanByClass_erros" time="0.00200000000000955"/>
    <testcase classname="ds.meanByClass_arg_test_errors" name="meanByClass_erros" time="1.94099999999997"/>
    <testcase classname="ds.meanByClass_arg_test_errors" name="meanByClass_erros" time="0.00300000000004275"/>
    <testcase classname="ds.meanByClass_arg_test_errors" name="meanByClass_erros" time="0.00699999999994816"/>
  </testsuite>
  <testsuite errors="0" failures="0" hostname="fv-az14" name="ds.mean::arg::test errors" skipped="0" tests="3" time="7.302" timestamp="2020-09-12T14:30:04Z">
    <testcase classname="ds.mean_arg_test_errors" name="mean_erros" time="6.18900000000002"/>
    <testcase classname="ds.mean_arg_test_errors" name="mean_erros" time="0.126000000000033"/>
    <testcase classname="ds.mean_arg_test_errors" name="mean_erros" time="0.986999999999966"/>
  </testsuite>
  <testsuite errors="0" failures="0" hostname="fv-az14" name="ds.meanSdGp::arg::test errors" skipped="0" tests="1" time="5.331" timestamp="2020-09-12T14:30:12Z">
    <testcase classname="ds.meanSdGp_arg_test_errors" name="meanSdGp_erros" time="5.33100000000002"/>
  </testsuite>
  <testsuite errors="0" failures="0" hostname="fv-az14" name="ds.merge::arg::test errors" skipped="0" tests="5" time="5.284" timestamp="2020-09-12T14:30:17Z">
    <testcase classname="ds.merge_arg_test_errors" name="merge_erros" time="5.18700000000001"/>
    <testcase classname="ds.merge_arg_test_errors" name="merge_erros" time="0.0739999999999554"/>
    <testcase classname="ds.merge_arg_test_errors" name="merge_erros" time="0.0080000000000382"/>
    <testcase classname="ds.merge_arg_test_errors" name="merge_erros" time="0.007000000000005"/>
    <testcase classname="ds.merge_arg_test_errors" name="merge_erros" time="0.00799999999998136"/>
  </testsuite>
  <testsuite errors="0" failures="0" hostname="fv-az14" name="ds.message::arg" skipped="0" tests="2" time="5.205" timestamp="2020-09-12T14:30:22Z">
    <testcase classname="ds.message_arg" name="request_message_for_NULL" time="5.19799999999998"/>
    <testcase classname="ds.message_arg" name="request_message_for_NULL" time="0.007000000000005"/>
  </testsuite>
  <testsuite errors="0" failures="0" hostname="fv-az14" name="ds.names::arg::test errors" skipped="0" tests="7" time="5.501" timestamp="2020-09-12T14:30:27Z">
    <testcase classname="ds.names_arg_test_errors" name="simple_ds.names_errors" time="5.20800000000003"/>
    <testcase classname="ds.names_arg_test_errors" name="simple_ds.names_errors" time="0.286000000000001"/>
    <testcase classname="ds.names_arg_test_errors" name="simple_ds.names_errors" time="0.000999999999976353"/>
    <testcase classname="ds.names_arg_test_errors" name="simple_ds.names_errors" time="0.00200000000000955"/>
    <testcase classname="ds.names_arg_test_errors" name="simple_ds.names_errors" time="0.000999999999976353"/>
    <testcase classname="ds.names_arg_test_errors" name="simple_ds.names_errors" time="0.00200000000000955"/>
    <testcase classname="ds.names_arg_test_errors" name="simple_ds.names_errors" time="0.0010000000000332"/>
  </testsuite>
  <testsuite errors="0" failures="0" hostname="fv-az14" name="ds.numNA::arg::test errors" skipped="0" tests="1" time="5.199" timestamp="2020-09-12T14:30:33Z">
    <testcase classname="ds.numNA_arg_test_errors" name="simple_ds.numNA_errors" time="5.19899999999996"/>
  </testsuite>
  <testsuite errors="0" failures="0" hostname="fv-az14" name="ds.quantileMean::arg::test errors" skipped="0" tests="3" time="9.084" timestamp="2020-09-12T14:30:38Z">
    <testcase classname="ds.quantileMean_arg_test_errors" name="quantileMean_erros" time="6.11400000000003"/>
    <testcase classname="ds.quantileMean_arg_test_errors" name="quantileMean_erros" time="1.90600000000001"/>
    <testcase classname="ds.quantileMean_arg_test_errors" name="quantileMean_erros" time="1.06399999999996"/>
  </testsuite>
  <testsuite errors="0" failures="0" hostname="fv-az14" name="ds.rbind::arg::test errors" skipped="0" tests="1" time="5.213" timestamp="2020-09-12T14:30:47Z">
    <testcase classname="ds.rbind_arg_test_errors" name="rbind_erros" time="5.21300000000002"/>
  </testsuite>
  <testsuite errors="0" failures="0" hostname="fv-az14" name="ds.rBinom::arg::test errors" skipped="0" tests="2" time="5.247" timestamp="2020-09-12T14:30:52Z">
    <testcase classname="ds.rBinom_arg_test_errors" name="rBinom_erros" time="5.24599999999998"/>
    <testcase classname="ds.rBinom_arg_test_errors" name="rBinom_erros" time="0.0010000000000332"/>
  </testsuite>
  <testsuite errors="0" failures="0" hostname="fv-az14" name="ds.recodeLevels::arg::test errors" skipped="0" tests="8" time="7.58" timestamp="2020-09-12T14:30:58Z">
    <testcase classname="ds.recodeLevels_arg_test_errors" name="recodeLevels_erros" time="5.25999999999999"/>
    <testcase classname="ds.recodeLevels_arg_test_errors" name="recodeLevels_erros" time="0.007000000000005"/>
    <testcase classname="ds.recodeLevels_arg_test_errors" name="recodeLevels_erros" time="0.0509999999999877"/>
    <testcase classname="ds.recodeLevels_arg_test_errors" name="recodeLevels_erros" time="0.007000000000005"/>
    <testcase classname="ds.recodeLevels_arg_test_errors" name="recodeLevels_erros" time="0.00200000000000955"/>
    <testcase classname="ds.recodeLevels_arg_test_errors" name="recodeLevels_erros" time="0.981999999999971"/>
    <testcase classname="ds.recodeLevels_arg_test_errors" name="recodeLevels_erros" time="0.00200000000000955"/>
    <testcase classname="ds.recodeLevels_arg_test_errors" name="recodeLevels_erros" time="1.26900000000001"/>
  </testsuite>
  <testsuite errors="0" failures="0" hostname="fv-az14" name="ds.recodeValues::arg::test errors" skipped="0" tests="6" time="5.428" timestamp="2020-09-12T14:31:05Z">
    <testcase classname="ds.recodeValues_arg_test_errors" name="recodeValues_erros" time="5.28300000000002"/>
    <testcase classname="ds.recodeValues_arg_test_errors" name="recodeValues_erros" time="0.115000000000009"/>
    <testcase classname="ds.recodeValues_arg_test_errors" name="recodeValues_erros" time="0.007000000000005"/>
    <testcase classname="ds.recodeValues_arg_test_errors" name="recodeValues_erros" time="0.00799999999998136"/>
    <testcase classname="ds.recodeValues_arg_test_errors" name="recodeValues_erros" time="0.007000000000005"/>
    <testcase classname="ds.recodeValues_arg_test_errors" name="recodeValues_erros" time="0.00799999999998136"/>
  </testsuite>
  <testsuite errors="0" failures="0" hostname="fv-az14" name="ds.replaceNA::arg::test errors" skipped="0" tests="2" time="5.268" timestamp="2020-09-12T14:31:11Z">
    <testcase classname="ds.replaceNA_arg_test_errors" name="simple_ds.replaceNA_errors" time="5.20800000000003"/>
    <testcase classname="ds.replaceNA_arg_test_errors" name="simple_ds.replaceNA_errors" time="0.0600000000000023"/>
  </testsuite>
  <testsuite errors="0" failures="0" hostname="fv-az14" name="ds.rep::arg::setup" skipped="0" tests="0" time="0" timestamp="2020-09-12T14:31:11Z"/>
  <testsuite errors="0" failures="0" hostname="fv-az14" name="ds.rep::arg::test errors" skipped="0" tests="1" time="5.179" timestamp="2020-09-12T14:31:16Z">
    <testcase classname="ds.rep_arg_test_errors" name="ds.rep_erros" time="5.17899999999997"/>
  </testsuite>
  <testsuite errors="0" failures="0" hostname="fv-az14" name="ds.rep::arg::shutdown" skipped="0" tests="0" time="0" timestamp="2020-09-12T14:31:16Z"/>
  <testsuite errors="0" failures="0" hostname="fv-az14" name="ds.rep::arg::done" skipped="0" tests="0" time="0" timestamp="2020-09-12T14:31:17Z"/>
  <testsuite errors="0" failures="0" hostname="fv-az14" name="ds.reShape::arg::test errors" skipped="0" tests="4" time="5.425" timestamp="2020-09-12T14:31:21Z">
    <testcase classname="ds.reShape_arg_test_errors" name="reShape_erros" time="5.32900000000001"/>
    <testcase classname="ds.reShape_arg_test_errors" name="reShape_erros" time="0.0799999999999841"/>
    <testcase classname="ds.reShape_arg_test_errors" name="reShape_erros" time="0.0080000000000382"/>
    <testcase classname="ds.reShape_arg_test_errors" name="reShape_erros" time="0.00799999999998136"/>
  </testsuite>
  <testsuite errors="0" failures="0" hostname="fv-az14" name="ds.rm::arg::test errors" skipped="0" tests="1" time="5.294" timestamp="2020-09-12T14:31:27Z">
    <testcase classname="ds.rm_arg_test_errors" name="ds.rm_erros" time="5.29399999999998"/>
  </testsuite>
  <testsuite errors="0" failures="0" hostname="fv-az14" name="ds.rNorm::arg::test errors" skipped="0" tests="2" time="5.255" timestamp="2020-09-12T14:31:32Z">
    <testcase classname="ds.rNorm_arg_test_errors" name="rNorm_erros" time="5.25400000000002"/>
    <testcase classname="ds.rNorm_arg_test_errors" name="rNorm_erros" time="0.000999999999976353"/>
  </testsuite>
  <testsuite errors="0" failures="0" hostname="fv-az14" name="ds.rowColCalc::arg::test errors" skipped="0" tests="3" time="13.224" timestamp="2020-09-12T14:31:37Z">
    <testcase classname="ds.rowColCalc_arg_test_errors" name="rowColCalc_errors" time="5.29599999999999"/>
    <testcase classname="ds.rowColCalc_arg_test_errors" name="rowColCalc_errors" time="3.95699999999999"/>
    <testcase classname="ds.rowColCalc_arg_test_errors" name="rowColCalc_errors" time="3.971"/>
  </testsuite>
  <testsuite errors="0" failures="0" hostname="fv-az14" name="ds.rPois::arg::test errors" skipped="0" tests="2" time="5.241" timestamp="2020-09-12T14:31:50Z">
    <testcase classname="ds.rPois_arg_test_errors" name="rPois_erros" time="5.23900000000003"/>
    <testcase classname="ds.rPois_arg_test_errors" name="rPois_erros" time="0.00200000000000955"/>
  </testsuite>
  <testsuite errors="0" failures="0" hostname="fv-az14" name="ds.rUnif::arg::test errors" skipped="0" tests="2" time="5.36" timestamp="2020-09-12T14:31:56Z">
    <testcase classname="ds.rUnif_arg_test_errors" name="rUnif_erros" time="5.35899999999998"/>
    <testcase classname="ds.rUnif_arg_test_errors" name="rUnif_erros" time="0.000999999999976353"/>
  </testsuite>
  <testsuite errors="0" failures="0" hostname="fv-az14" name="ds.sample::arg::setup" skipped="0" tests="0" time="0" timestamp="2020-09-12T14:31:56Z"/>
  <testsuite errors="0" failures="0" hostname="fv-az14" name="ds.sample::arg::test errors" skipped="0" tests="3" time="5.448" timestamp="2020-09-12T14:32:01Z">
    <testcase classname="ds.sample_arg_test_errors" name="cov_erros" time="5.34300000000002"/>
    <testcase classname="ds.sample_arg_test_errors" name="cov_erros" time="0.103000000000009"/>
    <testcase classname="ds.sample_arg_test_errors" name="cov_erros" time="0.00200000000000955"/>
  </testsuite>
  <testsuite errors="0" failures="0" hostname="fv-az14" name="ds.sample::arg::shutdown" skipped="0" tests="0" time="0" timestamp="2020-09-12T14:32:01Z"/>
  <testsuite errors="0" failures="0" hostname="fv-az14" name="ds.sample::arg::done" skipped="0" tests="0" time="0" timestamp="2020-09-12T14:32:02Z"/>
  <testsuite errors="0" failures="0" hostname="fv-az14" name="ds.seq::arg::test errors" skipped="0" tests="1" time="5.131" timestamp="2020-09-12T14:32:06Z">
    <testcase classname="ds.seq_arg_test_errors" name="seq_erros" time="5.13099999999997"/>
  </testsuite>
  <testsuite errors="0" failures="0" hostname="fv-az14" name="ds.setSeed::arg::test errors" skipped="0" tests="1" time="5.253" timestamp="2020-09-12T14:32:11Z">
    <testcase classname="ds.setSeed_arg_test_errors" name="setSeed_erros" time="5.25300000000004"/>
  </testsuite>
  <testsuite errors="0" failures="0" hostname="fv-az14" name="ds.skewness::arg::setup" skipped="0" tests="3" time="5.508" timestamp="2020-09-12T14:32:12Z">
    <testcase classname="ds.skewness_arg_setup" name="setup" time="5.505"/>
    <testcase classname="ds.skewness_arg_setup" name="setup" time="0.000999999999976353"/>
    <testcase classname="ds.skewness_arg_setup" name="setup" time="0.00200000000000955"/>
  </testsuite>
  <testsuite errors="0" failures="0" hostname="fv-az14" name="ds.skewness::arg::test errors" skipped="0" tests="4" time="0.15" timestamp="2020-09-12T14:32:17Z">
    <testcase classname="ds.skewness_arg_test_errors" name="skewness_erros" time="0.0109999999999673"/>
    <testcase classname="ds.skewness_arg_test_errors" name="skewness_erros" time="0.124000000000024"/>
    <testcase classname="ds.skewness_arg_test_errors" name="skewness_erros" time="0.007000000000005"/>
    <testcase classname="ds.skewness_arg_test_errors" name="skewness_erros" time="0.00799999999998136"/>
  </testsuite>
  <testsuite errors="0" failures="0" hostname="fv-az14" name="ds.skewness::arg::shutdown" skipped="0" tests="3" time="0.294" timestamp="2020-09-12T14:32:17Z">
    <testcase classname="ds.skewness_arg_shutdown" name="shutdown" time="0.29000000000002"/>
    <testcase classname="ds.skewness_arg_shutdown" name="shutdown" time="0.00200000000000955"/>
    <testcase classname="ds.skewness_arg_shutdown" name="shutdown" time="0.00200000000000955"/>
  </testsuite>
  <testsuite errors="0" failures="0" hostname="fv-az14" name="ds.skewness::arg::done" skipped="0" tests="0" time="0" timestamp="2020-09-12T14:32:18Z"/>
  <testsuite errors="0" failures="0" hostname="fv-az14" name="ds.subsetByClass::arg::test errors" skipped="0" tests="4" time="6.331" timestamp="2020-09-12T14:32:23Z">
    <testcase classname="ds.subsetByClass_arg_test_errors" name="subsetByClass_erros" time="5.28100000000001"/>
    <testcase classname="ds.subsetByClass_arg_test_errors" name="subsetByClass_erros" time="0.00599999999997181"/>
    <testcase classname="ds.subsetByClass_arg_test_errors" name="subsetByClass_erros" time="0.0529999999999973"/>
    <testcase classname="ds.subsetByClass_arg_test_errors" name="subsetByClass_erros" time="0.990999999999985"/>
  </testsuite>
  <testsuite errors="0" failures="0" hostname="fv-az14" name="ds.subset::arg::test errors" skipped="0" tests="2" time="5.216" timestamp="2020-09-12T14:32:29Z">
    <testcase classname="ds.subset_arg_test_errors" name="subset_erros" time="5.21000000000004"/>
    <testcase classname="ds.subset_arg_test_errors" name="subset_erros" time="0.00599999999997181"/>
  </testsuite>
  <testsuite errors="0" failures="0" hostname="fv-az14" name="ds.summary::arg::test errors" skipped="0" tests="1" time="5.314" timestamp="2020-09-12T14:32:34Z">
    <testcase classname="ds.summary_arg_test_errors" name="summary_erros" time="5.31400000000002"/>
  </testsuite>
  <testsuite errors="0" failures="0" hostname="fv-az14" name="ds.table1D::arg::test errors" skipped="0" tests="4" time="6.714" timestamp="2020-09-12T14:32:40Z">
    <testcase classname="ds.table1D_arg_test_errors" name="table1D_erros" time="5.27999999999997"/>
    <testcase classname="ds.table1D_arg_test_errors" name="table1D_erros" time="0.007000000000005"/>
    <testcase classname="ds.table1D_arg_test_errors" name="table1D_erros" time="0.103999999999985"/>
    <testcase classname="ds.table1D_arg_test_errors" name="table1D_erros" time="1.32300000000004"/>
  </testsuite>
  <testsuite errors="0" failures="0" hostname="fv-az14" name="ds.table2D::arg::test errors" skipped="0" tests="2" time="5.406" timestamp="2020-09-12T14:32:46Z">
    <testcase classname="ds.table2D_arg_test_errors" name="table2D_erros" time="5.399"/>
    <testcase classname="ds.table2D_arg_test_errors" name="table2D_erros" time="0.007000000000005"/>
  </testsuite>
  <testsuite errors="0" failures="0" hostname="fv-az14" name="ds.table::arg::test rvar has value" skipped="0" tests="1" time="5.298" timestamp="2020-09-12T14:32:52Z">
    <testcase classname="ds.table_arg_test_rvar_has_value" name="table_rvar_has_value" time="5.298"/>
  </testsuite>
  <testsuite errors="0" failures="0" hostname="fv-az14" name="ds.table::arg::test cvar has value" skipped="0" tests="1" time="1.496" timestamp="2020-09-12T14:32:52Z">
    <testcase classname="ds.table_arg_test_cvar_has_value" name="table_cvar_has_value" time="1.49599999999998"/>
  </testsuite>
  <testsuite errors="0" failures="0" hostname="fv-az14" name="ds.table::arg::test stvar has value" skipped="0" tests="1" time="0.006" timestamp="2020-09-12T14:32:53Z">
    <testcase classname="ds.table_arg_test_stvar_has_value" name="table_stvar_has_value" time="0.00600000000002865"/>
  </testsuite>
  <testsuite errors="0" failures="0" hostname="fv-az14" name="ds.table::arg::test stvar has CORRECT value" skipped="0" tests="1" time="0.006" timestamp="2020-09-12T14:32:53Z">
    <testcase classname="ds.table_arg_test_stvar_has_CORRECT_value" name="table_useNA_has_value" time="0.00599999999997181"/>
  </testsuite>
  <testsuite errors="0" failures="0" hostname="fv-az14" name="ds.table::arg::test force.nfilter has value" skipped="0" tests="1" time="0.006" timestamp="2020-09-12T14:32:53Z">
    <testcase classname="ds.table_arg_test_force.nfilter_has_value" name="table_force.nfilter_has_value" time="0.00600000000002865"/>
  </testsuite>
  <testsuite errors="0" failures="0" hostname="fv-az14" name="ds.tapply.assign::arg::test errors" skipped="0" tests="8" time="5.174" timestamp="2020-09-12T14:32:58Z">
    <testcase classname="ds.tapply.assign_arg_test_errors" name="tapply_erros" time="5.09799999999996"/>
    <testcase classname="ds.tapply.assign_arg_test_errors" name="tapply_erros" time="0.0010000000000332"/>
    <testcase classname="ds.tapply.assign_arg_test_errors" name="tapply_erros" time="0.0670000000000073"/>
    <testcase classname="ds.tapply.assign_arg_test_errors" name="tapply_erros" time="0.000999999999976353"/>
    <testcase classname="ds.tapply.assign_arg_test_errors" name="tapply_erros" time="0.00200000000000955"/>
    <testcase classname="ds.tapply.assign_arg_test_errors" name="tapply_erros" time="0.000999999999976353"/>
    <testcase classname="ds.tapply.assign_arg_test_errors" name="tapply_erros" time="0.00200000000000955"/>
    <testcase classname="ds.tapply.assign_arg_test_errors" name="tapply_erros" time="0.00200000000000955"/>
  </testsuite>
  <testsuite errors="0" failures="0" hostname="fv-az14" name="ds.tapply::arg::test errors" skipped="0" tests="8" time="5.23" timestamp="2020-09-12T14:33:04Z">
    <testcase classname="ds.tapply_arg_test_errors" name="tapply_erros" time="5.19400000000002"/>
    <testcase classname="ds.tapply_arg_test_errors" name="tapply_erros" time="0.00199999999995271"/>
    <testcase classname="ds.tapply_arg_test_errors" name="tapply_erros" time="0.0250000000000341"/>
    <testcase classname="ds.tapply_arg_test_errors" name="tapply_erros" time="0.000999999999976353"/>
    <testcase classname="ds.tapply_arg_test_errors" name="tapply_erros" time="0.00200000000000955"/>
    <testcase classname="ds.tapply_arg_test_errors" name="tapply_erros" time="0.00200000000000955"/>
    <testcase classname="ds.tapply_arg_test_errors" name="tapply_erros" time="0.00200000000000955"/>
    <testcase classname="ds.tapply_arg_test_errors" name="tapply_erros" time="0.00200000000000955"/>
  </testsuite>
  <testsuite errors="0" failures="0" hostname="fv-az14" name="ds.testObjExists::arg::test errors" skipped="0" tests="1" time="5.236" timestamp="2020-09-12T14:33:09Z">
    <testcase classname="ds.testObjExists_arg_test_errors" name="testObjExists_erros" time="5.23599999999999"/>
  </testsuite>
  <testsuite errors="0" failures="0" hostname="fv-az14" name="ds.unList::arg::test errors" skipped="0" tests="1" time="5.253" timestamp="2020-09-12T14:33:14Z">
    <testcase classname="ds.unList_arg_test_errors" name="unList_erros" time="5.25299999999999"/>
  </testsuite>
  <testsuite errors="0" failures="0" hostname="fv-az14" name="ds.var::arg::test errors" skipped="0" tests="2" time="7.156" timestamp="2020-09-12T14:33:19Z">
    <testcase classname="ds.var_arg_test_errors" name="var_erros" time="6.06"/>
    <testcase classname="ds.var_arg_test_errors" name="var_erros" time="1.096"/>
  </testsuite>
  <testsuite errors="0" failures="0" hostname="fv-az14" name="ds.vectorCalc::arg::test errors" skipped="0" tests="2" time="5.181" timestamp="2020-09-12T14:33:26Z">
    <testcase classname="ds.vectorCalc_arg_test_errors" name="ds.vectorCalc_erros" time="5.17399999999998"/>
    <testcase classname="ds.vectorCalc_arg_test_errors" name="ds.vectorCalc_erros" time="0.00700000000006185"/>
  </testsuite>
  <testsuite errors="0" failures="0" hostname="fv-az14" name="CLUSTER_INT::datachk::setup" skipped="0" tests="3" time="5.56" timestamp="2020-09-12T14:33:27Z">
    <testcase classname="CLUSTER_INT_datachk_setup" name="setup" time="5.5569999999999"/>
    <testcase classname="CLUSTER_INT_datachk_setup" name="setup" time="0.00100000000009004"/>
    <testcase classname="CLUSTER_INT_datachk_setup" name="setup" time="0.00199999999995271"/>
  </testsuite>
  <testsuite errors="0" failures="0" hostname="fv-az14" name="CLUSTER_INT::datachk" skipped="0" tests="230" time="14.035" timestamp="2020-09-12T14:33:32Z">
    <testcase classname="CLUSTER_INT_datachk" name="Check_CLUSTER_INT_dataset" time="0.619000000000028"/>
    <testcase classname="CLUSTER_INT_datachk" name="Check_CLUSTER_INT_dataset" time="0.000999999999976353"/>
    <testcase classname="CLUSTER_INT_datachk" name="Check_CLUSTER_INT_dataset" time="0.00199999999995271"/>
    <testcase classname="CLUSTER_INT_datachk" name="Check_CLUSTER_INT_dataset" time="0.00200000000006639"/>
    <testcase classname="CLUSTER_INT_datachk" name="Check_CLUSTER_INT_dataset" time="0.000999999999976353"/>
    <testcase classname="CLUSTER_INT_datachk" name="Check_CLUSTER_INT_dataset" time="0.00199999999995271"/>
    <testcase classname="CLUSTER_INT_datachk" name="Check_CLUSTER_INT_dataset" time="0.00200000000006639"/>
    <testcase classname="CLUSTER_INT_datachk" name="Check_CLUSTER_INT_dataset" time="0.283000000000015"/>
    <testcase classname="CLUSTER_INT_datachk" name="Check_CLUSTER_INT_dataset" time="0.00199999999995271"/>
    <testcase classname="CLUSTER_INT_datachk" name="Check_CLUSTER_INT_dataset" time="0.00300000000004275"/>
    <testcase classname="CLUSTER_INT_datachk" name="Check_CLUSTER_INT_dataset" time="0.000999999999976353"/>
    <testcase classname="CLUSTER_INT_datachk" name="Check_CLUSTER_INT_dataset" time="0.00300000000004275"/>
    <testcase classname="CLUSTER_INT_datachk" name="Check_CLUSTER_INT_dataset" time="0.000999999999976353"/>
    <testcase classname="CLUSTER_INT_datachk" name="Check_CLUSTER_INT_dataset" time="0.00199999999995271"/>
    <testcase classname="CLUSTER_INT_datachk" name="Check_CLUSTER_INT_dataset" time="0.00200000000006639"/>
    <testcase classname="CLUSTER_INT_datachk" name="Check_CLUSTER_INT_dataset" time="1.28300000000002"/>
    <testcase classname="CLUSTER_INT_datachk" name="Check_CLUSTER_INT_dataset" time="0.000999999999976353"/>
    <testcase classname="CLUSTER_INT_datachk" name="Check_CLUSTER_INT_dataset" time="0.00199999999995271"/>
    <testcase classname="CLUSTER_INT_datachk" name="Check_CLUSTER_INT_dataset" time="0.00200000000006639"/>
    <testcase classname="CLUSTER_INT_datachk" name="Check_CLUSTER_INT_dataset" time="0.000999999999976353"/>
    <testcase classname="CLUSTER_INT_datachk" name="Check_CLUSTER_INT_dataset" time="0.00199999999995271"/>
    <testcase classname="CLUSTER_INT_datachk" name="Check_CLUSTER_INT_dataset" time="0.00200000000006639"/>
    <testcase classname="CLUSTER_INT_datachk" name="Check_CLUSTER_INT_dataset" time="0.56899999999996"/>
    <testcase classname="CLUSTER_INT_datachk" name="Check_CLUSTER_INT_dataset" time="0.00199999999995271"/>
    <testcase classname="CLUSTER_INT_datachk" name="Check_CLUSTER_INT_dataset" time="0.00200000000006639"/>
    <testcase classname="CLUSTER_INT_datachk" name="Check_CLUSTER_INT_dataset" time="0.00199999999995271"/>
    <testcase classname="CLUSTER_INT_datachk" name="Check_CLUSTER_INT_dataset" time="0.00200000000006639"/>
    <testcase classname="CLUSTER_INT_datachk" name="Check_CLUSTER_INT_dataset" time="0.00199999999995271"/>
    <testcase classname="CLUSTER_INT_datachk" name="Check_CLUSTER_INT_dataset" time="0.00199999999995271"/>
    <testcase classname="CLUSTER_INT_datachk" name="Check_CLUSTER_INT_dataset" time="0.283000000000015"/>
    <testcase classname="CLUSTER_INT_datachk" name="Check_CLUSTER_INT_dataset" time="0.00200000000006639"/>
    <testcase classname="CLUSTER_INT_datachk" name="Check_CLUSTER_INT_dataset" time="0.00199999999995271"/>
    <testcase classname="CLUSTER_INT_datachk" name="Check_CLUSTER_INT_dataset" time="0.00200000000006639"/>
    <testcase classname="CLUSTER_INT_datachk" name="Check_CLUSTER_INT_dataset" time="0.00199999999995271"/>
    <testcase classname="CLUSTER_INT_datachk" name="Check_CLUSTER_INT_dataset" time="0.00199999999995271"/>
    <testcase classname="CLUSTER_INT_datachk" name="Check_CLUSTER_INT_dataset" time="0.00200000000006639"/>
    <testcase classname="CLUSTER_INT_datachk" name="Check_CLUSTER_INT_dataset" time="0.00199999999995271"/>
    <testcase classname="CLUSTER_INT_datachk" name="Check_CLUSTER_INT_dataset" time="0.00200000000006639"/>
    <testcase classname="CLUSTER_INT_datachk" name="Check_CLUSTER_INT_dataset" time="0.558999999999969"/>
    <testcase classname="CLUSTER_INT_datachk" name="Check_CLUSTER_INT_dataset" time="0.00300000000004275"/>
    <testcase classname="CLUSTER_INT_datachk" name="Check_CLUSTER_INT_dataset" time="0.00199999999995271"/>
    <testcase classname="CLUSTER_INT_datachk" name="Check_CLUSTER_INT_dataset" time="0.00199999999995271"/>
    <testcase classname="CLUSTER_INT_datachk" name="Check_CLUSTER_INT_dataset" time="0.00200000000006639"/>
    <testcase classname="CLUSTER_INT_datachk" name="Check_CLUSTER_INT_dataset" time="0.00299999999992906"/>
    <testcase classname="CLUSTER_INT_datachk" name="Check_CLUSTER_INT_dataset" time="0.00200000000006639"/>
    <testcase classname="CLUSTER_INT_datachk" name="Check_CLUSTER_INT_dataset" time="0.278999999999996"/>
    <testcase classname="CLUSTER_INT_datachk" name="Check_CLUSTER_INT_dataset" time="0.00199999999995271"/>
    <testcase classname="CLUSTER_INT_datachk" name="Check_CLUSTER_INT_dataset" time="0.00200000000006639"/>
    <testcase classname="CLUSTER_INT_datachk" name="Check_CLUSTER_INT_dataset" time="0.00299999999992906"/>
    <testcase classname="CLUSTER_INT_datachk" name="Check_CLUSTER_INT_dataset" time="0.00200000000006639"/>
    <testcase classname="CLUSTER_INT_datachk" name="Check_CLUSTER_INT_dataset" time="0.00199999999995271"/>
    <testcase classname="CLUSTER_INT_datachk" name="Check_CLUSTER_INT_dataset" time="0.00300000000004275"/>
    <testcase classname="CLUSTER_INT_datachk" name="Check_CLUSTER_INT_dataset" time="0.00199999999995271"/>
    <testcase classname="CLUSTER_INT_datachk" name="Check_CLUSTER_INT_dataset" time="0.00300000000004275"/>
    <testcase classname="CLUSTER_INT_datachk" name="Check_CLUSTER_INT_dataset" time="0.840000000000032"/>
    <testcase classname="CLUSTER_INT_datachk" name="Check_CLUSTER_INT_dataset" time="0.00299999999992906"/>
    <testcase classname="CLUSTER_INT_datachk" name="Check_CLUSTER_INT_dataset" time="0.00200000000006639"/>
    <testcase classname="CLUSTER_INT_datachk" name="Check_CLUSTER_INT_dataset" time="0.00199999999995271"/>
    <testcase classname="CLUSTER_INT_datachk" name="Check_CLUSTER_INT_dataset" time="0.00199999999995271"/>
    <testcase classname="CLUSTER_INT_datachk" name="Check_CLUSTER_INT_dataset" time="0.00300000000004275"/>
    <testcase classname="CLUSTER_INT_datachk" name="Check_CLUSTER_INT_dataset" time="0.00199999999995271"/>
    <testcase classname="CLUSTER_INT_datachk" name="Check_CLUSTER_INT_dataset" time="0.277000000000044"/>
    <testcase classname="CLUSTER_INT_datachk" name="Check_CLUSTER_INT_dataset" time="0.00200000000006639"/>
    <testcase classname="CLUSTER_INT_datachk" name="Check_CLUSTER_INT_dataset" time="0.00199999999995271"/>
    <testcase classname="CLUSTER_INT_datachk" name="Check_CLUSTER_INT_dataset" time="0.00300000000004275"/>
    <testcase classname="CLUSTER_INT_datachk" name="Check_CLUSTER_INT_dataset" time="0.00199999999995271"/>
    <testcase classname="CLUSTER_INT_datachk" name="Check_CLUSTER_INT_dataset" time="0.00199999999995271"/>
    <testcase classname="CLUSTER_INT_datachk" name="Check_CLUSTER_INT_dataset" time="0.00200000000006639"/>
    <testcase classname="CLUSTER_INT_datachk" name="Check_CLUSTER_INT_dataset" time="0.00299999999992906"/>
    <testcase classname="CLUSTER_INT_datachk" name="Check_CLUSTER_INT_dataset" time="0.00300000000004275"/>
    <testcase classname="CLUSTER_INT_datachk" name="Check_CLUSTER_INT_dataset" time="0.553999999999974"/>
    <testcase classname="CLUSTER_INT_datachk" name="Check_CLUSTER_INT_dataset" time="0.00300000000004275"/>
    <testcase classname="CLUSTER_INT_datachk" name="Check_CLUSTER_INT_dataset" time="0.00300000000004275"/>
    <testcase classname="CLUSTER_INT_datachk" name="Check_CLUSTER_INT_dataset" time="0.00199999999995271"/>
    <testcase classname="CLUSTER_INT_datachk" name="Check_CLUSTER_INT_dataset" time="0.00199999999995271"/>
    <testcase classname="CLUSTER_INT_datachk" name="Check_CLUSTER_INT_dataset" time="0.00300000000004275"/>
    <testcase classname="CLUSTER_INT_datachk" name="Check_CLUSTER_INT_dataset" time="0.00300000000004275"/>
    <testcase classname="CLUSTER_INT_datachk" name="Check_CLUSTER_INT_dataset" time="0.281999999999925"/>
    <testcase classname="CLUSTER_INT_datachk" name="Check_CLUSTER_INT_dataset" time="0.00300000000004275"/>
    <testcase classname="CLUSTER_INT_datachk" name="Check_CLUSTER_INT_dataset" time="0.00300000000004275"/>
    <testcase classname="CLUSTER_INT_datachk" name="Check_CLUSTER_INT_dataset" time="0.00299999999992906"/>
    <testcase classname="CLUSTER_INT_datachk" name="Check_CLUSTER_INT_dataset" time="0.00200000000006639"/>
    <testcase classname="CLUSTER_INT_datachk" name="Check_CLUSTER_INT_dataset" time="0.00299999999992906"/>
    <testcase classname="CLUSTER_INT_datachk" name="Check_CLUSTER_INT_dataset" time="0.00300000000004275"/>
    <testcase classname="CLUSTER_INT_datachk" name="Check_CLUSTER_INT_dataset" time="0.00299999999992906"/>
    <testcase classname="CLUSTER_INT_datachk" name="Check_CLUSTER_INT_dataset" time="0.00300000000004275"/>
    <testcase classname="CLUSTER_INT_datachk" name="Check_CLUSTER_INT_dataset" time="0.55600000000004"/>
    <testcase classname="CLUSTER_INT_datachk" name="Check_CLUSTER_INT_dataset" time="0.00299999999992906"/>
    <testcase classname="CLUSTER_INT_datachk" name="Check_CLUSTER_INT_dataset" time="0.00300000000004275"/>
    <testcase classname="CLUSTER_INT_datachk" name="Check_CLUSTER_INT_dataset" time="0.00300000000004275"/>
    <testcase classname="CLUSTER_INT_datachk" name="Check_CLUSTER_INT_dataset" time="0.00299999999992906"/>
    <testcase classname="CLUSTER_INT_datachk" name="Check_CLUSTER_INT_dataset" time="0.00300000000004275"/>
    <testcase classname="CLUSTER_INT_datachk" name="Check_CLUSTER_INT_dataset" time="0.00299999999992906"/>
    <testcase classname="CLUSTER_INT_datachk" name="Check_CLUSTER_INT_dataset" time="0.289000000000101"/>
    <testcase classname="CLUSTER_INT_datachk" name="Check_CLUSTER_INT_dataset" time="0.00399999999990541"/>
    <testcase classname="CLUSTER_INT_datachk" name="Check_CLUSTER_INT_dataset" time="0.00300000000004275"/>
    <testcase classname="CLUSTER_INT_datachk" name="Check_CLUSTER_INT_dataset" time="0.00300000000004275"/>
    <testcase classname="CLUSTER_INT_datachk" name="Check_CLUSTER_INT_dataset" time="0.00299999999992906"/>
    <testcase classname="CLUSTER_INT_datachk" name="Check_CLUSTER_INT_dataset" time="0.00300000000004275"/>
    <testcase classname="CLUSTER_INT_datachk" name="Check_CLUSTER_INT_dataset" time="0.00300000000004275"/>
    <testcase classname="CLUSTER_INT_datachk" name="Check_CLUSTER_INT_dataset" time="0.00299999999992906"/>
    <testcase classname="CLUSTER_INT_datachk" name="Check_CLUSTER_INT_dataset" time="0.00300000000004275"/>
    <testcase classname="CLUSTER_INT_datachk" name="Check_CLUSTER_INT_dataset" time="0.561000000000035"/>
    <testcase classname="CLUSTER_INT_datachk" name="Check_CLUSTER_INT_dataset" time="0.00399999999990541"/>
    <testcase classname="CLUSTER_INT_datachk" name="Check_CLUSTER_INT_dataset" time="0.00300000000004275"/>
    <testcase classname="CLUSTER_INT_datachk" name="Check_CLUSTER_INT_dataset" time="0.0040000000000191"/>
    <testcase classname="CLUSTER_INT_datachk" name="Check_CLUSTER_INT_dataset" time="0.00300000000004275"/>
    <testcase classname="CLUSTER_INT_datachk" name="Check_CLUSTER_INT_dataset" time="0.00399999999990541"/>
    <testcase classname="CLUSTER_INT_datachk" name="Check_CLUSTER_INT_dataset" time="0.00300000000004275"/>
    <testcase classname="CLUSTER_INT_datachk" name="Check_CLUSTER_INT_dataset" time="0.283000000000015"/>
    <testcase classname="CLUSTER_INT_datachk" name="Check_CLUSTER_INT_dataset" time="0.0040000000000191"/>
    <testcase classname="CLUSTER_INT_datachk" name="Check_CLUSTER_INT_dataset" time="0.00299999999992906"/>
    <testcase classname="CLUSTER_INT_datachk" name="Check_CLUSTER_INT_dataset" time="0.00300000000004275"/>
    <testcase classname="CLUSTER_INT_datachk" name="Check_CLUSTER_INT_dataset" time="0.0040000000000191"/>
    <testcase classname="CLUSTER_INT_datachk" name="Check_CLUSTER_INT_dataset" time="0.00299999999992906"/>
    <testcase classname="CLUSTER_INT_datachk" name="Check_CLUSTER_INT_dataset" time="0.0040000000000191"/>
    <testcase classname="CLUSTER_INT_datachk" name="Check_CLUSTER_INT_dataset" time="0.00300000000004275"/>
    <testcase classname="CLUSTER_INT_datachk" name="Check_CLUSTER_INT_dataset" time="0.0040000000000191"/>
    <testcase classname="CLUSTER_INT_datachk" name="Check_CLUSTER_INT_dataset" time="0.553999999999974"/>
    <testcase classname="CLUSTER_INT_datachk" name="Check_CLUSTER_INT_dataset" time="0.0040000000000191"/>
    <testcase classname="CLUSTER_INT_datachk" name="Check_CLUSTER_INT_dataset" time="0.0040000000000191"/>
    <testcase classname="CLUSTER_INT_datachk" name="Check_CLUSTER_INT_dataset" time="0.00399999999990541"/>
    <testcase classname="CLUSTER_INT_datachk" name="Check_CLUSTER_INT_dataset" time="0.0040000000000191"/>
    <testcase classname="CLUSTER_INT_datachk" name="Check_CLUSTER_INT_dataset" time="0.00300000000004275"/>
    <testcase classname="CLUSTER_INT_datachk" name="Check_CLUSTER_INT_dataset" time="0.0040000000000191"/>
    <testcase classname="CLUSTER_INT_datachk" name="Check_CLUSTER_INT_dataset" time="0.283000000000015"/>
    <testcase classname="CLUSTER_INT_datachk" name="Check_CLUSTER_INT_dataset" time="0.00299999999992906"/>
    <testcase classname="CLUSTER_INT_datachk" name="Check_CLUSTER_INT_dataset" time="0.00300000000004275"/>
    <testcase classname="CLUSTER_INT_datachk" name="Check_CLUSTER_INT_dataset" time="0.00299999999992906"/>
    <testcase classname="CLUSTER_INT_datachk" name="Check_CLUSTER_INT_dataset" time="0.0040000000000191"/>
    <testcase classname="CLUSTER_INT_datachk" name="Check_CLUSTER_INT_dataset" time="0.0040000000000191"/>
    <testcase classname="CLUSTER_INT_datachk" name="Check_CLUSTER_INT_dataset" time="0.00300000000004275"/>
    <testcase classname="CLUSTER_INT_datachk" name="Check_CLUSTER_INT_dataset" time="0.0040000000000191"/>
    <testcase classname="CLUSTER_INT_datachk" name="Check_CLUSTER_INT_dataset" time="0.00399999999990541"/>
    <testcase classname="CLUSTER_INT_datachk" name="Check_CLUSTER_INT_dataset" time="0.540000000000077"/>
    <testcase classname="CLUSTER_INT_datachk" name="Check_CLUSTER_INT_dataset" time="0.00299999999992906"/>
    <testcase classname="CLUSTER_INT_datachk" name="Check_CLUSTER_INT_dataset" time="0.0040000000000191"/>
    <testcase classname="CLUSTER_INT_datachk" name="Check_CLUSTER_INT_dataset" time="0.00200000000006639"/>
    <testcase classname="CLUSTER_INT_datachk" name="Check_CLUSTER_INT_dataset" time="0.00299999999992906"/>
    <testcase classname="CLUSTER_INT_datachk" name="Check_CLUSTER_INT_dataset" time="0.00300000000004275"/>
    <testcase classname="CLUSTER_INT_datachk" name="Check_CLUSTER_INT_dataset" time="0.00299999999992906"/>
    <testcase classname="CLUSTER_INT_datachk" name="Check_CLUSTER_INT_dataset" time="0.278999999999996"/>
    <testcase classname="CLUSTER_INT_datachk" name="Check_CLUSTER_INT_dataset" time="0.0040000000000191"/>
    <testcase classname="CLUSTER_INT_datachk" name="Check_CLUSTER_INT_dataset" time="0.0040000000000191"/>
    <testcase classname="CLUSTER_INT_datachk" name="Check_CLUSTER_INT_dataset" time="0.00300000000004275"/>
    <testcase classname="CLUSTER_INT_datachk" name="Check_CLUSTER_INT_dataset" time="0.0040000000000191"/>
    <testcase classname="CLUSTER_INT_datachk" name="Check_CLUSTER_INT_dataset" time="0.00399999999990541"/>
    <testcase classname="CLUSTER_INT_datachk" name="Check_CLUSTER_INT_dataset" time="0.0040000000000191"/>
    <testcase classname="CLUSTER_INT_datachk" name="Check_CLUSTER_INT_dataset" time="0.00300000000004275"/>
    <testcase classname="CLUSTER_INT_datachk" name="Check_CLUSTER_INT_dataset" time="0.00300000000004275"/>
    <testcase classname="CLUSTER_INT_datachk" name="Check_CLUSTER_INT_dataset" time="0.543000000000006"/>
    <testcase classname="CLUSTER_INT_datachk" name="Check_CLUSTER_INT_dataset" time="0.0040000000000191"/>
    <testcase classname="CLUSTER_INT_datachk" name="Check_CLUSTER_INT_dataset" time="0.00399999999990541"/>
    <testcase classname="CLUSTER_INT_datachk" name="Check_CLUSTER_INT_dataset" time="0.0040000000000191"/>
    <testcase classname="CLUSTER_INT_datachk" name="Check_CLUSTER_INT_dataset" time="0.0040000000000191"/>
    <testcase classname="CLUSTER_INT_datachk" name="Check_CLUSTER_INT_dataset" time="0.0040000000000191"/>
    <testcase classname="CLUSTER_INT_datachk" name="Check_CLUSTER_INT_dataset" time="0.0040000000000191"/>
    <testcase classname="CLUSTER_INT_datachk" name="Check_CLUSTER_INT_dataset" time="0.284999999999968"/>
    <testcase classname="CLUSTER_INT_datachk" name="Check_CLUSTER_INT_dataset" time="0.0040000000000191"/>
    <testcase classname="CLUSTER_INT_datachk" name="Check_CLUSTER_INT_dataset" time="0.0040000000000191"/>
    <testcase classname="CLUSTER_INT_datachk" name="Check_CLUSTER_INT_dataset" time="0.00399999999990541"/>
    <testcase classname="CLUSTER_INT_datachk" name="Check_CLUSTER_INT_dataset" time="0.00499999999999545"/>
    <testcase classname="CLUSTER_INT_datachk" name="Check_CLUSTER_INT_dataset" time="0.00600000000008549"/>
    <testcase classname="CLUSTER_INT_datachk" name="Check_CLUSTER_INT_dataset" time="0.0040000000000191"/>
    <testcase classname="CLUSTER_INT_datachk" name="Check_CLUSTER_INT_dataset" time="0.00499999999999545"/>
    <testcase classname="CLUSTER_INT_datachk" name="Check_CLUSTER_INT_dataset" time="0.00399999999990541"/>
    <testcase classname="CLUSTER_INT_datachk" name="Check_CLUSTER_INT_dataset" time="0.557000000000016"/>
    <testcase classname="CLUSTER_INT_datachk" name="Check_CLUSTER_INT_dataset" time="0.0040000000000191"/>
    <testcase classname="CLUSTER_INT_datachk" name="Check_CLUSTER_INT_dataset" time="0.00499999999999545"/>
    <testcase classname="CLUSTER_INT_datachk" name="Check_CLUSTER_INT_dataset" time="0.00499999999999545"/>
    <testcase classname="CLUSTER_INT_datachk" name="Check_CLUSTER_INT_dataset" time="0.0040000000000191"/>
    <testcase classname="CLUSTER_INT_datachk" name="Check_CLUSTER_INT_dataset" time="0.0040000000000191"/>
    <testcase classname="CLUSTER_INT_datachk" name="Check_CLUSTER_INT_dataset" time="0.00499999999999545"/>
    <testcase classname="CLUSTER_INT_datachk" name="Check_CLUSTER_INT_dataset" time="0.27800000000002"/>
    <testcase classname="CLUSTER_INT_datachk" name="Check_CLUSTER_INT_dataset" time="0.0040000000000191"/>
    <testcase classname="CLUSTER_INT_datachk" name="Check_CLUSTER_INT_dataset" time="0.00499999999999545"/>
    <testcase classname="CLUSTER_INT_datachk" name="Check_CLUSTER_INT_dataset" time="0.00399999999990541"/>
    <testcase classname="CLUSTER_INT_datachk" name="Check_CLUSTER_INT_dataset" time="0.00499999999999545"/>
    <testcase classname="CLUSTER_INT_datachk" name="Check_CLUSTER_INT_dataset" time="0.0040000000000191"/>
    <testcase classname="CLUSTER_INT_datachk" name="Check_CLUSTER_INT_dataset" time="0.00499999999999545"/>
    <testcase classname="CLUSTER_INT_datachk" name="Check_CLUSTER_INT_dataset" time="0.0040000000000191"/>
    <testcase classname="CLUSTER_INT_datachk" name="Check_CLUSTER_INT_dataset" time="0.0040000000000191"/>
    <testcase classname="CLUSTER_INT_datachk" name="Check_CLUSTER_INT_dataset" time="0.557999999999993"/>
    <testcase classname="CLUSTER_INT_datachk" name="Check_CLUSTER_INT_dataset" time="0.00499999999999545"/>
    <testcase classname="CLUSTER_INT_datachk" name="Check_CLUSTER_INT_dataset" time="0.0120000000000573"/>
    <testcase classname="CLUSTER_INT_datachk" name="Check_CLUSTER_INT_dataset" time="0.00499999999999545"/>
    <testcase classname="CLUSTER_INT_datachk" name="Check_CLUSTER_INT_dataset" time="0.00499999999999545"/>
    <testcase classname="CLUSTER_INT_datachk" name="Check_CLUSTER_INT_dataset" time="0.0040000000000191"/>
    <testcase classname="CLUSTER_INT_datachk" name="Check_CLUSTER_INT_dataset" time="0.00399999999990541"/>
    <testcase classname="CLUSTER_INT_datachk" name="Check_CLUSTER_INT_dataset" time="0.288000000000011"/>
    <testcase classname="CLUSTER_INT_datachk" name="Check_CLUSTER_INT_dataset" time="0.00499999999999545"/>
    <testcase classname="CLUSTER_INT_datachk" name="Check_CLUSTER_INT_dataset" time="0.00499999999999545"/>
    <testcase classname="CLUSTER_INT_datachk" name="Check_CLUSTER_INT_dataset" time="0.00499999999999545"/>
    <testcase classname="CLUSTER_INT_datachk" name="Check_CLUSTER_INT_dataset" time="0.0040000000000191"/>
    <testcase classname="CLUSTER_INT_datachk" name="Check_CLUSTER_INT_dataset" time="0.00499999999999545"/>
    <testcase classname="CLUSTER_INT_datachk" name="Check_CLUSTER_INT_dataset" time="0.00499999999999545"/>
    <testcase classname="CLUSTER_INT_datachk" name="Check_CLUSTER_INT_dataset" time="0.0040000000000191"/>
    <testcase classname="CLUSTER_INT_datachk" name="Check_CLUSTER_INT_dataset" time="0.00499999999999545"/>
    <testcase classname="CLUSTER_INT_datachk" name="Check_CLUSTER_INT_dataset" time="0.552999999999997"/>
    <testcase classname="CLUSTER_INT_datachk" name="Check_CLUSTER_INT_dataset" time="0.00499999999999545"/>
    <testcase classname="CLUSTER_INT_datachk" name="Check_CLUSTER_INT_dataset" time="0.0040000000000191"/>
    <testcase classname="CLUSTER_INT_datachk" name="Check_CLUSTER_INT_dataset" time="0.0040000000000191"/>
    <testcase classname="CLUSTER_INT_datachk" name="Check_CLUSTER_INT_dataset" time="0.00499999999999545"/>
    <testcase classname="CLUSTER_INT_datachk" name="Check_CLUSTER_INT_dataset" time="0.0040000000000191"/>
    <testcase classname="CLUSTER_INT_datachk" name="Check_CLUSTER_INT_dataset" time="0.0040000000000191"/>
    <testcase classname="CLUSTER_INT_datachk" name="Check_CLUSTER_INT_dataset" time="0.274999999999977"/>
    <testcase classname="CLUSTER_INT_datachk" name="Check_CLUSTER_INT_dataset" time="0.00499999999999545"/>
    <testcase classname="CLUSTER_INT_datachk" name="Check_CLUSTER_INT_dataset" time="0.0040000000000191"/>
    <testcase classname="CLUSTER_INT_datachk" name="Check_CLUSTER_INT_dataset" time="0.00499999999999545"/>
    <testcase classname="CLUSTER_INT_datachk" name="Check_CLUSTER_INT_dataset" time="0.00599999999997181"/>
    <testcase classname="CLUSTER_INT_datachk" name="Check_CLUSTER_INT_dataset" time="0.00499999999999545"/>
    <testcase classname="CLUSTER_INT_datachk" name="Check_CLUSTER_INT_dataset" time="0.00499999999999545"/>
    <testcase classname="CLUSTER_INT_datachk" name="Check_CLUSTER_INT_dataset" time="0.00499999999999545"/>
    <testcase classname="CLUSTER_INT_datachk" name="Check_CLUSTER_INT_dataset" time="0.00600000000008549"/>
    <testcase classname="CLUSTER_INT_datachk" name="Check_CLUSTER_INT_dataset" time="0.548999999999978"/>
    <testcase classname="CLUSTER_INT_datachk" name="Check_CLUSTER_INT_dataset" time="0.00499999999999545"/>
    <testcase classname="CLUSTER_INT_datachk" name="Check_CLUSTER_INT_dataset" time="0.00499999999999545"/>
    <testcase classname="CLUSTER_INT_datachk" name="Check_CLUSTER_INT_dataset" time="0.0040000000000191"/>
    <testcase classname="CLUSTER_INT_datachk" name="Check_CLUSTER_INT_dataset" time="0.00499999999999545"/>
    <testcase classname="CLUSTER_INT_datachk" name="Check_CLUSTER_INT_dataset" time="0.00499999999999545"/>
    <testcase classname="CLUSTER_INT_datachk" name="Check_CLUSTER_INT_dataset" time="0.0040000000000191"/>
    <testcase classname="CLUSTER_INT_datachk" name="Check_CLUSTER_INT_dataset" time="0.284999999999968"/>
    <testcase classname="CLUSTER_INT_datachk" name="Check_CLUSTER_INT_dataset" time="0.00499999999999545"/>
    <testcase classname="CLUSTER_INT_datachk" name="Check_CLUSTER_INT_dataset" time="0.00599999999997181"/>
    <testcase classname="CLUSTER_INT_datachk" name="Check_CLUSTER_INT_dataset" time="0.00600000000008549"/>
    <testcase classname="CLUSTER_INT_datachk" name="Check_CLUSTER_INT_dataset" time="0.00499999999999545"/>
    <testcase classname="CLUSTER_INT_datachk" name="Check_CLUSTER_INT_dataset" time="0.00499999999999545"/>
    <testcase classname="CLUSTER_INT_datachk" name="Check_CLUSTER_INT_dataset" time="0.00599999999997181"/>
    <testcase classname="CLUSTER_INT_datachk" name="Check_CLUSTER_INT_dataset" time="0.00499999999999545"/>
    <testcase classname="CLUSTER_INT_datachk" name="Check_CLUSTER_INT_dataset" time="0.00599999999997181"/>
  </testsuite>
  <testsuite errors="0" failures="0" hostname="fv-az14" name="CLUSTER_INT::datachk::shutdown" skipped="0" tests="3" time="0.293" timestamp="2020-09-12T14:33:46Z">
    <testcase classname="CLUSTER_INT_datachk_shutdown" name="shutdown" time="0.290000000000077"/>
    <testcase classname="CLUSTER_INT_datachk_shutdown" name="shutdown" time="0.00199999999995271"/>
    <testcase classname="CLUSTER_INT_datachk_shutdown" name="shutdown" time="0.000999999999976353"/>
  </testsuite>
  <testsuite errors="0" failures="0" hostname="fv-az14" name="CLUSTER_INT::datachk::done" skipped="0" tests="0" time="0" timestamp="2020-09-12T14:33:47Z"/>
  <testsuite errors="0" failures="0" hostname="fv-az14" name="CLUSTER_SLO::datachk::setup" skipped="0" tests="3" time="6.263" timestamp="2020-09-12T14:33:47Z">
    <testcase classname="CLUSTER_SLO_datachk_setup" name="setup" time="6.25999999999999"/>
    <testcase classname="CLUSTER_SLO_datachk_setup" name="setup" time="0.00200000000006639"/>
    <testcase classname="CLUSTER_SLO_datachk_setup" name="setup" time="0.000999999999976353"/>
  </testsuite>
  <testsuite errors="0" failures="0" hostname="fv-az14" name="CLUSTER_SLO::datachk" skipped="0" tests="230" time="13.453" timestamp="2020-09-12T14:33:53Z">
    <testcase classname="CLUSTER_SLO_datachk" name="Check_CLUSTER_SLO_dataset" time="0.567000000000007"/>
    <testcase classname="CLUSTER_SLO_datachk" name="Check_CLUSTER_SLO_dataset" time="0.00199999999995271"/>
    <testcase classname="CLUSTER_SLO_datachk" name="Check_CLUSTER_SLO_dataset" time="0.000999999999976353"/>
    <testcase classname="CLUSTER_SLO_datachk" name="Check_CLUSTER_SLO_dataset" time="0.00200000000006639"/>
    <testcase classname="CLUSTER_SLO_datachk" name="Check_CLUSTER_SLO_dataset" time="0.00199999999995271"/>
    <testcase classname="CLUSTER_SLO_datachk" name="Check_CLUSTER_SLO_dataset" time="0.000999999999976353"/>
    <testcase classname="CLUSTER_SLO_datachk" name="Check_CLUSTER_SLO_dataset" time="0.00200000000006639"/>
    <testcase classname="CLUSTER_SLO_datachk" name="Check_CLUSTER_SLO_dataset" time="0.278999999999996"/>
    <testcase classname="CLUSTER_SLO_datachk" name="Check_CLUSTER_SLO_dataset" time="0.000999999999976353"/>
    <testcase classname="CLUSTER_SLO_datachk" name="Check_CLUSTER_SLO_dataset" time="0.00200000000006639"/>
    <testcase classname="CLUSTER_SLO_datachk" name="Check_CLUSTER_SLO_dataset" time="0.00199999999995271"/>
    <testcase classname="CLUSTER_SLO_datachk" name="Check_CLUSTER_SLO_dataset" time="0.000999999999976353"/>
    <testcase classname="CLUSTER_SLO_datachk" name="Check_CLUSTER_SLO_dataset" time="0.00200000000006639"/>
    <testcase classname="CLUSTER_SLO_datachk" name="Check_CLUSTER_SLO_dataset" time="0.00199999999995271"/>
    <testcase classname="CLUSTER_SLO_datachk" name="Check_CLUSTER_SLO_dataset" time="0.000999999999976353"/>
    <testcase classname="CLUSTER_SLO_datachk" name="Check_CLUSTER_SLO_dataset" time="1.25800000000004"/>
    <testcase classname="CLUSTER_SLO_datachk" name="Check_CLUSTER_SLO_dataset" time="0.00199999999995271"/>
    <testcase classname="CLUSTER_SLO_datachk" name="Check_CLUSTER_SLO_dataset" time="0.000999999999976353"/>
    <testcase classname="CLUSTER_SLO_datachk" name="Check_CLUSTER_SLO_dataset" time="0.00100000000009004"/>
    <testcase classname="CLUSTER_SLO_datachk" name="Check_CLUSTER_SLO_dataset" time="0.000999999999976353"/>
    <testcase classname="CLUSTER_SLO_datachk" name="Check_CLUSTER_SLO_dataset" time="0.00200000000006639"/>
    <testcase classname="CLUSTER_SLO_datachk" name="Check_CLUSTER_SLO_dataset" time="0.00199999999995271"/>
    <testcase classname="CLUSTER_SLO_datachk" name="Check_CLUSTER_SLO_dataset" time="0.552000000000021"/>
    <testcase classname="CLUSTER_SLO_datachk" name="Check_CLUSTER_SLO_dataset" time="0.00199999999995271"/>
    <testcase classname="CLUSTER_SLO_datachk" name="Check_CLUSTER_SLO_dataset" time="0.00100000000009004"/>
    <testcase classname="CLUSTER_SLO_datachk" name="Check_CLUSTER_SLO_dataset" time="0.00199999999995271"/>
    <testcase classname="CLUSTER_SLO_datachk" name="Check_CLUSTER_SLO_dataset" time="0.00199999999995271"/>
    <testcase classname="CLUSTER_SLO_datachk" name="Check_CLUSTER_SLO_dataset" time="0.00200000000006639"/>
    <testcase classname="CLUSTER_SLO_datachk" name="Check_CLUSTER_SLO_dataset" time="0.00199999999995271"/>
    <testcase classname="CLUSTER_SLO_datachk" name="Check_CLUSTER_SLO_dataset" time="0.285000000000082"/>
    <testcase classname="CLUSTER_SLO_datachk" name="Check_CLUSTER_SLO_dataset" time="0.00199999999995271"/>
    <testcase classname="CLUSTER_SLO_datachk" name="Check_CLUSTER_SLO_dataset" time="0.00199999999995271"/>
    <testcase classname="CLUSTER_SLO_datachk" name="Check_CLUSTER_SLO_dataset" time="0.00200000000006639"/>
    <testcase classname="CLUSTER_SLO_datachk" name="Check_CLUSTER_SLO_dataset" time="0.00199999999995271"/>
    <testcase classname="CLUSTER_SLO_datachk" name="Check_CLUSTER_SLO_dataset" time="0.00200000000006639"/>
    <testcase classname="CLUSTER_SLO_datachk" name="Check_CLUSTER_SLO_dataset" time="0.00199999999995271"/>
    <testcase classname="CLUSTER_SLO_datachk" name="Check_CLUSTER_SLO_dataset" time="0.00199999999995271"/>
    <testcase classname="CLUSTER_SLO_datachk" name="Check_CLUSTER_SLO_dataset" time="0.00200000000006639"/>
    <testcase classname="CLUSTER_SLO_datachk" name="Check_CLUSTER_SLO_dataset" time="0.550999999999931"/>
    <testcase classname="CLUSTER_SLO_datachk" name="Check_CLUSTER_SLO_dataset" time="0.00200000000006639"/>
    <testcase classname="CLUSTER_SLO_datachk" name="Check_CLUSTER_SLO_dataset" time="0.00199999999995271"/>
    <testcase classname="CLUSTER_SLO_datachk" name="Check_CLUSTER_SLO_dataset" time="0.00300000000004275"/>
    <testcase classname="CLUSTER_SLO_datachk" name="Check_CLUSTER_SLO_dataset" time="0.00199999999995271"/>
    <testcase classname="CLUSTER_SLO_datachk" name="Check_CLUSTER_SLO_dataset" time="0.00200000000006639"/>
    <testcase classname="CLUSTER_SLO_datachk" name="Check_CLUSTER_SLO_dataset" time="0.00299999999992906"/>
    <testcase classname="CLUSTER_SLO_datachk" name="Check_CLUSTER_SLO_dataset" time="0.27800000000002"/>
    <testcase classname="CLUSTER_SLO_datachk" name="Check_CLUSTER_SLO_dataset" time="0.00300000000004275"/>
    <testcase classname="CLUSTER_SLO_datachk" name="Check_CLUSTER_SLO_dataset" time="0.00299999999992906"/>
    <testcase classname="CLUSTER_SLO_datachk" name="Check_CLUSTER_SLO_dataset" time="0.00200000000006639"/>
    <testcase classname="CLUSTER_SLO_datachk" name="Check_CLUSTER_SLO_dataset" time="0.00199999999995271"/>
    <testcase classname="CLUSTER_SLO_datachk" name="Check_CLUSTER_SLO_dataset" time="0.00200000000006639"/>
    <testcase classname="CLUSTER_SLO_datachk" name="Check_CLUSTER_SLO_dataset" time="0.00299999999992906"/>
    <testcase classname="CLUSTER_SLO_datachk" name="Check_CLUSTER_SLO_dataset" time="0.00200000000006639"/>
    <testcase classname="CLUSTER_SLO_datachk" name="Check_CLUSTER_SLO_dataset" time="0.00199999999995271"/>
    <testcase classname="CLUSTER_SLO_datachk" name="Check_CLUSTER_SLO_dataset" time="0.548999999999978"/>
    <testcase classname="CLUSTER_SLO_datachk" name="Check_CLUSTER_SLO_dataset" time="0.00200000000006639"/>
    <testcase classname="CLUSTER_SLO_datachk" name="Check_CLUSTER_SLO_dataset" time="0.00199999999995271"/>
    <testcase classname="CLUSTER_SLO_datachk" name="Check_CLUSTER_SLO_dataset" time="0.00300000000004275"/>
    <testcase classname="CLUSTER_SLO_datachk" name="Check_CLUSTER_SLO_dataset" time="0.00299999999992906"/>
    <testcase classname="CLUSTER_SLO_datachk" name="Check_CLUSTER_SLO_dataset" time="0.00199999999995271"/>
    <testcase classname="CLUSTER_SLO_datachk" name="Check_CLUSTER_SLO_dataset" time="0.00199999999995271"/>
    <testcase classname="CLUSTER_SLO_datachk" name="Check_CLUSTER_SLO_dataset" time="0.280000000000086"/>
    <testcase classname="CLUSTER_SLO_datachk" name="Check_CLUSTER_SLO_dataset" time="0.00199999999995271"/>
    <testcase classname="CLUSTER_SLO_datachk" name="Check_CLUSTER_SLO_dataset" time="0.00300000000004275"/>
    <testcase classname="CLUSTER_SLO_datachk" name="Check_CLUSTER_SLO_dataset" time="0.00199999999995271"/>
    <testcase classname="CLUSTER_SLO_datachk" name="Check_CLUSTER_SLO_dataset" time="0.00200000000006639"/>
    <testcase classname="CLUSTER_SLO_datachk" name="Check_CLUSTER_SLO_dataset" time="0.00199999999995271"/>
    <testcase classname="CLUSTER_SLO_datachk" name="Check_CLUSTER_SLO_dataset" time="0.00300000000004275"/>
    <testcase classname="CLUSTER_SLO_datachk" name="Check_CLUSTER_SLO_dataset" time="0.00299999999992906"/>
    <testcase classname="CLUSTER_SLO_datachk" name="Check_CLUSTER_SLO_dataset" time="0.00200000000006639"/>
    <testcase classname="CLUSTER_SLO_datachk" name="Check_CLUSTER_SLO_dataset" time="0.548000000000002"/>
    <testcase classname="CLUSTER_SLO_datachk" name="Check_CLUSTER_SLO_dataset" time="0.00299999999992906"/>
    <testcase classname="CLUSTER_SLO_datachk" name="Check_CLUSTER_SLO_dataset" time="0.00300000000004275"/>
    <testcase classname="CLUSTER_SLO_datachk" name="Check_CLUSTER_SLO_dataset" time="0.00199999999995271"/>
    <testcase classname="CLUSTER_SLO_datachk" name="Check_CLUSTER_SLO_dataset" time="0.00300000000004275"/>
    <testcase classname="CLUSTER_SLO_datachk" name="Check_CLUSTER_SLO_dataset" time="0.00300000000004275"/>
    <testcase classname="CLUSTER_SLO_datachk" name="Check_CLUSTER_SLO_dataset" time="0.00199999999995271"/>
    <testcase classname="CLUSTER_SLO_datachk" name="Check_CLUSTER_SLO_dataset" time="0.274000000000001"/>
    <testcase classname="CLUSTER_SLO_datachk" name="Check_CLUSTER_SLO_dataset" time="0.00300000000004275"/>
    <testcase classname="CLUSTER_SLO_datachk" name="Check_CLUSTER_SLO_dataset" time="0.00299999999992906"/>
    <testcase classname="CLUSTER_SLO_datachk" name="Check_CLUSTER_SLO_dataset" time="0.0040000000000191"/>
    <testcase classname="CLUSTER_SLO_datachk" name="Check_CLUSTER_SLO_dataset" time="0.00199999999995271"/>
    <testcase classname="CLUSTER_SLO_datachk" name="Check_CLUSTER_SLO_dataset" time="0.00300000000004275"/>
    <testcase classname="CLUSTER_SLO_datachk" name="Check_CLUSTER_SLO_dataset" time="0.00300000000004275"/>
    <testcase classname="CLUSTER_SLO_datachk" name="Check_CLUSTER_SLO_dataset" time="0.00499999999999545"/>
    <testcase classname="CLUSTER_SLO_datachk" name="Check_CLUSTER_SLO_dataset" time="0.0040000000000191"/>
    <testcase classname="CLUSTER_SLO_datachk" name="Check_CLUSTER_SLO_dataset" time="0.545999999999935"/>
    <testcase classname="CLUSTER_SLO_datachk" name="Check_CLUSTER_SLO_dataset" time="0.00200000000006639"/>
    <testcase classname="CLUSTER_SLO_datachk" name="Check_CLUSTER_SLO_dataset" time="0.00299999999992906"/>
    <testcase classname="CLUSTER_SLO_datachk" name="Check_CLUSTER_SLO_dataset" time="0.00300000000004275"/>
    <testcase classname="CLUSTER_SLO_datachk" name="Check_CLUSTER_SLO_dataset" time="0.00299999999992906"/>
    <testcase classname="CLUSTER_SLO_datachk" name="Check_CLUSTER_SLO_dataset" time="0.00200000000006639"/>
    <testcase classname="CLUSTER_SLO_datachk" name="Check_CLUSTER_SLO_dataset" time="0.0119999999999436"/>
    <testcase classname="CLUSTER_SLO_datachk" name="Check_CLUSTER_SLO_dataset" time="0.276000000000067"/>
    <testcase classname="CLUSTER_SLO_datachk" name="Check_CLUSTER_SLO_dataset" time="0.0040000000000191"/>
    <testcase classname="CLUSTER_SLO_datachk" name="Check_CLUSTER_SLO_dataset" time="0.00299999999992906"/>
    <testcase classname="CLUSTER_SLO_datachk" name="Check_CLUSTER_SLO_dataset" time="0.00300000000004275"/>
    <testcase classname="CLUSTER_SLO_datachk" name="Check_CLUSTER_SLO_dataset" time="0.00199999999995271"/>
    <testcase classname="CLUSTER_SLO_datachk" name="Check_CLUSTER_SLO_dataset" time="0.00300000000004275"/>
    <testcase classname="CLUSTER_SLO_datachk" name="Check_CLUSTER_SLO_dataset" time="0.00199999999995271"/>
    <testcase classname="CLUSTER_SLO_datachk" name="Check_CLUSTER_SLO_dataset" time="0.00300000000004275"/>
    <testcase classname="CLUSTER_SLO_datachk" name="Check_CLUSTER_SLO_dataset" time="0.00300000000004275"/>
    <testcase classname="CLUSTER_SLO_datachk" name="Check_CLUSTER_SLO_dataset" time="0.545999999999935"/>
    <testcase classname="CLUSTER_SLO_datachk" name="Check_CLUSTER_SLO_dataset" time="0.00300000000004275"/>
    <testcase classname="CLUSTER_SLO_datachk" name="Check_CLUSTER_SLO_dataset" time="0.00199999999995271"/>
    <testcase classname="CLUSTER_SLO_datachk" name="Check_CLUSTER_SLO_dataset" time="0.00300000000004275"/>
    <testcase classname="CLUSTER_SLO_datachk" name="Check_CLUSTER_SLO_dataset" time="0.00199999999995271"/>
    <testcase classname="CLUSTER_SLO_datachk" name="Check_CLUSTER_SLO_dataset" time="0.00300000000004275"/>
    <testcase classname="CLUSTER_SLO_datachk" name="Check_CLUSTER_SLO_dataset" time="0.00299999999992906"/>
    <testcase classname="CLUSTER_SLO_datachk" name="Check_CLUSTER_SLO_dataset" time="0.266000000000076"/>
    <testcase classname="CLUSTER_SLO_datachk" name="Check_CLUSTER_SLO_dataset" time="0.00299999999992906"/>
    <testcase classname="CLUSTER_SLO_datachk" name="Check_CLUSTER_SLO_dataset" time="0.00300000000004275"/>
    <testcase classname="CLUSTER_SLO_datachk" name="Check_CLUSTER_SLO_dataset" time="0.00300000000004275"/>
    <testcase classname="CLUSTER_SLO_datachk" name="Check_CLUSTER_SLO_dataset" time="0.00299999999992906"/>
    <testcase classname="CLUSTER_SLO_datachk" name="Check_CLUSTER_SLO_dataset" time="0.00300000000004275"/>
    <testcase classname="CLUSTER_SLO_datachk" name="Check_CLUSTER_SLO_dataset" time="0.0040000000000191"/>
    <testcase classname="CLUSTER_SLO_datachk" name="Check_CLUSTER_SLO_dataset" time="0.00199999999995271"/>
    <testcase classname="CLUSTER_SLO_datachk" name="Check_CLUSTER_SLO_dataset" time="0.00300000000004275"/>
    <testcase classname="CLUSTER_SLO_datachk" name="Check_CLUSTER_SLO_dataset" time="0.52800000000002"/>
    <testcase classname="CLUSTER_SLO_datachk" name="Check_CLUSTER_SLO_dataset" time="0.00299999999992906"/>
    <testcase classname="CLUSTER_SLO_datachk" name="Check_CLUSTER_SLO_dataset" time="0.00300000000004275"/>
    <testcase classname="CLUSTER_SLO_datachk" name="Check_CLUSTER_SLO_dataset" time="0.00199999999995271"/>
    <testcase classname="CLUSTER_SLO_datachk" name="Check_CLUSTER_SLO_dataset" time="0.00300000000004275"/>
    <testcase classname="CLUSTER_SLO_datachk" name="Check_CLUSTER_SLO_dataset" time="0.00299999999992906"/>
    <testcase classname="CLUSTER_SLO_datachk" name="Check_CLUSTER_SLO_dataset" time="0.00300000000004275"/>
    <testcase classname="CLUSTER_SLO_datachk" name="Check_CLUSTER_SLO_dataset" time="0.286000000000058"/>
    <testcase classname="CLUSTER_SLO_datachk" name="Check_CLUSTER_SLO_dataset" time="0.00299999999992906"/>
    <testcase classname="CLUSTER_SLO_datachk" name="Check_CLUSTER_SLO_dataset" time="0.0040000000000191"/>
    <testcase classname="CLUSTER_SLO_datachk" name="Check_CLUSTER_SLO_dataset" time="0.00199999999995271"/>
    <testcase classname="CLUSTER_SLO_datachk" name="Check_CLUSTER_SLO_dataset" time="0.0040000000000191"/>
    <testcase classname="CLUSTER_SLO_datachk" name="Check_CLUSTER_SLO_dataset" time="0.00200000000006639"/>
    <testcase classname="CLUSTER_SLO_datachk" name="Check_CLUSTER_SLO_dataset" time="0.0040000000000191"/>
    <testcase classname="CLUSTER_SLO_datachk" name="Check_CLUSTER_SLO_dataset" time="0.00199999999995271"/>
    <testcase classname="CLUSTER_SLO_datachk" name="Check_CLUSTER_SLO_dataset" time="0.00300000000004275"/>
    <testcase classname="CLUSTER_SLO_datachk" name="Check_CLUSTER_SLO_dataset" time="0.549999999999955"/>
    <testcase classname="CLUSTER_SLO_datachk" name="Check_CLUSTER_SLO_dataset" time="0.0040000000000191"/>
    <testcase classname="CLUSTER_SLO_datachk" name="Check_CLUSTER_SLO_dataset" time="0.00299999999992906"/>
    <testcase classname="CLUSTER_SLO_datachk" name="Check_CLUSTER_SLO_dataset" time="0.0040000000000191"/>
    <testcase classname="CLUSTER_SLO_datachk" name="Check_CLUSTER_SLO_dataset" time="0.0040000000000191"/>
    <testcase classname="CLUSTER_SLO_datachk" name="Check_CLUSTER_SLO_dataset" time="0.0040000000000191"/>
    <testcase classname="CLUSTER_SLO_datachk" name="Check_CLUSTER_SLO_dataset" time="0.00499999999999545"/>
    <testcase classname="CLUSTER_SLO_datachk" name="Check_CLUSTER_SLO_dataset" time="0.274999999999977"/>
    <testcase classname="CLUSTER_SLO_datachk" name="Check_CLUSTER_SLO_dataset" time="0.00300000000004275"/>
    <testcase classname="CLUSTER_SLO_datachk" name="Check_CLUSTER_SLO_dataset" time="0.0040000000000191"/>
    <testcase classname="CLUSTER_SLO_datachk" name="Check_CLUSTER_SLO_dataset" time="0.00299999999992906"/>
    <testcase classname="CLUSTER_SLO_datachk" name="Check_CLUSTER_SLO_dataset" time="0.0040000000000191"/>
    <testcase classname="CLUSTER_SLO_datachk" name="Check_CLUSTER_SLO_dataset" time="0.0040000000000191"/>
    <testcase classname="CLUSTER_SLO_datachk" name="Check_CLUSTER_SLO_dataset" time="0.0040000000000191"/>
    <testcase classname="CLUSTER_SLO_datachk" name="Check_CLUSTER_SLO_dataset" time="0.0040000000000191"/>
    <testcase classname="CLUSTER_SLO_datachk" name="Check_CLUSTER_SLO_dataset" time="0.00399999999990541"/>
    <testcase classname="CLUSTER_SLO_datachk" name="Check_CLUSTER_SLO_dataset" time="0.547000000000025"/>
    <testcase classname="CLUSTER_SLO_datachk" name="Check_CLUSTER_SLO_dataset" time="0.00499999999999545"/>
    <testcase classname="CLUSTER_SLO_datachk" name="Check_CLUSTER_SLO_dataset" time="0.01400000000001"/>
    <testcase classname="CLUSTER_SLO_datachk" name="Check_CLUSTER_SLO_dataset" time="0.00300000000004275"/>
    <testcase classname="CLUSTER_SLO_datachk" name="Check_CLUSTER_SLO_dataset" time="0.0040000000000191"/>
    <testcase classname="CLUSTER_SLO_datachk" name="Check_CLUSTER_SLO_dataset" time="0.00399999999990541"/>
    <testcase classname="CLUSTER_SLO_datachk" name="Check_CLUSTER_SLO_dataset" time="0.0040000000000191"/>
    <testcase classname="CLUSTER_SLO_datachk" name="Check_CLUSTER_SLO_dataset" time="0.274999999999977"/>
    <testcase classname="CLUSTER_SLO_datachk" name="Check_CLUSTER_SLO_dataset" time="0.00500000000010914"/>
    <testcase classname="CLUSTER_SLO_datachk" name="Check_CLUSTER_SLO_dataset" time="0.00299999999992906"/>
    <testcase classname="CLUSTER_SLO_datachk" name="Check_CLUSTER_SLO_dataset" time="0.0040000000000191"/>
    <testcase classname="CLUSTER_SLO_datachk" name="Check_CLUSTER_SLO_dataset" time="0.00300000000004275"/>
    <testcase classname="CLUSTER_SLO_datachk" name="Check_CLUSTER_SLO_dataset" time="0.00399999999990541"/>
    <testcase classname="CLUSTER_SLO_datachk" name="Check_CLUSTER_SLO_dataset" time="0.00300000000004275"/>
    <testcase classname="CLUSTER_SLO_datachk" name="Check_CLUSTER_SLO_dataset" time="0.0040000000000191"/>
    <testcase classname="CLUSTER_SLO_datachk" name="Check_CLUSTER_SLO_dataset" time="0.00299999999992906"/>
    <testcase classname="CLUSTER_SLO_datachk" name="Check_CLUSTER_SLO_dataset" time="0.547000000000025"/>
    <testcase classname="CLUSTER_SLO_datachk" name="Check_CLUSTER_SLO_dataset" time="0.00300000000004275"/>
    <testcase classname="CLUSTER_SLO_datachk" name="Check_CLUSTER_SLO_dataset" time="0.0040000000000191"/>
    <testcase classname="CLUSTER_SLO_datachk" name="Check_CLUSTER_SLO_dataset" time="0.00299999999992906"/>
    <testcase classname="CLUSTER_SLO_datachk" name="Check_CLUSTER_SLO_dataset" time="0.0040000000000191"/>
    <testcase classname="CLUSTER_SLO_datachk" name="Check_CLUSTER_SLO_dataset" time="0.00300000000004275"/>
    <testcase classname="CLUSTER_SLO_datachk" name="Check_CLUSTER_SLO_dataset" time="0.00499999999999545"/>
    <testcase classname="CLUSTER_SLO_datachk" name="Check_CLUSTER_SLO_dataset" time="0.268000000000029"/>
    <testcase classname="CLUSTER_SLO_datachk" name="Check_CLUSTER_SLO_dataset" time="0.00399999999990541"/>
    <testcase classname="CLUSTER_SLO_datachk" name="Check_CLUSTER_SLO_dataset" time="0.0040000000000191"/>
    <testcase classname="CLUSTER_SLO_datachk" name="Check_CLUSTER_SLO_dataset" time="0.0040000000000191"/>
    <testcase classname="CLUSTER_SLO_datachk" name="Check_CLUSTER_SLO_dataset" time="0.0040000000000191"/>
    <testcase classname="CLUSTER_SLO_datachk" name="Check_CLUSTER_SLO_dataset" time="0.0040000000000191"/>
    <testcase classname="CLUSTER_SLO_datachk" name="Check_CLUSTER_SLO_dataset" time="0.0040000000000191"/>
    <testcase classname="CLUSTER_SLO_datachk" name="Check_CLUSTER_SLO_dataset" time="0.00399999999990541"/>
    <testcase classname="CLUSTER_SLO_datachk" name="Check_CLUSTER_SLO_dataset" time="0.0040000000000191"/>
    <testcase classname="CLUSTER_SLO_datachk" name="Check_CLUSTER_SLO_dataset" time="0.552999999999997"/>
    <testcase classname="CLUSTER_SLO_datachk" name="Check_CLUSTER_SLO_dataset" time="0.0040000000000191"/>
    <testcase classname="CLUSTER_SLO_datachk" name="Check_CLUSTER_SLO_dataset" time="0.0040000000000191"/>
    <testcase classname="CLUSTER_SLO_datachk" name="Check_CLUSTER_SLO_dataset" time="0.0040000000000191"/>
    <testcase classname="CLUSTER_SLO_datachk" name="Check_CLUSTER_SLO_dataset" time="0.0040000000000191"/>
    <testcase classname="CLUSTER_SLO_datachk" name="Check_CLUSTER_SLO_dataset" time="0.00399999999990541"/>
    <testcase classname="CLUSTER_SLO_datachk" name="Check_CLUSTER_SLO_dataset" time="0.0040000000000191"/>
    <testcase classname="CLUSTER_SLO_datachk" name="Check_CLUSTER_SLO_dataset" time="0.277000000000044"/>
    <testcase classname="CLUSTER_SLO_datachk" name="Check_CLUSTER_SLO_dataset" time="0.0040000000000191"/>
    <testcase classname="CLUSTER_SLO_datachk" name="Check_CLUSTER_SLO_dataset" time="0.0040000000000191"/>
    <testcase classname="CLUSTER_SLO_datachk" name="Check_CLUSTER_SLO_dataset" time="0.0040000000000191"/>
    <testcase classname="CLUSTER_SLO_datachk" name="Check_CLUSTER_SLO_dataset" time="0.00399999999990541"/>
    <testcase classname="CLUSTER_SLO_datachk" name="Check_CLUSTER_SLO_dataset" time="0.00300000000004275"/>
    <testcase classname="CLUSTER_SLO_datachk" name="Check_CLUSTER_SLO_dataset" time="0.0040000000000191"/>
    <testcase classname="CLUSTER_SLO_datachk" name="Check_CLUSTER_SLO_dataset" time="0.0040000000000191"/>
    <testcase classname="CLUSTER_SLO_datachk" name="Check_CLUSTER_SLO_dataset" time="0.0040000000000191"/>
    <testcase classname="CLUSTER_SLO_datachk" name="Check_CLUSTER_SLO_dataset" time="0.55499999999995"/>
    <testcase classname="CLUSTER_SLO_datachk" name="Check_CLUSTER_SLO_dataset" time="0.00499999999999545"/>
    <testcase classname="CLUSTER_SLO_datachk" name="Check_CLUSTER_SLO_dataset" time="0.0040000000000191"/>
    <testcase classname="CLUSTER_SLO_datachk" name="Check_CLUSTER_SLO_dataset" time="0.00499999999999545"/>
    <testcase classname="CLUSTER_SLO_datachk" name="Check_CLUSTER_SLO_dataset" time="0.0040000000000191"/>
    <testcase classname="CLUSTER_SLO_datachk" name="Check_CLUSTER_SLO_dataset" time="0.0040000000000191"/>
    <testcase classname="CLUSTER_SLO_datachk" name="Check_CLUSTER_SLO_dataset" time="0.00399999999990541"/>
    <testcase classname="CLUSTER_SLO_datachk" name="Check_CLUSTER_SLO_dataset" time="0.275000000000091"/>
    <testcase classname="CLUSTER_SLO_datachk" name="Check_CLUSTER_SLO_dataset" time="0.00399999999990541"/>
    <testcase classname="CLUSTER_SLO_datachk" name="Check_CLUSTER_SLO_dataset" time="0.00499999999999545"/>
    <testcase classname="CLUSTER_SLO_datachk" name="Check_CLUSTER_SLO_dataset" time="0.0130000000000337"/>
    <testcase classname="CLUSTER_SLO_datachk" name="Check_CLUSTER_SLO_dataset" time="0.0040000000000191"/>
    <testcase classname="CLUSTER_SLO_datachk" name="Check_CLUSTER_SLO_dataset" time="0.0040000000000191"/>
    <testcase classname="CLUSTER_SLO_datachk" name="Check_CLUSTER_SLO_dataset" time="0.0040000000000191"/>
    <testcase classname="CLUSTER_SLO_datachk" name="Check_CLUSTER_SLO_dataset" time="0.00399999999990541"/>
    <testcase classname="CLUSTER_SLO_datachk" name="Check_CLUSTER_SLO_dataset" time="0.00500000000010914"/>
    <testcase classname="CLUSTER_SLO_datachk" name="Check_CLUSTER_SLO_dataset" time="0.542999999999893"/>
    <testcase classname="CLUSTER_SLO_datachk" name="Check_CLUSTER_SLO_dataset" time="0.0040000000000191"/>
    <testcase classname="CLUSTER_SLO_datachk" name="Check_CLUSTER_SLO_dataset" time="0.0040000000000191"/>
    <testcase classname="CLUSTER_SLO_datachk" name="Check_CLUSTER_SLO_dataset" time="0.0040000000000191"/>
    <testcase classname="CLUSTER_SLO_datachk" name="Check_CLUSTER_SLO_dataset" time="0.00499999999999545"/>
    <testcase classname="CLUSTER_SLO_datachk" name="Check_CLUSTER_SLO_dataset" time="0.0040000000000191"/>
    <testcase classname="CLUSTER_SLO_datachk" name="Check_CLUSTER_SLO_dataset" time="0.0040000000000191"/>
    <testcase classname="CLUSTER_SLO_datachk" name="Check_CLUSTER_SLO_dataset" time="0.269000000000005"/>
    <testcase classname="CLUSTER_SLO_datachk" name="Check_CLUSTER_SLO_dataset" time="0.0040000000000191"/>
    <testcase classname="CLUSTER_SLO_datachk" name="Check_CLUSTER_SLO_dataset" time="0.00499999999999545"/>
    <testcase classname="CLUSTER_SLO_datachk" name="Check_CLUSTER_SLO_dataset" time="0.00499999999999545"/>
    <testcase classname="CLUSTER_SLO_datachk" name="Check_CLUSTER_SLO_dataset" time="0.0040000000000191"/>
    <testcase classname="CLUSTER_SLO_datachk" name="Check_CLUSTER_SLO_dataset" time="0.00399999999990541"/>
    <testcase classname="CLUSTER_SLO_datachk" name="Check_CLUSTER_SLO_dataset" time="0.0040000000000191"/>
    <testcase classname="CLUSTER_SLO_datachk" name="Check_CLUSTER_SLO_dataset" time="0.00499999999999545"/>
    <testcase classname="CLUSTER_SLO_datachk" name="Check_CLUSTER_SLO_dataset" time="0.0040000000000191"/>
  </testsuite>
  <testsuite errors="0" failures="0" hostname="fv-az14" name="CLUSTER_SLO::datachk::shutdown" skipped="0" tests="3" time="0.28" timestamp="2020-09-12T14:34:06Z">
    <testcase classname="CLUSTER_SLO_datachk_shutdown" name="shutdown" time="0.277000000000044"/>
    <testcase classname="CLUSTER_SLO_datachk_shutdown" name="shutdown" time="0.000999999999976353"/>
    <testcase classname="CLUSTER_SLO_datachk_shutdown" name="shutdown" time="0.00199999999995271"/>
  </testsuite>
  <testsuite errors="0" failures="0" hostname="fv-az14" name="CLUSTER_SLO::datachk::done" skipped="0" tests="0" time="0" timestamp="2020-09-12T14:34:07Z"/>
  <testsuite errors="0" failures="0" hostname="fv-az14" name="CNSIM::datachk::setup" skipped="0" tests="3" time="5.505" timestamp="2020-09-12T14:34:07Z">
    <testcase classname="CNSIM_datachk_setup" name="setup" time="5.50200000000007"/>
    <testcase classname="CNSIM_datachk_setup" name="setup" time="0.000999999999976353"/>
    <testcase classname="CNSIM_datachk_setup" name="setup" time="0.00199999999995271"/>
  </testsuite>
  <testsuite errors="0" failures="0" hostname="fv-az14" name="CNSIM::datachk" skipped="0" tests="198" time="11.826" timestamp="2020-09-12T14:34:12Z">
    <testcase classname="CNSIM_datachk" name="Check_CNSIM_dataset" time="0.622000000000071"/>
    <testcase classname="CNSIM_datachk" name="Check_CNSIM_dataset" time="0.00199999999995271"/>
    <testcase classname="CNSIM_datachk" name="Check_CNSIM_dataset" time="0.000999999999976353"/>
    <testcase classname="CNSIM_datachk" name="Check_CNSIM_dataset" time="0.00200000000006639"/>
    <testcase classname="CNSIM_datachk" name="Check_CNSIM_dataset" time="0.000999999999976353"/>
    <testcase classname="CNSIM_datachk" name="Check_CNSIM_dataset" time="0.00199999999995271"/>
    <testcase classname="CNSIM_datachk" name="Check_CNSIM_dataset" time="0.00100000000009004"/>
    <testcase classname="CNSIM_datachk" name="Check_CNSIM_dataset" time="0.31899999999996"/>
    <testcase classname="CNSIM_datachk" name="Check_CNSIM_dataset" time="0.00199999999995271"/>
    <testcase classname="CNSIM_datachk" name="Check_CNSIM_dataset" time="0.00200000000006639"/>
    <testcase classname="CNSIM_datachk" name="Check_CNSIM_dataset" time="0.000999999999976353"/>
    <testcase classname="CNSIM_datachk" name="Check_CNSIM_dataset" time="0.000999999999976353"/>
    <testcase classname="CNSIM_datachk" name="Check_CNSIM_dataset" time="0.00200000000006639"/>
    <testcase classname="CNSIM_datachk" name="Check_CNSIM_dataset" time="0.000999999999976353"/>
    <testcase classname="CNSIM_datachk" name="Check_CNSIM_dataset" time="0.00199999999995271"/>
    <testcase classname="CNSIM_datachk" name="Check_CNSIM_dataset" time="1.22900000000004"/>
    <testcase classname="CNSIM_datachk" name="Check_CNSIM_dataset" time="0.000999999999976353"/>
    <testcase classname="CNSIM_datachk" name="Check_CNSIM_dataset" time="0.00200000000006639"/>
    <testcase classname="CNSIM_datachk" name="Check_CNSIM_dataset" time="0.000999999999976353"/>
    <testcase classname="CNSIM_datachk" name="Check_CNSIM_dataset" time="0.00199999999995271"/>
    <testcase classname="CNSIM_datachk" name="Check_CNSIM_dataset" time="0.00200000000006639"/>
    <testcase classname="CNSIM_datachk" name="Check_CNSIM_dataset" time="0.000999999999976353"/>
    <testcase classname="CNSIM_datachk" name="Check_CNSIM_dataset" time="0.54200000000003"/>
    <testcase classname="CNSIM_datachk" name="Check_CNSIM_dataset" time="0.00199999999995271"/>
    <testcase classname="CNSIM_datachk" name="Check_CNSIM_dataset" time="0.000999999999976353"/>
    <testcase classname="CNSIM_datachk" name="Check_CNSIM_dataset" time="0.00200000000006639"/>
    <testcase classname="CNSIM_datachk" name="Check_CNSIM_dataset" time="0.00199999999995271"/>
    <testcase classname="CNSIM_datachk" name="Check_CNSIM_dataset" time="0.000999999999976353"/>
    <testcase classname="CNSIM_datachk" name="Check_CNSIM_dataset" time="0.00200000000006639"/>
    <testcase classname="CNSIM_datachk" name="Check_CNSIM_dataset" time="0.27699999999993"/>
    <testcase classname="CNSIM_datachk" name="Check_CNSIM_dataset" time="0.00200000000006639"/>
    <testcase classname="CNSIM_datachk" name="Check_CNSIM_dataset" time="0.00199999999995271"/>
    <testcase classname="CNSIM_datachk" name="Check_CNSIM_dataset" time="0.000999999999976353"/>
    <testcase classname="CNSIM_datachk" name="Check_CNSIM_dataset" time="0.00200000000006639"/>
    <testcase classname="CNSIM_datachk" name="Check_CNSIM_dataset" time="0.00199999999995271"/>
    <testcase classname="CNSIM_datachk" name="Check_CNSIM_dataset" time="0.00200000000006639"/>
    <testcase classname="CNSIM_datachk" name="Check_CNSIM_dataset" time="0.00199999999995271"/>
    <testcase classname="CNSIM_datachk" name="Check_CNSIM_dataset" time="0.000999999999976353"/>
    <testcase classname="CNSIM_datachk" name="Check_CNSIM_dataset" time="0.561000000000035"/>
    <testcase classname="CNSIM_datachk" name="Check_CNSIM_dataset" time="0.0040000000000191"/>
    <testcase classname="CNSIM_datachk" name="Check_CNSIM_dataset" time="0.00199999999995271"/>
    <testcase classname="CNSIM_datachk" name="Check_CNSIM_dataset" time="0.00199999999995271"/>
    <testcase classname="CNSIM_datachk" name="Check_CNSIM_dataset" time="0.00300000000004275"/>
    <testcase classname="CNSIM_datachk" name="Check_CNSIM_dataset" time="0.00200000000006639"/>
    <testcase classname="CNSIM_datachk" name="Check_CNSIM_dataset" time="0.00199999999995271"/>
    <testcase classname="CNSIM_datachk" name="Check_CNSIM_dataset" time="0.284999999999968"/>
    <testcase classname="CNSIM_datachk" name="Check_CNSIM_dataset" time="0.0040000000000191"/>
    <testcase classname="CNSIM_datachk" name="Check_CNSIM_dataset" time="0.00300000000004275"/>
    <testcase classname="CNSIM_datachk" name="Check_CNSIM_dataset" time="0.00199999999995271"/>
    <testcase classname="CNSIM_datachk" name="Check_CNSIM_dataset" time="0.00200000000006639"/>
    <testcase classname="CNSIM_datachk" name="Check_CNSIM_dataset" time="0.00299999999992906"/>
    <testcase classname="CNSIM_datachk" name="Check_CNSIM_dataset" time="0.00200000000006639"/>
    <testcase classname="CNSIM_datachk" name="Check_CNSIM_dataset" time="0.00299999999992906"/>
    <testcase classname="CNSIM_datachk" name="Check_CNSIM_dataset" time="0.00200000000006639"/>
    <testcase classname="CNSIM_datachk" name="Check_CNSIM_dataset" time="0.567000000000007"/>
    <testcase classname="CNSIM_datachk" name="Check_CNSIM_dataset" time="0.00299999999992906"/>
    <testcase classname="CNSIM_datachk" name="Check_CNSIM_dataset" time="0.00300000000004275"/>
    <testcase classname="CNSIM_datachk" name="Check_CNSIM_dataset" time="0.00199999999995271"/>
    <testcase classname="CNSIM_datachk" name="Check_CNSIM_dataset" time="0.00300000000004275"/>
    <testcase classname="CNSIM_datachk" name="Check_CNSIM_dataset" time="0.00199999999995271"/>
    <testcase classname="CNSIM_datachk" name="Check_CNSIM_dataset" time="0.00300000000004275"/>
    <testcase classname="CNSIM_datachk" name="Check_CNSIM_dataset" time="0.288999999999987"/>
    <testcase classname="CNSIM_datachk" name="Check_CNSIM_dataset" time="0.00199999999995271"/>
    <testcase classname="CNSIM_datachk" name="Check_CNSIM_dataset" time="0.00300000000004275"/>
    <testcase classname="CNSIM_datachk" name="Check_CNSIM_dataset" time="0.00199999999995271"/>
    <testcase classname="CNSIM_datachk" name="Check_CNSIM_dataset" time="0.00300000000004275"/>
    <testcase classname="CNSIM_datachk" name="Check_CNSIM_dataset" time="0.00300000000004275"/>
    <testcase classname="CNSIM_datachk" name="Check_CNSIM_dataset" time="0.00199999999995271"/>
    <testcase classname="CNSIM_datachk" name="Check_CNSIM_dataset" time="0.00300000000004275"/>
    <testcase classname="CNSIM_datachk" name="Check_CNSIM_dataset" time="0.00299999999992906"/>
    <testcase classname="CNSIM_datachk" name="Check_CNSIM_dataset" time="0.561000000000035"/>
    <testcase classname="CNSIM_datachk" name="Check_CNSIM_dataset" time="0.00199999999995271"/>
    <testcase classname="CNSIM_datachk" name="Check_CNSIM_dataset" time="0.00300000000004275"/>
    <testcase classname="CNSIM_datachk" name="Check_CNSIM_dataset" time="0.00199999999995271"/>
    <testcase classname="CNSIM_datachk" name="Check_CNSIM_dataset" time="0.00200000000006639"/>
    <testcase classname="CNSIM_datachk" name="Check_CNSIM_dataset" time="0.00300000000004275"/>
    <testcase classname="CNSIM_datachk" name="Check_CNSIM_dataset" time="0.00199999999995271"/>
    <testcase classname="CNSIM_datachk" name="Check_CNSIM_dataset" time="0.274000000000001"/>
    <testcase classname="CNSIM_datachk" name="Check_CNSIM_dataset" time="0.0040000000000191"/>
    <testcase classname="CNSIM_datachk" name="Check_CNSIM_dataset" time="0.00299999999992906"/>
    <testcase classname="CNSIM_datachk" name="Check_CNSIM_dataset" time="0.0040000000000191"/>
    <testcase classname="CNSIM_datachk" name="Check_CNSIM_dataset" time="0.00200000000006639"/>
    <testcase classname="CNSIM_datachk" name="Check_CNSIM_dataset" time="0.00299999999992906"/>
    <testcase classname="CNSIM_datachk" name="Check_CNSIM_dataset" time="0.0040000000000191"/>
    <testcase classname="CNSIM_datachk" name="Check_CNSIM_dataset" time="0.00199999999995271"/>
    <testcase classname="CNSIM_datachk" name="Check_CNSIM_dataset" time="0.00300000000004275"/>
    <testcase classname="CNSIM_datachk" name="Check_CNSIM_dataset" time="0.548000000000002"/>
    <testcase classname="CNSIM_datachk" name="Check_CNSIM_dataset" time="0.00300000000004275"/>
    <testcase classname="CNSIM_datachk" name="Check_CNSIM_dataset" time="0.00199999999995271"/>
    <testcase classname="CNSIM_datachk" name="Check_CNSIM_dataset" time="0.00300000000004275"/>
    <testcase classname="CNSIM_datachk" name="Check_CNSIM_dataset" time="0.00299999999992906"/>
    <testcase classname="CNSIM_datachk" name="Check_CNSIM_dataset" time="0.00200000000006639"/>
    <testcase classname="CNSIM_datachk" name="Check_CNSIM_dataset" time="0.00299999999992906"/>
    <testcase classname="CNSIM_datachk" name="Check_CNSIM_dataset" time="0.276000000000067"/>
    <testcase classname="CNSIM_datachk" name="Check_CNSIM_dataset" time="0.0040000000000191"/>
    <testcase classname="CNSIM_datachk" name="Check_CNSIM_dataset" time="0.0119999999999436"/>
    <testcase classname="CNSIM_datachk" name="Check_CNSIM_dataset" time="0.00300000000004275"/>
    <testcase classname="CNSIM_datachk" name="Check_CNSIM_dataset" time="0.00299999999992906"/>
    <testcase classname="CNSIM_datachk" name="Check_CNSIM_dataset" time="0.00200000000006639"/>
    <testcase classname="CNSIM_datachk" name="Check_CNSIM_dataset" time="0.0040000000000191"/>
    <testcase classname="CNSIM_datachk" name="Check_CNSIM_dataset" time="0.00199999999995271"/>
    <testcase classname="CNSIM_datachk" name="Check_CNSIM_dataset" time="0.00300000000004275"/>
    <testcase classname="CNSIM_datachk" name="Check_CNSIM_dataset" time="0.550999999999931"/>
    <testcase classname="CNSIM_datachk" name="Check_CNSIM_dataset" time="0.00300000000004275"/>
    <testcase classname="CNSIM_datachk" name="Check_CNSIM_dataset" time="0.00199999999995271"/>
    <testcase classname="CNSIM_datachk" name="Check_CNSIM_dataset" time="0.00300000000004275"/>
    <testcase classname="CNSIM_datachk" name="Check_CNSIM_dataset" time="0.00300000000004275"/>
    <testcase classname="CNSIM_datachk" name="Check_CNSIM_dataset" time="0.00299999999992906"/>
    <testcase classname="CNSIM_datachk" name="Check_CNSIM_dataset" time="0.00200000000006639"/>
    <testcase classname="CNSIM_datachk" name="Check_CNSIM_dataset" time="0.274000000000001"/>
    <testcase classname="CNSIM_datachk" name="Check_CNSIM_dataset" time="0.00299999999992906"/>
    <testcase classname="CNSIM_datachk" name="Check_CNSIM_dataset" time="0.00300000000004275"/>
    <testcase classname="CNSIM_datachk" name="Check_CNSIM_dataset" time="0.00300000000004275"/>
    <testcase classname="CNSIM_datachk" name="Check_CNSIM_dataset" time="0.00299999999992906"/>
    <testcase classname="CNSIM_datachk" name="Check_CNSIM_dataset" time="0.00300000000004275"/>
    <testcase classname="CNSIM_datachk" name="Check_CNSIM_dataset" time="0.0040000000000191"/>
    <testcase classname="CNSIM_datachk" name="Check_CNSIM_dataset" time="0.00299999999992906"/>
    <testcase classname="CNSIM_datachk" name="Check_CNSIM_dataset" time="0.00300000000004275"/>
    <testcase classname="CNSIM_datachk" name="Check_CNSIM_dataset" time="0.544999999999959"/>
    <testcase classname="CNSIM_datachk" name="Check_CNSIM_dataset" time="0.00300000000004275"/>
    <testcase classname="CNSIM_datachk" name="Check_CNSIM_dataset" time="0.0040000000000191"/>
    <testcase classname="CNSIM_datachk" name="Check_CNSIM_dataset" time="0.00399999999990541"/>
    <testcase classname="CNSIM_datachk" name="Check_CNSIM_dataset" time="0.00300000000004275"/>
    <testcase classname="CNSIM_datachk" name="Check_CNSIM_dataset" time="0.0040000000000191"/>
    <testcase classname="CNSIM_datachk" name="Check_CNSIM_dataset" time="0.00300000000004275"/>
    <testcase classname="CNSIM_datachk" name="Check_CNSIM_dataset" time="0.274999999999977"/>
    <testcase classname="CNSIM_datachk" name="Check_CNSIM_dataset" time="0.00299999999992906"/>
    <testcase classname="CNSIM_datachk" name="Check_CNSIM_dataset" time="0.0040000000000191"/>
    <testcase classname="CNSIM_datachk" name="Check_CNSIM_dataset" time="0.00300000000004275"/>
    <testcase classname="CNSIM_datachk" name="Check_CNSIM_dataset" time="0.00999999999999091"/>
    <testcase classname="CNSIM_datachk" name="Check_CNSIM_dataset" time="0.00300000000004275"/>
    <testcase classname="CNSIM_datachk" name="Check_CNSIM_dataset" time="0.00399999999990541"/>
    <testcase classname="CNSIM_datachk" name="Check_CNSIM_dataset" time="0.00300000000004275"/>
    <testcase classname="CNSIM_datachk" name="Check_CNSIM_dataset" time="0.00300000000004275"/>
    <testcase classname="CNSIM_datachk" name="Check_CNSIM_dataset" time="0.543000000000006"/>
    <testcase classname="CNSIM_datachk" name="Check_CNSIM_dataset" time="0.00399999999990541"/>
    <testcase classname="CNSIM_datachk" name="Check_CNSIM_dataset" time="0.00300000000004275"/>
    <testcase classname="CNSIM_datachk" name="Check_CNSIM_dataset" time="0.0040000000000191"/>
    <testcase classname="CNSIM_datachk" name="Check_CNSIM_dataset" time="0.00299999999992906"/>
    <testcase classname="CNSIM_datachk" name="Check_CNSIM_dataset" time="0.0040000000000191"/>
    <testcase classname="CNSIM_datachk" name="Check_CNSIM_dataset" time="0.00300000000004275"/>
    <testcase classname="CNSIM_datachk" name="Check_CNSIM_dataset" time="0.274000000000001"/>
    <testcase classname="CNSIM_datachk" name="Check_CNSIM_dataset" time="0.00300000000004275"/>
    <testcase classname="CNSIM_datachk" name="Check_CNSIM_dataset" time="0.0040000000000191"/>
    <testcase classname="CNSIM_datachk" name="Check_CNSIM_dataset" time="0.00499999999999545"/>
    <testcase classname="CNSIM_datachk" name="Check_CNSIM_dataset" time="0.00399999999990541"/>
    <testcase classname="CNSIM_datachk" name="Check_CNSIM_dataset" time="0.00300000000004275"/>
    <testcase classname="CNSIM_datachk" name="Check_CNSIM_dataset" time="0.00300000000004275"/>
    <testcase classname="CNSIM_datachk" name="Check_CNSIM_dataset" time="0.0040000000000191"/>
    <testcase classname="CNSIM_datachk" name="Check_CNSIM_dataset" time="0.00499999999999545"/>
    <testcase classname="CNSIM_datachk" name="Check_CNSIM_dataset" time="0.541999999999916"/>
    <testcase classname="CNSIM_datachk" name="Check_CNSIM_dataset" time="0.0040000000000191"/>
    <testcase classname="CNSIM_datachk" name="Check_CNSIM_dataset" time="0.0040000000000191"/>
    <testcase classname="CNSIM_datachk" name="Check_CNSIM_dataset" time="0.00300000000004275"/>
    <testcase classname="CNSIM_datachk" name="Check_CNSIM_dataset" time="0.00299999999992906"/>
    <testcase classname="CNSIM_datachk" name="Check_CNSIM_dataset" time="0.00499999999999545"/>
    <testcase classname="CNSIM_datachk" name="Check_CNSIM_dataset" time="0.00300000000004275"/>
    <testcase classname="CNSIM_datachk" name="Check_CNSIM_dataset" time="0.282000000000039"/>
    <testcase classname="CNSIM_datachk" name="Check_CNSIM_dataset" time="0.00299999999992906"/>
    <testcase classname="CNSIM_datachk" name="Check_CNSIM_dataset" time="0.0040000000000191"/>
    <testcase classname="CNSIM_datachk" name="Check_CNSIM_dataset" time="0.0040000000000191"/>
    <testcase classname="CNSIM_datachk" name="Check_CNSIM_dataset" time="0.00299999999992906"/>
    <testcase classname="CNSIM_datachk" name="Check_CNSIM_dataset" time="0.00300000000004275"/>
    <testcase classname="CNSIM_datachk" name="Check_CNSIM_dataset" time="0.0040000000000191"/>
    <testcase classname="CNSIM_datachk" name="Check_CNSIM_dataset" time="0.0040000000000191"/>
    <testcase classname="CNSIM_datachk" name="Check_CNSIM_dataset" time="0.00299999999992906"/>
    <testcase classname="CNSIM_datachk" name="Check_CNSIM_dataset" time="0.540000000000077"/>
    <testcase classname="CNSIM_datachk" name="Check_CNSIM_dataset" time="0.0040000000000191"/>
    <testcase classname="CNSIM_datachk" name="Check_CNSIM_dataset" time="0.00299999999992906"/>
    <testcase classname="CNSIM_datachk" name="Check_CNSIM_dataset" time="0.0040000000000191"/>
    <testcase classname="CNSIM_datachk" name="Check_CNSIM_dataset" time="0.00300000000004275"/>
    <testcase classname="CNSIM_datachk" name="Check_CNSIM_dataset" time="0.00399999999990541"/>
    <testcase classname="CNSIM_datachk" name="Check_CNSIM_dataset" time="0.00300000000004275"/>
    <testcase classname="CNSIM_datachk" name="Check_CNSIM_dataset" time="0.274999999999977"/>
    <testcase classname="CNSIM_datachk" name="Check_CNSIM_dataset" time="0.00499999999999545"/>
    <testcase classname="CNSIM_datachk" name="Check_CNSIM_dataset" time="0.0040000000000191"/>
    <testcase classname="CNSIM_datachk" name="Check_CNSIM_dataset" time="0.00300000000004275"/>
    <testcase classname="CNSIM_datachk" name="Check_CNSIM_dataset" time="0.0040000000000191"/>
    <testcase classname="CNSIM_datachk" name="Check_CNSIM_dataset" time="0.00399999999990541"/>
    <testcase classname="CNSIM_datachk" name="Check_CNSIM_dataset" time="0.00399999999990541"/>
    <testcase classname="CNSIM_datachk" name="Check_CNSIM_dataset" time="0.0040000000000191"/>
    <testcase classname="CNSIM_datachk" name="Check_CNSIM_dataset" time="0.00300000000004275"/>
    <testcase classname="CNSIM_datachk" name="Check_CNSIM_dataset" time="0.552000000000021"/>
    <testcase classname="CNSIM_datachk" name="Check_CNSIM_dataset" time="0.0040000000000191"/>
    <testcase classname="CNSIM_datachk" name="Check_CNSIM_dataset" time="0.00399999999990541"/>
    <testcase classname="CNSIM_datachk" name="Check_CNSIM_dataset" time="0.0040000000000191"/>
    <testcase classname="CNSIM_datachk" name="Check_CNSIM_dataset" time="0.00499999999999545"/>
    <testcase classname="CNSIM_datachk" name="Check_CNSIM_dataset" time="0.0110000000000809"/>
    <testcase classname="CNSIM_datachk" name="Check_CNSIM_dataset" time="0.00399999999990541"/>
    <testcase classname="CNSIM_datachk" name="Check_CNSIM_dataset" time="0.29200000000003"/>
    <testcase classname="CNSIM_datachk" name="Check_CNSIM_dataset" time="0.00599999999997181"/>
    <testcase classname="CNSIM_datachk" name="Check_CNSIM_dataset" time="0.0040000000000191"/>
    <testcase classname="CNSIM_datachk" name="Check_CNSIM_dataset" time="0.00499999999999545"/>
    <testcase classname="CNSIM_datachk" name="Check_CNSIM_dataset" time="0.0040000000000191"/>
    <testcase classname="CNSIM_datachk" name="Check_CNSIM_dataset" time="0.00499999999999545"/>
    <testcase classname="CNSIM_datachk" name="Check_CNSIM_dataset" time="0.0040000000000191"/>
    <testcase classname="CNSIM_datachk" name="Check_CNSIM_dataset" time="0.0040000000000191"/>
    <testcase classname="CNSIM_datachk" name="Check_CNSIM_dataset" time="0.0040000000000191"/>
  </testsuite>
  <testsuite errors="0" failures="0" hostname="fv-az14" name="CNSIM::datachk::shutdown" skipped="0" tests="3" time="0.286" timestamp="2020-09-12T14:34:24Z">
    <testcase classname="CNSIM_datachk_shutdown" name="shutdown" time="0.282999999999902"/>
    <testcase classname="CNSIM_datachk_shutdown" name="shutdown" time="0.00200000000006639"/>
    <testcase classname="CNSIM_datachk_shutdown" name="shutdown" time="0.000999999999976353"/>
  </testsuite>
  <testsuite errors="0" failures="0" hostname="fv-az14" name="CNSIM::datachk::done" skipped="0" tests="0" time="0" timestamp="2020-09-12T14:34:25Z"/>
  <testsuite errors="0" failures="0" hostname="fv-az14" name="DASIM::datachk::setup" skipped="0" tests="3" time="5.962" timestamp="2020-09-12T14:34:25Z">
    <testcase classname="DASIM_datachk_setup" name="setup" time="5.95900000000006"/>
    <testcase classname="DASIM_datachk_setup" name="setup" time="0.00199999999995271"/>
    <testcase classname="DASIM_datachk_setup" name="setup" time="0.000999999999976353"/>
  </testsuite>
  <testsuite errors="0" failures="0" hostname="fv-az14" name="DASIM::datachk" skipped="0" tests="182" time="10.678" timestamp="2020-09-12T14:34:30Z">
    <testcase classname="DASIM_datachk" name="Check_DASIM_dataset" time="0.545000000000073"/>
    <testcase classname="DASIM_datachk" name="Check_DASIM_dataset" time="0.00199999999995271"/>
    <testcase classname="DASIM_datachk" name="Check_DASIM_dataset" time="0.000999999999976353"/>
    <testcase classname="DASIM_datachk" name="Check_DASIM_dataset" time="0.00200000000006639"/>
    <testcase classname="DASIM_datachk" name="Check_DASIM_dataset" time="0.00199999999995271"/>
    <testcase classname="DASIM_datachk" name="Check_DASIM_dataset" time="0.000999999999976353"/>
    <testcase classname="DASIM_datachk" name="Check_DASIM_dataset" time="0.00200000000006639"/>
    <testcase classname="DASIM_datachk" name="Check_DASIM_dataset" time="0.27699999999993"/>
    <testcase classname="DASIM_datachk" name="Check_DASIM_dataset" time="0.00200000000006639"/>
    <testcase classname="DASIM_datachk" name="Check_DASIM_dataset" time="0.00199999999995271"/>
    <testcase classname="DASIM_datachk" name="Check_DASIM_dataset" time="0.000999999999976353"/>
    <testcase classname="DASIM_datachk" name="Check_DASIM_dataset" time="0.00200000000006639"/>
    <testcase classname="DASIM_datachk" name="Check_DASIM_dataset" time="0.000999999999976353"/>
    <testcase classname="DASIM_datachk" name="Check_DASIM_dataset" time="0.00199999999995271"/>
    <testcase classname="DASIM_datachk" name="Check_DASIM_dataset" time="0.00200000000006639"/>
    <testcase classname="DASIM_datachk" name="Check_DASIM_dataset" time="1.226"/>
    <testcase classname="DASIM_datachk" name="Check_DASIM_dataset" time="0.00199999999995271"/>
    <testcase classname="DASIM_datachk" name="Check_DASIM_dataset" time="0.00200000000006639"/>
    <testcase classname="DASIM_datachk" name="Check_DASIM_dataset" time="0.000999999999976353"/>
    <testcase classname="DASIM_datachk" name="Check_DASIM_dataset" time="0.00999999999999091"/>
    <testcase classname="DASIM_datachk" name="Check_DASIM_dataset" time="0.00199999999995271"/>
    <testcase classname="DASIM_datachk" name="Check_DASIM_dataset" time="0.00100000000009004"/>
    <testcase classname="DASIM_datachk" name="Check_DASIM_dataset" time="0.541999999999916"/>
    <testcase classname="DASIM_datachk" name="Check_DASIM_dataset" time="0.00200000000006639"/>
    <testcase classname="DASIM_datachk" name="Check_DASIM_dataset" time="0.00199999999995271"/>
    <testcase classname="DASIM_datachk" name="Check_DASIM_dataset" time="0.000999999999976353"/>
    <testcase classname="DASIM_datachk" name="Check_DASIM_dataset" time="0.00200000000006639"/>
    <testcase classname="DASIM_datachk" name="Check_DASIM_dataset" time="0.00199999999995271"/>
    <testcase classname="DASIM_datachk" name="Check_DASIM_dataset" time="0.00200000000006639"/>
    <testcase classname="DASIM_datachk" name="Check_DASIM_dataset" time="0.275999999999954"/>
    <testcase classname="DASIM_datachk" name="Check_DASIM_dataset" time="0.00199999999995271"/>
    <testcase classname="DASIM_datachk" name="Check_DASIM_dataset" time="0.00200000000006639"/>
    <testcase classname="DASIM_datachk" name="Check_DASIM_dataset" time="0.00199999999995271"/>
    <testcase classname="DASIM_datachk" name="Check_DASIM_dataset" time="0.00200000000006639"/>
    <testcase classname="DASIM_datachk" name="Check_DASIM_dataset" time="0.000999999999976353"/>
    <testcase classname="DASIM_datachk" name="Check_DASIM_dataset" time="0.00199999999995271"/>
    <testcase classname="DASIM_datachk" name="Check_DASIM_dataset" time="0.00200000000006639"/>
    <testcase classname="DASIM_datachk" name="Check_DASIM_dataset" time="0.00199999999995271"/>
    <testcase classname="DASIM_datachk" name="Check_DASIM_dataset" time="0.533999999999992"/>
    <testcase classname="DASIM_datachk" name="Check_DASIM_dataset" time="0.00200000000006639"/>
    <testcase classname="DASIM_datachk" name="Check_DASIM_dataset" time="0.00199999999995271"/>
    <testcase classname="DASIM_datachk" name="Check_DASIM_dataset" time="0.000999999999976353"/>
    <testcase classname="DASIM_datachk" name="Check_DASIM_dataset" time="0.00200000000006639"/>
    <testcase classname="DASIM_datachk" name="Check_DASIM_dataset" time="0.00199999999995271"/>
    <testcase classname="DASIM_datachk" name="Check_DASIM_dataset" time="0.00199999999995271"/>
    <testcase classname="DASIM_datachk" name="Check_DASIM_dataset" time="0.272000000000048"/>
    <testcase classname="DASIM_datachk" name="Check_DASIM_dataset" time="0.00199999999995271"/>
    <testcase classname="DASIM_datachk" name="Check_DASIM_dataset" time="0.00200000000006639"/>
    <testcase classname="DASIM_datachk" name="Check_DASIM_dataset" time="0.00199999999995271"/>
    <testcase classname="DASIM_datachk" name="Check_DASIM_dataset" time="0.00200000000006639"/>
    <testcase classname="DASIM_datachk" name="Check_DASIM_dataset" time="0.00199999999995271"/>
    <testcase classname="DASIM_datachk" name="Check_DASIM_dataset" time="0.00199999999995271"/>
    <testcase classname="DASIM_datachk" name="Check_DASIM_dataset" time="0.00100000000009004"/>
    <testcase classname="DASIM_datachk" name="Check_DASIM_dataset" time="0.00299999999992906"/>
    <testcase classname="DASIM_datachk" name="Check_DASIM_dataset" time="0.536000000000058"/>
    <testcase classname="DASIM_datachk" name="Check_DASIM_dataset" time="0.00999999999999091"/>
    <testcase classname="DASIM_datachk" name="Check_DASIM_dataset" time="0.00199999999995271"/>
    <testcase classname="DASIM_datachk" name="Check_DASIM_dataset" time="0.00200000000006639"/>
    <testcase classname="DASIM_datachk" name="Check_DASIM_dataset" time="0.00199999999995271"/>
    <testcase classname="DASIM_datachk" name="Check_DASIM_dataset" time="0.00200000000006639"/>
    <testcase classname="DASIM_datachk" name="Check_DASIM_dataset" time="0.00199999999995271"/>
    <testcase classname="DASIM_datachk" name="Check_DASIM_dataset" time="0.264999999999986"/>
    <testcase classname="DASIM_datachk" name="Check_DASIM_dataset" time="0.00200000000006639"/>
    <testcase classname="DASIM_datachk" name="Check_DASIM_dataset" time="0.00199999999995271"/>
    <testcase classname="DASIM_datachk" name="Check_DASIM_dataset" time="0.00199999999995271"/>
    <testcase classname="DASIM_datachk" name="Check_DASIM_dataset" time="0.00200000000006639"/>
    <testcase classname="DASIM_datachk" name="Check_DASIM_dataset" time="0.00199999999995271"/>
    <testcase classname="DASIM_datachk" name="Check_DASIM_dataset" time="0.00200000000006639"/>
    <testcase classname="DASIM_datachk" name="Check_DASIM_dataset" time="0.00199999999995271"/>
    <testcase classname="DASIM_datachk" name="Check_DASIM_dataset" time="0.00199999999995271"/>
    <testcase classname="DASIM_datachk" name="Check_DASIM_dataset" time="0.536000000000058"/>
    <testcase classname="DASIM_datachk" name="Check_DASIM_dataset" time="0.00300000000004275"/>
    <testcase classname="DASIM_datachk" name="Check_DASIM_dataset" time="0.00199999999995271"/>
    <testcase classname="DASIM_datachk" name="Check_DASIM_dataset" time="0.00199999999995271"/>
    <testcase classname="DASIM_datachk" name="Check_DASIM_dataset" time="0.00200000000006639"/>
    <testcase classname="DASIM_datachk" name="Check_DASIM_dataset" time="0.00199999999995271"/>
    <testcase classname="DASIM_datachk" name="Check_DASIM_dataset" time="0.00200000000006639"/>
    <testcase classname="DASIM_datachk" name="Check_DASIM_dataset" time="0.267999999999915"/>
    <testcase classname="DASIM_datachk" name="Check_DASIM_dataset" time="0.0040000000000191"/>
    <testcase classname="DASIM_datachk" name="Check_DASIM_dataset" time="0.00300000000004275"/>
    <testcase classname="DASIM_datachk" name="Check_DASIM_dataset" time="0.00299999999992906"/>
    <testcase classname="DASIM_datachk" name="Check_DASIM_dataset" time="0.00300000000004275"/>
    <testcase classname="DASIM_datachk" name="Check_DASIM_dataset" time="0.00300000000004275"/>
    <testcase classname="DASIM_datachk" name="Check_DASIM_dataset" time="0.00499999999999545"/>
    <testcase classname="DASIM_datachk" name="Check_DASIM_dataset" time="0.0040000000000191"/>
    <testcase classname="DASIM_datachk" name="Check_DASIM_dataset" time="0.00299999999992906"/>
    <testcase classname="DASIM_datachk" name="Check_DASIM_dataset" time="0.539999999999964"/>
    <testcase classname="DASIM_datachk" name="Check_DASIM_dataset" time="0.00300000000004275"/>
    <testcase classname="DASIM_datachk" name="Check_DASIM_dataset" time="0.00200000000006639"/>
    <testcase classname="DASIM_datachk" name="Check_DASIM_dataset" time="0.00299999999992906"/>
    <testcase classname="DASIM_datachk" name="Check_DASIM_dataset" time="0.00300000000004275"/>
    <testcase classname="DASIM_datachk" name="Check_DASIM_dataset" time="0.00299999999992906"/>
    <testcase classname="DASIM_datachk" name="Check_DASIM_dataset" time="0.00200000000006639"/>
    <testcase classname="DASIM_datachk" name="Check_DASIM_dataset" time="0.302000000000021"/>
    <testcase classname="DASIM_datachk" name="Check_DASIM_dataset" time="0.00299999999992906"/>
    <testcase classname="DASIM_datachk" name="Check_DASIM_dataset" time="0.00300000000004275"/>
    <testcase classname="DASIM_datachk" name="Check_DASIM_dataset" time="0.00199999999995271"/>
    <testcase classname="DASIM_datachk" name="Check_DASIM_dataset" time="0.00300000000004275"/>
    <testcase classname="DASIM_datachk" name="Check_DASIM_dataset" time="0.00199999999995271"/>
    <testcase classname="DASIM_datachk" name="Check_DASIM_dataset" time="0.00300000000004275"/>
    <testcase classname="DASIM_datachk" name="Check_DASIM_dataset" time="0.00199999999995271"/>
    <testcase classname="DASIM_datachk" name="Check_DASIM_dataset" time="0.00300000000004275"/>
    <testcase classname="DASIM_datachk" name="Check_DASIM_dataset" time="0.533999999999992"/>
    <testcase classname="DASIM_datachk" name="Check_DASIM_dataset" time="0.00300000000004275"/>
    <testcase classname="DASIM_datachk" name="Check_DASIM_dataset" time="0.00299999999992906"/>
    <testcase classname="DASIM_datachk" name="Check_DASIM_dataset" time="0.00200000000006639"/>
    <testcase classname="DASIM_datachk" name="Check_DASIM_dataset" time="0.00299999999992906"/>
    <testcase classname="DASIM_datachk" name="Check_DASIM_dataset" time="0.00300000000004275"/>
    <testcase classname="DASIM_datachk" name="Check_DASIM_dataset" time="0.00199999999995271"/>
    <testcase classname="DASIM_datachk" name="Check_DASIM_dataset" time="0.269000000000005"/>
    <testcase classname="DASIM_datachk" name="Check_DASIM_dataset" time="0.00300000000004275"/>
    <testcase classname="DASIM_datachk" name="Check_DASIM_dataset" time="0.00300000000004275"/>
    <testcase classname="DASIM_datachk" name="Check_DASIM_dataset" time="0.00299999999992906"/>
    <testcase classname="DASIM_datachk" name="Check_DASIM_dataset" time="0.0040000000000191"/>
    <testcase classname="DASIM_datachk" name="Check_DASIM_dataset" time="0.00199999999995271"/>
    <testcase classname="DASIM_datachk" name="Check_DASIM_dataset" time="0.00300000000004275"/>
    <testcase classname="DASIM_datachk" name="Check_DASIM_dataset" time="0.00300000000004275"/>
    <testcase classname="DASIM_datachk" name="Check_DASIM_dataset" time="0.0040000000000191"/>
    <testcase classname="DASIM_datachk" name="Check_DASIM_dataset" time="0.550999999999931"/>
    <testcase classname="DASIM_datachk" name="Check_DASIM_dataset" time="0.0040000000000191"/>
    <testcase classname="DASIM_datachk" name="Check_DASIM_dataset" time="0.00300000000004275"/>
    <testcase classname="DASIM_datachk" name="Check_DASIM_dataset" time="0.00299999999992906"/>
    <testcase classname="DASIM_datachk" name="Check_DASIM_dataset" time="0.0040000000000191"/>
    <testcase classname="DASIM_datachk" name="Check_DASIM_dataset" time="0.00300000000004275"/>
    <testcase classname="DASIM_datachk" name="Check_DASIM_dataset" time="0.0040000000000191"/>
    <testcase classname="DASIM_datachk" name="Check_DASIM_dataset" time="0.272999999999911"/>
    <testcase classname="DASIM_datachk" name="Check_DASIM_dataset" time="0.0110000000000809"/>
    <testcase classname="DASIM_datachk" name="Check_DASIM_dataset" time="0.00299999999992906"/>
    <testcase classname="DASIM_datachk" name="Check_DASIM_dataset" time="0.00300000000004275"/>
    <testcase classname="DASIM_datachk" name="Check_DASIM_dataset" time="0.00299999999992906"/>
    <testcase classname="DASIM_datachk" name="Check_DASIM_dataset" time="0.00300000000004275"/>
    <testcase classname="DASIM_datachk" name="Check_DASIM_dataset" time="0.00300000000004275"/>
    <testcase classname="DASIM_datachk" name="Check_DASIM_dataset" time="0.00299999999992906"/>
    <testcase classname="DASIM_datachk" name="Check_DASIM_dataset" time="0.00300000000004275"/>
    <testcase classname="DASIM_datachk" name="Check_DASIM_dataset" time="0.54200000000003"/>
    <testcase classname="DASIM_datachk" name="Check_DASIM_dataset" time="0.0040000000000191"/>
    <testcase classname="DASIM_datachk" name="Check_DASIM_dataset" time="0.00299999999992906"/>
    <testcase classname="DASIM_datachk" name="Check_DASIM_dataset" time="0.00300000000004275"/>
    <testcase classname="DASIM_datachk" name="Check_DASIM_dataset" time="0.00299999999992906"/>
    <testcase classname="DASIM_datachk" name="Check_DASIM_dataset" time="0.0040000000000191"/>
    <testcase classname="DASIM_datachk" name="Check_DASIM_dataset" time="0.0040000000000191"/>
    <testcase classname="DASIM_datachk" name="Check_DASIM_dataset" time="0.274000000000001"/>
    <testcase classname="DASIM_datachk" name="Check_DASIM_dataset" time="0.00499999999999545"/>
    <testcase classname="DASIM_datachk" name="Check_DASIM_dataset" time="0.00300000000004275"/>
    <testcase classname="DASIM_datachk" name="Check_DASIM_dataset" time="0.0040000000000191"/>
    <testcase classname="DASIM_datachk" name="Check_DASIM_dataset" time="0.00299999999992906"/>
    <testcase classname="DASIM_datachk" name="Check_DASIM_dataset" time="0.0040000000000191"/>
    <testcase classname="DASIM_datachk" name="Check_DASIM_dataset" time="0.00300000000004275"/>
    <testcase classname="DASIM_datachk" name="Check_DASIM_dataset" time="0.00299999999992906"/>
    <testcase classname="DASIM_datachk" name="Check_DASIM_dataset" time="0.0040000000000191"/>
    <testcase classname="DASIM_datachk" name="Check_DASIM_dataset" time="0.529999999999973"/>
    <testcase classname="DASIM_datachk" name="Check_DASIM_dataset" time="0.0040000000000191"/>
    <testcase classname="DASIM_datachk" name="Check_DASIM_dataset" time="0.00300000000004275"/>
    <testcase classname="DASIM_datachk" name="Check_DASIM_dataset" time="0.0040000000000191"/>
    <testcase classname="DASIM_datachk" name="Check_DASIM_dataset" time="0.00299999999992906"/>
    <testcase classname="DASIM_datachk" name="Check_DASIM_dataset" time="0.0040000000000191"/>
    <testcase classname="DASIM_datachk" name="Check_DASIM_dataset" time="0.00300000000004275"/>
    <testcase classname="DASIM_datachk" name="Check_DASIM_dataset" time="0.288000000000011"/>
    <testcase classname="DASIM_datachk" name="Check_DASIM_dataset" time="0.00399999999990541"/>
    <testcase classname="DASIM_datachk" name="Check_DASIM_dataset" time="0.00300000000004275"/>
    <testcase classname="DASIM_datachk" name="Check_DASIM_dataset" time="0.0040000000000191"/>
    <testcase classname="DASIM_datachk" name="Check_DASIM_dataset" time="0.00499999999999545"/>
    <testcase classname="DASIM_datachk" name="Check_DASIM_dataset" time="0.00300000000004275"/>
    <testcase classname="DASIM_datachk" name="Check_DASIM_dataset" time="0.00399999999990541"/>
    <testcase classname="DASIM_datachk" name="Check_DASIM_dataset" time="0.0040000000000191"/>
    <testcase classname="DASIM_datachk" name="Check_DASIM_dataset" time="0.0040000000000191"/>
    <testcase classname="DASIM_datachk" name="Check_DASIM_dataset" time="0.55600000000004"/>
    <testcase classname="DASIM_datachk" name="Check_DASIM_dataset" time="0.0040000000000191"/>
    <testcase classname="DASIM_datachk" name="Check_DASIM_dataset" time="0.00399999999990541"/>
    <testcase classname="DASIM_datachk" name="Check_DASIM_dataset" time="0.0040000000000191"/>
    <testcase classname="DASIM_datachk" name="Check_DASIM_dataset" time="0.0040000000000191"/>
    <testcase classname="DASIM_datachk" name="Check_DASIM_dataset" time="0.00499999999999545"/>
    <testcase classname="DASIM_datachk" name="Check_DASIM_dataset" time="0.0040000000000191"/>
    <testcase classname="DASIM_datachk" name="Check_DASIM_dataset" time="0.278999999999996"/>
    <testcase classname="DASIM_datachk" name="Check_DASIM_dataset" time="0.0040000000000191"/>
    <testcase classname="DASIM_datachk" name="Check_DASIM_dataset" time="0.0040000000000191"/>
    <testcase classname="DASIM_datachk" name="Check_DASIM_dataset" time="0.00399999999990541"/>
    <testcase classname="DASIM_datachk" name="Check_DASIM_dataset" time="0.00499999999999545"/>
    <testcase classname="DASIM_datachk" name="Check_DASIM_dataset" time="0.0040000000000191"/>
    <testcase classname="DASIM_datachk" name="Check_DASIM_dataset" time="0.00499999999999545"/>
    <testcase classname="DASIM_datachk" name="Check_DASIM_dataset" time="0.0040000000000191"/>
    <testcase classname="DASIM_datachk" name="Check_DASIM_dataset" time="0.00499999999999545"/>
  </testsuite>
  <testsuite errors="0" failures="0" hostname="fv-az14" name="DASIM::datachk::shutdown" skipped="0" tests="3" time="0.285" timestamp="2020-09-12T14:34:41Z">
    <testcase classname="DASIM_datachk_shutdown" name="shutdown" time="0.282000000000039"/>
    <testcase classname="DASIM_datachk_shutdown" name="shutdown" time="0.00199999999995271"/>
    <testcase classname="DASIM_datachk_shutdown" name="shutdown" time="0.00100000000009004"/>
  </testsuite>
  <testsuite errors="0" failures="0" hostname="fv-az14" name="DASIM::datachk::done" skipped="0" tests="0" time="0" timestamp="2020-09-12T14:34:42Z"/>
  <testsuite errors="0" failures="0" hostname="fv-az14" name="FACTOR_LEVELS::datachk::setup" skipped="0" tests="3" time="5.662" timestamp="2020-09-12T14:34:42Z">
    <testcase classname="FACTOR_LEVELS_datachk_setup" name="setup" time="5.65899999999999"/>
    <testcase classname="FACTOR_LEVELS_datachk_setup" name="setup" time="0.000999999999976353"/>
    <testcase classname="FACTOR_LEVELS_datachk_setup" name="setup" time="0.00199999999995271"/>
  </testsuite>
  <testsuite errors="0" failures="0" hostname="fv-az14" name="FACTOR_LEVELS::datachk" skipped="0" tests="182" time="10.764" timestamp="2020-09-12T14:34:47Z">
    <testcase classname="FACTOR_LEVELS_datachk" name="Check_FACTOR_LEVELS_dataset" time="0.552000000000021"/>
    <testcase classname="FACTOR_LEVELS_datachk" name="Check_FACTOR_LEVELS_dataset" time="0.00199999999995271"/>
    <testcase classname="FACTOR_LEVELS_datachk" name="Check_FACTOR_LEVELS_dataset" time="0.00100000000009004"/>
    <testcase classname="FACTOR_LEVELS_datachk" name="Check_FACTOR_LEVELS_dataset" time="0.00199999999995271"/>
    <testcase classname="FACTOR_LEVELS_datachk" name="Check_FACTOR_LEVELS_dataset" time="0.000999999999976353"/>
    <testcase classname="FACTOR_LEVELS_datachk" name="Check_FACTOR_LEVELS_dataset" time="0.00200000000006639"/>
    <testcase classname="FACTOR_LEVELS_datachk" name="Check_FACTOR_LEVELS_dataset" time="0.00199999999995271"/>
    <testcase classname="FACTOR_LEVELS_datachk" name="Check_FACTOR_LEVELS_dataset" time="0.27800000000002"/>
    <testcase classname="FACTOR_LEVELS_datachk" name="Check_FACTOR_LEVELS_dataset" time="0.00199999999995271"/>
    <testcase classname="FACTOR_LEVELS_datachk" name="Check_FACTOR_LEVELS_dataset" time="0.00100000000009004"/>
    <testcase classname="FACTOR_LEVELS_datachk" name="Check_FACTOR_LEVELS_dataset" time="0.00199999999995271"/>
    <testcase classname="FACTOR_LEVELS_datachk" name="Check_FACTOR_LEVELS_dataset" time="0.00199999999995271"/>
    <testcase classname="FACTOR_LEVELS_datachk" name="Check_FACTOR_LEVELS_dataset" time="0.00200000000006639"/>
    <testcase classname="FACTOR_LEVELS_datachk" name="Check_FACTOR_LEVELS_dataset" time="0.00199999999995271"/>
    <testcase classname="FACTOR_LEVELS_datachk" name="Check_FACTOR_LEVELS_dataset" time="0.00200000000006639"/>
    <testcase classname="FACTOR_LEVELS_datachk" name="Check_FACTOR_LEVELS_dataset" time="1.29999999999995"/>
    <testcase classname="FACTOR_LEVELS_datachk" name="Check_FACTOR_LEVELS_dataset" time="0.000999999999976353"/>
    <testcase classname="FACTOR_LEVELS_datachk" name="Check_FACTOR_LEVELS_dataset" time="0.00200000000006639"/>
    <testcase classname="FACTOR_LEVELS_datachk" name="Check_FACTOR_LEVELS_dataset" time="0.00199999999995271"/>
    <testcase classname="FACTOR_LEVELS_datachk" name="Check_FACTOR_LEVELS_dataset" time="0.00199999999995271"/>
    <testcase classname="FACTOR_LEVELS_datachk" name="Check_FACTOR_LEVELS_dataset" time="0.00100000000009004"/>
    <testcase classname="FACTOR_LEVELS_datachk" name="Check_FACTOR_LEVELS_dataset" time="0.00199999999995271"/>
    <testcase classname="FACTOR_LEVELS_datachk" name="Check_FACTOR_LEVELS_dataset" time="0.536000000000058"/>
    <testcase classname="FACTOR_LEVELS_datachk" name="Check_FACTOR_LEVELS_dataset" time="0.00199999999995271"/>
    <testcase classname="FACTOR_LEVELS_datachk" name="Check_FACTOR_LEVELS_dataset" time="0.00199999999995271"/>
    <testcase classname="FACTOR_LEVELS_datachk" name="Check_FACTOR_LEVELS_dataset" time="0.00100000000009004"/>
    <testcase classname="FACTOR_LEVELS_datachk" name="Check_FACTOR_LEVELS_dataset" time="0.00199999999995271"/>
    <testcase classname="FACTOR_LEVELS_datachk" name="Check_FACTOR_LEVELS_dataset" time="0.000999999999976353"/>
    <testcase classname="FACTOR_LEVELS_datachk" name="Check_FACTOR_LEVELS_dataset" time="0.00200000000006639"/>
    <testcase classname="FACTOR_LEVELS_datachk" name="Check_FACTOR_LEVELS_dataset" time="0.267999999999915"/>
    <testcase classname="FACTOR_LEVELS_datachk" name="Check_FACTOR_LEVELS_dataset" time="0.00200000000006639"/>
    <testcase classname="FACTOR_LEVELS_datachk" name="Check_FACTOR_LEVELS_dataset" time="0.00199999999995271"/>
    <testcase classname="FACTOR_LEVELS_datachk" name="Check_FACTOR_LEVELS_dataset" time="0.00200000000006639"/>
    <testcase classname="FACTOR_LEVELS_datachk" name="Check_FACTOR_LEVELS_dataset" time="0.00199999999995271"/>
    <testcase classname="FACTOR_LEVELS_datachk" name="Check_FACTOR_LEVELS_dataset" time="0.000999999999976353"/>
    <testcase classname="FACTOR_LEVELS_datachk" name="Check_FACTOR_LEVELS_dataset" time="0.00200000000006639"/>
    <testcase classname="FACTOR_LEVELS_datachk" name="Check_FACTOR_LEVELS_dataset" time="0.000999999999976353"/>
    <testcase classname="FACTOR_LEVELS_datachk" name="Check_FACTOR_LEVELS_dataset" time="0.00199999999995271"/>
    <testcase classname="FACTOR_LEVELS_datachk" name="Check_FACTOR_LEVELS_dataset" time="0.543000000000006"/>
    <testcase classname="FACTOR_LEVELS_datachk" name="Check_FACTOR_LEVELS_dataset" time="0.00200000000006639"/>
    <testcase classname="FACTOR_LEVELS_datachk" name="Check_FACTOR_LEVELS_dataset" time="0.00199999999995271"/>
    <testcase classname="FACTOR_LEVELS_datachk" name="Check_FACTOR_LEVELS_dataset" time="0.00200000000006639"/>
    <testcase classname="FACTOR_LEVELS_datachk" name="Check_FACTOR_LEVELS_dataset" time="0.00199999999995271"/>
    <testcase classname="FACTOR_LEVELS_datachk" name="Check_FACTOR_LEVELS_dataset" time="0.00199999999995271"/>
    <testcase classname="FACTOR_LEVELS_datachk" name="Check_FACTOR_LEVELS_dataset" time="0.00300000000004275"/>
    <testcase classname="FACTOR_LEVELS_datachk" name="Check_FACTOR_LEVELS_dataset" time="0.283999999999992"/>
    <testcase classname="FACTOR_LEVELS_datachk" name="Check_FACTOR_LEVELS_dataset" time="0.00199999999995271"/>
    <testcase classname="FACTOR_LEVELS_datachk" name="Check_FACTOR_LEVELS_dataset" time="0.00200000000006639"/>
    <testcase classname="FACTOR_LEVELS_datachk" name="Check_FACTOR_LEVELS_dataset" time="0.00199999999995271"/>
    <testcase classname="FACTOR_LEVELS_datachk" name="Check_FACTOR_LEVELS_dataset" time="0.00200000000006639"/>
    <testcase classname="FACTOR_LEVELS_datachk" name="Check_FACTOR_LEVELS_dataset" time="0.00199999999995271"/>
    <testcase classname="FACTOR_LEVELS_datachk" name="Check_FACTOR_LEVELS_dataset" time="0.00300000000004275"/>
    <testcase classname="FACTOR_LEVELS_datachk" name="Check_FACTOR_LEVELS_dataset" time="0.00199999999995271"/>
    <testcase classname="FACTOR_LEVELS_datachk" name="Check_FACTOR_LEVELS_dataset" time="0.00200000000006639"/>
    <testcase classname="FACTOR_LEVELS_datachk" name="Check_FACTOR_LEVELS_dataset" time="0.536999999999921"/>
    <testcase classname="FACTOR_LEVELS_datachk" name="Check_FACTOR_LEVELS_dataset" time="0.00200000000006639"/>
    <testcase classname="FACTOR_LEVELS_datachk" name="Check_FACTOR_LEVELS_dataset" time="0.00199999999995271"/>
    <testcase classname="FACTOR_LEVELS_datachk" name="Check_FACTOR_LEVELS_dataset" time="0.00200000000006639"/>
    <testcase classname="FACTOR_LEVELS_datachk" name="Check_FACTOR_LEVELS_dataset" time="0.00199999999995271"/>
    <testcase classname="FACTOR_LEVELS_datachk" name="Check_FACTOR_LEVELS_dataset" time="0.00199999999995271"/>
    <testcase classname="FACTOR_LEVELS_datachk" name="Check_FACTOR_LEVELS_dataset" time="0.00900000000001455"/>
    <testcase classname="FACTOR_LEVELS_datachk" name="Check_FACTOR_LEVELS_dataset" time="0.272000000000048"/>
    <testcase classname="FACTOR_LEVELS_datachk" name="Check_FACTOR_LEVELS_dataset" time="0.00199999999995271"/>
    <testcase classname="FACTOR_LEVELS_datachk" name="Check_FACTOR_LEVELS_dataset" time="0.00300000000004275"/>
    <testcase classname="FACTOR_LEVELS_datachk" name="Check_FACTOR_LEVELS_dataset" time="0.00199999999995271"/>
    <testcase classname="FACTOR_LEVELS_datachk" name="Check_FACTOR_LEVELS_dataset" time="0.00200000000006639"/>
    <testcase classname="FACTOR_LEVELS_datachk" name="Check_FACTOR_LEVELS_dataset" time="0.00199999999995271"/>
    <testcase classname="FACTOR_LEVELS_datachk" name="Check_FACTOR_LEVELS_dataset" time="0.00300000000004275"/>
    <testcase classname="FACTOR_LEVELS_datachk" name="Check_FACTOR_LEVELS_dataset" time="0.00199999999995271"/>
    <testcase classname="FACTOR_LEVELS_datachk" name="Check_FACTOR_LEVELS_dataset" time="0.00200000000006639"/>
    <testcase classname="FACTOR_LEVELS_datachk" name="Check_FACTOR_LEVELS_dataset" time="0.538999999999987"/>
    <testcase classname="FACTOR_LEVELS_datachk" name="Check_FACTOR_LEVELS_dataset" time="0.00199999999995271"/>
    <testcase classname="FACTOR_LEVELS_datachk" name="Check_FACTOR_LEVELS_dataset" time="0.00300000000004275"/>
    <testcase classname="FACTOR_LEVELS_datachk" name="Check_FACTOR_LEVELS_dataset" time="0.00199999999995271"/>
    <testcase classname="FACTOR_LEVELS_datachk" name="Check_FACTOR_LEVELS_dataset" time="0.00200000000006639"/>
    <testcase classname="FACTOR_LEVELS_datachk" name="Check_FACTOR_LEVELS_dataset" time="0.00199999999995271"/>
    <testcase classname="FACTOR_LEVELS_datachk" name="Check_FACTOR_LEVELS_dataset" time="0.00199999999995271"/>
    <testcase classname="FACTOR_LEVELS_datachk" name="Check_FACTOR_LEVELS_dataset" time="0.274000000000001"/>
    <testcase classname="FACTOR_LEVELS_datachk" name="Check_FACTOR_LEVELS_dataset" time="0.00300000000004275"/>
    <testcase classname="FACTOR_LEVELS_datachk" name="Check_FACTOR_LEVELS_dataset" time="0.00199999999995271"/>
    <testcase classname="FACTOR_LEVELS_datachk" name="Check_FACTOR_LEVELS_dataset" time="0.00300000000004275"/>
    <testcase classname="FACTOR_LEVELS_datachk" name="Check_FACTOR_LEVELS_dataset" time="0.00300000000004275"/>
    <testcase classname="FACTOR_LEVELS_datachk" name="Check_FACTOR_LEVELS_dataset" time="0.00299999999992906"/>
    <testcase classname="FACTOR_LEVELS_datachk" name="Check_FACTOR_LEVELS_dataset" time="0.00200000000006639"/>
    <testcase classname="FACTOR_LEVELS_datachk" name="Check_FACTOR_LEVELS_dataset" time="0.00299999999992906"/>
    <testcase classname="FACTOR_LEVELS_datachk" name="Check_FACTOR_LEVELS_dataset" time="0.00200000000006639"/>
    <testcase classname="FACTOR_LEVELS_datachk" name="Check_FACTOR_LEVELS_dataset" time="0.548000000000002"/>
    <testcase classname="FACTOR_LEVELS_datachk" name="Check_FACTOR_LEVELS_dataset" time="0.00299999999992906"/>
    <testcase classname="FACTOR_LEVELS_datachk" name="Check_FACTOR_LEVELS_dataset" time="0.00300000000004275"/>
    <testcase classname="FACTOR_LEVELS_datachk" name="Check_FACTOR_LEVELS_dataset" time="0.00199999999995271"/>
    <testcase classname="FACTOR_LEVELS_datachk" name="Check_FACTOR_LEVELS_dataset" time="0.00300000000004275"/>
    <testcase classname="FACTOR_LEVELS_datachk" name="Check_FACTOR_LEVELS_dataset" time="0.00199999999995271"/>
    <testcase classname="FACTOR_LEVELS_datachk" name="Check_FACTOR_LEVELS_dataset" time="0.00300000000004275"/>
    <testcase classname="FACTOR_LEVELS_datachk" name="Check_FACTOR_LEVELS_dataset" time="0.283999999999992"/>
    <testcase classname="FACTOR_LEVELS_datachk" name="Check_FACTOR_LEVELS_dataset" time="0.00300000000004275"/>
    <testcase classname="FACTOR_LEVELS_datachk" name="Check_FACTOR_LEVELS_dataset" time="0.00199999999995271"/>
    <testcase classname="FACTOR_LEVELS_datachk" name="Check_FACTOR_LEVELS_dataset" time="0.00300000000004275"/>
    <testcase classname="FACTOR_LEVELS_datachk" name="Check_FACTOR_LEVELS_dataset" time="0.00199999999995271"/>
    <testcase classname="FACTOR_LEVELS_datachk" name="Check_FACTOR_LEVELS_dataset" time="0.00300000000004275"/>
    <testcase classname="FACTOR_LEVELS_datachk" name="Check_FACTOR_LEVELS_dataset" time="0.00299999999992906"/>
    <testcase classname="FACTOR_LEVELS_datachk" name="Check_FACTOR_LEVELS_dataset" time="0.00200000000006639"/>
    <testcase classname="FACTOR_LEVELS_datachk" name="Check_FACTOR_LEVELS_dataset" time="0.00299999999992906"/>
    <testcase classname="FACTOR_LEVELS_datachk" name="Check_FACTOR_LEVELS_dataset" time="0.552000000000021"/>
    <testcase classname="FACTOR_LEVELS_datachk" name="Check_FACTOR_LEVELS_dataset" time="0.00300000000004275"/>
    <testcase classname="FACTOR_LEVELS_datachk" name="Check_FACTOR_LEVELS_dataset" time="0.00300000000004275"/>
    <testcase classname="FACTOR_LEVELS_datachk" name="Check_FACTOR_LEVELS_dataset" time="0.00399999999990541"/>
    <testcase classname="FACTOR_LEVELS_datachk" name="Check_FACTOR_LEVELS_dataset" time="0.00200000000006639"/>
    <testcase classname="FACTOR_LEVELS_datachk" name="Check_FACTOR_LEVELS_dataset" time="0.00299999999992906"/>
    <testcase classname="FACTOR_LEVELS_datachk" name="Check_FACTOR_LEVELS_dataset" time="0.00300000000004275"/>
    <testcase classname="FACTOR_LEVELS_datachk" name="Check_FACTOR_LEVELS_dataset" time="0.274000000000001"/>
    <testcase classname="FACTOR_LEVELS_datachk" name="Check_FACTOR_LEVELS_dataset" time="0.00300000000004275"/>
    <testcase classname="FACTOR_LEVELS_datachk" name="Check_FACTOR_LEVELS_dataset" time="0.00299999999992906"/>
    <testcase classname="FACTOR_LEVELS_datachk" name="Check_FACTOR_LEVELS_dataset" time="0.00200000000006639"/>
    <testcase classname="FACTOR_LEVELS_datachk" name="Check_FACTOR_LEVELS_dataset" time="0.0040000000000191"/>
    <testcase classname="FACTOR_LEVELS_datachk" name="Check_FACTOR_LEVELS_dataset" time="0.00299999999992906"/>
    <testcase classname="FACTOR_LEVELS_datachk" name="Check_FACTOR_LEVELS_dataset" time="0.00300000000004275"/>
    <testcase classname="FACTOR_LEVELS_datachk" name="Check_FACTOR_LEVELS_dataset" time="0.00299999999992906"/>
    <testcase classname="FACTOR_LEVELS_datachk" name="Check_FACTOR_LEVELS_dataset" time="0.00300000000004275"/>
    <testcase classname="FACTOR_LEVELS_datachk" name="Check_FACTOR_LEVELS_dataset" time="0.541000000000054"/>
    <testcase classname="FACTOR_LEVELS_datachk" name="Check_FACTOR_LEVELS_dataset" time="0.00399999999990541"/>
    <testcase classname="FACTOR_LEVELS_datachk" name="Check_FACTOR_LEVELS_dataset" time="0.00300000000004275"/>
    <testcase classname="FACTOR_LEVELS_datachk" name="Check_FACTOR_LEVELS_dataset" time="0.00300000000004275"/>
    <testcase classname="FACTOR_LEVELS_datachk" name="Check_FACTOR_LEVELS_dataset" time="0.00299999999992906"/>
    <testcase classname="FACTOR_LEVELS_datachk" name="Check_FACTOR_LEVELS_dataset" time="0.00300000000004275"/>
    <testcase classname="FACTOR_LEVELS_datachk" name="Check_FACTOR_LEVELS_dataset" time="0.00300000000004275"/>
    <testcase classname="FACTOR_LEVELS_datachk" name="Check_FACTOR_LEVELS_dataset" time="0.274000000000001"/>
    <testcase classname="FACTOR_LEVELS_datachk" name="Check_FACTOR_LEVELS_dataset" time="0.00300000000004275"/>
    <testcase classname="FACTOR_LEVELS_datachk" name="Check_FACTOR_LEVELS_dataset" time="0.00299999999992906"/>
    <testcase classname="FACTOR_LEVELS_datachk" name="Check_FACTOR_LEVELS_dataset" time="0.00999999999999091"/>
    <testcase classname="FACTOR_LEVELS_datachk" name="Check_FACTOR_LEVELS_dataset" time="0.00300000000004275"/>
    <testcase classname="FACTOR_LEVELS_datachk" name="Check_FACTOR_LEVELS_dataset" time="0.00299999999992906"/>
    <testcase classname="FACTOR_LEVELS_datachk" name="Check_FACTOR_LEVELS_dataset" time="0.0040000000000191"/>
    <testcase classname="FACTOR_LEVELS_datachk" name="Check_FACTOR_LEVELS_dataset" time="0.0040000000000191"/>
    <testcase classname="FACTOR_LEVELS_datachk" name="Check_FACTOR_LEVELS_dataset" time="0.0040000000000191"/>
    <testcase classname="FACTOR_LEVELS_datachk" name="Check_FACTOR_LEVELS_dataset" time="0.543000000000006"/>
    <testcase classname="FACTOR_LEVELS_datachk" name="Check_FACTOR_LEVELS_dataset" time="0.00300000000004275"/>
    <testcase classname="FACTOR_LEVELS_datachk" name="Check_FACTOR_LEVELS_dataset" time="0.00399999999990541"/>
    <testcase classname="FACTOR_LEVELS_datachk" name="Check_FACTOR_LEVELS_dataset" time="0.00300000000004275"/>
    <testcase classname="FACTOR_LEVELS_datachk" name="Check_FACTOR_LEVELS_dataset" time="0.0040000000000191"/>
    <testcase classname="FACTOR_LEVELS_datachk" name="Check_FACTOR_LEVELS_dataset" time="0.00299999999992906"/>
    <testcase classname="FACTOR_LEVELS_datachk" name="Check_FACTOR_LEVELS_dataset" time="0.00300000000004275"/>
    <testcase classname="FACTOR_LEVELS_datachk" name="Check_FACTOR_LEVELS_dataset" time="0.269999999999982"/>
    <testcase classname="FACTOR_LEVELS_datachk" name="Check_FACTOR_LEVELS_dataset" time="0.0040000000000191"/>
    <testcase classname="FACTOR_LEVELS_datachk" name="Check_FACTOR_LEVELS_dataset" time="0.0040000000000191"/>
    <testcase classname="FACTOR_LEVELS_datachk" name="Check_FACTOR_LEVELS_dataset" time="0.0040000000000191"/>
    <testcase classname="FACTOR_LEVELS_datachk" name="Check_FACTOR_LEVELS_dataset" time="0.0040000000000191"/>
    <testcase classname="FACTOR_LEVELS_datachk" name="Check_FACTOR_LEVELS_dataset" time="0.00499999999999545"/>
    <testcase classname="FACTOR_LEVELS_datachk" name="Check_FACTOR_LEVELS_dataset" time="0.00399999999990541"/>
    <testcase classname="FACTOR_LEVELS_datachk" name="Check_FACTOR_LEVELS_dataset" time="0.0040000000000191"/>
    <testcase classname="FACTOR_LEVELS_datachk" name="Check_FACTOR_LEVELS_dataset" time="0.0040000000000191"/>
    <testcase classname="FACTOR_LEVELS_datachk" name="Check_FACTOR_LEVELS_dataset" time="0.532000000000039"/>
    <testcase classname="FACTOR_LEVELS_datachk" name="Check_FACTOR_LEVELS_dataset" time="0.0040000000000191"/>
    <testcase classname="FACTOR_LEVELS_datachk" name="Check_FACTOR_LEVELS_dataset" time="0.00299999999992906"/>
    <testcase classname="FACTOR_LEVELS_datachk" name="Check_FACTOR_LEVELS_dataset" time="0.0040000000000191"/>
    <testcase classname="FACTOR_LEVELS_datachk" name="Check_FACTOR_LEVELS_dataset" time="0.0040000000000191"/>
    <testcase classname="FACTOR_LEVELS_datachk" name="Check_FACTOR_LEVELS_dataset" time="0.0040000000000191"/>
    <testcase classname="FACTOR_LEVELS_datachk" name="Check_FACTOR_LEVELS_dataset" time="0.0040000000000191"/>
    <testcase classname="FACTOR_LEVELS_datachk" name="Check_FACTOR_LEVELS_dataset" time="0.280999999999949"/>
    <testcase classname="FACTOR_LEVELS_datachk" name="Check_FACTOR_LEVELS_dataset" time="0.00300000000004275"/>
    <testcase classname="FACTOR_LEVELS_datachk" name="Check_FACTOR_LEVELS_dataset" time="0.0040000000000191"/>
    <testcase classname="FACTOR_LEVELS_datachk" name="Check_FACTOR_LEVELS_dataset" time="0.00299999999992906"/>
    <testcase classname="FACTOR_LEVELS_datachk" name="Check_FACTOR_LEVELS_dataset" time="0.0040000000000191"/>
    <testcase classname="FACTOR_LEVELS_datachk" name="Check_FACTOR_LEVELS_dataset" time="0.00300000000004275"/>
    <testcase classname="FACTOR_LEVELS_datachk" name="Check_FACTOR_LEVELS_dataset" time="0.00299999999992906"/>
    <testcase classname="FACTOR_LEVELS_datachk" name="Check_FACTOR_LEVELS_dataset" time="0.00300000000004275"/>
    <testcase classname="FACTOR_LEVELS_datachk" name="Check_FACTOR_LEVELS_dataset" time="0.0040000000000191"/>
    <testcase classname="FACTOR_LEVELS_datachk" name="Check_FACTOR_LEVELS_dataset" time="0.547000000000025"/>
    <testcase classname="FACTOR_LEVELS_datachk" name="Check_FACTOR_LEVELS_dataset" time="0.00399999999990541"/>
    <testcase classname="FACTOR_LEVELS_datachk" name="Check_FACTOR_LEVELS_dataset" time="0.0040000000000191"/>
    <testcase classname="FACTOR_LEVELS_datachk" name="Check_FACTOR_LEVELS_dataset" time="0.0040000000000191"/>
    <testcase classname="FACTOR_LEVELS_datachk" name="Check_FACTOR_LEVELS_dataset" time="0.0040000000000191"/>
    <testcase classname="FACTOR_LEVELS_datachk" name="Check_FACTOR_LEVELS_dataset" time="0.0040000000000191"/>
    <testcase classname="FACTOR_LEVELS_datachk" name="Check_FACTOR_LEVELS_dataset" time="0.00299999999992906"/>
    <testcase classname="FACTOR_LEVELS_datachk" name="Check_FACTOR_LEVELS_dataset" time="0.282000000000039"/>
    <testcase classname="FACTOR_LEVELS_datachk" name="Check_FACTOR_LEVELS_dataset" time="0.00499999999999545"/>
    <testcase classname="FACTOR_LEVELS_datachk" name="Check_FACTOR_LEVELS_dataset" time="0.0040000000000191"/>
    <testcase classname="FACTOR_LEVELS_datachk" name="Check_FACTOR_LEVELS_dataset" time="0.0040000000000191"/>
    <testcase classname="FACTOR_LEVELS_datachk" name="Check_FACTOR_LEVELS_dataset" time="0.0040000000000191"/>
    <testcase classname="FACTOR_LEVELS_datachk" name="Check_FACTOR_LEVELS_dataset" time="0.00599999999997181"/>
    <testcase classname="FACTOR_LEVELS_datachk" name="Check_FACTOR_LEVELS_dataset" time="0.0040000000000191"/>
    <testcase classname="FACTOR_LEVELS_datachk" name="Check_FACTOR_LEVELS_dataset" time="0.00499999999999545"/>
    <testcase classname="FACTOR_LEVELS_datachk" name="Check_FACTOR_LEVELS_dataset" time="0.00499999999999545"/>
  </testsuite>
  <testsuite errors="0" failures="0" hostname="fv-az14" name="FACTOR_LEVELS::datachk::shutdown" skipped="0" tests="3" time="0.282" timestamp="2020-09-12T14:34:57Z">
    <testcase classname="FACTOR_LEVELS_datachk_shutdown" name="shutdown" time="0.278999999999996"/>
    <testcase classname="FACTOR_LEVELS_datachk_shutdown" name="shutdown" time="0.000999999999976353"/>
    <testcase classname="FACTOR_LEVELS_datachk_shutdown" name="shutdown" time="0.00199999999995271"/>
  </testsuite>
  <testsuite errors="0" failures="0" hostname="fv-az14" name="FACTOR_LEVELS::datachk::done" skipped="0" tests="0" time="0" timestamp="2020-09-12T14:34:58Z"/>
  <testsuite errors="0" failures="0" hostname="fv-az14" name="TESTING::datachk::setup" skipped="0" tests="3" time="5.357" timestamp="2020-09-12T14:34:58Z">
    <testcase classname="TESTING_datachk_setup" name="setup" time="5.35500000000002"/>
    <testcase classname="TESTING_datachk_setup" name="setup" time="0.000999999999976353"/>
    <testcase classname="TESTING_datachk_setup" name="setup" time="0.00100000000009004"/>
  </testsuite>
  <testsuite errors="0" failures="0" hostname="fv-az14" name="TESTING::datachk" skipped="0" tests="310" time="17.667" timestamp="2020-09-12T14:35:03Z">
    <testcase classname="TESTING_datachk" name="Check_TESTING_dataset" time="0.604999999999905"/>
    <testcase classname="TESTING_datachk" name="Check_TESTING_dataset" time="0.00100000000009004"/>
    <testcase classname="TESTING_datachk" name="Check_TESTING_dataset" time="0.00199999999995271"/>
    <testcase classname="TESTING_datachk" name="Check_TESTING_dataset" time="0.000999999999976353"/>
    <testcase classname="TESTING_datachk" name="Check_TESTING_dataset" time="0.00200000000006639"/>
    <testcase classname="TESTING_datachk" name="Check_TESTING_dataset" time="0.000999999999976353"/>
    <testcase classname="TESTING_datachk" name="Check_TESTING_dataset" time="0.00199999999995271"/>
    <testcase classname="TESTING_datachk" name="Check_TESTING_dataset" time="0.272000000000048"/>
    <testcase classname="TESTING_datachk" name="Check_TESTING_dataset" time="0.000999999999976353"/>
    <testcase classname="TESTING_datachk" name="Check_TESTING_dataset" time="0.00200000000006639"/>
    <testcase classname="TESTING_datachk" name="Check_TESTING_dataset" time="0.00199999999995271"/>
    <testcase classname="TESTING_datachk" name="Check_TESTING_dataset" time="0.00199999999995271"/>
    <testcase classname="TESTING_datachk" name="Check_TESTING_dataset" time="0.00100000000009004"/>
    <testcase classname="TESTING_datachk" name="Check_TESTING_dataset" time="0.00199999999995271"/>
    <testcase classname="TESTING_datachk" name="Check_TESTING_dataset" time="0.00199999999995271"/>
    <testcase classname="TESTING_datachk" name="Check_TESTING_dataset" time="1.23400000000004"/>
    <testcase classname="TESTING_datachk" name="Check_TESTING_dataset" time="0.000999999999976353"/>
    <testcase classname="TESTING_datachk" name="Check_TESTING_dataset" time="0.00200000000006639"/>
    <testcase classname="TESTING_datachk" name="Check_TESTING_dataset" time="0.00199999999995271"/>
    <testcase classname="TESTING_datachk" name="Check_TESTING_dataset" time="0.000999999999976353"/>
    <testcase classname="TESTING_datachk" name="Check_TESTING_dataset" time="0.00200000000006639"/>
    <testcase classname="TESTING_datachk" name="Check_TESTING_dataset" time="0.00199999999995271"/>
    <testcase classname="TESTING_datachk" name="Check_TESTING_dataset" time="0.531000000000063"/>
    <testcase classname="TESTING_datachk" name="Check_TESTING_dataset" time="0.00199999999995271"/>
    <testcase classname="TESTING_datachk" name="Check_TESTING_dataset" time="0.00199999999995271"/>
    <testcase classname="TESTING_datachk" name="Check_TESTING_dataset" time="0.00200000000006639"/>
    <testcase classname="TESTING_datachk" name="Check_TESTING_dataset" time="0.00199999999995271"/>
    <testcase classname="TESTING_datachk" name="Check_TESTING_dataset" time="0.00200000000006639"/>
    <testcase classname="TESTING_datachk" name="Check_TESTING_dataset" time="0.00199999999995271"/>
    <testcase classname="TESTING_datachk" name="Check_TESTING_dataset" time="0.269000000000005"/>
    <testcase classname="TESTING_datachk" name="Check_TESTING_dataset" time="0.00200000000006639"/>
    <testcase classname="TESTING_datachk" name="Check_TESTING_dataset" time="0.00199999999995271"/>
    <testcase classname="TESTING_datachk" name="Check_TESTING_dataset" time="0.000999999999976353"/>
    <testcase classname="TESTING_datachk" name="Check_TESTING_dataset" time="0.00200000000006639"/>
    <testcase classname="TESTING_datachk" name="Check_TESTING_dataset" time="0.00199999999995271"/>
    <testcase classname="TESTING_datachk" name="Check_TESTING_dataset" time="0.00199999999995271"/>
    <testcase classname="TESTING_datachk" name="Check_TESTING_dataset" time="0.00100000000009004"/>
    <testcase classname="TESTING_datachk" name="Check_TESTING_dataset" time="0.00199999999995271"/>
    <testcase classname="TESTING_datachk" name="Check_TESTING_dataset" time="0.541000000000054"/>
    <testcase classname="TESTING_datachk" name="Check_TESTING_dataset" time="0.00199999999995271"/>
    <testcase classname="TESTING_datachk" name="Check_TESTING_dataset" time="0.00300000000004275"/>
    <testcase classname="TESTING_datachk" name="Check_TESTING_dataset" time="0.00199999999995271"/>
    <testcase classname="TESTING_datachk" name="Check_TESTING_dataset" time="0.00199999999995271"/>
    <testcase classname="TESTING_datachk" name="Check_TESTING_dataset" time="0.00200000000006639"/>
    <testcase classname="TESTING_datachk" name="Check_TESTING_dataset" time="0.00199999999995271"/>
    <testcase classname="TESTING_datachk" name="Check_TESTING_dataset" time="0.274999999999977"/>
    <testcase classname="TESTING_datachk" name="Check_TESTING_dataset" time="0.00200000000006639"/>
    <testcase classname="TESTING_datachk" name="Check_TESTING_dataset" time="0.000999999999976353"/>
    <testcase classname="TESTING_datachk" name="Check_TESTING_dataset" time="0.000999999999976353"/>
    <testcase classname="TESTING_datachk" name="Check_TESTING_dataset" time="0.00300000000004275"/>
    <testcase classname="TESTING_datachk" name="Check_TESTING_dataset" time="0.00200000000006639"/>
    <testcase classname="TESTING_datachk" name="Check_TESTING_dataset" time="0.00199999999995271"/>
    <testcase classname="TESTING_datachk" name="Check_TESTING_dataset" time="0.00199999999995271"/>
    <testcase classname="TESTING_datachk" name="Check_TESTING_dataset" time="0.00200000000006639"/>
    <testcase classname="TESTING_datachk" name="Check_TESTING_dataset" time="0.54200000000003"/>
    <testcase classname="TESTING_datachk" name="Check_TESTING_dataset" time="0.00199999999995271"/>
    <testcase classname="TESTING_datachk" name="Check_TESTING_dataset" time="0.00200000000006639"/>
    <testcase classname="TESTING_datachk" name="Check_TESTING_dataset" time="0.00199999999995271"/>
    <testcase classname="TESTING_datachk" name="Check_TESTING_dataset" time="0.00999999999999091"/>
    <testcase classname="TESTING_datachk" name="Check_TESTING_dataset" time="0.00199999999995271"/>
    <testcase classname="TESTING_datachk" name="Check_TESTING_dataset" time="0.00200000000006639"/>
    <testcase classname="TESTING_datachk" name="Check_TESTING_dataset" time="0.269000000000005"/>
    <testcase classname="TESTING_datachk" name="Check_TESTING_dataset" time="0.00199999999995271"/>
    <testcase classname="TESTING_datachk" name="Check_TESTING_dataset" time="0.00200000000006639"/>
    <testcase classname="TESTING_datachk" name="Check_TESTING_dataset" time="0.00199999999995271"/>
    <testcase classname="TESTING_datachk" name="Check_TESTING_dataset" time="0.00199999999995271"/>
    <testcase classname="TESTING_datachk" name="Check_TESTING_dataset" time="0.00200000000006639"/>
    <testcase classname="TESTING_datachk" name="Check_TESTING_dataset" time="0.00199999999995271"/>
    <testcase classname="TESTING_datachk" name="Check_TESTING_dataset" time="0.00200000000006639"/>
    <testcase classname="TESTING_datachk" name="Check_TESTING_dataset" time="0.00299999999992906"/>
    <testcase classname="TESTING_datachk" name="Check_TESTING_dataset" time="0.530000000000086"/>
    <testcase classname="TESTING_datachk" name="Check_TESTING_dataset" time="0.00299999999992906"/>
    <testcase classname="TESTING_datachk" name="Check_TESTING_dataset" time="0.00200000000006639"/>
    <testcase classname="TESTING_datachk" name="Check_TESTING_dataset" time="0.00199999999995271"/>
    <testcase classname="TESTING_datachk" name="Check_TESTING_dataset" time="0.00300000000004275"/>
    <testcase classname="TESTING_datachk" name="Check_TESTING_dataset" time="0.00199999999995271"/>
    <testcase classname="TESTING_datachk" name="Check_TESTING_dataset" time="0.00200000000006639"/>
    <testcase classname="TESTING_datachk" name="Check_TESTING_dataset" time="0.271999999999935"/>
    <testcase classname="TESTING_datachk" name="Check_TESTING_dataset" time="0.00199999999995271"/>
    <testcase classname="TESTING_datachk" name="Check_TESTING_dataset" time="0.00300000000004275"/>
    <testcase classname="TESTING_datachk" name="Check_TESTING_dataset" time="0.00200000000006639"/>
    <testcase classname="TESTING_datachk" name="Check_TESTING_dataset" time="0.00199999999995271"/>
    <testcase classname="TESTING_datachk" name="Check_TESTING_dataset" time="0.00199999999995271"/>
    <testcase classname="TESTING_datachk" name="Check_TESTING_dataset" time="0.00300000000004275"/>
    <testcase classname="TESTING_datachk" name="Check_TESTING_dataset" time="0.00199999999995271"/>
    <testcase classname="TESTING_datachk" name="Check_TESTING_dataset" time="0.00200000000006639"/>
    <testcase classname="TESTING_datachk" name="Check_TESTING_dataset" time="0.529999999999973"/>
    <testcase classname="TESTING_datachk" name="Check_TESTING_dataset" time="0.00300000000004275"/>
    <testcase classname="TESTING_datachk" name="Check_TESTING_dataset" time="0.00199999999995271"/>
    <testcase classname="TESTING_datachk" name="Check_TESTING_dataset" time="0.00300000000004275"/>
    <testcase classname="TESTING_datachk" name="Check_TESTING_dataset" time="0.00199999999995271"/>
    <testcase classname="TESTING_datachk" name="Check_TESTING_dataset" time="0.00300000000004275"/>
    <testcase classname="TESTING_datachk" name="Check_TESTING_dataset" time="0.00199999999995271"/>
    <testcase classname="TESTING_datachk" name="Check_TESTING_dataset" time="0.27800000000002"/>
    <testcase classname="TESTING_datachk" name="Check_TESTING_dataset" time="0.00200000000006639"/>
    <testcase classname="TESTING_datachk" name="Check_TESTING_dataset" time="0.00299999999992906"/>
    <testcase classname="TESTING_datachk" name="Check_TESTING_dataset" time="0.00300000000004275"/>
    <testcase classname="TESTING_datachk" name="Check_TESTING_dataset" time="0.00199999999995271"/>
    <testcase classname="TESTING_datachk" name="Check_TESTING_dataset" time="0.00300000000004275"/>
    <testcase classname="TESTING_datachk" name="Check_TESTING_dataset" time="0.00199999999995271"/>
    <testcase classname="TESTING_datachk" name="Check_TESTING_dataset" time="0.00200000000006639"/>
    <testcase classname="TESTING_datachk" name="Check_TESTING_dataset" time="0.00299999999992906"/>
    <testcase classname="TESTING_datachk" name="Check_TESTING_dataset" time="0.54200000000003"/>
    <testcase classname="TESTING_datachk" name="Check_TESTING_dataset" time="0.00300000000004275"/>
    <testcase classname="TESTING_datachk" name="Check_TESTING_dataset" time="0.00199999999995271"/>
    <testcase classname="TESTING_datachk" name="Check_TESTING_dataset" time="0.00300000000004275"/>
    <testcase classname="TESTING_datachk" name="Check_TESTING_dataset" time="0.00299999999992906"/>
    <testcase classname="TESTING_datachk" name="Check_TESTING_dataset" time="0.0040000000000191"/>
    <testcase classname="TESTING_datachk" name="Check_TESTING_dataset" time="0.00300000000004275"/>
    <testcase classname="TESTING_datachk" name="Check_TESTING_dataset" time="0.268000000000029"/>
    <testcase classname="TESTING_datachk" name="Check_TESTING_dataset" time="0.00299999999992906"/>
    <testcase classname="TESTING_datachk" name="Check_TESTING_dataset" time="0.00300000000004275"/>
    <testcase classname="TESTING_datachk" name="Check_TESTING_dataset" time="0.00299999999992906"/>
    <testcase classname="TESTING_datachk" name="Check_TESTING_dataset" time="0.00300000000004275"/>
    <testcase classname="TESTING_datachk" name="Check_TESTING_dataset" time="0.00200000000006639"/>
    <testcase classname="TESTING_datachk" name="Check_TESTING_dataset" time="0.00299999999992906"/>
    <testcase classname="TESTING_datachk" name="Check_TESTING_dataset" time="0.0040000000000191"/>
    <testcase classname="TESTING_datachk" name="Check_TESTING_dataset" time="0.00300000000004275"/>
    <testcase classname="TESTING_datachk" name="Check_TESTING_dataset" time="0.535999999999945"/>
    <testcase classname="TESTING_datachk" name="Check_TESTING_dataset" time="0.00300000000004275"/>
    <testcase classname="TESTING_datachk" name="Check_TESTING_dataset" time="0.00299999999992906"/>
    <testcase classname="TESTING_datachk" name="Check_TESTING_dataset" time="0.00300000000004275"/>
    <testcase classname="TESTING_datachk" name="Check_TESTING_dataset" time="0.00199999999995271"/>
    <testcase classname="TESTING_datachk" name="Check_TESTING_dataset" time="0.00300000000004275"/>
    <testcase classname="TESTING_datachk" name="Check_TESTING_dataset" time="0.00300000000004275"/>
    <testcase classname="TESTING_datachk" name="Check_TESTING_dataset" time="0.266999999999939"/>
    <testcase classname="TESTING_datachk" name="Check_TESTING_dataset" time="0.0130000000000337"/>
    <testcase classname="TESTING_datachk" name="Check_TESTING_dataset" time="0.0040000000000191"/>
    <testcase classname="TESTING_datachk" name="Check_TESTING_dataset" time="0.00299999999992906"/>
    <testcase classname="TESTING_datachk" name="Check_TESTING_dataset" time="0.0040000000000191"/>
    <testcase classname="TESTING_datachk" name="Check_TESTING_dataset" time="0.00300000000004275"/>
    <testcase classname="TESTING_datachk" name="Check_TESTING_dataset" time="0.0040000000000191"/>
    <testcase classname="TESTING_datachk" name="Check_TESTING_dataset" time="0.00299999999992906"/>
    <testcase classname="TESTING_datachk" name="Check_TESTING_dataset" time="0.00300000000004275"/>
    <testcase classname="TESTING_datachk" name="Check_TESTING_dataset" time="0.538000000000011"/>
    <testcase classname="TESTING_datachk" name="Check_TESTING_dataset" time="0.0040000000000191"/>
    <testcase classname="TESTING_datachk" name="Check_TESTING_dataset" time="0.00399999999990541"/>
    <testcase classname="TESTING_datachk" name="Check_TESTING_dataset" time="0.00300000000004275"/>
    <testcase classname="TESTING_datachk" name="Check_TESTING_dataset" time="0.00300000000004275"/>
    <testcase classname="TESTING_datachk" name="Check_TESTING_dataset" time="0.00399999999990541"/>
    <testcase classname="TESTING_datachk" name="Check_TESTING_dataset" time="0.0040000000000191"/>
    <testcase classname="TESTING_datachk" name="Check_TESTING_dataset" time="0.274000000000001"/>
    <testcase classname="TESTING_datachk" name="Check_TESTING_dataset" time="0.00300000000004275"/>
    <testcase classname="TESTING_datachk" name="Check_TESTING_dataset" time="0.0040000000000191"/>
    <testcase classname="TESTING_datachk" name="Check_TESTING_dataset" time="0.00199999999995271"/>
    <testcase classname="TESTING_datachk" name="Check_TESTING_dataset" time="0.0040000000000191"/>
    <testcase classname="TESTING_datachk" name="Check_TESTING_dataset" time="0.00300000000004275"/>
    <testcase classname="TESTING_datachk" name="Check_TESTING_dataset" time="0.00399999999990541"/>
    <testcase classname="TESTING_datachk" name="Check_TESTING_dataset" time="0.00300000000004275"/>
    <testcase classname="TESTING_datachk" name="Check_TESTING_dataset" time="0.0040000000000191"/>
    <testcase classname="TESTING_datachk" name="Check_TESTING_dataset" time="0.537000000000035"/>
    <testcase classname="TESTING_datachk" name="Check_TESTING_dataset" time="0.00399999999990541"/>
    <testcase classname="TESTING_datachk" name="Check_TESTING_dataset" time="0.0040000000000191"/>
    <testcase classname="TESTING_datachk" name="Check_TESTING_dataset" time="0.00300000000004275"/>
    <testcase classname="TESTING_datachk" name="Check_TESTING_dataset" time="0.00300000000004275"/>
    <testcase classname="TESTING_datachk" name="Check_TESTING_dataset" time="0.00399999999990541"/>
    <testcase classname="TESTING_datachk" name="Check_TESTING_dataset" time="0.0040000000000191"/>
    <testcase classname="TESTING_datachk" name="Check_TESTING_dataset" time="0.274999999999977"/>
    <testcase classname="TESTING_datachk" name="Check_TESTING_dataset" time="0.0040000000000191"/>
    <testcase classname="TESTING_datachk" name="Check_TESTING_dataset" time="0.0040000000000191"/>
    <testcase classname="TESTING_datachk" name="Check_TESTING_dataset" time="0.00300000000004275"/>
    <testcase classname="TESTING_datachk" name="Check_TESTING_dataset" time="0.0040000000000191"/>
    <testcase classname="TESTING_datachk" name="Check_TESTING_dataset" time="0.00399999999990541"/>
    <testcase classname="TESTING_datachk" name="Check_TESTING_dataset" time="0.00499999999999545"/>
    <testcase classname="TESTING_datachk" name="Check_TESTING_dataset" time="0.00300000000004275"/>
    <testcase classname="TESTING_datachk" name="Check_TESTING_dataset" time="0.0040000000000191"/>
    <testcase classname="TESTING_datachk" name="Check_TESTING_dataset" time="0.533999999999992"/>
    <testcase classname="TESTING_datachk" name="Check_TESTING_dataset" time="0.0040000000000191"/>
    <testcase classname="TESTING_datachk" name="Check_TESTING_dataset" time="0.00299999999992906"/>
    <testcase classname="TESTING_datachk" name="Check_TESTING_dataset" time="0.00300000000004275"/>
    <testcase classname="TESTING_datachk" name="Check_TESTING_dataset" time="0.0040000000000191"/>
    <testcase classname="TESTING_datachk" name="Check_TESTING_dataset" time="0.00299999999992906"/>
    <testcase classname="TESTING_datachk" name="Check_TESTING_dataset" time="0.0040000000000191"/>
    <testcase classname="TESTING_datachk" name="Check_TESTING_dataset" time="0.269999999999982"/>
    <testcase classname="TESTING_datachk" name="Check_TESTING_dataset" time="0.0040000000000191"/>
    <testcase classname="TESTING_datachk" name="Check_TESTING_dataset" time="0.0040000000000191"/>
    <testcase classname="TESTING_datachk" name="Check_TESTING_dataset" time="0.00499999999999545"/>
    <testcase classname="TESTING_datachk" name="Check_TESTING_dataset" time="0.0040000000000191"/>
    <testcase classname="TESTING_datachk" name="Check_TESTING_dataset" time="0.0040000000000191"/>
    <testcase classname="TESTING_datachk" name="Check_TESTING_dataset" time="0.00499999999999545"/>
    <testcase classname="TESTING_datachk" name="Check_TESTING_dataset" time="0.0040000000000191"/>
    <testcase classname="TESTING_datachk" name="Check_TESTING_dataset" time="0.0040000000000191"/>
    <testcase classname="TESTING_datachk" name="Check_TESTING_dataset" time="0.533000000000015"/>
    <testcase classname="TESTING_datachk" name="Check_TESTING_dataset" time="0.00399999999990541"/>
    <testcase classname="TESTING_datachk" name="Check_TESTING_dataset" time="0.0120000000000573"/>
    <testcase classname="TESTING_datachk" name="Check_TESTING_dataset" time="0.0040000000000191"/>
    <testcase classname="TESTING_datachk" name="Check_TESTING_dataset" time="0.00299999999992906"/>
    <testcase classname="TESTING_datachk" name="Check_TESTING_dataset" time="0.0040000000000191"/>
    <testcase classname="TESTING_datachk" name="Check_TESTING_dataset" time="0.00300000000004275"/>
    <testcase classname="TESTING_datachk" name="Check_TESTING_dataset" time="0.274999999999977"/>
    <testcase classname="TESTING_datachk" name="Check_TESTING_dataset" time="0.0040000000000191"/>
    <testcase classname="TESTING_datachk" name="Check_TESTING_dataset" time="0.0040000000000191"/>
    <testcase classname="TESTING_datachk" name="Check_TESTING_dataset" time="0.0040000000000191"/>
    <testcase classname="TESTING_datachk" name="Check_TESTING_dataset" time="0.00399999999990541"/>
    <testcase classname="TESTING_datachk" name="Check_TESTING_dataset" time="0.00300000000004275"/>
    <testcase classname="TESTING_datachk" name="Check_TESTING_dataset" time="0.0040000000000191"/>
    <testcase classname="TESTING_datachk" name="Check_TESTING_dataset" time="0.0040000000000191"/>
    <testcase classname="TESTING_datachk" name="Check_TESTING_dataset" time="0.00299999999992906"/>
    <testcase classname="TESTING_datachk" name="Check_TESTING_dataset" time="0.532000000000039"/>
    <testcase classname="TESTING_datachk" name="Check_TESTING_dataset" time="0.00499999999999545"/>
    <testcase classname="TESTING_datachk" name="Check_TESTING_dataset" time="0.0040000000000191"/>
    <testcase classname="TESTING_datachk" name="Check_TESTING_dataset" time="0.0040000000000191"/>
    <testcase classname="TESTING_datachk" name="Check_TESTING_dataset" time="0.00499999999999545"/>
    <testcase classname="TESTING_datachk" name="Check_TESTING_dataset" time="0.0040000000000191"/>
    <testcase classname="TESTING_datachk" name="Check_TESTING_dataset" time="0.00399999999990541"/>
    <testcase classname="TESTING_datachk" name="Check_TESTING_dataset" time="0.273000000000025"/>
    <testcase classname="TESTING_datachk" name="Check_TESTING_dataset" time="0.0040000000000191"/>
    <testcase classname="TESTING_datachk" name="Check_TESTING_dataset" time="0.00499999999999545"/>
    <testcase classname="TESTING_datachk" name="Check_TESTING_dataset" time="0.0040000000000191"/>
    <testcase classname="TESTING_datachk" name="Check_TESTING_dataset" time="0.0040000000000191"/>
    <testcase classname="TESTING_datachk" name="Check_TESTING_dataset" time="0.00399999999990541"/>
    <testcase classname="TESTING_datachk" name="Check_TESTING_dataset" time="0.00500000000010914"/>
    <testcase classname="TESTING_datachk" name="Check_TESTING_dataset" time="0.00399999999990541"/>
    <testcase classname="TESTING_datachk" name="Check_TESTING_dataset" time="0.00499999999999545"/>
    <testcase classname="TESTING_datachk" name="Check_TESTING_dataset" time="0.541000000000054"/>
    <testcase classname="TESTING_datachk" name="Check_TESTING_dataset" time="0.0040000000000191"/>
    <testcase classname="TESTING_datachk" name="Check_TESTING_dataset" time="0.0040000000000191"/>
    <testcase classname="TESTING_datachk" name="Check_TESTING_dataset" time="0.00399999999990541"/>
    <testcase classname="TESTING_datachk" name="Check_TESTING_dataset" time="0.0040000000000191"/>
    <testcase classname="TESTING_datachk" name="Check_TESTING_dataset" time="0.0040000000000191"/>
    <testcase classname="TESTING_datachk" name="Check_TESTING_dataset" time="0.00499999999999545"/>
    <testcase classname="TESTING_datachk" name="Check_TESTING_dataset" time="0.274999999999977"/>
    <testcase classname="TESTING_datachk" name="Check_TESTING_dataset" time="0.00499999999999545"/>
    <testcase classname="TESTING_datachk" name="Check_TESTING_dataset" time="0.0040000000000191"/>
    <testcase classname="TESTING_datachk" name="Check_TESTING_dataset" time="0.0040000000000191"/>
    <testcase classname="TESTING_datachk" name="Check_TESTING_dataset" time="0.0040000000000191"/>
    <testcase classname="TESTING_datachk" name="Check_TESTING_dataset" time="0.00499999999999545"/>
    <testcase classname="TESTING_datachk" name="Check_TESTING_dataset" time="0.0040000000000191"/>
    <testcase classname="TESTING_datachk" name="Check_TESTING_dataset" time="0.00499999999999545"/>
    <testcase classname="TESTING_datachk" name="Check_TESTING_dataset" time="0.00499999999999545"/>
    <testcase classname="TESTING_datachk" name="Check_TESTING_dataset" time="0.531999999999925"/>
    <testcase classname="TESTING_datachk" name="Check_TESTING_dataset" time="0.00500000000010914"/>
    <testcase classname="TESTING_datachk" name="Check_TESTING_dataset" time="0.00499999999999545"/>
    <testcase classname="TESTING_datachk" name="Check_TESTING_dataset" time="0.00399999999990541"/>
    <testcase classname="TESTING_datachk" name="Check_TESTING_dataset" time="0.00499999999999545"/>
    <testcase classname="TESTING_datachk" name="Check_TESTING_dataset" time="0.0040000000000191"/>
    <testcase classname="TESTING_datachk" name="Check_TESTING_dataset" time="0.00499999999999545"/>
    <testcase classname="TESTING_datachk" name="Check_TESTING_dataset" time="0.269000000000005"/>
    <testcase classname="TESTING_datachk" name="Check_TESTING_dataset" time="0.00499999999999545"/>
    <testcase classname="TESTING_datachk" name="Check_TESTING_dataset" time="0.0040000000000191"/>
    <testcase classname="TESTING_datachk" name="Check_TESTING_dataset" time="0.00499999999999545"/>
    <testcase classname="TESTING_datachk" name="Check_TESTING_dataset" time="0.0040000000000191"/>
    <testcase classname="TESTING_datachk" name="Check_TESTING_dataset" time="0.0040000000000191"/>
    <testcase classname="TESTING_datachk" name="Check_TESTING_dataset" time="0.00499999999999545"/>
    <testcase classname="TESTING_datachk" name="Check_TESTING_dataset" time="0.0040000000000191"/>
    <testcase classname="TESTING_datachk" name="Check_TESTING_dataset" time="0.0040000000000191"/>
    <testcase classname="TESTING_datachk" name="Check_TESTING_dataset" time="0.536999999999921"/>
    <testcase classname="TESTING_datachk" name="Check_TESTING_dataset" time="0.0040000000000191"/>
    <testcase classname="TESTING_datachk" name="Check_TESTING_dataset" time="0.00599999999997181"/>
    <testcase classname="TESTING_datachk" name="Check_TESTING_dataset" time="0.00499999999999545"/>
    <testcase classname="TESTING_datachk" name="Check_TESTING_dataset" time="0.00499999999999545"/>
    <testcase classname="TESTING_datachk" name="Check_TESTING_dataset" time="0.00600000000008549"/>
    <testcase classname="TESTING_datachk" name="Check_TESTING_dataset" time="0.00499999999999545"/>
    <testcase classname="TESTING_datachk" name="Check_TESTING_dataset" time="0.274999999999977"/>
    <testcase classname="TESTING_datachk" name="Check_TESTING_dataset" time="0.00499999999999545"/>
    <testcase classname="TESTING_datachk" name="Check_TESTING_dataset" time="0.0040000000000191"/>
    <testcase classname="TESTING_datachk" name="Check_TESTING_dataset" time="0.00599999999997181"/>
    <testcase classname="TESTING_datachk" name="Check_TESTING_dataset" time="0.00499999999999545"/>
    <testcase classname="TESTING_datachk" name="Check_TESTING_dataset" time="0.00499999999999545"/>
    <testcase classname="TESTING_datachk" name="Check_TESTING_dataset" time="0.0040000000000191"/>
    <testcase classname="TESTING_datachk" name="Check_TESTING_dataset" time="0.00499999999999545"/>
    <testcase classname="TESTING_datachk" name="Check_TESTING_dataset" time="0.00499999999999545"/>
    <testcase classname="TESTING_datachk" name="Check_TESTING_dataset" time="0.549999999999955"/>
    <testcase classname="TESTING_datachk" name="Check_TESTING_dataset" time="0.00499999999999545"/>
    <testcase classname="TESTING_datachk" name="Check_TESTING_dataset" time="0.00499999999999545"/>
    <testcase classname="TESTING_datachk" name="Check_TESTING_dataset" time="0.00500000000010914"/>
    <testcase classname="TESTING_datachk" name="Check_TESTING_dataset" time="0.00499999999999545"/>
    <testcase classname="TESTING_datachk" name="Check_TESTING_dataset" time="0.00499999999999545"/>
    <testcase classname="TESTING_datachk" name="Check_TESTING_dataset" time="0.00499999999999545"/>
    <testcase classname="TESTING_datachk" name="Check_TESTING_dataset" time="0.27699999999993"/>
    <testcase classname="TESTING_datachk" name="Check_TESTING_dataset" time="0.00499999999999545"/>
    <testcase classname="TESTING_datachk" name="Check_TESTING_dataset" time="0.00600000000008549"/>
    <testcase classname="TESTING_datachk" name="Check_TESTING_dataset" time="0.00399999999990541"/>
    <testcase classname="TESTING_datachk" name="Check_TESTING_dataset" time="0.00499999999999545"/>
    <testcase classname="TESTING_datachk" name="Check_TESTING_dataset" time="0.00499999999999545"/>
    <testcase classname="TESTING_datachk" name="Check_TESTING_dataset" time="0.00600000000008549"/>
    <testcase classname="TESTING_datachk" name="Check_TESTING_dataset" time="0.00599999999997181"/>
    <testcase classname="TESTING_datachk" name="Check_TESTING_dataset" time="0.00499999999999545"/>
    <testcase classname="TESTING_datachk" name="Check_TESTING_dataset" time="0.532000000000039"/>
    <testcase classname="TESTING_datachk" name="Check_TESTING_dataset" time="0.00699999999994816"/>
    <testcase classname="TESTING_datachk" name="Check_TESTING_dataset" time="0.00599999999997181"/>
    <testcase classname="TESTING_datachk" name="Check_TESTING_dataset" time="0.00600000000008549"/>
    <testcase classname="TESTING_datachk" name="Check_TESTING_dataset" time="0.00499999999999545"/>
    <testcase classname="TESTING_datachk" name="Check_TESTING_dataset" time="0.00499999999999545"/>
    <testcase classname="TESTING_datachk" name="Check_TESTING_dataset" time="0.01299999999992"/>
    <testcase classname="TESTING_datachk" name="Check_TESTING_dataset" time="0.27800000000002"/>
    <testcase classname="TESTING_datachk" name="Check_TESTING_dataset" time="0.00499999999999545"/>
    <testcase classname="TESTING_datachk" name="Check_TESTING_dataset" time="0.00599999999997181"/>
    <testcase classname="TESTING_datachk" name="Check_TESTING_dataset" time="0.00500000000010914"/>
    <testcase classname="TESTING_datachk" name="Check_TESTING_dataset" time="0.00399999999990541"/>
    <testcase classname="TESTING_datachk" name="Check_TESTING_dataset" time="0.00499999999999545"/>
    <testcase classname="TESTING_datachk" name="Check_TESTING_dataset" time="0.00600000000008549"/>
    <testcase classname="TESTING_datachk" name="Check_TESTING_dataset" time="0.00399999999990541"/>
    <testcase classname="TESTING_datachk" name="Check_TESTING_dataset" time="0.00600000000008549"/>
    <testcase classname="TESTING_datachk" name="Check_TESTING_dataset" time="0.533000000000015"/>
    <testcase classname="TESTING_datachk" name="Check_TESTING_dataset" time="0.00599999999997181"/>
    <testcase classname="TESTING_datachk" name="Check_TESTING_dataset" time="0.00599999999997181"/>
    <testcase classname="TESTING_datachk" name="Check_TESTING_dataset" time="0.00499999999999545"/>
    <testcase classname="TESTING_datachk" name="Check_TESTING_dataset" time="0.00499999999999545"/>
    <testcase classname="TESTING_datachk" name="Check_TESTING_dataset" time="0.00599999999997181"/>
    <testcase classname="TESTING_datachk" name="Check_TESTING_dataset" time="0.00600000000008549"/>
    <testcase classname="TESTING_datachk" name="Check_TESTING_dataset" time="0.269000000000005"/>
    <testcase classname="TESTING_datachk" name="Check_TESTING_dataset" time="0.00599999999997181"/>
    <testcase classname="TESTING_datachk" name="Check_TESTING_dataset" time="0.00599999999997181"/>
    <testcase classname="TESTING_datachk" name="Check_TESTING_dataset" time="0.00499999999999545"/>
    <testcase classname="TESTING_datachk" name="Check_TESTING_dataset" time="0.00599999999997181"/>
    <testcase classname="TESTING_datachk" name="Check_TESTING_dataset" time="0.00499999999999545"/>
    <testcase classname="TESTING_datachk" name="Check_TESTING_dataset" time="0.0120000000000573"/>
    <testcase classname="TESTING_datachk" name="Check_TESTING_dataset" time="0.00599999999997181"/>
    <testcase classname="TESTING_datachk" name="Check_TESTING_dataset" time="0.00499999999999545"/>
  </testsuite>
  <testsuite errors="0" failures="0" hostname="fv-az14" name="TESTING::datachk::shutdown" skipped="0" tests="3" time="0.345" timestamp="2020-09-12T14:35:21Z">
    <testcase classname="TESTING_datachk_shutdown" name="shutdown" time="0.341999999999985"/>
    <testcase classname="TESTING_datachk_shutdown" name="shutdown" time="0.00200000000006639"/>
    <testcase classname="TESTING_datachk_shutdown" name="shutdown" time="0.000999999999976353"/>
  </testsuite>
  <testsuite errors="0" failures="0" hostname="fv-az14" name="TESTING::datachk::done" skipped="0" tests="0" time="0" timestamp="2020-09-12T14:35:22Z"/>
  <testsuite errors="0" failures="0" hostname="fv-az14" name="ds.cor::disc::setup" skipped="0" tests="3" time="5.208" timestamp="2020-09-12T14:35:22Z">
    <testcase classname="ds.cor_disc_setup" name="setup" time="5.20600000000002"/>
    <testcase classname="ds.cor_disc_setup" name="setup" time="0.000999999999976353"/>
    <testcase classname="ds.cor_disc_setup" name="setup" time="0.000999999999976353"/>
  </testsuite>
  <testsuite errors="0" failures="0" hostname="fv-az14" name="ds.cor::disc" skipped="2" tests="33" time="10.511" timestamp="2020-09-12T14:35:26Z">
    <testcase classname="ds.cor_disc" name="simple_D3_setup" time="8.024"/>
    <testcase classname="ds.cor_disc" name="simple_D3_setup" time="0.00100000000009004"/>
    <testcase classname="ds.cor_disc" name="simple_D3_setup" time="0.00199999999995271"/>
    <testcase classname="ds.cor_disc" name="simple_D3_setup" time="0.000999999999976353"/>
    <testcase classname="ds.cor_disc" name="simple_D3_setup" time="0.000999999999976353"/>
    <testcase classname="ds.cor_disc" name="simple_D3_setup" time="0.00100000000009004"/>
    <testcase classname="ds.cor_disc" name="simple_D3_setup" time="0.00199999999995271"/>
    <testcase classname="ds.cor_disc" name="simple_D3_setup" time="0.000999999999976353"/>
    <testcase classname="ds.cor_disc" name="simple_D3_setup" time="0.00100000000009004"/>
    <testcase classname="ds.cor_disc" name="simple_D3_setup" time="0.00199999999995271"/>
    <testcase classname="ds.cor_disc" name="simple_D3_setup" time="0.000999999999976353"/>
    <testcase classname="ds.cor_disc" name="simple_D3_setup" time="0.000999999999976353"/>
    <testcase classname="ds.cor_disc" name="simple_D3_setup" time="0.00200000000006639"/>
    <testcase classname="ds.cor_disc" name="simple_disc_test_naAction_casewise.complete_type_split_" time="1.21699999999998"/>
    <testcase classname="ds.cor_disc" name="simple_disc_test_naAction_casewise.complete_type_split_" time="0.000999999999976353"/>
    <testcase classname="ds.cor_disc" name="simple_disc_test_naAction_casewise.complete_type_split_" time="0.00200000000006639"/>
    <testcase classname="ds.cor_disc" name="simple_disc_test_naAction_casewise.complete_type_split_" time="0.000999999999976353"/>
    <testcase classname="ds.cor_disc" name="simple_disc_test_naAction_casewise.complete_type_split_" time="0.00199999999995271"/>
    <testcase classname="ds.cor_disc" name="simple_disc_test_naAction_casewise.complete_type_split_" time="0.000999999999976353"/>
    <testcase classname="ds.cor_disc" name="simple_disc_test_naAction_casewise.complete_type_split_" time="0.00200000000006639"/>
    <testcase classname="ds.cor_disc" name="simple_disc_test_naAction_casewise.complete_type_split_" time="0.000999999999976353"/>
    <testcase classname="ds.cor_disc" name="simple_disc_test_naAction_casewise.complete_type_split_" time="0.00199999999995271"/>
    <testcase classname="ds.cor_disc" name="simple_disc_test_naAction_casewise.complete_type_split_" time="0.00100000000009004"/>
    <testcase classname="ds.cor_disc" name="simple_disc_test_naAction_pairwise.complete_type_split_" time="0.00199999999995271">
      <skipped/>
    </testcase>
    <testcase classname="ds.cor_disc" name="simple_disc_test_naAction_casewise.complete_type_combine_" time="1.21699999999998"/>
    <testcase classname="ds.cor_disc" name="simple_disc_test_naAction_casewise.complete_type_combine_" time="0.00200000000006639"/>
    <testcase classname="ds.cor_disc" name="simple_disc_test_naAction_casewise.complete_type_combine_" time="0.00199999999995271"/>
    <testcase classname="ds.cor_disc" name="simple_disc_test_naAction_casewise.complete_type_combine_" time="0.00999999999999091"/>
    <testcase classname="ds.cor_disc" name="simple_disc_test_naAction_casewise.complete_type_combine_" time="0.000999999999976353"/>
    <testcase classname="ds.cor_disc" name="simple_disc_test_naAction_casewise.complete_type_combine_" time="0.00200000000006639"/>
    <testcase classname="ds.cor_disc" name="simple_disc_test_naAction_casewise.complete_type_combine_" time="0.00199999999995271"/>
    <testcase classname="ds.cor_disc" name="simple_disc_test_naAction_casewise.complete_type_combine_" time="0.000999999999976353"/>
    <testcase classname="ds.cor_disc" name="simple_disc_test_naAction_pairwise.complete_type_combine_" time="0.00200000000006639">
      <skipped/>
    </testcase>
  </testsuite>
  <testsuite errors="0" failures="0" hostname="fv-az14" name="ds.cor::disc::shutdown" skipped="0" tests="3" time="0.275" timestamp="2020-09-12T14:35:37Z">
    <testcase classname="ds.cor_disc_shutdown" name="shutdown" time="0.273000000000025"/>
    <testcase classname="ds.cor_disc_shutdown" name="shutdown" time="0.000999999999976353"/>
    <testcase classname="ds.cor_disc_shutdown" name="shutdown" time="0.000999999999976353"/>
  </testsuite>
  <testsuite errors="0" failures="0" hostname="fv-az14" name="ds.cor::disc::done" skipped="0" tests="0" time="0" timestamp="2020-09-12T14:35:38Z"/>
  <testsuite errors="0" failures="0" hostname="fv-az14" name="ds.cov::disc::setup" skipped="0" tests="3" time="5.361" timestamp="2020-09-12T14:35:38Z">
    <testcase classname="ds.cov_disc_setup" name="setup" time="5.35900000000004"/>
    <testcase classname="ds.cov_disc_setup" name="setup" time="0.000999999999976353"/>
    <testcase classname="ds.cov_disc_setup" name="setup" time="0.000999999999976353"/>
  </testsuite>
  <testsuite errors="0" failures="0" hostname="fv-az14" name="ds.cov::disc" skipped="2" tests="33" time="10.65" timestamp="2020-09-12T14:35:42Z">
    <testcase classname="ds.cov_disc" name="simple_D3_setup" time="8.11699999999996"/>
    <testcase classname="ds.cov_disc" name="simple_D3_setup" time="0.00100000000009004"/>
    <testcase classname="ds.cov_disc" name="simple_D3_setup" time="0.00199999999995271"/>
    <testcase classname="ds.cov_disc" name="simple_D3_setup" time="0.000999999999976353"/>
    <testcase classname="ds.cov_disc" name="simple_D3_setup" time="0.000999999999976353"/>
    <testcase classname="ds.cov_disc" name="simple_D3_setup" time="0.00200000000006639"/>
    <testcase classname="ds.cov_disc" name="simple_D3_setup" time="0.000999999999976353"/>
    <testcase classname="ds.cov_disc" name="simple_D3_setup" time="0.00199999999995271"/>
    <testcase classname="ds.cov_disc" name="simple_D3_setup" time="0.00100000000009004"/>
    <testcase classname="ds.cov_disc" name="simple_D3_setup" time="0.00199999999995271"/>
    <testcase classname="ds.cov_disc" name="simple_D3_setup" time="0.000999999999976353"/>
    <testcase classname="ds.cov_disc" name="simple_D3_setup" time="0.00999999999999091"/>
    <testcase classname="ds.cov_disc" name="simple_D3_setup" time="0.00200000000006639"/>
    <testcase classname="ds.cov_disc" name="simple_disc_test_naAction_casewise.complete_type_split_" time="1.23500000000001"/>
    <testcase classname="ds.cov_disc" name="simple_disc_test_naAction_casewise.complete_type_split_" time="0.00199999999995271"/>
    <testcase classname="ds.cov_disc" name="simple_disc_test_naAction_casewise.complete_type_split_" time="0.000999999999976353"/>
    <testcase classname="ds.cov_disc" name="simple_disc_test_naAction_casewise.complete_type_split_" time="0.00200000000006639"/>
    <testcase classname="ds.cov_disc" name="simple_disc_test_naAction_casewise.complete_type_split_" time="0.000999999999976353"/>
    <testcase classname="ds.cov_disc" name="simple_disc_test_naAction_casewise.complete_type_split_" time="0.00199999999995271"/>
    <testcase classname="ds.cov_disc" name="simple_disc_test_naAction_casewise.complete_type_split_" time="0.00200000000006639"/>
    <testcase classname="ds.cov_disc" name="simple_disc_test_naAction_casewise.complete_type_split_" time="0.000999999999976353"/>
    <testcase classname="ds.cov_disc" name="simple_disc_test_naAction_casewise.complete_type_split_" time="0.00199999999995271"/>
    <testcase classname="ds.cov_disc" name="simple_disc_test_naAction_casewise.complete_type_split_" time="0.00100000000009004"/>
    <testcase classname="ds.cov_disc" name="simple_disc_test_naAction_pairwise.complete_type_split_" time="0.00299999999992906">
      <skipped/>
    </testcase>
    <testcase classname="ds.cov_disc" name="simple_disc_test_naAction_casewise.complete_type_combine_" time="1.24000000000001"/>
    <testcase classname="ds.cov_disc" name="simple_disc_test_naAction_casewise.complete_type_combine_" time="0.00200000000006639"/>
    <testcase classname="ds.cov_disc" name="simple_disc_test_naAction_casewise.complete_type_combine_" time="0.00199999999995271"/>
    <testcase classname="ds.cov_disc" name="simple_disc_test_naAction_casewise.complete_type_combine_" time="0.00199999999995271"/>
    <testcase classname="ds.cov_disc" name="simple_disc_test_naAction_casewise.complete_type_combine_" time="0.00200000000006639"/>
    <testcase classname="ds.cov_disc" name="simple_disc_test_naAction_casewise.complete_type_combine_" time="0.00199999999995271"/>
    <testcase classname="ds.cov_disc" name="simple_disc_test_naAction_casewise.complete_type_combine_" time="0.000999999999976353"/>
    <testcase classname="ds.cov_disc" name="simple_disc_test_naAction_casewise.complete_type_combine_" time="0.00200000000006639"/>
    <testcase classname="ds.cov_disc" name="simple_disc_test_naAction_pairwise.complete_type_combine_" time="0.00199999999995271">
      <skipped/>
    </testcase>
  </testsuite>
  <testsuite errors="0" failures="0" hostname="fv-az14" name="ds.cov::disc::shutdown" skipped="0" tests="3" time="0.29" timestamp="2020-09-12T14:35:53Z">
    <testcase classname="ds.cov_disc_shutdown" name="shutdown" time="0.287000000000035"/>
    <testcase classname="ds.cov_disc_shutdown" name="shutdown" time="0.00199999999995271"/>
    <testcase classname="ds.cov_disc_shutdown" name="shutdown" time="0.00100000000009004"/>
  </testsuite>
  <testsuite errors="0" failures="0" hostname="fv-az14" name="ds.cov::disc::done" skipped="0" tests="0" time="0" timestamp="2020-09-12T14:35:54Z"/>
  <testsuite errors="0" failures="0" hostname="fv-az14" name="ds.levels::disc::setup" skipped="0" tests="3" time="5.531" timestamp="2020-09-12T14:35:54Z">
    <testcase classname="ds.levels_disc_setup" name="setup" time="5.52799999999991"/>
    <testcase classname="ds.levels_disc_setup" name="setup" time="0.00100000000009004"/>
    <testcase classname="ds.levels_disc_setup" name="setup" time="0.00199999999995271"/>
  </testsuite>
  <testsuite errors="0" failures="0" hostname="fv-az14" name="ds.levels::disc" skipped="1" tests="1" time="0.006" timestamp="2020-09-12T14:35:59Z">
    <testcase classname="ds.levels_disc" name="simple_levels" time="0.00599999999997181">
      <skipped/>
    </testcase>
  </testsuite>
  <testsuite errors="0" failures="0" hostname="fv-az14" name="ds.levels::disc::shutdown" skipped="0" tests="3" time="0.295" timestamp="2020-09-12T14:35:59Z">
    <testcase classname="ds.levels_disc_shutdown" name="shutdown" time="0.29200000000003"/>
    <testcase classname="ds.levels_disc_shutdown" name="shutdown" time="0.000999999999976353"/>
    <testcase classname="ds.levels_disc_shutdown" name="shutdown" time="0.00200000000006639"/>
  </testsuite>
  <testsuite errors="0" failures="0" hostname="fv-az14" name="ds.levels::disc::done" skipped="0" tests="0" time="0" timestamp="2020-09-12T14:36:00Z"/>
  <testsuite errors="0" failures="0" hostname="fv-az14" name="ds.meanByClass::disc::setup" skipped="0" tests="0" time="0" timestamp="2020-09-12T14:36:00Z"/>
  <testsuite errors="0" failures="0" hostname="fv-az14" name="ds.meanByClass::disc::test errors" skipped="1" tests="1" time="5.383" timestamp="2020-09-12T14:36:04Z">
    <testcase classname="ds.meanByClass_disc_test_errors" name="meanByClass_erros" time="5.38299999999992">
      <skipped/>
    </testcase>
  </testsuite>
  <testsuite errors="0" failures="0" hostname="fv-az14" name="ds.meanByClass::disc::teardown" skipped="0" tests="0" time="0" timestamp="2020-09-12T14:36:05Z"/>
  <testsuite errors="0" failures="0" hostname="fv-az14" name="ds.meanByClass::disc::done" skipped="0" tests="0" time="0" timestamp="2020-09-12T14:36:05Z"/>
  <testsuite errors="0" failures="0" hostname="fv-az14" name="ds.mean::disc::type=both" skipped="1" tests="1" time="5.163" timestamp="2020-09-12T14:36:10Z">
    <testcase classname="ds.mean_disc_type_both" name="mean_values_both_" time="5.16300000000001">
      <skipped/>
    </testcase>
  </testsuite>
  <testsuite errors="0" failures="0" hostname="fv-az14" name="ds.rm::disc" skipped="0" tests="31" time="6.381" timestamp="2020-09-12T14:36:15Z">
    <testcase classname="ds.rm_disc" name="justovertest" time="5.50200000000007"/>
    <testcase classname="ds.rm_disc" name="justovertest" time="0.00199999999995271"/>
    <testcase classname="ds.rm_disc" name="justovertest" time="0.000999999999976353"/>
    <testcase classname="ds.rm_disc" name="justovertest" time="0.000999999999976353"/>
    <testcase classname="ds.rm_disc" name="justovertest" time="0.00200000000006639"/>
    <testcase classname="ds.rm_disc" name="justovertest" time="0.000999999999976353"/>
    <testcase classname="ds.rm_disc" name="justovertest" time="0.00199999999995271"/>
    <testcase classname="ds.rm_disc" name="justovertest" time="0.275000000000091"/>
    <testcase classname="ds.rm_disc" name="justovertest" time="0.00199999999995271"/>
    <testcase classname="ds.rm_disc" name="justovertest" time="0.00200000000006639"/>
    <testcase classname="ds.rm_disc" name="justovertest" time="0.00199999999995271"/>
    <testcase classname="ds.rm_disc" name="justovertest" time="0.00199999999995271"/>
    <testcase classname="ds.rm_disc" name="justovertest" time="0.00100000000009004"/>
    <testcase classname="ds.rm_disc" name="justovertest" time="0.00199999999995271"/>
    <testcase classname="ds.rm_disc" name="justovertest" time="0.00199999999995271"/>
    <testcase classname="ds.rm_disc" name="justovertest" time="0.00100000000009004"/>
    <testcase classname="ds.rm_disc" name="justovertest" time="0.00199999999995271"/>
    <testcase classname="ds.rm_disc" name="simple_test" time="0.277000000000044"/>
    <testcase classname="ds.rm_disc" name="simple_test" time="0.00199999999995271"/>
    <testcase classname="ds.rm_disc" name="simple_test" time="0.00199999999995271"/>
    <testcase classname="ds.rm_disc" name="simple_test" time="0.00100000000009004"/>
    <testcase classname="ds.rm_disc" name="simple_test" time="0.00199999999995271"/>
    <testcase classname="ds.rm_disc" name="simple_test" time="0.00199999999995271"/>
    <testcase classname="ds.rm_disc" name="simple_test" time="0.00100000000009004"/>
    <testcase classname="ds.rm_disc" name="simple_test" time="0.279999999999973"/>
    <testcase classname="ds.rm_disc" name="simple_test" time="0.00199999999995271"/>
    <testcase classname="ds.rm_disc" name="simple_test" time="0.00199999999995271"/>
    <testcase classname="ds.rm_disc" name="simple_test" time="0.00199999999995271"/>
    <testcase classname="ds.rm_disc" name="simple_test" time="0.00200000000006639"/>
    <testcase classname="ds.rm_disc" name="simple_test" time="0.00199999999995271"/>
    <testcase classname="ds.rm_disc" name="simple_test" time="0.00200000000006639"/>
  </testsuite>
  <testsuite errors="0" failures="0" hostname="fv-az14" name="ds.sample::disc::setup" skipped="0" tests="0" time="0" timestamp="2020-09-12T14:36:17Z"/>
  <testsuite errors="0" failures="0" hostname="fv-az14" name="ds.sample::disc::test disclosure" skipped="0" tests="35" time="13.326" timestamp="2020-09-12T14:36:21Z">
    <testcase classname="ds.sample_disc_test_disclosure" name="cov_erros" time="6.73099999999999"/>
    <testcase classname="ds.sample_disc_test_disclosure" name="cov_erros" time="0.00199999999995271"/>
    <testcase classname="ds.sample_disc_test_disclosure" name="cov_erros" time="0.00200000000006639"/>
    <testcase classname="ds.sample_disc_test_disclosure" name="cov_erros" time="0.000999999999976353"/>
    <testcase classname="ds.sample_disc_test_disclosure" name="cov_erros" time="0.000999999999976353"/>
    <testcase classname="ds.sample_disc_test_disclosure" name="cov_erros" time="0.00199999999995271"/>
    <testcase classname="ds.sample_disc_test_disclosure" name="cov_erros" time="0.00200000000006639"/>
    <testcase classname="ds.sample_disc_test_disclosure" name="cov_erros" time="1.53499999999997"/>
    <testcase classname="ds.sample_disc_test_disclosure" name="cov_erros" time="0.00199999999995271"/>
    <testcase classname="ds.sample_disc_test_disclosure" name="cov_erros" time="0.00100000000009004"/>
    <testcase classname="ds.sample_disc_test_disclosure" name="cov_erros" time="0.00199999999995271"/>
    <testcase classname="ds.sample_disc_test_disclosure" name="cov_erros" time="0.000999999999976353"/>
    <testcase classname="ds.sample_disc_test_disclosure" name="cov_erros" time="0.00100000000009004"/>
    <testcase classname="ds.sample_disc_test_disclosure" name="cov_erros" time="0.00199999999995271"/>
    <testcase classname="ds.sample_disc_test_disclosure" name="cov_erros" time="1.63999999999999"/>
    <testcase classname="ds.sample_disc_test_disclosure" name="cov_erros" time="0.00199999999995271"/>
    <testcase classname="ds.sample_disc_test_disclosure" name="cov_erros" time="0.00100000000009004"/>
    <testcase classname="ds.sample_disc_test_disclosure" name="cov_erros" time="0.00199999999995271"/>
    <testcase classname="ds.sample_disc_test_disclosure" name="cov_erros" time="0.000999999999976353"/>
    <testcase classname="ds.sample_disc_test_disclosure" name="cov_erros" time="0.00200000000006639"/>
    <testcase classname="ds.sample_disc_test_disclosure" name="cov_erros" time="0.00199999999995271"/>
    <testcase classname="ds.sample_disc_test_disclosure" name="cov_erros" time="1.71400000000006"/>
    <testcase classname="ds.sample_disc_test_disclosure" name="cov_erros" time="0.00199999999995271"/>
    <testcase classname="ds.sample_disc_test_disclosure" name="cov_erros" time="0.00199999999995271"/>
    <testcase classname="ds.sample_disc_test_disclosure" name="cov_erros" time="0.00100000000009004"/>
    <testcase classname="ds.sample_disc_test_disclosure" name="cov_erros" time="0.00199999999995271"/>
    <testcase classname="ds.sample_disc_test_disclosure" name="cov_erros" time="0.00200000000006639"/>
    <testcase classname="ds.sample_disc_test_disclosure" name="cov_erros" time="0.00199999999995271"/>
    <testcase classname="ds.sample_disc_test_disclosure" name="cov_erros" time="1.65499999999997"/>
    <testcase classname="ds.sample_disc_test_disclosure" name="cov_erros" time="0.00200000000006639"/>
    <testcase classname="ds.sample_disc_test_disclosure" name="cov_erros" time="0.00199999999995271"/>
    <testcase classname="ds.sample_disc_test_disclosure" name="cov_erros" time="0.00199999999995271"/>
    <testcase classname="ds.sample_disc_test_disclosure" name="cov_erros" time="0.00200000000006639"/>
    <testcase classname="ds.sample_disc_test_disclosure" name="cov_erros" time="0.00199999999995271"/>
    <testcase classname="ds.sample_disc_test_disclosure" name="cov_erros" time="0.000999999999976353"/>
  </testsuite>
  <testsuite errors="0" failures="0" hostname="fv-az14" name="ds.sample::disc::shutdown" skipped="0" tests="0" time="0" timestamp="2020-09-12T14:36:29Z"/>
  <testsuite errors="0" failures="0" hostname="fv-az14" name="ds.sample::disc::done" skipped="0" tests="0" time="0" timestamp="2020-09-12T14:36:30Z"/>
  <testsuite errors="0" failures="0" hostname="fv-az14" name="ds.table::disc::setup" skipped="0" tests="0" time="0" timestamp="2020-09-12T14:36:30Z"/>
  <testsuite errors="0" failures="0" hostname="fv-az14" name="ds.table::disc::tests" skipped="0" tests="7" time="10.634" timestamp="2020-09-12T14:36:35Z">
    <testcase classname="ds.table_disc_tests" name="table_disclosure" time="10.6260000000001"/>
    <testcase classname="ds.table_disc_tests" name="table_disclosure" time="0.000999999999976353"/>
    <testcase classname="ds.table_disc_tests" name="table_disclosure" time="0.000999999999976353"/>
    <testcase classname="ds.table_disc_tests" name="table_disclosure" time="0.00199999999995271"/>
    <testcase classname="ds.table_disc_tests" name="table_disclosure" time="0.00100000000009004"/>
    <testcase classname="ds.table_disc_tests" name="table_disclosure" time="0.00199999999995271"/>
    <testcase classname="ds.table_disc_tests" name="table_disclosure" time="0.000999999999976353"/>
  </testsuite>
  <testsuite errors="0" failures="0" hostname="fv-az14" name="ds.table::disc::shutdown" skipped="0" tests="0" time="0" timestamp="2020-09-12T14:36:40Z"/>
  <testsuite errors="0" failures="0" hostname="fv-az14" name="ds.table::disc::done" skipped="0" tests="0" time="0" timestamp="2020-09-12T14:36:41Z"/>
  <testsuite errors="0" failures="0" hostname="fv-az14" name="ds.var::disc::type=both" skipped="1" tests="1" time="5.214" timestamp="2020-09-12T14:36:45Z">
    <testcase classname="ds.var_disc_type_both" name="var_values_both_" time="5.21400000000006">
      <skipped/>
    </testcase>
  </testsuite>
  <testsuite errors="0" failures="0" hostname="fv-az14" name="ds.dataFrame::expt::setup" skipped="0" tests="0" time="0" timestamp="2020-09-12T14:36:46Z"/>
  <testsuite errors="0" failures="0" hostname="fv-az14" name="ds.dataFrame::expt::one_column::single" skipped="0" tests="24" time="23.047" timestamp="2020-09-12T14:36:46Z">
    <testcase classname="ds.dataFrame_expt_one_column_single" name="numeric_data" time="6.33100000000002"/>
    <testcase classname="ds.dataFrame_expt_one_column_single" name="numeric_data" time="0.00199999999995271"/>
    <testcase classname="ds.dataFrame_expt_one_column_single" name="numeric_data" time="0.000999999999976353"/>
    <testcase classname="ds.dataFrame_expt_one_column_single" name="numeric_data" time="2.37"/>
    <testcase classname="ds.dataFrame_expt_one_column_single" name="numeric_data" time="0.000999999999976353"/>
    <testcase classname="ds.dataFrame_expt_one_column_single" name="numeric_data" time="0.00200000000006639"/>
    <testcase classname="ds.dataFrame_expt_one_column_single" name="numeric_data" time="2.38099999999997"/>
    <testcase classname="ds.dataFrame_expt_one_column_single" name="numeric_data" time="0.00200000000006639"/>
    <testcase classname="ds.dataFrame_expt_one_column_single" name="numeric_data" time="0.000999999999976353"/>
    <testcase classname="ds.dataFrame_expt_one_column_single" name="numeric_data" time="2.37199999999996"/>
    <testcase classname="ds.dataFrame_expt_one_column_single" name="numeric_data" time="0.00200000000006639"/>
    <testcase classname="ds.dataFrame_expt_one_column_single" name="numeric_data" time="0.000999999999976353"/>
    <testcase classname="ds.dataFrame_expt_one_column_single" name="numeric_data" time="2.38299999999992"/>
    <testcase classname="ds.dataFrame_expt_one_column_single" name="numeric_data" time="0.00100000000009004"/>
    <testcase classname="ds.dataFrame_expt_one_column_single" name="numeric_data" time="0.00199999999995271"/>
    <testcase classname="ds.dataFrame_expt_one_column_single" name="numeric_data" time="2.43600000000004"/>
    <testcase classname="ds.dataFrame_expt_one_column_single" name="numeric_data" time="0.00199999999995271"/>
    <testcase classname="ds.dataFrame_expt_one_column_single" name="numeric_data" time="0.000999999999976353"/>
    <testcase classname="ds.dataFrame_expt_one_column_single" name="numeric_data" time="2.37800000000004"/>
    <testcase classname="ds.dataFrame_expt_one_column_single" name="numeric_data" time="0.000999999999976353"/>
    <testcase classname="ds.dataFrame_expt_one_column_single" name="numeric_data" time="0.00200000000006639"/>
    <testcase classname="ds.dataFrame_expt_one_column_single" name="numeric_data" time="2.37199999999996"/>
    <testcase classname="ds.dataFrame_expt_one_column_single" name="numeric_data" time="0.000999999999976353"/>
    <testcase classname="ds.dataFrame_expt_one_column_single" name="numeric_data" time="0.00200000000006639"/>
  </testsuite>
  <testsuite errors="0" failures="0" hostname="fv-az14" name="ds.dataFrame::expt::several_columns::single" skipped="0" tests="12" time="9.656" timestamp="2020-09-12T14:37:08Z">
    <testcase classname="ds.dataFrame_expt_several_columns_single" name="numeric_data" time="6.54599999999994"/>
    <testcase classname="ds.dataFrame_expt_several_columns_single" name="numeric_data" time="0.00200000000006639"/>
    <testcase classname="ds.dataFrame_expt_several_columns_single" name="numeric_data" time="0.00199999999995271"/>
    <testcase classname="ds.dataFrame_expt_several_columns_single" name="numeric_data" time="0.000999999999976353"/>
    <testcase classname="ds.dataFrame_expt_several_columns_single" name="numeric_data" time="0.00200000000006639"/>
    <testcase classname="ds.dataFrame_expt_several_columns_single" name="numeric_data" time="0.000999999999976353"/>
    <testcase classname="ds.dataFrame_expt_several_columns_single" name="numeric_data" time="3.09500000000003"/>
    <testcase classname="ds.dataFrame_expt_several_columns_single" name="numeric_data" time="0.00199999999995271"/>
    <testcase classname="ds.dataFrame_expt_several_columns_single" name="numeric_data" time="0.000999999999976353"/>
    <testcase classname="ds.dataFrame_expt_several_columns_single" name="numeric_data" time="0.00200000000006639"/>
    <testcase classname="ds.dataFrame_expt_several_columns_single" name="numeric_data" time="0.000999999999976353"/>
    <testcase classname="ds.dataFrame_expt_several_columns_single" name="numeric_data" time="0.000999999999976353"/>
  </testsuite>
  <testsuite errors="0" failures="0" hostname="fv-az14" name="ds.dataFrame::expt::one_column::multiple" skipped="0" tests="40" time="37.069" timestamp="2020-09-12T14:37:18Z">
    <testcase classname="ds.dataFrame_expt_one_column_multiple" name="numeric_data" time="8.92499999999995"/>
    <testcase classname="ds.dataFrame_expt_one_column_multiple" name="numeric_data" time="0.00200000000006639"/>
    <testcase classname="ds.dataFrame_expt_one_column_multiple" name="numeric_data" time="0.000999999999976353"/>
    <testcase classname="ds.dataFrame_expt_one_column_multiple" name="numeric_data" time="0.000999999999976353"/>
    <testcase classname="ds.dataFrame_expt_one_column_multiple" name="numeric_data" time="0.00100000000009004"/>
    <testcase classname="ds.dataFrame_expt_one_column_multiple" name="numeric_data" time="3.99399999999991"/>
    <testcase classname="ds.dataFrame_expt_one_column_multiple" name="numeric_data" time="0.00200000000006639"/>
    <testcase classname="ds.dataFrame_expt_one_column_multiple" name="numeric_data" time="0.000999999999976353"/>
    <testcase classname="ds.dataFrame_expt_one_column_multiple" name="numeric_data" time="0.00199999999995271"/>
    <testcase classname="ds.dataFrame_expt_one_column_multiple" name="numeric_data" time="0.00100000000009004"/>
    <testcase classname="ds.dataFrame_expt_one_column_multiple" name="numeric_data" time="4.01099999999997"/>
    <testcase classname="ds.dataFrame_expt_one_column_multiple" name="numeric_data" time="0.00199999999995271"/>
    <testcase classname="ds.dataFrame_expt_one_column_multiple" name="numeric_data" time="0.000999999999976353"/>
    <testcase classname="ds.dataFrame_expt_one_column_multiple" name="numeric_data" time="0.00200000000006639"/>
    <testcase classname="ds.dataFrame_expt_one_column_multiple" name="numeric_data" time="0.00199999999995271"/>
    <testcase classname="ds.dataFrame_expt_one_column_multiple" name="numeric_data" time="4.00300000000004"/>
    <testcase classname="ds.dataFrame_expt_one_column_multiple" name="numeric_data" time="0.00199999999995271"/>
    <testcase classname="ds.dataFrame_expt_one_column_multiple" name="numeric_data" time="0.00100000000009004"/>
    <testcase classname="ds.dataFrame_expt_one_column_multiple" name="numeric_data" time="0.00199999999995271"/>
    <testcase classname="ds.dataFrame_expt_one_column_multiple" name="numeric_data" time="0.000999999999976353"/>
    <testcase classname="ds.dataFrame_expt_one_column_multiple" name="numeric_data" time="3.99199999999996"/>
    <testcase classname="ds.dataFrame_expt_one_column_multiple" name="numeric_data" time="0.00200000000006639"/>
    <testcase classname="ds.dataFrame_expt_one_column_multiple" name="numeric_data" time="0.00199999999995271"/>
    <testcase classname="ds.dataFrame_expt_one_column_multiple" name="numeric_data" time="0.00200000000006639"/>
    <testcase classname="ds.dataFrame_expt_one_column_multiple" name="numeric_data" time="0.000999999999976353"/>
    <testcase classname="ds.dataFrame_expt_one_column_multiple" name="numeric_data" time="4.06799999999998"/>
    <testcase classname="ds.dataFrame_expt_one_column_multiple" name="numeric_data" time="0.00199999999995271"/>
    <testcase classname="ds.dataFrame_expt_one_column_multiple" name="numeric_data" time="0.00100000000009004"/>
    <testcase classname="ds.dataFrame_expt_one_column_multiple" name="numeric_data" time="0.00199999999995271"/>
    <testcase classname="ds.dataFrame_expt_one_column_multiple" name="numeric_data" time="0.00300000000004275"/>
    <testcase classname="ds.dataFrame_expt_one_column_multiple" name="numeric_data" time="4.00299999999993"/>
    <testcase classname="ds.dataFrame_expt_one_column_multiple" name="numeric_data" time="0.00200000000006639"/>
    <testcase classname="ds.dataFrame_expt_one_column_multiple" name="numeric_data" time="0.000999999999976353"/>
    <testcase classname="ds.dataFrame_expt_one_column_multiple" name="numeric_data" time="0.00999999999999091"/>
    <testcase classname="ds.dataFrame_expt_one_column_multiple" name="numeric_data" time="0.00199999999995271"/>
    <testcase classname="ds.dataFrame_expt_one_column_multiple" name="numeric_data" time="4.01100000000008"/>
    <testcase classname="ds.dataFrame_expt_one_column_multiple" name="numeric_data" time="0.00199999999995271"/>
    <testcase classname="ds.dataFrame_expt_one_column_multiple" name="numeric_data" time="0.00200000000006639"/>
    <testcase classname="ds.dataFrame_expt_one_column_multiple" name="numeric_data" time="0.00199999999995271"/>
    <testcase classname="ds.dataFrame_expt_one_column_multiple" name="numeric_data" time="0.00199999999995271"/>
  </testsuite>
  <testsuite errors="0" failures="0" hostname="fv-az14" name="ds.dataFrame::expt::several_columns::single" skipped="0" tests="16" time="17.505" timestamp="2020-09-12T14:37:55Z">
    <testcase classname="ds.dataFrame_expt_several_columns_single" name="numeric_data" time="11.335"/>
    <testcase classname="ds.dataFrame_expt_several_columns_single" name="numeric_data" time="0.000999999999976353"/>
    <testcase classname="ds.dataFrame_expt_several_columns_single" name="numeric_data" time="0.00100000000009004"/>
    <testcase classname="ds.dataFrame_expt_several_columns_single" name="numeric_data" time="0.00199999999995271"/>
    <testcase classname="ds.dataFrame_expt_several_columns_single" name="numeric_data" time="0.000999999999976353"/>
    <testcase classname="ds.dataFrame_expt_several_columns_single" name="numeric_data" time="0.00200000000006639"/>
    <testcase classname="ds.dataFrame_expt_several_columns_single" name="numeric_data" time="0.000999999999976353"/>
    <testcase classname="ds.dataFrame_expt_several_columns_single" name="numeric_data" time="0.00199999999995271"/>
    <testcase classname="ds.dataFrame_expt_several_columns_single" name="numeric_data" time="6.149"/>
    <testcase classname="ds.dataFrame_expt_several_columns_single" name="numeric_data" time="0.000999999999976353"/>
    <testcase classname="ds.dataFrame_expt_several_columns_single" name="numeric_data" time="0.00200000000006639"/>
    <testcase classname="ds.dataFrame_expt_several_columns_single" name="numeric_data" time="0.000999999999976353"/>
    <testcase classname="ds.dataFrame_expt_several_columns_single" name="numeric_data" time="0.00199999999995271"/>
    <testcase classname="ds.dataFrame_expt_several_columns_single" name="numeric_data" time="0.00100000000009004"/>
    <testcase classname="ds.dataFrame_expt_several_columns_single" name="numeric_data" time="0.00199999999995271"/>
    <testcase classname="ds.dataFrame_expt_several_columns_single" name="numeric_data" time="0.00199999999995271"/>
  </testsuite>
  <testsuite errors="0" failures="0" hostname="fv-az14" name="ds.dataFrame::expt::one_column_from_objects::single" skipped="0" tests="16" time="23.047" timestamp="2020-09-12T14:38:12Z">
    <testcase classname="ds.dataFrame_expt_one_column_from_objects_single" name="numeric_data" time="6.19800000000009"/>
    <testcase classname="ds.dataFrame_expt_one_column_from_objects_single" name="numeric_data" time="0.00199999999995271"/>
    <testcase classname="ds.dataFrame_expt_one_column_from_objects_single" name="numeric_data" time="2.40300000000002"/>
    <testcase classname="ds.dataFrame_expt_one_column_from_objects_single" name="numeric_data" time="0.000999999999976353"/>
    <testcase classname="ds.dataFrame_expt_one_column_from_objects_single" name="numeric_data" time="2.38999999999999"/>
    <testcase classname="ds.dataFrame_expt_one_column_from_objects_single" name="numeric_data" time="0.000999999999976353"/>
    <testcase classname="ds.dataFrame_expt_one_column_from_objects_single" name="numeric_data" time="2.39300000000003"/>
    <testcase classname="ds.dataFrame_expt_one_column_from_objects_single" name="numeric_data" time="0.00200000000006639"/>
    <testcase classname="ds.dataFrame_expt_one_column_from_objects_single" name="numeric_data" time="2.41199999999992"/>
    <testcase classname="ds.dataFrame_expt_one_column_from_objects_single" name="numeric_data" time="0.00100000000009004"/>
    <testcase classname="ds.dataFrame_expt_one_column_from_objects_single" name="numeric_data" time="2.43399999999997"/>
    <testcase classname="ds.dataFrame_expt_one_column_from_objects_single" name="numeric_data" time="0.000999999999976353"/>
    <testcase classname="ds.dataFrame_expt_one_column_from_objects_single" name="numeric_data" time="2.39400000000001"/>
    <testcase classname="ds.dataFrame_expt_one_column_from_objects_single" name="numeric_data" time="0.00199999999995271"/>
    <testcase classname="ds.dataFrame_expt_one_column_from_objects_single" name="numeric_data" time="2.41100000000006"/>
    <testcase classname="ds.dataFrame_expt_one_column_from_objects_single" name="numeric_data" time="0.00199999999995271"/>
  </testsuite>
  <testsuite errors="0" failures="0" hostname="fv-az14" name="ds.dataFrame::expt::object::multiple" skipped="0" tests="32" time="33.316" timestamp="2020-09-12T14:38:36Z">
    <testcase classname="ds.dataFrame_expt_object_multiple" name="numeric_data" time="8.23000000000002"/>
    <testcase classname="ds.dataFrame_expt_object_multiple" name="numeric_data" time="0.000999999999976353"/>
    <testcase classname="ds.dataFrame_expt_object_multiple" name="numeric_data" time="0.00200000000006639"/>
    <testcase classname="ds.dataFrame_expt_object_multiple" name="numeric_data" time="0.000999999999976353"/>
    <testcase classname="ds.dataFrame_expt_object_multiple" name="numeric_data" time="3.52999999999997"/>
    <testcase classname="ds.dataFrame_expt_object_multiple" name="numeric_data" time="0.000999999999976353"/>
    <testcase classname="ds.dataFrame_expt_object_multiple" name="numeric_data" time="0.00200000000006639"/>
    <testcase classname="ds.dataFrame_expt_object_multiple" name="numeric_data" time="0.000999999999976353"/>
    <testcase classname="ds.dataFrame_expt_object_multiple" name="numeric_data" time="3.53200000000004"/>
    <testcase classname="ds.dataFrame_expt_object_multiple" name="numeric_data" time="0.00199999999995271"/>
    <testcase classname="ds.dataFrame_expt_object_multiple" name="numeric_data" time="0.000999999999976353"/>
    <testcase classname="ds.dataFrame_expt_object_multiple" name="numeric_data" time="0.000999999999976353"/>
    <testcase classname="ds.dataFrame_expt_object_multiple" name="numeric_data" time="3.55400000000009"/>
    <testcase classname="ds.dataFrame_expt_object_multiple" name="numeric_data" time="0.00199999999995271"/>
    <testcase classname="ds.dataFrame_expt_object_multiple" name="numeric_data" time="0.000999999999976353"/>
    <testcase classname="ds.dataFrame_expt_object_multiple" name="numeric_data" time="0.00200000000006639"/>
    <testcase classname="ds.dataFrame_expt_object_multiple" name="numeric_data" time="3.58100000000002"/>
    <testcase classname="ds.dataFrame_expt_object_multiple" name="numeric_data" time="0.00199999999995271"/>
    <testcase classname="ds.dataFrame_expt_object_multiple" name="numeric_data" time="0.000999999999976353"/>
    <testcase classname="ds.dataFrame_expt_object_multiple" name="numeric_data" time="0.00200000000006639"/>
    <testcase classname="ds.dataFrame_expt_object_multiple" name="numeric_data" time="3.63499999999999"/>
    <testcase classname="ds.dataFrame_expt_object_multiple" name="numeric_data" time="0.00299999999992906"/>
    <testcase classname="ds.dataFrame_expt_object_multiple" name="numeric_data" time="0.00200000000006639"/>
    <testcase classname="ds.dataFrame_expt_object_multiple" name="numeric_data" time="0.000999999999976353"/>
    <testcase classname="ds.dataFrame_expt_object_multiple" name="numeric_data" time="3.66700000000003"/>
    <testcase classname="ds.dataFrame_expt_object_multiple" name="numeric_data" time="0.00199999999995271"/>
    <testcase classname="ds.dataFrame_expt_object_multiple" name="numeric_data" time="0.000999999999976353"/>
    <testcase classname="ds.dataFrame_expt_object_multiple" name="numeric_data" time="0.000999999999976353"/>
    <testcase classname="ds.dataFrame_expt_object_multiple" name="numeric_data" time="3.54899999999998"/>
    <testcase classname="ds.dataFrame_expt_object_multiple" name="numeric_data" time="0.00199999999995271"/>
    <testcase classname="ds.dataFrame_expt_object_multiple" name="numeric_data" time="0.00100000000009004"/>
    <testcase classname="ds.dataFrame_expt_object_multiple" name="numeric_data" time="0.00299999999992906"/>
  </testsuite>
  <testsuite errors="0" failures="0" hostname="fv-az14" name="ds.dataFrame::expt::several_objects::multiple" skipped="0" tests="4" time="10.089" timestamp="2020-09-12T14:39:09Z">
    <testcase classname="ds.dataFrame_expt_several_objects_multiple" name="several_objects" time="10.0840000000001"/>
    <testcase classname="ds.dataFrame_expt_several_objects_multiple" name="several_objects" time="0.00199999999995271"/>
    <testcase classname="ds.dataFrame_expt_several_objects_multiple" name="several_objects" time="0.000999999999976353"/>
    <testcase classname="ds.dataFrame_expt_several_objects_multiple" name="several_objects" time="0.00200000000006639"/>
  </testsuite>
  <testsuite errors="0" failures="0" hostname="fv-az14" name="ds.dataFrame::expt::non_numeric::multiple" skipped="0" tests="18" time="20.426" timestamp="2020-09-12T14:39:19Z">
    <testcase classname="ds.dataFrame_expt_non_numeric_multiple" name="non_numeric" time="9.04899999999998"/>
    <testcase classname="ds.dataFrame_expt_non_numeric_multiple" name="non_numeric" time="0.000999999999976353"/>
    <testcase classname="ds.dataFrame_expt_non_numeric_multiple" name="non_numeric" time="0.000999999999976353"/>
    <testcase classname="ds.dataFrame_expt_non_numeric_multiple" name="non_numeric" time="0.00100000000009004"/>
    <testcase classname="ds.dataFrame_expt_non_numeric_multiple" name="non_numeric" time="0.00199999999995271"/>
    <testcase classname="ds.dataFrame_expt_non_numeric_multiple" name="non_numeric" time="4.15200000000004"/>
    <testcase classname="ds.dataFrame_expt_non_numeric_multiple" name="non_numeric" time="0.000999999999976353"/>
    <testcase classname="ds.dataFrame_expt_non_numeric_multiple" name="non_numeric" time="0.000999999999976353"/>
    <testcase classname="ds.dataFrame_expt_non_numeric_multiple" name="non_numeric" time="0.000999999999976353"/>
    <testcase classname="ds.dataFrame_expt_non_numeric_multiple" name="non_numeric" time="0.00200000000006639"/>
    <testcase classname="ds.dataFrame_expt_non_numeric_multiple" name="non_numeric" time="3.61400000000003"/>
    <testcase classname="ds.dataFrame_expt_non_numeric_multiple" name="non_numeric" time="0.00199999999995271"/>
    <testcase classname="ds.dataFrame_expt_non_numeric_multiple" name="non_numeric" time="0.00199999999995271"/>
    <testcase classname="ds.dataFrame_expt_non_numeric_multiple" name="non_numeric" time="0.00100000000009004"/>
    <testcase classname="ds.dataFrame_expt_non_numeric_multiple" name="non_numeric" time="3.59199999999998"/>
    <testcase classname="ds.dataFrame_expt_non_numeric_multiple" name="non_numeric" time="0.000999999999976353"/>
    <testcase classname="ds.dataFrame_expt_non_numeric_multiple" name="non_numeric" time="0.00199999999995271"/>
    <testcase classname="ds.dataFrame_expt_non_numeric_multiple" name="non_numeric" time="0.00100000000009004"/>
  </testsuite>
  <testsuite errors="0" failures="0" hostname="fv-az14" name="ds.dataFrame::expt::non_numeric::multiple" skipped="0" tests="10" time="13.222" timestamp="2020-09-12T14:39:39Z">
    <testcase classname="ds.dataFrame_expt_non_numeric_multiple" name="_unnamed_" time="6.04399999999998"/>
    <testcase classname="ds.dataFrame_expt_non_numeric_multiple" name="_unnamed_" time="0.000999999999976353"/>
    <testcase classname="ds.dataFrame_expt_non_numeric_multiple" name="_unnamed_" time="0.000999999999976353"/>
    <testcase classname="ds.dataFrame_expt_non_numeric_multiple" name="_unnamed_" time="2.399"/>
    <testcase classname="ds.dataFrame_expt_non_numeric_multiple" name="_unnamed_" time="0.00200000000006639"/>
    <testcase classname="ds.dataFrame_expt_non_numeric_multiple" name="_unnamed_" time="0.00199999999995271"/>
    <testcase classname="ds.dataFrame_expt_non_numeric_multiple" name="_unnamed_" time="2.41099999999994"/>
    <testcase classname="ds.dataFrame_expt_non_numeric_multiple" name="_unnamed_" time="0.00100000000009004"/>
    <testcase classname="ds.dataFrame_expt_non_numeric_multiple" name="_unnamed_" time="2.35899999999992"/>
    <testcase classname="ds.dataFrame_expt_non_numeric_multiple" name="_unnamed_" time="0.00200000000006639"/>
  </testsuite>
  <testsuite errors="0" failures="0" hostname="fv-az14" name="ds.dataFrame::expt::shutdown" skipped="0" tests="0" time="0" timestamp="2020-09-12T14:39:53Z"/>
  <testsuite errors="0" failures="0" hostname="fv-az14" name="ds.dataFrame::expt::done" skipped="0" tests="0" time="0" timestamp="2020-09-12T14:39:53Z"/>
  <testsuite errors="0" failures="0" hostname="fv-az14" name="ds.glmerSLMA::expt::setup" skipped="0" tests="3" time="4.668" timestamp="2020-09-12T14:39:53Z">
    <testcase classname="ds.glmerSLMA_expt_setup" name="setup" time="4.66599999999994"/>
    <testcase classname="ds.glmerSLMA_expt_setup" name="setup" time="0.000999999999976353"/>
    <testcase classname="ds.glmerSLMA_expt_setup" name="setup" time="0.00100000000009004"/>
  </testsuite>
  <testsuite errors="0" failures="0" hostname="fv-az14" name="ds.glmerSLMA::expt::int::multiple" skipped="0" tests="1" time="4.91" timestamp="2020-09-12T14:39:57Z">
    <testcase classname="ds.glmerSLMA_expt_int_multiple" name="linear_mixed_model_with_2_levels_of_hierarchy" time="4.90999999999997"/>
  </testsuite>
  <testsuite errors="0" failures="0" hostname="fv-az14" name="ds.lmerSLMA::expt::shutdown" skipped="0" tests="0" time="0" timestamp="2020-09-12T14:40:02Z"/>
  <testsuite errors="0" failures="0" hostname="fv-az14" name="ds.lmerSLMA::expt::done" skipped="0" tests="0" time="0" timestamp="2020-09-12T14:40:03Z"/>
  <testsuite errors="0" failures="0" hostname="fv-az14" name="ds.lmerSLMA::expt::setup" skipped="0" tests="3" time="6.266" timestamp="2020-09-12T14:40:03Z">
    <testcase classname="ds.lmerSLMA_expt_setup" name="setup" time="6.26300000000003"/>
    <testcase classname="ds.lmerSLMA_expt_setup" name="setup" time="0.00199999999995271"/>
    <testcase classname="ds.lmerSLMA_expt_setup" name="setup" time="0.000999999999976353"/>
  </testsuite>
  <testsuite errors="0" failures="0" hostname="fv-az14" name="ds.lmerSLMA::expt::int::multiple" skipped="0" tests="1" time="3.175" timestamp="2020-09-12T14:40:08Z">
    <testcase classname="ds.lmerSLMA_expt_int_multiple" name="linear_mixed_model_with_2_levels_of_hierarchy" time="3.17500000000007"/>
  </testsuite>
  <testsuite errors="0" failures="0" hostname="fv-az14" name="ds.lmerSLMA::expt::done" skipped="0" tests="0" time="0" timestamp="2020-09-12T14:40:12Z"/>
  <testsuite errors="0" failures="0" hostname="fv-az14" name="ds.mean()::expt::combine::multiple" skipped="0" tests="8" time="15.226" timestamp="2020-09-12T14:40:12Z">
    <testcase classname="ds.mean_expt_combine_multiple" name="combined_data_set" time="6.70399999999995"/>
    <testcase classname="ds.mean_expt_combine_multiple" name="combined_data_set" time="1.226"/>
    <testcase classname="ds.mean_expt_combine_multiple" name="combined_data_set" time="1.23599999999999"/>
    <testcase classname="ds.mean_expt_combine_multiple" name="combined_data_set" time="1.21600000000001"/>
    <testcase classname="ds.mean_expt_combine_multiple" name="combined_data_set" time="1.20799999999997"/>
    <testcase classname="ds.mean_expt_combine_multiple" name="combined_data_set" time="1.21100000000001"/>
    <testcase classname="ds.mean_expt_combine_multiple" name="combined_data_set" time="1.21500000000003"/>
    <testcase classname="ds.mean_expt_combine_multiple" name="combined_data_set" time="1.21000000000004"/>
  </testsuite>
  <testsuite errors="0" failures="0" hostname="fv-az14" name="ds.mean()::expt::split::multiple" skipped="0" tests="24" time="15.022" timestamp="2020-09-12T14:40:27Z">
    <testcase classname="ds.mean_expt_split_multiple" name="split_data_set" time="6.33999999999992"/>
    <testcase classname="ds.mean_expt_split_multiple" name="split_data_set" time="0.00200000000006639"/>
    <testcase classname="ds.mean_expt_split_multiple" name="split_data_set" time="0.000999999999976353"/>
    <testcase classname="ds.mean_expt_split_multiple" name="split_data_set" time="1.24900000000002"/>
    <testcase classname="ds.mean_expt_split_multiple" name="split_data_set" time="0.00199999999995271"/>
    <testcase classname="ds.mean_expt_split_multiple" name="split_data_set" time="0.00200000000006639"/>
    <testcase classname="ds.mean_expt_split_multiple" name="split_data_set" time="1.24399999999991"/>
    <testcase classname="ds.mean_expt_split_multiple" name="split_data_set" time="0.00100000000009004"/>
    <testcase classname="ds.mean_expt_split_multiple" name="split_data_set" time="0.00199999999995271"/>
    <testcase classname="ds.mean_expt_split_multiple" name="split_data_set" time="1.245"/>
    <testcase classname="ds.mean_expt_split_multiple" name="split_data_set" time="0.00199999999995271"/>
    <testcase classname="ds.mean_expt_split_multiple" name="split_data_set" time="0.00100000000009004"/>
    <testcase classname="ds.mean_expt_split_multiple" name="split_data_set" time="1.24599999999998"/>
    <testcase classname="ds.mean_expt_split_multiple" name="split_data_set" time="0.00199999999995271"/>
    <testcase classname="ds.mean_expt_split_multiple" name="split_data_set" time="0.00200000000006639"/>
    <testcase classname="ds.mean_expt_split_multiple" name="split_data_set" time="1.22899999999993"/>
    <testcase classname="ds.mean_expt_split_multiple" name="split_data_set" time="0.00200000000006639"/>
    <testcase classname="ds.mean_expt_split_multiple" name="split_data_set" time="0.000999999999976353"/>
    <testcase classname="ds.mean_expt_split_multiple" name="split_data_set" time="1.21000000000004"/>
    <testcase classname="ds.mean_expt_split_multiple" name="split_data_set" time="0.000999999999976353"/>
    <testcase classname="ds.mean_expt_split_multiple" name="split_data_set" time="0.00299999999992906"/>
    <testcase classname="ds.mean_expt_split_multiple" name="split_data_set" time="1.23099999999999"/>
    <testcase classname="ds.mean_expt_split_multiple" name="split_data_set" time="0.00300000000004275"/>
    <testcase classname="ds.mean_expt_split_multiple" name="split_data_set" time="0.000999999999976353"/>
  </testsuite>
  <testsuite errors="0" failures="0" hostname="fv-az14" name="ds.mean()::expt::single" skipped="0" tests="8" time="9.434" timestamp="2020-09-12T14:40:42Z">
    <testcase classname="ds.mean_expt_single" name="combined_data_set" time="4.46699999999998"/>
    <testcase classname="ds.mean_expt_single" name="combined_data_set" time="0.710000000000036"/>
    <testcase classname="ds.mean_expt_single" name="combined_data_set" time="0.70799999999997"/>
    <testcase classname="ds.mean_expt_single" name="combined_data_set" time="0.705000000000041"/>
    <testcase classname="ds.mean_expt_single" name="combined_data_set" time="0.705000000000041"/>
    <testcase classname="ds.mean_expt_single" name="combined_data_set" time="0.708999999999946"/>
    <testcase classname="ds.mean_expt_single" name="combined_data_set" time="0.720000000000027"/>
    <testcase classname="ds.mean_expt_single" name="combined_data_set" time="0.710000000000036"/>
  </testsuite>
  <testsuite errors="0" failures="0" hostname="fv-az14" name="ds.mean()::expt::large_values::single" skipped="0" tests="8" time="14.975" timestamp="2020-09-12T14:40:51Z">
    <testcase classname="ds.mean_expt_large_values_single" name="combined_data_set" time="4.94599999999991"/>
    <testcase classname="ds.mean_expt_large_values_single" name="combined_data_set" time="1.44299999999998"/>
    <testcase classname="ds.mean_expt_large_values_single" name="combined_data_set" time="1.43300000000011"/>
    <testcase classname="ds.mean_expt_large_values_single" name="combined_data_set" time="1.428"/>
    <testcase classname="ds.mean_expt_large_values_single" name="combined_data_set" time="1.42399999999998"/>
    <testcase classname="ds.mean_expt_large_values_single" name="combined_data_set" time="1.43700000000001"/>
    <testcase classname="ds.mean_expt_large_values_single" name="combined_data_set" time="1.43299999999999"/>
    <testcase classname="ds.mean_expt_large_values_single" name="combined_data_set" time="1.43099999999993"/>
  </testsuite>
  <testsuite errors="0" failures="0" hostname="fv-az14" name="ds.mean()::expt::large_values::multiple" skipped="0" tests="8" time="21.035" timestamp="2020-09-12T14:41:06Z">
    <testcase classname="ds.mean_expt_large_values_multiple" name="combined_data_set" time="6.90100000000007"/>
    <testcase classname="ds.mean_expt_large_values_multiple" name="combined_data_set" time="2.03199999999993"/>
    <testcase classname="ds.mean_expt_large_values_multiple" name="combined_data_set" time="2.02800000000002"/>
    <testcase classname="ds.mean_expt_large_values_multiple" name="combined_data_set" time="2.00999999999999"/>
    <testcase classname="ds.mean_expt_large_values_multiple" name="combined_data_set" time="2.01499999999999"/>
    <testcase classname="ds.mean_expt_large_values_multiple" name="combined_data_set" time="2.01300000000003"/>
    <testcase classname="ds.mean_expt_large_values_multiple" name="combined_data_set" time="2.01400000000001"/>
    <testcase classname="ds.mean_expt_large_values_multiple" name="combined_data_set" time="2.02200000000005"/>
  </testsuite>
  <testsuite errors="0" failures="0" hostname="fv-az14" name="ds.reShape()::expt::multiple" skipped="1" tests="1" time="0.987" timestamp="2020-09-12T14:41:27Z">
    <testcase classname="ds.reShape_expt_multiple" name="copy_and_transform" time="0.986999999999966">
      <skipped/>
    </testcase>
  </testsuite>
  <testsuite errors="0" failures="0" hostname="fv-az14" name="ds.skewness()::expt::combine::multiple" skipped="0" tests="8" time="16.655" timestamp="2020-09-12T14:41:28Z">
    <testcase classname="ds.skewness_expt_combine_multiple" name="combined_data_set" time="6.24400000000003"/>
    <testcase classname="ds.skewness_expt_combine_multiple" name="combined_data_set" time="1.50999999999999"/>
    <testcase classname="ds.skewness_expt_combine_multiple" name="combined_data_set" time="1.49199999999996"/>
    <testcase classname="ds.skewness_expt_combine_multiple" name="combined_data_set" time="1.476"/>
    <testcase classname="ds.skewness_expt_combine_multiple" name="combined_data_set" time="1.48800000000006"/>
    <testcase classname="ds.skewness_expt_combine_multiple" name="combined_data_set" time="1.48199999999997"/>
    <testcase classname="ds.skewness_expt_combine_multiple" name="combined_data_set" time="1.48000000000002"/>
    <testcase classname="ds.skewness_expt_combine_multiple" name="combined_data_set" time="1.48299999999995"/>
  </testsuite>
  <testsuite errors="0" failures="0" hostname="fv-az14" name="ds.skewness()::expt::split::multiple" skipped="0" tests="24" time="14.873" timestamp="2020-09-12T14:41:45Z">
    <testcase classname="ds.skewness_expt_split_multiple" name="split_data_set" time="6.33699999999999"/>
    <testcase classname="ds.skewness_expt_split_multiple" name="split_data_set" time="0.000999999999976353"/>
    <testcase classname="ds.skewness_expt_split_multiple" name="split_data_set" time="0.00100000000009004"/>
    <testcase classname="ds.skewness_expt_split_multiple" name="split_data_set" time="1.22099999999989"/>
    <testcase classname="ds.skewness_expt_split_multiple" name="split_data_set" time="0.000999999999976353"/>
    <testcase classname="ds.skewness_expt_split_multiple" name="split_data_set" time="0.00200000000018008"/>
    <testcase classname="ds.skewness_expt_split_multiple" name="split_data_set" time="1.20999999999981"/>
    <testcase classname="ds.skewness_expt_split_multiple" name="split_data_set" time="0.00200000000018008"/>
    <testcase classname="ds.skewness_expt_split_multiple" name="split_data_set" time="0.000999999999976353"/>
    <testcase classname="ds.skewness_expt_split_multiple" name="split_data_set" time="1.20699999999988"/>
    <testcase classname="ds.skewness_expt_split_multiple" name="split_data_set" time="0.00200000000018008"/>
    <testcase classname="ds.skewness_expt_split_multiple" name="split_data_set" time="0.000999999999976353"/>
    <testcase classname="ds.skewness_expt_split_multiple" name="split_data_set" time="1.2059999999999"/>
    <testcase classname="ds.skewness_expt_split_multiple" name="split_data_set" time="0.000999999999976353"/>
    <testcase classname="ds.skewness_expt_split_multiple" name="split_data_set" time="0.00200000000018008"/>
    <testcase classname="ds.skewness_expt_split_multiple" name="split_data_set" time="1.22199999999998"/>
    <testcase classname="ds.skewness_expt_split_multiple" name="split_data_set" time="0.00199999999995271"/>
    <testcase classname="ds.skewness_expt_split_multiple" name="split_data_set" time="0.00199999999995271"/>
    <testcase classname="ds.skewness_expt_split_multiple" name="split_data_set" time="1.23000000000002"/>
    <testcase classname="ds.skewness_expt_split_multiple" name="split_data_set" time="0.000999999999976353"/>
    <testcase classname="ds.skewness_expt_split_multiple" name="split_data_set" time="0.00199999999995271"/>
    <testcase classname="ds.skewness_expt_split_multiple" name="split_data_set" time="1.21500000000015"/>
    <testcase classname="ds.skewness_expt_split_multiple" name="split_data_set" time="0.00199999999995271"/>
    <testcase classname="ds.skewness_expt_split_multiple" name="split_data_set" time="0.00199999999995271"/>
  </testsuite>
  <testsuite errors="0" failures="0" hostname="fv-az14" name="ds.skewness()::expt::single" skipped="0" tests="8" time="11.215" timestamp="2020-09-12T14:42:00Z">
    <testcase classname="ds.skewness_expt_single" name="combined_data_set" time="4.596"/>
    <testcase classname="ds.skewness_expt_single" name="combined_data_set" time="0.940000000000055"/>
    <testcase classname="ds.skewness_expt_single" name="combined_data_set" time="0.944999999999936"/>
    <testcase classname="ds.skewness_expt_single" name="combined_data_set" time="0.940000000000055"/>
    <testcase classname="ds.skewness_expt_single" name="combined_data_set" time="0.951999999999998"/>
    <testcase classname="ds.skewness_expt_single" name="combined_data_set" time="0.942999999999984"/>
    <testcase classname="ds.skewness_expt_single" name="combined_data_set" time="0.954999999999927"/>
    <testcase classname="ds.skewness_expt_single" name="combined_data_set" time="0.94399999999996"/>
  </testsuite>
  <testsuite errors="0" failures="0" hostname="fv-az14" name="ds.var()::expt::multiple" skipped="0" tests="8" time="14.678" timestamp="2020-09-12T14:42:11Z">
    <testcase classname="ds.var_expt_multiple" name="combined_data_set" time="6.11700000000019"/>
    <testcase classname="ds.var_expt_multiple" name="combined_data_set" time="1.22699999999986"/>
    <testcase classname="ds.var_expt_multiple" name="combined_data_set" time="1.22800000000007"/>
    <testcase classname="ds.var_expt_multiple" name="combined_data_set" time="1.22399999999993"/>
    <testcase classname="ds.var_expt_multiple" name="combined_data_set" time="1.22299999999996"/>
    <testcase classname="ds.var_expt_multiple" name="combined_data_set" time="1.22700000000009"/>
    <testcase classname="ds.var_expt_multiple" name="combined_data_set" time="1.22600000000011"/>
    <testcase classname="ds.var_expt_multiple" name="combined_data_set" time="1.2059999999999"/>
  </testsuite>
  <testsuite errors="0" failures="0" hostname="fv-az14" name="ds.var()::expt::single" skipped="0" tests="24" time="14.93" timestamp="2020-09-12T14:42:26Z">
    <testcase classname="ds.var_expt_single" name="split_data_set" time="6.34099999999989"/>
    <testcase classname="ds.var_expt_single" name="split_data_set" time="0.00100000000020373"/>
    <testcase classname="ds.var_expt_single" name="split_data_set" time="0.00199999999995271"/>
    <testcase classname="ds.var_expt_single" name="split_data_set" time="1.23000000000002"/>
    <testcase classname="ds.var_expt_single" name="split_data_set" time="0.00199999999995271"/>
    <testcase classname="ds.var_expt_single" name="split_data_set" time="0.00199999999995271"/>
    <testcase classname="ds.var_expt_single" name="split_data_set" time="1.22499999999991"/>
    <testcase classname="ds.var_expt_single" name="split_data_set" time="0.00200000000018008"/>
    <testcase classname="ds.var_expt_single" name="split_data_set" time="0.000999999999976353"/>
    <testcase classname="ds.var_expt_single" name="split_data_set" time="1.22399999999993"/>
    <testcase classname="ds.var_expt_single" name="split_data_set" time="0.00199999999995271"/>
    <testcase classname="ds.var_expt_single" name="split_data_set" time="0.000999999999976353"/>
    <testcase classname="ds.var_expt_single" name="split_data_set" time="1.21199999999999"/>
    <testcase classname="ds.var_expt_single" name="split_data_set" time="0.00200000000018008"/>
    <testcase classname="ds.var_expt_single" name="split_data_set" time="0.000999999999976353"/>
    <testcase classname="ds.var_expt_single" name="split_data_set" time="1.21399999999994"/>
    <testcase classname="ds.var_expt_single" name="split_data_set" time="0.00199999999995271"/>
    <testcase classname="ds.var_expt_single" name="split_data_set" time="0.00199999999995271"/>
    <testcase classname="ds.var_expt_single" name="split_data_set" time="1.2320000000002"/>
    <testcase classname="ds.var_expt_single" name="split_data_set" time="0.00199999999995271"/>
    <testcase classname="ds.var_expt_single" name="split_data_set" time="0.00199999999995271"/>
    <testcase classname="ds.var_expt_single" name="split_data_set" time="1.22299999999996"/>
    <testcase classname="ds.var_expt_single" name="split_data_set" time="0.00199999999995271"/>
    <testcase classname="ds.var_expt_single" name="split_data_set" time="0.00300000000015643"/>
  </testsuite>
  <testsuite errors="0" failures="0" hostname="fv-az14" name="ds.var()::expt::large_values::multiple" skipped="0" tests="8" time="21.218" timestamp="2020-09-12T14:42:41Z">
    <testcase classname="ds.var_expt_large_values_multiple" name="large_values" time="7.05399999999986"/>
    <testcase classname="ds.var_expt_large_values_multiple" name="large_values" time="2.01700000000005"/>
    <testcase classname="ds.var_expt_large_values_multiple" name="large_values" time="2.048"/>
    <testcase classname="ds.var_expt_large_values_multiple" name="large_values" time="2.02500000000009"/>
    <testcase classname="ds.var_expt_large_values_multiple" name="large_values" time="2.02599999999984"/>
    <testcase classname="ds.var_expt_large_values_multiple" name="large_values" time="2.02400000000011"/>
    <testcase classname="ds.var_expt_large_values_multiple" name="large_values" time="2.01600000000008"/>
    <testcase classname="ds.var_expt_large_values_multiple" name="large_values" time="2.00799999999981"/>
  </testsuite>
  <testsuite errors="0" failures="0" hostname="fv-az14" name="ds.var()::expt::large_values::single" skipped="0" tests="8" time="15.023" timestamp="2020-09-12T14:43:02Z">
    <testcase classname="ds.var_expt_large_values_single" name="large_values" time="5.09300000000007"/>
    <testcase classname="ds.var_expt_large_values_single" name="large_values" time="1.42499999999995"/>
    <testcase classname="ds.var_expt_large_values_single" name="large_values" time="1.42100000000005"/>
    <testcase classname="ds.var_expt_large_values_single" name="large_values" time="1.41200000000003"/>
    <testcase classname="ds.var_expt_large_values_single" name="large_values" time="1.43499999999995"/>
    <testcase classname="ds.var_expt_large_values_single" name="large_values" time="1.40800000000013"/>
    <testcase classname="ds.var_expt_large_values_single" name="large_values" time="1.41599999999994"/>
    <testcase classname="ds.var_expt_large_values_single" name="large_values" time="1.41300000000001"/>
  </testsuite>
  <testsuite errors="0" failures="0" hostname="fv-az14" name="ds.mean()::math::residual::multiple" skipped="0" tests="32" time="24.396" timestamp="2020-09-12T14:43:17Z">
    <testcase classname="ds.mean_math_residual_multiple" name="residual_deviation_tends_to_0" time="6.07299999999987"/>
    <testcase classname="ds.mean_math_residual_multiple" name="residual_deviation_tends_to_0" time="1.22900000000004"/>
    <testcase classname="ds.mean_math_residual_multiple" name="residual_deviation_tends_to_0" time="1.23000000000002"/>
    <testcase classname="ds.mean_math_residual_multiple" name="residual_deviation_tends_to_0" time="1.21800000000007"/>
    <testcase classname="ds.mean_math_residual_multiple" name="residual_deviation_tends_to_0" time="1.21599999999989"/>
    <testcase classname="ds.mean_math_residual_multiple" name="residual_deviation_tends_to_0" time="1.21400000000017"/>
    <testcase classname="ds.mean_math_residual_multiple" name="residual_deviation_tends_to_0" time="1.21799999999985"/>
    <testcase classname="ds.mean_math_residual_multiple" name="residual_deviation_tends_to_0" time="1.2170000000001"/>
    <testcase classname="ds.mean_math_residual_multiple" name="residual_deviation_tends_to_0" time="1.23099999999999"/>
    <testcase classname="ds.mean_math_residual_multiple" name="residual_deviation_tends_to_0" time="0.00199999999995271"/>
    <testcase classname="ds.mean_math_residual_multiple" name="residual_deviation_tends_to_0" time="0.000999999999976353"/>
    <testcase classname="ds.mean_math_residual_multiple" name="residual_deviation_tends_to_0" time="1.20900000000006"/>
    <testcase classname="ds.mean_math_residual_multiple" name="residual_deviation_tends_to_0" time="0.00199999999995271"/>
    <testcase classname="ds.mean_math_residual_multiple" name="residual_deviation_tends_to_0" time="0.00199999999995271"/>
    <testcase classname="ds.mean_math_residual_multiple" name="residual_deviation_tends_to_0" time="1.21800000000007"/>
    <testcase classname="ds.mean_math_residual_multiple" name="residual_deviation_tends_to_0" time="0.00199999999995271"/>
    <testcase classname="ds.mean_math_residual_multiple" name="residual_deviation_tends_to_0" time="0.000999999999976353"/>
    <testcase classname="ds.mean_math_residual_multiple" name="residual_deviation_tends_to_0" time="1.21199999999999"/>
    <testcase classname="ds.mean_math_residual_multiple" name="residual_deviation_tends_to_0" time="0.00200000000018008"/>
    <testcase classname="ds.mean_math_residual_multiple" name="residual_deviation_tends_to_0" time="0.00199999999995271"/>
    <testcase classname="ds.mean_math_residual_multiple" name="residual_deviation_tends_to_0" time="1.21799999999985"/>
    <testcase classname="ds.mean_math_residual_multiple" name="residual_deviation_tends_to_0" time="0.00100000000020373"/>
    <testcase classname="ds.mean_math_residual_multiple" name="residual_deviation_tends_to_0" time="0.00199999999995271"/>
    <testcase classname="ds.mean_math_residual_multiple" name="residual_deviation_tends_to_0" time="1.23099999999999"/>
    <testcase classname="ds.mean_math_residual_multiple" name="residual_deviation_tends_to_0" time="0.00199999999995271"/>
    <testcase classname="ds.mean_math_residual_multiple" name="residual_deviation_tends_to_0" time="0.00199999999995271"/>
    <testcase classname="ds.mean_math_residual_multiple" name="residual_deviation_tends_to_0" time="1.21800000000007"/>
    <testcase classname="ds.mean_math_residual_multiple" name="residual_deviation_tends_to_0" time="0.00199999999995271"/>
    <testcase classname="ds.mean_math_residual_multiple" name="residual_deviation_tends_to_0" time="0.00199999999995271"/>
    <testcase classname="ds.mean_math_residual_multiple" name="residual_deviation_tends_to_0" time="1.21500000000015"/>
    <testcase classname="ds.mean_math_residual_multiple" name="residual_deviation_tends_to_0" time="0.00199999999995271"/>
    <testcase classname="ds.mean_math_residual_multiple" name="residual_deviation_tends_to_0" time="0.00199999999995271"/>
  </testsuite>
  <testsuite errors="0" failures="0" hostname="fv-az14" name="ds.mean()::math::residual::multiple" skipped="0" tests="32" time="24.571" timestamp="2020-09-12T14:43:41Z">
    <testcase classname="ds.mean_math_residual_multiple" name="residual_deviation_tends_to_0" time="6.31600000000003"/>
    <testcase classname="ds.mean_math_residual_multiple" name="residual_deviation_tends_to_0" time="1.21199999999999"/>
    <testcase classname="ds.mean_math_residual_multiple" name="residual_deviation_tends_to_0" time="1.221"/>
    <testcase classname="ds.mean_math_residual_multiple" name="residual_deviation_tends_to_0" time="1.20800000000008"/>
    <testcase classname="ds.mean_math_residual_multiple" name="residual_deviation_tends_to_0" time="1.21100000000001"/>
    <testcase classname="ds.mean_math_residual_multiple" name="residual_deviation_tends_to_0" time="1.21499999999992"/>
    <testcase classname="ds.mean_math_residual_multiple" name="residual_deviation_tends_to_0" time="1.21699999999987"/>
    <testcase classname="ds.mean_math_residual_multiple" name="residual_deviation_tends_to_0" time="1.20900000000006"/>
    <testcase classname="ds.mean_math_residual_multiple" name="residual_deviation_tends_to_0" time="1.21600000000012"/>
    <testcase classname="ds.mean_math_residual_multiple" name="residual_deviation_tends_to_0" time="0.00199999999995271"/>
    <testcase classname="ds.mean_math_residual_multiple" name="residual_deviation_tends_to_0" time="0.000999999999976353"/>
    <testcase classname="ds.mean_math_residual_multiple" name="residual_deviation_tends_to_0" time="1.21499999999992"/>
    <testcase classname="ds.mean_math_residual_multiple" name="residual_deviation_tends_to_0" time="0.00200000000018008"/>
    <testcase classname="ds.mean_math_residual_multiple" name="residual_deviation_tends_to_0" time="0.000999999999976353"/>
    <testcase classname="ds.mean_math_residual_multiple" name="residual_deviation_tends_to_0" time="1.22699999999986"/>
    <testcase classname="ds.mean_math_residual_multiple" name="residual_deviation_tends_to_0" time="0.00199999999995271"/>
    <testcase classname="ds.mean_math_residual_multiple" name="residual_deviation_tends_to_0" time="0.00100000000020373"/>
    <testcase classname="ds.mean_math_residual_multiple" name="residual_deviation_tends_to_0" time="1.221"/>
    <testcase classname="ds.mean_math_residual_multiple" name="residual_deviation_tends_to_0" time="0.00199999999995271"/>
    <testcase classname="ds.mean_math_residual_multiple" name="residual_deviation_tends_to_0" time="0.00199999999995271"/>
    <testcase classname="ds.mean_math_residual_multiple" name="residual_deviation_tends_to_0" time="1.21399999999994"/>
    <testcase classname="ds.mean_math_residual_multiple" name="residual_deviation_tends_to_0" time="0.00200000000018008"/>
    <testcase classname="ds.mean_math_residual_multiple" name="residual_deviation_tends_to_0" time="0.00199999999995271"/>
    <testcase classname="ds.mean_math_residual_multiple" name="residual_deviation_tends_to_0" time="1.21299999999997"/>
    <testcase classname="ds.mean_math_residual_multiple" name="residual_deviation_tends_to_0" time="0.000999999999976353"/>
    <testcase classname="ds.mean_math_residual_multiple" name="residual_deviation_tends_to_0" time="0.00199999999995271"/>
    <testcase classname="ds.mean_math_residual_multiple" name="residual_deviation_tends_to_0" time="1.21399999999994"/>
    <testcase classname="ds.mean_math_residual_multiple" name="residual_deviation_tends_to_0" time="0.00200000000018008"/>
    <testcase classname="ds.mean_math_residual_multiple" name="residual_deviation_tends_to_0" time="0.00199999999995271"/>
    <testcase classname="ds.mean_math_residual_multiple" name="residual_deviation_tends_to_0" time="1.21499999999992"/>
    <testcase classname="ds.mean_math_residual_multiple" name="residual_deviation_tends_to_0" time="0.00199999999995271"/>
    <testcase classname="ds.mean_math_residual_multiple" name="residual_deviation_tends_to_0" time="0.00100000000020373"/>
  </testsuite>
  <testsuite errors="0" failures="0" hostname="fv-az14" name="ds.mean()::math::location_parameter::single" skipped="0" tests="8" time="20.715" timestamp="2020-09-12T14:44:06Z">
    <testcase classname="ds.mean_math_location_parameter_single" name="mean_X_a_mean_X_a" time="5.84999999999991"/>
    <testcase classname="ds.mean_math_location_parameter_single" name="mean_X_a_mean_X_a" time="2.11400000000003"/>
    <testcase classname="ds.mean_math_location_parameter_single" name="mean_X_a_mean_X_a" time="2.13799999999992"/>
    <testcase classname="ds.mean_math_location_parameter_single" name="mean_X_a_mean_X_a" time="2.11300000000006"/>
    <testcase classname="ds.mean_math_location_parameter_single" name="mean_X_a_mean_X_a" time="2.11099999999988"/>
    <testcase classname="ds.mean_math_location_parameter_single" name="mean_X_a_mean_X_a" time="2.11300000000006"/>
    <testcase classname="ds.mean_math_location_parameter_single" name="mean_X_a_mean_X_a" time="2.16100000000006"/>
    <testcase classname="ds.mean_math_location_parameter_single" name="mean_X_a_mean_X_a" time="2.11500000000001"/>
  </testsuite>
  <testsuite errors="0" failures="0" hostname="fv-az14" name="ds.mean()::math::location_parameter::multiple" skipped="0" tests="8" time="30.497" timestamp="2020-09-12T14:44:27Z">
    <testcase classname="ds.mean_math_location_parameter_multiple" name="mean_X_a_mean_X_a" time="7.94599999999991"/>
    <testcase classname="ds.mean_math_location_parameter_multiple" name="mean_X_a_mean_X_a" time="3.25300000000016"/>
    <testcase classname="ds.mean_math_location_parameter_multiple" name="mean_X_a_mean_X_a" time="3.20799999999986"/>
    <testcase classname="ds.mean_math_location_parameter_multiple" name="mean_X_a_mean_X_a" time="3.20000000000005"/>
    <testcase classname="ds.mean_math_location_parameter_multiple" name="mean_X_a_mean_X_a" time="3.18900000000008"/>
    <testcase classname="ds.mean_math_location_parameter_multiple" name="mean_X_a_mean_X_a" time="3.20299999999997"/>
    <testcase classname="ds.mean_math_location_parameter_multiple" name="mean_X_a_mean_X_a" time="3.28700000000003"/>
    <testcase classname="ds.mean_math_location_parameter_multiple" name="mean_X_a_mean_X_a" time="3.21100000000001"/>
  </testsuite>
  <testsuite errors="0" failures="0" hostname="fv-az14" name="ds.mean()::math::scale::multiple" skipped="0" tests="8" time="31.341" timestamp="2020-09-12T14:44:57Z">
    <testcase classname="ds.mean_math_scale_multiple" name="mean_X_a_mean_X_a" time="8.23699999999985"/>
    <testcase classname="ds.mean_math_scale_multiple" name="mean_X_a_mean_X_a" time="3.24700000000007"/>
    <testcase classname="ds.mean_math_scale_multiple" name="mean_X_a_mean_X_a" time="3.28199999999993"/>
    <testcase classname="ds.mean_math_scale_multiple" name="mean_X_a_mean_X_a" time="3.27200000000016"/>
    <testcase classname="ds.mean_math_scale_multiple" name="mean_X_a_mean_X_a" time="3.41199999999981"/>
    <testcase classname="ds.mean_math_scale_multiple" name="mean_X_a_mean_X_a" time="3.30100000000016"/>
    <testcase classname="ds.mean_math_scale_multiple" name="mean_X_a_mean_X_a" time="3.34500000000003"/>
    <testcase classname="ds.mean_math_scale_multiple" name="mean_X_a_mean_X_a" time="3.24499999999989"/>
  </testsuite>
  <testsuite errors="0" failures="0" hostname="fv-az14" name="ds.mean()::math::scale::single" skipped="0" tests="8" time="20.809" timestamp="2020-09-12T14:45:28Z">
    <testcase classname="ds.mean_math_scale_single" name="mean_X_a_mean_X_a" time="5.88900000000012"/>
    <testcase classname="ds.mean_math_scale_single" name="mean_X_a_mean_X_a" time="2.1389999999999"/>
    <testcase classname="ds.mean_math_scale_single" name="mean_X_a_mean_X_a" time="2.12900000000013"/>
    <testcase classname="ds.mean_math_scale_single" name="mean_X_a_mean_X_a" time="2.11500000000001"/>
    <testcase classname="ds.mean_math_scale_single" name="mean_X_a_mean_X_a" time="2.11199999999985"/>
    <testcase classname="ds.mean_math_scale_single" name="mean_X_a_mean_X_a" time="2.11699999999996"/>
    <testcase classname="ds.mean_math_scale_single" name="mean_X_a_mean_X_a" time="2.17200000000003"/>
    <testcase classname="ds.mean_math_scale_single" name="mean_X_a_mean_X_a" time="2.13599999999997"/>
  </testsuite>
  <testsuite errors="0" failures="0" hostname="fv-az14" name="ds.var()::math::positive_result::multiple" skipped="0" tests="32" time="24.497" timestamp="2020-09-12T14:45:49Z">
    <testcase classname="ds.var_math_positive_result_multiple" name="variance_0" time="6.14800000000014"/>
    <testcase classname="ds.var_math_positive_result_multiple" name="variance_0" time="1.22599999999989"/>
    <testcase classname="ds.var_math_positive_result_multiple" name="variance_0" time="1.21600000000012"/>
    <testcase classname="ds.var_math_positive_result_multiple" name="variance_0" time="1.23099999999999"/>
    <testcase classname="ds.var_math_positive_result_multiple" name="variance_0" time="1.22199999999998"/>
    <testcase classname="ds.var_math_positive_result_multiple" name="variance_0" time="1.21900000000005"/>
    <testcase classname="ds.var_math_positive_result_multiple" name="variance_0" time="1.24199999999996"/>
    <testcase classname="ds.var_math_positive_result_multiple" name="variance_0" time="1.22399999999993"/>
    <testcase classname="ds.var_math_positive_result_multiple" name="variance_0" time="1.23800000000006"/>
    <testcase classname="ds.var_math_positive_result_multiple" name="variance_0" time="0.000999999999976353"/>
    <testcase classname="ds.var_math_positive_result_multiple" name="variance_0" time="0.00199999999995271"/>
    <testcase classname="ds.var_math_positive_result_multiple" name="variance_0" time="1.22199999999998"/>
    <testcase classname="ds.var_math_positive_result_multiple" name="variance_0" time="0.000999999999976353"/>
    <testcase classname="ds.var_math_positive_result_multiple" name="variance_0" time="0.00100000000020373"/>
    <testcase classname="ds.var_math_positive_result_multiple" name="variance_0" time="1.23399999999992"/>
    <testcase classname="ds.var_math_positive_result_multiple" name="variance_0" time="0.000999999999976353"/>
    <testcase classname="ds.var_math_positive_result_multiple" name="variance_0" time="0.00199999999995271"/>
    <testcase classname="ds.var_math_positive_result_multiple" name="variance_0" time="1.21500000000015"/>
    <testcase classname="ds.var_math_positive_result_multiple" name="variance_0" time="0.000999999999976353"/>
    <testcase classname="ds.var_math_positive_result_multiple" name="variance_0" time="0.000999999999976353"/>
    <testcase classname="ds.var_math_positive_result_multiple" name="variance_0" time="1.19900000000007"/>
    <testcase classname="ds.var_math_positive_result_multiple" name="variance_0" time="0.000999999999976353"/>
    <testcase classname="ds.var_math_positive_result_multiple" name="variance_0" time="0.00199999999995271"/>
    <testcase classname="ds.var_math_positive_result_multiple" name="variance_0" time="1.221"/>
    <testcase classname="ds.var_math_positive_result_multiple" name="variance_0" time="0.00199999999995271"/>
    <testcase classname="ds.var_math_positive_result_multiple" name="variance_0" time="0.00199999999995271"/>
    <testcase classname="ds.var_math_positive_result_multiple" name="variance_0" time="1.20500000000015"/>
    <testcase classname="ds.var_math_positive_result_multiple" name="variance_0" time="0.00199999999995271"/>
    <testcase classname="ds.var_math_positive_result_multiple" name="variance_0" time="0.00199999999995271"/>
    <testcase classname="ds.var_math_positive_result_multiple" name="variance_0" time="1.21100000000001"/>
    <testcase classname="ds.var_math_positive_result_multiple" name="variance_0" time="0.000999999999976353"/>
    <testcase classname="ds.var_math_positive_result_multiple" name="variance_0" time="0.00199999999995271"/>
  </testsuite>
  <testsuite errors="0" failures="0" hostname="fv-az14" name="ds.var()::math::positive_result::single" skipped="0" tests="32" time="14.887" timestamp="2020-09-12T14:46:14Z">
    <testcase classname="ds.var_math_positive_result_single" name="variance_0" time="4.27700000000004"/>
    <testcase classname="ds.var_math_positive_result_single" name="variance_0" time="0.701000000000022"/>
    <testcase classname="ds.var_math_positive_result_single" name="variance_0" time="0.699000000000069"/>
    <testcase classname="ds.var_math_positive_result_single" name="variance_0" time="0.695999999999913"/>
    <testcase classname="ds.var_math_positive_result_single" name="variance_0" time="0.701999999999998"/>
    <testcase classname="ds.var_math_positive_result_single" name="variance_0" time="0.710000000000036"/>
    <testcase classname="ds.var_math_positive_result_single" name="variance_0" time="0.713999999999942"/>
    <testcase classname="ds.var_math_positive_result_single" name="variance_0" time="0.702999999999975"/>
    <testcase classname="ds.var_math_positive_result_single" name="variance_0" time="0.708000000000084"/>
    <testcase classname="ds.var_math_positive_result_single" name="variance_0" time="0.00199999999995271"/>
    <testcase classname="ds.var_math_positive_result_single" name="variance_0" time="0.000999999999976353"/>
    <testcase classname="ds.var_math_positive_result_single" name="variance_0" time="0.714000000000169"/>
    <testcase classname="ds.var_math_positive_result_single" name="variance_0" time="0.00199999999995271"/>
    <testcase classname="ds.var_math_positive_result_single" name="variance_0" time="0.00199999999995271"/>
    <testcase classname="ds.var_math_positive_result_single" name="variance_0" time="0.703999999999951"/>
    <testcase classname="ds.var_math_positive_result_single" name="variance_0" time="0.000999999999976353"/>
    <testcase classname="ds.var_math_positive_result_single" name="variance_0" time="0.00200000000018008"/>
    <testcase classname="ds.var_math_positive_result_single" name="variance_0" time="0.701999999999998"/>
    <testcase classname="ds.var_math_positive_result_single" name="variance_0" time="0.00199999999995271"/>
    <testcase classname="ds.var_math_positive_result_single" name="variance_0" time="0.000999999999976353"/>
    <testcase classname="ds.var_math_positive_result_single" name="variance_0" time="0.707999999999856"/>
    <testcase classname="ds.var_math_positive_result_single" name="variance_0" time="0.00300000000015643"/>
    <testcase classname="ds.var_math_positive_result_single" name="variance_0" time="0.00199999999995271"/>
    <testcase classname="ds.var_math_positive_result_single" name="variance_0" time="0.711999999999989"/>
    <testcase classname="ds.var_math_positive_result_single" name="variance_0" time="0.00199999999995271"/>
    <testcase classname="ds.var_math_positive_result_single" name="variance_0" time="0.000999999999976353"/>
    <testcase classname="ds.var_math_positive_result_single" name="variance_0" time="0.708000000000084"/>
    <testcase classname="ds.var_math_positive_result_single" name="variance_0" time="0.00199999999995271"/>
    <testcase classname="ds.var_math_positive_result_single" name="variance_0" time="0.00199999999995271"/>
    <testcase classname="ds.var_math_positive_result_single" name="variance_0" time="0.701000000000022"/>
    <testcase classname="ds.var_math_positive_result_single" name="variance_0" time="0.00200000000018008"/>
    <testcase classname="ds.var_math_positive_result_single" name="variance_0" time="0.000999999999976353"/>
  </testsuite>
  <testsuite errors="0" failures="0" hostname="fv-az14" name="ds.var()::math::square_root_std::single" skipped="0" tests="8" time="5.312" timestamp="2020-09-12T14:46:29Z">
    <testcase classname="ds.var_math_square_root_std_single" name="variance_is_to_the_power_of_2_of_the_standard_deviation" time="3.58999999999992"/>
    <testcase classname="ds.var_math_square_root_std_single" name="variance_is_to_the_power_of_2_of_the_standard_deviation" time="0.278999999999996"/>
    <testcase classname="ds.var_math_square_root_std_single" name="variance_is_to_the_power_of_2_of_the_standard_deviation" time="0.239000000000033"/>
    <testcase classname="ds.var_math_square_root_std_single" name="variance_is_to_the_power_of_2_of_the_standard_deviation" time="0.240999999999985"/>
    <testcase classname="ds.var_math_square_root_std_single" name="variance_is_to_the_power_of_2_of_the_standard_deviation" time="0.242999999999938"/>
    <testcase classname="ds.var_math_square_root_std_single" name="variance_is_to_the_power_of_2_of_the_standard_deviation" time="0.244000000000142"/>
    <testcase classname="ds.var_math_square_root_std_single" name="variance_is_to_the_power_of_2_of_the_standard_deviation" time="0.238999999999805"/>
    <testcase classname="ds.var_math_square_root_std_single" name="variance_is_to_the_power_of_2_of_the_standard_deviation" time="0.23700000000008"/>
  </testsuite>
  <testsuite errors="0" failures="0" hostname="fv-az14" name="ds.var()::math::square_root_std::multiple" skipped="0" tests="32" time="9.157" timestamp="2020-09-12T14:46:34Z">
    <testcase classname="ds.var_math_square_root_std_multiple" name="variance_is_to_the_power_of_2_of_the_standard_deviation" time="4.91800000000012"/>
    <testcase classname="ds.var_math_square_root_std_multiple" name="variance_is_to_the_power_of_2_of_the_standard_deviation" time="0.351999999999862"/>
    <testcase classname="ds.var_math_square_root_std_multiple" name="variance_is_to_the_power_of_2_of_the_standard_deviation" time="0.274000000000115"/>
    <testcase classname="ds.var_math_square_root_std_multiple" name="variance_is_to_the_power_of_2_of_the_standard_deviation" time="0.272999999999911"/>
    <testcase classname="ds.var_math_square_root_std_multiple" name="variance_is_to_the_power_of_2_of_the_standard_deviation" time="0.279999999999973"/>
    <testcase classname="ds.var_math_square_root_std_multiple" name="variance_is_to_the_power_of_2_of_the_standard_deviation" time="0.268000000000029"/>
    <testcase classname="ds.var_math_square_root_std_multiple" name="variance_is_to_the_power_of_2_of_the_standard_deviation" time="0.304000000000087"/>
    <testcase classname="ds.var_math_square_root_std_multiple" name="variance_is_to_the_power_of_2_of_the_standard_deviation" time="0.270999999999958"/>
    <testcase classname="ds.var_math_square_root_std_multiple" name="variance_is_to_the_power_of_2_of_the_standard_deviation" time="0.283999999999878"/>
    <testcase classname="ds.var_math_square_root_std_multiple" name="variance_is_to_the_power_of_2_of_the_standard_deviation" time="0.00200000000018008"/>
    <testcase classname="ds.var_math_square_root_std_multiple" name="variance_is_to_the_power_of_2_of_the_standard_deviation" time="0.000999999999976353"/>
    <testcase classname="ds.var_math_square_root_std_multiple" name="variance_is_to_the_power_of_2_of_the_standard_deviation" time="0.27800000000002"/>
    <testcase classname="ds.var_math_square_root_std_multiple" name="variance_is_to_the_power_of_2_of_the_standard_deviation" time="0.00199999999995271"/>
    <testcase classname="ds.var_math_square_root_std_multiple" name="variance_is_to_the_power_of_2_of_the_standard_deviation" time="0.00199999999995271"/>
    <testcase classname="ds.var_math_square_root_std_multiple" name="variance_is_to_the_power_of_2_of_the_standard_deviation" time="0.275000000000091"/>
    <testcase classname="ds.var_math_square_root_std_multiple" name="variance_is_to_the_power_of_2_of_the_standard_deviation" time="0.00199999999995271"/>
    <testcase classname="ds.var_math_square_root_std_multiple" name="variance_is_to_the_power_of_2_of_the_standard_deviation" time="0.00199999999995271"/>
    <testcase classname="ds.var_math_square_root_std_multiple" name="variance_is_to_the_power_of_2_of_the_standard_deviation" time="0.275000000000091"/>
    <testcase classname="ds.var_math_square_root_std_multiple" name="variance_is_to_the_power_of_2_of_the_standard_deviation" time="0.00199999999995271"/>
    <testcase classname="ds.var_math_square_root_std_multiple" name="variance_is_to_the_power_of_2_of_the_standard_deviation" time="0.00199999999995271"/>
    <testcase classname="ds.var_math_square_root_std_multiple" name="variance_is_to_the_power_of_2_of_the_standard_deviation" time="0.267000000000053"/>
    <testcase classname="ds.var_math_square_root_std_multiple" name="variance_is_to_the_power_of_2_of_the_standard_deviation" time="0.00199999999995271"/>
    <testcase classname="ds.var_math_square_root_std_multiple" name="variance_is_to_the_power_of_2_of_the_standard_deviation" time="0.000999999999976353"/>
    <testcase classname="ds.var_math_square_root_std_multiple" name="variance_is_to_the_power_of_2_of_the_standard_deviation" time="0.268000000000029"/>
    <testcase classname="ds.var_math_square_root_std_multiple" name="variance_is_to_the_power_of_2_of_the_standard_deviation" time="0.00199999999995271"/>
    <testcase classname="ds.var_math_square_root_std_multiple" name="variance_is_to_the_power_of_2_of_the_standard_deviation" time="0.000999999999976353"/>
    <testcase classname="ds.var_math_square_root_std_multiple" name="variance_is_to_the_power_of_2_of_the_standard_deviation" time="0.269000000000005"/>
    <testcase classname="ds.var_math_square_root_std_multiple" name="variance_is_to_the_power_of_2_of_the_standard_deviation" time="0.00200000000018008"/>
    <testcase classname="ds.var_math_square_root_std_multiple" name="variance_is_to_the_power_of_2_of_the_standard_deviation" time="0.000999999999976353"/>
    <testcase classname="ds.var_math_square_root_std_multiple" name="variance_is_to_the_power_of_2_of_the_standard_deviation" time="0.272999999999911"/>
    <testcase classname="ds.var_math_square_root_std_multiple" name="variance_is_to_the_power_of_2_of_the_standard_deviation" time="0.00199999999995271"/>
    <testcase classname="ds.var_math_square_root_std_multiple" name="variance_is_to_the_power_of_2_of_the_standard_deviation" time="0.00199999999995271"/>
  </testsuite>
  <testsuite errors="0" failures="0" hostname="fv-az14" name="ds.var()::math::location::parameter::single" skipped="0" tests="8" time="20.747" timestamp="2020-09-12T14:46:43Z">
    <testcase classname="ds.var_math_location_parameter_single" name="var_X_a_Var_X_" time="5.76300000000015"/>
    <testcase classname="ds.var_math_location_parameter_single" name="var_X_a_Var_X_" time="2.11099999999988"/>
    <testcase classname="ds.var_math_location_parameter_single" name="var_X_a_Var_X_" time="2.12300000000005"/>
    <testcase classname="ds.var_math_location_parameter_single" name="var_X_a_Var_X_" time="2.12599999999998"/>
    <testcase classname="ds.var_math_location_parameter_single" name="var_X_a_Var_X_" time="2.13200000000006"/>
    <testcase classname="ds.var_math_location_parameter_single" name="var_X_a_Var_X_" time="2.14400000000001"/>
    <testcase classname="ds.var_math_location_parameter_single" name="var_X_a_Var_X_" time="2.20000000000005"/>
    <testcase classname="ds.var_math_location_parameter_single" name="var_X_a_Var_X_" time="2.14799999999991"/>
  </testsuite>
  <testsuite errors="0" failures="0" hostname="fv-az14" name="ds.var()::math::location::parameter::multiple" skipped="0" tests="8" time="31.212" timestamp="2020-09-12T14:47:04Z">
    <testcase classname="ds.var_math_location_parameter_multiple" name="var_X_a_Var_X_" time="8.43599999999992"/>
    <testcase classname="ds.var_math_location_parameter_multiple" name="var_X_a_Var_X_" time="3.26100000000019"/>
    <testcase classname="ds.var_math_location_parameter_multiple" name="var_X_a_Var_X_" time="3.26900000000001"/>
    <testcase classname="ds.var_math_location_parameter_multiple" name="var_X_a_Var_X_" time="3.23899999999981"/>
    <testcase classname="ds.var_math_location_parameter_multiple" name="var_X_a_Var_X_" time="3.22800000000007"/>
    <testcase classname="ds.var_math_location_parameter_multiple" name="var_X_a_Var_X_" time="3.21900000000005"/>
    <testcase classname="ds.var_math_location_parameter_multiple" name="var_X_a_Var_X_" time="3.33300000000008"/>
    <testcase classname="ds.var_math_location_parameter_multiple" name="var_X_a_Var_X_" time="3.22699999999986"/>
  </testsuite>
  <testsuite errors="0" failures="0" hostname="fv-az14" name="ds.var()::math::scale::single" skipped="0" tests="8" time="20.758" timestamp="2020-09-12T14:47:35Z">
    <testcase classname="ds.var_math_scale_single" name="var_aX_a_2Var_X_" time="5.83500000000004"/>
    <testcase classname="ds.var_math_scale_single" name="var_aX_a_2Var_X_" time="2.10500000000002"/>
    <testcase classname="ds.var_math_scale_single" name="var_aX_a_2Var_X_" time="2.1389999999999"/>
    <testcase classname="ds.var_math_scale_single" name="var_aX_a_2Var_X_" time="2.14900000000011"/>
    <testcase classname="ds.var_math_scale_single" name="var_aX_a_2Var_X_" time="2.13099999999986"/>
    <testcase classname="ds.var_math_scale_single" name="var_aX_a_2Var_X_" time="2.11400000000003"/>
    <testcase classname="ds.var_math_scale_single" name="var_aX_a_2Var_X_" time="2.18500000000017"/>
    <testcase classname="ds.var_math_scale_single" name="var_aX_a_2Var_X_" time="2.09999999999991"/>
  </testsuite>
  <testsuite errors="0" failures="0" hostname="fv-az14" name="ds.var()::math::scale::multiple" skipped="0" tests="8" time="30.493" timestamp="2020-09-12T14:47:56Z">
    <testcase classname="ds.var_math_scale_multiple" name="var_aX_a_2Var_X_" time="7.96399999999994"/>
    <testcase classname="ds.var_math_scale_multiple" name="var_aX_a_2Var_X_" time="3.20399999999995"/>
    <testcase classname="ds.var_math_scale_multiple" name="var_aX_a_2Var_X_" time="3.21600000000012"/>
    <testcase classname="ds.var_math_scale_multiple" name="var_aX_a_2Var_X_" time="3.23900000000003"/>
    <testcase classname="ds.var_math_scale_multiple" name="var_aX_a_2Var_X_" time="3.20399999999995"/>
    <testcase classname="ds.var_math_scale_multiple" name="var_aX_a_2Var_X_" time="3.19700000000012"/>
    <testcase classname="ds.var_math_scale_multiple" name="var_aX_a_2Var_X_" time="3.27199999999993"/>
    <testcase classname="ds.var_math_scale_multiple" name="var_aX_a_2Var_X_" time="3.19699999999989"/>
  </testsuite>
  <testsuite errors="0" failures="0" hostname="fv-az14" name="checkClass::smk::discordant::setup" skipped="0" tests="3" time="4.814" timestamp="2020-09-12T14:48:26Z">
    <testcase classname="checkClass_smk_discordant_setup" name="setup" time="4.81200000000013"/>
    <testcase classname="checkClass_smk_discordant_setup" name="setup" time="0.000999999999976353"/>
    <testcase classname="checkClass_smk_discordant_setup" name="setup" time="0.000999999999976353"/>
  </testsuite>
  <testsuite errors="0" failures="0" hostname="fv-az14" name="checkClass::smk::discordant" skipped="0" tests="3" time="2.056" timestamp="2020-09-12T14:48:31Z">
    <testcase classname="checkClass_smk_discordant" name="simple_test_discordant_dataset_A" time="0.683999999999969"/>
    <testcase classname="checkClass_smk_discordant" name="simple_test_discordant_dataset_B" time="0.683999999999969"/>
    <testcase classname="checkClass_smk_discordant" name="simple_test_discordant_dataset_C" time="0.688000000000102"/>
  </testsuite>
  <testsuite errors="0" failures="0" hostname="fv-az14" name="checkClass::smk::discordant::shutdown" skipped="0" tests="3" time="0.276" timestamp="2020-09-12T14:48:33Z">
    <testcase classname="checkClass_smk_discordant_shutdown" name="shutdown" time="0.273999999999887"/>
    <testcase classname="checkClass_smk_discordant_shutdown" name="shutdown" time="0.000999999999976353"/>
    <testcase classname="checkClass_smk_discordant_shutdown" name="shutdown" time="0.00100000000020373"/>
  </testsuite>
  <testsuite errors="0" failures="0" hostname="fv-az14" name="checkClass::smk::discordant::done" skipped="0" tests="0" time="0" timestamp="2020-09-12T14:48:34Z"/>
  <testsuite errors="0" failures="0" hostname="fv-az14" name="checkClass::smk::setup" skipped="0" tests="3" time="5.215" timestamp="2020-09-12T14:48:34Z">
    <testcase classname="checkClass_smk_setup" name="setup" time="5.21199999999999"/>
    <testcase classname="checkClass_smk_setup" name="setup" time="0.00199999999995271"/>
    <testcase classname="checkClass_smk_setup" name="setup" time="0.000999999999976353"/>
  </testsuite>
  <testsuite errors="0" failures="0" hostname="fv-az14" name="checkClass::smk::simple test" skipped="0" tests="24" time="8.244" timestamp="2020-09-12T14:48:39Z">
    <testcase classname="checkClass_smk_simple_test" name="simple_test" time="0.684999999999945"/>
    <testcase classname="checkClass_smk_simple_test" name="simple_test" time="0.000999999999976353"/>
    <testcase classname="checkClass_smk_simple_test" name="simple_test" time="0.000999999999976353"/>
    <testcase classname="checkClass_smk_simple_test" name="simple_test" time="0.679000000000087"/>
    <testcase classname="checkClass_smk_simple_test" name="simple_test" time="0.00199999999995271"/>
    <testcase classname="checkClass_smk_simple_test" name="simple_test" time="0.000999999999976353"/>
    <testcase classname="checkClass_smk_simple_test" name="simple_test" time="0.683999999999969"/>
    <testcase classname="checkClass_smk_simple_test" name="simple_test" time="0.00200000000018008"/>
    <testcase classname="checkClass_smk_simple_test" name="simple_test" time="0.000999999999976353"/>
    <testcase classname="checkClass_smk_simple_test" name="simple_test" time="0.684999999999945"/>
    <testcase classname="checkClass_smk_simple_test" name="simple_test" time="0.000999999999976353"/>
    <testcase classname="checkClass_smk_simple_test" name="simple_test" time="0.00199999999995271"/>
    <testcase classname="checkClass_smk_simple_test" name="simple_test" time="0.712999999999965"/>
    <testcase classname="checkClass_smk_simple_test" name="simple_test" time="0.00100000000020373"/>
    <testcase classname="checkClass_smk_simple_test" name="simple_test" time="0.00199999999995271"/>
    <testcase classname="checkClass_smk_simple_test" name="simple_test" time="0.721000000000004"/>
    <testcase classname="checkClass_smk_simple_test" name="simple_test" time="0.00199999999995271"/>
    <testcase classname="checkClass_smk_simple_test" name="simple_test" time="0.00199999999995271"/>
    <testcase classname="checkClass_smk_simple_test" name="data.frame_test" time="3.37599999999998"/>
    <testcase classname="checkClass_smk_simple_test" name="data.frame_test" time="0.00199999999995271"/>
    <testcase classname="checkClass_smk_simple_test" name="data.frame_test" time="0.00100000000020373"/>
    <testcase classname="checkClass_smk_simple_test" name="missing_test" time="0.675999999999931"/>
    <testcase classname="checkClass_smk_simple_test" name="missing_test" time="0.00199999999995271"/>
    <testcase classname="checkClass_smk_simple_test" name="missing_test" time="0.00199999999995271"/>
  </testsuite>
  <testsuite errors="0" failures="0" hostname="fv-az14" name="checkClass::smk::shutdown" skipped="0" tests="3" time="0.28" timestamp="2020-09-12T14:48:47Z">
    <testcase classname="checkClass_smk_shutdown" name="shutdown" time="0.27800000000002"/>
    <testcase classname="checkClass_smk_shutdown" name="shutdown" time="0.000999999999976353"/>
    <testcase classname="checkClass_smk_shutdown" name="shutdown" time="0.000999999999976353"/>
  </testsuite>
  <testsuite errors="0" failures="0" hostname="fv-az14" name="checkClass::smk::done" skipped="0" tests="0" time="0" timestamp="2020-09-12T14:48:48Z"/>
  <testsuite errors="0" failures="0" hostname="fv-az14" name="ds.abs::smk::setup" skipped="0" tests="3" time="5.182" timestamp="2020-09-12T14:48:48Z">
    <testcase classname="ds.abs_smk_setup" name="setup" time="5.17900000000009"/>
    <testcase classname="ds.abs_smk_setup" name="setup" time="0.000999999999976353"/>
    <testcase classname="ds.abs_smk_setup" name="setup" time="0.00199999999995271"/>
  </testsuite>
  <testsuite errors="0" failures="0" hostname="fv-az14" name="ds.abs::smk" skipped="0" tests="10" time="2.29" timestamp="2020-09-12T14:48:52Z">
    <testcase classname="ds.abs_smk" name="simple_c" time="1.47500000000014"/>
    <testcase classname="ds.abs_smk" name="simple_c" time="0.269000000000005"/>
    <testcase classname="ds.abs_smk" name="simple_c" time="0.000999999999976353"/>
    <testcase classname="ds.abs_smk" name="simple_c" time="0.000999999999976353"/>
    <testcase classname="ds.abs_smk" name="simple_c" time="0.000999999999976353"/>
    <testcase classname="ds.abs_smk" name="simple_c" time="0.000999999999976353"/>
    <testcase classname="ds.abs_smk" name="simple_c" time="0.538000000000011"/>
    <testcase classname="ds.abs_smk" name="simple_c" time="0.00199999999995271"/>
    <testcase classname="ds.abs_smk" name="simple_c" time="0.00100000000020373"/>
    <testcase classname="ds.abs_smk" name="simple_c" time="0.000999999999976353"/>
  </testsuite>
  <testsuite errors="0" failures="0" hostname="fv-az14" name="ds.abs::smk::shutdown" skipped="0" tests="3" time="0.269" timestamp="2020-09-12T14:48:55Z">
    <testcase classname="ds.abs_smk_shutdown" name="setup" time="0.266999999999825"/>
    <testcase classname="ds.abs_smk_shutdown" name="setup" time="0.000999999999976353"/>
    <testcase classname="ds.abs_smk_shutdown" name="setup" time="0.00100000000020373"/>
  </testsuite>
  <testsuite errors="0" failures="0" hostname="fv-az14" name="ds.abs::smk::done" skipped="0" tests="0" time="0" timestamp="2020-09-12T14:48:56Z"/>
  <testsuite errors="0" failures="0" hostname="fv-az14" name="ds.asCharacter::smk::setup" skipped="0" tests="3" time="5.152" timestamp="2020-09-12T14:48:56Z">
    <testcase classname="ds.asCharacter_smk_setup" name="setup" time="5.14899999999989"/>
    <testcase classname="ds.asCharacter_smk_setup" name="setup" time="0.00199999999995271"/>
    <testcase classname="ds.asCharacter_smk_setup" name="setup" time="0.000999999999976353"/>
  </testsuite>
  <testsuite errors="0" failures="0" hostname="fv-az14" name="ds.asCharacter::smk::simple test" skipped="0" tests="3" time="0.794" timestamp="2020-09-12T14:49:00Z">
    <testcase classname="ds.asCharacter_smk_simple_test" name="simple_test" time="0.791000000000167"/>
    <testcase classname="ds.asCharacter_smk_simple_test" name="simple_test" time="0.000999999999976353"/>
    <testcase classname="ds.asCharacter_smk_simple_test" name="simple_test" time="0.00199999999995271"/>
  </testsuite>
  <testsuite errors="0" failures="0" hostname="fv-az14" name="ds.asCharacter::smk::stutdown" skipped="0" tests="3" time="0.275" timestamp="2020-09-12T14:49:01Z">
    <testcase classname="ds.asCharacter_smk_stutdown" name="setup" time="0.271999999999935"/>
    <testcase classname="ds.asCharacter_smk_stutdown" name="setup" time="0.00199999999995271"/>
    <testcase classname="ds.asCharacter_smk_stutdown" name="setup" time="0.00100000000020373"/>
  </testsuite>
  <testsuite errors="0" failures="0" hostname="fv-az14" name="ds.asCharacter::smk::done" skipped="0" tests="0" time="0" timestamp="2020-09-12T14:49:02Z"/>
  <testsuite errors="0" failures="0" hostname="fv-az14" name="ds.asDataMatrix::smk::setup" skipped="0" tests="3" time="5.159" timestamp="2020-09-12T14:49:02Z">
    <testcase classname="ds.asDataMatrix_smk_setup" name="setup" time="5.15699999999993"/>
    <testcase classname="ds.asDataMatrix_smk_setup" name="setup" time="0.000999999999976353"/>
    <testcase classname="ds.asDataMatrix_smk_setup" name="setup" time="0.000999999999976353"/>
  </testsuite>
  <testsuite errors="0" failures="0" hostname="fv-az14" name="ds.asDataMatrix::smk::simple test" skipped="0" tests="3" time="0.842" timestamp="2020-09-12T14:49:06Z">
    <testcase classname="ds.asDataMatrix_smk_simple_test" name="simple_test" time="0.838999999999942"/>
    <testcase classname="ds.asDataMatrix_smk_simple_test" name="simple_test" time="0.00200000000018008"/>
    <testcase classname="ds.asDataMatrix_smk_simple_test" name="simple_test" time="0.000999999999976353"/>
  </testsuite>
  <testsuite errors="0" failures="0" hostname="fv-az14" name="ds.asDataMatrix::smk::shutdown" skipped="0" tests="3" time="0.281" timestamp="2020-09-12T14:49:07Z">
    <testcase classname="ds.asDataMatrix_smk_shutdown" name="shutdown" time="0.278999999999996"/>
    <testcase classname="ds.asDataMatrix_smk_shutdown" name="shutdown" time="0.000999999999976353"/>
    <testcase classname="ds.asDataMatrix_smk_shutdown" name="shutdown" time="0.000999999999976353"/>
  </testsuite>
  <testsuite errors="0" failures="0" hostname="fv-az14" name="ds.asDataMatrix::smk::done" skipped="0" tests="0" time="0" timestamp="2020-09-12T14:49:08Z"/>
  <testsuite errors="0" failures="0" hostname="fv-az14" name="ds.asFactor::smk::setup" skipped="0" tests="3" time="5.185" timestamp="2020-09-12T14:49:08Z">
    <testcase classname="ds.asFactor_smk_setup" name="setup" time="5.18200000000002"/>
    <testcase classname="ds.asFactor_smk_setup" name="setup" time="0.00199999999995271"/>
    <testcase classname="ds.asFactor_smk_setup" name="setup" time="0.000999999999976353"/>
  </testsuite>
  <testsuite errors="0" failures="0" hostname="fv-az14" name="ds.asFactor::smk::force.factor.levels" skipped="0" tests="25" time="13.685" timestamp="2020-09-12T14:49:13Z">
    <testcase classname="ds.asFactor_smk_force.factor.levels" name="with_no_force.factor.levels" time="2.18299999999999"/>
    <testcase classname="ds.asFactor_smk_force.factor.levels" name="with_no_force.factor.levels" time="1.24500000000012"/>
    <testcase classname="ds.asFactor_smk_force.factor.levels" name="with_no_force.factor.levels" time="0.000999999999976353"/>
    <testcase classname="ds.asFactor_smk_force.factor.levels" name="with_no_force.factor.levels" time="0.00199999999995271"/>
    <testcase classname="ds.asFactor_smk_force.factor.levels" name="with_no_force.factor.levels" time="0.000999999999976353"/>
    <testcase classname="ds.asFactor_smk_force.factor.levels" name="with_forced.factor.levels_of_1_6" time="1.32200000000012"/>
    <testcase classname="ds.asFactor_smk_force.factor.levels" name="with_forced.factor.levels_of_1_6" time="1.20499999999993"/>
    <testcase classname="ds.asFactor_smk_force.factor.levels" name="with_forced.factor.levels_of_1_6" time="0.000999999999976353"/>
    <testcase classname="ds.asFactor_smk_force.factor.levels" name="with_forced.factor.levels_of_1_6" time="0.00199999999995271"/>
    <testcase classname="ds.asFactor_smk_force.factor.levels" name="with_forced.factor.levels_of_1_6" time="0.000999999999976353"/>
    <testcase classname="ds.asFactor_smk_force.factor.levels" name="with_force.factor.levels_of_0_10" time="1.32300000000009"/>
    <testcase classname="ds.asFactor_smk_force.factor.levels" name="with_force.factor.levels_of_0_10" time="1.21000000000004"/>
    <testcase classname="ds.asFactor_smk_force.factor.levels" name="with_force.factor.levels_of_0_10" time="0.00199999999995271"/>
    <testcase classname="ds.asFactor_smk_force.factor.levels" name="with_force.factor.levels_of_0_10" time="0.00199999999995271"/>
    <testcase classname="ds.asFactor_smk_force.factor.levels" name="with_force.factor.levels_of_0_10" time="0.000999999999976353"/>
    <testcase classname="ds.asFactor_smk_force.factor.levels" name="with_force.factor.levels_of_2_3" time="1.32000000000016"/>
    <testcase classname="ds.asFactor_smk_force.factor.levels" name="with_force.factor.levels_of_2_3" time="1.21100000000001"/>
    <testcase classname="ds.asFactor_smk_force.factor.levels" name="with_force.factor.levels_of_2_3" time="0.00199999999995271"/>
    <testcase classname="ds.asFactor_smk_force.factor.levels" name="with_force.factor.levels_of_2_3" time="0.00199999999995271"/>
    <testcase classname="ds.asFactor_smk_force.factor.levels" name="with_force.factor.levels_of_2_3" time="0.000999999999976353"/>
    <testcase classname="ds.asFactor_smk_force.factor.levels" name="with_force.factor.levels_of_c_1_2_3_4_a_h_5_" time="1.32099999999991"/>
    <testcase classname="ds.asFactor_smk_force.factor.levels" name="with_force.factor.levels_of_c_1_2_3_4_a_h_5_" time="1.32200000000012"/>
    <testcase classname="ds.asFactor_smk_force.factor.levels" name="with_force.factor.levels_of_c_1_2_3_4_a_h_5_" time="0.00199999999995271"/>
    <testcase classname="ds.asFactor_smk_force.factor.levels" name="with_force.factor.levels_of_c_1_2_3_4_a_h_5_" time="0.00199999999995271"/>
    <testcase classname="ds.asFactor_smk_force.factor.levels" name="with_force.factor.levels_of_c_1_2_3_4_a_h_5_" time="0.000999999999976353"/>
  </testsuite>
  <testsuite errors="0" failures="0" hostname="fv-az14" name="ds.asFactor::smk::fixed.dummy.vars" skipped="0" tests="6" time="2.674" timestamp="2020-09-12T14:49:26Z">
    <testcase classname="ds.asFactor_smk_fixed.dummy.vars" name="with_fixed.dummy.vars_of_TRUE" time="1.34700000000021"/>
    <testcase classname="ds.asFactor_smk_fixed.dummy.vars" name="with_fixed.dummy.vars_of_TRUE" time="0.000999999999976353"/>
    <testcase classname="ds.asFactor_smk_fixed.dummy.vars" name="with_fixed.dummy.vars_of_TRUE" time="0.000999999999976353"/>
    <testcase classname="ds.asFactor_smk_fixed.dummy.vars" name="with_fixed.dummy.vars_of_TRUE_and_baseline.level_of_6" time="1.32199999999989"/>
    <testcase classname="ds.asFactor_smk_fixed.dummy.vars" name="with_fixed.dummy.vars_of_TRUE_and_baseline.level_of_6" time="0.000999999999976353"/>
    <testcase classname="ds.asFactor_smk_fixed.dummy.vars" name="with_fixed.dummy.vars_of_TRUE_and_baseline.level_of_6" time="0.00200000000018008"/>
  </testsuite>
  <testsuite errors="0" failures="0" hostname="fv-az14" name="ds.asFactor::smk::shutdown" skipped="0" tests="3" time="0.276" timestamp="2020-09-12T14:49:29Z">
    <testcase classname="ds.asFactor_smk_shutdown" name="shutdown" time="0.273999999999887"/>
    <testcase classname="ds.asFactor_smk_shutdown" name="shutdown" time="0.000999999999976353"/>
    <testcase classname="ds.asFactor_smk_shutdown" name="shutdown" time="0.000999999999976353"/>
  </testsuite>
  <testsuite errors="0" failures="0" hostname="fv-az14" name="ds.asFactor::smk::done" skipped="0" tests="0" time="0" timestamp="2020-09-12T14:49:30Z"/>
  <testsuite errors="0" failures="0" hostname="fv-az14" name="ds.asInteger::smk::setup" skipped="0" tests="3" time="5.165" timestamp="2020-09-12T14:49:30Z">
    <testcase classname="ds.asInteger_smk_setup" name="setup" time="5.16200000000003"/>
    <testcase classname="ds.asInteger_smk_setup" name="setup" time="0.00199999999995271"/>
    <testcase classname="ds.asInteger_smk_setup" name="setup" time="0.00100000000020373"/>
  </testsuite>
  <testsuite errors="0" failures="0" hostname="fv-az14" name="ds.asInteger::smk::simple test" skipped="0" tests="3" time="0.838" timestamp="2020-09-12T14:49:34Z">
    <testcase classname="ds.asInteger_smk_simple_test" name="simple_test" time="0.835999999999785"/>
    <testcase classname="ds.asInteger_smk_simple_test" name="simple_test" time="0.00100000000020373"/>
    <testcase classname="ds.asInteger_smk_simple_test" name="simple_test" time="0.000999999999976353"/>
  </testsuite>
  <testsuite errors="0" failures="0" hostname="fv-az14" name="ds.asInteger::smk::stutdown" skipped="0" tests="3" time="0.286" timestamp="2020-09-12T14:49:35Z">
    <testcase classname="ds.asInteger_smk_stutdown" name="stutdown" time="0.283999999999878"/>
    <testcase classname="ds.asInteger_smk_stutdown" name="stutdown" time="0.000999999999976353"/>
    <testcase classname="ds.asInteger_smk_stutdown" name="stutdown" time="0.000999999999976353"/>
  </testsuite>
  <testsuite errors="0" failures="0" hostname="fv-az14" name="ds.asInteger::smk::done" skipped="0" tests="0" time="0" timestamp="2020-09-12T14:49:36Z"/>
  <testsuite errors="0" failures="0" hostname="fv-az14" name="ds.asList::smk::setup" skipped="0" tests="3" time="5.203" timestamp="2020-09-12T14:49:36Z">
    <testcase classname="ds.asList_smk_setup" name="setup" time="5.20000000000005"/>
    <testcase classname="ds.asList_smk_setup" name="setup" time="0.000999999999976353"/>
    <testcase classname="ds.asList_smk_setup" name="setup" time="0.00200000000018008"/>
  </testsuite>
  <testsuite errors="0" failures="0" hostname="fv-az14" name="ds.asList::smk::simple test" skipped="0" tests="10" time="0.444" timestamp="2020-09-12T14:49:41Z">
    <testcase classname="ds.asList_smk_simple_test" name="simple_test" time="0.432999999999993"/>
    <testcase classname="ds.asList_smk_simple_test" name="simple_test" time="0.000999999999976353"/>
    <testcase classname="ds.asList_smk_simple_test" name="simple_test" time="0.00199999999995271"/>
    <testcase classname="ds.asList_smk_simple_test" name="simple_test" time="0.000999999999976353"/>
    <testcase classname="ds.asList_smk_simple_test" name="simple_test" time="0.000999999999976353"/>
    <testcase classname="ds.asList_smk_simple_test" name="simple_test" time="0.000999999999976353"/>
    <testcase classname="ds.asList_smk_simple_test" name="simple_test" time="0.00199999999995271"/>
    <testcase classname="ds.asList_smk_simple_test" name="simple_test" time="0.00100000000020373"/>
    <testcase classname="ds.asList_smk_simple_test" name="simple_test" time="0.000999999999976353"/>
    <testcase classname="ds.asList_smk_simple_test" name="simple_test" time="0.000999999999976353"/>
  </testsuite>
  <testsuite errors="0" failures="0" hostname="fv-az14" name="ds.asList::smk::shutdown" skipped="0" tests="3" time="0.277" timestamp="2020-09-12T14:49:41Z">
    <testcase classname="ds.asList_smk_shutdown" name="stutdown" time="0.274999999999864"/>
    <testcase classname="ds.asList_smk_shutdown" name="stutdown" time="0.00100000000020373"/>
    <testcase classname="ds.asList_smk_shutdown" name="stutdown" time="0.000999999999976353"/>
  </testsuite>
  <testsuite errors="0" failures="0" hostname="fv-az14" name="ds.asList::smk::done" skipped="0" tests="0" time="0" timestamp="2020-09-12T14:49:42Z"/>
  <testsuite errors="0" failures="0" hostname="fv-az14" name="ds.asLogical::smk::setup" skipped="0" tests="3" time="5.163" timestamp="2020-09-12T14:49:42Z">
    <testcase classname="ds.asLogical_smk_setup" name="setup" time="5.16099999999983"/>
    <testcase classname="ds.asLogical_smk_setup" name="setup" time="0.000999999999976353"/>
    <testcase classname="ds.asLogical_smk_setup" name="setup" time="0.00100000000020373"/>
  </testsuite>
  <testsuite errors="0" failures="0" hostname="fv-az14" name="ds.asLogical::smk::simple test" skipped="0" tests="3" time="0.84" timestamp="2020-09-12T14:49:47Z">
    <testcase classname="ds.asLogical_smk_simple_test" name="simple_test" time="0.836999999999989"/>
    <testcase classname="ds.asLogical_smk_simple_test" name="simple_test" time="0.000999999999976353"/>
    <testcase classname="ds.asLogical_smk_simple_test" name="simple_test" time="0.00199999999995271"/>
  </testsuite>
  <testsuite errors="0" failures="0" hostname="fv-az14" name="ds.asLogical::smk::shutdown" skipped="0" tests="3" time="0.28" timestamp="2020-09-12T14:49:47Z">
    <testcase classname="ds.asLogical_smk_shutdown" name="shutdown" time="0.27800000000002"/>
    <testcase classname="ds.asLogical_smk_shutdown" name="shutdown" time="0.000999999999976353"/>
    <testcase classname="ds.asLogical_smk_shutdown" name="shutdown" time="0.000999999999976353"/>
  </testsuite>
  <testsuite errors="0" failures="0" hostname="fv-az14" name="ds.asLogical::smk::done" skipped="0" tests="0" time="0" timestamp="2020-09-12T14:49:48Z"/>
  <testsuite errors="0" failures="0" hostname="fv-az14" name="ds.asMatrix::smk::setup" skipped="0" tests="3" time="5.175" timestamp="2020-09-12T14:49:48Z">
    <testcase classname="ds.asMatrix_smk_setup" name="setup" time="5.173"/>
    <testcase classname="ds.asMatrix_smk_setup" name="setup" time="0.000999999999976353"/>
    <testcase classname="ds.asMatrix_smk_setup" name="setup" time="0.000999999999976353"/>
  </testsuite>
  <testsuite errors="0" failures="0" hostname="fv-az14" name="ds.asMatrix::smk::simple test" skipped="0" tests="3" time="0.793" timestamp="2020-09-12T14:49:53Z">
    <testcase classname="ds.asMatrix_smk_simple_test" name="simple_test" time="0.789999999999964"/>
    <testcase classname="ds.asMatrix_smk_simple_test" name="simple_test" time="0.00200000000018008"/>
    <testcase classname="ds.asMatrix_smk_simple_test" name="simple_test" time="0.000999999999976353"/>
  </testsuite>
  <testsuite errors="0" failures="0" hostname="fv-az14" name="ds.asMatrix::smk::shutdown" skipped="0" tests="3" time="0.279" timestamp="2020-09-12T14:49:54Z">
    <testcase classname="ds.asMatrix_smk_shutdown" name="shutdown" time="0.277000000000044"/>
    <testcase classname="ds.asMatrix_smk_shutdown" name="shutdown" time="0.000999999999976353"/>
    <testcase classname="ds.asMatrix_smk_shutdown" name="shutdown" time="0.000999999999976353"/>
  </testsuite>
  <testsuite errors="0" failures="0" hostname="fv-az14" name="ds.asMatrix::smk::done" skipped="0" tests="0" time="0" timestamp="2020-09-12T14:49:55Z"/>
  <testsuite errors="0" failures="0" hostname="fv-az14" name="ds.asNumeric::smk::setup" skipped="0" tests="3" time="5.165" timestamp="2020-09-12T14:49:55Z">
    <testcase classname="ds.asNumeric_smk_setup" name="setup" time="5.16300000000001"/>
    <testcase classname="ds.asNumeric_smk_setup" name="setup" time="0.000999999999976353"/>
    <testcase classname="ds.asNumeric_smk_setup" name="setup" time="0.000999999999976353"/>
  </testsuite>
  <testsuite errors="0" failures="0" hostname="fv-az14" name="ds.asNumeric::smk::simple test" skipped="0" tests="3" time="0.794" timestamp="2020-09-12T14:49:59Z">
    <testcase classname="ds.asNumeric_smk_simple_test" name="simple_test" time="0.79099999999994"/>
    <testcase classname="ds.asNumeric_smk_simple_test" name="simple_test" time="0.000999999999976353"/>
    <testcase classname="ds.asNumeric_smk_simple_test" name="simple_test" time="0.00200000000018008"/>
  </testsuite>
  <testsuite errors="0" failures="0" hostname="fv-az14" name="ds.asNumeric::smk::shutdown" skipped="0" tests="3" time="0.273" timestamp="2020-09-12T14:50:00Z">
    <testcase classname="ds.asNumeric_smk_shutdown" name="shutdown" time="0.269999999999982"/>
    <testcase classname="ds.asNumeric_smk_shutdown" name="shutdown" time="0.000999999999976353"/>
    <testcase classname="ds.asNumeric_smk_shutdown" name="shutdown" time="0.00199999999995271"/>
  </testsuite>
  <testsuite errors="0" failures="0" hostname="fv-az14" name="ds.asNumeric::smk::done" skipped="0" tests="0" time="0" timestamp="2020-09-12T14:50:01Z"/>
  <testsuite errors="0" failures="0" hostname="fv-az14" name="ds.assign::smk::setup" skipped="0" tests="3" time="5.325" timestamp="2020-09-12T14:50:01Z">
    <testcase classname="ds.assign_smk_setup" name="setup" time="5.32300000000009"/>
    <testcase classname="ds.assign_smk_setup" name="setup" time="0.000999999999976353"/>
    <testcase classname="ds.assign_smk_setup" name="setup" time="0.000999999999976353"/>
  </testsuite>
  <testsuite errors="0" failures="0" hostname="fv-az14" name="ds.assign::smk" skipped="0" tests="1" time="0.599" timestamp="2020-09-12T14:50:06Z">
    <testcase classname="ds.assign_smk" name="test_assign" time="0.598999999999933"/>
  </testsuite>
  <testsuite errors="0" failures="0" hostname="fv-az14" name="ds.assign::smk::shutdown" skipped="0" tests="3" time="0.317" timestamp="2020-09-12T14:50:06Z">
    <testcase classname="ds.assign_smk_shutdown" name="shutdown" time="0.313000000000102"/>
    <testcase classname="ds.assign_smk_shutdown" name="shutdown" time="0.00199999999995271"/>
    <testcase classname="ds.assign_smk_shutdown" name="shutdown" time="0.00199999999995271"/>
  </testsuite>
  <testsuite errors="0" failures="0" hostname="fv-az14" name="ds.assign::smk::done" skipped="0" tests="0" time="0" timestamp="2020-09-12T14:50:07Z"/>
  <testsuite errors="0" failures="0" hostname="fv-az14" name="ds.Boole::smk::setup" skipped="0" tests="3" time="5.202" timestamp="2020-09-12T14:50:07Z">
    <testcase classname="ds.Boole_smk_setup" name="setup" time="5.20000000000005"/>
    <testcase classname="ds.Boole_smk_setup" name="setup" time="0.000999999999976353"/>
    <testcase classname="ds.Boole_smk_setup" name="setup" time="0.000999999999976353"/>
  </testsuite>
  <testsuite errors="0" failures="0" hostname="fv-az14" name="ds.Boole::smk" skipped="0" tests="3" time="1.287" timestamp="2020-09-12T14:50:12Z">
    <testcase classname="ds.Boole_smk" name="simple_boole" time="1.28400000000011"/>
    <testcase classname="ds.Boole_smk" name="simple_boole" time="0.00199999999995271"/>
    <testcase classname="ds.Boole_smk" name="simple_boole" time="0.000999999999976353"/>
  </testsuite>
  <testsuite errors="0" failures="0" hostname="fv-az14" name="ds.Boole::smk::shutdown" skipped="0" tests="3" time="0.276" timestamp="2020-09-12T14:50:13Z">
    <testcase classname="ds.Boole_smk_shutdown" name="shutdown" time="0.271999999999935"/>
    <testcase classname="ds.Boole_smk_shutdown" name="shutdown" time="0.00200000000018008"/>
    <testcase classname="ds.Boole_smk_shutdown" name="shutdown" time="0.00199999999995271"/>
  </testsuite>
  <testsuite errors="0" failures="0" hostname="fv-az14" name="ds.Boole::smk::done" skipped="0" tests="0" time="0" timestamp="2020-09-12T14:50:14Z"/>
  <testsuite errors="0" failures="0" hostname="fv-az14" name="ds.cbind::smk::setup" skipped="0" tests="3" time="5.172" timestamp="2020-09-12T14:50:14Z">
    <testcase classname="ds.cbind_smk_setup" name="setup" time="5.16899999999987"/>
    <testcase classname="ds.cbind_smk_setup" name="setup" time="0.00200000000018008"/>
    <testcase classname="ds.cbind_smk_setup" name="setup" time="0.000999999999976353"/>
  </testsuite>
  <testsuite errors="0" failures="0" hostname="fv-az14" name="ds.cbind::smk::from dataframe variables" skipped="0" tests="34" time="6.178" timestamp="2020-09-12T14:50:18Z">
    <testcase classname="ds.cbind_smk_from_dataframe_variables" name="simple_test_from_dataframe_variables" time="4.1389999999999"/>
    <testcase classname="ds.cbind_smk_from_dataframe_variables" name="simple_test_from_dataframe_variables" time="0.000999999999976353"/>
    <testcase classname="ds.cbind_smk_from_dataframe_variables" name="simple_test_from_dataframe_variables" time="0.523000000000138"/>
    <testcase classname="ds.cbind_smk_from_dataframe_variables" name="simple_test_from_dataframe_variables" time="0.00199999999995271"/>
    <testcase classname="ds.cbind_smk_from_dataframe_variables" name="simple_test_from_dataframe_variables" time="0.000999999999976353"/>
    <testcase classname="ds.cbind_smk_from_dataframe_variables" name="simple_test_from_dataframe_variables" time="0.26299999999992"/>
    <testcase classname="ds.cbind_smk_from_dataframe_variables" name="simple_test_from_dataframe_variables" time="0.000999999999976353"/>
    <testcase classname="ds.cbind_smk_from_dataframe_variables" name="simple_test_from_dataframe_variables" time="0.00200000000018008"/>
    <testcase classname="ds.cbind_smk_from_dataframe_variables" name="simple_test_from_dataframe_variables" time="0.000999999999976353"/>
    <testcase classname="ds.cbind_smk_from_dataframe_variables" name="simple_test_from_dataframe_variables" time="0.00199999999995271"/>
    <testcase classname="ds.cbind_smk_from_dataframe_variables" name="simple_test_from_dataframe_variables" time="0.000999999999976353"/>
    <testcase classname="ds.cbind_smk_from_dataframe_variables" name="simple_test_from_dataframe_variables" time="0.00199999999995271"/>
    <testcase classname="ds.cbind_smk_from_dataframe_variables" name="simple_test_from_dataframe_variables" time="0.000999999999976353"/>
    <testcase classname="ds.cbind_smk_from_dataframe_variables" name="simple_test_from_dataframe_variables" time="0.000999999999976353"/>
    <testcase classname="ds.cbind_smk_from_dataframe_variables" name="simple_test_from_dataframe_variables" time="0.00200000000018008"/>
    <testcase classname="ds.cbind_smk_from_dataframe_variables" name="simple_test_from_dataframe_variables" time="0.000999999999976353"/>
    <testcase classname="ds.cbind_smk_from_dataframe_variables" name="simple_test_from_dataframe_variables" time="0.000999999999976353"/>
    <testcase classname="ds.cbind_smk_from_dataframe_variables" name="simple_test_from_dataframe_variables" time="0.00199999999995271"/>
    <testcase classname="ds.cbind_smk_from_dataframe_variables" name="simple_test_from_dataframe_variables" time="1.20399999999995"/>
    <testcase classname="ds.cbind_smk_from_dataframe_variables" name="simple_test_from_dataframe_variables" time="0.000999999999976353"/>
    <testcase classname="ds.cbind_smk_from_dataframe_variables" name="simple_test_from_dataframe_variables" time="0.00200000000018008"/>
    <testcase classname="ds.cbind_smk_from_dataframe_variables" name="simple_test_from_dataframe_variables" time="0.00199999999995271"/>
    <testcase classname="ds.cbind_smk_from_dataframe_variables" name="simple_test_from_dataframe_variables" time="0.00199999999995271"/>
    <testcase classname="ds.cbind_smk_from_dataframe_variables" name="simple_test_from_dataframe_variables" time="0.00199999999995271"/>
    <testcase classname="ds.cbind_smk_from_dataframe_variables" name="simple_test_from_dataframe_variables" time="0.00199999999995271"/>
    <testcase classname="ds.cbind_smk_from_dataframe_variables" name="simple_test_from_dataframe_variables" time="0.00200000000018008"/>
    <testcase classname="ds.cbind_smk_from_dataframe_variables" name="simple_test_from_dataframe_variables" time="0.000999999999976353"/>
    <testcase classname="ds.cbind_smk_from_dataframe_variables" name="simple_test_from_dataframe_variables" time="0.00199999999995271"/>
    <testcase classname="ds.cbind_smk_from_dataframe_variables" name="simple_test_from_dataframe_variables" time="0.00199999999995271"/>
    <testcase classname="ds.cbind_smk_from_dataframe_variables" name="simple_test_from_dataframe_variables" time="0.00199999999995271"/>
    <testcase classname="ds.cbind_smk_from_dataframe_variables" name="simple_test_from_dataframe_variables" time="0.00200000000018008"/>
    <testcase classname="ds.cbind_smk_from_dataframe_variables" name="simple_test_from_dataframe_variables" time="0.00199999999995271"/>
    <testcase classname="ds.cbind_smk_from_dataframe_variables" name="simple_test_from_dataframe_variables" time="0.00199999999995271"/>
    <testcase classname="ds.cbind_smk_from_dataframe_variables" name="simple_test_from_dataframe_variables" time="0.00199999999995271"/>
  </testsuite>
  <testsuite errors="0" failures="0" hostname="fv-az14" name="ds.cbind::smk::from root variables" skipped="0" tests="34" time="9.541" timestamp="2020-09-12T14:50:25Z">
    <testcase classname="ds.cbind_smk_from_root_variables" name="simple_test_from_root_variables" time="6.44299999999998"/>
    <testcase classname="ds.cbind_smk_from_root_variables" name="simple_test_from_root_variables" time="0.00199999999995271"/>
    <testcase classname="ds.cbind_smk_from_root_variables" name="simple_test_from_root_variables" time="1.577"/>
    <testcase classname="ds.cbind_smk_from_root_variables" name="simple_test_from_root_variables" time="0.00100000000020373"/>
    <testcase classname="ds.cbind_smk_from_root_variables" name="simple_test_from_root_variables" time="0.000999999999976353"/>
    <testcase classname="ds.cbind_smk_from_root_variables" name="simple_test_from_root_variables" time="0.264999999999873"/>
    <testcase classname="ds.cbind_smk_from_root_variables" name="simple_test_from_root_variables" time="0.00199999999995271"/>
    <testcase classname="ds.cbind_smk_from_root_variables" name="simple_test_from_root_variables" time="0.00100000000020373"/>
    <testcase classname="ds.cbind_smk_from_root_variables" name="simple_test_from_root_variables" time="0.00199999999995271"/>
    <testcase classname="ds.cbind_smk_from_root_variables" name="simple_test_from_root_variables" time="0.000999999999976353"/>
    <testcase classname="ds.cbind_smk_from_root_variables" name="simple_test_from_root_variables" time="0.000999999999976353"/>
    <testcase classname="ds.cbind_smk_from_root_variables" name="simple_test_from_root_variables" time="0.000999999999976353"/>
    <testcase classname="ds.cbind_smk_from_root_variables" name="simple_test_from_root_variables" time="0.00199999999995271"/>
    <testcase classname="ds.cbind_smk_from_root_variables" name="simple_test_from_root_variables" time="0.00300000000015643"/>
    <testcase classname="ds.cbind_smk_from_root_variables" name="simple_test_from_root_variables" time="0.00199999999995271"/>
    <testcase classname="ds.cbind_smk_from_root_variables" name="simple_test_from_root_variables" time="0.000999999999976353"/>
    <testcase classname="ds.cbind_smk_from_root_variables" name="simple_test_from_root_variables" time="0.00199999999995271"/>
    <testcase classname="ds.cbind_smk_from_root_variables" name="simple_test_from_root_variables" time="0.000999999999976353"/>
    <testcase classname="ds.cbind_smk_from_root_variables" name="simple_test_from_root_variables" time="1.21000000000004"/>
    <testcase classname="ds.cbind_smk_from_root_variables" name="simple_test_from_root_variables" time="0.00199999999995271"/>
    <testcase classname="ds.cbind_smk_from_root_variables" name="simple_test_from_root_variables" time="0.000999999999976353"/>
    <testcase classname="ds.cbind_smk_from_root_variables" name="simple_test_from_root_variables" time="0.00200000000018008"/>
    <testcase classname="ds.cbind_smk_from_root_variables" name="simple_test_from_root_variables" time="0.00199999999995271"/>
    <testcase classname="ds.cbind_smk_from_root_variables" name="simple_test_from_root_variables" time="0.000999999999976353"/>
    <testcase classname="ds.cbind_smk_from_root_variables" name="simple_test_from_root_variables" time="0.000999999999976353"/>
    <testcase classname="ds.cbind_smk_from_root_variables" name="simple_test_from_root_variables" time="0.00199999999995271"/>
    <testcase classname="ds.cbind_smk_from_root_variables" name="simple_test_from_root_variables" time="0.000999999999976353"/>
    <testcase classname="ds.cbind_smk_from_root_variables" name="simple_test_from_root_variables" time="0.00200000000018008"/>
    <testcase classname="ds.cbind_smk_from_root_variables" name="simple_test_from_root_variables" time="0.00199999999995271"/>
    <testcase classname="ds.cbind_smk_from_root_variables" name="simple_test_from_root_variables" time="0.000999999999976353"/>
    <testcase classname="ds.cbind_smk_from_root_variables" name="simple_test_from_root_variables" time="0.00199999999995271"/>
    <testcase classname="ds.cbind_smk_from_root_variables" name="simple_test_from_root_variables" time="0.000999999999976353"/>
    <testcase classname="ds.cbind_smk_from_root_variables" name="simple_test_from_root_variables" time="0.00199999999995271"/>
    <testcase classname="ds.cbind_smk_from_root_variables" name="simple_test_from_root_variables" time="0.000999999999976353"/>
  </testsuite>
  <testsuite errors="0" failures="0" hostname="fv-az14" name="ds.cbind::smk::from dataframe variables, DataSHIELD.check=TRUE" skipped="0" tests="34" time="29.352" timestamp="2020-09-12T14:50:34Z">
    <testcase classname="ds.cbind_smk_from_dataframe_variables_DataSHIELD.check_TRUE" name="simple_test_from_dataframe_variables_DataSHIELD.check_TRUE" time="27.317"/>
    <testcase classname="ds.cbind_smk_from_dataframe_variables_DataSHIELD.check_TRUE" name="simple_test_from_dataframe_variables_DataSHIELD.check_TRUE" time="0.00200000000018008"/>
    <testcase classname="ds.cbind_smk_from_dataframe_variables_DataSHIELD.check_TRUE" name="simple_test_from_dataframe_variables_DataSHIELD.check_TRUE" time="0.528999999999996"/>
    <testcase classname="ds.cbind_smk_from_dataframe_variables_DataSHIELD.check_TRUE" name="simple_test_from_dataframe_variables_DataSHIELD.check_TRUE" time="0.000999999999976353"/>
    <testcase classname="ds.cbind_smk_from_dataframe_variables_DataSHIELD.check_TRUE" name="simple_test_from_dataframe_variables_DataSHIELD.check_TRUE" time="0.000999999999976353"/>
    <testcase classname="ds.cbind_smk_from_dataframe_variables_DataSHIELD.check_TRUE" name="simple_test_from_dataframe_variables_DataSHIELD.check_TRUE" time="0.26299999999992"/>
    <testcase classname="ds.cbind_smk_from_dataframe_variables_DataSHIELD.check_TRUE" name="simple_test_from_dataframe_variables_DataSHIELD.check_TRUE" time="0.00199999999995271"/>
    <testcase classname="ds.cbind_smk_from_dataframe_variables_DataSHIELD.check_TRUE" name="simple_test_from_dataframe_variables_DataSHIELD.check_TRUE" time="0.00100000000020373"/>
    <testcase classname="ds.cbind_smk_from_dataframe_variables_DataSHIELD.check_TRUE" name="simple_test_from_dataframe_variables_DataSHIELD.check_TRUE" time="0.00199999999995271"/>
    <testcase classname="ds.cbind_smk_from_dataframe_variables_DataSHIELD.check_TRUE" name="simple_test_from_dataframe_variables_DataSHIELD.check_TRUE" time="0.000999999999976353"/>
    <testcase classname="ds.cbind_smk_from_dataframe_variables_DataSHIELD.check_TRUE" name="simple_test_from_dataframe_variables_DataSHIELD.check_TRUE" time="0.00199999999995271"/>
    <testcase classname="ds.cbind_smk_from_dataframe_variables_DataSHIELD.check_TRUE" name="simple_test_from_dataframe_variables_DataSHIELD.check_TRUE" time="0.000999999999976353"/>
    <testcase classname="ds.cbind_smk_from_dataframe_variables_DataSHIELD.check_TRUE" name="simple_test_from_dataframe_variables_DataSHIELD.check_TRUE" time="0.00199999999995271"/>
    <testcase classname="ds.cbind_smk_from_dataframe_variables_DataSHIELD.check_TRUE" name="simple_test_from_dataframe_variables_DataSHIELD.check_TRUE" time="0.000999999999976353"/>
    <testcase classname="ds.cbind_smk_from_dataframe_variables_DataSHIELD.check_TRUE" name="simple_test_from_dataframe_variables_DataSHIELD.check_TRUE" time="0.000999999999976353"/>
    <testcase classname="ds.cbind_smk_from_dataframe_variables_DataSHIELD.check_TRUE" name="simple_test_from_dataframe_variables_DataSHIELD.check_TRUE" time="0.000999999999976353"/>
    <testcase classname="ds.cbind_smk_from_dataframe_variables_DataSHIELD.check_TRUE" name="simple_test_from_dataframe_variables_DataSHIELD.check_TRUE" time="0.00199999999995271"/>
    <testcase classname="ds.cbind_smk_from_dataframe_variables_DataSHIELD.check_TRUE" name="simple_test_from_dataframe_variables_DataSHIELD.check_TRUE" time="0.000999999999976353"/>
    <testcase classname="ds.cbind_smk_from_dataframe_variables_DataSHIELD.check_TRUE" name="simple_test_from_dataframe_variables_DataSHIELD.check_TRUE" time="1.20000000000005"/>
    <testcase classname="ds.cbind_smk_from_dataframe_variables_DataSHIELD.check_TRUE" name="simple_test_from_dataframe_variables_DataSHIELD.check_TRUE" time="0.000999999999976353"/>
    <testcase classname="ds.cbind_smk_from_dataframe_variables_DataSHIELD.check_TRUE" name="simple_test_from_dataframe_variables_DataSHIELD.check_TRUE" time="0.00199999999995271"/>
    <testcase classname="ds.cbind_smk_from_dataframe_variables_DataSHIELD.check_TRUE" name="simple_test_from_dataframe_variables_DataSHIELD.check_TRUE" time="0.000999999999976353"/>
    <testcase classname="ds.cbind_smk_from_dataframe_variables_DataSHIELD.check_TRUE" name="simple_test_from_dataframe_variables_DataSHIELD.check_TRUE" time="0.00200000000018008"/>
    <testcase classname="ds.cbind_smk_from_dataframe_variables_DataSHIELD.check_TRUE" name="simple_test_from_dataframe_variables_DataSHIELD.check_TRUE" time="0.00199999999995271"/>
    <testcase classname="ds.cbind_smk_from_dataframe_variables_DataSHIELD.check_TRUE" name="simple_test_from_dataframe_variables_DataSHIELD.check_TRUE" time="0.000999999999976353"/>
    <testcase classname="ds.cbind_smk_from_dataframe_variables_DataSHIELD.check_TRUE" name="simple_test_from_dataframe_variables_DataSHIELD.check_TRUE" time="0.00199999999995271"/>
    <testcase classname="ds.cbind_smk_from_dataframe_variables_DataSHIELD.check_TRUE" name="simple_test_from_dataframe_variables_DataSHIELD.check_TRUE" time="0.000999999999976353"/>
    <testcase classname="ds.cbind_smk_from_dataframe_variables_DataSHIELD.check_TRUE" name="simple_test_from_dataframe_variables_DataSHIELD.check_TRUE" time="0.00199999999995271"/>
    <testcase classname="ds.cbind_smk_from_dataframe_variables_DataSHIELD.check_TRUE" name="simple_test_from_dataframe_variables_DataSHIELD.check_TRUE" time="0.000999999999976353"/>
    <testcase classname="ds.cbind_smk_from_dataframe_variables_DataSHIELD.check_TRUE" name="simple_test_from_dataframe_variables_DataSHIELD.check_TRUE" time="0.000999999999976353"/>
    <testcase classname="ds.cbind_smk_from_dataframe_variables_DataSHIELD.check_TRUE" name="simple_test_from_dataframe_variables_DataSHIELD.check_TRUE" time="0.000999999999976353"/>
    <testcase classname="ds.cbind_smk_from_dataframe_variables_DataSHIELD.check_TRUE" name="simple_test_from_dataframe_variables_DataSHIELD.check_TRUE" time="0.00199999999995271"/>
    <testcase classname="ds.cbind_smk_from_dataframe_variables_DataSHIELD.check_TRUE" name="simple_test_from_dataframe_variables_DataSHIELD.check_TRUE" time="0.00199999999995271"/>
    <testcase classname="ds.cbind_smk_from_dataframe_variables_DataSHIELD.check_TRUE" name="simple_test_from_dataframe_variables_DataSHIELD.check_TRUE" time="0.000999999999976353"/>
  </testsuite>
  <testsuite errors="0" failures="0" hostname="fv-az14" name="ds.cbind::smk::from root variables, DataSHIELD.check=TRUE" skipped="0" tests="34" time="32.342" timestamp="2020-09-12T14:51:04Z">
    <testcase classname="ds.cbind_smk_from_root_variables_DataSHIELD.check_TRUE" name="simple_test_from_root_variables_DataSHIELD.check_TRUE" time="29.2350000000001"/>
    <testcase classname="ds.cbind_smk_from_root_variables_DataSHIELD.check_TRUE" name="simple_test_from_root_variables_DataSHIELD.check_TRUE" time="0.000999999999976353"/>
    <testcase classname="ds.cbind_smk_from_root_variables_DataSHIELD.check_TRUE" name="simple_test_from_root_variables_DataSHIELD.check_TRUE" time="1.58299999999986"/>
    <testcase classname="ds.cbind_smk_from_root_variables_DataSHIELD.check_TRUE" name="simple_test_from_root_variables_DataSHIELD.check_TRUE" time="0.00100000000020373"/>
    <testcase classname="ds.cbind_smk_from_root_variables_DataSHIELD.check_TRUE" name="simple_test_from_root_variables_DataSHIELD.check_TRUE" time="0.00199999999995271"/>
    <testcase classname="ds.cbind_smk_from_root_variables_DataSHIELD.check_TRUE" name="simple_test_from_root_variables_DataSHIELD.check_TRUE" time="0.267000000000053"/>
    <testcase classname="ds.cbind_smk_from_root_variables_DataSHIELD.check_TRUE" name="simple_test_from_root_variables_DataSHIELD.check_TRUE" time="0.000999999999976353"/>
    <testcase classname="ds.cbind_smk_from_root_variables_DataSHIELD.check_TRUE" name="simple_test_from_root_variables_DataSHIELD.check_TRUE" time="0.00199999999995271"/>
    <testcase classname="ds.cbind_smk_from_root_variables_DataSHIELD.check_TRUE" name="simple_test_from_root_variables_DataSHIELD.check_TRUE" time="0.000999999999976353"/>
    <testcase classname="ds.cbind_smk_from_root_variables_DataSHIELD.check_TRUE" name="simple_test_from_root_variables_DataSHIELD.check_TRUE" time="0.00199999999995271"/>
    <testcase classname="ds.cbind_smk_from_root_variables_DataSHIELD.check_TRUE" name="simple_test_from_root_variables_DataSHIELD.check_TRUE" time="0.000999999999976353"/>
    <testcase classname="ds.cbind_smk_from_root_variables_DataSHIELD.check_TRUE" name="simple_test_from_root_variables_DataSHIELD.check_TRUE" time="0.00200000000018008"/>
    <testcase classname="ds.cbind_smk_from_root_variables_DataSHIELD.check_TRUE" name="simple_test_from_root_variables_DataSHIELD.check_TRUE" time="0.000999999999976353"/>
    <testcase classname="ds.cbind_smk_from_root_variables_DataSHIELD.check_TRUE" name="simple_test_from_root_variables_DataSHIELD.check_TRUE" time="0.00199999999995271"/>
    <testcase classname="ds.cbind_smk_from_root_variables_DataSHIELD.check_TRUE" name="simple_test_from_root_variables_DataSHIELD.check_TRUE" time="0.000999999999976353"/>
    <testcase classname="ds.cbind_smk_from_root_variables_DataSHIELD.check_TRUE" name="simple_test_from_root_variables_DataSHIELD.check_TRUE" time="0.00199999999995271"/>
    <testcase classname="ds.cbind_smk_from_root_variables_DataSHIELD.check_TRUE" name="simple_test_from_root_variables_DataSHIELD.check_TRUE" time="0.000999999999976353"/>
    <testcase classname="ds.cbind_smk_from_root_variables_DataSHIELD.check_TRUE" name="simple_test_from_root_variables_DataSHIELD.check_TRUE" time="0.00199999999995271"/>
    <testcase classname="ds.cbind_smk_from_root_variables_DataSHIELD.check_TRUE" name="simple_test_from_root_variables_DataSHIELD.check_TRUE" time="1.21199999999999"/>
    <testcase classname="ds.cbind_smk_from_root_variables_DataSHIELD.check_TRUE" name="simple_test_from_root_variables_DataSHIELD.check_TRUE" time="0.00200000000018008"/>
    <testcase classname="ds.cbind_smk_from_root_variables_DataSHIELD.check_TRUE" name="simple_test_from_root_variables_DataSHIELD.check_TRUE" time="0.000999999999976353"/>
    <testcase classname="ds.cbind_smk_from_root_variables_DataSHIELD.check_TRUE" name="simple_test_from_root_variables_DataSHIELD.check_TRUE" time="0.00199999999995271"/>
    <testcase classname="ds.cbind_smk_from_root_variables_DataSHIELD.check_TRUE" name="simple_test_from_root_variables_DataSHIELD.check_TRUE" time="0.000999999999976353"/>
    <testcase classname="ds.cbind_smk_from_root_variables_DataSHIELD.check_TRUE" name="simple_test_from_root_variables_DataSHIELD.check_TRUE" time="0.00199999999995271"/>
    <testcase classname="ds.cbind_smk_from_root_variables_DataSHIELD.check_TRUE" name="simple_test_from_root_variables_DataSHIELD.check_TRUE" time="0.000999999999976353"/>
    <testcase classname="ds.cbind_smk_from_root_variables_DataSHIELD.check_TRUE" name="simple_test_from_root_variables_DataSHIELD.check_TRUE" time="0.00200000000018008"/>
    <testcase classname="ds.cbind_smk_from_root_variables_DataSHIELD.check_TRUE" name="simple_test_from_root_variables_DataSHIELD.check_TRUE" time="0.00199999999995271"/>
    <testcase classname="ds.cbind_smk_from_root_variables_DataSHIELD.check_TRUE" name="simple_test_from_root_variables_DataSHIELD.check_TRUE" time="0.000999999999976353"/>
    <testcase classname="ds.cbind_smk_from_root_variables_DataSHIELD.check_TRUE" name="simple_test_from_root_variables_DataSHIELD.check_TRUE" time="0.00199999999995271"/>
    <testcase classname="ds.cbind_smk_from_root_variables_DataSHIELD.check_TRUE" name="simple_test_from_root_variables_DataSHIELD.check_TRUE" time="0.000999999999976353"/>
    <testcase classname="ds.cbind_smk_from_root_variables_DataSHIELD.check_TRUE" name="simple_test_from_root_variables_DataSHIELD.check_TRUE" time="0.00199999999995271"/>
    <testcase classname="ds.cbind_smk_from_root_variables_DataSHIELD.check_TRUE" name="simple_test_from_root_variables_DataSHIELD.check_TRUE" time="0.00100000000020373"/>
    <testcase classname="ds.cbind_smk_from_root_variables_DataSHIELD.check_TRUE" name="simple_test_from_root_variables_DataSHIELD.check_TRUE" time="0.00199999999995271"/>
    <testcase classname="ds.cbind_smk_from_root_variables_DataSHIELD.check_TRUE" name="simple_test_from_root_variables_DataSHIELD.check_TRUE" time="0.000999999999976353"/>
  </testsuite>
  <testsuite errors="0" failures="0" hostname="fv-az14" name="ds.cbind::smk::shutdown" skipped="0" tests="3" time="0.54" timestamp="2020-09-12T14:51:36Z">
    <testcase classname="ds.cbind_smk_shutdown" name="setup" time="0.537000000000035"/>
    <testcase classname="ds.cbind_smk_shutdown" name="setup" time="0.00199999999995271"/>
    <testcase classname="ds.cbind_smk_shutdown" name="setup" time="0.000999999999976353"/>
  </testsuite>
  <testsuite errors="0" failures="0" hostname="fv-az14" name="ds.cbind::smk::done" skipped="0" tests="0" time="0" timestamp="2020-09-12T14:51:37Z"/>
  <testsuite errors="0" failures="0" hostname="fv-az14" name="ds.changeRefGroup::smk::setup" skipped="0" tests="3" time="5.157" timestamp="2020-09-12T14:51:37Z">
    <testcase classname="ds.changeRefGroup_smk_setup" name="setup" time="5.15499999999997"/>
    <testcase classname="ds.changeRefGroup_smk_setup" name="setup" time="0.000999999999976353"/>
    <testcase classname="ds.changeRefGroup_smk_setup" name="setup" time="0.000999999999976353"/>
  </testsuite>
  <testsuite errors="0" failures="0" hostname="fv-az14" name="ds.changeRefGroup::smk" skipped="0" tests="31" time="5.088" timestamp="2020-09-12T14:51:42Z">
    <testcase classname="ds.changeRefGroup_smk" name="simple_changeRefGroup" time="0.0080000000000382"/>
    <testcase classname="ds.changeRefGroup_smk" name="simple_changeRefGroup" time="5.03700000000003"/>
    <testcase classname="ds.changeRefGroup_smk" name="simple_changeRefGroup" time="0.00199999999995271"/>
    <testcase classname="ds.changeRefGroup_smk" name="simple_changeRefGroup" time="0.00199999999995271"/>
    <testcase classname="ds.changeRefGroup_smk" name="simple_changeRefGroup" time="0.00100000000020373"/>
    <testcase classname="ds.changeRefGroup_smk" name="simple_changeRefGroup" time="0.000999999999976353"/>
    <testcase classname="ds.changeRefGroup_smk" name="simple_changeRefGroup" time="0.00199999999995271"/>
    <testcase classname="ds.changeRefGroup_smk" name="simple_changeRefGroup" time="0.000999999999976353"/>
    <testcase classname="ds.changeRefGroup_smk" name="simple_changeRefGroup" time="0.000999999999976353"/>
    <testcase classname="ds.changeRefGroup_smk" name="simple_changeRefGroup" time="0.00199999999995271"/>
    <testcase classname="ds.changeRefGroup_smk" name="simple_changeRefGroup" time="0.000999999999976353"/>
    <testcase classname="ds.changeRefGroup_smk" name="simple_changeRefGroup" time="0.00200000000018008"/>
    <testcase classname="ds.changeRefGroup_smk" name="simple_changeRefGroup" time="0.000999999999976353"/>
    <testcase classname="ds.changeRefGroup_smk" name="simple_changeRefGroup" time="0.000999999999976353"/>
    <testcase classname="ds.changeRefGroup_smk" name="simple_changeRefGroup" time="0.00199999999995271"/>
    <testcase classname="ds.changeRefGroup_smk" name="simple_changeRefGroup" time="0.000999999999976353"/>
    <testcase classname="ds.changeRefGroup_smk" name="simple_changeRefGroup" time="0.000999999999976353"/>
    <testcase classname="ds.changeRefGroup_smk" name="simple_changeRefGroup" time="0.00199999999995271"/>
    <testcase classname="ds.changeRefGroup_smk" name="simple_changeRefGroup" time="0.00100000000020373"/>
    <testcase classname="ds.changeRefGroup_smk" name="simple_changeRefGroup" time="0.000999999999976353"/>
    <testcase classname="ds.changeRefGroup_smk" name="simple_changeRefGroup" time="0.00199999999995271"/>
    <testcase classname="ds.changeRefGroup_smk" name="simple_changeRefGroup" time="0.000999999999976353"/>
    <testcase classname="ds.changeRefGroup_smk" name="simple_changeRefGroup" time="0.00199999999995271"/>
    <testcase classname="ds.changeRefGroup_smk" name="simple_changeRefGroup" time="0.00199999999995271"/>
    <testcase classname="ds.changeRefGroup_smk" name="simple_changeRefGroup" time="0.000999999999976353"/>
    <testcase classname="ds.changeRefGroup_smk" name="simple_changeRefGroup" time="0.00200000000018008"/>
    <testcase classname="ds.changeRefGroup_smk" name="simple_changeRefGroup" time="0.000999999999976353"/>
    <testcase classname="ds.changeRefGroup_smk" name="simple_changeRefGroup" time="0.00199999999995271"/>
    <testcase classname="ds.changeRefGroup_smk" name="simple_changeRefGroup" time="0.000999999999976353"/>
    <testcase classname="ds.changeRefGroup_smk" name="simple_changeRefGroup" time="0.00199999999995271"/>
    <testcase classname="ds.changeRefGroup_smk" name="simple_changeRefGroup" time="0.00200000000018008"/>
  </testsuite>
  <testsuite errors="0" failures="0" hostname="fv-az14" name="ds.changeRefGroup::smk::shutdown" skipped="0" tests="3" time="0.279" timestamp="2020-09-12T14:51:47Z">
    <testcase classname="ds.changeRefGroup_smk_shutdown" name="shutdown" time="0.27599999999984"/>
    <testcase classname="ds.changeRefGroup_smk_shutdown" name="shutdown" time="0.000999999999976353"/>
    <testcase classname="ds.changeRefGroup_smk_shutdown" name="shutdown" time="0.00200000000018008"/>
  </testsuite>
  <testsuite errors="0" failures="0" hostname="fv-az14" name="ds.changeRefGroup::smk::done" skipped="0" tests="0" time="0" timestamp="2020-09-12T14:51:48Z"/>
  <testsuite errors="0" failures="0" hostname="fv-az14" name="ds.class::smk::setup" skipped="0" tests="3" time="5.158" timestamp="2020-09-12T14:51:48Z">
    <testcase classname="ds.class_smk_setup" name="setup" time="5.15599999999995"/>
    <testcase classname="ds.class_smk_setup" name="setup" time="0.000999999999976353"/>
    <testcase classname="ds.class_smk_setup" name="setup" time="0.000999999999976353"/>
  </testsuite>
  <testsuite errors="0" failures="0" hostname="fv-az14" name="ds.class::smk" skipped="0" tests="14" time="1.093" timestamp="2020-09-12T14:51:52Z">
    <testcase classname="ds.class_smk" name="simple_class" time="0.538000000000011"/>
    <testcase classname="ds.class_smk" name="simple_class" time="0.00199999999995271"/>
    <testcase classname="ds.class_smk" name="simple_class" time="0.00199999999995271"/>
    <testcase classname="ds.class_smk" name="simple_class" time="0.000999999999976353"/>
    <testcase classname="ds.class_smk" name="simple_class" time="0.00100000000020373"/>
    <testcase classname="ds.class_smk" name="simple_class" time="0.000999999999976353"/>
    <testcase classname="ds.class_smk" name="simple_class" time="0.000999999999976353"/>
    <testcase classname="ds.class_smk" name="simple_class" time="0.536000000000058"/>
    <testcase classname="ds.class_smk" name="simple_class" time="0.00199999999995271"/>
    <testcase classname="ds.class_smk" name="simple_class" time="0.000999999999976353"/>
    <testcase classname="ds.class_smk" name="simple_class" time="0.00199999999995271"/>
    <testcase classname="ds.class_smk" name="simple_class" time="0.00199999999995271"/>
    <testcase classname="ds.class_smk" name="simple_class" time="0.00200000000018008"/>
    <testcase classname="ds.class_smk" name="simple_class" time="0.00199999999995271"/>
  </testsuite>
  <testsuite errors="0" failures="0" hostname="fv-az14" name="ds.class::smk::shutdown" skipped="0" tests="3" time="0.286" timestamp="2020-09-12T14:51:53Z">
    <testcase classname="ds.class_smk_shutdown" name="shutdown" time="0.283999999999878"/>
    <testcase classname="ds.class_smk_shutdown" name="shutdown" time="0.000999999999976353"/>
    <testcase classname="ds.class_smk_shutdown" name="shutdown" time="0.000999999999976353"/>
  </testsuite>
  <testsuite errors="0" failures="0" hostname="fv-az14" name="ds.class::smk::done" skipped="0" tests="0" time="0" timestamp="2020-09-12T14:51:54Z"/>
  <testsuite errors="0" failures="0" hostname="fv-az14" name="ds.colnames::smk::setup" skipped="0" tests="3" time="5.256" timestamp="2020-09-12T14:51:54Z">
    <testcase classname="ds.colnames_smk_setup" name="setup" time="5.25400000000013"/>
    <testcase classname="ds.colnames_smk_setup" name="setup" time="0.000999999999976353"/>
    <testcase classname="ds.colnames_smk_setup" name="setup" time="0.000999999999976353"/>
  </testsuite>
  <testsuite errors="0" failures="0" hostname="fv-az14" name="ds.colnames::smk" skipped="0" tests="10" time="3.93" timestamp="2020-09-12T14:51:59Z">
    <testcase classname="ds.colnames_smk" name="simple_colnames" time="3.91800000000012"/>
    <testcase classname="ds.colnames_smk" name="simple_colnames" time="0.000999999999976353"/>
    <testcase classname="ds.colnames_smk" name="simple_colnames" time="0.000999999999976353"/>
    <testcase classname="ds.colnames_smk" name="simple_colnames" time="0.00199999999995271"/>
    <testcase classname="ds.colnames_smk" name="simple_colnames" time="0.000999999999976353"/>
    <testcase classname="ds.colnames_smk" name="simple_colnames" time="0.000999999999976353"/>
    <testcase classname="ds.colnames_smk" name="simple_colnames" time="0.00199999999995271"/>
    <testcase classname="ds.colnames_smk" name="simple_colnames" time="0.00100000000020373"/>
    <testcase classname="ds.colnames_smk" name="simple_colnames" time="0.00199999999995271"/>
    <testcase classname="ds.colnames_smk" name="simple_colnames" time="0.000999999999976353"/>
  </testsuite>
  <testsuite errors="0" failures="0" hostname="fv-az14" name="ds.colnames::smk::shutdown" skipped="0" tests="3" time="0.314" timestamp="2020-09-12T14:52:03Z">
    <testcase classname="ds.colnames_smk_shutdown" name="shutdown" time="0.310999999999922"/>
    <testcase classname="ds.colnames_smk_shutdown" name="shutdown" time="0.00199999999995271"/>
    <testcase classname="ds.colnames_smk_shutdown" name="shutdown" time="0.000999999999976353"/>
  </testsuite>
  <testsuite errors="0" failures="0" hostname="fv-az14" name="ds.colnames::smk::done" skipped="0" tests="0" time="0" timestamp="2020-09-12T14:52:04Z"/>
  <testsuite errors="0" failures="0" hostname="fv-az14" name="ds.completeCases::smk::setup" skipped="0" tests="3" time="5.258" timestamp="2020-09-12T14:52:04Z">
    <testcase classname="ds.completeCases_smk_setup" name="setup" time="5.25600000000009"/>
    <testcase classname="ds.completeCases_smk_setup" name="setup" time="0.000999999999976353"/>
    <testcase classname="ds.completeCases_smk_setup" name="setup" time="0.000999999999976353"/>
  </testsuite>
  <testsuite errors="0" failures="0" hostname="fv-az14" name="ds.completeCases::smk::data.frame" skipped="0" tests="37" time="11.695" timestamp="2020-09-12T14:52:08Z">
    <testcase classname="ds.completeCases_smk_data.frame" name="completeCases_data.frame" time="9.99099999999999"/>
    <testcase classname="ds.completeCases_smk_data.frame" name="completeCases_data.frame" time="0.00200000000018008"/>
    <testcase classname="ds.completeCases_smk_data.frame" name="completeCases_data.frame" time="0.000999999999976353"/>
    <testcase classname="ds.completeCases_smk_data.frame" name="completeCases_data.frame" time="0.548000000000002"/>
    <testcase classname="ds.completeCases_smk_data.frame" name="completeCases_data.frame" time="0.000999999999976353"/>
    <testcase classname="ds.completeCases_smk_data.frame" name="completeCases_data.frame" time="0.00199999999995271"/>
    <testcase classname="ds.completeCases_smk_data.frame" name="completeCases_data.frame" time="0.00199999999995271"/>
    <testcase classname="ds.completeCases_smk_data.frame" name="completeCases_data.frame" time="0.542000000000144"/>
    <testcase classname="ds.completeCases_smk_data.frame" name="completeCases_data.frame" time="0.00199999999995271"/>
    <testcase classname="ds.completeCases_smk_data.frame" name="completeCases_data.frame" time="0.000999999999976353"/>
    <testcase classname="ds.completeCases_smk_data.frame" name="completeCases_data.frame" time="0.00199999999995271"/>
    <testcase classname="ds.completeCases_smk_data.frame" name="completeCases_data.frame" time="0.283000000000129"/>
    <testcase classname="ds.completeCases_smk_data.frame" name="completeCases_data.frame" time="0.00299999999992906"/>
    <testcase classname="ds.completeCases_smk_data.frame" name="completeCases_data.frame" time="0.00199999999995271"/>
    <testcase classname="ds.completeCases_smk_data.frame" name="completeCases_data.frame" time="0.00199999999995271"/>
    <testcase classname="ds.completeCases_smk_data.frame" name="completeCases_data.frame" time="0.000999999999976353"/>
    <testcase classname="ds.completeCases_smk_data.frame" name="completeCases_data.frame" time="0.00200000000018008"/>
    <testcase classname="ds.completeCases_smk_data.frame" name="completeCases_data.frame" time="0.00199999999995271"/>
    <testcase classname="ds.completeCases_smk_data.frame" name="completeCases_data.frame" time="0.000999999999976353"/>
    <testcase classname="ds.completeCases_smk_data.frame" name="completeCases_data.frame" time="0.00199999999995271"/>
    <testcase classname="ds.completeCases_smk_data.frame" name="completeCases_data.frame" time="0.00199999999995271"/>
    <testcase classname="ds.completeCases_smk_data.frame" name="completeCases_data.frame" time="0.00200000000018008"/>
    <testcase classname="ds.completeCases_smk_data.frame" name="completeCases_data.frame" time="0.00199999999995271"/>
    <testcase classname="ds.completeCases_smk_data.frame" name="completeCases_data.frame" time="0.00199999999995271"/>
    <testcase classname="ds.completeCases_smk_data.frame" name="completeCases_data.frame" time="0.271999999999935"/>
    <testcase classname="ds.completeCases_smk_data.frame" name="completeCases_data.frame" time="0.00199999999995271"/>
    <testcase classname="ds.completeCases_smk_data.frame" name="completeCases_data.frame" time="0.00200000000018008"/>
    <testcase classname="ds.completeCases_smk_data.frame" name="completeCases_data.frame" time="0.00199999999995271"/>
    <testcase classname="ds.completeCases_smk_data.frame" name="completeCases_data.frame" time="0.00199999999995271"/>
    <testcase classname="ds.completeCases_smk_data.frame" name="completeCases_data.frame" time="0.00199999999995271"/>
    <testcase classname="ds.completeCases_smk_data.frame" name="completeCases_data.frame" time="0.000999999999976353"/>
    <testcase classname="ds.completeCases_smk_data.frame" name="completeCases_data.frame" time="0.00200000000018008"/>
    <testcase classname="ds.completeCases_smk_data.frame" name="completeCases_data.frame" time="0.00199999999995271"/>
    <testcase classname="ds.completeCases_smk_data.frame" name="completeCases_data.frame" time="0.00199999999995271"/>
    <testcase classname="ds.completeCases_smk_data.frame" name="completeCases_data.frame" time="0.00199999999995271"/>
    <testcase classname="ds.completeCases_smk_data.frame" name="completeCases_data.frame" time="0.00199999999995271"/>
    <testcase classname="ds.completeCases_smk_data.frame" name="completeCases_data.frame" time="0.00200000000018008"/>
  </testsuite>
  <testsuite errors="0" failures="0" hostname="fv-az14" name="ds.completeCases::smk::matrix" skipped="0" tests="29" time="3.31" timestamp="2020-09-12T14:52:20Z">
    <testcase classname="ds.completeCases_smk_matrix" name="completeCases_matrix" time="1.61899999999991"/>
    <testcase classname="ds.completeCases_smk_matrix" name="completeCases_matrix" time="0.00199999999995271"/>
    <testcase classname="ds.completeCases_smk_matrix" name="completeCases_matrix" time="0.000999999999976353"/>
    <testcase classname="ds.completeCases_smk_matrix" name="completeCases_matrix" time="0.548999999999978"/>
    <testcase classname="ds.completeCases_smk_matrix" name="completeCases_matrix" time="0.000999999999976353"/>
    <testcase classname="ds.completeCases_smk_matrix" name="completeCases_matrix" time="0.00100000000020373"/>
    <testcase classname="ds.completeCases_smk_matrix" name="completeCases_matrix" time="0.000999999999976353"/>
    <testcase classname="ds.completeCases_smk_matrix" name="completeCases_matrix" time="0.548000000000002"/>
    <testcase classname="ds.completeCases_smk_matrix" name="completeCases_matrix" time="0.00199999999995271"/>
    <testcase classname="ds.completeCases_smk_matrix" name="completeCases_matrix" time="0.00199999999995271"/>
    <testcase classname="ds.completeCases_smk_matrix" name="completeCases_matrix" time="0.000999999999976353"/>
    <testcase classname="ds.completeCases_smk_matrix" name="completeCases_matrix" time="0.277000000000044"/>
    <testcase classname="ds.completeCases_smk_matrix" name="completeCases_matrix" time="0.000999999999976353"/>
    <testcase classname="ds.completeCases_smk_matrix" name="completeCases_matrix" time="0.00199999999995271"/>
    <testcase classname="ds.completeCases_smk_matrix" name="completeCases_matrix" time="0.00200000000018008"/>
    <testcase classname="ds.completeCases_smk_matrix" name="completeCases_matrix" time="0.00199999999995271"/>
    <testcase classname="ds.completeCases_smk_matrix" name="completeCases_matrix" time="0.00199999999995271"/>
    <testcase classname="ds.completeCases_smk_matrix" name="completeCases_matrix" time="0.00199999999995271"/>
    <testcase classname="ds.completeCases_smk_matrix" name="completeCases_matrix" time="0.000999999999976353"/>
    <testcase classname="ds.completeCases_smk_matrix" name="completeCases_matrix" time="0.00199999999995271"/>
    <testcase classname="ds.completeCases_smk_matrix" name="completeCases_matrix" time="0.00200000000018008"/>
    <testcase classname="ds.completeCases_smk_matrix" name="completeCases_matrix" time="0.00199999999995271"/>
    <testcase classname="ds.completeCases_smk_matrix" name="completeCases_matrix" time="0.00199999999995271"/>
    <testcase classname="ds.completeCases_smk_matrix" name="completeCases_matrix" time="0.000999999999976353"/>
    <testcase classname="ds.completeCases_smk_matrix" name="completeCases_matrix" time="0.277000000000044"/>
    <testcase classname="ds.completeCases_smk_matrix" name="completeCases_matrix" time="0.00199999999995271"/>
    <testcase classname="ds.completeCases_smk_matrix" name="completeCases_matrix" time="0.00199999999995271"/>
    <testcase classname="ds.completeCases_smk_matrix" name="completeCases_matrix" time="0.00200000000018008"/>
    <testcase classname="ds.completeCases_smk_matrix" name="completeCases_matrix" time="0.00199999999995271"/>
  </testsuite>
  <testsuite errors="0" failures="0" hostname="fv-az14" name="ds.completeCases::smk::vector" skipped="0" tests="21" time="4.058" timestamp="2020-09-12T14:52:23Z">
    <testcase classname="ds.completeCases_smk_vector" name="completeCases_vector" time="2.34899999999993"/>
    <testcase classname="ds.completeCases_smk_vector" name="completeCases_vector" time="0.000999999999976353"/>
    <testcase classname="ds.completeCases_smk_vector" name="completeCases_vector" time="0.00199999999995271"/>
    <testcase classname="ds.completeCases_smk_vector" name="completeCases_vector" time="0.546000000000049"/>
    <testcase classname="ds.completeCases_smk_vector" name="completeCases_vector" time="0.00199999999995271"/>
    <testcase classname="ds.completeCases_smk_vector" name="completeCases_vector" time="0.00100000000020373"/>
    <testcase classname="ds.completeCases_smk_vector" name="completeCases_vector" time="0.00199999999995271"/>
    <testcase classname="ds.completeCases_smk_vector" name="completeCases_vector" time="0.557999999999993"/>
    <testcase classname="ds.completeCases_smk_vector" name="completeCases_vector" time="0.00199999999995271"/>
    <testcase classname="ds.completeCases_smk_vector" name="completeCases_vector" time="0.000999999999976353"/>
    <testcase classname="ds.completeCases_smk_vector" name="completeCases_vector" time="0.000999999999976353"/>
    <testcase classname="ds.completeCases_smk_vector" name="completeCases_vector" time="0.268000000000029"/>
    <testcase classname="ds.completeCases_smk_vector" name="completeCases_vector" time="0.00199999999995271"/>
    <testcase classname="ds.completeCases_smk_vector" name="completeCases_vector" time="0.000999999999976353"/>
    <testcase classname="ds.completeCases_smk_vector" name="completeCases_vector" time="0.00200000000018008"/>
    <testcase classname="ds.completeCases_smk_vector" name="completeCases_vector" time="0.000999999999976353"/>
    <testcase classname="ds.completeCases_smk_vector" name="completeCases_vector" time="0.311999999999898"/>
    <testcase classname="ds.completeCases_smk_vector" name="completeCases_vector" time="0.00199999999995271"/>
    <testcase classname="ds.completeCases_smk_vector" name="completeCases_vector" time="0.00200000000018008"/>
    <testcase classname="ds.completeCases_smk_vector" name="completeCases_vector" time="0.000999999999976353"/>
    <testcase classname="ds.completeCases_smk_vector" name="completeCases_vector" time="0.00199999999995271"/>
  </testsuite>
  <testsuite errors="0" failures="0" hostname="fv-az14" name="ds.completeCases::smk::shutdown" skipped="0" tests="3" time="0.326" timestamp="2020-09-12T14:52:27Z">
    <testcase classname="ds.completeCases_smk_shutdown" name="shutdown" time="0.322999999999865"/>
    <testcase classname="ds.completeCases_smk_shutdown" name="shutdown" time="0.00100000000020373"/>
    <testcase classname="ds.completeCases_smk_shutdown" name="shutdown" time="0.00199999999995271"/>
  </testsuite>
  <testsuite errors="0" failures="0" hostname="fv-az14" name="ds.completeCases::smk::done" skipped="0" tests="0" time="0" timestamp="2020-09-12T14:52:28Z"/>
  <testsuite errors="0" failures="0" hostname="fv-az14" name="ds.cor::smk::setup" skipped="0" tests="3" time="5.397" timestamp="2020-09-12T14:52:28Z">
    <testcase classname="ds.cor_smk_setup" name="setup" time="5.39499999999998"/>
    <testcase classname="ds.cor_smk_setup" name="setup" time="0.000999999999976353"/>
    <testcase classname="ds.cor_smk_setup" name="setup" time="0.000999999999976353"/>
  </testsuite>
  <testsuite errors="0" failures="0" hostname="fv-az14" name="ds.cor::smk" skipped="0" tests="56" time="9.2" timestamp="2020-09-12T14:52:33Z">
    <testcase classname="ds.cor_smk" name="simple_test_combine_pairwise.complete" time="2.3610000000001"/>
    <testcase classname="ds.cor_smk" name="simple_test_combine_pairwise.complete" time="0.00199999999995271"/>
    <testcase classname="ds.cor_smk" name="simple_test_combine_pairwise.complete" time="0.000999999999976353"/>
    <testcase classname="ds.cor_smk" name="simple_test_combine_pairwise.complete" time="0.00199999999995271"/>
    <testcase classname="ds.cor_smk" name="simple_test_combine_pairwise.complete" time="0.00199999999995271"/>
    <testcase classname="ds.cor_smk" name="simple_test_combine_pairwise.complete" time="0.000999999999976353"/>
    <testcase classname="ds.cor_smk" name="simple_test_combine_pairwise.complete" time="0.00200000000018008"/>
    <testcase classname="ds.cor_smk" name="simple_test_combine_pairwise.complete" time="0.00199999999995271"/>
    <testcase classname="ds.cor_smk" name="simple_test_combine_pairwise.complete" time="0.000999999999976353"/>
    <testcase classname="ds.cor_smk" name="simple_test_combine_casewise.complete" time="2.24800000000005"/>
    <testcase classname="ds.cor_smk" name="simple_test_combine_casewise.complete" time="0.00199999999995271"/>
    <testcase classname="ds.cor_smk" name="simple_test_combine_casewise.complete" time="0.000999999999976353"/>
    <testcase classname="ds.cor_smk" name="simple_test_combine_casewise.complete" time="0.00199999999995271"/>
    <testcase classname="ds.cor_smk" name="simple_test_combine_casewise.complete" time="0.000999999999976353"/>
    <testcase classname="ds.cor_smk" name="simple_test_combine_casewise.complete" time="0.00200000000018008"/>
    <testcase classname="ds.cor_smk" name="simple_test_combine_casewise.complete" time="0.000999999999976353"/>
    <testcase classname="ds.cor_smk" name="simple_test_combine_casewise.complete" time="0.000999999999976353"/>
    <testcase classname="ds.cor_smk" name="simple_test_combine_casewise.complete" time="0.00199999999995271"/>
    <testcase classname="ds.cor_smk" name="simple_test_split_pairwise.complete" time="2.25099999999998"/>
    <testcase classname="ds.cor_smk" name="simple_test_split_pairwise.complete" time="0.00199999999995271"/>
    <testcase classname="ds.cor_smk" name="simple_test_split_pairwise.complete" time="0.00200000000018008"/>
    <testcase classname="ds.cor_smk" name="simple_test_split_pairwise.complete" time="0.000999999999976353"/>
    <testcase classname="ds.cor_smk" name="simple_test_split_pairwise.complete" time="0.00199999999995271"/>
    <testcase classname="ds.cor_smk" name="simple_test_split_pairwise.complete" time="0.00199999999995271"/>
    <testcase classname="ds.cor_smk" name="simple_test_split_pairwise.complete" time="0.00199999999995271"/>
    <testcase classname="ds.cor_smk" name="simple_test_split_pairwise.complete" time="0.00200000000018008"/>
    <testcase classname="ds.cor_smk" name="simple_test_split_pairwise.complete" time="0.000999999999976353"/>
    <testcase classname="ds.cor_smk" name="simple_test_split_pairwise.complete" time="0.00199999999995271"/>
    <testcase classname="ds.cor_smk" name="simple_test_split_pairwise.complete" time="0.00199999999995271"/>
    <testcase classname="ds.cor_smk" name="simple_test_split_pairwise.complete" time="0.00199999999995271"/>
    <testcase classname="ds.cor_smk" name="simple_test_split_pairwise.complete" time="0.00200000000018008"/>
    <testcase classname="ds.cor_smk" name="simple_test_split_pairwise.complete" time="0.000999999999976353"/>
    <testcase classname="ds.cor_smk" name="simple_test_split_pairwise.complete" time="0.000999999999976353"/>
    <testcase classname="ds.cor_smk" name="simple_test_split_pairwise.complete" time="0.00199999999995271"/>
    <testcase classname="ds.cor_smk" name="simple_test_split_pairwise.complete" time="0.00199999999995271"/>
    <testcase classname="ds.cor_smk" name="simple_test_split_pairwise.complete" time="0.00199999999995271"/>
    <testcase classname="ds.cor_smk" name="simple_test_split_pairwise.complete" time="0.00200000000018008"/>
    <testcase classname="ds.cor_smk" name="simple_test_split_casewise.complete" time="2.24699999999984"/>
    <testcase classname="ds.cor_smk" name="simple_test_split_casewise.complete" time="0.00200000000018008"/>
    <testcase classname="ds.cor_smk" name="simple_test_split_casewise.complete" time="0.00199999999995271"/>
    <testcase classname="ds.cor_smk" name="simple_test_split_casewise.complete" time="0.00199999999995271"/>
    <testcase classname="ds.cor_smk" name="simple_test_split_casewise.complete" time="0.00199999999995271"/>
    <testcase classname="ds.cor_smk" name="simple_test_split_casewise.complete" time="0.00199999999995271"/>
    <testcase classname="ds.cor_smk" name="simple_test_split_casewise.complete" time="0.00200000000018008"/>
    <testcase classname="ds.cor_smk" name="simple_test_split_casewise.complete" time="0.00199999999995271"/>
    <testcase classname="ds.cor_smk" name="simple_test_split_casewise.complete" time="0.00199999999995271"/>
    <testcase classname="ds.cor_smk" name="simple_test_split_casewise.complete" time="0.00199999999995271"/>
    <testcase classname="ds.cor_smk" name="simple_test_split_casewise.complete" time="0.00199999999995271"/>
    <testcase classname="ds.cor_smk" name="simple_test_split_casewise.complete" time="0.00200000000018008"/>
    <testcase classname="ds.cor_smk" name="simple_test_split_casewise.complete" time="0.00299999999992906"/>
    <testcase classname="ds.cor_smk" name="simple_test_split_casewise.complete" time="0.000999999999976353"/>
    <testcase classname="ds.cor_smk" name="simple_test_split_casewise.complete" time="0.00199999999995271"/>
    <testcase classname="ds.cor_smk" name="simple_test_split_casewise.complete" time="0.00199999999995271"/>
    <testcase classname="ds.cor_smk" name="simple_test_split_casewise.complete" time="0.00300000000015643"/>
    <testcase classname="ds.cor_smk" name="simple_test_split_casewise.complete" time="0.000999999999976353"/>
    <testcase classname="ds.cor_smk" name="simple_test_split_casewise.complete" time="0.00199999999995271"/>
  </testsuite>
  <testsuite errors="0" failures="0" hostname="fv-az14" name="ds.cor::smk::setup::shutdown" skipped="0" tests="3" time="0.278" timestamp="2020-09-12T14:52:42Z">
    <testcase classname="ds.cor_smk_setup_shutdown" name="shutdown" time="0.275000000000091"/>
    <testcase classname="ds.cor_smk_setup_shutdown" name="shutdown" time="0.00199999999995271"/>
    <testcase classname="ds.cor_smk_setup_shutdown" name="shutdown" time="0.000999999999976353"/>
  </testsuite>
  <testsuite errors="0" failures="0" hostname="fv-az14" name="ds.cor::smk::setup::done" skipped="0" tests="0" time="0" timestamp="2020-09-12T14:52:43Z"/>
  <testsuite errors="0" failures="0" hostname="fv-az14" name="ds.corTest::smk::setup" skipped="0" tests="3" time="5.419" timestamp="2020-09-12T14:52:43Z">
    <testcase classname="ds.corTest_smk_setup" name="setup" time="5.41599999999994"/>
    <testcase classname="ds.corTest_smk_setup" name="setup" time="0.00200000000018008"/>
    <testcase classname="ds.corTest_smk_setup" name="setup" time="0.000999999999976353"/>
  </testsuite>
  <testsuite errors="0" failures="0" hostname="fv-az14" name="ds.corTest::smk" skipped="0" tests="28" time="2.323" timestamp="2020-09-12T14:52:48Z">
    <testcase classname="ds.corTest_smk" name="simple_test" time="2.27299999999991"/>
    <testcase classname="ds.corTest_smk" name="simple_test" time="0.00199999999995271"/>
    <testcase classname="ds.corTest_smk" name="simple_test" time="0.000999999999976353"/>
    <testcase classname="ds.corTest_smk" name="simple_test" time="0.00200000000018008"/>
    <testcase classname="ds.corTest_smk" name="simple_test" time="0.00199999999995271"/>
    <testcase classname="ds.corTest_smk" name="simple_test" time="0.000999999999976353"/>
    <testcase classname="ds.corTest_smk" name="simple_test" time="0.00199999999995271"/>
    <testcase classname="ds.corTest_smk" name="simple_test" time="0.000999999999976353"/>
    <testcase classname="ds.corTest_smk" name="simple_test" time="0.00199999999995271"/>
    <testcase classname="ds.corTest_smk" name="simple_test" time="0.00200000000018008"/>
    <testcase classname="ds.corTest_smk" name="simple_test" time="0.00199999999995271"/>
    <testcase classname="ds.corTest_smk" name="simple_test" time="0.00199999999995271"/>
    <testcase classname="ds.corTest_smk" name="simple_test" time="0.000999999999976353"/>
    <testcase classname="ds.corTest_smk" name="simple_test" time="0.00199999999995271"/>
    <testcase classname="ds.corTest_smk" name="simple_test" time="0.00200000000018008"/>
    <testcase classname="ds.corTest_smk" name="simple_test" time="0.00199999999995271"/>
    <testcase classname="ds.corTest_smk" name="simple_test" time="0.00199999999995271"/>
    <testcase classname="ds.corTest_smk" name="simple_test" time="0.00199999999995271"/>
    <testcase classname="ds.corTest_smk" name="simple_test" time="0.00199999999995271"/>
    <testcase classname="ds.corTest_smk" name="simple_test" time="0.00200000000018008"/>
    <testcase classname="ds.corTest_smk" name="simple_test" time="0.00199999999995271"/>
    <testcase classname="ds.corTest_smk" name="simple_test" time="0.00199999999995271"/>
    <testcase classname="ds.corTest_smk" name="simple_test" time="0.00199999999995271"/>
    <testcase classname="ds.corTest_smk" name="simple_test" time="0.00199999999995271"/>
    <testcase classname="ds.corTest_smk" name="simple_test" time="0.00200000000018008"/>
    <testcase classname="ds.corTest_smk" name="simple_test" time="0.00199999999995271"/>
    <testcase classname="ds.corTest_smk" name="simple_test" time="0.00199999999995271"/>
    <testcase classname="ds.corTest_smk" name="simple_test" time="0.00199999999995271"/>
  </testsuite>
  <testsuite errors="0" failures="0" hostname="fv-az14" name="ds.corTest::smk::shutdown" skipped="0" tests="3" time="0.283" timestamp="2020-09-12T14:52:50Z">
    <testcase classname="ds.corTest_smk_shutdown" name="shutdown" time="0.279999999999973"/>
    <testcase classname="ds.corTest_smk_shutdown" name="shutdown" time="0.00200000000018008"/>
    <testcase classname="ds.corTest_smk_shutdown" name="shutdown" time="0.000999999999976353"/>
  </testsuite>
  <testsuite errors="0" failures="0" hostname="fv-az14" name="ds.corTest::smk::done" skipped="0" tests="0" time="0" timestamp="2020-09-12T14:52:51Z"/>
  <testsuite errors="0" failures="0" hostname="fv-az14" name="ds.cov::smk::setup" skipped="0" tests="3" time="5.472" timestamp="2020-09-12T14:52:51Z">
    <testcase classname="ds.cov_smk_setup" name="setup" time="5.46899999999982"/>
    <testcase classname="ds.cov_smk_setup" name="setup" time="0.00100000000020373"/>
    <testcase classname="ds.cov_smk_setup" name="setup" time="0.00199999999995271"/>
  </testsuite>
  <testsuite errors="0" failures="0" hostname="fv-az14" name="ds.cov::smk" skipped="0" tests="28" time="4.543" timestamp="2020-09-12T14:52:56Z">
    <testcase classname="ds.cov_smk" name="simple_test_split" time="2.30099999999993"/>
    <testcase classname="ds.cov_smk" name="simple_test_split" time="0.00199999999995271"/>
    <testcase classname="ds.cov_smk" name="simple_test_split" time="0.00200000000018008"/>
    <testcase classname="ds.cov_smk" name="simple_test_split" time="0.00199999999995271"/>
    <testcase classname="ds.cov_smk" name="simple_test_split" time="0.00199999999995271"/>
    <testcase classname="ds.cov_smk" name="simple_test_split" time="0.000999999999976353"/>
    <testcase classname="ds.cov_smk" name="simple_test_split" time="0.000999999999976353"/>
    <testcase classname="ds.cov_smk" name="simple_test_split" time="0.00199999999995271"/>
    <testcase classname="ds.cov_smk" name="simple_test_split" time="0.000999999999976353"/>
    <testcase classname="ds.cov_smk" name="simple_test_split" time="0.00200000000018008"/>
    <testcase classname="ds.cov_smk" name="simple_test_split" time="0.00199999999995271"/>
    <testcase classname="ds.cov_smk" name="simple_test_split" time="0.000999999999976353"/>
    <testcase classname="ds.cov_smk" name="simple_test_split" time="0.00199999999995271"/>
    <testcase classname="ds.cov_smk" name="simple_test_split" time="0.00199999999995271"/>
    <testcase classname="ds.cov_smk" name="simple_test_split" time="0.000999999999976353"/>
    <testcase classname="ds.cov_smk" name="simple_test_split" time="0.000999999999976353"/>
    <testcase classname="ds.cov_smk" name="simple_test_split" time="0.00199999999995271"/>
    <testcase classname="ds.cov_smk" name="simple_test_split" time="0.000999999999976353"/>
    <testcase classname="ds.cov_smk" name="simple_test_split" time="0.00199999999995271"/>
    <testcase classname="ds.cov_smk" name="simple_test_combine" time="2.20000000000005"/>
    <testcase classname="ds.cov_smk" name="simple_test_combine" time="0.00199999999995271"/>
    <testcase classname="ds.cov_smk" name="simple_test_combine" time="0.000999999999976353"/>
    <testcase classname="ds.cov_smk" name="simple_test_combine" time="0.00200000000018008"/>
    <testcase classname="ds.cov_smk" name="simple_test_combine" time="0.00199999999995271"/>
    <testcase classname="ds.cov_smk" name="simple_test_combine" time="0.000999999999976353"/>
    <testcase classname="ds.cov_smk" name="simple_test_combine" time="0.00199999999995271"/>
    <testcase classname="ds.cov_smk" name="simple_test_combine" time="0.00199999999995271"/>
    <testcase classname="ds.cov_smk" name="simple_test_combine" time="0.000999999999976353"/>
  </testsuite>
  <testsuite errors="0" failures="0" hostname="fv-az14" name="ds.cov::smk::shutdown" skipped="0" tests="3" time="0.283" timestamp="2020-09-12T14:53:00Z">
    <testcase classname="ds.cov_smk_shutdown" name="shutdown" time="0.281000000000176"/>
    <testcase classname="ds.cov_smk_shutdown" name="shutdown" time="0.000999999999976353"/>
    <testcase classname="ds.cov_smk_shutdown" name="shutdown" time="0.000999999999976353"/>
  </testsuite>
  <testsuite errors="0" failures="0" hostname="fv-az14" name="ds.cov::smk::done" skipped="0" tests="0" time="0" timestamp="2020-09-12T14:53:01Z"/>
  <testsuite errors="0" failures="0" hostname="fv-az14" name="ds.c::smk::setup" skipped="0" tests="3" time="5.459" timestamp="2020-09-12T14:53:01Z">
    <testcase classname="ds.c_smk_setup" name="setup" time="5.4559999999999"/>
    <testcase classname="ds.c_smk_setup" name="setup" time="0.00199999999995271"/>
    <testcase classname="ds.c_smk_setup" name="setup" time="0.00100000000020373"/>
  </testsuite>
  <testsuite errors="0" failures="0" hostname="fv-az14" name="ds.c::smk" skipped="0" tests="1" time="1.506" timestamp="2020-09-12T14:53:06Z">
    <testcase classname="ds.c_smk" name="simple_c" time="1.50599999999986"/>
  </testsuite>
  <testsuite errors="0" failures="0" hostname="fv-az14" name="ds.c::smk::shutdown" skipped="0" tests="3" time="0.281" timestamp="2020-09-12T14:53:08Z">
    <testcase classname="ds.c_smk_shutdown" name="setup" time="0.27800000000002"/>
    <testcase classname="ds.c_smk_shutdown" name="setup" time="0.000999999999976353"/>
    <testcase classname="ds.c_smk_shutdown" name="setup" time="0.00199999999995271"/>
  </testsuite>
  <testsuite errors="0" failures="0" hostname="fv-az14" name="ds.c::smk::done" skipped="0" tests="0" time="0" timestamp="2020-09-12T14:53:09Z"/>
  <testsuite errors="0" failures="0" hostname="fv-az14" name="ds.dataFrameFill::smk::setup" skipped="0" tests="3" time="5.251" timestamp="2020-09-12T14:53:09Z">
    <testcase classname="ds.dataFrameFill_smk_setup" name="setup" time="5.24900000000002"/>
    <testcase classname="ds.dataFrameFill_smk_setup" name="setup" time="0.000999999999976353"/>
    <testcase classname="ds.dataFrameFill_smk_setup" name="setup" time="0.000999999999976353"/>
  </testsuite>
  <testsuite errors="0" failures="0" hostname="fv-az14" name="ds.dataFrameFill::smk::donothing dataframes" skipped="0" tests="14" time="4.286" timestamp="2020-09-12T14:53:13Z">
    <testcase classname="ds.dataFrameFill_smk_donothing_dataframes" name="dataFrameFill_donothing" time="1.2059999999999"/>
    <testcase classname="ds.dataFrameFill_smk_donothing_dataframes" name="dataFrameFill_donothing" time="0.00199999999995271"/>
    <testcase classname="ds.dataFrameFill_smk_donothing_dataframes" name="dataFrameFill_donothing" time="0.000999999999976353"/>
    <testcase classname="ds.dataFrameFill_smk_donothing_dataframes" name="dataFrameFill_donothing" time="0.000999999999976353"/>
    <testcase classname="ds.dataFrameFill_smk_donothing_dataframes" name="dataFrameFill_donothing" time="0.00100000000020373"/>
    <testcase classname="ds.dataFrameFill_smk_donothing_dataframes" name="dataFrameFill_donothing" time="0.00199999999995271"/>
    <testcase classname="ds.dataFrameFill_smk_donothing_dataframes" name="dataFrameFill_donothing" time="0.000999999999976353"/>
    <testcase classname="ds.dataFrameFill_smk_donothing_dataframes" name="dataFrameFill_donothing" time="0.00199999999995271"/>
    <testcase classname="ds.dataFrameFill_smk_donothing_dataframes" name="dataFrameFill_donothing" time="0.000999999999976353"/>
    <testcase classname="ds.dataFrameFill_smk_donothing_dataframes" name="dataFrameFill_donothing" time="0.000999999999976353"/>
    <testcase classname="ds.dataFrameFill_smk_donothing_dataframes" name="dataFrameFill_donothing" time="0.000999999999976353"/>
    <testcase classname="ds.dataFrameFill_smk_donothing_dataframes" name="dataFrameFill_donothing" time="0.000999999999976353"/>
    <testcase classname="ds.dataFrameFill_smk_donothing_dataframes" name="dataFrameFill_donothing" time="0.00200000000018008"/>
    <testcase classname="ds.dataFrameFill_smk_donothing_dataframes" name="dataFrameFill_donothing" time="3.06399999999985"/>
  </testsuite>
  <testsuite errors="0" failures="0" hostname="fv-az14" name="ds.dataFrameFill::smk::shutdown" skipped="0" tests="3" time="0.309" timestamp="2020-09-12T14:53:18Z">
    <testcase classname="ds.dataFrameFill_smk_shutdown" name="shutdown" time="0.30600000000004"/>
    <testcase classname="ds.dataFrameFill_smk_shutdown" name="shutdown" time="0.000999999999976353"/>
    <testcase classname="ds.dataFrameFill_smk_shutdown" name="shutdown" time="0.00199999999995271"/>
  </testsuite>
  <testsuite errors="0" failures="0" hostname="fv-az14" name="ds.dataFrameFill::smk::done" skipped="0" tests="0" time="0" timestamp="2020-09-12T14:53:19Z"/>
  <testsuite errors="0" failures="0" hostname="fv-az14" name="ds.dataFrameFill::smk::setup" skipped="0" tests="3" time="5.097" timestamp="2020-09-12T14:53:19Z">
    <testcase classname="ds.dataFrameFill_smk_setup" name="setup" time="5.09500000000003"/>
    <testcase classname="ds.dataFrameFill_smk_setup" name="setup" time="0.000999999999976353"/>
    <testcase classname="ds.dataFrameFill_smk_setup" name="setup" time="0.00100000000020373"/>
  </testsuite>
  <testsuite errors="0" failures="0" hostname="fv-az14" name="ds.dataFrameFill::smk::extend unfilled dataframes" skipped="0" tests="26" time="7.941" timestamp="2020-09-12T14:53:23Z">
    <testcase classname="ds.dataFrameFill_smk_extend_unfilled_dataframes" name="dataFrameFill_exists" time="1.20899999999983"/>
    <testcase classname="ds.dataFrameFill_smk_extend_unfilled_dataframes" name="dataFrameFill_exists" time="0.00200000000018008"/>
    <testcase classname="ds.dataFrameFill_smk_extend_unfilled_dataframes" name="dataFrameFill_exists" time="0.000999999999976353"/>
    <testcase classname="ds.dataFrameFill_smk_extend_unfilled_dataframes" name="dataFrameFill_exists" time="0.000999999999976353"/>
    <testcase classname="ds.dataFrameFill_smk_extend_unfilled_dataframes" name="dataFrameFill_exists" time="0.000999999999976353"/>
    <testcase classname="ds.dataFrameFill_smk_extend_unfilled_dataframes" name="dataFrameFill_exists" time="0.000999999999976353"/>
    <testcase classname="ds.dataFrameFill_smk_extend_unfilled_dataframes" name="dataFrameFill_exists" time="0.00199999999995271"/>
    <testcase classname="ds.dataFrameFill_smk_extend_unfilled_dataframes" name="dataFrameFill_exists" time="0.000999999999976353"/>
    <testcase classname="ds.dataFrameFill_smk_extend_unfilled_dataframes" name="dataFrameFill_exists" time="0.000999999999976353"/>
    <testcase classname="ds.dataFrameFill_smk_extend_unfilled_dataframes" name="dataFrameFill_exists" time="0.000999999999976353"/>
    <testcase classname="ds.dataFrameFill_smk_extend_unfilled_dataframes" name="dataFrameFill_exists" time="5.48700000000008"/>
    <testcase classname="ds.dataFrameFill_smk_extend_unfilled_dataframes" name="dataFrameFill_exists" time="0.00199999999995271"/>
    <testcase classname="ds.dataFrameFill_smk_extend_unfilled_dataframes" name="dataFrameFill_exists" time="0.000999999999976353"/>
    <testcase classname="ds.dataFrameFill_smk_extend_unfilled_dataframes" name="dataFrameFill_exists" time="1.21300000000019"/>
    <testcase classname="ds.dataFrameFill_smk_extend_unfilled_dataframes" name="dataFrameFill_exists" time="0.000999999999976353"/>
    <testcase classname="ds.dataFrameFill_smk_extend_unfilled_dataframes" name="dataFrameFill_exists" time="0.00199999999995271"/>
    <testcase classname="ds.dataFrameFill_smk_extend_unfilled_dataframes" name="dataFrameFill_exists" time="0.00199999999995271"/>
    <testcase classname="ds.dataFrameFill_smk_extend_unfilled_dataframes" name="dataFrameFill_exists" time="0.000999999999976353"/>
    <testcase classname="ds.dataFrameFill_smk_extend_unfilled_dataframes" name="dataFrameFill_exists" time="0.00199999999995271"/>
    <testcase classname="ds.dataFrameFill_smk_extend_unfilled_dataframes" name="dataFrameFill_exists" time="0.000999999999976353"/>
    <testcase classname="ds.dataFrameFill_smk_extend_unfilled_dataframes" name="dataFrameFill_exists" time="0.00200000000018008"/>
    <testcase classname="ds.dataFrameFill_smk_extend_unfilled_dataframes" name="dataFrameFill_exists" time="0.000999999999976353"/>
    <testcase classname="ds.dataFrameFill_smk_extend_unfilled_dataframes" name="dataFrameFill_exists" time="0.000999999999976353"/>
    <testcase classname="ds.dataFrameFill_smk_extend_unfilled_dataframes" name="dataFrameFill_exists" time="0.00199999999995271"/>
    <testcase classname="ds.dataFrameFill_smk_extend_unfilled_dataframes" name="dataFrameFill_exists" time="0.000999999999976353"/>
    <testcase classname="ds.dataFrameFill_smk_extend_unfilled_dataframes" name="dataFrameFill_exists" time="0.00199999999995271"/>
  </testsuite>
  <testsuite errors="0" failures="0" hostname="fv-az14" name="ds.dataFrameFill::smk::shutdown" skipped="0" tests="3" time="0.278" timestamp="2020-09-12T14:53:31Z">
    <testcase classname="ds.dataFrameFill_smk_shutdown" name="shutdown" time="0.275000000000091"/>
    <testcase classname="ds.dataFrameFill_smk_shutdown" name="shutdown" time="0.00199999999995271"/>
    <testcase classname="ds.dataFrameFill_smk_shutdown" name="shutdown" time="0.000999999999976353"/>
  </testsuite>
  <testsuite errors="0" failures="0" hostname="fv-az14" name="ds.dataFrameFill::smk::done" skipped="0" tests="0" time="0" timestamp="2020-09-12T14:53:32Z"/>
  <testsuite errors="0" failures="0" hostname="fv-az14" name="ds.dataFrame::smk::setup" skipped="0" tests="3" time="5.251" timestamp="2020-09-12T14:53:32Z">
    <testcase classname="ds.dataFrame_smk_setup" name="setup" time="5.24900000000002"/>
    <testcase classname="ds.dataFrame_smk_setup" name="setup" time="0.000999999999976353"/>
    <testcase classname="ds.dataFrame_smk_setup" name="setup" time="0.000999999999976353"/>
  </testsuite>
  <testsuite errors="0" failures="0" hostname="fv-az14" name="ds.dataFrame::smk::create a dataframe, from root variables" skipped="0" tests="25" time="5.82" timestamp="2020-09-12T14:53:36Z">
    <testcase classname="ds.dataFrame_smk_create_a_dataframe_from_root_variables" name="dataframe_exists" time="3.78300000000013"/>
    <testcase classname="ds.dataFrame_smk_create_a_dataframe_from_root_variables" name="dataframe_exists" time="0.00199999999995271"/>
    <testcase classname="ds.dataFrame_smk_create_a_dataframe_from_root_variables" name="dataframe_exists" time="0.000999999999976353"/>
    <testcase classname="ds.dataFrame_smk_create_a_dataframe_from_root_variables" name="dataframe_exists" time="0.795000000000073"/>
    <testcase classname="ds.dataFrame_smk_create_a_dataframe_from_root_variables" name="dataframe_exists" time="0.000999999999976353"/>
    <testcase classname="ds.dataFrame_smk_create_a_dataframe_from_root_variables" name="dataframe_exists" time="0.000999999999976353"/>
    <testcase classname="ds.dataFrame_smk_create_a_dataframe_from_root_variables" name="dataframe_exists" time="0.000999999999976353"/>
    <testcase classname="ds.dataFrame_smk_create_a_dataframe_from_root_variables" name="dataframe_exists" time="0.000999999999976353"/>
    <testcase classname="ds.dataFrame_smk_create_a_dataframe_from_root_variables" name="dataframe_exists" time="0.00200000000018008"/>
    <testcase classname="ds.dataFrame_smk_create_a_dataframe_from_root_variables" name="dataframe_exists" time="0.000999999999976353"/>
    <testcase classname="ds.dataFrame_smk_create_a_dataframe_from_root_variables" name="dataframe_exists" time="0.000999999999976353"/>
    <testcase classname="ds.dataFrame_smk_create_a_dataframe_from_root_variables" name="dataframe_exists" time="0.000999999999976353"/>
    <testcase classname="ds.dataFrame_smk_create_a_dataframe_from_root_variables" name="dataframe_exists" time="0.00199999999995271"/>
    <testcase classname="ds.dataFrame_smk_create_a_dataframe_from_root_variables" name="dataframe_exists" time="0.000999999999976353"/>
    <testcase classname="ds.dataFrame_smk_create_a_dataframe_from_root_variables" name="dataframe_exists" time="0.000999999999976353"/>
    <testcase classname="ds.dataFrame_smk_create_a_dataframe_from_root_variables" name="dataframe_exists" time="1.21199999999999"/>
    <testcase classname="ds.dataFrame_smk_create_a_dataframe_from_root_variables" name="dataframe_exists" time="0.00200000000018008"/>
    <testcase classname="ds.dataFrame_smk_create_a_dataframe_from_root_variables" name="dataframe_exists" time="0.000999999999976353"/>
    <testcase classname="ds.dataFrame_smk_create_a_dataframe_from_root_variables" name="dataframe_exists" time="0.00199999999995271"/>
    <testcase classname="ds.dataFrame_smk_create_a_dataframe_from_root_variables" name="dataframe_exists" time="0.000999999999976353"/>
    <testcase classname="ds.dataFrame_smk_create_a_dataframe_from_root_variables" name="dataframe_exists" time="0.00199999999995271"/>
    <testcase classname="ds.dataFrame_smk_create_a_dataframe_from_root_variables" name="dataframe_exists" time="0.000999999999976353"/>
    <testcase classname="ds.dataFrame_smk_create_a_dataframe_from_root_variables" name="dataframe_exists" time="0.00200000000018008"/>
    <testcase classname="ds.dataFrame_smk_create_a_dataframe_from_root_variables" name="dataframe_exists" time="0.000999999999976353"/>
    <testcase classname="ds.dataFrame_smk_create_a_dataframe_from_root_variables" name="dataframe_exists" time="0.00199999999995271"/>
  </testsuite>
  <testsuite errors="0" failures="0" hostname="fv-az14" name="ds.dataFrame::smk::create a dataframe, with DataSHIELD.checks, from root variables" skipped="0" tests="20" time="17.39" timestamp="2020-09-12T14:53:43Z">
    <testcase classname="ds.dataFrame_smk_create_a_dataframe_with_DataSHIELD.checks_from_root_variables" name="dataframe_exists_with_DataSHIELD.checks" time="15.374"/>
    <testcase classname="ds.dataFrame_smk_create_a_dataframe_with_DataSHIELD.checks_from_root_variables" name="dataframe_exists_with_DataSHIELD.checks" time="0.000999999999976353"/>
    <testcase classname="ds.dataFrame_smk_create_a_dataframe_with_DataSHIELD.checks_from_root_variables" name="dataframe_exists_with_DataSHIELD.checks" time="0.00199999999995271"/>
    <testcase classname="ds.dataFrame_smk_create_a_dataframe_with_DataSHIELD.checks_from_root_variables" name="dataframe_exists_with_DataSHIELD.checks" time="0.784000000000106"/>
    <testcase classname="ds.dataFrame_smk_create_a_dataframe_with_DataSHIELD.checks_from_root_variables" name="dataframe_exists_with_DataSHIELD.checks" time="0.00199999999995271"/>
    <testcase classname="ds.dataFrame_smk_create_a_dataframe_with_DataSHIELD.checks_from_root_variables" name="dataframe_exists_with_DataSHIELD.checks" time="0.000999999999976353"/>
    <testcase classname="ds.dataFrame_smk_create_a_dataframe_with_DataSHIELD.checks_from_root_variables" name="dataframe_exists_with_DataSHIELD.checks" time="0.000999999999976353"/>
    <testcase classname="ds.dataFrame_smk_create_a_dataframe_with_DataSHIELD.checks_from_root_variables" name="dataframe_exists_with_DataSHIELD.checks" time="0.00199999999995271"/>
    <testcase classname="ds.dataFrame_smk_create_a_dataframe_with_DataSHIELD.checks_from_root_variables" name="dataframe_exists_with_DataSHIELD.checks" time="0.000999999999976353"/>
    <testcase classname="ds.dataFrame_smk_create_a_dataframe_with_DataSHIELD.checks_from_root_variables" name="dataframe_exists_with_DataSHIELD.checks" time="0.000999999999976353"/>
    <testcase classname="ds.dataFrame_smk_create_a_dataframe_with_DataSHIELD.checks_from_root_variables" name="dataframe_exists_with_DataSHIELD.checks" time="1.20700000000011"/>
    <testcase classname="ds.dataFrame_smk_create_a_dataframe_with_DataSHIELD.checks_from_root_variables" name="dataframe_exists_with_DataSHIELD.checks" time="0.00199999999995271"/>
    <testcase classname="ds.dataFrame_smk_create_a_dataframe_with_DataSHIELD.checks_from_root_variables" name="dataframe_exists_with_DataSHIELD.checks" time="0.000999999999976353"/>
    <testcase classname="ds.dataFrame_smk_create_a_dataframe_with_DataSHIELD.checks_from_root_variables" name="dataframe_exists_with_DataSHIELD.checks" time="0.00199999999995271"/>
    <testcase classname="ds.dataFrame_smk_create_a_dataframe_with_DataSHIELD.checks_from_root_variables" name="dataframe_exists_with_DataSHIELD.checks" time="0.00100000000020373"/>
    <testcase classname="ds.dataFrame_smk_create_a_dataframe_with_DataSHIELD.checks_from_root_variables" name="dataframe_exists_with_DataSHIELD.checks" time="0.00199999999995271"/>
    <testcase classname="ds.dataFrame_smk_create_a_dataframe_with_DataSHIELD.checks_from_root_variables" name="dataframe_exists_with_DataSHIELD.checks" time="0.000999999999976353"/>
    <testcase classname="ds.dataFrame_smk_create_a_dataframe_with_DataSHIELD.checks_from_root_variables" name="dataframe_exists_with_DataSHIELD.checks" time="0.00199999999995271"/>
    <testcase classname="ds.dataFrame_smk_create_a_dataframe_with_DataSHIELD.checks_from_root_variables" name="dataframe_exists_with_DataSHIELD.checks" time="0.000999999999976353"/>
    <testcase classname="ds.dataFrame_smk_create_a_dataframe_with_DataSHIELD.checks_from_root_variables" name="dataframe_exists_with_DataSHIELD.checks" time="0.00199999999995271"/>
  </testsuite>
  <testsuite errors="0" failures="0" hostname="fv-az14" name="ds.dataFrame::smk::create a dataframe, from dataframe variables" skipped="0" tests="25" time="4.424" timestamp="2020-09-12T14:54:00Z">
    <testcase classname="ds.dataFrame_smk_create_a_dataframe_from_dataframe_variables" name="dataframe_exists_from_dataframe_variables" time="2.9190000000001"/>
    <testcase classname="ds.dataFrame_smk_create_a_dataframe_from_dataframe_variables" name="dataframe_exists_from_dataframe_variables" time="0.000999999999976353"/>
    <testcase classname="ds.dataFrame_smk_create_a_dataframe_from_dataframe_variables" name="dataframe_exists_from_dataframe_variables" time="0.000999999999976353"/>
    <testcase classname="ds.dataFrame_smk_create_a_dataframe_from_dataframe_variables" name="dataframe_exists_from_dataframe_variables" time="0.267000000000053"/>
    <testcase classname="ds.dataFrame_smk_create_a_dataframe_from_dataframe_variables" name="dataframe_exists_from_dataframe_variables" time="0.000999999999976353"/>
    <testcase classname="ds.dataFrame_smk_create_a_dataframe_from_dataframe_variables" name="dataframe_exists_from_dataframe_variables" time="0.000999999999976353"/>
    <testcase classname="ds.dataFrame_smk_create_a_dataframe_from_dataframe_variables" name="dataframe_exists_from_dataframe_variables" time="0.000999999999976353"/>
    <testcase classname="ds.dataFrame_smk_create_a_dataframe_from_dataframe_variables" name="dataframe_exists_from_dataframe_variables" time="0.00100000000020373"/>
    <testcase classname="ds.dataFrame_smk_create_a_dataframe_from_dataframe_variables" name="dataframe_exists_from_dataframe_variables" time="0.000999999999976353"/>
    <testcase classname="ds.dataFrame_smk_create_a_dataframe_from_dataframe_variables" name="dataframe_exists_from_dataframe_variables" time="0.000999999999976353"/>
    <testcase classname="ds.dataFrame_smk_create_a_dataframe_from_dataframe_variables" name="dataframe_exists_from_dataframe_variables" time="0.00199999999995271"/>
    <testcase classname="ds.dataFrame_smk_create_a_dataframe_from_dataframe_variables" name="dataframe_exists_from_dataframe_variables" time="0.000999999999976353"/>
    <testcase classname="ds.dataFrame_smk_create_a_dataframe_from_dataframe_variables" name="dataframe_exists_from_dataframe_variables" time="0.000999999999976353"/>
    <testcase classname="ds.dataFrame_smk_create_a_dataframe_from_dataframe_variables" name="dataframe_exists_from_dataframe_variables" time="0.00199999999995271"/>
    <testcase classname="ds.dataFrame_smk_create_a_dataframe_from_dataframe_variables" name="dataframe_exists_from_dataframe_variables" time="0.000999999999976353"/>
    <testcase classname="ds.dataFrame_smk_create_a_dataframe_from_dataframe_variables" name="dataframe_exists_from_dataframe_variables" time="1.2030000000002"/>
    <testcase classname="ds.dataFrame_smk_create_a_dataframe_from_dataframe_variables" name="dataframe_exists_from_dataframe_variables" time="0.000999999999976353"/>
    <testcase classname="ds.dataFrame_smk_create_a_dataframe_from_dataframe_variables" name="dataframe_exists_from_dataframe_variables" time="0.00199999999995271"/>
    <testcase classname="ds.dataFrame_smk_create_a_dataframe_from_dataframe_variables" name="dataframe_exists_from_dataframe_variables" time="0.00900000000001455"/>
    <testcase classname="ds.dataFrame_smk_create_a_dataframe_from_dataframe_variables" name="dataframe_exists_from_dataframe_variables" time="0.000999999999976353"/>
    <testcase classname="ds.dataFrame_smk_create_a_dataframe_from_dataframe_variables" name="dataframe_exists_from_dataframe_variables" time="0.000999999999976353"/>
    <testcase classname="ds.dataFrame_smk_create_a_dataframe_from_dataframe_variables" name="dataframe_exists_from_dataframe_variables" time="0.00199999999995271"/>
    <testcase classname="ds.dataFrame_smk_create_a_dataframe_from_dataframe_variables" name="dataframe_exists_from_dataframe_variables" time="0.000999999999976353"/>
    <testcase classname="ds.dataFrame_smk_create_a_dataframe_from_dataframe_variables" name="dataframe_exists_from_dataframe_variables" time="0.00200000000018008"/>
    <testcase classname="ds.dataFrame_smk_create_a_dataframe_from_dataframe_variables" name="dataframe_exists_from_dataframe_variables" time="0.000999999999976353"/>
  </testsuite>
  <testsuite errors="0" failures="0" hostname="fv-az14" name="ds.dataFrame::smk::create a dataframe, with DataSHIELD.checks, from dataframe variables" skipped="0" tests="20" time="15.888" timestamp="2020-09-12T14:54:04Z">
    <testcase classname="ds.dataFrame_smk_create_a_dataframe_with_DataSHIELD.checks_from_dataframe_variables" name="dataframe_exists_with_DataSHIELD.checks_from_dataframe_variables" time="14.4009999999998"/>
    <testcase classname="ds.dataFrame_smk_create_a_dataframe_with_DataSHIELD.checks_from_dataframe_variables" name="dataframe_exists_with_DataSHIELD.checks_from_dataframe_variables" time="0.000999999999976353"/>
    <testcase classname="ds.dataFrame_smk_create_a_dataframe_with_DataSHIELD.checks_from_dataframe_variables" name="dataframe_exists_with_DataSHIELD.checks_from_dataframe_variables" time="0.00100000000020373"/>
    <testcase classname="ds.dataFrame_smk_create_a_dataframe_with_DataSHIELD.checks_from_dataframe_variables" name="dataframe_exists_with_DataSHIELD.checks_from_dataframe_variables" time="0.260999999999967"/>
    <testcase classname="ds.dataFrame_smk_create_a_dataframe_with_DataSHIELD.checks_from_dataframe_variables" name="dataframe_exists_with_DataSHIELD.checks_from_dataframe_variables" time="0.00199999999995271"/>
    <testcase classname="ds.dataFrame_smk_create_a_dataframe_with_DataSHIELD.checks_from_dataframe_variables" name="dataframe_exists_with_DataSHIELD.checks_from_dataframe_variables" time="0.000999999999976353"/>
    <testcase classname="ds.dataFrame_smk_create_a_dataframe_with_DataSHIELD.checks_from_dataframe_variables" name="dataframe_exists_with_DataSHIELD.checks_from_dataframe_variables" time="0.000999999999976353"/>
    <testcase classname="ds.dataFrame_smk_create_a_dataframe_with_DataSHIELD.checks_from_dataframe_variables" name="dataframe_exists_with_DataSHIELD.checks_from_dataframe_variables" time="0.000999999999976353"/>
    <testcase classname="ds.dataFrame_smk_create_a_dataframe_with_DataSHIELD.checks_from_dataframe_variables" name="dataframe_exists_with_DataSHIELD.checks_from_dataframe_variables" time="0.000999999999976353"/>
    <testcase classname="ds.dataFrame_smk_create_a_dataframe_with_DataSHIELD.checks_from_dataframe_variables" name="dataframe_exists_with_DataSHIELD.checks_from_dataframe_variables" time="0.00200000000018008"/>
    <testcase classname="ds.dataFrame_smk_create_a_dataframe_with_DataSHIELD.checks_from_dataframe_variables" name="dataframe_exists_with_DataSHIELD.checks_from_dataframe_variables" time="1.20299999999997"/>
    <testcase classname="ds.dataFrame_smk_create_a_dataframe_with_DataSHIELD.checks_from_dataframe_variables" name="dataframe_exists_with_DataSHIELD.checks_from_dataframe_variables" time="0.000999999999976353"/>
    <testcase classname="ds.dataFrame_smk_create_a_dataframe_with_DataSHIELD.checks_from_dataframe_variables" name="dataframe_exists_with_DataSHIELD.checks_from_dataframe_variables" time="0.00199999999995271"/>
    <testcase classname="ds.dataFrame_smk_create_a_dataframe_with_DataSHIELD.checks_from_dataframe_variables" name="dataframe_exists_with_DataSHIELD.checks_from_dataframe_variables" time="0.000999999999976353"/>
    <testcase classname="ds.dataFrame_smk_create_a_dataframe_with_DataSHIELD.checks_from_dataframe_variables" name="dataframe_exists_with_DataSHIELD.checks_from_dataframe_variables" time="0.000999999999976353"/>
    <testcase classname="ds.dataFrame_smk_create_a_dataframe_with_DataSHIELD.checks_from_dataframe_variables" name="dataframe_exists_with_DataSHIELD.checks_from_dataframe_variables" time="0.00199999999995271"/>
    <testcase classname="ds.dataFrame_smk_create_a_dataframe_with_DataSHIELD.checks_from_dataframe_variables" name="dataframe_exists_with_DataSHIELD.checks_from_dataframe_variables" time="0.00100000000020373"/>
    <testcase classname="ds.dataFrame_smk_create_a_dataframe_with_DataSHIELD.checks_from_dataframe_variables" name="dataframe_exists_with_DataSHIELD.checks_from_dataframe_variables" time="0.00199999999995271"/>
    <testcase classname="ds.dataFrame_smk_create_a_dataframe_with_DataSHIELD.checks_from_dataframe_variables" name="dataframe_exists_with_DataSHIELD.checks_from_dataframe_variables" time="0.000999999999976353"/>
    <testcase classname="ds.dataFrame_smk_create_a_dataframe_with_DataSHIELD.checks_from_dataframe_variables" name="dataframe_exists_with_DataSHIELD.checks_from_dataframe_variables" time="0.00199999999995271"/>
  </testsuite>
  <testsuite errors="0" failures="0" hostname="fv-az14" name="ds.dataFrame::smk::shutdown" skipped="0" tests="3" time="0.531" timestamp="2020-09-12T14:54:20Z">
    <testcase classname="ds.dataFrame_smk_shutdown" name="shutdown" time="0.528999999999996"/>
    <testcase classname="ds.dataFrame_smk_shutdown" name="shutdown" time="0.000999999999976353"/>
    <testcase classname="ds.dataFrame_smk_shutdown" name="shutdown" time="0.000999999999976353"/>
  </testsuite>
  <testsuite errors="0" failures="0" hostname="fv-az14" name="ds.dataFrame::smk::done" skipped="0" tests="0" time="0" timestamp="2020-09-12T14:54:21Z"/>
  <testsuite errors="0" failures="0" hostname="fv-az14" name="ds.dataFrameSort::smk::setup" skipped="0" tests="3" time="5.221" timestamp="2020-09-12T14:54:21Z">
    <testcase classname="ds.dataFrameSort_smk_setup" name="setup" time="5.21800000000007"/>
    <testcase classname="ds.dataFrameSort_smk_setup" name="setup" time="0.000999999999976353"/>
    <testcase classname="ds.dataFrameSort_smk_setup" name="setup" time="0.00199999999995271"/>
  </testsuite>
  <testsuite errors="0" failures="0" hostname="fv-az14" name="ds.dataFrameSort::smk::create a sorted dataframe" skipped="0" tests="10" time="3.548" timestamp="2020-09-12T14:54:26Z">
    <testcase classname="ds.dataFrameSort_smk_create_a_sorted_dataframe" name="dataFrameSort_exists" time="3.53700000000003"/>
    <testcase classname="ds.dataFrameSort_smk_create_a_sorted_dataframe" name="dataFrameSort_exists" time="0.00199999999995271"/>
    <testcase classname="ds.dataFrameSort_smk_create_a_sorted_dataframe" name="dataFrameSort_exists" time="0.000999999999976353"/>
    <testcase classname="ds.dataFrameSort_smk_create_a_sorted_dataframe" name="dataFrameSort_exists" time="0.00100000000020373"/>
    <testcase classname="ds.dataFrameSort_smk_create_a_sorted_dataframe" name="dataFrameSort_exists" time="0.000999999999976353"/>
    <testcase classname="ds.dataFrameSort_smk_create_a_sorted_dataframe" name="dataFrameSort_exists" time="0.000999999999976353"/>
    <testcase classname="ds.dataFrameSort_smk_create_a_sorted_dataframe" name="dataFrameSort_exists" time="0.00199999999995271"/>
    <testcase classname="ds.dataFrameSort_smk_create_a_sorted_dataframe" name="dataFrameSort_exists" time="0.000999999999976353"/>
    <testcase classname="ds.dataFrameSort_smk_create_a_sorted_dataframe" name="dataFrameSort_exists" time="0.000999999999976353"/>
    <testcase classname="ds.dataFrameSort_smk_create_a_sorted_dataframe" name="dataFrameSort_exists" time="0.000999999999976353"/>
  </testsuite>
  <testsuite errors="0" failures="0" hostname="fv-az14" name="ds.dataFrameSort::smk::shutdown" skipped="0" tests="3" time="0.276" timestamp="2020-09-12T14:54:29Z">
    <testcase classname="ds.dataFrameSort_smk_shutdown" name="shutdown" time="0.273000000000138"/>
    <testcase classname="ds.dataFrameSort_smk_shutdown" name="shutdown" time="0.00199999999995271"/>
    <testcase classname="ds.dataFrameSort_smk_shutdown" name="shutdown" time="0.000999999999976353"/>
  </testsuite>
  <testsuite errors="0" failures="0" hostname="fv-az14" name="ds.dataFrameSort::smk::done" skipped="0" tests="0" time="0" timestamp="2020-09-12T14:54:30Z"/>
  <testsuite errors="0" failures="0" hostname="fv-az14" name="ds.dataFrameSubset::smk::setup" skipped="0" tests="3" time="5.236" timestamp="2020-09-12T14:54:30Z">
    <testcase classname="ds.dataFrameSubset_smk_setup" name="setup" time="5.23399999999992"/>
    <testcase classname="ds.dataFrameSubset_smk_setup" name="setup" time="0.000999999999976353"/>
    <testcase classname="ds.dataFrameSubset_smk_setup" name="setup" time="0.000999999999976353"/>
  </testsuite>
  <testsuite errors="0" failures="0" hostname="fv-az14" name="ds.dataFrameSubset::smk::create a subset dataframe" skipped="0" tests="23" time="5.068" timestamp="2020-09-12T14:54:35Z">
    <testcase classname="ds.dataFrameSubset_smk_create_a_subset_dataframe" name="dataFrameSubset_exists" time="2.95500000000015"/>
    <testcase classname="ds.dataFrameSubset_smk_create_a_subset_dataframe" name="dataFrameSubset_exists" time="0.000999999999976353"/>
    <testcase classname="ds.dataFrameSubset_smk_create_a_subset_dataframe" name="dataFrameSubset_exists" time="0.00199999999995271"/>
    <testcase classname="ds.dataFrameSubset_smk_create_a_subset_dataframe" name="dataFrameSubset_exists" time="0.000999999999976353"/>
    <testcase classname="ds.dataFrameSubset_smk_create_a_subset_dataframe" name="dataFrameSubset_exists" time="0.00199999999995271"/>
    <testcase classname="ds.dataFrameSubset_smk_create_a_subset_dataframe" name="dataFrameSubset_exists" time="0.00100000000020373"/>
    <testcase classname="ds.dataFrameSubset_smk_create_a_subset_dataframe" name="dataFrameSubset_exists" time="0.00199999999995271"/>
    <testcase classname="ds.dataFrameSubset_smk_create_a_subset_dataframe" name="dataFrameSubset_exists" time="0.000999999999976353"/>
    <testcase classname="ds.dataFrameSubset_smk_create_a_subset_dataframe" name="dataFrameSubset_exists" time="0.00199999999995271"/>
    <testcase classname="ds.dataFrameSubset_smk_create_a_subset_dataframe" name="dataFrameSubset_exists" time="0.000999999999976353"/>
    <testcase classname="ds.dataFrameSubset_smk_create_a_subset_dataframe" name="dataFrameSubset_exists" time="2.08200000000011"/>
    <testcase classname="ds.dataFrameSubset_smk_create_a_subset_dataframe" name="dataFrameSubset_exists" time="0.000999999999976353"/>
    <testcase classname="ds.dataFrameSubset_smk_create_a_subset_dataframe" name="dataFrameSubset_exists" time="0.00199999999995271"/>
    <testcase classname="ds.dataFrameSubset_smk_create_a_subset_dataframe" name="dataFrameSubset_exists" time="0.000999999999976353"/>
    <testcase classname="ds.dataFrameSubset_smk_create_a_subset_dataframe" name="dataFrameSubset_exists" time="0.000999999999976353"/>
    <testcase classname="ds.dataFrameSubset_smk_create_a_subset_dataframe" name="dataFrameSubset_exists" time="0.00199999999995271"/>
    <testcase classname="ds.dataFrameSubset_smk_create_a_subset_dataframe" name="dataFrameSubset_exists" time="0.00200000000018008"/>
    <testcase classname="ds.dataFrameSubset_smk_create_a_subset_dataframe" name="dataFrameSubset_exists" time="0.000999999999976353"/>
    <testcase classname="ds.dataFrameSubset_smk_create_a_subset_dataframe" name="dataFrameSubset_exists" time="0.00199999999995271"/>
    <testcase classname="ds.dataFrameSubset_smk_create_a_subset_dataframe" name="dataFrameSubset_exists" time="0.000999999999976353"/>
    <testcase classname="ds.dataFrameSubset_smk_create_a_subset_dataframe" name="dataFrameSubset_exists" time="0.00199999999995271"/>
    <testcase classname="ds.dataFrameSubset_smk_create_a_subset_dataframe" name="dataFrameSubset_exists" time="0.000999999999976353"/>
    <testcase classname="ds.dataFrameSubset_smk_create_a_subset_dataframe" name="dataFrameSubset_exists" time="0.00200000000018008"/>
  </testsuite>
  <testsuite errors="0" failures="0" hostname="fv-az14" name="ds.dataFrameSubset::smk::create a subset dataframe, based on scalar" skipped="0" tests="23" time="5.934" timestamp="2020-09-12T14:54:40Z">
    <testcase classname="ds.dataFrameSubset_smk_create_a_subset_dataframe_based_on_scalar" name="dataFrameSubset_exists_scalar" time="3.60899999999992"/>
    <testcase classname="ds.dataFrameSubset_smk_create_a_subset_dataframe_based_on_scalar" name="dataFrameSubset_exists_scalar" time="0.000999999999976353"/>
    <testcase classname="ds.dataFrameSubset_smk_create_a_subset_dataframe_based_on_scalar" name="dataFrameSubset_exists_scalar" time="0.00199999999995271"/>
    <testcase classname="ds.dataFrameSubset_smk_create_a_subset_dataframe_based_on_scalar" name="dataFrameSubset_exists_scalar" time="0.00199999999995271"/>
    <testcase classname="ds.dataFrameSubset_smk_create_a_subset_dataframe_based_on_scalar" name="dataFrameSubset_exists_scalar" time="0.00100000000020373"/>
    <testcase classname="ds.dataFrameSubset_smk_create_a_subset_dataframe_based_on_scalar" name="dataFrameSubset_exists_scalar" time="0.000999999999976353"/>
    <testcase classname="ds.dataFrameSubset_smk_create_a_subset_dataframe_based_on_scalar" name="dataFrameSubset_exists_scalar" time="0.00199999999995271"/>
    <testcase classname="ds.dataFrameSubset_smk_create_a_subset_dataframe_based_on_scalar" name="dataFrameSubset_exists_scalar" time="0.000999999999976353"/>
    <testcase classname="ds.dataFrameSubset_smk_create_a_subset_dataframe_based_on_scalar" name="dataFrameSubset_exists_scalar" time="0.000999999999976353"/>
    <testcase classname="ds.dataFrameSubset_smk_create_a_subset_dataframe_based_on_scalar" name="dataFrameSubset_exists_scalar" time="0.00199999999995271"/>
    <testcase classname="ds.dataFrameSubset_smk_create_a_subset_dataframe_based_on_scalar" name="dataFrameSubset_exists_scalar" time="2.29300000000012"/>
    <testcase classname="ds.dataFrameSubset_smk_create_a_subset_dataframe_based_on_scalar" name="dataFrameSubset_exists_scalar" time="0.00199999999995271"/>
    <testcase classname="ds.dataFrameSubset_smk_create_a_subset_dataframe_based_on_scalar" name="dataFrameSubset_exists_scalar" time="0.00199999999995271"/>
    <testcase classname="ds.dataFrameSubset_smk_create_a_subset_dataframe_based_on_scalar" name="dataFrameSubset_exists_scalar" time="0.000999999999976353"/>
    <testcase classname="ds.dataFrameSubset_smk_create_a_subset_dataframe_based_on_scalar" name="dataFrameSubset_exists_scalar" time="0.00199999999995271"/>
    <testcase classname="ds.dataFrameSubset_smk_create_a_subset_dataframe_based_on_scalar" name="dataFrameSubset_exists_scalar" time="0.00100000000020373"/>
    <testcase classname="ds.dataFrameSubset_smk_create_a_subset_dataframe_based_on_scalar" name="dataFrameSubset_exists_scalar" time="0.00199999999995271"/>
    <testcase classname="ds.dataFrameSubset_smk_create_a_subset_dataframe_based_on_scalar" name="dataFrameSubset_exists_scalar" time="0.00199999999995271"/>
    <testcase classname="ds.dataFrameSubset_smk_create_a_subset_dataframe_based_on_scalar" name="dataFrameSubset_exists_scalar" time="0.000999999999976353"/>
    <testcase classname="ds.dataFrameSubset_smk_create_a_subset_dataframe_based_on_scalar" name="dataFrameSubset_exists_scalar" time="0.00199999999995271"/>
    <testcase classname="ds.dataFrameSubset_smk_create_a_subset_dataframe_based_on_scalar" name="dataFrameSubset_exists_scalar" time="0.000999999999976353"/>
    <testcase classname="ds.dataFrameSubset_smk_create_a_subset_dataframe_based_on_scalar" name="dataFrameSubset_exists_scalar" time="0.000999999999976353"/>
    <testcase classname="ds.dataFrameSubset_smk_create_a_subset_dataframe_based_on_scalar" name="dataFrameSubset_exists_scalar" time="0.00200000000018008"/>
  </testsuite>
  <testsuite errors="0" failures="0" hostname="fv-az14" name="ds.dataFrameSubset::smk::shutdown" skipped="0" tests="3" time="0.277" timestamp="2020-09-12T14:54:46Z">
    <testcase classname="ds.dataFrameSubset_smk_shutdown" name="shutdown" time="0.273999999999887"/>
    <testcase classname="ds.dataFrameSubset_smk_shutdown" name="shutdown" time="0.00199999999995271"/>
    <testcase classname="ds.dataFrameSubset_smk_shutdown" name="shutdown" time="0.00100000000020373"/>
  </testsuite>
  <testsuite errors="0" failures="0" hostname="fv-az14" name="ds.dataFrameSubset::smk::down" skipped="0" tests="0" time="0" timestamp="2020-09-12T14:54:47Z"/>
  <testsuite errors="0" failures="0" hostname="fv-az14" name="ds.dim::smk::setup" skipped="0" tests="3" time="5.164" timestamp="2020-09-12T14:54:47Z">
    <testcase classname="ds.dim_smk_setup" name="setup" time="5.16199999999981"/>
    <testcase classname="ds.dim_smk_setup" name="setup" time="0.000999999999976353"/>
    <testcase classname="ds.dim_smk_setup" name="setup" time="0.00100000000020373"/>
  </testsuite>
  <testsuite errors="0" failures="0" hostname="fv-az14" name="ds.dim::smk" skipped="0" tests="13" time="0.287" timestamp="2020-09-12T14:54:51Z">
    <testcase classname="ds.dim_smk" name="simple_dim_both" time="0.270999999999958"/>
    <testcase classname="ds.dim_smk" name="simple_dim_both" time="0.000999999999976353"/>
    <testcase classname="ds.dim_smk" name="simple_dim_both" time="0.00199999999995271"/>
    <testcase classname="ds.dim_smk" name="simple_dim_both" time="0.000999999999976353"/>
    <testcase classname="ds.dim_smk" name="simple_dim_both" time="0.000999999999976353"/>
    <testcase classname="ds.dim_smk" name="simple_dim_both" time="0.00199999999995271"/>
    <testcase classname="ds.dim_smk" name="simple_dim_both" time="0.00100000000020373"/>
    <testcase classname="ds.dim_smk" name="simple_dim_both" time="0.000999999999976353"/>
    <testcase classname="ds.dim_smk" name="simple_dim_both" time="0.000999999999976353"/>
    <testcase classname="ds.dim_smk" name="simple_dim_both" time="0.00199999999995271"/>
    <testcase classname="ds.dim_smk" name="simple_dim_both" time="0.000999999999976353"/>
    <testcase classname="ds.dim_smk" name="simple_dim_both" time="0.000999999999976353"/>
    <testcase classname="ds.dim_smk" name="simple_dim_both" time="0.00199999999995271"/>
  </testsuite>
  <testsuite errors="0" failures="0" hostname="fv-az14" name="ds.dim::smk" skipped="0" tests="10" time="0.279" timestamp="2020-09-12T14:54:51Z">
    <testcase classname="ds.dim_smk" name="simple_dim_split" time="0.267000000000053"/>
    <testcase classname="ds.dim_smk" name="simple_dim_split" time="0.000999999999976353"/>
    <testcase classname="ds.dim_smk" name="simple_dim_split" time="0.00199999999995271"/>
    <testcase classname="ds.dim_smk" name="simple_dim_split" time="0.00100000000020373"/>
    <testcase classname="ds.dim_smk" name="simple_dim_split" time="0.000999999999976353"/>
    <testcase classname="ds.dim_smk" name="simple_dim_split" time="0.000999999999976353"/>
    <testcase classname="ds.dim_smk" name="simple_dim_split" time="0.00199999999995271"/>
    <testcase classname="ds.dim_smk" name="simple_dim_split" time="0.000999999999976353"/>
    <testcase classname="ds.dim_smk" name="simple_dim_split" time="0.000999999999976353"/>
    <testcase classname="ds.dim_smk" name="simple_dim_split" time="0.00199999999995271"/>
  </testsuite>
  <testsuite errors="0" failures="0" hostname="fv-az14" name="ds.dim::smk" skipped="0" tests="4" time="0.276" timestamp="2020-09-12T14:54:52Z">
    <testcase classname="ds.dim_smk" name="simple_dim_combine" time="0.272000000000162"/>
    <testcase classname="ds.dim_smk" name="simple_dim_combine" time="0.000999999999976353"/>
    <testcase classname="ds.dim_smk" name="simple_dim_combine" time="0.000999999999976353"/>
    <testcase classname="ds.dim_smk" name="simple_dim_combine" time="0.00199999999995271"/>
  </testsuite>
  <testsuite errors="0" failures="0" hostname="fv-az14" name="ds.dim::smk::shutdown" skipped="0" tests="3" time="0.296" timestamp="2020-09-12T14:54:52Z">
    <testcase classname="ds.dim_smk_shutdown" name="shutdown" time="0.29300000000012"/>
    <testcase classname="ds.dim_smk_shutdown" name="shutdown" time="0.000999999999976353"/>
    <testcase classname="ds.dim_smk_shutdown" name="shutdown" time="0.00199999999995271"/>
  </testsuite>
  <testsuite errors="0" failures="0" hostname="fv-az14" name="ds.dim::smk::done" skipped="0" tests="0" time="0" timestamp="2020-09-12T14:54:53Z"/>
  <testsuite errors="0" failures="0" hostname="fv-az14" name="ds.exists::smk::setup" skipped="0" tests="3" time="5.174" timestamp="2020-09-12T14:54:53Z">
    <testcase classname="ds.exists_smk_setup" name="setup" time="5.17100000000005"/>
    <testcase classname="ds.exists_smk_setup" name="setup" time="0.00199999999995271"/>
    <testcase classname="ds.exists_smk_setup" name="setup" time="0.000999999999976353"/>
  </testsuite>
  <testsuite errors="0" failures="0" hostname="fv-az14" name="ds.exists::smk" skipped="0" tests="7" time="0.28" timestamp="2020-09-12T14:54:58Z">
    <testcase classname="ds.exists_smk" name="simple_exists" time="0.271999999999935"/>
    <testcase classname="ds.exists_smk" name="simple_exists" time="0.00200000000018008"/>
    <testcase classname="ds.exists_smk" name="simple_exists" time="0.000999999999976353"/>
    <testcase classname="ds.exists_smk" name="simple_exists" time="0.000999999999976353"/>
    <testcase classname="ds.exists_smk" name="simple_exists" time="0.00199999999995271"/>
    <testcase classname="ds.exists_smk" name="simple_exists" time="0.000999999999976353"/>
    <testcase classname="ds.exists_smk" name="simple_exists" time="0.000999999999976353"/>
  </testsuite>
  <testsuite errors="0" failures="0" hostname="fv-az14" name="ds.exists::smk" skipped="0" tests="7" time="0.276" timestamp="2020-09-12T14:54:58Z">
    <testcase classname="ds.exists_smk" name="simple_exists_with_dollar" time="0.268000000000029"/>
    <testcase classname="ds.exists_smk" name="simple_exists_with_dollar" time="0.00199999999995271"/>
    <testcase classname="ds.exists_smk" name="simple_exists_with_dollar" time="0.000999999999976353"/>
    <testcase classname="ds.exists_smk" name="simple_exists_with_dollar" time="0.000999999999976353"/>
    <testcase classname="ds.exists_smk" name="simple_exists_with_dollar" time="0.00200000000018008"/>
    <testcase classname="ds.exists_smk" name="simple_exists_with_dollar" time="0.000999999999976353"/>
    <testcase classname="ds.exists_smk" name="simple_exists_with_dollar" time="0.000999999999976353"/>
  </testsuite>
  <testsuite errors="0" failures="0" hostname="fv-az14" name="ds.exists::smk" skipped="0" tests="7" time="0.807" timestamp="2020-09-12T14:54:58Z">
    <testcase classname="ds.exists_smk" name="simple_exists" time="0.799999999999955"/>
    <testcase classname="ds.exists_smk" name="simple_exists" time="0.000999999999976353"/>
    <testcase classname="ds.exists_smk" name="simple_exists" time="0.00199999999995271"/>
    <testcase classname="ds.exists_smk" name="simple_exists" time="0.000999999999976353"/>
    <testcase classname="ds.exists_smk" name="simple_exists" time="0.00100000000020373"/>
    <testcase classname="ds.exists_smk" name="simple_exists" time="0.000999999999976353"/>
    <testcase classname="ds.exists_smk" name="simple_exists" time="0.000999999999976353"/>
  </testsuite>
  <testsuite errors="0" failures="0" hostname="fv-az14" name="ds.exists::smk::shutdown" skipped="0" tests="3" time="0.274" timestamp="2020-09-12T14:54:59Z">
    <testcase classname="ds.exists_smk_shutdown" name="shutdown" time="0.270999999999958"/>
    <testcase classname="ds.exists_smk_shutdown" name="shutdown" time="0.000999999999976353"/>
    <testcase classname="ds.exists_smk_shutdown" name="shutdown" time="0.00199999999995271"/>
  </testsuite>
  <testsuite errors="0" failures="0" hostname="fv-az14" name="ds.exists::smk::done" skipped="0" tests="0" time="0" timestamp="2020-09-12T14:55:00Z"/>
  <testsuite errors="0" failures="0" hostname="fv-az14" name="ds.exp::smk::setup" skipped="0" tests="3" time="5.276" timestamp="2020-09-12T14:55:00Z">
    <testcase classname="ds.exp_smk_setup" name="setup" time="5.27400000000011"/>
    <testcase classname="ds.exp_smk_setup" name="setup" time="0.000999999999976353"/>
    <testcase classname="ds.exp_smk_setup" name="setup" time="0.000999999999976353"/>
  </testsuite>
  <testsuite errors="0" failures="0" hostname="fv-az14" name="ds.exp::smk" skipped="0" tests="30" time="5.612" timestamp="2020-09-12T14:55:04Z">
    <testcase classname="ds.exp_smk" name="simple_exp" time="1.50199999999995"/>
    <testcase classname="ds.exp_smk" name="simple_exp" time="0.268000000000029"/>
    <testcase classname="ds.exp_smk" name="simple_exp" time="0.000999999999976353"/>
    <testcase classname="ds.exp_smk" name="simple_exp" time="0.000999999999976353"/>
    <testcase classname="ds.exp_smk" name="simple_exp" time="0.00199999999995271"/>
    <testcase classname="ds.exp_smk" name="simple_exp" time="0.00100000000020373"/>
    <testcase classname="ds.exp_smk" name="simple_exp" time="0.000999999999976353"/>
    <testcase classname="ds.exp_smk" name="simple_exp" time="0.00999999999999091"/>
    <testcase classname="ds.exp_smk" name="simple_exp" time="0.527000000000044"/>
    <testcase classname="ds.exp_smk" name="simple_exp" time="0.00199999999995271"/>
    <testcase classname="ds.exp_smk" name="simple_exp" time="0.000999999999976353"/>
    <testcase classname="ds.exp_smk" name="simple_exp" time="0.000999999999976353"/>
    <testcase classname="ds.exp_smk" name="simple_exp" time="0.00199999999995271"/>
    <testcase classname="ds.exp_smk" name="simple_exp" time="0.000999999999976353"/>
    <testcase classname="ds.exp_smk" name="simple_exp" time="0.000999999999976353"/>
    <testcase classname="ds.exp_smk" name="simple_exp" time="2.42600000000016"/>
    <testcase classname="ds.exp_smk" name="simple_exp" time="0.288999999999987"/>
    <testcase classname="ds.exp_smk" name="simple_exp" time="0.00199999999995271"/>
    <testcase classname="ds.exp_smk" name="simple_exp" time="0.00199999999995271"/>
    <testcase classname="ds.exp_smk" name="simple_exp" time="0.00199999999995271"/>
    <testcase classname="ds.exp_smk" name="simple_exp" time="0.00200000000018008"/>
    <testcase classname="ds.exp_smk" name="simple_exp" time="0.00199999999995271"/>
    <testcase classname="ds.exp_smk" name="simple_exp" time="0.00199999999995271"/>
    <testcase classname="ds.exp_smk" name="simple_exp" time="0.551999999999907"/>
    <testcase classname="ds.exp_smk" name="simple_exp" time="0.00200000000018008"/>
    <testcase classname="ds.exp_smk" name="simple_exp" time="0.00199999999995271"/>
    <testcase classname="ds.exp_smk" name="simple_exp" time="0.00199999999995271"/>
    <testcase classname="ds.exp_smk" name="simple_exp" time="0.00299999999992906"/>
    <testcase classname="ds.exp_smk" name="simple_exp" time="0.00200000000018008"/>
    <testcase classname="ds.exp_smk" name="simple_exp" time="0.000999999999976353"/>
  </testsuite>
  <testsuite errors="0" failures="0" hostname="fv-az14" name="ds.exp::smk::shutdown" skipped="0" tests="3" time="0.292" timestamp="2020-09-12T14:55:10Z">
    <testcase classname="ds.exp_smk_shutdown" name="shutdown" time="0.288999999999987"/>
    <testcase classname="ds.exp_smk_shutdown" name="shutdown" time="0.000999999999976353"/>
    <testcase classname="ds.exp_smk_shutdown" name="shutdown" time="0.00199999999995271"/>
  </testsuite>
  <testsuite errors="0" failures="0" hostname="fv-az14" name="ds.exp::smk::done" skipped="0" tests="0" time="0" timestamp="2020-09-12T14:55:11Z"/>
  <testsuite errors="0" failures="0" hostname="fv-az14" name="ds.glm::smk::binomial::setup" skipped="0" tests="3" time="5.544" timestamp="2020-09-12T14:55:11Z">
    <testcase classname="ds.glm_smk_binomial_setup" name="setup" time="5.54099999999994"/>
    <testcase classname="ds.glm_smk_binomial_setup" name="setup" time="0.00199999999995271"/>
    <testcase classname="ds.glm_smk_binomial_setup" name="setup" time="0.00100000000020373"/>
  </testsuite>
  <testsuite errors="0" failures="0" hostname="fv-az14" name="ds.glm::smk::binomial" skipped="0" tests="20" time="3.09" timestamp="2020-09-12T14:55:16Z">
    <testcase classname="ds.glm_smk_binomial" name="glm_binomial" time="3.06399999999985"/>
    <testcase classname="ds.glm_smk_binomial" name="glm_binomial" time="0.000999999999976353"/>
    <testcase classname="ds.glm_smk_binomial" name="glm_binomial" time="0.00200000000018008"/>
    <testcase classname="ds.glm_smk_binomial" name="glm_binomial" time="0.000999999999976353"/>
    <testcase classname="ds.glm_smk_binomial" name="glm_binomial" time="0.000999999999976353"/>
    <testcase classname="ds.glm_smk_binomial" name="glm_binomial" time="0.00199999999995271"/>
    <testcase classname="ds.glm_smk_binomial" name="glm_binomial" time="0.000999999999976353"/>
    <testcase classname="ds.glm_smk_binomial" name="glm_binomial" time="0.000999999999976353"/>
    <testcase classname="ds.glm_smk_binomial" name="glm_binomial" time="0.000999999999976353"/>
    <testcase classname="ds.glm_smk_binomial" name="glm_binomial" time="0.000999999999976353"/>
    <testcase classname="ds.glm_smk_binomial" name="glm_binomial" time="0.00100000000020373"/>
    <testcase classname="ds.glm_smk_binomial" name="glm_binomial" time="0.00199999999995271"/>
    <testcase classname="ds.glm_smk_binomial" name="glm_binomial" time="0.000999999999976353"/>
    <testcase classname="ds.glm_smk_binomial" name="glm_binomial" time="0.00199999999995271"/>
    <testcase classname="ds.glm_smk_binomial" name="glm_binomial" time="0.000999999999976353"/>
    <testcase classname="ds.glm_smk_binomial" name="glm_binomial" time="0.00199999999995271"/>
    <testcase classname="ds.glm_smk_binomial" name="glm_binomial" time="0.00100000000020373"/>
    <testcase classname="ds.glm_smk_binomial" name="glm_binomial" time="0.00199999999995271"/>
    <testcase classname="ds.glm_smk_binomial" name="glm_binomial" time="0.00199999999995271"/>
    <testcase classname="ds.glm_smk_binomial" name="glm_binomial" time="0.000999999999976353"/>
  </testsuite>
  <testsuite errors="0" failures="0" hostname="fv-az14" name="ds.glm::smk::binomial, with check" skipped="0" tests="21" time="9.088" timestamp="2020-09-12T14:55:19Z">
    <testcase classname="ds.glm_smk_binomial_with_check" name="glm_binomial_with_check" time="9.05799999999999"/>
    <testcase classname="ds.glm_smk_binomial_with_check" name="glm_binomial_with_check" time="0.00199999999995271"/>
    <testcase classname="ds.glm_smk_binomial_with_check" name="glm_binomial_with_check" time="0.000999999999976353"/>
    <testcase classname="ds.glm_smk_binomial_with_check" name="glm_binomial_with_check" time="0.000999999999976353"/>
    <testcase classname="ds.glm_smk_binomial_with_check" name="glm_binomial_with_check" time="0.00200000000018008"/>
    <testcase classname="ds.glm_smk_binomial_with_check" name="glm_binomial_with_check" time="0.000999999999976353"/>
    <testcase classname="ds.glm_smk_binomial_with_check" name="glm_binomial_with_check" time="0.00199999999995271"/>
    <testcase classname="ds.glm_smk_binomial_with_check" name="glm_binomial_with_check" time="0.000999999999976353"/>
    <testcase classname="ds.glm_smk_binomial_with_check" name="glm_binomial_with_check" time="0.00199999999995271"/>
    <testcase classname="ds.glm_smk_binomial_with_check" name="glm_binomial_with_check" time="0.000999999999976353"/>
    <testcase classname="ds.glm_smk_binomial_with_check" name="glm_binomial_with_check" time="0.00200000000018008"/>
    <testcase classname="ds.glm_smk_binomial_with_check" name="glm_binomial_with_check" time="0.000999999999976353"/>
    <testcase classname="ds.glm_smk_binomial_with_check" name="glm_binomial_with_check" time="0.00199999999995271"/>
    <testcase classname="ds.glm_smk_binomial_with_check" name="glm_binomial_with_check" time="0.000999999999976353"/>
    <testcase classname="ds.glm_smk_binomial_with_check" name="glm_binomial_with_check" time="0.00199999999995271"/>
    <testcase classname="ds.glm_smk_binomial_with_check" name="glm_binomial_with_check" time="0.000999999999976353"/>
    <testcase classname="ds.glm_smk_binomial_with_check" name="glm_binomial_with_check" time="0.00200000000018008"/>
    <testcase classname="ds.glm_smk_binomial_with_check" name="glm_binomial_with_check" time="0.000999999999976353"/>
    <testcase classname="ds.glm_smk_binomial_with_check" name="glm_binomial_with_check" time="0.00199999999995271"/>
    <testcase classname="ds.glm_smk_binomial_with_check" name="glm_binomial_with_check" time="0.00199999999995271"/>
    <testcase classname="ds.glm_smk_binomial_with_check" name="glm_binomial_with_check" time="0.000999999999976353"/>
  </testsuite>
  <testsuite errors="0" failures="0" hostname="fv-az14" name="ds.glm::smk::binomial::shutdown" skipped="0" tests="3" time="0.287" timestamp="2020-09-12T14:55:28Z">
    <testcase classname="ds.glm_smk_binomial_shutdown" name="shutdown" time="0.284000000000106"/>
    <testcase classname="ds.glm_smk_binomial_shutdown" name="shutdown" time="0.000999999999976353"/>
    <testcase classname="ds.glm_smk_binomial_shutdown" name="shutdown" time="0.00199999999995271"/>
  </testsuite>
  <testsuite errors="0" failures="0" hostname="fv-az14" name="ds.glm::smk::binomial::done" skipped="0" tests="0" time="0" timestamp="2020-09-12T14:55:29Z"/>
  <testsuite errors="0" failures="0" hostname="fv-az14" name="ds.glmerSLMA::smk::setup - phase 1" skipped="0" tests="3" time="5.415" timestamp="2020-09-12T14:55:29Z">
    <testcase classname="ds.glmerSLMA_smk_setup_phase_1" name="setup" time="5.41200000000003"/>
    <testcase classname="ds.glmerSLMA_smk_setup_phase_1" name="setup" time="0.000999999999976353"/>
    <testcase classname="ds.glmerSLMA_smk_setup_phase_1" name="setup" time="0.00199999999995271"/>
  </testsuite>
  <testsuite errors="0" failures="0" hostname="fv-az14" name="ds.glmerSLMA::smk::phase 1" skipped="0" tests="14" time="19.416" timestamp="2020-09-12T14:55:34Z">
    <testcase classname="ds.glmerSLMA_smk_phase_1" name="simple_glmerSLMA_tesing_mis_use_of_arguments" time="3.30899999999997"/>
    <testcase classname="ds.glmerSLMA_smk_phase_1" name="simple_glmerSLMA_tesing_mis_use_of_arguments" time="0.754000000000133"/>
    <testcase classname="ds.glmerSLMA_smk_phase_1" name="simple_glmerSLMA_tesing_mis_use_of_arguments" time="0.000999999999976353"/>
    <testcase classname="ds.glmerSLMA_smk_phase_1" name="simple_glmerSLMA_tesing_mis_use_of_arguments" time="0.00199999999995271"/>
    <testcase classname="ds.glmerSLMA_smk_phase_1" name="simple_glmerSLMA_tesing_mis_use_of_arguments" time="0.000999999999976353"/>
    <testcase classname="ds.glmerSLMA_smk_phase_1" name="simple_glmerSLMA_tesing_mis_use_of_arguments" time="0.00199999999995271"/>
    <testcase classname="ds.glmerSLMA_smk_phase_1" name="simple_glmerSLMA_tesing_mis_use_of_arguments" time="2.08200000000011"/>
    <testcase classname="ds.glmerSLMA_smk_phase_1" name="test_offsets_and_weights" time="6.70800000000008"/>
    <testcase classname="ds.glmerSLMA_smk_phase_1" name="test_offsets_and_weights" time="0.987999999999829"/>
    <testcase classname="ds.glmerSLMA_smk_phase_1" name="test_offsets_and_weights" time="1.00099999999998"/>
    <testcase classname="ds.glmerSLMA_smk_phase_1" name="test_offsets_and_weights" time="1.00900000000001"/>
    <testcase classname="ds.glmerSLMA_smk_phase_1" name="alternative_formulae_for_nested_groups" time="1.29900000000021"/>
    <testcase classname="ds.glmerSLMA_smk_phase_1" name="alternative_formulae_for_nested_groups" time="1.24399999999991"/>
    <testcase classname="ds.glmerSLMA_smk_phase_1" name="simple_glmerSLMA" time="1.01600000000008"/>
  </testsuite>
  <testsuite errors="0" failures="0" hostname="fv-az14" name="ds.glmerSLMA::smk::shutdown - phase 1" skipped="0" tests="3" time="0.277" timestamp="2020-09-12T14:55:53Z">
    <testcase classname="ds.glmerSLMA_smk_shutdown_phase_1" name="setup" time="0.273999999999887"/>
    <testcase classname="ds.glmerSLMA_smk_shutdown_phase_1" name="setup" time="0.000999999999976353"/>
    <testcase classname="ds.glmerSLMA_smk_shutdown_phase_1" name="setup" time="0.00199999999995271"/>
  </testsuite>
  <testsuite errors="0" failures="0" hostname="fv-az14" name="ds.glmerSLMA::smk::setup - phase 2" skipped="0" tests="3" time="5.426" timestamp="2020-09-12T14:55:54Z">
    <testcase classname="ds.glmerSLMA_smk_setup_phase_2" name="setup" time="5.423"/>
    <testcase classname="ds.glmerSLMA_smk_setup_phase_2" name="setup" time="0.00200000000018008"/>
    <testcase classname="ds.glmerSLMA_smk_setup_phase_2" name="setup" time="0.000999999999976353"/>
  </testsuite>
  <testsuite errors="0" failures="0" hostname="fv-az14" name="ds.glmerSLMA::smk::test - phase 2" skipped="1" tests="1" time="0.01" timestamp="2020-09-12T14:55:59Z">
    <testcase classname="ds.glmerSLMA_smk_test_phase_2" name="check_slope_formulae" time="0.00999999999999091">
      <skipped/>
    </testcase>
  </testsuite>
  <testsuite errors="0" failures="0" hostname="fv-az14" name="ds.glmerSLMA::smk::shutdown - phase 2" skipped="0" tests="3" time="0.278" timestamp="2020-09-12T14:55:59Z">
    <testcase classname="ds.glmerSLMA_smk_shutdown_phase_2" name="setup" time="0.274999999999864"/>
    <testcase classname="ds.glmerSLMA_smk_shutdown_phase_2" name="setup" time="0.00200000000018008"/>
    <testcase classname="ds.glmerSLMA_smk_shutdown_phase_2" name="setup" time="0.000999999999976353"/>
  </testsuite>
  <testsuite errors="0" failures="0" hostname="fv-az14" name="ds.glmerSLMA::smk::done" skipped="0" tests="0" time="0" timestamp="2020-09-12T14:56:00Z"/>
  <testsuite errors="0" failures="0" hostname="fv-az14" name="ds.glm::smk::gaussian::setup" skipped="0" tests="3" time="5.258" timestamp="2020-09-12T14:56:00Z">
    <testcase classname="ds.glm_smk_gaussian_setup" name="setup" time="5.25499999999988"/>
    <testcase classname="ds.glm_smk_gaussian_setup" name="setup" time="0.000999999999976353"/>
    <testcase classname="ds.glm_smk_gaussian_setup" name="setup" time="0.00199999999995271"/>
  </testsuite>
  <testsuite errors="0" failures="0" hostname="fv-az14" name="ds.glm::smk::gaussian" skipped="0" tests="20" time="1.216" timestamp="2020-09-12T14:56:04Z">
    <testcase classname="ds.glm_smk_gaussian" name="glm_gaussian" time="1.18100000000004"/>
    <testcase classname="ds.glm_smk_gaussian" name="glm_gaussian" time="0.00199999999995271"/>
    <testcase classname="ds.glm_smk_gaussian" name="glm_gaussian" time="0.00200000000018008"/>
    <testcase classname="ds.glm_smk_gaussian" name="glm_gaussian" time="0.000999999999976353"/>
    <testcase classname="ds.glm_smk_gaussian" name="glm_gaussian" time="0.00199999999995271"/>
    <testcase classname="ds.glm_smk_gaussian" name="glm_gaussian" time="0.00199999999995271"/>
    <testcase classname="ds.glm_smk_gaussian" name="glm_gaussian" time="0.00199999999995271"/>
    <testcase classname="ds.glm_smk_gaussian" name="glm_gaussian" time="0.00100000000020373"/>
    <testcase classname="ds.glm_smk_gaussian" name="glm_gaussian" time="0.00199999999995271"/>
    <testcase classname="ds.glm_smk_gaussian" name="glm_gaussian" time="0.00199999999995271"/>
    <testcase classname="ds.glm_smk_gaussian" name="glm_gaussian" time="0.00199999999995271"/>
    <testcase classname="ds.glm_smk_gaussian" name="glm_gaussian" time="0.00199999999995271"/>
    <testcase classname="ds.glm_smk_gaussian" name="glm_gaussian" time="0.000999999999976353"/>
    <testcase classname="ds.glm_smk_gaussian" name="glm_gaussian" time="0.00200000000018008"/>
    <testcase classname="ds.glm_smk_gaussian" name="glm_gaussian" time="0.00199999999995271"/>
    <testcase classname="ds.glm_smk_gaussian" name="glm_gaussian" time="0.00199999999995271"/>
    <testcase classname="ds.glm_smk_gaussian" name="glm_gaussian" time="0.00199999999995271"/>
    <testcase classname="ds.glm_smk_gaussian" name="glm_gaussian" time="0.00199999999995271"/>
    <testcase classname="ds.glm_smk_gaussian" name="glm_gaussian" time="0.00200000000018008"/>
    <testcase classname="ds.glm_smk_gaussian" name="glm_gaussian" time="0.00199999999995271"/>
  </testsuite>
  <testsuite errors="0" failures="0" hostname="fv-az14" name="ds.glm::smk::gaussian, with check" skipped="0" tests="21" time="4.435" timestamp="2020-09-12T14:56:06Z">
    <testcase classname="ds.glm_smk_gaussian_with_check" name="glm_gaussian_with_check" time="4.40599999999995"/>
    <testcase classname="ds.glm_smk_gaussian_with_check" name="glm_gaussian_with_check" time="0.000999999999976353"/>
    <testcase classname="ds.glm_smk_gaussian_with_check" name="glm_gaussian_with_check" time="0.00199999999995271"/>
    <testcase classname="ds.glm_smk_gaussian_with_check" name="glm_gaussian_with_check" time="0.00100000000020373"/>
    <testcase classname="ds.glm_smk_gaussian_with_check" name="glm_gaussian_with_check" time="0.00199999999995271"/>
    <testcase classname="ds.glm_smk_gaussian_with_check" name="glm_gaussian_with_check" time="0.000999999999976353"/>
    <testcase classname="ds.glm_smk_gaussian_with_check" name="glm_gaussian_with_check" time="0.00199999999995271"/>
    <testcase classname="ds.glm_smk_gaussian_with_check" name="glm_gaussian_with_check" time="0.00199999999995271"/>
    <testcase classname="ds.glm_smk_gaussian_with_check" name="glm_gaussian_with_check" time="0.000999999999976353"/>
    <testcase classname="ds.glm_smk_gaussian_with_check" name="glm_gaussian_with_check" time="0.000999999999976353"/>
    <testcase classname="ds.glm_smk_gaussian_with_check" name="glm_gaussian_with_check" time="0.00200000000018008"/>
    <testcase classname="ds.glm_smk_gaussian_with_check" name="glm_gaussian_with_check" time="0.000999999999976353"/>
    <testcase classname="ds.glm_smk_gaussian_with_check" name="glm_gaussian_with_check" time="0.000999999999976353"/>
    <testcase classname="ds.glm_smk_gaussian_with_check" name="glm_gaussian_with_check" time="0.000999999999976353"/>
    <testcase classname="ds.glm_smk_gaussian_with_check" name="glm_gaussian_with_check" time="0.00199999999995271"/>
    <testcase classname="ds.glm_smk_gaussian_with_check" name="glm_gaussian_with_check" time="0.000999999999976353"/>
    <testcase classname="ds.glm_smk_gaussian_with_check" name="glm_gaussian_with_check" time="0.00200000000018008"/>
    <testcase classname="ds.glm_smk_gaussian_with_check" name="glm_gaussian_with_check" time="0.000999999999976353"/>
    <testcase classname="ds.glm_smk_gaussian_with_check" name="glm_gaussian_with_check" time="0.00199999999995271"/>
    <testcase classname="ds.glm_smk_gaussian_with_check" name="glm_gaussian_with_check" time="0.000999999999976353"/>
    <testcase classname="ds.glm_smk_gaussian_with_check" name="glm_gaussian_with_check" time="0.00199999999995271"/>
  </testsuite>
  <testsuite errors="0" failures="0" hostname="fv-az14" name="ds.glm::smk::gaussian::shutdown" skipped="0" tests="3" time="0.288" timestamp="2020-09-12T14:56:10Z">
    <testcase classname="ds.glm_smk_gaussian_shutdown" name="shutdown" time="0.285000000000082"/>
    <testcase classname="ds.glm_smk_gaussian_shutdown" name="shutdown" time="0.000999999999976353"/>
    <testcase classname="ds.glm_smk_gaussian_shutdown" name="shutdown" time="0.00199999999995271"/>
  </testsuite>
  <testsuite errors="0" failures="0" hostname="fv-az14" name="ds.glm::smk::gaussian::done" skipped="0" tests="0" time="0" timestamp="2020-09-12T14:56:11Z"/>
  <testsuite errors="0" failures="0" hostname="fv-az14" name="ds.glm::smk::poisson::setup" skipped="0" tests="3" time="5.287" timestamp="2020-09-12T14:56:11Z">
    <testcase classname="ds.glm_smk_poisson_setup" name="setup" time="5.28400000000011"/>
    <testcase classname="ds.glm_smk_poisson_setup" name="setup" time="0.00199999999995271"/>
    <testcase classname="ds.glm_smk_poisson_setup" name="setup" time="0.000999999999976353"/>
  </testsuite>
  <testsuite errors="0" failures="0" hostname="fv-az14" name="ds.glm::smk::poisson" skipped="0" tests="20" time="2.321" timestamp="2020-09-12T14:56:16Z">
    <testcase classname="ds.glm_smk_poisson" name="glm_gaussian" time="2.29700000000003"/>
    <testcase classname="ds.glm_smk_poisson" name="glm_gaussian" time="0.000999999999976353"/>
    <testcase classname="ds.glm_smk_poisson" name="glm_gaussian" time="0.000999999999976353"/>
    <testcase classname="ds.glm_smk_poisson" name="glm_gaussian" time="0.000999999999976353"/>
    <testcase classname="ds.glm_smk_poisson" name="glm_gaussian" time="0.00199999999995271"/>
    <testcase classname="ds.glm_smk_poisson" name="glm_gaussian" time="0.00100000000020373"/>
    <testcase classname="ds.glm_smk_poisson" name="glm_gaussian" time="0.000999999999976353"/>
    <testcase classname="ds.glm_smk_poisson" name="glm_gaussian" time="0.000999999999976353"/>
    <testcase classname="ds.glm_smk_poisson" name="glm_gaussian" time="0.00199999999995271"/>
    <testcase classname="ds.glm_smk_poisson" name="glm_gaussian" time="0.000999999999976353"/>
    <testcase classname="ds.glm_smk_poisson" name="glm_gaussian" time="0.000999999999976353"/>
    <testcase classname="ds.glm_smk_poisson" name="glm_gaussian" time="0.00199999999995271"/>
    <testcase classname="ds.glm_smk_poisson" name="glm_gaussian" time="0.00100000000020373"/>
    <testcase classname="ds.glm_smk_poisson" name="glm_gaussian" time="0.000999999999976353"/>
    <testcase classname="ds.glm_smk_poisson" name="glm_gaussian" time="0.00199999999995271"/>
    <testcase classname="ds.glm_smk_poisson" name="glm_gaussian" time="0.000999999999976353"/>
    <testcase classname="ds.glm_smk_poisson" name="glm_gaussian" time="0.000999999999976353"/>
    <testcase classname="ds.glm_smk_poisson" name="glm_gaussian" time="0.00199999999995271"/>
    <testcase classname="ds.glm_smk_poisson" name="glm_gaussian" time="0.000999999999976353"/>
    <testcase classname="ds.glm_smk_poisson" name="glm_gaussian" time="0.000999999999976353"/>
  </testsuite>
  <testsuite errors="0" failures="0" hostname="fv-az14" name="ds.glm::smk::poisson, with check" skipped="0" tests="21" time="6.663" timestamp="2020-09-12T14:56:18Z">
    <testcase classname="ds.glm_smk_poisson_with_check" name="glm_gaussian_which_check" time="6.63600000000019"/>
    <testcase classname="ds.glm_smk_poisson_with_check" name="glm_gaussian_which_check" time="0.00199999999995271"/>
    <testcase classname="ds.glm_smk_poisson_with_check" name="glm_gaussian_which_check" time="0.000999999999976353"/>
    <testcase classname="ds.glm_smk_poisson_with_check" name="glm_gaussian_which_check" time="0.00199999999995271"/>
    <testcase classname="ds.glm_smk_poisson_with_check" name="glm_gaussian_which_check" time="0.000999999999976353"/>
    <testcase classname="ds.glm_smk_poisson_with_check" name="glm_gaussian_which_check" time="0.000999999999976353"/>
    <testcase classname="ds.glm_smk_poisson_with_check" name="glm_gaussian_which_check" time="0.00200000000018008"/>
    <testcase classname="ds.glm_smk_poisson_with_check" name="glm_gaussian_which_check" time="0.000999999999976353"/>
    <testcase classname="ds.glm_smk_poisson_with_check" name="glm_gaussian_which_check" time="0.000999999999976353"/>
    <testcase classname="ds.glm_smk_poisson_with_check" name="glm_gaussian_which_check" time="0.000999999999976353"/>
    <testcase classname="ds.glm_smk_poisson_with_check" name="glm_gaussian_which_check" time="0.00199999999995271"/>
    <testcase classname="ds.glm_smk_poisson_with_check" name="glm_gaussian_which_check" time="0.000999999999976353"/>
    <testcase classname="ds.glm_smk_poisson_with_check" name="glm_gaussian_which_check" time="0.000999999999976353"/>
    <testcase classname="ds.glm_smk_poisson_with_check" name="glm_gaussian_which_check" time="0.00199999999995271"/>
    <testcase classname="ds.glm_smk_poisson_with_check" name="glm_gaussian_which_check" time="0.00100000000020373"/>
    <testcase classname="ds.glm_smk_poisson_with_check" name="glm_gaussian_which_check" time="0.000999999999976353"/>
    <testcase classname="ds.glm_smk_poisson_with_check" name="glm_gaussian_which_check" time="0.00199999999995271"/>
    <testcase classname="ds.glm_smk_poisson_with_check" name="glm_gaussian_which_check" time="0.000999999999976353"/>
    <testcase classname="ds.glm_smk_poisson_with_check" name="glm_gaussian_which_check" time="0.000999999999976353"/>
    <testcase classname="ds.glm_smk_poisson_with_check" name="glm_gaussian_which_check" time="0.00199999999995271"/>
    <testcase classname="ds.glm_smk_poisson_with_check" name="glm_gaussian_which_check" time="0.000999999999976353"/>
  </testsuite>
  <testsuite errors="0" failures="0" hostname="fv-az14" name="ds.glm::smk::poisson::shutdown" skipped="0" tests="3" time="0.272" timestamp="2020-09-12T14:56:25Z">
    <testcase classname="ds.glm_smk_poisson_shutdown" name="shutdown" time="0.269000000000005"/>
    <testcase classname="ds.glm_smk_poisson_shutdown" name="shutdown" time="0.00200000000018008"/>
    <testcase classname="ds.glm_smk_poisson_shutdown" name="shutdown" time="0.000999999999976353"/>
  </testsuite>
  <testsuite errors="0" failures="0" hostname="fv-az14" name="ds.glm::smk::poisson::done" skipped="0" tests="0" time="0" timestamp="2020-09-12T14:56:26Z"/>
  <testsuite errors="0" failures="0" hostname="fv-az14" name="ds.glmSLMA::smk::setup" skipped="0" tests="3" time="5.267" timestamp="2020-09-12T14:56:26Z">
    <testcase classname="ds.glmSLMA_smk_setup" name="setup" time="5.2639999999999"/>
    <testcase classname="ds.glmSLMA_smk_setup" name="setup" time="0.00199999999995271"/>
    <testcase classname="ds.glmSLMA_smk_setup" name="setup" time="0.000999999999976353"/>
  </testsuite>
  <testsuite errors="0" failures="0" hostname="fv-az14" name="ds.glmSLMA::smk::gaussian" skipped="0" tests="47" time="1.905" timestamp="2020-09-12T14:56:30Z">
    <testcase classname="ds.glmSLMA_smk_gaussian" name="simple_glmSLMA_gaussian" time="1.83700000000022"/>
    <testcase classname="ds.glmSLMA_smk_gaussian" name="simple_glmSLMA_gaussian" time="0.000999999999976353"/>
    <testcase classname="ds.glmSLMA_smk_gaussian" name="simple_glmSLMA_gaussian" time="0.000999999999976353"/>
    <testcase classname="ds.glmSLMA_smk_gaussian" name="simple_glmSLMA_gaussian" time="0.000999999999976353"/>
    <testcase classname="ds.glmSLMA_smk_gaussian" name="simple_glmSLMA_gaussian" time="0.000999999999976353"/>
    <testcase classname="ds.glmSLMA_smk_gaussian" name="simple_glmSLMA_gaussian" time="0.00199999999995271"/>
    <testcase classname="ds.glmSLMA_smk_gaussian" name="simple_glmSLMA_gaussian" time="0.000999999999976353"/>
    <testcase classname="ds.glmSLMA_smk_gaussian" name="simple_glmSLMA_gaussian" time="0.000999999999976353"/>
    <testcase classname="ds.glmSLMA_smk_gaussian" name="simple_glmSLMA_gaussian" time="0.000999999999976353"/>
    <testcase classname="ds.glmSLMA_smk_gaussian" name="simple_glmSLMA_gaussian" time="0.00200000000018008"/>
    <testcase classname="ds.glmSLMA_smk_gaussian" name="simple_glmSLMA_gaussian" time="0.000999999999976353"/>
    <testcase classname="ds.glmSLMA_smk_gaussian" name="simple_glmSLMA_gaussian" time="0.000999999999976353"/>
    <testcase classname="ds.glmSLMA_smk_gaussian" name="simple_glmSLMA_gaussian" time="0.00199999999995271"/>
    <testcase classname="ds.glmSLMA_smk_gaussian" name="simple_glmSLMA_gaussian" time="0.000999999999976353"/>
    <testcase classname="ds.glmSLMA_smk_gaussian" name="simple_glmSLMA_gaussian" time="0.000999999999976353"/>
    <testcase classname="ds.glmSLMA_smk_gaussian" name="simple_glmSLMA_gaussian" time="0.00199999999995271"/>
    <testcase classname="ds.glmSLMA_smk_gaussian" name="simple_glmSLMA_gaussian" time="0.00100000000020373"/>
    <testcase classname="ds.glmSLMA_smk_gaussian" name="simple_glmSLMA_gaussian" time="0.00199999999995271"/>
    <testcase classname="ds.glmSLMA_smk_gaussian" name="simple_glmSLMA_gaussian" time="0.000999999999976353"/>
    <testcase classname="ds.glmSLMA_smk_gaussian" name="simple_glmSLMA_gaussian" time="0.000999999999976353"/>
    <testcase classname="ds.glmSLMA_smk_gaussian" name="simple_glmSLMA_gaussian" time="0.00199999999995271"/>
    <testcase classname="ds.glmSLMA_smk_gaussian" name="simple_glmSLMA_gaussian" time="0.00199999999995271"/>
    <testcase classname="ds.glmSLMA_smk_gaussian" name="simple_glmSLMA_gaussian" time="0.00100000000020373"/>
    <testcase classname="ds.glmSLMA_smk_gaussian" name="simple_glmSLMA_gaussian" time="0.000999999999976353"/>
    <testcase classname="ds.glmSLMA_smk_gaussian" name="simple_glmSLMA_gaussian" time="0.00199999999995271"/>
    <testcase classname="ds.glmSLMA_smk_gaussian" name="simple_glmSLMA_gaussian" time="0.000999999999976353"/>
    <testcase classname="ds.glmSLMA_smk_gaussian" name="simple_glmSLMA_gaussian" time="0.00199999999995271"/>
    <testcase classname="ds.glmSLMA_smk_gaussian" name="simple_glmSLMA_gaussian" time="0.000999999999976353"/>
    <testcase classname="ds.glmSLMA_smk_gaussian" name="simple_glmSLMA_gaussian" time="0.00199999999995271"/>
    <testcase classname="ds.glmSLMA_smk_gaussian" name="simple_glmSLMA_gaussian" time="0.00100000000020373"/>
    <testcase classname="ds.glmSLMA_smk_gaussian" name="simple_glmSLMA_gaussian" time="0.00199999999995271"/>
    <testcase classname="ds.glmSLMA_smk_gaussian" name="simple_glmSLMA_gaussian" time="0.00199999999995271"/>
    <testcase classname="ds.glmSLMA_smk_gaussian" name="simple_glmSLMA_gaussian" time="0.000999999999976353"/>
    <testcase classname="ds.glmSLMA_smk_gaussian" name="simple_glmSLMA_gaussian" time="0.00199999999995271"/>
    <testcase classname="ds.glmSLMA_smk_gaussian" name="simple_glmSLMA_gaussian" time="0.00199999999995271"/>
    <testcase classname="ds.glmSLMA_smk_gaussian" name="simple_glmSLMA_gaussian" time="0.00100000000020373"/>
    <testcase classname="ds.glmSLMA_smk_gaussian" name="simple_glmSLMA_gaussian" time="0.00199999999995271"/>
    <testcase classname="ds.glmSLMA_smk_gaussian" name="simple_glmSLMA_gaussian" time="0.00199999999995271"/>
    <testcase classname="ds.glmSLMA_smk_gaussian" name="simple_glmSLMA_gaussian" time="0.000999999999976353"/>
    <testcase classname="ds.glmSLMA_smk_gaussian" name="simple_glmSLMA_gaussian" time="0.00199999999995271"/>
    <testcase classname="ds.glmSLMA_smk_gaussian" name="simple_glmSLMA_gaussian" time="0.00100000000020373"/>
    <testcase classname="ds.glmSLMA_smk_gaussian" name="simple_glmSLMA_gaussian" time="0.00199999999995271"/>
    <testcase classname="ds.glmSLMA_smk_gaussian" name="simple_glmSLMA_gaussian" time="0.00199999999995271"/>
    <testcase classname="ds.glmSLMA_smk_gaussian" name="simple_glmSLMA_gaussian" time="0.00199999999995271"/>
    <testcase classname="ds.glmSLMA_smk_gaussian" name="simple_glmSLMA_gaussian" time="0.000999999999976353"/>
    <testcase classname="ds.glmSLMA_smk_gaussian" name="simple_glmSLMA_gaussian" time="0.00199999999995271"/>
    <testcase classname="ds.glmSLMA_smk_gaussian" name="simple_glmSLMA_gaussian" time="0.00200000000018008"/>
  </testsuite>
  <testsuite errors="0" failures="0" hostname="fv-az14" name="ds.glmSLMA::smk::binomial" skipped="0" tests="40" time="5.199" timestamp="2020-09-12T14:56:32Z">
    <testcase classname="ds.glmSLMA_smk_binomial" name="simple_glmSLMA_binomial" time="5.14300000000003"/>
    <testcase classname="ds.glmSLMA_smk_binomial" name="simple_glmSLMA_binomial" time="0.00199999999995271"/>
    <testcase classname="ds.glmSLMA_smk_binomial" name="simple_glmSLMA_binomial" time="0.000999999999976353"/>
    <testcase classname="ds.glmSLMA_smk_binomial" name="simple_glmSLMA_binomial" time="0.000999999999976353"/>
    <testcase classname="ds.glmSLMA_smk_binomial" name="simple_glmSLMA_binomial" time="0.000999999999976353"/>
    <testcase classname="ds.glmSLMA_smk_binomial" name="simple_glmSLMA_binomial" time="0.000999999999976353"/>
    <testcase classname="ds.glmSLMA_smk_binomial" name="simple_glmSLMA_binomial" time="0.00199999999995271"/>
    <testcase classname="ds.glmSLMA_smk_binomial" name="simple_glmSLMA_binomial" time="0.000999999999976353"/>
    <testcase classname="ds.glmSLMA_smk_binomial" name="simple_glmSLMA_binomial" time="0.00100000000020373"/>
    <testcase classname="ds.glmSLMA_smk_binomial" name="simple_glmSLMA_binomial" time="0.000999999999976353"/>
    <testcase classname="ds.glmSLMA_smk_binomial" name="simple_glmSLMA_binomial" time="0.00199999999995271"/>
    <testcase classname="ds.glmSLMA_smk_binomial" name="simple_glmSLMA_binomial" time="0.000999999999976353"/>
    <testcase classname="ds.glmSLMA_smk_binomial" name="simple_glmSLMA_binomial" time="0.000999999999976353"/>
    <testcase classname="ds.glmSLMA_smk_binomial" name="simple_glmSLMA_binomial" time="0.000999999999976353"/>
    <testcase classname="ds.glmSLMA_smk_binomial" name="simple_glmSLMA_binomial" time="0.00199999999995271"/>
    <testcase classname="ds.glmSLMA_smk_binomial" name="simple_glmSLMA_binomial" time="0.00100000000020373"/>
    <testcase classname="ds.glmSLMA_smk_binomial" name="simple_glmSLMA_binomial" time="0.000999999999976353"/>
    <testcase classname="ds.glmSLMA_smk_binomial" name="simple_glmSLMA_binomial" time="0.00199999999995271"/>
    <testcase classname="ds.glmSLMA_smk_binomial" name="simple_glmSLMA_binomial" time="0.000999999999976353"/>
    <testcase classname="ds.glmSLMA_smk_binomial" name="simple_glmSLMA_binomial" time="0.000999999999976353"/>
    <testcase classname="ds.glmSLMA_smk_binomial" name="simple_glmSLMA_binomial" time="0.000999999999976353"/>
    <testcase classname="ds.glmSLMA_smk_binomial" name="simple_glmSLMA_binomial" time="0.00199999999995271"/>
    <testcase classname="ds.glmSLMA_smk_binomial" name="simple_glmSLMA_binomial" time="0.000999999999976353"/>
    <testcase classname="ds.glmSLMA_smk_binomial" name="simple_glmSLMA_binomial" time="0.00100000000020373"/>
    <testcase classname="ds.glmSLMA_smk_binomial" name="simple_glmSLMA_binomial" time="0.00199999999995271"/>
    <testcase classname="ds.glmSLMA_smk_binomial" name="simple_glmSLMA_binomial" time="0.00199999999995271"/>
    <testcase classname="ds.glmSLMA_smk_binomial" name="simple_glmSLMA_binomial" time="0.000999999999976353"/>
    <testcase classname="ds.glmSLMA_smk_binomial" name="simple_glmSLMA_binomial" time="0.00199999999995271"/>
    <testcase classname="ds.glmSLMA_smk_binomial" name="simple_glmSLMA_binomial" time="0.00200000000018008"/>
    <testcase classname="ds.glmSLMA_smk_binomial" name="simple_glmSLMA_binomial" time="0.00199999999995271"/>
    <testcase classname="ds.glmSLMA_smk_binomial" name="simple_glmSLMA_binomial" time="0.000999999999976353"/>
    <testcase classname="ds.glmSLMA_smk_binomial" name="simple_glmSLMA_binomial" time="0.00199999999995271"/>
    <testcase classname="ds.glmSLMA_smk_binomial" name="simple_glmSLMA_binomial" time="0.000999999999976353"/>
    <testcase classname="ds.glmSLMA_smk_binomial" name="simple_glmSLMA_binomial" time="0.00199999999995271"/>
    <testcase classname="ds.glmSLMA_smk_binomial" name="simple_glmSLMA_binomial" time="0.00200000000018008"/>
    <testcase classname="ds.glmSLMA_smk_binomial" name="simple_glmSLMA_binomial" time="0.00199999999995271"/>
    <testcase classname="ds.glmSLMA_smk_binomial" name="simple_glmSLMA_binomial" time="0.00199999999995271"/>
    <testcase classname="ds.glmSLMA_smk_binomial" name="simple_glmSLMA_binomial" time="0.000999999999976353"/>
    <testcase classname="ds.glmSLMA_smk_binomial" name="simple_glmSLMA_binomial" time="0.00199999999995271"/>
    <testcase classname="ds.glmSLMA_smk_binomial" name="simple_glmSLMA_binomial" time="0.000999999999976353"/>
  </testsuite>
  <testsuite errors="0" failures="0" hostname="fv-az14" name="ds.glmSLMA::smk::poisson" skipped="0" tests="47" time="1.906" timestamp="2020-09-12T14:56:37Z">
    <testcase classname="ds.glmSLMA_smk_poisson" name="simple_glmSLMA_poisson" time="1.82500000000005"/>
    <testcase classname="ds.glmSLMA_smk_poisson" name="simple_glmSLMA_poisson" time="0.00199999999995271"/>
    <testcase classname="ds.glmSLMA_smk_poisson" name="simple_glmSLMA_poisson" time="0.00200000000018008"/>
    <testcase classname="ds.glmSLMA_smk_poisson" name="simple_glmSLMA_poisson" time="0.000999999999976353"/>
    <testcase classname="ds.glmSLMA_smk_poisson" name="simple_glmSLMA_poisson" time="0.00199999999995271"/>
    <testcase classname="ds.glmSLMA_smk_poisson" name="simple_glmSLMA_poisson" time="0.000999999999976353"/>
    <testcase classname="ds.glmSLMA_smk_poisson" name="simple_glmSLMA_poisson" time="0.000999999999976353"/>
    <testcase classname="ds.glmSLMA_smk_poisson" name="simple_glmSLMA_poisson" time="0.00199999999995271"/>
    <testcase classname="ds.glmSLMA_smk_poisson" name="simple_glmSLMA_poisson" time="0.00200000000018008"/>
    <testcase classname="ds.glmSLMA_smk_poisson" name="simple_glmSLMA_poisson" time="0.000999999999976353"/>
    <testcase classname="ds.glmSLMA_smk_poisson" name="simple_glmSLMA_poisson" time="0.000999999999976353"/>
    <testcase classname="ds.glmSLMA_smk_poisson" name="simple_glmSLMA_poisson" time="0.00199999999995271"/>
    <testcase classname="ds.glmSLMA_smk_poisson" name="simple_glmSLMA_poisson" time="0.000999999999976353"/>
    <testcase classname="ds.glmSLMA_smk_poisson" name="simple_glmSLMA_poisson" time="0.00199999999995271"/>
    <testcase classname="ds.glmSLMA_smk_poisson" name="simple_glmSLMA_poisson" time="0.000999999999976353"/>
    <testcase classname="ds.glmSLMA_smk_poisson" name="simple_glmSLMA_poisson" time="0.00200000000018008"/>
    <testcase classname="ds.glmSLMA_smk_poisson" name="simple_glmSLMA_poisson" time="0.000999999999976353"/>
    <testcase classname="ds.glmSLMA_smk_poisson" name="simple_glmSLMA_poisson" time="0.00199999999995271"/>
    <testcase classname="ds.glmSLMA_smk_poisson" name="simple_glmSLMA_poisson" time="0.00199999999995271"/>
    <testcase classname="ds.glmSLMA_smk_poisson" name="simple_glmSLMA_poisson" time="0.000999999999976353"/>
    <testcase classname="ds.glmSLMA_smk_poisson" name="simple_glmSLMA_poisson" time="0.00199999999995271"/>
    <testcase classname="ds.glmSLMA_smk_poisson" name="simple_glmSLMA_poisson" time="0.00200000000018008"/>
    <testcase classname="ds.glmSLMA_smk_poisson" name="simple_glmSLMA_poisson" time="0.000999999999976353"/>
    <testcase classname="ds.glmSLMA_smk_poisson" name="simple_glmSLMA_poisson" time="0.00199999999995271"/>
    <testcase classname="ds.glmSLMA_smk_poisson" name="simple_glmSLMA_poisson" time="0.00199999999995271"/>
    <testcase classname="ds.glmSLMA_smk_poisson" name="simple_glmSLMA_poisson" time="0.000999999999976353"/>
    <testcase classname="ds.glmSLMA_smk_poisson" name="simple_glmSLMA_poisson" time="0.00199999999995271"/>
    <testcase classname="ds.glmSLMA_smk_poisson" name="simple_glmSLMA_poisson" time="0.00200000000018008"/>
    <testcase classname="ds.glmSLMA_smk_poisson" name="simple_glmSLMA_poisson" time="0.00299999999992906"/>
    <testcase classname="ds.glmSLMA_smk_poisson" name="simple_glmSLMA_poisson" time="0.00199999999995271"/>
    <testcase classname="ds.glmSLMA_smk_poisson" name="simple_glmSLMA_poisson" time="0.00199999999995271"/>
    <testcase classname="ds.glmSLMA_smk_poisson" name="simple_glmSLMA_poisson" time="0.00200000000018008"/>
    <testcase classname="ds.glmSLMA_smk_poisson" name="simple_glmSLMA_poisson" time="0.00199999999995271"/>
    <testcase classname="ds.glmSLMA_smk_poisson" name="simple_glmSLMA_poisson" time="0.000999999999976353"/>
    <testcase classname="ds.glmSLMA_smk_poisson" name="simple_glmSLMA_poisson" time="0.00199999999995271"/>
    <testcase classname="ds.glmSLMA_smk_poisson" name="simple_glmSLMA_poisson" time="0.00199999999995271"/>
    <testcase classname="ds.glmSLMA_smk_poisson" name="simple_glmSLMA_poisson" time="0.00200000000018008"/>
    <testcase classname="ds.glmSLMA_smk_poisson" name="simple_glmSLMA_poisson" time="0.00199999999995271"/>
    <testcase classname="ds.glmSLMA_smk_poisson" name="simple_glmSLMA_poisson" time="0.00199999999995271"/>
    <testcase classname="ds.glmSLMA_smk_poisson" name="simple_glmSLMA_poisson" time="0.00199999999995271"/>
    <testcase classname="ds.glmSLMA_smk_poisson" name="simple_glmSLMA_poisson" time="0.00199999999995271"/>
    <testcase classname="ds.glmSLMA_smk_poisson" name="simple_glmSLMA_poisson" time="0.00200000000018008"/>
    <testcase classname="ds.glmSLMA_smk_poisson" name="simple_glmSLMA_poisson" time="0.00199999999995271"/>
    <testcase classname="ds.glmSLMA_smk_poisson" name="simple_glmSLMA_poisson" time="0.00199999999995271"/>
    <testcase classname="ds.glmSLMA_smk_poisson" name="simple_glmSLMA_poisson" time="0.00199999999995271"/>
    <testcase classname="ds.glmSLMA_smk_poisson" name="simple_glmSLMA_poisson" time="0.00199999999995271"/>
    <testcase classname="ds.glmSLMA_smk_poisson" name="simple_glmSLMA_poisson" time="0.00200000000018008"/>
  </testsuite>
  <testsuite errors="0" failures="0" hostname="fv-az14" name="ds.glmSLMA::smk::shutdown" skipped="0" tests="3" time="0.284" timestamp="2020-09-12T14:56:39Z">
    <testcase classname="ds.glmSLMA_smk_shutdown" name="shutdown" time="0.280999999999949"/>
    <testcase classname="ds.glmSLMA_smk_shutdown" name="shutdown" time="0.00199999999995271"/>
    <testcase classname="ds.glmSLMA_smk_shutdown" name="shutdown" time="0.000999999999976353"/>
  </testsuite>
  <testsuite errors="0" failures="0" hostname="fv-az14" name="ds.glmSLMA::smk::done" skipped="0" tests="0" time="0" timestamp="2020-09-12T14:56:40Z"/>
  <testsuite errors="0" failures="0" hostname="fv-az14" name="ds.glmSummary::smk::setup" skipped="0" tests="3" time="5.238" timestamp="2020-09-12T14:56:40Z">
    <testcase classname="ds.glmSummary_smk_setup" name="setup" time="5.2360000000001"/>
    <testcase classname="ds.glmSummary_smk_setup" name="setup" time="0.000999999999976353"/>
    <testcase classname="ds.glmSummary_smk_setup" name="setup" time="0.000999999999976353"/>
  </testsuite>
  <testsuite errors="0" failures="0" hostname="fv-az14" name="ds.glmSummary::smk::gaussian" skipped="0" tests="46" time="5.111" timestamp="2020-09-12T14:56:45Z">
    <testcase classname="ds.glmSummary_smk_gaussian" name="simple_glmSummary_gaussian_without_newobj" time="1.44299999999998"/>
    <testcase classname="ds.glmSummary_smk_gaussian" name="simple_glmSummary_gaussian_without_newobj" time="0.00199999999995271"/>
    <testcase classname="ds.glmSummary_smk_gaussian" name="simple_glmSummary_gaussian_without_newobj" time="0.000999999999976353"/>
    <testcase classname="ds.glmSummary_smk_gaussian" name="simple_glmSummary_gaussian_without_newobj" time="0.00100000000020373"/>
    <testcase classname="ds.glmSummary_smk_gaussian" name="simple_glmSummary_gaussian_without_newobj" time="1.05199999999991"/>
    <testcase classname="ds.glmSummary_smk_gaussian" name="simple_glmSummary_gaussian_without_newobj" time="0.000999999999976353"/>
    <testcase classname="ds.glmSummary_smk_gaussian" name="simple_glmSummary_gaussian_without_newobj" time="0.00199999999995271"/>
    <testcase classname="ds.glmSummary_smk_gaussian" name="simple_glmSummary_gaussian_without_newobj" time="0.000999999999976353"/>
    <testcase classname="ds.glmSummary_smk_gaussian" name="simple_glmSummary_gaussian_without_newobj" time="0.00100000000020373"/>
    <testcase classname="ds.glmSummary_smk_gaussian" name="simple_glmSummary_gaussian_without_newobj" time="0.00199999999995271"/>
    <testcase classname="ds.glmSummary_smk_gaussian" name="simple_glmSummary_gaussian_without_newobj" time="0.000999999999976353"/>
    <testcase classname="ds.glmSummary_smk_gaussian" name="simple_glmSummary_gaussian_without_newobj" time="0.000999999999976353"/>
    <testcase classname="ds.glmSummary_smk_gaussian" name="simple_glmSummary_gaussian_without_newobj" time="0.00199999999995271"/>
    <testcase classname="ds.glmSummary_smk_gaussian" name="simple_glmSummary_gaussian_without_newobj" time="0.000999999999976353"/>
    <testcase classname="ds.glmSummary_smk_gaussian" name="simple_glmSummary_gaussian_without_newobj" time="0.000999999999976353"/>
    <testcase classname="ds.glmSummary_smk_gaussian" name="simple_glmSummary_gaussian_without_newobj" time="0.00200000000018008"/>
    <testcase classname="ds.glmSummary_smk_gaussian" name="simple_glmSummary_gaussian_without_newobj" time="0.000999999999976353"/>
    <testcase classname="ds.glmSummary_smk_gaussian" name="simple_glmSummary_gaussian_without_newobj" time="0.00199999999995271"/>
    <testcase classname="ds.glmSummary_smk_gaussian" name="simple_glmSummary_gaussian_without_newobj" time="0.000999999999976353"/>
    <testcase classname="ds.glmSummary_smk_gaussian" name="simple_glmSummary_gaussian_without_newobj" time="0.00199999999995271"/>
    <testcase classname="ds.glmSummary_smk_gaussian" name="simple_glmSummary_gaussian_without_newobj" time="0.000999999999976353"/>
    <testcase classname="ds.glmSummary_smk_gaussian" name="simple_glmSummary_gaussian_without_newobj" time="0.00199999999995271"/>
    <testcase classname="ds.glmSummary_smk_gaussian" name="simple_glmSummary_gaussian_without_newobj" time="0.00100000000020373"/>
    <testcase classname="ds.glmSummary_smk_gaussian" name="simple_glmSummary_gaussian" time="1.41199999999981"/>
    <testcase classname="ds.glmSummary_smk_gaussian" name="simple_glmSummary_gaussian" time="0.00300000000015643"/>
    <testcase classname="ds.glmSummary_smk_gaussian" name="simple_glmSummary_gaussian" time="0.000999999999976353"/>
    <testcase classname="ds.glmSummary_smk_gaussian" name="simple_glmSummary_gaussian" time="0.00199999999995271"/>
    <testcase classname="ds.glmSummary_smk_gaussian" name="simple_glmSummary_gaussian" time="1.13900000000012"/>
    <testcase classname="ds.glmSummary_smk_gaussian" name="simple_glmSummary_gaussian" time="0.00199999999995271"/>
    <testcase classname="ds.glmSummary_smk_gaussian" name="simple_glmSummary_gaussian" time="0.00199999999995271"/>
    <testcase classname="ds.glmSummary_smk_gaussian" name="simple_glmSummary_gaussian" time="0.000999999999976353"/>
    <testcase classname="ds.glmSummary_smk_gaussian" name="simple_glmSummary_gaussian" time="0.00199999999995271"/>
    <testcase classname="ds.glmSummary_smk_gaussian" name="simple_glmSummary_gaussian" time="0.000999999999976353"/>
    <testcase classname="ds.glmSummary_smk_gaussian" name="simple_glmSummary_gaussian" time="0.00200000000018008"/>
    <testcase classname="ds.glmSummary_smk_gaussian" name="simple_glmSummary_gaussian" time="0.00199999999995271"/>
    <testcase classname="ds.glmSummary_smk_gaussian" name="simple_glmSummary_gaussian" time="0.000999999999976353"/>
    <testcase classname="ds.glmSummary_smk_gaussian" name="simple_glmSummary_gaussian" time="0.00199999999995271"/>
    <testcase classname="ds.glmSummary_smk_gaussian" name="simple_glmSummary_gaussian" time="0.00199999999995271"/>
    <testcase classname="ds.glmSummary_smk_gaussian" name="simple_glmSummary_gaussian" time="0.000999999999976353"/>
    <testcase classname="ds.glmSummary_smk_gaussian" name="simple_glmSummary_gaussian" time="0.00200000000018008"/>
    <testcase classname="ds.glmSummary_smk_gaussian" name="simple_glmSummary_gaussian" time="0.00199999999995271"/>
    <testcase classname="ds.glmSummary_smk_gaussian" name="simple_glmSummary_gaussian" time="0.000999999999976353"/>
    <testcase classname="ds.glmSummary_smk_gaussian" name="simple_glmSummary_gaussian" time="0.00199999999995271"/>
    <testcase classname="ds.glmSummary_smk_gaussian" name="simple_glmSummary_gaussian" time="0.00199999999995271"/>
    <testcase classname="ds.glmSummary_smk_gaussian" name="simple_glmSummary_gaussian" time="0.00200000000018008"/>
    <testcase classname="ds.glmSummary_smk_gaussian" name="simple_glmSummary_gaussian" time="0.000999999999976353"/>
  </testsuite>
  <testsuite errors="0" failures="0" hostname="fv-az14" name="ds.glmSummary::smk::poisson" skipped="0" tests="46" time="5.723" timestamp="2020-09-12T14:56:50Z">
    <testcase classname="ds.glmSummary_smk_poisson" name="simple_glmSummary_poisson_without_newobj" time="1.78999999999996"/>
    <testcase classname="ds.glmSummary_smk_poisson" name="simple_glmSummary_poisson_without_newobj" time="0.00199999999995271"/>
    <testcase classname="ds.glmSummary_smk_poisson" name="simple_glmSummary_poisson_without_newobj" time="0.000999999999976353"/>
    <testcase classname="ds.glmSummary_smk_poisson" name="simple_glmSummary_poisson_without_newobj" time="0.000999999999976353"/>
    <testcase classname="ds.glmSummary_smk_poisson" name="simple_glmSummary_poisson_without_newobj" time="1.05899999999997"/>
    <testcase classname="ds.glmSummary_smk_poisson" name="simple_glmSummary_poisson_without_newobj" time="0.000999999999976353"/>
    <testcase classname="ds.glmSummary_smk_poisson" name="simple_glmSummary_poisson_without_newobj" time="0.00200000000018008"/>
    <testcase classname="ds.glmSummary_smk_poisson" name="simple_glmSummary_poisson_without_newobj" time="0.000999999999976353"/>
    <testcase classname="ds.glmSummary_smk_poisson" name="simple_glmSummary_poisson_without_newobj" time="0.000999999999976353"/>
    <testcase classname="ds.glmSummary_smk_poisson" name="simple_glmSummary_poisson_without_newobj" time="0.00199999999995271"/>
    <testcase classname="ds.glmSummary_smk_poisson" name="simple_glmSummary_poisson_without_newobj" time="0.000999999999976353"/>
    <testcase classname="ds.glmSummary_smk_poisson" name="simple_glmSummary_poisson_without_newobj" time="0.000999999999976353"/>
    <testcase classname="ds.glmSummary_smk_poisson" name="simple_glmSummary_poisson_without_newobj" time="0.000999999999976353"/>
    <testcase classname="ds.glmSummary_smk_poisson" name="simple_glmSummary_poisson_without_newobj" time="0.00200000000018008"/>
    <testcase classname="ds.glmSummary_smk_poisson" name="simple_glmSummary_poisson_without_newobj" time="0.000999999999976353"/>
    <testcase classname="ds.glmSummary_smk_poisson" name="simple_glmSummary_poisson_without_newobj" time="0.000999999999976353"/>
    <testcase classname="ds.glmSummary_smk_poisson" name="simple_glmSummary_poisson_without_newobj" time="0.00199999999995271"/>
    <testcase classname="ds.glmSummary_smk_poisson" name="simple_glmSummary_poisson_without_newobj" time="0.000999999999976353"/>
    <testcase classname="ds.glmSummary_smk_poisson" name="simple_glmSummary_poisson_without_newobj" time="0.000999999999976353"/>
    <testcase classname="ds.glmSummary_smk_poisson" name="simple_glmSummary_poisson_without_newobj" time="0.00199999999995271"/>
    <testcase classname="ds.glmSummary_smk_poisson" name="simple_glmSummary_poisson_without_newobj" time="0.00100000000020373"/>
    <testcase classname="ds.glmSummary_smk_poisson" name="simple_glmSummary_poisson_without_newobj" time="0.00199999999995271"/>
    <testcase classname="ds.glmSummary_smk_poisson" name="simple_glmSummary_poisson_without_newobj" time="0.000999999999976353"/>
    <testcase classname="ds.glmSummary_smk_poisson" name="simple_glmSummary_poisson" time="1.75"/>
    <testcase classname="ds.glmSummary_smk_poisson" name="simple_glmSummary_poisson" time="0.00199999999995271"/>
    <testcase classname="ds.glmSummary_smk_poisson" name="simple_glmSummary_poisson" time="0.000999999999976353"/>
    <testcase classname="ds.glmSummary_smk_poisson" name="simple_glmSummary_poisson" time="0.00199999999995271"/>
    <testcase classname="ds.glmSummary_smk_poisson" name="simple_glmSummary_poisson" time="1.06100000000015"/>
    <testcase classname="ds.glmSummary_smk_poisson" name="simple_glmSummary_poisson" time="0.00199999999995271"/>
    <testcase classname="ds.glmSummary_smk_poisson" name="simple_glmSummary_poisson" time="0.000999999999976353"/>
    <testcase classname="ds.glmSummary_smk_poisson" name="simple_glmSummary_poisson" time="0.00199999999995271"/>
    <testcase classname="ds.glmSummary_smk_poisson" name="simple_glmSummary_poisson" time="0.00199999999995271"/>
    <testcase classname="ds.glmSummary_smk_poisson" name="simple_glmSummary_poisson" time="0.00100000000020373"/>
    <testcase classname="ds.glmSummary_smk_poisson" name="simple_glmSummary_poisson" time="0.00199999999995271"/>
    <testcase classname="ds.glmSummary_smk_poisson" name="simple_glmSummary_poisson" time="0.00199999999995271"/>
    <testcase classname="ds.glmSummary_smk_poisson" name="simple_glmSummary_poisson" time="0.000999999999976353"/>
    <testcase classname="ds.glmSummary_smk_poisson" name="simple_glmSummary_poisson" time="0.00199999999995271"/>
    <testcase classname="ds.glmSummary_smk_poisson" name="simple_glmSummary_poisson" time="0.000999999999976353"/>
    <testcase classname="ds.glmSummary_smk_poisson" name="simple_glmSummary_poisson" time="0.00200000000018008"/>
    <testcase classname="ds.glmSummary_smk_poisson" name="simple_glmSummary_poisson" time="0.00199999999995271"/>
    <testcase classname="ds.glmSummary_smk_poisson" name="simple_glmSummary_poisson" time="0.000999999999976353"/>
    <testcase classname="ds.glmSummary_smk_poisson" name="simple_glmSummary_poisson" time="0.00199999999995271"/>
    <testcase classname="ds.glmSummary_smk_poisson" name="simple_glmSummary_poisson" time="0.00199999999995271"/>
    <testcase classname="ds.glmSummary_smk_poisson" name="simple_glmSummary_poisson" time="0.000999999999976353"/>
    <testcase classname="ds.glmSummary_smk_poisson" name="simple_glmSummary_poisson" time="0.00200000000018008"/>
    <testcase classname="ds.glmSummary_smk_poisson" name="simple_glmSummary_poisson" time="0.00199999999995271"/>
  </testsuite>
  <testsuite errors="0" failures="0" hostname="fv-az14" name="ds.glmSummary::smk::shutdown" skipped="0" tests="3" time="0.275" timestamp="2020-09-12T14:56:56Z">
    <testcase classname="ds.glmSummary_smk_shutdown" name="shutdown" time="0.272999999999911"/>
    <testcase classname="ds.glmSummary_smk_shutdown" name="shutdown" time="0.000999999999976353"/>
    <testcase classname="ds.glmSummary_smk_shutdown" name="shutdown" time="0.000999999999976353"/>
  </testsuite>
  <testsuite errors="0" failures="0" hostname="fv-az14" name="ds.glmSummary::smk::done" skipped="0" tests="0" time="0" timestamp="2020-09-12T14:56:57Z"/>
  <testsuite errors="0" failures="0" hostname="fv-az14" name="ds.isNA::smk::setup" skipped="0" tests="3" time="5.327" timestamp="2020-09-12T14:56:57Z">
    <testcase classname="ds.isNA_smk_setup" name="setup" time="5.32400000000007"/>
    <testcase classname="ds.isNA_smk_setup" name="setup" time="0.00199999999995271"/>
    <testcase classname="ds.isNA_smk_setup" name="setup" time="0.000999999999976353"/>
  </testsuite>
  <testsuite errors="0" failures="0" hostname="fv-az14" name="ds.isNA::smk" skipped="0" tests="3" time="1.702" timestamp="2020-09-12T14:57:01Z">
    <testcase classname="ds.isNA_smk" name="isNA" time="1.69900000000007"/>
    <testcase classname="ds.isNA_smk" name="isNA" time="0.00199999999995271"/>
    <testcase classname="ds.isNA_smk" name="isNA" time="0.000999999999976353"/>
  </testsuite>
  <testsuite errors="0" failures="0" hostname="fv-az14" name="ds.isNA::smk::shutdown" skipped="0" tests="3" time="0.285" timestamp="2020-09-12T14:57:03Z">
    <testcase classname="ds.isNA_smk_shutdown" name="shutdown" time="0.283000000000129"/>
    <testcase classname="ds.isNA_smk_shutdown" name="shutdown" time="0.000999999999976353"/>
    <testcase classname="ds.isNA_smk_shutdown" name="shutdown" time="0.000999999999976353"/>
  </testsuite>
  <testsuite errors="0" failures="0" hostname="fv-az14" name="ds.isNA::smk::done" skipped="0" tests="0" time="0" timestamp="2020-09-12T14:57:04Z"/>
  <testsuite errors="0" failures="0" hostname="fv-az14" name="ds.isValid::smk::setup" skipped="0" tests="3" time="5.249" timestamp="2020-09-12T14:57:04Z">
    <testcase classname="ds.isValid_smk_setup" name="setup" time="5.24700000000007"/>
    <testcase classname="ds.isValid_smk_setup" name="setup" time="0.000999999999976353"/>
    <testcase classname="ds.isValid_smk_setup" name="setup" time="0.000999999999976353"/>
  </testsuite>
  <testsuite errors="0" failures="0" hostname="fv-az14" name="ds.isValid::smk" skipped="0" tests="7" time="1.222" timestamp="2020-09-12T14:57:08Z">
    <testcase classname="ds.isValid_smk" name="isValid" time="1.21399999999994"/>
    <testcase classname="ds.isValid_smk" name="isValid" time="0.00199999999995271"/>
    <testcase classname="ds.isValid_smk" name="isValid" time="0.00100000000020373"/>
    <testcase classname="ds.isValid_smk" name="isValid" time="0.000999999999976353"/>
    <testcase classname="ds.isValid_smk" name="isValid" time="0.000999999999976353"/>
    <testcase classname="ds.isValid_smk" name="isValid" time="0.000999999999976353"/>
    <testcase classname="ds.isValid_smk" name="isValid" time="0.00199999999995271"/>
  </testsuite>
  <testsuite errors="0" failures="0" hostname="fv-az14" name="ds.isValid::smk::shutdown" skipped="0" tests="3" time="0.277" timestamp="2020-09-12T14:57:10Z">
    <testcase classname="ds.isValid_smk_shutdown" name="shutdown" time="0.274000000000115"/>
    <testcase classname="ds.isValid_smk_shutdown" name="shutdown" time="0.00199999999995271"/>
    <testcase classname="ds.isValid_smk_shutdown" name="shutdown" time="0.000999999999976353"/>
  </testsuite>
  <testsuite errors="0" failures="0" hostname="fv-az14" name="ds.isValid::smk::done" skipped="0" tests="0" time="0" timestamp="2020-09-12T14:57:11Z"/>
  <testsuite errors="0" failures="0" hostname="fv-az14" name="ds.kurtosis::smk::setup" skipped="0" tests="3" time="5.299" timestamp="2020-09-12T14:57:11Z">
    <testcase classname="ds.kurtosis_smk_setup" name="setup" time="5.29600000000005"/>
    <testcase classname="ds.kurtosis_smk_setup" name="setup" time="0.00199999999995271"/>
    <testcase classname="ds.kurtosis_smk_setup" name="setup" time="0.000999999999976353"/>
  </testsuite>
  <testsuite errors="0" failures="0" hostname="fv-az14" name="ds.kurtosis::smk::method 1::split" skipped="0" tests="70" time="6.253" timestamp="2020-09-12T14:57:15Z">
    <testcase classname="ds.kurtosis_smk_method_1_split" name="simple_kurtosis_method_1_split_on_LAB_TSC" time="1.2059999999999"/>
    <testcase classname="ds.kurtosis_smk_method_1_split" name="simple_kurtosis_method_1_split_on_LAB_TSC" time="0.00200000000018008"/>
    <testcase classname="ds.kurtosis_smk_method_1_split" name="simple_kurtosis_method_1_split_on_LAB_TSC" time="0.000999999999976353"/>
    <testcase classname="ds.kurtosis_smk_method_1_split" name="simple_kurtosis_method_1_split_on_LAB_TSC" time="0.000999999999976353"/>
    <testcase classname="ds.kurtosis_smk_method_1_split" name="simple_kurtosis_method_1_split_on_LAB_TSC" time="0.000999999999976353"/>
    <testcase classname="ds.kurtosis_smk_method_1_split" name="simple_kurtosis_method_1_split_on_LAB_TSC" time="0.00199999999995271"/>
    <testcase classname="ds.kurtosis_smk_method_1_split" name="simple_kurtosis_method_1_split_on_LAB_TSC" time="0.000999999999976353"/>
    <testcase classname="ds.kurtosis_smk_method_1_split" name="simple_kurtosis_method_1_split_on_LAB_TSC" time="0.000999999999976353"/>
    <testcase classname="ds.kurtosis_smk_method_1_split" name="simple_kurtosis_method_1_split_on_LAB_TSC" time="0.000999999999976353"/>
    <testcase classname="ds.kurtosis_smk_method_1_split" name="simple_kurtosis_method_1_split_on_LAB_TSC" time="0.00200000000018008"/>
    <testcase classname="ds.kurtosis_smk_method_1_split" name="simple_kurtosis_method_1_split_on_LAB_TSC" time="0.000999999999976353"/>
    <testcase classname="ds.kurtosis_smk_method_1_split" name="simple_kurtosis_method_1_split_on_LAB_TSC" time="0.000999999999976353"/>
    <testcase classname="ds.kurtosis_smk_method_1_split" name="simple_kurtosis_method_1_split_on_LAB_TSC" time="0.00199999999995271"/>
    <testcase classname="ds.kurtosis_smk_method_1_split" name="simple_kurtosis_method_1_split_on_LAB_TSC" time="0.000999999999976353"/>
    <testcase classname="ds.kurtosis_smk_method_1_split" name="simple_kurtosis_method_1_split_on_LAB_TRIG" time="1.20499999999993"/>
    <testcase classname="ds.kurtosis_smk_method_1_split" name="simple_kurtosis_method_1_split_on_LAB_TRIG" time="0.00100000000020373"/>
    <testcase classname="ds.kurtosis_smk_method_1_split" name="simple_kurtosis_method_1_split_on_LAB_TRIG" time="0.0109999999999673"/>
    <testcase classname="ds.kurtosis_smk_method_1_split" name="simple_kurtosis_method_1_split_on_LAB_TRIG" time="0.00199999999995271"/>
    <testcase classname="ds.kurtosis_smk_method_1_split" name="simple_kurtosis_method_1_split_on_LAB_TRIG" time="0.000999999999976353"/>
    <testcase classname="ds.kurtosis_smk_method_1_split" name="simple_kurtosis_method_1_split_on_LAB_TRIG" time="0.000999999999976353"/>
    <testcase classname="ds.kurtosis_smk_method_1_split" name="simple_kurtosis_method_1_split_on_LAB_TRIG" time="0.00199999999995271"/>
    <testcase classname="ds.kurtosis_smk_method_1_split" name="simple_kurtosis_method_1_split_on_LAB_TRIG" time="0.000999999999976353"/>
    <testcase classname="ds.kurtosis_smk_method_1_split" name="simple_kurtosis_method_1_split_on_LAB_TRIG" time="0.00200000000018008"/>
    <testcase classname="ds.kurtosis_smk_method_1_split" name="simple_kurtosis_method_1_split_on_LAB_TRIG" time="0.000999999999976353"/>
    <testcase classname="ds.kurtosis_smk_method_1_split" name="simple_kurtosis_method_1_split_on_LAB_TRIG" time="0.00199999999995271"/>
    <testcase classname="ds.kurtosis_smk_method_1_split" name="simple_kurtosis_method_1_split_on_LAB_TRIG" time="0.000999999999976353"/>
    <testcase classname="ds.kurtosis_smk_method_1_split" name="simple_kurtosis_method_1_split_on_LAB_TRIG" time="0.00199999999995271"/>
    <testcase classname="ds.kurtosis_smk_method_1_split" name="simple_kurtosis_method_1_split_on_LAB_TRIG" time="0.000999999999976353"/>
    <testcase classname="ds.kurtosis_smk_method_1_split" name="simple_kurtosis_method_1_split_on_LAB_HDL" time="1.30500000000006"/>
    <testcase classname="ds.kurtosis_smk_method_1_split" name="simple_kurtosis_method_1_split_on_LAB_HDL" time="0.000999999999976353"/>
    <testcase classname="ds.kurtosis_smk_method_1_split" name="simple_kurtosis_method_1_split_on_LAB_HDL" time="0.00199999999995271"/>
    <testcase classname="ds.kurtosis_smk_method_1_split" name="simple_kurtosis_method_1_split_on_LAB_HDL" time="0.00200000000018008"/>
    <testcase classname="ds.kurtosis_smk_method_1_split" name="simple_kurtosis_method_1_split_on_LAB_HDL" time="0.000999999999976353"/>
    <testcase classname="ds.kurtosis_smk_method_1_split" name="simple_kurtosis_method_1_split_on_LAB_HDL" time="0.00199999999995271"/>
    <testcase classname="ds.kurtosis_smk_method_1_split" name="simple_kurtosis_method_1_split_on_LAB_HDL" time="0.000999999999976353"/>
    <testcase classname="ds.kurtosis_smk_method_1_split" name="simple_kurtosis_method_1_split_on_LAB_HDL" time="0.00199999999995271"/>
    <testcase classname="ds.kurtosis_smk_method_1_split" name="simple_kurtosis_method_1_split_on_LAB_HDL" time="0.000999999999976353"/>
    <testcase classname="ds.kurtosis_smk_method_1_split" name="simple_kurtosis_method_1_split_on_LAB_HDL" time="0.00200000000018008"/>
    <testcase classname="ds.kurtosis_smk_method_1_split" name="simple_kurtosis_method_1_split_on_LAB_HDL" time="0.00199999999995271"/>
    <testcase classname="ds.kurtosis_smk_method_1_split" name="simple_kurtosis_method_1_split_on_LAB_HDL" time="0.000999999999976353"/>
    <testcase classname="ds.kurtosis_smk_method_1_split" name="simple_kurtosis_method_1_split_on_LAB_HDL" time="0.00199999999995271"/>
    <testcase classname="ds.kurtosis_smk_method_1_split" name="simple_kurtosis_method_1_split_on_LAB_HDL" time="0.00199999999995271"/>
    <testcase classname="ds.kurtosis_smk_method_1_split" name="simple_kurtosis_method_1_split_on_LAB_GLUC_ADJUSTED" time="1.21500000000015"/>
    <testcase classname="ds.kurtosis_smk_method_1_split" name="simple_kurtosis_method_1_split_on_LAB_GLUC_ADJUSTED" time="0.00199999999995271"/>
    <testcase classname="ds.kurtosis_smk_method_1_split" name="simple_kurtosis_method_1_split_on_LAB_GLUC_ADJUSTED" time="0.00199999999995271"/>
    <testcase classname="ds.kurtosis_smk_method_1_split" name="simple_kurtosis_method_1_split_on_LAB_GLUC_ADJUSTED" time="0.000999999999976353"/>
    <testcase classname="ds.kurtosis_smk_method_1_split" name="simple_kurtosis_method_1_split_on_LAB_GLUC_ADJUSTED" time="0.00199999999995271"/>
    <testcase classname="ds.kurtosis_smk_method_1_split" name="simple_kurtosis_method_1_split_on_LAB_GLUC_ADJUSTED" time="0.00200000000018008"/>
    <testcase classname="ds.kurtosis_smk_method_1_split" name="simple_kurtosis_method_1_split_on_LAB_GLUC_ADJUSTED" time="0.00199999999995271"/>
    <testcase classname="ds.kurtosis_smk_method_1_split" name="simple_kurtosis_method_1_split_on_LAB_GLUC_ADJUSTED" time="0.000999999999976353"/>
    <testcase classname="ds.kurtosis_smk_method_1_split" name="simple_kurtosis_method_1_split_on_LAB_GLUC_ADJUSTED" time="0.00199999999995271"/>
    <testcase classname="ds.kurtosis_smk_method_1_split" name="simple_kurtosis_method_1_split_on_LAB_GLUC_ADJUSTED" time="0.00199999999995271"/>
    <testcase classname="ds.kurtosis_smk_method_1_split" name="simple_kurtosis_method_1_split_on_LAB_GLUC_ADJUSTED" time="0.00300000000015643"/>
    <testcase classname="ds.kurtosis_smk_method_1_split" name="simple_kurtosis_method_1_split_on_LAB_GLUC_ADJUSTED" time="0.000999999999976353"/>
    <testcase classname="ds.kurtosis_smk_method_1_split" name="simple_kurtosis_method_1_split_on_LAB_GLUC_ADJUSTED" time="0.00299999999992906"/>
    <testcase classname="ds.kurtosis_smk_method_1_split" name="simple_kurtosis_method_1_split_on_LAB_GLUC_ADJUSTED" time="0.00199999999995271"/>
    <testcase classname="ds.kurtosis_smk_method_1_split" name="simple_kurtosis_method_1_split_on_PM_BMI_CONTINUOUS" time="1.20500000000015"/>
    <testcase classname="ds.kurtosis_smk_method_1_split" name="simple_kurtosis_method_1_split_on_PM_BMI_CONTINUOUS" time="0.00199999999995271"/>
    <testcase classname="ds.kurtosis_smk_method_1_split" name="simple_kurtosis_method_1_split_on_PM_BMI_CONTINUOUS" time="0.00199999999995271"/>
    <testcase classname="ds.kurtosis_smk_method_1_split" name="simple_kurtosis_method_1_split_on_PM_BMI_CONTINUOUS" time="0.00199999999995271"/>
    <testcase classname="ds.kurtosis_smk_method_1_split" name="simple_kurtosis_method_1_split_on_PM_BMI_CONTINUOUS" time="0.00199999999995271"/>
    <testcase classname="ds.kurtosis_smk_method_1_split" name="simple_kurtosis_method_1_split_on_PM_BMI_CONTINUOUS" time="0.00200000000018008"/>
    <testcase classname="ds.kurtosis_smk_method_1_split" name="simple_kurtosis_method_1_split_on_PM_BMI_CONTINUOUS" time="0.00199999999995271"/>
    <testcase classname="ds.kurtosis_smk_method_1_split" name="simple_kurtosis_method_1_split_on_PM_BMI_CONTINUOUS" time="0.00199999999995271"/>
    <testcase classname="ds.kurtosis_smk_method_1_split" name="simple_kurtosis_method_1_split_on_PM_BMI_CONTINUOUS" time="0.00199999999995271"/>
    <testcase classname="ds.kurtosis_smk_method_1_split" name="simple_kurtosis_method_1_split_on_PM_BMI_CONTINUOUS" time="0.000999999999976353"/>
    <testcase classname="ds.kurtosis_smk_method_1_split" name="simple_kurtosis_method_1_split_on_PM_BMI_CONTINUOUS" time="0.00200000000018008"/>
    <testcase classname="ds.kurtosis_smk_method_1_split" name="simple_kurtosis_method_1_split_on_PM_BMI_CONTINUOUS" time="0.00299999999992906"/>
    <testcase classname="ds.kurtosis_smk_method_1_split" name="simple_kurtosis_method_1_split_on_PM_BMI_CONTINUOUS" time="0.00199999999995271"/>
    <testcase classname="ds.kurtosis_smk_method_1_split" name="simple_kurtosis_method_1_split_on_PM_BMI_CONTINUOUS" time="0.00199999999995271"/>
  </testsuite>
  <testsuite errors="0" failures="0" hostname="fv-az14" name="ds.kurtosis::smk::method 1::combine" skipped="0" tests="40" time="7.414" timestamp="2020-09-12T14:57:21Z">
    <testcase classname="ds.kurtosis_smk_method_1_combine" name="simple_kurtosis_combine_on_LAB_TSC" time="1.47700000000009"/>
    <testcase classname="ds.kurtosis_smk_method_1_combine" name="simple_kurtosis_combine_on_LAB_TSC" time="0.000999999999976353"/>
    <testcase classname="ds.kurtosis_smk_method_1_combine" name="simple_kurtosis_combine_on_LAB_TSC" time="0.000999999999976353"/>
    <testcase classname="ds.kurtosis_smk_method_1_combine" name="simple_kurtosis_combine_on_LAB_TSC" time="0.00199999999995271"/>
    <testcase classname="ds.kurtosis_smk_method_1_combine" name="simple_kurtosis_combine_on_LAB_TSC" time="0.000999999999976353"/>
    <testcase classname="ds.kurtosis_smk_method_1_combine" name="simple_kurtosis_combine_on_LAB_TSC" time="0.00100000000020373"/>
    <testcase classname="ds.kurtosis_smk_method_1_combine" name="simple_kurtosis_combine_on_LAB_TSC" time="0.000999999999976353"/>
    <testcase classname="ds.kurtosis_smk_method_1_combine" name="simple_kurtosis_combine_on_LAB_TSC" time="0.00199999999995271"/>
    <testcase classname="ds.kurtosis_smk_method_1_combine" name="simple_kurtosis_method_1_combine_on_LAB_TRIG" time="1.46900000000005"/>
    <testcase classname="ds.kurtosis_smk_method_1_combine" name="simple_kurtosis_method_1_combine_on_LAB_TRIG" time="0.000999999999976353"/>
    <testcase classname="ds.kurtosis_smk_method_1_combine" name="simple_kurtosis_method_1_combine_on_LAB_TRIG" time="0.00199999999995271"/>
    <testcase classname="ds.kurtosis_smk_method_1_combine" name="simple_kurtosis_method_1_combine_on_LAB_TRIG" time="0.000999999999976353"/>
    <testcase classname="ds.kurtosis_smk_method_1_combine" name="simple_kurtosis_method_1_combine_on_LAB_TRIG" time="0.000999999999976353"/>
    <testcase classname="ds.kurtosis_smk_method_1_combine" name="simple_kurtosis_method_1_combine_on_LAB_TRIG" time="0.00999999999999091"/>
    <testcase classname="ds.kurtosis_smk_method_1_combine" name="simple_kurtosis_method_1_combine_on_LAB_TRIG" time="0.00199999999995271"/>
    <testcase classname="ds.kurtosis_smk_method_1_combine" name="simple_kurtosis_method_1_combine_on_LAB_TRIG" time="0.000999999999976353"/>
    <testcase classname="ds.kurtosis_smk_method_1_combine" name="simple_kurtosis_method_1_combine_on_LAB_HDL" time="1.47300000000018"/>
    <testcase classname="ds.kurtosis_smk_method_1_combine" name="simple_kurtosis_method_1_combine_on_LAB_HDL" time="0.00199999999995271"/>
    <testcase classname="ds.kurtosis_smk_method_1_combine" name="simple_kurtosis_method_1_combine_on_LAB_HDL" time="0.000999999999976353"/>
    <testcase classname="ds.kurtosis_smk_method_1_combine" name="simple_kurtosis_method_1_combine_on_LAB_HDL" time="0.00199999999995271"/>
    <testcase classname="ds.kurtosis_smk_method_1_combine" name="simple_kurtosis_method_1_combine_on_LAB_HDL" time="0.000999999999976353"/>
    <testcase classname="ds.kurtosis_smk_method_1_combine" name="simple_kurtosis_method_1_combine_on_LAB_HDL" time="0.00200000000018008"/>
    <testcase classname="ds.kurtosis_smk_method_1_combine" name="simple_kurtosis_method_1_combine_on_LAB_HDL" time="0.000999999999976353"/>
    <testcase classname="ds.kurtosis_smk_method_1_combine" name="simple_kurtosis_method_1_combine_on_LAB_HDL" time="0.00199999999995271"/>
    <testcase classname="ds.kurtosis_smk_method_1_combine" name="simple_kurtosis_method_1_combine_on_LAB_GLUC_ADJUSTED" time="1.46100000000001"/>
    <testcase classname="ds.kurtosis_smk_method_1_combine" name="simple_kurtosis_method_1_combine_on_LAB_GLUC_ADJUSTED" time="0.000999999999976353"/>
    <testcase classname="ds.kurtosis_smk_method_1_combine" name="simple_kurtosis_method_1_combine_on_LAB_GLUC_ADJUSTED" time="0.00199999999995271"/>
    <testcase classname="ds.kurtosis_smk_method_1_combine" name="simple_kurtosis_method_1_combine_on_LAB_GLUC_ADJUSTED" time="0.000999999999976353"/>
    <testcase classname="ds.kurtosis_smk_method_1_combine" name="simple_kurtosis_method_1_combine_on_LAB_GLUC_ADJUSTED" time="0.00199999999995271"/>
    <testcase classname="ds.kurtosis_smk_method_1_combine" name="simple_kurtosis_method_1_combine_on_LAB_GLUC_ADJUSTED" time="0.00200000000018008"/>
    <testcase classname="ds.kurtosis_smk_method_1_combine" name="simple_kurtosis_method_1_combine_on_LAB_GLUC_ADJUSTED" time="0.000999999999976353"/>
    <testcase classname="ds.kurtosis_smk_method_1_combine" name="simple_kurtosis_method_1_combine_on_LAB_GLUC_ADJUSTED" time="0.00199999999995271"/>
    <testcase classname="ds.kurtosis_smk_method_1_combine" name="simple_kurtosis_method_1_combine_on_PM_BMI_CONTINUOUS" time="1.47299999999996"/>
    <testcase classname="ds.kurtosis_smk_method_1_combine" name="simple_kurtosis_method_1_combine_on_PM_BMI_CONTINUOUS" time="0.00199999999995271"/>
    <testcase classname="ds.kurtosis_smk_method_1_combine" name="simple_kurtosis_method_1_combine_on_PM_BMI_CONTINUOUS" time="0.000999999999976353"/>
    <testcase classname="ds.kurtosis_smk_method_1_combine" name="simple_kurtosis_method_1_combine_on_PM_BMI_CONTINUOUS" time="0.00200000000018008"/>
    <testcase classname="ds.kurtosis_smk_method_1_combine" name="simple_kurtosis_method_1_combine_on_PM_BMI_CONTINUOUS" time="0.00199999999995271"/>
    <testcase classname="ds.kurtosis_smk_method_1_combine" name="simple_kurtosis_method_1_combine_on_PM_BMI_CONTINUOUS" time="0.000999999999976353"/>
    <testcase classname="ds.kurtosis_smk_method_1_combine" name="simple_kurtosis_method_1_combine_on_PM_BMI_CONTINUOUS" time="0.00199999999995271"/>
    <testcase classname="ds.kurtosis_smk_method_1_combine" name="simple_kurtosis_method_1_combine_on_PM_BMI_CONTINUOUS" time="0.00199999999995271"/>
  </testsuite>
  <testsuite errors="0" failures="0" hostname="fv-az14" name="ds.kurtosis::smk::method 1::both" skipped="0" tests="110" time="8.939" timestamp="2020-09-12T14:57:29Z">
    <testcase classname="ds.kurtosis_smk_method_1_both" name="simple_kurtosis_both_on_LAB_TSC" time="1.74000000000001"/>
    <testcase classname="ds.kurtosis_smk_method_1_both" name="simple_kurtosis_both_on_LAB_TSC" time="0.00200000000018008"/>
    <testcase classname="ds.kurtosis_smk_method_1_both" name="simple_kurtosis_both_on_LAB_TSC" time="0.000999999999976353"/>
    <testcase classname="ds.kurtosis_smk_method_1_both" name="simple_kurtosis_both_on_LAB_TSC" time="0.000999999999976353"/>
    <testcase classname="ds.kurtosis_smk_method_1_both" name="simple_kurtosis_both_on_LAB_TSC" time="0.00199999999995271"/>
    <testcase classname="ds.kurtosis_smk_method_1_both" name="simple_kurtosis_both_on_LAB_TSC" time="0.000999999999976353"/>
    <testcase classname="ds.kurtosis_smk_method_1_both" name="simple_kurtosis_both_on_LAB_TSC" time="0.00199999999995271"/>
    <testcase classname="ds.kurtosis_smk_method_1_both" name="simple_kurtosis_both_on_LAB_TSC" time="0.00199999999995271"/>
    <testcase classname="ds.kurtosis_smk_method_1_both" name="simple_kurtosis_both_on_LAB_TSC" time="0.00100000000020373"/>
    <testcase classname="ds.kurtosis_smk_method_1_both" name="simple_kurtosis_both_on_LAB_TSC" time="0.00199999999995271"/>
    <testcase classname="ds.kurtosis_smk_method_1_both" name="simple_kurtosis_both_on_LAB_TSC" time="0.00199999999995271"/>
    <testcase classname="ds.kurtosis_smk_method_1_both" name="simple_kurtosis_both_on_LAB_TSC" time="0.00199999999995271"/>
    <testcase classname="ds.kurtosis_smk_method_1_both" name="simple_kurtosis_both_on_LAB_TSC" time="0.000999999999976353"/>
    <testcase classname="ds.kurtosis_smk_method_1_both" name="simple_kurtosis_both_on_LAB_TSC" time="0.00199999999995271"/>
    <testcase classname="ds.kurtosis_smk_method_1_both" name="simple_kurtosis_both_on_LAB_TSC" time="0.00200000000018008"/>
    <testcase classname="ds.kurtosis_smk_method_1_both" name="simple_kurtosis_both_on_LAB_TSC" time="0.00199999999995271"/>
    <testcase classname="ds.kurtosis_smk_method_1_both" name="simple_kurtosis_both_on_LAB_TSC" time="0.000999999999976353"/>
    <testcase classname="ds.kurtosis_smk_method_1_both" name="simple_kurtosis_both_on_LAB_TSC" time="0.00199999999995271"/>
    <testcase classname="ds.kurtosis_smk_method_1_both" name="simple_kurtosis_both_on_LAB_TSC" time="0.00199999999995271"/>
    <testcase classname="ds.kurtosis_smk_method_1_both" name="simple_kurtosis_both_on_LAB_TSC" time="0.00200000000018008"/>
    <testcase classname="ds.kurtosis_smk_method_1_both" name="simple_kurtosis_both_on_LAB_TSC" time="0.00199999999995271"/>
    <testcase classname="ds.kurtosis_smk_method_1_both" name="simple_kurtosis_both_on_LAB_TSC" time="0.00199999999995271"/>
    <testcase classname="ds.kurtosis_smk_method_1_both" name="simple_kurtosis_method_1_both_on_LAB_TRIG" time="1.73700000000008"/>
    <testcase classname="ds.kurtosis_smk_method_1_both" name="simple_kurtosis_method_1_both_on_LAB_TRIG" time="0.00199999999995271"/>
    <testcase classname="ds.kurtosis_smk_method_1_both" name="simple_kurtosis_method_1_both_on_LAB_TRIG" time="0.000999999999976353"/>
    <testcase classname="ds.kurtosis_smk_method_1_both" name="simple_kurtosis_method_1_both_on_LAB_TRIG" time="0.000999999999976353"/>
    <testcase classname="ds.kurtosis_smk_method_1_both" name="simple_kurtosis_method_1_both_on_LAB_TRIG" time="0.00199999999995271"/>
    <testcase classname="ds.kurtosis_smk_method_1_both" name="simple_kurtosis_method_1_both_on_LAB_TRIG" time="0.00200000000018008"/>
    <testcase classname="ds.kurtosis_smk_method_1_both" name="simple_kurtosis_method_1_both_on_LAB_TRIG" time="0.000999999999976353"/>
    <testcase classname="ds.kurtosis_smk_method_1_both" name="simple_kurtosis_method_1_both_on_LAB_TRIG" time="0.000999999999976353"/>
    <testcase classname="ds.kurtosis_smk_method_1_both" name="simple_kurtosis_method_1_both_on_LAB_TRIG" time="0.00199999999995271"/>
    <testcase classname="ds.kurtosis_smk_method_1_both" name="simple_kurtosis_method_1_both_on_LAB_TRIG" time="0.00199999999995271"/>
    <testcase classname="ds.kurtosis_smk_method_1_both" name="simple_kurtosis_method_1_both_on_LAB_TRIG" time="0.000999999999976353"/>
    <testcase classname="ds.kurtosis_smk_method_1_both" name="simple_kurtosis_method_1_both_on_LAB_TRIG" time="0.00199999999995271"/>
    <testcase classname="ds.kurtosis_smk_method_1_both" name="simple_kurtosis_method_1_both_on_LAB_TRIG" time="0.00100000000020373"/>
    <testcase classname="ds.kurtosis_smk_method_1_both" name="simple_kurtosis_method_1_both_on_LAB_TRIG" time="0.00199999999995271"/>
    <testcase classname="ds.kurtosis_smk_method_1_both" name="simple_kurtosis_method_1_both_on_LAB_TRIG" time="0.00199999999995271"/>
    <testcase classname="ds.kurtosis_smk_method_1_both" name="simple_kurtosis_method_1_both_on_LAB_TRIG" time="0.000999999999976353"/>
    <testcase classname="ds.kurtosis_smk_method_1_both" name="simple_kurtosis_method_1_both_on_LAB_TRIG" time="0.00199999999995271"/>
    <testcase classname="ds.kurtosis_smk_method_1_both" name="simple_kurtosis_method_1_both_on_LAB_TRIG" time="0.000999999999976353"/>
    <testcase classname="ds.kurtosis_smk_method_1_both" name="simple_kurtosis_method_1_both_on_LAB_TRIG" time="0.00200000000018008"/>
    <testcase classname="ds.kurtosis_smk_method_1_both" name="simple_kurtosis_method_1_both_on_LAB_TRIG" time="0.00199999999995271"/>
    <testcase classname="ds.kurtosis_smk_method_1_both" name="simple_kurtosis_method_1_both_on_LAB_TRIG" time="0.00199999999995271"/>
    <testcase classname="ds.kurtosis_smk_method_1_both" name="simple_kurtosis_method_1_both_on_LAB_TRIG" time="0.000999999999976353"/>
    <testcase classname="ds.kurtosis_smk_method_1_both" name="simple_kurtosis_method_1_both_on_LAB_HDL" time="1.7360000000001"/>
    <testcase classname="ds.kurtosis_smk_method_1_both" name="simple_kurtosis_method_1_both_on_LAB_HDL" time="0.00199999999995271"/>
    <testcase classname="ds.kurtosis_smk_method_1_both" name="simple_kurtosis_method_1_both_on_LAB_HDL" time="0.00999999999999091"/>
    <testcase classname="ds.kurtosis_smk_method_1_both" name="simple_kurtosis_method_1_both_on_LAB_HDL" time="0.00199999999995271"/>
    <testcase classname="ds.kurtosis_smk_method_1_both" name="simple_kurtosis_method_1_both_on_LAB_HDL" time="0.00199999999995271"/>
    <testcase classname="ds.kurtosis_smk_method_1_both" name="simple_kurtosis_method_1_both_on_LAB_HDL" time="0.000999999999976353"/>
    <testcase classname="ds.kurtosis_smk_method_1_both" name="simple_kurtosis_method_1_both_on_LAB_HDL" time="0.00200000000018008"/>
    <testcase classname="ds.kurtosis_smk_method_1_both" name="simple_kurtosis_method_1_both_on_LAB_HDL" time="0.00199999999995271"/>
    <testcase classname="ds.kurtosis_smk_method_1_both" name="simple_kurtosis_method_1_both_on_LAB_HDL" time="0.00199999999995271"/>
    <testcase classname="ds.kurtosis_smk_method_1_both" name="simple_kurtosis_method_1_both_on_LAB_HDL" time="0.00199999999995271"/>
    <testcase classname="ds.kurtosis_smk_method_1_both" name="simple_kurtosis_method_1_both_on_LAB_HDL" time="0.00199999999995271"/>
    <testcase classname="ds.kurtosis_smk_method_1_both" name="simple_kurtosis_method_1_both_on_LAB_HDL" time="0.00200000000018008"/>
    <testcase classname="ds.kurtosis_smk_method_1_both" name="simple_kurtosis_method_1_both_on_LAB_HDL" time="0.00199999999995271"/>
    <testcase classname="ds.kurtosis_smk_method_1_both" name="simple_kurtosis_method_1_both_on_LAB_HDL" time="0.00199999999995271"/>
    <testcase classname="ds.kurtosis_smk_method_1_both" name="simple_kurtosis_method_1_both_on_LAB_HDL" time="0.00199999999995271"/>
    <testcase classname="ds.kurtosis_smk_method_1_both" name="simple_kurtosis_method_1_both_on_LAB_HDL" time="0.00200000000018008"/>
    <testcase classname="ds.kurtosis_smk_method_1_both" name="simple_kurtosis_method_1_both_on_LAB_HDL" time="0.00199999999995271"/>
    <testcase classname="ds.kurtosis_smk_method_1_both" name="simple_kurtosis_method_1_both_on_LAB_HDL" time="0.00199999999995271"/>
    <testcase classname="ds.kurtosis_smk_method_1_both" name="simple_kurtosis_method_1_both_on_LAB_HDL" time="0.00199999999995271"/>
    <testcase classname="ds.kurtosis_smk_method_1_both" name="simple_kurtosis_method_1_both_on_LAB_HDL" time="0.00199999999995271"/>
    <testcase classname="ds.kurtosis_smk_method_1_both" name="simple_kurtosis_method_1_both_on_LAB_HDL" time="0.00200000000018008"/>
    <testcase classname="ds.kurtosis_smk_method_1_both" name="simple_kurtosis_method_1_both_on_LAB_HDL" time="0.00199999999995271"/>
    <testcase classname="ds.kurtosis_smk_method_1_both" name="simple_kurtosis_method_1_both_on_LAB_GLUC_ADJUSTED" time="1.74000000000001"/>
    <testcase classname="ds.kurtosis_smk_method_1_both" name="simple_kurtosis_method_1_both_on_LAB_GLUC_ADJUSTED" time="0.00199999999995271"/>
    <testcase classname="ds.kurtosis_smk_method_1_both" name="simple_kurtosis_method_1_both_on_LAB_GLUC_ADJUSTED" time="0.00199999999995271"/>
    <testcase classname="ds.kurtosis_smk_method_1_both" name="simple_kurtosis_method_1_both_on_LAB_GLUC_ADJUSTED" time="0.00299999999992906"/>
    <testcase classname="ds.kurtosis_smk_method_1_both" name="simple_kurtosis_method_1_both_on_LAB_GLUC_ADJUSTED" time="0.00200000000018008"/>
    <testcase classname="ds.kurtosis_smk_method_1_both" name="simple_kurtosis_method_1_both_on_LAB_GLUC_ADJUSTED" time="0.00299999999992906"/>
    <testcase classname="ds.kurtosis_smk_method_1_both" name="simple_kurtosis_method_1_both_on_LAB_GLUC_ADJUSTED" time="0.00199999999995271"/>
    <testcase classname="ds.kurtosis_smk_method_1_both" name="simple_kurtosis_method_1_both_on_LAB_GLUC_ADJUSTED" time="0.00300000000015643"/>
    <testcase classname="ds.kurtosis_smk_method_1_both" name="simple_kurtosis_method_1_both_on_LAB_GLUC_ADJUSTED" time="0.00299999999992906"/>
    <testcase classname="ds.kurtosis_smk_method_1_both" name="simple_kurtosis_method_1_both_on_LAB_GLUC_ADJUSTED" time="0.00299999999992906"/>
    <testcase classname="ds.kurtosis_smk_method_1_both" name="simple_kurtosis_method_1_both_on_LAB_GLUC_ADJUSTED" time="0.00199999999995271"/>
    <testcase classname="ds.kurtosis_smk_method_1_both" name="simple_kurtosis_method_1_both_on_LAB_GLUC_ADJUSTED" time="0.00300000000015643"/>
    <testcase classname="ds.kurtosis_smk_method_1_both" name="simple_kurtosis_method_1_both_on_LAB_GLUC_ADJUSTED" time="0.00299999999992906"/>
    <testcase classname="ds.kurtosis_smk_method_1_both" name="simple_kurtosis_method_1_both_on_LAB_GLUC_ADJUSTED" time="0.00299999999992906"/>
    <testcase classname="ds.kurtosis_smk_method_1_both" name="simple_kurtosis_method_1_both_on_LAB_GLUC_ADJUSTED" time="0.00300000000015643"/>
    <testcase classname="ds.kurtosis_smk_method_1_both" name="simple_kurtosis_method_1_both_on_LAB_GLUC_ADJUSTED" time="0.00299999999992906"/>
    <testcase classname="ds.kurtosis_smk_method_1_both" name="simple_kurtosis_method_1_both_on_LAB_GLUC_ADJUSTED" time="0.00299999999992906"/>
    <testcase classname="ds.kurtosis_smk_method_1_both" name="simple_kurtosis_method_1_both_on_LAB_GLUC_ADJUSTED" time="0.00300000000015643"/>
    <testcase classname="ds.kurtosis_smk_method_1_both" name="simple_kurtosis_method_1_both_on_LAB_GLUC_ADJUSTED" time="0.00299999999992906"/>
    <testcase classname="ds.kurtosis_smk_method_1_both" name="simple_kurtosis_method_1_both_on_LAB_GLUC_ADJUSTED" time="0.00299999999992906"/>
    <testcase classname="ds.kurtosis_smk_method_1_both" name="simple_kurtosis_method_1_both_on_LAB_GLUC_ADJUSTED" time="0.00299999999992906"/>
    <testcase classname="ds.kurtosis_smk_method_1_both" name="simple_kurtosis_method_1_both_on_LAB_GLUC_ADJUSTED" time="0.00300000000015643"/>
    <testcase classname="ds.kurtosis_smk_method_1_both" name="simple_kurtosis_method_1_both_on_PM_BMI_CONTINUOUS" time="1.75099999999998"/>
    <testcase classname="ds.kurtosis_smk_method_1_both" name="simple_kurtosis_method_1_both_on_PM_BMI_CONTINUOUS" time="0.00199999999995271"/>
    <testcase classname="ds.kurtosis_smk_method_1_both" name="simple_kurtosis_method_1_both_on_PM_BMI_CONTINUOUS" time="0.00199999999995271"/>
    <testcase classname="ds.kurtosis_smk_method_1_both" name="simple_kurtosis_method_1_both_on_PM_BMI_CONTINUOUS" time="0.00199999999995271"/>
    <testcase classname="ds.kurtosis_smk_method_1_both" name="simple_kurtosis_method_1_both_on_PM_BMI_CONTINUOUS" time="0.00300000000015643"/>
    <testcase classname="ds.kurtosis_smk_method_1_both" name="simple_kurtosis_method_1_both_on_PM_BMI_CONTINUOUS" time="0.00199999999995271"/>
    <testcase classname="ds.kurtosis_smk_method_1_both" name="simple_kurtosis_method_1_both_on_PM_BMI_CONTINUOUS" time="0.00299999999992906"/>
    <testcase classname="ds.kurtosis_smk_method_1_both" name="simple_kurtosis_method_1_both_on_PM_BMI_CONTINUOUS" time="0.00200000000018008"/>
    <testcase classname="ds.kurtosis_smk_method_1_both" name="simple_kurtosis_method_1_both_on_PM_BMI_CONTINUOUS" time="0.00199999999995271"/>
    <testcase classname="ds.kurtosis_smk_method_1_both" name="simple_kurtosis_method_1_both_on_PM_BMI_CONTINUOUS" time="0.00299999999992906"/>
    <testcase classname="ds.kurtosis_smk_method_1_both" name="simple_kurtosis_method_1_both_on_PM_BMI_CONTINUOUS" time="0.00199999999995271"/>
    <testcase classname="ds.kurtosis_smk_method_1_both" name="simple_kurtosis_method_1_both_on_PM_BMI_CONTINUOUS" time="0.00199999999995271"/>
    <testcase classname="ds.kurtosis_smk_method_1_both" name="simple_kurtosis_method_1_both_on_PM_BMI_CONTINUOUS" time="0.00300000000015643"/>
    <testcase classname="ds.kurtosis_smk_method_1_both" name="simple_kurtosis_method_1_both_on_PM_BMI_CONTINUOUS" time="0.00199999999995271"/>
    <testcase classname="ds.kurtosis_smk_method_1_both" name="simple_kurtosis_method_1_both_on_PM_BMI_CONTINUOUS" time="0.00299999999992906"/>
    <testcase classname="ds.kurtosis_smk_method_1_both" name="simple_kurtosis_method_1_both_on_PM_BMI_CONTINUOUS" time="0.00200000000018008"/>
    <testcase classname="ds.kurtosis_smk_method_1_both" name="simple_kurtosis_method_1_both_on_PM_BMI_CONTINUOUS" time="0.00299999999992906"/>
    <testcase classname="ds.kurtosis_smk_method_1_both" name="simple_kurtosis_method_1_both_on_PM_BMI_CONTINUOUS" time="0.00199999999995271"/>
    <testcase classname="ds.kurtosis_smk_method_1_both" name="simple_kurtosis_method_1_both_on_PM_BMI_CONTINUOUS" time="0.00299999999992906"/>
    <testcase classname="ds.kurtosis_smk_method_1_both" name="simple_kurtosis_method_1_both_on_PM_BMI_CONTINUOUS" time="0.00999999999999091"/>
    <testcase classname="ds.kurtosis_smk_method_1_both" name="simple_kurtosis_method_1_both_on_PM_BMI_CONTINUOUS" time="0.00300000000015643"/>
    <testcase classname="ds.kurtosis_smk_method_1_both" name="simple_kurtosis_method_1_both_on_PM_BMI_CONTINUOUS" time="0.00299999999992906"/>
  </testsuite>
  <testsuite errors="0" failures="0" hostname="fv-az14" name="ds.kurtosis::smk::method 2::split" skipped="0" tests="70" time="6.272" timestamp="2020-09-12T14:57:38Z">
    <testcase classname="ds.kurtosis_smk_method_2_split" name="simple_kurtosis_method_2_split_on_LAB_TSC" time="1.298"/>
    <testcase classname="ds.kurtosis_smk_method_2_split" name="simple_kurtosis_method_2_split_on_LAB_TSC" time="0.000999999999976353"/>
    <testcase classname="ds.kurtosis_smk_method_2_split" name="simple_kurtosis_method_2_split_on_LAB_TSC" time="0.00199999999995271"/>
    <testcase classname="ds.kurtosis_smk_method_2_split" name="simple_kurtosis_method_2_split_on_LAB_TSC" time="0.000999999999976353"/>
    <testcase classname="ds.kurtosis_smk_method_2_split" name="simple_kurtosis_method_2_split_on_LAB_TSC" time="0.00200000000018008"/>
    <testcase classname="ds.kurtosis_smk_method_2_split" name="simple_kurtosis_method_2_split_on_LAB_TSC" time="0.000999999999976353"/>
    <testcase classname="ds.kurtosis_smk_method_2_split" name="simple_kurtosis_method_2_split_on_LAB_TSC" time="0.000999999999976353"/>
    <testcase classname="ds.kurtosis_smk_method_2_split" name="simple_kurtosis_method_2_split_on_LAB_TSC" time="0.000999999999976353"/>
    <testcase classname="ds.kurtosis_smk_method_2_split" name="simple_kurtosis_method_2_split_on_LAB_TSC" time="0.000999999999976353"/>
    <testcase classname="ds.kurtosis_smk_method_2_split" name="simple_kurtosis_method_2_split_on_LAB_TSC" time="0.000999999999976353"/>
    <testcase classname="ds.kurtosis_smk_method_2_split" name="simple_kurtosis_method_2_split_on_LAB_TSC" time="0.00199999999995271"/>
    <testcase classname="ds.kurtosis_smk_method_2_split" name="simple_kurtosis_method_2_split_on_LAB_TSC" time="0.00100000000020373"/>
    <testcase classname="ds.kurtosis_smk_method_2_split" name="simple_kurtosis_method_2_split_on_LAB_TSC" time="0.000999999999976353"/>
    <testcase classname="ds.kurtosis_smk_method_2_split" name="simple_kurtosis_method_2_split_on_LAB_TSC" time="0.00199999999995271"/>
    <testcase classname="ds.kurtosis_smk_method_2_split" name="simple_kurtosis_method_2_split_on_LAB_TRIG" time="1.24599999999987"/>
    <testcase classname="ds.kurtosis_smk_method_2_split" name="simple_kurtosis_method_2_split_on_LAB_TRIG" time="0.00200000000018008"/>
    <testcase classname="ds.kurtosis_smk_method_2_split" name="simple_kurtosis_method_2_split_on_LAB_TRIG" time="0.000999999999976353"/>
    <testcase classname="ds.kurtosis_smk_method_2_split" name="simple_kurtosis_method_2_split_on_LAB_TRIG" time="0.00199999999995271"/>
    <testcase classname="ds.kurtosis_smk_method_2_split" name="simple_kurtosis_method_2_split_on_LAB_TRIG" time="0.000999999999976353"/>
    <testcase classname="ds.kurtosis_smk_method_2_split" name="simple_kurtosis_method_2_split_on_LAB_TRIG" time="0.00199999999995271"/>
    <testcase classname="ds.kurtosis_smk_method_2_split" name="simple_kurtosis_method_2_split_on_LAB_TRIG" time="0.000999999999976353"/>
    <testcase classname="ds.kurtosis_smk_method_2_split" name="simple_kurtosis_method_2_split_on_LAB_TRIG" time="0.000999999999976353"/>
    <testcase classname="ds.kurtosis_smk_method_2_split" name="simple_kurtosis_method_2_split_on_LAB_TRIG" time="0.00200000000018008"/>
    <testcase classname="ds.kurtosis_smk_method_2_split" name="simple_kurtosis_method_2_split_on_LAB_TRIG" time="0.000999999999976353"/>
    <testcase classname="ds.kurtosis_smk_method_2_split" name="simple_kurtosis_method_2_split_on_LAB_TRIG" time="0.00199999999995271"/>
    <testcase classname="ds.kurtosis_smk_method_2_split" name="simple_kurtosis_method_2_split_on_LAB_TRIG" time="0.000999999999976353"/>
    <testcase classname="ds.kurtosis_smk_method_2_split" name="simple_kurtosis_method_2_split_on_LAB_TRIG" time="0.000999999999976353"/>
    <testcase classname="ds.kurtosis_smk_method_2_split" name="simple_kurtosis_method_2_split_on_LAB_TRIG" time="0.000999999999976353"/>
    <testcase classname="ds.kurtosis_smk_method_2_split" name="simple_kurtosis_method_2_split_on_LAB_HDL" time="1.20800000000008"/>
    <testcase classname="ds.kurtosis_smk_method_2_split" name="simple_kurtosis_method_2_split_on_LAB_HDL" time="0.00199999999995271"/>
    <testcase classname="ds.kurtosis_smk_method_2_split" name="simple_kurtosis_method_2_split_on_LAB_HDL" time="0.000999999999976353"/>
    <testcase classname="ds.kurtosis_smk_method_2_split" name="simple_kurtosis_method_2_split_on_LAB_HDL" time="0.00200000000018008"/>
    <testcase classname="ds.kurtosis_smk_method_2_split" name="simple_kurtosis_method_2_split_on_LAB_HDL" time="0.00199999999995271"/>
    <testcase classname="ds.kurtosis_smk_method_2_split" name="simple_kurtosis_method_2_split_on_LAB_HDL" time="0.00199999999995271"/>
    <testcase classname="ds.kurtosis_smk_method_2_split" name="simple_kurtosis_method_2_split_on_LAB_HDL" time="0.000999999999976353"/>
    <testcase classname="ds.kurtosis_smk_method_2_split" name="simple_kurtosis_method_2_split_on_LAB_HDL" time="0.00199999999995271"/>
    <testcase classname="ds.kurtosis_smk_method_2_split" name="simple_kurtosis_method_2_split_on_LAB_HDL" time="0.00200000000018008"/>
    <testcase classname="ds.kurtosis_smk_method_2_split" name="simple_kurtosis_method_2_split_on_LAB_HDL" time="0.000999999999976353"/>
    <testcase classname="ds.kurtosis_smk_method_2_split" name="simple_kurtosis_method_2_split_on_LAB_HDL" time="0.00199999999995271"/>
    <testcase classname="ds.kurtosis_smk_method_2_split" name="simple_kurtosis_method_2_split_on_LAB_HDL" time="0.000999999999976353"/>
    <testcase classname="ds.kurtosis_smk_method_2_split" name="simple_kurtosis_method_2_split_on_LAB_HDL" time="0.00199999999995271"/>
    <testcase classname="ds.kurtosis_smk_method_2_split" name="simple_kurtosis_method_2_split_on_LAB_HDL" time="0.00199999999995271"/>
    <testcase classname="ds.kurtosis_smk_method_2_split" name="simple_kurtosis_method_2_split_on_LAB_GLUC_ADJUSTED" time="1.20299999999997"/>
    <testcase classname="ds.kurtosis_smk_method_2_split" name="simple_kurtosis_method_2_split_on_LAB_GLUC_ADJUSTED" time="0.00200000000018008"/>
    <testcase classname="ds.kurtosis_smk_method_2_split" name="simple_kurtosis_method_2_split_on_LAB_GLUC_ADJUSTED" time="0.00199999999995271"/>
    <testcase classname="ds.kurtosis_smk_method_2_split" name="simple_kurtosis_method_2_split_on_LAB_GLUC_ADJUSTED" time="0.00199999999995271"/>
    <testcase classname="ds.kurtosis_smk_method_2_split" name="simple_kurtosis_method_2_split_on_LAB_GLUC_ADJUSTED" time="0.00199999999995271"/>
    <testcase classname="ds.kurtosis_smk_method_2_split" name="simple_kurtosis_method_2_split_on_LAB_GLUC_ADJUSTED" time="0.00200000000018008"/>
    <testcase classname="ds.kurtosis_smk_method_2_split" name="simple_kurtosis_method_2_split_on_LAB_GLUC_ADJUSTED" time="0.00199999999995271"/>
    <testcase classname="ds.kurtosis_smk_method_2_split" name="simple_kurtosis_method_2_split_on_LAB_GLUC_ADJUSTED" time="0.000999999999976353"/>
    <testcase classname="ds.kurtosis_smk_method_2_split" name="simple_kurtosis_method_2_split_on_LAB_GLUC_ADJUSTED" time="0.00199999999995271"/>
    <testcase classname="ds.kurtosis_smk_method_2_split" name="simple_kurtosis_method_2_split_on_LAB_GLUC_ADJUSTED" time="0.00199999999995271"/>
    <testcase classname="ds.kurtosis_smk_method_2_split" name="simple_kurtosis_method_2_split_on_LAB_GLUC_ADJUSTED" time="0.00199999999995271"/>
    <testcase classname="ds.kurtosis_smk_method_2_split" name="simple_kurtosis_method_2_split_on_LAB_GLUC_ADJUSTED" time="0.00900000000001455"/>
    <testcase classname="ds.kurtosis_smk_method_2_split" name="simple_kurtosis_method_2_split_on_LAB_GLUC_ADJUSTED" time="0.00200000000018008"/>
    <testcase classname="ds.kurtosis_smk_method_2_split" name="simple_kurtosis_method_2_split_on_LAB_GLUC_ADJUSTED" time="0.00199999999995271"/>
    <testcase classname="ds.kurtosis_smk_method_2_split" name="simple_kurtosis_method_2_split_on_PM_BMI_CONTINUOUS" time="1.20399999999995"/>
    <testcase classname="ds.kurtosis_smk_method_2_split" name="simple_kurtosis_method_2_split_on_PM_BMI_CONTINUOUS" time="0.00199999999995271"/>
    <testcase classname="ds.kurtosis_smk_method_2_split" name="simple_kurtosis_method_2_split_on_PM_BMI_CONTINUOUS" time="0.00199999999995271"/>
    <testcase classname="ds.kurtosis_smk_method_2_split" name="simple_kurtosis_method_2_split_on_PM_BMI_CONTINUOUS" time="0.00200000000018008"/>
    <testcase classname="ds.kurtosis_smk_method_2_split" name="simple_kurtosis_method_2_split_on_PM_BMI_CONTINUOUS" time="0.00199999999995271"/>
    <testcase classname="ds.kurtosis_smk_method_2_split" name="simple_kurtosis_method_2_split_on_PM_BMI_CONTINUOUS" time="0.00199999999995271"/>
    <testcase classname="ds.kurtosis_smk_method_2_split" name="simple_kurtosis_method_2_split_on_PM_BMI_CONTINUOUS" time="0.00199999999995271"/>
    <testcase classname="ds.kurtosis_smk_method_2_split" name="simple_kurtosis_method_2_split_on_PM_BMI_CONTINUOUS" time="0.000999999999976353"/>
    <testcase classname="ds.kurtosis_smk_method_2_split" name="simple_kurtosis_method_2_split_on_PM_BMI_CONTINUOUS" time="0.00200000000018008"/>
    <testcase classname="ds.kurtosis_smk_method_2_split" name="simple_kurtosis_method_2_split_on_PM_BMI_CONTINUOUS" time="0.00299999999992906"/>
    <testcase classname="ds.kurtosis_smk_method_2_split" name="simple_kurtosis_method_2_split_on_PM_BMI_CONTINUOUS" time="0.000999999999976353"/>
    <testcase classname="ds.kurtosis_smk_method_2_split" name="simple_kurtosis_method_2_split_on_PM_BMI_CONTINUOUS" time="0.00199999999995271"/>
    <testcase classname="ds.kurtosis_smk_method_2_split" name="simple_kurtosis_method_2_split_on_PM_BMI_CONTINUOUS" time="0.000999999999976353"/>
    <testcase classname="ds.kurtosis_smk_method_2_split" name="simple_kurtosis_method_2_split_on_PM_BMI_CONTINUOUS" time="0.00200000000018008"/>
  </testsuite>
  <testsuite errors="0" failures="0" hostname="fv-az14" name="ds.kurtosis::smk::method 2::combine" skipped="0" tests="40" time="7.388" timestamp="2020-09-12T14:57:44Z">
    <testcase classname="ds.kurtosis_smk_method_2_combine" name="simple_kurtosis_combine_on_LAB_TSC" time="1.46599999999989"/>
    <testcase classname="ds.kurtosis_smk_method_2_combine" name="simple_kurtosis_combine_on_LAB_TSC" time="0.000999999999976353"/>
    <testcase classname="ds.kurtosis_smk_method_2_combine" name="simple_kurtosis_combine_on_LAB_TSC" time="0.00199999999995271"/>
    <testcase classname="ds.kurtosis_smk_method_2_combine" name="simple_kurtosis_combine_on_LAB_TSC" time="0.000999999999976353"/>
    <testcase classname="ds.kurtosis_smk_method_2_combine" name="simple_kurtosis_combine_on_LAB_TSC" time="0.00100000000020373"/>
    <testcase classname="ds.kurtosis_smk_method_2_combine" name="simple_kurtosis_combine_on_LAB_TSC" time="0.00199999999995271"/>
    <testcase classname="ds.kurtosis_smk_method_2_combine" name="simple_kurtosis_combine_on_LAB_TSC" time="0.000999999999976353"/>
    <testcase classname="ds.kurtosis_smk_method_2_combine" name="simple_kurtosis_combine_on_LAB_TSC" time="0.000999999999976353"/>
    <testcase classname="ds.kurtosis_smk_method_2_combine" name="simple_kurtosis_method_2_combine_on_LAB_TRIG" time="1.471"/>
    <testcase classname="ds.kurtosis_smk_method_2_combine" name="simple_kurtosis_method_2_combine_on_LAB_TRIG" time="0.00199999999995271"/>
    <testcase classname="ds.kurtosis_smk_method_2_combine" name="simple_kurtosis_method_2_combine_on_LAB_TRIG" time="0.000999999999976353"/>
    <testcase classname="ds.kurtosis_smk_method_2_combine" name="simple_kurtosis_method_2_combine_on_LAB_TRIG" time="0.000999999999976353"/>
    <testcase classname="ds.kurtosis_smk_method_2_combine" name="simple_kurtosis_method_2_combine_on_LAB_TRIG" time="0.00100000000020373"/>
    <testcase classname="ds.kurtosis_smk_method_2_combine" name="simple_kurtosis_method_2_combine_on_LAB_TRIG" time="0.00199999999995271"/>
    <testcase classname="ds.kurtosis_smk_method_2_combine" name="simple_kurtosis_method_2_combine_on_LAB_TRIG" time="0.000999999999976353"/>
    <testcase classname="ds.kurtosis_smk_method_2_combine" name="simple_kurtosis_method_2_combine_on_LAB_TRIG" time="0.000999999999976353"/>
    <testcase classname="ds.kurtosis_smk_method_2_combine" name="simple_kurtosis_method_2_combine_on_LAB_HDL" time="1.46800000000007"/>
    <testcase classname="ds.kurtosis_smk_method_2_combine" name="simple_kurtosis_method_2_combine_on_LAB_HDL" time="0.000999999999976353"/>
    <testcase classname="ds.kurtosis_smk_method_2_combine" name="simple_kurtosis_method_2_combine_on_LAB_HDL" time="0.000999999999976353"/>
    <testcase classname="ds.kurtosis_smk_method_2_combine" name="simple_kurtosis_method_2_combine_on_LAB_HDL" time="0.000999999999976353"/>
    <testcase classname="ds.kurtosis_smk_method_2_combine" name="simple_kurtosis_method_2_combine_on_LAB_HDL" time="0.000999999999976353"/>
    <testcase classname="ds.kurtosis_smk_method_2_combine" name="simple_kurtosis_method_2_combine_on_LAB_HDL" time="0.00199999999995271"/>
    <testcase classname="ds.kurtosis_smk_method_2_combine" name="simple_kurtosis_method_2_combine_on_LAB_HDL" time="0.000999999999976353"/>
    <testcase classname="ds.kurtosis_smk_method_2_combine" name="simple_kurtosis_method_2_combine_on_LAB_HDL" time="0.00200000000018008"/>
    <testcase classname="ds.kurtosis_smk_method_2_combine" name="simple_kurtosis_method_2_combine_on_LAB_GLUC_ADJUSTED" time="1.46799999999985"/>
    <testcase classname="ds.kurtosis_smk_method_2_combine" name="simple_kurtosis_method_2_combine_on_LAB_GLUC_ADJUSTED" time="0.00200000000018008"/>
    <testcase classname="ds.kurtosis_smk_method_2_combine" name="simple_kurtosis_method_2_combine_on_LAB_GLUC_ADJUSTED" time="0.000999999999976353"/>
    <testcase classname="ds.kurtosis_smk_method_2_combine" name="simple_kurtosis_method_2_combine_on_LAB_GLUC_ADJUSTED" time="0.00199999999995271"/>
    <testcase classname="ds.kurtosis_smk_method_2_combine" name="simple_kurtosis_method_2_combine_on_LAB_GLUC_ADJUSTED" time="0.000999999999976353"/>
    <testcase classname="ds.kurtosis_smk_method_2_combine" name="simple_kurtosis_method_2_combine_on_LAB_GLUC_ADJUSTED" time="0.00199999999995271"/>
    <testcase classname="ds.kurtosis_smk_method_2_combine" name="simple_kurtosis_method_2_combine_on_LAB_GLUC_ADJUSTED" time="0.000999999999976353"/>
    <testcase classname="ds.kurtosis_smk_method_2_combine" name="simple_kurtosis_method_2_combine_on_LAB_GLUC_ADJUSTED" time="0.00199999999995271"/>
    <testcase classname="ds.kurtosis_smk_method_2_combine" name="simple_kurtosis_method_2_combine_on_PM_BMI_CONTINUOUS" time="1.46600000000012"/>
    <testcase classname="ds.kurtosis_smk_method_2_combine" name="simple_kurtosis_method_2_combine_on_PM_BMI_CONTINUOUS" time="0.000999999999976353"/>
    <testcase classname="ds.kurtosis_smk_method_2_combine" name="simple_kurtosis_method_2_combine_on_PM_BMI_CONTINUOUS" time="0.00199999999995271"/>
    <testcase classname="ds.kurtosis_smk_method_2_combine" name="simple_kurtosis_method_2_combine_on_PM_BMI_CONTINUOUS" time="0.000999999999976353"/>
    <testcase classname="ds.kurtosis_smk_method_2_combine" name="simple_kurtosis_method_2_combine_on_PM_BMI_CONTINUOUS" time="0.00200000000018008"/>
    <testcase classname="ds.kurtosis_smk_method_2_combine" name="simple_kurtosis_method_2_combine_on_PM_BMI_CONTINUOUS" time="0.00199999999995271"/>
    <testcase classname="ds.kurtosis_smk_method_2_combine" name="simple_kurtosis_method_2_combine_on_PM_BMI_CONTINUOUS" time="0.000999999999976353"/>
    <testcase classname="ds.kurtosis_smk_method_2_combine" name="simple_kurtosis_method_2_combine_on_PM_BMI_CONTINUOUS" time="0.00199999999995271"/>
  </testsuite>
  <testsuite errors="0" failures="0" hostname="fv-az14" name="ds.kurtosis::smk::method 2::both" skipped="0" tests="110" time="9.159" timestamp="2020-09-12T14:57:51Z">
    <testcase classname="ds.kurtosis_smk_method_2_both" name="simple_kurtosis_both_on_LAB_TSC" time="1.73299999999995"/>
    <testcase classname="ds.kurtosis_smk_method_2_both" name="simple_kurtosis_both_on_LAB_TSC" time="0.000999999999976353"/>
    <testcase classname="ds.kurtosis_smk_method_2_both" name="simple_kurtosis_both_on_LAB_TSC" time="0.00100000000020373"/>
    <testcase classname="ds.kurtosis_smk_method_2_both" name="simple_kurtosis_both_on_LAB_TSC" time="0.00199999999995271"/>
    <testcase classname="ds.kurtosis_smk_method_2_both" name="simple_kurtosis_both_on_LAB_TSC" time="0.000999999999976353"/>
    <testcase classname="ds.kurtosis_smk_method_2_both" name="simple_kurtosis_both_on_LAB_TSC" time="0.000999999999976353"/>
    <testcase classname="ds.kurtosis_smk_method_2_both" name="simple_kurtosis_both_on_LAB_TSC" time="0.000999999999976353"/>
    <testcase classname="ds.kurtosis_smk_method_2_both" name="simple_kurtosis_both_on_LAB_TSC" time="0.00199999999995271"/>
    <testcase classname="ds.kurtosis_smk_method_2_both" name="simple_kurtosis_both_on_LAB_TSC" time="0.000999999999976353"/>
    <testcase classname="ds.kurtosis_smk_method_2_both" name="simple_kurtosis_both_on_LAB_TSC" time="0.000999999999976353"/>
    <testcase classname="ds.kurtosis_smk_method_2_both" name="simple_kurtosis_both_on_LAB_TSC" time="0.00200000000018008"/>
    <testcase classname="ds.kurtosis_smk_method_2_both" name="simple_kurtosis_both_on_LAB_TSC" time="0.00199999999995271"/>
    <testcase classname="ds.kurtosis_smk_method_2_both" name="simple_kurtosis_both_on_LAB_TSC" time="0.000999999999976353"/>
    <testcase classname="ds.kurtosis_smk_method_2_both" name="simple_kurtosis_both_on_LAB_TSC" time="0.000999999999976353"/>
    <testcase classname="ds.kurtosis_smk_method_2_both" name="simple_kurtosis_both_on_LAB_TSC" time="0.00199999999995271"/>
    <testcase classname="ds.kurtosis_smk_method_2_both" name="simple_kurtosis_both_on_LAB_TSC" time="0.000999999999976353"/>
    <testcase classname="ds.kurtosis_smk_method_2_both" name="simple_kurtosis_both_on_LAB_TSC" time="0.00100000000020373"/>
    <testcase classname="ds.kurtosis_smk_method_2_both" name="simple_kurtosis_both_on_LAB_TSC" time="0.00199999999995271"/>
    <testcase classname="ds.kurtosis_smk_method_2_both" name="simple_kurtosis_both_on_LAB_TSC" time="0.00199999999995271"/>
    <testcase classname="ds.kurtosis_smk_method_2_both" name="simple_kurtosis_both_on_LAB_TSC" time="0.000999999999976353"/>
    <testcase classname="ds.kurtosis_smk_method_2_both" name="simple_kurtosis_both_on_LAB_TSC" time="0.00199999999995271"/>
    <testcase classname="ds.kurtosis_smk_method_2_both" name="simple_kurtosis_both_on_LAB_TSC" time="0.000999999999976353"/>
    <testcase classname="ds.kurtosis_smk_method_2_both" name="simple_kurtosis_method_2_both_on_LAB_TRIG" time="1.72200000000021"/>
    <testcase classname="ds.kurtosis_smk_method_2_both" name="simple_kurtosis_method_2_both_on_LAB_TRIG" time="0.000999999999976353"/>
    <testcase classname="ds.kurtosis_smk_method_2_both" name="simple_kurtosis_method_2_both_on_LAB_TRIG" time="0.00199999999995271"/>
    <testcase classname="ds.kurtosis_smk_method_2_both" name="simple_kurtosis_method_2_both_on_LAB_TRIG" time="0.000999999999976353"/>
    <testcase classname="ds.kurtosis_smk_method_2_both" name="simple_kurtosis_method_2_both_on_LAB_TRIG" time="0.00199999999995271"/>
    <testcase classname="ds.kurtosis_smk_method_2_both" name="simple_kurtosis_method_2_both_on_LAB_TRIG" time="0.00199999999995271"/>
    <testcase classname="ds.kurtosis_smk_method_2_both" name="simple_kurtosis_method_2_both_on_LAB_TRIG" time="0.000999999999976353"/>
    <testcase classname="ds.kurtosis_smk_method_2_both" name="simple_kurtosis_method_2_both_on_LAB_TRIG" time="0.00200000000018008"/>
    <testcase classname="ds.kurtosis_smk_method_2_both" name="simple_kurtosis_method_2_both_on_LAB_TRIG" time="0.00199999999995271"/>
    <testcase classname="ds.kurtosis_smk_method_2_both" name="simple_kurtosis_method_2_both_on_LAB_TRIG" time="0.000999999999976353"/>
    <testcase classname="ds.kurtosis_smk_method_2_both" name="simple_kurtosis_method_2_both_on_LAB_TRIG" time="0.00199999999995271"/>
    <testcase classname="ds.kurtosis_smk_method_2_both" name="simple_kurtosis_method_2_both_on_LAB_TRIG" time="0.000999999999976353"/>
    <testcase classname="ds.kurtosis_smk_method_2_both" name="simple_kurtosis_method_2_both_on_LAB_TRIG" time="0.00199999999995271"/>
    <testcase classname="ds.kurtosis_smk_method_2_both" name="simple_kurtosis_method_2_both_on_LAB_TRIG" time="0.00100000000020373"/>
    <testcase classname="ds.kurtosis_smk_method_2_both" name="simple_kurtosis_method_2_both_on_LAB_TRIG" time="0.00199999999995271"/>
    <testcase classname="ds.kurtosis_smk_method_2_both" name="simple_kurtosis_method_2_both_on_LAB_TRIG" time="0.000999999999976353"/>
    <testcase classname="ds.kurtosis_smk_method_2_both" name="simple_kurtosis_method_2_both_on_LAB_TRIG" time="0.000999999999976353"/>
    <testcase classname="ds.kurtosis_smk_method_2_both" name="simple_kurtosis_method_2_both_on_LAB_TRIG" time="0.00199999999995271"/>
    <testcase classname="ds.kurtosis_smk_method_2_both" name="simple_kurtosis_method_2_both_on_LAB_TRIG" time="0.00200000000018008"/>
    <testcase classname="ds.kurtosis_smk_method_2_both" name="simple_kurtosis_method_2_both_on_LAB_TRIG" time="0.00199999999995271"/>
    <testcase classname="ds.kurtosis_smk_method_2_both" name="simple_kurtosis_method_2_both_on_LAB_TRIG" time="0.000999999999976353"/>
    <testcase classname="ds.kurtosis_smk_method_2_both" name="simple_kurtosis_method_2_both_on_LAB_TRIG" time="0.00199999999995271"/>
    <testcase classname="ds.kurtosis_smk_method_2_both" name="simple_kurtosis_method_2_both_on_LAB_HDL" time="2.02299999999991"/>
    <testcase classname="ds.kurtosis_smk_method_2_both" name="simple_kurtosis_method_2_both_on_LAB_HDL" time="0.00100000000020373"/>
    <testcase classname="ds.kurtosis_smk_method_2_both" name="simple_kurtosis_method_2_both_on_LAB_HDL" time="0.00199999999995271"/>
    <testcase classname="ds.kurtosis_smk_method_2_both" name="simple_kurtosis_method_2_both_on_LAB_HDL" time="0.00199999999995271"/>
    <testcase classname="ds.kurtosis_smk_method_2_both" name="simple_kurtosis_method_2_both_on_LAB_HDL" time="0.00199999999995271"/>
    <testcase classname="ds.kurtosis_smk_method_2_both" name="simple_kurtosis_method_2_both_on_LAB_HDL" time="0.00199999999995271"/>
    <testcase classname="ds.kurtosis_smk_method_2_both" name="simple_kurtosis_method_2_both_on_LAB_HDL" time="0.00200000000018008"/>
    <testcase classname="ds.kurtosis_smk_method_2_both" name="simple_kurtosis_method_2_both_on_LAB_HDL" time="0.00199999999995271"/>
    <testcase classname="ds.kurtosis_smk_method_2_both" name="simple_kurtosis_method_2_both_on_LAB_HDL" time="0.00199999999995271"/>
    <testcase classname="ds.kurtosis_smk_method_2_both" name="simple_kurtosis_method_2_both_on_LAB_HDL" time="0.00199999999995271"/>
    <testcase classname="ds.kurtosis_smk_method_2_both" name="simple_kurtosis_method_2_both_on_LAB_HDL" time="0.00199999999995271"/>
    <testcase classname="ds.kurtosis_smk_method_2_both" name="simple_kurtosis_method_2_both_on_LAB_HDL" time="0.00200000000018008"/>
    <testcase classname="ds.kurtosis_smk_method_2_both" name="simple_kurtosis_method_2_both_on_LAB_HDL" time="0.00199999999995271"/>
    <testcase classname="ds.kurtosis_smk_method_2_both" name="simple_kurtosis_method_2_both_on_LAB_HDL" time="0.00199999999995271"/>
    <testcase classname="ds.kurtosis_smk_method_2_both" name="simple_kurtosis_method_2_both_on_LAB_HDL" time="0.00299999999992906"/>
    <testcase classname="ds.kurtosis_smk_method_2_both" name="simple_kurtosis_method_2_both_on_LAB_HDL" time="0.00300000000015643"/>
    <testcase classname="ds.kurtosis_smk_method_2_both" name="simple_kurtosis_method_2_both_on_LAB_HDL" time="0.00199999999995271"/>
    <testcase classname="ds.kurtosis_smk_method_2_both" name="simple_kurtosis_method_2_both_on_LAB_HDL" time="0.00199999999995271"/>
    <testcase classname="ds.kurtosis_smk_method_2_both" name="simple_kurtosis_method_2_both_on_LAB_HDL" time="0.00199999999995271"/>
    <testcase classname="ds.kurtosis_smk_method_2_both" name="simple_kurtosis_method_2_both_on_LAB_HDL" time="0.00199999999995271"/>
    <testcase classname="ds.kurtosis_smk_method_2_both" name="simple_kurtosis_method_2_both_on_LAB_HDL" time="0.00300000000015643"/>
    <testcase classname="ds.kurtosis_smk_method_2_both" name="simple_kurtosis_method_2_both_on_LAB_HDL" time="0.00199999999995271"/>
    <testcase classname="ds.kurtosis_smk_method_2_both" name="simple_kurtosis_method_2_both_on_LAB_GLUC_ADJUSTED" time="1.7360000000001"/>
    <testcase classname="ds.kurtosis_smk_method_2_both" name="simple_kurtosis_method_2_both_on_LAB_GLUC_ADJUSTED" time="0.00299999999992906"/>
    <testcase classname="ds.kurtosis_smk_method_2_both" name="simple_kurtosis_method_2_both_on_LAB_GLUC_ADJUSTED" time="0.00199999999995271"/>
    <testcase classname="ds.kurtosis_smk_method_2_both" name="simple_kurtosis_method_2_both_on_LAB_GLUC_ADJUSTED" time="0.00199999999995271"/>
    <testcase classname="ds.kurtosis_smk_method_2_both" name="simple_kurtosis_method_2_both_on_LAB_GLUC_ADJUSTED" time="0.00300000000015643"/>
    <testcase classname="ds.kurtosis_smk_method_2_both" name="simple_kurtosis_method_2_both_on_LAB_GLUC_ADJUSTED" time="0.00199999999995271"/>
    <testcase classname="ds.kurtosis_smk_method_2_both" name="simple_kurtosis_method_2_both_on_LAB_GLUC_ADJUSTED" time="0.00299999999992906"/>
    <testcase classname="ds.kurtosis_smk_method_2_both" name="simple_kurtosis_method_2_both_on_LAB_GLUC_ADJUSTED" time="0.00999999999999091"/>
    <testcase classname="ds.kurtosis_smk_method_2_both" name="simple_kurtosis_method_2_both_on_LAB_GLUC_ADJUSTED" time="0.00199999999995271"/>
    <testcase classname="ds.kurtosis_smk_method_2_both" name="simple_kurtosis_method_2_both_on_LAB_GLUC_ADJUSTED" time="0.00200000000018008"/>
    <testcase classname="ds.kurtosis_smk_method_2_both" name="simple_kurtosis_method_2_both_on_LAB_GLUC_ADJUSTED" time="0.00199999999995271"/>
    <testcase classname="ds.kurtosis_smk_method_2_both" name="simple_kurtosis_method_2_both_on_LAB_GLUC_ADJUSTED" time="0.00299999999992906"/>
    <testcase classname="ds.kurtosis_smk_method_2_both" name="simple_kurtosis_method_2_both_on_LAB_GLUC_ADJUSTED" time="0.00199999999995271"/>
    <testcase classname="ds.kurtosis_smk_method_2_both" name="simple_kurtosis_method_2_both_on_LAB_GLUC_ADJUSTED" time="0.00200000000018008"/>
    <testcase classname="ds.kurtosis_smk_method_2_both" name="simple_kurtosis_method_2_both_on_LAB_GLUC_ADJUSTED" time="0.00199999999995271"/>
    <testcase classname="ds.kurtosis_smk_method_2_both" name="simple_kurtosis_method_2_both_on_LAB_GLUC_ADJUSTED" time="0.00199999999995271"/>
    <testcase classname="ds.kurtosis_smk_method_2_both" name="simple_kurtosis_method_2_both_on_LAB_GLUC_ADJUSTED" time="0.00299999999992906"/>
    <testcase classname="ds.kurtosis_smk_method_2_both" name="simple_kurtosis_method_2_both_on_LAB_GLUC_ADJUSTED" time="0.00199999999995271"/>
    <testcase classname="ds.kurtosis_smk_method_2_both" name="simple_kurtosis_method_2_both_on_LAB_GLUC_ADJUSTED" time="0.00200000000018008"/>
    <testcase classname="ds.kurtosis_smk_method_2_both" name="simple_kurtosis_method_2_both_on_LAB_GLUC_ADJUSTED" time="0.00199999999995271"/>
    <testcase classname="ds.kurtosis_smk_method_2_both" name="simple_kurtosis_method_2_both_on_LAB_GLUC_ADJUSTED" time="0.00199999999995271"/>
    <testcase classname="ds.kurtosis_smk_method_2_both" name="simple_kurtosis_method_2_both_on_LAB_GLUC_ADJUSTED" time="0.00299999999992906"/>
    <testcase classname="ds.kurtosis_smk_method_2_both" name="simple_kurtosis_method_2_both_on_PM_BMI_CONTINUOUS" time="1.72800000000007"/>
    <testcase classname="ds.kurtosis_smk_method_2_both" name="simple_kurtosis_method_2_both_on_PM_BMI_CONTINUOUS" time="0.00299999999992906"/>
    <testcase classname="ds.kurtosis_smk_method_2_both" name="simple_kurtosis_method_2_both_on_PM_BMI_CONTINUOUS" time="0.00200000000018008"/>
    <testcase classname="ds.kurtosis_smk_method_2_both" name="simple_kurtosis_method_2_both_on_PM_BMI_CONTINUOUS" time="0.00199999999995271"/>
    <testcase classname="ds.kurtosis_smk_method_2_both" name="simple_kurtosis_method_2_both_on_PM_BMI_CONTINUOUS" time="0.00199999999995271"/>
    <testcase classname="ds.kurtosis_smk_method_2_both" name="simple_kurtosis_method_2_both_on_PM_BMI_CONTINUOUS" time="0.00299999999992906"/>
    <testcase classname="ds.kurtosis_smk_method_2_both" name="simple_kurtosis_method_2_both_on_PM_BMI_CONTINUOUS" time="0.00200000000018008"/>
    <testcase classname="ds.kurtosis_smk_method_2_both" name="simple_kurtosis_method_2_both_on_PM_BMI_CONTINUOUS" time="0.00299999999992906"/>
    <testcase classname="ds.kurtosis_smk_method_2_both" name="simple_kurtosis_method_2_both_on_PM_BMI_CONTINUOUS" time="0.00199999999995271"/>
    <testcase classname="ds.kurtosis_smk_method_2_both" name="simple_kurtosis_method_2_both_on_PM_BMI_CONTINUOUS" time="0.00299999999992906"/>
    <testcase classname="ds.kurtosis_smk_method_2_both" name="simple_kurtosis_method_2_both_on_PM_BMI_CONTINUOUS" time="0.00300000000015643"/>
    <testcase classname="ds.kurtosis_smk_method_2_both" name="simple_kurtosis_method_2_both_on_PM_BMI_CONTINUOUS" time="0.00199999999995271"/>
    <testcase classname="ds.kurtosis_smk_method_2_both" name="simple_kurtosis_method_2_both_on_PM_BMI_CONTINUOUS" time="0.00299999999992906"/>
    <testcase classname="ds.kurtosis_smk_method_2_both" name="simple_kurtosis_method_2_both_on_PM_BMI_CONTINUOUS" time="0.00199999999995271"/>
    <testcase classname="ds.kurtosis_smk_method_2_both" name="simple_kurtosis_method_2_both_on_PM_BMI_CONTINUOUS" time="0.00300000000015643"/>
    <testcase classname="ds.kurtosis_smk_method_2_both" name="simple_kurtosis_method_2_both_on_PM_BMI_CONTINUOUS" time="0.00299999999992906"/>
    <testcase classname="ds.kurtosis_smk_method_2_both" name="simple_kurtosis_method_2_both_on_PM_BMI_CONTINUOUS" time="0.00199999999995271"/>
    <testcase classname="ds.kurtosis_smk_method_2_both" name="simple_kurtosis_method_2_both_on_PM_BMI_CONTINUOUS" time="0.00300000000015643"/>
    <testcase classname="ds.kurtosis_smk_method_2_both" name="simple_kurtosis_method_2_both_on_PM_BMI_CONTINUOUS" time="0.00299999999992906"/>
    <testcase classname="ds.kurtosis_smk_method_2_both" name="simple_kurtosis_method_2_both_on_PM_BMI_CONTINUOUS" time="0.00299999999992906"/>
    <testcase classname="ds.kurtosis_smk_method_2_both" name="simple_kurtosis_method_2_both_on_PM_BMI_CONTINUOUS" time="0.00299999999992906"/>
    <testcase classname="ds.kurtosis_smk_method_2_both" name="simple_kurtosis_method_2_both_on_PM_BMI_CONTINUOUS" time="0.00300000000015643"/>
  </testsuite>
  <testsuite errors="0" failures="0" hostname="fv-az14" name="ds.kurtosis::smk::method 3::split" skipped="0" tests="70" time="6.164" timestamp="2020-09-12T14:58:01Z">
    <testcase classname="ds.kurtosis_smk_method_3_split" name="simple_kurtosis_method_3_split_on_LAB_TSC" time="1.21599999999989"/>
    <testcase classname="ds.kurtosis_smk_method_3_split" name="simple_kurtosis_method_3_split_on_LAB_TSC" time="0.00199999999995271"/>
    <testcase classname="ds.kurtosis_smk_method_3_split" name="simple_kurtosis_method_3_split_on_LAB_TSC" time="0.00100000000020373"/>
    <testcase classname="ds.kurtosis_smk_method_3_split" name="simple_kurtosis_method_3_split_on_LAB_TSC" time="0.000999999999976353"/>
    <testcase classname="ds.kurtosis_smk_method_3_split" name="simple_kurtosis_method_3_split_on_LAB_TSC" time="0.000999999999976353"/>
    <testcase classname="ds.kurtosis_smk_method_3_split" name="simple_kurtosis_method_3_split_on_LAB_TSC" time="0.000999999999976353"/>
    <testcase classname="ds.kurtosis_smk_method_3_split" name="simple_kurtosis_method_3_split_on_LAB_TSC" time="0.000999999999976353"/>
    <testcase classname="ds.kurtosis_smk_method_3_split" name="simple_kurtosis_method_3_split_on_LAB_TSC" time="0.00199999999995271"/>
    <testcase classname="ds.kurtosis_smk_method_3_split" name="simple_kurtosis_method_3_split_on_LAB_TSC" time="0.000999999999976353"/>
    <testcase classname="ds.kurtosis_smk_method_3_split" name="simple_kurtosis_method_3_split_on_LAB_TSC" time="0.00100000000020373"/>
    <testcase classname="ds.kurtosis_smk_method_3_split" name="simple_kurtosis_method_3_split_on_LAB_TSC" time="0.000999999999976353"/>
    <testcase classname="ds.kurtosis_smk_method_3_split" name="simple_kurtosis_method_3_split_on_LAB_TSC" time="0.00199999999995271"/>
    <testcase classname="ds.kurtosis_smk_method_3_split" name="simple_kurtosis_method_3_split_on_LAB_TSC" time="0.000999999999976353"/>
    <testcase classname="ds.kurtosis_smk_method_3_split" name="simple_kurtosis_method_3_split_on_LAB_TSC" time="0.000999999999976353"/>
    <testcase classname="ds.kurtosis_smk_method_3_split" name="simple_kurtosis_method_3_split_on_LAB_TRIG" time="1.19800000000009"/>
    <testcase classname="ds.kurtosis_smk_method_3_split" name="simple_kurtosis_method_3_split_on_LAB_TRIG" time="0.000999999999976353"/>
    <testcase classname="ds.kurtosis_smk_method_3_split" name="simple_kurtosis_method_3_split_on_LAB_TRIG" time="0.000999999999976353"/>
    <testcase classname="ds.kurtosis_smk_method_3_split" name="simple_kurtosis_method_3_split_on_LAB_TRIG" time="0.00199999999995271"/>
    <testcase classname="ds.kurtosis_smk_method_3_split" name="simple_kurtosis_method_3_split_on_LAB_TRIG" time="0.000999999999976353"/>
    <testcase classname="ds.kurtosis_smk_method_3_split" name="simple_kurtosis_method_3_split_on_LAB_TRIG" time="0.00199999999995271"/>
    <testcase classname="ds.kurtosis_smk_method_3_split" name="simple_kurtosis_method_3_split_on_LAB_TRIG" time="0.000999999999976353"/>
    <testcase classname="ds.kurtosis_smk_method_3_split" name="simple_kurtosis_method_3_split_on_LAB_TRIG" time="0.00200000000018008"/>
    <testcase classname="ds.kurtosis_smk_method_3_split" name="simple_kurtosis_method_3_split_on_LAB_TRIG" time="0.000999999999976353"/>
    <testcase classname="ds.kurtosis_smk_method_3_split" name="simple_kurtosis_method_3_split_on_LAB_TRIG" time="0.00199999999995271"/>
    <testcase classname="ds.kurtosis_smk_method_3_split" name="simple_kurtosis_method_3_split_on_LAB_TRIG" time="0.000999999999976353"/>
    <testcase classname="ds.kurtosis_smk_method_3_split" name="simple_kurtosis_method_3_split_on_LAB_TRIG" time="0.00199999999995271"/>
    <testcase classname="ds.kurtosis_smk_method_3_split" name="simple_kurtosis_method_3_split_on_LAB_TRIG" time="0.000999999999976353"/>
    <testcase classname="ds.kurtosis_smk_method_3_split" name="simple_kurtosis_method_3_split_on_LAB_TRIG" time="0.00200000000018008"/>
    <testcase classname="ds.kurtosis_smk_method_3_split" name="simple_kurtosis_method_3_split_on_LAB_HDL" time="1.20499999999993"/>
    <testcase classname="ds.kurtosis_smk_method_3_split" name="simple_kurtosis_method_3_split_on_LAB_HDL" time="0.00199999999995271"/>
    <testcase classname="ds.kurtosis_smk_method_3_split" name="simple_kurtosis_method_3_split_on_LAB_HDL" time="0.000999999999976353"/>
    <testcase classname="ds.kurtosis_smk_method_3_split" name="simple_kurtosis_method_3_split_on_LAB_HDL" time="0.00199999999995271"/>
    <testcase classname="ds.kurtosis_smk_method_3_split" name="simple_kurtosis_method_3_split_on_LAB_HDL" time="0.00200000000018008"/>
    <testcase classname="ds.kurtosis_smk_method_3_split" name="simple_kurtosis_method_3_split_on_LAB_HDL" time="0.000999999999976353"/>
    <testcase classname="ds.kurtosis_smk_method_3_split" name="simple_kurtosis_method_3_split_on_LAB_HDL" time="0.00199999999995271"/>
    <testcase classname="ds.kurtosis_smk_method_3_split" name="simple_kurtosis_method_3_split_on_LAB_HDL" time="0.00199999999995271"/>
    <testcase classname="ds.kurtosis_smk_method_3_split" name="simple_kurtosis_method_3_split_on_LAB_HDL" time="0.000999999999976353"/>
    <testcase classname="ds.kurtosis_smk_method_3_split" name="simple_kurtosis_method_3_split_on_LAB_HDL" time="0.00199999999995271"/>
    <testcase classname="ds.kurtosis_smk_method_3_split" name="simple_kurtosis_method_3_split_on_LAB_HDL" time="0.00200000000018008"/>
    <testcase classname="ds.kurtosis_smk_method_3_split" name="simple_kurtosis_method_3_split_on_LAB_HDL" time="0.00199999999995271"/>
    <testcase classname="ds.kurtosis_smk_method_3_split" name="simple_kurtosis_method_3_split_on_LAB_HDL" time="0.000999999999976353"/>
    <testcase classname="ds.kurtosis_smk_method_3_split" name="simple_kurtosis_method_3_split_on_LAB_HDL" time="0.00199999999995271"/>
    <testcase classname="ds.kurtosis_smk_method_3_split" name="simple_kurtosis_method_3_split_on_LAB_GLUC_ADJUSTED" time="1.22500000000014"/>
    <testcase classname="ds.kurtosis_smk_method_3_split" name="simple_kurtosis_method_3_split_on_LAB_GLUC_ADJUSTED" time="0.00199999999995271"/>
    <testcase classname="ds.kurtosis_smk_method_3_split" name="simple_kurtosis_method_3_split_on_LAB_GLUC_ADJUSTED" time="0.00199999999995271"/>
    <testcase classname="ds.kurtosis_smk_method_3_split" name="simple_kurtosis_method_3_split_on_LAB_GLUC_ADJUSTED" time="0.00199999999995271"/>
    <testcase classname="ds.kurtosis_smk_method_3_split" name="simple_kurtosis_method_3_split_on_LAB_GLUC_ADJUSTED" time="0.00199999999995271"/>
    <testcase classname="ds.kurtosis_smk_method_3_split" name="simple_kurtosis_method_3_split_on_LAB_GLUC_ADJUSTED" time="0.00200000000018008"/>
    <testcase classname="ds.kurtosis_smk_method_3_split" name="simple_kurtosis_method_3_split_on_LAB_GLUC_ADJUSTED" time="0.000999999999976353"/>
    <testcase classname="ds.kurtosis_smk_method_3_split" name="simple_kurtosis_method_3_split_on_LAB_GLUC_ADJUSTED" time="0.00199999999995271"/>
    <testcase classname="ds.kurtosis_smk_method_3_split" name="simple_kurtosis_method_3_split_on_LAB_GLUC_ADJUSTED" time="0.00199999999995271"/>
    <testcase classname="ds.kurtosis_smk_method_3_split" name="simple_kurtosis_method_3_split_on_LAB_GLUC_ADJUSTED" time="0.00199999999995271"/>
    <testcase classname="ds.kurtosis_smk_method_3_split" name="simple_kurtosis_method_3_split_on_LAB_GLUC_ADJUSTED" time="0.000999999999976353"/>
    <testcase classname="ds.kurtosis_smk_method_3_split" name="simple_kurtosis_method_3_split_on_LAB_GLUC_ADJUSTED" time="0.00200000000018008"/>
    <testcase classname="ds.kurtosis_smk_method_3_split" name="simple_kurtosis_method_3_split_on_LAB_GLUC_ADJUSTED" time="0.00199999999995271"/>
    <testcase classname="ds.kurtosis_smk_method_3_split" name="simple_kurtosis_method_3_split_on_LAB_GLUC_ADJUSTED" time="0.00199999999995271"/>
    <testcase classname="ds.kurtosis_smk_method_3_split" name="simple_kurtosis_method_3_split_on_PM_BMI_CONTINUOUS" time="1.21199999999999"/>
    <testcase classname="ds.kurtosis_smk_method_3_split" name="simple_kurtosis_method_3_split_on_PM_BMI_CONTINUOUS" time="0.00299999999992906"/>
    <testcase classname="ds.kurtosis_smk_method_3_split" name="simple_kurtosis_method_3_split_on_PM_BMI_CONTINUOUS" time="0.00200000000018008"/>
    <testcase classname="ds.kurtosis_smk_method_3_split" name="simple_kurtosis_method_3_split_on_PM_BMI_CONTINUOUS" time="0.00199999999995271"/>
    <testcase classname="ds.kurtosis_smk_method_3_split" name="simple_kurtosis_method_3_split_on_PM_BMI_CONTINUOUS" time="0.00199999999995271"/>
    <testcase classname="ds.kurtosis_smk_method_3_split" name="simple_kurtosis_method_3_split_on_PM_BMI_CONTINUOUS" time="0.00199999999995271"/>
    <testcase classname="ds.kurtosis_smk_method_3_split" name="simple_kurtosis_method_3_split_on_PM_BMI_CONTINUOUS" time="0.00200000000018008"/>
    <testcase classname="ds.kurtosis_smk_method_3_split" name="simple_kurtosis_method_3_split_on_PM_BMI_CONTINUOUS" time="0.00199999999995271"/>
    <testcase classname="ds.kurtosis_smk_method_3_split" name="simple_kurtosis_method_3_split_on_PM_BMI_CONTINUOUS" time="0.00199999999995271"/>
    <testcase classname="ds.kurtosis_smk_method_3_split" name="simple_kurtosis_method_3_split_on_PM_BMI_CONTINUOUS" time="0.00199999999995271"/>
    <testcase classname="ds.kurtosis_smk_method_3_split" name="simple_kurtosis_method_3_split_on_PM_BMI_CONTINUOUS" time="0.00199999999995271"/>
    <testcase classname="ds.kurtosis_smk_method_3_split" name="simple_kurtosis_method_3_split_on_PM_BMI_CONTINUOUS" time="0.00200000000018008"/>
    <testcase classname="ds.kurtosis_smk_method_3_split" name="simple_kurtosis_method_3_split_on_PM_BMI_CONTINUOUS" time="0.00199999999995271"/>
    <testcase classname="ds.kurtosis_smk_method_3_split" name="simple_kurtosis_method_3_split_on_PM_BMI_CONTINUOUS" time="0.00199999999995271"/>
  </testsuite>
  <testsuite errors="0" failures="0" hostname="fv-az14" name="ds.kurtosis::smk::method 3::combine" skipped="0" tests="40" time="7.427" timestamp="2020-09-12T14:58:07Z">
    <testcase classname="ds.kurtosis_smk_method_3_combine" name="simple_kurtosis_combine_on_LAB_TSC" time="1.47800000000007"/>
    <testcase classname="ds.kurtosis_smk_method_3_combine" name="simple_kurtosis_combine_on_LAB_TSC" time="0.00199999999995271"/>
    <testcase classname="ds.kurtosis_smk_method_3_combine" name="simple_kurtosis_combine_on_LAB_TSC" time="0.000999999999976353"/>
    <testcase classname="ds.kurtosis_smk_method_3_combine" name="simple_kurtosis_combine_on_LAB_TSC" time="0.000999999999976353"/>
    <testcase classname="ds.kurtosis_smk_method_3_combine" name="simple_kurtosis_combine_on_LAB_TSC" time="0.00199999999995271"/>
    <testcase classname="ds.kurtosis_smk_method_3_combine" name="simple_kurtosis_combine_on_LAB_TSC" time="0.000999999999976353"/>
    <testcase classname="ds.kurtosis_smk_method_3_combine" name="simple_kurtosis_combine_on_LAB_TSC" time="0.00200000000018008"/>
    <testcase classname="ds.kurtosis_smk_method_3_combine" name="simple_kurtosis_combine_on_LAB_TSC" time="0.000999999999976353"/>
    <testcase classname="ds.kurtosis_smk_method_3_combine" name="simple_kurtosis_method_3_combine_on_LAB_TRIG" time="1.46299999999997"/>
    <testcase classname="ds.kurtosis_smk_method_3_combine" name="simple_kurtosis_method_3_combine_on_LAB_TRIG" time="0.000999999999976353"/>
    <testcase classname="ds.kurtosis_smk_method_3_combine" name="simple_kurtosis_method_3_combine_on_LAB_TRIG" time="0.000999999999976353"/>
    <testcase classname="ds.kurtosis_smk_method_3_combine" name="simple_kurtosis_method_3_combine_on_LAB_TRIG" time="0.000999999999976353"/>
    <testcase classname="ds.kurtosis_smk_method_3_combine" name="simple_kurtosis_method_3_combine_on_LAB_TRIG" time="0.000999999999976353"/>
    <testcase classname="ds.kurtosis_smk_method_3_combine" name="simple_kurtosis_method_3_combine_on_LAB_TRIG" time="0.00199999999995271"/>
    <testcase classname="ds.kurtosis_smk_method_3_combine" name="simple_kurtosis_method_3_combine_on_LAB_TRIG" time="0.00100000000020373"/>
    <testcase classname="ds.kurtosis_smk_method_3_combine" name="simple_kurtosis_method_3_combine_on_LAB_TRIG" time="0.000999999999976353"/>
    <testcase classname="ds.kurtosis_smk_method_3_combine" name="simple_kurtosis_method_3_combine_on_LAB_HDL" time="1.47000000000003"/>
    <testcase classname="ds.kurtosis_smk_method_3_combine" name="simple_kurtosis_method_3_combine_on_LAB_HDL" time="0.00199999999995271"/>
    <testcase classname="ds.kurtosis_smk_method_3_combine" name="simple_kurtosis_method_3_combine_on_LAB_HDL" time="0.00199999999995271"/>
    <testcase classname="ds.kurtosis_smk_method_3_combine" name="simple_kurtosis_method_3_combine_on_LAB_HDL" time="0.00199999999995271"/>
    <testcase classname="ds.kurtosis_smk_method_3_combine" name="simple_kurtosis_method_3_combine_on_LAB_HDL" time="0.000999999999976353"/>
    <testcase classname="ds.kurtosis_smk_method_3_combine" name="simple_kurtosis_method_3_combine_on_LAB_HDL" time="0.00200000000018008"/>
    <testcase classname="ds.kurtosis_smk_method_3_combine" name="simple_kurtosis_method_3_combine_on_LAB_HDL" time="0.00199999999995271"/>
    <testcase classname="ds.kurtosis_smk_method_3_combine" name="simple_kurtosis_method_3_combine_on_LAB_HDL" time="0.000999999999976353"/>
    <testcase classname="ds.kurtosis_smk_method_3_combine" name="simple_kurtosis_method_3_combine_on_LAB_GLUC_ADJUSTED" time="1.48599999999988"/>
    <testcase classname="ds.kurtosis_smk_method_3_combine" name="simple_kurtosis_method_3_combine_on_LAB_GLUC_ADJUSTED" time="0.00200000000018008"/>
    <testcase classname="ds.kurtosis_smk_method_3_combine" name="simple_kurtosis_method_3_combine_on_LAB_GLUC_ADJUSTED" time="0.000999999999976353"/>
    <testcase classname="ds.kurtosis_smk_method_3_combine" name="simple_kurtosis_method_3_combine_on_LAB_GLUC_ADJUSTED" time="0.00199999999995271"/>
    <testcase classname="ds.kurtosis_smk_method_3_combine" name="simple_kurtosis_method_3_combine_on_LAB_GLUC_ADJUSTED" time="0.000999999999976353"/>
    <testcase classname="ds.kurtosis_smk_method_3_combine" name="simple_kurtosis_method_3_combine_on_LAB_GLUC_ADJUSTED" time="0.00199999999995271"/>
    <testcase classname="ds.kurtosis_smk_method_3_combine" name="simple_kurtosis_method_3_combine_on_LAB_GLUC_ADJUSTED" time="0.00199999999995271"/>
    <testcase classname="ds.kurtosis_smk_method_3_combine" name="simple_kurtosis_method_3_combine_on_LAB_GLUC_ADJUSTED" time="0.00100000000020373"/>
    <testcase classname="ds.kurtosis_smk_method_3_combine" name="simple_kurtosis_method_3_combine_on_PM_BMI_CONTINUOUS" time="1.47499999999991"/>
    <testcase classname="ds.kurtosis_smk_method_3_combine" name="simple_kurtosis_method_3_combine_on_PM_BMI_CONTINUOUS" time="0.000999999999976353"/>
    <testcase classname="ds.kurtosis_smk_method_3_combine" name="simple_kurtosis_method_3_combine_on_PM_BMI_CONTINUOUS" time="0.00199999999995271"/>
    <testcase classname="ds.kurtosis_smk_method_3_combine" name="simple_kurtosis_method_3_combine_on_PM_BMI_CONTINUOUS" time="0.00199999999995271"/>
    <testcase classname="ds.kurtosis_smk_method_3_combine" name="simple_kurtosis_method_3_combine_on_PM_BMI_CONTINUOUS" time="0.00300000000015643"/>
    <testcase classname="ds.kurtosis_smk_method_3_combine" name="simple_kurtosis_method_3_combine_on_PM_BMI_CONTINUOUS" time="0.00199999999995271"/>
    <testcase classname="ds.kurtosis_smk_method_3_combine" name="simple_kurtosis_method_3_combine_on_PM_BMI_CONTINUOUS" time="0.000999999999976353"/>
    <testcase classname="ds.kurtosis_smk_method_3_combine" name="simple_kurtosis_method_3_combine_on_PM_BMI_CONTINUOUS" time="0.00299999999992906"/>
  </testsuite>
  <testsuite errors="0" failures="0" hostname="fv-az14" name="ds.kurtosis::smk::method 3::both" skipped="0" tests="110" time="8.971" timestamp="2020-09-12T14:58:14Z">
    <testcase classname="ds.kurtosis_smk_method_3_both" name="simple_kurtosis_both_on_LAB_TSC" time="1.75700000000006"/>
    <testcase classname="ds.kurtosis_smk_method_3_both" name="simple_kurtosis_both_on_LAB_TSC" time="0.00199999999995271"/>
    <testcase classname="ds.kurtosis_smk_method_3_both" name="simple_kurtosis_both_on_LAB_TSC" time="0.000999999999976353"/>
    <testcase classname="ds.kurtosis_smk_method_3_both" name="simple_kurtosis_both_on_LAB_TSC" time="0.00100000000020373"/>
    <testcase classname="ds.kurtosis_smk_method_3_both" name="simple_kurtosis_both_on_LAB_TSC" time="0.000999999999976353"/>
    <testcase classname="ds.kurtosis_smk_method_3_both" name="simple_kurtosis_both_on_LAB_TSC" time="0.00199999999995271"/>
    <testcase classname="ds.kurtosis_smk_method_3_both" name="simple_kurtosis_both_on_LAB_TSC" time="0.000999999999976353"/>
    <testcase classname="ds.kurtosis_smk_method_3_both" name="simple_kurtosis_both_on_LAB_TSC" time="0.00199999999995271"/>
    <testcase classname="ds.kurtosis_smk_method_3_both" name="simple_kurtosis_both_on_LAB_TSC" time="0.000999999999976353"/>
    <testcase classname="ds.kurtosis_smk_method_3_both" name="simple_kurtosis_both_on_LAB_TSC" time="0.00199999999995271"/>
    <testcase classname="ds.kurtosis_smk_method_3_both" name="simple_kurtosis_both_on_LAB_TSC" time="0.00100000000020373"/>
    <testcase classname="ds.kurtosis_smk_method_3_both" name="simple_kurtosis_both_on_LAB_TSC" time="0.00199999999995271"/>
    <testcase classname="ds.kurtosis_smk_method_3_both" name="simple_kurtosis_both_on_LAB_TSC" time="0.000999999999976353"/>
    <testcase classname="ds.kurtosis_smk_method_3_both" name="simple_kurtosis_both_on_LAB_TSC" time="0.000999999999976353"/>
    <testcase classname="ds.kurtosis_smk_method_3_both" name="simple_kurtosis_both_on_LAB_TSC" time="0.00199999999995271"/>
    <testcase classname="ds.kurtosis_smk_method_3_both" name="simple_kurtosis_both_on_LAB_TSC" time="0.000999999999976353"/>
    <testcase classname="ds.kurtosis_smk_method_3_both" name="simple_kurtosis_both_on_LAB_TSC" time="0.00199999999995271"/>
    <testcase classname="ds.kurtosis_smk_method_3_both" name="simple_kurtosis_both_on_LAB_TSC" time="0.00100000000020373"/>
    <testcase classname="ds.kurtosis_smk_method_3_both" name="simple_kurtosis_both_on_LAB_TSC" time="0.00199999999995271"/>
    <testcase classname="ds.kurtosis_smk_method_3_both" name="simple_kurtosis_both_on_LAB_TSC" time="0.000999999999976353"/>
    <testcase classname="ds.kurtosis_smk_method_3_both" name="simple_kurtosis_both_on_LAB_TSC" time="0.00199999999995271"/>
    <testcase classname="ds.kurtosis_smk_method_3_both" name="simple_kurtosis_both_on_LAB_TSC" time="0.000999999999976353"/>
    <testcase classname="ds.kurtosis_smk_method_3_both" name="simple_kurtosis_method_3_both_on_LAB_TRIG" time="1.74600000000009"/>
    <testcase classname="ds.kurtosis_smk_method_3_both" name="simple_kurtosis_method_3_both_on_LAB_TRIG" time="0.00199999999995271"/>
    <testcase classname="ds.kurtosis_smk_method_3_both" name="simple_kurtosis_method_3_both_on_LAB_TRIG" time="0.000999999999976353"/>
    <testcase classname="ds.kurtosis_smk_method_3_both" name="simple_kurtosis_method_3_both_on_LAB_TRIG" time="0.00199999999995271"/>
    <testcase classname="ds.kurtosis_smk_method_3_both" name="simple_kurtosis_method_3_both_on_LAB_TRIG" time="0.00200000000018008"/>
    <testcase classname="ds.kurtosis_smk_method_3_both" name="simple_kurtosis_method_3_both_on_LAB_TRIG" time="0.000999999999976353"/>
    <testcase classname="ds.kurtosis_smk_method_3_both" name="simple_kurtosis_method_3_both_on_LAB_TRIG" time="0.00199999999995271"/>
    <testcase classname="ds.kurtosis_smk_method_3_both" name="simple_kurtosis_method_3_both_on_LAB_TRIG" time="0.000999999999976353"/>
    <testcase classname="ds.kurtosis_smk_method_3_both" name="simple_kurtosis_method_3_both_on_LAB_TRIG" time="0.00199999999995271"/>
    <testcase classname="ds.kurtosis_smk_method_3_both" name="simple_kurtosis_method_3_both_on_LAB_TRIG" time="0.000999999999976353"/>
    <testcase classname="ds.kurtosis_smk_method_3_both" name="simple_kurtosis_method_3_both_on_LAB_TRIG" time="0.00199999999995271"/>
    <testcase classname="ds.kurtosis_smk_method_3_both" name="simple_kurtosis_method_3_both_on_LAB_TRIG" time="0.00200000000018008"/>
    <testcase classname="ds.kurtosis_smk_method_3_both" name="simple_kurtosis_method_3_both_on_LAB_TRIG" time="0.000999999999976353"/>
    <testcase classname="ds.kurtosis_smk_method_3_both" name="simple_kurtosis_method_3_both_on_LAB_TRIG" time="0.00199999999995271"/>
    <testcase classname="ds.kurtosis_smk_method_3_both" name="simple_kurtosis_method_3_both_on_LAB_TRIG" time="0.00299999999992906"/>
    <testcase classname="ds.kurtosis_smk_method_3_both" name="simple_kurtosis_method_3_both_on_LAB_TRIG" time="0.00999999999999091"/>
    <testcase classname="ds.kurtosis_smk_method_3_both" name="simple_kurtosis_method_3_both_on_LAB_TRIG" time="0.000999999999976353"/>
    <testcase classname="ds.kurtosis_smk_method_3_both" name="simple_kurtosis_method_3_both_on_LAB_TRIG" time="0.00200000000018008"/>
    <testcase classname="ds.kurtosis_smk_method_3_both" name="simple_kurtosis_method_3_both_on_LAB_TRIG" time="0.00199999999995271"/>
    <testcase classname="ds.kurtosis_smk_method_3_both" name="simple_kurtosis_method_3_both_on_LAB_TRIG" time="0.00199999999995271"/>
    <testcase classname="ds.kurtosis_smk_method_3_both" name="simple_kurtosis_method_3_both_on_LAB_TRIG" time="0.000999999999976353"/>
    <testcase classname="ds.kurtosis_smk_method_3_both" name="simple_kurtosis_method_3_both_on_LAB_TRIG" time="0.00199999999995271"/>
    <testcase classname="ds.kurtosis_smk_method_3_both" name="simple_kurtosis_method_3_both_on_LAB_HDL" time="1.74300000000017"/>
    <testcase classname="ds.kurtosis_smk_method_3_both" name="simple_kurtosis_method_3_both_on_LAB_HDL" time="0.00199999999995271"/>
    <testcase classname="ds.kurtosis_smk_method_3_both" name="simple_kurtosis_method_3_both_on_LAB_HDL" time="0.00199999999995271"/>
    <testcase classname="ds.kurtosis_smk_method_3_both" name="simple_kurtosis_method_3_both_on_LAB_HDL" time="0.00199999999995271"/>
    <testcase classname="ds.kurtosis_smk_method_3_both" name="simple_kurtosis_method_3_both_on_LAB_HDL" time="0.00199999999995271"/>
    <testcase classname="ds.kurtosis_smk_method_3_both" name="simple_kurtosis_method_3_both_on_LAB_HDL" time="0.00100000000020373"/>
    <testcase classname="ds.kurtosis_smk_method_3_both" name="simple_kurtosis_method_3_both_on_LAB_HDL" time="0.000999999999976353"/>
    <testcase classname="ds.kurtosis_smk_method_3_both" name="simple_kurtosis_method_3_both_on_LAB_HDL" time="0.00199999999995271"/>
    <testcase classname="ds.kurtosis_smk_method_3_both" name="simple_kurtosis_method_3_both_on_LAB_HDL" time="0.00199999999995271"/>
    <testcase classname="ds.kurtosis_smk_method_3_both" name="simple_kurtosis_method_3_both_on_LAB_HDL" time="0.00199999999995271"/>
    <testcase classname="ds.kurtosis_smk_method_3_both" name="simple_kurtosis_method_3_both_on_LAB_HDL" time="0.00200000000018008"/>
    <testcase classname="ds.kurtosis_smk_method_3_both" name="simple_kurtosis_method_3_both_on_LAB_HDL" time="0.00199999999995271"/>
    <testcase classname="ds.kurtosis_smk_method_3_both" name="simple_kurtosis_method_3_both_on_LAB_HDL" time="0.00199999999995271"/>
    <testcase classname="ds.kurtosis_smk_method_3_both" name="simple_kurtosis_method_3_both_on_LAB_HDL" time="0.00199999999995271"/>
    <testcase classname="ds.kurtosis_smk_method_3_both" name="simple_kurtosis_method_3_both_on_LAB_HDL" time="0.00199999999995271"/>
    <testcase classname="ds.kurtosis_smk_method_3_both" name="simple_kurtosis_method_3_both_on_LAB_HDL" time="0.00200000000018008"/>
    <testcase classname="ds.kurtosis_smk_method_3_both" name="simple_kurtosis_method_3_both_on_LAB_HDL" time="0.00299999999992906"/>
    <testcase classname="ds.kurtosis_smk_method_3_both" name="simple_kurtosis_method_3_both_on_LAB_HDL" time="0.00299999999992906"/>
    <testcase classname="ds.kurtosis_smk_method_3_both" name="simple_kurtosis_method_3_both_on_LAB_HDL" time="0.00200000000018008"/>
    <testcase classname="ds.kurtosis_smk_method_3_both" name="simple_kurtosis_method_3_both_on_LAB_HDL" time="0.00199999999995271"/>
    <testcase classname="ds.kurtosis_smk_method_3_both" name="simple_kurtosis_method_3_both_on_LAB_HDL" time="0.00199999999995271"/>
    <testcase classname="ds.kurtosis_smk_method_3_both" name="simple_kurtosis_method_3_both_on_LAB_HDL" time="0.00199999999995271"/>
    <testcase classname="ds.kurtosis_smk_method_3_both" name="simple_kurtosis_method_3_both_on_LAB_GLUC_ADJUSTED" time="1.75400000000013"/>
    <testcase classname="ds.kurtosis_smk_method_3_both" name="simple_kurtosis_method_3_both_on_LAB_GLUC_ADJUSTED" time="0.00299999999992906"/>
    <testcase classname="ds.kurtosis_smk_method_3_both" name="simple_kurtosis_method_3_both_on_LAB_GLUC_ADJUSTED" time="0.00199999999995271"/>
    <testcase classname="ds.kurtosis_smk_method_3_both" name="simple_kurtosis_method_3_both_on_LAB_GLUC_ADJUSTED" time="0.00199999999995271"/>
    <testcase classname="ds.kurtosis_smk_method_3_both" name="simple_kurtosis_method_3_both_on_LAB_GLUC_ADJUSTED" time="0.00199999999995271"/>
    <testcase classname="ds.kurtosis_smk_method_3_both" name="simple_kurtosis_method_3_both_on_LAB_GLUC_ADJUSTED" time="0.00200000000018008"/>
    <testcase classname="ds.kurtosis_smk_method_3_both" name="simple_kurtosis_method_3_both_on_LAB_GLUC_ADJUSTED" time="0.00199999999995271"/>
    <testcase classname="ds.kurtosis_smk_method_3_both" name="simple_kurtosis_method_3_both_on_LAB_GLUC_ADJUSTED" time="0.00199999999995271"/>
    <testcase classname="ds.kurtosis_smk_method_3_both" name="simple_kurtosis_method_3_both_on_LAB_GLUC_ADJUSTED" time="0.00199999999995271"/>
    <testcase classname="ds.kurtosis_smk_method_3_both" name="simple_kurtosis_method_3_both_on_LAB_GLUC_ADJUSTED" time="0.00200000000018008"/>
    <testcase classname="ds.kurtosis_smk_method_3_both" name="simple_kurtosis_method_3_both_on_LAB_GLUC_ADJUSTED" time="0.00199999999995271"/>
    <testcase classname="ds.kurtosis_smk_method_3_both" name="simple_kurtosis_method_3_both_on_LAB_GLUC_ADJUSTED" time="0.00199999999995271"/>
    <testcase classname="ds.kurtosis_smk_method_3_both" name="simple_kurtosis_method_3_both_on_LAB_GLUC_ADJUSTED" time="0.00199999999995271"/>
    <testcase classname="ds.kurtosis_smk_method_3_both" name="simple_kurtosis_method_3_both_on_LAB_GLUC_ADJUSTED" time="0.00300000000015643"/>
    <testcase classname="ds.kurtosis_smk_method_3_both" name="simple_kurtosis_method_3_both_on_LAB_GLUC_ADJUSTED" time="0.00199999999995271"/>
    <testcase classname="ds.kurtosis_smk_method_3_both" name="simple_kurtosis_method_3_both_on_LAB_GLUC_ADJUSTED" time="0.00199999999995271"/>
    <testcase classname="ds.kurtosis_smk_method_3_both" name="simple_kurtosis_method_3_both_on_LAB_GLUC_ADJUSTED" time="0.00299999999992906"/>
    <testcase classname="ds.kurtosis_smk_method_3_both" name="simple_kurtosis_method_3_both_on_LAB_GLUC_ADJUSTED" time="0.00199999999995271"/>
    <testcase classname="ds.kurtosis_smk_method_3_both" name="simple_kurtosis_method_3_both_on_LAB_GLUC_ADJUSTED" time="0.00200000000018008"/>
    <testcase classname="ds.kurtosis_smk_method_3_both" name="simple_kurtosis_method_3_both_on_LAB_GLUC_ADJUSTED" time="0.00199999999995271"/>
    <testcase classname="ds.kurtosis_smk_method_3_both" name="simple_kurtosis_method_3_both_on_LAB_GLUC_ADJUSTED" time="0.00199999999995271"/>
    <testcase classname="ds.kurtosis_smk_method_3_both" name="simple_kurtosis_method_3_both_on_LAB_GLUC_ADJUSTED" time="0.00199999999995271"/>
    <testcase classname="ds.kurtosis_smk_method_3_both" name="simple_kurtosis_method_3_both_on_PM_BMI_CONTINUOUS" time="1.74300000000017"/>
    <testcase classname="ds.kurtosis_smk_method_3_both" name="simple_kurtosis_method_3_both_on_PM_BMI_CONTINUOUS" time="0.00299999999992906"/>
    <testcase classname="ds.kurtosis_smk_method_3_both" name="simple_kurtosis_method_3_both_on_PM_BMI_CONTINUOUS" time="0.00299999999992906"/>
    <testcase classname="ds.kurtosis_smk_method_3_both" name="simple_kurtosis_method_3_both_on_PM_BMI_CONTINUOUS" time="0.00200000000018008"/>
    <testcase classname="ds.kurtosis_smk_method_3_both" name="simple_kurtosis_method_3_both_on_PM_BMI_CONTINUOUS" time="0.00299999999992906"/>
    <testcase classname="ds.kurtosis_smk_method_3_both" name="simple_kurtosis_method_3_both_on_PM_BMI_CONTINUOUS" time="0.00299999999992906"/>
    <testcase classname="ds.kurtosis_smk_method_3_both" name="simple_kurtosis_method_3_both_on_PM_BMI_CONTINUOUS" time="0.00299999999992906"/>
    <testcase classname="ds.kurtosis_smk_method_3_both" name="simple_kurtosis_method_3_both_on_PM_BMI_CONTINUOUS" time="0.00300000000015643"/>
    <testcase classname="ds.kurtosis_smk_method_3_both" name="simple_kurtosis_method_3_both_on_PM_BMI_CONTINUOUS" time="0.0109999999999673"/>
    <testcase classname="ds.kurtosis_smk_method_3_both" name="simple_kurtosis_method_3_both_on_PM_BMI_CONTINUOUS" time="0.00299999999992906"/>
    <testcase classname="ds.kurtosis_smk_method_3_both" name="simple_kurtosis_method_3_both_on_PM_BMI_CONTINUOUS" time="0.00199999999995271"/>
    <testcase classname="ds.kurtosis_smk_method_3_both" name="simple_kurtosis_method_3_both_on_PM_BMI_CONTINUOUS" time="0.00300000000015643"/>
    <testcase classname="ds.kurtosis_smk_method_3_both" name="simple_kurtosis_method_3_both_on_PM_BMI_CONTINUOUS" time="0.00299999999992906"/>
    <testcase classname="ds.kurtosis_smk_method_3_both" name="simple_kurtosis_method_3_both_on_PM_BMI_CONTINUOUS" time="0.00299999999992906"/>
    <testcase classname="ds.kurtosis_smk_method_3_both" name="simple_kurtosis_method_3_both_on_PM_BMI_CONTINUOUS" time="0.00300000000015643"/>
    <testcase classname="ds.kurtosis_smk_method_3_both" name="simple_kurtosis_method_3_both_on_PM_BMI_CONTINUOUS" time="0.00199999999995271"/>
    <testcase classname="ds.kurtosis_smk_method_3_both" name="simple_kurtosis_method_3_both_on_PM_BMI_CONTINUOUS" time="0.00299999999992906"/>
    <testcase classname="ds.kurtosis_smk_method_3_both" name="simple_kurtosis_method_3_both_on_PM_BMI_CONTINUOUS" time="0.00300000000015643"/>
    <testcase classname="ds.kurtosis_smk_method_3_both" name="simple_kurtosis_method_3_both_on_PM_BMI_CONTINUOUS" time="0.00299999999992906"/>
    <testcase classname="ds.kurtosis_smk_method_3_both" name="simple_kurtosis_method_3_both_on_PM_BMI_CONTINUOUS" time="0.00199999999995271"/>
    <testcase classname="ds.kurtosis_smk_method_3_both" name="simple_kurtosis_method_3_both_on_PM_BMI_CONTINUOUS" time="0.00299999999992906"/>
    <testcase classname="ds.kurtosis_smk_method_3_both" name="simple_kurtosis_method_3_both_on_PM_BMI_CONTINUOUS" time="0.00300000000015643"/>
  </testsuite>
  <testsuite errors="0" failures="0" hostname="fv-az14" name="ds.kurtosis::smk::shutdown" skipped="0" tests="3" time="0.277" timestamp="2020-09-12T14:58:23Z">
    <testcase classname="ds.kurtosis_smk_shutdown" name="shutdown" time="0.274999999999864"/>
    <testcase classname="ds.kurtosis_smk_shutdown" name="shutdown" time="0.000999999999976353"/>
    <testcase classname="ds.kurtosis_smk_shutdown" name="shutdown" time="0.000999999999976353"/>
  </testsuite>
  <testsuite errors="0" failures="0" hostname="fv-az14" name="ds.kurtosis::smk::done" skipped="0" tests="0" time="0" timestamp="2020-09-12T14:58:24Z"/>
  <testsuite errors="0" failures="0" hostname="fv-az14" name="ds.length::smk::setup" skipped="0" tests="3" time="5.31" timestamp="2020-09-12T14:58:24Z">
    <testcase classname="ds.length_smk_setup" name="setup" time="5.30700000000002"/>
    <testcase classname="ds.length_smk_setup" name="setup" time="0.00100000000020373"/>
    <testcase classname="ds.length_smk_setup" name="setup" time="0.00199999999995271"/>
  </testsuite>
  <testsuite errors="0" failures="0" hostname="fv-az14" name="ds.length::smk" skipped="0" tests="22" time="4.563" timestamp="2020-09-12T14:58:29Z">
    <testcase classname="ds.length_smk" name="basic_length_both" time="0.269999999999982"/>
    <testcase classname="ds.length_smk" name="basic_length_both" time="0.000999999999976353"/>
    <testcase classname="ds.length_smk" name="basic_length_both" time="0.00199999999995271"/>
    <testcase classname="ds.length_smk" name="basic_length_both" time="0.000999999999976353"/>
    <testcase classname="ds.length_smk" name="basic_length_both" time="0.000999999999976353"/>
    <testcase classname="ds.length_smk" name="basic_length_split" time="0.269999999999982"/>
    <testcase classname="ds.length_smk" name="basic_length_split" time="0.00200000000018008"/>
    <testcase classname="ds.length_smk" name="basic_length_split" time="0.000999999999976353"/>
    <testcase classname="ds.length_smk" name="basic_length_split" time="0.00199999999995271"/>
    <testcase classname="ds.length_smk" name="basic_length_combine" time="0.266000000000076"/>
    <testcase classname="ds.length_smk" name="basic_length_combine" time="0.00199999999995271"/>
    <testcase classname="ds.length_smk" name="basic_length_both" time="1.22399999999993"/>
    <testcase classname="ds.length_smk" name="basic_length_both" time="0.000999999999976353"/>
    <testcase classname="ds.length_smk" name="basic_length_both" time="0.00199999999995271"/>
    <testcase classname="ds.length_smk" name="basic_length_both" time="0.00100000000020373"/>
    <testcase classname="ds.length_smk" name="basic_length_both" time="0.00199999999995271"/>
    <testcase classname="ds.length_smk" name="basic_length_split" time="1.21199999999999"/>
    <testcase classname="ds.length_smk" name="basic_length_split" time="0.000999999999976353"/>
    <testcase classname="ds.length_smk" name="basic_length_split" time="0.00199999999995271"/>
    <testcase classname="ds.length_smk" name="basic_length_split" time="0.000999999999976353"/>
    <testcase classname="ds.length_smk" name="basic_length_combine" time="1.29700000000003"/>
    <testcase classname="ds.length_smk" name="basic_length_combine" time="0.00199999999995271"/>
  </testsuite>
  <testsuite errors="0" failures="0" hostname="fv-az14" name="ds.length::smk::shutdown" skipped="0" tests="3" time="0.286" timestamp="2020-09-12T14:58:33Z">
    <testcase classname="ds.length_smk_shutdown" name="shutdown" time="0.283000000000129"/>
    <testcase classname="ds.length_smk_shutdown" name="shutdown" time="0.000999999999976353"/>
    <testcase classname="ds.length_smk_shutdown" name="shutdown" time="0.00199999999995271"/>
  </testsuite>
  <testsuite errors="0" failures="0" hostname="fv-az14" name="ds.length::smk::done" skipped="0" tests="0" time="0" timestamp="2020-09-12T14:58:34Z"/>
  <testsuite errors="0" failures="0" hostname="fv-az14" name="ds.levels::smk::setup" skipped="0" tests="3" time="5.313" timestamp="2020-09-12T14:58:34Z">
    <testcase classname="ds.levels_smk_setup" name="setup" time="5.31099999999992"/>
    <testcase classname="ds.levels_smk_setup" name="setup" time="0.000999999999976353"/>
    <testcase classname="ds.levels_smk_setup" name="setup" time="0.00100000000020373"/>
  </testsuite>
  <testsuite errors="0" failures="0" hostname="fv-az14" name="ds.levels::smk" skipped="0" tests="22" time="1.236" timestamp="2020-09-12T14:58:39Z">
    <testcase classname="ds.levels_smk" name="simple_levels" time="1.20499999999993"/>
    <testcase classname="ds.levels_smk" name="simple_levels" time="0.00199999999995271"/>
    <testcase classname="ds.levels_smk" name="simple_levels" time="0.000999999999976353"/>
    <testcase classname="ds.levels_smk" name="simple_levels" time="0.000999999999976353"/>
    <testcase classname="ds.levels_smk" name="simple_levels" time="0.000999999999976353"/>
    <testcase classname="ds.levels_smk" name="simple_levels" time="0.00100000000020373"/>
    <testcase classname="ds.levels_smk" name="simple_levels" time="0.00199999999995271"/>
    <testcase classname="ds.levels_smk" name="simple_levels" time="0.000999999999976353"/>
    <testcase classname="ds.levels_smk" name="simple_levels" time="0.000999999999976353"/>
    <testcase classname="ds.levels_smk" name="simple_levels" time="0.000999999999976353"/>
    <testcase classname="ds.levels_smk" name="simple_levels" time="0.00199999999995271"/>
    <testcase classname="ds.levels_smk" name="simple_levels" time="0.000999999999976353"/>
    <testcase classname="ds.levels_smk" name="simple_levels" time="0.00200000000018008"/>
    <testcase classname="ds.levels_smk" name="simple_levels" time="0.00199999999995271"/>
    <testcase classname="ds.levels_smk" name="simple_levels" time="0.00199999999995271"/>
    <testcase classname="ds.levels_smk" name="simple_levels" time="0.00199999999995271"/>
    <testcase classname="ds.levels_smk" name="simple_levels" time="0.000999999999976353"/>
    <testcase classname="ds.levels_smk" name="simple_levels" time="0.000999999999976353"/>
    <testcase classname="ds.levels_smk" name="simple_levels" time="0.00200000000018008"/>
    <testcase classname="ds.levels_smk" name="simple_levels" time="0.00199999999995271"/>
    <testcase classname="ds.levels_smk" name="simple_levels" time="0.000999999999976353"/>
    <testcase classname="ds.levels_smk" name="simple_levels" time="0.00199999999995271"/>
  </testsuite>
  <testsuite errors="0" failures="0" hostname="fv-az14" name="ds.levels::smk::shutdown" skipped="0" tests="3" time="0.277" timestamp="2020-09-12T14:58:40Z">
    <testcase classname="ds.levels_smk_shutdown" name="shutdown" time="0.275000000000091"/>
    <testcase classname="ds.levels_smk_shutdown" name="shutdown" time="0.000999999999976353"/>
    <testcase classname="ds.levels_smk_shutdown" name="shutdown" time="0.000999999999976353"/>
  </testsuite>
  <testsuite errors="0" failures="0" hostname="fv-az14" name="ds.levels::smk::done" skipped="0" tests="0" time="0" timestamp="2020-09-12T14:58:41Z"/>
  <testsuite errors="0" failures="0" hostname="fv-az14" name="ds.lexis::smk::setup" skipped="0" tests="3" time="5.25" timestamp="2020-09-12T14:58:41Z">
    <testcase classname="ds.lexis_smk_setup" name="setup" time="5.24700000000007"/>
    <testcase classname="ds.lexis_smk_setup" name="setup" time="0.00199999999995271"/>
    <testcase classname="ds.lexis_smk_setup" name="setup" time="0.000999999999976353"/>
  </testsuite>
  <testsuite errors="0" failures="0" hostname="fv-az14" name="ds.lexis::smk" skipped="0" tests="14" time="1.507" timestamp="2020-09-12T14:58:46Z">
    <testcase classname="ds.lexis_smk" name="simple_lexis" time="0.950000000000045"/>
    <testcase classname="ds.lexis_smk" name="simple_lexis" time="0.00199999999995271"/>
    <testcase classname="ds.lexis_smk" name="simple_lexis" time="0.000999999999976353"/>
    <testcase classname="ds.lexis_smk" name="simple_lexis" time="0.000999999999976353"/>
    <testcase classname="ds.lexis_smk" name="simple_lexis" time="0.00199999999995271"/>
    <testcase classname="ds.lexis_smk" name="simple_lexis" time="0.000999999999976353"/>
    <testcase classname="ds.lexis_smk" name="simple_lexis" time="0.275000000000091"/>
    <testcase classname="ds.lexis_smk" name="simple_lexis" time="0.00199999999995271"/>
    <testcase classname="ds.lexis_smk" name="simple_lexis" time="0.000999999999976353"/>
    <testcase classname="ds.lexis_smk" name="simple_lexis" time="0.000999999999976353"/>
    <testcase classname="ds.lexis_smk" name="simple_lexis" time="0.267000000000053"/>
    <testcase classname="ds.lexis_smk" name="simple_lexis" time="0.000999999999976353"/>
    <testcase classname="ds.lexis_smk" name="simple_lexis" time="0.00200000000018008"/>
    <testcase classname="ds.lexis_smk" name="simple_lexis" time="0.000999999999976353"/>
  </testsuite>
  <testsuite errors="0" failures="0" hostname="fv-az14" name="ds.lexis::smk::shutdown" skipped="0" tests="3" time="0.273" timestamp="2020-09-12T14:58:47Z">
    <testcase classname="ds.lexis_smk_shutdown" name="shutdown" time="0.270999999999958"/>
    <testcase classname="ds.lexis_smk_shutdown" name="shutdown" time="0.000999999999976353"/>
    <testcase classname="ds.lexis_smk_shutdown" name="shutdown" time="0.000999999999976353"/>
  </testsuite>
  <testsuite errors="0" failures="0" hostname="fv-az14" name="ds.lexis::smk::done" skipped="0" tests="0" time="0" timestamp="2020-09-12T14:58:48Z"/>
  <testsuite errors="0" failures="0" hostname="fv-az14" name="ds.listClientsideFunctions::smk::setup" skipped="0" tests="3" time="5.226" timestamp="2020-09-12T14:58:48Z">
    <testcase classname="ds.listClientsideFunctions_smk_setup" name="setup" time="5.22399999999993"/>
    <testcase classname="ds.listClientsideFunctions_smk_setup" name="setup" time="0.000999999999976353"/>
    <testcase classname="ds.listClientsideFunctions_smk_setup" name="setup" time="0.00100000000020373"/>
  </testsuite>
  <testsuite errors="0" failures="0" hostname="fv-az14" name="ds.listClientsideFunctions::smk::check results" skipped="0" tests="98" time="0.205" timestamp="2020-09-12T14:58:53Z">
    <testcase classname="ds.listClientsideFunctions_smk_check_results" name="check_results" time="0.0149999999998727"/>
    <testcase classname="ds.listClientsideFunctions_smk_check_results" name="check_results" time="0.000999999999976353"/>
    <testcase classname="ds.listClientsideFunctions_smk_check_results" name="check_results" time="0.000999999999976353"/>
    <testcase classname="ds.listClientsideFunctions_smk_check_results" name="check_results" time="0.000999999999976353"/>
    <testcase classname="ds.listClientsideFunctions_smk_check_results" name="check_results" time="0.00100000000020373"/>
    <testcase classname="ds.listClientsideFunctions_smk_check_results" name="check_results" time="0.000999999999976353"/>
    <testcase classname="ds.listClientsideFunctions_smk_check_results" name="check_results" time="0.000999999999976353"/>
    <testcase classname="ds.listClientsideFunctions_smk_check_results" name="check_results" time="0.00199999999995271"/>
    <testcase classname="ds.listClientsideFunctions_smk_check_results" name="check_results" time="0.000999999999976353"/>
    <testcase classname="ds.listClientsideFunctions_smk_check_results" name="check_results" time="0.000999999999976353"/>
    <testcase classname="ds.listClientsideFunctions_smk_check_results" name="check_results" time="0.000999999999976353"/>
    <testcase classname="ds.listClientsideFunctions_smk_check_results" name="check_results" time="0.000999999999976353"/>
    <testcase classname="ds.listClientsideFunctions_smk_check_results" name="check_results" time="0.000999999999976353"/>
    <testcase classname="ds.listClientsideFunctions_smk_check_results" name="check_results" time="0.00200000000018008"/>
    <testcase classname="ds.listClientsideFunctions_smk_check_results" name="check_results" time="0.000999999999976353"/>
    <testcase classname="ds.listClientsideFunctions_smk_check_results" name="check_results" time="0.000999999999976353"/>
    <testcase classname="ds.listClientsideFunctions_smk_check_results" name="check_results" time="0.000999999999976353"/>
    <testcase classname="ds.listClientsideFunctions_smk_check_results" name="check_results" time="0.00199999999995271"/>
    <testcase classname="ds.listClientsideFunctions_smk_check_results" name="check_results" time="0.000999999999976353"/>
    <testcase classname="ds.listClientsideFunctions_smk_check_results" name="check_results" time="0.000999999999976353"/>
    <testcase classname="ds.listClientsideFunctions_smk_check_results" name="check_results" time="0.000999999999976353"/>
    <testcase classname="ds.listClientsideFunctions_smk_check_results" name="check_results" time="0.00200000000018008"/>
    <testcase classname="ds.listClientsideFunctions_smk_check_results" name="check_results" time="0.000999999999976353"/>
    <testcase classname="ds.listClientsideFunctions_smk_check_results" name="check_results" time="0.00199999999995271"/>
    <testcase classname="ds.listClientsideFunctions_smk_check_results" name="check_results" time="0.000999999999976353"/>
    <testcase classname="ds.listClientsideFunctions_smk_check_results" name="check_results" time="0.000999999999976353"/>
    <testcase classname="ds.listClientsideFunctions_smk_check_results" name="check_results" time="0.00199999999995271"/>
    <testcase classname="ds.listClientsideFunctions_smk_check_results" name="check_results" time="0.00100000000020373"/>
    <testcase classname="ds.listClientsideFunctions_smk_check_results" name="check_results" time="0.00199999999995271"/>
    <testcase classname="ds.listClientsideFunctions_smk_check_results" name="check_results" time="0.000999999999976353"/>
    <testcase classname="ds.listClientsideFunctions_smk_check_results" name="check_results" time="0.00199999999995271"/>
    <testcase classname="ds.listClientsideFunctions_smk_check_results" name="check_results" time="0.000999999999976353"/>
    <testcase classname="ds.listClientsideFunctions_smk_check_results" name="check_results" time="0.000999999999976353"/>
    <testcase classname="ds.listClientsideFunctions_smk_check_results" name="check_results" time="0.00199999999995271"/>
    <testcase classname="ds.listClientsideFunctions_smk_check_results" name="check_results" time="0.00100000000020373"/>
    <testcase classname="ds.listClientsideFunctions_smk_check_results" name="check_results" time="0.00199999999995271"/>
    <testcase classname="ds.listClientsideFunctions_smk_check_results" name="check_results" time="0.00199999999995271"/>
    <testcase classname="ds.listClientsideFunctions_smk_check_results" name="check_results" time="0.000999999999976353"/>
    <testcase classname="ds.listClientsideFunctions_smk_check_results" name="check_results" time="0.00199999999995271"/>
    <testcase classname="ds.listClientsideFunctions_smk_check_results" name="check_results" time="0.000999999999976353"/>
    <testcase classname="ds.listClientsideFunctions_smk_check_results" name="check_results" time="0.00200000000018008"/>
    <testcase classname="ds.listClientsideFunctions_smk_check_results" name="check_results" time="0.00199999999995271"/>
    <testcase classname="ds.listClientsideFunctions_smk_check_results" name="check_results" time="0.000999999999976353"/>
    <testcase classname="ds.listClientsideFunctions_smk_check_results" name="check_results" time="0.00199999999995271"/>
    <testcase classname="ds.listClientsideFunctions_smk_check_results" name="check_results" time="0.000999999999976353"/>
    <testcase classname="ds.listClientsideFunctions_smk_check_results" name="check_results" time="0.000999999999976353"/>
    <testcase classname="ds.listClientsideFunctions_smk_check_results" name="check_results" time="0.00200000000018008"/>
    <testcase classname="ds.listClientsideFunctions_smk_check_results" name="check_results" time="0.00199999999995271"/>
    <testcase classname="ds.listClientsideFunctions_smk_check_results" name="check_results" time="0.000999999999976353"/>
    <testcase classname="ds.listClientsideFunctions_smk_check_results" name="check_results" time="0.00199999999995271"/>
    <testcase classname="ds.listClientsideFunctions_smk_check_results" name="check_results" time="0.00199999999995271"/>
    <testcase classname="ds.listClientsideFunctions_smk_check_results" name="check_results" time="0.00200000000018008"/>
    <testcase classname="ds.listClientsideFunctions_smk_check_results" name="check_results" time="0.000999999999976353"/>
    <testcase classname="ds.listClientsideFunctions_smk_check_results" name="check_results" time="0.00199999999995271"/>
    <testcase classname="ds.listClientsideFunctions_smk_check_results" name="check_results" time="0.00199999999995271"/>
    <testcase classname="ds.listClientsideFunctions_smk_check_results" name="check_results" time="0.00199999999995271"/>
    <testcase classname="ds.listClientsideFunctions_smk_check_results" name="check_results" time="0.00200000000018008"/>
    <testcase classname="ds.listClientsideFunctions_smk_check_results" name="check_results" time="0.000999999999976353"/>
    <testcase classname="ds.listClientsideFunctions_smk_check_results" name="check_results" time="0.00199999999995271"/>
    <testcase classname="ds.listClientsideFunctions_smk_check_results" name="check_results" time="0.00199999999995271"/>
    <testcase classname="ds.listClientsideFunctions_smk_check_results" name="check_results" time="0.00199999999995271"/>
    <testcase classname="ds.listClientsideFunctions_smk_check_results" name="check_results" time="0.00199999999995271"/>
    <testcase classname="ds.listClientsideFunctions_smk_check_results" name="check_results" time="0.00200000000018008"/>
    <testcase classname="ds.listClientsideFunctions_smk_check_results" name="check_results" time="0.00199999999995271"/>
    <testcase classname="ds.listClientsideFunctions_smk_check_results" name="check_results" time="0.00199999999995271"/>
    <testcase classname="ds.listClientsideFunctions_smk_check_results" name="check_results" time="0.00199999999995271"/>
    <testcase classname="ds.listClientsideFunctions_smk_check_results" name="check_results" time="0.00200000000018008"/>
    <testcase classname="ds.listClientsideFunctions_smk_check_results" name="check_results" time="0.00199999999995271"/>
    <testcase classname="ds.listClientsideFunctions_smk_check_results" name="check_results" time="0.00199999999995271"/>
    <testcase classname="ds.listClientsideFunctions_smk_check_results" name="check_results" time="0.00199999999995271"/>
    <testcase classname="ds.listClientsideFunctions_smk_check_results" name="check_results" time="0.00299999999992906"/>
    <testcase classname="ds.listClientsideFunctions_smk_check_results" name="check_results" time="0.00200000000018008"/>
    <testcase classname="ds.listClientsideFunctions_smk_check_results" name="check_results" time="0.00199999999995271"/>
    <testcase classname="ds.listClientsideFunctions_smk_check_results" name="check_results" time="0.00299999999992906"/>
    <testcase classname="ds.listClientsideFunctions_smk_check_results" name="check_results" time="0.00199999999995271"/>
    <testcase classname="ds.listClientsideFunctions_smk_check_results" name="check_results" time="0.00200000000018008"/>
    <testcase classname="ds.listClientsideFunctions_smk_check_results" name="check_results" time="0.00299999999992906"/>
    <testcase classname="ds.listClientsideFunctions_smk_check_results" name="check_results" time="0.00199999999995271"/>
    <testcase classname="ds.listClientsideFunctions_smk_check_results" name="check_results" time="0.00299999999992906"/>
    <testcase classname="ds.listClientsideFunctions_smk_check_results" name="check_results" time="0.00200000000018008"/>
    <testcase classname="ds.listClientsideFunctions_smk_check_results" name="check_results" time="0.00299999999992906"/>
    <testcase classname="ds.listClientsideFunctions_smk_check_results" name="check_results" time="0.00199999999995271"/>
    <testcase classname="ds.listClientsideFunctions_smk_check_results" name="check_results" time="0.00299999999992906"/>
    <testcase classname="ds.listClientsideFunctions_smk_check_results" name="check_results" time="0.00300000000015643"/>
    <testcase classname="ds.listClientsideFunctions_smk_check_results" name="check_results" time="0.00399999999990541"/>
    <testcase classname="ds.listClientsideFunctions_smk_check_results" name="check_results" time="0.00299999999992906"/>
    <testcase classname="ds.listClientsideFunctions_smk_check_results" name="check_results" time="0.00300000000015643"/>
    <testcase classname="ds.listClientsideFunctions_smk_check_results" name="check_results" time="0.01299999999992"/>
    <testcase classname="ds.listClientsideFunctions_smk_check_results" name="check_results" time="0.00299999999992906"/>
    <testcase classname="ds.listClientsideFunctions_smk_check_results" name="check_results" time="0.00200000000018008"/>
    <testcase classname="ds.listClientsideFunctions_smk_check_results" name="check_results" time="0.00199999999995271"/>
    <testcase classname="ds.listClientsideFunctions_smk_check_results" name="check_results" time="0.00199999999995271"/>
    <testcase classname="ds.listClientsideFunctions_smk_check_results" name="check_results" time="0.00300000000015643"/>
    <testcase classname="ds.listClientsideFunctions_smk_check_results" name="check_results" time="0.00199999999995271"/>
    <testcase classname="ds.listClientsideFunctions_smk_check_results" name="check_results" time="0.00299999999992906"/>
    <testcase classname="ds.listClientsideFunctions_smk_check_results" name="check_results" time="0.00299999999992906"/>
    <testcase classname="ds.listClientsideFunctions_smk_check_results" name="check_results" time="0.00300000000015643"/>
    <testcase classname="ds.listClientsideFunctions_smk_check_results" name="check_results" time="0.00399999999990541"/>
  </testsuite>
  <testsuite errors="0" failures="0" hostname="fv-az14" name="ds.listClientsideFunctions::smk::shutdown" skipped="0" tests="3" time="0.277" timestamp="2020-09-12T14:58:53Z">
    <testcase classname="ds.listClientsideFunctions_smk_shutdown" name="shutdown" time="0.275000000000091"/>
    <testcase classname="ds.listClientsideFunctions_smk_shutdown" name="shutdown" time="0.000999999999976353"/>
    <testcase classname="ds.listClientsideFunctions_smk_shutdown" name="shutdown" time="0.000999999999976353"/>
  </testsuite>
  <testsuite errors="0" failures="0" hostname="fv-az14" name="ds.listClientsideFunctions::smk::done" skipped="0" tests="0" time="0" timestamp="2020-09-12T14:58:54Z"/>
  <testsuite errors="0" failures="0" hostname="fv-az14" name="ds.listDisclosureSettings::smk::setup" skipped="0" tests="3" time="5.296" timestamp="2020-09-12T14:58:54Z">
    <testcase classname="ds.listDisclosureSettings_smk_setup" name="setup" time="5.29300000000012"/>
    <testcase classname="ds.listDisclosureSettings_smk_setup" name="setup" time="0.00199999999995271"/>
    <testcase classname="ds.listDisclosureSettings_smk_setup" name="setup" time="0.000999999999748979"/>
  </testsuite>
  <testsuite errors="0" failures="0" hostname="fv-az14" name="ds.listDisclosureSettings::smk::check results" skipped="0" tests="31" time="0.316" timestamp="2020-09-12T14:58:58Z">
    <testcase classname="ds.listDisclosureSettings_smk_check_results" name="check_results" time="0.273000000000138"/>
    <testcase classname="ds.listDisclosureSettings_smk_check_results" name="check_results" time="0.00100000000020373"/>
    <testcase classname="ds.listDisclosureSettings_smk_check_results" name="check_results" time="0.00199999999995271"/>
    <testcase classname="ds.listDisclosureSettings_smk_check_results" name="check_results" time="0.000999999999748979"/>
    <testcase classname="ds.listDisclosureSettings_smk_check_results" name="check_results" time="0.00100000000020373"/>
    <testcase classname="ds.listDisclosureSettings_smk_check_results" name="check_results" time="0.00199999999995271"/>
    <testcase classname="ds.listDisclosureSettings_smk_check_results" name="check_results" time="0.000999999999748979"/>
    <testcase classname="ds.listDisclosureSettings_smk_check_results" name="check_results" time="0.00100000000020373"/>
    <testcase classname="ds.listDisclosureSettings_smk_check_results" name="check_results" time="0.00199999999995271"/>
    <testcase classname="ds.listDisclosureSettings_smk_check_results" name="check_results" time="0.00100000000020373"/>
    <testcase classname="ds.listDisclosureSettings_smk_check_results" name="check_results" time="0.000999999999748979"/>
    <testcase classname="ds.listDisclosureSettings_smk_check_results" name="check_results" time="0.00199999999995271"/>
    <testcase classname="ds.listDisclosureSettings_smk_check_results" name="check_results" time="0.00100000000020373"/>
    <testcase classname="ds.listDisclosureSettings_smk_check_results" name="check_results" time="0.000999999999748979"/>
    <testcase classname="ds.listDisclosureSettings_smk_check_results" name="check_results" time="0.00200000000040745"/>
    <testcase classname="ds.listDisclosureSettings_smk_check_results" name="check_results" time="0.000999999999748979"/>
    <testcase classname="ds.listDisclosureSettings_smk_check_results" name="check_results" time="0.00100000000020373"/>
    <testcase classname="ds.listDisclosureSettings_smk_check_results" name="check_results" time="0.00199999999995271"/>
    <testcase classname="ds.listDisclosureSettings_smk_check_results" name="check_results" time="0.000999999999748979"/>
    <testcase classname="ds.listDisclosureSettings_smk_check_results" name="check_results" time="0.00199999999995271"/>
    <testcase classname="ds.listDisclosureSettings_smk_check_results" name="check_results" time="0.00100000000020373"/>
    <testcase classname="ds.listDisclosureSettings_smk_check_results" name="check_results" time="0.00199999999995271"/>
    <testcase classname="ds.listDisclosureSettings_smk_check_results" name="check_results" time="0.00100000000020373"/>
    <testcase classname="ds.listDisclosureSettings_smk_check_results" name="check_results" time="0.00199999999995271"/>
    <testcase classname="ds.listDisclosureSettings_smk_check_results" name="check_results" time="0.000999999999748979"/>
    <testcase classname="ds.listDisclosureSettings_smk_check_results" name="check_results" time="0.00199999999995271"/>
    <testcase classname="ds.listDisclosureSettings_smk_check_results" name="check_results" time="0.00100000000020373"/>
    <testcase classname="ds.listDisclosureSettings_smk_check_results" name="check_results" time="0.00199999999995271"/>
    <testcase classname="ds.listDisclosureSettings_smk_check_results" name="check_results" time="0.00100000000020373"/>
    <testcase classname="ds.listDisclosureSettings_smk_check_results" name="check_results" time="0.00199999999995271"/>
    <testcase classname="ds.listDisclosureSettings_smk_check_results" name="check_results" time="0.00199999999995271"/>
  </testsuite>
  <testsuite errors="0" failures="0" hostname="fv-az14" name="ds.listDisclosureSettings::smk::shutdown" skipped="0" tests="3" time="0.274" timestamp="2020-09-12T14:58:59Z">
    <testcase classname="ds.listDisclosureSettings_smk_shutdown" name="shutdown" time="0.270999999999731"/>
    <testcase classname="ds.listDisclosureSettings_smk_shutdown" name="shutdown" time="0.00100000000020373"/>
    <testcase classname="ds.listDisclosureSettings_smk_shutdown" name="shutdown" time="0.00199999999995271"/>
  </testsuite>
  <testsuite errors="0" failures="0" hostname="fv-az14" name="ds.listDisclosureSettings::smk::down" skipped="0" tests="0" time="0" timestamp="2020-09-12T14:59:00Z"/>
  <testsuite errors="0" failures="0" hostname="fv-az14" name="ds.list::smk::setup" skipped="0" tests="3" time="5.246" timestamp="2020-09-12T14:59:00Z">
    <testcase classname="ds.list_smk_setup" name="setup" time="5.24299999999994"/>
    <testcase classname="ds.list_smk_setup" name="setup" time="0.00199999999995271"/>
    <testcase classname="ds.list_smk_setup" name="setup" time="0.00100000000020373"/>
  </testsuite>
  <testsuite errors="0" failures="0" hostname="fv-az14" name="ds.list::smk" skipped="0" tests="28" time="3.573" timestamp="2020-09-12T14:59:04Z">
    <testcase classname="ds.list_smk" name="Is_List" time="2.44000000000005"/>
    <testcase classname="ds.list_smk" name="Is_List" time="0.263999999999669"/>
    <testcase classname="ds.list_smk" name="Is_List" time="0.00100000000020373"/>
    <testcase classname="ds.list_smk" name="Is_List" time="0.00100000000020373"/>
    <testcase classname="ds.list_smk" name="Is_List" time="0.00199999999995271"/>
    <testcase classname="ds.list_smk" name="Is_List" time="0.000999999999748979"/>
    <testcase classname="ds.list_smk" name="Is_List" time="0.00100000000020373"/>
    <testcase classname="ds.list_smk" name="Is_List" time="0.00199999999995271"/>
    <testcase classname="ds.list_smk" name="Is_List" time="0.000999999999748979"/>
    <testcase classname="ds.list_smk" name="Is_List" time="0.00100000000020373"/>
    <testcase classname="ds.list_smk" name="Is_List" time="0.000999999999748979"/>
    <testcase classname="ds.list_smk" name="Is_List" time="0.00200000000040745"/>
    <testcase classname="ds.list_smk" name="Is_List" time="0.000999999999748979"/>
    <testcase classname="ds.list_smk" name="Is_List" time="0.00100000000020373"/>
    <testcase classname="ds.list_smk" name="Is_List" time="0.527999999999793"/>
    <testcase classname="ds.list_smk" name="Is_List" time="0.00199999999995271"/>
    <testcase classname="ds.list_smk" name="Is_List" time="0.00199999999995271"/>
    <testcase classname="ds.list_smk" name="Is_List" time="0.00100000000020373"/>
    <testcase classname="ds.list_smk" name="Is_List" time="0.297000000000025"/>
    <testcase classname="ds.list_smk" name="Is_List" time="0.000999999999748979"/>
    <testcase classname="ds.list_smk" name="Is_List" time="0.00200000000040745"/>
    <testcase classname="ds.list_smk" name="Is_List" time="0.000999999999748979"/>
    <testcase classname="ds.list_smk" name="Is_List" time="0.00199999999995271"/>
    <testcase classname="ds.list_smk" name="Is_List" time="0.00399999999990541"/>
    <testcase classname="ds.list_smk" name="Is_List" time="0.00300000000015643"/>
    <testcase classname="ds.list_smk" name="Is_List" time="0.00300000000015643"/>
    <testcase classname="ds.list_smk" name="Is_List" time="0.00199999999995271"/>
    <testcase classname="ds.list_smk" name="Is_List" time="0.00599999999985812"/>
  </testsuite>
  <testsuite errors="0" failures="0" hostname="fv-az14" name="ds.list::smk::shutdown" skipped="0" tests="3" time="0.318" timestamp="2020-09-12T14:59:08Z">
    <testcase classname="ds.list_smk_shutdown" name="shutdown" time="0.316000000000258"/>
    <testcase classname="ds.list_smk_shutdown" name="shutdown" time="0.000999999999748979"/>
    <testcase classname="ds.list_smk_shutdown" name="shutdown" time="0.00100000000020373"/>
  </testsuite>
  <testsuite errors="0" failures="0" hostname="fv-az14" name="ds.list::smk::down" skipped="0" tests="0" time="0" timestamp="2020-09-12T14:59:09Z"/>
  <testsuite errors="0" failures="0" hostname="fv-az14" name="ds.listServersideFunctions::smk::check results" skipped="0" tests="394" time="6.675" timestamp="2020-09-12T14:59:13Z">
    <testcase classname="ds.listServersideFunctions_smk_check_results" name="check_results" time="5.07499999999982"/>
    <testcase classname="ds.listServersideFunctions_smk_check_results" name="check_results" time="0.00100000000020373"/>
    <testcase classname="ds.listServersideFunctions_smk_check_results" name="check_results" time="0.00199999999995271"/>
    <testcase classname="ds.listServersideFunctions_smk_check_results" name="check_results" time="0.000999999999748979"/>
    <testcase classname="ds.listServersideFunctions_smk_check_results" name="check_results" time="0.00199999999995271"/>
    <testcase classname="ds.listServersideFunctions_smk_check_results" name="check_results" time="0.00100000000020373"/>
    <testcase classname="ds.listServersideFunctions_smk_check_results" name="check_results" time="0.000999999999748979"/>
    <testcase classname="ds.listServersideFunctions_smk_check_results" name="check_results" time="0.00100000000020373"/>
    <testcase classname="ds.listServersideFunctions_smk_check_results" name="check_results" time="0.00100000000020373"/>
    <testcase classname="ds.listServersideFunctions_smk_check_results" name="check_results" time="0.00199999999995271"/>
    <testcase classname="ds.listServersideFunctions_smk_check_results" name="check_results" time="0.000999999999748979"/>
    <testcase classname="ds.listServersideFunctions_smk_check_results" name="check_results" time="0.00100000000020373"/>
    <testcase classname="ds.listServersideFunctions_smk_check_results" name="check_results" time="0.000999999999748979"/>
    <testcase classname="ds.listServersideFunctions_smk_check_results" name="check_results" time="0.00199999999995271"/>
    <testcase classname="ds.listServersideFunctions_smk_check_results" name="check_results" time="0.00100000000020373"/>
    <testcase classname="ds.listServersideFunctions_smk_check_results" name="check_results" time="0.00100000000020373"/>
    <testcase classname="ds.listServersideFunctions_smk_check_results" name="check_results" time="0.00199999999995271"/>
    <testcase classname="ds.listServersideFunctions_smk_check_results" name="check_results" time="0.000999999999748979"/>
    <testcase classname="ds.listServersideFunctions_smk_check_results" name="check_results" time="0.00100000000020373"/>
    <testcase classname="ds.listServersideFunctions_smk_check_results" name="check_results" time="0.00199999999995271"/>
    <testcase classname="ds.listServersideFunctions_smk_check_results" name="check_results" time="0.000999999999748979"/>
    <testcase classname="ds.listServersideFunctions_smk_check_results" name="check_results" time="0.00199999999995271"/>
    <testcase classname="ds.listServersideFunctions_smk_check_results" name="check_results" time="0.00100000000020373"/>
    <testcase classname="ds.listServersideFunctions_smk_check_results" name="check_results" time="0.00100000000020373"/>
    <testcase classname="ds.listServersideFunctions_smk_check_results" name="check_results" time="0.00199999999995271"/>
    <testcase classname="ds.listServersideFunctions_smk_check_results" name="check_results" time="0.000999999999748979"/>
    <testcase classname="ds.listServersideFunctions_smk_check_results" name="check_results" time="0.00199999999995271"/>
    <testcase classname="ds.listServersideFunctions_smk_check_results" name="check_results" time="0.00100000000020373"/>
    <testcase classname="ds.listServersideFunctions_smk_check_results" name="check_results" time="0.00199999999995271"/>
    <testcase classname="ds.listServersideFunctions_smk_check_results" name="check_results" time="0.00100000000020373"/>
    <testcase classname="ds.listServersideFunctions_smk_check_results" name="check_results" time="0.00199999999995271"/>
    <testcase classname="ds.listServersideFunctions_smk_check_results" name="check_results" time="0.000999999999748979"/>
    <testcase classname="ds.listServersideFunctions_smk_check_results" name="check_results" time="0.00199999999995271"/>
    <testcase classname="ds.listServersideFunctions_smk_check_results" name="check_results" time="0.00100000000020373"/>
    <testcase classname="ds.listServersideFunctions_smk_check_results" name="check_results" time="0.00199999999995271"/>
    <testcase classname="ds.listServersideFunctions_smk_check_results" name="check_results" time="0.00100000000020373"/>
    <testcase classname="ds.listServersideFunctions_smk_check_results" name="check_results" time="0.00199999999995271"/>
    <testcase classname="ds.listServersideFunctions_smk_check_results" name="check_results" time="0.00199999999995271"/>
    <testcase classname="ds.listServersideFunctions_smk_check_results" name="check_results" time="0.000999999999748979"/>
    <testcase classname="ds.listServersideFunctions_smk_check_results" name="check_results" time="0.00199999999995271"/>
    <testcase classname="ds.listServersideFunctions_smk_check_results" name="check_results" time="0.00100000000020373"/>
    <testcase classname="ds.listServersideFunctions_smk_check_results" name="check_results" time="0.00199999999995271"/>
    <testcase classname="ds.listServersideFunctions_smk_check_results" name="check_results" time="0.00199999999995271"/>
    <testcase classname="ds.listServersideFunctions_smk_check_results" name="check_results" time="0.00100000000020373"/>
    <testcase classname="ds.listServersideFunctions_smk_check_results" name="check_results" time="0.00199999999995271"/>
    <testcase classname="ds.listServersideFunctions_smk_check_results" name="check_results" time="0.00199999999995271"/>
    <testcase classname="ds.listServersideFunctions_smk_check_results" name="check_results" time="0.000999999999748979"/>
    <testcase classname="ds.listServersideFunctions_smk_check_results" name="check_results" time="0.00200000000040745"/>
    <testcase classname="ds.listServersideFunctions_smk_check_results" name="check_results" time="0.00199999999995271"/>
    <testcase classname="ds.listServersideFunctions_smk_check_results" name="check_results" time="0.00199999999995271"/>
    <testcase classname="ds.listServersideFunctions_smk_check_results" name="check_results" time="0.00199999999995271"/>
    <testcase classname="ds.listServersideFunctions_smk_check_results" name="check_results" time="0.00199999999995271"/>
    <testcase classname="ds.listServersideFunctions_smk_check_results" name="check_results" time="0.00199999999995271"/>
    <testcase classname="ds.listServersideFunctions_smk_check_results" name="check_results" time="0.00199999999995271"/>
    <testcase classname="ds.listServersideFunctions_smk_check_results" name="check_results" time="0.00199999999995271"/>
    <testcase classname="ds.listServersideFunctions_smk_check_results" name="check_results" time="0.00199999999995271"/>
    <testcase classname="ds.listServersideFunctions_smk_check_results" name="check_results" time="0.00200000000040745"/>
    <testcase classname="ds.listServersideFunctions_smk_check_results" name="check_results" time="0.000999999999748979"/>
    <testcase classname="ds.listServersideFunctions_smk_check_results" name="check_results" time="0.00199999999995271"/>
    <testcase classname="ds.listServersideFunctions_smk_check_results" name="check_results" time="0.00199999999995271"/>
    <testcase classname="ds.listServersideFunctions_smk_check_results" name="check_results" time="0.00199999999995271"/>
    <testcase classname="ds.listServersideFunctions_smk_check_results" name="check_results" time="0.00199999999995271"/>
    <testcase classname="ds.listServersideFunctions_smk_check_results" name="check_results" time="0.00200000000040745"/>
    <testcase classname="ds.listServersideFunctions_smk_check_results" name="check_results" time="0.00199999999995271"/>
    <testcase classname="ds.listServersideFunctions_smk_check_results" name="check_results" time="0.00199999999995271"/>
    <testcase classname="ds.listServersideFunctions_smk_check_results" name="check_results" time="0.00199999999995271"/>
    <testcase classname="ds.listServersideFunctions_smk_check_results" name="check_results" time="0.00199999999995271"/>
    <testcase classname="ds.listServersideFunctions_smk_check_results" name="check_results" time="0.00199999999995271"/>
    <testcase classname="ds.listServersideFunctions_smk_check_results" name="check_results" time="0.00199999999995271"/>
    <testcase classname="ds.listServersideFunctions_smk_check_results" name="check_results" time="0.00199999999995271"/>
    <testcase classname="ds.listServersideFunctions_smk_check_results" name="check_results" time="0.00300000000015643"/>
    <testcase classname="ds.listServersideFunctions_smk_check_results" name="check_results" time="0.00199999999995271"/>
    <testcase classname="ds.listServersideFunctions_smk_check_results" name="check_results" time="0.00199999999995271"/>
    <testcase classname="ds.listServersideFunctions_smk_check_results" name="check_results" time="0.00300000000015643"/>
    <testcase classname="ds.listServersideFunctions_smk_check_results" name="check_results" time="0.00199999999995271"/>
    <testcase classname="ds.listServersideFunctions_smk_check_results" name="check_results" time="0.00300000000015643"/>
    <testcase classname="ds.listServersideFunctions_smk_check_results" name="check_results" time="0.00199999999995271"/>
    <testcase classname="ds.listServersideFunctions_smk_check_results" name="check_results" time="0.00299999999970169"/>
    <testcase classname="ds.listServersideFunctions_smk_check_results" name="check_results" time="0.00199999999995271"/>
    <testcase classname="ds.listServersideFunctions_smk_check_results" name="check_results" time="0.00300000000015643"/>
    <testcase classname="ds.listServersideFunctions_smk_check_results" name="check_results" time="0.00300000000015643"/>
    <testcase classname="ds.listServersideFunctions_smk_check_results" name="check_results" time="0.00199999999995271"/>
    <testcase classname="ds.listServersideFunctions_smk_check_results" name="check_results" time="0.00199999999995271"/>
    <testcase classname="ds.listServersideFunctions_smk_check_results" name="check_results" time="0.00300000000015643"/>
    <testcase classname="ds.listServersideFunctions_smk_check_results" name="check_results" time="0.00299999999970169"/>
    <testcase classname="ds.listServersideFunctions_smk_check_results" name="check_results" time="0.00199999999995271"/>
    <testcase classname="ds.listServersideFunctions_smk_check_results" name="check_results" time="0.00300000000015643"/>
    <testcase classname="ds.listServersideFunctions_smk_check_results" name="check_results" time="0.00199999999995271"/>
    <testcase classname="ds.listServersideFunctions_smk_check_results" name="check_results" time="0.00300000000015643"/>
    <testcase classname="ds.listServersideFunctions_smk_check_results" name="check_results" time="0.00999999999976353"/>
    <testcase classname="ds.listServersideFunctions_smk_check_results" name="check_results" time="0.00199999999995271"/>
    <testcase classname="ds.listServersideFunctions_smk_check_results" name="check_results" time="0.00300000000015643"/>
    <testcase classname="ds.listServersideFunctions_smk_check_results" name="check_results" time="0.00199999999995271"/>
    <testcase classname="ds.listServersideFunctions_smk_check_results" name="check_results" time="0.00199999999995271"/>
    <testcase classname="ds.listServersideFunctions_smk_check_results" name="check_results" time="0.00199999999995271"/>
    <testcase classname="ds.listServersideFunctions_smk_check_results" name="check_results" time="0.00300000000015643"/>
    <testcase classname="ds.listServersideFunctions_smk_check_results" name="check_results" time="0.00300000000015643"/>
    <testcase classname="ds.listServersideFunctions_smk_check_results" name="check_results" time="0.00299999999970169"/>
    <testcase classname="ds.listServersideFunctions_smk_check_results" name="check_results" time="0.00300000000015643"/>
    <testcase classname="ds.listServersideFunctions_smk_check_results" name="check_results" time="0.00199999999995271"/>
    <testcase classname="ds.listServersideFunctions_smk_check_results" name="check_results" time="0.00300000000015643"/>
    <testcase classname="ds.listServersideFunctions_smk_check_results" name="check_results" time="0.00299999999970169"/>
    <testcase classname="ds.listServersideFunctions_smk_check_results" name="check_results" time="0.00200000000040745"/>
    <testcase classname="ds.listServersideFunctions_smk_check_results" name="check_results" time="0.00199999999995271"/>
    <testcase classname="ds.listServersideFunctions_smk_check_results" name="check_results" time="0.00299999999970169"/>
    <testcase classname="ds.listServersideFunctions_smk_check_results" name="check_results" time="0.00199999999995271"/>
    <testcase classname="ds.listServersideFunctions_smk_check_results" name="check_results" time="0.00300000000015643"/>
    <testcase classname="ds.listServersideFunctions_smk_check_results" name="check_results" time="0.00199999999995271"/>
    <testcase classname="ds.listServersideFunctions_smk_check_results" name="check_results" time="0.00300000000015643"/>
    <testcase classname="ds.listServersideFunctions_smk_check_results" name="check_results" time="0.00199999999995271"/>
    <testcase classname="ds.listServersideFunctions_smk_check_results" name="check_results" time="0.00200000000040745"/>
    <testcase classname="ds.listServersideFunctions_smk_check_results" name="check_results" time="0.00299999999970169"/>
    <testcase classname="ds.listServersideFunctions_smk_check_results" name="check_results" time="0.00199999999995271"/>
    <testcase classname="ds.listServersideFunctions_smk_check_results" name="check_results" time="0.00199999999995271"/>
    <testcase classname="ds.listServersideFunctions_smk_check_results" name="check_results" time="0.00300000000015643"/>
    <testcase classname="ds.listServersideFunctions_smk_check_results" name="check_results" time="0.00299999999970169"/>
    <testcase classname="ds.listServersideFunctions_smk_check_results" name="check_results" time="0.00199999999995271"/>
    <testcase classname="ds.listServersideFunctions_smk_check_results" name="check_results" time="0.00300000000015643"/>
    <testcase classname="ds.listServersideFunctions_smk_check_results" name="check_results" time="0.00199999999995271"/>
    <testcase classname="ds.listServersideFunctions_smk_check_results" name="check_results" time="0.00300000000015643"/>
    <testcase classname="ds.listServersideFunctions_smk_check_results" name="check_results" time="0.00299999999970169"/>
    <testcase classname="ds.listServersideFunctions_smk_check_results" name="check_results" time="0.00300000000015643"/>
    <testcase classname="ds.listServersideFunctions_smk_check_results" name="check_results" time="0.00300000000015643"/>
    <testcase classname="ds.listServersideFunctions_smk_check_results" name="check_results" time="0.00199999999995271"/>
    <testcase classname="ds.listServersideFunctions_smk_check_results" name="check_results" time="0.00300000000015643"/>
    <testcase classname="ds.listServersideFunctions_smk_check_results" name="check_results" time="0.00299999999970169"/>
    <testcase classname="ds.listServersideFunctions_smk_check_results" name="check_results" time="0.00300000000015643"/>
    <testcase classname="ds.listServersideFunctions_smk_check_results" name="check_results" time="0.00300000000015643"/>
    <testcase classname="ds.listServersideFunctions_smk_check_results" name="check_results" time="0.00299999999970169"/>
    <testcase classname="ds.listServersideFunctions_smk_check_results" name="check_results" time="0.00199999999995271"/>
    <testcase classname="ds.listServersideFunctions_smk_check_results" name="check_results" time="0.00399999999990541"/>
    <testcase classname="ds.listServersideFunctions_smk_check_results" name="check_results" time="0.00300000000015643"/>
    <testcase classname="ds.listServersideFunctions_smk_check_results" name="check_results" time="0.00300000000015643"/>
    <testcase classname="ds.listServersideFunctions_smk_check_results" name="check_results" time="0.00299999999970169"/>
    <testcase classname="ds.listServersideFunctions_smk_check_results" name="check_results" time="0.00300000000015643"/>
    <testcase classname="ds.listServersideFunctions_smk_check_results" name="check_results" time="0.00300000000015643"/>
    <testcase classname="ds.listServersideFunctions_smk_check_results" name="check_results" time="0.00299999999970169"/>
    <testcase classname="ds.listServersideFunctions_smk_check_results" name="check_results" time="0.00300000000015643"/>
    <testcase classname="ds.listServersideFunctions_smk_check_results" name="check_results" time="0.00300000000015643"/>
    <testcase classname="ds.listServersideFunctions_smk_check_results" name="check_results" time="0.00299999999970169"/>
    <testcase classname="ds.listServersideFunctions_smk_check_results" name="check_results" time="0.00300000000015643"/>
    <testcase classname="ds.listServersideFunctions_smk_check_results" name="check_results" time="0.00300000000015643"/>
    <testcase classname="ds.listServersideFunctions_smk_check_results" name="check_results" time="0.00299999999970169"/>
    <testcase classname="ds.listServersideFunctions_smk_check_results" name="check_results" time="0.00300000000015643"/>
    <testcase classname="ds.listServersideFunctions_smk_check_results" name="check_results" time="0.00300000000015643"/>
    <testcase classname="ds.listServersideFunctions_smk_check_results" name="check_results" time="0.00399999999990541"/>
    <testcase classname="ds.listServersideFunctions_smk_check_results" name="check_results" time="0.00300000000015643"/>
    <testcase classname="ds.listServersideFunctions_smk_check_results" name="check_results" time="0.00299999999970169"/>
    <testcase classname="ds.listServersideFunctions_smk_check_results" name="check_results" time="0.00300000000015643"/>
    <testcase classname="ds.listServersideFunctions_smk_check_results" name="check_results" time="0.00300000000015643"/>
    <testcase classname="ds.listServersideFunctions_smk_check_results" name="check_results" time="0.00299999999970169"/>
    <testcase classname="ds.listServersideFunctions_smk_check_results" name="check_results" time="0.00399999999990541"/>
    <testcase classname="ds.listServersideFunctions_smk_check_results" name="check_results" time="0.00400000000036016"/>
    <testcase classname="ds.listServersideFunctions_smk_check_results" name="check_results" time="0.00299999999970169"/>
    <testcase classname="ds.listServersideFunctions_smk_check_results" name="check_results" time="0.00399999999990541"/>
    <testcase classname="ds.listServersideFunctions_smk_check_results" name="check_results" time="0.00400000000036016"/>
    <testcase classname="ds.listServersideFunctions_smk_check_results" name="check_results" time="0.00299999999970169"/>
    <testcase classname="ds.listServersideFunctions_smk_check_results" name="check_results" time="0.00400000000036016"/>
    <testcase classname="ds.listServersideFunctions_smk_check_results" name="check_results" time="0.00399999999990541"/>
    <testcase classname="ds.listServersideFunctions_smk_check_results" name="check_results" time="0.00399999999990541"/>
    <testcase classname="ds.listServersideFunctions_smk_check_results" name="check_results" time="0.00300000000015643"/>
    <testcase classname="ds.listServersideFunctions_smk_check_results" name="check_results" time="0.0109999999999673"/>
    <testcase classname="ds.listServersideFunctions_smk_check_results" name="check_results" time="0.00299999999970169"/>
    <testcase classname="ds.listServersideFunctions_smk_check_results" name="check_results" time="0.00300000000015643"/>
    <testcase classname="ds.listServersideFunctions_smk_check_results" name="check_results" time="0.00399999999990541"/>
    <testcase classname="ds.listServersideFunctions_smk_check_results" name="check_results" time="0.00300000000015643"/>
    <testcase classname="ds.listServersideFunctions_smk_check_results" name="check_results" time="0.00299999999970169"/>
    <testcase classname="ds.listServersideFunctions_smk_check_results" name="check_results" time="0.00400000000036016"/>
    <testcase classname="ds.listServersideFunctions_smk_check_results" name="check_results" time="0.00299999999970169"/>
    <testcase classname="ds.listServersideFunctions_smk_check_results" name="check_results" time="0.00300000000015643"/>
    <testcase classname="ds.listServersideFunctions_smk_check_results" name="check_results" time="0.00300000000015643"/>
    <testcase classname="ds.listServersideFunctions_smk_check_results" name="check_results" time="0.00399999999990541"/>
    <testcase classname="ds.listServersideFunctions_smk_check_results" name="check_results" time="0.00300000000015643"/>
    <testcase classname="ds.listServersideFunctions_smk_check_results" name="check_results" time="0.00299999999970169"/>
    <testcase classname="ds.listServersideFunctions_smk_check_results" name="check_results" time="0.00299999999970169"/>
    <testcase classname="ds.listServersideFunctions_smk_check_results" name="check_results" time="0.00400000000036016"/>
    <testcase classname="ds.listServersideFunctions_smk_check_results" name="check_results" time="0.00299999999970169"/>
    <testcase classname="ds.listServersideFunctions_smk_check_results" name="check_results" time="0.00399999999990541"/>
    <testcase classname="ds.listServersideFunctions_smk_check_results" name="check_results" time="0.00300000000015643"/>
    <testcase classname="ds.listServersideFunctions_smk_check_results" name="check_results" time="0.00399999999990541"/>
    <testcase classname="ds.listServersideFunctions_smk_check_results" name="check_results" time="0.00300000000015643"/>
    <testcase classname="ds.listServersideFunctions_smk_check_results" name="check_results" time="0.00399999999990541"/>
    <testcase classname="ds.listServersideFunctions_smk_check_results" name="check_results" time="0.00300000000015643"/>
    <testcase classname="ds.listServersideFunctions_smk_check_results" name="check_results" time="0.00399999999990541"/>
    <testcase classname="ds.listServersideFunctions_smk_check_results" name="check_results" time="0.00300000000015643"/>
    <testcase classname="ds.listServersideFunctions_smk_check_results" name="check_results" time="0.00499999999965439"/>
    <testcase classname="ds.listServersideFunctions_smk_check_results" name="check_results" time="0.00300000000015643"/>
    <testcase classname="ds.listServersideFunctions_smk_check_results" name="check_results" time="0.00500000000010914"/>
    <testcase classname="ds.listServersideFunctions_smk_check_results" name="check_results" time="0.00399999999990541"/>
    <testcase classname="ds.listServersideFunctions_smk_check_results" name="check_results" time="0.00300000000015643"/>
    <testcase classname="ds.listServersideFunctions_smk_check_results" name="check_results" time="0.00300000000015643"/>
    <testcase classname="ds.listServersideFunctions_smk_check_results" name="check_results" time="0.00399999999990541"/>
    <testcase classname="ds.listServersideFunctions_smk_check_results" name="check_results" time="0.00399999999990541"/>
    <testcase classname="ds.listServersideFunctions_smk_check_results" name="check_results" time="0.00500000000010914"/>
    <testcase classname="ds.listServersideFunctions_smk_check_results" name="check_results" time="0.00399999999990541"/>
    <testcase classname="ds.listServersideFunctions_smk_check_results" name="check_results" time="0.00400000000036016"/>
    <testcase classname="ds.listServersideFunctions_smk_check_results" name="check_results" time="0.00399999999990541"/>
    <testcase classname="ds.listServersideFunctions_smk_check_results" name="check_results" time="0.00299999999970169"/>
    <testcase classname="ds.listServersideFunctions_smk_check_results" name="check_results" time="0.00400000000036016"/>
    <testcase classname="ds.listServersideFunctions_smk_check_results" name="check_results" time="0.00399999999990541"/>
    <testcase classname="ds.listServersideFunctions_smk_check_results" name="check_results" time="0.00500000000010914"/>
    <testcase classname="ds.listServersideFunctions_smk_check_results" name="check_results" time="0.00499999999965439"/>
    <testcase classname="ds.listServersideFunctions_smk_check_results" name="check_results" time="0.00500000000010914"/>
    <testcase classname="ds.listServersideFunctions_smk_check_results" name="check_results" time="0.00500000000010914"/>
    <testcase classname="ds.listServersideFunctions_smk_check_results" name="check_results" time="0.00500000000010914"/>
    <testcase classname="ds.listServersideFunctions_smk_check_results" name="check_results" time="0.00599999999985812"/>
    <testcase classname="ds.listServersideFunctions_smk_check_results" name="check_results" time="0.00500000000010914"/>
    <testcase classname="ds.listServersideFunctions_smk_check_results" name="check_results" time="0.00399999999990541"/>
    <testcase classname="ds.listServersideFunctions_smk_check_results" name="check_results" time="0.00399999999990541"/>
    <testcase classname="ds.listServersideFunctions_smk_check_results" name="check_results" time="0.00500000000010914"/>
    <testcase classname="ds.listServersideFunctions_smk_check_results" name="check_results" time="0.00399999999990541"/>
    <testcase classname="ds.listServersideFunctions_smk_check_results" name="check_results" time="0.00399999999990541"/>
    <testcase classname="ds.listServersideFunctions_smk_check_results" name="check_results" time="0.0109999999999673"/>
    <testcase classname="ds.listServersideFunctions_smk_check_results" name="check_results" time="0.00400000000036016"/>
    <testcase classname="ds.listServersideFunctions_smk_check_results" name="check_results" time="0.00399999999990541"/>
    <testcase classname="ds.listServersideFunctions_smk_check_results" name="check_results" time="0.00500000000010914"/>
    <testcase classname="ds.listServersideFunctions_smk_check_results" name="check_results" time="0.00399999999990541"/>
    <testcase classname="ds.listServersideFunctions_smk_check_results" name="check_results" time="0.00399999999990541"/>
    <testcase classname="ds.listServersideFunctions_smk_check_results" name="check_results" time="0.00500000000010914"/>
    <testcase classname="ds.listServersideFunctions_smk_check_results" name="check_results" time="0.00399999999990541"/>
    <testcase classname="ds.listServersideFunctions_smk_check_results" name="check_results" time="0.00399999999990541"/>
    <testcase classname="ds.listServersideFunctions_smk_check_results" name="check_results" time="0.00399999999990541"/>
    <testcase classname="ds.listServersideFunctions_smk_check_results" name="check_results" time="0.00400000000036016"/>
    <testcase classname="ds.listServersideFunctions_smk_check_results" name="check_results" time="0.00499999999965439"/>
    <testcase classname="ds.listServersideFunctions_smk_check_results" name="check_results" time="0.00500000000010914"/>
    <testcase classname="ds.listServersideFunctions_smk_check_results" name="check_results" time="0.00399999999990541"/>
    <testcase classname="ds.listServersideFunctions_smk_check_results" name="check_results" time="0.00399999999990541"/>
    <testcase classname="ds.listServersideFunctions_smk_check_results" name="check_results" time="0.00400000000036016"/>
    <testcase classname="ds.listServersideFunctions_smk_check_results" name="check_results" time="0.00499999999965439"/>
    <testcase classname="ds.listServersideFunctions_smk_check_results" name="check_results" time="0.00400000000036016"/>
    <testcase classname="ds.listServersideFunctions_smk_check_results" name="check_results" time="0.00399999999990541"/>
    <testcase classname="ds.listServersideFunctions_smk_check_results" name="check_results" time="0.00399999999990541"/>
    <testcase classname="ds.listServersideFunctions_smk_check_results" name="check_results" time="0.00399999999990541"/>
    <testcase classname="ds.listServersideFunctions_smk_check_results" name="check_results" time="0.00500000000010914"/>
    <testcase classname="ds.listServersideFunctions_smk_check_results" name="check_results" time="0.00500000000010914"/>
    <testcase classname="ds.listServersideFunctions_smk_check_results" name="check_results" time="0.00500000000010914"/>
    <testcase classname="ds.listServersideFunctions_smk_check_results" name="check_results" time="0.00499999999965439"/>
    <testcase classname="ds.listServersideFunctions_smk_check_results" name="check_results" time="0.00500000000010914"/>
    <testcase classname="ds.listServersideFunctions_smk_check_results" name="check_results" time="0.00399999999990541"/>
    <testcase classname="ds.listServersideFunctions_smk_check_results" name="check_results" time="0.00400000000036016"/>
    <testcase classname="ds.listServersideFunctions_smk_check_results" name="check_results" time="0.00499999999965439"/>
    <testcase classname="ds.listServersideFunctions_smk_check_results" name="check_results" time="0.00399999999990541"/>
    <testcase classname="ds.listServersideFunctions_smk_check_results" name="check_results" time="0.00400000000036016"/>
    <testcase classname="ds.listServersideFunctions_smk_check_results" name="check_results" time="0.00499999999965439"/>
    <testcase classname="ds.listServersideFunctions_smk_check_results" name="check_results" time="0.00500000000010914"/>
    <testcase classname="ds.listServersideFunctions_smk_check_results" name="check_results" time="0.00399999999990541"/>
    <testcase classname="ds.listServersideFunctions_smk_check_results" name="check_results" time="0.00500000000010914"/>
    <testcase classname="ds.listServersideFunctions_smk_check_results" name="check_results" time="0.00399999999990541"/>
    <testcase classname="ds.listServersideFunctions_smk_check_results" name="check_results" time="0.00500000000010914"/>
    <testcase classname="ds.listServersideFunctions_smk_check_results" name="check_results" time="0.00500000000010914"/>
    <testcase classname="ds.listServersideFunctions_smk_check_results" name="check_results" time="0.00500000000010914"/>
    <testcase classname="ds.listServersideFunctions_smk_check_results" name="check_results" time="0.00499999999965439"/>
    <testcase classname="ds.listServersideFunctions_smk_check_results" name="check_results" time="0.00500000000010914"/>
    <testcase classname="ds.listServersideFunctions_smk_check_results" name="check_results" time="0.00500000000010914"/>
    <testcase classname="ds.listServersideFunctions_smk_check_results" name="check_results" time="0.012000000000171"/>
    <testcase classname="ds.listServersideFunctions_smk_check_results" name="check_results" time="0.00499999999965439"/>
    <testcase classname="ds.listServersideFunctions_smk_check_results" name="check_results" time="0.00500000000010914"/>
    <testcase classname="ds.listServersideFunctions_smk_check_results" name="check_results" time="0.00500000000010914"/>
    <testcase classname="ds.listServersideFunctions_smk_check_results" name="check_results" time="0.00399999999990541"/>
    <testcase classname="ds.listServersideFunctions_smk_check_results" name="check_results" time="0.00399999999990541"/>
    <testcase classname="ds.listServersideFunctions_smk_check_results" name="check_results" time="0.00399999999990541"/>
    <testcase classname="ds.listServersideFunctions_smk_check_results" name="check_results" time="0.00500000000010914"/>
    <testcase classname="ds.listServersideFunctions_smk_check_results" name="check_results" time="0.00500000000010914"/>
    <testcase classname="ds.listServersideFunctions_smk_check_results" name="check_results" time="0.00399999999990541"/>
    <testcase classname="ds.listServersideFunctions_smk_check_results" name="check_results" time="0.00500000000010914"/>
    <testcase classname="ds.listServersideFunctions_smk_check_results" name="check_results" time="0.00399999999990541"/>
    <testcase classname="ds.listServersideFunctions_smk_check_results" name="check_results" time="0.00499999999965439"/>
    <testcase classname="ds.listServersideFunctions_smk_check_results" name="check_results" time="0.00500000000010914"/>
    <testcase classname="ds.listServersideFunctions_smk_check_results" name="check_results" time="0.00500000000010914"/>
    <testcase classname="ds.listServersideFunctions_smk_check_results" name="check_results" time="0.00500000000010914"/>
    <testcase classname="ds.listServersideFunctions_smk_check_results" name="check_results" time="0.00500000000010914"/>
    <testcase classname="ds.listServersideFunctions_smk_check_results" name="check_results" time="0.00499999999965439"/>
    <testcase classname="ds.listServersideFunctions_smk_check_results" name="check_results" time="0.00500000000010914"/>
    <testcase classname="ds.listServersideFunctions_smk_check_results" name="check_results" time="0.00500000000010914"/>
    <testcase classname="ds.listServersideFunctions_smk_check_results" name="check_results" time="0.00500000000010914"/>
    <testcase classname="ds.listServersideFunctions_smk_check_results" name="check_results" time="0.00499999999965439"/>
    <testcase classname="ds.listServersideFunctions_smk_check_results" name="check_results" time="0.00500000000010914"/>
    <testcase classname="ds.listServersideFunctions_smk_check_results" name="check_results" time="0.00599999999985812"/>
    <testcase classname="ds.listServersideFunctions_smk_check_results" name="check_results" time="0.00500000000010914"/>
    <testcase classname="ds.listServersideFunctions_smk_check_results" name="check_results" time="0.00500000000010914"/>
    <testcase classname="ds.listServersideFunctions_smk_check_results" name="check_results" time="0.00399999999990541"/>
    <testcase classname="ds.listServersideFunctions_smk_check_results" name="check_results" time="0.00500000000010914"/>
    <testcase classname="ds.listServersideFunctions_smk_check_results" name="check_results" time="0.00500000000010914"/>
    <testcase classname="ds.listServersideFunctions_smk_check_results" name="check_results" time="0.00499999999965439"/>
    <testcase classname="ds.listServersideFunctions_smk_check_results" name="check_results" time="0.00500000000010914"/>
    <testcase classname="ds.listServersideFunctions_smk_check_results" name="check_results" time="0.00500000000010914"/>
    <testcase classname="ds.listServersideFunctions_smk_check_results" name="check_results" time="0.00599999999985812"/>
    <testcase classname="ds.listServersideFunctions_smk_check_results" name="check_results" time="0.00600000000031287"/>
    <testcase classname="ds.listServersideFunctions_smk_check_results" name="check_results" time="0.00499999999965439"/>
    <testcase classname="ds.listServersideFunctions_smk_check_results" name="check_results" time="0.00500000000010914"/>
    <testcase classname="ds.listServersideFunctions_smk_check_results" name="check_results" time="0.00700000000006185"/>
    <testcase classname="ds.listServersideFunctions_smk_check_results" name="check_results" time="0.0140000000001237"/>
    <testcase classname="ds.listServersideFunctions_smk_check_results" name="check_results" time="0.00499999999965439"/>
    <testcase classname="ds.listServersideFunctions_smk_check_results" name="check_results" time="0.00400000000036016"/>
    <testcase classname="ds.listServersideFunctions_smk_check_results" name="check_results" time="0.00599999999985812"/>
    <testcase classname="ds.listServersideFunctions_smk_check_results" name="check_results" time="0.00500000000010914"/>
    <testcase classname="ds.listServersideFunctions_smk_check_results" name="check_results" time="0.00500000000010914"/>
    <testcase classname="ds.listServersideFunctions_smk_check_results" name="check_results" time="0.00500000000010914"/>
    <testcase classname="ds.listServersideFunctions_smk_check_results" name="check_results" time="0.00500000000010914"/>
    <testcase classname="ds.listServersideFunctions_smk_check_results" name="check_results" time="0.00499999999965439"/>
    <testcase classname="ds.listServersideFunctions_smk_check_results" name="check_results" time="0.00500000000010914"/>
    <testcase classname="ds.listServersideFunctions_smk_check_results" name="check_results" time="0.00500000000010914"/>
    <testcase classname="ds.listServersideFunctions_smk_check_results" name="check_results" time="0.00500000000010914"/>
    <testcase classname="ds.listServersideFunctions_smk_check_results" name="check_results" time="0.00499999999965439"/>
    <testcase classname="ds.listServersideFunctions_smk_check_results" name="check_results" time="0.00500000000010914"/>
    <testcase classname="ds.listServersideFunctions_smk_check_results" name="check_results" time="0.00500000000010914"/>
    <testcase classname="ds.listServersideFunctions_smk_check_results" name="check_results" time="0.00599999999985812"/>
    <testcase classname="ds.listServersideFunctions_smk_check_results" name="check_results" time="0.00500000000010914"/>
    <testcase classname="ds.listServersideFunctions_smk_check_results" name="check_results" time="0.00500000000010914"/>
    <testcase classname="ds.listServersideFunctions_smk_check_results" name="check_results" time="0.00599999999985812"/>
    <testcase classname="ds.listServersideFunctions_smk_check_results" name="check_results" time="0.00500000000010914"/>
    <testcase classname="ds.listServersideFunctions_smk_check_results" name="check_results" time="0.00500000000010914"/>
    <testcase classname="ds.listServersideFunctions_smk_check_results" name="check_results" time="0.00499999999965439"/>
    <testcase classname="ds.listServersideFunctions_smk_check_results" name="check_results" time="0.00500000000010914"/>
    <testcase classname="ds.listServersideFunctions_smk_check_results" name="check_results" time="0.00499999999965439"/>
    <testcase classname="ds.listServersideFunctions_smk_check_results" name="check_results" time="0.00500000000010914"/>
    <testcase classname="ds.listServersideFunctions_smk_check_results" name="check_results" time="0.00500000000010914"/>
    <testcase classname="ds.listServersideFunctions_smk_check_results" name="check_results" time="0.00599999999985812"/>
    <testcase classname="ds.listServersideFunctions_smk_check_results" name="check_results" time="0.00599999999985812"/>
    <testcase classname="ds.listServersideFunctions_smk_check_results" name="check_results" time="0.00700000000006185"/>
    <testcase classname="ds.listServersideFunctions_smk_check_results" name="check_results" time="0.00700000000006185"/>
    <testcase classname="ds.listServersideFunctions_smk_check_results" name="check_results" time="0.00700000000006185"/>
    <testcase classname="ds.listServersideFunctions_smk_check_results" name="check_results" time="0.00599999999985812"/>
    <testcase classname="ds.listServersideFunctions_smk_check_results" name="check_results" time="0.00700000000006185"/>
    <testcase classname="ds.listServersideFunctions_smk_check_results" name="check_results" time="0.0140000000001237"/>
    <testcase classname="ds.listServersideFunctions_smk_check_results" name="check_results" time="0.00599999999985812"/>
    <testcase classname="ds.listServersideFunctions_smk_check_results" name="check_results" time="0.00500000000010914"/>
    <testcase classname="ds.listServersideFunctions_smk_check_results" name="check_results" time="0.00599999999985812"/>
    <testcase classname="ds.listServersideFunctions_smk_check_results" name="check_results" time="0.00700000000006185"/>
    <testcase classname="ds.listServersideFunctions_smk_check_results" name="check_results" time="0.00600000000031287"/>
    <testcase classname="ds.listServersideFunctions_smk_check_results" name="check_results" time="0.00499999999965439"/>
    <testcase classname="ds.listServersideFunctions_smk_check_results" name="check_results" time="0.00500000000010914"/>
    <testcase classname="ds.listServersideFunctions_smk_check_results" name="check_results" time="0.00599999999985812"/>
    <testcase classname="ds.listServersideFunctions_smk_check_results" name="check_results" time="0.00600000000031287"/>
    <testcase classname="ds.listServersideFunctions_smk_check_results" name="check_results" time="0.00499999999965439"/>
    <testcase classname="ds.listServersideFunctions_smk_check_results" name="check_results" time="0.00600000000031287"/>
    <testcase classname="ds.listServersideFunctions_smk_check_results" name="check_results" time="0.00500000000010914"/>
    <testcase classname="ds.listServersideFunctions_smk_check_results" name="check_results" time="0.0069999999996071"/>
    <testcase classname="ds.listServersideFunctions_smk_check_results" name="check_results" time="0.00500000000010914"/>
    <testcase classname="ds.listServersideFunctions_smk_check_results" name="check_results" time="0.00599999999985812"/>
    <testcase classname="ds.listServersideFunctions_smk_check_results" name="check_results" time="0.00600000000031287"/>
    <testcase classname="ds.listServersideFunctions_smk_check_results" name="check_results" time="0.00500000000010914"/>
    <testcase classname="ds.listServersideFunctions_smk_check_results" name="check_results" time="0.00599999999985812"/>
    <testcase classname="ds.listServersideFunctions_smk_check_results" name="check_results" time="0.00700000000006185"/>
    <testcase classname="ds.listServersideFunctions_smk_check_results" name="check_results" time="0.00499999999965439"/>
    <testcase classname="ds.listServersideFunctions_smk_check_results" name="check_results" time="0.00600000000031287"/>
    <testcase classname="ds.listServersideFunctions_smk_check_results" name="check_results" time="0.00599999999985812"/>
    <testcase classname="ds.listServersideFunctions_smk_check_results" name="check_results" time="0.00500000000010914"/>
    <testcase classname="ds.listServersideFunctions_smk_check_results" name="check_results" time="0.00600000000031287"/>
    <testcase classname="ds.listServersideFunctions_smk_check_results" name="check_results" time="0.00499999999965439"/>
    <testcase classname="ds.listServersideFunctions_smk_check_results" name="check_results" time="0.00700000000006185"/>
    <testcase classname="ds.listServersideFunctions_smk_check_results" name="check_results" time="0.00600000000031287"/>
    <testcase classname="ds.listServersideFunctions_smk_check_results" name="check_results" time="0.00700000000006185"/>
    <testcase classname="ds.listServersideFunctions_smk_check_results" name="check_results" time="0.00599999999985812"/>
    <testcase classname="ds.listServersideFunctions_smk_check_results" name="check_results" time="0.01299999999992"/>
    <testcase classname="ds.listServersideFunctions_smk_check_results" name="check_results" time="0.00599999999985812"/>
    <testcase classname="ds.listServersideFunctions_smk_check_results" name="check_results" time="0.00600000000031287"/>
    <testcase classname="ds.listServersideFunctions_smk_check_results" name="check_results" time="0.00599999999985812"/>
    <testcase classname="ds.listServersideFunctions_smk_check_results" name="check_results" time="0.00599999999985812"/>
    <testcase classname="ds.listServersideFunctions_smk_check_results" name="check_results" time="0.00600000000031287"/>
    <testcase classname="ds.listServersideFunctions_smk_check_results" name="check_results" time="0.00599999999985812"/>
    <testcase classname="ds.listServersideFunctions_smk_check_results" name="check_results" time="0.00500000000010914"/>
    <testcase classname="ds.listServersideFunctions_smk_check_results" name="check_results" time="0.0069999999996071"/>
    <testcase classname="ds.listServersideFunctions_smk_check_results" name="check_results" time="0.00500000000010914"/>
    <testcase classname="ds.listServersideFunctions_smk_check_results" name="check_results" time="0.00600000000031287"/>
    <testcase classname="ds.listServersideFunctions_smk_check_results" name="check_results" time="0.00599999999985812"/>
    <testcase classname="ds.listServersideFunctions_smk_check_results" name="check_results" time="0.00599999999985812"/>
    <testcase classname="ds.listServersideFunctions_smk_check_results" name="check_results" time="0.00700000000006185"/>
    <testcase classname="ds.listServersideFunctions_smk_check_results" name="check_results" time="0.00599999999985812"/>
    <testcase classname="ds.listServersideFunctions_smk_check_results" name="check_results" time="0.00600000000031287"/>
    <testcase classname="ds.listServersideFunctions_smk_check_results" name="check_results" time="0.00599999999985812"/>
    <testcase classname="ds.listServersideFunctions_smk_check_results" name="check_results" time="0.00599999999985812"/>
    <testcase classname="ds.listServersideFunctions_smk_check_results" name="check_results" time="0.00600000000031287"/>
    <testcase classname="ds.listServersideFunctions_smk_check_results" name="check_results" time="0.0069999999996071"/>
    <testcase classname="ds.listServersideFunctions_smk_check_results" name="check_results" time="0.00700000000006185"/>
    <testcase classname="ds.listServersideFunctions_smk_check_results" name="check_results" time="0.00700000000006185"/>
    <testcase classname="ds.listServersideFunctions_smk_check_results" name="check_results" time="0.00600000000031287"/>
    <testcase classname="ds.listServersideFunctions_smk_check_results" name="check_results" time="0.00599999999985812"/>
    <testcase classname="ds.listServersideFunctions_smk_check_results" name="check_results" time="0.00700000000006185"/>
    <testcase classname="ds.listServersideFunctions_smk_check_results" name="check_results" time="0.00700000000006185"/>
    <testcase classname="ds.listServersideFunctions_smk_check_results" name="check_results" time="0.0069999999996071"/>
    <testcase classname="ds.listServersideFunctions_smk_check_results" name="check_results" time="0.00600000000031287"/>
    <testcase classname="ds.listServersideFunctions_smk_check_results" name="check_results" time="0.0149999999998727"/>
    <testcase classname="ds.listServersideFunctions_smk_check_results" name="check_results" time="0.00599999999985812"/>
    <testcase classname="ds.listServersideFunctions_smk_check_results" name="check_results" time="0.00600000000031287"/>
    <testcase classname="ds.listServersideFunctions_smk_check_results" name="check_results" time="0.00599999999985812"/>
    <testcase classname="ds.listServersideFunctions_smk_check_results" name="check_results" time="0.00700000000006185"/>
    <testcase classname="ds.listServersideFunctions_smk_check_results" name="check_results" time="0.00599999999985812"/>
    <testcase classname="ds.listServersideFunctions_smk_check_results" name="check_results" time="0.00700000000006185"/>
    <testcase classname="ds.listServersideFunctions_smk_check_results" name="check_results" time="0.00599999999985812"/>
    <testcase classname="ds.listServersideFunctions_smk_check_results" name="check_results" time="0.00600000000031287"/>
    <testcase classname="ds.listServersideFunctions_smk_check_results" name="check_results" time="0.0069999999996071"/>
    <testcase classname="ds.listServersideFunctions_smk_check_results" name="check_results" time="0.00600000000031287"/>
    <testcase classname="ds.listServersideFunctions_smk_check_results" name="check_results" time="0.00700000000006185"/>
  </testsuite>
  <testsuite errors="0" failures="0" hostname="fv-az14" name="ds.lmerSLMA::smk::setup phase 1" skipped="0" tests="3" time="5.24" timestamp="2020-09-12T14:59:16Z">
    <testcase classname="ds.lmerSLMA_smk_setup_phase_1" name="setup" time="5.23799999999983"/>
    <testcase classname="ds.lmerSLMA_smk_setup_phase_1" name="setup" time="0.00100000000020373"/>
    <testcase classname="ds.lmerSLMA_smk_setup_phase_1" name="setup" time="0.000999999999748979"/>
  </testsuite>
  <testsuite errors="0" failures="0" hostname="fv-az14" name="ds.lmerSLMA::smk::phase 1" skipped="0" tests="11" time="15.064" timestamp="2020-09-12T14:59:20Z">
    <testcase classname="ds.lmerSLMA_smk_phase_1" name="simple_lmerSLMA" time="2.67399999999998"/>
    <testcase classname="ds.lmerSLMA_smk_phase_1" name="alternative_formulae_for_nested_groups" time="0.815000000000055"/>
    <testcase classname="ds.lmerSLMA_smk_phase_1" name="alternative_formulae_for_nested_groups" time="0.730000000000018"/>
    <testcase classname="ds.lmerSLMA_smk_phase_1" name="alternative_formulae_for_nested_groups" time="0.675000000000182"/>
    <testcase classname="ds.lmerSLMA_smk_phase_1" name="server_side_error" time="0.670999999999822"/>
    <testcase classname="ds.lmerSLMA_smk_phase_1" name="server_side_error" time="0.272999999999683"/>
    <testcase classname="ds.lmerSLMA_smk_phase_1" name="server_side_error" time="0.702000000000226"/>
    <testcase classname="ds.lmerSLMA_smk_phase_1" name="test_offsets_and_weights" time="6.35699999999997"/>
    <testcase classname="ds.lmerSLMA_smk_phase_1" name="test_offsets_and_weights" time="0.7199999999998"/>
    <testcase classname="ds.lmerSLMA_smk_phase_1" name="test_offsets_and_weights" time="0.728000000000065"/>
    <testcase classname="ds.lmerSLMA_smk_phase_1" name="test_offsets_and_weights" time="0.719000000000051"/>
  </testsuite>
  <testsuite errors="0" failures="0" hostname="fv-az14" name="ds.lmerSLMA::smk::shutdown phase 1" skipped="0" tests="3" time="0.28" timestamp="2020-09-12T14:59:35Z">
    <testcase classname="ds.lmerSLMA_smk_shutdown_phase_1" name="shutdown" time="0.277999999999793"/>
    <testcase classname="ds.lmerSLMA_smk_shutdown_phase_1" name="shutdown" time="0.00100000000020373"/>
    <testcase classname="ds.lmerSLMA_smk_shutdown_phase_1" name="shutdown" time="0.000999999999748979"/>
  </testsuite>
  <testsuite errors="0" failures="0" hostname="fv-az14" name="ds.lmerSLMA::smk::setup phase 2" skipped="0" tests="3" time="5.406" timestamp="2020-09-12T14:59:36Z">
    <testcase classname="ds.lmerSLMA_smk_setup_phase_2" name="setup" time="5.404"/>
    <testcase classname="ds.lmerSLMA_smk_setup_phase_2" name="setup" time="0.00100000000020373"/>
    <testcase classname="ds.lmerSLMA_smk_setup_phase_2" name="setup" time="0.000999999999748979"/>
  </testsuite>
  <testsuite errors="0" failures="0" hostname="fv-az14" name="ds.lmerSLMA::smk::test phase 2" skipped="1" tests="1" time="0.011" timestamp="2020-09-12T14:59:41Z">
    <testcase classname="ds.lmerSLMA_smk_test_phase_2" name="check_slope_formulae" time="0.0109999999999673">
      <skipped/>
    </testcase>
  </testsuite>
  <testsuite errors="0" failures="0" hostname="fv-az14" name="ds.lmerSLMA::smk::shutdown phase 2" skipped="0" tests="3" time="0.285" timestamp="2020-09-12T14:59:41Z">
    <testcase classname="ds.lmerSLMA_smk_shutdown_phase_2" name="shutdown" time="0.282000000000153"/>
    <testcase classname="ds.lmerSLMA_smk_shutdown_phase_2" name="shutdown" time="0.00199999999995271"/>
    <testcase classname="ds.lmerSLMA_smk_shutdown_phase_2" name="shutdown" time="0.00100000000020373"/>
  </testsuite>
  <testsuite errors="0" failures="0" hostname="fv-az14" name="ds.lmerSLMA::smk::done" skipped="0" tests="0" time="0" timestamp="2020-09-12T14:59:42Z"/>
  <testsuite errors="0" failures="0" hostname="fv-az14" name="ds.log::smk::setup" skipped="0" tests="3" time="5.248" timestamp="2020-09-12T14:59:42Z">
    <testcase classname="ds.log_smk_setup" name="setup" time="5.24499999999989"/>
    <testcase classname="ds.log_smk_setup" name="setup" time="0.000999999999748979"/>
    <testcase classname="ds.log_smk_setup" name="setup" time="0.00200000000040745"/>
  </testsuite>
  <testsuite errors="0" failures="0" hostname="fv-az14" name="ds.log::smk" skipped="0" tests="30" time="5.466" timestamp="2020-09-12T14:59:46Z">
    <testcase classname="ds.log_smk" name="simple_log" time="1.48599999999988"/>
    <testcase classname="ds.log_smk" name="simple_log" time="0.271999999999935"/>
    <testcase classname="ds.log_smk" name="simple_log" time="0.000999999999748979"/>
    <testcase classname="ds.log_smk" name="simple_log" time="0.00200000000040745"/>
    <testcase classname="ds.log_smk" name="simple_log" time="0.000999999999748979"/>
    <testcase classname="ds.log_smk" name="simple_log" time="0.00100000000020373"/>
    <testcase classname="ds.log_smk" name="simple_log" time="0.000999999999748979"/>
    <testcase classname="ds.log_smk" name="simple_log" time="0.00100000000020373"/>
    <testcase classname="ds.log_smk" name="simple_log" time="0.531999999999698"/>
    <testcase classname="ds.log_smk" name="simple_log" time="0.00200000000040745"/>
    <testcase classname="ds.log_smk" name="simple_log" time="0.000999999999748979"/>
    <testcase classname="ds.log_smk" name="simple_log" time="0.00100000000020373"/>
    <testcase classname="ds.log_smk" name="simple_log" time="0.00199999999995271"/>
    <testcase classname="ds.log_smk" name="simple_log" time="0.000999999999748979"/>
    <testcase classname="ds.log_smk" name="simple_log" time="0.00100000000020373"/>
    <testcase classname="ds.log_smk" name="simple_log" time="2.34299999999985"/>
    <testcase classname="ds.log_smk" name="simple_log" time="0.269000000000233"/>
    <testcase classname="ds.log_smk" name="simple_log" time="0.000999999999748979"/>
    <testcase classname="ds.log_smk" name="simple_log" time="0.00199999999995271"/>
    <testcase classname="ds.log_smk" name="simple_log" time="0.00100000000020373"/>
    <testcase classname="ds.log_smk" name="simple_log" time="0.00199999999995271"/>
    <testcase classname="ds.log_smk" name="simple_log" time="0.00100000000020373"/>
    <testcase classname="ds.log_smk" name="simple_log" time="0.00199999999995271"/>
    <testcase classname="ds.log_smk" name="simple_log" time="0.528999999999996"/>
    <testcase classname="ds.log_smk" name="simple_log" time="0.00199999999995271"/>
    <testcase classname="ds.log_smk" name="simple_log" time="0.00199999999995271"/>
    <testcase classname="ds.log_smk" name="simple_log" time="0.00199999999995271"/>
    <testcase classname="ds.log_smk" name="simple_log" time="0.00199999999995271"/>
    <testcase classname="ds.log_smk" name="simple_log" time="0.00100000000020373"/>
    <testcase classname="ds.log_smk" name="simple_log" time="0.00199999999995271"/>
  </testsuite>
  <testsuite errors="0" failures="0" hostname="fv-az14" name="ds.log::smk::shutdown" skipped="0" tests="3" time="0.274" timestamp="2020-09-12T14:59:52Z">
    <testcase classname="ds.log_smk_shutdown" name="shutdown" time="0.271999999999935"/>
    <testcase classname="ds.log_smk_shutdown" name="shutdown" time="0.000999999999748979"/>
    <testcase classname="ds.log_smk_shutdown" name="shutdown" time="0.00100000000020373"/>
  </testsuite>
  <testsuite errors="0" failures="0" hostname="fv-az14" name="ds.log::smk::done" skipped="0" tests="0" time="0" timestamp="2020-09-12T14:59:53Z"/>
  <testsuite errors="0" failures="0" hostname="fv-az14" name="ds.look::smk::setup" skipped="0" tests="3" time="5.252" timestamp="2020-09-12T14:59:53Z">
    <testcase classname="ds.look_smk_setup" name="setup" time="5.2489999999998"/>
    <testcase classname="ds.look_smk_setup" name="setup" time="0.00100000000020373"/>
    <testcase classname="ds.look_smk_setup" name="setup" time="0.00199999999995271"/>
  </testsuite>
  <testsuite errors="0" failures="0" hostname="fv-az14" name="ds.look::smk" skipped="0" tests="5" time="0.282" timestamp="2020-09-12T14:59:57Z">
    <testcase classname="ds.look_smk" name="simple_look" time="0.277000000000044"/>
    <testcase classname="ds.look_smk" name="simple_look" time="0.00100000000020373"/>
    <testcase classname="ds.look_smk" name="simple_look" time="0.00199999999995271"/>
    <testcase classname="ds.look_smk" name="simple_look" time="0.000999999999748979"/>
    <testcase classname="ds.look_smk" name="simple_look" time="0.00100000000020373"/>
  </testsuite>
  <testsuite errors="0" failures="0" hostname="fv-az14" name="ds.look::smk::shutdown" skipped="0" tests="3" time="0.281" timestamp="2020-09-12T14:59:58Z">
    <testcase classname="ds.look_smk_shutdown" name="shutdown" time="0.277999999999793"/>
    <testcase classname="ds.look_smk_shutdown" name="shutdown" time="0.00100000000020373"/>
    <testcase classname="ds.look_smk_shutdown" name="shutdown" time="0.00199999999995271"/>
  </testsuite>
  <testsuite errors="0" failures="0" hostname="fv-az14" name="ds.look::smk::done" skipped="0" tests="0" time="0" timestamp="2020-09-12T14:59:59Z"/>
  <testsuite errors="0" failures="0" hostname="fv-az14" name="ds.ls::smk::setup" skipped="0" tests="3" time="5.227" timestamp="2020-09-12T14:59:59Z">
    <testcase classname="ds.ls_smk_setup" name="setup" time="5.22400000000016"/>
    <testcase classname="ds.ls_smk_setup" name="setup" time="0.000999999999748979"/>
    <testcase classname="ds.ls_smk_setup" name="setup" time="0.00199999999995271"/>
  </testsuite>
  <testsuite errors="0" failures="0" hostname="fv-az14" name="ds.ls::smk" skipped="0" tests="53" time="1.418" timestamp="2020-09-12T15:00:03Z">
    <testcase classname="ds.ls_smk" name="simple_ls" time="0.273999999999887"/>
    <testcase classname="ds.ls_smk" name="simple_ls" time="0.00100000000020373"/>
    <testcase classname="ds.ls_smk" name="simple_ls" time="0.00199999999995271"/>
    <testcase classname="ds.ls_smk" name="simple_ls" time="0.00100000000020373"/>
    <testcase classname="ds.ls_smk" name="simple_ls" time="0.000999999999748979"/>
    <testcase classname="ds.ls_smk" name="simple_ls" time="0.00199999999995271"/>
    <testcase classname="ds.ls_smk" name="simple_ls" time="0.00100000000020373"/>
    <testcase classname="ds.ls_smk" name="simple_ls" time="0.000999999999748979"/>
    <testcase classname="ds.ls_smk" name="simple_ls" time="0.00200000000040745"/>
    <testcase classname="ds.ls_smk" name="simple_ls" time="0.000999999999748979"/>
    <testcase classname="ds.ls_smk" name="simple_ls" time="0.00100000000020373"/>
    <testcase classname="ds.ls_smk" name="simple_ls" time="0.000999999999748979"/>
    <testcase classname="ds.ls_smk" name="simple_ls" time="0.00199999999995271"/>
    <testcase classname="ds.ls_smk" name="simple_ls_with_envir" time="0.26299999999992"/>
    <testcase classname="ds.ls_smk" name="simple_ls_with_envir" time="0.00200000000040745"/>
    <testcase classname="ds.ls_smk" name="simple_ls_with_envir" time="0.000999999999748979"/>
    <testcase classname="ds.ls_smk" name="simple_ls_with_envir" time="0.00199999999995271"/>
    <testcase classname="ds.ls_smk" name="simple_ls_with_envir" time="0.00100000000020373"/>
    <testcase classname="ds.ls_smk" name="simple_ls_with_envir" time="0.000999999999748979"/>
    <testcase classname="ds.ls_smk" name="simple_ls_with_envir" time="0.00199999999995271"/>
    <testcase classname="ds.ls_smk" name="simple_ls_with_envir" time="0.00100000000020373"/>
    <testcase classname="ds.ls_smk" name="simple_ls_with_envir" time="0.00100000000020373"/>
    <testcase classname="ds.ls_smk" name="simple_ls_with_envir" time="0.00199999999995271"/>
    <testcase classname="ds.ls_smk" name="simple_ls_with_envir_with_wildcard_postfix" time="0.26299999999992"/>
    <testcase classname="ds.ls_smk" name="simple_ls_with_envir_with_wildcard_postfix" time="0.00199999999995271"/>
    <testcase classname="ds.ls_smk" name="simple_ls_with_envir_with_wildcard_postfix" time="0.00199999999995271"/>
    <testcase classname="ds.ls_smk" name="simple_ls_with_envir_with_wildcard_postfix" time="0.00199999999995271"/>
    <testcase classname="ds.ls_smk" name="simple_ls_with_envir_with_wildcard_postfix" time="0.00199999999995271"/>
    <testcase classname="ds.ls_smk" name="simple_ls_with_envir_with_wildcard_postfix" time="0.00100000000020373"/>
    <testcase classname="ds.ls_smk" name="simple_ls_with_envir_with_wildcard_postfix" time="0.00199999999995271"/>
    <testcase classname="ds.ls_smk" name="simple_ls_with_envir_with_wildcard_postfix" time="0.00199999999995271"/>
    <testcase classname="ds.ls_smk" name="simple_ls_with_envir_with_wildcard_postfix" time="0.00199999999995271"/>
    <testcase classname="ds.ls_smk" name="simple_ls_with_envir_with_wildcard_postfix" time="0.00199999999995271"/>
    <testcase classname="ds.ls_smk" name="simple_ls_with_envir_with_wildcard_infix" time="0.273999999999887"/>
    <testcase classname="ds.ls_smk" name="simple_ls_with_envir_with_wildcard_infix" time="0.00100000000020373"/>
    <testcase classname="ds.ls_smk" name="simple_ls_with_envir_with_wildcard_infix" time="0.00199999999995271"/>
    <testcase classname="ds.ls_smk" name="simple_ls_with_envir_with_wildcard_infix" time="0.000999999999748979"/>
    <testcase classname="ds.ls_smk" name="simple_ls_with_envir_with_wildcard_infix" time="0.00199999999995271"/>
    <testcase classname="ds.ls_smk" name="simple_ls_with_envir_with_wildcard_infix" time="0.00199999999995271"/>
    <testcase classname="ds.ls_smk" name="simple_ls_with_envir_with_wildcard_infix" time="0.00100000000020373"/>
    <testcase classname="ds.ls_smk" name="simple_ls_with_envir_with_wildcard_infix" time="0.00199999999995271"/>
    <testcase classname="ds.ls_smk" name="simple_ls_with_envir_with_wildcard_infix" time="0.00199999999995271"/>
    <testcase classname="ds.ls_smk" name="simple_ls_with_envir_with_wildcard_infix" time="0.00100000000020373"/>
    <testcase classname="ds.ls_smk" name="simple_ls_with_envir_with_wildcard_prefix" time="0.268000000000029"/>
    <testcase classname="ds.ls_smk" name="simple_ls_with_envir_with_wildcard_prefix" time="0.00199999999995271"/>
    <testcase classname="ds.ls_smk" name="simple_ls_with_envir_with_wildcard_prefix" time="0.00199999999995271"/>
    <testcase classname="ds.ls_smk" name="simple_ls_with_envir_with_wildcard_prefix" time="0.000999999999748979"/>
    <testcase classname="ds.ls_smk" name="simple_ls_with_envir_with_wildcard_prefix" time="0.00200000000040745"/>
    <testcase classname="ds.ls_smk" name="simple_ls_with_envir_with_wildcard_prefix" time="0.00199999999995271"/>
    <testcase classname="ds.ls_smk" name="simple_ls_with_envir_with_wildcard_prefix" time="0.00199999999995271"/>
    <testcase classname="ds.ls_smk" name="simple_ls_with_envir_with_wildcard_prefix" time="0.00199999999995271"/>
    <testcase classname="ds.ls_smk" name="simple_ls_with_envir_with_wildcard_prefix" time="0.000999999999748979"/>
    <testcase classname="ds.ls_smk" name="simple_ls_with_envir_with_wildcard_prefix" time="0.00199999999995271"/>
  </testsuite>
  <testsuite errors="0" failures="0" hostname="fv-az14" name="ds.ls::smk::shutdown" skipped="0" tests="3" time="0.307" timestamp="2020-09-12T15:00:05Z">
    <testcase classname="ds.ls_smk_shutdown" name="shutdown" time="0.305000000000291"/>
    <testcase classname="ds.ls_smk_shutdown" name="shutdown" time="0.000999999999748979"/>
    <testcase classname="ds.ls_smk_shutdown" name="shutdown" time="0.00100000000020373"/>
  </testsuite>
  <testsuite errors="0" failures="0" hostname="fv-az14" name="ds.ls::smk::done" skipped="0" tests="0" time="0" timestamp="2020-09-12T15:00:06Z"/>
  <testsuite errors="0" failures="0" hostname="fv-az14" name="ds.make::smk::setup" skipped="0" tests="3" time="5.292" timestamp="2020-09-12T15:00:06Z">
    <testcase classname="ds.make_smk_setup" name="setup" time="5.28900000000021"/>
    <testcase classname="ds.make_smk_setup" name="setup" time="0.00199999999995271"/>
    <testcase classname="ds.make_smk_setup" name="setup" time="0.00100000000020373"/>
  </testsuite>
  <testsuite errors="0" failures="0" hostname="fv-az14" name="ds.make::smk" skipped="0" tests="3" time="0.803" timestamp="2020-09-12T15:00:10Z">
    <testcase classname="ds.make_smk" name="simple_make" time="0.799999999999727"/>
    <testcase classname="ds.make_smk" name="simple_make" time="0.00199999999995271"/>
    <testcase classname="ds.make_smk" name="simple_make" time="0.00100000000020373"/>
  </testsuite>
  <testsuite errors="0" failures="0" hostname="fv-az14" name="ds.make::smk::shutdown" skipped="0" tests="3" time="0.274" timestamp="2020-09-12T15:00:11Z">
    <testcase classname="ds.make_smk_shutdown" name="shutdown" time="0.271000000000186"/>
    <testcase classname="ds.make_smk_shutdown" name="shutdown" time="0.000999999999748979"/>
    <testcase classname="ds.make_smk_shutdown" name="shutdown" time="0.00199999999995271"/>
  </testsuite>
  <testsuite errors="0" failures="0" hostname="fv-az14" name="ds.make::smk::done" skipped="0" tests="0" time="0" timestamp="2020-09-12T15:00:12Z"/>
  <testsuite errors="0" failures="0" hostname="fv-az14" name="ds.matrixDet::smk::setup" skipped="0" tests="3" time="5.233" timestamp="2020-09-12T15:00:12Z">
    <testcase classname="ds.matrixDet_smk_setup" name="setup" time="5.23100000000022"/>
    <testcase classname="ds.matrixDet_smk_setup" name="setup" time="0.00100000000020373"/>
    <testcase classname="ds.matrixDet_smk_setup" name="setup" time="0.000999999999748979"/>
  </testsuite>
  <testsuite errors="0" failures="0" hostname="fv-az14" name="ds.matrixDet::smk" skipped="0" tests="7" time="2.255" timestamp="2020-09-12T15:00:17Z">
    <testcase classname="ds.matrixDet_smk" name="simplest_ds.matrixDet" time="1.69700000000012"/>
    <testcase classname="ds.matrixDet_smk" name="simplest_ds.matrixDet" time="0.00199999999995271"/>
    <testcase classname="ds.matrixDet_smk" name="simplest_ds.matrixDet" time="0.00100000000020373"/>
    <testcase classname="ds.matrixDet_smk" name="simplest_ds.matrixDet" time="0.550999999999931"/>
    <testcase classname="ds.matrixDet_smk" name="simplest_ds.matrixDet" time="0.000999999999748979"/>
    <testcase classname="ds.matrixDet_smk" name="simplest_ds.matrixDet" time="0.00200000000040745"/>
    <testcase classname="ds.matrixDet_smk" name="simplest_ds.matrixDet" time="0.000999999999748979"/>
  </testsuite>
  <testsuite errors="0" failures="0" hostname="fv-az14" name="ds.matrixDet::smk::shutdown" skipped="0" tests="3" time="0.31" timestamp="2020-09-12T15:00:19Z">
    <testcase classname="ds.matrixDet_smk_shutdown" name="shutdown" time="0.307000000000244"/>
    <testcase classname="ds.matrixDet_smk_shutdown" name="shutdown" time="0.00199999999995271"/>
    <testcase classname="ds.matrixDet_smk_shutdown" name="shutdown" time="0.000999999999748979"/>
  </testsuite>
  <testsuite errors="0" failures="0" hostname="fv-az14" name="ds.matrixDet::smk::done" skipped="0" tests="0" time="0" timestamp="2020-09-12T15:00:20Z"/>
  <testsuite errors="0" failures="0" hostname="fv-az14" name="ds.matrixDet.report::smk::setup" skipped="0" tests="3" time="5.239" timestamp="2020-09-12T15:00:20Z">
    <testcase classname="ds.matrixDet.report_smk_setup" name="setup" time="5.23600000000033"/>
    <testcase classname="ds.matrixDet.report_smk_setup" name="setup" time="0.000999999999748979"/>
    <testcase classname="ds.matrixDet.report_smk_setup" name="setup" time="0.00199999999995271"/>
  </testsuite>
  <testsuite errors="0" failures="0" hostname="fv-az14" name="ds.matrixDet.report::smk" skipped="0" tests="14" time="1.096" timestamp="2020-09-12T15:00:24Z">
    <testcase classname="ds.matrixDet.report_smk" name="simplest_ds.matrixDet.report" time="1.07900000000018"/>
    <testcase classname="ds.matrixDet.report_smk" name="simplest_ds.matrixDet.report" time="0.000999999999748979"/>
    <testcase classname="ds.matrixDet.report_smk" name="simplest_ds.matrixDet.report" time="0.00199999999995271"/>
    <testcase classname="ds.matrixDet.report_smk" name="simplest_ds.matrixDet.report" time="0.00100000000020373"/>
    <testcase classname="ds.matrixDet.report_smk" name="simplest_ds.matrixDet.report" time="0.00100000000020373"/>
    <testcase classname="ds.matrixDet.report_smk" name="simplest_ds.matrixDet.report" time="0.00199999999995271"/>
    <testcase classname="ds.matrixDet.report_smk" name="simplest_ds.matrixDet.report" time="0.000999999999748979"/>
    <testcase classname="ds.matrixDet.report_smk" name="simplest_ds.matrixDet.report" time="0.00100000000020373"/>
    <testcase classname="ds.matrixDet.report_smk" name="simplest_ds.matrixDet.report" time="0.00199999999995271"/>
    <testcase classname="ds.matrixDet.report_smk" name="simplest_ds.matrixDet.report" time="0.000999999999748979"/>
    <testcase classname="ds.matrixDet.report_smk" name="simplest_ds.matrixDet.report" time="0.00100000000020373"/>
    <testcase classname="ds.matrixDet.report_smk" name="simplest_ds.matrixDet.report" time="0.00199999999995271"/>
    <testcase classname="ds.matrixDet.report_smk" name="simplest_ds.matrixDet.report" time="0.00100000000020373"/>
    <testcase classname="ds.matrixDet.report_smk" name="simplest_ds.matrixDet.report" time="0.000999999999748979"/>
  </testsuite>
  <testsuite errors="0" failures="0" hostname="fv-az14" name="ds.matrixDet.report::smk::shutdown" skipped="0" tests="3" time="0.29" timestamp="2020-09-12T15:00:25Z">
    <testcase classname="ds.matrixDet.report_smk_shutdown" name="shutdown" time="0.287000000000262"/>
    <testcase classname="ds.matrixDet.report_smk_shutdown" name="shutdown" time="0.000999999999748979"/>
    <testcase classname="ds.matrixDet.report_smk_shutdown" name="shutdown" time="0.00199999999995271"/>
  </testsuite>
  <testsuite errors="0" failures="0" hostname="fv-az14" name="ds.matrixDet.report::smk::done" skipped="0" tests="0" time="0" timestamp="2020-09-12T15:00:26Z"/>
  <testsuite errors="0" failures="0" hostname="fv-az14" name="ds.matrixDiag::smk::setup" skipped="0" tests="3" time="5.264" timestamp="2020-09-12T15:00:26Z">
    <testcase classname="ds.matrixDiag_smk_setup" name="setup" time="5.26099999999997"/>
    <testcase classname="ds.matrixDiag_smk_setup" name="setup" time="0.00199999999995271"/>
    <testcase classname="ds.matrixDiag_smk_setup" name="setup" time="0.00100000000020373"/>
  </testsuite>
  <testsuite errors="0" failures="0" hostname="fv-az14" name="ds.matrixDiag::smk" skipped="0" tests="7" time="1.398" timestamp="2020-09-12T15:00:31Z">
    <testcase classname="ds.matrixDiag_smk" name="simplest_ds.matrixDiag" time="0.869999999999891"/>
    <testcase classname="ds.matrixDiag_smk" name="simplest_ds.matrixDiag" time="0.000999999999748979"/>
    <testcase classname="ds.matrixDiag_smk" name="simplest_ds.matrixDiag" time="0.00100000000020373"/>
    <testcase classname="ds.matrixDiag_smk" name="simplest_ds.matrixDiag" time="0.521999999999935"/>
    <testcase classname="ds.matrixDiag_smk" name="simplest_ds.matrixDiag" time="0.00100000000020373"/>
    <testcase classname="ds.matrixDiag_smk" name="simplest_ds.matrixDiag" time="0.00199999999995271"/>
    <testcase classname="ds.matrixDiag_smk" name="simplest_ds.matrixDiag" time="0.000999999999748979"/>
  </testsuite>
  <testsuite errors="0" failures="0" hostname="fv-az14" name="ds.matrixDiag::smk" skipped="0" tests="7" time="1.406" timestamp="2020-09-12T15:00:32Z">
    <testcase classname="ds.matrixDiag_smk" name="simplest_ds.matrixDiag" time="0.79300000000012"/>
    <testcase classname="ds.matrixDiag_smk" name="simplest_ds.matrixDiag" time="0.00199999999995271"/>
    <testcase classname="ds.matrixDiag_smk" name="simplest_ds.matrixDiag" time="0.00199999999995271"/>
    <testcase classname="ds.matrixDiag_smk" name="simplest_ds.matrixDiag" time="0.605000000000018"/>
    <testcase classname="ds.matrixDiag_smk" name="simplest_ds.matrixDiag" time="0.00100000000020373"/>
    <testcase classname="ds.matrixDiag_smk" name="simplest_ds.matrixDiag" time="0.000999999999748979"/>
    <testcase classname="ds.matrixDiag_smk" name="simplest_ds.matrixDiag" time="0.00199999999995271"/>
  </testsuite>
  <testsuite errors="0" failures="0" hostname="fv-az14" name="ds.matrixDiag::smk::shutdown" skipped="0" tests="3" time="0.284" timestamp="2020-09-12T15:00:34Z">
    <testcase classname="ds.matrixDiag_smk_shutdown" name="shutdown" time="0.2800000000002"/>
    <testcase classname="ds.matrixDiag_smk_shutdown" name="shutdown" time="0.00199999999995271"/>
    <testcase classname="ds.matrixDiag_smk_shutdown" name="shutdown" time="0.00199999999995271"/>
  </testsuite>
  <testsuite errors="0" failures="0" hostname="fv-az14" name="ds.matrixDiag::smk::done" skipped="0" tests="0" time="0" timestamp="2020-09-12T15:00:35Z"/>
  <testsuite errors="0" failures="0" hostname="fv-az14" name="ds.matrixDimnames::smk::setup" skipped="0" tests="3" time="5.249" timestamp="2020-09-12T15:00:35Z">
    <testcase classname="ds.matrixDimnames_smk_setup" name="setup" time="5.24699999999984"/>
    <testcase classname="ds.matrixDimnames_smk_setup" name="setup" time="0.00100000000020373"/>
    <testcase classname="ds.matrixDimnames_smk_setup" name="setup" time="0.000999999999748979"/>
  </testsuite>
  <testsuite errors="0" failures="0" hostname="fv-az14" name="ds.matrixDimnames::smk" skipped="0" tests="7" time="2.211" timestamp="2020-09-12T15:00:39Z">
    <testcase classname="ds.matrixDimnames_smk" name="simplest_ds.matrixDimnames" time="1.65000000000009"/>
    <testcase classname="ds.matrixDimnames_smk" name="simplest_ds.matrixDimnames" time="0.00100000000020373"/>
    <testcase classname="ds.matrixDimnames_smk" name="simplest_ds.matrixDimnames" time="0.00100000000020373"/>
    <testcase classname="ds.matrixDimnames_smk" name="simplest_ds.matrixDimnames" time="0.554999999999836"/>
    <testcase classname="ds.matrixDimnames_smk" name="simplest_ds.matrixDimnames" time="0.00199999999995271"/>
    <testcase classname="ds.matrixDimnames_smk" name="simplest_ds.matrixDimnames" time="0.00100000000020373"/>
    <testcase classname="ds.matrixDimnames_smk" name="simplest_ds.matrixDimnames" time="0.000999999999748979"/>
  </testsuite>
  <testsuite errors="0" failures="0" hostname="fv-az14" name="ds.matrixDimnames::smk::shutdown" skipped="0" tests="3" time="0.313" timestamp="2020-09-12T15:00:42Z">
    <testcase classname="ds.matrixDimnames_smk_shutdown" name="shutdown" time="0.309999999999945"/>
    <testcase classname="ds.matrixDimnames_smk_shutdown" name="shutdown" time="0.00100000000020373"/>
    <testcase classname="ds.matrixDimnames_smk_shutdown" name="shutdown" time="0.00199999999995271"/>
  </testsuite>
  <testsuite errors="0" failures="0" hostname="fv-az14" name="ds.matrixDimnames::smk::done" skipped="0" tests="0" time="0" timestamp="2020-09-12T15:00:43Z"/>
  <testsuite errors="0" failures="0" hostname="fv-az14" name="ds.matrixInvert::smk::setup" skipped="0" tests="3" time="5.299" timestamp="2020-09-12T15:00:43Z">
    <testcase classname="ds.matrixInvert_smk_setup" name="setup" time="5.29700000000003"/>
    <testcase classname="ds.matrixInvert_smk_setup" name="setup" time="0.000999999999748979"/>
    <testcase classname="ds.matrixInvert_smk_setup" name="setup" time="0.00100000000020373"/>
  </testsuite>
  <testsuite errors="0" failures="0" hostname="fv-az14" name="ds.matrixInvert::smk" skipped="0" tests="7" time="2.192" timestamp="2020-09-12T15:00:47Z">
    <testcase classname="ds.matrixInvert_smk" name="simplest_ds.matrixInvert" time="1.64100000000008"/>
    <testcase classname="ds.matrixInvert_smk" name="simplest_ds.matrixInvert" time="0.000999999999748979"/>
    <testcase classname="ds.matrixInvert_smk" name="simplest_ds.matrixInvert" time="0.00100000000020373"/>
    <testcase classname="ds.matrixInvert_smk" name="simplest_ds.matrixInvert" time="0.545000000000073"/>
    <testcase classname="ds.matrixInvert_smk" name="simplest_ds.matrixInvert" time="0.00199999999995271"/>
    <testcase classname="ds.matrixInvert_smk" name="simplest_ds.matrixInvert" time="0.00100000000020373"/>
    <testcase classname="ds.matrixInvert_smk" name="simplest_ds.matrixInvert" time="0.000999999999748979"/>
  </testsuite>
  <testsuite errors="0" failures="0" hostname="fv-az14" name="ds.matrixInvert::smk::shutdown" skipped="0" tests="3" time="0.311" timestamp="2020-09-12T15:00:49Z">
    <testcase classname="ds.matrixInvert_smk_shutdown" name="shutdown" time="0.309000000000196"/>
    <testcase classname="ds.matrixInvert_smk_shutdown" name="shutdown" time="0.00100000000020373"/>
    <testcase classname="ds.matrixInvert_smk_shutdown" name="shutdown" time="0.000999999999748979"/>
  </testsuite>
  <testsuite errors="0" failures="0" hostname="fv-az14" name="ds.matrixInvert::smk::done" skipped="0" tests="0" time="0" timestamp="2020-09-12T15:00:50Z"/>
  <testsuite errors="0" failures="0" hostname="fv-az14" name="ds.matrixMult::smk::setup" skipped="0" tests="3" time="5.223" timestamp="2020-09-12T15:00:50Z">
    <testcase classname="ds.matrixMult_smk_setup" name="setup" time="5.221"/>
    <testcase classname="ds.matrixMult_smk_setup" name="setup" time="0.00100000000020373"/>
    <testcase classname="ds.matrixMult_smk_setup" name="setup" time="0.000999999999748979"/>
  </testsuite>
  <testsuite errors="0" failures="0" hostname="fv-az14" name="ds.matrixMult::smk" skipped="0" tests="7" time="3.081" timestamp="2020-09-12T15:00:55Z">
    <testcase classname="ds.matrixMult_smk" name="simplest_ds.matrixMult" time="2.53999999999996"/>
    <testcase classname="ds.matrixMult_smk" name="simplest_ds.matrixMult" time="0.00199999999995271"/>
    <testcase classname="ds.matrixMult_smk" name="simplest_ds.matrixMult" time="0.00200000000040745"/>
    <testcase classname="ds.matrixMult_smk" name="simplest_ds.matrixMult" time="0.532999999999902"/>
    <testcase classname="ds.matrixMult_smk" name="simplest_ds.matrixMult" time="0.000999999999748979"/>
    <testcase classname="ds.matrixMult_smk" name="simplest_ds.matrixMult" time="0.00199999999995271"/>
    <testcase classname="ds.matrixMult_smk" name="simplest_ds.matrixMult" time="0.00100000000020373"/>
  </testsuite>
  <testsuite errors="0" failures="0" hostname="fv-az14" name="ds.matrixMult::smk::shutdown" skipped="0" tests="3" time="0.297" timestamp="2020-09-12T15:00:58Z">
    <testcase classname="ds.matrixMult_smk_shutdown" name="shutdown" time="0.295000000000073"/>
    <testcase classname="ds.matrixMult_smk_shutdown" name="shutdown" time="0.000999999999748979"/>
    <testcase classname="ds.matrixMult_smk_shutdown" name="shutdown" time="0.000999999999748979"/>
  </testsuite>
  <testsuite errors="0" failures="0" hostname="fv-az14" name="ds.matrixMult::smk::done" skipped="0" tests="0" time="0" timestamp="2020-09-12T15:00:59Z"/>
  <testsuite errors="0" failures="0" hostname="fv-az14" name="ds.matrix::smk::setup" skipped="0" tests="3" time="5.258" timestamp="2020-09-12T15:00:59Z">
    <testcase classname="ds.matrix_smk_setup" name="setup" time="5.25500000000011"/>
    <testcase classname="ds.matrix_smk_setup" name="setup" time="0.00100000000020373"/>
    <testcase classname="ds.matrix_smk_setup" name="setup" time="0.00199999999995271"/>
  </testsuite>
  <testsuite errors="0" failures="0" hostname="fv-az14" name="ds.matrix::smk" skipped="0" tests="7" time="1.33" timestamp="2020-09-12T15:01:04Z">
    <testcase classname="ds.matrix_smk" name="simplest_ds.matrix" time="0.791999999999916"/>
    <testcase classname="ds.matrix_smk" name="simplest_ds.matrix" time="0.00199999999995271"/>
    <testcase classname="ds.matrix_smk" name="simplest_ds.matrix" time="0.00100000000020373"/>
    <testcase classname="ds.matrix_smk" name="simplest_ds.matrix" time="0.530999999999949"/>
    <testcase classname="ds.matrix_smk" name="simplest_ds.matrix" time="0.000999999999748979"/>
    <testcase classname="ds.matrix_smk" name="simplest_ds.matrix" time="0.00100000000020373"/>
    <testcase classname="ds.matrix_smk" name="simplest_ds.matrix" time="0.00199999999995271"/>
  </testsuite>
  <testsuite errors="0" failures="0" hostname="fv-az14" name="ds.matrix::smk::shutdown" skipped="0" tests="3" time="0.28" timestamp="2020-09-12T15:01:05Z">
    <testcase classname="ds.matrix_smk_shutdown" name="shutdown" time="0.277999999999793"/>
    <testcase classname="ds.matrix_smk_shutdown" name="shutdown" time="0.00100000000020373"/>
    <testcase classname="ds.matrix_smk_shutdown" name="shutdown" time="0.00100000000020373"/>
  </testsuite>
  <testsuite errors="0" failures="0" hostname="fv-az14" name="ds.matrix::smk::done" skipped="0" tests="0" time="0" timestamp="2020-09-12T15:01:06Z"/>
  <testsuite errors="0" failures="0" hostname="fv-az14" name="ds.matrixTranspose::smk::setup" skipped="0" tests="3" time="5.247" timestamp="2020-09-12T15:01:06Z">
    <testcase classname="ds.matrixTranspose_smk_setup" name="setup" time="5.24399999999969"/>
    <testcase classname="ds.matrixTranspose_smk_setup" name="setup" time="0.00100000000020373"/>
    <testcase classname="ds.matrixTranspose_smk_setup" name="setup" time="0.00199999999995271"/>
  </testsuite>
  <testsuite errors="0" failures="0" hostname="fv-az14" name="ds.matrixTranspose::smk" skipped="0" tests="7" time="2.175" timestamp="2020-09-12T15:01:10Z">
    <testcase classname="ds.matrixTranspose_smk" name="simplest_ds.matrixTranspose" time="1.64699999999993"/>
    <testcase classname="ds.matrixTranspose_smk" name="simplest_ds.matrixTranspose" time="0.00100000000020373"/>
    <testcase classname="ds.matrixTranspose_smk" name="simplest_ds.matrixTranspose" time="0.00199999999995271"/>
    <testcase classname="ds.matrixTranspose_smk" name="simplest_ds.matrixTranspose" time="0.520999999999731"/>
    <testcase classname="ds.matrixTranspose_smk" name="simplest_ds.matrixTranspose" time="0.00199999999995271"/>
    <testcase classname="ds.matrixTranspose_smk" name="simplest_ds.matrixTranspose" time="0.00100000000020373"/>
    <testcase classname="ds.matrixTranspose_smk" name="simplest_ds.matrixTranspose" time="0.00100000000020373"/>
  </testsuite>
  <testsuite errors="0" failures="0" hostname="fv-az14" name="ds.matrixTranspose::smk::shutdown" skipped="0" tests="3" time="0.322" timestamp="2020-09-12T15:01:13Z">
    <testcase classname="ds.matrixTranspose_smk_shutdown" name="shutdown" time="0.31899999999996"/>
    <testcase classname="ds.matrixTranspose_smk_shutdown" name="shutdown" time="0.00199999999995271"/>
    <testcase classname="ds.matrixTranspose_smk_shutdown" name="shutdown" time="0.000999999999748979"/>
  </testsuite>
  <testsuite errors="0" failures="0" hostname="fv-az14" name="ds.matrixTranspose::smk::done" skipped="0" tests="0" time="0" timestamp="2020-09-12T15:01:14Z"/>
  <testsuite errors="0" failures="0" hostname="fv-az14" name="ds.meanByClass::smk::setup" skipped="0" tests="3" time="5.242" timestamp="2020-09-12T15:01:14Z">
    <testcase classname="ds.meanByClass_smk_setup" name="setup" time="5.23900000000003"/>
    <testcase classname="ds.meanByClass_smk_setup" name="setup" time="0.00199999999995271"/>
    <testcase classname="ds.meanByClass_smk_setup" name="setup" time="0.00100000000020373"/>
  </testsuite>
  <testsuite errors="0" failures="0" hostname="fv-az14" name="ds.meanByClass::smk::LAB_TSC across PM_BMI_CATEGORICAL categories where both vectors are 'loose'" skipped="1" tests="1" time="1.063" timestamp="2020-09-12T15:01:18Z">
    <testcase classname="ds.meanByClass_smk_LAB_TSC_across_PM_BMI_CATEGORICAL_categories_where_both_vectors_are_loose_" name="LAB_TSC_across_" time="1.0630000000001">
      <skipped/>
    </testcase>
  </testsuite>
  <testsuite errors="0" failures="0" hostname="fv-az14" name="ds.meanByClass::smk::calculate the mean proportion for LAB_HDL across PM_BMI_CATEGORICAL categories" skipped="0" tests="7" time="7.31" timestamp="2020-09-12T15:01:19Z">
    <testcase classname="ds.meanByClass_smk_calculate_the_mean_proportion_for_LAB_HDL_across_PM_BMI_CATEGORICAL_categories" name="LAB_HDL_across_PM_BMI_CATEGORICAL" time="7.30199999999968"/>
    <testcase classname="ds.meanByClass_smk_calculate_the_mean_proportion_for_LAB_HDL_across_PM_BMI_CATEGORICAL_categories" name="LAB_HDL_across_PM_BMI_CATEGORICAL" time="0.00199999999995271"/>
    <testcase classname="ds.meanByClass_smk_calculate_the_mean_proportion_for_LAB_HDL_across_PM_BMI_CATEGORICAL_categories" name="LAB_HDL_across_PM_BMI_CATEGORICAL" time="0.00100000000020373"/>
    <testcase classname="ds.meanByClass_smk_calculate_the_mean_proportion_for_LAB_HDL_across_PM_BMI_CATEGORICAL_categories" name="LAB_HDL_across_PM_BMI_CATEGORICAL" time="0.00100000000020373"/>
    <testcase classname="ds.meanByClass_smk_calculate_the_mean_proportion_for_LAB_HDL_across_PM_BMI_CATEGORICAL_categories" name="LAB_HDL_across_PM_BMI_CATEGORICAL" time="0.000999999999748979"/>
    <testcase classname="ds.meanByClass_smk_calculate_the_mean_proportion_for_LAB_HDL_across_PM_BMI_CATEGORICAL_categories" name="LAB_HDL_across_PM_BMI_CATEGORICAL" time="0.00199999999995271"/>
    <testcase classname="ds.meanByClass_smk_calculate_the_mean_proportion_for_LAB_HDL_across_PM_BMI_CATEGORICAL_categories" name="LAB_HDL_across_PM_BMI_CATEGORICAL" time="0.00100000000020373"/>
  </testsuite>
  <testsuite errors="0" failures="0" hostname="fv-az14" name="ds.meanByClass::smk::calculate the mean proportion for LAB_HDL &amp; LAB_TSC across bmi categories" skipped="0" tests="13" time="9.623" timestamp="2020-09-12T15:01:26Z">
    <testcase classname="ds.meanByClass_smk_calculate_the_mean_proportion_for_LAB_HDL_LAB_TSC_across_bmi_categories" name="LAB_HDL_LAB_TSC_across_PM_BMI_CATEGORICAL" time="9.60699999999997"/>
    <testcase classname="ds.meanByClass_smk_calculate_the_mean_proportion_for_LAB_HDL_LAB_TSC_across_bmi_categories" name="LAB_HDL_LAB_TSC_across_PM_BMI_CATEGORICAL" time="0.00199999999995271"/>
    <testcase classname="ds.meanByClass_smk_calculate_the_mean_proportion_for_LAB_HDL_LAB_TSC_across_bmi_categories" name="LAB_HDL_LAB_TSC_across_PM_BMI_CATEGORICAL" time="0.000999999999748979"/>
    <testcase classname="ds.meanByClass_smk_calculate_the_mean_proportion_for_LAB_HDL_LAB_TSC_across_bmi_categories" name="LAB_HDL_LAB_TSC_across_PM_BMI_CATEGORICAL" time="0.00100000000020373"/>
    <testcase classname="ds.meanByClass_smk_calculate_the_mean_proportion_for_LAB_HDL_LAB_TSC_across_bmi_categories" name="LAB_HDL_LAB_TSC_across_PM_BMI_CATEGORICAL" time="0.000999999999748979"/>
    <testcase classname="ds.meanByClass_smk_calculate_the_mean_proportion_for_LAB_HDL_LAB_TSC_across_bmi_categories" name="LAB_HDL_LAB_TSC_across_PM_BMI_CATEGORICAL" time="0.00100000000020373"/>
    <testcase classname="ds.meanByClass_smk_calculate_the_mean_proportion_for_LAB_HDL_LAB_TSC_across_bmi_categories" name="LAB_HDL_LAB_TSC_across_PM_BMI_CATEGORICAL" time="0.00199999999995271"/>
    <testcase classname="ds.meanByClass_smk_calculate_the_mean_proportion_for_LAB_HDL_LAB_TSC_across_bmi_categories" name="LAB_HDL_LAB_TSC_across_PM_BMI_CATEGORICAL" time="0.000999999999748979"/>
    <testcase classname="ds.meanByClass_smk_calculate_the_mean_proportion_for_LAB_HDL_LAB_TSC_across_bmi_categories" name="LAB_HDL_LAB_TSC_across_PM_BMI_CATEGORICAL" time="0.00199999999995271"/>
    <testcase classname="ds.meanByClass_smk_calculate_the_mean_proportion_for_LAB_HDL_LAB_TSC_across_bmi_categories" name="LAB_HDL_LAB_TSC_across_PM_BMI_CATEGORICAL" time="0.00100000000020373"/>
    <testcase classname="ds.meanByClass_smk_calculate_the_mean_proportion_for_LAB_HDL_LAB_TSC_across_bmi_categories" name="LAB_HDL_LAB_TSC_across_PM_BMI_CATEGORICAL" time="0.00100000000020373"/>
    <testcase classname="ds.meanByClass_smk_calculate_the_mean_proportion_for_LAB_HDL_LAB_TSC_across_bmi_categories" name="LAB_HDL_LAB_TSC_across_PM_BMI_CATEGORICAL" time="0.000999999999748979"/>
    <testcase classname="ds.meanByClass_smk_calculate_the_mean_proportion_for_LAB_HDL_LAB_TSC_across_bmi_categories" name="LAB_HDL_LAB_TSC_across_PM_BMI_CATEGORICAL" time="0.00199999999995271"/>
  </testsuite>
  <testsuite errors="0" failures="0" hostname="fv-az14" name="ds.meanByClass::smk::calculate the mean proportion for LAB_HDL across PM_BMI_CATEGORICAL categories, split" skipped="0" tests="22" time="11.21" timestamp="2020-09-12T15:01:36Z">
    <testcase classname="ds.meanByClass_smk_calculate_the_mean_proportion_for_LAB_HDL_across_PM_BMI_CATEGORICAL_categories_split" name="LAB_HDL_across_PM_BMI_CATEGORICAL" time="11.1820000000002"/>
    <testcase classname="ds.meanByClass_smk_calculate_the_mean_proportion_for_LAB_HDL_across_PM_BMI_CATEGORICAL_categories_split" name="LAB_HDL_across_PM_BMI_CATEGORICAL" time="0.000999999999748979"/>
    <testcase classname="ds.meanByClass_smk_calculate_the_mean_proportion_for_LAB_HDL_across_PM_BMI_CATEGORICAL_categories_split" name="LAB_HDL_across_PM_BMI_CATEGORICAL" time="0.00100000000020373"/>
    <testcase classname="ds.meanByClass_smk_calculate_the_mean_proportion_for_LAB_HDL_across_PM_BMI_CATEGORICAL_categories_split" name="LAB_HDL_across_PM_BMI_CATEGORICAL" time="0.000999999999748979"/>
    <testcase classname="ds.meanByClass_smk_calculate_the_mean_proportion_for_LAB_HDL_across_PM_BMI_CATEGORICAL_categories_split" name="LAB_HDL_across_PM_BMI_CATEGORICAL" time="0.00199999999995271"/>
    <testcase classname="ds.meanByClass_smk_calculate_the_mean_proportion_for_LAB_HDL_across_PM_BMI_CATEGORICAL_categories_split" name="LAB_HDL_across_PM_BMI_CATEGORICAL" time="0.00100000000020373"/>
    <testcase classname="ds.meanByClass_smk_calculate_the_mean_proportion_for_LAB_HDL_across_PM_BMI_CATEGORICAL_categories_split" name="LAB_HDL_across_PM_BMI_CATEGORICAL" time="0.00199999999995271"/>
    <testcase classname="ds.meanByClass_smk_calculate_the_mean_proportion_for_LAB_HDL_across_PM_BMI_CATEGORICAL_categories_split" name="LAB_HDL_across_PM_BMI_CATEGORICAL" time="0.00100000000020373"/>
    <testcase classname="ds.meanByClass_smk_calculate_the_mean_proportion_for_LAB_HDL_across_PM_BMI_CATEGORICAL_categories_split" name="LAB_HDL_across_PM_BMI_CATEGORICAL" time="0.000999999999748979"/>
    <testcase classname="ds.meanByClass_smk_calculate_the_mean_proportion_for_LAB_HDL_across_PM_BMI_CATEGORICAL_categories_split" name="LAB_HDL_across_PM_BMI_CATEGORICAL" time="0.00100000000020373"/>
    <testcase classname="ds.meanByClass_smk_calculate_the_mean_proportion_for_LAB_HDL_across_PM_BMI_CATEGORICAL_categories_split" name="LAB_HDL_across_PM_BMI_CATEGORICAL" time="0.000999999999748979"/>
    <testcase classname="ds.meanByClass_smk_calculate_the_mean_proportion_for_LAB_HDL_across_PM_BMI_CATEGORICAL_categories_split" name="LAB_HDL_across_PM_BMI_CATEGORICAL" time="0.00199999999995271"/>
    <testcase classname="ds.meanByClass_smk_calculate_the_mean_proportion_for_LAB_HDL_across_PM_BMI_CATEGORICAL_categories_split" name="LAB_HDL_across_PM_BMI_CATEGORICAL" time="0.00100000000020373"/>
    <testcase classname="ds.meanByClass_smk_calculate_the_mean_proportion_for_LAB_HDL_across_PM_BMI_CATEGORICAL_categories_split" name="LAB_HDL_across_PM_BMI_CATEGORICAL" time="0.00199999999995271"/>
    <testcase classname="ds.meanByClass_smk_calculate_the_mean_proportion_for_LAB_HDL_across_PM_BMI_CATEGORICAL_categories_split" name="LAB_HDL_across_PM_BMI_CATEGORICAL" time="0.00100000000020373"/>
    <testcase classname="ds.meanByClass_smk_calculate_the_mean_proportion_for_LAB_HDL_across_PM_BMI_CATEGORICAL_categories_split" name="LAB_HDL_across_PM_BMI_CATEGORICAL" time="0.000999999999748979"/>
    <testcase classname="ds.meanByClass_smk_calculate_the_mean_proportion_for_LAB_HDL_across_PM_BMI_CATEGORICAL_categories_split" name="LAB_HDL_across_PM_BMI_CATEGORICAL" time="0.00199999999995271"/>
    <testcase classname="ds.meanByClass_smk_calculate_the_mean_proportion_for_LAB_HDL_across_PM_BMI_CATEGORICAL_categories_split" name="LAB_HDL_across_PM_BMI_CATEGORICAL" time="0.00100000000020373"/>
    <testcase classname="ds.meanByClass_smk_calculate_the_mean_proportion_for_LAB_HDL_across_PM_BMI_CATEGORICAL_categories_split" name="LAB_HDL_across_PM_BMI_CATEGORICAL" time="0.00199999999995271"/>
    <testcase classname="ds.meanByClass_smk_calculate_the_mean_proportion_for_LAB_HDL_across_PM_BMI_CATEGORICAL_categories_split" name="LAB_HDL_across_PM_BMI_CATEGORICAL" time="0.000999999999748979"/>
    <testcase classname="ds.meanByClass_smk_calculate_the_mean_proportion_for_LAB_HDL_across_PM_BMI_CATEGORICAL_categories_split" name="LAB_HDL_across_PM_BMI_CATEGORICAL" time="0.00100000000020373"/>
    <testcase classname="ds.meanByClass_smk_calculate_the_mean_proportion_for_LAB_HDL_across_PM_BMI_CATEGORICAL_categories_split" name="LAB_HDL_across_PM_BMI_CATEGORICAL" time="0.00199999999995271"/>
  </testsuite>
  <testsuite errors="0" failures="0" hostname="fv-az14" name="ds.meanByClass::smk::shutdown" skipped="0" tests="3" time="0.278" timestamp="2020-09-12T15:01:47Z">
    <testcase classname="ds.meanByClass_smk_shutdown" name="shutdown" time="0.275000000000091"/>
    <testcase classname="ds.meanByClass_smk_shutdown" name="shutdown" time="0.00199999999995271"/>
    <testcase classname="ds.meanByClass_smk_shutdown" name="shutdown" time="0.00100000000020373"/>
  </testsuite>
  <testsuite errors="0" failures="0" hostname="fv-az14" name="ds.meanByClass::smk::done" skipped="0" tests="0" time="0" timestamp="2020-09-12T15:01:48Z"/>
  <testsuite errors="0" failures="0" hostname="fv-az14" name="ds.mean::smk::setup" skipped="0" tests="3" time="5.221" timestamp="2020-09-12T15:01:48Z">
    <testcase classname="ds.mean_smk_setup" name="setup" time="5.2189999999996"/>
    <testcase classname="ds.mean_smk_setup" name="setup" time="0.00100000000020373"/>
    <testcase classname="ds.mean_smk_setup" name="setup" time="0.00100000000020373"/>
  </testsuite>
  <testsuite errors="0" failures="0" hostname="fv-az14" name="ds.mean::smk::type=combine" skipped="0" tests="23" time="1.622" timestamp="2020-09-12T15:01:53Z">
    <testcase classname="ds.mean_smk_type_combine" name="mean_values_combine_" time="1.32399999999961"/>
    <testcase classname="ds.mean_smk_type_combine" name="mean_values_combine_" time="0.00100000000020373"/>
    <testcase classname="ds.mean_smk_type_combine" name="mean_values_combine_" time="0.00100000000020373"/>
    <testcase classname="ds.mean_smk_type_combine" name="mean_values_combine_" time="0.00199999999995271"/>
    <testcase classname="ds.mean_smk_type_combine" name="mean_values_combine_" time="0.000999999999748979"/>
    <testcase classname="ds.mean_smk_type_combine" name="mean_values_combine_" time="0.0100000000002183"/>
    <testcase classname="ds.mean_smk_type_combine" name="mean_values_combine_" time="0.00199999999995271"/>
    <testcase classname="ds.mean_smk_type_combine" name="mean_values_combine_" time="0.000999999999748979"/>
    <testcase classname="ds.mean_smk_type_combine" name="mean_values_combine_" time="0.00100000000020373"/>
    <testcase classname="ds.mean_smk_type_combine" name="mean_values_combine_" time="0.00199999999995271"/>
    <testcase classname="ds.mean_smk_type_combine" name="mean_values_combine_" time="0.00100000000020373"/>
    <testcase classname="ds.mean_smk_type_combine" name="mean_values_combine_" time="0.260999999999967"/>
    <testcase classname="ds.mean_smk_type_combine" name="mean_values_combine_" time="0.000999999999748979"/>
    <testcase classname="ds.mean_smk_type_combine" name="mean_values_combine_" time="0.00199999999995271"/>
    <testcase classname="ds.mean_smk_type_combine" name="mean_values_combine_" time="0.00100000000020373"/>
    <testcase classname="ds.mean_smk_type_combine" name="mean_values_combine_" time="0.000999999999748979"/>
    <testcase classname="ds.mean_smk_type_combine" name="mean_values_combine_" time="0.00200000000040745"/>
    <testcase classname="ds.mean_smk_type_combine" name="mean_values_combine_" time="0.000999999999748979"/>
    <testcase classname="ds.mean_smk_type_combine" name="mean_values_combine_" time="0.00199999999995271"/>
    <testcase classname="ds.mean_smk_type_combine" name="mean_values_combine_" time="0.00100000000020373"/>
    <testcase classname="ds.mean_smk_type_combine" name="mean_values_combine_" time="0.00199999999995271"/>
    <testcase classname="ds.mean_smk_type_combine" name="mean_values_combine_" time="0.000999999999748979"/>
    <testcase classname="ds.mean_smk_type_combine" name="mean_values_combine_" time="0.00100000000020373"/>
  </testsuite>
  <testsuite errors="0" failures="0" hostname="fv-az14" name="ds.mean::smk::type=split" skipped="0" tests="31" time="1.74" timestamp="2020-09-12T15:01:54Z">
    <testcase classname="ds.mean_smk_type_split" name="mean_values_split_" time="1.37899999999991"/>
    <testcase classname="ds.mean_smk_type_split" name="mean_values_split_" time="0.00100000000020373"/>
    <testcase classname="ds.mean_smk_type_split" name="mean_values_split_" time="0.000999999999748979"/>
    <testcase classname="ds.mean_smk_type_split" name="mean_values_split_" time="0.00199999999995271"/>
    <testcase classname="ds.mean_smk_type_split" name="mean_values_split_" time="0.00100000000020373"/>
    <testcase classname="ds.mean_smk_type_split" name="mean_values_split_" time="0.000999999999748979"/>
    <testcase classname="ds.mean_smk_type_split" name="mean_values_split_" time="0.00100000000020373"/>
    <testcase classname="ds.mean_smk_type_split" name="mean_values_split_" time="0.00199999999995271"/>
    <testcase classname="ds.mean_smk_type_split" name="mean_values_split_" time="0.00100000000020373"/>
    <testcase classname="ds.mean_smk_type_split" name="mean_values_split_" time="0.000999999999748979"/>
    <testcase classname="ds.mean_smk_type_split" name="mean_values_split_" time="0.00199999999995271"/>
    <testcase classname="ds.mean_smk_type_split" name="mean_values_split_" time="0.00100000000020373"/>
    <testcase classname="ds.mean_smk_type_split" name="mean_values_split_" time="0.00199999999995271"/>
    <testcase classname="ds.mean_smk_type_split" name="mean_values_split_" time="0.00100000000020373"/>
    <testcase classname="ds.mean_smk_type_split" name="mean_values_split_" time="0.00199999999995271"/>
    <testcase classname="ds.mean_smk_type_split" name="mean_values_split_" time="0.00199999999995271"/>
    <testcase classname="ds.mean_smk_type_split" name="mean_values_split_" time="0.000999999999748979"/>
    <testcase classname="ds.mean_smk_type_split" name="mean_values_split_" time="0.00300000000015643"/>
    <testcase classname="ds.mean_smk_type_split" name="mean_values_split_" time="0.00199999999995271"/>
    <testcase classname="ds.mean_smk_type_split" name="mean_values_split_" time="0.309999999999945"/>
    <testcase classname="ds.mean_smk_type_split" name="mean_values_split_" time="0.00199999999995271"/>
    <testcase classname="ds.mean_smk_type_split" name="mean_values_split_" time="0.00100000000020373"/>
    <testcase classname="ds.mean_smk_type_split" name="mean_values_split_" time="0.00199999999995271"/>
    <testcase classname="ds.mean_smk_type_split" name="mean_values_split_" time="0.000999999999748979"/>
    <testcase classname="ds.mean_smk_type_split" name="mean_values_split_" time="0.00900000000001455"/>
    <testcase classname="ds.mean_smk_type_split" name="mean_values_split_" time="0.00100000000020373"/>
    <testcase classname="ds.mean_smk_type_split" name="mean_values_split_" time="0.00199999999995271"/>
    <testcase classname="ds.mean_smk_type_split" name="mean_values_split_" time="0.00100000000020373"/>
    <testcase classname="ds.mean_smk_type_split" name="mean_values_split_" time="0.00199999999995271"/>
    <testcase classname="ds.mean_smk_type_split" name="mean_values_split_" time="0.000999999999748979"/>
    <testcase classname="ds.mean_smk_type_split" name="mean_values_split_" time="0.00199999999995271"/>
  </testsuite>
  <testsuite errors="0" failures="0" hostname="fv-az14" name="ds.mean::smk::type=both" skipped="0" tests="36" time="1.655" timestamp="2020-09-12T15:01:56Z">
    <testcase classname="ds.mean_smk_type_both" name="mean_values_both_" time="1.33699999999999"/>
    <testcase classname="ds.mean_smk_type_both" name="mean_values_both_" time="0.00100000000020373"/>
    <testcase classname="ds.mean_smk_type_both" name="mean_values_both_" time="0.00100000000020373"/>
    <testcase classname="ds.mean_smk_type_both" name="mean_values_both_" time="0.00199999999995271"/>
    <testcase classname="ds.mean_smk_type_both" name="mean_values_both_" time="0.000999999999748979"/>
    <testcase classname="ds.mean_smk_type_both" name="mean_values_both_" time="0.00100000000020373"/>
    <testcase classname="ds.mean_smk_type_both" name="mean_values_both_" time="0.00199999999995271"/>
    <testcase classname="ds.mean_smk_type_both" name="mean_values_both_" time="0.000999999999748979"/>
    <testcase classname="ds.mean_smk_type_both" name="mean_values_both_" time="0.00199999999995271"/>
    <testcase classname="ds.mean_smk_type_both" name="mean_values_both_" time="0.00100000000020373"/>
    <testcase classname="ds.mean_smk_type_both" name="mean_values_both_" time="0.00100000000020373"/>
    <testcase classname="ds.mean_smk_type_both" name="mean_values_both_" time="0.00199999999995271"/>
    <testcase classname="ds.mean_smk_type_both" name="mean_values_both_" time="0.000999999999748979"/>
    <testcase classname="ds.mean_smk_type_both" name="mean_values_both_" time="0.00100000000020373"/>
    <testcase classname="ds.mean_smk_type_both" name="mean_values_both_" time="0.00199999999995271"/>
    <testcase classname="ds.mean_smk_type_both" name="mean_values_both_" time="0.000999999999748979"/>
    <testcase classname="ds.mean_smk_type_both" name="mean_values_both_" time="0.00200000000040745"/>
    <testcase classname="ds.mean_smk_type_both" name="mean_values_both_" time="0.000999999999748979"/>
    <testcase classname="ds.mean_smk_type_both" name="mean_values_both_" time="0.00199999999995271"/>
    <testcase classname="ds.mean_smk_type_both" name="mean_values_both_" time="0.00199999999995271"/>
    <testcase classname="ds.mean_smk_type_both" name="mean_values_both_" time="0.00100000000020373"/>
    <testcase classname="ds.mean_smk_type_both" name="mean_values_both_" time="0.00199999999995271"/>
    <testcase classname="ds.mean_smk_type_both" name="mean_values_both_" time="0.00199999999995271"/>
    <testcase classname="ds.mean_smk_type_both" name="mean_values_both_" time="0.00100000000020373"/>
    <testcase classname="ds.mean_smk_type_both" name="mean_values_both_" time="0.268000000000029"/>
    <testcase classname="ds.mean_smk_type_both" name="mean_values_both_" time="0.000999999999748979"/>
    <testcase classname="ds.mean_smk_type_both" name="mean_values_both_" time="0.00199999999995271"/>
    <testcase classname="ds.mean_smk_type_both" name="mean_values_both_" time="0.00199999999995271"/>
    <testcase classname="ds.mean_smk_type_both" name="mean_values_both_" time="0.00100000000020373"/>
    <testcase classname="ds.mean_smk_type_both" name="mean_values_both_" time="0.00199999999995271"/>
    <testcase classname="ds.mean_smk_type_both" name="mean_values_both_" time="0.00100000000020373"/>
    <testcase classname="ds.mean_smk_type_both" name="mean_values_both_" time="0.00199999999995271"/>
    <testcase classname="ds.mean_smk_type_both" name="mean_values_both_" time="0.000999999999748979"/>
    <testcase classname="ds.mean_smk_type_both" name="mean_values_both_" time="0.00199999999995271"/>
    <testcase classname="ds.mean_smk_type_both" name="mean_values_both_" time="0.00100000000020373"/>
    <testcase classname="ds.mean_smk_type_both" name="mean_values_both_" time="0.00199999999995271"/>
  </testsuite>
  <testsuite errors="0" failures="0" hostname="fv-az14" name="ds.mean::smk::type=combine,save.mean.Nvalid=TRUE" skipped="0" tests="23" time="3.804" timestamp="2020-09-12T15:01:58Z">
    <testcase classname="ds.mean_smk_type_combine_save.mean.Nvalid_TRUE" name="mean_values_combine_" time="3.51699999999983"/>
    <testcase classname="ds.mean_smk_type_combine_save.mean.Nvalid_TRUE" name="mean_values_combine_" time="0.00100000000020373"/>
    <testcase classname="ds.mean_smk_type_combine_save.mean.Nvalid_TRUE" name="mean_values_combine_" time="0.000999999999748979"/>
    <testcase classname="ds.mean_smk_type_combine_save.mean.Nvalid_TRUE" name="mean_values_combine_" time="0.00100000000020373"/>
    <testcase classname="ds.mean_smk_type_combine_save.mean.Nvalid_TRUE" name="mean_values_combine_" time="0.00199999999995271"/>
    <testcase classname="ds.mean_smk_type_combine_save.mean.Nvalid_TRUE" name="mean_values_combine_" time="0.00100000000020373"/>
    <testcase classname="ds.mean_smk_type_combine_save.mean.Nvalid_TRUE" name="mean_values_combine_" time="0.000999999999748979"/>
    <testcase classname="ds.mean_smk_type_combine_save.mean.Nvalid_TRUE" name="mean_values_combine_" time="0.00100000000020373"/>
    <testcase classname="ds.mean_smk_type_combine_save.mean.Nvalid_TRUE" name="mean_values_combine_" time="0.00199999999995271"/>
    <testcase classname="ds.mean_smk_type_combine_save.mean.Nvalid_TRUE" name="mean_values_combine_" time="0.000999999999748979"/>
    <testcase classname="ds.mean_smk_type_combine_save.mean.Nvalid_TRUE" name="mean_values_combine_" time="0.00100000000020373"/>
    <testcase classname="ds.mean_smk_type_combine_save.mean.Nvalid_TRUE" name="mean_values_combine_" time="0.259999999999764"/>
    <testcase classname="ds.mean_smk_type_combine_save.mean.Nvalid_TRUE" name="mean_values_combine_" time="0.00100000000020373"/>
    <testcase classname="ds.mean_smk_type_combine_save.mean.Nvalid_TRUE" name="mean_values_combine_" time="0.00100000000020373"/>
    <testcase classname="ds.mean_smk_type_combine_save.mean.Nvalid_TRUE" name="mean_values_combine_" time="0.00199999999995271"/>
    <testcase classname="ds.mean_smk_type_combine_save.mean.Nvalid_TRUE" name="mean_values_combine_" time="0.000999999999748979"/>
    <testcase classname="ds.mean_smk_type_combine_save.mean.Nvalid_TRUE" name="mean_values_combine_" time="0.00100000000020373"/>
    <testcase classname="ds.mean_smk_type_combine_save.mean.Nvalid_TRUE" name="mean_values_combine_" time="0.00199999999995271"/>
    <testcase classname="ds.mean_smk_type_combine_save.mean.Nvalid_TRUE" name="mean_values_combine_" time="0.000999999999748979"/>
    <testcase classname="ds.mean_smk_type_combine_save.mean.Nvalid_TRUE" name="mean_values_combine_" time="0.00200000000040745"/>
    <testcase classname="ds.mean_smk_type_combine_save.mean.Nvalid_TRUE" name="mean_values_combine_" time="0.000999999999748979"/>
    <testcase classname="ds.mean_smk_type_combine_save.mean.Nvalid_TRUE" name="mean_values_combine_" time="0.00199999999995271"/>
    <testcase classname="ds.mean_smk_type_combine_save.mean.Nvalid_TRUE" name="mean_values_combine_" time="0.00100000000020373"/>
  </testsuite>
  <testsuite errors="0" failures="0" hostname="fv-az14" name="ds.mean::smk::type=split,save.mean.Nvalid=TRUE" skipped="0" tests="31" time="3.82" timestamp="2020-09-12T15:02:02Z">
    <testcase classname="ds.mean_smk_type_split_save.mean.Nvalid_TRUE" name="mean_values_split_" time="3.51099999999997"/>
    <testcase classname="ds.mean_smk_type_split_save.mean.Nvalid_TRUE" name="mean_values_split_" time="0.00199999999995271"/>
    <testcase classname="ds.mean_smk_type_split_save.mean.Nvalid_TRUE" name="mean_values_split_" time="0.000999999999748979"/>
    <testcase classname="ds.mean_smk_type_split_save.mean.Nvalid_TRUE" name="mean_values_split_" time="0.00200000000040745"/>
    <testcase classname="ds.mean_smk_type_split_save.mean.Nvalid_TRUE" name="mean_values_split_" time="0.000999999999748979"/>
    <testcase classname="ds.mean_smk_type_split_save.mean.Nvalid_TRUE" name="mean_values_split_" time="0.00199999999995271"/>
    <testcase classname="ds.mean_smk_type_split_save.mean.Nvalid_TRUE" name="mean_values_split_" time="0.00100000000020373"/>
    <testcase classname="ds.mean_smk_type_split_save.mean.Nvalid_TRUE" name="mean_values_split_" time="0.00199999999995271"/>
    <testcase classname="ds.mean_smk_type_split_save.mean.Nvalid_TRUE" name="mean_values_split_" time="0.000999999999748979"/>
    <testcase classname="ds.mean_smk_type_split_save.mean.Nvalid_TRUE" name="mean_values_split_" time="0.00200000000040745"/>
    <testcase classname="ds.mean_smk_type_split_save.mean.Nvalid_TRUE" name="mean_values_split_" time="0.000999999999748979"/>
    <testcase classname="ds.mean_smk_type_split_save.mean.Nvalid_TRUE" name="mean_values_split_" time="0.00199999999995271"/>
    <testcase classname="ds.mean_smk_type_split_save.mean.Nvalid_TRUE" name="mean_values_split_" time="0.00100000000020373"/>
    <testcase classname="ds.mean_smk_type_split_save.mean.Nvalid_TRUE" name="mean_values_split_" time="0.00199999999995271"/>
    <testcase classname="ds.mean_smk_type_split_save.mean.Nvalid_TRUE" name="mean_values_split_" time="0.000999999999748979"/>
    <testcase classname="ds.mean_smk_type_split_save.mean.Nvalid_TRUE" name="mean_values_split_" time="0.00100000000020373"/>
    <testcase classname="ds.mean_smk_type_split_save.mean.Nvalid_TRUE" name="mean_values_split_" time="0.00199999999995271"/>
    <testcase classname="ds.mean_smk_type_split_save.mean.Nvalid_TRUE" name="mean_values_split_" time="0.00100000000020373"/>
    <testcase classname="ds.mean_smk_type_split_save.mean.Nvalid_TRUE" name="mean_values_split_" time="0.00199999999995271"/>
    <testcase classname="ds.mean_smk_type_split_save.mean.Nvalid_TRUE" name="mean_values_split_" time="0.264999999999873"/>
    <testcase classname="ds.mean_smk_type_split_save.mean.Nvalid_TRUE" name="mean_values_split_" time="0.00100000000020373"/>
    <testcase classname="ds.mean_smk_type_split_save.mean.Nvalid_TRUE" name="mean_values_split_" time="0.00199999999995271"/>
    <testcase classname="ds.mean_smk_type_split_save.mean.Nvalid_TRUE" name="mean_values_split_" time="0.000999999999748979"/>
    <testcase classname="ds.mean_smk_type_split_save.mean.Nvalid_TRUE" name="mean_values_split_" time="0.00199999999995271"/>
    <testcase classname="ds.mean_smk_type_split_save.mean.Nvalid_TRUE" name="mean_values_split_" time="0.00199999999995271"/>
    <testcase classname="ds.mean_smk_type_split_save.mean.Nvalid_TRUE" name="mean_values_split_" time="0.00100000000020373"/>
    <testcase classname="ds.mean_smk_type_split_save.mean.Nvalid_TRUE" name="mean_values_split_" time="0.00199999999995271"/>
    <testcase classname="ds.mean_smk_type_split_save.mean.Nvalid_TRUE" name="mean_values_split_" time="0.00100000000020373"/>
    <testcase classname="ds.mean_smk_type_split_save.mean.Nvalid_TRUE" name="mean_values_split_" time="0.00199999999995271"/>
    <testcase classname="ds.mean_smk_type_split_save.mean.Nvalid_TRUE" name="mean_values_split_" time="0.000999999999748979"/>
    <testcase classname="ds.mean_smk_type_split_save.mean.Nvalid_TRUE" name="mean_values_split_" time="0.00199999999995271"/>
  </testsuite>
  <testsuite errors="0" failures="0" hostname="fv-az14" name="ds.mean::smk::type=both,save.mean.Nvalid=TRUE" skipped="0" tests="36" time="2.782" timestamp="2020-09-12T15:02:05Z">
    <testcase classname="ds.mean_smk_type_both_save.mean.Nvalid_TRUE" name="mean_values_both_" time="2.471"/>
    <testcase classname="ds.mean_smk_type_both_save.mean.Nvalid_TRUE" name="mean_values_both_" time="0.00200000000040745"/>
    <testcase classname="ds.mean_smk_type_both_save.mean.Nvalid_TRUE" name="mean_values_both_" time="0.000999999999748979"/>
    <testcase classname="ds.mean_smk_type_both_save.mean.Nvalid_TRUE" name="mean_values_both_" time="0.00100000000020373"/>
    <testcase classname="ds.mean_smk_type_both_save.mean.Nvalid_TRUE" name="mean_values_both_" time="0.00199999999995271"/>
    <testcase classname="ds.mean_smk_type_both_save.mean.Nvalid_TRUE" name="mean_values_both_" time="0.000999999999748979"/>
    <testcase classname="ds.mean_smk_type_both_save.mean.Nvalid_TRUE" name="mean_values_both_" time="0.00100000000020373"/>
    <testcase classname="ds.mean_smk_type_both_save.mean.Nvalid_TRUE" name="mean_values_both_" time="0.000999999999748979"/>
    <testcase classname="ds.mean_smk_type_both_save.mean.Nvalid_TRUE" name="mean_values_both_" time="0.00199999999995271"/>
    <testcase classname="ds.mean_smk_type_both_save.mean.Nvalid_TRUE" name="mean_values_both_" time="0.00100000000020373"/>
    <testcase classname="ds.mean_smk_type_both_save.mean.Nvalid_TRUE" name="mean_values_both_" time="0.00100000000020373"/>
    <testcase classname="ds.mean_smk_type_both_save.mean.Nvalid_TRUE" name="mean_values_both_" time="0.00199999999995271"/>
    <testcase classname="ds.mean_smk_type_both_save.mean.Nvalid_TRUE" name="mean_values_both_" time="0.000999999999748979"/>
    <testcase classname="ds.mean_smk_type_both_save.mean.Nvalid_TRUE" name="mean_values_both_" time="0.00100000000020373"/>
    <testcase classname="ds.mean_smk_type_both_save.mean.Nvalid_TRUE" name="mean_values_both_" time="0.00199999999995271"/>
    <testcase classname="ds.mean_smk_type_both_save.mean.Nvalid_TRUE" name="mean_values_both_" time="0.000999999999748979"/>
    <testcase classname="ds.mean_smk_type_both_save.mean.Nvalid_TRUE" name="mean_values_both_" time="0.00200000000040745"/>
    <testcase classname="ds.mean_smk_type_both_save.mean.Nvalid_TRUE" name="mean_values_both_" time="0.000999999999748979"/>
    <testcase classname="ds.mean_smk_type_both_save.mean.Nvalid_TRUE" name="mean_values_both_" time="0.00100000000020373"/>
    <testcase classname="ds.mean_smk_type_both_save.mean.Nvalid_TRUE" name="mean_values_both_" time="0.00199999999995271"/>
    <testcase classname="ds.mean_smk_type_both_save.mean.Nvalid_TRUE" name="mean_values_both_" time="0.000999999999748979"/>
    <testcase classname="ds.mean_smk_type_both_save.mean.Nvalid_TRUE" name="mean_values_both_" time="0.00199999999995271"/>
    <testcase classname="ds.mean_smk_type_both_save.mean.Nvalid_TRUE" name="mean_values_both_" time="0.00100000000020373"/>
    <testcase classname="ds.mean_smk_type_both_save.mean.Nvalid_TRUE" name="mean_values_both_" time="0.00199999999995271"/>
    <testcase classname="ds.mean_smk_type_both_save.mean.Nvalid_TRUE" name="mean_values_both_" time="0.262000000000171"/>
    <testcase classname="ds.mean_smk_type_both_save.mean.Nvalid_TRUE" name="mean_values_both_" time="0.00199999999995271"/>
    <testcase classname="ds.mean_smk_type_both_save.mean.Nvalid_TRUE" name="mean_values_both_" time="0.00199999999995271"/>
    <testcase classname="ds.mean_smk_type_both_save.mean.Nvalid_TRUE" name="mean_values_both_" time="0.000999999999748979"/>
    <testcase classname="ds.mean_smk_type_both_save.mean.Nvalid_TRUE" name="mean_values_both_" time="0.00200000000040745"/>
    <testcase classname="ds.mean_smk_type_both_save.mean.Nvalid_TRUE" name="mean_values_both_" time="0.000999999999748979"/>
    <testcase classname="ds.mean_smk_type_both_save.mean.Nvalid_TRUE" name="mean_values_both_" time="0.00199999999995271"/>
    <testcase classname="ds.mean_smk_type_both_save.mean.Nvalid_TRUE" name="mean_values_both_" time="0.00100000000020373"/>
    <testcase classname="ds.mean_smk_type_both_save.mean.Nvalid_TRUE" name="mean_values_both_" time="0.00199999999995271"/>
    <testcase classname="ds.mean_smk_type_both_save.mean.Nvalid_TRUE" name="mean_values_both_" time="0.000999999999748979"/>
    <testcase classname="ds.mean_smk_type_both_save.mean.Nvalid_TRUE" name="mean_values_both_" time="0.00200000000040745"/>
    <testcase classname="ds.mean_smk_type_both_save.mean.Nvalid_TRUE" name="mean_values_both_" time="0.000999999999748979"/>
  </testsuite>
  <testsuite errors="0" failures="0" hostname="fv-az14" name="ds.mean::smk::shutdown" skipped="0" tests="3" time="0.276" timestamp="2020-09-12T15:02:08Z">
    <testcase classname="ds.mean_smk_shutdown" name="shutdown" time="0.273000000000138"/>
    <testcase classname="ds.mean_smk_shutdown" name="shutdown" time="0.000999999999748979"/>
    <testcase classname="ds.mean_smk_shutdown" name="shutdown" time="0.00199999999995271"/>
  </testsuite>
  <testsuite errors="0" failures="0" hostname="fv-az14" name="ds.mean::smk::done" skipped="0" tests="0" time="0" timestamp="2020-09-12T15:02:09Z"/>
  <testsuite errors="0" failures="0" hostname="fv-az14" name="ds.meanSdGp::smk::setup" skipped="0" tests="3" time="5.322" timestamp="2020-09-12T15:02:09Z">
    <testcase classname="ds.meanSdGp_smk_setup" name="setup" time="5.31900000000041"/>
    <testcase classname="ds.meanSdGp_smk_setup" name="setup" time="0.00199999999995271"/>
    <testcase classname="ds.meanSdGp_smk_setup" name="setup" time="0.000999999999748979"/>
  </testsuite>
  <testsuite errors="0" failures="0" hostname="fv-az14" name="ds.meanSdGp::smk::type=split" skipped="0" tests="8" time="0.511" timestamp="2020-09-12T15:02:14Z">
    <testcase classname="ds.meanSdGp_smk_type_split" name="meanSdGp_values_split_" time="0.501000000000204"/>
    <testcase classname="ds.meanSdGp_smk_type_split" name="meanSdGp_values_split_" time="0.000999999999748979"/>
    <testcase classname="ds.meanSdGp_smk_type_split" name="meanSdGp_values_split_" time="0.00100000000020373"/>
    <testcase classname="ds.meanSdGp_smk_type_split" name="meanSdGp_values_split_" time="0.00100000000020373"/>
    <testcase classname="ds.meanSdGp_smk_type_split" name="meanSdGp_values_split_" time="0.00199999999995271"/>
    <testcase classname="ds.meanSdGp_smk_type_split" name="meanSdGp_values_split_" time="0.00199999999995271"/>
    <testcase classname="ds.meanSdGp_smk_type_split" name="meanSdGp_values_split_" time="0.00100000000020373"/>
    <testcase classname="ds.meanSdGp_smk_type_split" name="meanSdGp_values_split_" time="0.00199999999995271"/>
  </testsuite>
  <testsuite errors="0" failures="0" hostname="fv-az14" name="ds.meanSdGp::smk::type=combine" skipped="0" tests="8" time="0.303" timestamp="2020-09-12T15:02:14Z">
    <testcase classname="ds.meanSdGp_smk_type_combine" name="meanSdGp_values_combine_" time="0.291999999999916"/>
    <testcase classname="ds.meanSdGp_smk_type_combine" name="meanSdGp_values_combine_" time="0.00199999999995271"/>
    <testcase classname="ds.meanSdGp_smk_type_combine" name="meanSdGp_values_combine_" time="0.00199999999995271"/>
    <testcase classname="ds.meanSdGp_smk_type_combine" name="meanSdGp_values_combine_" time="0.00100000000020373"/>
    <testcase classname="ds.meanSdGp_smk_type_combine" name="meanSdGp_values_combine_" time="0.000999999999748979"/>
    <testcase classname="ds.meanSdGp_smk_type_combine" name="meanSdGp_values_combine_" time="0.00199999999995271"/>
    <testcase classname="ds.meanSdGp_smk_type_combine" name="meanSdGp_values_combine_" time="0.00100000000020373"/>
    <testcase classname="ds.meanSdGp_smk_type_combine" name="meanSdGp_values_combine_" time="0.00199999999995271"/>
  </testsuite>
  <testsuite errors="0" failures="0" hostname="fv-az14" name="ds.meanSdGp::smk::type=both" skipped="0" tests="8" time="0.3" timestamp="2020-09-12T15:02:15Z">
    <testcase classname="ds.meanSdGp_smk_type_both" name="meanSdGp_values_both_" time="0.289000000000215"/>
    <testcase classname="ds.meanSdGp_smk_type_both" name="meanSdGp_values_both_" time="0.00199999999995271"/>
    <testcase classname="ds.meanSdGp_smk_type_both" name="meanSdGp_values_both_" time="0.000999999999748979"/>
    <testcase classname="ds.meanSdGp_smk_type_both" name="meanSdGp_values_both_" time="0.00199999999995271"/>
    <testcase classname="ds.meanSdGp_smk_type_both" name="meanSdGp_values_both_" time="0.00100000000020373"/>
    <testcase classname="ds.meanSdGp_smk_type_both" name="meanSdGp_values_both_" time="0.00199999999995271"/>
    <testcase classname="ds.meanSdGp_smk_type_both" name="meanSdGp_values_both_" time="0.00100000000020373"/>
    <testcase classname="ds.meanSdGp_smk_type_both" name="meanSdGp_values_both_" time="0.00199999999995271"/>
  </testsuite>
  <testsuite errors="0" failures="0" hostname="fv-az14" name="ds.meanSdGp::smk::shutdown" skipped="0" tests="3" time="0.346" timestamp="2020-09-12T15:02:15Z">
    <testcase classname="ds.meanSdGp_smk_shutdown" name="shutdown" time="0.342999999999847"/>
    <testcase classname="ds.meanSdGp_smk_shutdown" name="shutdown" time="0.00100000000020373"/>
    <testcase classname="ds.meanSdGp_smk_shutdown" name="shutdown" time="0.00199999999995271"/>
  </testsuite>
  <testsuite errors="0" failures="0" hostname="fv-az14" name="ds.meanSdGp::smk::done" skipped="0" tests="0" time="0" timestamp="2020-09-12T15:02:16Z"/>
  <testsuite errors="0" failures="0" hostname="fv-az14" name="ds.merge::smk::setup" skipped="0" tests="3" time="5.856" timestamp="2020-09-12T15:02:16Z">
    <testcase classname="ds.merge_smk_setup" name="setup" time="5.85299999999961"/>
    <testcase classname="ds.merge_smk_setup" name="setup" time="0.00200000000040745"/>
    <testcase classname="ds.merge_smk_setup" name="setup" time="0.000999999999748979"/>
  </testsuite>
  <testsuite errors="0" failures="0" hostname="fv-az14" name="ds.merge::smk" skipped="0" tests="7" time="8.115" timestamp="2020-09-12T15:02:21Z">
    <testcase classname="ds.merge_smk" name="simple_test" time="7.56700000000001"/>
    <testcase classname="ds.merge_smk" name="simple_test" time="0.00199999999995271"/>
    <testcase classname="ds.merge_smk" name="simple_test" time="0.000999999999748979"/>
    <testcase classname="ds.merge_smk" name="simple_test" time="0.539999999999964"/>
    <testcase classname="ds.merge_smk" name="simple_test" time="0.00300000000015643"/>
    <testcase classname="ds.merge_smk" name="simple_test" time="0.00100000000020373"/>
    <testcase classname="ds.merge_smk" name="simple_test" time="0.000999999999748979"/>
  </testsuite>
  <testsuite errors="0" failures="0" hostname="fv-az14" name="ds.merge::smk::shutdown" skipped="0" tests="3" time="0.277" timestamp="2020-09-12T15:02:29Z">
    <testcase classname="ds.merge_smk_shutdown" name="shutdown" time="0.275000000000091"/>
    <testcase classname="ds.merge_smk_shutdown" name="shutdown" time="0.00100000000020373"/>
    <testcase classname="ds.merge_smk_shutdown" name="shutdown" time="0.000999999999748979"/>
  </testsuite>
  <testsuite errors="0" failures="0" hostname="fv-az14" name="ds.merge::smk::done" skipped="0" tests="0" time="0" timestamp="2020-09-12T15:02:30Z"/>
  <testsuite errors="0" failures="0" hostname="fv-az14" name="ds.message::smk::setup" skipped="0" tests="3" time="5.582" timestamp="2020-09-12T15:02:30Z">
    <testcase classname="ds.message_smk_setup" name="setup" time="5.57999999999993"/>
    <testcase classname="ds.message_smk_setup" name="setup" time="0.00100000000020373"/>
    <testcase classname="ds.message_smk_setup" name="setup" time="0.00100000000020373"/>
  </testsuite>
  <testsuite errors="0" failures="0" hostname="fv-az14" name="ds.message::smk" skipped="0" tests="12" time="3.32" timestamp="2020-09-12T15:02:35Z">
    <testcase classname="ds.message_smk" name="not_exists_request_message" time="0.288000000000011"/>
    <testcase classname="ds.message_smk" name="not_exists_request_message" time="0.00199999999995271"/>
    <testcase classname="ds.message_smk" name="not_exists_request_message" time="0.00100000000020373"/>
    <testcase classname="ds.message_smk" name="not_exists_request_message" time="0.00199999999995271"/>
    <testcase classname="ds.message_smk" name="exists_request_message" time="1.7829999999999"/>
    <testcase classname="ds.message_smk" name="exists_request_message" time="0.000999999999748979"/>
    <testcase classname="ds.message_smk" name="exists_request_message" time="0.00200000000040745"/>
    <testcase classname="ds.message_smk" name="exists_request_message" time="0.000999999999748979"/>
    <testcase classname="ds.message_smk" name="partial_request_message" time="1.23500000000013"/>
    <testcase classname="ds.message_smk" name="partial_request_message" time="0.00199999999995271"/>
    <testcase classname="ds.message_smk" name="partial_request_message" time="0.000999999999748979"/>
    <testcase classname="ds.message_smk" name="partial_request_message" time="0.00200000000040745"/>
  </testsuite>
  <testsuite errors="0" failures="0" hostname="fv-az14" name="ds.message::smk::shutdown" skipped="1" tests="1" time="0.013" timestamp="2020-09-12T15:02:38Z">
    <testcase classname="ds.message_smk_shutdown" name="shutdown" time="0.01299999999992">
      <skipped/>
    </testcase>
  </testsuite>
  <testsuite errors="0" failures="0" hostname="fv-az14" name="ds.message::smk::done" skipped="0" tests="0" time="0" timestamp="2020-09-12T15:02:39Z"/>
  <testsuite errors="0" failures="0" hostname="fv-az14" name="ds.names::smk::setup" skipped="0" tests="3" time="5.598" timestamp="2020-09-12T15:02:39Z">
    <testcase classname="ds.names_smk_setup" name="setup" time="5.5949999999998"/>
    <testcase classname="ds.names_smk_setup" name="setup" time="0.00199999999995271"/>
    <testcase classname="ds.names_smk_setup" name="setup" time="0.00100000000020373"/>
  </testsuite>
  <testsuite errors="0" failures="0" hostname="fv-az14" name="ds.names::smk" skipped="0" tests="10" time="2.771" timestamp="2020-09-12T15:02:44Z">
    <testcase classname="ds.names_smk" name="level_names" time="2.75999999999976"/>
    <testcase classname="ds.names_smk" name="level_names" time="0.00199999999995271"/>
    <testcase classname="ds.names_smk" name="level_names" time="0.00100000000020373"/>
    <testcase classname="ds.names_smk" name="level_names" time="0.00100000000020373"/>
    <testcase classname="ds.names_smk" name="level_names" time="0.000999999999748979"/>
    <testcase classname="ds.names_smk" name="level_names" time="0.00100000000020373"/>
    <testcase classname="ds.names_smk" name="level_names" time="0.000999999999748979"/>
    <testcase classname="ds.names_smk" name="level_names" time="0.00199999999995271"/>
    <testcase classname="ds.names_smk" name="level_names" time="0.00100000000020373"/>
    <testcase classname="ds.names_smk" name="level_names" time="0.000999999999748979"/>
  </testsuite>
  <testsuite errors="0" failures="0" hostname="fv-az14" name="ds.names::smk::shutdown" skipped="0" tests="3" time="0.312" timestamp="2020-09-12T15:02:47Z">
    <testcase classname="ds.names_smk_shutdown" name="shutdown" time="0.3100000000004"/>
    <testcase classname="ds.names_smk_shutdown" name="shutdown" time="0.000999999999748979"/>
    <testcase classname="ds.names_smk_shutdown" name="shutdown" time="0.00100000000020373"/>
  </testsuite>
  <testsuite errors="0" failures="0" hostname="fv-az14" name="ds.names::smk::done" skipped="0" tests="0" time="0" timestamp="2020-09-12T15:02:48Z"/>
  <testsuite errors="0" failures="0" hostname="fv-az14" name="ds.numNA::smk::setup" skipped="0" tests="3" time="5.569" timestamp="2020-09-12T15:02:48Z">
    <testcase classname="ds.numNA_smk_setup" name="setup" time="5.5659999999998"/>
    <testcase classname="ds.numNA_smk_setup" name="setup" time="0.00100000000020373"/>
    <testcase classname="ds.numNA_smk_setup" name="setup" time="0.00199999999995271"/>
  </testsuite>
  <testsuite errors="0" failures="0" hostname="fv-az14" name="ds.numNA::smk" skipped="0" tests="12" time="1.724" timestamp="2020-09-12T15:02:53Z">
    <testcase classname="ds.numNA_smk" name="simple_numNA" time="0.590999999999894"/>
    <testcase classname="ds.numNA_smk" name="simple_numNA" time="0.00199999999995271"/>
    <testcase classname="ds.numNA_smk" name="simple_numNA" time="0.00199999999995271"/>
    <testcase classname="ds.numNA_smk" name="simple_numNA" time="0.00100000000020373"/>
    <testcase classname="ds.numNA_smk" name="simple_numNA" time="0.561999999999898"/>
    <testcase classname="ds.numNA_smk" name="simple_numNA" time="0.000999999999748979"/>
    <testcase classname="ds.numNA_smk" name="simple_numNA" time="0.00200000000040745"/>
    <testcase classname="ds.numNA_smk" name="simple_numNA" time="0.00199999999995271"/>
    <testcase classname="ds.numNA_smk" name="simple_numNA" time="0.55600000000004"/>
    <testcase classname="ds.numNA_smk" name="simple_numNA" time="0.000999999999748979"/>
    <testcase classname="ds.numNA_smk" name="simple_numNA" time="0.00199999999995271"/>
    <testcase classname="ds.numNA_smk" name="simple_numNA" time="0.00199999999995271"/>
  </testsuite>
  <testsuite errors="0" failures="0" hostname="fv-az14" name="ds.numNA::smk::shutdown" skipped="0" tests="3" time="0.295" timestamp="2020-09-12T15:02:54Z">
    <testcase classname="ds.numNA_smk_shutdown" name="shutdown" time="0.292000000000371"/>
    <testcase classname="ds.numNA_smk_shutdown" name="shutdown" time="0.000999999999748979"/>
    <testcase classname="ds.numNA_smk_shutdown" name="shutdown" time="0.00199999999995271"/>
  </testsuite>
  <testsuite errors="0" failures="0" hostname="fv-az14" name="ds.numNA::smk::done" skipped="0" tests="0" time="0" timestamp="2020-09-12T15:02:56Z"/>
  <testsuite errors="0" failures="0" hostname="fv-az14" name="ds.quantileMean::smk::setup" skipped="0" tests="3" time="5.859" timestamp="2020-09-12T15:02:56Z">
    <testcase classname="ds.quantileMean_smk_setup" name="setup" time="5.85600000000022"/>
    <testcase classname="ds.quantileMean_smk_setup" name="setup" time="0.00199999999995271"/>
    <testcase classname="ds.quantileMean_smk_setup" name="setup" time="0.000999999999748979"/>
  </testsuite>
  <testsuite errors="0" failures="0" hostname="fv-az14" name="ds.quantileMean::smk::standard" skipped="0" tests="9" time="1.813" timestamp="2020-09-12T15:03:01Z">
    <testcase classname="ds.quantileMean_smk_standard" name="quantileMean" time="1.80000000000018"/>
    <testcase classname="ds.quantileMean_smk_standard" name="quantileMean" time="0.00100000000020373"/>
    <testcase classname="ds.quantileMean_smk_standard" name="quantileMean" time="0.00199999999995271"/>
    <testcase classname="ds.quantileMean_smk_standard" name="quantileMean" time="0.00199999999995271"/>
    <testcase classname="ds.quantileMean_smk_standard" name="quantileMean" time="0.000999999999748979"/>
    <testcase classname="ds.quantileMean_smk_standard" name="quantileMean" time="0.00199999999995271"/>
    <testcase classname="ds.quantileMean_smk_standard" name="quantileMean" time="0.00100000000020373"/>
    <testcase classname="ds.quantileMean_smk_standard" name="quantileMean" time="0.00199999999995271"/>
    <testcase classname="ds.quantileMean_smk_standard" name="quantileMean" time="0.00199999999995271"/>
  </testsuite>
  <testsuite errors="0" failures="0" hostname="fv-az14" name="ds.quantileMean::smk::split" skipped="0" tests="28" time="2.532" timestamp="2020-09-12T15:03:02Z">
    <testcase classname="ds.quantileMean_smk_split" name="quantileMean_split" time="2.48900000000003"/>
    <testcase classname="ds.quantileMean_smk_split" name="quantileMean_split" time="0.00100000000020373"/>
    <testcase classname="ds.quantileMean_smk_split" name="quantileMean_split" time="0.000999999999748979"/>
    <testcase classname="ds.quantileMean_smk_split" name="quantileMean_split" time="0.00100000000020373"/>
    <testcase classname="ds.quantileMean_smk_split" name="quantileMean_split" time="0.00199999999995271"/>
    <testcase classname="ds.quantileMean_smk_split" name="quantileMean_split" time="0.00199999999995271"/>
    <testcase classname="ds.quantileMean_smk_split" name="quantileMean_split" time="0.000999999999748979"/>
    <testcase classname="ds.quantileMean_smk_split" name="quantileMean_split" time="0.00200000000040745"/>
    <testcase classname="ds.quantileMean_smk_split" name="quantileMean_split" time="0.000999999999748979"/>
    <testcase classname="ds.quantileMean_smk_split" name="quantileMean_split" time="0.00100000000020373"/>
    <testcase classname="ds.quantileMean_smk_split" name="quantileMean_split" time="0.00199999999995271"/>
    <testcase classname="ds.quantileMean_smk_split" name="quantileMean_split" time="0.00199999999995271"/>
    <testcase classname="ds.quantileMean_smk_split" name="quantileMean_split" time="0.00199999999995271"/>
    <testcase classname="ds.quantileMean_smk_split" name="quantileMean_split" time="0.00199999999995271"/>
    <testcase classname="ds.quantileMean_smk_split" name="quantileMean_split" time="0.00199999999995271"/>
    <testcase classname="ds.quantileMean_smk_split" name="quantileMean_split" time="0.00100000000020373"/>
    <testcase classname="ds.quantileMean_smk_split" name="quantileMean_split" time="0.000999999999748979"/>
    <testcase classname="ds.quantileMean_smk_split" name="quantileMean_split" time="0.000999999999748979"/>
    <testcase classname="ds.quantileMean_smk_split" name="quantileMean_split" time="0.00200000000040745"/>
    <testcase classname="ds.quantileMean_smk_split" name="quantileMean_split" time="0.00199999999995271"/>
    <testcase classname="ds.quantileMean_smk_split" name="quantileMean_split" time="0.00199999999995271"/>
    <testcase classname="ds.quantileMean_smk_split" name="quantileMean_split" time="0.00199999999995271"/>
    <testcase classname="ds.quantileMean_smk_split" name="quantileMean_split" time="0.000999999999748979"/>
    <testcase classname="ds.quantileMean_smk_split" name="quantileMean_split" time="0.00200000000040745"/>
    <testcase classname="ds.quantileMean_smk_split" name="quantileMean_split" time="0.00199999999995271"/>
    <testcase classname="ds.quantileMean_smk_split" name="quantileMean_split" time="0.000999999999748979"/>
    <testcase classname="ds.quantileMean_smk_split" name="quantileMean_split" time="0.00199999999995271"/>
    <testcase classname="ds.quantileMean_smk_split" name="quantileMean_split" time="0.00199999999995271"/>
  </testsuite>
  <testsuite errors="0" failures="0" hostname="fv-az14" name="ds.quantileMean::smk::shutdown" skipped="0" tests="3" time="0.292" timestamp="2020-09-12T15:03:05Z">
    <testcase classname="ds.quantileMean_smk_shutdown" name="shutdown" time="0.288000000000011"/>
    <testcase classname="ds.quantileMean_smk_shutdown" name="shutdown" time="0.00199999999995271"/>
    <testcase classname="ds.quantileMean_smk_shutdown" name="shutdown" time="0.00200000000040745"/>
  </testsuite>
  <testsuite errors="0" failures="0" hostname="fv-az14" name="ds.quantileMean::smk::done" skipped="0" tests="0" time="0" timestamp="2020-09-12T15:03:06Z"/>
  <testsuite errors="0" failures="0" hostname="fv-az14" name="ds.rbind::smk::setup" skipped="0" tests="3" time="5.571" timestamp="2020-09-12T15:03:06Z">
    <testcase classname="ds.rbind_smk_setup" name="setup" time="5.56700000000001"/>
    <testcase classname="ds.rbind_smk_setup" name="setup" time="0.00199999999995271"/>
    <testcase classname="ds.rbind_smk_setup" name="setup" time="0.00199999999995271"/>
  </testsuite>
  <testsuite errors="0" failures="0" hostname="fv-az14" name="ds.rbind::smk" skipped="0" tests="5" time="2.731" timestamp="2020-09-12T15:03:11Z">
    <testcase classname="ds.rbind_smk" name="simple_test" time="2.12699999999995"/>
    <testcase classname="ds.rbind_smk" name="simple_test" time="0.000999999999748979"/>
    <testcase classname="ds.rbind_smk" name="simple_test" time="0.601000000000113"/>
    <testcase classname="ds.rbind_smk" name="simple_test" time="0.00100000000020373"/>
    <testcase classname="ds.rbind_smk" name="simple_test" time="0.000999999999748979"/>
  </testsuite>
  <testsuite errors="0" failures="0" hostname="fv-az14" name="ds.rbind::smk::shutdown" skipped="0" tests="3" time="0.289" timestamp="2020-09-12T15:03:14Z">
    <testcase classname="ds.rbind_smk_shutdown" name="shutdown" time="0.287000000000262"/>
    <testcase classname="ds.rbind_smk_shutdown" name="shutdown" time="0.000999999999748979"/>
    <testcase classname="ds.rbind_smk_shutdown" name="shutdown" time="0.00100000000020373"/>
  </testsuite>
  <testsuite errors="0" failures="0" hostname="fv-az14" name="ds.rbind::smk::done" skipped="0" tests="0" time="0" timestamp="2020-09-12T15:03:15Z"/>
  <testsuite errors="0" failures="0" hostname="fv-az14" name="ds.rBinom::smk::setup" skipped="0" tests="3" time="5.4" timestamp="2020-09-12T15:03:15Z">
    <testcase classname="ds.rBinom_smk_setup" name="setup" time="5.39699999999993"/>
    <testcase classname="ds.rBinom_smk_setup" name="setup" time="0.000999999999748979"/>
    <testcase classname="ds.rBinom_smk_setup" name="setup" time="0.00200000000040745"/>
  </testsuite>
  <testsuite errors="0" failures="0" hostname="fv-az14" name="ds.rBinom::smk::simple test" skipped="0" tests="11" time="2.076" timestamp="2020-09-12T15:03:19Z">
    <testcase classname="ds.rBinom_smk_simple_test" name="simple_test" time="2.0619999999999"/>
    <testcase classname="ds.rBinom_smk_simple_test" name="simple_test" time="0.000999999999748979"/>
    <testcase classname="ds.rBinom_smk_simple_test" name="simple_test" time="0.00100000000020373"/>
    <testcase classname="ds.rBinom_smk_simple_test" name="simple_test" time="0.00199999999995271"/>
    <testcase classname="ds.rBinom_smk_simple_test" name="simple_test" time="0.00100000000020373"/>
    <testcase classname="ds.rBinom_smk_simple_test" name="simple_test" time="0.00199999999995271"/>
    <testcase classname="ds.rBinom_smk_simple_test" name="simple_test" time="0.000999999999748979"/>
    <testcase classname="ds.rBinom_smk_simple_test" name="simple_test" time="0.00199999999995271"/>
    <testcase classname="ds.rBinom_smk_simple_test" name="simple_test" time="0.00100000000020373"/>
    <testcase classname="ds.rBinom_smk_simple_test" name="simple_test" time="0.000999999999748979"/>
    <testcase classname="ds.rBinom_smk_simple_test" name="simple_test" time="0.00200000000040745"/>
  </testsuite>
  <testsuite errors="0" failures="0" hostname="fv-az14" name="ds.rBinom::smk::shutdown" skipped="0" tests="3" time="0.276" timestamp="2020-09-12T15:03:21Z">
    <testcase classname="ds.rBinom_smk_shutdown" name="shutdown" time="0.272999999999683"/>
    <testcase classname="ds.rBinom_smk_shutdown" name="shutdown" time="0.00199999999995271"/>
    <testcase classname="ds.rBinom_smk_shutdown" name="shutdown" time="0.00100000000020373"/>
  </testsuite>
  <testsuite errors="0" failures="0" hostname="fv-az14" name="ds.rBinom::smk::done" skipped="0" tests="0" time="0" timestamp="2020-09-12T15:03:22Z"/>
  <testsuite errors="0" failures="0" hostname="fv-az14" name="ds.recodeLevels::smk::setup" skipped="0" tests="3" time="5.296" timestamp="2020-09-12T15:03:22Z">
    <testcase classname="ds.recodeLevels_smk_setup" name="setup" time="5.29399999999987"/>
    <testcase classname="ds.recodeLevels_smk_setup" name="setup" time="0.00100000000020373"/>
    <testcase classname="ds.recodeLevels_smk_setup" name="setup" time="0.000999999999748979"/>
  </testsuite>
  <testsuite errors="0" failures="0" hostname="fv-az14" name="ds.recodeLevels::smk" skipped="0" tests="7" time="2.978" timestamp="2020-09-12T15:03:27Z">
    <testcase classname="ds.recodeLevels_smk" name="new_levels" time="2.971"/>
    <testcase classname="ds.recodeLevels_smk" name="new_levels" time="0.00100000000020373"/>
    <testcase classname="ds.recodeLevels_smk" name="new_levels" time="0.000999999999748979"/>
    <testcase classname="ds.recodeLevels_smk" name="new_levels" time="0.00199999999995271"/>
    <testcase classname="ds.recodeLevels_smk" name="new_levels" time="0.00100000000020373"/>
    <testcase classname="ds.recodeLevels_smk" name="new_levels" time="0.00100000000020373"/>
    <testcase classname="ds.recodeLevels_smk" name="new_levels" time="0.000999999999748979"/>
  </testsuite>
  <testsuite errors="0" failures="0" hostname="fv-az14" name="ds.recodeLevels::smk::no connections or newobj" skipped="0" tests="7" time="3.058" timestamp="2020-09-12T15:03:30Z">
    <testcase classname="ds.recodeLevels_smk_no_connections_or_newobj" name="new_levels_auto" time="3.04899999999998"/>
    <testcase classname="ds.recodeLevels_smk_no_connections_or_newobj" name="new_levels_auto" time="0.00100000000020373"/>
    <testcase classname="ds.recodeLevels_smk_no_connections_or_newobj" name="new_levels_auto" time="0.000999999999748979"/>
    <testcase classname="ds.recodeLevels_smk_no_connections_or_newobj" name="new_levels_auto" time="0.00199999999995271"/>
    <testcase classname="ds.recodeLevels_smk_no_connections_or_newobj" name="new_levels_auto" time="0.00199999999995271"/>
    <testcase classname="ds.recodeLevels_smk_no_connections_or_newobj" name="new_levels_auto" time="0.00200000000040745"/>
    <testcase classname="ds.recodeLevels_smk_no_connections_or_newobj" name="new_levels_auto" time="0.000999999999748979"/>
  </testsuite>
  <testsuite errors="0" failures="0" hostname="fv-az14" name="ds.recodeLevels::smk::shutdown" skipped="0" tests="3" time="0.277" timestamp="2020-09-12T15:03:33Z">
    <testcase classname="ds.recodeLevels_smk_shutdown" name="shutdown" time="0.273999999999887"/>
    <testcase classname="ds.recodeLevels_smk_shutdown" name="shutdown" time="0.00200000000040745"/>
    <testcase classname="ds.recodeLevels_smk_shutdown" name="shutdown" time="0.000999999999748979"/>
  </testsuite>
  <testsuite errors="0" failures="0" hostname="fv-az14" name="ds.recodeLevels::smk::done" skipped="0" tests="0" time="0" timestamp="2020-09-12T15:03:34Z"/>
  <testsuite errors="0" failures="0" hostname="fv-az14" name="ds.recodeValues::smk::setup" skipped="0" tests="3" time="5.34" timestamp="2020-09-12T15:03:34Z">
    <testcase classname="ds.recodeValues_smk_setup" name="setup" time="5.33600000000024"/>
    <testcase classname="ds.recodeValues_smk_setup" name="setup" time="0.00199999999995271"/>
    <testcase classname="ds.recodeValues_smk_setup" name="setup" time="0.00199999999995271"/>
  </testsuite>
  <testsuite errors="0" failures="0" hostname="fv-az14" name="ds.recodeValues::smk" skipped="0" tests="7" time="1.855" timestamp="2020-09-12T15:03:39Z">
    <testcase classname="ds.recodeValues_smk" name="simple_test" time="1.30199999999968"/>
    <testcase classname="ds.recodeValues_smk" name="simple_test" time="0.00100000000020373"/>
    <testcase classname="ds.recodeValues_smk" name="simple_test" time="0.00199999999995271"/>
    <testcase classname="ds.recodeValues_smk" name="simple_test" time="0.547000000000025"/>
    <testcase classname="ds.recodeValues_smk" name="simple_test" time="0.00100000000020373"/>
    <testcase classname="ds.recodeValues_smk" name="simple_test" time="0.000999999999748979"/>
    <testcase classname="ds.recodeValues_smk" name="simple_test" time="0.00100000000020373"/>
  </testsuite>
  <testsuite errors="0" failures="0" hostname="fv-az14" name="ds.recodeValues::smk::shutdown" skipped="0" tests="3" time="0.282" timestamp="2020-09-12T15:03:40Z">
    <testcase classname="ds.recodeValues_smk_shutdown" name="shutdown" time="0.279999999999745"/>
    <testcase classname="ds.recodeValues_smk_shutdown" name="shutdown" time="0.000999999999748979"/>
    <testcase classname="ds.recodeValues_smk_shutdown" name="shutdown" time="0.00100000000020373"/>
  </testsuite>
  <testsuite errors="0" failures="0" hostname="fv-az14" name="ds.recodeValues::smk::done" skipped="0" tests="0" time="0" timestamp="2020-09-12T15:03:41Z"/>
  <testsuite errors="0" failures="0" hostname="fv-az14" name="ds.rep::smk::complex setup" skipped="0" tests="3" time="5.303" timestamp="2020-09-12T15:03:41Z">
    <testcase classname="ds.rep_smk_complex_setup" name="setup" time="5.30000000000018"/>
    <testcase classname="ds.rep_smk_complex_setup" name="setup" time="0.000999999999748979"/>
    <testcase classname="ds.rep_smk_complex_setup" name="setup" time="0.00199999999995271"/>
  </testsuite>
  <testsuite errors="0" failures="0" hostname="fv-az14" name="ds.rep::smk::complex" skipped="0" tests="6" time="1.709" timestamp="2020-09-12T15:03:46Z">
    <testcase classname="ds.rep_smk_complex" name="complex_test" time="0.912000000000262"/>
    <testcase classname="ds.rep_smk_complex" name="complex_test" time="0.000999999999748979"/>
    <testcase classname="ds.rep_smk_complex" name="complex_test" time="0.00199999999995271"/>
    <testcase classname="ds.rep_smk_complex" name="complex_test" time="0.789999999999964"/>
    <testcase classname="ds.rep_smk_complex" name="complex_test" time="0.00199999999995271"/>
    <testcase classname="ds.rep_smk_complex" name="complex_test" time="0.00200000000040745"/>
  </testsuite>
  <testsuite errors="0" failures="0" hostname="fv-az14" name="ds.rep::smk::complex shutdown" skipped="0" tests="3" time="0.312" timestamp="2020-09-12T15:03:48Z">
    <testcase classname="ds.rep_smk_complex_shutdown" name="shutdown" time="0.308999999999742"/>
    <testcase classname="ds.rep_smk_complex_shutdown" name="shutdown" time="0.00100000000020373"/>
    <testcase classname="ds.rep_smk_complex_shutdown" name="shutdown" time="0.00199999999995271"/>
  </testsuite>
  <testsuite errors="0" failures="0" hostname="fv-az14" name="ds.rep::smk::complex done" skipped="0" tests="0" time="0" timestamp="2020-09-12T15:03:49Z"/>
  <testsuite errors="0" failures="0" hostname="fv-az14" name="ds.replaceNA::smk::setup" skipped="0" tests="3" time="5.288" timestamp="2020-09-12T15:03:49Z">
    <testcase classname="ds.replaceNA_smk_setup" name="setup" time="5.28499999999985"/>
    <testcase classname="ds.replaceNA_smk_setup" name="setup" time="0.00100000000020373"/>
    <testcase classname="ds.replaceNA_smk_setup" name="setup" time="0.00199999999995271"/>
  </testsuite>
  <testsuite errors="0" failures="0" hostname="fv-az14" name="ds.replaceNA::smk" skipped="0" tests="3" time="9.474" timestamp="2020-09-12T15:03:53Z">
    <testcase classname="ds.replaceNA_smk" name="simple_replaceNA" time="3.13299999999981"/>
    <testcase classname="ds.replaceNA_smk" name="simple_replaceNA" time="3.24600000000009"/>
    <testcase classname="ds.replaceNA_smk" name="simple_replaceNA" time="3.0949999999998"/>
  </testsuite>
  <testsuite errors="0" failures="0" hostname="fv-az14" name="ds.replaceNA::smk::shutdown" skipped="0" tests="3" time="0.282" timestamp="2020-09-12T15:04:03Z">
    <testcase classname="ds.replaceNA_smk_shutdown" name="setup" time="0.278999999999996"/>
    <testcase classname="ds.replaceNA_smk_shutdown" name="setup" time="0.00199999999995271"/>
    <testcase classname="ds.replaceNA_smk_shutdown" name="setup" time="0.00100000000020373"/>
  </testsuite>
  <testsuite errors="0" failures="0" hostname="fv-az14" name="ds.replaceNA::smk::done" skipped="0" tests="0" time="0" timestamp="2020-09-12T15:04:04Z"/>
  <testsuite errors="0" failures="0" hostname="fv-az14" name="ds.rep::smk::setup" skipped="0" tests="3" time="5.332" timestamp="2020-09-12T15:04:04Z">
    <testcase classname="ds.rep_smk_setup" name="setup" time="5.32900000000018"/>
    <testcase classname="ds.rep_smk_setup" name="setup" time="0.00199999999995271"/>
    <testcase classname="ds.rep_smk_setup" name="setup" time="0.000999999999748979"/>
  </testsuite>
  <testsuite errors="0" failures="0" hostname="fv-az14" name="ds.rep::smk" skipped="0" tests="3" time="0.81" timestamp="2020-09-12T15:04:08Z">
    <testcase classname="ds.rep_smk" name="simple_test" time="0.807999999999993"/>
    <testcase classname="ds.rep_smk" name="simple_test" time="0.00100000000020373"/>
    <testcase classname="ds.rep_smk" name="simple_test" time="0.000999999999748979"/>
  </testsuite>
  <testsuite errors="0" failures="0" hostname="fv-az14" name="ds.rep::smk::shutdown" skipped="0" tests="3" time="0.282" timestamp="2020-09-12T15:04:09Z">
    <testcase classname="ds.rep_smk_shutdown" name="shutdown" time="0.278999999999996"/>
    <testcase classname="ds.rep_smk_shutdown" name="shutdown" time="0.00100000000020373"/>
    <testcase classname="ds.rep_smk_shutdown" name="shutdown" time="0.00199999999995271"/>
  </testsuite>
  <testsuite errors="0" failures="0" hostname="fv-az14" name="ds.rep::smk::done" skipped="0" tests="0" time="0" timestamp="2020-09-12T15:04:10Z"/>
  <testsuite errors="0" failures="0" hostname="fv-az14" name="ds.reShape::smk::setup" skipped="0" tests="3" time="5.471" timestamp="2020-09-12T15:04:10Z">
    <testcase classname="ds.reShape_smk_setup" name="setup" time="5.46900000000005"/>
    <testcase classname="ds.reShape_smk_setup" name="setup" time="0.00100000000020373"/>
    <testcase classname="ds.reShape_smk_setup" name="setup" time="0.000999999999748979"/>
  </testsuite>
  <testsuite errors="0" failures="0" hostname="fv-az14" name="ds.reShape::smk" skipped="0" tests="3" time="1.121" timestamp="2020-09-12T15:04:15Z">
    <testcase classname="ds.reShape_smk" name="simplest_ds.reShape_wide" time="1.11799999999994"/>
    <testcase classname="ds.reShape_smk" name="simplest_ds.reShape_wide" time="0.00199999999995271"/>
    <testcase classname="ds.reShape_smk" name="simplest_ds.reShape_wide" time="0.00100000000020373"/>
  </testsuite>
  <testsuite errors="0" failures="0" hostname="fv-az14" name="ds.reShape::smk::shutdown" skipped="0" tests="3" time="0.289" timestamp="2020-09-12T15:04:16Z">
    <testcase classname="ds.reShape_smk_shutdown" name="shutdown" time="0.286000000000058"/>
    <testcase classname="ds.reShape_smk_shutdown" name="shutdown" time="0.000999999999748979"/>
    <testcase classname="ds.reShape_smk_shutdown" name="shutdown" time="0.00199999999995271"/>
  </testsuite>
  <testsuite errors="0" failures="0" hostname="fv-az14" name="ds.reShape::smk::done" skipped="0" tests="0" time="0" timestamp="2020-09-12T15:04:17Z"/>
  <testsuite errors="0" failures="0" hostname="fv-az14" name="ds.rm::smk::setup" skipped="0" tests="3" time="5.447" timestamp="2020-09-12T15:04:17Z">
    <testcase classname="ds.rm_smk_setup" name="setup" time="5.44400000000041"/>
    <testcase classname="ds.rm_smk_setup" name="setup" time="0.00199999999995271"/>
    <testcase classname="ds.rm_smk_setup" name="setup" time="0.000999999999748979"/>
  </testsuite>
  <testsuite errors="0" failures="0" hostname="fv-az14" name="ds.rm::smk" skipped="0" tests="14" time="2.231" timestamp="2020-09-12T15:04:22Z">
    <testcase classname="ds.rm_smk" name="simple_test" time="0.278000000000247"/>
    <testcase classname="ds.rm_smk" name="simple_test" time="0.000999999999748979"/>
    <testcase classname="ds.rm_smk" name="simple_test" time="0.00100000000020373"/>
    <testcase classname="ds.rm_smk" name="simple_test" time="0.00199999999995271"/>
    <testcase classname="ds.rm_smk" name="simple_test" time="0.000999999999748979"/>
    <testcase classname="ds.rm_smk" name="simple_test" time="0.00100000000020373"/>
    <testcase classname="ds.rm_smk" name="simple_test" time="0.000999999999748979"/>
    <testcase classname="ds.rm_smk" name="simple_test" time="1.93700000000035"/>
    <testcase classname="ds.rm_smk" name="simple_test" time="0.000999999999748979"/>
    <testcase classname="ds.rm_smk" name="simple_test" time="0.00199999999995271"/>
    <testcase classname="ds.rm_smk" name="simple_test" time="0.00100000000020373"/>
    <testcase classname="ds.rm_smk" name="simple_test" time="0.00199999999995271"/>
    <testcase classname="ds.rm_smk" name="simple_test" time="0.00100000000020373"/>
    <testcase classname="ds.rm_smk" name="simple_test" time="0.00199999999995271"/>
  </testsuite>
  <testsuite errors="0" failures="0" hostname="fv-az14" name="ds.rm::smk::shutdown" skipped="0" tests="3" time="0.276" timestamp="2020-09-12T15:04:24Z">
    <testcase classname="ds.rm_smk_shutdown" name="shutdown" time="0.272999999999683"/>
    <testcase classname="ds.rm_smk_shutdown" name="shutdown" time="0.00199999999995271"/>
    <testcase classname="ds.rm_smk_shutdown" name="shutdown" time="0.00100000000020373"/>
  </testsuite>
  <testsuite errors="0" failures="0" hostname="fv-az14" name="ds.rm::smk::done" skipped="0" tests="0" time="0" timestamp="2020-09-12T15:04:25Z"/>
  <testsuite errors="0" failures="0" hostname="fv-az14" name="ds.rNorm::smk::setup" skipped="0" tests="3" time="5.513" timestamp="2020-09-12T15:04:25Z">
    <testcase classname="ds.rNorm_smk_setup" name="setup" time="5.51000000000022"/>
    <testcase classname="ds.rNorm_smk_setup" name="setup" time="0.000999999999748979"/>
    <testcase classname="ds.rNorm_smk_setup" name="setup" time="0.00199999999995271"/>
  </testsuite>
  <testsuite errors="0" failures="0" hostname="fv-az14" name="ds.rNorm::smk::simple test" skipped="0" tests="11" time="2.105" timestamp="2020-09-12T15:04:30Z">
    <testcase classname="ds.rNorm_smk_simple_test" name="simple_test" time="2.0920000000001"/>
    <testcase classname="ds.rNorm_smk_simple_test" name="simple_test" time="0.00100000000020373"/>
    <testcase classname="ds.rNorm_smk_simple_test" name="simple_test" time="0.000999999999748979"/>
    <testcase classname="ds.rNorm_smk_simple_test" name="simple_test" time="0.00100000000020373"/>
    <testcase classname="ds.rNorm_smk_simple_test" name="simple_test" time="0.00199999999995271"/>
    <testcase classname="ds.rNorm_smk_simple_test" name="simple_test" time="0.000999999999748979"/>
    <testcase classname="ds.rNorm_smk_simple_test" name="simple_test" time="0.00199999999995271"/>
    <testcase classname="ds.rNorm_smk_simple_test" name="simple_test" time="0.00100000000020373"/>
    <testcase classname="ds.rNorm_smk_simple_test" name="simple_test" time="0.00100000000020373"/>
    <testcase classname="ds.rNorm_smk_simple_test" name="simple_test" time="0.00199999999995271"/>
    <testcase classname="ds.rNorm_smk_simple_test" name="simple_test" time="0.000999999999748979"/>
  </testsuite>
  <testsuite errors="0" failures="0" hostname="fv-az14" name="ds.rNorm::smk::shutdown" skipped="0" tests="3" time="0.278" timestamp="2020-09-12T15:04:32Z">
    <testcase classname="ds.rNorm_smk_shutdown" name="shutdown" time="0.275000000000091"/>
    <testcase classname="ds.rNorm_smk_shutdown" name="shutdown" time="0.00100000000020373"/>
    <testcase classname="ds.rNorm_smk_shutdown" name="shutdown" time="0.00199999999995271"/>
  </testsuite>
  <testsuite errors="0" failures="0" hostname="fv-az14" name="ds.rNorm::smk::done" skipped="0" tests="0" time="0" timestamp="2020-09-12T15:04:33Z"/>
  <testsuite errors="0" failures="0" hostname="fv-az14" name="ds.rowColCalc::smk::setup" skipped="0" tests="3" time="5.424" timestamp="2020-09-12T15:04:33Z">
    <testcase classname="ds.rowColCalc_smk_setup" name="setup" time="5.41999999999962"/>
    <testcase classname="ds.rowColCalc_smk_setup" name="setup" time="0.00300000000015643"/>
    <testcase classname="ds.rowColCalc_smk_setup" name="setup" time="0.00100000000020373"/>
  </testsuite>
  <testsuite errors="0" failures="0" hostname="fv-az14" name="ds.rowColCalc::smk" skipped="0" tests="4" time="4.73" timestamp="2020-09-12T15:04:38Z">
    <testcase classname="ds.rowColCalc_smk" name="rowColCalc_exists" time="4.72499999999991"/>
    <testcase classname="ds.rowColCalc_smk" name="rowColCalc_exists" time="0.00199999999995271"/>
    <testcase classname="ds.rowColCalc_smk" name="rowColCalc_exists" time="0.00199999999995271"/>
    <testcase classname="ds.rowColCalc_smk" name="rowColCalc_exists" time="0.00100000000020373"/>
  </testsuite>
  <testsuite errors="0" failures="0" hostname="fv-az14" name="ds.rowColCalc::smk::no newobj" skipped="0" tests="4" time="4.744" timestamp="2020-09-12T15:04:42Z">
    <testcase classname="ds.rowColCalc_smk_no_newobj" name="rowColCalc_out_exists" time="4.73900000000003"/>
    <testcase classname="ds.rowColCalc_smk_no_newobj" name="rowColCalc_out_exists" time="0.00199999999995271"/>
    <testcase classname="ds.rowColCalc_smk_no_newobj" name="rowColCalc_out_exists" time="0.000999999999748979"/>
    <testcase classname="ds.rowColCalc_smk_no_newobj" name="rowColCalc_out_exists" time="0.00199999999995271"/>
  </testsuite>
  <testsuite errors="0" failures="0" hostname="fv-az14" name="ds.rowColCalc::smk::shutdown" skipped="0" tests="3" time="0.294" timestamp="2020-09-12T15:04:47Z">
    <testcase classname="ds.rowColCalc_smk_shutdown" name="shutdown" time="0.291000000000167"/>
    <testcase classname="ds.rowColCalc_smk_shutdown" name="shutdown" time="0.00199999999995271"/>
    <testcase classname="ds.rowColCalc_smk_shutdown" name="shutdown" time="0.00100000000020373"/>
  </testsuite>
  <testsuite errors="0" failures="0" hostname="fv-az14" name="ds.rowColCalc::smk::done" skipped="0" tests="0" time="0" timestamp="2020-09-12T15:04:48Z"/>
  <testsuite errors="0" failures="0" hostname="fv-az14" name="ds.rPois::smk::setup" skipped="0" tests="3" time="5.766" timestamp="2020-09-12T15:04:48Z">
    <testcase classname="ds.rPois_smk_setup" name="setup" time="5.76299999999992"/>
    <testcase classname="ds.rPois_smk_setup" name="setup" time="0.00199999999995271"/>
    <testcase classname="ds.rPois_smk_setup" name="setup" time="0.000999999999748979"/>
  </testsuite>
  <testsuite errors="0" failures="0" hostname="fv-az14" name="ds.rPois::smk::simple test" skipped="0" tests="11" time="2.092" timestamp="2020-09-12T15:04:53Z">
    <testcase classname="ds.rPois_smk_simple_test" name="simple_test" time="2.07700000000023"/>
    <testcase classname="ds.rPois_smk_simple_test" name="simple_test" time="0.00100000000020373"/>
    <testcase classname="ds.rPois_smk_simple_test" name="simple_test" time="0.00199999999995271"/>
    <testcase classname="ds.rPois_smk_simple_test" name="simple_test" time="0.00100000000020373"/>
    <testcase classname="ds.rPois_smk_simple_test" name="simple_test" time="0.00199999999995271"/>
    <testcase classname="ds.rPois_smk_simple_test" name="simple_test" time="0.000999999999748979"/>
    <testcase classname="ds.rPois_smk_simple_test" name="simple_test" time="0.00199999999995271"/>
    <testcase classname="ds.rPois_smk_simple_test" name="simple_test" time="0.00200000000040745"/>
    <testcase classname="ds.rPois_smk_simple_test" name="simple_test" time="0.000999999999748979"/>
    <testcase classname="ds.rPois_smk_simple_test" name="simple_test" time="0.00199999999995271"/>
    <testcase classname="ds.rPois_smk_simple_test" name="simple_test" time="0.00100000000020373"/>
  </testsuite>
  <testsuite errors="0" failures="0" hostname="fv-az14" name="ds.rPois::smk::shutdown" skipped="0" tests="3" time="0.276" timestamp="2020-09-12T15:04:55Z">
    <testcase classname="ds.rPois_smk_shutdown" name="shutdown" time="0.272999999999683"/>
    <testcase classname="ds.rPois_smk_shutdown" name="shutdown" time="0.00100000000020373"/>
    <testcase classname="ds.rPois_smk_shutdown" name="shutdown" time="0.00199999999995271"/>
  </testsuite>
  <testsuite errors="0" failures="0" hostname="fv-az14" name="ds.rPois::smk::done" skipped="0" tests="0" time="0" timestamp="2020-09-12T15:04:56Z"/>
  <testsuite errors="0" failures="0" hostname="fv-az14" name="ds.rUnif::smk::setup" skipped="0" tests="3" time="5.473" timestamp="2020-09-12T15:04:56Z">
    <testcase classname="ds.rUnif_smk_setup" name="setup" time="5.47000000000025"/>
    <testcase classname="ds.rUnif_smk_setup" name="setup" time="0.000999999999748979"/>
    <testcase classname="ds.rUnif_smk_setup" name="setup" time="0.00199999999995271"/>
  </testsuite>
  <testsuite errors="0" failures="0" hostname="fv-az14" name="ds.rUnif::smk::simple test" skipped="0" tests="11" time="2.141" timestamp="2020-09-12T15:05:01Z">
    <testcase classname="ds.rUnif_smk_simple_test" name="simple_test" time="2.12699999999995"/>
    <testcase classname="ds.rUnif_smk_simple_test" name="simple_test" time="0.00100000000020373"/>
    <testcase classname="ds.rUnif_smk_simple_test" name="simple_test" time="0.00199999999995271"/>
    <testcase classname="ds.rUnif_smk_simple_test" name="simple_test" time="0.00100000000020373"/>
    <testcase classname="ds.rUnif_smk_simple_test" name="simple_test" time="0.00199999999995271"/>
    <testcase classname="ds.rUnif_smk_simple_test" name="simple_test" time="0.000999999999748979"/>
    <testcase classname="ds.rUnif_smk_simple_test" name="simple_test" time="0.00199999999995271"/>
    <testcase classname="ds.rUnif_smk_simple_test" name="simple_test" time="0.00100000000020373"/>
    <testcase classname="ds.rUnif_smk_simple_test" name="simple_test" time="0.00199999999995271"/>
    <testcase classname="ds.rUnif_smk_simple_test" name="simple_test" time="0.000999999999748979"/>
    <testcase classname="ds.rUnif_smk_simple_test" name="simple_test" time="0.00100000000020373"/>
  </testsuite>
  <testsuite errors="0" failures="0" hostname="fv-az14" name="ds.rUnif::smk::shutdown" skipped="0" tests="3" time="0.295" timestamp="2020-09-12T15:05:03Z">
    <testcase classname="ds.rUnif_smk_shutdown" name="shutdown" time="0.291999999999916"/>
    <testcase classname="ds.rUnif_smk_shutdown" name="shutdown" time="0.00100000000020373"/>
    <testcase classname="ds.rUnif_smk_shutdown" name="shutdown" time="0.00199999999995271"/>
  </testsuite>
  <testsuite errors="0" failures="0" hostname="fv-az14" name="ds.rUnif::smk::done" skipped="0" tests="0" time="0" timestamp="2020-09-12T15:05:04Z"/>
  <testsuite errors="0" failures="0" hostname="fv-az14" name="ds.sample::smk::setup" skipped="0" tests="3" time="5.471" timestamp="2020-09-12T15:05:04Z">
    <testcase classname="ds.sample_smk_setup" name="setup" time="5.46799999999985"/>
    <testcase classname="ds.sample_smk_setup" name="setup" time="0.00199999999995271"/>
    <testcase classname="ds.sample_smk_setup" name="setup" time="0.00100000000020373"/>
  </testsuite>
  <testsuite errors="0" failures="0" hostname="fv-az14" name="ds.sample::smk::test" skipped="0" tests="64" time="6.65" timestamp="2020-09-12T15:05:09Z">
    <testcase classname="ds.sample_smk_test" name="simple_test" time="1.57099999999991"/>
    <testcase classname="ds.sample_smk_test" name="simple_test" time="0.00100000000020373"/>
    <testcase classname="ds.sample_smk_test" name="simple_test" time="0.00199999999995271"/>
    <testcase classname="ds.sample_smk_test" name="simple_test" time="0.27599999999984"/>
    <testcase classname="ds.sample_smk_test" name="simple_test" time="0.00100000000020373"/>
    <testcase classname="ds.sample_smk_test" name="simple_test" time="0.00199999999995271"/>
    <testcase classname="ds.sample_smk_test" name="simple_test" time="0.000999999999748979"/>
    <testcase classname="ds.sample_smk_test" name="simple_test" time="0.00199999999995271"/>
    <testcase classname="ds.sample_smk_test" name="simple_test" time="1.19300000000021"/>
    <testcase classname="ds.sample_smk_test" name="simple_test" time="0.00199999999995271"/>
    <testcase classname="ds.sample_smk_test" name="simple_test" time="0.00100000000020373"/>
    <testcase classname="ds.sample_smk_test" name="simple_test" time="0.00199999999995271"/>
    <testcase classname="ds.sample_smk_test" name="simple_test" time="0.000999999999748979"/>
    <testcase classname="ds.sample_smk_test" name="simple_test" time="0.00199999999995271"/>
    <testcase classname="ds.sample_smk_test" name="simple_test" time="0.00100000000020373"/>
    <testcase classname="ds.sample_smk_test" name="simple_test" time="0.000999999999748979"/>
    <testcase classname="ds.sample_smk_test" name="simple_test" time="0.00200000000040745"/>
    <testcase classname="ds.sample_smk_test" name="simple_test" time="0.000999999999748979"/>
    <testcase classname="ds.sample_smk_test" name="simple_test" time="0.00199999999995271"/>
    <testcase classname="ds.sample_smk_test" name="simple_test" time="0.00100000000020373"/>
    <testcase classname="ds.sample_smk_test" name="simple_test" time="0.000999999999748979"/>
    <testcase classname="ds.sample_smk_test" name="simple_test" time="0.00199999999995271"/>
    <testcase classname="ds.sample_smk_test" name="simple_test" time="0.00100000000020373"/>
    <testcase classname="ds.sample_smk_test" name="simple_test" time="0.00199999999995271"/>
    <testcase classname="ds.sample_smk_test" name="simple_test" time="0.00100000000020373"/>
    <testcase classname="ds.sample_smk_test" name="simple_test" time="0.00199999999995271"/>
    <testcase classname="ds.sample_smk_test" name="simple_test" time="0.000999999999748979"/>
    <testcase classname="ds.sample_smk_test" name="simple_test" time="0.00100000000020373"/>
    <testcase classname="ds.sample_smk_test" name="simple_test" time="0.00100000000020373"/>
    <testcase classname="ds.sample_smk_test" name="simple_test" time="0.000999999999748979"/>
    <testcase classname="ds.sample_smk_test" name="simple_test" time="0.270000000000437"/>
    <testcase classname="ds.sample_smk_test" name="simple_test" time="0.00199999999995271"/>
    <testcase classname="ds.sample_smk_test" name="simple_test" time="0.00199999999995271"/>
    <testcase classname="ds.sample_smk_test" name="simple_test" time="0.00199999999995271"/>
    <testcase classname="ds.sample_smk_test" name="simple_test" time="0.000999999999748979"/>
    <testcase classname="ds.sample_smk_test" name="simple_test" time="1.50600000000031"/>
    <testcase classname="ds.sample_smk_test" name="simple_test" time="0.00199999999995271"/>
    <testcase classname="ds.sample_smk_test" name="simple_test" time="0.000999999999748979"/>
    <testcase classname="ds.sample_smk_test" name="simple_test" time="0.276000000000295"/>
    <testcase classname="ds.sample_smk_test" name="simple_test" time="0.00199999999995271"/>
    <testcase classname="ds.sample_smk_test" name="simple_test" time="0.00199999999995271"/>
    <testcase classname="ds.sample_smk_test" name="simple_test" time="0.000999999999748979"/>
    <testcase classname="ds.sample_smk_test" name="simple_test" time="0.00200000000040745"/>
    <testcase classname="ds.sample_smk_test" name="simple_test" time="1.19899999999961"/>
    <testcase classname="ds.sample_smk_test" name="simple_test" time="0.00200000000040745"/>
    <testcase classname="ds.sample_smk_test" name="simple_test" time="0.00199999999995271"/>
    <testcase classname="ds.sample_smk_test" name="simple_test" time="0.00199999999995271"/>
    <testcase classname="ds.sample_smk_test" name="simple_test" time="0.00199999999995271"/>
    <testcase classname="ds.sample_smk_test" name="simple_test" time="0.00299999999970169"/>
    <testcase classname="ds.sample_smk_test" name="simple_test" time="0.00200000000040745"/>
    <testcase classname="ds.sample_smk_test" name="simple_test" time="0.00199999999995271"/>
    <testcase classname="ds.sample_smk_test" name="simple_test" time="0.00199999999995271"/>
    <testcase classname="ds.sample_smk_test" name="simple_test" time="0.00199999999995271"/>
    <testcase classname="ds.sample_smk_test" name="simple_test" time="0.00199999999995271"/>
    <testcase classname="ds.sample_smk_test" name="simple_test" time="0.00199999999995271"/>
    <testcase classname="ds.sample_smk_test" name="simple_test" time="0.00199999999995271"/>
    <testcase classname="ds.sample_smk_test" name="simple_test" time="0.00199999999995271"/>
    <testcase classname="ds.sample_smk_test" name="simple_test" time="0.00199999999995271"/>
    <testcase classname="ds.sample_smk_test" name="simple_test" time="0.00300000000015643"/>
    <testcase classname="ds.sample_smk_test" name="simple_test" time="0.26299999999992"/>
    <testcase classname="ds.sample_smk_test" name="simple_test" time="0.00199999999995271"/>
    <testcase classname="ds.sample_smk_test" name="simple_test" time="0.00300000000015643"/>
    <testcase classname="ds.sample_smk_test" name="simple_test" time="0.00199999999995271"/>
    <testcase classname="ds.sample_smk_test" name="simple_test" time="0.00199999999995271"/>
  </testsuite>
  <testsuite errors="0" failures="0" hostname="fv-az14" name="ds.sample::smk::test error" skipped="0" tests="7" time="1.51" timestamp="2020-09-12T15:05:16Z">
    <testcase classname="ds.sample_smk_test_error" name="simple_test_error" time="1.50300000000016"/>
    <testcase classname="ds.sample_smk_test_error" name="simple_test_error" time="0.000999999999748979"/>
    <testcase classname="ds.sample_smk_test_error" name="simple_test_error" time="0.00100000000020373"/>
    <testcase classname="ds.sample_smk_test_error" name="simple_test_error" time="0.00100000000020373"/>
    <testcase classname="ds.sample_smk_test_error" name="simple_test_error" time="0.000999999999748979"/>
    <testcase classname="ds.sample_smk_test_error" name="simple_test_error" time="0.00199999999995271"/>
    <testcase classname="ds.sample_smk_test_error" name="simple_test_error" time="0.00100000000020373"/>
  </testsuite>
  <testsuite errors="0" failures="0" hostname="fv-az14" name="ds.sample::smk::shutdown" skipped="0" tests="3" time="0.278" timestamp="2020-09-12T15:05:17Z">
    <testcase classname="ds.sample_smk_shutdown" name="shutdown" time="0.275000000000091"/>
    <testcase classname="ds.sample_smk_shutdown" name="shutdown" time="0.000999999999748979"/>
    <testcase classname="ds.sample_smk_shutdown" name="shutdown" time="0.00199999999995271"/>
  </testsuite>
  <testsuite errors="0" failures="0" hostname="fv-az14" name="ds.sample::smk::done" skipped="0" tests="0" time="0" timestamp="2020-09-12T15:05:18Z"/>
  <testsuite errors="0" failures="0" hostname="fv-az14" name="ds.seq::smk::setup" skipped="0" tests="3" time="5.317" timestamp="2020-09-12T15:05:18Z">
    <testcase classname="ds.seq_smk_setup" name="setup" time="5.31500000000005"/>
    <testcase classname="ds.seq_smk_setup" name="setup" time="0.00100000000020373"/>
    <testcase classname="ds.seq_smk_setup" name="setup" time="0.000999999999748979"/>
  </testsuite>
  <testsuite errors="0" failures="0" hostname="fv-az14" name="ds.seq::smk" skipped="0" tests="6" time="1.695" timestamp="2020-09-12T15:05:23Z">
    <testcase classname="ds.seq_smk" name="simplest_ds.seq" time="0.891000000000076"/>
    <testcase classname="ds.seq_smk" name="simplest_ds.seq" time="0.00199999999995271"/>
    <testcase classname="ds.seq_smk" name="simplest_ds.seq" time="0.00199999999995271"/>
    <testcase classname="ds.seq_smk" name="simplest_ds.seq" time="0.797000000000025"/>
    <testcase classname="ds.seq_smk" name="simplest_ds.seq" time="0.00199999999995271"/>
    <testcase classname="ds.seq_smk" name="simplest_ds.seq" time="0.00100000000020373"/>
  </testsuite>
  <testsuite errors="0" failures="0" hostname="fv-az14" name="ds.seq::smk::shutdown" skipped="0" tests="3" time="0.308" timestamp="2020-09-12T15:05:24Z">
    <testcase classname="ds.seq_smk_shutdown" name="shutdown" time="0.304999999999836"/>
    <testcase classname="ds.seq_smk_shutdown" name="shutdown" time="0.00100000000020373"/>
    <testcase classname="ds.seq_smk_shutdown" name="shutdown" time="0.00199999999995271"/>
  </testsuite>
  <testsuite errors="0" failures="0" hostname="fv-az14" name="ds.seq::smk::done" skipped="0" tests="0" time="0" timestamp="2020-09-12T15:05:25Z"/>
  <testsuite errors="0" failures="0" hostname="fv-az14" name="ds.setSeed::smk::setup" skipped="0" tests="3" time="5.468" timestamp="2020-09-12T15:05:25Z">
    <testcase classname="ds.setSeed_smk_setup" name="setup" time="5.46500000000015"/>
    <testcase classname="ds.setSeed_smk_setup" name="setup" time="0.00199999999995271"/>
    <testcase classname="ds.setSeed_smk_setup" name="setup" time="0.000999999999748979"/>
  </testsuite>
  <testsuite errors="0" failures="0" hostname="fv-az14" name="ds.setSeed::smk" skipped="0" tests="9" time="0.317" timestamp="2020-09-12T15:05:30Z">
    <testcase classname="ds.setSeed_smk" name="basic_setSeed" time="0.30600000000004"/>
    <testcase classname="ds.setSeed_smk" name="basic_setSeed" time="0.00100000000020373"/>
    <testcase classname="ds.setSeed_smk" name="basic_setSeed" time="0.00199999999995271"/>
    <testcase classname="ds.setSeed_smk" name="basic_setSeed" time="0.000999999999748979"/>
    <testcase classname="ds.setSeed_smk" name="basic_setSeed" time="0.00100000000020373"/>
    <testcase classname="ds.setSeed_smk" name="basic_setSeed" time="0.00199999999995271"/>
    <testcase classname="ds.setSeed_smk" name="basic_setSeed" time="0.00100000000020373"/>
    <testcase classname="ds.setSeed_smk" name="basic_setSeed" time="0.00199999999995271"/>
    <testcase classname="ds.setSeed_smk" name="basic_setSeed" time="0.000999999999748979"/>
  </testsuite>
  <testsuite errors="0" failures="0" hostname="fv-az14" name="ds.setSeed::smk::shutdown" skipped="0" tests="3" time="0.287" timestamp="2020-09-12T15:05:30Z">
    <testcase classname="ds.setSeed_smk_shutdown" name="shutdown" time="0.284000000000106"/>
    <testcase classname="ds.setSeed_smk_shutdown" name="shutdown" time="0.00199999999995271"/>
    <testcase classname="ds.setSeed_smk_shutdown" name="shutdown" time="0.00100000000020373"/>
  </testsuite>
  <testsuite errors="0" failures="0" hostname="fv-az14" name="ds.setSeed::smk::done" skipped="0" tests="0" time="0" timestamp="2020-09-12T15:05:31Z"/>
  <testsuite errors="0" failures="0" hostname="fv-az14" name="ds.skewness::smk::setup" skipped="0" tests="3" time="5.664" timestamp="2020-09-12T15:05:31Z">
    <testcase classname="ds.skewness_smk_setup" name="setup" time="5.6609999999996"/>
    <testcase classname="ds.skewness_smk_setup" name="setup" time="0.00100000000020373"/>
    <testcase classname="ds.skewness_smk_setup" name="setup" time="0.00199999999995271"/>
  </testsuite>
  <testsuite errors="0" failures="0" hostname="fv-az14" name="ds.skewness::smk::method 1::split" skipped="0" tests="70" time="6.309" timestamp="2020-09-12T15:05:36Z">
    <testcase classname="ds.skewness_smk_method_1_split" name="simple_skewness_method_1_split_on_LAB_TSC" time="1.22699999999986"/>
    <testcase classname="ds.skewness_smk_method_1_split" name="simple_skewness_method_1_split_on_LAB_TSC" time="0.00100000000020373"/>
    <testcase classname="ds.skewness_smk_method_1_split" name="simple_skewness_method_1_split_on_LAB_TSC" time="0.00100000000020373"/>
    <testcase classname="ds.skewness_smk_method_1_split" name="simple_skewness_method_1_split_on_LAB_TSC" time="0.00199999999995271"/>
    <testcase classname="ds.skewness_smk_method_1_split" name="simple_skewness_method_1_split_on_LAB_TSC" time="0.000999999999748979"/>
    <testcase classname="ds.skewness_smk_method_1_split" name="simple_skewness_method_1_split_on_LAB_TSC" time="0.00100000000020373"/>
    <testcase classname="ds.skewness_smk_method_1_split" name="simple_skewness_method_1_split_on_LAB_TSC" time="0.00199999999995271"/>
    <testcase classname="ds.skewness_smk_method_1_split" name="simple_skewness_method_1_split_on_LAB_TSC" time="0.000999999999748979"/>
    <testcase classname="ds.skewness_smk_method_1_split" name="simple_skewness_method_1_split_on_LAB_TSC" time="0.00100000000020373"/>
    <testcase classname="ds.skewness_smk_method_1_split" name="simple_skewness_method_1_split_on_LAB_TSC" time="0.00199999999995271"/>
    <testcase classname="ds.skewness_smk_method_1_split" name="simple_skewness_method_1_split_on_LAB_TSC" time="0.00100000000020373"/>
    <testcase classname="ds.skewness_smk_method_1_split" name="simple_skewness_method_1_split_on_LAB_TSC" time="0.000999999999748979"/>
    <testcase classname="ds.skewness_smk_method_1_split" name="simple_skewness_method_1_split_on_LAB_TSC" time="0.00100000000020373"/>
    <testcase classname="ds.skewness_smk_method_1_split" name="simple_skewness_method_1_split_on_LAB_TSC" time="0.00199999999995271"/>
    <testcase classname="ds.skewness_smk_method_1_split" name="simple_skewness_method_1_split_on_LAB_TRIG" time="1.221"/>
    <testcase classname="ds.skewness_smk_method_1_split" name="simple_skewness_method_1_split_on_LAB_TRIG" time="0.000999999999748979"/>
    <testcase classname="ds.skewness_smk_method_1_split" name="simple_skewness_method_1_split_on_LAB_TRIG" time="0.00199999999995271"/>
    <testcase classname="ds.skewness_smk_method_1_split" name="simple_skewness_method_1_split_on_LAB_TRIG" time="0.00100000000020373"/>
    <testcase classname="ds.skewness_smk_method_1_split" name="simple_skewness_method_1_split_on_LAB_TRIG" time="0.00100000000020373"/>
    <testcase classname="ds.skewness_smk_method_1_split" name="simple_skewness_method_1_split_on_LAB_TRIG" time="0.00199999999995271"/>
    <testcase classname="ds.skewness_smk_method_1_split" name="simple_skewness_method_1_split_on_LAB_TRIG" time="0.000999999999748979"/>
    <testcase classname="ds.skewness_smk_method_1_split" name="simple_skewness_method_1_split_on_LAB_TRIG" time="0.00199999999995271"/>
    <testcase classname="ds.skewness_smk_method_1_split" name="simple_skewness_method_1_split_on_LAB_TRIG" time="0.00100000000020373"/>
    <testcase classname="ds.skewness_smk_method_1_split" name="simple_skewness_method_1_split_on_LAB_TRIG" time="0.000999999999748979"/>
    <testcase classname="ds.skewness_smk_method_1_split" name="simple_skewness_method_1_split_on_LAB_TRIG" time="0.00200000000040745"/>
    <testcase classname="ds.skewness_smk_method_1_split" name="simple_skewness_method_1_split_on_LAB_TRIG" time="0.00199999999995271"/>
    <testcase classname="ds.skewness_smk_method_1_split" name="simple_skewness_method_1_split_on_LAB_TRIG" time="0.00199999999995271"/>
    <testcase classname="ds.skewness_smk_method_1_split" name="simple_skewness_method_1_split_on_LAB_TRIG" time="0.00199999999995271"/>
    <testcase classname="ds.skewness_smk_method_1_split" name="simple_skewness_method_1_split_on_LAB_HDL" time="1.32200000000012"/>
    <testcase classname="ds.skewness_smk_method_1_split" name="simple_skewness_method_1_split_on_LAB_HDL" time="0.00199999999995271"/>
    <testcase classname="ds.skewness_smk_method_1_split" name="simple_skewness_method_1_split_on_LAB_HDL" time="0.00199999999995271"/>
    <testcase classname="ds.skewness_smk_method_1_split" name="simple_skewness_method_1_split_on_LAB_HDL" time="0.00199999999995271"/>
    <testcase classname="ds.skewness_smk_method_1_split" name="simple_skewness_method_1_split_on_LAB_HDL" time="0.00199999999995271"/>
    <testcase classname="ds.skewness_smk_method_1_split" name="simple_skewness_method_1_split_on_LAB_HDL" time="0.00199999999995271"/>
    <testcase classname="ds.skewness_smk_method_1_split" name="simple_skewness_method_1_split_on_LAB_HDL" time="0.00199999999995271"/>
    <testcase classname="ds.skewness_smk_method_1_split" name="simple_skewness_method_1_split_on_LAB_HDL" time="0.00199999999995271"/>
    <testcase classname="ds.skewness_smk_method_1_split" name="simple_skewness_method_1_split_on_LAB_HDL" time="0.00199999999995271"/>
    <testcase classname="ds.skewness_smk_method_1_split" name="simple_skewness_method_1_split_on_LAB_HDL" time="0.00200000000040745"/>
    <testcase classname="ds.skewness_smk_method_1_split" name="simple_skewness_method_1_split_on_LAB_HDL" time="0.00299999999970169"/>
    <testcase classname="ds.skewness_smk_method_1_split" name="simple_skewness_method_1_split_on_LAB_HDL" time="0.00399999999990541"/>
    <testcase classname="ds.skewness_smk_method_1_split" name="simple_skewness_method_1_split_on_LAB_HDL" time="0.00199999999995271"/>
    <testcase classname="ds.skewness_smk_method_1_split" name="simple_skewness_method_1_split_on_LAB_HDL" time="0.00300000000015643"/>
    <testcase classname="ds.skewness_smk_method_1_split" name="simple_skewness_method_1_split_on_LAB_GLUC_ADJUSTED" time="1.21199999999999"/>
    <testcase classname="ds.skewness_smk_method_1_split" name="simple_skewness_method_1_split_on_LAB_GLUC_ADJUSTED" time="0.00199999999995271"/>
    <testcase classname="ds.skewness_smk_method_1_split" name="simple_skewness_method_1_split_on_LAB_GLUC_ADJUSTED" time="0.00199999999995271"/>
    <testcase classname="ds.skewness_smk_method_1_split" name="simple_skewness_method_1_split_on_LAB_GLUC_ADJUSTED" time="0.00199999999995271"/>
    <testcase classname="ds.skewness_smk_method_1_split" name="simple_skewness_method_1_split_on_LAB_GLUC_ADJUSTED" time="0.00200000000040745"/>
    <testcase classname="ds.skewness_smk_method_1_split" name="simple_skewness_method_1_split_on_LAB_GLUC_ADJUSTED" time="0.00199999999995271"/>
    <testcase classname="ds.skewness_smk_method_1_split" name="simple_skewness_method_1_split_on_LAB_GLUC_ADJUSTED" time="0.00199999999995271"/>
    <testcase classname="ds.skewness_smk_method_1_split" name="simple_skewness_method_1_split_on_LAB_GLUC_ADJUSTED" time="0.00199999999995271"/>
    <testcase classname="ds.skewness_smk_method_1_split" name="simple_skewness_method_1_split_on_LAB_GLUC_ADJUSTED" time="0.00199999999995271"/>
    <testcase classname="ds.skewness_smk_method_1_split" name="simple_skewness_method_1_split_on_LAB_GLUC_ADJUSTED" time="0.00199999999995271"/>
    <testcase classname="ds.skewness_smk_method_1_split" name="simple_skewness_method_1_split_on_LAB_GLUC_ADJUSTED" time="0.00199999999995271"/>
    <testcase classname="ds.skewness_smk_method_1_split" name="simple_skewness_method_1_split_on_LAB_GLUC_ADJUSTED" time="0.00199999999995271"/>
    <testcase classname="ds.skewness_smk_method_1_split" name="simple_skewness_method_1_split_on_LAB_GLUC_ADJUSTED" time="0.00199999999995271"/>
    <testcase classname="ds.skewness_smk_method_1_split" name="simple_skewness_method_1_split_on_LAB_GLUC_ADJUSTED" time="0.00200000000040745"/>
    <testcase classname="ds.skewness_smk_method_1_split" name="simple_skewness_method_1_split_on_PM_BMI_CONTINUOUS" time="1.20799999999963"/>
    <testcase classname="ds.skewness_smk_method_1_split" name="simple_skewness_method_1_split_on_PM_BMI_CONTINUOUS" time="0.00199999999995271"/>
    <testcase classname="ds.skewness_smk_method_1_split" name="simple_skewness_method_1_split_on_PM_BMI_CONTINUOUS" time="0.00200000000040745"/>
    <testcase classname="ds.skewness_smk_method_1_split" name="simple_skewness_method_1_split_on_PM_BMI_CONTINUOUS" time="0.00199999999995271"/>
    <testcase classname="ds.skewness_smk_method_1_split" name="simple_skewness_method_1_split_on_PM_BMI_CONTINUOUS" time="0.00199999999995271"/>
    <testcase classname="ds.skewness_smk_method_1_split" name="simple_skewness_method_1_split_on_PM_BMI_CONTINUOUS" time="0.00199999999995271"/>
    <testcase classname="ds.skewness_smk_method_1_split" name="simple_skewness_method_1_split_on_PM_BMI_CONTINUOUS" time="0.00199999999995271"/>
    <testcase classname="ds.skewness_smk_method_1_split" name="simple_skewness_method_1_split_on_PM_BMI_CONTINUOUS" time="0.00199999999995271"/>
    <testcase classname="ds.skewness_smk_method_1_split" name="simple_skewness_method_1_split_on_PM_BMI_CONTINUOUS" time="0.00199999999995271"/>
    <testcase classname="ds.skewness_smk_method_1_split" name="simple_skewness_method_1_split_on_PM_BMI_CONTINUOUS" time="0.00199999999995271"/>
    <testcase classname="ds.skewness_smk_method_1_split" name="simple_skewness_method_1_split_on_PM_BMI_CONTINUOUS" time="0.00199999999995271"/>
    <testcase classname="ds.skewness_smk_method_1_split" name="simple_skewness_method_1_split_on_PM_BMI_CONTINUOUS" time="0.00199999999995271"/>
    <testcase classname="ds.skewness_smk_method_1_split" name="simple_skewness_method_1_split_on_PM_BMI_CONTINUOUS" time="0.00200000000040745"/>
    <testcase classname="ds.skewness_smk_method_1_split" name="simple_skewness_method_1_split_on_PM_BMI_CONTINUOUS" time="0.00199999999995271"/>
  </testsuite>
  <testsuite errors="0" failures="0" hostname="fv-az14" name="ds.skewness::smk::method 1::combine" skipped="0" tests="40" time="7.522" timestamp="2020-09-12T15:05:43Z">
    <testcase classname="ds.skewness_smk_method_1_combine" name="simple_skewness_combine_on_LAB_TSC" time="1.5029999999997"/>
    <testcase classname="ds.skewness_smk_method_1_combine" name="simple_skewness_combine_on_LAB_TSC" time="0.00199999999995271"/>
    <testcase classname="ds.skewness_smk_method_1_combine" name="simple_skewness_combine_on_LAB_TSC" time="0.00100000000020373"/>
    <testcase classname="ds.skewness_smk_method_1_combine" name="simple_skewness_combine_on_LAB_TSC" time="0.00100000000020373"/>
    <testcase classname="ds.skewness_smk_method_1_combine" name="simple_skewness_combine_on_LAB_TSC" time="0.000999999999748979"/>
    <testcase classname="ds.skewness_smk_method_1_combine" name="simple_skewness_combine_on_LAB_TSC" time="0.00100000000020373"/>
    <testcase classname="ds.skewness_smk_method_1_combine" name="simple_skewness_combine_on_LAB_TSC" time="0.00199999999995271"/>
    <testcase classname="ds.skewness_smk_method_1_combine" name="simple_skewness_combine_on_LAB_TSC" time="0.000999999999748979"/>
    <testcase classname="ds.skewness_smk_method_1_combine" name="simple_skewness_method_1_combine_on_LAB_TRIG" time="1.46900000000005"/>
    <testcase classname="ds.skewness_smk_method_1_combine" name="simple_skewness_method_1_combine_on_LAB_TRIG" time="0.00100000000020373"/>
    <testcase classname="ds.skewness_smk_method_1_combine" name="simple_skewness_method_1_combine_on_LAB_TRIG" time="0.000999999999748979"/>
    <testcase classname="ds.skewness_smk_method_1_combine" name="simple_skewness_method_1_combine_on_LAB_TRIG" time="0.00199999999995271"/>
    <testcase classname="ds.skewness_smk_method_1_combine" name="simple_skewness_method_1_combine_on_LAB_TRIG" time="0.00100000000020373"/>
    <testcase classname="ds.skewness_smk_method_1_combine" name="simple_skewness_method_1_combine_on_LAB_TRIG" time="0.00199999999995271"/>
    <testcase classname="ds.skewness_smk_method_1_combine" name="simple_skewness_method_1_combine_on_LAB_TRIG" time="0.00199999999995271"/>
    <testcase classname="ds.skewness_smk_method_1_combine" name="simple_skewness_method_1_combine_on_LAB_TRIG" time="0.000999999999748979"/>
    <testcase classname="ds.skewness_smk_method_1_combine" name="simple_skewness_method_1_combine_on_LAB_HDL" time="1.49099999999999"/>
    <testcase classname="ds.skewness_smk_method_1_combine" name="simple_skewness_method_1_combine_on_LAB_HDL" time="0.00100000000020373"/>
    <testcase classname="ds.skewness_smk_method_1_combine" name="simple_skewness_method_1_combine_on_LAB_HDL" time="0.00199999999995271"/>
    <testcase classname="ds.skewness_smk_method_1_combine" name="simple_skewness_method_1_combine_on_LAB_HDL" time="0.00199999999995271"/>
    <testcase classname="ds.skewness_smk_method_1_combine" name="simple_skewness_method_1_combine_on_LAB_HDL" time="0.00100000000020373"/>
    <testcase classname="ds.skewness_smk_method_1_combine" name="simple_skewness_method_1_combine_on_LAB_HDL" time="0.00199999999995271"/>
    <testcase classname="ds.skewness_smk_method_1_combine" name="simple_skewness_method_1_combine_on_LAB_HDL" time="0.000999999999748979"/>
    <testcase classname="ds.skewness_smk_method_1_combine" name="simple_skewness_method_1_combine_on_LAB_HDL" time="0.00100000000020373"/>
    <testcase classname="ds.skewness_smk_method_1_combine" name="simple_skewness_method_1_combine_on_LAB_GLUC_ADJUSTED" time="1.48900000000003"/>
    <testcase classname="ds.skewness_smk_method_1_combine" name="simple_skewness_method_1_combine_on_LAB_GLUC_ADJUSTED" time="0.00199999999995271"/>
    <testcase classname="ds.skewness_smk_method_1_combine" name="simple_skewness_method_1_combine_on_LAB_GLUC_ADJUSTED" time="0.000999999999748979"/>
    <testcase classname="ds.skewness_smk_method_1_combine" name="simple_skewness_method_1_combine_on_LAB_GLUC_ADJUSTED" time="0.00100000000020373"/>
    <testcase classname="ds.skewness_smk_method_1_combine" name="simple_skewness_method_1_combine_on_LAB_GLUC_ADJUSTED" time="0.00199999999995271"/>
    <testcase classname="ds.skewness_smk_method_1_combine" name="simple_skewness_method_1_combine_on_LAB_GLUC_ADJUSTED" time="0.00199999999995271"/>
    <testcase classname="ds.skewness_smk_method_1_combine" name="simple_skewness_method_1_combine_on_LAB_GLUC_ADJUSTED" time="0.00199999999995271"/>
    <testcase classname="ds.skewness_smk_method_1_combine" name="simple_skewness_method_1_combine_on_LAB_GLUC_ADJUSTED" time="0.000999999999748979"/>
    <testcase classname="ds.skewness_smk_method_1_combine" name="simple_skewness_method_1_combine_on_PM_BMI_CONTINUOUS" time="1.51400000000012"/>
    <testcase classname="ds.skewness_smk_method_1_combine" name="simple_skewness_method_1_combine_on_PM_BMI_CONTINUOUS" time="0.00199999999995271"/>
    <testcase classname="ds.skewness_smk_method_1_combine" name="simple_skewness_method_1_combine_on_PM_BMI_CONTINUOUS" time="0.00300000000015643"/>
    <testcase classname="ds.skewness_smk_method_1_combine" name="simple_skewness_method_1_combine_on_PM_BMI_CONTINUOUS" time="0.00199999999995271"/>
    <testcase classname="ds.skewness_smk_method_1_combine" name="simple_skewness_method_1_combine_on_PM_BMI_CONTINUOUS" time="0.00199999999995271"/>
    <testcase classname="ds.skewness_smk_method_1_combine" name="simple_skewness_method_1_combine_on_PM_BMI_CONTINUOUS" time="0.00300000000015643"/>
    <testcase classname="ds.skewness_smk_method_1_combine" name="simple_skewness_method_1_combine_on_PM_BMI_CONTINUOUS" time="0.00199999999995271"/>
    <testcase classname="ds.skewness_smk_method_1_combine" name="simple_skewness_method_1_combine_on_PM_BMI_CONTINUOUS" time="0.00199999999995271"/>
  </testsuite>
  <testsuite errors="0" failures="0" hostname="fv-az14" name="ds.skewness::smk::method 1::both" skipped="0" tests="110" time="9.035" timestamp="2020-09-12T15:05:50Z">
    <testcase classname="ds.skewness_smk_method_1_both" name="simple_skewness_both_on_LAB_TSC" time="1.78600000000006"/>
    <testcase classname="ds.skewness_smk_method_1_both" name="simple_skewness_both_on_LAB_TSC" time="0.00199999999995271"/>
    <testcase classname="ds.skewness_smk_method_1_both" name="simple_skewness_both_on_LAB_TSC" time="0.000999999999748979"/>
    <testcase classname="ds.skewness_smk_method_1_both" name="simple_skewness_both_on_LAB_TSC" time="0.00100000000020373"/>
    <testcase classname="ds.skewness_smk_method_1_both" name="simple_skewness_both_on_LAB_TSC" time="0.00199999999995271"/>
    <testcase classname="ds.skewness_smk_method_1_both" name="simple_skewness_both_on_LAB_TSC" time="0.00100000000020373"/>
    <testcase classname="ds.skewness_smk_method_1_both" name="simple_skewness_both_on_LAB_TSC" time="0.000999999999748979"/>
    <testcase classname="ds.skewness_smk_method_1_both" name="simple_skewness_both_on_LAB_TSC" time="0.00100000000020373"/>
    <testcase classname="ds.skewness_smk_method_1_both" name="simple_skewness_both_on_LAB_TSC" time="0.00199999999995271"/>
    <testcase classname="ds.skewness_smk_method_1_both" name="simple_skewness_both_on_LAB_TSC" time="0.00199999999995271"/>
    <testcase classname="ds.skewness_smk_method_1_both" name="simple_skewness_both_on_LAB_TSC" time="0.00100000000020373"/>
    <testcase classname="ds.skewness_smk_method_1_both" name="simple_skewness_both_on_LAB_TSC" time="0.000999999999748979"/>
    <testcase classname="ds.skewness_smk_method_1_both" name="simple_skewness_both_on_LAB_TSC" time="0.0109999999999673"/>
    <testcase classname="ds.skewness_smk_method_1_both" name="simple_skewness_both_on_LAB_TSC" time="0.00199999999995271"/>
    <testcase classname="ds.skewness_smk_method_1_both" name="simple_skewness_both_on_LAB_TSC" time="0.00100000000020373"/>
    <testcase classname="ds.skewness_smk_method_1_both" name="simple_skewness_both_on_LAB_TSC" time="0.000999999999748979"/>
    <testcase classname="ds.skewness_smk_method_1_both" name="simple_skewness_both_on_LAB_TSC" time="0.00199999999995271"/>
    <testcase classname="ds.skewness_smk_method_1_both" name="simple_skewness_both_on_LAB_TSC" time="0.00100000000020373"/>
    <testcase classname="ds.skewness_smk_method_1_both" name="simple_skewness_both_on_LAB_TSC" time="0.00199999999995271"/>
    <testcase classname="ds.skewness_smk_method_1_both" name="simple_skewness_both_on_LAB_TSC" time="0.00100000000020373"/>
    <testcase classname="ds.skewness_smk_method_1_both" name="simple_skewness_both_on_LAB_TSC" time="0.00199999999995271"/>
    <testcase classname="ds.skewness_smk_method_1_both" name="simple_skewness_both_on_LAB_TSC" time="0.000999999999748979"/>
    <testcase classname="ds.skewness_smk_method_1_both" name="simple_skewness_method_1_both_on_LAB_TRIG" time="1.7470000000003"/>
    <testcase classname="ds.skewness_smk_method_1_both" name="simple_skewness_method_1_both_on_LAB_TRIG" time="0.00199999999995271"/>
    <testcase classname="ds.skewness_smk_method_1_both" name="simple_skewness_method_1_both_on_LAB_TRIG" time="0.000999999999748979"/>
    <testcase classname="ds.skewness_smk_method_1_both" name="simple_skewness_method_1_both_on_LAB_TRIG" time="0.00100000000020373"/>
    <testcase classname="ds.skewness_smk_method_1_both" name="simple_skewness_method_1_both_on_LAB_TRIG" time="0.00199999999995271"/>
    <testcase classname="ds.skewness_smk_method_1_both" name="simple_skewness_method_1_both_on_LAB_TRIG" time="0.00199999999995271"/>
    <testcase classname="ds.skewness_smk_method_1_both" name="simple_skewness_method_1_both_on_LAB_TRIG" time="0.00199999999995271"/>
    <testcase classname="ds.skewness_smk_method_1_both" name="simple_skewness_method_1_both_on_LAB_TRIG" time="0.00100000000020373"/>
    <testcase classname="ds.skewness_smk_method_1_both" name="simple_skewness_method_1_both_on_LAB_TRIG" time="0.00199999999995271"/>
    <testcase classname="ds.skewness_smk_method_1_both" name="simple_skewness_method_1_both_on_LAB_TRIG" time="0.00199999999995271"/>
    <testcase classname="ds.skewness_smk_method_1_both" name="simple_skewness_method_1_both_on_LAB_TRIG" time="0.00199999999995271"/>
    <testcase classname="ds.skewness_smk_method_1_both" name="simple_skewness_method_1_both_on_LAB_TRIG" time="0.00100000000020373"/>
    <testcase classname="ds.skewness_smk_method_1_both" name="simple_skewness_method_1_both_on_LAB_TRIG" time="0.00199999999995271"/>
    <testcase classname="ds.skewness_smk_method_1_both" name="simple_skewness_method_1_both_on_LAB_TRIG" time="0.00199999999995271"/>
    <testcase classname="ds.skewness_smk_method_1_both" name="simple_skewness_method_1_both_on_LAB_TRIG" time="0.00199999999995271"/>
    <testcase classname="ds.skewness_smk_method_1_both" name="simple_skewness_method_1_both_on_LAB_TRIG" time="0.000999999999748979"/>
    <testcase classname="ds.skewness_smk_method_1_both" name="simple_skewness_method_1_both_on_LAB_TRIG" time="0.00200000000040745"/>
    <testcase classname="ds.skewness_smk_method_1_both" name="simple_skewness_method_1_both_on_LAB_TRIG" time="0.00199999999995271"/>
    <testcase classname="ds.skewness_smk_method_1_both" name="simple_skewness_method_1_both_on_LAB_TRIG" time="0.00199999999995271"/>
    <testcase classname="ds.skewness_smk_method_1_both" name="simple_skewness_method_1_both_on_LAB_TRIG" time="0.00299999999970169"/>
    <testcase classname="ds.skewness_smk_method_1_both" name="simple_skewness_method_1_both_on_LAB_TRIG" time="0.00200000000040745"/>
    <testcase classname="ds.skewness_smk_method_1_both" name="simple_skewness_method_1_both_on_LAB_TRIG" time="0.00299999999970169"/>
    <testcase classname="ds.skewness_smk_method_1_both" name="simple_skewness_method_1_both_on_LAB_HDL" time="1.74200000000019"/>
    <testcase classname="ds.skewness_smk_method_1_both" name="simple_skewness_method_1_both_on_LAB_HDL" time="0.00199999999995271"/>
    <testcase classname="ds.skewness_smk_method_1_both" name="simple_skewness_method_1_both_on_LAB_HDL" time="0.00199999999995271"/>
    <testcase classname="ds.skewness_smk_method_1_both" name="simple_skewness_method_1_both_on_LAB_HDL" time="0.00199999999995271"/>
    <testcase classname="ds.skewness_smk_method_1_both" name="simple_skewness_method_1_both_on_LAB_HDL" time="0.00100000000020373"/>
    <testcase classname="ds.skewness_smk_method_1_both" name="simple_skewness_method_1_both_on_LAB_HDL" time="0.00199999999995271"/>
    <testcase classname="ds.skewness_smk_method_1_both" name="simple_skewness_method_1_both_on_LAB_HDL" time="0.00199999999995271"/>
    <testcase classname="ds.skewness_smk_method_1_both" name="simple_skewness_method_1_both_on_LAB_HDL" time="0.00199999999995271"/>
    <testcase classname="ds.skewness_smk_method_1_both" name="simple_skewness_method_1_both_on_LAB_HDL" time="0.00199999999995271"/>
    <testcase classname="ds.skewness_smk_method_1_both" name="simple_skewness_method_1_both_on_LAB_HDL" time="0.00199999999995271"/>
    <testcase classname="ds.skewness_smk_method_1_both" name="simple_skewness_method_1_both_on_LAB_HDL" time="0.00199999999995271"/>
    <testcase classname="ds.skewness_smk_method_1_both" name="simple_skewness_method_1_both_on_LAB_HDL" time="0.00199999999995271"/>
    <testcase classname="ds.skewness_smk_method_1_both" name="simple_skewness_method_1_both_on_LAB_HDL" time="0.00100000000020373"/>
    <testcase classname="ds.skewness_smk_method_1_both" name="simple_skewness_method_1_both_on_LAB_HDL" time="0.00199999999995271"/>
    <testcase classname="ds.skewness_smk_method_1_both" name="simple_skewness_method_1_both_on_LAB_HDL" time="0.00199999999995271"/>
    <testcase classname="ds.skewness_smk_method_1_both" name="simple_skewness_method_1_both_on_LAB_HDL" time="0.00199999999995271"/>
    <testcase classname="ds.skewness_smk_method_1_both" name="simple_skewness_method_1_both_on_LAB_HDL" time="0.00199999999995271"/>
    <testcase classname="ds.skewness_smk_method_1_both" name="simple_skewness_method_1_both_on_LAB_HDL" time="0.00199999999995271"/>
    <testcase classname="ds.skewness_smk_method_1_both" name="simple_skewness_method_1_both_on_LAB_HDL" time="0.00200000000040745"/>
    <testcase classname="ds.skewness_smk_method_1_both" name="simple_skewness_method_1_both_on_LAB_HDL" time="0.00199999999995271"/>
    <testcase classname="ds.skewness_smk_method_1_both" name="simple_skewness_method_1_both_on_LAB_HDL" time="0.00199999999995271"/>
    <testcase classname="ds.skewness_smk_method_1_both" name="simple_skewness_method_1_both_on_LAB_HDL" time="0.00199999999995271"/>
    <testcase classname="ds.skewness_smk_method_1_both" name="simple_skewness_method_1_both_on_LAB_GLUC_ADJUSTED" time="1.77599999999984"/>
    <testcase classname="ds.skewness_smk_method_1_both" name="simple_skewness_method_1_both_on_LAB_GLUC_ADJUSTED" time="0.00300000000015643"/>
    <testcase classname="ds.skewness_smk_method_1_both" name="simple_skewness_method_1_both_on_LAB_GLUC_ADJUSTED" time="0.00199999999995271"/>
    <testcase classname="ds.skewness_smk_method_1_both" name="simple_skewness_method_1_both_on_LAB_GLUC_ADJUSTED" time="0.00199999999995271"/>
    <testcase classname="ds.skewness_smk_method_1_both" name="simple_skewness_method_1_both_on_LAB_GLUC_ADJUSTED" time="0.00199999999995271"/>
    <testcase classname="ds.skewness_smk_method_1_both" name="simple_skewness_method_1_both_on_LAB_GLUC_ADJUSTED" time="0.00299999999970169"/>
    <testcase classname="ds.skewness_smk_method_1_both" name="simple_skewness_method_1_both_on_LAB_GLUC_ADJUSTED" time="0.00200000000040745"/>
    <testcase classname="ds.skewness_smk_method_1_both" name="simple_skewness_method_1_both_on_LAB_GLUC_ADJUSTED" time="0.00299999999970169"/>
    <testcase classname="ds.skewness_smk_method_1_both" name="simple_skewness_method_1_both_on_LAB_GLUC_ADJUSTED" time="0.00300000000015643"/>
    <testcase classname="ds.skewness_smk_method_1_both" name="simple_skewness_method_1_both_on_LAB_GLUC_ADJUSTED" time="0.00199999999995271"/>
    <testcase classname="ds.skewness_smk_method_1_both" name="simple_skewness_method_1_both_on_LAB_GLUC_ADJUSTED" time="0.00300000000015643"/>
    <testcase classname="ds.skewness_smk_method_1_both" name="simple_skewness_method_1_both_on_LAB_GLUC_ADJUSTED" time="0.00299999999970169"/>
    <testcase classname="ds.skewness_smk_method_1_both" name="simple_skewness_method_1_both_on_LAB_GLUC_ADJUSTED" time="0.00300000000015643"/>
    <testcase classname="ds.skewness_smk_method_1_both" name="simple_skewness_method_1_both_on_LAB_GLUC_ADJUSTED" time="0.00199999999995271"/>
    <testcase classname="ds.skewness_smk_method_1_both" name="simple_skewness_method_1_both_on_LAB_GLUC_ADJUSTED" time="0.00199999999995271"/>
    <testcase classname="ds.skewness_smk_method_1_both" name="simple_skewness_method_1_both_on_LAB_GLUC_ADJUSTED" time="0.012000000000171"/>
    <testcase classname="ds.skewness_smk_method_1_both" name="simple_skewness_method_1_both_on_LAB_GLUC_ADJUSTED" time="0.00199999999995271"/>
    <testcase classname="ds.skewness_smk_method_1_both" name="simple_skewness_method_1_both_on_LAB_GLUC_ADJUSTED" time="0.00299999999970169"/>
    <testcase classname="ds.skewness_smk_method_1_both" name="simple_skewness_method_1_both_on_LAB_GLUC_ADJUSTED" time="0.00200000000040745"/>
    <testcase classname="ds.skewness_smk_method_1_both" name="simple_skewness_method_1_both_on_LAB_GLUC_ADJUSTED" time="0.00299999999970169"/>
    <testcase classname="ds.skewness_smk_method_1_both" name="simple_skewness_method_1_both_on_LAB_GLUC_ADJUSTED" time="0.00300000000015643"/>
    <testcase classname="ds.skewness_smk_method_1_both" name="simple_skewness_method_1_both_on_LAB_GLUC_ADJUSTED" time="0.00199999999995271"/>
    <testcase classname="ds.skewness_smk_method_1_both" name="simple_skewness_method_1_both_on_PM_BMI_CONTINUOUS" time="1.7489999999998"/>
    <testcase classname="ds.skewness_smk_method_1_both" name="simple_skewness_method_1_both_on_PM_BMI_CONTINUOUS" time="0.00300000000015643"/>
    <testcase classname="ds.skewness_smk_method_1_both" name="simple_skewness_method_1_both_on_PM_BMI_CONTINUOUS" time="0.00199999999995271"/>
    <testcase classname="ds.skewness_smk_method_1_both" name="simple_skewness_method_1_both_on_PM_BMI_CONTINUOUS" time="0.00199999999995271"/>
    <testcase classname="ds.skewness_smk_method_1_both" name="simple_skewness_method_1_both_on_PM_BMI_CONTINUOUS" time="0.00300000000015643"/>
    <testcase classname="ds.skewness_smk_method_1_both" name="simple_skewness_method_1_both_on_PM_BMI_CONTINUOUS" time="0.00300000000015643"/>
    <testcase classname="ds.skewness_smk_method_1_both" name="simple_skewness_method_1_both_on_PM_BMI_CONTINUOUS" time="0.00299999999970169"/>
    <testcase classname="ds.skewness_smk_method_1_both" name="simple_skewness_method_1_both_on_PM_BMI_CONTINUOUS" time="0.00199999999995271"/>
    <testcase classname="ds.skewness_smk_method_1_both" name="simple_skewness_method_1_both_on_PM_BMI_CONTINUOUS" time="0.00300000000015643"/>
    <testcase classname="ds.skewness_smk_method_1_both" name="simple_skewness_method_1_both_on_PM_BMI_CONTINUOUS" time="0.00199999999995271"/>
    <testcase classname="ds.skewness_smk_method_1_both" name="simple_skewness_method_1_both_on_PM_BMI_CONTINUOUS" time="0.00300000000015643"/>
    <testcase classname="ds.skewness_smk_method_1_both" name="simple_skewness_method_1_both_on_PM_BMI_CONTINUOUS" time="0.00299999999970169"/>
    <testcase classname="ds.skewness_smk_method_1_both" name="simple_skewness_method_1_both_on_PM_BMI_CONTINUOUS" time="0.00200000000040745"/>
    <testcase classname="ds.skewness_smk_method_1_both" name="simple_skewness_method_1_both_on_PM_BMI_CONTINUOUS" time="0.00299999999970169"/>
    <testcase classname="ds.skewness_smk_method_1_both" name="simple_skewness_method_1_both_on_PM_BMI_CONTINUOUS" time="0.00199999999995271"/>
    <testcase classname="ds.skewness_smk_method_1_both" name="simple_skewness_method_1_both_on_PM_BMI_CONTINUOUS" time="0.00300000000015643"/>
    <testcase classname="ds.skewness_smk_method_1_both" name="simple_skewness_method_1_both_on_PM_BMI_CONTINUOUS" time="0.00199999999995271"/>
    <testcase classname="ds.skewness_smk_method_1_both" name="simple_skewness_method_1_both_on_PM_BMI_CONTINUOUS" time="0.00300000000015643"/>
    <testcase classname="ds.skewness_smk_method_1_both" name="simple_skewness_method_1_both_on_PM_BMI_CONTINUOUS" time="0.00299999999970169"/>
    <testcase classname="ds.skewness_smk_method_1_both" name="simple_skewness_method_1_both_on_PM_BMI_CONTINUOUS" time="0.00199999999995271"/>
    <testcase classname="ds.skewness_smk_method_1_both" name="simple_skewness_method_1_both_on_PM_BMI_CONTINUOUS" time="0.00300000000015643"/>
    <testcase classname="ds.skewness_smk_method_1_both" name="simple_skewness_method_1_both_on_PM_BMI_CONTINUOUS" time="0.00300000000015643"/>
  </testsuite>
  <testsuite errors="0" failures="0" hostname="fv-az14" name="ds.skewness::smk::method 2::split" skipped="0" tests="70" time="6.309" timestamp="2020-09-12T15:05:59Z">
    <testcase classname="ds.skewness_smk_method_2_split" name="simple_skewness_method_2_split_on_LAB_TSC" time="1.31700000000001"/>
    <testcase classname="ds.skewness_smk_method_2_split" name="simple_skewness_method_2_split_on_LAB_TSC" time="0.000999999999748979"/>
    <testcase classname="ds.skewness_smk_method_2_split" name="simple_skewness_method_2_split_on_LAB_TSC" time="0.00100000000020373"/>
    <testcase classname="ds.skewness_smk_method_2_split" name="simple_skewness_method_2_split_on_LAB_TSC" time="0.00199999999995271"/>
    <testcase classname="ds.skewness_smk_method_2_split" name="simple_skewness_method_2_split_on_LAB_TSC" time="0.00100000000020373"/>
    <testcase classname="ds.skewness_smk_method_2_split" name="simple_skewness_method_2_split_on_LAB_TSC" time="0.000999999999748979"/>
    <testcase classname="ds.skewness_smk_method_2_split" name="simple_skewness_method_2_split_on_LAB_TSC" time="0.00100000000020373"/>
    <testcase classname="ds.skewness_smk_method_2_split" name="simple_skewness_method_2_split_on_LAB_TSC" time="0.00199999999995271"/>
    <testcase classname="ds.skewness_smk_method_2_split" name="simple_skewness_method_2_split_on_LAB_TSC" time="0.000999999999748979"/>
    <testcase classname="ds.skewness_smk_method_2_split" name="simple_skewness_method_2_split_on_LAB_TSC" time="0.00100000000020373"/>
    <testcase classname="ds.skewness_smk_method_2_split" name="simple_skewness_method_2_split_on_LAB_TSC" time="0.000999999999748979"/>
    <testcase classname="ds.skewness_smk_method_2_split" name="simple_skewness_method_2_split_on_LAB_TSC" time="0.00200000000040745"/>
    <testcase classname="ds.skewness_smk_method_2_split" name="simple_skewness_method_2_split_on_LAB_TSC" time="0.000999999999748979"/>
    <testcase classname="ds.skewness_smk_method_2_split" name="simple_skewness_method_2_split_on_LAB_TSC" time="0.00199999999995271"/>
    <testcase classname="ds.skewness_smk_method_2_split" name="simple_skewness_method_2_split_on_LAB_TRIG" time="1.24299999999994"/>
    <testcase classname="ds.skewness_smk_method_2_split" name="simple_skewness_method_2_split_on_LAB_TRIG" time="0.00199999999995271"/>
    <testcase classname="ds.skewness_smk_method_2_split" name="simple_skewness_method_2_split_on_LAB_TRIG" time="0.00100000000020373"/>
    <testcase classname="ds.skewness_smk_method_2_split" name="simple_skewness_method_2_split_on_LAB_TRIG" time="0.00100000000020373"/>
    <testcase classname="ds.skewness_smk_method_2_split" name="simple_skewness_method_2_split_on_LAB_TRIG" time="0.00199999999995271"/>
    <testcase classname="ds.skewness_smk_method_2_split" name="simple_skewness_method_2_split_on_LAB_TRIG" time="0.00199999999995271"/>
    <testcase classname="ds.skewness_smk_method_2_split" name="simple_skewness_method_2_split_on_LAB_TRIG" time="0.000999999999748979"/>
    <testcase classname="ds.skewness_smk_method_2_split" name="simple_skewness_method_2_split_on_LAB_TRIG" time="0.00199999999995271"/>
    <testcase classname="ds.skewness_smk_method_2_split" name="simple_skewness_method_2_split_on_LAB_TRIG" time="0.00199999999995271"/>
    <testcase classname="ds.skewness_smk_method_2_split" name="simple_skewness_method_2_split_on_LAB_TRIG" time="0.00100000000020373"/>
    <testcase classname="ds.skewness_smk_method_2_split" name="simple_skewness_method_2_split_on_LAB_TRIG" time="0.00199999999995271"/>
    <testcase classname="ds.skewness_smk_method_2_split" name="simple_skewness_method_2_split_on_LAB_TRIG" time="0.00100000000020373"/>
    <testcase classname="ds.skewness_smk_method_2_split" name="simple_skewness_method_2_split_on_LAB_TRIG" time="0.00199999999995271"/>
    <testcase classname="ds.skewness_smk_method_2_split" name="simple_skewness_method_2_split_on_LAB_TRIG" time="0.00199999999995271"/>
    <testcase classname="ds.skewness_smk_method_2_split" name="simple_skewness_method_2_split_on_LAB_HDL" time="1.21000000000004"/>
    <testcase classname="ds.skewness_smk_method_2_split" name="simple_skewness_method_2_split_on_LAB_HDL" time="0.00199999999995271"/>
    <testcase classname="ds.skewness_smk_method_2_split" name="simple_skewness_method_2_split_on_LAB_HDL" time="0.00199999999995271"/>
    <testcase classname="ds.skewness_smk_method_2_split" name="simple_skewness_method_2_split_on_LAB_HDL" time="0.00199999999995271"/>
    <testcase classname="ds.skewness_smk_method_2_split" name="simple_skewness_method_2_split_on_LAB_HDL" time="0.00300000000015643"/>
    <testcase classname="ds.skewness_smk_method_2_split" name="simple_skewness_method_2_split_on_LAB_HDL" time="0.00199999999995271"/>
    <testcase classname="ds.skewness_smk_method_2_split" name="simple_skewness_method_2_split_on_LAB_HDL" time="0.000999999999748979"/>
    <testcase classname="ds.skewness_smk_method_2_split" name="simple_skewness_method_2_split_on_LAB_HDL" time="0.00200000000040745"/>
    <testcase classname="ds.skewness_smk_method_2_split" name="simple_skewness_method_2_split_on_LAB_HDL" time="0.00199999999995271"/>
    <testcase classname="ds.skewness_smk_method_2_split" name="simple_skewness_method_2_split_on_LAB_HDL" time="0.00199999999995271"/>
    <testcase classname="ds.skewness_smk_method_2_split" name="simple_skewness_method_2_split_on_LAB_HDL" time="0.00199999999995271"/>
    <testcase classname="ds.skewness_smk_method_2_split" name="simple_skewness_method_2_split_on_LAB_HDL" time="0.00199999999995271"/>
    <testcase classname="ds.skewness_smk_method_2_split" name="simple_skewness_method_2_split_on_LAB_HDL" time="0.00199999999995271"/>
    <testcase classname="ds.skewness_smk_method_2_split" name="simple_skewness_method_2_split_on_LAB_HDL" time="0.00199999999995271"/>
    <testcase classname="ds.skewness_smk_method_2_split" name="simple_skewness_method_2_split_on_LAB_GLUC_ADJUSTED" time="1.2170000000001"/>
    <testcase classname="ds.skewness_smk_method_2_split" name="simple_skewness_method_2_split_on_LAB_GLUC_ADJUSTED" time="0.00199999999995271"/>
    <testcase classname="ds.skewness_smk_method_2_split" name="simple_skewness_method_2_split_on_LAB_GLUC_ADJUSTED" time="0.00199999999995271"/>
    <testcase classname="ds.skewness_smk_method_2_split" name="simple_skewness_method_2_split_on_LAB_GLUC_ADJUSTED" time="0.00199999999995271"/>
    <testcase classname="ds.skewness_smk_method_2_split" name="simple_skewness_method_2_split_on_LAB_GLUC_ADJUSTED" time="0.00100000000020373"/>
    <testcase classname="ds.skewness_smk_method_2_split" name="simple_skewness_method_2_split_on_LAB_GLUC_ADJUSTED" time="0.00199999999995271"/>
    <testcase classname="ds.skewness_smk_method_2_split" name="simple_skewness_method_2_split_on_LAB_GLUC_ADJUSTED" time="0.00300000000015643"/>
    <testcase classname="ds.skewness_smk_method_2_split" name="simple_skewness_method_2_split_on_LAB_GLUC_ADJUSTED" time="0.000999999999748979"/>
    <testcase classname="ds.skewness_smk_method_2_split" name="simple_skewness_method_2_split_on_LAB_GLUC_ADJUSTED" time="0.00199999999995271"/>
    <testcase classname="ds.skewness_smk_method_2_split" name="simple_skewness_method_2_split_on_LAB_GLUC_ADJUSTED" time="0.00199999999995271"/>
    <testcase classname="ds.skewness_smk_method_2_split" name="simple_skewness_method_2_split_on_LAB_GLUC_ADJUSTED" time="0.00199999999995271"/>
    <testcase classname="ds.skewness_smk_method_2_split" name="simple_skewness_method_2_split_on_LAB_GLUC_ADJUSTED" time="0.00200000000040745"/>
    <testcase classname="ds.skewness_smk_method_2_split" name="simple_skewness_method_2_split_on_LAB_GLUC_ADJUSTED" time="0.00199999999995271"/>
    <testcase classname="ds.skewness_smk_method_2_split" name="simple_skewness_method_2_split_on_LAB_GLUC_ADJUSTED" time="0.00199999999995271"/>
    <testcase classname="ds.skewness_smk_method_2_split" name="simple_skewness_method_2_split_on_PM_BMI_CONTINUOUS" time="1.20800000000008"/>
    <testcase classname="ds.skewness_smk_method_2_split" name="simple_skewness_method_2_split_on_PM_BMI_CONTINUOUS" time="0.000999999999748979"/>
    <testcase classname="ds.skewness_smk_method_2_split" name="simple_skewness_method_2_split_on_PM_BMI_CONTINUOUS" time="0.00199999999995271"/>
    <testcase classname="ds.skewness_smk_method_2_split" name="simple_skewness_method_2_split_on_PM_BMI_CONTINUOUS" time="0.00199999999995271"/>
    <testcase classname="ds.skewness_smk_method_2_split" name="simple_skewness_method_2_split_on_PM_BMI_CONTINUOUS" time="0.00199999999995271"/>
    <testcase classname="ds.skewness_smk_method_2_split" name="simple_skewness_method_2_split_on_PM_BMI_CONTINUOUS" time="0.00100000000020373"/>
    <testcase classname="ds.skewness_smk_method_2_split" name="simple_skewness_method_2_split_on_PM_BMI_CONTINUOUS" time="0.00199999999995271"/>
    <testcase classname="ds.skewness_smk_method_2_split" name="simple_skewness_method_2_split_on_PM_BMI_CONTINUOUS" time="0.00199999999995271"/>
    <testcase classname="ds.skewness_smk_method_2_split" name="simple_skewness_method_2_split_on_PM_BMI_CONTINUOUS" time="0.00199999999995271"/>
    <testcase classname="ds.skewness_smk_method_2_split" name="simple_skewness_method_2_split_on_PM_BMI_CONTINUOUS" time="0.00200000000040745"/>
    <testcase classname="ds.skewness_smk_method_2_split" name="simple_skewness_method_2_split_on_PM_BMI_CONTINUOUS" time="0.00299999999970169"/>
    <testcase classname="ds.skewness_smk_method_2_split" name="simple_skewness_method_2_split_on_PM_BMI_CONTINUOUS" time="0.00199999999995271"/>
    <testcase classname="ds.skewness_smk_method_2_split" name="simple_skewness_method_2_split_on_PM_BMI_CONTINUOUS" time="0.00199999999995271"/>
    <testcase classname="ds.skewness_smk_method_2_split" name="simple_skewness_method_2_split_on_PM_BMI_CONTINUOUS" time="0.00199999999995271"/>
  </testsuite>
  <testsuite errors="0" failures="0" hostname="fv-az14" name="ds.skewness::smk::method 2::combine" skipped="0" tests="40" time="7.541" timestamp="2020-09-12T15:06:06Z">
    <testcase classname="ds.skewness_smk_method_2_combine" name="simple_skewness_combine_on_LAB_TSC" time="1.50700000000006"/>
    <testcase classname="ds.skewness_smk_method_2_combine" name="simple_skewness_combine_on_LAB_TSC" time="0.00100000000020373"/>
    <testcase classname="ds.skewness_smk_method_2_combine" name="simple_skewness_combine_on_LAB_TSC" time="0.000999999999748979"/>
    <testcase classname="ds.skewness_smk_method_2_combine" name="simple_skewness_combine_on_LAB_TSC" time="0.00100000000020373"/>
    <testcase classname="ds.skewness_smk_method_2_combine" name="simple_skewness_combine_on_LAB_TSC" time="0.00199999999995271"/>
    <testcase classname="ds.skewness_smk_method_2_combine" name="simple_skewness_combine_on_LAB_TSC" time="0.00100000000020373"/>
    <testcase classname="ds.skewness_smk_method_2_combine" name="simple_skewness_combine_on_LAB_TSC" time="0.000999999999748979"/>
    <testcase classname="ds.skewness_smk_method_2_combine" name="simple_skewness_combine_on_LAB_TSC" time="0.00100000000020373"/>
    <testcase classname="ds.skewness_smk_method_2_combine" name="simple_skewness_method_2_combine_on_LAB_TRIG" time="1.49199999999973"/>
    <testcase classname="ds.skewness_smk_method_2_combine" name="simple_skewness_method_2_combine_on_LAB_TRIG" time="0.00199999999995271"/>
    <testcase classname="ds.skewness_smk_method_2_combine" name="simple_skewness_method_2_combine_on_LAB_TRIG" time="0.00100000000020373"/>
    <testcase classname="ds.skewness_smk_method_2_combine" name="simple_skewness_method_2_combine_on_LAB_TRIG" time="0.00199999999995271"/>
    <testcase classname="ds.skewness_smk_method_2_combine" name="simple_skewness_method_2_combine_on_LAB_TRIG" time="0.00199999999995271"/>
    <testcase classname="ds.skewness_smk_method_2_combine" name="simple_skewness_method_2_combine_on_LAB_TRIG" time="0.00100000000020373"/>
    <testcase classname="ds.skewness_smk_method_2_combine" name="simple_skewness_method_2_combine_on_LAB_TRIG" time="0.00199999999995271"/>
    <testcase classname="ds.skewness_smk_method_2_combine" name="simple_skewness_method_2_combine_on_LAB_TRIG" time="0.00199999999995271"/>
    <testcase classname="ds.skewness_smk_method_2_combine" name="simple_skewness_method_2_combine_on_LAB_HDL" time="1.49200000000019"/>
    <testcase classname="ds.skewness_smk_method_2_combine" name="simple_skewness_method_2_combine_on_LAB_HDL" time="0.00100000000020373"/>
    <testcase classname="ds.skewness_smk_method_2_combine" name="simple_skewness_method_2_combine_on_LAB_HDL" time="0.00199999999995271"/>
    <testcase classname="ds.skewness_smk_method_2_combine" name="simple_skewness_method_2_combine_on_LAB_HDL" time="0.00999999999976353"/>
    <testcase classname="ds.skewness_smk_method_2_combine" name="simple_skewness_method_2_combine_on_LAB_HDL" time="0.00199999999995271"/>
    <testcase classname="ds.skewness_smk_method_2_combine" name="simple_skewness_method_2_combine_on_LAB_HDL" time="0.00199999999995271"/>
    <testcase classname="ds.skewness_smk_method_2_combine" name="simple_skewness_method_2_combine_on_LAB_HDL" time="0.00100000000020373"/>
    <testcase classname="ds.skewness_smk_method_2_combine" name="simple_skewness_method_2_combine_on_LAB_HDL" time="0.00199999999995271"/>
    <testcase classname="ds.skewness_smk_method_2_combine" name="simple_skewness_method_2_combine_on_LAB_GLUC_ADJUSTED" time="1.49699999999984"/>
    <testcase classname="ds.skewness_smk_method_2_combine" name="simple_skewness_method_2_combine_on_LAB_GLUC_ADJUSTED" time="0.00200000000040745"/>
    <testcase classname="ds.skewness_smk_method_2_combine" name="simple_skewness_method_2_combine_on_LAB_GLUC_ADJUSTED" time="0.000999999999748979"/>
    <testcase classname="ds.skewness_smk_method_2_combine" name="simple_skewness_method_2_combine_on_LAB_GLUC_ADJUSTED" time="0.00199999999995271"/>
    <testcase classname="ds.skewness_smk_method_2_combine" name="simple_skewness_method_2_combine_on_LAB_GLUC_ADJUSTED" time="0.00100000000020373"/>
    <testcase classname="ds.skewness_smk_method_2_combine" name="simple_skewness_method_2_combine_on_LAB_GLUC_ADJUSTED" time="0.00199999999995271"/>
    <testcase classname="ds.skewness_smk_method_2_combine" name="simple_skewness_method_2_combine_on_LAB_GLUC_ADJUSTED" time="0.00199999999995271"/>
    <testcase classname="ds.skewness_smk_method_2_combine" name="simple_skewness_method_2_combine_on_LAB_GLUC_ADJUSTED" time="0.00100000000020373"/>
    <testcase classname="ds.skewness_smk_method_2_combine" name="simple_skewness_method_2_combine_on_PM_BMI_CONTINUOUS" time="1.48699999999963"/>
    <testcase classname="ds.skewness_smk_method_2_combine" name="simple_skewness_method_2_combine_on_PM_BMI_CONTINUOUS" time="0.00100000000020373"/>
    <testcase classname="ds.skewness_smk_method_2_combine" name="simple_skewness_method_2_combine_on_PM_BMI_CONTINUOUS" time="0.00199999999995271"/>
    <testcase classname="ds.skewness_smk_method_2_combine" name="simple_skewness_method_2_combine_on_PM_BMI_CONTINUOUS" time="0.00300000000015643"/>
    <testcase classname="ds.skewness_smk_method_2_combine" name="simple_skewness_method_2_combine_on_PM_BMI_CONTINUOUS" time="0.00199999999995271"/>
    <testcase classname="ds.skewness_smk_method_2_combine" name="simple_skewness_method_2_combine_on_PM_BMI_CONTINUOUS" time="0.00199999999995271"/>
    <testcase classname="ds.skewness_smk_method_2_combine" name="simple_skewness_method_2_combine_on_PM_BMI_CONTINUOUS" time="0.00300000000015643"/>
    <testcase classname="ds.skewness_smk_method_2_combine" name="simple_skewness_method_2_combine_on_PM_BMI_CONTINUOUS" time="0.00199999999995271"/>
  </testsuite>
  <testsuite errors="0" failures="0" hostname="fv-az14" name="ds.skewness::smk::method 2::both" skipped="0" tests="110" time="9.175" timestamp="2020-09-12T15:06:13Z">
    <testcase classname="ds.skewness_smk_method_2_both" name="simple_skewness_both_on_LAB_TSC" time="1.80099999999993"/>
    <testcase classname="ds.skewness_smk_method_2_both" name="simple_skewness_both_on_LAB_TSC" time="0.000999999999748979"/>
    <testcase classname="ds.skewness_smk_method_2_both" name="simple_skewness_both_on_LAB_TSC" time="0.00100000000020373"/>
    <testcase classname="ds.skewness_smk_method_2_both" name="simple_skewness_both_on_LAB_TSC" time="0.00199999999995271"/>
    <testcase classname="ds.skewness_smk_method_2_both" name="simple_skewness_both_on_LAB_TSC" time="0.00100000000020373"/>
    <testcase classname="ds.skewness_smk_method_2_both" name="simple_skewness_both_on_LAB_TSC" time="0.00199999999995271"/>
    <testcase classname="ds.skewness_smk_method_2_both" name="simple_skewness_both_on_LAB_TSC" time="0.000999999999748979"/>
    <testcase classname="ds.skewness_smk_method_2_both" name="simple_skewness_both_on_LAB_TSC" time="0.00100000000020373"/>
    <testcase classname="ds.skewness_smk_method_2_both" name="simple_skewness_both_on_LAB_TSC" time="0.00199999999995271"/>
    <testcase classname="ds.skewness_smk_method_2_both" name="simple_skewness_both_on_LAB_TSC" time="0.000999999999748979"/>
    <testcase classname="ds.skewness_smk_method_2_both" name="simple_skewness_both_on_LAB_TSC" time="0.00200000000040745"/>
    <testcase classname="ds.skewness_smk_method_2_both" name="simple_skewness_both_on_LAB_TSC" time="0.000999999999748979"/>
    <testcase classname="ds.skewness_smk_method_2_both" name="simple_skewness_both_on_LAB_TSC" time="0.00199999999995271"/>
    <testcase classname="ds.skewness_smk_method_2_both" name="simple_skewness_both_on_LAB_TSC" time="0.00100000000020373"/>
    <testcase classname="ds.skewness_smk_method_2_both" name="simple_skewness_both_on_LAB_TSC" time="0.00199999999995271"/>
    <testcase classname="ds.skewness_smk_method_2_both" name="simple_skewness_both_on_LAB_TSC" time="0.000999999999748979"/>
    <testcase classname="ds.skewness_smk_method_2_both" name="simple_skewness_both_on_LAB_TSC" time="0.00200000000040745"/>
    <testcase classname="ds.skewness_smk_method_2_both" name="simple_skewness_both_on_LAB_TSC" time="0.000999999999748979"/>
    <testcase classname="ds.skewness_smk_method_2_both" name="simple_skewness_both_on_LAB_TSC" time="0.00199999999995271"/>
    <testcase classname="ds.skewness_smk_method_2_both" name="simple_skewness_both_on_LAB_TSC" time="0.00199999999995271"/>
    <testcase classname="ds.skewness_smk_method_2_both" name="simple_skewness_both_on_LAB_TSC" time="0.00100000000020373"/>
    <testcase classname="ds.skewness_smk_method_2_both" name="simple_skewness_both_on_LAB_TSC" time="0.00199999999995271"/>
    <testcase classname="ds.skewness_smk_method_2_both" name="simple_skewness_method_2_both_on_LAB_TRIG" time="1.79500000000007"/>
    <testcase classname="ds.skewness_smk_method_2_both" name="simple_skewness_method_2_both_on_LAB_TRIG" time="0.00199999999995271"/>
    <testcase classname="ds.skewness_smk_method_2_both" name="simple_skewness_method_2_both_on_LAB_TRIG" time="0.00199999999995271"/>
    <testcase classname="ds.skewness_smk_method_2_both" name="simple_skewness_method_2_both_on_LAB_TRIG" time="0.00199999999995271"/>
    <testcase classname="ds.skewness_smk_method_2_both" name="simple_skewness_method_2_both_on_LAB_TRIG" time="0.00199999999995271"/>
    <testcase classname="ds.skewness_smk_method_2_both" name="simple_skewness_method_2_both_on_LAB_TRIG" time="0.00199999999995271"/>
    <testcase classname="ds.skewness_smk_method_2_both" name="simple_skewness_method_2_both_on_LAB_TRIG" time="0.00199999999995271"/>
    <testcase classname="ds.skewness_smk_method_2_both" name="simple_skewness_method_2_both_on_LAB_TRIG" time="0.00100000000020373"/>
    <testcase classname="ds.skewness_smk_method_2_both" name="simple_skewness_method_2_both_on_LAB_TRIG" time="0.00199999999995271"/>
    <testcase classname="ds.skewness_smk_method_2_both" name="simple_skewness_method_2_both_on_LAB_TRIG" time="0.00199999999995271"/>
    <testcase classname="ds.skewness_smk_method_2_both" name="simple_skewness_method_2_both_on_LAB_TRIG" time="0.00199999999995271"/>
    <testcase classname="ds.skewness_smk_method_2_both" name="simple_skewness_method_2_both_on_LAB_TRIG" time="0.00199999999995271"/>
    <testcase classname="ds.skewness_smk_method_2_both" name="simple_skewness_method_2_both_on_LAB_TRIG" time="0.00199999999995271"/>
    <testcase classname="ds.skewness_smk_method_2_both" name="simple_skewness_method_2_both_on_LAB_TRIG" time="0.00300000000015643"/>
    <testcase classname="ds.skewness_smk_method_2_both" name="simple_skewness_method_2_both_on_LAB_TRIG" time="0.00199999999995271"/>
    <testcase classname="ds.skewness_smk_method_2_both" name="simple_skewness_method_2_both_on_LAB_TRIG" time="0.00199999999995271"/>
    <testcase classname="ds.skewness_smk_method_2_both" name="simple_skewness_method_2_both_on_LAB_TRIG" time="0.00199999999995271"/>
    <testcase classname="ds.skewness_smk_method_2_both" name="simple_skewness_method_2_both_on_LAB_TRIG" time="0.00200000000040745"/>
    <testcase classname="ds.skewness_smk_method_2_both" name="simple_skewness_method_2_both_on_LAB_TRIG" time="0.00199999999995271"/>
    <testcase classname="ds.skewness_smk_method_2_both" name="simple_skewness_method_2_both_on_LAB_TRIG" time="0.00199999999995271"/>
    <testcase classname="ds.skewness_smk_method_2_both" name="simple_skewness_method_2_both_on_LAB_TRIG" time="0.00299999999970169"/>
    <testcase classname="ds.skewness_smk_method_2_both" name="simple_skewness_method_2_both_on_LAB_TRIG" time="0.00200000000040745"/>
    <testcase classname="ds.skewness_smk_method_2_both" name="simple_skewness_method_2_both_on_LAB_HDL" time="1.77999999999975"/>
    <testcase classname="ds.skewness_smk_method_2_both" name="simple_skewness_method_2_both_on_LAB_HDL" time="0.00199999999995271"/>
    <testcase classname="ds.skewness_smk_method_2_both" name="simple_skewness_method_2_both_on_LAB_HDL" time="0.00199999999995271"/>
    <testcase classname="ds.skewness_smk_method_2_both" name="simple_skewness_method_2_both_on_LAB_HDL" time="0.00100000000020373"/>
    <testcase classname="ds.skewness_smk_method_2_both" name="simple_skewness_method_2_both_on_LAB_HDL" time="0.00100000000020373"/>
    <testcase classname="ds.skewness_smk_method_2_both" name="simple_skewness_method_2_both_on_LAB_HDL" time="0.00300000000015643"/>
    <testcase classname="ds.skewness_smk_method_2_both" name="simple_skewness_method_2_both_on_LAB_HDL" time="0.00199999999995271"/>
    <testcase classname="ds.skewness_smk_method_2_both" name="simple_skewness_method_2_both_on_LAB_HDL" time="0.00199999999995271"/>
    <testcase classname="ds.skewness_smk_method_2_both" name="simple_skewness_method_2_both_on_LAB_HDL" time="0.00299999999970169"/>
    <testcase classname="ds.skewness_smk_method_2_both" name="simple_skewness_method_2_both_on_LAB_HDL" time="0.00200000000040745"/>
    <testcase classname="ds.skewness_smk_method_2_both" name="simple_skewness_method_2_both_on_LAB_HDL" time="0.00199999999995271"/>
    <testcase classname="ds.skewness_smk_method_2_both" name="simple_skewness_method_2_both_on_LAB_HDL" time="0.00199999999995271"/>
    <testcase classname="ds.skewness_smk_method_2_both" name="simple_skewness_method_2_both_on_LAB_HDL" time="0.00299999999970169"/>
    <testcase classname="ds.skewness_smk_method_2_both" name="simple_skewness_method_2_both_on_LAB_HDL" time="0.00200000000040745"/>
    <testcase classname="ds.skewness_smk_method_2_both" name="simple_skewness_method_2_both_on_LAB_HDL" time="0.00299999999970169"/>
    <testcase classname="ds.skewness_smk_method_2_both" name="simple_skewness_method_2_both_on_LAB_HDL" time="0.00199999999995271"/>
    <testcase classname="ds.skewness_smk_method_2_both" name="simple_skewness_method_2_both_on_LAB_HDL" time="0.00199999999995271"/>
    <testcase classname="ds.skewness_smk_method_2_both" name="simple_skewness_method_2_both_on_LAB_HDL" time="0.00199999999995271"/>
    <testcase classname="ds.skewness_smk_method_2_both" name="simple_skewness_method_2_both_on_LAB_HDL" time="0.00200000000040745"/>
    <testcase classname="ds.skewness_smk_method_2_both" name="simple_skewness_method_2_both_on_LAB_HDL" time="0.00199999999995271"/>
    <testcase classname="ds.skewness_smk_method_2_both" name="simple_skewness_method_2_both_on_LAB_HDL" time="0.00299999999970169"/>
    <testcase classname="ds.skewness_smk_method_2_both" name="simple_skewness_method_2_both_on_LAB_HDL" time="0.00199999999995271"/>
    <testcase classname="ds.skewness_smk_method_2_both" name="simple_skewness_method_2_both_on_LAB_GLUC_ADJUSTED" time="1.78400000000011"/>
    <testcase classname="ds.skewness_smk_method_2_both" name="simple_skewness_method_2_both_on_LAB_GLUC_ADJUSTED" time="0.00199999999995271"/>
    <testcase classname="ds.skewness_smk_method_2_both" name="simple_skewness_method_2_both_on_LAB_GLUC_ADJUSTED" time="0.00199999999995271"/>
    <testcase classname="ds.skewness_smk_method_2_both" name="simple_skewness_method_2_both_on_LAB_GLUC_ADJUSTED" time="0.00300000000015643"/>
    <testcase classname="ds.skewness_smk_method_2_both" name="simple_skewness_method_2_both_on_LAB_GLUC_ADJUSTED" time="0.00199999999995271"/>
    <testcase classname="ds.skewness_smk_method_2_both" name="simple_skewness_method_2_both_on_LAB_GLUC_ADJUSTED" time="0.00199999999995271"/>
    <testcase classname="ds.skewness_smk_method_2_both" name="simple_skewness_method_2_both_on_LAB_GLUC_ADJUSTED" time="0.00300000000015643"/>
    <testcase classname="ds.skewness_smk_method_2_both" name="simple_skewness_method_2_both_on_LAB_GLUC_ADJUSTED" time="0.00199999999995271"/>
    <testcase classname="ds.skewness_smk_method_2_both" name="simple_skewness_method_2_both_on_LAB_GLUC_ADJUSTED" time="0.00300000000015643"/>
    <testcase classname="ds.skewness_smk_method_2_both" name="simple_skewness_method_2_both_on_LAB_GLUC_ADJUSTED" time="0.00199999999995271"/>
    <testcase classname="ds.skewness_smk_method_2_both" name="simple_skewness_method_2_both_on_LAB_GLUC_ADJUSTED" time="0.00299999999970169"/>
    <testcase classname="ds.skewness_smk_method_2_both" name="simple_skewness_method_2_both_on_LAB_GLUC_ADJUSTED" time="0.00200000000040745"/>
    <testcase classname="ds.skewness_smk_method_2_both" name="simple_skewness_method_2_both_on_LAB_GLUC_ADJUSTED" time="0.00199999999995271"/>
    <testcase classname="ds.skewness_smk_method_2_both" name="simple_skewness_method_2_both_on_LAB_GLUC_ADJUSTED" time="0.00299999999970169"/>
    <testcase classname="ds.skewness_smk_method_2_both" name="simple_skewness_method_2_both_on_LAB_GLUC_ADJUSTED" time="0.00199999999995271"/>
    <testcase classname="ds.skewness_smk_method_2_both" name="simple_skewness_method_2_both_on_LAB_GLUC_ADJUSTED" time="0.00300000000015643"/>
    <testcase classname="ds.skewness_smk_method_2_both" name="simple_skewness_method_2_both_on_LAB_GLUC_ADJUSTED" time="0.00199999999995271"/>
    <testcase classname="ds.skewness_smk_method_2_both" name="simple_skewness_method_2_both_on_LAB_GLUC_ADJUSTED" time="0.00300000000015643"/>
    <testcase classname="ds.skewness_smk_method_2_both" name="simple_skewness_method_2_both_on_LAB_GLUC_ADJUSTED" time="0.00199999999995271"/>
    <testcase classname="ds.skewness_smk_method_2_both" name="simple_skewness_method_2_both_on_LAB_GLUC_ADJUSTED" time="0.00399999999990541"/>
    <testcase classname="ds.skewness_smk_method_2_both" name="simple_skewness_method_2_both_on_LAB_GLUC_ADJUSTED" time="0.00199999999995271"/>
    <testcase classname="ds.skewness_smk_method_2_both" name="simple_skewness_method_2_both_on_LAB_GLUC_ADJUSTED" time="0.00300000000015643"/>
    <testcase classname="ds.skewness_smk_method_2_both" name="simple_skewness_method_2_both_on_PM_BMI_CONTINUOUS" time="1.77799999999979"/>
    <testcase classname="ds.skewness_smk_method_2_both" name="simple_skewness_method_2_both_on_PM_BMI_CONTINUOUS" time="0.00300000000015643"/>
    <testcase classname="ds.skewness_smk_method_2_both" name="simple_skewness_method_2_both_on_PM_BMI_CONTINUOUS" time="0.00300000000015643"/>
    <testcase classname="ds.skewness_smk_method_2_both" name="simple_skewness_method_2_both_on_PM_BMI_CONTINUOUS" time="0.00299999999970169"/>
    <testcase classname="ds.skewness_smk_method_2_both" name="simple_skewness_method_2_both_on_PM_BMI_CONTINUOUS" time="0.00300000000015643"/>
    <testcase classname="ds.skewness_smk_method_2_both" name="simple_skewness_method_2_both_on_PM_BMI_CONTINUOUS" time="0.00300000000015643"/>
    <testcase classname="ds.skewness_smk_method_2_both" name="simple_skewness_method_2_both_on_PM_BMI_CONTINUOUS" time="0.00299999999970169"/>
    <testcase classname="ds.skewness_smk_method_2_both" name="simple_skewness_method_2_both_on_PM_BMI_CONTINUOUS" time="0.00300000000015643"/>
    <testcase classname="ds.skewness_smk_method_2_both" name="simple_skewness_method_2_both_on_PM_BMI_CONTINUOUS" time="0.00300000000015643"/>
    <testcase classname="ds.skewness_smk_method_2_both" name="simple_skewness_method_2_both_on_PM_BMI_CONTINUOUS" time="0.00299999999970169"/>
    <testcase classname="ds.skewness_smk_method_2_both" name="simple_skewness_method_2_both_on_PM_BMI_CONTINUOUS" time="0.00399999999990541"/>
    <testcase classname="ds.skewness_smk_method_2_both" name="simple_skewness_method_2_both_on_PM_BMI_CONTINUOUS" time="0.00300000000015643"/>
    <testcase classname="ds.skewness_smk_method_2_both" name="simple_skewness_method_2_both_on_PM_BMI_CONTINUOUS" time="0.00300000000015643"/>
    <testcase classname="ds.skewness_smk_method_2_both" name="simple_skewness_method_2_both_on_PM_BMI_CONTINUOUS" time="0.00299999999970169"/>
    <testcase classname="ds.skewness_smk_method_2_both" name="simple_skewness_method_2_both_on_PM_BMI_CONTINUOUS" time="0.00300000000015643"/>
    <testcase classname="ds.skewness_smk_method_2_both" name="simple_skewness_method_2_both_on_PM_BMI_CONTINUOUS" time="0.00399999999990541"/>
    <testcase classname="ds.skewness_smk_method_2_both" name="simple_skewness_method_2_both_on_PM_BMI_CONTINUOUS" time="0.00300000000015643"/>
    <testcase classname="ds.skewness_smk_method_2_both" name="simple_skewness_method_2_both_on_PM_BMI_CONTINUOUS" time="0.00300000000015643"/>
    <testcase classname="ds.skewness_smk_method_2_both" name="simple_skewness_method_2_both_on_PM_BMI_CONTINUOUS" time="0.00399999999990541"/>
    <testcase classname="ds.skewness_smk_method_2_both" name="simple_skewness_method_2_both_on_PM_BMI_CONTINUOUS" time="0.00300000000015643"/>
    <testcase classname="ds.skewness_smk_method_2_both" name="simple_skewness_method_2_both_on_PM_BMI_CONTINUOUS" time="0.00299999999970169"/>
    <testcase classname="ds.skewness_smk_method_2_both" name="simple_skewness_method_2_both_on_PM_BMI_CONTINUOUS" time="0.00300000000015643"/>
  </testsuite>
  <testsuite errors="0" failures="0" hostname="fv-az14" name="ds.skewness::smk::method 3::split" skipped="0" tests="70" time="6.218" timestamp="2020-09-12T15:06:22Z">
    <testcase classname="ds.skewness_smk_method_3_split" name="simple_skewness_method_3_split_on_LAB_TSC" time="1.24600000000009"/>
    <testcase classname="ds.skewness_smk_method_3_split" name="simple_skewness_method_3_split_on_LAB_TSC" time="0.00199999999995271"/>
    <testcase classname="ds.skewness_smk_method_3_split" name="simple_skewness_method_3_split_on_LAB_TSC" time="0.000999999999748979"/>
    <testcase classname="ds.skewness_smk_method_3_split" name="simple_skewness_method_3_split_on_LAB_TSC" time="0.00100000000020373"/>
    <testcase classname="ds.skewness_smk_method_3_split" name="simple_skewness_method_3_split_on_LAB_TSC" time="0.00199999999995271"/>
    <testcase classname="ds.skewness_smk_method_3_split" name="simple_skewness_method_3_split_on_LAB_TSC" time="0.000999999999748979"/>
    <testcase classname="ds.skewness_smk_method_3_split" name="simple_skewness_method_3_split_on_LAB_TSC" time="0.00200000000040745"/>
    <testcase classname="ds.skewness_smk_method_3_split" name="simple_skewness_method_3_split_on_LAB_TSC" time="0.000999999999748979"/>
    <testcase classname="ds.skewness_smk_method_3_split" name="simple_skewness_method_3_split_on_LAB_TSC" time="0.00199999999995271"/>
    <testcase classname="ds.skewness_smk_method_3_split" name="simple_skewness_method_3_split_on_LAB_TSC" time="0.00199999999995271"/>
    <testcase classname="ds.skewness_smk_method_3_split" name="simple_skewness_method_3_split_on_LAB_TSC" time="0.00199999999995271"/>
    <testcase classname="ds.skewness_smk_method_3_split" name="simple_skewness_method_3_split_on_LAB_TSC" time="0.00100000000020373"/>
    <testcase classname="ds.skewness_smk_method_3_split" name="simple_skewness_method_3_split_on_LAB_TSC" time="0.00199999999995271"/>
    <testcase classname="ds.skewness_smk_method_3_split" name="simple_skewness_method_3_split_on_LAB_TSC" time="0.00199999999995271"/>
    <testcase classname="ds.skewness_smk_method_3_split" name="simple_skewness_method_3_split_on_LAB_TRIG" time="1.22000000000025"/>
    <testcase classname="ds.skewness_smk_method_3_split" name="simple_skewness_method_3_split_on_LAB_TRIG" time="0.000999999999748979"/>
    <testcase classname="ds.skewness_smk_method_3_split" name="simple_skewness_method_3_split_on_LAB_TRIG" time="0.00100000000020373"/>
    <testcase classname="ds.skewness_smk_method_3_split" name="simple_skewness_method_3_split_on_LAB_TRIG" time="0.00199999999995271"/>
    <testcase classname="ds.skewness_smk_method_3_split" name="simple_skewness_method_3_split_on_LAB_TRIG" time="0.00199999999995271"/>
    <testcase classname="ds.skewness_smk_method_3_split" name="simple_skewness_method_3_split_on_LAB_TRIG" time="0.00100000000020373"/>
    <testcase classname="ds.skewness_smk_method_3_split" name="simple_skewness_method_3_split_on_LAB_TRIG" time="0.00199999999995271"/>
    <testcase classname="ds.skewness_smk_method_3_split" name="simple_skewness_method_3_split_on_LAB_TRIG" time="0.000999999999748979"/>
    <testcase classname="ds.skewness_smk_method_3_split" name="simple_skewness_method_3_split_on_LAB_TRIG" time="0.000999999999748979"/>
    <testcase classname="ds.skewness_smk_method_3_split" name="simple_skewness_method_3_split_on_LAB_TRIG" time="0.00199999999995271"/>
    <testcase classname="ds.skewness_smk_method_3_split" name="simple_skewness_method_3_split_on_LAB_TRIG" time="0.00100000000020373"/>
    <testcase classname="ds.skewness_smk_method_3_split" name="simple_skewness_method_3_split_on_LAB_TRIG" time="0.00199999999995271"/>
    <testcase classname="ds.skewness_smk_method_3_split" name="simple_skewness_method_3_split_on_LAB_TRIG" time="0.00100000000020373"/>
    <testcase classname="ds.skewness_smk_method_3_split" name="simple_skewness_method_3_split_on_LAB_TRIG" time="0.00199999999995271"/>
    <testcase classname="ds.skewness_smk_method_3_split" name="simple_skewness_method_3_split_on_LAB_HDL" time="1.221"/>
    <testcase classname="ds.skewness_smk_method_3_split" name="simple_skewness_method_3_split_on_LAB_HDL" time="0.00199999999995271"/>
    <testcase classname="ds.skewness_smk_method_3_split" name="simple_skewness_method_3_split_on_LAB_HDL" time="0.000999999999748979"/>
    <testcase classname="ds.skewness_smk_method_3_split" name="simple_skewness_method_3_split_on_LAB_HDL" time="0.00199999999995271"/>
    <testcase classname="ds.skewness_smk_method_3_split" name="simple_skewness_method_3_split_on_LAB_HDL" time="0.00100000000020373"/>
    <testcase classname="ds.skewness_smk_method_3_split" name="simple_skewness_method_3_split_on_LAB_HDL" time="0.00199999999995271"/>
    <testcase classname="ds.skewness_smk_method_3_split" name="simple_skewness_method_3_split_on_LAB_HDL" time="0.00199999999995271"/>
    <testcase classname="ds.skewness_smk_method_3_split" name="simple_skewness_method_3_split_on_LAB_HDL" time="0.00100000000020373"/>
    <testcase classname="ds.skewness_smk_method_3_split" name="simple_skewness_method_3_split_on_LAB_HDL" time="0.00199999999995271"/>
    <testcase classname="ds.skewness_smk_method_3_split" name="simple_skewness_method_3_split_on_LAB_HDL" time="0.00300000000015643"/>
    <testcase classname="ds.skewness_smk_method_3_split" name="simple_skewness_method_3_split_on_LAB_HDL" time="0.00199999999995271"/>
    <testcase classname="ds.skewness_smk_method_3_split" name="simple_skewness_method_3_split_on_LAB_HDL" time="0.00199999999995271"/>
    <testcase classname="ds.skewness_smk_method_3_split" name="simple_skewness_method_3_split_on_LAB_HDL" time="0.000999999999748979"/>
    <testcase classname="ds.skewness_smk_method_3_split" name="simple_skewness_method_3_split_on_LAB_HDL" time="0.00199999999995271"/>
    <testcase classname="ds.skewness_smk_method_3_split" name="simple_skewness_method_3_split_on_LAB_GLUC_ADJUSTED" time="1.20000000000027"/>
    <testcase classname="ds.skewness_smk_method_3_split" name="simple_skewness_method_3_split_on_LAB_GLUC_ADJUSTED" time="0.00199999999995271"/>
    <testcase classname="ds.skewness_smk_method_3_split" name="simple_skewness_method_3_split_on_LAB_GLUC_ADJUSTED" time="0.000999999999748979"/>
    <testcase classname="ds.skewness_smk_method_3_split" name="simple_skewness_method_3_split_on_LAB_GLUC_ADJUSTED" time="0.00200000000040745"/>
    <testcase classname="ds.skewness_smk_method_3_split" name="simple_skewness_method_3_split_on_LAB_GLUC_ADJUSTED" time="0.00199999999995271"/>
    <testcase classname="ds.skewness_smk_method_3_split" name="simple_skewness_method_3_split_on_LAB_GLUC_ADJUSTED" time="0.00199999999995271"/>
    <testcase classname="ds.skewness_smk_method_3_split" name="simple_skewness_method_3_split_on_LAB_GLUC_ADJUSTED" time="0.00199999999995271"/>
    <testcase classname="ds.skewness_smk_method_3_split" name="simple_skewness_method_3_split_on_LAB_GLUC_ADJUSTED" time="0.00199999999995271"/>
    <testcase classname="ds.skewness_smk_method_3_split" name="simple_skewness_method_3_split_on_LAB_GLUC_ADJUSTED" time="0.00199999999995271"/>
    <testcase classname="ds.skewness_smk_method_3_split" name="simple_skewness_method_3_split_on_LAB_GLUC_ADJUSTED" time="0.00300000000015643"/>
    <testcase classname="ds.skewness_smk_method_3_split" name="simple_skewness_method_3_split_on_LAB_GLUC_ADJUSTED" time="0.000999999999748979"/>
    <testcase classname="ds.skewness_smk_method_3_split" name="simple_skewness_method_3_split_on_LAB_GLUC_ADJUSTED" time="0.00199999999995271"/>
    <testcase classname="ds.skewness_smk_method_3_split" name="simple_skewness_method_3_split_on_LAB_GLUC_ADJUSTED" time="0.00199999999995271"/>
    <testcase classname="ds.skewness_smk_method_3_split" name="simple_skewness_method_3_split_on_LAB_GLUC_ADJUSTED" time="0.00300000000015643"/>
    <testcase classname="ds.skewness_smk_method_3_split" name="simple_skewness_method_3_split_on_PM_BMI_CONTINUOUS" time="1.21300000000019"/>
    <testcase classname="ds.skewness_smk_method_3_split" name="simple_skewness_method_3_split_on_PM_BMI_CONTINUOUS" time="0.00299999999970169"/>
    <testcase classname="ds.skewness_smk_method_3_split" name="simple_skewness_method_3_split_on_PM_BMI_CONTINUOUS" time="0.00199999999995271"/>
    <testcase classname="ds.skewness_smk_method_3_split" name="simple_skewness_method_3_split_on_PM_BMI_CONTINUOUS" time="0.00300000000015643"/>
    <testcase classname="ds.skewness_smk_method_3_split" name="simple_skewness_method_3_split_on_PM_BMI_CONTINUOUS" time="0.00199999999995271"/>
    <testcase classname="ds.skewness_smk_method_3_split" name="simple_skewness_method_3_split_on_PM_BMI_CONTINUOUS" time="0.00199999999995271"/>
    <testcase classname="ds.skewness_smk_method_3_split" name="simple_skewness_method_3_split_on_PM_BMI_CONTINUOUS" time="0.00199999999995271"/>
    <testcase classname="ds.skewness_smk_method_3_split" name="simple_skewness_method_3_split_on_PM_BMI_CONTINUOUS" time="0.00200000000040745"/>
    <testcase classname="ds.skewness_smk_method_3_split" name="simple_skewness_method_3_split_on_PM_BMI_CONTINUOUS" time="0.00199999999995271"/>
    <testcase classname="ds.skewness_smk_method_3_split" name="simple_skewness_method_3_split_on_PM_BMI_CONTINUOUS" time="0.00199999999995271"/>
    <testcase classname="ds.skewness_smk_method_3_split" name="simple_skewness_method_3_split_on_PM_BMI_CONTINUOUS" time="0.00299999999970169"/>
    <testcase classname="ds.skewness_smk_method_3_split" name="simple_skewness_method_3_split_on_PM_BMI_CONTINUOUS" time="0.00199999999995271"/>
    <testcase classname="ds.skewness_smk_method_3_split" name="simple_skewness_method_3_split_on_PM_BMI_CONTINUOUS" time="0.00200000000040745"/>
    <testcase classname="ds.skewness_smk_method_3_split" name="simple_skewness_method_3_split_on_PM_BMI_CONTINUOUS" time="0.00199999999995271"/>
  </testsuite>
  <testsuite errors="0" failures="0" hostname="fv-az14" name="ds.skewness::smk::method 3::combine" skipped="0" tests="40" time="7.474" timestamp="2020-09-12T15:06:29Z">
    <testcase classname="ds.skewness_smk_method_3_combine" name="simple_skewness_combine_on_LAB_TSC" time="1.48099999999977"/>
    <testcase classname="ds.skewness_smk_method_3_combine" name="simple_skewness_combine_on_LAB_TSC" time="0.00100000000020373"/>
    <testcase classname="ds.skewness_smk_method_3_combine" name="simple_skewness_combine_on_LAB_TSC" time="0.00199999999995271"/>
    <testcase classname="ds.skewness_smk_method_3_combine" name="simple_skewness_combine_on_LAB_TSC" time="0.000999999999748979"/>
    <testcase classname="ds.skewness_smk_method_3_combine" name="simple_skewness_combine_on_LAB_TSC" time="0.00100000000020373"/>
    <testcase classname="ds.skewness_smk_method_3_combine" name="simple_skewness_combine_on_LAB_TSC" time="0.00199999999995271"/>
    <testcase classname="ds.skewness_smk_method_3_combine" name="simple_skewness_combine_on_LAB_TSC" time="0.00100000000020373"/>
    <testcase classname="ds.skewness_smk_method_3_combine" name="simple_skewness_combine_on_LAB_TSC" time="0.00199999999995271"/>
    <testcase classname="ds.skewness_smk_method_3_combine" name="simple_skewness_method_3_combine_on_LAB_TRIG" time="1.48299999999972"/>
    <testcase classname="ds.skewness_smk_method_3_combine" name="simple_skewness_method_3_combine_on_LAB_TRIG" time="0.00199999999995271"/>
    <testcase classname="ds.skewness_smk_method_3_combine" name="simple_skewness_method_3_combine_on_LAB_TRIG" time="0.00100000000020373"/>
    <testcase classname="ds.skewness_smk_method_3_combine" name="simple_skewness_method_3_combine_on_LAB_TRIG" time="0.00100000000020373"/>
    <testcase classname="ds.skewness_smk_method_3_combine" name="simple_skewness_method_3_combine_on_LAB_TRIG" time="0.00199999999995271"/>
    <testcase classname="ds.skewness_smk_method_3_combine" name="simple_skewness_method_3_combine_on_LAB_TRIG" time="0.000999999999748979"/>
    <testcase classname="ds.skewness_smk_method_3_combine" name="simple_skewness_method_3_combine_on_LAB_TRIG" time="0.00100000000020373"/>
    <testcase classname="ds.skewness_smk_method_3_combine" name="simple_skewness_method_3_combine_on_LAB_TRIG" time="0.00299999999970169"/>
    <testcase classname="ds.skewness_smk_method_3_combine" name="simple_skewness_method_3_combine_on_LAB_HDL" time="1.47600000000011"/>
    <testcase classname="ds.skewness_smk_method_3_combine" name="simple_skewness_method_3_combine_on_LAB_HDL" time="0.00100000000020373"/>
    <testcase classname="ds.skewness_smk_method_3_combine" name="simple_skewness_method_3_combine_on_LAB_HDL" time="0.00199999999995271"/>
    <testcase classname="ds.skewness_smk_method_3_combine" name="simple_skewness_method_3_combine_on_LAB_HDL" time="0.000999999999748979"/>
    <testcase classname="ds.skewness_smk_method_3_combine" name="simple_skewness_method_3_combine_on_LAB_HDL" time="0.00100000000020373"/>
    <testcase classname="ds.skewness_smk_method_3_combine" name="simple_skewness_method_3_combine_on_LAB_HDL" time="0.00100000000020373"/>
    <testcase classname="ds.skewness_smk_method_3_combine" name="simple_skewness_method_3_combine_on_LAB_HDL" time="0.00100000000020373"/>
    <testcase classname="ds.skewness_smk_method_3_combine" name="simple_skewness_method_3_combine_on_LAB_HDL" time="0.00199999999995271"/>
    <testcase classname="ds.skewness_smk_method_3_combine" name="simple_skewness_method_3_combine_on_LAB_GLUC_ADJUSTED" time="1.48399999999992"/>
    <testcase classname="ds.skewness_smk_method_3_combine" name="simple_skewness_method_3_combine_on_LAB_GLUC_ADJUSTED" time="0.00199999999995271"/>
    <testcase classname="ds.skewness_smk_method_3_combine" name="simple_skewness_method_3_combine_on_LAB_GLUC_ADJUSTED" time="0.00199999999995271"/>
    <testcase classname="ds.skewness_smk_method_3_combine" name="simple_skewness_method_3_combine_on_LAB_GLUC_ADJUSTED" time="0.00100000000020373"/>
    <testcase classname="ds.skewness_smk_method_3_combine" name="simple_skewness_method_3_combine_on_LAB_GLUC_ADJUSTED" time="0.00199999999995271"/>
    <testcase classname="ds.skewness_smk_method_3_combine" name="simple_skewness_method_3_combine_on_LAB_GLUC_ADJUSTED" time="0.00999999999976353"/>
    <testcase classname="ds.skewness_smk_method_3_combine" name="simple_skewness_method_3_combine_on_LAB_GLUC_ADJUSTED" time="0.00100000000020373"/>
    <testcase classname="ds.skewness_smk_method_3_combine" name="simple_skewness_method_3_combine_on_LAB_GLUC_ADJUSTED" time="0.00199999999995271"/>
    <testcase classname="ds.skewness_smk_method_3_combine" name="simple_skewness_method_3_combine_on_PM_BMI_CONTINUOUS" time="1.48799999999983"/>
    <testcase classname="ds.skewness_smk_method_3_combine" name="simple_skewness_method_3_combine_on_PM_BMI_CONTINUOUS" time="0.00199999999995271"/>
    <testcase classname="ds.skewness_smk_method_3_combine" name="simple_skewness_method_3_combine_on_PM_BMI_CONTINUOUS" time="0.00100000000020373"/>
    <testcase classname="ds.skewness_smk_method_3_combine" name="simple_skewness_method_3_combine_on_PM_BMI_CONTINUOUS" time="0.00199999999995271"/>
    <testcase classname="ds.skewness_smk_method_3_combine" name="simple_skewness_method_3_combine_on_PM_BMI_CONTINUOUS" time="0.00199999999995271"/>
    <testcase classname="ds.skewness_smk_method_3_combine" name="simple_skewness_method_3_combine_on_PM_BMI_CONTINUOUS" time="0.00199999999995271"/>
    <testcase classname="ds.skewness_smk_method_3_combine" name="simple_skewness_method_3_combine_on_PM_BMI_CONTINUOUS" time="0.00100000000020373"/>
    <testcase classname="ds.skewness_smk_method_3_combine" name="simple_skewness_method_3_combine_on_PM_BMI_CONTINUOUS" time="0.00199999999995271"/>
  </testsuite>
  <testsuite errors="0" failures="0" hostname="fv-az14" name="ds.skewness::smk::method 3::both" skipped="0" tests="110" time="9.124" timestamp="2020-09-12T15:06:36Z">
    <testcase classname="ds.skewness_smk_method_3_both" name="simple_skewness_both_on_LAB_TSC" time="1.76899999999978"/>
    <testcase classname="ds.skewness_smk_method_3_both" name="simple_skewness_both_on_LAB_TSC" time="0.00100000000020373"/>
    <testcase classname="ds.skewness_smk_method_3_both" name="simple_skewness_both_on_LAB_TSC" time="0.000999999999748979"/>
    <testcase classname="ds.skewness_smk_method_3_both" name="simple_skewness_both_on_LAB_TSC" time="0.00100000000020373"/>
    <testcase classname="ds.skewness_smk_method_3_both" name="simple_skewness_both_on_LAB_TSC" time="0.00199999999995271"/>
    <testcase classname="ds.skewness_smk_method_3_both" name="simple_skewness_both_on_LAB_TSC" time="0.00100000000020373"/>
    <testcase classname="ds.skewness_smk_method_3_both" name="simple_skewness_both_on_LAB_TSC" time="0.000999999999748979"/>
    <testcase classname="ds.skewness_smk_method_3_both" name="simple_skewness_both_on_LAB_TSC" time="0.00199999999995271"/>
    <testcase classname="ds.skewness_smk_method_3_both" name="simple_skewness_both_on_LAB_TSC" time="0.00100000000020373"/>
    <testcase classname="ds.skewness_smk_method_3_both" name="simple_skewness_both_on_LAB_TSC" time="0.000999999999748979"/>
    <testcase classname="ds.skewness_smk_method_3_both" name="simple_skewness_both_on_LAB_TSC" time="0.00200000000040745"/>
    <testcase classname="ds.skewness_smk_method_3_both" name="simple_skewness_both_on_LAB_TSC" time="0.000999999999748979"/>
    <testcase classname="ds.skewness_smk_method_3_both" name="simple_skewness_both_on_LAB_TSC" time="0.00199999999995271"/>
    <testcase classname="ds.skewness_smk_method_3_both" name="simple_skewness_both_on_LAB_TSC" time="0.00100000000020373"/>
    <testcase classname="ds.skewness_smk_method_3_both" name="simple_skewness_both_on_LAB_TSC" time="0.00199999999995271"/>
    <testcase classname="ds.skewness_smk_method_3_both" name="simple_skewness_both_on_LAB_TSC" time="0.000999999999748979"/>
    <testcase classname="ds.skewness_smk_method_3_both" name="simple_skewness_both_on_LAB_TSC" time="0.00100000000020373"/>
    <testcase classname="ds.skewness_smk_method_3_both" name="simple_skewness_both_on_LAB_TSC" time="0.00199999999995271"/>
    <testcase classname="ds.skewness_smk_method_3_both" name="simple_skewness_both_on_LAB_TSC" time="0.00100000000020373"/>
    <testcase classname="ds.skewness_smk_method_3_both" name="simple_skewness_both_on_LAB_TSC" time="0.00199999999995271"/>
    <testcase classname="ds.skewness_smk_method_3_both" name="simple_skewness_both_on_LAB_TSC" time="0.000999999999748979"/>
    <testcase classname="ds.skewness_smk_method_3_both" name="simple_skewness_both_on_LAB_TSC" time="0.00199999999995271"/>
    <testcase classname="ds.skewness_smk_method_3_both" name="simple_skewness_method_3_both_on_LAB_TRIG" time="1.7810000000004"/>
    <testcase classname="ds.skewness_smk_method_3_both" name="simple_skewness_method_3_both_on_LAB_TRIG" time="0.00199999999995271"/>
    <testcase classname="ds.skewness_smk_method_3_both" name="simple_skewness_method_3_both_on_LAB_TRIG" time="0.000999999999748979"/>
    <testcase classname="ds.skewness_smk_method_3_both" name="simple_skewness_method_3_both_on_LAB_TRIG" time="0.000999999999748979"/>
    <testcase classname="ds.skewness_smk_method_3_both" name="simple_skewness_method_3_both_on_LAB_TRIG" time="0.00199999999995271"/>
    <testcase classname="ds.skewness_smk_method_3_both" name="simple_skewness_method_3_both_on_LAB_TRIG" time="0.00199999999995271"/>
    <testcase classname="ds.skewness_smk_method_3_both" name="simple_skewness_method_3_both_on_LAB_TRIG" time="0.00200000000040745"/>
    <testcase classname="ds.skewness_smk_method_3_both" name="simple_skewness_method_3_both_on_LAB_TRIG" time="0.00199999999995271"/>
    <testcase classname="ds.skewness_smk_method_3_both" name="simple_skewness_method_3_both_on_LAB_TRIG" time="0.00199999999995271"/>
    <testcase classname="ds.skewness_smk_method_3_both" name="simple_skewness_method_3_both_on_LAB_TRIG" time="0.00199999999995271"/>
    <testcase classname="ds.skewness_smk_method_3_both" name="simple_skewness_method_3_both_on_LAB_TRIG" time="0.00199999999995271"/>
    <testcase classname="ds.skewness_smk_method_3_both" name="simple_skewness_method_3_both_on_LAB_TRIG" time="0.00199999999995271"/>
    <testcase classname="ds.skewness_smk_method_3_both" name="simple_skewness_method_3_both_on_LAB_TRIG" time="0.00300000000015643"/>
    <testcase classname="ds.skewness_smk_method_3_both" name="simple_skewness_method_3_both_on_LAB_TRIG" time="0.00199999999995271"/>
    <testcase classname="ds.skewness_smk_method_3_both" name="simple_skewness_method_3_both_on_LAB_TRIG" time="0.00199999999995271"/>
    <testcase classname="ds.skewness_smk_method_3_both" name="simple_skewness_method_3_both_on_LAB_TRIG" time="0.00199999999995271"/>
    <testcase classname="ds.skewness_smk_method_3_both" name="simple_skewness_method_3_both_on_LAB_TRIG" time="0.00300000000015643"/>
    <testcase classname="ds.skewness_smk_method_3_both" name="simple_skewness_method_3_both_on_LAB_TRIG" time="0.00199999999995271"/>
    <testcase classname="ds.skewness_smk_method_3_both" name="simple_skewness_method_3_both_on_LAB_TRIG" time="0.00199999999995271"/>
    <testcase classname="ds.skewness_smk_method_3_both" name="simple_skewness_method_3_both_on_LAB_TRIG" time="0.00199999999995271"/>
    <testcase classname="ds.skewness_smk_method_3_both" name="simple_skewness_method_3_both_on_LAB_TRIG" time="0.00199999999995271"/>
    <testcase classname="ds.skewness_smk_method_3_both" name="simple_skewness_method_3_both_on_LAB_TRIG" time="0.00199999999995271"/>
    <testcase classname="ds.skewness_smk_method_3_both" name="simple_skewness_method_3_both_on_LAB_HDL" time="1.81800000000021"/>
    <testcase classname="ds.skewness_smk_method_3_both" name="simple_skewness_method_3_both_on_LAB_HDL" time="0.00199999999995271"/>
    <testcase classname="ds.skewness_smk_method_3_both" name="simple_skewness_method_3_both_on_LAB_HDL" time="0.00199999999995271"/>
    <testcase classname="ds.skewness_smk_method_3_both" name="simple_skewness_method_3_both_on_LAB_HDL" time="0.00199999999995271"/>
    <testcase classname="ds.skewness_smk_method_3_both" name="simple_skewness_method_3_both_on_LAB_HDL" time="0.00199999999995271"/>
    <testcase classname="ds.skewness_smk_method_3_both" name="simple_skewness_method_3_both_on_LAB_HDL" time="0.00300000000015643"/>
    <testcase classname="ds.skewness_smk_method_3_both" name="simple_skewness_method_3_both_on_LAB_HDL" time="0.00199999999995271"/>
    <testcase classname="ds.skewness_smk_method_3_both" name="simple_skewness_method_3_both_on_LAB_HDL" time="0.00199999999995271"/>
    <testcase classname="ds.skewness_smk_method_3_both" name="simple_skewness_method_3_both_on_LAB_HDL" time="0.00199999999995271"/>
    <testcase classname="ds.skewness_smk_method_3_both" name="simple_skewness_method_3_both_on_LAB_HDL" time="0.00199999999995271"/>
    <testcase classname="ds.skewness_smk_method_3_both" name="simple_skewness_method_3_both_on_LAB_HDL" time="0.00199999999995271"/>
    <testcase classname="ds.skewness_smk_method_3_both" name="simple_skewness_method_3_both_on_LAB_HDL" time="0.00199999999995271"/>
    <testcase classname="ds.skewness_smk_method_3_both" name="simple_skewness_method_3_both_on_LAB_HDL" time="0.00199999999995271"/>
    <testcase classname="ds.skewness_smk_method_3_both" name="simple_skewness_method_3_both_on_LAB_HDL" time="0.00300000000015643"/>
    <testcase classname="ds.skewness_smk_method_3_both" name="simple_skewness_method_3_both_on_LAB_HDL" time="0.00199999999995271"/>
    <testcase classname="ds.skewness_smk_method_3_both" name="simple_skewness_method_3_both_on_LAB_HDL" time="0.00199999999995271"/>
    <testcase classname="ds.skewness_smk_method_3_both" name="simple_skewness_method_3_both_on_LAB_HDL" time="0.00199999999995271"/>
    <testcase classname="ds.skewness_smk_method_3_both" name="simple_skewness_method_3_both_on_LAB_HDL" time="0.00300000000015643"/>
    <testcase classname="ds.skewness_smk_method_3_both" name="simple_skewness_method_3_both_on_LAB_HDL" time="0.00299999999970169"/>
    <testcase classname="ds.skewness_smk_method_3_both" name="simple_skewness_method_3_both_on_LAB_HDL" time="0.00200000000040745"/>
    <testcase classname="ds.skewness_smk_method_3_both" name="simple_skewness_method_3_both_on_LAB_HDL" time="0.00299999999970169"/>
    <testcase classname="ds.skewness_smk_method_3_both" name="simple_skewness_method_3_both_on_LAB_HDL" time="0.00199999999995271"/>
    <testcase classname="ds.skewness_smk_method_3_both" name="simple_skewness_method_3_both_on_LAB_GLUC_ADJUSTED" time="1.76299999999992"/>
    <testcase classname="ds.skewness_smk_method_3_both" name="simple_skewness_method_3_both_on_LAB_GLUC_ADJUSTED" time="0.00300000000015643"/>
    <testcase classname="ds.skewness_smk_method_3_both" name="simple_skewness_method_3_both_on_LAB_GLUC_ADJUSTED" time="0.00199999999995271"/>
    <testcase classname="ds.skewness_smk_method_3_both" name="simple_skewness_method_3_both_on_LAB_GLUC_ADJUSTED" time="0.00300000000015643"/>
    <testcase classname="ds.skewness_smk_method_3_both" name="simple_skewness_method_3_both_on_LAB_GLUC_ADJUSTED" time="0.00300000000015643"/>
    <testcase classname="ds.skewness_smk_method_3_both" name="simple_skewness_method_3_both_on_LAB_GLUC_ADJUSTED" time="0.00199999999995271"/>
    <testcase classname="ds.skewness_smk_method_3_both" name="simple_skewness_method_3_both_on_LAB_GLUC_ADJUSTED" time="0.00299999999970169"/>
    <testcase classname="ds.skewness_smk_method_3_both" name="simple_skewness_method_3_both_on_LAB_GLUC_ADJUSTED" time="0.0109999999999673"/>
    <testcase classname="ds.skewness_smk_method_3_both" name="simple_skewness_method_3_both_on_LAB_GLUC_ADJUSTED" time="0.00300000000015643"/>
    <testcase classname="ds.skewness_smk_method_3_both" name="simple_skewness_method_3_both_on_LAB_GLUC_ADJUSTED" time="0.00300000000015643"/>
    <testcase classname="ds.skewness_smk_method_3_both" name="simple_skewness_method_3_both_on_LAB_GLUC_ADJUSTED" time="0.00299999999970169"/>
    <testcase classname="ds.skewness_smk_method_3_both" name="simple_skewness_method_3_both_on_LAB_GLUC_ADJUSTED" time="0.00300000000015643"/>
    <testcase classname="ds.skewness_smk_method_3_both" name="simple_skewness_method_3_both_on_LAB_GLUC_ADJUSTED" time="0.00300000000015643"/>
    <testcase classname="ds.skewness_smk_method_3_both" name="simple_skewness_method_3_both_on_LAB_GLUC_ADJUSTED" time="0.00299999999970169"/>
    <testcase classname="ds.skewness_smk_method_3_both" name="simple_skewness_method_3_both_on_LAB_GLUC_ADJUSTED" time="0.00199999999995271"/>
    <testcase classname="ds.skewness_smk_method_3_both" name="simple_skewness_method_3_both_on_LAB_GLUC_ADJUSTED" time="0.00199999999995271"/>
    <testcase classname="ds.skewness_smk_method_3_both" name="simple_skewness_method_3_both_on_LAB_GLUC_ADJUSTED" time="0.00300000000015643"/>
    <testcase classname="ds.skewness_smk_method_3_both" name="simple_skewness_method_3_both_on_LAB_GLUC_ADJUSTED" time="0.00199999999995271"/>
    <testcase classname="ds.skewness_smk_method_3_both" name="simple_skewness_method_3_both_on_LAB_GLUC_ADJUSTED" time="0.00299999999970169"/>
    <testcase classname="ds.skewness_smk_method_3_both" name="simple_skewness_method_3_both_on_LAB_GLUC_ADJUSTED" time="0.00300000000015643"/>
    <testcase classname="ds.skewness_smk_method_3_both" name="simple_skewness_method_3_both_on_LAB_GLUC_ADJUSTED" time="0.00300000000015643"/>
    <testcase classname="ds.skewness_smk_method_3_both" name="simple_skewness_method_3_both_on_LAB_GLUC_ADJUSTED" time="0.00299999999970169"/>
    <testcase classname="ds.skewness_smk_method_3_both" name="simple_skewness_method_3_both_on_PM_BMI_CONTINUOUS" time="1.75300000000016"/>
    <testcase classname="ds.skewness_smk_method_3_both" name="simple_skewness_method_3_both_on_PM_BMI_CONTINUOUS" time="0.00199999999995271"/>
    <testcase classname="ds.skewness_smk_method_3_both" name="simple_skewness_method_3_both_on_PM_BMI_CONTINUOUS" time="0.00300000000015643"/>
    <testcase classname="ds.skewness_smk_method_3_both" name="simple_skewness_method_3_both_on_PM_BMI_CONTINUOUS" time="0.00199999999995271"/>
    <testcase classname="ds.skewness_smk_method_3_both" name="simple_skewness_method_3_both_on_PM_BMI_CONTINUOUS" time="0.00300000000015643"/>
    <testcase classname="ds.skewness_smk_method_3_both" name="simple_skewness_method_3_both_on_PM_BMI_CONTINUOUS" time="0.00199999999995271"/>
    <testcase classname="ds.skewness_smk_method_3_both" name="simple_skewness_method_3_both_on_PM_BMI_CONTINUOUS" time="0.00399999999990541"/>
    <testcase classname="ds.skewness_smk_method_3_both" name="simple_skewness_method_3_both_on_PM_BMI_CONTINUOUS" time="0.00199999999995271"/>
    <testcase classname="ds.skewness_smk_method_3_both" name="simple_skewness_method_3_both_on_PM_BMI_CONTINUOUS" time="0.00300000000015643"/>
    <testcase classname="ds.skewness_smk_method_3_both" name="simple_skewness_method_3_both_on_PM_BMI_CONTINUOUS" time="0.00299999999970169"/>
    <testcase classname="ds.skewness_smk_method_3_both" name="simple_skewness_method_3_both_on_PM_BMI_CONTINUOUS" time="0.00199999999995271"/>
    <testcase classname="ds.skewness_smk_method_3_both" name="simple_skewness_method_3_both_on_PM_BMI_CONTINUOUS" time="0.00300000000015643"/>
    <testcase classname="ds.skewness_smk_method_3_both" name="simple_skewness_method_3_both_on_PM_BMI_CONTINUOUS" time="0.00199999999995271"/>
    <testcase classname="ds.skewness_smk_method_3_both" name="simple_skewness_method_3_both_on_PM_BMI_CONTINUOUS" time="0.00300000000015643"/>
    <testcase classname="ds.skewness_smk_method_3_both" name="simple_skewness_method_3_both_on_PM_BMI_CONTINUOUS" time="0.00199999999995271"/>
    <testcase classname="ds.skewness_smk_method_3_both" name="simple_skewness_method_3_both_on_PM_BMI_CONTINUOUS" time="0.00300000000015643"/>
    <testcase classname="ds.skewness_smk_method_3_both" name="simple_skewness_method_3_both_on_PM_BMI_CONTINUOUS" time="0.00199999999995271"/>
    <testcase classname="ds.skewness_smk_method_3_both" name="simple_skewness_method_3_both_on_PM_BMI_CONTINUOUS" time="0.00299999999970169"/>
    <testcase classname="ds.skewness_smk_method_3_both" name="simple_skewness_method_3_both_on_PM_BMI_CONTINUOUS" time="0.00300000000015643"/>
    <testcase classname="ds.skewness_smk_method_3_both" name="simple_skewness_method_3_both_on_PM_BMI_CONTINUOUS" time="0.00300000000015643"/>
    <testcase classname="ds.skewness_smk_method_3_both" name="simple_skewness_method_3_both_on_PM_BMI_CONTINUOUS" time="0.00299999999970169"/>
    <testcase classname="ds.skewness_smk_method_3_both" name="simple_skewness_method_3_both_on_PM_BMI_CONTINUOUS" time="0.00300000000015643"/>
  </testsuite>
  <testsuite errors="0" failures="0" hostname="fv-az14" name="ds.skewness::smk::shutdown" skipped="0" tests="3" time="0.297" timestamp="2020-09-12T15:06:45Z">
    <testcase classname="ds.skewness_smk_shutdown" name="shutdown" time="0.293999999999869"/>
    <testcase classname="ds.skewness_smk_shutdown" name="shutdown" time="0.00100000000020373"/>
    <testcase classname="ds.skewness_smk_shutdown" name="shutdown" time="0.00199999999995271"/>
  </testsuite>
  <testsuite errors="0" failures="0" hostname="fv-az14" name="ds.skewness::smk::done" skipped="0" tests="0" time="0" timestamp="2020-09-12T15:06:46Z"/>
  <testsuite errors="0" failures="0" hostname="fv-az14" name="ds.sqrt::smk::setup" skipped="0" tests="3" time="5.561" timestamp="2020-09-12T15:06:46Z">
    <testcase classname="ds.sqrt_smk_setup" name="setup" time="5.55799999999999"/>
    <testcase classname="ds.sqrt_smk_setup" name="setup" time="0.00199999999995271"/>
    <testcase classname="ds.sqrt_smk_setup" name="setup" time="0.00100000000020373"/>
  </testsuite>
  <testsuite errors="0" failures="0" hostname="fv-az14" name="ds.sqrt::smk" skipped="0" tests="10" time="2.352" timestamp="2020-09-12T15:06:51Z">
    <testcase classname="ds.sqrt_smk" name="simple_c" time="1.50999999999976"/>
    <testcase classname="ds.sqrt_smk" name="simple_c" time="0.278999999999996"/>
    <testcase classname="ds.sqrt_smk" name="simple_c" time="0.00199999999995271"/>
    <testcase classname="ds.sqrt_smk" name="simple_c" time="0.00199999999995271"/>
    <testcase classname="ds.sqrt_smk" name="simple_c" time="0.00199999999995271"/>
    <testcase classname="ds.sqrt_smk" name="simple_c" time="0.00100000000020373"/>
    <testcase classname="ds.sqrt_smk" name="simple_c" time="0.550999999999931"/>
    <testcase classname="ds.sqrt_smk" name="simple_c" time="0.00199999999995271"/>
    <testcase classname="ds.sqrt_smk" name="simple_c" time="0.000999999999748979"/>
    <testcase classname="ds.sqrt_smk" name="simple_c" time="0.00199999999995271"/>
  </testsuite>
  <testsuite errors="0" failures="0" hostname="fv-az14" name="ds.sqrt::smk::shutdown" skipped="0" tests="3" time="0.294" timestamp="2020-09-12T15:06:53Z">
    <testcase classname="ds.sqrt_smk_shutdown" name="setup" time="0.292000000000371"/>
    <testcase classname="ds.sqrt_smk_shutdown" name="setup" time="0.000999999999748979"/>
    <testcase classname="ds.sqrt_smk_shutdown" name="setup" time="0.00100000000020373"/>
  </testsuite>
  <testsuite errors="0" failures="0" hostname="fv-az14" name="ds.sqrt::smk::done" skipped="0" tests="0" time="0" timestamp="2020-09-12T15:06:54Z"/>
  <testsuite errors="0" failures="0" hostname="fv-az14" name="ds.subsetByClass::smk::setup" skipped="0" tests="3" time="5.558" timestamp="2020-09-12T15:06:54Z">
    <testcase classname="ds.subsetByClass_smk_setup" name="setup" time="5.55500000000029"/>
    <testcase classname="ds.subsetByClass_smk_setup" name="setup" time="0.00199999999995271"/>
    <testcase classname="ds.subsetByClass_smk_setup" name="setup" time="0.000999999999748979"/>
  </testsuite>
  <testsuite errors="0" failures="0" hostname="fv-az14" name="ds.subsetByClass::smk" skipped="0" tests="22" time="9.244" timestamp="2020-09-12T15:06:59Z">
    <testcase classname="ds.subsetByClass_smk" name="gender_implicit" time="4.39100000000008"/>
    <testcase classname="ds.subsetByClass_smk" name="gender_implicit" time="0.264000000000124"/>
    <testcase classname="ds.subsetByClass_smk" name="gender_implicit" time="0.000999999999748979"/>
    <testcase classname="ds.subsetByClass_smk" name="gender_implicit" time="0.00100000000020373"/>
    <testcase classname="ds.subsetByClass_smk" name="gender_implicit" time="0.00100000000020373"/>
    <testcase classname="ds.subsetByClass_smk" name="gender_implicit" time="0.000999999999748979"/>
    <testcase classname="ds.subsetByClass_smk" name="gender_implicit" time="0.00199999999995271"/>
    <testcase classname="ds.subsetByClass_smk" name="gender_implicit" time="0.00100000000020373"/>
    <testcase classname="ds.subsetByClass_smk" name="gender_implicit" time="0.000999999999748979"/>
    <testcase classname="ds.subsetByClass_smk" name="gender_implicit" time="0.00199999999995271"/>
    <testcase classname="ds.subsetByClass_smk" name="gender_implicit" time="0.00100000000020373"/>
    <testcase classname="ds.subsetByClass_smk" name="gender_explicit" time="4.30200000000013"/>
    <testcase classname="ds.subsetByClass_smk" name="gender_explicit" time="0.263999999999669"/>
    <testcase classname="ds.subsetByClass_smk" name="gender_explicit" time="0.00200000000040745"/>
    <testcase classname="ds.subsetByClass_smk" name="gender_explicit" time="0.000999999999748979"/>
    <testcase classname="ds.subsetByClass_smk" name="gender_explicit" time="0.00100000000020373"/>
    <testcase classname="ds.subsetByClass_smk" name="gender_explicit" time="0.00199999999995271"/>
    <testcase classname="ds.subsetByClass_smk" name="gender_explicit" time="0.000999999999748979"/>
    <testcase classname="ds.subsetByClass_smk" name="gender_explicit" time="0.00100000000020373"/>
    <testcase classname="ds.subsetByClass_smk" name="gender_explicit" time="0.00100000000020373"/>
    <testcase classname="ds.subsetByClass_smk" name="gender_explicit" time="0.000999999999748979"/>
    <testcase classname="ds.subsetByClass_smk" name="gender_explicit" time="0.00200000000040745"/>
  </testsuite>
  <testsuite errors="0" failures="0" hostname="fv-az14" name="ds.subsetByClass::smk::shutdown" skipped="0" tests="3" time="0.278" timestamp="2020-09-12T15:07:08Z">
    <testcase classname="ds.subsetByClass_smk_shutdown" name="shutdown" time="0.27599999999984"/>
    <testcase classname="ds.subsetByClass_smk_shutdown" name="shutdown" time="0.000999999999748979"/>
    <testcase classname="ds.subsetByClass_smk_shutdown" name="shutdown" time="0.00100000000020373"/>
  </testsuite>
  <testsuite errors="0" failures="0" hostname="fv-az14" name="ds.subsetByClass::smk::done" skipped="0" tests="0" time="0" timestamp="2020-09-12T15:07:09Z"/>
  <testsuite errors="0" failures="0" hostname="fv-az14" name="ds.subset::smk::setup" skipped="0" tests="3" time="5.362" timestamp="2020-09-12T15:07:09Z">
    <testcase classname="ds.subset_smk_setup" name="setup" time="5.35899999999992"/>
    <testcase classname="ds.subset_smk_setup" name="setup" time="0.00199999999995271"/>
    <testcase classname="ds.subset_smk_setup" name="setup" time="0.00100000000020373"/>
  </testsuite>
  <testsuite errors="0" failures="0" hostname="fv-az14" name="ds.subset::smk::generate a subset of the assigned table (by default the table is named 'D') with the first 50 observations and the two first columns" skipped="0" tests="4" time="2.737" timestamp="2020-09-12T15:07:14Z">
    <testcase classname="ds.subset_smk_generate_a_subset_of_the_assigned_table_by_default_the_table_is_named_D_with_the_first_50_observations_and_the_two_first_columns" name="subD_exists" time="2.73299999999972"/>
    <testcase classname="ds.subset_smk_generate_a_subset_of_the_assigned_table_by_default_the_table_is_named_D_with_the_first_50_observations_and_the_two_first_columns" name="subD_exists" time="0.00100000000020373"/>
    <testcase classname="ds.subset_smk_generate_a_subset_of_the_assigned_table_by_default_the_table_is_named_D_with_the_first_50_observations_and_the_two_first_columns" name="subD_exists" time="0.00100000000020373"/>
    <testcase classname="ds.subset_smk_generate_a_subset_of_the_assigned_table_by_default_the_table_is_named_D_with_the_first_50_observations_and_the_two_first_columns" name="subD_exists" time="0.00199999999995271"/>
  </testsuite>
  <testsuite errors="0" failures="0" hostname="fv-az14" name="ds.subset::smk::generate a subset of the assigned table (by default the table is named 'D') with the first 50 observations and the two first columns refered to by their names" skipped="0" tests="4" time="2.792" timestamp="2020-09-12T15:07:17Z">
    <testcase classname="ds.subset_smk_generate_a_subset_of_the_assigned_table_by_default_the_table_is_named_D_with_the_first_50_observations_and_the_two_first_columns_refered_to_by_their_names" name="subD2_exists" time="2.78899999999976"/>
    <testcase classname="ds.subset_smk_generate_a_subset_of_the_assigned_table_by_default_the_table_is_named_D_with_the_first_50_observations_and_the_two_first_columns_refered_to_by_their_names" name="subD2_exists" time="0.00100000000020373"/>
    <testcase classname="ds.subset_smk_generate_a_subset_of_the_assigned_table_by_default_the_table_is_named_D_with_the_first_50_observations_and_the_two_first_columns_refered_to_by_their_names" name="subD2_exists" time="0.00100000000020373"/>
    <testcase classname="ds.subset_smk_generate_a_subset_of_the_assigned_table_by_default_the_table_is_named_D_with_the_first_50_observations_and_the_two_first_columns_refered_to_by_their_names" name="subD2_exists" time="0.000999999999748979"/>
  </testsuite>
  <testsuite errors="0" failures="0" hostname="fv-az14" name="ds.subset::smk::generate a subset of the table D with bmi values greater than or equal to 25." skipped="0" tests="4" time="1.528" timestamp="2020-09-12T15:07:20Z">
    <testcase classname="ds.subset_smk_generate_a_subset_of_the_table_D_with_bmi_values_greater_than_or_equal_to_25." name="subD3_exists" time="1.52400000000034"/>
    <testcase classname="ds.subset_smk_generate_a_subset_of_the_table_D_with_bmi_values_greater_than_or_equal_to_25." name="subD3_exists" time="0.000999999999748979"/>
    <testcase classname="ds.subset_smk_generate_a_subset_of_the_table_D_with_bmi_values_greater_than_or_equal_to_25." name="subD3_exists" time="0.00199999999995271"/>
    <testcase classname="ds.subset_smk_generate_a_subset_of_the_table_D_with_bmi_values_greater_than_or_equal_to_25." name="subD3_exists" time="0.00100000000020373"/>
  </testsuite>
  <testsuite errors="0" failures="0" hostname="fv-az14" name="ds.subset::smk::shutdown" skipped="0" tests="3" time="0.297" timestamp="2020-09-12T15:07:21Z">
    <testcase classname="ds.subset_smk_shutdown" name="shutdown" time="0.293999999999869"/>
    <testcase classname="ds.subset_smk_shutdown" name="shutdown" time="0.00199999999995271"/>
    <testcase classname="ds.subset_smk_shutdown" name="shutdown" time="0.00100000000020373"/>
  </testsuite>
  <testsuite errors="0" failures="0" hostname="fv-az14" name="ds.subset::smk::done" skipped="0" tests="0" time="0" timestamp="2020-09-12T15:07:22Z"/>
  <testsuite errors="0" failures="0" hostname="fv-az14" name="ds.summary::smk::setup" skipped="0" tests="3" time="5.684" timestamp="2020-09-12T15:07:22Z">
    <testcase classname="ds.summary_smk_setup" name="setup" time="5.68199999999979"/>
    <testcase classname="ds.summary_smk_setup" name="setup" time="0.00100000000020373"/>
    <testcase classname="ds.summary_smk_setup" name="setup" time="0.000999999999748979"/>
  </testsuite>
  <testsuite errors="0" failures="0" hostname="fv-az14" name="ds.summary::smk::summary of a numerical variable" skipped="0" tests="3" time="3.397" timestamp="2020-09-12T15:07:27Z">
    <testcase classname="ds.summary_smk_summary_of_a_numerical_variable" name="summary_numerical_variable" time="3.39499999999998"/>
    <testcase classname="ds.summary_smk_summary_of_a_numerical_variable" name="summary_numerical_variable" time="0.00100000000020373"/>
    <testcase classname="ds.summary_smk_summary_of_a_numerical_variable" name="summary_numerical_variable" time="0.00100000000020373"/>
  </testsuite>
  <testsuite errors="0" failures="0" hostname="fv-az14" name="ds.summary::smk::summary of a character variable" skipped="0" tests="2" time="3.193" timestamp="2020-09-12T15:07:30Z">
    <testcase classname="ds.summary_smk_summary_of_a_character_variable" name="summary_character_variable" time="3.1909999999998"/>
    <testcase classname="ds.summary_smk_summary_of_a_character_variable" name="summary_character_variable" time="0.00199999999995271"/>
  </testsuite>
  <testsuite errors="0" failures="0" hostname="fv-az14" name="ds.summary::smk::summary of a factor variable" skipped="0" tests="22" time="4.637" timestamp="2020-09-12T15:07:34Z">
    <testcase classname="ds.summary_smk_summary_of_a_factor_variable" name="summary_factor_variable" time="4.60399999999981"/>
    <testcase classname="ds.summary_smk_summary_of_a_factor_variable" name="summary_factor_variable" time="0.00100000000020373"/>
    <testcase classname="ds.summary_smk_summary_of_a_factor_variable" name="summary_factor_variable" time="0.00199999999995271"/>
    <testcase classname="ds.summary_smk_summary_of_a_factor_variable" name="summary_factor_variable" time="0.00100000000020373"/>
    <testcase classname="ds.summary_smk_summary_of_a_factor_variable" name="summary_factor_variable" time="0.00199999999995271"/>
    <testcase classname="ds.summary_smk_summary_of_a_factor_variable" name="summary_factor_variable" time="0.000999999999748979"/>
    <testcase classname="ds.summary_smk_summary_of_a_factor_variable" name="summary_factor_variable" time="0.00199999999995271"/>
    <testcase classname="ds.summary_smk_summary_of_a_factor_variable" name="summary_factor_variable" time="0.00100000000020373"/>
    <testcase classname="ds.summary_smk_summary_of_a_factor_variable" name="summary_factor_variable" time="0.00199999999995271"/>
    <testcase classname="ds.summary_smk_summary_of_a_factor_variable" name="summary_factor_variable" time="0.00100000000020373"/>
    <testcase classname="ds.summary_smk_summary_of_a_factor_variable" name="summary_factor_variable" time="0.00199999999995271"/>
    <testcase classname="ds.summary_smk_summary_of_a_factor_variable" name="summary_factor_variable" time="0.000999999999748979"/>
    <testcase classname="ds.summary_smk_summary_of_a_factor_variable" name="summary_factor_variable" time="0.00100000000020373"/>
    <testcase classname="ds.summary_smk_summary_of_a_factor_variable" name="summary_factor_variable" time="0.00199999999995271"/>
    <testcase classname="ds.summary_smk_summary_of_a_factor_variable" name="summary_factor_variable" time="0.00100000000020373"/>
    <testcase classname="ds.summary_smk_summary_of_a_factor_variable" name="summary_factor_variable" time="0.00199999999995271"/>
    <testcase classname="ds.summary_smk_summary_of_a_factor_variable" name="summary_factor_variable" time="0.00199999999995271"/>
    <testcase classname="ds.summary_smk_summary_of_a_factor_variable" name="summary_factor_variable" time="0.00199999999995271"/>
    <testcase classname="ds.summary_smk_summary_of_a_factor_variable" name="summary_factor_variable" time="0.00199999999995271"/>
    <testcase classname="ds.summary_smk_summary_of_a_factor_variable" name="summary_factor_variable" time="0.00199999999995271"/>
    <testcase classname="ds.summary_smk_summary_of_a_factor_variable" name="summary_factor_variable" time="0.00100000000020373"/>
    <testcase classname="ds.summary_smk_summary_of_a_factor_variable" name="summary_factor_variable" time="0.00199999999995271"/>
  </testsuite>
  <testsuite errors="0" failures="0" hostname="fv-az14" name="ds.summary::smk::summary of a list variable" skipped="0" tests="10" time="2.779" timestamp="2020-09-12T15:07:38Z">
    <testcase classname="ds.summary_smk_summary_of_a_list_variable" name="summary_list_variable" time="2.76499999999987"/>
    <testcase classname="ds.summary_smk_summary_of_a_list_variable" name="summary_list_variable" time="0.00100000000020373"/>
    <testcase classname="ds.summary_smk_summary_of_a_list_variable" name="summary_list_variable" time="0.00199999999995271"/>
    <testcase classname="ds.summary_smk_summary_of_a_list_variable" name="summary_list_variable" time="0.000999999999748979"/>
    <testcase classname="ds.summary_smk_summary_of_a_list_variable" name="summary_list_variable" time="0.00199999999995271"/>
    <testcase classname="ds.summary_smk_summary_of_a_list_variable" name="summary_list_variable" time="0.00100000000020373"/>
    <testcase classname="ds.summary_smk_summary_of_a_list_variable" name="summary_list_variable" time="0.00199999999995271"/>
    <testcase classname="ds.summary_smk_summary_of_a_list_variable" name="summary_list_variable" time="0.00199999999995271"/>
    <testcase classname="ds.summary_smk_summary_of_a_list_variable" name="summary_list_variable" time="0.00100000000020373"/>
    <testcase classname="ds.summary_smk_summary_of_a_list_variable" name="summary_list_variable" time="0.00199999999995271"/>
  </testsuite>
  <testsuite errors="0" failures="0" hostname="fv-az14" name="ds.summary::smk::summary of a data frame" skipped="0" tests="5" time="3.086" timestamp="2020-09-12T15:07:41Z">
    <testcase classname="ds.summary_smk_summary_of_a_data_frame" name="summary_data_frame" time="3.07999999999993"/>
    <testcase classname="ds.summary_smk_summary_of_a_data_frame" name="summary_data_frame" time="0.00199999999995271"/>
    <testcase classname="ds.summary_smk_summary_of_a_data_frame" name="summary_data_frame" time="0.00100000000020373"/>
    <testcase classname="ds.summary_smk_summary_of_a_data_frame" name="summary_data_frame" time="0.000999999999748979"/>
    <testcase classname="ds.summary_smk_summary_of_a_data_frame" name="summary_data_frame" time="0.00199999999995271"/>
  </testsuite>
  <testsuite errors="0" failures="0" hostname="fv-az14" name="ds.summary::smk::teardown" skipped="0" tests="3" time="0.286" timestamp="2020-09-12T15:07:44Z">
    <testcase classname="ds.summary_smk_teardown" name="shutdown" time="0.282999999999902"/>
    <testcase classname="ds.summary_smk_teardown" name="shutdown" time="0.00199999999995271"/>
    <testcase classname="ds.summary_smk_teardown" name="shutdown" time="0.00100000000020373"/>
  </testsuite>
  <testsuite errors="0" failures="0" hostname="fv-az14" name="ds.summary::smk::done" skipped="0" tests="0" time="0" timestamp="2020-09-12T15:07:45Z"/>
  <testsuite errors="0" failures="0" hostname="fv-az14" name="ds.table1D::smk::setup" skipped="0" tests="3" time="5.346" timestamp="2020-09-12T15:07:45Z">
    <testcase classname="ds.table1D_smk_setup" name="setup" time="5.34400000000005"/>
    <testcase classname="ds.table1D_smk_setup" name="setup" time="0.000999999999748979"/>
    <testcase classname="ds.table1D_smk_setup" name="setup" time="0.00100000000020373"/>
  </testsuite>
  <testsuite errors="0" failures="0" hostname="fv-az14" name="ds.table1D::smk::generate a one dimensional table, outputting combined contingency tables" skipped="0" tests="3" time="1.31" timestamp="2020-09-12T15:07:50Z">
    <testcase classname="ds.table1D_smk_generate_a_one_dimensional_table_outputting_combined_contingency_tables" name="GENDER_normal" time="1.30700000000024"/>
    <testcase classname="ds.table1D_smk_generate_a_one_dimensional_table_outputting_combined_contingency_tables" name="GENDER_normal" time="0.00199999999995271"/>
    <testcase classname="ds.table1D_smk_generate_a_one_dimensional_table_outputting_combined_contingency_tables" name="GENDER_normal" time="0.000999999999748979"/>
  </testsuite>
  <testsuite errors="0" failures="0" hostname="fv-az14" name="ds.table1D::smk::generate a one dimensional table, outputting combined contingency tables fail" skipped="1" tests="1" time="1.226" timestamp="2020-09-12T15:07:51Z">
    <testcase classname="ds.table1D_smk_generate_a_one_dimensional_table_outputting_combined_contingency_tables_fail" name="DIS_CVA_invalid" time="1.22600000000011">
      <skipped/>
    </testcase>
  </testsuite>
  <testsuite errors="0" failures="0" hostname="fv-az14" name="ds.table1D::smk::generate a one dimensional table, outputting combined contingency tables fail split" skipped="1" tests="1" time="1.226" timestamp="2020-09-12T15:07:52Z">
    <testcase classname="ds.table1D_smk_generate_a_one_dimensional_table_outputting_combined_contingency_tables_fail_split" name="DIS_CVA_invalid_split" time="1.22600000000011">
      <skipped/>
    </testcase>
  </testsuite>
  <testsuite errors="0" failures="0" hostname="fv-az14" name="ds.table1D::smk::generate a one dimensional table, outputting study specific contingency tables" skipped="0" tests="4" time="1.26" timestamp="2020-09-12T15:07:54Z">
    <testcase classname="ds.table1D_smk_generate_a_one_dimensional_table_outputting_study_specific_contingency_tables" name="GENDER_split" time="1.25599999999986"/>
    <testcase classname="ds.table1D_smk_generate_a_one_dimensional_table_outputting_study_specific_contingency_tables" name="GENDER_split" time="0.00100000000020373"/>
    <testcase classname="ds.table1D_smk_generate_a_one_dimensional_table_outputting_study_specific_contingency_tables" name="GENDER_split" time="0.00199999999995271"/>
    <testcase classname="ds.table1D_smk_generate_a_one_dimensional_table_outputting_study_specific_contingency_tables" name="GENDER_split" time="0.000999999999748979"/>
  </testsuite>
  <testsuite errors="0" failures="0" hostname="fv-az14" name="ds.table1D::smk::generate a one dimensional table, outputting study specific contingency tables for study 1 and 2" skipped="0" tests="4" time="0.978" timestamp="2020-09-12T15:07:55Z">
    <testcase classname="ds.table1D_smk_generate_a_one_dimensional_table_outputting_study_specific_contingency_tables_for_study_1_and_2" name="GENDER_split_12" time="0.97400000000016"/>
    <testcase classname="ds.table1D_smk_generate_a_one_dimensional_table_outputting_study_specific_contingency_tables_for_study_1_and_2" name="GENDER_split_12" time="0.00199999999995271"/>
    <testcase classname="ds.table1D_smk_generate_a_one_dimensional_table_outputting_study_specific_contingency_tables_for_study_1_and_2" name="GENDER_split_12" time="0.000999999999748979"/>
    <testcase classname="ds.table1D_smk_generate_a_one_dimensional_table_outputting_study_specific_contingency_tables_for_study_1_and_2" name="GENDER_split_12" time="0.00100000000020373"/>
  </testsuite>
  <testsuite errors="0" failures="0" hostname="fv-az14" name="ds.table1D::smk::generate a one dimensional table, outputting study specific and combined contingency tables" skipped="0" tests="3" time="1.225" timestamp="2020-09-12T15:07:56Z">
    <testcase classname="ds.table1D_smk_generate_a_one_dimensional_table_outputting_study_specific_and_combined_contingency_tables" name="GENDER_normal_2" time="1.221"/>
    <testcase classname="ds.table1D_smk_generate_a_one_dimensional_table_outputting_study_specific_and_combined_contingency_tables" name="GENDER_normal_2" time="0.00199999999995271"/>
    <testcase classname="ds.table1D_smk_generate_a_one_dimensional_table_outputting_study_specific_and_combined_contingency_tables" name="GENDER_normal_2" time="0.00199999999995271"/>
  </testsuite>
  <testsuite errors="0" failures="0" hostname="fv-az14" name="ds.table1D::smk::shutdown" skipped="0" tests="3" time="0.299" timestamp="2020-09-12T15:07:57Z">
    <testcase classname="ds.table1D_smk_shutdown" name="shutdown" time="0.296000000000276"/>
    <testcase classname="ds.table1D_smk_shutdown" name="shutdown" time="0.000999999999748979"/>
    <testcase classname="ds.table1D_smk_shutdown" name="shutdown" time="0.00199999999995271"/>
  </testsuite>
  <testsuite errors="0" failures="0" hostname="fv-az14" name="ds.table1D::smk::done" skipped="0" tests="0" time="0" timestamp="2020-09-12T15:07:58Z"/>
  <testsuite errors="0" failures="0" hostname="fv-az14" name="ds.table2D::smk::setup" skipped="0" tests="3" time="5.541" timestamp="2020-09-12T15:07:58Z">
    <testcase classname="ds.table2D_smk_setup" name="setup" time="5.53800000000001"/>
    <testcase classname="ds.table2D_smk_setup" name="setup" time="0.00199999999995271"/>
    <testcase classname="ds.table2D_smk_setup" name="setup" time="0.00100000000020373"/>
  </testsuite>
  <testsuite errors="0" failures="0" hostname="fv-az14" name="ds.table2D::smk" skipped="0" tests="22" time="1.064" timestamp="2020-09-12T15:08:03Z">
    <testcase classname="ds.table2D_smk" name="simple_table2D" time="1.02999999999975"/>
    <testcase classname="ds.table2D_smk" name="simple_table2D" time="0.00200000000040745"/>
    <testcase classname="ds.table2D_smk" name="simple_table2D" time="0.000999999999748979"/>
    <testcase classname="ds.table2D_smk" name="simple_table2D" time="0.00199999999995271"/>
    <testcase classname="ds.table2D_smk" name="simple_table2D" time="0.00100000000020373"/>
    <testcase classname="ds.table2D_smk" name="simple_table2D" time="0.00199999999995271"/>
    <testcase classname="ds.table2D_smk" name="simple_table2D" time="0.000999999999748979"/>
    <testcase classname="ds.table2D_smk" name="simple_table2D" time="0.00200000000040745"/>
    <testcase classname="ds.table2D_smk" name="simple_table2D" time="0.000999999999748979"/>
    <testcase classname="ds.table2D_smk" name="simple_table2D" time="0.00199999999995271"/>
    <testcase classname="ds.table2D_smk" name="simple_table2D" time="0.00100000000020373"/>
    <testcase classname="ds.table2D_smk" name="simple_table2D" time="0.00199999999995271"/>
    <testcase classname="ds.table2D_smk" name="simple_table2D" time="0.000999999999748979"/>
    <testcase classname="ds.table2D_smk" name="simple_table2D" time="0.00200000000040745"/>
    <testcase classname="ds.table2D_smk" name="simple_table2D" time="0.00199999999995271"/>
    <testcase classname="ds.table2D_smk" name="simple_table2D" time="0.00199999999995271"/>
    <testcase classname="ds.table2D_smk" name="simple_table2D" time="0.000999999999748979"/>
    <testcase classname="ds.table2D_smk" name="simple_table2D" time="0.00199999999995271"/>
    <testcase classname="ds.table2D_smk" name="simple_table2D" time="0.00199999999995271"/>
    <testcase classname="ds.table2D_smk" name="simple_table2D" time="0.00200000000040745"/>
    <testcase classname="ds.table2D_smk" name="simple_table2D" time="0.000999999999748979"/>
    <testcase classname="ds.table2D_smk" name="simple_table2D" time="0.00199999999995271"/>
  </testsuite>
  <testsuite errors="0" failures="0" hostname="fv-az14" name="ds.table2D::smk::shutdown" skipped="0" tests="3" time="0.295" timestamp="2020-09-12T15:08:04Z">
    <testcase classname="ds.table2D_smk_shutdown" name="shutdown" time="0.291999999999916"/>
    <testcase classname="ds.table2D_smk_shutdown" name="shutdown" time="0.00100000000020373"/>
    <testcase classname="ds.table2D_smk_shutdown" name="shutdown" time="0.00199999999995271"/>
  </testsuite>
  <testsuite errors="0" failures="0" hostname="fv-az14" name="ds.table2D::smk::done" skipped="0" tests="0" time="0" timestamp="2020-09-12T15:08:05Z"/>
  <testsuite errors="0" failures="0" hostname="fv-az14" name="ds.table::smk::setup" skipped="0" tests="3" time="5.872" timestamp="2020-09-12T15:08:05Z">
    <testcase classname="ds.table_smk_setup" name="setup" time="5.86899999999969"/>
    <testcase classname="ds.table_smk_setup" name="setup" time="0.00100000000020373"/>
    <testcase classname="ds.table_smk_setup" name="setup" time="0.00199999999995271"/>
  </testsuite>
  <testsuite errors="0" failures="0" hostname="fv-az14" name="ds.table::smk::dataframe setup" skipped="0" tests="3" time="7.24" timestamp="2020-09-12T15:08:10Z">
    <testcase classname="ds.table_smk_dataframe_setup" name="simple_table_2D" time="7.23700000000008"/>
    <testcase classname="ds.table_smk_dataframe_setup" name="simple_table_2D" time="0.000999999999748979"/>
    <testcase classname="ds.table_smk_dataframe_setup" name="simple_table_2D" time="0.00199999999995271"/>
  </testsuite>
  <testsuite errors="0" failures="0" hostname="fv-az14" name="ds.table::smk" skipped="0" tests="9" time="0.591" timestamp="2020-09-12T15:08:17Z">
    <testcase classname="ds.table_smk" name="simple_table_1D" time="0.579000000000178"/>
    <testcase classname="ds.table_smk" name="simple_table_1D" time="0.00100000000020373"/>
    <testcase classname="ds.table_smk" name="simple_table_1D" time="0.00199999999995271"/>
    <testcase classname="ds.table_smk" name="simple_table_1D" time="0.000999999999748979"/>
    <testcase classname="ds.table_smk" name="simple_table_1D" time="0.00100000000020373"/>
    <testcase classname="ds.table_smk" name="simple_table_1D" time="0.00199999999995271"/>
    <testcase classname="ds.table_smk" name="simple_table_1D" time="0.000999999999748979"/>
    <testcase classname="ds.table_smk" name="simple_table_1D" time="0.00200000000040745"/>
    <testcase classname="ds.table_smk" name="simple_table_1D" time="0.00199999999995271"/>
  </testsuite>
  <testsuite errors="0" failures="0" hostname="fv-az14" name="ds.table::smk" skipped="0" tests="16" time="0.897" timestamp="2020-09-12T15:08:18Z">
    <testcase classname="ds.table_smk" name="simple_table_2D" time="0.873999999999796"/>
    <testcase classname="ds.table_smk" name="simple_table_2D" time="0.00100000000020373"/>
    <testcase classname="ds.table_smk" name="simple_table_2D" time="0.00199999999995271"/>
    <testcase classname="ds.table_smk" name="simple_table_2D" time="0.000999999999748979"/>
    <testcase classname="ds.table_smk" name="simple_table_2D" time="0.00199999999995271"/>
    <testcase classname="ds.table_smk" name="simple_table_2D" time="0.00100000000020373"/>
    <testcase classname="ds.table_smk" name="simple_table_2D" time="0.00100000000020373"/>
    <testcase classname="ds.table_smk" name="simple_table_2D" time="0.00199999999995271"/>
    <testcase classname="ds.table_smk" name="simple_table_2D" time="0.000999999999748979"/>
    <testcase classname="ds.table_smk" name="simple_table_2D" time="0.00199999999995271"/>
    <testcase classname="ds.table_smk" name="simple_table_2D" time="0.00100000000020373"/>
    <testcase classname="ds.table_smk" name="simple_table_2D" time="0.00199999999995271"/>
    <testcase classname="ds.table_smk" name="simple_table_2D" time="0.00100000000020373"/>
    <testcase classname="ds.table_smk" name="simple_table_2D" time="0.00199999999995271"/>
    <testcase classname="ds.table_smk" name="simple_table_2D" time="0.00199999999995271"/>
    <testcase classname="ds.table_smk" name="simple_table_2D" time="0.00199999999995271"/>
  </testsuite>
  <testsuite errors="0" failures="0" hostname="fv-az14" name="ds.table::smk" skipped="2" tests="22" time="3.7" timestamp="2020-09-12T15:08:19Z">
    <testcase classname="ds.table_smk" name="simple_table_3D" time="0.0169999999998254">
      <skipped/>
    </testcase>
    <testcase classname="ds.table_smk" name="simple_table_1D_with_assign" time="0.838000000000193"/>
    <testcase classname="ds.table_smk" name="simple_table_1D_with_assign" time="0.286999999999807"/>
    <testcase classname="ds.table_smk" name="simple_table_1D_with_assign" time="0.00100000000020373"/>
    <testcase classname="ds.table_smk" name="simple_table_1D_with_assign" time="0.00100000000020373"/>
    <testcase classname="ds.table_smk" name="simple_table_1D_with_assign" time="0.00199999999995271"/>
    <testcase classname="ds.table_smk" name="simple_table_1D_with_assign" time="0.00100000000020373"/>
    <testcase classname="ds.table_smk" name="simple_table_1D_with_assign" time="0.557999999999993"/>
    <testcase classname="ds.table_smk" name="simple_table_1D_with_assign" time="0.00199999999995271"/>
    <testcase classname="ds.table_smk" name="simple_table_1D_with_assign" time="0.00199999999995271"/>
    <testcase classname="ds.table_smk" name="simple_table_1D_with_assign" time="0.000999999999748979"/>
    <testcase classname="ds.table_smk" name="simple_table_2D_with_assign" time="1.13599999999997"/>
    <testcase classname="ds.table_smk" name="simple_table_2D_with_assign" time="0.280999999999949"/>
    <testcase classname="ds.table_smk" name="simple_table_2D_with_assign" time="0.00100000000020373"/>
    <testcase classname="ds.table_smk" name="simple_table_2D_with_assign" time="0.00199999999995271"/>
    <testcase classname="ds.table_smk" name="simple_table_2D_with_assign" time="0.00199999999995271"/>
    <testcase classname="ds.table_smk" name="simple_table_2D_with_assign" time="0.00199999999995271"/>
    <testcase classname="ds.table_smk" name="simple_table_2D_with_assign" time="0.557999999999993"/>
    <testcase classname="ds.table_smk" name="simple_table_2D_with_assign" time="0.00199999999995271"/>
    <testcase classname="ds.table_smk" name="simple_table_2D_with_assign" time="0.00200000000040745"/>
    <testcase classname="ds.table_smk" name="simple_table_2D_with_assign" time="0.00199999999995271"/>
    <testcase classname="ds.table_smk" name="simple_table_3D_with_assign" time="0.00199999999995271">
      <skipped/>
    </testcase>
  </testsuite>
  <testsuite errors="0" failures="0" hostname="fv-az14" name="ds.table::smk::shutdown" skipped="0" tests="3" time="0.311" timestamp="2020-09-12T15:08:23Z">
    <testcase classname="ds.table_smk_shutdown" name="shutdown" time="0.307999999999993"/>
    <testcase classname="ds.table_smk_shutdown" name="shutdown" time="0.000999999999748979"/>
    <testcase classname="ds.table_smk_shutdown" name="shutdown" time="0.00199999999995271"/>
  </testsuite>
  <testsuite errors="0" failures="0" hostname="fv-az14" name="ds.table::smk::done" skipped="0" tests="0" time="0" timestamp="2020-09-12T15:08:24Z"/>
  <testsuite errors="0" failures="0" hostname="fv-az14" name="ds.tapply.assign::smk::setup" skipped="0" tests="3" time="5.847" timestamp="2020-09-12T15:08:24Z">
    <testcase classname="ds.tapply.assign_smk_setup" name="setup" time="5.84400000000005"/>
    <testcase classname="ds.tapply.assign_smk_setup" name="setup" time="0.00199999999995271"/>
    <testcase classname="ds.tapply.assign_smk_setup" name="setup" time="0.00100000000020373"/>
  </testsuite>
  <testsuite errors="0" failures="0" hostname="fv-az14" name="ds.tapply.assign::smk::fun=mean" skipped="0" tests="8" time="2.288" timestamp="2020-09-12T15:08:30Z">
    <testcase classname="ds.tapply.assign_smk_fun_mean" name="simplest_ds.tapply.assign_fun_mean" time="1.9670000000001"/>
    <testcase classname="ds.tapply.assign_smk_fun_mean" name="simplest_ds.tapply.assign_fun_mean" time="0.00199999999995271"/>
    <testcase classname="ds.tapply.assign_smk_fun_mean" name="simplest_ds.tapply.assign_fun_mean" time="0.000999999999748979"/>
    <testcase classname="ds.tapply.assign_smk_fun_mean" name="simplest_ds.tapply.assign_fun_mean" time="0.312000000000353"/>
    <testcase classname="ds.tapply.assign_smk_fun_mean" name="simplest_ds.tapply.assign_fun_mean" time="0.00199999999995271"/>
    <testcase classname="ds.tapply.assign_smk_fun_mean" name="simplest_ds.tapply.assign_fun_mean" time="0.00199999999995271"/>
    <testcase classname="ds.tapply.assign_smk_fun_mean" name="simplest_ds.tapply.assign_fun_mean" time="0.000999999999748979"/>
    <testcase classname="ds.tapply.assign_smk_fun_mean" name="simplest_ds.tapply.assign_fun_mean" time="0.00100000000020373"/>
  </testsuite>
  <testsuite errors="0" failures="0" hostname="fv-az14" name="ds.tapply.assign::smk::fun=sd" skipped="0" tests="8" time="1.1" timestamp="2020-09-12T15:08:31Z">
    <testcase classname="ds.tapply.assign_smk_fun_sd" name="simplest_ds.tapply.assign_fun_sd" time="0.822999999999865"/>
    <testcase classname="ds.tapply.assign_smk_fun_sd" name="simplest_ds.tapply.assign_fun_sd" time="0.000999999999748979"/>
    <testcase classname="ds.tapply.assign_smk_fun_sd" name="simplest_ds.tapply.assign_fun_sd" time="0.00199999999995271"/>
    <testcase classname="ds.tapply.assign_smk_fun_sd" name="simplest_ds.tapply.assign_fun_sd" time="0.26700000000028"/>
    <testcase classname="ds.tapply.assign_smk_fun_sd" name="simplest_ds.tapply.assign_fun_sd" time="0.00199999999995271"/>
    <testcase classname="ds.tapply.assign_smk_fun_sd" name="simplest_ds.tapply.assign_fun_sd" time="0.00199999999995271"/>
    <testcase classname="ds.tapply.assign_smk_fun_sd" name="simplest_ds.tapply.assign_fun_sd" time="0.00100000000020373"/>
    <testcase classname="ds.tapply.assign_smk_fun_sd" name="simplest_ds.tapply.assign_fun_sd" time="0.00199999999995271"/>
  </testsuite>
  <testsuite errors="0" failures="0" hostname="fv-az14" name="ds.tapply.assign::smk::fun=sum" skipped="0" tests="8" time="1.379" timestamp="2020-09-12T15:08:32Z">
    <testcase classname="ds.tapply.assign_smk_fun_sum" name="simplest_ds.tapply.assign_fun_sum" time="1.10500000000002"/>
    <testcase classname="ds.tapply.assign_smk_fun_sum" name="simplest_ds.tapply.assign_fun_sum" time="0.00100000000020373"/>
    <testcase classname="ds.tapply.assign_smk_fun_sum" name="simplest_ds.tapply.assign_fun_sum" time="0.00199999999995271"/>
    <testcase classname="ds.tapply.assign_smk_fun_sum" name="simplest_ds.tapply.assign_fun_sum" time="0.264999999999873"/>
    <testcase classname="ds.tapply.assign_smk_fun_sum" name="simplest_ds.tapply.assign_fun_sum" time="0.00100000000020373"/>
    <testcase classname="ds.tapply.assign_smk_fun_sum" name="simplest_ds.tapply.assign_fun_sum" time="0.00199999999995271"/>
    <testcase classname="ds.tapply.assign_smk_fun_sum" name="simplest_ds.tapply.assign_fun_sum" time="0.000999999999748979"/>
    <testcase classname="ds.tapply.assign_smk_fun_sum" name="simplest_ds.tapply.assign_fun_sum" time="0.00199999999995271"/>
  </testsuite>
  <testsuite errors="0" failures="0" hostname="fv-az14" name="ds.tapply.assign::smk::fun=quantile" skipped="0" tests="8" time="1.092" timestamp="2020-09-12T15:08:33Z">
    <testcase classname="ds.tapply.assign_smk_fun_quantile" name="simplest_ds.tapply.assign_fun_quantile" time="0.815000000000055"/>
    <testcase classname="ds.tapply.assign_smk_fun_quantile" name="simplest_ds.tapply.assign_fun_quantile" time="0.00100000000020373"/>
    <testcase classname="ds.tapply.assign_smk_fun_quantile" name="simplest_ds.tapply.assign_fun_quantile" time="0.00199999999995271"/>
    <testcase classname="ds.tapply.assign_smk_fun_quantile" name="simplest_ds.tapply.assign_fun_quantile" time="0.266000000000076"/>
    <testcase classname="ds.tapply.assign_smk_fun_quantile" name="simplest_ds.tapply.assign_fun_quantile" time="0.00199999999995271"/>
    <testcase classname="ds.tapply.assign_smk_fun_quantile" name="simplest_ds.tapply.assign_fun_quantile" time="0.00199999999995271"/>
    <testcase classname="ds.tapply.assign_smk_fun_quantile" name="simplest_ds.tapply.assign_fun_quantile" time="0.00199999999995271"/>
    <testcase classname="ds.tapply.assign_smk_fun_quantile" name="simplest_ds.tapply.assign_fun_quantile" time="0.00199999999995271"/>
  </testsuite>
  <testsuite errors="0" failures="0" hostname="fv-az14" name="ds.tapply.assign::smk::shutdown" skipped="0" tests="3" time="0.3" timestamp="2020-09-12T15:08:35Z">
    <testcase classname="ds.tapply.assign_smk_shutdown" name="shutdown" time="0.297000000000025"/>
    <testcase classname="ds.tapply.assign_smk_shutdown" name="shutdown" time="0.00199999999995271"/>
    <testcase classname="ds.tapply.assign_smk_shutdown" name="shutdown" time="0.00100000000020373"/>
  </testsuite>
  <testsuite errors="0" failures="0" hostname="fv-az14" name="ds.tapply.assign::smk::done" skipped="0" tests="0" time="0" timestamp="2020-09-12T15:08:36Z"/>
  <testsuite errors="0" failures="0" hostname="fv-az14" name="ds.tapply::smk::setup" skipped="0" tests="3" time="5.529" timestamp="2020-09-12T15:08:36Z">
    <testcase classname="ds.tapply_smk_setup" name="setup" time="5.52599999999984"/>
    <testcase classname="ds.tapply_smk_setup" name="setup" time="0.00100000000020373"/>
    <testcase classname="ds.tapply_smk_setup" name="setup" time="0.00199999999995271"/>
  </testsuite>
  <testsuite errors="0" failures="0" hostname="fv-az14" name="ds.tapply::smk::fun=mean" skipped="0" tests="22" time="1.399" timestamp="2020-09-12T15:08:41Z">
    <testcase classname="ds.tapply_smk_fun_mean" name="simplest_ds.tapply_fun_mean" time="1.36999999999989"/>
    <testcase classname="ds.tapply_smk_fun_mean" name="simplest_ds.tapply_fun_mean" time="0.00100000000020373"/>
    <testcase classname="ds.tapply_smk_fun_mean" name="simplest_ds.tapply_fun_mean" time="0.000999999999748979"/>
    <testcase classname="ds.tapply_smk_fun_mean" name="simplest_ds.tapply_fun_mean" time="0.00100000000020373"/>
    <testcase classname="ds.tapply_smk_fun_mean" name="simplest_ds.tapply_fun_mean" time="0.00199999999995271"/>
    <testcase classname="ds.tapply_smk_fun_mean" name="simplest_ds.tapply_fun_mean" time="0.000999999999748979"/>
    <testcase classname="ds.tapply_smk_fun_mean" name="simplest_ds.tapply_fun_mean" time="0.00100000000020373"/>
    <testcase classname="ds.tapply_smk_fun_mean" name="simplest_ds.tapply_fun_mean" time="0.00199999999995271"/>
    <testcase classname="ds.tapply_smk_fun_mean" name="simplest_ds.tapply_fun_mean" time="0.00100000000020373"/>
    <testcase classname="ds.tapply_smk_fun_mean" name="simplest_ds.tapply_fun_mean" time="0.00199999999995271"/>
    <testcase classname="ds.tapply_smk_fun_mean" name="simplest_ds.tapply_fun_mean" time="0.000999999999748979"/>
    <testcase classname="ds.tapply_smk_fun_mean" name="simplest_ds.tapply_fun_mean" time="0.00100000000020373"/>
    <testcase classname="ds.tapply_smk_fun_mean" name="simplest_ds.tapply_fun_mean" time="0.00199999999995271"/>
    <testcase classname="ds.tapply_smk_fun_mean" name="simplest_ds.tapply_fun_mean" time="0.00100000000020373"/>
    <testcase classname="ds.tapply_smk_fun_mean" name="simplest_ds.tapply_fun_mean" time="0.00199999999995271"/>
    <testcase classname="ds.tapply_smk_fun_mean" name="simplest_ds.tapply_fun_mean" time="0.000999999999748979"/>
    <testcase classname="ds.tapply_smk_fun_mean" name="simplest_ds.tapply_fun_mean" time="0.00199999999995271"/>
    <testcase classname="ds.tapply_smk_fun_mean" name="simplest_ds.tapply_fun_mean" time="0.00100000000020373"/>
    <testcase classname="ds.tapply_smk_fun_mean" name="simplest_ds.tapply_fun_mean" time="0.00199999999995271"/>
    <testcase classname="ds.tapply_smk_fun_mean" name="simplest_ds.tapply_fun_mean" time="0.000999999999748979"/>
    <testcase classname="ds.tapply_smk_fun_mean" name="simplest_ds.tapply_fun_mean" time="0.00200000000040745"/>
    <testcase classname="ds.tapply_smk_fun_mean" name="simplest_ds.tapply_fun_mean" time="0.000999999999748979"/>
  </testsuite>
  <testsuite errors="0" failures="0" hostname="fv-az14" name="ds.tapply::smk::fun=sd" skipped="0" tests="22" time="0.359" timestamp="2020-09-12T15:08:42Z">
    <testcase classname="ds.tapply_smk_fun_sd" name="simplest_ds.tapply_fun_sd" time="0.327999999999975"/>
    <testcase classname="ds.tapply_smk_fun_sd" name="simplest_ds.tapply_fun_sd" time="0.00199999999995271"/>
    <testcase classname="ds.tapply_smk_fun_sd" name="simplest_ds.tapply_fun_sd" time="0.00100000000020373"/>
    <testcase classname="ds.tapply_smk_fun_sd" name="simplest_ds.tapply_fun_sd" time="0.000999999999748979"/>
    <testcase classname="ds.tapply_smk_fun_sd" name="simplest_ds.tapply_fun_sd" time="0.00200000000040745"/>
    <testcase classname="ds.tapply_smk_fun_sd" name="simplest_ds.tapply_fun_sd" time="0.000999999999748979"/>
    <testcase classname="ds.tapply_smk_fun_sd" name="simplest_ds.tapply_fun_sd" time="0.00100000000020373"/>
    <testcase classname="ds.tapply_smk_fun_sd" name="simplest_ds.tapply_fun_sd" time="0.00100000000020373"/>
    <testcase classname="ds.tapply_smk_fun_sd" name="simplest_ds.tapply_fun_sd" time="0.000999999999748979"/>
    <testcase classname="ds.tapply_smk_fun_sd" name="simplest_ds.tapply_fun_sd" time="0.00199999999995271"/>
    <testcase classname="ds.tapply_smk_fun_sd" name="simplest_ds.tapply_fun_sd" time="0.00100000000020373"/>
    <testcase classname="ds.tapply_smk_fun_sd" name="simplest_ds.tapply_fun_sd" time="0.00199999999995271"/>
    <testcase classname="ds.tapply_smk_fun_sd" name="simplest_ds.tapply_fun_sd" time="0.00199999999995271"/>
    <testcase classname="ds.tapply_smk_fun_sd" name="simplest_ds.tapply_fun_sd" time="0.00100000000020373"/>
    <testcase classname="ds.tapply_smk_fun_sd" name="simplest_ds.tapply_fun_sd" time="0.00199999999995271"/>
    <testcase classname="ds.tapply_smk_fun_sd" name="simplest_ds.tapply_fun_sd" time="0.00199999999995271"/>
    <testcase classname="ds.tapply_smk_fun_sd" name="simplest_ds.tapply_fun_sd" time="0.000999999999748979"/>
    <testcase classname="ds.tapply_smk_fun_sd" name="simplest_ds.tapply_fun_sd" time="0.00200000000040745"/>
    <testcase classname="ds.tapply_smk_fun_sd" name="simplest_ds.tapply_fun_sd" time="0.000999999999748979"/>
    <testcase classname="ds.tapply_smk_fun_sd" name="simplest_ds.tapply_fun_sd" time="0.00199999999995271"/>
    <testcase classname="ds.tapply_smk_fun_sd" name="simplest_ds.tapply_fun_sd" time="0.00199999999995271"/>
    <testcase classname="ds.tapply_smk_fun_sd" name="simplest_ds.tapply_fun_sd" time="0.00100000000020373"/>
  </testsuite>
  <testsuite errors="0" failures="0" hostname="fv-az14" name="ds.tapply::smk::fun=sum" skipped="0" tests="22" time="0.314" timestamp="2020-09-12T15:08:42Z">
    <testcase classname="ds.tapply_smk_fun_sum" name="simplest_ds.tapply_fun_sum" time="0.282999999999902"/>
    <testcase classname="ds.tapply_smk_fun_sum" name="simplest_ds.tapply_fun_sum" time="0.00199999999995271"/>
    <testcase classname="ds.tapply_smk_fun_sum" name="simplest_ds.tapply_fun_sum" time="0.00100000000020373"/>
    <testcase classname="ds.tapply_smk_fun_sum" name="simplest_ds.tapply_fun_sum" time="0.000999999999748979"/>
    <testcase classname="ds.tapply_smk_fun_sum" name="simplest_ds.tapply_fun_sum" time="0.00199999999995271"/>
    <testcase classname="ds.tapply_smk_fun_sum" name="simplest_ds.tapply_fun_sum" time="0.00100000000020373"/>
    <testcase classname="ds.tapply_smk_fun_sum" name="simplest_ds.tapply_fun_sum" time="0.000999999999748979"/>
    <testcase classname="ds.tapply_smk_fun_sum" name="simplest_ds.tapply_fun_sum" time="0.00200000000040745"/>
    <testcase classname="ds.tapply_smk_fun_sum" name="simplest_ds.tapply_fun_sum" time="0.000999999999748979"/>
    <testcase classname="ds.tapply_smk_fun_sum" name="simplest_ds.tapply_fun_sum" time="0.00100000000020373"/>
    <testcase classname="ds.tapply_smk_fun_sum" name="simplest_ds.tapply_fun_sum" time="0.00199999999995271"/>
    <testcase classname="ds.tapply_smk_fun_sum" name="simplest_ds.tapply_fun_sum" time="0.000999999999748979"/>
    <testcase classname="ds.tapply_smk_fun_sum" name="simplest_ds.tapply_fun_sum" time="0.00199999999995271"/>
    <testcase classname="ds.tapply_smk_fun_sum" name="simplest_ds.tapply_fun_sum" time="0.00100000000020373"/>
    <testcase classname="ds.tapply_smk_fun_sum" name="simplest_ds.tapply_fun_sum" time="0.00199999999995271"/>
    <testcase classname="ds.tapply_smk_fun_sum" name="simplest_ds.tapply_fun_sum" time="0.00100000000020373"/>
    <testcase classname="ds.tapply_smk_fun_sum" name="simplest_ds.tapply_fun_sum" time="0.000999999999748979"/>
    <testcase classname="ds.tapply_smk_fun_sum" name="simplest_ds.tapply_fun_sum" time="0.00199999999995271"/>
    <testcase classname="ds.tapply_smk_fun_sum" name="simplest_ds.tapply_fun_sum" time="0.00199999999995271"/>
    <testcase classname="ds.tapply_smk_fun_sum" name="simplest_ds.tapply_fun_sum" time="0.00100000000020373"/>
    <testcase classname="ds.tapply_smk_fun_sum" name="simplest_ds.tapply_fun_sum" time="0.00199999999995271"/>
    <testcase classname="ds.tapply_smk_fun_sum" name="simplest_ds.tapply_fun_sum" time="0.00199999999995271"/>
  </testsuite>
  <testsuite errors="0" failures="0" hostname="fv-az14" name="ds.tapply::smk::fun=quantile" skipped="0" tests="10" time="0.296" timestamp="2020-09-12T15:08:42Z">
    <testcase classname="ds.tapply_smk_fun_quantile" name="simplest_ds.tapply_fun_quantile" time="0.284000000000106"/>
    <testcase classname="ds.tapply_smk_fun_quantile" name="simplest_ds.tapply_fun_quantile" time="0.00199999999995271"/>
    <testcase classname="ds.tapply_smk_fun_quantile" name="simplest_ds.tapply_fun_quantile" time="0.00100000000020373"/>
    <testcase classname="ds.tapply_smk_fun_quantile" name="simplest_ds.tapply_fun_quantile" time="0.000999999999748979"/>
    <testcase classname="ds.tapply_smk_fun_quantile" name="simplest_ds.tapply_fun_quantile" time="0.00100000000020373"/>
    <testcase classname="ds.tapply_smk_fun_quantile" name="simplest_ds.tapply_fun_quantile" time="0.000999999999748979"/>
    <testcase classname="ds.tapply_smk_fun_quantile" name="simplest_ds.tapply_fun_quantile" time="0.000999999999748979"/>
    <testcase classname="ds.tapply_smk_fun_quantile" name="simplest_ds.tapply_fun_quantile" time="0.00100000000020373"/>
    <testcase classname="ds.tapply_smk_fun_quantile" name="simplest_ds.tapply_fun_quantile" time="0.00199999999995271"/>
    <testcase classname="ds.tapply_smk_fun_quantile" name="simplest_ds.tapply_fun_quantile" time="0.00199999999995271"/>
  </testsuite>
  <testsuite errors="0" failures="0" hostname="fv-az14" name="ds.tapply::smk::shutdown" skipped="0" tests="3" time="0.29" timestamp="2020-09-12T15:08:43Z">
    <testcase classname="ds.tapply_smk_shutdown" name="shutdown" time="0.287000000000262"/>
    <testcase classname="ds.tapply_smk_shutdown" name="shutdown" time="0.00199999999995271"/>
    <testcase classname="ds.tapply_smk_shutdown" name="shutdown" time="0.000999999999748979"/>
  </testsuite>
  <testsuite errors="0" failures="0" hostname="fv-az14" name="ds.tapply::smk::done" skipped="0" tests="0" time="0" timestamp="2020-09-12T15:08:44Z"/>
  <testsuite errors="0" failures="0" hostname="fv-az14" name="ds.testObjExists::smk::setup" skipped="0" tests="3" time="5.451" timestamp="2020-09-12T15:08:44Z">
    <testcase classname="ds.testObjExists_smk_setup" name="setup" time="5.44900000000007"/>
    <testcase classname="ds.testObjExists_smk_setup" name="setup" time="0.00100000000020373"/>
    <testcase classname="ds.testObjExists_smk_setup" name="setup" time="0.000999999999748979"/>
  </testsuite>
  <testsuite errors="0" failures="0" hostname="fv-az14" name="ds.testObjExists::smk::discordant" skipped="0" tests="20" time="0.65" timestamp="2020-09-12T15:08:49Z">
    <testcase classname="ds.testObjExists_smk_discordant" name="simple_testObjExists_discordant" time="0.348999999999705"/>
    <testcase classname="ds.testObjExists_smk_discordant" name="simple_testObjExists_discordant" time="0.00199999999995271"/>
    <testcase classname="ds.testObjExists_smk_discordant" name="data.frame_testObjExists_discordant" time="0.273000000000138"/>
    <testcase classname="ds.testObjExists_smk_discordant" name="data.frame_testObjExists_discordant" time="0.00100000000020373"/>
    <testcase classname="ds.testObjExists_smk_discordant" name="data.frame_testObjExists_discordant" time="0.00199999999995271"/>
    <testcase classname="ds.testObjExists_smk_discordant" name="data.frame_testObjExists_discordant" time="0.000999999999748979"/>
    <testcase classname="ds.testObjExists_smk_discordant" name="data.frame_testObjExists_discordant" time="0.00100000000020373"/>
    <testcase classname="ds.testObjExists_smk_discordant" name="data.frame_testObjExists_discordant" time="0.00199999999995271"/>
    <testcase classname="ds.testObjExists_smk_discordant" name="data.frame_testObjExists_discordant" time="0.00100000000020373"/>
    <testcase classname="ds.testObjExists_smk_discordant" name="data.frame_testObjExists_discordant" time="0.00199999999995271"/>
    <testcase classname="ds.testObjExists_smk_discordant" name="data.frame_testObjExists_discordant" time="0.000999999999748979"/>
    <testcase classname="ds.testObjExists_smk_discordant" name="data.frame_testObjExists_discordant" time="0.00199999999995271"/>
    <testcase classname="ds.testObjExists_smk_discordant" name="data.frame_testObjExists_discordant" time="0.00100000000020373"/>
    <testcase classname="ds.testObjExists_smk_discordant" name="data.frame_testObjExists_discordant" time="0.00199999999995271"/>
    <testcase classname="ds.testObjExists_smk_discordant" name="data.frame_testObjExists_discordant" time="0.00100000000020373"/>
    <testcase classname="ds.testObjExists_smk_discordant" name="data.frame_testObjExists_discordant" time="0.00199999999995271"/>
    <testcase classname="ds.testObjExists_smk_discordant" name="data.frame_testObjExists_discordant" time="0.000999999999748979"/>
    <testcase classname="ds.testObjExists_smk_discordant" name="data.frame_testObjExists_discordant" time="0.00199999999995271"/>
    <testcase classname="ds.testObjExists_smk_discordant" name="data.frame_testObjExists_discordant" time="0.00199999999995271"/>
    <testcase classname="ds.testObjExists_smk_discordant" name="data.frame_testObjExists_discordant" time="0.00200000000040745"/>
  </testsuite>
  <testsuite errors="0" failures="0" hostname="fv-az14" name="ds.testObjExists::smk::shutdown" skipped="0" tests="3" time="0.303" timestamp="2020-09-12T15:08:49Z">
    <testcase classname="ds.testObjExists_smk_shutdown" name="shutdown" time="0.300999999999931"/>
    <testcase classname="ds.testObjExists_smk_shutdown" name="shutdown" time="0.000999999999748979"/>
    <testcase classname="ds.testObjExists_smk_shutdown" name="shutdown" time="0.00100000000020373"/>
  </testsuite>
  <testsuite errors="0" failures="0" hostname="fv-az14" name="ds.testObjExists::smk::done" skipped="0" tests="0" time="0" timestamp="2020-09-12T15:08:50Z"/>
  <testsuite errors="0" failures="0" hostname="fv-az14" name="ds.testObjExists::smk::setup" skipped="0" tests="3" time="5.547" timestamp="2020-09-12T15:08:50Z">
    <testcase classname="ds.testObjExists_smk_setup" name="setup" time="5.54399999999987"/>
    <testcase classname="ds.testObjExists_smk_setup" name="setup" time="0.00199999999995271"/>
    <testcase classname="ds.testObjExists_smk_setup" name="setup" time="0.00100000000020373"/>
  </testsuite>
  <testsuite errors="0" failures="0" hostname="fv-az14" name="ds.testObjExists::smk" skipped="0" tests="40" time="3.925" timestamp="2020-09-12T15:08:55Z">
    <testcase classname="ds.testObjExists_smk" name="simple_testObjExists" time="0.283999999999651"/>
    <testcase classname="ds.testObjExists_smk" name="simple_testObjExists" time="0.00100000000020373"/>
    <testcase classname="ds.testObjExists_smk" name="data.frame_testObjExists" time="2.98300000000017"/>
    <testcase classname="ds.testObjExists_smk" name="data.frame_testObjExists" time="0.000999999999748979"/>
    <testcase classname="ds.testObjExists_smk" name="data.frame_testObjExists" time="0.300999999999931"/>
    <testcase classname="ds.testObjExists_smk" name="data.frame_testObjExists" time="0.00100000000020373"/>
    <testcase classname="ds.testObjExists_smk" name="data.frame_testObjExists" time="0.000999999999748979"/>
    <testcase classname="ds.testObjExists_smk" name="data.frame_testObjExists" time="0.00100000000020373"/>
    <testcase classname="ds.testObjExists_smk" name="data.frame_testObjExists" time="0.00199999999995271"/>
    <testcase classname="ds.testObjExists_smk" name="data.frame_testObjExists" time="0.00100000000020373"/>
    <testcase classname="ds.testObjExists_smk" name="data.frame_testObjExists" time="0.000999999999748979"/>
    <testcase classname="ds.testObjExists_smk" name="data.frame_testObjExists" time="0.00100000000020373"/>
    <testcase classname="ds.testObjExists_smk" name="data.frame_testObjExists" time="0.000999999999748979"/>
    <testcase classname="ds.testObjExists_smk" name="data.frame_testObjExists" time="0.000999999999748979"/>
    <testcase classname="ds.testObjExists_smk" name="data.frame_testObjExists" time="0.00100000000020373"/>
    <testcase classname="ds.testObjExists_smk" name="data.frame_testObjExists" time="0.00100000000020373"/>
    <testcase classname="ds.testObjExists_smk" name="data.frame_testObjExists" time="0.000999999999748979"/>
    <testcase classname="ds.testObjExists_smk" name="data.frame_testObjExists" time="0.000999999999748979"/>
    <testcase classname="ds.testObjExists_smk" name="data.frame_testObjExists" time="0.00199999999995271"/>
    <testcase classname="ds.testObjExists_smk" name="data.frame_testObjExists" time="0.00100000000020373"/>
    <testcase classname="ds.testObjExists_smk" name="data.frame_testObjExists" time="0.000999999999748979"/>
    <testcase classname="ds.testObjExists_smk" name="data.frame_testObjExists" time="0.00199999999995271"/>
    <testcase classname="ds.testObjExists_smk" name="data.frame_testObjExists" time="0.305000000000291"/>
    <testcase classname="ds.testObjExists_smk" name="data.frame_testObjExists" time="0.00199999999995271"/>
    <testcase classname="ds.testObjExists_smk" name="data.frame_testObjExists" time="0.00199999999995271"/>
    <testcase classname="ds.testObjExists_smk" name="data.frame_testObjExists" time="0.00100000000020373"/>
    <testcase classname="ds.testObjExists_smk" name="data.frame_testObjExists" time="0.00199999999995271"/>
    <testcase classname="ds.testObjExists_smk" name="data.frame_testObjExists" time="0.000999999999748979"/>
    <testcase classname="ds.testObjExists_smk" name="data.frame_testObjExists" time="0.00199999999995271"/>
    <testcase classname="ds.testObjExists_smk" name="data.frame_testObjExists" time="0.00100000000020373"/>
    <testcase classname="ds.testObjExists_smk" name="data.frame_testObjExists" time="0.00199999999995271"/>
    <testcase classname="ds.testObjExists_smk" name="data.frame_testObjExists" time="0.00199999999995271"/>
    <testcase classname="ds.testObjExists_smk" name="data.frame_testObjExists" time="0.00100000000020373"/>
    <testcase classname="ds.testObjExists_smk" name="data.frame_testObjExists" time="0.00299999999970169"/>
    <testcase classname="ds.testObjExists_smk" name="data.frame_testObjExists" time="0.00199999999995271"/>
    <testcase classname="ds.testObjExists_smk" name="data.frame_testObjExists" time="0.00100000000020373"/>
    <testcase classname="ds.testObjExists_smk" name="data.frame_testObjExists" time="0.000999999999748979"/>
    <testcase classname="ds.testObjExists_smk" name="data.frame_testObjExists" time="0.00199999999995271"/>
    <testcase classname="ds.testObjExists_smk" name="data.frame_testObjExists" time="0.00300000000015643"/>
    <testcase classname="ds.testObjExists_smk" name="data.frame_testObjExists" time="0.00199999999995271"/>
  </testsuite>
  <testsuite errors="0" failures="0" hostname="fv-az14" name="ds.testObjExists::smk::shutdown" skipped="0" tests="3" time="0.289" timestamp="2020-09-12T15:08:59Z">
    <testcase classname="ds.testObjExists_smk_shutdown" name="shutdown" time="0.286999999999807"/>
    <testcase classname="ds.testObjExists_smk_shutdown" name="shutdown" time="0.00100000000020373"/>
    <testcase classname="ds.testObjExists_smk_shutdown" name="shutdown" time="0.000999999999748979"/>
  </testsuite>
  <testsuite errors="0" failures="0" hostname="fv-az14" name="ds.testObjExists::smk::done" skipped="0" tests="0" time="0" timestamp="2020-09-12T15:09:00Z"/>
  <testsuite errors="0" failures="0" hostname="fv-az14" name="ds.unList::smk::setup" skipped="0" tests="3" time="5.934" timestamp="2020-09-12T15:09:00Z">
    <testcase classname="ds.unList_smk_setup" name="setup" time="5.93100000000004"/>
    <testcase classname="ds.unList_smk_setup" name="setup" time="0.00200000000040745"/>
    <testcase classname="ds.unList_smk_setup" name="setup" time="0.000999999999748979"/>
  </testsuite>
  <testsuite errors="0" failures="0" hostname="fv-az14" name="ds.unList::smk::simple test" skipped="0" tests="3" time="1.407" timestamp="2020-09-12T15:09:05Z">
    <testcase classname="ds.unList_smk_simple_test" name="simple_test" time="1.40200000000004"/>
    <testcase classname="ds.unList_smk_simple_test" name="simple_test" time="0.00300000000015643"/>
    <testcase classname="ds.unList_smk_simple_test" name="simple_test" time="0.00199999999995271"/>
  </testsuite>
  <testsuite errors="0" failures="0" hostname="fv-az14" name="ds.unList::smk::shutdown" skipped="0" tests="3" time="0.305" timestamp="2020-09-12T15:09:07Z">
    <testcase classname="ds.unList_smk_shutdown" name="shutdown" time="0.30199999999968"/>
    <testcase classname="ds.unList_smk_shutdown" name="shutdown" time="0.00100000000020373"/>
    <testcase classname="ds.unList_smk_shutdown" name="shutdown" time="0.00199999999995271"/>
  </testsuite>
  <testsuite errors="0" failures="0" hostname="fv-az14" name="ds.unList::smk::done" skipped="0" tests="0" time="0" timestamp="2020-09-12T15:09:08Z"/>
  <testsuite errors="0" failures="0" hostname="fv-az14" name="ds.var::smk::setup" skipped="0" tests="3" time="5.916" timestamp="2020-09-12T15:09:08Z">
    <testcase classname="ds.var_smk_setup" name="setup" time="5.91300000000001"/>
    <testcase classname="ds.var_smk_setup" name="setup" time="0.00199999999995271"/>
    <testcase classname="ds.var_smk_setup" name="setup" time="0.00100000000020373"/>
  </testsuite>
  <testsuite errors="0" failures="0" hostname="fv-az14" name="ds.var::smk::split" skipped="0" tests="19" time="0.329" timestamp="2020-09-12T15:09:13Z">
    <testcase classname="ds.var_smk_split" name="simple_var_split" time="0.297999999999774"/>
    <testcase classname="ds.var_smk_split" name="simple_var_split" time="0.00199999999995271"/>
    <testcase classname="ds.var_smk_split" name="simple_var_split" time="0.00100000000020373"/>
    <testcase classname="ds.var_smk_split" name="simple_var_split" time="0.00199999999995271"/>
    <testcase classname="ds.var_smk_split" name="simple_var_split" time="0.00199999999995271"/>
    <testcase classname="ds.var_smk_split" name="simple_var_split" time="0.00199999999995271"/>
    <testcase classname="ds.var_smk_split" name="simple_var_split" time="0.00100000000020373"/>
    <testcase classname="ds.var_smk_split" name="simple_var_split" time="0.00199999999995271"/>
    <testcase classname="ds.var_smk_split" name="simple_var_split" time="0.00199999999995271"/>
    <testcase classname="ds.var_smk_split" name="simple_var_split" time="0.000999999999748979"/>
    <testcase classname="ds.var_smk_split" name="simple_var_split" time="0.00200000000040745"/>
    <testcase classname="ds.var_smk_split" name="simple_var_split" time="0.00199999999995271"/>
    <testcase classname="ds.var_smk_split" name="simple_var_split" time="0.000999999999748979"/>
    <testcase classname="ds.var_smk_split" name="simple_var_split" time="0.00199999999995271"/>
    <testcase classname="ds.var_smk_split" name="simple_var_split" time="0.00199999999995271"/>
    <testcase classname="ds.var_smk_split" name="simple_var_split" time="0.00200000000040745"/>
    <testcase classname="ds.var_smk_split" name="simple_var_split" time="0.00199999999995271"/>
    <testcase classname="ds.var_smk_split" name="simple_var_split" time="0.000999999999748979"/>
    <testcase classname="ds.var_smk_split" name="simple_var_split" time="0.00199999999995271"/>
  </testsuite>
  <testsuite errors="0" failures="0" hostname="fv-az14" name="ds.var::smk::combine" skipped="0" tests="11" time="0.309" timestamp="2020-09-12T15:09:13Z">
    <testcase classname="ds.var_smk_combine" name="simple_var_combine" time="0.29300000000012"/>
    <testcase classname="ds.var_smk_combine" name="simple_var_combine" time="0.00199999999995271"/>
    <testcase classname="ds.var_smk_combine" name="simple_var_combine" time="0.00100000000020373"/>
    <testcase classname="ds.var_smk_combine" name="simple_var_combine" time="0.00199999999995271"/>
    <testcase classname="ds.var_smk_combine" name="simple_var_combine" time="0.00199999999995271"/>
    <testcase classname="ds.var_smk_combine" name="simple_var_combine" time="0.000999999999748979"/>
    <testcase classname="ds.var_smk_combine" name="simple_var_combine" time="0.00200000000040745"/>
    <testcase classname="ds.var_smk_combine" name="simple_var_combine" time="0.000999999999748979"/>
    <testcase classname="ds.var_smk_combine" name="simple_var_combine" time="0.00199999999995271"/>
    <testcase classname="ds.var_smk_combine" name="simple_var_combine" time="0.00199999999995271"/>
    <testcase classname="ds.var_smk_combine" name="simple_var_combine" time="0.00100000000020373"/>
  </testsuite>
  <testsuite errors="0" failures="0" hostname="fv-az14" name="ds.var::smk::both" skipped="0" tests="24" time="0.343" timestamp="2020-09-12T15:09:13Z">
    <testcase classname="ds.var_smk_both" name="simple_var_both" time="0.302999999999884"/>
    <testcase classname="ds.var_smk_both" name="simple_var_both" time="0.00199999999995271"/>
    <testcase classname="ds.var_smk_both" name="simple_var_both" time="0.00199999999995271"/>
    <testcase classname="ds.var_smk_both" name="simple_var_both" time="0.00100000000020373"/>
    <testcase classname="ds.var_smk_both" name="simple_var_both" time="0.00199999999995271"/>
    <testcase classname="ds.var_smk_both" name="simple_var_both" time="0.00100000000020373"/>
    <testcase classname="ds.var_smk_both" name="simple_var_both" time="0.00199999999995271"/>
    <testcase classname="ds.var_smk_both" name="simple_var_both" time="0.00199999999995271"/>
    <testcase classname="ds.var_smk_both" name="simple_var_both" time="0.000999999999748979"/>
    <testcase classname="ds.var_smk_both" name="simple_var_both" time="0.00199999999995271"/>
    <testcase classname="ds.var_smk_both" name="simple_var_both" time="0.00200000000040745"/>
    <testcase classname="ds.var_smk_both" name="simple_var_both" time="0.000999999999748979"/>
    <testcase classname="ds.var_smk_both" name="simple_var_both" time="0.00199999999995271"/>
    <testcase classname="ds.var_smk_both" name="simple_var_both" time="0.00199999999995271"/>
    <testcase classname="ds.var_smk_both" name="simple_var_both" time="0.00100000000020373"/>
    <testcase classname="ds.var_smk_both" name="simple_var_both" time="0.00199999999995271"/>
    <testcase classname="ds.var_smk_both" name="simple_var_both" time="0.00199999999995271"/>
    <testcase classname="ds.var_smk_both" name="simple_var_both" time="0.00199999999995271"/>
    <testcase classname="ds.var_smk_both" name="simple_var_both" time="0.00199999999995271"/>
    <testcase classname="ds.var_smk_both" name="simple_var_both" time="0.00100000000020373"/>
    <testcase classname="ds.var_smk_both" name="simple_var_both" time="0.00199999999995271"/>
    <testcase classname="ds.var_smk_both" name="simple_var_both" time="0.00199999999995271"/>
    <testcase classname="ds.var_smk_both" name="simple_var_both" time="0.00199999999995271"/>
    <testcase classname="ds.var_smk_both" name="simple_var_both" time="0.00199999999995271"/>
  </testsuite>
  <testsuite errors="0" failures="0" hostname="fv-az14" name="ds.var::smk::shutdown" skipped="0" tests="3" time="0.304" timestamp="2020-09-12T15:09:14Z">
    <testcase classname="ds.var_smk_shutdown" name="shutdown" time="0.300000000000182"/>
    <testcase classname="ds.var_smk_shutdown" name="shutdown" time="0.00199999999995271"/>
    <testcase classname="ds.var_smk_shutdown" name="shutdown" time="0.00199999999995271"/>
  </testsuite>
  <testsuite errors="0" failures="0" hostname="fv-az14" name="ds.var::smk::done" skipped="0" tests="0" time="0" timestamp="2020-09-12T15:09:15Z"/>
  <testsuite errors="0" failures="0" hostname="fv-az14" name="ds.vectorCalc::smk::setup" skipped="0" tests="3" time="5.751" timestamp="2020-09-12T15:09:15Z">
    <testcase classname="ds.vectorCalc_smk_setup" name="setup" time="5.7489999999998"/>
    <testcase classname="ds.vectorCalc_smk_setup" name="setup" time="0.00100000000020373"/>
    <testcase classname="ds.vectorCalc_smk_setup" name="setup" time="0.000999999999748979"/>
  </testsuite>
  <testsuite errors="0" failures="0" hostname="fv-az14" name="ds.vectorCalc::smk" skipped="0" tests="18" time="3.022" timestamp="2020-09-12T15:09:20Z">
    <testcase classname="ds.vectorCalc_smk" name="simple_test" time="0.0390000000002146"/>
    <testcase classname="ds.vectorCalc_smk" name="simple_test" time="2.15599999999995"/>
    <testcase classname="ds.vectorCalc_smk" name="simple_test" time="0.536000000000058"/>
    <testcase classname="ds.vectorCalc_smk" name="simple_test" time="0.000999999999748979"/>
    <testcase classname="ds.vectorCalc_smk" name="simple_test" time="0.00100000000020373"/>
    <testcase classname="ds.vectorCalc_smk" name="simple_test" time="0.00199999999995271"/>
    <testcase classname="ds.vectorCalc_smk" name="simple_test" time="0.000999999999748979"/>
    <testcase classname="ds.vectorCalc_smk" name="simple_test" time="0.00100000000020373"/>
    <testcase classname="ds.vectorCalc_smk" name="simple_test" time="0.00199999999995271"/>
    <testcase classname="ds.vectorCalc_smk" name="simple_test" time="0.271000000000186"/>
    <testcase classname="ds.vectorCalc_smk" name="simple_test" time="0.000999999999748979"/>
    <testcase classname="ds.vectorCalc_smk" name="simple_test" time="0.00199999999995271"/>
    <testcase classname="ds.vectorCalc_smk" name="simple_test" time="0.00199999999995271"/>
    <testcase classname="ds.vectorCalc_smk" name="simple_test" time="0.00100000000020373"/>
    <testcase classname="ds.vectorCalc_smk" name="simple_test" time="0.00199999999995271"/>
    <testcase classname="ds.vectorCalc_smk" name="simple_test" time="0.00199999999995271"/>
    <testcase classname="ds.vectorCalc_smk" name="simple_test" time="0.00100000000020373"/>
    <testcase classname="ds.vectorCalc_smk" name="simple_test" time="0.000999999999748979"/>
  </testsuite>
  <testsuite errors="0" failures="0" hostname="fv-az14" name="ds.vectorCalc::smk::shutdown" skipped="0" tests="3" time="0.286" timestamp="2020-09-12T15:09:23Z">
    <testcase classname="ds.vectorCalc_smk_shutdown" name="shutdown" time="0.283000000000357"/>
    <testcase classname="ds.vectorCalc_smk_shutdown" name="shutdown" time="0.00100000000020373"/>
    <testcase classname="ds.vectorCalc_smk_shutdown" name="shutdown" time="0.00199999999995271"/>
  </testsuite>
  <testsuite errors="0" failures="0" hostname="fv-az14" name="ds.vectorCalc::smk::done" skipped="0" tests="0" time="0" timestamp="2020-09-12T15:09:24Z"/>
  <testsuite errors="0" failures="0" hostname="fv-az14" name="ds.mean::smk_expt::type=combine" skipped="0" tests="1" time="5.69" timestamp="2020-09-12T15:09:29Z">
    <testcase classname="ds.mean_smk_expt_type_combine" name="mean_values_combine_" time="5.69000000000005"/>
  </testsuite>
  <testsuite errors="0" failures="0" hostname="fv-az14" name="ds.mean::smk_expt::type=split" skipped="0" tests="1" time="0.313" timestamp="2020-09-12T15:09:29Z">
    <testcase classname="ds.mean_smk_expt_type_split" name="mean_values_split_" time="0.312999999999647"/>
  </testsuite>
  <testsuite errors="0" failures="0" hostname="fv-az14" name="ds.mean::smk_expt::type=both" skipped="0" tests="1" time="0.318" timestamp="2020-09-12T15:09:29Z">
    <testcase classname="ds.mean_smk_expt_type_both" name="mean_values_both_" time="0.318000000000211"/>
  </testsuite>
  <testsuite errors="0" failures="0" hostname="fv-az14" name="ds.mean::smk_expt::type=combine" skipped="0" tests="1" time="0.343" timestamp="2020-09-12T15:09:29Z">
    <testcase classname="ds.mean_smk_expt_type_combine" name="mean_values_combine_" time="0.342999999999847"/>
  </testsuite>
  <testsuite errors="0" failures="0" hostname="fv-az14" name="ds.mean::smk_expt::type=split" skipped="0" tests="1" time="0.279" timestamp="2020-09-12T15:09:30Z">
    <testcase classname="ds.mean_smk_expt_type_split" name="mean_values_split_" time="0.278999999999996"/>
  </testsuite>
  <testsuite errors="0" failures="0" hostname="fv-az14" name="ds.mean::smk_expt::type=both" skipped="0" tests="1" time="0.28" timestamp="2020-09-12T15:09:30Z">
    <testcase classname="ds.mean_smk_expt_type_both" name="mean_values_both_" time="0.2800000000002"/>
  </testsuite>
  <testsuite errors="0" failures="0" hostname="fv-az14" name="ds.mean::smk_expt::type=combine" skipped="0" tests="1" time="0.293" timestamp="2020-09-12T15:09:30Z">
    <testcase classname="ds.mean_smk_expt_type_combine" name="mean_values_combine_" time="0.29300000000012"/>
  </testsuite>
  <testsuite errors="0" failures="0" hostname="fv-az14" name="ds.mean::smk_expt::type=split" skipped="0" tests="1" time="0.289" timestamp="2020-09-12T15:09:31Z">
    <testcase classname="ds.mean_smk_expt_type_split" name="mean_values_split_" time="0.28899999999976"/>
  </testsuite>
  <testsuite errors="0" failures="0" hostname="fv-az14" name="ds.mean::smk_expt::type=both" skipped="0" tests="1" time="0.294" timestamp="2020-09-12T15:09:31Z">
    <testcase classname="ds.mean_smk_expt_type_both" name="mean_values_both_" time="0.293999999999869"/>
  </testsuite>
  <testsuite errors="0" failures="0" hostname="fv-az14" name="ds.mean::smk_expt::type=combine" skipped="0" tests="1" time="0.305" timestamp="2020-09-12T15:09:31Z">
    <testcase classname="ds.mean_smk_expt_type_combine" name="mean_values_combine_" time="0.305000000000291"/>
  </testsuite>
  <testsuite errors="0" failures="0" hostname="fv-az14" name="ds.mean::smk_expt::type=split" skipped="0" tests="1" time="0.296" timestamp="2020-09-12T15:09:32Z">
    <testcase classname="ds.mean_smk_expt_type_split" name="mean_values_split_" time="0.295999999999822"/>
  </testsuite>
  <testsuite errors="0" failures="0" hostname="fv-az14" name="ds.mean::smk_expt::type=both" skipped="0" tests="1" time="0.299" timestamp="2020-09-12T15:09:32Z">
    <testcase classname="ds.mean_smk_expt_type_both" name="mean_values_both_" time="0.298999999999978"/>
  </testsuite>
  <testsuite errors="0" failures="0" hostname="fv-az14" name="ds.mean::smk_expt::type=combine" skipped="0" tests="1" time="0.296" timestamp="2020-09-12T15:09:32Z">
    <testcase classname="ds.mean_smk_expt_type_combine" name="mean_values_combine_" time="0.296000000000276"/>
  </testsuite>
  <testsuite errors="0" failures="0" hostname="fv-az14" name="ds.mean::smk_expt::type=split" skipped="0" tests="1" time="0.294" timestamp="2020-09-12T15:09:32Z">
    <testcase classname="ds.mean_smk_expt_type_split" name="mean_values_split_" time="0.293999999999869"/>
  </testsuite>
  <testsuite errors="0" failures="0" hostname="fv-az14" name="ds.mean::smk_expt::type=both" skipped="0" tests="1" time="0.305" timestamp="2020-09-12T15:09:33Z">
    <testcase classname="ds.mean_smk_expt_type_both" name="mean_values_both_" time="0.304999999999836"/>
  </testsuite>
  <testsuite errors="0" failures="0" hostname="fv-az14" name="ds.mean::smk_expt::type=combine" skipped="0" tests="1" time="1.132" timestamp="2020-09-12T15:09:33Z">
    <testcase classname="ds.mean_smk_expt_type_combine" name="mean_values_combine_" time="1.13200000000006"/>
  </testsuite>
  <testsuite errors="0" failures="0" hostname="fv-az14" name="ds.mean::smk_expt::type=split" skipped="0" tests="1" time="1.111" timestamp="2020-09-12T15:09:34Z">
    <testcase classname="ds.mean_smk_expt_type_split" name="mean_values_split_" time="1.11099999999988"/>
  </testsuite>
  <testsuite errors="0" failures="0" hostname="fv-az14" name="ds.mean::smk_expt::type=both" skipped="0" tests="1" time="1.107" timestamp="2020-09-12T15:09:35Z">
    <testcase classname="ds.mean_smk_expt_type_both" name="mean_values_both_" time="1.10699999999997"/>
  </testsuite>
  <testsuite errors="0" failures="0" hostname="fv-az14" name="ds.mean::smk_expt::type=combine" skipped="0" tests="1" time="1.101" timestamp="2020-09-12T15:09:36Z">
    <testcase classname="ds.mean_smk_expt_type_combine" name="mean_values_combine_" time="1.10100000000011"/>
  </testsuite>
  <testsuite errors="0" failures="0" hostname="fv-az14" name="ds.mean::smk_expt::type=split" skipped="0" tests="1" time="1.096" timestamp="2020-09-12T15:09:37Z">
    <testcase classname="ds.mean_smk_expt_type_split" name="mean_values_split_" time="1.096"/>
  </testsuite>
  <testsuite errors="0" failures="0" hostname="fv-az14" name="ds.mean::smk_expt::type=both" skipped="0" tests="1" time="1.11" timestamp="2020-09-12T15:09:39Z">
    <testcase classname="ds.mean_smk_expt_type_both" name="mean_values_both_" time="1.11000000000013"/>
  </testsuite>
  <testsuite errors="0" failures="0" hostname="fv-az14" name="ds.mean::smk_expt::type=combine" skipped="0" tests="1" time="1.099" timestamp="2020-09-12T15:09:40Z">
    <testcase classname="ds.mean_smk_expt_type_combine" name="mean_values_combine_" time="1.09900000000016"/>
  </testsuite>
  <testsuite errors="0" failures="0" hostname="fv-az14" name="ds.mean::smk_expt::type=split" skipped="0" tests="1" time="1.112" timestamp="2020-09-12T15:09:41Z">
    <testcase classname="ds.mean_smk_expt_type_split" name="mean_values_split_" time="1.11199999999963"/>
  </testsuite>
  <testsuite errors="0" failures="0" hostname="fv-az14" name="ds.mean::smk_expt::type=both" skipped="0" tests="1" time="1.078" timestamp="2020-09-12T15:09:42Z">
    <testcase classname="ds.mean_smk_expt_type_both" name="mean_values_both_" time="1.07799999999997"/>
  </testsuite>
  <testsuite errors="0" failures="0" hostname="fv-az14" name="ds.mean::smk_expt::type=combine" skipped="0" tests="1" time="1.144" timestamp="2020-09-12T15:09:43Z">
    <testcase classname="ds.mean_smk_expt_type_combine" name="mean_values_combine_" time="1.14399999999978"/>
  </testsuite>
  <testsuite errors="0" failures="0" hostname="fv-az14" name="ds.mean::smk_expt::type=split" skipped="0" tests="1" time="1.175" timestamp="2020-09-12T15:09:44Z">
    <testcase classname="ds.mean_smk_expt_type_split" name="mean_values_split_" time="1.17500000000018"/>
  </testsuite>
  <testsuite errors="0" failures="0" hostname="fv-az14" name="ds.mean::smk_expt::type=both" skipped="0" tests="1" time="1.1" timestamp="2020-09-12T15:09:45Z">
    <testcase classname="ds.mean_smk_expt_type_both" name="mean_values_both_" time="1.09999999999991"/>
  </testsuite>
  <testsuite errors="0" failures="0" hostname="fv-az14" name="ds.mean::smk_expt::type=combine" skipped="0" tests="1" time="1.095" timestamp="2020-09-12T15:09:46Z">
    <testcase classname="ds.mean_smk_expt_type_combine" name="mean_values_combine_" time="1.09500000000025"/>
  </testsuite>
  <testsuite errors="0" failures="0" hostname="fv-az14" name="ds.mean::smk_expt::type=split" skipped="0" tests="1" time="1.125" timestamp="2020-09-12T15:09:47Z">
    <testcase classname="ds.mean_smk_expt_type_split" name="mean_values_split_" time="1.125"/>
  </testsuite>
  <testsuite errors="0" failures="0" hostname="fv-az14" name="ds.mean::smk_expt::type=both" skipped="0" tests="1" time="1.112" timestamp="2020-09-12T15:09:49Z">
    <testcase classname="ds.mean_smk_expt_type_both" name="mean_values_both_" time="1.11199999999963"/>
  </testsuite>
  <testsuite errors="0" failures="0" hostname="fv-az14" name="ds.mean::smk_expt::type=combine" skipped="0" tests="1" time="1.095" timestamp="2020-09-12T15:09:50Z">
    <testcase classname="ds.mean_smk_expt_type_combine" name="mean_values_combine_" time="1.09500000000025"/>
  </testsuite>
  <testsuite errors="0" failures="0" hostname="fv-az14" name="ds.mean::smk_expt::type=split" skipped="0" tests="1" time="1.104" timestamp="2020-09-12T15:09:51Z">
    <testcase classname="ds.mean_smk_expt_type_split" name="mean_values_split_" time="1.10399999999981"/>
  </testsuite>
  <testsuite errors="0" failures="0" hostname="fv-az14" name="ds.mean::smk_expt::type=both" skipped="0" tests="1" time="1.106" timestamp="2020-09-12T15:09:52Z">
    <testcase classname="ds.mean_smk_expt_type_both" name="mean_values_both_" time="1.10600000000022"/>
  </testsuite>
  <testsuite errors="0" failures="0" hostname="fv-az14" name="vm-test::_::setup" skipped="0" tests="0" time="0" timestamp="2020-09-12T15:09:54Z"/>
  <testsuite errors="0" failures="0" hostname="fv-az14" name="vm-test::_::tests::vm" skipped="0" tests="1" time="1.155" timestamp="2020-09-12T15:09:54Z">
    <testcase classname="vm_test___tests_vm" name="The_virtual_machine_is_loaded._" time="1.15499999999975"/>
  </testsuite>
  <testsuite errors="0" failures="0" hostname="fv-az14" name="vm-test::_::shutdown" skipped="0" tests="0" time="0" timestamp="2020-09-12T15:09:54Z"/>
  <testsuite errors="0" failures="0" hostname="fv-az14" name="vm-test::_::done" skipped="0" tests="0" time="0" timestamp="2020-09-12T15:09:54Z"/>
  <testsuite errors="0" failures="0" hostname="fv-az14" name="ds.dataFrameSort::expt_dgr::setup" skipped="0" tests="0" time="0" timestamp="2020-09-12T15:12:09Z"/>
  <testsuite errors="0" failures="0" hostname="fv-az14" name="ds.dataFrameSort::expt_dgr::multiple::correct_parameter_class" skipped="0" tests="0" time="0" timestamp="2020-09-12T15:12:09Z"/>
  <testsuite errors="0" failures="0" hostname="fv-az14" name="ds.dataFrameSort::expt_dgr::single::correct_parameter_class" skipped="0" tests="0" time="0" timestamp="2020-09-12T15:13:01Z"/>
  <testsuite errors="0" failures="0" hostname="fv-az14" name="ds.dataFrameSort::expt_dgr::multiple::incorrect_parameter_class" skipped="0" tests="7" time="75.864" timestamp="2020-09-12T15:13:14Z">
    <testcase classname="ds.dataFrameSort_expt_dgr_multiple_incorrect_parameter_class" name="all_datasets" time="70.02"/>
    <testcase classname="ds.dataFrameSort_expt_dgr_multiple_incorrect_parameter_class" name="all_datasets" time="0.406999999999996"/>
    <testcase classname="ds.dataFrameSort_expt_dgr_multiple_incorrect_parameter_class" name="all_datasets" time="0.257999999999996"/>
    <testcase classname="ds.dataFrameSort_expt_dgr_multiple_incorrect_parameter_class" name="all_datasets" time="0.263000000000005"/>
    <testcase classname="ds.dataFrameSort_expt_dgr_multiple_incorrect_parameter_class" name="all_datasets" time="0.259999999999991"/>
    <testcase classname="ds.dataFrameSort_expt_dgr_multiple_incorrect_parameter_class" name="all_datasets" time="4.39200000000001"/>
    <testcase classname="ds.dataFrameSort_expt_dgr_multiple_incorrect_parameter_class" name="all_datasets" time="0.263999999999996"/>
  </testsuite>
  <testsuite errors="0" failures="0" hostname="fv-az14" name="ds.dataFrameSort::expt_dgr::single::incorrect_parameter_class" skipped="0" tests="7" time="6.051" timestamp="2020-09-12T15:13:24Z">
    <testcase classname="ds.dataFrameSort_expt_dgr_single_incorrect_parameter_class" name="dataset_2" time="3.63"/>
    <testcase classname="ds.dataFrameSort_expt_dgr_single_incorrect_parameter_class" name="dataset_2" time="0.278000000000006"/>
    <testcase classname="ds.dataFrameSort_expt_dgr_single_incorrect_parameter_class" name="dataset_2" time="0.239000000000004"/>
    <testcase classname="ds.dataFrameSort_expt_dgr_single_incorrect_parameter_class" name="dataset_2" time="0.241"/>
    <testcase classname="ds.dataFrameSort_expt_dgr_single_incorrect_parameter_class" name="dataset_2" time="0.242999999999995"/>
    <testcase classname="ds.dataFrameSort_expt_dgr_single_incorrect_parameter_class" name="dataset_2" time="1.184"/>
    <testcase classname="ds.dataFrameSort_expt_dgr_single_incorrect_parameter_class" name="dataset_2" time="0.236000000000004"/>
  </testsuite>
  <testsuite errors="0" failures="0" hostname="fv-az14" name="ds.dataFrameSort::expt_dgr::multiple::df::creation" skipped="0" tests="77" time="49.449" timestamp="2020-09-12T15:13:30Z">
    <testcase classname="ds.dataFrameSort_expt_dgr_multiple_df_creation" name="all_datasets" time="8.658"/>
    <testcase classname="ds.dataFrameSort_expt_dgr_multiple_df_creation" name="all_datasets" time="0.000999999999990564"/>
    <testcase classname="ds.dataFrameSort_expt_dgr_multiple_df_creation" name="all_datasets" time="0.00200000000000955"/>
    <testcase classname="ds.dataFrameSort_expt_dgr_multiple_df_creation" name="all_datasets" time="0.000999999999990564"/>
    <testcase classname="ds.dataFrameSort_expt_dgr_multiple_df_creation" name="all_datasets" time="0.00100000000000477"/>
    <testcase classname="ds.dataFrameSort_expt_dgr_multiple_df_creation" name="all_datasets" time="0.00100000000000477"/>
    <testcase classname="ds.dataFrameSort_expt_dgr_multiple_df_creation" name="all_datasets" time="0.00199999999999534"/>
    <testcase classname="ds.dataFrameSort_expt_dgr_multiple_df_creation" name="all_datasets" time="4.032"/>
    <testcase classname="ds.dataFrameSort_expt_dgr_multiple_df_creation" name="all_datasets" time="0.00200000000000955"/>
    <testcase classname="ds.dataFrameSort_expt_dgr_multiple_df_creation" name="all_datasets" time="0.000999999999990564"/>
    <testcase classname="ds.dataFrameSort_expt_dgr_multiple_df_creation" name="all_datasets" time="0.00200000000000955"/>
    <testcase classname="ds.dataFrameSort_expt_dgr_multiple_df_creation" name="all_datasets" time="0.000999999999990564"/>
    <testcase classname="ds.dataFrameSort_expt_dgr_multiple_df_creation" name="all_datasets" time="0.00200000000000955"/>
    <testcase classname="ds.dataFrameSort_expt_dgr_multiple_df_creation" name="all_datasets" time="0.000999999999990564"/>
    <testcase classname="ds.dataFrameSort_expt_dgr_multiple_df_creation" name="all_datasets" time="4.068"/>
    <testcase classname="ds.dataFrameSort_expt_dgr_multiple_df_creation" name="all_datasets" time="0.00100000000000477"/>
    <testcase classname="ds.dataFrameSort_expt_dgr_multiple_df_creation" name="all_datasets" time="0.00199999999999534"/>
    <testcase classname="ds.dataFrameSort_expt_dgr_multiple_df_creation" name="all_datasets" time="0.00100000000000477"/>
    <testcase classname="ds.dataFrameSort_expt_dgr_multiple_df_creation" name="all_datasets" time="0.00100000000000477"/>
    <testcase classname="ds.dataFrameSort_expt_dgr_multiple_df_creation" name="all_datasets" time="0.00199999999999534"/>
    <testcase classname="ds.dataFrameSort_expt_dgr_multiple_df_creation" name="all_datasets" time="0.00199999999999534"/>
    <testcase classname="ds.dataFrameSort_expt_dgr_multiple_df_creation" name="all_datasets" time="4.01300000000001"/>
    <testcase classname="ds.dataFrameSort_expt_dgr_multiple_df_creation" name="all_datasets" time="0.00100000000000477"/>
    <testcase classname="ds.dataFrameSort_expt_dgr_multiple_df_creation" name="all_datasets" time="0.00300000000000011"/>
    <testcase classname="ds.dataFrameSort_expt_dgr_multiple_df_creation" name="all_datasets" time="0.00199999999999534"/>
    <testcase classname="ds.dataFrameSort_expt_dgr_multiple_df_creation" name="all_datasets" time="0.00199999999999534"/>
    <testcase classname="ds.dataFrameSort_expt_dgr_multiple_df_creation" name="all_datasets" time="0.00100000000000477"/>
    <testcase classname="ds.dataFrameSort_expt_dgr_multiple_df_creation" name="all_datasets" time="0.00199999999999534"/>
    <testcase classname="ds.dataFrameSort_expt_dgr_multiple_df_creation" name="all_datasets" time="4.12100000000001"/>
    <testcase classname="ds.dataFrameSort_expt_dgr_multiple_df_creation" name="all_datasets" time="0.00199999999999534"/>
    <testcase classname="ds.dataFrameSort_expt_dgr_multiple_df_creation" name="all_datasets" time="0.00100000000000477"/>
    <testcase classname="ds.dataFrameSort_expt_dgr_multiple_df_creation" name="all_datasets" time="0.00199999999999534"/>
    <testcase classname="ds.dataFrameSort_expt_dgr_multiple_df_creation" name="all_datasets" time="0.00100000000000477"/>
    <testcase classname="ds.dataFrameSort_expt_dgr_multiple_df_creation" name="all_datasets" time="0.00199999999999534"/>
    <testcase classname="ds.dataFrameSort_expt_dgr_multiple_df_creation" name="all_datasets" time="0.00199999999999534"/>
    <testcase classname="ds.dataFrameSort_expt_dgr_multiple_df_creation" name="all_datasets" time="4.07700000000001"/>
    <testcase classname="ds.dataFrameSort_expt_dgr_multiple_df_creation" name="all_datasets" time="0.00300000000000011"/>
    <testcase classname="ds.dataFrameSort_expt_dgr_multiple_df_creation" name="all_datasets" time="0.00199999999999534"/>
    <testcase classname="ds.dataFrameSort_expt_dgr_multiple_df_creation" name="all_datasets" time="0.00199999999999534"/>
    <testcase classname="ds.dataFrameSort_expt_dgr_multiple_df_creation" name="all_datasets" time="0.00200000000000955"/>
    <testcase classname="ds.dataFrameSort_expt_dgr_multiple_df_creation" name="all_datasets" time="0.00199999999999534"/>
    <testcase classname="ds.dataFrameSort_expt_dgr_multiple_df_creation" name="all_datasets" time="0.00199999999999534"/>
    <testcase classname="ds.dataFrameSort_expt_dgr_multiple_df_creation" name="all_datasets" time="4.083"/>
    <testcase classname="ds.dataFrameSort_expt_dgr_multiple_df_creation" name="all_datasets" time="0.00200000000000955"/>
    <testcase classname="ds.dataFrameSort_expt_dgr_multiple_df_creation" name="all_datasets" time="0.00199999999999534"/>
    <testcase classname="ds.dataFrameSort_expt_dgr_multiple_df_creation" name="all_datasets" time="0.00199999999999534"/>
    <testcase classname="ds.dataFrameSort_expt_dgr_multiple_df_creation" name="all_datasets" time="0.00200000000000955"/>
    <testcase classname="ds.dataFrameSort_expt_dgr_multiple_df_creation" name="all_datasets" time="0.00199999999999534"/>
    <testcase classname="ds.dataFrameSort_expt_dgr_multiple_df_creation" name="all_datasets" time="0.00300000000000011"/>
    <testcase classname="ds.dataFrameSort_expt_dgr_multiple_df_creation" name="all_datasets" time="4.006"/>
    <testcase classname="ds.dataFrameSort_expt_dgr_multiple_df_creation" name="all_datasets" time="0.00199999999999534"/>
    <testcase classname="ds.dataFrameSort_expt_dgr_multiple_df_creation" name="all_datasets" time="0.00200000000000955"/>
    <testcase classname="ds.dataFrameSort_expt_dgr_multiple_df_creation" name="all_datasets" time="0.00199999999999534"/>
    <testcase classname="ds.dataFrameSort_expt_dgr_multiple_df_creation" name="all_datasets" time="0.00199999999999534"/>
    <testcase classname="ds.dataFrameSort_expt_dgr_multiple_df_creation" name="all_datasets" time="0.00200000000000955"/>
    <testcase classname="ds.dataFrameSort_expt_dgr_multiple_df_creation" name="all_datasets" time="0.00199999999999534"/>
    <testcase classname="ds.dataFrameSort_expt_dgr_multiple_df_creation" name="all_datasets" time="3.99499999999999"/>
    <testcase classname="ds.dataFrameSort_expt_dgr_multiple_df_creation" name="all_datasets" time="0.00200000000000955"/>
    <testcase classname="ds.dataFrameSort_expt_dgr_multiple_df_creation" name="all_datasets" time="0.00200000000000955"/>
    <testcase classname="ds.dataFrameSort_expt_dgr_multiple_df_creation" name="all_datasets" time="0.00199999999998113"/>
    <testcase classname="ds.dataFrameSort_expt_dgr_multiple_df_creation" name="all_datasets" time="0.00200000000000955"/>
    <testcase classname="ds.dataFrameSort_expt_dgr_multiple_df_creation" name="all_datasets" time="0.00200000000000955"/>
    <testcase classname="ds.dataFrameSort_expt_dgr_multiple_df_creation" name="all_datasets" time="0.00199999999998113"/>
    <testcase classname="ds.dataFrameSort_expt_dgr_multiple_df_creation" name="all_datasets" time="4.244"/>
    <testcase classname="ds.dataFrameSort_expt_dgr_multiple_df_creation" name="all_datasets" time="0.00200000000000955"/>
    <testcase classname="ds.dataFrameSort_expt_dgr_multiple_df_creation" name="all_datasets" time="0.0029999999999859"/>
    <testcase classname="ds.dataFrameSort_expt_dgr_multiple_df_creation" name="all_datasets" time="0.00200000000000955"/>
    <testcase classname="ds.dataFrameSort_expt_dgr_multiple_df_creation" name="all_datasets" time="0.00200000000000955"/>
    <testcase classname="ds.dataFrameSort_expt_dgr_multiple_df_creation" name="all_datasets" time="0.0029999999999859"/>
    <testcase classname="ds.dataFrameSort_expt_dgr_multiple_df_creation" name="all_datasets" time="0.00200000000000955"/>
    <testcase classname="ds.dataFrameSort_expt_dgr_multiple_df_creation" name="all_datasets" time="4.01999999999998"/>
    <testcase classname="ds.dataFrameSort_expt_dgr_multiple_df_creation" name="all_datasets" time="0.00300000000001432"/>
    <testcase classname="ds.dataFrameSort_expt_dgr_multiple_df_creation" name="all_datasets" time="0.00200000000000955"/>
    <testcase classname="ds.dataFrameSort_expt_dgr_multiple_df_creation" name="all_datasets" time="0.00199999999998113"/>
    <testcase classname="ds.dataFrameSort_expt_dgr_multiple_df_creation" name="all_datasets" time="0.0100000000000193"/>
    <testcase classname="ds.dataFrameSort_expt_dgr_multiple_df_creation" name="all_datasets" time="0.00199999999998113"/>
    <testcase classname="ds.dataFrameSort_expt_dgr_multiple_df_creation" name="all_datasets" time="0.00200000000000955"/>
  </testsuite>
  <testsuite errors="0" failures="0" hostname="fv-az14" name="ds.dataFrameSort::expt_dgr::single::df::creation" skipped="0" tests="33" time="34.903" timestamp="2020-09-12T15:14:20Z">
    <testcase classname="ds.dataFrameSort_expt_dgr_single_df_creation" name="dataset_3" time="6.59399999999999"/>
    <testcase classname="ds.dataFrameSort_expt_dgr_single_df_creation" name="dataset_3" time="0.00200000000000955"/>
    <testcase classname="ds.dataFrameSort_expt_dgr_single_df_creation" name="dataset_3" time="0.00100000000000477"/>
    <testcase classname="ds.dataFrameSort_expt_dgr_single_df_creation" name="dataset_3" time="2.84199999999998"/>
    <testcase classname="ds.dataFrameSort_expt_dgr_single_df_creation" name="dataset_3" time="0.00200000000000955"/>
    <testcase classname="ds.dataFrameSort_expt_dgr_single_df_creation" name="dataset_3" time="0.00100000000000477"/>
    <testcase classname="ds.dataFrameSort_expt_dgr_single_df_creation" name="dataset_3" time="2.863"/>
    <testcase classname="ds.dataFrameSort_expt_dgr_single_df_creation" name="dataset_3" time="0.00199999999998113"/>
    <testcase classname="ds.dataFrameSort_expt_dgr_single_df_creation" name="dataset_3" time="0.00100000000000477"/>
    <testcase classname="ds.dataFrameSort_expt_dgr_single_df_creation" name="dataset_3" time="2.81900000000002"/>
    <testcase classname="ds.dataFrameSort_expt_dgr_single_df_creation" name="dataset_3" time="0.00199999999998113"/>
    <testcase classname="ds.dataFrameSort_expt_dgr_single_df_creation" name="dataset_3" time="0.00100000000000477"/>
    <testcase classname="ds.dataFrameSort_expt_dgr_single_df_creation" name="dataset_3" time="2.822"/>
    <testcase classname="ds.dataFrameSort_expt_dgr_single_df_creation" name="dataset_3" time="0.00100000000000477"/>
    <testcase classname="ds.dataFrameSort_expt_dgr_single_df_creation" name="dataset_3" time="0.00199999999998113"/>
    <testcase classname="ds.dataFrameSort_expt_dgr_single_df_creation" name="dataset_3" time="2.83200000000002"/>
    <testcase classname="ds.dataFrameSort_expt_dgr_single_df_creation" name="dataset_3" time="0.00100000000000477"/>
    <testcase classname="ds.dataFrameSort_expt_dgr_single_df_creation" name="dataset_3" time="0.00199999999998113"/>
    <testcase classname="ds.dataFrameSort_expt_dgr_single_df_creation" name="dataset_3" time="2.80700000000002"/>
    <testcase classname="ds.dataFrameSort_expt_dgr_single_df_creation" name="dataset_3" time="0.000999999999976353"/>
    <testcase classname="ds.dataFrameSort_expt_dgr_single_df_creation" name="dataset_3" time="0.00200000000000955"/>
    <testcase classname="ds.dataFrameSort_expt_dgr_single_df_creation" name="dataset_3" time="2.84299999999999"/>
    <testcase classname="ds.dataFrameSort_expt_dgr_single_df_creation" name="dataset_3" time="0.00100000000000477"/>
    <testcase classname="ds.dataFrameSort_expt_dgr_single_df_creation" name="dataset_3" time="0.00200000000000955"/>
    <testcase classname="ds.dataFrameSort_expt_dgr_single_df_creation" name="dataset_3" time="2.803"/>
    <testcase classname="ds.dataFrameSort_expt_dgr_single_df_creation" name="dataset_3" time="0.00200000000000955"/>
    <testcase classname="ds.dataFrameSort_expt_dgr_single_df_creation" name="dataset_3" time="0.00199999999998113"/>
    <testcase classname="ds.dataFrameSort_expt_dgr_single_df_creation" name="dataset_3" time="2.809"/>
    <testcase classname="ds.dataFrameSort_expt_dgr_single_df_creation" name="dataset_3" time="0.00100000000000477"/>
    <testcase classname="ds.dataFrameSort_expt_dgr_single_df_creation" name="dataset_3" time="0.00200000000000955"/>
    <testcase classname="ds.dataFrameSort_expt_dgr_single_df_creation" name="dataset_3" time="2.834"/>
    <testcase classname="ds.dataFrameSort_expt_dgr_single_df_creation" name="dataset_3" time="0.0029999999999859"/>
    <testcase classname="ds.dataFrameSort_expt_dgr_single_df_creation" name="dataset_3" time="0.00100000000000477"/>
  </testsuite>
  <testsuite errors="0" failures="0" hostname="fv-az14" name="ds.dataFrameSort::expt_dgr::multiple::numeric::ascending" skipped="0" tests="99" time="41.136" timestamp="2020-09-12T15:14:55Z">
    <testcase classname="ds.dataFrameSort_expt_dgr_multiple_numeric_ascending" name="all_datasets" time="9.791"/>
    <testcase classname="ds.dataFrameSort_expt_dgr_multiple_numeric_ascending" name="all_datasets" time="0.00100000000000477"/>
    <testcase classname="ds.dataFrameSort_expt_dgr_multiple_numeric_ascending" name="all_datasets" time="0.00100000000000477"/>
    <testcase classname="ds.dataFrameSort_expt_dgr_multiple_numeric_ascending" name="all_datasets" time="0.00199999999998113"/>
    <testcase classname="ds.dataFrameSort_expt_dgr_multiple_numeric_ascending" name="all_datasets" time="0.00100000000000477"/>
    <testcase classname="ds.dataFrameSort_expt_dgr_multiple_numeric_ascending" name="all_datasets" time="0.00100000000000477"/>
    <testcase classname="ds.dataFrameSort_expt_dgr_multiple_numeric_ascending" name="all_datasets" time="0.271000000000015"/>
    <testcase classname="ds.dataFrameSort_expt_dgr_multiple_numeric_ascending" name="all_datasets" time="0.000999999999976353"/>
    <testcase classname="ds.dataFrameSort_expt_dgr_multiple_numeric_ascending" name="all_datasets" time="0.00200000000000955"/>
    <testcase classname="ds.dataFrameSort_expt_dgr_multiple_numeric_ascending" name="all_datasets" time="2.83199999999999"/>
    <testcase classname="ds.dataFrameSort_expt_dgr_multiple_numeric_ascending" name="all_datasets" time="0.00100000000000477"/>
    <testcase classname="ds.dataFrameSort_expt_dgr_multiple_numeric_ascending" name="all_datasets" time="0.00200000000000955"/>
    <testcase classname="ds.dataFrameSort_expt_dgr_multiple_numeric_ascending" name="all_datasets" time="0.00100000000000477"/>
    <testcase classname="ds.dataFrameSort_expt_dgr_multiple_numeric_ascending" name="all_datasets" time="0.00199999999998113"/>
    <testcase classname="ds.dataFrameSort_expt_dgr_multiple_numeric_ascending" name="all_datasets" time="0.00100000000000477"/>
    <testcase classname="ds.dataFrameSort_expt_dgr_multiple_numeric_ascending" name="all_datasets" time="0.265000000000015"/>
    <testcase classname="ds.dataFrameSort_expt_dgr_multiple_numeric_ascending" name="all_datasets" time="0.00199999999998113"/>
    <testcase classname="ds.dataFrameSort_expt_dgr_multiple_numeric_ascending" name="all_datasets" time="0.00100000000000477"/>
    <testcase classname="ds.dataFrameSort_expt_dgr_multiple_numeric_ascending" name="all_datasets" time="2.78"/>
    <testcase classname="ds.dataFrameSort_expt_dgr_multiple_numeric_ascending" name="all_datasets" time="0.00200000000000955"/>
    <testcase classname="ds.dataFrameSort_expt_dgr_multiple_numeric_ascending" name="all_datasets" time="0.000999999999976353"/>
    <testcase classname="ds.dataFrameSort_expt_dgr_multiple_numeric_ascending" name="all_datasets" time="0.00200000000000955"/>
    <testcase classname="ds.dataFrameSort_expt_dgr_multiple_numeric_ascending" name="all_datasets" time="0.00200000000000955"/>
    <testcase classname="ds.dataFrameSort_expt_dgr_multiple_numeric_ascending" name="all_datasets" time="0.00100000000000477"/>
    <testcase classname="ds.dataFrameSort_expt_dgr_multiple_numeric_ascending" name="all_datasets" time="0.264999999999986"/>
    <testcase classname="ds.dataFrameSort_expt_dgr_multiple_numeric_ascending" name="all_datasets" time="0.00200000000000955"/>
    <testcase classname="ds.dataFrameSort_expt_dgr_multiple_numeric_ascending" name="all_datasets" time="0.00199999999998113"/>
    <testcase classname="ds.dataFrameSort_expt_dgr_multiple_numeric_ascending" name="all_datasets" time="2.774"/>
    <testcase classname="ds.dataFrameSort_expt_dgr_multiple_numeric_ascending" name="all_datasets" time="0.00200000000000955"/>
    <testcase classname="ds.dataFrameSort_expt_dgr_multiple_numeric_ascending" name="all_datasets" time="0.00200000000000955"/>
    <testcase classname="ds.dataFrameSort_expt_dgr_multiple_numeric_ascending" name="all_datasets" time="0.00199999999998113"/>
    <testcase classname="ds.dataFrameSort_expt_dgr_multiple_numeric_ascending" name="all_datasets" time="0.00200000000000955"/>
    <testcase classname="ds.dataFrameSort_expt_dgr_multiple_numeric_ascending" name="all_datasets" time="0.00100000000000477"/>
    <testcase classname="ds.dataFrameSort_expt_dgr_multiple_numeric_ascending" name="all_datasets" time="0.275999999999982"/>
    <testcase classname="ds.dataFrameSort_expt_dgr_multiple_numeric_ascending" name="all_datasets" time="0.00200000000000955"/>
    <testcase classname="ds.dataFrameSort_expt_dgr_multiple_numeric_ascending" name="all_datasets" time="0.00200000000000955"/>
    <testcase classname="ds.dataFrameSort_expt_dgr_multiple_numeric_ascending" name="all_datasets" time="2.87099999999998"/>
    <testcase classname="ds.dataFrameSort_expt_dgr_multiple_numeric_ascending" name="all_datasets" time="0.00200000000000955"/>
    <testcase classname="ds.dataFrameSort_expt_dgr_multiple_numeric_ascending" name="all_datasets" time="0.00200000000000955"/>
    <testcase classname="ds.dataFrameSort_expt_dgr_multiple_numeric_ascending" name="all_datasets" time="0.00199999999998113"/>
    <testcase classname="ds.dataFrameSort_expt_dgr_multiple_numeric_ascending" name="all_datasets" time="0.00200000000000955"/>
    <testcase classname="ds.dataFrameSort_expt_dgr_multiple_numeric_ascending" name="all_datasets" time="0.00200000000000955"/>
    <testcase classname="ds.dataFrameSort_expt_dgr_multiple_numeric_ascending" name="all_datasets" time="0.275000000000006"/>
    <testcase classname="ds.dataFrameSort_expt_dgr_multiple_numeric_ascending" name="all_datasets" time="0.00199999999998113"/>
    <testcase classname="ds.dataFrameSort_expt_dgr_multiple_numeric_ascending" name="all_datasets" time="0.00200000000000955"/>
    <testcase classname="ds.dataFrameSort_expt_dgr_multiple_numeric_ascending" name="all_datasets" time="2.79900000000001"/>
    <testcase classname="ds.dataFrameSort_expt_dgr_multiple_numeric_ascending" name="all_datasets" time="0.00199999999998113"/>
    <testcase classname="ds.dataFrameSort_expt_dgr_multiple_numeric_ascending" name="all_datasets" time="0.00200000000000955"/>
    <testcase classname="ds.dataFrameSort_expt_dgr_multiple_numeric_ascending" name="all_datasets" time="0.00200000000000955"/>
    <testcase classname="ds.dataFrameSort_expt_dgr_multiple_numeric_ascending" name="all_datasets" time="0.00199999999998113"/>
    <testcase classname="ds.dataFrameSort_expt_dgr_multiple_numeric_ascending" name="all_datasets" time="0.00200000000000955"/>
    <testcase classname="ds.dataFrameSort_expt_dgr_multiple_numeric_ascending" name="all_datasets" time="0.271999999999991"/>
    <testcase classname="ds.dataFrameSort_expt_dgr_multiple_numeric_ascending" name="all_datasets" time="0.00300000000001432"/>
    <testcase classname="ds.dataFrameSort_expt_dgr_multiple_numeric_ascending" name="all_datasets" time="0.00199999999998113"/>
    <testcase classname="ds.dataFrameSort_expt_dgr_multiple_numeric_ascending" name="all_datasets" time="2.792"/>
    <testcase classname="ds.dataFrameSort_expt_dgr_multiple_numeric_ascending" name="all_datasets" time="0.00200000000000955"/>
    <testcase classname="ds.dataFrameSort_expt_dgr_multiple_numeric_ascending" name="all_datasets" time="0.00200000000000955"/>
    <testcase classname="ds.dataFrameSort_expt_dgr_multiple_numeric_ascending" name="all_datasets" time="0.00199999999998113"/>
    <testcase classname="ds.dataFrameSort_expt_dgr_multiple_numeric_ascending" name="all_datasets" time="0.00200000000000955"/>
    <testcase classname="ds.dataFrameSort_expt_dgr_multiple_numeric_ascending" name="all_datasets" time="0.00200000000000955"/>
    <testcase classname="ds.dataFrameSort_expt_dgr_multiple_numeric_ascending" name="all_datasets" time="0.272999999999996"/>
    <testcase classname="ds.dataFrameSort_expt_dgr_multiple_numeric_ascending" name="all_datasets" time="0.0029999999999859"/>
    <testcase classname="ds.dataFrameSort_expt_dgr_multiple_numeric_ascending" name="all_datasets" time="0.00200000000000955"/>
    <testcase classname="ds.dataFrameSort_expt_dgr_multiple_numeric_ascending" name="all_datasets" time="2.82499999999999"/>
    <testcase classname="ds.dataFrameSort_expt_dgr_multiple_numeric_ascending" name="all_datasets" time="0.00200000000000955"/>
    <testcase classname="ds.dataFrameSort_expt_dgr_multiple_numeric_ascending" name="all_datasets" time="0.00200000000000955"/>
    <testcase classname="ds.dataFrameSort_expt_dgr_multiple_numeric_ascending" name="all_datasets" time="0.0029999999999859"/>
    <testcase classname="ds.dataFrameSort_expt_dgr_multiple_numeric_ascending" name="all_datasets" time="0.00300000000001432"/>
    <testcase classname="ds.dataFrameSort_expt_dgr_multiple_numeric_ascending" name="all_datasets" time="0.00199999999998113"/>
    <testcase classname="ds.dataFrameSort_expt_dgr_multiple_numeric_ascending" name="all_datasets" time="0.271000000000015"/>
    <testcase classname="ds.dataFrameSort_expt_dgr_multiple_numeric_ascending" name="all_datasets" time="0.00200000000000955"/>
    <testcase classname="ds.dataFrameSort_expt_dgr_multiple_numeric_ascending" name="all_datasets" time="0.0029999999999859"/>
    <testcase classname="ds.dataFrameSort_expt_dgr_multiple_numeric_ascending" name="all_datasets" time="2.84299999999999"/>
    <testcase classname="ds.dataFrameSort_expt_dgr_multiple_numeric_ascending" name="all_datasets" time="0.00300000000001432"/>
    <testcase classname="ds.dataFrameSort_expt_dgr_multiple_numeric_ascending" name="all_datasets" time="0.00200000000000955"/>
    <testcase classname="ds.dataFrameSort_expt_dgr_multiple_numeric_ascending" name="all_datasets" time="0.00199999999998113"/>
    <testcase classname="ds.dataFrameSort_expt_dgr_multiple_numeric_ascending" name="all_datasets" time="0.00300000000001432"/>
    <testcase classname="ds.dataFrameSort_expt_dgr_multiple_numeric_ascending" name="all_datasets" time="0.00199999999998113"/>
    <testcase classname="ds.dataFrameSort_expt_dgr_multiple_numeric_ascending" name="all_datasets" time="0.27200000000002"/>
    <testcase classname="ds.dataFrameSort_expt_dgr_multiple_numeric_ascending" name="all_datasets" time="0.00199999999998113"/>
    <testcase classname="ds.dataFrameSort_expt_dgr_multiple_numeric_ascending" name="all_datasets" time="0.00300000000001432"/>
    <testcase classname="ds.dataFrameSort_expt_dgr_multiple_numeric_ascending" name="all_datasets" time="2.85899999999998"/>
    <testcase classname="ds.dataFrameSort_expt_dgr_multiple_numeric_ascending" name="all_datasets" time="0.00300000000001432"/>
    <testcase classname="ds.dataFrameSort_expt_dgr_multiple_numeric_ascending" name="all_datasets" time="0.00399999999999068"/>
    <testcase classname="ds.dataFrameSort_expt_dgr_multiple_numeric_ascending" name="all_datasets" time="0.00300000000001432"/>
    <testcase classname="ds.dataFrameSort_expt_dgr_multiple_numeric_ascending" name="all_datasets" time="0.00399999999999068"/>
    <testcase classname="ds.dataFrameSort_expt_dgr_multiple_numeric_ascending" name="all_datasets" time="0.00499999999999545"/>
    <testcase classname="ds.dataFrameSort_expt_dgr_multiple_numeric_ascending" name="all_datasets" time="0.27200000000002"/>
    <testcase classname="ds.dataFrameSort_expt_dgr_multiple_numeric_ascending" name="all_datasets" time="0.00399999999999068"/>
    <testcase classname="ds.dataFrameSort_expt_dgr_multiple_numeric_ascending" name="all_datasets" time="0.00399999999999068"/>
    <testcase classname="ds.dataFrameSort_expt_dgr_multiple_numeric_ascending" name="all_datasets" time="2.81700000000001"/>
    <testcase classname="ds.dataFrameSort_expt_dgr_multiple_numeric_ascending" name="all_datasets" time="0.00200000000000955"/>
    <testcase classname="ds.dataFrameSort_expt_dgr_multiple_numeric_ascending" name="all_datasets" time="0.0029999999999859"/>
    <testcase classname="ds.dataFrameSort_expt_dgr_multiple_numeric_ascending" name="all_datasets" time="0.00200000000000955"/>
    <testcase classname="ds.dataFrameSort_expt_dgr_multiple_numeric_ascending" name="all_datasets" time="0.0029999999999859"/>
    <testcase classname="ds.dataFrameSort_expt_dgr_multiple_numeric_ascending" name="all_datasets" time="0.00300000000001432"/>
    <testcase classname="ds.dataFrameSort_expt_dgr_multiple_numeric_ascending" name="all_datasets" time="0.272999999999996"/>
    <testcase classname="ds.dataFrameSort_expt_dgr_multiple_numeric_ascending" name="all_datasets" time="0.0029999999999859"/>
    <testcase classname="ds.dataFrameSort_expt_dgr_multiple_numeric_ascending" name="all_datasets" time="0.00300000000001432"/>
  </testsuite>
  <testsuite errors="0" failures="0" hostname="fv-az14" name="ds.dataFrameSort::expt_dgr::single::numeric::ascending" skipped="0" tests="33" time="30.486" timestamp="2020-09-12T15:15:36Z">
    <testcase classname="ds.dataFrameSort_expt_dgr_single_numeric_ascending" name="dataset_1" time="6.548"/>
    <testcase classname="ds.dataFrameSort_expt_dgr_single_numeric_ascending" name="dataset_1" time="0.00199999999998113"/>
    <testcase classname="ds.dataFrameSort_expt_dgr_single_numeric_ascending" name="dataset_1" time="0.247000000000014"/>
    <testcase classname="ds.dataFrameSort_expt_dgr_single_numeric_ascending" name="dataset_1" time="2.124"/>
    <testcase classname="ds.dataFrameSort_expt_dgr_single_numeric_ascending" name="dataset_1" time="0.00200000000000955"/>
    <testcase classname="ds.dataFrameSort_expt_dgr_single_numeric_ascending" name="dataset_1" time="0.240999999999985"/>
    <testcase classname="ds.dataFrameSort_expt_dgr_single_numeric_ascending" name="dataset_1" time="2.124"/>
    <testcase classname="ds.dataFrameSort_expt_dgr_single_numeric_ascending" name="dataset_1" time="0.00100000000000477"/>
    <testcase classname="ds.dataFrameSort_expt_dgr_single_numeric_ascending" name="dataset_1" time="0.242000000000019"/>
    <testcase classname="ds.dataFrameSort_expt_dgr_single_numeric_ascending" name="dataset_1" time="2.12199999999999"/>
    <testcase classname="ds.dataFrameSort_expt_dgr_single_numeric_ascending" name="dataset_1" time="0.00100000000000477"/>
    <testcase classname="ds.dataFrameSort_expt_dgr_single_numeric_ascending" name="dataset_1" time="0.239000000000004"/>
    <testcase classname="ds.dataFrameSort_expt_dgr_single_numeric_ascending" name="dataset_1" time="2.16299999999998"/>
    <testcase classname="ds.dataFrameSort_expt_dgr_single_numeric_ascending" name="dataset_1" time="0.00100000000000477"/>
    <testcase classname="ds.dataFrameSort_expt_dgr_single_numeric_ascending" name="dataset_1" time="0.240000000000009"/>
    <testcase classname="ds.dataFrameSort_expt_dgr_single_numeric_ascending" name="dataset_1" time="2.12199999999999"/>
    <testcase classname="ds.dataFrameSort_expt_dgr_single_numeric_ascending" name="dataset_1" time="0.00100000000000477"/>
    <testcase classname="ds.dataFrameSort_expt_dgr_single_numeric_ascending" name="dataset_1" time="0.236000000000018"/>
    <testcase classname="ds.dataFrameSort_expt_dgr_single_numeric_ascending" name="dataset_1" time="2.11599999999999"/>
    <testcase classname="ds.dataFrameSort_expt_dgr_single_numeric_ascending" name="dataset_1" time="0.00200000000000955"/>
    <testcase classname="ds.dataFrameSort_expt_dgr_single_numeric_ascending" name="dataset_1" time="0.24199999999999"/>
    <testcase classname="ds.dataFrameSort_expt_dgr_single_numeric_ascending" name="dataset_1" time="2.12"/>
    <testcase classname="ds.dataFrameSort_expt_dgr_single_numeric_ascending" name="dataset_1" time="0.00200000000000955"/>
    <testcase classname="ds.dataFrameSort_expt_dgr_single_numeric_ascending" name="dataset_1" time="0.238999999999976"/>
    <testcase classname="ds.dataFrameSort_expt_dgr_single_numeric_ascending" name="dataset_1" time="2.13800000000001"/>
    <testcase classname="ds.dataFrameSort_expt_dgr_single_numeric_ascending" name="dataset_1" time="0.00100000000000477"/>
    <testcase classname="ds.dataFrameSort_expt_dgr_single_numeric_ascending" name="dataset_1" time="0.238"/>
    <testcase classname="ds.dataFrameSort_expt_dgr_single_numeric_ascending" name="dataset_1" time="2.113"/>
    <testcase classname="ds.dataFrameSort_expt_dgr_single_numeric_ascending" name="dataset_1" time="0.00200000000000955"/>
    <testcase classname="ds.dataFrameSort_expt_dgr_single_numeric_ascending" name="dataset_1" time="0.239000000000004"/>
    <testcase classname="ds.dataFrameSort_expt_dgr_single_numeric_ascending" name="dataset_1" time="2.13299999999998"/>
    <testcase classname="ds.dataFrameSort_expt_dgr_single_numeric_ascending" name="dataset_1" time="0.00300000000001432"/>
    <testcase classname="ds.dataFrameSort_expt_dgr_single_numeric_ascending" name="dataset_1" time="0.24199999999999"/>
  </testsuite>
  <testsuite errors="0" failures="0" hostname="fv-az14" name="ds.dataFrameSort::expt_dgr::multiple::numeric::descending" skipped="0" tests="99" time="41.152" timestamp="2020-09-12T15:16:06Z">
    <testcase classname="ds.dataFrameSort_expt_dgr_multiple_numeric_descending" name="all_datasets" time="9.839"/>
    <testcase classname="ds.dataFrameSort_expt_dgr_multiple_numeric_descending" name="all_datasets" time="0.00200000000000955"/>
    <testcase classname="ds.dataFrameSort_expt_dgr_multiple_numeric_descending" name="all_datasets" time="0.00199999999998113"/>
    <testcase classname="ds.dataFrameSort_expt_dgr_multiple_numeric_descending" name="all_datasets" time="0.00200000000000955"/>
    <testcase classname="ds.dataFrameSort_expt_dgr_multiple_numeric_descending" name="all_datasets" time="0.00100000000000477"/>
    <testcase classname="ds.dataFrameSort_expt_dgr_multiple_numeric_descending" name="all_datasets" time="0.00200000000000955"/>
    <testcase classname="ds.dataFrameSort_expt_dgr_multiple_numeric_descending" name="all_datasets" time="0.27000000000001"/>
    <testcase classname="ds.dataFrameSort_expt_dgr_multiple_numeric_descending" name="all_datasets" time="0.000999999999976353"/>
    <testcase classname="ds.dataFrameSort_expt_dgr_multiple_numeric_descending" name="all_datasets" time="0.00200000000000955"/>
    <testcase classname="ds.dataFrameSort_expt_dgr_multiple_numeric_descending" name="all_datasets" time="2.80099999999999"/>
    <testcase classname="ds.dataFrameSort_expt_dgr_multiple_numeric_descending" name="all_datasets" time="0.00200000000000955"/>
    <testcase classname="ds.dataFrameSort_expt_dgr_multiple_numeric_descending" name="all_datasets" time="0.00200000000000955"/>
    <testcase classname="ds.dataFrameSort_expt_dgr_multiple_numeric_descending" name="all_datasets" time="0.000999999999976353"/>
    <testcase classname="ds.dataFrameSort_expt_dgr_multiple_numeric_descending" name="all_datasets" time="0.00200000000000955"/>
    <testcase classname="ds.dataFrameSort_expt_dgr_multiple_numeric_descending" name="all_datasets" time="0.000999999999976353"/>
    <testcase classname="ds.dataFrameSort_expt_dgr_multiple_numeric_descending" name="all_datasets" time="0.26600000000002"/>
    <testcase classname="ds.dataFrameSort_expt_dgr_multiple_numeric_descending" name="all_datasets" time="0.00200000000000955"/>
    <testcase classname="ds.dataFrameSort_expt_dgr_multiple_numeric_descending" name="all_datasets" time="0.00200000000000955"/>
    <testcase classname="ds.dataFrameSort_expt_dgr_multiple_numeric_descending" name="all_datasets" time="2.81700000000001"/>
    <testcase classname="ds.dataFrameSort_expt_dgr_multiple_numeric_descending" name="all_datasets" time="0.00199999999995271"/>
    <testcase classname="ds.dataFrameSort_expt_dgr_multiple_numeric_descending" name="all_datasets" time="0.00200000000000955"/>
    <testcase classname="ds.dataFrameSort_expt_dgr_multiple_numeric_descending" name="all_datasets" time="0.0010000000000332"/>
    <testcase classname="ds.dataFrameSort_expt_dgr_multiple_numeric_descending" name="all_datasets" time="0.00200000000000955"/>
    <testcase classname="ds.dataFrameSort_expt_dgr_multiple_numeric_descending" name="all_datasets" time="0.000999999999976353"/>
    <testcase classname="ds.dataFrameSort_expt_dgr_multiple_numeric_descending" name="all_datasets" time="0.271000000000015"/>
    <testcase classname="ds.dataFrameSort_expt_dgr_multiple_numeric_descending" name="all_datasets" time="0.00200000000000955"/>
    <testcase classname="ds.dataFrameSort_expt_dgr_multiple_numeric_descending" name="all_datasets" time="0.000999999999976353"/>
    <testcase classname="ds.dataFrameSort_expt_dgr_multiple_numeric_descending" name="all_datasets" time="2.81"/>
    <testcase classname="ds.dataFrameSort_expt_dgr_multiple_numeric_descending" name="all_datasets" time="0.000999999999976353"/>
    <testcase classname="ds.dataFrameSort_expt_dgr_multiple_numeric_descending" name="all_datasets" time="0.00200000000000955"/>
    <testcase classname="ds.dataFrameSort_expt_dgr_multiple_numeric_descending" name="all_datasets" time="0.0010000000000332"/>
    <testcase classname="ds.dataFrameSort_expt_dgr_multiple_numeric_descending" name="all_datasets" time="0.000999999999976353"/>
    <testcase classname="ds.dataFrameSort_expt_dgr_multiple_numeric_descending" name="all_datasets" time="0.00200000000000955"/>
    <testcase classname="ds.dataFrameSort_expt_dgr_multiple_numeric_descending" name="all_datasets" time="0.274000000000001"/>
    <testcase classname="ds.dataFrameSort_expt_dgr_multiple_numeric_descending" name="all_datasets" time="0.0029999999999859"/>
    <testcase classname="ds.dataFrameSort_expt_dgr_multiple_numeric_descending" name="all_datasets" time="0.00200000000000955"/>
    <testcase classname="ds.dataFrameSort_expt_dgr_multiple_numeric_descending" name="all_datasets" time="2.89000000000004"/>
    <testcase classname="ds.dataFrameSort_expt_dgr_multiple_numeric_descending" name="all_datasets" time="0.00199999999995271"/>
    <testcase classname="ds.dataFrameSort_expt_dgr_multiple_numeric_descending" name="all_datasets" time="0.00200000000000955"/>
    <testcase classname="ds.dataFrameSort_expt_dgr_multiple_numeric_descending" name="all_datasets" time="0.00200000000000955"/>
    <testcase classname="ds.dataFrameSort_expt_dgr_multiple_numeric_descending" name="all_datasets" time="0.0029999999999859"/>
    <testcase classname="ds.dataFrameSort_expt_dgr_multiple_numeric_descending" name="all_datasets" time="0.00200000000000955"/>
    <testcase classname="ds.dataFrameSort_expt_dgr_multiple_numeric_descending" name="all_datasets" time="0.268000000000029"/>
    <testcase classname="ds.dataFrameSort_expt_dgr_multiple_numeric_descending" name="all_datasets" time="0.00199999999995271"/>
    <testcase classname="ds.dataFrameSort_expt_dgr_multiple_numeric_descending" name="all_datasets" time="0.0010000000000332"/>
    <testcase classname="ds.dataFrameSort_expt_dgr_multiple_numeric_descending" name="all_datasets" time="2.80799999999999"/>
    <testcase classname="ds.dataFrameSort_expt_dgr_multiple_numeric_descending" name="all_datasets" time="0.00200000000000955"/>
    <testcase classname="ds.dataFrameSort_expt_dgr_multiple_numeric_descending" name="all_datasets" time="0.00200000000000955"/>
    <testcase classname="ds.dataFrameSort_expt_dgr_multiple_numeric_descending" name="all_datasets" time="0.00199999999995271"/>
    <testcase classname="ds.dataFrameSort_expt_dgr_multiple_numeric_descending" name="all_datasets" time="0.00200000000000955"/>
    <testcase classname="ds.dataFrameSort_expt_dgr_multiple_numeric_descending" name="all_datasets" time="0.00300000000004275"/>
    <testcase classname="ds.dataFrameSort_expt_dgr_multiple_numeric_descending" name="all_datasets" time="0.269999999999982"/>
    <testcase classname="ds.dataFrameSort_expt_dgr_multiple_numeric_descending" name="all_datasets" time="0.000999999999976353"/>
    <testcase classname="ds.dataFrameSort_expt_dgr_multiple_numeric_descending" name="all_datasets" time="0.000999999999976353"/>
    <testcase classname="ds.dataFrameSort_expt_dgr_multiple_numeric_descending" name="all_datasets" time="2.79899999999998"/>
    <testcase classname="ds.dataFrameSort_expt_dgr_multiple_numeric_descending" name="all_datasets" time="0.00200000000000955"/>
    <testcase classname="ds.dataFrameSort_expt_dgr_multiple_numeric_descending" name="all_datasets" time="0.00200000000000955"/>
    <testcase classname="ds.dataFrameSort_expt_dgr_multiple_numeric_descending" name="all_datasets" time="0.00200000000000955"/>
    <testcase classname="ds.dataFrameSort_expt_dgr_multiple_numeric_descending" name="all_datasets" time="0.00200000000000955"/>
    <testcase classname="ds.dataFrameSort_expt_dgr_multiple_numeric_descending" name="all_datasets" time="0.00200000000000955"/>
    <testcase classname="ds.dataFrameSort_expt_dgr_multiple_numeric_descending" name="all_datasets" time="0.265999999999963"/>
    <testcase classname="ds.dataFrameSort_expt_dgr_multiple_numeric_descending" name="all_datasets" time="0.00200000000000955"/>
    <testcase classname="ds.dataFrameSort_expt_dgr_multiple_numeric_descending" name="all_datasets" time="0.00200000000000955"/>
    <testcase classname="ds.dataFrameSort_expt_dgr_multiple_numeric_descending" name="all_datasets" time="2.80500000000001"/>
    <testcase classname="ds.dataFrameSort_expt_dgr_multiple_numeric_descending" name="all_datasets" time="0.00200000000000955"/>
    <testcase classname="ds.dataFrameSort_expt_dgr_multiple_numeric_descending" name="all_datasets" time="0.0029999999999859"/>
    <testcase classname="ds.dataFrameSort_expt_dgr_multiple_numeric_descending" name="all_datasets" time="0.00200000000000955"/>
    <testcase classname="ds.dataFrameSort_expt_dgr_multiple_numeric_descending" name="all_datasets" time="0.00200000000000955"/>
    <testcase classname="ds.dataFrameSort_expt_dgr_multiple_numeric_descending" name="all_datasets" time="0.00199999999995271"/>
    <testcase classname="ds.dataFrameSort_expt_dgr_multiple_numeric_descending" name="all_datasets" time="0.267000000000053"/>
    <testcase classname="ds.dataFrameSort_expt_dgr_multiple_numeric_descending" name="all_datasets" time="0.0029999999999859"/>
    <testcase classname="ds.dataFrameSort_expt_dgr_multiple_numeric_descending" name="all_datasets" time="0.00200000000000955"/>
    <testcase classname="ds.dataFrameSort_expt_dgr_multiple_numeric_descending" name="all_datasets" time="2.82299999999998"/>
    <testcase classname="ds.dataFrameSort_expt_dgr_multiple_numeric_descending" name="all_datasets" time="0.0029999999999859"/>
    <testcase classname="ds.dataFrameSort_expt_dgr_multiple_numeric_descending" name="all_datasets" time="0.0029999999999859"/>
    <testcase classname="ds.dataFrameSort_expt_dgr_multiple_numeric_descending" name="all_datasets" time="0.00200000000000955"/>
    <testcase classname="ds.dataFrameSort_expt_dgr_multiple_numeric_descending" name="all_datasets" time="0.00200000000000955"/>
    <testcase classname="ds.dataFrameSort_expt_dgr_multiple_numeric_descending" name="all_datasets" time="0.0029999999999859"/>
    <testcase classname="ds.dataFrameSort_expt_dgr_multiple_numeric_descending" name="all_datasets" time="0.281000000000006"/>
    <testcase classname="ds.dataFrameSort_expt_dgr_multiple_numeric_descending" name="all_datasets" time="0.00200000000000955"/>
    <testcase classname="ds.dataFrameSort_expt_dgr_multiple_numeric_descending" name="all_datasets" time="0.0029999999999859"/>
    <testcase classname="ds.dataFrameSort_expt_dgr_multiple_numeric_descending" name="all_datasets" time="2.81900000000002"/>
    <testcase classname="ds.dataFrameSort_expt_dgr_multiple_numeric_descending" name="all_datasets" time="0.0029999999999859"/>
    <testcase classname="ds.dataFrameSort_expt_dgr_multiple_numeric_descending" name="all_datasets" time="0.00200000000000955"/>
    <testcase classname="ds.dataFrameSort_expt_dgr_multiple_numeric_descending" name="all_datasets" time="0.0029999999999859"/>
    <testcase classname="ds.dataFrameSort_expt_dgr_multiple_numeric_descending" name="all_datasets" time="0.00200000000000955"/>
    <testcase classname="ds.dataFrameSort_expt_dgr_multiple_numeric_descending" name="all_datasets" time="0.0029999999999859"/>
    <testcase classname="ds.dataFrameSort_expt_dgr_multiple_numeric_descending" name="all_datasets" time="0.267000000000053"/>
    <testcase classname="ds.dataFrameSort_expt_dgr_multiple_numeric_descending" name="all_datasets" time="0.00199999999995271"/>
    <testcase classname="ds.dataFrameSort_expt_dgr_multiple_numeric_descending" name="all_datasets" time="0.00300000000004275"/>
    <testcase classname="ds.dataFrameSort_expt_dgr_multiple_numeric_descending" name="all_datasets" time="2.80199999999996"/>
    <testcase classname="ds.dataFrameSort_expt_dgr_multiple_numeric_descending" name="all_datasets" time="0.0040000000000191"/>
    <testcase classname="ds.dataFrameSort_expt_dgr_multiple_numeric_descending" name="all_datasets" time="0.00200000000000955"/>
    <testcase classname="ds.dataFrameSort_expt_dgr_multiple_numeric_descending" name="all_datasets" time="0.0029999999999859"/>
    <testcase classname="ds.dataFrameSort_expt_dgr_multiple_numeric_descending" name="all_datasets" time="0.0029999999999859"/>
    <testcase classname="ds.dataFrameSort_expt_dgr_multiple_numeric_descending" name="all_datasets" time="0.0029999999999859"/>
    <testcase classname="ds.dataFrameSort_expt_dgr_multiple_numeric_descending" name="all_datasets" time="0.277000000000044"/>
    <testcase classname="ds.dataFrameSort_expt_dgr_multiple_numeric_descending" name="all_datasets" time="0.00399999999996226"/>
    <testcase classname="ds.dataFrameSort_expt_dgr_multiple_numeric_descending" name="all_datasets" time="0.00300000000004275"/>
  </testsuite>
  <testsuite errors="0" failures="0" hostname="fv-az14" name="ds.dataFrameSort::expt_dgr::single::numeric::descending" skipped="0" tests="33" time="30.455" timestamp="2020-09-12T15:16:48Z">
    <testcase classname="ds.dataFrameSort_expt_dgr_single_numeric_descending" name="dataset_1" time="6.52099999999996"/>
    <testcase classname="ds.dataFrameSort_expt_dgr_single_numeric_descending" name="dataset_1" time="0.00200000000000955"/>
    <testcase classname="ds.dataFrameSort_expt_dgr_single_numeric_descending" name="dataset_1" time="0.239000000000033"/>
    <testcase classname="ds.dataFrameSort_expt_dgr_single_numeric_descending" name="dataset_1" time="2.11799999999999"/>
    <testcase classname="ds.dataFrameSort_expt_dgr_single_numeric_descending" name="dataset_1" time="0.000999999999976353"/>
    <testcase classname="ds.dataFrameSort_expt_dgr_single_numeric_descending" name="dataset_1" time="0.240000000000009"/>
    <testcase classname="ds.dataFrameSort_expt_dgr_single_numeric_descending" name="dataset_1" time="2.13099999999997"/>
    <testcase classname="ds.dataFrameSort_expt_dgr_single_numeric_descending" name="dataset_1" time="0.0010000000000332"/>
    <testcase classname="ds.dataFrameSort_expt_dgr_single_numeric_descending" name="dataset_1" time="0.240000000000009"/>
    <testcase classname="ds.dataFrameSort_expt_dgr_single_numeric_descending" name="dataset_1" time="2.12"/>
    <testcase classname="ds.dataFrameSort_expt_dgr_single_numeric_descending" name="dataset_1" time="0.00199999999995271"/>
    <testcase classname="ds.dataFrameSort_expt_dgr_single_numeric_descending" name="dataset_1" time="0.237000000000023"/>
    <testcase classname="ds.dataFrameSort_expt_dgr_single_numeric_descending" name="dataset_1" time="2.16800000000001"/>
    <testcase classname="ds.dataFrameSort_expt_dgr_single_numeric_descending" name="dataset_1" time="0.000999999999976353"/>
    <testcase classname="ds.dataFrameSort_expt_dgr_single_numeric_descending" name="dataset_1" time="0.240000000000009"/>
    <testcase classname="ds.dataFrameSort_expt_dgr_single_numeric_descending" name="dataset_1" time="2.13400000000001"/>
    <testcase classname="ds.dataFrameSort_expt_dgr_single_numeric_descending" name="dataset_1" time="0.000999999999976353"/>
    <testcase classname="ds.dataFrameSort_expt_dgr_single_numeric_descending" name="dataset_1" time="0.237000000000023"/>
    <testcase classname="ds.dataFrameSort_expt_dgr_single_numeric_descending" name="dataset_1" time="2.11000000000001"/>
    <testcase classname="ds.dataFrameSort_expt_dgr_single_numeric_descending" name="dataset_1" time="0.00200000000000955"/>
    <testcase classname="ds.dataFrameSort_expt_dgr_single_numeric_descending" name="dataset_1" time="0.245999999999981"/>
    <testcase classname="ds.dataFrameSort_expt_dgr_single_numeric_descending" name="dataset_1" time="2.11799999999999"/>
    <testcase classname="ds.dataFrameSort_expt_dgr_single_numeric_descending" name="dataset_1" time="0.0029999999999859"/>
    <testcase classname="ds.dataFrameSort_expt_dgr_single_numeric_descending" name="dataset_1" time="0.240000000000009"/>
    <testcase classname="ds.dataFrameSort_expt_dgr_single_numeric_descending" name="dataset_1" time="2.12600000000003"/>
    <testcase classname="ds.dataFrameSort_expt_dgr_single_numeric_descending" name="dataset_1" time="0.00200000000000955"/>
    <testcase classname="ds.dataFrameSort_expt_dgr_single_numeric_descending" name="dataset_1" time="0.238999999999976"/>
    <testcase classname="ds.dataFrameSort_expt_dgr_single_numeric_descending" name="dataset_1" time="2.12299999999999"/>
    <testcase classname="ds.dataFrameSort_expt_dgr_single_numeric_descending" name="dataset_1" time="0.00200000000000955"/>
    <testcase classname="ds.dataFrameSort_expt_dgr_single_numeric_descending" name="dataset_1" time="0.245000000000005"/>
    <testcase classname="ds.dataFrameSort_expt_dgr_single_numeric_descending" name="dataset_1" time="2.12700000000001"/>
    <testcase classname="ds.dataFrameSort_expt_dgr_single_numeric_descending" name="dataset_1" time="0.00200000000000955"/>
    <testcase classname="ds.dataFrameSort_expt_dgr_single_numeric_descending" name="dataset_1" time="0.236999999999966"/>
  </testsuite>
  <testsuite errors="0" failures="12" hostname="fv-az14" name="ds.dataFrameSort::expt_dgr::multiple::alphabetic::ascending" skipped="0" tests="108" time="45.453" timestamp="2020-09-12T15:17:18Z">
    <testcase classname="ds.dataFrameSort_expt_dgr_multiple_alphabetic_ascending" name="all_datasets" time="11.034"/>
    <testcase classname="ds.dataFrameSort_expt_dgr_multiple_alphabetic_ascending" name="all_datasets" time="0.0010000000000332"/>
    <testcase classname="ds.dataFrameSort_expt_dgr_multiple_alphabetic_ascending" name="all_datasets" time="0.00200000000000955"/>
    <testcase classname="ds.dataFrameSort_expt_dgr_multiple_alphabetic_ascending" name="all_datasets" time="0.000999999999976353"/>
    <testcase classname="ds.dataFrameSort_expt_dgr_multiple_alphabetic_ascending" name="all_datasets" time="0.0010000000000332"/>
    <testcase classname="ds.dataFrameSort_expt_dgr_multiple_alphabetic_ascending" name="all_datasets" time="0.00199999999995271"/>
    <testcase classname="ds.dataFrameSort_expt_dgr_multiple_alphabetic_ascending" name="all_datasets" time="0.271000000000015"/>
    <testcase classname="ds.dataFrameSort_expt_dgr_multiple_alphabetic_ascending" name="all_datasets" time="0.00200000000000955"/>
    <testcase classname="ds.dataFrameSort_expt_dgr_multiple_alphabetic_ascending" name="all_datasets" time="0.000999999999976353"/>
    <testcase classname="ds.dataFrameSort_expt_dgr_multiple_alphabetic_ascending" name="all_datasets" time="2.87600000000003"/>
    <testcase classname="ds.dataFrameSort_expt_dgr_multiple_alphabetic_ascending" name="all_datasets" time="0.00200000000000955"/>
    <testcase classname="ds.dataFrameSort_expt_dgr_multiple_alphabetic_ascending" name="all_datasets" time="0.000999999999976353"/>
    <testcase classname="ds.dataFrameSort_expt_dgr_multiple_alphabetic_ascending" name="all_datasets" time="0.00200000000000955"/>
    <testcase classname="ds.dataFrameSort_expt_dgr_multiple_alphabetic_ascending" name="all_datasets" time="0.00200000000000955"/>
    <testcase classname="ds.dataFrameSort_expt_dgr_multiple_alphabetic_ascending" name="all_datasets" time="0.000999999999976353"/>
    <testcase classname="ds.dataFrameSort_expt_dgr_multiple_alphabetic_ascending" name="all_datasets" time="0.273000000000025"/>
    <testcase classname="ds.dataFrameSort_expt_dgr_multiple_alphabetic_ascending" name="all_datasets" time="0.00200000000000955"/>
    <testcase classname="ds.dataFrameSort_expt_dgr_multiple_alphabetic_ascending" name="all_datasets" time="0.00199999999995271"/>
    <testcase classname="ds.dataFrameSort_expt_dgr_multiple_alphabetic_ascending" name="all_datasets" time="2.81700000000001"/>
    <testcase classname="ds.dataFrameSort_expt_dgr_multiple_alphabetic_ascending" name="all_datasets" time="0.00200000000000955"/>
    <testcase classname="ds.dataFrameSort_expt_dgr_multiple_alphabetic_ascending" name="all_datasets" time="0.000999999999976353"/>
    <testcase classname="ds.dataFrameSort_expt_dgr_multiple_alphabetic_ascending" name="all_datasets" time="0.00200000000000955"/>
    <testcase classname="ds.dataFrameSort_expt_dgr_multiple_alphabetic_ascending" name="all_datasets" time="0.0010000000000332"/>
    <testcase classname="ds.dataFrameSort_expt_dgr_multiple_alphabetic_ascending" name="all_datasets" time="0.00200000000000955"/>
    <testcase classname="ds.dataFrameSort_expt_dgr_multiple_alphabetic_ascending" name="all_datasets" time="0.271999999999991"/>
    <testcase classname="ds.dataFrameSort_expt_dgr_multiple_alphabetic_ascending" name="all_datasets" time="0.00200000000000955"/>
    <testcase classname="ds.dataFrameSort_expt_dgr_multiple_alphabetic_ascending" name="all_datasets" time="0.00199999999995271"/>
    <testcase classname="ds.dataFrameSort_expt_dgr_multiple_alphabetic_ascending" name="all_datasets" time="2.79200000000003"/>
    <testcase classname="ds.dataFrameSort_expt_dgr_multiple_alphabetic_ascending" name="all_datasets" time="0.00200000000000955"/>
    <testcase classname="ds.dataFrameSort_expt_dgr_multiple_alphabetic_ascending" name="all_datasets" time="0.000999999999976353"/>
    <testcase classname="ds.dataFrameSort_expt_dgr_multiple_alphabetic_ascending" name="all_datasets" time="0.00200000000000955"/>
    <testcase classname="ds.dataFrameSort_expt_dgr_multiple_alphabetic_ascending" name="all_datasets" time="0.00200000000000955"/>
    <testcase classname="ds.dataFrameSort_expt_dgr_multiple_alphabetic_ascending" name="all_datasets" time="0.000999999999976353"/>
    <testcase classname="ds.dataFrameSort_expt_dgr_multiple_alphabetic_ascending" name="all_datasets" time="0.276999999999987">
      <failure message="server.data[[i]][, key.name] not equal to sort.local[[i]][, key.name]. (@test-expt_dgr-ds.dataFrameSort.R#259)" type="failure">server.data[[i]][, key.name] not equal to sort.local[[i]][, key.name].
67/71 mismatches (average diff: 5984)
[5]  -1651 -  1529 == -3180
[6]  -2472 - -1651 ==  -822
[7]  -2721 -  1653 == -4374
[8]  -3158 -  1756 == -4914
[9]  -3363 -  1826 == -5189
[10] -3388 -  2099 == -5487
[11] -3472 -  2267 == -5739
[12] -3723 - -2472 == -1251
[13] -3728 -   265 == -3994
...</failure>
    </testcase>
    <testcase classname="ds.dataFrameSort_expt_dgr_multiple_alphabetic_ascending" name="all_datasets" time="0.00200000000000955">
      <failure message="server.data[[i]][, key.name] not equal to sort.local[[i]][, key.name]. (@test-expt_dgr-ds.dataFrameSort.R#259)" type="failure">server.data[[i]][, key.name] not equal to sort.local[[i]][, key.name].
71/71 mismatches (average diff: 5519)
[1] -1363 -  1339 == -2702.0
[2] -1566 - -1363 ==  -202.5
[3] -1647 - -1566 ==   -81.8
[4] -1766 - -1647 ==  -118.4
[5] -1851 -   175 == -2026.0
[6] -1891 - -1766 ==  -125.5
[7] -1932 - -1851 ==   -80.7
[8] -2103 - -1891 ==  -211.3
[9] -2443 - -1932 ==  -511.5
...</failure>
    </testcase>
    <testcase classname="ds.dataFrameSort_expt_dgr_multiple_alphabetic_ascending" name="all_datasets" time="0.0029999999999859">
      <failure message="server.data[[i]][, key.name] not equal to sort.local[[i]][, key.name]. (@test-expt_dgr-ds.dataFrameSort.R#259)" type="failure">server.data[[i]][, key.name] not equal to sort.local[[i]][, key.name].
71/71 mismatches (average diff: 0.728)
[1] -0.000972 -  0.000469 == -0.00144
[2] -0.005571 - -0.000972 == -0.00460
[3] -0.012769 - -0.005571 == -0.00720
[4] -0.014825 - -0.012769 == -0.00206
[5] -0.134283 - -0.014825 == -0.11946
[6] -0.142038 -  0.044561 == -0.18660
[7] -0.181018 -  0.056157 == -0.23717
[8] -0.210021 -  0.079229 == -0.28925
[9] -0.270747 -  0.094761 == -0.36551
...</failure>
    </testcase>
    <testcase classname="ds.dataFrameSort_expt_dgr_multiple_alphabetic_ascending" name="all_datasets" time="2.79700000000003"/>
    <testcase classname="ds.dataFrameSort_expt_dgr_multiple_alphabetic_ascending" name="all_datasets" time="0.00200000000000955"/>
    <testcase classname="ds.dataFrameSort_expt_dgr_multiple_alphabetic_ascending" name="all_datasets" time="0.00200000000000955"/>
    <testcase classname="ds.dataFrameSort_expt_dgr_multiple_alphabetic_ascending" name="all_datasets" time="0.00200000000000955"/>
    <testcase classname="ds.dataFrameSort_expt_dgr_multiple_alphabetic_ascending" name="all_datasets" time="0.00199999999995271"/>
    <testcase classname="ds.dataFrameSort_expt_dgr_multiple_alphabetic_ascending" name="all_datasets" time="0.00200000000000955"/>
    <testcase classname="ds.dataFrameSort_expt_dgr_multiple_alphabetic_ascending" name="all_datasets" time="0.268000000000029">
      <failure message="server.data[[i]][, key.name] not equal to sort.local[[i]][, key.name]. (@test-expt_dgr-ds.dataFrameSort.R#260)" type="failure">server.data[[i]][, key.name] not equal to sort.local[[i]][, key.name].
2/71 mismatches (average diff: 5862)
[44]  652 - 6514 == -5862
[45] 6514 -  652 ==  5862</failure>
    </testcase>
    <testcase classname="ds.dataFrameSort_expt_dgr_multiple_alphabetic_ascending" name="all_datasets" time="0.00200000000000955">
      <failure message="server.data[[i]][, key.name] not equal to sort.local[[i]][, key.name]. (@test-expt_dgr-ds.dataFrameSort.R#260)" type="failure">server.data[[i]][, key.name] not equal to sort.local[[i]][, key.name].
2/71 mismatches (average diff: 4573)
[34]   46.6 - 4619.7 == -4573
[35] 4619.7 -   46.6 ==  4573</failure>
    </testcase>
    <testcase classname="ds.dataFrameSort_expt_dgr_multiple_alphabetic_ascending" name="all_datasets" time="0.0029999999999859"/>
    <testcase classname="ds.dataFrameSort_expt_dgr_multiple_alphabetic_ascending" name="all_datasets" time="2.80799999999999"/>
    <testcase classname="ds.dataFrameSort_expt_dgr_multiple_alphabetic_ascending" name="all_datasets" time="0.00200000000000955"/>
    <testcase classname="ds.dataFrameSort_expt_dgr_multiple_alphabetic_ascending" name="all_datasets" time="0.00200000000000955"/>
    <testcase classname="ds.dataFrameSort_expt_dgr_multiple_alphabetic_ascending" name="all_datasets" time="0.00199999999995271"/>
    <testcase classname="ds.dataFrameSort_expt_dgr_multiple_alphabetic_ascending" name="all_datasets" time="0.00200000000000955"/>
    <testcase classname="ds.dataFrameSort_expt_dgr_multiple_alphabetic_ascending" name="all_datasets" time="0.00200000000000955"/>
    <testcase classname="ds.dataFrameSort_expt_dgr_multiple_alphabetic_ascending" name="all_datasets" time="0.269999999999982">
      <failure message="server.data[[i]][, key.name] not equal to sort.local[[i]][, key.name]. (@test-expt_dgr-ds.dataFrameSort.R#261)" type="failure">server.data[[i]][, key.name] not equal to sort.local[[i]][, key.name].
2/71 mismatches (average diff: 4239)
[33]  -471 - -4710 ==  4239
[34] -4710 -  -471 == -4239</failure>
    </testcase>
    <testcase classname="ds.dataFrameSort_expt_dgr_multiple_alphabetic_ascending" name="all_datasets" time="0.00300000000004275"/>
    <testcase classname="ds.dataFrameSort_expt_dgr_multiple_alphabetic_ascending" name="all_datasets" time="0.0029999999999859"/>
    <testcase classname="ds.dataFrameSort_expt_dgr_multiple_alphabetic_ascending" name="all_datasets" time="2.79500000000002"/>
    <testcase classname="ds.dataFrameSort_expt_dgr_multiple_alphabetic_ascending" name="all_datasets" time="0.00200000000000955"/>
    <testcase classname="ds.dataFrameSort_expt_dgr_multiple_alphabetic_ascending" name="all_datasets" time="0.0029999999999859"/>
    <testcase classname="ds.dataFrameSort_expt_dgr_multiple_alphabetic_ascending" name="all_datasets" time="0.00200000000000955"/>
    <testcase classname="ds.dataFrameSort_expt_dgr_multiple_alphabetic_ascending" name="all_datasets" time="0.0029999999999859"/>
    <testcase classname="ds.dataFrameSort_expt_dgr_multiple_alphabetic_ascending" name="all_datasets" time="0.00200000000000955"/>
    <testcase classname="ds.dataFrameSort_expt_dgr_multiple_alphabetic_ascending" name="all_datasets" time="0.269000000000005"/>
    <testcase classname="ds.dataFrameSort_expt_dgr_multiple_alphabetic_ascending" name="all_datasets" time="0.0029999999999859"/>
    <testcase classname="ds.dataFrameSort_expt_dgr_multiple_alphabetic_ascending" name="all_datasets" time="0.00200000000000955"/>
    <testcase classname="ds.dataFrameSort_expt_dgr_multiple_alphabetic_ascending" name="all_datasets" time="2.81900000000002"/>
    <testcase classname="ds.dataFrameSort_expt_dgr_multiple_alphabetic_ascending" name="all_datasets" time="0.0029999999999859"/>
    <testcase classname="ds.dataFrameSort_expt_dgr_multiple_alphabetic_ascending" name="all_datasets" time="0.00200000000000955"/>
    <testcase classname="ds.dataFrameSort_expt_dgr_multiple_alphabetic_ascending" name="all_datasets" time="0.00200000000000955"/>
    <testcase classname="ds.dataFrameSort_expt_dgr_multiple_alphabetic_ascending" name="all_datasets" time="0.00200000000000955"/>
    <testcase classname="ds.dataFrameSort_expt_dgr_multiple_alphabetic_ascending" name="all_datasets" time="0.00200000000000955"/>
    <testcase classname="ds.dataFrameSort_expt_dgr_multiple_alphabetic_ascending" name="all_datasets" time="0.266999999999996"/>
    <testcase classname="ds.dataFrameSort_expt_dgr_multiple_alphabetic_ascending" name="all_datasets" time="0.0029999999999859"/>
    <testcase classname="ds.dataFrameSort_expt_dgr_multiple_alphabetic_ascending" name="all_datasets" time="0.0029999999999859"/>
    <testcase classname="ds.dataFrameSort_expt_dgr_multiple_alphabetic_ascending" name="all_datasets" time="2.84000000000003"/>
    <testcase classname="ds.dataFrameSort_expt_dgr_multiple_alphabetic_ascending" name="all_datasets" time="0.00200000000000955"/>
    <testcase classname="ds.dataFrameSort_expt_dgr_multiple_alphabetic_ascending" name="all_datasets" time="0.0029999999999859"/>
    <testcase classname="ds.dataFrameSort_expt_dgr_multiple_alphabetic_ascending" name="all_datasets" time="0.00200000000000955"/>
    <testcase classname="ds.dataFrameSort_expt_dgr_multiple_alphabetic_ascending" name="all_datasets" time="0.0029999999999859"/>
    <testcase classname="ds.dataFrameSort_expt_dgr_multiple_alphabetic_ascending" name="all_datasets" time="0.00200000000000955"/>
    <testcase classname="ds.dataFrameSort_expt_dgr_multiple_alphabetic_ascending" name="all_datasets" time="0.266999999999996">
      <failure message="server.data[[i]][, key.name] not equal to sort.local[[i]][, key.name]. (@test-expt_dgr-ds.dataFrameSort.R#264)" type="failure">server.data[[i]][, key.name] not equal to sort.local[[i]][, key.name].
67/71 mismatches (average diff: 10312)
[5]  -1651 - 146834 == -148484
[6]  -2472 -   1529 ==   -4001
[7]  -2721 -  -1651 ==   -1070
[8]  -3158 -   1653 ==   -4811
[9]  -3363 -   1756 ==   -5119
[10] -3388 -   1826 ==   -5214
[11] -3472 -   2099 ==   -5571
[12] -3723 -   2267 ==   -5990
[13] -3728 -  -2472 ==   -1256
...</failure>
    </testcase>
    <testcase classname="ds.dataFrameSort_expt_dgr_multiple_alphabetic_ascending" name="all_datasets" time="0.0029999999999859">
      <failure message="server.data[[i]][, key.name] not equal to sort.local[[i]][, key.name]. (@test-expt_dgr-ds.dataFrameSort.R#264)" type="failure">server.data[[i]][, key.name] not equal to sort.local[[i]][, key.name].
71/71 mismatches (average diff: 271613)
[1] -1363 -   1339 ==   -2702.0
[2] -1566 -  -1363 ==    -202.5
[3] -1647 -  -1566 ==     -81.8
[4] -1766 - 159818 == -161583.9
[5] -1851 -  -1647 ==    -203.4
[6] -1891 -  -1766 ==    -125.5
[7] -1932 -  -1851 ==     -80.7
[8] -2103 -  -1891 ==    -211.3
[9] -2443 -  -1932 ==    -511.5
...</failure>
    </testcase>
    <testcase classname="ds.dataFrameSort_expt_dgr_multiple_alphabetic_ascending" name="all_datasets" time="0.0029999999999859">
      <failure message="server.data[[i]][, key.name] not equal to sort.local[[i]][, key.name]. (@test-expt_dgr-ds.dataFrameSort.R#264)" type="failure">server.data[[i]][, key.name] not equal to sort.local[[i]][, key.name].
70/71 mismatches (average diff: 0.731)
[1] -0.000972 -  0.000469 == -0.00144
[2] -0.005571 - -0.000972 == -0.00460
[3] -0.012769 - -0.005571 == -0.00720
[4] -0.014825 - -0.012769 == -0.00206
[5] -0.134283 - -0.014825 == -0.11946
[6] -0.142038 -  0.044561 == -0.18660
[7] -0.181018 -  0.056157 == -0.23717
[8] -0.210021 -  0.079229 == -0.28925
[9] -0.270747 -  0.094761 == -0.36551
...</failure>
    </testcase>
    <testcase classname="ds.dataFrameSort_expt_dgr_multiple_alphabetic_ascending" name="all_datasets" time="2.82100000000003"/>
    <testcase classname="ds.dataFrameSort_expt_dgr_multiple_alphabetic_ascending" name="all_datasets" time="0.0029999999999859"/>
    <testcase classname="ds.dataFrameSort_expt_dgr_multiple_alphabetic_ascending" name="all_datasets" time="0.00200000000000955"/>
    <testcase classname="ds.dataFrameSort_expt_dgr_multiple_alphabetic_ascending" name="all_datasets" time="0.0029999999999859"/>
    <testcase classname="ds.dataFrameSort_expt_dgr_multiple_alphabetic_ascending" name="all_datasets" time="0.00200000000000955"/>
    <testcase classname="ds.dataFrameSort_expt_dgr_multiple_alphabetic_ascending" name="all_datasets" time="0.0029999999999859"/>
    <testcase classname="ds.dataFrameSort_expt_dgr_multiple_alphabetic_ascending" name="all_datasets" time="0.281000000000006">
      <failure message="server.data[[i]][, key.name] not equal to sort.local[[i]][, key.name]. (@test-expt_dgr-ds.dataFrameSort.R#265)" type="failure">server.data[[i]][, key.name] not equal to sort.local[[i]][, key.name].
65/71 mismatches (average diff: 56406)
[1]    -1162 -      106 ==    -1268
[2]    -1225 -    -1162 ==      -63
[3]    -1252 -    -1225 ==      -27
[4]    -1565 -    -1252 ==     -313
[5] -1637714 -     1463 == -1639177
[6]    -2007 -    -1565 ==     -442
[7]    -2782 - -1637714 ==  1634932
[8]     -303 -    -2007 ==     1704
[9]     -314 -     2197 ==    -2511
...</failure>
    </testcase>
    <testcase classname="ds.dataFrameSort_expt_dgr_multiple_alphabetic_ascending" name="all_datasets" time="0.0040000000000191">
      <failure message="server.data[[i]][, key.name] not equal to sort.local[[i]][, key.name]. (@test-expt_dgr-ds.dataFrameSort.R#265)" type="failure">server.data[[i]][, key.name] not equal to sort.local[[i]][, key.name].
65/71 mismatches (average diff: 19122)
[5]  -1860 -   152 == -2012
[6]  -1951 -  1675 == -3626
[7]  -2943 - -1860 == -1083
[8]   -334 - -1951 ==  1617
[9]   -339 -  2617 == -2956
[10] -3616 - -2943 ==  -673
[11] -3698 -  -334 == -3364
[12] -3773 -  -339 == -3434
[13] -3827 -  3432 == -7259
...</failure>
    </testcase>
    <testcase classname="ds.dataFrameSort_expt_dgr_multiple_alphabetic_ascending" name="all_datasets" time="0.00399999999996226">
      <failure message="server.data[[i]][, key.name] not equal to sort.local[[i]][, key.name]. (@test-expt_dgr-ds.dataFrameSort.R#265)" type="failure">server.data[[i]][, key.name] not equal to sort.local[[i]][, key.name].
69/71 mismatches (average diff: 953)
[2]  -112 -  110 == -222
[3]  -122 - -112 ==  -10
[4]  -172 -  113 == -285
[5]  -231 - -122 == -109
[6]  -243 -   13 == -256
[7]  -261 -  156 == -417
[8]  -287 - -172 == -115
[9]  -382 - -231 == -151
[10]  -40 - -243 ==  203
...</failure>
    </testcase>
    <testcase classname="ds.dataFrameSort_expt_dgr_multiple_alphabetic_ascending" name="all_datasets" time="2.80899999999997"/>
    <testcase classname="ds.dataFrameSort_expt_dgr_multiple_alphabetic_ascending" name="all_datasets" time="0.00300000000004275"/>
    <testcase classname="ds.dataFrameSort_expt_dgr_multiple_alphabetic_ascending" name="all_datasets" time="0.0029999999999859"/>
    <testcase classname="ds.dataFrameSort_expt_dgr_multiple_alphabetic_ascending" name="all_datasets" time="0.00200000000000955"/>
    <testcase classname="ds.dataFrameSort_expt_dgr_multiple_alphabetic_ascending" name="all_datasets" time="0.00399999999996226"/>
    <testcase classname="ds.dataFrameSort_expt_dgr_multiple_alphabetic_ascending" name="all_datasets" time="0.00200000000000955"/>
    <testcase classname="ds.dataFrameSort_expt_dgr_multiple_alphabetic_ascending" name="all_datasets" time="0.273000000000025"/>
    <testcase classname="ds.dataFrameSort_expt_dgr_multiple_alphabetic_ascending" name="all_datasets" time="0.0029999999999859"/>
    <testcase classname="ds.dataFrameSort_expt_dgr_multiple_alphabetic_ascending" name="all_datasets" time="0.0029999999999859"/>
    <testcase classname="ds.dataFrameSort_expt_dgr_multiple_alphabetic_ascending" name="all_datasets" time="2.79900000000004"/>
    <testcase classname="ds.dataFrameSort_expt_dgr_multiple_alphabetic_ascending" name="all_datasets" time="0.0029999999999859"/>
    <testcase classname="ds.dataFrameSort_expt_dgr_multiple_alphabetic_ascending" name="all_datasets" time="0.00200000000000955"/>
    <testcase classname="ds.dataFrameSort_expt_dgr_multiple_alphabetic_ascending" name="all_datasets" time="0.0029999999999859"/>
    <testcase classname="ds.dataFrameSort_expt_dgr_multiple_alphabetic_ascending" name="all_datasets" time="0.00200000000000955"/>
    <testcase classname="ds.dataFrameSort_expt_dgr_multiple_alphabetic_ascending" name="all_datasets" time="0.0029999999999859"/>
    <testcase classname="ds.dataFrameSort_expt_dgr_multiple_alphabetic_ascending" name="all_datasets" time="0.268000000000029"/>
    <testcase classname="ds.dataFrameSort_expt_dgr_multiple_alphabetic_ascending" name="all_datasets" time="0.00399999999996226"/>
    <testcase classname="ds.dataFrameSort_expt_dgr_multiple_alphabetic_ascending" name="all_datasets" time="0.00200000000000955"/>
  </testsuite>
  <testsuite errors="0" failures="4" hostname="fv-az14" name="ds.dataFrameSort::expt_dgr::single::alphabetic::ascending" skipped="0" tests="36" time="33.612" timestamp="2020-09-12T15:18:04Z">
    <testcase classname="ds.dataFrameSort_expt_dgr_single_alphabetic_ascending" name="dataset_2" time="7.29599999999999"/>
    <testcase classname="ds.dataFrameSort_expt_dgr_single_alphabetic_ascending" name="dataset_2" time="0.0010000000000332"/>
    <testcase classname="ds.dataFrameSort_expt_dgr_single_alphabetic_ascending" name="dataset_2" time="0.240999999999985"/>
    <testcase classname="ds.dataFrameSort_expt_dgr_single_alphabetic_ascending" name="dataset_2" time="2.17199999999997"/>
    <testcase classname="ds.dataFrameSort_expt_dgr_single_alphabetic_ascending" name="dataset_2" time="0.0010000000000332"/>
    <testcase classname="ds.dataFrameSort_expt_dgr_single_alphabetic_ascending" name="dataset_2" time="0.238"/>
    <testcase classname="ds.dataFrameSort_expt_dgr_single_alphabetic_ascending" name="dataset_2" time="2.13099999999997"/>
    <testcase classname="ds.dataFrameSort_expt_dgr_single_alphabetic_ascending" name="dataset_2" time="0.00200000000000955"/>
    <testcase classname="ds.dataFrameSort_expt_dgr_single_alphabetic_ascending" name="dataset_2" time="0.239000000000033"/>
    <testcase classname="ds.dataFrameSort_expt_dgr_single_alphabetic_ascending" name="dataset_2" time="2.11899999999997"/>
    <testcase classname="ds.dataFrameSort_expt_dgr_single_alphabetic_ascending" name="dataset_2" time="0.00200000000000955"/>
    <testcase classname="ds.dataFrameSort_expt_dgr_single_alphabetic_ascending" name="dataset_2" time="0.238">
      <failure message="server.data[[i]][, key.name] not equal to sort.local[[i]][, key.name]. (@test-expt_dgr-ds.dataFrameSort.R#287)" type="failure">server.data[[i]][, key.name] not equal to sort.local[[i]][, key.name].
71/71 mismatches (average diff: 5519)
[1] -1363 -  1339 == -2702.0
[2] -1566 - -1363 ==  -202.5
[3] -1647 - -1566 ==   -81.8
[4] -1766 - -1647 ==  -118.4
[5] -1851 -   175 == -2026.0
[6] -1891 - -1766 ==  -125.5
[7] -1932 - -1851 ==   -80.7
[8] -2103 - -1891 ==  -211.3
[9] -2443 - -1932 ==  -511.5
...</failure>
    </testcase>
    <testcase classname="ds.dataFrameSort_expt_dgr_single_alphabetic_ascending" name="dataset_2" time="2.12299999999999"/>
    <testcase classname="ds.dataFrameSort_expt_dgr_single_alphabetic_ascending" name="dataset_2" time="0.00200000000000955"/>
    <testcase classname="ds.dataFrameSort_expt_dgr_single_alphabetic_ascending" name="dataset_2" time="0.240000000000009">
      <failure message="server.data[[i]][, key.name] not equal to sort.local[[i]][, key.name]. (@test-expt_dgr-ds.dataFrameSort.R#288)" type="failure">server.data[[i]][, key.name] not equal to sort.local[[i]][, key.name].
2/71 mismatches (average diff: 4573)
[34]   46.6 - 4619.7 == -4573
[35] 4619.7 -   46.6 ==  4573</failure>
    </testcase>
    <testcase classname="ds.dataFrameSort_expt_dgr_single_alphabetic_ascending" name="dataset_2" time="2.13499999999999"/>
    <testcase classname="ds.dataFrameSort_expt_dgr_single_alphabetic_ascending" name="dataset_2" time="0.0010000000000332"/>
    <testcase classname="ds.dataFrameSort_expt_dgr_single_alphabetic_ascending" name="dataset_2" time="0.240999999999985"/>
    <testcase classname="ds.dataFrameSort_expt_dgr_single_alphabetic_ascending" name="dataset_2" time="2.11900000000003"/>
    <testcase classname="ds.dataFrameSort_expt_dgr_single_alphabetic_ascending" name="dataset_2" time="0.00199999999995271"/>
    <testcase classname="ds.dataFrameSort_expt_dgr_single_alphabetic_ascending" name="dataset_2" time="0.238"/>
    <testcase classname="ds.dataFrameSort_expt_dgr_single_alphabetic_ascending" name="dataset_2" time="2.113"/>
    <testcase classname="ds.dataFrameSort_expt_dgr_single_alphabetic_ascending" name="dataset_2" time="0.00200000000000955"/>
    <testcase classname="ds.dataFrameSort_expt_dgr_single_alphabetic_ascending" name="dataset_2" time="0.239999999999952"/>
    <testcase classname="ds.dataFrameSort_expt_dgr_single_alphabetic_ascending" name="dataset_2" time="2.12900000000002"/>
    <testcase classname="ds.dataFrameSort_expt_dgr_single_alphabetic_ascending" name="dataset_2" time="0.0010000000000332"/>
    <testcase classname="ds.dataFrameSort_expt_dgr_single_alphabetic_ascending" name="dataset_2" time="0.238999999999976">
      <failure message="server.data[[i]][, key.name] not equal to sort.local[[i]][, key.name]. (@test-expt_dgr-ds.dataFrameSort.R#292)" type="failure">server.data[[i]][, key.name] not equal to sort.local[[i]][, key.name].
71/71 mismatches (average diff: 271613)
[1] -1363 -   1339 ==   -2702.0
[2] -1566 -  -1363 ==    -202.5
[3] -1647 -  -1566 ==     -81.8
[4] -1766 - 159818 == -161583.9
[5] -1851 -  -1647 ==    -203.4
[6] -1891 -  -1766 ==    -125.5
[7] -1932 -  -1851 ==     -80.7
[8] -2103 -  -1891 ==    -211.3
[9] -2443 -  -1932 ==    -511.5
...</failure>
    </testcase>
    <testcase classname="ds.dataFrameSort_expt_dgr_single_alphabetic_ascending" name="dataset_2" time="2.12100000000004"/>
    <testcase classname="ds.dataFrameSort_expt_dgr_single_alphabetic_ascending" name="dataset_2" time="0.000999999999976353"/>
    <testcase classname="ds.dataFrameSort_expt_dgr_single_alphabetic_ascending" name="dataset_2" time="0.238">
      <failure message="server.data[[i]][, key.name] not equal to sort.local[[i]][, key.name]. (@test-expt_dgr-ds.dataFrameSort.R#293)" type="failure">server.data[[i]][, key.name] not equal to sort.local[[i]][, key.name].
65/71 mismatches (average diff: 19122)
[5]  -1860 -   152 == -2012
[6]  -1951 -  1675 == -3626
[7]  -2943 - -1860 == -1083
[8]   -334 - -1951 ==  1617
[9]   -339 -  2617 == -2956
[10] -3616 - -2943 ==  -673
[11] -3698 -  -334 == -3364
[12] -3773 -  -339 == -3434
[13] -3827 -  3432 == -7259
...</failure>
    </testcase>
    <testcase classname="ds.dataFrameSort_expt_dgr_single_alphabetic_ascending" name="dataset_2" time="2.12700000000001"/>
    <testcase classname="ds.dataFrameSort_expt_dgr_single_alphabetic_ascending" name="dataset_2" time="0.00200000000000955"/>
    <testcase classname="ds.dataFrameSort_expt_dgr_single_alphabetic_ascending" name="dataset_2" time="0.24799999999999"/>
    <testcase classname="ds.dataFrameSort_expt_dgr_single_alphabetic_ascending" name="dataset_2" time="2.12200000000001"/>
    <testcase classname="ds.dataFrameSort_expt_dgr_single_alphabetic_ascending" name="dataset_2" time="0.00200000000000955"/>
    <testcase classname="ds.dataFrameSort_expt_dgr_single_alphabetic_ascending" name="dataset_2" time="0.245999999999981"/>
  </testsuite>
  <testsuite errors="0" failures="12" hostname="fv-az14" name="ds.dataFrameSort::expt_dgr::multiple::alphabetic::descending" skipped="0" tests="108" time="44.218" timestamp="2020-09-12T15:18:37Z">
    <testcase classname="ds.dataFrameSort_expt_dgr_multiple_alphabetic_descending" name="all_datasets" time="9.79399999999998"/>
    <testcase classname="ds.dataFrameSort_expt_dgr_multiple_alphabetic_descending" name="all_datasets" time="0.00200000000000955"/>
    <testcase classname="ds.dataFrameSort_expt_dgr_multiple_alphabetic_descending" name="all_datasets" time="0.000999999999976353"/>
    <testcase classname="ds.dataFrameSort_expt_dgr_multiple_alphabetic_descending" name="all_datasets" time="0.000999999999976353"/>
    <testcase classname="ds.dataFrameSort_expt_dgr_multiple_alphabetic_descending" name="all_datasets" time="0.0010000000000332"/>
    <testcase classname="ds.dataFrameSort_expt_dgr_multiple_alphabetic_descending" name="all_datasets" time="0.00200000000000955"/>
    <testcase classname="ds.dataFrameSort_expt_dgr_multiple_alphabetic_descending" name="all_datasets" time="0.271999999999991"/>
    <testcase classname="ds.dataFrameSort_expt_dgr_multiple_alphabetic_descending" name="all_datasets" time="0.00200000000000955"/>
    <testcase classname="ds.dataFrameSort_expt_dgr_multiple_alphabetic_descending" name="all_datasets" time="0.000999999999976353"/>
    <testcase classname="ds.dataFrameSort_expt_dgr_multiple_alphabetic_descending" name="all_datasets" time="2.78899999999999"/>
    <testcase classname="ds.dataFrameSort_expt_dgr_multiple_alphabetic_descending" name="all_datasets" time="0.00200000000000955"/>
    <testcase classname="ds.dataFrameSort_expt_dgr_multiple_alphabetic_descending" name="all_datasets" time="0.000999999999976353"/>
    <testcase classname="ds.dataFrameSort_expt_dgr_multiple_alphabetic_descending" name="all_datasets" time="0.00200000000000955"/>
    <testcase classname="ds.dataFrameSort_expt_dgr_multiple_alphabetic_descending" name="all_datasets" time="0.0010000000000332"/>
    <testcase classname="ds.dataFrameSort_expt_dgr_multiple_alphabetic_descending" name="all_datasets" time="0.000999999999976353"/>
    <testcase classname="ds.dataFrameSort_expt_dgr_multiple_alphabetic_descending" name="all_datasets" time="0.269000000000005"/>
    <testcase classname="ds.dataFrameSort_expt_dgr_multiple_alphabetic_descending" name="all_datasets" time="0.000999999999976353"/>
    <testcase classname="ds.dataFrameSort_expt_dgr_multiple_alphabetic_descending" name="all_datasets" time="0.00200000000000955"/>
    <testcase classname="ds.dataFrameSort_expt_dgr_multiple_alphabetic_descending" name="all_datasets" time="2.88100000000003"/>
    <testcase classname="ds.dataFrameSort_expt_dgr_multiple_alphabetic_descending" name="all_datasets" time="0.00200000000000955"/>
    <testcase classname="ds.dataFrameSort_expt_dgr_multiple_alphabetic_descending" name="all_datasets" time="0.000999999999976353"/>
    <testcase classname="ds.dataFrameSort_expt_dgr_multiple_alphabetic_descending" name="all_datasets" time="0.00200000000000955"/>
    <testcase classname="ds.dataFrameSort_expt_dgr_multiple_alphabetic_descending" name="all_datasets" time="0.00200000000000955"/>
    <testcase classname="ds.dataFrameSort_expt_dgr_multiple_alphabetic_descending" name="all_datasets" time="0.000999999999976353"/>
    <testcase classname="ds.dataFrameSort_expt_dgr_multiple_alphabetic_descending" name="all_datasets" time="0.269999999999982"/>
    <testcase classname="ds.dataFrameSort_expt_dgr_multiple_alphabetic_descending" name="all_datasets" time="0.00200000000000955"/>
    <testcase classname="ds.dataFrameSort_expt_dgr_multiple_alphabetic_descending" name="all_datasets" time="0.00200000000000955"/>
    <testcase classname="ds.dataFrameSort_expt_dgr_multiple_alphabetic_descending" name="all_datasets" time="2.81299999999999"/>
    <testcase classname="ds.dataFrameSort_expt_dgr_multiple_alphabetic_descending" name="all_datasets" time="0.00200000000000955"/>
    <testcase classname="ds.dataFrameSort_expt_dgr_multiple_alphabetic_descending" name="all_datasets" time="0.00200000000000955"/>
    <testcase classname="ds.dataFrameSort_expt_dgr_multiple_alphabetic_descending" name="all_datasets" time="0.000999999999976353"/>
    <testcase classname="ds.dataFrameSort_expt_dgr_multiple_alphabetic_descending" name="all_datasets" time="0.00200000000000955"/>
    <testcase classname="ds.dataFrameSort_expt_dgr_multiple_alphabetic_descending" name="all_datasets" time="0.00200000000000955"/>
    <testcase classname="ds.dataFrameSort_expt_dgr_multiple_alphabetic_descending" name="all_datasets" time="0.273000000000025">
      <failure message="server.data[[i]][, key.name] not equal to sort.local[[i]][, key.name]. (@test-expt_dgr-ds.dataFrameSort.R#313)" type="failure">server.data[[i]][, key.name] not equal to sort.local[[i]][, key.name].
67/71 mismatches (average diff: 5984)
[1]  942 - -9855 == 10797
[2] 9272 - -9817 == 19089
[3] 9110 -   942 ==  8168
[4] 8824 -  9272 ==  -448
[5] 7804 -  9110 == -1306
[6] 7505 - -8987 == 16492
[7] 7390 - -8826 == 16216
[8] 7348 -  8824 == -1476
[9]  685 - -8755 ==  9440
...</failure>
    </testcase>
    <testcase classname="ds.dataFrameSort_expt_dgr_multiple_alphabetic_descending" name="all_datasets" time="0.0029999999999859">
      <failure message="server.data[[i]][, key.name] not equal to sort.local[[i]][, key.name]. (@test-expt_dgr-ds.dataFrameSort.R#313)" type="failure">server.data[[i]][, key.name] not equal to sort.local[[i]][, key.name].
71/71 mismatches (average diff: 5519)
[1] 9338 - -9954 == 19292.0
[2] 9297 -  9338 ==   -41.3
[3] 8593 -  9297 ==  -703.3
[4] 8286 - -9258 == 17543.8
[5] 8199 - -8910 == 17108.8
[6] 7984 -  8593 ==  -609.3
[7] 7880 - -8416 == 16296.3
[8] 7763 -  8286 ==  -523.0
[9] 7761 -  8199 ==  -437.3
...</failure>
    </testcase>
    <testcase classname="ds.dataFrameSort_expt_dgr_multiple_alphabetic_descending" name="all_datasets" time="0.0029999999999859">
      <failure message="server.data[[i]][, key.name] not equal to sort.local[[i]][, key.name]. (@test-expt_dgr-ds.dataFrameSort.R#313)" type="failure">server.data[[i]][, key.name] not equal to sort.local[[i]][, key.name].
71/71 mismatches (average diff: 0.728)
[1] 0.886 - -0.984 ==  1.871
[2] 0.867 - -0.964 ==  1.831
[3] 0.848 - -0.934 ==  1.782
[4] 0.738 - -0.927 ==  1.665
[5] 0.691 - -0.908 ==  1.599
[6] 0.679 - -0.897 ==  1.576
[7] 0.676 -  0.886 == -0.211
[8] 0.662 - -0.884 ==  1.547
[9] 0.597 -  0.867 == -0.270
...</failure>
    </testcase>
    <testcase classname="ds.dataFrameSort_expt_dgr_multiple_alphabetic_descending" name="all_datasets" time="2.83199999999999"/>
    <testcase classname="ds.dataFrameSort_expt_dgr_multiple_alphabetic_descending" name="all_datasets" time="0.00200000000000955"/>
    <testcase classname="ds.dataFrameSort_expt_dgr_multiple_alphabetic_descending" name="all_datasets" time="0.00200000000000955"/>
    <testcase classname="ds.dataFrameSort_expt_dgr_multiple_alphabetic_descending" name="all_datasets" time="0.00200000000000955"/>
    <testcase classname="ds.dataFrameSort_expt_dgr_multiple_alphabetic_descending" name="all_datasets" time="0.000999999999976353"/>
    <testcase classname="ds.dataFrameSort_expt_dgr_multiple_alphabetic_descending" name="all_datasets" time="0.00200000000000955"/>
    <testcase classname="ds.dataFrameSort_expt_dgr_multiple_alphabetic_descending" name="all_datasets" time="0.271999999999991">
      <failure message="server.data[[i]][, key.name] not equal to sort.local[[i]][, key.name]. (@test-expt_dgr-ds.dataFrameSort.R#314)" type="failure">server.data[[i]][, key.name] not equal to sort.local[[i]][, key.name].
2/71 mismatches (average diff: 5862)
[27] 6514 -  652 ==  5862
[28]  652 - 6514 == -5862</failure>
    </testcase>
    <testcase classname="ds.dataFrameSort_expt_dgr_multiple_alphabetic_descending" name="all_datasets" time="0.00200000000000955">
      <failure message="server.data[[i]][, key.name] not equal to sort.local[[i]][, key.name]. (@test-expt_dgr-ds.dataFrameSort.R#314)" type="failure">server.data[[i]][, key.name] not equal to sort.local[[i]][, key.name].
2/71 mismatches (average diff: 4573)
[37] 4619.7 -   46.6 ==  4573
[38]   46.6 - 4619.7 == -4573</failure>
    </testcase>
    <testcase classname="ds.dataFrameSort_expt_dgr_multiple_alphabetic_descending" name="all_datasets" time="0.0029999999999859"/>
    <testcase classname="ds.dataFrameSort_expt_dgr_multiple_alphabetic_descending" name="all_datasets" time="2.81600000000003"/>
    <testcase classname="ds.dataFrameSort_expt_dgr_multiple_alphabetic_descending" name="all_datasets" time="0.00199999999995271"/>
    <testcase classname="ds.dataFrameSort_expt_dgr_multiple_alphabetic_descending" name="all_datasets" time="0.00300000000004275"/>
    <testcase classname="ds.dataFrameSort_expt_dgr_multiple_alphabetic_descending" name="all_datasets" time="0.00199999999995271"/>
    <testcase classname="ds.dataFrameSort_expt_dgr_multiple_alphabetic_descending" name="all_datasets" time="0.00200000000000955"/>
    <testcase classname="ds.dataFrameSort_expt_dgr_multiple_alphabetic_descending" name="all_datasets" time="0.00200000000000955"/>
    <testcase classname="ds.dataFrameSort_expt_dgr_multiple_alphabetic_descending" name="all_datasets" time="0.273000000000025">
      <failure message="server.data[[i]][, key.name] not equal to sort.local[[i]][, key.name]. (@test-expt_dgr-ds.dataFrameSort.R#315)" type="failure">server.data[[i]][, key.name] not equal to sort.local[[i]][, key.name].
2/71 mismatches (average diff: 4239)
[38] -4710 -  -471 == -4239
[39]  -471 - -4710 ==  4239</failure>
    </testcase>
    <testcase classname="ds.dataFrameSort_expt_dgr_multiple_alphabetic_descending" name="all_datasets" time="0.0029999999999859"/>
    <testcase classname="ds.dataFrameSort_expt_dgr_multiple_alphabetic_descending" name="all_datasets" time="0.00200000000000955"/>
    <testcase classname="ds.dataFrameSort_expt_dgr_multiple_alphabetic_descending" name="all_datasets" time="2.79199999999997"/>
    <testcase classname="ds.dataFrameSort_expt_dgr_multiple_alphabetic_descending" name="all_datasets" time="0.00200000000000955"/>
    <testcase classname="ds.dataFrameSort_expt_dgr_multiple_alphabetic_descending" name="all_datasets" time="0.00200000000000955"/>
    <testcase classname="ds.dataFrameSort_expt_dgr_multiple_alphabetic_descending" name="all_datasets" time="0.0029999999999859"/>
    <testcase classname="ds.dataFrameSort_expt_dgr_multiple_alphabetic_descending" name="all_datasets" time="0.00200000000000955"/>
    <testcase classname="ds.dataFrameSort_expt_dgr_multiple_alphabetic_descending" name="all_datasets" time="0.00200000000000955"/>
    <testcase classname="ds.dataFrameSort_expt_dgr_multiple_alphabetic_descending" name="all_datasets" time="0.269000000000005"/>
    <testcase classname="ds.dataFrameSort_expt_dgr_multiple_alphabetic_descending" name="all_datasets" time="0.00200000000000955"/>
    <testcase classname="ds.dataFrameSort_expt_dgr_multiple_alphabetic_descending" name="all_datasets" time="0.0029999999999859"/>
    <testcase classname="ds.dataFrameSort_expt_dgr_multiple_alphabetic_descending" name="all_datasets" time="2.803"/>
    <testcase classname="ds.dataFrameSort_expt_dgr_multiple_alphabetic_descending" name="all_datasets" time="0.00200000000000955"/>
    <testcase classname="ds.dataFrameSort_expt_dgr_multiple_alphabetic_descending" name="all_datasets" time="0.00200000000000955"/>
    <testcase classname="ds.dataFrameSort_expt_dgr_multiple_alphabetic_descending" name="all_datasets" time="0.00199999999995271"/>
    <testcase classname="ds.dataFrameSort_expt_dgr_multiple_alphabetic_descending" name="all_datasets" time="0.00300000000004275"/>
    <testcase classname="ds.dataFrameSort_expt_dgr_multiple_alphabetic_descending" name="all_datasets" time="0.00199999999995271"/>
    <testcase classname="ds.dataFrameSort_expt_dgr_multiple_alphabetic_descending" name="all_datasets" time="0.273000000000025"/>
    <testcase classname="ds.dataFrameSort_expt_dgr_multiple_alphabetic_descending" name="all_datasets" time="0.0029999999999859"/>
    <testcase classname="ds.dataFrameSort_expt_dgr_multiple_alphabetic_descending" name="all_datasets" time="0.00300000000004275"/>
    <testcase classname="ds.dataFrameSort_expt_dgr_multiple_alphabetic_descending" name="all_datasets" time="2.82599999999996"/>
    <testcase classname="ds.dataFrameSort_expt_dgr_multiple_alphabetic_descending" name="all_datasets" time="0.0040000000000191"/>
    <testcase classname="ds.dataFrameSort_expt_dgr_multiple_alphabetic_descending" name="all_datasets" time="0.00200000000000955"/>
    <testcase classname="ds.dataFrameSort_expt_dgr_multiple_alphabetic_descending" name="all_datasets" time="0.0040000000000191"/>
    <testcase classname="ds.dataFrameSort_expt_dgr_multiple_alphabetic_descending" name="all_datasets" time="0.0029999999999859"/>
    <testcase classname="ds.dataFrameSort_expt_dgr_multiple_alphabetic_descending" name="all_datasets" time="0.00200000000000955"/>
    <testcase classname="ds.dataFrameSort_expt_dgr_multiple_alphabetic_descending" name="all_datasets" time="0.269000000000005">
      <failure message="server.data[[i]][, key.name] not equal to sort.local[[i]][, key.name]. (@test-expt_dgr-ds.dataFrameSort.R#318)" type="failure">server.data[[i]][, key.name] not equal to sort.local[[i]][, key.name].
67/71 mismatches (average diff: 10312)
[1]  942 - -9855 == 10797
[2] 9272 - -9817 == 19089
[3] 9110 -   942 ==  8168
[4] 8824 -  9272 ==  -448
[5] 7804 -  9110 == -1306
[6] 7505 - -8987 == 16492
[7] 7390 - -8826 == 16216
[8] 7348 -  8824 == -1476
[9]  685 - -8755 ==  9440
...</failure>
    </testcase>
    <testcase classname="ds.dataFrameSort_expt_dgr_multiple_alphabetic_descending" name="all_datasets" time="0.0029999999999859">
      <failure message="server.data[[i]][, key.name] not equal to sort.local[[i]][, key.name]. (@test-expt_dgr-ds.dataFrameSort.R#318)" type="failure">server.data[[i]][, key.name] not equal to sort.local[[i]][, key.name].
71/71 mismatches (average diff: 271613)
[1]    9338 -   -9954 ==    19292
[2] 9296001 -    9338 ==  9286663
[3]    8593 - 9296001 == -9287407
[4]    8286 -   -9258 ==    17544
[5]    8199 -   -8910 ==    17109
[6]    7984 -    8593 ==     -609
[7]    7880 -   -8416 ==    16296
[8]    7763 -    8286 ==     -523
[9]    7761 -    8199 ==     -437
...</failure>
    </testcase>
    <testcase classname="ds.dataFrameSort_expt_dgr_multiple_alphabetic_descending" name="all_datasets" time="0.0029999999999859">
      <failure message="server.data[[i]][, key.name] not equal to sort.local[[i]][, key.name]. (@test-expt_dgr-ds.dataFrameSort.R#318)" type="failure">server.data[[i]][, key.name] not equal to sort.local[[i]][, key.name].
70/71 mismatches (average diff: 0.731)
[2]  0.886 - -0.984 ==  1.871
[3]  0.867 - -0.964 ==  1.831
[4]  0.848 - -0.934 ==  1.782
[5]  0.738 - -0.927 ==  1.665
[6]  0.691 - -0.908 ==  1.599
[7]  0.679 - -0.897 ==  1.576
[8]  0.676 -  0.886 == -0.211
[9]  0.662 - -0.884 ==  1.547
[10] 0.597 -  0.867 == -0.270
...</failure>
    </testcase>
    <testcase classname="ds.dataFrameSort_expt_dgr_multiple_alphabetic_descending" name="all_datasets" time="2.80200000000002"/>
    <testcase classname="ds.dataFrameSort_expt_dgr_multiple_alphabetic_descending" name="all_datasets" time="0.0029999999999859"/>
    <testcase classname="ds.dataFrameSort_expt_dgr_multiple_alphabetic_descending" name="all_datasets" time="0.0029999999999859"/>
    <testcase classname="ds.dataFrameSort_expt_dgr_multiple_alphabetic_descending" name="all_datasets" time="0.00200000000000955"/>
    <testcase classname="ds.dataFrameSort_expt_dgr_multiple_alphabetic_descending" name="all_datasets" time="0.00200000000000955"/>
    <testcase classname="ds.dataFrameSort_expt_dgr_multiple_alphabetic_descending" name="all_datasets" time="0.00200000000000955"/>
    <testcase classname="ds.dataFrameSort_expt_dgr_multiple_alphabetic_descending" name="all_datasets" time="0.271000000000015">
      <failure message="server.data[[i]][, key.name] not equal to sort.local[[i]][, key.name]. (@test-expt_dgr-ds.dataFrameSort.R#319)" type="failure">server.data[[i]][, key.name] not equal to sort.local[[i]][, key.name].
65/71 mismatches (average diff: 56406)
[7]  9081 - -9335 == 18416
[8]  8903 - -9308 == 18211
[9]  8514 -  9081 ==  -567
[10] 7891 - -9020 == 16911
[11] 7712 -  8903 == -1191
[12] 7680 - -8790 == 16470
[13] 7535 - -8575 == 16110
[14] 7529 -  8514 ==  -985
[15] 7450 -  7891 ==  -441
...</failure>
    </testcase>
    <testcase classname="ds.dataFrameSort_expt_dgr_multiple_alphabetic_descending" name="all_datasets" time="0.00499999999999545">
      <failure message="server.data[[i]][, key.name] not equal to sort.local[[i]][, key.name]. (@test-expt_dgr-ds.dataFrameSort.R#319)" type="failure">server.data[[i]][, key.name] not equal to sort.local[[i]][, key.name].
65/71 mismatches (average diff: 19122)
[3]   948 - -9659 == 10607
[4]    94 - -9613 ==  9707
[5]  9221 -   948 ==  8273
[6]  9201 -    94 ==  9107
[7]  8761 -  9221 ==  -460
[8]   850 -  9201 == -8351
[9]  8286 - -9080 == 17366
[10] 8191 - -8918 == 17109
[11] 8127 - -8894 == 17021
...</failure>
    </testcase>
    <testcase classname="ds.dataFrameSort_expt_dgr_multiple_alphabetic_descending" name="all_datasets" time="0.00399999999996226">
      <failure message="server.data[[i]][, key.name] not equal to sort.local[[i]][, key.name]. (@test-expt_dgr-ds.dataFrameSort.R#319)" type="failure">server.data[[i]][, key.name] not equal to sort.local[[i]][, key.name].
69/71 mismatches (average diff: 953)
[2]  933 -  -967 == 1900
[3]  908 -  -964 == 1872
[4]    9 -  -953 ==  962
[5]  888 -   -95 ==  983
[6]  870 -   933 ==  -63
[7]  855 -  -932 == 1787
[8]  850 -  -923 == 1773
[9]  849 -   908 ==  -59
[10] 838 - -9000 == 9838
...</failure>
    </testcase>
    <testcase classname="ds.dataFrameSort_expt_dgr_multiple_alphabetic_descending" name="all_datasets" time="2.803"/>
    <testcase classname="ds.dataFrameSort_expt_dgr_multiple_alphabetic_descending" name="all_datasets" time="0.0040000000000191"/>
    <testcase classname="ds.dataFrameSort_expt_dgr_multiple_alphabetic_descending" name="all_datasets" time="0.0029999999999859"/>
    <testcase classname="ds.dataFrameSort_expt_dgr_multiple_alphabetic_descending" name="all_datasets" time="0.00300000000004275"/>
    <testcase classname="ds.dataFrameSort_expt_dgr_multiple_alphabetic_descending" name="all_datasets" time="0.0029999999999859"/>
    <testcase classname="ds.dataFrameSort_expt_dgr_multiple_alphabetic_descending" name="all_datasets" time="0.0029999999999859"/>
    <testcase classname="ds.dataFrameSort_expt_dgr_multiple_alphabetic_descending" name="all_datasets" time="0.271999999999991"/>
    <testcase classname="ds.dataFrameSort_expt_dgr_multiple_alphabetic_descending" name="all_datasets" time="0.0029999999999859"/>
    <testcase classname="ds.dataFrameSort_expt_dgr_multiple_alphabetic_descending" name="all_datasets" time="0.00300000000004275"/>
    <testcase classname="ds.dataFrameSort_expt_dgr_multiple_alphabetic_descending" name="all_datasets" time="2.81799999999998"/>
    <testcase classname="ds.dataFrameSort_expt_dgr_multiple_alphabetic_descending" name="all_datasets" time="0.0029999999999859"/>
    <testcase classname="ds.dataFrameSort_expt_dgr_multiple_alphabetic_descending" name="all_datasets" time="0.0029999999999859"/>
    <testcase classname="ds.dataFrameSort_expt_dgr_multiple_alphabetic_descending" name="all_datasets" time="0.00200000000000955"/>
    <testcase classname="ds.dataFrameSort_expt_dgr_multiple_alphabetic_descending" name="all_datasets" time="0.00300000000004275"/>
    <testcase classname="ds.dataFrameSort_expt_dgr_multiple_alphabetic_descending" name="all_datasets" time="0.0029999999999859"/>
    <testcase classname="ds.dataFrameSort_expt_dgr_multiple_alphabetic_descending" name="all_datasets" time="0.272999999999968"/>
    <testcase classname="ds.dataFrameSort_expt_dgr_multiple_alphabetic_descending" name="all_datasets" time="0.00300000000004275"/>
    <testcase classname="ds.dataFrameSort_expt_dgr_multiple_alphabetic_descending" name="all_datasets" time="0.00199999999995271"/>
  </testsuite>
  <testsuite errors="0" failures="3" hostname="fv-az14" name="ds.dataFrameSort::expt_dgr::single::alphabetic::descending" skipped="0" tests="36" time="32.951" timestamp="2020-09-12T15:19:21Z">
    <testcase classname="ds.dataFrameSort_expt_dgr_single_alphabetic_descending" name="dataset_3" time="6.58200000000005"/>
    <testcase classname="ds.dataFrameSort_expt_dgr_single_alphabetic_descending" name="dataset_3" time="0.000999999999976353"/>
    <testcase classname="ds.dataFrameSort_expt_dgr_single_alphabetic_descending" name="dataset_3" time="0.242999999999995"/>
    <testcase classname="ds.dataFrameSort_expt_dgr_single_alphabetic_descending" name="dataset_3" time="2.11599999999999"/>
    <testcase classname="ds.dataFrameSort_expt_dgr_single_alphabetic_descending" name="dataset_3" time="0.0010000000000332"/>
    <testcase classname="ds.dataFrameSort_expt_dgr_single_alphabetic_descending" name="dataset_3" time="0.243999999999971"/>
    <testcase classname="ds.dataFrameSort_expt_dgr_single_alphabetic_descending" name="dataset_3" time="2.17700000000002"/>
    <testcase classname="ds.dataFrameSort_expt_dgr_single_alphabetic_descending" name="dataset_3" time="0.000999999999976353"/>
    <testcase classname="ds.dataFrameSort_expt_dgr_single_alphabetic_descending" name="dataset_3" time="0.246000000000038"/>
    <testcase classname="ds.dataFrameSort_expt_dgr_single_alphabetic_descending" name="dataset_3" time="2.11099999999999"/>
    <testcase classname="ds.dataFrameSort_expt_dgr_single_alphabetic_descending" name="dataset_3" time="0.00200000000000955"/>
    <testcase classname="ds.dataFrameSort_expt_dgr_single_alphabetic_descending" name="dataset_3" time="0.240999999999985">
      <failure message="server.data[[i]][, key.name] not equal to sort.local[[i]][, key.name]. (@test-expt_dgr-ds.dataFrameSort.R#339)" type="failure">server.data[[i]][, key.name] not equal to sort.local[[i]][, key.name].
71/71 mismatches (average diff: 0.728)
[1] 0.886 - -0.984 ==  1.871
[2] 0.867 - -0.964 ==  1.831
[3] 0.848 - -0.934 ==  1.782
[4] 0.738 - -0.927 ==  1.665
[5] 0.691 - -0.908 ==  1.599
[6] 0.679 - -0.897 ==  1.576
[7] 0.676 -  0.886 == -0.211
[8] 0.662 - -0.884 ==  1.547
[9] 0.597 -  0.867 == -0.270
...</failure>
    </testcase>
    <testcase classname="ds.dataFrameSort_expt_dgr_single_alphabetic_descending" name="dataset_3" time="2.13900000000001"/>
    <testcase classname="ds.dataFrameSort_expt_dgr_single_alphabetic_descending" name="dataset_3" time="0.000999999999976353"/>
    <testcase classname="ds.dataFrameSort_expt_dgr_single_alphabetic_descending" name="dataset_3" time="0.242000000000019"/>
    <testcase classname="ds.dataFrameSort_expt_dgr_single_alphabetic_descending" name="dataset_3" time="2.125"/>
    <testcase classname="ds.dataFrameSort_expt_dgr_single_alphabetic_descending" name="dataset_3" time="0.00200000000000955"/>
    <testcase classname="ds.dataFrameSort_expt_dgr_single_alphabetic_descending" name="dataset_3" time="0.239999999999952"/>
    <testcase classname="ds.dataFrameSort_expt_dgr_single_alphabetic_descending" name="dataset_3" time="2.13299999999998"/>
    <testcase classname="ds.dataFrameSort_expt_dgr_single_alphabetic_descending" name="dataset_3" time="0.00200000000000955"/>
    <testcase classname="ds.dataFrameSort_expt_dgr_single_alphabetic_descending" name="dataset_3" time="0.242000000000019"/>
    <testcase classname="ds.dataFrameSort_expt_dgr_single_alphabetic_descending" name="dataset_3" time="2.12799999999999"/>
    <testcase classname="ds.dataFrameSort_expt_dgr_single_alphabetic_descending" name="dataset_3" time="0.0029999999999859"/>
    <testcase classname="ds.dataFrameSort_expt_dgr_single_alphabetic_descending" name="dataset_3" time="0.238"/>
    <testcase classname="ds.dataFrameSort_expt_dgr_single_alphabetic_descending" name="dataset_3" time="2.13800000000003"/>
    <testcase classname="ds.dataFrameSort_expt_dgr_single_alphabetic_descending" name="dataset_3" time="0.000999999999976353"/>
    <testcase classname="ds.dataFrameSort_expt_dgr_single_alphabetic_descending" name="dataset_3" time="0.238">
      <failure message="server.data[[i]][, key.name] not equal to sort.local[[i]][, key.name]. (@test-expt_dgr-ds.dataFrameSort.R#344)" type="failure">server.data[[i]][, key.name] not equal to sort.local[[i]][, key.name].
70/71 mismatches (average diff: 0.731)
[2]  0.886 - -0.984 ==  1.871
[3]  0.867 - -0.964 ==  1.831
[4]  0.848 - -0.934 ==  1.782
[5]  0.738 - -0.927 ==  1.665
[6]  0.691 - -0.908 ==  1.599
[7]  0.679 - -0.897 ==  1.576
[8]  0.676 -  0.886 == -0.211
[9]  0.662 - -0.884 ==  1.547
[10] 0.597 -  0.867 == -0.270
...</failure>
    </testcase>
    <testcase classname="ds.dataFrameSort_expt_dgr_single_alphabetic_descending" name="dataset_3" time="2.12200000000001"/>
    <testcase classname="ds.dataFrameSort_expt_dgr_single_alphabetic_descending" name="dataset_3" time="0.00200000000000955"/>
    <testcase classname="ds.dataFrameSort_expt_dgr_single_alphabetic_descending" name="dataset_3" time="0.240999999999985">
      <failure message="server.data[[i]][, key.name] not equal to sort.local[[i]][, key.name]. (@test-expt_dgr-ds.dataFrameSort.R#345)" type="failure">server.data[[i]][, key.name] not equal to sort.local[[i]][, key.name].
69/71 mismatches (average diff: 953)
[2]  933 -  -967 == 1900
[3]  908 -  -964 == 1872
[4]    9 -  -953 ==  962
[5]  888 -   -95 ==  983
[6]  870 -   933 ==  -63
[7]  855 -  -932 == 1787
[8]  850 -  -923 == 1773
[9]  849 -   908 ==  -59
[10] 838 - -9000 == 9838
...</failure>
    </testcase>
    <testcase classname="ds.dataFrameSort_expt_dgr_single_alphabetic_descending" name="dataset_3" time="2.12799999999999"/>
    <testcase classname="ds.dataFrameSort_expt_dgr_single_alphabetic_descending" name="dataset_3" time="0.00200000000000955"/>
    <testcase classname="ds.dataFrameSort_expt_dgr_single_alphabetic_descending" name="dataset_3" time="0.243999999999971"/>
    <testcase classname="ds.dataFrameSort_expt_dgr_single_alphabetic_descending" name="dataset_3" time="2.13200000000001"/>
    <testcase classname="ds.dataFrameSort_expt_dgr_single_alphabetic_descending" name="dataset_3" time="0.0010000000000332"/>
    <testcase classname="ds.dataFrameSort_expt_dgr_single_alphabetic_descending" name="dataset_3" time="0.241999999999962"/>
  </testsuite>
  <testsuite errors="0" failures="0" hostname="fv-az14" name="ds.dataFrameSort::expt_dgr::shutdown" skipped="0" tests="0" time="0" timestamp="2020-09-12T15:19:54Z"/>
  <testsuite errors="0" failures="0" hostname="fv-az14" name="ds.dataFrameSort::expt_dgr::done" skipped="0" tests="0" time="0" timestamp="2020-09-12T15:19:54Z"/>
  <testsuite errors="0" failures="0" hostname="fv-az14" name="ds.dataFrameSubset()::expt_dgr::setup" skipped="0" tests="0" time="0" timestamp="2020-09-12T15:19:54Z"/>
  <testsuite errors="0" failures="0" hostname="fv-az14" name="ds.dataFrameSubset()::expt_dgr::multiple::parameter_class" skipped="0" tests="24" time="28.245" timestamp="2020-09-12T15:19:54Z">
    <testcase classname="ds.dataFrameSubset_expt_dgr_multiple_parameter_class" name="all_datasets" time="12.484"/>
    <testcase classname="ds.dataFrameSubset_expt_dgr_multiple_parameter_class" name="all_datasets" time="0.385999999999967"/>
    <testcase classname="ds.dataFrameSubset_expt_dgr_multiple_parameter_class" name="all_datasets" time="0.258000000000038"/>
    <testcase classname="ds.dataFrameSubset_expt_dgr_multiple_parameter_class" name="all_datasets" time="0.259999999999991"/>
    <testcase classname="ds.dataFrameSubset_expt_dgr_multiple_parameter_class" name="all_datasets" time="1.07400000000001"/>
    <testcase classname="ds.dataFrameSubset_expt_dgr_multiple_parameter_class" name="all_datasets" time="0.000999999999976353"/>
    <testcase classname="ds.dataFrameSubset_expt_dgr_multiple_parameter_class" name="all_datasets" time="0.00200000000000955"/>
    <testcase classname="ds.dataFrameSubset_expt_dgr_multiple_parameter_class" name="all_datasets" time="0.877999999999986"/>
    <testcase classname="ds.dataFrameSubset_expt_dgr_multiple_parameter_class" name="all_datasets" time="2.28300000000002"/>
    <testcase classname="ds.dataFrameSubset_expt_dgr_multiple_parameter_class" name="all_datasets" time="0.00200000000000955"/>
    <testcase classname="ds.dataFrameSubset_expt_dgr_multiple_parameter_class" name="all_datasets" time="0.000999999999976353"/>
    <testcase classname="ds.dataFrameSubset_expt_dgr_multiple_parameter_class" name="all_datasets" time="3.48999999999995"/>
    <testcase classname="ds.dataFrameSubset_expt_dgr_multiple_parameter_class" name="all_datasets" time="0.00200000000000955"/>
    <testcase classname="ds.dataFrameSubset_expt_dgr_multiple_parameter_class" name="all_datasets" time="0.0010000000000332"/>
    <testcase classname="ds.dataFrameSubset_expt_dgr_multiple_parameter_class" name="all_datasets" time="3.50199999999995"/>
    <testcase classname="ds.dataFrameSubset_expt_dgr_multiple_parameter_class" name="all_datasets" time="0.00200000000000955"/>
    <testcase classname="ds.dataFrameSubset_expt_dgr_multiple_parameter_class" name="all_datasets" time="0.00200000000000955"/>
    <testcase classname="ds.dataFrameSubset_expt_dgr_multiple_parameter_class" name="all_datasets" time="1.476"/>
    <testcase classname="ds.dataFrameSubset_expt_dgr_multiple_parameter_class" name="all_datasets" time="1.06900000000002"/>
    <testcase classname="ds.dataFrameSubset_expt_dgr_multiple_parameter_class" name="all_datasets" time="0.00200000000000955"/>
    <testcase classname="ds.dataFrameSubset_expt_dgr_multiple_parameter_class" name="all_datasets" time="0.00200000000000955"/>
    <testcase classname="ds.dataFrameSubset_expt_dgr_multiple_parameter_class" name="all_datasets" time="1.065"/>
    <testcase classname="ds.dataFrameSubset_expt_dgr_multiple_parameter_class" name="all_datasets" time="0.000999999999976353"/>
    <testcase classname="ds.dataFrameSubset_expt_dgr_multiple_parameter_class" name="all_datasets" time="0.00200000000000955"/>
  </testsuite>
  <testsuite errors="0" failures="0" hostname="fv-az14" name="ds.dataFrameSubset()::expt_dgr::single::parameter_class" skipped="0" tests="10" time="12.351" timestamp="2020-09-12T15:20:23Z">
    <testcase classname="ds.dataFrameSubset_expt_dgr_single_parameter_class" name="dataset_1" time="5.404"/>
    <testcase classname="ds.dataFrameSubset_expt_dgr_single_parameter_class" name="dataset_1" time="0.240999999999985"/>
    <testcase classname="ds.dataFrameSubset_expt_dgr_single_parameter_class" name="dataset_1" time="0.237000000000023"/>
    <testcase classname="ds.dataFrameSubset_expt_dgr_single_parameter_class" name="dataset_1" time="0.236999999999966"/>
    <testcase classname="ds.dataFrameSubset_expt_dgr_single_parameter_class" name="dataset_1" time="0.963000000000022"/>
    <testcase classname="ds.dataFrameSubset_expt_dgr_single_parameter_class" name="dataset_1" time="0.730000000000018"/>
    <testcase classname="ds.dataFrameSubset_expt_dgr_single_parameter_class" name="dataset_1" time="1.68599999999998"/>
    <testcase classname="ds.dataFrameSubset_expt_dgr_single_parameter_class" name="dataset_1" time="0.953000000000031"/>
    <testcase classname="ds.dataFrameSubset_expt_dgr_single_parameter_class" name="dataset_1" time="0.947999999999979"/>
    <testcase classname="ds.dataFrameSubset_expt_dgr_single_parameter_class" name="dataset_1" time="0.951999999999998"/>
  </testsuite>
  <testsuite errors="0" failures="0" hostname="fv-az14" name="ds.dataFrameSubset()::expt_dgr::multiple::all_columns" skipped="0" tests="48" time="30.772" timestamp="2020-09-12T15:20:35Z">
    <testcase classname="ds.dataFrameSubset_expt_dgr_multiple_all_columns" name="all_datasets" time="9.11799999999994"/>
    <testcase classname="ds.dataFrameSubset_expt_dgr_multiple_all_columns" name="all_datasets" time="0.00100000000009004"/>
    <testcase classname="ds.dataFrameSubset_expt_dgr_multiple_all_columns" name="all_datasets" time="0.000999999999976353"/>
    <testcase classname="ds.dataFrameSubset_expt_dgr_multiple_all_columns" name="all_datasets" time="0.000999999999976353"/>
    <testcase classname="ds.dataFrameSubset_expt_dgr_multiple_all_columns" name="all_datasets" time="0.000999999999976353"/>
    <testcase classname="ds.dataFrameSubset_expt_dgr_multiple_all_columns" name="all_datasets" time="0.00200000000006639"/>
    <testcase classname="ds.dataFrameSubset_expt_dgr_multiple_all_columns" name="all_datasets" time="0.000999999999976353"/>
    <testcase classname="ds.dataFrameSubset_expt_dgr_multiple_all_columns" name="all_datasets" time="0.00199999999995271"/>
    <testcase classname="ds.dataFrameSubset_expt_dgr_multiple_all_columns" name="all_datasets" time="4.36400000000003"/>
    <testcase classname="ds.dataFrameSubset_expt_dgr_multiple_all_columns" name="all_datasets" time="0.000999999999976353"/>
    <testcase classname="ds.dataFrameSubset_expt_dgr_multiple_all_columns" name="all_datasets" time="0.000999999999976353"/>
    <testcase classname="ds.dataFrameSubset_expt_dgr_multiple_all_columns" name="all_datasets" time="0.00200000000006639"/>
    <testcase classname="ds.dataFrameSubset_expt_dgr_multiple_all_columns" name="all_datasets" time="0.000999999999976353"/>
    <testcase classname="ds.dataFrameSubset_expt_dgr_multiple_all_columns" name="all_datasets" time="0.00200000000006639"/>
    <testcase classname="ds.dataFrameSubset_expt_dgr_multiple_all_columns" name="all_datasets" time="0.000999999999976353"/>
    <testcase classname="ds.dataFrameSubset_expt_dgr_multiple_all_columns" name="all_datasets" time="0.00199999999995271"/>
    <testcase classname="ds.dataFrameSubset_expt_dgr_multiple_all_columns" name="all_datasets" time="4.29700000000003"/>
    <testcase classname="ds.dataFrameSubset_expt_dgr_multiple_all_columns" name="all_datasets" time="0.000999999999976353"/>
    <testcase classname="ds.dataFrameSubset_expt_dgr_multiple_all_columns" name="all_datasets" time="0.00200000000006639"/>
    <testcase classname="ds.dataFrameSubset_expt_dgr_multiple_all_columns" name="all_datasets" time="0.000999999999976353"/>
    <testcase classname="ds.dataFrameSubset_expt_dgr_multiple_all_columns" name="all_datasets" time="0.00199999999995271"/>
    <testcase classname="ds.dataFrameSubset_expt_dgr_multiple_all_columns" name="all_datasets" time="0.00100000000009004"/>
    <testcase classname="ds.dataFrameSubset_expt_dgr_multiple_all_columns" name="all_datasets" time="0.00199999999995271"/>
    <testcase classname="ds.dataFrameSubset_expt_dgr_multiple_all_columns" name="all_datasets" time="0.000999999999976353"/>
    <testcase classname="ds.dataFrameSubset_expt_dgr_multiple_all_columns" name="all_datasets" time="4.298"/>
    <testcase classname="ds.dataFrameSubset_expt_dgr_multiple_all_columns" name="all_datasets" time="0.00200000000006639"/>
    <testcase classname="ds.dataFrameSubset_expt_dgr_multiple_all_columns" name="all_datasets" time="0.00199999999995271"/>
    <testcase classname="ds.dataFrameSubset_expt_dgr_multiple_all_columns" name="all_datasets" time="0.000999999999976353"/>
    <testcase classname="ds.dataFrameSubset_expt_dgr_multiple_all_columns" name="all_datasets" time="0.00200000000006639"/>
    <testcase classname="ds.dataFrameSubset_expt_dgr_multiple_all_columns" name="all_datasets" time="0.00199999999995271"/>
    <testcase classname="ds.dataFrameSubset_expt_dgr_multiple_all_columns" name="all_datasets" time="0.000999999999976353"/>
    <testcase classname="ds.dataFrameSubset_expt_dgr_multiple_all_columns" name="all_datasets" time="0.00200000000006639"/>
    <testcase classname="ds.dataFrameSubset_expt_dgr_multiple_all_columns" name="all_datasets" time="4.28800000000001"/>
    <testcase classname="ds.dataFrameSubset_expt_dgr_multiple_all_columns" name="all_datasets" time="0.00199999999995271"/>
    <testcase classname="ds.dataFrameSubset_expt_dgr_multiple_all_columns" name="all_datasets" time="0.000999999999976353"/>
    <testcase classname="ds.dataFrameSubset_expt_dgr_multiple_all_columns" name="all_datasets" time="0.00200000000006639"/>
    <testcase classname="ds.dataFrameSubset_expt_dgr_multiple_all_columns" name="all_datasets" time="0.00199999999995271"/>
    <testcase classname="ds.dataFrameSubset_expt_dgr_multiple_all_columns" name="all_datasets" time="0.00199999999995271"/>
    <testcase classname="ds.dataFrameSubset_expt_dgr_multiple_all_columns" name="all_datasets" time="0.00100000000009004"/>
    <testcase classname="ds.dataFrameSubset_expt_dgr_multiple_all_columns" name="all_datasets" time="0.00199999999995271"/>
    <testcase classname="ds.dataFrameSubset_expt_dgr_multiple_all_columns" name="all_datasets" time="4.34199999999998"/>
    <testcase classname="ds.dataFrameSubset_expt_dgr_multiple_all_columns" name="all_datasets" time="0.00200000000006639"/>
    <testcase classname="ds.dataFrameSubset_expt_dgr_multiple_all_columns" name="all_datasets" time="0.000999999999976353"/>
    <testcase classname="ds.dataFrameSubset_expt_dgr_multiple_all_columns" name="all_datasets" time="0.00199999999995271"/>
    <testcase classname="ds.dataFrameSubset_expt_dgr_multiple_all_columns" name="all_datasets" time="0.00200000000006639"/>
    <testcase classname="ds.dataFrameSubset_expt_dgr_multiple_all_columns" name="all_datasets" time="0.00199999999995271"/>
    <testcase classname="ds.dataFrameSubset_expt_dgr_multiple_all_columns" name="all_datasets" time="0.00199999999995271"/>
    <testcase classname="ds.dataFrameSubset_expt_dgr_multiple_all_columns" name="all_datasets" time="0.00100000000009004"/>
  </testsuite>
  <testsuite errors="0" failures="0" hostname="fv-az14" name="ds.dataFrameSubset()::expt_dgr::single::all_columns" skipped="0" tests="24" time="22.202" timestamp="2020-09-12T15:21:06Z">
    <testcase classname="ds.dataFrameSubset_expt_dgr_single_all_columns" name="dataset_2" time="6.75699999999995"/>
    <testcase classname="ds.dataFrameSubset_expt_dgr_single_all_columns" name="dataset_2" time="0.00200000000006639"/>
    <testcase classname="ds.dataFrameSubset_expt_dgr_single_all_columns" name="dataset_2" time="0.000999999999976353"/>
    <testcase classname="ds.dataFrameSubset_expt_dgr_single_all_columns" name="dataset_2" time="0.000999999999976353"/>
    <testcase classname="ds.dataFrameSubset_expt_dgr_single_all_columns" name="dataset_2" time="3.11500000000001"/>
    <testcase classname="ds.dataFrameSubset_expt_dgr_single_all_columns" name="dataset_2" time="0.000999999999976353"/>
    <testcase classname="ds.dataFrameSubset_expt_dgr_single_all_columns" name="dataset_2" time="0.00200000000006639"/>
    <testcase classname="ds.dataFrameSubset_expt_dgr_single_all_columns" name="dataset_2" time="0.000999999999976353"/>
    <testcase classname="ds.dataFrameSubset_expt_dgr_single_all_columns" name="dataset_2" time="3.07499999999993"/>
    <testcase classname="ds.dataFrameSubset_expt_dgr_single_all_columns" name="dataset_2" time="0.00100000000009004"/>
    <testcase classname="ds.dataFrameSubset_expt_dgr_single_all_columns" name="dataset_2" time="0.000999999999976353"/>
    <testcase classname="ds.dataFrameSubset_expt_dgr_single_all_columns" name="dataset_2" time="0.00199999999995271"/>
    <testcase classname="ds.dataFrameSubset_expt_dgr_single_all_columns" name="dataset_2" time="3.07299999999998"/>
    <testcase classname="ds.dataFrameSubset_expt_dgr_single_all_columns" name="dataset_2" time="0.00200000000006639"/>
    <testcase classname="ds.dataFrameSubset_expt_dgr_single_all_columns" name="dataset_2" time="0.000999999999976353"/>
    <testcase classname="ds.dataFrameSubset_expt_dgr_single_all_columns" name="dataset_2" time="0.00199999999995271"/>
    <testcase classname="ds.dataFrameSubset_expt_dgr_single_all_columns" name="dataset_2" time="3.072"/>
    <testcase classname="ds.dataFrameSubset_expt_dgr_single_all_columns" name="dataset_2" time="0.0040000000000191"/>
    <testcase classname="ds.dataFrameSubset_expt_dgr_single_all_columns" name="dataset_2" time="0.00200000000006639"/>
    <testcase classname="ds.dataFrameSubset_expt_dgr_single_all_columns" name="dataset_2" time="0.000999999999976353"/>
    <testcase classname="ds.dataFrameSubset_expt_dgr_single_all_columns" name="dataset_2" time="3.08100000000002"/>
    <testcase classname="ds.dataFrameSubset_expt_dgr_single_all_columns" name="dataset_2" time="0.000999999999976353"/>
    <testcase classname="ds.dataFrameSubset_expt_dgr_single_all_columns" name="dataset_2" time="0.00199999999995271"/>
    <testcase classname="ds.dataFrameSubset_expt_dgr_single_all_columns" name="dataset_2" time="0.00200000000006639"/>
  </testsuite>
  <testsuite errors="0" failures="0" hostname="fv-az14" name="ds.dataFrameSubset()::expt_dgr::multiple::all_columns::subset_by_rows" skipped="0" tests="40" time="75.132" timestamp="2020-09-12T15:21:28Z">
    <testcase classname="ds.dataFrameSubset_expt_dgr_multiple_all_columns_subset_by_rows" name="all_datasets" time="9.87"/>
    <testcase classname="ds.dataFrameSubset_expt_dgr_multiple_all_columns_subset_by_rows" name="all_datasets" time="0.265999999999963"/>
    <testcase classname="ds.dataFrameSubset_expt_dgr_multiple_all_columns_subset_by_rows" name="all_datasets" time="0.263000000000034"/>
    <testcase classname="ds.dataFrameSubset_expt_dgr_multiple_all_columns_subset_by_rows" name="all_datasets" time="1.50599999999997"/>
    <testcase classname="ds.dataFrameSubset_expt_dgr_multiple_all_columns_subset_by_rows" name="all_datasets" time="5.01800000000003"/>
    <testcase classname="ds.dataFrameSubset_expt_dgr_multiple_all_columns_subset_by_rows" name="all_datasets" time="0.26400000000001"/>
    <testcase classname="ds.dataFrameSubset_expt_dgr_multiple_all_columns_subset_by_rows" name="all_datasets" time="0.269000000000005"/>
    <testcase classname="ds.dataFrameSubset_expt_dgr_multiple_all_columns_subset_by_rows" name="all_datasets" time="1.70699999999999"/>
    <testcase classname="ds.dataFrameSubset_expt_dgr_multiple_all_columns_subset_by_rows" name="all_datasets" time="4.95799999999997"/>
    <testcase classname="ds.dataFrameSubset_expt_dgr_multiple_all_columns_subset_by_rows" name="all_datasets" time="0.266999999999939"/>
    <testcase classname="ds.dataFrameSubset_expt_dgr_multiple_all_columns_subset_by_rows" name="all_datasets" time="0.266000000000076"/>
    <testcase classname="ds.dataFrameSubset_expt_dgr_multiple_all_columns_subset_by_rows" name="all_datasets" time="1.49000000000001"/>
    <testcase classname="ds.dataFrameSubset_expt_dgr_multiple_all_columns_subset_by_rows" name="all_datasets" time="4.95899999999995"/>
    <testcase classname="ds.dataFrameSubset_expt_dgr_multiple_all_columns_subset_by_rows" name="all_datasets" time="0.264999999999986"/>
    <testcase classname="ds.dataFrameSubset_expt_dgr_multiple_all_columns_subset_by_rows" name="all_datasets" time="0.269000000000005"/>
    <testcase classname="ds.dataFrameSubset_expt_dgr_multiple_all_columns_subset_by_rows" name="all_datasets" time="1.48000000000002"/>
    <testcase classname="ds.dataFrameSubset_expt_dgr_multiple_all_columns_subset_by_rows" name="all_datasets" time="4.95900000000006"/>
    <testcase classname="ds.dataFrameSubset_expt_dgr_multiple_all_columns_subset_by_rows" name="all_datasets" time="0.267999999999915"/>
    <testcase classname="ds.dataFrameSubset_expt_dgr_multiple_all_columns_subset_by_rows" name="all_datasets" time="0.26400000000001"/>
    <testcase classname="ds.dataFrameSubset_expt_dgr_multiple_all_columns_subset_by_rows" name="all_datasets" time="1.49000000000001"/>
    <testcase classname="ds.dataFrameSubset_expt_dgr_multiple_all_columns_subset_by_rows" name="all_datasets" time="4.97000000000003"/>
    <testcase classname="ds.dataFrameSubset_expt_dgr_multiple_all_columns_subset_by_rows" name="all_datasets" time="0.266999999999939"/>
    <testcase classname="ds.dataFrameSubset_expt_dgr_multiple_all_columns_subset_by_rows" name="all_datasets" time="0.26400000000001"/>
    <testcase classname="ds.dataFrameSubset_expt_dgr_multiple_all_columns_subset_by_rows" name="all_datasets" time="1.476"/>
    <testcase classname="ds.dataFrameSubset_expt_dgr_multiple_all_columns_subset_by_rows" name="all_datasets" time="5.00300000000004"/>
    <testcase classname="ds.dataFrameSubset_expt_dgr_multiple_all_columns_subset_by_rows" name="all_datasets" time="0.265999999999963"/>
    <testcase classname="ds.dataFrameSubset_expt_dgr_multiple_all_columns_subset_by_rows" name="all_datasets" time="0.264999999999986"/>
    <testcase classname="ds.dataFrameSubset_expt_dgr_multiple_all_columns_subset_by_rows" name="all_datasets" time="1.49400000000003"/>
    <testcase classname="ds.dataFrameSubset_expt_dgr_multiple_all_columns_subset_by_rows" name="all_datasets" time="5.00099999999998"/>
    <testcase classname="ds.dataFrameSubset_expt_dgr_multiple_all_columns_subset_by_rows" name="all_datasets" time="0.263000000000034"/>
    <testcase classname="ds.dataFrameSubset_expt_dgr_multiple_all_columns_subset_by_rows" name="all_datasets" time="0.264999999999986"/>
    <testcase classname="ds.dataFrameSubset_expt_dgr_multiple_all_columns_subset_by_rows" name="all_datasets" time="1.48699999999997"/>
    <testcase classname="ds.dataFrameSubset_expt_dgr_multiple_all_columns_subset_by_rows" name="all_datasets" time="4.97400000000005"/>
    <testcase classname="ds.dataFrameSubset_expt_dgr_multiple_all_columns_subset_by_rows" name="all_datasets" time="0.265999999999963"/>
    <testcase classname="ds.dataFrameSubset_expt_dgr_multiple_all_columns_subset_by_rows" name="all_datasets" time="0.270000000000095"/>
    <testcase classname="ds.dataFrameSubset_expt_dgr_multiple_all_columns_subset_by_rows" name="all_datasets" time="1.4849999999999"/>
    <testcase classname="ds.dataFrameSubset_expt_dgr_multiple_all_columns_subset_by_rows" name="all_datasets" time="5.00800000000004"/>
    <testcase classname="ds.dataFrameSubset_expt_dgr_multiple_all_columns_subset_by_rows" name="all_datasets" time="0.27800000000002"/>
    <testcase classname="ds.dataFrameSubset_expt_dgr_multiple_all_columns_subset_by_rows" name="all_datasets" time="0.266999999999939"/>
    <testcase classname="ds.dataFrameSubset_expt_dgr_multiple_all_columns_subset_by_rows" name="all_datasets" time="1.46500000000003"/>
  </testsuite>
  <testsuite errors="0" failures="0" hostname="fv-az14" name="ds.dataFrameSubset()::expt_dgr::single::all_columns::subset_by_rows" skipped="0" tests="20" time="32.154" timestamp="2020-09-12T15:22:43Z">
    <testcase classname="ds.dataFrameSubset_expt_dgr_single_all_columns_subset_by_rows" name="dataset_3" time="5.60800000000006"/>
    <testcase classname="ds.dataFrameSubset_expt_dgr_single_all_columns_subset_by_rows" name="dataset_3" time="0.940999999999917"/>
    <testcase classname="ds.dataFrameSubset_expt_dgr_single_all_columns_subset_by_rows" name="dataset_3" time="1.93100000000004"/>
    <testcase classname="ds.dataFrameSubset_expt_dgr_single_all_columns_subset_by_rows" name="dataset_3" time="0.94500000000005"/>
    <testcase classname="ds.dataFrameSubset_expt_dgr_single_all_columns_subset_by_rows" name="dataset_3" time="1.90499999999997"/>
    <testcase classname="ds.dataFrameSubset_expt_dgr_single_all_columns_subset_by_rows" name="dataset_3" time="0.937000000000012"/>
    <testcase classname="ds.dataFrameSubset_expt_dgr_single_all_columns_subset_by_rows" name="dataset_3" time="1.90699999999993"/>
    <testcase classname="ds.dataFrameSubset_expt_dgr_single_all_columns_subset_by_rows" name="dataset_3" time="0.951000000000022"/>
    <testcase classname="ds.dataFrameSubset_expt_dgr_single_all_columns_subset_by_rows" name="dataset_3" time="1.89300000000003"/>
    <testcase classname="ds.dataFrameSubset_expt_dgr_single_all_columns_subset_by_rows" name="dataset_3" time="0.938999999999965"/>
    <testcase classname="ds.dataFrameSubset_expt_dgr_single_all_columns_subset_by_rows" name="dataset_3" time="1.899"/>
    <testcase classname="ds.dataFrameSubset_expt_dgr_single_all_columns_subset_by_rows" name="dataset_3" time="0.956000000000017"/>
    <testcase classname="ds.dataFrameSubset_expt_dgr_single_all_columns_subset_by_rows" name="dataset_3" time="1.88599999999997"/>
    <testcase classname="ds.dataFrameSubset_expt_dgr_single_all_columns_subset_by_rows" name="dataset_3" time="0.946000000000026"/>
    <testcase classname="ds.dataFrameSubset_expt_dgr_single_all_columns_subset_by_rows" name="dataset_3" time="1.90499999999997"/>
    <testcase classname="ds.dataFrameSubset_expt_dgr_single_all_columns_subset_by_rows" name="dataset_3" time="0.942000000000007"/>
    <testcase classname="ds.dataFrameSubset_expt_dgr_single_all_columns_subset_by_rows" name="dataset_3" time="1.89400000000001"/>
    <testcase classname="ds.dataFrameSubset_expt_dgr_single_all_columns_subset_by_rows" name="dataset_3" time="0.936000000000035"/>
    <testcase classname="ds.dataFrameSubset_expt_dgr_single_all_columns_subset_by_rows" name="dataset_3" time="1.89400000000001"/>
    <testcase classname="ds.dataFrameSubset_expt_dgr_single_all_columns_subset_by_rows" name="dataset_3" time="0.938999999999965"/>
  </testsuite>
  <testsuite errors="0" failures="0" hostname="fv-az14" name="ds.dataFrameSubset()::expt_dgr::multiple::subset_by_rows_columns" skipped="0" tests="60" time="135.592" timestamp="2020-09-12T15:23:15Z">
    <testcase classname="ds.dataFrameSubset_expt_dgr_multiple_subset_by_rows_columns" name="all_datasets" time="13.5600000000001"/>
    <testcase classname="ds.dataFrameSubset_expt_dgr_multiple_subset_by_rows_columns" name="all_datasets" time="1.20600000000002"/>
    <testcase classname="ds.dataFrameSubset_expt_dgr_multiple_subset_by_rows_columns" name="all_datasets" time="0.310999999999922"/>
    <testcase classname="ds.dataFrameSubset_expt_dgr_multiple_subset_by_rows_columns" name="all_datasets" time="1.28300000000002"/>
    <testcase classname="ds.dataFrameSubset_expt_dgr_multiple_subset_by_rows_columns" name="all_datasets" time="0.265999999999963"/>
    <testcase classname="ds.dataFrameSubset_expt_dgr_multiple_subset_by_rows_columns" name="all_datasets" time="1.22400000000005"/>
    <testcase classname="ds.dataFrameSubset_expt_dgr_multiple_subset_by_rows_columns" name="all_datasets" time="8.94600000000003"/>
    <testcase classname="ds.dataFrameSubset_expt_dgr_multiple_subset_by_rows_columns" name="all_datasets" time="1.21199999999999"/>
    <testcase classname="ds.dataFrameSubset_expt_dgr_multiple_subset_by_rows_columns" name="all_datasets" time="0.265999999999963"/>
    <testcase classname="ds.dataFrameSubset_expt_dgr_multiple_subset_by_rows_columns" name="all_datasets" time="1.19900000000007"/>
    <testcase classname="ds.dataFrameSubset_expt_dgr_multiple_subset_by_rows_columns" name="all_datasets" time="0.26400000000001"/>
    <testcase classname="ds.dataFrameSubset_expt_dgr_multiple_subset_by_rows_columns" name="all_datasets" time="1.21899999999994"/>
    <testcase classname="ds.dataFrameSubset_expt_dgr_multiple_subset_by_rows_columns" name="all_datasets" time="8.86000000000001"/>
    <testcase classname="ds.dataFrameSubset_expt_dgr_multiple_subset_by_rows_columns" name="all_datasets" time="1.23099999999999"/>
    <testcase classname="ds.dataFrameSubset_expt_dgr_multiple_subset_by_rows_columns" name="all_datasets" time="0.26400000000001"/>
    <testcase classname="ds.dataFrameSubset_expt_dgr_multiple_subset_by_rows_columns" name="all_datasets" time="1.21899999999994"/>
    <testcase classname="ds.dataFrameSubset_expt_dgr_multiple_subset_by_rows_columns" name="all_datasets" time="0.2650000000001"/>
    <testcase classname="ds.dataFrameSubset_expt_dgr_multiple_subset_by_rows_columns" name="all_datasets" time="1.20699999999999"/>
    <testcase classname="ds.dataFrameSubset_expt_dgr_multiple_subset_by_rows_columns" name="all_datasets" time="8.87900000000002"/>
    <testcase classname="ds.dataFrameSubset_expt_dgr_multiple_subset_by_rows_columns" name="all_datasets" time="1.21999999999991"/>
    <testcase classname="ds.dataFrameSubset_expt_dgr_multiple_subset_by_rows_columns" name="all_datasets" time="0.267000000000053"/>
    <testcase classname="ds.dataFrameSubset_expt_dgr_multiple_subset_by_rows_columns" name="all_datasets" time="1.21500000000003"/>
    <testcase classname="ds.dataFrameSubset_expt_dgr_multiple_subset_by_rows_columns" name="all_datasets" time="0.267999999999915"/>
    <testcase classname="ds.dataFrameSubset_expt_dgr_multiple_subset_by_rows_columns" name="all_datasets" time="1.2170000000001"/>
    <testcase classname="ds.dataFrameSubset_expt_dgr_multiple_subset_by_rows_columns" name="all_datasets" time="8.84999999999991"/>
    <testcase classname="ds.dataFrameSubset_expt_dgr_multiple_subset_by_rows_columns" name="all_datasets" time="1.21400000000006"/>
    <testcase classname="ds.dataFrameSubset_expt_dgr_multiple_subset_by_rows_columns" name="all_datasets" time="0.264999999999986"/>
    <testcase classname="ds.dataFrameSubset_expt_dgr_multiple_subset_by_rows_columns" name="all_datasets" time="1.20699999999999"/>
    <testcase classname="ds.dataFrameSubset_expt_dgr_multiple_subset_by_rows_columns" name="all_datasets" time="0.269999999999982"/>
    <testcase classname="ds.dataFrameSubset_expt_dgr_multiple_subset_by_rows_columns" name="all_datasets" time="1.20700000000011"/>
    <testcase classname="ds.dataFrameSubset_expt_dgr_multiple_subset_by_rows_columns" name="all_datasets" time="8.8839999999999"/>
    <testcase classname="ds.dataFrameSubset_expt_dgr_multiple_subset_by_rows_columns" name="all_datasets" time="1.20000000000005"/>
    <testcase classname="ds.dataFrameSubset_expt_dgr_multiple_subset_by_rows_columns" name="all_datasets" time="0.27800000000002"/>
    <testcase classname="ds.dataFrameSubset_expt_dgr_multiple_subset_by_rows_columns" name="all_datasets" time="1.20499999999993"/>
    <testcase classname="ds.dataFrameSubset_expt_dgr_multiple_subset_by_rows_columns" name="all_datasets" time="0.2650000000001"/>
    <testcase classname="ds.dataFrameSubset_expt_dgr_multiple_subset_by_rows_columns" name="all_datasets" time="1.20499999999993"/>
    <testcase classname="ds.dataFrameSubset_expt_dgr_multiple_subset_by_rows_columns" name="all_datasets" time="8.86200000000008"/>
    <testcase classname="ds.dataFrameSubset_expt_dgr_multiple_subset_by_rows_columns" name="all_datasets" time="1.20699999999999"/>
    <testcase classname="ds.dataFrameSubset_expt_dgr_multiple_subset_by_rows_columns" name="all_datasets" time="0.272999999999911"/>
    <testcase classname="ds.dataFrameSubset_expt_dgr_multiple_subset_by_rows_columns" name="all_datasets" time="1.202"/>
    <testcase classname="ds.dataFrameSubset_expt_dgr_multiple_subset_by_rows_columns" name="all_datasets" time="0.26400000000001"/>
    <testcase classname="ds.dataFrameSubset_expt_dgr_multiple_subset_by_rows_columns" name="all_datasets" time="1.21000000000004"/>
    <testcase classname="ds.dataFrameSubset_expt_dgr_multiple_subset_by_rows_columns" name="all_datasets" time="8.89099999999996"/>
    <testcase classname="ds.dataFrameSubset_expt_dgr_multiple_subset_by_rows_columns" name="all_datasets" time="1.20699999999999"/>
    <testcase classname="ds.dataFrameSubset_expt_dgr_multiple_subset_by_rows_columns" name="all_datasets" time="0.541000000000054"/>
    <testcase classname="ds.dataFrameSubset_expt_dgr_multiple_subset_by_rows_columns" name="all_datasets" time="1.21500000000003"/>
    <testcase classname="ds.dataFrameSubset_expt_dgr_multiple_subset_by_rows_columns" name="all_datasets" time="0.269999999999982"/>
    <testcase classname="ds.dataFrameSubset_expt_dgr_multiple_subset_by_rows_columns" name="all_datasets" time="1.21699999999998"/>
    <testcase classname="ds.dataFrameSubset_expt_dgr_multiple_subset_by_rows_columns" name="all_datasets" time="8.90200000000004"/>
    <testcase classname="ds.dataFrameSubset_expt_dgr_multiple_subset_by_rows_columns" name="all_datasets" time="1.20799999999997"/>
    <testcase classname="ds.dataFrameSubset_expt_dgr_multiple_subset_by_rows_columns" name="all_datasets" time="0.264999999999986"/>
    <testcase classname="ds.dataFrameSubset_expt_dgr_multiple_subset_by_rows_columns" name="all_datasets" time="1.22000000000003"/>
    <testcase classname="ds.dataFrameSubset_expt_dgr_multiple_subset_by_rows_columns" name="all_datasets" time="0.266999999999939"/>
    <testcase classname="ds.dataFrameSubset_expt_dgr_multiple_subset_by_rows_columns" name="all_datasets" time="1.21000000000004"/>
    <testcase classname="ds.dataFrameSubset_expt_dgr_multiple_subset_by_rows_columns" name="all_datasets" time="8.85399999999993"/>
    <testcase classname="ds.dataFrameSubset_expt_dgr_multiple_subset_by_rows_columns" name="all_datasets" time="1.22200000000009"/>
    <testcase classname="ds.dataFrameSubset_expt_dgr_multiple_subset_by_rows_columns" name="all_datasets" time="0.269999999999982"/>
    <testcase classname="ds.dataFrameSubset_expt_dgr_multiple_subset_by_rows_columns" name="all_datasets" time="1.20600000000002"/>
    <testcase classname="ds.dataFrameSubset_expt_dgr_multiple_subset_by_rows_columns" name="all_datasets" time="0.271999999999935"/>
    <testcase classname="ds.dataFrameSubset_expt_dgr_multiple_subset_by_rows_columns" name="all_datasets" time="1.21900000000005"/>
  </testsuite>
  <testsuite errors="0" failures="0" hostname="fv-az14" name="ds.dataFrameSubset()::expt_dgr::single::subset_by_rows_columns" skipped="0" tests="20" time="39.085" timestamp="2020-09-12T15:25:31Z">
    <testcase classname="ds.dataFrameSubset_expt_dgr_single_subset_by_rows_columns" name="dataset_1" time="6.59100000000001"/>
    <testcase classname="ds.dataFrameSubset_expt_dgr_single_subset_by_rows_columns" name="dataset_1" time="0.697999999999979"/>
    <testcase classname="ds.dataFrameSubset_expt_dgr_single_subset_by_rows_columns" name="dataset_1" time="2.87300000000005"/>
    <testcase classname="ds.dataFrameSubset_expt_dgr_single_subset_by_rows_columns" name="dataset_1" time="0.699999999999932"/>
    <testcase classname="ds.dataFrameSubset_expt_dgr_single_subset_by_rows_columns" name="dataset_1" time="2.827"/>
    <testcase classname="ds.dataFrameSubset_expt_dgr_single_subset_by_rows_columns" name="dataset_1" time="0.704000000000065"/>
    <testcase classname="ds.dataFrameSubset_expt_dgr_single_subset_by_rows_columns" name="dataset_1" time="2.827"/>
    <testcase classname="ds.dataFrameSubset_expt_dgr_single_subset_by_rows_columns" name="dataset_1" time="0.695999999999913"/>
    <testcase classname="ds.dataFrameSubset_expt_dgr_single_subset_by_rows_columns" name="dataset_1" time="2.83600000000001"/>
    <testcase classname="ds.dataFrameSubset_expt_dgr_single_subset_by_rows_columns" name="dataset_1" time="0.696000000000026"/>
    <testcase classname="ds.dataFrameSubset_expt_dgr_single_subset_by_rows_columns" name="dataset_1" time="2.82399999999996"/>
    <testcase classname="ds.dataFrameSubset_expt_dgr_single_subset_by_rows_columns" name="dataset_1" time="0.701000000000022"/>
    <testcase classname="ds.dataFrameSubset_expt_dgr_single_subset_by_rows_columns" name="dataset_1" time="2.83199999999999"/>
    <testcase classname="ds.dataFrameSubset_expt_dgr_single_subset_by_rows_columns" name="dataset_1" time="0.692000000000007"/>
    <testcase classname="ds.dataFrameSubset_expt_dgr_single_subset_by_rows_columns" name="dataset_1" time="2.822"/>
    <testcase classname="ds.dataFrameSubset_expt_dgr_single_subset_by_rows_columns" name="dataset_1" time="0.705000000000041"/>
    <testcase classname="ds.dataFrameSubset_expt_dgr_single_subset_by_rows_columns" name="dataset_1" time="2.83600000000001"/>
    <testcase classname="ds.dataFrameSubset_expt_dgr_single_subset_by_rows_columns" name="dataset_1" time="0.697000000000003"/>
    <testcase classname="ds.dataFrameSubset_expt_dgr_single_subset_by_rows_columns" name="dataset_1" time="2.82399999999996"/>
    <testcase classname="ds.dataFrameSubset_expt_dgr_single_subset_by_rows_columns" name="dataset_1" time="0.703999999999951"/>
  </testsuite>
  <testsuite errors="0" failures="0" hostname="fv-az14" name="ds.dataFrameSubset()::expt_dgr::multiple::subset_by_rows_columns" skipped="0" tests="60" time="135.63" timestamp="2020-09-12T15:26:10Z">
    <testcase classname="ds.dataFrameSubset_expt_dgr_multiple_subset_by_rows_columns" name="all_datasets" time="13.716"/>
    <testcase classname="ds.dataFrameSubset_expt_dgr_multiple_subset_by_rows_columns" name="all_datasets" time="1.21300000000008"/>
    <testcase classname="ds.dataFrameSubset_expt_dgr_multiple_subset_by_rows_columns" name="all_datasets" time="0.303999999999974"/>
    <testcase classname="ds.dataFrameSubset_expt_dgr_multiple_subset_by_rows_columns" name="all_datasets" time="1.26599999999996"/>
    <testcase classname="ds.dataFrameSubset_expt_dgr_multiple_subset_by_rows_columns" name="all_datasets" time="0.269999999999982"/>
    <testcase classname="ds.dataFrameSubset_expt_dgr_multiple_subset_by_rows_columns" name="all_datasets" time="1.21500000000003"/>
    <testcase classname="ds.dataFrameSubset_expt_dgr_multiple_subset_by_rows_columns" name="all_datasets" time="8.88499999999999"/>
    <testcase classname="ds.dataFrameSubset_expt_dgr_multiple_subset_by_rows_columns" name="all_datasets" time="1.21500000000003"/>
    <testcase classname="ds.dataFrameSubset_expt_dgr_multiple_subset_by_rows_columns" name="all_datasets" time="0.271000000000072"/>
    <testcase classname="ds.dataFrameSubset_expt_dgr_multiple_subset_by_rows_columns" name="all_datasets" time="1.21799999999996"/>
    <testcase classname="ds.dataFrameSubset_expt_dgr_multiple_subset_by_rows_columns" name="all_datasets" time="0.273000000000025"/>
    <testcase classname="ds.dataFrameSubset_expt_dgr_multiple_subset_by_rows_columns" name="all_datasets" time="1.20899999999995"/>
    <testcase classname="ds.dataFrameSubset_expt_dgr_multiple_subset_by_rows_columns" name="all_datasets" time="8.82000000000005"/>
    <testcase classname="ds.dataFrameSubset_expt_dgr_multiple_subset_by_rows_columns" name="all_datasets" time="1.21999999999991"/>
    <testcase classname="ds.dataFrameSubset_expt_dgr_multiple_subset_by_rows_columns" name="all_datasets" time="0.266000000000076"/>
    <testcase classname="ds.dataFrameSubset_expt_dgr_multiple_subset_by_rows_columns" name="all_datasets" time="1.21100000000001"/>
    <testcase classname="ds.dataFrameSubset_expt_dgr_multiple_subset_by_rows_columns" name="all_datasets" time="0.271999999999935"/>
    <testcase classname="ds.dataFrameSubset_expt_dgr_multiple_subset_by_rows_columns" name="all_datasets" time="1.202"/>
    <testcase classname="ds.dataFrameSubset_expt_dgr_multiple_subset_by_rows_columns" name="all_datasets" time="8.91100000000006"/>
    <testcase classname="ds.dataFrameSubset_expt_dgr_multiple_subset_by_rows_columns" name="all_datasets" time="1.23699999999997"/>
    <testcase classname="ds.dataFrameSubset_expt_dgr_multiple_subset_by_rows_columns" name="all_datasets" time="0.270999999999958"/>
    <testcase classname="ds.dataFrameSubset_expt_dgr_multiple_subset_by_rows_columns" name="all_datasets" time="1.22700000000009"/>
    <testcase classname="ds.dataFrameSubset_expt_dgr_multiple_subset_by_rows_columns" name="all_datasets" time="0.271999999999935"/>
    <testcase classname="ds.dataFrameSubset_expt_dgr_multiple_subset_by_rows_columns" name="all_datasets" time="1.22400000000005"/>
    <testcase classname="ds.dataFrameSubset_expt_dgr_multiple_subset_by_rows_columns" name="all_datasets" time="8.97899999999993"/>
    <testcase classname="ds.dataFrameSubset_expt_dgr_multiple_subset_by_rows_columns" name="all_datasets" time="1.21000000000004"/>
    <testcase classname="ds.dataFrameSubset_expt_dgr_multiple_subset_by_rows_columns" name="all_datasets" time="0.267000000000053"/>
    <testcase classname="ds.dataFrameSubset_expt_dgr_multiple_subset_by_rows_columns" name="all_datasets" time="1.20899999999995"/>
    <testcase classname="ds.dataFrameSubset_expt_dgr_multiple_subset_by_rows_columns" name="all_datasets" time="0.268000000000029"/>
    <testcase classname="ds.dataFrameSubset_expt_dgr_multiple_subset_by_rows_columns" name="all_datasets" time="1.21500000000003"/>
    <testcase classname="ds.dataFrameSubset_expt_dgr_multiple_subset_by_rows_columns" name="all_datasets" time="8.90099999999995"/>
    <testcase classname="ds.dataFrameSubset_expt_dgr_multiple_subset_by_rows_columns" name="all_datasets" time="1.21199999999999"/>
    <testcase classname="ds.dataFrameSubset_expt_dgr_multiple_subset_by_rows_columns" name="all_datasets" time="0.267000000000053"/>
    <testcase classname="ds.dataFrameSubset_expt_dgr_multiple_subset_by_rows_columns" name="all_datasets" time="1.21699999999998"/>
    <testcase classname="ds.dataFrameSubset_expt_dgr_multiple_subset_by_rows_columns" name="all_datasets" time="0.274000000000001"/>
    <testcase classname="ds.dataFrameSubset_expt_dgr_multiple_subset_by_rows_columns" name="all_datasets" time="1.21299999999997"/>
    <testcase classname="ds.dataFrameSubset_expt_dgr_multiple_subset_by_rows_columns" name="all_datasets" time="8.85300000000007"/>
    <testcase classname="ds.dataFrameSubset_expt_dgr_multiple_subset_by_rows_columns" name="all_datasets" time="1.2109999999999"/>
    <testcase classname="ds.dataFrameSubset_expt_dgr_multiple_subset_by_rows_columns" name="all_datasets" time="0.270000000000095"/>
    <testcase classname="ds.dataFrameSubset_expt_dgr_multiple_subset_by_rows_columns" name="all_datasets" time="1.21699999999998"/>
    <testcase classname="ds.dataFrameSubset_expt_dgr_multiple_subset_by_rows_columns" name="all_datasets" time="0.267999999999915"/>
    <testcase classname="ds.dataFrameSubset_expt_dgr_multiple_subset_by_rows_columns" name="all_datasets" time="1.21500000000003"/>
    <testcase classname="ds.dataFrameSubset_expt_dgr_multiple_subset_by_rows_columns" name="all_datasets" time="8.86400000000003"/>
    <testcase classname="ds.dataFrameSubset_expt_dgr_multiple_subset_by_rows_columns" name="all_datasets" time="1.21199999999999"/>
    <testcase classname="ds.dataFrameSubset_expt_dgr_multiple_subset_by_rows_columns" name="all_datasets" time="0.265999999999963"/>
    <testcase classname="ds.dataFrameSubset_expt_dgr_multiple_subset_by_rows_columns" name="all_datasets" time="1.23900000000003"/>
    <testcase classname="ds.dataFrameSubset_expt_dgr_multiple_subset_by_rows_columns" name="all_datasets" time="0.268000000000029"/>
    <testcase classname="ds.dataFrameSubset_expt_dgr_multiple_subset_by_rows_columns" name="all_datasets" time="1.21199999999999"/>
    <testcase classname="ds.dataFrameSubset_expt_dgr_multiple_subset_by_rows_columns" name="all_datasets" time="8.92200000000003"/>
    <testcase classname="ds.dataFrameSubset_expt_dgr_multiple_subset_by_rows_columns" name="all_datasets" time="1.21899999999994"/>
    <testcase classname="ds.dataFrameSubset_expt_dgr_multiple_subset_by_rows_columns" name="all_datasets" time="0.268000000000029"/>
    <testcase classname="ds.dataFrameSubset_expt_dgr_multiple_subset_by_rows_columns" name="all_datasets" time="1.21299999999997"/>
    <testcase classname="ds.dataFrameSubset_expt_dgr_multiple_subset_by_rows_columns" name="all_datasets" time="0.269000000000005"/>
    <testcase classname="ds.dataFrameSubset_expt_dgr_multiple_subset_by_rows_columns" name="all_datasets" time="1.21100000000001"/>
    <testcase classname="ds.dataFrameSubset_expt_dgr_multiple_subset_by_rows_columns" name="all_datasets" time="8.82899999999995"/>
    <testcase classname="ds.dataFrameSubset_expt_dgr_multiple_subset_by_rows_columns" name="all_datasets" time="1.22300000000007"/>
    <testcase classname="ds.dataFrameSubset_expt_dgr_multiple_subset_by_rows_columns" name="all_datasets" time="0.268000000000029"/>
    <testcase classname="ds.dataFrameSubset_expt_dgr_multiple_subset_by_rows_columns" name="all_datasets" time="1.2059999999999"/>
    <testcase classname="ds.dataFrameSubset_expt_dgr_multiple_subset_by_rows_columns" name="all_datasets" time="0.276000000000067"/>
    <testcase classname="ds.dataFrameSubset_expt_dgr_multiple_subset_by_rows_columns" name="all_datasets" time="1.21100000000001"/>
  </testsuite>
  <testsuite errors="0" failures="0" hostname="fv-az14" name="ds.dataFrameSubset()::expt_dgr::single::subset_by_rows_columns" skipped="0" tests="20" time="39.128" timestamp="2020-09-12T15:28:26Z">
    <testcase classname="ds.dataFrameSubset_expt_dgr_single_subset_by_rows_columns" name="dataset_2" time="6.55099999999993"/>
    <testcase classname="ds.dataFrameSubset_expt_dgr_single_subset_by_rows_columns" name="dataset_2" time="0.703000000000088"/>
    <testcase classname="ds.dataFrameSubset_expt_dgr_single_subset_by_rows_columns" name="dataset_2" time="2.86699999999996"/>
    <testcase classname="ds.dataFrameSubset_expt_dgr_single_subset_by_rows_columns" name="dataset_2" time="0.706000000000017"/>
    <testcase classname="ds.dataFrameSubset_expt_dgr_single_subset_by_rows_columns" name="dataset_2" time="2.84399999999994"/>
    <testcase classname="ds.dataFrameSubset_expt_dgr_single_subset_by_rows_columns" name="dataset_2" time="0.699000000000069"/>
    <testcase classname="ds.dataFrameSubset_expt_dgr_single_subset_by_rows_columns" name="dataset_2" time="2.83999999999992"/>
    <testcase classname="ds.dataFrameSubset_expt_dgr_single_subset_by_rows_columns" name="dataset_2" time="0.699000000000069"/>
    <testcase classname="ds.dataFrameSubset_expt_dgr_single_subset_by_rows_columns" name="dataset_2" time="2.83100000000002"/>
    <testcase classname="ds.dataFrameSubset_expt_dgr_single_subset_by_rows_columns" name="dataset_2" time="0.704999999999927"/>
    <testcase classname="ds.dataFrameSubset_expt_dgr_single_subset_by_rows_columns" name="dataset_2" time="2.81500000000005"/>
    <testcase classname="ds.dataFrameSubset_expt_dgr_single_subset_by_rows_columns" name="dataset_2" time="0.704999999999927"/>
    <testcase classname="ds.dataFrameSubset_expt_dgr_single_subset_by_rows_columns" name="dataset_2" time="2.85400000000004"/>
    <testcase classname="ds.dataFrameSubset_expt_dgr_single_subset_by_rows_columns" name="dataset_2" time="0.697000000000003"/>
    <testcase classname="ds.dataFrameSubset_expt_dgr_single_subset_by_rows_columns" name="dataset_2" time="2.82600000000002"/>
    <testcase classname="ds.dataFrameSubset_expt_dgr_single_subset_by_rows_columns" name="dataset_2" time="0.708999999999946"/>
    <testcase classname="ds.dataFrameSubset_expt_dgr_single_subset_by_rows_columns" name="dataset_2" time="2.846"/>
    <testcase classname="ds.dataFrameSubset_expt_dgr_single_subset_by_rows_columns" name="dataset_2" time="0.706999999999994"/>
    <testcase classname="ds.dataFrameSubset_expt_dgr_single_subset_by_rows_columns" name="dataset_2" time="2.82100000000003"/>
    <testcase classname="ds.dataFrameSubset_expt_dgr_single_subset_by_rows_columns" name="dataset_2" time="0.703000000000088"/>
  </testsuite>
  <testsuite errors="0" failures="0" hostname="fv-az14" name="ds.dataFrameSubset()::expt_dgr::multiple::all_rows_subset_by_columns" skipped="0" tests="36" time="66.2" timestamp="2020-09-12T15:29:05Z">
    <testcase classname="ds.dataFrameSubset_expt_dgr_multiple_all_rows_subset_by_columns" name="all_datasets" time="10.9399999999998"/>
    <testcase classname="ds.dataFrameSubset_expt_dgr_multiple_all_rows_subset_by_columns" name="all_datasets" time="1.21200000000022"/>
    <testcase classname="ds.dataFrameSubset_expt_dgr_multiple_all_rows_subset_by_columns" name="all_datasets" time="0.264999999999873"/>
    <testcase classname="ds.dataFrameSubset_expt_dgr_multiple_all_rows_subset_by_columns" name="all_datasets" time="1.20700000000011"/>
    <testcase classname="ds.dataFrameSubset_expt_dgr_multiple_all_rows_subset_by_columns" name="all_datasets" time="0.267999999999802"/>
    <testcase classname="ds.dataFrameSubset_expt_dgr_multiple_all_rows_subset_by_columns" name="all_datasets" time="1.21300000000019"/>
    <testcase classname="ds.dataFrameSubset_expt_dgr_multiple_all_rows_subset_by_columns" name="all_datasets" time="6.14599999999996"/>
    <testcase classname="ds.dataFrameSubset_expt_dgr_multiple_all_rows_subset_by_columns" name="all_datasets" time="1.22499999999991"/>
    <testcase classname="ds.dataFrameSubset_expt_dgr_multiple_all_rows_subset_by_columns" name="all_datasets" time="0.266000000000076"/>
    <testcase classname="ds.dataFrameSubset_expt_dgr_multiple_all_rows_subset_by_columns" name="all_datasets" time="1.22399999999993"/>
    <testcase classname="ds.dataFrameSubset_expt_dgr_multiple_all_rows_subset_by_columns" name="all_datasets" time="0.275000000000091"/>
    <testcase classname="ds.dataFrameSubset_expt_dgr_multiple_all_rows_subset_by_columns" name="all_datasets" time="1.20900000000006"/>
    <testcase classname="ds.dataFrameSubset_expt_dgr_multiple_all_rows_subset_by_columns" name="all_datasets" time="6.03699999999981"/>
    <testcase classname="ds.dataFrameSubset_expt_dgr_multiple_all_rows_subset_by_columns" name="all_datasets" time="1.21199999999999"/>
    <testcase classname="ds.dataFrameSubset_expt_dgr_multiple_all_rows_subset_by_columns" name="all_datasets" time="0.269000000000005"/>
    <testcase classname="ds.dataFrameSubset_expt_dgr_multiple_all_rows_subset_by_columns" name="all_datasets" time="1.20400000000018"/>
    <testcase classname="ds.dataFrameSubset_expt_dgr_multiple_all_rows_subset_by_columns" name="all_datasets" time="0.265999999999849"/>
    <testcase classname="ds.dataFrameSubset_expt_dgr_multiple_all_rows_subset_by_columns" name="all_datasets" time="1.20399999999995"/>
    <testcase classname="ds.dataFrameSubset_expt_dgr_multiple_all_rows_subset_by_columns" name="all_datasets" time="6.029"/>
    <testcase classname="ds.dataFrameSubset_expt_dgr_multiple_all_rows_subset_by_columns" name="all_datasets" time="1.20800000000008"/>
    <testcase classname="ds.dataFrameSubset_expt_dgr_multiple_all_rows_subset_by_columns" name="all_datasets" time="0.271999999999935"/>
    <testcase classname="ds.dataFrameSubset_expt_dgr_multiple_all_rows_subset_by_columns" name="all_datasets" time="1.21800000000007"/>
    <testcase classname="ds.dataFrameSubset_expt_dgr_multiple_all_rows_subset_by_columns" name="all_datasets" time="0.266000000000076"/>
    <testcase classname="ds.dataFrameSubset_expt_dgr_multiple_all_rows_subset_by_columns" name="all_datasets" time="1.19899999999984"/>
    <testcase classname="ds.dataFrameSubset_expt_dgr_multiple_all_rows_subset_by_columns" name="all_datasets" time="6.00900000000001"/>
    <testcase classname="ds.dataFrameSubset_expt_dgr_multiple_all_rows_subset_by_columns" name="all_datasets" time="1.21800000000007"/>
    <testcase classname="ds.dataFrameSubset_expt_dgr_multiple_all_rows_subset_by_columns" name="all_datasets" time="0.267000000000053"/>
    <testcase classname="ds.dataFrameSubset_expt_dgr_multiple_all_rows_subset_by_columns" name="all_datasets" time="1.20299999999997"/>
    <testcase classname="ds.dataFrameSubset_expt_dgr_multiple_all_rows_subset_by_columns" name="all_datasets" time="0.266000000000076"/>
    <testcase classname="ds.dataFrameSubset_expt_dgr_multiple_all_rows_subset_by_columns" name="all_datasets" time="1.20899999999983"/>
    <testcase classname="ds.dataFrameSubset_expt_dgr_multiple_all_rows_subset_by_columns" name="all_datasets" time="6.02400000000011"/>
    <testcase classname="ds.dataFrameSubset_expt_dgr_multiple_all_rows_subset_by_columns" name="all_datasets" time="1.21299999999997"/>
    <testcase classname="ds.dataFrameSubset_expt_dgr_multiple_all_rows_subset_by_columns" name="all_datasets" time="0.2650000000001"/>
    <testcase classname="ds.dataFrameSubset_expt_dgr_multiple_all_rows_subset_by_columns" name="all_datasets" time="1.21399999999994"/>
    <testcase classname="ds.dataFrameSubset_expt_dgr_multiple_all_rows_subset_by_columns" name="all_datasets" time="0.265999999999849"/>
    <testcase classname="ds.dataFrameSubset_expt_dgr_multiple_all_rows_subset_by_columns" name="all_datasets" time="1.21200000000022"/>
  </testsuite>
  <testsuite errors="0" failures="0" hostname="fv-az14" name="ds.dataFrameSubset()::expt_dgr::multiple::all_rows_subset_by_columns" skipped="0" tests="12" time="25.088" timestamp="2020-09-12T15:30:11Z">
    <testcase classname="ds.dataFrameSubset_expt_dgr_multiple_all_rows_subset_by_columns" name="dataset_3" time="6.53699999999981"/>
    <testcase classname="ds.dataFrameSubset_expt_dgr_multiple_all_rows_subset_by_columns" name="dataset_3" time="0.701000000000022"/>
    <testcase classname="ds.dataFrameSubset_expt_dgr_multiple_all_rows_subset_by_columns" name="dataset_3" time="2.89599999999996"/>
    <testcase classname="ds.dataFrameSubset_expt_dgr_multiple_all_rows_subset_by_columns" name="dataset_3" time="0.70900000000006"/>
    <testcase classname="ds.dataFrameSubset_expt_dgr_multiple_all_rows_subset_by_columns" name="dataset_3" time="2.85799999999995"/>
    <testcase classname="ds.dataFrameSubset_expt_dgr_multiple_all_rows_subset_by_columns" name="dataset_3" time="0.710000000000036"/>
    <testcase classname="ds.dataFrameSubset_expt_dgr_multiple_all_rows_subset_by_columns" name="dataset_3" time="2.87100000000009"/>
    <testcase classname="ds.dataFrameSubset_expt_dgr_multiple_all_rows_subset_by_columns" name="dataset_3" time="0.704999999999927"/>
    <testcase classname="ds.dataFrameSubset_expt_dgr_multiple_all_rows_subset_by_columns" name="dataset_3" time="2.85500000000002"/>
    <testcase classname="ds.dataFrameSubset_expt_dgr_multiple_all_rows_subset_by_columns" name="dataset_3" time="0.708000000000084"/>
    <testcase classname="ds.dataFrameSubset_expt_dgr_multiple_all_rows_subset_by_columns" name="dataset_3" time="2.83299999999986"/>
    <testcase classname="ds.dataFrameSubset_expt_dgr_multiple_all_rows_subset_by_columns" name="dataset_3" time="0.705000000000155"/>
  </testsuite>
  <testsuite errors="0" failures="0" hostname="fv-az14" name="ds.skewness()::math_dgr::mean.median.mode::multiple" skipped="0" tests="10" time="17.302" timestamp="2020-09-12T15:30:36Z">
    <testcase classname="ds.skewness_math_dgr_mean.median.mode_multiple" name="skewness_0_mode_median_mean_or_skewness_0_mean_median_mode" time="7.12099999999987"/>
    <testcase classname="ds.skewness_math_dgr_mean.median.mode_multiple" name="skewness_0_mode_median_mean_or_skewness_0_mean_median_mode" time="0.000999999999976353"/>
    <testcase classname="ds.skewness_math_dgr_mean.median.mode_multiple" name="skewness_0_mode_median_mean_or_skewness_0_mean_median_mode" time="2.12100000000009"/>
    <testcase classname="ds.skewness_math_dgr_mean.median.mode_multiple" name="skewness_0_mode_median_mean_or_skewness_0_mean_median_mode" time="0.00199999999995271"/>
    <testcase classname="ds.skewness_math_dgr_mean.median.mode_multiple" name="skewness_0_mode_median_mean_or_skewness_0_mean_median_mode" time="2.00099999999998"/>
    <testcase classname="ds.skewness_math_dgr_mean.median.mode_multiple" name="skewness_0_mode_median_mean_or_skewness_0_mean_median_mode" time="0.000999999999976353"/>
    <testcase classname="ds.skewness_math_dgr_mean.median.mode_multiple" name="skewness_0_mode_median_mean_or_skewness_0_mean_median_mode" time="2.01100000000019"/>
    <testcase classname="ds.skewness_math_dgr_mean.median.mode_multiple" name="skewness_0_mode_median_mean_or_skewness_0_mean_median_mode" time="0.000999999999976353"/>
    <testcase classname="ds.skewness_math_dgr_mean.median.mode_multiple" name="skewness_0_mode_median_mean_or_skewness_0_mean_median_mode" time="2.02999999999997"/>
    <testcase classname="ds.skewness_math_dgr_mean.median.mode_multiple" name="skewness_0_mode_median_mean_or_skewness_0_mean_median_mode" time="2.01299999999992"/>
  </testsuite>
  <testsuite errors="0" failures="0" hostname="fv-az14" name="ds.skewness()::math_dgr::Q1.Q2.Q3::multiple" skipped="0" tests="7" time="17.438" timestamp="2020-09-12T15:30:53Z">
    <testcase classname="ds.skewness_math_dgr_Q1.Q2.Q3_multiple" name="skewness_0_Q3_Q2_Q2_Q1_or_skewness_0_Q3_Q2_Q2_Q1" time="6.92900000000009"/>
    <testcase classname="ds.skewness_math_dgr_Q1.Q2.Q3_multiple" name="skewness_0_Q3_Q2_Q2_Q1_or_skewness_0_Q3_Q2_Q2_Q1" time="1.75"/>
    <testcase classname="ds.skewness_math_dgr_Q1.Q2.Q3_multiple" name="skewness_0_Q3_Q2_Q2_Q1_or_skewness_0_Q3_Q2_Q2_Q1" time="1.75"/>
    <testcase classname="ds.skewness_math_dgr_Q1.Q2.Q3_multiple" name="skewness_0_Q3_Q2_Q2_Q1_or_skewness_0_Q3_Q2_Q2_Q1" time="1.75099999999998"/>
    <testcase classname="ds.skewness_math_dgr_Q1.Q2.Q3_multiple" name="skewness_0_Q3_Q2_Q2_Q1_or_skewness_0_Q3_Q2_Q2_Q1" time="1.75700000000006"/>
    <testcase classname="ds.skewness_math_dgr_Q1.Q2.Q3_multiple" name="skewness_0_Q3_Q2_Q2_Q1_or_skewness_0_Q3_Q2_Q2_Q1" time="1.75699999999983"/>
    <testcase classname="ds.skewness_math_dgr_Q1.Q2.Q3_multiple" name="skewness_0_Q3_Q2_Q2_Q1_or_skewness_0_Q3_Q2_Q2_Q1" time="1.74400000000014"/>
  </testsuite>
  <testsuite errors="0" failures="0" hostname="fv-az14" name="ds.asCharacter::smk_dgr::setup" skipped="0" tests="3" time="5.086" timestamp="2020-09-12T15:31:11Z">
    <testcase classname="ds.asCharacter_smk_dgr_setup" name="setup" time="5.08400000000006"/>
    <testcase classname="ds.asCharacter_smk_dgr_setup" name="setup" time="0.000999999999976353"/>
    <testcase classname="ds.asCharacter_smk_dgr_setup" name="setup" time="0.000999999999976353"/>
  </testsuite>
  <testsuite errors="0" failures="0" hostname="fv-az14" name="ds.asCharacter::smk_dgr::simple test" skipped="0" tests="3" time="0.811" timestamp="2020-09-12T15:31:16Z">
    <testcase classname="ds.asCharacter_smk_dgr_simple_test" name="simple_test" time="0.807999999999993"/>
    <testcase classname="ds.asCharacter_smk_dgr_simple_test" name="simple_test" time="0.000999999999976353"/>
    <testcase classname="ds.asCharacter_smk_dgr_simple_test" name="simple_test" time="0.00199999999995271"/>
  </testsuite>
  <testsuite errors="0" failures="0" hostname="fv-az14" name="ds.asCharacter::smk_dgr::stutdown" skipped="0" tests="3" time="0.318" timestamp="2020-09-12T15:31:17Z">
    <testcase classname="ds.asCharacter_smk_dgr_stutdown" name="setup" time="0.315000000000055"/>
    <testcase classname="ds.asCharacter_smk_dgr_stutdown" name="setup" time="0.000999999999976353"/>
    <testcase classname="ds.asCharacter_smk_dgr_stutdown" name="setup" time="0.00199999999995271"/>
  </testsuite>
  <testsuite errors="0" failures="0" hostname="fv-az14" name="ds.asCharacter::smk_dgr::done" skipped="0" tests="0" time="0" timestamp="2020-09-12T15:31:18Z"/>
  <testsuite errors="0" failures="0" hostname="fv-az14" name="ds.listClientsideFunctions::smk_dgr::setup" skipped="0" tests="3" time="5.44" timestamp="2020-09-12T15:31:18Z">
    <testcase classname="ds.listClientsideFunctions_smk_dgr_setup" name="setup" time="5.43700000000013"/>
    <testcase classname="ds.listClientsideFunctions_smk_dgr_setup" name="setup" time="0.00199999999995271"/>
    <testcase classname="ds.listClientsideFunctions_smk_dgr_setup" name="setup" time="0.000999999999976353"/>
  </testsuite>
  <testsuite errors="0" failures="0" hostname="fv-az14" name="ds.listClientsideFunctions::smk_dgr::check results" skipped="0" tests="9" time="0.016" timestamp="2020-09-12T15:31:22Z">
    <testcase classname="ds.listClientsideFunctions_smk_dgr_check_results" name="check_results" time="0.00399999999990541"/>
    <testcase classname="ds.listClientsideFunctions_smk_dgr_check_results" name="check_results" time="0.00200000000018008"/>
    <testcase classname="ds.listClientsideFunctions_smk_dgr_check_results" name="check_results" time="0.000999999999976353"/>
    <testcase classname="ds.listClientsideFunctions_smk_dgr_check_results" name="check_results" time="0.000999999999976353"/>
    <testcase classname="ds.listClientsideFunctions_smk_dgr_check_results" name="check_results" time="0.00199999999995271"/>
    <testcase classname="ds.listClientsideFunctions_smk_dgr_check_results" name="check_results" time="0.000999999999976353"/>
    <testcase classname="ds.listClientsideFunctions_smk_dgr_check_results" name="check_results" time="0.00199999999995271"/>
    <testcase classname="ds.listClientsideFunctions_smk_dgr_check_results" name="check_results" time="0.00200000000018008"/>
    <testcase classname="ds.listClientsideFunctions_smk_dgr_check_results" name="check_results" time="0.000999999999976353"/>
  </testsuite>
  <testsuite errors="0" failures="0" hostname="fv-az14" name="ds.listClientsideFunctions::smk_dgr::shutdown" skipped="0" tests="3" time="0.276" timestamp="2020-09-12T15:31:22Z">
    <testcase classname="ds.listClientsideFunctions_smk_dgr_shutdown" name="shutdown" time="0.272999999999911"/>
    <testcase classname="ds.listClientsideFunctions_smk_dgr_shutdown" name="shutdown" time="0.000999999999976353"/>
    <testcase classname="ds.listClientsideFunctions_smk_dgr_shutdown" name="shutdown" time="0.00199999999995271"/>
  </testsuite>
  <testsuite errors="0" failures="0" hostname="fv-az14" name="ds.listClientsideFunctions::smk_dgr::done" skipped="0" tests="0" time="0" timestamp="2020-09-12T15:31:23Z"/>
  <testsuite errors="0" failures="0" hostname="fv-az14" name="ds.listServersideFunctions::smk_dgr::setup" skipped="0" tests="3" time="5.394" timestamp="2020-09-12T15:31:23Z">
    <testcase classname="ds.listServersideFunctions_smk_dgr_setup" name="setup" time="5.39200000000005"/>
    <testcase classname="ds.listServersideFunctions_smk_dgr_setup" name="setup" time="0.000999999999976353"/>
    <testcase classname="ds.listServersideFunctions_smk_dgr_setup" name="setup" time="0.000999999999976353"/>
  </testsuite>
  <testsuite errors="0" failures="0" hostname="fv-az14" name="ds.listServersideFunctions::smk_dgr::check results" skipped="0" tests="31" time="0.123" timestamp="2020-09-12T15:31:28Z">
    <testcase classname="ds.listServersideFunctions_smk_dgr_check_results" name="check_results" time="0.0790000000001783"/>
    <testcase classname="ds.listServersideFunctions_smk_dgr_check_results" name="check_results" time="0.000999999999976353"/>
    <testcase classname="ds.listServersideFunctions_smk_dgr_check_results" name="check_results" time="0.000999999999976353"/>
    <testcase classname="ds.listServersideFunctions_smk_dgr_check_results" name="check_results" time="0.000999999999976353"/>
    <testcase classname="ds.listServersideFunctions_smk_dgr_check_results" name="check_results" time="0.00199999999995271"/>
    <testcase classname="ds.listServersideFunctions_smk_dgr_check_results" name="check_results" time="0.000999999999976353"/>
    <testcase classname="ds.listServersideFunctions_smk_dgr_check_results" name="check_results" time="0.00199999999995271"/>
    <testcase classname="ds.listServersideFunctions_smk_dgr_check_results" name="check_results" time="0.000999999999976353"/>
    <testcase classname="ds.listServersideFunctions_smk_dgr_check_results" name="check_results" time="0.00100000000020373"/>
    <testcase classname="ds.listServersideFunctions_smk_dgr_check_results" name="check_results" time="0.000999999999976353"/>
    <testcase classname="ds.listServersideFunctions_smk_dgr_check_results" name="check_results" time="0.00199999999995271"/>
    <testcase classname="ds.listServersideFunctions_smk_dgr_check_results" name="check_results" time="0.000999999999976353"/>
    <testcase classname="ds.listServersideFunctions_smk_dgr_check_results" name="check_results" time="0.000999999999976353"/>
    <testcase classname="ds.listServersideFunctions_smk_dgr_check_results" name="check_results" time="0.00199999999995271"/>
    <testcase classname="ds.listServersideFunctions_smk_dgr_check_results" name="check_results" time="0.000999999999976353"/>
    <testcase classname="ds.listServersideFunctions_smk_dgr_check_results" name="check_results" time="0.00200000000018008"/>
    <testcase classname="ds.listServersideFunctions_smk_dgr_check_results" name="check_results" time="0.000999999999976353"/>
    <testcase classname="ds.listServersideFunctions_smk_dgr_check_results" name="check_results" time="0.00199999999995271"/>
    <testcase classname="ds.listServersideFunctions_smk_dgr_check_results" name="check_results" time="0.000999999999976353"/>
    <testcase classname="ds.listServersideFunctions_smk_dgr_check_results" name="check_results" time="0.00199999999995271"/>
    <testcase classname="ds.listServersideFunctions_smk_dgr_check_results" name="check_results" time="0.000999999999976353"/>
    <testcase classname="ds.listServersideFunctions_smk_dgr_check_results" name="check_results" time="0.00200000000018008"/>
    <testcase classname="ds.listServersideFunctions_smk_dgr_check_results" name="check_results" time="0.000999999999976353"/>
    <testcase classname="ds.listServersideFunctions_smk_dgr_check_results" name="check_results" time="0.00199999999995271"/>
    <testcase classname="ds.listServersideFunctions_smk_dgr_check_results" name="check_results" time="0.00199999999995271"/>
    <testcase classname="ds.listServersideFunctions_smk_dgr_check_results" name="check_results" time="0.000999999999976353"/>
    <testcase classname="ds.listServersideFunctions_smk_dgr_check_results" name="check_results" time="0.00199999999995271"/>
    <testcase classname="ds.listServersideFunctions_smk_dgr_check_results" name="check_results" time="0.000999999999976353"/>
    <testcase classname="ds.listServersideFunctions_smk_dgr_check_results" name="check_results" time="0.00200000000018008"/>
    <testcase classname="ds.listServersideFunctions_smk_dgr_check_results" name="check_results" time="0.00199999999995271"/>
    <testcase classname="ds.listServersideFunctions_smk_dgr_check_results" name="check_results" time="0.00199999999995271"/>
  </testsuite>
  <testsuite errors="0" failures="0" hostname="fv-az14" name="ds.listServersideFunctions::smk_dgr::shtudown" skipped="0" tests="3" time="0.28" timestamp="2020-09-12T15:31:28Z">
    <testcase classname="ds.listServersideFunctions_smk_dgr_shtudown" name="shutdown" time="0.277000000000044"/>
    <testcase classname="ds.listServersideFunctions_smk_dgr_shtudown" name="shutdown" time="0.000999999999976353"/>
    <testcase classname="ds.listServersideFunctions_smk_dgr_shtudown" name="shutdown" time="0.00199999999995271"/>
  </testsuite>
  <testsuite errors="0" failures="0" hostname="fv-az14" name="ds.listServersideFunctions::smk_dgr::done" skipped="0" tests="0" time="0" timestamp="2020-09-12T15:31:29Z"/>
</testsuites>
