<?xml version="1.0" encoding="UTF-8"?>
<testsuites>
  <testsuite name="ds.asCharacter::arg::test errors" timestamp="2020-07-06T23:06:13Z" hostname="fv-az14" tests="1" skipped="0" failures="0" errors="0" time="6.746">
    <testcase time="6.746" classname="ds.asCharacter_arg_test_errors" name="asCharacter_erros"/>
  </testsuite>
  <testsuite name="ds.asDataMatrix::arg::test errors" timestamp="2020-07-06T23:06:18Z" hostname="fv-az14" tests="1" skipped="0" failures="0" errors="0" time="4.839">
    <testcase time="4.839" classname="ds.asDataMatrix_arg_test_errors" name="asDataMatrix_erros"/>
  </testsuite>
  <testsuite name="ds.asFactor::arg::test errors" timestamp="2020-07-06T23:06:22Z" hostname="fv-az14" tests="3" skipped="0" failures="0" errors="0" time="4.782">
    <testcase time="4.721" classname="ds.asFactor_arg_test_errors" name="asFactor_erros"/>
    <testcase time="0.0479999999999983" classname="ds.asFactor_arg_test_errors" name="asFactor_erros"/>
    <testcase time="0.0130000000000017" classname="ds.asFactor_arg_test_errors" name="asFactor_erros"/>
  </testsuite>
  <testsuite name="ds.asInteger::arg::test errors" timestamp="2020-07-06T23:06:27Z" hostname="fv-az14" tests="1" skipped="0" failures="0" errors="0" time="4.712">
    <testcase time="4.712" classname="ds.asInteger_arg_test_errors" name="asInteger_erros"/>
  </testsuite>
  <testsuite name="ds.asList::arg::test errors" timestamp="2020-07-06T23:06:32Z" hostname="fv-az14" tests="1" skipped="0" failures="0" errors="0" time="4.689">
    <testcase time="4.689" classname="ds.asList_arg_test_errors" name="asList_erros"/>
  </testsuite>
  <testsuite name="ds.asLogical::arg::test errors" timestamp="2020-07-06T23:06:36Z" hostname="fv-az14" tests="1" skipped="0" failures="0" errors="0" time="4.661">
    <testcase time="4.661" classname="ds.asLogical_arg_test_errors" name="asLogical_erros"/>
  </testsuite>
  <testsuite name="ds.asMatrix::arg::test errors" timestamp="2020-07-06T23:06:41Z" hostname="fv-az14" tests="1" skipped="0" failures="0" errors="0" time="4.626">
    <testcase time="4.626" classname="ds.asMatrix_arg_test_errors" name="asMatrix_erros"/>
  </testsuite>
  <testsuite name="ds.asNumeric::arg::test errors" timestamp="2020-07-06T23:06:46Z" hostname="fv-az14" tests="1" skipped="0" failures="0" errors="0" time="4.669">
    <testcase time="4.669" classname="ds.asNumeric_arg_test_errors" name="asNumeric_erros"/>
  </testsuite>
  <testsuite name="ds.assign::arg::test errors" timestamp="2020-07-06T23:06:50Z" hostname="fv-az14" tests="1" skipped="0" failures="0" errors="0" time="4.682">
    <testcase time="4.682" classname="ds.assign_arg_test_errors" name="assign_erros"/>
  </testsuite>
  <testsuite name="ds.Boole::arg::test errors" timestamp="2020-07-06T23:06:55Z" hostname="fv-az14" tests="5" skipped="0" failures="0" errors="0" time="4.799">
    <testcase time="4.726" classname="ds.Boole_arg_test_errors" name="Boole_erros"/>
    <testcase time="0.0579999999999998" classname="ds.Boole_arg_test_errors" name="Boole_erros"/>
    <testcase time="0.00400000000000489" classname="ds.Boole_arg_test_errors" name="Boole_erros"/>
    <testcase time="0.00499999999999545" classname="ds.Boole_arg_test_errors" name="Boole_erros"/>
    <testcase time="0.00600000000000023" classname="ds.Boole_arg_test_errors" name="Boole_erros"/>
  </testsuite>
  <testsuite name="ds.cbind::arg::test errors" timestamp="2020-07-06T23:07:00Z" hostname="fv-az14" tests="2" skipped="0" failures="0" errors="0" time="6.083">
    <testcase time="4.975" classname="ds.cbind_arg_test_errors" name="cbind_erros"/>
    <testcase time="1.108" classname="ds.cbind_arg_test_errors" name="cbind_erros"/>
  </testsuite>
  <testsuite name="ds.changeRefGroup::arg::test errors" timestamp="2020-07-06T23:07:06Z" hostname="fv-az14" tests="3" skipped="0" failures="0" errors="0" time="5.702">
    <testcase time="4.706" classname="ds.changeRefGroup_arg_test_errors" name="changeRefGroup_erros"/>
    <testcase time="0.0249999999999915" classname="ds.changeRefGroup_arg_test_errors" name="changeRefGroup_erros"/>
    <testcase time="0.971000000000004" classname="ds.changeRefGroup_arg_test_errors" name="changeRefGroup_erros"/>
  </testsuite>
  <testsuite name="ds.class::arg::test errors" timestamp="2020-07-06T23:07:12Z" hostname="fv-az14" tests="1" skipped="0" failures="0" errors="0" time="4.707">
    <testcase time="4.70699999999999" classname="ds.class_arg_test_errors" name="class_erros"/>
  </testsuite>
  <testsuite name="ds.colnames::arg::test errors" timestamp="2020-07-06T23:07:16Z" hostname="fv-az14" tests="1" skipped="0" failures="0" errors="0" time="4.712">
    <testcase time="4.712" classname="ds.colnames_arg_test_errors" name="simple_colnames_errors"/>
  </testsuite>
  <testsuite name="ds.completeCases::arg::test errors" timestamp="2020-07-06T23:07:21Z" hostname="fv-az14" tests="1" skipped="0" failures="0" errors="0" time="4.621">
    <testcase time="4.62100000000001" classname="ds.completeCases_arg_test_errors" name="completeCases_errors"/>
  </testsuite>
  <testsuite name="ds.cor::arg::test errors" timestamp="2020-07-06T23:07:26Z" hostname="fv-az14" tests="3" skipped="0" failures="0" errors="0" time="8.152">
    <testcase time="4.72799999999999" classname="ds.cor_arg_test_errors" name="cor_erros"/>
    <testcase time="1.18299999999999" classname="ds.cor_arg_test_errors" name="cor_erros"/>
    <testcase time="2.241" classname="ds.cor_arg_test_errors" name="cor_erros"/>
  </testsuite>
  <testsuite name="ds.corTest::arg" timestamp="2020-07-06T23:07:34Z" hostname="fv-az14" tests="2" skipped="0" failures="0" errors="0" time="4.686">
    <testcase time="4.664" classname="ds.corTest_arg" name="simple_arg_test"/>
    <testcase time="0.0220000000000056" classname="ds.corTest_arg" name="simple_arg_test"/>
  </testsuite>
  <testsuite name="ds.cov::arg::test errors" timestamp="2020-07-06T23:07:39Z" hostname="fv-az14" tests="3" skipped="0" failures="0" errors="0" time="8.011">
    <testcase time="4.68499999999999" classname="ds.cov_arg_test_errors" name="cov_erros"/>
    <testcase time="1.131" classname="ds.cov_arg_test_errors" name="cov_erros"/>
    <testcase time="2.19500000000001" classname="ds.cov_arg_test_errors" name="cov_erros"/>
  </testsuite>
  <testsuite name="ds.c::arg::test errors" timestamp="2020-07-06T23:07:47Z" hostname="fv-az14" tests="1" skipped="0" failures="0" errors="0" time="4.671">
    <testcase time="4.67099999999999" classname="ds.c_arg_test_errors" name="simple_c_errors"/>
  </testsuite>
  <testsuite name="ds.dataFrameFill::arg::test errors" timestamp="2020-07-06T23:07:51Z" hostname="fv-az14" tests="3" skipped="0" failures="0" errors="0" time="6.022">
    <testcase time="4.60900000000001" classname="ds.dataFrameFill_arg_test_errors" name="dataFrameFill_erros"/>
    <testcase time="0.335999999999999" classname="ds.dataFrameFill_arg_test_errors" name="dataFrameFill_erros"/>
    <testcase time="1.077" classname="ds.dataFrameFill_arg_test_errors" name="dataFrameFill_erros"/>
  </testsuite>
  <testsuite name="ds.dataFrame::arg::test errors" timestamp="2020-07-06T23:07:57Z" hostname="fv-az14" tests="2" skipped="0" failures="0" errors="0" time="6.007">
    <testcase time="4.60000000000001" classname="ds.dataFrame_arg_test_errors" name="dataframe_erros"/>
    <testcase time="1.407" classname="ds.dataFrame_arg_test_errors" name="dataframe_erros"/>
  </testsuite>
  <testsuite name="ds.dataFrameSubset::arg::setup" timestamp="2020-07-06T23:07:59Z" hostname="fv-az14" tests="3" skipped="0" failures="0" errors="0" time="5.061">
    <testcase time="5.059" classname="ds.dataFrameSubset_arg_setup" name="setup"/>
    <testcase time="0.00100000000000477" classname="ds.dataFrameSubset_arg_setup" name="setup"/>
    <testcase time="0.000999999999990564" classname="ds.dataFrameSubset_arg_setup" name="setup"/>
  </testsuite>
  <testsuite name="ds.dataFrameSubset::arg::test errors" timestamp="2020-07-06T23:08:04Z" hostname="fv-az14" tests="1" skipped="0" failures="0" errors="0" time="0.007">
    <testcase time="0.007000000000005" classname="ds.dataFrameSubset_arg_test_errors" name="dataFrameSubset_erros"/>
  </testsuite>
  <testsuite name="ds.dataFrameSubset::arg::shutdown" timestamp="2020-07-06T23:08:04Z" hostname="fv-az14" tests="3" skipped="0" failures="0" errors="0" time="0.302">
    <testcase time="0.299999999999997" classname="ds.dataFrameSubset_arg_shutdown" name="shutdown"/>
    <testcase time="0.00100000000000477" classname="ds.dataFrameSubset_arg_shutdown" name="shutdown"/>
    <testcase time="0.000999999999990564" classname="ds.dataFrameSubset_arg_shutdown" name="shutdown"/>
  </testsuite>
  <testsuite name="ds.dataFrameSubset::arg::done" timestamp="2020-07-06T23:08:04Z" hostname="fv-az14" tests="0" skipped="0" failures="0" errors="0" time="0"/>
  <testsuite name="ds.dim::arg::test errors" timestamp="2020-07-06T23:08:09Z" hostname="fv-az14" tests="3" skipped="0" failures="0" errors="0" time="5.994">
    <testcase time="4.623" classname="ds.dim_arg_test_errors" name="dim_erros"/>
    <testcase time="1.10400000000001" classname="ds.dim_arg_test_errors" name="dim_erros"/>
    <testcase time="0.266999999999996" classname="ds.dim_arg_test_errors" name="dim_erros"/>
  </testsuite>
  <testsuite name="ds.exists::arg::test errors" timestamp="2020-07-06T23:08:15Z" hostname="fv-az14" tests="1" skipped="0" failures="0" errors="0" time="4.621">
    <testcase time="4.62099999999998" classname="ds.exists_arg_test_errors" name="simple_exists_errors"/>
  </testsuite>
  <testsuite name="ds.exp::arg::test errors" timestamp="2020-07-06T23:08:19Z" hostname="fv-az14" tests="1" skipped="0" failures="0" errors="0" time="4.649">
    <testcase time="4.649" classname="ds.exp_arg_test_errors" name="exp_erros"/>
  </testsuite>
  <testsuite name="ds.foobar::arg::setup" timestamp="2020-07-06T23:08:20Z" hostname="fv-az14" tests="3" skipped="0" failures="0" errors="0" time="4.95">
    <testcase time="4.94800000000001" classname="ds.foobar_arg_setup" name="setup"/>
    <testcase time="0.00100000000000477" classname="ds.foobar_arg_setup" name="setup"/>
    <testcase time="0.00100000000000477" classname="ds.foobar_arg_setup" name="setup"/>
  </testsuite>
  <testsuite name="ds.foobar::arg::aggregate" timestamp="2020-07-06T23:08:24Z" hostname="fv-az14" tests="2" skipped="0" failures="0" errors="0" time="0.008">
    <testcase time="0.00699999999997658" classname="ds.foobar_arg_aggregate" name="NULL_connections"/>
    <testcase time="0.00100000000000477" classname="ds.foobar_arg_aggregate" name="NULL_connections"/>
  </testsuite>
  <testsuite name="ds.foobar::arg::aggregate" timestamp="2020-07-06T23:08:24Z" hostname="fv-az14" tests="8" skipped="0" failures="0" errors="0" time="0.015">
    <testcase time="0.00800000000000978" classname="ds.foobar_arg_aggregate" name="NULL_expr"/>
    <testcase time="0.00100000000000477" classname="ds.foobar_arg_aggregate" name="NULL_expr"/>
    <testcase time="0.00100000000000477" classname="ds.foobar_arg_aggregate" name="NULL_expr"/>
    <testcase time="0.000999999999976353" classname="ds.foobar_arg_aggregate" name="NULL_expr"/>
    <testcase time="0.00100000000000477" classname="ds.foobar_arg_aggregate" name="NULL_expr"/>
    <testcase time="0.00100000000000477" classname="ds.foobar_arg_aggregate" name="NULL_expr"/>
    <testcase time="0.00100000000000477" classname="ds.foobar_arg_aggregate" name="NULL_expr"/>
    <testcase time="0.00100000000000477" classname="ds.foobar_arg_aggregate" name="NULL_expr"/>
  </testsuite>
  <testsuite name="ds.foobar::arg::aggregate" timestamp="2020-07-06T23:08:24Z" hostname="fv-az14" tests="8" skipped="0" failures="0" errors="0" time="0.227">
    <testcase time="0.218999999999994" classname="ds.foobar_arg_aggregate" name="non_existent_aggregate_foobarDS"/>
    <testcase time="0.00100000000000477" classname="ds.foobar_arg_aggregate" name="non_existent_aggregate_foobarDS"/>
    <testcase time="0.00100000000000477" classname="ds.foobar_arg_aggregate" name="non_existent_aggregate_foobarDS"/>
    <testcase time="0.000999999999976353" classname="ds.foobar_arg_aggregate" name="non_existent_aggregate_foobarDS"/>
    <testcase time="0.00100000000000477" classname="ds.foobar_arg_aggregate" name="non_existent_aggregate_foobarDS"/>
    <testcase time="0.00200000000000955" classname="ds.foobar_arg_aggregate" name="non_existent_aggregate_foobarDS"/>
    <testcase time="0.00100000000000477" classname="ds.foobar_arg_aggregate" name="non_existent_aggregate_foobarDS"/>
    <testcase time="0.00100000000000477" classname="ds.foobar_arg_aggregate" name="non_existent_aggregate_foobarDS"/>
  </testsuite>
  <testsuite name="ds.foobar::arg::assign" timestamp="2020-07-06T23:08:24Z" hostname="fv-az14" tests="2" skipped="0" failures="0" errors="0" time="0.009">
    <testcase time="0.00799999999998136" classname="ds.foobar_arg_assign" name="NULL_connections"/>
    <testcase time="0.00100000000000477" classname="ds.foobar_arg_assign" name="NULL_connections"/>
  </testsuite>
  <testsuite name="ds.foobar::arg::assign" timestamp="2020-07-06T23:08:24Z" hostname="fv-az14" tests="2" skipped="0" failures="0" errors="0" time="0.008">
    <testcase time="0.007000000000005" classname="ds.foobar_arg_assign" name="NULL_value"/>
    <testcase time="0.00100000000000477" classname="ds.foobar_arg_assign" name="NULL_value"/>
  </testsuite>
  <testsuite name="ds.foobar::arg::assign" timestamp="2020-07-06T23:08:24Z" hostname="fv-az14" tests="8" skipped="0" failures="0" errors="0" time="0.23">
    <testcase time="0.22199999999998" classname="ds.foobar_arg_assign" name="non_existent_assign_foobarDS"/>
    <testcase time="0.00100000000000477" classname="ds.foobar_arg_assign" name="non_existent_assign_foobarDS"/>
    <testcase time="0.00100000000000477" classname="ds.foobar_arg_assign" name="non_existent_assign_foobarDS"/>
    <testcase time="0.00100000000000477" classname="ds.foobar_arg_assign" name="non_existent_assign_foobarDS"/>
    <testcase time="0.00100000000000477" classname="ds.foobar_arg_assign" name="non_existent_assign_foobarDS"/>
    <testcase time="0.00100000000000477" classname="ds.foobar_arg_assign" name="non_existent_assign_foobarDS"/>
    <testcase time="0.000999999999976353" classname="ds.foobar_arg_assign" name="non_existent_assign_foobarDS"/>
    <testcase time="0.00200000000000955" classname="ds.foobar_arg_assign" name="non_existent_assign_foobarDS"/>
  </testsuite>
  <testsuite name="ds.foobar::arg::shutdown" timestamp="2020-07-06T23:08:25Z" hostname="fv-az14" tests="3" skipped="0" failures="0" errors="0" time="0.269">
    <testcase time="0.266999999999996" classname="ds.foobar_arg_shutdown" name="shutdown"/>
    <testcase time="0.00100000000000477" classname="ds.foobar_arg_shutdown" name="shutdown"/>
    <testcase time="0.00100000000000477" classname="ds.foobar_arg_shutdown" name="shutdown"/>
  </testsuite>
  <testsuite name="ds.foobar::arg::done" timestamp="2020-07-06T23:08:25Z" hostname="fv-az14" tests="0" skipped="0" failures="0" errors="0" time="0"/>
  <testsuite name="ds.glmerSLMA::arg::setup" timestamp="2020-07-06T23:08:25Z" hostname="fv-az14" tests="3" skipped="0" failures="0" errors="0" time="4.937">
    <testcase time="4.935" classname="ds.glmerSLMA_arg_setup" name="setup"/>
    <testcase time="0.00100000000000477" classname="ds.glmerSLMA_arg_setup" name="setup"/>
    <testcase time="0.00100000000000477" classname="ds.glmerSLMA_arg_setup" name="setup"/>
  </testsuite>
  <testsuite name="ds.glmerSLMA::arg::testing" timestamp="2020-07-06T23:08:30Z" hostname="fv-az14" tests="18" skipped="0" failures="0" errors="0" time="3.669">
    <testcase time="0.00799999999998136" classname="ds.glmerSLMA_arg_testing" name="simple_glmerSLMA_tesing_mis_use_of_arguments"/>
    <testcase time="2.22400000000002" classname="ds.glmerSLMA_arg_testing" name="simple_glmerSLMA_tesing_mis_use_of_arguments"/>
    <testcase time="0.000999999999976353" classname="ds.glmerSLMA_arg_testing" name="simple_glmerSLMA_tesing_mis_use_of_arguments"/>
    <testcase time="0.00100000000000477" classname="ds.glmerSLMA_arg_testing" name="simple_glmerSLMA_tesing_mis_use_of_arguments"/>
    <testcase time="0.00100000000000477" classname="ds.glmerSLMA_arg_testing" name="simple_glmerSLMA_tesing_mis_use_of_arguments"/>
    <testcase time="0.00100000000000477" classname="ds.glmerSLMA_arg_testing" name="simple_glmerSLMA_tesing_mis_use_of_arguments"/>
    <testcase time="0.520999999999987" classname="ds.glmerSLMA_arg_testing" name="simple_glmerSLMA_tesing_mis_use_of_arguments"/>
    <testcase time="0.00100000000000477" classname="ds.glmerSLMA_arg_testing" name="simple_glmerSLMA_tesing_mis_use_of_arguments"/>
    <testcase time="0.00100000000000477" classname="ds.glmerSLMA_arg_testing" name="simple_glmerSLMA_tesing_mis_use_of_arguments"/>
    <testcase time="0.00100000000000477" classname="ds.glmerSLMA_arg_testing" name="simple_glmerSLMA_tesing_mis_use_of_arguments"/>
    <testcase time="0.00200000000000955" classname="ds.glmerSLMA_arg_testing" name="simple_glmerSLMA_tesing_mis_use_of_arguments"/>
    <testcase time="0.262999999999977" classname="ds.glmerSLMA_arg_testing" name="simple_glmerSLMA_tesing_mis_use_of_arguments"/>
    <testcase time="0.634000000000015" classname="ds.glmerSLMA_arg_testing" name="simple_glmerSLMA_tesing_mis_use_of_arguments"/>
    <testcase time="0.000999999999976353" classname="ds.glmerSLMA_arg_testing" name="simple_glmerSLMA_tesing_mis_use_of_arguments"/>
    <testcase time="0.00200000000000955" classname="ds.glmerSLMA_arg_testing" name="simple_glmerSLMA_tesing_mis_use_of_arguments"/>
    <testcase time="0.00100000000000477" classname="ds.glmerSLMA_arg_testing" name="simple_glmerSLMA_tesing_mis_use_of_arguments"/>
    <testcase time="0.00100000000000477" classname="ds.glmerSLMA_arg_testing" name="simple_glmerSLMA_tesing_mis_use_of_arguments"/>
    <testcase time="0.00499999999999545" classname="ds.glmerSLMA_arg_testing" name="simple_glmerSLMA_tesing_mis_use_of_arguments"/>
  </testsuite>
  <testsuite name="ds.glmerSLMA::arg::shutdown" timestamp="2020-07-06T23:08:34Z" hostname="fv-az14" tests="3" skipped="0" failures="0" errors="0" time="0.267">
    <testcase time="0.264999999999986" classname="ds.glmerSLMA_arg_shutdown" name="setup"/>
    <testcase time="0.00100000000000477" classname="ds.glmerSLMA_arg_shutdown" name="setup"/>
    <testcase time="0.00100000000000477" classname="ds.glmerSLMA_arg_shutdown" name="setup"/>
  </testsuite>
  <testsuite name="ds.glmerSLMA::arg::done" timestamp="2020-07-06T23:08:34Z" hostname="fv-az14" tests="0" skipped="0" failures="0" errors="0" time="0"/>
  <testsuite name="ds.glm::arg::test errors" timestamp="2020-07-06T23:08:39Z" hostname="fv-az14" tests="2" skipped="0" failures="0" errors="0" time="4.999">
    <testcase time="4.68700000000001" classname="ds.glm_arg_test_errors" name="glm_erros"/>
    <testcase time="0.311999999999983" classname="ds.glm_arg_test_errors" name="glm_erros"/>
  </testsuite>
  <testsuite name="ds.glmSLMA::arg::test errors" timestamp="2020-07-06T23:08:43Z" hostname="fv-az14" tests="1" skipped="0" failures="0" errors="0" time="4.637">
    <testcase time="4.637" classname="ds.glmSLMA_arg_test_errors" name="glmSLMA_erros"/>
  </testsuite>
  <testsuite name="ds.isNA::smk::errors" timestamp="2020-07-06T23:08:48Z" hostname="fv-az14" tests="1" skipped="0" failures="0" errors="0" time="4.626">
    <testcase time="4.626" classname="ds.isNA_smk_errors" name="isNA_errors"/>
  </testsuite>
  <testsuite name="ds.isValid::smk::errors" timestamp="2020-07-06T23:08:53Z" hostname="fv-az14" tests="2" skipped="0" failures="0" errors="0" time="5.713">
    <testcase time="4.62899999999999" classname="ds.isValid_smk_errors" name="isValid_errors"/>
    <testcase time="1.084" classname="ds.isValid_smk_errors" name="isValid_errors"/>
  </testsuite>
  <testsuite name="ds.length::arg::test errors" timestamp="2020-07-06T23:08:58Z" hostname="fv-az14" tests="5" skipped="0" failures="0" errors="0" time="7.435">
    <testcase time="5.49200000000002" classname="ds.length_arg_test_errors" name="length_erros"/>
    <testcase time="0.0569999999999879" classname="ds.length_arg_test_errors" name="length_erros"/>
    <testcase time="0.00499999999999545" classname="ds.length_arg_test_errors" name="length_erros"/>
    <testcase time="0.942000000000007" classname="ds.length_arg_test_errors" name="length_erros"/>
    <testcase time="0.938999999999993" classname="ds.length_arg_test_errors" name="length_erros"/>
  </testsuite>
  <testsuite name="ds.levels::arg" timestamp="2020-07-06T23:09:06Z" hostname="fv-az14" tests="2" skipped="0" failures="0" errors="0" time="4.989">
    <testcase time="4.69900000000001" classname="ds.levels_arg" name="simple_levels"/>
    <testcase time="0.289999999999992" classname="ds.levels_arg" name="simple_levels"/>
  </testsuite>
  <testsuite name="ds.lexis::arg::test errors" timestamp="2020-07-06T23:09:11Z" hostname="fv-az14" tests="1" skipped="0" failures="0" errors="0" time="4.62">
    <testcase time="4.62" classname="ds.lexis_arg_test_errors" name="lexis_erros"/>
  </testsuite>
  <testsuite name="ds.list::arg::test errors" timestamp="2020-07-06T23:09:15Z" hostname="fv-az14" tests="1" skipped="0" failures="0" errors="0" time="4.602">
    <testcase time="4.602" classname="ds.list_arg_test_errors" name="simple_ds.list_errors"/>
  </testsuite>
  <testsuite name="ds.lmerSLMA::arg::setup" timestamp="2020-07-06T23:09:16Z" hostname="fv-az14" tests="3" skipped="0" failures="0" errors="0" time="4.895">
    <testcase time="4.893" classname="ds.lmerSLMA_arg_setup" name="setup"/>
    <testcase time="0.000999999999976353" classname="ds.lmerSLMA_arg_setup" name="setup"/>
    <testcase time="0.00100000000000477" classname="ds.lmerSLMA_arg_setup" name="setup"/>
  </testsuite>
  <testsuite name="ds.lmerSLMA::arg" timestamp="2020-07-06T23:09:20Z" hostname="fv-az14" tests="17" skipped="0" failures="0" errors="0" time="3.591">
    <testcase time="1.947" classname="ds.lmerSLMA_arg" name="simple_lmerSLMA_tesing_mis_use_of_arguments"/>
    <testcase time="0.00100000000000477" classname="ds.lmerSLMA_arg" name="simple_lmerSLMA_tesing_mis_use_of_arguments"/>
    <testcase time="0.00100000000000477" classname="ds.lmerSLMA_arg" name="simple_lmerSLMA_tesing_mis_use_of_arguments"/>
    <testcase time="0.00100000000000477" classname="ds.lmerSLMA_arg" name="simple_lmerSLMA_tesing_mis_use_of_arguments"/>
    <testcase time="0.00199999999998113" classname="ds.lmerSLMA_arg" name="simple_lmerSLMA_tesing_mis_use_of_arguments"/>
    <testcase time="0.691000000000003" classname="ds.lmerSLMA_arg" name="simple_lmerSLMA_tesing_mis_use_of_arguments"/>
    <testcase time="0.00200000000000955" classname="ds.lmerSLMA_arg" name="simple_lmerSLMA_tesing_mis_use_of_arguments"/>
    <testcase time="0.00100000000000477" classname="ds.lmerSLMA_arg" name="simple_lmerSLMA_tesing_mis_use_of_arguments"/>
    <testcase time="0.00100000000000477" classname="ds.lmerSLMA_arg" name="simple_lmerSLMA_tesing_mis_use_of_arguments"/>
    <testcase time="0.000999999999976353" classname="ds.lmerSLMA_arg" name="simple_lmerSLMA_tesing_mis_use_of_arguments"/>
    <testcase time="0.260000000000019" classname="ds.lmerSLMA_arg" name="simple_lmerSLMA_tesing_mis_use_of_arguments"/>
    <testcase time="0.673000000000002" classname="ds.lmerSLMA_arg" name="simple_lmerSLMA_tesing_mis_use_of_arguments"/>
    <testcase time="0.00199999999998113" classname="ds.lmerSLMA_arg" name="simple_lmerSLMA_tesing_mis_use_of_arguments"/>
    <testcase time="0.00100000000000477" classname="ds.lmerSLMA_arg" name="simple_lmerSLMA_tesing_mis_use_of_arguments"/>
    <testcase time="0.00100000000000477" classname="ds.lmerSLMA_arg" name="simple_lmerSLMA_tesing_mis_use_of_arguments"/>
    <testcase time="0.00200000000000955" classname="ds.lmerSLMA_arg" name="simple_lmerSLMA_tesing_mis_use_of_arguments"/>
    <testcase time="0.00399999999999068" classname="ds.lmerSLMA_arg" name="simple_lmerSLMA_tesing_mis_use_of_arguments"/>
  </testsuite>
  <testsuite name="ds.lmerSLMA::arg::shutdown" timestamp="2020-07-06T23:09:24Z" hostname="fv-az14" tests="3" skipped="0" failures="0" errors="0" time="0.273">
    <testcase time="0.270999999999987" classname="ds.lmerSLMA_arg_shutdown" name="shutdown"/>
    <testcase time="0.00100000000000477" classname="ds.lmerSLMA_arg_shutdown" name="shutdown"/>
    <testcase time="0.00100000000000477" classname="ds.lmerSLMA_arg_shutdown" name="shutdown"/>
  </testsuite>
  <testsuite name="ds.lmerSLMA::arg::done" timestamp="2020-07-06T23:09:25Z" hostname="fv-az14" tests="0" skipped="0" failures="0" errors="0" time="0"/>
  <testsuite name="ds.log::arg::test errors" timestamp="2020-07-06T23:09:29Z" hostname="fv-az14" tests="1" skipped="0" failures="0" errors="0" time="4.664">
    <testcase time="4.66400000000002" classname="ds.log_arg_test_errors" name="log_erros"/>
  </testsuite>
  <testsuite name="ds.look::arg::test errors" timestamp="2020-07-06T23:09:34Z" hostname="fv-az14" tests="2" skipped="0" failures="0" errors="0" time="4.615">
    <testcase time="4.61099999999999" classname="ds.look_arg_test_errors" name="look_erros"/>
    <testcase time="0.00399999999999068" classname="ds.look_arg_test_errors" name="look_erros"/>
  </testsuite>
  <testsuite name="ds.ls::arg::setup" timestamp="2020-07-06T23:09:34Z" hostname="fv-az14" tests="3" skipped="0" failures="0" errors="0" time="5">
    <testcase time="4.99800000000002" classname="ds.ls_arg_setup" name="setup"/>
    <testcase time="0.000999999999976353" classname="ds.ls_arg_setup" name="setup"/>
    <testcase time="0.00100000000000477" classname="ds.ls_arg_setup" name="setup"/>
  </testsuite>
  <testsuite name="ds.ls::arg" timestamp="2020-07-06T23:09:39Z" hostname="fv-az14" tests="6" skipped="0" failures="0" errors="0" time="0.012">
    <testcase time="0.00499999999999545" classname="ds.ls_arg" name="containing_escape_sequence"/>
    <testcase time="0.00100000000000477" classname="ds.ls_arg" name="containing_escape_sequence"/>
    <testcase time="0.00200000000000955" classname="ds.ls_arg" name="containing_escape_sequence"/>
    <testcase time="0.00100000000000477" classname="ds.ls_arg" name="containing_escape_sequence"/>
    <testcase time="0.00199999999998113" classname="ds.ls_arg" name="containing_escape_sequence"/>
    <testcase time="0.00100000000000477" classname="ds.ls_arg" name="containing_escape_sequence"/>
  </testsuite>
  <testsuite name="ds.ls::arg::shutdown" timestamp="2020-07-06T23:09:39Z" hostname="fv-az14" tests="3" skipped="0" failures="0" errors="0" time="0.266">
    <testcase time="0.263000000000005" classname="ds.ls_arg_shutdown" name="shutdown"/>
    <testcase time="0.00200000000000955" classname="ds.ls_arg_shutdown" name="shutdown"/>
    <testcase time="0.00100000000000477" classname="ds.ls_arg_shutdown" name="shutdown"/>
  </testsuite>
  <testsuite name="ds.ls::arg::done" timestamp="2020-07-06T23:09:39Z" hostname="fv-az14" tests="0" skipped="0" failures="0" errors="0" time="0"/>
  <testsuite name="ds.make::arg::test errors" timestamp="2020-07-06T23:09:43Z" hostname="fv-az14" tests="1" skipped="0" failures="0" errors="0" time="4.637">
    <testcase time="4.637" classname="ds.make_arg_test_errors" name="make_erros"/>
  </testsuite>
  <testsuite name="ds.matrixDet::arg::test errors" timestamp="2020-07-06T23:09:48Z" hostname="fv-az14" tests="1" skipped="0" failures="0" errors="0" time="4.649">
    <testcase time="4.649" classname="ds.matrixDet_arg_test_errors" name="matrixDet_erros"/>
  </testsuite>
  <testsuite name="ds.matrixDet.report::arg::test errors" timestamp="2020-07-06T23:09:53Z" hostname="fv-az14" tests="1" skipped="0" failures="0" errors="0" time="4.68">
    <testcase time="4.67999999999998" classname="ds.matrixDet.report_arg_test_errors" name="ds.matixDet.report_erros"/>
  </testsuite>
  <testsuite name="ds.matrixDiag::arg::test errors" timestamp="2020-07-06T23:09:57Z" hostname="fv-az14" tests="2" skipped="0" failures="0" errors="0" time="4.63">
    <testcase time="4.62900000000002" classname="ds.matrixDiag_arg_test_errors" name="matrixDiag_erros"/>
    <testcase time="0.000999999999976353" classname="ds.matrixDiag_arg_test_errors" name="matrixDiag_erros"/>
  </testsuite>
  <testsuite name="ds.matrixDimnames::arg::test errors" timestamp="2020-07-06T23:10:02Z" hostname="fv-az14" tests="1" skipped="0" failures="0" errors="0" time="4.623">
    <testcase time="4.62300000000002" classname="ds.matrixDimnames_arg_test_errors" name="matrixDimnames_erros"/>
  </testsuite>
  <testsuite name="ds.matrixInvert::arg::test errors" timestamp="2020-07-06T23:10:07Z" hostname="fv-az14" tests="1" skipped="0" failures="0" errors="0" time="4.64">
    <testcase time="4.63999999999999" classname="ds.matrixInvert_arg_test_errors" name="matrixInvert_erros"/>
  </testsuite>
  <testsuite name="ds.matrixMult::arg::test errors" timestamp="2020-07-06T23:10:11Z" hostname="fv-az14" tests="1" skipped="0" failures="0" errors="0" time="4.617">
    <testcase time="4.61700000000002" classname="ds.matrixMult_arg_test_errors" name="matrixMult_erros"/>
  </testsuite>
  <testsuite name="ds.matrix::arg::test errors" timestamp="2020-07-06T23:10:16Z" hostname="fv-az14" tests="1" skipped="0" failures="0" errors="0" time="4.622">
    <testcase time="4.62199999999999" classname="ds.matrix_arg_test_errors" name="matrix_erros"/>
  </testsuite>
  <testsuite name="ds.matrixTranspose::arg::test errors" timestamp="2020-07-06T23:10:21Z" hostname="fv-az14" tests="1" skipped="0" failures="0" errors="0" time="4.633">
    <testcase time="4.63299999999998" classname="ds.matrixTranspose_arg_test_errors" name="matrixTranspose_erros"/>
  </testsuite>
  <testsuite name="ds.meanByClass::arg::test errors" timestamp="2020-07-06T23:10:25Z" hostname="fv-az14" tests="8" skipped="0" failures="0" errors="0" time="10.456">
    <testcase time="7.35000000000002" classname="ds.meanByClass_arg_test_errors" name="meanByClass_erros"/>
    <testcase time="0.0040000000000191" classname="ds.meanByClass_arg_test_errors" name="meanByClass_erros"/>
    <testcase time="0.00199999999995271" classname="ds.meanByClass_arg_test_errors" name="meanByClass_erros"/>
    <testcase time="1.20700000000005" classname="ds.meanByClass_arg_test_errors" name="meanByClass_erros"/>
    <testcase time="0.000999999999976353" classname="ds.meanByClass_arg_test_errors" name="meanByClass_erros"/>
    <testcase time="1.88600000000002" classname="ds.meanByClass_arg_test_errors" name="meanByClass_erros"/>
    <testcase time="0.00199999999995271" classname="ds.meanByClass_arg_test_errors" name="meanByClass_erros"/>
    <testcase time="0.0040000000000191" classname="ds.meanByClass_arg_test_errors" name="meanByClass_erros"/>
  </testsuite>
  <testsuite name="ds.mean::arg::test errors" timestamp="2020-07-06T23:10:36Z" hostname="fv-az14" tests="3" skipped="0" failures="0" errors="0" time="6.514">
    <testcase time="5.50100000000003" classname="ds.mean_arg_test_errors" name="mean_erros"/>
    <testcase time="0.0749999999999886" classname="ds.mean_arg_test_errors" name="mean_erros"/>
    <testcase time="0.937999999999988" classname="ds.mean_arg_test_errors" name="mean_erros"/>
  </testsuite>
  <testsuite name="ds.meanSdGp::arg::test errors" timestamp="2020-07-06T23:10:42Z" hostname="fv-az14" tests="1" skipped="0" failures="0" errors="0" time="4.618">
    <testcase time="4.61799999999999" classname="ds.meanSdGp_arg_test_errors" name="meanSdGp_erros"/>
  </testsuite>
  <testsuite name="ds.merge::arg::test errors" timestamp="2020-07-06T23:10:47Z" hostname="fv-az14" tests="5" skipped="0" failures="0" errors="0" time="4.679">
    <testcase time="4.61799999999999" classname="ds.merge_arg_test_errors" name="merge_erros"/>
    <testcase time="0.0470000000000255" classname="ds.merge_arg_test_errors" name="merge_erros"/>
    <testcase time="0.00499999999999545" classname="ds.merge_arg_test_errors" name="merge_erros"/>
    <testcase time="0.00399999999996226" classname="ds.merge_arg_test_errors" name="merge_erros"/>
    <testcase time="0.00499999999999545" classname="ds.merge_arg_test_errors" name="merge_erros"/>
  </testsuite>
  <testsuite name="ds.message::arg" timestamp="2020-07-06T23:10:51Z" hostname="fv-az14" tests="2" skipped="0" failures="0" errors="0" time="4.625">
    <testcase time="4.62100000000004" classname="ds.message_arg" name="request_message_for_NULL"/>
    <testcase time="0.00399999999996226" classname="ds.message_arg" name="request_message_for_NULL"/>
  </testsuite>
  <testsuite name="ds.names::arg::test errors" timestamp="2020-07-06T23:10:56Z" hostname="fv-az14" tests="7" skipped="0" failures="0" errors="0" time="4.965">
    <testcase time="4.63800000000003" classname="ds.names_arg_test_errors" name="simple_ds.names_errors"/>
    <testcase time="0.322000000000003" classname="ds.names_arg_test_errors" name="simple_ds.names_errors"/>
    <testcase time="0.000999999999976353" classname="ds.names_arg_test_errors" name="simple_ds.names_errors"/>
    <testcase time="0.0010000000000332" classname="ds.names_arg_test_errors" name="simple_ds.names_errors"/>
    <testcase time="0.000999999999976353" classname="ds.names_arg_test_errors" name="simple_ds.names_errors"/>
    <testcase time="0.0010000000000332" classname="ds.names_arg_test_errors" name="simple_ds.names_errors"/>
    <testcase time="0.000999999999976353" classname="ds.names_arg_test_errors" name="simple_ds.names_errors"/>
  </testsuite>
  <testsuite name="ds.numNA::arg::test errors" timestamp="2020-07-06T23:11:01Z" hostname="fv-az14" tests="1" skipped="0" failures="0" errors="0" time="4.637">
    <testcase time="4.637" classname="ds.numNA_arg_test_errors" name="simple_ds.numNA_errors"/>
  </testsuite>
  <testsuite name="ds.quantileMean::arg::test errors" timestamp="2020-07-06T23:11:06Z" hostname="fv-az14" tests="3" skipped="0" failures="0" errors="0" time="8.212">
    <testcase time="5.49599999999998" classname="ds.quantileMean_arg_test_errors" name="quantileMean_erros"/>
    <testcase time="1.77699999999999" classname="ds.quantileMean_arg_test_errors" name="quantileMean_erros"/>
    <testcase time="0.939000000000021" classname="ds.quantileMean_arg_test_errors" name="quantileMean_erros"/>
  </testsuite>
  <testsuite name="ds.rbind::arg::test errors" timestamp="2020-07-06T23:11:14Z" hostname="fv-az14" tests="1" skipped="0" failures="0" errors="0" time="4.64">
    <testcase time="4.63999999999999" classname="ds.rbind_arg_test_errors" name="rbind_erros"/>
  </testsuite>
  <testsuite name="ds.rBinom::arg::test errors" timestamp="2020-07-06T23:11:18Z" hostname="fv-az14" tests="2" skipped="0" failures="0" errors="0" time="4.606">
    <testcase time="4.60500000000002" classname="ds.rBinom_arg_test_errors" name="rBinom_erros"/>
    <testcase time="0.000999999999976353" classname="ds.rBinom_arg_test_errors" name="rBinom_erros"/>
  </testsuite>
  <testsuite name="ds.recodeLevels::arg::test errors" timestamp="2020-07-06T23:11:23Z" hostname="fv-az14" tests="8" skipped="0" failures="0" errors="0" time="6.846">
    <testcase time="4.66700000000003" classname="ds.recodeLevels_arg_test_errors" name="recodeLevels_erros"/>
    <testcase time="0.00499999999999545" classname="ds.recodeLevels_arg_test_errors" name="recodeLevels_erros"/>
    <testcase time="0.0310000000000059" classname="ds.recodeLevels_arg_test_errors" name="recodeLevels_erros"/>
    <testcase time="0.00499999999999545" classname="ds.recodeLevels_arg_test_errors" name="recodeLevels_erros"/>
    <testcase time="0.00200000000000955" classname="ds.recodeLevels_arg_test_errors" name="recodeLevels_erros"/>
    <testcase time="0.937000000000012" classname="ds.recodeLevels_arg_test_errors" name="recodeLevels_erros"/>
    <testcase time="0.00199999999995271" classname="ds.recodeLevels_arg_test_errors" name="recodeLevels_erros"/>
    <testcase time="1.197" classname="ds.recodeLevels_arg_test_errors" name="recodeLevels_erros"/>
  </testsuite>
  <testsuite name="ds.recodeValues::arg::test errors" timestamp="2020-07-06T23:11:30Z" hostname="fv-az14" tests="6" skipped="0" failures="0" errors="0" time="4.729">
    <testcase time="4.642" classname="ds.recodeValues_arg_test_errors" name="recodeValues_erros"/>
    <testcase time="0.0680000000000405" classname="ds.recodeValues_arg_test_errors" name="recodeValues_erros"/>
    <testcase time="0.00499999999999545" classname="ds.recodeValues_arg_test_errors" name="recodeValues_erros"/>
    <testcase time="0.00499999999999545" classname="ds.recodeValues_arg_test_errors" name="recodeValues_erros"/>
    <testcase time="0.0040000000000191" classname="ds.recodeValues_arg_test_errors" name="recodeValues_erros"/>
    <testcase time="0.00499999999999545" classname="ds.recodeValues_arg_test_errors" name="recodeValues_erros"/>
  </testsuite>
  <testsuite name="ds.replaceNA::arg::test errors" timestamp="2020-07-06T23:11:35Z" hostname="fv-az14" tests="2" skipped="0" failures="0" errors="0" time="4.664">
    <testcase time="4.62699999999995" classname="ds.replaceNA_arg_test_errors" name="simple_ds.replaceNA_errors"/>
    <testcase time="0.0370000000000346" classname="ds.replaceNA_arg_test_errors" name="simple_ds.replaceNA_errors"/>
  </testsuite>
  <testsuite name="ds.rep::arg::setup" timestamp="2020-07-06T23:11:35Z" hostname="fv-az14" tests="0" skipped="0" failures="0" errors="0" time="0"/>
  <testsuite name="ds.rep::arg::test errors" timestamp="2020-07-06T23:11:39Z" hostname="fv-az14" tests="1" skipped="0" failures="0" errors="0" time="4.662">
    <testcase time="4.66199999999998" classname="ds.rep_arg_test_errors" name="ds.rep_erros"/>
  </testsuite>
  <testsuite name="ds.rep::arg::shutdown" timestamp="2020-07-06T23:11:39Z" hostname="fv-az14" tests="0" skipped="0" failures="0" errors="0" time="0"/>
  <testsuite name="ds.rep::arg::done" timestamp="2020-07-06T23:11:40Z" hostname="fv-az14" tests="0" skipped="0" failures="0" errors="0" time="0"/>
  <testsuite name="ds.reShape::arg::test errors" timestamp="2020-07-06T23:11:44Z" hostname="fv-az14" tests="4" skipped="0" failures="0" errors="0" time="4.717">
    <testcase time="4.661" classname="ds.reShape_arg_test_errors" name="reShape_erros"/>
    <testcase time="0.0470000000000255" classname="ds.reShape_arg_test_errors" name="reShape_erros"/>
    <testcase time="0.00499999999999545" classname="ds.reShape_arg_test_errors" name="reShape_erros"/>
    <testcase time="0.0040000000000191" classname="ds.reShape_arg_test_errors" name="reShape_erros"/>
  </testsuite>
  <testsuite name="ds.rm::arg::test errors" timestamp="2020-07-06T23:11:49Z" hostname="fv-az14" tests="1" skipped="0" failures="0" errors="0" time="4.681">
    <testcase time="4.68099999999998" classname="ds.rm_arg_test_errors" name="ds.rm_erros"/>
  </testsuite>
  <testsuite name="ds.rNorm::arg::test errors" timestamp="2020-07-06T23:11:53Z" hostname="fv-az14" tests="2" skipped="0" failures="0" errors="0" time="4.626">
    <testcase time="4.625" classname="ds.rNorm_arg_test_errors" name="rNorm_erros"/>
    <testcase time="0.0010000000000332" classname="ds.rNorm_arg_test_errors" name="rNorm_erros"/>
  </testsuite>
  <testsuite name="ds.rowColCalc::arg::test errors" timestamp="2020-07-06T23:11:58Z" hostname="fv-az14" tests="3" skipped="0" failures="0" errors="0" time="12.277">
    <testcase time="4.69599999999997" classname="ds.rowColCalc_arg_test_errors" name="rowColCalc_errors"/>
    <testcase time="3.83300000000003" classname="ds.rowColCalc_arg_test_errors" name="rowColCalc_errors"/>
    <testcase time="3.74799999999999" classname="ds.rowColCalc_arg_test_errors" name="rowColCalc_errors"/>
  </testsuite>
  <testsuite name="ds.rPois::arg::test errors" timestamp="2020-07-06T23:12:10Z" hostname="fv-az14" tests="2" skipped="0" failures="0" errors="0" time="4.662">
    <testcase time="4.661" classname="ds.rPois_arg_test_errors" name="rPois_erros"/>
    <testcase time="0.000999999999976353" classname="ds.rPois_arg_test_errors" name="rPois_erros"/>
  </testsuite>
  <testsuite name="ds.rUnif::arg::test errors" timestamp="2020-07-06T23:12:15Z" hostname="fv-az14" tests="2" skipped="0" failures="0" errors="0" time="4.682">
    <testcase time="4.68100000000004" classname="ds.rUnif_arg_test_errors" name="rUnif_erros"/>
    <testcase time="0.000999999999976353" classname="ds.rUnif_arg_test_errors" name="rUnif_erros"/>
  </testsuite>
  <testsuite name="ds.sample::arg::setup" timestamp="2020-07-06T23:12:16Z" hostname="fv-az14" tests="0" skipped="0" failures="0" errors="0" time="0"/>
  <testsuite name="ds.sample::arg::test errors" timestamp="2020-07-06T23:12:20Z" hostname="fv-az14" tests="3" skipped="0" failures="0" errors="0" time="4.797">
    <testcase time="4.733" classname="ds.sample_arg_test_errors" name="cov_erros"/>
    <testcase time="0.0620000000000118" classname="ds.sample_arg_test_errors" name="cov_erros"/>
    <testcase time="0.00200000000000955" classname="ds.sample_arg_test_errors" name="cov_erros"/>
  </testsuite>
  <testsuite name="ds.sample::arg::shutdown" timestamp="2020-07-06T23:12:20Z" hostname="fv-az14" tests="0" skipped="0" failures="0" errors="0" time="0"/>
  <testsuite name="ds.sample::arg::done" timestamp="2020-07-06T23:12:20Z" hostname="fv-az14" tests="0" skipped="0" failures="0" errors="0" time="0"/>
  <testsuite name="ds.seq::arg::test errors" timestamp="2020-07-06T23:12:24Z" hostname="fv-az14" tests="1" skipped="0" failures="0" errors="0" time="4.642">
    <testcase time="4.642" classname="ds.seq_arg_test_errors" name="seq_erros"/>
  </testsuite>
  <testsuite name="ds.setSeed::arg::test errors" timestamp="2020-07-06T23:12:29Z" hostname="fv-az14" tests="1" skipped="0" failures="0" errors="0" time="4.634">
    <testcase time="4.63399999999996" classname="ds.setSeed_arg_test_errors" name="setSeed_erros"/>
  </testsuite>
  <testsuite name="ds.subsetByClass::arg::test errors" timestamp="2020-07-06T23:12:34Z" hostname="fv-az14" tests="4" skipped="0" failures="0" errors="0" time="5.756">
    <testcase time="4.65900000000005" classname="ds.subsetByClass_arg_test_errors" name="subsetByClass_erros"/>
    <testcase time="0.00399999999996226" classname="ds.subsetByClass_arg_test_errors" name="subsetByClass_erros"/>
    <testcase time="0.0339999999999918" classname="ds.subsetByClass_arg_test_errors" name="subsetByClass_erros"/>
    <testcase time="1.05900000000003" classname="ds.subsetByClass_arg_test_errors" name="subsetByClass_erros"/>
  </testsuite>
  <testsuite name="ds.subset::arg::test errors" timestamp="2020-07-06T23:12:40Z" hostname="fv-az14" tests="2" skipped="0" failures="0" errors="0" time="4.744">
    <testcase time="4.74000000000001" classname="ds.subset_arg_test_errors" name="subset_erros"/>
    <testcase time="0.00399999999996226" classname="ds.subset_arg_test_errors" name="subset_erros"/>
  </testsuite>
  <testsuite name="ds.summary::arg::test errors" timestamp="2020-07-06T23:12:44Z" hostname="fv-az14" tests="1" skipped="0" failures="0" errors="0" time="4.671">
    <testcase time="4.67100000000005" classname="ds.summary_arg_test_errors" name="summary_erros"/>
  </testsuite>
  <testsuite name="ds.table1D::arg::test errors" timestamp="2020-07-06T23:12:49Z" hostname="fv-az14" tests="4" skipped="0" failures="0" errors="0" time="5.97">
    <testcase time="4.69699999999995" classname="ds.table1D_arg_test_errors" name="table1D_erros"/>
    <testcase time="0.0040000000000191" classname="ds.table1D_arg_test_errors" name="table1D_erros"/>
    <testcase time="0.0620000000000118" classname="ds.table1D_arg_test_errors" name="table1D_erros"/>
    <testcase time="1.20699999999999" classname="ds.table1D_arg_test_errors" name="table1D_erros"/>
  </testsuite>
  <testsuite name="ds.table2D::arg::test errors" timestamp="2020-07-06T23:12:55Z" hostname="fv-az14" tests="2" skipped="0" failures="0" errors="0" time="4.687">
    <testcase time="4.68299999999999" classname="ds.table2D_arg_test_errors" name="table2D_erros"/>
    <testcase time="0.0040000000000191" classname="ds.table2D_arg_test_errors" name="table2D_erros"/>
  </testsuite>
  <testsuite name="ds.table::arg::test rvar has value" timestamp="2020-07-06T23:13:00Z" hostname="fv-az14" tests="1" skipped="0" failures="0" errors="0" time="4.639">
    <testcase time="4.63900000000001" classname="ds.table_arg_test_rvar_has_value" name="table_rvar_has_value"/>
  </testsuite>
  <testsuite name="ds.table::arg::test cvar has value" timestamp="2020-07-06T23:13:00Z" hostname="fv-az14" tests="1" skipped="0" failures="0" errors="0" time="0.879">
    <testcase time="0.878999999999962" classname="ds.table_arg_test_cvar_has_value" name="table_cvar_has_value"/>
  </testsuite>
  <testsuite name="ds.table::arg::test stvar has value" timestamp="2020-07-06T23:13:00Z" hostname="fv-az14" tests="1" skipped="0" failures="0" errors="0" time="0.006">
    <testcase time="0.00600000000002865" classname="ds.table_arg_test_stvar_has_value" name="table_stvar_has_value"/>
  </testsuite>
  <testsuite name="ds.table::arg::test stvar has CORRECT value" timestamp="2020-07-06T23:13:00Z" hostname="fv-az14" tests="1" skipped="0" failures="0" errors="0" time="0.005">
    <testcase time="0.00499999999999545" classname="ds.table_arg_test_stvar_has_CORRECT_value" name="table_useNA_has_value"/>
  </testsuite>
  <testsuite name="ds.table::arg::test force.nfilter has value" timestamp="2020-07-06T23:13:00Z" hostname="fv-az14" tests="1" skipped="0" failures="0" errors="0" time="0.005">
    <testcase time="0.00499999999999545" classname="ds.table_arg_test_force.nfilter_has_value" name="table_force.nfilter_has_value"/>
  </testsuite>
  <testsuite name="ds.tapply.assign::arg::test errors" timestamp="2020-07-06T23:13:05Z" hostname="fv-az14" tests="8" skipped="0" failures="0" errors="0" time="4.75">
    <testcase time="4.702" classname="ds.tapply.assign_arg_test_errors" name="tapply_erros"/>
    <testcase time="0.000999999999976353" classname="ds.tapply.assign_arg_test_errors" name="tapply_erros"/>
    <testcase time="0.0410000000000537" classname="ds.tapply.assign_arg_test_errors" name="tapply_erros"/>
    <testcase time="0.000999999999976353" classname="ds.tapply.assign_arg_test_errors" name="tapply_erros"/>
    <testcase time="0.000999999999976353" classname="ds.tapply.assign_arg_test_errors" name="tapply_erros"/>
    <testcase time="0.0010000000000332" classname="ds.tapply.assign_arg_test_errors" name="tapply_erros"/>
    <testcase time="0.00200000000000955" classname="ds.tapply.assign_arg_test_errors" name="tapply_erros"/>
    <testcase time="0.000999999999976353" classname="ds.tapply.assign_arg_test_errors" name="tapply_erros"/>
  </testsuite>
  <testsuite name="ds.tapply::arg::test errors" timestamp="2020-07-06T23:13:10Z" hostname="fv-az14" tests="8" skipped="0" failures="0" errors="0" time="4.724">
    <testcase time="4.70299999999997" classname="ds.tapply_arg_test_errors" name="tapply_erros"/>
    <testcase time="0.0010000000000332" classname="ds.tapply_arg_test_errors" name="tapply_erros"/>
    <testcase time="0.01400000000001" classname="ds.tapply_arg_test_errors" name="tapply_erros"/>
    <testcase time="0.000999999999976353" classname="ds.tapply_arg_test_errors" name="tapply_erros"/>
    <testcase time="0.0010000000000332" classname="ds.tapply_arg_test_errors" name="tapply_erros"/>
    <testcase time="0.000999999999976353" classname="ds.tapply_arg_test_errors" name="tapply_erros"/>
    <testcase time="0.000999999999976353" classname="ds.tapply_arg_test_errors" name="tapply_erros"/>
    <testcase time="0.00200000000000955" classname="ds.tapply_arg_test_errors" name="tapply_erros"/>
  </testsuite>
  <testsuite name="ds.testObjExists::arg::test errors" timestamp="2020-07-06T23:13:15Z" hostname="fv-az14" tests="1" skipped="0" failures="0" errors="0" time="4.639">
    <testcase time="4.63900000000001" classname="ds.testObjExists_arg_test_errors" name="testObjExists_erros"/>
  </testsuite>
  <testsuite name="ds.unList::arg::test errors" timestamp="2020-07-06T23:13:19Z" hostname="fv-az14" tests="1" skipped="0" failures="0" errors="0" time="4.656">
    <testcase time="4.65600000000001" classname="ds.unList_arg_test_errors" name="unList_erros"/>
  </testsuite>
  <testsuite name="ds.var::arg::test errors" timestamp="2020-07-06T23:13:24Z" hostname="fv-az14" tests="2" skipped="0" failures="0" errors="0" time="6.512">
    <testcase time="5.50099999999998" classname="ds.var_arg_test_errors" name="var_erros"/>
    <testcase time="1.01100000000002" classname="ds.var_arg_test_errors" name="var_erros"/>
  </testsuite>
  <testsuite name="ds.vectorCalc::arg::test errors" timestamp="2020-07-06T23:13:30Z" hostname="fv-az14" tests="2" skipped="0" failures="0" errors="0" time="4.63">
    <testcase time="4.625" classname="ds.vectorCalc_arg_test_errors" name="ds.vectorCalc_erros"/>
    <testcase time="0.00499999999999545" classname="ds.vectorCalc_arg_test_errors" name="ds.vectorCalc_erros"/>
  </testsuite>
  <testsuite name="CLUSTER_INT::datachk::setup" timestamp="2020-07-06T23:13:31Z" hostname="fv-az14" tests="3" skipped="0" failures="0" errors="0" time="4.969">
    <testcase time="4.96699999999998" classname="CLUSTER_INT_datachk_setup" name="setup"/>
    <testcase time="0.0010000000000332" classname="CLUSTER_INT_datachk_setup" name="setup"/>
    <testcase time="0.000999999999976353" classname="CLUSTER_INT_datachk_setup" name="setup"/>
  </testsuite>
  <testsuite name="CLUSTER_INT::datachk" timestamp="2020-07-06T23:13:35Z" hostname="fv-az14" tests="230" skipped="0" failures="0" errors="0" time="12.919">
    <testcase time="0.52800000000002" classname="CLUSTER_INT_datachk" name="Check_CLUSTER_INT_dataset"/>
    <testcase time="0.000999999999976353" classname="CLUSTER_INT_datachk" name="Check_CLUSTER_INT_dataset"/>
    <testcase time="0.0010000000000332" classname="CLUSTER_INT_datachk" name="Check_CLUSTER_INT_dataset"/>
    <testcase time="0.000999999999976353" classname="CLUSTER_INT_datachk" name="Check_CLUSTER_INT_dataset"/>
    <testcase time="0.000999999999976353" classname="CLUSTER_INT_datachk" name="Check_CLUSTER_INT_dataset"/>
    <testcase time="0.0010000000000332" classname="CLUSTER_INT_datachk" name="Check_CLUSTER_INT_dataset"/>
    <testcase time="0.0010000000000332" classname="CLUSTER_INT_datachk" name="Check_CLUSTER_INT_dataset"/>
    <testcase time="0.258999999999958" classname="CLUSTER_INT_datachk" name="Check_CLUSTER_INT_dataset"/>
    <testcase time="0.0010000000000332" classname="CLUSTER_INT_datachk" name="Check_CLUSTER_INT_dataset"/>
    <testcase time="0.000999999999976353" classname="CLUSTER_INT_datachk" name="Check_CLUSTER_INT_dataset"/>
    <testcase time="0.00200000000000955" classname="CLUSTER_INT_datachk" name="Check_CLUSTER_INT_dataset"/>
    <testcase time="0.000999999999976353" classname="CLUSTER_INT_datachk" name="Check_CLUSTER_INT_dataset"/>
    <testcase time="0.0010000000000332" classname="CLUSTER_INT_datachk" name="Check_CLUSTER_INT_dataset"/>
    <testcase time="0.00200000000000955" classname="CLUSTER_INT_datachk" name="Check_CLUSTER_INT_dataset"/>
    <testcase time="0.000999999999976353" classname="CLUSTER_INT_datachk" name="Check_CLUSTER_INT_dataset"/>
    <testcase time="1.21100000000001" classname="CLUSTER_INT_datachk" name="Check_CLUSTER_INT_dataset"/>
    <testcase time="0.00200000000000955" classname="CLUSTER_INT_datachk" name="Check_CLUSTER_INT_dataset"/>
    <testcase time="0.000999999999976353" classname="CLUSTER_INT_datachk" name="Check_CLUSTER_INT_dataset"/>
    <testcase time="0.0010000000000332" classname="CLUSTER_INT_datachk" name="Check_CLUSTER_INT_dataset"/>
    <testcase time="0.00199999999995271" classname="CLUSTER_INT_datachk" name="Check_CLUSTER_INT_dataset"/>
    <testcase time="0.0010000000000332" classname="CLUSTER_INT_datachk" name="Check_CLUSTER_INT_dataset"/>
    <testcase time="0.00200000000000955" classname="CLUSTER_INT_datachk" name="Check_CLUSTER_INT_dataset"/>
    <testcase time="0.513999999999953" classname="CLUSTER_INT_datachk" name="Check_CLUSTER_INT_dataset"/>
    <testcase time="0.00200000000000955" classname="CLUSTER_INT_datachk" name="Check_CLUSTER_INT_dataset"/>
    <testcase time="0.0010000000000332" classname="CLUSTER_INT_datachk" name="Check_CLUSTER_INT_dataset"/>
    <testcase time="0.00200000000000955" classname="CLUSTER_INT_datachk" name="Check_CLUSTER_INT_dataset"/>
    <testcase time="0.000999999999976353" classname="CLUSTER_INT_datachk" name="Check_CLUSTER_INT_dataset"/>
    <testcase time="0.00200000000000955" classname="CLUSTER_INT_datachk" name="Check_CLUSTER_INT_dataset"/>
    <testcase time="0.000999999999976353" classname="CLUSTER_INT_datachk" name="Check_CLUSTER_INT_dataset"/>
    <testcase time="0.264999999999986" classname="CLUSTER_INT_datachk" name="Check_CLUSTER_INT_dataset"/>
    <testcase time="0.00200000000000955" classname="CLUSTER_INT_datachk" name="Check_CLUSTER_INT_dataset"/>
    <testcase time="0.00200000000000955" classname="CLUSTER_INT_datachk" name="Check_CLUSTER_INT_dataset"/>
    <testcase time="0.0010000000000332" classname="CLUSTER_INT_datachk" name="Check_CLUSTER_INT_dataset"/>
    <testcase time="0.00199999999995271" classname="CLUSTER_INT_datachk" name="Check_CLUSTER_INT_dataset"/>
    <testcase time="0.00200000000000955" classname="CLUSTER_INT_datachk" name="Check_CLUSTER_INT_dataset"/>
    <testcase time="0.0010000000000332" classname="CLUSTER_INT_datachk" name="Check_CLUSTER_INT_dataset"/>
    <testcase time="0.00199999999995271" classname="CLUSTER_INT_datachk" name="Check_CLUSTER_INT_dataset"/>
    <testcase time="0.00200000000000955" classname="CLUSTER_INT_datachk" name="Check_CLUSTER_INT_dataset"/>
    <testcase time="0.520000000000039" classname="CLUSTER_INT_datachk" name="Check_CLUSTER_INT_dataset"/>
    <testcase time="0.00199999999995271" classname="CLUSTER_INT_datachk" name="Check_CLUSTER_INT_dataset"/>
    <testcase time="0.0010000000000332" classname="CLUSTER_INT_datachk" name="Check_CLUSTER_INT_dataset"/>
    <testcase time="0.00200000000000955" classname="CLUSTER_INT_datachk" name="Check_CLUSTER_INT_dataset"/>
    <testcase time="0.00200000000000955" classname="CLUSTER_INT_datachk" name="Check_CLUSTER_INT_dataset"/>
    <testcase time="0.00199999999995271" classname="CLUSTER_INT_datachk" name="Check_CLUSTER_INT_dataset"/>
    <testcase time="0.00200000000000955" classname="CLUSTER_INT_datachk" name="Check_CLUSTER_INT_dataset"/>
    <testcase time="0.263000000000034" classname="CLUSTER_INT_datachk" name="Check_CLUSTER_INT_dataset"/>
    <testcase time="0.00199999999995271" classname="CLUSTER_INT_datachk" name="Check_CLUSTER_INT_dataset"/>
    <testcase time="0.00200000000000955" classname="CLUSTER_INT_datachk" name="Check_CLUSTER_INT_dataset"/>
    <testcase time="0.00200000000000955" classname="CLUSTER_INT_datachk" name="Check_CLUSTER_INT_dataset"/>
    <testcase time="0.00200000000000955" classname="CLUSTER_INT_datachk" name="Check_CLUSTER_INT_dataset"/>
    <testcase time="0.00200000000000955" classname="CLUSTER_INT_datachk" name="Check_CLUSTER_INT_dataset"/>
    <testcase time="0.00200000000000955" classname="CLUSTER_INT_datachk" name="Check_CLUSTER_INT_dataset"/>
    <testcase time="0.00199999999995271" classname="CLUSTER_INT_datachk" name="Check_CLUSTER_INT_dataset"/>
    <testcase time="0.00200000000000955" classname="CLUSTER_INT_datachk" name="Check_CLUSTER_INT_dataset"/>
    <testcase time="0.526999999999987" classname="CLUSTER_INT_datachk" name="Check_CLUSTER_INT_dataset"/>
    <testcase time="0.00200000000000955" classname="CLUSTER_INT_datachk" name="Check_CLUSTER_INT_dataset"/>
    <testcase time="0.00200000000000955" classname="CLUSTER_INT_datachk" name="Check_CLUSTER_INT_dataset"/>
    <testcase time="0.00200000000000955" classname="CLUSTER_INT_datachk" name="Check_CLUSTER_INT_dataset"/>
    <testcase time="0.00200000000000955" classname="CLUSTER_INT_datachk" name="Check_CLUSTER_INT_dataset"/>
    <testcase time="0.00200000000000955" classname="CLUSTER_INT_datachk" name="Check_CLUSTER_INT_dataset"/>
    <testcase time="0.00199999999995271" classname="CLUSTER_INT_datachk" name="Check_CLUSTER_INT_dataset"/>
    <testcase time="0.259000000000015" classname="CLUSTER_INT_datachk" name="Check_CLUSTER_INT_dataset"/>
    <testcase time="0.00200000000000955" classname="CLUSTER_INT_datachk" name="Check_CLUSTER_INT_dataset"/>
    <testcase time="0.0029999999999859" classname="CLUSTER_INT_datachk" name="Check_CLUSTER_INT_dataset"/>
    <testcase time="0.00200000000000955" classname="CLUSTER_INT_datachk" name="Check_CLUSTER_INT_dataset"/>
    <testcase time="0.00200000000000955" classname="CLUSTER_INT_datachk" name="Check_CLUSTER_INT_dataset"/>
    <testcase time="0.00200000000000955" classname="CLUSTER_INT_datachk" name="Check_CLUSTER_INT_dataset"/>
    <testcase time="0.00200000000000955" classname="CLUSTER_INT_datachk" name="Check_CLUSTER_INT_dataset"/>
    <testcase time="0.0029999999999859" classname="CLUSTER_INT_datachk" name="Check_CLUSTER_INT_dataset"/>
    <testcase time="0.00200000000000955" classname="CLUSTER_INT_datachk" name="Check_CLUSTER_INT_dataset"/>
    <testcase time="0.514999999999986" classname="CLUSTER_INT_datachk" name="Check_CLUSTER_INT_dataset"/>
    <testcase time="0.00200000000000955" classname="CLUSTER_INT_datachk" name="Check_CLUSTER_INT_dataset"/>
    <testcase time="0.00200000000000955" classname="CLUSTER_INT_datachk" name="Check_CLUSTER_INT_dataset"/>
    <testcase time="0.0029999999999859" classname="CLUSTER_INT_datachk" name="Check_CLUSTER_INT_dataset"/>
    <testcase time="0.00200000000000955" classname="CLUSTER_INT_datachk" name="Check_CLUSTER_INT_dataset"/>
    <testcase time="0.0029999999999859" classname="CLUSTER_INT_datachk" name="Check_CLUSTER_INT_dataset"/>
    <testcase time="0.00200000000000955" classname="CLUSTER_INT_datachk" name="Check_CLUSTER_INT_dataset"/>
    <testcase time="0.269000000000005" classname="CLUSTER_INT_datachk" name="Check_CLUSTER_INT_dataset"/>
    <testcase time="0.0029999999999859" classname="CLUSTER_INT_datachk" name="Check_CLUSTER_INT_dataset"/>
    <testcase time="0.00200000000000955" classname="CLUSTER_INT_datachk" name="Check_CLUSTER_INT_dataset"/>
    <testcase time="0.0029999999999859" classname="CLUSTER_INT_datachk" name="Check_CLUSTER_INT_dataset"/>
    <testcase time="0.0029999999999859" classname="CLUSTER_INT_datachk" name="Check_CLUSTER_INT_dataset"/>
    <testcase time="0.00200000000000955" classname="CLUSTER_INT_datachk" name="Check_CLUSTER_INT_dataset"/>
    <testcase time="0.0029999999999859" classname="CLUSTER_INT_datachk" name="Check_CLUSTER_INT_dataset"/>
    <testcase time="0.00300000000004275" classname="CLUSTER_INT_datachk" name="Check_CLUSTER_INT_dataset"/>
    <testcase time="0.00199999999995271" classname="CLUSTER_INT_datachk" name="Check_CLUSTER_INT_dataset"/>
    <testcase time="0.586000000000013" classname="CLUSTER_INT_datachk" name="Check_CLUSTER_INT_dataset"/>
    <testcase time="0.00200000000000955" classname="CLUSTER_INT_datachk" name="Check_CLUSTER_INT_dataset"/>
    <testcase time="0.0029999999999859" classname="CLUSTER_INT_datachk" name="Check_CLUSTER_INT_dataset"/>
    <testcase time="0.00300000000004275" classname="CLUSTER_INT_datachk" name="Check_CLUSTER_INT_dataset"/>
    <testcase time="0.00199999999995271" classname="CLUSTER_INT_datachk" name="Check_CLUSTER_INT_dataset"/>
    <testcase time="0.00300000000004275" classname="CLUSTER_INT_datachk" name="Check_CLUSTER_INT_dataset"/>
    <testcase time="0.0029999999999859" classname="CLUSTER_INT_datachk" name="Check_CLUSTER_INT_dataset"/>
    <testcase time="0.259999999999991" classname="CLUSTER_INT_datachk" name="Check_CLUSTER_INT_dataset"/>
    <testcase time="0.0029999999999859" classname="CLUSTER_INT_datachk" name="Check_CLUSTER_INT_dataset"/>
    <testcase time="0.00300000000004275" classname="CLUSTER_INT_datachk" name="Check_CLUSTER_INT_dataset"/>
    <testcase time="0.0029999999999859" classname="CLUSTER_INT_datachk" name="Check_CLUSTER_INT_dataset"/>
    <testcase time="0.00200000000000955" classname="CLUSTER_INT_datachk" name="Check_CLUSTER_INT_dataset"/>
    <testcase time="0.0029999999999859" classname="CLUSTER_INT_datachk" name="Check_CLUSTER_INT_dataset"/>
    <testcase time="0.0029999999999859" classname="CLUSTER_INT_datachk" name="Check_CLUSTER_INT_dataset"/>
    <testcase time="0.0029999999999859" classname="CLUSTER_INT_datachk" name="Check_CLUSTER_INT_dataset"/>
    <testcase time="0.00300000000004275" classname="CLUSTER_INT_datachk" name="Check_CLUSTER_INT_dataset"/>
    <testcase time="0.518999999999949" classname="CLUSTER_INT_datachk" name="Check_CLUSTER_INT_dataset"/>
    <testcase time="0.00300000000004275" classname="CLUSTER_INT_datachk" name="Check_CLUSTER_INT_dataset"/>
    <testcase time="0.0029999999999859" classname="CLUSTER_INT_datachk" name="Check_CLUSTER_INT_dataset"/>
    <testcase time="0.0029999999999859" classname="CLUSTER_INT_datachk" name="Check_CLUSTER_INT_dataset"/>
    <testcase time="0.0040000000000191" classname="CLUSTER_INT_datachk" name="Check_CLUSTER_INT_dataset"/>
    <testcase time="0.0029999999999859" classname="CLUSTER_INT_datachk" name="Check_CLUSTER_INT_dataset"/>
    <testcase time="0.0029999999999859" classname="CLUSTER_INT_datachk" name="Check_CLUSTER_INT_dataset"/>
    <testcase time="0.26600000000002" classname="CLUSTER_INT_datachk" name="Check_CLUSTER_INT_dataset"/>
    <testcase time="0.0029999999999859" classname="CLUSTER_INT_datachk" name="Check_CLUSTER_INT_dataset"/>
    <testcase time="0.0040000000000191" classname="CLUSTER_INT_datachk" name="Check_CLUSTER_INT_dataset"/>
    <testcase time="0.0029999999999859" classname="CLUSTER_INT_datachk" name="Check_CLUSTER_INT_dataset"/>
    <testcase time="0.0029999999999859" classname="CLUSTER_INT_datachk" name="Check_CLUSTER_INT_dataset"/>
    <testcase time="0.00300000000004275" classname="CLUSTER_INT_datachk" name="Check_CLUSTER_INT_dataset"/>
    <testcase time="0.0029999999999859" classname="CLUSTER_INT_datachk" name="Check_CLUSTER_INT_dataset"/>
    <testcase time="0.00300000000004275" classname="CLUSTER_INT_datachk" name="Check_CLUSTER_INT_dataset"/>
    <testcase time="0.0029999999999859" classname="CLUSTER_INT_datachk" name="Check_CLUSTER_INT_dataset"/>
    <testcase time="0.52800000000002" classname="CLUSTER_INT_datachk" name="Check_CLUSTER_INT_dataset"/>
    <testcase time="0.0029999999999859" classname="CLUSTER_INT_datachk" name="Check_CLUSTER_INT_dataset"/>
    <testcase time="0.0029999999999859" classname="CLUSTER_INT_datachk" name="Check_CLUSTER_INT_dataset"/>
    <testcase time="0.0029999999999859" classname="CLUSTER_INT_datachk" name="Check_CLUSTER_INT_dataset"/>
    <testcase time="0.0040000000000191" classname="CLUSTER_INT_datachk" name="Check_CLUSTER_INT_dataset"/>
    <testcase time="0.0029999999999859" classname="CLUSTER_INT_datachk" name="Check_CLUSTER_INT_dataset"/>
    <testcase time="0.0029999999999859" classname="CLUSTER_INT_datachk" name="Check_CLUSTER_INT_dataset"/>
    <testcase time="0.260000000000048" classname="CLUSTER_INT_datachk" name="Check_CLUSTER_INT_dataset"/>
    <testcase time="0.0029999999999859" classname="CLUSTER_INT_datachk" name="Check_CLUSTER_INT_dataset"/>
    <testcase time="0.00399999999996226" classname="CLUSTER_INT_datachk" name="Check_CLUSTER_INT_dataset"/>
    <testcase time="0.00300000000004275" classname="CLUSTER_INT_datachk" name="Check_CLUSTER_INT_dataset"/>
    <testcase time="0.0029999999999859" classname="CLUSTER_INT_datachk" name="Check_CLUSTER_INT_dataset"/>
    <testcase time="0.0040000000000191" classname="CLUSTER_INT_datachk" name="Check_CLUSTER_INT_dataset"/>
    <testcase time="0.0029999999999859" classname="CLUSTER_INT_datachk" name="Check_CLUSTER_INT_dataset"/>
    <testcase time="0.0040000000000191" classname="CLUSTER_INT_datachk" name="Check_CLUSTER_INT_dataset"/>
    <testcase time="0.00399999999996226" classname="CLUSTER_INT_datachk" name="Check_CLUSTER_INT_dataset"/>
    <testcase time="0.521000000000015" classname="CLUSTER_INT_datachk" name="Check_CLUSTER_INT_dataset"/>
    <testcase time="0.0040000000000191" classname="CLUSTER_INT_datachk" name="Check_CLUSTER_INT_dataset"/>
    <testcase time="0.00399999999996226" classname="CLUSTER_INT_datachk" name="Check_CLUSTER_INT_dataset"/>
    <testcase time="0.0040000000000191" classname="CLUSTER_INT_datachk" name="Check_CLUSTER_INT_dataset"/>
    <testcase time="0.0029999999999859" classname="CLUSTER_INT_datachk" name="Check_CLUSTER_INT_dataset"/>
    <testcase time="0.0040000000000191" classname="CLUSTER_INT_datachk" name="Check_CLUSTER_INT_dataset"/>
    <testcase time="0.0040000000000191" classname="CLUSTER_INT_datachk" name="Check_CLUSTER_INT_dataset"/>
    <testcase time="0.260999999999967" classname="CLUSTER_INT_datachk" name="Check_CLUSTER_INT_dataset"/>
    <testcase time="0.0040000000000191" classname="CLUSTER_INT_datachk" name="Check_CLUSTER_INT_dataset"/>
    <testcase time="0.00399999999996226" classname="CLUSTER_INT_datachk" name="Check_CLUSTER_INT_dataset"/>
    <testcase time="0.0100000000000477" classname="CLUSTER_INT_datachk" name="Check_CLUSTER_INT_dataset"/>
    <testcase time="0.00399999999996226" classname="CLUSTER_INT_datachk" name="Check_CLUSTER_INT_dataset"/>
    <testcase time="0.0040000000000191" classname="CLUSTER_INT_datachk" name="Check_CLUSTER_INT_dataset"/>
    <testcase time="0.0029999999999859" classname="CLUSTER_INT_datachk" name="Check_CLUSTER_INT_dataset"/>
    <testcase time="0.0040000000000191" classname="CLUSTER_INT_datachk" name="Check_CLUSTER_INT_dataset"/>
    <testcase time="0.00399999999996226" classname="CLUSTER_INT_datachk" name="Check_CLUSTER_INT_dataset"/>
    <testcase time="0.524000000000001" classname="CLUSTER_INT_datachk" name="Check_CLUSTER_INT_dataset"/>
    <testcase time="0.0040000000000191" classname="CLUSTER_INT_datachk" name="Check_CLUSTER_INT_dataset"/>
    <testcase time="0.0040000000000191" classname="CLUSTER_INT_datachk" name="Check_CLUSTER_INT_dataset"/>
    <testcase time="0.00399999999996226" classname="CLUSTER_INT_datachk" name="Check_CLUSTER_INT_dataset"/>
    <testcase time="0.0040000000000191" classname="CLUSTER_INT_datachk" name="Check_CLUSTER_INT_dataset"/>
    <testcase time="0.0029999999999859" classname="CLUSTER_INT_datachk" name="Check_CLUSTER_INT_dataset"/>
    <testcase time="0.0040000000000191" classname="CLUSTER_INT_datachk" name="Check_CLUSTER_INT_dataset"/>
    <testcase time="0.261000000000024" classname="CLUSTER_INT_datachk" name="Check_CLUSTER_INT_dataset"/>
    <testcase time="0.00399999999996226" classname="CLUSTER_INT_datachk" name="Check_CLUSTER_INT_dataset"/>
    <testcase time="0.0040000000000191" classname="CLUSTER_INT_datachk" name="Check_CLUSTER_INT_dataset"/>
    <testcase time="0.0040000000000191" classname="CLUSTER_INT_datachk" name="Check_CLUSTER_INT_dataset"/>
    <testcase time="0.00499999999999545" classname="CLUSTER_INT_datachk" name="Check_CLUSTER_INT_dataset"/>
    <testcase time="0.00399999999996226" classname="CLUSTER_INT_datachk" name="Check_CLUSTER_INT_dataset"/>
    <testcase time="0.0040000000000191" classname="CLUSTER_INT_datachk" name="Check_CLUSTER_INT_dataset"/>
    <testcase time="0.0040000000000191" classname="CLUSTER_INT_datachk" name="Check_CLUSTER_INT_dataset"/>
    <testcase time="0.00399999999996226" classname="CLUSTER_INT_datachk" name="Check_CLUSTER_INT_dataset"/>
    <testcase time="0.523000000000025" classname="CLUSTER_INT_datachk" name="Check_CLUSTER_INT_dataset"/>
    <testcase time="0.00499999999999545" classname="CLUSTER_INT_datachk" name="Check_CLUSTER_INT_dataset"/>
    <testcase time="0.00999999999999091" classname="CLUSTER_INT_datachk" name="Check_CLUSTER_INT_dataset"/>
    <testcase time="0.0040000000000191" classname="CLUSTER_INT_datachk" name="Check_CLUSTER_INT_dataset"/>
    <testcase time="0.00399999999996226" classname="CLUSTER_INT_datachk" name="Check_CLUSTER_INT_dataset"/>
    <testcase time="0.0040000000000191" classname="CLUSTER_INT_datachk" name="Check_CLUSTER_INT_dataset"/>
    <testcase time="0.0040000000000191" classname="CLUSTER_INT_datachk" name="Check_CLUSTER_INT_dataset"/>
    <testcase time="0.259000000000015" classname="CLUSTER_INT_datachk" name="Check_CLUSTER_INT_dataset"/>
    <testcase time="0.00399999999996226" classname="CLUSTER_INT_datachk" name="Check_CLUSTER_INT_dataset"/>
    <testcase time="0.00499999999999545" classname="CLUSTER_INT_datachk" name="Check_CLUSTER_INT_dataset"/>
    <testcase time="0.0040000000000191" classname="CLUSTER_INT_datachk" name="Check_CLUSTER_INT_dataset"/>
    <testcase time="0.0040000000000191" classname="CLUSTER_INT_datachk" name="Check_CLUSTER_INT_dataset"/>
    <testcase time="0.00399999999996226" classname="CLUSTER_INT_datachk" name="Check_CLUSTER_INT_dataset"/>
    <testcase time="0.00499999999999545" classname="CLUSTER_INT_datachk" name="Check_CLUSTER_INT_dataset"/>
    <testcase time="0.0040000000000191" classname="CLUSTER_INT_datachk" name="Check_CLUSTER_INT_dataset"/>
    <testcase time="0.0040000000000191" classname="CLUSTER_INT_datachk" name="Check_CLUSTER_INT_dataset"/>
    <testcase time="0.521999999999991" classname="CLUSTER_INT_datachk" name="Check_CLUSTER_INT_dataset"/>
    <testcase time="0.0040000000000191" classname="CLUSTER_INT_datachk" name="Check_CLUSTER_INT_dataset"/>
    <testcase time="0.0040000000000191" classname="CLUSTER_INT_datachk" name="Check_CLUSTER_INT_dataset"/>
    <testcase time="0.00499999999999545" classname="CLUSTER_INT_datachk" name="Check_CLUSTER_INT_dataset"/>
    <testcase time="0.00399999999996226" classname="CLUSTER_INT_datachk" name="Check_CLUSTER_INT_dataset"/>
    <testcase time="0.00499999999999545" classname="CLUSTER_INT_datachk" name="Check_CLUSTER_INT_dataset"/>
    <testcase time="0.00499999999999545" classname="CLUSTER_INT_datachk" name="Check_CLUSTER_INT_dataset"/>
    <testcase time="0.262" classname="CLUSTER_INT_datachk" name="Check_CLUSTER_INT_dataset"/>
    <testcase time="0.0050000000000523" classname="CLUSTER_INT_datachk" name="Check_CLUSTER_INT_dataset"/>
    <testcase time="0.00399999999996226" classname="CLUSTER_INT_datachk" name="Check_CLUSTER_INT_dataset"/>
    <testcase time="0.00499999999999545" classname="CLUSTER_INT_datachk" name="Check_CLUSTER_INT_dataset"/>
    <testcase time="0.00499999999999545" classname="CLUSTER_INT_datachk" name="Check_CLUSTER_INT_dataset"/>
    <testcase time="0.0110000000000241" classname="CLUSTER_INT_datachk" name="Check_CLUSTER_INT_dataset"/>
    <testcase time="0.0040000000000191" classname="CLUSTER_INT_datachk" name="Check_CLUSTER_INT_dataset"/>
    <testcase time="0.00499999999999545" classname="CLUSTER_INT_datachk" name="Check_CLUSTER_INT_dataset"/>
    <testcase time="0.00499999999999545" classname="CLUSTER_INT_datachk" name="Check_CLUSTER_INT_dataset"/>
    <testcase time="0.522999999999968" classname="CLUSTER_INT_datachk" name="Check_CLUSTER_INT_dataset"/>
    <testcase time="0.00499999999999545" classname="CLUSTER_INT_datachk" name="Check_CLUSTER_INT_dataset"/>
    <testcase time="0.0050000000000523" classname="CLUSTER_INT_datachk" name="Check_CLUSTER_INT_dataset"/>
    <testcase time="0.00399999999996226" classname="CLUSTER_INT_datachk" name="Check_CLUSTER_INT_dataset"/>
    <testcase time="0.00499999999999545" classname="CLUSTER_INT_datachk" name="Check_CLUSTER_INT_dataset"/>
    <testcase time="0.0040000000000191" classname="CLUSTER_INT_datachk" name="Check_CLUSTER_INT_dataset"/>
    <testcase time="0.00499999999999545" classname="CLUSTER_INT_datachk" name="Check_CLUSTER_INT_dataset"/>
    <testcase time="0.26400000000001" classname="CLUSTER_INT_datachk" name="Check_CLUSTER_INT_dataset"/>
    <testcase time="0.00499999999999545" classname="CLUSTER_INT_datachk" name="Check_CLUSTER_INT_dataset"/>
    <testcase time="0.00499999999999545" classname="CLUSTER_INT_datachk" name="Check_CLUSTER_INT_dataset"/>
    <testcase time="0.00499999999999545" classname="CLUSTER_INT_datachk" name="Check_CLUSTER_INT_dataset"/>
    <testcase time="0.00600000000002865" classname="CLUSTER_INT_datachk" name="Check_CLUSTER_INT_dataset"/>
    <testcase time="0.00499999999999545" classname="CLUSTER_INT_datachk" name="Check_CLUSTER_INT_dataset"/>
    <testcase time="0.00499999999999545" classname="CLUSTER_INT_datachk" name="Check_CLUSTER_INT_dataset"/>
    <testcase time="0.00499999999999545" classname="CLUSTER_INT_datachk" name="Check_CLUSTER_INT_dataset"/>
    <testcase time="0.00499999999999545" classname="CLUSTER_INT_datachk" name="Check_CLUSTER_INT_dataset"/>
    <testcase time="0.52600000000001" classname="CLUSTER_INT_datachk" name="Check_CLUSTER_INT_dataset"/>
    <testcase time="0.00499999999999545" classname="CLUSTER_INT_datachk" name="Check_CLUSTER_INT_dataset"/>
    <testcase time="0.00499999999999545" classname="CLUSTER_INT_datachk" name="Check_CLUSTER_INT_dataset"/>
    <testcase time="0.00499999999999545" classname="CLUSTER_INT_datachk" name="Check_CLUSTER_INT_dataset"/>
    <testcase time="0.00499999999999545" classname="CLUSTER_INT_datachk" name="Check_CLUSTER_INT_dataset"/>
    <testcase time="0.00499999999999545" classname="CLUSTER_INT_datachk" name="Check_CLUSTER_INT_dataset"/>
    <testcase time="0.00499999999999545" classname="CLUSTER_INT_datachk" name="Check_CLUSTER_INT_dataset"/>
    <testcase time="0.262" classname="CLUSTER_INT_datachk" name="Check_CLUSTER_INT_dataset"/>
    <testcase time="0.00499999999999545" classname="CLUSTER_INT_datachk" name="Check_CLUSTER_INT_dataset"/>
    <testcase time="0.00499999999999545" classname="CLUSTER_INT_datachk" name="Check_CLUSTER_INT_dataset"/>
    <testcase time="0.00499999999999545" classname="CLUSTER_INT_datachk" name="Check_CLUSTER_INT_dataset"/>
    <testcase time="0.00499999999999545" classname="CLUSTER_INT_datachk" name="Check_CLUSTER_INT_dataset"/>
    <testcase time="0.00600000000002865" classname="CLUSTER_INT_datachk" name="Check_CLUSTER_INT_dataset"/>
    <testcase time="0.00499999999999545" classname="CLUSTER_INT_datachk" name="Check_CLUSTER_INT_dataset"/>
    <testcase time="0.00600000000002865" classname="CLUSTER_INT_datachk" name="Check_CLUSTER_INT_dataset"/>
    <testcase time="0.00499999999999545" classname="CLUSTER_INT_datachk" name="Check_CLUSTER_INT_dataset"/>
  </testsuite>
  <testsuite name="CLUSTER_INT::datachk::shutdown" timestamp="2020-07-06T23:13:48Z" hostname="fv-az14" tests="3" skipped="0" failures="0" errors="0" time="0.275">
    <testcase time="0.271999999999991" classname="CLUSTER_INT_datachk_shutdown" name="shutdown"/>
    <testcase time="0.00200000000000955" classname="CLUSTER_INT_datachk_shutdown" name="shutdown"/>
    <testcase time="0.000999999999976353" classname="CLUSTER_INT_datachk_shutdown" name="shutdown"/>
  </testsuite>
  <testsuite name="CLUSTER_INT::datachk::done" timestamp="2020-07-06T23:13:49Z" hostname="fv-az14" tests="0" skipped="0" failures="0" errors="0" time="0"/>
  <testsuite name="CLUSTER_SLO::datachk::setup" timestamp="2020-07-06T23:13:49Z" hostname="fv-az14" tests="3" skipped="0" failures="0" errors="0" time="5.41">
    <testcase time="5.40800000000002" classname="CLUSTER_SLO_datachk_setup" name="setup"/>
    <testcase time="0.000999999999976353" classname="CLUSTER_SLO_datachk_setup" name="setup"/>
    <testcase time="0.0010000000000332" classname="CLUSTER_SLO_datachk_setup" name="setup"/>
  </testsuite>
  <testsuite name="CLUSTER_SLO::datachk" timestamp="2020-07-06T23:13:54Z" hostname="fv-az14" tests="230" skipped="0" failures="0" errors="0" time="12.892">
    <testcase time="0.519999999999982" classname="CLUSTER_SLO_datachk" name="Check_CLUSTER_SLO_dataset"/>
    <testcase time="0.000999999999976353" classname="CLUSTER_SLO_datachk" name="Check_CLUSTER_SLO_dataset"/>
    <testcase time="0.0010000000000332" classname="CLUSTER_SLO_datachk" name="Check_CLUSTER_SLO_dataset"/>
    <testcase time="0.000999999999976353" classname="CLUSTER_SLO_datachk" name="Check_CLUSTER_SLO_dataset"/>
    <testcase time="0.0010000000000332" classname="CLUSTER_SLO_datachk" name="Check_CLUSTER_SLO_dataset"/>
    <testcase time="0.000999999999976353" classname="CLUSTER_SLO_datachk" name="Check_CLUSTER_SLO_dataset"/>
    <testcase time="0.000999999999976353" classname="CLUSTER_SLO_datachk" name="Check_CLUSTER_SLO_dataset"/>
    <testcase time="0.260000000000048" classname="CLUSTER_SLO_datachk" name="Check_CLUSTER_SLO_dataset"/>
    <testcase time="0.000999999999976353" classname="CLUSTER_SLO_datachk" name="Check_CLUSTER_SLO_dataset"/>
    <testcase time="0.00200000000000955" classname="CLUSTER_SLO_datachk" name="Check_CLUSTER_SLO_dataset"/>
    <testcase time="0.000999999999976353" classname="CLUSTER_SLO_datachk" name="Check_CLUSTER_SLO_dataset"/>
    <testcase time="0.0010000000000332" classname="CLUSTER_SLO_datachk" name="Check_CLUSTER_SLO_dataset"/>
    <testcase time="0.000999999999976353" classname="CLUSTER_SLO_datachk" name="Check_CLUSTER_SLO_dataset"/>
    <testcase time="0.00200000000000955" classname="CLUSTER_SLO_datachk" name="Check_CLUSTER_SLO_dataset"/>
    <testcase time="0.000999999999976353" classname="CLUSTER_SLO_datachk" name="Check_CLUSTER_SLO_dataset"/>
    <testcase time="1.202" classname="CLUSTER_SLO_datachk" name="Check_CLUSTER_SLO_dataset"/>
    <testcase time="0.00200000000000955" classname="CLUSTER_SLO_datachk" name="Check_CLUSTER_SLO_dataset"/>
    <testcase time="0.0010000000000332" classname="CLUSTER_SLO_datachk" name="Check_CLUSTER_SLO_dataset"/>
    <testcase time="0.000999999999976353" classname="CLUSTER_SLO_datachk" name="Check_CLUSTER_SLO_dataset"/>
    <testcase time="0.00200000000000955" classname="CLUSTER_SLO_datachk" name="Check_CLUSTER_SLO_dataset"/>
    <testcase time="0.000999999999976353" classname="CLUSTER_SLO_datachk" name="Check_CLUSTER_SLO_dataset"/>
    <testcase time="0.00200000000000955" classname="CLUSTER_SLO_datachk" name="Check_CLUSTER_SLO_dataset"/>
    <testcase time="0.518000000000029" classname="CLUSTER_SLO_datachk" name="Check_CLUSTER_SLO_dataset"/>
    <testcase time="0.00199999999995271" classname="CLUSTER_SLO_datachk" name="Check_CLUSTER_SLO_dataset"/>
    <testcase time="0.0010000000000332" classname="CLUSTER_SLO_datachk" name="Check_CLUSTER_SLO_dataset"/>
    <testcase time="0.00200000000000955" classname="CLUSTER_SLO_datachk" name="Check_CLUSTER_SLO_dataset"/>
    <testcase time="0.000999999999976353" classname="CLUSTER_SLO_datachk" name="Check_CLUSTER_SLO_dataset"/>
    <testcase time="0.00200000000000955" classname="CLUSTER_SLO_datachk" name="Check_CLUSTER_SLO_dataset"/>
    <testcase time="0.000999999999976353" classname="CLUSTER_SLO_datachk" name="Check_CLUSTER_SLO_dataset"/>
    <testcase time="0.257000000000005" classname="CLUSTER_SLO_datachk" name="Check_CLUSTER_SLO_dataset"/>
    <testcase time="0.00200000000000955" classname="CLUSTER_SLO_datachk" name="Check_CLUSTER_SLO_dataset"/>
    <testcase time="0.0010000000000332" classname="CLUSTER_SLO_datachk" name="Check_CLUSTER_SLO_dataset"/>
    <testcase time="0.00199999999995271" classname="CLUSTER_SLO_datachk" name="Check_CLUSTER_SLO_dataset"/>
    <testcase time="0.00200000000000955" classname="CLUSTER_SLO_datachk" name="Check_CLUSTER_SLO_dataset"/>
    <testcase time="0.00200000000000955" classname="CLUSTER_SLO_datachk" name="Check_CLUSTER_SLO_dataset"/>
    <testcase time="0.000999999999976353" classname="CLUSTER_SLO_datachk" name="Check_CLUSTER_SLO_dataset"/>
    <testcase time="0.00200000000000955" classname="CLUSTER_SLO_datachk" name="Check_CLUSTER_SLO_dataset"/>
    <testcase time="0.00200000000000955" classname="CLUSTER_SLO_datachk" name="Check_CLUSTER_SLO_dataset"/>
    <testcase time="0.545999999999992" classname="CLUSTER_SLO_datachk" name="Check_CLUSTER_SLO_dataset"/>
    <testcase time="0.00200000000000955" classname="CLUSTER_SLO_datachk" name="Check_CLUSTER_SLO_dataset"/>
    <testcase time="0.00200000000000955" classname="CLUSTER_SLO_datachk" name="Check_CLUSTER_SLO_dataset"/>
    <testcase time="0.00200000000000955" classname="CLUSTER_SLO_datachk" name="Check_CLUSTER_SLO_dataset"/>
    <testcase time="0.00200000000000955" classname="CLUSTER_SLO_datachk" name="Check_CLUSTER_SLO_dataset"/>
    <testcase time="0.00199999999995271" classname="CLUSTER_SLO_datachk" name="Check_CLUSTER_SLO_dataset"/>
    <testcase time="0.00200000000000955" classname="CLUSTER_SLO_datachk" name="Check_CLUSTER_SLO_dataset"/>
    <testcase time="0.314000000000021" classname="CLUSTER_SLO_datachk" name="Check_CLUSTER_SLO_dataset"/>
    <testcase time="0.00200000000000955" classname="CLUSTER_SLO_datachk" name="Check_CLUSTER_SLO_dataset"/>
    <testcase time="0.00199999999995271" classname="CLUSTER_SLO_datachk" name="Check_CLUSTER_SLO_dataset"/>
    <testcase time="0.00200000000000955" classname="CLUSTER_SLO_datachk" name="Check_CLUSTER_SLO_dataset"/>
    <testcase time="0.00200000000000955" classname="CLUSTER_SLO_datachk" name="Check_CLUSTER_SLO_dataset"/>
    <testcase time="0.00200000000000955" classname="CLUSTER_SLO_datachk" name="Check_CLUSTER_SLO_dataset"/>
    <testcase time="0.00200000000000955" classname="CLUSTER_SLO_datachk" name="Check_CLUSTER_SLO_dataset"/>
    <testcase time="0.00200000000000955" classname="CLUSTER_SLO_datachk" name="Check_CLUSTER_SLO_dataset"/>
    <testcase time="0.00199999999995271" classname="CLUSTER_SLO_datachk" name="Check_CLUSTER_SLO_dataset"/>
    <testcase time="0.529000000000053" classname="CLUSTER_SLO_datachk" name="Check_CLUSTER_SLO_dataset"/>
    <testcase time="0.00199999999995271" classname="CLUSTER_SLO_datachk" name="Check_CLUSTER_SLO_dataset"/>
    <testcase time="0.00200000000000955" classname="CLUSTER_SLO_datachk" name="Check_CLUSTER_SLO_dataset"/>
    <testcase time="0.00200000000000955" classname="CLUSTER_SLO_datachk" name="Check_CLUSTER_SLO_dataset"/>
    <testcase time="0.0029999999999859" classname="CLUSTER_SLO_datachk" name="Check_CLUSTER_SLO_dataset"/>
    <testcase time="0.00200000000000955" classname="CLUSTER_SLO_datachk" name="Check_CLUSTER_SLO_dataset"/>
    <testcase time="0.00200000000000955" classname="CLUSTER_SLO_datachk" name="Check_CLUSTER_SLO_dataset"/>
    <testcase time="0.259000000000015" classname="CLUSTER_SLO_datachk" name="Check_CLUSTER_SLO_dataset"/>
    <testcase time="0.00200000000000955" classname="CLUSTER_SLO_datachk" name="Check_CLUSTER_SLO_dataset"/>
    <testcase time="0.00199999999995271" classname="CLUSTER_SLO_datachk" name="Check_CLUSTER_SLO_dataset"/>
    <testcase time="0.00200000000000955" classname="CLUSTER_SLO_datachk" name="Check_CLUSTER_SLO_dataset"/>
    <testcase time="0.0029999999999859" classname="CLUSTER_SLO_datachk" name="Check_CLUSTER_SLO_dataset"/>
    <testcase time="0.00200000000000955" classname="CLUSTER_SLO_datachk" name="Check_CLUSTER_SLO_dataset"/>
    <testcase time="0.00200000000000955" classname="CLUSTER_SLO_datachk" name="Check_CLUSTER_SLO_dataset"/>
    <testcase time="0.00200000000000955" classname="CLUSTER_SLO_datachk" name="Check_CLUSTER_SLO_dataset"/>
    <testcase time="0.0029999999999859" classname="CLUSTER_SLO_datachk" name="Check_CLUSTER_SLO_dataset"/>
    <testcase time="0.523000000000025" classname="CLUSTER_SLO_datachk" name="Check_CLUSTER_SLO_dataset"/>
    <testcase time="0.00200000000000955" classname="CLUSTER_SLO_datachk" name="Check_CLUSTER_SLO_dataset"/>
    <testcase time="0.0029999999999859" classname="CLUSTER_SLO_datachk" name="Check_CLUSTER_SLO_dataset"/>
    <testcase time="0.00200000000000955" classname="CLUSTER_SLO_datachk" name="Check_CLUSTER_SLO_dataset"/>
    <testcase time="0.0029999999999859" classname="CLUSTER_SLO_datachk" name="Check_CLUSTER_SLO_dataset"/>
    <testcase time="0.00200000000000955" classname="CLUSTER_SLO_datachk" name="Check_CLUSTER_SLO_dataset"/>
    <testcase time="0.0029999999999859" classname="CLUSTER_SLO_datachk" name="Check_CLUSTER_SLO_dataset"/>
    <testcase time="0.261000000000024" classname="CLUSTER_SLO_datachk" name="Check_CLUSTER_SLO_dataset"/>
    <testcase time="0.0029999999999859" classname="CLUSTER_SLO_datachk" name="Check_CLUSTER_SLO_dataset"/>
    <testcase time="0.00200000000000955" classname="CLUSTER_SLO_datachk" name="Check_CLUSTER_SLO_dataset"/>
    <testcase time="0.00200000000000955" classname="CLUSTER_SLO_datachk" name="Check_CLUSTER_SLO_dataset"/>
    <testcase time="0.0029999999999859" classname="CLUSTER_SLO_datachk" name="Check_CLUSTER_SLO_dataset"/>
    <testcase time="0.00200000000000955" classname="CLUSTER_SLO_datachk" name="Check_CLUSTER_SLO_dataset"/>
    <testcase time="0.0029999999999859" classname="CLUSTER_SLO_datachk" name="Check_CLUSTER_SLO_dataset"/>
    <testcase time="0.0029999999999859" classname="CLUSTER_SLO_datachk" name="Check_CLUSTER_SLO_dataset"/>
    <testcase time="0.00200000000000955" classname="CLUSTER_SLO_datachk" name="Check_CLUSTER_SLO_dataset"/>
    <testcase time="0.527000000000044" classname="CLUSTER_SLO_datachk" name="Check_CLUSTER_SLO_dataset"/>
    <testcase time="0.0029999999999859" classname="CLUSTER_SLO_datachk" name="Check_CLUSTER_SLO_dataset"/>
    <testcase time="0.00200000000000955" classname="CLUSTER_SLO_datachk" name="Check_CLUSTER_SLO_dataset"/>
    <testcase time="0.0029999999999859" classname="CLUSTER_SLO_datachk" name="Check_CLUSTER_SLO_dataset"/>
    <testcase time="0.0029999999999859" classname="CLUSTER_SLO_datachk" name="Check_CLUSTER_SLO_dataset"/>
    <testcase time="0.00200000000000955" classname="CLUSTER_SLO_datachk" name="Check_CLUSTER_SLO_dataset"/>
    <testcase time="0.0029999999999859" classname="CLUSTER_SLO_datachk" name="Check_CLUSTER_SLO_dataset"/>
    <testcase time="0.259000000000015" classname="CLUSTER_SLO_datachk" name="Check_CLUSTER_SLO_dataset"/>
    <testcase time="0.0029999999999859" classname="CLUSTER_SLO_datachk" name="Check_CLUSTER_SLO_dataset"/>
    <testcase time="0.0029999999999859" classname="CLUSTER_SLO_datachk" name="Check_CLUSTER_SLO_dataset"/>
    <testcase time="0.00300000000004275" classname="CLUSTER_SLO_datachk" name="Check_CLUSTER_SLO_dataset"/>
    <testcase time="0.0029999999999859" classname="CLUSTER_SLO_datachk" name="Check_CLUSTER_SLO_dataset"/>
    <testcase time="0.00200000000000955" classname="CLUSTER_SLO_datachk" name="Check_CLUSTER_SLO_dataset"/>
    <testcase time="0.0029999999999859" classname="CLUSTER_SLO_datachk" name="Check_CLUSTER_SLO_dataset"/>
    <testcase time="0.0029999999999859" classname="CLUSTER_SLO_datachk" name="Check_CLUSTER_SLO_dataset"/>
    <testcase time="0.00300000000004275" classname="CLUSTER_SLO_datachk" name="Check_CLUSTER_SLO_dataset"/>
    <testcase time="0.518999999999949" classname="CLUSTER_SLO_datachk" name="Check_CLUSTER_SLO_dataset"/>
    <testcase time="0.00300000000004275" classname="CLUSTER_SLO_datachk" name="Check_CLUSTER_SLO_dataset"/>
    <testcase time="0.0029999999999859" classname="CLUSTER_SLO_datachk" name="Check_CLUSTER_SLO_dataset"/>
    <testcase time="0.0029999999999859" classname="CLUSTER_SLO_datachk" name="Check_CLUSTER_SLO_dataset"/>
    <testcase time="0.0029999999999859" classname="CLUSTER_SLO_datachk" name="Check_CLUSTER_SLO_dataset"/>
    <testcase time="0.00300000000004275" classname="CLUSTER_SLO_datachk" name="Check_CLUSTER_SLO_dataset"/>
    <testcase time="0.0029999999999859" classname="CLUSTER_SLO_datachk" name="Check_CLUSTER_SLO_dataset"/>
    <testcase time="0.260999999999967" classname="CLUSTER_SLO_datachk" name="Check_CLUSTER_SLO_dataset"/>
    <testcase time="0.00300000000004275" classname="CLUSTER_SLO_datachk" name="Check_CLUSTER_SLO_dataset"/>
    <testcase time="0.0029999999999859" classname="CLUSTER_SLO_datachk" name="Check_CLUSTER_SLO_dataset"/>
    <testcase time="0.0029999999999859" classname="CLUSTER_SLO_datachk" name="Check_CLUSTER_SLO_dataset"/>
    <testcase time="0.0040000000000191" classname="CLUSTER_SLO_datachk" name="Check_CLUSTER_SLO_dataset"/>
    <testcase time="0.0029999999999859" classname="CLUSTER_SLO_datachk" name="Check_CLUSTER_SLO_dataset"/>
    <testcase time="0.0029999999999859" classname="CLUSTER_SLO_datachk" name="Check_CLUSTER_SLO_dataset"/>
    <testcase time="0.0100000000000477" classname="CLUSTER_SLO_datachk" name="Check_CLUSTER_SLO_dataset"/>
    <testcase time="0.00399999999996226" classname="CLUSTER_SLO_datachk" name="Check_CLUSTER_SLO_dataset"/>
    <testcase time="0.51400000000001" classname="CLUSTER_SLO_datachk" name="Check_CLUSTER_SLO_dataset"/>
    <testcase time="0.00300000000004275" classname="CLUSTER_SLO_datachk" name="Check_CLUSTER_SLO_dataset"/>
    <testcase time="0.0029999999999859" classname="CLUSTER_SLO_datachk" name="Check_CLUSTER_SLO_dataset"/>
    <testcase time="0.0029999999999859" classname="CLUSTER_SLO_datachk" name="Check_CLUSTER_SLO_dataset"/>
    <testcase time="0.0029999999999859" classname="CLUSTER_SLO_datachk" name="Check_CLUSTER_SLO_dataset"/>
    <testcase time="0.0040000000000191" classname="CLUSTER_SLO_datachk" name="Check_CLUSTER_SLO_dataset"/>
    <testcase time="0.0029999999999859" classname="CLUSTER_SLO_datachk" name="Check_CLUSTER_SLO_dataset"/>
    <testcase time="0.262" classname="CLUSTER_SLO_datachk" name="Check_CLUSTER_SLO_dataset"/>
    <testcase time="0.0040000000000191" classname="CLUSTER_SLO_datachk" name="Check_CLUSTER_SLO_dataset"/>
    <testcase time="0.0040000000000191" classname="CLUSTER_SLO_datachk" name="Check_CLUSTER_SLO_dataset"/>
    <testcase time="0.0029999999999859" classname="CLUSTER_SLO_datachk" name="Check_CLUSTER_SLO_dataset"/>
    <testcase time="0.0040000000000191" classname="CLUSTER_SLO_datachk" name="Check_CLUSTER_SLO_dataset"/>
    <testcase time="0.0029999999999859" classname="CLUSTER_SLO_datachk" name="Check_CLUSTER_SLO_dataset"/>
    <testcase time="0.00399999999996226" classname="CLUSTER_SLO_datachk" name="Check_CLUSTER_SLO_dataset"/>
    <testcase time="0.00300000000004275" classname="CLUSTER_SLO_datachk" name="Check_CLUSTER_SLO_dataset"/>
    <testcase time="0.00399999999996226" classname="CLUSTER_SLO_datachk" name="Check_CLUSTER_SLO_dataset"/>
    <testcase time="0.521000000000015" classname="CLUSTER_SLO_datachk" name="Check_CLUSTER_SLO_dataset"/>
    <testcase time="0.0040000000000191" classname="CLUSTER_SLO_datachk" name="Check_CLUSTER_SLO_dataset"/>
    <testcase time="0.00399999999996226" classname="CLUSTER_SLO_datachk" name="Check_CLUSTER_SLO_dataset"/>
    <testcase time="0.0040000000000191" classname="CLUSTER_SLO_datachk" name="Check_CLUSTER_SLO_dataset"/>
    <testcase time="0.0029999999999859" classname="CLUSTER_SLO_datachk" name="Check_CLUSTER_SLO_dataset"/>
    <testcase time="0.0040000000000191" classname="CLUSTER_SLO_datachk" name="Check_CLUSTER_SLO_dataset"/>
    <testcase time="0.0040000000000191" classname="CLUSTER_SLO_datachk" name="Check_CLUSTER_SLO_dataset"/>
    <testcase time="0.264999999999986" classname="CLUSTER_SLO_datachk" name="Check_CLUSTER_SLO_dataset"/>
    <testcase time="0.0040000000000191" classname="CLUSTER_SLO_datachk" name="Check_CLUSTER_SLO_dataset"/>
    <testcase time="0.00399999999996226" classname="CLUSTER_SLO_datachk" name="Check_CLUSTER_SLO_dataset"/>
    <testcase time="0.00300000000004275" classname="CLUSTER_SLO_datachk" name="Check_CLUSTER_SLO_dataset"/>
    <testcase time="0.00399999999996226" classname="CLUSTER_SLO_datachk" name="Check_CLUSTER_SLO_dataset"/>
    <testcase time="0.0040000000000191" classname="CLUSTER_SLO_datachk" name="Check_CLUSTER_SLO_dataset"/>
    <testcase time="0.0029999999999859" classname="CLUSTER_SLO_datachk" name="Check_CLUSTER_SLO_dataset"/>
    <testcase time="0.0040000000000191" classname="CLUSTER_SLO_datachk" name="Check_CLUSTER_SLO_dataset"/>
    <testcase time="0.00399999999996226" classname="CLUSTER_SLO_datachk" name="Check_CLUSTER_SLO_dataset"/>
    <testcase time="0.515000000000043" classname="CLUSTER_SLO_datachk" name="Check_CLUSTER_SLO_dataset"/>
    <testcase time="0.00399999999996226" classname="CLUSTER_SLO_datachk" name="Check_CLUSTER_SLO_dataset"/>
    <testcase time="0.0040000000000191" classname="CLUSTER_SLO_datachk" name="Check_CLUSTER_SLO_dataset"/>
    <testcase time="0.0040000000000191" classname="CLUSTER_SLO_datachk" name="Check_CLUSTER_SLO_dataset"/>
    <testcase time="0.00399999999996226" classname="CLUSTER_SLO_datachk" name="Check_CLUSTER_SLO_dataset"/>
    <testcase time="0.0040000000000191" classname="CLUSTER_SLO_datachk" name="Check_CLUSTER_SLO_dataset"/>
    <testcase time="0.0040000000000191" classname="CLUSTER_SLO_datachk" name="Check_CLUSTER_SLO_dataset"/>
    <testcase time="0.260999999999967" classname="CLUSTER_SLO_datachk" name="Check_CLUSTER_SLO_dataset"/>
    <testcase time="0.0040000000000191" classname="CLUSTER_SLO_datachk" name="Check_CLUSTER_SLO_dataset"/>
    <testcase time="0.0040000000000191" classname="CLUSTER_SLO_datachk" name="Check_CLUSTER_SLO_dataset"/>
    <testcase time="0.0040000000000191" classname="CLUSTER_SLO_datachk" name="Check_CLUSTER_SLO_dataset"/>
    <testcase time="0.00399999999996226" classname="CLUSTER_SLO_datachk" name="Check_CLUSTER_SLO_dataset"/>
    <testcase time="0.0040000000000191" classname="CLUSTER_SLO_datachk" name="Check_CLUSTER_SLO_dataset"/>
    <testcase time="0.0040000000000191" classname="CLUSTER_SLO_datachk" name="Check_CLUSTER_SLO_dataset"/>
    <testcase time="0.00399999999996226" classname="CLUSTER_SLO_datachk" name="Check_CLUSTER_SLO_dataset"/>
    <testcase time="0.0040000000000191" classname="CLUSTER_SLO_datachk" name="Check_CLUSTER_SLO_dataset"/>
    <testcase time="0.524999999999977" classname="CLUSTER_SLO_datachk" name="Check_CLUSTER_SLO_dataset"/>
    <testcase time="0.0040000000000191" classname="CLUSTER_SLO_datachk" name="Check_CLUSTER_SLO_dataset"/>
    <testcase time="0.0040000000000191" classname="CLUSTER_SLO_datachk" name="Check_CLUSTER_SLO_dataset"/>
    <testcase time="0.00399999999996226" classname="CLUSTER_SLO_datachk" name="Check_CLUSTER_SLO_dataset"/>
    <testcase time="0.0040000000000191" classname="CLUSTER_SLO_datachk" name="Check_CLUSTER_SLO_dataset"/>
    <testcase time="0.0040000000000191" classname="CLUSTER_SLO_datachk" name="Check_CLUSTER_SLO_dataset"/>
    <testcase time="0.00499999999999545" classname="CLUSTER_SLO_datachk" name="Check_CLUSTER_SLO_dataset"/>
    <testcase time="0.259000000000015" classname="CLUSTER_SLO_datachk" name="Check_CLUSTER_SLO_dataset"/>
    <testcase time="0.00499999999999545" classname="CLUSTER_SLO_datachk" name="Check_CLUSTER_SLO_dataset"/>
    <testcase time="0.00399999999996226" classname="CLUSTER_SLO_datachk" name="Check_CLUSTER_SLO_dataset"/>
    <testcase time="0.0040000000000191" classname="CLUSTER_SLO_datachk" name="Check_CLUSTER_SLO_dataset"/>
    <testcase time="0.0040000000000191" classname="CLUSTER_SLO_datachk" name="Check_CLUSTER_SLO_dataset"/>
    <testcase time="0.00399999999996226" classname="CLUSTER_SLO_datachk" name="Check_CLUSTER_SLO_dataset"/>
    <testcase time="0.00499999999999545" classname="CLUSTER_SLO_datachk" name="Check_CLUSTER_SLO_dataset"/>
    <testcase time="0.0040000000000191" classname="CLUSTER_SLO_datachk" name="Check_CLUSTER_SLO_dataset"/>
    <testcase time="0.00499999999999545" classname="CLUSTER_SLO_datachk" name="Check_CLUSTER_SLO_dataset"/>
    <testcase time="0.518000000000029" classname="CLUSTER_SLO_datachk" name="Check_CLUSTER_SLO_dataset"/>
    <testcase time="0.00499999999999545" classname="CLUSTER_SLO_datachk" name="Check_CLUSTER_SLO_dataset"/>
    <testcase time="0.00399999999996226" classname="CLUSTER_SLO_datachk" name="Check_CLUSTER_SLO_dataset"/>
    <testcase time="0.00499999999999545" classname="CLUSTER_SLO_datachk" name="Check_CLUSTER_SLO_dataset"/>
    <testcase time="0.0040000000000191" classname="CLUSTER_SLO_datachk" name="Check_CLUSTER_SLO_dataset"/>
    <testcase time="0.00499999999999545" classname="CLUSTER_SLO_datachk" name="Check_CLUSTER_SLO_dataset"/>
    <testcase time="0.0040000000000191" classname="CLUSTER_SLO_datachk" name="Check_CLUSTER_SLO_dataset"/>
    <testcase time="0.267999999999972" classname="CLUSTER_SLO_datachk" name="Check_CLUSTER_SLO_dataset"/>
    <testcase time="0.00499999999999545" classname="CLUSTER_SLO_datachk" name="Check_CLUSTER_SLO_dataset"/>
    <testcase time="0.0040000000000191" classname="CLUSTER_SLO_datachk" name="Check_CLUSTER_SLO_dataset"/>
    <testcase time="0.00499999999999545" classname="CLUSTER_SLO_datachk" name="Check_CLUSTER_SLO_dataset"/>
    <testcase time="0.0040000000000191" classname="CLUSTER_SLO_datachk" name="Check_CLUSTER_SLO_dataset"/>
    <testcase time="0.00499999999999545" classname="CLUSTER_SLO_datachk" name="Check_CLUSTER_SLO_dataset"/>
    <testcase time="0.0040000000000191" classname="CLUSTER_SLO_datachk" name="Check_CLUSTER_SLO_dataset"/>
    <testcase time="0.00499999999999545" classname="CLUSTER_SLO_datachk" name="Check_CLUSTER_SLO_dataset"/>
    <testcase time="0.00399999999996226" classname="CLUSTER_SLO_datachk" name="Check_CLUSTER_SLO_dataset"/>
    <testcase time="0.51600000000002" classname="CLUSTER_SLO_datachk" name="Check_CLUSTER_SLO_dataset"/>
    <testcase time="0.00499999999999545" classname="CLUSTER_SLO_datachk" name="Check_CLUSTER_SLO_dataset"/>
    <testcase time="0.00499999999999545" classname="CLUSTER_SLO_datachk" name="Check_CLUSTER_SLO_dataset"/>
    <testcase time="0.00499999999999545" classname="CLUSTER_SLO_datachk" name="Check_CLUSTER_SLO_dataset"/>
    <testcase time="0.00499999999999545" classname="CLUSTER_SLO_datachk" name="Check_CLUSTER_SLO_dataset"/>
    <testcase time="0.00499999999999545" classname="CLUSTER_SLO_datachk" name="Check_CLUSTER_SLO_dataset"/>
    <testcase time="0.00499999999999545" classname="CLUSTER_SLO_datachk" name="Check_CLUSTER_SLO_dataset"/>
    <testcase time="0.263000000000034" classname="CLUSTER_SLO_datachk" name="Check_CLUSTER_SLO_dataset"/>
    <testcase time="0.00499999999999545" classname="CLUSTER_SLO_datachk" name="Check_CLUSTER_SLO_dataset"/>
    <testcase time="0.00499999999999545" classname="CLUSTER_SLO_datachk" name="Check_CLUSTER_SLO_dataset"/>
    <testcase time="0.00499999999999545" classname="CLUSTER_SLO_datachk" name="Check_CLUSTER_SLO_dataset"/>
    <testcase time="0.00499999999999545" classname="CLUSTER_SLO_datachk" name="Check_CLUSTER_SLO_dataset"/>
    <testcase time="0.00499999999999545" classname="CLUSTER_SLO_datachk" name="Check_CLUSTER_SLO_dataset"/>
    <testcase time="0.00499999999999545" classname="CLUSTER_SLO_datachk" name="Check_CLUSTER_SLO_dataset"/>
    <testcase time="0.00499999999999545" classname="CLUSTER_SLO_datachk" name="Check_CLUSTER_SLO_dataset"/>
    <testcase time="0.00499999999999545" classname="CLUSTER_SLO_datachk" name="Check_CLUSTER_SLO_dataset"/>
    <testcase time="0.532000000000039" classname="CLUSTER_SLO_datachk" name="Check_CLUSTER_SLO_dataset"/>
    <testcase time="0.00499999999999545" classname="CLUSTER_SLO_datachk" name="Check_CLUSTER_SLO_dataset"/>
    <testcase time="0.00499999999999545" classname="CLUSTER_SLO_datachk" name="Check_CLUSTER_SLO_dataset"/>
    <testcase time="0.00499999999999545" classname="CLUSTER_SLO_datachk" name="Check_CLUSTER_SLO_dataset"/>
    <testcase time="0.00499999999999545" classname="CLUSTER_SLO_datachk" name="Check_CLUSTER_SLO_dataset"/>
    <testcase time="0.00499999999999545" classname="CLUSTER_SLO_datachk" name="Check_CLUSTER_SLO_dataset"/>
    <testcase time="0.00499999999999545" classname="CLUSTER_SLO_datachk" name="Check_CLUSTER_SLO_dataset"/>
    <testcase time="0.26400000000001" classname="CLUSTER_SLO_datachk" name="Check_CLUSTER_SLO_dataset"/>
    <testcase time="0.00499999999999545" classname="CLUSTER_SLO_datachk" name="Check_CLUSTER_SLO_dataset"/>
    <testcase time="0.00600000000002865" classname="CLUSTER_SLO_datachk" name="Check_CLUSTER_SLO_dataset"/>
    <testcase time="0.00499999999999545" classname="CLUSTER_SLO_datachk" name="Check_CLUSTER_SLO_dataset"/>
    <testcase time="0.00499999999999545" classname="CLUSTER_SLO_datachk" name="Check_CLUSTER_SLO_dataset"/>
    <testcase time="0.00599999999997181" classname="CLUSTER_SLO_datachk" name="Check_CLUSTER_SLO_dataset"/>
    <testcase time="0.00499999999999545" classname="CLUSTER_SLO_datachk" name="Check_CLUSTER_SLO_dataset"/>
    <testcase time="0.00600000000002865" classname="CLUSTER_SLO_datachk" name="Check_CLUSTER_SLO_dataset"/>
    <testcase time="0.00499999999999545" classname="CLUSTER_SLO_datachk" name="Check_CLUSTER_SLO_dataset"/>
  </testsuite>
  <testsuite name="CLUSTER_SLO::datachk::shutdown" timestamp="2020-07-06T23:14:07Z" hostname="fv-az14" tests="3" skipped="0" failures="0" errors="0" time="0.278">
    <testcase time="0.27600000000001" classname="CLUSTER_SLO_datachk_shutdown" name="shutdown"/>
    <testcase time="0.000999999999976353" classname="CLUSTER_SLO_datachk_shutdown" name="shutdown"/>
    <testcase time="0.0010000000000332" classname="CLUSTER_SLO_datachk_shutdown" name="shutdown"/>
  </testsuite>
  <testsuite name="CLUSTER_SLO::datachk::done" timestamp="2020-07-06T23:14:08Z" hostname="fv-az14" tests="0" skipped="0" failures="0" errors="0" time="0"/>
  <testsuite name="CNSIM::datachk::setup" timestamp="2020-07-06T23:14:08Z" hostname="fv-az14" tests="3" skipped="0" failures="0" errors="0" time="5.04">
    <testcase time="5.03799999999995" classname="CNSIM_datachk_setup" name="setup"/>
    <testcase time="0.0010000000000332" classname="CNSIM_datachk_setup" name="setup"/>
    <testcase time="0.000999999999976353" classname="CNSIM_datachk_setup" name="setup"/>
  </testsuite>
  <testsuite name="CNSIM::datachk" timestamp="2020-07-06T23:14:12Z" hostname="fv-az14" tests="198" skipped="0" failures="0" errors="0" time="11.203">
    <testcase time="0.521999999999991" classname="CNSIM_datachk" name="Check_CNSIM_dataset"/>
    <testcase time="0.00200000000000955" classname="CNSIM_datachk" name="Check_CNSIM_dataset"/>
    <testcase time="0.0010000000000332" classname="CNSIM_datachk" name="Check_CNSIM_dataset"/>
    <testcase time="0.000999999999976353" classname="CNSIM_datachk" name="Check_CNSIM_dataset"/>
    <testcase time="0.000999999999976353" classname="CNSIM_datachk" name="Check_CNSIM_dataset"/>
    <testcase time="0.0010000000000332" classname="CNSIM_datachk" name="Check_CNSIM_dataset"/>
    <testcase time="0.000999999999976353" classname="CNSIM_datachk" name="Check_CNSIM_dataset"/>
    <testcase time="0.259999999999991" classname="CNSIM_datachk" name="Check_CNSIM_dataset"/>
    <testcase time="0.0010000000000332" classname="CNSIM_datachk" name="Check_CNSIM_dataset"/>
    <testcase time="0.00200000000000955" classname="CNSIM_datachk" name="Check_CNSIM_dataset"/>
    <testcase time="0.000999999999976353" classname="CNSIM_datachk" name="Check_CNSIM_dataset"/>
    <testcase time="0.0010000000000332" classname="CNSIM_datachk" name="Check_CNSIM_dataset"/>
    <testcase time="0.000999999999976353" classname="CNSIM_datachk" name="Check_CNSIM_dataset"/>
    <testcase time="0.00200000000000955" classname="CNSIM_datachk" name="Check_CNSIM_dataset"/>
    <testcase time="0.000999999999976353" classname="CNSIM_datachk" name="Check_CNSIM_dataset"/>
    <testcase time="1.19600000000003" classname="CNSIM_datachk" name="Check_CNSIM_dataset"/>
    <testcase time="0.000999999999976353" classname="CNSIM_datachk" name="Check_CNSIM_dataset"/>
    <testcase time="0.00799999999998136" classname="CNSIM_datachk" name="Check_CNSIM_dataset"/>
    <testcase time="0.00200000000000955" classname="CNSIM_datachk" name="Check_CNSIM_dataset"/>
    <testcase time="0.0010000000000332" classname="CNSIM_datachk" name="Check_CNSIM_dataset"/>
    <testcase time="0.000999999999976353" classname="CNSIM_datachk" name="Check_CNSIM_dataset"/>
    <testcase time="0.00200000000000955" classname="CNSIM_datachk" name="Check_CNSIM_dataset"/>
    <testcase time="0.51600000000002" classname="CNSIM_datachk" name="Check_CNSIM_dataset"/>
    <testcase time="0.000999999999976353" classname="CNSIM_datachk" name="Check_CNSIM_dataset"/>
    <testcase time="0.00200000000000955" classname="CNSIM_datachk" name="Check_CNSIM_dataset"/>
    <testcase time="0.000999999999976353" classname="CNSIM_datachk" name="Check_CNSIM_dataset"/>
    <testcase time="0.00200000000000955" classname="CNSIM_datachk" name="Check_CNSIM_dataset"/>
    <testcase time="0.0010000000000332" classname="CNSIM_datachk" name="Check_CNSIM_dataset"/>
    <testcase time="0.00199999999995271" classname="CNSIM_datachk" name="Check_CNSIM_dataset"/>
    <testcase time="0.266999999999996" classname="CNSIM_datachk" name="Check_CNSIM_dataset"/>
    <testcase time="0.00200000000000955" classname="CNSIM_datachk" name="Check_CNSIM_dataset"/>
    <testcase time="0.0010000000000332" classname="CNSIM_datachk" name="Check_CNSIM_dataset"/>
    <testcase time="0.00200000000000955" classname="CNSIM_datachk" name="Check_CNSIM_dataset"/>
    <testcase time="0.00199999999995271" classname="CNSIM_datachk" name="Check_CNSIM_dataset"/>
    <testcase time="0.0010000000000332" classname="CNSIM_datachk" name="Check_CNSIM_dataset"/>
    <testcase time="0.00200000000000955" classname="CNSIM_datachk" name="Check_CNSIM_dataset"/>
    <testcase time="0.00199999999995271" classname="CNSIM_datachk" name="Check_CNSIM_dataset"/>
    <testcase time="0.0010000000000332" classname="CNSIM_datachk" name="Check_CNSIM_dataset"/>
    <testcase time="0.51600000000002" classname="CNSIM_datachk" name="Check_CNSIM_dataset"/>
    <testcase time="0.00199999999995271" classname="CNSIM_datachk" name="Check_CNSIM_dataset"/>
    <testcase time="0.00200000000000955" classname="CNSIM_datachk" name="Check_CNSIM_dataset"/>
    <testcase time="0.0010000000000332" classname="CNSIM_datachk" name="Check_CNSIM_dataset"/>
    <testcase time="0.00199999999995271" classname="CNSIM_datachk" name="Check_CNSIM_dataset"/>
    <testcase time="0.00200000000000955" classname="CNSIM_datachk" name="Check_CNSIM_dataset"/>
    <testcase time="0.00200000000000955" classname="CNSIM_datachk" name="Check_CNSIM_dataset"/>
    <testcase time="0.261000000000024" classname="CNSIM_datachk" name="Check_CNSIM_dataset"/>
    <testcase time="0.00199999999995271" classname="CNSIM_datachk" name="Check_CNSIM_dataset"/>
    <testcase time="0.00200000000000955" classname="CNSIM_datachk" name="Check_CNSIM_dataset"/>
    <testcase time="0.00200000000000955" classname="CNSIM_datachk" name="Check_CNSIM_dataset"/>
    <testcase time="0.00200000000000955" classname="CNSIM_datachk" name="Check_CNSIM_dataset"/>
    <testcase time="0.00200000000000955" classname="CNSIM_datachk" name="Check_CNSIM_dataset"/>
    <testcase time="0.00200000000000955" classname="CNSIM_datachk" name="Check_CNSIM_dataset"/>
    <testcase time="0.00199999999995271" classname="CNSIM_datachk" name="Check_CNSIM_dataset"/>
    <testcase time="0.00200000000000955" classname="CNSIM_datachk" name="Check_CNSIM_dataset"/>
    <testcase time="0.518000000000029" classname="CNSIM_datachk" name="Check_CNSIM_dataset"/>
    <testcase time="0.00200000000000955" classname="CNSIM_datachk" name="Check_CNSIM_dataset"/>
    <testcase time="0.00199999999995271" classname="CNSIM_datachk" name="Check_CNSIM_dataset"/>
    <testcase time="0.00200000000000955" classname="CNSIM_datachk" name="Check_CNSIM_dataset"/>
    <testcase time="0.00200000000000955" classname="CNSIM_datachk" name="Check_CNSIM_dataset"/>
    <testcase time="0.00199999999995271" classname="CNSIM_datachk" name="Check_CNSIM_dataset"/>
    <testcase time="0.00200000000000955" classname="CNSIM_datachk" name="Check_CNSIM_dataset"/>
    <testcase time="0.261000000000024" classname="CNSIM_datachk" name="Check_CNSIM_dataset"/>
    <testcase time="0.00200000000000955" classname="CNSIM_datachk" name="Check_CNSIM_dataset"/>
    <testcase time="0.00199999999995271" classname="CNSIM_datachk" name="Check_CNSIM_dataset"/>
    <testcase time="0.00300000000004275" classname="CNSIM_datachk" name="Check_CNSIM_dataset"/>
    <testcase time="0.00200000000000955" classname="CNSIM_datachk" name="Check_CNSIM_dataset"/>
    <testcase time="0.00199999999995271" classname="CNSIM_datachk" name="Check_CNSIM_dataset"/>
    <testcase time="0.00200000000000955" classname="CNSIM_datachk" name="Check_CNSIM_dataset"/>
    <testcase time="0.00200000000000955" classname="CNSIM_datachk" name="Check_CNSIM_dataset"/>
    <testcase time="0.0029999999999859" classname="CNSIM_datachk" name="Check_CNSIM_dataset"/>
    <testcase time="0.519000000000005" classname="CNSIM_datachk" name="Check_CNSIM_dataset"/>
    <testcase time="0.00200000000000955" classname="CNSIM_datachk" name="Check_CNSIM_dataset"/>
    <testcase time="0.0029999999999859" classname="CNSIM_datachk" name="Check_CNSIM_dataset"/>
    <testcase time="0.00200000000000955" classname="CNSIM_datachk" name="Check_CNSIM_dataset"/>
    <testcase time="0.0029999999999859" classname="CNSIM_datachk" name="Check_CNSIM_dataset"/>
    <testcase time="0.00200000000000955" classname="CNSIM_datachk" name="Check_CNSIM_dataset"/>
    <testcase time="0.0029999999999859" classname="CNSIM_datachk" name="Check_CNSIM_dataset"/>
    <testcase time="0.29000000000002" classname="CNSIM_datachk" name="Check_CNSIM_dataset"/>
    <testcase time="0.0029999999999859" classname="CNSIM_datachk" name="Check_CNSIM_dataset"/>
    <testcase time="0.00300000000004275" classname="CNSIM_datachk" name="Check_CNSIM_dataset"/>
    <testcase time="0.00199999999995271" classname="CNSIM_datachk" name="Check_CNSIM_dataset"/>
    <testcase time="0.00300000000004275" classname="CNSIM_datachk" name="Check_CNSIM_dataset"/>
    <testcase time="0.0029999999999859" classname="CNSIM_datachk" name="Check_CNSIM_dataset"/>
    <testcase time="0.00200000000000955" classname="CNSIM_datachk" name="Check_CNSIM_dataset"/>
    <testcase time="0.0029999999999859" classname="CNSIM_datachk" name="Check_CNSIM_dataset"/>
    <testcase time="0.0029999999999859" classname="CNSIM_datachk" name="Check_CNSIM_dataset"/>
    <testcase time="0.564999999999998" classname="CNSIM_datachk" name="Check_CNSIM_dataset"/>
    <testcase time="0.00300000000004275" classname="CNSIM_datachk" name="Check_CNSIM_dataset"/>
    <testcase time="0.00199999999995271" classname="CNSIM_datachk" name="Check_CNSIM_dataset"/>
    <testcase time="0.00300000000004275" classname="CNSIM_datachk" name="Check_CNSIM_dataset"/>
    <testcase time="0.0029999999999859" classname="CNSIM_datachk" name="Check_CNSIM_dataset"/>
    <testcase time="0.00200000000000955" classname="CNSIM_datachk" name="Check_CNSIM_dataset"/>
    <testcase time="0.0029999999999859" classname="CNSIM_datachk" name="Check_CNSIM_dataset"/>
    <testcase time="0.264999999999986" classname="CNSIM_datachk" name="Check_CNSIM_dataset"/>
    <testcase time="0.00200000000000955" classname="CNSIM_datachk" name="Check_CNSIM_dataset"/>
    <testcase time="0.0029999999999859" classname="CNSIM_datachk" name="Check_CNSIM_dataset"/>
    <testcase time="0.0029999999999859" classname="CNSIM_datachk" name="Check_CNSIM_dataset"/>
    <testcase time="0.00300000000004275" classname="CNSIM_datachk" name="Check_CNSIM_dataset"/>
    <testcase time="0.00200000000000955" classname="CNSIM_datachk" name="Check_CNSIM_dataset"/>
    <testcase time="0.0029999999999859" classname="CNSIM_datachk" name="Check_CNSIM_dataset"/>
    <testcase time="0.0029999999999859" classname="CNSIM_datachk" name="Check_CNSIM_dataset"/>
    <testcase time="0.0029999999999859" classname="CNSIM_datachk" name="Check_CNSIM_dataset"/>
    <testcase time="0.523000000000025" classname="CNSIM_datachk" name="Check_CNSIM_dataset"/>
    <testcase time="0.0029999999999859" classname="CNSIM_datachk" name="Check_CNSIM_dataset"/>
    <testcase time="0.0040000000000191" classname="CNSIM_datachk" name="Check_CNSIM_dataset"/>
    <testcase time="0.0029999999999859" classname="CNSIM_datachk" name="Check_CNSIM_dataset"/>
    <testcase time="0.0029999999999859" classname="CNSIM_datachk" name="Check_CNSIM_dataset"/>
    <testcase time="0.00300000000004275" classname="CNSIM_datachk" name="Check_CNSIM_dataset"/>
    <testcase time="0.0029999999999859" classname="CNSIM_datachk" name="Check_CNSIM_dataset"/>
    <testcase time="0.260999999999967" classname="CNSIM_datachk" name="Check_CNSIM_dataset"/>
    <testcase time="0.00300000000004275" classname="CNSIM_datachk" name="Check_CNSIM_dataset"/>
    <testcase time="0.0029999999999859" classname="CNSIM_datachk" name="Check_CNSIM_dataset"/>
    <testcase time="0.0029999999999859" classname="CNSIM_datachk" name="Check_CNSIM_dataset"/>
    <testcase time="0.0029999999999859" classname="CNSIM_datachk" name="Check_CNSIM_dataset"/>
    <testcase time="0.0029999999999859" classname="CNSIM_datachk" name="Check_CNSIM_dataset"/>
    <testcase time="0.0029999999999859" classname="CNSIM_datachk" name="Check_CNSIM_dataset"/>
    <testcase time="0.00300000000004275" classname="CNSIM_datachk" name="Check_CNSIM_dataset"/>
    <testcase time="0.00399999999996226" classname="CNSIM_datachk" name="Check_CNSIM_dataset"/>
    <testcase time="0.53000000000003" classname="CNSIM_datachk" name="Check_CNSIM_dataset"/>
    <testcase time="0.0029999999999859" classname="CNSIM_datachk" name="Check_CNSIM_dataset"/>
    <testcase time="0.0040000000000191" classname="CNSIM_datachk" name="Check_CNSIM_dataset"/>
    <testcase time="0.0029999999999859" classname="CNSIM_datachk" name="Check_CNSIM_dataset"/>
    <testcase time="0.0029999999999859" classname="CNSIM_datachk" name="Check_CNSIM_dataset"/>
    <testcase time="0.0029999999999859" classname="CNSIM_datachk" name="Check_CNSIM_dataset"/>
    <testcase time="0.00300000000004275" classname="CNSIM_datachk" name="Check_CNSIM_dataset"/>
    <testcase time="0.260999999999967" classname="CNSIM_datachk" name="Check_CNSIM_dataset"/>
    <testcase time="0.0040000000000191" classname="CNSIM_datachk" name="Check_CNSIM_dataset"/>
    <testcase time="0.0029999999999859" classname="CNSIM_datachk" name="Check_CNSIM_dataset"/>
    <testcase time="0.0029999999999859" classname="CNSIM_datachk" name="Check_CNSIM_dataset"/>
    <testcase time="0.0040000000000191" classname="CNSIM_datachk" name="Check_CNSIM_dataset"/>
    <testcase time="0.0029999999999859" classname="CNSIM_datachk" name="Check_CNSIM_dataset"/>
    <testcase time="0.0040000000000191" classname="CNSIM_datachk" name="Check_CNSIM_dataset"/>
    <testcase time="0.0029999999999859" classname="CNSIM_datachk" name="Check_CNSIM_dataset"/>
    <testcase time="0.0029999999999859" classname="CNSIM_datachk" name="Check_CNSIM_dataset"/>
    <testcase time="0.516999999999996" classname="CNSIM_datachk" name="Check_CNSIM_dataset"/>
    <testcase time="0.0040000000000191" classname="CNSIM_datachk" name="Check_CNSIM_dataset"/>
    <testcase time="0.0040000000000191" classname="CNSIM_datachk" name="Check_CNSIM_dataset"/>
    <testcase time="0.0029999999999859" classname="CNSIM_datachk" name="Check_CNSIM_dataset"/>
    <testcase time="0.0040000000000191" classname="CNSIM_datachk" name="Check_CNSIM_dataset"/>
    <testcase time="0.00399999999996226" classname="CNSIM_datachk" name="Check_CNSIM_dataset"/>
    <testcase time="0.0040000000000191" classname="CNSIM_datachk" name="Check_CNSIM_dataset"/>
    <testcase time="0.26400000000001" classname="CNSIM_datachk" name="Check_CNSIM_dataset"/>
    <testcase time="0.00399999999996226" classname="CNSIM_datachk" name="Check_CNSIM_dataset"/>
    <testcase time="0.0040000000000191" classname="CNSIM_datachk" name="Check_CNSIM_dataset"/>
    <testcase time="0.0040000000000191" classname="CNSIM_datachk" name="Check_CNSIM_dataset"/>
    <testcase time="0.00399999999996226" classname="CNSIM_datachk" name="Check_CNSIM_dataset"/>
    <testcase time="0.0040000000000191" classname="CNSIM_datachk" name="Check_CNSIM_dataset"/>
    <testcase time="0.0040000000000191" classname="CNSIM_datachk" name="Check_CNSIM_dataset"/>
    <testcase time="0.00900000000001455" classname="CNSIM_datachk" name="Check_CNSIM_dataset"/>
    <testcase time="0.00399999999996226" classname="CNSIM_datachk" name="Check_CNSIM_dataset"/>
    <testcase time="0.514999999999986" classname="CNSIM_datachk" name="Check_CNSIM_dataset"/>
    <testcase time="0.0040000000000191" classname="CNSIM_datachk" name="Check_CNSIM_dataset"/>
    <testcase time="0.0040000000000191" classname="CNSIM_datachk" name="Check_CNSIM_dataset"/>
    <testcase time="0.00399999999996226" classname="CNSIM_datachk" name="Check_CNSIM_dataset"/>
    <testcase time="0.00300000000004275" classname="CNSIM_datachk" name="Check_CNSIM_dataset"/>
    <testcase time="0.00399999999996226" classname="CNSIM_datachk" name="Check_CNSIM_dataset"/>
    <testcase time="0.0040000000000191" classname="CNSIM_datachk" name="Check_CNSIM_dataset"/>
    <testcase time="0.262" classname="CNSIM_datachk" name="Check_CNSIM_dataset"/>
    <testcase time="0.0040000000000191" classname="CNSIM_datachk" name="Check_CNSIM_dataset"/>
    <testcase time="0.00399999999996226" classname="CNSIM_datachk" name="Check_CNSIM_dataset"/>
    <testcase time="0.0040000000000191" classname="CNSIM_datachk" name="Check_CNSIM_dataset"/>
    <testcase time="0.0040000000000191" classname="CNSIM_datachk" name="Check_CNSIM_dataset"/>
    <testcase time="0.00399999999996226" classname="CNSIM_datachk" name="Check_CNSIM_dataset"/>
    <testcase time="0.0040000000000191" classname="CNSIM_datachk" name="Check_CNSIM_dataset"/>
    <testcase time="0.0040000000000191" classname="CNSIM_datachk" name="Check_CNSIM_dataset"/>
    <testcase time="0.0040000000000191" classname="CNSIM_datachk" name="Check_CNSIM_dataset"/>
    <testcase time="0.524999999999977" classname="CNSIM_datachk" name="Check_CNSIM_dataset"/>
    <testcase time="0.00499999999999545" classname="CNSIM_datachk" name="Check_CNSIM_dataset"/>
    <testcase time="0.0040000000000191" classname="CNSIM_datachk" name="Check_CNSIM_dataset"/>
    <testcase time="0.0040000000000191" classname="CNSIM_datachk" name="Check_CNSIM_dataset"/>
    <testcase time="0.00499999999999545" classname="CNSIM_datachk" name="Check_CNSIM_dataset"/>
    <testcase time="0.00399999999996226" classname="CNSIM_datachk" name="Check_CNSIM_dataset"/>
    <testcase time="0.00999999999999091" classname="CNSIM_datachk" name="Check_CNSIM_dataset"/>
    <testcase time="0.261000000000024" classname="CNSIM_datachk" name="Check_CNSIM_dataset"/>
    <testcase time="0.00499999999999545" classname="CNSIM_datachk" name="Check_CNSIM_dataset"/>
    <testcase time="0.0040000000000191" classname="CNSIM_datachk" name="Check_CNSIM_dataset"/>
    <testcase time="0.00399999999996226" classname="CNSIM_datachk" name="Check_CNSIM_dataset"/>
    <testcase time="0.0040000000000191" classname="CNSIM_datachk" name="Check_CNSIM_dataset"/>
    <testcase time="0.0040000000000191" classname="CNSIM_datachk" name="Check_CNSIM_dataset"/>
    <testcase time="0.00499999999999545" classname="CNSIM_datachk" name="Check_CNSIM_dataset"/>
    <testcase time="0.0040000000000191" classname="CNSIM_datachk" name="Check_CNSIM_dataset"/>
    <testcase time="0.00399999999996226" classname="CNSIM_datachk" name="Check_CNSIM_dataset"/>
    <testcase time="0.523000000000025" classname="CNSIM_datachk" name="Check_CNSIM_dataset"/>
    <testcase time="0.00499999999999545" classname="CNSIM_datachk" name="Check_CNSIM_dataset"/>
    <testcase time="0.00499999999999545" classname="CNSIM_datachk" name="Check_CNSIM_dataset"/>
    <testcase time="0.0040000000000191" classname="CNSIM_datachk" name="Check_CNSIM_dataset"/>
    <testcase time="0.00499999999999545" classname="CNSIM_datachk" name="Check_CNSIM_dataset"/>
    <testcase time="0.00399999999996226" classname="CNSIM_datachk" name="Check_CNSIM_dataset"/>
    <testcase time="0.00499999999999545" classname="CNSIM_datachk" name="Check_CNSIM_dataset"/>
    <testcase time="0.26400000000001" classname="CNSIM_datachk" name="Check_CNSIM_dataset"/>
    <testcase time="0.00499999999999545" classname="CNSIM_datachk" name="Check_CNSIM_dataset"/>
    <testcase time="0.00499999999999545" classname="CNSIM_datachk" name="Check_CNSIM_dataset"/>
    <testcase time="0.0040000000000191" classname="CNSIM_datachk" name="Check_CNSIM_dataset"/>
    <testcase time="0.00499999999999545" classname="CNSIM_datachk" name="Check_CNSIM_dataset"/>
    <testcase time="0.00499999999999545" classname="CNSIM_datachk" name="Check_CNSIM_dataset"/>
    <testcase time="0.00499999999999545" classname="CNSIM_datachk" name="Check_CNSIM_dataset"/>
    <testcase time="0.00499999999999545" classname="CNSIM_datachk" name="Check_CNSIM_dataset"/>
    <testcase time="0.0230000000000246" classname="CNSIM_datachk" name="Check_CNSIM_dataset"/>
  </testsuite>
  <testsuite name="CNSIM::datachk::shutdown" timestamp="2020-07-06T23:14:23Z" hostname="fv-az14" tests="3" skipped="0" failures="0" errors="0" time="0.28">
    <testcase time="0.27800000000002" classname="CNSIM_datachk_shutdown" name="shutdown"/>
    <testcase time="0.000999999999976353" classname="CNSIM_datachk_shutdown" name="shutdown"/>
    <testcase time="0.000999999999976353" classname="CNSIM_datachk_shutdown" name="shutdown"/>
  </testsuite>
  <testsuite name="CNSIM::datachk::done" timestamp="2020-07-06T23:14:24Z" hostname="fv-az14" tests="0" skipped="0" failures="0" errors="0" time="0"/>
  <testsuite name="DASIM::datachk::setup" timestamp="2020-07-06T23:14:24Z" hostname="fv-az14" tests="3" skipped="0" failures="0" errors="0" time="5.525">
    <testcase time="5.52300000000002" classname="DASIM_datachk_setup" name="setup"/>
    <testcase time="0.000999999999976353" classname="DASIM_datachk_setup" name="setup"/>
    <testcase time="0.0010000000000332" classname="DASIM_datachk_setup" name="setup"/>
  </testsuite>
  <testsuite name="DASIM::datachk" timestamp="2020-07-06T23:14:29Z" hostname="fv-az14" tests="182" skipped="0" failures="0" errors="0" time="10.33">
    <testcase time="0.519000000000005" classname="DASIM_datachk" name="Check_DASIM_dataset"/>
    <testcase time="0.000999999999976353" classname="DASIM_datachk" name="Check_DASIM_dataset"/>
    <testcase time="0.0010000000000332" classname="DASIM_datachk" name="Check_DASIM_dataset"/>
    <testcase time="0.000999999999976353" classname="DASIM_datachk" name="Check_DASIM_dataset"/>
    <testcase time="0.000999999999976353" classname="DASIM_datachk" name="Check_DASIM_dataset"/>
    <testcase time="0.0010000000000332" classname="DASIM_datachk" name="Check_DASIM_dataset"/>
    <testcase time="0.000999999999976353" classname="DASIM_datachk" name="Check_DASIM_dataset"/>
    <testcase time="0.256000000000029" classname="DASIM_datachk" name="Check_DASIM_dataset"/>
    <testcase time="0.00200000000000955" classname="DASIM_datachk" name="Check_DASIM_dataset"/>
    <testcase time="0.000999999999976353" classname="DASIM_datachk" name="Check_DASIM_dataset"/>
    <testcase time="0.000999999999976353" classname="DASIM_datachk" name="Check_DASIM_dataset"/>
    <testcase time="0.0010000000000332" classname="DASIM_datachk" name="Check_DASIM_dataset"/>
    <testcase time="0.0010000000000332" classname="DASIM_datachk" name="Check_DASIM_dataset"/>
    <testcase time="0.000999999999976353" classname="DASIM_datachk" name="Check_DASIM_dataset"/>
    <testcase time="0.000999999999976353" classname="DASIM_datachk" name="Check_DASIM_dataset"/>
    <testcase time="1.19900000000001" classname="DASIM_datachk" name="Check_DASIM_dataset"/>
    <testcase time="0.0010000000000332" classname="DASIM_datachk" name="Check_DASIM_dataset"/>
    <testcase time="0.00199999999995271" classname="DASIM_datachk" name="Check_DASIM_dataset"/>
    <testcase time="0.0010000000000332" classname="DASIM_datachk" name="Check_DASIM_dataset"/>
    <testcase time="0.000999999999976353" classname="DASIM_datachk" name="Check_DASIM_dataset"/>
    <testcase time="0.00200000000000955" classname="DASIM_datachk" name="Check_DASIM_dataset"/>
    <testcase time="0.0010000000000332" classname="DASIM_datachk" name="Check_DASIM_dataset"/>
    <testcase time="0.515999999999963" classname="DASIM_datachk" name="Check_DASIM_dataset"/>
    <testcase time="0.0010000000000332" classname="DASIM_datachk" name="Check_DASIM_dataset"/>
    <testcase time="0.00199999999995271" classname="DASIM_datachk" name="Check_DASIM_dataset"/>
    <testcase time="0.0010000000000332" classname="DASIM_datachk" name="Check_DASIM_dataset"/>
    <testcase time="0.00200000000000955" classname="DASIM_datachk" name="Check_DASIM_dataset"/>
    <testcase time="0.000999999999976353" classname="DASIM_datachk" name="Check_DASIM_dataset"/>
    <testcase time="0.00200000000000955" classname="DASIM_datachk" name="Check_DASIM_dataset"/>
    <testcase time="0.264999999999986" classname="DASIM_datachk" name="Check_DASIM_dataset"/>
    <testcase time="0.0010000000000332" classname="DASIM_datachk" name="Check_DASIM_dataset"/>
    <testcase time="0.00199999999995271" classname="DASIM_datachk" name="Check_DASIM_dataset"/>
    <testcase time="0.00200000000000955" classname="DASIM_datachk" name="Check_DASIM_dataset"/>
    <testcase time="0.0010000000000332" classname="DASIM_datachk" name="Check_DASIM_dataset"/>
    <testcase time="0.00200000000000955" classname="DASIM_datachk" name="Check_DASIM_dataset"/>
    <testcase time="0.00199999999995271" classname="DASIM_datachk" name="Check_DASIM_dataset"/>
    <testcase time="0.0010000000000332" classname="DASIM_datachk" name="Check_DASIM_dataset"/>
    <testcase time="0.00200000000000955" classname="DASIM_datachk" name="Check_DASIM_dataset"/>
    <testcase time="0.516999999999996" classname="DASIM_datachk" name="Check_DASIM_dataset"/>
    <testcase time="0.00200000000000955" classname="DASIM_datachk" name="Check_DASIM_dataset"/>
    <testcase time="0.00199999999995271" classname="DASIM_datachk" name="Check_DASIM_dataset"/>
    <testcase time="0.00200000000000955" classname="DASIM_datachk" name="Check_DASIM_dataset"/>
    <testcase time="0.0010000000000332" classname="DASIM_datachk" name="Check_DASIM_dataset"/>
    <testcase time="0.00199999999995271" classname="DASIM_datachk" name="Check_DASIM_dataset"/>
    <testcase time="0.00200000000000955" classname="DASIM_datachk" name="Check_DASIM_dataset"/>
    <testcase time="0.261000000000024" classname="DASIM_datachk" name="Check_DASIM_dataset"/>
    <testcase time="0.00199999999995271" classname="DASIM_datachk" name="Check_DASIM_dataset"/>
    <testcase time="0.00200000000006639" classname="DASIM_datachk" name="Check_DASIM_dataset"/>
    <testcase time="0.00199999999995271" classname="DASIM_datachk" name="Check_DASIM_dataset"/>
    <testcase time="0.00200000000006639" classname="DASIM_datachk" name="Check_DASIM_dataset"/>
    <testcase time="0.00199999999995271" classname="DASIM_datachk" name="Check_DASIM_dataset"/>
    <testcase time="0.00199999999995271" classname="DASIM_datachk" name="Check_DASIM_dataset"/>
    <testcase time="0.00200000000006639" classname="DASIM_datachk" name="Check_DASIM_dataset"/>
    <testcase time="0.00199999999995271" classname="DASIM_datachk" name="Check_DASIM_dataset"/>
    <testcase time="0.596000000000004" classname="DASIM_datachk" name="Check_DASIM_dataset"/>
    <testcase time="0.00200000000006639" classname="DASIM_datachk" name="Check_DASIM_dataset"/>
    <testcase time="0.00199999999995271" classname="DASIM_datachk" name="Check_DASIM_dataset"/>
    <testcase time="0.00199999999995271" classname="DASIM_datachk" name="Check_DASIM_dataset"/>
    <testcase time="0.00200000000006639" classname="DASIM_datachk" name="Check_DASIM_dataset"/>
    <testcase time="0.00199999999995271" classname="DASIM_datachk" name="Check_DASIM_dataset"/>
    <testcase time="0.00200000000006639" classname="DASIM_datachk" name="Check_DASIM_dataset"/>
    <testcase time="0.260999999999967" classname="DASIM_datachk" name="Check_DASIM_dataset"/>
    <testcase time="0.00199999999995271" classname="DASIM_datachk" name="Check_DASIM_dataset"/>
    <testcase time="0.00200000000006639" classname="DASIM_datachk" name="Check_DASIM_dataset"/>
    <testcase time="0.00199999999995271" classname="DASIM_datachk" name="Check_DASIM_dataset"/>
    <testcase time="0.00300000000004275" classname="DASIM_datachk" name="Check_DASIM_dataset"/>
    <testcase time="0.00199999999995271" classname="DASIM_datachk" name="Check_DASIM_dataset"/>
    <testcase time="0.00200000000006639" classname="DASIM_datachk" name="Check_DASIM_dataset"/>
    <testcase time="0.00199999999995271" classname="DASIM_datachk" name="Check_DASIM_dataset"/>
    <testcase time="0.00300000000004275" classname="DASIM_datachk" name="Check_DASIM_dataset"/>
    <testcase time="0.519000000000005" classname="DASIM_datachk" name="Check_DASIM_dataset"/>
    <testcase time="0.00199999999995271" classname="DASIM_datachk" name="Check_DASIM_dataset"/>
    <testcase time="0.00300000000004275" classname="DASIM_datachk" name="Check_DASIM_dataset"/>
    <testcase time="0.00199999999995271" classname="DASIM_datachk" name="Check_DASIM_dataset"/>
    <testcase time="0.00300000000004275" classname="DASIM_datachk" name="Check_DASIM_dataset"/>
    <testcase time="0.00199999999995271" classname="DASIM_datachk" name="Check_DASIM_dataset"/>
    <testcase time="0.00200000000006639" classname="DASIM_datachk" name="Check_DASIM_dataset"/>
    <testcase time="0.260999999999967" classname="DASIM_datachk" name="Check_DASIM_dataset"/>
    <testcase time="0.00199999999995271" classname="DASIM_datachk" name="Check_DASIM_dataset"/>
    <testcase time="0.00300000000004275" classname="DASIM_datachk" name="Check_DASIM_dataset"/>
    <testcase time="0.00300000000004275" classname="DASIM_datachk" name="Check_DASIM_dataset"/>
    <testcase time="0.00199999999995271" classname="DASIM_datachk" name="Check_DASIM_dataset"/>
    <testcase time="0.00300000000004275" classname="DASIM_datachk" name="Check_DASIM_dataset"/>
    <testcase time="0.00199999999995271" classname="DASIM_datachk" name="Check_DASIM_dataset"/>
    <testcase time="0.00300000000004275" classname="DASIM_datachk" name="Check_DASIM_dataset"/>
    <testcase time="0.00299999999992906" classname="DASIM_datachk" name="Check_DASIM_dataset"/>
    <testcase time="0.526000000000067" classname="DASIM_datachk" name="Check_DASIM_dataset"/>
    <testcase time="0.00199999999995271" classname="DASIM_datachk" name="Check_DASIM_dataset"/>
    <testcase time="0.00300000000004275" classname="DASIM_datachk" name="Check_DASIM_dataset"/>
    <testcase time="0.00299999999992906" classname="DASIM_datachk" name="Check_DASIM_dataset"/>
    <testcase time="0.00200000000006639" classname="DASIM_datachk" name="Check_DASIM_dataset"/>
    <testcase time="0.00299999999992906" classname="DASIM_datachk" name="Check_DASIM_dataset"/>
    <testcase time="0.00200000000006639" classname="DASIM_datachk" name="Check_DASIM_dataset"/>
    <testcase time="0.260999999999967" classname="DASIM_datachk" name="Check_DASIM_dataset"/>
    <testcase time="0.00300000000004275" classname="DASIM_datachk" name="Check_DASIM_dataset"/>
    <testcase time="0.00299999999992906" classname="DASIM_datachk" name="Check_DASIM_dataset"/>
    <testcase time="0.00200000000006639" classname="DASIM_datachk" name="Check_DASIM_dataset"/>
    <testcase time="0.00299999999992906" classname="DASIM_datachk" name="Check_DASIM_dataset"/>
    <testcase time="0.00300000000004275" classname="DASIM_datachk" name="Check_DASIM_dataset"/>
    <testcase time="0.00300000000004275" classname="DASIM_datachk" name="Check_DASIM_dataset"/>
    <testcase time="0.00299999999992906" classname="DASIM_datachk" name="Check_DASIM_dataset"/>
    <testcase time="0.00200000000006639" classname="DASIM_datachk" name="Check_DASIM_dataset"/>
    <testcase time="0.51400000000001" classname="DASIM_datachk" name="Check_DASIM_dataset"/>
    <testcase time="0.00399999999990541" classname="DASIM_datachk" name="Check_DASIM_dataset"/>
    <testcase time="0.00300000000004275" classname="DASIM_datachk" name="Check_DASIM_dataset"/>
    <testcase time="0.00300000000004275" classname="DASIM_datachk" name="Check_DASIM_dataset"/>
    <testcase time="0.00299999999992906" classname="DASIM_datachk" name="Check_DASIM_dataset"/>
    <testcase time="0.00300000000004275" classname="DASIM_datachk" name="Check_DASIM_dataset"/>
    <testcase time="0.00300000000004275" classname="DASIM_datachk" name="Check_DASIM_dataset"/>
    <testcase time="0.271999999999935" classname="DASIM_datachk" name="Check_DASIM_dataset"/>
    <testcase time="0.00300000000004275" classname="DASIM_datachk" name="Check_DASIM_dataset"/>
    <testcase time="0.0040000000000191" classname="DASIM_datachk" name="Check_DASIM_dataset"/>
    <testcase time="0.00299999999992906" classname="DASIM_datachk" name="Check_DASIM_dataset"/>
    <testcase time="0.00300000000004275" classname="DASIM_datachk" name="Check_DASIM_dataset"/>
    <testcase time="0.00299999999992906" classname="DASIM_datachk" name="Check_DASIM_dataset"/>
    <testcase time="0.0040000000000191" classname="DASIM_datachk" name="Check_DASIM_dataset"/>
    <testcase time="0.00300000000004275" classname="DASIM_datachk" name="Check_DASIM_dataset"/>
    <testcase time="0.00300000000004275" classname="DASIM_datachk" name="Check_DASIM_dataset"/>
    <testcase time="0.522999999999911" classname="DASIM_datachk" name="Check_DASIM_dataset"/>
    <testcase time="0.00300000000004275" classname="DASIM_datachk" name="Check_DASIM_dataset"/>
    <testcase time="0.00300000000004275" classname="DASIM_datachk" name="Check_DASIM_dataset"/>
    <testcase time="0.00399999999990541" classname="DASIM_datachk" name="Check_DASIM_dataset"/>
    <testcase time="0.00300000000004275" classname="DASIM_datachk" name="Check_DASIM_dataset"/>
    <testcase time="0.00300000000004275" classname="DASIM_datachk" name="Check_DASIM_dataset"/>
    <testcase time="0.00299999999992906" classname="DASIM_datachk" name="Check_DASIM_dataset"/>
    <testcase time="0.264999999999986" classname="DASIM_datachk" name="Check_DASIM_dataset"/>
    <testcase time="0.00300000000004275" classname="DASIM_datachk" name="Check_DASIM_dataset"/>
    <testcase time="0.0040000000000191" classname="DASIM_datachk" name="Check_DASIM_dataset"/>
    <testcase time="0.00299999999992906" classname="DASIM_datachk" name="Check_DASIM_dataset"/>
    <testcase time="0.00300000000004275" classname="DASIM_datachk" name="Check_DASIM_dataset"/>
    <testcase time="0.0040000000000191" classname="DASIM_datachk" name="Check_DASIM_dataset"/>
    <testcase time="0.00300000000004275" classname="DASIM_datachk" name="Check_DASIM_dataset"/>
    <testcase time="0.00399999999990541" classname="DASIM_datachk" name="Check_DASIM_dataset"/>
    <testcase time="0.00300000000004275" classname="DASIM_datachk" name="Check_DASIM_dataset"/>
    <testcase time="0.519000000000005" classname="DASIM_datachk" name="Check_DASIM_dataset"/>
    <testcase time="0.0040000000000191" classname="DASIM_datachk" name="Check_DASIM_dataset"/>
    <testcase time="0.0040000000000191" classname="DASIM_datachk" name="Check_DASIM_dataset"/>
    <testcase time="0.00299999999992906" classname="DASIM_datachk" name="Check_DASIM_dataset"/>
    <testcase time="0.0040000000000191" classname="DASIM_datachk" name="Check_DASIM_dataset"/>
    <testcase time="0.0040000000000191" classname="DASIM_datachk" name="Check_DASIM_dataset"/>
    <testcase time="0.00300000000004275" classname="DASIM_datachk" name="Check_DASIM_dataset"/>
    <testcase time="0.261999999999944" classname="DASIM_datachk" name="Check_DASIM_dataset"/>
    <testcase time="0.0040000000000191" classname="DASIM_datachk" name="Check_DASIM_dataset"/>
    <testcase time="0.0040000000000191" classname="DASIM_datachk" name="Check_DASIM_dataset"/>
    <testcase time="0.00299999999992906" classname="DASIM_datachk" name="Check_DASIM_dataset"/>
    <testcase time="0.00999999999999091" classname="DASIM_datachk" name="Check_DASIM_dataset"/>
    <testcase time="0.0040000000000191" classname="DASIM_datachk" name="Check_DASIM_dataset"/>
    <testcase time="0.0040000000000191" classname="DASIM_datachk" name="Check_DASIM_dataset"/>
    <testcase time="0.00300000000004275" classname="DASIM_datachk" name="Check_DASIM_dataset"/>
    <testcase time="0.00399999999990541" classname="DASIM_datachk" name="Check_DASIM_dataset"/>
    <testcase time="0.518000000000029" classname="DASIM_datachk" name="Check_DASIM_dataset"/>
    <testcase time="0.0040000000000191" classname="DASIM_datachk" name="Check_DASIM_dataset"/>
    <testcase time="0.00300000000004275" classname="DASIM_datachk" name="Check_DASIM_dataset"/>
    <testcase time="0.0040000000000191" classname="DASIM_datachk" name="Check_DASIM_dataset"/>
    <testcase time="0.00399999999990541" classname="DASIM_datachk" name="Check_DASIM_dataset"/>
    <testcase time="0.0040000000000191" classname="DASIM_datachk" name="Check_DASIM_dataset"/>
    <testcase time="0.00300000000004275" classname="DASIM_datachk" name="Check_DASIM_dataset"/>
    <testcase time="0.269999999999982" classname="DASIM_datachk" name="Check_DASIM_dataset"/>
    <testcase time="0.00499999999999545" classname="DASIM_datachk" name="Check_DASIM_dataset"/>
    <testcase time="0.0040000000000191" classname="DASIM_datachk" name="Check_DASIM_dataset"/>
    <testcase time="0.0040000000000191" classname="DASIM_datachk" name="Check_DASIM_dataset"/>
    <testcase time="0.0040000000000191" classname="DASIM_datachk" name="Check_DASIM_dataset"/>
    <testcase time="0.00399999999990541" classname="DASIM_datachk" name="Check_DASIM_dataset"/>
    <testcase time="0.00499999999999545" classname="DASIM_datachk" name="Check_DASIM_dataset"/>
    <testcase time="0.0040000000000191" classname="DASIM_datachk" name="Check_DASIM_dataset"/>
    <testcase time="0.0040000000000191" classname="DASIM_datachk" name="Check_DASIM_dataset"/>
    <testcase time="0.527000000000044" classname="DASIM_datachk" name="Check_DASIM_dataset"/>
    <testcase time="0.00399999999990541" classname="DASIM_datachk" name="Check_DASIM_dataset"/>
    <testcase time="0.00500000000010914" classname="DASIM_datachk" name="Check_DASIM_dataset"/>
    <testcase time="0.00999999999999091" classname="DASIM_datachk" name="Check_DASIM_dataset"/>
    <testcase time="0.00399999999990541" classname="DASIM_datachk" name="Check_DASIM_dataset"/>
    <testcase time="0.0040000000000191" classname="DASIM_datachk" name="Check_DASIM_dataset"/>
    <testcase time="0.0040000000000191" classname="DASIM_datachk" name="Check_DASIM_dataset"/>
    <testcase time="0.259999999999991" classname="DASIM_datachk" name="Check_DASIM_dataset"/>
    <testcase time="0.0040000000000191" classname="DASIM_datachk" name="Check_DASIM_dataset"/>
    <testcase time="0.0040000000000191" classname="DASIM_datachk" name="Check_DASIM_dataset"/>
    <testcase time="0.0040000000000191" classname="DASIM_datachk" name="Check_DASIM_dataset"/>
    <testcase time="0.00499999999999545" classname="DASIM_datachk" name="Check_DASIM_dataset"/>
    <testcase time="0.0040000000000191" classname="DASIM_datachk" name="Check_DASIM_dataset"/>
    <testcase time="0.00399999999990541" classname="DASIM_datachk" name="Check_DASIM_dataset"/>
    <testcase time="0.0040000000000191" classname="DASIM_datachk" name="Check_DASIM_dataset"/>
    <testcase time="0.00499999999999545" classname="DASIM_datachk" name="Check_DASIM_dataset"/>
  </testsuite>
  <testsuite name="DASIM::datachk::shutdown" timestamp="2020-07-06T23:14:39Z" hostname="fv-az14" tests="3" skipped="0" failures="0" errors="0" time="0.269">
    <testcase time="0.267000000000053" classname="DASIM_datachk_shutdown" name="shutdown"/>
    <testcase time="0.000999999999976353" classname="DASIM_datachk_shutdown" name="shutdown"/>
    <testcase time="0.000999999999976353" classname="DASIM_datachk_shutdown" name="shutdown"/>
  </testsuite>
  <testsuite name="DASIM::datachk::done" timestamp="2020-07-06T23:14:40Z" hostname="fv-az14" tests="0" skipped="0" failures="0" errors="0" time="0"/>
  <testsuite name="FACTOR_LEVELS::datachk::setup" timestamp="2020-07-06T23:14:40Z" hostname="fv-az14" tests="3" skipped="0" failures="0" errors="0" time="5.089">
    <testcase time="5.08600000000001" classname="FACTOR_LEVELS_datachk_setup" name="setup"/>
    <testcase time="0.00200000000006639" classname="FACTOR_LEVELS_datachk_setup" name="setup"/>
    <testcase time="0.000999999999976353" classname="FACTOR_LEVELS_datachk_setup" name="setup"/>
  </testsuite>
  <testsuite name="FACTOR_LEVELS::datachk" timestamp="2020-07-06T23:14:45Z" hostname="fv-az14" tests="182" skipped="0" failures="0" errors="0" time="10.339">
    <testcase time="0.520999999999958" classname="FACTOR_LEVELS_datachk" name="Check_FACTOR_LEVELS_dataset"/>
    <testcase time="0.00200000000006639" classname="FACTOR_LEVELS_datachk" name="Check_FACTOR_LEVELS_dataset"/>
    <testcase time="0.000999999999976353" classname="FACTOR_LEVELS_datachk" name="Check_FACTOR_LEVELS_dataset"/>
    <testcase time="0.000999999999976353" classname="FACTOR_LEVELS_datachk" name="Check_FACTOR_LEVELS_dataset"/>
    <testcase time="0.000999999999976353" classname="FACTOR_LEVELS_datachk" name="Check_FACTOR_LEVELS_dataset"/>
    <testcase time="0.000999999999976353" classname="FACTOR_LEVELS_datachk" name="Check_FACTOR_LEVELS_dataset"/>
    <testcase time="0.00100000000009004" classname="FACTOR_LEVELS_datachk" name="Check_FACTOR_LEVELS_dataset"/>
    <testcase time="0.256999999999948" classname="FACTOR_LEVELS_datachk" name="Check_FACTOR_LEVELS_dataset"/>
    <testcase time="0.00199999999995271" classname="FACTOR_LEVELS_datachk" name="Check_FACTOR_LEVELS_dataset"/>
    <testcase time="0.00100000000009004" classname="FACTOR_LEVELS_datachk" name="Check_FACTOR_LEVELS_dataset"/>
    <testcase time="0.000999999999976353" classname="FACTOR_LEVELS_datachk" name="Check_FACTOR_LEVELS_dataset"/>
    <testcase time="0.00199999999995271" classname="FACTOR_LEVELS_datachk" name="Check_FACTOR_LEVELS_dataset"/>
    <testcase time="0.000999999999976353" classname="FACTOR_LEVELS_datachk" name="Check_FACTOR_LEVELS_dataset"/>
    <testcase time="0.00100000000009004" classname="FACTOR_LEVELS_datachk" name="Check_FACTOR_LEVELS_dataset"/>
    <testcase time="0.00199999999995271" classname="FACTOR_LEVELS_datachk" name="Check_FACTOR_LEVELS_dataset"/>
    <testcase time="1.19399999999996" classname="FACTOR_LEVELS_datachk" name="Check_FACTOR_LEVELS_dataset"/>
    <testcase time="0.00200000000006639" classname="FACTOR_LEVELS_datachk" name="Check_FACTOR_LEVELS_dataset"/>
    <testcase time="0.000999999999976353" classname="FACTOR_LEVELS_datachk" name="Check_FACTOR_LEVELS_dataset"/>
    <testcase time="0.000999999999976353" classname="FACTOR_LEVELS_datachk" name="Check_FACTOR_LEVELS_dataset"/>
    <testcase time="0.00200000000006639" classname="FACTOR_LEVELS_datachk" name="Check_FACTOR_LEVELS_dataset"/>
    <testcase time="0.000999999999976353" classname="FACTOR_LEVELS_datachk" name="Check_FACTOR_LEVELS_dataset"/>
    <testcase time="0.00199999999995271" classname="FACTOR_LEVELS_datachk" name="Check_FACTOR_LEVELS_dataset"/>
    <testcase time="0.519000000000005" classname="FACTOR_LEVELS_datachk" name="Check_FACTOR_LEVELS_dataset"/>
    <testcase time="0.000999999999976353" classname="FACTOR_LEVELS_datachk" name="Check_FACTOR_LEVELS_dataset"/>
    <testcase time="0.00200000000006639" classname="FACTOR_LEVELS_datachk" name="Check_FACTOR_LEVELS_dataset"/>
    <testcase time="0.000999999999976353" classname="FACTOR_LEVELS_datachk" name="Check_FACTOR_LEVELS_dataset"/>
    <testcase time="0.00200000000006639" classname="FACTOR_LEVELS_datachk" name="Check_FACTOR_LEVELS_dataset"/>
    <testcase time="0.000999999999976353" classname="FACTOR_LEVELS_datachk" name="Check_FACTOR_LEVELS_dataset"/>
    <testcase time="0.00199999999995271" classname="FACTOR_LEVELS_datachk" name="Check_FACTOR_LEVELS_dataset"/>
    <testcase time="0.26400000000001" classname="FACTOR_LEVELS_datachk" name="Check_FACTOR_LEVELS_dataset"/>
    <testcase time="0.00199999999995271" classname="FACTOR_LEVELS_datachk" name="Check_FACTOR_LEVELS_dataset"/>
    <testcase time="0.00200000000006639" classname="FACTOR_LEVELS_datachk" name="Check_FACTOR_LEVELS_dataset"/>
    <testcase time="0.000999999999976353" classname="FACTOR_LEVELS_datachk" name="Check_FACTOR_LEVELS_dataset"/>
    <testcase time="0.00199999999995271" classname="FACTOR_LEVELS_datachk" name="Check_FACTOR_LEVELS_dataset"/>
    <testcase time="0.00100000000009004" classname="FACTOR_LEVELS_datachk" name="Check_FACTOR_LEVELS_dataset"/>
    <testcase time="0.00199999999995271" classname="FACTOR_LEVELS_datachk" name="Check_FACTOR_LEVELS_dataset"/>
    <testcase time="0.00200000000006639" classname="FACTOR_LEVELS_datachk" name="Check_FACTOR_LEVELS_dataset"/>
    <testcase time="0.00199999999995271" classname="FACTOR_LEVELS_datachk" name="Check_FACTOR_LEVELS_dataset"/>
    <testcase time="0.524999999999977" classname="FACTOR_LEVELS_datachk" name="Check_FACTOR_LEVELS_dataset"/>
    <testcase time="0.00200000000006639" classname="FACTOR_LEVELS_datachk" name="Check_FACTOR_LEVELS_dataset"/>
    <testcase time="0.00199999999995271" classname="FACTOR_LEVELS_datachk" name="Check_FACTOR_LEVELS_dataset"/>
    <testcase time="0.000999999999976353" classname="FACTOR_LEVELS_datachk" name="Check_FACTOR_LEVELS_dataset"/>
    <testcase time="0.00200000000006639" classname="FACTOR_LEVELS_datachk" name="Check_FACTOR_LEVELS_dataset"/>
    <testcase time="0.00199999999995271" classname="FACTOR_LEVELS_datachk" name="Check_FACTOR_LEVELS_dataset"/>
    <testcase time="0.00199999999995271" classname="FACTOR_LEVELS_datachk" name="Check_FACTOR_LEVELS_dataset"/>
    <testcase time="0.262000000000057" classname="FACTOR_LEVELS_datachk" name="Check_FACTOR_LEVELS_dataset"/>
    <testcase time="0.00199999999995271" classname="FACTOR_LEVELS_datachk" name="Check_FACTOR_LEVELS_dataset"/>
    <testcase time="0.00200000000006639" classname="FACTOR_LEVELS_datachk" name="Check_FACTOR_LEVELS_dataset"/>
    <testcase time="0.00199999999995271" classname="FACTOR_LEVELS_datachk" name="Check_FACTOR_LEVELS_dataset"/>
    <testcase time="0.00200000000006639" classname="FACTOR_LEVELS_datachk" name="Check_FACTOR_LEVELS_dataset"/>
    <testcase time="0.00199999999995271" classname="FACTOR_LEVELS_datachk" name="Check_FACTOR_LEVELS_dataset"/>
    <testcase time="0.00199999999995271" classname="FACTOR_LEVELS_datachk" name="Check_FACTOR_LEVELS_dataset"/>
    <testcase time="0.00200000000006639" classname="FACTOR_LEVELS_datachk" name="Check_FACTOR_LEVELS_dataset"/>
    <testcase time="0.00199999999995271" classname="FACTOR_LEVELS_datachk" name="Check_FACTOR_LEVELS_dataset"/>
    <testcase time="0.522000000000048" classname="FACTOR_LEVELS_datachk" name="Check_FACTOR_LEVELS_dataset"/>
    <testcase time="0.00199999999995271" classname="FACTOR_LEVELS_datachk" name="Check_FACTOR_LEVELS_dataset"/>
    <testcase time="0.00200000000006639" classname="FACTOR_LEVELS_datachk" name="Check_FACTOR_LEVELS_dataset"/>
    <testcase time="0.00199999999995271" classname="FACTOR_LEVELS_datachk" name="Check_FACTOR_LEVELS_dataset"/>
    <testcase time="0.00200000000006639" classname="FACTOR_LEVELS_datachk" name="Check_FACTOR_LEVELS_dataset"/>
    <testcase time="0.00199999999995271" classname="FACTOR_LEVELS_datachk" name="Check_FACTOR_LEVELS_dataset"/>
    <testcase time="0.00199999999995271" classname="FACTOR_LEVELS_datachk" name="Check_FACTOR_LEVELS_dataset"/>
    <testcase time="0.263000000000034" classname="FACTOR_LEVELS_datachk" name="Check_FACTOR_LEVELS_dataset"/>
    <testcase time="0.00199999999995271" classname="FACTOR_LEVELS_datachk" name="Check_FACTOR_LEVELS_dataset"/>
    <testcase time="0.00200000000006639" classname="FACTOR_LEVELS_datachk" name="Check_FACTOR_LEVELS_dataset"/>
    <testcase time="0.00199999999995271" classname="FACTOR_LEVELS_datachk" name="Check_FACTOR_LEVELS_dataset"/>
    <testcase time="0.00300000000004275" classname="FACTOR_LEVELS_datachk" name="Check_FACTOR_LEVELS_dataset"/>
    <testcase time="0.00199999999995271" classname="FACTOR_LEVELS_datachk" name="Check_FACTOR_LEVELS_dataset"/>
    <testcase time="0.00200000000006639" classname="FACTOR_LEVELS_datachk" name="Check_FACTOR_LEVELS_dataset"/>
    <testcase time="0.00199999999995271" classname="FACTOR_LEVELS_datachk" name="Check_FACTOR_LEVELS_dataset"/>
    <testcase time="0.00300000000004275" classname="FACTOR_LEVELS_datachk" name="Check_FACTOR_LEVELS_dataset"/>
    <testcase time="0.518000000000029" classname="FACTOR_LEVELS_datachk" name="Check_FACTOR_LEVELS_dataset"/>
    <testcase time="0.00299999999992906" classname="FACTOR_LEVELS_datachk" name="Check_FACTOR_LEVELS_dataset"/>
    <testcase time="0.00200000000006639" classname="FACTOR_LEVELS_datachk" name="Check_FACTOR_LEVELS_dataset"/>
    <testcase time="0.00299999999992906" classname="FACTOR_LEVELS_datachk" name="Check_FACTOR_LEVELS_dataset"/>
    <testcase time="0.00200000000006639" classname="FACTOR_LEVELS_datachk" name="Check_FACTOR_LEVELS_dataset"/>
    <testcase time="0.00199999999995271" classname="FACTOR_LEVELS_datachk" name="Check_FACTOR_LEVELS_dataset"/>
    <testcase time="0.00300000000004275" classname="FACTOR_LEVELS_datachk" name="Check_FACTOR_LEVELS_dataset"/>
    <testcase time="0.259000000000015" classname="FACTOR_LEVELS_datachk" name="Check_FACTOR_LEVELS_dataset"/>
    <testcase time="0.00199999999995271" classname="FACTOR_LEVELS_datachk" name="Check_FACTOR_LEVELS_dataset"/>
    <testcase time="0.00300000000004275" classname="FACTOR_LEVELS_datachk" name="Check_FACTOR_LEVELS_dataset"/>
    <testcase time="0.00199999999995271" classname="FACTOR_LEVELS_datachk" name="Check_FACTOR_LEVELS_dataset"/>
    <testcase time="0.00300000000004275" classname="FACTOR_LEVELS_datachk" name="Check_FACTOR_LEVELS_dataset"/>
    <testcase time="0.00299999999992906" classname="FACTOR_LEVELS_datachk" name="Check_FACTOR_LEVELS_dataset"/>
    <testcase time="0.00200000000006639" classname="FACTOR_LEVELS_datachk" name="Check_FACTOR_LEVELS_dataset"/>
    <testcase time="0.00299999999992906" classname="FACTOR_LEVELS_datachk" name="Check_FACTOR_LEVELS_dataset"/>
    <testcase time="0.00300000000004275" classname="FACTOR_LEVELS_datachk" name="Check_FACTOR_LEVELS_dataset"/>
    <testcase time="0.58299999999997" classname="FACTOR_LEVELS_datachk" name="Check_FACTOR_LEVELS_dataset"/>
    <testcase time="0.00200000000006639" classname="FACTOR_LEVELS_datachk" name="Check_FACTOR_LEVELS_dataset"/>
    <testcase time="0.00299999999992906" classname="FACTOR_LEVELS_datachk" name="Check_FACTOR_LEVELS_dataset"/>
    <testcase time="0.00300000000004275" classname="FACTOR_LEVELS_datachk" name="Check_FACTOR_LEVELS_dataset"/>
    <testcase time="0.00199999999995271" classname="FACTOR_LEVELS_datachk" name="Check_FACTOR_LEVELS_dataset"/>
    <testcase time="0.00300000000004275" classname="FACTOR_LEVELS_datachk" name="Check_FACTOR_LEVELS_dataset"/>
    <testcase time="0.00299999999992906" classname="FACTOR_LEVELS_datachk" name="Check_FACTOR_LEVELS_dataset"/>
    <testcase time="0.259000000000015" classname="FACTOR_LEVELS_datachk" name="Check_FACTOR_LEVELS_dataset"/>
    <testcase time="0.00200000000006639" classname="FACTOR_LEVELS_datachk" name="Check_FACTOR_LEVELS_dataset"/>
    <testcase time="0.00299999999992906" classname="FACTOR_LEVELS_datachk" name="Check_FACTOR_LEVELS_dataset"/>
    <testcase time="0.00300000000004275" classname="FACTOR_LEVELS_datachk" name="Check_FACTOR_LEVELS_dataset"/>
    <testcase time="0.00300000000004275" classname="FACTOR_LEVELS_datachk" name="Check_FACTOR_LEVELS_dataset"/>
    <testcase time="0.00299999999992906" classname="FACTOR_LEVELS_datachk" name="Check_FACTOR_LEVELS_dataset"/>
    <testcase time="0.00200000000006639" classname="FACTOR_LEVELS_datachk" name="Check_FACTOR_LEVELS_dataset"/>
    <testcase time="0.00299999999992906" classname="FACTOR_LEVELS_datachk" name="Check_FACTOR_LEVELS_dataset"/>
    <testcase time="0.00300000000004275" classname="FACTOR_LEVELS_datachk" name="Check_FACTOR_LEVELS_dataset"/>
    <testcase time="0.519999999999982" classname="FACTOR_LEVELS_datachk" name="Check_FACTOR_LEVELS_dataset"/>
    <testcase time="0.00300000000004275" classname="FACTOR_LEVELS_datachk" name="Check_FACTOR_LEVELS_dataset"/>
    <testcase time="0.0040000000000191" classname="FACTOR_LEVELS_datachk" name="Check_FACTOR_LEVELS_dataset"/>
    <testcase time="0.00299999999992906" classname="FACTOR_LEVELS_datachk" name="Check_FACTOR_LEVELS_dataset"/>
    <testcase time="0.00300000000004275" classname="FACTOR_LEVELS_datachk" name="Check_FACTOR_LEVELS_dataset"/>
    <testcase time="0.00299999999992906" classname="FACTOR_LEVELS_datachk" name="Check_FACTOR_LEVELS_dataset"/>
    <testcase time="0.00300000000004275" classname="FACTOR_LEVELS_datachk" name="Check_FACTOR_LEVELS_dataset"/>
    <testcase time="0.260999999999967" classname="FACTOR_LEVELS_datachk" name="Check_FACTOR_LEVELS_dataset"/>
    <testcase time="0.00300000000004275" classname="FACTOR_LEVELS_datachk" name="Check_FACTOR_LEVELS_dataset"/>
    <testcase time="0.00300000000004275" classname="FACTOR_LEVELS_datachk" name="Check_FACTOR_LEVELS_dataset"/>
    <testcase time="0.00399999999990541" classname="FACTOR_LEVELS_datachk" name="Check_FACTOR_LEVELS_dataset"/>
    <testcase time="0.00300000000004275" classname="FACTOR_LEVELS_datachk" name="Check_FACTOR_LEVELS_dataset"/>
    <testcase time="0.00300000000004275" classname="FACTOR_LEVELS_datachk" name="Check_FACTOR_LEVELS_dataset"/>
    <testcase time="0.00299999999992906" classname="FACTOR_LEVELS_datachk" name="Check_FACTOR_LEVELS_dataset"/>
    <testcase time="0.0040000000000191" classname="FACTOR_LEVELS_datachk" name="Check_FACTOR_LEVELS_dataset"/>
    <testcase time="0.00300000000004275" classname="FACTOR_LEVELS_datachk" name="Check_FACTOR_LEVELS_dataset"/>
    <testcase time="0.533000000000015" classname="FACTOR_LEVELS_datachk" name="Check_FACTOR_LEVELS_dataset"/>
    <testcase time="0.00299999999992906" classname="FACTOR_LEVELS_datachk" name="Check_FACTOR_LEVELS_dataset"/>
    <testcase time="0.00300000000004275" classname="FACTOR_LEVELS_datachk" name="Check_FACTOR_LEVELS_dataset"/>
    <testcase time="0.0040000000000191" classname="FACTOR_LEVELS_datachk" name="Check_FACTOR_LEVELS_dataset"/>
    <testcase time="0.00299999999992906" classname="FACTOR_LEVELS_datachk" name="Check_FACTOR_LEVELS_dataset"/>
    <testcase time="0.00300000000004275" classname="FACTOR_LEVELS_datachk" name="Check_FACTOR_LEVELS_dataset"/>
    <testcase time="0.00300000000004275" classname="FACTOR_LEVELS_datachk" name="Check_FACTOR_LEVELS_dataset"/>
    <testcase time="0.265999999999963" classname="FACTOR_LEVELS_datachk" name="Check_FACTOR_LEVELS_dataset"/>
    <testcase time="0.0040000000000191" classname="FACTOR_LEVELS_datachk" name="Check_FACTOR_LEVELS_dataset"/>
    <testcase time="0.00299999999992906" classname="FACTOR_LEVELS_datachk" name="Check_FACTOR_LEVELS_dataset"/>
    <testcase time="0.00300000000004275" classname="FACTOR_LEVELS_datachk" name="Check_FACTOR_LEVELS_dataset"/>
    <testcase time="0.0040000000000191" classname="FACTOR_LEVELS_datachk" name="Check_FACTOR_LEVELS_dataset"/>
    <testcase time="0.00299999999992906" classname="FACTOR_LEVELS_datachk" name="Check_FACTOR_LEVELS_dataset"/>
    <testcase time="0.0040000000000191" classname="FACTOR_LEVELS_datachk" name="Check_FACTOR_LEVELS_dataset"/>
    <testcase time="0.00300000000004275" classname="FACTOR_LEVELS_datachk" name="Check_FACTOR_LEVELS_dataset"/>
    <testcase time="0.00299999999992906" classname="FACTOR_LEVELS_datachk" name="Check_FACTOR_LEVELS_dataset"/>
    <testcase time="0.525000000000091" classname="FACTOR_LEVELS_datachk" name="Check_FACTOR_LEVELS_dataset"/>
    <testcase time="0.0040000000000191" classname="FACTOR_LEVELS_datachk" name="Check_FACTOR_LEVELS_dataset"/>
    <testcase time="0.00399999999990541" classname="FACTOR_LEVELS_datachk" name="Check_FACTOR_LEVELS_dataset"/>
    <testcase time="0.0040000000000191" classname="FACTOR_LEVELS_datachk" name="Check_FACTOR_LEVELS_dataset"/>
    <testcase time="0.00300000000004275" classname="FACTOR_LEVELS_datachk" name="Check_FACTOR_LEVELS_dataset"/>
    <testcase time="0.0040000000000191" classname="FACTOR_LEVELS_datachk" name="Check_FACTOR_LEVELS_dataset"/>
    <testcase time="0.00399999999990541" classname="FACTOR_LEVELS_datachk" name="Check_FACTOR_LEVELS_dataset"/>
    <testcase time="0.260000000000105" classname="FACTOR_LEVELS_datachk" name="Check_FACTOR_LEVELS_dataset"/>
    <testcase time="0.00399999999990541" classname="FACTOR_LEVELS_datachk" name="Check_FACTOR_LEVELS_dataset"/>
    <testcase time="0.0040000000000191" classname="FACTOR_LEVELS_datachk" name="Check_FACTOR_LEVELS_dataset"/>
    <testcase time="0.00300000000004275" classname="FACTOR_LEVELS_datachk" name="Check_FACTOR_LEVELS_dataset"/>
    <testcase time="0.0040000000000191" classname="FACTOR_LEVELS_datachk" name="Check_FACTOR_LEVELS_dataset"/>
    <testcase time="0.00999999999999091" classname="FACTOR_LEVELS_datachk" name="Check_FACTOR_LEVELS_dataset"/>
    <testcase time="0.0040000000000191" classname="FACTOR_LEVELS_datachk" name="Check_FACTOR_LEVELS_dataset"/>
    <testcase time="0.00399999999990541" classname="FACTOR_LEVELS_datachk" name="Check_FACTOR_LEVELS_dataset"/>
    <testcase time="0.00300000000004275" classname="FACTOR_LEVELS_datachk" name="Check_FACTOR_LEVELS_dataset"/>
    <testcase time="0.523000000000025" classname="FACTOR_LEVELS_datachk" name="Check_FACTOR_LEVELS_dataset"/>
    <testcase time="0.0040000000000191" classname="FACTOR_LEVELS_datachk" name="Check_FACTOR_LEVELS_dataset"/>
    <testcase time="0.00399999999990541" classname="FACTOR_LEVELS_datachk" name="Check_FACTOR_LEVELS_dataset"/>
    <testcase time="0.0040000000000191" classname="FACTOR_LEVELS_datachk" name="Check_FACTOR_LEVELS_dataset"/>
    <testcase time="0.00300000000004275" classname="FACTOR_LEVELS_datachk" name="Check_FACTOR_LEVELS_dataset"/>
    <testcase time="0.0040000000000191" classname="FACTOR_LEVELS_datachk" name="Check_FACTOR_LEVELS_dataset"/>
    <testcase time="0.0040000000000191" classname="FACTOR_LEVELS_datachk" name="Check_FACTOR_LEVELS_dataset"/>
    <testcase time="0.26299999999992" classname="FACTOR_LEVELS_datachk" name="Check_FACTOR_LEVELS_dataset"/>
    <testcase time="0.0040000000000191" classname="FACTOR_LEVELS_datachk" name="Check_FACTOR_LEVELS_dataset"/>
    <testcase time="0.0040000000000191" classname="FACTOR_LEVELS_datachk" name="Check_FACTOR_LEVELS_dataset"/>
    <testcase time="0.0040000000000191" classname="FACTOR_LEVELS_datachk" name="Check_FACTOR_LEVELS_dataset"/>
    <testcase time="0.0040000000000191" classname="FACTOR_LEVELS_datachk" name="Check_FACTOR_LEVELS_dataset"/>
    <testcase time="0.00399999999990541" classname="FACTOR_LEVELS_datachk" name="Check_FACTOR_LEVELS_dataset"/>
    <testcase time="0.0040000000000191" classname="FACTOR_LEVELS_datachk" name="Check_FACTOR_LEVELS_dataset"/>
    <testcase time="0.00499999999999545" classname="FACTOR_LEVELS_datachk" name="Check_FACTOR_LEVELS_dataset"/>
    <testcase time="0.0040000000000191" classname="FACTOR_LEVELS_datachk" name="Check_FACTOR_LEVELS_dataset"/>
    <testcase time="0.523000000000025" classname="FACTOR_LEVELS_datachk" name="Check_FACTOR_LEVELS_dataset"/>
    <testcase time="0.00499999999999545" classname="FACTOR_LEVELS_datachk" name="Check_FACTOR_LEVELS_dataset"/>
    <testcase time="0.0040000000000191" classname="FACTOR_LEVELS_datachk" name="Check_FACTOR_LEVELS_dataset"/>
    <testcase time="0.0040000000000191" classname="FACTOR_LEVELS_datachk" name="Check_FACTOR_LEVELS_dataset"/>
    <testcase time="0.0109999999999673" classname="FACTOR_LEVELS_datachk" name="Check_FACTOR_LEVELS_dataset"/>
    <testcase time="0.0040000000000191" classname="FACTOR_LEVELS_datachk" name="Check_FACTOR_LEVELS_dataset"/>
    <testcase time="0.0040000000000191" classname="FACTOR_LEVELS_datachk" name="Check_FACTOR_LEVELS_dataset"/>
    <testcase time="0.266999999999939" classname="FACTOR_LEVELS_datachk" name="Check_FACTOR_LEVELS_dataset"/>
    <testcase time="0.0040000000000191" classname="FACTOR_LEVELS_datachk" name="Check_FACTOR_LEVELS_dataset"/>
    <testcase time="0.0040000000000191" classname="FACTOR_LEVELS_datachk" name="Check_FACTOR_LEVELS_dataset"/>
    <testcase time="0.0040000000000191" classname="FACTOR_LEVELS_datachk" name="Check_FACTOR_LEVELS_dataset"/>
    <testcase time="0.00499999999999545" classname="FACTOR_LEVELS_datachk" name="Check_FACTOR_LEVELS_dataset"/>
    <testcase time="0.0040000000000191" classname="FACTOR_LEVELS_datachk" name="Check_FACTOR_LEVELS_dataset"/>
    <testcase time="0.00399999999990541" classname="FACTOR_LEVELS_datachk" name="Check_FACTOR_LEVELS_dataset"/>
    <testcase time="0.0040000000000191" classname="FACTOR_LEVELS_datachk" name="Check_FACTOR_LEVELS_dataset"/>
    <testcase time="0.00499999999999545" classname="FACTOR_LEVELS_datachk" name="Check_FACTOR_LEVELS_dataset"/>
  </testsuite>
  <testsuite name="FACTOR_LEVELS::datachk::shutdown" timestamp="2020-07-06T23:14:55Z" hostname="fv-az14" tests="3" skipped="0" failures="0" errors="0" time="0.271">
    <testcase time="0.269000000000005" classname="FACTOR_LEVELS_datachk_shutdown" name="shutdown"/>
    <testcase time="0.000999999999976353" classname="FACTOR_LEVELS_datachk_shutdown" name="shutdown"/>
    <testcase time="0.00100000000009004" classname="FACTOR_LEVELS_datachk_shutdown" name="shutdown"/>
  </testsuite>
  <testsuite name="FACTOR_LEVELS::datachk::done" timestamp="2020-07-06T23:14:56Z" hostname="fv-az14" tests="0" skipped="0" failures="0" errors="0" time="0"/>
  <testsuite name="TESTING::datachk::setup" timestamp="2020-07-06T23:14:56Z" hostname="fv-az14" tests="3" skipped="0" failures="0" errors="0" time="5.119">
    <testcase time="5.11699999999996" classname="TESTING_datachk_setup" name="setup"/>
    <testcase time="0.000999999999976353" classname="TESTING_datachk_setup" name="setup"/>
    <testcase time="0.000999999999976353" classname="TESTING_datachk_setup" name="setup"/>
  </testsuite>
  <testsuite name="TESTING::datachk" timestamp="2020-07-06T23:15:01Z" hostname="fv-az14" tests="310" skipped="0" failures="0" errors="0" time="17.3">
    <testcase time="0.521000000000072" classname="TESTING_datachk" name="Check_TESTING_dataset"/>
    <testcase time="0.000999999999976353" classname="TESTING_datachk" name="Check_TESTING_dataset"/>
    <testcase time="0.000999999999976353" classname="TESTING_datachk" name="Check_TESTING_dataset"/>
    <testcase time="0.000999999999976353" classname="TESTING_datachk" name="Check_TESTING_dataset"/>
    <testcase time="0.00100000000009004" classname="TESTING_datachk" name="Check_TESTING_dataset"/>
    <testcase time="0.000999999999976353" classname="TESTING_datachk" name="Check_TESTING_dataset"/>
    <testcase time="0.000999999999976353" classname="TESTING_datachk" name="Check_TESTING_dataset"/>
    <testcase time="0.260999999999967" classname="TESTING_datachk" name="Check_TESTING_dataset"/>
    <testcase time="0.000999999999976353" classname="TESTING_datachk" name="Check_TESTING_dataset"/>
    <testcase time="0.00200000000006639" classname="TESTING_datachk" name="Check_TESTING_dataset"/>
    <testcase time="0.000999999999976353" classname="TESTING_datachk" name="Check_TESTING_dataset"/>
    <testcase time="0.000999999999976353" classname="TESTING_datachk" name="Check_TESTING_dataset"/>
    <testcase time="0.00100000000009004" classname="TESTING_datachk" name="Check_TESTING_dataset"/>
    <testcase time="0.00199999999995271" classname="TESTING_datachk" name="Check_TESTING_dataset"/>
    <testcase time="0.000999999999976353" classname="TESTING_datachk" name="Check_TESTING_dataset"/>
    <testcase time="1.19900000000007" classname="TESTING_datachk" name="Check_TESTING_dataset"/>
    <testcase time="0.000999999999976353" classname="TESTING_datachk" name="Check_TESTING_dataset"/>
    <testcase time="0.00199999999995271" classname="TESTING_datachk" name="Check_TESTING_dataset"/>
    <testcase time="0.000999999999976353" classname="TESTING_datachk" name="Check_TESTING_dataset"/>
    <testcase time="0.00100000000009004" classname="TESTING_datachk" name="Check_TESTING_dataset"/>
    <testcase time="0.000999999999976353" classname="TESTING_datachk" name="Check_TESTING_dataset"/>
    <testcase time="0.000999999999976353" classname="TESTING_datachk" name="Check_TESTING_dataset"/>
    <testcase time="0.572000000000003" classname="TESTING_datachk" name="Check_TESTING_dataset"/>
    <testcase time="0.000999999999976353" classname="TESTING_datachk" name="Check_TESTING_dataset"/>
    <testcase time="0.00200000000006639" classname="TESTING_datachk" name="Check_TESTING_dataset"/>
    <testcase time="0.000999999999976353" classname="TESTING_datachk" name="Check_TESTING_dataset"/>
    <testcase time="0.00199999999995271" classname="TESTING_datachk" name="Check_TESTING_dataset"/>
    <testcase time="0.00100000000009004" classname="TESTING_datachk" name="Check_TESTING_dataset"/>
    <testcase time="0.00199999999995271" classname="TESTING_datachk" name="Check_TESTING_dataset"/>
    <testcase time="0.259999999999991" classname="TESTING_datachk" name="Check_TESTING_dataset"/>
    <testcase time="0.00200000000006639" classname="TESTING_datachk" name="Check_TESTING_dataset"/>
    <testcase time="0.000999999999976353" classname="TESTING_datachk" name="Check_TESTING_dataset"/>
    <testcase time="0.00199999999995271" classname="TESTING_datachk" name="Check_TESTING_dataset"/>
    <testcase time="0.00200000000006639" classname="TESTING_datachk" name="Check_TESTING_dataset"/>
    <testcase time="0.000999999999976353" classname="TESTING_datachk" name="Check_TESTING_dataset"/>
    <testcase time="0.00199999999995271" classname="TESTING_datachk" name="Check_TESTING_dataset"/>
    <testcase time="0.00200000000006639" classname="TESTING_datachk" name="Check_TESTING_dataset"/>
    <testcase time="0.00199999999995271" classname="TESTING_datachk" name="Check_TESTING_dataset"/>
    <testcase time="0.520999999999958" classname="TESTING_datachk" name="Check_TESTING_dataset"/>
    <testcase time="0.00200000000006639" classname="TESTING_datachk" name="Check_TESTING_dataset"/>
    <testcase time="0.000999999999976353" classname="TESTING_datachk" name="Check_TESTING_dataset"/>
    <testcase time="0.00199999999995271" classname="TESTING_datachk" name="Check_TESTING_dataset"/>
    <testcase time="0.00200000000006639" classname="TESTING_datachk" name="Check_TESTING_dataset"/>
    <testcase time="0.00199999999995271" classname="TESTING_datachk" name="Check_TESTING_dataset"/>
    <testcase time="0.00200000000006639" classname="TESTING_datachk" name="Check_TESTING_dataset"/>
    <testcase time="0.261999999999944" classname="TESTING_datachk" name="Check_TESTING_dataset"/>
    <testcase time="0.00200000000006639" classname="TESTING_datachk" name="Check_TESTING_dataset"/>
    <testcase time="0.00199999999995271" classname="TESTING_datachk" name="Check_TESTING_dataset"/>
    <testcase time="0.00199999999995271" classname="TESTING_datachk" name="Check_TESTING_dataset"/>
    <testcase time="0.00200000000006639" classname="TESTING_datachk" name="Check_TESTING_dataset"/>
    <testcase time="0.00199999999995271" classname="TESTING_datachk" name="Check_TESTING_dataset"/>
    <testcase time="0.00200000000006639" classname="TESTING_datachk" name="Check_TESTING_dataset"/>
    <testcase time="0.00199999999995271" classname="TESTING_datachk" name="Check_TESTING_dataset"/>
    <testcase time="0.00200000000006639" classname="TESTING_datachk" name="Check_TESTING_dataset"/>
    <testcase time="0.521999999999935" classname="TESTING_datachk" name="Check_TESTING_dataset"/>
    <testcase time="0.00199999999995271" classname="TESTING_datachk" name="Check_TESTING_dataset"/>
    <testcase time="0.00200000000006639" classname="TESTING_datachk" name="Check_TESTING_dataset"/>
    <testcase time="0.00199999999995271" classname="TESTING_datachk" name="Check_TESTING_dataset"/>
    <testcase time="0.00200000000006639" classname="TESTING_datachk" name="Check_TESTING_dataset"/>
    <testcase time="0.00199999999995271" classname="TESTING_datachk" name="Check_TESTING_dataset"/>
    <testcase time="0.00300000000004275" classname="TESTING_datachk" name="Check_TESTING_dataset"/>
    <testcase time="0.259000000000015" classname="TESTING_datachk" name="Check_TESTING_dataset"/>
    <testcase time="0.00199999999995271" classname="TESTING_datachk" name="Check_TESTING_dataset"/>
    <testcase time="0.00199999999995271" classname="TESTING_datachk" name="Check_TESTING_dataset"/>
    <testcase time="0.00300000000004275" classname="TESTING_datachk" name="Check_TESTING_dataset"/>
    <testcase time="0.00200000000006639" classname="TESTING_datachk" name="Check_TESTING_dataset"/>
    <testcase time="0.00199999999995271" classname="TESTING_datachk" name="Check_TESTING_dataset"/>
    <testcase time="0.00199999999995271" classname="TESTING_datachk" name="Check_TESTING_dataset"/>
    <testcase time="0.00200000000006639" classname="TESTING_datachk" name="Check_TESTING_dataset"/>
    <testcase time="0.00299999999992906" classname="TESTING_datachk" name="Check_TESTING_dataset"/>
    <testcase time="0.528999999999996" classname="TESTING_datachk" name="Check_TESTING_dataset"/>
    <testcase time="0.00200000000006639" classname="TESTING_datachk" name="Check_TESTING_dataset"/>
    <testcase time="0.00299999999992906" classname="TESTING_datachk" name="Check_TESTING_dataset"/>
    <testcase time="0.00200000000006639" classname="TESTING_datachk" name="Check_TESTING_dataset"/>
    <testcase time="0.00300000000004275" classname="TESTING_datachk" name="Check_TESTING_dataset"/>
    <testcase time="0.00199999999995271" classname="TESTING_datachk" name="Check_TESTING_dataset"/>
    <testcase time="0.00199999999995271" classname="TESTING_datachk" name="Check_TESTING_dataset"/>
    <testcase time="0.264999999999986" classname="TESTING_datachk" name="Check_TESTING_dataset"/>
    <testcase time="0.00300000000004275" classname="TESTING_datachk" name="Check_TESTING_dataset"/>
    <testcase time="0.00300000000004275" classname="TESTING_datachk" name="Check_TESTING_dataset"/>
    <testcase time="0.00199999999995271" classname="TESTING_datachk" name="Check_TESTING_dataset"/>
    <testcase time="0.00300000000004275" classname="TESTING_datachk" name="Check_TESTING_dataset"/>
    <testcase time="0.00199999999995271" classname="TESTING_datachk" name="Check_TESTING_dataset"/>
    <testcase time="0.00300000000004275" classname="TESTING_datachk" name="Check_TESTING_dataset"/>
    <testcase time="0.00299999999992906" classname="TESTING_datachk" name="Check_TESTING_dataset"/>
    <testcase time="0.00200000000006639" classname="TESTING_datachk" name="Check_TESTING_dataset"/>
    <testcase time="0.52800000000002" classname="TESTING_datachk" name="Check_TESTING_dataset"/>
    <testcase time="0.00299999999992906" classname="TESTING_datachk" name="Check_TESTING_dataset"/>
    <testcase time="0.00200000000006639" classname="TESTING_datachk" name="Check_TESTING_dataset"/>
    <testcase time="0.00299999999992906" classname="TESTING_datachk" name="Check_TESTING_dataset"/>
    <testcase time="0.00300000000004275" classname="TESTING_datachk" name="Check_TESTING_dataset"/>
    <testcase time="0.00199999999995271" classname="TESTING_datachk" name="Check_TESTING_dataset"/>
    <testcase time="0.00300000000004275" classname="TESTING_datachk" name="Check_TESTING_dataset"/>
    <testcase time="0.258000000000038" classname="TESTING_datachk" name="Check_TESTING_dataset"/>
    <testcase time="0.00299999999992906" classname="TESTING_datachk" name="Check_TESTING_dataset"/>
    <testcase time="0.00300000000004275" classname="TESTING_datachk" name="Check_TESTING_dataset"/>
    <testcase time="0.00300000000004275" classname="TESTING_datachk" name="Check_TESTING_dataset"/>
    <testcase time="0.00199999999995271" classname="TESTING_datachk" name="Check_TESTING_dataset"/>
    <testcase time="0.00300000000004275" classname="TESTING_datachk" name="Check_TESTING_dataset"/>
    <testcase time="0.00299999999992906" classname="TESTING_datachk" name="Check_TESTING_dataset"/>
    <testcase time="0.00300000000004275" classname="TESTING_datachk" name="Check_TESTING_dataset"/>
    <testcase time="0.00299999999992906" classname="TESTING_datachk" name="Check_TESTING_dataset"/>
    <testcase time="0.522000000000048" classname="TESTING_datachk" name="Check_TESTING_dataset"/>
    <testcase time="0.00300000000004275" classname="TESTING_datachk" name="Check_TESTING_dataset"/>
    <testcase time="0.00299999999992906" classname="TESTING_datachk" name="Check_TESTING_dataset"/>
    <testcase time="0.00300000000004275" classname="TESTING_datachk" name="Check_TESTING_dataset"/>
    <testcase time="0.00300000000004275" classname="TESTING_datachk" name="Check_TESTING_dataset"/>
    <testcase time="0.00299999999992906" classname="TESTING_datachk" name="Check_TESTING_dataset"/>
    <testcase time="0.00300000000004275" classname="TESTING_datachk" name="Check_TESTING_dataset"/>
    <testcase time="0.263000000000034" classname="TESTING_datachk" name="Check_TESTING_dataset"/>
    <testcase time="0.0040000000000191" classname="TESTING_datachk" name="Check_TESTING_dataset"/>
    <testcase time="0.00299999999992906" classname="TESTING_datachk" name="Check_TESTING_dataset"/>
    <testcase time="0.00300000000004275" classname="TESTING_datachk" name="Check_TESTING_dataset"/>
    <testcase time="0.0040000000000191" classname="TESTING_datachk" name="Check_TESTING_dataset"/>
    <testcase time="0.00299999999992906" classname="TESTING_datachk" name="Check_TESTING_dataset"/>
    <testcase time="0.00300000000004275" classname="TESTING_datachk" name="Check_TESTING_dataset"/>
    <testcase time="0.00299999999992906" classname="TESTING_datachk" name="Check_TESTING_dataset"/>
    <testcase time="0.0040000000000191" classname="TESTING_datachk" name="Check_TESTING_dataset"/>
    <testcase time="0.526000000000067" classname="TESTING_datachk" name="Check_TESTING_dataset"/>
    <testcase time="0.00299999999992906" classname="TESTING_datachk" name="Check_TESTING_dataset"/>
    <testcase time="0.00300000000004275" classname="TESTING_datachk" name="Check_TESTING_dataset"/>
    <testcase time="0.00300000000004275" classname="TESTING_datachk" name="Check_TESTING_dataset"/>
    <testcase time="0.00399999999990541" classname="TESTING_datachk" name="Check_TESTING_dataset"/>
    <testcase time="0.00300000000004275" classname="TESTING_datachk" name="Check_TESTING_dataset"/>
    <testcase time="0.00300000000004275" classname="TESTING_datachk" name="Check_TESTING_dataset"/>
    <testcase time="0.259999999999991" classname="TESTING_datachk" name="Check_TESTING_dataset"/>
    <testcase time="0.0040000000000191" classname="TESTING_datachk" name="Check_TESTING_dataset"/>
    <testcase time="0.00299999999992906" classname="TESTING_datachk" name="Check_TESTING_dataset"/>
    <testcase time="0.0040000000000191" classname="TESTING_datachk" name="Check_TESTING_dataset"/>
    <testcase time="0.00300000000004275" classname="TESTING_datachk" name="Check_TESTING_dataset"/>
    <testcase time="0.00299999999992906" classname="TESTING_datachk" name="Check_TESTING_dataset"/>
    <testcase time="0.0040000000000191" classname="TESTING_datachk" name="Check_TESTING_dataset"/>
    <testcase time="0.00300000000004275" classname="TESTING_datachk" name="Check_TESTING_dataset"/>
    <testcase time="0.0040000000000191" classname="TESTING_datachk" name="Check_TESTING_dataset"/>
    <testcase time="0.521999999999935" classname="TESTING_datachk" name="Check_TESTING_dataset"/>
    <testcase time="0.0040000000000191" classname="TESTING_datachk" name="Check_TESTING_dataset"/>
    <testcase time="0.0040000000000191" classname="TESTING_datachk" name="Check_TESTING_dataset"/>
    <testcase time="0.0040000000000191" classname="TESTING_datachk" name="Check_TESTING_dataset"/>
    <testcase time="0.00299999999992906" classname="TESTING_datachk" name="Check_TESTING_dataset"/>
    <testcase time="0.0040000000000191" classname="TESTING_datachk" name="Check_TESTING_dataset"/>
    <testcase time="0.0040000000000191" classname="TESTING_datachk" name="Check_TESTING_dataset"/>
    <testcase time="0.259999999999991" classname="TESTING_datachk" name="Check_TESTING_dataset"/>
    <testcase time="0.0040000000000191" classname="TESTING_datachk" name="Check_TESTING_dataset"/>
    <testcase time="0.0040000000000191" classname="TESTING_datachk" name="Check_TESTING_dataset"/>
    <testcase time="0.00299999999992906" classname="TESTING_datachk" name="Check_TESTING_dataset"/>
    <testcase time="0.00999999999999091" classname="TESTING_datachk" name="Check_TESTING_dataset"/>
    <testcase time="0.0040000000000191" classname="TESTING_datachk" name="Check_TESTING_dataset"/>
    <testcase time="0.0040000000000191" classname="TESTING_datachk" name="Check_TESTING_dataset"/>
    <testcase time="0.00300000000004275" classname="TESTING_datachk" name="Check_TESTING_dataset"/>
    <testcase time="0.00399999999990541" classname="TESTING_datachk" name="Check_TESTING_dataset"/>
    <testcase time="0.517000000000053" classname="TESTING_datachk" name="Check_TESTING_dataset"/>
    <testcase time="0.0040000000000191" classname="TESTING_datachk" name="Check_TESTING_dataset"/>
    <testcase time="0.0040000000000191" classname="TESTING_datachk" name="Check_TESTING_dataset"/>
    <testcase time="0.0040000000000191" classname="TESTING_datachk" name="Check_TESTING_dataset"/>
    <testcase time="0.00399999999990541" classname="TESTING_datachk" name="Check_TESTING_dataset"/>
    <testcase time="0.0040000000000191" classname="TESTING_datachk" name="Check_TESTING_dataset"/>
    <testcase time="0.0040000000000191" classname="TESTING_datachk" name="Check_TESTING_dataset"/>
    <testcase time="0.268000000000029" classname="TESTING_datachk" name="Check_TESTING_dataset"/>
    <testcase time="0.00499999999999545" classname="TESTING_datachk" name="Check_TESTING_dataset"/>
    <testcase time="0.0040000000000191" classname="TESTING_datachk" name="Check_TESTING_dataset"/>
    <testcase time="0.00399999999990541" classname="TESTING_datachk" name="Check_TESTING_dataset"/>
    <testcase time="0.0040000000000191" classname="TESTING_datachk" name="Check_TESTING_dataset"/>
    <testcase time="0.0040000000000191" classname="TESTING_datachk" name="Check_TESTING_dataset"/>
    <testcase time="0.0040000000000191" classname="TESTING_datachk" name="Check_TESTING_dataset"/>
    <testcase time="0.00499999999999545" classname="TESTING_datachk" name="Check_TESTING_dataset"/>
    <testcase time="0.0040000000000191" classname="TESTING_datachk" name="Check_TESTING_dataset"/>
    <testcase time="0.518000000000029" classname="TESTING_datachk" name="Check_TESTING_dataset"/>
    <testcase time="0.00399999999990541" classname="TESTING_datachk" name="Check_TESTING_dataset"/>
    <testcase time="0.00499999999999545" classname="TESTING_datachk" name="Check_TESTING_dataset"/>
    <testcase time="0.0100000000001046" classname="TESTING_datachk" name="Check_TESTING_dataset"/>
    <testcase time="0.00399999999990541" classname="TESTING_datachk" name="Check_TESTING_dataset"/>
    <testcase time="0.00399999999990541" classname="TESTING_datachk" name="Check_TESTING_dataset"/>
    <testcase time="0.0040000000000191" classname="TESTING_datachk" name="Check_TESTING_dataset"/>
    <testcase time="0.262000000000057" classname="TESTING_datachk" name="Check_TESTING_dataset"/>
    <testcase time="0.0040000000000191" classname="TESTING_datachk" name="Check_TESTING_dataset"/>
    <testcase time="0.00399999999990541" classname="TESTING_datachk" name="Check_TESTING_dataset"/>
    <testcase time="0.0040000000000191" classname="TESTING_datachk" name="Check_TESTING_dataset"/>
    <testcase time="0.0040000000000191" classname="TESTING_datachk" name="Check_TESTING_dataset"/>
    <testcase time="0.00499999999999545" classname="TESTING_datachk" name="Check_TESTING_dataset"/>
    <testcase time="0.0040000000000191" classname="TESTING_datachk" name="Check_TESTING_dataset"/>
    <testcase time="0.0040000000000191" classname="TESTING_datachk" name="Check_TESTING_dataset"/>
    <testcase time="0.00499999999999545" classname="TESTING_datachk" name="Check_TESTING_dataset"/>
    <testcase time="0.523000000000025" classname="TESTING_datachk" name="Check_TESTING_dataset"/>
    <testcase time="0.00399999999990541" classname="TESTING_datachk" name="Check_TESTING_dataset"/>
    <testcase time="0.00499999999999545" classname="TESTING_datachk" name="Check_TESTING_dataset"/>
    <testcase time="0.00499999999999545" classname="TESTING_datachk" name="Check_TESTING_dataset"/>
    <testcase time="0.0040000000000191" classname="TESTING_datachk" name="Check_TESTING_dataset"/>
    <testcase time="0.00499999999999545" classname="TESTING_datachk" name="Check_TESTING_dataset"/>
    <testcase time="0.0040000000000191" classname="TESTING_datachk" name="Check_TESTING_dataset"/>
    <testcase time="0.262000000000057" classname="TESTING_datachk" name="Check_TESTING_dataset"/>
    <testcase time="0.0040000000000191" classname="TESTING_datachk" name="Check_TESTING_dataset"/>
    <testcase time="0.00499999999999545" classname="TESTING_datachk" name="Check_TESTING_dataset"/>
    <testcase time="0.00499999999999545" classname="TESTING_datachk" name="Check_TESTING_dataset"/>
    <testcase time="0.00499999999999545" classname="TESTING_datachk" name="Check_TESTING_dataset"/>
    <testcase time="0.00399999999990541" classname="TESTING_datachk" name="Check_TESTING_dataset"/>
    <testcase time="0.0110000000000809" classname="TESTING_datachk" name="Check_TESTING_dataset"/>
    <testcase time="0.00499999999999545" classname="TESTING_datachk" name="Check_TESTING_dataset"/>
    <testcase time="0.0040000000000191" classname="TESTING_datachk" name="Check_TESTING_dataset"/>
    <testcase time="0.524999999999977" classname="TESTING_datachk" name="Check_TESTING_dataset"/>
    <testcase time="0.00499999999999545" classname="TESTING_datachk" name="Check_TESTING_dataset"/>
    <testcase time="0.00499999999999545" classname="TESTING_datachk" name="Check_TESTING_dataset"/>
    <testcase time="0.00499999999999545" classname="TESTING_datachk" name="Check_TESTING_dataset"/>
    <testcase time="0.0040000000000191" classname="TESTING_datachk" name="Check_TESTING_dataset"/>
    <testcase time="0.00499999999999545" classname="TESTING_datachk" name="Check_TESTING_dataset"/>
    <testcase time="0.00499999999999545" classname="TESTING_datachk" name="Check_TESTING_dataset"/>
    <testcase time="0.263000000000034" classname="TESTING_datachk" name="Check_TESTING_dataset"/>
    <testcase time="0.00599999999997181" classname="TESTING_datachk" name="Check_TESTING_dataset"/>
    <testcase time="0.00499999999999545" classname="TESTING_datachk" name="Check_TESTING_dataset"/>
    <testcase time="0.00499999999999545" classname="TESTING_datachk" name="Check_TESTING_dataset"/>
    <testcase time="0.00499999999999545" classname="TESTING_datachk" name="Check_TESTING_dataset"/>
    <testcase time="0.00499999999999545" classname="TESTING_datachk" name="Check_TESTING_dataset"/>
    <testcase time="0.00499999999999545" classname="TESTING_datachk" name="Check_TESTING_dataset"/>
    <testcase time="0.00499999999999545" classname="TESTING_datachk" name="Check_TESTING_dataset"/>
    <testcase time="0.00499999999999545" classname="TESTING_datachk" name="Check_TESTING_dataset"/>
    <testcase time="0.52800000000002" classname="TESTING_datachk" name="Check_TESTING_dataset"/>
    <testcase time="0.00499999999999545" classname="TESTING_datachk" name="Check_TESTING_dataset"/>
    <testcase time="0.00499999999999545" classname="TESTING_datachk" name="Check_TESTING_dataset"/>
    <testcase time="0.00499999999999545" classname="TESTING_datachk" name="Check_TESTING_dataset"/>
    <testcase time="0.00499999999999545" classname="TESTING_datachk" name="Check_TESTING_dataset"/>
    <testcase time="0.00499999999999545" classname="TESTING_datachk" name="Check_TESTING_dataset"/>
    <testcase time="0.00499999999999545" classname="TESTING_datachk" name="Check_TESTING_dataset"/>
    <testcase time="0.263000000000034" classname="TESTING_datachk" name="Check_TESTING_dataset"/>
    <testcase time="0.00499999999999545" classname="TESTING_datachk" name="Check_TESTING_dataset"/>
    <testcase time="0.00499999999999545" classname="TESTING_datachk" name="Check_TESTING_dataset"/>
    <testcase time="0.00499999999999545" classname="TESTING_datachk" name="Check_TESTING_dataset"/>
    <testcase time="0.00599999999997181" classname="TESTING_datachk" name="Check_TESTING_dataset"/>
    <testcase time="0.00499999999999545" classname="TESTING_datachk" name="Check_TESTING_dataset"/>
    <testcase time="0.00499999999999545" classname="TESTING_datachk" name="Check_TESTING_dataset"/>
    <testcase time="0.00499999999999545" classname="TESTING_datachk" name="Check_TESTING_dataset"/>
    <testcase time="0.00499999999999545" classname="TESTING_datachk" name="Check_TESTING_dataset"/>
    <testcase time="0.519000000000005" classname="TESTING_datachk" name="Check_TESTING_dataset"/>
    <testcase time="0.00600000000008549" classname="TESTING_datachk" name="Check_TESTING_dataset"/>
    <testcase time="0.00499999999999545" classname="TESTING_datachk" name="Check_TESTING_dataset"/>
    <testcase time="0.00599999999997181" classname="TESTING_datachk" name="Check_TESTING_dataset"/>
    <testcase time="0.00499999999999545" classname="TESTING_datachk" name="Check_TESTING_dataset"/>
    <testcase time="0.00599999999997181" classname="TESTING_datachk" name="Check_TESTING_dataset"/>
    <testcase time="0.00499999999999545" classname="TESTING_datachk" name="Check_TESTING_dataset"/>
    <testcase time="0.264999999999986" classname="TESTING_datachk" name="Check_TESTING_dataset"/>
    <testcase time="0.00499999999999545" classname="TESTING_datachk" name="Check_TESTING_dataset"/>
    <testcase time="0.00600000000008549" classname="TESTING_datachk" name="Check_TESTING_dataset"/>
    <testcase time="0.00499999999999545" classname="TESTING_datachk" name="Check_TESTING_dataset"/>
    <testcase time="0.00499999999999545" classname="TESTING_datachk" name="Check_TESTING_dataset"/>
    <testcase time="0.00599999999997181" classname="TESTING_datachk" name="Check_TESTING_dataset"/>
    <testcase time="0.00499999999999545" classname="TESTING_datachk" name="Check_TESTING_dataset"/>
    <testcase time="0.00499999999999545" classname="TESTING_datachk" name="Check_TESTING_dataset"/>
    <testcase time="0.00599999999997181" classname="TESTING_datachk" name="Check_TESTING_dataset"/>
    <testcase time="0.519000000000005" classname="TESTING_datachk" name="Check_TESTING_dataset"/>
    <testcase time="0.00599999999997181" classname="TESTING_datachk" name="Check_TESTING_dataset"/>
    <testcase time="0.00600000000008549" classname="TESTING_datachk" name="Check_TESTING_dataset"/>
    <testcase time="0.00599999999997181" classname="TESTING_datachk" name="Check_TESTING_dataset"/>
    <testcase time="0.00599999999997181" classname="TESTING_datachk" name="Check_TESTING_dataset"/>
    <testcase time="0.00599999999997181" classname="TESTING_datachk" name="Check_TESTING_dataset"/>
    <testcase time="0.00500000000010914" classname="TESTING_datachk" name="Check_TESTING_dataset"/>
    <testcase time="0.263999999999896" classname="TESTING_datachk" name="Check_TESTING_dataset"/>
    <testcase time="0.00600000000008549" classname="TESTING_datachk" name="Check_TESTING_dataset"/>
    <testcase time="0.00599999999997181" classname="TESTING_datachk" name="Check_TESTING_dataset"/>
    <testcase time="0.00599999999997181" classname="TESTING_datachk" name="Check_TESTING_dataset"/>
    <testcase time="0.00599999999997181" classname="TESTING_datachk" name="Check_TESTING_dataset"/>
    <testcase time="0.0120000000000573" classname="TESTING_datachk" name="Check_TESTING_dataset"/>
    <testcase time="0.00599999999997181" classname="TESTING_datachk" name="Check_TESTING_dataset"/>
    <testcase time="0.00599999999997181" classname="TESTING_datachk" name="Check_TESTING_dataset"/>
    <testcase time="0.00499999999999545" classname="TESTING_datachk" name="Check_TESTING_dataset"/>
    <testcase time="0.525000000000091" classname="TESTING_datachk" name="Check_TESTING_dataset"/>
    <testcase time="0.00599999999997181" classname="TESTING_datachk" name="Check_TESTING_dataset"/>
    <testcase time="0.00599999999997181" classname="TESTING_datachk" name="Check_TESTING_dataset"/>
    <testcase time="0.00499999999999545" classname="TESTING_datachk" name="Check_TESTING_dataset"/>
    <testcase time="0.00599999999997181" classname="TESTING_datachk" name="Check_TESTING_dataset"/>
    <testcase time="0.00600000000008549" classname="TESTING_datachk" name="Check_TESTING_dataset"/>
    <testcase time="0.00599999999997181" classname="TESTING_datachk" name="Check_TESTING_dataset"/>
    <testcase time="0.269000000000005" classname="TESTING_datachk" name="Check_TESTING_dataset"/>
    <testcase time="0.00699999999994816" classname="TESTING_datachk" name="Check_TESTING_dataset"/>
    <testcase time="0.00600000000008549" classname="TESTING_datachk" name="Check_TESTING_dataset"/>
    <testcase time="0.00599999999997181" classname="TESTING_datachk" name="Check_TESTING_dataset"/>
    <testcase time="0.00599999999997181" classname="TESTING_datachk" name="Check_TESTING_dataset"/>
    <testcase time="0.00700000000006185" classname="TESTING_datachk" name="Check_TESTING_dataset"/>
    <testcase time="0.00599999999997181" classname="TESTING_datachk" name="Check_TESTING_dataset"/>
    <testcase time="0.00599999999997181" classname="TESTING_datachk" name="Check_TESTING_dataset"/>
    <testcase time="0.00699999999994816" classname="TESTING_datachk" name="Check_TESTING_dataset"/>
    <testcase time="0.52900000000011" classname="TESTING_datachk" name="Check_TESTING_dataset"/>
    <testcase time="0.00599999999997181" classname="TESTING_datachk" name="Check_TESTING_dataset"/>
    <testcase time="0.00599999999997181" classname="TESTING_datachk" name="Check_TESTING_dataset"/>
    <testcase time="0.00599999999997181" classname="TESTING_datachk" name="Check_TESTING_dataset"/>
    <testcase time="0.00600000000008549" classname="TESTING_datachk" name="Check_TESTING_dataset"/>
    <testcase time="0.00599999999997181" classname="TESTING_datachk" name="Check_TESTING_dataset"/>
    <testcase time="0.00599999999997181" classname="TESTING_datachk" name="Check_TESTING_dataset"/>
    <testcase time="0.269999999999982" classname="TESTING_datachk" name="Check_TESTING_dataset"/>
    <testcase time="0.00700000000006185" classname="TESTING_datachk" name="Check_TESTING_dataset"/>
    <testcase time="0.00699999999994816" classname="TESTING_datachk" name="Check_TESTING_dataset"/>
    <testcase time="0.00599999999997181" classname="TESTING_datachk" name="Check_TESTING_dataset"/>
    <testcase time="0.00700000000006185" classname="TESTING_datachk" name="Check_TESTING_dataset"/>
    <testcase time="0.00599999999997181" classname="TESTING_datachk" name="Check_TESTING_dataset"/>
    <testcase time="0.00699999999994816" classname="TESTING_datachk" name="Check_TESTING_dataset"/>
    <testcase time="0.00700000000006185" classname="TESTING_datachk" name="Check_TESTING_dataset"/>
    <testcase time="0.00599999999997181" classname="TESTING_datachk" name="Check_TESTING_dataset"/>
    <testcase time="0.543999999999983" classname="TESTING_datachk" name="Check_TESTING_dataset"/>
    <testcase time="0.00600000000008549" classname="TESTING_datachk" name="Check_TESTING_dataset"/>
    <testcase time="0.00699999999994816" classname="TESTING_datachk" name="Check_TESTING_dataset"/>
    <testcase time="0.00599999999997181" classname="TESTING_datachk" name="Check_TESTING_dataset"/>
    <testcase time="0.00600000000008549" classname="TESTING_datachk" name="Check_TESTING_dataset"/>
    <testcase time="0.00599999999997181" classname="TESTING_datachk" name="Check_TESTING_dataset"/>
    <testcase time="0.00699999999994816" classname="TESTING_datachk" name="Check_TESTING_dataset"/>
    <testcase time="0.263000000000034" classname="TESTING_datachk" name="Check_TESTING_dataset"/>
    <testcase time="0.00699999999994816" classname="TESTING_datachk" name="Check_TESTING_dataset"/>
    <testcase time="0.00700000000006185" classname="TESTING_datachk" name="Check_TESTING_dataset"/>
    <testcase time="0.00599999999997181" classname="TESTING_datachk" name="Check_TESTING_dataset"/>
    <testcase time="0.00700000000006185" classname="TESTING_datachk" name="Check_TESTING_dataset"/>
    <testcase time="0.00699999999994816" classname="TESTING_datachk" name="Check_TESTING_dataset"/>
    <testcase time="0.00699999999994816" classname="TESTING_datachk" name="Check_TESTING_dataset"/>
    <testcase time="0.00700000000006185" classname="TESTING_datachk" name="Check_TESTING_dataset"/>
    <testcase time="0.00699999999994816" classname="TESTING_datachk" name="Check_TESTING_dataset"/>
  </testsuite>
  <testsuite name="TESTING::datachk::shutdown" timestamp="2020-07-06T23:15:18Z" hostname="fv-az14" tests="3" skipped="0" failures="0" errors="0" time="0.274">
    <testcase time="0.272000000000048" classname="TESTING_datachk_shutdown" name="shutdown"/>
    <testcase time="0.000999999999976353" classname="TESTING_datachk_shutdown" name="shutdown"/>
    <testcase time="0.000999999999976353" classname="TESTING_datachk_shutdown" name="shutdown"/>
  </testsuite>
  <testsuite name="TESTING::datachk::done" timestamp="2020-07-06T23:15:19Z" hostname="fv-az14" tests="0" skipped="0" failures="0" errors="0" time="0"/>
  <testsuite name="ds.cor::disc::setup" timestamp="2020-07-06T23:15:19Z" hostname="fv-az14" tests="3" skipped="0" failures="0" errors="0" time="5.045">
    <testcase time="5.04200000000003" classname="ds.cor_disc_setup" name="setup"/>
    <testcase time="0.00200000000006639" classname="ds.cor_disc_setup" name="setup"/>
    <testcase time="0.000999999999976353" classname="ds.cor_disc_setup" name="setup"/>
  </testsuite>
  <testsuite name="ds.cor::disc" timestamp="2020-07-06T23:15:23Z" hostname="fv-az14" tests="33" skipped="2" failures="0" errors="0" time="9.632">
    <testcase time="7.18499999999995" classname="ds.cor_disc" name="simple_D3_setup"/>
    <testcase time="0.000999999999976353" classname="ds.cor_disc" name="simple_D3_setup"/>
    <testcase time="0.00100000000009004" classname="ds.cor_disc" name="simple_D3_setup"/>
    <testcase time="0.000999999999976353" classname="ds.cor_disc" name="simple_D3_setup"/>
    <testcase time="0.000999999999976353" classname="ds.cor_disc" name="simple_D3_setup"/>
    <testcase time="0.000999999999976353" classname="ds.cor_disc" name="simple_D3_setup"/>
    <testcase time="0.00200000000006639" classname="ds.cor_disc" name="simple_D3_setup"/>
    <testcase time="0.000999999999976353" classname="ds.cor_disc" name="simple_D3_setup"/>
    <testcase time="0.000999999999976353" classname="ds.cor_disc" name="simple_D3_setup"/>
    <testcase time="0.000999999999976353" classname="ds.cor_disc" name="simple_D3_setup"/>
    <testcase time="0.00100000000009004" classname="ds.cor_disc" name="simple_D3_setup"/>
    <testcase time="0.00199999999995271" classname="ds.cor_disc" name="simple_D3_setup"/>
    <testcase time="0.000999999999976353" classname="ds.cor_disc" name="simple_D3_setup"/>
    <testcase time="1.20000000000005" classname="ds.cor_disc" name="simple_disc_test_naAction_casewise.complete_type_split_"/>
    <testcase time="0.00199999999995271" classname="ds.cor_disc" name="simple_disc_test_naAction_casewise.complete_type_split_"/>
    <testcase time="0.000999999999976353" classname="ds.cor_disc" name="simple_disc_test_naAction_casewise.complete_type_split_"/>
    <testcase time="0.00200000000006639" classname="ds.cor_disc" name="simple_disc_test_naAction_casewise.complete_type_split_"/>
    <testcase time="0.000999999999976353" classname="ds.cor_disc" name="simple_disc_test_naAction_casewise.complete_type_split_"/>
    <testcase time="0.000999999999976353" classname="ds.cor_disc" name="simple_disc_test_naAction_casewise.complete_type_split_"/>
    <testcase time="0.00200000000006639" classname="ds.cor_disc" name="simple_disc_test_naAction_casewise.complete_type_split_"/>
    <testcase time="0.000999999999976353" classname="ds.cor_disc" name="simple_disc_test_naAction_casewise.complete_type_split_"/>
    <testcase time="0.000999999999976353" classname="ds.cor_disc" name="simple_disc_test_naAction_casewise.complete_type_split_"/>
    <testcase time="0.00199999999995271" classname="ds.cor_disc" name="simple_disc_test_naAction_casewise.complete_type_split_"/>
    <testcase time="0.00200000000006639" classname="ds.cor_disc" name="simple_disc_test_naAction_pairwise.complete_type_split_">
      <skipped/>
    </testcase>
    <testcase time="1.20600000000002" classname="ds.cor_disc" name="simple_disc_test_naAction_casewise.complete_type_combine_"/>
    <testcase time="0.000999999999976353" classname="ds.cor_disc" name="simple_disc_test_naAction_casewise.complete_type_combine_"/>
    <testcase time="0.00199999999995271" classname="ds.cor_disc" name="simple_disc_test_naAction_casewise.complete_type_combine_"/>
    <testcase time="0.00100000000009004" classname="ds.cor_disc" name="simple_disc_test_naAction_casewise.complete_type_combine_"/>
    <testcase time="0.00199999999995271" classname="ds.cor_disc" name="simple_disc_test_naAction_casewise.complete_type_combine_"/>
    <testcase time="0.00199999999995271" classname="ds.cor_disc" name="simple_disc_test_naAction_casewise.complete_type_combine_"/>
    <testcase time="0.00100000000009004" classname="ds.cor_disc" name="simple_disc_test_naAction_casewise.complete_type_combine_"/>
    <testcase time="0.00199999999995271" classname="ds.cor_disc" name="simple_disc_test_naAction_casewise.complete_type_combine_"/>
    <testcase time="0.000999999999976353" classname="ds.cor_disc" name="simple_disc_test_naAction_pairwise.complete_type_combine_">
      <skipped/>
    </testcase>
  </testsuite>
  <testsuite name="ds.cor::disc::shutdown" timestamp="2020-07-06T23:15:33Z" hostname="fv-az14" tests="3" skipped="0" failures="0" errors="0" time="0.271">
    <testcase time="0.269000000000005" classname="ds.cor_disc_shutdown" name="shutdown"/>
    <testcase time="0.000999999999976353" classname="ds.cor_disc_shutdown" name="shutdown"/>
    <testcase time="0.00100000000009004" classname="ds.cor_disc_shutdown" name="shutdown"/>
  </testsuite>
  <testsuite name="ds.cor::disc::done" timestamp="2020-07-06T23:15:34Z" hostname="fv-az14" tests="0" skipped="0" failures="0" errors="0" time="0"/>
  <testsuite name="ds.cov::disc::setup" timestamp="2020-07-06T23:15:34Z" hostname="fv-az14" tests="3" skipped="0" failures="0" errors="0" time="5.085">
    <testcase time="5.08299999999997" classname="ds.cov_disc_setup" name="setup"/>
    <testcase time="0.000999999999976353" classname="ds.cov_disc_setup" name="setup"/>
    <testcase time="0.000999999999976353" classname="ds.cov_disc_setup" name="setup"/>
  </testsuite>
  <testsuite name="ds.cov::disc" timestamp="2020-07-06T23:15:38Z" hostname="fv-az14" tests="33" skipped="2" failures="0" errors="0" time="9.521">
    <testcase time="7.09199999999998" classname="ds.cov_disc" name="simple_D3_setup"/>
    <testcase time="0.00200000000006639" classname="ds.cov_disc" name="simple_D3_setup"/>
    <testcase time="0.000999999999976353" classname="ds.cov_disc" name="simple_D3_setup"/>
    <testcase time="0.000999999999976353" classname="ds.cov_disc" name="simple_D3_setup"/>
    <testcase time="0.000999999999976353" classname="ds.cov_disc" name="simple_D3_setup"/>
    <testcase time="0.00100000000009004" classname="ds.cov_disc" name="simple_D3_setup"/>
    <testcase time="0.000999999999976353" classname="ds.cov_disc" name="simple_D3_setup"/>
    <testcase time="0.000999999999976353" classname="ds.cov_disc" name="simple_D3_setup"/>
    <testcase time="0.00199999999995271" classname="ds.cov_disc" name="simple_D3_setup"/>
    <testcase time="0.00100000000009004" classname="ds.cov_disc" name="simple_D3_setup"/>
    <testcase time="0.000999999999976353" classname="ds.cov_disc" name="simple_D3_setup"/>
    <testcase time="0.000999999999976353" classname="ds.cov_disc" name="simple_D3_setup"/>
    <testcase time="0.00199999999995271" classname="ds.cov_disc" name="simple_D3_setup"/>
    <testcase time="1.19800000000009" classname="ds.cov_disc" name="simple_disc_test_naAction_casewise.complete_type_split_"/>
    <testcase time="0.00199999999995271" classname="ds.cov_disc" name="simple_disc_test_naAction_casewise.complete_type_split_"/>
    <testcase time="0.000999999999976353" classname="ds.cov_disc" name="simple_disc_test_naAction_casewise.complete_type_split_"/>
    <testcase time="0.00200000000006639" classname="ds.cov_disc" name="simple_disc_test_naAction_casewise.complete_type_split_"/>
    <testcase time="0.000999999999976353" classname="ds.cov_disc" name="simple_disc_test_naAction_casewise.complete_type_split_"/>
    <testcase time="0.000999999999976353" classname="ds.cov_disc" name="simple_disc_test_naAction_casewise.complete_type_split_"/>
    <testcase time="0.00200000000006639" classname="ds.cov_disc" name="simple_disc_test_naAction_casewise.complete_type_split_"/>
    <testcase time="0.000999999999976353" classname="ds.cov_disc" name="simple_disc_test_naAction_casewise.complete_type_split_"/>
    <testcase time="0.000999999999976353" classname="ds.cov_disc" name="simple_disc_test_naAction_casewise.complete_type_split_"/>
    <testcase time="0.00199999999995271" classname="ds.cov_disc" name="simple_disc_test_naAction_casewise.complete_type_split_"/>
    <testcase time="0.00100000000009004" classname="ds.cov_disc" name="simple_disc_test_naAction_pairwise.complete_type_split_">
      <skipped/>
    </testcase>
    <testcase time="1.18899999999996" classname="ds.cov_disc" name="simple_disc_test_naAction_casewise.complete_type_combine_"/>
    <testcase time="0.000999999999976353" classname="ds.cov_disc" name="simple_disc_test_naAction_casewise.complete_type_combine_"/>
    <testcase time="0.00200000000006639" classname="ds.cov_disc" name="simple_disc_test_naAction_casewise.complete_type_combine_"/>
    <testcase time="0.000999999999976353" classname="ds.cov_disc" name="simple_disc_test_naAction_casewise.complete_type_combine_"/>
    <testcase time="0.00199999999995271" classname="ds.cov_disc" name="simple_disc_test_naAction_casewise.complete_type_combine_"/>
    <testcase time="0.00200000000006639" classname="ds.cov_disc" name="simple_disc_test_naAction_casewise.complete_type_combine_"/>
    <testcase time="0.000999999999976353" classname="ds.cov_disc" name="simple_disc_test_naAction_casewise.complete_type_combine_"/>
    <testcase time="0.00199999999995271" classname="ds.cov_disc" name="simple_disc_test_naAction_casewise.complete_type_combine_"/>
    <testcase time="0.00200000000006639" classname="ds.cov_disc" name="simple_disc_test_naAction_pairwise.complete_type_combine_">
      <skipped/>
    </testcase>
  </testsuite>
  <testsuite name="ds.cov::disc::shutdown" timestamp="2020-07-06T23:15:48Z" hostname="fv-az14" tests="3" skipped="0" failures="0" errors="0" time="0.266">
    <testcase time="0.26400000000001" classname="ds.cov_disc_shutdown" name="shutdown"/>
    <testcase time="0.000999999999976353" classname="ds.cov_disc_shutdown" name="shutdown"/>
    <testcase time="0.000999999999976353" classname="ds.cov_disc_shutdown" name="shutdown"/>
  </testsuite>
  <testsuite name="ds.cov::disc::done" timestamp="2020-07-06T23:15:49Z" hostname="fv-az14" tests="0" skipped="0" failures="0" errors="0" time="0"/>
  <testsuite name="ds.levels::disc::setup" timestamp="2020-07-06T23:15:49Z" hostname="fv-az14" tests="3" skipped="0" failures="0" errors="0" time="4.978">
    <testcase time="4.976" classname="ds.levels_disc_setup" name="setup"/>
    <testcase time="0.000999999999976353" classname="ds.levels_disc_setup" name="setup"/>
    <testcase time="0.000999999999976353" classname="ds.levels_disc_setup" name="setup"/>
  </testsuite>
  <testsuite name="ds.levels::disc" timestamp="2020-07-06T23:15:53Z" hostname="fv-az14" tests="1" skipped="1" failures="0" errors="0" time="0.006">
    <testcase time="0.00600000000008549" classname="ds.levels_disc" name="simple_levels">
      <skipped/>
    </testcase>
  </testsuite>
  <testsuite name="ds.levels::disc::shutdown" timestamp="2020-07-06T23:15:53Z" hostname="fv-az14" tests="3" skipped="0" failures="0" errors="0" time="0.264">
    <testcase time="0.261999999999944" classname="ds.levels_disc_shutdown" name="shutdown"/>
    <testcase time="0.000999999999976353" classname="ds.levels_disc_shutdown" name="shutdown"/>
    <testcase time="0.00100000000009004" classname="ds.levels_disc_shutdown" name="shutdown"/>
  </testsuite>
  <testsuite name="ds.levels::disc::done" timestamp="2020-07-06T23:15:54Z" hostname="fv-az14" tests="0" skipped="0" failures="0" errors="0" time="0"/>
  <testsuite name="ds.meanByClass::disc::setup" timestamp="2020-07-06T23:15:54Z" hostname="fv-az14" tests="0" skipped="0" failures="0" errors="0" time="0"/>
  <testsuite name="ds.meanByClass::disc::test errors" timestamp="2020-07-06T23:15:58Z" hostname="fv-az14" tests="1" skipped="1" failures="0" errors="0" time="4.824">
    <testcase time="4.82399999999996" classname="ds.meanByClass_disc_test_errors" name="meanByClass_erros">
      <skipped/>
    </testcase>
  </testsuite>
  <testsuite name="ds.meanByClass::disc::teardown" timestamp="2020-07-06T23:15:58Z" hostname="fv-az14" tests="0" skipped="0" failures="0" errors="0" time="0"/>
  <testsuite name="ds.meanByClass::disc::done" timestamp="2020-07-06T23:15:59Z" hostname="fv-az14" tests="0" skipped="0" failures="0" errors="0" time="0"/>
  <testsuite name="ds.mean::disc::type=both" timestamp="2020-07-06T23:16:03Z" hostname="fv-az14" tests="1" skipped="1" failures="0" errors="0" time="4.737">
    <testcase time="4.73699999999997" classname="ds.mean_disc_type_both" name="mean_values_both_">
      <skipped/>
    </testcase>
  </testsuite>
  <testsuite name="ds.rm::disc" timestamp="2020-07-06T23:16:08Z" hostname="fv-az14" tests="31" skipped="0" failures="0" errors="0" time="5.801">
    <testcase time="4.98900000000003" classname="ds.rm_disc" name="justovertest"/>
    <testcase time="0.000999999999976353" classname="ds.rm_disc" name="justovertest"/>
    <testcase time="0.000999999999976353" classname="ds.rm_disc" name="justovertest"/>
    <testcase time="0.00100000000009004" classname="ds.rm_disc" name="justovertest"/>
    <testcase time="0.000999999999976353" classname="ds.rm_disc" name="justovertest"/>
    <testcase time="0.000999999999976353" classname="ds.rm_disc" name="justovertest"/>
    <testcase time="0.00199999999995271" classname="ds.rm_disc" name="justovertest"/>
    <testcase time="0.257000000000062" classname="ds.rm_disc" name="justovertest"/>
    <testcase time="0.000999999999976353" classname="ds.rm_disc" name="justovertest"/>
    <testcase time="0.00199999999995271" classname="ds.rm_disc" name="justovertest"/>
    <testcase time="0.00100000000009004" classname="ds.rm_disc" name="justovertest"/>
    <testcase time="0.000999999999976353" classname="ds.rm_disc" name="justovertest"/>
    <testcase time="0.000999999999976353" classname="ds.rm_disc" name="justovertest"/>
    <testcase time="0.00200000000006639" classname="ds.rm_disc" name="justovertest"/>
    <testcase time="0.000999999999976353" classname="ds.rm_disc" name="justovertest"/>
    <testcase time="0.000999999999976353" classname="ds.rm_disc" name="justovertest"/>
    <testcase time="0.000999999999976353" classname="ds.rm_disc" name="justovertest"/>
    <testcase time="0.258000000000038" classname="ds.rm_disc" name="simple_test"/>
    <testcase time="0.000999999999976353" classname="ds.rm_disc" name="simple_test"/>
    <testcase time="0.00199999999995271" classname="ds.rm_disc" name="simple_test"/>
    <testcase time="0.00100000000009004" classname="ds.rm_disc" name="simple_test"/>
    <testcase time="0.000999999999976353" classname="ds.rm_disc" name="simple_test"/>
    <testcase time="0.00199999999995271" classname="ds.rm_disc" name="simple_test"/>
    <testcase time="0.000999999999976353" classname="ds.rm_disc" name="simple_test"/>
    <testcase time="0.261000000000081" classname="ds.rm_disc" name="simple_test"/>
    <testcase time="0.00199999999995271" classname="ds.rm_disc" name="simple_test"/>
    <testcase time="0.00200000000006639" classname="ds.rm_disc" name="simple_test"/>
    <testcase time="0.000999999999976353" classname="ds.rm_disc" name="simple_test"/>
    <testcase time="0.00199999999995271" classname="ds.rm_disc" name="simple_test"/>
    <testcase time="0.000999999999976353" classname="ds.rm_disc" name="simple_test"/>
    <testcase time="0.00200000000006639" classname="ds.rm_disc" name="simple_test"/>
  </testsuite>
  <testsuite name="ds.sample::disc::setup" timestamp="2020-07-06T23:16:09Z" hostname="fv-az14" tests="0" skipped="0" failures="0" errors="0" time="0"/>
  <testsuite name="ds.sample::disc::test disclosure" timestamp="2020-07-06T23:16:13Z" hostname="fv-az14" tests="35" skipped="0" failures="0" errors="0" time="12.39">
    <testcase time="6.245" classname="ds.sample_disc_test_disclosure" name="cov_erros"/>
    <testcase time="0.00199999999995271" classname="ds.sample_disc_test_disclosure" name="cov_erros"/>
    <testcase time="0.000999999999976353" classname="ds.sample_disc_test_disclosure" name="cov_erros"/>
    <testcase time="0.00100000000009004" classname="ds.sample_disc_test_disclosure" name="cov_erros"/>
    <testcase time="0.000999999999976353" classname="ds.sample_disc_test_disclosure" name="cov_erros"/>
    <testcase time="0.000999999999976353" classname="ds.sample_disc_test_disclosure" name="cov_erros"/>
    <testcase time="0.000999999999976353" classname="ds.sample_disc_test_disclosure" name="cov_erros"/>
    <testcase time="1.48199999999997" classname="ds.sample_disc_test_disclosure" name="cov_erros"/>
    <testcase time="0.00200000000006639" classname="ds.sample_disc_test_disclosure" name="cov_erros"/>
    <testcase time="0.000999999999976353" classname="ds.sample_disc_test_disclosure" name="cov_erros"/>
    <testcase time="0.000999999999976353" classname="ds.sample_disc_test_disclosure" name="cov_erros"/>
    <testcase time="0.00100000000009004" classname="ds.sample_disc_test_disclosure" name="cov_erros"/>
    <testcase time="0.00199999999995271" classname="ds.sample_disc_test_disclosure" name="cov_erros"/>
    <testcase time="0.000999999999976353" classname="ds.sample_disc_test_disclosure" name="cov_erros"/>
    <testcase time="1.47400000000005" classname="ds.sample_disc_test_disclosure" name="cov_erros"/>
    <testcase time="0.00199999999995271" classname="ds.sample_disc_test_disclosure" name="cov_erros"/>
    <testcase time="0.000999999999976353" classname="ds.sample_disc_test_disclosure" name="cov_erros"/>
    <testcase time="0.00100000000009004" classname="ds.sample_disc_test_disclosure" name="cov_erros"/>
    <testcase time="0.00199999999995271" classname="ds.sample_disc_test_disclosure" name="cov_erros"/>
    <testcase time="0.000999999999976353" classname="ds.sample_disc_test_disclosure" name="cov_erros"/>
    <testcase time="0.00200000000006639" classname="ds.sample_disc_test_disclosure" name="cov_erros"/>
    <testcase time="1.61000000000001" classname="ds.sample_disc_test_disclosure" name="cov_erros"/>
    <testcase time="0.00199999999995271" classname="ds.sample_disc_test_disclosure" name="cov_erros"/>
    <testcase time="0.000999999999976353" classname="ds.sample_disc_test_disclosure" name="cov_erros"/>
    <testcase time="0.000999999999976353" classname="ds.sample_disc_test_disclosure" name="cov_erros"/>
    <testcase time="0.00200000000006639" classname="ds.sample_disc_test_disclosure" name="cov_erros"/>
    <testcase time="0.000999999999976353" classname="ds.sample_disc_test_disclosure" name="cov_erros"/>
    <testcase time="0.00199999999995271" classname="ds.sample_disc_test_disclosure" name="cov_erros"/>
    <testcase time="1.53600000000006" classname="ds.sample_disc_test_disclosure" name="cov_erros"/>
    <testcase time="0.00199999999995271" classname="ds.sample_disc_test_disclosure" name="cov_erros"/>
    <testcase time="0.000999999999976353" classname="ds.sample_disc_test_disclosure" name="cov_erros"/>
    <testcase time="0.00200000000006639" classname="ds.sample_disc_test_disclosure" name="cov_erros"/>
    <testcase time="0.00199999999995271" classname="ds.sample_disc_test_disclosure" name="cov_erros"/>
    <testcase time="0.00100000000009004" classname="ds.sample_disc_test_disclosure" name="cov_erros"/>
    <testcase time="0.00199999999995271" classname="ds.sample_disc_test_disclosure" name="cov_erros"/>
  </testsuite>
  <testsuite name="ds.sample::disc::shutdown" timestamp="2020-07-06T23:16:21Z" hostname="fv-az14" tests="0" skipped="0" failures="0" errors="0" time="0"/>
  <testsuite name="ds.sample::disc::done" timestamp="2020-07-06T23:16:22Z" hostname="fv-az14" tests="0" skipped="0" failures="0" errors="0" time="0"/>
  <testsuite name="ds.table::disc::setup" timestamp="2020-07-06T23:16:22Z" hostname="fv-az14" tests="0" skipped="0" failures="0" errors="0" time="0"/>
  <testsuite name="ds.table::disc::tests" timestamp="2020-07-06T23:16:26Z" hostname="fv-az14" tests="7" skipped="0" failures="0" errors="0" time="9.953">
    <testcase time="9.94600000000003" classname="ds.table_disc_tests" name="table_disclosure"/>
    <testcase time="0.000999999999976353" classname="ds.table_disc_tests" name="table_disclosure"/>
    <testcase time="0.000999999999976353" classname="ds.table_disc_tests" name="table_disclosure"/>
    <testcase time="0.00200000000006639" classname="ds.table_disc_tests" name="table_disclosure"/>
    <testcase time="0.000999999999976353" classname="ds.table_disc_tests" name="table_disclosure"/>
    <testcase time="0.000999999999976353" classname="ds.table_disc_tests" name="table_disclosure"/>
    <testcase time="0.000999999999976353" classname="ds.table_disc_tests" name="table_disclosure"/>
  </testsuite>
  <testsuite name="ds.table::disc::shutdown" timestamp="2020-07-06T23:16:31Z" hostname="fv-az14" tests="0" skipped="0" failures="0" errors="0" time="0"/>
  <testsuite name="ds.table::disc::done" timestamp="2020-07-06T23:16:31Z" hostname="fv-az14" tests="0" skipped="0" failures="0" errors="0" time="0"/>
  <testsuite name="ds.var::disc::type=both" timestamp="2020-07-06T23:16:36Z" hostname="fv-az14" tests="1" skipped="1" failures="0" errors="0" time="4.759">
    <testcase time="4.75900000000001" classname="ds.var_disc_type_both" name="var_values_both_">
      <skipped/>
    </testcase>
  </testsuite>
  <testsuite name="ds.dataFrame::expt::setup" timestamp="2020-07-06T23:16:36Z" hostname="fv-az14" tests="0" skipped="0" failures="0" errors="0" time="0"/>
  <testsuite name="ds.dataFrame::expt::one_column::single" timestamp="2020-07-06T23:16:36Z" hostname="fv-az14" tests="24" skipped="0" failures="0" errors="0" time="22.255">
    <testcase time="5.91100000000006" classname="ds.dataFrame_expt_one_column_single" name="numeric_data"/>
    <testcase time="0.00199999999995271" classname="ds.dataFrame_expt_one_column_single" name="numeric_data"/>
    <testcase time="0.000999999999976353" classname="ds.dataFrame_expt_one_column_single" name="numeric_data"/>
    <testcase time="2.32100000000003" classname="ds.dataFrame_expt_one_column_single" name="numeric_data"/>
    <testcase time="0.000999999999976353" classname="ds.dataFrame_expt_one_column_single" name="numeric_data"/>
    <testcase time="0.00200000000006639" classname="ds.dataFrame_expt_one_column_single" name="numeric_data"/>
    <testcase time="2.32599999999991" classname="ds.dataFrame_expt_one_column_single" name="numeric_data"/>
    <testcase time="0.00100000000009004" classname="ds.dataFrame_expt_one_column_single" name="numeric_data"/>
    <testcase time="0.000999999999976353" classname="ds.dataFrame_expt_one_column_single" name="numeric_data"/>
    <testcase time="2.31600000000003" classname="ds.dataFrame_expt_one_column_single" name="numeric_data"/>
    <testcase time="0.00199999999995271" classname="ds.dataFrame_expt_one_column_single" name="numeric_data"/>
    <testcase time="0.000999999999976353" classname="ds.dataFrame_expt_one_column_single" name="numeric_data"/>
    <testcase time="2.32299999999998" classname="ds.dataFrame_expt_one_column_single" name="numeric_data"/>
    <testcase time="0.00100000000009004" classname="ds.dataFrame_expt_one_column_single" name="numeric_data"/>
    <testcase time="0.00199999999995271" classname="ds.dataFrame_expt_one_column_single" name="numeric_data"/>
    <testcase time="2.37199999999996" classname="ds.dataFrame_expt_one_column_single" name="numeric_data"/>
    <testcase time="0.00100000000009004" classname="ds.dataFrame_expt_one_column_single" name="numeric_data"/>
    <testcase time="0.00199999999995271" classname="ds.dataFrame_expt_one_column_single" name="numeric_data"/>
    <testcase time="2.322" classname="ds.dataFrame_expt_one_column_single" name="numeric_data"/>
    <testcase time="0.00199999999995271" classname="ds.dataFrame_expt_one_column_single" name="numeric_data"/>
    <testcase time="0.00100000000009004" classname="ds.dataFrame_expt_one_column_single" name="numeric_data"/>
    <testcase time="2.34099999999989" classname="ds.dataFrame_expt_one_column_single" name="numeric_data"/>
    <testcase time="0.00200000000006639" classname="ds.dataFrame_expt_one_column_single" name="numeric_data"/>
    <testcase time="0.000999999999976353" classname="ds.dataFrame_expt_one_column_single" name="numeric_data"/>
  </testsuite>
  <testsuite name="ds.dataFrame::expt::several_columns::single" timestamp="2020-07-06T23:16:58Z" hostname="fv-az14" tests="12" skipped="0" failures="0" errors="0" time="9.225">
    <testcase time="6.173" classname="ds.dataFrame_expt_several_columns_single" name="numeric_data"/>
    <testcase time="0.000999999999976353" classname="ds.dataFrame_expt_several_columns_single" name="numeric_data"/>
    <testcase time="0.000999999999976353" classname="ds.dataFrame_expt_several_columns_single" name="numeric_data"/>
    <testcase time="0.00100000000009004" classname="ds.dataFrame_expt_several_columns_single" name="numeric_data"/>
    <testcase time="0.000999999999976353" classname="ds.dataFrame_expt_several_columns_single" name="numeric_data"/>
    <testcase time="0.000999999999976353" classname="ds.dataFrame_expt_several_columns_single" name="numeric_data"/>
    <testcase time="3.04100000000005" classname="ds.dataFrame_expt_several_columns_single" name="numeric_data"/>
    <testcase time="0.000999999999976353" classname="ds.dataFrame_expt_several_columns_single" name="numeric_data"/>
    <testcase time="0.00199999999995271" classname="ds.dataFrame_expt_several_columns_single" name="numeric_data"/>
    <testcase time="0.000999999999976353" classname="ds.dataFrame_expt_several_columns_single" name="numeric_data"/>
    <testcase time="0.00100000000009004" classname="ds.dataFrame_expt_several_columns_single" name="numeric_data"/>
    <testcase time="0.000999999999976353" classname="ds.dataFrame_expt_several_columns_single" name="numeric_data"/>
  </testsuite>
  <testsuite name="ds.dataFrame::expt::one_column::multiple" timestamp="2020-07-06T23:17:07Z" hostname="fv-az14" tests="40" skipped="0" failures="0" errors="0" time="35.588">
    <testcase time="8.34699999999998" classname="ds.dataFrame_expt_one_column_multiple" name="numeric_data"/>
    <testcase time="0.000999999999976353" classname="ds.dataFrame_expt_one_column_multiple" name="numeric_data"/>
    <testcase time="0.000999999999976353" classname="ds.dataFrame_expt_one_column_multiple" name="numeric_data"/>
    <testcase time="0.00100000000009004" classname="ds.dataFrame_expt_one_column_multiple" name="numeric_data"/>
    <testcase time="0.000999999999976353" classname="ds.dataFrame_expt_one_column_multiple" name="numeric_data"/>
    <testcase time="3.89999999999998" classname="ds.dataFrame_expt_one_column_multiple" name="numeric_data"/>
    <testcase time="0.000999999999976353" classname="ds.dataFrame_expt_one_column_multiple" name="numeric_data"/>
    <testcase time="0.00200000000006639" classname="ds.dataFrame_expt_one_column_multiple" name="numeric_data"/>
    <testcase time="0.000999999999976353" classname="ds.dataFrame_expt_one_column_multiple" name="numeric_data"/>
    <testcase time="0.000999999999976353" classname="ds.dataFrame_expt_one_column_multiple" name="numeric_data"/>
    <testcase time="3.86699999999996" classname="ds.dataFrame_expt_one_column_multiple" name="numeric_data"/>
    <testcase time="0.00100000000009004" classname="ds.dataFrame_expt_one_column_multiple" name="numeric_data"/>
    <testcase time="0.000999999999976353" classname="ds.dataFrame_expt_one_column_multiple" name="numeric_data"/>
    <testcase time="0.00199999999995271" classname="ds.dataFrame_expt_one_column_multiple" name="numeric_data"/>
    <testcase time="0.00100000000009004" classname="ds.dataFrame_expt_one_column_multiple" name="numeric_data"/>
    <testcase time="3.86699999999996" classname="ds.dataFrame_expt_one_column_multiple" name="numeric_data"/>
    <testcase time="0.00199999999995271" classname="ds.dataFrame_expt_one_column_multiple" name="numeric_data"/>
    <testcase time="0.000999999999976353" classname="ds.dataFrame_expt_one_column_multiple" name="numeric_data"/>
    <testcase time="0.00100000000009004" classname="ds.dataFrame_expt_one_column_multiple" name="numeric_data"/>
    <testcase time="0.00199999999995271" classname="ds.dataFrame_expt_one_column_multiple" name="numeric_data"/>
    <testcase time="3.87300000000005" classname="ds.dataFrame_expt_one_column_multiple" name="numeric_data"/>
    <testcase time="0.000999999999976353" classname="ds.dataFrame_expt_one_column_multiple" name="numeric_data"/>
    <testcase time="0.00199999999995271" classname="ds.dataFrame_expt_one_column_multiple" name="numeric_data"/>
    <testcase time="0.00100000000009004" classname="ds.dataFrame_expt_one_column_multiple" name="numeric_data"/>
    <testcase time="0.00199999999995271" classname="ds.dataFrame_expt_one_column_multiple" name="numeric_data"/>
    <testcase time="3.93899999999996" classname="ds.dataFrame_expt_one_column_multiple" name="numeric_data"/>
    <testcase time="0.00200000000006639" classname="ds.dataFrame_expt_one_column_multiple" name="numeric_data"/>
    <testcase time="0.00199999999995271" classname="ds.dataFrame_expt_one_column_multiple" name="numeric_data"/>
    <testcase time="0.000999999999976353" classname="ds.dataFrame_expt_one_column_multiple" name="numeric_data"/>
    <testcase time="0.00200000000006639" classname="ds.dataFrame_expt_one_column_multiple" name="numeric_data"/>
    <testcase time="3.88400000000001" classname="ds.dataFrame_expt_one_column_multiple" name="numeric_data"/>
    <testcase time="0.000999999999976353" classname="ds.dataFrame_expt_one_column_multiple" name="numeric_data"/>
    <testcase time="0.000999999999976353" classname="ds.dataFrame_expt_one_column_multiple" name="numeric_data"/>
    <testcase time="0.00200000000006639" classname="ds.dataFrame_expt_one_column_multiple" name="numeric_data"/>
    <testcase time="0.000999999999976353" classname="ds.dataFrame_expt_one_column_multiple" name="numeric_data"/>
    <testcase time="3.86599999999999" classname="ds.dataFrame_expt_one_column_multiple" name="numeric_data"/>
    <testcase time="0.00199999999995271" classname="ds.dataFrame_expt_one_column_multiple" name="numeric_data"/>
    <testcase time="0.00200000000006639" classname="ds.dataFrame_expt_one_column_multiple" name="numeric_data"/>
    <testcase time="0.000999999999976353" classname="ds.dataFrame_expt_one_column_multiple" name="numeric_data"/>
    <testcase time="0.00199999999995271" classname="ds.dataFrame_expt_one_column_multiple" name="numeric_data"/>
  </testsuite>
  <testsuite name="ds.dataFrame::expt::several_columns::single" timestamp="2020-07-06T23:17:43Z" hostname="fv-az14" tests="16" skipped="0" failures="0" errors="0" time="16.755">
    <testcase time="10.774" classname="ds.dataFrame_expt_several_columns_single" name="numeric_data"/>
    <testcase time="0.00200000000006639" classname="ds.dataFrame_expt_several_columns_single" name="numeric_data"/>
    <testcase time="0.000999999999976353" classname="ds.dataFrame_expt_several_columns_single" name="numeric_data"/>
    <testcase time="0.000999999999976353" classname="ds.dataFrame_expt_several_columns_single" name="numeric_data"/>
    <testcase time="0.000999999999976353" classname="ds.dataFrame_expt_several_columns_single" name="numeric_data"/>
    <testcase time="0.00100000000009004" classname="ds.dataFrame_expt_several_columns_single" name="numeric_data"/>
    <testcase time="0.000999999999976353" classname="ds.dataFrame_expt_several_columns_single" name="numeric_data"/>
    <testcase time="0.000999999999976353" classname="ds.dataFrame_expt_several_columns_single" name="numeric_data"/>
    <testcase time="5.96400000000006" classname="ds.dataFrame_expt_several_columns_single" name="numeric_data"/>
    <testcase time="0.000999999999976353" classname="ds.dataFrame_expt_several_columns_single" name="numeric_data"/>
    <testcase time="0.00199999999995271" classname="ds.dataFrame_expt_several_columns_single" name="numeric_data"/>
    <testcase time="0.000999999999976353" classname="ds.dataFrame_expt_several_columns_single" name="numeric_data"/>
    <testcase time="0.00100000000009004" classname="ds.dataFrame_expt_several_columns_single" name="numeric_data"/>
    <testcase time="0.000999999999976353" classname="ds.dataFrame_expt_several_columns_single" name="numeric_data"/>
    <testcase time="0.00199999999995271" classname="ds.dataFrame_expt_several_columns_single" name="numeric_data"/>
    <testcase time="0.000999999999976353" classname="ds.dataFrame_expt_several_columns_single" name="numeric_data"/>
  </testsuite>
  <testsuite name="ds.dataFrame::expt::one_column_from_objects::single" timestamp="2020-07-06T23:18:00Z" hostname="fv-az14" tests="16" skipped="0" failures="0" errors="0" time="22.132">
    <testcase time="5.75600000000009" classname="ds.dataFrame_expt_one_column_from_objects_single" name="numeric_data"/>
    <testcase time="0.000999999999976353" classname="ds.dataFrame_expt_one_column_from_objects_single" name="numeric_data"/>
    <testcase time="2.33000000000004" classname="ds.dataFrame_expt_one_column_from_objects_single" name="numeric_data"/>
    <testcase time="0.00199999999995271" classname="ds.dataFrame_expt_one_column_from_objects_single" name="numeric_data"/>
    <testcase time="2.33000000000004" classname="ds.dataFrame_expt_one_column_from_objects_single" name="numeric_data"/>
    <testcase time="0.000999999999976353" classname="ds.dataFrame_expt_one_column_from_objects_single" name="numeric_data"/>
    <testcase time="2.32299999999998" classname="ds.dataFrame_expt_one_column_from_objects_single" name="numeric_data"/>
    <testcase time="0.00199999999995271" classname="ds.dataFrame_expt_one_column_from_objects_single" name="numeric_data"/>
    <testcase time="2.33000000000004" classname="ds.dataFrame_expt_one_column_from_objects_single" name="numeric_data"/>
    <testcase time="0.000999999999976353" classname="ds.dataFrame_expt_one_column_from_objects_single" name="numeric_data"/>
    <testcase time="2.36800000000005" classname="ds.dataFrame_expt_one_column_from_objects_single" name="numeric_data"/>
    <testcase time="0.000999999999976353" classname="ds.dataFrame_expt_one_column_from_objects_single" name="numeric_data"/>
    <testcase time="2.346" classname="ds.dataFrame_expt_one_column_from_objects_single" name="numeric_data"/>
    <testcase time="0.000999999999976353" classname="ds.dataFrame_expt_one_column_from_objects_single" name="numeric_data"/>
    <testcase time="2.33799999999997" classname="ds.dataFrame_expt_one_column_from_objects_single" name="numeric_data"/>
    <testcase time="0.00200000000006639" classname="ds.dataFrame_expt_one_column_from_objects_single" name="numeric_data"/>
  </testsuite>
  <testsuite name="ds.dataFrame::expt::object::multiple" timestamp="2020-07-06T23:18:22Z" hostname="fv-az14" tests="32" skipped="0" failures="0" errors="0" time="32.319">
    <testcase time="7.95500000000004" classname="ds.dataFrame_expt_object_multiple" name="numeric_data"/>
    <testcase time="0.000999999999976353" classname="ds.dataFrame_expt_object_multiple" name="numeric_data"/>
    <testcase time="0.000999999999976353" classname="ds.dataFrame_expt_object_multiple" name="numeric_data"/>
    <testcase time="0.000999999999976353" classname="ds.dataFrame_expt_object_multiple" name="numeric_data"/>
    <testcase time="3.46000000000004" classname="ds.dataFrame_expt_object_multiple" name="numeric_data"/>
    <testcase time="0.00199999999995271" classname="ds.dataFrame_expt_object_multiple" name="numeric_data"/>
    <testcase time="0.000999999999976353" classname="ds.dataFrame_expt_object_multiple" name="numeric_data"/>
    <testcase time="0.00100000000009004" classname="ds.dataFrame_expt_object_multiple" name="numeric_data"/>
    <testcase time="3.447" classname="ds.dataFrame_expt_object_multiple" name="numeric_data"/>
    <testcase time="0.00199999999995271" classname="ds.dataFrame_expt_object_multiple" name="numeric_data"/>
    <testcase time="0.000999999999976353" classname="ds.dataFrame_expt_object_multiple" name="numeric_data"/>
    <testcase time="0.000999999999976353" classname="ds.dataFrame_expt_object_multiple" name="numeric_data"/>
    <testcase time="3.47500000000002" classname="ds.dataFrame_expt_object_multiple" name="numeric_data"/>
    <testcase time="0.00200000000006639" classname="ds.dataFrame_expt_object_multiple" name="numeric_data"/>
    <testcase time="0.000999999999976353" classname="ds.dataFrame_expt_object_multiple" name="numeric_data"/>
    <testcase time="0.000999999999976353" classname="ds.dataFrame_expt_object_multiple" name="numeric_data"/>
    <testcase time="3.45100000000002" classname="ds.dataFrame_expt_object_multiple" name="numeric_data"/>
    <testcase time="0.000999999999976353" classname="ds.dataFrame_expt_object_multiple" name="numeric_data"/>
    <testcase time="0.000999999999976353" classname="ds.dataFrame_expt_object_multiple" name="numeric_data"/>
    <testcase time="0.00200000000006639" classname="ds.dataFrame_expt_object_multiple" name="numeric_data"/>
    <testcase time="3.60000000000002" classname="ds.dataFrame_expt_object_multiple" name="numeric_data"/>
    <testcase time="0.00199999999995271" classname="ds.dataFrame_expt_object_multiple" name="numeric_data"/>
    <testcase time="0.000999999999976353" classname="ds.dataFrame_expt_object_multiple" name="numeric_data"/>
    <testcase time="0.000999999999976353" classname="ds.dataFrame_expt_object_multiple" name="numeric_data"/>
    <testcase time="3.452" classname="ds.dataFrame_expt_object_multiple" name="numeric_data"/>
    <testcase time="0.00100000000009004" classname="ds.dataFrame_expt_object_multiple" name="numeric_data"/>
    <testcase time="0.00199999999995271" classname="ds.dataFrame_expt_object_multiple" name="numeric_data"/>
    <testcase time="0.000999999999976353" classname="ds.dataFrame_expt_object_multiple" name="numeric_data"/>
    <testcase time="3.447" classname="ds.dataFrame_expt_object_multiple" name="numeric_data"/>
    <testcase time="0.00200000000006639" classname="ds.dataFrame_expt_object_multiple" name="numeric_data"/>
    <testcase time="0.00199999999995271" classname="ds.dataFrame_expt_object_multiple" name="numeric_data"/>
    <testcase time="0.000999999999976353" classname="ds.dataFrame_expt_object_multiple" name="numeric_data"/>
  </testsuite>
  <testsuite name="ds.dataFrame::expt::several_objects::multiple" timestamp="2020-07-06T23:18:54Z" hostname="fv-az14" tests="4" skipped="0" failures="0" errors="0" time="9.723">
    <testcase time="9.71900000000005" classname="ds.dataFrame_expt_several_objects_multiple" name="several_objects"/>
    <testcase time="0.00199999999995271" classname="ds.dataFrame_expt_several_objects_multiple" name="several_objects"/>
    <testcase time="0.000999999999976353" classname="ds.dataFrame_expt_several_objects_multiple" name="several_objects"/>
    <testcase time="0.00100000000009004" classname="ds.dataFrame_expt_several_objects_multiple" name="several_objects"/>
  </testsuite>
  <testsuite name="ds.dataFrame::expt::non_numeric::multiple" timestamp="2020-07-06T23:19:04Z" hostname="fv-az14" tests="18" skipped="0" failures="0" errors="0" time="19.568">
    <testcase time="8.57999999999993" classname="ds.dataFrame_expt_non_numeric_multiple" name="non_numeric"/>
    <testcase time="0.00100000000009004" classname="ds.dataFrame_expt_non_numeric_multiple" name="non_numeric"/>
    <testcase time="0.000999999999976353" classname="ds.dataFrame_expt_non_numeric_multiple" name="non_numeric"/>
    <testcase time="0.000999999999976353" classname="ds.dataFrame_expt_non_numeric_multiple" name="non_numeric"/>
    <testcase time="0.000999999999976353" classname="ds.dataFrame_expt_non_numeric_multiple" name="non_numeric"/>
    <testcase time="3.87200000000007" classname="ds.dataFrame_expt_non_numeric_multiple" name="non_numeric"/>
    <testcase time="0.000999999999976353" classname="ds.dataFrame_expt_non_numeric_multiple" name="non_numeric"/>
    <testcase time="0.000999999999976353" classname="ds.dataFrame_expt_non_numeric_multiple" name="non_numeric"/>
    <testcase time="0.00199999999995271" classname="ds.dataFrame_expt_non_numeric_multiple" name="non_numeric"/>
    <testcase time="0.00100000000009004" classname="ds.dataFrame_expt_non_numeric_multiple" name="non_numeric"/>
    <testcase time="3.44999999999993" classname="ds.dataFrame_expt_non_numeric_multiple" name="non_numeric"/>
    <testcase time="0.000999999999976353" classname="ds.dataFrame_expt_non_numeric_multiple" name="non_numeric"/>
    <testcase time="0.00100000000009004" classname="ds.dataFrame_expt_non_numeric_multiple" name="non_numeric"/>
    <testcase time="0.00199999999995271" classname="ds.dataFrame_expt_non_numeric_multiple" name="non_numeric"/>
    <testcase time="3.649" classname="ds.dataFrame_expt_non_numeric_multiple" name="non_numeric"/>
    <testcase time="0.000999999999976353" classname="ds.dataFrame_expt_non_numeric_multiple" name="non_numeric"/>
    <testcase time="0.00200000000006639" classname="ds.dataFrame_expt_non_numeric_multiple" name="non_numeric"/>
    <testcase time="0.000999999999976353" classname="ds.dataFrame_expt_non_numeric_multiple" name="non_numeric"/>
  </testsuite>
  <testsuite name="ds.dataFrame::expt::non_numeric::multiple" timestamp="2020-07-06T23:19:23Z" hostname="fv-az14" tests="10" skipped="0" failures="0" errors="0" time="12.699">
    <testcase time="5.70100000000002" classname="ds.dataFrame_expt_non_numeric_multiple" name="_unnamed_"/>
    <testcase time="0.000999999999976353" classname="ds.dataFrame_expt_non_numeric_multiple" name="_unnamed_"/>
    <testcase time="0.000999999999976353" classname="ds.dataFrame_expt_non_numeric_multiple" name="_unnamed_"/>
    <testcase time="2.31399999999996" classname="ds.dataFrame_expt_non_numeric_multiple" name="_unnamed_"/>
    <testcase time="0.00100000000009004" classname="ds.dataFrame_expt_non_numeric_multiple" name="_unnamed_"/>
    <testcase time="0.000999999999976353" classname="ds.dataFrame_expt_non_numeric_multiple" name="_unnamed_"/>
    <testcase time="2.32999999999993" classname="ds.dataFrame_expt_non_numeric_multiple" name="_unnamed_"/>
    <testcase time="0.00100000000009004" classname="ds.dataFrame_expt_non_numeric_multiple" name="_unnamed_"/>
    <testcase time="2.34699999999998" classname="ds.dataFrame_expt_non_numeric_multiple" name="_unnamed_"/>
    <testcase time="0.00199999999995271" classname="ds.dataFrame_expt_non_numeric_multiple" name="_unnamed_"/>
  </testsuite>
  <testsuite name="ds.dataFrame::expt::shutdown" timestamp="2020-07-06T23:19:36Z" hostname="fv-az14" tests="0" skipped="0" failures="0" errors="0" time="0"/>
  <testsuite name="ds.dataFrame::expt::done" timestamp="2020-07-06T23:19:36Z" hostname="fv-az14" tests="0" skipped="0" failures="0" errors="0" time="0"/>
  <testsuite name="ds.dataFrameSort::expt::setup" timestamp="2020-07-06T23:19:36Z" hostname="fv-az14" tests="0" skipped="0" failures="0" errors="0" time="0"/>
  <testsuite name="ds.dataFrameSort::expt::multiple::correct_parameter_class" timestamp="2020-07-06T23:19:36Z" hostname="fv-az14" tests="0" skipped="0" failures="0" errors="0" time="0"/>
  <testsuite name="ds.dataFrameSort::expt::single::correct_parameter_class" timestamp="2020-07-06T23:20:27Z" hostname="fv-az14" tests="0" skipped="0" failures="0" errors="0" time="0"/>
  <testsuite name="ds.dataFrameSort::expt::multiple::incorrect_parameter_class" timestamp="2020-07-06T23:20:39Z" hostname="fv-az14" tests="7" skipped="0" failures="0" errors="0" time="77.01">
    <testcase time="67.7860000000001" classname="ds.dataFrameSort_expt_multiple_incorrect_parameter_class" name="all_datasets"/>
    <testcase time="0.295999999999935" classname="ds.dataFrameSort_expt_multiple_incorrect_parameter_class" name="all_datasets"/>
    <testcase time="0.254999999999995" classname="ds.dataFrameSort_expt_multiple_incorrect_parameter_class" name="all_datasets"/>
    <testcase time="0.256000000000085" classname="ds.dataFrameSort_expt_multiple_incorrect_parameter_class" name="all_datasets"/>
    <testcase time="0.257999999999925" classname="ds.dataFrameSort_expt_multiple_incorrect_parameter_class" name="all_datasets"/>
    <testcase time="7.904" classname="ds.dataFrameSort_expt_multiple_incorrect_parameter_class" name="all_datasets"/>
    <testcase time="0.254999999999995" classname="ds.dataFrameSort_expt_multiple_incorrect_parameter_class" name="all_datasets"/>
  </testsuite>
  <testsuite name="ds.dataFrameSort::expt::single::incorrect_parameter_class" timestamp="2020-07-06T23:20:53Z" hostname="fv-az14" tests="7" skipped="0" failures="0" errors="0" time="6.452">
    <testcase time="3.37900000000002" classname="ds.dataFrameSort_expt_single_incorrect_parameter_class" name="dataset_2"/>
    <testcase time="0.233000000000061" classname="ds.dataFrameSort_expt_single_incorrect_parameter_class" name="dataset_2"/>
    <testcase time="0.23599999999999" classname="ds.dataFrameSort_expt_single_incorrect_parameter_class" name="dataset_2"/>
    <testcase time="0.235000000000014" classname="ds.dataFrameSort_expt_single_incorrect_parameter_class" name="dataset_2"/>
    <testcase time="0.232999999999947" classname="ds.dataFrameSort_expt_single_incorrect_parameter_class" name="dataset_2"/>
    <testcase time="1.89999999999998" classname="ds.dataFrameSort_expt_single_incorrect_parameter_class" name="dataset_2"/>
    <testcase time="0.23599999999999" classname="ds.dataFrameSort_expt_single_incorrect_parameter_class" name="dataset_2"/>
  </testsuite>
  <testsuite name="ds.dataFrameSort::expt::multiple::df::creation" timestamp="2020-07-06T23:20:59Z" hostname="fv-az14" tests="77" skipped="0" failures="0" errors="0" time="47.863">
    <testcase time="8.42700000000002" classname="ds.dataFrameSort_expt_multiple_df_creation" name="all_datasets"/>
    <testcase time="0.000999999999976353" classname="ds.dataFrameSort_expt_multiple_df_creation" name="all_datasets"/>
    <testcase time="0.00100000000009004" classname="ds.dataFrameSort_expt_multiple_df_creation" name="all_datasets"/>
    <testcase time="0.000999999999976353" classname="ds.dataFrameSort_expt_multiple_df_creation" name="all_datasets"/>
    <testcase time="0.000999999999976353" classname="ds.dataFrameSort_expt_multiple_df_creation" name="all_datasets"/>
    <testcase time="0.000999999999976353" classname="ds.dataFrameSort_expt_multiple_df_creation" name="all_datasets"/>
    <testcase time="0.00200000000006639" classname="ds.dataFrameSort_expt_multiple_df_creation" name="all_datasets"/>
    <testcase time="3.91699999999992" classname="ds.dataFrameSort_expt_multiple_df_creation" name="all_datasets"/>
    <testcase time="0.00100000000009004" classname="ds.dataFrameSort_expt_multiple_df_creation" name="all_datasets"/>
    <testcase time="0.000999999999976353" classname="ds.dataFrameSort_expt_multiple_df_creation" name="all_datasets"/>
    <testcase time="0.000999999999976353" classname="ds.dataFrameSort_expt_multiple_df_creation" name="all_datasets"/>
    <testcase time="0.00199999999995271" classname="ds.dataFrameSort_expt_multiple_df_creation" name="all_datasets"/>
    <testcase time="0.00100000000009004" classname="ds.dataFrameSort_expt_multiple_df_creation" name="all_datasets"/>
    <testcase time="0.000999999999976353" classname="ds.dataFrameSort_expt_multiple_df_creation" name="all_datasets"/>
    <testcase time="3.92999999999995" classname="ds.dataFrameSort_expt_multiple_df_creation" name="all_datasets"/>
    <testcase time="0.000999999999976353" classname="ds.dataFrameSort_expt_multiple_df_creation" name="all_datasets"/>
    <testcase time="0.00200000000006639" classname="ds.dataFrameSort_expt_multiple_df_creation" name="all_datasets"/>
    <testcase time="0.000999999999976353" classname="ds.dataFrameSort_expt_multiple_df_creation" name="all_datasets"/>
    <testcase time="0.000999999999976353" classname="ds.dataFrameSort_expt_multiple_df_creation" name="all_datasets"/>
    <testcase time="0.00200000000006639" classname="ds.dataFrameSort_expt_multiple_df_creation" name="all_datasets"/>
    <testcase time="0.000999999999976353" classname="ds.dataFrameSort_expt_multiple_df_creation" name="all_datasets"/>
    <testcase time="3.92099999999994" classname="ds.dataFrameSort_expt_multiple_df_creation" name="all_datasets"/>
    <testcase time="0.00100000000009004" classname="ds.dataFrameSort_expt_multiple_df_creation" name="all_datasets"/>
    <testcase time="0.00199999999995271" classname="ds.dataFrameSort_expt_multiple_df_creation" name="all_datasets"/>
    <testcase time="0.000999999999976353" classname="ds.dataFrameSort_expt_multiple_df_creation" name="all_datasets"/>
    <testcase time="0.00200000000006639" classname="ds.dataFrameSort_expt_multiple_df_creation" name="all_datasets"/>
    <testcase time="0.000999999999976353" classname="ds.dataFrameSort_expt_multiple_df_creation" name="all_datasets"/>
    <testcase time="0.00199999999995271" classname="ds.dataFrameSort_expt_multiple_df_creation" name="all_datasets"/>
    <testcase time="3.97300000000007" classname="ds.dataFrameSort_expt_multiple_df_creation" name="all_datasets"/>
    <testcase time="0.00199999999995271" classname="ds.dataFrameSort_expt_multiple_df_creation" name="all_datasets"/>
    <testcase time="0.000999999999976353" classname="ds.dataFrameSort_expt_multiple_df_creation" name="all_datasets"/>
    <testcase time="0.00200000000006639" classname="ds.dataFrameSort_expt_multiple_df_creation" name="all_datasets"/>
    <testcase time="0.000999999999976353" classname="ds.dataFrameSort_expt_multiple_df_creation" name="all_datasets"/>
    <testcase time="0.00199999999995271" classname="ds.dataFrameSort_expt_multiple_df_creation" name="all_datasets"/>
    <testcase time="0.00200000000006639" classname="ds.dataFrameSort_expt_multiple_df_creation" name="all_datasets"/>
    <testcase time="3.96500000000003" classname="ds.dataFrameSort_expt_multiple_df_creation" name="all_datasets"/>
    <testcase time="0.00199999999995271" classname="ds.dataFrameSort_expt_multiple_df_creation" name="all_datasets"/>
    <testcase time="0.00199999999995271" classname="ds.dataFrameSort_expt_multiple_df_creation" name="all_datasets"/>
    <testcase time="0.00100000000009004" classname="ds.dataFrameSort_expt_multiple_df_creation" name="all_datasets"/>
    <testcase time="0.000999999999976353" classname="ds.dataFrameSort_expt_multiple_df_creation" name="all_datasets"/>
    <testcase time="0.00199999999995271" classname="ds.dataFrameSort_expt_multiple_df_creation" name="all_datasets"/>
    <testcase time="0.00200000000006639" classname="ds.dataFrameSort_expt_multiple_df_creation" name="all_datasets"/>
    <testcase time="3.91499999999996" classname="ds.dataFrameSort_expt_multiple_df_creation" name="all_datasets"/>
    <testcase time="0.00200000000006639" classname="ds.dataFrameSort_expt_multiple_df_creation" name="all_datasets"/>
    <testcase time="0.00199999999995271" classname="ds.dataFrameSort_expt_multiple_df_creation" name="all_datasets"/>
    <testcase time="0.00199999999995271" classname="ds.dataFrameSort_expt_multiple_df_creation" name="all_datasets"/>
    <testcase time="0.00100000000009004" classname="ds.dataFrameSort_expt_multiple_df_creation" name="all_datasets"/>
    <testcase time="0.00199999999995271" classname="ds.dataFrameSort_expt_multiple_df_creation" name="all_datasets"/>
    <testcase time="0.00199999999995271" classname="ds.dataFrameSort_expt_multiple_df_creation" name="all_datasets"/>
    <testcase time="3.92400000000009" classname="ds.dataFrameSort_expt_multiple_df_creation" name="all_datasets"/>
    <testcase time="0.00199999999995271" classname="ds.dataFrameSort_expt_multiple_df_creation" name="all_datasets"/>
    <testcase time="0.00199999999995271" classname="ds.dataFrameSort_expt_multiple_df_creation" name="all_datasets"/>
    <testcase time="0.00200000000006639" classname="ds.dataFrameSort_expt_multiple_df_creation" name="all_datasets"/>
    <testcase time="0.00199999999995271" classname="ds.dataFrameSort_expt_multiple_df_creation" name="all_datasets"/>
    <testcase time="0.00200000000006639" classname="ds.dataFrameSort_expt_multiple_df_creation" name="all_datasets"/>
    <testcase time="0.00199999999995271" classname="ds.dataFrameSort_expt_multiple_df_creation" name="all_datasets"/>
    <testcase time="3.92200000000003" classname="ds.dataFrameSort_expt_multiple_df_creation" name="all_datasets"/>
    <testcase time="0.00199999999995271" classname="ds.dataFrameSort_expt_multiple_df_creation" name="all_datasets"/>
    <testcase time="0.00200000000006639" classname="ds.dataFrameSort_expt_multiple_df_creation" name="all_datasets"/>
    <testcase time="0.00199999999995271" classname="ds.dataFrameSort_expt_multiple_df_creation" name="all_datasets"/>
    <testcase time="0.00200000000006639" classname="ds.dataFrameSort_expt_multiple_df_creation" name="all_datasets"/>
    <testcase time="0.00299999999992906" classname="ds.dataFrameSort_expt_multiple_df_creation" name="all_datasets"/>
    <testcase time="0.00200000000006639" classname="ds.dataFrameSort_expt_multiple_df_creation" name="all_datasets"/>
    <testcase time="3.92899999999997" classname="ds.dataFrameSort_expt_multiple_df_creation" name="all_datasets"/>
    <testcase time="0.00299999999992906" classname="ds.dataFrameSort_expt_multiple_df_creation" name="all_datasets"/>
    <testcase time="0.00200000000006639" classname="ds.dataFrameSort_expt_multiple_df_creation" name="all_datasets"/>
    <testcase time="0.00199999999995271" classname="ds.dataFrameSort_expt_multiple_df_creation" name="all_datasets"/>
    <testcase time="0.00300000000004275" classname="ds.dataFrameSort_expt_multiple_df_creation" name="all_datasets"/>
    <testcase time="0.00199999999995271" classname="ds.dataFrameSort_expt_multiple_df_creation" name="all_datasets"/>
    <testcase time="0.00200000000006639" classname="ds.dataFrameSort_expt_multiple_df_creation" name="all_datasets"/>
    <testcase time="3.92499999999995" classname="ds.dataFrameSort_expt_multiple_df_creation" name="all_datasets"/>
    <testcase time="0.00300000000004275" classname="ds.dataFrameSort_expt_multiple_df_creation" name="all_datasets"/>
    <testcase time="0.00199999999995271" classname="ds.dataFrameSort_expt_multiple_df_creation" name="all_datasets"/>
    <testcase time="0.00200000000006639" classname="ds.dataFrameSort_expt_multiple_df_creation" name="all_datasets"/>
    <testcase time="0.00299999999992906" classname="ds.dataFrameSort_expt_multiple_df_creation" name="all_datasets"/>
    <testcase time="0.00200000000006639" classname="ds.dataFrameSort_expt_multiple_df_creation" name="all_datasets"/>
    <testcase time="0.00199999999995271" classname="ds.dataFrameSort_expt_multiple_df_creation" name="all_datasets"/>
  </testsuite>
  <testsuite name="ds.dataFrameSort::expt::single::df::creation" timestamp="2020-07-06T23:21:47Z" hostname="fv-az14" tests="33" skipped="0" failures="0" errors="0" time="34.074">
    <testcase time="6.18399999999997" classname="ds.dataFrameSort_expt_single_df_creation" name="dataset_3"/>
    <testcase time="0.00100000000009004" classname="ds.dataFrameSort_expt_single_df_creation" name="dataset_3"/>
    <testcase time="0.000999999999976353" classname="ds.dataFrameSort_expt_single_df_creation" name="dataset_3"/>
    <testcase time="2.79699999999991" classname="ds.dataFrameSort_expt_single_df_creation" name="dataset_3"/>
    <testcase time="0.000999999999976353" classname="ds.dataFrameSort_expt_single_df_creation" name="dataset_3"/>
    <testcase time="0.000999999999976353" classname="ds.dataFrameSort_expt_single_df_creation" name="dataset_3"/>
    <testcase time="2.83000000000004" classname="ds.dataFrameSort_expt_single_df_creation" name="dataset_3"/>
    <testcase time="0.000999999999976353" classname="ds.dataFrameSort_expt_single_df_creation" name="dataset_3"/>
    <testcase time="0.000999999999976353" classname="ds.dataFrameSort_expt_single_df_creation" name="dataset_3"/>
    <testcase time="2.76999999999998" classname="ds.dataFrameSort_expt_single_df_creation" name="dataset_3"/>
    <testcase time="0.00200000000006639" classname="ds.dataFrameSort_expt_single_df_creation" name="dataset_3"/>
    <testcase time="0.000999999999976353" classname="ds.dataFrameSort_expt_single_df_creation" name="dataset_3"/>
    <testcase time="2.79300000000001" classname="ds.dataFrameSort_expt_single_df_creation" name="dataset_3"/>
    <testcase time="0.000999999999976353" classname="ds.dataFrameSort_expt_single_df_creation" name="dataset_3"/>
    <testcase time="0.000999999999976353" classname="ds.dataFrameSort_expt_single_df_creation" name="dataset_3"/>
    <testcase time="2.76999999999998" classname="ds.dataFrameSort_expt_single_df_creation" name="dataset_3"/>
    <testcase time="0.00200000000006639" classname="ds.dataFrameSort_expt_single_df_creation" name="dataset_3"/>
    <testcase time="0.000999999999976353" classname="ds.dataFrameSort_expt_single_df_creation" name="dataset_3"/>
    <testcase time="2.77200000000005" classname="ds.dataFrameSort_expt_single_df_creation" name="dataset_3"/>
    <testcase time="0.00199999999995271" classname="ds.dataFrameSort_expt_single_df_creation" name="dataset_3"/>
    <testcase time="0.000999999999976353" classname="ds.dataFrameSort_expt_single_df_creation" name="dataset_3"/>
    <testcase time="2.77800000000002" classname="ds.dataFrameSort_expt_single_df_creation" name="dataset_3"/>
    <testcase time="0.000999999999976353" classname="ds.dataFrameSort_expt_single_df_creation" name="dataset_3"/>
    <testcase time="0.00200000000006639" classname="ds.dataFrameSort_expt_single_df_creation" name="dataset_3"/>
    <testcase time="2.78099999999995" classname="ds.dataFrameSort_expt_single_df_creation" name="dataset_3"/>
    <testcase time="0.00200000000006639" classname="ds.dataFrameSort_expt_single_df_creation" name="dataset_3"/>
    <testcase time="0.00199999999995271" classname="ds.dataFrameSort_expt_single_df_creation" name="dataset_3"/>
    <testcase time="2.78800000000001" classname="ds.dataFrameSort_expt_single_df_creation" name="dataset_3"/>
    <testcase time="0.00199999999995271" classname="ds.dataFrameSort_expt_single_df_creation" name="dataset_3"/>
    <testcase time="0.00200000000006639" classname="ds.dataFrameSort_expt_single_df_creation" name="dataset_3"/>
    <testcase time="2.77999999999997" classname="ds.dataFrameSort_expt_single_df_creation" name="dataset_3"/>
    <testcase time="0.00199999999995271" classname="ds.dataFrameSort_expt_single_df_creation" name="dataset_3"/>
    <testcase time="0.00100000000009004" classname="ds.dataFrameSort_expt_single_df_creation" name="dataset_3"/>
  </testsuite>
  <testsuite name="ds.dataFrameSort::expt::multiple::numeric::ascending" timestamp="2020-07-06T23:22:21Z" hostname="fv-az14" tests="56" skipped="0" failures="0" errors="0" time="30.939">
    <testcase time="6.072" classname="ds.dataFrameSort_expt_multiple_numeric_ascending" name="all_datasets"/>
    <testcase time="0.000999999999976353" classname="ds.dataFrameSort_expt_multiple_numeric_ascending" name="all_datasets"/>
    <testcase time="0.000999999999976353" classname="ds.dataFrameSort_expt_multiple_numeric_ascending" name="all_datasets"/>
    <testcase time="1.54500000000007" classname="ds.dataFrameSort_expt_multiple_numeric_ascending" name="all_datasets"/>
    <testcase time="0.000999999999976353" classname="ds.dataFrameSort_expt_multiple_numeric_ascending" name="all_datasets"/>
    <testcase time="0.00199999999995271" classname="ds.dataFrameSort_expt_multiple_numeric_ascending" name="all_datasets"/>
    <testcase time="0.776000000000067" classname="ds.dataFrameSort_expt_multiple_numeric_ascending" name="all_datasets"/>
    <testcase time="0.000999999999976353" classname="ds.dataFrameSort_expt_multiple_numeric_ascending" name="all_datasets"/>
    <testcase time="1.54399999999998" classname="ds.dataFrameSort_expt_multiple_numeric_ascending" name="all_datasets"/>
    <testcase time="0.00199999999995271" classname="ds.dataFrameSort_expt_multiple_numeric_ascending" name="all_datasets"/>
    <testcase time="0.00100000000009004" classname="ds.dataFrameSort_expt_multiple_numeric_ascending" name="all_datasets"/>
    <testcase time="0.774000000000001" classname="ds.dataFrameSort_expt_multiple_numeric_ascending" name="all_datasets"/>
    <testcase time="0.00199999999995271" classname="ds.dataFrameSort_expt_multiple_numeric_ascending" name="all_datasets"/>
    <testcase time="1.553" classname="ds.dataFrameSort_expt_multiple_numeric_ascending" name="all_datasets"/>
    <testcase time="0.00199999999995271" classname="ds.dataFrameSort_expt_multiple_numeric_ascending" name="all_datasets"/>
    <testcase time="0.00100000000009004" classname="ds.dataFrameSort_expt_multiple_numeric_ascending" name="all_datasets"/>
    <testcase time="0.784999999999968" classname="ds.dataFrameSort_expt_multiple_numeric_ascending" name="all_datasets"/>
    <testcase time="0.00199999999995271" classname="ds.dataFrameSort_expt_multiple_numeric_ascending" name="all_datasets"/>
    <testcase time="1.54000000000008" classname="ds.dataFrameSort_expt_multiple_numeric_ascending" name="all_datasets"/>
    <testcase time="0.000999999999976353" classname="ds.dataFrameSort_expt_multiple_numeric_ascending" name="all_datasets"/>
    <testcase time="0.00199999999995271" classname="ds.dataFrameSort_expt_multiple_numeric_ascending" name="all_datasets"/>
    <testcase time="0.772000000000048" classname="ds.dataFrameSort_expt_multiple_numeric_ascending" name="all_datasets"/>
    <testcase time="0.000999999999976353" classname="ds.dataFrameSort_expt_multiple_numeric_ascending" name="all_datasets"/>
    <testcase time="1.60800000000006" classname="ds.dataFrameSort_expt_multiple_numeric_ascending" name="all_datasets"/>
    <testcase time="0.00199999999995271" classname="ds.dataFrameSort_expt_multiple_numeric_ascending" name="all_datasets"/>
    <testcase time="0.00199999999995271" classname="ds.dataFrameSort_expt_multiple_numeric_ascending" name="all_datasets"/>
    <testcase time="0.774000000000001" classname="ds.dataFrameSort_expt_multiple_numeric_ascending" name="all_datasets"/>
    <testcase time="0.00200000000006639" classname="ds.dataFrameSort_expt_multiple_numeric_ascending" name="all_datasets"/>
    <testcase time="1.55399999999997" classname="ds.dataFrameSort_expt_multiple_numeric_ascending" name="all_datasets"/>
    <testcase time="0.00199999999995271" classname="ds.dataFrameSort_expt_multiple_numeric_ascending" name="all_datasets"/>
    <testcase time="0.00200000000006639" classname="ds.dataFrameSort_expt_multiple_numeric_ascending" name="all_datasets"/>
    <testcase time="0.769000000000005" classname="ds.dataFrameSort_expt_multiple_numeric_ascending" name="all_datasets"/>
    <testcase time="0.00199999999995271" classname="ds.dataFrameSort_expt_multiple_numeric_ascending" name="all_datasets"/>
    <testcase time="1.53700000000003" classname="ds.dataFrameSort_expt_multiple_numeric_ascending" name="all_datasets"/>
    <testcase time="0.00199999999995271" classname="ds.dataFrameSort_expt_multiple_numeric_ascending" name="all_datasets"/>
    <testcase time="0.00200000000006639" classname="ds.dataFrameSort_expt_multiple_numeric_ascending" name="all_datasets"/>
    <testcase time="0.769999999999982" classname="ds.dataFrameSort_expt_multiple_numeric_ascending" name="all_datasets"/>
    <testcase time="0.00199999999995271" classname="ds.dataFrameSort_expt_multiple_numeric_ascending" name="all_datasets"/>
    <testcase time="1.548" classname="ds.dataFrameSort_expt_multiple_numeric_ascending" name="all_datasets"/>
    <testcase time="0.00200000000006639" classname="ds.dataFrameSort_expt_multiple_numeric_ascending" name="all_datasets"/>
    <testcase time="0.00199999999995271" classname="ds.dataFrameSort_expt_multiple_numeric_ascending" name="all_datasets"/>
    <testcase time="0.774000000000001" classname="ds.dataFrameSort_expt_multiple_numeric_ascending" name="all_datasets"/>
    <testcase time="0.00200000000006639" classname="ds.dataFrameSort_expt_multiple_numeric_ascending" name="all_datasets"/>
    <testcase time="1.55199999999991" classname="ds.dataFrameSort_expt_multiple_numeric_ascending" name="all_datasets"/>
    <testcase time="0.00200000000006639" classname="ds.dataFrameSort_expt_multiple_numeric_ascending" name="all_datasets"/>
    <testcase time="0.00199999999995271" classname="ds.dataFrameSort_expt_multiple_numeric_ascending" name="all_datasets"/>
    <testcase time="0.772000000000048" classname="ds.dataFrameSort_expt_multiple_numeric_ascending" name="all_datasets"/>
    <testcase time="0.00199999999995271" classname="ds.dataFrameSort_expt_multiple_numeric_ascending" name="all_datasets"/>
    <testcase time="1.54300000000001" classname="ds.dataFrameSort_expt_multiple_numeric_ascending" name="all_datasets"/>
    <testcase time="0.00200000000006639" classname="ds.dataFrameSort_expt_multiple_numeric_ascending" name="all_datasets"/>
    <testcase time="0.00199999999995271" classname="ds.dataFrameSort_expt_multiple_numeric_ascending" name="all_datasets"/>
    <testcase time="0.770999999999958" classname="ds.dataFrameSort_expt_multiple_numeric_ascending" name="all_datasets"/>
    <testcase time="0.00200000000006639" classname="ds.dataFrameSort_expt_multiple_numeric_ascending" name="all_datasets"/>
    <testcase time="1.54599999999994" classname="ds.dataFrameSort_expt_multiple_numeric_ascending" name="all_datasets"/>
    <testcase time="0.00200000000006639" classname="ds.dataFrameSort_expt_multiple_numeric_ascending" name="all_datasets"/>
    <testcase time="0.00199999999995271" classname="ds.dataFrameSort_expt_multiple_numeric_ascending" name="all_datasets"/>
  </testsuite>
  <testsuite name="ds.dataFrameSort::expt::single::numeric::ascending" timestamp="2020-07-06T23:22:52Z" hostname="fv-az14" tests="32" skipped="0" failures="0" errors="0" time="27.27">
    <testcase time="4.80500000000006" classname="ds.dataFrameSort_expt_single_numeric_ascending" name="dataset_1"/>
    <testcase time="1.41199999999992" classname="ds.dataFrameSort_expt_single_numeric_ascending" name="dataset_1"/>
    <testcase time="0.700000000000045" classname="ds.dataFrameSort_expt_single_numeric_ascending" name="dataset_1"/>
    <testcase time="0.000999999999976353" classname="ds.dataFrameSort_expt_single_numeric_ascending" name="dataset_1"/>
    <testcase time="1.40300000000002" classname="ds.dataFrameSort_expt_single_numeric_ascending" name="dataset_1"/>
    <testcase time="0.701000000000022" classname="ds.dataFrameSort_expt_single_numeric_ascending" name="dataset_1"/>
    <testcase time="0.000999999999976353" classname="ds.dataFrameSort_expt_single_numeric_ascending" name="dataset_1"/>
    <testcase time="1.40700000000004" classname="ds.dataFrameSort_expt_single_numeric_ascending" name="dataset_1"/>
    <testcase time="0.698999999999955" classname="ds.dataFrameSort_expt_single_numeric_ascending" name="dataset_1"/>
    <testcase time="0.000999999999976353" classname="ds.dataFrameSort_expt_single_numeric_ascending" name="dataset_1"/>
    <testcase time="1.40499999999997" classname="ds.dataFrameSort_expt_single_numeric_ascending" name="dataset_1"/>
    <testcase time="0.702999999999975" classname="ds.dataFrameSort_expt_single_numeric_ascending" name="dataset_1"/>
    <testcase time="0.000999999999976353" classname="ds.dataFrameSort_expt_single_numeric_ascending" name="dataset_1"/>
    <testcase time="1.43500000000017" classname="ds.dataFrameSort_expt_single_numeric_ascending" name="dataset_1"/>
    <testcase time="0.699999999999818" classname="ds.dataFrameSort_expt_single_numeric_ascending" name="dataset_1"/>
    <testcase time="0.00100000000020373" classname="ds.dataFrameSort_expt_single_numeric_ascending" name="dataset_1"/>
    <testcase time="1.39699999999993" classname="ds.dataFrameSort_expt_single_numeric_ascending" name="dataset_1"/>
    <testcase time="0.696999999999889" classname="ds.dataFrameSort_expt_single_numeric_ascending" name="dataset_1"/>
    <testcase time="0.00200000000018008" classname="ds.dataFrameSort_expt_single_numeric_ascending" name="dataset_1"/>
    <testcase time="1.39799999999991" classname="ds.dataFrameSort_expt_single_numeric_ascending" name="dataset_1"/>
    <testcase time="0.703999999999951" classname="ds.dataFrameSort_expt_single_numeric_ascending" name="dataset_1"/>
    <testcase time="0.00199999999995271" classname="ds.dataFrameSort_expt_single_numeric_ascending" name="dataset_1"/>
    <testcase time="1.39400000000001" classname="ds.dataFrameSort_expt_single_numeric_ascending" name="dataset_1"/>
    <testcase time="0.700000000000045" classname="ds.dataFrameSort_expt_single_numeric_ascending" name="dataset_1"/>
    <testcase time="0.00199999999995271" classname="ds.dataFrameSort_expt_single_numeric_ascending" name="dataset_1"/>
    <testcase time="1.39400000000001" classname="ds.dataFrameSort_expt_single_numeric_ascending" name="dataset_1"/>
    <testcase time="0.701000000000022" classname="ds.dataFrameSort_expt_single_numeric_ascending" name="dataset_1"/>
    <testcase time="0.000999999999976353" classname="ds.dataFrameSort_expt_single_numeric_ascending" name="dataset_1"/>
    <testcase time="1.40200000000004" classname="ds.dataFrameSort_expt_single_numeric_ascending" name="dataset_1"/>
    <testcase time="0.701000000000022" classname="ds.dataFrameSort_expt_single_numeric_ascending" name="dataset_1"/>
    <testcase time="0.000999999999976353" classname="ds.dataFrameSort_expt_single_numeric_ascending" name="dataset_1"/>
    <testcase time="1.39900000000011" classname="ds.dataFrameSort_expt_single_numeric_ascending" name="dataset_1"/>
  </testsuite>
  <testsuite name="ds.dataFrameSort::expt::multiple::numeric::descending" timestamp="2020-07-06T23:23:20Z" hostname="fv-az14" tests="56" skipped="0" failures="0" errors="0" time="30.898">
    <testcase time="6.04999999999995" classname="ds.dataFrameSort_expt_multiple_numeric_descending" name="all_datasets"/>
    <testcase time="0.00199999999995271" classname="ds.dataFrameSort_expt_multiple_numeric_descending" name="all_datasets"/>
    <testcase time="0.000999999999976353" classname="ds.dataFrameSort_expt_multiple_numeric_descending" name="all_datasets"/>
    <testcase time="1.54099999999994" classname="ds.dataFrameSort_expt_multiple_numeric_descending" name="all_datasets"/>
    <testcase time="0.00200000000018008" classname="ds.dataFrameSort_expt_multiple_numeric_descending" name="all_datasets"/>
    <testcase time="0.000999999999976353" classname="ds.dataFrameSort_expt_multiple_numeric_descending" name="all_datasets"/>
    <testcase time="0.778999999999996" classname="ds.dataFrameSort_expt_multiple_numeric_descending" name="all_datasets"/>
    <testcase time="0.00199999999995271" classname="ds.dataFrameSort_expt_multiple_numeric_descending" name="all_datasets"/>
    <testcase time="1.53600000000006" classname="ds.dataFrameSort_expt_multiple_numeric_descending" name="all_datasets"/>
    <testcase time="0.000999999999976353" classname="ds.dataFrameSort_expt_multiple_numeric_descending" name="all_datasets"/>
    <testcase time="0.00199999999995271" classname="ds.dataFrameSort_expt_multiple_numeric_descending" name="all_datasets"/>
    <testcase time="0.769000000000005" classname="ds.dataFrameSort_expt_multiple_numeric_descending" name="all_datasets"/>
    <testcase time="0.000999999999976353" classname="ds.dataFrameSort_expt_multiple_numeric_descending" name="all_datasets"/>
    <testcase time="1.54600000000005" classname="ds.dataFrameSort_expt_multiple_numeric_descending" name="all_datasets"/>
    <testcase time="0.00199999999995271" classname="ds.dataFrameSort_expt_multiple_numeric_descending" name="all_datasets"/>
    <testcase time="0.000999999999976353" classname="ds.dataFrameSort_expt_multiple_numeric_descending" name="all_datasets"/>
    <testcase time="0.773000000000138" classname="ds.dataFrameSort_expt_multiple_numeric_descending" name="all_datasets"/>
    <testcase time="0.000999999999976353" classname="ds.dataFrameSort_expt_multiple_numeric_descending" name="all_datasets"/>
    <testcase time="1.54399999999987" classname="ds.dataFrameSort_expt_multiple_numeric_descending" name="all_datasets"/>
    <testcase time="0.00199999999995271" classname="ds.dataFrameSort_expt_multiple_numeric_descending" name="all_datasets"/>
    <testcase time="0.00100000000020373" classname="ds.dataFrameSort_expt_multiple_numeric_descending" name="all_datasets"/>
    <testcase time="0.772999999999911" classname="ds.dataFrameSort_expt_multiple_numeric_descending" name="all_datasets"/>
    <testcase time="0.00199999999995271" classname="ds.dataFrameSort_expt_multiple_numeric_descending" name="all_datasets"/>
    <testcase time="1.60200000000009" classname="ds.dataFrameSort_expt_multiple_numeric_descending" name="all_datasets"/>
    <testcase time="0.00199999999995271" classname="ds.dataFrameSort_expt_multiple_numeric_descending" name="all_datasets"/>
    <testcase time="0.000999999999976353" classname="ds.dataFrameSort_expt_multiple_numeric_descending" name="all_datasets"/>
    <testcase time="0.769000000000005" classname="ds.dataFrameSort_expt_multiple_numeric_descending" name="all_datasets"/>
    <testcase time="0.00199999999995271" classname="ds.dataFrameSort_expt_multiple_numeric_descending" name="all_datasets"/>
    <testcase time="1.54300000000012" classname="ds.dataFrameSort_expt_multiple_numeric_descending" name="all_datasets"/>
    <testcase time="0.00199999999995271" classname="ds.dataFrameSort_expt_multiple_numeric_descending" name="all_datasets"/>
    <testcase time="0.000999999999976353" classname="ds.dataFrameSort_expt_multiple_numeric_descending" name="all_datasets"/>
    <testcase time="0.777000000000044" classname="ds.dataFrameSort_expt_multiple_numeric_descending" name="all_datasets"/>
    <testcase time="0.00199999999995271" classname="ds.dataFrameSort_expt_multiple_numeric_descending" name="all_datasets"/>
    <testcase time="1.54899999999998" classname="ds.dataFrameSort_expt_multiple_numeric_descending" name="all_datasets"/>
    <testcase time="0.00199999999995271" classname="ds.dataFrameSort_expt_multiple_numeric_descending" name="all_datasets"/>
    <testcase time="0.00200000000018008" classname="ds.dataFrameSort_expt_multiple_numeric_descending" name="all_datasets"/>
    <testcase time="0.767999999999802" classname="ds.dataFrameSort_expt_multiple_numeric_descending" name="all_datasets"/>
    <testcase time="0.00200000000018008" classname="ds.dataFrameSort_expt_multiple_numeric_descending" name="all_datasets"/>
    <testcase time="1.54299999999989" classname="ds.dataFrameSort_expt_multiple_numeric_descending" name="all_datasets"/>
    <testcase time="0.00199999999995271" classname="ds.dataFrameSort_expt_multiple_numeric_descending" name="all_datasets"/>
    <testcase time="0.000999999999976353" classname="ds.dataFrameSort_expt_multiple_numeric_descending" name="all_datasets"/>
    <testcase time="0.7800000000002" classname="ds.dataFrameSort_expt_multiple_numeric_descending" name="all_datasets"/>
    <testcase time="0.00199999999995271" classname="ds.dataFrameSort_expt_multiple_numeric_descending" name="all_datasets"/>
    <testcase time="1.54199999999992" classname="ds.dataFrameSort_expt_multiple_numeric_descending" name="all_datasets"/>
    <testcase time="0.00199999999995271" classname="ds.dataFrameSort_expt_multiple_numeric_descending" name="all_datasets"/>
    <testcase time="0.00200000000018008" classname="ds.dataFrameSort_expt_multiple_numeric_descending" name="all_datasets"/>
    <testcase time="0.767999999999802" classname="ds.dataFrameSort_expt_multiple_numeric_descending" name="all_datasets"/>
    <testcase time="0.00300000000015643" classname="ds.dataFrameSort_expt_multiple_numeric_descending" name="all_datasets"/>
    <testcase time="1.54700000000003" classname="ds.dataFrameSort_expt_multiple_numeric_descending" name="all_datasets"/>
    <testcase time="0.00199999999995271" classname="ds.dataFrameSort_expt_multiple_numeric_descending" name="all_datasets"/>
    <testcase time="0.00199999999995271" classname="ds.dataFrameSort_expt_multiple_numeric_descending" name="all_datasets"/>
    <testcase time="0.770999999999958" classname="ds.dataFrameSort_expt_multiple_numeric_descending" name="all_datasets"/>
    <testcase time="0.00199999999995271" classname="ds.dataFrameSort_expt_multiple_numeric_descending" name="all_datasets"/>
    <testcase time="1.56900000000019" classname="ds.dataFrameSort_expt_multiple_numeric_descending" name="all_datasets"/>
    <testcase time="0.00199999999995271" classname="ds.dataFrameSort_expt_multiple_numeric_descending" name="all_datasets"/>
    <testcase time="0.00199999999995271" classname="ds.dataFrameSort_expt_multiple_numeric_descending" name="all_datasets"/>
  </testsuite>
  <testsuite name="ds.dataFrameSort::expt::single::numeric::descending" timestamp="2020-07-06T23:23:50Z" hostname="fv-az14" tests="32" skipped="0" failures="0" errors="0" time="27.269">
    <testcase time="4.80099999999993" classname="ds.dataFrameSort_expt_single_numeric_descending" name="dataset_1"/>
    <testcase time="1.404" classname="ds.dataFrameSort_expt_single_numeric_descending" name="dataset_1"/>
    <testcase time="0.701000000000022" classname="ds.dataFrameSort_expt_single_numeric_descending" name="dataset_1"/>
    <testcase time="0.000999999999976353" classname="ds.dataFrameSort_expt_single_numeric_descending" name="dataset_1"/>
    <testcase time="1.39900000000011" classname="ds.dataFrameSort_expt_single_numeric_descending" name="dataset_1"/>
    <testcase time="0.703999999999951" classname="ds.dataFrameSort_expt_single_numeric_descending" name="dataset_1"/>
    <testcase time="0.000999999999976353" classname="ds.dataFrameSort_expt_single_numeric_descending" name="dataset_1"/>
    <testcase time="1.40599999999995" classname="ds.dataFrameSort_expt_single_numeric_descending" name="dataset_1"/>
    <testcase time="0.704000000000178" classname="ds.dataFrameSort_expt_single_numeric_descending" name="dataset_1"/>
    <testcase time="0.000999999999976353" classname="ds.dataFrameSort_expt_single_numeric_descending" name="dataset_1"/>
    <testcase time="1.39499999999998" classname="ds.dataFrameSort_expt_single_numeric_descending" name="dataset_1"/>
    <testcase time="0.700000000000045" classname="ds.dataFrameSort_expt_single_numeric_descending" name="dataset_1"/>
    <testcase time="0.000999999999976353" classname="ds.dataFrameSort_expt_single_numeric_descending" name="dataset_1"/>
    <testcase time="1.43999999999983" classname="ds.dataFrameSort_expt_single_numeric_descending" name="dataset_1"/>
    <testcase time="0.700000000000045" classname="ds.dataFrameSort_expt_single_numeric_descending" name="dataset_1"/>
    <testcase time="0.000999999999976353" classname="ds.dataFrameSort_expt_single_numeric_descending" name="dataset_1"/>
    <testcase time="1.39800000000014" classname="ds.dataFrameSort_expt_single_numeric_descending" name="dataset_1"/>
    <testcase time="0.700000000000045" classname="ds.dataFrameSort_expt_single_numeric_descending" name="dataset_1"/>
    <testcase time="0.00199999999995271" classname="ds.dataFrameSort_expt_single_numeric_descending" name="dataset_1"/>
    <testcase time="1.40599999999995" classname="ds.dataFrameSort_expt_single_numeric_descending" name="dataset_1"/>
    <testcase time="0.700000000000045" classname="ds.dataFrameSort_expt_single_numeric_descending" name="dataset_1"/>
    <testcase time="0.00199999999995271" classname="ds.dataFrameSort_expt_single_numeric_descending" name="dataset_1"/>
    <testcase time="1.39300000000003" classname="ds.dataFrameSort_expt_single_numeric_descending" name="dataset_1"/>
    <testcase time="0.704999999999927" classname="ds.dataFrameSort_expt_single_numeric_descending" name="dataset_1"/>
    <testcase time="0.00199999999995271" classname="ds.dataFrameSort_expt_single_numeric_descending" name="dataset_1"/>
    <testcase time="1.39700000000016" classname="ds.dataFrameSort_expt_single_numeric_descending" name="dataset_1"/>
    <testcase time="0.701000000000022" classname="ds.dataFrameSort_expt_single_numeric_descending" name="dataset_1"/>
    <testcase time="0.000999999999976353" classname="ds.dataFrameSort_expt_single_numeric_descending" name="dataset_1"/>
    <testcase time="1.39599999999996" classname="ds.dataFrameSort_expt_single_numeric_descending" name="dataset_1"/>
    <testcase time="0.702999999999975" classname="ds.dataFrameSort_expt_single_numeric_descending" name="dataset_1"/>
    <testcase time="0.00199999999995271" classname="ds.dataFrameSort_expt_single_numeric_descending" name="dataset_1"/>
    <testcase time="1.40200000000004" classname="ds.dataFrameSort_expt_single_numeric_descending" name="dataset_1"/>
  </testsuite>
  <testsuite name="ds.dataFrameSort::expt::multiple::alphabetic::ascending" timestamp="2020-07-06T23:24:18Z" hostname="fv-az14" tests="39" skipped="0" failures="0" errors="0" time="30.54">
    <testcase time="7.23000000000002" classname="ds.dataFrameSort_expt_multiple_alphabetic_ascending" name="all_datasets"/>
    <testcase time="0.00199999999995271" classname="ds.dataFrameSort_expt_multiple_alphabetic_ascending" name="all_datasets"/>
    <testcase time="0.000999999999976353" classname="ds.dataFrameSort_expt_multiple_alphabetic_ascending" name="all_datasets"/>
    <testcase time="1.54200000000014" classname="ds.dataFrameSort_expt_multiple_alphabetic_ascending" name="all_datasets"/>
    <testcase time="0.00199999999995271" classname="ds.dataFrameSort_expt_multiple_alphabetic_ascending" name="all_datasets"/>
    <testcase time="0.000999999999976353" classname="ds.dataFrameSort_expt_multiple_alphabetic_ascending" name="all_datasets"/>
    <testcase time="2.33500000000004" classname="ds.dataFrameSort_expt_multiple_alphabetic_ascending" name="all_datasets"/>
    <testcase time="0.000999999999976353" classname="ds.dataFrameSort_expt_multiple_alphabetic_ascending" name="all_datasets"/>
    <testcase time="0.000999999999976353" classname="ds.dataFrameSort_expt_multiple_alphabetic_ascending" name="all_datasets"/>
    <testcase time="2.37599999999998" classname="ds.dataFrameSort_expt_multiple_alphabetic_ascending" name="all_datasets"/>
    <testcase time="0.00199999999995271" classname="ds.dataFrameSort_expt_multiple_alphabetic_ascending" name="all_datasets"/>
    <testcase time="0.00100000000020373" classname="ds.dataFrameSort_expt_multiple_alphabetic_ascending" name="all_datasets"/>
    <testcase time="2.31999999999994" classname="ds.dataFrameSort_expt_multiple_alphabetic_ascending" name="all_datasets"/>
    <testcase time="0.000999999999976353" classname="ds.dataFrameSort_expt_multiple_alphabetic_ascending" name="all_datasets"/>
    <testcase time="0.000999999999976353" classname="ds.dataFrameSort_expt_multiple_alphabetic_ascending" name="all_datasets"/>
    <testcase time="1.5440000000001" classname="ds.dataFrameSort_expt_multiple_alphabetic_ascending" name="all_datasets"/>
    <testcase time="0.00199999999995271" classname="ds.dataFrameSort_expt_multiple_alphabetic_ascending" name="all_datasets"/>
    <testcase time="0.000999999999976353" classname="ds.dataFrameSort_expt_multiple_alphabetic_ascending" name="all_datasets"/>
    <testcase time="1.53800000000001" classname="ds.dataFrameSort_expt_multiple_alphabetic_ascending" name="all_datasets"/>
    <testcase time="0.00199999999995271" classname="ds.dataFrameSort_expt_multiple_alphabetic_ascending" name="all_datasets"/>
    <testcase time="0.00199999999995271" classname="ds.dataFrameSort_expt_multiple_alphabetic_ascending" name="all_datasets"/>
    <testcase time="1.54000000000019" classname="ds.dataFrameSort_expt_multiple_alphabetic_ascending" name="all_datasets"/>
    <testcase time="0.00199999999995271" classname="ds.dataFrameSort_expt_multiple_alphabetic_ascending" name="all_datasets"/>
    <testcase time="0.000999999999976353" classname="ds.dataFrameSort_expt_multiple_alphabetic_ascending" name="all_datasets"/>
    <testcase time="2.30799999999999" classname="ds.dataFrameSort_expt_multiple_alphabetic_ascending" name="all_datasets"/>
    <testcase time="0.00199999999995271" classname="ds.dataFrameSort_expt_multiple_alphabetic_ascending" name="all_datasets"/>
    <testcase time="0.00199999999995271" classname="ds.dataFrameSort_expt_multiple_alphabetic_ascending" name="all_datasets"/>
    <testcase time="2.32100000000014" classname="ds.dataFrameSort_expt_multiple_alphabetic_ascending" name="all_datasets"/>
    <testcase time="0.00199999999995271" classname="ds.dataFrameSort_expt_multiple_alphabetic_ascending" name="all_datasets"/>
    <testcase time="0.00199999999995271" classname="ds.dataFrameSort_expt_multiple_alphabetic_ascending" name="all_datasets"/>
    <testcase time="1.56500000000005" classname="ds.dataFrameSort_expt_multiple_alphabetic_ascending" name="all_datasets"/>
    <testcase time="0.000999999999976353" classname="ds.dataFrameSort_expt_multiple_alphabetic_ascending" name="all_datasets"/>
    <testcase time="0.00199999999995271" classname="ds.dataFrameSort_expt_multiple_alphabetic_ascending" name="all_datasets"/>
    <testcase time="2.34100000000012" classname="ds.dataFrameSort_expt_multiple_alphabetic_ascending" name="all_datasets"/>
    <testcase time="0.00199999999995271" classname="ds.dataFrameSort_expt_multiple_alphabetic_ascending" name="all_datasets"/>
    <testcase time="0.000999999999976353" classname="ds.dataFrameSort_expt_multiple_alphabetic_ascending" name="all_datasets"/>
    <testcase time="1.53899999999999" classname="ds.dataFrameSort_expt_multiple_alphabetic_ascending" name="all_datasets"/>
    <testcase time="0.00199999999995271" classname="ds.dataFrameSort_expt_multiple_alphabetic_ascending" name="all_datasets"/>
    <testcase time="0.00200000000018008" classname="ds.dataFrameSort_expt_multiple_alphabetic_ascending" name="all_datasets"/>
  </testsuite>
  <testsuite name="ds.dataFrameSort::expt::single::alphabetic::ascending" timestamp="2020-07-06T23:24:48Z" hostname="fv-az14" tests="13" skipped="0" failures="0" errors="0" time="26.541">
    <testcase time="5.49699999999984" classname="ds.dataFrameSort_expt_single_alphabetic_ascending" name="dataset_2"/>
    <testcase time="1.40499999999997" classname="ds.dataFrameSort_expt_single_alphabetic_ascending" name="dataset_2"/>
    <testcase time="2.09900000000016" classname="ds.dataFrameSort_expt_single_alphabetic_ascending" name="dataset_2"/>
    <testcase time="2.14400000000001" classname="ds.dataFrameSort_expt_single_alphabetic_ascending" name="dataset_2"/>
    <testcase time="2.09699999999998" classname="ds.dataFrameSort_expt_single_alphabetic_ascending" name="dataset_2"/>
    <testcase time="1.40300000000002" classname="ds.dataFrameSort_expt_single_alphabetic_ascending" name="dataset_2"/>
    <testcase time="1.404" classname="ds.dataFrameSort_expt_single_alphabetic_ascending" name="dataset_2"/>
    <testcase time="1.39999999999986" classname="ds.dataFrameSort_expt_single_alphabetic_ascending" name="dataset_2"/>
    <testcase time="2.09500000000003" classname="ds.dataFrameSort_expt_single_alphabetic_ascending" name="dataset_2"/>
    <testcase time="2.09799999999996" classname="ds.dataFrameSort_expt_single_alphabetic_ascending" name="dataset_2"/>
    <testcase time="1.40700000000015" classname="ds.dataFrameSort_expt_single_alphabetic_ascending" name="dataset_2"/>
    <testcase time="2.09199999999987" classname="ds.dataFrameSort_expt_single_alphabetic_ascending" name="dataset_2"/>
    <testcase time="1.40000000000009" classname="ds.dataFrameSort_expt_single_alphabetic_ascending" name="dataset_2"/>
  </testsuite>
  <testsuite name="ds.dataFrameSort::expt::multiple::alphabetic::descending" timestamp="2020-07-06T23:25:15Z" hostname="fv-az14" tests="39" skipped="0" failures="0" errors="0" time="29.342">
    <testcase time="6.03899999999999" classname="ds.dataFrameSort_expt_multiple_alphabetic_descending" name="all_datasets"/>
    <testcase time="0.000999999999976353" classname="ds.dataFrameSort_expt_multiple_alphabetic_descending" name="all_datasets"/>
    <testcase time="0.000999999999976353" classname="ds.dataFrameSort_expt_multiple_alphabetic_descending" name="all_datasets"/>
    <testcase time="1.5440000000001" classname="ds.dataFrameSort_expt_multiple_alphabetic_descending" name="all_datasets"/>
    <testcase time="0.00199999999995271" classname="ds.dataFrameSort_expt_multiple_alphabetic_descending" name="all_datasets"/>
    <testcase time="0.000999999999976353" classname="ds.dataFrameSort_expt_multiple_alphabetic_descending" name="all_datasets"/>
    <testcase time="2.30899999999997" classname="ds.dataFrameSort_expt_multiple_alphabetic_descending" name="all_datasets"/>
    <testcase time="0.00199999999995271" classname="ds.dataFrameSort_expt_multiple_alphabetic_descending" name="all_datasets"/>
    <testcase time="0.000999999999976353" classname="ds.dataFrameSort_expt_multiple_alphabetic_descending" name="all_datasets"/>
    <testcase time="2.39800000000014" classname="ds.dataFrameSort_expt_multiple_alphabetic_descending" name="all_datasets"/>
    <testcase time="0.000999999999976353" classname="ds.dataFrameSort_expt_multiple_alphabetic_descending" name="all_datasets"/>
    <testcase time="0.000999999999976353" classname="ds.dataFrameSort_expt_multiple_alphabetic_descending" name="all_datasets"/>
    <testcase time="2.32500000000005" classname="ds.dataFrameSort_expt_multiple_alphabetic_descending" name="all_datasets"/>
    <testcase time="0.000999999999976353" classname="ds.dataFrameSort_expt_multiple_alphabetic_descending" name="all_datasets"/>
    <testcase time="0.000999999999976353" classname="ds.dataFrameSort_expt_multiple_alphabetic_descending" name="all_datasets"/>
    <testcase time="1.54999999999995" classname="ds.dataFrameSort_expt_multiple_alphabetic_descending" name="all_datasets"/>
    <testcase time="0.00200000000018008" classname="ds.dataFrameSort_expt_multiple_alphabetic_descending" name="all_datasets"/>
    <testcase time="0.000999999999976353" classname="ds.dataFrameSort_expt_multiple_alphabetic_descending" name="all_datasets"/>
    <testcase time="1.54700000000003" classname="ds.dataFrameSort_expt_multiple_alphabetic_descending" name="all_datasets"/>
    <testcase time="0.000999999999976353" classname="ds.dataFrameSort_expt_multiple_alphabetic_descending" name="all_datasets"/>
    <testcase time="0.00199999999995271" classname="ds.dataFrameSort_expt_multiple_alphabetic_descending" name="all_datasets"/>
    <testcase time="1.53800000000001" classname="ds.dataFrameSort_expt_multiple_alphabetic_descending" name="all_datasets"/>
    <testcase time="0.00199999999995271" classname="ds.dataFrameSort_expt_multiple_alphabetic_descending" name="all_datasets"/>
    <testcase time="0.000999999999976353" classname="ds.dataFrameSort_expt_multiple_alphabetic_descending" name="all_datasets"/>
    <testcase time="2.31600000000003" classname="ds.dataFrameSort_expt_multiple_alphabetic_descending" name="all_datasets"/>
    <testcase time="0.00199999999995271" classname="ds.dataFrameSort_expt_multiple_alphabetic_descending" name="all_datasets"/>
    <testcase time="0.00200000000018008" classname="ds.dataFrameSort_expt_multiple_alphabetic_descending" name="all_datasets"/>
    <testcase time="2.31799999999998" classname="ds.dataFrameSort_expt_multiple_alphabetic_descending" name="all_datasets"/>
    <testcase time="0.00199999999995271" classname="ds.dataFrameSort_expt_multiple_alphabetic_descending" name="all_datasets"/>
    <testcase time="0.000999999999976353" classname="ds.dataFrameSort_expt_multiple_alphabetic_descending" name="all_datasets"/>
    <testcase time="1.53999999999996" classname="ds.dataFrameSort_expt_multiple_alphabetic_descending" name="all_datasets"/>
    <testcase time="0.00199999999995271" classname="ds.dataFrameSort_expt_multiple_alphabetic_descending" name="all_datasets"/>
    <testcase time="0.00200000000018008" classname="ds.dataFrameSort_expt_multiple_alphabetic_descending" name="all_datasets"/>
    <testcase time="2.32799999999997" classname="ds.dataFrameSort_expt_multiple_alphabetic_descending" name="all_datasets"/>
    <testcase time="0.000999999999976353" classname="ds.dataFrameSort_expt_multiple_alphabetic_descending" name="all_datasets"/>
    <testcase time="0.00199999999995271" classname="ds.dataFrameSort_expt_multiple_alphabetic_descending" name="all_datasets"/>
    <testcase time="1.55099999999993" classname="ds.dataFrameSort_expt_multiple_alphabetic_descending" name="all_datasets"/>
    <testcase time="0.00200000000018008" classname="ds.dataFrameSort_expt_multiple_alphabetic_descending" name="all_datasets"/>
    <testcase time="0.00199999999995271" classname="ds.dataFrameSort_expt_multiple_alphabetic_descending" name="all_datasets"/>
  </testsuite>
  <testsuite name="ds.dataFrameSort::expt::single::alphabetic::descending" timestamp="2020-07-06T23:25:44Z" hostname="fv-az14" tests="13" skipped="0" failures="0" errors="0" time="25.834">
    <testcase time="4.82199999999989" classname="ds.dataFrameSort_expt_single_alphabetic_descending" name="dataset_3"/>
    <testcase time="1.39499999999998" classname="ds.dataFrameSort_expt_single_alphabetic_descending" name="dataset_3"/>
    <testcase time="2.09300000000007" classname="ds.dataFrameSort_expt_single_alphabetic_descending" name="dataset_3"/>
    <testcase time="2.14300000000003" classname="ds.dataFrameSort_expt_single_alphabetic_descending" name="dataset_3"/>
    <testcase time="2.09400000000005" classname="ds.dataFrameSort_expt_single_alphabetic_descending" name="dataset_3"/>
    <testcase time="1.39300000000003" classname="ds.dataFrameSort_expt_single_alphabetic_descending" name="dataset_3"/>
    <testcase time="1.40199999999982" classname="ds.dataFrameSort_expt_single_alphabetic_descending" name="dataset_3"/>
    <testcase time="1.40200000000004" classname="ds.dataFrameSort_expt_single_alphabetic_descending" name="dataset_3"/>
    <testcase time="2.09300000000007" classname="ds.dataFrameSort_expt_single_alphabetic_descending" name="dataset_3"/>
    <testcase time="2.09999999999991" classname="ds.dataFrameSort_expt_single_alphabetic_descending" name="dataset_3"/>
    <testcase time="1.40000000000009" classname="ds.dataFrameSort_expt_single_alphabetic_descending" name="dataset_3"/>
    <testcase time="2.096" classname="ds.dataFrameSort_expt_single_alphabetic_descending" name="dataset_3"/>
    <testcase time="1.40100000000007" classname="ds.dataFrameSort_expt_single_alphabetic_descending" name="dataset_3"/>
  </testsuite>
  <testsuite name="ds.dataFrameSort::expt::shutdown" timestamp="2020-07-06T23:26:10Z" hostname="fv-az14" tests="0" skipped="0" failures="0" errors="0" time="0"/>
  <testsuite name="ds.dataFrameSort::expt::done" timestamp="2020-07-06T23:26:10Z" hostname="fv-az14" tests="0" skipped="0" failures="0" errors="0" time="0"/>
  <testsuite name="ds.dataFrameSubset()::expt::multiple::parameter_class" timestamp="2020-07-06T23:26:10Z" hostname="fv-az14" tests="24" skipped="0" failures="0" errors="0" time="27.134">
    <testcase time="11.9579999999999" classname="ds.dataFrameSubset_expt_multiple_parameter_class" name="all_datasets"/>
    <testcase time="0.253000000000156" classname="ds.dataFrameSubset_expt_multiple_parameter_class" name="all_datasets"/>
    <testcase time="0.252999999999929" classname="ds.dataFrameSubset_expt_multiple_parameter_class" name="all_datasets"/>
    <testcase time="0.253999999999905" classname="ds.dataFrameSubset_expt_multiple_parameter_class" name="all_datasets"/>
    <testcase time="1.02500000000009" classname="ds.dataFrameSubset_expt_multiple_parameter_class" name="all_datasets"/>
    <testcase time="0.000999999999976353" classname="ds.dataFrameSubset_expt_multiple_parameter_class" name="all_datasets"/>
    <testcase time="0.000999999999976353" classname="ds.dataFrameSubset_expt_multiple_parameter_class" name="all_datasets"/>
    <testcase time="0.838999999999942" classname="ds.dataFrameSubset_expt_multiple_parameter_class" name="all_datasets"/>
    <testcase time="2.22199999999998" classname="ds.dataFrameSubset_expt_multiple_parameter_class" name="all_datasets"/>
    <testcase time="0.00200000000018008" classname="ds.dataFrameSubset_expt_multiple_parameter_class" name="all_datasets"/>
    <testcase time="0.000999999999976353" classname="ds.dataFrameSubset_expt_multiple_parameter_class" name="all_datasets"/>
    <testcase time="3.40200000000004" classname="ds.dataFrameSubset_expt_multiple_parameter_class" name="all_datasets"/>
    <testcase time="0.000999999999976353" classname="ds.dataFrameSubset_expt_multiple_parameter_class" name="all_datasets"/>
    <testcase time="0.00199999999995271" classname="ds.dataFrameSubset_expt_multiple_parameter_class" name="all_datasets"/>
    <testcase time="3.40499999999997" classname="ds.dataFrameSubset_expt_multiple_parameter_class" name="all_datasets"/>
    <testcase time="0.000999999999976353" classname="ds.dataFrameSubset_expt_multiple_parameter_class" name="all_datasets"/>
    <testcase time="0.00199999999995271" classname="ds.dataFrameSubset_expt_multiple_parameter_class" name="all_datasets"/>
    <testcase time="1.44800000000009" classname="ds.dataFrameSubset_expt_multiple_parameter_class" name="all_datasets"/>
    <testcase time="1.03099999999995" classname="ds.dataFrameSubset_expt_multiple_parameter_class" name="all_datasets"/>
    <testcase time="0.00199999999995271" classname="ds.dataFrameSubset_expt_multiple_parameter_class" name="all_datasets"/>
    <testcase time="0.00200000000018008" classname="ds.dataFrameSubset_expt_multiple_parameter_class" name="all_datasets"/>
    <testcase time="1.02599999999984" classname="ds.dataFrameSubset_expt_multiple_parameter_class" name="all_datasets"/>
    <testcase time="0.00199999999995271" classname="ds.dataFrameSubset_expt_multiple_parameter_class" name="all_datasets"/>
    <testcase time="0.00100000000020373" classname="ds.dataFrameSubset_expt_multiple_parameter_class" name="all_datasets"/>
  </testsuite>
  <testsuite name="ds.dataFrameSubset()::expt::single::parameter_class" timestamp="2020-07-06T23:26:37Z" hostname="fv-az14" tests="10" skipped="0" failures="0" errors="0" time="11.824">
    <testcase time="5.02199999999993" classname="ds.dataFrameSubset_expt_single_parameter_class" name="dataset_1"/>
    <testcase time="0.2349999999999" classname="ds.dataFrameSubset_expt_single_parameter_class" name="dataset_1"/>
    <testcase time="0.23700000000008" classname="ds.dataFrameSubset_expt_single_parameter_class" name="dataset_1"/>
    <testcase time="0.2349999999999" classname="ds.dataFrameSubset_expt_single_parameter_class" name="dataset_1"/>
    <testcase time="0.940000000000055" classname="ds.dataFrameSubset_expt_single_parameter_class" name="dataset_1"/>
    <testcase time="0.70900000000006" classname="ds.dataFrameSubset_expt_single_parameter_class" name="dataset_1"/>
    <testcase time="1.65599999999995" classname="ds.dataFrameSubset_expt_single_parameter_class" name="dataset_1"/>
    <testcase time="0.925999999999931" classname="ds.dataFrameSubset_expt_single_parameter_class" name="dataset_1"/>
    <testcase time="0.93300000000022" classname="ds.dataFrameSubset_expt_single_parameter_class" name="dataset_1"/>
    <testcase time="0.930999999999813" classname="ds.dataFrameSubset_expt_single_parameter_class" name="dataset_1"/>
  </testsuite>
  <testsuite name="ds.dataFrameSubset()::expt::multiple::all_columns" timestamp="2020-07-06T23:26:49Z" hostname="fv-az14" tests="48" skipped="0" failures="0" errors="0" time="29.683">
    <testcase time="8.67100000000005" classname="ds.dataFrameSubset_expt_multiple_all_columns" name="all_datasets"/>
    <testcase time="0.000999999999976353" classname="ds.dataFrameSubset_expt_multiple_all_columns" name="all_datasets"/>
    <testcase time="0.000999999999976353" classname="ds.dataFrameSubset_expt_multiple_all_columns" name="all_datasets"/>
    <testcase time="0.000999999999976353" classname="ds.dataFrameSubset_expt_multiple_all_columns" name="all_datasets"/>
    <testcase time="0.000999999999976353" classname="ds.dataFrameSubset_expt_multiple_all_columns" name="all_datasets"/>
    <testcase time="0.000999999999976353" classname="ds.dataFrameSubset_expt_multiple_all_columns" name="all_datasets"/>
    <testcase time="0.000999999999976353" classname="ds.dataFrameSubset_expt_multiple_all_columns" name="all_datasets"/>
    <testcase time="0.000999999999976353" classname="ds.dataFrameSubset_expt_multiple_all_columns" name="all_datasets"/>
    <testcase time="4.22800000000007" classname="ds.dataFrameSubset_expt_multiple_all_columns" name="all_datasets"/>
    <testcase time="0.000999999999976353" classname="ds.dataFrameSubset_expt_multiple_all_columns" name="all_datasets"/>
    <testcase time="0.00199999999995271" classname="ds.dataFrameSubset_expt_multiple_all_columns" name="all_datasets"/>
    <testcase time="0.000999999999976353" classname="ds.dataFrameSubset_expt_multiple_all_columns" name="all_datasets"/>
    <testcase time="0.000999999999976353" classname="ds.dataFrameSubset_expt_multiple_all_columns" name="all_datasets"/>
    <testcase time="0.00199999999995271" classname="ds.dataFrameSubset_expt_multiple_all_columns" name="all_datasets"/>
    <testcase time="0.00100000000020373" classname="ds.dataFrameSubset_expt_multiple_all_columns" name="all_datasets"/>
    <testcase time="0.000999999999976353" classname="ds.dataFrameSubset_expt_multiple_all_columns" name="all_datasets"/>
    <testcase time="4.1909999999998" classname="ds.dataFrameSubset_expt_multiple_all_columns" name="all_datasets"/>
    <testcase time="0.00100000000020373" classname="ds.dataFrameSubset_expt_multiple_all_columns" name="all_datasets"/>
    <testcase time="0.00199999999995271" classname="ds.dataFrameSubset_expt_multiple_all_columns" name="all_datasets"/>
    <testcase time="0.000999999999976353" classname="ds.dataFrameSubset_expt_multiple_all_columns" name="all_datasets"/>
    <testcase time="0.000999999999976353" classname="ds.dataFrameSubset_expt_multiple_all_columns" name="all_datasets"/>
    <testcase time="0.00199999999995271" classname="ds.dataFrameSubset_expt_multiple_all_columns" name="all_datasets"/>
    <testcase time="0.000999999999976353" classname="ds.dataFrameSubset_expt_multiple_all_columns" name="all_datasets"/>
    <testcase time="0.00200000000018008" classname="ds.dataFrameSubset_expt_multiple_all_columns" name="all_datasets"/>
    <testcase time="4.16999999999985" classname="ds.dataFrameSubset_expt_multiple_all_columns" name="all_datasets"/>
    <testcase time="0.00199999999995271" classname="ds.dataFrameSubset_expt_multiple_all_columns" name="all_datasets"/>
    <testcase time="0.00100000000020373" classname="ds.dataFrameSubset_expt_multiple_all_columns" name="all_datasets"/>
    <testcase time="0.00199999999995271" classname="ds.dataFrameSubset_expt_multiple_all_columns" name="all_datasets"/>
    <testcase time="0.000999999999976353" classname="ds.dataFrameSubset_expt_multiple_all_columns" name="all_datasets"/>
    <testcase time="0.00199999999995271" classname="ds.dataFrameSubset_expt_multiple_all_columns" name="all_datasets"/>
    <testcase time="0.000999999999976353" classname="ds.dataFrameSubset_expt_multiple_all_columns" name="all_datasets"/>
    <testcase time="0.000999999999976353" classname="ds.dataFrameSubset_expt_multiple_all_columns" name="all_datasets"/>
    <testcase time="4.18100000000004" classname="ds.dataFrameSubset_expt_multiple_all_columns" name="all_datasets"/>
    <testcase time="0.00199999999995271" classname="ds.dataFrameSubset_expt_multiple_all_columns" name="all_datasets"/>
    <testcase time="0.000999999999976353" classname="ds.dataFrameSubset_expt_multiple_all_columns" name="all_datasets"/>
    <testcase time="0.00200000000018008" classname="ds.dataFrameSubset_expt_multiple_all_columns" name="all_datasets"/>
    <testcase time="0.00199999999995271" classname="ds.dataFrameSubset_expt_multiple_all_columns" name="all_datasets"/>
    <testcase time="0.000999999999976353" classname="ds.dataFrameSubset_expt_multiple_all_columns" name="all_datasets"/>
    <testcase time="0.00199999999995271" classname="ds.dataFrameSubset_expt_multiple_all_columns" name="all_datasets"/>
    <testcase time="0.00199999999995271" classname="ds.dataFrameSubset_expt_multiple_all_columns" name="all_datasets"/>
    <testcase time="4.18000000000006" classname="ds.dataFrameSubset_expt_multiple_all_columns" name="all_datasets"/>
    <testcase time="0.00199999999995271" classname="ds.dataFrameSubset_expt_multiple_all_columns" name="all_datasets"/>
    <testcase time="0.00200000000018008" classname="ds.dataFrameSubset_expt_multiple_all_columns" name="all_datasets"/>
    <testcase time="0.00199999999995271" classname="ds.dataFrameSubset_expt_multiple_all_columns" name="all_datasets"/>
    <testcase time="0.00199999999995271" classname="ds.dataFrameSubset_expt_multiple_all_columns" name="all_datasets"/>
    <testcase time="0.00199999999995271" classname="ds.dataFrameSubset_expt_multiple_all_columns" name="all_datasets"/>
    <testcase time="0.00199999999995271" classname="ds.dataFrameSubset_expt_multiple_all_columns" name="all_datasets"/>
    <testcase time="0.00200000000018008" classname="ds.dataFrameSubset_expt_multiple_all_columns" name="all_datasets"/>
  </testsuite>
  <testsuite name="ds.dataFrameSubset()::expt::single::all_columns" timestamp="2020-07-06T23:27:19Z" hostname="fv-az14" tests="24" skipped="0" failures="0" errors="0" time="21.539">
    <testcase time="6.41099999999983" classname="ds.dataFrameSubset_expt_single_all_columns" name="dataset_2"/>
    <testcase time="0.000999999999976353" classname="ds.dataFrameSubset_expt_single_all_columns" name="dataset_2"/>
    <testcase time="0.00100000000020373" classname="ds.dataFrameSubset_expt_single_all_columns" name="dataset_2"/>
    <testcase time="0.00199999999995271" classname="ds.dataFrameSubset_expt_single_all_columns" name="dataset_2"/>
    <testcase time="3.04399999999987" classname="ds.dataFrameSubset_expt_single_all_columns" name="dataset_2"/>
    <testcase time="0.00100000000020373" classname="ds.dataFrameSubset_expt_single_all_columns" name="dataset_2"/>
    <testcase time="0.000999999999976353" classname="ds.dataFrameSubset_expt_single_all_columns" name="dataset_2"/>
    <testcase time="0.000999999999976353" classname="ds.dataFrameSubset_expt_single_all_columns" name="dataset_2"/>
    <testcase time="3.01999999999998" classname="ds.dataFrameSubset_expt_single_all_columns" name="dataset_2"/>
    <testcase time="0.00199999999995271" classname="ds.dataFrameSubset_expt_single_all_columns" name="dataset_2"/>
    <testcase time="0.000999999999976353" classname="ds.dataFrameSubset_expt_single_all_columns" name="dataset_2"/>
    <testcase time="0.000999999999976353" classname="ds.dataFrameSubset_expt_single_all_columns" name="dataset_2"/>
    <testcase time="3.01199999999994" classname="ds.dataFrameSubset_expt_single_all_columns" name="dataset_2"/>
    <testcase time="0.00200000000018008" classname="ds.dataFrameSubset_expt_single_all_columns" name="dataset_2"/>
    <testcase time="0.000999999999976353" classname="ds.dataFrameSubset_expt_single_all_columns" name="dataset_2"/>
    <testcase time="0.000999999999976353" classname="ds.dataFrameSubset_expt_single_all_columns" name="dataset_2"/>
    <testcase time="3.01499999999987" classname="ds.dataFrameSubset_expt_single_all_columns" name="dataset_2"/>
    <testcase time="0.00200000000018008" classname="ds.dataFrameSubset_expt_single_all_columns" name="dataset_2"/>
    <testcase time="0.000999999999976353" classname="ds.dataFrameSubset_expt_single_all_columns" name="dataset_2"/>
    <testcase time="0.00199999999995271" classname="ds.dataFrameSubset_expt_single_all_columns" name="dataset_2"/>
    <testcase time="3.01199999999994" classname="ds.dataFrameSubset_expt_single_all_columns" name="dataset_2"/>
    <testcase time="0.00199999999995271" classname="ds.dataFrameSubset_expt_single_all_columns" name="dataset_2"/>
    <testcase time="0.00100000000020373" classname="ds.dataFrameSubset_expt_single_all_columns" name="dataset_2"/>
    <testcase time="0.00199999999995271" classname="ds.dataFrameSubset_expt_single_all_columns" name="dataset_2"/>
  </testsuite>
  <testsuite name="ds.dataFrameSubset()::expt::multiple::all_columns::subset_by_rows" timestamp="2020-07-06T23:27:40Z" hostname="fv-az14" tests="30" skipped="0" failures="0" errors="0" time="58.343">
    <testcase time="9.37799999999993" classname="ds.dataFrameSubset_expt_multiple_all_columns_subset_by_rows" name="all_datasets"/>
    <testcase time="0.256000000000085" classname="ds.dataFrameSubset_expt_multiple_all_columns_subset_by_rows" name="all_datasets"/>
    <testcase time="0.256999999999834" classname="ds.dataFrameSubset_expt_multiple_all_columns_subset_by_rows" name="all_datasets"/>
    <testcase time="4.9190000000001" classname="ds.dataFrameSubset_expt_multiple_all_columns_subset_by_rows" name="all_datasets"/>
    <testcase time="0.256000000000085" classname="ds.dataFrameSubset_expt_multiple_all_columns_subset_by_rows" name="all_datasets"/>
    <testcase time="0.255999999999858" classname="ds.dataFrameSubset_expt_multiple_all_columns_subset_by_rows" name="all_datasets"/>
    <testcase time="4.8610000000001" classname="ds.dataFrameSubset_expt_multiple_all_columns_subset_by_rows" name="all_datasets"/>
    <testcase time="0.259000000000015" classname="ds.dataFrameSubset_expt_multiple_all_columns_subset_by_rows" name="all_datasets"/>
    <testcase time="0.256999999999834" classname="ds.dataFrameSubset_expt_multiple_all_columns_subset_by_rows" name="all_datasets"/>
    <testcase time="4.86700000000019" classname="ds.dataFrameSubset_expt_multiple_all_columns_subset_by_rows" name="all_datasets"/>
    <testcase time="0.255999999999858" classname="ds.dataFrameSubset_expt_multiple_all_columns_subset_by_rows" name="all_datasets"/>
    <testcase time="0.256000000000085" classname="ds.dataFrameSubset_expt_multiple_all_columns_subset_by_rows" name="all_datasets"/>
    <testcase time="4.85599999999999" classname="ds.dataFrameSubset_expt_multiple_all_columns_subset_by_rows" name="all_datasets"/>
    <testcase time="0.256000000000085" classname="ds.dataFrameSubset_expt_multiple_all_columns_subset_by_rows" name="all_datasets"/>
    <testcase time="0.256999999999834" classname="ds.dataFrameSubset_expt_multiple_all_columns_subset_by_rows" name="all_datasets"/>
    <testcase time="4.87100000000009" classname="ds.dataFrameSubset_expt_multiple_all_columns_subset_by_rows" name="all_datasets"/>
    <testcase time="0.255999999999858" classname="ds.dataFrameSubset_expt_multiple_all_columns_subset_by_rows" name="all_datasets"/>
    <testcase time="0.256000000000085" classname="ds.dataFrameSubset_expt_multiple_all_columns_subset_by_rows" name="all_datasets"/>
    <testcase time="4.85200000000009" classname="ds.dataFrameSubset_expt_multiple_all_columns_subset_by_rows" name="all_datasets"/>
    <testcase time="0.256999999999834" classname="ds.dataFrameSubset_expt_multiple_all_columns_subset_by_rows" name="all_datasets"/>
    <testcase time="0.259000000000015" classname="ds.dataFrameSubset_expt_multiple_all_columns_subset_by_rows" name="all_datasets"/>
    <testcase time="4.86000000000013" classname="ds.dataFrameSubset_expt_multiple_all_columns_subset_by_rows" name="all_datasets"/>
    <testcase time="0.258000000000038" classname="ds.dataFrameSubset_expt_multiple_all_columns_subset_by_rows" name="all_datasets"/>
    <testcase time="0.259000000000015" classname="ds.dataFrameSubset_expt_multiple_all_columns_subset_by_rows" name="all_datasets"/>
    <testcase time="4.86399999999981" classname="ds.dataFrameSubset_expt_multiple_all_columns_subset_by_rows" name="all_datasets"/>
    <testcase time="0.259000000000015" classname="ds.dataFrameSubset_expt_multiple_all_columns_subset_by_rows" name="all_datasets"/>
    <testcase time="0.259999999999991" classname="ds.dataFrameSubset_expt_multiple_all_columns_subset_by_rows" name="all_datasets"/>
    <testcase time="4.87100000000009" classname="ds.dataFrameSubset_expt_multiple_all_columns_subset_by_rows" name="all_datasets"/>
    <testcase time="0.257000000000062" classname="ds.dataFrameSubset_expt_multiple_all_columns_subset_by_rows" name="all_datasets"/>
    <testcase time="0.256999999999834" classname="ds.dataFrameSubset_expt_multiple_all_columns_subset_by_rows" name="all_datasets"/>
  </testsuite>
  <testsuite name="ds.dataFrameSubset()::expt::single::all_columns::subset_by_rows" timestamp="2020-07-06T23:28:39Z" hostname="fv-az14" tests="10" skipped="0" failures="0" errors="0" time="22.088">
    <testcase time="5.27700000000004" classname="ds.dataFrameSubset_expt_single_all_columns_subset_by_rows" name="dataset_3"/>
    <testcase time="1.89800000000014" classname="ds.dataFrameSubset_expt_single_all_columns_subset_by_rows" name="dataset_3"/>
    <testcase time="1.86500000000001" classname="ds.dataFrameSubset_expt_single_all_columns_subset_by_rows" name="dataset_3"/>
    <testcase time="1.86799999999994" classname="ds.dataFrameSubset_expt_single_all_columns_subset_by_rows" name="dataset_3"/>
    <testcase time="1.86799999999994" classname="ds.dataFrameSubset_expt_single_all_columns_subset_by_rows" name="dataset_3"/>
    <testcase time="1.85599999999999" classname="ds.dataFrameSubset_expt_single_all_columns_subset_by_rows" name="dataset_3"/>
    <testcase time="1.86599999999999" classname="ds.dataFrameSubset_expt_single_all_columns_subset_by_rows" name="dataset_3"/>
    <testcase time="1.87100000000009" classname="ds.dataFrameSubset_expt_single_all_columns_subset_by_rows" name="dataset_3"/>
    <testcase time="1.85899999999992" classname="ds.dataFrameSubset_expt_single_all_columns_subset_by_rows" name="dataset_3"/>
    <testcase time="1.86000000000013" classname="ds.dataFrameSubset_expt_single_all_columns_subset_by_rows" name="dataset_3"/>
  </testsuite>
  <testsuite name="ds.dataFrameSubset()::expt::multiple::subset_by_rows_columns" timestamp="2020-07-06T23:29:01Z" hostname="fv-az14" tests="60" skipped="0" failures="0" errors="0" time="129.83">
    <testcase time="12.9119999999998" classname="ds.dataFrameSubset_expt_multiple_subset_by_rows_columns" name="all_datasets"/>
    <testcase time="1.18700000000013" classname="ds.dataFrameSubset_expt_multiple_subset_by_rows_columns" name="all_datasets"/>
    <testcase time="0.256000000000085" classname="ds.dataFrameSubset_expt_multiple_subset_by_rows_columns" name="all_datasets"/>
    <testcase time="1.18999999999983" classname="ds.dataFrameSubset_expt_multiple_subset_by_rows_columns" name="all_datasets"/>
    <testcase time="0.30600000000004" classname="ds.dataFrameSubset_expt_multiple_subset_by_rows_columns" name="all_datasets"/>
    <testcase time="1.19100000000003" classname="ds.dataFrameSubset_expt_multiple_subset_by_rows_columns" name="all_datasets"/>
    <testcase time="8.60799999999995" classname="ds.dataFrameSubset_expt_multiple_subset_by_rows_columns" name="all_datasets"/>
    <testcase time="1.1880000000001" classname="ds.dataFrameSubset_expt_multiple_subset_by_rows_columns" name="all_datasets"/>
    <testcase time="0.258000000000038" classname="ds.dataFrameSubset_expt_multiple_subset_by_rows_columns" name="all_datasets"/>
    <testcase time="1.19799999999987" classname="ds.dataFrameSubset_expt_multiple_subset_by_rows_columns" name="all_datasets"/>
    <testcase time="0.256000000000085" classname="ds.dataFrameSubset_expt_multiple_subset_by_rows_columns" name="all_datasets"/>
    <testcase time="1.18799999999987" classname="ds.dataFrameSubset_expt_multiple_subset_by_rows_columns" name="all_datasets"/>
    <testcase time="8.42400000000021" classname="ds.dataFrameSubset_expt_multiple_subset_by_rows_columns" name="all_datasets"/>
    <testcase time="1.18399999999997" classname="ds.dataFrameSubset_expt_multiple_subset_by_rows_columns" name="all_datasets"/>
    <testcase time="0.259000000000015" classname="ds.dataFrameSubset_expt_multiple_subset_by_rows_columns" name="all_datasets"/>
    <testcase time="1.19599999999991" classname="ds.dataFrameSubset_expt_multiple_subset_by_rows_columns" name="all_datasets"/>
    <testcase time="0.256000000000085" classname="ds.dataFrameSubset_expt_multiple_subset_by_rows_columns" name="all_datasets"/>
    <testcase time="1.18499999999995" classname="ds.dataFrameSubset_expt_multiple_subset_by_rows_columns" name="all_datasets"/>
    <testcase time="8.40699999999993" classname="ds.dataFrameSubset_expt_multiple_subset_by_rows_columns" name="all_datasets"/>
    <testcase time="1.18100000000004" classname="ds.dataFrameSubset_expt_multiple_subset_by_rows_columns" name="all_datasets"/>
    <testcase time="0.259999999999991" classname="ds.dataFrameSubset_expt_multiple_subset_by_rows_columns" name="all_datasets"/>
    <testcase time="1.19200000000001" classname="ds.dataFrameSubset_expt_multiple_subset_by_rows_columns" name="all_datasets"/>
    <testcase time="0.256000000000085" classname="ds.dataFrameSubset_expt_multiple_subset_by_rows_columns" name="all_datasets"/>
    <testcase time="1.18299999999999" classname="ds.dataFrameSubset_expt_multiple_subset_by_rows_columns" name="all_datasets"/>
    <testcase time="8.44299999999998" classname="ds.dataFrameSubset_expt_multiple_subset_by_rows_columns" name="all_datasets"/>
    <testcase time="1.19000000000005" classname="ds.dataFrameSubset_expt_multiple_subset_by_rows_columns" name="all_datasets"/>
    <testcase time="0.255999999999858" classname="ds.dataFrameSubset_expt_multiple_subset_by_rows_columns" name="all_datasets"/>
    <testcase time="1.19800000000009" classname="ds.dataFrameSubset_expt_multiple_subset_by_rows_columns" name="all_datasets"/>
    <testcase time="0.261999999999944" classname="ds.dataFrameSubset_expt_multiple_subset_by_rows_columns" name="all_datasets"/>
    <testcase time="1.1869999999999" classname="ds.dataFrameSubset_expt_multiple_subset_by_rows_columns" name="all_datasets"/>
    <testcase time="8.41800000000012" classname="ds.dataFrameSubset_expt_multiple_subset_by_rows_columns" name="all_datasets"/>
    <testcase time="1.1869999999999" classname="ds.dataFrameSubset_expt_multiple_subset_by_rows_columns" name="all_datasets"/>
    <testcase time="0.256000000000085" classname="ds.dataFrameSubset_expt_multiple_subset_by_rows_columns" name="all_datasets"/>
    <testcase time="1.1880000000001" classname="ds.dataFrameSubset_expt_multiple_subset_by_rows_columns" name="all_datasets"/>
    <testcase time="0.257999999999811" classname="ds.dataFrameSubset_expt_multiple_subset_by_rows_columns" name="all_datasets"/>
    <testcase time="1.18600000000015" classname="ds.dataFrameSubset_expt_multiple_subset_by_rows_columns" name="all_datasets"/>
    <testcase time="8.40899999999988" classname="ds.dataFrameSubset_expt_multiple_subset_by_rows_columns" name="all_datasets"/>
    <testcase time="1.19500000000016" classname="ds.dataFrameSubset_expt_multiple_subset_by_rows_columns" name="all_datasets"/>
    <testcase time="0.255999999999858" classname="ds.dataFrameSubset_expt_multiple_subset_by_rows_columns" name="all_datasets"/>
    <testcase time="1.19200000000001" classname="ds.dataFrameSubset_expt_multiple_subset_by_rows_columns" name="all_datasets"/>
    <testcase time="0.2650000000001" classname="ds.dataFrameSubset_expt_multiple_subset_by_rows_columns" name="all_datasets"/>
    <testcase time="1.1869999999999" classname="ds.dataFrameSubset_expt_multiple_subset_by_rows_columns" name="all_datasets"/>
    <testcase time="8.41599999999994" classname="ds.dataFrameSubset_expt_multiple_subset_by_rows_columns" name="all_datasets"/>
    <testcase time="1.1840000000002" classname="ds.dataFrameSubset_expt_multiple_subset_by_rows_columns" name="all_datasets"/>
    <testcase time="0.255999999999858" classname="ds.dataFrameSubset_expt_multiple_subset_by_rows_columns" name="all_datasets"/>
    <testcase time="1.20000000000005" classname="ds.dataFrameSubset_expt_multiple_subset_by_rows_columns" name="all_datasets"/>
    <testcase time="0.256000000000085" classname="ds.dataFrameSubset_expt_multiple_subset_by_rows_columns" name="all_datasets"/>
    <testcase time="1.18399999999997" classname="ds.dataFrameSubset_expt_multiple_subset_by_rows_columns" name="all_datasets"/>
    <testcase time="8.44899999999984" classname="ds.dataFrameSubset_expt_multiple_subset_by_rows_columns" name="all_datasets"/>
    <testcase time="1.1880000000001" classname="ds.dataFrameSubset_expt_multiple_subset_by_rows_columns" name="all_datasets"/>
    <testcase time="0.261999999999944" classname="ds.dataFrameSubset_expt_multiple_subset_by_rows_columns" name="all_datasets"/>
    <testcase time="1.19299999999998" classname="ds.dataFrameSubset_expt_multiple_subset_by_rows_columns" name="all_datasets"/>
    <testcase time="0.256000000000085" classname="ds.dataFrameSubset_expt_multiple_subset_by_rows_columns" name="all_datasets"/>
    <testcase time="1.19200000000001" classname="ds.dataFrameSubset_expt_multiple_subset_by_rows_columns" name="all_datasets"/>
    <testcase time="8.44799999999987" classname="ds.dataFrameSubset_expt_multiple_subset_by_rows_columns" name="all_datasets"/>
    <testcase time="1.1880000000001" classname="ds.dataFrameSubset_expt_multiple_subset_by_rows_columns" name="all_datasets"/>
    <testcase time="0.268000000000029" classname="ds.dataFrameSubset_expt_multiple_subset_by_rows_columns" name="all_datasets"/>
    <testcase time="1.18799999999987" classname="ds.dataFrameSubset_expt_multiple_subset_by_rows_columns" name="all_datasets"/>
    <testcase time="0.259999999999991" classname="ds.dataFrameSubset_expt_multiple_subset_by_rows_columns" name="all_datasets"/>
    <testcase time="1.1880000000001" classname="ds.dataFrameSubset_expt_multiple_subset_by_rows_columns" name="all_datasets"/>
  </testsuite>
  <testsuite name="ds.dataFrameSubset()::expt::single::subset_by_rows_columns" timestamp="2020-07-06T23:31:10Z" hostname="fv-az14" tests="20" skipped="0" failures="0" errors="0" time="35.917">
    <testcase time="5.95700000000011" classname="ds.dataFrameSubset_expt_single_subset_by_rows_columns" name="dataset_1"/>
    <testcase time="0.687999999999874" classname="ds.dataFrameSubset_expt_single_subset_by_rows_columns" name="dataset_1"/>
    <testcase time="2.58899999999994" classname="ds.dataFrameSubset_expt_single_subset_by_rows_columns" name="dataset_1"/>
    <testcase time="0.697000000000116" classname="ds.dataFrameSubset_expt_single_subset_by_rows_columns" name="dataset_1"/>
    <testcase time="2.54899999999998" classname="ds.dataFrameSubset_expt_single_subset_by_rows_columns" name="dataset_1"/>
    <testcase time="0.689000000000078" classname="ds.dataFrameSubset_expt_single_subset_by_rows_columns" name="dataset_1"/>
    <testcase time="2.55700000000002" classname="ds.dataFrameSubset_expt_single_subset_by_rows_columns" name="dataset_1"/>
    <testcase time="0.690999999999804" classname="ds.dataFrameSubset_expt_single_subset_by_rows_columns" name="dataset_1"/>
    <testcase time="2.56400000000008" classname="ds.dataFrameSubset_expt_single_subset_by_rows_columns" name="dataset_1"/>
    <testcase time="0.695999999999913" classname="ds.dataFrameSubset_expt_single_subset_by_rows_columns" name="dataset_1"/>
    <testcase time="2.548" classname="ds.dataFrameSubset_expt_single_subset_by_rows_columns" name="dataset_1"/>
    <testcase time="0.697000000000116" classname="ds.dataFrameSubset_expt_single_subset_by_rows_columns" name="dataset_1"/>
    <testcase time="2.56299999999987" classname="ds.dataFrameSubset_expt_single_subset_by_rows_columns" name="dataset_1"/>
    <testcase time="0.692000000000007" classname="ds.dataFrameSubset_expt_single_subset_by_rows_columns" name="dataset_1"/>
    <testcase time="2.55300000000011" classname="ds.dataFrameSubset_expt_single_subset_by_rows_columns" name="dataset_1"/>
    <testcase time="0.691000000000031" classname="ds.dataFrameSubset_expt_single_subset_by_rows_columns" name="dataset_1"/>
    <testcase time="2.55500000000006" classname="ds.dataFrameSubset_expt_single_subset_by_rows_columns" name="dataset_1"/>
    <testcase time="0.692999999999984" classname="ds.dataFrameSubset_expt_single_subset_by_rows_columns" name="dataset_1"/>
    <testcase time="2.55599999999981" classname="ds.dataFrameSubset_expt_single_subset_by_rows_columns" name="dataset_1"/>
    <testcase time="0.692000000000007" classname="ds.dataFrameSubset_expt_single_subset_by_rows_columns" name="dataset_1"/>
  </testsuite>
  <testsuite name="ds.dataFrameSubset()::expt::multiple::subset_by_rows_columns" timestamp="2020-07-06T23:31:46Z" hostname="fv-az14" tests="60" skipped="0" failures="0" errors="0" time="129.765">
    <testcase time="12.9190000000001" classname="ds.dataFrameSubset_expt_multiple_subset_by_rows_columns" name="all_datasets"/>
    <testcase time="1.18399999999997" classname="ds.dataFrameSubset_expt_multiple_subset_by_rows_columns" name="all_datasets"/>
    <testcase time="0.259000000000015" classname="ds.dataFrameSubset_expt_multiple_subset_by_rows_columns" name="all_datasets"/>
    <testcase time="1.19000000000005" classname="ds.dataFrameSubset_expt_multiple_subset_by_rows_columns" name="all_datasets"/>
    <testcase time="0.317000000000007" classname="ds.dataFrameSubset_expt_multiple_subset_by_rows_columns" name="all_datasets"/>
    <testcase time="1.19000000000005" classname="ds.dataFrameSubset_expt_multiple_subset_by_rows_columns" name="all_datasets"/>
    <testcase time="8.41099999999983" classname="ds.dataFrameSubset_expt_multiple_subset_by_rows_columns" name="all_datasets"/>
    <testcase time="1.18600000000015" classname="ds.dataFrameSubset_expt_multiple_subset_by_rows_columns" name="all_datasets"/>
    <testcase time="0.257999999999811" classname="ds.dataFrameSubset_expt_multiple_subset_by_rows_columns" name="all_datasets"/>
    <testcase time="1.1880000000001" classname="ds.dataFrameSubset_expt_multiple_subset_by_rows_columns" name="all_datasets"/>
    <testcase time="0.268000000000029" classname="ds.dataFrameSubset_expt_multiple_subset_by_rows_columns" name="all_datasets"/>
    <testcase time="1.20499999999993" classname="ds.dataFrameSubset_expt_multiple_subset_by_rows_columns" name="all_datasets"/>
    <testcase time="8.41499999999996" classname="ds.dataFrameSubset_expt_multiple_subset_by_rows_columns" name="all_datasets"/>
    <testcase time="1.18200000000002" classname="ds.dataFrameSubset_expt_multiple_subset_by_rows_columns" name="all_datasets"/>
    <testcase time="0.264000000000124" classname="ds.dataFrameSubset_expt_multiple_subset_by_rows_columns" name="all_datasets"/>
    <testcase time="1.19499999999994" classname="ds.dataFrameSubset_expt_multiple_subset_by_rows_columns" name="all_datasets"/>
    <testcase time="0.261999999999944" classname="ds.dataFrameSubset_expt_multiple_subset_by_rows_columns" name="all_datasets"/>
    <testcase time="1.18600000000015" classname="ds.dataFrameSubset_expt_multiple_subset_by_rows_columns" name="all_datasets"/>
    <testcase time="8.44399999999996" classname="ds.dataFrameSubset_expt_multiple_subset_by_rows_columns" name="all_datasets"/>
    <testcase time="1.18599999999992" classname="ds.dataFrameSubset_expt_multiple_subset_by_rows_columns" name="all_datasets"/>
    <testcase time="0.259000000000015" classname="ds.dataFrameSubset_expt_multiple_subset_by_rows_columns" name="all_datasets"/>
    <testcase time="1.19200000000001" classname="ds.dataFrameSubset_expt_multiple_subset_by_rows_columns" name="all_datasets"/>
    <testcase time="0.258000000000038" classname="ds.dataFrameSubset_expt_multiple_subset_by_rows_columns" name="all_datasets"/>
    <testcase time="1.18399999999997" classname="ds.dataFrameSubset_expt_multiple_subset_by_rows_columns" name="all_datasets"/>
    <testcase time="8.43299999999999" classname="ds.dataFrameSubset_expt_multiple_subset_by_rows_columns" name="all_datasets"/>
    <testcase time="1.18399999999997" classname="ds.dataFrameSubset_expt_multiple_subset_by_rows_columns" name="all_datasets"/>
    <testcase time="0.256000000000085" classname="ds.dataFrameSubset_expt_multiple_subset_by_rows_columns" name="all_datasets"/>
    <testcase time="1.18799999999987" classname="ds.dataFrameSubset_expt_multiple_subset_by_rows_columns" name="all_datasets"/>
    <testcase time="0.259000000000015" classname="ds.dataFrameSubset_expt_multiple_subset_by_rows_columns" name="all_datasets"/>
    <testcase time="1.18900000000008" classname="ds.dataFrameSubset_expt_multiple_subset_by_rows_columns" name="all_datasets"/>
    <testcase time="8.4190000000001" classname="ds.dataFrameSubset_expt_multiple_subset_by_rows_columns" name="all_datasets"/>
    <testcase time="1.18599999999992" classname="ds.dataFrameSubset_expt_multiple_subset_by_rows_columns" name="all_datasets"/>
    <testcase time="0.259999999999991" classname="ds.dataFrameSubset_expt_multiple_subset_by_rows_columns" name="all_datasets"/>
    <testcase time="1.19599999999991" classname="ds.dataFrameSubset_expt_multiple_subset_by_rows_columns" name="all_datasets"/>
    <testcase time="0.258000000000038" classname="ds.dataFrameSubset_expt_multiple_subset_by_rows_columns" name="all_datasets"/>
    <testcase time="1.18900000000008" classname="ds.dataFrameSubset_expt_multiple_subset_by_rows_columns" name="all_datasets"/>
    <testcase time="8.452" classname="ds.dataFrameSubset_expt_multiple_subset_by_rows_columns" name="all_datasets"/>
    <testcase time="1.19699999999989" classname="ds.dataFrameSubset_expt_multiple_subset_by_rows_columns" name="all_datasets"/>
    <testcase time="0.259999999999991" classname="ds.dataFrameSubset_expt_multiple_subset_by_rows_columns" name="all_datasets"/>
    <testcase time="1.202" classname="ds.dataFrameSubset_expt_multiple_subset_by_rows_columns" name="all_datasets"/>
    <testcase time="0.257000000000062" classname="ds.dataFrameSubset_expt_multiple_subset_by_rows_columns" name="all_datasets"/>
    <testcase time="1.18399999999997" classname="ds.dataFrameSubset_expt_multiple_subset_by_rows_columns" name="all_datasets"/>
    <testcase time="8.41200000000003" classname="ds.dataFrameSubset_expt_multiple_subset_by_rows_columns" name="all_datasets"/>
    <testcase time="1.19299999999998" classname="ds.dataFrameSubset_expt_multiple_subset_by_rows_columns" name="all_datasets"/>
    <testcase time="0.26299999999992" classname="ds.dataFrameSubset_expt_multiple_subset_by_rows_columns" name="all_datasets"/>
    <testcase time="1.19800000000009" classname="ds.dataFrameSubset_expt_multiple_subset_by_rows_columns" name="all_datasets"/>
    <testcase time="0.258000000000038" classname="ds.dataFrameSubset_expt_multiple_subset_by_rows_columns" name="all_datasets"/>
    <testcase time="1.19599999999991" classname="ds.dataFrameSubset_expt_multiple_subset_by_rows_columns" name="all_datasets"/>
    <testcase time="8.44399999999996" classname="ds.dataFrameSubset_expt_multiple_subset_by_rows_columns" name="all_datasets"/>
    <testcase time="1.19000000000005" classname="ds.dataFrameSubset_expt_multiple_subset_by_rows_columns" name="all_datasets"/>
    <testcase time="0.259000000000015" classname="ds.dataFrameSubset_expt_multiple_subset_by_rows_columns" name="all_datasets"/>
    <testcase time="1.19499999999994" classname="ds.dataFrameSubset_expt_multiple_subset_by_rows_columns" name="all_datasets"/>
    <testcase time="0.256000000000085" classname="ds.dataFrameSubset_expt_multiple_subset_by_rows_columns" name="all_datasets"/>
    <testcase time="1.19299999999998" classname="ds.dataFrameSubset_expt_multiple_subset_by_rows_columns" name="all_datasets"/>
    <testcase time="8.42700000000013" classname="ds.dataFrameSubset_expt_multiple_subset_by_rows_columns" name="all_datasets"/>
    <testcase time="1.19299999999998" classname="ds.dataFrameSubset_expt_multiple_subset_by_rows_columns" name="all_datasets"/>
    <testcase time="0.266999999999825" classname="ds.dataFrameSubset_expt_multiple_subset_by_rows_columns" name="all_datasets"/>
    <testcase time="1.19200000000001" classname="ds.dataFrameSubset_expt_multiple_subset_by_rows_columns" name="all_datasets"/>
    <testcase time="0.260999999999967" classname="ds.dataFrameSubset_expt_multiple_subset_by_rows_columns" name="all_datasets"/>
    <testcase time="1.19700000000012" classname="ds.dataFrameSubset_expt_multiple_subset_by_rows_columns" name="all_datasets"/>
  </testsuite>
  <testsuite name="ds.dataFrameSubset()::expt::single::subset_by_rows_columns" timestamp="2020-07-06T23:33:56Z" hostname="fv-az14" tests="20" skipped="0" failures="0" errors="0" time="35.943">
    <testcase time="5.97199999999998" classname="ds.dataFrameSubset_expt_single_subset_by_rows_columns" name="dataset_2"/>
    <testcase time="0.691000000000031" classname="ds.dataFrameSubset_expt_single_subset_by_rows_columns" name="dataset_2"/>
    <testcase time="2.59199999999987" classname="ds.dataFrameSubset_expt_single_subset_by_rows_columns" name="dataset_2"/>
    <testcase time="0.703000000000202" classname="ds.dataFrameSubset_expt_single_subset_by_rows_columns" name="dataset_2"/>
    <testcase time="2.54499999999985" classname="ds.dataFrameSubset_expt_single_subset_by_rows_columns" name="dataset_2"/>
    <testcase time="0.691000000000031" classname="ds.dataFrameSubset_expt_single_subset_by_rows_columns" name="dataset_2"/>
    <testcase time="2.54899999999998" classname="ds.dataFrameSubset_expt_single_subset_by_rows_columns" name="dataset_2"/>
    <testcase time="0.692000000000007" classname="ds.dataFrameSubset_expt_single_subset_by_rows_columns" name="dataset_2"/>
    <testcase time="2.55999999999995" classname="ds.dataFrameSubset_expt_single_subset_by_rows_columns" name="dataset_2"/>
    <testcase time="0.688000000000102" classname="ds.dataFrameSubset_expt_single_subset_by_rows_columns" name="dataset_2"/>
    <testcase time="2.548" classname="ds.dataFrameSubset_expt_single_subset_by_rows_columns" name="dataset_2"/>
    <testcase time="0.700000000000045" classname="ds.dataFrameSubset_expt_single_subset_by_rows_columns" name="dataset_2"/>
    <testcase time="2.55999999999995" classname="ds.dataFrameSubset_expt_single_subset_by_rows_columns" name="dataset_2"/>
    <testcase time="0.692000000000007" classname="ds.dataFrameSubset_expt_single_subset_by_rows_columns" name="dataset_2"/>
    <testcase time="2.548" classname="ds.dataFrameSubset_expt_single_subset_by_rows_columns" name="dataset_2"/>
    <testcase time="0.692999999999984" classname="ds.dataFrameSubset_expt_single_subset_by_rows_columns" name="dataset_2"/>
    <testcase time="2.57999999999993" classname="ds.dataFrameSubset_expt_single_subset_by_rows_columns" name="dataset_2"/>
    <testcase time="0.691000000000031" classname="ds.dataFrameSubset_expt_single_subset_by_rows_columns" name="dataset_2"/>
    <testcase time="2.55700000000002" classname="ds.dataFrameSubset_expt_single_subset_by_rows_columns" name="dataset_2"/>
    <testcase time="0.691000000000031" classname="ds.dataFrameSubset_expt_single_subset_by_rows_columns" name="dataset_2"/>
  </testsuite>
  <testsuite name="ds.dataFrameSubset()::expt::multiple::all_rows_subset_by_columns" timestamp="2020-07-06T23:34:32Z" hostname="fv-az14" tests="36" skipped="0" failures="0" errors="0" time="62.822">
    <testcase time="10.1189999999999" classname="ds.dataFrameSubset_expt_multiple_all_rows_subset_by_columns" name="all_datasets"/>
    <testcase time="1.18700000000013" classname="ds.dataFrameSubset_expt_multiple_all_rows_subset_by_columns" name="all_datasets"/>
    <testcase time="0.258000000000038" classname="ds.dataFrameSubset_expt_multiple_all_rows_subset_by_columns" name="all_datasets"/>
    <testcase time="1.1869999999999" classname="ds.dataFrameSubset_expt_multiple_all_rows_subset_by_columns" name="all_datasets"/>
    <testcase time="0.256000000000085" classname="ds.dataFrameSubset_expt_multiple_all_rows_subset_by_columns" name="all_datasets"/>
    <testcase time="1.18799999999987" classname="ds.dataFrameSubset_expt_multiple_all_rows_subset_by_columns" name="all_datasets"/>
    <testcase time="5.67399999999998" classname="ds.dataFrameSubset_expt_multiple_all_rows_subset_by_columns" name="all_datasets"/>
    <testcase time="1.19100000000003" classname="ds.dataFrameSubset_expt_multiple_all_rows_subset_by_columns" name="all_datasets"/>
    <testcase time="0.255000000000109" classname="ds.dataFrameSubset_expt_multiple_all_rows_subset_by_columns" name="all_datasets"/>
    <testcase time="1.19599999999991" classname="ds.dataFrameSubset_expt_multiple_all_rows_subset_by_columns" name="all_datasets"/>
    <testcase time="0.255000000000109" classname="ds.dataFrameSubset_expt_multiple_all_rows_subset_by_columns" name="all_datasets"/>
    <testcase time="1.18599999999992" classname="ds.dataFrameSubset_expt_multiple_all_rows_subset_by_columns" name="all_datasets"/>
    <testcase time="5.64499999999998" classname="ds.dataFrameSubset_expt_multiple_all_rows_subset_by_columns" name="all_datasets"/>
    <testcase time="1.18900000000008" classname="ds.dataFrameSubset_expt_multiple_all_rows_subset_by_columns" name="all_datasets"/>
    <testcase time="0.257000000000062" classname="ds.dataFrameSubset_expt_multiple_all_rows_subset_by_columns" name="all_datasets"/>
    <testcase time="1.1869999999999" classname="ds.dataFrameSubset_expt_multiple_all_rows_subset_by_columns" name="all_datasets"/>
    <testcase time="0.256000000000085" classname="ds.dataFrameSubset_expt_multiple_all_rows_subset_by_columns" name="all_datasets"/>
    <testcase time="1.19100000000003" classname="ds.dataFrameSubset_expt_multiple_all_rows_subset_by_columns" name="all_datasets"/>
    <testcase time="5.62899999999991" classname="ds.dataFrameSubset_expt_multiple_all_rows_subset_by_columns" name="all_datasets"/>
    <testcase time="1.19399999999996" classname="ds.dataFrameSubset_expt_multiple_all_rows_subset_by_columns" name="all_datasets"/>
    <testcase time="0.261999999999944" classname="ds.dataFrameSubset_expt_multiple_all_rows_subset_by_columns" name="all_datasets"/>
    <testcase time="1.19700000000012" classname="ds.dataFrameSubset_expt_multiple_all_rows_subset_by_columns" name="all_datasets"/>
    <testcase time="0.258000000000038" classname="ds.dataFrameSubset_expt_multiple_all_rows_subset_by_columns" name="all_datasets"/>
    <testcase time="1.18499999999995" classname="ds.dataFrameSubset_expt_multiple_all_rows_subset_by_columns" name="all_datasets"/>
    <testcase time="5.62599999999998" classname="ds.dataFrameSubset_expt_multiple_all_rows_subset_by_columns" name="all_datasets"/>
    <testcase time="1.18599999999992" classname="ds.dataFrameSubset_expt_multiple_all_rows_subset_by_columns" name="all_datasets"/>
    <testcase time="0.256000000000085" classname="ds.dataFrameSubset_expt_multiple_all_rows_subset_by_columns" name="all_datasets"/>
    <testcase time="1.18499999999995" classname="ds.dataFrameSubset_expt_multiple_all_rows_subset_by_columns" name="all_datasets"/>
    <testcase time="0.259999999999991" classname="ds.dataFrameSubset_expt_multiple_all_rows_subset_by_columns" name="all_datasets"/>
    <testcase time="1.19900000000007" classname="ds.dataFrameSubset_expt_multiple_all_rows_subset_by_columns" name="all_datasets"/>
    <testcase time="5.61999999999989" classname="ds.dataFrameSubset_expt_multiple_all_rows_subset_by_columns" name="all_datasets"/>
    <testcase time="1.19600000000014" classname="ds.dataFrameSubset_expt_multiple_all_rows_subset_by_columns" name="all_datasets"/>
    <testcase time="0.259999999999991" classname="ds.dataFrameSubset_expt_multiple_all_rows_subset_by_columns" name="all_datasets"/>
    <testcase time="1.18799999999987" classname="ds.dataFrameSubset_expt_multiple_all_rows_subset_by_columns" name="all_datasets"/>
    <testcase time="0.256000000000085" classname="ds.dataFrameSubset_expt_multiple_all_rows_subset_by_columns" name="all_datasets"/>
    <testcase time="1.1880000000001" classname="ds.dataFrameSubset_expt_multiple_all_rows_subset_by_columns" name="all_datasets"/>
  </testsuite>
  <testsuite name="ds.dataFrameSubset()::expt::multiple::all_rows_subset_by_columns" timestamp="2020-07-06T23:35:35Z" hostname="fv-az14" tests="12" skipped="0" failures="0" errors="0" time="22.929">
    <testcase time="5.94799999999987" classname="ds.dataFrameSubset_expt_multiple_all_rows_subset_by_columns" name="dataset_3"/>
    <testcase time="0.688000000000102" classname="ds.dataFrameSubset_expt_multiple_all_rows_subset_by_columns" name="dataset_3"/>
    <testcase time="2.59299999999985" classname="ds.dataFrameSubset_expt_multiple_all_rows_subset_by_columns" name="dataset_3"/>
    <testcase time="0.699000000000069" classname="ds.dataFrameSubset_expt_multiple_all_rows_subset_by_columns" name="dataset_3"/>
    <testcase time="2.55700000000002" classname="ds.dataFrameSubset_expt_multiple_all_rows_subset_by_columns" name="dataset_3"/>
    <testcase time="0.691000000000031" classname="ds.dataFrameSubset_expt_multiple_all_rows_subset_by_columns" name="dataset_3"/>
    <testcase time="2.54999999999995" classname="ds.dataFrameSubset_expt_multiple_all_rows_subset_by_columns" name="dataset_3"/>
    <testcase time="0.691000000000031" classname="ds.dataFrameSubset_expt_multiple_all_rows_subset_by_columns" name="dataset_3"/>
    <testcase time="2.56500000000005" classname="ds.dataFrameSubset_expt_multiple_all_rows_subset_by_columns" name="dataset_3"/>
    <testcase time="0.691000000000031" classname="ds.dataFrameSubset_expt_multiple_all_rows_subset_by_columns" name="dataset_3"/>
    <testcase time="2.56099999999992" classname="ds.dataFrameSubset_expt_multiple_all_rows_subset_by_columns" name="dataset_3"/>
    <testcase time="0.694999999999936" classname="ds.dataFrameSubset_expt_multiple_all_rows_subset_by_columns" name="dataset_3"/>
  </testsuite>
  <testsuite name="ds.glmerSLMA::expt::setup" timestamp="2020-07-06T23:35:58Z" hostname="fv-az14" tests="3" skipped="0" failures="0" errors="0" time="4.561">
    <testcase time="4.55899999999997" classname="ds.glmerSLMA_expt_setup" name="setup"/>
    <testcase time="0.000999999999976353" classname="ds.glmerSLMA_expt_setup" name="setup"/>
    <testcase time="0.00100000000020373" classname="ds.glmerSLMA_expt_setup" name="setup"/>
  </testsuite>
  <testsuite name="ds.glmerSLMA::expt::int::multiple" timestamp="2020-07-06T23:36:02Z" hostname="fv-az14" tests="1" skipped="0" failures="0" errors="0" time="4.084">
    <testcase time="4.08399999999983" classname="ds.glmerSLMA_expt_int_multiple" name="linear_mixed_model_with_2_levels_of_hierarchy"/>
  </testsuite>
  <testsuite name="ds.lmerSLMA::expt::done" timestamp="2020-07-06T23:36:07Z" hostname="fv-az14" tests="0" skipped="0" failures="0" errors="0" time="0"/>
  <testsuite name="ds.lmerSLMA::expt::setup" timestamp="2020-07-06T23:36:07Z" hostname="fv-az14" tests="3" skipped="0" failures="0" errors="0" time="5.012">
    <testcase time="5.00999999999999" classname="ds.lmerSLMA_expt_setup" name="setup"/>
    <testcase time="0.000999999999976353" classname="ds.lmerSLMA_expt_setup" name="setup"/>
    <testcase time="0.00100000000020373" classname="ds.lmerSLMA_expt_setup" name="setup"/>
  </testsuite>
  <testsuite name="ds.lmerSLMA::expt::int::multiple" timestamp="2020-07-06T23:36:11Z" hostname="fv-az14" tests="1" skipped="0" failures="0" errors="0" time="2.481">
    <testcase time="2.48099999999999" classname="ds.lmerSLMA_expt_int_multiple" name="linear_mixed_model_with_2_levels_of_hierarchy"/>
  </testsuite>
  <testsuite name="ds.lmerSLMA::expt::done" timestamp="2020-07-06T23:36:15Z" hostname="fv-az14" tests="0" skipped="0" failures="0" errors="0" time="0"/>
  <testsuite name="ds.mean()::expt::combine::multiple" timestamp="2020-07-06T23:36:15Z" hostname="fv-az14" tests="8" skipped="0" failures="0" errors="0" time="14.561">
    <testcase time="6.10599999999999" classname="ds.mean_expt_combine_multiple" name="combined_data_set"/>
    <testcase time="1.1869999999999" classname="ds.mean_expt_combine_multiple" name="combined_data_set"/>
    <testcase time="1.31600000000003" classname="ds.mean_expt_combine_multiple" name="combined_data_set"/>
    <testcase time="1.18799999999987" classname="ds.mean_expt_combine_multiple" name="combined_data_set"/>
    <testcase time="1.18900000000008" classname="ds.mean_expt_combine_multiple" name="combined_data_set"/>
    <testcase time="1.19200000000001" classname="ds.mean_expt_combine_multiple" name="combined_data_set"/>
    <testcase time="1.19900000000007" classname="ds.mean_expt_combine_multiple" name="combined_data_set"/>
    <testcase time="1.18399999999997" classname="ds.mean_expt_combine_multiple" name="combined_data_set"/>
  </testsuite>
  <testsuite name="ds.mean()::expt::split::multiple" timestamp="2020-07-06T23:36:29Z" hostname="fv-az14" tests="24" skipped="0" failures="0" errors="0" time="14.35">
    <testcase time="5.87999999999988" classname="ds.mean_expt_split_multiple" name="split_data_set"/>
    <testcase time="0.00200000000018008" classname="ds.mean_expt_split_multiple" name="split_data_set"/>
    <testcase time="0.000999999999976353" classname="ds.mean_expt_split_multiple" name="split_data_set"/>
    <testcase time="1.1869999999999" classname="ds.mean_expt_split_multiple" name="split_data_set"/>
    <testcase time="0.000999999999976353" classname="ds.mean_expt_split_multiple" name="split_data_set"/>
    <testcase time="0.000999999999976353" classname="ds.mean_expt_split_multiple" name="split_data_set"/>
    <testcase time="1.31700000000001" classname="ds.mean_expt_split_multiple" name="split_data_set"/>
    <testcase time="0.00100000000020373" classname="ds.mean_expt_split_multiple" name="split_data_set"/>
    <testcase time="0.000999999999976353" classname="ds.mean_expt_split_multiple" name="split_data_set"/>
    <testcase time="1.18599999999992" classname="ds.mean_expt_split_multiple" name="split_data_set"/>
    <testcase time="0.000999999999976353" classname="ds.mean_expt_split_multiple" name="split_data_set"/>
    <testcase time="0.000999999999976353" classname="ds.mean_expt_split_multiple" name="split_data_set"/>
    <testcase time="1.18900000000008" classname="ds.mean_expt_split_multiple" name="split_data_set"/>
    <testcase time="0.000999999999976353" classname="ds.mean_expt_split_multiple" name="split_data_set"/>
    <testcase time="0.00199999999995271" classname="ds.mean_expt_split_multiple" name="split_data_set"/>
    <testcase time="1.18900000000008" classname="ds.mean_expt_split_multiple" name="split_data_set"/>
    <testcase time="0.0080000000000382" classname="ds.mean_expt_split_multiple" name="split_data_set"/>
    <testcase time="0.00199999999995271" classname="ds.mean_expt_split_multiple" name="split_data_set"/>
    <testcase time="1.18599999999992" classname="ds.mean_expt_split_multiple" name="split_data_set"/>
    <testcase time="0.000999999999976353" classname="ds.mean_expt_split_multiple" name="split_data_set"/>
    <testcase time="0.00200000000018008" classname="ds.mean_expt_split_multiple" name="split_data_set"/>
    <testcase time="1.18799999999987" classname="ds.mean_expt_split_multiple" name="split_data_set"/>
    <testcase time="0.000999999999976353" classname="ds.mean_expt_split_multiple" name="split_data_set"/>
    <testcase time="0.00200000000018008" classname="ds.mean_expt_split_multiple" name="split_data_set"/>
  </testsuite>
  <testsuite name="ds.mean()::expt::single" timestamp="2020-07-06T23:36:43Z" hostname="fv-az14" tests="8" skipped="0" failures="0" errors="0" time="8.958">
    <testcase time="4.0659999999998" classname="ds.mean_expt_single" name="combined_data_set"/>
    <testcase time="0.691000000000031" classname="ds.mean_expt_single" name="combined_data_set"/>
    <testcase time="0.731999999999971" classname="ds.mean_expt_single" name="combined_data_set"/>
    <testcase time="0.692999999999984" classname="ds.mean_expt_single" name="combined_data_set"/>
    <testcase time="0.691000000000031" classname="ds.mean_expt_single" name="combined_data_set"/>
    <testcase time="0.692999999999984" classname="ds.mean_expt_single" name="combined_data_set"/>
    <testcase time="0.695000000000164" classname="ds.mean_expt_single" name="combined_data_set"/>
    <testcase time="0.696999999999889" classname="ds.mean_expt_single" name="combined_data_set"/>
  </testsuite>
  <testsuite name="ds.mean()::expt::large_values::single" timestamp="2020-07-06T23:36:52Z" hostname="fv-az14" tests="8" skipped="0" failures="0" errors="0" time="14.328">
    <testcase time="4.52800000000002" classname="ds.mean_expt_large_values_single" name="combined_data_set"/>
    <testcase time="1.43100000000004" classname="ds.mean_expt_large_values_single" name="combined_data_set"/>
    <testcase time="1.3889999999999" classname="ds.mean_expt_large_values_single" name="combined_data_set"/>
    <testcase time="1.40000000000009" classname="ds.mean_expt_large_values_single" name="combined_data_set"/>
    <testcase time="1.38799999999992" classname="ds.mean_expt_large_values_single" name="combined_data_set"/>
    <testcase time="1.41200000000003" classname="ds.mean_expt_large_values_single" name="combined_data_set"/>
    <testcase time="1.38800000000015" classname="ds.mean_expt_large_values_single" name="combined_data_set"/>
    <testcase time="1.39199999999983" classname="ds.mean_expt_large_values_single" name="combined_data_set"/>
  </testsuite>
  <testsuite name="ds.mean()::expt::large_values::multiple" timestamp="2020-07-06T23:37:06Z" hostname="fv-az14" tests="8" skipped="0" failures="0" errors="0" time="20.18">
    <testcase time="6.39100000000008" classname="ds.mean_expt_large_values_multiple" name="combined_data_set"/>
    <testcase time="2.02399999999989" classname="ds.mean_expt_large_values_multiple" name="combined_data_set"/>
    <testcase time="1.95100000000002" classname="ds.mean_expt_large_values_multiple" name="combined_data_set"/>
    <testcase time="1.95600000000013" classname="ds.mean_expt_large_values_multiple" name="combined_data_set"/>
    <testcase time="1.96799999999985" classname="ds.mean_expt_large_values_multiple" name="combined_data_set"/>
    <testcase time="1.96000000000004" classname="ds.mean_expt_large_values_multiple" name="combined_data_set"/>
    <testcase time="1.96500000000015" classname="ds.mean_expt_large_values_multiple" name="combined_data_set"/>
    <testcase time="1.96499999999992" classname="ds.mean_expt_large_values_multiple" name="combined_data_set"/>
  </testsuite>
  <testsuite name="ds.reShape()::expt::multiple" timestamp="2020-07-06T23:37:26Z" hostname="fv-az14" tests="1" skipped="1" failures="0" errors="0" time="0.806">
    <testcase time="0.80600000000004" classname="ds.reShape_expt_multiple" name="copy_and_transform">
      <skipped/>
    </testcase>
  </testsuite>
  <testsuite name="ds.var()::expt::multiple" timestamp="2020-07-06T23:37:27Z" hostname="fv-az14" tests="8" skipped="0" failures="0" errors="0" time="13.94">
    <testcase time="5.54099999999994" classname="ds.var_expt_multiple" name="combined_data_set"/>
    <testcase time="1.1880000000001" classname="ds.var_expt_multiple" name="combined_data_set"/>
    <testcase time="1.26900000000001" classname="ds.var_expt_multiple" name="combined_data_set"/>
    <testcase time="1.18999999999983" classname="ds.var_expt_multiple" name="combined_data_set"/>
    <testcase time="1.19000000000005" classname="ds.var_expt_multiple" name="combined_data_set"/>
    <testcase time="1.1880000000001" classname="ds.var_expt_multiple" name="combined_data_set"/>
    <testcase time="1.18999999999983" classname="ds.var_expt_multiple" name="combined_data_set"/>
    <testcase time="1.1840000000002" classname="ds.var_expt_multiple" name="combined_data_set"/>
  </testsuite>
  <testsuite name="ds.var()::expt::single" timestamp="2020-07-06T23:37:41Z" hostname="fv-az14" tests="24" skipped="0" failures="0" errors="0" time="14.327">
    <testcase time="5.89499999999998" classname="ds.var_expt_single" name="split_data_set"/>
    <testcase time="0.000999999999976353" classname="ds.var_expt_single" name="split_data_set"/>
    <testcase time="0.000999999999976353" classname="ds.var_expt_single" name="split_data_set"/>
    <testcase time="1.19200000000001" classname="ds.var_expt_single" name="split_data_set"/>
    <testcase time="0.000999999999976353" classname="ds.var_expt_single" name="split_data_set"/>
    <testcase time="0.000999999999976353" classname="ds.var_expt_single" name="split_data_set"/>
    <testcase time="1.25600000000009" classname="ds.var_expt_single" name="split_data_set"/>
    <testcase time="0.000999999999976353" classname="ds.var_expt_single" name="split_data_set"/>
    <testcase time="0.00199999999995271" classname="ds.var_expt_single" name="split_data_set"/>
    <testcase time="1.19299999999998" classname="ds.var_expt_single" name="split_data_set"/>
    <testcase time="0.000999999999976353" classname="ds.var_expt_single" name="split_data_set"/>
    <testcase time="0.00200000000018008" classname="ds.var_expt_single" name="split_data_set"/>
    <testcase time="1.18599999999992" classname="ds.var_expt_single" name="split_data_set"/>
    <testcase time="0.00199999999995271" classname="ds.var_expt_single" name="split_data_set"/>
    <testcase time="0.000999999999976353" classname="ds.var_expt_single" name="split_data_set"/>
    <testcase time="1.20499999999993" classname="ds.var_expt_single" name="split_data_set"/>
    <testcase time="0.00100000000020373" classname="ds.var_expt_single" name="split_data_set"/>
    <testcase time="0.00199999999995271" classname="ds.var_expt_single" name="split_data_set"/>
    <testcase time="1.18899999999985" classname="ds.var_expt_single" name="split_data_set"/>
    <testcase time="0.00200000000018008" classname="ds.var_expt_single" name="split_data_set"/>
    <testcase time="0.000999999999976353" classname="ds.var_expt_single" name="split_data_set"/>
    <testcase time="1.18799999999987" classname="ds.var_expt_single" name="split_data_set"/>
    <testcase time="0.00200000000018008" classname="ds.var_expt_single" name="split_data_set"/>
    <testcase time="0.00199999999995271" classname="ds.var_expt_single" name="split_data_set"/>
  </testsuite>
  <testsuite name="ds.var()::expt::large_values::multiple" timestamp="2020-07-06T23:37:55Z" hostname="fv-az14" tests="8" skipped="0" failures="0" errors="0" time="20.436">
    <testcase time="6.62599999999998" classname="ds.var_expt_large_values_multiple" name="large_values"/>
    <testcase time="2.04199999999992" classname="ds.var_expt_large_values_multiple" name="large_values"/>
    <testcase time="1.96000000000004" classname="ds.var_expt_large_values_multiple" name="large_values"/>
    <testcase time="1.96100000000001" classname="ds.var_expt_large_values_multiple" name="large_values"/>
    <testcase time="1.96299999999997" classname="ds.var_expt_large_values_multiple" name="large_values"/>
    <testcase time="1.95399999999995" classname="ds.var_expt_large_values_multiple" name="large_values"/>
    <testcase time="1.95900000000006" classname="ds.var_expt_large_values_multiple" name="large_values"/>
    <testcase time="1.971" classname="ds.var_expt_large_values_multiple" name="large_values"/>
  </testsuite>
  <testsuite name="ds.var()::expt::large_values::single" timestamp="2020-07-06T23:38:16Z" hostname="fv-az14" tests="8" skipped="0" failures="0" errors="0" time="14.565">
    <testcase time="4.75600000000009" classname="ds.var_expt_large_values_single" name="large_values"/>
    <testcase time="1.43299999999999" classname="ds.var_expt_large_values_single" name="large_values"/>
    <testcase time="1.39199999999983" classname="ds.var_expt_large_values_single" name="large_values"/>
    <testcase time="1.39300000000003" classname="ds.var_expt_large_values_single" name="large_values"/>
    <testcase time="1.40300000000002" classname="ds.var_expt_large_values_single" name="large_values"/>
    <testcase time="1.39599999999996" classname="ds.var_expt_large_values_single" name="large_values"/>
    <testcase time="1.39200000000005" classname="ds.var_expt_large_values_single" name="large_values"/>
    <testcase time="1.40000000000009" classname="ds.var_expt_large_values_single" name="large_values"/>
  </testsuite>
  <testsuite name="ds.mean()::math::residual::multiple" timestamp="2020-07-06T23:38:30Z" hostname="fv-az14" tests="32" skipped="0" failures="0" errors="0" time="23.633">
    <testcase time="5.64300000000003" classname="ds.mean_math_residual_multiple" name="residual_deviation_tends_to_0"/>
    <testcase time="1.18799999999987" classname="ds.mean_math_residual_multiple" name="residual_deviation_tends_to_0"/>
    <testcase time="1.31200000000013" classname="ds.mean_math_residual_multiple" name="residual_deviation_tends_to_0"/>
    <testcase time="1.19299999999998" classname="ds.mean_math_residual_multiple" name="residual_deviation_tends_to_0"/>
    <testcase time="1.1869999999999" classname="ds.mean_math_residual_multiple" name="residual_deviation_tends_to_0"/>
    <testcase time="1.19200000000001" classname="ds.mean_math_residual_multiple" name="residual_deviation_tends_to_0"/>
    <testcase time="1.20000000000005" classname="ds.mean_math_residual_multiple" name="residual_deviation_tends_to_0"/>
    <testcase time="1.18399999999997" classname="ds.mean_math_residual_multiple" name="residual_deviation_tends_to_0"/>
    <testcase time="1.19600000000014" classname="ds.mean_math_residual_multiple" name="residual_deviation_tends_to_0"/>
    <testcase time="0.000999999999976353" classname="ds.mean_math_residual_multiple" name="residual_deviation_tends_to_0"/>
    <testcase time="0.00199999999995271" classname="ds.mean_math_residual_multiple" name="residual_deviation_tends_to_0"/>
    <testcase time="1.19299999999998" classname="ds.mean_math_residual_multiple" name="residual_deviation_tends_to_0"/>
    <testcase time="0.00199999999995271" classname="ds.mean_math_residual_multiple" name="residual_deviation_tends_to_0"/>
    <testcase time="0.000999999999976353" classname="ds.mean_math_residual_multiple" name="residual_deviation_tends_to_0"/>
    <testcase time="1.18700000000013" classname="ds.mean_math_residual_multiple" name="residual_deviation_tends_to_0"/>
    <testcase time="0.00199999999995271" classname="ds.mean_math_residual_multiple" name="residual_deviation_tends_to_0"/>
    <testcase time="0.000999999999976353" classname="ds.mean_math_residual_multiple" name="residual_deviation_tends_to_0"/>
    <testcase time="1.1869999999999" classname="ds.mean_math_residual_multiple" name="residual_deviation_tends_to_0"/>
    <testcase time="0.00200000000018008" classname="ds.mean_math_residual_multiple" name="residual_deviation_tends_to_0"/>
    <testcase time="0.000999999999976353" classname="ds.mean_math_residual_multiple" name="residual_deviation_tends_to_0"/>
    <testcase time="1.18499999999995" classname="ds.mean_math_residual_multiple" name="residual_deviation_tends_to_0"/>
    <testcase time="0.00199999999995271" classname="ds.mean_math_residual_multiple" name="residual_deviation_tends_to_0"/>
    <testcase time="0.000999999999976353" classname="ds.mean_math_residual_multiple" name="residual_deviation_tends_to_0"/>
    <testcase time="1.18600000000015" classname="ds.mean_math_residual_multiple" name="residual_deviation_tends_to_0"/>
    <testcase time="0.00199999999995271" classname="ds.mean_math_residual_multiple" name="residual_deviation_tends_to_0"/>
    <testcase time="0.000999999999976353" classname="ds.mean_math_residual_multiple" name="residual_deviation_tends_to_0"/>
    <testcase time="1.18799999999987" classname="ds.mean_math_residual_multiple" name="residual_deviation_tends_to_0"/>
    <testcase time="0.00200000000018008" classname="ds.mean_math_residual_multiple" name="residual_deviation_tends_to_0"/>
    <testcase time="0.000999999999976353" classname="ds.mean_math_residual_multiple" name="residual_deviation_tends_to_0"/>
    <testcase time="1.1869999999999" classname="ds.mean_math_residual_multiple" name="residual_deviation_tends_to_0"/>
    <testcase time="0.00199999999995271" classname="ds.mean_math_residual_multiple" name="residual_deviation_tends_to_0"/>
    <testcase time="0.00200000000018008" classname="ds.mean_math_residual_multiple" name="residual_deviation_tends_to_0"/>
  </testsuite>
  <testsuite name="ds.mean()::math::residual::multiple" timestamp="2020-07-06T23:38:54Z" hostname="fv-az14" tests="32" skipped="0" failures="0" errors="0" time="23.886">
    <testcase time="5.87400000000002" classname="ds.mean_math_residual_multiple" name="residual_deviation_tends_to_0"/>
    <testcase time="1.18899999999985" classname="ds.mean_math_residual_multiple" name="residual_deviation_tends_to_0"/>
    <testcase time="1.31500000000005" classname="ds.mean_math_residual_multiple" name="residual_deviation_tends_to_0"/>
    <testcase time="1.19200000000001" classname="ds.mean_math_residual_multiple" name="residual_deviation_tends_to_0"/>
    <testcase time="1.19100000000003" classname="ds.mean_math_residual_multiple" name="residual_deviation_tends_to_0"/>
    <testcase time="1.19399999999996" classname="ds.mean_math_residual_multiple" name="residual_deviation_tends_to_0"/>
    <testcase time="1.19200000000001" classname="ds.mean_math_residual_multiple" name="residual_deviation_tends_to_0"/>
    <testcase time="1.1869999999999" classname="ds.mean_math_residual_multiple" name="residual_deviation_tends_to_0"/>
    <testcase time="1.18600000000015" classname="ds.mean_math_residual_multiple" name="residual_deviation_tends_to_0"/>
    <testcase time="0.000999999999976353" classname="ds.mean_math_residual_multiple" name="residual_deviation_tends_to_0"/>
    <testcase time="0.00199999999995271" classname="ds.mean_math_residual_multiple" name="residual_deviation_tends_to_0"/>
    <testcase time="1.19499999999994" classname="ds.mean_math_residual_multiple" name="residual_deviation_tends_to_0"/>
    <testcase time="0.000999999999976353" classname="ds.mean_math_residual_multiple" name="residual_deviation_tends_to_0"/>
    <testcase time="0.00100000000020373" classname="ds.mean_math_residual_multiple" name="residual_deviation_tends_to_0"/>
    <testcase time="1.18599999999992" classname="ds.mean_math_residual_multiple" name="residual_deviation_tends_to_0"/>
    <testcase time="0.00199999999995271" classname="ds.mean_math_residual_multiple" name="residual_deviation_tends_to_0"/>
    <testcase time="0.000999999999976353" classname="ds.mean_math_residual_multiple" name="residual_deviation_tends_to_0"/>
    <testcase time="1.19399999999996" classname="ds.mean_math_residual_multiple" name="residual_deviation_tends_to_0"/>
    <testcase time="0.000999999999976353" classname="ds.mean_math_residual_multiple" name="residual_deviation_tends_to_0"/>
    <testcase time="0.00200000000018008" classname="ds.mean_math_residual_multiple" name="residual_deviation_tends_to_0"/>
    <testcase time="1.18599999999992" classname="ds.mean_math_residual_multiple" name="residual_deviation_tends_to_0"/>
    <testcase time="0.00199999999995271" classname="ds.mean_math_residual_multiple" name="residual_deviation_tends_to_0"/>
    <testcase time="0.000999999999976353" classname="ds.mean_math_residual_multiple" name="residual_deviation_tends_to_0"/>
    <testcase time="1.19500000000016" classname="ds.mean_math_residual_multiple" name="residual_deviation_tends_to_0"/>
    <testcase time="0.00199999999995271" classname="ds.mean_math_residual_multiple" name="residual_deviation_tends_to_0"/>
    <testcase time="0.000999999999976353" classname="ds.mean_math_residual_multiple" name="residual_deviation_tends_to_0"/>
    <testcase time="1.19900000000007" classname="ds.mean_math_residual_multiple" name="residual_deviation_tends_to_0"/>
    <testcase time="0.00199999999995271" classname="ds.mean_math_residual_multiple" name="residual_deviation_tends_to_0"/>
    <testcase time="0.000999999999976353" classname="ds.mean_math_residual_multiple" name="residual_deviation_tends_to_0"/>
    <testcase time="1.1869999999999" classname="ds.mean_math_residual_multiple" name="residual_deviation_tends_to_0"/>
    <testcase time="0.00200000000018008" classname="ds.mean_math_residual_multiple" name="residual_deviation_tends_to_0"/>
    <testcase time="0.00199999999995271" classname="ds.mean_math_residual_multiple" name="residual_deviation_tends_to_0"/>
  </testsuite>
  <testsuite name="ds.mean()::math::location_parameter::single" timestamp="2020-07-06T23:39:18Z" hostname="fv-az14" tests="8" skipped="0" failures="0" errors="0" time="20.15">
    <testcase time="5.50499999999988" classname="ds.mean_math_location_parameter_single" name="mean_X_a_mean_X_a"/>
    <testcase time="2.07600000000002" classname="ds.mean_math_location_parameter_single" name="mean_X_a_mean_X_a"/>
    <testcase time="2.08000000000015" classname="ds.mean_math_location_parameter_single" name="mean_X_a_mean_X_a"/>
    <testcase time="2.09199999999987" classname="ds.mean_math_location_parameter_single" name="mean_X_a_mean_X_a"/>
    <testcase time="2.07600000000002" classname="ds.mean_math_location_parameter_single" name="mean_X_a_mean_X_a"/>
    <testcase time="2.11200000000008" classname="ds.mean_math_location_parameter_single" name="mean_X_a_mean_X_a"/>
    <testcase time="2.12999999999988" classname="ds.mean_math_location_parameter_single" name="mean_X_a_mean_X_a"/>
    <testcase time="2.07899999999995" classname="ds.mean_math_location_parameter_single" name="mean_X_a_mean_X_a"/>
  </testsuite>
  <testsuite name="ds.mean()::math::location_parameter::multiple" timestamp="2020-07-06T23:39:38Z" hostname="fv-az14" tests="8" skipped="0" failures="0" errors="0" time="29.841">
    <testcase time="7.702" classname="ds.mean_math_location_parameter_multiple" name="mean_X_a_mean_X_a"/>
    <testcase time="3.14700000000016" classname="ds.mean_math_location_parameter_multiple" name="mean_X_a_mean_X_a"/>
    <testcase time="3.14199999999983" classname="ds.mean_math_location_parameter_multiple" name="mean_X_a_mean_X_a"/>
    <testcase time="3.15600000000018" classname="ds.mean_math_location_parameter_multiple" name="mean_X_a_mean_X_a"/>
    <testcase time="3.15099999999984" classname="ds.mean_math_location_parameter_multiple" name="mean_X_a_mean_X_a"/>
    <testcase time="3.16000000000008" classname="ds.mean_math_location_parameter_multiple" name="mean_X_a_mean_X_a"/>
    <testcase time="3.22600000000011" classname="ds.mean_math_location_parameter_multiple" name="mean_X_a_mean_X_a"/>
    <testcase time="3.15699999999993" classname="ds.mean_math_location_parameter_multiple" name="mean_X_a_mean_X_a"/>
  </testsuite>
  <testsuite name="ds.mean()::math::scale::multiple" timestamp="2020-07-06T23:40:08Z" hostname="fv-az14" tests="8" skipped="0" failures="0" errors="0" time="30.284">
    <testcase time="7.97900000000004" classname="ds.mean_math_scale_multiple" name="mean_X_a_mean_X_a"/>
    <testcase time="3.14399999999978" classname="ds.mean_math_scale_multiple" name="mean_X_a_mean_X_a"/>
    <testcase time="3.14600000000019" classname="ds.mean_math_scale_multiple" name="mean_X_a_mean_X_a"/>
    <testcase time="3.15200000000004" classname="ds.mean_math_scale_multiple" name="mean_X_a_mean_X_a"/>
    <testcase time="3.14800000000014" classname="ds.mean_math_scale_multiple" name="mean_X_a_mean_X_a"/>
    <testcase time="3.17099999999982" classname="ds.mean_math_scale_multiple" name="mean_X_a_mean_X_a"/>
    <testcase time="3.404" classname="ds.mean_math_scale_multiple" name="mean_X_a_mean_X_a"/>
    <testcase time="3.13999999999987" classname="ds.mean_math_scale_multiple" name="mean_X_a_mean_X_a"/>
  </testsuite>
  <testsuite name="ds.mean()::math::scale::single" timestamp="2020-07-06T23:40:38Z" hostname="fv-az14" tests="8" skipped="0" failures="0" errors="0" time="20.129">
    <testcase time="5.50600000000031" classname="ds.mean_math_scale_single" name="mean_X_a_mean_X_a"/>
    <testcase time="2.08399999999983" classname="ds.mean_math_scale_single" name="mean_X_a_mean_X_a"/>
    <testcase time="2.08300000000008" classname="ds.mean_math_scale_single" name="mean_X_a_mean_X_a"/>
    <testcase time="2.08099999999968" classname="ds.mean_math_scale_single" name="mean_X_a_mean_X_a"/>
    <testcase time="2.08400000000029" classname="ds.mean_math_scale_single" name="mean_X_a_mean_X_a"/>
    <testcase time="2.08300000000008" classname="ds.mean_math_scale_single" name="mean_X_a_mean_X_a"/>
    <testcase time="2.125" classname="ds.mean_math_scale_single" name="mean_X_a_mean_X_a"/>
    <testcase time="2.08299999999963" classname="ds.mean_math_scale_single" name="mean_X_a_mean_X_a"/>
  </testsuite>
  <testsuite name="ds.var()::math::positive_result::multiple" timestamp="2020-07-06T23:40:58Z" hostname="fv-az14" tests="32" skipped="0" failures="0" errors="0" time="23.557">
    <testcase time="5.63500000000022" classname="ds.var_math_positive_result_multiple" name="variance_0"/>
    <testcase time="1.1909999999998" classname="ds.var_math_positive_result_multiple" name="variance_0"/>
    <testcase time="1.25599999999986" classname="ds.var_math_positive_result_multiple" name="variance_0"/>
    <testcase time="1.19100000000026" classname="ds.var_math_positive_result_multiple" name="variance_0"/>
    <testcase time="1.19399999999996" classname="ds.var_math_positive_result_multiple" name="variance_0"/>
    <testcase time="1.1880000000001" classname="ds.var_math_positive_result_multiple" name="variance_0"/>
    <testcase time="1.1869999999999" classname="ds.var_math_positive_result_multiple" name="variance_0"/>
    <testcase time="1.18399999999974" classname="ds.var_math_positive_result_multiple" name="variance_0"/>
    <testcase time="1.18499999999995" classname="ds.var_math_positive_result_multiple" name="variance_0"/>
    <testcase time="0.00100000000020373" classname="ds.var_math_positive_result_multiple" name="variance_0"/>
    <testcase time="0.00100000000020373" classname="ds.var_math_positive_result_multiple" name="variance_0"/>
    <testcase time="1.18899999999985" classname="ds.var_math_positive_result_multiple" name="variance_0"/>
    <testcase time="0.000999999999748979" classname="ds.var_math_positive_result_multiple" name="variance_0"/>
    <testcase time="0.00200000000040745" classname="ds.var_math_positive_result_multiple" name="variance_0"/>
    <testcase time="1.18899999999985" classname="ds.var_math_positive_result_multiple" name="variance_0"/>
    <testcase time="0.000999999999748979" classname="ds.var_math_positive_result_multiple" name="variance_0"/>
    <testcase time="0.00200000000040745" classname="ds.var_math_positive_result_multiple" name="variance_0"/>
    <testcase time="1.19299999999976" classname="ds.var_math_positive_result_multiple" name="variance_0"/>
    <testcase time="0.00100000000020373" classname="ds.var_math_positive_result_multiple" name="variance_0"/>
    <testcase time="0.00100000000020373" classname="ds.var_math_positive_result_multiple" name="variance_0"/>
    <testcase time="1.18599999999969" classname="ds.var_math_positive_result_multiple" name="variance_0"/>
    <testcase time="0.00200000000040745" classname="ds.var_math_positive_result_multiple" name="variance_0"/>
    <testcase time="0.000999999999748979" classname="ds.var_math_positive_result_multiple" name="variance_0"/>
    <testcase time="1.19100000000026" classname="ds.var_math_positive_result_multiple" name="variance_0"/>
    <testcase time="0.000999999999748979" classname="ds.var_math_positive_result_multiple" name="variance_0"/>
    <testcase time="0.00199999999995271" classname="ds.var_math_positive_result_multiple" name="variance_0"/>
    <testcase time="1.19000000000005" classname="ds.var_math_positive_result_multiple" name="variance_0"/>
    <testcase time="0.00199999999995271" classname="ds.var_math_positive_result_multiple" name="variance_0"/>
    <testcase time="0.00100000000020373" classname="ds.var_math_positive_result_multiple" name="variance_0"/>
    <testcase time="1.18499999999995" classname="ds.var_math_positive_result_multiple" name="variance_0"/>
    <testcase time="0.00199999999995271" classname="ds.var_math_positive_result_multiple" name="variance_0"/>
    <testcase time="0.00199999999995271" classname="ds.var_math_positive_result_multiple" name="variance_0"/>
  </testsuite>
  <testsuite name="ds.var()::math::positive_result::single" timestamp="2020-07-06T23:41:22Z" hostname="fv-az14" tests="32" skipped="0" failures="0" errors="0" time="14.53">
    <testcase time="4.08100000000013" classname="ds.var_math_positive_result_single" name="variance_0"/>
    <testcase time="0.695999999999913" classname="ds.var_math_positive_result_single" name="variance_0"/>
    <testcase time="0.746000000000095" classname="ds.var_math_positive_result_single" name="variance_0"/>
    <testcase time="0.690999999999804" classname="ds.var_math_positive_result_single" name="variance_0"/>
    <testcase time="0.692000000000007" classname="ds.var_math_positive_result_single" name="variance_0"/>
    <testcase time="0.695000000000164" classname="ds.var_math_positive_result_single" name="variance_0"/>
    <testcase time="0.692000000000007" classname="ds.var_math_positive_result_single" name="variance_0"/>
    <testcase time="0.692000000000007" classname="ds.var_math_positive_result_single" name="variance_0"/>
    <testcase time="0.690999999999804" classname="ds.var_math_positive_result_single" name="variance_0"/>
    <testcase time="0.000999999999748979" classname="ds.var_math_positive_result_single" name="variance_0"/>
    <testcase time="0.00100000000020373" classname="ds.var_math_positive_result_single" name="variance_0"/>
    <testcase time="0.690000000000055" classname="ds.var_math_positive_result_single" name="variance_0"/>
    <testcase time="0.000999999999748979" classname="ds.var_math_positive_result_single" name="variance_0"/>
    <testcase time="0.000999999999748979" classname="ds.var_math_positive_result_single" name="variance_0"/>
    <testcase time="0.689000000000306" classname="ds.var_math_positive_result_single" name="variance_0"/>
    <testcase time="0.00199999999995271" classname="ds.var_math_positive_result_single" name="variance_0"/>
    <testcase time="0.000999999999748979" classname="ds.var_math_positive_result_single" name="variance_0"/>
    <testcase time="0.689000000000306" classname="ds.var_math_positive_result_single" name="variance_0"/>
    <testcase time="0.00199999999995271" classname="ds.var_math_positive_result_single" name="variance_0"/>
    <testcase time="0.000999999999748979" classname="ds.var_math_positive_result_single" name="variance_0"/>
    <testcase time="0.688000000000102" classname="ds.var_math_positive_result_single" name="variance_0"/>
    <testcase time="0.000999999999748979" classname="ds.var_math_positive_result_single" name="variance_0"/>
    <testcase time="0.00100000000020373" classname="ds.var_math_positive_result_single" name="variance_0"/>
    <testcase time="0.690000000000055" classname="ds.var_math_positive_result_single" name="variance_0"/>
    <testcase time="0.00199999999995271" classname="ds.var_math_positive_result_single" name="variance_0"/>
    <testcase time="0.000999999999748979" classname="ds.var_math_positive_result_single" name="variance_0"/>
    <testcase time="0.69399999999996" classname="ds.var_math_positive_result_single" name="variance_0"/>
    <testcase time="0.00100000000020373" classname="ds.var_math_positive_result_single" name="variance_0"/>
    <testcase time="0.00199999999995271" classname="ds.var_math_positive_result_single" name="variance_0"/>
    <testcase time="0.692000000000007" classname="ds.var_math_positive_result_single" name="variance_0"/>
    <testcase time="0.00199999999995271" classname="ds.var_math_positive_result_single" name="variance_0"/>
    <testcase time="0.00199999999995271" classname="ds.var_math_positive_result_single" name="variance_0"/>
  </testsuite>
  <testsuite name="ds.var()::math::square_root_std::single" timestamp="2020-07-06T23:41:36Z" hostname="fv-az14" tests="8" skipped="0" failures="0" errors="0" time="5.072">
    <testcase time="3.38100000000031" classname="ds.var_math_square_root_std_single" name="variance_is_to_the_power_of_2_of_the_standard_deviation"/>
    <testcase time="0.239999999999782" classname="ds.var_math_square_root_std_single" name="variance_is_to_the_power_of_2_of_the_standard_deviation"/>
    <testcase time="0.235000000000127" classname="ds.var_math_square_root_std_single" name="variance_is_to_the_power_of_2_of_the_standard_deviation"/>
    <testcase time="0.235999999999876" classname="ds.var_math_square_root_std_single" name="variance_is_to_the_power_of_2_of_the_standard_deviation"/>
    <testcase time="0.235000000000127" classname="ds.var_math_square_root_std_single" name="variance_is_to_the_power_of_2_of_the_standard_deviation"/>
    <testcase time="0.231999999999971" classname="ds.var_math_square_root_std_single" name="variance_is_to_the_power_of_2_of_the_standard_deviation"/>
    <testcase time="0.23700000000008" classname="ds.var_math_square_root_std_single" name="variance_is_to_the_power_of_2_of_the_standard_deviation"/>
    <testcase time="0.276000000000295" classname="ds.var_math_square_root_std_single" name="variance_is_to_the_power_of_2_of_the_standard_deviation"/>
  </testsuite>
  <testsuite name="ds.var()::math::square_root_std::multiple" timestamp="2020-07-06T23:41:42Z" hostname="fv-az14" tests="32" skipped="0" failures="0" errors="0" time="8.681">
    <testcase time="4.70199999999977" classname="ds.var_math_square_root_std_multiple" name="variance_is_to_the_power_of_2_of_the_standard_deviation"/>
    <testcase time="0.255999999999858" classname="ds.var_math_square_root_std_multiple" name="variance_is_to_the_power_of_2_of_the_standard_deviation"/>
    <testcase time="0.260000000000218" classname="ds.var_math_square_root_std_multiple" name="variance_is_to_the_power_of_2_of_the_standard_deviation"/>
    <testcase time="0.257000000000062" classname="ds.var_math_square_root_std_multiple" name="variance_is_to_the_power_of_2_of_the_standard_deviation"/>
    <testcase time="0.263999999999669" classname="ds.var_math_square_root_std_multiple" name="variance_is_to_the_power_of_2_of_the_standard_deviation"/>
    <testcase time="0.260000000000218" classname="ds.var_math_square_root_std_multiple" name="variance_is_to_the_power_of_2_of_the_standard_deviation"/>
    <testcase time="0.26299999999992" classname="ds.var_math_square_root_std_multiple" name="variance_is_to_the_power_of_2_of_the_standard_deviation"/>
    <testcase time="0.318000000000211" classname="ds.var_math_square_root_std_multiple" name="variance_is_to_the_power_of_2_of_the_standard_deviation"/>
    <testcase time="0.266000000000076" classname="ds.var_math_square_root_std_multiple" name="variance_is_to_the_power_of_2_of_the_standard_deviation"/>
    <testcase time="0.000999999999748979" classname="ds.var_math_square_root_std_multiple" name="variance_is_to_the_power_of_2_of_the_standard_deviation"/>
    <testcase time="0.00199999999995271" classname="ds.var_math_square_root_std_multiple" name="variance_is_to_the_power_of_2_of_the_standard_deviation"/>
    <testcase time="0.259000000000015" classname="ds.var_math_square_root_std_multiple" name="variance_is_to_the_power_of_2_of_the_standard_deviation"/>
    <testcase time="0.00100000000020373" classname="ds.var_math_square_root_std_multiple" name="variance_is_to_the_power_of_2_of_the_standard_deviation"/>
    <testcase time="0.000999999999748979" classname="ds.var_math_square_root_std_multiple" name="variance_is_to_the_power_of_2_of_the_standard_deviation"/>
    <testcase time="0.260000000000218" classname="ds.var_math_square_root_std_multiple" name="variance_is_to_the_power_of_2_of_the_standard_deviation"/>
    <testcase time="0.000999999999748979" classname="ds.var_math_square_root_std_multiple" name="variance_is_to_the_power_of_2_of_the_standard_deviation"/>
    <testcase time="0.00199999999995271" classname="ds.var_math_square_root_std_multiple" name="variance_is_to_the_power_of_2_of_the_standard_deviation"/>
    <testcase time="0.258000000000266" classname="ds.var_math_square_root_std_multiple" name="variance_is_to_the_power_of_2_of_the_standard_deviation"/>
    <testcase time="0.000999999999748979" classname="ds.var_math_square_root_std_multiple" name="variance_is_to_the_power_of_2_of_the_standard_deviation"/>
    <testcase time="0.00200000000040745" classname="ds.var_math_square_root_std_multiple" name="variance_is_to_the_power_of_2_of_the_standard_deviation"/>
    <testcase time="0.254999999999654" classname="ds.var_math_square_root_std_multiple" name="variance_is_to_the_power_of_2_of_the_standard_deviation"/>
    <testcase time="0.000999999999748979" classname="ds.var_math_square_root_std_multiple" name="variance_is_to_the_power_of_2_of_the_standard_deviation"/>
    <testcase time="0.00199999999995271" classname="ds.var_math_square_root_std_multiple" name="variance_is_to_the_power_of_2_of_the_standard_deviation"/>
    <testcase time="0.257000000000062" classname="ds.var_math_square_root_std_multiple" name="variance_is_to_the_power_of_2_of_the_standard_deviation"/>
    <testcase time="0.00100000000020373" classname="ds.var_math_square_root_std_multiple" name="variance_is_to_the_power_of_2_of_the_standard_deviation"/>
    <testcase time="0.00199999999995271" classname="ds.var_math_square_root_std_multiple" name="variance_is_to_the_power_of_2_of_the_standard_deviation"/>
    <testcase time="0.262000000000171" classname="ds.var_math_square_root_std_multiple" name="variance_is_to_the_power_of_2_of_the_standard_deviation"/>
    <testcase time="0.00199999999995271" classname="ds.var_math_square_root_std_multiple" name="variance_is_to_the_power_of_2_of_the_standard_deviation"/>
    <testcase time="0.000999999999748979" classname="ds.var_math_square_root_std_multiple" name="variance_is_to_the_power_of_2_of_the_standard_deviation"/>
    <testcase time="0.260999999999967" classname="ds.var_math_square_root_std_multiple" name="variance_is_to_the_power_of_2_of_the_standard_deviation"/>
    <testcase time="0.00199999999995271" classname="ds.var_math_square_root_std_multiple" name="variance_is_to_the_power_of_2_of_the_standard_deviation"/>
    <testcase time="0.00100000000020373" classname="ds.var_math_square_root_std_multiple" name="variance_is_to_the_power_of_2_of_the_standard_deviation"/>
  </testsuite>
  <testsuite name="ds.var()::math::location::parameter::single" timestamp="2020-07-06T23:41:50Z" hostname="fv-az14" tests="8" skipped="0" failures="0" errors="0" time="20.121">
    <testcase time="5.49299999999994" classname="ds.var_math_location_parameter_single" name="var_X_a_Var_X_"/>
    <testcase time="2.08800000000019" classname="ds.var_math_location_parameter_single" name="var_X_a_Var_X_"/>
    <testcase time="2.08899999999994" classname="ds.var_math_location_parameter_single" name="var_X_a_Var_X_"/>
    <testcase time="2.08300000000008" classname="ds.var_math_location_parameter_single" name="var_X_a_Var_X_"/>
    <testcase time="2.08599999999979" classname="ds.var_math_location_parameter_single" name="var_X_a_Var_X_"/>
    <testcase time="2.08600000000024" classname="ds.var_math_location_parameter_single" name="var_X_a_Var_X_"/>
    <testcase time="2.11799999999994" classname="ds.var_math_location_parameter_single" name="var_X_a_Var_X_"/>
    <testcase time="2.07799999999997" classname="ds.var_math_location_parameter_single" name="var_X_a_Var_X_"/>
  </testsuite>
  <testsuite name="ds.var()::math::location::parameter::multiple" timestamp="2020-07-06T23:42:10Z" hostname="fv-az14" tests="8" skipped="0" failures="0" errors="0" time="29.825">
    <testcase time="7.7199999999998" classname="ds.var_math_location_parameter_multiple" name="var_X_a_Var_X_"/>
    <testcase time="3.14499999999998" classname="ds.var_math_location_parameter_multiple" name="var_X_a_Var_X_"/>
    <testcase time="3.14699999999993" classname="ds.var_math_location_parameter_multiple" name="var_X_a_Var_X_"/>
    <testcase time="3.16400000000021" classname="ds.var_math_location_parameter_multiple" name="var_X_a_Var_X_"/>
    <testcase time="3.14800000000014" classname="ds.var_math_location_parameter_multiple" name="var_X_a_Var_X_"/>
    <testcase time="3.15499999999975" classname="ds.var_math_location_parameter_multiple" name="var_X_a_Var_X_"/>
    <testcase time="3.20900000000029" classname="ds.var_math_location_parameter_multiple" name="var_X_a_Var_X_"/>
    <testcase time="3.13699999999972" classname="ds.var_math_location_parameter_multiple" name="var_X_a_Var_X_"/>
  </testsuite>
  <testsuite name="ds.var()::math::scale::single" timestamp="2020-07-06T23:42:40Z" hostname="fv-az14" tests="8" skipped="0" failures="0" errors="0" time="20.135">
    <testcase time="5.51600000000008" classname="ds.var_math_scale_single" name="var_aX_a_2Var_X_"/>
    <testcase time="2.07600000000002" classname="ds.var_math_scale_single" name="var_aX_a_2Var_X_"/>
    <testcase time="2.09099999999989" classname="ds.var_math_scale_single" name="var_aX_a_2Var_X_"/>
    <testcase time="2.07600000000002" classname="ds.var_math_scale_single" name="var_aX_a_2Var_X_"/>
    <testcase time="2.07999999999993" classname="ds.var_math_scale_single" name="var_aX_a_2Var_X_"/>
    <testcase time="2.10000000000036" classname="ds.var_math_scale_single" name="var_aX_a_2Var_X_"/>
    <testcase time="2.11299999999983" classname="ds.var_math_scale_single" name="var_aX_a_2Var_X_"/>
    <testcase time="2.08300000000008" classname="ds.var_math_scale_single" name="var_aX_a_2Var_X_"/>
  </testsuite>
  <testsuite name="ds.var()::math::scale::multiple" timestamp="2020-07-06T23:43:00Z" hostname="fv-az14" tests="8" skipped="0" failures="0" errors="0" time="29.843">
    <testcase time="7.72299999999996" classname="ds.var_math_scale_multiple" name="var_aX_a_2Var_X_"/>
    <testcase time="3.15099999999984" classname="ds.var_math_scale_multiple" name="var_aX_a_2Var_X_"/>
    <testcase time="3.14100000000008" classname="ds.var_math_scale_multiple" name="var_aX_a_2Var_X_"/>
    <testcase time="3.14800000000014" classname="ds.var_math_scale_multiple" name="var_aX_a_2Var_X_"/>
    <testcase time="3.14799999999968" classname="ds.var_math_scale_multiple" name="var_aX_a_2Var_X_"/>
    <testcase time="3.15200000000004" classname="ds.var_math_scale_multiple" name="var_aX_a_2Var_X_"/>
    <testcase time="3.21399999999994" classname="ds.var_math_scale_multiple" name="var_aX_a_2Var_X_"/>
    <testcase time="3.16600000000017" classname="ds.var_math_scale_multiple" name="var_aX_a_2Var_X_"/>
  </testsuite>
  <testsuite name="checkClass::smk::discordant::setup" timestamp="2020-07-06T23:43:30Z" hostname="fv-az14" tests="3" skipped="0" failures="0" errors="0" time="4.796">
    <testcase time="4.79399999999987" classname="checkClass_smk_discordant_setup" name="setup"/>
    <testcase time="0.00100000000020373" classname="checkClass_smk_discordant_setup" name="setup"/>
    <testcase time="0.000999999999748979" classname="checkClass_smk_discordant_setup" name="setup"/>
  </testsuite>
  <testsuite name="checkClass::smk::discordant" timestamp="2020-07-06T23:43:35Z" hostname="fv-az14" tests="3" skipped="0" failures="0" errors="0" time="2.041">
    <testcase time="0.6850000000004" classname="checkClass_smk_discordant" name="simple_test_discordant_dataset_A"/>
    <testcase time="0.678999999999633" classname="checkClass_smk_discordant" name="simple_test_discordant_dataset_B"/>
    <testcase time="0.677000000000135" classname="checkClass_smk_discordant" name="simple_test_discordant_dataset_C"/>
  </testsuite>
  <testsuite name="checkClass::smk::discordant::shutdown" timestamp="2020-07-06T23:43:37Z" hostname="fv-az14" tests="3" skipped="0" failures="0" errors="0" time="0.266">
    <testcase time="0.26299999999992" classname="checkClass_smk_discordant_shutdown" name="shutdown"/>
    <testcase time="0.00199999999995271" classname="checkClass_smk_discordant_shutdown" name="shutdown"/>
    <testcase time="0.00100000000020373" classname="checkClass_smk_discordant_shutdown" name="shutdown"/>
  </testsuite>
  <testsuite name="checkClass::smk::discordant::done" timestamp="2020-07-06T23:43:38Z" hostname="fv-az14" tests="0" skipped="0" failures="0" errors="0" time="0"/>
  <testsuite name="checkClass::smk::setup" timestamp="2020-07-06T23:43:38Z" hostname="fv-az14" tests="3" skipped="0" failures="0" errors="0" time="5.103">
    <testcase time="5.09999999999991" classname="checkClass_smk_setup" name="setup"/>
    <testcase time="0.00199999999995271" classname="checkClass_smk_setup" name="setup"/>
    <testcase time="0.00100000000020373" classname="checkClass_smk_setup" name="setup"/>
  </testsuite>
  <testsuite name="checkClass::smk::simple test" timestamp="2020-07-06T23:43:42Z" hostname="fv-az14" tests="24" skipped="0" failures="0" errors="0" time="8.037">
    <testcase time="0.679000000000087" classname="checkClass_smk_simple_test" name="simple_test"/>
    <testcase time="0.000999999999748979" classname="checkClass_smk_simple_test" name="simple_test"/>
    <testcase time="0.00100000000020373" classname="checkClass_smk_simple_test" name="simple_test"/>
    <testcase time="0.672999999999774" classname="checkClass_smk_simple_test" name="simple_test"/>
    <testcase time="0.000999999999748979" classname="checkClass_smk_simple_test" name="simple_test"/>
    <testcase time="0.00100000000020373" classname="checkClass_smk_simple_test" name="simple_test"/>
    <testcase time="0.672999999999774" classname="checkClass_smk_simple_test" name="simple_test"/>
    <testcase time="0.00199999999995271" classname="checkClass_smk_simple_test" name="simple_test"/>
    <testcase time="0.00100000000020373" classname="checkClass_smk_simple_test" name="simple_test"/>
    <testcase time="0.673999999999978" classname="checkClass_smk_simple_test" name="simple_test"/>
    <testcase time="0.00100000000020373" classname="checkClass_smk_simple_test" name="simple_test"/>
    <testcase time="0.00199999999995271" classname="checkClass_smk_simple_test" name="simple_test"/>
    <testcase time="0.67699999999968" classname="checkClass_smk_simple_test" name="simple_test"/>
    <testcase time="0.00100000000020373" classname="checkClass_smk_simple_test" name="simple_test"/>
    <testcase time="0.00199999999995271" classname="checkClass_smk_simple_test" name="simple_test"/>
    <testcase time="0.673000000000229" classname="checkClass_smk_simple_test" name="simple_test"/>
    <testcase time="0.00199999999995271" classname="checkClass_smk_simple_test" name="simple_test"/>
    <testcase time="0.000999999999748979" classname="checkClass_smk_simple_test" name="simple_test"/>
    <testcase time="3.29300000000012" classname="checkClass_smk_simple_test" name="data.frame_test"/>
    <testcase time="0.00199999999995271" classname="checkClass_smk_simple_test" name="data.frame_test"/>
    <testcase time="0.00100000000020373" classname="checkClass_smk_simple_test" name="data.frame_test"/>
    <testcase time="0.672999999999774" classname="checkClass_smk_simple_test" name="missing_test"/>
    <testcase time="0.00100000000020373" classname="checkClass_smk_simple_test" name="missing_test"/>
    <testcase time="0.00199999999995271" classname="checkClass_smk_simple_test" name="missing_test"/>
  </testsuite>
  <testsuite name="checkClass::smk::shutdown" timestamp="2020-07-06T23:43:50Z" hostname="fv-az14" tests="3" skipped="0" failures="0" errors="0" time="0.266">
    <testcase time="0.263999999999669" classname="checkClass_smk_shutdown" name="shutdown"/>
    <testcase time="0.00100000000020373" classname="checkClass_smk_shutdown" name="shutdown"/>
    <testcase time="0.00100000000020373" classname="checkClass_smk_shutdown" name="shutdown"/>
  </testsuite>
  <testsuite name="checkClass::smk::done" timestamp="2020-07-06T23:43:51Z" hostname="fv-az14" tests="0" skipped="0" failures="0" errors="0" time="0"/>
  <testsuite name="ds.asCharacter::smk::setup" timestamp="2020-07-06T23:43:51Z" hostname="fv-az14" tests="3" skipped="0" failures="0" errors="0" time="5.065">
    <testcase time="5.0619999999999" classname="ds.asCharacter_smk_setup" name="setup"/>
    <testcase time="0.00199999999995271" classname="ds.asCharacter_smk_setup" name="setup"/>
    <testcase time="0.000999999999748979" classname="ds.asCharacter_smk_setup" name="setup"/>
  </testsuite>
  <testsuite name="ds.asCharacter::smk::simple test" timestamp="2020-07-06T23:43:56Z" hostname="fv-az14" tests="3" skipped="0" failures="0" errors="0" time="0.784">
    <testcase time="0.781000000000404" classname="ds.asCharacter_smk_simple_test" name="simple_test"/>
    <testcase time="0.00199999999995271" classname="ds.asCharacter_smk_simple_test" name="simple_test"/>
    <testcase time="0.000999999999748979" classname="ds.asCharacter_smk_simple_test" name="simple_test"/>
  </testsuite>
  <testsuite name="ds.asCharacter::smk::stutdown" timestamp="2020-07-06T23:43:56Z" hostname="fv-az14" tests="3" skipped="0" failures="0" errors="0" time="0.272">
    <testcase time="0.269999999999982" classname="ds.asCharacter_smk_stutdown" name="setup"/>
    <testcase time="0.00100000000020373" classname="ds.asCharacter_smk_stutdown" name="setup"/>
    <testcase time="0.000999999999748979" classname="ds.asCharacter_smk_stutdown" name="setup"/>
  </testsuite>
  <testsuite name="ds.asCharacter::smk::done" timestamp="2020-07-06T23:43:57Z" hostname="fv-az14" tests="0" skipped="0" failures="0" errors="0" time="0"/>
  <testsuite name="ds.asDataMatrix::smk::setup" timestamp="2020-07-06T23:43:57Z" hostname="fv-az14" tests="3" skipped="0" failures="0" errors="0" time="5.085">
    <testcase time="5.08300000000008" classname="ds.asDataMatrix_smk_setup" name="setup"/>
    <testcase time="0.00100000000020373" classname="ds.asDataMatrix_smk_setup" name="setup"/>
    <testcase time="0.000999999999748979" classname="ds.asDataMatrix_smk_setup" name="setup"/>
  </testsuite>
  <testsuite name="ds.asDataMatrix::smk::simple test" timestamp="2020-07-06T23:44:02Z" hostname="fv-az14" tests="3" skipped="0" failures="0" errors="0" time="0.82">
    <testcase time="0.817000000000007" classname="ds.asDataMatrix_smk_simple_test" name="simple_test"/>
    <testcase time="0.00100000000020373" classname="ds.asDataMatrix_smk_simple_test" name="simple_test"/>
    <testcase time="0.00199999999995271" classname="ds.asDataMatrix_smk_simple_test" name="simple_test"/>
  </testsuite>
  <testsuite name="ds.asDataMatrix::smk::shutdown" timestamp="2020-07-06T23:44:03Z" hostname="fv-az14" tests="3" skipped="0" failures="0" errors="0" time="0.278">
    <testcase time="0.27599999999984" classname="ds.asDataMatrix_smk_shutdown" name="shutdown"/>
    <testcase time="0.00100000000020373" classname="ds.asDataMatrix_smk_shutdown" name="shutdown"/>
    <testcase time="0.000999999999748979" classname="ds.asDataMatrix_smk_shutdown" name="shutdown"/>
  </testsuite>
  <testsuite name="ds.asDataMatrix::smk::done" timestamp="2020-07-06T23:44:03Z" hostname="fv-az14" tests="0" skipped="0" failures="0" errors="0" time="0"/>
  <testsuite name="ds.asFactor::smk::setup" timestamp="2020-07-06T23:44:04Z" hostname="fv-az14" tests="3" skipped="0" failures="0" errors="0" time="5.069">
    <testcase time="5.06600000000026" classname="ds.asFactor_smk_setup" name="setup"/>
    <testcase time="0.00199999999995271" classname="ds.asFactor_smk_setup" name="setup"/>
    <testcase time="0.000999999999748979" classname="ds.asFactor_smk_setup" name="setup"/>
  </testsuite>
  <testsuite name="ds.asFactor::smk::force.factor.levels" timestamp="2020-07-06T23:44:09Z" hostname="fv-az14" tests="25" skipped="0" failures="0" errors="0" time="13.236">
    <testcase time="2.0930000000003" classname="ds.asFactor_smk_force.factor.levels" name="with_no_force.factor.levels"/>
    <testcase time="1.18899999999985" classname="ds.asFactor_smk_force.factor.levels" name="with_no_force.factor.levels"/>
    <testcase time="0.00100000000020373" classname="ds.asFactor_smk_force.factor.levels" name="with_no_force.factor.levels"/>
    <testcase time="0.000999999999748979" classname="ds.asFactor_smk_force.factor.levels" name="with_no_force.factor.levels"/>
    <testcase time="0.00100000000020373" classname="ds.asFactor_smk_force.factor.levels" name="with_no_force.factor.levels"/>
    <testcase time="1.28400000000011" classname="ds.asFactor_smk_force.factor.levels" name="with_forced.factor.levels_of_1_6"/>
    <testcase time="1.18499999999995" classname="ds.asFactor_smk_force.factor.levels" name="with_forced.factor.levels_of_1_6"/>
    <testcase time="0.000999999999748979" classname="ds.asFactor_smk_force.factor.levels" name="with_forced.factor.levels_of_1_6"/>
    <testcase time="0.00100000000020373" classname="ds.asFactor_smk_force.factor.levels" name="with_forced.factor.levels_of_1_6"/>
    <testcase time="0.000999999999748979" classname="ds.asFactor_smk_force.factor.levels" name="with_forced.factor.levels_of_1_6"/>
    <testcase time="1.28800000000001" classname="ds.asFactor_smk_force.factor.levels" name="with_force.factor.levels_of_0_10"/>
    <testcase time="1.22700000000032" classname="ds.asFactor_smk_force.factor.levels" name="with_force.factor.levels_of_0_10"/>
    <testcase time="0.000999999999748979" classname="ds.asFactor_smk_force.factor.levels" name="with_force.factor.levels_of_0_10"/>
    <testcase time="0.00199999999995271" classname="ds.asFactor_smk_force.factor.levels" name="with_force.factor.levels_of_0_10"/>
    <testcase time="0.00100000000020373" classname="ds.asFactor_smk_force.factor.levels" name="with_force.factor.levels_of_0_10"/>
    <testcase time="1.28499999999985" classname="ds.asFactor_smk_force.factor.levels" name="with_force.factor.levels_of_2_3"/>
    <testcase time="1.1840000000002" classname="ds.asFactor_smk_force.factor.levels" name="with_force.factor.levels_of_2_3"/>
    <testcase time="0.00199999999995271" classname="ds.asFactor_smk_force.factor.levels" name="with_force.factor.levels_of_2_3"/>
    <testcase time="0.000999999999748979" classname="ds.asFactor_smk_force.factor.levels" name="with_force.factor.levels_of_2_3"/>
    <testcase time="0.00199999999995271" classname="ds.asFactor_smk_force.factor.levels" name="with_force.factor.levels_of_2_3"/>
    <testcase time="1.28500000000031" classname="ds.asFactor_smk_force.factor.levels" name="with_force.factor.levels_of_c_1_2_3_4_a_h_5_"/>
    <testcase time="1.19599999999991" classname="ds.asFactor_smk_force.factor.levels" name="with_force.factor.levels_of_c_1_2_3_4_a_h_5_"/>
    <testcase time="0.00199999999995271" classname="ds.asFactor_smk_force.factor.levels" name="with_force.factor.levels_of_c_1_2_3_4_a_h_5_"/>
    <testcase time="0.00100000000020373" classname="ds.asFactor_smk_force.factor.levels" name="with_force.factor.levels_of_c_1_2_3_4_a_h_5_"/>
    <testcase time="0.00199999999995271" classname="ds.asFactor_smk_force.factor.levels" name="with_force.factor.levels_of_c_1_2_3_4_a_h_5_"/>
  </testsuite>
  <testsuite name="ds.asFactor::smk::fixed.dummy.vars" timestamp="2020-07-06T23:44:21Z" hostname="fv-az14" tests="6" skipped="0" failures="0" errors="0" time="2.603">
    <testcase time="1.30499999999984" classname="ds.asFactor_smk_fixed.dummy.vars" name="with_fixed.dummy.vars_of_TRUE"/>
    <testcase time="0.00100000000020373" classname="ds.asFactor_smk_fixed.dummy.vars" name="with_fixed.dummy.vars_of_TRUE"/>
    <testcase time="0.000999999999748979" classname="ds.asFactor_smk_fixed.dummy.vars" name="with_fixed.dummy.vars_of_TRUE"/>
    <testcase time="1.29300000000012" classname="ds.asFactor_smk_fixed.dummy.vars" name="with_fixed.dummy.vars_of_TRUE_and_baseline.level_of_6"/>
    <testcase time="0.00199999999995271" classname="ds.asFactor_smk_fixed.dummy.vars" name="with_fixed.dummy.vars_of_TRUE_and_baseline.level_of_6"/>
    <testcase time="0.00100000000020373" classname="ds.asFactor_smk_fixed.dummy.vars" name="with_fixed.dummy.vars_of_TRUE_and_baseline.level_of_6"/>
  </testsuite>
  <testsuite name="ds.asFactor::smk::shutdown" timestamp="2020-07-06T23:44:24Z" hostname="fv-az14" tests="3" skipped="0" failures="0" errors="0" time="0.264">
    <testcase time="0.260999999999967" classname="ds.asFactor_smk_shutdown" name="shutdown"/>
    <testcase time="0.00199999999995271" classname="ds.asFactor_smk_shutdown" name="shutdown"/>
    <testcase time="0.000999999999748979" classname="ds.asFactor_smk_shutdown" name="shutdown"/>
  </testsuite>
  <testsuite name="ds.asFactor::smk::done" timestamp="2020-07-06T23:44:25Z" hostname="fv-az14" tests="0" skipped="0" failures="0" errors="0" time="0"/>
  <testsuite name="ds.asInteger::smk::setup" timestamp="2020-07-06T23:44:25Z" hostname="fv-az14" tests="3" skipped="0" failures="0" errors="0" time="5.08">
    <testcase time="5.07799999999997" classname="ds.asInteger_smk_setup" name="setup"/>
    <testcase time="0.00100000000020373" classname="ds.asInteger_smk_setup" name="setup"/>
    <testcase time="0.00100000000020373" classname="ds.asInteger_smk_setup" name="setup"/>
  </testsuite>
  <testsuite name="ds.asInteger::smk::simple test" timestamp="2020-07-06T23:44:29Z" hostname="fv-az14" tests="3" skipped="0" failures="0" errors="0" time="0.817">
    <testcase time="0.8149999999996" classname="ds.asInteger_smk_simple_test" name="simple_test"/>
    <testcase time="0.00100000000020373" classname="ds.asInteger_smk_simple_test" name="simple_test"/>
    <testcase time="0.000999999999748979" classname="ds.asInteger_smk_simple_test" name="simple_test"/>
  </testsuite>
  <testsuite name="ds.asInteger::smk::stutdown" timestamp="2020-07-06T23:44:30Z" hostname="fv-az14" tests="3" skipped="0" failures="0" errors="0" time="0.271">
    <testcase time="0.269000000000233" classname="ds.asInteger_smk_stutdown" name="stutdown"/>
    <testcase time="0.00100000000020373" classname="ds.asInteger_smk_stutdown" name="stutdown"/>
    <testcase time="0.000999999999748979" classname="ds.asInteger_smk_stutdown" name="stutdown"/>
  </testsuite>
  <testsuite name="ds.asInteger::smk::done" timestamp="2020-07-06T23:44:31Z" hostname="fv-az14" tests="0" skipped="0" failures="0" errors="0" time="0"/>
  <testsuite name="ds.asList::smk::setup" timestamp="2020-07-06T23:44:31Z" hostname="fv-az14" tests="3" skipped="0" failures="0" errors="0" time="5.045">
    <testcase time="5.04199999999992" classname="ds.asList_smk_setup" name="setup"/>
    <testcase time="0.00199999999995271" classname="ds.asList_smk_setup" name="setup"/>
    <testcase time="0.00100000000020373" classname="ds.asList_smk_setup" name="setup"/>
  </testsuite>
  <testsuite name="ds.asList::smk::simple test" timestamp="2020-07-06T23:44:35Z" hostname="fv-az14" tests="10" skipped="0" failures="0" errors="0" time="0.361">
    <testcase time="0.349999999999909" classname="ds.asList_smk_simple_test" name="simple_test"/>
    <testcase time="0.00199999999995271" classname="ds.asList_smk_simple_test" name="simple_test"/>
    <testcase time="0.00100000000020373" classname="ds.asList_smk_simple_test" name="simple_test"/>
    <testcase time="0.000999999999748979" classname="ds.asList_smk_simple_test" name="simple_test"/>
    <testcase time="0.00100000000020373" classname="ds.asList_smk_simple_test" name="simple_test"/>
    <testcase time="0.000999999999748979" classname="ds.asList_smk_simple_test" name="simple_test"/>
    <testcase time="0.00100000000020373" classname="ds.asList_smk_simple_test" name="simple_test"/>
    <testcase time="0.00100000000020373" classname="ds.asList_smk_simple_test" name="simple_test"/>
    <testcase time="0.000999999999748979" classname="ds.asList_smk_simple_test" name="simple_test"/>
    <testcase time="0.00199999999995271" classname="ds.asList_smk_simple_test" name="simple_test"/>
  </testsuite>
  <testsuite name="ds.asList::smk::shutdown" timestamp="2020-07-06T23:44:36Z" hostname="fv-az14" tests="3" skipped="0" failures="0" errors="0" time="0.265">
    <testcase time="0.26299999999992" classname="ds.asList_smk_shutdown" name="stutdown"/>
    <testcase time="0.00100000000020373" classname="ds.asList_smk_shutdown" name="stutdown"/>
    <testcase time="0.000999999999748979" classname="ds.asList_smk_shutdown" name="stutdown"/>
  </testsuite>
  <testsuite name="ds.asList::smk::done" timestamp="2020-07-06T23:44:37Z" hostname="fv-az14" tests="0" skipped="0" failures="0" errors="0" time="0"/>
  <testsuite name="ds.asLogical::smk::setup" timestamp="2020-07-06T23:44:37Z" hostname="fv-az14" tests="3" skipped="0" failures="0" errors="0" time="5.095">
    <testcase time="5.0920000000001" classname="ds.asLogical_smk_setup" name="setup"/>
    <testcase time="0.00199999999995271" classname="ds.asLogical_smk_setup" name="setup"/>
    <testcase time="0.00100000000020373" classname="ds.asLogical_smk_setup" name="setup"/>
  </testsuite>
  <testsuite name="ds.asLogical::smk::simple test" timestamp="2020-07-06T23:44:41Z" hostname="fv-az14" tests="3" skipped="0" failures="0" errors="0" time="0.81">
    <testcase time="0.807999999999993" classname="ds.asLogical_smk_simple_test" name="simple_test"/>
    <testcase time="0.000999999999748979" classname="ds.asLogical_smk_simple_test" name="simple_test"/>
    <testcase time="0.00100000000020373" classname="ds.asLogical_smk_simple_test" name="simple_test"/>
  </testsuite>
  <testsuite name="ds.asLogical::smk::shutdown" timestamp="2020-07-06T23:44:42Z" hostname="fv-az14" tests="3" skipped="0" failures="0" errors="0" time="0.275">
    <testcase time="0.273000000000138" classname="ds.asLogical_smk_shutdown" name="shutdown"/>
    <testcase time="0.000999999999748979" classname="ds.asLogical_smk_shutdown" name="shutdown"/>
    <testcase time="0.00100000000020373" classname="ds.asLogical_smk_shutdown" name="shutdown"/>
  </testsuite>
  <testsuite name="ds.asLogical::smk::done" timestamp="2020-07-06T23:44:43Z" hostname="fv-az14" tests="0" skipped="0" failures="0" errors="0" time="0"/>
  <testsuite name="ds.asMatrix::smk::setup" timestamp="2020-07-06T23:44:43Z" hostname="fv-az14" tests="3" skipped="0" failures="0" errors="0" time="5.112">
    <testcase time="5.11000000000013" classname="ds.asMatrix_smk_setup" name="setup"/>
    <testcase time="0.000999999999748979" classname="ds.asMatrix_smk_setup" name="setup"/>
    <testcase time="0.00100000000020373" classname="ds.asMatrix_smk_setup" name="setup"/>
  </testsuite>
  <testsuite name="ds.asMatrix::smk::simple test" timestamp="2020-07-06T23:44:47Z" hostname="fv-az14" tests="3" skipped="0" failures="0" errors="0" time="0.777">
    <testcase time="0.773999999999887" classname="ds.asMatrix_smk_simple_test" name="simple_test"/>
    <testcase time="0.00199999999995271" classname="ds.asMatrix_smk_simple_test" name="simple_test"/>
    <testcase time="0.00100000000020373" classname="ds.asMatrix_smk_simple_test" name="simple_test"/>
  </testsuite>
  <testsuite name="ds.asMatrix::smk::shutdown" timestamp="2020-07-06T23:44:48Z" hostname="fv-az14" tests="3" skipped="0" failures="0" errors="0" time="0.268">
    <testcase time="0.265999999999622" classname="ds.asMatrix_smk_shutdown" name="shutdown"/>
    <testcase time="0.00100000000020373" classname="ds.asMatrix_smk_shutdown" name="shutdown"/>
    <testcase time="0.000999999999748979" classname="ds.asMatrix_smk_shutdown" name="shutdown"/>
  </testsuite>
  <testsuite name="ds.asMatrix::smk::done" timestamp="2020-07-06T23:44:49Z" hostname="fv-az14" tests="0" skipped="0" failures="0" errors="0" time="0"/>
  <testsuite name="ds.asNumeric::smk::setup" timestamp="2020-07-06T23:44:49Z" hostname="fv-az14" tests="3" skipped="0" failures="0" errors="0" time="5.077">
    <testcase time="5.07500000000027" classname="ds.asNumeric_smk_setup" name="setup"/>
    <testcase time="0.000999999999748979" classname="ds.asNumeric_smk_setup" name="setup"/>
    <testcase time="0.00100000000020373" classname="ds.asNumeric_smk_setup" name="setup"/>
  </testsuite>
  <testsuite name="ds.asNumeric::smk::simple test" timestamp="2020-07-06T23:44:53Z" hostname="fv-az14" tests="3" skipped="0" failures="0" errors="0" time="0.779">
    <testcase time="0.777000000000044" classname="ds.asNumeric_smk_simple_test" name="simple_test"/>
    <testcase time="0.000999999999748979" classname="ds.asNumeric_smk_simple_test" name="simple_test"/>
    <testcase time="0.00100000000020373" classname="ds.asNumeric_smk_simple_test" name="simple_test"/>
  </testsuite>
  <testsuite name="ds.asNumeric::smk::shutdown" timestamp="2020-07-06T23:44:54Z" hostname="fv-az14" tests="3" skipped="0" failures="0" errors="0" time="0.268">
    <testcase time="0.266000000000076" classname="ds.asNumeric_smk_shutdown" name="shutdown"/>
    <testcase time="0.000999999999748979" classname="ds.asNumeric_smk_shutdown" name="shutdown"/>
    <testcase time="0.00100000000020373" classname="ds.asNumeric_smk_shutdown" name="shutdown"/>
  </testsuite>
  <testsuite name="ds.asNumeric::smk::done" timestamp="2020-07-06T23:44:55Z" hostname="fv-az14" tests="0" skipped="0" failures="0" errors="0" time="0"/>
  <testsuite name="ds.assign::smk::setup" timestamp="2020-07-06T23:44:55Z" hostname="fv-az14" tests="3" skipped="0" failures="0" errors="0" time="5.173">
    <testcase time="5.17000000000007" classname="ds.assign_smk_setup" name="setup"/>
    <testcase time="0.00199999999995271" classname="ds.assign_smk_setup" name="setup"/>
    <testcase time="0.000999999999748979" classname="ds.assign_smk_setup" name="setup"/>
  </testsuite>
  <testsuite name="ds.assign::smk" timestamp="2020-07-06T23:45:00Z" hostname="fv-az14" tests="1" skipped="0" failures="0" errors="0" time="0.521">
    <testcase time="0.521000000000186" classname="ds.assign_smk" name="test_assign"/>
  </testsuite>
  <testsuite name="ds.assign::smk::shutdown" timestamp="2020-07-06T23:45:00Z" hostname="fv-az14" tests="3" skipped="0" failures="0" errors="0" time="0.267">
    <testcase time="0.264000000000124" classname="ds.assign_smk_shutdown" name="shutdown"/>
    <testcase time="0.000999999999748979" classname="ds.assign_smk_shutdown" name="shutdown"/>
    <testcase time="0.00199999999995271" classname="ds.assign_smk_shutdown" name="shutdown"/>
  </testsuite>
  <testsuite name="ds.assign::smk::done" timestamp="2020-07-06T23:45:01Z" hostname="fv-az14" tests="0" skipped="0" failures="0" errors="0" time="0"/>
  <testsuite name="ds.Boole::smk::setup" timestamp="2020-07-06T23:45:01Z" hostname="fv-az14" tests="3" skipped="0" failures="0" errors="0" time="5.132">
    <testcase time="5.13000000000011" classname="ds.Boole_smk_setup" name="setup"/>
    <testcase time="0.00100000000020373" classname="ds.Boole_smk_setup" name="setup"/>
    <testcase time="0.000999999999748979" classname="ds.Boole_smk_setup" name="setup"/>
  </testsuite>
  <testsuite name="ds.Boole::smk" timestamp="2020-07-06T23:45:05Z" hostname="fv-az14" tests="3" skipped="0" failures="0" errors="0" time="1.032">
    <testcase time="1.029" classname="ds.Boole_smk" name="simple_boole"/>
    <testcase time="0.00199999999995271" classname="ds.Boole_smk" name="simple_boole"/>
    <testcase time="0.00100000000020373" classname="ds.Boole_smk" name="simple_boole"/>
  </testsuite>
  <testsuite name="ds.Boole::smk::shutdown" timestamp="2020-07-06T23:45:07Z" hostname="fv-az14" tests="3" skipped="0" failures="0" errors="0" time="0.268">
    <testcase time="0.264999999999873" classname="ds.Boole_smk_shutdown" name="shutdown"/>
    <testcase time="0.00199999999995271" classname="ds.Boole_smk_shutdown" name="shutdown"/>
    <testcase time="0.00100000000020373" classname="ds.Boole_smk_shutdown" name="shutdown"/>
  </testsuite>
  <testsuite name="ds.Boole::smk::done" timestamp="2020-07-06T23:45:07Z" hostname="fv-az14" tests="0" skipped="0" failures="0" errors="0" time="0"/>
  <testsuite name="ds.cbind::smk::setup" timestamp="2020-07-06T23:45:07Z" hostname="fv-az14" tests="3" skipped="0" failures="0" errors="0" time="5.08">
    <testcase time="5.07699999999977" classname="ds.cbind_smk_setup" name="setup"/>
    <testcase time="0.00100000000020373" classname="ds.cbind_smk_setup" name="setup"/>
    <testcase time="0.00199999999995271" classname="ds.cbind_smk_setup" name="setup"/>
  </testsuite>
  <testsuite name="ds.cbind::smk::from dataframe variables" timestamp="2020-07-06T23:45:12Z" hostname="fv-az14" tests="34" skipped="0" failures="0" errors="0" time="6.035">
    <testcase time="4.02399999999989" classname="ds.cbind_smk_from_dataframe_variables" name="simple_test_from_dataframe_variables"/>
    <testcase time="0.00100000000020373" classname="ds.cbind_smk_from_dataframe_variables" name="simple_test_from_dataframe_variables"/>
    <testcase time="0.514999999999873" classname="ds.cbind_smk_from_dataframe_variables" name="simple_test_from_dataframe_variables"/>
    <testcase time="0.00100000000020373" classname="ds.cbind_smk_from_dataframe_variables" name="simple_test_from_dataframe_variables"/>
    <testcase time="0.000999999999748979" classname="ds.cbind_smk_from_dataframe_variables" name="simple_test_from_dataframe_variables"/>
    <testcase time="0.259000000000015" classname="ds.cbind_smk_from_dataframe_variables" name="simple_test_from_dataframe_variables"/>
    <testcase time="0.00100000000020373" classname="ds.cbind_smk_from_dataframe_variables" name="simple_test_from_dataframe_variables"/>
    <testcase time="0.000999999999748979" classname="ds.cbind_smk_from_dataframe_variables" name="simple_test_from_dataframe_variables"/>
    <testcase time="0.00100000000020373" classname="ds.cbind_smk_from_dataframe_variables" name="simple_test_from_dataframe_variables"/>
    <testcase time="0.00199999999995271" classname="ds.cbind_smk_from_dataframe_variables" name="simple_test_from_dataframe_variables"/>
    <testcase time="0.00100000000020373" classname="ds.cbind_smk_from_dataframe_variables" name="simple_test_from_dataframe_variables"/>
    <testcase time="0.000999999999748979" classname="ds.cbind_smk_from_dataframe_variables" name="simple_test_from_dataframe_variables"/>
    <testcase time="0.00100000000020373" classname="ds.cbind_smk_from_dataframe_variables" name="simple_test_from_dataframe_variables"/>
    <testcase time="0.00199999999995271" classname="ds.cbind_smk_from_dataframe_variables" name="simple_test_from_dataframe_variables"/>
    <testcase time="0.000999999999748979" classname="ds.cbind_smk_from_dataframe_variables" name="simple_test_from_dataframe_variables"/>
    <testcase time="0.00100000000020373" classname="ds.cbind_smk_from_dataframe_variables" name="simple_test_from_dataframe_variables"/>
    <testcase time="0.00199999999995271" classname="ds.cbind_smk_from_dataframe_variables" name="simple_test_from_dataframe_variables"/>
    <testcase time="0.000999999999748979" classname="ds.cbind_smk_from_dataframe_variables" name="simple_test_from_dataframe_variables"/>
    <testcase time="1.18900000000031" classname="ds.cbind_smk_from_dataframe_variables" name="simple_test_from_dataframe_variables"/>
    <testcase time="0.00199999999995271" classname="ds.cbind_smk_from_dataframe_variables" name="simple_test_from_dataframe_variables"/>
    <testcase time="0.000999999999748979" classname="ds.cbind_smk_from_dataframe_variables" name="simple_test_from_dataframe_variables"/>
    <testcase time="0.00200000000040745" classname="ds.cbind_smk_from_dataframe_variables" name="simple_test_from_dataframe_variables"/>
    <testcase time="0.000999999999748979" classname="ds.cbind_smk_from_dataframe_variables" name="simple_test_from_dataframe_variables"/>
    <testcase time="0.00199999999995271" classname="ds.cbind_smk_from_dataframe_variables" name="simple_test_from_dataframe_variables"/>
    <testcase time="0.00100000000020373" classname="ds.cbind_smk_from_dataframe_variables" name="simple_test_from_dataframe_variables"/>
    <testcase time="0.00199999999995271" classname="ds.cbind_smk_from_dataframe_variables" name="simple_test_from_dataframe_variables"/>
    <testcase time="0.00199999999995271" classname="ds.cbind_smk_from_dataframe_variables" name="simple_test_from_dataframe_variables"/>
    <testcase time="0.00100000000020373" classname="ds.cbind_smk_from_dataframe_variables" name="simple_test_from_dataframe_variables"/>
    <testcase time="0.00199999999995271" classname="ds.cbind_smk_from_dataframe_variables" name="simple_test_from_dataframe_variables"/>
    <testcase time="0.000999999999748979" classname="ds.cbind_smk_from_dataframe_variables" name="simple_test_from_dataframe_variables"/>
    <testcase time="0.00800000000026557" classname="ds.cbind_smk_from_dataframe_variables" name="simple_test_from_dataframe_variables"/>
    <testcase time="0.00199999999995271" classname="ds.cbind_smk_from_dataframe_variables" name="simple_test_from_dataframe_variables"/>
    <testcase time="0.00199999999995271" classname="ds.cbind_smk_from_dataframe_variables" name="simple_test_from_dataframe_variables"/>
    <testcase time="0.000999999999748979" classname="ds.cbind_smk_from_dataframe_variables" name="simple_test_from_dataframe_variables"/>
  </testsuite>
  <testsuite name="ds.cbind::smk::from root variables" timestamp="2020-07-06T23:45:18Z" hostname="fv-az14" tests="34" skipped="0" failures="0" errors="0" time="9.442">
    <testcase time="6.32600000000002" classname="ds.cbind_smk_from_root_variables" name="simple_test_from_root_variables"/>
    <testcase time="0.00100000000020373" classname="ds.cbind_smk_from_root_variables" name="simple_test_from_root_variables"/>
    <testcase time="1.54700000000003" classname="ds.cbind_smk_from_root_variables" name="simple_test_from_root_variables"/>
    <testcase time="0.000999999999748979" classname="ds.cbind_smk_from_root_variables" name="simple_test_from_root_variables"/>
    <testcase time="0.00100000000020373" classname="ds.cbind_smk_from_root_variables" name="simple_test_from_root_variables"/>
    <testcase time="0.257999999999811" classname="ds.cbind_smk_from_root_variables" name="simple_test_from_root_variables"/>
    <testcase time="0.00100000000020373" classname="ds.cbind_smk_from_root_variables" name="simple_test_from_root_variables"/>
    <testcase time="0.000999999999748979" classname="ds.cbind_smk_from_root_variables" name="simple_test_from_root_variables"/>
    <testcase time="0.00100000000020373" classname="ds.cbind_smk_from_root_variables" name="simple_test_from_root_variables"/>
    <testcase time="0.00199999999995271" classname="ds.cbind_smk_from_root_variables" name="simple_test_from_root_variables"/>
    <testcase time="0.00100000000020373" classname="ds.cbind_smk_from_root_variables" name="simple_test_from_root_variables"/>
    <testcase time="0.000999999999748979" classname="ds.cbind_smk_from_root_variables" name="simple_test_from_root_variables"/>
    <testcase time="0.00100000000020373" classname="ds.cbind_smk_from_root_variables" name="simple_test_from_root_variables"/>
    <testcase time="0.00199999999995271" classname="ds.cbind_smk_from_root_variables" name="simple_test_from_root_variables"/>
    <testcase time="0.000999999999748979" classname="ds.cbind_smk_from_root_variables" name="simple_test_from_root_variables"/>
    <testcase time="0.00100000000020373" classname="ds.cbind_smk_from_root_variables" name="simple_test_from_root_variables"/>
    <testcase time="0.00199999999995271" classname="ds.cbind_smk_from_root_variables" name="simple_test_from_root_variables"/>
    <testcase time="0.00100000000020373" classname="ds.cbind_smk_from_root_variables" name="simple_test_from_root_variables"/>
    <testcase time="1.27099999999973" classname="ds.cbind_smk_from_root_variables" name="simple_test_from_root_variables"/>
    <testcase time="0.00100000000020373" classname="ds.cbind_smk_from_root_variables" name="simple_test_from_root_variables"/>
    <testcase time="0.000999999999748979" classname="ds.cbind_smk_from_root_variables" name="simple_test_from_root_variables"/>
    <testcase time="0.00199999999995271" classname="ds.cbind_smk_from_root_variables" name="simple_test_from_root_variables"/>
    <testcase time="0.00100000000020373" classname="ds.cbind_smk_from_root_variables" name="simple_test_from_root_variables"/>
    <testcase time="0.00199999999995271" classname="ds.cbind_smk_from_root_variables" name="simple_test_from_root_variables"/>
    <testcase time="0.00100000000020373" classname="ds.cbind_smk_from_root_variables" name="simple_test_from_root_variables"/>
    <testcase time="0.00199999999995271" classname="ds.cbind_smk_from_root_variables" name="simple_test_from_root_variables"/>
    <testcase time="0.000999999999748979" classname="ds.cbind_smk_from_root_variables" name="simple_test_from_root_variables"/>
    <testcase time="0.00199999999995271" classname="ds.cbind_smk_from_root_variables" name="simple_test_from_root_variables"/>
    <testcase time="0.00100000000020373" classname="ds.cbind_smk_from_root_variables" name="simple_test_from_root_variables"/>
    <testcase time="0.00199999999995271" classname="ds.cbind_smk_from_root_variables" name="simple_test_from_root_variables"/>
    <testcase time="0.00100000000020373" classname="ds.cbind_smk_from_root_variables" name="simple_test_from_root_variables"/>
    <testcase time="0.00199999999995271" classname="ds.cbind_smk_from_root_variables" name="simple_test_from_root_variables"/>
    <testcase time="0.00199999999995271" classname="ds.cbind_smk_from_root_variables" name="simple_test_from_root_variables"/>
    <testcase time="0.000999999999748979" classname="ds.cbind_smk_from_root_variables" name="simple_test_from_root_variables"/>
  </testsuite>
  <testsuite name="ds.cbind::smk::from dataframe variables, DataSHIELD.check=TRUE" timestamp="2020-07-06T23:45:28Z" hostname="fv-az14" tests="34" skipped="0" failures="0" errors="0" time="28.978">
    <testcase time="26.9750000000004" classname="ds.cbind_smk_from_dataframe_variables_DataSHIELD.check_TRUE" name="simple_test_from_dataframe_variables_DataSHIELD.check_TRUE"/>
    <testcase time="0.000999999999748979" classname="ds.cbind_smk_from_dataframe_variables_DataSHIELD.check_TRUE" name="simple_test_from_dataframe_variables_DataSHIELD.check_TRUE"/>
    <testcase time="0.512000000000171" classname="ds.cbind_smk_from_dataframe_variables_DataSHIELD.check_TRUE" name="simple_test_from_dataframe_variables_DataSHIELD.check_TRUE"/>
    <testcase time="0.000999999999748979" classname="ds.cbind_smk_from_dataframe_variables_DataSHIELD.check_TRUE" name="simple_test_from_dataframe_variables_DataSHIELD.check_TRUE"/>
    <testcase time="0.00100000000020373" classname="ds.cbind_smk_from_dataframe_variables_DataSHIELD.check_TRUE" name="simple_test_from_dataframe_variables_DataSHIELD.check_TRUE"/>
    <testcase time="0.257000000000062" classname="ds.cbind_smk_from_dataframe_variables_DataSHIELD.check_TRUE" name="simple_test_from_dataframe_variables_DataSHIELD.check_TRUE"/>
    <testcase time="0.000999999999748979" classname="ds.cbind_smk_from_dataframe_variables_DataSHIELD.check_TRUE" name="simple_test_from_dataframe_variables_DataSHIELD.check_TRUE"/>
    <testcase time="0.00100000000020373" classname="ds.cbind_smk_from_dataframe_variables_DataSHIELD.check_TRUE" name="simple_test_from_dataframe_variables_DataSHIELD.check_TRUE"/>
    <testcase time="0.000999999999748979" classname="ds.cbind_smk_from_dataframe_variables_DataSHIELD.check_TRUE" name="simple_test_from_dataframe_variables_DataSHIELD.check_TRUE"/>
    <testcase time="0.00199999999995271" classname="ds.cbind_smk_from_dataframe_variables_DataSHIELD.check_TRUE" name="simple_test_from_dataframe_variables_DataSHIELD.check_TRUE"/>
    <testcase time="0.00100000000020373" classname="ds.cbind_smk_from_dataframe_variables_DataSHIELD.check_TRUE" name="simple_test_from_dataframe_variables_DataSHIELD.check_TRUE"/>
    <testcase time="0.00100000000020373" classname="ds.cbind_smk_from_dataframe_variables_DataSHIELD.check_TRUE" name="simple_test_from_dataframe_variables_DataSHIELD.check_TRUE"/>
    <testcase time="0.000999999999748979" classname="ds.cbind_smk_from_dataframe_variables_DataSHIELD.check_TRUE" name="simple_test_from_dataframe_variables_DataSHIELD.check_TRUE"/>
    <testcase time="0.00199999999995271" classname="ds.cbind_smk_from_dataframe_variables_DataSHIELD.check_TRUE" name="simple_test_from_dataframe_variables_DataSHIELD.check_TRUE"/>
    <testcase time="0.00100000000020373" classname="ds.cbind_smk_from_dataframe_variables_DataSHIELD.check_TRUE" name="simple_test_from_dataframe_variables_DataSHIELD.check_TRUE"/>
    <testcase time="0.000999999999748979" classname="ds.cbind_smk_from_dataframe_variables_DataSHIELD.check_TRUE" name="simple_test_from_dataframe_variables_DataSHIELD.check_TRUE"/>
    <testcase time="0.00199999999995271" classname="ds.cbind_smk_from_dataframe_variables_DataSHIELD.check_TRUE" name="simple_test_from_dataframe_variables_DataSHIELD.check_TRUE"/>
    <testcase time="0.00100000000020373" classname="ds.cbind_smk_from_dataframe_variables_DataSHIELD.check_TRUE" name="simple_test_from_dataframe_variables_DataSHIELD.check_TRUE"/>
    <testcase time="1.18600000000015" classname="ds.cbind_smk_from_dataframe_variables_DataSHIELD.check_TRUE" name="simple_test_from_dataframe_variables_DataSHIELD.check_TRUE"/>
    <testcase time="0.00199999999995271" classname="ds.cbind_smk_from_dataframe_variables_DataSHIELD.check_TRUE" name="simple_test_from_dataframe_variables_DataSHIELD.check_TRUE"/>
    <testcase time="0.000999999999748979" classname="ds.cbind_smk_from_dataframe_variables_DataSHIELD.check_TRUE" name="simple_test_from_dataframe_variables_DataSHIELD.check_TRUE"/>
    <testcase time="0.00199999999995271" classname="ds.cbind_smk_from_dataframe_variables_DataSHIELD.check_TRUE" name="simple_test_from_dataframe_variables_DataSHIELD.check_TRUE"/>
    <testcase time="0.00100000000020373" classname="ds.cbind_smk_from_dataframe_variables_DataSHIELD.check_TRUE" name="simple_test_from_dataframe_variables_DataSHIELD.check_TRUE"/>
    <testcase time="0.00199999999995271" classname="ds.cbind_smk_from_dataframe_variables_DataSHIELD.check_TRUE" name="simple_test_from_dataframe_variables_DataSHIELD.check_TRUE"/>
    <testcase time="0.00100000000020373" classname="ds.cbind_smk_from_dataframe_variables_DataSHIELD.check_TRUE" name="simple_test_from_dataframe_variables_DataSHIELD.check_TRUE"/>
    <testcase time="0.00199999999995271" classname="ds.cbind_smk_from_dataframe_variables_DataSHIELD.check_TRUE" name="simple_test_from_dataframe_variables_DataSHIELD.check_TRUE"/>
    <testcase time="0.000999999999748979" classname="ds.cbind_smk_from_dataframe_variables_DataSHIELD.check_TRUE" name="simple_test_from_dataframe_variables_DataSHIELD.check_TRUE"/>
    <testcase time="0.00800000000026557" classname="ds.cbind_smk_from_dataframe_variables_DataSHIELD.check_TRUE" name="simple_test_from_dataframe_variables_DataSHIELD.check_TRUE"/>
    <testcase time="0.00199999999995271" classname="ds.cbind_smk_from_dataframe_variables_DataSHIELD.check_TRUE" name="simple_test_from_dataframe_variables_DataSHIELD.check_TRUE"/>
    <testcase time="0.00199999999995271" classname="ds.cbind_smk_from_dataframe_variables_DataSHIELD.check_TRUE" name="simple_test_from_dataframe_variables_DataSHIELD.check_TRUE"/>
    <testcase time="0.000999999999748979" classname="ds.cbind_smk_from_dataframe_variables_DataSHIELD.check_TRUE" name="simple_test_from_dataframe_variables_DataSHIELD.check_TRUE"/>
    <testcase time="0.00200000000040745" classname="ds.cbind_smk_from_dataframe_variables_DataSHIELD.check_TRUE" name="simple_test_from_dataframe_variables_DataSHIELD.check_TRUE"/>
    <testcase time="0.000999999999748979" classname="ds.cbind_smk_from_dataframe_variables_DataSHIELD.check_TRUE" name="simple_test_from_dataframe_variables_DataSHIELD.check_TRUE"/>
    <testcase time="0.00199999999995271" classname="ds.cbind_smk_from_dataframe_variables_DataSHIELD.check_TRUE" name="simple_test_from_dataframe_variables_DataSHIELD.check_TRUE"/>
  </testsuite>
  <testsuite name="ds.cbind::smk::from root variables, DataSHIELD.check=TRUE" timestamp="2020-07-06T23:45:57Z" hostname="fv-az14" tests="34" skipped="0" failures="0" errors="0" time="32.006">
    <testcase time="28.9850000000001" classname="ds.cbind_smk_from_root_variables_DataSHIELD.check_TRUE" name="simple_test_from_root_variables_DataSHIELD.check_TRUE"/>
    <testcase time="0.000999999999748979" classname="ds.cbind_smk_from_root_variables_DataSHIELD.check_TRUE" name="simple_test_from_root_variables_DataSHIELD.check_TRUE"/>
    <testcase time="1.53499999999985" classname="ds.cbind_smk_from_root_variables_DataSHIELD.check_TRUE" name="simple_test_from_root_variables_DataSHIELD.check_TRUE"/>
    <testcase time="0.00100000000020373" classname="ds.cbind_smk_from_root_variables_DataSHIELD.check_TRUE" name="simple_test_from_root_variables_DataSHIELD.check_TRUE"/>
    <testcase time="0.000999999999748979" classname="ds.cbind_smk_from_root_variables_DataSHIELD.check_TRUE" name="simple_test_from_root_variables_DataSHIELD.check_TRUE"/>
    <testcase time="0.258000000000266" classname="ds.cbind_smk_from_root_variables_DataSHIELD.check_TRUE" name="simple_test_from_root_variables_DataSHIELD.check_TRUE"/>
    <testcase time="0.000999999999748979" classname="ds.cbind_smk_from_root_variables_DataSHIELD.check_TRUE" name="simple_test_from_root_variables_DataSHIELD.check_TRUE"/>
    <testcase time="0.00100000000020373" classname="ds.cbind_smk_from_root_variables_DataSHIELD.check_TRUE" name="simple_test_from_root_variables_DataSHIELD.check_TRUE"/>
    <testcase time="0.00199999999995271" classname="ds.cbind_smk_from_root_variables_DataSHIELD.check_TRUE" name="simple_test_from_root_variables_DataSHIELD.check_TRUE"/>
    <testcase time="0.00100000000020373" classname="ds.cbind_smk_from_root_variables_DataSHIELD.check_TRUE" name="simple_test_from_root_variables_DataSHIELD.check_TRUE"/>
    <testcase time="0.000999999999748979" classname="ds.cbind_smk_from_root_variables_DataSHIELD.check_TRUE" name="simple_test_from_root_variables_DataSHIELD.check_TRUE"/>
    <testcase time="0.00199999999995271" classname="ds.cbind_smk_from_root_variables_DataSHIELD.check_TRUE" name="simple_test_from_root_variables_DataSHIELD.check_TRUE"/>
    <testcase time="0.00100000000020373" classname="ds.cbind_smk_from_root_variables_DataSHIELD.check_TRUE" name="simple_test_from_root_variables_DataSHIELD.check_TRUE"/>
    <testcase time="0.000999999999748979" classname="ds.cbind_smk_from_root_variables_DataSHIELD.check_TRUE" name="simple_test_from_root_variables_DataSHIELD.check_TRUE"/>
    <testcase time="0.00199999999995271" classname="ds.cbind_smk_from_root_variables_DataSHIELD.check_TRUE" name="simple_test_from_root_variables_DataSHIELD.check_TRUE"/>
    <testcase time="0.00100000000020373" classname="ds.cbind_smk_from_root_variables_DataSHIELD.check_TRUE" name="simple_test_from_root_variables_DataSHIELD.check_TRUE"/>
    <testcase time="0.00100000000020373" classname="ds.cbind_smk_from_root_variables_DataSHIELD.check_TRUE" name="simple_test_from_root_variables_DataSHIELD.check_TRUE"/>
    <testcase time="0.00199999999995271" classname="ds.cbind_smk_from_root_variables_DataSHIELD.check_TRUE" name="simple_test_from_root_variables_DataSHIELD.check_TRUE"/>
    <testcase time="1.18799999999965" classname="ds.cbind_smk_from_root_variables_DataSHIELD.check_TRUE" name="simple_test_from_root_variables_DataSHIELD.check_TRUE"/>
    <testcase time="0.00100000000020373" classname="ds.cbind_smk_from_root_variables_DataSHIELD.check_TRUE" name="simple_test_from_root_variables_DataSHIELD.check_TRUE"/>
    <testcase time="0.00199999999995271" classname="ds.cbind_smk_from_root_variables_DataSHIELD.check_TRUE" name="simple_test_from_root_variables_DataSHIELD.check_TRUE"/>
    <testcase time="0.00100000000020373" classname="ds.cbind_smk_from_root_variables_DataSHIELD.check_TRUE" name="simple_test_from_root_variables_DataSHIELD.check_TRUE"/>
    <testcase time="0.00199999999995271" classname="ds.cbind_smk_from_root_variables_DataSHIELD.check_TRUE" name="simple_test_from_root_variables_DataSHIELD.check_TRUE"/>
    <testcase time="0.000999999999748979" classname="ds.cbind_smk_from_root_variables_DataSHIELD.check_TRUE" name="simple_test_from_root_variables_DataSHIELD.check_TRUE"/>
    <testcase time="0.00100000000020373" classname="ds.cbind_smk_from_root_variables_DataSHIELD.check_TRUE" name="simple_test_from_root_variables_DataSHIELD.check_TRUE"/>
    <testcase time="0.00199999999995271" classname="ds.cbind_smk_from_root_variables_DataSHIELD.check_TRUE" name="simple_test_from_root_variables_DataSHIELD.check_TRUE"/>
    <testcase time="0.00100000000020373" classname="ds.cbind_smk_from_root_variables_DataSHIELD.check_TRUE" name="simple_test_from_root_variables_DataSHIELD.check_TRUE"/>
    <testcase time="0.00199999999995271" classname="ds.cbind_smk_from_root_variables_DataSHIELD.check_TRUE" name="simple_test_from_root_variables_DataSHIELD.check_TRUE"/>
    <testcase time="0.000999999999748979" classname="ds.cbind_smk_from_root_variables_DataSHIELD.check_TRUE" name="simple_test_from_root_variables_DataSHIELD.check_TRUE"/>
    <testcase time="0.00199999999995271" classname="ds.cbind_smk_from_root_variables_DataSHIELD.check_TRUE" name="simple_test_from_root_variables_DataSHIELD.check_TRUE"/>
    <testcase time="0.00100000000020373" classname="ds.cbind_smk_from_root_variables_DataSHIELD.check_TRUE" name="simple_test_from_root_variables_DataSHIELD.check_TRUE"/>
    <testcase time="0.00100000000020373" classname="ds.cbind_smk_from_root_variables_DataSHIELD.check_TRUE" name="simple_test_from_root_variables_DataSHIELD.check_TRUE"/>
    <testcase time="0.00199999999995271" classname="ds.cbind_smk_from_root_variables_DataSHIELD.check_TRUE" name="simple_test_from_root_variables_DataSHIELD.check_TRUE"/>
    <testcase time="0.00100000000020373" classname="ds.cbind_smk_from_root_variables_DataSHIELD.check_TRUE" name="simple_test_from_root_variables_DataSHIELD.check_TRUE"/>
  </testsuite>
  <testsuite name="ds.cbind::smk::shutdown" timestamp="2020-07-06T23:46:29Z" hostname="fv-az14" tests="3" skipped="0" failures="0" errors="0" time="0.524">
    <testcase time="0.520999999999731" classname="ds.cbind_smk_shutdown" name="setup"/>
    <testcase time="0.00199999999995271" classname="ds.cbind_smk_shutdown" name="setup"/>
    <testcase time="0.00100000000020373" classname="ds.cbind_smk_shutdown" name="setup"/>
  </testsuite>
  <testsuite name="ds.cbind::smk::done" timestamp="2020-07-06T23:46:29Z" hostname="fv-az14" tests="0" skipped="0" failures="0" errors="0" time="0"/>
  <testsuite name="ds.changeRefGroup::smk::setup" timestamp="2020-07-06T23:46:29Z" hostname="fv-az14" tests="3" skipped="0" failures="0" errors="0" time="5.103">
    <testcase time="5.10100000000011" classname="ds.changeRefGroup_smk_setup" name="setup"/>
    <testcase time="0.000999999999748979" classname="ds.changeRefGroup_smk_setup" name="setup"/>
    <testcase time="0.00100000000020373" classname="ds.changeRefGroup_smk_setup" name="setup"/>
  </testsuite>
  <testsuite name="ds.changeRefGroup::smk" timestamp="2020-07-06T23:46:34Z" hostname="fv-az14" tests="31" skipped="0" failures="0" errors="0" time="4.914">
    <testcase time="0.00900000000001455" classname="ds.changeRefGroup_smk" name="simple_changeRefGroup"/>
    <testcase time="4.86599999999999" classname="ds.changeRefGroup_smk" name="simple_changeRefGroup"/>
    <testcase time="0.000999999999748979" classname="ds.changeRefGroup_smk" name="simple_changeRefGroup"/>
    <testcase time="0.00100000000020373" classname="ds.changeRefGroup_smk" name="simple_changeRefGroup"/>
    <testcase time="0.00199999999995271" classname="ds.changeRefGroup_smk" name="simple_changeRefGroup"/>
    <testcase time="0.000999999999748979" classname="ds.changeRefGroup_smk" name="simple_changeRefGroup"/>
    <testcase time="0.00100000000020373" classname="ds.changeRefGroup_smk" name="simple_changeRefGroup"/>
    <testcase time="0.00100000000020373" classname="ds.changeRefGroup_smk" name="simple_changeRefGroup"/>
    <testcase time="0.000999999999748979" classname="ds.changeRefGroup_smk" name="simple_changeRefGroup"/>
    <testcase time="0.00100000000020373" classname="ds.changeRefGroup_smk" name="simple_changeRefGroup"/>
    <testcase time="0.000999999999748979" classname="ds.changeRefGroup_smk" name="simple_changeRefGroup"/>
    <testcase time="0.00199999999995271" classname="ds.changeRefGroup_smk" name="simple_changeRefGroup"/>
    <testcase time="0.00100000000020373" classname="ds.changeRefGroup_smk" name="simple_changeRefGroup"/>
    <testcase time="0.000999999999748979" classname="ds.changeRefGroup_smk" name="simple_changeRefGroup"/>
    <testcase time="0.00100000000020373" classname="ds.changeRefGroup_smk" name="simple_changeRefGroup"/>
    <testcase time="0.00199999999995271" classname="ds.changeRefGroup_smk" name="simple_changeRefGroup"/>
    <testcase time="0.00100000000020373" classname="ds.changeRefGroup_smk" name="simple_changeRefGroup"/>
    <testcase time="0.000999999999748979" classname="ds.changeRefGroup_smk" name="simple_changeRefGroup"/>
    <testcase time="0.00199999999995271" classname="ds.changeRefGroup_smk" name="simple_changeRefGroup"/>
    <testcase time="0.00100000000020373" classname="ds.changeRefGroup_smk" name="simple_changeRefGroup"/>
    <testcase time="0.000999999999748979" classname="ds.changeRefGroup_smk" name="simple_changeRefGroup"/>
    <testcase time="0.00200000000040745" classname="ds.changeRefGroup_smk" name="simple_changeRefGroup"/>
    <testcase time="0.000999999999748979" classname="ds.changeRefGroup_smk" name="simple_changeRefGroup"/>
    <testcase time="0.00199999999995271" classname="ds.changeRefGroup_smk" name="simple_changeRefGroup"/>
    <testcase time="0.00100000000020373" classname="ds.changeRefGroup_smk" name="simple_changeRefGroup"/>
    <testcase time="0.00199999999995271" classname="ds.changeRefGroup_smk" name="simple_changeRefGroup"/>
    <testcase time="0.000999999999748979" classname="ds.changeRefGroup_smk" name="simple_changeRefGroup"/>
    <testcase time="0.00199999999995271" classname="ds.changeRefGroup_smk" name="simple_changeRefGroup"/>
    <testcase time="0.00100000000020373" classname="ds.changeRefGroup_smk" name="simple_changeRefGroup"/>
    <testcase time="0.00199999999995271" classname="ds.changeRefGroup_smk" name="simple_changeRefGroup"/>
    <testcase time="0.00199999999995271" classname="ds.changeRefGroup_smk" name="simple_changeRefGroup"/>
  </testsuite>
  <testsuite name="ds.changeRefGroup::smk::shutdown" timestamp="2020-07-06T23:46:39Z" hostname="fv-az14" tests="3" skipped="0" failures="0" errors="0" time="0.274">
    <testcase time="0.271999999999935" classname="ds.changeRefGroup_smk_shutdown" name="shutdown"/>
    <testcase time="0.00100000000020373" classname="ds.changeRefGroup_smk_shutdown" name="shutdown"/>
    <testcase time="0.00100000000020373" classname="ds.changeRefGroup_smk_shutdown" name="shutdown"/>
  </testsuite>
  <testsuite name="ds.changeRefGroup::smk::done" timestamp="2020-07-06T23:46:40Z" hostname="fv-az14" tests="0" skipped="0" failures="0" errors="0" time="0"/>
  <testsuite name="ds.class::smk::setup" timestamp="2020-07-06T23:46:40Z" hostname="fv-az14" tests="3" skipped="0" failures="0" errors="0" time="5.084">
    <testcase time="5.08199999999988" classname="ds.class_smk_setup" name="setup"/>
    <testcase time="0.000999999999748979" classname="ds.class_smk_setup" name="setup"/>
    <testcase time="0.00100000000020373" classname="ds.class_smk_setup" name="setup"/>
  </testsuite>
  <testsuite name="ds.class::smk" timestamp="2020-07-06T23:46:44Z" hostname="fv-az14" tests="14" skipped="0" failures="0" errors="0" time="1.054">
    <testcase time="0.52599999999984" classname="ds.class_smk" name="simple_class"/>
    <testcase time="0.00100000000020373" classname="ds.class_smk" name="simple_class"/>
    <testcase time="0.000999999999748979" classname="ds.class_smk" name="simple_class"/>
    <testcase time="0.00100000000020373" classname="ds.class_smk" name="simple_class"/>
    <testcase time="0.000999999999748979" classname="ds.class_smk" name="simple_class"/>
    <testcase time="0.00200000000040745" classname="ds.class_smk" name="simple_class"/>
    <testcase time="0.000999999999748979" classname="ds.class_smk" name="simple_class"/>
    <testcase time="0.514000000000124" classname="ds.class_smk" name="simple_class"/>
    <testcase time="0.000999999999748979" classname="ds.class_smk" name="simple_class"/>
    <testcase time="0.00100000000020373" classname="ds.class_smk" name="simple_class"/>
    <testcase time="0.00199999999995271" classname="ds.class_smk" name="simple_class"/>
    <testcase time="0.00100000000020373" classname="ds.class_smk" name="simple_class"/>
    <testcase time="0.000999999999748979" classname="ds.class_smk" name="simple_class"/>
    <testcase time="0.00100000000020373" classname="ds.class_smk" name="simple_class"/>
  </testsuite>
  <testsuite name="ds.class::smk::shutdown" timestamp="2020-07-06T23:46:45Z" hostname="fv-az14" tests="3" skipped="0" failures="0" errors="0" time="0.271">
    <testcase time="0.268999999999778" classname="ds.class_smk_shutdown" name="shutdown"/>
    <testcase time="0.00100000000020373" classname="ds.class_smk_shutdown" name="shutdown"/>
    <testcase time="0.000999999999748979" classname="ds.class_smk_shutdown" name="shutdown"/>
  </testsuite>
  <testsuite name="ds.class::smk::done" timestamp="2020-07-06T23:46:46Z" hostname="fv-az14" tests="0" skipped="0" failures="0" errors="0" time="0"/>
  <testsuite name="ds.colnames::smk::setup" timestamp="2020-07-06T23:46:46Z" hostname="fv-az14" tests="3" skipped="0" failures="0" errors="0" time="5.134">
    <testcase time="5.13200000000006" classname="ds.colnames_smk_setup" name="setup"/>
    <testcase time="0.00100000000020373" classname="ds.colnames_smk_setup" name="setup"/>
    <testcase time="0.000999999999748979" classname="ds.colnames_smk_setup" name="setup"/>
  </testsuite>
  <testsuite name="ds.colnames::smk" timestamp="2020-07-06T23:46:51Z" hostname="fv-az14" tests="10" skipped="0" failures="0" errors="0" time="3.823">
    <testcase time="3.8130000000001" classname="ds.colnames_smk" name="simple_colnames"/>
    <testcase time="0.00100000000020373" classname="ds.colnames_smk" name="simple_colnames"/>
    <testcase time="0.000999999999748979" classname="ds.colnames_smk" name="simple_colnames"/>
    <testcase time="0.00100000000020373" classname="ds.colnames_smk" name="simple_colnames"/>
    <testcase time="0.000999999999748979" classname="ds.colnames_smk" name="simple_colnames"/>
    <testcase time="0.00100000000020373" classname="ds.colnames_smk" name="simple_colnames"/>
    <testcase time="0.000999999999748979" classname="ds.colnames_smk" name="simple_colnames"/>
    <testcase time="0.00100000000020373" classname="ds.colnames_smk" name="simple_colnames"/>
    <testcase time="0.00199999999995271" classname="ds.colnames_smk" name="simple_colnames"/>
    <testcase time="0.00100000000020373" classname="ds.colnames_smk" name="simple_colnames"/>
  </testsuite>
  <testsuite name="ds.colnames::smk::shutdown" timestamp="2020-07-06T23:46:55Z" hostname="fv-az14" tests="3" skipped="0" failures="0" errors="0" time="0.267">
    <testcase time="0.264999999999873" classname="ds.colnames_smk_shutdown" name="shutdown"/>
    <testcase time="0.000999999999748979" classname="ds.colnames_smk_shutdown" name="shutdown"/>
    <testcase time="0.00100000000020373" classname="ds.colnames_smk_shutdown" name="shutdown"/>
  </testsuite>
  <testsuite name="ds.colnames::smk::done" timestamp="2020-07-06T23:46:55Z" hostname="fv-az14" tests="0" skipped="0" failures="0" errors="0" time="0"/>
  <testsuite name="ds.completeCases::smk::setup" timestamp="2020-07-06T23:46:55Z" hostname="fv-az14" tests="3" skipped="0" failures="0" errors="0" time="5.144">
    <testcase time="5.14199999999983" classname="ds.completeCases_smk_setup" name="setup"/>
    <testcase time="0.00100000000020373" classname="ds.completeCases_smk_setup" name="setup"/>
    <testcase time="0.000999999999748979" classname="ds.completeCases_smk_setup" name="setup"/>
  </testsuite>
  <testsuite name="ds.completeCases::smk::data.frame" timestamp="2020-07-06T23:47:00Z" hostname="fv-az14" tests="37" skipped="0" failures="0" errors="0" time="11.417">
    <testcase time="9.81800000000021" classname="ds.completeCases_smk_data.frame" name="completeCases_data.frame"/>
    <testcase time="0.000999999999748979" classname="ds.completeCases_smk_data.frame" name="completeCases_data.frame"/>
    <testcase time="0.00200000000040745" classname="ds.completeCases_smk_data.frame" name="completeCases_data.frame"/>
    <testcase time="0.516999999999825" classname="ds.completeCases_smk_data.frame" name="completeCases_data.frame"/>
    <testcase time="0.00100000000020373" classname="ds.completeCases_smk_data.frame" name="completeCases_data.frame"/>
    <testcase time="0.000999999999748979" classname="ds.completeCases_smk_data.frame" name="completeCases_data.frame"/>
    <testcase time="0.00100000000020373" classname="ds.completeCases_smk_data.frame" name="completeCases_data.frame"/>
    <testcase time="0.523999999999887" classname="ds.completeCases_smk_data.frame" name="completeCases_data.frame"/>
    <testcase time="0.000999999999748979" classname="ds.completeCases_smk_data.frame" name="completeCases_data.frame"/>
    <testcase time="0.00200000000040745" classname="ds.completeCases_smk_data.frame" name="completeCases_data.frame"/>
    <testcase time="0.000999999999748979" classname="ds.completeCases_smk_data.frame" name="completeCases_data.frame"/>
    <testcase time="0.255999999999858" classname="ds.completeCases_smk_data.frame" name="completeCases_data.frame"/>
    <testcase time="0.00200000000040745" classname="ds.completeCases_smk_data.frame" name="completeCases_data.frame"/>
    <testcase time="0.000999999999748979" classname="ds.completeCases_smk_data.frame" name="completeCases_data.frame"/>
    <testcase time="0.00100000000020373" classname="ds.completeCases_smk_data.frame" name="completeCases_data.frame"/>
    <testcase time="0.00199999999995271" classname="ds.completeCases_smk_data.frame" name="completeCases_data.frame"/>
    <testcase time="0.000999999999748979" classname="ds.completeCases_smk_data.frame" name="completeCases_data.frame"/>
    <testcase time="0.00100000000020373" classname="ds.completeCases_smk_data.frame" name="completeCases_data.frame"/>
    <testcase time="0.00199999999995271" classname="ds.completeCases_smk_data.frame" name="completeCases_data.frame"/>
    <testcase time="0.000999999999748979" classname="ds.completeCases_smk_data.frame" name="completeCases_data.frame"/>
    <testcase time="0.00100000000020373" classname="ds.completeCases_smk_data.frame" name="completeCases_data.frame"/>
    <testcase time="0.00199999999995271" classname="ds.completeCases_smk_data.frame" name="completeCases_data.frame"/>
    <testcase time="0.00100000000020373" classname="ds.completeCases_smk_data.frame" name="completeCases_data.frame"/>
    <testcase time="0.00199999999995271" classname="ds.completeCases_smk_data.frame" name="completeCases_data.frame"/>
    <testcase time="0.255000000000109" classname="ds.completeCases_smk_data.frame" name="completeCases_data.frame"/>
    <testcase time="0.00199999999995271" classname="ds.completeCases_smk_data.frame" name="completeCases_data.frame"/>
    <testcase time="0.000999999999748979" classname="ds.completeCases_smk_data.frame" name="completeCases_data.frame"/>
    <testcase time="0.00199999999995271" classname="ds.completeCases_smk_data.frame" name="completeCases_data.frame"/>
    <testcase time="0.00199999999995271" classname="ds.completeCases_smk_data.frame" name="completeCases_data.frame"/>
    <testcase time="0.00100000000020373" classname="ds.completeCases_smk_data.frame" name="completeCases_data.frame"/>
    <testcase time="0.00199999999995271" classname="ds.completeCases_smk_data.frame" name="completeCases_data.frame"/>
    <testcase time="0.00100000000020373" classname="ds.completeCases_smk_data.frame" name="completeCases_data.frame"/>
    <testcase time="0.00199999999995271" classname="ds.completeCases_smk_data.frame" name="completeCases_data.frame"/>
    <testcase time="0.00199999999995271" classname="ds.completeCases_smk_data.frame" name="completeCases_data.frame"/>
    <testcase time="0.000999999999748979" classname="ds.completeCases_smk_data.frame" name="completeCases_data.frame"/>
    <testcase time="0.00199999999995271" classname="ds.completeCases_smk_data.frame" name="completeCases_data.frame"/>
    <testcase time="0.00200000000040745" classname="ds.completeCases_smk_data.frame" name="completeCases_data.frame"/>
  </testsuite>
  <testsuite name="ds.completeCases::smk::matrix" timestamp="2020-07-06T23:47:11Z" hostname="fv-az14" tests="29" skipped="0" failures="0" errors="0" time="3.158">
    <testcase time="1.57600000000002" classname="ds.completeCases_smk_matrix" name="completeCases_matrix"/>
    <testcase time="0.00199999999995271" classname="ds.completeCases_smk_matrix" name="completeCases_matrix"/>
    <testcase time="0.000999999999748979" classname="ds.completeCases_smk_matrix" name="completeCases_matrix"/>
    <testcase time="0.51299999999992" classname="ds.completeCases_smk_matrix" name="completeCases_matrix"/>
    <testcase time="0.00100000000020373" classname="ds.completeCases_smk_matrix" name="completeCases_matrix"/>
    <testcase time="0.000999999999748979" classname="ds.completeCases_smk_matrix" name="completeCases_matrix"/>
    <testcase time="0.00100000000020373" classname="ds.completeCases_smk_matrix" name="completeCases_matrix"/>
    <testcase time="0.51299999999992" classname="ds.completeCases_smk_matrix" name="completeCases_matrix"/>
    <testcase time="0.00199999999995271" classname="ds.completeCases_smk_matrix" name="completeCases_matrix"/>
    <testcase time="0.00100000000020373" classname="ds.completeCases_smk_matrix" name="completeCases_matrix"/>
    <testcase time="0.000999999999748979" classname="ds.completeCases_smk_matrix" name="completeCases_matrix"/>
    <testcase time="0.258000000000266" classname="ds.completeCases_smk_matrix" name="completeCases_matrix"/>
    <testcase time="0.00199999999995271" classname="ds.completeCases_smk_matrix" name="completeCases_matrix"/>
    <testcase time="0.000999999999748979" classname="ds.completeCases_smk_matrix" name="completeCases_matrix"/>
    <testcase time="0.00100000000020373" classname="ds.completeCases_smk_matrix" name="completeCases_matrix"/>
    <testcase time="0.00199999999995271" classname="ds.completeCases_smk_matrix" name="completeCases_matrix"/>
    <testcase time="0.00100000000020373" classname="ds.completeCases_smk_matrix" name="completeCases_matrix"/>
    <testcase time="0.00199999999995271" classname="ds.completeCases_smk_matrix" name="completeCases_matrix"/>
    <testcase time="0.000999999999748979" classname="ds.completeCases_smk_matrix" name="completeCases_matrix"/>
    <testcase time="0.00100000000020373" classname="ds.completeCases_smk_matrix" name="completeCases_matrix"/>
    <testcase time="0.00199999999995271" classname="ds.completeCases_smk_matrix" name="completeCases_matrix"/>
    <testcase time="0.00100000000020373" classname="ds.completeCases_smk_matrix" name="completeCases_matrix"/>
    <testcase time="0.00199999999995271" classname="ds.completeCases_smk_matrix" name="completeCases_matrix"/>
    <testcase time="0.000999999999748979" classname="ds.completeCases_smk_matrix" name="completeCases_matrix"/>
    <testcase time="0.258000000000266" classname="ds.completeCases_smk_matrix" name="completeCases_matrix"/>
    <testcase time="0.00799999999981083" classname="ds.completeCases_smk_matrix" name="completeCases_matrix"/>
    <testcase time="0.00199999999995271" classname="ds.completeCases_smk_matrix" name="completeCases_matrix"/>
    <testcase time="0.00100000000020373" classname="ds.completeCases_smk_matrix" name="completeCases_matrix"/>
    <testcase time="0.00199999999995271" classname="ds.completeCases_smk_matrix" name="completeCases_matrix"/>
  </testsuite>
  <testsuite name="ds.completeCases::smk::vector" timestamp="2020-07-06T23:47:14Z" hostname="fv-az14" tests="21" skipped="0" failures="0" errors="0" time="3.812">
    <testcase time="2.23999999999978" classname="ds.completeCases_smk_vector" name="completeCases_vector"/>
    <testcase time="0.00100000000020373" classname="ds.completeCases_smk_vector" name="completeCases_vector"/>
    <testcase time="0.000999999999748979" classname="ds.completeCases_smk_vector" name="completeCases_vector"/>
    <testcase time="0.519999999999982" classname="ds.completeCases_smk_vector" name="completeCases_vector"/>
    <testcase time="0.00100000000020373" classname="ds.completeCases_smk_vector" name="completeCases_vector"/>
    <testcase time="0.00199999999995271" classname="ds.completeCases_smk_vector" name="completeCases_vector"/>
    <testcase time="0.00100000000020373" classname="ds.completeCases_smk_vector" name="completeCases_vector"/>
    <testcase time="0.514999999999873" classname="ds.completeCases_smk_vector" name="completeCases_vector"/>
    <testcase time="0.000999999999748979" classname="ds.completeCases_smk_vector" name="completeCases_vector"/>
    <testcase time="0.00100000000020373" classname="ds.completeCases_smk_vector" name="completeCases_vector"/>
    <testcase time="0.00100000000020373" classname="ds.completeCases_smk_vector" name="completeCases_vector"/>
    <testcase time="0.259000000000015" classname="ds.completeCases_smk_vector" name="completeCases_vector"/>
    <testcase time="0.000999999999748979" classname="ds.completeCases_smk_vector" name="completeCases_vector"/>
    <testcase time="0.00199999999995271" classname="ds.completeCases_smk_vector" name="completeCases_vector"/>
    <testcase time="0.00100000000020373" classname="ds.completeCases_smk_vector" name="completeCases_vector"/>
    <testcase time="0.000999999999748979" classname="ds.completeCases_smk_vector" name="completeCases_vector"/>
    <testcase time="0.258000000000266" classname="ds.completeCases_smk_vector" name="completeCases_vector"/>
    <testcase time="0.00199999999995271" classname="ds.completeCases_smk_vector" name="completeCases_vector"/>
    <testcase time="0.000999999999748979" classname="ds.completeCases_smk_vector" name="completeCases_vector"/>
    <testcase time="0.00199999999995271" classname="ds.completeCases_smk_vector" name="completeCases_vector"/>
    <testcase time="0.00100000000020373" classname="ds.completeCases_smk_vector" name="completeCases_vector"/>
  </testsuite>
  <testsuite name="ds.completeCases::smk::shutdown" timestamp="2020-07-06T23:47:18Z" hostname="fv-az14" tests="3" skipped="0" failures="0" errors="0" time="0.269">
    <testcase time="0.266999999999825" classname="ds.completeCases_smk_shutdown" name="shutdown"/>
    <testcase time="0.00100000000020373" classname="ds.completeCases_smk_shutdown" name="shutdown"/>
    <testcase time="0.00100000000020373" classname="ds.completeCases_smk_shutdown" name="shutdown"/>
  </testsuite>
  <testsuite name="ds.completeCases::smk::done" timestamp="2020-07-06T23:47:19Z" hostname="fv-az14" tests="0" skipped="0" failures="0" errors="0" time="0"/>
  <testsuite name="ds.cor::smk::setup" timestamp="2020-07-06T23:47:19Z" hostname="fv-az14" tests="3" skipped="0" failures="0" errors="0" time="5.072">
    <testcase time="5.06899999999996" classname="ds.cor_smk_setup" name="setup"/>
    <testcase time="0.00199999999995271" classname="ds.cor_smk_setup" name="setup"/>
    <testcase time="0.000999999999748979" classname="ds.cor_smk_setup" name="setup"/>
  </testsuite>
  <testsuite name="ds.cor::smk" timestamp="2020-07-06T23:47:24Z" hostname="fv-az14" tests="56" skipped="0" failures="0" errors="0" time="8.822">
    <testcase time="2.19100000000026" classname="ds.cor_smk" name="simple_test_combine_pairwise.complete"/>
    <testcase time="0.000999999999748979" classname="ds.cor_smk" name="simple_test_combine_pairwise.complete"/>
    <testcase time="0.00199999999995271" classname="ds.cor_smk" name="simple_test_combine_pairwise.complete"/>
    <testcase time="0.00100000000020373" classname="ds.cor_smk" name="simple_test_combine_pairwise.complete"/>
    <testcase time="0.000999999999748979" classname="ds.cor_smk" name="simple_test_combine_pairwise.complete"/>
    <testcase time="0.00100000000020373" classname="ds.cor_smk" name="simple_test_combine_pairwise.complete"/>
    <testcase time="0.00100000000020373" classname="ds.cor_smk" name="simple_test_combine_pairwise.complete"/>
    <testcase time="0.000999999999748979" classname="ds.cor_smk" name="simple_test_combine_pairwise.complete"/>
    <testcase time="0.00199999999995271" classname="ds.cor_smk" name="simple_test_combine_pairwise.complete"/>
    <testcase time="2.19000000000005" classname="ds.cor_smk" name="simple_test_combine_casewise.complete"/>
    <testcase time="0.00100000000020373" classname="ds.cor_smk" name="simple_test_combine_casewise.complete"/>
    <testcase time="0.00199999999995271" classname="ds.cor_smk" name="simple_test_combine_casewise.complete"/>
    <testcase time="0.000999999999748979" classname="ds.cor_smk" name="simple_test_combine_casewise.complete"/>
    <testcase time="0.00100000000020373" classname="ds.cor_smk" name="simple_test_combine_casewise.complete"/>
    <testcase time="0.000999999999748979" classname="ds.cor_smk" name="simple_test_combine_casewise.complete"/>
    <testcase time="0.00200000000040745" classname="ds.cor_smk" name="simple_test_combine_casewise.complete"/>
    <testcase time="0.000999999999748979" classname="ds.cor_smk" name="simple_test_combine_casewise.complete"/>
    <testcase time="0.00100000000020373" classname="ds.cor_smk" name="simple_test_combine_casewise.complete"/>
    <testcase time="2.18199999999979" classname="ds.cor_smk" name="simple_test_split_pairwise.complete"/>
    <testcase time="0.00199999999995271" classname="ds.cor_smk" name="simple_test_split_pairwise.complete"/>
    <testcase time="0.00100000000020373" classname="ds.cor_smk" name="simple_test_split_pairwise.complete"/>
    <testcase time="0.00199999999995271" classname="ds.cor_smk" name="simple_test_split_pairwise.complete"/>
    <testcase time="0.000999999999748979" classname="ds.cor_smk" name="simple_test_split_pairwise.complete"/>
    <testcase time="0.00199999999995271" classname="ds.cor_smk" name="simple_test_split_pairwise.complete"/>
    <testcase time="0.00100000000020373" classname="ds.cor_smk" name="simple_test_split_pairwise.complete"/>
    <testcase time="0.00199999999995271" classname="ds.cor_smk" name="simple_test_split_pairwise.complete"/>
    <testcase time="0.00100000000020373" classname="ds.cor_smk" name="simple_test_split_pairwise.complete"/>
    <testcase time="0.00199999999995271" classname="ds.cor_smk" name="simple_test_split_pairwise.complete"/>
    <testcase time="0.000999999999748979" classname="ds.cor_smk" name="simple_test_split_pairwise.complete"/>
    <testcase time="0.00199999999995271" classname="ds.cor_smk" name="simple_test_split_pairwise.complete"/>
    <testcase time="0.00100000000020373" classname="ds.cor_smk" name="simple_test_split_pairwise.complete"/>
    <testcase time="0.00199999999995271" classname="ds.cor_smk" name="simple_test_split_pairwise.complete"/>
    <testcase time="0.00100000000020373" classname="ds.cor_smk" name="simple_test_split_pairwise.complete"/>
    <testcase time="0.00199999999995271" classname="ds.cor_smk" name="simple_test_split_pairwise.complete"/>
    <testcase time="0.00199999999995271" classname="ds.cor_smk" name="simple_test_split_pairwise.complete"/>
    <testcase time="0.000999999999748979" classname="ds.cor_smk" name="simple_test_split_pairwise.complete"/>
    <testcase time="0.00200000000040745" classname="ds.cor_smk" name="simple_test_split_pairwise.complete"/>
    <testcase time="2.17899999999963" classname="ds.cor_smk" name="simple_test_split_casewise.complete"/>
    <testcase time="0.00199999999995271" classname="ds.cor_smk" name="simple_test_split_casewise.complete"/>
    <testcase time="0.00200000000040745" classname="ds.cor_smk" name="simple_test_split_casewise.complete"/>
    <testcase time="0.000999999999748979" classname="ds.cor_smk" name="simple_test_split_casewise.complete"/>
    <testcase time="0.00199999999995271" classname="ds.cor_smk" name="simple_test_split_casewise.complete"/>
    <testcase time="0.00199999999995271" classname="ds.cor_smk" name="simple_test_split_casewise.complete"/>
    <testcase time="0.00199999999995271" classname="ds.cor_smk" name="simple_test_split_casewise.complete"/>
    <testcase time="0.00100000000020373" classname="ds.cor_smk" name="simple_test_split_casewise.complete"/>
    <testcase time="0.00199999999995271" classname="ds.cor_smk" name="simple_test_split_casewise.complete"/>
    <testcase time="0.00199999999995271" classname="ds.cor_smk" name="simple_test_split_casewise.complete"/>
    <testcase time="0.00199999999995271" classname="ds.cor_smk" name="simple_test_split_casewise.complete"/>
    <testcase time="0.00199999999995271" classname="ds.cor_smk" name="simple_test_split_casewise.complete"/>
    <testcase time="0.00199999999995271" classname="ds.cor_smk" name="simple_test_split_casewise.complete"/>
    <testcase time="0.00100000000020373" classname="ds.cor_smk" name="simple_test_split_casewise.complete"/>
    <testcase time="0.000999999999748979" classname="ds.cor_smk" name="simple_test_split_casewise.complete"/>
    <testcase time="0.00199999999995271" classname="ds.cor_smk" name="simple_test_split_casewise.complete"/>
    <testcase time="0.00199999999995271" classname="ds.cor_smk" name="simple_test_split_casewise.complete"/>
    <testcase time="0.00199999999995271" classname="ds.cor_smk" name="simple_test_split_casewise.complete"/>
    <testcase time="0.00200000000040745" classname="ds.cor_smk" name="simple_test_split_casewise.complete"/>
  </testsuite>
  <testsuite name="ds.cor::smk::setup::shutdown" timestamp="2020-07-06T23:47:32Z" hostname="fv-az14" tests="3" skipped="0" failures="0" errors="0" time="0.269">
    <testcase time="0.266999999999825" classname="ds.cor_smk_setup_shutdown" name="shutdown"/>
    <testcase time="0.000999999999748979" classname="ds.cor_smk_setup_shutdown" name="shutdown"/>
    <testcase time="0.00100000000020373" classname="ds.cor_smk_setup_shutdown" name="shutdown"/>
  </testsuite>
  <testsuite name="ds.cor::smk::setup::done" timestamp="2020-07-06T23:47:33Z" hostname="fv-az14" tests="0" skipped="0" failures="0" errors="0" time="0"/>
  <testsuite name="ds.corTest::smk::setup" timestamp="2020-07-06T23:47:33Z" hostname="fv-az14" tests="3" skipped="0" failures="0" errors="0" time="5.101">
    <testcase time="5.09799999999996" classname="ds.corTest_smk_setup" name="setup"/>
    <testcase time="0.00199999999995271" classname="ds.corTest_smk_setup" name="setup"/>
    <testcase time="0.00100000000020373" classname="ds.corTest_smk_setup" name="setup"/>
  </testsuite>
  <testsuite name="ds.corTest::smk" timestamp="2020-07-06T23:47:38Z" hostname="fv-az14" tests="28" skipped="0" failures="0" errors="0" time="2.165">
    <testcase time="2.12100000000009" classname="ds.corTest_smk" name="simple_test"/>
    <testcase time="0.00199999999995271" classname="ds.corTest_smk" name="simple_test"/>
    <testcase time="0.000999999999748979" classname="ds.corTest_smk" name="simple_test"/>
    <testcase time="0.00100000000020373" classname="ds.corTest_smk" name="simple_test"/>
    <testcase time="0.000999999999748979" classname="ds.corTest_smk" name="simple_test"/>
    <testcase time="0.00100000000020373" classname="ds.corTest_smk" name="simple_test"/>
    <testcase time="0.000999999999748979" classname="ds.corTest_smk" name="simple_test"/>
    <testcase time="0.00100000000020373" classname="ds.corTest_smk" name="simple_test"/>
    <testcase time="0.00199999999995271" classname="ds.corTest_smk" name="simple_test"/>
    <testcase time="0.00100000000020373" classname="ds.corTest_smk" name="simple_test"/>
    <testcase time="0.000999999999748979" classname="ds.corTest_smk" name="simple_test"/>
    <testcase time="0.00199999999995271" classname="ds.corTest_smk" name="simple_test"/>
    <testcase time="0.00100000000020373" classname="ds.corTest_smk" name="simple_test"/>
    <testcase time="0.000999999999748979" classname="ds.corTest_smk" name="simple_test"/>
    <testcase time="0.00200000000040745" classname="ds.corTest_smk" name="simple_test"/>
    <testcase time="0.000999999999748979" classname="ds.corTest_smk" name="simple_test"/>
    <testcase time="0.00100000000020373" classname="ds.corTest_smk" name="simple_test"/>
    <testcase time="0.00199999999995271" classname="ds.corTest_smk" name="simple_test"/>
    <testcase time="0.000999999999748979" classname="ds.corTest_smk" name="simple_test"/>
    <testcase time="0.00199999999995271" classname="ds.corTest_smk" name="simple_test"/>
    <testcase time="0.00100000000020373" classname="ds.corTest_smk" name="simple_test"/>
    <testcase time="0.00199999999995271" classname="ds.corTest_smk" name="simple_test"/>
    <testcase time="0.00100000000020373" classname="ds.corTest_smk" name="simple_test"/>
    <testcase time="0.00199999999995271" classname="ds.corTest_smk" name="simple_test"/>
    <testcase time="0.000999999999748979" classname="ds.corTest_smk" name="simple_test"/>
    <testcase time="0.00199999999995271" classname="ds.corTest_smk" name="simple_test"/>
    <testcase time="0.00100000000020373" classname="ds.corTest_smk" name="simple_test"/>
    <testcase time="0.00900000000001455" classname="ds.corTest_smk" name="simple_test"/>
  </testsuite>
  <testsuite name="ds.corTest::smk::shutdown" timestamp="2020-07-06T23:47:40Z" hostname="fv-az14" tests="3" skipped="0" failures="0" errors="0" time="0.265">
    <testcase time="0.26299999999992" classname="ds.corTest_smk_shutdown" name="shutdown"/>
    <testcase time="0.00100000000020373" classname="ds.corTest_smk_shutdown" name="shutdown"/>
    <testcase time="0.000999999999748979" classname="ds.corTest_smk_shutdown" name="shutdown"/>
  </testsuite>
  <testsuite name="ds.corTest::smk::done" timestamp="2020-07-06T23:47:41Z" hostname="fv-az14" tests="0" skipped="0" failures="0" errors="0" time="0"/>
  <testsuite name="ds.cov::smk::setup" timestamp="2020-07-06T23:47:41Z" hostname="fv-az14" tests="3" skipped="0" failures="0" errors="0" time="5.061">
    <testcase time="5.0590000000002" classname="ds.cov_smk_setup" name="setup"/>
    <testcase time="0.000999999999748979" classname="ds.cov_smk_setup" name="setup"/>
    <testcase time="0.00100000000020373" classname="ds.cov_smk_setup" name="setup"/>
  </testsuite>
  <testsuite name="ds.cov::smk" timestamp="2020-07-06T23:47:45Z" hostname="fv-az14" tests="28" skipped="0" failures="0" errors="0" time="4.341">
    <testcase time="2.154" classname="ds.cov_smk" name="simple_test_split"/>
    <testcase time="0.000999999999748979" classname="ds.cov_smk" name="simple_test_split"/>
    <testcase time="0.00100000000020373" classname="ds.cov_smk" name="simple_test_split"/>
    <testcase time="0.000999999999748979" classname="ds.cov_smk" name="simple_test_split"/>
    <testcase time="0.00100000000020373" classname="ds.cov_smk" name="simple_test_split"/>
    <testcase time="0.00199999999995271" classname="ds.cov_smk" name="simple_test_split"/>
    <testcase time="0.00100000000020373" classname="ds.cov_smk" name="simple_test_split"/>
    <testcase time="0.000999999999748979" classname="ds.cov_smk" name="simple_test_split"/>
    <testcase time="0.00100000000020373" classname="ds.cov_smk" name="simple_test_split"/>
    <testcase time="0.000999999999748979" classname="ds.cov_smk" name="simple_test_split"/>
    <testcase time="0.00199999999995271" classname="ds.cov_smk" name="simple_test_split"/>
    <testcase time="0.00100000000020373" classname="ds.cov_smk" name="simple_test_split"/>
    <testcase time="0.00100000000020373" classname="ds.cov_smk" name="simple_test_split"/>
    <testcase time="0.000999999999748979" classname="ds.cov_smk" name="simple_test_split"/>
    <testcase time="0.000999999999748979" classname="ds.cov_smk" name="simple_test_split"/>
    <testcase time="0.00100000000020373" classname="ds.cov_smk" name="simple_test_split"/>
    <testcase time="0.000999999999748979" classname="ds.cov_smk" name="simple_test_split"/>
    <testcase time="0.00199999999995271" classname="ds.cov_smk" name="simple_test_split"/>
    <testcase time="0.00100000000020373" classname="ds.cov_smk" name="simple_test_split"/>
    <testcase time="2.1550000000002" classname="ds.cov_smk" name="simple_test_combine"/>
    <testcase time="0.000999999999748979" classname="ds.cov_smk" name="simple_test_combine"/>
    <testcase time="0.00199999999995271" classname="ds.cov_smk" name="simple_test_combine"/>
    <testcase time="0.00100000000020373" classname="ds.cov_smk" name="simple_test_combine"/>
    <testcase time="0.000999999999748979" classname="ds.cov_smk" name="simple_test_combine"/>
    <testcase time="0.00199999999995271" classname="ds.cov_smk" name="simple_test_combine"/>
    <testcase time="0.00100000000020373" classname="ds.cov_smk" name="simple_test_combine"/>
    <testcase time="0.00199999999995271" classname="ds.cov_smk" name="simple_test_combine"/>
    <testcase time="0.00100000000020373" classname="ds.cov_smk" name="simple_test_combine"/>
  </testsuite>
  <testsuite name="ds.cov::smk::shutdown" timestamp="2020-07-06T23:47:50Z" hostname="fv-az14" tests="3" skipped="0" failures="0" errors="0" time="0.267">
    <testcase time="0.264999999999873" classname="ds.cov_smk_shutdown" name="shutdown"/>
    <testcase time="0.000999999999748979" classname="ds.cov_smk_shutdown" name="shutdown"/>
    <testcase time="0.00100000000020373" classname="ds.cov_smk_shutdown" name="shutdown"/>
  </testsuite>
  <testsuite name="ds.cov::smk::done" timestamp="2020-07-06T23:47:51Z" hostname="fv-az14" tests="0" skipped="0" failures="0" errors="0" time="0"/>
  <testsuite name="ds.c::smk::setup" timestamp="2020-07-06T23:47:51Z" hostname="fv-az14" tests="3" skipped="0" failures="0" errors="0" time="5.108">
    <testcase time="5.10600000000022" classname="ds.c_smk_setup" name="setup"/>
    <testcase time="0.000999999999748979" classname="ds.c_smk_setup" name="setup"/>
    <testcase time="0.00100000000020373" classname="ds.c_smk_setup" name="setup"/>
  </testsuite>
  <testsuite name="ds.c::smk" timestamp="2020-07-06T23:47:55Z" hostname="fv-az14" tests="1" skipped="0" failures="0" errors="0" time="1.454">
    <testcase time="1.45399999999972" classname="ds.c_smk" name="simple_c"/>
  </testsuite>
  <testsuite name="ds.c::smk::shutdown" timestamp="2020-07-06T23:47:57Z" hostname="fv-az14" tests="3" skipped="0" failures="0" errors="0" time="0.27">
    <testcase time="0.26700000000028" classname="ds.c_smk_shutdown" name="setup"/>
    <testcase time="0.000999999999748979" classname="ds.c_smk_shutdown" name="setup"/>
    <testcase time="0.00199999999995271" classname="ds.c_smk_shutdown" name="setup"/>
  </testsuite>
  <testsuite name="ds.c::smk::done" timestamp="2020-07-06T23:47:57Z" hostname="fv-az14" tests="0" skipped="0" failures="0" errors="0" time="0"/>
  <testsuite name="ds.dataFrameFill::smk::setup" timestamp="2020-07-06T23:47:57Z" hostname="fv-az14" tests="3" skipped="0" failures="0" errors="0" time="5.155">
    <testcase time="5.15200000000004" classname="ds.dataFrameFill_smk_setup" name="setup"/>
    <testcase time="0.00199999999995271" classname="ds.dataFrameFill_smk_setup" name="setup"/>
    <testcase time="0.00100000000020373" classname="ds.dataFrameFill_smk_setup" name="setup"/>
  </testsuite>
  <testsuite name="ds.dataFrameFill::smk::donothing dataframes" timestamp="2020-07-06T23:48:02Z" hostname="fv-az14" tests="14" skipped="0" failures="0" errors="0" time="4.25">
    <testcase time="1.19700000000012" classname="ds.dataFrameFill_smk_donothing_dataframes" name="dataFrameFill_donothing"/>
    <testcase time="0.00199999999995271" classname="ds.dataFrameFill_smk_donothing_dataframes" name="dataFrameFill_donothing"/>
    <testcase time="0.000999999999748979" classname="ds.dataFrameFill_smk_donothing_dataframes" name="dataFrameFill_donothing"/>
    <testcase time="0.00100000000020373" classname="ds.dataFrameFill_smk_donothing_dataframes" name="dataFrameFill_donothing"/>
    <testcase time="0.000999999999748979" classname="ds.dataFrameFill_smk_donothing_dataframes" name="dataFrameFill_donothing"/>
    <testcase time="0.00100000000020373" classname="ds.dataFrameFill_smk_donothing_dataframes" name="dataFrameFill_donothing"/>
    <testcase time="0.000999999999748979" classname="ds.dataFrameFill_smk_donothing_dataframes" name="dataFrameFill_donothing"/>
    <testcase time="0.00100000000020373" classname="ds.dataFrameFill_smk_donothing_dataframes" name="dataFrameFill_donothing"/>
    <testcase time="0.00199999999995271" classname="ds.dataFrameFill_smk_donothing_dataframes" name="dataFrameFill_donothing"/>
    <testcase time="0.00100000000020373" classname="ds.dataFrameFill_smk_donothing_dataframes" name="dataFrameFill_donothing"/>
    <testcase time="0.000999999999748979" classname="ds.dataFrameFill_smk_donothing_dataframes" name="dataFrameFill_donothing"/>
    <testcase time="0.00100000000020373" classname="ds.dataFrameFill_smk_donothing_dataframes" name="dataFrameFill_donothing"/>
    <testcase time="0.000999999999748979" classname="ds.dataFrameFill_smk_donothing_dataframes" name="dataFrameFill_donothing"/>
    <testcase time="3.03900000000021" classname="ds.dataFrameFill_smk_donothing_dataframes" name="dataFrameFill_donothing"/>
  </testsuite>
  <testsuite name="ds.dataFrameFill::smk::shutdown" timestamp="2020-07-06T23:48:06Z" hostname="fv-az14" tests="3" skipped="0" failures="0" errors="0" time="0.265">
    <testcase time="0.26299999999992" classname="ds.dataFrameFill_smk_shutdown" name="shutdown"/>
    <testcase time="0.00100000000020373" classname="ds.dataFrameFill_smk_shutdown" name="shutdown"/>
    <testcase time="0.000999999999748979" classname="ds.dataFrameFill_smk_shutdown" name="shutdown"/>
  </testsuite>
  <testsuite name="ds.dataFrameFill::smk::done" timestamp="2020-07-06T23:48:07Z" hostname="fv-az14" tests="0" skipped="0" failures="0" errors="0" time="0"/>
  <testsuite name="ds.dataFrameFill::smk::setup" timestamp="2020-07-06T23:48:07Z" hostname="fv-az14" tests="3" skipped="0" failures="0" errors="0" time="5.032">
    <testcase time="5.0300000000002" classname="ds.dataFrameFill_smk_setup" name="setup"/>
    <testcase time="0.000999999999748979" classname="ds.dataFrameFill_smk_setup" name="setup"/>
    <testcase time="0.00100000000020373" classname="ds.dataFrameFill_smk_setup" name="setup"/>
  </testsuite>
  <testsuite name="ds.dataFrameFill::smk::extend unfilled dataframes" timestamp="2020-07-06T23:48:11Z" hostname="fv-az14" tests="26" skipped="0" failures="0" errors="0" time="7.752">
    <testcase time="1.19999999999982" classname="ds.dataFrameFill_smk_extend_unfilled_dataframes" name="dataFrameFill_exists"/>
    <testcase time="0.00100000000020373" classname="ds.dataFrameFill_smk_extend_unfilled_dataframes" name="dataFrameFill_exists"/>
    <testcase time="0.00199999999995271" classname="ds.dataFrameFill_smk_extend_unfilled_dataframes" name="dataFrameFill_exists"/>
    <testcase time="0.000999999999748979" classname="ds.dataFrameFill_smk_extend_unfilled_dataframes" name="dataFrameFill_exists"/>
    <testcase time="0.00100000000020373" classname="ds.dataFrameFill_smk_extend_unfilled_dataframes" name="dataFrameFill_exists"/>
    <testcase time="0.000999999999748979" classname="ds.dataFrameFill_smk_extend_unfilled_dataframes" name="dataFrameFill_exists"/>
    <testcase time="0.00100000000020373" classname="ds.dataFrameFill_smk_extend_unfilled_dataframes" name="dataFrameFill_exists"/>
    <testcase time="0.00100000000020373" classname="ds.dataFrameFill_smk_extend_unfilled_dataframes" name="dataFrameFill_exists"/>
    <testcase time="0.000999999999748979" classname="ds.dataFrameFill_smk_extend_unfilled_dataframes" name="dataFrameFill_exists"/>
    <testcase time="0.00199999999995271" classname="ds.dataFrameFill_smk_extend_unfilled_dataframes" name="dataFrameFill_exists"/>
    <testcase time="5.33100000000013" classname="ds.dataFrameFill_smk_extend_unfilled_dataframes" name="dataFrameFill_exists"/>
    <testcase time="0.00199999999995271" classname="ds.dataFrameFill_smk_extend_unfilled_dataframes" name="dataFrameFill_exists"/>
    <testcase time="0.00100000000020373" classname="ds.dataFrameFill_smk_extend_unfilled_dataframes" name="dataFrameFill_exists"/>
    <testcase time="1.1899999999996" classname="ds.dataFrameFill_smk_extend_unfilled_dataframes" name="dataFrameFill_exists"/>
    <testcase time="0.00100000000020373" classname="ds.dataFrameFill_smk_extend_unfilled_dataframes" name="dataFrameFill_exists"/>
    <testcase time="0.00199999999995271" classname="ds.dataFrameFill_smk_extend_unfilled_dataframes" name="dataFrameFill_exists"/>
    <testcase time="0.00100000000020373" classname="ds.dataFrameFill_smk_extend_unfilled_dataframes" name="dataFrameFill_exists"/>
    <testcase time="0.000999999999748979" classname="ds.dataFrameFill_smk_extend_unfilled_dataframes" name="dataFrameFill_exists"/>
    <testcase time="0.00199999999995271" classname="ds.dataFrameFill_smk_extend_unfilled_dataframes" name="dataFrameFill_exists"/>
    <testcase time="0.00100000000020373" classname="ds.dataFrameFill_smk_extend_unfilled_dataframes" name="dataFrameFill_exists"/>
    <testcase time="0.00199999999995271" classname="ds.dataFrameFill_smk_extend_unfilled_dataframes" name="dataFrameFill_exists"/>
    <testcase time="0.00100000000020373" classname="ds.dataFrameFill_smk_extend_unfilled_dataframes" name="dataFrameFill_exists"/>
    <testcase time="0.000999999999748979" classname="ds.dataFrameFill_smk_extend_unfilled_dataframes" name="dataFrameFill_exists"/>
    <testcase time="0.00199999999995271" classname="ds.dataFrameFill_smk_extend_unfilled_dataframes" name="dataFrameFill_exists"/>
    <testcase time="0.00100000000020373" classname="ds.dataFrameFill_smk_extend_unfilled_dataframes" name="dataFrameFill_exists"/>
    <testcase time="0.00199999999995271" classname="ds.dataFrameFill_smk_extend_unfilled_dataframes" name="dataFrameFill_exists"/>
  </testsuite>
  <testsuite name="ds.dataFrameFill::smk::shutdown" timestamp="2020-07-06T23:48:19Z" hostname="fv-az14" tests="3" skipped="0" failures="0" errors="0" time="0.27">
    <testcase time="0.268000000000029" classname="ds.dataFrameFill_smk_shutdown" name="shutdown"/>
    <testcase time="0.000999999999748979" classname="ds.dataFrameFill_smk_shutdown" name="shutdown"/>
    <testcase time="0.00100000000020373" classname="ds.dataFrameFill_smk_shutdown" name="shutdown"/>
  </testsuite>
  <testsuite name="ds.dataFrameFill::smk::done" timestamp="2020-07-06T23:48:20Z" hostname="fv-az14" tests="0" skipped="0" failures="0" errors="0" time="0"/>
  <testsuite name="ds.dataFrame::smk::setup" timestamp="2020-07-06T23:48:20Z" hostname="fv-az14" tests="3" skipped="0" failures="0" errors="0" time="5.174">
    <testcase time="5.17200000000003" classname="ds.dataFrame_smk_setup" name="setup"/>
    <testcase time="0.000999999999748979" classname="ds.dataFrame_smk_setup" name="setup"/>
    <testcase time="0.00100000000020373" classname="ds.dataFrame_smk_setup" name="setup"/>
  </testsuite>
  <testsuite name="ds.dataFrame::smk::create a dataframe, from root variables" timestamp="2020-07-06T23:48:25Z" hostname="fv-az14" tests="25" skipped="0" failures="0" errors="0" time="5.642">
    <testcase time="3.63900000000012" classname="ds.dataFrame_smk_create_a_dataframe_from_root_variables" name="dataframe_exists"/>
    <testcase time="0.000999999999748979" classname="ds.dataFrame_smk_create_a_dataframe_from_root_variables" name="dataframe_exists"/>
    <testcase time="0.00100000000020373" classname="ds.dataFrame_smk_create_a_dataframe_from_root_variables" name="dataframe_exists"/>
    <testcase time="0.779999999999745" classname="ds.dataFrame_smk_create_a_dataframe_from_root_variables" name="dataframe_exists"/>
    <testcase time="0.00100000000020373" classname="ds.dataFrame_smk_create_a_dataframe_from_root_variables" name="dataframe_exists"/>
    <testcase time="0.000999999999748979" classname="ds.dataFrame_smk_create_a_dataframe_from_root_variables" name="dataframe_exists"/>
    <testcase time="0.00100000000020373" classname="ds.dataFrame_smk_create_a_dataframe_from_root_variables" name="dataframe_exists"/>
    <testcase time="0.00100000000020373" classname="ds.dataFrame_smk_create_a_dataframe_from_root_variables" name="dataframe_exists"/>
    <testcase time="0.00199999999995271" classname="ds.dataFrame_smk_create_a_dataframe_from_root_variables" name="dataframe_exists"/>
    <testcase time="0.000999999999748979" classname="ds.dataFrame_smk_create_a_dataframe_from_root_variables" name="dataframe_exists"/>
    <testcase time="0.00100000000020373" classname="ds.dataFrame_smk_create_a_dataframe_from_root_variables" name="dataframe_exists"/>
    <testcase time="0.000999999999748979" classname="ds.dataFrame_smk_create_a_dataframe_from_root_variables" name="dataframe_exists"/>
    <testcase time="0.00100000000020373" classname="ds.dataFrame_smk_create_a_dataframe_from_root_variables" name="dataframe_exists"/>
    <testcase time="0.00199999999995271" classname="ds.dataFrame_smk_create_a_dataframe_from_root_variables" name="dataframe_exists"/>
    <testcase time="0.00100000000020373" classname="ds.dataFrame_smk_create_a_dataframe_from_root_variables" name="dataframe_exists"/>
    <testcase time="1.19599999999991" classname="ds.dataFrame_smk_create_a_dataframe_from_root_variables" name="dataframe_exists"/>
    <testcase time="0.00199999999995271" classname="ds.dataFrame_smk_create_a_dataframe_from_root_variables" name="dataframe_exists"/>
    <testcase time="0.000999999999748979" classname="ds.dataFrame_smk_create_a_dataframe_from_root_variables" name="dataframe_exists"/>
    <testcase time="0.00199999999995271" classname="ds.dataFrame_smk_create_a_dataframe_from_root_variables" name="dataframe_exists"/>
    <testcase time="0.00100000000020373" classname="ds.dataFrame_smk_create_a_dataframe_from_root_variables" name="dataframe_exists"/>
    <testcase time="0.00100000000020373" classname="ds.dataFrame_smk_create_a_dataframe_from_root_variables" name="dataframe_exists"/>
    <testcase time="0.00100000000020373" classname="ds.dataFrame_smk_create_a_dataframe_from_root_variables" name="dataframe_exists"/>
    <testcase time="0.000999999999748979" classname="ds.dataFrame_smk_create_a_dataframe_from_root_variables" name="dataframe_exists"/>
    <testcase time="0.00199999999995271" classname="ds.dataFrame_smk_create_a_dataframe_from_root_variables" name="dataframe_exists"/>
    <testcase time="0.00100000000020373" classname="ds.dataFrame_smk_create_a_dataframe_from_root_variables" name="dataframe_exists"/>
  </testsuite>
  <testsuite name="ds.dataFrame::smk::create a dataframe, with DataSHIELD.checks, from root variables" timestamp="2020-07-06T23:48:31Z" hostname="fv-az14" tests="20" skipped="0" failures="0" errors="0" time="17.347">
    <testcase time="15.2550000000001" classname="ds.dataFrame_smk_create_a_dataframe_with_DataSHIELD.checks_from_root_variables" name="dataframe_exists_with_DataSHIELD.checks"/>
    <testcase time="0.00199999999995271" classname="ds.dataFrame_smk_create_a_dataframe_with_DataSHIELD.checks_from_root_variables" name="dataframe_exists_with_DataSHIELD.checks"/>
    <testcase time="0.000999999999748979" classname="ds.dataFrame_smk_create_a_dataframe_with_DataSHIELD.checks_from_root_variables" name="dataframe_exists_with_DataSHIELD.checks"/>
    <testcase time="0.872000000000298" classname="ds.dataFrame_smk_create_a_dataframe_with_DataSHIELD.checks_from_root_variables" name="dataframe_exists_with_DataSHIELD.checks"/>
    <testcase time="0.00199999999995271" classname="ds.dataFrame_smk_create_a_dataframe_with_DataSHIELD.checks_from_root_variables" name="dataframe_exists_with_DataSHIELD.checks"/>
    <testcase time="0.000999999999748979" classname="ds.dataFrame_smk_create_a_dataframe_with_DataSHIELD.checks_from_root_variables" name="dataframe_exists_with_DataSHIELD.checks"/>
    <testcase time="0.00100000000020373" classname="ds.dataFrame_smk_create_a_dataframe_with_DataSHIELD.checks_from_root_variables" name="dataframe_exists_with_DataSHIELD.checks"/>
    <testcase time="0.000999999999748979" classname="ds.dataFrame_smk_create_a_dataframe_with_DataSHIELD.checks_from_root_variables" name="dataframe_exists_with_DataSHIELD.checks"/>
    <testcase time="0.00100000000020373" classname="ds.dataFrame_smk_create_a_dataframe_with_DataSHIELD.checks_from_root_variables" name="dataframe_exists_with_DataSHIELD.checks"/>
    <testcase time="0.00199999999995271" classname="ds.dataFrame_smk_create_a_dataframe_with_DataSHIELD.checks_from_root_variables" name="dataframe_exists_with_DataSHIELD.checks"/>
    <testcase time="1.19700000000012" classname="ds.dataFrame_smk_create_a_dataframe_with_DataSHIELD.checks_from_root_variables" name="dataframe_exists_with_DataSHIELD.checks"/>
    <testcase time="0.00199999999995271" classname="ds.dataFrame_smk_create_a_dataframe_with_DataSHIELD.checks_from_root_variables" name="dataframe_exists_with_DataSHIELD.checks"/>
    <testcase time="0.000999999999748979" classname="ds.dataFrame_smk_create_a_dataframe_with_DataSHIELD.checks_from_root_variables" name="dataframe_exists_with_DataSHIELD.checks"/>
    <testcase time="0.00100000000020373" classname="ds.dataFrame_smk_create_a_dataframe_with_DataSHIELD.checks_from_root_variables" name="dataframe_exists_with_DataSHIELD.checks"/>
    <testcase time="0.00199999999995271" classname="ds.dataFrame_smk_create_a_dataframe_with_DataSHIELD.checks_from_root_variables" name="dataframe_exists_with_DataSHIELD.checks"/>
    <testcase time="0.00100000000020373" classname="ds.dataFrame_smk_create_a_dataframe_with_DataSHIELD.checks_from_root_variables" name="dataframe_exists_with_DataSHIELD.checks"/>
    <testcase time="0.000999999999748979" classname="ds.dataFrame_smk_create_a_dataframe_with_DataSHIELD.checks_from_root_variables" name="dataframe_exists_with_DataSHIELD.checks"/>
    <testcase time="0.00199999999995271" classname="ds.dataFrame_smk_create_a_dataframe_with_DataSHIELD.checks_from_root_variables" name="dataframe_exists_with_DataSHIELD.checks"/>
    <testcase time="0.00100000000020373" classname="ds.dataFrame_smk_create_a_dataframe_with_DataSHIELD.checks_from_root_variables" name="dataframe_exists_with_DataSHIELD.checks"/>
    <testcase time="0.000999999999748979" classname="ds.dataFrame_smk_create_a_dataframe_with_DataSHIELD.checks_from_root_variables" name="dataframe_exists_with_DataSHIELD.checks"/>
  </testsuite>
  <testsuite name="ds.dataFrame::smk::create a dataframe, from dataframe variables" timestamp="2020-07-06T23:48:48Z" hostname="fv-az14" tests="25" skipped="0" failures="0" errors="0" time="4.346">
    <testcase time="2.87000000000035" classname="ds.dataFrame_smk_create_a_dataframe_from_dataframe_variables" name="dataframe_exists_from_dataframe_variables"/>
    <testcase time="0.000999999999748979" classname="ds.dataFrame_smk_create_a_dataframe_from_dataframe_variables" name="dataframe_exists_from_dataframe_variables"/>
    <testcase time="0.00100000000020373" classname="ds.dataFrame_smk_create_a_dataframe_from_dataframe_variables" name="dataframe_exists_from_dataframe_variables"/>
    <testcase time="0.264000000000124" classname="ds.dataFrame_smk_create_a_dataframe_from_dataframe_variables" name="dataframe_exists_from_dataframe_variables"/>
    <testcase time="0.000999999999748979" classname="ds.dataFrame_smk_create_a_dataframe_from_dataframe_variables" name="dataframe_exists_from_dataframe_variables"/>
    <testcase time="0.00100000000020373" classname="ds.dataFrame_smk_create_a_dataframe_from_dataframe_variables" name="dataframe_exists_from_dataframe_variables"/>
    <testcase time="0.000999999999748979" classname="ds.dataFrame_smk_create_a_dataframe_from_dataframe_variables" name="dataframe_exists_from_dataframe_variables"/>
    <testcase time="0.00100000000020373" classname="ds.dataFrame_smk_create_a_dataframe_from_dataframe_variables" name="dataframe_exists_from_dataframe_variables"/>
    <testcase time="0.000999999999748979" classname="ds.dataFrame_smk_create_a_dataframe_from_dataframe_variables" name="dataframe_exists_from_dataframe_variables"/>
    <testcase time="0.00100000000020373" classname="ds.dataFrame_smk_create_a_dataframe_from_dataframe_variables" name="dataframe_exists_from_dataframe_variables"/>
    <testcase time="0.00199999999995271" classname="ds.dataFrame_smk_create_a_dataframe_from_dataframe_variables" name="dataframe_exists_from_dataframe_variables"/>
    <testcase time="0.000999999999748979" classname="ds.dataFrame_smk_create_a_dataframe_from_dataframe_variables" name="dataframe_exists_from_dataframe_variables"/>
    <testcase time="0.00100000000020373" classname="ds.dataFrame_smk_create_a_dataframe_from_dataframe_variables" name="dataframe_exists_from_dataframe_variables"/>
    <testcase time="0.00100000000020373" classname="ds.dataFrame_smk_create_a_dataframe_from_dataframe_variables" name="dataframe_exists_from_dataframe_variables"/>
    <testcase time="0.00199999999995271" classname="ds.dataFrame_smk_create_a_dataframe_from_dataframe_variables" name="dataframe_exists_from_dataframe_variables"/>
    <testcase time="1.18399999999974" classname="ds.dataFrame_smk_create_a_dataframe_from_dataframe_variables" name="dataframe_exists_from_dataframe_variables"/>
    <testcase time="0.00100000000020373" classname="ds.dataFrame_smk_create_a_dataframe_from_dataframe_variables" name="dataframe_exists_from_dataframe_variables"/>
    <testcase time="0.00199999999995271" classname="ds.dataFrame_smk_create_a_dataframe_from_dataframe_variables" name="dataframe_exists_from_dataframe_variables"/>
    <testcase time="0.000999999999748979" classname="ds.dataFrame_smk_create_a_dataframe_from_dataframe_variables" name="dataframe_exists_from_dataframe_variables"/>
    <testcase time="0.00100000000020373" classname="ds.dataFrame_smk_create_a_dataframe_from_dataframe_variables" name="dataframe_exists_from_dataframe_variables"/>
    <testcase time="0.00199999999995271" classname="ds.dataFrame_smk_create_a_dataframe_from_dataframe_variables" name="dataframe_exists_from_dataframe_variables"/>
    <testcase time="0.00100000000020373" classname="ds.dataFrame_smk_create_a_dataframe_from_dataframe_variables" name="dataframe_exists_from_dataframe_variables"/>
    <testcase time="0.00199999999995271" classname="ds.dataFrame_smk_create_a_dataframe_from_dataframe_variables" name="dataframe_exists_from_dataframe_variables"/>
    <testcase time="0.000999999999748979" classname="ds.dataFrame_smk_create_a_dataframe_from_dataframe_variables" name="dataframe_exists_from_dataframe_variables"/>
    <testcase time="0.00199999999995271" classname="ds.dataFrame_smk_create_a_dataframe_from_dataframe_variables" name="dataframe_exists_from_dataframe_variables"/>
  </testsuite>
  <testsuite name="ds.dataFrame::smk::create a dataframe, with DataSHIELD.checks, from dataframe variables" timestamp="2020-07-06T23:48:52Z" hostname="fv-az14" tests="20" skipped="0" failures="0" errors="0" time="15.675">
    <testcase time="14.21" classname="ds.dataFrame_smk_create_a_dataframe_with_DataSHIELD.checks_from_dataframe_variables" name="dataframe_exists_with_DataSHIELD.checks_from_dataframe_variables"/>
    <testcase time="0.00100000000020373" classname="ds.dataFrame_smk_create_a_dataframe_with_DataSHIELD.checks_from_dataframe_variables" name="dataframe_exists_with_DataSHIELD.checks_from_dataframe_variables"/>
    <testcase time="0.00199999999995271" classname="ds.dataFrame_smk_create_a_dataframe_with_DataSHIELD.checks_from_dataframe_variables" name="dataframe_exists_with_DataSHIELD.checks_from_dataframe_variables"/>
    <testcase time="0.257999999999811" classname="ds.dataFrame_smk_create_a_dataframe_with_DataSHIELD.checks_from_dataframe_variables" name="dataframe_exists_with_DataSHIELD.checks_from_dataframe_variables"/>
    <testcase time="0.00100000000020373" classname="ds.dataFrame_smk_create_a_dataframe_with_DataSHIELD.checks_from_dataframe_variables" name="dataframe_exists_with_DataSHIELD.checks_from_dataframe_variables"/>
    <testcase time="0.00100000000020373" classname="ds.dataFrame_smk_create_a_dataframe_with_DataSHIELD.checks_from_dataframe_variables" name="dataframe_exists_with_DataSHIELD.checks_from_dataframe_variables"/>
    <testcase time="0.000999999999748979" classname="ds.dataFrame_smk_create_a_dataframe_with_DataSHIELD.checks_from_dataframe_variables" name="dataframe_exists_with_DataSHIELD.checks_from_dataframe_variables"/>
    <testcase time="0.00100000000020373" classname="ds.dataFrame_smk_create_a_dataframe_with_DataSHIELD.checks_from_dataframe_variables" name="dataframe_exists_with_DataSHIELD.checks_from_dataframe_variables"/>
    <testcase time="0.000999999999748979" classname="ds.dataFrame_smk_create_a_dataframe_with_DataSHIELD.checks_from_dataframe_variables" name="dataframe_exists_with_DataSHIELD.checks_from_dataframe_variables"/>
    <testcase time="0.00100000000020373" classname="ds.dataFrame_smk_create_a_dataframe_with_DataSHIELD.checks_from_dataframe_variables" name="dataframe_exists_with_DataSHIELD.checks_from_dataframe_variables"/>
    <testcase time="1.18599999999969" classname="ds.dataFrame_smk_create_a_dataframe_with_DataSHIELD.checks_from_dataframe_variables" name="dataframe_exists_with_DataSHIELD.checks_from_dataframe_variables"/>
    <testcase time="0.00100000000020373" classname="ds.dataFrame_smk_create_a_dataframe_with_DataSHIELD.checks_from_dataframe_variables" name="dataframe_exists_with_DataSHIELD.checks_from_dataframe_variables"/>
    <testcase time="0.00199999999995271" classname="ds.dataFrame_smk_create_a_dataframe_with_DataSHIELD.checks_from_dataframe_variables" name="dataframe_exists_with_DataSHIELD.checks_from_dataframe_variables"/>
    <testcase time="0.00100000000020373" classname="ds.dataFrame_smk_create_a_dataframe_with_DataSHIELD.checks_from_dataframe_variables" name="dataframe_exists_with_DataSHIELD.checks_from_dataframe_variables"/>
    <testcase time="0.000999999999748979" classname="ds.dataFrame_smk_create_a_dataframe_with_DataSHIELD.checks_from_dataframe_variables" name="dataframe_exists_with_DataSHIELD.checks_from_dataframe_variables"/>
    <testcase time="0.00199999999995271" classname="ds.dataFrame_smk_create_a_dataframe_with_DataSHIELD.checks_from_dataframe_variables" name="dataframe_exists_with_DataSHIELD.checks_from_dataframe_variables"/>
    <testcase time="0.00100000000020373" classname="ds.dataFrame_smk_create_a_dataframe_with_DataSHIELD.checks_from_dataframe_variables" name="dataframe_exists_with_DataSHIELD.checks_from_dataframe_variables"/>
    <testcase time="0.00199999999995271" classname="ds.dataFrame_smk_create_a_dataframe_with_DataSHIELD.checks_from_dataframe_variables" name="dataframe_exists_with_DataSHIELD.checks_from_dataframe_variables"/>
    <testcase time="0.000999999999748979" classname="ds.dataFrame_smk_create_a_dataframe_with_DataSHIELD.checks_from_dataframe_variables" name="dataframe_exists_with_DataSHIELD.checks_from_dataframe_variables"/>
    <testcase time="0.00100000000020373" classname="ds.dataFrame_smk_create_a_dataframe_with_DataSHIELD.checks_from_dataframe_variables" name="dataframe_exists_with_DataSHIELD.checks_from_dataframe_variables"/>
  </testsuite>
  <testsuite name="ds.dataFrame::smk::shutdown" timestamp="2020-07-06T23:49:08Z" hostname="fv-az14" tests="3" skipped="0" failures="0" errors="0" time="0.526">
    <testcase time="0.523999999999887" classname="ds.dataFrame_smk_shutdown" name="shutdown"/>
    <testcase time="0.00100000000020373" classname="ds.dataFrame_smk_shutdown" name="shutdown"/>
    <testcase time="0.000999999999748979" classname="ds.dataFrame_smk_shutdown" name="shutdown"/>
  </testsuite>
  <testsuite name="ds.dataFrame::smk::done" timestamp="2020-07-06T23:49:09Z" hostname="fv-az14" tests="0" skipped="0" failures="0" errors="0" time="0"/>
  <testsuite name="ds.dataFrameSort::smk::setup" timestamp="2020-07-06T23:49:09Z" hostname="fv-az14" tests="3" skipped="0" failures="0" errors="0" time="5.165">
    <testcase time="5.16200000000026" classname="ds.dataFrameSort_smk_setup" name="setup"/>
    <testcase time="0.00199999999995271" classname="ds.dataFrameSort_smk_setup" name="setup"/>
    <testcase time="0.000999999999748979" classname="ds.dataFrameSort_smk_setup" name="setup"/>
  </testsuite>
  <testsuite name="ds.dataFrameSort::smk::create a sorted dataframe" timestamp="2020-07-06T23:49:13Z" hostname="fv-az14" tests="10" skipped="0" failures="0" errors="0" time="3.398">
    <testcase time="3.38800000000037" classname="ds.dataFrameSort_smk_create_a_sorted_dataframe" name="dataFrameSort_exists"/>
    <testcase time="0.000999999999748979" classname="ds.dataFrameSort_smk_create_a_sorted_dataframe" name="dataFrameSort_exists"/>
    <testcase time="0.00100000000020373" classname="ds.dataFrameSort_smk_create_a_sorted_dataframe" name="dataFrameSort_exists"/>
    <testcase time="0.000999999999748979" classname="ds.dataFrameSort_smk_create_a_sorted_dataframe" name="dataFrameSort_exists"/>
    <testcase time="0.00100000000020373" classname="ds.dataFrameSort_smk_create_a_sorted_dataframe" name="dataFrameSort_exists"/>
    <testcase time="0.000999999999748979" classname="ds.dataFrameSort_smk_create_a_sorted_dataframe" name="dataFrameSort_exists"/>
    <testcase time="0.00200000000040745" classname="ds.dataFrameSort_smk_create_a_sorted_dataframe" name="dataFrameSort_exists"/>
    <testcase time="0.000999999999748979" classname="ds.dataFrameSort_smk_create_a_sorted_dataframe" name="dataFrameSort_exists"/>
    <testcase time="0.00100000000020373" classname="ds.dataFrameSort_smk_create_a_sorted_dataframe" name="dataFrameSort_exists"/>
    <testcase time="0.000999999999748979" classname="ds.dataFrameSort_smk_create_a_sorted_dataframe" name="dataFrameSort_exists"/>
  </testsuite>
  <testsuite name="ds.dataFrameSort::smk::shutdown" timestamp="2020-07-06T23:49:17Z" hostname="fv-az14" tests="3" skipped="0" failures="0" errors="0" time="0.269">
    <testcase time="0.26700000000028" classname="ds.dataFrameSort_smk_shutdown" name="shutdown"/>
    <testcase time="0.000999999999748979" classname="ds.dataFrameSort_smk_shutdown" name="shutdown"/>
    <testcase time="0.00100000000020373" classname="ds.dataFrameSort_smk_shutdown" name="shutdown"/>
  </testsuite>
  <testsuite name="ds.dataFrameSort::smk::done" timestamp="2020-07-06T23:49:18Z" hostname="fv-az14" tests="0" skipped="0" failures="0" errors="0" time="0"/>
  <testsuite name="ds.dataFrameSubset::smk::setup" timestamp="2020-07-06T23:49:18Z" hostname="fv-az14" tests="3" skipped="0" failures="0" errors="0" time="5.1">
    <testcase time="5.09799999999996" classname="ds.dataFrameSubset_smk_setup" name="setup"/>
    <testcase time="0.000999999999748979" classname="ds.dataFrameSubset_smk_setup" name="setup"/>
    <testcase time="0.00100000000020373" classname="ds.dataFrameSubset_smk_setup" name="setup"/>
  </testsuite>
  <testsuite name="ds.dataFrameSubset::smk::create a subset dataframe" timestamp="2020-07-06T23:49:22Z" hostname="fv-az14" tests="23" skipped="0" failures="0" errors="0" time="4.683">
    <testcase time="2.88499999999976" classname="ds.dataFrameSubset_smk_create_a_subset_dataframe" name="dataFrameSubset_exists"/>
    <testcase time="0.00199999999995271" classname="ds.dataFrameSubset_smk_create_a_subset_dataframe" name="dataFrameSubset_exists"/>
    <testcase time="0.00100000000020373" classname="ds.dataFrameSubset_smk_create_a_subset_dataframe" name="dataFrameSubset_exists"/>
    <testcase time="0.00100000000020373" classname="ds.dataFrameSubset_smk_create_a_subset_dataframe" name="dataFrameSubset_exists"/>
    <testcase time="0.000999999999748979" classname="ds.dataFrameSubset_smk_create_a_subset_dataframe" name="dataFrameSubset_exists"/>
    <testcase time="0.00100000000020373" classname="ds.dataFrameSubset_smk_create_a_subset_dataframe" name="dataFrameSubset_exists"/>
    <testcase time="0.000999999999748979" classname="ds.dataFrameSubset_smk_create_a_subset_dataframe" name="dataFrameSubset_exists"/>
    <testcase time="0.00100000000020373" classname="ds.dataFrameSubset_smk_create_a_subset_dataframe" name="dataFrameSubset_exists"/>
    <testcase time="0.00199999999995271" classname="ds.dataFrameSubset_smk_create_a_subset_dataframe" name="dataFrameSubset_exists"/>
    <testcase time="0.000999999999748979" classname="ds.dataFrameSubset_smk_create_a_subset_dataframe" name="dataFrameSubset_exists"/>
    <testcase time="1.76999999999998" classname="ds.dataFrameSubset_smk_create_a_subset_dataframe" name="dataFrameSubset_exists"/>
    <testcase time="0.00100000000020373" classname="ds.dataFrameSubset_smk_create_a_subset_dataframe" name="dataFrameSubset_exists"/>
    <testcase time="0.00199999999995271" classname="ds.dataFrameSubset_smk_create_a_subset_dataframe" name="dataFrameSubset_exists"/>
    <testcase time="0.00100000000020373" classname="ds.dataFrameSubset_smk_create_a_subset_dataframe" name="dataFrameSubset_exists"/>
    <testcase time="0.000999999999748979" classname="ds.dataFrameSubset_smk_create_a_subset_dataframe" name="dataFrameSubset_exists"/>
    <testcase time="0.00199999999995271" classname="ds.dataFrameSubset_smk_create_a_subset_dataframe" name="dataFrameSubset_exists"/>
    <testcase time="0.00100000000020373" classname="ds.dataFrameSubset_smk_create_a_subset_dataframe" name="dataFrameSubset_exists"/>
    <testcase time="0.000999999999748979" classname="ds.dataFrameSubset_smk_create_a_subset_dataframe" name="dataFrameSubset_exists"/>
    <testcase time="0.00200000000040745" classname="ds.dataFrameSubset_smk_create_a_subset_dataframe" name="dataFrameSubset_exists"/>
    <testcase time="0.000999999999748979" classname="ds.dataFrameSubset_smk_create_a_subset_dataframe" name="dataFrameSubset_exists"/>
    <testcase time="0.00199999999995271" classname="ds.dataFrameSubset_smk_create_a_subset_dataframe" name="dataFrameSubset_exists"/>
    <testcase time="0.00100000000020373" classname="ds.dataFrameSubset_smk_create_a_subset_dataframe" name="dataFrameSubset_exists"/>
    <testcase time="0.00199999999995271" classname="ds.dataFrameSubset_smk_create_a_subset_dataframe" name="dataFrameSubset_exists"/>
  </testsuite>
  <testsuite name="ds.dataFrameSubset::smk::create a subset dataframe, based on scalar" timestamp="2020-07-06T23:49:27Z" hostname="fv-az14" tests="23" skipped="0" failures="0" errors="0" time="5.399">
    <testcase time="3.57899999999972" classname="ds.dataFrameSubset_smk_create_a_subset_dataframe_based_on_scalar" name="dataFrameSubset_exists_scalar"/>
    <testcase time="0.00100000000020373" classname="ds.dataFrameSubset_smk_create_a_subset_dataframe_based_on_scalar" name="dataFrameSubset_exists_scalar"/>
    <testcase time="0.00100000000020373" classname="ds.dataFrameSubset_smk_create_a_subset_dataframe_based_on_scalar" name="dataFrameSubset_exists_scalar"/>
    <testcase time="0.000999999999748979" classname="ds.dataFrameSubset_smk_create_a_subset_dataframe_based_on_scalar" name="dataFrameSubset_exists_scalar"/>
    <testcase time="0.00100000000020373" classname="ds.dataFrameSubset_smk_create_a_subset_dataframe_based_on_scalar" name="dataFrameSubset_exists_scalar"/>
    <testcase time="0.00199999999995271" classname="ds.dataFrameSubset_smk_create_a_subset_dataframe_based_on_scalar" name="dataFrameSubset_exists_scalar"/>
    <testcase time="0.000999999999748979" classname="ds.dataFrameSubset_smk_create_a_subset_dataframe_based_on_scalar" name="dataFrameSubset_exists_scalar"/>
    <testcase time="0.00100000000020373" classname="ds.dataFrameSubset_smk_create_a_subset_dataframe_based_on_scalar" name="dataFrameSubset_exists_scalar"/>
    <testcase time="0.000999999999748979" classname="ds.dataFrameSubset_smk_create_a_subset_dataframe_based_on_scalar" name="dataFrameSubset_exists_scalar"/>
    <testcase time="0.00100000000020373" classname="ds.dataFrameSubset_smk_create_a_subset_dataframe_based_on_scalar" name="dataFrameSubset_exists_scalar"/>
    <testcase time="1.79300000000012" classname="ds.dataFrameSubset_smk_create_a_subset_dataframe_based_on_scalar" name="dataFrameSubset_exists_scalar"/>
    <testcase time="0.00199999999995271" classname="ds.dataFrameSubset_smk_create_a_subset_dataframe_based_on_scalar" name="dataFrameSubset_exists_scalar"/>
    <testcase time="0.000999999999748979" classname="ds.dataFrameSubset_smk_create_a_subset_dataframe_based_on_scalar" name="dataFrameSubset_exists_scalar"/>
    <testcase time="0.00199999999995271" classname="ds.dataFrameSubset_smk_create_a_subset_dataframe_based_on_scalar" name="dataFrameSubset_exists_scalar"/>
    <testcase time="0.00100000000020373" classname="ds.dataFrameSubset_smk_create_a_subset_dataframe_based_on_scalar" name="dataFrameSubset_exists_scalar"/>
    <testcase time="0.00100000000020373" classname="ds.dataFrameSubset_smk_create_a_subset_dataframe_based_on_scalar" name="dataFrameSubset_exists_scalar"/>
    <testcase time="0.00199999999995271" classname="ds.dataFrameSubset_smk_create_a_subset_dataframe_based_on_scalar" name="dataFrameSubset_exists_scalar"/>
    <testcase time="0.000999999999748979" classname="ds.dataFrameSubset_smk_create_a_subset_dataframe_based_on_scalar" name="dataFrameSubset_exists_scalar"/>
    <testcase time="0.00100000000020373" classname="ds.dataFrameSubset_smk_create_a_subset_dataframe_based_on_scalar" name="dataFrameSubset_exists_scalar"/>
    <testcase time="0.00199999999995271" classname="ds.dataFrameSubset_smk_create_a_subset_dataframe_based_on_scalar" name="dataFrameSubset_exists_scalar"/>
    <testcase time="0.000999999999748979" classname="ds.dataFrameSubset_smk_create_a_subset_dataframe_based_on_scalar" name="dataFrameSubset_exists_scalar"/>
    <testcase time="0.00100000000020373" classname="ds.dataFrameSubset_smk_create_a_subset_dataframe_based_on_scalar" name="dataFrameSubset_exists_scalar"/>
    <testcase time="0.00199999999995271" classname="ds.dataFrameSubset_smk_create_a_subset_dataframe_based_on_scalar" name="dataFrameSubset_exists_scalar"/>
  </testsuite>
  <testsuite name="ds.dataFrameSubset::smk::shutdown" timestamp="2020-07-06T23:49:32Z" hostname="fv-az14" tests="3" skipped="0" failures="0" errors="0" time="0.28">
    <testcase time="0.278000000000247" classname="ds.dataFrameSubset_smk_shutdown" name="shutdown"/>
    <testcase time="0.000999999999748979" classname="ds.dataFrameSubset_smk_shutdown" name="shutdown"/>
    <testcase time="0.00100000000020373" classname="ds.dataFrameSubset_smk_shutdown" name="shutdown"/>
  </testsuite>
  <testsuite name="ds.dataFrameSubset::smk::down" timestamp="2020-07-06T23:49:33Z" hostname="fv-az14" tests="0" skipped="0" failures="0" errors="0" time="0"/>
  <testsuite name="ds.dim::smk::setup" timestamp="2020-07-06T23:49:33Z" hostname="fv-az14" tests="3" skipped="0" failures="0" errors="0" time="5.12">
    <testcase time="5.11799999999994" classname="ds.dim_smk_setup" name="setup"/>
    <testcase time="0.000999999999748979" classname="ds.dim_smk_setup" name="setup"/>
    <testcase time="0.00100000000020373" classname="ds.dim_smk_setup" name="setup"/>
  </testsuite>
  <testsuite name="ds.dim::smk" timestamp="2020-07-06T23:49:38Z" hostname="fv-az14" tests="13" skipped="0" failures="0" errors="0" time="0.277">
    <testcase time="0.26299999999992" classname="ds.dim_smk" name="simple_dim_both"/>
    <testcase time="0.00100000000020373" classname="ds.dim_smk" name="simple_dim_both"/>
    <testcase time="0.000999999999748979" classname="ds.dim_smk" name="simple_dim_both"/>
    <testcase time="0.00199999999995271" classname="ds.dim_smk" name="simple_dim_both"/>
    <testcase time="0.00100000000020373" classname="ds.dim_smk" name="simple_dim_both"/>
    <testcase time="0.000999999999748979" classname="ds.dim_smk" name="simple_dim_both"/>
    <testcase time="0.00100000000020373" classname="ds.dim_smk" name="simple_dim_both"/>
    <testcase time="0.00100000000020373" classname="ds.dim_smk" name="simple_dim_both"/>
    <testcase time="0.000999999999748979" classname="ds.dim_smk" name="simple_dim_both"/>
    <testcase time="0.00199999999995271" classname="ds.dim_smk" name="simple_dim_both"/>
    <testcase time="0.00100000000020373" classname="ds.dim_smk" name="simple_dim_both"/>
    <testcase time="0.000999999999748979" classname="ds.dim_smk" name="simple_dim_both"/>
    <testcase time="0.00100000000020373" classname="ds.dim_smk" name="simple_dim_both"/>
  </testsuite>
  <testsuite name="ds.dim::smk" timestamp="2020-07-06T23:49:38Z" hostname="fv-az14" tests="10" skipped="0" failures="0" errors="0" time="0.282">
    <testcase time="0.270999999999731" classname="ds.dim_smk" name="simple_dim_split"/>
    <testcase time="0.00100000000020373" classname="ds.dim_smk" name="simple_dim_split"/>
    <testcase time="0.00199999999995271" classname="ds.dim_smk" name="simple_dim_split"/>
    <testcase time="0.00100000000020373" classname="ds.dim_smk" name="simple_dim_split"/>
    <testcase time="0.000999999999748979" classname="ds.dim_smk" name="simple_dim_split"/>
    <testcase time="0.00100000000020373" classname="ds.dim_smk" name="simple_dim_split"/>
    <testcase time="0.000999999999748979" classname="ds.dim_smk" name="simple_dim_split"/>
    <testcase time="0.00100000000020373" classname="ds.dim_smk" name="simple_dim_split"/>
    <testcase time="0.00199999999995271" classname="ds.dim_smk" name="simple_dim_split"/>
    <testcase time="0.000999999999748979" classname="ds.dim_smk" name="simple_dim_split"/>
  </testsuite>
  <testsuite name="ds.dim::smk" timestamp="2020-07-06T23:49:38Z" hostname="fv-az14" tests="4" skipped="0" failures="0" errors="0" time="0.272">
    <testcase time="0.269000000000233" classname="ds.dim_smk" name="simple_dim_combine"/>
    <testcase time="0.00100000000020373" classname="ds.dim_smk" name="simple_dim_combine"/>
    <testcase time="0.000999999999748979" classname="ds.dim_smk" name="simple_dim_combine"/>
    <testcase time="0.00100000000020373" classname="ds.dim_smk" name="simple_dim_combine"/>
  </testsuite>
  <testsuite name="ds.dim::smk::shutdown" timestamp="2020-07-06T23:49:38Z" hostname="fv-az14" tests="3" skipped="0" failures="0" errors="0" time="0.275">
    <testcase time="0.271999999999935" classname="ds.dim_smk_shutdown" name="shutdown"/>
    <testcase time="0.00199999999995271" classname="ds.dim_smk_shutdown" name="shutdown"/>
    <testcase time="0.000999999999748979" classname="ds.dim_smk_shutdown" name="shutdown"/>
  </testsuite>
  <testsuite name="ds.dim::smk::done" timestamp="2020-07-06T23:49:39Z" hostname="fv-az14" tests="0" skipped="0" failures="0" errors="0" time="0"/>
  <testsuite name="ds.exists::smk::setup" timestamp="2020-07-06T23:49:39Z" hostname="fv-az14" tests="3" skipped="0" failures="0" errors="0" time="5.104">
    <testcase time="5.10200000000032" classname="ds.exists_smk_setup" name="setup"/>
    <testcase time="0.000999999999748979" classname="ds.exists_smk_setup" name="setup"/>
    <testcase time="0.00100000000020373" classname="ds.exists_smk_setup" name="setup"/>
  </testsuite>
  <testsuite name="ds.exists::smk" timestamp="2020-07-06T23:49:44Z" hostname="fv-az14" tests="7" skipped="0" failures="0" errors="0" time="0.276">
    <testcase time="0.268999999999778" classname="ds.exists_smk" name="simple_exists"/>
    <testcase time="0.00100000000020373" classname="ds.exists_smk" name="simple_exists"/>
    <testcase time="0.00199999999995271" classname="ds.exists_smk" name="simple_exists"/>
    <testcase time="0.00100000000020373" classname="ds.exists_smk" name="simple_exists"/>
    <testcase time="0.000999999999748979" classname="ds.exists_smk" name="simple_exists"/>
    <testcase time="0.00100000000020373" classname="ds.exists_smk" name="simple_exists"/>
    <testcase time="0.000999999999748979" classname="ds.exists_smk" name="simple_exists"/>
  </testsuite>
  <testsuite name="ds.exists::smk" timestamp="2020-07-06T23:49:44Z" hostname="fv-az14" tests="7" skipped="0" failures="0" errors="0" time="0.272">
    <testcase time="0.264999999999873" classname="ds.exists_smk" name="simple_exists_with_dollar"/>
    <testcase time="0.00100000000020373" classname="ds.exists_smk" name="simple_exists_with_dollar"/>
    <testcase time="0.00199999999995271" classname="ds.exists_smk" name="simple_exists_with_dollar"/>
    <testcase time="0.00100000000020373" classname="ds.exists_smk" name="simple_exists_with_dollar"/>
    <testcase time="0.000999999999748979" classname="ds.exists_smk" name="simple_exists_with_dollar"/>
    <testcase time="0.00100000000020373" classname="ds.exists_smk" name="simple_exists_with_dollar"/>
    <testcase time="0.000999999999748979" classname="ds.exists_smk" name="simple_exists_with_dollar"/>
  </testsuite>
  <testsuite name="ds.exists::smk" timestamp="2020-07-06T23:49:44Z" hostname="fv-az14" tests="7" skipped="0" failures="0" errors="0" time="0.796">
    <testcase time="0.789000000000215" classname="ds.exists_smk" name="simple_exists"/>
    <testcase time="0.000999999999748979" classname="ds.exists_smk" name="simple_exists"/>
    <testcase time="0.00200000000040745" classname="ds.exists_smk" name="simple_exists"/>
    <testcase time="0.000999999999748979" classname="ds.exists_smk" name="simple_exists"/>
    <testcase time="0.00100000000020373" classname="ds.exists_smk" name="simple_exists"/>
    <testcase time="0.000999999999748979" classname="ds.exists_smk" name="simple_exists"/>
    <testcase time="0.00100000000020373" classname="ds.exists_smk" name="simple_exists"/>
  </testsuite>
  <testsuite name="ds.exists::smk::shutdown" timestamp="2020-07-06T23:49:45Z" hostname="fv-az14" tests="3" skipped="0" failures="0" errors="0" time="0.267">
    <testcase time="0.264999999999873" classname="ds.exists_smk_shutdown" name="shutdown"/>
    <testcase time="0.00100000000020373" classname="ds.exists_smk_shutdown" name="shutdown"/>
    <testcase time="0.000999999999748979" classname="ds.exists_smk_shutdown" name="shutdown"/>
  </testsuite>
  <testsuite name="ds.exists::smk::done" timestamp="2020-07-06T23:49:46Z" hostname="fv-az14" tests="0" skipped="0" failures="0" errors="0" time="0"/>
  <testsuite name="ds.exp::smk::setup" timestamp="2020-07-06T23:49:46Z" hostname="fv-az14" tests="3" skipped="0" failures="0" errors="0" time="5.127">
    <testcase time="5.125" classname="ds.exp_smk_setup" name="setup"/>
    <testcase time="0.00100000000020373" classname="ds.exp_smk_setup" name="setup"/>
    <testcase time="0.000999999999748979" classname="ds.exp_smk_setup" name="setup"/>
  </testsuite>
  <testsuite name="ds.exp::smk" timestamp="2020-07-06T23:49:51Z" hostname="fv-az14" tests="30" skipped="0" failures="0" errors="0" time="5.263">
    <testcase time="1.47200000000021" classname="ds.exp_smk" name="simple_exp"/>
    <testcase time="0.26299999999992" classname="ds.exp_smk" name="simple_exp"/>
    <testcase time="0.00199999999995271" classname="ds.exp_smk" name="simple_exp"/>
    <testcase time="0.00100000000020373" classname="ds.exp_smk" name="simple_exp"/>
    <testcase time="0.000999999999748979" classname="ds.exp_smk" name="simple_exp"/>
    <testcase time="0.00100000000020373" classname="ds.exp_smk" name="simple_exp"/>
    <testcase time="0.000999999999748979" classname="ds.exp_smk" name="simple_exp"/>
    <testcase time="0.00100000000020373" classname="ds.exp_smk" name="simple_exp"/>
    <testcase time="0.51299999999992" classname="ds.exp_smk" name="simple_exp"/>
    <testcase time="0.00100000000020373" classname="ds.exp_smk" name="simple_exp"/>
    <testcase time="0.00199999999995271" classname="ds.exp_smk" name="simple_exp"/>
    <testcase time="0.000999999999748979" classname="ds.exp_smk" name="simple_exp"/>
    <testcase time="0.00100000000020373" classname="ds.exp_smk" name="simple_exp"/>
    <testcase time="0.000999999999748979" classname="ds.exp_smk" name="simple_exp"/>
    <testcase time="0.00199999999995271" classname="ds.exp_smk" name="simple_exp"/>
    <testcase time="2.21500000000015" classname="ds.exp_smk" name="simple_exp"/>
    <testcase time="0.257999999999811" classname="ds.exp_smk" name="simple_exp"/>
    <testcase time="0.00100000000020373" classname="ds.exp_smk" name="simple_exp"/>
    <testcase time="0.00100000000020373" classname="ds.exp_smk" name="simple_exp"/>
    <testcase time="0.00199999999995271" classname="ds.exp_smk" name="simple_exp"/>
    <testcase time="0.000999999999748979" classname="ds.exp_smk" name="simple_exp"/>
    <testcase time="0.00100000000020373" classname="ds.exp_smk" name="simple_exp"/>
    <testcase time="0.00100000000020373" classname="ds.exp_smk" name="simple_exp"/>
    <testcase time="0.510999999999967" classname="ds.exp_smk" name="simple_exp"/>
    <testcase time="0.00199999999995271" classname="ds.exp_smk" name="simple_exp"/>
    <testcase time="0.00100000000020373" classname="ds.exp_smk" name="simple_exp"/>
    <testcase time="0.00199999999995271" classname="ds.exp_smk" name="simple_exp"/>
    <testcase time="0.000999999999748979" classname="ds.exp_smk" name="simple_exp"/>
    <testcase time="0.00199999999995271" classname="ds.exp_smk" name="simple_exp"/>
    <testcase time="0.00100000000020373" classname="ds.exp_smk" name="simple_exp"/>
  </testsuite>
  <testsuite name="ds.exp::smk::shutdown" timestamp="2020-07-06T23:49:56Z" hostname="fv-az14" tests="3" skipped="0" failures="0" errors="0" time="0.273">
    <testcase time="0.271000000000186" classname="ds.exp_smk_shutdown" name="shutdown"/>
    <testcase time="0.000999999999748979" classname="ds.exp_smk_shutdown" name="shutdown"/>
    <testcase time="0.00100000000020373" classname="ds.exp_smk_shutdown" name="shutdown"/>
  </testsuite>
  <testsuite name="ds.exp::smk::done" timestamp="2020-07-06T23:49:57Z" hostname="fv-az14" tests="0" skipped="0" failures="0" errors="0" time="0"/>
  <testsuite name="ds.glm::smk::binomial::setup" timestamp="2020-07-06T23:49:57Z" hostname="fv-az14" tests="3" skipped="0" failures="0" errors="0" time="5.145">
    <testcase time="5.14300000000003" classname="ds.glm_smk_binomial_setup" name="setup"/>
    <testcase time="0.000999999999748979" classname="ds.glm_smk_binomial_setup" name="setup"/>
    <testcase time="0.00100000000020373" classname="ds.glm_smk_binomial_setup" name="setup"/>
  </testsuite>
  <testsuite name="ds.glm::smk::binomial" timestamp="2020-07-06T23:50:01Z" hostname="fv-az14" tests="20" skipped="0" failures="0" errors="0" time="2.505">
    <testcase time="2.48099999999977" classname="ds.glm_smk_binomial" name="glm_binomial"/>
    <testcase time="0.00100000000020373" classname="ds.glm_smk_binomial" name="glm_binomial"/>
    <testcase time="0.00199999999995271" classname="ds.glm_smk_binomial" name="glm_binomial"/>
    <testcase time="0.000999999999748979" classname="ds.glm_smk_binomial" name="glm_binomial"/>
    <testcase time="0.00100000000020373" classname="ds.glm_smk_binomial" name="glm_binomial"/>
    <testcase time="0.00100000000020373" classname="ds.glm_smk_binomial" name="glm_binomial"/>
    <testcase time="0.000999999999748979" classname="ds.glm_smk_binomial" name="glm_binomial"/>
    <testcase time="0.00100000000020373" classname="ds.glm_smk_binomial" name="glm_binomial"/>
    <testcase time="0.000999999999748979" classname="ds.glm_smk_binomial" name="glm_binomial"/>
    <testcase time="0.00199999999995271" classname="ds.glm_smk_binomial" name="glm_binomial"/>
    <testcase time="0.00100000000020373" classname="ds.glm_smk_binomial" name="glm_binomial"/>
    <testcase time="0.000999999999748979" classname="ds.glm_smk_binomial" name="glm_binomial"/>
    <testcase time="0.00100000000020373" classname="ds.glm_smk_binomial" name="glm_binomial"/>
    <testcase time="0.00199999999995271" classname="ds.glm_smk_binomial" name="glm_binomial"/>
    <testcase time="0.00100000000020373" classname="ds.glm_smk_binomial" name="glm_binomial"/>
    <testcase time="0.000999999999748979" classname="ds.glm_smk_binomial" name="glm_binomial"/>
    <testcase time="0.00199999999995271" classname="ds.glm_smk_binomial" name="glm_binomial"/>
    <testcase time="0.00100000000020373" classname="ds.glm_smk_binomial" name="glm_binomial"/>
    <testcase time="0.000999999999748979" classname="ds.glm_smk_binomial" name="glm_binomial"/>
    <testcase time="0.00199999999995271" classname="ds.glm_smk_binomial" name="glm_binomial"/>
  </testsuite>
  <testsuite name="ds.glm::smk::binomial, with check" timestamp="2020-07-06T23:50:04Z" hostname="fv-az14" tests="21" skipped="0" failures="0" errors="0" time="8.333">
    <testcase time="8.30700000000024" classname="ds.glm_smk_binomial_with_check" name="glm_binomial_with_check"/>
    <testcase time="0.000999999999748979" classname="ds.glm_smk_binomial_with_check" name="glm_binomial_with_check"/>
    <testcase time="0.00100000000020373" classname="ds.glm_smk_binomial_with_check" name="glm_binomial_with_check"/>
    <testcase time="0.00100000000020373" classname="ds.glm_smk_binomial_with_check" name="glm_binomial_with_check"/>
    <testcase time="0.00199999999995271" classname="ds.glm_smk_binomial_with_check" name="glm_binomial_with_check"/>
    <testcase time="0.000999999999748979" classname="ds.glm_smk_binomial_with_check" name="glm_binomial_with_check"/>
    <testcase time="0.00100000000020373" classname="ds.glm_smk_binomial_with_check" name="glm_binomial_with_check"/>
    <testcase time="0.000999999999748979" classname="ds.glm_smk_binomial_with_check" name="glm_binomial_with_check"/>
    <testcase time="0.00100000000020373" classname="ds.glm_smk_binomial_with_check" name="glm_binomial_with_check"/>
    <testcase time="0.00199999999995271" classname="ds.glm_smk_binomial_with_check" name="glm_binomial_with_check"/>
    <testcase time="0.00100000000020373" classname="ds.glm_smk_binomial_with_check" name="glm_binomial_with_check"/>
    <testcase time="0.000999999999748979" classname="ds.glm_smk_binomial_with_check" name="glm_binomial_with_check"/>
    <testcase time="0.00100000000020373" classname="ds.glm_smk_binomial_with_check" name="glm_binomial_with_check"/>
    <testcase time="0.00199999999995271" classname="ds.glm_smk_binomial_with_check" name="glm_binomial_with_check"/>
    <testcase time="0.000999999999748979" classname="ds.glm_smk_binomial_with_check" name="glm_binomial_with_check"/>
    <testcase time="0.00100000000020373" classname="ds.glm_smk_binomial_with_check" name="glm_binomial_with_check"/>
    <testcase time="0.00199999999995271" classname="ds.glm_smk_binomial_with_check" name="glm_binomial_with_check"/>
    <testcase time="0.000999999999748979" classname="ds.glm_smk_binomial_with_check" name="glm_binomial_with_check"/>
    <testcase time="0.00200000000040745" classname="ds.glm_smk_binomial_with_check" name="glm_binomial_with_check"/>
    <testcase time="0.000999999999748979" classname="ds.glm_smk_binomial_with_check" name="glm_binomial_with_check"/>
    <testcase time="0.00199999999995271" classname="ds.glm_smk_binomial_with_check" name="glm_binomial_with_check"/>
  </testsuite>
  <testsuite name="ds.glm::smk::binomial::shutdown" timestamp="2020-07-06T23:50:12Z" hostname="fv-az14" tests="3" skipped="0" failures="0" errors="0" time="0.273">
    <testcase time="0.271000000000186" classname="ds.glm_smk_binomial_shutdown" name="shutdown"/>
    <testcase time="0.000999999999748979" classname="ds.glm_smk_binomial_shutdown" name="shutdown"/>
    <testcase time="0.00100000000020373" classname="ds.glm_smk_binomial_shutdown" name="shutdown"/>
  </testsuite>
  <testsuite name="ds.glm::smk::binomial::done" timestamp="2020-07-06T23:50:13Z" hostname="fv-az14" tests="0" skipped="0" failures="0" errors="0" time="0"/>
  <testsuite name="ds.glmerSLMA::smk::setup - phase 1" timestamp="2020-07-06T23:50:13Z" hostname="fv-az14" tests="3" skipped="0" failures="0" errors="0" time="5.081">
    <testcase time="5.07900000000018" classname="ds.glmerSLMA_smk_setup_phase_1" name="setup"/>
    <testcase time="0.000999999999748979" classname="ds.glmerSLMA_smk_setup_phase_1" name="setup"/>
    <testcase time="0.00100000000020373" classname="ds.glmerSLMA_smk_setup_phase_1" name="setup"/>
  </testsuite>
  <testsuite name="ds.glmerSLMA::smk::phase 1" timestamp="2020-07-06T23:50:17Z" hostname="fv-az14" tests="14" skipped="0" failures="0" errors="0" time="17.705">
    <testcase time="2.48799999999983" classname="ds.glmerSLMA_smk_phase_1" name="simple_glmerSLMA_tesing_mis_use_of_arguments"/>
    <testcase time="0.673999999999978" classname="ds.glmerSLMA_smk_phase_1" name="simple_glmerSLMA_tesing_mis_use_of_arguments"/>
    <testcase time="0.00100000000020373" classname="ds.glmerSLMA_smk_phase_1" name="simple_glmerSLMA_tesing_mis_use_of_arguments"/>
    <testcase time="0.000999999999748979" classname="ds.glmerSLMA_smk_phase_1" name="simple_glmerSLMA_tesing_mis_use_of_arguments"/>
    <testcase time="0.00100000000020373" classname="ds.glmerSLMA_smk_phase_1" name="simple_glmerSLMA_tesing_mis_use_of_arguments"/>
    <testcase time="0.000999999999748979" classname="ds.glmerSLMA_smk_phase_1" name="simple_glmerSLMA_tesing_mis_use_of_arguments"/>
    <testcase time="1.81600000000026" classname="ds.glmerSLMA_smk_phase_1" name="simple_glmerSLMA_tesing_mis_use_of_arguments"/>
    <testcase time="6.52299999999968" classname="ds.glmerSLMA_smk_phase_1" name="test_offsets_and_weights"/>
    <testcase time="0.952999999999975" classname="ds.glmerSLMA_smk_phase_1" name="test_offsets_and_weights"/>
    <testcase time="0.971000000000004" classname="ds.glmerSLMA_smk_phase_1" name="test_offsets_and_weights"/>
    <testcase time="0.94800000000032" classname="ds.glmerSLMA_smk_phase_1" name="test_offsets_and_weights"/>
    <testcase time="1.20199999999977" classname="ds.glmerSLMA_smk_phase_1" name="alternative_formulae_for_nested_groups"/>
    <testcase time="1.18900000000031" classname="ds.glmerSLMA_smk_phase_1" name="alternative_formulae_for_nested_groups"/>
    <testcase time="0.936999999999898" classname="ds.glmerSLMA_smk_phase_1" name="simple_glmerSLMA"/>
  </testsuite>
  <testsuite name="ds.glmerSLMA::smk::shutdown - phase 1" timestamp="2020-07-06T23:50:35Z" hostname="fv-az14" tests="3" skipped="0" failures="0" errors="0" time="0.271">
    <testcase time="0.268000000000029" classname="ds.glmerSLMA_smk_shutdown_phase_1" name="setup"/>
    <testcase time="0.00199999999995271" classname="ds.glmerSLMA_smk_shutdown_phase_1" name="setup"/>
    <testcase time="0.000999999999748979" classname="ds.glmerSLMA_smk_shutdown_phase_1" name="setup"/>
  </testsuite>
  <testsuite name="ds.glmerSLMA::smk::setup - phase 2" timestamp="2020-07-06T23:50:36Z" hostname="fv-az14" tests="3" skipped="0" failures="0" errors="0" time="5.309">
    <testcase time="5.30700000000024" classname="ds.glmerSLMA_smk_setup_phase_2" name="setup"/>
    <testcase time="0.000999999999748979" classname="ds.glmerSLMA_smk_setup_phase_2" name="setup"/>
    <testcase time="0.00100000000020373" classname="ds.glmerSLMA_smk_setup_phase_2" name="setup"/>
  </testsuite>
  <testsuite name="ds.glmerSLMA::smk::test - phase 2" timestamp="2020-07-06T23:50:41Z" hostname="fv-az14" tests="1" skipped="1" failures="0" errors="0" time="0.011">
    <testcase time="0.0109999999999673" classname="ds.glmerSLMA_smk_test_phase_2" name="check_slope_formulae">
      <skipped/>
    </testcase>
  </testsuite>
  <testsuite name="ds.glmerSLMA::smk::shutdown - phase 2" timestamp="2020-07-06T23:50:41Z" hostname="fv-az14" tests="3" skipped="0" failures="0" errors="0" time="0.267">
    <testcase time="0.264999999999873" classname="ds.glmerSLMA_smk_shutdown_phase_2" name="setup"/>
    <testcase time="0.00100000000020373" classname="ds.glmerSLMA_smk_shutdown_phase_2" name="setup"/>
    <testcase time="0.000999999999748979" classname="ds.glmerSLMA_smk_shutdown_phase_2" name="setup"/>
  </testsuite>
  <testsuite name="ds.glmerSLMA::smk::done" timestamp="2020-07-06T23:50:42Z" hostname="fv-az14" tests="0" skipped="0" failures="0" errors="0" time="0"/>
  <testsuite name="ds.glm::smk::gaussian::setup" timestamp="2020-07-06T23:50:42Z" hostname="fv-az14" tests="3" skipped="0" failures="0" errors="0" time="5.159">
    <testcase time="5.15700000000015" classname="ds.glm_smk_gaussian_setup" name="setup"/>
    <testcase time="0.00100000000020373" classname="ds.glm_smk_gaussian_setup" name="setup"/>
    <testcase time="0.000999999999748979" classname="ds.glm_smk_gaussian_setup" name="setup"/>
  </testsuite>
  <testsuite name="ds.glm::smk::gaussian" timestamp="2020-07-06T23:50:46Z" hostname="fv-az14" tests="20" skipped="0" failures="0" errors="0" time="1.092">
    <testcase time="1.06100000000015" classname="ds.glm_smk_gaussian" name="glm_gaussian"/>
    <testcase time="0.000999999999748979" classname="ds.glm_smk_gaussian" name="glm_gaussian"/>
    <testcase time="0.00100000000020373" classname="ds.glm_smk_gaussian" name="glm_gaussian"/>
    <testcase time="0.00100000000020373" classname="ds.glm_smk_gaussian" name="glm_gaussian"/>
    <testcase time="0.000999999999748979" classname="ds.glm_smk_gaussian" name="glm_gaussian"/>
    <testcase time="0.00199999999995271" classname="ds.glm_smk_gaussian" name="glm_gaussian"/>
    <testcase time="0.00100000000020373" classname="ds.glm_smk_gaussian" name="glm_gaussian"/>
    <testcase time="0.000999999999748979" classname="ds.glm_smk_gaussian" name="glm_gaussian"/>
    <testcase time="0.00100000000020373" classname="ds.glm_smk_gaussian" name="glm_gaussian"/>
    <testcase time="0.000999999999748979" classname="ds.glm_smk_gaussian" name="glm_gaussian"/>
    <testcase time="0.00200000000040745" classname="ds.glm_smk_gaussian" name="glm_gaussian"/>
    <testcase time="0.000999999999748979" classname="ds.glm_smk_gaussian" name="glm_gaussian"/>
    <testcase time="0.00100000000020373" classname="ds.glm_smk_gaussian" name="glm_gaussian"/>
    <testcase time="0.00199999999995271" classname="ds.glm_smk_gaussian" name="glm_gaussian"/>
    <testcase time="0.000999999999748979" classname="ds.glm_smk_gaussian" name="glm_gaussian"/>
    <testcase time="0.00100000000020373" classname="ds.glm_smk_gaussian" name="glm_gaussian"/>
    <testcase time="0.00199999999995271" classname="ds.glm_smk_gaussian" name="glm_gaussian"/>
    <testcase time="0.00799999999981083" classname="ds.glm_smk_gaussian" name="glm_gaussian"/>
    <testcase time="0.00100000000020373" classname="ds.glm_smk_gaussian" name="glm_gaussian"/>
    <testcase time="0.00199999999995271" classname="ds.glm_smk_gaussian" name="glm_gaussian"/>
  </testsuite>
  <testsuite name="ds.glm::smk::gaussian, with check" timestamp="2020-07-06T23:50:47Z" hostname="fv-az14" tests="21" skipped="0" failures="0" errors="0" time="4.162">
    <testcase time="4.13799999999992" classname="ds.glm_smk_gaussian_with_check" name="glm_gaussian_with_check"/>
    <testcase time="0.00100000000020373" classname="ds.glm_smk_gaussian_with_check" name="glm_gaussian_with_check"/>
    <testcase time="0.000999999999748979" classname="ds.glm_smk_gaussian_with_check" name="glm_gaussian_with_check"/>
    <testcase time="0.000999999999748979" classname="ds.glm_smk_gaussian_with_check" name="glm_gaussian_with_check"/>
    <testcase time="0.00100000000020373" classname="ds.glm_smk_gaussian_with_check" name="glm_gaussian_with_check"/>
    <testcase time="0.000999999999748979" classname="ds.glm_smk_gaussian_with_check" name="glm_gaussian_with_check"/>
    <testcase time="0.00100000000020373" classname="ds.glm_smk_gaussian_with_check" name="glm_gaussian_with_check"/>
    <testcase time="0.00100000000020373" classname="ds.glm_smk_gaussian_with_check" name="glm_gaussian_with_check"/>
    <testcase time="0.000999999999748979" classname="ds.glm_smk_gaussian_with_check" name="glm_gaussian_with_check"/>
    <testcase time="0.00199999999995271" classname="ds.glm_smk_gaussian_with_check" name="glm_gaussian_with_check"/>
    <testcase time="0.00100000000020373" classname="ds.glm_smk_gaussian_with_check" name="glm_gaussian_with_check"/>
    <testcase time="0.000999999999748979" classname="ds.glm_smk_gaussian_with_check" name="glm_gaussian_with_check"/>
    <testcase time="0.00100000000020373" classname="ds.glm_smk_gaussian_with_check" name="glm_gaussian_with_check"/>
    <testcase time="0.00199999999995271" classname="ds.glm_smk_gaussian_with_check" name="glm_gaussian_with_check"/>
    <testcase time="0.00100000000020373" classname="ds.glm_smk_gaussian_with_check" name="glm_gaussian_with_check"/>
    <testcase time="0.000999999999748979" classname="ds.glm_smk_gaussian_with_check" name="glm_gaussian_with_check"/>
    <testcase time="0.00100000000020373" classname="ds.glm_smk_gaussian_with_check" name="glm_gaussian_with_check"/>
    <testcase time="0.00199999999995271" classname="ds.glm_smk_gaussian_with_check" name="glm_gaussian_with_check"/>
    <testcase time="0.000999999999748979" classname="ds.glm_smk_gaussian_with_check" name="glm_gaussian_with_check"/>
    <testcase time="0.00100000000020373" classname="ds.glm_smk_gaussian_with_check" name="glm_gaussian_with_check"/>
    <testcase time="0.00199999999995271" classname="ds.glm_smk_gaussian_with_check" name="glm_gaussian_with_check"/>
  </testsuite>
  <testsuite name="ds.glm::smk::gaussian::shutdown" timestamp="2020-07-06T23:50:51Z" hostname="fv-az14" tests="3" skipped="0" failures="0" errors="0" time="0.267">
    <testcase time="0.264999999999873" classname="ds.glm_smk_gaussian_shutdown" name="shutdown"/>
    <testcase time="0.00100000000020373" classname="ds.glm_smk_gaussian_shutdown" name="shutdown"/>
    <testcase time="0.000999999999748979" classname="ds.glm_smk_gaussian_shutdown" name="shutdown"/>
  </testsuite>
  <testsuite name="ds.glm::smk::gaussian::done" timestamp="2020-07-06T23:50:52Z" hostname="fv-az14" tests="0" skipped="0" failures="0" errors="0" time="0"/>
  <testsuite name="ds.glm::smk::poisson::setup" timestamp="2020-07-06T23:50:52Z" hostname="fv-az14" tests="3" skipped="0" failures="0" errors="0" time="5.104">
    <testcase time="5.10200000000032" classname="ds.glm_smk_poisson_setup" name="setup"/>
    <testcase time="0.000999999999748979" classname="ds.glm_smk_poisson_setup" name="setup"/>
    <testcase time="0.00100000000020373" classname="ds.glm_smk_poisson_setup" name="setup"/>
  </testsuite>
  <testsuite name="ds.glm::smk::poisson" timestamp="2020-07-06T23:50:57Z" hostname="fv-az14" tests="20" skipped="0" failures="0" errors="0" time="2.038">
    <testcase time="2.01499999999987" classname="ds.glm_smk_poisson" name="glm_gaussian"/>
    <testcase time="0.00100000000020373" classname="ds.glm_smk_poisson" name="glm_gaussian"/>
    <testcase time="0.000999999999748979" classname="ds.glm_smk_poisson" name="glm_gaussian"/>
    <testcase time="0.00100000000020373" classname="ds.glm_smk_poisson" name="glm_gaussian"/>
    <testcase time="0.000999999999748979" classname="ds.glm_smk_poisson" name="glm_gaussian"/>
    <testcase time="0.00100000000020373" classname="ds.glm_smk_poisson" name="glm_gaussian"/>
    <testcase time="0.00199999999995271" classname="ds.glm_smk_poisson" name="glm_gaussian"/>
    <testcase time="0.000999999999748979" classname="ds.glm_smk_poisson" name="glm_gaussian"/>
    <testcase time="0.00100000000020373" classname="ds.glm_smk_poisson" name="glm_gaussian"/>
    <testcase time="0.00100000000020373" classname="ds.glm_smk_poisson" name="glm_gaussian"/>
    <testcase time="0.000999999999748979" classname="ds.glm_smk_poisson" name="glm_gaussian"/>
    <testcase time="0.00199999999995271" classname="ds.glm_smk_poisson" name="glm_gaussian"/>
    <testcase time="0.00100000000020373" classname="ds.glm_smk_poisson" name="glm_gaussian"/>
    <testcase time="0.000999999999748979" classname="ds.glm_smk_poisson" name="glm_gaussian"/>
    <testcase time="0.00100000000020373" classname="ds.glm_smk_poisson" name="glm_gaussian"/>
    <testcase time="0.00199999999995271" classname="ds.glm_smk_poisson" name="glm_gaussian"/>
    <testcase time="0.00100000000020373" classname="ds.glm_smk_poisson" name="glm_gaussian"/>
    <testcase time="0.000999999999748979" classname="ds.glm_smk_poisson" name="glm_gaussian"/>
    <testcase time="0.00199999999995271" classname="ds.glm_smk_poisson" name="glm_gaussian"/>
    <testcase time="0.00100000000020373" classname="ds.glm_smk_poisson" name="glm_gaussian"/>
  </testsuite>
  <testsuite name="ds.glm::smk::poisson, with check" timestamp="2020-07-06T23:50:59Z" hostname="fv-az14" tests="21" skipped="0" failures="0" errors="0" time="6.356">
    <testcase time="6.33199999999988" classname="ds.glm_smk_poisson_with_check" name="glm_gaussian_which_check"/>
    <testcase time="0.00100000000020373" classname="ds.glm_smk_poisson_with_check" name="glm_gaussian_which_check"/>
    <testcase time="0.000999999999748979" classname="ds.glm_smk_poisson_with_check" name="glm_gaussian_which_check"/>
    <testcase time="0.00100000000020373" classname="ds.glm_smk_poisson_with_check" name="glm_gaussian_which_check"/>
    <testcase time="0.00199999999995271" classname="ds.glm_smk_poisson_with_check" name="glm_gaussian_which_check"/>
    <testcase time="0.000999999999748979" classname="ds.glm_smk_poisson_with_check" name="glm_gaussian_which_check"/>
    <testcase time="0.00100000000020373" classname="ds.glm_smk_poisson_with_check" name="glm_gaussian_which_check"/>
    <testcase time="0.000999999999748979" classname="ds.glm_smk_poisson_with_check" name="glm_gaussian_which_check"/>
    <testcase time="0.00100000000020373" classname="ds.glm_smk_poisson_with_check" name="glm_gaussian_which_check"/>
    <testcase time="0.00100000000020373" classname="ds.glm_smk_poisson_with_check" name="glm_gaussian_which_check"/>
    <testcase time="0.000999999999748979" classname="ds.glm_smk_poisson_with_check" name="glm_gaussian_which_check"/>
    <testcase time="0.000999999999748979" classname="ds.glm_smk_poisson_with_check" name="glm_gaussian_which_check"/>
    <testcase time="0.00100000000020373" classname="ds.glm_smk_poisson_with_check" name="glm_gaussian_which_check"/>
    <testcase time="0.000999999999748979" classname="ds.glm_smk_poisson_with_check" name="glm_gaussian_which_check"/>
    <testcase time="0.00199999999995271" classname="ds.glm_smk_poisson_with_check" name="glm_gaussian_which_check"/>
    <testcase time="0.00100000000020373" classname="ds.glm_smk_poisson_with_check" name="glm_gaussian_which_check"/>
    <testcase time="0.000999999999748979" classname="ds.glm_smk_poisson_with_check" name="glm_gaussian_which_check"/>
    <testcase time="0.00100000000020373" classname="ds.glm_smk_poisson_with_check" name="glm_gaussian_which_check"/>
    <testcase time="0.00199999999995271" classname="ds.glm_smk_poisson_with_check" name="glm_gaussian_which_check"/>
    <testcase time="0.00100000000020373" classname="ds.glm_smk_poisson_with_check" name="glm_gaussian_which_check"/>
    <testcase time="0.00199999999995271" classname="ds.glm_smk_poisson_with_check" name="glm_gaussian_which_check"/>
  </testsuite>
  <testsuite name="ds.glm::smk::poisson::shutdown" timestamp="2020-07-06T23:51:05Z" hostname="fv-az14" tests="3" skipped="0" failures="0" errors="0" time="0.269">
    <testcase time="0.266999999999825" classname="ds.glm_smk_poisson_shutdown" name="shutdown"/>
    <testcase time="0.00100000000020373" classname="ds.glm_smk_poisson_shutdown" name="shutdown"/>
    <testcase time="0.000999999999748979" classname="ds.glm_smk_poisson_shutdown" name="shutdown"/>
  </testsuite>
  <testsuite name="ds.glm::smk::poisson::done" timestamp="2020-07-06T23:51:06Z" hostname="fv-az14" tests="0" skipped="0" failures="0" errors="0" time="0"/>
  <testsuite name="ds.glmSLMA::smk::setup" timestamp="2020-07-06T23:51:06Z" hostname="fv-az14" tests="3" skipped="0" failures="0" errors="0" time="5.157">
    <testcase time="5.154" classname="ds.glmSLMA_smk_setup" name="setup"/>
    <testcase time="0.00199999999995271" classname="ds.glmSLMA_smk_setup" name="setup"/>
    <testcase time="0.00100000000020373" classname="ds.glmSLMA_smk_setup" name="setup"/>
  </testsuite>
  <testsuite name="ds.glmSLMA::smk::gaussian" timestamp="2020-07-06T23:51:11Z" hostname="fv-az14" tests="43" skipped="0" failures="0" errors="0" time="0.841">
    <testcase time="0.773000000000138" classname="ds.glmSLMA_smk_gaussian" name="simple_glmSLMA_gaussian"/>
    <testcase time="0.000999999999748979" classname="ds.glmSLMA_smk_gaussian" name="simple_glmSLMA_gaussian"/>
    <testcase time="0.00199999999995271" classname="ds.glmSLMA_smk_gaussian" name="simple_glmSLMA_gaussian"/>
    <testcase time="0.00100000000020373" classname="ds.glmSLMA_smk_gaussian" name="simple_glmSLMA_gaussian"/>
    <testcase time="0.000999999999748979" classname="ds.glmSLMA_smk_gaussian" name="simple_glmSLMA_gaussian"/>
    <testcase time="0.00100000000020373" classname="ds.glmSLMA_smk_gaussian" name="simple_glmSLMA_gaussian"/>
    <testcase time="0.00100000000020373" classname="ds.glmSLMA_smk_gaussian" name="simple_glmSLMA_gaussian"/>
    <testcase time="0.000999999999748979" classname="ds.glmSLMA_smk_gaussian" name="simple_glmSLMA_gaussian"/>
    <testcase time="0.00100000000020373" classname="ds.glmSLMA_smk_gaussian" name="simple_glmSLMA_gaussian"/>
    <testcase time="0.000999999999748979" classname="ds.glmSLMA_smk_gaussian" name="simple_glmSLMA_gaussian"/>
    <testcase time="0.00199999999995271" classname="ds.glmSLMA_smk_gaussian" name="simple_glmSLMA_gaussian"/>
    <testcase time="0.00100000000020373" classname="ds.glmSLMA_smk_gaussian" name="simple_glmSLMA_gaussian"/>
    <testcase time="0.000999999999748979" classname="ds.glmSLMA_smk_gaussian" name="simple_glmSLMA_gaussian"/>
    <testcase time="0.00199999999995271" classname="ds.glmSLMA_smk_gaussian" name="simple_glmSLMA_gaussian"/>
    <testcase time="0.00100000000020373" classname="ds.glmSLMA_smk_gaussian" name="simple_glmSLMA_gaussian"/>
    <testcase time="0.00100000000020373" classname="ds.glmSLMA_smk_gaussian" name="simple_glmSLMA_gaussian"/>
    <testcase time="0.00199999999995271" classname="ds.glmSLMA_smk_gaussian" name="simple_glmSLMA_gaussian"/>
    <testcase time="0.000999999999748979" classname="ds.glmSLMA_smk_gaussian" name="simple_glmSLMA_gaussian"/>
    <testcase time="0.00199999999995271" classname="ds.glmSLMA_smk_gaussian" name="simple_glmSLMA_gaussian"/>
    <testcase time="0.00100000000020373" classname="ds.glmSLMA_smk_gaussian" name="simple_glmSLMA_gaussian"/>
    <testcase time="0.000999999999748979" classname="ds.glmSLMA_smk_gaussian" name="simple_glmSLMA_gaussian"/>
    <testcase time="0.00200000000040745" classname="ds.glmSLMA_smk_gaussian" name="simple_glmSLMA_gaussian"/>
    <testcase time="0.000999999999748979" classname="ds.glmSLMA_smk_gaussian" name="simple_glmSLMA_gaussian"/>
    <testcase time="0.00199999999995271" classname="ds.glmSLMA_smk_gaussian" name="simple_glmSLMA_gaussian"/>
    <testcase time="0.00100000000020373" classname="ds.glmSLMA_smk_gaussian" name="simple_glmSLMA_gaussian"/>
    <testcase time="0.00199999999995271" classname="ds.glmSLMA_smk_gaussian" name="simple_glmSLMA_gaussian"/>
    <testcase time="0.000999999999748979" classname="ds.glmSLMA_smk_gaussian" name="simple_glmSLMA_gaussian"/>
    <testcase time="0.00200000000040745" classname="ds.glmSLMA_smk_gaussian" name="simple_glmSLMA_gaussian"/>
    <testcase time="0.00199999999995271" classname="ds.glmSLMA_smk_gaussian" name="simple_glmSLMA_gaussian"/>
    <testcase time="0.000999999999748979" classname="ds.glmSLMA_smk_gaussian" name="simple_glmSLMA_gaussian"/>
    <testcase time="0.00199999999995271" classname="ds.glmSLMA_smk_gaussian" name="simple_glmSLMA_gaussian"/>
    <testcase time="0.00199999999995271" classname="ds.glmSLMA_smk_gaussian" name="simple_glmSLMA_gaussian"/>
    <testcase time="0.00100000000020373" classname="ds.glmSLMA_smk_gaussian" name="simple_glmSLMA_gaussian"/>
    <testcase time="0.00199999999995271" classname="ds.glmSLMA_smk_gaussian" name="simple_glmSLMA_gaussian"/>
    <testcase time="0.00199999999995271" classname="ds.glmSLMA_smk_gaussian" name="simple_glmSLMA_gaussian"/>
    <testcase time="0.00100000000020373" classname="ds.glmSLMA_smk_gaussian" name="simple_glmSLMA_gaussian"/>
    <testcase time="0.00900000000001455" classname="ds.glmSLMA_smk_gaussian" name="simple_glmSLMA_gaussian"/>
    <testcase time="0.00199999999995271" classname="ds.glmSLMA_smk_gaussian" name="simple_glmSLMA_gaussian"/>
    <testcase time="0.000999999999748979" classname="ds.glmSLMA_smk_gaussian" name="simple_glmSLMA_gaussian"/>
    <testcase time="0.00199999999995271" classname="ds.glmSLMA_smk_gaussian" name="simple_glmSLMA_gaussian"/>
    <testcase time="0.00200000000040745" classname="ds.glmSLMA_smk_gaussian" name="simple_glmSLMA_gaussian"/>
    <testcase time="0.00199999999995271" classname="ds.glmSLMA_smk_gaussian" name="simple_glmSLMA_gaussian"/>
    <testcase time="0.000999999999748979" classname="ds.glmSLMA_smk_gaussian" name="simple_glmSLMA_gaussian"/>
  </testsuite>
  <testsuite name="ds.glmSLMA::smk::binomial" timestamp="2020-07-06T23:51:11Z" hostname="fv-az14" tests="40" skipped="0" failures="0" errors="0" time="5.089">
    <testcase time="5.03600000000006" classname="ds.glmSLMA_smk_binomial" name="simple_glmSLMA_binomial"/>
    <testcase time="0.00199999999995271" classname="ds.glmSLMA_smk_binomial" name="simple_glmSLMA_binomial"/>
    <testcase time="0.00100000000020373" classname="ds.glmSLMA_smk_binomial" name="simple_glmSLMA_binomial"/>
    <testcase time="0.000999999999748979" classname="ds.glmSLMA_smk_binomial" name="simple_glmSLMA_binomial"/>
    <testcase time="0.00100000000020373" classname="ds.glmSLMA_smk_binomial" name="simple_glmSLMA_binomial"/>
    <testcase time="0.000999999999748979" classname="ds.glmSLMA_smk_binomial" name="simple_glmSLMA_binomial"/>
    <testcase time="0.00100000000020373" classname="ds.glmSLMA_smk_binomial" name="simple_glmSLMA_binomial"/>
    <testcase time="0.000999999999748979" classname="ds.glmSLMA_smk_binomial" name="simple_glmSLMA_binomial"/>
    <testcase time="0.00100000000020373" classname="ds.glmSLMA_smk_binomial" name="simple_glmSLMA_binomial"/>
    <testcase time="0.00100000000020373" classname="ds.glmSLMA_smk_binomial" name="simple_glmSLMA_binomial"/>
    <testcase time="0.00199999999995271" classname="ds.glmSLMA_smk_binomial" name="simple_glmSLMA_binomial"/>
    <testcase time="0.000999999999748979" classname="ds.glmSLMA_smk_binomial" name="simple_glmSLMA_binomial"/>
    <testcase time="0.00100000000020373" classname="ds.glmSLMA_smk_binomial" name="simple_glmSLMA_binomial"/>
    <testcase time="0.000999999999748979" classname="ds.glmSLMA_smk_binomial" name="simple_glmSLMA_binomial"/>
    <testcase time="0.00100000000020373" classname="ds.glmSLMA_smk_binomial" name="simple_glmSLMA_binomial"/>
    <testcase time="0.00199999999995271" classname="ds.glmSLMA_smk_binomial" name="simple_glmSLMA_binomial"/>
    <testcase time="0.00100000000020373" classname="ds.glmSLMA_smk_binomial" name="simple_glmSLMA_binomial"/>
    <testcase time="0.000999999999748979" classname="ds.glmSLMA_smk_binomial" name="simple_glmSLMA_binomial"/>
    <testcase time="0.00199999999995271" classname="ds.glmSLMA_smk_binomial" name="simple_glmSLMA_binomial"/>
    <testcase time="0.00100000000020373" classname="ds.glmSLMA_smk_binomial" name="simple_glmSLMA_binomial"/>
    <testcase time="0.000999999999748979" classname="ds.glmSLMA_smk_binomial" name="simple_glmSLMA_binomial"/>
    <testcase time="0.00199999999995271" classname="ds.glmSLMA_smk_binomial" name="simple_glmSLMA_binomial"/>
    <testcase time="0.00100000000020373" classname="ds.glmSLMA_smk_binomial" name="simple_glmSLMA_binomial"/>
    <testcase time="0.00100000000020373" classname="ds.glmSLMA_smk_binomial" name="simple_glmSLMA_binomial"/>
    <testcase time="0.00199999999995271" classname="ds.glmSLMA_smk_binomial" name="simple_glmSLMA_binomial"/>
    <testcase time="0.000999999999748979" classname="ds.glmSLMA_smk_binomial" name="simple_glmSLMA_binomial"/>
    <testcase time="0.00199999999995271" classname="ds.glmSLMA_smk_binomial" name="simple_glmSLMA_binomial"/>
    <testcase time="0.00100000000020373" classname="ds.glmSLMA_smk_binomial" name="simple_glmSLMA_binomial"/>
    <testcase time="0.00199999999995271" classname="ds.glmSLMA_smk_binomial" name="simple_glmSLMA_binomial"/>
    <testcase time="0.000999999999748979" classname="ds.glmSLMA_smk_binomial" name="simple_glmSLMA_binomial"/>
    <testcase time="0.00200000000040745" classname="ds.glmSLMA_smk_binomial" name="simple_glmSLMA_binomial"/>
    <testcase time="0.000999999999748979" classname="ds.glmSLMA_smk_binomial" name="simple_glmSLMA_binomial"/>
    <testcase time="0.00199999999995271" classname="ds.glmSLMA_smk_binomial" name="simple_glmSLMA_binomial"/>
    <testcase time="0.00100000000020373" classname="ds.glmSLMA_smk_binomial" name="simple_glmSLMA_binomial"/>
    <testcase time="0.00199999999995271" classname="ds.glmSLMA_smk_binomial" name="simple_glmSLMA_binomial"/>
    <testcase time="0.00199999999995271" classname="ds.glmSLMA_smk_binomial" name="simple_glmSLMA_binomial"/>
    <testcase time="0.00100000000020373" classname="ds.glmSLMA_smk_binomial" name="simple_glmSLMA_binomial"/>
    <testcase time="0.00199999999995271" classname="ds.glmSLMA_smk_binomial" name="simple_glmSLMA_binomial"/>
    <testcase time="0.00199999999995271" classname="ds.glmSLMA_smk_binomial" name="simple_glmSLMA_binomial"/>
    <testcase time="0.000999999999748979" classname="ds.glmSLMA_smk_binomial" name="simple_glmSLMA_binomial"/>
  </testsuite>
  <testsuite name="ds.glmSLMA::smk::poisson" timestamp="2020-07-06T23:51:17Z" hostname="fv-az14" tests="43" skipped="0" failures="0" errors="0" time="1.033">
    <testcase time="0.966000000000349" classname="ds.glmSLMA_smk_poisson" name="simple_glmSLMA_poisson"/>
    <testcase time="0.000999999999748979" classname="ds.glmSLMA_smk_poisson" name="simple_glmSLMA_poisson"/>
    <testcase time="0.000999999999748979" classname="ds.glmSLMA_smk_poisson" name="simple_glmSLMA_poisson"/>
    <testcase time="0.00100000000020373" classname="ds.glmSLMA_smk_poisson" name="simple_glmSLMA_poisson"/>
    <testcase time="0.000999999999748979" classname="ds.glmSLMA_smk_poisson" name="simple_glmSLMA_poisson"/>
    <testcase time="0.00100000000020373" classname="ds.glmSLMA_smk_poisson" name="simple_glmSLMA_poisson"/>
    <testcase time="0.000999999999748979" classname="ds.glmSLMA_smk_poisson" name="simple_glmSLMA_poisson"/>
    <testcase time="0.00100000000020373" classname="ds.glmSLMA_smk_poisson" name="simple_glmSLMA_poisson"/>
    <testcase time="0.00100000000020373" classname="ds.glmSLMA_smk_poisson" name="simple_glmSLMA_poisson"/>
    <testcase time="0.000999999999748979" classname="ds.glmSLMA_smk_poisson" name="simple_glmSLMA_poisson"/>
    <testcase time="0.00199999999995271" classname="ds.glmSLMA_smk_poisson" name="simple_glmSLMA_poisson"/>
    <testcase time="0.00100000000020373" classname="ds.glmSLMA_smk_poisson" name="simple_glmSLMA_poisson"/>
    <testcase time="0.000999999999748979" classname="ds.glmSLMA_smk_poisson" name="simple_glmSLMA_poisson"/>
    <testcase time="0.00199999999995271" classname="ds.glmSLMA_smk_poisson" name="simple_glmSLMA_poisson"/>
    <testcase time="0.00100000000020373" classname="ds.glmSLMA_smk_poisson" name="simple_glmSLMA_poisson"/>
    <testcase time="0.000999999999748979" classname="ds.glmSLMA_smk_poisson" name="simple_glmSLMA_poisson"/>
    <testcase time="0.00200000000040745" classname="ds.glmSLMA_smk_poisson" name="simple_glmSLMA_poisson"/>
    <testcase time="0.000999999999748979" classname="ds.glmSLMA_smk_poisson" name="simple_glmSLMA_poisson"/>
    <testcase time="0.00199999999995271" classname="ds.glmSLMA_smk_poisson" name="simple_glmSLMA_poisson"/>
    <testcase time="0.00100000000020373" classname="ds.glmSLMA_smk_poisson" name="simple_glmSLMA_poisson"/>
    <testcase time="0.00199999999995271" classname="ds.glmSLMA_smk_poisson" name="simple_glmSLMA_poisson"/>
    <testcase time="0.000999999999748979" classname="ds.glmSLMA_smk_poisson" name="simple_glmSLMA_poisson"/>
    <testcase time="0.00200000000040745" classname="ds.glmSLMA_smk_poisson" name="simple_glmSLMA_poisson"/>
    <testcase time="0.000999999999748979" classname="ds.glmSLMA_smk_poisson" name="simple_glmSLMA_poisson"/>
    <testcase time="0.00199999999995271" classname="ds.glmSLMA_smk_poisson" name="simple_glmSLMA_poisson"/>
    <testcase time="0.00100000000020373" classname="ds.glmSLMA_smk_poisson" name="simple_glmSLMA_poisson"/>
    <testcase time="0.00199999999995271" classname="ds.glmSLMA_smk_poisson" name="simple_glmSLMA_poisson"/>
    <testcase time="0.000999999999748979" classname="ds.glmSLMA_smk_poisson" name="simple_glmSLMA_poisson"/>
    <testcase time="0.00200000000040745" classname="ds.glmSLMA_smk_poisson" name="simple_glmSLMA_poisson"/>
    <testcase time="0.00199999999995271" classname="ds.glmSLMA_smk_poisson" name="simple_glmSLMA_poisson"/>
    <testcase time="0.00199999999995271" classname="ds.glmSLMA_smk_poisson" name="simple_glmSLMA_poisson"/>
    <testcase time="0.00799999999981083" classname="ds.glmSLMA_smk_poisson" name="simple_glmSLMA_poisson"/>
    <testcase time="0.00199999999995271" classname="ds.glmSLMA_smk_poisson" name="simple_glmSLMA_poisson"/>
    <testcase time="0.00100000000020373" classname="ds.glmSLMA_smk_poisson" name="simple_glmSLMA_poisson"/>
    <testcase time="0.00199999999995271" classname="ds.glmSLMA_smk_poisson" name="simple_glmSLMA_poisson"/>
    <testcase time="0.00199999999995271" classname="ds.glmSLMA_smk_poisson" name="simple_glmSLMA_poisson"/>
    <testcase time="0.00100000000020373" classname="ds.glmSLMA_smk_poisson" name="simple_glmSLMA_poisson"/>
    <testcase time="0.00199999999995271" classname="ds.glmSLMA_smk_poisson" name="simple_glmSLMA_poisson"/>
    <testcase time="0.00199999999995271" classname="ds.glmSLMA_smk_poisson" name="simple_glmSLMA_poisson"/>
    <testcase time="0.000999999999748979" classname="ds.glmSLMA_smk_poisson" name="simple_glmSLMA_poisson"/>
    <testcase time="0.000999999999748979" classname="ds.glmSLMA_smk_poisson" name="simple_glmSLMA_poisson"/>
    <testcase time="0.00200000000040745" classname="ds.glmSLMA_smk_poisson" name="simple_glmSLMA_poisson"/>
    <testcase time="0.00199999999995271" classname="ds.glmSLMA_smk_poisson" name="simple_glmSLMA_poisson"/>
  </testsuite>
  <testsuite name="ds.glmSLMA::smk::shutdown" timestamp="2020-07-06T23:51:18Z" hostname="fv-az14" tests="3" skipped="0" failures="0" errors="0" time="0.275">
    <testcase time="0.272999999999683" classname="ds.glmSLMA_smk_shutdown" name="shutdown"/>
    <testcase time="0.00100000000020373" classname="ds.glmSLMA_smk_shutdown" name="shutdown"/>
    <testcase time="0.000999999999748979" classname="ds.glmSLMA_smk_shutdown" name="shutdown"/>
  </testsuite>
  <testsuite name="ds.glmSLMA::smk::done" timestamp="2020-07-06T23:51:18Z" hostname="fv-az14" tests="0" skipped="0" failures="0" errors="0" time="0"/>
  <testsuite name="ds.isNA::smk::setup" timestamp="2020-07-06T23:51:18Z" hostname="fv-az14" tests="3" skipped="0" failures="0" errors="0" time="5.132">
    <testcase time="5.13000000000011" classname="ds.isNA_smk_setup" name="setup"/>
    <testcase time="0.00100000000020373" classname="ds.isNA_smk_setup" name="setup"/>
    <testcase time="0.000999999999748979" classname="ds.isNA_smk_setup" name="setup"/>
  </testsuite>
  <testsuite name="ds.isNA::smk" timestamp="2020-07-06T23:51:23Z" hostname="fv-az14" tests="3" skipped="0" failures="0" errors="0" time="1.676">
    <testcase time="1.67399999999998" classname="ds.isNA_smk" name="isNA"/>
    <testcase time="0.00100000000020373" classname="ds.isNA_smk" name="isNA"/>
    <testcase time="0.000999999999748979" classname="ds.isNA_smk" name="isNA"/>
  </testsuite>
  <testsuite name="ds.isNA::smk::shutdown" timestamp="2020-07-06T23:51:25Z" hostname="fv-az14" tests="3" skipped="0" failures="0" errors="0" time="0.275">
    <testcase time="0.272000000000389" classname="ds.isNA_smk_shutdown" name="shutdown"/>
    <testcase time="0.000999999999748979" classname="ds.isNA_smk_shutdown" name="shutdown"/>
    <testcase time="0.00199999999995271" classname="ds.isNA_smk_shutdown" name="shutdown"/>
  </testsuite>
  <testsuite name="ds.isNA::smk::done" timestamp="2020-07-06T23:51:26Z" hostname="fv-az14" tests="0" skipped="0" failures="0" errors="0" time="0"/>
  <testsuite name="ds.isValid::smk::setup" timestamp="2020-07-06T23:51:26Z" hostname="fv-az14" tests="3" skipped="0" failures="0" errors="0" time="5.161">
    <testcase time="5.15900000000011" classname="ds.isValid_smk_setup" name="setup"/>
    <testcase time="0.00100000000020373" classname="ds.isValid_smk_setup" name="setup"/>
    <testcase time="0.00100000000020373" classname="ds.isValid_smk_setup" name="setup"/>
  </testsuite>
  <testsuite name="ds.isValid::smk" timestamp="2020-07-06T23:51:30Z" hostname="fv-az14" tests="7" skipped="0" failures="0" errors="0" time="1.202">
    <testcase time="1.19499999999971" classname="ds.isValid_smk" name="isValid"/>
    <testcase time="0.00100000000020373" classname="ds.isValid_smk" name="isValid"/>
    <testcase time="0.00199999999995271" classname="ds.isValid_smk" name="isValid"/>
    <testcase time="0.00100000000020373" classname="ds.isValid_smk" name="isValid"/>
    <testcase time="0.000999999999748979" classname="ds.isValid_smk" name="isValid"/>
    <testcase time="0.00100000000020373" classname="ds.isValid_smk" name="isValid"/>
    <testcase time="0.000999999999748979" classname="ds.isValid_smk" name="isValid"/>
  </testsuite>
  <testsuite name="ds.isValid::smk::shutdown" timestamp="2020-07-06T23:51:31Z" hostname="fv-az14" tests="3" skipped="0" failures="0" errors="0" time="0.268">
    <testcase time="0.266000000000076" classname="ds.isValid_smk_shutdown" name="shutdown"/>
    <testcase time="0.00100000000020373" classname="ds.isValid_smk_shutdown" name="shutdown"/>
    <testcase time="0.000999999999748979" classname="ds.isValid_smk_shutdown" name="shutdown"/>
  </testsuite>
  <testsuite name="ds.isValid::smk::done" timestamp="2020-07-06T23:51:32Z" hostname="fv-az14" tests="0" skipped="0" failures="0" errors="0" time="0"/>
  <testsuite name="ds.length::smk::setup" timestamp="2020-07-06T23:51:32Z" hostname="fv-az14" tests="3" skipped="0" failures="0" errors="0" time="5.136">
    <testcase time="5.13400000000001" classname="ds.length_smk_setup" name="setup"/>
    <testcase time="0.00100000000020373" classname="ds.length_smk_setup" name="setup"/>
    <testcase time="0.000999999999748979" classname="ds.length_smk_setup" name="setup"/>
  </testsuite>
  <testsuite name="ds.length::smk" timestamp="2020-07-06T23:51:37Z" hostname="fv-az14" tests="22" skipped="0" failures="0" errors="0" time="4.396">
    <testcase time="0.264999999999873" classname="ds.length_smk" name="basic_length_both"/>
    <testcase time="0.00100000000020373" classname="ds.length_smk" name="basic_length_both"/>
    <testcase time="0.00100000000020373" classname="ds.length_smk" name="basic_length_both"/>
    <testcase time="0.00199999999995271" classname="ds.length_smk" name="basic_length_both"/>
    <testcase time="0.000999999999748979" classname="ds.length_smk" name="basic_length_both"/>
    <testcase time="0.256000000000313" classname="ds.length_smk" name="basic_length_split"/>
    <testcase time="0.000999999999748979" classname="ds.length_smk" name="basic_length_split"/>
    <testcase time="0.00100000000020373" classname="ds.length_smk" name="basic_length_split"/>
    <testcase time="0.00199999999995271" classname="ds.length_smk" name="basic_length_split"/>
    <testcase time="0.259999999999764" classname="ds.length_smk" name="basic_length_combine"/>
    <testcase time="0.00100000000020373" classname="ds.length_smk" name="basic_length_combine"/>
    <testcase time="1.20299999999997" classname="ds.length_smk" name="basic_length_both"/>
    <testcase time="0.000999999999748979" classname="ds.length_smk" name="basic_length_both"/>
    <testcase time="0.00100000000020373" classname="ds.length_smk" name="basic_length_both"/>
    <testcase time="0.00199999999995271" classname="ds.length_smk" name="basic_length_both"/>
    <testcase time="0.00100000000020373" classname="ds.length_smk" name="basic_length_both"/>
    <testcase time="1.19899999999961" classname="ds.length_smk" name="basic_length_split"/>
    <testcase time="0.00100000000020373" classname="ds.length_smk" name="basic_length_split"/>
    <testcase time="0.00199999999995271" classname="ds.length_smk" name="basic_length_split"/>
    <testcase time="0.00100000000020373" classname="ds.length_smk" name="basic_length_split"/>
    <testcase time="1.19200000000001" classname="ds.length_smk" name="basic_length_combine"/>
    <testcase time="0.00199999999995271" classname="ds.length_smk" name="basic_length_combine"/>
  </testsuite>
  <testsuite name="ds.length::smk::shutdown" timestamp="2020-07-06T23:51:41Z" hostname="fv-az14" tests="3" skipped="0" failures="0" errors="0" time="0.268">
    <testcase time="0.264999999999873" classname="ds.length_smk_shutdown" name="shutdown"/>
    <testcase time="0.00100000000020373" classname="ds.length_smk_shutdown" name="shutdown"/>
    <testcase time="0.00199999999995271" classname="ds.length_smk_shutdown" name="shutdown"/>
  </testsuite>
  <testsuite name="ds.length::smk::done" timestamp="2020-07-06T23:51:42Z" hostname="fv-az14" tests="0" skipped="0" failures="0" errors="0" time="0"/>
  <testsuite name="ds.levels::smk::setup" timestamp="2020-07-06T23:51:42Z" hostname="fv-az14" tests="3" skipped="0" failures="0" errors="0" time="5.112">
    <testcase time="5.10999999999967" classname="ds.levels_smk_setup" name="setup"/>
    <testcase time="0.00100000000020373" classname="ds.levels_smk_setup" name="setup"/>
    <testcase time="0.00100000000020373" classname="ds.levels_smk_setup" name="setup"/>
  </testsuite>
  <testsuite name="ds.levels::smk" timestamp="2020-07-06T23:51:46Z" hostname="fv-az14" tests="22" skipped="0" failures="0" errors="0" time="1.22">
    <testcase time="1.19399999999996" classname="ds.levels_smk" name="simple_levels"/>
    <testcase time="0.000999999999748979" classname="ds.levels_smk" name="simple_levels"/>
    <testcase time="0.00100000000020373" classname="ds.levels_smk" name="simple_levels"/>
    <testcase time="0.00199999999995271" classname="ds.levels_smk" name="simple_levels"/>
    <testcase time="0.000999999999748979" classname="ds.levels_smk" name="simple_levels"/>
    <testcase time="0.00100000000020373" classname="ds.levels_smk" name="simple_levels"/>
    <testcase time="0.000999999999748979" classname="ds.levels_smk" name="simple_levels"/>
    <testcase time="0.00100000000020373" classname="ds.levels_smk" name="simple_levels"/>
    <testcase time="0.00100000000020373" classname="ds.levels_smk" name="simple_levels"/>
    <testcase time="0.000999999999748979" classname="ds.levels_smk" name="simple_levels"/>
    <testcase time="0.00199999999995271" classname="ds.levels_smk" name="simple_levels"/>
    <testcase time="0.00100000000020373" classname="ds.levels_smk" name="simple_levels"/>
    <testcase time="0.000999999999748979" classname="ds.levels_smk" name="simple_levels"/>
    <testcase time="0.00100000000020373" classname="ds.levels_smk" name="simple_levels"/>
    <testcase time="0.00199999999995271" classname="ds.levels_smk" name="simple_levels"/>
    <testcase time="0.00100000000020373" classname="ds.levels_smk" name="simple_levels"/>
    <testcase time="0.000999999999748979" classname="ds.levels_smk" name="simple_levels"/>
    <testcase time="0.00100000000020373" classname="ds.levels_smk" name="simple_levels"/>
    <testcase time="0.00199999999995271" classname="ds.levels_smk" name="simple_levels"/>
    <testcase time="0.000999999999748979" classname="ds.levels_smk" name="simple_levels"/>
    <testcase time="0.00199999999995271" classname="ds.levels_smk" name="simple_levels"/>
    <testcase time="0.00100000000020373" classname="ds.levels_smk" name="simple_levels"/>
  </testsuite>
  <testsuite name="ds.levels::smk::shutdown" timestamp="2020-07-06T23:51:48Z" hostname="fv-az14" tests="3" skipped="0" failures="0" errors="0" time="0.279">
    <testcase time="0.269999999999982" classname="ds.levels_smk_shutdown" name="shutdown"/>
    <testcase time="0.00799999999981083" classname="ds.levels_smk_shutdown" name="shutdown"/>
    <testcase time="0.00100000000020373" classname="ds.levels_smk_shutdown" name="shutdown"/>
  </testsuite>
  <testsuite name="ds.levels::smk::done" timestamp="2020-07-06T23:51:49Z" hostname="fv-az14" tests="0" skipped="0" failures="0" errors="0" time="0"/>
  <testsuite name="ds.lexis::smk::setup" timestamp="2020-07-06T23:51:49Z" hostname="fv-az14" tests="3" skipped="0" failures="0" errors="0" time="5.113">
    <testcase time="5.11099999999988" classname="ds.lexis_smk_setup" name="setup"/>
    <testcase time="0.00100000000020373" classname="ds.lexis_smk_setup" name="setup"/>
    <testcase time="0.000999999999748979" classname="ds.lexis_smk_setup" name="setup"/>
  </testsuite>
  <testsuite name="ds.lexis::smk" timestamp="2020-07-06T23:51:53Z" hostname="fv-az14" tests="14" skipped="0" failures="0" errors="0" time="1.385">
    <testcase time="0.854000000000269" classname="ds.lexis_smk" name="simple_lexis"/>
    <testcase time="0.000999999999748979" classname="ds.lexis_smk" name="simple_lexis"/>
    <testcase time="0.00100000000020373" classname="ds.lexis_smk" name="simple_lexis"/>
    <testcase time="0.000999999999748979" classname="ds.lexis_smk" name="simple_lexis"/>
    <testcase time="0.00100000000020373" classname="ds.lexis_smk" name="simple_lexis"/>
    <testcase time="0.000999999999748979" classname="ds.lexis_smk" name="simple_lexis"/>
    <testcase time="0.260999999999967" classname="ds.lexis_smk" name="simple_lexis"/>
    <testcase time="0.00100000000020373" classname="ds.lexis_smk" name="simple_lexis"/>
    <testcase time="0.00199999999995271" classname="ds.lexis_smk" name="simple_lexis"/>
    <testcase time="0.000999999999748979" classname="ds.lexis_smk" name="simple_lexis"/>
    <testcase time="0.257000000000062" classname="ds.lexis_smk" name="simple_lexis"/>
    <testcase time="0.00199999999995271" classname="ds.lexis_smk" name="simple_lexis"/>
    <testcase time="0.00100000000020373" classname="ds.lexis_smk" name="simple_lexis"/>
    <testcase time="0.000999999999748979" classname="ds.lexis_smk" name="simple_lexis"/>
  </testsuite>
  <testsuite name="ds.lexis::smk::shutdown" timestamp="2020-07-06T23:51:54Z" hostname="fv-az14" tests="3" skipped="0" failures="0" errors="0" time="0.27">
    <testcase time="0.26700000000028" classname="ds.lexis_smk_shutdown" name="shutdown"/>
    <testcase time="0.00199999999995271" classname="ds.lexis_smk_shutdown" name="shutdown"/>
    <testcase time="0.000999999999748979" classname="ds.lexis_smk_shutdown" name="shutdown"/>
  </testsuite>
  <testsuite name="ds.lexis::smk::done" timestamp="2020-07-06T23:51:55Z" hostname="fv-az14" tests="0" skipped="0" failures="0" errors="0" time="0"/>
  <testsuite name="ds.listClientsideFunctions::smk::setup" timestamp="2020-07-06T23:51:55Z" hostname="fv-az14" tests="3" skipped="0" failures="0" errors="0" time="5.178">
    <testcase time="5.17500000000018" classname="ds.listClientsideFunctions_smk_setup" name="setup"/>
    <testcase time="0.00199999999995271" classname="ds.listClientsideFunctions_smk_setup" name="setup"/>
    <testcase time="0.00100000000020373" classname="ds.listClientsideFunctions_smk_setup" name="setup"/>
  </testsuite>
  <testsuite name="ds.listClientsideFunctions::smk::check results" timestamp="2020-07-06T23:52:00Z" hostname="fv-az14" tests="91" skipped="0" failures="0" errors="0" time="0.183">
    <testcase time="0.0139999999996689" classname="ds.listClientsideFunctions_smk_check_results" name="check_results"/>
    <testcase time="0.00100000000020373" classname="ds.listClientsideFunctions_smk_check_results" name="check_results"/>
    <testcase time="0.00100000000020373" classname="ds.listClientsideFunctions_smk_check_results" name="check_results"/>
    <testcase time="0.000999999999748979" classname="ds.listClientsideFunctions_smk_check_results" name="check_results"/>
    <testcase time="0.00100000000020373" classname="ds.listClientsideFunctions_smk_check_results" name="check_results"/>
    <testcase time="0.000999999999748979" classname="ds.listClientsideFunctions_smk_check_results" name="check_results"/>
    <testcase time="0.00100000000020373" classname="ds.listClientsideFunctions_smk_check_results" name="check_results"/>
    <testcase time="0.000999999999748979" classname="ds.listClientsideFunctions_smk_check_results" name="check_results"/>
    <testcase time="0.00100000000020373" classname="ds.listClientsideFunctions_smk_check_results" name="check_results"/>
    <testcase time="0.000999999999748979" classname="ds.listClientsideFunctions_smk_check_results" name="check_results"/>
    <testcase time="0.00200000000040745" classname="ds.listClientsideFunctions_smk_check_results" name="check_results"/>
    <testcase time="0.000999999999748979" classname="ds.listClientsideFunctions_smk_check_results" name="check_results"/>
    <testcase time="0.00100000000020373" classname="ds.listClientsideFunctions_smk_check_results" name="check_results"/>
    <testcase time="0.000999999999748979" classname="ds.listClientsideFunctions_smk_check_results" name="check_results"/>
    <testcase time="0.00100000000020373" classname="ds.listClientsideFunctions_smk_check_results" name="check_results"/>
    <testcase time="0.00199999999995271" classname="ds.listClientsideFunctions_smk_check_results" name="check_results"/>
    <testcase time="0.000999999999748979" classname="ds.listClientsideFunctions_smk_check_results" name="check_results"/>
    <testcase time="0.00100000000020373" classname="ds.listClientsideFunctions_smk_check_results" name="check_results"/>
    <testcase time="0.00100000000020373" classname="ds.listClientsideFunctions_smk_check_results" name="check_results"/>
    <testcase time="0.00199999999995271" classname="ds.listClientsideFunctions_smk_check_results" name="check_results"/>
    <testcase time="0.000999999999748979" classname="ds.listClientsideFunctions_smk_check_results" name="check_results"/>
    <testcase time="0.00100000000020373" classname="ds.listClientsideFunctions_smk_check_results" name="check_results"/>
    <testcase time="0.00199999999995271" classname="ds.listClientsideFunctions_smk_check_results" name="check_results"/>
    <testcase time="0.000999999999748979" classname="ds.listClientsideFunctions_smk_check_results" name="check_results"/>
    <testcase time="0.00100000000020373" classname="ds.listClientsideFunctions_smk_check_results" name="check_results"/>
    <testcase time="0.00199999999995271" classname="ds.listClientsideFunctions_smk_check_results" name="check_results"/>
    <testcase time="0.00100000000020373" classname="ds.listClientsideFunctions_smk_check_results" name="check_results"/>
    <testcase time="0.00199999999995271" classname="ds.listClientsideFunctions_smk_check_results" name="check_results"/>
    <testcase time="0.000999999999748979" classname="ds.listClientsideFunctions_smk_check_results" name="check_results"/>
    <testcase time="0.00199999999995271" classname="ds.listClientsideFunctions_smk_check_results" name="check_results"/>
    <testcase time="0.00100000000020373" classname="ds.listClientsideFunctions_smk_check_results" name="check_results"/>
    <testcase time="0.00199999999995271" classname="ds.listClientsideFunctions_smk_check_results" name="check_results"/>
    <testcase time="0.00100000000020373" classname="ds.listClientsideFunctions_smk_check_results" name="check_results"/>
    <testcase time="0.00199999999995271" classname="ds.listClientsideFunctions_smk_check_results" name="check_results"/>
    <testcase time="0.000999999999748979" classname="ds.listClientsideFunctions_smk_check_results" name="check_results"/>
    <testcase time="0.00199999999995271" classname="ds.listClientsideFunctions_smk_check_results" name="check_results"/>
    <testcase time="0.00199999999995271" classname="ds.listClientsideFunctions_smk_check_results" name="check_results"/>
    <testcase time="0.00100000000020373" classname="ds.listClientsideFunctions_smk_check_results" name="check_results"/>
    <testcase time="0.00199999999995271" classname="ds.listClientsideFunctions_smk_check_results" name="check_results"/>
    <testcase time="0.00100000000020373" classname="ds.listClientsideFunctions_smk_check_results" name="check_results"/>
    <testcase time="0.00100000000020373" classname="ds.listClientsideFunctions_smk_check_results" name="check_results"/>
    <testcase time="0.00199999999995271" classname="ds.listClientsideFunctions_smk_check_results" name="check_results"/>
    <testcase time="0.00199999999995271" classname="ds.listClientsideFunctions_smk_check_results" name="check_results"/>
    <testcase time="0.000999999999748979" classname="ds.listClientsideFunctions_smk_check_results" name="check_results"/>
    <testcase time="0.00200000000040745" classname="ds.listClientsideFunctions_smk_check_results" name="check_results"/>
    <testcase time="0.00199999999995271" classname="ds.listClientsideFunctions_smk_check_results" name="check_results"/>
    <testcase time="0.00199999999995271" classname="ds.listClientsideFunctions_smk_check_results" name="check_results"/>
    <testcase time="0.000999999999748979" classname="ds.listClientsideFunctions_smk_check_results" name="check_results"/>
    <testcase time="0.00199999999995271" classname="ds.listClientsideFunctions_smk_check_results" name="check_results"/>
    <testcase time="0.00200000000040745" classname="ds.listClientsideFunctions_smk_check_results" name="check_results"/>
    <testcase time="0.00199999999995271" classname="ds.listClientsideFunctions_smk_check_results" name="check_results"/>
    <testcase time="0.00199999999995271" classname="ds.listClientsideFunctions_smk_check_results" name="check_results"/>
    <testcase time="0.00199999999995271" classname="ds.listClientsideFunctions_smk_check_results" name="check_results"/>
    <testcase time="0.00199999999995271" classname="ds.listClientsideFunctions_smk_check_results" name="check_results"/>
    <testcase time="0.00199999999995271" classname="ds.listClientsideFunctions_smk_check_results" name="check_results"/>
    <testcase time="0.00199999999995271" classname="ds.listClientsideFunctions_smk_check_results" name="check_results"/>
    <testcase time="0.00199999999995271" classname="ds.listClientsideFunctions_smk_check_results" name="check_results"/>
    <testcase time="0.00199999999995271" classname="ds.listClientsideFunctions_smk_check_results" name="check_results"/>
    <testcase time="0.00199999999995271" classname="ds.listClientsideFunctions_smk_check_results" name="check_results"/>
    <testcase time="0.00200000000040745" classname="ds.listClientsideFunctions_smk_check_results" name="check_results"/>
    <testcase time="0.00299999999970169" classname="ds.listClientsideFunctions_smk_check_results" name="check_results"/>
    <testcase time="0.00199999999995271" classname="ds.listClientsideFunctions_smk_check_results" name="check_results"/>
    <testcase time="0.00199999999995271" classname="ds.listClientsideFunctions_smk_check_results" name="check_results"/>
    <testcase time="0.00200000000040745" classname="ds.listClientsideFunctions_smk_check_results" name="check_results"/>
    <testcase time="0.00199999999995271" classname="ds.listClientsideFunctions_smk_check_results" name="check_results"/>
    <testcase time="0.00299999999970169" classname="ds.listClientsideFunctions_smk_check_results" name="check_results"/>
    <testcase time="0.00199999999995271" classname="ds.listClientsideFunctions_smk_check_results" name="check_results"/>
    <testcase time="0.00200000000040745" classname="ds.listClientsideFunctions_smk_check_results" name="check_results"/>
    <testcase time="0.00299999999970169" classname="ds.listClientsideFunctions_smk_check_results" name="check_results"/>
    <testcase time="0.00199999999995271" classname="ds.listClientsideFunctions_smk_check_results" name="check_results"/>
    <testcase time="0.00199999999995271" classname="ds.listClientsideFunctions_smk_check_results" name="check_results"/>
    <testcase time="0.00300000000015643" classname="ds.listClientsideFunctions_smk_check_results" name="check_results"/>
    <testcase time="0.00199999999995271" classname="ds.listClientsideFunctions_smk_check_results" name="check_results"/>
    <testcase time="0.0100000000002183" classname="ds.listClientsideFunctions_smk_check_results" name="check_results"/>
    <testcase time="0.00199999999995271" classname="ds.listClientsideFunctions_smk_check_results" name="check_results"/>
    <testcase time="0.00199999999995271" classname="ds.listClientsideFunctions_smk_check_results" name="check_results"/>
    <testcase time="0.00300000000015643" classname="ds.listClientsideFunctions_smk_check_results" name="check_results"/>
    <testcase time="0.00199999999995271" classname="ds.listClientsideFunctions_smk_check_results" name="check_results"/>
    <testcase time="0.00199999999995271" classname="ds.listClientsideFunctions_smk_check_results" name="check_results"/>
    <testcase time="0.00299999999970169" classname="ds.listClientsideFunctions_smk_check_results" name="check_results"/>
    <testcase time="0.00200000000040745" classname="ds.listClientsideFunctions_smk_check_results" name="check_results"/>
    <testcase time="0.00199999999995271" classname="ds.listClientsideFunctions_smk_check_results" name="check_results"/>
    <testcase time="0.00299999999970169" classname="ds.listClientsideFunctions_smk_check_results" name="check_results"/>
    <testcase time="0.00199999999995271" classname="ds.listClientsideFunctions_smk_check_results" name="check_results"/>
    <testcase time="0.00300000000015643" classname="ds.listClientsideFunctions_smk_check_results" name="check_results"/>
    <testcase time="0.00199999999995271" classname="ds.listClientsideFunctions_smk_check_results" name="check_results"/>
    <testcase time="0.00300000000015643" classname="ds.listClientsideFunctions_smk_check_results" name="check_results"/>
    <testcase time="0.00199999999995271" classname="ds.listClientsideFunctions_smk_check_results" name="check_results"/>
    <testcase time="0.00300000000015643" classname="ds.listClientsideFunctions_smk_check_results" name="check_results"/>
    <testcase time="0.00199999999995271" classname="ds.listClientsideFunctions_smk_check_results" name="check_results"/>
    <testcase time="0.00299999999970169" classname="ds.listClientsideFunctions_smk_check_results" name="check_results"/>
  </testsuite>
  <testsuite name="ds.listClientsideFunctions::smk::shutdown" timestamp="2020-07-06T23:52:00Z" hostname="fv-az14" tests="3" skipped="0" failures="0" errors="0" time="0.27">
    <testcase time="0.26700000000028" classname="ds.listClientsideFunctions_smk_shutdown" name="shutdown"/>
    <testcase time="0.000999999999748979" classname="ds.listClientsideFunctions_smk_shutdown" name="shutdown"/>
    <testcase time="0.00199999999995271" classname="ds.listClientsideFunctions_smk_shutdown" name="shutdown"/>
  </testsuite>
  <testsuite name="ds.listClientsideFunctions::smk::done" timestamp="2020-07-06T23:52:01Z" hostname="fv-az14" tests="0" skipped="0" failures="0" errors="0" time="0"/>
  <testsuite name="ds.listDisclosureSettings::smk::setup" timestamp="2020-07-06T23:52:01Z" hostname="fv-az14" tests="3" skipped="0" failures="0" errors="0" time="5.198">
    <testcase time="5.19600000000037" classname="ds.listDisclosureSettings_smk_setup" name="setup"/>
    <testcase time="0.000999999999748979" classname="ds.listDisclosureSettings_smk_setup" name="setup"/>
    <testcase time="0.00100000000020373" classname="ds.listDisclosureSettings_smk_setup" name="setup"/>
  </testsuite>
  <testsuite name="ds.listDisclosureSettings::smk::check results" timestamp="2020-07-06T23:52:06Z" hostname="fv-az14" tests="31" skipped="0" failures="0" errors="0" time="0.31">
    <testcase time="0.268000000000029" classname="ds.listDisclosureSettings_smk_check_results" name="check_results"/>
    <testcase time="0.00199999999995271" classname="ds.listDisclosureSettings_smk_check_results" name="check_results"/>
    <testcase time="0.000999999999748979" classname="ds.listDisclosureSettings_smk_check_results" name="check_results"/>
    <testcase time="0.00100000000020373" classname="ds.listDisclosureSettings_smk_check_results" name="check_results"/>
    <testcase time="0.000999999999748979" classname="ds.listDisclosureSettings_smk_check_results" name="check_results"/>
    <testcase time="0.00100000000020373" classname="ds.listDisclosureSettings_smk_check_results" name="check_results"/>
    <testcase time="0.00199999999995271" classname="ds.listDisclosureSettings_smk_check_results" name="check_results"/>
    <testcase time="0.00100000000020373" classname="ds.listDisclosureSettings_smk_check_results" name="check_results"/>
    <testcase time="0.000999999999748979" classname="ds.listDisclosureSettings_smk_check_results" name="check_results"/>
    <testcase time="0.00100000000020373" classname="ds.listDisclosureSettings_smk_check_results" name="check_results"/>
    <testcase time="0.00199999999995271" classname="ds.listDisclosureSettings_smk_check_results" name="check_results"/>
    <testcase time="0.000999999999748979" classname="ds.listDisclosureSettings_smk_check_results" name="check_results"/>
    <testcase time="0.00100000000020373" classname="ds.listDisclosureSettings_smk_check_results" name="check_results"/>
    <testcase time="0.00199999999995271" classname="ds.listDisclosureSettings_smk_check_results" name="check_results"/>
    <testcase time="0.00100000000020373" classname="ds.listDisclosureSettings_smk_check_results" name="check_results"/>
    <testcase time="0.000999999999748979" classname="ds.listDisclosureSettings_smk_check_results" name="check_results"/>
    <testcase time="0.00199999999995271" classname="ds.listDisclosureSettings_smk_check_results" name="check_results"/>
    <testcase time="0.00100000000020373" classname="ds.listDisclosureSettings_smk_check_results" name="check_results"/>
    <testcase time="0.000999999999748979" classname="ds.listDisclosureSettings_smk_check_results" name="check_results"/>
    <testcase time="0.00199999999995271" classname="ds.listDisclosureSettings_smk_check_results" name="check_results"/>
    <testcase time="0.00100000000020373" classname="ds.listDisclosureSettings_smk_check_results" name="check_results"/>
    <testcase time="0.00199999999995271" classname="ds.listDisclosureSettings_smk_check_results" name="check_results"/>
    <testcase time="0.00100000000020373" classname="ds.listDisclosureSettings_smk_check_results" name="check_results"/>
    <testcase time="0.00199999999995271" classname="ds.listDisclosureSettings_smk_check_results" name="check_results"/>
    <testcase time="0.000999999999748979" classname="ds.listDisclosureSettings_smk_check_results" name="check_results"/>
    <testcase time="0.00199999999995271" classname="ds.listDisclosureSettings_smk_check_results" name="check_results"/>
    <testcase time="0.00100000000020373" classname="ds.listDisclosureSettings_smk_check_results" name="check_results"/>
    <testcase time="0.00199999999995271" classname="ds.listDisclosureSettings_smk_check_results" name="check_results"/>
    <testcase time="0.00100000000020373" classname="ds.listDisclosureSettings_smk_check_results" name="check_results"/>
    <testcase time="0.00199999999995271" classname="ds.listDisclosureSettings_smk_check_results" name="check_results"/>
    <testcase time="0.00199999999995271" classname="ds.listDisclosureSettings_smk_check_results" name="check_results"/>
  </testsuite>
  <testsuite name="ds.listDisclosureSettings::smk::shutdown" timestamp="2020-07-06T23:52:06Z" hostname="fv-az14" tests="3" skipped="0" failures="0" errors="0" time="0.268">
    <testcase time="0.266000000000076" classname="ds.listDisclosureSettings_smk_shutdown" name="shutdown"/>
    <testcase time="0.000999999999748979" classname="ds.listDisclosureSettings_smk_shutdown" name="shutdown"/>
    <testcase time="0.00100000000020373" classname="ds.listDisclosureSettings_smk_shutdown" name="shutdown"/>
  </testsuite>
  <testsuite name="ds.listDisclosureSettings::smk::down" timestamp="2020-07-06T23:52:07Z" hostname="fv-az14" tests="0" skipped="0" failures="0" errors="0" time="0"/>
  <testsuite name="ds.list::smk::setup" timestamp="2020-07-06T23:52:07Z" hostname="fv-az14" tests="3" skipped="0" failures="0" errors="0" time="5.165">
    <testcase time="5.16199999999981" classname="ds.list_smk_setup" name="setup"/>
    <testcase time="0.00199999999995271" classname="ds.list_smk_setup" name="setup"/>
    <testcase time="0.00100000000020373" classname="ds.list_smk_setup" name="setup"/>
  </testsuite>
  <testsuite name="ds.list::smk" timestamp="2020-07-06T23:52:11Z" hostname="fv-az14" tests="28" skipped="0" failures="0" errors="0" time="3.457">
    <testcase time="2.40000000000009" classname="ds.list_smk" name="Is_List"/>
    <testcase time="0.255999999999858" classname="ds.list_smk" name="Is_List"/>
    <testcase time="0.000999999999748979" classname="ds.list_smk" name="Is_List"/>
    <testcase time="0.00100000000020373" classname="ds.list_smk" name="Is_List"/>
    <testcase time="0.00100000000020373" classname="ds.list_smk" name="Is_List"/>
    <testcase time="0.000999999999748979" classname="ds.list_smk" name="Is_List"/>
    <testcase time="0.00100000000020373" classname="ds.list_smk" name="Is_List"/>
    <testcase time="0.000999999999748979" classname="ds.list_smk" name="Is_List"/>
    <testcase time="0.00100000000020373" classname="ds.list_smk" name="Is_List"/>
    <testcase time="0.00199999999995271" classname="ds.list_smk" name="Is_List"/>
    <testcase time="0.000999999999748979" classname="ds.list_smk" name="Is_List"/>
    <testcase time="0.00100000000020373" classname="ds.list_smk" name="Is_List"/>
    <testcase time="0.00100000000020373" classname="ds.list_smk" name="Is_List"/>
    <testcase time="0.000999999999748979" classname="ds.list_smk" name="Is_List"/>
    <testcase time="0.516000000000076" classname="ds.list_smk" name="Is_List"/>
    <testcase time="0.000999999999748979" classname="ds.list_smk" name="Is_List"/>
    <testcase time="0.00200000000040745" classname="ds.list_smk" name="Is_List"/>
    <testcase time="0.000999999999748979" classname="ds.list_smk" name="Is_List"/>
    <testcase time="0.255000000000109" classname="ds.list_smk" name="Is_List"/>
    <testcase time="0.00199999999995271" classname="ds.list_smk" name="Is_List"/>
    <testcase time="0.00100000000020373" classname="ds.list_smk" name="Is_List"/>
    <testcase time="0.000999999999748979" classname="ds.list_smk" name="Is_List"/>
    <testcase time="0.00199999999995271" classname="ds.list_smk" name="Is_List"/>
    <testcase time="0.00100000000020373" classname="ds.list_smk" name="Is_List"/>
    <testcase time="0.00199999999995271" classname="ds.list_smk" name="Is_List"/>
    <testcase time="0.000999999999748979" classname="ds.list_smk" name="Is_List"/>
    <testcase time="0.00199999999995271" classname="ds.list_smk" name="Is_List"/>
    <testcase time="0.00100000000020373" classname="ds.list_smk" name="Is_List"/>
  </testsuite>
  <testsuite name="ds.list::smk::shutdown" timestamp="2020-07-06T23:52:15Z" hostname="fv-az14" tests="3" skipped="0" failures="0" errors="0" time="0.27">
    <testcase time="0.268000000000029" classname="ds.list_smk_shutdown" name="shutdown"/>
    <testcase time="0.00100000000020373" classname="ds.list_smk_shutdown" name="shutdown"/>
    <testcase time="0.000999999999748979" classname="ds.list_smk_shutdown" name="shutdown"/>
  </testsuite>
  <testsuite name="ds.list::smk::down" timestamp="2020-07-06T23:52:16Z" hostname="fv-az14" tests="0" skipped="0" failures="0" errors="0" time="0"/>
  <testsuite name="ds.listServersideFunctions::smk::check results" timestamp="2020-07-06T23:52:20Z" hostname="fv-az14" tests="340" skipped="0" failures="0" errors="0" time="6.353">
    <testcase time="4.93200000000024" classname="ds.listServersideFunctions_smk_check_results" name="check_results"/>
    <testcase time="0.000999999999748979" classname="ds.listServersideFunctions_smk_check_results" name="check_results"/>
    <testcase time="0.00100000000020373" classname="ds.listServersideFunctions_smk_check_results" name="check_results"/>
    <testcase time="0.000999999999748979" classname="ds.listServersideFunctions_smk_check_results" name="check_results"/>
    <testcase time="0.00199999999995271" classname="ds.listServersideFunctions_smk_check_results" name="check_results"/>
    <testcase time="0.00100000000020373" classname="ds.listServersideFunctions_smk_check_results" name="check_results"/>
    <testcase time="0.000999999999748979" classname="ds.listServersideFunctions_smk_check_results" name="check_results"/>
    <testcase time="0.00100000000020373" classname="ds.listServersideFunctions_smk_check_results" name="check_results"/>
    <testcase time="0.00100000000020373" classname="ds.listServersideFunctions_smk_check_results" name="check_results"/>
    <testcase time="0.000999999999748979" classname="ds.listServersideFunctions_smk_check_results" name="check_results"/>
    <testcase time="0.00100000000020373" classname="ds.listServersideFunctions_smk_check_results" name="check_results"/>
    <testcase time="0.000999999999748979" classname="ds.listServersideFunctions_smk_check_results" name="check_results"/>
    <testcase time="0.00199999999995271" classname="ds.listServersideFunctions_smk_check_results" name="check_results"/>
    <testcase time="0.00100000000020373" classname="ds.listServersideFunctions_smk_check_results" name="check_results"/>
    <testcase time="0.000999999999748979" classname="ds.listServersideFunctions_smk_check_results" name="check_results"/>
    <testcase time="0.00100000000020373" classname="ds.listServersideFunctions_smk_check_results" name="check_results"/>
    <testcase time="0.000999999999748979" classname="ds.listServersideFunctions_smk_check_results" name="check_results"/>
    <testcase time="0.00200000000040745" classname="ds.listServersideFunctions_smk_check_results" name="check_results"/>
    <testcase time="0.000999999999748979" classname="ds.listServersideFunctions_smk_check_results" name="check_results"/>
    <testcase time="0.00100000000020373" classname="ds.listServersideFunctions_smk_check_results" name="check_results"/>
    <testcase time="0.00199999999995271" classname="ds.listServersideFunctions_smk_check_results" name="check_results"/>
    <testcase time="0.000999999999748979" classname="ds.listServersideFunctions_smk_check_results" name="check_results"/>
    <testcase time="0.00100000000020373" classname="ds.listServersideFunctions_smk_check_results" name="check_results"/>
    <testcase time="0.00199999999995271" classname="ds.listServersideFunctions_smk_check_results" name="check_results"/>
    <testcase time="0.00100000000020373" classname="ds.listServersideFunctions_smk_check_results" name="check_results"/>
    <testcase time="0.00199999999995271" classname="ds.listServersideFunctions_smk_check_results" name="check_results"/>
    <testcase time="0.000999999999748979" classname="ds.listServersideFunctions_smk_check_results" name="check_results"/>
    <testcase time="0.00199999999995271" classname="ds.listServersideFunctions_smk_check_results" name="check_results"/>
    <testcase time="0.00100000000020373" classname="ds.listServersideFunctions_smk_check_results" name="check_results"/>
    <testcase time="0.00199999999995271" classname="ds.listServersideFunctions_smk_check_results" name="check_results"/>
    <testcase time="0.00100000000020373" classname="ds.listServersideFunctions_smk_check_results" name="check_results"/>
    <testcase time="0.00199999999995271" classname="ds.listServersideFunctions_smk_check_results" name="check_results"/>
    <testcase time="0.000999999999748979" classname="ds.listServersideFunctions_smk_check_results" name="check_results"/>
    <testcase time="0.00199999999995271" classname="ds.listServersideFunctions_smk_check_results" name="check_results"/>
    <testcase time="0.00199999999995271" classname="ds.listServersideFunctions_smk_check_results" name="check_results"/>
    <testcase time="0.00100000000020373" classname="ds.listServersideFunctions_smk_check_results" name="check_results"/>
    <testcase time="0.00199999999995271" classname="ds.listServersideFunctions_smk_check_results" name="check_results"/>
    <testcase time="0.00100000000020373" classname="ds.listServersideFunctions_smk_check_results" name="check_results"/>
    <testcase time="0.00199999999995271" classname="ds.listServersideFunctions_smk_check_results" name="check_results"/>
    <testcase time="0.00199999999995271" classname="ds.listServersideFunctions_smk_check_results" name="check_results"/>
    <testcase time="0.00199999999995271" classname="ds.listServersideFunctions_smk_check_results" name="check_results"/>
    <testcase time="0.000999999999748979" classname="ds.listServersideFunctions_smk_check_results" name="check_results"/>
    <testcase time="0.00200000000040745" classname="ds.listServersideFunctions_smk_check_results" name="check_results"/>
    <testcase time="0.00199999999995271" classname="ds.listServersideFunctions_smk_check_results" name="check_results"/>
    <testcase time="0.00199999999995271" classname="ds.listServersideFunctions_smk_check_results" name="check_results"/>
    <testcase time="0.000999999999748979" classname="ds.listServersideFunctions_smk_check_results" name="check_results"/>
    <testcase time="0.00199999999995271" classname="ds.listServersideFunctions_smk_check_results" name="check_results"/>
    <testcase time="0.00200000000040745" classname="ds.listServersideFunctions_smk_check_results" name="check_results"/>
    <testcase time="0.00199999999995271" classname="ds.listServersideFunctions_smk_check_results" name="check_results"/>
    <testcase time="0.00199999999995271" classname="ds.listServersideFunctions_smk_check_results" name="check_results"/>
    <testcase time="0.00199999999995271" classname="ds.listServersideFunctions_smk_check_results" name="check_results"/>
    <testcase time="0.00199999999995271" classname="ds.listServersideFunctions_smk_check_results" name="check_results"/>
    <testcase time="0.00199999999995271" classname="ds.listServersideFunctions_smk_check_results" name="check_results"/>
    <testcase time="0.00199999999995271" classname="ds.listServersideFunctions_smk_check_results" name="check_results"/>
    <testcase time="0.00199999999995271" classname="ds.listServersideFunctions_smk_check_results" name="check_results"/>
    <testcase time="0.00199999999995271" classname="ds.listServersideFunctions_smk_check_results" name="check_results"/>
    <testcase time="0.00199999999995271" classname="ds.listServersideFunctions_smk_check_results" name="check_results"/>
    <testcase time="0.00200000000040745" classname="ds.listServersideFunctions_smk_check_results" name="check_results"/>
    <testcase time="0.00199999999995271" classname="ds.listServersideFunctions_smk_check_results" name="check_results"/>
    <testcase time="0.00199999999995271" classname="ds.listServersideFunctions_smk_check_results" name="check_results"/>
    <testcase time="0.00199999999995271" classname="ds.listServersideFunctions_smk_check_results" name="check_results"/>
    <testcase time="0.00199999999995271" classname="ds.listServersideFunctions_smk_check_results" name="check_results"/>
    <testcase time="0.00300000000015643" classname="ds.listServersideFunctions_smk_check_results" name="check_results"/>
    <testcase time="0.00199999999995271" classname="ds.listServersideFunctions_smk_check_results" name="check_results"/>
    <testcase time="0.00199999999995271" classname="ds.listServersideFunctions_smk_check_results" name="check_results"/>
    <testcase time="0.00199999999995271" classname="ds.listServersideFunctions_smk_check_results" name="check_results"/>
    <testcase time="0.00300000000015643" classname="ds.listServersideFunctions_smk_check_results" name="check_results"/>
    <testcase time="0.00199999999995271" classname="ds.listServersideFunctions_smk_check_results" name="check_results"/>
    <testcase time="0.00199999999995271" classname="ds.listServersideFunctions_smk_check_results" name="check_results"/>
    <testcase time="0.00299999999970169" classname="ds.listServersideFunctions_smk_check_results" name="check_results"/>
    <testcase time="0.00200000000040745" classname="ds.listServersideFunctions_smk_check_results" name="check_results"/>
    <testcase time="0.00299999999970169" classname="ds.listServersideFunctions_smk_check_results" name="check_results"/>
    <testcase time="0.00199999999995271" classname="ds.listServersideFunctions_smk_check_results" name="check_results"/>
    <testcase time="0.00199999999995271" classname="ds.listServersideFunctions_smk_check_results" name="check_results"/>
    <testcase time="0.0100000000002183" classname="ds.listServersideFunctions_smk_check_results" name="check_results"/>
    <testcase time="0.00199999999995271" classname="ds.listServersideFunctions_smk_check_results" name="check_results"/>
    <testcase time="0.00199999999995271" classname="ds.listServersideFunctions_smk_check_results" name="check_results"/>
    <testcase time="0.00300000000015643" classname="ds.listServersideFunctions_smk_check_results" name="check_results"/>
    <testcase time="0.00199999999995271" classname="ds.listServersideFunctions_smk_check_results" name="check_results"/>
    <testcase time="0.00300000000015643" classname="ds.listServersideFunctions_smk_check_results" name="check_results"/>
    <testcase time="0.00199999999995271" classname="ds.listServersideFunctions_smk_check_results" name="check_results"/>
    <testcase time="0.00199999999995271" classname="ds.listServersideFunctions_smk_check_results" name="check_results"/>
    <testcase time="0.00299999999970169" classname="ds.listServersideFunctions_smk_check_results" name="check_results"/>
    <testcase time="0.00200000000040745" classname="ds.listServersideFunctions_smk_check_results" name="check_results"/>
    <testcase time="0.00299999999970169" classname="ds.listServersideFunctions_smk_check_results" name="check_results"/>
    <testcase time="0.00199999999995271" classname="ds.listServersideFunctions_smk_check_results" name="check_results"/>
    <testcase time="0.00300000000015643" classname="ds.listServersideFunctions_smk_check_results" name="check_results"/>
    <testcase time="0.00199999999995271" classname="ds.listServersideFunctions_smk_check_results" name="check_results"/>
    <testcase time="0.00300000000015643" classname="ds.listServersideFunctions_smk_check_results" name="check_results"/>
    <testcase time="0.00199999999995271" classname="ds.listServersideFunctions_smk_check_results" name="check_results"/>
    <testcase time="0.00299999999970169" classname="ds.listServersideFunctions_smk_check_results" name="check_results"/>
    <testcase time="0.00200000000040745" classname="ds.listServersideFunctions_smk_check_results" name="check_results"/>
    <testcase time="0.00299999999970169" classname="ds.listServersideFunctions_smk_check_results" name="check_results"/>
    <testcase time="0.00300000000015643" classname="ds.listServersideFunctions_smk_check_results" name="check_results"/>
    <testcase time="0.00199999999995271" classname="ds.listServersideFunctions_smk_check_results" name="check_results"/>
    <testcase time="0.00300000000015643" classname="ds.listServersideFunctions_smk_check_results" name="check_results"/>
    <testcase time="0.00299999999970169" classname="ds.listServersideFunctions_smk_check_results" name="check_results"/>
    <testcase time="0.00199999999995271" classname="ds.listServersideFunctions_smk_check_results" name="check_results"/>
    <testcase time="0.00300000000015643" classname="ds.listServersideFunctions_smk_check_results" name="check_results"/>
    <testcase time="0.00300000000015643" classname="ds.listServersideFunctions_smk_check_results" name="check_results"/>
    <testcase time="0.00199999999995271" classname="ds.listServersideFunctions_smk_check_results" name="check_results"/>
    <testcase time="0.00299999999970169" classname="ds.listServersideFunctions_smk_check_results" name="check_results"/>
    <testcase time="0.00300000000015643" classname="ds.listServersideFunctions_smk_check_results" name="check_results"/>
    <testcase time="0.00300000000015643" classname="ds.listServersideFunctions_smk_check_results" name="check_results"/>
    <testcase time="0.00299999999970169" classname="ds.listServersideFunctions_smk_check_results" name="check_results"/>
    <testcase time="0.00200000000040745" classname="ds.listServersideFunctions_smk_check_results" name="check_results"/>
    <testcase time="0.00299999999970169" classname="ds.listServersideFunctions_smk_check_results" name="check_results"/>
    <testcase time="0.00300000000015643" classname="ds.listServersideFunctions_smk_check_results" name="check_results"/>
    <testcase time="0.00300000000015643" classname="ds.listServersideFunctions_smk_check_results" name="check_results"/>
    <testcase time="0.00299999999970169" classname="ds.listServersideFunctions_smk_check_results" name="check_results"/>
    <testcase time="0.00300000000015643" classname="ds.listServersideFunctions_smk_check_results" name="check_results"/>
    <testcase time="0.00300000000015643" classname="ds.listServersideFunctions_smk_check_results" name="check_results"/>
    <testcase time="0.00299999999970169" classname="ds.listServersideFunctions_smk_check_results" name="check_results"/>
    <testcase time="0.00300000000015643" classname="ds.listServersideFunctions_smk_check_results" name="check_results"/>
    <testcase time="0.00299999999970169" classname="ds.listServersideFunctions_smk_check_results" name="check_results"/>
    <testcase time="0.00300000000015643" classname="ds.listServersideFunctions_smk_check_results" name="check_results"/>
    <testcase time="0.00300000000015643" classname="ds.listServersideFunctions_smk_check_results" name="check_results"/>
    <testcase time="0.00299999999970169" classname="ds.listServersideFunctions_smk_check_results" name="check_results"/>
    <testcase time="0.00400000000036016" classname="ds.listServersideFunctions_smk_check_results" name="check_results"/>
    <testcase time="0.00299999999970169" classname="ds.listServersideFunctions_smk_check_results" name="check_results"/>
    <testcase time="0.00300000000015643" classname="ds.listServersideFunctions_smk_check_results" name="check_results"/>
    <testcase time="0.00300000000015643" classname="ds.listServersideFunctions_smk_check_results" name="check_results"/>
    <testcase time="0.00299999999970169" classname="ds.listServersideFunctions_smk_check_results" name="check_results"/>
    <testcase time="0.00300000000015643" classname="ds.listServersideFunctions_smk_check_results" name="check_results"/>
    <testcase time="0.00399999999990541" classname="ds.listServersideFunctions_smk_check_results" name="check_results"/>
    <testcase time="0.00300000000015643" classname="ds.listServersideFunctions_smk_check_results" name="check_results"/>
    <testcase time="0.00299999999970169" classname="ds.listServersideFunctions_smk_check_results" name="check_results"/>
    <testcase time="0.00300000000015643" classname="ds.listServersideFunctions_smk_check_results" name="check_results"/>
    <testcase time="0.00399999999990541" classname="ds.listServersideFunctions_smk_check_results" name="check_results"/>
    <testcase time="0.00300000000015643" classname="ds.listServersideFunctions_smk_check_results" name="check_results"/>
    <testcase time="0.00399999999990541" classname="ds.listServersideFunctions_smk_check_results" name="check_results"/>
    <testcase time="0.00300000000015643" classname="ds.listServersideFunctions_smk_check_results" name="check_results"/>
    <testcase time="0.00399999999990541" classname="ds.listServersideFunctions_smk_check_results" name="check_results"/>
    <testcase time="0.00300000000015643" classname="ds.listServersideFunctions_smk_check_results" name="check_results"/>
    <testcase time="0.00399999999990541" classname="ds.listServersideFunctions_smk_check_results" name="check_results"/>
    <testcase time="0.00399999999990541" classname="ds.listServersideFunctions_smk_check_results" name="check_results"/>
    <testcase time="0.00300000000015643" classname="ds.listServersideFunctions_smk_check_results" name="check_results"/>
    <testcase time="0.00399999999990541" classname="ds.listServersideFunctions_smk_check_results" name="check_results"/>
    <testcase time="0.00900000000001455" classname="ds.listServersideFunctions_smk_check_results" name="check_results"/>
    <testcase time="0.00300000000015643" classname="ds.listServersideFunctions_smk_check_results" name="check_results"/>
    <testcase time="0.00399999999990541" classname="ds.listServersideFunctions_smk_check_results" name="check_results"/>
    <testcase time="0.00299999999970169" classname="ds.listServersideFunctions_smk_check_results" name="check_results"/>
    <testcase time="0.00400000000036016" classname="ds.listServersideFunctions_smk_check_results" name="check_results"/>
    <testcase time="0.00299999999970169" classname="ds.listServersideFunctions_smk_check_results" name="check_results"/>
    <testcase time="0.00400000000036016" classname="ds.listServersideFunctions_smk_check_results" name="check_results"/>
    <testcase time="0.00299999999970169" classname="ds.listServersideFunctions_smk_check_results" name="check_results"/>
    <testcase time="0.00399999999990541" classname="ds.listServersideFunctions_smk_check_results" name="check_results"/>
    <testcase time="0.00400000000036016" classname="ds.listServersideFunctions_smk_check_results" name="check_results"/>
    <testcase time="0.00299999999970169" classname="ds.listServersideFunctions_smk_check_results" name="check_results"/>
    <testcase time="0.00399999999990541" classname="ds.listServersideFunctions_smk_check_results" name="check_results"/>
    <testcase time="0.00300000000015643" classname="ds.listServersideFunctions_smk_check_results" name="check_results"/>
    <testcase time="0.00399999999990541" classname="ds.listServersideFunctions_smk_check_results" name="check_results"/>
    <testcase time="0.00400000000036016" classname="ds.listServersideFunctions_smk_check_results" name="check_results"/>
    <testcase time="0.00299999999970169" classname="ds.listServersideFunctions_smk_check_results" name="check_results"/>
    <testcase time="0.00399999999990541" classname="ds.listServersideFunctions_smk_check_results" name="check_results"/>
    <testcase time="0.00400000000036016" classname="ds.listServersideFunctions_smk_check_results" name="check_results"/>
    <testcase time="0.00399999999990541" classname="ds.listServersideFunctions_smk_check_results" name="check_results"/>
    <testcase time="0.00299999999970169" classname="ds.listServersideFunctions_smk_check_results" name="check_results"/>
    <testcase time="0.00400000000036016" classname="ds.listServersideFunctions_smk_check_results" name="check_results"/>
    <testcase time="0.00399999999990541" classname="ds.listServersideFunctions_smk_check_results" name="check_results"/>
    <testcase time="0.00399999999990541" classname="ds.listServersideFunctions_smk_check_results" name="check_results"/>
    <testcase time="0.00399999999990541" classname="ds.listServersideFunctions_smk_check_results" name="check_results"/>
    <testcase time="0.00400000000036016" classname="ds.listServersideFunctions_smk_check_results" name="check_results"/>
    <testcase time="0.00299999999970169" classname="ds.listServersideFunctions_smk_check_results" name="check_results"/>
    <testcase time="0.00299999999970169" classname="ds.listServersideFunctions_smk_check_results" name="check_results"/>
    <testcase time="0.00400000000036016" classname="ds.listServersideFunctions_smk_check_results" name="check_results"/>
    <testcase time="0.00399999999990541" classname="ds.listServersideFunctions_smk_check_results" name="check_results"/>
    <testcase time="0.00399999999990541" classname="ds.listServersideFunctions_smk_check_results" name="check_results"/>
    <testcase time="0.00399999999990541" classname="ds.listServersideFunctions_smk_check_results" name="check_results"/>
    <testcase time="0.00399999999990541" classname="ds.listServersideFunctions_smk_check_results" name="check_results"/>
    <testcase time="0.00400000000036016" classname="ds.listServersideFunctions_smk_check_results" name="check_results"/>
    <testcase time="0.00499999999965439" classname="ds.listServersideFunctions_smk_check_results" name="check_results"/>
    <testcase time="0.00400000000036016" classname="ds.listServersideFunctions_smk_check_results" name="check_results"/>
    <testcase time="0.00399999999990541" classname="ds.listServersideFunctions_smk_check_results" name="check_results"/>
    <testcase time="0.00399999999990541" classname="ds.listServersideFunctions_smk_check_results" name="check_results"/>
    <testcase time="0.00399999999990541" classname="ds.listServersideFunctions_smk_check_results" name="check_results"/>
    <testcase time="0.00399999999990541" classname="ds.listServersideFunctions_smk_check_results" name="check_results"/>
    <testcase time="0.00500000000010914" classname="ds.listServersideFunctions_smk_check_results" name="check_results"/>
    <testcase time="0.00399999999990541" classname="ds.listServersideFunctions_smk_check_results" name="check_results"/>
    <testcase time="0.00500000000010914" classname="ds.listServersideFunctions_smk_check_results" name="check_results"/>
    <testcase time="0.00399999999990541" classname="ds.listServersideFunctions_smk_check_results" name="check_results"/>
    <testcase time="0.00400000000036016" classname="ds.listServersideFunctions_smk_check_results" name="check_results"/>
    <testcase time="0.00499999999965439" classname="ds.listServersideFunctions_smk_check_results" name="check_results"/>
    <testcase time="0.0100000000002183" classname="ds.listServersideFunctions_smk_check_results" name="check_results"/>
    <testcase time="0.00399999999990541" classname="ds.listServersideFunctions_smk_check_results" name="check_results"/>
    <testcase time="0.00399999999990541" classname="ds.listServersideFunctions_smk_check_results" name="check_results"/>
    <testcase time="0.00399999999990541" classname="ds.listServersideFunctions_smk_check_results" name="check_results"/>
    <testcase time="0.00500000000010914" classname="ds.listServersideFunctions_smk_check_results" name="check_results"/>
    <testcase time="0.00399999999990541" classname="ds.listServersideFunctions_smk_check_results" name="check_results"/>
    <testcase time="0.00400000000036016" classname="ds.listServersideFunctions_smk_check_results" name="check_results"/>
    <testcase time="0.00499999999965439" classname="ds.listServersideFunctions_smk_check_results" name="check_results"/>
    <testcase time="0.00400000000036016" classname="ds.listServersideFunctions_smk_check_results" name="check_results"/>
    <testcase time="0.00499999999965439" classname="ds.listServersideFunctions_smk_check_results" name="check_results"/>
    <testcase time="0.00400000000036016" classname="ds.listServersideFunctions_smk_check_results" name="check_results"/>
    <testcase time="0.00399999999990541" classname="ds.listServersideFunctions_smk_check_results" name="check_results"/>
    <testcase time="0.00500000000010914" classname="ds.listServersideFunctions_smk_check_results" name="check_results"/>
    <testcase time="0.00399999999990541" classname="ds.listServersideFunctions_smk_check_results" name="check_results"/>
    <testcase time="0.00500000000010914" classname="ds.listServersideFunctions_smk_check_results" name="check_results"/>
    <testcase time="0.00399999999990541" classname="ds.listServersideFunctions_smk_check_results" name="check_results"/>
    <testcase time="0.00499999999965439" classname="ds.listServersideFunctions_smk_check_results" name="check_results"/>
    <testcase time="0.00400000000036016" classname="ds.listServersideFunctions_smk_check_results" name="check_results"/>
    <testcase time="0.00499999999965439" classname="ds.listServersideFunctions_smk_check_results" name="check_results"/>
    <testcase time="0.00500000000010914" classname="ds.listServersideFunctions_smk_check_results" name="check_results"/>
    <testcase time="0.00399999999990541" classname="ds.listServersideFunctions_smk_check_results" name="check_results"/>
    <testcase time="0.00500000000010914" classname="ds.listServersideFunctions_smk_check_results" name="check_results"/>
    <testcase time="0.00500000000010914" classname="ds.listServersideFunctions_smk_check_results" name="check_results"/>
    <testcase time="0.00399999999990541" classname="ds.listServersideFunctions_smk_check_results" name="check_results"/>
    <testcase time="0.00500000000010914" classname="ds.listServersideFunctions_smk_check_results" name="check_results"/>
    <testcase time="0.00500000000010914" classname="ds.listServersideFunctions_smk_check_results" name="check_results"/>
    <testcase time="0.00499999999965439" classname="ds.listServersideFunctions_smk_check_results" name="check_results"/>
    <testcase time="0.00400000000036016" classname="ds.listServersideFunctions_smk_check_results" name="check_results"/>
    <testcase time="0.00499999999965439" classname="ds.listServersideFunctions_smk_check_results" name="check_results"/>
    <testcase time="0.00500000000010914" classname="ds.listServersideFunctions_smk_check_results" name="check_results"/>
    <testcase time="0.00500000000010914" classname="ds.listServersideFunctions_smk_check_results" name="check_results"/>
    <testcase time="0.00500000000010914" classname="ds.listServersideFunctions_smk_check_results" name="check_results"/>
    <testcase time="0.00499999999965439" classname="ds.listServersideFunctions_smk_check_results" name="check_results"/>
    <testcase time="0.00600000000031287" classname="ds.listServersideFunctions_smk_check_results" name="check_results"/>
    <testcase time="0.00500000000010914" classname="ds.listServersideFunctions_smk_check_results" name="check_results"/>
    <testcase time="0.00499999999965439" classname="ds.listServersideFunctions_smk_check_results" name="check_results"/>
    <testcase time="0.0100000000002183" classname="ds.listServersideFunctions_smk_check_results" name="check_results"/>
    <testcase time="0.00500000000010914" classname="ds.listServersideFunctions_smk_check_results" name="check_results"/>
    <testcase time="0.00499999999965439" classname="ds.listServersideFunctions_smk_check_results" name="check_results"/>
    <testcase time="0.00500000000010914" classname="ds.listServersideFunctions_smk_check_results" name="check_results"/>
    <testcase time="0.00500000000010914" classname="ds.listServersideFunctions_smk_check_results" name="check_results"/>
    <testcase time="0.00500000000010914" classname="ds.listServersideFunctions_smk_check_results" name="check_results"/>
    <testcase time="0.00499999999965439" classname="ds.listServersideFunctions_smk_check_results" name="check_results"/>
    <testcase time="0.00500000000010914" classname="ds.listServersideFunctions_smk_check_results" name="check_results"/>
    <testcase time="0.00500000000010914" classname="ds.listServersideFunctions_smk_check_results" name="check_results"/>
    <testcase time="0.00500000000010914" classname="ds.listServersideFunctions_smk_check_results" name="check_results"/>
    <testcase time="0.00499999999965439" classname="ds.listServersideFunctions_smk_check_results" name="check_results"/>
    <testcase time="0.00500000000010914" classname="ds.listServersideFunctions_smk_check_results" name="check_results"/>
    <testcase time="0.00500000000010914" classname="ds.listServersideFunctions_smk_check_results" name="check_results"/>
    <testcase time="0.00500000000010914" classname="ds.listServersideFunctions_smk_check_results" name="check_results"/>
    <testcase time="0.00499999999965439" classname="ds.listServersideFunctions_smk_check_results" name="check_results"/>
    <testcase time="0.00500000000010914" classname="ds.listServersideFunctions_smk_check_results" name="check_results"/>
    <testcase time="0.00600000000031287" classname="ds.listServersideFunctions_smk_check_results" name="check_results"/>
    <testcase time="0.00499999999965439" classname="ds.listServersideFunctions_smk_check_results" name="check_results"/>
    <testcase time="0.00500000000010914" classname="ds.listServersideFunctions_smk_check_results" name="check_results"/>
    <testcase time="0.00500000000010914" classname="ds.listServersideFunctions_smk_check_results" name="check_results"/>
    <testcase time="0.00599999999985812" classname="ds.listServersideFunctions_smk_check_results" name="check_results"/>
    <testcase time="0.00500000000010914" classname="ds.listServersideFunctions_smk_check_results" name="check_results"/>
    <testcase time="0.00500000000010914" classname="ds.listServersideFunctions_smk_check_results" name="check_results"/>
    <testcase time="0.00599999999985812" classname="ds.listServersideFunctions_smk_check_results" name="check_results"/>
    <testcase time="0.00500000000010914" classname="ds.listServersideFunctions_smk_check_results" name="check_results"/>
    <testcase time="0.00499999999965439" classname="ds.listServersideFunctions_smk_check_results" name="check_results"/>
    <testcase time="0.00600000000031287" classname="ds.listServersideFunctions_smk_check_results" name="check_results"/>
    <testcase time="0.00500000000010914" classname="ds.listServersideFunctions_smk_check_results" name="check_results"/>
    <testcase time="0.00599999999985812" classname="ds.listServersideFunctions_smk_check_results" name="check_results"/>
    <testcase time="0.00599999999985812" classname="ds.listServersideFunctions_smk_check_results" name="check_results"/>
    <testcase time="0.00599999999985812" classname="ds.listServersideFunctions_smk_check_results" name="check_results"/>
    <testcase time="0.00500000000010914" classname="ds.listServersideFunctions_smk_check_results" name="check_results"/>
    <testcase time="0.012000000000171" classname="ds.listServersideFunctions_smk_check_results" name="check_results"/>
    <testcase time="0.00500000000010914" classname="ds.listServersideFunctions_smk_check_results" name="check_results"/>
    <testcase time="0.00599999999985812" classname="ds.listServersideFunctions_smk_check_results" name="check_results"/>
    <testcase time="0.00500000000010914" classname="ds.listServersideFunctions_smk_check_results" name="check_results"/>
    <testcase time="0.00599999999985812" classname="ds.listServersideFunctions_smk_check_results" name="check_results"/>
    <testcase time="0.00500000000010914" classname="ds.listServersideFunctions_smk_check_results" name="check_results"/>
    <testcase time="0.00599999999985812" classname="ds.listServersideFunctions_smk_check_results" name="check_results"/>
    <testcase time="0.00500000000010914" classname="ds.listServersideFunctions_smk_check_results" name="check_results"/>
    <testcase time="0.00599999999985812" classname="ds.listServersideFunctions_smk_check_results" name="check_results"/>
    <testcase time="0.00599999999985812" classname="ds.listServersideFunctions_smk_check_results" name="check_results"/>
    <testcase time="0.00500000000010914" classname="ds.listServersideFunctions_smk_check_results" name="check_results"/>
    <testcase time="0.00600000000031287" classname="ds.listServersideFunctions_smk_check_results" name="check_results"/>
    <testcase time="0.00499999999965439" classname="ds.listServersideFunctions_smk_check_results" name="check_results"/>
    <testcase time="0.00500000000010914" classname="ds.listServersideFunctions_smk_check_results" name="check_results"/>
    <testcase time="0.00599999999985812" classname="ds.listServersideFunctions_smk_check_results" name="check_results"/>
    <testcase time="0.00599999999985812" classname="ds.listServersideFunctions_smk_check_results" name="check_results"/>
    <testcase time="0.00600000000031287" classname="ds.listServersideFunctions_smk_check_results" name="check_results"/>
    <testcase time="0.00499999999965439" classname="ds.listServersideFunctions_smk_check_results" name="check_results"/>
    <testcase time="0.00600000000031287" classname="ds.listServersideFunctions_smk_check_results" name="check_results"/>
    <testcase time="0.00599999999985812" classname="ds.listServersideFunctions_smk_check_results" name="check_results"/>
    <testcase time="0.00599999999985812" classname="ds.listServersideFunctions_smk_check_results" name="check_results"/>
    <testcase time="0.00600000000031287" classname="ds.listServersideFunctions_smk_check_results" name="check_results"/>
    <testcase time="0.00599999999985812" classname="ds.listServersideFunctions_smk_check_results" name="check_results"/>
    <testcase time="0.00599999999985812" classname="ds.listServersideFunctions_smk_check_results" name="check_results"/>
    <testcase time="0.00599999999985812" classname="ds.listServersideFunctions_smk_check_results" name="check_results"/>
    <testcase time="0.00600000000031287" classname="ds.listServersideFunctions_smk_check_results" name="check_results"/>
    <testcase time="0.00700000000006185" classname="ds.listServersideFunctions_smk_check_results" name="check_results"/>
    <testcase time="0.00599999999985812" classname="ds.listServersideFunctions_smk_check_results" name="check_results"/>
    <testcase time="0.00599999999985812" classname="ds.listServersideFunctions_smk_check_results" name="check_results"/>
    <testcase time="0.0109999999999673" classname="ds.listServersideFunctions_smk_check_results" name="check_results"/>
    <testcase time="0.00500000000010914" classname="ds.listServersideFunctions_smk_check_results" name="check_results"/>
    <testcase time="0.00599999999985812" classname="ds.listServersideFunctions_smk_check_results" name="check_results"/>
    <testcase time="0.00599999999985812" classname="ds.listServersideFunctions_smk_check_results" name="check_results"/>
    <testcase time="0.00600000000031287" classname="ds.listServersideFunctions_smk_check_results" name="check_results"/>
    <testcase time="0.00599999999985812" classname="ds.listServersideFunctions_smk_check_results" name="check_results"/>
    <testcase time="0.00600000000031287" classname="ds.listServersideFunctions_smk_check_results" name="check_results"/>
    <testcase time="0.00599999999985812" classname="ds.listServersideFunctions_smk_check_results" name="check_results"/>
    <testcase time="0.00599999999985812" classname="ds.listServersideFunctions_smk_check_results" name="check_results"/>
    <testcase time="0.00600000000031287" classname="ds.listServersideFunctions_smk_check_results" name="check_results"/>
    <testcase time="0.00599999999985812" classname="ds.listServersideFunctions_smk_check_results" name="check_results"/>
    <testcase time="0.00599999999985812" classname="ds.listServersideFunctions_smk_check_results" name="check_results"/>
    <testcase time="0.00700000000006185" classname="ds.listServersideFunctions_smk_check_results" name="check_results"/>
    <testcase time="0.00600000000031287" classname="ds.listServersideFunctions_smk_check_results" name="check_results"/>
    <testcase time="0.00599999999985812" classname="ds.listServersideFunctions_smk_check_results" name="check_results"/>
    <testcase time="0.00599999999985812" classname="ds.listServersideFunctions_smk_check_results" name="check_results"/>
    <testcase time="0.00700000000006185" classname="ds.listServersideFunctions_smk_check_results" name="check_results"/>
    <testcase time="0.00599999999985812" classname="ds.listServersideFunctions_smk_check_results" name="check_results"/>
    <testcase time="0.00600000000031287" classname="ds.listServersideFunctions_smk_check_results" name="check_results"/>
    <testcase time="0.0069999999996071" classname="ds.listServersideFunctions_smk_check_results" name="check_results"/>
    <testcase time="0.00600000000031287" classname="ds.listServersideFunctions_smk_check_results" name="check_results"/>
    <testcase time="0.00700000000006185" classname="ds.listServersideFunctions_smk_check_results" name="check_results"/>
    <testcase time="0.00599999999985812" classname="ds.listServersideFunctions_smk_check_results" name="check_results"/>
    <testcase time="0.00700000000006185" classname="ds.listServersideFunctions_smk_check_results" name="check_results"/>
    <testcase time="0.00700000000006185" classname="ds.listServersideFunctions_smk_check_results" name="check_results"/>
    <testcase time="0.00700000000006185" classname="ds.listServersideFunctions_smk_check_results" name="check_results"/>
    <testcase time="0.0119999999997162" classname="ds.listServersideFunctions_smk_check_results" name="check_results"/>
    <testcase time="0.00700000000006185" classname="ds.listServersideFunctions_smk_check_results" name="check_results"/>
    <testcase time="0.00599999999985812" classname="ds.listServersideFunctions_smk_check_results" name="check_results"/>
    <testcase time="0.00600000000031287" classname="ds.listServersideFunctions_smk_check_results" name="check_results"/>
    <testcase time="0.00700000000006185" classname="ds.listServersideFunctions_smk_check_results" name="check_results"/>
    <testcase time="0.00599999999985812" classname="ds.listServersideFunctions_smk_check_results" name="check_results"/>
    <testcase time="0.00700000000006185" classname="ds.listServersideFunctions_smk_check_results" name="check_results"/>
    <testcase time="0.00700000000006185" classname="ds.listServersideFunctions_smk_check_results" name="check_results"/>
    <testcase time="0.00599999999985812" classname="ds.listServersideFunctions_smk_check_results" name="check_results"/>
    <testcase time="0.00700000000006185" classname="ds.listServersideFunctions_smk_check_results" name="check_results"/>
    <testcase time="0.00700000000006185" classname="ds.listServersideFunctions_smk_check_results" name="check_results"/>
    <testcase time="0.00599999999985812" classname="ds.listServersideFunctions_smk_check_results" name="check_results"/>
    <testcase time="0.00700000000006185" classname="ds.listServersideFunctions_smk_check_results" name="check_results"/>
    <testcase time="0.00700000000006185" classname="ds.listServersideFunctions_smk_check_results" name="check_results"/>
    <testcase time="0.00700000000006185" classname="ds.listServersideFunctions_smk_check_results" name="check_results"/>
    <testcase time="0.00599999999985812" classname="ds.listServersideFunctions_smk_check_results" name="check_results"/>
    <testcase time="0.00700000000006185" classname="ds.listServersideFunctions_smk_check_results" name="check_results"/>
    <testcase time="0.00700000000006185" classname="ds.listServersideFunctions_smk_check_results" name="check_results"/>
    <testcase time="0.0069999999996071" classname="ds.listServersideFunctions_smk_check_results" name="check_results"/>
    <testcase time="0.00700000000006185" classname="ds.listServersideFunctions_smk_check_results" name="check_results"/>
    <testcase time="0.00700000000006185" classname="ds.listServersideFunctions_smk_check_results" name="check_results"/>
    <testcase time="0.00700000000006185" classname="ds.listServersideFunctions_smk_check_results" name="check_results"/>
    <testcase time="0.00700000000006185" classname="ds.listServersideFunctions_smk_check_results" name="check_results"/>
    <testcase time="0.00799999999981083" classname="ds.listServersideFunctions_smk_check_results" name="check_results"/>
    <testcase time="0.01299999999992" classname="ds.listServersideFunctions_smk_check_results" name="check_results"/>
    <testcase time="0.00700000000006185" classname="ds.listServersideFunctions_smk_check_results" name="check_results"/>
    <testcase time="0.00700000000006185" classname="ds.listServersideFunctions_smk_check_results" name="check_results"/>
    <testcase time="0.00700000000006185" classname="ds.listServersideFunctions_smk_check_results" name="check_results"/>
    <testcase time="0.00700000000006185" classname="ds.listServersideFunctions_smk_check_results" name="check_results"/>
    <testcase time="0.00700000000006185" classname="ds.listServersideFunctions_smk_check_results" name="check_results"/>
    <testcase time="0.00700000000006185" classname="ds.listServersideFunctions_smk_check_results" name="check_results"/>
    <testcase time="0.00599999999985812" classname="ds.listServersideFunctions_smk_check_results" name="check_results"/>
    <testcase time="0.00599999999985812" classname="ds.listServersideFunctions_smk_check_results" name="check_results"/>
    <testcase time="0.00700000000006185" classname="ds.listServersideFunctions_smk_check_results" name="check_results"/>
  </testsuite>
  <testsuite name="ds.lmerSLMA::smk::setup phase 1" timestamp="2020-07-06T23:52:22Z" hostname="fv-az14" tests="3" skipped="0" failures="0" errors="0" time="5.103">
    <testcase time="5.10099999999966" classname="ds.lmerSLMA_smk_setup_phase_1" name="setup"/>
    <testcase time="0.00100000000020373" classname="ds.lmerSLMA_smk_setup_phase_1" name="setup"/>
    <testcase time="0.00100000000020373" classname="ds.lmerSLMA_smk_setup_phase_1" name="setup"/>
  </testsuite>
  <testsuite name="ds.lmerSLMA::smk::phase 1" timestamp="2020-07-06T23:52:27Z" hostname="fv-az14" tests="11" skipped="0" failures="0" errors="0" time="14.027">
    <testcase time="2.15999999999985" classname="ds.lmerSLMA_smk_phase_1" name="simple_lmerSLMA"/>
    <testcase time="0.766999999999825" classname="ds.lmerSLMA_smk_phase_1" name="alternative_formulae_for_nested_groups"/>
    <testcase time="0.697000000000116" classname="ds.lmerSLMA_smk_phase_1" name="alternative_formulae_for_nested_groups"/>
    <testcase time="0.643000000000029" classname="ds.lmerSLMA_smk_phase_1" name="alternative_formulae_for_nested_groups"/>
    <testcase time="0.610000000000127" classname="ds.lmerSLMA_smk_phase_1" name="server_side_error"/>
    <testcase time="0.265999999999622" classname="ds.lmerSLMA_smk_phase_1" name="server_side_error"/>
    <testcase time="0.6550000000002" classname="ds.lmerSLMA_smk_phase_1" name="server_side_error"/>
    <testcase time="6.22600000000011" classname="ds.lmerSLMA_smk_phase_1" name="test_offsets_and_weights"/>
    <testcase time="0.672999999999774" classname="ds.lmerSLMA_smk_phase_1" name="test_offsets_and_weights"/>
    <testcase time="0.661000000000058" classname="ds.lmerSLMA_smk_phase_1" name="test_offsets_and_weights"/>
    <testcase time="0.668999999999869" classname="ds.lmerSLMA_smk_phase_1" name="test_offsets_and_weights"/>
  </testsuite>
  <testsuite name="ds.lmerSLMA::smk::shutdown phase 1" timestamp="2020-07-06T23:52:41Z" hostname="fv-az14" tests="3" skipped="0" failures="0" errors="0" time="0.268">
    <testcase time="0.266000000000076" classname="ds.lmerSLMA_smk_shutdown_phase_1" name="shutdown"/>
    <testcase time="0.00100000000020373" classname="ds.lmerSLMA_smk_shutdown_phase_1" name="shutdown"/>
    <testcase time="0.000999999999748979" classname="ds.lmerSLMA_smk_shutdown_phase_1" name="shutdown"/>
  </testsuite>
  <testsuite name="ds.lmerSLMA::smk::setup phase 2" timestamp="2020-07-06T23:52:41Z" hostname="fv-az14" tests="3" skipped="0" failures="0" errors="0" time="5.356">
    <testcase time="5.35400000000027" classname="ds.lmerSLMA_smk_setup_phase_2" name="setup"/>
    <testcase time="0.000999999999748979" classname="ds.lmerSLMA_smk_setup_phase_2" name="setup"/>
    <testcase time="0.00100000000020373" classname="ds.lmerSLMA_smk_setup_phase_2" name="setup"/>
  </testsuite>
  <testsuite name="ds.lmerSLMA::smk::test phase 2" timestamp="2020-07-06T23:52:46Z" hostname="fv-az14" tests="1" skipped="1" failures="0" errors="0" time="0.011">
    <testcase time="0.0109999999999673" classname="ds.lmerSLMA_smk_test_phase_2" name="check_slope_formulae">
      <skipped/>
    </testcase>
  </testsuite>
  <testsuite name="ds.lmerSLMA::smk::shutdown phase 2" timestamp="2020-07-06T23:52:46Z" hostname="fv-az14" tests="3" skipped="0" failures="0" errors="0" time="0.269">
    <testcase time="0.266999999999825" classname="ds.lmerSLMA_smk_shutdown_phase_2" name="shutdown"/>
    <testcase time="0.00100000000020373" classname="ds.lmerSLMA_smk_shutdown_phase_2" name="shutdown"/>
    <testcase time="0.000999999999748979" classname="ds.lmerSLMA_smk_shutdown_phase_2" name="shutdown"/>
  </testsuite>
  <testsuite name="ds.lmerSLMA::smk::done" timestamp="2020-07-06T23:52:47Z" hostname="fv-az14" tests="0" skipped="0" failures="0" errors="0" time="0"/>
  <testsuite name="ds.log::smk::setup" timestamp="2020-07-06T23:52:47Z" hostname="fv-az14" tests="3" skipped="0" failures="0" errors="0" time="5.164">
    <testcase time="5.16200000000026" classname="ds.log_smk_setup" name="setup"/>
    <testcase time="0.000999999999748979" classname="ds.log_smk_setup" name="setup"/>
    <testcase time="0.00100000000020373" classname="ds.log_smk_setup" name="setup"/>
  </testsuite>
  <testsuite name="ds.log::smk" timestamp="2020-07-06T23:52:52Z" hostname="fv-az14" tests="30" skipped="0" failures="0" errors="0" time="5.253">
    <testcase time="1.4699999999998" classname="ds.log_smk" name="simple_log"/>
    <testcase time="0.263000000000375" classname="ds.log_smk" name="simple_log"/>
    <testcase time="0.00100000000020373" classname="ds.log_smk" name="simple_log"/>
    <testcase time="0.000999999999748979" classname="ds.log_smk" name="simple_log"/>
    <testcase time="0.00100000000020373" classname="ds.log_smk" name="simple_log"/>
    <testcase time="0.000999999999748979" classname="ds.log_smk" name="simple_log"/>
    <testcase time="0.00100000000020373" classname="ds.log_smk" name="simple_log"/>
    <testcase time="0.000999999999748979" classname="ds.log_smk" name="simple_log"/>
    <testcase time="0.513000000000375" classname="ds.log_smk" name="simple_log"/>
    <testcase time="0.000999999999748979" classname="ds.log_smk" name="simple_log"/>
    <testcase time="0.00100000000020373" classname="ds.log_smk" name="simple_log"/>
    <testcase time="0.000999999999748979" classname="ds.log_smk" name="simple_log"/>
    <testcase time="0.00199999999995271" classname="ds.log_smk" name="simple_log"/>
    <testcase time="0.00100000000020373" classname="ds.log_smk" name="simple_log"/>
    <testcase time="0.00100000000020373" classname="ds.log_smk" name="simple_log"/>
    <testcase time="2.20999999999958" classname="ds.log_smk" name="simple_log"/>
    <testcase time="0.255000000000109" classname="ds.log_smk" name="simple_log"/>
    <testcase time="0.00199999999995271" classname="ds.log_smk" name="simple_log"/>
    <testcase time="0.00100000000020373" classname="ds.log_smk" name="simple_log"/>
    <testcase time="0.000999999999748979" classname="ds.log_smk" name="simple_log"/>
    <testcase time="0.00200000000040745" classname="ds.log_smk" name="simple_log"/>
    <testcase time="0.000999999999748979" classname="ds.log_smk" name="simple_log"/>
    <testcase time="0.00199999999995271" classname="ds.log_smk" name="simple_log"/>
    <testcase time="0.510999999999967" classname="ds.log_smk" name="simple_log"/>
    <testcase time="0.00199999999995271" classname="ds.log_smk" name="simple_log"/>
    <testcase time="0.00100000000020373" classname="ds.log_smk" name="simple_log"/>
    <testcase time="0.000999999999748979" classname="ds.log_smk" name="simple_log"/>
    <testcase time="0.00200000000040745" classname="ds.log_smk" name="simple_log"/>
    <testcase time="0.000999999999748979" classname="ds.log_smk" name="simple_log"/>
    <testcase time="0.00199999999995271" classname="ds.log_smk" name="simple_log"/>
  </testsuite>
  <testsuite name="ds.log::smk::shutdown" timestamp="2020-07-06T23:52:57Z" hostname="fv-az14" tests="3" skipped="0" failures="0" errors="0" time="0.268">
    <testcase time="0.266000000000076" classname="ds.log_smk_shutdown" name="shutdown"/>
    <testcase time="0.00100000000020373" classname="ds.log_smk_shutdown" name="shutdown"/>
    <testcase time="0.000999999999748979" classname="ds.log_smk_shutdown" name="shutdown"/>
  </testsuite>
  <testsuite name="ds.log::smk::done" timestamp="2020-07-06T23:52:58Z" hostname="fv-az14" tests="0" skipped="0" failures="0" errors="0" time="0"/>
  <testsuite name="ds.look::smk::setup" timestamp="2020-07-06T23:52:58Z" hostname="fv-az14" tests="3" skipped="0" failures="0" errors="0" time="5.154">
    <testcase time="5.15200000000004" classname="ds.look_smk_setup" name="setup"/>
    <testcase time="0.00100000000020373" classname="ds.look_smk_setup" name="setup"/>
    <testcase time="0.000999999999748979" classname="ds.look_smk_setup" name="setup"/>
  </testsuite>
  <testsuite name="ds.look::smk" timestamp="2020-07-06T23:53:02Z" hostname="fv-az14" tests="5" skipped="0" failures="0" errors="0" time="0.276">
    <testcase time="0.271000000000186" classname="ds.look_smk" name="simple_look"/>
    <testcase time="0.000999999999748979" classname="ds.look_smk" name="simple_look"/>
    <testcase time="0.00199999999995271" classname="ds.look_smk" name="simple_look"/>
    <testcase time="0.00100000000020373" classname="ds.look_smk" name="simple_look"/>
    <testcase time="0.000999999999748979" classname="ds.look_smk" name="simple_look"/>
  </testsuite>
  <testsuite name="ds.look::smk::shutdown" timestamp="2020-07-06T23:53:03Z" hostname="fv-az14" tests="3" skipped="0" failures="0" errors="0" time="0.268">
    <testcase time="0.266000000000076" classname="ds.look_smk_shutdown" name="shutdown"/>
    <testcase time="0.00100000000020373" classname="ds.look_smk_shutdown" name="shutdown"/>
    <testcase time="0.000999999999748979" classname="ds.look_smk_shutdown" name="shutdown"/>
  </testsuite>
  <testsuite name="ds.look::smk::done" timestamp="2020-07-06T23:53:03Z" hostname="fv-az14" tests="0" skipped="0" failures="0" errors="0" time="0"/>
  <testsuite name="ds.ls::smk::setup" timestamp="2020-07-06T23:53:03Z" hostname="fv-az14" tests="3" skipped="0" failures="0" errors="0" time="5.189">
    <testcase time="5.1869999999999" classname="ds.ls_smk_setup" name="setup"/>
    <testcase time="0.00100000000020373" classname="ds.ls_smk_setup" name="setup"/>
    <testcase time="0.000999999999748979" classname="ds.ls_smk_setup" name="setup"/>
  </testsuite>
  <testsuite name="ds.ls::smk" timestamp="2020-07-06T23:53:08Z" hostname="fv-az14" tests="53" skipped="0" failures="0" errors="0" time="1.389">
    <testcase time="0.268000000000029" classname="ds.ls_smk" name="simple_ls"/>
    <testcase time="0.00100000000020373" classname="ds.ls_smk" name="simple_ls"/>
    <testcase time="0.00199999999995271" classname="ds.ls_smk" name="simple_ls"/>
    <testcase time="0.000999999999748979" classname="ds.ls_smk" name="simple_ls"/>
    <testcase time="0.00100000000020373" classname="ds.ls_smk" name="simple_ls"/>
    <testcase time="0.00100000000020373" classname="ds.ls_smk" name="simple_ls"/>
    <testcase time="0.000999999999748979" classname="ds.ls_smk" name="simple_ls"/>
    <testcase time="0.00100000000020373" classname="ds.ls_smk" name="simple_ls"/>
    <testcase time="0.000999999999748979" classname="ds.ls_smk" name="simple_ls"/>
    <testcase time="0.00100000000020373" classname="ds.ls_smk" name="simple_ls"/>
    <testcase time="0.000999999999748979" classname="ds.ls_smk" name="simple_ls"/>
    <testcase time="0.00199999999995271" classname="ds.ls_smk" name="simple_ls"/>
    <testcase time="0.00100000000020373" classname="ds.ls_smk" name="simple_ls"/>
    <testcase time="0.26299999999992" classname="ds.ls_smk" name="simple_ls_with_envir"/>
    <testcase time="0.00100000000020373" classname="ds.ls_smk" name="simple_ls_with_envir"/>
    <testcase time="0.00100000000020373" classname="ds.ls_smk" name="simple_ls_with_envir"/>
    <testcase time="0.000999999999748979" classname="ds.ls_smk" name="simple_ls_with_envir"/>
    <testcase time="0.00100000000020373" classname="ds.ls_smk" name="simple_ls_with_envir"/>
    <testcase time="0.00199999999995271" classname="ds.ls_smk" name="simple_ls_with_envir"/>
    <testcase time="0.00100000000020373" classname="ds.ls_smk" name="simple_ls_with_envir"/>
    <testcase time="0.000999999999748979" classname="ds.ls_smk" name="simple_ls_with_envir"/>
    <testcase time="0.000999999999748979" classname="ds.ls_smk" name="simple_ls_with_envir"/>
    <testcase time="0.00100000000020373" classname="ds.ls_smk" name="simple_ls_with_envir"/>
    <testcase time="0.26299999999992" classname="ds.ls_smk" name="simple_ls_with_envir_with_wildcard_postfix"/>
    <testcase time="0.00199999999995271" classname="ds.ls_smk" name="simple_ls_with_envir_with_wildcard_postfix"/>
    <testcase time="0.00100000000020373" classname="ds.ls_smk" name="simple_ls_with_envir_with_wildcard_postfix"/>
    <testcase time="0.00199999999995271" classname="ds.ls_smk" name="simple_ls_with_envir_with_wildcard_postfix"/>
    <testcase time="0.000999999999748979" classname="ds.ls_smk" name="simple_ls_with_envir_with_wildcard_postfix"/>
    <testcase time="0.00199999999995271" classname="ds.ls_smk" name="simple_ls_with_envir_with_wildcard_postfix"/>
    <testcase time="0.00199999999995271" classname="ds.ls_smk" name="simple_ls_with_envir_with_wildcard_postfix"/>
    <testcase time="0.00100000000020373" classname="ds.ls_smk" name="simple_ls_with_envir_with_wildcard_postfix"/>
    <testcase time="0.00199999999995271" classname="ds.ls_smk" name="simple_ls_with_envir_with_wildcard_postfix"/>
    <testcase time="0.00100000000020373" classname="ds.ls_smk" name="simple_ls_with_envir_with_wildcard_postfix"/>
    <testcase time="0.266000000000076" classname="ds.ls_smk" name="simple_ls_with_envir_with_wildcard_infix"/>
    <testcase time="0.00199999999995271" classname="ds.ls_smk" name="simple_ls_with_envir_with_wildcard_infix"/>
    <testcase time="0.00199999999995271" classname="ds.ls_smk" name="simple_ls_with_envir_with_wildcard_infix"/>
    <testcase time="0.000999999999748979" classname="ds.ls_smk" name="simple_ls_with_envir_with_wildcard_infix"/>
    <testcase time="0.00199999999995271" classname="ds.ls_smk" name="simple_ls_with_envir_with_wildcard_infix"/>
    <testcase time="0.00100000000020373" classname="ds.ls_smk" name="simple_ls_with_envir_with_wildcard_infix"/>
    <testcase time="0.00199999999995271" classname="ds.ls_smk" name="simple_ls_with_envir_with_wildcard_infix"/>
    <testcase time="0.00199999999995271" classname="ds.ls_smk" name="simple_ls_with_envir_with_wildcard_infix"/>
    <testcase time="0.00199999999995271" classname="ds.ls_smk" name="simple_ls_with_envir_with_wildcard_infix"/>
    <testcase time="0.00100000000020373" classname="ds.ls_smk" name="simple_ls_with_envir_with_wildcard_infix"/>
    <testcase time="0.259999999999764" classname="ds.ls_smk" name="simple_ls_with_envir_with_wildcard_prefix"/>
    <testcase time="0.00199999999995271" classname="ds.ls_smk" name="simple_ls_with_envir_with_wildcard_prefix"/>
    <testcase time="0.00200000000040745" classname="ds.ls_smk" name="simple_ls_with_envir_with_wildcard_prefix"/>
    <testcase time="0.000999999999748979" classname="ds.ls_smk" name="simple_ls_with_envir_with_wildcard_prefix"/>
    <testcase time="0.00199999999995271" classname="ds.ls_smk" name="simple_ls_with_envir_with_wildcard_prefix"/>
    <testcase time="0.00199999999995271" classname="ds.ls_smk" name="simple_ls_with_envir_with_wildcard_prefix"/>
    <testcase time="0.00199999999995271" classname="ds.ls_smk" name="simple_ls_with_envir_with_wildcard_prefix"/>
    <testcase time="0.00199999999995271" classname="ds.ls_smk" name="simple_ls_with_envir_with_wildcard_prefix"/>
    <testcase time="0.00200000000040745" classname="ds.ls_smk" name="simple_ls_with_envir_with_wildcard_prefix"/>
    <testcase time="0.000999999999748979" classname="ds.ls_smk" name="simple_ls_with_envir_with_wildcard_prefix"/>
  </testsuite>
  <testsuite name="ds.ls::smk::shutdown" timestamp="2020-07-06T23:53:09Z" hostname="fv-az14" tests="3" skipped="0" failures="0" errors="0" time="0.271">
    <testcase time="0.269000000000233" classname="ds.ls_smk_shutdown" name="shutdown"/>
    <testcase time="0.000999999999748979" classname="ds.ls_smk_shutdown" name="shutdown"/>
    <testcase time="0.00100000000020373" classname="ds.ls_smk_shutdown" name="shutdown"/>
  </testsuite>
  <testsuite name="ds.ls::smk::done" timestamp="2020-07-06T23:53:10Z" hostname="fv-az14" tests="0" skipped="0" failures="0" errors="0" time="0"/>
  <testsuite name="ds.make::smk::setup" timestamp="2020-07-06T23:53:10Z" hostname="fv-az14" tests="3" skipped="0" failures="0" errors="0" time="5.144">
    <testcase time="5.14199999999983" classname="ds.make_smk_setup" name="setup"/>
    <testcase time="0.00100000000020373" classname="ds.make_smk_setup" name="setup"/>
    <testcase time="0.000999999999748979" classname="ds.make_smk_setup" name="setup"/>
  </testsuite>
  <testsuite name="ds.make::smk" timestamp="2020-07-06T23:53:15Z" hostname="fv-az14" tests="3" skipped="0" failures="0" errors="0" time="0.78">
    <testcase time="0.778000000000247" classname="ds.make_smk" name="simple_make"/>
    <testcase time="0.000999999999748979" classname="ds.make_smk" name="simple_make"/>
    <testcase time="0.00100000000020373" classname="ds.make_smk" name="simple_make"/>
  </testsuite>
  <testsuite name="ds.make::smk::shutdown" timestamp="2020-07-06T23:53:16Z" hostname="fv-az14" tests="3" skipped="0" failures="0" errors="0" time="0.275">
    <testcase time="0.272999999999683" classname="ds.make_smk_shutdown" name="shutdown"/>
    <testcase time="0.00100000000020373" classname="ds.make_smk_shutdown" name="shutdown"/>
    <testcase time="0.000999999999748979" classname="ds.make_smk_shutdown" name="shutdown"/>
  </testsuite>
  <testsuite name="ds.make::smk::done" timestamp="2020-07-06T23:53:16Z" hostname="fv-az14" tests="0" skipped="0" failures="0" errors="0" time="0"/>
  <testsuite name="ds.matrixDet::smk::setup" timestamp="2020-07-06T23:53:16Z" hostname="fv-az14" tests="3" skipped="0" failures="0" errors="0" time="5.149">
    <testcase time="5.14699999999993" classname="ds.matrixDet_smk_setup" name="setup"/>
    <testcase time="0.00100000000020373" classname="ds.matrixDet_smk_setup" name="setup"/>
    <testcase time="0.000999999999748979" classname="ds.matrixDet_smk_setup" name="setup"/>
  </testsuite>
  <testsuite name="ds.matrixDet::smk" timestamp="2020-07-06T23:53:21Z" hostname="fv-az14" tests="7" skipped="0" failures="0" errors="0" time="2.15">
    <testcase time="1.62800000000016" classname="ds.matrixDet_smk" name="simplest_ds.matrixDet"/>
    <testcase time="0.00199999999995271" classname="ds.matrixDet_smk" name="simplest_ds.matrixDet"/>
    <testcase time="0.00100000000020373" classname="ds.matrixDet_smk" name="simplest_ds.matrixDet"/>
    <testcase time="0.516000000000076" classname="ds.matrixDet_smk" name="simplest_ds.matrixDet"/>
    <testcase time="0.000999999999748979" classname="ds.matrixDet_smk" name="simplest_ds.matrixDet"/>
    <testcase time="0.00100000000020373" classname="ds.matrixDet_smk" name="simplest_ds.matrixDet"/>
    <testcase time="0.000999999999748979" classname="ds.matrixDet_smk" name="simplest_ds.matrixDet"/>
  </testsuite>
  <testsuite name="ds.matrixDet::smk::shutdown" timestamp="2020-07-06T23:53:23Z" hostname="fv-az14" tests="3" skipped="0" failures="0" errors="0" time="0.273">
    <testcase time="0.271000000000186" classname="ds.matrixDet_smk_shutdown" name="shutdown"/>
    <testcase time="0.000999999999748979" classname="ds.matrixDet_smk_shutdown" name="shutdown"/>
    <testcase time="0.00100000000020373" classname="ds.matrixDet_smk_shutdown" name="shutdown"/>
  </testsuite>
  <testsuite name="ds.matrixDet::smk::done" timestamp="2020-07-06T23:53:24Z" hostname="fv-az14" tests="0" skipped="0" failures="0" errors="0" time="0"/>
  <testsuite name="ds.matrixDet.report::smk::setup" timestamp="2020-07-06T23:53:24Z" hostname="fv-az14" tests="3" skipped="0" failures="0" errors="0" time="5.149">
    <testcase time="5.14699999999993" classname="ds.matrixDet.report_smk_setup" name="setup"/>
    <testcase time="0.00100000000020373" classname="ds.matrixDet.report_smk_setup" name="setup"/>
    <testcase time="0.000999999999748979" classname="ds.matrixDet.report_smk_setup" name="setup"/>
  </testsuite>
  <testsuite name="ds.matrixDet.report::smk" timestamp="2020-07-06T23:53:29Z" hostname="fv-az14" tests="14" skipped="0" failures="0" errors="0" time="1.067">
    <testcase time="1.04500000000007" classname="ds.matrixDet.report_smk" name="simplest_ds.matrixDet.report"/>
    <testcase time="0.00100000000020373" classname="ds.matrixDet.report_smk" name="simplest_ds.matrixDet.report"/>
    <testcase time="0.000999999999748979" classname="ds.matrixDet.report_smk" name="simplest_ds.matrixDet.report"/>
    <testcase time="0.00199999999995271" classname="ds.matrixDet.report_smk" name="simplest_ds.matrixDet.report"/>
    <testcase time="0.00100000000020373" classname="ds.matrixDet.report_smk" name="simplest_ds.matrixDet.report"/>
    <testcase time="0.000999999999748979" classname="ds.matrixDet.report_smk" name="simplest_ds.matrixDet.report"/>
    <testcase time="0.00100000000020373" classname="ds.matrixDet.report_smk" name="simplest_ds.matrixDet.report"/>
    <testcase time="0.00799999999981083" classname="ds.matrixDet.report_smk" name="simplest_ds.matrixDet.report"/>
    <testcase time="0.00100000000020373" classname="ds.matrixDet.report_smk" name="simplest_ds.matrixDet.report"/>
    <testcase time="0.00199999999995271" classname="ds.matrixDet.report_smk" name="simplest_ds.matrixDet.report"/>
    <testcase time="0.000999999999748979" classname="ds.matrixDet.report_smk" name="simplest_ds.matrixDet.report"/>
    <testcase time="0.00100000000020373" classname="ds.matrixDet.report_smk" name="simplest_ds.matrixDet.report"/>
    <testcase time="0.00100000000020373" classname="ds.matrixDet.report_smk" name="simplest_ds.matrixDet.report"/>
    <testcase time="0.000999999999748979" classname="ds.matrixDet.report_smk" name="simplest_ds.matrixDet.report"/>
  </testsuite>
  <testsuite name="ds.matrixDet.report::smk::shutdown" timestamp="2020-07-06T23:53:30Z" hostname="fv-az14" tests="3" skipped="0" failures="0" errors="0" time="0.272">
    <testcase time="0.269999999999982" classname="ds.matrixDet.report_smk_shutdown" name="shutdown"/>
    <testcase time="0.00100000000020373" classname="ds.matrixDet.report_smk_shutdown" name="shutdown"/>
    <testcase time="0.000999999999748979" classname="ds.matrixDet.report_smk_shutdown" name="shutdown"/>
  </testsuite>
  <testsuite name="ds.matrixDet.report::smk::done" timestamp="2020-07-06T23:53:31Z" hostname="fv-az14" tests="0" skipped="0" failures="0" errors="0" time="0"/>
  <testsuite name="ds.matrixDiag::smk::setup" timestamp="2020-07-06T23:53:31Z" hostname="fv-az14" tests="3" skipped="0" failures="0" errors="0" time="5.148">
    <testcase time="5.14600000000019" classname="ds.matrixDiag_smk_setup" name="setup"/>
    <testcase time="0.000999999999748979" classname="ds.matrixDiag_smk_setup" name="setup"/>
    <testcase time="0.00100000000020373" classname="ds.matrixDiag_smk_setup" name="setup"/>
  </testsuite>
  <testsuite name="ds.matrixDiag::smk" timestamp="2020-07-06T23:53:35Z" hostname="fv-az14" tests="7" skipped="0" failures="0" errors="0" time="1.345">
    <testcase time="0.826000000000022" classname="ds.matrixDiag_smk" name="simplest_ds.matrixDiag"/>
    <testcase time="0.00199999999995271" classname="ds.matrixDiag_smk" name="simplest_ds.matrixDiag"/>
    <testcase time="0.00100000000020373" classname="ds.matrixDiag_smk" name="simplest_ds.matrixDiag"/>
    <testcase time="0.51299999999992" classname="ds.matrixDiag_smk" name="simplest_ds.matrixDiag"/>
    <testcase time="0.000999999999748979" classname="ds.matrixDiag_smk" name="simplest_ds.matrixDiag"/>
    <testcase time="0.00100000000020373" classname="ds.matrixDiag_smk" name="simplest_ds.matrixDiag"/>
    <testcase time="0.000999999999748979" classname="ds.matrixDiag_smk" name="simplest_ds.matrixDiag"/>
  </testsuite>
  <testsuite name="ds.matrixDiag::smk" timestamp="2020-07-06T23:53:36Z" hostname="fv-az14" tests="7" skipped="0" failures="0" errors="0" time="1.301">
    <testcase time="0.7800000000002" classname="ds.matrixDiag_smk" name="simplest_ds.matrixDiag"/>
    <testcase time="0.00199999999995271" classname="ds.matrixDiag_smk" name="simplest_ds.matrixDiag"/>
    <testcase time="0.00100000000020373" classname="ds.matrixDiag_smk" name="simplest_ds.matrixDiag"/>
    <testcase time="0.514999999999873" classname="ds.matrixDiag_smk" name="simplest_ds.matrixDiag"/>
    <testcase time="0.000999999999748979" classname="ds.matrixDiag_smk" name="simplest_ds.matrixDiag"/>
    <testcase time="0.00100000000020373" classname="ds.matrixDiag_smk" name="simplest_ds.matrixDiag"/>
    <testcase time="0.00100000000020373" classname="ds.matrixDiag_smk" name="simplest_ds.matrixDiag"/>
  </testsuite>
  <testsuite name="ds.matrixDiag::smk::shutdown" timestamp="2020-07-06T23:53:38Z" hostname="fv-az14" tests="3" skipped="0" failures="0" errors="0" time="0.281">
    <testcase time="0.278999999999996" classname="ds.matrixDiag_smk_shutdown" name="shutdown"/>
    <testcase time="0.000999999999748979" classname="ds.matrixDiag_smk_shutdown" name="shutdown"/>
    <testcase time="0.000999999999748979" classname="ds.matrixDiag_smk_shutdown" name="shutdown"/>
  </testsuite>
  <testsuite name="ds.matrixDiag::smk::done" timestamp="2020-07-06T23:53:39Z" hostname="fv-az14" tests="0" skipped="0" failures="0" errors="0" time="0"/>
  <testsuite name="ds.matrixDimnames::smk::setup" timestamp="2020-07-06T23:53:39Z" hostname="fv-az14" tests="3" skipped="0" failures="0" errors="0" time="5.153">
    <testcase time="5.15100000000029" classname="ds.matrixDimnames_smk_setup" name="setup"/>
    <testcase time="0.000999999999748979" classname="ds.matrixDimnames_smk_setup" name="setup"/>
    <testcase time="0.00100000000020373" classname="ds.matrixDimnames_smk_setup" name="setup"/>
  </testsuite>
  <testsuite name="ds.matrixDimnames::smk" timestamp="2020-07-06T23:53:43Z" hostname="fv-az14" tests="7" skipped="0" failures="0" errors="0" time="2.112">
    <testcase time="1.59299999999985" classname="ds.matrixDimnames_smk" name="simplest_ds.matrixDimnames"/>
    <testcase time="0.00100000000020373" classname="ds.matrixDimnames_smk" name="simplest_ds.matrixDimnames"/>
    <testcase time="0.000999999999748979" classname="ds.matrixDimnames_smk" name="simplest_ds.matrixDimnames"/>
    <testcase time="0.514000000000124" classname="ds.matrixDimnames_smk" name="simplest_ds.matrixDimnames"/>
    <testcase time="0.000999999999748979" classname="ds.matrixDimnames_smk" name="simplest_ds.matrixDimnames"/>
    <testcase time="0.00100000000020373" classname="ds.matrixDimnames_smk" name="simplest_ds.matrixDimnames"/>
    <testcase time="0.000999999999748979" classname="ds.matrixDimnames_smk" name="simplest_ds.matrixDimnames"/>
  </testsuite>
  <testsuite name="ds.matrixDimnames::smk::shutdown" timestamp="2020-07-06T23:53:45Z" hostname="fv-az14" tests="3" skipped="0" failures="0" errors="0" time="0.27">
    <testcase time="0.268000000000029" classname="ds.matrixDimnames_smk_shutdown" name="shutdown"/>
    <testcase time="0.00100000000020373" classname="ds.matrixDimnames_smk_shutdown" name="shutdown"/>
    <testcase time="0.00100000000020373" classname="ds.matrixDimnames_smk_shutdown" name="shutdown"/>
  </testsuite>
  <testsuite name="ds.matrixDimnames::smk::done" timestamp="2020-07-06T23:53:46Z" hostname="fv-az14" tests="0" skipped="0" failures="0" errors="0" time="0"/>
  <testsuite name="ds.matrixInvert::smk::setup" timestamp="2020-07-06T23:53:46Z" hostname="fv-az14" tests="3" skipped="0" failures="0" errors="0" time="5.129">
    <testcase time="5.12699999999995" classname="ds.matrixInvert_smk_setup" name="setup"/>
    <testcase time="0.000999999999748979" classname="ds.matrixInvert_smk_setup" name="setup"/>
    <testcase time="0.00100000000020373" classname="ds.matrixInvert_smk_setup" name="setup"/>
  </testsuite>
  <testsuite name="ds.matrixInvert::smk" timestamp="2020-07-06T23:53:51Z" hostname="fv-az14" tests="7" skipped="0" failures="0" errors="0" time="2.112">
    <testcase time="1.59299999999985" classname="ds.matrixInvert_smk" name="simplest_ds.matrixInvert"/>
    <testcase time="0.00100000000020373" classname="ds.matrixInvert_smk" name="simplest_ds.matrixInvert"/>
    <testcase time="0.000999999999748979" classname="ds.matrixInvert_smk" name="simplest_ds.matrixInvert"/>
    <testcase time="0.514000000000124" classname="ds.matrixInvert_smk" name="simplest_ds.matrixInvert"/>
    <testcase time="0.000999999999748979" classname="ds.matrixInvert_smk" name="simplest_ds.matrixInvert"/>
    <testcase time="0.00100000000020373" classname="ds.matrixInvert_smk" name="simplest_ds.matrixInvert"/>
    <testcase time="0.00100000000020373" classname="ds.matrixInvert_smk" name="simplest_ds.matrixInvert"/>
  </testsuite>
  <testsuite name="ds.matrixInvert::smk::shutdown" timestamp="2020-07-06T23:53:53Z" hostname="fv-az14" tests="3" skipped="0" failures="0" errors="0" time="0.272">
    <testcase time="0.269999999999982" classname="ds.matrixInvert_smk_shutdown" name="shutdown"/>
    <testcase time="0.000999999999748979" classname="ds.matrixInvert_smk_shutdown" name="shutdown"/>
    <testcase time="0.00100000000020373" classname="ds.matrixInvert_smk_shutdown" name="shutdown"/>
  </testsuite>
  <testsuite name="ds.matrixInvert::smk::done" timestamp="2020-07-06T23:53:54Z" hostname="fv-az14" tests="0" skipped="0" failures="0" errors="0" time="0"/>
  <testsuite name="ds.matrixMult::smk::setup" timestamp="2020-07-06T23:53:54Z" hostname="fv-az14" tests="3" skipped="0" failures="0" errors="0" time="5.169">
    <testcase time="5.16699999999992" classname="ds.matrixMult_smk_setup" name="setup"/>
    <testcase time="0.000999999999748979" classname="ds.matrixMult_smk_setup" name="setup"/>
    <testcase time="0.00100000000020373" classname="ds.matrixMult_smk_setup" name="setup"/>
  </testsuite>
  <testsuite name="ds.matrixMult::smk" timestamp="2020-07-06T23:53:58Z" hostname="fv-az14" tests="7" skipped="0" failures="0" errors="0" time="2.877">
    <testcase time="2.35600000000022" classname="ds.matrixMult_smk" name="simplest_ds.matrixMult"/>
    <testcase time="0.00199999999995271" classname="ds.matrixMult_smk" name="simplest_ds.matrixMult"/>
    <testcase time="0.000999999999748979" classname="ds.matrixMult_smk" name="simplest_ds.matrixMult"/>
    <testcase time="0.514999999999873" classname="ds.matrixMult_smk" name="simplest_ds.matrixMult"/>
    <testcase time="0.00100000000020373" classname="ds.matrixMult_smk" name="simplest_ds.matrixMult"/>
    <testcase time="0.00100000000020373" classname="ds.matrixMult_smk" name="simplest_ds.matrixMult"/>
    <testcase time="0.000999999999748979" classname="ds.matrixMult_smk" name="simplest_ds.matrixMult"/>
  </testsuite>
  <testsuite name="ds.matrixMult::smk::shutdown" timestamp="2020-07-06T23:54:01Z" hostname="fv-az14" tests="3" skipped="0" failures="0" errors="0" time="0.278">
    <testcase time="0.27599999999984" classname="ds.matrixMult_smk_shutdown" name="shutdown"/>
    <testcase time="0.00100000000020373" classname="ds.matrixMult_smk_shutdown" name="shutdown"/>
    <testcase time="0.00100000000020373" classname="ds.matrixMult_smk_shutdown" name="shutdown"/>
  </testsuite>
  <testsuite name="ds.matrixMult::smk::done" timestamp="2020-07-06T23:54:02Z" hostname="fv-az14" tests="0" skipped="0" failures="0" errors="0" time="0"/>
  <testsuite name="ds.matrix::smk::setup" timestamp="2020-07-06T23:54:02Z" hostname="fv-az14" tests="3" skipped="0" failures="0" errors="0" time="5.143">
    <testcase time="5.14099999999962" classname="ds.matrix_smk_setup" name="setup"/>
    <testcase time="0.00100000000020373" classname="ds.matrix_smk_setup" name="setup"/>
    <testcase time="0.000999999999748979" classname="ds.matrix_smk_setup" name="setup"/>
  </testsuite>
  <testsuite name="ds.matrix::smk" timestamp="2020-07-06T23:54:07Z" hostname="fv-az14" tests="7" skipped="0" failures="0" errors="0" time="1.301">
    <testcase time="0.774000000000342" classname="ds.matrix_smk" name="simplest_ds.matrix"/>
    <testcase time="0.000999999999748979" classname="ds.matrix_smk" name="simplest_ds.matrix"/>
    <testcase time="0.00100000000020373" classname="ds.matrix_smk" name="simplest_ds.matrix"/>
    <testcase time="0.520999999999731" classname="ds.matrix_smk" name="simplest_ds.matrix"/>
    <testcase time="0.00200000000040745" classname="ds.matrix_smk" name="simplest_ds.matrix"/>
    <testcase time="0.000999999999748979" classname="ds.matrix_smk" name="simplest_ds.matrix"/>
    <testcase time="0.00100000000020373" classname="ds.matrix_smk" name="simplest_ds.matrix"/>
  </testsuite>
  <testsuite name="ds.matrix::smk::shutdown" timestamp="2020-07-06T23:54:08Z" hostname="fv-az14" tests="3" skipped="0" failures="0" errors="0" time="0.268">
    <testcase time="0.264999999999873" classname="ds.matrix_smk_shutdown" name="shutdown"/>
    <testcase time="0.000999999999748979" classname="ds.matrix_smk_shutdown" name="shutdown"/>
    <testcase time="0.00200000000040745" classname="ds.matrix_smk_shutdown" name="shutdown"/>
  </testsuite>
  <testsuite name="ds.matrix::smk::done" timestamp="2020-07-06T23:54:09Z" hostname="fv-az14" tests="0" skipped="0" failures="0" errors="0" time="0"/>
  <testsuite name="ds.matrixTranspose::smk::setup" timestamp="2020-07-06T23:54:09Z" hostname="fv-az14" tests="3" skipped="0" failures="0" errors="0" time="5.137">
    <testcase time="5.13400000000001" classname="ds.matrixTranspose_smk_setup" name="setup"/>
    <testcase time="0.00199999999995271" classname="ds.matrixTranspose_smk_setup" name="setup"/>
    <testcase time="0.000999999999748979" classname="ds.matrixTranspose_smk_setup" name="setup"/>
  </testsuite>
  <testsuite name="ds.matrixTranspose::smk" timestamp="2020-07-06T23:54:13Z" hostname="fv-az14" tests="7" skipped="0" failures="0" errors="0" time="2.115">
    <testcase time="1.59700000000021" classname="ds.matrixTranspose_smk" name="simplest_ds.matrixTranspose"/>
    <testcase time="0.000999999999748979" classname="ds.matrixTranspose_smk" name="simplest_ds.matrixTranspose"/>
    <testcase time="0.00100000000020373" classname="ds.matrixTranspose_smk" name="simplest_ds.matrixTranspose"/>
    <testcase time="0.51299999999992" classname="ds.matrixTranspose_smk" name="simplest_ds.matrixTranspose"/>
    <testcase time="0.00100000000020373" classname="ds.matrixTranspose_smk" name="simplest_ds.matrixTranspose"/>
    <testcase time="0.000999999999748979" classname="ds.matrixTranspose_smk" name="simplest_ds.matrixTranspose"/>
    <testcase time="0.00100000000020373" classname="ds.matrixTranspose_smk" name="simplest_ds.matrixTranspose"/>
  </testsuite>
  <testsuite name="ds.matrixTranspose::smk::shutdown" timestamp="2020-07-06T23:54:15Z" hostname="fv-az14" tests="3" skipped="0" failures="0" errors="0" time="0.271">
    <testcase time="0.268999999999778" classname="ds.matrixTranspose_smk_shutdown" name="shutdown"/>
    <testcase time="0.00100000000020373" classname="ds.matrixTranspose_smk_shutdown" name="shutdown"/>
    <testcase time="0.000999999999748979" classname="ds.matrixTranspose_smk_shutdown" name="shutdown"/>
  </testsuite>
  <testsuite name="ds.matrixTranspose::smk::done" timestamp="2020-07-06T23:54:16Z" hostname="fv-az14" tests="0" skipped="0" failures="0" errors="0" time="0"/>
  <testsuite name="ds.meanByClass::smk::setup" timestamp="2020-07-06T23:54:16Z" hostname="fv-az14" tests="3" skipped="0" failures="0" errors="0" time="5.157">
    <testcase time="5.1550000000002" classname="ds.meanByClass_smk_setup" name="setup"/>
    <testcase time="0.000999999999748979" classname="ds.meanByClass_smk_setup" name="setup"/>
    <testcase time="0.00100000000020373" classname="ds.meanByClass_smk_setup" name="setup"/>
  </testsuite>
  <testsuite name="ds.meanByClass::smk::LAB_TSC across PM_BMI_CATEGORICAL categories where both vectors are 'loose'" timestamp="2020-07-06T23:54:21Z" hostname="fv-az14" tests="1" skipped="1" failures="0" errors="0" time="1.039">
    <testcase time="1.03899999999976" classname="ds.meanByClass_smk_LAB_TSC_across_PM_BMI_CATEGORICAL_categories_where_both_vectors_are_loose_" name="LAB_TSC_across_">
      <skipped/>
    </testcase>
  </testsuite>
  <testsuite name="ds.meanByClass::smk::calculate the mean proportion for LAB_HDL across PM_BMI_CATEGORICAL categories" timestamp="2020-07-06T23:54:22Z" hostname="fv-az14" tests="7" skipped="0" failures="0" errors="0" time="7.093">
    <testcase time="7.08600000000024" classname="ds.meanByClass_smk_calculate_the_mean_proportion_for_LAB_HDL_across_PM_BMI_CATEGORICAL_categories" name="LAB_HDL_across_PM_BMI_CATEGORICAL"/>
    <testcase time="0.00199999999995271" classname="ds.meanByClass_smk_calculate_the_mean_proportion_for_LAB_HDL_across_PM_BMI_CATEGORICAL_categories" name="LAB_HDL_across_PM_BMI_CATEGORICAL"/>
    <testcase time="0.00100000000020373" classname="ds.meanByClass_smk_calculate_the_mean_proportion_for_LAB_HDL_across_PM_BMI_CATEGORICAL_categories" name="LAB_HDL_across_PM_BMI_CATEGORICAL"/>
    <testcase time="0.000999999999748979" classname="ds.meanByClass_smk_calculate_the_mean_proportion_for_LAB_HDL_across_PM_BMI_CATEGORICAL_categories" name="LAB_HDL_across_PM_BMI_CATEGORICAL"/>
    <testcase time="0.00100000000020373" classname="ds.meanByClass_smk_calculate_the_mean_proportion_for_LAB_HDL_across_PM_BMI_CATEGORICAL_categories" name="LAB_HDL_across_PM_BMI_CATEGORICAL"/>
    <testcase time="0.000999999999748979" classname="ds.meanByClass_smk_calculate_the_mean_proportion_for_LAB_HDL_across_PM_BMI_CATEGORICAL_categories" name="LAB_HDL_across_PM_BMI_CATEGORICAL"/>
    <testcase time="0.00100000000020373" classname="ds.meanByClass_smk_calculate_the_mean_proportion_for_LAB_HDL_across_PM_BMI_CATEGORICAL_categories" name="LAB_HDL_across_PM_BMI_CATEGORICAL"/>
  </testsuite>
  <testsuite name="ds.meanByClass::smk::calculate the mean proportion for LAB_HDL &amp; LAB_TSC across bmi categories" timestamp="2020-07-06T23:54:29Z" hostname="fv-az14" tests="13" skipped="0" failures="0" errors="0" time="9.561">
    <testcase time="9.54700000000003" classname="ds.meanByClass_smk_calculate_the_mean_proportion_for_LAB_HDL_LAB_TSC_across_bmi_categories" name="LAB_HDL_LAB_TSC_across_PM_BMI_CATEGORICAL"/>
    <testcase time="0.000999999999748979" classname="ds.meanByClass_smk_calculate_the_mean_proportion_for_LAB_HDL_LAB_TSC_across_bmi_categories" name="LAB_HDL_LAB_TSC_across_PM_BMI_CATEGORICAL"/>
    <testcase time="0.00100000000020373" classname="ds.meanByClass_smk_calculate_the_mean_proportion_for_LAB_HDL_LAB_TSC_across_bmi_categories" name="LAB_HDL_LAB_TSC_across_PM_BMI_CATEGORICAL"/>
    <testcase time="0.000999999999748979" classname="ds.meanByClass_smk_calculate_the_mean_proportion_for_LAB_HDL_LAB_TSC_across_bmi_categories" name="LAB_HDL_LAB_TSC_across_PM_BMI_CATEGORICAL"/>
    <testcase time="0.00200000000040745" classname="ds.meanByClass_smk_calculate_the_mean_proportion_for_LAB_HDL_LAB_TSC_across_bmi_categories" name="LAB_HDL_LAB_TSC_across_PM_BMI_CATEGORICAL"/>
    <testcase time="0.000999999999748979" classname="ds.meanByClass_smk_calculate_the_mean_proportion_for_LAB_HDL_LAB_TSC_across_bmi_categories" name="LAB_HDL_LAB_TSC_across_PM_BMI_CATEGORICAL"/>
    <testcase time="0.00100000000020373" classname="ds.meanByClass_smk_calculate_the_mean_proportion_for_LAB_HDL_LAB_TSC_across_bmi_categories" name="LAB_HDL_LAB_TSC_across_PM_BMI_CATEGORICAL"/>
    <testcase time="0.000999999999748979" classname="ds.meanByClass_smk_calculate_the_mean_proportion_for_LAB_HDL_LAB_TSC_across_bmi_categories" name="LAB_HDL_LAB_TSC_across_PM_BMI_CATEGORICAL"/>
    <testcase time="0.00100000000020373" classname="ds.meanByClass_smk_calculate_the_mean_proportion_for_LAB_HDL_LAB_TSC_across_bmi_categories" name="LAB_HDL_LAB_TSC_across_PM_BMI_CATEGORICAL"/>
    <testcase time="0.000999999999748979" classname="ds.meanByClass_smk_calculate_the_mean_proportion_for_LAB_HDL_LAB_TSC_across_bmi_categories" name="LAB_HDL_LAB_TSC_across_PM_BMI_CATEGORICAL"/>
    <testcase time="0.00199999999995271" classname="ds.meanByClass_smk_calculate_the_mean_proportion_for_LAB_HDL_LAB_TSC_across_bmi_categories" name="LAB_HDL_LAB_TSC_across_PM_BMI_CATEGORICAL"/>
    <testcase time="0.00100000000020373" classname="ds.meanByClass_smk_calculate_the_mean_proportion_for_LAB_HDL_LAB_TSC_across_bmi_categories" name="LAB_HDL_LAB_TSC_across_PM_BMI_CATEGORICAL"/>
    <testcase time="0.000999999999748979" classname="ds.meanByClass_smk_calculate_the_mean_proportion_for_LAB_HDL_LAB_TSC_across_bmi_categories" name="LAB_HDL_LAB_TSC_across_PM_BMI_CATEGORICAL"/>
  </testsuite>
  <testsuite name="ds.meanByClass::smk::calculate the mean proportion for LAB_HDL across PM_BMI_CATEGORICAL categories, split" timestamp="2020-07-06T23:54:38Z" hostname="fv-az14" tests="22" skipped="0" failures="0" errors="0" time="10.987">
    <testcase time="10.9620000000004" classname="ds.meanByClass_smk_calculate_the_mean_proportion_for_LAB_HDL_across_PM_BMI_CATEGORICAL_categories_split" name="LAB_HDL_across_PM_BMI_CATEGORICAL"/>
    <testcase time="0.000999999999748979" classname="ds.meanByClass_smk_calculate_the_mean_proportion_for_LAB_HDL_across_PM_BMI_CATEGORICAL_categories_split" name="LAB_HDL_across_PM_BMI_CATEGORICAL"/>
    <testcase time="0.00100000000020373" classname="ds.meanByClass_smk_calculate_the_mean_proportion_for_LAB_HDL_across_PM_BMI_CATEGORICAL_categories_split" name="LAB_HDL_across_PM_BMI_CATEGORICAL"/>
    <testcase time="0.000999999999748979" classname="ds.meanByClass_smk_calculate_the_mean_proportion_for_LAB_HDL_across_PM_BMI_CATEGORICAL_categories_split" name="LAB_HDL_across_PM_BMI_CATEGORICAL"/>
    <testcase time="0.00100000000020373" classname="ds.meanByClass_smk_calculate_the_mean_proportion_for_LAB_HDL_across_PM_BMI_CATEGORICAL_categories_split" name="LAB_HDL_across_PM_BMI_CATEGORICAL"/>
    <testcase time="0.00199999999995271" classname="ds.meanByClass_smk_calculate_the_mean_proportion_for_LAB_HDL_across_PM_BMI_CATEGORICAL_categories_split" name="LAB_HDL_across_PM_BMI_CATEGORICAL"/>
    <testcase time="0.000999999999748979" classname="ds.meanByClass_smk_calculate_the_mean_proportion_for_LAB_HDL_across_PM_BMI_CATEGORICAL_categories_split" name="LAB_HDL_across_PM_BMI_CATEGORICAL"/>
    <testcase time="0.00100000000020373" classname="ds.meanByClass_smk_calculate_the_mean_proportion_for_LAB_HDL_across_PM_BMI_CATEGORICAL_categories_split" name="LAB_HDL_across_PM_BMI_CATEGORICAL"/>
    <testcase time="0.000999999999748979" classname="ds.meanByClass_smk_calculate_the_mean_proportion_for_LAB_HDL_across_PM_BMI_CATEGORICAL_categories_split" name="LAB_HDL_across_PM_BMI_CATEGORICAL"/>
    <testcase time="0.00100000000020373" classname="ds.meanByClass_smk_calculate_the_mean_proportion_for_LAB_HDL_across_PM_BMI_CATEGORICAL_categories_split" name="LAB_HDL_across_PM_BMI_CATEGORICAL"/>
    <testcase time="0.00100000000020373" classname="ds.meanByClass_smk_calculate_the_mean_proportion_for_LAB_HDL_across_PM_BMI_CATEGORICAL_categories_split" name="LAB_HDL_across_PM_BMI_CATEGORICAL"/>
    <testcase time="0.00199999999995271" classname="ds.meanByClass_smk_calculate_the_mean_proportion_for_LAB_HDL_across_PM_BMI_CATEGORICAL_categories_split" name="LAB_HDL_across_PM_BMI_CATEGORICAL"/>
    <testcase time="0.000999999999748979" classname="ds.meanByClass_smk_calculate_the_mean_proportion_for_LAB_HDL_across_PM_BMI_CATEGORICAL_categories_split" name="LAB_HDL_across_PM_BMI_CATEGORICAL"/>
    <testcase time="0.00100000000020373" classname="ds.meanByClass_smk_calculate_the_mean_proportion_for_LAB_HDL_across_PM_BMI_CATEGORICAL_categories_split" name="LAB_HDL_across_PM_BMI_CATEGORICAL"/>
    <testcase time="0.000999999999748979" classname="ds.meanByClass_smk_calculate_the_mean_proportion_for_LAB_HDL_across_PM_BMI_CATEGORICAL_categories_split" name="LAB_HDL_across_PM_BMI_CATEGORICAL"/>
    <testcase time="0.00199999999995271" classname="ds.meanByClass_smk_calculate_the_mean_proportion_for_LAB_HDL_across_PM_BMI_CATEGORICAL_categories_split" name="LAB_HDL_across_PM_BMI_CATEGORICAL"/>
    <testcase time="0.00100000000020373" classname="ds.meanByClass_smk_calculate_the_mean_proportion_for_LAB_HDL_across_PM_BMI_CATEGORICAL_categories_split" name="LAB_HDL_across_PM_BMI_CATEGORICAL"/>
    <testcase time="0.00100000000020373" classname="ds.meanByClass_smk_calculate_the_mean_proportion_for_LAB_HDL_across_PM_BMI_CATEGORICAL_categories_split" name="LAB_HDL_across_PM_BMI_CATEGORICAL"/>
    <testcase time="0.00199999999995271" classname="ds.meanByClass_smk_calculate_the_mean_proportion_for_LAB_HDL_across_PM_BMI_CATEGORICAL_categories_split" name="LAB_HDL_across_PM_BMI_CATEGORICAL"/>
    <testcase time="0.000999999999748979" classname="ds.meanByClass_smk_calculate_the_mean_proportion_for_LAB_HDL_across_PM_BMI_CATEGORICAL_categories_split" name="LAB_HDL_across_PM_BMI_CATEGORICAL"/>
    <testcase time="0.00100000000020373" classname="ds.meanByClass_smk_calculate_the_mean_proportion_for_LAB_HDL_across_PM_BMI_CATEGORICAL_categories_split" name="LAB_HDL_across_PM_BMI_CATEGORICAL"/>
    <testcase time="0.00100000000020373" classname="ds.meanByClass_smk_calculate_the_mean_proportion_for_LAB_HDL_across_PM_BMI_CATEGORICAL_categories_split" name="LAB_HDL_across_PM_BMI_CATEGORICAL"/>
  </testsuite>
  <testsuite name="ds.meanByClass::smk::shutdown" timestamp="2020-07-06T23:54:49Z" hostname="fv-az14" tests="3" skipped="0" failures="0" errors="0" time="0.271">
    <testcase time="0.268999999999778" classname="ds.meanByClass_smk_shutdown" name="shutdown"/>
    <testcase time="0.00100000000020373" classname="ds.meanByClass_smk_shutdown" name="shutdown"/>
    <testcase time="0.000999999999748979" classname="ds.meanByClass_smk_shutdown" name="shutdown"/>
  </testsuite>
  <testsuite name="ds.meanByClass::smk::done" timestamp="2020-07-06T23:54:50Z" hostname="fv-az14" tests="0" skipped="0" failures="0" errors="0" time="0"/>
  <testsuite name="ds.mean::smk::setup" timestamp="2020-07-06T23:54:50Z" hostname="fv-az14" tests="3" skipped="0" failures="0" errors="0" time="5.141">
    <testcase time="5.13800000000037" classname="ds.mean_smk_setup" name="setup"/>
    <testcase time="0.00199999999995271" classname="ds.mean_smk_setup" name="setup"/>
    <testcase time="0.000999999999748979" classname="ds.mean_smk_setup" name="setup"/>
  </testsuite>
  <testsuite name="ds.mean::smk::type=combine" timestamp="2020-07-06T23:54:55Z" hostname="fv-az14" tests="23" skipped="0" failures="0" errors="0" time="1.587">
    <testcase time="1.30300000000034" classname="ds.mean_smk_type_combine" name="mean_values_combine_"/>
    <testcase time="0.000999999999748979" classname="ds.mean_smk_type_combine" name="mean_values_combine_"/>
    <testcase time="0.00199999999995271" classname="ds.mean_smk_type_combine" name="mean_values_combine_"/>
    <testcase time="0.00100000000020373" classname="ds.mean_smk_type_combine" name="mean_values_combine_"/>
    <testcase time="0.000999999999748979" classname="ds.mean_smk_type_combine" name="mean_values_combine_"/>
    <testcase time="0.00100000000020373" classname="ds.mean_smk_type_combine" name="mean_values_combine_"/>
    <testcase time="0.000999999999748979" classname="ds.mean_smk_type_combine" name="mean_values_combine_"/>
    <testcase time="0.00100000000020373" classname="ds.mean_smk_type_combine" name="mean_values_combine_"/>
    <testcase time="0.00199999999995271" classname="ds.mean_smk_type_combine" name="mean_values_combine_"/>
    <testcase time="0.00100000000020373" classname="ds.mean_smk_type_combine" name="mean_values_combine_"/>
    <testcase time="0.000999999999748979" classname="ds.mean_smk_type_combine" name="mean_values_combine_"/>
    <testcase time="0.258000000000266" classname="ds.mean_smk_type_combine" name="mean_values_combine_"/>
    <testcase time="0.00199999999995271" classname="ds.mean_smk_type_combine" name="mean_values_combine_"/>
    <testcase time="0.000999999999748979" classname="ds.mean_smk_type_combine" name="mean_values_combine_"/>
    <testcase time="0.00100000000020373" classname="ds.mean_smk_type_combine" name="mean_values_combine_"/>
    <testcase time="0.000999999999748979" classname="ds.mean_smk_type_combine" name="mean_values_combine_"/>
    <testcase time="0.00199999999995271" classname="ds.mean_smk_type_combine" name="mean_values_combine_"/>
    <testcase time="0.00100000000020373" classname="ds.mean_smk_type_combine" name="mean_values_combine_"/>
    <testcase time="0.00100000000020373" classname="ds.mean_smk_type_combine" name="mean_values_combine_"/>
    <testcase time="0.000999999999748979" classname="ds.mean_smk_type_combine" name="mean_values_combine_"/>
    <testcase time="0.00199999999995271" classname="ds.mean_smk_type_combine" name="mean_values_combine_"/>
    <testcase time="0.00100000000020373" classname="ds.mean_smk_type_combine" name="mean_values_combine_"/>
    <testcase time="0.000999999999748979" classname="ds.mean_smk_type_combine" name="mean_values_combine_"/>
  </testsuite>
  <testsuite name="ds.mean::smk::type=split" timestamp="2020-07-06T23:54:56Z" hostname="fv-az14" tests="31" skipped="0" failures="0" errors="0" time="1.596">
    <testcase time="1.29300000000012" classname="ds.mean_smk_type_split" name="mean_values_split_"/>
    <testcase time="0.000999999999748979" classname="ds.mean_smk_type_split" name="mean_values_split_"/>
    <testcase time="0.00100000000020373" classname="ds.mean_smk_type_split" name="mean_values_split_"/>
    <testcase time="0.000999999999748979" classname="ds.mean_smk_type_split" name="mean_values_split_"/>
    <testcase time="0.00100000000020373" classname="ds.mean_smk_type_split" name="mean_values_split_"/>
    <testcase time="0.00199999999995271" classname="ds.mean_smk_type_split" name="mean_values_split_"/>
    <testcase time="0.000999999999748979" classname="ds.mean_smk_type_split" name="mean_values_split_"/>
    <testcase time="0.00100000000020373" classname="ds.mean_smk_type_split" name="mean_values_split_"/>
    <testcase time="0.00100000000020373" classname="ds.mean_smk_type_split" name="mean_values_split_"/>
    <testcase time="0.00199999999995271" classname="ds.mean_smk_type_split" name="mean_values_split_"/>
    <testcase time="0.000999999999748979" classname="ds.mean_smk_type_split" name="mean_values_split_"/>
    <testcase time="0.00100000000020373" classname="ds.mean_smk_type_split" name="mean_values_split_"/>
    <testcase time="0.00199999999995271" classname="ds.mean_smk_type_split" name="mean_values_split_"/>
    <testcase time="0.000999999999748979" classname="ds.mean_smk_type_split" name="mean_values_split_"/>
    <testcase time="0.00100000000020373" classname="ds.mean_smk_type_split" name="mean_values_split_"/>
    <testcase time="0.00100000000020373" classname="ds.mean_smk_type_split" name="mean_values_split_"/>
    <testcase time="0.00100000000020373" classname="ds.mean_smk_type_split" name="mean_values_split_"/>
    <testcase time="0.000999999999748979" classname="ds.mean_smk_type_split" name="mean_values_split_"/>
    <testcase time="0.00199999999995271" classname="ds.mean_smk_type_split" name="mean_values_split_"/>
    <testcase time="0.265000000000327" classname="ds.mean_smk_type_split" name="mean_values_split_"/>
    <testcase time="0.000999999999748979" classname="ds.mean_smk_type_split" name="mean_values_split_"/>
    <testcase time="0.00199999999995271" classname="ds.mean_smk_type_split" name="mean_values_split_"/>
    <testcase time="0.00100000000020373" classname="ds.mean_smk_type_split" name="mean_values_split_"/>
    <testcase time="0.000999999999748979" classname="ds.mean_smk_type_split" name="mean_values_split_"/>
    <testcase time="0.00199999999995271" classname="ds.mean_smk_type_split" name="mean_values_split_"/>
    <testcase time="0.00100000000020373" classname="ds.mean_smk_type_split" name="mean_values_split_"/>
    <testcase time="0.00199999999995271" classname="ds.mean_smk_type_split" name="mean_values_split_"/>
    <testcase time="0.00100000000020373" classname="ds.mean_smk_type_split" name="mean_values_split_"/>
    <testcase time="0.00199999999995271" classname="ds.mean_smk_type_split" name="mean_values_split_"/>
    <testcase time="0.000999999999748979" classname="ds.mean_smk_type_split" name="mean_values_split_"/>
    <testcase time="0.00199999999995271" classname="ds.mean_smk_type_split" name="mean_values_split_"/>
  </testsuite>
  <testsuite name="ds.mean::smk::type=both" timestamp="2020-07-06T23:54:58Z" hostname="fv-az14" tests="36" skipped="0" failures="0" errors="0" time="1.611">
    <testcase time="1.29600000000028" classname="ds.mean_smk_type_both" name="mean_values_both_"/>
    <testcase time="0.000999999999748979" classname="ds.mean_smk_type_both" name="mean_values_both_"/>
    <testcase time="0.00100000000020373" classname="ds.mean_smk_type_both" name="mean_values_both_"/>
    <testcase time="0.000999999999748979" classname="ds.mean_smk_type_both" name="mean_values_both_"/>
    <testcase time="0.00100000000020373" classname="ds.mean_smk_type_both" name="mean_values_both_"/>
    <testcase time="0.00100000000020373" classname="ds.mean_smk_type_both" name="mean_values_both_"/>
    <testcase time="0.00199999999995271" classname="ds.mean_smk_type_both" name="mean_values_both_"/>
    <testcase time="0.000999999999748979" classname="ds.mean_smk_type_both" name="mean_values_both_"/>
    <testcase time="0.00100000000020373" classname="ds.mean_smk_type_both" name="mean_values_both_"/>
    <testcase time="0.00199999999995271" classname="ds.mean_smk_type_both" name="mean_values_both_"/>
    <testcase time="0.000999999999748979" classname="ds.mean_smk_type_both" name="mean_values_both_"/>
    <testcase time="0.00100000000020373" classname="ds.mean_smk_type_both" name="mean_values_both_"/>
    <testcase time="0.00199999999995271" classname="ds.mean_smk_type_both" name="mean_values_both_"/>
    <testcase time="0.00100000000020373" classname="ds.mean_smk_type_both" name="mean_values_both_"/>
    <testcase time="0.000999999999748979" classname="ds.mean_smk_type_both" name="mean_values_both_"/>
    <testcase time="0.00199999999995271" classname="ds.mean_smk_type_both" name="mean_values_both_"/>
    <testcase time="0.00100000000020373" classname="ds.mean_smk_type_both" name="mean_values_both_"/>
    <testcase time="0.00199999999995271" classname="ds.mean_smk_type_both" name="mean_values_both_"/>
    <testcase time="0.000999999999748979" classname="ds.mean_smk_type_both" name="mean_values_both_"/>
    <testcase time="0.00200000000040745" classname="ds.mean_smk_type_both" name="mean_values_both_"/>
    <testcase time="0.000999999999748979" classname="ds.mean_smk_type_both" name="mean_values_both_"/>
    <testcase time="0.00100000000020373" classname="ds.mean_smk_type_both" name="mean_values_both_"/>
    <testcase time="0.00199999999995271" classname="ds.mean_smk_type_both" name="mean_values_both_"/>
    <testcase time="0.000999999999748979" classname="ds.mean_smk_type_both" name="mean_values_both_"/>
    <testcase time="0.268000000000029" classname="ds.mean_smk_type_both" name="mean_values_both_"/>
    <testcase time="0.00199999999995271" classname="ds.mean_smk_type_both" name="mean_values_both_"/>
    <testcase time="0.00100000000020373" classname="ds.mean_smk_type_both" name="mean_values_both_"/>
    <testcase time="0.00199999999995271" classname="ds.mean_smk_type_both" name="mean_values_both_"/>
    <testcase time="0.00100000000020373" classname="ds.mean_smk_type_both" name="mean_values_both_"/>
    <testcase time="0.00199999999995271" classname="ds.mean_smk_type_both" name="mean_values_both_"/>
    <testcase time="0.000999999999748979" classname="ds.mean_smk_type_both" name="mean_values_both_"/>
    <testcase time="0.00199999999995271" classname="ds.mean_smk_type_both" name="mean_values_both_"/>
    <testcase time="0.00100000000020373" classname="ds.mean_smk_type_both" name="mean_values_both_"/>
    <testcase time="0.00199999999995271" classname="ds.mean_smk_type_both" name="mean_values_both_"/>
    <testcase time="0.00199999999995271" classname="ds.mean_smk_type_both" name="mean_values_both_"/>
    <testcase time="0.00100000000020373" classname="ds.mean_smk_type_both" name="mean_values_both_"/>
  </testsuite>
  <testsuite name="ds.mean::smk::type=combine,save.mean.Nvalid=TRUE" timestamp="2020-07-06T23:55:00Z" hostname="fv-az14" tests="23" skipped="0" failures="0" errors="0" time="3.739">
    <testcase time="3.45699999999988" classname="ds.mean_smk_type_combine_save.mean.Nvalid_TRUE" name="mean_values_combine_"/>
    <testcase time="0.000999999999748979" classname="ds.mean_smk_type_combine_save.mean.Nvalid_TRUE" name="mean_values_combine_"/>
    <testcase time="0.00200000000040745" classname="ds.mean_smk_type_combine_save.mean.Nvalid_TRUE" name="mean_values_combine_"/>
    <testcase time="0.000999999999748979" classname="ds.mean_smk_type_combine_save.mean.Nvalid_TRUE" name="mean_values_combine_"/>
    <testcase time="0.00100000000020373" classname="ds.mean_smk_type_combine_save.mean.Nvalid_TRUE" name="mean_values_combine_"/>
    <testcase time="0.000999999999748979" classname="ds.mean_smk_type_combine_save.mean.Nvalid_TRUE" name="mean_values_combine_"/>
    <testcase time="0.00100000000020373" classname="ds.mean_smk_type_combine_save.mean.Nvalid_TRUE" name="mean_values_combine_"/>
    <testcase time="0.000999999999748979" classname="ds.mean_smk_type_combine_save.mean.Nvalid_TRUE" name="mean_values_combine_"/>
    <testcase time="0.00199999999995271" classname="ds.mean_smk_type_combine_save.mean.Nvalid_TRUE" name="mean_values_combine_"/>
    <testcase time="0.00100000000020373" classname="ds.mean_smk_type_combine_save.mean.Nvalid_TRUE" name="mean_values_combine_"/>
    <testcase time="0.00100000000020373" classname="ds.mean_smk_type_combine_save.mean.Nvalid_TRUE" name="mean_values_combine_"/>
    <testcase time="0.255999999999858" classname="ds.mean_smk_type_combine_save.mean.Nvalid_TRUE" name="mean_values_combine_"/>
    <testcase time="0.000999999999748979" classname="ds.mean_smk_type_combine_save.mean.Nvalid_TRUE" name="mean_values_combine_"/>
    <testcase time="0.00100000000020373" classname="ds.mean_smk_type_combine_save.mean.Nvalid_TRUE" name="mean_values_combine_"/>
    <testcase time="0.00199999999995271" classname="ds.mean_smk_type_combine_save.mean.Nvalid_TRUE" name="mean_values_combine_"/>
    <testcase time="0.00100000000020373" classname="ds.mean_smk_type_combine_save.mean.Nvalid_TRUE" name="mean_values_combine_"/>
    <testcase time="0.000999999999748979" classname="ds.mean_smk_type_combine_save.mean.Nvalid_TRUE" name="mean_values_combine_"/>
    <testcase time="0.00199999999995271" classname="ds.mean_smk_type_combine_save.mean.Nvalid_TRUE" name="mean_values_combine_"/>
    <testcase time="0.00100000000020373" classname="ds.mean_smk_type_combine_save.mean.Nvalid_TRUE" name="mean_values_combine_"/>
    <testcase time="0.000999999999748979" classname="ds.mean_smk_type_combine_save.mean.Nvalid_TRUE" name="mean_values_combine_"/>
    <testcase time="0.00199999999995271" classname="ds.mean_smk_type_combine_save.mean.Nvalid_TRUE" name="mean_values_combine_"/>
    <testcase time="0.00100000000020373" classname="ds.mean_smk_type_combine_save.mean.Nvalid_TRUE" name="mean_values_combine_"/>
    <testcase time="0.00100000000020373" classname="ds.mean_smk_type_combine_save.mean.Nvalid_TRUE" name="mean_values_combine_"/>
  </testsuite>
  <testsuite name="ds.mean::smk::type=split,save.mean.Nvalid=TRUE" timestamp="2020-07-06T23:55:03Z" hostname="fv-az14" tests="31" skipped="0" failures="0" errors="0" time="3.764">
    <testcase time="3.46199999999999" classname="ds.mean_smk_type_split_save.mean.Nvalid_TRUE" name="mean_values_split_"/>
    <testcase time="0.000999999999748979" classname="ds.mean_smk_type_split_save.mean.Nvalid_TRUE" name="mean_values_split_"/>
    <testcase time="0.00100000000020373" classname="ds.mean_smk_type_split_save.mean.Nvalid_TRUE" name="mean_values_split_"/>
    <testcase time="0.000999999999748979" classname="ds.mean_smk_type_split_save.mean.Nvalid_TRUE" name="mean_values_split_"/>
    <testcase time="0.00100000000020373" classname="ds.mean_smk_type_split_save.mean.Nvalid_TRUE" name="mean_values_split_"/>
    <testcase time="0.000999999999748979" classname="ds.mean_smk_type_split_save.mean.Nvalid_TRUE" name="mean_values_split_"/>
    <testcase time="0.00199999999995271" classname="ds.mean_smk_type_split_save.mean.Nvalid_TRUE" name="mean_values_split_"/>
    <testcase time="0.00100000000020373" classname="ds.mean_smk_type_split_save.mean.Nvalid_TRUE" name="mean_values_split_"/>
    <testcase time="0.00100000000020373" classname="ds.mean_smk_type_split_save.mean.Nvalid_TRUE" name="mean_values_split_"/>
    <testcase time="0.000999999999748979" classname="ds.mean_smk_type_split_save.mean.Nvalid_TRUE" name="mean_values_split_"/>
    <testcase time="0.00199999999995271" classname="ds.mean_smk_type_split_save.mean.Nvalid_TRUE" name="mean_values_split_"/>
    <testcase time="0.00100000000020373" classname="ds.mean_smk_type_split_save.mean.Nvalid_TRUE" name="mean_values_split_"/>
    <testcase time="0.000999999999748979" classname="ds.mean_smk_type_split_save.mean.Nvalid_TRUE" name="mean_values_split_"/>
    <testcase time="0.00199999999995271" classname="ds.mean_smk_type_split_save.mean.Nvalid_TRUE" name="mean_values_split_"/>
    <testcase time="0.00100000000020373" classname="ds.mean_smk_type_split_save.mean.Nvalid_TRUE" name="mean_values_split_"/>
    <testcase time="0.00100000000020373" classname="ds.mean_smk_type_split_save.mean.Nvalid_TRUE" name="mean_values_split_"/>
    <testcase time="0.00199999999995271" classname="ds.mean_smk_type_split_save.mean.Nvalid_TRUE" name="mean_values_split_"/>
    <testcase time="0.000999999999748979" classname="ds.mean_smk_type_split_save.mean.Nvalid_TRUE" name="mean_values_split_"/>
    <testcase time="0.00199999999995271" classname="ds.mean_smk_type_split_save.mean.Nvalid_TRUE" name="mean_values_split_"/>
    <testcase time="0.26299999999992" classname="ds.mean_smk_type_split_save.mean.Nvalid_TRUE" name="mean_values_split_"/>
    <testcase time="0.00100000000020373" classname="ds.mean_smk_type_split_save.mean.Nvalid_TRUE" name="mean_values_split_"/>
    <testcase time="0.00199999999995271" classname="ds.mean_smk_type_split_save.mean.Nvalid_TRUE" name="mean_values_split_"/>
    <testcase time="0.00100000000020373" classname="ds.mean_smk_type_split_save.mean.Nvalid_TRUE" name="mean_values_split_"/>
    <testcase time="0.00199999999995271" classname="ds.mean_smk_type_split_save.mean.Nvalid_TRUE" name="mean_values_split_"/>
    <testcase time="0.000999999999748979" classname="ds.mean_smk_type_split_save.mean.Nvalid_TRUE" name="mean_values_split_"/>
    <testcase time="0.00100000000020373" classname="ds.mean_smk_type_split_save.mean.Nvalid_TRUE" name="mean_values_split_"/>
    <testcase time="0.00199999999995271" classname="ds.mean_smk_type_split_save.mean.Nvalid_TRUE" name="mean_values_split_"/>
    <testcase time="0.00100000000020373" classname="ds.mean_smk_type_split_save.mean.Nvalid_TRUE" name="mean_values_split_"/>
    <testcase time="0.00199999999995271" classname="ds.mean_smk_type_split_save.mean.Nvalid_TRUE" name="mean_values_split_"/>
    <testcase time="0.000999999999748979" classname="ds.mean_smk_type_split_save.mean.Nvalid_TRUE" name="mean_values_split_"/>
    <testcase time="0.00199999999995271" classname="ds.mean_smk_type_split_save.mean.Nvalid_TRUE" name="mean_values_split_"/>
  </testsuite>
  <testsuite name="ds.mean::smk::type=both,save.mean.Nvalid=TRUE" timestamp="2020-07-06T23:55:07Z" hostname="fv-az14" tests="36" skipped="0" failures="0" errors="0" time="2.764">
    <testcase time="2.45400000000018" classname="ds.mean_smk_type_both_save.mean.Nvalid_TRUE" name="mean_values_both_"/>
    <testcase time="0.000999999999748979" classname="ds.mean_smk_type_both_save.mean.Nvalid_TRUE" name="mean_values_both_"/>
    <testcase time="0.00100000000020373" classname="ds.mean_smk_type_both_save.mean.Nvalid_TRUE" name="mean_values_both_"/>
    <testcase time="0.00199999999995271" classname="ds.mean_smk_type_both_save.mean.Nvalid_TRUE" name="mean_values_both_"/>
    <testcase time="0.00100000000020373" classname="ds.mean_smk_type_both_save.mean.Nvalid_TRUE" name="mean_values_both_"/>
    <testcase time="0.000999999999748979" classname="ds.mean_smk_type_both_save.mean.Nvalid_TRUE" name="mean_values_both_"/>
    <testcase time="0.00100000000020373" classname="ds.mean_smk_type_both_save.mean.Nvalid_TRUE" name="mean_values_both_"/>
    <testcase time="0.00199999999995271" classname="ds.mean_smk_type_both_save.mean.Nvalid_TRUE" name="mean_values_both_"/>
    <testcase time="0.000999999999748979" classname="ds.mean_smk_type_both_save.mean.Nvalid_TRUE" name="mean_values_both_"/>
    <testcase time="0.00100000000020373" classname="ds.mean_smk_type_both_save.mean.Nvalid_TRUE" name="mean_values_both_"/>
    <testcase time="0.00199999999995271" classname="ds.mean_smk_type_both_save.mean.Nvalid_TRUE" name="mean_values_both_"/>
    <testcase time="0.00100000000020373" classname="ds.mean_smk_type_both_save.mean.Nvalid_TRUE" name="mean_values_both_"/>
    <testcase time="0.000999999999748979" classname="ds.mean_smk_type_both_save.mean.Nvalid_TRUE" name="mean_values_both_"/>
    <testcase time="0.00199999999995271" classname="ds.mean_smk_type_both_save.mean.Nvalid_TRUE" name="mean_values_both_"/>
    <testcase time="0.00100000000020373" classname="ds.mean_smk_type_both_save.mean.Nvalid_TRUE" name="mean_values_both_"/>
    <testcase time="0.000999999999748979" classname="ds.mean_smk_type_both_save.mean.Nvalid_TRUE" name="mean_values_both_"/>
    <testcase time="0.00100000000020373" classname="ds.mean_smk_type_both_save.mean.Nvalid_TRUE" name="mean_values_both_"/>
    <testcase time="0.000999999999748979" classname="ds.mean_smk_type_both_save.mean.Nvalid_TRUE" name="mean_values_both_"/>
    <testcase time="0.00199999999995271" classname="ds.mean_smk_type_both_save.mean.Nvalid_TRUE" name="mean_values_both_"/>
    <testcase time="0.00100000000020373" classname="ds.mean_smk_type_both_save.mean.Nvalid_TRUE" name="mean_values_both_"/>
    <testcase time="0.00199999999995271" classname="ds.mean_smk_type_both_save.mean.Nvalid_TRUE" name="mean_values_both_"/>
    <testcase time="0.000999999999748979" classname="ds.mean_smk_type_both_save.mean.Nvalid_TRUE" name="mean_values_both_"/>
    <testcase time="0.00199999999995271" classname="ds.mean_smk_type_both_save.mean.Nvalid_TRUE" name="mean_values_both_"/>
    <testcase time="0.00100000000020373" classname="ds.mean_smk_type_both_save.mean.Nvalid_TRUE" name="mean_values_both_"/>
    <testcase time="0.26299999999992" classname="ds.mean_smk_type_both_save.mean.Nvalid_TRUE" name="mean_values_both_"/>
    <testcase time="0.00199999999995271" classname="ds.mean_smk_type_both_save.mean.Nvalid_TRUE" name="mean_values_both_"/>
    <testcase time="0.00100000000020373" classname="ds.mean_smk_type_both_save.mean.Nvalid_TRUE" name="mean_values_both_"/>
    <testcase time="0.00199999999995271" classname="ds.mean_smk_type_both_save.mean.Nvalid_TRUE" name="mean_values_both_"/>
    <testcase time="0.00100000000020373" classname="ds.mean_smk_type_both_save.mean.Nvalid_TRUE" name="mean_values_both_"/>
    <testcase time="0.00199999999995271" classname="ds.mean_smk_type_both_save.mean.Nvalid_TRUE" name="mean_values_both_"/>
    <testcase time="0.000999999999748979" classname="ds.mean_smk_type_both_save.mean.Nvalid_TRUE" name="mean_values_both_"/>
    <testcase time="0.00199999999995271" classname="ds.mean_smk_type_both_save.mean.Nvalid_TRUE" name="mean_values_both_"/>
    <testcase time="0.00100000000020373" classname="ds.mean_smk_type_both_save.mean.Nvalid_TRUE" name="mean_values_both_"/>
    <testcase time="0.00199999999995271" classname="ds.mean_smk_type_both_save.mean.Nvalid_TRUE" name="mean_values_both_"/>
    <testcase time="0.00199999999995271" classname="ds.mean_smk_type_both_save.mean.Nvalid_TRUE" name="mean_values_both_"/>
    <testcase time="0.00100000000020373" classname="ds.mean_smk_type_both_save.mean.Nvalid_TRUE" name="mean_values_both_"/>
  </testsuite>
  <testsuite name="ds.mean::smk::shutdown" timestamp="2020-07-06T23:55:10Z" hostname="fv-az14" tests="3" skipped="0" failures="0" errors="0" time="0.27">
    <testcase time="0.268000000000029" classname="ds.mean_smk_shutdown" name="shutdown"/>
    <testcase time="0.000999999999748979" classname="ds.mean_smk_shutdown" name="shutdown"/>
    <testcase time="0.00100000000020373" classname="ds.mean_smk_shutdown" name="shutdown"/>
  </testsuite>
  <testsuite name="ds.mean::smk::done" timestamp="2020-07-06T23:55:11Z" hostname="fv-az14" tests="0" skipped="0" failures="0" errors="0" time="0"/>
  <testsuite name="ds.meanSdGp::smk::setup" timestamp="2020-07-06T23:55:11Z" hostname="fv-az14" tests="3" skipped="0" failures="0" errors="0" time="5.129">
    <testcase time="5.12599999999975" classname="ds.meanSdGp_smk_setup" name="setup"/>
    <testcase time="0.00100000000020373" classname="ds.meanSdGp_smk_setup" name="setup"/>
    <testcase time="0.00199999999995271" classname="ds.meanSdGp_smk_setup" name="setup"/>
  </testsuite>
  <testsuite name="ds.meanSdGp::smk::type=split" timestamp="2020-07-06T23:55:15Z" hostname="fv-az14" tests="8" skipped="0" failures="0" errors="0" time="0.409">
    <testcase time="0.40099999999984" classname="ds.meanSdGp_smk_type_split" name="meanSdGp_values_split_"/>
    <testcase time="0.00100000000020373" classname="ds.meanSdGp_smk_type_split" name="meanSdGp_values_split_"/>
    <testcase time="0.00199999999995271" classname="ds.meanSdGp_smk_type_split" name="meanSdGp_values_split_"/>
    <testcase time="0.000999999999748979" classname="ds.meanSdGp_smk_type_split" name="meanSdGp_values_split_"/>
    <testcase time="0.00100000000020373" classname="ds.meanSdGp_smk_type_split" name="meanSdGp_values_split_"/>
    <testcase time="0.00100000000020373" classname="ds.meanSdGp_smk_type_split" name="meanSdGp_values_split_"/>
    <testcase time="0.000999999999748979" classname="ds.meanSdGp_smk_type_split" name="meanSdGp_values_split_"/>
    <testcase time="0.00100000000020373" classname="ds.meanSdGp_smk_type_split" name="meanSdGp_values_split_"/>
  </testsuite>
  <testsuite name="ds.meanSdGp::smk::type=combine" timestamp="2020-07-06T23:55:16Z" hostname="fv-az14" tests="8" skipped="0" failures="0" errors="0" time="0.277">
    <testcase time="0.268999999999778" classname="ds.meanSdGp_smk_type_combine" name="meanSdGp_values_combine_"/>
    <testcase time="0.00100000000020373" classname="ds.meanSdGp_smk_type_combine" name="meanSdGp_values_combine_"/>
    <testcase time="0.000999999999748979" classname="ds.meanSdGp_smk_type_combine" name="meanSdGp_values_combine_"/>
    <testcase time="0.00100000000020373" classname="ds.meanSdGp_smk_type_combine" name="meanSdGp_values_combine_"/>
    <testcase time="0.000999999999748979" classname="ds.meanSdGp_smk_type_combine" name="meanSdGp_values_combine_"/>
    <testcase time="0.00100000000020373" classname="ds.meanSdGp_smk_type_combine" name="meanSdGp_values_combine_"/>
    <testcase time="0.000999999999748979" classname="ds.meanSdGp_smk_type_combine" name="meanSdGp_values_combine_"/>
    <testcase time="0.00200000000040745" classname="ds.meanSdGp_smk_type_combine" name="meanSdGp_values_combine_"/>
  </testsuite>
  <testsuite name="ds.meanSdGp::smk::type=both" timestamp="2020-07-06T23:55:16Z" hostname="fv-az14" tests="8" skipped="0" failures="0" errors="0" time="0.279">
    <testcase time="0.270999999999731" classname="ds.meanSdGp_smk_type_both" name="meanSdGp_values_both_"/>
    <testcase time="0.00100000000020373" classname="ds.meanSdGp_smk_type_both" name="meanSdGp_values_both_"/>
    <testcase time="0.000999999999748979" classname="ds.meanSdGp_smk_type_both" name="meanSdGp_values_both_"/>
    <testcase time="0.00100000000020373" classname="ds.meanSdGp_smk_type_both" name="meanSdGp_values_both_"/>
    <testcase time="0.000999999999748979" classname="ds.meanSdGp_smk_type_both" name="meanSdGp_values_both_"/>
    <testcase time="0.00100000000020373" classname="ds.meanSdGp_smk_type_both" name="meanSdGp_values_both_"/>
    <testcase time="0.000999999999748979" classname="ds.meanSdGp_smk_type_both" name="meanSdGp_values_both_"/>
    <testcase time="0.00200000000040745" classname="ds.meanSdGp_smk_type_both" name="meanSdGp_values_both_"/>
  </testsuite>
  <testsuite name="ds.meanSdGp::smk::shutdown" timestamp="2020-07-06T23:55:16Z" hostname="fv-az14" tests="3" skipped="0" failures="0" errors="0" time="0.275">
    <testcase time="0.272999999999683" classname="ds.meanSdGp_smk_shutdown" name="shutdown"/>
    <testcase time="0.00100000000020373" classname="ds.meanSdGp_smk_shutdown" name="shutdown"/>
    <testcase time="0.000999999999748979" classname="ds.meanSdGp_smk_shutdown" name="shutdown"/>
  </testsuite>
  <testsuite name="ds.meanSdGp::smk::done" timestamp="2020-07-06T23:55:17Z" hostname="fv-az14" tests="0" skipped="0" failures="0" errors="0" time="0"/>
  <testsuite name="ds.merge::smk::setup" timestamp="2020-07-06T23:55:17Z" hostname="fv-az14" tests="3" skipped="0" failures="0" errors="0" time="5.196">
    <testcase time="5.19399999999996" classname="ds.merge_smk_setup" name="setup"/>
    <testcase time="0.00100000000020373" classname="ds.merge_smk_setup" name="setup"/>
    <testcase time="0.00100000000020373" classname="ds.merge_smk_setup" name="setup"/>
  </testsuite>
  <testsuite name="ds.merge::smk" timestamp="2020-07-06T23:55:22Z" hostname="fv-az14" tests="7" skipped="0" failures="0" errors="0" time="7.56">
    <testcase time="7.03399999999965" classname="ds.merge_smk" name="simple_test"/>
    <testcase time="0.00100000000020373" classname="ds.merge_smk" name="simple_test"/>
    <testcase time="0.000999999999748979" classname="ds.merge_smk" name="simple_test"/>
    <testcase time="0.521000000000186" classname="ds.merge_smk" name="simple_test"/>
    <testcase time="0.00100000000020373" classname="ds.merge_smk" name="simple_test"/>
    <testcase time="0.000999999999748979" classname="ds.merge_smk" name="simple_test"/>
    <testcase time="0.00100000000020373" classname="ds.merge_smk" name="simple_test"/>
  </testsuite>
  <testsuite name="ds.merge::smk::shutdown" timestamp="2020-07-06T23:55:29Z" hostname="fv-az14" tests="3" skipped="0" failures="0" errors="0" time="0.272">
    <testcase time="0.269999999999982" classname="ds.merge_smk_shutdown" name="shutdown"/>
    <testcase time="0.000999999999748979" classname="ds.merge_smk_shutdown" name="shutdown"/>
    <testcase time="0.00100000000020373" classname="ds.merge_smk_shutdown" name="shutdown"/>
  </testsuite>
  <testsuite name="ds.merge::smk::done" timestamp="2020-07-06T23:55:30Z" hostname="fv-az14" tests="0" skipped="0" failures="0" errors="0" time="0"/>
  <testsuite name="ds.message::smk::setup" timestamp="2020-07-06T23:55:30Z" hostname="fv-az14" tests="3" skipped="0" failures="0" errors="0" time="5.16">
    <testcase time="5.1569999999997" classname="ds.message_smk_setup" name="setup"/>
    <testcase time="0.00200000000040745" classname="ds.message_smk_setup" name="setup"/>
    <testcase time="0.000999999999748979" classname="ds.message_smk_setup" name="setup"/>
  </testsuite>
  <testsuite name="ds.message::smk" timestamp="2020-07-06T23:55:35Z" hostname="fv-az14" tests="12" skipped="0" failures="0" errors="0" time="3.17">
    <testcase time="0.269999999999982" classname="ds.message_smk" name="not_exists_request_message"/>
    <testcase time="0.00100000000020373" classname="ds.message_smk" name="not_exists_request_message"/>
    <testcase time="0.000999999999748979" classname="ds.message_smk" name="not_exists_request_message"/>
    <testcase time="0.00100000000020373" classname="ds.message_smk" name="not_exists_request_message"/>
    <testcase time="1.71299999999974" classname="ds.message_smk" name="exists_request_message"/>
    <testcase time="0.00199999999995271" classname="ds.message_smk" name="exists_request_message"/>
    <testcase time="0.00100000000020373" classname="ds.message_smk" name="exists_request_message"/>
    <testcase time="0.00100000000020373" classname="ds.message_smk" name="exists_request_message"/>
    <testcase time="1.17599999999993" classname="ds.message_smk" name="partial_request_message"/>
    <testcase time="0.00199999999995271" classname="ds.message_smk" name="partial_request_message"/>
    <testcase time="0.000999999999748979" classname="ds.message_smk" name="partial_request_message"/>
    <testcase time="0.00100000000020373" classname="ds.message_smk" name="partial_request_message"/>
  </testsuite>
  <testsuite name="ds.message::smk::shutdown" timestamp="2020-07-06T23:55:38Z" hostname="fv-az14" tests="1" skipped="1" failures="0" errors="0" time="0.013">
    <testcase time="0.01299999999992" classname="ds.message_smk_shutdown" name="shutdown">
      <skipped/>
    </testcase>
  </testsuite>
  <testsuite name="ds.message::smk::done" timestamp="2020-07-06T23:55:39Z" hostname="fv-az14" tests="0" skipped="0" failures="0" errors="0" time="0"/>
  <testsuite name="ds.names::smk::setup" timestamp="2020-07-06T23:55:39Z" hostname="fv-az14" tests="3" skipped="0" failures="0" errors="0" time="5.197">
    <testcase time="5.19500000000016" classname="ds.names_smk_setup" name="setup"/>
    <testcase time="0.000999999999748979" classname="ds.names_smk_setup" name="setup"/>
    <testcase time="0.00100000000020373" classname="ds.names_smk_setup" name="setup"/>
  </testsuite>
  <testsuite name="ds.names::smk" timestamp="2020-07-06T23:55:43Z" hostname="fv-az14" tests="10" skipped="0" failures="0" errors="0" time="2.663">
    <testcase time="2.65299999999979" classname="ds.names_smk" name="level_names"/>
    <testcase time="0.000999999999748979" classname="ds.names_smk" name="level_names"/>
    <testcase time="0.00100000000020373" classname="ds.names_smk" name="level_names"/>
    <testcase time="0.00100000000020373" classname="ds.names_smk" name="level_names"/>
    <testcase time="0.000999999999748979" classname="ds.names_smk" name="level_names"/>
    <testcase time="0.00100000000020373" classname="ds.names_smk" name="level_names"/>
    <testcase time="0.000999999999748979" classname="ds.names_smk" name="level_names"/>
    <testcase time="0.00100000000020373" classname="ds.names_smk" name="level_names"/>
    <testcase time="0.000999999999748979" classname="ds.names_smk" name="level_names"/>
    <testcase time="0.00199999999995271" classname="ds.names_smk" name="level_names"/>
  </testsuite>
  <testsuite name="ds.names::smk::shutdown" timestamp="2020-07-06T23:55:46Z" hostname="fv-az14" tests="3" skipped="0" failures="0" errors="0" time="0.272">
    <testcase time="0.269999999999982" classname="ds.names_smk_shutdown" name="shutdown"/>
    <testcase time="0.00100000000020373" classname="ds.names_smk_shutdown" name="shutdown"/>
    <testcase time="0.00100000000020373" classname="ds.names_smk_shutdown" name="shutdown"/>
  </testsuite>
  <testsuite name="ds.names::smk::done" timestamp="2020-07-06T23:55:47Z" hostname="fv-az14" tests="0" skipped="0" failures="0" errors="0" time="0"/>
  <testsuite name="ds.numNA::smk::setup" timestamp="2020-07-06T23:55:47Z" hostname="fv-az14" tests="3" skipped="0" failures="0" errors="0" time="5.172">
    <testcase time="5.16999999999962" classname="ds.numNA_smk_setup" name="setup"/>
    <testcase time="0.00100000000020373" classname="ds.numNA_smk_setup" name="setup"/>
    <testcase time="0.000999999999748979" classname="ds.numNA_smk_setup" name="setup"/>
  </testsuite>
  <testsuite name="ds.numNA::smk" timestamp="2020-07-06T23:55:51Z" hostname="fv-az14" tests="12" skipped="0" failures="0" errors="0" time="1.589">
    <testcase time="0.539000000000215" classname="ds.numNA_smk" name="simple_numNA"/>
    <testcase time="0.00100000000020373" classname="ds.numNA_smk" name="simple_numNA"/>
    <testcase time="0.000999999999748979" classname="ds.numNA_smk" name="simple_numNA"/>
    <testcase time="0.00100000000020373" classname="ds.numNA_smk" name="simple_numNA"/>
    <testcase time="0.52599999999984" classname="ds.numNA_smk" name="simple_numNA"/>
    <testcase time="0.00100000000020373" classname="ds.numNA_smk" name="simple_numNA"/>
    <testcase time="0.000999999999748979" classname="ds.numNA_smk" name="simple_numNA"/>
    <testcase time="0.00199999999995271" classname="ds.numNA_smk" name="simple_numNA"/>
    <testcase time="0.51299999999992" classname="ds.numNA_smk" name="simple_numNA"/>
    <testcase time="0.00100000000020373" classname="ds.numNA_smk" name="simple_numNA"/>
    <testcase time="0.00199999999995271" classname="ds.numNA_smk" name="simple_numNA"/>
    <testcase time="0.00100000000020373" classname="ds.numNA_smk" name="simple_numNA"/>
  </testsuite>
  <testsuite name="ds.numNA::smk::shutdown" timestamp="2020-07-06T23:55:53Z" hostname="fv-az14" tests="3" skipped="0" failures="0" errors="0" time="0.272">
    <testcase time="0.269999999999982" classname="ds.numNA_smk_shutdown" name="shutdown"/>
    <testcase time="0.000999999999748979" classname="ds.numNA_smk_shutdown" name="shutdown"/>
    <testcase time="0.00100000000020373" classname="ds.numNA_smk_shutdown" name="shutdown"/>
  </testsuite>
  <testsuite name="ds.numNA::smk::done" timestamp="2020-07-06T23:55:54Z" hostname="fv-az14" tests="0" skipped="0" failures="0" errors="0" time="0"/>
  <testsuite name="ds.quantileMean::smk::setup" timestamp="2020-07-06T23:55:54Z" hostname="fv-az14" tests="3" skipped="0" failures="0" errors="0" time="5.172">
    <testcase time="5.17000000000007" classname="ds.quantileMean_smk_setup" name="setup"/>
    <testcase time="0.000999999999748979" classname="ds.quantileMean_smk_setup" name="setup"/>
    <testcase time="0.00100000000020373" classname="ds.quantileMean_smk_setup" name="setup"/>
  </testsuite>
  <testsuite name="ds.quantileMean::smk::standard" timestamp="2020-07-06T23:55:58Z" hostname="fv-az14" tests="9" skipped="0" failures="0" errors="0" time="1.73">
    <testcase time="1.71299999999974" classname="ds.quantileMean_smk_standard" name="quantileMean"/>
    <testcase time="0.00199999999995271" classname="ds.quantileMean_smk_standard" name="quantileMean"/>
    <testcase time="0.00100000000020373" classname="ds.quantileMean_smk_standard" name="quantileMean"/>
    <testcase time="0.000999999999748979" classname="ds.quantileMean_smk_standard" name="quantileMean"/>
    <testcase time="0.00100000000020373" classname="ds.quantileMean_smk_standard" name="quantileMean"/>
    <testcase time="0.00799999999981083" classname="ds.quantileMean_smk_standard" name="quantileMean"/>
    <testcase time="0.00100000000020373" classname="ds.quantileMean_smk_standard" name="quantileMean"/>
    <testcase time="0.00100000000020373" classname="ds.quantileMean_smk_standard" name="quantileMean"/>
    <testcase time="0.00199999999995271" classname="ds.quantileMean_smk_standard" name="quantileMean"/>
  </testsuite>
  <testsuite name="ds.quantileMean::smk::split" timestamp="2020-07-06T23:56:00Z" hostname="fv-az14" tests="28" skipped="0" failures="0" errors="0" time="2.259">
    <testcase time="2.22199999999975" classname="ds.quantileMean_smk_split" name="quantileMean_split"/>
    <testcase time="0.00199999999995271" classname="ds.quantileMean_smk_split" name="quantileMean_split"/>
    <testcase time="0.00100000000020373" classname="ds.quantileMean_smk_split" name="quantileMean_split"/>
    <testcase time="0.000999999999748979" classname="ds.quantileMean_smk_split" name="quantileMean_split"/>
    <testcase time="0.00100000000020373" classname="ds.quantileMean_smk_split" name="quantileMean_split"/>
    <testcase time="0.00100000000020373" classname="ds.quantileMean_smk_split" name="quantileMean_split"/>
    <testcase time="0.000999999999748979" classname="ds.quantileMean_smk_split" name="quantileMean_split"/>
    <testcase time="0.00100000000020373" classname="ds.quantileMean_smk_split" name="quantileMean_split"/>
    <testcase time="0.00199999999995271" classname="ds.quantileMean_smk_split" name="quantileMean_split"/>
    <testcase time="0.000999999999748979" classname="ds.quantileMean_smk_split" name="quantileMean_split"/>
    <testcase time="0.00100000000020373" classname="ds.quantileMean_smk_split" name="quantileMean_split"/>
    <testcase time="0.000999999999748979" classname="ds.quantileMean_smk_split" name="quantileMean_split"/>
    <testcase time="0.00199999999995271" classname="ds.quantileMean_smk_split" name="quantileMean_split"/>
    <testcase time="0.00100000000020373" classname="ds.quantileMean_smk_split" name="quantileMean_split"/>
    <testcase time="0.00199999999995271" classname="ds.quantileMean_smk_split" name="quantileMean_split"/>
    <testcase time="0.00100000000020373" classname="ds.quantileMean_smk_split" name="quantileMean_split"/>
    <testcase time="0.000999999999748979" classname="ds.quantileMean_smk_split" name="quantileMean_split"/>
    <testcase time="0.00199999999995271" classname="ds.quantileMean_smk_split" name="quantileMean_split"/>
    <testcase time="0.00100000000020373" classname="ds.quantileMean_smk_split" name="quantileMean_split"/>
    <testcase time="0.00199999999995271" classname="ds.quantileMean_smk_split" name="quantileMean_split"/>
    <testcase time="0.00100000000020373" classname="ds.quantileMean_smk_split" name="quantileMean_split"/>
    <testcase time="0.00199999999995271" classname="ds.quantileMean_smk_split" name="quantileMean_split"/>
    <testcase time="0.000999999999748979" classname="ds.quantileMean_smk_split" name="quantileMean_split"/>
    <testcase time="0.00199999999995271" classname="ds.quantileMean_smk_split" name="quantileMean_split"/>
    <testcase time="0.00100000000020373" classname="ds.quantileMean_smk_split" name="quantileMean_split"/>
    <testcase time="0.00199999999995271" classname="ds.quantileMean_smk_split" name="quantileMean_split"/>
    <testcase time="0.00100000000020373" classname="ds.quantileMean_smk_split" name="quantileMean_split"/>
    <testcase time="0.00199999999995271" classname="ds.quantileMean_smk_split" name="quantileMean_split"/>
  </testsuite>
  <testsuite name="ds.quantileMean::smk::shutdown" timestamp="2020-07-06T23:56:02Z" hostname="fv-az14" tests="3" skipped="0" failures="0" errors="0" time="0.288">
    <testcase time="0.286000000000058" classname="ds.quantileMean_smk_shutdown" name="shutdown"/>
    <testcase time="0.000999999999748979" classname="ds.quantileMean_smk_shutdown" name="shutdown"/>
    <testcase time="0.00100000000020373" classname="ds.quantileMean_smk_shutdown" name="shutdown"/>
  </testsuite>
  <testsuite name="ds.quantileMean::smk::done" timestamp="2020-07-06T23:56:03Z" hostname="fv-az14" tests="0" skipped="0" failures="0" errors="0" time="0"/>
  <testsuite name="ds.rbind::smk::setup" timestamp="2020-07-06T23:56:03Z" hostname="fv-az14" tests="3" skipped="0" failures="0" errors="0" time="5.179">
    <testcase time="5.17699999999968" classname="ds.rbind_smk_setup" name="setup"/>
    <testcase time="0.00100000000020373" classname="ds.rbind_smk_setup" name="setup"/>
    <testcase time="0.000999999999748979" classname="ds.rbind_smk_setup" name="setup"/>
  </testsuite>
  <testsuite name="ds.rbind::smk" timestamp="2020-07-06T23:56:08Z" hostname="fv-az14" tests="5" skipped="0" failures="0" errors="0" time="2.431">
    <testcase time="1.91400000000021" classname="ds.rbind_smk" name="simple_test"/>
    <testcase time="0.000999999999748979" classname="ds.rbind_smk" name="simple_test"/>
    <testcase time="0.513000000000375" classname="ds.rbind_smk" name="simple_test"/>
    <testcase time="0.00199999999995271" classname="ds.rbind_smk" name="simple_test"/>
    <testcase time="0.000999999999748979" classname="ds.rbind_smk" name="simple_test"/>
  </testsuite>
  <testsuite name="ds.rbind::smk::shutdown" timestamp="2020-07-06T23:56:10Z" hostname="fv-az14" tests="3" skipped="0" failures="0" errors="0" time="0.271">
    <testcase time="0.269000000000233" classname="ds.rbind_smk_shutdown" name="shutdown"/>
    <testcase time="0.000999999999748979" classname="ds.rbind_smk_shutdown" name="shutdown"/>
    <testcase time="0.00100000000020373" classname="ds.rbind_smk_shutdown" name="shutdown"/>
  </testsuite>
  <testsuite name="ds.rbind::smk::done" timestamp="2020-07-06T23:56:11Z" hostname="fv-az14" tests="0" skipped="0" failures="0" errors="0" time="0"/>
  <testsuite name="ds.rBinom::smk::setup" timestamp="2020-07-06T23:56:11Z" hostname="fv-az14" tests="3" skipped="0" failures="0" errors="0" time="5.179">
    <testcase time="5.17700000000013" classname="ds.rBinom_smk_setup" name="setup"/>
    <testcase time="0.000999999999748979" classname="ds.rBinom_smk_setup" name="setup"/>
    <testcase time="0.00100000000020373" classname="ds.rBinom_smk_setup" name="setup"/>
  </testsuite>
  <testsuite name="ds.rBinom::smk::simple test" timestamp="2020-07-06T23:56:16Z" hostname="fv-az14" tests="11" skipped="0" failures="0" errors="0" time="2.023">
    <testcase time="2.01199999999972" classname="ds.rBinom_smk_simple_test" name="simple_test"/>
    <testcase time="0.00100000000020373" classname="ds.rBinom_smk_simple_test" name="simple_test"/>
    <testcase time="0.000999999999748979" classname="ds.rBinom_smk_simple_test" name="simple_test"/>
    <testcase time="0.00100000000020373" classname="ds.rBinom_smk_simple_test" name="simple_test"/>
    <testcase time="0.00100000000020373" classname="ds.rBinom_smk_simple_test" name="simple_test"/>
    <testcase time="0.000999999999748979" classname="ds.rBinom_smk_simple_test" name="simple_test"/>
    <testcase time="0.00199999999995271" classname="ds.rBinom_smk_simple_test" name="simple_test"/>
    <testcase time="0.00100000000020373" classname="ds.rBinom_smk_simple_test" name="simple_test"/>
    <testcase time="0.000999999999748979" classname="ds.rBinom_smk_simple_test" name="simple_test"/>
    <testcase time="0.00100000000020373" classname="ds.rBinom_smk_simple_test" name="simple_test"/>
    <testcase time="0.000999999999748979" classname="ds.rBinom_smk_simple_test" name="simple_test"/>
  </testsuite>
  <testsuite name="ds.rBinom::smk::shutdown" timestamp="2020-07-06T23:56:18Z" hostname="fv-az14" tests="3" skipped="0" failures="0" errors="0" time="0.273">
    <testcase time="0.269999999999982" classname="ds.rBinom_smk_shutdown" name="shutdown"/>
    <testcase time="0.00200000000040745" classname="ds.rBinom_smk_shutdown" name="shutdown"/>
    <testcase time="0.000999999999748979" classname="ds.rBinom_smk_shutdown" name="shutdown"/>
  </testsuite>
  <testsuite name="ds.rBinom::smk::done" timestamp="2020-07-06T23:56:19Z" hostname="fv-az14" tests="0" skipped="0" failures="0" errors="0" time="0"/>
  <testsuite name="ds.recodeLevels::smk::setup" timestamp="2020-07-06T23:56:19Z" hostname="fv-az14" tests="3" skipped="0" failures="0" errors="0" time="5.177">
    <testcase time="5.17399999999998" classname="ds.recodeLevels_smk_setup" name="setup"/>
    <testcase time="0.00100000000020373" classname="ds.recodeLevels_smk_setup" name="setup"/>
    <testcase time="0.00199999999995271" classname="ds.recodeLevels_smk_setup" name="setup"/>
  </testsuite>
  <testsuite name="ds.recodeLevels::smk" timestamp="2020-07-06T23:56:23Z" hostname="fv-az14" tests="7" skipped="0" failures="0" errors="0" time="2.906">
    <testcase time="2.89899999999989" classname="ds.recodeLevels_smk" name="new_levels"/>
    <testcase time="0.00100000000020373" classname="ds.recodeLevels_smk" name="new_levels"/>
    <testcase time="0.000999999999748979" classname="ds.recodeLevels_smk" name="new_levels"/>
    <testcase time="0.00100000000020373" classname="ds.recodeLevels_smk" name="new_levels"/>
    <testcase time="0.000999999999748979" classname="ds.recodeLevels_smk" name="new_levels"/>
    <testcase time="0.00100000000020373" classname="ds.recodeLevels_smk" name="new_levels"/>
    <testcase time="0.00199999999995271" classname="ds.recodeLevels_smk" name="new_levels"/>
  </testsuite>
  <testsuite name="ds.recodeLevels::smk::no connections or newobj" timestamp="2020-07-06T23:56:26Z" hostname="fv-az14" tests="7" skipped="0" failures="0" errors="0" time="2.907">
    <testcase time="2.90099999999984" classname="ds.recodeLevels_smk_no_connections_or_newobj" name="new_levels_auto"/>
    <testcase time="0.00100000000020373" classname="ds.recodeLevels_smk_no_connections_or_newobj" name="new_levels_auto"/>
    <testcase time="0.000999999999748979" classname="ds.recodeLevels_smk_no_connections_or_newobj" name="new_levels_auto"/>
    <testcase time="0.00100000000020373" classname="ds.recodeLevels_smk_no_connections_or_newobj" name="new_levels_auto"/>
    <testcase time="0.000999999999748979" classname="ds.recodeLevels_smk_no_connections_or_newobj" name="new_levels_auto"/>
    <testcase time="0.00100000000020373" classname="ds.recodeLevels_smk_no_connections_or_newobj" name="new_levels_auto"/>
    <testcase time="0.00100000000020373" classname="ds.recodeLevels_smk_no_connections_or_newobj" name="new_levels_auto"/>
  </testsuite>
  <testsuite name="ds.recodeLevels::smk::shutdown" timestamp="2020-07-06T23:56:29Z" hostname="fv-az14" tests="3" skipped="0" failures="0" errors="0" time="0.271">
    <testcase time="0.268999999999778" classname="ds.recodeLevels_smk_shutdown" name="shutdown"/>
    <testcase time="0.00100000000020373" classname="ds.recodeLevels_smk_shutdown" name="shutdown"/>
    <testcase time="0.000999999999748979" classname="ds.recodeLevels_smk_shutdown" name="shutdown"/>
  </testsuite>
  <testsuite name="ds.recodeLevels::smk::done" timestamp="2020-07-06T23:56:30Z" hostname="fv-az14" tests="0" skipped="0" failures="0" errors="0" time="0"/>
  <testsuite name="ds.recodeValues::smk::setup" timestamp="2020-07-06T23:56:30Z" hostname="fv-az14" tests="3" skipped="0" failures="0" errors="0" time="5.176">
    <testcase time="5.17399999999998" classname="ds.recodeValues_smk_setup" name="setup"/>
    <testcase time="0.00100000000020373" classname="ds.recodeValues_smk_setup" name="setup"/>
    <testcase time="0.00100000000020373" classname="ds.recodeValues_smk_setup" name="setup"/>
  </testsuite>
  <testsuite name="ds.recodeValues::smk" timestamp="2020-07-06T23:56:34Z" hostname="fv-az14" tests="7" skipped="0" failures="0" errors="0" time="1.656">
    <testcase time="1.12599999999975" classname="ds.recodeValues_smk" name="simple_test"/>
    <testcase time="0.00200000000040745" classname="ds.recodeValues_smk" name="simple_test"/>
    <testcase time="0.000999999999748979" classname="ds.recodeValues_smk" name="simple_test"/>
    <testcase time="0.523999999999887" classname="ds.recodeValues_smk" name="simple_test"/>
    <testcase time="0.00100000000020373" classname="ds.recodeValues_smk" name="simple_test"/>
    <testcase time="0.000999999999748979" classname="ds.recodeValues_smk" name="simple_test"/>
    <testcase time="0.00100000000020373" classname="ds.recodeValues_smk" name="simple_test"/>
  </testsuite>
  <testsuite name="ds.recodeValues::smk::shutdown" timestamp="2020-07-06T23:56:36Z" hostname="fv-az14" tests="3" skipped="0" failures="0" errors="0" time="0.272">
    <testcase time="0.269999999999982" classname="ds.recodeValues_smk_shutdown" name="shutdown"/>
    <testcase time="0.00100000000020373" classname="ds.recodeValues_smk_shutdown" name="shutdown"/>
    <testcase time="0.000999999999748979" classname="ds.recodeValues_smk_shutdown" name="shutdown"/>
  </testsuite>
  <testsuite name="ds.recodeValues::smk::done" timestamp="2020-07-06T23:56:37Z" hostname="fv-az14" tests="0" skipped="0" failures="0" errors="0" time="0"/>
  <testsuite name="ds.rep::smk::complex setup" timestamp="2020-07-06T23:56:37Z" hostname="fv-az14" tests="3" skipped="0" failures="0" errors="0" time="5.148">
    <testcase time="5.14600000000019" classname="ds.rep_smk_complex_setup" name="setup"/>
    <testcase time="0.000999999999748979" classname="ds.rep_smk_complex_setup" name="setup"/>
    <testcase time="0.00100000000020373" classname="ds.rep_smk_complex_setup" name="setup"/>
  </testsuite>
  <testsuite name="ds.rep::smk::complex" timestamp="2020-07-06T23:56:41Z" hostname="fv-az14" tests="6" skipped="0" failures="0" errors="0" time="1.64">
    <testcase time="0.869000000000142" classname="ds.rep_smk_complex" name="complex_test"/>
    <testcase time="0.00199999999995271" classname="ds.rep_smk_complex" name="complex_test"/>
    <testcase time="0.000999999999748979" classname="ds.rep_smk_complex" name="complex_test"/>
    <testcase time="0.764999999999873" classname="ds.rep_smk_complex" name="complex_test"/>
    <testcase time="0.00200000000040745" classname="ds.rep_smk_complex" name="complex_test"/>
    <testcase time="0.000999999999748979" classname="ds.rep_smk_complex" name="complex_test"/>
  </testsuite>
  <testsuite name="ds.rep::smk::complex shutdown" timestamp="2020-07-06T23:56:43Z" hostname="fv-az14" tests="3" skipped="0" failures="0" errors="0" time="0.275">
    <testcase time="0.273000000000138" classname="ds.rep_smk_complex_shutdown" name="shutdown"/>
    <testcase time="0.000999999999748979" classname="ds.rep_smk_complex_shutdown" name="shutdown"/>
    <testcase time="0.00100000000020373" classname="ds.rep_smk_complex_shutdown" name="shutdown"/>
  </testsuite>
  <testsuite name="ds.rep::smk::complex done" timestamp="2020-07-06T23:56:44Z" hostname="fv-az14" tests="0" skipped="0" failures="0" errors="0" time="0"/>
  <testsuite name="ds.replaceNA::smk::setup" timestamp="2020-07-06T23:56:44Z" hostname="fv-az14" tests="3" skipped="0" failures="0" errors="0" time="5.199">
    <testcase time="5.19700000000012" classname="ds.replaceNA_smk_setup" name="setup"/>
    <testcase time="0.00100000000020373" classname="ds.replaceNA_smk_setup" name="setup"/>
    <testcase time="0.000999999999748979" classname="ds.replaceNA_smk_setup" name="setup"/>
  </testsuite>
  <testsuite name="ds.replaceNA::smk" timestamp="2020-07-06T23:56:49Z" hostname="fv-az14" tests="3" skipped="0" failures="0" errors="0" time="9.155">
    <testcase time="3.06700000000001" classname="ds.replaceNA_smk" name="simple_replaceNA"/>
    <testcase time="3.04500000000007" classname="ds.replaceNA_smk" name="simple_replaceNA"/>
    <testcase time="3.04300000000012" classname="ds.replaceNA_smk" name="simple_replaceNA"/>
  </testsuite>
  <testsuite name="ds.replaceNA::smk::shutdown" timestamp="2020-07-06T23:56:58Z" hostname="fv-az14" tests="3" skipped="0" failures="0" errors="0" time="0.27">
    <testcase time="0.266999999999825" classname="ds.replaceNA_smk_shutdown" name="setup"/>
    <testcase time="0.00199999999995271" classname="ds.replaceNA_smk_shutdown" name="setup"/>
    <testcase time="0.00100000000020373" classname="ds.replaceNA_smk_shutdown" name="setup"/>
  </testsuite>
  <testsuite name="ds.replaceNA::smk::done" timestamp="2020-07-06T23:56:59Z" hostname="fv-az14" tests="0" skipped="0" failures="0" errors="0" time="0"/>
  <testsuite name="ds.rep::smk::setup" timestamp="2020-07-06T23:56:59Z" hostname="fv-az14" tests="3" skipped="0" failures="0" errors="0" time="5.152">
    <testcase time="5.15000000000009" classname="ds.rep_smk_setup" name="setup"/>
    <testcase time="0.000999999999748979" classname="ds.rep_smk_setup" name="setup"/>
    <testcase time="0.00100000000020373" classname="ds.rep_smk_setup" name="setup"/>
  </testsuite>
  <testsuite name="ds.rep::smk" timestamp="2020-07-06T23:57:03Z" hostname="fv-az14" tests="3" skipped="0" failures="0" errors="0" time="0.789">
    <testcase time="0.786999999999807" classname="ds.rep_smk" name="simple_test"/>
    <testcase time="0.00100000000020373" classname="ds.rep_smk" name="simple_test"/>
    <testcase time="0.000999999999748979" classname="ds.rep_smk" name="simple_test"/>
  </testsuite>
  <testsuite name="ds.rep::smk::shutdown" timestamp="2020-07-06T23:57:04Z" hostname="fv-az14" tests="3" skipped="0" failures="0" errors="0" time="0.279">
    <testcase time="0.277000000000044" classname="ds.rep_smk_shutdown" name="shutdown"/>
    <testcase time="0.00100000000020373" classname="ds.rep_smk_shutdown" name="shutdown"/>
    <testcase time="0.000999999999748979" classname="ds.rep_smk_shutdown" name="shutdown"/>
  </testsuite>
  <testsuite name="ds.rep::smk::done" timestamp="2020-07-06T23:57:05Z" hostname="fv-az14" tests="0" skipped="0" failures="0" errors="0" time="0"/>
  <testsuite name="ds.reShape::smk::setup" timestamp="2020-07-06T23:57:05Z" hostname="fv-az14" tests="3" skipped="0" failures="0" errors="0" time="5.161">
    <testcase time="5.15900000000011" classname="ds.reShape_smk_setup" name="setup"/>
    <testcase time="0.00100000000020373" classname="ds.reShape_smk_setup" name="setup"/>
    <testcase time="0.000999999999748979" classname="ds.reShape_smk_setup" name="setup"/>
  </testsuite>
  <testsuite name="ds.reShape::smk" timestamp="2020-07-06T23:57:09Z" hostname="fv-az14" tests="3" skipped="0" failures="0" errors="0" time="0.983">
    <testcase time="0.980000000000018" classname="ds.reShape_smk" name="simplest_ds.reShape_wide"/>
    <testcase time="0.00199999999995271" classname="ds.reShape_smk" name="simplest_ds.reShape_wide"/>
    <testcase time="0.00100000000020373" classname="ds.reShape_smk" name="simplest_ds.reShape_wide"/>
  </testsuite>
  <testsuite name="ds.reShape::smk::shutdown" timestamp="2020-07-06T23:57:10Z" hostname="fv-az14" tests="3" skipped="0" failures="0" errors="0" time="0.28">
    <testcase time="0.277000000000044" classname="ds.reShape_smk_shutdown" name="shutdown"/>
    <testcase time="0.00199999999995271" classname="ds.reShape_smk_shutdown" name="shutdown"/>
    <testcase time="0.000999999999748979" classname="ds.reShape_smk_shutdown" name="shutdown"/>
  </testsuite>
  <testsuite name="ds.reShape::smk::done" timestamp="2020-07-06T23:57:11Z" hostname="fv-az14" tests="0" skipped="0" failures="0" errors="0" time="0"/>
  <testsuite name="ds.rm::smk::setup" timestamp="2020-07-06T23:57:11Z" hostname="fv-az14" tests="3" skipped="0" failures="0" errors="0" time="5.17">
    <testcase time="5.16700000000037" classname="ds.rm_smk_setup" name="setup"/>
    <testcase time="0.000999999999748979" classname="ds.rm_smk_setup" name="setup"/>
    <testcase time="0.00199999999995271" classname="ds.rm_smk_setup" name="setup"/>
  </testsuite>
  <testsuite name="ds.rm::smk" timestamp="2020-07-06T23:57:16Z" hostname="fv-az14" tests="14" skipped="0" failures="0" errors="0" time="2.082">
    <testcase time="0.271000000000186" classname="ds.rm_smk" name="simple_test"/>
    <testcase time="0.000999999999748979" classname="ds.rm_smk" name="simple_test"/>
    <testcase time="0.00100000000020373" classname="ds.rm_smk" name="simple_test"/>
    <testcase time="0.00100000000020373" classname="ds.rm_smk" name="simple_test"/>
    <testcase time="0.00100000000020373" classname="ds.rm_smk" name="simple_test"/>
    <testcase time="0.000999999999748979" classname="ds.rm_smk" name="simple_test"/>
    <testcase time="0.00100000000020373" classname="ds.rm_smk" name="simple_test"/>
    <testcase time="1.79799999999977" classname="ds.rm_smk" name="simple_test"/>
    <testcase time="0.00100000000020373" classname="ds.rm_smk" name="simple_test"/>
    <testcase time="0.000999999999748979" classname="ds.rm_smk" name="simple_test"/>
    <testcase time="0.00100000000020373" classname="ds.rm_smk" name="simple_test"/>
    <testcase time="0.00199999999995271" classname="ds.rm_smk" name="simple_test"/>
    <testcase time="0.00100000000020373" classname="ds.rm_smk" name="simple_test"/>
    <testcase time="0.000999999999748979" classname="ds.rm_smk" name="simple_test"/>
  </testsuite>
  <testsuite name="ds.rm::smk::shutdown" timestamp="2020-07-06T23:57:18Z" hostname="fv-az14" tests="3" skipped="0" failures="0" errors="0" time="0.274">
    <testcase time="0.271999999999935" classname="ds.rm_smk_shutdown" name="shutdown"/>
    <testcase time="0.00100000000020373" classname="ds.rm_smk_shutdown" name="shutdown"/>
    <testcase time="0.00100000000020373" classname="ds.rm_smk_shutdown" name="shutdown"/>
  </testsuite>
  <testsuite name="ds.rm::smk::done" timestamp="2020-07-06T23:57:19Z" hostname="fv-az14" tests="0" skipped="0" failures="0" errors="0" time="0"/>
  <testsuite name="ds.rNorm::smk::setup" timestamp="2020-07-06T23:57:19Z" hostname="fv-az14" tests="3" skipped="0" failures="0" errors="0" time="5.169">
    <testcase time="5.16600000000017" classname="ds.rNorm_smk_setup" name="setup"/>
    <testcase time="0.00199999999995271" classname="ds.rNorm_smk_setup" name="setup"/>
    <testcase time="0.000999999999748979" classname="ds.rNorm_smk_setup" name="setup"/>
  </testsuite>
  <testsuite name="ds.rNorm::smk::simple test" timestamp="2020-07-06T23:57:23Z" hostname="fv-az14" tests="11" skipped="0" failures="0" errors="0" time="2.024">
    <testcase time="2.01299999999992" classname="ds.rNorm_smk_simple_test" name="simple_test"/>
    <testcase time="0.00100000000020373" classname="ds.rNorm_smk_simple_test" name="simple_test"/>
    <testcase time="0.000999999999748979" classname="ds.rNorm_smk_simple_test" name="simple_test"/>
    <testcase time="0.00100000000020373" classname="ds.rNorm_smk_simple_test" name="simple_test"/>
    <testcase time="0.00100000000020373" classname="ds.rNorm_smk_simple_test" name="simple_test"/>
    <testcase time="0.000999999999748979" classname="ds.rNorm_smk_simple_test" name="simple_test"/>
    <testcase time="0.00199999999995271" classname="ds.rNorm_smk_simple_test" name="simple_test"/>
    <testcase time="0.00100000000020373" classname="ds.rNorm_smk_simple_test" name="simple_test"/>
    <testcase time="0.000999999999748979" classname="ds.rNorm_smk_simple_test" name="simple_test"/>
    <testcase time="0.00100000000020373" classname="ds.rNorm_smk_simple_test" name="simple_test"/>
    <testcase time="0.000999999999748979" classname="ds.rNorm_smk_simple_test" name="simple_test"/>
  </testsuite>
  <testsuite name="ds.rNorm::smk::shutdown" timestamp="2020-07-06T23:57:25Z" hostname="fv-az14" tests="3" skipped="0" failures="0" errors="0" time="0.27">
    <testcase time="0.268000000000029" classname="ds.rNorm_smk_shutdown" name="shutdown"/>
    <testcase time="0.00100000000020373" classname="ds.rNorm_smk_shutdown" name="shutdown"/>
    <testcase time="0.000999999999748979" classname="ds.rNorm_smk_shutdown" name="shutdown"/>
  </testsuite>
  <testsuite name="ds.rNorm::smk::done" timestamp="2020-07-06T23:57:26Z" hostname="fv-az14" tests="0" skipped="0" failures="0" errors="0" time="0"/>
  <testsuite name="ds.rowColCalc::smk::setup" timestamp="2020-07-06T23:57:26Z" hostname="fv-az14" tests="3" skipped="0" failures="0" errors="0" time="5.21">
    <testcase time="5.20800000000008" classname="ds.rowColCalc_smk_setup" name="setup"/>
    <testcase time="0.00100000000020373" classname="ds.rowColCalc_smk_setup" name="setup"/>
    <testcase time="0.000999999999748979" classname="ds.rowColCalc_smk_setup" name="setup"/>
  </testsuite>
  <testsuite name="ds.rowColCalc::smk" timestamp="2020-07-06T23:57:31Z" hostname="fv-az14" tests="4" skipped="0" failures="0" errors="0" time="4.512">
    <testcase time="4.50900000000001" classname="ds.rowColCalc_smk" name="rowColCalc_exists"/>
    <testcase time="0.00100000000020373" classname="ds.rowColCalc_smk" name="rowColCalc_exists"/>
    <testcase time="0.000999999999748979" classname="ds.rowColCalc_smk" name="rowColCalc_exists"/>
    <testcase time="0.00100000000020373" classname="ds.rowColCalc_smk" name="rowColCalc_exists"/>
  </testsuite>
  <testsuite name="ds.rowColCalc::smk::no newobj" timestamp="2020-07-06T23:57:35Z" hostname="fv-az14" tests="4" skipped="0" failures="0" errors="0" time="4.508">
    <testcase time="4.50500000000011" classname="ds.rowColCalc_smk_no_newobj" name="rowColCalc_out_exists"/>
    <testcase time="0.000999999999748979" classname="ds.rowColCalc_smk_no_newobj" name="rowColCalc_out_exists"/>
    <testcase time="0.00100000000020373" classname="ds.rowColCalc_smk_no_newobj" name="rowColCalc_out_exists"/>
    <testcase time="0.000999999999748979" classname="ds.rowColCalc_smk_no_newobj" name="rowColCalc_out_exists"/>
  </testsuite>
  <testsuite name="ds.rowColCalc::smk::shutdown" timestamp="2020-07-06T23:57:40Z" hostname="fv-az14" tests="3" skipped="0" failures="0" errors="0" time="0.27">
    <testcase time="0.268000000000029" classname="ds.rowColCalc_smk_shutdown" name="shutdown"/>
    <testcase time="0.00100000000020373" classname="ds.rowColCalc_smk_shutdown" name="shutdown"/>
    <testcase time="0.000999999999748979" classname="ds.rowColCalc_smk_shutdown" name="shutdown"/>
  </testsuite>
  <testsuite name="ds.rowColCalc::smk::done" timestamp="2020-07-06T23:57:41Z" hostname="fv-az14" tests="0" skipped="0" failures="0" errors="0" time="0"/>
  <testsuite name="ds.rPois::smk::setup" timestamp="2020-07-06T23:57:41Z" hostname="fv-az14" tests="3" skipped="0" failures="0" errors="0" time="5.169">
    <testcase time="5.16700000000037" classname="ds.rPois_smk_setup" name="setup"/>
    <testcase time="0.000999999999748979" classname="ds.rPois_smk_setup" name="setup"/>
    <testcase time="0.00100000000020373" classname="ds.rPois_smk_setup" name="setup"/>
  </testsuite>
  <testsuite name="ds.rPois::smk::simple test" timestamp="2020-07-06T23:57:45Z" hostname="fv-az14" tests="11" skipped="0" failures="0" errors="0" time="2.01">
    <testcase time="1.99800000000005" classname="ds.rPois_smk_simple_test" name="simple_test"/>
    <testcase time="0.000999999999748979" classname="ds.rPois_smk_simple_test" name="simple_test"/>
    <testcase time="0.00100000000020373" classname="ds.rPois_smk_simple_test" name="simple_test"/>
    <testcase time="0.000999999999748979" classname="ds.rPois_smk_simple_test" name="simple_test"/>
    <testcase time="0.00199999999995271" classname="ds.rPois_smk_simple_test" name="simple_test"/>
    <testcase time="0.00100000000020373" classname="ds.rPois_smk_simple_test" name="simple_test"/>
    <testcase time="0.00100000000020373" classname="ds.rPois_smk_simple_test" name="simple_test"/>
    <testcase time="0.000999999999748979" classname="ds.rPois_smk_simple_test" name="simple_test"/>
    <testcase time="0.00100000000020373" classname="ds.rPois_smk_simple_test" name="simple_test"/>
    <testcase time="0.00199999999995271" classname="ds.rPois_smk_simple_test" name="simple_test"/>
    <testcase time="0.000999999999748979" classname="ds.rPois_smk_simple_test" name="simple_test"/>
  </testsuite>
  <testsuite name="ds.rPois::smk::shutdown" timestamp="2020-07-06T23:57:47Z" hostname="fv-az14" tests="3" skipped="0" failures="0" errors="0" time="0.274">
    <testcase time="0.271999999999935" classname="ds.rPois_smk_shutdown" name="shutdown"/>
    <testcase time="0.00100000000020373" classname="ds.rPois_smk_shutdown" name="shutdown"/>
    <testcase time="0.00100000000020373" classname="ds.rPois_smk_shutdown" name="shutdown"/>
  </testsuite>
  <testsuite name="ds.rPois::smk::done" timestamp="2020-07-06T23:57:48Z" hostname="fv-az14" tests="0" skipped="0" failures="0" errors="0" time="0"/>
  <testsuite name="ds.rUnif::smk::setup" timestamp="2020-07-06T23:57:48Z" hostname="fv-az14" tests="3" skipped="0" failures="0" errors="0" time="5.181">
    <testcase time="5.17899999999963" classname="ds.rUnif_smk_setup" name="setup"/>
    <testcase time="0.00100000000020373" classname="ds.rUnif_smk_setup" name="setup"/>
    <testcase time="0.000999999999748979" classname="ds.rUnif_smk_setup" name="setup"/>
  </testsuite>
  <testsuite name="ds.rUnif::smk::simple test" timestamp="2020-07-06T23:57:53Z" hostname="fv-az14" tests="11" skipped="0" failures="0" errors="0" time="2.025">
    <testcase time="2.01300000000037" classname="ds.rUnif_smk_simple_test" name="simple_test"/>
    <testcase time="0.000999999999748979" classname="ds.rUnif_smk_simple_test" name="simple_test"/>
    <testcase time="0.00100000000020373" classname="ds.rUnif_smk_simple_test" name="simple_test"/>
    <testcase time="0.000999999999748979" classname="ds.rUnif_smk_simple_test" name="simple_test"/>
    <testcase time="0.00199999999995271" classname="ds.rUnif_smk_simple_test" name="simple_test"/>
    <testcase time="0.00100000000020373" classname="ds.rUnif_smk_simple_test" name="simple_test"/>
    <testcase time="0.000999999999748979" classname="ds.rUnif_smk_simple_test" name="simple_test"/>
    <testcase time="0.00100000000020373" classname="ds.rUnif_smk_simple_test" name="simple_test"/>
    <testcase time="0.00100000000020373" classname="ds.rUnif_smk_simple_test" name="simple_test"/>
    <testcase time="0.00199999999995271" classname="ds.rUnif_smk_simple_test" name="simple_test"/>
    <testcase time="0.000999999999748979" classname="ds.rUnif_smk_simple_test" name="simple_test"/>
  </testsuite>
  <testsuite name="ds.rUnif::smk::shutdown" timestamp="2020-07-06T23:57:55Z" hostname="fv-az14" tests="3" skipped="0" failures="0" errors="0" time="0.269">
    <testcase time="0.26700000000028" classname="ds.rUnif_smk_shutdown" name="shutdown"/>
    <testcase time="0.000999999999748979" classname="ds.rUnif_smk_shutdown" name="shutdown"/>
    <testcase time="0.00100000000020373" classname="ds.rUnif_smk_shutdown" name="shutdown"/>
  </testsuite>
  <testsuite name="ds.rUnif::smk::done" timestamp="2020-07-06T23:57:56Z" hostname="fv-az14" tests="0" skipped="0" failures="0" errors="0" time="0"/>
  <testsuite name="ds.sample::smk::setup" timestamp="2020-07-06T23:57:56Z" hostname="fv-az14" tests="3" skipped="0" failures="0" errors="0" time="5.169">
    <testcase time="5.16599999999971" classname="ds.sample_smk_setup" name="setup"/>
    <testcase time="0.00199999999995271" classname="ds.sample_smk_setup" name="setup"/>
    <testcase time="0.00100000000020373" classname="ds.sample_smk_setup" name="setup"/>
  </testsuite>
  <testsuite name="ds.sample::smk::test" timestamp="2020-07-06T23:58:00Z" hostname="fv-az14" tests="64" skipped="0" failures="0" errors="0" time="6.477">
    <testcase time="1.48599999999988" classname="ds.sample_smk_test" name="simple_test"/>
    <testcase time="0.00199999999995271" classname="ds.sample_smk_test" name="simple_test"/>
    <testcase time="0.00100000000020373" classname="ds.sample_smk_test" name="simple_test"/>
    <testcase time="0.260999999999967" classname="ds.sample_smk_test" name="simple_test"/>
    <testcase time="0.00100000000020373" classname="ds.sample_smk_test" name="simple_test"/>
    <testcase time="0.000999999999748979" classname="ds.sample_smk_test" name="simple_test"/>
    <testcase time="0.00100000000020373" classname="ds.sample_smk_test" name="simple_test"/>
    <testcase time="0.000999999999748979" classname="ds.sample_smk_test" name="simple_test"/>
    <testcase time="1.19200000000001" classname="ds.sample_smk_test" name="simple_test"/>
    <testcase time="0.00100000000020373" classname="ds.sample_smk_test" name="simple_test"/>
    <testcase time="0.000999999999748979" classname="ds.sample_smk_test" name="simple_test"/>
    <testcase time="0.00199999999995271" classname="ds.sample_smk_test" name="simple_test"/>
    <testcase time="0.00100000000020373" classname="ds.sample_smk_test" name="simple_test"/>
    <testcase time="0.00100000000020373" classname="ds.sample_smk_test" name="simple_test"/>
    <testcase time="0.000999999999748979" classname="ds.sample_smk_test" name="simple_test"/>
    <testcase time="0.00199999999995271" classname="ds.sample_smk_test" name="simple_test"/>
    <testcase time="0.00100000000020373" classname="ds.sample_smk_test" name="simple_test"/>
    <testcase time="0.000999999999748979" classname="ds.sample_smk_test" name="simple_test"/>
    <testcase time="0.00199999999995271" classname="ds.sample_smk_test" name="simple_test"/>
    <testcase time="0.00100000000020373" classname="ds.sample_smk_test" name="simple_test"/>
    <testcase time="0.000999999999748979" classname="ds.sample_smk_test" name="simple_test"/>
    <testcase time="0.00200000000040745" classname="ds.sample_smk_test" name="simple_test"/>
    <testcase time="0.000999999999748979" classname="ds.sample_smk_test" name="simple_test"/>
    <testcase time="0.00199999999995271" classname="ds.sample_smk_test" name="simple_test"/>
    <testcase time="0.00100000000020373" classname="ds.sample_smk_test" name="simple_test"/>
    <testcase time="0.00199999999995271" classname="ds.sample_smk_test" name="simple_test"/>
    <testcase time="0.000999999999748979" classname="ds.sample_smk_test" name="simple_test"/>
    <testcase time="0.00200000000040745" classname="ds.sample_smk_test" name="simple_test"/>
    <testcase time="0.000999999999748979" classname="ds.sample_smk_test" name="simple_test"/>
    <testcase time="0.00199999999995271" classname="ds.sample_smk_test" name="simple_test"/>
    <testcase time="0.258000000000266" classname="ds.sample_smk_test" name="simple_test"/>
    <testcase time="0.00199999999995271" classname="ds.sample_smk_test" name="simple_test"/>
    <testcase time="0.00199999999995271" classname="ds.sample_smk_test" name="simple_test"/>
    <testcase time="0.000999999999748979" classname="ds.sample_smk_test" name="simple_test"/>
    <testcase time="0.000999999999748979" classname="ds.sample_smk_test" name="simple_test"/>
    <testcase time="1.47700000000032" classname="ds.sample_smk_test" name="simple_test"/>
    <testcase time="0.00199999999995271" classname="ds.sample_smk_test" name="simple_test"/>
    <testcase time="0.00199999999995271" classname="ds.sample_smk_test" name="simple_test"/>
    <testcase time="0.260999999999967" classname="ds.sample_smk_test" name="simple_test"/>
    <testcase time="0.00199999999995271" classname="ds.sample_smk_test" name="simple_test"/>
    <testcase time="0.000999999999748979" classname="ds.sample_smk_test" name="simple_test"/>
    <testcase time="0.00199999999995271" classname="ds.sample_smk_test" name="simple_test"/>
    <testcase time="0.00199999999995271" classname="ds.sample_smk_test" name="simple_test"/>
    <testcase time="1.19200000000001" classname="ds.sample_smk_test" name="simple_test"/>
    <testcase time="0.00200000000040745" classname="ds.sample_smk_test" name="simple_test"/>
    <testcase time="0.00199999999995271" classname="ds.sample_smk_test" name="simple_test"/>
    <testcase time="0.00199999999995271" classname="ds.sample_smk_test" name="simple_test"/>
    <testcase time="0.00199999999995271" classname="ds.sample_smk_test" name="simple_test"/>
    <testcase time="0.00199999999995271" classname="ds.sample_smk_test" name="simple_test"/>
    <testcase time="0.00100000000020373" classname="ds.sample_smk_test" name="simple_test"/>
    <testcase time="0.00199999999995271" classname="ds.sample_smk_test" name="simple_test"/>
    <testcase time="0.00199999999995271" classname="ds.sample_smk_test" name="simple_test"/>
    <testcase time="0.00199999999995271" classname="ds.sample_smk_test" name="simple_test"/>
    <testcase time="0.00199999999995271" classname="ds.sample_smk_test" name="simple_test"/>
    <testcase time="0.00199999999995271" classname="ds.sample_smk_test" name="simple_test"/>
    <testcase time="0.00199999999995271" classname="ds.sample_smk_test" name="simple_test"/>
    <testcase time="0.00199999999995271" classname="ds.sample_smk_test" name="simple_test"/>
    <testcase time="0.00199999999995271" classname="ds.sample_smk_test" name="simple_test"/>
    <testcase time="0.00199999999995271" classname="ds.sample_smk_test" name="simple_test"/>
    <testcase time="0.259000000000015" classname="ds.sample_smk_test" name="simple_test"/>
    <testcase time="0.00200000000040745" classname="ds.sample_smk_test" name="simple_test"/>
    <testcase time="0.00199999999995271" classname="ds.sample_smk_test" name="simple_test"/>
    <testcase time="0.00199999999995271" classname="ds.sample_smk_test" name="simple_test"/>
    <testcase time="0.00299999999970169" classname="ds.sample_smk_test" name="simple_test"/>
  </testsuite>
  <testsuite name="ds.sample::smk::test error" timestamp="2020-07-06T23:58:07Z" hostname="fv-az14" tests="7" skipped="0" failures="0" errors="0" time="1.498">
    <testcase time="1.49099999999999" classname="ds.sample_smk_test_error" name="simple_test_error"/>
    <testcase time="0.00100000000020373" classname="ds.sample_smk_test_error" name="simple_test_error"/>
    <testcase time="0.00100000000020373" classname="ds.sample_smk_test_error" name="simple_test_error"/>
    <testcase time="0.000999999999748979" classname="ds.sample_smk_test_error" name="simple_test_error"/>
    <testcase time="0.00100000000020373" classname="ds.sample_smk_test_error" name="simple_test_error"/>
    <testcase time="0.000999999999748979" classname="ds.sample_smk_test_error" name="simple_test_error"/>
    <testcase time="0.00199999999995271" classname="ds.sample_smk_test_error" name="simple_test_error"/>
  </testsuite>
  <testsuite name="ds.sample::smk::shutdown" timestamp="2020-07-06T23:58:08Z" hostname="fv-az14" tests="3" skipped="0" failures="0" errors="0" time="0.273">
    <testcase time="0.271000000000186" classname="ds.sample_smk_shutdown" name="shutdown"/>
    <testcase time="0.000999999999748979" classname="ds.sample_smk_shutdown" name="shutdown"/>
    <testcase time="0.00100000000020373" classname="ds.sample_smk_shutdown" name="shutdown"/>
  </testsuite>
  <testsuite name="ds.sample::smk::done" timestamp="2020-07-06T23:58:09Z" hostname="fv-az14" tests="0" skipped="0" failures="0" errors="0" time="0"/>
  <testsuite name="ds.seq::smk::setup" timestamp="2020-07-06T23:58:09Z" hostname="fv-az14" tests="3" skipped="0" failures="0" errors="0" time="5.171">
    <testcase time="5.16899999999987" classname="ds.seq_smk_setup" name="setup"/>
    <testcase time="0.00100000000020373" classname="ds.seq_smk_setup" name="setup"/>
    <testcase time="0.000999999999748979" classname="ds.seq_smk_setup" name="setup"/>
  </testsuite>
  <testsuite name="ds.seq::smk" timestamp="2020-07-06T23:58:14Z" hostname="fv-az14" tests="6" skipped="0" failures="0" errors="0" time="1.615">
    <testcase time="0.840000000000146" classname="ds.seq_smk" name="simplest_ds.seq"/>
    <testcase time="0.00199999999995271" classname="ds.seq_smk" name="simplest_ds.seq"/>
    <testcase time="0.00100000000020373" classname="ds.seq_smk" name="simplest_ds.seq"/>
    <testcase time="0.768999999999778" classname="ds.seq_smk" name="simplest_ds.seq"/>
    <testcase time="0.00199999999995271" classname="ds.seq_smk" name="simplest_ds.seq"/>
    <testcase time="0.00100000000020373" classname="ds.seq_smk" name="simplest_ds.seq"/>
  </testsuite>
  <testsuite name="ds.seq::smk::shutdown" timestamp="2020-07-06T23:58:15Z" hostname="fv-az14" tests="3" skipped="0" failures="0" errors="0" time="0.272">
    <testcase time="0.269999999999982" classname="ds.seq_smk_shutdown" name="shutdown"/>
    <testcase time="0.000999999999748979" classname="ds.seq_smk_shutdown" name="shutdown"/>
    <testcase time="0.00100000000020373" classname="ds.seq_smk_shutdown" name="shutdown"/>
  </testsuite>
  <testsuite name="ds.seq::smk::done" timestamp="2020-07-06T23:58:16Z" hostname="fv-az14" tests="0" skipped="0" failures="0" errors="0" time="0"/>
  <testsuite name="ds.setSeed::smk::setup" timestamp="2020-07-06T23:58:16Z" hostname="fv-az14" tests="3" skipped="0" failures="0" errors="0" time="5.192">
    <testcase time="5.19000000000005" classname="ds.setSeed_smk_setup" name="setup"/>
    <testcase time="0.000999999999748979" classname="ds.setSeed_smk_setup" name="setup"/>
    <testcase time="0.00100000000020373" classname="ds.setSeed_smk_setup" name="setup"/>
  </testsuite>
  <testsuite name="ds.setSeed::smk" timestamp="2020-07-06T23:58:21Z" hostname="fv-az14" tests="9" skipped="0" failures="0" errors="0" time="0.29">
    <testcase time="0.282000000000153" classname="ds.setSeed_smk" name="basic_setSeed"/>
    <testcase time="0.000999999999748979" classname="ds.setSeed_smk" name="basic_setSeed"/>
    <testcase time="0.00100000000020373" classname="ds.setSeed_smk" name="basic_setSeed"/>
    <testcase time="0.000999999999748979" classname="ds.setSeed_smk" name="basic_setSeed"/>
    <testcase time="0.00100000000020373" classname="ds.setSeed_smk" name="basic_setSeed"/>
    <testcase time="0.000999999999748979" classname="ds.setSeed_smk" name="basic_setSeed"/>
    <testcase time="0.00100000000020373" classname="ds.setSeed_smk" name="basic_setSeed"/>
    <testcase time="0.00100000000020373" classname="ds.setSeed_smk" name="basic_setSeed"/>
    <testcase time="0.000999999999748979" classname="ds.setSeed_smk" name="basic_setSeed"/>
  </testsuite>
  <testsuite name="ds.setSeed::smk::shutdown" timestamp="2020-07-06T23:58:21Z" hostname="fv-az14" tests="3" skipped="0" failures="0" errors="0" time="0.274">
    <testcase time="0.271000000000186" classname="ds.setSeed_smk_shutdown" name="shutdown"/>
    <testcase time="0.000999999999748979" classname="ds.setSeed_smk_shutdown" name="shutdown"/>
    <testcase time="0.00199999999995271" classname="ds.setSeed_smk_shutdown" name="shutdown"/>
  </testsuite>
  <testsuite name="ds.setSeed::smk::done" timestamp="2020-07-06T23:58:22Z" hostname="fv-az14" tests="0" skipped="0" failures="0" errors="0" time="0"/>
  <testsuite name="ds.subsetByClass::smk::setup" timestamp="2020-07-06T23:58:22Z" hostname="fv-az14" tests="3" skipped="0" failures="0" errors="0" time="5.172">
    <testcase time="5.17000000000007" classname="ds.subsetByClass_smk_setup" name="setup"/>
    <testcase time="0.00100000000020373" classname="ds.subsetByClass_smk_setup" name="setup"/>
    <testcase time="0.000999999999748979" classname="ds.subsetByClass_smk_setup" name="setup"/>
  </testsuite>
  <testsuite name="ds.subsetByClass::smk" timestamp="2020-07-06T23:58:26Z" hostname="fv-az14" tests="22" skipped="0" failures="0" errors="0" time="9.027">
    <testcase time="4.25800000000027" classname="ds.subsetByClass_smk" name="gender_implicit"/>
    <testcase time="0.255999999999858" classname="ds.subsetByClass_smk" name="gender_implicit"/>
    <testcase time="0.00100000000020373" classname="ds.subsetByClass_smk" name="gender_implicit"/>
    <testcase time="0.000999999999748979" classname="ds.subsetByClass_smk" name="gender_implicit"/>
    <testcase time="0.00100000000020373" classname="ds.subsetByClass_smk" name="gender_implicit"/>
    <testcase time="0.000999999999748979" classname="ds.subsetByClass_smk" name="gender_implicit"/>
    <testcase time="0.00100000000020373" classname="ds.subsetByClass_smk" name="gender_implicit"/>
    <testcase time="0.00199999999995271" classname="ds.subsetByClass_smk" name="gender_implicit"/>
    <testcase time="0.000999999999748979" classname="ds.subsetByClass_smk" name="gender_implicit"/>
    <testcase time="0.00100000000020373" classname="ds.subsetByClass_smk" name="gender_implicit"/>
    <testcase time="0.00100000000020373" classname="ds.subsetByClass_smk" name="gender_implicit"/>
    <testcase time="4.23399999999992" classname="ds.subsetByClass_smk" name="gender_explicit"/>
    <testcase time="0.257000000000062" classname="ds.subsetByClass_smk" name="gender_explicit"/>
    <testcase time="0.000999999999748979" classname="ds.subsetByClass_smk" name="gender_explicit"/>
    <testcase time="0.00100000000020373" classname="ds.subsetByClass_smk" name="gender_explicit"/>
    <testcase time="0.00199999999995271" classname="ds.subsetByClass_smk" name="gender_explicit"/>
    <testcase time="0.000999999999748979" classname="ds.subsetByClass_smk" name="gender_explicit"/>
    <testcase time="0.00100000000020373" classname="ds.subsetByClass_smk" name="gender_explicit"/>
    <testcase time="0.00199999999995271" classname="ds.subsetByClass_smk" name="gender_explicit"/>
    <testcase time="0.00100000000020373" classname="ds.subsetByClass_smk" name="gender_explicit"/>
    <testcase time="0.000999999999748979" classname="ds.subsetByClass_smk" name="gender_explicit"/>
    <testcase time="0.00199999999995271" classname="ds.subsetByClass_smk" name="gender_explicit"/>
  </testsuite>
  <testsuite name="ds.subsetByClass::smk::shutdown" timestamp="2020-07-06T23:58:35Z" hostname="fv-az14" tests="3" skipped="0" failures="0" errors="0" time="0.272">
    <testcase time="0.269999999999982" classname="ds.subsetByClass_smk_shutdown" name="shutdown"/>
    <testcase time="0.00100000000020373" classname="ds.subsetByClass_smk_shutdown" name="shutdown"/>
    <testcase time="0.00100000000020373" classname="ds.subsetByClass_smk_shutdown" name="shutdown"/>
  </testsuite>
  <testsuite name="ds.subsetByClass::smk::done" timestamp="2020-07-06T23:58:36Z" hostname="fv-az14" tests="0" skipped="0" failures="0" errors="0" time="0"/>
  <testsuite name="ds.subset::smk::setup" timestamp="2020-07-06T23:58:36Z" hostname="fv-az14" tests="3" skipped="0" failures="0" errors="0" time="5.205">
    <testcase time="5.20299999999997" classname="ds.subset_smk_setup" name="setup"/>
    <testcase time="0.000999999999748979" classname="ds.subset_smk_setup" name="setup"/>
    <testcase time="0.00100000000020373" classname="ds.subset_smk_setup" name="setup"/>
  </testsuite>
  <testsuite name="ds.subset::smk::generate a subset of the assigned table (by default the table is named 'D') with the first 50 observations and the two first columns" timestamp="2020-07-06T23:58:41Z" hostname="fv-az14" tests="4" skipped="0" failures="0" errors="0" time="2.664">
    <testcase time="2.66100000000006" classname="ds.subset_smk_generate_a_subset_of_the_assigned_table_by_default_the_table_is_named_D_with_the_first_50_observations_and_the_two_first_columns" name="subD_exists"/>
    <testcase time="0.000999999999748979" classname="ds.subset_smk_generate_a_subset_of_the_assigned_table_by_default_the_table_is_named_D_with_the_first_50_observations_and_the_two_first_columns" name="subD_exists"/>
    <testcase time="0.00100000000020373" classname="ds.subset_smk_generate_a_subset_of_the_assigned_table_by_default_the_table_is_named_D_with_the_first_50_observations_and_the_two_first_columns" name="subD_exists"/>
    <testcase time="0.00100000000020373" classname="ds.subset_smk_generate_a_subset_of_the_assigned_table_by_default_the_table_is_named_D_with_the_first_50_observations_and_the_two_first_columns" name="subD_exists"/>
  </testsuite>
  <testsuite name="ds.subset::smk::generate a subset of the assigned table (by default the table is named 'D') with the first 50 observations and the two first columns refered to by their names" timestamp="2020-07-06T23:58:44Z" hostname="fv-az14" tests="4" skipped="0" failures="0" errors="0" time="2.598">
    <testcase time="2.5949999999998" classname="ds.subset_smk_generate_a_subset_of_the_assigned_table_by_default_the_table_is_named_D_with_the_first_50_observations_and_the_two_first_columns_refered_to_by_their_names" name="subD2_exists"/>
    <testcase time="0.00100000000020373" classname="ds.subset_smk_generate_a_subset_of_the_assigned_table_by_default_the_table_is_named_D_with_the_first_50_observations_and_the_two_first_columns_refered_to_by_their_names" name="subD2_exists"/>
    <testcase time="0.000999999999748979" classname="ds.subset_smk_generate_a_subset_of_the_assigned_table_by_default_the_table_is_named_D_with_the_first_50_observations_and_the_two_first_columns_refered_to_by_their_names" name="subD2_exists"/>
    <testcase time="0.00100000000020373" classname="ds.subset_smk_generate_a_subset_of_the_assigned_table_by_default_the_table_is_named_D_with_the_first_50_observations_and_the_two_first_columns_refered_to_by_their_names" name="subD2_exists"/>
  </testsuite>
  <testsuite name="ds.subset::smk::generate a subset of the table D with bmi values greater than or equal to 25." timestamp="2020-07-06T23:58:46Z" hostname="fv-az14" tests="4" skipped="0" failures="0" errors="0" time="1.466">
    <testcase time="1.46299999999974" classname="ds.subset_smk_generate_a_subset_of_the_table_D_with_bmi_values_greater_than_or_equal_to_25." name="subD3_exists"/>
    <testcase time="0.00100000000020373" classname="ds.subset_smk_generate_a_subset_of_the_table_D_with_bmi_values_greater_than_or_equal_to_25." name="subD3_exists"/>
    <testcase time="0.000999999999748979" classname="ds.subset_smk_generate_a_subset_of_the_table_D_with_bmi_values_greater_than_or_equal_to_25." name="subD3_exists"/>
    <testcase time="0.00100000000020373" classname="ds.subset_smk_generate_a_subset_of_the_table_D_with_bmi_values_greater_than_or_equal_to_25." name="subD3_exists"/>
  </testsuite>
  <testsuite name="ds.subset::smk::shutdown" timestamp="2020-07-06T23:58:48Z" hostname="fv-az14" tests="3" skipped="0" failures="0" errors="0" time="0.27">
    <testcase time="0.268000000000029" classname="ds.subset_smk_shutdown" name="shutdown"/>
    <testcase time="0.00100000000020373" classname="ds.subset_smk_shutdown" name="shutdown"/>
    <testcase time="0.000999999999748979" classname="ds.subset_smk_shutdown" name="shutdown"/>
  </testsuite>
  <testsuite name="ds.subset::smk::done" timestamp="2020-07-06T23:58:49Z" hostname="fv-az14" tests="0" skipped="0" failures="0" errors="0" time="0"/>
  <testsuite name="ds.summary::smk::setup" timestamp="2020-07-06T23:58:49Z" hostname="fv-az14" tests="3" skipped="0" failures="0" errors="0" time="5.273">
    <testcase time="5.27000000000044" classname="ds.summary_smk_setup" name="setup"/>
    <testcase time="0.00199999999995271" classname="ds.summary_smk_setup" name="setup"/>
    <testcase time="0.000999999999748979" classname="ds.summary_smk_setup" name="setup"/>
  </testsuite>
  <testsuite name="ds.summary::smk::summary of a numerical variable" timestamp="2020-07-06T23:58:53Z" hostname="fv-az14" tests="3" skipped="0" failures="0" errors="0" time="3.164">
    <testcase time="3.16200000000026" classname="ds.summary_smk_summary_of_a_numerical_variable" name="summary_numerical_variable"/>
    <testcase time="0.000999999999748979" classname="ds.summary_smk_summary_of_a_numerical_variable" name="summary_numerical_variable"/>
    <testcase time="0.00100000000020373" classname="ds.summary_smk_summary_of_a_numerical_variable" name="summary_numerical_variable"/>
  </testsuite>
  <testsuite name="ds.summary::smk::summary of a character variable" timestamp="2020-07-06T23:58:56Z" hostname="fv-az14" tests="2" skipped="0" failures="0" errors="0" time="3.115">
    <testcase time="3.11400000000003" classname="ds.summary_smk_summary_of_a_character_variable" name="summary_character_variable"/>
    <testcase time="0.000999999999748979" classname="ds.summary_smk_summary_of_a_character_variable" name="summary_character_variable"/>
  </testsuite>
  <testsuite name="ds.summary::smk::summary of a factor variable" timestamp="2020-07-06T23:58:59Z" hostname="fv-az14" tests="22" skipped="0" failures="0" errors="0" time="4.658">
    <testcase time="4.63099999999986" classname="ds.summary_smk_summary_of_a_factor_variable" name="summary_factor_variable"/>
    <testcase time="0.00100000000020373" classname="ds.summary_smk_summary_of_a_factor_variable" name="summary_factor_variable"/>
    <testcase time="0.00199999999995271" classname="ds.summary_smk_summary_of_a_factor_variable" name="summary_factor_variable"/>
    <testcase time="0.00100000000020373" classname="ds.summary_smk_summary_of_a_factor_variable" name="summary_factor_variable"/>
    <testcase time="0.000999999999748979" classname="ds.summary_smk_summary_of_a_factor_variable" name="summary_factor_variable"/>
    <testcase time="0.00100000000020373" classname="ds.summary_smk_summary_of_a_factor_variable" name="summary_factor_variable"/>
    <testcase time="0.000999999999748979" classname="ds.summary_smk_summary_of_a_factor_variable" name="summary_factor_variable"/>
    <testcase time="0.00100000000020373" classname="ds.summary_smk_summary_of_a_factor_variable" name="summary_factor_variable"/>
    <testcase time="0.00199999999995271" classname="ds.summary_smk_summary_of_a_factor_variable" name="summary_factor_variable"/>
    <testcase time="0.00100000000020373" classname="ds.summary_smk_summary_of_a_factor_variable" name="summary_factor_variable"/>
    <testcase time="0.000999999999748979" classname="ds.summary_smk_summary_of_a_factor_variable" name="summary_factor_variable"/>
    <testcase time="0.00100000000020373" classname="ds.summary_smk_summary_of_a_factor_variable" name="summary_factor_variable"/>
    <testcase time="0.00199999999995271" classname="ds.summary_smk_summary_of_a_factor_variable" name="summary_factor_variable"/>
    <testcase time="0.000999999999748979" classname="ds.summary_smk_summary_of_a_factor_variable" name="summary_factor_variable"/>
    <testcase time="0.00100000000020373" classname="ds.summary_smk_summary_of_a_factor_variable" name="summary_factor_variable"/>
    <testcase time="0.000999999999748979" classname="ds.summary_smk_summary_of_a_factor_variable" name="summary_factor_variable"/>
    <testcase time="0.00200000000040745" classname="ds.summary_smk_summary_of_a_factor_variable" name="summary_factor_variable"/>
    <testcase time="0.000999999999748979" classname="ds.summary_smk_summary_of_a_factor_variable" name="summary_factor_variable"/>
    <testcase time="0.00199999999995271" classname="ds.summary_smk_summary_of_a_factor_variable" name="summary_factor_variable"/>
    <testcase time="0.00100000000020373" classname="ds.summary_smk_summary_of_a_factor_variable" name="summary_factor_variable"/>
    <testcase time="0.000999999999748979" classname="ds.summary_smk_summary_of_a_factor_variable" name="summary_factor_variable"/>
    <testcase time="0.00199999999995271" classname="ds.summary_smk_summary_of_a_factor_variable" name="summary_factor_variable"/>
  </testsuite>
  <testsuite name="ds.summary::smk::summary of a list variable" timestamp="2020-07-06T23:59:04Z" hostname="fv-az14" tests="10" skipped="0" failures="0" errors="0" time="2.695">
    <testcase time="2.6850000000004" classname="ds.summary_smk_summary_of_a_list_variable" name="summary_list_variable"/>
    <testcase time="0.000999999999748979" classname="ds.summary_smk_summary_of_a_list_variable" name="summary_list_variable"/>
    <testcase time="0.00100000000020373" classname="ds.summary_smk_summary_of_a_list_variable" name="summary_list_variable"/>
    <testcase time="0.000999999999748979" classname="ds.summary_smk_summary_of_a_list_variable" name="summary_list_variable"/>
    <testcase time="0.00100000000020373" classname="ds.summary_smk_summary_of_a_list_variable" name="summary_list_variable"/>
    <testcase time="0.000999999999748979" classname="ds.summary_smk_summary_of_a_list_variable" name="summary_list_variable"/>
    <testcase time="0.00199999999995271" classname="ds.summary_smk_summary_of_a_list_variable" name="summary_list_variable"/>
    <testcase time="0.00100000000020373" classname="ds.summary_smk_summary_of_a_list_variable" name="summary_list_variable"/>
    <testcase time="0.000999999999748979" classname="ds.summary_smk_summary_of_a_list_variable" name="summary_list_variable"/>
    <testcase time="0.00100000000020373" classname="ds.summary_smk_summary_of_a_list_variable" name="summary_list_variable"/>
  </testsuite>
  <testsuite name="ds.summary::smk::summary of a data frame" timestamp="2020-07-06T23:59:07Z" hostname="fv-az14" tests="5" skipped="0" failures="0" errors="0" time="3.038">
    <testcase time="3.03400000000011" classname="ds.summary_smk_summary_of_a_data_frame" name="summary_data_frame"/>
    <testcase time="0.000999999999748979" classname="ds.summary_smk_summary_of_a_data_frame" name="summary_data_frame"/>
    <testcase time="0.00100000000020373" classname="ds.summary_smk_summary_of_a_data_frame" name="summary_data_frame"/>
    <testcase time="0.000999999999748979" classname="ds.summary_smk_summary_of_a_data_frame" name="summary_data_frame"/>
    <testcase time="0.00100000000020373" classname="ds.summary_smk_summary_of_a_data_frame" name="summary_data_frame"/>
  </testsuite>
  <testsuite name="ds.summary::smk::teardown" timestamp="2020-07-06T23:59:10Z" hostname="fv-az14" tests="3" skipped="0" failures="0" errors="0" time="0.281">
    <testcase time="0.277999999999793" classname="ds.summary_smk_teardown" name="shutdown"/>
    <testcase time="0.00200000000040745" classname="ds.summary_smk_teardown" name="shutdown"/>
    <testcase time="0.000999999999748979" classname="ds.summary_smk_teardown" name="shutdown"/>
  </testsuite>
  <testsuite name="ds.summary::smk::done" timestamp="2020-07-06T23:59:11Z" hostname="fv-az14" tests="0" skipped="0" failures="0" errors="0" time="0"/>
  <testsuite name="ds.table1D::smk::setup" timestamp="2020-07-06T23:59:11Z" hostname="fv-az14" tests="3" skipped="0" failures="0" errors="0" time="5.172">
    <testcase time="5.17000000000007" classname="ds.table1D_smk_setup" name="setup"/>
    <testcase time="0.00100000000020373" classname="ds.table1D_smk_setup" name="setup"/>
    <testcase time="0.000999999999748979" classname="ds.table1D_smk_setup" name="setup"/>
  </testsuite>
  <testsuite name="ds.table1D::smk::generate a one dimensional table, outputting combined contingency tables" timestamp="2020-07-06T23:59:15Z" hostname="fv-az14" tests="3" skipped="0" failures="0" errors="0" time="1.208">
    <testcase time="1.20600000000013" classname="ds.table1D_smk_generate_a_one_dimensional_table_outputting_combined_contingency_tables" name="GENDER_normal"/>
    <testcase time="0.000999999999748979" classname="ds.table1D_smk_generate_a_one_dimensional_table_outputting_combined_contingency_tables" name="GENDER_normal"/>
    <testcase time="0.00100000000020373" classname="ds.table1D_smk_generate_a_one_dimensional_table_outputting_combined_contingency_tables" name="GENDER_normal"/>
  </testsuite>
  <testsuite name="ds.table1D::smk::generate a one dimensional table, outputting combined contingency tables fail" timestamp="2020-07-06T23:59:17Z" hostname="fv-az14" tests="1" skipped="1" failures="0" errors="0" time="1.207">
    <testcase time="1.20699999999988" classname="ds.table1D_smk_generate_a_one_dimensional_table_outputting_combined_contingency_tables_fail" name="DIS_CVA_invalid">
      <skipped/>
    </testcase>
  </testsuite>
  <testsuite name="ds.table1D::smk::generate a one dimensional table, outputting combined contingency tables fail split" timestamp="2020-07-06T23:59:18Z" hostname="fv-az14" tests="1" skipped="1" failures="0" errors="0" time="1.203">
    <testcase time="1.20299999999997" classname="ds.table1D_smk_generate_a_one_dimensional_table_outputting_combined_contingency_tables_fail_split" name="DIS_CVA_invalid_split">
      <skipped/>
    </testcase>
  </testsuite>
  <testsuite name="ds.table1D::smk::generate a one dimensional table, outputting study specific contingency tables" timestamp="2020-07-06T23:59:19Z" hostname="fv-az14" tests="4" skipped="0" failures="0" errors="0" time="1.205">
    <testcase time="1.20100000000002" classname="ds.table1D_smk_generate_a_one_dimensional_table_outputting_study_specific_contingency_tables" name="GENDER_split"/>
    <testcase time="0.00100000000020373" classname="ds.table1D_smk_generate_a_one_dimensional_table_outputting_study_specific_contingency_tables" name="GENDER_split"/>
    <testcase time="0.000999999999748979" classname="ds.table1D_smk_generate_a_one_dimensional_table_outputting_study_specific_contingency_tables" name="GENDER_split"/>
    <testcase time="0.00199999999995271" classname="ds.table1D_smk_generate_a_one_dimensional_table_outputting_study_specific_contingency_tables" name="GENDER_split"/>
  </testsuite>
  <testsuite name="ds.table1D::smk::generate a one dimensional table, outputting study specific contingency tables for study 1 and 2" timestamp="2020-07-06T23:59:20Z" hostname="fv-az14" tests="4" skipped="0" failures="0" errors="0" time="0.963">
    <testcase time="0.959000000000287" classname="ds.table1D_smk_generate_a_one_dimensional_table_outputting_study_specific_contingency_tables_for_study_1_and_2" name="GENDER_split_12"/>
    <testcase time="0.00199999999995271" classname="ds.table1D_smk_generate_a_one_dimensional_table_outputting_study_specific_contingency_tables_for_study_1_and_2" name="GENDER_split_12"/>
    <testcase time="0.000999999999748979" classname="ds.table1D_smk_generate_a_one_dimensional_table_outputting_study_specific_contingency_tables_for_study_1_and_2" name="GENDER_split_12"/>
    <testcase time="0.00100000000020373" classname="ds.table1D_smk_generate_a_one_dimensional_table_outputting_study_specific_contingency_tables_for_study_1_and_2" name="GENDER_split_12"/>
  </testsuite>
  <testsuite name="ds.table1D::smk::generate a one dimensional table, outputting study specific and combined contingency tables" timestamp="2020-07-06T23:59:21Z" hostname="fv-az14" tests="3" skipped="0" failures="0" errors="0" time="1.203">
    <testcase time="1.20100000000002" classname="ds.table1D_smk_generate_a_one_dimensional_table_outputting_study_specific_and_combined_contingency_tables" name="GENDER_normal_2"/>
    <testcase time="0.000999999999748979" classname="ds.table1D_smk_generate_a_one_dimensional_table_outputting_study_specific_and_combined_contingency_tables" name="GENDER_normal_2"/>
    <testcase time="0.00100000000020373" classname="ds.table1D_smk_generate_a_one_dimensional_table_outputting_study_specific_and_combined_contingency_tables" name="GENDER_normal_2"/>
  </testsuite>
  <testsuite name="ds.table1D::smk::shutdown" timestamp="2020-07-06T23:59:22Z" hostname="fv-az14" tests="3" skipped="0" failures="0" errors="0" time="0.274">
    <testcase time="0.271999999999935" classname="ds.table1D_smk_shutdown" name="shutdown"/>
    <testcase time="0.00100000000020373" classname="ds.table1D_smk_shutdown" name="shutdown"/>
    <testcase time="0.000999999999748979" classname="ds.table1D_smk_shutdown" name="shutdown"/>
  </testsuite>
  <testsuite name="ds.table1D::smk::done" timestamp="2020-07-06T23:59:23Z" hostname="fv-az14" tests="0" skipped="0" failures="0" errors="0" time="0"/>
  <testsuite name="ds.table2D::smk::setup" timestamp="2020-07-06T23:59:23Z" hostname="fv-az14" tests="3" skipped="0" failures="0" errors="0" time="5.161">
    <testcase time="5.15900000000011" classname="ds.table2D_smk_setup" name="setup"/>
    <testcase time="0.00100000000020373" classname="ds.table2D_smk_setup" name="setup"/>
    <testcase time="0.000999999999748979" classname="ds.table2D_smk_setup" name="setup"/>
  </testsuite>
  <testsuite name="ds.table2D::smk" timestamp="2020-07-06T23:59:28Z" hostname="fv-az14" tests="22" skipped="0" failures="0" errors="0" time="1.21">
    <testcase time="1.18499999999995" classname="ds.table2D_smk" name="simple_table2D"/>
    <testcase time="0.00100000000020373" classname="ds.table2D_smk" name="simple_table2D"/>
    <testcase time="0.000999999999748979" classname="ds.table2D_smk" name="simple_table2D"/>
    <testcase time="0.00100000000020373" classname="ds.table2D_smk" name="simple_table2D"/>
    <testcase time="0.000999999999748979" classname="ds.table2D_smk" name="simple_table2D"/>
    <testcase time="0.00100000000020373" classname="ds.table2D_smk" name="simple_table2D"/>
    <testcase time="0.00100000000020373" classname="ds.table2D_smk" name="simple_table2D"/>
    <testcase time="0.000999999999748979" classname="ds.table2D_smk" name="simple_table2D"/>
    <testcase time="0.00100000000020373" classname="ds.table2D_smk" name="simple_table2D"/>
    <testcase time="0.000999999999748979" classname="ds.table2D_smk" name="simple_table2D"/>
    <testcase time="0.00199999999995271" classname="ds.table2D_smk" name="simple_table2D"/>
    <testcase time="0.00100000000020373" classname="ds.table2D_smk" name="simple_table2D"/>
    <testcase time="0.000999999999748979" classname="ds.table2D_smk" name="simple_table2D"/>
    <testcase time="0.00100000000020373" classname="ds.table2D_smk" name="simple_table2D"/>
    <testcase time="0.00199999999995271" classname="ds.table2D_smk" name="simple_table2D"/>
    <testcase time="0.00100000000020373" classname="ds.table2D_smk" name="simple_table2D"/>
    <testcase time="0.000999999999748979" classname="ds.table2D_smk" name="simple_table2D"/>
    <testcase time="0.00100000000020373" classname="ds.table2D_smk" name="simple_table2D"/>
    <testcase time="0.00199999999995271" classname="ds.table2D_smk" name="simple_table2D"/>
    <testcase time="0.000999999999748979" classname="ds.table2D_smk" name="simple_table2D"/>
    <testcase time="0.00100000000020373" classname="ds.table2D_smk" name="simple_table2D"/>
    <testcase time="0.00199999999995271" classname="ds.table2D_smk" name="simple_table2D"/>
  </testsuite>
  <testsuite name="ds.table2D::smk::shutdown" timestamp="2020-07-06T23:59:29Z" hostname="fv-az14" tests="3" skipped="0" failures="0" errors="0" time="0.275">
    <testcase time="0.273000000000138" classname="ds.table2D_smk_shutdown" name="shutdown"/>
    <testcase time="0.000999999999748979" classname="ds.table2D_smk_shutdown" name="shutdown"/>
    <testcase time="0.00100000000020373" classname="ds.table2D_smk_shutdown" name="shutdown"/>
  </testsuite>
  <testsuite name="ds.table2D::smk::done" timestamp="2020-07-06T23:59:30Z" hostname="fv-az14" tests="0" skipped="0" failures="0" errors="0" time="0"/>
  <testsuite name="ds.table::smk::setup" timestamp="2020-07-06T23:59:30Z" hostname="fv-az14" tests="3" skipped="0" failures="0" errors="0" time="5.319">
    <testcase time="5.3159999999998" classname="ds.table_smk_setup" name="setup"/>
    <testcase time="0.00199999999995271" classname="ds.table_smk_setup" name="setup"/>
    <testcase time="0.00100000000020373" classname="ds.table_smk_setup" name="setup"/>
  </testsuite>
  <testsuite name="ds.table::smk" timestamp="2020-07-06T23:59:35Z" hostname="fv-az14" tests="32" skipped="0" failures="0" errors="0" time="13.178">
    <testcase time="5.33599999999979" classname="ds.table_smk" name="simple_table"/>
    <testcase time="0.00100000000020373" classname="ds.table_smk" name="simple_table"/>
    <testcase time="0.00100000000020373" classname="ds.table_smk" name="simple_table"/>
    <testcase time="0.778999999999996" classname="ds.table_smk" name="simple_table"/>
    <testcase time="0.000999999999748979" classname="ds.table_smk" name="simple_table"/>
    <testcase time="0.00199999999995271" classname="ds.table_smk" name="simple_table"/>
    <testcase time="0.00100000000020373" classname="ds.table_smk" name="simple_table"/>
    <testcase time="0.000999999999748979" classname="ds.table_smk" name="simple_table"/>
    <testcase time="0.00100000000020373" classname="ds.table_smk" name="simple_table"/>
    <testcase time="0.000999999999748979" classname="ds.table_smk" name="simple_table"/>
    <testcase time="0.00199999999995271" classname="ds.table_smk" name="simple_table"/>
    <testcase time="0.00100000000020373" classname="ds.table_smk" name="simple_table"/>
    <testcase time="0.00100000000020373" classname="ds.table_smk" name="simple_table"/>
    <testcase time="0.000999999999748979" classname="ds.table_smk" name="simple_table"/>
    <testcase time="0.00199999999995271" classname="ds.table_smk" name="simple_table"/>
    <testcase time="0.00100000000020373" classname="ds.table_smk" name="simple_table"/>
    <testcase time="0.000999999999748979" classname="ds.table_smk" name="simple_table"/>
    <testcase time="0.00199999999995271" classname="ds.table_smk" name="simple_table"/>
    <testcase time="0.00100000000020373" classname="ds.table_smk" name="simple_table"/>
    <testcase time="5.20200000000023" classname="ds.table_smk" name="simple_table_with_assign"/>
    <testcase time="0.000999999999748979" classname="ds.table_smk" name="simple_table_with_assign"/>
    <testcase time="0.00199999999995271" classname="ds.table_smk" name="simple_table_with_assign"/>
    <testcase time="1.05600000000004" classname="ds.table_smk" name="simple_table_with_assign"/>
    <testcase time="0.257000000000062" classname="ds.table_smk" name="simple_table_with_assign"/>
    <testcase time="0.00199999999995271" classname="ds.table_smk" name="simple_table_with_assign"/>
    <testcase time="0.00100000000020373" classname="ds.table_smk" name="simple_table_with_assign"/>
    <testcase time="0.00199999999995271" classname="ds.table_smk" name="simple_table_with_assign"/>
    <testcase time="0.000999999999748979" classname="ds.table_smk" name="simple_table_with_assign"/>
    <testcase time="0.51299999999992" classname="ds.table_smk" name="simple_table_with_assign"/>
    <testcase time="0.00200000000040745" classname="ds.table_smk" name="simple_table_with_assign"/>
    <testcase time="0.000999999999748979" classname="ds.table_smk" name="simple_table_with_assign"/>
    <testcase time="0.00199999999995271" classname="ds.table_smk" name="simple_table_with_assign"/>
  </testsuite>
  <testsuite name="ds.table::smk::shutdown" timestamp="2020-07-06T23:59:48Z" hostname="fv-az14" tests="3" skipped="0" failures="0" errors="0" time="0.277">
    <testcase time="0.275000000000091" classname="ds.table_smk_shutdown" name="shutdown"/>
    <testcase time="0.00100000000020373" classname="ds.table_smk_shutdown" name="shutdown"/>
    <testcase time="0.000999999999748979" classname="ds.table_smk_shutdown" name="shutdown"/>
  </testsuite>
  <testsuite name="ds.table::smk::done" timestamp="2020-07-06T23:59:49Z" hostname="fv-az14" tests="0" skipped="0" failures="0" errors="0" time="0"/>
  <testsuite name="ds.tapply.assign::smk::setup" timestamp="2020-07-06T23:59:49Z" hostname="fv-az14" tests="3" skipped="0" failures="0" errors="0" time="5.194">
    <testcase time="5.19100000000026" classname="ds.tapply.assign_smk_setup" name="setup"/>
    <testcase time="0.00199999999995271" classname="ds.tapply.assign_smk_setup" name="setup"/>
    <testcase time="0.000999999999748979" classname="ds.tapply.assign_smk_setup" name="setup"/>
  </testsuite>
  <testsuite name="ds.tapply.assign::smk::fun=mean" timestamp="2020-07-06T23:59:54Z" hostname="fv-az14" tests="8" skipped="0" failures="0" errors="0" time="2.082">
    <testcase time="1.8130000000001" classname="ds.tapply.assign_smk_fun_mean" name="simplest_ds.tapply.assign_fun_mean"/>
    <testcase time="0.00100000000020373" classname="ds.tapply.assign_smk_fun_mean" name="simplest_ds.tapply.assign_fun_mean"/>
    <testcase time="0.000999999999748979" classname="ds.tapply.assign_smk_fun_mean" name="simplest_ds.tapply.assign_fun_mean"/>
    <testcase time="0.262000000000171" classname="ds.tapply.assign_smk_fun_mean" name="simplest_ds.tapply.assign_fun_mean"/>
    <testcase time="0.000999999999748979" classname="ds.tapply.assign_smk_fun_mean" name="simplest_ds.tapply.assign_fun_mean"/>
    <testcase time="0.00100000000020373" classname="ds.tapply.assign_smk_fun_mean" name="simplest_ds.tapply.assign_fun_mean"/>
    <testcase time="0.00199999999995271" classname="ds.tapply.assign_smk_fun_mean" name="simplest_ds.tapply.assign_fun_mean"/>
    <testcase time="0.000999999999748979" classname="ds.tapply.assign_smk_fun_mean" name="simplest_ds.tapply.assign_fun_mean"/>
  </testsuite>
  <testsuite name="ds.tapply.assign::smk::fun=sd" timestamp="2020-07-06T23:59:55Z" hostname="fv-az14" tests="8" skipped="0" failures="0" errors="0" time="1.055">
    <testcase time="0.782000000000153" classname="ds.tapply.assign_smk_fun_sd" name="simplest_ds.tapply.assign_fun_sd"/>
    <testcase time="0.00100000000020373" classname="ds.tapply.assign_smk_fun_sd" name="simplest_ds.tapply.assign_fun_sd"/>
    <testcase time="0.000999999999748979" classname="ds.tapply.assign_smk_fun_sd" name="simplest_ds.tapply.assign_fun_sd"/>
    <testcase time="0.266000000000076" classname="ds.tapply.assign_smk_fun_sd" name="simplest_ds.tapply.assign_fun_sd"/>
    <testcase time="0.00199999999995271" classname="ds.tapply.assign_smk_fun_sd" name="simplest_ds.tapply.assign_fun_sd"/>
    <testcase time="0.00100000000020373" classname="ds.tapply.assign_smk_fun_sd" name="simplest_ds.tapply.assign_fun_sd"/>
    <testcase time="0.000999999999748979" classname="ds.tapply.assign_smk_fun_sd" name="simplest_ds.tapply.assign_fun_sd"/>
    <testcase time="0.00100000000020373" classname="ds.tapply.assign_smk_fun_sd" name="simplest_ds.tapply.assign_fun_sd"/>
  </testsuite>
  <testsuite name="ds.tapply.assign::smk::fun=sum" timestamp="2020-07-06T23:59:56Z" hostname="fv-az14" tests="8" skipped="0" failures="0" errors="0" time="1.048">
    <testcase time="0.784000000000106" classname="ds.tapply.assign_smk_fun_sum" name="simplest_ds.tapply.assign_fun_sum"/>
    <testcase time="0.000999999999748979" classname="ds.tapply.assign_smk_fun_sum" name="simplest_ds.tapply.assign_fun_sum"/>
    <testcase time="0.00100000000020373" classname="ds.tapply.assign_smk_fun_sum" name="simplest_ds.tapply.assign_fun_sum"/>
    <testcase time="0.257000000000062" classname="ds.tapply.assign_smk_fun_sum" name="simplest_ds.tapply.assign_fun_sum"/>
    <testcase time="0.000999999999748979" classname="ds.tapply.assign_smk_fun_sum" name="simplest_ds.tapply.assign_fun_sum"/>
    <testcase time="0.00100000000020373" classname="ds.tapply.assign_smk_fun_sum" name="simplest_ds.tapply.assign_fun_sum"/>
    <testcase time="0.000999999999748979" classname="ds.tapply.assign_smk_fun_sum" name="simplest_ds.tapply.assign_fun_sum"/>
    <testcase time="0.00199999999995271" classname="ds.tapply.assign_smk_fun_sum" name="simplest_ds.tapply.assign_fun_sum"/>
  </testsuite>
  <testsuite name="ds.tapply.assign::smk::fun=quantile" timestamp="2020-07-06T23:59:57Z" hostname="fv-az14" tests="8" skipped="0" failures="0" errors="0" time="1.06">
    <testcase time="0.795000000000073" classname="ds.tapply.assign_smk_fun_quantile" name="simplest_ds.tapply.assign_fun_quantile"/>
    <testcase time="0.00100000000020373" classname="ds.tapply.assign_smk_fun_quantile" name="simplest_ds.tapply.assign_fun_quantile"/>
    <testcase time="0.000999999999748979" classname="ds.tapply.assign_smk_fun_quantile" name="simplest_ds.tapply.assign_fun_quantile"/>
    <testcase time="0.258000000000266" classname="ds.tapply.assign_smk_fun_quantile" name="simplest_ds.tapply.assign_fun_quantile"/>
    <testcase time="0.000999999999748979" classname="ds.tapply.assign_smk_fun_quantile" name="simplest_ds.tapply.assign_fun_quantile"/>
    <testcase time="0.00100000000020373" classname="ds.tapply.assign_smk_fun_quantile" name="simplest_ds.tapply.assign_fun_quantile"/>
    <testcase time="0.000999999999748979" classname="ds.tapply.assign_smk_fun_quantile" name="simplest_ds.tapply.assign_fun_quantile"/>
    <testcase time="0.00199999999995271" classname="ds.tapply.assign_smk_fun_quantile" name="simplest_ds.tapply.assign_fun_quantile"/>
  </testsuite>
  <testsuite name="ds.tapply.assign::smk::shutdown" timestamp="2020-07-06T23:59:58Z" hostname="fv-az14" tests="3" skipped="0" failures="0" errors="0" time="0.273">
    <testcase time="0.271000000000186" classname="ds.tapply.assign_smk_shutdown" name="shutdown"/>
    <testcase time="0.00100000000020373" classname="ds.tapply.assign_smk_shutdown" name="shutdown"/>
    <testcase time="0.000999999999748979" classname="ds.tapply.assign_smk_shutdown" name="shutdown"/>
  </testsuite>
  <testsuite name="ds.tapply.assign::smk::done" timestamp="2020-07-06T23:59:59Z" hostname="fv-az14" tests="0" skipped="0" failures="0" errors="0" time="0"/>
  <testsuite name="ds.tapply::smk::setup" timestamp="2020-07-06T23:59:59Z" hostname="fv-az14" tests="3" skipped="0" failures="0" errors="0" time="5.172">
    <testcase time="5.17000000000007" classname="ds.tapply_smk_setup" name="setup"/>
    <testcase time="0.00100000000020373" classname="ds.tapply_smk_setup" name="setup"/>
    <testcase time="0.000999999999748979" classname="ds.tapply_smk_setup" name="setup"/>
  </testsuite>
  <testsuite name="ds.tapply::smk::fun=mean" timestamp="2020-07-07T00:00:05Z" hostname="fv-az14" tests="22" skipped="0" failures="0" errors="0" time="1.328">
    <testcase time="1.30200000000013" classname="ds.tapply_smk_fun_mean" name="simplest_ds.tapply_fun_mean"/>
    <testcase time="0.00199999999995271" classname="ds.tapply_smk_fun_mean" name="simplest_ds.tapply_fun_mean"/>
    <testcase time="0.000999999999748979" classname="ds.tapply_smk_fun_mean" name="simplest_ds.tapply_fun_mean"/>
    <testcase time="0.00100000000020373" classname="ds.tapply_smk_fun_mean" name="simplest_ds.tapply_fun_mean"/>
    <testcase time="0.00100000000020373" classname="ds.tapply_smk_fun_mean" name="simplest_ds.tapply_fun_mean"/>
    <testcase time="0.000999999999748979" classname="ds.tapply_smk_fun_mean" name="simplest_ds.tapply_fun_mean"/>
    <testcase time="0.00100000000020373" classname="ds.tapply_smk_fun_mean" name="simplest_ds.tapply_fun_mean"/>
    <testcase time="0.000999999999748979" classname="ds.tapply_smk_fun_mean" name="simplest_ds.tapply_fun_mean"/>
    <testcase time="0.00100000000020373" classname="ds.tapply_smk_fun_mean" name="simplest_ds.tapply_fun_mean"/>
    <testcase time="0.00199999999995271" classname="ds.tapply_smk_fun_mean" name="simplest_ds.tapply_fun_mean"/>
    <testcase time="0.000999999999748979" classname="ds.tapply_smk_fun_mean" name="simplest_ds.tapply_fun_mean"/>
    <testcase time="0.00100000000020373" classname="ds.tapply_smk_fun_mean" name="simplest_ds.tapply_fun_mean"/>
    <testcase time="0.000999999999748979" classname="ds.tapply_smk_fun_mean" name="simplest_ds.tapply_fun_mean"/>
    <testcase time="0.00200000000040745" classname="ds.tapply_smk_fun_mean" name="simplest_ds.tapply_fun_mean"/>
    <testcase time="0.000999999999748979" classname="ds.tapply_smk_fun_mean" name="simplest_ds.tapply_fun_mean"/>
    <testcase time="0.00100000000020373" classname="ds.tapply_smk_fun_mean" name="simplest_ds.tapply_fun_mean"/>
    <testcase time="0.00199999999995271" classname="ds.tapply_smk_fun_mean" name="simplest_ds.tapply_fun_mean"/>
    <testcase time="0.000999999999748979" classname="ds.tapply_smk_fun_mean" name="simplest_ds.tapply_fun_mean"/>
    <testcase time="0.00100000000020373" classname="ds.tapply_smk_fun_mean" name="simplest_ds.tapply_fun_mean"/>
    <testcase time="0.00199999999995271" classname="ds.tapply_smk_fun_mean" name="simplest_ds.tapply_fun_mean"/>
    <testcase time="0.00100000000020373" classname="ds.tapply_smk_fun_mean" name="simplest_ds.tapply_fun_mean"/>
    <testcase time="0.000999999999748979" classname="ds.tapply_smk_fun_mean" name="simplest_ds.tapply_fun_mean"/>
  </testsuite>
  <testsuite name="ds.tapply::smk::fun=sd" timestamp="2020-07-07T00:00:05Z" hostname="fv-az14" tests="22" skipped="0" failures="0" errors="0" time="0.302">
    <testcase time="0.27599999999984" classname="ds.tapply_smk_fun_sd" name="simplest_ds.tapply_fun_sd"/>
    <testcase time="0.00100000000020373" classname="ds.tapply_smk_fun_sd" name="simplest_ds.tapply_fun_sd"/>
    <testcase time="0.00100000000020373" classname="ds.tapply_smk_fun_sd" name="simplest_ds.tapply_fun_sd"/>
    <testcase time="0.000999999999748979" classname="ds.tapply_smk_fun_sd" name="simplest_ds.tapply_fun_sd"/>
    <testcase time="0.00100000000020373" classname="ds.tapply_smk_fun_sd" name="simplest_ds.tapply_fun_sd"/>
    <testcase time="0.000999999999748979" classname="ds.tapply_smk_fun_sd" name="simplest_ds.tapply_fun_sd"/>
    <testcase time="0.00199999999995271" classname="ds.tapply_smk_fun_sd" name="simplest_ds.tapply_fun_sd"/>
    <testcase time="0.00100000000020373" classname="ds.tapply_smk_fun_sd" name="simplest_ds.tapply_fun_sd"/>
    <testcase time="0.000999999999748979" classname="ds.tapply_smk_fun_sd" name="simplest_ds.tapply_fun_sd"/>
    <testcase time="0.00100000000020373" classname="ds.tapply_smk_fun_sd" name="simplest_ds.tapply_fun_sd"/>
    <testcase time="0.00100000000020373" classname="ds.tapply_smk_fun_sd" name="simplest_ds.tapply_fun_sd"/>
    <testcase time="0.00199999999995271" classname="ds.tapply_smk_fun_sd" name="simplest_ds.tapply_fun_sd"/>
    <testcase time="0.000999999999748979" classname="ds.tapply_smk_fun_sd" name="simplest_ds.tapply_fun_sd"/>
    <testcase time="0.00100000000020373" classname="ds.tapply_smk_fun_sd" name="simplest_ds.tapply_fun_sd"/>
    <testcase time="0.000999999999748979" classname="ds.tapply_smk_fun_sd" name="simplest_ds.tapply_fun_sd"/>
    <testcase time="0.00199999999995271" classname="ds.tapply_smk_fun_sd" name="simplest_ds.tapply_fun_sd"/>
    <testcase time="0.00100000000020373" classname="ds.tapply_smk_fun_sd" name="simplest_ds.tapply_fun_sd"/>
    <testcase time="0.00100000000020373" classname="ds.tapply_smk_fun_sd" name="simplest_ds.tapply_fun_sd"/>
    <testcase time="0.00199999999995271" classname="ds.tapply_smk_fun_sd" name="simplest_ds.tapply_fun_sd"/>
    <testcase time="0.000999999999748979" classname="ds.tapply_smk_fun_sd" name="simplest_ds.tapply_fun_sd"/>
    <testcase time="0.00100000000020373" classname="ds.tapply_smk_fun_sd" name="simplest_ds.tapply_fun_sd"/>
    <testcase time="0.00199999999995271" classname="ds.tapply_smk_fun_sd" name="simplest_ds.tapply_fun_sd"/>
  </testsuite>
  <testsuite name="ds.tapply::smk::fun=sum" timestamp="2020-07-07T00:00:06Z" hostname="fv-az14" tests="22" skipped="0" failures="0" errors="0" time="0.298">
    <testcase time="0.271999999999935" classname="ds.tapply_smk_fun_sum" name="simplest_ds.tapply_fun_sum"/>
    <testcase time="0.00100000000020373" classname="ds.tapply_smk_fun_sum" name="simplest_ds.tapply_fun_sum"/>
    <testcase time="0.000999999999748979" classname="ds.tapply_smk_fun_sum" name="simplest_ds.tapply_fun_sum"/>
    <testcase time="0.00100000000020373" classname="ds.tapply_smk_fun_sum" name="simplest_ds.tapply_fun_sum"/>
    <testcase time="0.000999999999748979" classname="ds.tapply_smk_fun_sum" name="simplest_ds.tapply_fun_sum"/>
    <testcase time="0.00199999999995271" classname="ds.tapply_smk_fun_sum" name="simplest_ds.tapply_fun_sum"/>
    <testcase time="0.00100000000020373" classname="ds.tapply_smk_fun_sum" name="simplest_ds.tapply_fun_sum"/>
    <testcase time="0.000999999999748979" classname="ds.tapply_smk_fun_sum" name="simplest_ds.tapply_fun_sum"/>
    <testcase time="0.00100000000020373" classname="ds.tapply_smk_fun_sum" name="simplest_ds.tapply_fun_sum"/>
    <testcase time="0.000999999999748979" classname="ds.tapply_smk_fun_sum" name="simplest_ds.tapply_fun_sum"/>
    <testcase time="0.00100000000020373" classname="ds.tapply_smk_fun_sum" name="simplest_ds.tapply_fun_sum"/>
    <testcase time="0.00199999999995271" classname="ds.tapply_smk_fun_sum" name="simplest_ds.tapply_fun_sum"/>
    <testcase time="0.00100000000020373" classname="ds.tapply_smk_fun_sum" name="simplest_ds.tapply_fun_sum"/>
    <testcase time="0.000999999999748979" classname="ds.tapply_smk_fun_sum" name="simplest_ds.tapply_fun_sum"/>
    <testcase time="0.00100000000020373" classname="ds.tapply_smk_fun_sum" name="simplest_ds.tapply_fun_sum"/>
    <testcase time="0.00199999999995271" classname="ds.tapply_smk_fun_sum" name="simplest_ds.tapply_fun_sum"/>
    <testcase time="0.000999999999748979" classname="ds.tapply_smk_fun_sum" name="simplest_ds.tapply_fun_sum"/>
    <testcase time="0.00100000000020373" classname="ds.tapply_smk_fun_sum" name="simplest_ds.tapply_fun_sum"/>
    <testcase time="0.00199999999995271" classname="ds.tapply_smk_fun_sum" name="simplest_ds.tapply_fun_sum"/>
    <testcase time="0.00100000000020373" classname="ds.tapply_smk_fun_sum" name="simplest_ds.tapply_fun_sum"/>
    <testcase time="0.00199999999995271" classname="ds.tapply_smk_fun_sum" name="simplest_ds.tapply_fun_sum"/>
    <testcase time="0.000999999999748979" classname="ds.tapply_smk_fun_sum" name="simplest_ds.tapply_fun_sum"/>
  </testsuite>
  <testsuite name="ds.tapply::smk::fun=quantile" timestamp="2020-07-07T00:00:06Z" hostname="fv-az14" tests="10" skipped="0" failures="0" errors="0" time="0.292">
    <testcase time="0.275000000000091" classname="ds.tapply_smk_fun_quantile" name="simplest_ds.tapply_fun_quantile"/>
    <testcase time="0.00100000000020373" classname="ds.tapply_smk_fun_quantile" name="simplest_ds.tapply_fun_quantile"/>
    <testcase time="0.000999999999748979" classname="ds.tapply_smk_fun_quantile" name="simplest_ds.tapply_fun_quantile"/>
    <testcase time="0.00199999999995271" classname="ds.tapply_smk_fun_quantile" name="simplest_ds.tapply_fun_quantile"/>
    <testcase time="0.00100000000020373" classname="ds.tapply_smk_fun_quantile" name="simplest_ds.tapply_fun_quantile"/>
    <testcase time="0.000999999999748979" classname="ds.tapply_smk_fun_quantile" name="simplest_ds.tapply_fun_quantile"/>
    <testcase time="0.00100000000020373" classname="ds.tapply_smk_fun_quantile" name="simplest_ds.tapply_fun_quantile"/>
    <testcase time="0.00799999999981083" classname="ds.tapply_smk_fun_quantile" name="simplest_ds.tapply_fun_quantile"/>
    <testcase time="0.00100000000020373" classname="ds.tapply_smk_fun_quantile" name="simplest_ds.tapply_fun_quantile"/>
    <testcase time="0.00100000000020373" classname="ds.tapply_smk_fun_quantile" name="simplest_ds.tapply_fun_quantile"/>
  </testsuite>
  <testsuite name="ds.tapply::smk::shutdown" timestamp="2020-07-07T00:00:06Z" hostname="fv-az14" tests="3" skipped="0" failures="0" errors="0" time="0.272">
    <testcase time="0.269999999999982" classname="ds.tapply_smk_shutdown" name="shutdown"/>
    <testcase time="0.000999999999748979" classname="ds.tapply_smk_shutdown" name="shutdown"/>
    <testcase time="0.00100000000020373" classname="ds.tapply_smk_shutdown" name="shutdown"/>
  </testsuite>
  <testsuite name="ds.tapply::smk::done" timestamp="2020-07-07T00:00:07Z" hostname="fv-az14" tests="0" skipped="0" failures="0" errors="0" time="0"/>
  <testsuite name="ds.testObjExists::smk::setup" timestamp="2020-07-07T00:00:07Z" hostname="fv-az14" tests="3" skipped="0" failures="0" errors="0" time="5.152">
    <testcase time="5.14899999999989" classname="ds.testObjExists_smk_setup" name="setup"/>
    <testcase time="0.000999999999748979" classname="ds.testObjExists_smk_setup" name="setup"/>
    <testcase time="0.00200000000040745" classname="ds.testObjExists_smk_setup" name="setup"/>
  </testsuite>
  <testsuite name="ds.testObjExists::smk::discordant" timestamp="2020-07-07T00:00:12Z" hostname="fv-az14" tests="20" skipped="0" failures="0" errors="0" time="0.593">
    <testcase time="0.306999999999789" classname="ds.testObjExists_smk_discordant" name="simple_testObjExists_discordant"/>
    <testcase time="0.00100000000020373" classname="ds.testObjExists_smk_discordant" name="simple_testObjExists_discordant"/>
    <testcase time="0.259000000000015" classname="ds.testObjExists_smk_discordant" name="data.frame_testObjExists_discordant"/>
    <testcase time="0.000999999999748979" classname="ds.testObjExists_smk_discordant" name="data.frame_testObjExists_discordant"/>
    <testcase time="0.00100000000020373" classname="ds.testObjExists_smk_discordant" name="data.frame_testObjExists_discordant"/>
    <testcase time="0.000999999999748979" classname="ds.testObjExists_smk_discordant" name="data.frame_testObjExists_discordant"/>
    <testcase time="0.00100000000020373" classname="ds.testObjExists_smk_discordant" name="data.frame_testObjExists_discordant"/>
    <testcase time="0.000999999999748979" classname="ds.testObjExists_smk_discordant" name="data.frame_testObjExists_discordant"/>
    <testcase time="0.00100000000020373" classname="ds.testObjExists_smk_discordant" name="data.frame_testObjExists_discordant"/>
    <testcase time="0.00100000000020373" classname="ds.testObjExists_smk_discordant" name="data.frame_testObjExists_discordant"/>
    <testcase time="0.00100000000020373" classname="ds.testObjExists_smk_discordant" name="data.frame_testObjExists_discordant"/>
    <testcase time="0.00799999999981083" classname="ds.testObjExists_smk_discordant" name="data.frame_testObjExists_discordant"/>
    <testcase time="0.000999999999748979" classname="ds.testObjExists_smk_discordant" name="data.frame_testObjExists_discordant"/>
    <testcase time="0.00100000000020373" classname="ds.testObjExists_smk_discordant" name="data.frame_testObjExists_discordant"/>
    <testcase time="0.00199999999995271" classname="ds.testObjExists_smk_discordant" name="data.frame_testObjExists_discordant"/>
    <testcase time="0.00100000000020373" classname="ds.testObjExists_smk_discordant" name="data.frame_testObjExists_discordant"/>
    <testcase time="0.000999999999748979" classname="ds.testObjExists_smk_discordant" name="data.frame_testObjExists_discordant"/>
    <testcase time="0.00100000000020373" classname="ds.testObjExists_smk_discordant" name="data.frame_testObjExists_discordant"/>
    <testcase time="0.00199999999995271" classname="ds.testObjExists_smk_discordant" name="data.frame_testObjExists_discordant"/>
    <testcase time="0.000999999999748979" classname="ds.testObjExists_smk_discordant" name="data.frame_testObjExists_discordant"/>
  </testsuite>
  <testsuite name="ds.testObjExists::smk::shutdown" timestamp="2020-07-07T00:00:12Z" hostname="fv-az14" tests="3" skipped="0" failures="0" errors="0" time="0.274">
    <testcase time="0.272000000000389" classname="ds.testObjExists_smk_shutdown" name="shutdown"/>
    <testcase time="0.000999999999748979" classname="ds.testObjExists_smk_shutdown" name="shutdown"/>
    <testcase time="0.00100000000020373" classname="ds.testObjExists_smk_shutdown" name="shutdown"/>
  </testsuite>
  <testsuite name="ds.testObjExists::smk::done" timestamp="2020-07-07T00:00:13Z" hostname="fv-az14" tests="0" skipped="0" failures="0" errors="0" time="0"/>
  <testsuite name="ds.testObjExists::smk::setup" timestamp="2020-07-07T00:00:13Z" hostname="fv-az14" tests="3" skipped="0" failures="0" errors="0" time="5.226">
    <testcase time="5.22299999999996" classname="ds.testObjExists_smk_setup" name="setup"/>
    <testcase time="0.00199999999995271" classname="ds.testObjExists_smk_setup" name="setup"/>
    <testcase time="0.000999999999748979" classname="ds.testObjExists_smk_setup" name="setup"/>
  </testsuite>
  <testsuite name="ds.testObjExists::smk" timestamp="2020-07-07T00:00:18Z" hostname="fv-az14" tests="40" skipped="0" failures="0" errors="0" time="3.71">
    <testcase time="0.281000000000404" classname="ds.testObjExists_smk" name="simple_testObjExists"/>
    <testcase time="0.000999999999748979" classname="ds.testObjExists_smk" name="simple_testObjExists"/>
    <testcase time="2.86700000000019" classname="ds.testObjExists_smk" name="data.frame_testObjExists"/>
    <testcase time="0.000999999999748979" classname="ds.testObjExists_smk" name="data.frame_testObjExists"/>
    <testcase time="0.258000000000266" classname="ds.testObjExists_smk" name="data.frame_testObjExists"/>
    <testcase time="0.000999999999748979" classname="ds.testObjExists_smk" name="data.frame_testObjExists"/>
    <testcase time="0.00100000000020373" classname="ds.testObjExists_smk" name="data.frame_testObjExists"/>
    <testcase time="0.000999999999748979" classname="ds.testObjExists_smk" name="data.frame_testObjExists"/>
    <testcase time="0.00199999999995271" classname="ds.testObjExists_smk" name="data.frame_testObjExists"/>
    <testcase time="0.00100000000020373" classname="ds.testObjExists_smk" name="data.frame_testObjExists"/>
    <testcase time="0.00100000000020373" classname="ds.testObjExists_smk" name="data.frame_testObjExists"/>
    <testcase time="0.000999999999748979" classname="ds.testObjExists_smk" name="data.frame_testObjExists"/>
    <testcase time="0.00100000000020373" classname="ds.testObjExists_smk" name="data.frame_testObjExists"/>
    <testcase time="0.000999999999748979" classname="ds.testObjExists_smk" name="data.frame_testObjExists"/>
    <testcase time="0.00199999999995271" classname="ds.testObjExists_smk" name="data.frame_testObjExists"/>
    <testcase time="0.00100000000020373" classname="ds.testObjExists_smk" name="data.frame_testObjExists"/>
    <testcase time="0.000999999999748979" classname="ds.testObjExists_smk" name="data.frame_testObjExists"/>
    <testcase time="0.00100000000020373" classname="ds.testObjExists_smk" name="data.frame_testObjExists"/>
    <testcase time="0.00199999999995271" classname="ds.testObjExists_smk" name="data.frame_testObjExists"/>
    <testcase time="0.00100000000020373" classname="ds.testObjExists_smk" name="data.frame_testObjExists"/>
    <testcase time="0.000999999999748979" classname="ds.testObjExists_smk" name="data.frame_testObjExists"/>
    <testcase time="0.00199999999995271" classname="ds.testObjExists_smk" name="data.frame_testObjExists"/>
    <testcase time="0.255000000000109" classname="ds.testObjExists_smk" name="data.frame_testObjExists"/>
    <testcase time="0.000999999999748979" classname="ds.testObjExists_smk" name="data.frame_testObjExists"/>
    <testcase time="0.00100000000020373" classname="ds.testObjExists_smk" name="data.frame_testObjExists"/>
    <testcase time="0.00199999999995271" classname="ds.testObjExists_smk" name="data.frame_testObjExists"/>
    <testcase time="0.000999999999748979" classname="ds.testObjExists_smk" name="data.frame_testObjExists"/>
    <testcase time="0.00199999999995271" classname="ds.testObjExists_smk" name="data.frame_testObjExists"/>
    <testcase time="0.00100000000020373" classname="ds.testObjExists_smk" name="data.frame_testObjExists"/>
    <testcase time="0.00199999999995271" classname="ds.testObjExists_smk" name="data.frame_testObjExists"/>
    <testcase time="0.00100000000020373" classname="ds.testObjExists_smk" name="data.frame_testObjExists"/>
    <testcase time="0.00199999999995271" classname="ds.testObjExists_smk" name="data.frame_testObjExists"/>
    <testcase time="0.000999999999748979" classname="ds.testObjExists_smk" name="data.frame_testObjExists"/>
    <testcase time="0.00199999999995271" classname="ds.testObjExists_smk" name="data.frame_testObjExists"/>
    <testcase time="0.00100000000020373" classname="ds.testObjExists_smk" name="data.frame_testObjExists"/>
    <testcase time="0.00199999999995271" classname="ds.testObjExists_smk" name="data.frame_testObjExists"/>
    <testcase time="0.00199999999995271" classname="ds.testObjExists_smk" name="data.frame_testObjExists"/>
    <testcase time="0.00100000000020373" classname="ds.testObjExists_smk" name="data.frame_testObjExists"/>
    <testcase time="0.00199999999995271" classname="ds.testObjExists_smk" name="data.frame_testObjExists"/>
    <testcase time="0.00199999999995271" classname="ds.testObjExists_smk" name="data.frame_testObjExists"/>
  </testsuite>
  <testsuite name="ds.testObjExists::smk::shutdown" timestamp="2020-07-07T00:00:21Z" hostname="fv-az14" tests="3" skipped="0" failures="0" errors="0" time="0.272">
    <testcase time="0.269999999999982" classname="ds.testObjExists_smk_shutdown" name="shutdown"/>
    <testcase time="0.00100000000020373" classname="ds.testObjExists_smk_shutdown" name="shutdown"/>
    <testcase time="0.000999999999748979" classname="ds.testObjExists_smk_shutdown" name="shutdown"/>
  </testsuite>
  <testsuite name="ds.testObjExists::smk::done" timestamp="2020-07-07T00:00:22Z" hostname="fv-az14" tests="0" skipped="0" failures="0" errors="0" time="0"/>
  <testsuite name="ds.unList::smk::setup" timestamp="2020-07-07T00:00:22Z" hostname="fv-az14" tests="3" skipped="0" failures="0" errors="0" time="5.196">
    <testcase time="5.19300000000021" classname="ds.unList_smk_setup" name="setup"/>
    <testcase time="0.00199999999995271" classname="ds.unList_smk_setup" name="setup"/>
    <testcase time="0.000999999999748979" classname="ds.unList_smk_setup" name="setup"/>
  </testsuite>
  <testsuite name="ds.unList::smk::simple test" timestamp="2020-07-07T00:00:27Z" hostname="fv-az14" tests="7" skipped="0" failures="0" errors="0" time="1.176">
    <testcase time="1.16900000000032" classname="ds.unList_smk_simple_test" name="simple_test"/>
    <testcase time="0.000999999999748979" classname="ds.unList_smk_simple_test" name="simple_test"/>
    <testcase time="0.00199999999995271" classname="ds.unList_smk_simple_test" name="simple_test"/>
    <testcase time="0.00100000000020373" classname="ds.unList_smk_simple_test" name="simple_test"/>
    <testcase time="0.000999999999748979" classname="ds.unList_smk_simple_test" name="simple_test"/>
    <testcase time="0.00100000000020373" classname="ds.unList_smk_simple_test" name="simple_test"/>
    <testcase time="0.000999999999748979" classname="ds.unList_smk_simple_test" name="simple_test"/>
  </testsuite>
  <testsuite name="ds.unList::smk::shutdown" timestamp="2020-07-07T00:00:28Z" hostname="fv-az14" tests="3" skipped="0" failures="0" errors="0" time="0.271">
    <testcase time="0.269000000000233" classname="ds.unList_smk_shutdown" name="shutdown"/>
    <testcase time="0.000999999999748979" classname="ds.unList_smk_shutdown" name="shutdown"/>
    <testcase time="0.00100000000020373" classname="ds.unList_smk_shutdown" name="shutdown"/>
  </testsuite>
  <testsuite name="ds.unList::smk::done" timestamp="2020-07-07T00:00:29Z" hostname="fv-az14" tests="0" skipped="0" failures="0" errors="0" time="0"/>
  <testsuite name="ds.var::smk::setup" timestamp="2020-07-07T00:00:29Z" hostname="fv-az14" tests="3" skipped="0" failures="0" errors="0" time="5.218">
    <testcase time="5.21599999999989" classname="ds.var_smk_setup" name="setup"/>
    <testcase time="0.00100000000020373" classname="ds.var_smk_setup" name="setup"/>
    <testcase time="0.000999999999748979" classname="ds.var_smk_setup" name="setup"/>
  </testsuite>
  <testsuite name="ds.var::smk::split" timestamp="2020-07-07T00:00:33Z" hostname="fv-az14" tests="19" skipped="0" failures="0" errors="0" time="0.296">
    <testcase time="0.273000000000138" classname="ds.var_smk_split" name="simple_var_split"/>
    <testcase time="0.00100000000020373" classname="ds.var_smk_split" name="simple_var_split"/>
    <testcase time="0.000999999999748979" classname="ds.var_smk_split" name="simple_var_split"/>
    <testcase time="0.00199999999995271" classname="ds.var_smk_split" name="simple_var_split"/>
    <testcase time="0.00100000000020373" classname="ds.var_smk_split" name="simple_var_split"/>
    <testcase time="0.000999999999748979" classname="ds.var_smk_split" name="simple_var_split"/>
    <testcase time="0.00100000000020373" classname="ds.var_smk_split" name="simple_var_split"/>
    <testcase time="0.000999999999748979" classname="ds.var_smk_split" name="simple_var_split"/>
    <testcase time="0.00200000000040745" classname="ds.var_smk_split" name="simple_var_split"/>
    <testcase time="0.000999999999748979" classname="ds.var_smk_split" name="simple_var_split"/>
    <testcase time="0.00100000000020373" classname="ds.var_smk_split" name="simple_var_split"/>
    <testcase time="0.000999999999748979" classname="ds.var_smk_split" name="simple_var_split"/>
    <testcase time="0.00199999999995271" classname="ds.var_smk_split" name="simple_var_split"/>
    <testcase time="0.00100000000020373" classname="ds.var_smk_split" name="simple_var_split"/>
    <testcase time="0.000999999999748979" classname="ds.var_smk_split" name="simple_var_split"/>
    <testcase time="0.00200000000040745" classname="ds.var_smk_split" name="simple_var_split"/>
    <testcase time="0.000999999999748979" classname="ds.var_smk_split" name="simple_var_split"/>
    <testcase time="0.00100000000020373" classname="ds.var_smk_split" name="simple_var_split"/>
    <testcase time="0.00199999999995271" classname="ds.var_smk_split" name="simple_var_split"/>
  </testsuite>
  <testsuite name="ds.var::smk::combine" timestamp="2020-07-07T00:00:34Z" hostname="fv-az14" tests="11" skipped="0" failures="0" errors="0" time="0.285">
    <testcase time="0.272999999999683" classname="ds.var_smk_combine" name="simple_var_combine"/>
    <testcase time="0.00200000000040745" classname="ds.var_smk_combine" name="simple_var_combine"/>
    <testcase time="0.000999999999748979" classname="ds.var_smk_combine" name="simple_var_combine"/>
    <testcase time="0.00100000000020373" classname="ds.var_smk_combine" name="simple_var_combine"/>
    <testcase time="0.000999999999748979" classname="ds.var_smk_combine" name="simple_var_combine"/>
    <testcase time="0.00100000000020373" classname="ds.var_smk_combine" name="simple_var_combine"/>
    <testcase time="0.00199999999995271" classname="ds.var_smk_combine" name="simple_var_combine"/>
    <testcase time="0.000999999999748979" classname="ds.var_smk_combine" name="simple_var_combine"/>
    <testcase time="0.00100000000020373" classname="ds.var_smk_combine" name="simple_var_combine"/>
    <testcase time="0.000999999999748979" classname="ds.var_smk_combine" name="simple_var_combine"/>
    <testcase time="0.00100000000020373" classname="ds.var_smk_combine" name="simple_var_combine"/>
  </testsuite>
  <testsuite name="ds.var::smk::both" timestamp="2020-07-07T00:00:34Z" hostname="fv-az14" tests="24" skipped="0" failures="0" errors="0" time="0.312">
    <testcase time="0.282999999999902" classname="ds.var_smk_both" name="simple_var_both"/>
    <testcase time="0.00100000000020373" classname="ds.var_smk_both" name="simple_var_both"/>
    <testcase time="0.000999999999748979" classname="ds.var_smk_both" name="simple_var_both"/>
    <testcase time="0.00100000000020373" classname="ds.var_smk_both" name="simple_var_both"/>
    <testcase time="0.00199999999995271" classname="ds.var_smk_both" name="simple_var_both"/>
    <testcase time="0.00100000000020373" classname="ds.var_smk_both" name="simple_var_both"/>
    <testcase time="0.000999999999748979" classname="ds.var_smk_both" name="simple_var_both"/>
    <testcase time="0.00100000000020373" classname="ds.var_smk_both" name="simple_var_both"/>
    <testcase time="0.000999999999748979" classname="ds.var_smk_both" name="simple_var_both"/>
    <testcase time="0.00199999999995271" classname="ds.var_smk_both" name="simple_var_both"/>
    <testcase time="0.00100000000020373" classname="ds.var_smk_both" name="simple_var_both"/>
    <testcase time="0.000999999999748979" classname="ds.var_smk_both" name="simple_var_both"/>
    <testcase time="0.00100000000020373" classname="ds.var_smk_both" name="simple_var_both"/>
    <testcase time="0.00199999999995271" classname="ds.var_smk_both" name="simple_var_both"/>
    <testcase time="0.00100000000020373" classname="ds.var_smk_both" name="simple_var_both"/>
    <testcase time="0.000999999999748979" classname="ds.var_smk_both" name="simple_var_both"/>
    <testcase time="0.00199999999995271" classname="ds.var_smk_both" name="simple_var_both"/>
    <testcase time="0.00100000000020373" classname="ds.var_smk_both" name="simple_var_both"/>
    <testcase time="0.000999999999748979" classname="ds.var_smk_both" name="simple_var_both"/>
    <testcase time="0.00200000000040745" classname="ds.var_smk_both" name="simple_var_both"/>
    <testcase time="0.000999999999748979" classname="ds.var_smk_both" name="simple_var_both"/>
    <testcase time="0.00100000000020373" classname="ds.var_smk_both" name="simple_var_both"/>
    <testcase time="0.00199999999995271" classname="ds.var_smk_both" name="simple_var_both"/>
    <testcase time="0.000999999999748979" classname="ds.var_smk_both" name="simple_var_both"/>
  </testsuite>
  <testsuite name="ds.var::smk::shutdown" timestamp="2020-07-07T00:00:34Z" hostname="fv-az14" tests="3" skipped="0" failures="0" errors="0" time="0.277">
    <testcase time="0.275000000000091" classname="ds.var_smk_shutdown" name="shutdown"/>
    <testcase time="0.00100000000020373" classname="ds.var_smk_shutdown" name="shutdown"/>
    <testcase time="0.000999999999748979" classname="ds.var_smk_shutdown" name="shutdown"/>
  </testsuite>
  <testsuite name="ds.var::smk::done" timestamp="2020-07-07T00:00:35Z" hostname="fv-az14" tests="0" skipped="0" failures="0" errors="0" time="0"/>
  <testsuite name="ds.vectorCalc::smk::setup" timestamp="2020-07-07T00:00:35Z" hostname="fv-az14" tests="3" skipped="0" failures="0" errors="0" time="5.231">
    <testcase time="5.22900000000027" classname="ds.vectorCalc_smk_setup" name="setup"/>
    <testcase time="0.000999999999748979" classname="ds.vectorCalc_smk_setup" name="setup"/>
    <testcase time="0.00100000000020373" classname="ds.vectorCalc_smk_setup" name="setup"/>
  </testsuite>
  <testsuite name="ds.vectorCalc::smk" timestamp="2020-07-07T00:00:40Z" hostname="fv-az14" tests="18" skipped="0" failures="0" errors="0" time="2.942">
    <testcase time="0.0349999999998545" classname="ds.vectorCalc_smk" name="simple_test"/>
    <testcase time="2.11999999999989" classname="ds.vectorCalc_smk" name="simple_test"/>
    <testcase time="0.510999999999967" classname="ds.vectorCalc_smk" name="simple_test"/>
    <testcase time="0.00199999999995271" classname="ds.vectorCalc_smk" name="simple_test"/>
    <testcase time="0.00100000000020373" classname="ds.vectorCalc_smk" name="simple_test"/>
    <testcase time="0.00100000000020373" classname="ds.vectorCalc_smk" name="simple_test"/>
    <testcase time="0.000999999999748979" classname="ds.vectorCalc_smk" name="simple_test"/>
    <testcase time="0.00100000000020373" classname="ds.vectorCalc_smk" name="simple_test"/>
    <testcase time="0.000999999999748979" classname="ds.vectorCalc_smk" name="simple_test"/>
    <testcase time="0.259000000000015" classname="ds.vectorCalc_smk" name="simple_test"/>
    <testcase time="0.00100000000020373" classname="ds.vectorCalc_smk" name="simple_test"/>
    <testcase time="0.000999999999748979" classname="ds.vectorCalc_smk" name="simple_test"/>
    <testcase time="0.00100000000020373" classname="ds.vectorCalc_smk" name="simple_test"/>
    <testcase time="0.00199999999995271" classname="ds.vectorCalc_smk" name="simple_test"/>
    <testcase time="0.000999999999748979" classname="ds.vectorCalc_smk" name="simple_test"/>
    <testcase time="0.00100000000020373" classname="ds.vectorCalc_smk" name="simple_test"/>
    <testcase time="0.00199999999995271" classname="ds.vectorCalc_smk" name="simple_test"/>
    <testcase time="0.00100000000020373" classname="ds.vectorCalc_smk" name="simple_test"/>
  </testsuite>
  <testsuite name="ds.vectorCalc::smk::shutdown" timestamp="2020-07-07T00:00:43Z" hostname="fv-az14" tests="3" skipped="0" failures="0" errors="0" time="0.275">
    <testcase time="0.272999999999683" classname="ds.vectorCalc_smk_shutdown" name="shutdown"/>
    <testcase time="0.00100000000020373" classname="ds.vectorCalc_smk_shutdown" name="shutdown"/>
    <testcase time="0.000999999999748979" classname="ds.vectorCalc_smk_shutdown" name="shutdown"/>
  </testsuite>
  <testsuite name="ds.vectorCalc::smk::done" timestamp="2020-07-07T00:00:44Z" hostname="fv-az14" tests="0" skipped="0" failures="0" errors="0" time="0"/>
  <testsuite name="ds.mean::smk_expt::type=combine" timestamp="2020-07-07T00:00:48Z" hostname="fv-az14" tests="1" skipped="0" failures="0" errors="0" time="5.264">
    <testcase time="5.26400000000012" classname="ds.mean_smk_expt_type_combine" name="mean_values_combine_"/>
  </testsuite>
  <testsuite name="ds.mean::smk_expt::type=split" timestamp="2020-07-07T00:00:48Z" hostname="fv-az14" tests="1" skipped="0" failures="0" errors="0" time="0.275">
    <testcase time="0.275000000000091" classname="ds.mean_smk_expt_type_split" name="mean_values_split_"/>
  </testsuite>
  <testsuite name="ds.mean::smk_expt::type=both" timestamp="2020-07-07T00:00:49Z" hostname="fv-az14" tests="1" skipped="0" failures="0" errors="0" time="0.273">
    <testcase time="0.273000000000138" classname="ds.mean_smk_expt_type_both" name="mean_values_both_"/>
  </testsuite>
  <testsuite name="ds.mean::smk_expt::type=combine" timestamp="2020-07-07T00:00:49Z" hostname="fv-az14" tests="1" skipped="0" failures="0" errors="0" time="0.282">
    <testcase time="0.281999999999698" classname="ds.mean_smk_expt_type_combine" name="mean_values_combine_"/>
  </testsuite>
  <testsuite name="ds.mean::smk_expt::type=split" timestamp="2020-07-07T00:00:49Z" hostname="fv-az14" tests="1" skipped="0" failures="0" errors="0" time="0.273">
    <testcase time="0.273000000000138" classname="ds.mean_smk_expt_type_split" name="mean_values_split_"/>
  </testsuite>
  <testsuite name="ds.mean::smk_expt::type=both" timestamp="2020-07-07T00:00:49Z" hostname="fv-az14" tests="1" skipped="0" failures="0" errors="0" time="0.273">
    <testcase time="0.273000000000138" classname="ds.mean_smk_expt_type_both" name="mean_values_both_"/>
  </testsuite>
  <testsuite name="ds.mean::smk_expt::type=combine" timestamp="2020-07-07T00:00:50Z" hostname="fv-az14" tests="1" skipped="0" failures="0" errors="0" time="0.276">
    <testcase time="0.27599999999984" classname="ds.mean_smk_expt_type_combine" name="mean_values_combine_"/>
  </testsuite>
  <testsuite name="ds.mean::smk_expt::type=split" timestamp="2020-07-07T00:00:50Z" hostname="fv-az14" tests="1" skipped="0" failures="0" errors="0" time="0.276">
    <testcase time="0.27599999999984" classname="ds.mean_smk_expt_type_split" name="mean_values_split_"/>
  </testsuite>
  <testsuite name="ds.mean::smk_expt::type=both" timestamp="2020-07-07T00:00:50Z" hostname="fv-az14" tests="1" skipped="0" failures="0" errors="0" time="0.281">
    <testcase time="0.281000000000404" classname="ds.mean_smk_expt_type_both" name="mean_values_both_"/>
  </testsuite>
  <testsuite name="ds.mean::smk_expt::type=combine" timestamp="2020-07-07T00:00:51Z" hostname="fv-az14" tests="1" skipped="0" failures="0" errors="0" time="0.271">
    <testcase time="0.270999999999731" classname="ds.mean_smk_expt_type_combine" name="mean_values_combine_"/>
  </testsuite>
  <testsuite name="ds.mean::smk_expt::type=split" timestamp="2020-07-07T00:00:51Z" hostname="fv-az14" tests="1" skipped="0" failures="0" errors="0" time="0.27">
    <testcase time="0.269999999999982" classname="ds.mean_smk_expt_type_split" name="mean_values_split_"/>
  </testsuite>
  <testsuite name="ds.mean::smk_expt::type=both" timestamp="2020-07-07T00:00:51Z" hostname="fv-az14" tests="1" skipped="0" failures="0" errors="0" time="0.277">
    <testcase time="0.277000000000044" classname="ds.mean_smk_expt_type_both" name="mean_values_both_"/>
  </testsuite>
  <testsuite name="ds.mean::smk_expt::type=combine" timestamp="2020-07-07T00:00:51Z" hostname="fv-az14" tests="1" skipped="0" failures="0" errors="0" time="0.279">
    <testcase time="0.278999999999996" classname="ds.mean_smk_expt_type_combine" name="mean_values_combine_"/>
  </testsuite>
  <testsuite name="ds.mean::smk_expt::type=split" timestamp="2020-07-07T00:00:52Z" hostname="fv-az14" tests="1" skipped="0" failures="0" errors="0" time="0.271">
    <testcase time="0.270999999999731" classname="ds.mean_smk_expt_type_split" name="mean_values_split_"/>
  </testsuite>
  <testsuite name="ds.mean::smk_expt::type=both" timestamp="2020-07-07T00:00:52Z" hostname="fv-az14" tests="1" skipped="0" failures="0" errors="0" time="0.273">
    <testcase time="0.273000000000138" classname="ds.mean_smk_expt_type_both" name="mean_values_both_"/>
  </testsuite>
  <testsuite name="ds.mean::smk_expt::type=combine" timestamp="2020-07-07T00:00:52Z" hostname="fv-az14" tests="1" skipped="0" failures="0" errors="0" time="1.121">
    <testcase time="1.12100000000009" classname="ds.mean_smk_expt_type_combine" name="mean_values_combine_"/>
  </testsuite>
  <testsuite name="ds.mean::smk_expt::type=split" timestamp="2020-07-07T00:00:53Z" hostname="fv-az14" tests="1" skipped="0" failures="0" errors="0" time="1.04">
    <testcase time="1.03999999999996" classname="ds.mean_smk_expt_type_split" name="mean_values_split_"/>
  </testsuite>
  <testsuite name="ds.mean::smk_expt::type=both" timestamp="2020-07-07T00:00:54Z" hostname="fv-az14" tests="1" skipped="0" failures="0" errors="0" time="1.051">
    <testcase time="1.05099999999993" classname="ds.mean_smk_expt_type_both" name="mean_values_both_"/>
  </testsuite>
  <testsuite name="ds.mean::smk_expt::type=combine" timestamp="2020-07-07T00:00:55Z" hostname="fv-az14" tests="1" skipped="0" failures="0" errors="0" time="1.04">
    <testcase time="1.03999999999996" classname="ds.mean_smk_expt_type_combine" name="mean_values_combine_"/>
  </testsuite>
  <testsuite name="ds.mean::smk_expt::type=split" timestamp="2020-07-07T00:00:56Z" hostname="fv-az14" tests="1" skipped="0" failures="0" errors="0" time="1.043">
    <testcase time="1.04300000000012" classname="ds.mean_smk_expt_type_split" name="mean_values_split_"/>
  </testsuite>
  <testsuite name="ds.mean::smk_expt::type=both" timestamp="2020-07-07T00:00:58Z" hostname="fv-az14" tests="1" skipped="0" failures="0" errors="0" time="1.037">
    <testcase time="1.03699999999981" classname="ds.mean_smk_expt_type_both" name="mean_values_both_"/>
  </testsuite>
  <testsuite name="ds.mean::smk_expt::type=combine" timestamp="2020-07-07T00:00:59Z" hostname="fv-az14" tests="1" skipped="0" failures="0" errors="0" time="1.04">
    <testcase time="1.03999999999996" classname="ds.mean_smk_expt_type_combine" name="mean_values_combine_"/>
  </testsuite>
  <testsuite name="ds.mean::smk_expt::type=split" timestamp="2020-07-07T00:01:00Z" hostname="fv-az14" tests="1" skipped="0" failures="0" errors="0" time="1.042">
    <testcase time="1.04199999999992" classname="ds.mean_smk_expt_type_split" name="mean_values_split_"/>
  </testsuite>
  <testsuite name="ds.mean::smk_expt::type=both" timestamp="2020-07-07T00:01:01Z" hostname="fv-az14" tests="1" skipped="0" failures="0" errors="0" time="1.051">
    <testcase time="1.05100000000039" classname="ds.mean_smk_expt_type_both" name="mean_values_both_"/>
  </testsuite>
  <testsuite name="ds.mean::smk_expt::type=combine" timestamp="2020-07-07T00:01:02Z" hostname="fv-az14" tests="1" skipped="0" failures="0" errors="0" time="1.047">
    <testcase time="1.04700000000003" classname="ds.mean_smk_expt_type_combine" name="mean_values_combine_"/>
  </testsuite>
  <testsuite name="ds.mean::smk_expt::type=split" timestamp="2020-07-07T00:01:03Z" hostname="fv-az14" tests="1" skipped="0" failures="0" errors="0" time="1.044">
    <testcase time="1.04399999999987" classname="ds.mean_smk_expt_type_split" name="mean_values_split_"/>
  </testsuite>
  <testsuite name="ds.mean::smk_expt::type=both" timestamp="2020-07-07T00:01:04Z" hostname="fv-az14" tests="1" skipped="0" failures="0" errors="0" time="1.056">
    <testcase time="1.05600000000004" classname="ds.mean_smk_expt_type_both" name="mean_values_both_"/>
  </testsuite>
  <testsuite name="ds.mean::smk_expt::type=combine" timestamp="2020-07-07T00:01:05Z" hostname="fv-az14" tests="1" skipped="0" failures="0" errors="0" time="1.072">
    <testcase time="1.07200000000012" classname="ds.mean_smk_expt_type_combine" name="mean_values_combine_"/>
  </testsuite>
  <testsuite name="ds.mean::smk_expt::type=split" timestamp="2020-07-07T00:01:06Z" hostname="fv-az14" tests="1" skipped="0" failures="0" errors="0" time="1.119">
    <testcase time="1.11900000000014" classname="ds.mean_smk_expt_type_split" name="mean_values_split_"/>
  </testsuite>
  <testsuite name="ds.mean::smk_expt::type=both" timestamp="2020-07-07T00:01:07Z" hostname="fv-az14" tests="1" skipped="0" failures="0" errors="0" time="1.041">
    <testcase time="1.04099999999971" classname="ds.mean_smk_expt_type_both" name="mean_values_both_"/>
  </testsuite>
  <testsuite name="ds.mean::smk_expt::type=combine" timestamp="2020-07-07T00:01:08Z" hostname="fv-az14" tests="1" skipped="0" failures="0" errors="0" time="1.055">
    <testcase time="1.05500000000029" classname="ds.mean_smk_expt_type_combine" name="mean_values_combine_"/>
  </testsuite>
  <testsuite name="ds.mean::smk_expt::type=split" timestamp="2020-07-07T00:01:09Z" hostname="fv-az14" tests="1" skipped="0" failures="0" errors="0" time="1.051">
    <testcase time="1.05099999999993" classname="ds.mean_smk_expt_type_split" name="mean_values_split_"/>
  </testsuite>
  <testsuite name="ds.mean::smk_expt::type=both" timestamp="2020-07-07T00:01:10Z" hostname="fv-az14" tests="1" skipped="0" failures="0" errors="0" time="1.045">
    <testcase time="1.04500000000007" classname="ds.mean_smk_expt_type_both" name="mean_values_both_"/>
  </testsuite>
  <testsuite name="vm-test::_::setup" timestamp="2020-07-07T00:01:12Z" hostname="fv-az14" tests="0" skipped="0" failures="0" errors="0" time="0"/>
  <testsuite name="vm-test::_::tests::vm" timestamp="2020-07-07T00:01:12Z" hostname="fv-az14" tests="1" skipped="0" failures="0" errors="0" time="0.889">
    <testcase time="0.888999999999669" classname="vm_test___tests_vm" name="The_virtual_machine_is_loaded._"/>
  </testsuite>
  <testsuite name="vm-test::_::shutdown" timestamp="2020-07-07T00:01:12Z" hostname="fv-az14" tests="0" skipped="0" failures="0" errors="0" time="0"/>
  <testsuite name="vm-test::_::done" timestamp="2020-07-07T00:01:12Z" hostname="fv-az14" tests="0" skipped="0" failures="0" errors="0" time="0"/>
</testsuites>
