<?xml version="1.0" ?>
<testsuites >

  <testsuite errors="0" failures="0" hostname="fv-az14" name="ds.asCharacter::arg::test errors" skipped="0" tests="1" time="8.078" timestamp="2020-09-17T09:45:34Z">
    <testcase classname="ds.asCharacter_arg_test_errors" name="asCharacter_erros" time="8.078"/>
  </testsuite>
  <testsuite errors="0" failures="0" hostname="fv-az14" name="ds.asDataMatrix::arg::test errors" skipped="0" tests="1" time="5.157" timestamp="2020-09-17T09:45:39Z">
    <testcase classname="ds.asDataMatrix_arg_test_errors" name="asDataMatrix_erros" time="5.157"/>
  </testsuite>
  <testsuite errors="0" failures="0" hostname="fv-az14" name="ds.asFactor::arg::test errors" skipped="0" tests="3" time="5.045" timestamp="2020-09-17T09:45:44Z">
    <testcase classname="ds.asFactor_arg_test_errors" name="asFactor_erros" time="4.968"/>
    <testcase classname="ds.asFactor_arg_test_errors" name="asFactor_erros" time="0.0620000000000012"/>
    <testcase classname="ds.asFactor_arg_test_errors" name="asFactor_erros" time="0.0150000000000006"/>
  </testsuite>
  <testsuite errors="0" failures="0" hostname="fv-az14" name="ds.asInteger::arg::test errors" skipped="0" tests="1" time="4.94" timestamp="2020-09-17T09:45:49Z">
    <testcase classname="ds.asInteger_arg_test_errors" name="asInteger_erros" time="4.94"/>
  </testsuite>
  <testsuite errors="0" failures="0" hostname="fv-az14" name="ds.asList::arg::test errors" skipped="0" tests="1" time="4.925" timestamp="2020-09-17T09:45:54Z">
    <testcase classname="ds.asList_arg_test_errors" name="asList_erros" time="4.925"/>
  </testsuite>
  <testsuite errors="0" failures="0" hostname="fv-az14" name="ds.asLogical::arg::test errors" skipped="0" tests="1" time="4.887" timestamp="2020-09-17T09:45:59Z">
    <testcase classname="ds.asLogical_arg_test_errors" name="asLogical_erros" time="4.887"/>
  </testsuite>
  <testsuite errors="0" failures="0" hostname="fv-az14" name="ds.asMatrix::arg::test errors" skipped="0" tests="1" time="4.83" timestamp="2020-09-17T09:46:04Z">
    <testcase classname="ds.asMatrix_arg_test_errors" name="asMatrix_erros" time="4.83"/>
  </testsuite>
  <testsuite errors="0" failures="0" hostname="fv-az14" name="ds.asNumeric::arg::test errors" skipped="0" tests="1" time="4.905" timestamp="2020-09-17T09:46:09Z">
    <testcase classname="ds.asNumeric_arg_test_errors" name="asNumeric_erros" time="4.905"/>
  </testsuite>
  <testsuite errors="0" failures="0" hostname="fv-az14" name="ds.assign::arg::test errors" skipped="0" tests="1" time="4.863" timestamp="2020-09-17T09:46:14Z">
    <testcase classname="ds.assign_arg_test_errors" name="assign_erros" time="4.863"/>
  </testsuite>
  <testsuite errors="0" failures="0" hostname="fv-az14" name="ds.Boole::arg::test errors" skipped="0" tests="5" time="4.985" timestamp="2020-09-17T09:46:19Z">
    <testcase classname="ds.Boole_arg_test_errors" name="Boole_erros" time="4.882"/>
    <testcase classname="ds.Boole_arg_test_errors" name="Boole_erros" time="0.0830000000000055"/>
    <testcase classname="ds.Boole_arg_test_errors" name="Boole_erros" time="0.00600000000000023"/>
    <testcase classname="ds.Boole_arg_test_errors" name="Boole_erros" time="0.00799999999999557"/>
    <testcase classname="ds.Boole_arg_test_errors" name="Boole_erros" time="0.00600000000000023"/>
  </testsuite>
  <testsuite errors="0" failures="0" hostname="fv-az14" name="ds.cbind::arg::test errors" skipped="0" tests="2" time="6.453" timestamp="2020-09-17T09:46:24Z">
    <testcase classname="ds.cbind_arg_test_errors" name="cbind_erros" time="5.252"/>
    <testcase classname="ds.cbind_arg_test_errors" name="cbind_erros" time="1.20099999999999"/>
  </testsuite>
  <testsuite errors="0" failures="0" hostname="fv-az14" name="ds.changeRefGroup::arg::test errors" skipped="0" tests="3" time="5.941" timestamp="2020-09-17T09:46:30Z">
    <testcase classname="ds.changeRefGroup_arg_test_errors" name="changeRefGroup_erros" time="4.90100000000001"/>
    <testcase classname="ds.changeRefGroup_arg_test_errors" name="changeRefGroup_erros" time="0.0339999999999918"/>
    <testcase classname="ds.changeRefGroup_arg_test_errors" name="changeRefGroup_erros" time="1.006"/>
  </testsuite>
  <testsuite errors="0" failures="0" hostname="fv-az14" name="ds.class::arg::test errors" skipped="0" tests="1" time="4.914" timestamp="2020-09-17T09:46:36Z">
    <testcase classname="ds.class_arg_test_errors" name="class_erros" time="4.914"/>
  </testsuite>
  <testsuite errors="0" failures="0" hostname="fv-az14" name="ds.colnames::arg::test errors" skipped="0" tests="1" time="5.031" timestamp="2020-09-17T09:46:41Z">
    <testcase classname="ds.colnames_arg_test_errors" name="simple_colnames_errors" time="5.03100000000001"/>
  </testsuite>
  <testsuite errors="0" failures="0" hostname="fv-az14" name="ds.completeCases::arg::test errors" skipped="0" tests="1" time="4.847" timestamp="2020-09-17T09:46:46Z">
    <testcase classname="ds.completeCases_arg_test_errors" name="completeCases_errors" time="4.84699999999999"/>
  </testsuite>
  <testsuite errors="0" failures="0" hostname="fv-az14" name="ds.cor::arg::test errors" skipped="0" tests="3" time="8.477" timestamp="2020-09-17T09:46:51Z">
    <testcase classname="ds.cor_arg_test_errors" name="cor_erros" time="4.845"/>
    <testcase classname="ds.cor_arg_test_errors" name="cor_erros" time="1.251"/>
    <testcase classname="ds.cor_arg_test_errors" name="cor_erros" time="2.381"/>
  </testsuite>
  <testsuite errors="0" failures="0" hostname="fv-az14" name="ds.corTest::arg" skipped="0" tests="2" time="4.947" timestamp="2020-09-17T09:46:59Z">
    <testcase classname="ds.corTest_arg" name="simple_arg_test" time="4.916"/>
    <testcase classname="ds.corTest_arg" name="simple_arg_test" time="0.0310000000000059"/>
  </testsuite>
  <testsuite errors="0" failures="0" hostname="fv-az14" name="ds.cov::arg::test errors" skipped="0" tests="3" time="8.416" timestamp="2020-09-17T09:47:04Z">
    <testcase classname="ds.cov_arg_test_errors" name="cov_erros" time="4.928"/>
    <testcase classname="ds.cov_arg_test_errors" name="cov_erros" time="1.17099999999999"/>
    <testcase classname="ds.cov_arg_test_errors" name="cov_erros" time="2.31700000000001"/>
  </testsuite>
  <testsuite errors="0" failures="0" hostname="fv-az14" name="ds.c::arg::test errors" skipped="0" tests="1" time="4.922" timestamp="2020-09-17T09:47:13Z">
    <testcase classname="ds.c_arg_test_errors" name="simple_c_errors" time="4.922"/>
  </testsuite>
  <testsuite errors="0" failures="0" hostname="fv-az14" name="ds.dataFrameFill::arg::test errors" skipped="0" tests="3" time="6.246" timestamp="2020-09-17T09:47:18Z">
    <testcase classname="ds.dataFrameFill_arg_test_errors" name="dataFrameFill_erros" time="4.883"/>
    <testcase classname="ds.dataFrameFill_arg_test_errors" name="dataFrameFill_erros" time="0.384"/>
    <testcase classname="ds.dataFrameFill_arg_test_errors" name="dataFrameFill_erros" time="0.979000000000013"/>
  </testsuite>
  <testsuite errors="0" failures="0" hostname="fv-az14" name="ds.dataFrame::arg::test errors" skipped="0" tests="2" time="6.295" timestamp="2020-09-17T09:47:24Z">
    <testcase classname="ds.dataFrame_arg_test_errors" name="dataframe_erros" time="4.84899999999999"/>
    <testcase classname="ds.dataFrame_arg_test_errors" name="dataframe_erros" time="1.446"/>
  </testsuite>
  <testsuite errors="0" failures="0" hostname="fv-az14" name="ds.dataFrameSubset::arg::setup" skipped="0" tests="3" time="5.222" timestamp="2020-09-17T09:47:26Z">
    <testcase classname="ds.dataFrameSubset_arg_setup" name="setup" time="5.22"/>
    <testcase classname="ds.dataFrameSubset_arg_setup" name="setup" time="0.00100000000000477"/>
    <testcase classname="ds.dataFrameSubset_arg_setup" name="setup" time="0.00100000000000477"/>
  </testsuite>
  <testsuite errors="0" failures="0" hostname="fv-az14" name="ds.dataFrameSubset::arg::test errors" skipped="0" tests="1" time="0.008" timestamp="2020-09-17T09:47:30Z">
    <testcase classname="ds.dataFrameSubset_arg_test_errors" name="dataFrameSubset_erros" time="0.00800000000000978"/>
  </testsuite>
  <testsuite errors="0" failures="0" hostname="fv-az14" name="ds.dataFrameSubset::arg::shutdown" skipped="0" tests="3" time="0.326" timestamp="2020-09-17T09:47:30Z">
    <testcase classname="ds.dataFrameSubset_arg_shutdown" name="shutdown" time="0.323999999999984"/>
    <testcase classname="ds.dataFrameSubset_arg_shutdown" name="shutdown" time="0.00100000000000477"/>
    <testcase classname="ds.dataFrameSubset_arg_shutdown" name="shutdown" time="0.00100000000000477"/>
  </testsuite>
  <testsuite errors="0" failures="0" hostname="fv-az14" name="ds.dataFrameSubset::arg::done" skipped="0" tests="0" time="0" timestamp="2020-09-17T09:47:31Z"/>
  <testsuite errors="0" failures="0" hostname="fv-az14" name="ds.dim::arg::test errors" skipped="0" tests="3" time="6.228" timestamp="2020-09-17T09:47:36Z">
    <testcase classname="ds.dim_arg_test_errors" name="dim_erros" time="4.91"/>
    <testcase classname="ds.dim_arg_test_errors" name="dim_erros" time="1.023"/>
    <testcase classname="ds.dim_arg_test_errors" name="dim_erros" time="0.295000000000016"/>
  </testsuite>
  <testsuite errors="0" failures="0" hostname="fv-az14" name="ds.exists::arg::test errors" skipped="0" tests="1" time="4.84" timestamp="2020-09-17T09:47:42Z">
    <testcase classname="ds.exists_arg_test_errors" name="simple_exists_errors" time="4.83999999999997"/>
  </testsuite>
  <testsuite errors="0" failures="0" hostname="fv-az14" name="ds.exp::arg::test errors" skipped="0" tests="1" time="4.943" timestamp="2020-09-17T09:47:47Z">
    <testcase classname="ds.exp_arg_test_errors" name="exp_erros" time="4.94300000000001"/>
  </testsuite>
  <testsuite errors="0" failures="0" hostname="fv-az14" name="ds.foobar::arg::setup" skipped="0" tests="3" time="5.12" timestamp="2020-09-17T09:47:47Z">
    <testcase classname="ds.foobar_arg_setup" name="setup" time="5.11699999999999"/>
    <testcase classname="ds.foobar_arg_setup" name="setup" time="0.00100000000000477"/>
    <testcase classname="ds.foobar_arg_setup" name="setup" time="0.00200000000000955"/>
  </testsuite>
  <testsuite errors="0" failures="0" hostname="fv-az14" name="ds.foobar::arg::aggregate" skipped="0" tests="2" time="0.01" timestamp="2020-09-17T09:47:52Z">
    <testcase classname="ds.foobar_arg_aggregate" name="NULL_connections" time="0.00899999999998613"/>
    <testcase classname="ds.foobar_arg_aggregate" name="NULL_connections" time="0.00100000000000477"/>
  </testsuite>
  <testsuite errors="0" failures="0" hostname="fv-az14" name="ds.foobar::arg::aggregate" skipped="0" tests="8" time="0.016" timestamp="2020-09-17T09:47:52Z">
    <testcase classname="ds.foobar_arg_aggregate" name="NULL_expr" time="0.00900000000001455"/>
    <testcase classname="ds.foobar_arg_aggregate" name="NULL_expr" time="0.000999999999976353"/>
    <testcase classname="ds.foobar_arg_aggregate" name="NULL_expr" time="0.00100000000000477"/>
    <testcase classname="ds.foobar_arg_aggregate" name="NULL_expr" time="0.00100000000000477"/>
    <testcase classname="ds.foobar_arg_aggregate" name="NULL_expr" time="0.00100000000000477"/>
    <testcase classname="ds.foobar_arg_aggregate" name="NULL_expr" time="0.00100000000000477"/>
    <testcase classname="ds.foobar_arg_aggregate" name="NULL_expr" time="0.00100000000000477"/>
    <testcase classname="ds.foobar_arg_aggregate" name="NULL_expr" time="0.000999999999976353"/>
  </testsuite>
  <testsuite errors="0" failures="0" hostname="fv-az14" name="ds.foobar::arg::aggregate" skipped="0" tests="8" time="0.229" timestamp="2020-09-17T09:47:52Z">
    <testcase classname="ds.foobar_arg_aggregate" name="non_existent_aggregate_foobarDS" time="0.221000000000004"/>
    <testcase classname="ds.foobar_arg_aggregate" name="non_existent_aggregate_foobarDS" time="0.00100000000000477"/>
    <testcase classname="ds.foobar_arg_aggregate" name="non_existent_aggregate_foobarDS" time="0.00100000000000477"/>
    <testcase classname="ds.foobar_arg_aggregate" name="non_existent_aggregate_foobarDS" time="0.00199999999998113"/>
    <testcase classname="ds.foobar_arg_aggregate" name="non_existent_aggregate_foobarDS" time="0.00100000000000477"/>
    <testcase classname="ds.foobar_arg_aggregate" name="non_existent_aggregate_foobarDS" time="0.00100000000000477"/>
    <testcase classname="ds.foobar_arg_aggregate" name="non_existent_aggregate_foobarDS" time="0.00100000000000477"/>
    <testcase classname="ds.foobar_arg_aggregate" name="non_existent_aggregate_foobarDS" time="0.00100000000000477"/>
  </testsuite>
  <testsuite errors="0" failures="0" hostname="fv-az14" name="ds.foobar::arg::assign" skipped="0" tests="2" time="0.012" timestamp="2020-09-17T09:47:52Z">
    <testcase classname="ds.foobar_arg_assign" name="NULL_connections" time="0.0109999999999957"/>
    <testcase classname="ds.foobar_arg_assign" name="NULL_connections" time="0.00100000000000477"/>
  </testsuite>
  <testsuite errors="0" failures="0" hostname="fv-az14" name="ds.foobar::arg::assign" skipped="0" tests="2" time="0.009" timestamp="2020-09-17T09:47:52Z">
    <testcase classname="ds.foobar_arg_assign" name="NULL_value" time="0.00799999999998136"/>
    <testcase classname="ds.foobar_arg_assign" name="NULL_value" time="0.00100000000000477"/>
  </testsuite>
  <testsuite errors="0" failures="0" hostname="fv-az14" name="ds.foobar::arg::assign" skipped="0" tests="8" time="0.239" timestamp="2020-09-17T09:47:52Z">
    <testcase classname="ds.foobar_arg_assign" name="non_existent_assign_foobarDS" time="0.230000000000018"/>
    <testcase classname="ds.foobar_arg_assign" name="non_existent_assign_foobarDS" time="0.000999999999976353"/>
    <testcase classname="ds.foobar_arg_assign" name="non_existent_assign_foobarDS" time="0.00100000000000477"/>
    <testcase classname="ds.foobar_arg_assign" name="non_existent_assign_foobarDS" time="0.00100000000000477"/>
    <testcase classname="ds.foobar_arg_assign" name="non_existent_assign_foobarDS" time="0.00200000000000955"/>
    <testcase classname="ds.foobar_arg_assign" name="non_existent_assign_foobarDS" time="0.00100000000000477"/>
    <testcase classname="ds.foobar_arg_assign" name="non_existent_assign_foobarDS" time="0.000999999999976353"/>
    <testcase classname="ds.foobar_arg_assign" name="non_existent_assign_foobarDS" time="0.00200000000000955"/>
  </testsuite>
  <testsuite errors="0" failures="0" hostname="fv-az14" name="ds.foobar::arg::shutdown" skipped="0" tests="3" time="0.277" timestamp="2020-09-17T09:47:52Z">
    <testcase classname="ds.foobar_arg_shutdown" name="shutdown" time="0.275000000000006"/>
    <testcase classname="ds.foobar_arg_shutdown" name="shutdown" time="0.00100000000000477"/>
    <testcase classname="ds.foobar_arg_shutdown" name="shutdown" time="0.00100000000000477"/>
  </testsuite>
  <testsuite errors="0" failures="0" hostname="fv-az14" name="ds.foobar::arg::done" skipped="0" tests="0" time="0" timestamp="2020-09-17T09:47:53Z"/>
  <testsuite errors="0" failures="0" hostname="fv-az14" name="ds.glmerSLMA::arg::setup" skipped="0" tests="3" time="5.084" timestamp="2020-09-17T09:47:53Z">
    <testcase classname="ds.glmerSLMA_arg_setup" name="setup" time="5.08199999999999"/>
    <testcase classname="ds.glmerSLMA_arg_setup" name="setup" time="0.00100000000000477"/>
    <testcase classname="ds.glmerSLMA_arg_setup" name="setup" time="0.00100000000000477"/>
  </testsuite>
  <testsuite errors="0" failures="0" hostname="fv-az14" name="ds.glmerSLMA::arg::testing" skipped="0" tests="18" time="4.407" timestamp="2020-09-17T09:47:58Z">
    <testcase classname="ds.glmerSLMA_arg_testing" name="simple_glmerSLMA_tesing_mis_use_of_arguments" time="0.0190000000000055"/>
    <testcase classname="ds.glmerSLMA_arg_testing" name="simple_glmerSLMA_tesing_mis_use_of_arguments" time="2.886"/>
    <testcase classname="ds.glmerSLMA_arg_testing" name="simple_glmerSLMA_tesing_mis_use_of_arguments" time="0.00200000000000955"/>
    <testcase classname="ds.glmerSLMA_arg_testing" name="simple_glmerSLMA_tesing_mis_use_of_arguments" time="0.00399999999999068"/>
    <testcase classname="ds.glmerSLMA_arg_testing" name="simple_glmerSLMA_tesing_mis_use_of_arguments" time="0.00100000000000477"/>
    <testcase classname="ds.glmerSLMA_arg_testing" name="simple_glmerSLMA_tesing_mis_use_of_arguments" time="0.00100000000000477"/>
    <testcase classname="ds.glmerSLMA_arg_testing" name="simple_glmerSLMA_tesing_mis_use_of_arguments" time="0.537000000000006"/>
    <testcase classname="ds.glmerSLMA_arg_testing" name="simple_glmerSLMA_tesing_mis_use_of_arguments" time="0.00100000000000477"/>
    <testcase classname="ds.glmerSLMA_arg_testing" name="simple_glmerSLMA_tesing_mis_use_of_arguments" time="0.000999999999976353"/>
    <testcase classname="ds.glmerSLMA_arg_testing" name="simple_glmerSLMA_tesing_mis_use_of_arguments" time="0.00100000000000477"/>
    <testcase classname="ds.glmerSLMA_arg_testing" name="simple_glmerSLMA_tesing_mis_use_of_arguments" time="0.00100000000000477"/>
    <testcase classname="ds.glmerSLMA_arg_testing" name="simple_glmerSLMA_tesing_mis_use_of_arguments" time="0.27000000000001"/>
    <testcase classname="ds.glmerSLMA_arg_testing" name="simple_glmerSLMA_tesing_mis_use_of_arguments" time="0.663999999999987"/>
    <testcase classname="ds.glmerSLMA_arg_testing" name="simple_glmerSLMA_tesing_mis_use_of_arguments" time="0.00100000000000477"/>
    <testcase classname="ds.glmerSLMA_arg_testing" name="simple_glmerSLMA_tesing_mis_use_of_arguments" time="0.00199999999998113"/>
    <testcase classname="ds.glmerSLMA_arg_testing" name="simple_glmerSLMA_tesing_mis_use_of_arguments" time="0.00100000000000477"/>
    <testcase classname="ds.glmerSLMA_arg_testing" name="simple_glmerSLMA_tesing_mis_use_of_arguments" time="0.00100000000000477"/>
    <testcase classname="ds.glmerSLMA_arg_testing" name="simple_glmerSLMA_tesing_mis_use_of_arguments" time="0.01400000000001"/>
  </testsuite>
  <testsuite errors="0" failures="0" hostname="fv-az14" name="ds.glmerSLMA::arg::shutdown" skipped="0" tests="3" time="0.283" timestamp="2020-09-17T09:48:02Z">
    <testcase classname="ds.glmerSLMA_arg_shutdown" name="setup" time="0.281000000000006"/>
    <testcase classname="ds.glmerSLMA_arg_shutdown" name="setup" time="0.000999999999976353"/>
    <testcase classname="ds.glmerSLMA_arg_shutdown" name="setup" time="0.00100000000000477"/>
  </testsuite>
  <testsuite errors="0" failures="0" hostname="fv-az14" name="ds.glmerSLMA::arg::done" skipped="0" tests="0" time="0" timestamp="2020-09-17T09:48:03Z"/>
  <testsuite errors="0" failures="0" hostname="fv-az14" name="ds.glm::arg::test errors" skipped="0" tests="2" time="5.294" timestamp="2020-09-17T09:48:07Z">
    <testcase classname="ds.glm_arg_test_errors" name="glm_erros" time="4.83199999999999"/>
    <testcase classname="ds.glm_arg_test_errors" name="glm_erros" time="0.462000000000018"/>
  </testsuite>
  <testsuite errors="0" failures="0" hostname="fv-az14" name="ds.glmSLMA::arg::test errors" skipped="0" tests="1" time="4.882" timestamp="2020-09-17T09:48:13Z">
    <testcase classname="ds.glmSLMA_arg_test_errors" name="glmSLMA_erros" time="4.88200000000001"/>
  </testsuite>
  <testsuite errors="0" failures="0" hostname="fv-az14" name="ds.isNA::smk::errors" skipped="0" tests="1" time="4.795" timestamp="2020-09-17T09:48:17Z">
    <testcase classname="ds.isNA_smk_errors" name="isNA_errors" time="4.79499999999999"/>
  </testsuite>
  <testsuite errors="0" failures="0" hostname="fv-az14" name="ds.isValid::smk::errors" skipped="0" tests="2" time="5.847" timestamp="2020-09-17T09:48:22Z">
    <testcase classname="ds.isValid_smk_errors" name="isValid_errors" time="4.85599999999999"/>
    <testcase classname="ds.isValid_smk_errors" name="isValid_errors" time="0.991000000000014"/>
  </testsuite>
  <testsuite errors="0" failures="0" hostname="fv-az14" name="ds.kurtosis::arg::setup" skipped="0" tests="3" time="5.149" timestamp="2020-09-17T09:48:24Z">
    <testcase classname="ds.kurtosis_arg_setup" name="setup" time="5.14699999999999"/>
    <testcase classname="ds.kurtosis_arg_setup" name="setup" time="0.00100000000000477"/>
    <testcase classname="ds.kurtosis_arg_setup" name="setup" time="0.00100000000000477"/>
  </testsuite>
  <testsuite errors="0" failures="0" hostname="fv-az14" name="ds.kurtosis::arg::test errors" skipped="0" tests="4" time="0.145" timestamp="2020-09-17T09:48:28Z">
    <testcase classname="ds.kurtosis_arg_test_errors" name="kurtosis_erros" time="0.00899999999998613"/>
    <testcase classname="ds.kurtosis_arg_test_errors" name="kurtosis_erros" time="0.122000000000014"/>
    <testcase classname="ds.kurtosis_arg_test_errors" name="kurtosis_erros" time="0.00799999999998136"/>
    <testcase classname="ds.kurtosis_arg_test_errors" name="kurtosis_erros" time="0.00600000000000023"/>
  </testsuite>
  <testsuite errors="0" failures="0" hostname="fv-az14" name="ds.kurtosis::arg::shutdown" skipped="0" tests="3" time="0.275" timestamp="2020-09-17T09:48:29Z">
    <testcase classname="ds.kurtosis_arg_shutdown" name="shutdown" time="0.27200000000002"/>
    <testcase classname="ds.kurtosis_arg_shutdown" name="shutdown" time="0.00100000000000477"/>
    <testcase classname="ds.kurtosis_arg_shutdown" name="shutdown" time="0.00199999999998113"/>
  </testsuite>
  <testsuite errors="0" failures="0" hostname="fv-az14" name="ds.kurtosis::arg::done" skipped="0" tests="0" time="0" timestamp="2020-09-17T09:48:29Z"/>
  <testsuite errors="0" failures="0" hostname="fv-az14" name="ds.length::arg::test errors" skipped="0" tests="5" time="7.717" timestamp="2020-09-17T09:48:34Z">
    <testcase classname="ds.length_arg_test_errors" name="length_erros" time="5.71299999999999"/>
    <testcase classname="ds.length_arg_test_errors" name="length_erros" time="0.0750000000000171"/>
    <testcase classname="ds.length_arg_test_errors" name="length_erros" time="0.0130000000000052"/>
    <testcase classname="ds.length_arg_test_errors" name="length_erros" time="0.963999999999999"/>
    <testcase classname="ds.length_arg_test_errors" name="length_erros" time="0.951999999999998"/>
  </testsuite>
  <testsuite errors="0" failures="0" hostname="fv-az14" name="ds.levels::arg" skipped="0" tests="2" time="5.317" timestamp="2020-09-17T09:48:42Z">
    <testcase classname="ds.levels_arg" name="simple_levels" time="5.01999999999998"/>
    <testcase classname="ds.levels_arg" name="simple_levels" time="0.297000000000025"/>
  </testsuite>
  <testsuite errors="0" failures="0" hostname="fv-az14" name="ds.lexis::arg::test errors" skipped="0" tests="1" time="4.806" timestamp="2020-09-17T09:48:47Z">
    <testcase classname="ds.lexis_arg_test_errors" name="lexis_erros" time="4.80599999999998"/>
  </testsuite>
  <testsuite errors="0" failures="0" hostname="fv-az14" name="ds.list::arg::test errors" skipped="0" tests="1" time="4.856" timestamp="2020-09-17T09:48:52Z">
    <testcase classname="ds.list_arg_test_errors" name="simple_ds.list_errors" time="4.85599999999999"/>
  </testsuite>
  <testsuite errors="0" failures="0" hostname="fv-az14" name="ds.lmerSLMA::arg::setup" skipped="0" tests="3" time="5.105" timestamp="2020-09-17T09:48:52Z">
    <testcase classname="ds.lmerSLMA_arg_setup" name="setup" time="5.10300000000001"/>
    <testcase classname="ds.lmerSLMA_arg_setup" name="setup" time="0.00100000000000477"/>
    <testcase classname="ds.lmerSLMA_arg_setup" name="setup" time="0.00100000000000477"/>
  </testsuite>
  <testsuite errors="0" failures="0" hostname="fv-az14" name="ds.lmerSLMA::arg" skipped="0" tests="17" time="4.221" timestamp="2020-09-17T09:48:57Z">
    <testcase classname="ds.lmerSLMA_arg" name="simple_lmerSLMA_tesing_mis_use_of_arguments" time="2.37"/>
    <testcase classname="ds.lmerSLMA_arg" name="simple_lmerSLMA_tesing_mis_use_of_arguments" time="0.000999999999976353"/>
    <testcase classname="ds.lmerSLMA_arg" name="simple_lmerSLMA_tesing_mis_use_of_arguments" time="0.00100000000000477"/>
    <testcase classname="ds.lmerSLMA_arg" name="simple_lmerSLMA_tesing_mis_use_of_arguments" time="0.00200000000000955"/>
    <testcase classname="ds.lmerSLMA_arg" name="simple_lmerSLMA_tesing_mis_use_of_arguments" time="0.00100000000000477"/>
    <testcase classname="ds.lmerSLMA_arg" name="simple_lmerSLMA_tesing_mis_use_of_arguments" time="0.786000000000001"/>
    <testcase classname="ds.lmerSLMA_arg" name="simple_lmerSLMA_tesing_mis_use_of_arguments" time="0.00199999999998113"/>
    <testcase classname="ds.lmerSLMA_arg" name="simple_lmerSLMA_tesing_mis_use_of_arguments" time="0.00100000000000477"/>
    <testcase classname="ds.lmerSLMA_arg" name="simple_lmerSLMA_tesing_mis_use_of_arguments" time="0.00100000000000477"/>
    <testcase classname="ds.lmerSLMA_arg" name="simple_lmerSLMA_tesing_mis_use_of_arguments" time="0.00200000000000955"/>
    <testcase classname="ds.lmerSLMA_arg" name="simple_lmerSLMA_tesing_mis_use_of_arguments" time="0.274000000000001"/>
    <testcase classname="ds.lmerSLMA_arg" name="simple_lmerSLMA_tesing_mis_use_of_arguments" time="0.768000000000001"/>
    <testcase classname="ds.lmerSLMA_arg" name="simple_lmerSLMA_tesing_mis_use_of_arguments" time="0.00199999999998113"/>
    <testcase classname="ds.lmerSLMA_arg" name="simple_lmerSLMA_tesing_mis_use_of_arguments" time="0.00100000000000477"/>
    <testcase classname="ds.lmerSLMA_arg" name="simple_lmerSLMA_tesing_mis_use_of_arguments" time="0.00100000000000477"/>
    <testcase classname="ds.lmerSLMA_arg" name="simple_lmerSLMA_tesing_mis_use_of_arguments" time="0.00200000000000955"/>
    <testcase classname="ds.lmerSLMA_arg" name="simple_lmerSLMA_tesing_mis_use_of_arguments" time="0.00600000000000023"/>
  </testsuite>
  <testsuite errors="0" failures="0" hostname="fv-az14" name="ds.lmerSLMA::arg::shutdown" skipped="0" tests="3" time="0.284" timestamp="2020-09-17T09:49:01Z">
    <testcase classname="ds.lmerSLMA_arg_shutdown" name="shutdown" time="0.281999999999982"/>
    <testcase classname="ds.lmerSLMA_arg_shutdown" name="shutdown" time="0.00100000000000477"/>
    <testcase classname="ds.lmerSLMA_arg_shutdown" name="shutdown" time="0.00100000000000477"/>
  </testsuite>
  <testsuite errors="0" failures="0" hostname="fv-az14" name="ds.lmerSLMA::arg::done" skipped="0" tests="0" time="0" timestamp="2020-09-17T09:49:02Z"/>
  <testsuite errors="0" failures="0" hostname="fv-az14" name="ds.log::arg::test errors" skipped="0" tests="1" time="4.828" timestamp="2020-09-17T09:49:06Z">
    <testcase classname="ds.log_arg_test_errors" name="log_erros" time="4.828"/>
  </testsuite>
  <testsuite errors="0" failures="0" hostname="fv-az14" name="ds.look::arg::test errors" skipped="0" tests="2" time="4.841" timestamp="2020-09-17T09:49:11Z">
    <testcase classname="ds.look_arg_test_errors" name="look_erros" time="4.83499999999998"/>
    <testcase classname="ds.look_arg_test_errors" name="look_erros" time="0.00600000000000023"/>
  </testsuite>
  <testsuite errors="0" failures="0" hostname="fv-az14" name="ds.ls::arg::setup" skipped="0" tests="3" time="5.14" timestamp="2020-09-17T09:49:11Z">
    <testcase classname="ds.ls_arg_setup" name="setup" time="5.13800000000001"/>
    <testcase classname="ds.ls_arg_setup" name="setup" time="0.00100000000000477"/>
    <testcase classname="ds.ls_arg_setup" name="setup" time="0.00100000000000477"/>
  </testsuite>
  <testsuite errors="0" failures="0" hostname="fv-az14" name="ds.ls::arg" skipped="0" tests="6" time="0.013" timestamp="2020-09-17T09:49:16Z">
    <testcase classname="ds.ls_arg" name="containing_escape_sequence" time="0.00600000000000023"/>
    <testcase classname="ds.ls_arg" name="containing_escape_sequence" time="0.00100000000000477"/>
    <testcase classname="ds.ls_arg" name="containing_escape_sequence" time="0.00199999999998113"/>
    <testcase classname="ds.ls_arg" name="containing_escape_sequence" time="0.00100000000000477"/>
    <testcase classname="ds.ls_arg" name="containing_escape_sequence" time="0.00200000000000955"/>
    <testcase classname="ds.ls_arg" name="containing_escape_sequence" time="0.00100000000000477"/>
  </testsuite>
  <testsuite errors="0" failures="0" hostname="fv-az14" name="ds.ls::arg::shutdown" skipped="0" tests="3" time="0.275" timestamp="2020-09-17T09:49:16Z">
    <testcase classname="ds.ls_arg_shutdown" name="shutdown" time="0.271999999999991"/>
    <testcase classname="ds.ls_arg_shutdown" name="shutdown" time="0.00200000000000955"/>
    <testcase classname="ds.ls_arg_shutdown" name="shutdown" time="0.00100000000000477"/>
  </testsuite>
  <testsuite errors="0" failures="0" hostname="fv-az14" name="ds.ls::arg::done" skipped="0" tests="0" time="0" timestamp="2020-09-17T09:49:17Z"/>
  <testsuite errors="0" failures="0" hostname="fv-az14" name="ds.make::arg::test errors" skipped="0" tests="1" time="4.834" timestamp="2020-09-17T09:49:21Z">
    <testcase classname="ds.make_arg_test_errors" name="make_erros" time="4.83399999999997"/>
  </testsuite>
  <testsuite errors="0" failures="0" hostname="fv-az14" name="ds.matrixDet::arg::test errors" skipped="0" tests="1" time="4.841" timestamp="2020-09-17T09:49:26Z">
    <testcase classname="ds.matrixDet_arg_test_errors" name="matrixDet_erros" time="4.84100000000001"/>
  </testsuite>
  <testsuite errors="0" failures="0" hostname="fv-az14" name="ds.matrixDet.report::arg::test errors" skipped="0" tests="1" time="4.864" timestamp="2020-09-17T09:49:31Z">
    <testcase classname="ds.matrixDet.report_arg_test_errors" name="ds.matixDet.report_erros" time="4.864"/>
  </testsuite>
  <testsuite errors="0" failures="0" hostname="fv-az14" name="ds.matrixDiag::arg::test errors" skipped="0" tests="2" time="4.846" timestamp="2020-09-17T09:49:36Z">
    <testcase classname="ds.matrixDiag_arg_test_errors" name="matrixDiag_erros" time="4.84400000000002"/>
    <testcase classname="ds.matrixDiag_arg_test_errors" name="matrixDiag_erros" time="0.00199999999995271"/>
  </testsuite>
  <testsuite errors="0" failures="0" hostname="fv-az14" name="ds.matrixDimnames::arg::test errors" skipped="0" tests="1" time="4.964" timestamp="2020-09-17T09:49:41Z">
    <testcase classname="ds.matrixDimnames_arg_test_errors" name="matrixDimnames_erros" time="4.964"/>
  </testsuite>
  <testsuite errors="0" failures="0" hostname="fv-az14" name="ds.matrixInvert::arg::test errors" skipped="0" tests="1" time="4.833" timestamp="2020-09-17T09:49:45Z">
    <testcase classname="ds.matrixInvert_arg_test_errors" name="matrixInvert_erros" time="4.83300000000003"/>
  </testsuite>
  <testsuite errors="0" failures="0" hostname="fv-az14" name="ds.matrixMult::arg::test errors" skipped="0" tests="1" time="4.826" timestamp="2020-09-17T09:49:50Z">
    <testcase classname="ds.matrixMult_arg_test_errors" name="matrixMult_erros" time="4.82600000000002"/>
  </testsuite>
  <testsuite errors="0" failures="0" hostname="fv-az14" name="ds.matrix::arg::test errors" skipped="0" tests="1" time="4.843" timestamp="2020-09-17T09:49:55Z">
    <testcase classname="ds.matrix_arg_test_errors" name="matrix_erros" time="4.84299999999996"/>
  </testsuite>
  <testsuite errors="0" failures="0" hostname="fv-az14" name="ds.matrixTranspose::arg::test errors" skipped="0" tests="1" time="4.858" timestamp="2020-09-17T09:50:00Z">
    <testcase classname="ds.matrixTranspose_arg_test_errors" name="matrixTranspose_erros" time="4.858"/>
  </testsuite>
  <testsuite errors="0" failures="0" hostname="fv-az14" name="ds.meanByClass::arg::test errors" skipped="0" tests="8" time="10.897" timestamp="2020-09-17T09:50:05Z">
    <testcase classname="ds.meanByClass_arg_test_errors" name="meanByClass_erros" time="7.71199999999999"/>
    <testcase classname="ds.meanByClass_arg_test_errors" name="meanByClass_erros" time="0.0050000000000523"/>
    <testcase classname="ds.meanByClass_arg_test_errors" name="meanByClass_erros" time="0.000999999999976353"/>
    <testcase classname="ds.meanByClass_arg_test_errors" name="meanByClass_erros" time="1.23199999999997"/>
    <testcase classname="ds.meanByClass_arg_test_errors" name="meanByClass_erros" time="0.0010000000000332"/>
    <testcase classname="ds.meanByClass_arg_test_errors" name="meanByClass_erros" time="1.93799999999999"/>
    <testcase classname="ds.meanByClass_arg_test_errors" name="meanByClass_erros" time="0.00200000000000955"/>
    <testcase classname="ds.meanByClass_arg_test_errors" name="meanByClass_erros" time="0.00599999999997181"/>
  </testsuite>
  <testsuite errors="0" failures="0" hostname="fv-az14" name="ds.mean::arg::test errors" skipped="0" tests="3" time="6.752" timestamp="2020-09-17T09:50:16Z">
    <testcase classname="ds.mean_arg_test_errors" name="mean_erros" time="5.67900000000003"/>
    <testcase classname="ds.mean_arg_test_errors" name="mean_erros" time="0.110000000000014"/>
    <testcase classname="ds.mean_arg_test_errors" name="mean_erros" time="0.962999999999965"/>
  </testsuite>
  <testsuite errors="0" failures="0" hostname="fv-az14" name="ds.meanSdGp::arg::test errors" skipped="0" tests="1" time="4.875" timestamp="2020-09-17T09:50:23Z">
    <testcase classname="ds.meanSdGp_arg_test_errors" name="meanSdGp_erros" time="4.875"/>
  </testsuite>
  <testsuite errors="0" failures="0" hostname="fv-az14" name="ds.merge::arg::test errors" skipped="0" tests="5" time="4.97" timestamp="2020-09-17T09:50:27Z">
    <testcase classname="ds.merge_arg_test_errors" name="merge_erros" time="4.88900000000001"/>
    <testcase classname="ds.merge_arg_test_errors" name="merge_erros" time="0.0609999999999786"/>
    <testcase classname="ds.merge_arg_test_errors" name="merge_erros" time="0.007000000000005"/>
    <testcase classname="ds.merge_arg_test_errors" name="merge_erros" time="0.00600000000002865"/>
    <testcase classname="ds.merge_arg_test_errors" name="merge_erros" time="0.007000000000005"/>
  </testsuite>
  <testsuite errors="0" failures="0" hostname="fv-az14" name="ds.message::arg" skipped="0" tests="2" time="4.917" timestamp="2020-09-17T09:50:32Z">
    <testcase classname="ds.message_arg" name="request_message_for_NULL" time="4.91199999999998"/>
    <testcase classname="ds.message_arg" name="request_message_for_NULL" time="0.00499999999999545"/>
  </testsuite>
  <testsuite errors="0" failures="0" hostname="fv-az14" name="ds.names::arg::test errors" skipped="0" tests="7" time="5.123" timestamp="2020-09-17T09:50:37Z">
    <testcase classname="ds.names_arg_test_errors" name="simple_ds.names_errors" time="4.84100000000001"/>
    <testcase classname="ds.names_arg_test_errors" name="simple_ds.names_errors" time="0.27600000000001"/>
    <testcase classname="ds.names_arg_test_errors" name="simple_ds.names_errors" time="0.000999999999976353"/>
    <testcase classname="ds.names_arg_test_errors" name="simple_ds.names_errors" time="0.00200000000000955"/>
    <testcase classname="ds.names_arg_test_errors" name="simple_ds.names_errors" time="0.0010000000000332"/>
    <testcase classname="ds.names_arg_test_errors" name="simple_ds.names_errors" time="0.000999999999976353"/>
    <testcase classname="ds.names_arg_test_errors" name="simple_ds.names_errors" time="0.000999999999976353"/>
  </testsuite>
  <testsuite errors="0" failures="0" hostname="fv-az14" name="ds.numNA::arg::test errors" skipped="0" tests="1" time="4.88" timestamp="2020-09-17T09:50:42Z">
    <testcase classname="ds.numNA_arg_test_errors" name="simple_ds.numNA_errors" time="4.88"/>
  </testsuite>
  <testsuite errors="0" failures="0" hostname="fv-az14" name="ds.quantileMean::arg::test errors" skipped="0" tests="3" time="8.619" timestamp="2020-09-17T09:50:47Z">
    <testcase classname="ds.quantileMean_arg_test_errors" name="quantileMean_erros" time="5.70800000000003"/>
    <testcase classname="ds.quantileMean_arg_test_errors" name="quantileMean_erros" time="1.875"/>
    <testcase classname="ds.quantileMean_arg_test_errors" name="quantileMean_erros" time="1.036"/>
  </testsuite>
  <testsuite errors="0" failures="0" hostname="fv-az14" name="ds.rbind::arg::test errors" skipped="0" tests="1" time="4.875" timestamp="2020-09-17T09:50:56Z">
    <testcase classname="ds.rbind_arg_test_errors" name="rbind_erros" time="4.875"/>
  </testsuite>
  <testsuite errors="0" failures="0" hostname="fv-az14" name="ds.rBinom::arg::test errors" skipped="0" tests="2" time="4.902" timestamp="2020-09-17T09:51:01Z">
    <testcase classname="ds.rBinom_arg_test_errors" name="rBinom_erros" time="4.90100000000001"/>
    <testcase classname="ds.rBinom_arg_test_errors" name="rBinom_erros" time="0.000999999999976353"/>
  </testsuite>
  <testsuite errors="0" failures="0" hostname="fv-az14" name="ds.recodeLevels::arg::test errors" skipped="0" tests="8" time="7.13" timestamp="2020-09-17T09:51:06Z">
    <testcase classname="ds.recodeLevels_arg_test_errors" name="recodeLevels_erros" time="4.87200000000001"/>
    <testcase classname="ds.recodeLevels_arg_test_errors" name="recodeLevels_erros" time="0.00599999999997181"/>
    <testcase classname="ds.recodeLevels_arg_test_errors" name="recodeLevels_erros" time="0.0410000000000537"/>
    <testcase classname="ds.recodeLevels_arg_test_errors" name="recodeLevels_erros" time="0.00599999999997181"/>
    <testcase classname="ds.recodeLevels_arg_test_errors" name="recodeLevels_erros" time="0.00200000000000955"/>
    <testcase classname="ds.recodeLevels_arg_test_errors" name="recodeLevels_erros" time="0.96999999999997"/>
    <testcase classname="ds.recodeLevels_arg_test_errors" name="recodeLevels_erros" time="0.00200000000000955"/>
    <testcase classname="ds.recodeLevels_arg_test_errors" name="recodeLevels_erros" time="1.23099999999999"/>
  </testsuite>
  <testsuite errors="0" failures="0" hostname="fv-az14" name="ds.recodeValues::arg::test errors" skipped="0" tests="6" time="5.057" timestamp="2020-09-17T09:51:13Z">
    <testcase classname="ds.recodeValues_arg_test_errors" name="recodeValues_erros" time="4.93299999999999"/>
    <testcase classname="ds.recodeValues_arg_test_errors" name="recodeValues_erros" time="0.0980000000000132"/>
    <testcase classname="ds.recodeValues_arg_test_errors" name="recodeValues_erros" time="0.007000000000005"/>
    <testcase classname="ds.recodeValues_arg_test_errors" name="recodeValues_erros" time="0.00599999999997181"/>
    <testcase classname="ds.recodeValues_arg_test_errors" name="recodeValues_erros" time="0.007000000000005"/>
    <testcase classname="ds.recodeValues_arg_test_errors" name="recodeValues_erros" time="0.00599999999997181"/>
  </testsuite>
  <testsuite errors="0" failures="0" hostname="fv-az14" name="ds.replaceNA::arg::test errors" skipped="0" tests="2" time="4.954" timestamp="2020-09-17T09:51:18Z">
    <testcase classname="ds.replaceNA_arg_test_errors" name="simple_ds.replaceNA_errors" time="4.89700000000005"/>
    <testcase classname="ds.replaceNA_arg_test_errors" name="simple_ds.replaceNA_errors" time="0.0569999999999595"/>
  </testsuite>
  <testsuite errors="0" failures="0" hostname="fv-az14" name="ds.rep::arg::setup" skipped="0" tests="0" time="0" timestamp="2020-09-17T09:51:19Z"/>
  <testsuite errors="0" failures="0" hostname="fv-az14" name="ds.rep::arg::test errors" skipped="0" tests="1" time="4.885" timestamp="2020-09-17T09:51:23Z">
    <testcase classname="ds.rep_arg_test_errors" name="ds.rep_erros" time="4.88499999999999"/>
  </testsuite>
  <testsuite errors="0" failures="0" hostname="fv-az14" name="ds.rep::arg::shutdown" skipped="0" tests="0" time="0" timestamp="2020-09-17T09:51:23Z"/>
  <testsuite errors="0" failures="0" hostname="fv-az14" name="ds.rep::arg::done" skipped="0" tests="0" time="0" timestamp="2020-09-17T09:51:23Z"/>
  <testsuite errors="0" failures="0" hostname="fv-az14" name="ds.reShape::arg::test errors" skipped="0" tests="4" time="4.983" timestamp="2020-09-17T09:51:28Z">
    <testcase classname="ds.reShape_arg_test_errors" name="reShape_erros" time="4.89400000000001"/>
    <testcase classname="ds.reShape_arg_test_errors" name="reShape_erros" time="0.0730000000000359"/>
    <testcase classname="ds.reShape_arg_test_errors" name="reShape_erros" time="0.00799999999998136"/>
    <testcase classname="ds.reShape_arg_test_errors" name="reShape_erros" time="0.00799999999998136"/>
  </testsuite>
  <testsuite errors="0" failures="0" hostname="fv-az14" name="ds.rm::arg::test errors" skipped="0" tests="1" time="4.868" timestamp="2020-09-17T09:51:33Z">
    <testcase classname="ds.rm_arg_test_errors" name="ds.rm_erros" time="4.86799999999999"/>
  </testsuite>
  <testsuite errors="0" failures="0" hostname="fv-az14" name="ds.rNorm::arg::test errors" skipped="0" tests="2" time="4.871" timestamp="2020-09-17T09:51:38Z">
    <testcase classname="ds.rNorm_arg_test_errors" name="rNorm_erros" time="4.87"/>
    <testcase classname="ds.rNorm_arg_test_errors" name="rNorm_erros" time="0.0010000000000332"/>
  </testsuite>
  <testsuite errors="0" failures="0" hostname="fv-az14" name="ds.rowColCalc::arg::test errors" skipped="0" tests="3" time="12.714" timestamp="2020-09-17T09:51:42Z">
    <testcase classname="ds.rowColCalc_arg_test_errors" name="rowColCalc_errors" time="4.92099999999999"/>
    <testcase classname="ds.rowColCalc_arg_test_errors" name="rowColCalc_errors" time="3.88999999999999"/>
    <testcase classname="ds.rowColCalc_arg_test_errors" name="rowColCalc_errors" time="3.90300000000002"/>
  </testsuite>
  <testsuite errors="0" failures="0" hostname="fv-az14" name="ds.rPois::arg::test errors" skipped="0" tests="2" time="4.937" timestamp="2020-09-17T09:51:55Z">
    <testcase classname="ds.rPois_arg_test_errors" name="rPois_erros" time="4.935"/>
    <testcase classname="ds.rPois_arg_test_errors" name="rPois_erros" time="0.00200000000000955"/>
  </testsuite>
  <testsuite errors="0" failures="0" hostname="fv-az14" name="ds.rUnif::arg::test errors" skipped="0" tests="2" time="4.92" timestamp="2020-09-17T09:52:00Z">
    <testcase classname="ds.rUnif_arg_test_errors" name="rUnif_erros" time="4.91800000000001"/>
    <testcase classname="ds.rUnif_arg_test_errors" name="rUnif_erros" time="0.00199999999995271"/>
  </testsuite>
  <testsuite errors="0" failures="0" hostname="fv-az14" name="ds.sample::arg::setup" skipped="0" tests="0" time="0" timestamp="2020-09-17T09:52:01Z"/>
  <testsuite errors="0" failures="0" hostname="fv-az14" name="ds.sample::arg::test errors" skipped="0" tests="3" time="5.009" timestamp="2020-09-17T09:52:05Z">
    <testcase classname="ds.sample_arg_test_errors" name="cov_erros" time="4.91900000000004"/>
    <testcase classname="ds.sample_arg_test_errors" name="cov_erros" time="0.0889999999999986"/>
    <testcase classname="ds.sample_arg_test_errors" name="cov_erros" time="0.000999999999976353"/>
  </testsuite>
  <testsuite errors="0" failures="0" hostname="fv-az14" name="ds.sample::arg::shutdown" skipped="0" tests="0" time="0" timestamp="2020-09-17T09:52:05Z"/>
  <testsuite errors="0" failures="0" hostname="fv-az14" name="ds.sample::arg::done" skipped="0" tests="0" time="0" timestamp="2020-09-17T09:52:06Z"/>
  <testsuite errors="0" failures="0" hostname="fv-az14" name="ds.seq::arg::test errors" skipped="0" tests="1" time="4.891" timestamp="2020-09-17T09:52:10Z">
    <testcase classname="ds.seq_arg_test_errors" name="seq_erros" time="4.89100000000002"/>
  </testsuite>
  <testsuite errors="0" failures="0" hostname="fv-az14" name="ds.setSeed::arg::test errors" skipped="0" tests="1" time="4.897" timestamp="2020-09-17T09:52:15Z">
    <testcase classname="ds.setSeed_arg_test_errors" name="setSeed_erros" time="4.89699999999999"/>
  </testsuite>
  <testsuite errors="0" failures="0" hostname="fv-az14" name="ds.skewness::arg::setup" skipped="0" tests="3" time="5.159" timestamp="2020-09-17T09:52:16Z">
    <testcase classname="ds.skewness_arg_setup" name="setup" time="5.15699999999998"/>
    <testcase classname="ds.skewness_arg_setup" name="setup" time="0.0010000000000332"/>
    <testcase classname="ds.skewness_arg_setup" name="setup" time="0.000999999999976353"/>
  </testsuite>
  <testsuite errors="0" failures="0" hostname="fv-az14" name="ds.skewness::arg::test errors" skipped="0" tests="4" time="0.131" timestamp="2020-09-17T09:52:20Z">
    <testcase classname="ds.skewness_arg_test_errors" name="skewness_erros" time="0.00999999999999091"/>
    <testcase classname="ds.skewness_arg_test_errors" name="skewness_erros" time="0.107000000000028"/>
    <testcase classname="ds.skewness_arg_test_errors" name="skewness_erros" time="0.007000000000005"/>
    <testcase classname="ds.skewness_arg_test_errors" name="skewness_erros" time="0.007000000000005"/>
  </testsuite>
  <testsuite errors="0" failures="0" hostname="fv-az14" name="ds.skewness::arg::shutdown" skipped="0" tests="3" time="0.281" timestamp="2020-09-17T09:52:20Z">
    <testcase classname="ds.skewness_arg_shutdown" name="shutdown" time="0.277999999999963"/>
    <testcase classname="ds.skewness_arg_shutdown" name="shutdown" time="0.00200000000000955"/>
    <testcase classname="ds.skewness_arg_shutdown" name="shutdown" time="0.000999999999976353"/>
  </testsuite>
  <testsuite errors="0" failures="0" hostname="fv-az14" name="ds.skewness::arg::done" skipped="0" tests="0" time="0" timestamp="2020-09-17T09:52:21Z"/>
  <testsuite errors="0" failures="0" hostname="fv-az14" name="ds.subsetByClass::arg::test errors" skipped="0" tests="4" time="5.944" timestamp="2020-09-17T09:52:25Z">
    <testcase classname="ds.subsetByClass_arg_test_errors" name="subsetByClass_erros" time="4.92600000000004"/>
    <testcase classname="ds.subsetByClass_arg_test_errors" name="subsetByClass_erros" time="0.00599999999997181"/>
    <testcase classname="ds.subsetByClass_arg_test_errors" name="subsetByClass_erros" time="0.0459999999999923"/>
    <testcase classname="ds.subsetByClass_arg_test_errors" name="subsetByClass_erros" time="0.966000000000008"/>
  </testsuite>
  <testsuite errors="0" failures="0" hostname="fv-az14" name="ds.subset::arg::test errors" skipped="0" tests="2" time="5" timestamp="2020-09-17T09:52:31Z">
    <testcase classname="ds.subset_arg_test_errors" name="subset_erros" time="4.99400000000003"/>
    <testcase classname="ds.subset_arg_test_errors" name="subset_erros" time="0.00599999999997181"/>
  </testsuite>
  <testsuite errors="0" failures="0" hostname="fv-az14" name="ds.summary::arg::test errors" skipped="0" tests="1" time="4.992" timestamp="2020-09-17T09:52:36Z">
    <testcase classname="ds.summary_arg_test_errors" name="summary_erros" time="4.99200000000002"/>
  </testsuite>
  <testsuite errors="0" failures="0" hostname="fv-az14" name="ds.table1D::arg::test errors" skipped="0" tests="4" time="6.451" timestamp="2020-09-17T09:52:41Z">
    <testcase classname="ds.table1D_arg_test_errors" name="table1D_erros" time="5.04399999999998"/>
    <testcase classname="ds.table1D_arg_test_errors" name="table1D_erros" time="0.0130000000000337"/>
    <testcase classname="ds.table1D_arg_test_errors" name="table1D_erros" time="0.0999999999999659"/>
    <testcase classname="ds.table1D_arg_test_errors" name="table1D_erros" time="1.29399999999998"/>
  </testsuite>
  <testsuite errors="0" failures="0" hostname="fv-az14" name="ds.table2D::arg::test errors" skipped="0" tests="2" time="4.994" timestamp="2020-09-17T09:52:48Z">
    <testcase classname="ds.table2D_arg_test_errors" name="table2D_erros" time="4.988"/>
    <testcase classname="ds.table2D_arg_test_errors" name="table2D_erros" time="0.00600000000002865"/>
  </testsuite>
  <testsuite errors="0" failures="0" hostname="fv-az14" name="ds.table::arg::test rvar has value" skipped="0" tests="1" time="4.891" timestamp="2020-09-17T09:52:53Z">
    <testcase classname="ds.table_arg_test_rvar_has_value" name="table_rvar_has_value" time="4.89100000000002"/>
  </testsuite>
  <testsuite errors="0" failures="0" hostname="fv-az14" name="ds.table::arg::test cvar has value" skipped="0" tests="1" time="1.244" timestamp="2020-09-17T09:52:53Z">
    <testcase classname="ds.table_arg_test_cvar_has_value" name="table_cvar_has_value" time="1.24399999999997"/>
  </testsuite>
  <testsuite errors="0" failures="0" hostname="fv-az14" name="ds.table::arg::test stvar has value" skipped="0" tests="1" time="0.005" timestamp="2020-09-17T09:52:54Z">
    <testcase classname="ds.table_arg_test_stvar_has_value" name="table_stvar_has_value" time="0.00499999999999545"/>
  </testsuite>
  <testsuite errors="0" failures="0" hostname="fv-az14" name="ds.table::arg::test stvar has CORRECT value" skipped="0" tests="1" time="0.005" timestamp="2020-09-17T09:52:54Z">
    <testcase classname="ds.table_arg_test_stvar_has_CORRECT_value" name="table_useNA_has_value" time="0.00499999999999545"/>
  </testsuite>
  <testsuite errors="0" failures="0" hostname="fv-az14" name="ds.table::arg::test force.nfilter has value" skipped="0" tests="1" time="0.005" timestamp="2020-09-17T09:52:54Z">
    <testcase classname="ds.table_arg_test_force.nfilter_has_value" name="table_force.nfilter_has_value" time="0.00499999999999545"/>
  </testsuite>
  <testsuite errors="0" failures="0" hostname="fv-az14" name="ds.tapply.assign::arg::test errors" skipped="0" tests="8" time="4.988" timestamp="2020-09-17T09:52:59Z">
    <testcase classname="ds.tapply.assign_arg_test_errors" name="tapply_erros" time="4.923"/>
    <testcase classname="ds.tapply.assign_arg_test_errors" name="tapply_erros" time="0.00200000000000955"/>
    <testcase classname="ds.tapply.assign_arg_test_errors" name="tapply_erros" time="0.0559999999999832"/>
    <testcase classname="ds.tapply.assign_arg_test_errors" name="tapply_erros" time="0.00200000000000955"/>
    <testcase classname="ds.tapply.assign_arg_test_errors" name="tapply_erros" time="0.0010000000000332"/>
    <testcase classname="ds.tapply.assign_arg_test_errors" name="tapply_erros" time="0.000999999999976353"/>
    <testcase classname="ds.tapply.assign_arg_test_errors" name="tapply_erros" time="0.00200000000000955"/>
    <testcase classname="ds.tapply.assign_arg_test_errors" name="tapply_erros" time="0.000999999999976353"/>
  </testsuite>
  <testsuite errors="0" failures="0" hostname="fv-az14" name="ds.tapply::arg::test errors" skipped="0" tests="8" time="4.902" timestamp="2020-09-17T09:53:04Z">
    <testcase classname="ds.tapply_arg_test_errors" name="tapply_erros" time="4.875"/>
    <testcase classname="ds.tapply_arg_test_errors" name="tapply_erros" time="0.0010000000000332"/>
    <testcase classname="ds.tapply_arg_test_errors" name="tapply_erros" time="0.0190000000000055"/>
    <testcase classname="ds.tapply_arg_test_errors" name="tapply_erros" time="0.00200000000000955"/>
    <testcase classname="ds.tapply_arg_test_errors" name="tapply_erros" time="0.000999999999976353"/>
    <testcase classname="ds.tapply_arg_test_errors" name="tapply_erros" time="0.000999999999976353"/>
    <testcase classname="ds.tapply_arg_test_errors" name="tapply_erros" time="0.0010000000000332"/>
    <testcase classname="ds.tapply_arg_test_errors" name="tapply_erros" time="0.00200000000000955"/>
  </testsuite>
  <testsuite errors="0" failures="0" hostname="fv-az14" name="ds.testObjExists::arg::test errors" skipped="0" tests="1" time="4.838" timestamp="2020-09-17T09:53:09Z">
    <testcase classname="ds.testObjExists_arg_test_errors" name="testObjExists_erros" time="4.83799999999997"/>
  </testsuite>
  <testsuite errors="0" failures="0" hostname="fv-az14" name="ds.unList::arg::test errors" skipped="0" tests="1" time="4.844" timestamp="2020-09-17T09:53:14Z">
    <testcase classname="ds.unList_arg_test_errors" name="unList_erros" time="4.84399999999999"/>
  </testsuite>
  <testsuite errors="0" failures="0" hostname="fv-az14" name="ds.var::arg::test errors" skipped="0" tests="2" time="6.72" timestamp="2020-09-17T09:53:18Z">
    <testcase classname="ds.var_arg_test_errors" name="var_erros" time="5.64600000000002"/>
    <testcase classname="ds.var_arg_test_errors" name="var_erros" time="1.07400000000001"/>
  </testsuite>
  <testsuite errors="0" failures="0" hostname="fv-az14" name="ds.vectorCalc::arg::test errors" skipped="0" tests="2" time="4.878" timestamp="2020-09-17T09:53:25Z">
    <testcase classname="ds.vectorCalc_arg_test_errors" name="ds.vectorCalc_erros" time="4.87299999999999"/>
    <testcase classname="ds.vectorCalc_arg_test_errors" name="ds.vectorCalc_erros" time="0.00499999999999545"/>
  </testsuite>
  <testsuite errors="0" failures="0" hostname="fv-az14" name="ANTHRO::datachk::setup" skipped="0" tests="3" time="5.17" timestamp="2020-09-17T09:53:26Z">
    <testcase classname="ANTHRO_datachk_setup" name="setup" time="5.16700000000003"/>
    <testcase classname="ANTHRO_datachk_setup" name="setup" time="0.00199999999995271"/>
    <testcase classname="ANTHRO_datachk_setup" name="setup" time="0.0010000000000332"/>
  </testsuite>
  <testsuite errors="0" failures="0" hostname="fv-az14" name="ANTHRO::datachk" skipped="0" tests="102" time="6.59" timestamp="2020-09-17T09:53:30Z">
    <testcase classname="ANTHRO_datachk" name="Check_ANTHRO_dataset" time="0.548999999999978"/>
    <testcase classname="ANTHRO_datachk" name="Check_ANTHRO_dataset" time="0.0010000000000332"/>
    <testcase classname="ANTHRO_datachk" name="Check_ANTHRO_dataset" time="0.000999999999976353"/>
    <testcase classname="ANTHRO_datachk" name="Check_ANTHRO_dataset" time="0.000999999999976353"/>
    <testcase classname="ANTHRO_datachk" name="Check_ANTHRO_dataset" time="0.00200000000000955"/>
    <testcase classname="ANTHRO_datachk" name="Check_ANTHRO_dataset" time="0.0010000000000332"/>
    <testcase classname="ANTHRO_datachk" name="Check_ANTHRO_dataset" time="0.000999999999976353"/>
    <testcase classname="ANTHRO_datachk" name="Check_ANTHRO_dataset" time="0.275000000000034"/>
    <testcase classname="ANTHRO_datachk" name="Check_ANTHRO_dataset" time="0.0029999999999859"/>
    <testcase classname="ANTHRO_datachk" name="Check_ANTHRO_dataset" time="0.0029999999999859"/>
    <testcase classname="ANTHRO_datachk" name="Check_ANTHRO_dataset" time="0.00200000000000955"/>
    <testcase classname="ANTHRO_datachk" name="Check_ANTHRO_dataset" time="0.00200000000000955"/>
    <testcase classname="ANTHRO_datachk" name="Check_ANTHRO_dataset" time="0.000999999999976353"/>
    <testcase classname="ANTHRO_datachk" name="Check_ANTHRO_dataset" time="0.00200000000000955"/>
    <testcase classname="ANTHRO_datachk" name="Check_ANTHRO_dataset" time="0.00200000000000955"/>
    <testcase classname="ANTHRO_datachk" name="Check_ANTHRO_dataset" time="1.25099999999998"/>
    <testcase classname="ANTHRO_datachk" name="Check_ANTHRO_dataset" time="0.0010000000000332"/>
    <testcase classname="ANTHRO_datachk" name="Check_ANTHRO_dataset" time="0.00199999999995271"/>
    <testcase classname="ANTHRO_datachk" name="Check_ANTHRO_dataset" time="0.0010000000000332"/>
    <testcase classname="ANTHRO_datachk" name="Check_ANTHRO_dataset" time="0.00200000000000955"/>
    <testcase classname="ANTHRO_datachk" name="Check_ANTHRO_dataset" time="0.000999999999976353"/>
    <testcase classname="ANTHRO_datachk" name="Check_ANTHRO_dataset" time="0.00200000000000955"/>
    <testcase classname="ANTHRO_datachk" name="Check_ANTHRO_dataset" time="0.529999999999973"/>
    <testcase classname="ANTHRO_datachk" name="Check_ANTHRO_dataset" time="0.00200000000000955"/>
    <testcase classname="ANTHRO_datachk" name="Check_ANTHRO_dataset" time="0.0010000000000332"/>
    <testcase classname="ANTHRO_datachk" name="Check_ANTHRO_dataset" time="0.00199999999995271"/>
    <testcase classname="ANTHRO_datachk" name="Check_ANTHRO_dataset" time="0.0010000000000332"/>
    <testcase classname="ANTHRO_datachk" name="Check_ANTHRO_dataset" time="0.00200000000000955"/>
    <testcase classname="ANTHRO_datachk" name="Check_ANTHRO_dataset" time="0.000999999999976353"/>
    <testcase classname="ANTHRO_datachk" name="Check_ANTHRO_dataset" time="0.271000000000015"/>
    <testcase classname="ANTHRO_datachk" name="Check_ANTHRO_dataset" time="0.00200000000000955"/>
    <testcase classname="ANTHRO_datachk" name="Check_ANTHRO_dataset" time="0.00200000000000955"/>
    <testcase classname="ANTHRO_datachk" name="Check_ANTHRO_dataset" time="0.000999999999976353"/>
    <testcase classname="ANTHRO_datachk" name="Check_ANTHRO_dataset" time="0.0040000000000191"/>
    <testcase classname="ANTHRO_datachk" name="Check_ANTHRO_dataset" time="0.000999999999976353"/>
    <testcase classname="ANTHRO_datachk" name="Check_ANTHRO_dataset" time="0.00200000000000955"/>
    <testcase classname="ANTHRO_datachk" name="Check_ANTHRO_dataset" time="0.00200000000000955"/>
    <testcase classname="ANTHRO_datachk" name="Check_ANTHRO_dataset" time="0.00200000000000955"/>
    <testcase classname="ANTHRO_datachk" name="Check_ANTHRO_dataset" time="0.59699999999998"/>
    <testcase classname="ANTHRO_datachk" name="Check_ANTHRO_dataset" time="0.00200000000000955"/>
    <testcase classname="ANTHRO_datachk" name="Check_ANTHRO_dataset" time="0.000999999999976353"/>
    <testcase classname="ANTHRO_datachk" name="Check_ANTHRO_dataset" time="0.00200000000000955"/>
    <testcase classname="ANTHRO_datachk" name="Check_ANTHRO_dataset" time="0.00200000000000955"/>
    <testcase classname="ANTHRO_datachk" name="Check_ANTHRO_dataset" time="0.00200000000000955"/>
    <testcase classname="ANTHRO_datachk" name="Check_ANTHRO_dataset" time="0.000999999999976353"/>
    <testcase classname="ANTHRO_datachk" name="Check_ANTHRO_dataset" time="0.268000000000029"/>
    <testcase classname="ANTHRO_datachk" name="Check_ANTHRO_dataset" time="0.0029999999999859"/>
    <testcase classname="ANTHRO_datachk" name="Check_ANTHRO_dataset" time="0.0029999999999859"/>
    <testcase classname="ANTHRO_datachk" name="Check_ANTHRO_dataset" time="0.000999999999976353"/>
    <testcase classname="ANTHRO_datachk" name="Check_ANTHRO_dataset" time="0.00200000000000955"/>
    <testcase classname="ANTHRO_datachk" name="Check_ANTHRO_dataset" time="0.00200000000000955"/>
    <testcase classname="ANTHRO_datachk" name="Check_ANTHRO_dataset" time="0.0029999999999859"/>
    <testcase classname="ANTHRO_datachk" name="Check_ANTHRO_dataset" time="0.00200000000000955"/>
    <testcase classname="ANTHRO_datachk" name="Check_ANTHRO_dataset" time="0.00200000000000955"/>
    <testcase classname="ANTHRO_datachk" name="Check_ANTHRO_dataset" time="0.77600000000001"/>
    <testcase classname="ANTHRO_datachk" name="Check_ANTHRO_dataset" time="0.00200000000000955"/>
    <testcase classname="ANTHRO_datachk" name="Check_ANTHRO_dataset" time="0.00200000000000955"/>
    <testcase classname="ANTHRO_datachk" name="Check_ANTHRO_dataset" time="0.0029999999999859"/>
    <testcase classname="ANTHRO_datachk" name="Check_ANTHRO_dataset" time="0.00200000000000955"/>
    <testcase classname="ANTHRO_datachk" name="Check_ANTHRO_dataset" time="0.0029999999999859"/>
    <testcase classname="ANTHRO_datachk" name="Check_ANTHRO_dataset" time="0.00200000000000955"/>
    <testcase classname="ANTHRO_datachk" name="Check_ANTHRO_dataset" time="0.266999999999996"/>
    <testcase classname="ANTHRO_datachk" name="Check_ANTHRO_dataset" time="0.00200000000000955"/>
    <testcase classname="ANTHRO_datachk" name="Check_ANTHRO_dataset" time="0.00199999999995271"/>
    <testcase classname="ANTHRO_datachk" name="Check_ANTHRO_dataset" time="0.00200000000000955"/>
    <testcase classname="ANTHRO_datachk" name="Check_ANTHRO_dataset" time="0.00200000000000955"/>
    <testcase classname="ANTHRO_datachk" name="Check_ANTHRO_dataset" time="0.00200000000000955"/>
    <testcase classname="ANTHRO_datachk" name="Check_ANTHRO_dataset" time="0.00200000000000955"/>
    <testcase classname="ANTHRO_datachk" name="Check_ANTHRO_dataset" time="0.0029999999999859"/>
    <testcase classname="ANTHRO_datachk" name="Check_ANTHRO_dataset" time="0.00200000000000955"/>
    <testcase classname="ANTHRO_datachk" name="Check_ANTHRO_dataset" time="0.538999999999987"/>
    <testcase classname="ANTHRO_datachk" name="Check_ANTHRO_dataset" time="0.00200000000000955"/>
    <testcase classname="ANTHRO_datachk" name="Check_ANTHRO_dataset" time="0.00200000000000955"/>
    <testcase classname="ANTHRO_datachk" name="Check_ANTHRO_dataset" time="0.00200000000000955"/>
    <testcase classname="ANTHRO_datachk" name="Check_ANTHRO_dataset" time="0.00199999999995271"/>
    <testcase classname="ANTHRO_datachk" name="Check_ANTHRO_dataset" time="0.00200000000000955"/>
    <testcase classname="ANTHRO_datachk" name="Check_ANTHRO_dataset" time="0.0029999999999859"/>
    <testcase classname="ANTHRO_datachk" name="Check_ANTHRO_dataset" time="0.265000000000043"/>
    <testcase classname="ANTHRO_datachk" name="Check_ANTHRO_dataset" time="0.0029999999999859"/>
    <testcase classname="ANTHRO_datachk" name="Check_ANTHRO_dataset" time="0.00200000000000955"/>
    <testcase classname="ANTHRO_datachk" name="Check_ANTHRO_dataset" time="0.00200000000000955"/>
    <testcase classname="ANTHRO_datachk" name="Check_ANTHRO_dataset" time="0.0029999999999859"/>
    <testcase classname="ANTHRO_datachk" name="Check_ANTHRO_dataset" time="0.00200000000000955"/>
    <testcase classname="ANTHRO_datachk" name="Check_ANTHRO_dataset" time="0.0029999999999859"/>
    <testcase classname="ANTHRO_datachk" name="Check_ANTHRO_dataset" time="0.00200000000000955"/>
    <testcase classname="ANTHRO_datachk" name="Check_ANTHRO_dataset" time="0.0029999999999859"/>
    <testcase classname="ANTHRO_datachk" name="Check_ANTHRO_dataset" time="0.533000000000015"/>
    <testcase classname="ANTHRO_datachk" name="Check_ANTHRO_dataset" time="0.0029999999999859"/>
    <testcase classname="ANTHRO_datachk" name="Check_ANTHRO_dataset" time="0.00200000000000955"/>
    <testcase classname="ANTHRO_datachk" name="Check_ANTHRO_dataset" time="0.00200000000000955"/>
    <testcase classname="ANTHRO_datachk" name="Check_ANTHRO_dataset" time="0.0029999999999859"/>
    <testcase classname="ANTHRO_datachk" name="Check_ANTHRO_dataset" time="0.00999999999999091"/>
    <testcase classname="ANTHRO_datachk" name="Check_ANTHRO_dataset" time="0.0029999999999859"/>
    <testcase classname="ANTHRO_datachk" name="Check_ANTHRO_dataset" time="0.274000000000001"/>
    <testcase classname="ANTHRO_datachk" name="Check_ANTHRO_dataset" time="0.00300000000004275"/>
    <testcase classname="ANTHRO_datachk" name="Check_ANTHRO_dataset" time="0.0029999999999859"/>
    <testcase classname="ANTHRO_datachk" name="Check_ANTHRO_dataset" time="0.0029999999999859"/>
    <testcase classname="ANTHRO_datachk" name="Check_ANTHRO_dataset" time="0.0029999999999859"/>
    <testcase classname="ANTHRO_datachk" name="Check_ANTHRO_dataset" time="0.00300000000004275"/>
    <testcase classname="ANTHRO_datachk" name="Check_ANTHRO_dataset" time="0.0029999999999859"/>
    <testcase classname="ANTHRO_datachk" name="Check_ANTHRO_dataset" time="0.0029999999999859"/>
    <testcase classname="ANTHRO_datachk" name="Check_ANTHRO_dataset" time="0.0029999999999859"/>
  </testsuite>
  <testsuite errors="0" failures="0" hostname="fv-az14" name="ANTHRO::datachk::shutdown" skipped="0" tests="3" time="0.284" timestamp="2020-09-17T09:53:37Z">
    <testcase classname="ANTHRO_datachk_shutdown" name="shutdown" time="0.281000000000006"/>
    <testcase classname="ANTHRO_datachk_shutdown" name="shutdown" time="0.00200000000000955"/>
    <testcase classname="ANTHRO_datachk_shutdown" name="shutdown" time="0.000999999999976353"/>
  </testsuite>
  <testsuite errors="0" failures="0" hostname="fv-az14" name="ANTHRO::datachk::done" skipped="0" tests="0" time="0" timestamp="2020-09-17T09:53:38Z"/>
  <testsuite errors="0" failures="0" hostname="fv-az14" name="CLUSTER_INT::datachk::setup" skipped="0" tests="3" time="5.186" timestamp="2020-09-17T09:53:38Z">
    <testcase classname="CLUSTER_INT_datachk_setup" name="setup" time="5.18300000000005"/>
    <testcase classname="CLUSTER_INT_datachk_setup" name="setup" time="0.00199999999995271"/>
    <testcase classname="CLUSTER_INT_datachk_setup" name="setup" time="0.0010000000000332"/>
  </testsuite>
  <testsuite errors="0" failures="0" hostname="fv-az14" name="CLUSTER_INT::datachk" skipped="0" tests="230" time="13.251" timestamp="2020-09-17T09:53:42Z">
    <testcase classname="CLUSTER_INT_datachk" name="Check_CLUSTER_INT_dataset" time="0.58499999999998"/>
    <testcase classname="CLUSTER_INT_datachk" name="Check_CLUSTER_INT_dataset" time="0.00200000000000955"/>
    <testcase classname="CLUSTER_INT_datachk" name="Check_CLUSTER_INT_dataset" time="0.000999999999976353"/>
    <testcase classname="CLUSTER_INT_datachk" name="Check_CLUSTER_INT_dataset" time="0.0010000000000332"/>
    <testcase classname="CLUSTER_INT_datachk" name="Check_CLUSTER_INT_dataset" time="0.00200000000000955"/>
    <testcase classname="CLUSTER_INT_datachk" name="Check_CLUSTER_INT_dataset" time="0.000999999999976353"/>
    <testcase classname="CLUSTER_INT_datachk" name="Check_CLUSTER_INT_dataset" time="0.00200000000000955"/>
    <testcase classname="CLUSTER_INT_datachk" name="Check_CLUSTER_INT_dataset" time="0.272999999999968"/>
    <testcase classname="CLUSTER_INT_datachk" name="Check_CLUSTER_INT_dataset" time="0.0010000000000332"/>
    <testcase classname="CLUSTER_INT_datachk" name="Check_CLUSTER_INT_dataset" time="0.00200000000000955"/>
    <testcase classname="CLUSTER_INT_datachk" name="Check_CLUSTER_INT_dataset" time="0.000999999999976353"/>
    <testcase classname="CLUSTER_INT_datachk" name="Check_CLUSTER_INT_dataset" time="0.00200000000000955"/>
    <testcase classname="CLUSTER_INT_datachk" name="Check_CLUSTER_INT_dataset" time="0.000999999999976353"/>
    <testcase classname="CLUSTER_INT_datachk" name="Check_CLUSTER_INT_dataset" time="0.00200000000000955"/>
    <testcase classname="CLUSTER_INT_datachk" name="Check_CLUSTER_INT_dataset" time="0.0010000000000332"/>
    <testcase classname="CLUSTER_INT_datachk" name="Check_CLUSTER_INT_dataset" time="1.23099999999999"/>
    <testcase classname="CLUSTER_INT_datachk" name="Check_CLUSTER_INT_dataset" time="0.00200000000000955"/>
    <testcase classname="CLUSTER_INT_datachk" name="Check_CLUSTER_INT_dataset" time="0.00199999999995271"/>
    <testcase classname="CLUSTER_INT_datachk" name="Check_CLUSTER_INT_dataset" time="0.0010000000000332"/>
    <testcase classname="CLUSTER_INT_datachk" name="Check_CLUSTER_INT_dataset" time="0.00200000000000955"/>
    <testcase classname="CLUSTER_INT_datachk" name="Check_CLUSTER_INT_dataset" time="0.00199999999995271"/>
    <testcase classname="CLUSTER_INT_datachk" name="Check_CLUSTER_INT_dataset" time="0.0010000000000332"/>
    <testcase classname="CLUSTER_INT_datachk" name="Check_CLUSTER_INT_dataset" time="0.548000000000002"/>
    <testcase classname="CLUSTER_INT_datachk" name="Check_CLUSTER_INT_dataset" time="0.00200000000000955"/>
    <testcase classname="CLUSTER_INT_datachk" name="Check_CLUSTER_INT_dataset" time="0.000999999999976353"/>
    <testcase classname="CLUSTER_INT_datachk" name="Check_CLUSTER_INT_dataset" time="0.00200000000000955"/>
    <testcase classname="CLUSTER_INT_datachk" name="Check_CLUSTER_INT_dataset" time="0.000999999999976353"/>
    <testcase classname="CLUSTER_INT_datachk" name="Check_CLUSTER_INT_dataset" time="0.0010000000000332"/>
    <testcase classname="CLUSTER_INT_datachk" name="Check_CLUSTER_INT_dataset" time="0.00200000000000955"/>
    <testcase classname="CLUSTER_INT_datachk" name="Check_CLUSTER_INT_dataset" time="0.265999999999963"/>
    <testcase classname="CLUSTER_INT_datachk" name="Check_CLUSTER_INT_dataset" time="0.00200000000000955"/>
    <testcase classname="CLUSTER_INT_datachk" name="Check_CLUSTER_INT_dataset" time="0.00200000000000955"/>
    <testcase classname="CLUSTER_INT_datachk" name="Check_CLUSTER_INT_dataset" time="0.000999999999976353"/>
    <testcase classname="CLUSTER_INT_datachk" name="Check_CLUSTER_INT_dataset" time="0.00200000000000955"/>
    <testcase classname="CLUSTER_INT_datachk" name="Check_CLUSTER_INT_dataset" time="0.00200000000000955"/>
    <testcase classname="CLUSTER_INT_datachk" name="Check_CLUSTER_INT_dataset" time="0.000999999999976353"/>
    <testcase classname="CLUSTER_INT_datachk" name="Check_CLUSTER_INT_dataset" time="0.00200000000000955"/>
    <testcase classname="CLUSTER_INT_datachk" name="Check_CLUSTER_INT_dataset" time="0.0010000000000332"/>
    <testcase classname="CLUSTER_INT_datachk" name="Check_CLUSTER_INT_dataset" time="0.538999999999987"/>
    <testcase classname="CLUSTER_INT_datachk" name="Check_CLUSTER_INT_dataset" time="0.00200000000000955"/>
    <testcase classname="CLUSTER_INT_datachk" name="Check_CLUSTER_INT_dataset" time="0.000999999999976353"/>
    <testcase classname="CLUSTER_INT_datachk" name="Check_CLUSTER_INT_dataset" time="0.00200000000000955"/>
    <testcase classname="CLUSTER_INT_datachk" name="Check_CLUSTER_INT_dataset" time="0.00200000000000955"/>
    <testcase classname="CLUSTER_INT_datachk" name="Check_CLUSTER_INT_dataset" time="0.00200000000000955"/>
    <testcase classname="CLUSTER_INT_datachk" name="Check_CLUSTER_INT_dataset" time="0.000999999999976353"/>
    <testcase classname="CLUSTER_INT_datachk" name="Check_CLUSTER_INT_dataset" time="0.274000000000001"/>
    <testcase classname="CLUSTER_INT_datachk" name="Check_CLUSTER_INT_dataset" time="0.00200000000000955"/>
    <testcase classname="CLUSTER_INT_datachk" name="Check_CLUSTER_INT_dataset" time="0.00200000000000955"/>
    <testcase classname="CLUSTER_INT_datachk" name="Check_CLUSTER_INT_dataset" time="0.00200000000000955"/>
    <testcase classname="CLUSTER_INT_datachk" name="Check_CLUSTER_INT_dataset" time="0.00199999999995271"/>
    <testcase classname="CLUSTER_INT_datachk" name="Check_CLUSTER_INT_dataset" time="0.00200000000000955"/>
    <testcase classname="CLUSTER_INT_datachk" name="Check_CLUSTER_INT_dataset" time="0.00200000000000955"/>
    <testcase classname="CLUSTER_INT_datachk" name="Check_CLUSTER_INT_dataset" time="0.00200000000000955"/>
    <testcase classname="CLUSTER_INT_datachk" name="Check_CLUSTER_INT_dataset" time="0.00200000000000955"/>
    <testcase classname="CLUSTER_INT_datachk" name="Check_CLUSTER_INT_dataset" time="0.543000000000006"/>
    <testcase classname="CLUSTER_INT_datachk" name="Check_CLUSTER_INT_dataset" time="0.00199999999995271"/>
    <testcase classname="CLUSTER_INT_datachk" name="Check_CLUSTER_INT_dataset" time="0.00200000000000955"/>
    <testcase classname="CLUSTER_INT_datachk" name="Check_CLUSTER_INT_dataset" time="0.0110000000000241"/>
    <testcase classname="CLUSTER_INT_datachk" name="Check_CLUSTER_INT_dataset" time="0.00200000000000955"/>
    <testcase classname="CLUSTER_INT_datachk" name="Check_CLUSTER_INT_dataset" time="0.00199999999995271"/>
    <testcase classname="CLUSTER_INT_datachk" name="Check_CLUSTER_INT_dataset" time="0.00200000000000955"/>
    <testcase classname="CLUSTER_INT_datachk" name="Check_CLUSTER_INT_dataset" time="0.271999999999991"/>
    <testcase classname="CLUSTER_INT_datachk" name="Check_CLUSTER_INT_dataset" time="0.00300000000004275"/>
    <testcase classname="CLUSTER_INT_datachk" name="Check_CLUSTER_INT_dataset" time="0.00200000000000955"/>
    <testcase classname="CLUSTER_INT_datachk" name="Check_CLUSTER_INT_dataset" time="0.00199999999995271"/>
    <testcase classname="CLUSTER_INT_datachk" name="Check_CLUSTER_INT_dataset" time="0.00200000000000955"/>
    <testcase classname="CLUSTER_INT_datachk" name="Check_CLUSTER_INT_dataset" time="0.00200000000000955"/>
    <testcase classname="CLUSTER_INT_datachk" name="Check_CLUSTER_INT_dataset" time="0.00200000000000955"/>
    <testcase classname="CLUSTER_INT_datachk" name="Check_CLUSTER_INT_dataset" time="0.0029999999999859"/>
    <testcase classname="CLUSTER_INT_datachk" name="Check_CLUSTER_INT_dataset" time="0.00200000000000955"/>
    <testcase classname="CLUSTER_INT_datachk" name="Check_CLUSTER_INT_dataset" time="0.533999999999992"/>
    <testcase classname="CLUSTER_INT_datachk" name="Check_CLUSTER_INT_dataset" time="0.00200000000000955"/>
    <testcase classname="CLUSTER_INT_datachk" name="Check_CLUSTER_INT_dataset" time="0.00200000000000955"/>
    <testcase classname="CLUSTER_INT_datachk" name="Check_CLUSTER_INT_dataset" time="0.00200000000000955"/>
    <testcase classname="CLUSTER_INT_datachk" name="Check_CLUSTER_INT_dataset" time="0.00199999999995271"/>
    <testcase classname="CLUSTER_INT_datachk" name="Check_CLUSTER_INT_dataset" time="0.00200000000000955"/>
    <testcase classname="CLUSTER_INT_datachk" name="Check_CLUSTER_INT_dataset" time="0.0029999999999859"/>
    <testcase classname="CLUSTER_INT_datachk" name="Check_CLUSTER_INT_dataset" time="0.267000000000053"/>
    <testcase classname="CLUSTER_INT_datachk" name="Check_CLUSTER_INT_dataset" time="0.00199999999995271"/>
    <testcase classname="CLUSTER_INT_datachk" name="Check_CLUSTER_INT_dataset" time="0.00200000000000955"/>
    <testcase classname="CLUSTER_INT_datachk" name="Check_CLUSTER_INT_dataset" time="0.0029999999999859"/>
    <testcase classname="CLUSTER_INT_datachk" name="Check_CLUSTER_INT_dataset" time="0.00200000000000955"/>
    <testcase classname="CLUSTER_INT_datachk" name="Check_CLUSTER_INT_dataset" time="0.00200000000000955"/>
    <testcase classname="CLUSTER_INT_datachk" name="Check_CLUSTER_INT_dataset" time="0.00199999999995271"/>
    <testcase classname="CLUSTER_INT_datachk" name="Check_CLUSTER_INT_dataset" time="0.00300000000004275"/>
    <testcase classname="CLUSTER_INT_datachk" name="Check_CLUSTER_INT_dataset" time="0.00199999999995271"/>
    <testcase classname="CLUSTER_INT_datachk" name="Check_CLUSTER_INT_dataset" time="0.54000000000002"/>
    <testcase classname="CLUSTER_INT_datachk" name="Check_CLUSTER_INT_dataset" time="0.0029999999999859"/>
    <testcase classname="CLUSTER_INT_datachk" name="Check_CLUSTER_INT_dataset" time="0.00200000000000955"/>
    <testcase classname="CLUSTER_INT_datachk" name="Check_CLUSTER_INT_dataset" time="0.0029999999999859"/>
    <testcase classname="CLUSTER_INT_datachk" name="Check_CLUSTER_INT_dataset" time="0.00200000000000955"/>
    <testcase classname="CLUSTER_INT_datachk" name="Check_CLUSTER_INT_dataset" time="0.00300000000004275"/>
    <testcase classname="CLUSTER_INT_datachk" name="Check_CLUSTER_INT_dataset" time="0.00199999999995271"/>
    <testcase classname="CLUSTER_INT_datachk" name="Check_CLUSTER_INT_dataset" time="0.289000000000044"/>
    <testcase classname="CLUSTER_INT_datachk" name="Check_CLUSTER_INT_dataset" time="0.00499999999999545"/>
    <testcase classname="CLUSTER_INT_datachk" name="Check_CLUSTER_INT_dataset" time="0.0029999999999859"/>
    <testcase classname="CLUSTER_INT_datachk" name="Check_CLUSTER_INT_dataset" time="0.00200000000000955"/>
    <testcase classname="CLUSTER_INT_datachk" name="Check_CLUSTER_INT_dataset" time="0.0029999999999859"/>
    <testcase classname="CLUSTER_INT_datachk" name="Check_CLUSTER_INT_dataset" time="0.0029999999999859"/>
    <testcase classname="CLUSTER_INT_datachk" name="Check_CLUSTER_INT_dataset" time="0.0029999999999859"/>
    <testcase classname="CLUSTER_INT_datachk" name="Check_CLUSTER_INT_dataset" time="0.00300000000004275"/>
    <testcase classname="CLUSTER_INT_datachk" name="Check_CLUSTER_INT_dataset" time="0.0029999999999859"/>
    <testcase classname="CLUSTER_INT_datachk" name="Check_CLUSTER_INT_dataset" time="0.533999999999992"/>
    <testcase classname="CLUSTER_INT_datachk" name="Check_CLUSTER_INT_dataset" time="0.00200000000000955"/>
    <testcase classname="CLUSTER_INT_datachk" name="Check_CLUSTER_INT_dataset" time="0.0029999999999859"/>
    <testcase classname="CLUSTER_INT_datachk" name="Check_CLUSTER_INT_dataset" time="0.0029999999999859"/>
    <testcase classname="CLUSTER_INT_datachk" name="Check_CLUSTER_INT_dataset" time="0.00200000000000955"/>
    <testcase classname="CLUSTER_INT_datachk" name="Check_CLUSTER_INT_dataset" time="0.00300000000004275"/>
    <testcase classname="CLUSTER_INT_datachk" name="Check_CLUSTER_INT_dataset" time="0.00199999999995271"/>
    <testcase classname="CLUSTER_INT_datachk" name="Check_CLUSTER_INT_dataset" time="0.266999999999996"/>
    <testcase classname="CLUSTER_INT_datachk" name="Check_CLUSTER_INT_dataset" time="0.00200000000000955"/>
    <testcase classname="CLUSTER_INT_datachk" name="Check_CLUSTER_INT_dataset" time="0.0029999999999859"/>
    <testcase classname="CLUSTER_INT_datachk" name="Check_CLUSTER_INT_dataset" time="0.0029999999999859"/>
    <testcase classname="CLUSTER_INT_datachk" name="Check_CLUSTER_INT_dataset" time="0.00200000000000955"/>
    <testcase classname="CLUSTER_INT_datachk" name="Check_CLUSTER_INT_dataset" time="0.0029999999999859"/>
    <testcase classname="CLUSTER_INT_datachk" name="Check_CLUSTER_INT_dataset" time="0.0029999999999859"/>
    <testcase classname="CLUSTER_INT_datachk" name="Check_CLUSTER_INT_dataset" time="0.00200000000000955"/>
    <testcase classname="CLUSTER_INT_datachk" name="Check_CLUSTER_INT_dataset" time="0.00300000000004275"/>
    <testcase classname="CLUSTER_INT_datachk" name="Check_CLUSTER_INT_dataset" time="0.531999999999925"/>
    <testcase classname="CLUSTER_INT_datachk" name="Check_CLUSTER_INT_dataset" time="0.00199999999995271"/>
    <testcase classname="CLUSTER_INT_datachk" name="Check_CLUSTER_INT_dataset" time="0.00300000000004275"/>
    <testcase classname="CLUSTER_INT_datachk" name="Check_CLUSTER_INT_dataset" time="0.00299999999992906"/>
    <testcase classname="CLUSTER_INT_datachk" name="Check_CLUSTER_INT_dataset" time="0.00300000000004275"/>
    <testcase classname="CLUSTER_INT_datachk" name="Check_CLUSTER_INT_dataset" time="0.0040000000000191"/>
    <testcase classname="CLUSTER_INT_datachk" name="Check_CLUSTER_INT_dataset" time="0.00299999999992906"/>
    <testcase classname="CLUSTER_INT_datachk" name="Check_CLUSTER_INT_dataset" time="0.280000000000086"/>
    <testcase classname="CLUSTER_INT_datachk" name="Check_CLUSTER_INT_dataset" time="0.00299999999992906"/>
    <testcase classname="CLUSTER_INT_datachk" name="Check_CLUSTER_INT_dataset" time="0.00300000000004275"/>
    <testcase classname="CLUSTER_INT_datachk" name="Check_CLUSTER_INT_dataset" time="0.00300000000004275"/>
    <testcase classname="CLUSTER_INT_datachk" name="Check_CLUSTER_INT_dataset" time="0.00299999999992906"/>
    <testcase classname="CLUSTER_INT_datachk" name="Check_CLUSTER_INT_dataset" time="0.00300000000004275"/>
    <testcase classname="CLUSTER_INT_datachk" name="Check_CLUSTER_INT_dataset" time="0.00299999999992906"/>
    <testcase classname="CLUSTER_INT_datachk" name="Check_CLUSTER_INT_dataset" time="0.00200000000006639"/>
    <testcase classname="CLUSTER_INT_datachk" name="Check_CLUSTER_INT_dataset" time="0.00299999999992906"/>
    <testcase classname="CLUSTER_INT_datachk" name="Check_CLUSTER_INT_dataset" time="0.54200000000003"/>
    <testcase classname="CLUSTER_INT_datachk" name="Check_CLUSTER_INT_dataset" time="0.00300000000004275"/>
    <testcase classname="CLUSTER_INT_datachk" name="Check_CLUSTER_INT_dataset" time="0.00299999999992906"/>
    <testcase classname="CLUSTER_INT_datachk" name="Check_CLUSTER_INT_dataset" time="0.00300000000004275"/>
    <testcase classname="CLUSTER_INT_datachk" name="Check_CLUSTER_INT_dataset" time="0.00300000000004275"/>
    <testcase classname="CLUSTER_INT_datachk" name="Check_CLUSTER_INT_dataset" time="0.00299999999992906"/>
    <testcase classname="CLUSTER_INT_datachk" name="Check_CLUSTER_INT_dataset" time="0.00300000000004275"/>
    <testcase classname="CLUSTER_INT_datachk" name="Check_CLUSTER_INT_dataset" time="0.283000000000015"/>
    <testcase classname="CLUSTER_INT_datachk" name="Check_CLUSTER_INT_dataset" time="0.00299999999992906"/>
    <testcase classname="CLUSTER_INT_datachk" name="Check_CLUSTER_INT_dataset" time="0.0040000000000191"/>
    <testcase classname="CLUSTER_INT_datachk" name="Check_CLUSTER_INT_dataset" time="0.00300000000004275"/>
    <testcase classname="CLUSTER_INT_datachk" name="Check_CLUSTER_INT_dataset" time="0.0040000000000191"/>
    <testcase classname="CLUSTER_INT_datachk" name="Check_CLUSTER_INT_dataset" time="0.00299999999992906"/>
    <testcase classname="CLUSTER_INT_datachk" name="Check_CLUSTER_INT_dataset" time="0.0040000000000191"/>
    <testcase classname="CLUSTER_INT_datachk" name="Check_CLUSTER_INT_dataset" time="0.00300000000004275"/>
    <testcase classname="CLUSTER_INT_datachk" name="Check_CLUSTER_INT_dataset" time="0.0040000000000191"/>
    <testcase classname="CLUSTER_INT_datachk" name="Check_CLUSTER_INT_dataset" time="0.532999999999902"/>
    <testcase classname="CLUSTER_INT_datachk" name="Check_CLUSTER_INT_dataset" time="0.00300000000004275"/>
    <testcase classname="CLUSTER_INT_datachk" name="Check_CLUSTER_INT_dataset" time="0.0040000000000191"/>
    <testcase classname="CLUSTER_INT_datachk" name="Check_CLUSTER_INT_dataset" time="0.00300000000004275"/>
    <testcase classname="CLUSTER_INT_datachk" name="Check_CLUSTER_INT_dataset" time="0.00299999999992906"/>
    <testcase classname="CLUSTER_INT_datachk" name="Check_CLUSTER_INT_dataset" time="0.00300000000004275"/>
    <testcase classname="CLUSTER_INT_datachk" name="Check_CLUSTER_INT_dataset" time="0.00300000000004275"/>
    <testcase classname="CLUSTER_INT_datachk" name="Check_CLUSTER_INT_dataset" time="0.270999999999958"/>
    <testcase classname="CLUSTER_INT_datachk" name="Check_CLUSTER_INT_dataset" time="0.0040000000000191"/>
    <testcase classname="CLUSTER_INT_datachk" name="Check_CLUSTER_INT_dataset" time="0.00299999999992906"/>
    <testcase classname="CLUSTER_INT_datachk" name="Check_CLUSTER_INT_dataset" time="0.0040000000000191"/>
    <testcase classname="CLUSTER_INT_datachk" name="Check_CLUSTER_INT_dataset" time="0.0040000000000191"/>
    <testcase classname="CLUSTER_INT_datachk" name="Check_CLUSTER_INT_dataset" time="0.00300000000004275"/>
    <testcase classname="CLUSTER_INT_datachk" name="Check_CLUSTER_INT_dataset" time="0.00299999999992906"/>
    <testcase classname="CLUSTER_INT_datachk" name="Check_CLUSTER_INT_dataset" time="0.0040000000000191"/>
    <testcase classname="CLUSTER_INT_datachk" name="Check_CLUSTER_INT_dataset" time="0.0040000000000191"/>
    <testcase classname="CLUSTER_INT_datachk" name="Check_CLUSTER_INT_dataset" time="0.541000000000054"/>
    <testcase classname="CLUSTER_INT_datachk" name="Check_CLUSTER_INT_dataset" time="0.00399999999990541"/>
    <testcase classname="CLUSTER_INT_datachk" name="Check_CLUSTER_INT_dataset" time="0.0040000000000191"/>
    <testcase classname="CLUSTER_INT_datachk" name="Check_CLUSTER_INT_dataset" time="0.00499999999999545"/>
    <testcase classname="CLUSTER_INT_datachk" name="Check_CLUSTER_INT_dataset" time="0.00999999999999091"/>
    <testcase classname="CLUSTER_INT_datachk" name="Check_CLUSTER_INT_dataset" time="0.0040000000000191"/>
    <testcase classname="CLUSTER_INT_datachk" name="Check_CLUSTER_INT_dataset" time="0.00300000000004275"/>
    <testcase classname="CLUSTER_INT_datachk" name="Check_CLUSTER_INT_dataset" time="0.269000000000005"/>
    <testcase classname="CLUSTER_INT_datachk" name="Check_CLUSTER_INT_dataset" time="0.00499999999999545"/>
    <testcase classname="CLUSTER_INT_datachk" name="Check_CLUSTER_INT_dataset" time="0.0040000000000191"/>
    <testcase classname="CLUSTER_INT_datachk" name="Check_CLUSTER_INT_dataset" time="0.00299999999992906"/>
    <testcase classname="CLUSTER_INT_datachk" name="Check_CLUSTER_INT_dataset" time="0.0040000000000191"/>
    <testcase classname="CLUSTER_INT_datachk" name="Check_CLUSTER_INT_dataset" time="0.0040000000000191"/>
    <testcase classname="CLUSTER_INT_datachk" name="Check_CLUSTER_INT_dataset" time="0.00300000000004275"/>
    <testcase classname="CLUSTER_INT_datachk" name="Check_CLUSTER_INT_dataset" time="0.00399999999990541"/>
    <testcase classname="CLUSTER_INT_datachk" name="Check_CLUSTER_INT_dataset" time="0.00300000000004275"/>
    <testcase classname="CLUSTER_INT_datachk" name="Check_CLUSTER_INT_dataset" time="0.535999999999945"/>
    <testcase classname="CLUSTER_INT_datachk" name="Check_CLUSTER_INT_dataset" time="0.0100000000001046"/>
    <testcase classname="CLUSTER_INT_datachk" name="Check_CLUSTER_INT_dataset" time="0.00399999999990541"/>
    <testcase classname="CLUSTER_INT_datachk" name="Check_CLUSTER_INT_dataset" time="0.0040000000000191"/>
    <testcase classname="CLUSTER_INT_datachk" name="Check_CLUSTER_INT_dataset" time="0.0040000000000191"/>
    <testcase classname="CLUSTER_INT_datachk" name="Check_CLUSTER_INT_dataset" time="0.00300000000004275"/>
    <testcase classname="CLUSTER_INT_datachk" name="Check_CLUSTER_INT_dataset" time="0.00299999999992906"/>
    <testcase classname="CLUSTER_INT_datachk" name="Check_CLUSTER_INT_dataset" time="0.271000000000072"/>
    <testcase classname="CLUSTER_INT_datachk" name="Check_CLUSTER_INT_dataset" time="0.00499999999999545"/>
    <testcase classname="CLUSTER_INT_datachk" name="Check_CLUSTER_INT_dataset" time="0.00299999999992906"/>
    <testcase classname="CLUSTER_INT_datachk" name="Check_CLUSTER_INT_dataset" time="0.0040000000000191"/>
    <testcase classname="CLUSTER_INT_datachk" name="Check_CLUSTER_INT_dataset" time="0.00499999999999545"/>
    <testcase classname="CLUSTER_INT_datachk" name="Check_CLUSTER_INT_dataset" time="0.00300000000004275"/>
    <testcase classname="CLUSTER_INT_datachk" name="Check_CLUSTER_INT_dataset" time="0.0040000000000191"/>
    <testcase classname="CLUSTER_INT_datachk" name="Check_CLUSTER_INT_dataset" time="0.00499999999999545"/>
    <testcase classname="CLUSTER_INT_datachk" name="Check_CLUSTER_INT_dataset" time="0.0040000000000191"/>
    <testcase classname="CLUSTER_INT_datachk" name="Check_CLUSTER_INT_dataset" time="0.543999999999983"/>
    <testcase classname="CLUSTER_INT_datachk" name="Check_CLUSTER_INT_dataset" time="0.0040000000000191"/>
    <testcase classname="CLUSTER_INT_datachk" name="Check_CLUSTER_INT_dataset" time="0.00299999999992906"/>
    <testcase classname="CLUSTER_INT_datachk" name="Check_CLUSTER_INT_dataset" time="0.0040000000000191"/>
    <testcase classname="CLUSTER_INT_datachk" name="Check_CLUSTER_INT_dataset" time="0.00499999999999545"/>
    <testcase classname="CLUSTER_INT_datachk" name="Check_CLUSTER_INT_dataset" time="0.0040000000000191"/>
    <testcase classname="CLUSTER_INT_datachk" name="Check_CLUSTER_INT_dataset" time="0.0040000000000191"/>
    <testcase classname="CLUSTER_INT_datachk" name="Check_CLUSTER_INT_dataset" time="0.267999999999915"/>
    <testcase classname="CLUSTER_INT_datachk" name="Check_CLUSTER_INT_dataset" time="0.0040000000000191"/>
    <testcase classname="CLUSTER_INT_datachk" name="Check_CLUSTER_INT_dataset" time="0.0040000000000191"/>
    <testcase classname="CLUSTER_INT_datachk" name="Check_CLUSTER_INT_dataset" time="0.0040000000000191"/>
    <testcase classname="CLUSTER_INT_datachk" name="Check_CLUSTER_INT_dataset" time="0.0040000000000191"/>
    <testcase classname="CLUSTER_INT_datachk" name="Check_CLUSTER_INT_dataset" time="0.00599999999997181"/>
    <testcase classname="CLUSTER_INT_datachk" name="Check_CLUSTER_INT_dataset" time="0.00599999999997181"/>
    <testcase classname="CLUSTER_INT_datachk" name="Check_CLUSTER_INT_dataset" time="0.00499999999999545"/>
    <testcase classname="CLUSTER_INT_datachk" name="Check_CLUSTER_INT_dataset" time="0.00499999999999545"/>
    <testcase classname="CLUSTER_INT_datachk" name="Check_CLUSTER_INT_dataset" time="0.547000000000025"/>
    <testcase classname="CLUSTER_INT_datachk" name="Check_CLUSTER_INT_dataset" time="0.0040000000000191"/>
    <testcase classname="CLUSTER_INT_datachk" name="Check_CLUSTER_INT_dataset" time="0.0040000000000191"/>
    <testcase classname="CLUSTER_INT_datachk" name="Check_CLUSTER_INT_dataset" time="0.0040000000000191"/>
    <testcase classname="CLUSTER_INT_datachk" name="Check_CLUSTER_INT_dataset" time="0.00499999999999545"/>
    <testcase classname="CLUSTER_INT_datachk" name="Check_CLUSTER_INT_dataset" time="0.00299999999992906"/>
    <testcase classname="CLUSTER_INT_datachk" name="Check_CLUSTER_INT_dataset" time="0.0040000000000191"/>
    <testcase classname="CLUSTER_INT_datachk" name="Check_CLUSTER_INT_dataset" time="0.269999999999982"/>
    <testcase classname="CLUSTER_INT_datachk" name="Check_CLUSTER_INT_dataset" time="0.0040000000000191"/>
    <testcase classname="CLUSTER_INT_datachk" name="Check_CLUSTER_INT_dataset" time="0.00499999999999545"/>
    <testcase classname="CLUSTER_INT_datachk" name="Check_CLUSTER_INT_dataset" time="0.0040000000000191"/>
    <testcase classname="CLUSTER_INT_datachk" name="Check_CLUSTER_INT_dataset" time="0.00499999999999545"/>
    <testcase classname="CLUSTER_INT_datachk" name="Check_CLUSTER_INT_dataset" time="0.00499999999999545"/>
    <testcase classname="CLUSTER_INT_datachk" name="Check_CLUSTER_INT_dataset" time="0.0040000000000191"/>
    <testcase classname="CLUSTER_INT_datachk" name="Check_CLUSTER_INT_dataset" time="0.00499999999999545"/>
    <testcase classname="CLUSTER_INT_datachk" name="Check_CLUSTER_INT_dataset" time="0.00499999999999545"/>
  </testsuite>
  <testsuite errors="0" failures="0" hostname="fv-az14" name="CLUSTER_INT::datachk::shutdown" skipped="0" tests="3" time="0.279" timestamp="2020-09-17T09:53:56Z">
    <testcase classname="CLUSTER_INT_datachk_shutdown" name="shutdown" time="0.277000000000044"/>
    <testcase classname="CLUSTER_INT_datachk_shutdown" name="shutdown" time="0.000999999999976353"/>
    <testcase classname="CLUSTER_INT_datachk_shutdown" name="shutdown" time="0.000999999999976353"/>
  </testsuite>
  <testsuite errors="0" failures="0" hostname="fv-az14" name="CLUSTER_INT::datachk::done" skipped="0" tests="0" time="0" timestamp="2020-09-17T09:53:57Z"/>
  <testsuite errors="0" failures="0" hostname="fv-az14" name="CLUSTER_SLO::datachk::setup" skipped="0" tests="3" time="5.716" timestamp="2020-09-17T09:53:57Z">
    <testcase classname="CLUSTER_SLO_datachk_setup" name="setup" time="5.71399999999994"/>
    <testcase classname="CLUSTER_SLO_datachk_setup" name="setup" time="0.00100000000009004"/>
    <testcase classname="CLUSTER_SLO_datachk_setup" name="setup" time="0.000999999999976353"/>
  </testsuite>
  <testsuite errors="0" failures="0" hostname="fv-az14" name="CLUSTER_SLO::datachk" skipped="0" tests="230" time="13.26" timestamp="2020-09-17T09:54:02Z">
    <testcase classname="CLUSTER_SLO_datachk" name="Check_CLUSTER_SLO_dataset" time="0.54200000000003"/>
    <testcase classname="CLUSTER_SLO_datachk" name="Check_CLUSTER_SLO_dataset" time="0.000999999999976353"/>
    <testcase classname="CLUSTER_SLO_datachk" name="Check_CLUSTER_SLO_dataset" time="0.000999999999976353"/>
    <testcase classname="CLUSTER_SLO_datachk" name="Check_CLUSTER_SLO_dataset" time="0.00199999999995271"/>
    <testcase classname="CLUSTER_SLO_datachk" name="Check_CLUSTER_SLO_dataset" time="0.00100000000009004"/>
    <testcase classname="CLUSTER_SLO_datachk" name="Check_CLUSTER_SLO_dataset" time="0.000999999999976353"/>
    <testcase classname="CLUSTER_SLO_datachk" name="Check_CLUSTER_SLO_dataset" time="0.00199999999995271"/>
    <testcase classname="CLUSTER_SLO_datachk" name="Check_CLUSTER_SLO_dataset" time="0.269000000000005"/>
    <testcase classname="CLUSTER_SLO_datachk" name="Check_CLUSTER_SLO_dataset" time="0.000999999999976353"/>
    <testcase classname="CLUSTER_SLO_datachk" name="Check_CLUSTER_SLO_dataset" time="0.00100000000009004"/>
    <testcase classname="CLUSTER_SLO_datachk" name="Check_CLUSTER_SLO_dataset" time="0.000999999999976353"/>
    <testcase classname="CLUSTER_SLO_datachk" name="Check_CLUSTER_SLO_dataset" time="0.000999999999976353"/>
    <testcase classname="CLUSTER_SLO_datachk" name="Check_CLUSTER_SLO_dataset" time="0.00200000000006639"/>
    <testcase classname="CLUSTER_SLO_datachk" name="Check_CLUSTER_SLO_dataset" time="0.00199999999995271"/>
    <testcase classname="CLUSTER_SLO_datachk" name="Check_CLUSTER_SLO_dataset" time="0.000999999999976353"/>
    <testcase classname="CLUSTER_SLO_datachk" name="Check_CLUSTER_SLO_dataset" time="1.24700000000007"/>
    <testcase classname="CLUSTER_SLO_datachk" name="Check_CLUSTER_SLO_dataset" time="0.00199999999995271"/>
    <testcase classname="CLUSTER_SLO_datachk" name="Check_CLUSTER_SLO_dataset" time="0.00200000000006639"/>
    <testcase classname="CLUSTER_SLO_datachk" name="Check_CLUSTER_SLO_dataset" time="0.000999999999976353"/>
    <testcase classname="CLUSTER_SLO_datachk" name="Check_CLUSTER_SLO_dataset" time="0.00199999999995271"/>
    <testcase classname="CLUSTER_SLO_datachk" name="Check_CLUSTER_SLO_dataset" time="0.000999999999976353"/>
    <testcase classname="CLUSTER_SLO_datachk" name="Check_CLUSTER_SLO_dataset" time="0.00200000000006639"/>
    <testcase classname="CLUSTER_SLO_datachk" name="Check_CLUSTER_SLO_dataset" time="0.538999999999987"/>
    <testcase classname="CLUSTER_SLO_datachk" name="Check_CLUSTER_SLO_dataset" time="0.000999999999976353"/>
    <testcase classname="CLUSTER_SLO_datachk" name="Check_CLUSTER_SLO_dataset" time="0.00200000000006639"/>
    <testcase classname="CLUSTER_SLO_datachk" name="Check_CLUSTER_SLO_dataset" time="0.000999999999976353"/>
    <testcase classname="CLUSTER_SLO_datachk" name="Check_CLUSTER_SLO_dataset" time="0.000999999999976353"/>
    <testcase classname="CLUSTER_SLO_datachk" name="Check_CLUSTER_SLO_dataset" time="0.00199999999995271"/>
    <testcase classname="CLUSTER_SLO_datachk" name="Check_CLUSTER_SLO_dataset" time="0.00100000000009004"/>
    <testcase classname="CLUSTER_SLO_datachk" name="Check_CLUSTER_SLO_dataset" time="0.266999999999939"/>
    <testcase classname="CLUSTER_SLO_datachk" name="Check_CLUSTER_SLO_dataset" time="0.00200000000006639"/>
    <testcase classname="CLUSTER_SLO_datachk" name="Check_CLUSTER_SLO_dataset" time="0.000999999999976353"/>
    <testcase classname="CLUSTER_SLO_datachk" name="Check_CLUSTER_SLO_dataset" time="0.00199999999995271"/>
    <testcase classname="CLUSTER_SLO_datachk" name="Check_CLUSTER_SLO_dataset" time="0.00200000000006639"/>
    <testcase classname="CLUSTER_SLO_datachk" name="Check_CLUSTER_SLO_dataset" time="0.00199999999995271"/>
    <testcase classname="CLUSTER_SLO_datachk" name="Check_CLUSTER_SLO_dataset" time="0.00199999999995271"/>
    <testcase classname="CLUSTER_SLO_datachk" name="Check_CLUSTER_SLO_dataset" time="0.00100000000009004"/>
    <testcase classname="CLUSTER_SLO_datachk" name="Check_CLUSTER_SLO_dataset" time="0.00199999999995271"/>
    <testcase classname="CLUSTER_SLO_datachk" name="Check_CLUSTER_SLO_dataset" time="0.530999999999949"/>
    <testcase classname="CLUSTER_SLO_datachk" name="Check_CLUSTER_SLO_dataset" time="0.00200000000006639"/>
    <testcase classname="CLUSTER_SLO_datachk" name="Check_CLUSTER_SLO_dataset" time="0.00199999999995271"/>
    <testcase classname="CLUSTER_SLO_datachk" name="Check_CLUSTER_SLO_dataset" time="0.000999999999976353"/>
    <testcase classname="CLUSTER_SLO_datachk" name="Check_CLUSTER_SLO_dataset" time="0.00200000000006639"/>
    <testcase classname="CLUSTER_SLO_datachk" name="Check_CLUSTER_SLO_dataset" time="0.00199999999995271"/>
    <testcase classname="CLUSTER_SLO_datachk" name="Check_CLUSTER_SLO_dataset" time="0.00300000000004275"/>
    <testcase classname="CLUSTER_SLO_datachk" name="Check_CLUSTER_SLO_dataset" time="0.266999999999939"/>
    <testcase classname="CLUSTER_SLO_datachk" name="Check_CLUSTER_SLO_dataset" time="0.00200000000006639"/>
    <testcase classname="CLUSTER_SLO_datachk" name="Check_CLUSTER_SLO_dataset" time="0.00199999999995271"/>
    <testcase classname="CLUSTER_SLO_datachk" name="Check_CLUSTER_SLO_dataset" time="0.00100000000009004"/>
    <testcase classname="CLUSTER_SLO_datachk" name="Check_CLUSTER_SLO_dataset" time="0.00199999999995271"/>
    <testcase classname="CLUSTER_SLO_datachk" name="Check_CLUSTER_SLO_dataset" time="0.00199999999995271"/>
    <testcase classname="CLUSTER_SLO_datachk" name="Check_CLUSTER_SLO_dataset" time="0.00199999999995271"/>
    <testcase classname="CLUSTER_SLO_datachk" name="Check_CLUSTER_SLO_dataset" time="0.00199999999995271"/>
    <testcase classname="CLUSTER_SLO_datachk" name="Check_CLUSTER_SLO_dataset" time="0.00200000000006639"/>
    <testcase classname="CLUSTER_SLO_datachk" name="Check_CLUSTER_SLO_dataset" time="0.544999999999959"/>
    <testcase classname="CLUSTER_SLO_datachk" name="Check_CLUSTER_SLO_dataset" time="0.000999999999976353"/>
    <testcase classname="CLUSTER_SLO_datachk" name="Check_CLUSTER_SLO_dataset" time="0.00200000000006639"/>
    <testcase classname="CLUSTER_SLO_datachk" name="Check_CLUSTER_SLO_dataset" time="0.00199999999995271"/>
    <testcase classname="CLUSTER_SLO_datachk" name="Check_CLUSTER_SLO_dataset" time="0.00200000000006639"/>
    <testcase classname="CLUSTER_SLO_datachk" name="Check_CLUSTER_SLO_dataset" time="0.00199999999995271"/>
    <testcase classname="CLUSTER_SLO_datachk" name="Check_CLUSTER_SLO_dataset" time="0.00300000000004275"/>
    <testcase classname="CLUSTER_SLO_datachk" name="Check_CLUSTER_SLO_dataset" time="0.272999999999911"/>
    <testcase classname="CLUSTER_SLO_datachk" name="Check_CLUSTER_SLO_dataset" time="0.00200000000006639"/>
    <testcase classname="CLUSTER_SLO_datachk" name="Check_CLUSTER_SLO_dataset" time="0.00199999999995271"/>
    <testcase classname="CLUSTER_SLO_datachk" name="Check_CLUSTER_SLO_dataset" time="0.00300000000004275"/>
    <testcase classname="CLUSTER_SLO_datachk" name="Check_CLUSTER_SLO_dataset" time="0.00300000000004275"/>
    <testcase classname="CLUSTER_SLO_datachk" name="Check_CLUSTER_SLO_dataset" time="0.00199999999995271"/>
    <testcase classname="CLUSTER_SLO_datachk" name="Check_CLUSTER_SLO_dataset" time="0.00199999999995271"/>
    <testcase classname="CLUSTER_SLO_datachk" name="Check_CLUSTER_SLO_dataset" time="0.00200000000006639"/>
    <testcase classname="CLUSTER_SLO_datachk" name="Check_CLUSTER_SLO_dataset" time="0.00199999999995271"/>
    <testcase classname="CLUSTER_SLO_datachk" name="Check_CLUSTER_SLO_dataset" time="0.54200000000003"/>
    <testcase classname="CLUSTER_SLO_datachk" name="Check_CLUSTER_SLO_dataset" time="0.00199999999995271"/>
    <testcase classname="CLUSTER_SLO_datachk" name="Check_CLUSTER_SLO_dataset" time="0.00200000000006639"/>
    <testcase classname="CLUSTER_SLO_datachk" name="Check_CLUSTER_SLO_dataset" time="0.00199999999995271"/>
    <testcase classname="CLUSTER_SLO_datachk" name="Check_CLUSTER_SLO_dataset" time="0.00200000000006639"/>
    <testcase classname="CLUSTER_SLO_datachk" name="Check_CLUSTER_SLO_dataset" time="0.00199999999995271"/>
    <testcase classname="CLUSTER_SLO_datachk" name="Check_CLUSTER_SLO_dataset" time="0.00200000000006639"/>
    <testcase classname="CLUSTER_SLO_datachk" name="Check_CLUSTER_SLO_dataset" time="0.269000000000005"/>
    <testcase classname="CLUSTER_SLO_datachk" name="Check_CLUSTER_SLO_dataset" time="0.00199999999995271"/>
    <testcase classname="CLUSTER_SLO_datachk" name="Check_CLUSTER_SLO_dataset" time="0.00300000000004275"/>
    <testcase classname="CLUSTER_SLO_datachk" name="Check_CLUSTER_SLO_dataset" time="0.00199999999995271"/>
    <testcase classname="CLUSTER_SLO_datachk" name="Check_CLUSTER_SLO_dataset" time="0.00499999999999545"/>
    <testcase classname="CLUSTER_SLO_datachk" name="Check_CLUSTER_SLO_dataset" time="0.00200000000006639"/>
    <testcase classname="CLUSTER_SLO_datachk" name="Check_CLUSTER_SLO_dataset" time="0.00199999999995271"/>
    <testcase classname="CLUSTER_SLO_datachk" name="Check_CLUSTER_SLO_dataset" time="0.00300000000004275"/>
    <testcase classname="CLUSTER_SLO_datachk" name="Check_CLUSTER_SLO_dataset" time="0.00599999999997181"/>
    <testcase classname="CLUSTER_SLO_datachk" name="Check_CLUSTER_SLO_dataset" time="0.550999999999931"/>
    <testcase classname="CLUSTER_SLO_datachk" name="Check_CLUSTER_SLO_dataset" time="0.00300000000004275"/>
    <testcase classname="CLUSTER_SLO_datachk" name="Check_CLUSTER_SLO_dataset" time="0.0109999999999673"/>
    <testcase classname="CLUSTER_SLO_datachk" name="Check_CLUSTER_SLO_dataset" time="0.00300000000004275"/>
    <testcase classname="CLUSTER_SLO_datachk" name="Check_CLUSTER_SLO_dataset" time="0.00199999999995271"/>
    <testcase classname="CLUSTER_SLO_datachk" name="Check_CLUSTER_SLO_dataset" time="0.00300000000004275"/>
    <testcase classname="CLUSTER_SLO_datachk" name="Check_CLUSTER_SLO_dataset" time="0.00199999999995271"/>
    <testcase classname="CLUSTER_SLO_datachk" name="Check_CLUSTER_SLO_dataset" time="0.2650000000001"/>
    <testcase classname="CLUSTER_SLO_datachk" name="Check_CLUSTER_SLO_dataset" time="0.00299999999992906"/>
    <testcase classname="CLUSTER_SLO_datachk" name="Check_CLUSTER_SLO_dataset" time="0.00300000000004275"/>
    <testcase classname="CLUSTER_SLO_datachk" name="Check_CLUSTER_SLO_dataset" time="0.00199999999995271"/>
    <testcase classname="CLUSTER_SLO_datachk" name="Check_CLUSTER_SLO_dataset" time="0.00300000000004275"/>
    <testcase classname="CLUSTER_SLO_datachk" name="Check_CLUSTER_SLO_dataset" time="0.00299999999992906"/>
    <testcase classname="CLUSTER_SLO_datachk" name="Check_CLUSTER_SLO_dataset" time="0.00200000000006639"/>
    <testcase classname="CLUSTER_SLO_datachk" name="Check_CLUSTER_SLO_dataset" time="0.00299999999992906"/>
    <testcase classname="CLUSTER_SLO_datachk" name="Check_CLUSTER_SLO_dataset" time="0.00300000000004275"/>
    <testcase classname="CLUSTER_SLO_datachk" name="Check_CLUSTER_SLO_dataset" time="0.532000000000039"/>
    <testcase classname="CLUSTER_SLO_datachk" name="Check_CLUSTER_SLO_dataset" time="0.0040000000000191"/>
    <testcase classname="CLUSTER_SLO_datachk" name="Check_CLUSTER_SLO_dataset" time="0.00399999999990541"/>
    <testcase classname="CLUSTER_SLO_datachk" name="Check_CLUSTER_SLO_dataset" time="0.00300000000004275"/>
    <testcase classname="CLUSTER_SLO_datachk" name="Check_CLUSTER_SLO_dataset" time="0.00300000000004275"/>
    <testcase classname="CLUSTER_SLO_datachk" name="Check_CLUSTER_SLO_dataset" time="0.00299999999992906"/>
    <testcase classname="CLUSTER_SLO_datachk" name="Check_CLUSTER_SLO_dataset" time="0.00300000000004275"/>
    <testcase classname="CLUSTER_SLO_datachk" name="Check_CLUSTER_SLO_dataset" time="0.269000000000005"/>
    <testcase classname="CLUSTER_SLO_datachk" name="Check_CLUSTER_SLO_dataset" time="0.00299999999992906"/>
    <testcase classname="CLUSTER_SLO_datachk" name="Check_CLUSTER_SLO_dataset" time="0.00300000000004275"/>
    <testcase classname="CLUSTER_SLO_datachk" name="Check_CLUSTER_SLO_dataset" time="0.00300000000004275"/>
    <testcase classname="CLUSTER_SLO_datachk" name="Check_CLUSTER_SLO_dataset" time="0.00299999999992906"/>
    <testcase classname="CLUSTER_SLO_datachk" name="Check_CLUSTER_SLO_dataset" time="0.00200000000006639"/>
    <testcase classname="CLUSTER_SLO_datachk" name="Check_CLUSTER_SLO_dataset" time="0.00299999999992906"/>
    <testcase classname="CLUSTER_SLO_datachk" name="Check_CLUSTER_SLO_dataset" time="0.00300000000004275"/>
    <testcase classname="CLUSTER_SLO_datachk" name="Check_CLUSTER_SLO_dataset" time="0.00300000000004275"/>
    <testcase classname="CLUSTER_SLO_datachk" name="Check_CLUSTER_SLO_dataset" time="0.538000000000011"/>
    <testcase classname="CLUSTER_SLO_datachk" name="Check_CLUSTER_SLO_dataset" time="0.00299999999992906"/>
    <testcase classname="CLUSTER_SLO_datachk" name="Check_CLUSTER_SLO_dataset" time="0.0080000000000382"/>
    <testcase classname="CLUSTER_SLO_datachk" name="Check_CLUSTER_SLO_dataset" time="0.0040000000000191"/>
    <testcase classname="CLUSTER_SLO_datachk" name="Check_CLUSTER_SLO_dataset" time="0.0119999999999436"/>
    <testcase classname="CLUSTER_SLO_datachk" name="Check_CLUSTER_SLO_dataset" time="0.0040000000000191"/>
    <testcase classname="CLUSTER_SLO_datachk" name="Check_CLUSTER_SLO_dataset" time="0.0040000000000191"/>
    <testcase classname="CLUSTER_SLO_datachk" name="Check_CLUSTER_SLO_dataset" time="0.269000000000005"/>
    <testcase classname="CLUSTER_SLO_datachk" name="Check_CLUSTER_SLO_dataset" time="0.00300000000004275"/>
    <testcase classname="CLUSTER_SLO_datachk" name="Check_CLUSTER_SLO_dataset" time="0.00299999999992906"/>
    <testcase classname="CLUSTER_SLO_datachk" name="Check_CLUSTER_SLO_dataset" time="0.0040000000000191"/>
    <testcase classname="CLUSTER_SLO_datachk" name="Check_CLUSTER_SLO_dataset" time="0.0040000000000191"/>
    <testcase classname="CLUSTER_SLO_datachk" name="Check_CLUSTER_SLO_dataset" time="0.0040000000000191"/>
    <testcase classname="CLUSTER_SLO_datachk" name="Check_CLUSTER_SLO_dataset" time="0.00299999999992906"/>
    <testcase classname="CLUSTER_SLO_datachk" name="Check_CLUSTER_SLO_dataset" time="0.0040000000000191"/>
    <testcase classname="CLUSTER_SLO_datachk" name="Check_CLUSTER_SLO_dataset" time="0.0040000000000191"/>
    <testcase classname="CLUSTER_SLO_datachk" name="Check_CLUSTER_SLO_dataset" time="0.537000000000035"/>
    <testcase classname="CLUSTER_SLO_datachk" name="Check_CLUSTER_SLO_dataset" time="0.00299999999992906"/>
    <testcase classname="CLUSTER_SLO_datachk" name="Check_CLUSTER_SLO_dataset" time="0.00300000000004275"/>
    <testcase classname="CLUSTER_SLO_datachk" name="Check_CLUSTER_SLO_dataset" time="0.00300000000004275"/>
    <testcase classname="CLUSTER_SLO_datachk" name="Check_CLUSTER_SLO_dataset" time="0.00299999999992906"/>
    <testcase classname="CLUSTER_SLO_datachk" name="Check_CLUSTER_SLO_dataset" time="0.00300000000004275"/>
    <testcase classname="CLUSTER_SLO_datachk" name="Check_CLUSTER_SLO_dataset" time="0.00299999999992906"/>
    <testcase classname="CLUSTER_SLO_datachk" name="Check_CLUSTER_SLO_dataset" time="0.274000000000001"/>
    <testcase classname="CLUSTER_SLO_datachk" name="Check_CLUSTER_SLO_dataset" time="0.0040000000000191"/>
    <testcase classname="CLUSTER_SLO_datachk" name="Check_CLUSTER_SLO_dataset" time="0.0040000000000191"/>
    <testcase classname="CLUSTER_SLO_datachk" name="Check_CLUSTER_SLO_dataset" time="0.00300000000004275"/>
    <testcase classname="CLUSTER_SLO_datachk" name="Check_CLUSTER_SLO_dataset" time="0.0040000000000191"/>
    <testcase classname="CLUSTER_SLO_datachk" name="Check_CLUSTER_SLO_dataset" time="0.00299999999992906"/>
    <testcase classname="CLUSTER_SLO_datachk" name="Check_CLUSTER_SLO_dataset" time="0.00300000000004275"/>
    <testcase classname="CLUSTER_SLO_datachk" name="Check_CLUSTER_SLO_dataset" time="0.0040000000000191"/>
    <testcase classname="CLUSTER_SLO_datachk" name="Check_CLUSTER_SLO_dataset" time="0.00399999999990541"/>
    <testcase classname="CLUSTER_SLO_datachk" name="Check_CLUSTER_SLO_dataset" time="0.564000000000078"/>
    <testcase classname="CLUSTER_SLO_datachk" name="Check_CLUSTER_SLO_dataset" time="0.00299999999992906"/>
    <testcase classname="CLUSTER_SLO_datachk" name="Check_CLUSTER_SLO_dataset" time="0.00300000000004275"/>
    <testcase classname="CLUSTER_SLO_datachk" name="Check_CLUSTER_SLO_dataset" time="0.00300000000004275"/>
    <testcase classname="CLUSTER_SLO_datachk" name="Check_CLUSTER_SLO_dataset" time="0.00399999999990541"/>
    <testcase classname="CLUSTER_SLO_datachk" name="Check_CLUSTER_SLO_dataset" time="0.0040000000000191"/>
    <testcase classname="CLUSTER_SLO_datachk" name="Check_CLUSTER_SLO_dataset" time="0.00300000000004275"/>
    <testcase classname="CLUSTER_SLO_datachk" name="Check_CLUSTER_SLO_dataset" time="0.269000000000005"/>
    <testcase classname="CLUSTER_SLO_datachk" name="Check_CLUSTER_SLO_dataset" time="0.00300000000004275"/>
    <testcase classname="CLUSTER_SLO_datachk" name="Check_CLUSTER_SLO_dataset" time="0.00399999999990541"/>
    <testcase classname="CLUSTER_SLO_datachk" name="Check_CLUSTER_SLO_dataset" time="0.00300000000004275"/>
    <testcase classname="CLUSTER_SLO_datachk" name="Check_CLUSTER_SLO_dataset" time="0.0040000000000191"/>
    <testcase classname="CLUSTER_SLO_datachk" name="Check_CLUSTER_SLO_dataset" time="0.00299999999992906"/>
    <testcase classname="CLUSTER_SLO_datachk" name="Check_CLUSTER_SLO_dataset" time="0.00300000000004275"/>
    <testcase classname="CLUSTER_SLO_datachk" name="Check_CLUSTER_SLO_dataset" time="0.0040000000000191"/>
    <testcase classname="CLUSTER_SLO_datachk" name="Check_CLUSTER_SLO_dataset" time="0.00300000000004275"/>
    <testcase classname="CLUSTER_SLO_datachk" name="Check_CLUSTER_SLO_dataset" time="0.542999999999893"/>
    <testcase classname="CLUSTER_SLO_datachk" name="Check_CLUSTER_SLO_dataset" time="0.00300000000004275"/>
    <testcase classname="CLUSTER_SLO_datachk" name="Check_CLUSTER_SLO_dataset" time="0.0040000000000191"/>
    <testcase classname="CLUSTER_SLO_datachk" name="Check_CLUSTER_SLO_dataset" time="0.00300000000004275"/>
    <testcase classname="CLUSTER_SLO_datachk" name="Check_CLUSTER_SLO_dataset" time="0.00399999999990541"/>
    <testcase classname="CLUSTER_SLO_datachk" name="Check_CLUSTER_SLO_dataset" time="0.0040000000000191"/>
    <testcase classname="CLUSTER_SLO_datachk" name="Check_CLUSTER_SLO_dataset" time="0.0040000000000191"/>
    <testcase classname="CLUSTER_SLO_datachk" name="Check_CLUSTER_SLO_dataset" time="0.283999999999992"/>
    <testcase classname="CLUSTER_SLO_datachk" name="Check_CLUSTER_SLO_dataset" time="0.0040000000000191"/>
    <testcase classname="CLUSTER_SLO_datachk" name="Check_CLUSTER_SLO_dataset" time="0.0040000000000191"/>
    <testcase classname="CLUSTER_SLO_datachk" name="Check_CLUSTER_SLO_dataset" time="0.0040000000000191"/>
    <testcase classname="CLUSTER_SLO_datachk" name="Check_CLUSTER_SLO_dataset" time="0.00399999999990541"/>
    <testcase classname="CLUSTER_SLO_datachk" name="Check_CLUSTER_SLO_dataset" time="0.00300000000004275"/>
    <testcase classname="CLUSTER_SLO_datachk" name="Check_CLUSTER_SLO_dataset" time="0.00599999999997181"/>
    <testcase classname="CLUSTER_SLO_datachk" name="Check_CLUSTER_SLO_dataset" time="0.0040000000000191"/>
    <testcase classname="CLUSTER_SLO_datachk" name="Check_CLUSTER_SLO_dataset" time="0.00300000000004275"/>
    <testcase classname="CLUSTER_SLO_datachk" name="Check_CLUSTER_SLO_dataset" time="0.547000000000025"/>
    <testcase classname="CLUSTER_SLO_datachk" name="Check_CLUSTER_SLO_dataset" time="0.00399999999990541"/>
    <testcase classname="CLUSTER_SLO_datachk" name="Check_CLUSTER_SLO_dataset" time="0.0040000000000191"/>
    <testcase classname="CLUSTER_SLO_datachk" name="Check_CLUSTER_SLO_dataset" time="0.0040000000000191"/>
    <testcase classname="CLUSTER_SLO_datachk" name="Check_CLUSTER_SLO_dataset" time="0.0040000000000191"/>
    <testcase classname="CLUSTER_SLO_datachk" name="Check_CLUSTER_SLO_dataset" time="0.0040000000000191"/>
    <testcase classname="CLUSTER_SLO_datachk" name="Check_CLUSTER_SLO_dataset" time="0.00499999999999545"/>
    <testcase classname="CLUSTER_SLO_datachk" name="Check_CLUSTER_SLO_dataset" time="0.286999999999921"/>
    <testcase classname="CLUSTER_SLO_datachk" name="Check_CLUSTER_SLO_dataset" time="0.0040000000000191"/>
    <testcase classname="CLUSTER_SLO_datachk" name="Check_CLUSTER_SLO_dataset" time="0.00499999999999545"/>
    <testcase classname="CLUSTER_SLO_datachk" name="Check_CLUSTER_SLO_dataset" time="0.0040000000000191"/>
    <testcase classname="CLUSTER_SLO_datachk" name="Check_CLUSTER_SLO_dataset" time="0.0040000000000191"/>
    <testcase classname="CLUSTER_SLO_datachk" name="Check_CLUSTER_SLO_dataset" time="0.00499999999999545"/>
    <testcase classname="CLUSTER_SLO_datachk" name="Check_CLUSTER_SLO_dataset" time="0.0040000000000191"/>
    <testcase classname="CLUSTER_SLO_datachk" name="Check_CLUSTER_SLO_dataset" time="0.0040000000000191"/>
    <testcase classname="CLUSTER_SLO_datachk" name="Check_CLUSTER_SLO_dataset" time="0.00499999999999545"/>
    <testcase classname="CLUSTER_SLO_datachk" name="Check_CLUSTER_SLO_dataset" time="0.538999999999987"/>
    <testcase classname="CLUSTER_SLO_datachk" name="Check_CLUSTER_SLO_dataset" time="0.0040000000000191"/>
    <testcase classname="CLUSTER_SLO_datachk" name="Check_CLUSTER_SLO_dataset" time="0.00399999999990541"/>
    <testcase classname="CLUSTER_SLO_datachk" name="Check_CLUSTER_SLO_dataset" time="0.00500000000010914"/>
    <testcase classname="CLUSTER_SLO_datachk" name="Check_CLUSTER_SLO_dataset" time="0.00399999999990541"/>
    <testcase classname="CLUSTER_SLO_datachk" name="Check_CLUSTER_SLO_dataset" time="0.00499999999999545"/>
    <testcase classname="CLUSTER_SLO_datachk" name="Check_CLUSTER_SLO_dataset" time="0.0040000000000191"/>
    <testcase classname="CLUSTER_SLO_datachk" name="Check_CLUSTER_SLO_dataset" time="0.277000000000044"/>
    <testcase classname="CLUSTER_SLO_datachk" name="Check_CLUSTER_SLO_dataset" time="0.00499999999999545"/>
    <testcase classname="CLUSTER_SLO_datachk" name="Check_CLUSTER_SLO_dataset" time="0.0040000000000191"/>
    <testcase classname="CLUSTER_SLO_datachk" name="Check_CLUSTER_SLO_dataset" time="0.0040000000000191"/>
    <testcase classname="CLUSTER_SLO_datachk" name="Check_CLUSTER_SLO_dataset" time="0.00399999999990541"/>
    <testcase classname="CLUSTER_SLO_datachk" name="Check_CLUSTER_SLO_dataset" time="0.0040000000000191"/>
    <testcase classname="CLUSTER_SLO_datachk" name="Check_CLUSTER_SLO_dataset" time="0.0040000000000191"/>
    <testcase classname="CLUSTER_SLO_datachk" name="Check_CLUSTER_SLO_dataset" time="0.00499999999999545"/>
    <testcase classname="CLUSTER_SLO_datachk" name="Check_CLUSTER_SLO_dataset" time="0.00499999999999545"/>
    <testcase classname="CLUSTER_SLO_datachk" name="Check_CLUSTER_SLO_dataset" time="0.52800000000002"/>
    <testcase classname="CLUSTER_SLO_datachk" name="Check_CLUSTER_SLO_dataset" time="0.0040000000000191"/>
    <testcase classname="CLUSTER_SLO_datachk" name="Check_CLUSTER_SLO_dataset" time="0.0040000000000191"/>
    <testcase classname="CLUSTER_SLO_datachk" name="Check_CLUSTER_SLO_dataset" time="0.00499999999999545"/>
    <testcase classname="CLUSTER_SLO_datachk" name="Check_CLUSTER_SLO_dataset" time="0.00399999999990541"/>
    <testcase classname="CLUSTER_SLO_datachk" name="Check_CLUSTER_SLO_dataset" time="0.00500000000010914"/>
    <testcase classname="CLUSTER_SLO_datachk" name="Check_CLUSTER_SLO_dataset" time="0.00399999999990541"/>
    <testcase classname="CLUSTER_SLO_datachk" name="Check_CLUSTER_SLO_dataset" time="0.270000000000095"/>
    <testcase classname="CLUSTER_SLO_datachk" name="Check_CLUSTER_SLO_dataset" time="0.00399999999990541"/>
    <testcase classname="CLUSTER_SLO_datachk" name="Check_CLUSTER_SLO_dataset" time="0.00499999999999545"/>
    <testcase classname="CLUSTER_SLO_datachk" name="Check_CLUSTER_SLO_dataset" time="0.0040000000000191"/>
    <testcase classname="CLUSTER_SLO_datachk" name="Check_CLUSTER_SLO_dataset" time="0.0040000000000191"/>
    <testcase classname="CLUSTER_SLO_datachk" name="Check_CLUSTER_SLO_dataset" time="0.00499999999999545"/>
    <testcase classname="CLUSTER_SLO_datachk" name="Check_CLUSTER_SLO_dataset" time="0.0040000000000191"/>
    <testcase classname="CLUSTER_SLO_datachk" name="Check_CLUSTER_SLO_dataset" time="0.00499999999999545"/>
    <testcase classname="CLUSTER_SLO_datachk" name="Check_CLUSTER_SLO_dataset" time="0.0040000000000191"/>
  </testsuite>
  <testsuite errors="0" failures="0" hostname="fv-az14" name="CLUSTER_SLO::datachk::shutdown" skipped="0" tests="3" time="0.283" timestamp="2020-09-17T09:54:15Z">
    <testcase classname="CLUSTER_SLO_datachk_shutdown" name="shutdown" time="0.278999999999996"/>
    <testcase classname="CLUSTER_SLO_datachk_shutdown" name="shutdown" time="0.00199999999995271"/>
    <testcase classname="CLUSTER_SLO_datachk_shutdown" name="shutdown" time="0.00200000000006639"/>
  </testsuite>
  <testsuite errors="0" failures="0" hostname="fv-az14" name="CLUSTER_SLO::datachk::done" skipped="0" tests="0" time="0" timestamp="2020-09-17T09:54:16Z"/>
  <testsuite errors="0" failures="0" hostname="fv-az14" name="CNSIM::datachk::setup" skipped="0" tests="3" time="5.39" timestamp="2020-09-17T09:54:16Z">
    <testcase classname="CNSIM_datachk_setup" name="setup" time="5.38699999999994"/>
    <testcase classname="CNSIM_datachk_setup" name="setup" time="0.00200000000006639"/>
    <testcase classname="CNSIM_datachk_setup" name="setup" time="0.000999999999976353"/>
  </testsuite>
  <testsuite errors="0" failures="0" hostname="fv-az14" name="CNSIM::datachk" skipped="0" tests="198" time="11.641" timestamp="2020-09-17T09:54:21Z">
    <testcase classname="CNSIM_datachk" name="Check_CNSIM_dataset" time="0.606999999999971"/>
    <testcase classname="CNSIM_datachk" name="Check_CNSIM_dataset" time="0.000999999999976353"/>
    <testcase classname="CNSIM_datachk" name="Check_CNSIM_dataset" time="0.00200000000006639"/>
    <testcase classname="CNSIM_datachk" name="Check_CNSIM_dataset" time="0.000999999999976353"/>
    <testcase classname="CNSIM_datachk" name="Check_CNSIM_dataset" time="0.00199999999995271"/>
    <testcase classname="CNSIM_datachk" name="Check_CNSIM_dataset" time="0.00100000000009004"/>
    <testcase classname="CNSIM_datachk" name="Check_CNSIM_dataset" time="0.000999999999976353"/>
    <testcase classname="CNSIM_datachk" name="Check_CNSIM_dataset" time="0.338999999999942"/>
    <testcase classname="CNSIM_datachk" name="Check_CNSIM_dataset" time="0.00200000000006639"/>
    <testcase classname="CNSIM_datachk" name="Check_CNSIM_dataset" time="0.00299999999992906"/>
    <testcase classname="CNSIM_datachk" name="Check_CNSIM_dataset" time="0.000999999999976353"/>
    <testcase classname="CNSIM_datachk" name="Check_CNSIM_dataset" time="0.00200000000006639"/>
    <testcase classname="CNSIM_datachk" name="Check_CNSIM_dataset" time="0.000999999999976353"/>
    <testcase classname="CNSIM_datachk" name="Check_CNSIM_dataset" time="0.00200000000006639"/>
    <testcase classname="CNSIM_datachk" name="Check_CNSIM_dataset" time="0.000999999999976353"/>
    <testcase classname="CNSIM_datachk" name="Check_CNSIM_dataset" time="1.25099999999998"/>
    <testcase classname="CNSIM_datachk" name="Check_CNSIM_dataset" time="0.00199999999995271"/>
    <testcase classname="CNSIM_datachk" name="Check_CNSIM_dataset" time="0.00200000000006639"/>
    <testcase classname="CNSIM_datachk" name="Check_CNSIM_dataset" time="0.00199999999995271"/>
    <testcase classname="CNSIM_datachk" name="Check_CNSIM_dataset" time="0.00200000000006639"/>
    <testcase classname="CNSIM_datachk" name="Check_CNSIM_dataset" time="0.000999999999976353"/>
    <testcase classname="CNSIM_datachk" name="Check_CNSIM_dataset" time="0.00199999999995271"/>
    <testcase classname="CNSIM_datachk" name="Check_CNSIM_dataset" time="0.538000000000011"/>
    <testcase classname="CNSIM_datachk" name="Check_CNSIM_dataset" time="0.00100000000009004"/>
    <testcase classname="CNSIM_datachk" name="Check_CNSIM_dataset" time="0.00199999999995271"/>
    <testcase classname="CNSIM_datachk" name="Check_CNSIM_dataset" time="0.00199999999995271"/>
    <testcase classname="CNSIM_datachk" name="Check_CNSIM_dataset" time="0.00100000000009004"/>
    <testcase classname="CNSIM_datachk" name="Check_CNSIM_dataset" time="0.00199999999995271"/>
    <testcase classname="CNSIM_datachk" name="Check_CNSIM_dataset" time="0.000999999999976353"/>
    <testcase classname="CNSIM_datachk" name="Check_CNSIM_dataset" time="0.274999999999977"/>
    <testcase classname="CNSIM_datachk" name="Check_CNSIM_dataset" time="0.00200000000006639"/>
    <testcase classname="CNSIM_datachk" name="Check_CNSIM_dataset" time="0.000999999999976353"/>
    <testcase classname="CNSIM_datachk" name="Check_CNSIM_dataset" time="0.00199999999995271"/>
    <testcase classname="CNSIM_datachk" name="Check_CNSIM_dataset" time="0.00100000000009004"/>
    <testcase classname="CNSIM_datachk" name="Check_CNSIM_dataset" time="0.00199999999995271"/>
    <testcase classname="CNSIM_datachk" name="Check_CNSIM_dataset" time="0.000999999999976353"/>
    <testcase classname="CNSIM_datachk" name="Check_CNSIM_dataset" time="0.00300000000004275"/>
    <testcase classname="CNSIM_datachk" name="Check_CNSIM_dataset" time="0.00199999999995271"/>
    <testcase classname="CNSIM_datachk" name="Check_CNSIM_dataset" time="0.536000000000058"/>
    <testcase classname="CNSIM_datachk" name="Check_CNSIM_dataset" time="0.00199999999995271"/>
    <testcase classname="CNSIM_datachk" name="Check_CNSIM_dataset" time="0.00200000000006639"/>
    <testcase classname="CNSIM_datachk" name="Check_CNSIM_dataset" time="0.00199999999995271"/>
    <testcase classname="CNSIM_datachk" name="Check_CNSIM_dataset" time="0.00199999999995271"/>
    <testcase classname="CNSIM_datachk" name="Check_CNSIM_dataset" time="0.00200000000006639"/>
    <testcase classname="CNSIM_datachk" name="Check_CNSIM_dataset" time="0.000999999999976353"/>
    <testcase classname="CNSIM_datachk" name="Check_CNSIM_dataset" time="0.265999999999963"/>
    <testcase classname="CNSIM_datachk" name="Check_CNSIM_dataset" time="0.00200000000006639"/>
    <testcase classname="CNSIM_datachk" name="Check_CNSIM_dataset" time="0.00199999999995271"/>
    <testcase classname="CNSIM_datachk" name="Check_CNSIM_dataset" time="0.00200000000006639"/>
    <testcase classname="CNSIM_datachk" name="Check_CNSIM_dataset" time="0.00199999999995271"/>
    <testcase classname="CNSIM_datachk" name="Check_CNSIM_dataset" time="0.00200000000006639"/>
    <testcase classname="CNSIM_datachk" name="Check_CNSIM_dataset" time="0.00199999999995271"/>
    <testcase classname="CNSIM_datachk" name="Check_CNSIM_dataset" time="0.00199999999995271"/>
    <testcase classname="CNSIM_datachk" name="Check_CNSIM_dataset" time="0.00200000000006639"/>
    <testcase classname="CNSIM_datachk" name="Check_CNSIM_dataset" time="0.536999999999921"/>
    <testcase classname="CNSIM_datachk" name="Check_CNSIM_dataset" time="0.00200000000006639"/>
    <testcase classname="CNSIM_datachk" name="Check_CNSIM_dataset" time="0.00199999999995271"/>
    <testcase classname="CNSIM_datachk" name="Check_CNSIM_dataset" time="0.00200000000006639"/>
    <testcase classname="CNSIM_datachk" name="Check_CNSIM_dataset" time="0.00799999999992451"/>
    <testcase classname="CNSIM_datachk" name="Check_CNSIM_dataset" time="0.00200000000006639"/>
    <testcase classname="CNSIM_datachk" name="Check_CNSIM_dataset" time="0.00199999999995271"/>
    <testcase classname="CNSIM_datachk" name="Check_CNSIM_dataset" time="0.268000000000029"/>
    <testcase classname="CNSIM_datachk" name="Check_CNSIM_dataset" time="0.00199999999995271"/>
    <testcase classname="CNSIM_datachk" name="Check_CNSIM_dataset" time="0.00200000000006639"/>
    <testcase classname="CNSIM_datachk" name="Check_CNSIM_dataset" time="0.00199999999995271"/>
    <testcase classname="CNSIM_datachk" name="Check_CNSIM_dataset" time="0.00200000000006639"/>
    <testcase classname="CNSIM_datachk" name="Check_CNSIM_dataset" time="0.00199999999995271"/>
    <testcase classname="CNSIM_datachk" name="Check_CNSIM_dataset" time="0.00200000000006639"/>
    <testcase classname="CNSIM_datachk" name="Check_CNSIM_dataset" time="0.00199999999995271"/>
    <testcase classname="CNSIM_datachk" name="Check_CNSIM_dataset" time="0.00300000000004275"/>
    <testcase classname="CNSIM_datachk" name="Check_CNSIM_dataset" time="0.548999999999978"/>
    <testcase classname="CNSIM_datachk" name="Check_CNSIM_dataset" time="0.00199999999995271"/>
    <testcase classname="CNSIM_datachk" name="Check_CNSIM_dataset" time="0.00200000000006639"/>
    <testcase classname="CNSIM_datachk" name="Check_CNSIM_dataset" time="0.00199999999995271"/>
    <testcase classname="CNSIM_datachk" name="Check_CNSIM_dataset" time="0.00200000000006639"/>
    <testcase classname="CNSIM_datachk" name="Check_CNSIM_dataset" time="0.00199999999995271"/>
    <testcase classname="CNSIM_datachk" name="Check_CNSIM_dataset" time="0.00200000000006639"/>
    <testcase classname="CNSIM_datachk" name="Check_CNSIM_dataset" time="0.266999999999939"/>
    <testcase classname="CNSIM_datachk" name="Check_CNSIM_dataset" time="0.00300000000004275"/>
    <testcase classname="CNSIM_datachk" name="Check_CNSIM_dataset" time="0.00199999999995271"/>
    <testcase classname="CNSIM_datachk" name="Check_CNSIM_dataset" time="0.00200000000006639"/>
    <testcase classname="CNSIM_datachk" name="Check_CNSIM_dataset" time="0.00299999999992906"/>
    <testcase classname="CNSIM_datachk" name="Check_CNSIM_dataset" time="0.00200000000006639"/>
    <testcase classname="CNSIM_datachk" name="Check_CNSIM_dataset" time="0.00299999999992906"/>
    <testcase classname="CNSIM_datachk" name="Check_CNSIM_dataset" time="0.00300000000004275"/>
    <testcase classname="CNSIM_datachk" name="Check_CNSIM_dataset" time="0.00199999999995271"/>
    <testcase classname="CNSIM_datachk" name="Check_CNSIM_dataset" time="0.533999999999992"/>
    <testcase classname="CNSIM_datachk" name="Check_CNSIM_dataset" time="0.00200000000006639"/>
    <testcase classname="CNSIM_datachk" name="Check_CNSIM_dataset" time="0.00299999999992906"/>
    <testcase classname="CNSIM_datachk" name="Check_CNSIM_dataset" time="0.00200000000006639"/>
    <testcase classname="CNSIM_datachk" name="Check_CNSIM_dataset" time="0.00299999999992906"/>
    <testcase classname="CNSIM_datachk" name="Check_CNSIM_dataset" time="0.00200000000006639"/>
    <testcase classname="CNSIM_datachk" name="Check_CNSIM_dataset" time="0.00299999999992906"/>
    <testcase classname="CNSIM_datachk" name="Check_CNSIM_dataset" time="0.274000000000001"/>
    <testcase classname="CNSIM_datachk" name="Check_CNSIM_dataset" time="0.00300000000004275"/>
    <testcase classname="CNSIM_datachk" name="Check_CNSIM_dataset" time="0.00300000000004275"/>
    <testcase classname="CNSIM_datachk" name="Check_CNSIM_dataset" time="0.00199999999995271"/>
    <testcase classname="CNSIM_datachk" name="Check_CNSIM_dataset" time="0.00300000000004275"/>
    <testcase classname="CNSIM_datachk" name="Check_CNSIM_dataset" time="0.00299999999992906"/>
    <testcase classname="CNSIM_datachk" name="Check_CNSIM_dataset" time="0.00200000000006639"/>
    <testcase classname="CNSIM_datachk" name="Check_CNSIM_dataset" time="0.00299999999992906"/>
    <testcase classname="CNSIM_datachk" name="Check_CNSIM_dataset" time="0.00300000000004275"/>
    <testcase classname="CNSIM_datachk" name="Check_CNSIM_dataset" time="0.546000000000049"/>
    <testcase classname="CNSIM_datachk" name="Check_CNSIM_dataset" time="0.00299999999992906"/>
    <testcase classname="CNSIM_datachk" name="Check_CNSIM_dataset" time="0.00300000000004275"/>
    <testcase classname="CNSIM_datachk" name="Check_CNSIM_dataset" time="0.00299999999992906"/>
    <testcase classname="CNSIM_datachk" name="Check_CNSIM_dataset" time="0.00300000000004275"/>
    <testcase classname="CNSIM_datachk" name="Check_CNSIM_dataset" time="0.00200000000006639"/>
    <testcase classname="CNSIM_datachk" name="Check_CNSIM_dataset" time="0.00299999999992906"/>
    <testcase classname="CNSIM_datachk" name="Check_CNSIM_dataset" time="0.274999999999977"/>
    <testcase classname="CNSIM_datachk" name="Check_CNSIM_dataset" time="0.0040000000000191"/>
    <testcase classname="CNSIM_datachk" name="Check_CNSIM_dataset" time="0.0040000000000191"/>
    <testcase classname="CNSIM_datachk" name="Check_CNSIM_dataset" time="0.00300000000004275"/>
    <testcase classname="CNSIM_datachk" name="Check_CNSIM_dataset" time="0.00299999999992906"/>
    <testcase classname="CNSIM_datachk" name="Check_CNSIM_dataset" time="0.0040000000000191"/>
    <testcase classname="CNSIM_datachk" name="Check_CNSIM_dataset" time="0.00300000000004275"/>
    <testcase classname="CNSIM_datachk" name="Check_CNSIM_dataset" time="0.00299999999992906"/>
    <testcase classname="CNSIM_datachk" name="Check_CNSIM_dataset" time="0.00300000000004275"/>
    <testcase classname="CNSIM_datachk" name="Check_CNSIM_dataset" time="0.538999999999987"/>
    <testcase classname="CNSIM_datachk" name="Check_CNSIM_dataset" time="0.00300000000004275"/>
    <testcase classname="CNSIM_datachk" name="Check_CNSIM_dataset" time="0.00299999999992906"/>
    <testcase classname="CNSIM_datachk" name="Check_CNSIM_dataset" time="0.00300000000004275"/>
    <testcase classname="CNSIM_datachk" name="Check_CNSIM_dataset" time="0.00300000000004275"/>
    <testcase classname="CNSIM_datachk" name="Check_CNSIM_dataset" time="0.00299999999992906"/>
    <testcase classname="CNSIM_datachk" name="Check_CNSIM_dataset" time="0.00300000000004275"/>
    <testcase classname="CNSIM_datachk" name="Check_CNSIM_dataset" time="0.268000000000029"/>
    <testcase classname="CNSIM_datachk" name="Check_CNSIM_dataset" time="0.00999999999999091"/>
    <testcase classname="CNSIM_datachk" name="Check_CNSIM_dataset" time="0.00299999999992906"/>
    <testcase classname="CNSIM_datachk" name="Check_CNSIM_dataset" time="0.00200000000006639"/>
    <testcase classname="CNSIM_datachk" name="Check_CNSIM_dataset" time="0.00300000000004275"/>
    <testcase classname="CNSIM_datachk" name="Check_CNSIM_dataset" time="0.00399999999990541"/>
    <testcase classname="CNSIM_datachk" name="Check_CNSIM_dataset" time="0.0040000000000191"/>
    <testcase classname="CNSIM_datachk" name="Check_CNSIM_dataset" time="0.00300000000004275"/>
    <testcase classname="CNSIM_datachk" name="Check_CNSIM_dataset" time="0.00299999999992906"/>
    <testcase classname="CNSIM_datachk" name="Check_CNSIM_dataset" time="0.531000000000063"/>
    <testcase classname="CNSIM_datachk" name="Check_CNSIM_dataset" time="0.00299999999992906"/>
    <testcase classname="CNSIM_datachk" name="Check_CNSIM_dataset" time="0.00300000000004275"/>
    <testcase classname="CNSIM_datachk" name="Check_CNSIM_dataset" time="0.00300000000004275"/>
    <testcase classname="CNSIM_datachk" name="Check_CNSIM_dataset" time="0.00299999999992906"/>
    <testcase classname="CNSIM_datachk" name="Check_CNSIM_dataset" time="0.00300000000004275"/>
    <testcase classname="CNSIM_datachk" name="Check_CNSIM_dataset" time="0.00199999999995271"/>
    <testcase classname="CNSIM_datachk" name="Check_CNSIM_dataset" time="0.276000000000067"/>
    <testcase classname="CNSIM_datachk" name="Check_CNSIM_dataset" time="0.00299999999992906"/>
    <testcase classname="CNSIM_datachk" name="Check_CNSIM_dataset" time="0.00300000000004275"/>
    <testcase classname="CNSIM_datachk" name="Check_CNSIM_dataset" time="0.00300000000004275"/>
    <testcase classname="CNSIM_datachk" name="Check_CNSIM_dataset" time="0.00299999999992906"/>
    <testcase classname="CNSIM_datachk" name="Check_CNSIM_dataset" time="0.0040000000000191"/>
    <testcase classname="CNSIM_datachk" name="Check_CNSIM_dataset" time="0.00300000000004275"/>
    <testcase classname="CNSIM_datachk" name="Check_CNSIM_dataset" time="0.00299999999992906"/>
    <testcase classname="CNSIM_datachk" name="Check_CNSIM_dataset" time="0.0040000000000191"/>
    <testcase classname="CNSIM_datachk" name="Check_CNSIM_dataset" time="0.533999999999992"/>
    <testcase classname="CNSIM_datachk" name="Check_CNSIM_dataset" time="0.0040000000000191"/>
    <testcase classname="CNSIM_datachk" name="Check_CNSIM_dataset" time="0.00300000000004275"/>
    <testcase classname="CNSIM_datachk" name="Check_CNSIM_dataset" time="0.00299999999992906"/>
    <testcase classname="CNSIM_datachk" name="Check_CNSIM_dataset" time="0.00300000000004275"/>
    <testcase classname="CNSIM_datachk" name="Check_CNSIM_dataset" time="0.00300000000004275"/>
    <testcase classname="CNSIM_datachk" name="Check_CNSIM_dataset" time="0.00399999999990541"/>
    <testcase classname="CNSIM_datachk" name="Check_CNSIM_dataset" time="0.293000000000006"/>
    <testcase classname="CNSIM_datachk" name="Check_CNSIM_dataset" time="0.00300000000004275"/>
    <testcase classname="CNSIM_datachk" name="Check_CNSIM_dataset" time="0.0040000000000191"/>
    <testcase classname="CNSIM_datachk" name="Check_CNSIM_dataset" time="0.00299999999992906"/>
    <testcase classname="CNSIM_datachk" name="Check_CNSIM_dataset" time="0.00500000000010914"/>
    <testcase classname="CNSIM_datachk" name="Check_CNSIM_dataset" time="0.00399999999990541"/>
    <testcase classname="CNSIM_datachk" name="Check_CNSIM_dataset" time="0.00300000000004275"/>
    <testcase classname="CNSIM_datachk" name="Check_CNSIM_dataset" time="0.0040000000000191"/>
    <testcase classname="CNSIM_datachk" name="Check_CNSIM_dataset" time="0.00499999999999545"/>
    <testcase classname="CNSIM_datachk" name="Check_CNSIM_dataset" time="0.538000000000011"/>
    <testcase classname="CNSIM_datachk" name="Check_CNSIM_dataset" time="0.0040000000000191"/>
    <testcase classname="CNSIM_datachk" name="Check_CNSIM_dataset" time="0.00399999999990541"/>
    <testcase classname="CNSIM_datachk" name="Check_CNSIM_dataset" time="0.00300000000004275"/>
    <testcase classname="CNSIM_datachk" name="Check_CNSIM_dataset" time="0.00300000000004275"/>
    <testcase classname="CNSIM_datachk" name="Check_CNSIM_dataset" time="0.00399999999990541"/>
    <testcase classname="CNSIM_datachk" name="Check_CNSIM_dataset" time="0.0040000000000191"/>
    <testcase classname="CNSIM_datachk" name="Check_CNSIM_dataset" time="0.275000000000091"/>
    <testcase classname="CNSIM_datachk" name="Check_CNSIM_dataset" time="0.00799999999992451"/>
    <testcase classname="CNSIM_datachk" name="Check_CNSIM_dataset" time="0.0040000000000191"/>
    <testcase classname="CNSIM_datachk" name="Check_CNSIM_dataset" time="0.00499999999999545"/>
    <testcase classname="CNSIM_datachk" name="Check_CNSIM_dataset" time="0.0040000000000191"/>
    <testcase classname="CNSIM_datachk" name="Check_CNSIM_dataset" time="0.00499999999999545"/>
    <testcase classname="CNSIM_datachk" name="Check_CNSIM_dataset" time="0.00499999999999545"/>
    <testcase classname="CNSIM_datachk" name="Check_CNSIM_dataset" time="0.0040000000000191"/>
    <testcase classname="CNSIM_datachk" name="Check_CNSIM_dataset" time="0.00499999999999545"/>
    <testcase classname="CNSIM_datachk" name="Check_CNSIM_dataset" time="0.549999999999955"/>
    <testcase classname="CNSIM_datachk" name="Check_CNSIM_dataset" time="0.0040000000000191"/>
    <testcase classname="CNSIM_datachk" name="Check_CNSIM_dataset" time="0.0109999999999673"/>
    <testcase classname="CNSIM_datachk" name="Check_CNSIM_dataset" time="0.00300000000004275"/>
    <testcase classname="CNSIM_datachk" name="Check_CNSIM_dataset" time="0.0040000000000191"/>
    <testcase classname="CNSIM_datachk" name="Check_CNSIM_dataset" time="0.0040000000000191"/>
    <testcase classname="CNSIM_datachk" name="Check_CNSIM_dataset" time="0.00399999999990541"/>
    <testcase classname="CNSIM_datachk" name="Check_CNSIM_dataset" time="0.27800000000002"/>
    <testcase classname="CNSIM_datachk" name="Check_CNSIM_dataset" time="0.0040000000000191"/>
    <testcase classname="CNSIM_datachk" name="Check_CNSIM_dataset" time="0.00499999999999545"/>
    <testcase classname="CNSIM_datachk" name="Check_CNSIM_dataset" time="0.0040000000000191"/>
    <testcase classname="CNSIM_datachk" name="Check_CNSIM_dataset" time="0.0040000000000191"/>
    <testcase classname="CNSIM_datachk" name="Check_CNSIM_dataset" time="0.0040000000000191"/>
    <testcase classname="CNSIM_datachk" name="Check_CNSIM_dataset" time="0.0040000000000191"/>
    <testcase classname="CNSIM_datachk" name="Check_CNSIM_dataset" time="0.00299999999992906"/>
    <testcase classname="CNSIM_datachk" name="Check_CNSIM_dataset" time="0.0040000000000191"/>
  </testsuite>
  <testsuite errors="0" failures="0" hostname="fv-az14" name="CNSIM::datachk::shutdown" skipped="0" tests="3" time="0.279" timestamp="2020-09-17T09:54:32Z">
    <testcase classname="CNSIM_datachk_shutdown" name="shutdown" time="0.277000000000044"/>
    <testcase classname="CNSIM_datachk_shutdown" name="shutdown" time="0.000999999999976353"/>
    <testcase classname="CNSIM_datachk_shutdown" name="shutdown" time="0.000999999999976353"/>
  </testsuite>
  <testsuite errors="0" failures="0" hostname="fv-az14" name="CNSIM::datachk::done" skipped="0" tests="0" time="0" timestamp="2020-09-17T09:54:33Z"/>
  <testsuite errors="0" failures="0" hostname="fv-az14" name="DASIM::datachk::setup" skipped="0" tests="3" time="5.912" timestamp="2020-09-17T09:54:33Z">
    <testcase classname="DASIM_datachk_setup" name="setup" time="5.90899999999999"/>
    <testcase classname="DASIM_datachk_setup" name="setup" time="0.00200000000006639"/>
    <testcase classname="DASIM_datachk_setup" name="setup" time="0.000999999999976353"/>
  </testsuite>
  <testsuite errors="0" failures="0" hostname="fv-az14" name="DASIM::datachk" skipped="0" tests="182" time="10.53" timestamp="2020-09-17T09:54:38Z">
    <testcase classname="DASIM_datachk" name="Check_DASIM_dataset" time="0.54099999999994"/>
    <testcase classname="DASIM_datachk" name="Check_DASIM_dataset" time="0.00200000000006639"/>
    <testcase classname="DASIM_datachk" name="Check_DASIM_dataset" time="0.000999999999976353"/>
    <testcase classname="DASIM_datachk" name="Check_DASIM_dataset" time="0.00199999999995271"/>
    <testcase classname="DASIM_datachk" name="Check_DASIM_dataset" time="0.00100000000009004"/>
    <testcase classname="DASIM_datachk" name="Check_DASIM_dataset" time="0.000999999999976353"/>
    <testcase classname="DASIM_datachk" name="Check_DASIM_dataset" time="0.00199999999995271"/>
    <testcase classname="DASIM_datachk" name="Check_DASIM_dataset" time="0.269000000000005"/>
    <testcase classname="DASIM_datachk" name="Check_DASIM_dataset" time="0.000999999999976353"/>
    <testcase classname="DASIM_datachk" name="Check_DASIM_dataset" time="0.00200000000006639"/>
    <testcase classname="DASIM_datachk" name="Check_DASIM_dataset" time="0.00199999999995271"/>
    <testcase classname="DASIM_datachk" name="Check_DASIM_dataset" time="0.000999999999976353"/>
    <testcase classname="DASIM_datachk" name="Check_DASIM_dataset" time="0.00200000000006639"/>
    <testcase classname="DASIM_datachk" name="Check_DASIM_dataset" time="0.000999999999976353"/>
    <testcase classname="DASIM_datachk" name="Check_DASIM_dataset" time="0.00200000000006639"/>
    <testcase classname="DASIM_datachk" name="Check_DASIM_dataset" time="1.22399999999993"/>
    <testcase classname="DASIM_datachk" name="Check_DASIM_dataset" time="0.00200000000006639"/>
    <testcase classname="DASIM_datachk" name="Check_DASIM_dataset" time="0.00799999999992451"/>
    <testcase classname="DASIM_datachk" name="Check_DASIM_dataset" time="0.00200000000006639"/>
    <testcase classname="DASIM_datachk" name="Check_DASIM_dataset" time="0.00199999999995271"/>
    <testcase classname="DASIM_datachk" name="Check_DASIM_dataset" time="0.000999999999976353"/>
    <testcase classname="DASIM_datachk" name="Check_DASIM_dataset" time="0.00200000000006639"/>
    <testcase classname="DASIM_datachk" name="Check_DASIM_dataset" time="0.530999999999949"/>
    <testcase classname="DASIM_datachk" name="Check_DASIM_dataset" time="0.000999999999976353"/>
    <testcase classname="DASIM_datachk" name="Check_DASIM_dataset" time="0.00200000000006639"/>
    <testcase classname="DASIM_datachk" name="Check_DASIM_dataset" time="0.000999999999976353"/>
    <testcase classname="DASIM_datachk" name="Check_DASIM_dataset" time="0.00199999999995271"/>
    <testcase classname="DASIM_datachk" name="Check_DASIM_dataset" time="0.00100000000009004"/>
    <testcase classname="DASIM_datachk" name="Check_DASIM_dataset" time="0.00199999999995271"/>
    <testcase classname="DASIM_datachk" name="Check_DASIM_dataset" time="0.269000000000005"/>
    <testcase classname="DASIM_datachk" name="Check_DASIM_dataset" time="0.000999999999976353"/>
    <testcase classname="DASIM_datachk" name="Check_DASIM_dataset" time="0.00200000000006639"/>
    <testcase classname="DASIM_datachk" name="Check_DASIM_dataset" time="0.000999999999976353"/>
    <testcase classname="DASIM_datachk" name="Check_DASIM_dataset" time="0.00199999999995271"/>
    <testcase classname="DASIM_datachk" name="Check_DASIM_dataset" time="0.000999999999976353"/>
    <testcase classname="DASIM_datachk" name="Check_DASIM_dataset" time="0.00200000000006639"/>
    <testcase classname="DASIM_datachk" name="Check_DASIM_dataset" time="0.00199999999995271"/>
    <testcase classname="DASIM_datachk" name="Check_DASIM_dataset" time="0.000999999999976353"/>
    <testcase classname="DASIM_datachk" name="Check_DASIM_dataset" time="0.535000000000082"/>
    <testcase classname="DASIM_datachk" name="Check_DASIM_dataset" time="0.00199999999995271"/>
    <testcase classname="DASIM_datachk" name="Check_DASIM_dataset" time="0.00200000000006639"/>
    <testcase classname="DASIM_datachk" name="Check_DASIM_dataset" time="0.00199999999995271"/>
    <testcase classname="DASIM_datachk" name="Check_DASIM_dataset" time="0.000999999999976353"/>
    <testcase classname="DASIM_datachk" name="Check_DASIM_dataset" time="0.00200000000006639"/>
    <testcase classname="DASIM_datachk" name="Check_DASIM_dataset" time="0.00199999999995271"/>
    <testcase classname="DASIM_datachk" name="Check_DASIM_dataset" time="0.272000000000048"/>
    <testcase classname="DASIM_datachk" name="Check_DASIM_dataset" time="0.00299999999992906"/>
    <testcase classname="DASIM_datachk" name="Check_DASIM_dataset" time="0.00200000000006639"/>
    <testcase classname="DASIM_datachk" name="Check_DASIM_dataset" time="0.00199999999995271"/>
    <testcase classname="DASIM_datachk" name="Check_DASIM_dataset" time="0.00199999999995271"/>
    <testcase classname="DASIM_datachk" name="Check_DASIM_dataset" time="0.00200000000006639"/>
    <testcase classname="DASIM_datachk" name="Check_DASIM_dataset" time="0.00299999999992906"/>
    <testcase classname="DASIM_datachk" name="Check_DASIM_dataset" time="0.00200000000006639"/>
    <testcase classname="DASIM_datachk" name="Check_DASIM_dataset" time="0.00199999999995271"/>
    <testcase classname="DASIM_datachk" name="Check_DASIM_dataset" time="0.536000000000058"/>
    <testcase classname="DASIM_datachk" name="Check_DASIM_dataset" time="0.00199999999995271"/>
    <testcase classname="DASIM_datachk" name="Check_DASIM_dataset" time="0.00200000000006639"/>
    <testcase classname="DASIM_datachk" name="Check_DASIM_dataset" time="0.00199999999995271"/>
    <testcase classname="DASIM_datachk" name="Check_DASIM_dataset" time="0.00199999999995271"/>
    <testcase classname="DASIM_datachk" name="Check_DASIM_dataset" time="0.00200000000006639"/>
    <testcase classname="DASIM_datachk" name="Check_DASIM_dataset" time="0.00199999999995271"/>
    <testcase classname="DASIM_datachk" name="Check_DASIM_dataset" time="0.26400000000001"/>
    <testcase classname="DASIM_datachk" name="Check_DASIM_dataset" time="0.00300000000004275"/>
    <testcase classname="DASIM_datachk" name="Check_DASIM_dataset" time="0.00199999999995271"/>
    <testcase classname="DASIM_datachk" name="Check_DASIM_dataset" time="0.00300000000004275"/>
    <testcase classname="DASIM_datachk" name="Check_DASIM_dataset" time="0.00199999999995271"/>
    <testcase classname="DASIM_datachk" name="Check_DASIM_dataset" time="0.00200000000006639"/>
    <testcase classname="DASIM_datachk" name="Check_DASIM_dataset" time="0.00199999999995271"/>
    <testcase classname="DASIM_datachk" name="Check_DASIM_dataset" time="0.00200000000006639"/>
    <testcase classname="DASIM_datachk" name="Check_DASIM_dataset" time="0.00299999999992906"/>
    <testcase classname="DASIM_datachk" name="Check_DASIM_dataset" time="0.528999999999996"/>
    <testcase classname="DASIM_datachk" name="Check_DASIM_dataset" time="0.00200000000006639"/>
    <testcase classname="DASIM_datachk" name="Check_DASIM_dataset" time="0.00199999999995271"/>
    <testcase classname="DASIM_datachk" name="Check_DASIM_dataset" time="0.00199999999995271"/>
    <testcase classname="DASIM_datachk" name="Check_DASIM_dataset" time="0.00300000000004275"/>
    <testcase classname="DASIM_datachk" name="Check_DASIM_dataset" time="0.00300000000004275"/>
    <testcase classname="DASIM_datachk" name="Check_DASIM_dataset" time="0.00299999999992906"/>
    <testcase classname="DASIM_datachk" name="Check_DASIM_dataset" time="0.274000000000001"/>
    <testcase classname="DASIM_datachk" name="Check_DASIM_dataset" time="0.0040000000000191"/>
    <testcase classname="DASIM_datachk" name="Check_DASIM_dataset" time="0.00200000000006639"/>
    <testcase classname="DASIM_datachk" name="Check_DASIM_dataset" time="0.00299999999992906"/>
    <testcase classname="DASIM_datachk" name="Check_DASIM_dataset" time="0.00300000000004275"/>
    <testcase classname="DASIM_datachk" name="Check_DASIM_dataset" time="0.00299999999992906"/>
    <testcase classname="DASIM_datachk" name="Check_DASIM_dataset" time="0.00300000000004275"/>
    <testcase classname="DASIM_datachk" name="Check_DASIM_dataset" time="0.00300000000004275"/>
    <testcase classname="DASIM_datachk" name="Check_DASIM_dataset" time="0.00299999999992906"/>
    <testcase classname="DASIM_datachk" name="Check_DASIM_dataset" time="0.54200000000003"/>
    <testcase classname="DASIM_datachk" name="Check_DASIM_dataset" time="0.00199999999995271"/>
    <testcase classname="DASIM_datachk" name="Check_DASIM_dataset" time="0.00300000000004275"/>
    <testcase classname="DASIM_datachk" name="Check_DASIM_dataset" time="0.00199999999995271"/>
    <testcase classname="DASIM_datachk" name="Check_DASIM_dataset" time="0.00300000000004275"/>
    <testcase classname="DASIM_datachk" name="Check_DASIM_dataset" time="0.00200000000006639"/>
    <testcase classname="DASIM_datachk" name="Check_DASIM_dataset" time="0.00199999999995271"/>
    <testcase classname="DASIM_datachk" name="Check_DASIM_dataset" time="0.269000000000005"/>
    <testcase classname="DASIM_datachk" name="Check_DASIM_dataset" time="0.0040000000000191"/>
    <testcase classname="DASIM_datachk" name="Check_DASIM_dataset" time="0.0040000000000191"/>
    <testcase classname="DASIM_datachk" name="Check_DASIM_dataset" time="0.00199999999995271"/>
    <testcase classname="DASIM_datachk" name="Check_DASIM_dataset" time="0.00300000000004275"/>
    <testcase classname="DASIM_datachk" name="Check_DASIM_dataset" time="0.00299999999992906"/>
    <testcase classname="DASIM_datachk" name="Check_DASIM_dataset" time="0.00300000000004275"/>
    <testcase classname="DASIM_datachk" name="Check_DASIM_dataset" time="0.00199999999995271"/>
    <testcase classname="DASIM_datachk" name="Check_DASIM_dataset" time="0.00200000000006639"/>
    <testcase classname="DASIM_datachk" name="Check_DASIM_dataset" time="0.529999999999973"/>
    <testcase classname="DASIM_datachk" name="Check_DASIM_dataset" time="0.00199999999995271"/>
    <testcase classname="DASIM_datachk" name="Check_DASIM_dataset" time="0.00300000000004275"/>
    <testcase classname="DASIM_datachk" name="Check_DASIM_dataset" time="0.00199999999995271"/>
    <testcase classname="DASIM_datachk" name="Check_DASIM_dataset" time="0.00300000000004275"/>
    <testcase classname="DASIM_datachk" name="Check_DASIM_dataset" time="0.00199999999995271"/>
    <testcase classname="DASIM_datachk" name="Check_DASIM_dataset" time="0.00300000000004275"/>
    <testcase classname="DASIM_datachk" name="Check_DASIM_dataset" time="0.268000000000029"/>
    <testcase classname="DASIM_datachk" name="Check_DASIM_dataset" time="0.0040000000000191"/>
    <testcase classname="DASIM_datachk" name="Check_DASIM_dataset" time="0.00299999999992906"/>
    <testcase classname="DASIM_datachk" name="Check_DASIM_dataset" time="0.00499999999999545"/>
    <testcase classname="DASIM_datachk" name="Check_DASIM_dataset" time="0.00300000000004275"/>
    <testcase classname="DASIM_datachk" name="Check_DASIM_dataset" time="0.00300000000004275"/>
    <testcase classname="DASIM_datachk" name="Check_DASIM_dataset" time="0.00299999999992906"/>
    <testcase classname="DASIM_datachk" name="Check_DASIM_dataset" time="0.00300000000004275"/>
    <testcase classname="DASIM_datachk" name="Check_DASIM_dataset" time="0.0040000000000191"/>
    <testcase classname="DASIM_datachk" name="Check_DASIM_dataset" time="0.532999999999902"/>
    <testcase classname="DASIM_datachk" name="Check_DASIM_dataset" time="0.00300000000004275"/>
    <testcase classname="DASIM_datachk" name="Check_DASIM_dataset" time="0.00300000000004275"/>
    <testcase classname="DASIM_datachk" name="Check_DASIM_dataset" time="0.00299999999992906"/>
    <testcase classname="DASIM_datachk" name="Check_DASIM_dataset" time="0.00300000000004275"/>
    <testcase classname="DASIM_datachk" name="Check_DASIM_dataset" time="0.00300000000004275"/>
    <testcase classname="DASIM_datachk" name="Check_DASIM_dataset" time="0.00299999999992906"/>
    <testcase classname="DASIM_datachk" name="Check_DASIM_dataset" time="0.278999999999996"/>
    <testcase classname="DASIM_datachk" name="Check_DASIM_dataset" time="0.00200000000006639"/>
    <testcase classname="DASIM_datachk" name="Check_DASIM_dataset" time="0.00299999999992906"/>
    <testcase classname="DASIM_datachk" name="Check_DASIM_dataset" time="0.0040000000000191"/>
    <testcase classname="DASIM_datachk" name="Check_DASIM_dataset" time="0.00300000000004275"/>
    <testcase classname="DASIM_datachk" name="Check_DASIM_dataset" time="0.00199999999995271"/>
    <testcase classname="DASIM_datachk" name="Check_DASIM_dataset" time="0.00300000000004275"/>
    <testcase classname="DASIM_datachk" name="Check_DASIM_dataset" time="0.00299999999992906"/>
    <testcase classname="DASIM_datachk" name="Check_DASIM_dataset" time="0.0040000000000191"/>
    <testcase classname="DASIM_datachk" name="Check_DASIM_dataset" time="0.543000000000006"/>
    <testcase classname="DASIM_datachk" name="Check_DASIM_dataset" time="0.00300000000004275"/>
    <testcase classname="DASIM_datachk" name="Check_DASIM_dataset" time="0.00299999999992906"/>
    <testcase classname="DASIM_datachk" name="Check_DASIM_dataset" time="0.00300000000004275"/>
    <testcase classname="DASIM_datachk" name="Check_DASIM_dataset" time="0.00300000000004275"/>
    <testcase classname="DASIM_datachk" name="Check_DASIM_dataset" time="0.0040000000000191"/>
    <testcase classname="DASIM_datachk" name="Check_DASIM_dataset" time="0.00299999999992906"/>
    <testcase classname="DASIM_datachk" name="Check_DASIM_dataset" time="0.271000000000072"/>
    <testcase classname="DASIM_datachk" name="Check_DASIM_dataset" time="0.00399999999990541"/>
    <testcase classname="DASIM_datachk" name="Check_DASIM_dataset" time="0.00499999999999545"/>
    <testcase classname="DASIM_datachk" name="Check_DASIM_dataset" time="0.00300000000004275"/>
    <testcase classname="DASIM_datachk" name="Check_DASIM_dataset" time="0.0040000000000191"/>
    <testcase classname="DASIM_datachk" name="Check_DASIM_dataset" time="0.00299999999992906"/>
    <testcase classname="DASIM_datachk" name="Check_DASIM_dataset" time="0.0040000000000191"/>
    <testcase classname="DASIM_datachk" name="Check_DASIM_dataset" time="0.00499999999999545"/>
    <testcase classname="DASIM_datachk" name="Check_DASIM_dataset" time="0.0040000000000191"/>
    <testcase classname="DASIM_datachk" name="Check_DASIM_dataset" time="0.537000000000035"/>
    <testcase classname="DASIM_datachk" name="Check_DASIM_dataset" time="0.0040000000000191"/>
    <testcase classname="DASIM_datachk" name="Check_DASIM_dataset" time="0.00300000000004275"/>
    <testcase classname="DASIM_datachk" name="Check_DASIM_dataset" time="0.00399999999990541"/>
    <testcase classname="DASIM_datachk" name="Check_DASIM_dataset" time="0.00300000000004275"/>
    <testcase classname="DASIM_datachk" name="Check_DASIM_dataset" time="0.0040000000000191"/>
    <testcase classname="DASIM_datachk" name="Check_DASIM_dataset" time="0.0040000000000191"/>
    <testcase classname="DASIM_datachk" name="Check_DASIM_dataset" time="0.272999999999911"/>
    <testcase classname="DASIM_datachk" name="Check_DASIM_dataset" time="0.0040000000000191"/>
    <testcase classname="DASIM_datachk" name="Check_DASIM_dataset" time="0.00300000000004275"/>
    <testcase classname="DASIM_datachk" name="Check_DASIM_dataset" time="0.00300000000004275"/>
    <testcase classname="DASIM_datachk" name="Check_DASIM_dataset" time="0.00299999999992906"/>
    <testcase classname="DASIM_datachk" name="Check_DASIM_dataset" time="0.0040000000000191"/>
    <testcase classname="DASIM_datachk" name="Check_DASIM_dataset" time="0.0040000000000191"/>
    <testcase classname="DASIM_datachk" name="Check_DASIM_dataset" time="0.0040000000000191"/>
    <testcase classname="DASIM_datachk" name="Check_DASIM_dataset" time="0.00299999999992906"/>
    <testcase classname="DASIM_datachk" name="Check_DASIM_dataset" time="0.535000000000082"/>
    <testcase classname="DASIM_datachk" name="Check_DASIM_dataset" time="0.00399999999990541"/>
    <testcase classname="DASIM_datachk" name="Check_DASIM_dataset" time="0.00300000000004275"/>
    <testcase classname="DASIM_datachk" name="Check_DASIM_dataset" time="0.0040000000000191"/>
    <testcase classname="DASIM_datachk" name="Check_DASIM_dataset" time="0.0040000000000191"/>
    <testcase classname="DASIM_datachk" name="Check_DASIM_dataset" time="0.00299999999992906"/>
    <testcase classname="DASIM_datachk" name="Check_DASIM_dataset" time="0.00499999999999545"/>
    <testcase classname="DASIM_datachk" name="Check_DASIM_dataset" time="0.273000000000025"/>
    <testcase classname="DASIM_datachk" name="Check_DASIM_dataset" time="0.00300000000004275"/>
    <testcase classname="DASIM_datachk" name="Check_DASIM_dataset" time="0.0040000000000191"/>
    <testcase classname="DASIM_datachk" name="Check_DASIM_dataset" time="0.00399999999990541"/>
    <testcase classname="DASIM_datachk" name="Check_DASIM_dataset" time="0.00300000000004275"/>
    <testcase classname="DASIM_datachk" name="Check_DASIM_dataset" time="0.0040000000000191"/>
    <testcase classname="DASIM_datachk" name="Check_DASIM_dataset" time="0.0040000000000191"/>
    <testcase classname="DASIM_datachk" name="Check_DASIM_dataset" time="0.0040000000000191"/>
    <testcase classname="DASIM_datachk" name="Check_DASIM_dataset" time="0.00399999999990541"/>
  </testsuite>
  <testsuite errors="0" failures="0" hostname="fv-az14" name="DASIM::datachk::shutdown" skipped="0" tests="3" time="0.286" timestamp="2020-09-17T09:54:49Z">
    <testcase classname="DASIM_datachk_shutdown" name="shutdown" time="0.283999999999992"/>
    <testcase classname="DASIM_datachk_shutdown" name="shutdown" time="0.00100000000009004"/>
    <testcase classname="DASIM_datachk_shutdown" name="shutdown" time="0.000999999999976353"/>
  </testsuite>
  <testsuite errors="0" failures="0" hostname="fv-az14" name="DASIM::datachk::done" skipped="0" tests="0" time="0" timestamp="2020-09-17T09:54:50Z"/>
  <testsuite errors="0" failures="0" hostname="fv-az14" name="FACTOR_LEVELS::datachk::setup" skipped="0" tests="3" time="5.388" timestamp="2020-09-17T09:54:50Z">
    <testcase classname="FACTOR_LEVELS_datachk_setup" name="setup" time="5.38499999999999"/>
    <testcase classname="FACTOR_LEVELS_datachk_setup" name="setup" time="0.000999999999976353"/>
    <testcase classname="FACTOR_LEVELS_datachk_setup" name="setup" time="0.00200000000006639"/>
  </testsuite>
  <testsuite errors="0" failures="0" hostname="fv-az14" name="FACTOR_LEVELS::datachk" skipped="0" tests="182" time="10.664" timestamp="2020-09-17T09:54:55Z">
    <testcase classname="FACTOR_LEVELS_datachk" name="Check_FACTOR_LEVELS_dataset" time="0.528999999999996"/>
    <testcase classname="FACTOR_LEVELS_datachk" name="Check_FACTOR_LEVELS_dataset" time="0.000999999999976353"/>
    <testcase classname="FACTOR_LEVELS_datachk" name="Check_FACTOR_LEVELS_dataset" time="0.00199999999995271"/>
    <testcase classname="FACTOR_LEVELS_datachk" name="Check_FACTOR_LEVELS_dataset" time="0.000999999999976353"/>
    <testcase classname="FACTOR_LEVELS_datachk" name="Check_FACTOR_LEVELS_dataset" time="0.00100000000009004"/>
    <testcase classname="FACTOR_LEVELS_datachk" name="Check_FACTOR_LEVELS_dataset" time="0.00199999999995271"/>
    <testcase classname="FACTOR_LEVELS_datachk" name="Check_FACTOR_LEVELS_dataset" time="0.000999999999976353"/>
    <testcase classname="FACTOR_LEVELS_datachk" name="Check_FACTOR_LEVELS_dataset" time="0.271000000000072"/>
    <testcase classname="FACTOR_LEVELS_datachk" name="Check_FACTOR_LEVELS_dataset" time="0.000999999999976353"/>
    <testcase classname="FACTOR_LEVELS_datachk" name="Check_FACTOR_LEVELS_dataset" time="0.000999999999976353"/>
    <testcase classname="FACTOR_LEVELS_datachk" name="Check_FACTOR_LEVELS_dataset" time="0.00200000000006639"/>
    <testcase classname="FACTOR_LEVELS_datachk" name="Check_FACTOR_LEVELS_dataset" time="0.000999999999976353"/>
    <testcase classname="FACTOR_LEVELS_datachk" name="Check_FACTOR_LEVELS_dataset" time="0.00299999999992906"/>
    <testcase classname="FACTOR_LEVELS_datachk" name="Check_FACTOR_LEVELS_dataset" time="0.00600000000008549"/>
    <testcase classname="FACTOR_LEVELS_datachk" name="Check_FACTOR_LEVELS_dataset" time="0.000999999999976353"/>
    <testcase classname="FACTOR_LEVELS_datachk" name="Check_FACTOR_LEVELS_dataset" time="1.27499999999998"/>
    <testcase classname="FACTOR_LEVELS_datachk" name="Check_FACTOR_LEVELS_dataset" time="0.00200000000006639"/>
    <testcase classname="FACTOR_LEVELS_datachk" name="Check_FACTOR_LEVELS_dataset" time="0.000999999999976353"/>
    <testcase classname="FACTOR_LEVELS_datachk" name="Check_FACTOR_LEVELS_dataset" time="0.00199999999995271"/>
    <testcase classname="FACTOR_LEVELS_datachk" name="Check_FACTOR_LEVELS_dataset" time="0.000999999999976353"/>
    <testcase classname="FACTOR_LEVELS_datachk" name="Check_FACTOR_LEVELS_dataset" time="0.00200000000006639"/>
    <testcase classname="FACTOR_LEVELS_datachk" name="Check_FACTOR_LEVELS_dataset" time="0.000999999999976353"/>
    <testcase classname="FACTOR_LEVELS_datachk" name="Check_FACTOR_LEVELS_dataset" time="0.538999999999987"/>
    <testcase classname="FACTOR_LEVELS_datachk" name="Check_FACTOR_LEVELS_dataset" time="0.00200000000006639"/>
    <testcase classname="FACTOR_LEVELS_datachk" name="Check_FACTOR_LEVELS_dataset" time="0.000999999999976353"/>
    <testcase classname="FACTOR_LEVELS_datachk" name="Check_FACTOR_LEVELS_dataset" time="0.00199999999995271"/>
    <testcase classname="FACTOR_LEVELS_datachk" name="Check_FACTOR_LEVELS_dataset" time="0.000999999999976353"/>
    <testcase classname="FACTOR_LEVELS_datachk" name="Check_FACTOR_LEVELS_dataset" time="0.000999999999976353"/>
    <testcase classname="FACTOR_LEVELS_datachk" name="Check_FACTOR_LEVELS_dataset" time="0.000999999999976353"/>
    <testcase classname="FACTOR_LEVELS_datachk" name="Check_FACTOR_LEVELS_dataset" time="0.274999999999977"/>
    <testcase classname="FACTOR_LEVELS_datachk" name="Check_FACTOR_LEVELS_dataset" time="0.00200000000006639"/>
    <testcase classname="FACTOR_LEVELS_datachk" name="Check_FACTOR_LEVELS_dataset" time="0.000999999999976353"/>
    <testcase classname="FACTOR_LEVELS_datachk" name="Check_FACTOR_LEVELS_dataset" time="0.00199999999995271"/>
    <testcase classname="FACTOR_LEVELS_datachk" name="Check_FACTOR_LEVELS_dataset" time="0.00200000000006639"/>
    <testcase classname="FACTOR_LEVELS_datachk" name="Check_FACTOR_LEVELS_dataset" time="0.00199999999995271"/>
    <testcase classname="FACTOR_LEVELS_datachk" name="Check_FACTOR_LEVELS_dataset" time="0.00199999999995271"/>
    <testcase classname="FACTOR_LEVELS_datachk" name="Check_FACTOR_LEVELS_dataset" time="0.00200000000006639"/>
    <testcase classname="FACTOR_LEVELS_datachk" name="Check_FACTOR_LEVELS_dataset" time="0.000999999999976353"/>
    <testcase classname="FACTOR_LEVELS_datachk" name="Check_FACTOR_LEVELS_dataset" time="0.525000000000091"/>
    <testcase classname="FACTOR_LEVELS_datachk" name="Check_FACTOR_LEVELS_dataset" time="0.00299999999992906"/>
    <testcase classname="FACTOR_LEVELS_datachk" name="Check_FACTOR_LEVELS_dataset" time="0.00200000000006639"/>
    <testcase classname="FACTOR_LEVELS_datachk" name="Check_FACTOR_LEVELS_dataset" time="0.000999999999976353"/>
    <testcase classname="FACTOR_LEVELS_datachk" name="Check_FACTOR_LEVELS_dataset" time="0.00199999999995271"/>
    <testcase classname="FACTOR_LEVELS_datachk" name="Check_FACTOR_LEVELS_dataset" time="0.000999999999976353"/>
    <testcase classname="FACTOR_LEVELS_datachk" name="Check_FACTOR_LEVELS_dataset" time="0.000999999999976353"/>
    <testcase classname="FACTOR_LEVELS_datachk" name="Check_FACTOR_LEVELS_dataset" time="0.27800000000002"/>
    <testcase classname="FACTOR_LEVELS_datachk" name="Check_FACTOR_LEVELS_dataset" time="0.00199999999995271"/>
    <testcase classname="FACTOR_LEVELS_datachk" name="Check_FACTOR_LEVELS_dataset" time="0.00199999999995271"/>
    <testcase classname="FACTOR_LEVELS_datachk" name="Check_FACTOR_LEVELS_dataset" time="0.00100000000009004"/>
    <testcase classname="FACTOR_LEVELS_datachk" name="Check_FACTOR_LEVELS_dataset" time="0.00199999999995271"/>
    <testcase classname="FACTOR_LEVELS_datachk" name="Check_FACTOR_LEVELS_dataset" time="0.00199999999995271"/>
    <testcase classname="FACTOR_LEVELS_datachk" name="Check_FACTOR_LEVELS_dataset" time="0.00300000000004275"/>
    <testcase classname="FACTOR_LEVELS_datachk" name="Check_FACTOR_LEVELS_dataset" time="0.00300000000004275"/>
    <testcase classname="FACTOR_LEVELS_datachk" name="Check_FACTOR_LEVELS_dataset" time="0.00199999999995271"/>
    <testcase classname="FACTOR_LEVELS_datachk" name="Check_FACTOR_LEVELS_dataset" time="0.538000000000011"/>
    <testcase classname="FACTOR_LEVELS_datachk" name="Check_FACTOR_LEVELS_dataset" time="0.00199999999995271"/>
    <testcase classname="FACTOR_LEVELS_datachk" name="Check_FACTOR_LEVELS_dataset" time="0.00200000000006639"/>
    <testcase classname="FACTOR_LEVELS_datachk" name="Check_FACTOR_LEVELS_dataset" time="0.00900000000001455"/>
    <testcase classname="FACTOR_LEVELS_datachk" name="Check_FACTOR_LEVELS_dataset" time="0.00199999999995271"/>
    <testcase classname="FACTOR_LEVELS_datachk" name="Check_FACTOR_LEVELS_dataset" time="0.00200000000006639"/>
    <testcase classname="FACTOR_LEVELS_datachk" name="Check_FACTOR_LEVELS_dataset" time="0.00299999999992906"/>
    <testcase classname="FACTOR_LEVELS_datachk" name="Check_FACTOR_LEVELS_dataset" time="0.281000000000063"/>
    <testcase classname="FACTOR_LEVELS_datachk" name="Check_FACTOR_LEVELS_dataset" time="0.00299999999992906"/>
    <testcase classname="FACTOR_LEVELS_datachk" name="Check_FACTOR_LEVELS_dataset" time="0.00300000000004275"/>
    <testcase classname="FACTOR_LEVELS_datachk" name="Check_FACTOR_LEVELS_dataset" time="0.00199999999995271"/>
    <testcase classname="FACTOR_LEVELS_datachk" name="Check_FACTOR_LEVELS_dataset" time="0.00300000000004275"/>
    <testcase classname="FACTOR_LEVELS_datachk" name="Check_FACTOR_LEVELS_dataset" time="0.00199999999995271"/>
    <testcase classname="FACTOR_LEVELS_datachk" name="Check_FACTOR_LEVELS_dataset" time="0.00300000000004275"/>
    <testcase classname="FACTOR_LEVELS_datachk" name="Check_FACTOR_LEVELS_dataset" time="0.00199999999995271"/>
    <testcase classname="FACTOR_LEVELS_datachk" name="Check_FACTOR_LEVELS_dataset" time="0.00200000000006639"/>
    <testcase classname="FACTOR_LEVELS_datachk" name="Check_FACTOR_LEVELS_dataset" time="0.557999999999993"/>
    <testcase classname="FACTOR_LEVELS_datachk" name="Check_FACTOR_LEVELS_dataset" time="0.00199999999995271"/>
    <testcase classname="FACTOR_LEVELS_datachk" name="Check_FACTOR_LEVELS_dataset" time="0.00200000000006639"/>
    <testcase classname="FACTOR_LEVELS_datachk" name="Check_FACTOR_LEVELS_dataset" time="0.00199999999995271"/>
    <testcase classname="FACTOR_LEVELS_datachk" name="Check_FACTOR_LEVELS_dataset" time="0.00200000000006639"/>
    <testcase classname="FACTOR_LEVELS_datachk" name="Check_FACTOR_LEVELS_dataset" time="0.00199999999995271"/>
    <testcase classname="FACTOR_LEVELS_datachk" name="Check_FACTOR_LEVELS_dataset" time="0.00300000000004275"/>
    <testcase classname="FACTOR_LEVELS_datachk" name="Check_FACTOR_LEVELS_dataset" time="0.269999999999982"/>
    <testcase classname="FACTOR_LEVELS_datachk" name="Check_FACTOR_LEVELS_dataset" time="0.00199999999995271"/>
    <testcase classname="FACTOR_LEVELS_datachk" name="Check_FACTOR_LEVELS_dataset" time="0.00300000000004275"/>
    <testcase classname="FACTOR_LEVELS_datachk" name="Check_FACTOR_LEVELS_dataset" time="0.00199999999995271"/>
    <testcase classname="FACTOR_LEVELS_datachk" name="Check_FACTOR_LEVELS_dataset" time="0.00300000000004275"/>
    <testcase classname="FACTOR_LEVELS_datachk" name="Check_FACTOR_LEVELS_dataset" time="0.00199999999995271"/>
    <testcase classname="FACTOR_LEVELS_datachk" name="Check_FACTOR_LEVELS_dataset" time="0.00300000000004275"/>
    <testcase classname="FACTOR_LEVELS_datachk" name="Check_FACTOR_LEVELS_dataset" time="0.00199999999995271"/>
    <testcase classname="FACTOR_LEVELS_datachk" name="Check_FACTOR_LEVELS_dataset" time="0.00300000000004275"/>
    <testcase classname="FACTOR_LEVELS_datachk" name="Check_FACTOR_LEVELS_dataset" time="0.552999999999997"/>
    <testcase classname="FACTOR_LEVELS_datachk" name="Check_FACTOR_LEVELS_dataset" time="0.00300000000004275"/>
    <testcase classname="FACTOR_LEVELS_datachk" name="Check_FACTOR_LEVELS_dataset" time="0.00199999999995271"/>
    <testcase classname="FACTOR_LEVELS_datachk" name="Check_FACTOR_LEVELS_dataset" time="0.00200000000006639"/>
    <testcase classname="FACTOR_LEVELS_datachk" name="Check_FACTOR_LEVELS_dataset" time="0.00299999999992906"/>
    <testcase classname="FACTOR_LEVELS_datachk" name="Check_FACTOR_LEVELS_dataset" time="0.00200000000006639"/>
    <testcase classname="FACTOR_LEVELS_datachk" name="Check_FACTOR_LEVELS_dataset" time="0.00299999999992906"/>
    <testcase classname="FACTOR_LEVELS_datachk" name="Check_FACTOR_LEVELS_dataset" time="0.283000000000015"/>
    <testcase classname="FACTOR_LEVELS_datachk" name="Check_FACTOR_LEVELS_dataset" time="0.00300000000004275"/>
    <testcase classname="FACTOR_LEVELS_datachk" name="Check_FACTOR_LEVELS_dataset" time="0.00199999999995271"/>
    <testcase classname="FACTOR_LEVELS_datachk" name="Check_FACTOR_LEVELS_dataset" time="0.00300000000004275"/>
    <testcase classname="FACTOR_LEVELS_datachk" name="Check_FACTOR_LEVELS_dataset" time="0.00199999999995271"/>
    <testcase classname="FACTOR_LEVELS_datachk" name="Check_FACTOR_LEVELS_dataset" time="0.00200000000006639"/>
    <testcase classname="FACTOR_LEVELS_datachk" name="Check_FACTOR_LEVELS_dataset" time="0.00299999999992906"/>
    <testcase classname="FACTOR_LEVELS_datachk" name="Check_FACTOR_LEVELS_dataset" time="0.00300000000004275"/>
    <testcase classname="FACTOR_LEVELS_datachk" name="Check_FACTOR_LEVELS_dataset" time="0.00299999999992906"/>
    <testcase classname="FACTOR_LEVELS_datachk" name="Check_FACTOR_LEVELS_dataset" time="0.535000000000082"/>
    <testcase classname="FACTOR_LEVELS_datachk" name="Check_FACTOR_LEVELS_dataset" time="0.00199999999995271"/>
    <testcase classname="FACTOR_LEVELS_datachk" name="Check_FACTOR_LEVELS_dataset" time="0.00300000000004275"/>
    <testcase classname="FACTOR_LEVELS_datachk" name="Check_FACTOR_LEVELS_dataset" time="0.00199999999995271"/>
    <testcase classname="FACTOR_LEVELS_datachk" name="Check_FACTOR_LEVELS_dataset" time="0.00300000000004275"/>
    <testcase classname="FACTOR_LEVELS_datachk" name="Check_FACTOR_LEVELS_dataset" time="0.00299999999992906"/>
    <testcase classname="FACTOR_LEVELS_datachk" name="Check_FACTOR_LEVELS_dataset" time="0.00300000000004275"/>
    <testcase classname="FACTOR_LEVELS_datachk" name="Check_FACTOR_LEVELS_dataset" time="0.265999999999963"/>
    <testcase classname="FACTOR_LEVELS_datachk" name="Check_FACTOR_LEVELS_dataset" time="0.00300000000004275"/>
    <testcase classname="FACTOR_LEVELS_datachk" name="Check_FACTOR_LEVELS_dataset" time="0.00300000000004275"/>
    <testcase classname="FACTOR_LEVELS_datachk" name="Check_FACTOR_LEVELS_dataset" time="0.00299999999992906"/>
    <testcase classname="FACTOR_LEVELS_datachk" name="Check_FACTOR_LEVELS_dataset" time="0.00300000000004275"/>
    <testcase classname="FACTOR_LEVELS_datachk" name="Check_FACTOR_LEVELS_dataset" time="0.00300000000004275"/>
    <testcase classname="FACTOR_LEVELS_datachk" name="Check_FACTOR_LEVELS_dataset" time="0.00299999999992906"/>
    <testcase classname="FACTOR_LEVELS_datachk" name="Check_FACTOR_LEVELS_dataset" time="0.00300000000004275"/>
    <testcase classname="FACTOR_LEVELS_datachk" name="Check_FACTOR_LEVELS_dataset" time="0.00299999999992906"/>
    <testcase classname="FACTOR_LEVELS_datachk" name="Check_FACTOR_LEVELS_dataset" time="0.54200000000003"/>
    <testcase classname="FACTOR_LEVELS_datachk" name="Check_FACTOR_LEVELS_dataset" time="0.00300000000004275"/>
    <testcase classname="FACTOR_LEVELS_datachk" name="Check_FACTOR_LEVELS_dataset" time="0.00299999999992906"/>
    <testcase classname="FACTOR_LEVELS_datachk" name="Check_FACTOR_LEVELS_dataset" time="0.00300000000004275"/>
    <testcase classname="FACTOR_LEVELS_datachk" name="Check_FACTOR_LEVELS_dataset" time="0.00199999999995271"/>
    <testcase classname="FACTOR_LEVELS_datachk" name="Check_FACTOR_LEVELS_dataset" time="0.0040000000000191"/>
    <testcase classname="FACTOR_LEVELS_datachk" name="Check_FACTOR_LEVELS_dataset" time="0.0040000000000191"/>
    <testcase classname="FACTOR_LEVELS_datachk" name="Check_FACTOR_LEVELS_dataset" time="0.279999999999973"/>
    <testcase classname="FACTOR_LEVELS_datachk" name="Check_FACTOR_LEVELS_dataset" time="0.00300000000004275"/>
    <testcase classname="FACTOR_LEVELS_datachk" name="Check_FACTOR_LEVELS_dataset" time="0.0040000000000191"/>
    <testcase classname="FACTOR_LEVELS_datachk" name="Check_FACTOR_LEVELS_dataset" time="0.00199999999995271"/>
    <testcase classname="FACTOR_LEVELS_datachk" name="Check_FACTOR_LEVELS_dataset" time="0.00300000000004275"/>
    <testcase classname="FACTOR_LEVELS_datachk" name="Check_FACTOR_LEVELS_dataset" time="0.00299999999992906"/>
    <testcase classname="FACTOR_LEVELS_datachk" name="Check_FACTOR_LEVELS_dataset" time="0.0040000000000191"/>
    <testcase classname="FACTOR_LEVELS_datachk" name="Check_FACTOR_LEVELS_dataset" time="0.00200000000006639"/>
    <testcase classname="FACTOR_LEVELS_datachk" name="Check_FACTOR_LEVELS_dataset" time="0.00299999999992906"/>
    <testcase classname="FACTOR_LEVELS_datachk" name="Check_FACTOR_LEVELS_dataset" time="0.538999999999987"/>
    <testcase classname="FACTOR_LEVELS_datachk" name="Check_FACTOR_LEVELS_dataset" time="0.00300000000004275"/>
    <testcase classname="FACTOR_LEVELS_datachk" name="Check_FACTOR_LEVELS_dataset" time="0.00300000000004275"/>
    <testcase classname="FACTOR_LEVELS_datachk" name="Check_FACTOR_LEVELS_dataset" time="0.0040000000000191"/>
    <testcase classname="FACTOR_LEVELS_datachk" name="Check_FACTOR_LEVELS_dataset" time="0.00299999999992906"/>
    <testcase classname="FACTOR_LEVELS_datachk" name="Check_FACTOR_LEVELS_dataset" time="0.00300000000004275"/>
    <testcase classname="FACTOR_LEVELS_datachk" name="Check_FACTOR_LEVELS_dataset" time="0.00299999999992906"/>
    <testcase classname="FACTOR_LEVELS_datachk" name="Check_FACTOR_LEVELS_dataset" time="0.285000000000082"/>
    <testcase classname="FACTOR_LEVELS_datachk" name="Check_FACTOR_LEVELS_dataset" time="0.0040000000000191"/>
    <testcase classname="FACTOR_LEVELS_datachk" name="Check_FACTOR_LEVELS_dataset" time="0.00399999999990541"/>
    <testcase classname="FACTOR_LEVELS_datachk" name="Check_FACTOR_LEVELS_dataset" time="0.0040000000000191"/>
    <testcase classname="FACTOR_LEVELS_datachk" name="Check_FACTOR_LEVELS_dataset" time="0.0040000000000191"/>
    <testcase classname="FACTOR_LEVELS_datachk" name="Check_FACTOR_LEVELS_dataset" time="0.0040000000000191"/>
    <testcase classname="FACTOR_LEVELS_datachk" name="Check_FACTOR_LEVELS_dataset" time="0.0040000000000191"/>
    <testcase classname="FACTOR_LEVELS_datachk" name="Check_FACTOR_LEVELS_dataset" time="0.00299999999992906"/>
    <testcase classname="FACTOR_LEVELS_datachk" name="Check_FACTOR_LEVELS_dataset" time="0.0040000000000191"/>
    <testcase classname="FACTOR_LEVELS_datachk" name="Check_FACTOR_LEVELS_dataset" time="0.538000000000011"/>
    <testcase classname="FACTOR_LEVELS_datachk" name="Check_FACTOR_LEVELS_dataset" time="0.00300000000004275"/>
    <testcase classname="FACTOR_LEVELS_datachk" name="Check_FACTOR_LEVELS_dataset" time="0.00299999999992906"/>
    <testcase classname="FACTOR_LEVELS_datachk" name="Check_FACTOR_LEVELS_dataset" time="0.0040000000000191"/>
    <testcase classname="FACTOR_LEVELS_datachk" name="Check_FACTOR_LEVELS_dataset" time="0.00300000000004275"/>
    <testcase classname="FACTOR_LEVELS_datachk" name="Check_FACTOR_LEVELS_dataset" time="0.0040000000000191"/>
    <testcase classname="FACTOR_LEVELS_datachk" name="Check_FACTOR_LEVELS_dataset" time="0.00299999999992906"/>
    <testcase classname="FACTOR_LEVELS_datachk" name="Check_FACTOR_LEVELS_dataset" time="0.271000000000072"/>
    <testcase classname="FACTOR_LEVELS_datachk" name="Check_FACTOR_LEVELS_dataset" time="0.00399999999990541"/>
    <testcase classname="FACTOR_LEVELS_datachk" name="Check_FACTOR_LEVELS_dataset" time="0.00300000000004275"/>
    <testcase classname="FACTOR_LEVELS_datachk" name="Check_FACTOR_LEVELS_dataset" time="0.0040000000000191"/>
    <testcase classname="FACTOR_LEVELS_datachk" name="Check_FACTOR_LEVELS_dataset" time="0.00299999999992906"/>
    <testcase classname="FACTOR_LEVELS_datachk" name="Check_FACTOR_LEVELS_dataset" time="0.0040000000000191"/>
    <testcase classname="FACTOR_LEVELS_datachk" name="Check_FACTOR_LEVELS_dataset" time="0.0040000000000191"/>
    <testcase classname="FACTOR_LEVELS_datachk" name="Check_FACTOR_LEVELS_dataset" time="0.00300000000004275"/>
    <testcase classname="FACTOR_LEVELS_datachk" name="Check_FACTOR_LEVELS_dataset" time="0.0040000000000191"/>
    <testcase classname="FACTOR_LEVELS_datachk" name="Check_FACTOR_LEVELS_dataset" time="0.536999999999921"/>
    <testcase classname="FACTOR_LEVELS_datachk" name="Check_FACTOR_LEVELS_dataset" time="0.0040000000000191"/>
    <testcase classname="FACTOR_LEVELS_datachk" name="Check_FACTOR_LEVELS_dataset" time="0.00499999999999545"/>
    <testcase classname="FACTOR_LEVELS_datachk" name="Check_FACTOR_LEVELS_dataset" time="0.00499999999999545"/>
    <testcase classname="FACTOR_LEVELS_datachk" name="Check_FACTOR_LEVELS_dataset" time="0.0040000000000191"/>
    <testcase classname="FACTOR_LEVELS_datachk" name="Check_FACTOR_LEVELS_dataset" time="0.0040000000000191"/>
    <testcase classname="FACTOR_LEVELS_datachk" name="Check_FACTOR_LEVELS_dataset" time="0.0040000000000191"/>
    <testcase classname="FACTOR_LEVELS_datachk" name="Check_FACTOR_LEVELS_dataset" time="0.269000000000005"/>
    <testcase classname="FACTOR_LEVELS_datachk" name="Check_FACTOR_LEVELS_dataset" time="0.00399999999990541"/>
    <testcase classname="FACTOR_LEVELS_datachk" name="Check_FACTOR_LEVELS_dataset" time="0.0040000000000191"/>
    <testcase classname="FACTOR_LEVELS_datachk" name="Check_FACTOR_LEVELS_dataset" time="0.00300000000004275"/>
    <testcase classname="FACTOR_LEVELS_datachk" name="Check_FACTOR_LEVELS_dataset" time="0.00300000000004275"/>
    <testcase classname="FACTOR_LEVELS_datachk" name="Check_FACTOR_LEVELS_dataset" time="0.00399999999990541"/>
    <testcase classname="FACTOR_LEVELS_datachk" name="Check_FACTOR_LEVELS_dataset" time="0.0040000000000191"/>
    <testcase classname="FACTOR_LEVELS_datachk" name="Check_FACTOR_LEVELS_dataset" time="0.00300000000004275"/>
    <testcase classname="FACTOR_LEVELS_datachk" name="Check_FACTOR_LEVELS_dataset" time="0.0040000000000191"/>
  </testsuite>
  <testsuite errors="0" failures="0" hostname="fv-az14" name="FACTOR_LEVELS::datachk::shutdown" skipped="0" tests="3" time="0.279" timestamp="2020-09-17T09:55:05Z">
    <testcase classname="FACTOR_LEVELS_datachk_shutdown" name="shutdown" time="0.27699999999993"/>
    <testcase classname="FACTOR_LEVELS_datachk_shutdown" name="shutdown" time="0.00100000000009004"/>
    <testcase classname="FACTOR_LEVELS_datachk_shutdown" name="shutdown" time="0.000999999999976353"/>
  </testsuite>
  <testsuite errors="0" failures="0" hostname="fv-az14" name="FACTOR_LEVELS::datachk::done" skipped="0" tests="0" time="0" timestamp="2020-09-17T09:55:06Z"/>
  <testsuite errors="0" failures="0" hostname="fv-az14" name="TESTING::datachk::setup" skipped="0" tests="3" time="5.377" timestamp="2020-09-17T09:55:06Z">
    <testcase classname="TESTING_datachk_setup" name="setup" time="5.375"/>
    <testcase classname="TESTING_datachk_setup" name="setup" time="0.000999999999976353"/>
    <testcase classname="TESTING_datachk_setup" name="setup" time="0.000999999999976353"/>
  </testsuite>
  <testsuite errors="0" failures="0" hostname="fv-az14" name="TESTING::datachk" skipped="0" tests="310" time="17.724" timestamp="2020-09-17T09:55:11Z">
    <testcase classname="TESTING_datachk" name="Check_TESTING_dataset" time="0.600000000000023"/>
    <testcase classname="TESTING_datachk" name="Check_TESTING_dataset" time="0.00499999999999545"/>
    <testcase classname="TESTING_datachk" name="Check_TESTING_dataset" time="0.00199999999995271"/>
    <testcase classname="TESTING_datachk" name="Check_TESTING_dataset" time="0.00100000000009004"/>
    <testcase classname="TESTING_datachk" name="Check_TESTING_dataset" time="0.000999999999976353"/>
    <testcase classname="TESTING_datachk" name="Check_TESTING_dataset" time="0.000999999999976353"/>
    <testcase classname="TESTING_datachk" name="Check_TESTING_dataset" time="0.00199999999995271"/>
    <testcase classname="TESTING_datachk" name="Check_TESTING_dataset" time="0.272000000000048"/>
    <testcase classname="TESTING_datachk" name="Check_TESTING_dataset" time="0.000999999999976353"/>
    <testcase classname="TESTING_datachk" name="Check_TESTING_dataset" time="0.00200000000006639"/>
    <testcase classname="TESTING_datachk" name="Check_TESTING_dataset" time="0.000999999999976353"/>
    <testcase classname="TESTING_datachk" name="Check_TESTING_dataset" time="0.00199999999995271"/>
    <testcase classname="TESTING_datachk" name="Check_TESTING_dataset" time="0.000999999999976353"/>
    <testcase classname="TESTING_datachk" name="Check_TESTING_dataset" time="0.00200000000006639"/>
    <testcase classname="TESTING_datachk" name="Check_TESTING_dataset" time="0.000999999999976353"/>
    <testcase classname="TESTING_datachk" name="Check_TESTING_dataset" time="1.23500000000001"/>
    <testcase classname="TESTING_datachk" name="Check_TESTING_dataset" time="0.00199999999995271"/>
    <testcase classname="TESTING_datachk" name="Check_TESTING_dataset" time="0.00200000000006639"/>
    <testcase classname="TESTING_datachk" name="Check_TESTING_dataset" time="0.00199999999995271"/>
    <testcase classname="TESTING_datachk" name="Check_TESTING_dataset" time="0.000999999999976353"/>
    <testcase classname="TESTING_datachk" name="Check_TESTING_dataset" time="0.00200000000006639"/>
    <testcase classname="TESTING_datachk" name="Check_TESTING_dataset" time="0.00199999999995271"/>
    <testcase classname="TESTING_datachk" name="Check_TESTING_dataset" time="0.543999999999983"/>
    <testcase classname="TESTING_datachk" name="Check_TESTING_dataset" time="0.00300000000004275"/>
    <testcase classname="TESTING_datachk" name="Check_TESTING_dataset" time="0.000999999999976353"/>
    <testcase classname="TESTING_datachk" name="Check_TESTING_dataset" time="0.00200000000006639"/>
    <testcase classname="TESTING_datachk" name="Check_TESTING_dataset" time="0.000999999999976353"/>
    <testcase classname="TESTING_datachk" name="Check_TESTING_dataset" time="0.00199999999995271"/>
    <testcase classname="TESTING_datachk" name="Check_TESTING_dataset" time="0.00200000000006639"/>
    <testcase classname="TESTING_datachk" name="Check_TESTING_dataset" time="0.264999999999986"/>
    <testcase classname="TESTING_datachk" name="Check_TESTING_dataset" time="0.00199999999995271"/>
    <testcase classname="TESTING_datachk" name="Check_TESTING_dataset" time="0.00200000000006639"/>
    <testcase classname="TESTING_datachk" name="Check_TESTING_dataset" time="0.000999999999976353"/>
    <testcase classname="TESTING_datachk" name="Check_TESTING_dataset" time="0.00199999999995271"/>
    <testcase classname="TESTING_datachk" name="Check_TESTING_dataset" time="0.00200000000006639"/>
    <testcase classname="TESTING_datachk" name="Check_TESTING_dataset" time="0.000999999999976353"/>
    <testcase classname="TESTING_datachk" name="Check_TESTING_dataset" time="0.00199999999995271"/>
    <testcase classname="TESTING_datachk" name="Check_TESTING_dataset" time="0.00200000000006639"/>
    <testcase classname="TESTING_datachk" name="Check_TESTING_dataset" time="0.529999999999973"/>
    <testcase classname="TESTING_datachk" name="Check_TESTING_dataset" time="0.00199999999995271"/>
    <testcase classname="TESTING_datachk" name="Check_TESTING_dataset" time="0.00200000000006639"/>
    <testcase classname="TESTING_datachk" name="Check_TESTING_dataset" time="0.000999999999976353"/>
    <testcase classname="TESTING_datachk" name="Check_TESTING_dataset" time="0.00199999999995271"/>
    <testcase classname="TESTING_datachk" name="Check_TESTING_dataset" time="0.00200000000006639"/>
    <testcase classname="TESTING_datachk" name="Check_TESTING_dataset" time="0.000999999999976353"/>
    <testcase classname="TESTING_datachk" name="Check_TESTING_dataset" time="0.269999999999982"/>
    <testcase classname="TESTING_datachk" name="Check_TESTING_dataset" time="0.00300000000004275"/>
    <testcase classname="TESTING_datachk" name="Check_TESTING_dataset" time="0.00199999999995271"/>
    <testcase classname="TESTING_datachk" name="Check_TESTING_dataset" time="0.00300000000004275"/>
    <testcase classname="TESTING_datachk" name="Check_TESTING_dataset" time="0.00199999999995271"/>
    <testcase classname="TESTING_datachk" name="Check_TESTING_dataset" time="0.00200000000006639"/>
    <testcase classname="TESTING_datachk" name="Check_TESTING_dataset" time="0.00199999999995271"/>
    <testcase classname="TESTING_datachk" name="Check_TESTING_dataset" time="0.00200000000006639"/>
    <testcase classname="TESTING_datachk" name="Check_TESTING_dataset" time="0.00199999999995271"/>
    <testcase classname="TESTING_datachk" name="Check_TESTING_dataset" time="0.529999999999973"/>
    <testcase classname="TESTING_datachk" name="Check_TESTING_dataset" time="0.0080000000000382"/>
    <testcase classname="TESTING_datachk" name="Check_TESTING_dataset" time="0.00199999999995271"/>
    <testcase classname="TESTING_datachk" name="Check_TESTING_dataset" time="0.00200000000006639"/>
    <testcase classname="TESTING_datachk" name="Check_TESTING_dataset" time="0.00199999999995271"/>
    <testcase classname="TESTING_datachk" name="Check_TESTING_dataset" time="0.00200000000006639"/>
    <testcase classname="TESTING_datachk" name="Check_TESTING_dataset" time="0.00199999999995271"/>
    <testcase classname="TESTING_datachk" name="Check_TESTING_dataset" time="0.274000000000001"/>
    <testcase classname="TESTING_datachk" name="Check_TESTING_dataset" time="0.00199999999995271"/>
    <testcase classname="TESTING_datachk" name="Check_TESTING_dataset" time="0.00300000000004275"/>
    <testcase classname="TESTING_datachk" name="Check_TESTING_dataset" time="0.00300000000004275"/>
    <testcase classname="TESTING_datachk" name="Check_TESTING_dataset" time="0.00199999999995271"/>
    <testcase classname="TESTING_datachk" name="Check_TESTING_dataset" time="0.00300000000004275"/>
    <testcase classname="TESTING_datachk" name="Check_TESTING_dataset" time="0.00199999999995271"/>
    <testcase classname="TESTING_datachk" name="Check_TESTING_dataset" time="0.00199999999995271"/>
    <testcase classname="TESTING_datachk" name="Check_TESTING_dataset" time="0.00200000000006639"/>
    <testcase classname="TESTING_datachk" name="Check_TESTING_dataset" time="0.530999999999949"/>
    <testcase classname="TESTING_datachk" name="Check_TESTING_dataset" time="0.00200000000006639"/>
    <testcase classname="TESTING_datachk" name="Check_TESTING_dataset" time="0.00299999999992906"/>
    <testcase classname="TESTING_datachk" name="Check_TESTING_dataset" time="0.00200000000006639"/>
    <testcase classname="TESTING_datachk" name="Check_TESTING_dataset" time="0.00199999999995271"/>
    <testcase classname="TESTING_datachk" name="Check_TESTING_dataset" time="0.00200000000006639"/>
    <testcase classname="TESTING_datachk" name="Check_TESTING_dataset" time="0.00199999999995271"/>
    <testcase classname="TESTING_datachk" name="Check_TESTING_dataset" time="0.269000000000005"/>
    <testcase classname="TESTING_datachk" name="Check_TESTING_dataset" time="0.00300000000004275"/>
    <testcase classname="TESTING_datachk" name="Check_TESTING_dataset" time="0.00199999999995271"/>
    <testcase classname="TESTING_datachk" name="Check_TESTING_dataset" time="0.00300000000004275"/>
    <testcase classname="TESTING_datachk" name="Check_TESTING_dataset" time="0.00199999999995271"/>
    <testcase classname="TESTING_datachk" name="Check_TESTING_dataset" time="0.00200000000006639"/>
    <testcase classname="TESTING_datachk" name="Check_TESTING_dataset" time="0.00199999999995271"/>
    <testcase classname="TESTING_datachk" name="Check_TESTING_dataset" time="0.00300000000004275"/>
    <testcase classname="TESTING_datachk" name="Check_TESTING_dataset" time="0.00299999999992906"/>
    <testcase classname="TESTING_datachk" name="Check_TESTING_dataset" time="0.541000000000054"/>
    <testcase classname="TESTING_datachk" name="Check_TESTING_dataset" time="0.00199999999995271"/>
    <testcase classname="TESTING_datachk" name="Check_TESTING_dataset" time="0.00300000000004275"/>
    <testcase classname="TESTING_datachk" name="Check_TESTING_dataset" time="0.00300000000004275"/>
    <testcase classname="TESTING_datachk" name="Check_TESTING_dataset" time="0.00199999999995271"/>
    <testcase classname="TESTING_datachk" name="Check_TESTING_dataset" time="0.00199999999995271"/>
    <testcase classname="TESTING_datachk" name="Check_TESTING_dataset" time="0.00300000000004275"/>
    <testcase classname="TESTING_datachk" name="Check_TESTING_dataset" time="0.273000000000025"/>
    <testcase classname="TESTING_datachk" name="Check_TESTING_dataset" time="0.00299999999992906"/>
    <testcase classname="TESTING_datachk" name="Check_TESTING_dataset" time="0.00200000000006639"/>
    <testcase classname="TESTING_datachk" name="Check_TESTING_dataset" time="0.00199999999995271"/>
    <testcase classname="TESTING_datachk" name="Check_TESTING_dataset" time="0.00300000000004275"/>
    <testcase classname="TESTING_datachk" name="Check_TESTING_dataset" time="0.00199999999995271"/>
    <testcase classname="TESTING_datachk" name="Check_TESTING_dataset" time="0.00300000000004275"/>
    <testcase classname="TESTING_datachk" name="Check_TESTING_dataset" time="0.00300000000004275"/>
    <testcase classname="TESTING_datachk" name="Check_TESTING_dataset" time="0.00199999999995271"/>
    <testcase classname="TESTING_datachk" name="Check_TESTING_dataset" time="0.530999999999949"/>
    <testcase classname="TESTING_datachk" name="Check_TESTING_dataset" time="0.00300000000004275"/>
    <testcase classname="TESTING_datachk" name="Check_TESTING_dataset" time="0.00199999999995271"/>
    <testcase classname="TESTING_datachk" name="Check_TESTING_dataset" time="0.00300000000004275"/>
    <testcase classname="TESTING_datachk" name="Check_TESTING_dataset" time="0.00300000000004275"/>
    <testcase classname="TESTING_datachk" name="Check_TESTING_dataset" time="0.00199999999995271"/>
    <testcase classname="TESTING_datachk" name="Check_TESTING_dataset" time="0.00300000000004275"/>
    <testcase classname="TESTING_datachk" name="Check_TESTING_dataset" time="0.271999999999935"/>
    <testcase classname="TESTING_datachk" name="Check_TESTING_dataset" time="0.00300000000004275"/>
    <testcase classname="TESTING_datachk" name="Check_TESTING_dataset" time="0.00300000000004275"/>
    <testcase classname="TESTING_datachk" name="Check_TESTING_dataset" time="0.00199999999995271"/>
    <testcase classname="TESTING_datachk" name="Check_TESTING_dataset" time="0.00300000000004275"/>
    <testcase classname="TESTING_datachk" name="Check_TESTING_dataset" time="0.00299999999992906"/>
    <testcase classname="TESTING_datachk" name="Check_TESTING_dataset" time="0.00300000000004275"/>
    <testcase classname="TESTING_datachk" name="Check_TESTING_dataset" time="0.0040000000000191"/>
    <testcase classname="TESTING_datachk" name="Check_TESTING_dataset" time="0.00299999999992906"/>
    <testcase classname="TESTING_datachk" name="Check_TESTING_dataset" time="0.538000000000011"/>
    <testcase classname="TESTING_datachk" name="Check_TESTING_dataset" time="0.00300000000004275"/>
    <testcase classname="TESTING_datachk" name="Check_TESTING_dataset" time="0.00199999999995271"/>
    <testcase classname="TESTING_datachk" name="Check_TESTING_dataset" time="0.00300000000004275"/>
    <testcase classname="TESTING_datachk" name="Check_TESTING_dataset" time="0.00299999999992906"/>
    <testcase classname="TESTING_datachk" name="Check_TESTING_dataset" time="0.00300000000004275"/>
    <testcase classname="TESTING_datachk" name="Check_TESTING_dataset" time="0.00300000000004275"/>
    <testcase classname="TESTING_datachk" name="Check_TESTING_dataset" time="0.275999999999954"/>
    <testcase classname="TESTING_datachk" name="Check_TESTING_dataset" time="0.00300000000004275"/>
    <testcase classname="TESTING_datachk" name="Check_TESTING_dataset" time="0.00299999999992906"/>
    <testcase classname="TESTING_datachk" name="Check_TESTING_dataset" time="0.00300000000004275"/>
    <testcase classname="TESTING_datachk" name="Check_TESTING_dataset" time="0.00300000000004275"/>
    <testcase classname="TESTING_datachk" name="Check_TESTING_dataset" time="0.00199999999995271"/>
    <testcase classname="TESTING_datachk" name="Check_TESTING_dataset" time="0.00200000000006639"/>
    <testcase classname="TESTING_datachk" name="Check_TESTING_dataset" time="0.00299999999992906"/>
    <testcase classname="TESTING_datachk" name="Check_TESTING_dataset" time="0.00300000000004275"/>
    <testcase classname="TESTING_datachk" name="Check_TESTING_dataset" time="0.538000000000011"/>
    <testcase classname="TESTING_datachk" name="Check_TESTING_dataset" time="0.0040000000000191"/>
    <testcase classname="TESTING_datachk" name="Check_TESTING_dataset" time="0.00399999999990541"/>
    <testcase classname="TESTING_datachk" name="Check_TESTING_dataset" time="0.0040000000000191"/>
    <testcase classname="TESTING_datachk" name="Check_TESTING_dataset" time="0.00300000000004275"/>
    <testcase classname="TESTING_datachk" name="Check_TESTING_dataset" time="0.0040000000000191"/>
    <testcase classname="TESTING_datachk" name="Check_TESTING_dataset" time="0.0040000000000191"/>
    <testcase classname="TESTING_datachk" name="Check_TESTING_dataset" time="0.271999999999935"/>
    <testcase classname="TESTING_datachk" name="Check_TESTING_dataset" time="0.00300000000004275"/>
    <testcase classname="TESTING_datachk" name="Check_TESTING_dataset" time="0.00299999999992906"/>
    <testcase classname="TESTING_datachk" name="Check_TESTING_dataset" time="0.0040000000000191"/>
    <testcase classname="TESTING_datachk" name="Check_TESTING_dataset" time="0.0040000000000191"/>
    <testcase classname="TESTING_datachk" name="Check_TESTING_dataset" time="0.00300000000004275"/>
    <testcase classname="TESTING_datachk" name="Check_TESTING_dataset" time="0.00299999999992906"/>
    <testcase classname="TESTING_datachk" name="Check_TESTING_dataset" time="0.00300000000004275"/>
    <testcase classname="TESTING_datachk" name="Check_TESTING_dataset" time="0.0040000000000191"/>
    <testcase classname="TESTING_datachk" name="Check_TESTING_dataset" time="0.544999999999959"/>
    <testcase classname="TESTING_datachk" name="Check_TESTING_dataset" time="0.0040000000000191"/>
    <testcase classname="TESTING_datachk" name="Check_TESTING_dataset" time="0.00699999999994816"/>
    <testcase classname="TESTING_datachk" name="Check_TESTING_dataset" time="0.00600000000008549"/>
    <testcase classname="TESTING_datachk" name="Check_TESTING_dataset" time="0.0040000000000191"/>
    <testcase classname="TESTING_datachk" name="Check_TESTING_dataset" time="0.00399999999990541"/>
    <testcase classname="TESTING_datachk" name="Check_TESTING_dataset" time="0.00300000000004275"/>
    <testcase classname="TESTING_datachk" name="Check_TESTING_dataset" time="0.285999999999945"/>
    <testcase classname="TESTING_datachk" name="Check_TESTING_dataset" time="0.0040000000000191"/>
    <testcase classname="TESTING_datachk" name="Check_TESTING_dataset" time="0.0040000000000191"/>
    <testcase classname="TESTING_datachk" name="Check_TESTING_dataset" time="0.0040000000000191"/>
    <testcase classname="TESTING_datachk" name="Check_TESTING_dataset" time="0.0040000000000191"/>
    <testcase classname="TESTING_datachk" name="Check_TESTING_dataset" time="0.00299999999992906"/>
    <testcase classname="TESTING_datachk" name="Check_TESTING_dataset" time="0.00300000000004275"/>
    <testcase classname="TESTING_datachk" name="Check_TESTING_dataset" time="0.0040000000000191"/>
    <testcase classname="TESTING_datachk" name="Check_TESTING_dataset" time="0.00300000000004275"/>
    <testcase classname="TESTING_datachk" name="Check_TESTING_dataset" time="0.536999999999921"/>
    <testcase classname="TESTING_datachk" name="Check_TESTING_dataset" time="0.0040000000000191"/>
    <testcase classname="TESTING_datachk" name="Check_TESTING_dataset" time="0.00300000000004275"/>
    <testcase classname="TESTING_datachk" name="Check_TESTING_dataset" time="0.0040000000000191"/>
    <testcase classname="TESTING_datachk" name="Check_TESTING_dataset" time="0.0040000000000191"/>
    <testcase classname="TESTING_datachk" name="Check_TESTING_dataset" time="0.00499999999999545"/>
    <testcase classname="TESTING_datachk" name="Check_TESTING_dataset" time="0.00499999999999545"/>
    <testcase classname="TESTING_datachk" name="Check_TESTING_dataset" time="0.279999999999973"/>
    <testcase classname="TESTING_datachk" name="Check_TESTING_dataset" time="0.0040000000000191"/>
    <testcase classname="TESTING_datachk" name="Check_TESTING_dataset" time="0.0040000000000191"/>
    <testcase classname="TESTING_datachk" name="Check_TESTING_dataset" time="0.00399999999990541"/>
    <testcase classname="TESTING_datachk" name="Check_TESTING_dataset" time="0.0080000000000382"/>
    <testcase classname="TESTING_datachk" name="Check_TESTING_dataset" time="0.0040000000000191"/>
    <testcase classname="TESTING_datachk" name="Check_TESTING_dataset" time="0.00299999999992906"/>
    <testcase classname="TESTING_datachk" name="Check_TESTING_dataset" time="0.0040000000000191"/>
    <testcase classname="TESTING_datachk" name="Check_TESTING_dataset" time="0.0040000000000191"/>
    <testcase classname="TESTING_datachk" name="Check_TESTING_dataset" time="0.551000000000045"/>
    <testcase classname="TESTING_datachk" name="Check_TESTING_dataset" time="0.0040000000000191"/>
    <testcase classname="TESTING_datachk" name="Check_TESTING_dataset" time="0.00299999999992906"/>
    <testcase classname="TESTING_datachk" name="Check_TESTING_dataset" time="0.0040000000000191"/>
    <testcase classname="TESTING_datachk" name="Check_TESTING_dataset" time="0.0040000000000191"/>
    <testcase classname="TESTING_datachk" name="Check_TESTING_dataset" time="0.0040000000000191"/>
    <testcase classname="TESTING_datachk" name="Check_TESTING_dataset" time="0.0040000000000191"/>
    <testcase classname="TESTING_datachk" name="Check_TESTING_dataset" time="0.268999999999892"/>
    <testcase classname="TESTING_datachk" name="Check_TESTING_dataset" time="0.0040000000000191"/>
    <testcase classname="TESTING_datachk" name="Check_TESTING_dataset" time="0.00300000000004275"/>
    <testcase classname="TESTING_datachk" name="Check_TESTING_dataset" time="0.0040000000000191"/>
    <testcase classname="TESTING_datachk" name="Check_TESTING_dataset" time="0.0040000000000191"/>
    <testcase classname="TESTING_datachk" name="Check_TESTING_dataset" time="0.00399999999990541"/>
    <testcase classname="TESTING_datachk" name="Check_TESTING_dataset" time="0.0040000000000191"/>
    <testcase classname="TESTING_datachk" name="Check_TESTING_dataset" time="0.0040000000000191"/>
    <testcase classname="TESTING_datachk" name="Check_TESTING_dataset" time="0.00499999999999545"/>
    <testcase classname="TESTING_datachk" name="Check_TESTING_dataset" time="0.537000000000035"/>
    <testcase classname="TESTING_datachk" name="Check_TESTING_dataset" time="0.00299999999992906"/>
    <testcase classname="TESTING_datachk" name="Check_TESTING_dataset" time="0.0040000000000191"/>
    <testcase classname="TESTING_datachk" name="Check_TESTING_dataset" time="0.00499999999999545"/>
    <testcase classname="TESTING_datachk" name="Check_TESTING_dataset" time="0.0040000000000191"/>
    <testcase classname="TESTING_datachk" name="Check_TESTING_dataset" time="0.00300000000004275"/>
    <testcase classname="TESTING_datachk" name="Check_TESTING_dataset" time="0.0040000000000191"/>
    <testcase classname="TESTING_datachk" name="Check_TESTING_dataset" time="0.269999999999982"/>
    <testcase classname="TESTING_datachk" name="Check_TESTING_dataset" time="0.0040000000000191"/>
    <testcase classname="TESTING_datachk" name="Check_TESTING_dataset" time="0.00399999999990541"/>
    <testcase classname="TESTING_datachk" name="Check_TESTING_dataset" time="0.0040000000000191"/>
    <testcase classname="TESTING_datachk" name="Check_TESTING_dataset" time="0.00499999999999545"/>
    <testcase classname="TESTING_datachk" name="Check_TESTING_dataset" time="0.00300000000004275"/>
    <testcase classname="TESTING_datachk" name="Check_TESTING_dataset" time="0.00499999999999545"/>
    <testcase classname="TESTING_datachk" name="Check_TESTING_dataset" time="0.0130000000000337"/>
    <testcase classname="TESTING_datachk" name="Check_TESTING_dataset" time="0.00499999999999545"/>
    <testcase classname="TESTING_datachk" name="Check_TESTING_dataset" time="0.550999999999931"/>
    <testcase classname="TESTING_datachk" name="Check_TESTING_dataset" time="0.00300000000004275"/>
    <testcase classname="TESTING_datachk" name="Check_TESTING_dataset" time="0.0040000000000191"/>
    <testcase classname="TESTING_datachk" name="Check_TESTING_dataset" time="0.0040000000000191"/>
    <testcase classname="TESTING_datachk" name="Check_TESTING_dataset" time="0.0040000000000191"/>
    <testcase classname="TESTING_datachk" name="Check_TESTING_dataset" time="0.00399999999990541"/>
    <testcase classname="TESTING_datachk" name="Check_TESTING_dataset" time="0.0040000000000191"/>
    <testcase classname="TESTING_datachk" name="Check_TESTING_dataset" time="0.277000000000044"/>
    <testcase classname="TESTING_datachk" name="Check_TESTING_dataset" time="0.0040000000000191"/>
    <testcase classname="TESTING_datachk" name="Check_TESTING_dataset" time="0.0040000000000191"/>
    <testcase classname="TESTING_datachk" name="Check_TESTING_dataset" time="0.00499999999999545"/>
    <testcase classname="TESTING_datachk" name="Check_TESTING_dataset" time="0.00399999999990541"/>
    <testcase classname="TESTING_datachk" name="Check_TESTING_dataset" time="0.0040000000000191"/>
    <testcase classname="TESTING_datachk" name="Check_TESTING_dataset" time="0.0040000000000191"/>
    <testcase classname="TESTING_datachk" name="Check_TESTING_dataset" time="0.00499999999999545"/>
    <testcase classname="TESTING_datachk" name="Check_TESTING_dataset" time="0.0040000000000191"/>
    <testcase classname="TESTING_datachk" name="Check_TESTING_dataset" time="0.548999999999978"/>
    <testcase classname="TESTING_datachk" name="Check_TESTING_dataset" time="0.00499999999999545"/>
    <testcase classname="TESTING_datachk" name="Check_TESTING_dataset" time="0.00499999999999545"/>
    <testcase classname="TESTING_datachk" name="Check_TESTING_dataset" time="0.0040000000000191"/>
    <testcase classname="TESTING_datachk" name="Check_TESTING_dataset" time="0.0040000000000191"/>
    <testcase classname="TESTING_datachk" name="Check_TESTING_dataset" time="0.0119999999999436"/>
    <testcase classname="TESTING_datachk" name="Check_TESTING_dataset" time="0.0040000000000191"/>
    <testcase classname="TESTING_datachk" name="Check_TESTING_dataset" time="0.267000000000053"/>
    <testcase classname="TESTING_datachk" name="Check_TESTING_dataset" time="0.00499999999999545"/>
    <testcase classname="TESTING_datachk" name="Check_TESTING_dataset" time="0.0040000000000191"/>
    <testcase classname="TESTING_datachk" name="Check_TESTING_dataset" time="0.0040000000000191"/>
    <testcase classname="TESTING_datachk" name="Check_TESTING_dataset" time="0.00399999999990541"/>
    <testcase classname="TESTING_datachk" name="Check_TESTING_dataset" time="0.00499999999999545"/>
    <testcase classname="TESTING_datachk" name="Check_TESTING_dataset" time="0.00499999999999545"/>
    <testcase classname="TESTING_datachk" name="Check_TESTING_dataset" time="0.0040000000000191"/>
    <testcase classname="TESTING_datachk" name="Check_TESTING_dataset" time="0.00499999999999545"/>
    <testcase classname="TESTING_datachk" name="Check_TESTING_dataset" time="0.536000000000058"/>
    <testcase classname="TESTING_datachk" name="Check_TESTING_dataset" time="0.00599999999997181"/>
    <testcase classname="TESTING_datachk" name="Check_TESTING_dataset" time="0.00499999999999545"/>
    <testcase classname="TESTING_datachk" name="Check_TESTING_dataset" time="0.0040000000000191"/>
    <testcase classname="TESTING_datachk" name="Check_TESTING_dataset" time="0.00499999999999545"/>
    <testcase classname="TESTING_datachk" name="Check_TESTING_dataset" time="0.00499999999999545"/>
    <testcase classname="TESTING_datachk" name="Check_TESTING_dataset" time="0.00499999999999545"/>
    <testcase classname="TESTING_datachk" name="Check_TESTING_dataset" time="0.269999999999982"/>
    <testcase classname="TESTING_datachk" name="Check_TESTING_dataset" time="0.00499999999999545"/>
    <testcase classname="TESTING_datachk" name="Check_TESTING_dataset" time="0.00499999999999545"/>
    <testcase classname="TESTING_datachk" name="Check_TESTING_dataset" time="0.00499999999999545"/>
    <testcase classname="TESTING_datachk" name="Check_TESTING_dataset" time="0.00600000000008549"/>
    <testcase classname="TESTING_datachk" name="Check_TESTING_dataset" time="0.00399999999990541"/>
    <testcase classname="TESTING_datachk" name="Check_TESTING_dataset" time="0.00499999999999545"/>
    <testcase classname="TESTING_datachk" name="Check_TESTING_dataset" time="0.00499999999999545"/>
    <testcase classname="TESTING_datachk" name="Check_TESTING_dataset" time="0.0130000000000337"/>
    <testcase classname="TESTING_datachk" name="Check_TESTING_dataset" time="0.548999999999978"/>
    <testcase classname="TESTING_datachk" name="Check_TESTING_dataset" time="0.00399999999990541"/>
    <testcase classname="TESTING_datachk" name="Check_TESTING_dataset" time="0.00499999999999545"/>
    <testcase classname="TESTING_datachk" name="Check_TESTING_dataset" time="0.0040000000000191"/>
    <testcase classname="TESTING_datachk" name="Check_TESTING_dataset" time="0.00499999999999545"/>
    <testcase classname="TESTING_datachk" name="Check_TESTING_dataset" time="0.00499999999999545"/>
    <testcase classname="TESTING_datachk" name="Check_TESTING_dataset" time="0.0040000000000191"/>
    <testcase classname="TESTING_datachk" name="Check_TESTING_dataset" time="0.273000000000025"/>
    <testcase classname="TESTING_datachk" name="Check_TESTING_dataset" time="0.00499999999999545"/>
    <testcase classname="TESTING_datachk" name="Check_TESTING_dataset" time="0.00499999999999545"/>
    <testcase classname="TESTING_datachk" name="Check_TESTING_dataset" time="0.00599999999997181"/>
    <testcase classname="TESTING_datachk" name="Check_TESTING_dataset" time="0.00499999999999545"/>
    <testcase classname="TESTING_datachk" name="Check_TESTING_dataset" time="0.00499999999999545"/>
    <testcase classname="TESTING_datachk" name="Check_TESTING_dataset" time="0.00499999999999545"/>
    <testcase classname="TESTING_datachk" name="Check_TESTING_dataset" time="0.00499999999999545"/>
    <testcase classname="TESTING_datachk" name="Check_TESTING_dataset" time="0.00499999999999545"/>
    <testcase classname="TESTING_datachk" name="Check_TESTING_dataset" time="0.549000000000092"/>
    <testcase classname="TESTING_datachk" name="Check_TESTING_dataset" time="0.00599999999997181"/>
    <testcase classname="TESTING_datachk" name="Check_TESTING_dataset" time="0.0119999999999436"/>
    <testcase classname="TESTING_datachk" name="Check_TESTING_dataset" time="0.00499999999999545"/>
    <testcase classname="TESTING_datachk" name="Check_TESTING_dataset" time="0.00500000000010914"/>
    <testcase classname="TESTING_datachk" name="Check_TESTING_dataset" time="0.00499999999999545"/>
    <testcase classname="TESTING_datachk" name="Check_TESTING_dataset" time="0.00499999999999545"/>
    <testcase classname="TESTING_datachk" name="Check_TESTING_dataset" time="0.267999999999915"/>
    <testcase classname="TESTING_datachk" name="Check_TESTING_dataset" time="0.00600000000008549"/>
    <testcase classname="TESTING_datachk" name="Check_TESTING_dataset" time="0.00499999999999545"/>
    <testcase classname="TESTING_datachk" name="Check_TESTING_dataset" time="0.00499999999999545"/>
    <testcase classname="TESTING_datachk" name="Check_TESTING_dataset" time="0.00900000000001455"/>
    <testcase classname="TESTING_datachk" name="Check_TESTING_dataset" time="0.00499999999999545"/>
    <testcase classname="TESTING_datachk" name="Check_TESTING_dataset" time="0.00499999999999545"/>
    <testcase classname="TESTING_datachk" name="Check_TESTING_dataset" time="0.00499999999999545"/>
    <testcase classname="TESTING_datachk" name="Check_TESTING_dataset" time="0.00599999999997181"/>
    <testcase classname="TESTING_datachk" name="Check_TESTING_dataset" time="0.52800000000002"/>
    <testcase classname="TESTING_datachk" name="Check_TESTING_dataset" time="0.00599999999997181"/>
    <testcase classname="TESTING_datachk" name="Check_TESTING_dataset" time="0.00499999999999545"/>
    <testcase classname="TESTING_datachk" name="Check_TESTING_dataset" time="0.00599999999997181"/>
    <testcase classname="TESTING_datachk" name="Check_TESTING_dataset" time="0.00499999999999545"/>
    <testcase classname="TESTING_datachk" name="Check_TESTING_dataset" time="0.00499999999999545"/>
    <testcase classname="TESTING_datachk" name="Check_TESTING_dataset" time="0.00499999999999545"/>
    <testcase classname="TESTING_datachk" name="Check_TESTING_dataset" time="0.274000000000001"/>
    <testcase classname="TESTING_datachk" name="Check_TESTING_dataset" time="0.00599999999997181"/>
    <testcase classname="TESTING_datachk" name="Check_TESTING_dataset" time="0.0130000000000337"/>
    <testcase classname="TESTING_datachk" name="Check_TESTING_dataset" time="0.00499999999999545"/>
    <testcase classname="TESTING_datachk" name="Check_TESTING_dataset" time="0.00499999999999545"/>
    <testcase classname="TESTING_datachk" name="Check_TESTING_dataset" time="0.00499999999999545"/>
    <testcase classname="TESTING_datachk" name="Check_TESTING_dataset" time="0.00499999999999545"/>
    <testcase classname="TESTING_datachk" name="Check_TESTING_dataset" time="0.00599999999997181"/>
    <testcase classname="TESTING_datachk" name="Check_TESTING_dataset" time="0.00499999999999545"/>
  </testsuite>
  <testsuite errors="0" failures="0" hostname="fv-az14" name="TESTING::datachk::shutdown" skipped="0" tests="3" time="0.333" timestamp="2020-09-17T09:55:29Z">
    <testcase classname="TESTING_datachk_shutdown" name="shutdown" time="0.331000000000017"/>
    <testcase classname="TESTING_datachk_shutdown" name="shutdown" time="0.000999999999976353"/>
    <testcase classname="TESTING_datachk_shutdown" name="shutdown" time="0.000999999999976353"/>
  </testsuite>
  <testsuite errors="0" failures="0" hostname="fv-az14" name="TESTING::datachk::done" skipped="0" tests="0" time="0" timestamp="2020-09-17T09:55:30Z"/>
  <testsuite errors="0" failures="0" hostname="fv-az14" name="ds.cor::disc::setup" skipped="0" tests="3" time="5.289" timestamp="2020-09-17T09:55:30Z">
    <testcase classname="ds.cor_disc_setup" name="setup" time="5.28600000000006"/>
    <testcase classname="ds.cor_disc_setup" name="setup" time="0.000999999999976353"/>
    <testcase classname="ds.cor_disc_setup" name="setup" time="0.00199999999995271"/>
  </testsuite>
  <testsuite errors="0" failures="0" hostname="fv-az14" name="ds.cor::disc" skipped="2" tests="33" time="10.534" timestamp="2020-09-17T09:55:34Z">
    <testcase classname="ds.cor_disc" name="simple_D3_setup" time="8.04100000000005"/>
    <testcase classname="ds.cor_disc" name="simple_D3_setup" time="0.00199999999995271"/>
    <testcase classname="ds.cor_disc" name="simple_D3_setup" time="0.00200000000006639"/>
    <testcase classname="ds.cor_disc" name="simple_D3_setup" time="0.000999999999976353"/>
    <testcase classname="ds.cor_disc" name="simple_D3_setup" time="0.000999999999976353"/>
    <testcase classname="ds.cor_disc" name="simple_D3_setup" time="0.000999999999976353"/>
    <testcase classname="ds.cor_disc" name="simple_D3_setup" time="0.00100000000009004"/>
    <testcase classname="ds.cor_disc" name="simple_D3_setup" time="0.00199999999995271"/>
    <testcase classname="ds.cor_disc" name="simple_D3_setup" time="0.000999999999976353"/>
    <testcase classname="ds.cor_disc" name="simple_D3_setup" time="0.000999999999976353"/>
    <testcase classname="ds.cor_disc" name="simple_D3_setup" time="0.00100000000009004"/>
    <testcase classname="ds.cor_disc" name="simple_D3_setup" time="0.00199999999995271"/>
    <testcase classname="ds.cor_disc" name="simple_D3_setup" time="0.000999999999976353"/>
    <testcase classname="ds.cor_disc" name="simple_disc_test_naAction_casewise.complete_type_split_" time="1.21100000000001"/>
    <testcase classname="ds.cor_disc" name="simple_disc_test_naAction_casewise.complete_type_split_" time="0.00200000000006639"/>
    <testcase classname="ds.cor_disc" name="simple_disc_test_naAction_casewise.complete_type_split_" time="0.000999999999976353"/>
    <testcase classname="ds.cor_disc" name="simple_disc_test_naAction_casewise.complete_type_split_" time="0.000999999999976353"/>
    <testcase classname="ds.cor_disc" name="simple_disc_test_naAction_casewise.complete_type_split_" time="0.00199999999995271"/>
    <testcase classname="ds.cor_disc" name="simple_disc_test_naAction_casewise.complete_type_split_" time="0.00100000000009004"/>
    <testcase classname="ds.cor_disc" name="simple_disc_test_naAction_casewise.complete_type_split_" time="0.00199999999995271"/>
    <testcase classname="ds.cor_disc" name="simple_disc_test_naAction_casewise.complete_type_split_" time="0.00199999999995271"/>
    <testcase classname="ds.cor_disc" name="simple_disc_test_naAction_casewise.complete_type_split_" time="0.00200000000006639"/>
    <testcase classname="ds.cor_disc" name="simple_disc_test_naAction_casewise.complete_type_split_" time="0.000999999999976353"/>
    <testcase classname="ds.cor_disc" name="simple_disc_test_naAction_pairwise.complete_type_split_" time="0.00199999999995271">
      <skipped/>
    </testcase>
    <testcase classname="ds.cor_disc" name="simple_disc_test_naAction_casewise.complete_type_combine_" time="1.23700000000008"/>
    <testcase classname="ds.cor_disc" name="simple_disc_test_naAction_casewise.complete_type_combine_" time="0.000999999999976353"/>
    <testcase classname="ds.cor_disc" name="simple_disc_test_naAction_casewise.complete_type_combine_" time="0.00199999999995271"/>
    <testcase classname="ds.cor_disc" name="simple_disc_test_naAction_casewise.complete_type_combine_" time="0.00100000000009004"/>
    <testcase classname="ds.cor_disc" name="simple_disc_test_naAction_casewise.complete_type_combine_" time="0.00199999999995271"/>
    <testcase classname="ds.cor_disc" name="simple_disc_test_naAction_casewise.complete_type_combine_" time="0.00199999999995271"/>
    <testcase classname="ds.cor_disc" name="simple_disc_test_naAction_casewise.complete_type_combine_" time="0.00100000000009004"/>
    <testcase classname="ds.cor_disc" name="simple_disc_test_naAction_casewise.complete_type_combine_" time="0.00199999999995271"/>
    <testcase classname="ds.cor_disc" name="simple_disc_test_naAction_pairwise.complete_type_combine_" time="0.00199999999995271">
      <skipped/>
    </testcase>
  </testsuite>
  <testsuite errors="0" failures="0" hostname="fv-az14" name="ds.cor::disc::shutdown" skipped="0" tests="3" time="0.274" timestamp="2020-09-17T09:55:45Z">
    <testcase classname="ds.cor_disc_shutdown" name="shutdown" time="0.271000000000072"/>
    <testcase classname="ds.cor_disc_shutdown" name="shutdown" time="0.000999999999976353"/>
    <testcase classname="ds.cor_disc_shutdown" name="shutdown" time="0.00199999999995271"/>
  </testsuite>
  <testsuite errors="0" failures="0" hostname="fv-az14" name="ds.cor::disc::done" skipped="0" tests="0" time="0" timestamp="2020-09-17T09:55:46Z"/>
  <testsuite errors="0" failures="0" hostname="fv-az14" name="ds.cov::disc::setup" skipped="0" tests="3" time="5.232" timestamp="2020-09-17T09:55:46Z">
    <testcase classname="ds.cov_disc_setup" name="setup" time="5.23000000000002"/>
    <testcase classname="ds.cov_disc_setup" name="setup" time="0.000999999999976353"/>
    <testcase classname="ds.cov_disc_setup" name="setup" time="0.00100000000009004"/>
  </testsuite>
  <testsuite errors="0" failures="0" hostname="fv-az14" name="ds.cov::disc" skipped="2" tests="33" time="10.409" timestamp="2020-09-17T09:55:50Z">
    <testcase classname="ds.cov_disc" name="simple_D3_setup" time="7.93999999999994"/>
    <testcase classname="ds.cov_disc" name="simple_D3_setup" time="0.000999999999976353"/>
    <testcase classname="ds.cov_disc" name="simple_D3_setup" time="0.00200000000006639"/>
    <testcase classname="ds.cov_disc" name="simple_D3_setup" time="0.000999999999976353"/>
    <testcase classname="ds.cov_disc" name="simple_D3_setup" time="0.000999999999976353"/>
    <testcase classname="ds.cov_disc" name="simple_D3_setup" time="0.00700000000006185"/>
    <testcase classname="ds.cov_disc" name="simple_D3_setup" time="0.00199999999995271"/>
    <testcase classname="ds.cov_disc" name="simple_D3_setup" time="0.000999999999976353"/>
    <testcase classname="ds.cov_disc" name="simple_D3_setup" time="0.00100000000009004"/>
    <testcase classname="ds.cov_disc" name="simple_D3_setup" time="0.000999999999976353"/>
    <testcase classname="ds.cov_disc" name="simple_D3_setup" time="0.000999999999976353"/>
    <testcase classname="ds.cov_disc" name="simple_D3_setup" time="0.000999999999976353"/>
    <testcase classname="ds.cov_disc" name="simple_D3_setup" time="0.00100000000009004"/>
    <testcase classname="ds.cov_disc" name="simple_disc_test_naAction_casewise.complete_type_split_" time="1.2109999999999"/>
    <testcase classname="ds.cov_disc" name="simple_disc_test_naAction_casewise.complete_type_split_" time="0.00100000000009004"/>
    <testcase classname="ds.cov_disc" name="simple_disc_test_naAction_casewise.complete_type_split_" time="0.00199999999995271"/>
    <testcase classname="ds.cov_disc" name="simple_disc_test_naAction_casewise.complete_type_split_" time="0.00200000000006639"/>
    <testcase classname="ds.cov_disc" name="simple_disc_test_naAction_casewise.complete_type_split_" time="0.000999999999976353"/>
    <testcase classname="ds.cov_disc" name="simple_disc_test_naAction_casewise.complete_type_split_" time="0.000999999999976353"/>
    <testcase classname="ds.cov_disc" name="simple_disc_test_naAction_casewise.complete_type_split_" time="0.00200000000006639"/>
    <testcase classname="ds.cov_disc" name="simple_disc_test_naAction_casewise.complete_type_split_" time="0.000999999999976353"/>
    <testcase classname="ds.cov_disc" name="simple_disc_test_naAction_casewise.complete_type_split_" time="0.00199999999995271"/>
    <testcase classname="ds.cov_disc" name="simple_disc_test_naAction_casewise.complete_type_split_" time="0.000999999999976353"/>
    <testcase classname="ds.cov_disc" name="simple_disc_test_naAction_pairwise.complete_type_split_" time="0.00200000000006639">
      <skipped/>
    </testcase>
    <testcase classname="ds.cov_disc" name="simple_disc_test_naAction_casewise.complete_type_combine_" time="1.20999999999992"/>
    <testcase classname="ds.cov_disc" name="simple_disc_test_naAction_casewise.complete_type_combine_" time="0.00200000000006639"/>
    <testcase classname="ds.cov_disc" name="simple_disc_test_naAction_casewise.complete_type_combine_" time="0.000999999999976353"/>
    <testcase classname="ds.cov_disc" name="simple_disc_test_naAction_casewise.complete_type_combine_" time="0.00200000000006639"/>
    <testcase classname="ds.cov_disc" name="simple_disc_test_naAction_casewise.complete_type_combine_" time="0.000999999999976353"/>
    <testcase classname="ds.cov_disc" name="simple_disc_test_naAction_casewise.complete_type_combine_" time="0.00199999999995271"/>
    <testcase classname="ds.cov_disc" name="simple_disc_test_naAction_casewise.complete_type_combine_" time="0.000999999999976353"/>
    <testcase classname="ds.cov_disc" name="simple_disc_test_naAction_casewise.complete_type_combine_" time="0.00200000000006639"/>
    <testcase classname="ds.cov_disc" name="simple_disc_test_naAction_pairwise.complete_type_combine_" time="0.00199999999995271">
      <skipped/>
    </testcase>
  </testsuite>
  <testsuite errors="0" failures="0" hostname="fv-az14" name="ds.cov::disc::shutdown" skipped="0" tests="3" time="0.275" timestamp="2020-09-17T09:56:01Z">
    <testcase classname="ds.cov_disc_shutdown" name="shutdown" time="0.273000000000025"/>
    <testcase classname="ds.cov_disc_shutdown" name="shutdown" time="0.000999999999976353"/>
    <testcase classname="ds.cov_disc_shutdown" name="shutdown" time="0.000999999999976353"/>
  </testsuite>
  <testsuite errors="0" failures="0" hostname="fv-az14" name="ds.cov::disc::done" skipped="0" tests="0" time="0" timestamp="2020-09-17T09:56:02Z"/>
  <testsuite errors="0" failures="0" hostname="fv-az14" name="ds.levels::disc::setup" skipped="0" tests="3" time="5.186" timestamp="2020-09-17T09:56:02Z">
    <testcase classname="ds.levels_disc_setup" name="setup" time="5.18400000000008"/>
    <testcase classname="ds.levels_disc_setup" name="setup" time="0.000999999999976353"/>
    <testcase classname="ds.levels_disc_setup" name="setup" time="0.000999999999976353"/>
  </testsuite>
  <testsuite errors="0" failures="0" hostname="fv-az14" name="ds.levels::disc" skipped="1" tests="1" time="0.006" timestamp="2020-09-17T09:56:06Z">
    <testcase classname="ds.levels_disc" name="simple_levels" time="0.00599999999997181">
      <skipped/>
    </testcase>
  </testsuite>
  <testsuite errors="0" failures="0" hostname="fv-az14" name="ds.levels::disc::shutdown" skipped="0" tests="3" time="0.283" timestamp="2020-09-17T09:56:06Z">
    <testcase classname="ds.levels_disc_shutdown" name="shutdown" time="0.280000000000086"/>
    <testcase classname="ds.levels_disc_shutdown" name="shutdown" time="0.00199999999995271"/>
    <testcase classname="ds.levels_disc_shutdown" name="shutdown" time="0.000999999999976353"/>
  </testsuite>
  <testsuite errors="0" failures="0" hostname="fv-az14" name="ds.levels::disc::done" skipped="0" tests="0" time="0" timestamp="2020-09-17T09:56:07Z"/>
  <testsuite errors="0" failures="0" hostname="fv-az14" name="ds.meanByClass::disc::setup" skipped="0" tests="0" time="0" timestamp="2020-09-17T09:56:07Z"/>
  <testsuite errors="0" failures="0" hostname="fv-az14" name="ds.meanByClass::disc::test errors" skipped="1" tests="1" time="4.922" timestamp="2020-09-17T09:56:11Z">
    <testcase classname="ds.meanByClass_disc_test_errors" name="meanByClass_erros" time="4.92200000000003">
      <skipped/>
    </testcase>
  </testsuite>
  <testsuite errors="0" failures="0" hostname="fv-az14" name="ds.meanByClass::disc::teardown" skipped="0" tests="0" time="0" timestamp="2020-09-17T09:56:11Z"/>
  <testsuite errors="0" failures="0" hostname="fv-az14" name="ds.meanByClass::disc::done" skipped="0" tests="0" time="0" timestamp="2020-09-17T09:56:12Z"/>
  <testsuite errors="0" failures="0" hostname="fv-az14" name="ds.mean::disc::type=both" skipped="1" tests="1" time="4.975" timestamp="2020-09-17T09:56:16Z">
    <testcase classname="ds.mean_disc_type_both" name="mean_values_both_" time="4.97500000000002">
      <skipped/>
    </testcase>
  </testsuite>
  <testsuite errors="0" failures="0" hostname="fv-az14" name="ds.rm::disc" skipped="0" tests="31" time="6.031" timestamp="2020-09-17T09:56:21Z">
    <testcase classname="ds.rm_disc" name="justovertest" time="5.17700000000002"/>
    <testcase classname="ds.rm_disc" name="justovertest" time="0.000999999999976353"/>
    <testcase classname="ds.rm_disc" name="justovertest" time="0.000999999999976353"/>
    <testcase classname="ds.rm_disc" name="justovertest" time="0.00199999999995271"/>
    <testcase classname="ds.rm_disc" name="justovertest" time="0.00100000000009004"/>
    <testcase classname="ds.rm_disc" name="justovertest" time="0.000999999999976353"/>
    <testcase classname="ds.rm_disc" name="justovertest" time="0.00199999999995271"/>
    <testcase classname="ds.rm_disc" name="justovertest" time="0.269000000000005"/>
    <testcase classname="ds.rm_disc" name="justovertest" time="0.000999999999976353"/>
    <testcase classname="ds.rm_disc" name="justovertest" time="0.00200000000006639"/>
    <testcase classname="ds.rm_disc" name="justovertest" time="0.000999999999976353"/>
    <testcase classname="ds.rm_disc" name="justovertest" time="0.000999999999976353"/>
    <testcase classname="ds.rm_disc" name="justovertest" time="0.000999999999976353"/>
    <testcase classname="ds.rm_disc" name="justovertest" time="0.00200000000006639"/>
    <testcase classname="ds.rm_disc" name="justovertest" time="0.000999999999976353"/>
    <testcase classname="ds.rm_disc" name="justovertest" time="0.00199999999995271"/>
    <testcase classname="ds.rm_disc" name="justovertest" time="0.00100000000009004"/>
    <testcase classname="ds.rm_disc" name="simple_test" time="0.272999999999911"/>
    <testcase classname="ds.rm_disc" name="simple_test" time="0.00100000000009004"/>
    <testcase classname="ds.rm_disc" name="simple_test" time="0.00199999999995271"/>
    <testcase classname="ds.rm_disc" name="simple_test" time="0.00200000000006639"/>
    <testcase classname="ds.rm_disc" name="simple_test" time="0.00199999999995271"/>
    <testcase classname="ds.rm_disc" name="simple_test" time="0.000999999999976353"/>
    <testcase classname="ds.rm_disc" name="simple_test" time="0.00200000000006639"/>
    <testcase classname="ds.rm_disc" name="simple_test" time="0.269999999999982"/>
    <testcase classname="ds.rm_disc" name="simple_test" time="0.000999999999976353"/>
    <testcase classname="ds.rm_disc" name="simple_test" time="0.00199999999995271"/>
    <testcase classname="ds.rm_disc" name="simple_test" time="0.00200000000006639"/>
    <testcase classname="ds.rm_disc" name="simple_test" time="0.00299999999992906"/>
    <testcase classname="ds.rm_disc" name="simple_test" time="0.00200000000006639"/>
    <testcase classname="ds.rm_disc" name="simple_test" time="0.00199999999995271"/>
  </testsuite>
  <testsuite errors="0" failures="0" hostname="fv-az14" name="ds.sample::disc::setup" skipped="0" tests="0" time="0" timestamp="2020-09-17T09:56:23Z"/>
  <testsuite errors="0" failures="0" hostname="fv-az14" name="ds.sample::disc::test disclosure" skipped="0" tests="35" time="13" timestamp="2020-09-17T09:56:27Z">
    <testcase classname="ds.sample_disc_test_disclosure" name="cov_erros" time="6.53600000000006"/>
    <testcase classname="ds.sample_disc_test_disclosure" name="cov_erros" time="0.00199999999995271"/>
    <testcase classname="ds.sample_disc_test_disclosure" name="cov_erros" time="0.000999999999976353"/>
    <testcase classname="ds.sample_disc_test_disclosure" name="cov_erros" time="0.00100000000009004"/>
    <testcase classname="ds.sample_disc_test_disclosure" name="cov_erros" time="0.000999999999976353"/>
    <testcase classname="ds.sample_disc_test_disclosure" name="cov_erros" time="0.00199999999995271"/>
    <testcase classname="ds.sample_disc_test_disclosure" name="cov_erros" time="0.000999999999976353"/>
    <testcase classname="ds.sample_disc_test_disclosure" name="cov_erros" time="1.51900000000001"/>
    <testcase classname="ds.sample_disc_test_disclosure" name="cov_erros" time="0.00200000000006639"/>
    <testcase classname="ds.sample_disc_test_disclosure" name="cov_erros" time="0.000999999999976353"/>
    <testcase classname="ds.sample_disc_test_disclosure" name="cov_erros" time="0.00199999999995271"/>
    <testcase classname="ds.sample_disc_test_disclosure" name="cov_erros" time="0.00100000000009004"/>
    <testcase classname="ds.sample_disc_test_disclosure" name="cov_erros" time="0.000999999999976353"/>
    <testcase classname="ds.sample_disc_test_disclosure" name="cov_erros" time="0.00199999999995271"/>
    <testcase classname="ds.sample_disc_test_disclosure" name="cov_erros" time="1.59400000000005"/>
    <testcase classname="ds.sample_disc_test_disclosure" name="cov_erros" time="0.00199999999995271"/>
    <testcase classname="ds.sample_disc_test_disclosure" name="cov_erros" time="0.000999999999976353"/>
    <testcase classname="ds.sample_disc_test_disclosure" name="cov_erros" time="0.00200000000006639"/>
    <testcase classname="ds.sample_disc_test_disclosure" name="cov_erros" time="0.000999999999976353"/>
    <testcase classname="ds.sample_disc_test_disclosure" name="cov_erros" time="0.00199999999995271"/>
    <testcase classname="ds.sample_disc_test_disclosure" name="cov_erros" time="0.00100000000009004"/>
    <testcase classname="ds.sample_disc_test_disclosure" name="cov_erros" time="1.66099999999994"/>
    <testcase classname="ds.sample_disc_test_disclosure" name="cov_erros" time="0.00200000000006639"/>
    <testcase classname="ds.sample_disc_test_disclosure" name="cov_erros" time="0.00199999999995271"/>
    <testcase classname="ds.sample_disc_test_disclosure" name="cov_erros" time="0.00199999999995271"/>
    <testcase classname="ds.sample_disc_test_disclosure" name="cov_erros" time="0.00100000000009004"/>
    <testcase classname="ds.sample_disc_test_disclosure" name="cov_erros" time="0.00199999999995271"/>
    <testcase classname="ds.sample_disc_test_disclosure" name="cov_erros" time="0.00199999999995271"/>
    <testcase classname="ds.sample_disc_test_disclosure" name="cov_erros" time="1.64300000000003"/>
    <testcase classname="ds.sample_disc_test_disclosure" name="cov_erros" time="0.000999999999976353"/>
    <testcase classname="ds.sample_disc_test_disclosure" name="cov_erros" time="0.00200000000006639"/>
    <testcase classname="ds.sample_disc_test_disclosure" name="cov_erros" time="0.00199999999995271"/>
    <testcase classname="ds.sample_disc_test_disclosure" name="cov_erros" time="0.00200000000006639"/>
    <testcase classname="ds.sample_disc_test_disclosure" name="cov_erros" time="0.000999999999976353"/>
    <testcase classname="ds.sample_disc_test_disclosure" name="cov_erros" time="0.00199999999995271"/>
  </testsuite>
  <testsuite errors="0" failures="0" hostname="fv-az14" name="ds.sample::disc::shutdown" skipped="0" tests="0" time="0" timestamp="2020-09-17T09:56:35Z"/>
  <testsuite errors="0" failures="0" hostname="fv-az14" name="ds.sample::disc::done" skipped="0" tests="0" time="0" timestamp="2020-09-17T09:56:36Z"/>
  <testsuite errors="0" failures="0" hostname="fv-az14" name="ds.table::disc::setup" skipped="0" tests="0" time="0" timestamp="2020-09-17T09:56:36Z"/>
  <testsuite errors="0" failures="0" hostname="fv-az14" name="ds.table::disc::tests" skipped="0" tests="7" time="10.344" timestamp="2020-09-17T09:56:41Z">
    <testcase classname="ds.table_disc_tests" name="table_disclosure" time="10.337"/>
    <testcase classname="ds.table_disc_tests" name="table_disclosure" time="0.00100000000009004"/>
    <testcase classname="ds.table_disc_tests" name="table_disclosure" time="0.000999999999976353"/>
    <testcase classname="ds.table_disc_tests" name="table_disclosure" time="0.000999999999976353"/>
    <testcase classname="ds.table_disc_tests" name="table_disclosure" time="0.000999999999976353"/>
    <testcase classname="ds.table_disc_tests" name="table_disclosure" time="0.00200000000006639"/>
    <testcase classname="ds.table_disc_tests" name="table_disclosure" time="0.000999999999976353"/>
  </testsuite>
  <testsuite errors="0" failures="0" hostname="fv-az14" name="ds.table::disc::shutdown" skipped="0" tests="0" time="0" timestamp="2020-09-17T09:56:46Z"/>
  <testsuite errors="0" failures="0" hostname="fv-az14" name="ds.table::disc::done" skipped="0" tests="0" time="0" timestamp="2020-09-17T09:56:46Z"/>
  <testsuite errors="0" failures="0" hostname="fv-az14" name="ds.var::disc::type=both" skipped="1" tests="1" time="4.895" timestamp="2020-09-17T09:56:51Z">
    <testcase classname="ds.var_disc_type_both" name="var_values_both_" time="4.89499999999998">
      <skipped/>
    </testcase>
  </testsuite>
  <testsuite errors="0" failures="0" hostname="fv-az14" name="ds.dataFrame::expt::setup" skipped="0" tests="0" time="0" timestamp="2020-09-17T09:56:51Z"/>
  <testsuite errors="0" failures="0" hostname="fv-az14" name="ds.dataFrame::expt::one_column::single" skipped="0" tests="24" time="22.846" timestamp="2020-09-17T09:56:51Z">
    <testcase classname="ds.dataFrame_expt_one_column_single" name="numeric_data" time="6.21899999999994"/>
    <testcase classname="ds.dataFrame_expt_one_column_single" name="numeric_data" time="0.00100000000009004"/>
    <testcase classname="ds.dataFrame_expt_one_column_single" name="numeric_data" time="0.000999999999976353"/>
    <testcase classname="ds.dataFrame_expt_one_column_single" name="numeric_data" time="2.36199999999997"/>
    <testcase classname="ds.dataFrame_expt_one_column_single" name="numeric_data" time="0.000999999999976353"/>
    <testcase classname="ds.dataFrame_expt_one_column_single" name="numeric_data" time="0.00200000000006639"/>
    <testcase classname="ds.dataFrame_expt_one_column_single" name="numeric_data" time="2.37299999999993"/>
    <testcase classname="ds.dataFrame_expt_one_column_single" name="numeric_data" time="0.00200000000006639"/>
    <testcase classname="ds.dataFrame_expt_one_column_single" name="numeric_data" time="0.000999999999976353"/>
    <testcase classname="ds.dataFrame_expt_one_column_single" name="numeric_data" time="2.38400000000001"/>
    <testcase classname="ds.dataFrame_expt_one_column_single" name="numeric_data" time="0.00199999999995271"/>
    <testcase classname="ds.dataFrame_expt_one_column_single" name="numeric_data" time="0.00100000000009004"/>
    <testcase classname="ds.dataFrame_expt_one_column_single" name="numeric_data" time="2.35799999999995"/>
    <testcase classname="ds.dataFrame_expt_one_column_single" name="numeric_data" time="0.00199999999995271"/>
    <testcase classname="ds.dataFrame_expt_one_column_single" name="numeric_data" time="0.00100000000009004"/>
    <testcase classname="ds.dataFrame_expt_one_column_single" name="numeric_data" time="2.39599999999996"/>
    <testcase classname="ds.dataFrame_expt_one_column_single" name="numeric_data" time="0.00199999999995271"/>
    <testcase classname="ds.dataFrame_expt_one_column_single" name="numeric_data" time="0.00100000000009004"/>
    <testcase classname="ds.dataFrame_expt_one_column_single" name="numeric_data" time="2.36399999999992"/>
    <testcase classname="ds.dataFrame_expt_one_column_single" name="numeric_data" time="0.00100000000009004"/>
    <testcase classname="ds.dataFrame_expt_one_column_single" name="numeric_data" time="0.00199999999995271"/>
    <testcase classname="ds.dataFrame_expt_one_column_single" name="numeric_data" time="2.36699999999996"/>
    <testcase classname="ds.dataFrame_expt_one_column_single" name="numeric_data" time="0.00100000000009004"/>
    <testcase classname="ds.dataFrame_expt_one_column_single" name="numeric_data" time="0.00199999999995271"/>
  </testsuite>
  <testsuite errors="0" failures="0" hostname="fv-az14" name="ds.dataFrame::expt::several_columns::single" skipped="0" tests="12" time="9.565" timestamp="2020-09-17T09:57:14Z">
    <testcase classname="ds.dataFrame_expt_several_columns_single" name="numeric_data" time="6.43600000000004"/>
    <testcase classname="ds.dataFrame_expt_several_columns_single" name="numeric_data" time="0.00199999999995271"/>
    <testcase classname="ds.dataFrame_expt_several_columns_single" name="numeric_data" time="0.000999999999976353"/>
    <testcase classname="ds.dataFrame_expt_several_columns_single" name="numeric_data" time="0.00100000000009004"/>
    <testcase classname="ds.dataFrame_expt_several_columns_single" name="numeric_data" time="0.00199999999995271"/>
    <testcase classname="ds.dataFrame_expt_several_columns_single" name="numeric_data" time="0.000999999999976353"/>
    <testcase classname="ds.dataFrame_expt_several_columns_single" name="numeric_data" time="3.10900000000004"/>
    <testcase classname="ds.dataFrame_expt_several_columns_single" name="numeric_data" time="0.00199999999995271"/>
    <testcase classname="ds.dataFrame_expt_several_columns_single" name="numeric_data" time="0.00100000000009004"/>
    <testcase classname="ds.dataFrame_expt_several_columns_single" name="numeric_data" time="0.000999999999976353"/>
    <testcase classname="ds.dataFrame_expt_several_columns_single" name="numeric_data" time="0.00799999999992451"/>
    <testcase classname="ds.dataFrame_expt_several_columns_single" name="numeric_data" time="0.00100000000009004"/>
  </testsuite>
  <testsuite errors="0" failures="0" hostname="fv-az14" name="ds.dataFrame::expt::one_column::multiple" skipped="0" tests="40" time="36.69" timestamp="2020-09-17T09:57:23Z">
    <testcase classname="ds.dataFrame_expt_one_column_multiple" name="numeric_data" time="8.72899999999993"/>
    <testcase classname="ds.dataFrame_expt_one_column_multiple" name="numeric_data" time="0.000999999999976353"/>
    <testcase classname="ds.dataFrame_expt_one_column_multiple" name="numeric_data" time="0.00100000000009004"/>
    <testcase classname="ds.dataFrame_expt_one_column_multiple" name="numeric_data" time="0.00199999999995271"/>
    <testcase classname="ds.dataFrame_expt_one_column_multiple" name="numeric_data" time="0.000999999999976353"/>
    <testcase classname="ds.dataFrame_expt_one_column_multiple" name="numeric_data" time="3.98900000000003"/>
    <testcase classname="ds.dataFrame_expt_one_column_multiple" name="numeric_data" time="0.00199999999995271"/>
    <testcase classname="ds.dataFrame_expt_one_column_multiple" name="numeric_data" time="0.00100000000009004"/>
    <testcase classname="ds.dataFrame_expt_one_column_multiple" name="numeric_data" time="0.000999999999976353"/>
    <testcase classname="ds.dataFrame_expt_one_column_multiple" name="numeric_data" time="0.00199999999995271"/>
    <testcase classname="ds.dataFrame_expt_one_column_multiple" name="numeric_data" time="3.99099999999999"/>
    <testcase classname="ds.dataFrame_expt_one_column_multiple" name="numeric_data" time="0.00200000000006639"/>
    <testcase classname="ds.dataFrame_expt_one_column_multiple" name="numeric_data" time="0.000999999999976353"/>
    <testcase classname="ds.dataFrame_expt_one_column_multiple" name="numeric_data" time="0.000999999999976353"/>
    <testcase classname="ds.dataFrame_expt_one_column_multiple" name="numeric_data" time="0.00200000000006639"/>
    <testcase classname="ds.dataFrame_expt_one_column_multiple" name="numeric_data" time="3.96999999999991"/>
    <testcase classname="ds.dataFrame_expt_one_column_multiple" name="numeric_data" time="0.00200000000006639"/>
    <testcase classname="ds.dataFrame_expt_one_column_multiple" name="numeric_data" time="0.00199999999995271"/>
    <testcase classname="ds.dataFrame_expt_one_column_multiple" name="numeric_data" time="0.00200000000006639"/>
    <testcase classname="ds.dataFrame_expt_one_column_multiple" name="numeric_data" time="0.000999999999976353"/>
    <testcase classname="ds.dataFrame_expt_one_column_multiple" name="numeric_data" time="3.97199999999998"/>
    <testcase classname="ds.dataFrame_expt_one_column_multiple" name="numeric_data" time="0.000999999999976353"/>
    <testcase classname="ds.dataFrame_expt_one_column_multiple" name="numeric_data" time="0.00200000000006639"/>
    <testcase classname="ds.dataFrame_expt_one_column_multiple" name="numeric_data" time="0.000999999999976353"/>
    <testcase classname="ds.dataFrame_expt_one_column_multiple" name="numeric_data" time="0.00199999999995271"/>
    <testcase classname="ds.dataFrame_expt_one_column_multiple" name="numeric_data" time="4.03399999999999"/>
    <testcase classname="ds.dataFrame_expt_one_column_multiple" name="numeric_data" time="0.00200000000006639"/>
    <testcase classname="ds.dataFrame_expt_one_column_multiple" name="numeric_data" time="0.00199999999995271"/>
    <testcase classname="ds.dataFrame_expt_one_column_multiple" name="numeric_data" time="0.00200000000006639"/>
    <testcase classname="ds.dataFrame_expt_one_column_multiple" name="numeric_data" time="0.00199999999995271"/>
    <testcase classname="ds.dataFrame_expt_one_column_multiple" name="numeric_data" time="3.96799999999996"/>
    <testcase classname="ds.dataFrame_expt_one_column_multiple" name="numeric_data" time="0.00200000000006639"/>
    <testcase classname="ds.dataFrame_expt_one_column_multiple" name="numeric_data" time="0.000999999999976353"/>
    <testcase classname="ds.dataFrame_expt_one_column_multiple" name="numeric_data" time="0.00199999999995271"/>
    <testcase classname="ds.dataFrame_expt_one_column_multiple" name="numeric_data" time="0.00200000000006639"/>
    <testcase classname="ds.dataFrame_expt_one_column_multiple" name="numeric_data" time="3.98399999999992"/>
    <testcase classname="ds.dataFrame_expt_one_column_multiple" name="numeric_data" time="0.00100000000009004"/>
    <testcase classname="ds.dataFrame_expt_one_column_multiple" name="numeric_data" time="0.00199999999995271"/>
    <testcase classname="ds.dataFrame_expt_one_column_multiple" name="numeric_data" time="0.00300000000004275"/>
    <testcase classname="ds.dataFrame_expt_one_column_multiple" name="numeric_data" time="0.00199999999995271"/>
  </testsuite>
  <testsuite errors="0" failures="0" hostname="fv-az14" name="ds.dataFrame::expt::several_columns::single" skipped="0" tests="16" time="17.175" timestamp="2020-09-17T09:58:00Z">
    <testcase classname="ds.dataFrame_expt_several_columns_single" name="numeric_data" time="11.047"/>
    <testcase classname="ds.dataFrame_expt_several_columns_single" name="numeric_data" time="0.000999999999976353"/>
    <testcase classname="ds.dataFrame_expt_several_columns_single" name="numeric_data" time="0.000999999999976353"/>
    <testcase classname="ds.dataFrame_expt_several_columns_single" name="numeric_data" time="0.00100000000009004"/>
    <testcase classname="ds.dataFrame_expt_several_columns_single" name="numeric_data" time="0.000999999999976353"/>
    <testcase classname="ds.dataFrame_expt_several_columns_single" name="numeric_data" time="0.000999999999976353"/>
    <testcase classname="ds.dataFrame_expt_several_columns_single" name="numeric_data" time="0.00199999999995271"/>
    <testcase classname="ds.dataFrame_expt_several_columns_single" name="numeric_data" time="0.00100000000009004"/>
    <testcase classname="ds.dataFrame_expt_several_columns_single" name="numeric_data" time="6.10799999999995"/>
    <testcase classname="ds.dataFrame_expt_several_columns_single" name="numeric_data" time="0.00199999999995271"/>
    <testcase classname="ds.dataFrame_expt_several_columns_single" name="numeric_data" time="0.00200000000006639"/>
    <testcase classname="ds.dataFrame_expt_several_columns_single" name="numeric_data" time="0.00199999999995271"/>
    <testcase classname="ds.dataFrame_expt_several_columns_single" name="numeric_data" time="0.00200000000006639"/>
    <testcase classname="ds.dataFrame_expt_several_columns_single" name="numeric_data" time="0.000999999999976353"/>
    <testcase classname="ds.dataFrame_expt_several_columns_single" name="numeric_data" time="0.000999999999976353"/>
    <testcase classname="ds.dataFrame_expt_several_columns_single" name="numeric_data" time="0.00200000000006639"/>
  </testsuite>
  <testsuite errors="0" failures="0" hostname="fv-az14" name="ds.dataFrame::expt::one_column_from_objects::single" skipped="0" tests="16" time="22.676" timestamp="2020-09-17T09:58:17Z">
    <testcase classname="ds.dataFrame_expt_one_column_from_objects_single" name="numeric_data" time="6.00299999999993"/>
    <testcase classname="ds.dataFrame_expt_one_column_from_objects_single" name="numeric_data" time="0.00200000000006639"/>
    <testcase classname="ds.dataFrame_expt_one_column_from_objects_single" name="numeric_data" time="2.39099999999996"/>
    <testcase classname="ds.dataFrame_expt_one_column_from_objects_single" name="numeric_data" time="0.000999999999976353"/>
    <testcase classname="ds.dataFrame_expt_one_column_from_objects_single" name="numeric_data" time="2.37300000000005"/>
    <testcase classname="ds.dataFrame_expt_one_column_from_objects_single" name="numeric_data" time="0.000999999999976353"/>
    <testcase classname="ds.dataFrame_expt_one_column_from_objects_single" name="numeric_data" time="2.36299999999994"/>
    <testcase classname="ds.dataFrame_expt_one_column_from_objects_single" name="numeric_data" time="0.00200000000006639"/>
    <testcase classname="ds.dataFrame_expt_one_column_from_objects_single" name="numeric_data" time="2.37799999999993"/>
    <testcase classname="ds.dataFrame_expt_one_column_from_objects_single" name="numeric_data" time="0.00100000000009004"/>
    <testcase classname="ds.dataFrame_expt_one_column_from_objects_single" name="numeric_data" time="2.40999999999997"/>
    <testcase classname="ds.dataFrame_expt_one_column_from_objects_single" name="numeric_data" time="0.00199999999995271"/>
    <testcase classname="ds.dataFrame_expt_one_column_from_objects_single" name="numeric_data" time="2.37200000000007"/>
    <testcase classname="ds.dataFrame_expt_one_column_from_objects_single" name="numeric_data" time="0.000999999999976353"/>
    <testcase classname="ds.dataFrame_expt_one_column_from_objects_single" name="numeric_data" time="2.375"/>
    <testcase classname="ds.dataFrame_expt_one_column_from_objects_single" name="numeric_data" time="0.000999999999976353"/>
  </testsuite>
  <testsuite errors="0" failures="0" hostname="fv-az14" name="ds.dataFrame::expt::object::multiple" skipped="0" tests="32" time="33.06" timestamp="2020-09-17T09:58:40Z">
    <testcase classname="ds.dataFrame_expt_object_multiple" name="numeric_data" time="8.19100000000003"/>
    <testcase classname="ds.dataFrame_expt_object_multiple" name="numeric_data" time="0.00199999999995271"/>
    <testcase classname="ds.dataFrame_expt_object_multiple" name="numeric_data" time="0.00200000000006639"/>
    <testcase classname="ds.dataFrame_expt_object_multiple" name="numeric_data" time="0.000999999999976353"/>
    <testcase classname="ds.dataFrame_expt_object_multiple" name="numeric_data" time="3.52499999999998"/>
    <testcase classname="ds.dataFrame_expt_object_multiple" name="numeric_data" time="0.00200000000006639"/>
    <testcase classname="ds.dataFrame_expt_object_multiple" name="numeric_data" time="0.000999999999976353"/>
    <testcase classname="ds.dataFrame_expt_object_multiple" name="numeric_data" time="0.000999999999976353"/>
    <testcase classname="ds.dataFrame_expt_object_multiple" name="numeric_data" time="3.56100000000004"/>
    <testcase classname="ds.dataFrame_expt_object_multiple" name="numeric_data" time="0.000999999999976353"/>
    <testcase classname="ds.dataFrame_expt_object_multiple" name="numeric_data" time="0.000999999999976353"/>
    <testcase classname="ds.dataFrame_expt_object_multiple" name="numeric_data" time="0.00199999999995271"/>
    <testcase classname="ds.dataFrame_expt_object_multiple" name="numeric_data" time="3.5440000000001"/>
    <testcase classname="ds.dataFrame_expt_object_multiple" name="numeric_data" time="0.00199999999995271"/>
    <testcase classname="ds.dataFrame_expt_object_multiple" name="numeric_data" time="0.000999999999976353"/>
    <testcase classname="ds.dataFrame_expt_object_multiple" name="numeric_data" time="0.00200000000006639"/>
    <testcase classname="ds.dataFrame_expt_object_multiple" name="numeric_data" time="3.53099999999995"/>
    <testcase classname="ds.dataFrame_expt_object_multiple" name="numeric_data" time="0.000999999999976353"/>
    <testcase classname="ds.dataFrame_expt_object_multiple" name="numeric_data" time="0.00200000000006639"/>
    <testcase classname="ds.dataFrame_expt_object_multiple" name="numeric_data" time="0.000999999999976353"/>
    <testcase classname="ds.dataFrame_expt_object_multiple" name="numeric_data" time="3.58500000000004"/>
    <testcase classname="ds.dataFrame_expt_object_multiple" name="numeric_data" time="0.000999999999976353"/>
    <testcase classname="ds.dataFrame_expt_object_multiple" name="numeric_data" time="0.00199999999995271"/>
    <testcase classname="ds.dataFrame_expt_object_multiple" name="numeric_data" time="0.000999999999976353"/>
    <testcase classname="ds.dataFrame_expt_object_multiple" name="numeric_data" time="3.54700000000003"/>
    <testcase classname="ds.dataFrame_expt_object_multiple" name="numeric_data" time="0.00200000000006639"/>
    <testcase classname="ds.dataFrame_expt_object_multiple" name="numeric_data" time="0.00199999999995271"/>
    <testcase classname="ds.dataFrame_expt_object_multiple" name="numeric_data" time="0.000999999999976353"/>
    <testcase classname="ds.dataFrame_expt_object_multiple" name="numeric_data" time="3.54200000000003"/>
    <testcase classname="ds.dataFrame_expt_object_multiple" name="numeric_data" time="0.000999999999976353"/>
    <testcase classname="ds.dataFrame_expt_object_multiple" name="numeric_data" time="0.00100000000009004"/>
    <testcase classname="ds.dataFrame_expt_object_multiple" name="numeric_data" time="0.000999999999976353"/>
  </testsuite>
  <testsuite errors="0" failures="0" hostname="fv-az14" name="ds.dataFrame::expt::several_objects::multiple" skipped="0" tests="4" time="10.037" timestamp="2020-09-17T09:59:13Z">
    <testcase classname="ds.dataFrame_expt_several_objects_multiple" name="several_objects" time="10.033"/>
    <testcase classname="ds.dataFrame_expt_several_objects_multiple" name="several_objects" time="0.000999999999976353"/>
    <testcase classname="ds.dataFrame_expt_several_objects_multiple" name="several_objects" time="0.000999999999976353"/>
    <testcase classname="ds.dataFrame_expt_several_objects_multiple" name="several_objects" time="0.00200000000006639"/>
  </testsuite>
  <testsuite errors="0" failures="0" hostname="fv-az14" name="ds.dataFrame::expt::non_numeric::multiple" skipped="0" tests="18" time="20.17" timestamp="2020-09-17T09:59:23Z">
    <testcase classname="ds.dataFrame_expt_non_numeric_multiple" name="non_numeric" time="9.02499999999998"/>
    <testcase classname="ds.dataFrame_expt_non_numeric_multiple" name="non_numeric" time="0.00199999999995271"/>
    <testcase classname="ds.dataFrame_expt_non_numeric_multiple" name="non_numeric" time="0.000999999999976353"/>
    <testcase classname="ds.dataFrame_expt_non_numeric_multiple" name="non_numeric" time="0.00100000000009004"/>
    <testcase classname="ds.dataFrame_expt_non_numeric_multiple" name="non_numeric" time="0.00199999999995271"/>
    <testcase classname="ds.dataFrame_expt_non_numeric_multiple" name="non_numeric" time="3.97400000000005"/>
    <testcase classname="ds.dataFrame_expt_non_numeric_multiple" name="non_numeric" time="0.000999999999976353"/>
    <testcase classname="ds.dataFrame_expt_non_numeric_multiple" name="non_numeric" time="0.000999999999976353"/>
    <testcase classname="ds.dataFrame_expt_non_numeric_multiple" name="non_numeric" time="0.000999999999976353"/>
    <testcase classname="ds.dataFrame_expt_non_numeric_multiple" name="non_numeric" time="0.00200000000006639"/>
    <testcase classname="ds.dataFrame_expt_non_numeric_multiple" name="non_numeric" time="3.58399999999995"/>
    <testcase classname="ds.dataFrame_expt_non_numeric_multiple" name="non_numeric" time="0.00200000000006639"/>
    <testcase classname="ds.dataFrame_expt_non_numeric_multiple" name="non_numeric" time="0.000999999999976353"/>
    <testcase classname="ds.dataFrame_expt_non_numeric_multiple" name="non_numeric" time="0.000999999999976353"/>
    <testcase classname="ds.dataFrame_expt_non_numeric_multiple" name="non_numeric" time="3.56600000000003"/>
    <testcase classname="ds.dataFrame_expt_non_numeric_multiple" name="non_numeric" time="0.00199999999995271"/>
    <testcase classname="ds.dataFrame_expt_non_numeric_multiple" name="non_numeric" time="0.00200000000006639"/>
    <testcase classname="ds.dataFrame_expt_non_numeric_multiple" name="non_numeric" time="0.00199999999995271"/>
  </testsuite>
  <testsuite errors="0" failures="0" hostname="fv-az14" name="ds.dataFrame::expt::non_numeric::multiple" skipped="0" tests="10" time="13.054" timestamp="2020-09-17T09:59:43Z">
    <testcase classname="ds.dataFrame_expt_non_numeric_multiple" name="_unnamed_" time="5.94600000000003"/>
    <testcase classname="ds.dataFrame_expt_non_numeric_multiple" name="_unnamed_" time="0.000999999999976353"/>
    <testcase classname="ds.dataFrame_expt_non_numeric_multiple" name="_unnamed_" time="0.00199999999995271"/>
    <testcase classname="ds.dataFrame_expt_non_numeric_multiple" name="_unnamed_" time="2.36500000000001"/>
    <testcase classname="ds.dataFrame_expt_non_numeric_multiple" name="_unnamed_" time="0.00200000000006639"/>
    <testcase classname="ds.dataFrame_expt_non_numeric_multiple" name="_unnamed_" time="0.000999999999976353"/>
    <testcase classname="ds.dataFrame_expt_non_numeric_multiple" name="_unnamed_" time="2.36599999999999"/>
    <testcase classname="ds.dataFrame_expt_non_numeric_multiple" name="_unnamed_" time="0.000999999999976353"/>
    <testcase classname="ds.dataFrame_expt_non_numeric_multiple" name="_unnamed_" time="2.36900000000003"/>
    <testcase classname="ds.dataFrame_expt_non_numeric_multiple" name="_unnamed_" time="0.000999999999976353"/>
  </testsuite>
  <testsuite errors="0" failures="0" hostname="fv-az14" name="ds.dataFrame::expt::shutdown" skipped="0" tests="0" time="0" timestamp="2020-09-17T09:59:56Z"/>
  <testsuite errors="0" failures="0" hostname="fv-az14" name="ds.dataFrame::expt::done" skipped="0" tests="0" time="0" timestamp="2020-09-17T09:59:56Z"/>
  <testsuite errors="0" failures="0" hostname="fv-az14" name="ds.glmerSLMA::expt::setup" skipped="0" tests="3" time="4.693" timestamp="2020-09-17T09:59:56Z">
    <testcase classname="ds.glmerSLMA_expt_setup" name="setup" time="4.69100000000003"/>
    <testcase classname="ds.glmerSLMA_expt_setup" name="setup" time="0.000999999999976353"/>
    <testcase classname="ds.glmerSLMA_expt_setup" name="setup" time="0.000999999999976353"/>
  </testsuite>
  <testsuite errors="0" failures="0" hostname="fv-az14" name="ds.glmerSLMA::expt::int::multiple" skipped="0" tests="1" time="4.784" timestamp="2020-09-17T10:00:01Z">
    <testcase classname="ds.glmerSLMA_expt_int_multiple" name="linear_mixed_model_with_2_levels_of_hierarchy" time="4.78399999999999"/>
  </testsuite>
  <testsuite errors="0" failures="0" hostname="fv-az14" name="ds.lmerSLMA::expt::shutdown" skipped="0" tests="0" time="0" timestamp="2020-09-17T10:00:05Z"/>
  <testsuite errors="0" failures="0" hostname="fv-az14" name="ds.lmerSLMA::expt::done" skipped="0" tests="0" time="0" timestamp="2020-09-17T10:00:06Z"/>
  <testsuite errors="0" failures="0" hostname="fv-az14" name="ds.lmerSLMA::expt::setup" skipped="0" tests="3" time="5.229" timestamp="2020-09-17T10:00:06Z">
    <testcase classname="ds.lmerSLMA_expt_setup" name="setup" time="5.226"/>
    <testcase classname="ds.lmerSLMA_expt_setup" name="setup" time="0.00100000000009004"/>
    <testcase classname="ds.lmerSLMA_expt_setup" name="setup" time="0.00199999999995271"/>
  </testsuite>
  <testsuite errors="0" failures="0" hostname="fv-az14" name="ds.lmerSLMA::expt::int::multiple" skipped="0" tests="1" time="2.916" timestamp="2020-09-17T10:00:11Z">
    <testcase classname="ds.lmerSLMA_expt_int_multiple" name="linear_mixed_model_with_2_levels_of_hierarchy" time="2.91600000000005"/>
  </testsuite>
  <testsuite errors="0" failures="0" hostname="fv-az14" name="ds.lmerSLMA::expt::done" skipped="0" tests="0" time="0" timestamp="2020-09-17T10:00:14Z"/>
  <testsuite errors="0" failures="0" hostname="fv-az14" name="ds.mean()::expt::combine::multiple" skipped="0" tests="8" time="15.059" timestamp="2020-09-17T10:00:14Z">
    <testcase classname="ds.mean_expt_combine_multiple" name="combined_data_set" time="6.49399999999991"/>
    <testcase classname="ds.mean_expt_combine_multiple" name="combined_data_set" time="1.23099999999999"/>
    <testcase classname="ds.mean_expt_combine_multiple" name="combined_data_set" time="1.24200000000008"/>
    <testcase classname="ds.mean_expt_combine_multiple" name="combined_data_set" time="1.20699999999999"/>
    <testcase classname="ds.mean_expt_combine_multiple" name="combined_data_set" time="1.21299999999997"/>
    <testcase classname="ds.mean_expt_combine_multiple" name="combined_data_set" time="1.21299999999997"/>
    <testcase classname="ds.mean_expt_combine_multiple" name="combined_data_set" time="1.23400000000004"/>
    <testcase classname="ds.mean_expt_combine_multiple" name="combined_data_set" time="1.22500000000002"/>
  </testsuite>
  <testsuite errors="0" failures="0" hostname="fv-az14" name="ds.mean()::expt::split::multiple" skipped="0" tests="24" time="14.783" timestamp="2020-09-17T10:00:29Z">
    <testcase classname="ds.mean_expt_split_multiple" name="split_data_set" time="6.22799999999995"/>
    <testcase classname="ds.mean_expt_split_multiple" name="split_data_set" time="0.00200000000006639"/>
    <testcase classname="ds.mean_expt_split_multiple" name="split_data_set" time="0.000999999999976353"/>
    <testcase classname="ds.mean_expt_split_multiple" name="split_data_set" time="1.22000000000003"/>
    <testcase classname="ds.mean_expt_split_multiple" name="split_data_set" time="0.00199999999995271"/>
    <testcase classname="ds.mean_expt_split_multiple" name="split_data_set" time="0.000999999999976353"/>
    <testcase classname="ds.mean_expt_split_multiple" name="split_data_set" time="1.226"/>
    <testcase classname="ds.mean_expt_split_multiple" name="split_data_set" time="0.000999999999976353"/>
    <testcase classname="ds.mean_expt_split_multiple" name="split_data_set" time="0.00200000000006639"/>
    <testcase classname="ds.mean_expt_split_multiple" name="split_data_set" time="1.21199999999999"/>
    <testcase classname="ds.mean_expt_split_multiple" name="split_data_set" time="0.00199999999995271"/>
    <testcase classname="ds.mean_expt_split_multiple" name="split_data_set" time="0.00200000000006639"/>
    <testcase classname="ds.mean_expt_split_multiple" name="split_data_set" time="1.22000000000003"/>
    <testcase classname="ds.mean_expt_split_multiple" name="split_data_set" time="0.000999999999976353"/>
    <testcase classname="ds.mean_expt_split_multiple" name="split_data_set" time="0.000999999999976353"/>
    <testcase classname="ds.mean_expt_split_multiple" name="split_data_set" time="1.21799999999996"/>
    <testcase classname="ds.mean_expt_split_multiple" name="split_data_set" time="0.00100000000009004"/>
    <testcase classname="ds.mean_expt_split_multiple" name="split_data_set" time="0.00199999999995271"/>
    <testcase classname="ds.mean_expt_split_multiple" name="split_data_set" time="1.22400000000005"/>
    <testcase classname="ds.mean_expt_split_multiple" name="split_data_set" time="0.00199999999995271"/>
    <testcase classname="ds.mean_expt_split_multiple" name="split_data_set" time="0.000999999999976353"/>
    <testcase classname="ds.mean_expt_split_multiple" name="split_data_set" time="1.21100000000001"/>
    <testcase classname="ds.mean_expt_split_multiple" name="split_data_set" time="0.00199999999995271"/>
    <testcase classname="ds.mean_expt_split_multiple" name="split_data_set" time="0.00100000000009004"/>
  </testsuite>
  <testsuite errors="0" failures="0" hostname="fv-az14" name="ds.mean()::expt::single" skipped="0" tests="8" time="9.289" timestamp="2020-09-17T10:00:43Z">
    <testcase classname="ds.mean_expt_single" name="combined_data_set" time="4.35599999999999"/>
    <testcase classname="ds.mean_expt_single" name="combined_data_set" time="0.701000000000022"/>
    <testcase classname="ds.mean_expt_single" name="combined_data_set" time="0.706999999999994"/>
    <testcase classname="ds.mean_expt_single" name="combined_data_set" time="0.701999999999998"/>
    <testcase classname="ds.mean_expt_single" name="combined_data_set" time="0.705999999999904"/>
    <testcase classname="ds.mean_expt_single" name="combined_data_set" time="0.701000000000022"/>
    <testcase classname="ds.mean_expt_single" name="combined_data_set" time="0.708000000000084"/>
    <testcase classname="ds.mean_expt_single" name="combined_data_set" time="0.70799999999997"/>
  </testsuite>
  <testsuite errors="0" failures="0" hostname="fv-az14" name="ds.mean()::expt::large_values::single" skipped="0" tests="8" time="14.717" timestamp="2020-09-17T10:00:53Z">
    <testcase classname="ds.mean_expt_large_values_single" name="combined_data_set" time="4.77800000000002"/>
    <testcase classname="ds.mean_expt_large_values_single" name="combined_data_set" time="1.42499999999995"/>
    <testcase classname="ds.mean_expt_large_values_single" name="combined_data_set" time="1.41700000000003"/>
    <testcase classname="ds.mean_expt_large_values_single" name="combined_data_set" time="1.41999999999996"/>
    <testcase classname="ds.mean_expt_large_values_single" name="combined_data_set" time="1.423"/>
    <testcase classname="ds.mean_expt_large_values_single" name="combined_data_set" time="1.41300000000001"/>
    <testcase classname="ds.mean_expt_large_values_single" name="combined_data_set" time="1.43100000000004"/>
    <testcase classname="ds.mean_expt_large_values_single" name="combined_data_set" time="1.40999999999997"/>
  </testsuite>
  <testsuite errors="0" failures="0" hostname="fv-az14" name="ds.mean()::expt::large_values::multiple" skipped="0" tests="8" time="20.848" timestamp="2020-09-17T10:01:07Z">
    <testcase classname="ds.mean_expt_large_values_multiple" name="combined_data_set" time="6.72699999999998"/>
    <testcase classname="ds.mean_expt_large_values_multiple" name="combined_data_set" time="2.02100000000007"/>
    <testcase classname="ds.mean_expt_large_values_multiple" name="combined_data_set" time="2.0089999999999"/>
    <testcase classname="ds.mean_expt_large_values_multiple" name="combined_data_set" time="2.01100000000008"/>
    <testcase classname="ds.mean_expt_large_values_multiple" name="combined_data_set" time="2.03800000000001"/>
    <testcase classname="ds.mean_expt_large_values_multiple" name="combined_data_set" time="2.00599999999997"/>
    <testcase classname="ds.mean_expt_large_values_multiple" name="combined_data_set" time="2.01999999999998"/>
    <testcase classname="ds.mean_expt_large_values_multiple" name="combined_data_set" time="2.01599999999996"/>
  </testsuite>
  <testsuite errors="0" failures="0" hostname="fv-az14" name="ds.reShape()::expt::multiple" skipped="1" tests="1" time="0.974" timestamp="2020-09-17T10:01:28Z">
    <testcase classname="ds.reShape_expt_multiple" name="copy_and_transform" time="0.974000000000046">
      <skipped/>
    </testcase>
  </testsuite>
  <testsuite errors="0" failures="0" hostname="fv-az14" name="ds.skewness()::expt::combine::multiple" skipped="0" tests="8" time="16.615" timestamp="2020-09-17T10:01:29Z">
    <testcase classname="ds.skewness_expt_combine_multiple" name="combined_data_set" time="6.16999999999996"/>
    <testcase classname="ds.skewness_expt_combine_multiple" name="combined_data_set" time="1.52300000000002"/>
    <testcase classname="ds.skewness_expt_combine_multiple" name="combined_data_set" time="1.495"/>
    <testcase classname="ds.skewness_expt_combine_multiple" name="combined_data_set" time="1.48699999999997"/>
    <testcase classname="ds.skewness_expt_combine_multiple" name="combined_data_set" time="1.48000000000002"/>
    <testcase classname="ds.skewness_expt_combine_multiple" name="combined_data_set" time="1.48199999999997"/>
    <testcase classname="ds.skewness_expt_combine_multiple" name="combined_data_set" time="1.48200000000008"/>
    <testcase classname="ds.skewness_expt_combine_multiple" name="combined_data_set" time="1.49599999999998"/>
  </testsuite>
  <testsuite errors="0" failures="0" hostname="fv-az14" name="ds.skewness()::expt::split::multiple" skipped="0" tests="24" time="14.799" timestamp="2020-09-17T10:01:46Z">
    <testcase classname="ds.skewness_expt_split_multiple" name="split_data_set" time="6.25699999999995"/>
    <testcase classname="ds.skewness_expt_split_multiple" name="split_data_set" time="0.000999999999976353"/>
    <testcase classname="ds.skewness_expt_split_multiple" name="split_data_set" time="0.00100000000009004"/>
    <testcase classname="ds.skewness_expt_split_multiple" name="split_data_set" time="1.21999999999991"/>
    <testcase classname="ds.skewness_expt_split_multiple" name="split_data_set" time="0.00200000000006639"/>
    <testcase classname="ds.skewness_expt_split_multiple" name="split_data_set" time="0.000999999999976353"/>
    <testcase classname="ds.skewness_expt_split_multiple" name="split_data_set" time="1.226"/>
    <testcase classname="ds.skewness_expt_split_multiple" name="split_data_set" time="0.00200000000006639"/>
    <testcase classname="ds.skewness_expt_split_multiple" name="split_data_set" time="0.000999999999976353"/>
    <testcase classname="ds.skewness_expt_split_multiple" name="split_data_set" time="1.21299999999997"/>
    <testcase classname="ds.skewness_expt_split_multiple" name="split_data_set" time="0.000999999999976353"/>
    <testcase classname="ds.skewness_expt_split_multiple" name="split_data_set" time="0.00200000000006639"/>
    <testcase classname="ds.skewness_expt_split_multiple" name="split_data_set" time="1.20699999999999"/>
    <testcase classname="ds.skewness_expt_split_multiple" name="split_data_set" time="0.00199999999995271"/>
    <testcase classname="ds.skewness_expt_split_multiple" name="split_data_set" time="0.00200000000006639"/>
    <testcase classname="ds.skewness_expt_split_multiple" name="split_data_set" time="1.2109999999999"/>
    <testcase classname="ds.skewness_expt_split_multiple" name="split_data_set" time="0.00100000000009004"/>
    <testcase classname="ds.skewness_expt_split_multiple" name="split_data_set" time="0.00199999999995271"/>
    <testcase classname="ds.skewness_expt_split_multiple" name="split_data_set" time="1.221"/>
    <testcase classname="ds.skewness_expt_split_multiple" name="split_data_set" time="0.00199999999995271"/>
    <testcase classname="ds.skewness_expt_split_multiple" name="split_data_set" time="0.00100000000009004"/>
    <testcase classname="ds.skewness_expt_split_multiple" name="split_data_set" time="1.21999999999991"/>
    <testcase classname="ds.skewness_expt_split_multiple" name="split_data_set" time="0.00100000000009004"/>
    <testcase classname="ds.skewness_expt_split_multiple" name="split_data_set" time="0.00199999999995271"/>
  </testsuite>
  <testsuite errors="0" failures="0" hostname="fv-az14" name="ds.skewness()::expt::single" skipped="0" tests="8" time="11.218" timestamp="2020-09-17T10:02:01Z">
    <testcase classname="ds.skewness_expt_single" name="combined_data_set" time="4.62699999999995"/>
    <testcase classname="ds.skewness_expt_single" name="combined_data_set" time="0.941000000000031"/>
    <testcase classname="ds.skewness_expt_single" name="combined_data_set" time="0.947000000000003"/>
    <testcase classname="ds.skewness_expt_single" name="combined_data_set" time="0.938999999999965"/>
    <testcase classname="ds.skewness_expt_single" name="combined_data_set" time="0.94500000000005"/>
    <testcase classname="ds.skewness_expt_single" name="combined_data_set" time="0.94399999999996"/>
    <testcase classname="ds.skewness_expt_single" name="combined_data_set" time="0.937999999999988"/>
    <testcase classname="ds.skewness_expt_single" name="combined_data_set" time="0.937000000000012"/>
  </testsuite>
  <testsuite errors="0" failures="0" hostname="fv-az14" name="ds.var()::expt::multiple" skipped="0" tests="8" time="14.529" timestamp="2020-09-17T10:02:12Z">
    <testcase classname="ds.var_expt_multiple" name="combined_data_set" time="5.99800000000005"/>
    <testcase classname="ds.var_expt_multiple" name="combined_data_set" time="1.22400000000005"/>
    <testcase classname="ds.var_expt_multiple" name="combined_data_set" time="1.2109999999999"/>
    <testcase classname="ds.var_expt_multiple" name="combined_data_set" time="1.21400000000006"/>
    <testcase classname="ds.var_expt_multiple" name="combined_data_set" time="1.24099999999999"/>
    <testcase classname="ds.var_expt_multiple" name="combined_data_set" time="1.21800000000007"/>
    <testcase classname="ds.var_expt_multiple" name="combined_data_set" time="1.21699999999987"/>
    <testcase classname="ds.var_expt_multiple" name="combined_data_set" time="1.20600000000013"/>
  </testsuite>
  <testsuite errors="0" failures="0" hostname="fv-az14" name="ds.var()::expt::single" skipped="0" tests="24" time="14.816" timestamp="2020-09-17T10:02:26Z">
    <testcase classname="ds.var_expt_single" name="split_data_set" time="6.25399999999991"/>
    <testcase classname="ds.var_expt_single" name="split_data_set" time="0.00199999999995271"/>
    <testcase classname="ds.var_expt_single" name="split_data_set" time="0.000999999999976353"/>
    <testcase classname="ds.var_expt_single" name="split_data_set" time="1.22600000000011"/>
    <testcase classname="ds.var_expt_single" name="split_data_set" time="0.000999999999976353"/>
    <testcase classname="ds.var_expt_single" name="split_data_set" time="0.00199999999995271"/>
    <testcase classname="ds.var_expt_single" name="split_data_set" time="1.22700000000009"/>
    <testcase classname="ds.var_expt_single" name="split_data_set" time="0.000999999999976353"/>
    <testcase classname="ds.var_expt_single" name="split_data_set" time="0.00199999999995271"/>
    <testcase classname="ds.var_expt_single" name="split_data_set" time="1.21000000000004"/>
    <testcase classname="ds.var_expt_single" name="split_data_set" time="0.00199999999995271"/>
    <testcase classname="ds.var_expt_single" name="split_data_set" time="0.00199999999995271"/>
    <testcase classname="ds.var_expt_single" name="split_data_set" time="1.22700000000009"/>
    <testcase classname="ds.var_expt_single" name="split_data_set" time="0.00199999999995271"/>
    <testcase classname="ds.var_expt_single" name="split_data_set" time="0.00199999999995271"/>
    <testcase classname="ds.var_expt_single" name="split_data_set" time="1.21300000000019"/>
    <testcase classname="ds.var_expt_single" name="split_data_set" time="0.00199999999995271"/>
    <testcase classname="ds.var_expt_single" name="split_data_set" time="0.000999999999976353"/>
    <testcase classname="ds.var_expt_single" name="split_data_set" time="1.22499999999991"/>
    <testcase classname="ds.var_expt_single" name="split_data_set" time="0.00200000000018008"/>
    <testcase classname="ds.var_expt_single" name="split_data_set" time="0.000999999999976353"/>
    <testcase classname="ds.var_expt_single" name="split_data_set" time="1.20799999999986"/>
    <testcase classname="ds.var_expt_single" name="split_data_set" time="0.000999999999976353"/>
    <testcase classname="ds.var_expt_single" name="split_data_set" time="0.00200000000018008"/>
  </testsuite>
  <testsuite errors="0" failures="0" hostname="fv-az14" name="ds.var()::expt::large_values::multiple" skipped="0" tests="8" time="21.104" timestamp="2020-09-17T10:02:41Z">
    <testcase classname="ds.var_expt_large_values_multiple" name="large_values" time="7.03499999999985"/>
    <testcase classname="ds.var_expt_large_values_multiple" name="large_values" time="2.02500000000009"/>
    <testcase classname="ds.var_expt_large_values_multiple" name="large_values" time="2.0329999999999"/>
    <testcase classname="ds.var_expt_large_values_multiple" name="large_values" time="1.99700000000007"/>
    <testcase classname="ds.var_expt_large_values_multiple" name="large_values" time="2.01999999999998"/>
    <testcase classname="ds.var_expt_large_values_multiple" name="large_values" time="2.00500000000011"/>
    <testcase classname="ds.var_expt_large_values_multiple" name="large_values" time="1.99399999999991"/>
    <testcase classname="ds.var_expt_large_values_multiple" name="large_values" time="1.99499999999989"/>
  </testsuite>
  <testsuite errors="0" failures="0" hostname="fv-az14" name="ds.var()::expt::large_values::single" skipped="0" tests="8" time="14.939" timestamp="2020-09-17T10:03:02Z">
    <testcase classname="ds.var_expt_large_values_single" name="large_values" time="5.0590000000002"/>
    <testcase classname="ds.var_expt_large_values_single" name="large_values" time="1.41199999999981"/>
    <testcase classname="ds.var_expt_large_values_single" name="large_values" time="1.40800000000013"/>
    <testcase classname="ds.var_expt_large_values_single" name="large_values" time="1.41699999999992"/>
    <testcase classname="ds.var_expt_large_values_single" name="large_values" time="1.4190000000001"/>
    <testcase classname="ds.var_expt_large_values_single" name="large_values" time="1.4079999999999"/>
    <testcase classname="ds.var_expt_large_values_single" name="large_values" time="1.40800000000013"/>
    <testcase classname="ds.var_expt_large_values_single" name="large_values" time="1.4079999999999"/>
  </testsuite>
  <testsuite errors="0" failures="0" hostname="fv-az14" name="ds.mean()::math::residual::multiple" skipped="0" tests="32" time="24.207" timestamp="2020-09-17T10:03:17Z">
    <testcase classname="ds.mean_math_residual_multiple" name="residual_deviation_tends_to_0" time="5.95499999999993"/>
    <testcase classname="ds.mean_math_residual_multiple" name="residual_deviation_tends_to_0" time="1.23500000000013"/>
    <testcase classname="ds.mean_math_residual_multiple" name="residual_deviation_tends_to_0" time="1.21100000000001"/>
    <testcase classname="ds.mean_math_residual_multiple" name="residual_deviation_tends_to_0" time="1.21199999999999"/>
    <testcase classname="ds.mean_math_residual_multiple" name="residual_deviation_tends_to_0" time="1.21299999999997"/>
    <testcase classname="ds.mean_math_residual_multiple" name="residual_deviation_tends_to_0" time="1.20699999999988"/>
    <testcase classname="ds.mean_math_residual_multiple" name="residual_deviation_tends_to_0" time="1.22600000000011"/>
    <testcase classname="ds.mean_math_residual_multiple" name="residual_deviation_tends_to_0" time="1.21100000000001"/>
    <testcase classname="ds.mean_math_residual_multiple" name="residual_deviation_tends_to_0" time="1.21699999999987"/>
    <testcase classname="ds.mean_math_residual_multiple" name="residual_deviation_tends_to_0" time="0.00100000000020373"/>
    <testcase classname="ds.mean_math_residual_multiple" name="residual_deviation_tends_to_0" time="0.000999999999976353"/>
    <testcase classname="ds.mean_math_residual_multiple" name="residual_deviation_tends_to_0" time="1.2059999999999"/>
    <testcase classname="ds.mean_math_residual_multiple" name="residual_deviation_tends_to_0" time="0.00199999999995271"/>
    <testcase classname="ds.mean_math_residual_multiple" name="residual_deviation_tends_to_0" time="0.00200000000018008"/>
    <testcase classname="ds.mean_math_residual_multiple" name="residual_deviation_tends_to_0" time="1.21199999999999"/>
    <testcase classname="ds.mean_math_residual_multiple" name="residual_deviation_tends_to_0" time="0.000999999999976353"/>
    <testcase classname="ds.mean_math_residual_multiple" name="residual_deviation_tends_to_0" time="0.00199999999995271"/>
    <testcase classname="ds.mean_math_residual_multiple" name="residual_deviation_tends_to_0" time="1.2059999999999"/>
    <testcase classname="ds.mean_math_residual_multiple" name="residual_deviation_tends_to_0" time="0.00200000000018008"/>
    <testcase classname="ds.mean_math_residual_multiple" name="residual_deviation_tends_to_0" time="0.000999999999976353"/>
    <testcase classname="ds.mean_math_residual_multiple" name="residual_deviation_tends_to_0" time="1.22699999999986"/>
    <testcase classname="ds.mean_math_residual_multiple" name="residual_deviation_tends_to_0" time="0.00199999999995271"/>
    <testcase classname="ds.mean_math_residual_multiple" name="residual_deviation_tends_to_0" time="0.00200000000018008"/>
    <testcase classname="ds.mean_math_residual_multiple" name="residual_deviation_tends_to_0" time="1.21000000000004"/>
    <testcase classname="ds.mean_math_residual_multiple" name="residual_deviation_tends_to_0" time="0.00199999999995271"/>
    <testcase classname="ds.mean_math_residual_multiple" name="residual_deviation_tends_to_0" time="0.000999999999976353"/>
    <testcase classname="ds.mean_math_residual_multiple" name="residual_deviation_tends_to_0" time="1.221"/>
    <testcase classname="ds.mean_math_residual_multiple" name="residual_deviation_tends_to_0" time="0.00199999999995271"/>
    <testcase classname="ds.mean_math_residual_multiple" name="residual_deviation_tends_to_0" time="0.000999999999976353"/>
    <testcase classname="ds.mean_math_residual_multiple" name="residual_deviation_tends_to_0" time="1.21199999999999"/>
    <testcase classname="ds.mean_math_residual_multiple" name="residual_deviation_tends_to_0" time="0.00199999999995271"/>
    <testcase classname="ds.mean_math_residual_multiple" name="residual_deviation_tends_to_0" time="0.00200000000018008"/>
  </testsuite>
  <testsuite errors="0" failures="0" hostname="fv-az14" name="ds.mean()::math::residual::multiple" skipped="0" tests="32" time="24.478" timestamp="2020-09-17T10:03:42Z">
    <testcase classname="ds.mean_math_residual_multiple" name="residual_deviation_tends_to_0" time="6.24599999999987"/>
    <testcase classname="ds.mean_math_residual_multiple" name="residual_deviation_tends_to_0" time="1.21800000000007"/>
    <testcase classname="ds.mean_math_residual_multiple" name="residual_deviation_tends_to_0" time="1.22000000000003"/>
    <testcase classname="ds.mean_math_residual_multiple" name="residual_deviation_tends_to_0" time="1.21000000000004"/>
    <testcase classname="ds.mean_math_residual_multiple" name="residual_deviation_tends_to_0" time="1.21599999999989"/>
    <testcase classname="ds.mean_math_residual_multiple" name="residual_deviation_tends_to_0" time="1.2170000000001"/>
    <testcase classname="ds.mean_math_residual_multiple" name="residual_deviation_tends_to_0" time="1.20399999999995"/>
    <testcase classname="ds.mean_math_residual_multiple" name="residual_deviation_tends_to_0" time="1.22299999999996"/>
    <testcase classname="ds.mean_math_residual_multiple" name="residual_deviation_tends_to_0" time="1.21900000000005"/>
    <testcase classname="ds.mean_math_residual_multiple" name="residual_deviation_tends_to_0" time="0.00299999999992906"/>
    <testcase classname="ds.mean_math_residual_multiple" name="residual_deviation_tends_to_0" time="0.000999999999976353"/>
    <testcase classname="ds.mean_math_residual_multiple" name="residual_deviation_tends_to_0" time="1.21299999999997"/>
    <testcase classname="ds.mean_math_residual_multiple" name="residual_deviation_tends_to_0" time="0.00200000000018008"/>
    <testcase classname="ds.mean_math_residual_multiple" name="residual_deviation_tends_to_0" time="0.000999999999976353"/>
    <testcase classname="ds.mean_math_residual_multiple" name="residual_deviation_tends_to_0" time="1.21499999999992"/>
    <testcase classname="ds.mean_math_residual_multiple" name="residual_deviation_tends_to_0" time="0.00199999999995271"/>
    <testcase classname="ds.mean_math_residual_multiple" name="residual_deviation_tends_to_0" time="0.000999999999976353"/>
    <testcase classname="ds.mean_math_residual_multiple" name="residual_deviation_tends_to_0" time="1.21000000000004"/>
    <testcase classname="ds.mean_math_residual_multiple" name="residual_deviation_tends_to_0" time="0.000999999999976353"/>
    <testcase classname="ds.mean_math_residual_multiple" name="residual_deviation_tends_to_0" time="0.00199999999995271"/>
    <testcase classname="ds.mean_math_residual_multiple" name="residual_deviation_tends_to_0" time="1.21500000000015"/>
    <testcase classname="ds.mean_math_residual_multiple" name="residual_deviation_tends_to_0" time="0.00199999999995271"/>
    <testcase classname="ds.mean_math_residual_multiple" name="residual_deviation_tends_to_0" time="0.000999999999976353"/>
    <testcase classname="ds.mean_math_residual_multiple" name="residual_deviation_tends_to_0" time="1.21299999999997"/>
    <testcase classname="ds.mean_math_residual_multiple" name="residual_deviation_tends_to_0" time="0.000999999999976353"/>
    <testcase classname="ds.mean_math_residual_multiple" name="residual_deviation_tends_to_0" time="0.00200000000018008"/>
    <testcase classname="ds.mean_math_residual_multiple" name="residual_deviation_tends_to_0" time="1.20899999999983"/>
    <testcase classname="ds.mean_math_residual_multiple" name="residual_deviation_tends_to_0" time="0.00200000000018008"/>
    <testcase classname="ds.mean_math_residual_multiple" name="residual_deviation_tends_to_0" time="0.00199999999995271"/>
    <testcase classname="ds.mean_math_residual_multiple" name="residual_deviation_tends_to_0" time="1.20100000000002"/>
    <testcase classname="ds.mean_math_residual_multiple" name="residual_deviation_tends_to_0" time="0.00399999999990541"/>
    <testcase classname="ds.mean_math_residual_multiple" name="residual_deviation_tends_to_0" time="0.00199999999995271"/>
  </testsuite>
  <testsuite errors="0" failures="0" hostname="fv-az14" name="ds.mean()::math::location_parameter::single" skipped="0" tests="8" time="20.625" timestamp="2020-09-17T10:04:06Z">
    <testcase classname="ds.mean_math_location_parameter_single" name="mean_X_a_mean_X_a" time="5.76300000000015"/>
    <testcase classname="ds.mean_math_location_parameter_single" name="mean_X_a_mean_X_a" time="2.12099999999987"/>
    <testcase classname="ds.mean_math_location_parameter_single" name="mean_X_a_mean_X_a" time="2.11900000000014"/>
    <testcase classname="ds.mean_math_location_parameter_single" name="mean_X_a_mean_X_a" time="2.11199999999985"/>
    <testcase classname="ds.mean_math_location_parameter_single" name="mean_X_a_mean_X_a" time="2.11699999999996"/>
    <testcase classname="ds.mean_math_location_parameter_single" name="mean_X_a_mean_X_a" time="2.11500000000001"/>
    <testcase classname="ds.mean_math_location_parameter_single" name="mean_X_a_mean_X_a" time="2.16800000000012"/>
    <testcase classname="ds.mean_math_location_parameter_single" name="mean_X_a_mean_X_a" time="2.1099999999999"/>
  </testsuite>
  <testsuite errors="0" failures="0" hostname="fv-az14" name="ds.mean()::math::location_parameter::multiple" skipped="0" tests="8" time="30.658" timestamp="2020-09-17T10:04:27Z">
    <testcase classname="ds.mean_math_location_parameter_multiple" name="mean_X_a_mean_X_a" time="7.98199999999997"/>
    <testcase classname="ds.mean_math_location_parameter_multiple" name="mean_X_a_mean_X_a" time="3.23099999999999"/>
    <testcase classname="ds.mean_math_location_parameter_multiple" name="mean_X_a_mean_X_a" time="3.20600000000013"/>
    <testcase classname="ds.mean_math_location_parameter_multiple" name="mean_X_a_mean_X_a" time="3.22299999999996"/>
    <testcase classname="ds.mean_math_location_parameter_multiple" name="mean_X_a_mean_X_a" time="3.23700000000008"/>
    <testcase classname="ds.mean_math_location_parameter_multiple" name="mean_X_a_mean_X_a" time="3.28099999999995"/>
    <testcase classname="ds.mean_math_location_parameter_multiple" name="mean_X_a_mean_X_a" time="3.29700000000003"/>
    <testcase classname="ds.mean_math_location_parameter_multiple" name="mean_X_a_mean_X_a" time="3.20100000000002"/>
  </testsuite>
  <testsuite errors="0" failures="0" hostname="fv-az14" name="ds.mean()::math::scale::multiple" skipped="0" tests="8" time="30.759" timestamp="2020-09-17T10:04:57Z">
    <testcase classname="ds.mean_math_scale_multiple" name="mean_X_a_mean_X_a" time="8.18100000000004"/>
    <testcase classname="ds.mean_math_scale_multiple" name="mean_X_a_mean_X_a" time="3.2059999999999"/>
    <testcase classname="ds.mean_math_scale_multiple" name="mean_X_a_mean_X_a" time="3.21199999999999"/>
    <testcase classname="ds.mean_math_scale_multiple" name="mean_X_a_mean_X_a" time="3.23000000000002"/>
    <testcase classname="ds.mean_math_scale_multiple" name="mean_X_a_mean_X_a" time="3.21000000000004"/>
    <testcase classname="ds.mean_math_scale_multiple" name="mean_X_a_mean_X_a" time="3.22799999999984"/>
    <testcase classname="ds.mean_math_scale_multiple" name="mean_X_a_mean_X_a" time="3.27700000000004"/>
    <testcase classname="ds.mean_math_scale_multiple" name="mean_X_a_mean_X_a" time="3.21500000000015"/>
  </testsuite>
  <testsuite errors="0" failures="0" hostname="fv-az14" name="ds.mean()::math::scale::single" skipped="0" tests="8" time="20.645" timestamp="2020-09-17T10:05:28Z">
    <testcase classname="ds.mean_math_scale_single" name="mean_X_a_mean_X_a" time="5.76499999999987"/>
    <testcase classname="ds.mean_math_scale_single" name="mean_X_a_mean_X_a" time="2.11799999999994"/>
    <testcase classname="ds.mean_math_scale_single" name="mean_X_a_mean_X_a" time="2.14100000000008"/>
    <testcase classname="ds.mean_math_scale_single" name="mean_X_a_mean_X_a" time="2.11599999999999"/>
    <testcase classname="ds.mean_math_scale_single" name="mean_X_a_mean_X_a" time="2.12000000000012"/>
    <testcase classname="ds.mean_math_scale_single" name="mean_X_a_mean_X_a" time="2.11500000000001"/>
    <testcase classname="ds.mean_math_scale_single" name="mean_X_a_mean_X_a" time="2.15899999999988"/>
    <testcase classname="ds.mean_math_scale_single" name="mean_X_a_mean_X_a" time="2.1110000000001"/>
  </testsuite>
  <testsuite errors="0" failures="0" hostname="fv-az14" name="ds.var()::math::positive_result::multiple" skipped="0" tests="32" time="24.13" timestamp="2020-09-17T10:05:49Z">
    <testcase classname="ds.var_math_positive_result_multiple" name="variance_0" time="5.93899999999985"/>
    <testcase classname="ds.var_math_positive_result_multiple" name="variance_0" time="1.2170000000001"/>
    <testcase classname="ds.var_math_positive_result_multiple" name="variance_0" time="1.2170000000001"/>
    <testcase classname="ds.var_math_positive_result_multiple" name="variance_0" time="1.20899999999983"/>
    <testcase classname="ds.var_math_positive_result_multiple" name="variance_0" time="1.20500000000015"/>
    <testcase classname="ds.var_math_positive_result_multiple" name="variance_0" time="1.21599999999989"/>
    <testcase classname="ds.var_math_positive_result_multiple" name="variance_0" time="1.22499999999991"/>
    <testcase classname="ds.var_math_positive_result_multiple" name="variance_0" time="1.20700000000011"/>
    <testcase classname="ds.var_math_positive_result_multiple" name="variance_0" time="1.20100000000002"/>
    <testcase classname="ds.var_math_positive_result_multiple" name="variance_0" time="0.000999999999976353"/>
    <testcase classname="ds.var_math_positive_result_multiple" name="variance_0" time="0.00199999999995271"/>
    <testcase classname="ds.var_math_positive_result_multiple" name="variance_0" time="1.21600000000012"/>
    <testcase classname="ds.var_math_positive_result_multiple" name="variance_0" time="0.000999999999976353"/>
    <testcase classname="ds.var_math_positive_result_multiple" name="variance_0" time="0.00199999999995271"/>
    <testcase classname="ds.var_math_positive_result_multiple" name="variance_0" time="1.20800000000008"/>
    <testcase classname="ds.var_math_positive_result_multiple" name="variance_0" time="0.000999999999976353"/>
    <testcase classname="ds.var_math_positive_result_multiple" name="variance_0" time="0.00199999999995271"/>
    <testcase classname="ds.var_math_positive_result_multiple" name="variance_0" time="1.21100000000001"/>
    <testcase classname="ds.var_math_positive_result_multiple" name="variance_0" time="0.00199999999995271"/>
    <testcase classname="ds.var_math_positive_result_multiple" name="variance_0" time="0.000999999999976353"/>
    <testcase classname="ds.var_math_positive_result_multiple" name="variance_0" time="1.20600000000013"/>
    <testcase classname="ds.var_math_positive_result_multiple" name="variance_0" time="0.00199999999995271"/>
    <testcase classname="ds.var_math_positive_result_multiple" name="variance_0" time="0.00199999999995271"/>
    <testcase classname="ds.var_math_positive_result_multiple" name="variance_0" time="1.20700000000011"/>
    <testcase classname="ds.var_math_positive_result_multiple" name="variance_0" time="0.000999999999976353"/>
    <testcase classname="ds.var_math_positive_result_multiple" name="variance_0" time="0.000999999999976353"/>
    <testcase classname="ds.var_math_positive_result_multiple" name="variance_0" time="1.202"/>
    <testcase classname="ds.var_math_positive_result_multiple" name="variance_0" time="0.00199999999995271"/>
    <testcase classname="ds.var_math_positive_result_multiple" name="variance_0" time="0.00199999999995271"/>
    <testcase classname="ds.var_math_positive_result_multiple" name="variance_0" time="1.21900000000005"/>
    <testcase classname="ds.var_math_positive_result_multiple" name="variance_0" time="0.000999999999976353"/>
    <testcase classname="ds.var_math_positive_result_multiple" name="variance_0" time="0.00199999999995271"/>
  </testsuite>
  <testsuite errors="0" failures="0" hostname="fv-az14" name="ds.var()::math::positive_result::single" skipped="0" tests="32" time="14.98" timestamp="2020-09-17T10:06:13Z">
    <testcase classname="ds.var_math_positive_result_single" name="variance_0" time="4.3900000000001"/>
    <testcase classname="ds.var_math_positive_result_single" name="variance_0" time="0.700000000000045"/>
    <testcase classname="ds.var_math_positive_result_single" name="variance_0" time="0.701000000000022"/>
    <testcase classname="ds.var_math_positive_result_single" name="variance_0" time="0.702999999999975"/>
    <testcase classname="ds.var_math_positive_result_single" name="variance_0" time="0.711000000000013"/>
    <testcase classname="ds.var_math_positive_result_single" name="variance_0" time="0.710000000000036"/>
    <testcase classname="ds.var_math_positive_result_single" name="variance_0" time="0.70699999999988"/>
    <testcase classname="ds.var_math_positive_result_single" name="variance_0" time="0.704999999999927"/>
    <testcase classname="ds.var_math_positive_result_single" name="variance_0" time="0.701999999999998"/>
    <testcase classname="ds.var_math_positive_result_single" name="variance_0" time="0.00200000000018008"/>
    <testcase classname="ds.var_math_positive_result_single" name="variance_0" time="0.000999999999976353"/>
    <testcase classname="ds.var_math_positive_result_single" name="variance_0" time="0.710000000000036"/>
    <testcase classname="ds.var_math_positive_result_single" name="variance_0" time="0.000999999999976353"/>
    <testcase classname="ds.var_math_positive_result_single" name="variance_0" time="0.000999999999976353"/>
    <testcase classname="ds.var_math_positive_result_single" name="variance_0" time="0.705999999999904"/>
    <testcase classname="ds.var_math_positive_result_single" name="variance_0" time="0.00199999999995271"/>
    <testcase classname="ds.var_math_positive_result_single" name="variance_0" time="0.000999999999976353"/>
    <testcase classname="ds.var_math_positive_result_single" name="variance_0" time="0.705000000000155"/>
    <testcase classname="ds.var_math_positive_result_single" name="variance_0" time="0.000999999999976353"/>
    <testcase classname="ds.var_math_positive_result_single" name="variance_0" time="0.000999999999976353"/>
    <testcase classname="ds.var_math_positive_result_single" name="variance_0" time="0.701000000000022"/>
    <testcase classname="ds.var_math_positive_result_single" name="variance_0" time="0.000999999999976353"/>
    <testcase classname="ds.var_math_positive_result_single" name="variance_0" time="0.000999999999976353"/>
    <testcase classname="ds.var_math_positive_result_single" name="variance_0" time="0.700000000000045"/>
    <testcase classname="ds.var_math_positive_result_single" name="variance_0" time="0.00199999999995271"/>
    <testcase classname="ds.var_math_positive_result_single" name="variance_0" time="0.000999999999976353"/>
    <testcase classname="ds.var_math_positive_result_single" name="variance_0" time="0.701999999999998"/>
    <testcase classname="ds.var_math_positive_result_single" name="variance_0" time="0.00200000000018008"/>
    <testcase classname="ds.var_math_positive_result_single" name="variance_0" time="0.000999999999976353"/>
    <testcase classname="ds.var_math_positive_result_single" name="variance_0" time="0.705999999999904"/>
    <testcase classname="ds.var_math_positive_result_single" name="variance_0" time="0.00199999999995271"/>
    <testcase classname="ds.var_math_positive_result_single" name="variance_0" time="0.000999999999976353"/>
  </testsuite>
  <testsuite errors="0" failures="0" hostname="fv-az14" name="ds.var()::math::square_root_std::single" skipped="0" tests="8" time="5.343" timestamp="2020-09-17T10:06:28Z">
    <testcase classname="ds.var_math_square_root_std_single" name="variance_is_to_the_power_of_2_of_the_standard_deviation" time="3.62400000000002"/>
    <testcase classname="ds.var_math_square_root_std_single" name="variance_is_to_the_power_of_2_of_the_standard_deviation" time="0.283000000000129"/>
    <testcase classname="ds.var_math_square_root_std_single" name="variance_is_to_the_power_of_2_of_the_standard_deviation" time="0.240999999999985"/>
    <testcase classname="ds.var_math_square_root_std_single" name="variance_is_to_the_power_of_2_of_the_standard_deviation" time="0.243999999999915"/>
    <testcase classname="ds.var_math_square_root_std_single" name="variance_is_to_the_power_of_2_of_the_standard_deviation" time="0.240999999999985"/>
    <testcase classname="ds.var_math_square_root_std_single" name="variance_is_to_the_power_of_2_of_the_standard_deviation" time="0.239000000000033"/>
    <testcase classname="ds.var_math_square_root_std_single" name="variance_is_to_the_power_of_2_of_the_standard_deviation" time="0.236000000000104"/>
    <testcase classname="ds.var_math_square_root_std_single" name="variance_is_to_the_power_of_2_of_the_standard_deviation" time="0.2349999999999"/>
  </testsuite>
  <testsuite errors="0" failures="0" hostname="fv-az14" name="ds.var()::math::square_root_std::multiple" skipped="0" tests="32" time="9.091" timestamp="2020-09-17T10:06:33Z">
    <testcase classname="ds.var_math_square_root_std_multiple" name="variance_is_to_the_power_of_2_of_the_standard_deviation" time="4.95100000000002"/>
    <testcase classname="ds.var_math_square_root_std_multiple" name="variance_is_to_the_power_of_2_of_the_standard_deviation" time="0.346000000000004"/>
    <testcase classname="ds.var_math_square_root_std_multiple" name="variance_is_to_the_power_of_2_of_the_standard_deviation" time="0.26299999999992"/>
    <testcase classname="ds.var_math_square_root_std_multiple" name="variance_is_to_the_power_of_2_of_the_standard_deviation" time="0.264000000000124"/>
    <testcase classname="ds.var_math_square_root_std_multiple" name="variance_is_to_the_power_of_2_of_the_standard_deviation" time="0.270999999999958"/>
    <testcase classname="ds.var_math_square_root_std_multiple" name="variance_is_to_the_power_of_2_of_the_standard_deviation" time="0.269000000000005"/>
    <testcase classname="ds.var_math_square_root_std_multiple" name="variance_is_to_the_power_of_2_of_the_standard_deviation" time="0.269000000000005"/>
    <testcase classname="ds.var_math_square_root_std_multiple" name="variance_is_to_the_power_of_2_of_the_standard_deviation" time="0.267000000000053"/>
    <testcase classname="ds.var_math_square_root_std_multiple" name="variance_is_to_the_power_of_2_of_the_standard_deviation" time="0.273999999999887"/>
    <testcase classname="ds.var_math_square_root_std_multiple" name="variance_is_to_the_power_of_2_of_the_standard_deviation" time="0.00199999999995271"/>
    <testcase classname="ds.var_math_square_root_std_multiple" name="variance_is_to_the_power_of_2_of_the_standard_deviation" time="0.00200000000018008"/>
    <testcase classname="ds.var_math_square_root_std_multiple" name="variance_is_to_the_power_of_2_of_the_standard_deviation" time="0.27599999999984"/>
    <testcase classname="ds.var_math_square_root_std_multiple" name="variance_is_to_the_power_of_2_of_the_standard_deviation" time="0.00199999999995271"/>
    <testcase classname="ds.var_math_square_root_std_multiple" name="variance_is_to_the_power_of_2_of_the_standard_deviation" time="0.00100000000020373"/>
    <testcase classname="ds.var_math_square_root_std_multiple" name="variance_is_to_the_power_of_2_of_the_standard_deviation" time="0.270999999999958"/>
    <testcase classname="ds.var_math_square_root_std_multiple" name="variance_is_to_the_power_of_2_of_the_standard_deviation" time="0.00199999999995271"/>
    <testcase classname="ds.var_math_square_root_std_multiple" name="variance_is_to_the_power_of_2_of_the_standard_deviation" time="0.00199999999995271"/>
    <testcase classname="ds.var_math_square_root_std_multiple" name="variance_is_to_the_power_of_2_of_the_standard_deviation" time="0.264000000000124"/>
    <testcase classname="ds.var_math_square_root_std_multiple" name="variance_is_to_the_power_of_2_of_the_standard_deviation" time="0.000999999999976353"/>
    <testcase classname="ds.var_math_square_root_std_multiple" name="variance_is_to_the_power_of_2_of_the_standard_deviation" time="0.00199999999995271"/>
    <testcase classname="ds.var_math_square_root_std_multiple" name="variance_is_to_the_power_of_2_of_the_standard_deviation" time="0.2650000000001"/>
    <testcase classname="ds.var_math_square_root_std_multiple" name="variance_is_to_the_power_of_2_of_the_standard_deviation" time="0.00199999999995271"/>
    <testcase classname="ds.var_math_square_root_std_multiple" name="variance_is_to_the_power_of_2_of_the_standard_deviation" time="0.000999999999976353"/>
    <testcase classname="ds.var_math_square_root_std_multiple" name="variance_is_to_the_power_of_2_of_the_standard_deviation" time="0.268000000000029"/>
    <testcase classname="ds.var_math_square_root_std_multiple" name="variance_is_to_the_power_of_2_of_the_standard_deviation" time="0.00199999999995271"/>
    <testcase classname="ds.var_math_square_root_std_multiple" name="variance_is_to_the_power_of_2_of_the_standard_deviation" time="0.000999999999976353"/>
    <testcase classname="ds.var_math_square_root_std_multiple" name="variance_is_to_the_power_of_2_of_the_standard_deviation" time="0.281999999999925"/>
    <testcase classname="ds.var_math_square_root_std_multiple" name="variance_is_to_the_power_of_2_of_the_standard_deviation" time="0.00200000000018008"/>
    <testcase classname="ds.var_math_square_root_std_multiple" name="variance_is_to_the_power_of_2_of_the_standard_deviation" time="0.000999999999976353"/>
    <testcase classname="ds.var_math_square_root_std_multiple" name="variance_is_to_the_power_of_2_of_the_standard_deviation" time="0.264999999999873"/>
    <testcase classname="ds.var_math_square_root_std_multiple" name="variance_is_to_the_power_of_2_of_the_standard_deviation" time="0.000999999999976353"/>
    <testcase classname="ds.var_math_square_root_std_multiple" name="variance_is_to_the_power_of_2_of_the_standard_deviation" time="0.00200000000018008"/>
  </testsuite>
  <testsuite errors="0" failures="0" hostname="fv-az14" name="ds.var()::math::location::parameter::single" skipped="0" tests="8" time="20.674" timestamp="2020-09-17T10:06:42Z">
    <testcase classname="ds.var_math_location_parameter_single" name="var_X_a_Var_X_" time="5.78399999999988"/>
    <testcase classname="ds.var_math_location_parameter_single" name="var_X_a_Var_X_" time="2.12200000000007"/>
    <testcase classname="ds.var_math_location_parameter_single" name="var_X_a_Var_X_" time="2.14799999999991"/>
    <testcase classname="ds.var_math_location_parameter_single" name="var_X_a_Var_X_" time="2.11400000000003"/>
    <testcase classname="ds.var_math_location_parameter_single" name="var_X_a_Var_X_" time="2.1099999999999"/>
    <testcase classname="ds.var_math_location_parameter_single" name="var_X_a_Var_X_" time="2.11600000000021"/>
    <testcase classname="ds.var_math_location_parameter_single" name="var_X_a_Var_X_" time="2.16999999999985"/>
    <testcase classname="ds.var_math_location_parameter_single" name="var_X_a_Var_X_" time="2.11000000000013"/>
  </testsuite>
  <testsuite errors="0" failures="0" hostname="fv-az14" name="ds.var()::math::location::parameter::multiple" skipped="0" tests="8" time="30.603" timestamp="2020-09-17T10:07:03Z">
    <testcase classname="ds.var_math_location_parameter_multiple" name="var_X_a_Var_X_" time="7.93999999999983"/>
    <testcase classname="ds.var_math_location_parameter_multiple" name="var_X_a_Var_X_" time="3.2320000000002"/>
    <testcase classname="ds.var_math_location_parameter_multiple" name="var_X_a_Var_X_" time="3.21499999999992"/>
    <testcase classname="ds.var_math_location_parameter_multiple" name="var_X_a_Var_X_" time="3.2349999999999"/>
    <testcase classname="ds.var_math_location_parameter_multiple" name="var_X_a_Var_X_" time="3.23900000000003"/>
    <testcase classname="ds.var_math_location_parameter_multiple" name="var_X_a_Var_X_" time="3.24700000000007"/>
    <testcase classname="ds.var_math_location_parameter_multiple" name="var_X_a_Var_X_" time="3.27600000000007"/>
    <testcase classname="ds.var_math_location_parameter_multiple" name="var_X_a_Var_X_" time="3.21899999999982"/>
  </testsuite>
  <testsuite errors="0" failures="0" hostname="fv-az14" name="ds.var()::math::scale::single" skipped="0" tests="8" time="20.636" timestamp="2020-09-17T10:07:34Z">
    <testcase classname="ds.var_math_scale_single" name="var_aX_a_2Var_X_" time="5.79200000000014"/>
    <testcase classname="ds.var_math_scale_single" name="var_aX_a_2Var_X_" time="2.11599999999999"/>
    <testcase classname="ds.var_math_scale_single" name="var_aX_a_2Var_X_" time="2.12400000000002"/>
    <testcase classname="ds.var_math_scale_single" name="var_aX_a_2Var_X_" time="2.11099999999988"/>
    <testcase classname="ds.var_math_scale_single" name="var_aX_a_2Var_X_" time="2.11000000000013"/>
    <testcase classname="ds.var_math_scale_single" name="var_aX_a_2Var_X_" time="2.12300000000005"/>
    <testcase classname="ds.var_math_scale_single" name="var_aX_a_2Var_X_" time="2.15099999999984"/>
    <testcase classname="ds.var_math_scale_single" name="var_aX_a_2Var_X_" time="2.10900000000015"/>
  </testsuite>
  <testsuite errors="0" failures="0" hostname="fv-az14" name="ds.var()::math::scale::multiple" skipped="0" tests="8" time="30.601" timestamp="2020-09-17T10:07:54Z">
    <testcase classname="ds.var_math_scale_multiple" name="var_aX_a_2Var_X_" time="8.00699999999983"/>
    <testcase classname="ds.var_math_scale_multiple" name="var_aX_a_2Var_X_" time="3.20299999999997"/>
    <testcase classname="ds.var_math_scale_multiple" name="var_aX_a_2Var_X_" time="3.21100000000001"/>
    <testcase classname="ds.var_math_scale_multiple" name="var_aX_a_2Var_X_" time="3.20700000000011"/>
    <testcase classname="ds.var_math_scale_multiple" name="var_aX_a_2Var_X_" time="3.19000000000005"/>
    <testcase classname="ds.var_math_scale_multiple" name="var_aX_a_2Var_X_" time="3.24399999999991"/>
    <testcase classname="ds.var_math_scale_multiple" name="var_aX_a_2Var_X_" time="3.3119999999999"/>
    <testcase classname="ds.var_math_scale_multiple" name="var_aX_a_2Var_X_" time="3.22700000000009"/>
  </testsuite>
  <testsuite errors="0" failures="0" hostname="fv-az14" name="checkClass::smk::discordant::setup" skipped="0" tests="3" time="4.947" timestamp="2020-09-17T10:08:25Z">
    <testcase classname="checkClass_smk_discordant_setup" name="setup" time="4.94499999999994"/>
    <testcase classname="checkClass_smk_discordant_setup" name="setup" time="0.000999999999976353"/>
    <testcase classname="checkClass_smk_discordant_setup" name="setup" time="0.00100000000020373"/>
  </testsuite>
  <testsuite errors="0" failures="0" hostname="fv-az14" name="checkClass::smk::discordant" skipped="0" tests="3" time="2.054" timestamp="2020-09-17T10:08:30Z">
    <testcase classname="checkClass_smk_discordant" name="simple_test_discordant_dataset_A" time="0.690999999999804"/>
    <testcase classname="checkClass_smk_discordant" name="simple_test_discordant_dataset_B" time="0.684000000000196"/>
    <testcase classname="checkClass_smk_discordant" name="simple_test_discordant_dataset_C" time="0.67899999999986"/>
  </testsuite>
  <testsuite errors="0" failures="0" hostname="fv-az14" name="checkClass::smk::discordant::shutdown" skipped="0" tests="3" time="0.275" timestamp="2020-09-17T10:08:32Z">
    <testcase classname="checkClass_smk_discordant_shutdown" name="shutdown" time="0.273000000000138"/>
    <testcase classname="checkClass_smk_discordant_shutdown" name="shutdown" time="0.000999999999976353"/>
    <testcase classname="checkClass_smk_discordant_shutdown" name="shutdown" time="0.000999999999976353"/>
  </testsuite>
  <testsuite errors="0" failures="0" hostname="fv-az14" name="checkClass::smk::discordant::done" skipped="0" tests="0" time="0" timestamp="2020-09-17T10:08:33Z"/>
  <testsuite errors="0" failures="0" hostname="fv-az14" name="checkClass::smk::setup" skipped="0" tests="3" time="5.362" timestamp="2020-09-17T10:08:33Z">
    <testcase classname="checkClass_smk_setup" name="setup" time="5.3599999999999"/>
    <testcase classname="checkClass_smk_setup" name="setup" time="0.000999999999976353"/>
    <testcase classname="checkClass_smk_setup" name="setup" time="0.000999999999976353"/>
  </testsuite>
  <testsuite errors="0" failures="0" hostname="fv-az14" name="checkClass::smk::simple test" skipped="0" tests="24" time="8.275" timestamp="2020-09-17T10:08:37Z">
    <testcase classname="checkClass_smk_simple_test" name="simple_test" time="0.684000000000196"/>
    <testcase classname="checkClass_smk_simple_test" name="simple_test" time="0.000999999999976353"/>
    <testcase classname="checkClass_smk_simple_test" name="simple_test" time="0.000999999999976353"/>
    <testcase classname="checkClass_smk_simple_test" name="simple_test" time="0.69399999999996"/>
    <testcase classname="checkClass_smk_simple_test" name="simple_test" time="0.000999999999976353"/>
    <testcase classname="checkClass_smk_simple_test" name="simple_test" time="0.000999999999976353"/>
    <testcase classname="checkClass_smk_simple_test" name="simple_test" time="0.68100000000004"/>
    <testcase classname="checkClass_smk_simple_test" name="simple_test" time="0.00199999999995271"/>
    <testcase classname="checkClass_smk_simple_test" name="simple_test" time="0.000999999999976353"/>
    <testcase classname="checkClass_smk_simple_test" name="simple_test" time="0.686000000000149"/>
    <testcase classname="checkClass_smk_simple_test" name="simple_test" time="0.000999999999976353"/>
    <testcase classname="checkClass_smk_simple_test" name="simple_test" time="0.00199999999995271"/>
    <testcase classname="checkClass_smk_simple_test" name="simple_test" time="0.712999999999965"/>
    <testcase classname="checkClass_smk_simple_test" name="simple_test" time="0.000999999999976353"/>
    <testcase classname="checkClass_smk_simple_test" name="simple_test" time="0.00199999999995271"/>
    <testcase classname="checkClass_smk_simple_test" name="simple_test" time="0.725000000000136"/>
    <testcase classname="checkClass_smk_simple_test" name="simple_test" time="0.00299999999992906"/>
    <testcase classname="checkClass_smk_simple_test" name="simple_test" time="0.000999999999976353"/>
    <testcase classname="checkClass_smk_simple_test" name="data.frame_test" time="3.38700000000017"/>
    <testcase classname="checkClass_smk_simple_test" name="data.frame_test" time="0.00199999999995271"/>
    <testcase classname="checkClass_smk_simple_test" name="data.frame_test" time="0.00199999999995271"/>
    <testcase classname="checkClass_smk_simple_test" name="missing_test" time="0.680000000000064"/>
    <testcase classname="checkClass_smk_simple_test" name="missing_test" time="0.00199999999995271"/>
    <testcase classname="checkClass_smk_simple_test" name="missing_test" time="0.00199999999995271"/>
  </testsuite>
  <testsuite errors="0" failures="0" hostname="fv-az14" name="checkClass::smk::shutdown" skipped="0" tests="3" time="0.28" timestamp="2020-09-17T10:08:46Z">
    <testcase classname="checkClass_smk_shutdown" name="shutdown" time="0.27800000000002"/>
    <testcase classname="checkClass_smk_shutdown" name="shutdown" time="0.000999999999976353"/>
    <testcase classname="checkClass_smk_shutdown" name="shutdown" time="0.000999999999976353"/>
  </testsuite>
  <testsuite errors="0" failures="0" hostname="fv-az14" name="checkClass::smk::done" skipped="0" tests="0" time="0" timestamp="2020-09-17T10:08:47Z"/>
  <testsuite errors="0" failures="0" hostname="fv-az14" name="ds.abs::smk::setup" skipped="0" tests="3" time="5.225" timestamp="2020-09-17T10:08:47Z">
    <testcase classname="ds.abs_smk_setup" name="setup" time="5.221"/>
    <testcase classname="ds.abs_smk_setup" name="setup" time="0.00199999999995271"/>
    <testcase classname="ds.abs_smk_setup" name="setup" time="0.00200000000018008"/>
  </testsuite>
  <testsuite errors="0" failures="0" hostname="fv-az14" name="ds.abs::smk" skipped="0" tests="10" time="2.293" timestamp="2020-09-17T10:08:51Z">
    <testcase classname="ds.abs_smk" name="simple_c" time="1.49199999999996"/>
    <testcase classname="ds.abs_smk" name="simple_c" time="0.263999999999896"/>
    <testcase classname="ds.abs_smk" name="simple_c" time="0.000999999999976353"/>
    <testcase classname="ds.abs_smk" name="simple_c" time="0.00200000000018008"/>
    <testcase classname="ds.abs_smk" name="simple_c" time="0.000999999999976353"/>
    <testcase classname="ds.abs_smk" name="simple_c" time="0.000999999999976353"/>
    <testcase classname="ds.abs_smk" name="simple_c" time="0.527000000000044"/>
    <testcase classname="ds.abs_smk" name="simple_c" time="0.00199999999995271"/>
    <testcase classname="ds.abs_smk" name="simple_c" time="0.000999999999976353"/>
    <testcase classname="ds.abs_smk" name="simple_c" time="0.00199999999995271"/>
  </testsuite>
  <testsuite errors="0" failures="0" hostname="fv-az14" name="ds.abs::smk::shutdown" skipped="0" tests="3" time="0.282" timestamp="2020-09-17T10:08:53Z">
    <testcase classname="ds.abs_smk_shutdown" name="setup" time="0.278999999999996"/>
    <testcase classname="ds.abs_smk_shutdown" name="setup" time="0.00199999999995271"/>
    <testcase classname="ds.abs_smk_shutdown" name="setup" time="0.000999999999976353"/>
  </testsuite>
  <testsuite errors="0" failures="0" hostname="fv-az14" name="ds.abs::smk::done" skipped="0" tests="0" time="0" timestamp="2020-09-17T10:08:54Z"/>
  <testsuite errors="0" failures="0" hostname="fv-az14" name="ds.asCharacter::smk::setup" skipped="0" tests="3" time="5.27" timestamp="2020-09-17T10:08:54Z">
    <testcase classname="ds.asCharacter_smk_setup" name="setup" time="5.26800000000003"/>
    <testcase classname="ds.asCharacter_smk_setup" name="setup" time="0.000999999999976353"/>
    <testcase classname="ds.asCharacter_smk_setup" name="setup" time="0.000999999999976353"/>
  </testsuite>
  <testsuite errors="0" failures="0" hostname="fv-az14" name="ds.asCharacter::smk::simple test" skipped="0" tests="3" time="0.81" timestamp="2020-09-17T10:08:59Z">
    <testcase classname="ds.asCharacter_smk_simple_test" name="simple_test" time="0.807000000000016"/>
    <testcase classname="ds.asCharacter_smk_simple_test" name="simple_test" time="0.000999999999976353"/>
    <testcase classname="ds.asCharacter_smk_simple_test" name="simple_test" time="0.00200000000018008"/>
  </testsuite>
  <testsuite errors="0" failures="0" hostname="fv-az14" name="ds.asCharacter::smk::stutdown" skipped="0" tests="3" time="0.285" timestamp="2020-09-17T10:09:00Z">
    <testcase classname="ds.asCharacter_smk_stutdown" name="setup" time="0.281999999999925"/>
    <testcase classname="ds.asCharacter_smk_stutdown" name="setup" time="0.00199999999995271"/>
    <testcase classname="ds.asCharacter_smk_stutdown" name="setup" time="0.000999999999976353"/>
  </testsuite>
  <testsuite errors="0" failures="0" hostname="fv-az14" name="ds.asCharacter::smk::done" skipped="0" tests="0" time="0" timestamp="2020-09-17T10:09:01Z"/>
  <testsuite errors="0" failures="0" hostname="fv-az14" name="ds.asDataMatrix::smk::setup" skipped="0" tests="3" time="5.224" timestamp="2020-09-17T10:09:01Z">
    <testcase classname="ds.asDataMatrix_smk_setup" name="setup" time="5.22199999999998"/>
    <testcase classname="ds.asDataMatrix_smk_setup" name="setup" time="0.00100000000020373"/>
    <testcase classname="ds.asDataMatrix_smk_setup" name="setup" time="0.000999999999976353"/>
  </testsuite>
  <testsuite errors="0" failures="0" hostname="fv-az14" name="ds.asDataMatrix::smk::simple test" skipped="0" tests="3" time="0.846" timestamp="2020-09-17T10:09:05Z">
    <testcase classname="ds.asDataMatrix_smk_simple_test" name="simple_test" time="0.842999999999847"/>
    <testcase classname="ds.asDataMatrix_smk_simple_test" name="simple_test" time="0.000999999999976353"/>
    <testcase classname="ds.asDataMatrix_smk_simple_test" name="simple_test" time="0.00200000000018008"/>
  </testsuite>
  <testsuite errors="0" failures="0" hostname="fv-az14" name="ds.asDataMatrix::smk::shutdown" skipped="0" tests="3" time="0.285" timestamp="2020-09-17T10:09:06Z">
    <testcase classname="ds.asDataMatrix_smk_shutdown" name="shutdown" time="0.282999999999902"/>
    <testcase classname="ds.asDataMatrix_smk_shutdown" name="shutdown" time="0.000999999999976353"/>
    <testcase classname="ds.asDataMatrix_smk_shutdown" name="shutdown" time="0.000999999999976353"/>
  </testsuite>
  <testsuite errors="0" failures="0" hostname="fv-az14" name="ds.asDataMatrix::smk::done" skipped="0" tests="0" time="0" timestamp="2020-09-17T10:09:07Z"/>
  <testsuite errors="0" failures="0" hostname="fv-az14" name="ds.asFactor::smk::setup" skipped="0" tests="3" time="5.282" timestamp="2020-09-17T10:09:07Z">
    <testcase classname="ds.asFactor_smk_setup" name="setup" time="5.279"/>
    <testcase classname="ds.asFactor_smk_setup" name="setup" time="0.00200000000018008"/>
    <testcase classname="ds.asFactor_smk_setup" name="setup" time="0.000999999999976353"/>
  </testsuite>
  <testsuite errors="0" failures="0" hostname="fv-az14" name="ds.asFactor::smk::force.factor.levels" skipped="0" tests="25" time="13.754" timestamp="2020-09-17T10:09:13Z">
    <testcase classname="ds.asFactor_smk_force.factor.levels" name="with_no_force.factor.levels" time="2.20799999999986"/>
    <testcase classname="ds.asFactor_smk_force.factor.levels" name="with_no_force.factor.levels" time="1.24900000000002"/>
    <testcase classname="ds.asFactor_smk_force.factor.levels" name="with_no_force.factor.levels" time="0.000999999999976353"/>
    <testcase classname="ds.asFactor_smk_force.factor.levels" name="with_no_force.factor.levels" time="0.000999999999976353"/>
    <testcase classname="ds.asFactor_smk_force.factor.levels" name="with_no_force.factor.levels" time="0.000999999999976353"/>
    <testcase classname="ds.asFactor_smk_force.factor.levels" name="with_forced.factor.levels_of_1_6" time="1.32299999999987"/>
    <testcase classname="ds.asFactor_smk_force.factor.levels" name="with_forced.factor.levels_of_1_6" time="1.202"/>
    <testcase classname="ds.asFactor_smk_force.factor.levels" name="with_forced.factor.levels_of_1_6" time="0.00200000000018008"/>
    <testcase classname="ds.asFactor_smk_force.factor.levels" name="with_forced.factor.levels_of_1_6" time="0.000999999999976353"/>
    <testcase classname="ds.asFactor_smk_force.factor.levels" name="with_forced.factor.levels_of_1_6" time="0.000999999999976353"/>
    <testcase classname="ds.asFactor_smk_force.factor.levels" name="with_force.factor.levels_of_0_10" time="1.33799999999997"/>
    <testcase classname="ds.asFactor_smk_force.factor.levels" name="with_force.factor.levels_of_0_10" time="1.20499999999993"/>
    <testcase classname="ds.asFactor_smk_force.factor.levels" name="with_force.factor.levels_of_0_10" time="0.000999999999976353"/>
    <testcase classname="ds.asFactor_smk_force.factor.levels" name="with_force.factor.levels_of_0_10" time="0.00200000000018008"/>
    <testcase classname="ds.asFactor_smk_force.factor.levels" name="with_force.factor.levels_of_0_10" time="0.000999999999976353"/>
    <testcase classname="ds.asFactor_smk_force.factor.levels" name="with_force.factor.levels_of_2_3" time="1.32600000000002"/>
    <testcase classname="ds.asFactor_smk_force.factor.levels" name="with_force.factor.levels_of_2_3" time="1.22199999999998"/>
    <testcase classname="ds.asFactor_smk_force.factor.levels" name="with_force.factor.levels_of_2_3" time="0.00199999999995271"/>
    <testcase classname="ds.asFactor_smk_force.factor.levels" name="with_force.factor.levels_of_2_3" time="0.000999999999976353"/>
    <testcase classname="ds.asFactor_smk_force.factor.levels" name="with_force.factor.levels_of_2_3" time="0.00199999999995271"/>
    <testcase classname="ds.asFactor_smk_force.factor.levels" name="with_force.factor.levels_of_c_1_2_3_4_a_h_5_" time="1.32400000000007"/>
    <testcase classname="ds.asFactor_smk_force.factor.levels" name="with_force.factor.levels_of_c_1_2_3_4_a_h_5_" time="1.33699999999999"/>
    <testcase classname="ds.asFactor_smk_force.factor.levels" name="with_force.factor.levels_of_c_1_2_3_4_a_h_5_" time="0.00199999999995271"/>
    <testcase classname="ds.asFactor_smk_force.factor.levels" name="with_force.factor.levels_of_c_1_2_3_4_a_h_5_" time="0.000999999999976353"/>
    <testcase classname="ds.asFactor_smk_force.factor.levels" name="with_force.factor.levels_of_c_1_2_3_4_a_h_5_" time="0.000999999999976353"/>
  </testsuite>
  <testsuite errors="0" failures="0" hostname="fv-az14" name="ds.asFactor::smk::fixed.dummy.vars" skipped="0" tests="6" time="2.687" timestamp="2020-09-17T10:09:25Z">
    <testcase classname="ds.asFactor_smk_fixed.dummy.vars" name="with_fixed.dummy.vars_of_TRUE" time="1.34100000000012"/>
    <testcase classname="ds.asFactor_smk_fixed.dummy.vars" name="with_fixed.dummy.vars_of_TRUE" time="0.000999999999976353"/>
    <testcase classname="ds.asFactor_smk_fixed.dummy.vars" name="with_fixed.dummy.vars_of_TRUE" time="0.000999999999976353"/>
    <testcase classname="ds.asFactor_smk_fixed.dummy.vars" name="with_fixed.dummy.vars_of_TRUE_and_baseline.level_of_6" time="1.34099999999989"/>
    <testcase classname="ds.asFactor_smk_fixed.dummy.vars" name="with_fixed.dummy.vars_of_TRUE_and_baseline.level_of_6" time="0.00200000000018008"/>
    <testcase classname="ds.asFactor_smk_fixed.dummy.vars" name="with_fixed.dummy.vars_of_TRUE_and_baseline.level_of_6" time="0.000999999999976353"/>
  </testsuite>
  <testsuite errors="0" failures="0" hostname="fv-az14" name="ds.asFactor::smk::shutdown" skipped="0" tests="3" time="0.275" timestamp="2020-09-17T10:09:28Z">
    <testcase classname="ds.asFactor_smk_shutdown" name="shutdown" time="0.271999999999935"/>
    <testcase classname="ds.asFactor_smk_shutdown" name="shutdown" time="0.00199999999995271"/>
    <testcase classname="ds.asFactor_smk_shutdown" name="shutdown" time="0.000999999999976353"/>
  </testsuite>
  <testsuite errors="0" failures="0" hostname="fv-az14" name="ds.asFactor::smk::done" skipped="0" tests="0" time="0" timestamp="2020-09-17T10:09:29Z"/>
  <testsuite errors="0" failures="0" hostname="fv-az14" name="ds.asInteger::smk::setup" skipped="0" tests="3" time="5.278" timestamp="2020-09-17T10:09:29Z">
    <testcase classname="ds.asInteger_smk_setup" name="setup" time="5.27500000000009"/>
    <testcase classname="ds.asInteger_smk_setup" name="setup" time="0.000999999999976353"/>
    <testcase classname="ds.asInteger_smk_setup" name="setup" time="0.00199999999995271"/>
  </testsuite>
  <testsuite errors="0" failures="0" hostname="fv-az14" name="ds.asInteger::smk::simple test" skipped="0" tests="3" time="0.858" timestamp="2020-09-17T10:09:34Z">
    <testcase classname="ds.asInteger_smk_simple_test" name="simple_test" time="0.855999999999995"/>
    <testcase classname="ds.asInteger_smk_simple_test" name="simple_test" time="0.000999999999976353"/>
    <testcase classname="ds.asInteger_smk_simple_test" name="simple_test" time="0.00100000000020373"/>
  </testsuite>
  <testsuite errors="0" failures="0" hostname="fv-az14" name="ds.asInteger::smk::stutdown" skipped="0" tests="3" time="0.281" timestamp="2020-09-17T10:09:35Z">
    <testcase classname="ds.asInteger_smk_stutdown" name="stutdown" time="0.277999999999793"/>
    <testcase classname="ds.asInteger_smk_stutdown" name="stutdown" time="0.00100000000020373"/>
    <testcase classname="ds.asInteger_smk_stutdown" name="stutdown" time="0.00199999999995271"/>
  </testsuite>
  <testsuite errors="0" failures="0" hostname="fv-az14" name="ds.asInteger::smk::done" skipped="0" tests="0" time="0" timestamp="2020-09-17T10:09:36Z"/>
  <testsuite errors="0" failures="0" hostname="fv-az14" name="ds.asList::smk::setup" skipped="0" tests="3" time="5.267" timestamp="2020-09-17T10:09:36Z">
    <testcase classname="ds.asList_smk_setup" name="setup" time="5.2639999999999"/>
    <testcase classname="ds.asList_smk_setup" name="setup" time="0.00199999999995271"/>
    <testcase classname="ds.asList_smk_setup" name="setup" time="0.00100000000020373"/>
  </testsuite>
  <testsuite errors="0" failures="0" hostname="fv-az14" name="ds.asList::smk::simple test" skipped="0" tests="10" time="0.448" timestamp="2020-09-17T10:09:40Z">
    <testcase classname="ds.asList_smk_simple_test" name="simple_test" time="0.42899999999986"/>
    <testcase classname="ds.asList_smk_simple_test" name="simple_test" time="0.00600000000008549"/>
    <testcase classname="ds.asList_smk_simple_test" name="simple_test" time="0.00299999999992906"/>
    <testcase classname="ds.asList_smk_simple_test" name="simple_test" time="0.00199999999995271"/>
    <testcase classname="ds.asList_smk_simple_test" name="simple_test" time="0.000999999999976353"/>
    <testcase classname="ds.asList_smk_simple_test" name="simple_test" time="0.000999999999976353"/>
    <testcase classname="ds.asList_smk_simple_test" name="simple_test" time="0.000999999999976353"/>
    <testcase classname="ds.asList_smk_simple_test" name="simple_test" time="0.00199999999995271"/>
    <testcase classname="ds.asList_smk_simple_test" name="simple_test" time="0.000999999999976353"/>
    <testcase classname="ds.asList_smk_simple_test" name="simple_test" time="0.00199999999995271"/>
  </testsuite>
  <testsuite errors="0" failures="0" hostname="fv-az14" name="ds.asList::smk::shutdown" skipped="0" tests="3" time="0.275" timestamp="2020-09-17T10:09:41Z">
    <testcase classname="ds.asList_smk_shutdown" name="stutdown" time="0.273000000000138"/>
    <testcase classname="ds.asList_smk_shutdown" name="stutdown" time="0.000999999999976353"/>
    <testcase classname="ds.asList_smk_shutdown" name="stutdown" time="0.000999999999976353"/>
  </testsuite>
  <testsuite errors="0" failures="0" hostname="fv-az14" name="ds.asList::smk::done" skipped="0" tests="0" time="0" timestamp="2020-09-17T10:09:42Z"/>
  <testsuite errors="0" failures="0" hostname="fv-az14" name="ds.asLogical::smk::setup" skipped="0" tests="3" time="5.309" timestamp="2020-09-17T10:09:42Z">
    <testcase classname="ds.asLogical_smk_setup" name="setup" time="5.30700000000002"/>
    <testcase classname="ds.asLogical_smk_setup" name="setup" time="0.000999999999976353"/>
    <testcase classname="ds.asLogical_smk_setup" name="setup" time="0.000999999999976353"/>
  </testsuite>
  <testsuite errors="0" failures="0" hostname="fv-az14" name="ds.asLogical::smk::simple test" skipped="0" tests="3" time="0.846" timestamp="2020-09-17T10:09:46Z">
    <testcase classname="ds.asLogical_smk_simple_test" name="simple_test" time="0.844000000000051"/>
    <testcase classname="ds.asLogical_smk_simple_test" name="simple_test" time="0.000999999999976353"/>
    <testcase classname="ds.asLogical_smk_simple_test" name="simple_test" time="0.000999999999976353"/>
  </testsuite>
  <testsuite errors="0" failures="0" hostname="fv-az14" name="ds.asLogical::smk::shutdown" skipped="0" tests="3" time="0.275" timestamp="2020-09-17T10:09:47Z">
    <testcase classname="ds.asLogical_smk_shutdown" name="shutdown" time="0.273000000000138"/>
    <testcase classname="ds.asLogical_smk_shutdown" name="shutdown" time="0.000999999999976353"/>
    <testcase classname="ds.asLogical_smk_shutdown" name="shutdown" time="0.000999999999976353"/>
  </testsuite>
  <testsuite errors="0" failures="0" hostname="fv-az14" name="ds.asLogical::smk::done" skipped="0" tests="0" time="0" timestamp="2020-09-17T10:09:48Z"/>
  <testsuite errors="0" failures="0" hostname="fv-az14" name="ds.asMatrix::smk::setup" skipped="0" tests="3" time="5.259" timestamp="2020-09-17T10:09:48Z">
    <testcase classname="ds.asMatrix_smk_setup" name="setup" time="5.25599999999986"/>
    <testcase classname="ds.asMatrix_smk_setup" name="setup" time="0.000999999999976353"/>
    <testcase classname="ds.asMatrix_smk_setup" name="setup" time="0.00200000000018008"/>
  </testsuite>
  <testsuite errors="0" failures="0" hostname="fv-az14" name="ds.asMatrix::smk::simple test" skipped="0" tests="3" time="0.797" timestamp="2020-09-17T10:09:53Z">
    <testcase classname="ds.asMatrix_smk_simple_test" name="simple_test" time="0.793999999999869"/>
    <testcase classname="ds.asMatrix_smk_simple_test" name="simple_test" time="0.000999999999976353"/>
    <testcase classname="ds.asMatrix_smk_simple_test" name="simple_test" time="0.00200000000018008"/>
  </testsuite>
  <testsuite errors="0" failures="0" hostname="fv-az14" name="ds.asMatrix::smk::shutdown" skipped="0" tests="3" time="0.281" timestamp="2020-09-17T10:09:53Z">
    <testcase classname="ds.asMatrix_smk_shutdown" name="shutdown" time="0.277999999999793"/>
    <testcase classname="ds.asMatrix_smk_shutdown" name="shutdown" time="0.00200000000018008"/>
    <testcase classname="ds.asMatrix_smk_shutdown" name="shutdown" time="0.000999999999976353"/>
  </testsuite>
  <testsuite errors="0" failures="0" hostname="fv-az14" name="ds.asMatrix::smk::done" skipped="0" tests="0" time="0" timestamp="2020-09-17T10:09:54Z"/>
  <testsuite errors="0" failures="0" hostname="fv-az14" name="ds.asNumeric::smk::setup" skipped="0" tests="3" time="5.257" timestamp="2020-09-17T10:09:54Z">
    <testcase classname="ds.asNumeric_smk_setup" name="setup" time="5.25299999999993"/>
    <testcase classname="ds.asNumeric_smk_setup" name="setup" time="0.00199999999995271"/>
    <testcase classname="ds.asNumeric_smk_setup" name="setup" time="0.00200000000018008"/>
  </testsuite>
  <testsuite errors="0" failures="0" hostname="fv-az14" name="ds.asNumeric::smk::simple test" skipped="0" tests="3" time="0.802" timestamp="2020-09-17T10:09:59Z">
    <testcase classname="ds.asNumeric_smk_simple_test" name="simple_test" time="0.799999999999955"/>
    <testcase classname="ds.asNumeric_smk_simple_test" name="simple_test" time="0.000999999999976353"/>
    <testcase classname="ds.asNumeric_smk_simple_test" name="simple_test" time="0.000999999999976353"/>
  </testsuite>
  <testsuite errors="0" failures="0" hostname="fv-az14" name="ds.asNumeric::smk::shutdown" skipped="0" tests="3" time="0.28" timestamp="2020-09-17T10:10:00Z">
    <testcase classname="ds.asNumeric_smk_shutdown" name="shutdown" time="0.277000000000044"/>
    <testcase classname="ds.asNumeric_smk_shutdown" name="shutdown" time="0.00199999999995271"/>
    <testcase classname="ds.asNumeric_smk_shutdown" name="shutdown" time="0.000999999999976353"/>
  </testsuite>
  <testsuite errors="0" failures="0" hostname="fv-az14" name="ds.asNumeric::smk::done" skipped="0" tests="0" time="0" timestamp="2020-09-17T10:10:01Z"/>
  <testsuite errors="0" failures="0" hostname="fv-az14" name="ds.assign::smk::setup" skipped="0" tests="3" time="5.362" timestamp="2020-09-17T10:10:01Z">
    <testcase classname="ds.assign_smk_setup" name="setup" time="5.36000000000013"/>
    <testcase classname="ds.assign_smk_setup" name="setup" time="0.000999999999976353"/>
    <testcase classname="ds.assign_smk_setup" name="setup" time="0.000999999999976353"/>
  </testsuite>
  <testsuite errors="0" failures="0" hostname="fv-az14" name="ds.assign::smk" skipped="0" tests="1" time="0.601" timestamp="2020-09-17T10:10:05Z">
    <testcase classname="ds.assign_smk" name="test_assign" time="0.600999999999885"/>
  </testsuite>
  <testsuite errors="0" failures="0" hostname="fv-az14" name="ds.assign::smk::shutdown" skipped="0" tests="3" time="0.327" timestamp="2020-09-17T10:10:06Z">
    <testcase classname="ds.assign_smk_shutdown" name="shutdown" time="0.324000000000069"/>
    <testcase classname="ds.assign_smk_shutdown" name="shutdown" time="0.000999999999976353"/>
    <testcase classname="ds.assign_smk_shutdown" name="shutdown" time="0.00199999999995271"/>
  </testsuite>
  <testsuite errors="0" failures="0" hostname="fv-az14" name="ds.assign::smk::done" skipped="0" tests="0" time="0" timestamp="2020-09-17T10:10:07Z"/>
  <testsuite errors="0" failures="0" hostname="fv-az14" name="ds.Boole::smk::setup" skipped="0" tests="3" time="5.362" timestamp="2020-09-17T10:10:07Z">
    <testcase classname="ds.Boole_smk_setup" name="setup" time="5.36000000000013"/>
    <testcase classname="ds.Boole_smk_setup" name="setup" time="0.000999999999976353"/>
    <testcase classname="ds.Boole_smk_setup" name="setup" time="0.000999999999976353"/>
  </testsuite>
  <testsuite errors="0" failures="0" hostname="fv-az14" name="ds.Boole::smk" skipped="0" tests="3" time="1.316" timestamp="2020-09-17T10:10:12Z">
    <testcase classname="ds.Boole_smk" name="simple_boole" time="1.3130000000001"/>
    <testcase classname="ds.Boole_smk" name="simple_boole" time="0.000999999999976353"/>
    <testcase classname="ds.Boole_smk" name="simple_boole" time="0.00199999999995271"/>
  </testsuite>
  <testsuite errors="0" failures="0" hostname="fv-az14" name="ds.Boole::smk::shutdown" skipped="0" tests="3" time="0.282" timestamp="2020-09-17T10:10:13Z">
    <testcase classname="ds.Boole_smk_shutdown" name="shutdown" time="0.279999999999973"/>
    <testcase classname="ds.Boole_smk_shutdown" name="shutdown" time="0.000999999999976353"/>
    <testcase classname="ds.Boole_smk_shutdown" name="shutdown" time="0.000999999999976353"/>
  </testsuite>
  <testsuite errors="0" failures="0" hostname="fv-az14" name="ds.Boole::smk::done" skipped="0" tests="0" time="0" timestamp="2020-09-17T10:10:14Z"/>
  <testsuite errors="0" failures="0" hostname="fv-az14" name="ds.cbind::smk::setup" skipped="0" tests="3" time="5.249" timestamp="2020-09-17T10:10:14Z">
    <testcase classname="ds.cbind_smk_setup" name="setup" time="5.24600000000009"/>
    <testcase classname="ds.cbind_smk_setup" name="setup" time="0.00199999999995271"/>
    <testcase classname="ds.cbind_smk_setup" name="setup" time="0.000999999999976353"/>
  </testsuite>
  <testsuite errors="0" failures="0" hostname="fv-az14" name="ds.cbind::smk::from dataframe variables" skipped="0" tests="34" time="6.228" timestamp="2020-09-17T10:10:18Z">
    <testcase classname="ds.cbind_smk_from_dataframe_variables" name="simple_test_from_dataframe_variables" time="4.17900000000009"/>
    <testcase classname="ds.cbind_smk_from_dataframe_variables" name="simple_test_from_dataframe_variables" time="0.000999999999976353"/>
    <testcase classname="ds.cbind_smk_from_dataframe_variables" name="simple_test_from_dataframe_variables" time="0.528999999999996"/>
    <testcase classname="ds.cbind_smk_from_dataframe_variables" name="simple_test_from_dataframe_variables" time="0.000999999999976353"/>
    <testcase classname="ds.cbind_smk_from_dataframe_variables" name="simple_test_from_dataframe_variables" time="0.000999999999976353"/>
    <testcase classname="ds.cbind_smk_from_dataframe_variables" name="simple_test_from_dataframe_variables" time="0.260999999999967"/>
    <testcase classname="ds.cbind_smk_from_dataframe_variables" name="simple_test_from_dataframe_variables" time="0.000999999999976353"/>
    <testcase classname="ds.cbind_smk_from_dataframe_variables" name="simple_test_from_dataframe_variables" time="0.00200000000018008"/>
    <testcase classname="ds.cbind_smk_from_dataframe_variables" name="simple_test_from_dataframe_variables" time="0.000999999999976353"/>
    <testcase classname="ds.cbind_smk_from_dataframe_variables" name="simple_test_from_dataframe_variables" time="0.000999999999976353"/>
    <testcase classname="ds.cbind_smk_from_dataframe_variables" name="simple_test_from_dataframe_variables" time="0.00199999999995271"/>
    <testcase classname="ds.cbind_smk_from_dataframe_variables" name="simple_test_from_dataframe_variables" time="0.000999999999976353"/>
    <testcase classname="ds.cbind_smk_from_dataframe_variables" name="simple_test_from_dataframe_variables" time="0.000999999999976353"/>
    <testcase classname="ds.cbind_smk_from_dataframe_variables" name="simple_test_from_dataframe_variables" time="0.00199999999995271"/>
    <testcase classname="ds.cbind_smk_from_dataframe_variables" name="simple_test_from_dataframe_variables" time="0.000999999999976353"/>
    <testcase classname="ds.cbind_smk_from_dataframe_variables" name="simple_test_from_dataframe_variables" time="0.00100000000020373"/>
    <testcase classname="ds.cbind_smk_from_dataframe_variables" name="simple_test_from_dataframe_variables" time="0.000999999999976353"/>
    <testcase classname="ds.cbind_smk_from_dataframe_variables" name="simple_test_from_dataframe_variables" time="0.00199999999995271"/>
    <testcase classname="ds.cbind_smk_from_dataframe_variables" name="simple_test_from_dataframe_variables" time="1.21399999999994"/>
    <testcase classname="ds.cbind_smk_from_dataframe_variables" name="simple_test_from_dataframe_variables" time="0.000999999999976353"/>
    <testcase classname="ds.cbind_smk_from_dataframe_variables" name="simple_test_from_dataframe_variables" time="0.00199999999995271"/>
    <testcase classname="ds.cbind_smk_from_dataframe_variables" name="simple_test_from_dataframe_variables" time="0.00200000000018008"/>
    <testcase classname="ds.cbind_smk_from_dataframe_variables" name="simple_test_from_dataframe_variables" time="0.000999999999976353"/>
    <testcase classname="ds.cbind_smk_from_dataframe_variables" name="simple_test_from_dataframe_variables" time="0.00199999999995271"/>
    <testcase classname="ds.cbind_smk_from_dataframe_variables" name="simple_test_from_dataframe_variables" time="0.00199999999995271"/>
    <testcase classname="ds.cbind_smk_from_dataframe_variables" name="simple_test_from_dataframe_variables" time="0.00199999999995271"/>
    <testcase classname="ds.cbind_smk_from_dataframe_variables" name="simple_test_from_dataframe_variables" time="0.00200000000018008"/>
    <testcase classname="ds.cbind_smk_from_dataframe_variables" name="simple_test_from_dataframe_variables" time="0.00199999999995271"/>
    <testcase classname="ds.cbind_smk_from_dataframe_variables" name="simple_test_from_dataframe_variables" time="0.000999999999976353"/>
    <testcase classname="ds.cbind_smk_from_dataframe_variables" name="simple_test_from_dataframe_variables" time="0.00199999999995271"/>
    <testcase classname="ds.cbind_smk_from_dataframe_variables" name="simple_test_from_dataframe_variables" time="0.00199999999995271"/>
    <testcase classname="ds.cbind_smk_from_dataframe_variables" name="simple_test_from_dataframe_variables" time="0.00200000000018008"/>
    <testcase classname="ds.cbind_smk_from_dataframe_variables" name="simple_test_from_dataframe_variables" time="0.000999999999976353"/>
    <testcase classname="ds.cbind_smk_from_dataframe_variables" name="simple_test_from_dataframe_variables" time="0.00199999999995271"/>
  </testsuite>
  <testsuite errors="0" failures="0" hostname="fv-az14" name="ds.cbind::smk::from root variables" skipped="0" tests="34" time="9.611" timestamp="2020-09-17T10:10:25Z">
    <testcase classname="ds.cbind_smk_from_root_variables" name="simple_test_from_root_variables" time="6.48299999999995"/>
    <testcase classname="ds.cbind_smk_from_root_variables" name="simple_test_from_root_variables" time="0.000999999999976353"/>
    <testcase classname="ds.cbind_smk_from_root_variables" name="simple_test_from_root_variables" time="1.59899999999993"/>
    <testcase classname="ds.cbind_smk_from_root_variables" name="simple_test_from_root_variables" time="0.00100000000020373"/>
    <testcase classname="ds.cbind_smk_from_root_variables" name="simple_test_from_root_variables" time="0.00199999999995271"/>
    <testcase classname="ds.cbind_smk_from_root_variables" name="simple_test_from_root_variables" time="0.263999999999896"/>
    <testcase classname="ds.cbind_smk_from_root_variables" name="simple_test_from_root_variables" time="0.000999999999976353"/>
    <testcase classname="ds.cbind_smk_from_root_variables" name="simple_test_from_root_variables" time="0.000999999999976353"/>
    <testcase classname="ds.cbind_smk_from_root_variables" name="simple_test_from_root_variables" time="0.00200000000018008"/>
    <testcase classname="ds.cbind_smk_from_root_variables" name="simple_test_from_root_variables" time="0.000999999999976353"/>
    <testcase classname="ds.cbind_smk_from_root_variables" name="simple_test_from_root_variables" time="0.00199999999995271"/>
    <testcase classname="ds.cbind_smk_from_root_variables" name="simple_test_from_root_variables" time="0.000999999999976353"/>
    <testcase classname="ds.cbind_smk_from_root_variables" name="simple_test_from_root_variables" time="0.00199999999995271"/>
    <testcase classname="ds.cbind_smk_from_root_variables" name="simple_test_from_root_variables" time="0.000999999999976353"/>
    <testcase classname="ds.cbind_smk_from_root_variables" name="simple_test_from_root_variables" time="0.000999999999976353"/>
    <testcase classname="ds.cbind_smk_from_root_variables" name="simple_test_from_root_variables" time="0.00200000000018008"/>
    <testcase classname="ds.cbind_smk_from_root_variables" name="simple_test_from_root_variables" time="0.000999999999976353"/>
    <testcase classname="ds.cbind_smk_from_root_variables" name="simple_test_from_root_variables" time="0.00199999999995271"/>
    <testcase classname="ds.cbind_smk_from_root_variables" name="simple_test_from_root_variables" time="1.2170000000001"/>
    <testcase classname="ds.cbind_smk_from_root_variables" name="simple_test_from_root_variables" time="0.000999999999976353"/>
    <testcase classname="ds.cbind_smk_from_root_variables" name="simple_test_from_root_variables" time="0.00199999999995271"/>
    <testcase classname="ds.cbind_smk_from_root_variables" name="simple_test_from_root_variables" time="0.00199999999995271"/>
    <testcase classname="ds.cbind_smk_from_root_variables" name="simple_test_from_root_variables" time="0.000999999999976353"/>
    <testcase classname="ds.cbind_smk_from_root_variables" name="simple_test_from_root_variables" time="0.00199999999995271"/>
    <testcase classname="ds.cbind_smk_from_root_variables" name="simple_test_from_root_variables" time="0.00200000000018008"/>
    <testcase classname="ds.cbind_smk_from_root_variables" name="simple_test_from_root_variables" time="0.00199999999995271"/>
    <testcase classname="ds.cbind_smk_from_root_variables" name="simple_test_from_root_variables" time="0.00199999999995271"/>
    <testcase classname="ds.cbind_smk_from_root_variables" name="simple_test_from_root_variables" time="0.00199999999995271"/>
    <testcase classname="ds.cbind_smk_from_root_variables" name="simple_test_from_root_variables" time="0.00199999999995271"/>
    <testcase classname="ds.cbind_smk_from_root_variables" name="simple_test_from_root_variables" time="0.00100000000020373"/>
    <testcase classname="ds.cbind_smk_from_root_variables" name="simple_test_from_root_variables" time="0.00199999999995271"/>
    <testcase classname="ds.cbind_smk_from_root_variables" name="simple_test_from_root_variables" time="0.00199999999995271"/>
    <testcase classname="ds.cbind_smk_from_root_variables" name="simple_test_from_root_variables" time="0.00199999999995271"/>
    <testcase classname="ds.cbind_smk_from_root_variables" name="simple_test_from_root_variables" time="0.00199999999995271"/>
  </testsuite>
  <testsuite errors="0" failures="0" hostname="fv-az14" name="ds.cbind::smk::from dataframe variables, DataSHIELD.check=TRUE" skipped="0" tests="34" time="29.502" timestamp="2020-09-17T10:10:35Z">
    <testcase classname="ds.cbind_smk_from_dataframe_variables_DataSHIELD.check_TRUE" name="simple_test_from_dataframe_variables_DataSHIELD.check_TRUE" time="27.4180000000001"/>
    <testcase classname="ds.cbind_smk_from_dataframe_variables_DataSHIELD.check_TRUE" name="simple_test_from_dataframe_variables_DataSHIELD.check_TRUE" time="0.00199999999995271"/>
    <testcase classname="ds.cbind_smk_from_dataframe_variables_DataSHIELD.check_TRUE" name="simple_test_from_dataframe_variables_DataSHIELD.check_TRUE" time="0.536000000000058"/>
    <testcase classname="ds.cbind_smk_from_dataframe_variables_DataSHIELD.check_TRUE" name="simple_test_from_dataframe_variables_DataSHIELD.check_TRUE" time="0.000999999999976353"/>
    <testcase classname="ds.cbind_smk_from_dataframe_variables_DataSHIELD.check_TRUE" name="simple_test_from_dataframe_variables_DataSHIELD.check_TRUE" time="0.000999999999976353"/>
    <testcase classname="ds.cbind_smk_from_dataframe_variables_DataSHIELD.check_TRUE" name="simple_test_from_dataframe_variables_DataSHIELD.check_TRUE" time="0.268000000000029"/>
    <testcase classname="ds.cbind_smk_from_dataframe_variables_DataSHIELD.check_TRUE" name="simple_test_from_dataframe_variables_DataSHIELD.check_TRUE" time="0.000999999999976353"/>
    <testcase classname="ds.cbind_smk_from_dataframe_variables_DataSHIELD.check_TRUE" name="simple_test_from_dataframe_variables_DataSHIELD.check_TRUE" time="0.000999999999976353"/>
    <testcase classname="ds.cbind_smk_from_dataframe_variables_DataSHIELD.check_TRUE" name="simple_test_from_dataframe_variables_DataSHIELD.check_TRUE" time="0.00199999999995271"/>
    <testcase classname="ds.cbind_smk_from_dataframe_variables_DataSHIELD.check_TRUE" name="simple_test_from_dataframe_variables_DataSHIELD.check_TRUE" time="0.000999999999976353"/>
    <testcase classname="ds.cbind_smk_from_dataframe_variables_DataSHIELD.check_TRUE" name="simple_test_from_dataframe_variables_DataSHIELD.check_TRUE" time="0.00200000000018008"/>
    <testcase classname="ds.cbind_smk_from_dataframe_variables_DataSHIELD.check_TRUE" name="simple_test_from_dataframe_variables_DataSHIELD.check_TRUE" time="0.000999999999976353"/>
    <testcase classname="ds.cbind_smk_from_dataframe_variables_DataSHIELD.check_TRUE" name="simple_test_from_dataframe_variables_DataSHIELD.check_TRUE" time="0.00199999999995271"/>
    <testcase classname="ds.cbind_smk_from_dataframe_variables_DataSHIELD.check_TRUE" name="simple_test_from_dataframe_variables_DataSHIELD.check_TRUE" time="0.000999999999976353"/>
    <testcase classname="ds.cbind_smk_from_dataframe_variables_DataSHIELD.check_TRUE" name="simple_test_from_dataframe_variables_DataSHIELD.check_TRUE" time="0.00199999999995271"/>
    <testcase classname="ds.cbind_smk_from_dataframe_variables_DataSHIELD.check_TRUE" name="simple_test_from_dataframe_variables_DataSHIELD.check_TRUE" time="0.000999999999976353"/>
    <testcase classname="ds.cbind_smk_from_dataframe_variables_DataSHIELD.check_TRUE" name="simple_test_from_dataframe_variables_DataSHIELD.check_TRUE" time="0.00200000000018008"/>
    <testcase classname="ds.cbind_smk_from_dataframe_variables_DataSHIELD.check_TRUE" name="simple_test_from_dataframe_variables_DataSHIELD.check_TRUE" time="0.000999999999976353"/>
    <testcase classname="ds.cbind_smk_from_dataframe_variables_DataSHIELD.check_TRUE" name="simple_test_from_dataframe_variables_DataSHIELD.check_TRUE" time="1.22799999999984"/>
    <testcase classname="ds.cbind_smk_from_dataframe_variables_DataSHIELD.check_TRUE" name="simple_test_from_dataframe_variables_DataSHIELD.check_TRUE" time="0.00500000000010914"/>
    <testcase classname="ds.cbind_smk_from_dataframe_variables_DataSHIELD.check_TRUE" name="simple_test_from_dataframe_variables_DataSHIELD.check_TRUE" time="0.00199999999995271"/>
    <testcase classname="ds.cbind_smk_from_dataframe_variables_DataSHIELD.check_TRUE" name="simple_test_from_dataframe_variables_DataSHIELD.check_TRUE" time="0.000999999999976353"/>
    <testcase classname="ds.cbind_smk_from_dataframe_variables_DataSHIELD.check_TRUE" name="simple_test_from_dataframe_variables_DataSHIELD.check_TRUE" time="0.00400000000013279"/>
    <testcase classname="ds.cbind_smk_from_dataframe_variables_DataSHIELD.check_TRUE" name="simple_test_from_dataframe_variables_DataSHIELD.check_TRUE" time="0.00199999999995271"/>
    <testcase classname="ds.cbind_smk_from_dataframe_variables_DataSHIELD.check_TRUE" name="simple_test_from_dataframe_variables_DataSHIELD.check_TRUE" time="0.00199999999995271"/>
    <testcase classname="ds.cbind_smk_from_dataframe_variables_DataSHIELD.check_TRUE" name="simple_test_from_dataframe_variables_DataSHIELD.check_TRUE" time="0.000999999999976353"/>
    <testcase classname="ds.cbind_smk_from_dataframe_variables_DataSHIELD.check_TRUE" name="simple_test_from_dataframe_variables_DataSHIELD.check_TRUE" time="0.00199999999995271"/>
    <testcase classname="ds.cbind_smk_from_dataframe_variables_DataSHIELD.check_TRUE" name="simple_test_from_dataframe_variables_DataSHIELD.check_TRUE" time="0.000999999999976353"/>
    <testcase classname="ds.cbind_smk_from_dataframe_variables_DataSHIELD.check_TRUE" name="simple_test_from_dataframe_variables_DataSHIELD.check_TRUE" time="0.00200000000018008"/>
    <testcase classname="ds.cbind_smk_from_dataframe_variables_DataSHIELD.check_TRUE" name="simple_test_from_dataframe_variables_DataSHIELD.check_TRUE" time="0.000999999999976353"/>
    <testcase classname="ds.cbind_smk_from_dataframe_variables_DataSHIELD.check_TRUE" name="simple_test_from_dataframe_variables_DataSHIELD.check_TRUE" time="0.00199999999995271"/>
    <testcase classname="ds.cbind_smk_from_dataframe_variables_DataSHIELD.check_TRUE" name="simple_test_from_dataframe_variables_DataSHIELD.check_TRUE" time="0.00199999999995271"/>
    <testcase classname="ds.cbind_smk_from_dataframe_variables_DataSHIELD.check_TRUE" name="simple_test_from_dataframe_variables_DataSHIELD.check_TRUE" time="0.00199999999995271"/>
    <testcase classname="ds.cbind_smk_from_dataframe_variables_DataSHIELD.check_TRUE" name="simple_test_from_dataframe_variables_DataSHIELD.check_TRUE" time="0.00200000000018008"/>
  </testsuite>
  <testsuite errors="0" failures="0" hostname="fv-az14" name="ds.cbind::smk::from root variables, DataSHIELD.check=TRUE" skipped="0" tests="34" time="32.52" timestamp="2020-09-17T10:11:04Z">
    <testcase classname="ds.cbind_smk_from_root_variables_DataSHIELD.check_TRUE" name="simple_test_from_root_variables_DataSHIELD.check_TRUE" time="29.4109999999998"/>
    <testcase classname="ds.cbind_smk_from_root_variables_DataSHIELD.check_TRUE" name="simple_test_from_root_variables_DataSHIELD.check_TRUE" time="0.000999999999976353"/>
    <testcase classname="ds.cbind_smk_from_root_variables_DataSHIELD.check_TRUE" name="simple_test_from_root_variables_DataSHIELD.check_TRUE" time="1.59000000000015"/>
    <testcase classname="ds.cbind_smk_from_root_variables_DataSHIELD.check_TRUE" name="simple_test_from_root_variables_DataSHIELD.check_TRUE" time="0.000999999999976353"/>
    <testcase classname="ds.cbind_smk_from_root_variables_DataSHIELD.check_TRUE" name="simple_test_from_root_variables_DataSHIELD.check_TRUE" time="0.000999999999976353"/>
    <testcase classname="ds.cbind_smk_from_root_variables_DataSHIELD.check_TRUE" name="simple_test_from_root_variables_DataSHIELD.check_TRUE" time="0.263999999999896"/>
    <testcase classname="ds.cbind_smk_from_root_variables_DataSHIELD.check_TRUE" name="simple_test_from_root_variables_DataSHIELD.check_TRUE" time="0.00200000000018008"/>
    <testcase classname="ds.cbind_smk_from_root_variables_DataSHIELD.check_TRUE" name="simple_test_from_root_variables_DataSHIELD.check_TRUE" time="0.000999999999976353"/>
    <testcase classname="ds.cbind_smk_from_root_variables_DataSHIELD.check_TRUE" name="simple_test_from_root_variables_DataSHIELD.check_TRUE" time="0.000999999999976353"/>
    <testcase classname="ds.cbind_smk_from_root_variables_DataSHIELD.check_TRUE" name="simple_test_from_root_variables_DataSHIELD.check_TRUE" time="0.000999999999976353"/>
    <testcase classname="ds.cbind_smk_from_root_variables_DataSHIELD.check_TRUE" name="simple_test_from_root_variables_DataSHIELD.check_TRUE" time="0.00199999999995271"/>
    <testcase classname="ds.cbind_smk_from_root_variables_DataSHIELD.check_TRUE" name="simple_test_from_root_variables_DataSHIELD.check_TRUE" time="0.000999999999976353"/>
    <testcase classname="ds.cbind_smk_from_root_variables_DataSHIELD.check_TRUE" name="simple_test_from_root_variables_DataSHIELD.check_TRUE" time="0.000999999999976353"/>
    <testcase classname="ds.cbind_smk_from_root_variables_DataSHIELD.check_TRUE" name="simple_test_from_root_variables_DataSHIELD.check_TRUE" time="0.00200000000018008"/>
    <testcase classname="ds.cbind_smk_from_root_variables_DataSHIELD.check_TRUE" name="simple_test_from_root_variables_DataSHIELD.check_TRUE" time="0.000999999999976353"/>
    <testcase classname="ds.cbind_smk_from_root_variables_DataSHIELD.check_TRUE" name="simple_test_from_root_variables_DataSHIELD.check_TRUE" time="0.00199999999995271"/>
    <testcase classname="ds.cbind_smk_from_root_variables_DataSHIELD.check_TRUE" name="simple_test_from_root_variables_DataSHIELD.check_TRUE" time="0.000999999999976353"/>
    <testcase classname="ds.cbind_smk_from_root_variables_DataSHIELD.check_TRUE" name="simple_test_from_root_variables_DataSHIELD.check_TRUE" time="0.000999999999976353"/>
    <testcase classname="ds.cbind_smk_from_root_variables_DataSHIELD.check_TRUE" name="simple_test_from_root_variables_DataSHIELD.check_TRUE" time="1.21199999999999"/>
    <testcase classname="ds.cbind_smk_from_root_variables_DataSHIELD.check_TRUE" name="simple_test_from_root_variables_DataSHIELD.check_TRUE" time="0.000999999999976353"/>
    <testcase classname="ds.cbind_smk_from_root_variables_DataSHIELD.check_TRUE" name="simple_test_from_root_variables_DataSHIELD.check_TRUE" time="0.00100000000020373"/>
    <testcase classname="ds.cbind_smk_from_root_variables_DataSHIELD.check_TRUE" name="simple_test_from_root_variables_DataSHIELD.check_TRUE" time="0.00199999999995271"/>
    <testcase classname="ds.cbind_smk_from_root_variables_DataSHIELD.check_TRUE" name="simple_test_from_root_variables_DataSHIELD.check_TRUE" time="0.000999999999976353"/>
    <testcase classname="ds.cbind_smk_from_root_variables_DataSHIELD.check_TRUE" name="simple_test_from_root_variables_DataSHIELD.check_TRUE" time="0.00199999999995271"/>
    <testcase classname="ds.cbind_smk_from_root_variables_DataSHIELD.check_TRUE" name="simple_test_from_root_variables_DataSHIELD.check_TRUE" time="0.000999999999976353"/>
    <testcase classname="ds.cbind_smk_from_root_variables_DataSHIELD.check_TRUE" name="simple_test_from_root_variables_DataSHIELD.check_TRUE" time="0.00199999999995271"/>
    <testcase classname="ds.cbind_smk_from_root_variables_DataSHIELD.check_TRUE" name="simple_test_from_root_variables_DataSHIELD.check_TRUE" time="0.00200000000018008"/>
    <testcase classname="ds.cbind_smk_from_root_variables_DataSHIELD.check_TRUE" name="simple_test_from_root_variables_DataSHIELD.check_TRUE" time="0.000999999999976353"/>
    <testcase classname="ds.cbind_smk_from_root_variables_DataSHIELD.check_TRUE" name="simple_test_from_root_variables_DataSHIELD.check_TRUE" time="0.00199999999995271"/>
    <testcase classname="ds.cbind_smk_from_root_variables_DataSHIELD.check_TRUE" name="simple_test_from_root_variables_DataSHIELD.check_TRUE" time="0.000999999999976353"/>
    <testcase classname="ds.cbind_smk_from_root_variables_DataSHIELD.check_TRUE" name="simple_test_from_root_variables_DataSHIELD.check_TRUE" time="0.00199999999995271"/>
    <testcase classname="ds.cbind_smk_from_root_variables_DataSHIELD.check_TRUE" name="simple_test_from_root_variables_DataSHIELD.check_TRUE" time="0.00199999999995271"/>
    <testcase classname="ds.cbind_smk_from_root_variables_DataSHIELD.check_TRUE" name="simple_test_from_root_variables_DataSHIELD.check_TRUE" time="0.00200000000018008"/>
    <testcase classname="ds.cbind_smk_from_root_variables_DataSHIELD.check_TRUE" name="simple_test_from_root_variables_DataSHIELD.check_TRUE" time="0.00199999999995271"/>
  </testsuite>
  <testsuite errors="0" failures="0" hostname="fv-az14" name="ds.cbind::smk::shutdown" skipped="0" tests="3" time="0.544" timestamp="2020-09-17T10:11:37Z">
    <testcase classname="ds.cbind_smk_shutdown" name="setup" time="0.54099999999994"/>
    <testcase classname="ds.cbind_smk_shutdown" name="setup" time="0.00199999999995271"/>
    <testcase classname="ds.cbind_smk_shutdown" name="setup" time="0.000999999999976353"/>
  </testsuite>
  <testsuite errors="0" failures="0" hostname="fv-az14" name="ds.cbind::smk::done" skipped="0" tests="0" time="0" timestamp="2020-09-17T10:11:38Z"/>
  <testsuite errors="0" failures="0" hostname="fv-az14" name="ds.changeRefGroup::smk::setup" skipped="0" tests="3" time="5.342" timestamp="2020-09-17T10:11:38Z">
    <testcase classname="ds.changeRefGroup_smk_setup" name="setup" time="5.33900000000017"/>
    <testcase classname="ds.changeRefGroup_smk_setup" name="setup" time="0.00199999999995271"/>
    <testcase classname="ds.changeRefGroup_smk_setup" name="setup" time="0.000999999999976353"/>
  </testsuite>
  <testsuite errors="0" failures="0" hostname="fv-az14" name="ds.changeRefGroup::smk" skipped="0" tests="31" time="5.089" timestamp="2020-09-17T10:11:42Z">
    <testcase classname="ds.changeRefGroup_smk" name="simple_changeRefGroup" time="0.0080000000000382"/>
    <testcase classname="ds.changeRefGroup_smk" name="simple_changeRefGroup" time="5.03999999999996"/>
    <testcase classname="ds.changeRefGroup_smk" name="simple_changeRefGroup" time="0.000999999999976353"/>
    <testcase classname="ds.changeRefGroup_smk" name="simple_changeRefGroup" time="0.000999999999976353"/>
    <testcase classname="ds.changeRefGroup_smk" name="simple_changeRefGroup" time="0.000999999999976353"/>
    <testcase classname="ds.changeRefGroup_smk" name="simple_changeRefGroup" time="0.00199999999995271"/>
    <testcase classname="ds.changeRefGroup_smk" name="simple_changeRefGroup" time="0.00100000000020373"/>
    <testcase classname="ds.changeRefGroup_smk" name="simple_changeRefGroup" time="0.00199999999995271"/>
    <testcase classname="ds.changeRefGroup_smk" name="simple_changeRefGroup" time="0.000999999999976353"/>
    <testcase classname="ds.changeRefGroup_smk" name="simple_changeRefGroup" time="0.000999999999976353"/>
    <testcase classname="ds.changeRefGroup_smk" name="simple_changeRefGroup" time="0.00199999999995271"/>
    <testcase classname="ds.changeRefGroup_smk" name="simple_changeRefGroup" time="0.000999999999976353"/>
    <testcase classname="ds.changeRefGroup_smk" name="simple_changeRefGroup" time="0.000999999999976353"/>
    <testcase classname="ds.changeRefGroup_smk" name="simple_changeRefGroup" time="0.00200000000018008"/>
    <testcase classname="ds.changeRefGroup_smk" name="simple_changeRefGroup" time="0.000999999999976353"/>
    <testcase classname="ds.changeRefGroup_smk" name="simple_changeRefGroup" time="0.00199999999995271"/>
    <testcase classname="ds.changeRefGroup_smk" name="simple_changeRefGroup" time="0.000999999999976353"/>
    <testcase classname="ds.changeRefGroup_smk" name="simple_changeRefGroup" time="0.000999999999976353"/>
    <testcase classname="ds.changeRefGroup_smk" name="simple_changeRefGroup" time="0.00199999999995271"/>
    <testcase classname="ds.changeRefGroup_smk" name="simple_changeRefGroup" time="0.000999999999976353"/>
    <testcase classname="ds.changeRefGroup_smk" name="simple_changeRefGroup" time="0.00200000000018008"/>
    <testcase classname="ds.changeRefGroup_smk" name="simple_changeRefGroup" time="0.000999999999976353"/>
    <testcase classname="ds.changeRefGroup_smk" name="simple_changeRefGroup" time="0.00199999999995271"/>
    <testcase classname="ds.changeRefGroup_smk" name="simple_changeRefGroup" time="0.000999999999976353"/>
    <testcase classname="ds.changeRefGroup_smk" name="simple_changeRefGroup" time="0.00199999999995271"/>
    <testcase classname="ds.changeRefGroup_smk" name="simple_changeRefGroup" time="0.000999999999976353"/>
    <testcase classname="ds.changeRefGroup_smk" name="simple_changeRefGroup" time="0.00200000000018008"/>
    <testcase classname="ds.changeRefGroup_smk" name="simple_changeRefGroup" time="0.000999999999976353"/>
    <testcase classname="ds.changeRefGroup_smk" name="simple_changeRefGroup" time="0.00199999999995271"/>
    <testcase classname="ds.changeRefGroup_smk" name="simple_changeRefGroup" time="0.000999999999976353"/>
    <testcase classname="ds.changeRefGroup_smk" name="simple_changeRefGroup" time="0.00199999999995271"/>
  </testsuite>
  <testsuite errors="0" failures="0" hostname="fv-az14" name="ds.changeRefGroup::smk::shutdown" skipped="0" tests="3" time="0.285" timestamp="2020-09-17T10:11:47Z">
    <testcase classname="ds.changeRefGroup_smk_shutdown" name="shutdown" time="0.280999999999949"/>
    <testcase classname="ds.changeRefGroup_smk_shutdown" name="shutdown" time="0.00200000000018008"/>
    <testcase classname="ds.changeRefGroup_smk_shutdown" name="shutdown" time="0.00200000000018008"/>
  </testsuite>
  <testsuite errors="0" failures="0" hostname="fv-az14" name="ds.changeRefGroup::smk::done" skipped="0" tests="0" time="0" timestamp="2020-09-17T10:11:48Z"/>
  <testsuite errors="0" failures="0" hostname="fv-az14" name="ds.class::smk::setup" skipped="0" tests="3" time="5.304" timestamp="2020-09-17T10:11:48Z">
    <testcase classname="ds.class_smk_setup" name="setup" time="5.30099999999993"/>
    <testcase classname="ds.class_smk_setup" name="setup" time="0.00199999999995271"/>
    <testcase classname="ds.class_smk_setup" name="setup" time="0.000999999999976353"/>
  </testsuite>
  <testsuite errors="0" failures="0" hostname="fv-az14" name="ds.class::smk" skipped="0" tests="14" time="1.079" timestamp="2020-09-17T10:11:53Z">
    <testcase classname="ds.class_smk" name="simple_class" time="0.533000000000129"/>
    <testcase classname="ds.class_smk" name="simple_class" time="0.000999999999976353"/>
    <testcase classname="ds.class_smk" name="simple_class" time="0.000999999999976353"/>
    <testcase classname="ds.class_smk" name="simple_class" time="0.00199999999995271"/>
    <testcase classname="ds.class_smk" name="simple_class" time="0.000999999999976353"/>
    <testcase classname="ds.class_smk" name="simple_class" time="0.000999999999976353"/>
    <testcase classname="ds.class_smk" name="simple_class" time="0.00199999999995271"/>
    <testcase classname="ds.class_smk" name="simple_class" time="0.5300000000002"/>
    <testcase classname="ds.class_smk" name="simple_class" time="0.000999999999976353"/>
    <testcase classname="ds.class_smk" name="simple_class" time="0.00199999999995271"/>
    <testcase classname="ds.class_smk" name="simple_class" time="0.000999999999976353"/>
    <testcase classname="ds.class_smk" name="simple_class" time="0.00199999999995271"/>
    <testcase classname="ds.class_smk" name="simple_class" time="0.000999999999976353"/>
    <testcase classname="ds.class_smk" name="simple_class" time="0.000999999999976353"/>
  </testsuite>
  <testsuite errors="0" failures="0" hostname="fv-az14" name="ds.class::smk::shutdown" skipped="0" tests="3" time="0.285" timestamp="2020-09-17T10:11:54Z">
    <testcase classname="ds.class_smk_shutdown" name="shutdown" time="0.282000000000153"/>
    <testcase classname="ds.class_smk_shutdown" name="shutdown" time="0.00199999999995271"/>
    <testcase classname="ds.class_smk_shutdown" name="shutdown" time="0.000999999999976353"/>
  </testsuite>
  <testsuite errors="0" failures="0" hostname="fv-az14" name="ds.class::smk::done" skipped="0" tests="0" time="0" timestamp="2020-09-17T10:11:55Z"/>
  <testsuite errors="0" failures="0" hostname="fv-az14" name="ds.colnames::smk::setup" skipped="0" tests="3" time="5.297" timestamp="2020-09-17T10:11:55Z">
    <testcase classname="ds.colnames_smk_setup" name="setup" time="5.2940000000001"/>
    <testcase classname="ds.colnames_smk_setup" name="setup" time="0.00199999999995271"/>
    <testcase classname="ds.colnames_smk_setup" name="setup" time="0.000999999999976353"/>
  </testsuite>
  <testsuite errors="0" failures="0" hostname="fv-az14" name="ds.colnames::smk" skipped="0" tests="10" time="3.974" timestamp="2020-09-17T10:12:00Z">
    <testcase classname="ds.colnames_smk" name="simple_colnames" time="3.96299999999997"/>
    <testcase classname="ds.colnames_smk" name="simple_colnames" time="0.000999999999976353"/>
    <testcase classname="ds.colnames_smk" name="simple_colnames" time="0.000999999999976353"/>
    <testcase classname="ds.colnames_smk" name="simple_colnames" time="0.000999999999976353"/>
    <testcase classname="ds.colnames_smk" name="simple_colnames" time="0.00200000000018008"/>
    <testcase classname="ds.colnames_smk" name="simple_colnames" time="0.000999999999976353"/>
    <testcase classname="ds.colnames_smk" name="simple_colnames" time="0.000999999999976353"/>
    <testcase classname="ds.colnames_smk" name="simple_colnames" time="0.000999999999976353"/>
    <testcase classname="ds.colnames_smk" name="simple_colnames" time="0.000999999999976353"/>
    <testcase classname="ds.colnames_smk" name="simple_colnames" time="0.00199999999995271"/>
  </testsuite>
  <testsuite errors="0" failures="0" hostname="fv-az14" name="ds.colnames::smk::shutdown" skipped="0" tests="3" time="0.311" timestamp="2020-09-17T10:12:04Z">
    <testcase classname="ds.colnames_smk_shutdown" name="shutdown" time="0.308999999999969"/>
    <testcase classname="ds.colnames_smk_shutdown" name="shutdown" time="0.00100000000020373"/>
    <testcase classname="ds.colnames_smk_shutdown" name="shutdown" time="0.000999999999976353"/>
  </testsuite>
  <testsuite errors="0" failures="0" hostname="fv-az14" name="ds.colnames::smk::done" skipped="0" tests="0" time="0" timestamp="2020-09-17T10:12:05Z"/>
  <testsuite errors="0" failures="0" hostname="fv-az14" name="ds.completeCases::smk::setup" skipped="0" tests="3" time="5.428" timestamp="2020-09-17T10:12:05Z">
    <testcase classname="ds.completeCases_smk_setup" name="setup" time="5.42499999999995"/>
    <testcase classname="ds.completeCases_smk_setup" name="setup" time="0.00199999999995271"/>
    <testcase classname="ds.completeCases_smk_setup" name="setup" time="0.000999999999976353"/>
  </testsuite>
  <testsuite errors="0" failures="0" hostname="fv-az14" name="ds.completeCases::smk::data.frame" skipped="0" tests="37" time="11.67" timestamp="2020-09-17T10:12:09Z">
    <testcase classname="ds.completeCases_smk_data.frame" name="completeCases_data.frame" time="10.0230000000001"/>
    <testcase classname="ds.completeCases_smk_data.frame" name="completeCases_data.frame" time="0.000999999999976353"/>
    <testcase classname="ds.completeCases_smk_data.frame" name="completeCases_data.frame" time="0.000999999999976353"/>
    <testcase classname="ds.completeCases_smk_data.frame" name="completeCases_data.frame" time="0.538999999999987"/>
    <testcase classname="ds.completeCases_smk_data.frame" name="completeCases_data.frame" time="0.00199999999995271"/>
    <testcase classname="ds.completeCases_smk_data.frame" name="completeCases_data.frame" time="0.000999999999976353"/>
    <testcase classname="ds.completeCases_smk_data.frame" name="completeCases_data.frame" time="0.000999999999976353"/>
    <testcase classname="ds.completeCases_smk_data.frame" name="completeCases_data.frame" time="0.530999999999949"/>
    <testcase classname="ds.completeCases_smk_data.frame" name="completeCases_data.frame" time="0.00200000000018008"/>
    <testcase classname="ds.completeCases_smk_data.frame" name="completeCases_data.frame" time="0.000999999999976353"/>
    <testcase classname="ds.completeCases_smk_data.frame" name="completeCases_data.frame" time="0.000999999999976353"/>
    <testcase classname="ds.completeCases_smk_data.frame" name="completeCases_data.frame" time="0.266000000000076"/>
    <testcase classname="ds.completeCases_smk_data.frame" name="completeCases_data.frame" time="0.000999999999976353"/>
    <testcase classname="ds.completeCases_smk_data.frame" name="completeCases_data.frame" time="0.00199999999995271"/>
    <testcase classname="ds.completeCases_smk_data.frame" name="completeCases_data.frame" time="0.00199999999995271"/>
    <testcase classname="ds.completeCases_smk_data.frame" name="completeCases_data.frame" time="0.000999999999976353"/>
    <testcase classname="ds.completeCases_smk_data.frame" name="completeCases_data.frame" time="0.00199999999995271"/>
    <testcase classname="ds.completeCases_smk_data.frame" name="completeCases_data.frame" time="0.000999999999976353"/>
    <testcase classname="ds.completeCases_smk_data.frame" name="completeCases_data.frame" time="0.00100000000020373"/>
    <testcase classname="ds.completeCases_smk_data.frame" name="completeCases_data.frame" time="0.00199999999995271"/>
    <testcase classname="ds.completeCases_smk_data.frame" name="completeCases_data.frame" time="0.000999999999976353"/>
    <testcase classname="ds.completeCases_smk_data.frame" name="completeCases_data.frame" time="0.000999999999976353"/>
    <testcase classname="ds.completeCases_smk_data.frame" name="completeCases_data.frame" time="0.00199999999995271"/>
    <testcase classname="ds.completeCases_smk_data.frame" name="completeCases_data.frame" time="0.000999999999976353"/>
    <testcase classname="ds.completeCases_smk_data.frame" name="completeCases_data.frame" time="0.264000000000124"/>
    <testcase classname="ds.completeCases_smk_data.frame" name="completeCases_data.frame" time="0.00199999999995271"/>
    <testcase classname="ds.completeCases_smk_data.frame" name="completeCases_data.frame" time="0.000999999999976353"/>
    <testcase classname="ds.completeCases_smk_data.frame" name="completeCases_data.frame" time="0.00199999999995271"/>
    <testcase classname="ds.completeCases_smk_data.frame" name="completeCases_data.frame" time="0.000999999999976353"/>
    <testcase classname="ds.completeCases_smk_data.frame" name="completeCases_data.frame" time="0.00200000000018008"/>
    <testcase classname="ds.completeCases_smk_data.frame" name="completeCases_data.frame" time="0.00199999999995271"/>
    <testcase classname="ds.completeCases_smk_data.frame" name="completeCases_data.frame" time="0.000999999999976353"/>
    <testcase classname="ds.completeCases_smk_data.frame" name="completeCases_data.frame" time="0.00199999999995271"/>
    <testcase classname="ds.completeCases_smk_data.frame" name="completeCases_data.frame" time="0.000999999999976353"/>
    <testcase classname="ds.completeCases_smk_data.frame" name="completeCases_data.frame" time="0.00199999999995271"/>
    <testcase classname="ds.completeCases_smk_data.frame" name="completeCases_data.frame" time="0.00200000000018008"/>
    <testcase classname="ds.completeCases_smk_data.frame" name="completeCases_data.frame" time="0.00199999999995271"/>
  </testsuite>
  <testsuite errors="0" failures="0" hostname="fv-az14" name="ds.completeCases::smk::matrix" skipped="0" tests="29" time="3.239" timestamp="2020-09-17T10:12:21Z">
    <testcase classname="ds.completeCases_smk_matrix" name="completeCases_matrix" time="1.60199999999986"/>
    <testcase classname="ds.completeCases_smk_matrix" name="completeCases_matrix" time="0.00200000000018008"/>
    <testcase classname="ds.completeCases_smk_matrix" name="completeCases_matrix" time="0.000999999999976353"/>
    <testcase classname="ds.completeCases_smk_matrix" name="completeCases_matrix" time="0.531999999999925"/>
    <testcase classname="ds.completeCases_smk_matrix" name="completeCases_matrix" time="0.00199999999995271"/>
    <testcase classname="ds.completeCases_smk_matrix" name="completeCases_matrix" time="0.000999999999976353"/>
    <testcase classname="ds.completeCases_smk_matrix" name="completeCases_matrix" time="0.00100000000020373"/>
    <testcase classname="ds.completeCases_smk_matrix" name="completeCases_matrix" time="0.527999999999793"/>
    <testcase classname="ds.completeCases_smk_matrix" name="completeCases_matrix" time="0.00100000000020373"/>
    <testcase classname="ds.completeCases_smk_matrix" name="completeCases_matrix" time="0.00199999999995271"/>
    <testcase classname="ds.completeCases_smk_matrix" name="completeCases_matrix" time="0.000999999999976353"/>
    <testcase classname="ds.completeCases_smk_matrix" name="completeCases_matrix" time="0.264999999999873"/>
    <testcase classname="ds.completeCases_smk_matrix" name="completeCases_matrix" time="0.00100000000020373"/>
    <testcase classname="ds.completeCases_smk_matrix" name="completeCases_matrix" time="0.00199999999995271"/>
    <testcase classname="ds.completeCases_smk_matrix" name="completeCases_matrix" time="0.000999999999976353"/>
    <testcase classname="ds.completeCases_smk_matrix" name="completeCases_matrix" time="0.00199999999995271"/>
    <testcase classname="ds.completeCases_smk_matrix" name="completeCases_matrix" time="0.000999999999976353"/>
    <testcase classname="ds.completeCases_smk_matrix" name="completeCases_matrix" time="0.000999999999976353"/>
    <testcase classname="ds.completeCases_smk_matrix" name="completeCases_matrix" time="0.00199999999995271"/>
    <testcase classname="ds.completeCases_smk_matrix" name="completeCases_matrix" time="0.00100000000020373"/>
    <testcase classname="ds.completeCases_smk_matrix" name="completeCases_matrix" time="0.00199999999995271"/>
    <testcase classname="ds.completeCases_smk_matrix" name="completeCases_matrix" time="0.000999999999976353"/>
    <testcase classname="ds.completeCases_smk_matrix" name="completeCases_matrix" time="0.00199999999995271"/>
    <testcase classname="ds.completeCases_smk_matrix" name="completeCases_matrix" time="0.000999999999976353"/>
    <testcase classname="ds.completeCases_smk_matrix" name="completeCases_matrix" time="0.274000000000115"/>
    <testcase classname="ds.completeCases_smk_matrix" name="completeCases_matrix" time="0.00199999999995271"/>
    <testcase classname="ds.completeCases_smk_matrix" name="completeCases_matrix" time="0.00199999999995271"/>
    <testcase classname="ds.completeCases_smk_matrix" name="completeCases_matrix" time="0.00299999999992906"/>
    <testcase classname="ds.completeCases_smk_matrix" name="completeCases_matrix" time="0.00300000000015643"/>
  </testsuite>
  <testsuite errors="0" failures="0" hostname="fv-az14" name="ds.completeCases::smk::vector" skipped="0" tests="21" time="3.964" timestamp="2020-09-17T10:12:24Z">
    <testcase classname="ds.completeCases_smk_vector" name="completeCases_vector" time="2.31299999999987"/>
    <testcase classname="ds.completeCases_smk_vector" name="completeCases_vector" time="0.00199999999995271"/>
    <testcase classname="ds.completeCases_smk_vector" name="completeCases_vector" time="0.00100000000020373"/>
    <testcase classname="ds.completeCases_smk_vector" name="completeCases_vector" time="0.523999999999887"/>
    <testcase classname="ds.completeCases_smk_vector" name="completeCases_vector" time="0.00199999999995271"/>
    <testcase classname="ds.completeCases_smk_vector" name="completeCases_vector" time="0.000999999999976353"/>
    <testcase classname="ds.completeCases_smk_vector" name="completeCases_vector" time="0.00200000000018008"/>
    <testcase classname="ds.completeCases_smk_vector" name="completeCases_vector" time="0.52599999999984"/>
    <testcase classname="ds.completeCases_smk_vector" name="completeCases_vector" time="0.00200000000018008"/>
    <testcase classname="ds.completeCases_smk_vector" name="completeCases_vector" time="0.000999999999976353"/>
    <testcase classname="ds.completeCases_smk_vector" name="completeCases_vector" time="0.00199999999995271"/>
    <testcase classname="ds.completeCases_smk_vector" name="completeCases_vector" time="0.270999999999958"/>
    <testcase classname="ds.completeCases_smk_vector" name="completeCases_vector" time="0.000999999999976353"/>
    <testcase classname="ds.completeCases_smk_vector" name="completeCases_vector" time="0.00199999999995271"/>
    <testcase classname="ds.completeCases_smk_vector" name="completeCases_vector" time="0.00200000000018008"/>
    <testcase classname="ds.completeCases_smk_vector" name="completeCases_vector" time="0.000999999999976353"/>
    <testcase classname="ds.completeCases_smk_vector" name="completeCases_vector" time="0.30399999999986"/>
    <testcase classname="ds.completeCases_smk_vector" name="completeCases_vector" time="0.00199999999995271"/>
    <testcase classname="ds.completeCases_smk_vector" name="completeCases_vector" time="0.00200000000018008"/>
    <testcase classname="ds.completeCases_smk_vector" name="completeCases_vector" time="0.000999999999976353"/>
    <testcase classname="ds.completeCases_smk_vector" name="completeCases_vector" time="0.00199999999995271"/>
  </testsuite>
  <testsuite errors="0" failures="0" hostname="fv-az14" name="ds.completeCases::smk::shutdown" skipped="0" tests="3" time="0.308" timestamp="2020-09-17T10:12:28Z">
    <testcase classname="ds.completeCases_smk_shutdown" name="shutdown" time="0.305000000000064"/>
    <testcase classname="ds.completeCases_smk_shutdown" name="shutdown" time="0.00199999999995271"/>
    <testcase classname="ds.completeCases_smk_shutdown" name="shutdown" time="0.000999999999976353"/>
  </testsuite>
  <testsuite errors="0" failures="0" hostname="fv-az14" name="ds.completeCases::smk::done" skipped="0" tests="0" time="0" timestamp="2020-09-17T10:12:29Z"/>
  <testsuite errors="0" failures="0" hostname="fv-az14" name="ds.cor::smk::setup" skipped="0" tests="3" time="5.292" timestamp="2020-09-17T10:12:29Z">
    <testcase classname="ds.cor_smk_setup" name="setup" time="5.28899999999999"/>
    <testcase classname="ds.cor_smk_setup" name="setup" time="0.00199999999995271"/>
    <testcase classname="ds.cor_smk_setup" name="setup" time="0.000999999999976353"/>
  </testsuite>
  <testsuite errors="0" failures="0" hostname="fv-az14" name="ds.cor::smk" skipped="0" tests="56" time="9.093" timestamp="2020-09-17T10:12:34Z">
    <testcase classname="ds.cor_smk" name="simple_test_combine_pairwise.complete" time="2.32600000000002"/>
    <testcase classname="ds.cor_smk" name="simple_test_combine_pairwise.complete" time="0.000999999999976353"/>
    <testcase classname="ds.cor_smk" name="simple_test_combine_pairwise.complete" time="0.000999999999976353"/>
    <testcase classname="ds.cor_smk" name="simple_test_combine_pairwise.complete" time="0.00200000000018008"/>
    <testcase classname="ds.cor_smk" name="simple_test_combine_pairwise.complete" time="0.000999999999976353"/>
    <testcase classname="ds.cor_smk" name="simple_test_combine_pairwise.complete" time="0.000999999999976353"/>
    <testcase classname="ds.cor_smk" name="simple_test_combine_pairwise.complete" time="0.00199999999995271"/>
    <testcase classname="ds.cor_smk" name="simple_test_combine_pairwise.complete" time="0.000999999999976353"/>
    <testcase classname="ds.cor_smk" name="simple_test_combine_pairwise.complete" time="0.00199999999995271"/>
    <testcase classname="ds.cor_smk" name="simple_test_combine_casewise.complete" time="2.23300000000017"/>
    <testcase classname="ds.cor_smk" name="simple_test_combine_casewise.complete" time="0.00199999999995271"/>
    <testcase classname="ds.cor_smk" name="simple_test_combine_casewise.complete" time="0.000999999999976353"/>
    <testcase classname="ds.cor_smk" name="simple_test_combine_casewise.complete" time="0.00199999999995271"/>
    <testcase classname="ds.cor_smk" name="simple_test_combine_casewise.complete" time="0.000999999999976353"/>
    <testcase classname="ds.cor_smk" name="simple_test_combine_casewise.complete" time="0.000999999999976353"/>
    <testcase classname="ds.cor_smk" name="simple_test_combine_casewise.complete" time="0.00200000000018008"/>
    <testcase classname="ds.cor_smk" name="simple_test_combine_casewise.complete" time="0.000999999999976353"/>
    <testcase classname="ds.cor_smk" name="simple_test_combine_casewise.complete" time="0.000999999999976353"/>
    <testcase classname="ds.cor_smk" name="simple_test_split_pairwise.complete" time="2.23099999999999"/>
    <testcase classname="ds.cor_smk" name="simple_test_split_pairwise.complete" time="0.00199999999995271"/>
    <testcase classname="ds.cor_smk" name="simple_test_split_pairwise.complete" time="0.00199999999995271"/>
    <testcase classname="ds.cor_smk" name="simple_test_split_pairwise.complete" time="0.00199999999995271"/>
    <testcase classname="ds.cor_smk" name="simple_test_split_pairwise.complete" time="0.00200000000018008"/>
    <testcase classname="ds.cor_smk" name="simple_test_split_pairwise.complete" time="0.00599999999985812"/>
    <testcase classname="ds.cor_smk" name="simple_test_split_pairwise.complete" time="0.00199999999995271"/>
    <testcase classname="ds.cor_smk" name="simple_test_split_pairwise.complete" time="0.000999999999976353"/>
    <testcase classname="ds.cor_smk" name="simple_test_split_pairwise.complete" time="0.00199999999995271"/>
    <testcase classname="ds.cor_smk" name="simple_test_split_pairwise.complete" time="0.000999999999976353"/>
    <testcase classname="ds.cor_smk" name="simple_test_split_pairwise.complete" time="0.00199999999995271"/>
    <testcase classname="ds.cor_smk" name="simple_test_split_pairwise.complete" time="0.00199999999995271"/>
    <testcase classname="ds.cor_smk" name="simple_test_split_pairwise.complete" time="0.00200000000018008"/>
    <testcase classname="ds.cor_smk" name="simple_test_split_pairwise.complete" time="0.000999999999976353"/>
    <testcase classname="ds.cor_smk" name="simple_test_split_pairwise.complete" time="0.00199999999995271"/>
    <testcase classname="ds.cor_smk" name="simple_test_split_pairwise.complete" time="0.00199999999995271"/>
    <testcase classname="ds.cor_smk" name="simple_test_split_pairwise.complete" time="0.000999999999976353"/>
    <testcase classname="ds.cor_smk" name="simple_test_split_pairwise.complete" time="0.00199999999995271"/>
    <testcase classname="ds.cor_smk" name="simple_test_split_pairwise.complete" time="0.00300000000015643"/>
    <testcase classname="ds.cor_smk" name="simple_test_split_casewise.complete" time="2.21199999999999"/>
    <testcase classname="ds.cor_smk" name="simple_test_split_casewise.complete" time="0.00199999999995271"/>
    <testcase classname="ds.cor_smk" name="simple_test_split_casewise.complete" time="0.000999999999976353"/>
    <testcase classname="ds.cor_smk" name="simple_test_split_casewise.complete" time="0.00199999999995271"/>
    <testcase classname="ds.cor_smk" name="simple_test_split_casewise.complete" time="0.00200000000018008"/>
    <testcase classname="ds.cor_smk" name="simple_test_split_casewise.complete" time="0.000999999999976353"/>
    <testcase classname="ds.cor_smk" name="simple_test_split_casewise.complete" time="0.00299999999992906"/>
    <testcase classname="ds.cor_smk" name="simple_test_split_casewise.complete" time="0.000999999999976353"/>
    <testcase classname="ds.cor_smk" name="simple_test_split_casewise.complete" time="0.00199999999995271"/>
    <testcase classname="ds.cor_smk" name="simple_test_split_casewise.complete" time="0.00199999999995271"/>
    <testcase classname="ds.cor_smk" name="simple_test_split_casewise.complete" time="0.00100000000020373"/>
    <testcase classname="ds.cor_smk" name="simple_test_split_casewise.complete" time="0.00199999999995271"/>
    <testcase classname="ds.cor_smk" name="simple_test_split_casewise.complete" time="0.00199999999995271"/>
    <testcase classname="ds.cor_smk" name="simple_test_split_casewise.complete" time="0.00199999999995271"/>
    <testcase classname="ds.cor_smk" name="simple_test_split_casewise.complete" time="0.000999999999976353"/>
    <testcase classname="ds.cor_smk" name="simple_test_split_casewise.complete" time="0.00200000000018008"/>
    <testcase classname="ds.cor_smk" name="simple_test_split_casewise.complete" time="0.00199999999995271"/>
    <testcase classname="ds.cor_smk" name="simple_test_split_casewise.complete" time="0.00199999999995271"/>
    <testcase classname="ds.cor_smk" name="simple_test_split_casewise.complete" time="0.00199999999995271"/>
  </testsuite>
  <testsuite errors="0" failures="0" hostname="fv-az14" name="ds.cor::smk::setup::shutdown" skipped="0" tests="3" time="0.284" timestamp="2020-09-17T10:12:43Z">
    <testcase classname="ds.cor_smk_setup_shutdown" name="shutdown" time="0.281999999999925"/>
    <testcase classname="ds.cor_smk_setup_shutdown" name="shutdown" time="0.00100000000020373"/>
    <testcase classname="ds.cor_smk_setup_shutdown" name="shutdown" time="0.000999999999976353"/>
  </testsuite>
  <testsuite errors="0" failures="0" hostname="fv-az14" name="ds.cor::smk::setup::done" skipped="0" tests="0" time="0" timestamp="2020-09-17T10:12:44Z"/>
  <testsuite errors="0" failures="0" hostname="fv-az14" name="ds.corTest::smk::setup" skipped="0" tests="3" time="5.266" timestamp="2020-09-17T10:12:44Z">
    <testcase classname="ds.corTest_smk_setup" name="setup" time="5.26299999999992"/>
    <testcase classname="ds.corTest_smk_setup" name="setup" time="0.00199999999995271"/>
    <testcase classname="ds.corTest_smk_setup" name="setup" time="0.000999999999976353"/>
  </testsuite>
  <testsuite errors="0" failures="0" hostname="fv-az14" name="ds.corTest::smk" skipped="0" tests="28" time="2.254" timestamp="2020-09-17T10:12:48Z">
    <testcase classname="ds.corTest_smk" name="simple_test" time="2.20900000000006"/>
    <testcase classname="ds.corTest_smk" name="simple_test" time="0.000999999999976353"/>
    <testcase classname="ds.corTest_smk" name="simple_test" time="0.000999999999976353"/>
    <testcase classname="ds.corTest_smk" name="simple_test" time="0.00200000000018008"/>
    <testcase classname="ds.corTest_smk" name="simple_test" time="0.000999999999976353"/>
    <testcase classname="ds.corTest_smk" name="simple_test" time="0.00199999999995271"/>
    <testcase classname="ds.corTest_smk" name="simple_test" time="0.000999999999976353"/>
    <testcase classname="ds.corTest_smk" name="simple_test" time="0.000999999999976353"/>
    <testcase classname="ds.corTest_smk" name="simple_test" time="0.00199999999995271"/>
    <testcase classname="ds.corTest_smk" name="simple_test" time="0.00199999999995271"/>
    <testcase classname="ds.corTest_smk" name="simple_test" time="0.00200000000018008"/>
    <testcase classname="ds.corTest_smk" name="simple_test" time="0.00199999999995271"/>
    <testcase classname="ds.corTest_smk" name="simple_test" time="0.000999999999976353"/>
    <testcase classname="ds.corTest_smk" name="simple_test" time="0.00199999999995271"/>
    <testcase classname="ds.corTest_smk" name="simple_test" time="0.00199999999995271"/>
    <testcase classname="ds.corTest_smk" name="simple_test" time="0.000999999999976353"/>
    <testcase classname="ds.corTest_smk" name="simple_test" time="0.00200000000018008"/>
    <testcase classname="ds.corTest_smk" name="simple_test" time="0.000999999999976353"/>
    <testcase classname="ds.corTest_smk" name="simple_test" time="0.00199999999995271"/>
    <testcase classname="ds.corTest_smk" name="simple_test" time="0.000999999999976353"/>
    <testcase classname="ds.corTest_smk" name="simple_test" time="0.00199999999995271"/>
    <testcase classname="ds.corTest_smk" name="simple_test" time="0.00200000000018008"/>
    <testcase classname="ds.corTest_smk" name="simple_test" time="0.00199999999995271"/>
    <testcase classname="ds.corTest_smk" name="simple_test" time="0.00199999999995271"/>
    <testcase classname="ds.corTest_smk" name="simple_test" time="0.00199999999995271"/>
    <testcase classname="ds.corTest_smk" name="simple_test" time="0.00199999999995271"/>
    <testcase classname="ds.corTest_smk" name="simple_test" time="0.00200000000018008"/>
    <testcase classname="ds.corTest_smk" name="simple_test" time="0.00199999999995271"/>
  </testsuite>
  <testsuite errors="0" failures="0" hostname="fv-az14" name="ds.corTest::smk::shutdown" skipped="0" tests="3" time="0.277" timestamp="2020-09-17T10:12:51Z">
    <testcase classname="ds.corTest_smk_shutdown" name="shutdown" time="0.273999999999887"/>
    <testcase classname="ds.corTest_smk_shutdown" name="shutdown" time="0.00199999999995271"/>
    <testcase classname="ds.corTest_smk_shutdown" name="shutdown" time="0.00100000000020373"/>
  </testsuite>
  <testsuite errors="0" failures="0" hostname="fv-az14" name="ds.corTest::smk::done" skipped="0" tests="0" time="0" timestamp="2020-09-17T10:12:52Z"/>
  <testsuite errors="0" failures="0" hostname="fv-az14" name="ds.cov::smk::setup" skipped="0" tests="3" time="5.225" timestamp="2020-09-17T10:12:52Z">
    <testcase classname="ds.cov_smk_setup" name="setup" time="5.22199999999998"/>
    <testcase classname="ds.cov_smk_setup" name="setup" time="0.000999999999976353"/>
    <testcase classname="ds.cov_smk_setup" name="setup" time="0.00199999999995271"/>
  </testsuite>
  <testsuite errors="0" failures="0" hostname="fv-az14" name="ds.cov::smk" skipped="0" tests="28" time="4.5" timestamp="2020-09-17T10:12:56Z">
    <testcase classname="ds.cov_smk" name="simple_test_split" time="2.26600000000008"/>
    <testcase classname="ds.cov_smk" name="simple_test_split" time="0.00199999999995271"/>
    <testcase classname="ds.cov_smk" name="simple_test_split" time="0.000999999999976353"/>
    <testcase classname="ds.cov_smk" name="simple_test_split" time="0.000999999999976353"/>
    <testcase classname="ds.cov_smk" name="simple_test_split" time="0.000999999999976353"/>
    <testcase classname="ds.cov_smk" name="simple_test_split" time="0.00199999999995271"/>
    <testcase classname="ds.cov_smk" name="simple_test_split" time="0.000999999999976353"/>
    <testcase classname="ds.cov_smk" name="simple_test_split" time="0.00100000000020373"/>
    <testcase classname="ds.cov_smk" name="simple_test_split" time="0.00199999999995271"/>
    <testcase classname="ds.cov_smk" name="simple_test_split" time="0.000999999999976353"/>
    <testcase classname="ds.cov_smk" name="simple_test_split" time="0.000999999999976353"/>
    <testcase classname="ds.cov_smk" name="simple_test_split" time="0.00199999999995271"/>
    <testcase classname="ds.cov_smk" name="simple_test_split" time="0.000999999999976353"/>
    <testcase classname="ds.cov_smk" name="simple_test_split" time="0.000999999999976353"/>
    <testcase classname="ds.cov_smk" name="simple_test_split" time="0.00200000000018008"/>
    <testcase classname="ds.cov_smk" name="simple_test_split" time="0.000999999999976353"/>
    <testcase classname="ds.cov_smk" name="simple_test_split" time="0.00199999999995271"/>
    <testcase classname="ds.cov_smk" name="simple_test_split" time="0.00199999999995271"/>
    <testcase classname="ds.cov_smk" name="simple_test_split" time="0.000999999999976353"/>
    <testcase classname="ds.cov_smk" name="simple_test_combine" time="2.19500000000016"/>
    <testcase classname="ds.cov_smk" name="simple_test_combine" time="0.00199999999995271"/>
    <testcase classname="ds.cov_smk" name="simple_test_combine" time="0.00199999999995271"/>
    <testcase classname="ds.cov_smk" name="simple_test_combine" time="0.000999999999976353"/>
    <testcase classname="ds.cov_smk" name="simple_test_combine" time="0.00199999999995271"/>
    <testcase classname="ds.cov_smk" name="simple_test_combine" time="0.000999999999976353"/>
    <testcase classname="ds.cov_smk" name="simple_test_combine" time="0.00200000000018008"/>
    <testcase classname="ds.cov_smk" name="simple_test_combine" time="0.00199999999995271"/>
    <testcase classname="ds.cov_smk" name="simple_test_combine" time="0.00199999999995271"/>
  </testsuite>
  <testsuite errors="0" failures="0" hostname="fv-az14" name="ds.cov::smk::shutdown" skipped="0" tests="3" time="0.279" timestamp="2020-09-17T10:13:01Z">
    <testcase classname="ds.cov_smk_shutdown" name="shutdown" time="0.277000000000044"/>
    <testcase classname="ds.cov_smk_shutdown" name="shutdown" time="0.000999999999976353"/>
    <testcase classname="ds.cov_smk_shutdown" name="shutdown" time="0.000999999999976353"/>
  </testsuite>
  <testsuite errors="0" failures="0" hostname="fv-az14" name="ds.cov::smk::done" skipped="0" tests="0" time="0" timestamp="2020-09-17T10:13:02Z"/>
  <testsuite errors="0" failures="0" hostname="fv-az14" name="ds.c::smk::setup" skipped="0" tests="3" time="5.278" timestamp="2020-09-17T10:13:02Z">
    <testcase classname="ds.c_smk_setup" name="setup" time="5.27600000000007"/>
    <testcase classname="ds.c_smk_setup" name="setup" time="0.000999999999976353"/>
    <testcase classname="ds.c_smk_setup" name="setup" time="0.000999999999976353"/>
  </testsuite>
  <testsuite errors="0" failures="0" hostname="fv-az14" name="ds.c::smk" skipped="0" tests="1" time="1.488" timestamp="2020-09-17T10:13:06Z">
    <testcase classname="ds.c_smk" name="simple_c" time="1.48800000000006"/>
  </testsuite>
  <testsuite errors="0" failures="0" hostname="fv-az14" name="ds.c::smk::shutdown" skipped="0" tests="3" time="0.28" timestamp="2020-09-17T10:13:08Z">
    <testcase classname="ds.c_smk_shutdown" name="setup" time="0.27800000000002"/>
    <testcase classname="ds.c_smk_shutdown" name="setup" time="0.000999999999976353"/>
    <testcase classname="ds.c_smk_shutdown" name="setup" time="0.000999999999976353"/>
  </testsuite>
  <testsuite errors="0" failures="0" hostname="fv-az14" name="ds.c::smk::done" skipped="0" tests="0" time="0" timestamp="2020-09-17T10:13:09Z"/>
  <testsuite errors="0" failures="0" hostname="fv-az14" name="ds.dataFrameFill::smk::setup" skipped="0" tests="3" time="5.333" timestamp="2020-09-17T10:13:09Z">
    <testcase classname="ds.dataFrameFill_smk_setup" name="setup" time="5.3309999999999"/>
    <testcase classname="ds.dataFrameFill_smk_setup" name="setup" time="0.000999999999976353"/>
    <testcase classname="ds.dataFrameFill_smk_setup" name="setup" time="0.00100000000020373"/>
  </testsuite>
  <testsuite errors="0" failures="0" hostname="fv-az14" name="ds.dataFrameFill::smk::donothing dataframes" skipped="0" tests="14" time="4.319" timestamp="2020-09-17T10:13:13Z">
    <testcase classname="ds.dataFrameFill_smk_donothing_dataframes" name="dataFrameFill_donothing" time="1.21799999999985"/>
    <testcase classname="ds.dataFrameFill_smk_donothing_dataframes" name="dataFrameFill_donothing" time="0.000999999999976353"/>
    <testcase classname="ds.dataFrameFill_smk_donothing_dataframes" name="dataFrameFill_donothing" time="0.000999999999976353"/>
    <testcase classname="ds.dataFrameFill_smk_donothing_dataframes" name="dataFrameFill_donothing" time="0.00100000000020373"/>
    <testcase classname="ds.dataFrameFill_smk_donothing_dataframes" name="dataFrameFill_donothing" time="0.000999999999976353"/>
    <testcase classname="ds.dataFrameFill_smk_donothing_dataframes" name="dataFrameFill_donothing" time="0.000999999999976353"/>
    <testcase classname="ds.dataFrameFill_smk_donothing_dataframes" name="dataFrameFill_donothing" time="0.00199999999995271"/>
    <testcase classname="ds.dataFrameFill_smk_donothing_dataframes" name="dataFrameFill_donothing" time="0.000999999999976353"/>
    <testcase classname="ds.dataFrameFill_smk_donothing_dataframes" name="dataFrameFill_donothing" time="0.000999999999976353"/>
    <testcase classname="ds.dataFrameFill_smk_donothing_dataframes" name="dataFrameFill_donothing" time="0.000999999999976353"/>
    <testcase classname="ds.dataFrameFill_smk_donothing_dataframes" name="dataFrameFill_donothing" time="0.00200000000018008"/>
    <testcase classname="ds.dataFrameFill_smk_donothing_dataframes" name="dataFrameFill_donothing" time="0.000999999999976353"/>
    <testcase classname="ds.dataFrameFill_smk_donothing_dataframes" name="dataFrameFill_donothing" time="0.000999999999976353"/>
    <testcase classname="ds.dataFrameFill_smk_donothing_dataframes" name="dataFrameFill_donothing" time="3.08699999999999"/>
  </testsuite>
  <testsuite errors="0" failures="0" hostname="fv-az14" name="ds.dataFrameFill::smk::shutdown" skipped="0" tests="3" time="0.315" timestamp="2020-09-17T10:13:18Z">
    <testcase classname="ds.dataFrameFill_smk_shutdown" name="shutdown" time="0.311999999999898"/>
    <testcase classname="ds.dataFrameFill_smk_shutdown" name="shutdown" time="0.000999999999976353"/>
    <testcase classname="ds.dataFrameFill_smk_shutdown" name="shutdown" time="0.00200000000018008"/>
  </testsuite>
  <testsuite errors="0" failures="0" hostname="fv-az14" name="ds.dataFrameFill::smk::done" skipped="0" tests="0" time="0" timestamp="2020-09-17T10:13:19Z"/>
  <testsuite errors="0" failures="0" hostname="fv-az14" name="ds.dataFrameFill::smk::setup" skipped="0" tests="3" time="5.196" timestamp="2020-09-17T10:13:19Z">
    <testcase classname="ds.dataFrameFill_smk_setup" name="setup" time="5.19299999999998"/>
    <testcase classname="ds.dataFrameFill_smk_setup" name="setup" time="0.00199999999995271"/>
    <testcase classname="ds.dataFrameFill_smk_setup" name="setup" time="0.000999999999976353"/>
  </testsuite>
  <testsuite errors="0" failures="0" hostname="fv-az14" name="ds.dataFrameFill::smk::extend unfilled dataframes" skipped="0" tests="26" time="7.99" timestamp="2020-09-17T10:13:23Z">
    <testcase classname="ds.dataFrameFill_smk_extend_unfilled_dataframes" name="dataFrameFill_exists" time="1.21599999999989"/>
    <testcase classname="ds.dataFrameFill_smk_extend_unfilled_dataframes" name="dataFrameFill_exists" time="0.00100000000020373"/>
    <testcase classname="ds.dataFrameFill_smk_extend_unfilled_dataframes" name="dataFrameFill_exists" time="0.000999999999976353"/>
    <testcase classname="ds.dataFrameFill_smk_extend_unfilled_dataframes" name="dataFrameFill_exists" time="0.00199999999995271"/>
    <testcase classname="ds.dataFrameFill_smk_extend_unfilled_dataframes" name="dataFrameFill_exists" time="0.000999999999976353"/>
    <testcase classname="ds.dataFrameFill_smk_extend_unfilled_dataframes" name="dataFrameFill_exists" time="0.00199999999995271"/>
    <testcase classname="ds.dataFrameFill_smk_extend_unfilled_dataframes" name="dataFrameFill_exists" time="0.000999999999976353"/>
    <testcase classname="ds.dataFrameFill_smk_extend_unfilled_dataframes" name="dataFrameFill_exists" time="0.000999999999976353"/>
    <testcase classname="ds.dataFrameFill_smk_extend_unfilled_dataframes" name="dataFrameFill_exists" time="0.000999999999976353"/>
    <testcase classname="ds.dataFrameFill_smk_extend_unfilled_dataframes" name="dataFrameFill_exists" time="0.00500000000010914"/>
    <testcase classname="ds.dataFrameFill_smk_extend_unfilled_dataframes" name="dataFrameFill_exists" time="5.53199999999993"/>
    <testcase classname="ds.dataFrameFill_smk_extend_unfilled_dataframes" name="dataFrameFill_exists" time="0.00199999999995271"/>
    <testcase classname="ds.dataFrameFill_smk_extend_unfilled_dataframes" name="dataFrameFill_exists" time="0.00100000000020373"/>
    <testcase classname="ds.dataFrameFill_smk_extend_unfilled_dataframes" name="dataFrameFill_exists" time="1.20499999999993"/>
    <testcase classname="ds.dataFrameFill_smk_extend_unfilled_dataframes" name="dataFrameFill_exists" time="0.00199999999995271"/>
    <testcase classname="ds.dataFrameFill_smk_extend_unfilled_dataframes" name="dataFrameFill_exists" time="0.000999999999976353"/>
    <testcase classname="ds.dataFrameFill_smk_extend_unfilled_dataframes" name="dataFrameFill_exists" time="0.00199999999995271"/>
    <testcase classname="ds.dataFrameFill_smk_extend_unfilled_dataframes" name="dataFrameFill_exists" time="0.00200000000018008"/>
    <testcase classname="ds.dataFrameFill_smk_extend_unfilled_dataframes" name="dataFrameFill_exists" time="0.00199999999995271"/>
    <testcase classname="ds.dataFrameFill_smk_extend_unfilled_dataframes" name="dataFrameFill_exists" time="0.000999999999976353"/>
    <testcase classname="ds.dataFrameFill_smk_extend_unfilled_dataframes" name="dataFrameFill_exists" time="0.00199999999995271"/>
    <testcase classname="ds.dataFrameFill_smk_extend_unfilled_dataframes" name="dataFrameFill_exists" time="0.000999999999976353"/>
    <testcase classname="ds.dataFrameFill_smk_extend_unfilled_dataframes" name="dataFrameFill_exists" time="0.000999999999976353"/>
    <testcase classname="ds.dataFrameFill_smk_extend_unfilled_dataframes" name="dataFrameFill_exists" time="0.00200000000018008"/>
    <testcase classname="ds.dataFrameFill_smk_extend_unfilled_dataframes" name="dataFrameFill_exists" time="0.000999999999976353"/>
    <testcase classname="ds.dataFrameFill_smk_extend_unfilled_dataframes" name="dataFrameFill_exists" time="0.00199999999995271"/>
  </testsuite>
  <testsuite errors="0" failures="0" hostname="fv-az14" name="ds.dataFrameFill::smk::shutdown" skipped="0" tests="3" time="0.277" timestamp="2020-09-17T10:13:31Z">
    <testcase classname="ds.dataFrameFill_smk_shutdown" name="shutdown" time="0.274999999999864"/>
    <testcase classname="ds.dataFrameFill_smk_shutdown" name="shutdown" time="0.00100000000020373"/>
    <testcase classname="ds.dataFrameFill_smk_shutdown" name="shutdown" time="0.000999999999976353"/>
  </testsuite>
  <testsuite errors="0" failures="0" hostname="fv-az14" name="ds.dataFrameFill::smk::done" skipped="0" tests="0" time="0" timestamp="2020-09-17T10:13:32Z"/>
  <testsuite errors="0" failures="0" hostname="fv-az14" name="ds.dataFrame::smk::setup" skipped="0" tests="3" time="5.265" timestamp="2020-09-17T10:13:32Z">
    <testcase classname="ds.dataFrame_smk_setup" name="setup" time="5.26199999999994"/>
    <testcase classname="ds.dataFrame_smk_setup" name="setup" time="0.000999999999976353"/>
    <testcase classname="ds.dataFrame_smk_setup" name="setup" time="0.00199999999995271"/>
  </testsuite>
  <testsuite errors="0" failures="0" hostname="fv-az14" name="ds.dataFrame::smk::create a dataframe, from root variables" skipped="0" tests="25" time="5.83" timestamp="2020-09-17T10:13:37Z">
    <testcase classname="ds.dataFrame_smk_create_a_dataframe_from_root_variables" name="dataframe_exists" time="3.79899999999998"/>
    <testcase classname="ds.dataFrame_smk_create_a_dataframe_from_root_variables" name="dataframe_exists" time="0.000999999999976353"/>
    <testcase classname="ds.dataFrame_smk_create_a_dataframe_from_root_variables" name="dataframe_exists" time="0.00200000000018008"/>
    <testcase classname="ds.dataFrame_smk_create_a_dataframe_from_root_variables" name="dataframe_exists" time="0.784999999999854"/>
    <testcase classname="ds.dataFrame_smk_create_a_dataframe_from_root_variables" name="dataframe_exists" time="0.000999999999976353"/>
    <testcase classname="ds.dataFrame_smk_create_a_dataframe_from_root_variables" name="dataframe_exists" time="0.00100000000020373"/>
    <testcase classname="ds.dataFrame_smk_create_a_dataframe_from_root_variables" name="dataframe_exists" time="0.000999999999976353"/>
    <testcase classname="ds.dataFrame_smk_create_a_dataframe_from_root_variables" name="dataframe_exists" time="0.000999999999976353"/>
    <testcase classname="ds.dataFrame_smk_create_a_dataframe_from_root_variables" name="dataframe_exists" time="0.00199999999995271"/>
    <testcase classname="ds.dataFrame_smk_create_a_dataframe_from_root_variables" name="dataframe_exists" time="0.000999999999976353"/>
    <testcase classname="ds.dataFrame_smk_create_a_dataframe_from_root_variables" name="dataframe_exists" time="0.000999999999976353"/>
    <testcase classname="ds.dataFrame_smk_create_a_dataframe_from_root_variables" name="dataframe_exists" time="0.000999999999976353"/>
    <testcase classname="ds.dataFrame_smk_create_a_dataframe_from_root_variables" name="dataframe_exists" time="0.00199999999995271"/>
    <testcase classname="ds.dataFrame_smk_create_a_dataframe_from_root_variables" name="dataframe_exists" time="0.00100000000020373"/>
    <testcase classname="ds.dataFrame_smk_create_a_dataframe_from_root_variables" name="dataframe_exists" time="0.000999999999976353"/>
    <testcase classname="ds.dataFrame_smk_create_a_dataframe_from_root_variables" name="dataframe_exists" time="1.21799999999985"/>
    <testcase classname="ds.dataFrame_smk_create_a_dataframe_from_root_variables" name="dataframe_exists" time="0.000999999999976353"/>
    <testcase classname="ds.dataFrame_smk_create_a_dataframe_from_root_variables" name="dataframe_exists" time="0.00200000000018008"/>
    <testcase classname="ds.dataFrame_smk_create_a_dataframe_from_root_variables" name="dataframe_exists" time="0.000999999999976353"/>
    <testcase classname="ds.dataFrame_smk_create_a_dataframe_from_root_variables" name="dataframe_exists" time="0.000999999999976353"/>
    <testcase classname="ds.dataFrame_smk_create_a_dataframe_from_root_variables" name="dataframe_exists" time="0.00199999999995271"/>
    <testcase classname="ds.dataFrame_smk_create_a_dataframe_from_root_variables" name="dataframe_exists" time="0.000999999999976353"/>
    <testcase classname="ds.dataFrame_smk_create_a_dataframe_from_root_variables" name="dataframe_exists" time="0.000999999999976353"/>
    <testcase classname="ds.dataFrame_smk_create_a_dataframe_from_root_variables" name="dataframe_exists" time="0.00199999999995271"/>
    <testcase classname="ds.dataFrame_smk_create_a_dataframe_from_root_variables" name="dataframe_exists" time="0.00100000000020373"/>
  </testsuite>
  <testsuite errors="0" failures="0" hostname="fv-az14" name="ds.dataFrame::smk::create a dataframe, with DataSHIELD.checks, from root variables" skipped="0" tests="20" time="17.478" timestamp="2020-09-17T10:13:43Z">
    <testcase classname="ds.dataFrame_smk_create_a_dataframe_with_DataSHIELD.checks_from_root_variables" name="dataframe_exists_with_DataSHIELD.checks" time="15.4589999999998"/>
    <testcase classname="ds.dataFrame_smk_create_a_dataframe_with_DataSHIELD.checks_from_root_variables" name="dataframe_exists_with_DataSHIELD.checks" time="0.00200000000018008"/>
    <testcase classname="ds.dataFrame_smk_create_a_dataframe_with_DataSHIELD.checks_from_root_variables" name="dataframe_exists_with_DataSHIELD.checks" time="0.000999999999976353"/>
    <testcase classname="ds.dataFrame_smk_create_a_dataframe_with_DataSHIELD.checks_from_root_variables" name="dataframe_exists_with_DataSHIELD.checks" time="0.781999999999925"/>
    <testcase classname="ds.dataFrame_smk_create_a_dataframe_with_DataSHIELD.checks_from_root_variables" name="dataframe_exists_with_DataSHIELD.checks" time="0.00199999999995271"/>
    <testcase classname="ds.dataFrame_smk_create_a_dataframe_with_DataSHIELD.checks_from_root_variables" name="dataframe_exists_with_DataSHIELD.checks" time="0.000999999999976353"/>
    <testcase classname="ds.dataFrame_smk_create_a_dataframe_with_DataSHIELD.checks_from_root_variables" name="dataframe_exists_with_DataSHIELD.checks" time="0.000999999999976353"/>
    <testcase classname="ds.dataFrame_smk_create_a_dataframe_with_DataSHIELD.checks_from_root_variables" name="dataframe_exists_with_DataSHIELD.checks" time="0.000999999999976353"/>
    <testcase classname="ds.dataFrame_smk_create_a_dataframe_with_DataSHIELD.checks_from_root_variables" name="dataframe_exists_with_DataSHIELD.checks" time="0.00200000000018008"/>
    <testcase classname="ds.dataFrame_smk_create_a_dataframe_with_DataSHIELD.checks_from_root_variables" name="dataframe_exists_with_DataSHIELD.checks" time="0.000999999999976353"/>
    <testcase classname="ds.dataFrame_smk_create_a_dataframe_with_DataSHIELD.checks_from_root_variables" name="dataframe_exists_with_DataSHIELD.checks" time="1.21199999999999"/>
    <testcase classname="ds.dataFrame_smk_create_a_dataframe_with_DataSHIELD.checks_from_root_variables" name="dataframe_exists_with_DataSHIELD.checks" time="0.00199999999995271"/>
    <testcase classname="ds.dataFrame_smk_create_a_dataframe_with_DataSHIELD.checks_from_root_variables" name="dataframe_exists_with_DataSHIELD.checks" time="0.000999999999976353"/>
    <testcase classname="ds.dataFrame_smk_create_a_dataframe_with_DataSHIELD.checks_from_root_variables" name="dataframe_exists_with_DataSHIELD.checks" time="0.000999999999976353"/>
    <testcase classname="ds.dataFrame_smk_create_a_dataframe_with_DataSHIELD.checks_from_root_variables" name="dataframe_exists_with_DataSHIELD.checks" time="0.00199999999995271"/>
    <testcase classname="ds.dataFrame_smk_create_a_dataframe_with_DataSHIELD.checks_from_root_variables" name="dataframe_exists_with_DataSHIELD.checks" time="0.00100000000020373"/>
    <testcase classname="ds.dataFrame_smk_create_a_dataframe_with_DataSHIELD.checks_from_root_variables" name="dataframe_exists_with_DataSHIELD.checks" time="0.00199999999995271"/>
    <testcase classname="ds.dataFrame_smk_create_a_dataframe_with_DataSHIELD.checks_from_root_variables" name="dataframe_exists_with_DataSHIELD.checks" time="0.000999999999976353"/>
    <testcase classname="ds.dataFrame_smk_create_a_dataframe_with_DataSHIELD.checks_from_root_variables" name="dataframe_exists_with_DataSHIELD.checks" time="0.00199999999995271"/>
    <testcase classname="ds.dataFrame_smk_create_a_dataframe_with_DataSHIELD.checks_from_root_variables" name="dataframe_exists_with_DataSHIELD.checks" time="0.00199999999995271"/>
  </testsuite>
  <testsuite errors="0" failures="0" hostname="fv-az14" name="ds.dataFrame::smk::create a dataframe, from dataframe variables" skipped="0" tests="25" time="4.478" timestamp="2020-09-17T10:14:00Z">
    <testcase classname="ds.dataFrame_smk_create_a_dataframe_from_dataframe_variables" name="dataframe_exists_from_dataframe_variables" time="2.952"/>
    <testcase classname="ds.dataFrame_smk_create_a_dataframe_from_dataframe_variables" name="dataframe_exists_from_dataframe_variables" time="0.00200000000018008"/>
    <testcase classname="ds.dataFrame_smk_create_a_dataframe_from_dataframe_variables" name="dataframe_exists_from_dataframe_variables" time="0.000999999999976353"/>
    <testcase classname="ds.dataFrame_smk_create_a_dataframe_from_dataframe_variables" name="dataframe_exists_from_dataframe_variables" time="0.264999999999873"/>
    <testcase classname="ds.dataFrame_smk_create_a_dataframe_from_dataframe_variables" name="dataframe_exists_from_dataframe_variables" time="0.000999999999976353"/>
    <testcase classname="ds.dataFrame_smk_create_a_dataframe_from_dataframe_variables" name="dataframe_exists_from_dataframe_variables" time="0.00199999999995271"/>
    <testcase classname="ds.dataFrame_smk_create_a_dataframe_from_dataframe_variables" name="dataframe_exists_from_dataframe_variables" time="0.00100000000020373"/>
    <testcase classname="ds.dataFrame_smk_create_a_dataframe_from_dataframe_variables" name="dataframe_exists_from_dataframe_variables" time="0.000999999999976353"/>
    <testcase classname="ds.dataFrame_smk_create_a_dataframe_from_dataframe_variables" name="dataframe_exists_from_dataframe_variables" time="0.000999999999976353"/>
    <testcase classname="ds.dataFrame_smk_create_a_dataframe_from_dataframe_variables" name="dataframe_exists_from_dataframe_variables" time="0.00199999999995271"/>
    <testcase classname="ds.dataFrame_smk_create_a_dataframe_from_dataframe_variables" name="dataframe_exists_from_dataframe_variables" time="0.000999999999976353"/>
    <testcase classname="ds.dataFrame_smk_create_a_dataframe_from_dataframe_variables" name="dataframe_exists_from_dataframe_variables" time="0.000999999999976353"/>
    <testcase classname="ds.dataFrame_smk_create_a_dataframe_from_dataframe_variables" name="dataframe_exists_from_dataframe_variables" time="0.00199999999995271"/>
    <testcase classname="ds.dataFrame_smk_create_a_dataframe_from_dataframe_variables" name="dataframe_exists_from_dataframe_variables" time="0.00100000000020373"/>
    <testcase classname="ds.dataFrame_smk_create_a_dataframe_from_dataframe_variables" name="dataframe_exists_from_dataframe_variables" time="0.000999999999976353"/>
    <testcase classname="ds.dataFrame_smk_create_a_dataframe_from_dataframe_variables" name="dataframe_exists_from_dataframe_variables" time="1.22799999999984"/>
    <testcase classname="ds.dataFrame_smk_create_a_dataframe_from_dataframe_variables" name="dataframe_exists_from_dataframe_variables" time="0.000999999999976353"/>
    <testcase classname="ds.dataFrame_smk_create_a_dataframe_from_dataframe_variables" name="dataframe_exists_from_dataframe_variables" time="0.000999999999976353"/>
    <testcase classname="ds.dataFrame_smk_create_a_dataframe_from_dataframe_variables" name="dataframe_exists_from_dataframe_variables" time="0.00299999999992906"/>
    <testcase classname="ds.dataFrame_smk_create_a_dataframe_from_dataframe_variables" name="dataframe_exists_from_dataframe_variables" time="0.00199999999995271"/>
    <testcase classname="ds.dataFrame_smk_create_a_dataframe_from_dataframe_variables" name="dataframe_exists_from_dataframe_variables" time="0.00199999999995271"/>
    <testcase classname="ds.dataFrame_smk_create_a_dataframe_from_dataframe_variables" name="dataframe_exists_from_dataframe_variables" time="0.00200000000018008"/>
    <testcase classname="ds.dataFrame_smk_create_a_dataframe_from_dataframe_variables" name="dataframe_exists_from_dataframe_variables" time="0.000999999999976353"/>
    <testcase classname="ds.dataFrame_smk_create_a_dataframe_from_dataframe_variables" name="dataframe_exists_from_dataframe_variables" time="0.00199999999995271"/>
    <testcase classname="ds.dataFrame_smk_create_a_dataframe_from_dataframe_variables" name="dataframe_exists_from_dataframe_variables" time="0.00199999999995271"/>
  </testsuite>
  <testsuite errors="0" failures="0" hostname="fv-az14" name="ds.dataFrame::smk::create a dataframe, with DataSHIELD.checks, from dataframe variables" skipped="0" tests="20" time="16.023" timestamp="2020-09-17T10:14:05Z">
    <testcase classname="ds.dataFrame_smk_create_a_dataframe_with_DataSHIELD.checks_from_dataframe_variables" name="dataframe_exists_with_DataSHIELD.checks_from_dataframe_variables" time="14.5150000000001"/>
    <testcase classname="ds.dataFrame_smk_create_a_dataframe_with_DataSHIELD.checks_from_dataframe_variables" name="dataframe_exists_with_DataSHIELD.checks_from_dataframe_variables" time="0.00199999999995271"/>
    <testcase classname="ds.dataFrame_smk_create_a_dataframe_with_DataSHIELD.checks_from_dataframe_variables" name="dataframe_exists_with_DataSHIELD.checks_from_dataframe_variables" time="0.000999999999976353"/>
    <testcase classname="ds.dataFrame_smk_create_a_dataframe_with_DataSHIELD.checks_from_dataframe_variables" name="dataframe_exists_with_DataSHIELD.checks_from_dataframe_variables" time="0.268000000000029"/>
    <testcase classname="ds.dataFrame_smk_create_a_dataframe_with_DataSHIELD.checks_from_dataframe_variables" name="dataframe_exists_with_DataSHIELD.checks_from_dataframe_variables" time="0.000999999999976353"/>
    <testcase classname="ds.dataFrame_smk_create_a_dataframe_with_DataSHIELD.checks_from_dataframe_variables" name="dataframe_exists_with_DataSHIELD.checks_from_dataframe_variables" time="0.00199999999995271"/>
    <testcase classname="ds.dataFrame_smk_create_a_dataframe_with_DataSHIELD.checks_from_dataframe_variables" name="dataframe_exists_with_DataSHIELD.checks_from_dataframe_variables" time="0.000999999999976353"/>
    <testcase classname="ds.dataFrame_smk_create_a_dataframe_with_DataSHIELD.checks_from_dataframe_variables" name="dataframe_exists_with_DataSHIELD.checks_from_dataframe_variables" time="0.000999999999976353"/>
    <testcase classname="ds.dataFrame_smk_create_a_dataframe_with_DataSHIELD.checks_from_dataframe_variables" name="dataframe_exists_with_DataSHIELD.checks_from_dataframe_variables" time="0.000999999999976353"/>
    <testcase classname="ds.dataFrame_smk_create_a_dataframe_with_DataSHIELD.checks_from_dataframe_variables" name="dataframe_exists_with_DataSHIELD.checks_from_dataframe_variables" time="0.00900000000001455"/>
    <testcase classname="ds.dataFrame_smk_create_a_dataframe_with_DataSHIELD.checks_from_dataframe_variables" name="dataframe_exists_with_DataSHIELD.checks_from_dataframe_variables" time="1.21100000000001"/>
    <testcase classname="ds.dataFrame_smk_create_a_dataframe_with_DataSHIELD.checks_from_dataframe_variables" name="dataframe_exists_with_DataSHIELD.checks_from_dataframe_variables" time="0.000999999999976353"/>
    <testcase classname="ds.dataFrame_smk_create_a_dataframe_with_DataSHIELD.checks_from_dataframe_variables" name="dataframe_exists_with_DataSHIELD.checks_from_dataframe_variables" time="0.00100000000020373"/>
    <testcase classname="ds.dataFrame_smk_create_a_dataframe_with_DataSHIELD.checks_from_dataframe_variables" name="dataframe_exists_with_DataSHIELD.checks_from_dataframe_variables" time="0.000999999999976353"/>
    <testcase classname="ds.dataFrame_smk_create_a_dataframe_with_DataSHIELD.checks_from_dataframe_variables" name="dataframe_exists_with_DataSHIELD.checks_from_dataframe_variables" time="0.000999999999976353"/>
    <testcase classname="ds.dataFrame_smk_create_a_dataframe_with_DataSHIELD.checks_from_dataframe_variables" name="dataframe_exists_with_DataSHIELD.checks_from_dataframe_variables" time="0.00199999999995271"/>
    <testcase classname="ds.dataFrame_smk_create_a_dataframe_with_DataSHIELD.checks_from_dataframe_variables" name="dataframe_exists_with_DataSHIELD.checks_from_dataframe_variables" time="0.000999999999976353"/>
    <testcase classname="ds.dataFrame_smk_create_a_dataframe_with_DataSHIELD.checks_from_dataframe_variables" name="dataframe_exists_with_DataSHIELD.checks_from_dataframe_variables" time="0.000999999999976353"/>
    <testcase classname="ds.dataFrame_smk_create_a_dataframe_with_DataSHIELD.checks_from_dataframe_variables" name="dataframe_exists_with_DataSHIELD.checks_from_dataframe_variables" time="0.00200000000018008"/>
    <testcase classname="ds.dataFrame_smk_create_a_dataframe_with_DataSHIELD.checks_from_dataframe_variables" name="dataframe_exists_with_DataSHIELD.checks_from_dataframe_variables" time="0.000999999999976353"/>
  </testsuite>
  <testsuite errors="0" failures="0" hostname="fv-az14" name="ds.dataFrame::smk::shutdown" skipped="0" tests="3" time="0.543" timestamp="2020-09-17T10:14:21Z">
    <testcase classname="ds.dataFrame_smk_shutdown" name="shutdown" time="0.539999999999964"/>
    <testcase classname="ds.dataFrame_smk_shutdown" name="shutdown" time="0.00199999999995271"/>
    <testcase classname="ds.dataFrame_smk_shutdown" name="shutdown" time="0.000999999999976353"/>
  </testsuite>
  <testsuite errors="0" failures="0" hostname="fv-az14" name="ds.dataFrame::smk::done" skipped="0" tests="0" time="0" timestamp="2020-09-17T10:14:22Z"/>
  <testsuite errors="0" failures="0" hostname="fv-az14" name="ds.dataFrameSort::smk::setup" skipped="0" tests="3" time="5.356" timestamp="2020-09-17T10:14:22Z">
    <testcase classname="ds.dataFrameSort_smk_setup" name="setup" time="5.35400000000004"/>
    <testcase classname="ds.dataFrameSort_smk_setup" name="setup" time="0.000999999999976353"/>
    <testcase classname="ds.dataFrameSort_smk_setup" name="setup" time="0.000999999999976353"/>
  </testsuite>
  <testsuite errors="0" failures="0" hostname="fv-az14" name="ds.dataFrameSort::smk::create a sorted dataframe" skipped="0" tests="10" time="3.57" timestamp="2020-09-17T10:14:26Z">
    <testcase classname="ds.dataFrameSort_smk_create_a_sorted_dataframe" name="dataFrameSort_exists" time="3.55899999999997"/>
    <testcase classname="ds.dataFrameSort_smk_create_a_sorted_dataframe" name="dataFrameSort_exists" time="0.00199999999995271"/>
    <testcase classname="ds.dataFrameSort_smk_create_a_sorted_dataframe" name="dataFrameSort_exists" time="0.00100000000020373"/>
    <testcase classname="ds.dataFrameSort_smk_create_a_sorted_dataframe" name="dataFrameSort_exists" time="0.000999999999976353"/>
    <testcase classname="ds.dataFrameSort_smk_create_a_sorted_dataframe" name="dataFrameSort_exists" time="0.000999999999976353"/>
    <testcase classname="ds.dataFrameSort_smk_create_a_sorted_dataframe" name="dataFrameSort_exists" time="0.000999999999976353"/>
    <testcase classname="ds.dataFrameSort_smk_create_a_sorted_dataframe" name="dataFrameSort_exists" time="0.000999999999976353"/>
    <testcase classname="ds.dataFrameSort_smk_create_a_sorted_dataframe" name="dataFrameSort_exists" time="0.00199999999995271"/>
    <testcase classname="ds.dataFrameSort_smk_create_a_sorted_dataframe" name="dataFrameSort_exists" time="0.000999999999976353"/>
    <testcase classname="ds.dataFrameSort_smk_create_a_sorted_dataframe" name="dataFrameSort_exists" time="0.000999999999976353"/>
  </testsuite>
  <testsuite errors="0" failures="0" hostname="fv-az14" name="ds.dataFrameSort::smk::shutdown" skipped="0" tests="3" time="0.275" timestamp="2020-09-17T10:14:30Z">
    <testcase classname="ds.dataFrameSort_smk_shutdown" name="shutdown" time="0.272000000000162"/>
    <testcase classname="ds.dataFrameSort_smk_shutdown" name="shutdown" time="0.000999999999976353"/>
    <testcase classname="ds.dataFrameSort_smk_shutdown" name="shutdown" time="0.00199999999995271"/>
  </testsuite>
  <testsuite errors="0" failures="0" hostname="fv-az14" name="ds.dataFrameSort::smk::done" skipped="0" tests="0" time="0" timestamp="2020-09-17T10:14:31Z"/>
  <testsuite errors="0" failures="0" hostname="fv-az14" name="ds.dataFrameSubset::smk::setup" skipped="0" tests="3" time="5.304" timestamp="2020-09-17T10:14:31Z">
    <testcase classname="ds.dataFrameSubset_smk_setup" name="setup" time="5.30199999999991"/>
    <testcase classname="ds.dataFrameSubset_smk_setup" name="setup" time="0.00100000000020373"/>
    <testcase classname="ds.dataFrameSubset_smk_setup" name="setup" time="0.000999999999976353"/>
  </testsuite>
  <testsuite errors="0" failures="0" hostname="fv-az14" name="ds.dataFrameSubset::smk::create a subset dataframe" skipped="0" tests="23" time="5.168" timestamp="2020-09-17T10:14:36Z">
    <testcase classname="ds.dataFrameSubset_smk_create_a_subset_dataframe" name="dataFrameSubset_exists" time="2.98899999999981"/>
    <testcase classname="ds.dataFrameSubset_smk_create_a_subset_dataframe" name="dataFrameSubset_exists" time="0.00200000000018008"/>
    <testcase classname="ds.dataFrameSubset_smk_create_a_subset_dataframe" name="dataFrameSubset_exists" time="0.000999999999976353"/>
    <testcase classname="ds.dataFrameSubset_smk_create_a_subset_dataframe" name="dataFrameSubset_exists" time="0.00199999999995271"/>
    <testcase classname="ds.dataFrameSubset_smk_create_a_subset_dataframe" name="dataFrameSubset_exists" time="0.00199999999995271"/>
    <testcase classname="ds.dataFrameSubset_smk_create_a_subset_dataframe" name="dataFrameSubset_exists" time="0.00199999999995271"/>
    <testcase classname="ds.dataFrameSubset_smk_create_a_subset_dataframe" name="dataFrameSubset_exists" time="0.00200000000018008"/>
    <testcase classname="ds.dataFrameSubset_smk_create_a_subset_dataframe" name="dataFrameSubset_exists" time="0.000999999999976353"/>
    <testcase classname="ds.dataFrameSubset_smk_create_a_subset_dataframe" name="dataFrameSubset_exists" time="0.00199999999995271"/>
    <testcase classname="ds.dataFrameSubset_smk_create_a_subset_dataframe" name="dataFrameSubset_exists" time="0.000999999999976353"/>
    <testcase classname="ds.dataFrameSubset_smk_create_a_subset_dataframe" name="dataFrameSubset_exists" time="2.14400000000001"/>
    <testcase classname="ds.dataFrameSubset_smk_create_a_subset_dataframe" name="dataFrameSubset_exists" time="0.00199999999995271"/>
    <testcase classname="ds.dataFrameSubset_smk_create_a_subset_dataframe" name="dataFrameSubset_exists" time="0.000999999999976353"/>
    <testcase classname="ds.dataFrameSubset_smk_create_a_subset_dataframe" name="dataFrameSubset_exists" time="0.00200000000018008"/>
    <testcase classname="ds.dataFrameSubset_smk_create_a_subset_dataframe" name="dataFrameSubset_exists" time="0.000999999999976353"/>
    <testcase classname="ds.dataFrameSubset_smk_create_a_subset_dataframe" name="dataFrameSubset_exists" time="0.00199999999995271"/>
    <testcase classname="ds.dataFrameSubset_smk_create_a_subset_dataframe" name="dataFrameSubset_exists" time="0.000999999999976353"/>
    <testcase classname="ds.dataFrameSubset_smk_create_a_subset_dataframe" name="dataFrameSubset_exists" time="0.00199999999995271"/>
    <testcase classname="ds.dataFrameSubset_smk_create_a_subset_dataframe" name="dataFrameSubset_exists" time="0.000999999999976353"/>
    <testcase classname="ds.dataFrameSubset_smk_create_a_subset_dataframe" name="dataFrameSubset_exists" time="0.000999999999976353"/>
    <testcase classname="ds.dataFrameSubset_smk_create_a_subset_dataframe" name="dataFrameSubset_exists" time="0.00200000000018008"/>
    <testcase classname="ds.dataFrameSubset_smk_create_a_subset_dataframe" name="dataFrameSubset_exists" time="0.00299999999992906"/>
    <testcase classname="ds.dataFrameSubset_smk_create_a_subset_dataframe" name="dataFrameSubset_exists" time="0.00199999999995271"/>
  </testsuite>
  <testsuite errors="0" failures="0" hostname="fv-az14" name="ds.dataFrameSubset::smk::create a subset dataframe, based on scalar" skipped="0" tests="23" time="6.104" timestamp="2020-09-17T10:14:41Z">
    <testcase classname="ds.dataFrameSubset_smk_create_a_subset_dataframe_based_on_scalar" name="dataFrameSubset_exists_scalar" time="3.66200000000003"/>
    <testcase classname="ds.dataFrameSubset_smk_create_a_subset_dataframe_based_on_scalar" name="dataFrameSubset_exists_scalar" time="0.000999999999976353"/>
    <testcase classname="ds.dataFrameSubset_smk_create_a_subset_dataframe_based_on_scalar" name="dataFrameSubset_exists_scalar" time="0.000999999999976353"/>
    <testcase classname="ds.dataFrameSubset_smk_create_a_subset_dataframe_based_on_scalar" name="dataFrameSubset_exists_scalar" time="0.000999999999976353"/>
    <testcase classname="ds.dataFrameSubset_smk_create_a_subset_dataframe_based_on_scalar" name="dataFrameSubset_exists_scalar" time="0.00199999999995271"/>
    <testcase classname="ds.dataFrameSubset_smk_create_a_subset_dataframe_based_on_scalar" name="dataFrameSubset_exists_scalar" time="0.00100000000020373"/>
    <testcase classname="ds.dataFrameSubset_smk_create_a_subset_dataframe_based_on_scalar" name="dataFrameSubset_exists_scalar" time="0.00199999999995271"/>
    <testcase classname="ds.dataFrameSubset_smk_create_a_subset_dataframe_based_on_scalar" name="dataFrameSubset_exists_scalar" time="0.000999999999976353"/>
    <testcase classname="ds.dataFrameSubset_smk_create_a_subset_dataframe_based_on_scalar" name="dataFrameSubset_exists_scalar" time="0.00199999999995271"/>
    <testcase classname="ds.dataFrameSubset_smk_create_a_subset_dataframe_based_on_scalar" name="dataFrameSubset_exists_scalar" time="0.000999999999976353"/>
    <testcase classname="ds.dataFrameSubset_smk_create_a_subset_dataframe_based_on_scalar" name="dataFrameSubset_exists_scalar" time="2.41100000000006"/>
    <testcase classname="ds.dataFrameSubset_smk_create_a_subset_dataframe_based_on_scalar" name="dataFrameSubset_exists_scalar" time="0.000999999999976353"/>
    <testcase classname="ds.dataFrameSubset_smk_create_a_subset_dataframe_based_on_scalar" name="dataFrameSubset_exists_scalar" time="0.00199999999995271"/>
    <testcase classname="ds.dataFrameSubset_smk_create_a_subset_dataframe_based_on_scalar" name="dataFrameSubset_exists_scalar" time="0.00199999999995271"/>
    <testcase classname="ds.dataFrameSubset_smk_create_a_subset_dataframe_based_on_scalar" name="dataFrameSubset_exists_scalar" time="0.00100000000020373"/>
    <testcase classname="ds.dataFrameSubset_smk_create_a_subset_dataframe_based_on_scalar" name="dataFrameSubset_exists_scalar" time="0.00199999999995271"/>
    <testcase classname="ds.dataFrameSubset_smk_create_a_subset_dataframe_based_on_scalar" name="dataFrameSubset_exists_scalar" time="0.00199999999995271"/>
    <testcase classname="ds.dataFrameSubset_smk_create_a_subset_dataframe_based_on_scalar" name="dataFrameSubset_exists_scalar" time="0.000999999999976353"/>
    <testcase classname="ds.dataFrameSubset_smk_create_a_subset_dataframe_based_on_scalar" name="dataFrameSubset_exists_scalar" time="0.00199999999995271"/>
    <testcase classname="ds.dataFrameSubset_smk_create_a_subset_dataframe_based_on_scalar" name="dataFrameSubset_exists_scalar" time="0.000999999999976353"/>
    <testcase classname="ds.dataFrameSubset_smk_create_a_subset_dataframe_based_on_scalar" name="dataFrameSubset_exists_scalar" time="0.00200000000018008"/>
    <testcase classname="ds.dataFrameSubset_smk_create_a_subset_dataframe_based_on_scalar" name="dataFrameSubset_exists_scalar" time="0.000999999999976353"/>
    <testcase classname="ds.dataFrameSubset_smk_create_a_subset_dataframe_based_on_scalar" name="dataFrameSubset_exists_scalar" time="0.00199999999995271"/>
  </testsuite>
  <testsuite errors="0" failures="0" hostname="fv-az14" name="ds.dataFrameSubset::smk::shutdown" skipped="0" tests="3" time="0.275" timestamp="2020-09-17T10:14:47Z">
    <testcase classname="ds.dataFrameSubset_smk_shutdown" name="shutdown" time="0.271999999999935"/>
    <testcase classname="ds.dataFrameSubset_smk_shutdown" name="shutdown" time="0.00199999999995271"/>
    <testcase classname="ds.dataFrameSubset_smk_shutdown" name="shutdown" time="0.000999999999976353"/>
  </testsuite>
  <testsuite errors="0" failures="0" hostname="fv-az14" name="ds.dataFrameSubset::smk::down" skipped="0" tests="0" time="0" timestamp="2020-09-17T10:14:48Z"/>
  <testsuite errors="0" failures="0" hostname="fv-az14" name="ds.dim::smk::setup" skipped="0" tests="3" time="5.303" timestamp="2020-09-17T10:14:48Z">
    <testcase classname="ds.dim_smk_setup" name="setup" time="5.30100000000016"/>
    <testcase classname="ds.dim_smk_setup" name="setup" time="0.000999999999976353"/>
    <testcase classname="ds.dim_smk_setup" name="setup" time="0.000999999999976353"/>
  </testsuite>
  <testsuite errors="0" failures="0" hostname="fv-az14" name="ds.dim::smk" skipped="0" tests="13" time="0.296" timestamp="2020-09-17T10:14:52Z">
    <testcase classname="ds.dim_smk" name="simple_dim_both" time="0.278999999999996"/>
    <testcase classname="ds.dim_smk" name="simple_dim_both" time="0.000999999999976353"/>
    <testcase classname="ds.dim_smk" name="simple_dim_both" time="0.00199999999995271"/>
    <testcase classname="ds.dim_smk" name="simple_dim_both" time="0.00200000000018008"/>
    <testcase classname="ds.dim_smk" name="simple_dim_both" time="0.000999999999976353"/>
    <testcase classname="ds.dim_smk" name="simple_dim_both" time="0.000999999999976353"/>
    <testcase classname="ds.dim_smk" name="simple_dim_both" time="0.00199999999995271"/>
    <testcase classname="ds.dim_smk" name="simple_dim_both" time="0.000999999999976353"/>
    <testcase classname="ds.dim_smk" name="simple_dim_both" time="0.00199999999995271"/>
    <testcase classname="ds.dim_smk" name="simple_dim_both" time="0.000999999999976353"/>
    <testcase classname="ds.dim_smk" name="simple_dim_both" time="0.00200000000018008"/>
    <testcase classname="ds.dim_smk" name="simple_dim_both" time="0.000999999999976353"/>
    <testcase classname="ds.dim_smk" name="simple_dim_both" time="0.000999999999976353"/>
  </testsuite>
  <testsuite errors="0" failures="0" hostname="fv-az14" name="ds.dim::smk" skipped="0" tests="10" time="0.282" timestamp="2020-09-17T10:14:53Z">
    <testcase classname="ds.dim_smk" name="simple_dim_split" time="0.270999999999958"/>
    <testcase classname="ds.dim_smk" name="simple_dim_split" time="0.000999999999976353"/>
    <testcase classname="ds.dim_smk" name="simple_dim_split" time="0.000999999999976353"/>
    <testcase classname="ds.dim_smk" name="simple_dim_split" time="0.000999999999976353"/>
    <testcase classname="ds.dim_smk" name="simple_dim_split" time="0.000999999999976353"/>
    <testcase classname="ds.dim_smk" name="simple_dim_split" time="0.00200000000018008"/>
    <testcase classname="ds.dim_smk" name="simple_dim_split" time="0.000999999999976353"/>
    <testcase classname="ds.dim_smk" name="simple_dim_split" time="0.000999999999976353"/>
    <testcase classname="ds.dim_smk" name="simple_dim_split" time="0.000999999999976353"/>
    <testcase classname="ds.dim_smk" name="simple_dim_split" time="0.00199999999995271"/>
  </testsuite>
  <testsuite errors="0" failures="0" hostname="fv-az14" name="ds.dim::smk" skipped="0" tests="4" time="0.286" timestamp="2020-09-17T10:14:53Z">
    <testcase classname="ds.dim_smk" name="simple_dim_combine" time="0.280999999999949"/>
    <testcase classname="ds.dim_smk" name="simple_dim_combine" time="0.000999999999976353"/>
    <testcase classname="ds.dim_smk" name="simple_dim_combine" time="0.00200000000018008"/>
    <testcase classname="ds.dim_smk" name="simple_dim_combine" time="0.00199999999995271"/>
  </testsuite>
  <testsuite errors="0" failures="0" hostname="fv-az14" name="ds.dim::smk::shutdown" skipped="0" tests="3" time="0.298" timestamp="2020-09-17T10:14:53Z">
    <testcase classname="ds.dim_smk_shutdown" name="shutdown" time="0.296000000000049"/>
    <testcase classname="ds.dim_smk_shutdown" name="shutdown" time="0.000999999999976353"/>
    <testcase classname="ds.dim_smk_shutdown" name="shutdown" time="0.000999999999976353"/>
  </testsuite>
  <testsuite errors="0" failures="0" hostname="fv-az14" name="ds.dim::smk::done" skipped="0" tests="0" time="0" timestamp="2020-09-17T10:14:54Z"/>
  <testsuite errors="0" failures="0" hostname="fv-az14" name="ds.exists::smk::setup" skipped="0" tests="3" time="5.335" timestamp="2020-09-17T10:14:54Z">
    <testcase classname="ds.exists_smk_setup" name="setup" time="5.33199999999988"/>
    <testcase classname="ds.exists_smk_setup" name="setup" time="0.000999999999976353"/>
    <testcase classname="ds.exists_smk_setup" name="setup" time="0.00200000000018008"/>
  </testsuite>
  <testsuite errors="0" failures="0" hostname="fv-az14" name="ds.exists::smk" skipped="0" tests="7" time="0.281" timestamp="2020-09-17T10:14:59Z">
    <testcase classname="ds.exists_smk" name="simple_exists" time="0.273999999999887"/>
    <testcase classname="ds.exists_smk" name="simple_exists" time="0.000999999999976353"/>
    <testcase classname="ds.exists_smk" name="simple_exists" time="0.000999999999976353"/>
    <testcase classname="ds.exists_smk" name="simple_exists" time="0.00200000000018008"/>
    <testcase classname="ds.exists_smk" name="simple_exists" time="0.000999999999976353"/>
    <testcase classname="ds.exists_smk" name="simple_exists" time="0.000999999999976353"/>
    <testcase classname="ds.exists_smk" name="simple_exists" time="0.000999999999976353"/>
  </testsuite>
  <testsuite errors="0" failures="0" hostname="fv-az14" name="ds.exists::smk" skipped="0" tests="7" time="0.283" timestamp="2020-09-17T10:14:59Z">
    <testcase classname="ds.exists_smk" name="simple_exists_with_dollar" time="0.273999999999887"/>
    <testcase classname="ds.exists_smk" name="simple_exists_with_dollar" time="0.00200000000018008"/>
    <testcase classname="ds.exists_smk" name="simple_exists_with_dollar" time="0.00199999999995271"/>
    <testcase classname="ds.exists_smk" name="simple_exists_with_dollar" time="0.000999999999976353"/>
    <testcase classname="ds.exists_smk" name="simple_exists_with_dollar" time="0.000999999999976353"/>
    <testcase classname="ds.exists_smk" name="simple_exists_with_dollar" time="0.000999999999976353"/>
    <testcase classname="ds.exists_smk" name="simple_exists_with_dollar" time="0.00199999999995271"/>
  </testsuite>
  <testsuite errors="0" failures="0" hostname="fv-az14" name="ds.exists::smk" skipped="0" tests="7" time="0.816" timestamp="2020-09-17T10:14:59Z">
    <testcase classname="ds.exists_smk" name="simple_exists" time="0.807999999999993"/>
    <testcase classname="ds.exists_smk" name="simple_exists" time="0.000999999999976353"/>
    <testcase classname="ds.exists_smk" name="simple_exists" time="0.00200000000018008"/>
    <testcase classname="ds.exists_smk" name="simple_exists" time="0.000999999999976353"/>
    <testcase classname="ds.exists_smk" name="simple_exists" time="0.000999999999976353"/>
    <testcase classname="ds.exists_smk" name="simple_exists" time="0.000999999999976353"/>
    <testcase classname="ds.exists_smk" name="simple_exists" time="0.00199999999995271"/>
  </testsuite>
  <testsuite errors="0" failures="0" hostname="fv-az14" name="ds.exists::smk::shutdown" skipped="0" tests="3" time="0.272" timestamp="2020-09-17T10:15:00Z">
    <testcase classname="ds.exists_smk_shutdown" name="shutdown" time="0.269999999999982"/>
    <testcase classname="ds.exists_smk_shutdown" name="shutdown" time="0.000999999999976353"/>
    <testcase classname="ds.exists_smk_shutdown" name="shutdown" time="0.00100000000020373"/>
  </testsuite>
  <testsuite errors="0" failures="0" hostname="fv-az14" name="ds.exists::smk::done" skipped="0" tests="0" time="0" timestamp="2020-09-17T10:15:01Z"/>
  <testsuite errors="0" failures="0" hostname="fv-az14" name="ds.exp::smk::setup" skipped="0" tests="3" time="5.298" timestamp="2020-09-17T10:15:01Z">
    <testcase classname="ds.exp_smk_setup" name="setup" time="5.29599999999982"/>
    <testcase classname="ds.exp_smk_setup" name="setup" time="0.000999999999976353"/>
    <testcase classname="ds.exp_smk_setup" name="setup" time="0.000999999999976353"/>
  </testsuite>
  <testsuite errors="0" failures="0" hostname="fv-az14" name="ds.exp::smk" skipped="0" tests="30" time="5.506" timestamp="2020-09-17T10:15:06Z">
    <testcase classname="ds.exp_smk" name="simple_exp" time="1.50900000000001"/>
    <testcase classname="ds.exp_smk" name="simple_exp" time="0.266000000000076"/>
    <testcase classname="ds.exp_smk" name="simple_exp" time="0.00199999999995271"/>
    <testcase classname="ds.exp_smk" name="simple_exp" time="0.000999999999976353"/>
    <testcase classname="ds.exp_smk" name="simple_exp" time="0.00900000000001455"/>
    <testcase classname="ds.exp_smk" name="simple_exp" time="0.00200000000018008"/>
    <testcase classname="ds.exp_smk" name="simple_exp" time="0.000999999999976353"/>
    <testcase classname="ds.exp_smk" name="simple_exp" time="0.00199999999995271"/>
    <testcase classname="ds.exp_smk" name="simple_exp" time="0.532999999999902"/>
    <testcase classname="ds.exp_smk" name="simple_exp" time="0.00200000000018008"/>
    <testcase classname="ds.exp_smk" name="simple_exp" time="0.000999999999976353"/>
    <testcase classname="ds.exp_smk" name="simple_exp" time="0.000999999999976353"/>
    <testcase classname="ds.exp_smk" name="simple_exp" time="0.00199999999995271"/>
    <testcase classname="ds.exp_smk" name="simple_exp" time="0.000999999999976353"/>
    <testcase classname="ds.exp_smk" name="simple_exp" time="0.00199999999995271"/>
    <testcase classname="ds.exp_smk" name="simple_exp" time="2.3610000000001"/>
    <testcase classname="ds.exp_smk" name="simple_exp" time="0.265999999999849"/>
    <testcase classname="ds.exp_smk" name="simple_exp" time="0.000999999999976353"/>
    <testcase classname="ds.exp_smk" name="simple_exp" time="0.000999999999976353"/>
    <testcase classname="ds.exp_smk" name="simple_exp" time="0.00199999999995271"/>
    <testcase classname="ds.exp_smk" name="simple_exp" time="0.000999999999976353"/>
    <testcase classname="ds.exp_smk" name="simple_exp" time="0.000999999999976353"/>
    <testcase classname="ds.exp_smk" name="simple_exp" time="0.00199999999995271"/>
    <testcase classname="ds.exp_smk" name="simple_exp" time="0.52800000000002"/>
    <testcase classname="ds.exp_smk" name="simple_exp" time="0.00200000000018008"/>
    <testcase classname="ds.exp_smk" name="simple_exp" time="0.000999999999976353"/>
    <testcase classname="ds.exp_smk" name="simple_exp" time="0.00199999999995271"/>
    <testcase classname="ds.exp_smk" name="simple_exp" time="0.000999999999976353"/>
    <testcase classname="ds.exp_smk" name="simple_exp" time="0.00199999999995271"/>
    <testcase classname="ds.exp_smk" name="simple_exp" time="0.000999999999976353"/>
  </testsuite>
  <testsuite errors="0" failures="0" hostname="fv-az14" name="ds.exp::smk::shutdown" skipped="0" tests="3" time="0.278" timestamp="2020-09-17T10:15:11Z">
    <testcase classname="ds.exp_smk_shutdown" name="shutdown" time="0.276000000000067"/>
    <testcase classname="ds.exp_smk_shutdown" name="shutdown" time="0.000999999999976353"/>
    <testcase classname="ds.exp_smk_shutdown" name="shutdown" time="0.000999999999976353"/>
  </testsuite>
  <testsuite errors="0" failures="0" hostname="fv-az14" name="ds.exp::smk::done" skipped="0" tests="0" time="0" timestamp="2020-09-17T10:15:12Z"/>
  <testsuite errors="0" failures="0" hostname="fv-az14" name="ds.getWGSR::smk::setup" skipped="0" tests="3" time="5.244" timestamp="2020-09-17T10:15:12Z">
    <testcase classname="ds.getWGSR_smk_setup" name="setup" time="5.24099999999999"/>
    <testcase classname="ds.getWGSR_smk_setup" name="setup" time="0.00199999999995271"/>
    <testcase classname="ds.getWGSR_smk_setup" name="setup" time="0.00100000000020373"/>
  </testsuite>
  <testsuite errors="0" failures="0" hostname="fv-az14" name="ds.getWGSR::smk" skipped="0" tests="21" time="4.83" timestamp="2020-09-17T10:15:17Z">
    <testcase classname="ds.getWGSR_smk" name="simple_getWGSR" time="4.00899999999979"/>
    <testcase classname="ds.getWGSR_smk" name="simple_getWGSR" time="0.00100000000020373"/>
    <testcase classname="ds.getWGSR_smk" name="simple_getWGSR" time="0.00199999999995271"/>
    <testcase classname="ds.getWGSR_smk" name="simple_getWGSR" time="0.000999999999976353"/>
    <testcase classname="ds.getWGSR_smk" name="simple_getWGSR" time="0.000999999999976353"/>
    <testcase classname="ds.getWGSR_smk" name="simple_getWGSR" time="0.52800000000002"/>
    <testcase classname="ds.getWGSR_smk" name="simple_getWGSR" time="0.000999999999976353"/>
    <testcase classname="ds.getWGSR_smk" name="simple_getWGSR" time="0.000999999999976353"/>
    <testcase classname="ds.getWGSR_smk" name="simple_getWGSR" time="0.00199999999995271"/>
    <testcase classname="ds.getWGSR_smk" name="simple_getWGSR" time="0.000999999999976353"/>
    <testcase classname="ds.getWGSR_smk" name="simple_getWGSR" time="0.00100000000020373"/>
    <testcase classname="ds.getWGSR_smk" name="simple_getWGSR" time="0.00199999999995271"/>
    <testcase classname="ds.getWGSR_smk" name="simple_getWGSR" time="0.268000000000029"/>
    <testcase classname="ds.getWGSR_smk" name="simple_getWGSR" time="0.000999999999976353"/>
    <testcase classname="ds.getWGSR_smk" name="simple_getWGSR" time="0.00199999999995271"/>
    <testcase classname="ds.getWGSR_smk" name="simple_getWGSR" time="0.00199999999995271"/>
    <testcase classname="ds.getWGSR_smk" name="simple_getWGSR" time="0.000999999999976353"/>
    <testcase classname="ds.getWGSR_smk" name="simple_getWGSR" time="0.00199999999995271"/>
    <testcase classname="ds.getWGSR_smk" name="simple_getWGSR" time="0.00100000000020373"/>
    <testcase classname="ds.getWGSR_smk" name="simple_getWGSR" time="0.000999999999976353"/>
    <testcase classname="ds.getWGSR_smk" name="simple_getWGSR" time="0.00199999999995271"/>
  </testsuite>
  <testsuite errors="0" failures="0" hostname="fv-az14" name="ds.getWGSR::smk::shutdown" skipped="0" tests="3" time="0.275" timestamp="2020-09-17T10:15:22Z">
    <testcase classname="ds.getWGSR_smk_shutdown" name="shutdown" time="0.272999999999911"/>
    <testcase classname="ds.getWGSR_smk_shutdown" name="shutdown" time="0.000999999999976353"/>
    <testcase classname="ds.getWGSR_smk_shutdown" name="shutdown" time="0.000999999999976353"/>
  </testsuite>
  <testsuite errors="0" failures="0" hostname="fv-az14" name="ds.getWGSR::smk::done" skipped="0" tests="0" time="0" timestamp="2020-09-17T10:15:23Z"/>
  <testsuite errors="0" failures="0" hostname="fv-az14" name="ds.glm::smk::binomial::setup" skipped="0" tests="3" time="5.333" timestamp="2020-09-17T10:15:23Z">
    <testcase classname="ds.glm_smk_binomial_setup" name="setup" time="5.33100000000013"/>
    <testcase classname="ds.glm_smk_binomial_setup" name="setup" time="0.000999999999976353"/>
    <testcase classname="ds.glm_smk_binomial_setup" name="setup" time="0.000999999999976353"/>
  </testsuite>
  <testsuite errors="0" failures="0" hostname="fv-az14" name="ds.glm::smk::binomial" skipped="0" tests="20" time="3.067" timestamp="2020-09-17T10:15:27Z">
    <testcase classname="ds.glm_smk_binomial" name="glm_binomial" time="3.04099999999994"/>
    <testcase classname="ds.glm_smk_binomial" name="glm_binomial" time="0.00200000000018008"/>
    <testcase classname="ds.glm_smk_binomial" name="glm_binomial" time="0.000999999999976353"/>
    <testcase classname="ds.glm_smk_binomial" name="glm_binomial" time="0.000999999999976353"/>
    <testcase classname="ds.glm_smk_binomial" name="glm_binomial" time="0.000999999999976353"/>
    <testcase classname="ds.glm_smk_binomial" name="glm_binomial" time="0.00199999999995271"/>
    <testcase classname="ds.glm_smk_binomial" name="glm_binomial" time="0.000999999999976353"/>
    <testcase classname="ds.glm_smk_binomial" name="glm_binomial" time="0.000999999999976353"/>
    <testcase classname="ds.glm_smk_binomial" name="glm_binomial" time="0.00199999999995271"/>
    <testcase classname="ds.glm_smk_binomial" name="glm_binomial" time="0.00100000000020373"/>
    <testcase classname="ds.glm_smk_binomial" name="glm_binomial" time="0.000999999999976353"/>
    <testcase classname="ds.glm_smk_binomial" name="glm_binomial" time="0.00199999999995271"/>
    <testcase classname="ds.glm_smk_binomial" name="glm_binomial" time="0.00199999999995271"/>
    <testcase classname="ds.glm_smk_binomial" name="glm_binomial" time="0.000999999999976353"/>
    <testcase classname="ds.glm_smk_binomial" name="glm_binomial" time="0.000999999999976353"/>
    <testcase classname="ds.glm_smk_binomial" name="glm_binomial" time="0.00200000000018008"/>
    <testcase classname="ds.glm_smk_binomial" name="glm_binomial" time="0.000999999999976353"/>
    <testcase classname="ds.glm_smk_binomial" name="glm_binomial" time="0.000999999999976353"/>
    <testcase classname="ds.glm_smk_binomial" name="glm_binomial" time="0.00199999999995271"/>
    <testcase classname="ds.glm_smk_binomial" name="glm_binomial" time="0.000999999999976353"/>
  </testsuite>
  <testsuite errors="0" failures="0" hostname="fv-az14" name="ds.glm::smk::binomial, with check" skipped="0" tests="21" time="8.931" timestamp="2020-09-17T10:15:30Z">
    <testcase classname="ds.glm_smk_binomial_with_check" name="glm_binomial_with_check" time="8.90000000000009"/>
    <testcase classname="ds.glm_smk_binomial_with_check" name="glm_binomial_with_check" time="0.000999999999976353"/>
    <testcase classname="ds.glm_smk_binomial_with_check" name="glm_binomial_with_check" time="0.000999999999976353"/>
    <testcase classname="ds.glm_smk_binomial_with_check" name="glm_binomial_with_check" time="0.00199999999995271"/>
    <testcase classname="ds.glm_smk_binomial_with_check" name="glm_binomial_with_check" time="0.000999999999976353"/>
    <testcase classname="ds.glm_smk_binomial_with_check" name="glm_binomial_with_check" time="0.000999999999976353"/>
    <testcase classname="ds.glm_smk_binomial_with_check" name="glm_binomial_with_check" time="0.00200000000018008"/>
    <testcase classname="ds.glm_smk_binomial_with_check" name="glm_binomial_with_check" time="0.000999999999976353"/>
    <testcase classname="ds.glm_smk_binomial_with_check" name="glm_binomial_with_check" time="0.00299999999992906"/>
    <testcase classname="ds.glm_smk_binomial_with_check" name="glm_binomial_with_check" time="0.00299999999992906"/>
    <testcase classname="ds.glm_smk_binomial_with_check" name="glm_binomial_with_check" time="0.000999999999976353"/>
    <testcase classname="ds.glm_smk_binomial_with_check" name="glm_binomial_with_check" time="0.00200000000018008"/>
    <testcase classname="ds.glm_smk_binomial_with_check" name="glm_binomial_with_check" time="0.000999999999976353"/>
    <testcase classname="ds.glm_smk_binomial_with_check" name="glm_binomial_with_check" time="0.000999999999976353"/>
    <testcase classname="ds.glm_smk_binomial_with_check" name="glm_binomial_with_check" time="0.00199999999995271"/>
    <testcase classname="ds.glm_smk_binomial_with_check" name="glm_binomial_with_check" time="0.000999999999976353"/>
    <testcase classname="ds.glm_smk_binomial_with_check" name="glm_binomial_with_check" time="0.00199999999995271"/>
    <testcase classname="ds.glm_smk_binomial_with_check" name="glm_binomial_with_check" time="0.000999999999976353"/>
    <testcase classname="ds.glm_smk_binomial_with_check" name="glm_binomial_with_check" time="0.00200000000018008"/>
    <testcase classname="ds.glm_smk_binomial_with_check" name="glm_binomial_with_check" time="0.000999999999976353"/>
    <testcase classname="ds.glm_smk_binomial_with_check" name="glm_binomial_with_check" time="0.00199999999995271"/>
  </testsuite>
  <testsuite errors="0" failures="0" hostname="fv-az14" name="ds.glm::smk::binomial::shutdown" skipped="0" tests="3" time="0.279" timestamp="2020-09-17T10:15:39Z">
    <testcase classname="ds.glm_smk_binomial_shutdown" name="shutdown" time="0.276000000000067"/>
    <testcase classname="ds.glm_smk_binomial_shutdown" name="shutdown" time="0.00199999999995271"/>
    <testcase classname="ds.glm_smk_binomial_shutdown" name="shutdown" time="0.000999999999976353"/>
  </testsuite>
  <testsuite errors="0" failures="0" hostname="fv-az14" name="ds.glm::smk::binomial::done" skipped="0" tests="0" time="0" timestamp="2020-09-17T10:15:40Z"/>
  <testsuite errors="0" failures="0" hostname="fv-az14" name="ds.glmerSLMA::smk::setup - phase 1" skipped="0" tests="3" time="5.338" timestamp="2020-09-17T10:15:40Z">
    <testcase classname="ds.glmerSLMA_smk_setup_phase_1" name="setup" time="5.33500000000004"/>
    <testcase classname="ds.glmerSLMA_smk_setup_phase_1" name="setup" time="0.00199999999995271"/>
    <testcase classname="ds.glmerSLMA_smk_setup_phase_1" name="setup" time="0.000999999999976353"/>
  </testsuite>
  <testsuite errors="0" failures="0" hostname="fv-az14" name="ds.glmerSLMA::smk::phase 1" skipped="0" tests="14" time="19.197" timestamp="2020-09-17T10:15:45Z">
    <testcase classname="ds.glmerSLMA_smk_phase_1" name="simple_glmerSLMA_tesing_mis_use_of_arguments" time="3.00999999999999"/>
    <testcase classname="ds.glmerSLMA_smk_phase_1" name="simple_glmerSLMA_tesing_mis_use_of_arguments" time="0.740000000000009"/>
    <testcase classname="ds.glmerSLMA_smk_phase_1" name="simple_glmerSLMA_tesing_mis_use_of_arguments" time="0.000999999999976353"/>
    <testcase classname="ds.glmerSLMA_smk_phase_1" name="simple_glmerSLMA_tesing_mis_use_of_arguments" time="0.00199999999995271"/>
    <testcase classname="ds.glmerSLMA_smk_phase_1" name="simple_glmerSLMA_tesing_mis_use_of_arguments" time="0.00100000000020373"/>
    <testcase classname="ds.glmerSLMA_smk_phase_1" name="simple_glmerSLMA_tesing_mis_use_of_arguments" time="0.00899999999978718"/>
    <testcase classname="ds.glmerSLMA_smk_phase_1" name="simple_glmerSLMA_tesing_mis_use_of_arguments" time="1.95800000000008"/>
    <testcase classname="ds.glmerSLMA_smk_phase_1" name="test_offsets_and_weights" time="6.69100000000003"/>
    <testcase classname="ds.glmerSLMA_smk_phase_1" name="test_offsets_and_weights" time="1.0150000000001"/>
    <testcase classname="ds.glmerSLMA_smk_phase_1" name="test_offsets_and_weights" time="1.00199999999995"/>
    <testcase classname="ds.glmerSLMA_smk_phase_1" name="test_offsets_and_weights" time="1.04899999999998"/>
    <testcase classname="ds.glmerSLMA_smk_phase_1" name="alternative_formulae_for_nested_groups" time="1.31899999999996"/>
    <testcase classname="ds.glmerSLMA_smk_phase_1" name="alternative_formulae_for_nested_groups" time="1.29600000000005"/>
    <testcase classname="ds.glmerSLMA_smk_phase_1" name="simple_glmerSLMA" time="1.10400000000004"/>
  </testsuite>
  <testsuite errors="0" failures="0" hostname="fv-az14" name="ds.glmerSLMA::smk::shutdown - phase 1" skipped="0" tests="3" time="0.279" timestamp="2020-09-17T10:16:04Z">
    <testcase classname="ds.glmerSLMA_smk_shutdown_phase_1" name="setup" time="0.276999999999816"/>
    <testcase classname="ds.glmerSLMA_smk_shutdown_phase_1" name="setup" time="0.00100000000020373"/>
    <testcase classname="ds.glmerSLMA_smk_shutdown_phase_1" name="setup" time="0.000999999999976353"/>
  </testsuite>
  <testsuite errors="0" failures="0" hostname="fv-az14" name="ds.glmerSLMA::smk::setup - phase 2" skipped="0" tests="3" time="5.541" timestamp="2020-09-17T10:16:05Z">
    <testcase classname="ds.glmerSLMA_smk_setup_phase_2" name="setup" time="5.53800000000001"/>
    <testcase classname="ds.glmerSLMA_smk_setup_phase_2" name="setup" time="0.000999999999976353"/>
    <testcase classname="ds.glmerSLMA_smk_setup_phase_2" name="setup" time="0.00199999999995271"/>
  </testsuite>
  <testsuite errors="0" failures="0" hostname="fv-az14" name="ds.glmerSLMA::smk::test - phase 2" skipped="1" tests="1" time="0.008" timestamp="2020-09-17T10:16:10Z">
    <testcase classname="ds.glmerSLMA_smk_test_phase_2" name="check_slope_formulae" time="0.0080000000000382">
      <skipped/>
    </testcase>
  </testsuite>
  <testsuite errors="0" failures="0" hostname="fv-az14" name="ds.glmerSLMA::smk::shutdown - phase 2" skipped="0" tests="3" time="0.288" timestamp="2020-09-17T10:16:10Z">
    <testcase classname="ds.glmerSLMA_smk_shutdown_phase_2" name="setup" time="0.284999999999854"/>
    <testcase classname="ds.glmerSLMA_smk_shutdown_phase_2" name="setup" time="0.00100000000020373"/>
    <testcase classname="ds.glmerSLMA_smk_shutdown_phase_2" name="setup" time="0.00199999999995271"/>
  </testsuite>
  <testsuite errors="0" failures="0" hostname="fv-az14" name="ds.glmerSLMA::smk::done" skipped="0" tests="0" time="0" timestamp="2020-09-17T10:16:11Z"/>
  <testsuite errors="0" failures="0" hostname="fv-az14" name="ds.glm::smk::gaussian::setup" skipped="0" tests="3" time="5.321" timestamp="2020-09-17T10:16:11Z">
    <testcase classname="ds.glm_smk_gaussian_setup" name="setup" time="5.31899999999996"/>
    <testcase classname="ds.glm_smk_gaussian_setup" name="setup" time="0.000999999999976353"/>
    <testcase classname="ds.glm_smk_gaussian_setup" name="setup" time="0.000999999999976353"/>
  </testsuite>
  <testsuite errors="0" failures="0" hostname="fv-az14" name="ds.glm::smk::gaussian" skipped="0" tests="20" time="1.197" timestamp="2020-09-17T10:16:16Z">
    <testcase classname="ds.glm_smk_gaussian" name="glm_gaussian" time="1.1690000000001"/>
    <testcase classname="ds.glm_smk_gaussian" name="glm_gaussian" time="0.00199999999995271"/>
    <testcase classname="ds.glm_smk_gaussian" name="glm_gaussian" time="0.000999999999976353"/>
    <testcase classname="ds.glm_smk_gaussian" name="glm_gaussian" time="0.000999999999976353"/>
    <testcase classname="ds.glm_smk_gaussian" name="glm_gaussian" time="0.00199999999995271"/>
    <testcase classname="ds.glm_smk_gaussian" name="glm_gaussian" time="0.000999999999976353"/>
    <testcase classname="ds.glm_smk_gaussian" name="glm_gaussian" time="0.00100000000020373"/>
    <testcase classname="ds.glm_smk_gaussian" name="glm_gaussian" time="0.00199999999995271"/>
    <testcase classname="ds.glm_smk_gaussian" name="glm_gaussian" time="0.000999999999976353"/>
    <testcase classname="ds.glm_smk_gaussian" name="glm_gaussian" time="0.000999999999976353"/>
    <testcase classname="ds.glm_smk_gaussian" name="glm_gaussian" time="0.00199999999995271"/>
    <testcase classname="ds.glm_smk_gaussian" name="glm_gaussian" time="0.000999999999976353"/>
    <testcase classname="ds.glm_smk_gaussian" name="glm_gaussian" time="0.00200000000018008"/>
    <testcase classname="ds.glm_smk_gaussian" name="glm_gaussian" time="0.00199999999995271"/>
    <testcase classname="ds.glm_smk_gaussian" name="glm_gaussian" time="0.000999999999976353"/>
    <testcase classname="ds.glm_smk_gaussian" name="glm_gaussian" time="0.00199999999995271"/>
    <testcase classname="ds.glm_smk_gaussian" name="glm_gaussian" time="0.000999999999976353"/>
    <testcase classname="ds.glm_smk_gaussian" name="glm_gaussian" time="0.00199999999995271"/>
    <testcase classname="ds.glm_smk_gaussian" name="glm_gaussian" time="0.00200000000018008"/>
    <testcase classname="ds.glm_smk_gaussian" name="glm_gaussian" time="0.000999999999976353"/>
  </testsuite>
  <testsuite errors="0" failures="0" hostname="fv-az14" name="ds.glm::smk::gaussian, with check" skipped="0" tests="21" time="4.353" timestamp="2020-09-17T10:16:17Z">
    <testcase classname="ds.glm_smk_gaussian_with_check" name="glm_gaussian_with_check" time="4.32399999999984"/>
    <testcase classname="ds.glm_smk_gaussian_with_check" name="glm_gaussian_with_check" time="0.00200000000018008"/>
    <testcase classname="ds.glm_smk_gaussian_with_check" name="glm_gaussian_with_check" time="0.000999999999976353"/>
    <testcase classname="ds.glm_smk_gaussian_with_check" name="glm_gaussian_with_check" time="0.000999999999976353"/>
    <testcase classname="ds.glm_smk_gaussian_with_check" name="glm_gaussian_with_check" time="0.000999999999976353"/>
    <testcase classname="ds.glm_smk_gaussian_with_check" name="glm_gaussian_with_check" time="0.00199999999995271"/>
    <testcase classname="ds.glm_smk_gaussian_with_check" name="glm_gaussian_with_check" time="0.000999999999976353"/>
    <testcase classname="ds.glm_smk_gaussian_with_check" name="glm_gaussian_with_check" time="0.00200000000018008"/>
    <testcase classname="ds.glm_smk_gaussian_with_check" name="glm_gaussian_with_check" time="0.000999999999976353"/>
    <testcase classname="ds.glm_smk_gaussian_with_check" name="glm_gaussian_with_check" time="0.000999999999976353"/>
    <testcase classname="ds.glm_smk_gaussian_with_check" name="glm_gaussian_with_check" time="0.00199999999995271"/>
    <testcase classname="ds.glm_smk_gaussian_with_check" name="glm_gaussian_with_check" time="0.000999999999976353"/>
    <testcase classname="ds.glm_smk_gaussian_with_check" name="glm_gaussian_with_check" time="0.00199999999995271"/>
    <testcase classname="ds.glm_smk_gaussian_with_check" name="glm_gaussian_with_check" time="0.00199999999995271"/>
    <testcase classname="ds.glm_smk_gaussian_with_check" name="glm_gaussian_with_check" time="0.00100000000020373"/>
    <testcase classname="ds.glm_smk_gaussian_with_check" name="glm_gaussian_with_check" time="0.000999999999976353"/>
    <testcase classname="ds.glm_smk_gaussian_with_check" name="glm_gaussian_with_check" time="0.00199999999995271"/>
    <testcase classname="ds.glm_smk_gaussian_with_check" name="glm_gaussian_with_check" time="0.000999999999976353"/>
    <testcase classname="ds.glm_smk_gaussian_with_check" name="glm_gaussian_with_check" time="0.00199999999995271"/>
    <testcase classname="ds.glm_smk_gaussian_with_check" name="glm_gaussian_with_check" time="0.000999999999976353"/>
    <testcase classname="ds.glm_smk_gaussian_with_check" name="glm_gaussian_with_check" time="0.00199999999995271"/>
  </testsuite>
  <testsuite errors="0" failures="0" hostname="fv-az14" name="ds.glm::smk::gaussian::shutdown" skipped="0" tests="3" time="0.283" timestamp="2020-09-17T10:16:21Z">
    <testcase classname="ds.glm_smk_gaussian_shutdown" name="shutdown" time="0.281000000000176"/>
    <testcase classname="ds.glm_smk_gaussian_shutdown" name="shutdown" time="0.000999999999976353"/>
    <testcase classname="ds.glm_smk_gaussian_shutdown" name="shutdown" time="0.000999999999976353"/>
  </testsuite>
  <testsuite errors="0" failures="0" hostname="fv-az14" name="ds.glm::smk::gaussian::done" skipped="0" tests="0" time="0" timestamp="2020-09-17T10:16:22Z"/>
  <testsuite errors="0" failures="0" hostname="fv-az14" name="ds.glm::smk::poisson::setup" skipped="0" tests="3" time="5.354" timestamp="2020-09-17T10:16:22Z">
    <testcase classname="ds.glm_smk_poisson_setup" name="setup" time="5.35200000000009"/>
    <testcase classname="ds.glm_smk_poisson_setup" name="setup" time="0.000999999999976353"/>
    <testcase classname="ds.glm_smk_poisson_setup" name="setup" time="0.000999999999976353"/>
  </testsuite>
  <testsuite errors="0" failures="0" hostname="fv-az14" name="ds.glm::smk::poisson" skipped="0" tests="20" time="2.411" timestamp="2020-09-17T10:16:27Z">
    <testcase classname="ds.glm_smk_poisson" name="glm_gaussian" time="2.38499999999999"/>
    <testcase classname="ds.glm_smk_poisson" name="glm_gaussian" time="0.00199999999995271"/>
    <testcase classname="ds.glm_smk_poisson" name="glm_gaussian" time="0.000999999999976353"/>
    <testcase classname="ds.glm_smk_poisson" name="glm_gaussian" time="0.000999999999976353"/>
    <testcase classname="ds.glm_smk_poisson" name="glm_gaussian" time="0.000999999999976353"/>
    <testcase classname="ds.glm_smk_poisson" name="glm_gaussian" time="0.00199999999995271"/>
    <testcase classname="ds.glm_smk_poisson" name="glm_gaussian" time="0.00100000000020373"/>
    <testcase classname="ds.glm_smk_poisson" name="glm_gaussian" time="0.000999999999976353"/>
    <testcase classname="ds.glm_smk_poisson" name="glm_gaussian" time="0.000999999999976353"/>
    <testcase classname="ds.glm_smk_poisson" name="glm_gaussian" time="0.00199999999995271"/>
    <testcase classname="ds.glm_smk_poisson" name="glm_gaussian" time="0.000999999999976353"/>
    <testcase classname="ds.glm_smk_poisson" name="glm_gaussian" time="0.00199999999995271"/>
    <testcase classname="ds.glm_smk_poisson" name="glm_gaussian" time="0.000999999999976353"/>
    <testcase classname="ds.glm_smk_poisson" name="glm_gaussian" time="0.00100000000020373"/>
    <testcase classname="ds.glm_smk_poisson" name="glm_gaussian" time="0.00199999999995271"/>
    <testcase classname="ds.glm_smk_poisson" name="glm_gaussian" time="0.000999999999976353"/>
    <testcase classname="ds.glm_smk_poisson" name="glm_gaussian" time="0.000999999999976353"/>
    <testcase classname="ds.glm_smk_poisson" name="glm_gaussian" time="0.00199999999995271"/>
    <testcase classname="ds.glm_smk_poisson" name="glm_gaussian" time="0.000999999999976353"/>
    <testcase classname="ds.glm_smk_poisson" name="glm_gaussian" time="0.00199999999995271"/>
  </testsuite>
  <testsuite errors="0" failures="0" hostname="fv-az14" name="ds.glm::smk::poisson, with check" skipped="0" tests="21" time="6.695" timestamp="2020-09-17T10:16:29Z">
    <testcase classname="ds.glm_smk_poisson_with_check" name="glm_gaussian_which_check" time="6.66700000000014"/>
    <testcase classname="ds.glm_smk_poisson_with_check" name="glm_gaussian_which_check" time="0.00199999999995271"/>
    <testcase classname="ds.glm_smk_poisson_with_check" name="glm_gaussian_which_check" time="0.000999999999976353"/>
    <testcase classname="ds.glm_smk_poisson_with_check" name="glm_gaussian_which_check" time="0.000999999999976353"/>
    <testcase classname="ds.glm_smk_poisson_with_check" name="glm_gaussian_which_check" time="0.00199999999995271"/>
    <testcase classname="ds.glm_smk_poisson_with_check" name="glm_gaussian_which_check" time="0.00100000000020373"/>
    <testcase classname="ds.glm_smk_poisson_with_check" name="glm_gaussian_which_check" time="0.000999999999976353"/>
    <testcase classname="ds.glm_smk_poisson_with_check" name="glm_gaussian_which_check" time="0.00199999999995271"/>
    <testcase classname="ds.glm_smk_poisson_with_check" name="glm_gaussian_which_check" time="0.000999999999976353"/>
    <testcase classname="ds.glm_smk_poisson_with_check" name="glm_gaussian_which_check" time="0.000999999999976353"/>
    <testcase classname="ds.glm_smk_poisson_with_check" name="glm_gaussian_which_check" time="0.000999999999976353"/>
    <testcase classname="ds.glm_smk_poisson_with_check" name="glm_gaussian_which_check" time="0.00199999999995271"/>
    <testcase classname="ds.glm_smk_poisson_with_check" name="glm_gaussian_which_check" time="0.00100000000020373"/>
    <testcase classname="ds.glm_smk_poisson_with_check" name="glm_gaussian_which_check" time="0.000999999999976353"/>
    <testcase classname="ds.glm_smk_poisson_with_check" name="glm_gaussian_which_check" time="0.00199999999995271"/>
    <testcase classname="ds.glm_smk_poisson_with_check" name="glm_gaussian_which_check" time="0.000999999999976353"/>
    <testcase classname="ds.glm_smk_poisson_with_check" name="glm_gaussian_which_check" time="0.000999999999976353"/>
    <testcase classname="ds.glm_smk_poisson_with_check" name="glm_gaussian_which_check" time="0.00199999999995271"/>
    <testcase classname="ds.glm_smk_poisson_with_check" name="glm_gaussian_which_check" time="0.00199999999995271"/>
    <testcase classname="ds.glm_smk_poisson_with_check" name="glm_gaussian_which_check" time="0.00100000000020373"/>
    <testcase classname="ds.glm_smk_poisson_with_check" name="glm_gaussian_which_check" time="0.00199999999995271"/>
  </testsuite>
  <testsuite errors="0" failures="0" hostname="fv-az14" name="ds.glm::smk::poisson::shutdown" skipped="0" tests="3" time="0.279" timestamp="2020-09-17T10:16:36Z">
    <testcase classname="ds.glm_smk_poisson_shutdown" name="shutdown" time="0.277000000000044"/>
    <testcase classname="ds.glm_smk_poisson_shutdown" name="shutdown" time="0.000999999999976353"/>
    <testcase classname="ds.glm_smk_poisson_shutdown" name="shutdown" time="0.000999999999976353"/>
  </testsuite>
  <testsuite errors="0" failures="0" hostname="fv-az14" name="ds.glm::smk::poisson::done" skipped="0" tests="0" time="0" timestamp="2020-09-17T10:16:37Z"/>
  <testsuite errors="0" failures="0" hostname="fv-az14" name="ds.glmSLMA::smk::setup" skipped="0" tests="3" time="5.488" timestamp="2020-09-17T10:16:37Z">
    <testcase classname="ds.glmSLMA_smk_setup" name="setup" time="5.4849999999999"/>
    <testcase classname="ds.glmSLMA_smk_setup" name="setup" time="0.00199999999995271"/>
    <testcase classname="ds.glmSLMA_smk_setup" name="setup" time="0.00100000000020373"/>
  </testsuite>
  <testsuite errors="0" failures="0" hostname="fv-az14" name="ds.glmSLMA::smk::gaussian" skipped="0" tests="47" time="1.93" timestamp="2020-09-17T10:16:42Z">
    <testcase classname="ds.glmSLMA_smk_gaussian" name="simple_glmSLMA_gaussian" time="1.85699999999997"/>
    <testcase classname="ds.glmSLMA_smk_gaussian" name="simple_glmSLMA_gaussian" time="0.00199999999995271"/>
    <testcase classname="ds.glmSLMA_smk_gaussian" name="simple_glmSLMA_gaussian" time="0.000999999999976353"/>
    <testcase classname="ds.glmSLMA_smk_gaussian" name="simple_glmSLMA_gaussian" time="0.000999999999976353"/>
    <testcase classname="ds.glmSLMA_smk_gaussian" name="simple_glmSLMA_gaussian" time="0.000999999999976353"/>
    <testcase classname="ds.glmSLMA_smk_gaussian" name="simple_glmSLMA_gaussian" time="0.000999999999976353"/>
    <testcase classname="ds.glmSLMA_smk_gaussian" name="simple_glmSLMA_gaussian" time="0.000999999999976353"/>
    <testcase classname="ds.glmSLMA_smk_gaussian" name="simple_glmSLMA_gaussian" time="0.00200000000018008"/>
    <testcase classname="ds.glmSLMA_smk_gaussian" name="simple_glmSLMA_gaussian" time="0.000999999999976353"/>
    <testcase classname="ds.glmSLMA_smk_gaussian" name="simple_glmSLMA_gaussian" time="0.000999999999976353"/>
    <testcase classname="ds.glmSLMA_smk_gaussian" name="simple_glmSLMA_gaussian" time="0.000999999999976353"/>
    <testcase classname="ds.glmSLMA_smk_gaussian" name="simple_glmSLMA_gaussian" time="0.00199999999995271"/>
    <testcase classname="ds.glmSLMA_smk_gaussian" name="simple_glmSLMA_gaussian" time="0.000999999999976353"/>
    <testcase classname="ds.glmSLMA_smk_gaussian" name="simple_glmSLMA_gaussian" time="0.000999999999976353"/>
    <testcase classname="ds.glmSLMA_smk_gaussian" name="simple_glmSLMA_gaussian" time="0.00200000000018008"/>
    <testcase classname="ds.glmSLMA_smk_gaussian" name="simple_glmSLMA_gaussian" time="0.000999999999976353"/>
    <testcase classname="ds.glmSLMA_smk_gaussian" name="simple_glmSLMA_gaussian" time="0.000999999999976353"/>
    <testcase classname="ds.glmSLMA_smk_gaussian" name="simple_glmSLMA_gaussian" time="0.00199999999995271"/>
    <testcase classname="ds.glmSLMA_smk_gaussian" name="simple_glmSLMA_gaussian" time="0.000999999999976353"/>
    <testcase classname="ds.glmSLMA_smk_gaussian" name="simple_glmSLMA_gaussian" time="0.00199999999995271"/>
    <testcase classname="ds.glmSLMA_smk_gaussian" name="simple_glmSLMA_gaussian" time="0.000999999999976353"/>
    <testcase classname="ds.glmSLMA_smk_gaussian" name="simple_glmSLMA_gaussian" time="0.00200000000018008"/>
    <testcase classname="ds.glmSLMA_smk_gaussian" name="simple_glmSLMA_gaussian" time="0.000999999999976353"/>
    <testcase classname="ds.glmSLMA_smk_gaussian" name="simple_glmSLMA_gaussian" time="0.000999999999976353"/>
    <testcase classname="ds.glmSLMA_smk_gaussian" name="simple_glmSLMA_gaussian" time="0.00199999999995271"/>
    <testcase classname="ds.glmSLMA_smk_gaussian" name="simple_glmSLMA_gaussian" time="0.00199999999995271"/>
    <testcase classname="ds.glmSLMA_smk_gaussian" name="simple_glmSLMA_gaussian" time="0.000999999999976353"/>
    <testcase classname="ds.glmSLMA_smk_gaussian" name="simple_glmSLMA_gaussian" time="0.00200000000018008"/>
    <testcase classname="ds.glmSLMA_smk_gaussian" name="simple_glmSLMA_gaussian" time="0.00199999999995271"/>
    <testcase classname="ds.glmSLMA_smk_gaussian" name="simple_glmSLMA_gaussian" time="0.000999999999976353"/>
    <testcase classname="ds.glmSLMA_smk_gaussian" name="simple_glmSLMA_gaussian" time="0.00199999999995271"/>
    <testcase classname="ds.glmSLMA_smk_gaussian" name="simple_glmSLMA_gaussian" time="0.00199999999995271"/>
    <testcase classname="ds.glmSLMA_smk_gaussian" name="simple_glmSLMA_gaussian" time="0.00200000000018008"/>
    <testcase classname="ds.glmSLMA_smk_gaussian" name="simple_glmSLMA_gaussian" time="0.00199999999995271"/>
    <testcase classname="ds.glmSLMA_smk_gaussian" name="simple_glmSLMA_gaussian" time="0.000999999999976353"/>
    <testcase classname="ds.glmSLMA_smk_gaussian" name="simple_glmSLMA_gaussian" time="0.00199999999995271"/>
    <testcase classname="ds.glmSLMA_smk_gaussian" name="simple_glmSLMA_gaussian" time="0.00299999999992906"/>
    <testcase classname="ds.glmSLMA_smk_gaussian" name="simple_glmSLMA_gaussian" time="0.00200000000018008"/>
    <testcase classname="ds.glmSLMA_smk_gaussian" name="simple_glmSLMA_gaussian" time="0.00199999999995271"/>
    <testcase classname="ds.glmSLMA_smk_gaussian" name="simple_glmSLMA_gaussian" time="0.00199999999995271"/>
    <testcase classname="ds.glmSLMA_smk_gaussian" name="simple_glmSLMA_gaussian" time="0.00199999999995271"/>
    <testcase classname="ds.glmSLMA_smk_gaussian" name="simple_glmSLMA_gaussian" time="0.00199999999995271"/>
    <testcase classname="ds.glmSLMA_smk_gaussian" name="simple_glmSLMA_gaussian" time="0.00100000000020373"/>
    <testcase classname="ds.glmSLMA_smk_gaussian" name="simple_glmSLMA_gaussian" time="0.00199999999995271"/>
    <testcase classname="ds.glmSLMA_smk_gaussian" name="simple_glmSLMA_gaussian" time="0.00199999999995271"/>
    <testcase classname="ds.glmSLMA_smk_gaussian" name="simple_glmSLMA_gaussian" time="0.00199999999995271"/>
    <testcase classname="ds.glmSLMA_smk_gaussian" name="simple_glmSLMA_gaussian" time="0.00199999999995271"/>
  </testsuite>
  <testsuite errors="0" failures="0" hostname="fv-az14" name="ds.glmSLMA::smk::binomial" skipped="0" tests="40" time="5.179" timestamp="2020-09-17T10:16:44Z">
    <testcase classname="ds.glmSLMA_smk_binomial" name="simple_glmSLMA_binomial" time="5.12100000000009"/>
    <testcase classname="ds.glmSLMA_smk_binomial" name="simple_glmSLMA_binomial" time="0.000999999999976353"/>
    <testcase classname="ds.glmSLMA_smk_binomial" name="simple_glmSLMA_binomial" time="0.00199999999995271"/>
    <testcase classname="ds.glmSLMA_smk_binomial" name="simple_glmSLMA_binomial" time="0.000999999999976353"/>
    <testcase classname="ds.glmSLMA_smk_binomial" name="simple_glmSLMA_binomial" time="0.00200000000018008"/>
    <testcase classname="ds.glmSLMA_smk_binomial" name="simple_glmSLMA_binomial" time="0.000999999999976353"/>
    <testcase classname="ds.glmSLMA_smk_binomial" name="simple_glmSLMA_binomial" time="0.000999999999976353"/>
    <testcase classname="ds.glmSLMA_smk_binomial" name="simple_glmSLMA_binomial" time="0.000999999999976353"/>
    <testcase classname="ds.glmSLMA_smk_binomial" name="simple_glmSLMA_binomial" time="0.000999999999976353"/>
    <testcase classname="ds.glmSLMA_smk_binomial" name="simple_glmSLMA_binomial" time="0.000999999999976353"/>
    <testcase classname="ds.glmSLMA_smk_binomial" name="simple_glmSLMA_binomial" time="0.00199999999995271"/>
    <testcase classname="ds.glmSLMA_smk_binomial" name="simple_glmSLMA_binomial" time="0.000999999999976353"/>
    <testcase classname="ds.glmSLMA_smk_binomial" name="simple_glmSLMA_binomial" time="0.000999999999976353"/>
    <testcase classname="ds.glmSLMA_smk_binomial" name="simple_glmSLMA_binomial" time="0.00200000000018008"/>
    <testcase classname="ds.glmSLMA_smk_binomial" name="simple_glmSLMA_binomial" time="0.000999999999976353"/>
    <testcase classname="ds.glmSLMA_smk_binomial" name="simple_glmSLMA_binomial" time="0.00199999999995271"/>
    <testcase classname="ds.glmSLMA_smk_binomial" name="simple_glmSLMA_binomial" time="0.000999999999976353"/>
    <testcase classname="ds.glmSLMA_smk_binomial" name="simple_glmSLMA_binomial" time="0.000999999999976353"/>
    <testcase classname="ds.glmSLMA_smk_binomial" name="simple_glmSLMA_binomial" time="0.00199999999995271"/>
    <testcase classname="ds.glmSLMA_smk_binomial" name="simple_glmSLMA_binomial" time="0.00100000000020373"/>
    <testcase classname="ds.glmSLMA_smk_binomial" name="simple_glmSLMA_binomial" time="0.00199999999995271"/>
    <testcase classname="ds.glmSLMA_smk_binomial" name="simple_glmSLMA_binomial" time="0.000999999999976353"/>
    <testcase classname="ds.glmSLMA_smk_binomial" name="simple_glmSLMA_binomial" time="0.00199999999995271"/>
    <testcase classname="ds.glmSLMA_smk_binomial" name="simple_glmSLMA_binomial" time="0.00199999999995271"/>
    <testcase classname="ds.glmSLMA_smk_binomial" name="simple_glmSLMA_binomial" time="0.00199999999995271"/>
    <testcase classname="ds.glmSLMA_smk_binomial" name="simple_glmSLMA_binomial" time="0.00100000000020373"/>
    <testcase classname="ds.glmSLMA_smk_binomial" name="simple_glmSLMA_binomial" time="0.00199999999995271"/>
    <testcase classname="ds.glmSLMA_smk_binomial" name="simple_glmSLMA_binomial" time="0.000999999999976353"/>
    <testcase classname="ds.glmSLMA_smk_binomial" name="simple_glmSLMA_binomial" time="0.000999999999976353"/>
    <testcase classname="ds.glmSLMA_smk_binomial" name="simple_glmSLMA_binomial" time="0.000999999999976353"/>
    <testcase classname="ds.glmSLMA_smk_binomial" name="simple_glmSLMA_binomial" time="0.00199999999995271"/>
    <testcase classname="ds.glmSLMA_smk_binomial" name="simple_glmSLMA_binomial" time="0.00200000000018008"/>
    <testcase classname="ds.glmSLMA_smk_binomial" name="simple_glmSLMA_binomial" time="0.00199999999995271"/>
    <testcase classname="ds.glmSLMA_smk_binomial" name="simple_glmSLMA_binomial" time="0.000999999999976353"/>
    <testcase classname="ds.glmSLMA_smk_binomial" name="simple_glmSLMA_binomial" time="0.00199999999995271"/>
    <testcase classname="ds.glmSLMA_smk_binomial" name="simple_glmSLMA_binomial" time="0.00199999999995271"/>
    <testcase classname="ds.glmSLMA_smk_binomial" name="simple_glmSLMA_binomial" time="0.00200000000018008"/>
    <testcase classname="ds.glmSLMA_smk_binomial" name="simple_glmSLMA_binomial" time="0.000999999999976353"/>
    <testcase classname="ds.glmSLMA_smk_binomial" name="simple_glmSLMA_binomial" time="0.00199999999995271"/>
    <testcase classname="ds.glmSLMA_smk_binomial" name="simple_glmSLMA_binomial" time="0.00199999999995271"/>
  </testsuite>
  <testsuite errors="0" failures="0" hostname="fv-az14" name="ds.glmSLMA::smk::poisson" skipped="0" tests="47" time="1.908" timestamp="2020-09-17T10:16:49Z">
    <testcase classname="ds.glmSLMA_smk_poisson" name="simple_glmSLMA_poisson" time="1.83400000000006"/>
    <testcase classname="ds.glmSLMA_smk_poisson" name="simple_glmSLMA_poisson" time="0.00299999999992906"/>
    <testcase classname="ds.glmSLMA_smk_poisson" name="simple_glmSLMA_poisson" time="0.000999999999976353"/>
    <testcase classname="ds.glmSLMA_smk_poisson" name="simple_glmSLMA_poisson" time="0.000999999999976353"/>
    <testcase classname="ds.glmSLMA_smk_poisson" name="simple_glmSLMA_poisson" time="0.00200000000018008"/>
    <testcase classname="ds.glmSLMA_smk_poisson" name="simple_glmSLMA_poisson" time="0.00199999999995271"/>
    <testcase classname="ds.glmSLMA_smk_poisson" name="simple_glmSLMA_poisson" time="0.00199999999995271"/>
    <testcase classname="ds.glmSLMA_smk_poisson" name="simple_glmSLMA_poisson" time="0.000999999999976353"/>
    <testcase classname="ds.glmSLMA_smk_poisson" name="simple_glmSLMA_poisson" time="0.000999999999976353"/>
    <testcase classname="ds.glmSLMA_smk_poisson" name="simple_glmSLMA_poisson" time="0.00199999999995271"/>
    <testcase classname="ds.glmSLMA_smk_poisson" name="simple_glmSLMA_poisson" time="0.000999999999976353"/>
    <testcase classname="ds.glmSLMA_smk_poisson" name="simple_glmSLMA_poisson" time="0.00200000000018008"/>
    <testcase classname="ds.glmSLMA_smk_poisson" name="simple_glmSLMA_poisson" time="0.00199999999995271"/>
    <testcase classname="ds.glmSLMA_smk_poisson" name="simple_glmSLMA_poisson" time="0.00199999999995271"/>
    <testcase classname="ds.glmSLMA_smk_poisson" name="simple_glmSLMA_poisson" time="0.000999999999976353"/>
    <testcase classname="ds.glmSLMA_smk_poisson" name="simple_glmSLMA_poisson" time="0.00199999999995271"/>
    <testcase classname="ds.glmSLMA_smk_poisson" name="simple_glmSLMA_poisson" time="0.00100000000020373"/>
    <testcase classname="ds.glmSLMA_smk_poisson" name="simple_glmSLMA_poisson" time="0.000999999999976353"/>
    <testcase classname="ds.glmSLMA_smk_poisson" name="simple_glmSLMA_poisson" time="0.00199999999995271"/>
    <testcase classname="ds.glmSLMA_smk_poisson" name="simple_glmSLMA_poisson" time="0.000999999999976353"/>
    <testcase classname="ds.glmSLMA_smk_poisson" name="simple_glmSLMA_poisson" time="0.000999999999976353"/>
    <testcase classname="ds.glmSLMA_smk_poisson" name="simple_glmSLMA_poisson" time="0.00199999999995271"/>
    <testcase classname="ds.glmSLMA_smk_poisson" name="simple_glmSLMA_poisson" time="0.000999999999976353"/>
    <testcase classname="ds.glmSLMA_smk_poisson" name="simple_glmSLMA_poisson" time="0.00200000000018008"/>
    <testcase classname="ds.glmSLMA_smk_poisson" name="simple_glmSLMA_poisson" time="0.000999999999976353"/>
    <testcase classname="ds.glmSLMA_smk_poisson" name="simple_glmSLMA_poisson" time="0.00199999999995271"/>
    <testcase classname="ds.glmSLMA_smk_poisson" name="simple_glmSLMA_poisson" time="0.000999999999976353"/>
    <testcase classname="ds.glmSLMA_smk_poisson" name="simple_glmSLMA_poisson" time="0.00199999999995271"/>
    <testcase classname="ds.glmSLMA_smk_poisson" name="simple_glmSLMA_poisson" time="0.000999999999976353"/>
    <testcase classname="ds.glmSLMA_smk_poisson" name="simple_glmSLMA_poisson" time="0.00199999999995271"/>
    <testcase classname="ds.glmSLMA_smk_poisson" name="simple_glmSLMA_poisson" time="0.00100000000020373"/>
    <testcase classname="ds.glmSLMA_smk_poisson" name="simple_glmSLMA_poisson" time="0.00199999999995271"/>
    <testcase classname="ds.glmSLMA_smk_poisson" name="simple_glmSLMA_poisson" time="0.000999999999976353"/>
    <testcase classname="ds.glmSLMA_smk_poisson" name="simple_glmSLMA_poisson" time="0.00199999999995271"/>
    <testcase classname="ds.glmSLMA_smk_poisson" name="simple_glmSLMA_poisson" time="0.00199999999995271"/>
    <testcase classname="ds.glmSLMA_smk_poisson" name="simple_glmSLMA_poisson" time="0.000999999999976353"/>
    <testcase classname="ds.glmSLMA_smk_poisson" name="simple_glmSLMA_poisson" time="0.00200000000018008"/>
    <testcase classname="ds.glmSLMA_smk_poisson" name="simple_glmSLMA_poisson" time="0.00199999999995271"/>
    <testcase classname="ds.glmSLMA_smk_poisson" name="simple_glmSLMA_poisson" time="0.000999999999976353"/>
    <testcase classname="ds.glmSLMA_smk_poisson" name="simple_glmSLMA_poisson" time="0.00199999999995271"/>
    <testcase classname="ds.glmSLMA_smk_poisson" name="simple_glmSLMA_poisson" time="0.00199999999995271"/>
    <testcase classname="ds.glmSLMA_smk_poisson" name="simple_glmSLMA_poisson" time="0.00200000000018008"/>
    <testcase classname="ds.glmSLMA_smk_poisson" name="simple_glmSLMA_poisson" time="0.00199999999995271"/>
    <testcase classname="ds.glmSLMA_smk_poisson" name="simple_glmSLMA_poisson" time="0.00199999999995271"/>
    <testcase classname="ds.glmSLMA_smk_poisson" name="simple_glmSLMA_poisson" time="0.00199999999995271"/>
    <testcase classname="ds.glmSLMA_smk_poisson" name="simple_glmSLMA_poisson" time="0.000999999999976353"/>
    <testcase classname="ds.glmSLMA_smk_poisson" name="simple_glmSLMA_poisson" time="0.00200000000018008"/>
  </testsuite>
  <testsuite errors="0" failures="0" hostname="fv-az14" name="ds.glmSLMA::smk::shutdown" skipped="0" tests="3" time="0.279" timestamp="2020-09-17T10:16:51Z">
    <testcase classname="ds.glmSLMA_smk_shutdown" name="shutdown" time="0.27599999999984"/>
    <testcase classname="ds.glmSLMA_smk_shutdown" name="shutdown" time="0.00199999999995271"/>
    <testcase classname="ds.glmSLMA_smk_shutdown" name="shutdown" time="0.00100000000020373"/>
  </testsuite>
  <testsuite errors="0" failures="0" hostname="fv-az14" name="ds.glmSLMA::smk::done" skipped="0" tests="0" time="0" timestamp="2020-09-17T10:16:52Z"/>
  <testsuite errors="0" failures="0" hostname="fv-az14" name="ds.glmSummary::smk::setup" skipped="0" tests="3" time="5.382" timestamp="2020-09-17T10:16:52Z">
    <testcase classname="ds.glmSummary_smk_setup" name="setup" time="5.37999999999988"/>
    <testcase classname="ds.glmSummary_smk_setup" name="setup" time="0.000999999999976353"/>
    <testcase classname="ds.glmSummary_smk_setup" name="setup" time="0.000999999999976353"/>
  </testsuite>
  <testsuite errors="0" failures="0" hostname="fv-az14" name="ds.glmSummary::smk::gaussian" skipped="0" tests="46" time="5.125" timestamp="2020-09-17T10:16:56Z">
    <testcase classname="ds.glmSummary_smk_gaussian" name="simple_glmSummary_gaussian_without_newobj" time="1.46800000000007"/>
    <testcase classname="ds.glmSummary_smk_gaussian" name="simple_glmSummary_gaussian_without_newobj" time="0.00199999999995271"/>
    <testcase classname="ds.glmSummary_smk_gaussian" name="simple_glmSummary_gaussian_without_newobj" time="0.000999999999976353"/>
    <testcase classname="ds.glmSummary_smk_gaussian" name="simple_glmSummary_gaussian_without_newobj" time="0.000999999999976353"/>
    <testcase classname="ds.glmSummary_smk_gaussian" name="simple_glmSummary_gaussian_without_newobj" time="1.05700000000002"/>
    <testcase classname="ds.glmSummary_smk_gaussian" name="simple_glmSummary_gaussian_without_newobj" time="0.00199999999995271"/>
    <testcase classname="ds.glmSummary_smk_gaussian" name="simple_glmSummary_gaussian_without_newobj" time="0.00100000000020373"/>
    <testcase classname="ds.glmSummary_smk_gaussian" name="simple_glmSummary_gaussian_without_newobj" time="0.000999999999976353"/>
    <testcase classname="ds.glmSummary_smk_gaussian" name="simple_glmSummary_gaussian_without_newobj" time="0.000999999999976353"/>
    <testcase classname="ds.glmSummary_smk_gaussian" name="simple_glmSummary_gaussian_without_newobj" time="0.000999999999976353"/>
    <testcase classname="ds.glmSummary_smk_gaussian" name="simple_glmSummary_gaussian_without_newobj" time="0.00199999999995271"/>
    <testcase classname="ds.glmSummary_smk_gaussian" name="simple_glmSummary_gaussian_without_newobj" time="0.000999999999976353"/>
    <testcase classname="ds.glmSummary_smk_gaussian" name="simple_glmSummary_gaussian_without_newobj" time="0.000999999999976353"/>
    <testcase classname="ds.glmSummary_smk_gaussian" name="simple_glmSummary_gaussian_without_newobj" time="0.00200000000018008"/>
    <testcase classname="ds.glmSummary_smk_gaussian" name="simple_glmSummary_gaussian_without_newobj" time="0.000999999999976353"/>
    <testcase classname="ds.glmSummary_smk_gaussian" name="simple_glmSummary_gaussian_without_newobj" time="0.000999999999976353"/>
    <testcase classname="ds.glmSummary_smk_gaussian" name="simple_glmSummary_gaussian_without_newobj" time="0.00199999999995271"/>
    <testcase classname="ds.glmSummary_smk_gaussian" name="simple_glmSummary_gaussian_without_newobj" time="0.000999999999976353"/>
    <testcase classname="ds.glmSummary_smk_gaussian" name="simple_glmSummary_gaussian_without_newobj" time="0.000999999999976353"/>
    <testcase classname="ds.glmSummary_smk_gaussian" name="simple_glmSummary_gaussian_without_newobj" time="0.00199999999995271"/>
    <testcase classname="ds.glmSummary_smk_gaussian" name="simple_glmSummary_gaussian_without_newobj" time="0.000999999999976353"/>
    <testcase classname="ds.glmSummary_smk_gaussian" name="simple_glmSummary_gaussian_without_newobj" time="0.00100000000020373"/>
    <testcase classname="ds.glmSummary_smk_gaussian" name="simple_glmSummary_gaussian_without_newobj" time="0.00199999999995271"/>
    <testcase classname="ds.glmSummary_smk_gaussian" name="simple_glmSummary_gaussian" time="1.37999999999988"/>
    <testcase classname="ds.glmSummary_smk_gaussian" name="simple_glmSummary_gaussian" time="0.00199999999995271"/>
    <testcase classname="ds.glmSummary_smk_gaussian" name="simple_glmSummary_gaussian" time="0.00200000000018008"/>
    <testcase classname="ds.glmSummary_smk_gaussian" name="simple_glmSummary_gaussian" time="0.000999999999976353"/>
    <testcase classname="ds.glmSummary_smk_gaussian" name="simple_glmSummary_gaussian" time="1.15300000000002"/>
    <testcase classname="ds.glmSummary_smk_gaussian" name="simple_glmSummary_gaussian" time="0.00199999999995271"/>
    <testcase classname="ds.glmSummary_smk_gaussian" name="simple_glmSummary_gaussian" time="0.00199999999995271"/>
    <testcase classname="ds.glmSummary_smk_gaussian" name="simple_glmSummary_gaussian" time="0.00199999999995271"/>
    <testcase classname="ds.glmSummary_smk_gaussian" name="simple_glmSummary_gaussian" time="0.000999999999976353"/>
    <testcase classname="ds.glmSummary_smk_gaussian" name="simple_glmSummary_gaussian" time="0.00200000000018008"/>
    <testcase classname="ds.glmSummary_smk_gaussian" name="simple_glmSummary_gaussian" time="0.00199999999995271"/>
    <testcase classname="ds.glmSummary_smk_gaussian" name="simple_glmSummary_gaussian" time="0.00199999999995271"/>
    <testcase classname="ds.glmSummary_smk_gaussian" name="simple_glmSummary_gaussian" time="0.00199999999995271"/>
    <testcase classname="ds.glmSummary_smk_gaussian" name="simple_glmSummary_gaussian" time="0.00199999999995271"/>
    <testcase classname="ds.glmSummary_smk_gaussian" name="simple_glmSummary_gaussian" time="0.00200000000018008"/>
    <testcase classname="ds.glmSummary_smk_gaussian" name="simple_glmSummary_gaussian" time="0.00199999999995271"/>
    <testcase classname="ds.glmSummary_smk_gaussian" name="simple_glmSummary_gaussian" time="0.00199999999995271"/>
    <testcase classname="ds.glmSummary_smk_gaussian" name="simple_glmSummary_gaussian" time="0.00199999999995271"/>
    <testcase classname="ds.glmSummary_smk_gaussian" name="simple_glmSummary_gaussian" time="0.000999999999976353"/>
    <testcase classname="ds.glmSummary_smk_gaussian" name="simple_glmSummary_gaussian" time="0.00200000000018008"/>
    <testcase classname="ds.glmSummary_smk_gaussian" name="simple_glmSummary_gaussian" time="0.00199999999995271"/>
    <testcase classname="ds.glmSummary_smk_gaussian" name="simple_glmSummary_gaussian" time="0.00199999999995271"/>
    <testcase classname="ds.glmSummary_smk_gaussian" name="simple_glmSummary_gaussian" time="0.00199999999995271"/>
  </testsuite>
  <testsuite errors="0" failures="0" hostname="fv-az14" name="ds.glmSummary::smk::poisson" skipped="0" tests="46" time="5.811" timestamp="2020-09-17T10:17:01Z">
    <testcase classname="ds.glmSummary_smk_poisson" name="simple_glmSummary_poisson_without_newobj" time="1.83100000000013"/>
    <testcase classname="ds.glmSummary_smk_poisson" name="simple_glmSummary_poisson_without_newobj" time="0.000999999999976353"/>
    <testcase classname="ds.glmSummary_smk_poisson" name="simple_glmSummary_poisson_without_newobj" time="0.00199999999995271"/>
    <testcase classname="ds.glmSummary_smk_poisson" name="simple_glmSummary_poisson_without_newobj" time="0.000999999999976353"/>
    <testcase classname="ds.glmSummary_smk_poisson" name="simple_glmSummary_poisson_without_newobj" time="1.06899999999996"/>
    <testcase classname="ds.glmSummary_smk_poisson" name="simple_glmSummary_poisson_without_newobj" time="0.000999999999976353"/>
    <testcase classname="ds.glmSummary_smk_poisson" name="simple_glmSummary_poisson_without_newobj" time="0.000999999999976353"/>
    <testcase classname="ds.glmSummary_smk_poisson" name="simple_glmSummary_poisson_without_newobj" time="0.00200000000018008"/>
    <testcase classname="ds.glmSummary_smk_poisson" name="simple_glmSummary_poisson_without_newobj" time="0.000999999999976353"/>
    <testcase classname="ds.glmSummary_smk_poisson" name="simple_glmSummary_poisson_without_newobj" time="0.000999999999976353"/>
    <testcase classname="ds.glmSummary_smk_poisson" name="simple_glmSummary_poisson_without_newobj" time="0.00199999999995271"/>
    <testcase classname="ds.glmSummary_smk_poisson" name="simple_glmSummary_poisson_without_newobj" time="0.000999999999976353"/>
    <testcase classname="ds.glmSummary_smk_poisson" name="simple_glmSummary_poisson_without_newobj" time="0.00199999999995271"/>
    <testcase classname="ds.glmSummary_smk_poisson" name="simple_glmSummary_poisson_without_newobj" time="0.00100000000020373"/>
    <testcase classname="ds.glmSummary_smk_poisson" name="simple_glmSummary_poisson_without_newobj" time="0.000999999999976353"/>
    <testcase classname="ds.glmSummary_smk_poisson" name="simple_glmSummary_poisson_without_newobj" time="0.00199999999995271"/>
    <testcase classname="ds.glmSummary_smk_poisson" name="simple_glmSummary_poisson_without_newobj" time="0.00199999999995271"/>
    <testcase classname="ds.glmSummary_smk_poisson" name="simple_glmSummary_poisson_without_newobj" time="0.000999999999976353"/>
    <testcase classname="ds.glmSummary_smk_poisson" name="simple_glmSummary_poisson_without_newobj" time="0.000999999999976353"/>
    <testcase classname="ds.glmSummary_smk_poisson" name="simple_glmSummary_poisson_without_newobj" time="0.00199999999995271"/>
    <testcase classname="ds.glmSummary_smk_poisson" name="simple_glmSummary_poisson_without_newobj" time="0.00100000000020373"/>
    <testcase classname="ds.glmSummary_smk_poisson" name="simple_glmSummary_poisson_without_newobj" time="0.00199999999995271"/>
    <testcase classname="ds.glmSummary_smk_poisson" name="simple_glmSummary_poisson_without_newobj" time="0.000999999999976353"/>
    <testcase classname="ds.glmSummary_smk_poisson" name="simple_glmSummary_poisson" time="1.779"/>
    <testcase classname="ds.glmSummary_smk_poisson" name="simple_glmSummary_poisson" time="0.00199999999995271"/>
    <testcase classname="ds.glmSummary_smk_poisson" name="simple_glmSummary_poisson" time="0.000999999999976353"/>
    <testcase classname="ds.glmSummary_smk_poisson" name="simple_glmSummary_poisson" time="0.000999999999976353"/>
    <testcase classname="ds.glmSummary_smk_poisson" name="simple_glmSummary_poisson" time="1.06799999999998"/>
    <testcase classname="ds.glmSummary_smk_poisson" name="simple_glmSummary_poisson" time="0.00200000000018008"/>
    <testcase classname="ds.glmSummary_smk_poisson" name="simple_glmSummary_poisson" time="0.00199999999995271"/>
    <testcase classname="ds.glmSummary_smk_poisson" name="simple_glmSummary_poisson" time="0.00199999999995271"/>
    <testcase classname="ds.glmSummary_smk_poisson" name="simple_glmSummary_poisson" time="0.00199999999995271"/>
    <testcase classname="ds.glmSummary_smk_poisson" name="simple_glmSummary_poisson" time="0.00199999999995271"/>
    <testcase classname="ds.glmSummary_smk_poisson" name="simple_glmSummary_poisson" time="0.000999999999976353"/>
    <testcase classname="ds.glmSummary_smk_poisson" name="simple_glmSummary_poisson" time="0.00199999999995271"/>
    <testcase classname="ds.glmSummary_smk_poisson" name="simple_glmSummary_poisson" time="0.000999999999976353"/>
    <testcase classname="ds.glmSummary_smk_poisson" name="simple_glmSummary_poisson" time="0.00199999999995271"/>
    <testcase classname="ds.glmSummary_smk_poisson" name="simple_glmSummary_poisson" time="0.00199999999995271"/>
    <testcase classname="ds.glmSummary_smk_poisson" name="simple_glmSummary_poisson" time="0.000999999999976353"/>
    <testcase classname="ds.glmSummary_smk_poisson" name="simple_glmSummary_poisson" time="0.00200000000018008"/>
    <testcase classname="ds.glmSummary_smk_poisson" name="simple_glmSummary_poisson" time="0.00199999999995271"/>
    <testcase classname="ds.glmSummary_smk_poisson" name="simple_glmSummary_poisson" time="0.000999999999976353"/>
    <testcase classname="ds.glmSummary_smk_poisson" name="simple_glmSummary_poisson" time="0.00199999999995271"/>
    <testcase classname="ds.glmSummary_smk_poisson" name="simple_glmSummary_poisson" time="0.000999999999976353"/>
    <testcase classname="ds.glmSummary_smk_poisson" name="simple_glmSummary_poisson" time="0.00199999999995271"/>
    <testcase classname="ds.glmSummary_smk_poisson" name="simple_glmSummary_poisson" time="0.00200000000018008"/>
  </testsuite>
  <testsuite errors="0" failures="0" hostname="fv-az14" name="ds.glmSummary::smk::shutdown" skipped="0" tests="3" time="0.275" timestamp="2020-09-17T10:17:07Z">
    <testcase classname="ds.glmSummary_smk_shutdown" name="shutdown" time="0.271999999999935"/>
    <testcase classname="ds.glmSummary_smk_shutdown" name="shutdown" time="0.00199999999995271"/>
    <testcase classname="ds.glmSummary_smk_shutdown" name="shutdown" time="0.000999999999976353"/>
  </testsuite>
  <testsuite errors="0" failures="0" hostname="fv-az14" name="ds.glmSummary::smk::done" skipped="0" tests="0" time="0" timestamp="2020-09-17T10:17:08Z"/>
  <testsuite errors="0" failures="0" hostname="fv-az14" name="ds.isNA::smk::setup" skipped="0" tests="3" time="5.287" timestamp="2020-09-17T10:17:08Z">
    <testcase classname="ds.isNA_smk_setup" name="setup" time="5.28500000000008"/>
    <testcase classname="ds.isNA_smk_setup" name="setup" time="0.000999999999976353"/>
    <testcase classname="ds.isNA_smk_setup" name="setup" time="0.000999999999976353"/>
  </testsuite>
  <testsuite errors="0" failures="0" hostname="fv-az14" name="ds.isNA::smk" skipped="0" tests="3" time="1.713" timestamp="2020-09-17T10:17:13Z">
    <testcase classname="ds.isNA_smk" name="isNA" time="1.71100000000001"/>
    <testcase classname="ds.isNA_smk" name="isNA" time="0.000999999999976353"/>
    <testcase classname="ds.isNA_smk" name="isNA" time="0.000999999999976353"/>
  </testsuite>
  <testsuite errors="0" failures="0" hostname="fv-az14" name="ds.isNA::smk::shutdown" skipped="0" tests="3" time="0.291" timestamp="2020-09-17T10:17:14Z">
    <testcase classname="ds.isNA_smk_shutdown" name="shutdown" time="0.288000000000011"/>
    <testcase classname="ds.isNA_smk_shutdown" name="shutdown" time="0.000999999999976353"/>
    <testcase classname="ds.isNA_smk_shutdown" name="shutdown" time="0.00200000000018008"/>
  </testsuite>
  <testsuite errors="0" failures="0" hostname="fv-az14" name="ds.isNA::smk::done" skipped="0" tests="0" time="0" timestamp="2020-09-17T10:17:15Z"/>
  <testsuite errors="0" failures="0" hostname="fv-az14" name="ds.isValid::smk::setup" skipped="0" tests="3" time="5.382" timestamp="2020-09-17T10:17:15Z">
    <testcase classname="ds.isValid_smk_setup" name="setup" time="5.37999999999988"/>
    <testcase classname="ds.isValid_smk_setup" name="setup" time="0.000999999999976353"/>
    <testcase classname="ds.isValid_smk_setup" name="setup" time="0.000999999999976353"/>
  </testsuite>
  <testsuite errors="0" failures="0" hostname="fv-az14" name="ds.isValid::smk" skipped="0" tests="7" time="1.228" timestamp="2020-09-17T10:17:20Z">
    <testcase classname="ds.isValid_smk" name="isValid" time="1.21800000000007"/>
    <testcase classname="ds.isValid_smk" name="isValid" time="0.000999999999976353"/>
    <testcase classname="ds.isValid_smk" name="isValid" time="0.000999999999976353"/>
    <testcase classname="ds.isValid_smk" name="isValid" time="0.00199999999995271"/>
    <testcase classname="ds.isValid_smk" name="isValid" time="0.00100000000020373"/>
    <testcase classname="ds.isValid_smk" name="isValid" time="0.000999999999976353"/>
    <testcase classname="ds.isValid_smk" name="isValid" time="0.00399999999990541"/>
  </testsuite>
  <testsuite errors="0" failures="0" hostname="fv-az14" name="ds.isValid::smk::shutdown" skipped="0" tests="3" time="0.279" timestamp="2020-09-17T10:17:21Z">
    <testcase classname="ds.isValid_smk_shutdown" name="shutdown" time="0.276000000000067"/>
    <testcase classname="ds.isValid_smk_shutdown" name="shutdown" time="0.00199999999995271"/>
    <testcase classname="ds.isValid_smk_shutdown" name="shutdown" time="0.000999999999976353"/>
  </testsuite>
  <testsuite errors="0" failures="0" hostname="fv-az14" name="ds.isValid::smk::done" skipped="0" tests="0" time="0" timestamp="2020-09-17T10:17:22Z"/>
  <testsuite errors="0" failures="0" hostname="fv-az14" name="ds.kurtosis::smk::setup" skipped="0" tests="3" time="5.389" timestamp="2020-09-17T10:17:22Z">
    <testcase classname="ds.kurtosis_smk_setup" name="setup" time="5.38699999999994"/>
    <testcase classname="ds.kurtosis_smk_setup" name="setup" time="0.000999999999976353"/>
    <testcase classname="ds.kurtosis_smk_setup" name="setup" time="0.00100000000020373"/>
  </testsuite>
  <testsuite errors="0" failures="0" hostname="fv-az14" name="ds.kurtosis::smk::method 1::split" skipped="0" tests="70" time="6.332" timestamp="2020-09-17T10:17:27Z">
    <testcase classname="ds.kurtosis_smk_method_1_split" name="simple_kurtosis_method_1_split_on_LAB_TSC" time="1.2199999999998"/>
    <testcase classname="ds.kurtosis_smk_method_1_split" name="simple_kurtosis_method_1_split_on_LAB_TSC" time="0.00100000000020373"/>
    <testcase classname="ds.kurtosis_smk_method_1_split" name="simple_kurtosis_method_1_split_on_LAB_TSC" time="0.000999999999976353"/>
    <testcase classname="ds.kurtosis_smk_method_1_split" name="simple_kurtosis_method_1_split_on_LAB_TSC" time="0.000999999999976353"/>
    <testcase classname="ds.kurtosis_smk_method_1_split" name="simple_kurtosis_method_1_split_on_LAB_TSC" time="0.000999999999976353"/>
    <testcase classname="ds.kurtosis_smk_method_1_split" name="simple_kurtosis_method_1_split_on_LAB_TSC" time="0.000999999999976353"/>
    <testcase classname="ds.kurtosis_smk_method_1_split" name="simple_kurtosis_method_1_split_on_LAB_TSC" time="0.000999999999976353"/>
    <testcase classname="ds.kurtosis_smk_method_1_split" name="simple_kurtosis_method_1_split_on_LAB_TSC" time="0.000999999999976353"/>
    <testcase classname="ds.kurtosis_smk_method_1_split" name="simple_kurtosis_method_1_split_on_LAB_TSC" time="0.00200000000018008"/>
    <testcase classname="ds.kurtosis_smk_method_1_split" name="simple_kurtosis_method_1_split_on_LAB_TSC" time="0.000999999999976353"/>
    <testcase classname="ds.kurtosis_smk_method_1_split" name="simple_kurtosis_method_1_split_on_LAB_TSC" time="0.000999999999976353"/>
    <testcase classname="ds.kurtosis_smk_method_1_split" name="simple_kurtosis_method_1_split_on_LAB_TSC" time="0.00199999999995271"/>
    <testcase classname="ds.kurtosis_smk_method_1_split" name="simple_kurtosis_method_1_split_on_LAB_TSC" time="0.000999999999976353"/>
    <testcase classname="ds.kurtosis_smk_method_1_split" name="simple_kurtosis_method_1_split_on_LAB_TSC" time="0.00199999999995271"/>
    <testcase classname="ds.kurtosis_smk_method_1_split" name="simple_kurtosis_method_1_split_on_LAB_TRIG" time="1.24400000000014"/>
    <testcase classname="ds.kurtosis_smk_method_1_split" name="simple_kurtosis_method_1_split_on_LAB_TRIG" time="0.00199999999995271"/>
    <testcase classname="ds.kurtosis_smk_method_1_split" name="simple_kurtosis_method_1_split_on_LAB_TRIG" time="0.000999999999976353"/>
    <testcase classname="ds.kurtosis_smk_method_1_split" name="simple_kurtosis_method_1_split_on_LAB_TRIG" time="0.00199999999995271"/>
    <testcase classname="ds.kurtosis_smk_method_1_split" name="simple_kurtosis_method_1_split_on_LAB_TRIG" time="0.00300000000015643"/>
    <testcase classname="ds.kurtosis_smk_method_1_split" name="simple_kurtosis_method_1_split_on_LAB_TRIG" time="0.000999999999976353"/>
    <testcase classname="ds.kurtosis_smk_method_1_split" name="simple_kurtosis_method_1_split_on_LAB_TRIG" time="0.00199999999995271"/>
    <testcase classname="ds.kurtosis_smk_method_1_split" name="simple_kurtosis_method_1_split_on_LAB_TRIG" time="0.00199999999995271"/>
    <testcase classname="ds.kurtosis_smk_method_1_split" name="simple_kurtosis_method_1_split_on_LAB_TRIG" time="0.00199999999995271"/>
    <testcase classname="ds.kurtosis_smk_method_1_split" name="simple_kurtosis_method_1_split_on_LAB_TRIG" time="0.00199999999995271"/>
    <testcase classname="ds.kurtosis_smk_method_1_split" name="simple_kurtosis_method_1_split_on_LAB_TRIG" time="0.00200000000018008"/>
    <testcase classname="ds.kurtosis_smk_method_1_split" name="simple_kurtosis_method_1_split_on_LAB_TRIG" time="0.00199999999995271"/>
    <testcase classname="ds.kurtosis_smk_method_1_split" name="simple_kurtosis_method_1_split_on_LAB_TRIG" time="0.00199999999995271"/>
    <testcase classname="ds.kurtosis_smk_method_1_split" name="simple_kurtosis_method_1_split_on_LAB_TRIG" time="0.00199999999995271"/>
    <testcase classname="ds.kurtosis_smk_method_1_split" name="simple_kurtosis_method_1_split_on_LAB_HDL" time="1.33500000000004"/>
    <testcase classname="ds.kurtosis_smk_method_1_split" name="simple_kurtosis_method_1_split_on_LAB_HDL" time="0.00199999999995271"/>
    <testcase classname="ds.kurtosis_smk_method_1_split" name="simple_kurtosis_method_1_split_on_LAB_HDL" time="0.000999999999976353"/>
    <testcase classname="ds.kurtosis_smk_method_1_split" name="simple_kurtosis_method_1_split_on_LAB_HDL" time="0.00200000000018008"/>
    <testcase classname="ds.kurtosis_smk_method_1_split" name="simple_kurtosis_method_1_split_on_LAB_HDL" time="0.00199999999995271"/>
    <testcase classname="ds.kurtosis_smk_method_1_split" name="simple_kurtosis_method_1_split_on_LAB_HDL" time="0.000999999999976353"/>
    <testcase classname="ds.kurtosis_smk_method_1_split" name="simple_kurtosis_method_1_split_on_LAB_HDL" time="0.00199999999995271"/>
    <testcase classname="ds.kurtosis_smk_method_1_split" name="simple_kurtosis_method_1_split_on_LAB_HDL" time="0.000999999999976353"/>
    <testcase classname="ds.kurtosis_smk_method_1_split" name="simple_kurtosis_method_1_split_on_LAB_HDL" time="0.00199999999995271"/>
    <testcase classname="ds.kurtosis_smk_method_1_split" name="simple_kurtosis_method_1_split_on_LAB_HDL" time="0.00200000000018008"/>
    <testcase classname="ds.kurtosis_smk_method_1_split" name="simple_kurtosis_method_1_split_on_LAB_HDL" time="0.000999999999976353"/>
    <testcase classname="ds.kurtosis_smk_method_1_split" name="simple_kurtosis_method_1_split_on_LAB_HDL" time="0.00199999999995271"/>
    <testcase classname="ds.kurtosis_smk_method_1_split" name="simple_kurtosis_method_1_split_on_LAB_HDL" time="0.00199999999995271"/>
    <testcase classname="ds.kurtosis_smk_method_1_split" name="simple_kurtosis_method_1_split_on_LAB_HDL" time="0.00199999999995271"/>
    <testcase classname="ds.kurtosis_smk_method_1_split" name="simple_kurtosis_method_1_split_on_LAB_GLUC_ADJUSTED" time="1.21000000000004"/>
    <testcase classname="ds.kurtosis_smk_method_1_split" name="simple_kurtosis_method_1_split_on_LAB_GLUC_ADJUSTED" time="0.00199999999995271"/>
    <testcase classname="ds.kurtosis_smk_method_1_split" name="simple_kurtosis_method_1_split_on_LAB_GLUC_ADJUSTED" time="0.00200000000018008"/>
    <testcase classname="ds.kurtosis_smk_method_1_split" name="simple_kurtosis_method_1_split_on_LAB_GLUC_ADJUSTED" time="0.00199999999995271"/>
    <testcase classname="ds.kurtosis_smk_method_1_split" name="simple_kurtosis_method_1_split_on_LAB_GLUC_ADJUSTED" time="0.00199999999995271"/>
    <testcase classname="ds.kurtosis_smk_method_1_split" name="simple_kurtosis_method_1_split_on_LAB_GLUC_ADJUSTED" time="0.00199999999995271"/>
    <testcase classname="ds.kurtosis_smk_method_1_split" name="simple_kurtosis_method_1_split_on_LAB_GLUC_ADJUSTED" time="0.00200000000018008"/>
    <testcase classname="ds.kurtosis_smk_method_1_split" name="simple_kurtosis_method_1_split_on_LAB_GLUC_ADJUSTED" time="0.000999999999976353"/>
    <testcase classname="ds.kurtosis_smk_method_1_split" name="simple_kurtosis_method_1_split_on_LAB_GLUC_ADJUSTED" time="0.000999999999976353"/>
    <testcase classname="ds.kurtosis_smk_method_1_split" name="simple_kurtosis_method_1_split_on_LAB_GLUC_ADJUSTED" time="0.00199999999995271"/>
    <testcase classname="ds.kurtosis_smk_method_1_split" name="simple_kurtosis_method_1_split_on_LAB_GLUC_ADJUSTED" time="0.00199999999995271"/>
    <testcase classname="ds.kurtosis_smk_method_1_split" name="simple_kurtosis_method_1_split_on_LAB_GLUC_ADJUSTED" time="0.00300000000015643"/>
    <testcase classname="ds.kurtosis_smk_method_1_split" name="simple_kurtosis_method_1_split_on_LAB_GLUC_ADJUSTED" time="0.00199999999995271"/>
    <testcase classname="ds.kurtosis_smk_method_1_split" name="simple_kurtosis_method_1_split_on_LAB_GLUC_ADJUSTED" time="0.00299999999992906"/>
    <testcase classname="ds.kurtosis_smk_method_1_split" name="simple_kurtosis_method_1_split_on_PM_BMI_CONTINUOUS" time="1.20600000000013"/>
    <testcase classname="ds.kurtosis_smk_method_1_split" name="simple_kurtosis_method_1_split_on_PM_BMI_CONTINUOUS" time="0.00199999999995271"/>
    <testcase classname="ds.kurtosis_smk_method_1_split" name="simple_kurtosis_method_1_split_on_PM_BMI_CONTINUOUS" time="0.00199999999995271"/>
    <testcase classname="ds.kurtosis_smk_method_1_split" name="simple_kurtosis_method_1_split_on_PM_BMI_CONTINUOUS" time="0.00199999999995271"/>
    <testcase classname="ds.kurtosis_smk_method_1_split" name="simple_kurtosis_method_1_split_on_PM_BMI_CONTINUOUS" time="0.00199999999995271"/>
    <testcase classname="ds.kurtosis_smk_method_1_split" name="simple_kurtosis_method_1_split_on_PM_BMI_CONTINUOUS" time="0.00200000000018008"/>
    <testcase classname="ds.kurtosis_smk_method_1_split" name="simple_kurtosis_method_1_split_on_PM_BMI_CONTINUOUS" time="0.00299999999992906"/>
    <testcase classname="ds.kurtosis_smk_method_1_split" name="simple_kurtosis_method_1_split_on_PM_BMI_CONTINUOUS" time="0.00199999999995271"/>
    <testcase classname="ds.kurtosis_smk_method_1_split" name="simple_kurtosis_method_1_split_on_PM_BMI_CONTINUOUS" time="0.00199999999995271"/>
    <testcase classname="ds.kurtosis_smk_method_1_split" name="simple_kurtosis_method_1_split_on_PM_BMI_CONTINUOUS" time="0.00199999999995271"/>
    <testcase classname="ds.kurtosis_smk_method_1_split" name="simple_kurtosis_method_1_split_on_PM_BMI_CONTINUOUS" time="0.00300000000015643"/>
    <testcase classname="ds.kurtosis_smk_method_1_split" name="simple_kurtosis_method_1_split_on_PM_BMI_CONTINUOUS" time="0.00199999999995271"/>
    <testcase classname="ds.kurtosis_smk_method_1_split" name="simple_kurtosis_method_1_split_on_PM_BMI_CONTINUOUS" time="0.00199999999995271"/>
    <testcase classname="ds.kurtosis_smk_method_1_split" name="simple_kurtosis_method_1_split_on_PM_BMI_CONTINUOUS" time="0.00199999999995271"/>
  </testsuite>
  <testsuite errors="0" failures="0" hostname="fv-az14" name="ds.kurtosis::smk::method 1::combine" skipped="0" tests="40" time="7.741" timestamp="2020-09-17T10:17:33Z">
    <testcase classname="ds.kurtosis_smk_method_1_combine" name="simple_kurtosis_combine_on_LAB_TSC" time="1.48800000000006"/>
    <testcase classname="ds.kurtosis_smk_method_1_combine" name="simple_kurtosis_combine_on_LAB_TSC" time="0.000999999999976353"/>
    <testcase classname="ds.kurtosis_smk_method_1_combine" name="simple_kurtosis_combine_on_LAB_TSC" time="0.000999999999976353"/>
    <testcase classname="ds.kurtosis_smk_method_1_combine" name="simple_kurtosis_combine_on_LAB_TSC" time="0.000999999999976353"/>
    <testcase classname="ds.kurtosis_smk_method_1_combine" name="simple_kurtosis_combine_on_LAB_TSC" time="0.00200000000018008"/>
    <testcase classname="ds.kurtosis_smk_method_1_combine" name="simple_kurtosis_combine_on_LAB_TSC" time="0.000999999999976353"/>
    <testcase classname="ds.kurtosis_smk_method_1_combine" name="simple_kurtosis_combine_on_LAB_TSC" time="0.000999999999976353"/>
    <testcase classname="ds.kurtosis_smk_method_1_combine" name="simple_kurtosis_combine_on_LAB_TSC" time="0.000999999999976353"/>
    <testcase classname="ds.kurtosis_smk_method_1_combine" name="simple_kurtosis_method_1_combine_on_LAB_TRIG" time="1.49299999999994"/>
    <testcase classname="ds.kurtosis_smk_method_1_combine" name="simple_kurtosis_method_1_combine_on_LAB_TRIG" time="0.00199999999995271"/>
    <testcase classname="ds.kurtosis_smk_method_1_combine" name="simple_kurtosis_method_1_combine_on_LAB_TRIG" time="0.00100000000020373"/>
    <testcase classname="ds.kurtosis_smk_method_1_combine" name="simple_kurtosis_method_1_combine_on_LAB_TRIG" time="0.000999999999976353"/>
    <testcase classname="ds.kurtosis_smk_method_1_combine" name="simple_kurtosis_method_1_combine_on_LAB_TRIG" time="0.00199999999995271"/>
    <testcase classname="ds.kurtosis_smk_method_1_combine" name="simple_kurtosis_method_1_combine_on_LAB_TRIG" time="0.000999999999976353"/>
    <testcase classname="ds.kurtosis_smk_method_1_combine" name="simple_kurtosis_method_1_combine_on_LAB_TRIG" time="0.000999999999976353"/>
    <testcase classname="ds.kurtosis_smk_method_1_combine" name="simple_kurtosis_method_1_combine_on_LAB_TRIG" time="0.00199999999995271"/>
    <testcase classname="ds.kurtosis_smk_method_1_combine" name="simple_kurtosis_method_1_combine_on_LAB_HDL" time="1.47600000000011"/>
    <testcase classname="ds.kurtosis_smk_method_1_combine" name="simple_kurtosis_method_1_combine_on_LAB_HDL" time="0.00199999999995271"/>
    <testcase classname="ds.kurtosis_smk_method_1_combine" name="simple_kurtosis_method_1_combine_on_LAB_HDL" time="0.000999999999976353"/>
    <testcase classname="ds.kurtosis_smk_method_1_combine" name="simple_kurtosis_method_1_combine_on_LAB_HDL" time="0.00199999999995271"/>
    <testcase classname="ds.kurtosis_smk_method_1_combine" name="simple_kurtosis_method_1_combine_on_LAB_HDL" time="0.00200000000018008"/>
    <testcase classname="ds.kurtosis_smk_method_1_combine" name="simple_kurtosis_method_1_combine_on_LAB_HDL" time="0.00199999999995271"/>
    <testcase classname="ds.kurtosis_smk_method_1_combine" name="simple_kurtosis_method_1_combine_on_LAB_HDL" time="0.000999999999976353"/>
    <testcase classname="ds.kurtosis_smk_method_1_combine" name="simple_kurtosis_method_1_combine_on_LAB_HDL" time="0.00199999999995271"/>
    <testcase classname="ds.kurtosis_smk_method_1_combine" name="simple_kurtosis_method_1_combine_on_LAB_GLUC_ADJUSTED" time="1.48000000000002"/>
    <testcase classname="ds.kurtosis_smk_method_1_combine" name="simple_kurtosis_method_1_combine_on_LAB_GLUC_ADJUSTED" time="0.00199999999995271"/>
    <testcase classname="ds.kurtosis_smk_method_1_combine" name="simple_kurtosis_method_1_combine_on_LAB_GLUC_ADJUSTED" time="0.00199999999995271"/>
    <testcase classname="ds.kurtosis_smk_method_1_combine" name="simple_kurtosis_method_1_combine_on_LAB_GLUC_ADJUSTED" time="0.00200000000018008"/>
    <testcase classname="ds.kurtosis_smk_method_1_combine" name="simple_kurtosis_method_1_combine_on_LAB_GLUC_ADJUSTED" time="0.00199999999995271"/>
    <testcase classname="ds.kurtosis_smk_method_1_combine" name="simple_kurtosis_method_1_combine_on_LAB_GLUC_ADJUSTED" time="0.000999999999976353"/>
    <testcase classname="ds.kurtosis_smk_method_1_combine" name="simple_kurtosis_method_1_combine_on_LAB_GLUC_ADJUSTED" time="0.00199999999995271"/>
    <testcase classname="ds.kurtosis_smk_method_1_combine" name="simple_kurtosis_method_1_combine_on_LAB_GLUC_ADJUSTED" time="0.00299999999992906"/>
    <testcase classname="ds.kurtosis_smk_method_1_combine" name="simple_kurtosis_method_1_combine_on_PM_BMI_CONTINUOUS" time="1.74800000000005"/>
    <testcase classname="ds.kurtosis_smk_method_1_combine" name="simple_kurtosis_method_1_combine_on_PM_BMI_CONTINUOUS" time="0.00199999999995271"/>
    <testcase classname="ds.kurtosis_smk_method_1_combine" name="simple_kurtosis_method_1_combine_on_PM_BMI_CONTINUOUS" time="0.00200000000018008"/>
    <testcase classname="ds.kurtosis_smk_method_1_combine" name="simple_kurtosis_method_1_combine_on_PM_BMI_CONTINUOUS" time="0.000999999999976353"/>
    <testcase classname="ds.kurtosis_smk_method_1_combine" name="simple_kurtosis_method_1_combine_on_PM_BMI_CONTINUOUS" time="0.00199999999995271"/>
    <testcase classname="ds.kurtosis_smk_method_1_combine" name="simple_kurtosis_method_1_combine_on_PM_BMI_CONTINUOUS" time="0.00199999999995271"/>
    <testcase classname="ds.kurtosis_smk_method_1_combine" name="simple_kurtosis_method_1_combine_on_PM_BMI_CONTINUOUS" time="0.000999999999976353"/>
    <testcase classname="ds.kurtosis_smk_method_1_combine" name="simple_kurtosis_method_1_combine_on_PM_BMI_CONTINUOUS" time="0.00199999999995271"/>
  </testsuite>
  <testsuite errors="0" failures="0" hostname="fv-az14" name="ds.kurtosis::smk::method 1::both" skipped="0" tests="110" time="8.934" timestamp="2020-09-17T10:17:41Z">
    <testcase classname="ds.kurtosis_smk_method_1_both" name="simple_kurtosis_both_on_LAB_TSC" time="1.75600000000009"/>
    <testcase classname="ds.kurtosis_smk_method_1_both" name="simple_kurtosis_both_on_LAB_TSC" time="0.000999999999976353"/>
    <testcase classname="ds.kurtosis_smk_method_1_both" name="simple_kurtosis_both_on_LAB_TSC" time="0.000999999999976353"/>
    <testcase classname="ds.kurtosis_smk_method_1_both" name="simple_kurtosis_both_on_LAB_TSC" time="0.000999999999976353"/>
    <testcase classname="ds.kurtosis_smk_method_1_both" name="simple_kurtosis_both_on_LAB_TSC" time="0.00200000000018008"/>
    <testcase classname="ds.kurtosis_smk_method_1_both" name="simple_kurtosis_both_on_LAB_TSC" time="0.000999999999976353"/>
    <testcase classname="ds.kurtosis_smk_method_1_both" name="simple_kurtosis_both_on_LAB_TSC" time="0.00199999999995271"/>
    <testcase classname="ds.kurtosis_smk_method_1_both" name="simple_kurtosis_both_on_LAB_TSC" time="0.000999999999976353"/>
    <testcase classname="ds.kurtosis_smk_method_1_both" name="simple_kurtosis_both_on_LAB_TSC" time="0.00199999999995271"/>
    <testcase classname="ds.kurtosis_smk_method_1_both" name="simple_kurtosis_both_on_LAB_TSC" time="0.00199999999995271"/>
    <testcase classname="ds.kurtosis_smk_method_1_both" name="simple_kurtosis_both_on_LAB_TSC" time="0.00100000000020373"/>
    <testcase classname="ds.kurtosis_smk_method_1_both" name="simple_kurtosis_both_on_LAB_TSC" time="0.00199999999995271"/>
    <testcase classname="ds.kurtosis_smk_method_1_both" name="simple_kurtosis_both_on_LAB_TSC" time="0.00199999999995271"/>
    <testcase classname="ds.kurtosis_smk_method_1_both" name="simple_kurtosis_both_on_LAB_TSC" time="0.00199999999995271"/>
    <testcase classname="ds.kurtosis_smk_method_1_both" name="simple_kurtosis_both_on_LAB_TSC" time="0.00199999999995271"/>
    <testcase classname="ds.kurtosis_smk_method_1_both" name="simple_kurtosis_both_on_LAB_TSC" time="0.00200000000018008"/>
    <testcase classname="ds.kurtosis_smk_method_1_both" name="simple_kurtosis_both_on_LAB_TSC" time="0.00199999999995271"/>
    <testcase classname="ds.kurtosis_smk_method_1_both" name="simple_kurtosis_both_on_LAB_TSC" time="0.00199999999995271"/>
    <testcase classname="ds.kurtosis_smk_method_1_both" name="simple_kurtosis_both_on_LAB_TSC" time="0.00199999999995271"/>
    <testcase classname="ds.kurtosis_smk_method_1_both" name="simple_kurtosis_both_on_LAB_TSC" time="0.00199999999995271"/>
    <testcase classname="ds.kurtosis_smk_method_1_both" name="simple_kurtosis_both_on_LAB_TSC" time="0.00100000000020373"/>
    <testcase classname="ds.kurtosis_smk_method_1_both" name="simple_kurtosis_both_on_LAB_TSC" time="0.00299999999992906"/>
    <testcase classname="ds.kurtosis_smk_method_1_both" name="simple_kurtosis_method_1_both_on_LAB_TRIG" time="1.75"/>
    <testcase classname="ds.kurtosis_smk_method_1_both" name="simple_kurtosis_method_1_both_on_LAB_TRIG" time="0.00199999999995271"/>
    <testcase classname="ds.kurtosis_smk_method_1_both" name="simple_kurtosis_method_1_both_on_LAB_TRIG" time="0.000999999999976353"/>
    <testcase classname="ds.kurtosis_smk_method_1_both" name="simple_kurtosis_method_1_both_on_LAB_TRIG" time="0.00199999999995271"/>
    <testcase classname="ds.kurtosis_smk_method_1_both" name="simple_kurtosis_method_1_both_on_LAB_TRIG" time="0.000999999999976353"/>
    <testcase classname="ds.kurtosis_smk_method_1_both" name="simple_kurtosis_method_1_both_on_LAB_TRIG" time="0.00200000000018008"/>
    <testcase classname="ds.kurtosis_smk_method_1_both" name="simple_kurtosis_method_1_both_on_LAB_TRIG" time="0.00199999999995271"/>
    <testcase classname="ds.kurtosis_smk_method_1_both" name="simple_kurtosis_method_1_both_on_LAB_TRIG" time="0.000999999999976353"/>
    <testcase classname="ds.kurtosis_smk_method_1_both" name="simple_kurtosis_method_1_both_on_LAB_TRIG" time="0.00199999999995271"/>
    <testcase classname="ds.kurtosis_smk_method_1_both" name="simple_kurtosis_method_1_both_on_LAB_TRIG" time="0.00199999999995271"/>
    <testcase classname="ds.kurtosis_smk_method_1_both" name="simple_kurtosis_method_1_both_on_LAB_TRIG" time="0.00100000000020373"/>
    <testcase classname="ds.kurtosis_smk_method_1_both" name="simple_kurtosis_method_1_both_on_LAB_TRIG" time="0.00199999999995271"/>
    <testcase classname="ds.kurtosis_smk_method_1_both" name="simple_kurtosis_method_1_both_on_LAB_TRIG" time="0.00199999999995271"/>
    <testcase classname="ds.kurtosis_smk_method_1_both" name="simple_kurtosis_method_1_both_on_LAB_TRIG" time="0.000999999999976353"/>
    <testcase classname="ds.kurtosis_smk_method_1_both" name="simple_kurtosis_method_1_both_on_LAB_TRIG" time="0.00199999999995271"/>
    <testcase classname="ds.kurtosis_smk_method_1_both" name="simple_kurtosis_method_1_both_on_LAB_TRIG" time="0.00199999999995271"/>
    <testcase classname="ds.kurtosis_smk_method_1_both" name="simple_kurtosis_method_1_both_on_LAB_TRIG" time="0.00100000000020373"/>
    <testcase classname="ds.kurtosis_smk_method_1_both" name="simple_kurtosis_method_1_both_on_LAB_TRIG" time="0.00199999999995271"/>
    <testcase classname="ds.kurtosis_smk_method_1_both" name="simple_kurtosis_method_1_both_on_LAB_TRIG" time="0.00199999999995271"/>
    <testcase classname="ds.kurtosis_smk_method_1_both" name="simple_kurtosis_method_1_both_on_LAB_TRIG" time="0.000999999999976353"/>
    <testcase classname="ds.kurtosis_smk_method_1_both" name="simple_kurtosis_method_1_both_on_LAB_TRIG" time="0.000999999999976353"/>
    <testcase classname="ds.kurtosis_smk_method_1_both" name="simple_kurtosis_method_1_both_on_LAB_TRIG" time="0.00199999999995271"/>
    <testcase classname="ds.kurtosis_smk_method_1_both" name="simple_kurtosis_method_1_both_on_LAB_HDL" time="1.74000000000001"/>
    <testcase classname="ds.kurtosis_smk_method_1_both" name="simple_kurtosis_method_1_both_on_LAB_HDL" time="0.00200000000018008"/>
    <testcase classname="ds.kurtosis_smk_method_1_both" name="simple_kurtosis_method_1_both_on_LAB_HDL" time="0.00199999999995271"/>
    <testcase classname="ds.kurtosis_smk_method_1_both" name="simple_kurtosis_method_1_both_on_LAB_HDL" time="0.00199999999995271"/>
    <testcase classname="ds.kurtosis_smk_method_1_both" name="simple_kurtosis_method_1_both_on_LAB_HDL" time="0.000999999999976353"/>
    <testcase classname="ds.kurtosis_smk_method_1_both" name="simple_kurtosis_method_1_both_on_LAB_HDL" time="0.00199999999995271"/>
    <testcase classname="ds.kurtosis_smk_method_1_both" name="simple_kurtosis_method_1_both_on_LAB_HDL" time="0.00200000000018008"/>
    <testcase classname="ds.kurtosis_smk_method_1_both" name="simple_kurtosis_method_1_both_on_LAB_HDL" time="0.00199999999995271"/>
    <testcase classname="ds.kurtosis_smk_method_1_both" name="simple_kurtosis_method_1_both_on_LAB_HDL" time="0.00199999999995271"/>
    <testcase classname="ds.kurtosis_smk_method_1_both" name="simple_kurtosis_method_1_both_on_LAB_HDL" time="0.000999999999976353"/>
    <testcase classname="ds.kurtosis_smk_method_1_both" name="simple_kurtosis_method_1_both_on_LAB_HDL" time="0.00199999999995271"/>
    <testcase classname="ds.kurtosis_smk_method_1_both" name="simple_kurtosis_method_1_both_on_LAB_HDL" time="0.00100000000020373"/>
    <testcase classname="ds.kurtosis_smk_method_1_both" name="simple_kurtosis_method_1_both_on_LAB_HDL" time="0.00199999999995271"/>
    <testcase classname="ds.kurtosis_smk_method_1_both" name="simple_kurtosis_method_1_both_on_LAB_HDL" time="0.00199999999995271"/>
    <testcase classname="ds.kurtosis_smk_method_1_both" name="simple_kurtosis_method_1_both_on_LAB_HDL" time="0.00199999999995271"/>
    <testcase classname="ds.kurtosis_smk_method_1_both" name="simple_kurtosis_method_1_both_on_LAB_HDL" time="0.00199999999995271"/>
    <testcase classname="ds.kurtosis_smk_method_1_both" name="simple_kurtosis_method_1_both_on_LAB_HDL" time="0.00200000000018008"/>
    <testcase classname="ds.kurtosis_smk_method_1_both" name="simple_kurtosis_method_1_both_on_LAB_HDL" time="0.00199999999995271"/>
    <testcase classname="ds.kurtosis_smk_method_1_both" name="simple_kurtosis_method_1_both_on_LAB_HDL" time="0.00199999999995271"/>
    <testcase classname="ds.kurtosis_smk_method_1_both" name="simple_kurtosis_method_1_both_on_LAB_HDL" time="0.00199999999995271"/>
    <testcase classname="ds.kurtosis_smk_method_1_both" name="simple_kurtosis_method_1_both_on_LAB_HDL" time="0.00199999999995271"/>
    <testcase classname="ds.kurtosis_smk_method_1_both" name="simple_kurtosis_method_1_both_on_LAB_HDL" time="0.00200000000018008"/>
    <testcase classname="ds.kurtosis_smk_method_1_both" name="simple_kurtosis_method_1_both_on_LAB_GLUC_ADJUSTED" time="1.72799999999984"/>
    <testcase classname="ds.kurtosis_smk_method_1_both" name="simple_kurtosis_method_1_both_on_LAB_GLUC_ADJUSTED" time="0.00200000000018008"/>
    <testcase classname="ds.kurtosis_smk_method_1_both" name="simple_kurtosis_method_1_both_on_LAB_GLUC_ADJUSTED" time="0.00199999999995271"/>
    <testcase classname="ds.kurtosis_smk_method_1_both" name="simple_kurtosis_method_1_both_on_LAB_GLUC_ADJUSTED" time="0.00199999999995271"/>
    <testcase classname="ds.kurtosis_smk_method_1_both" name="simple_kurtosis_method_1_both_on_LAB_GLUC_ADJUSTED" time="0.00199999999995271"/>
    <testcase classname="ds.kurtosis_smk_method_1_both" name="simple_kurtosis_method_1_both_on_LAB_GLUC_ADJUSTED" time="0.00299999999992906"/>
    <testcase classname="ds.kurtosis_smk_method_1_both" name="simple_kurtosis_method_1_both_on_LAB_GLUC_ADJUSTED" time="0.00200000000018008"/>
    <testcase classname="ds.kurtosis_smk_method_1_both" name="simple_kurtosis_method_1_both_on_LAB_GLUC_ADJUSTED" time="0.00199999999995271"/>
    <testcase classname="ds.kurtosis_smk_method_1_both" name="simple_kurtosis_method_1_both_on_LAB_GLUC_ADJUSTED" time="0.00199999999995271"/>
    <testcase classname="ds.kurtosis_smk_method_1_both" name="simple_kurtosis_method_1_both_on_LAB_GLUC_ADJUSTED" time="0.00299999999992906"/>
    <testcase classname="ds.kurtosis_smk_method_1_both" name="simple_kurtosis_method_1_both_on_LAB_GLUC_ADJUSTED" time="0.00200000000018008"/>
    <testcase classname="ds.kurtosis_smk_method_1_both" name="simple_kurtosis_method_1_both_on_LAB_GLUC_ADJUSTED" time="0.00299999999992906"/>
    <testcase classname="ds.kurtosis_smk_method_1_both" name="simple_kurtosis_method_1_both_on_LAB_GLUC_ADJUSTED" time="0.00299999999992906"/>
    <testcase classname="ds.kurtosis_smk_method_1_both" name="simple_kurtosis_method_1_both_on_LAB_GLUC_ADJUSTED" time="0.00199999999995271"/>
    <testcase classname="ds.kurtosis_smk_method_1_both" name="simple_kurtosis_method_1_both_on_LAB_GLUC_ADJUSTED" time="0.00200000000018008"/>
    <testcase classname="ds.kurtosis_smk_method_1_both" name="simple_kurtosis_method_1_both_on_LAB_GLUC_ADJUSTED" time="0.00299999999992906"/>
    <testcase classname="ds.kurtosis_smk_method_1_both" name="simple_kurtosis_method_1_both_on_LAB_GLUC_ADJUSTED" time="0.00199999999995271"/>
    <testcase classname="ds.kurtosis_smk_method_1_both" name="simple_kurtosis_method_1_both_on_LAB_GLUC_ADJUSTED" time="0.00299999999992906"/>
    <testcase classname="ds.kurtosis_smk_method_1_both" name="simple_kurtosis_method_1_both_on_LAB_GLUC_ADJUSTED" time="0.00300000000015643"/>
    <testcase classname="ds.kurtosis_smk_method_1_both" name="simple_kurtosis_method_1_both_on_LAB_GLUC_ADJUSTED" time="0.00199999999995271"/>
    <testcase classname="ds.kurtosis_smk_method_1_both" name="simple_kurtosis_method_1_both_on_LAB_GLUC_ADJUSTED" time="0.00199999999995271"/>
    <testcase classname="ds.kurtosis_smk_method_1_both" name="simple_kurtosis_method_1_both_on_LAB_GLUC_ADJUSTED" time="0.00300000000015643"/>
    <testcase classname="ds.kurtosis_smk_method_1_both" name="simple_kurtosis_method_1_both_on_PM_BMI_CONTINUOUS" time="1.75"/>
    <testcase classname="ds.kurtosis_smk_method_1_both" name="simple_kurtosis_method_1_both_on_PM_BMI_CONTINUOUS" time="0.00199999999995271"/>
    <testcase classname="ds.kurtosis_smk_method_1_both" name="simple_kurtosis_method_1_both_on_PM_BMI_CONTINUOUS" time="0.00299999999992906"/>
    <testcase classname="ds.kurtosis_smk_method_1_both" name="simple_kurtosis_method_1_both_on_PM_BMI_CONTINUOUS" time="0.00199999999995271"/>
    <testcase classname="ds.kurtosis_smk_method_1_both" name="simple_kurtosis_method_1_both_on_PM_BMI_CONTINUOUS" time="0.00199999999995271"/>
    <testcase classname="ds.kurtosis_smk_method_1_both" name="simple_kurtosis_method_1_both_on_PM_BMI_CONTINUOUS" time="0.00300000000015643"/>
    <testcase classname="ds.kurtosis_smk_method_1_both" name="simple_kurtosis_method_1_both_on_PM_BMI_CONTINUOUS" time="0.00199999999995271"/>
    <testcase classname="ds.kurtosis_smk_method_1_both" name="simple_kurtosis_method_1_both_on_PM_BMI_CONTINUOUS" time="0.00199999999995271"/>
    <testcase classname="ds.kurtosis_smk_method_1_both" name="simple_kurtosis_method_1_both_on_PM_BMI_CONTINUOUS" time="0.00199999999995271"/>
    <testcase classname="ds.kurtosis_smk_method_1_both" name="simple_kurtosis_method_1_both_on_PM_BMI_CONTINUOUS" time="0.00300000000015643"/>
    <testcase classname="ds.kurtosis_smk_method_1_both" name="simple_kurtosis_method_1_both_on_PM_BMI_CONTINUOUS" time="0.00199999999995271"/>
    <testcase classname="ds.kurtosis_smk_method_1_both" name="simple_kurtosis_method_1_both_on_PM_BMI_CONTINUOUS" time="0.00299999999992906"/>
    <testcase classname="ds.kurtosis_smk_method_1_both" name="simple_kurtosis_method_1_both_on_PM_BMI_CONTINUOUS" time="0.00199999999995271"/>
    <testcase classname="ds.kurtosis_smk_method_1_both" name="simple_kurtosis_method_1_both_on_PM_BMI_CONTINUOUS" time="0.00300000000015643"/>
    <testcase classname="ds.kurtosis_smk_method_1_both" name="simple_kurtosis_method_1_both_on_PM_BMI_CONTINUOUS" time="0.00199999999995271"/>
    <testcase classname="ds.kurtosis_smk_method_1_both" name="simple_kurtosis_method_1_both_on_PM_BMI_CONTINUOUS" time="0.00199999999995271"/>
    <testcase classname="ds.kurtosis_smk_method_1_both" name="simple_kurtosis_method_1_both_on_PM_BMI_CONTINUOUS" time="0.00299999999992906"/>
    <testcase classname="ds.kurtosis_smk_method_1_both" name="simple_kurtosis_method_1_both_on_PM_BMI_CONTINUOUS" time="0.00300000000015643"/>
    <testcase classname="ds.kurtosis_smk_method_1_both" name="simple_kurtosis_method_1_both_on_PM_BMI_CONTINUOUS" time="0.00199999999995271"/>
    <testcase classname="ds.kurtosis_smk_method_1_both" name="simple_kurtosis_method_1_both_on_PM_BMI_CONTINUOUS" time="0.00299999999992906"/>
    <testcase classname="ds.kurtosis_smk_method_1_both" name="simple_kurtosis_method_1_both_on_PM_BMI_CONTINUOUS" time="0.00200000000018008"/>
    <testcase classname="ds.kurtosis_smk_method_1_both" name="simple_kurtosis_method_1_both_on_PM_BMI_CONTINUOUS" time="0.00299999999992906"/>
  </testsuite>
  <testsuite errors="0" failures="0" hostname="fv-az14" name="ds.kurtosis::smk::method 2::split" skipped="0" tests="70" time="6.304" timestamp="2020-09-17T10:17:50Z">
    <testcase classname="ds.kurtosis_smk_method_2_split" name="simple_kurtosis_method_2_split_on_LAB_TSC" time="1.29099999999994"/>
    <testcase classname="ds.kurtosis_smk_method_2_split" name="simple_kurtosis_method_2_split_on_LAB_TSC" time="0.000999999999976353"/>
    <testcase classname="ds.kurtosis_smk_method_2_split" name="simple_kurtosis_method_2_split_on_LAB_TSC" time="0.000999999999976353"/>
    <testcase classname="ds.kurtosis_smk_method_2_split" name="simple_kurtosis_method_2_split_on_LAB_TSC" time="0.00200000000018008"/>
    <testcase classname="ds.kurtosis_smk_method_2_split" name="simple_kurtosis_method_2_split_on_LAB_TSC" time="0.000999999999976353"/>
    <testcase classname="ds.kurtosis_smk_method_2_split" name="simple_kurtosis_method_2_split_on_LAB_TSC" time="0.000999999999976353"/>
    <testcase classname="ds.kurtosis_smk_method_2_split" name="simple_kurtosis_method_2_split_on_LAB_TSC" time="0.000999999999976353"/>
    <testcase classname="ds.kurtosis_smk_method_2_split" name="simple_kurtosis_method_2_split_on_LAB_TSC" time="0.000999999999976353"/>
    <testcase classname="ds.kurtosis_smk_method_2_split" name="simple_kurtosis_method_2_split_on_LAB_TSC" time="0.00199999999995271"/>
    <testcase classname="ds.kurtosis_smk_method_2_split" name="simple_kurtosis_method_2_split_on_LAB_TSC" time="0.00199999999995271"/>
    <testcase classname="ds.kurtosis_smk_method_2_split" name="simple_kurtosis_method_2_split_on_LAB_TSC" time="0.00200000000018008"/>
    <testcase classname="ds.kurtosis_smk_method_2_split" name="simple_kurtosis_method_2_split_on_LAB_TSC" time="0.000999999999976353"/>
    <testcase classname="ds.kurtosis_smk_method_2_split" name="simple_kurtosis_method_2_split_on_LAB_TSC" time="0.00199999999995271"/>
    <testcase classname="ds.kurtosis_smk_method_2_split" name="simple_kurtosis_method_2_split_on_LAB_TSC" time="0.00199999999995271"/>
    <testcase classname="ds.kurtosis_smk_method_2_split" name="simple_kurtosis_method_2_split_on_LAB_TRIG" time="1.26099999999997"/>
    <testcase classname="ds.kurtosis_smk_method_2_split" name="simple_kurtosis_method_2_split_on_LAB_TRIG" time="0.00199999999995271"/>
    <testcase classname="ds.kurtosis_smk_method_2_split" name="simple_kurtosis_method_2_split_on_LAB_TRIG" time="0.00100000000020373"/>
    <testcase classname="ds.kurtosis_smk_method_2_split" name="simple_kurtosis_method_2_split_on_LAB_TRIG" time="0.00199999999995271"/>
    <testcase classname="ds.kurtosis_smk_method_2_split" name="simple_kurtosis_method_2_split_on_LAB_TRIG" time="0.000999999999976353"/>
    <testcase classname="ds.kurtosis_smk_method_2_split" name="simple_kurtosis_method_2_split_on_LAB_TRIG" time="0.00199999999995271"/>
    <testcase classname="ds.kurtosis_smk_method_2_split" name="simple_kurtosis_method_2_split_on_LAB_TRIG" time="0.000999999999976353"/>
    <testcase classname="ds.kurtosis_smk_method_2_split" name="simple_kurtosis_method_2_split_on_LAB_TRIG" time="0.000999999999976353"/>
    <testcase classname="ds.kurtosis_smk_method_2_split" name="simple_kurtosis_method_2_split_on_LAB_TRIG" time="0.00200000000018008"/>
    <testcase classname="ds.kurtosis_smk_method_2_split" name="simple_kurtosis_method_2_split_on_LAB_TRIG" time="0.00199999999995271"/>
    <testcase classname="ds.kurtosis_smk_method_2_split" name="simple_kurtosis_method_2_split_on_LAB_TRIG" time="0.000999999999976353"/>
    <testcase classname="ds.kurtosis_smk_method_2_split" name="simple_kurtosis_method_2_split_on_LAB_TRIG" time="0.00199999999995271"/>
    <testcase classname="ds.kurtosis_smk_method_2_split" name="simple_kurtosis_method_2_split_on_LAB_TRIG" time="0.000999999999976353"/>
    <testcase classname="ds.kurtosis_smk_method_2_split" name="simple_kurtosis_method_2_split_on_LAB_TRIG" time="0.00199999999995271"/>
    <testcase classname="ds.kurtosis_smk_method_2_split" name="simple_kurtosis_method_2_split_on_LAB_HDL" time="1.21000000000004"/>
    <testcase classname="ds.kurtosis_smk_method_2_split" name="simple_kurtosis_method_2_split_on_LAB_HDL" time="0.00199999999995271"/>
    <testcase classname="ds.kurtosis_smk_method_2_split" name="simple_kurtosis_method_2_split_on_LAB_HDL" time="0.00100000000020373"/>
    <testcase classname="ds.kurtosis_smk_method_2_split" name="simple_kurtosis_method_2_split_on_LAB_HDL" time="0.00199999999995271"/>
    <testcase classname="ds.kurtosis_smk_method_2_split" name="simple_kurtosis_method_2_split_on_LAB_HDL" time="0.000999999999976353"/>
    <testcase classname="ds.kurtosis_smk_method_2_split" name="simple_kurtosis_method_2_split_on_LAB_HDL" time="0.00199999999995271"/>
    <testcase classname="ds.kurtosis_smk_method_2_split" name="simple_kurtosis_method_2_split_on_LAB_HDL" time="0.000999999999976353"/>
    <testcase classname="ds.kurtosis_smk_method_2_split" name="simple_kurtosis_method_2_split_on_LAB_HDL" time="0.00199999999995271"/>
    <testcase classname="ds.kurtosis_smk_method_2_split" name="simple_kurtosis_method_2_split_on_LAB_HDL" time="0.000999999999976353"/>
    <testcase classname="ds.kurtosis_smk_method_2_split" name="simple_kurtosis_method_2_split_on_LAB_HDL" time="0.00200000000018008"/>
    <testcase classname="ds.kurtosis_smk_method_2_split" name="simple_kurtosis_method_2_split_on_LAB_HDL" time="0.00199999999995271"/>
    <testcase classname="ds.kurtosis_smk_method_2_split" name="simple_kurtosis_method_2_split_on_LAB_HDL" time="0.00199999999995271"/>
    <testcase classname="ds.kurtosis_smk_method_2_split" name="simple_kurtosis_method_2_split_on_LAB_HDL" time="0.000999999999976353"/>
    <testcase classname="ds.kurtosis_smk_method_2_split" name="simple_kurtosis_method_2_split_on_LAB_HDL" time="0.00199999999995271"/>
    <testcase classname="ds.kurtosis_smk_method_2_split" name="simple_kurtosis_method_2_split_on_LAB_GLUC_ADJUSTED" time="1.22600000000011"/>
    <testcase classname="ds.kurtosis_smk_method_2_split" name="simple_kurtosis_method_2_split_on_LAB_GLUC_ADJUSTED" time="0.00199999999995271"/>
    <testcase classname="ds.kurtosis_smk_method_2_split" name="simple_kurtosis_method_2_split_on_LAB_GLUC_ADJUSTED" time="0.00199999999995271"/>
    <testcase classname="ds.kurtosis_smk_method_2_split" name="simple_kurtosis_method_2_split_on_LAB_GLUC_ADJUSTED" time="0.000999999999976353"/>
    <testcase classname="ds.kurtosis_smk_method_2_split" name="simple_kurtosis_method_2_split_on_LAB_GLUC_ADJUSTED" time="0.00200000000018008"/>
    <testcase classname="ds.kurtosis_smk_method_2_split" name="simple_kurtosis_method_2_split_on_LAB_GLUC_ADJUSTED" time="0.00199999999995271"/>
    <testcase classname="ds.kurtosis_smk_method_2_split" name="simple_kurtosis_method_2_split_on_LAB_GLUC_ADJUSTED" time="0.000999999999976353"/>
    <testcase classname="ds.kurtosis_smk_method_2_split" name="simple_kurtosis_method_2_split_on_LAB_GLUC_ADJUSTED" time="0.00199999999995271"/>
    <testcase classname="ds.kurtosis_smk_method_2_split" name="simple_kurtosis_method_2_split_on_LAB_GLUC_ADJUSTED" time="0.00199999999995271"/>
    <testcase classname="ds.kurtosis_smk_method_2_split" name="simple_kurtosis_method_2_split_on_LAB_GLUC_ADJUSTED" time="0.00300000000015643"/>
    <testcase classname="ds.kurtosis_smk_method_2_split" name="simple_kurtosis_method_2_split_on_LAB_GLUC_ADJUSTED" time="0.00199999999995271"/>
    <testcase classname="ds.kurtosis_smk_method_2_split" name="simple_kurtosis_method_2_split_on_LAB_GLUC_ADJUSTED" time="0.000999999999976353"/>
    <testcase classname="ds.kurtosis_smk_method_2_split" name="simple_kurtosis_method_2_split_on_LAB_GLUC_ADJUSTED" time="0.00199999999995271"/>
    <testcase classname="ds.kurtosis_smk_method_2_split" name="simple_kurtosis_method_2_split_on_LAB_GLUC_ADJUSTED" time="0.00199999999995271"/>
    <testcase classname="ds.kurtosis_smk_method_2_split" name="simple_kurtosis_method_2_split_on_PM_BMI_CONTINUOUS" time="1.20400000000018"/>
    <testcase classname="ds.kurtosis_smk_method_2_split" name="simple_kurtosis_method_2_split_on_PM_BMI_CONTINUOUS" time="0.00199999999995271"/>
    <testcase classname="ds.kurtosis_smk_method_2_split" name="simple_kurtosis_method_2_split_on_PM_BMI_CONTINUOUS" time="0.00199999999995271"/>
    <testcase classname="ds.kurtosis_smk_method_2_split" name="simple_kurtosis_method_2_split_on_PM_BMI_CONTINUOUS" time="0.00199999999995271"/>
    <testcase classname="ds.kurtosis_smk_method_2_split" name="simple_kurtosis_method_2_split_on_PM_BMI_CONTINUOUS" time="0.00199999999995271"/>
    <testcase classname="ds.kurtosis_smk_method_2_split" name="simple_kurtosis_method_2_split_on_PM_BMI_CONTINUOUS" time="0.00200000000018008"/>
    <testcase classname="ds.kurtosis_smk_method_2_split" name="simple_kurtosis_method_2_split_on_PM_BMI_CONTINUOUS" time="0.00199999999995271"/>
    <testcase classname="ds.kurtosis_smk_method_2_split" name="simple_kurtosis_method_2_split_on_PM_BMI_CONTINUOUS" time="0.00199999999995271"/>
    <testcase classname="ds.kurtosis_smk_method_2_split" name="simple_kurtosis_method_2_split_on_PM_BMI_CONTINUOUS" time="0.00199999999995271"/>
    <testcase classname="ds.kurtosis_smk_method_2_split" name="simple_kurtosis_method_2_split_on_PM_BMI_CONTINUOUS" time="0.00300000000015643"/>
    <testcase classname="ds.kurtosis_smk_method_2_split" name="simple_kurtosis_method_2_split_on_PM_BMI_CONTINUOUS" time="0.00199999999995271"/>
    <testcase classname="ds.kurtosis_smk_method_2_split" name="simple_kurtosis_method_2_split_on_PM_BMI_CONTINUOUS" time="0.00199999999995271"/>
    <testcase classname="ds.kurtosis_smk_method_2_split" name="simple_kurtosis_method_2_split_on_PM_BMI_CONTINUOUS" time="0.00299999999992906"/>
    <testcase classname="ds.kurtosis_smk_method_2_split" name="simple_kurtosis_method_2_split_on_PM_BMI_CONTINUOUS" time="0.00200000000018008"/>
  </testsuite>
  <testsuite errors="0" failures="0" hostname="fv-az14" name="ds.kurtosis::smk::method 2::combine" skipped="0" tests="40" time="7.443" timestamp="2020-09-17T10:17:56Z">
    <testcase classname="ds.kurtosis_smk_method_2_combine" name="simple_kurtosis_combine_on_LAB_TSC" time="1.48199999999997"/>
    <testcase classname="ds.kurtosis_smk_method_2_combine" name="simple_kurtosis_combine_on_LAB_TSC" time="0.00199999999995271"/>
    <testcase classname="ds.kurtosis_smk_method_2_combine" name="simple_kurtosis_combine_on_LAB_TSC" time="0.000999999999976353"/>
    <testcase classname="ds.kurtosis_smk_method_2_combine" name="simple_kurtosis_combine_on_LAB_TSC" time="0.000999999999976353"/>
    <testcase classname="ds.kurtosis_smk_method_2_combine" name="simple_kurtosis_combine_on_LAB_TSC" time="0.000999999999976353"/>
    <testcase classname="ds.kurtosis_smk_method_2_combine" name="simple_kurtosis_combine_on_LAB_TSC" time="0.00199999999995271"/>
    <testcase classname="ds.kurtosis_smk_method_2_combine" name="simple_kurtosis_combine_on_LAB_TSC" time="0.00100000000020373"/>
    <testcase classname="ds.kurtosis_smk_method_2_combine" name="simple_kurtosis_combine_on_LAB_TSC" time="0.000999999999976353"/>
    <testcase classname="ds.kurtosis_smk_method_2_combine" name="simple_kurtosis_method_2_combine_on_LAB_TRIG" time="1.46799999999985"/>
    <testcase classname="ds.kurtosis_smk_method_2_combine" name="simple_kurtosis_method_2_combine_on_LAB_TRIG" time="0.000999999999976353"/>
    <testcase classname="ds.kurtosis_smk_method_2_combine" name="simple_kurtosis_method_2_combine_on_LAB_TRIG" time="0.000999999999976353"/>
    <testcase classname="ds.kurtosis_smk_method_2_combine" name="simple_kurtosis_method_2_combine_on_LAB_TRIG" time="0.00100000000020373"/>
    <testcase classname="ds.kurtosis_smk_method_2_combine" name="simple_kurtosis_method_2_combine_on_LAB_TRIG" time="0.00199999999995271"/>
    <testcase classname="ds.kurtosis_smk_method_2_combine" name="simple_kurtosis_method_2_combine_on_LAB_TRIG" time="0.000999999999976353"/>
    <testcase classname="ds.kurtosis_smk_method_2_combine" name="simple_kurtosis_method_2_combine_on_LAB_TRIG" time="0.00199999999995271"/>
    <testcase classname="ds.kurtosis_smk_method_2_combine" name="simple_kurtosis_method_2_combine_on_LAB_TRIG" time="0.000999999999976353"/>
    <testcase classname="ds.kurtosis_smk_method_2_combine" name="simple_kurtosis_method_2_combine_on_LAB_HDL" time="1.47700000000009"/>
    <testcase classname="ds.kurtosis_smk_method_2_combine" name="simple_kurtosis_method_2_combine_on_LAB_HDL" time="0.000999999999976353"/>
    <testcase classname="ds.kurtosis_smk_method_2_combine" name="simple_kurtosis_method_2_combine_on_LAB_HDL" time="0.000999999999976353"/>
    <testcase classname="ds.kurtosis_smk_method_2_combine" name="simple_kurtosis_method_2_combine_on_LAB_HDL" time="0.00199999999995271"/>
    <testcase classname="ds.kurtosis_smk_method_2_combine" name="simple_kurtosis_method_2_combine_on_LAB_HDL" time="0.000999999999976353"/>
    <testcase classname="ds.kurtosis_smk_method_2_combine" name="simple_kurtosis_method_2_combine_on_LAB_HDL" time="0.000999999999976353"/>
    <testcase classname="ds.kurtosis_smk_method_2_combine" name="simple_kurtosis_method_2_combine_on_LAB_HDL" time="0.000999999999976353"/>
    <testcase classname="ds.kurtosis_smk_method_2_combine" name="simple_kurtosis_method_2_combine_on_LAB_HDL" time="0.000999999999976353"/>
    <testcase classname="ds.kurtosis_smk_method_2_combine" name="simple_kurtosis_method_2_combine_on_LAB_GLUC_ADJUSTED" time="1.48399999999992"/>
    <testcase classname="ds.kurtosis_smk_method_2_combine" name="simple_kurtosis_method_2_combine_on_LAB_GLUC_ADJUSTED" time="0.00199999999995271"/>
    <testcase classname="ds.kurtosis_smk_method_2_combine" name="simple_kurtosis_method_2_combine_on_LAB_GLUC_ADJUSTED" time="0.000999999999976353"/>
    <testcase classname="ds.kurtosis_smk_method_2_combine" name="simple_kurtosis_method_2_combine_on_LAB_GLUC_ADJUSTED" time="0.00200000000018008"/>
    <testcase classname="ds.kurtosis_smk_method_2_combine" name="simple_kurtosis_method_2_combine_on_LAB_GLUC_ADJUSTED" time="0.00199999999995271"/>
    <testcase classname="ds.kurtosis_smk_method_2_combine" name="simple_kurtosis_method_2_combine_on_LAB_GLUC_ADJUSTED" time="0.000999999999976353"/>
    <testcase classname="ds.kurtosis_smk_method_2_combine" name="simple_kurtosis_method_2_combine_on_LAB_GLUC_ADJUSTED" time="0.00199999999995271"/>
    <testcase classname="ds.kurtosis_smk_method_2_combine" name="simple_kurtosis_method_2_combine_on_LAB_GLUC_ADJUSTED" time="0.00199999999995271"/>
    <testcase classname="ds.kurtosis_smk_method_2_combine" name="simple_kurtosis_method_2_combine_on_PM_BMI_CONTINUOUS" time="1.48099999999999"/>
    <testcase classname="ds.kurtosis_smk_method_2_combine" name="simple_kurtosis_method_2_combine_on_PM_BMI_CONTINUOUS" time="0.00200000000018008"/>
    <testcase classname="ds.kurtosis_smk_method_2_combine" name="simple_kurtosis_method_2_combine_on_PM_BMI_CONTINUOUS" time="0.00199999999995271"/>
    <testcase classname="ds.kurtosis_smk_method_2_combine" name="simple_kurtosis_method_2_combine_on_PM_BMI_CONTINUOUS" time="0.00199999999995271"/>
    <testcase classname="ds.kurtosis_smk_method_2_combine" name="simple_kurtosis_method_2_combine_on_PM_BMI_CONTINUOUS" time="0.000999999999976353"/>
    <testcase classname="ds.kurtosis_smk_method_2_combine" name="simple_kurtosis_method_2_combine_on_PM_BMI_CONTINUOUS" time="0.00199999999995271"/>
    <testcase classname="ds.kurtosis_smk_method_2_combine" name="simple_kurtosis_method_2_combine_on_PM_BMI_CONTINUOUS" time="0.00200000000018008"/>
    <testcase classname="ds.kurtosis_smk_method_2_combine" name="simple_kurtosis_method_2_combine_on_PM_BMI_CONTINUOUS" time="0.00199999999995271"/>
  </testsuite>
  <testsuite errors="0" failures="0" hostname="fv-az14" name="ds.kurtosis::smk::method 2::both" skipped="0" tests="110" time="8.936" timestamp="2020-09-17T10:18:04Z">
    <testcase classname="ds.kurtosis_smk_method_2_both" name="simple_kurtosis_both_on_LAB_TSC" time="1.75499999999988"/>
    <testcase classname="ds.kurtosis_smk_method_2_both" name="simple_kurtosis_both_on_LAB_TSC" time="0.00199999999995271"/>
    <testcase classname="ds.kurtosis_smk_method_2_both" name="simple_kurtosis_both_on_LAB_TSC" time="0.00100000000020373"/>
    <testcase classname="ds.kurtosis_smk_method_2_both" name="simple_kurtosis_both_on_LAB_TSC" time="0.000999999999976353"/>
    <testcase classname="ds.kurtosis_smk_method_2_both" name="simple_kurtosis_both_on_LAB_TSC" time="0.00199999999995271"/>
    <testcase classname="ds.kurtosis_smk_method_2_both" name="simple_kurtosis_both_on_LAB_TSC" time="0.000999999999976353"/>
    <testcase classname="ds.kurtosis_smk_method_2_both" name="simple_kurtosis_both_on_LAB_TSC" time="0.000999999999976353"/>
    <testcase classname="ds.kurtosis_smk_method_2_both" name="simple_kurtosis_both_on_LAB_TSC" time="0.000999999999976353"/>
    <testcase classname="ds.kurtosis_smk_method_2_both" name="simple_kurtosis_both_on_LAB_TSC" time="0.00199999999995271"/>
    <testcase classname="ds.kurtosis_smk_method_2_both" name="simple_kurtosis_both_on_LAB_TSC" time="0.000999999999976353"/>
    <testcase classname="ds.kurtosis_smk_method_2_both" name="simple_kurtosis_both_on_LAB_TSC" time="0.00200000000018008"/>
    <testcase classname="ds.kurtosis_smk_method_2_both" name="simple_kurtosis_both_on_LAB_TSC" time="0.000999999999976353"/>
    <testcase classname="ds.kurtosis_smk_method_2_both" name="simple_kurtosis_both_on_LAB_TSC" time="0.00199999999995271"/>
    <testcase classname="ds.kurtosis_smk_method_2_both" name="simple_kurtosis_both_on_LAB_TSC" time="0.00199999999995271"/>
    <testcase classname="ds.kurtosis_smk_method_2_both" name="simple_kurtosis_both_on_LAB_TSC" time="0.000999999999976353"/>
    <testcase classname="ds.kurtosis_smk_method_2_both" name="simple_kurtosis_both_on_LAB_TSC" time="0.000999999999976353"/>
    <testcase classname="ds.kurtosis_smk_method_2_both" name="simple_kurtosis_both_on_LAB_TSC" time="0.00200000000018008"/>
    <testcase classname="ds.kurtosis_smk_method_2_both" name="simple_kurtosis_both_on_LAB_TSC" time="0.000999999999976353"/>
    <testcase classname="ds.kurtosis_smk_method_2_both" name="simple_kurtosis_both_on_LAB_TSC" time="0.000999999999976353"/>
    <testcase classname="ds.kurtosis_smk_method_2_both" name="simple_kurtosis_both_on_LAB_TSC" time="0.00199999999995271"/>
    <testcase classname="ds.kurtosis_smk_method_2_both" name="simple_kurtosis_both_on_LAB_TSC" time="0.00199999999995271"/>
    <testcase classname="ds.kurtosis_smk_method_2_both" name="simple_kurtosis_both_on_LAB_TSC" time="0.000999999999976353"/>
    <testcase classname="ds.kurtosis_smk_method_2_both" name="simple_kurtosis_method_2_both_on_LAB_TRIG" time="1.73199999999997"/>
    <testcase classname="ds.kurtosis_smk_method_2_both" name="simple_kurtosis_method_2_both_on_LAB_TRIG" time="0.00100000000020373"/>
    <testcase classname="ds.kurtosis_smk_method_2_both" name="simple_kurtosis_method_2_both_on_LAB_TRIG" time="0.00199999999995271"/>
    <testcase classname="ds.kurtosis_smk_method_2_both" name="simple_kurtosis_method_2_both_on_LAB_TRIG" time="0.00199999999995271"/>
    <testcase classname="ds.kurtosis_smk_method_2_both" name="simple_kurtosis_method_2_both_on_LAB_TRIG" time="0.00199999999995271"/>
    <testcase classname="ds.kurtosis_smk_method_2_both" name="simple_kurtosis_method_2_both_on_LAB_TRIG" time="0.000999999999976353"/>
    <testcase classname="ds.kurtosis_smk_method_2_both" name="simple_kurtosis_method_2_both_on_LAB_TRIG" time="0.00200000000018008"/>
    <testcase classname="ds.kurtosis_smk_method_2_both" name="simple_kurtosis_method_2_both_on_LAB_TRIG" time="0.000999999999976353"/>
    <testcase classname="ds.kurtosis_smk_method_2_both" name="simple_kurtosis_method_2_both_on_LAB_TRIG" time="0.00199999999995271"/>
    <testcase classname="ds.kurtosis_smk_method_2_both" name="simple_kurtosis_method_2_both_on_LAB_TRIG" time="0.000999999999976353"/>
    <testcase classname="ds.kurtosis_smk_method_2_both" name="simple_kurtosis_method_2_both_on_LAB_TRIG" time="0.00199999999995271"/>
    <testcase classname="ds.kurtosis_smk_method_2_both" name="simple_kurtosis_method_2_both_on_LAB_TRIG" time="0.00199999999995271"/>
    <testcase classname="ds.kurtosis_smk_method_2_both" name="simple_kurtosis_method_2_both_on_LAB_TRIG" time="0.000999999999976353"/>
    <testcase classname="ds.kurtosis_smk_method_2_both" name="simple_kurtosis_method_2_both_on_LAB_TRIG" time="0.00200000000018008"/>
    <testcase classname="ds.kurtosis_smk_method_2_both" name="simple_kurtosis_method_2_both_on_LAB_TRIG" time="0.00199999999995271"/>
    <testcase classname="ds.kurtosis_smk_method_2_both" name="simple_kurtosis_method_2_both_on_LAB_TRIG" time="0.000999999999976353"/>
    <testcase classname="ds.kurtosis_smk_method_2_both" name="simple_kurtosis_method_2_both_on_LAB_TRIG" time="0.00199999999995271"/>
    <testcase classname="ds.kurtosis_smk_method_2_both" name="simple_kurtosis_method_2_both_on_LAB_TRIG" time="0.00199999999995271"/>
    <testcase classname="ds.kurtosis_smk_method_2_both" name="simple_kurtosis_method_2_both_on_LAB_TRIG" time="0.00100000000020373"/>
    <testcase classname="ds.kurtosis_smk_method_2_both" name="simple_kurtosis_method_2_both_on_LAB_TRIG" time="0.00199999999995271"/>
    <testcase classname="ds.kurtosis_smk_method_2_both" name="simple_kurtosis_method_2_both_on_LAB_TRIG" time="0.00199999999995271"/>
    <testcase classname="ds.kurtosis_smk_method_2_both" name="simple_kurtosis_method_2_both_on_LAB_TRIG" time="0.00199999999995271"/>
    <testcase classname="ds.kurtosis_smk_method_2_both" name="simple_kurtosis_method_2_both_on_LAB_HDL" time="1.74600000000009"/>
    <testcase classname="ds.kurtosis_smk_method_2_both" name="simple_kurtosis_method_2_both_on_LAB_HDL" time="0.00199999999995271"/>
    <testcase classname="ds.kurtosis_smk_method_2_both" name="simple_kurtosis_method_2_both_on_LAB_HDL" time="0.00499999999988177"/>
    <testcase classname="ds.kurtosis_smk_method_2_both" name="simple_kurtosis_method_2_both_on_LAB_HDL" time="0.00200000000018008"/>
    <testcase classname="ds.kurtosis_smk_method_2_both" name="simple_kurtosis_method_2_both_on_LAB_HDL" time="0.00199999999995271"/>
    <testcase classname="ds.kurtosis_smk_method_2_both" name="simple_kurtosis_method_2_both_on_LAB_HDL" time="0.00199999999995271"/>
    <testcase classname="ds.kurtosis_smk_method_2_both" name="simple_kurtosis_method_2_both_on_LAB_HDL" time="0.00199999999995271"/>
    <testcase classname="ds.kurtosis_smk_method_2_both" name="simple_kurtosis_method_2_both_on_LAB_HDL" time="0.00199999999995271"/>
    <testcase classname="ds.kurtosis_smk_method_2_both" name="simple_kurtosis_method_2_both_on_LAB_HDL" time="0.00300000000015643"/>
    <testcase classname="ds.kurtosis_smk_method_2_both" name="simple_kurtosis_method_2_both_on_LAB_HDL" time="0.00399999999990541"/>
    <testcase classname="ds.kurtosis_smk_method_2_both" name="simple_kurtosis_method_2_both_on_LAB_HDL" time="0.00199999999995271"/>
    <testcase classname="ds.kurtosis_smk_method_2_both" name="simple_kurtosis_method_2_both_on_LAB_HDL" time="0.00200000000018008"/>
    <testcase classname="ds.kurtosis_smk_method_2_both" name="simple_kurtosis_method_2_both_on_LAB_HDL" time="0.000999999999976353"/>
    <testcase classname="ds.kurtosis_smk_method_2_both" name="simple_kurtosis_method_2_both_on_LAB_HDL" time="0.00299999999992906"/>
    <testcase classname="ds.kurtosis_smk_method_2_both" name="simple_kurtosis_method_2_both_on_LAB_HDL" time="0.00199999999995271"/>
    <testcase classname="ds.kurtosis_smk_method_2_both" name="simple_kurtosis_method_2_both_on_LAB_HDL" time="0.00199999999995271"/>
    <testcase classname="ds.kurtosis_smk_method_2_both" name="simple_kurtosis_method_2_both_on_LAB_HDL" time="0.00200000000018008"/>
    <testcase classname="ds.kurtosis_smk_method_2_both" name="simple_kurtosis_method_2_both_on_LAB_HDL" time="0.00299999999992906"/>
    <testcase classname="ds.kurtosis_smk_method_2_both" name="simple_kurtosis_method_2_both_on_LAB_HDL" time="0.00199999999995271"/>
    <testcase classname="ds.kurtosis_smk_method_2_both" name="simple_kurtosis_method_2_both_on_LAB_HDL" time="0.00199999999995271"/>
    <testcase classname="ds.kurtosis_smk_method_2_both" name="simple_kurtosis_method_2_both_on_LAB_HDL" time="0.00200000000018008"/>
    <testcase classname="ds.kurtosis_smk_method_2_both" name="simple_kurtosis_method_2_both_on_LAB_HDL" time="0.00299999999992906"/>
    <testcase classname="ds.kurtosis_smk_method_2_both" name="simple_kurtosis_method_2_both_on_LAB_GLUC_ADJUSTED" time="1.73199999999997"/>
    <testcase classname="ds.kurtosis_smk_method_2_both" name="simple_kurtosis_method_2_both_on_LAB_GLUC_ADJUSTED" time="0.00199999999995271"/>
    <testcase classname="ds.kurtosis_smk_method_2_both" name="simple_kurtosis_method_2_both_on_LAB_GLUC_ADJUSTED" time="0.00199999999995271"/>
    <testcase classname="ds.kurtosis_smk_method_2_both" name="simple_kurtosis_method_2_both_on_LAB_GLUC_ADJUSTED" time="0.00200000000018008"/>
    <testcase classname="ds.kurtosis_smk_method_2_both" name="simple_kurtosis_method_2_both_on_LAB_GLUC_ADJUSTED" time="0.00199999999995271"/>
    <testcase classname="ds.kurtosis_smk_method_2_both" name="simple_kurtosis_method_2_both_on_LAB_GLUC_ADJUSTED" time="0.00199999999995271"/>
    <testcase classname="ds.kurtosis_smk_method_2_both" name="simple_kurtosis_method_2_both_on_LAB_GLUC_ADJUSTED" time="0.00199999999995271"/>
    <testcase classname="ds.kurtosis_smk_method_2_both" name="simple_kurtosis_method_2_both_on_LAB_GLUC_ADJUSTED" time="0.00200000000018008"/>
    <testcase classname="ds.kurtosis_smk_method_2_both" name="simple_kurtosis_method_2_both_on_LAB_GLUC_ADJUSTED" time="0.00199999999995271"/>
    <testcase classname="ds.kurtosis_smk_method_2_both" name="simple_kurtosis_method_2_both_on_LAB_GLUC_ADJUSTED" time="0.00299999999992906"/>
    <testcase classname="ds.kurtosis_smk_method_2_both" name="simple_kurtosis_method_2_both_on_LAB_GLUC_ADJUSTED" time="0.00199999999995271"/>
    <testcase classname="ds.kurtosis_smk_method_2_both" name="simple_kurtosis_method_2_both_on_LAB_GLUC_ADJUSTED" time="0.00199999999995271"/>
    <testcase classname="ds.kurtosis_smk_method_2_both" name="simple_kurtosis_method_2_both_on_LAB_GLUC_ADJUSTED" time="0.00200000000018008"/>
    <testcase classname="ds.kurtosis_smk_method_2_both" name="simple_kurtosis_method_2_both_on_LAB_GLUC_ADJUSTED" time="0.00199999999995271"/>
    <testcase classname="ds.kurtosis_smk_method_2_both" name="simple_kurtosis_method_2_both_on_LAB_GLUC_ADJUSTED" time="0.00199999999995271"/>
    <testcase classname="ds.kurtosis_smk_method_2_both" name="simple_kurtosis_method_2_both_on_LAB_GLUC_ADJUSTED" time="0.00199999999995271"/>
    <testcase classname="ds.kurtosis_smk_method_2_both" name="simple_kurtosis_method_2_both_on_LAB_GLUC_ADJUSTED" time="0.00200000000018008"/>
    <testcase classname="ds.kurtosis_smk_method_2_both" name="simple_kurtosis_method_2_both_on_LAB_GLUC_ADJUSTED" time="0.00199999999995271"/>
    <testcase classname="ds.kurtosis_smk_method_2_both" name="simple_kurtosis_method_2_both_on_LAB_GLUC_ADJUSTED" time="0.00199999999995271"/>
    <testcase classname="ds.kurtosis_smk_method_2_both" name="simple_kurtosis_method_2_both_on_LAB_GLUC_ADJUSTED" time="0.00199999999995271"/>
    <testcase classname="ds.kurtosis_smk_method_2_both" name="simple_kurtosis_method_2_both_on_LAB_GLUC_ADJUSTED" time="0.00300000000015643"/>
    <testcase classname="ds.kurtosis_smk_method_2_both" name="simple_kurtosis_method_2_both_on_LAB_GLUC_ADJUSTED" time="0.00199999999995271"/>
    <testcase classname="ds.kurtosis_smk_method_2_both" name="simple_kurtosis_method_2_both_on_PM_BMI_CONTINUOUS" time="1.75099999999998"/>
    <testcase classname="ds.kurtosis_smk_method_2_both" name="simple_kurtosis_method_2_both_on_PM_BMI_CONTINUOUS" time="0.00199999999995271"/>
    <testcase classname="ds.kurtosis_smk_method_2_both" name="simple_kurtosis_method_2_both_on_PM_BMI_CONTINUOUS" time="0.00299999999992906"/>
    <testcase classname="ds.kurtosis_smk_method_2_both" name="simple_kurtosis_method_2_both_on_PM_BMI_CONTINUOUS" time="0.00200000000018008"/>
    <testcase classname="ds.kurtosis_smk_method_2_both" name="simple_kurtosis_method_2_both_on_PM_BMI_CONTINUOUS" time="0.00199999999995271"/>
    <testcase classname="ds.kurtosis_smk_method_2_both" name="simple_kurtosis_method_2_both_on_PM_BMI_CONTINUOUS" time="0.00299999999992906"/>
    <testcase classname="ds.kurtosis_smk_method_2_both" name="simple_kurtosis_method_2_both_on_PM_BMI_CONTINUOUS" time="0.00199999999995271"/>
    <testcase classname="ds.kurtosis_smk_method_2_both" name="simple_kurtosis_method_2_both_on_PM_BMI_CONTINUOUS" time="0.00300000000015643"/>
    <testcase classname="ds.kurtosis_smk_method_2_both" name="simple_kurtosis_method_2_both_on_PM_BMI_CONTINUOUS" time="0.00299999999992906"/>
    <testcase classname="ds.kurtosis_smk_method_2_both" name="simple_kurtosis_method_2_both_on_PM_BMI_CONTINUOUS" time="0.00199999999995271"/>
    <testcase classname="ds.kurtosis_smk_method_2_both" name="simple_kurtosis_method_2_both_on_PM_BMI_CONTINUOUS" time="0.00300000000015643"/>
    <testcase classname="ds.kurtosis_smk_method_2_both" name="simple_kurtosis_method_2_both_on_PM_BMI_CONTINUOUS" time="0.00199999999995271"/>
    <testcase classname="ds.kurtosis_smk_method_2_both" name="simple_kurtosis_method_2_both_on_PM_BMI_CONTINUOUS" time="0.00299999999992906"/>
    <testcase classname="ds.kurtosis_smk_method_2_both" name="simple_kurtosis_method_2_both_on_PM_BMI_CONTINUOUS" time="0.00299999999992906"/>
    <testcase classname="ds.kurtosis_smk_method_2_both" name="simple_kurtosis_method_2_both_on_PM_BMI_CONTINUOUS" time="0.00300000000015643"/>
    <testcase classname="ds.kurtosis_smk_method_2_both" name="simple_kurtosis_method_2_both_on_PM_BMI_CONTINUOUS" time="0.00299999999992906"/>
    <testcase classname="ds.kurtosis_smk_method_2_both" name="simple_kurtosis_method_2_both_on_PM_BMI_CONTINUOUS" time="0.00900000000001455"/>
    <testcase classname="ds.kurtosis_smk_method_2_both" name="simple_kurtosis_method_2_both_on_PM_BMI_CONTINUOUS" time="0.00299999999992906"/>
    <testcase classname="ds.kurtosis_smk_method_2_both" name="simple_kurtosis_method_2_both_on_PM_BMI_CONTINUOUS" time="0.00300000000015643"/>
    <testcase classname="ds.kurtosis_smk_method_2_both" name="simple_kurtosis_method_2_both_on_PM_BMI_CONTINUOUS" time="0.00199999999995271"/>
    <testcase classname="ds.kurtosis_smk_method_2_both" name="simple_kurtosis_method_2_both_on_PM_BMI_CONTINUOUS" time="0.00299999999992906"/>
    <testcase classname="ds.kurtosis_smk_method_2_both" name="simple_kurtosis_method_2_both_on_PM_BMI_CONTINUOUS" time="0.00199999999995271"/>
  </testsuite>
  <testsuite errors="0" failures="0" hostname="fv-az14" name="ds.kurtosis::smk::method 3::split" skipped="0" tests="70" time="6.175" timestamp="2020-09-17T10:18:13Z">
    <testcase classname="ds.kurtosis_smk_method_3_split" name="simple_kurtosis_method_3_split_on_LAB_TSC" time="1.21300000000019"/>
    <testcase classname="ds.kurtosis_smk_method_3_split" name="simple_kurtosis_method_3_split_on_LAB_TSC" time="0.000999999999976353"/>
    <testcase classname="ds.kurtosis_smk_method_3_split" name="simple_kurtosis_method_3_split_on_LAB_TSC" time="0.000999999999976353"/>
    <testcase classname="ds.kurtosis_smk_method_3_split" name="simple_kurtosis_method_3_split_on_LAB_TSC" time="0.00199999999995271"/>
    <testcase classname="ds.kurtosis_smk_method_3_split" name="simple_kurtosis_method_3_split_on_LAB_TSC" time="0.000999999999976353"/>
    <testcase classname="ds.kurtosis_smk_method_3_split" name="simple_kurtosis_method_3_split_on_LAB_TSC" time="0.000999999999976353"/>
    <testcase classname="ds.kurtosis_smk_method_3_split" name="simple_kurtosis_method_3_split_on_LAB_TSC" time="0.000999999999976353"/>
    <testcase classname="ds.kurtosis_smk_method_3_split" name="simple_kurtosis_method_3_split_on_LAB_TSC" time="0.000999999999976353"/>
    <testcase classname="ds.kurtosis_smk_method_3_split" name="simple_kurtosis_method_3_split_on_LAB_TSC" time="0.00200000000018008"/>
    <testcase classname="ds.kurtosis_smk_method_3_split" name="simple_kurtosis_method_3_split_on_LAB_TSC" time="0.000999999999976353"/>
    <testcase classname="ds.kurtosis_smk_method_3_split" name="simple_kurtosis_method_3_split_on_LAB_TSC" time="0.000999999999976353"/>
    <testcase classname="ds.kurtosis_smk_method_3_split" name="simple_kurtosis_method_3_split_on_LAB_TSC" time="0.000999999999976353"/>
    <testcase classname="ds.kurtosis_smk_method_3_split" name="simple_kurtosis_method_3_split_on_LAB_TSC" time="0.00199999999995271"/>
    <testcase classname="ds.kurtosis_smk_method_3_split" name="simple_kurtosis_method_3_split_on_LAB_TSC" time="0.000999999999976353"/>
    <testcase classname="ds.kurtosis_smk_method_3_split" name="simple_kurtosis_method_3_split_on_LAB_TRIG" time="1.22000000000003"/>
    <testcase classname="ds.kurtosis_smk_method_3_split" name="simple_kurtosis_method_3_split_on_LAB_TRIG" time="0.000999999999976353"/>
    <testcase classname="ds.kurtosis_smk_method_3_split" name="simple_kurtosis_method_3_split_on_LAB_TRIG" time="0.000999999999976353"/>
    <testcase classname="ds.kurtosis_smk_method_3_split" name="simple_kurtosis_method_3_split_on_LAB_TRIG" time="0.00199999999995271"/>
    <testcase classname="ds.kurtosis_smk_method_3_split" name="simple_kurtosis_method_3_split_on_LAB_TRIG" time="0.00100000000020373"/>
    <testcase classname="ds.kurtosis_smk_method_3_split" name="simple_kurtosis_method_3_split_on_LAB_TRIG" time="0.00199999999995271"/>
    <testcase classname="ds.kurtosis_smk_method_3_split" name="simple_kurtosis_method_3_split_on_LAB_TRIG" time="0.000999999999976353"/>
    <testcase classname="ds.kurtosis_smk_method_3_split" name="simple_kurtosis_method_3_split_on_LAB_TRIG" time="0.00199999999995271"/>
    <testcase classname="ds.kurtosis_smk_method_3_split" name="simple_kurtosis_method_3_split_on_LAB_TRIG" time="0.000999999999976353"/>
    <testcase classname="ds.kurtosis_smk_method_3_split" name="simple_kurtosis_method_3_split_on_LAB_TRIG" time="0.000999999999976353"/>
    <testcase classname="ds.kurtosis_smk_method_3_split" name="simple_kurtosis_method_3_split_on_LAB_TRIG" time="0.00200000000018008"/>
    <testcase classname="ds.kurtosis_smk_method_3_split" name="simple_kurtosis_method_3_split_on_LAB_TRIG" time="0.000999999999976353"/>
    <testcase classname="ds.kurtosis_smk_method_3_split" name="simple_kurtosis_method_3_split_on_LAB_TRIG" time="0.00199999999995271"/>
    <testcase classname="ds.kurtosis_smk_method_3_split" name="simple_kurtosis_method_3_split_on_LAB_TRIG" time="0.000999999999976353"/>
    <testcase classname="ds.kurtosis_smk_method_3_split" name="simple_kurtosis_method_3_split_on_LAB_HDL" time="1.21000000000004"/>
    <testcase classname="ds.kurtosis_smk_method_3_split" name="simple_kurtosis_method_3_split_on_LAB_HDL" time="0.00199999999995271"/>
    <testcase classname="ds.kurtosis_smk_method_3_split" name="simple_kurtosis_method_3_split_on_LAB_HDL" time="0.000999999999976353"/>
    <testcase classname="ds.kurtosis_smk_method_3_split" name="simple_kurtosis_method_3_split_on_LAB_HDL" time="0.00199999999995271"/>
    <testcase classname="ds.kurtosis_smk_method_3_split" name="simple_kurtosis_method_3_split_on_LAB_HDL" time="0.00200000000018008"/>
    <testcase classname="ds.kurtosis_smk_method_3_split" name="simple_kurtosis_method_3_split_on_LAB_HDL" time="0.000999999999976353"/>
    <testcase classname="ds.kurtosis_smk_method_3_split" name="simple_kurtosis_method_3_split_on_LAB_HDL" time="0.00199999999995271"/>
    <testcase classname="ds.kurtosis_smk_method_3_split" name="simple_kurtosis_method_3_split_on_LAB_HDL" time="0.000999999999976353"/>
    <testcase classname="ds.kurtosis_smk_method_3_split" name="simple_kurtosis_method_3_split_on_LAB_HDL" time="0.00199999999995271"/>
    <testcase classname="ds.kurtosis_smk_method_3_split" name="simple_kurtosis_method_3_split_on_LAB_HDL" time="0.00199999999995271"/>
    <testcase classname="ds.kurtosis_smk_method_3_split" name="simple_kurtosis_method_3_split_on_LAB_HDL" time="0.000999999999976353"/>
    <testcase classname="ds.kurtosis_smk_method_3_split" name="simple_kurtosis_method_3_split_on_LAB_HDL" time="0.00200000000018008"/>
    <testcase classname="ds.kurtosis_smk_method_3_split" name="simple_kurtosis_method_3_split_on_LAB_HDL" time="0.00199999999995271"/>
    <testcase classname="ds.kurtosis_smk_method_3_split" name="simple_kurtosis_method_3_split_on_LAB_HDL" time="0.000999999999976353"/>
    <testcase classname="ds.kurtosis_smk_method_3_split" name="simple_kurtosis_method_3_split_on_LAB_GLUC_ADJUSTED" time="1.21399999999994"/>
    <testcase classname="ds.kurtosis_smk_method_3_split" name="simple_kurtosis_method_3_split_on_LAB_GLUC_ADJUSTED" time="0.000999999999976353"/>
    <testcase classname="ds.kurtosis_smk_method_3_split" name="simple_kurtosis_method_3_split_on_LAB_GLUC_ADJUSTED" time="0.00200000000018008"/>
    <testcase classname="ds.kurtosis_smk_method_3_split" name="simple_kurtosis_method_3_split_on_LAB_GLUC_ADJUSTED" time="0.00199999999995271"/>
    <testcase classname="ds.kurtosis_smk_method_3_split" name="simple_kurtosis_method_3_split_on_LAB_GLUC_ADJUSTED" time="0.00199999999995271"/>
    <testcase classname="ds.kurtosis_smk_method_3_split" name="simple_kurtosis_method_3_split_on_LAB_GLUC_ADJUSTED" time="0.00199999999995271"/>
    <testcase classname="ds.kurtosis_smk_method_3_split" name="simple_kurtosis_method_3_split_on_LAB_GLUC_ADJUSTED" time="0.00199999999995271"/>
    <testcase classname="ds.kurtosis_smk_method_3_split" name="simple_kurtosis_method_3_split_on_LAB_GLUC_ADJUSTED" time="0.00200000000018008"/>
    <testcase classname="ds.kurtosis_smk_method_3_split" name="simple_kurtosis_method_3_split_on_LAB_GLUC_ADJUSTED" time="0.00199999999995271"/>
    <testcase classname="ds.kurtosis_smk_method_3_split" name="simple_kurtosis_method_3_split_on_LAB_GLUC_ADJUSTED" time="0.00199999999995271"/>
    <testcase classname="ds.kurtosis_smk_method_3_split" name="simple_kurtosis_method_3_split_on_LAB_GLUC_ADJUSTED" time="0.00199999999995271"/>
    <testcase classname="ds.kurtosis_smk_method_3_split" name="simple_kurtosis_method_3_split_on_LAB_GLUC_ADJUSTED" time="0.00300000000015643"/>
    <testcase classname="ds.kurtosis_smk_method_3_split" name="simple_kurtosis_method_3_split_on_LAB_GLUC_ADJUSTED" time="0.00199999999995271"/>
    <testcase classname="ds.kurtosis_smk_method_3_split" name="simple_kurtosis_method_3_split_on_LAB_GLUC_ADJUSTED" time="0.00199999999995271"/>
    <testcase classname="ds.kurtosis_smk_method_3_split" name="simple_kurtosis_method_3_split_on_PM_BMI_CONTINUOUS" time="1.20900000000006"/>
    <testcase classname="ds.kurtosis_smk_method_3_split" name="simple_kurtosis_method_3_split_on_PM_BMI_CONTINUOUS" time="0.00199999999995271"/>
    <testcase classname="ds.kurtosis_smk_method_3_split" name="simple_kurtosis_method_3_split_on_PM_BMI_CONTINUOUS" time="0.00199999999995271"/>
    <testcase classname="ds.kurtosis_smk_method_3_split" name="simple_kurtosis_method_3_split_on_PM_BMI_CONTINUOUS" time="0.00199999999995271"/>
    <testcase classname="ds.kurtosis_smk_method_3_split" name="simple_kurtosis_method_3_split_on_PM_BMI_CONTINUOUS" time="0.00200000000018008"/>
    <testcase classname="ds.kurtosis_smk_method_3_split" name="simple_kurtosis_method_3_split_on_PM_BMI_CONTINUOUS" time="0.00299999999992906"/>
    <testcase classname="ds.kurtosis_smk_method_3_split" name="simple_kurtosis_method_3_split_on_PM_BMI_CONTINUOUS" time="0.00199999999995271"/>
    <testcase classname="ds.kurtosis_smk_method_3_split" name="simple_kurtosis_method_3_split_on_PM_BMI_CONTINUOUS" time="0.00199999999995271"/>
    <testcase classname="ds.kurtosis_smk_method_3_split" name="simple_kurtosis_method_3_split_on_PM_BMI_CONTINUOUS" time="0.00200000000018008"/>
    <testcase classname="ds.kurtosis_smk_method_3_split" name="simple_kurtosis_method_3_split_on_PM_BMI_CONTINUOUS" time="0.00199999999995271"/>
    <testcase classname="ds.kurtosis_smk_method_3_split" name="simple_kurtosis_method_3_split_on_PM_BMI_CONTINUOUS" time="0.00199999999995271"/>
    <testcase classname="ds.kurtosis_smk_method_3_split" name="simple_kurtosis_method_3_split_on_PM_BMI_CONTINUOUS" time="0.00199999999995271"/>
    <testcase classname="ds.kurtosis_smk_method_3_split" name="simple_kurtosis_method_3_split_on_PM_BMI_CONTINUOUS" time="0.00199999999995271"/>
    <testcase classname="ds.kurtosis_smk_method_3_split" name="simple_kurtosis_method_3_split_on_PM_BMI_CONTINUOUS" time="0.00300000000015643"/>
  </testsuite>
  <testsuite errors="0" failures="0" hostname="fv-az14" name="ds.kurtosis::smk::method 3::combine" skipped="0" tests="40" time="7.451" timestamp="2020-09-17T10:18:19Z">
    <testcase classname="ds.kurtosis_smk_method_3_combine" name="simple_kurtosis_combine_on_LAB_TSC" time="1.48799999999983"/>
    <testcase classname="ds.kurtosis_smk_method_3_combine" name="simple_kurtosis_combine_on_LAB_TSC" time="0.00100000000020373"/>
    <testcase classname="ds.kurtosis_smk_method_3_combine" name="simple_kurtosis_combine_on_LAB_TSC" time="0.000999999999976353"/>
    <testcase classname="ds.kurtosis_smk_method_3_combine" name="simple_kurtosis_combine_on_LAB_TSC" time="0.000999999999976353"/>
    <testcase classname="ds.kurtosis_smk_method_3_combine" name="simple_kurtosis_combine_on_LAB_TSC" time="0.000999999999976353"/>
    <testcase classname="ds.kurtosis_smk_method_3_combine" name="simple_kurtosis_combine_on_LAB_TSC" time="0.000999999999976353"/>
    <testcase classname="ds.kurtosis_smk_method_3_combine" name="simple_kurtosis_combine_on_LAB_TSC" time="0.000999999999976353"/>
    <testcase classname="ds.kurtosis_smk_method_3_combine" name="simple_kurtosis_combine_on_LAB_TSC" time="0.000999999999976353"/>
    <testcase classname="ds.kurtosis_smk_method_3_combine" name="simple_kurtosis_method_3_combine_on_LAB_TRIG" time="1.47299999999996"/>
    <testcase classname="ds.kurtosis_smk_method_3_combine" name="simple_kurtosis_method_3_combine_on_LAB_TRIG" time="0.000999999999976353"/>
    <testcase classname="ds.kurtosis_smk_method_3_combine" name="simple_kurtosis_method_3_combine_on_LAB_TRIG" time="0.00100000000020373"/>
    <testcase classname="ds.kurtosis_smk_method_3_combine" name="simple_kurtosis_method_3_combine_on_LAB_TRIG" time="0.00199999999995271"/>
    <testcase classname="ds.kurtosis_smk_method_3_combine" name="simple_kurtosis_method_3_combine_on_LAB_TRIG" time="0.000999999999976353"/>
    <testcase classname="ds.kurtosis_smk_method_3_combine" name="simple_kurtosis_method_3_combine_on_LAB_TRIG" time="0.000999999999976353"/>
    <testcase classname="ds.kurtosis_smk_method_3_combine" name="simple_kurtosis_method_3_combine_on_LAB_TRIG" time="0.00199999999995271"/>
    <testcase classname="ds.kurtosis_smk_method_3_combine" name="simple_kurtosis_method_3_combine_on_LAB_TRIG" time="0.000999999999976353"/>
    <testcase classname="ds.kurtosis_smk_method_3_combine" name="simple_kurtosis_method_3_combine_on_LAB_HDL" time="1.47299999999996"/>
    <testcase classname="ds.kurtosis_smk_method_3_combine" name="simple_kurtosis_method_3_combine_on_LAB_HDL" time="0.00200000000018008"/>
    <testcase classname="ds.kurtosis_smk_method_3_combine" name="simple_kurtosis_method_3_combine_on_LAB_HDL" time="0.000999999999976353"/>
    <testcase classname="ds.kurtosis_smk_method_3_combine" name="simple_kurtosis_method_3_combine_on_LAB_HDL" time="0.00199999999995271"/>
    <testcase classname="ds.kurtosis_smk_method_3_combine" name="simple_kurtosis_method_3_combine_on_LAB_HDL" time="0.00199999999995271"/>
    <testcase classname="ds.kurtosis_smk_method_3_combine" name="simple_kurtosis_method_3_combine_on_LAB_HDL" time="0.000999999999976353"/>
    <testcase classname="ds.kurtosis_smk_method_3_combine" name="simple_kurtosis_method_3_combine_on_LAB_HDL" time="0.00200000000018008"/>
    <testcase classname="ds.kurtosis_smk_method_3_combine" name="simple_kurtosis_method_3_combine_on_LAB_HDL" time="0.000999999999976353"/>
    <testcase classname="ds.kurtosis_smk_method_3_combine" name="simple_kurtosis_method_3_combine_on_LAB_GLUC_ADJUSTED" time="1.47599999999989"/>
    <testcase classname="ds.kurtosis_smk_method_3_combine" name="simple_kurtosis_method_3_combine_on_LAB_GLUC_ADJUSTED" time="0.000999999999976353"/>
    <testcase classname="ds.kurtosis_smk_method_3_combine" name="simple_kurtosis_method_3_combine_on_LAB_GLUC_ADJUSTED" time="0.00199999999995271"/>
    <testcase classname="ds.kurtosis_smk_method_3_combine" name="simple_kurtosis_method_3_combine_on_LAB_GLUC_ADJUSTED" time="0.00100000000020373"/>
    <testcase classname="ds.kurtosis_smk_method_3_combine" name="simple_kurtosis_method_3_combine_on_LAB_GLUC_ADJUSTED" time="0.00199999999995271"/>
    <testcase classname="ds.kurtosis_smk_method_3_combine" name="simple_kurtosis_method_3_combine_on_LAB_GLUC_ADJUSTED" time="0.000999999999976353"/>
    <testcase classname="ds.kurtosis_smk_method_3_combine" name="simple_kurtosis_method_3_combine_on_LAB_GLUC_ADJUSTED" time="0.00199999999995271"/>
    <testcase classname="ds.kurtosis_smk_method_3_combine" name="simple_kurtosis_method_3_combine_on_LAB_GLUC_ADJUSTED" time="0.000999999999976353"/>
    <testcase classname="ds.kurtosis_smk_method_3_combine" name="simple_kurtosis_method_3_combine_on_PM_BMI_CONTINUOUS" time="1.49199999999996"/>
    <testcase classname="ds.kurtosis_smk_method_3_combine" name="simple_kurtosis_method_3_combine_on_PM_BMI_CONTINUOUS" time="0.000999999999976353"/>
    <testcase classname="ds.kurtosis_smk_method_3_combine" name="simple_kurtosis_method_3_combine_on_PM_BMI_CONTINUOUS" time="0.00200000000018008"/>
    <testcase classname="ds.kurtosis_smk_method_3_combine" name="simple_kurtosis_method_3_combine_on_PM_BMI_CONTINUOUS" time="0.00199999999995271"/>
    <testcase classname="ds.kurtosis_smk_method_3_combine" name="simple_kurtosis_method_3_combine_on_PM_BMI_CONTINUOUS" time="0.00199999999995271"/>
    <testcase classname="ds.kurtosis_smk_method_3_combine" name="simple_kurtosis_method_3_combine_on_PM_BMI_CONTINUOUS" time="0.00199999999995271"/>
    <testcase classname="ds.kurtosis_smk_method_3_combine" name="simple_kurtosis_method_3_combine_on_PM_BMI_CONTINUOUS" time="0.00199999999995271"/>
    <testcase classname="ds.kurtosis_smk_method_3_combine" name="simple_kurtosis_method_3_combine_on_PM_BMI_CONTINUOUS" time="0.00100000000020373"/>
  </testsuite>
  <testsuite errors="0" failures="0" hostname="fv-az14" name="ds.kurtosis::smk::method 3::both" skipped="0" tests="110" time="8.955" timestamp="2020-09-17T10:18:26Z">
    <testcase classname="ds.kurtosis_smk_method_3_both" name="simple_kurtosis_both_on_LAB_TSC" time="1.74699999999984"/>
    <testcase classname="ds.kurtosis_smk_method_3_both" name="simple_kurtosis_both_on_LAB_TSC" time="0.000999999999976353"/>
    <testcase classname="ds.kurtosis_smk_method_3_both" name="simple_kurtosis_both_on_LAB_TSC" time="0.000999999999976353"/>
    <testcase classname="ds.kurtosis_smk_method_3_both" name="simple_kurtosis_both_on_LAB_TSC" time="0.00200000000018008"/>
    <testcase classname="ds.kurtosis_smk_method_3_both" name="simple_kurtosis_both_on_LAB_TSC" time="0.000999999999976353"/>
    <testcase classname="ds.kurtosis_smk_method_3_both" name="simple_kurtosis_both_on_LAB_TSC" time="0.000999999999976353"/>
    <testcase classname="ds.kurtosis_smk_method_3_both" name="simple_kurtosis_both_on_LAB_TSC" time="0.000999999999976353"/>
    <testcase classname="ds.kurtosis_smk_method_3_both" name="simple_kurtosis_both_on_LAB_TSC" time="0.00199999999995271"/>
    <testcase classname="ds.kurtosis_smk_method_3_both" name="simple_kurtosis_both_on_LAB_TSC" time="0.000999999999976353"/>
    <testcase classname="ds.kurtosis_smk_method_3_both" name="simple_kurtosis_both_on_LAB_TSC" time="0.000999999999976353"/>
    <testcase classname="ds.kurtosis_smk_method_3_both" name="simple_kurtosis_both_on_LAB_TSC" time="0.00200000000018008"/>
    <testcase classname="ds.kurtosis_smk_method_3_both" name="simple_kurtosis_both_on_LAB_TSC" time="0.000999999999976353"/>
    <testcase classname="ds.kurtosis_smk_method_3_both" name="simple_kurtosis_both_on_LAB_TSC" time="0.000999999999976353"/>
    <testcase classname="ds.kurtosis_smk_method_3_both" name="simple_kurtosis_both_on_LAB_TSC" time="0.000999999999976353"/>
    <testcase classname="ds.kurtosis_smk_method_3_both" name="simple_kurtosis_both_on_LAB_TSC" time="0.000999999999976353"/>
    <testcase classname="ds.kurtosis_smk_method_3_both" name="simple_kurtosis_both_on_LAB_TSC" time="0.00199999999995271"/>
    <testcase classname="ds.kurtosis_smk_method_3_both" name="simple_kurtosis_both_on_LAB_TSC" time="0.000999999999976353"/>
    <testcase classname="ds.kurtosis_smk_method_3_both" name="simple_kurtosis_both_on_LAB_TSC" time="0.000999999999976353"/>
    <testcase classname="ds.kurtosis_smk_method_3_both" name="simple_kurtosis_both_on_LAB_TSC" time="0.000999999999976353"/>
    <testcase classname="ds.kurtosis_smk_method_3_both" name="simple_kurtosis_both_on_LAB_TSC" time="0.000999999999976353"/>
    <testcase classname="ds.kurtosis_smk_method_3_both" name="simple_kurtosis_both_on_LAB_TSC" time="0.000999999999976353"/>
    <testcase classname="ds.kurtosis_smk_method_3_both" name="simple_kurtosis_both_on_LAB_TSC" time="0.00199999999995271"/>
    <testcase classname="ds.kurtosis_smk_method_3_both" name="simple_kurtosis_method_3_both_on_LAB_TRIG" time="1.74399999999991"/>
    <testcase classname="ds.kurtosis_smk_method_3_both" name="simple_kurtosis_method_3_both_on_LAB_TRIG" time="0.00200000000018008"/>
    <testcase classname="ds.kurtosis_smk_method_3_both" name="simple_kurtosis_method_3_both_on_LAB_TRIG" time="0.000999999999976353"/>
    <testcase classname="ds.kurtosis_smk_method_3_both" name="simple_kurtosis_method_3_both_on_LAB_TRIG" time="0.00199999999995271"/>
    <testcase classname="ds.kurtosis_smk_method_3_both" name="simple_kurtosis_method_3_both_on_LAB_TRIG" time="0.000999999999976353"/>
    <testcase classname="ds.kurtosis_smk_method_3_both" name="simple_kurtosis_method_3_both_on_LAB_TRIG" time="0.00199999999995271"/>
    <testcase classname="ds.kurtosis_smk_method_3_both" name="simple_kurtosis_method_3_both_on_LAB_TRIG" time="0.000999999999976353"/>
    <testcase classname="ds.kurtosis_smk_method_3_both" name="simple_kurtosis_method_3_both_on_LAB_TRIG" time="0.00100000000020373"/>
    <testcase classname="ds.kurtosis_smk_method_3_both" name="simple_kurtosis_method_3_both_on_LAB_TRIG" time="0.000999999999976353"/>
    <testcase classname="ds.kurtosis_smk_method_3_both" name="simple_kurtosis_method_3_both_on_LAB_TRIG" time="0.00199999999995271"/>
    <testcase classname="ds.kurtosis_smk_method_3_both" name="simple_kurtosis_method_3_both_on_LAB_TRIG" time="0.00199999999995271"/>
    <testcase classname="ds.kurtosis_smk_method_3_both" name="simple_kurtosis_method_3_both_on_LAB_TRIG" time="0.000999999999976353"/>
    <testcase classname="ds.kurtosis_smk_method_3_both" name="simple_kurtosis_method_3_both_on_LAB_TRIG" time="0.00199999999995271"/>
    <testcase classname="ds.kurtosis_smk_method_3_both" name="simple_kurtosis_method_3_both_on_LAB_TRIG" time="0.00100000000020373"/>
    <testcase classname="ds.kurtosis_smk_method_3_both" name="simple_kurtosis_method_3_both_on_LAB_TRIG" time="0.00199999999995271"/>
    <testcase classname="ds.kurtosis_smk_method_3_both" name="simple_kurtosis_method_3_both_on_LAB_TRIG" time="0.000999999999976353"/>
    <testcase classname="ds.kurtosis_smk_method_3_both" name="simple_kurtosis_method_3_both_on_LAB_TRIG" time="0.00199999999995271"/>
    <testcase classname="ds.kurtosis_smk_method_3_both" name="simple_kurtosis_method_3_both_on_LAB_TRIG" time="0.00199999999995271"/>
    <testcase classname="ds.kurtosis_smk_method_3_both" name="simple_kurtosis_method_3_both_on_LAB_TRIG" time="0.000999999999976353"/>
    <testcase classname="ds.kurtosis_smk_method_3_both" name="simple_kurtosis_method_3_both_on_LAB_TRIG" time="0.00200000000018008"/>
    <testcase classname="ds.kurtosis_smk_method_3_both" name="simple_kurtosis_method_3_both_on_LAB_TRIG" time="0.00199999999995271"/>
    <testcase classname="ds.kurtosis_smk_method_3_both" name="simple_kurtosis_method_3_both_on_LAB_TRIG" time="0.00199999999995271"/>
    <testcase classname="ds.kurtosis_smk_method_3_both" name="simple_kurtosis_method_3_both_on_LAB_HDL" time="1.74099999999999"/>
    <testcase classname="ds.kurtosis_smk_method_3_both" name="simple_kurtosis_method_3_both_on_LAB_HDL" time="0.00199999999995271"/>
    <testcase classname="ds.kurtosis_smk_method_3_both" name="simple_kurtosis_method_3_both_on_LAB_HDL" time="0.00199999999995271"/>
    <testcase classname="ds.kurtosis_smk_method_3_both" name="simple_kurtosis_method_3_both_on_LAB_HDL" time="0.00100000000020373"/>
    <testcase classname="ds.kurtosis_smk_method_3_both" name="simple_kurtosis_method_3_both_on_LAB_HDL" time="0.00199999999995271"/>
    <testcase classname="ds.kurtosis_smk_method_3_both" name="simple_kurtosis_method_3_both_on_LAB_HDL" time="0.00299999999992906"/>
    <testcase classname="ds.kurtosis_smk_method_3_both" name="simple_kurtosis_method_3_both_on_LAB_HDL" time="0.000999999999976353"/>
    <testcase classname="ds.kurtosis_smk_method_3_both" name="simple_kurtosis_method_3_both_on_LAB_HDL" time="0.00199999999995271"/>
    <testcase classname="ds.kurtosis_smk_method_3_both" name="simple_kurtosis_method_3_both_on_LAB_HDL" time="0.00200000000018008"/>
    <testcase classname="ds.kurtosis_smk_method_3_both" name="simple_kurtosis_method_3_both_on_LAB_HDL" time="0.00199999999995271"/>
    <testcase classname="ds.kurtosis_smk_method_3_both" name="simple_kurtosis_method_3_both_on_LAB_HDL" time="0.00199999999995271"/>
    <testcase classname="ds.kurtosis_smk_method_3_both" name="simple_kurtosis_method_3_both_on_LAB_HDL" time="0.00199999999995271"/>
    <testcase classname="ds.kurtosis_smk_method_3_both" name="simple_kurtosis_method_3_both_on_LAB_HDL" time="0.00199999999995271"/>
    <testcase classname="ds.kurtosis_smk_method_3_both" name="simple_kurtosis_method_3_both_on_LAB_HDL" time="0.00200000000018008"/>
    <testcase classname="ds.kurtosis_smk_method_3_both" name="simple_kurtosis_method_3_both_on_LAB_HDL" time="0.00299999999992906"/>
    <testcase classname="ds.kurtosis_smk_method_3_both" name="simple_kurtosis_method_3_both_on_LAB_HDL" time="0.000999999999976353"/>
    <testcase classname="ds.kurtosis_smk_method_3_both" name="simple_kurtosis_method_3_both_on_LAB_HDL" time="0.00199999999995271"/>
    <testcase classname="ds.kurtosis_smk_method_3_both" name="simple_kurtosis_method_3_both_on_LAB_HDL" time="0.00300000000015643"/>
    <testcase classname="ds.kurtosis_smk_method_3_both" name="simple_kurtosis_method_3_both_on_LAB_HDL" time="0.00199999999995271"/>
    <testcase classname="ds.kurtosis_smk_method_3_both" name="simple_kurtosis_method_3_both_on_LAB_HDL" time="0.00900000000001455"/>
    <testcase classname="ds.kurtosis_smk_method_3_both" name="simple_kurtosis_method_3_both_on_LAB_HDL" time="0.00199999999995271"/>
    <testcase classname="ds.kurtosis_smk_method_3_both" name="simple_kurtosis_method_3_both_on_LAB_HDL" time="0.00199999999995271"/>
    <testcase classname="ds.kurtosis_smk_method_3_both" name="simple_kurtosis_method_3_both_on_LAB_GLUC_ADJUSTED" time="1.74800000000005"/>
    <testcase classname="ds.kurtosis_smk_method_3_both" name="simple_kurtosis_method_3_both_on_LAB_GLUC_ADJUSTED" time="0.00199999999995271"/>
    <testcase classname="ds.kurtosis_smk_method_3_both" name="simple_kurtosis_method_3_both_on_LAB_GLUC_ADJUSTED" time="0.00199999999995271"/>
    <testcase classname="ds.kurtosis_smk_method_3_both" name="simple_kurtosis_method_3_both_on_LAB_GLUC_ADJUSTED" time="0.00200000000018008"/>
    <testcase classname="ds.kurtosis_smk_method_3_both" name="simple_kurtosis_method_3_both_on_LAB_GLUC_ADJUSTED" time="0.00199999999995271"/>
    <testcase classname="ds.kurtosis_smk_method_3_both" name="simple_kurtosis_method_3_both_on_LAB_GLUC_ADJUSTED" time="0.00199999999995271"/>
    <testcase classname="ds.kurtosis_smk_method_3_both" name="simple_kurtosis_method_3_both_on_LAB_GLUC_ADJUSTED" time="0.00199999999995271"/>
    <testcase classname="ds.kurtosis_smk_method_3_both" name="simple_kurtosis_method_3_both_on_LAB_GLUC_ADJUSTED" time="0.00199999999995271"/>
    <testcase classname="ds.kurtosis_smk_method_3_both" name="simple_kurtosis_method_3_both_on_LAB_GLUC_ADJUSTED" time="0.00300000000015643"/>
    <testcase classname="ds.kurtosis_smk_method_3_both" name="simple_kurtosis_method_3_both_on_LAB_GLUC_ADJUSTED" time="0.00199999999995271"/>
    <testcase classname="ds.kurtosis_smk_method_3_both" name="simple_kurtosis_method_3_both_on_LAB_GLUC_ADJUSTED" time="0.00199999999995271"/>
    <testcase classname="ds.kurtosis_smk_method_3_both" name="simple_kurtosis_method_3_both_on_LAB_GLUC_ADJUSTED" time="0.00199999999995271"/>
    <testcase classname="ds.kurtosis_smk_method_3_both" name="simple_kurtosis_method_3_both_on_LAB_GLUC_ADJUSTED" time="0.00200000000018008"/>
    <testcase classname="ds.kurtosis_smk_method_3_both" name="simple_kurtosis_method_3_both_on_LAB_GLUC_ADJUSTED" time="0.00299999999992906"/>
    <testcase classname="ds.kurtosis_smk_method_3_both" name="simple_kurtosis_method_3_both_on_LAB_GLUC_ADJUSTED" time="0.00199999999995271"/>
    <testcase classname="ds.kurtosis_smk_method_3_both" name="simple_kurtosis_method_3_both_on_LAB_GLUC_ADJUSTED" time="0.00199999999995271"/>
    <testcase classname="ds.kurtosis_smk_method_3_both" name="simple_kurtosis_method_3_both_on_LAB_GLUC_ADJUSTED" time="0.00199999999995271"/>
    <testcase classname="ds.kurtosis_smk_method_3_both" name="simple_kurtosis_method_3_both_on_LAB_GLUC_ADJUSTED" time="0.00300000000015643"/>
    <testcase classname="ds.kurtosis_smk_method_3_both" name="simple_kurtosis_method_3_both_on_LAB_GLUC_ADJUSTED" time="0.00199999999995271"/>
    <testcase classname="ds.kurtosis_smk_method_3_both" name="simple_kurtosis_method_3_both_on_LAB_GLUC_ADJUSTED" time="0.00199999999995271"/>
    <testcase classname="ds.kurtosis_smk_method_3_both" name="simple_kurtosis_method_3_both_on_LAB_GLUC_ADJUSTED" time="0.00199999999995271"/>
    <testcase classname="ds.kurtosis_smk_method_3_both" name="simple_kurtosis_method_3_both_on_LAB_GLUC_ADJUSTED" time="0.00300000000015643"/>
    <testcase classname="ds.kurtosis_smk_method_3_both" name="simple_kurtosis_method_3_both_on_PM_BMI_CONTINUOUS" time="1.7639999999999"/>
    <testcase classname="ds.kurtosis_smk_method_3_both" name="simple_kurtosis_method_3_both_on_PM_BMI_CONTINUOUS" time="0.00300000000015643"/>
    <testcase classname="ds.kurtosis_smk_method_3_both" name="simple_kurtosis_method_3_both_on_PM_BMI_CONTINUOUS" time="0.00199999999995271"/>
    <testcase classname="ds.kurtosis_smk_method_3_both" name="simple_kurtosis_method_3_both_on_PM_BMI_CONTINUOUS" time="0.00299999999992906"/>
    <testcase classname="ds.kurtosis_smk_method_3_both" name="simple_kurtosis_method_3_both_on_PM_BMI_CONTINUOUS" time="0.00199999999995271"/>
    <testcase classname="ds.kurtosis_smk_method_3_both" name="simple_kurtosis_method_3_both_on_PM_BMI_CONTINUOUS" time="0.00300000000015643"/>
    <testcase classname="ds.kurtosis_smk_method_3_both" name="simple_kurtosis_method_3_both_on_PM_BMI_CONTINUOUS" time="0.00199999999995271"/>
    <testcase classname="ds.kurtosis_smk_method_3_both" name="simple_kurtosis_method_3_both_on_PM_BMI_CONTINUOUS" time="0.00299999999992906"/>
    <testcase classname="ds.kurtosis_smk_method_3_both" name="simple_kurtosis_method_3_both_on_PM_BMI_CONTINUOUS" time="0.00199999999995271"/>
    <testcase classname="ds.kurtosis_smk_method_3_both" name="simple_kurtosis_method_3_both_on_PM_BMI_CONTINUOUS" time="0.00300000000015643"/>
    <testcase classname="ds.kurtosis_smk_method_3_both" name="simple_kurtosis_method_3_both_on_PM_BMI_CONTINUOUS" time="0.00399999999990541"/>
    <testcase classname="ds.kurtosis_smk_method_3_both" name="simple_kurtosis_method_3_both_on_PM_BMI_CONTINUOUS" time="0.00199999999995271"/>
    <testcase classname="ds.kurtosis_smk_method_3_both" name="simple_kurtosis_method_3_both_on_PM_BMI_CONTINUOUS" time="0.00300000000015643"/>
    <testcase classname="ds.kurtosis_smk_method_3_both" name="simple_kurtosis_method_3_both_on_PM_BMI_CONTINUOUS" time="0.00199999999995271"/>
    <testcase classname="ds.kurtosis_smk_method_3_both" name="simple_kurtosis_method_3_both_on_PM_BMI_CONTINUOUS" time="0.00299999999992906"/>
    <testcase classname="ds.kurtosis_smk_method_3_both" name="simple_kurtosis_method_3_both_on_PM_BMI_CONTINUOUS" time="0.00299999999992906"/>
    <testcase classname="ds.kurtosis_smk_method_3_both" name="simple_kurtosis_method_3_both_on_PM_BMI_CONTINUOUS" time="0.00300000000015643"/>
    <testcase classname="ds.kurtosis_smk_method_3_both" name="simple_kurtosis_method_3_both_on_PM_BMI_CONTINUOUS" time="0.00299999999992906"/>
    <testcase classname="ds.kurtosis_smk_method_3_both" name="simple_kurtosis_method_3_both_on_PM_BMI_CONTINUOUS" time="0.00199999999995271"/>
    <testcase classname="ds.kurtosis_smk_method_3_both" name="simple_kurtosis_method_3_both_on_PM_BMI_CONTINUOUS" time="0.00299999999992906"/>
    <testcase classname="ds.kurtosis_smk_method_3_both" name="simple_kurtosis_method_3_both_on_PM_BMI_CONTINUOUS" time="0.00300000000015643"/>
    <testcase classname="ds.kurtosis_smk_method_3_both" name="simple_kurtosis_method_3_both_on_PM_BMI_CONTINUOUS" time="0.00299999999992906"/>
  </testsuite>
  <testsuite errors="0" failures="0" hostname="fv-az14" name="ds.kurtosis::smk::shutdown" skipped="0" tests="3" time="0.276" timestamp="2020-09-17T10:18:35Z">
    <testcase classname="ds.kurtosis_smk_shutdown" name="shutdown" time="0.274000000000115"/>
    <testcase classname="ds.kurtosis_smk_shutdown" name="shutdown" time="0.000999999999976353"/>
    <testcase classname="ds.kurtosis_smk_shutdown" name="shutdown" time="0.000999999999976353"/>
  </testsuite>
  <testsuite errors="0" failures="0" hostname="fv-az14" name="ds.kurtosis::smk::done" skipped="0" tests="0" time="0" timestamp="2020-09-17T10:18:36Z"/>
  <testsuite errors="0" failures="0" hostname="fv-az14" name="ds.length::smk::setup" skipped="0" tests="3" time="5.507" timestamp="2020-09-17T10:18:36Z">
    <testcase classname="ds.length_smk_setup" name="setup" time="5.50499999999988"/>
    <testcase classname="ds.length_smk_setup" name="setup" time="0.000999999999976353"/>
    <testcase classname="ds.length_smk_setup" name="setup" time="0.00100000000020373"/>
  </testsuite>
  <testsuite errors="0" failures="0" hostname="fv-az14" name="ds.length::smk" skipped="0" tests="22" time="4.542" timestamp="2020-09-17T10:18:41Z">
    <testcase classname="ds.length_smk" name="basic_length_both" time="0.271999999999935"/>
    <testcase classname="ds.length_smk" name="basic_length_both" time="0.000999999999976353"/>
    <testcase classname="ds.length_smk" name="basic_length_both" time="0.000999999999976353"/>
    <testcase classname="ds.length_smk" name="basic_length_both" time="0.00199999999995271"/>
    <testcase classname="ds.length_smk" name="basic_length_both" time="0.00300000000015643"/>
    <testcase classname="ds.length_smk" name="basic_length_split" time="0.264999999999873"/>
    <testcase classname="ds.length_smk" name="basic_length_split" time="0.000999999999976353"/>
    <testcase classname="ds.length_smk" name="basic_length_split" time="0.000999999999976353"/>
    <testcase classname="ds.length_smk" name="basic_length_split" time="0.00200000000018008"/>
    <testcase classname="ds.length_smk" name="basic_length_combine" time="0.263999999999896"/>
    <testcase classname="ds.length_smk" name="basic_length_combine" time="0.00199999999995271"/>
    <testcase classname="ds.length_smk" name="basic_length_both" time="1.21000000000004"/>
    <testcase classname="ds.length_smk" name="basic_length_both" time="0.000999999999976353"/>
    <testcase classname="ds.length_smk" name="basic_length_both" time="0.00199999999995271"/>
    <testcase classname="ds.length_smk" name="basic_length_both" time="0.00200000000018008"/>
    <testcase classname="ds.length_smk" name="basic_length_both" time="0.000999999999976353"/>
    <testcase classname="ds.length_smk" name="basic_length_split" time="1.20699999999988"/>
    <testcase classname="ds.length_smk" name="basic_length_split" time="0.00199999999995271"/>
    <testcase classname="ds.length_smk" name="basic_length_split" time="0.00100000000020373"/>
    <testcase classname="ds.length_smk" name="basic_length_split" time="0.00199999999995271"/>
    <testcase classname="ds.length_smk" name="basic_length_combine" time="1.29899999999998"/>
    <testcase classname="ds.length_smk" name="basic_length_combine" time="0.000999999999976353"/>
  </testsuite>
  <testsuite errors="0" failures="0" hostname="fv-az14" name="ds.length::smk::shutdown" skipped="0" tests="3" time="0.274" timestamp="2020-09-17T10:18:46Z">
    <testcase classname="ds.length_smk_shutdown" name="shutdown" time="0.270999999999958"/>
    <testcase classname="ds.length_smk_shutdown" name="shutdown" time="0.00199999999995271"/>
    <testcase classname="ds.length_smk_shutdown" name="shutdown" time="0.000999999999976353"/>
  </testsuite>
  <testsuite errors="0" failures="0" hostname="fv-az14" name="ds.length::smk::done" skipped="0" tests="0" time="0" timestamp="2020-09-17T10:18:47Z"/>
  <testsuite errors="0" failures="0" hostname="fv-az14" name="ds.levels::smk::setup" skipped="0" tests="3" time="5.321" timestamp="2020-09-17T10:18:47Z">
    <testcase classname="ds.levels_smk_setup" name="setup" time="5.31799999999998"/>
    <testcase classname="ds.levels_smk_setup" name="setup" time="0.00200000000018008"/>
    <testcase classname="ds.levels_smk_setup" name="setup" time="0.000999999999976353"/>
  </testsuite>
  <testsuite errors="0" failures="0" hostname="fv-az14" name="ds.levels::smk" skipped="0" tests="22" time="1.241" timestamp="2020-09-17T10:18:51Z">
    <testcase classname="ds.levels_smk" name="simple_levels" time="1.21299999999997"/>
    <testcase classname="ds.levels_smk" name="simple_levels" time="0.000999999999976353"/>
    <testcase classname="ds.levels_smk" name="simple_levels" time="0.00199999999995271"/>
    <testcase classname="ds.levels_smk" name="simple_levels" time="0.000999999999976353"/>
    <testcase classname="ds.levels_smk" name="simple_levels" time="0.000999999999976353"/>
    <testcase classname="ds.levels_smk" name="simple_levels" time="0.00100000000020373"/>
    <testcase classname="ds.levels_smk" name="simple_levels" time="0.00199999999995271"/>
    <testcase classname="ds.levels_smk" name="simple_levels" time="0.000999999999976353"/>
    <testcase classname="ds.levels_smk" name="simple_levels" time="0.000999999999976353"/>
    <testcase classname="ds.levels_smk" name="simple_levels" time="0.000999999999976353"/>
    <testcase classname="ds.levels_smk" name="simple_levels" time="0.00199999999995271"/>
    <testcase classname="ds.levels_smk" name="simple_levels" time="0.000999999999976353"/>
    <testcase classname="ds.levels_smk" name="simple_levels" time="0.00100000000020373"/>
    <testcase classname="ds.levels_smk" name="simple_levels" time="0.00199999999995271"/>
    <testcase classname="ds.levels_smk" name="simple_levels" time="0.000999999999976353"/>
    <testcase classname="ds.levels_smk" name="simple_levels" time="0.00199999999995271"/>
    <testcase classname="ds.levels_smk" name="simple_levels" time="0.000999999999976353"/>
    <testcase classname="ds.levels_smk" name="simple_levels" time="0.000999999999976353"/>
    <testcase classname="ds.levels_smk" name="simple_levels" time="0.00199999999995271"/>
    <testcase classname="ds.levels_smk" name="simple_levels" time="0.00100000000020373"/>
    <testcase classname="ds.levels_smk" name="simple_levels" time="0.00199999999995271"/>
    <testcase classname="ds.levels_smk" name="simple_levels" time="0.000999999999976353"/>
  </testsuite>
  <testsuite errors="0" failures="0" hostname="fv-az14" name="ds.levels::smk::shutdown" skipped="0" tests="3" time="0.278" timestamp="2020-09-17T10:18:53Z">
    <testcase classname="ds.levels_smk_shutdown" name="shutdown" time="0.276000000000067"/>
    <testcase classname="ds.levels_smk_shutdown" name="shutdown" time="0.000999999999976353"/>
    <testcase classname="ds.levels_smk_shutdown" name="shutdown" time="0.000999999999976353"/>
  </testsuite>
  <testsuite errors="0" failures="0" hostname="fv-az14" name="ds.levels::smk::done" skipped="0" tests="0" time="0" timestamp="2020-09-17T10:18:53Z"/>
  <testsuite errors="0" failures="0" hostname="fv-az14" name="ds.lexis::smk::setup" skipped="0" tests="3" time="5.368" timestamp="2020-09-17T10:18:54Z">
    <testcase classname="ds.lexis_smk_setup" name="setup" time="5.36599999999999"/>
    <testcase classname="ds.lexis_smk_setup" name="setup" time="0.000999999999976353"/>
    <testcase classname="ds.lexis_smk_setup" name="setup" time="0.000999999999976353"/>
  </testsuite>
  <testsuite errors="0" failures="0" hostname="fv-az14" name="ds.lexis::smk" skipped="0" tests="14" time="1.497" timestamp="2020-09-17T10:18:58Z">
    <testcase classname="ds.lexis_smk" name="simple_lexis" time="0.936999999999898"/>
    <testcase classname="ds.lexis_smk" name="simple_lexis" time="0.00200000000018008"/>
    <testcase classname="ds.lexis_smk" name="simple_lexis" time="0.000999999999976353"/>
    <testcase classname="ds.lexis_smk" name="simple_lexis" time="0.00199999999995271"/>
    <testcase classname="ds.lexis_smk" name="simple_lexis" time="0.000999999999976353"/>
    <testcase classname="ds.lexis_smk" name="simple_lexis" time="0.000999999999976353"/>
    <testcase classname="ds.lexis_smk" name="simple_lexis" time="0.27800000000002"/>
    <testcase classname="ds.lexis_smk" name="simple_lexis" time="0.00199999999995271"/>
    <testcase classname="ds.lexis_smk" name="simple_lexis" time="0.000999999999976353"/>
    <testcase classname="ds.lexis_smk" name="simple_lexis" time="0.00100000000020373"/>
    <testcase classname="ds.lexis_smk" name="simple_lexis" time="0.266999999999825"/>
    <testcase classname="ds.lexis_smk" name="simple_lexis" time="0.000999999999976353"/>
    <testcase classname="ds.lexis_smk" name="simple_lexis" time="0.00100000000020373"/>
    <testcase classname="ds.lexis_smk" name="simple_lexis" time="0.00199999999995271"/>
  </testsuite>
  <testsuite errors="0" failures="0" hostname="fv-az14" name="ds.lexis::smk::shutdown" skipped="0" tests="3" time="0.277" timestamp="2020-09-17T10:19:00Z">
    <testcase classname="ds.lexis_smk_shutdown" name="shutdown" time="0.273999999999887"/>
    <testcase classname="ds.lexis_smk_shutdown" name="shutdown" time="0.000999999999976353"/>
    <testcase classname="ds.lexis_smk_shutdown" name="shutdown" time="0.00200000000018008"/>
  </testsuite>
  <testsuite errors="0" failures="0" hostname="fv-az14" name="ds.lexis::smk::done" skipped="0" tests="0" time="0" timestamp="2020-09-17T10:19:01Z"/>
  <testsuite errors="0" failures="0" hostname="fv-az14" name="ds.listClientsideFunctions::smk::setup" skipped="0" tests="3" time="5.391" timestamp="2020-09-17T10:19:01Z">
    <testcase classname="ds.listClientsideFunctions_smk_setup" name="setup" time="5.3889999999999"/>
    <testcase classname="ds.listClientsideFunctions_smk_setup" name="setup" time="0.000999999999976353"/>
    <testcase classname="ds.listClientsideFunctions_smk_setup" name="setup" time="0.000999999999976353"/>
  </testsuite>
  <testsuite errors="0" failures="0" hostname="fv-az14" name="ds.listClientsideFunctions::smk::check results" skipped="0" tests="98" time="0.22" timestamp="2020-09-17T10:19:05Z">
    <testcase classname="ds.listClientsideFunctions_smk_check_results" name="check_results" time="0.0160000000000764"/>
    <testcase classname="ds.listClientsideFunctions_smk_check_results" name="check_results" time="0.000999999999976353"/>
    <testcase classname="ds.listClientsideFunctions_smk_check_results" name="check_results" time="0.000999999999976353"/>
    <testcase classname="ds.listClientsideFunctions_smk_check_results" name="check_results" time="0.000999999999976353"/>
    <testcase classname="ds.listClientsideFunctions_smk_check_results" name="check_results" time="0.000999999999976353"/>
    <testcase classname="ds.listClientsideFunctions_smk_check_results" name="check_results" time="0.00199999999995271"/>
    <testcase classname="ds.listClientsideFunctions_smk_check_results" name="check_results" time="0.00100000000020373"/>
    <testcase classname="ds.listClientsideFunctions_smk_check_results" name="check_results" time="0.00199999999995271"/>
    <testcase classname="ds.listClientsideFunctions_smk_check_results" name="check_results" time="0.00199999999995271"/>
    <testcase classname="ds.listClientsideFunctions_smk_check_results" name="check_results" time="0.000999999999976353"/>
    <testcase classname="ds.listClientsideFunctions_smk_check_results" name="check_results" time="0.00199999999995271"/>
    <testcase classname="ds.listClientsideFunctions_smk_check_results" name="check_results" time="0.000999999999976353"/>
    <testcase classname="ds.listClientsideFunctions_smk_check_results" name="check_results" time="0.00100000000020373"/>
    <testcase classname="ds.listClientsideFunctions_smk_check_results" name="check_results" time="0.00199999999995271"/>
    <testcase classname="ds.listClientsideFunctions_smk_check_results" name="check_results" time="0.000999999999976353"/>
    <testcase classname="ds.listClientsideFunctions_smk_check_results" name="check_results" time="0.00199999999995271"/>
    <testcase classname="ds.listClientsideFunctions_smk_check_results" name="check_results" time="0.000999999999976353"/>
    <testcase classname="ds.listClientsideFunctions_smk_check_results" name="check_results" time="0.000999999999976353"/>
    <testcase classname="ds.listClientsideFunctions_smk_check_results" name="check_results" time="0.00199999999995271"/>
    <testcase classname="ds.listClientsideFunctions_smk_check_results" name="check_results" time="0.00100000000020373"/>
    <testcase classname="ds.listClientsideFunctions_smk_check_results" name="check_results" time="0.00199999999995271"/>
    <testcase classname="ds.listClientsideFunctions_smk_check_results" name="check_results" time="0.000999999999976353"/>
    <testcase classname="ds.listClientsideFunctions_smk_check_results" name="check_results" time="0.00199999999995271"/>
    <testcase classname="ds.listClientsideFunctions_smk_check_results" name="check_results" time="0.000999999999976353"/>
    <testcase classname="ds.listClientsideFunctions_smk_check_results" name="check_results" time="0.00199999999995271"/>
    <testcase classname="ds.listClientsideFunctions_smk_check_results" name="check_results" time="0.00100000000020373"/>
    <testcase classname="ds.listClientsideFunctions_smk_check_results" name="check_results" time="0.00199999999995271"/>
    <testcase classname="ds.listClientsideFunctions_smk_check_results" name="check_results" time="0.00199999999995271"/>
    <testcase classname="ds.listClientsideFunctions_smk_check_results" name="check_results" time="0.00199999999995271"/>
    <testcase classname="ds.listClientsideFunctions_smk_check_results" name="check_results" time="0.00199999999995271"/>
    <testcase classname="ds.listClientsideFunctions_smk_check_results" name="check_results" time="0.00300000000015643"/>
    <testcase classname="ds.listClientsideFunctions_smk_check_results" name="check_results" time="0.000999999999976353"/>
    <testcase classname="ds.listClientsideFunctions_smk_check_results" name="check_results" time="0.00199999999995271"/>
    <testcase classname="ds.listClientsideFunctions_smk_check_results" name="check_results" time="0.00199999999995271"/>
    <testcase classname="ds.listClientsideFunctions_smk_check_results" name="check_results" time="0.00199999999995271"/>
    <testcase classname="ds.listClientsideFunctions_smk_check_results" name="check_results" time="0.00200000000018008"/>
    <testcase classname="ds.listClientsideFunctions_smk_check_results" name="check_results" time="0.00199999999995271"/>
    <testcase classname="ds.listClientsideFunctions_smk_check_results" name="check_results" time="0.000999999999976353"/>
    <testcase classname="ds.listClientsideFunctions_smk_check_results" name="check_results" time="0.00199999999995271"/>
    <testcase classname="ds.listClientsideFunctions_smk_check_results" name="check_results" time="0.00199999999995271"/>
    <testcase classname="ds.listClientsideFunctions_smk_check_results" name="check_results" time="0.00200000000018008"/>
    <testcase classname="ds.listClientsideFunctions_smk_check_results" name="check_results" time="0.000999999999976353"/>
    <testcase classname="ds.listClientsideFunctions_smk_check_results" name="check_results" time="0.00199999999995271"/>
    <testcase classname="ds.listClientsideFunctions_smk_check_results" name="check_results" time="0.00199999999995271"/>
    <testcase classname="ds.listClientsideFunctions_smk_check_results" name="check_results" time="0.00199999999995271"/>
    <testcase classname="ds.listClientsideFunctions_smk_check_results" name="check_results" time="0.00199999999995271"/>
    <testcase classname="ds.listClientsideFunctions_smk_check_results" name="check_results" time="0.00200000000018008"/>
    <testcase classname="ds.listClientsideFunctions_smk_check_results" name="check_results" time="0.00299999999992906"/>
    <testcase classname="ds.listClientsideFunctions_smk_check_results" name="check_results" time="0.00199999999995271"/>
    <testcase classname="ds.listClientsideFunctions_smk_check_results" name="check_results" time="0.00199999999995271"/>
    <testcase classname="ds.listClientsideFunctions_smk_check_results" name="check_results" time="0.00200000000018008"/>
    <testcase classname="ds.listClientsideFunctions_smk_check_results" name="check_results" time="0.00199999999995271"/>
    <testcase classname="ds.listClientsideFunctions_smk_check_results" name="check_results" time="0.00199999999995271"/>
    <testcase classname="ds.listClientsideFunctions_smk_check_results" name="check_results" time="0.00199999999995271"/>
    <testcase classname="ds.listClientsideFunctions_smk_check_results" name="check_results" time="0.00199999999995271"/>
    <testcase classname="ds.listClientsideFunctions_smk_check_results" name="check_results" time="0.00200000000018008"/>
    <testcase classname="ds.listClientsideFunctions_smk_check_results" name="check_results" time="0.000999999999976353"/>
    <testcase classname="ds.listClientsideFunctions_smk_check_results" name="check_results" time="0.00199999999995271"/>
    <testcase classname="ds.listClientsideFunctions_smk_check_results" name="check_results" time="0.00199999999995271"/>
    <testcase classname="ds.listClientsideFunctions_smk_check_results" name="check_results" time="0.00199999999995271"/>
    <testcase classname="ds.listClientsideFunctions_smk_check_results" name="check_results" time="0.00200000000018008"/>
    <testcase classname="ds.listClientsideFunctions_smk_check_results" name="check_results" time="0.00199999999995271"/>
    <testcase classname="ds.listClientsideFunctions_smk_check_results" name="check_results" time="0.00199999999995271"/>
    <testcase classname="ds.listClientsideFunctions_smk_check_results" name="check_results" time="0.00199999999995271"/>
    <testcase classname="ds.listClientsideFunctions_smk_check_results" name="check_results" time="0.00199999999995271"/>
    <testcase classname="ds.listClientsideFunctions_smk_check_results" name="check_results" time="0.000999999999976353"/>
    <testcase classname="ds.listClientsideFunctions_smk_check_results" name="check_results" time="0.00299999999992906"/>
    <testcase classname="ds.listClientsideFunctions_smk_check_results" name="check_results" time="0.00199999999995271"/>
    <testcase classname="ds.listClientsideFunctions_smk_check_results" name="check_results" time="0.00299999999992906"/>
    <testcase classname="ds.listClientsideFunctions_smk_check_results" name="check_results" time="0.00200000000018008"/>
    <testcase classname="ds.listClientsideFunctions_smk_check_results" name="check_results" time="0.00199999999995271"/>
    <testcase classname="ds.listClientsideFunctions_smk_check_results" name="check_results" time="0.00299999999992906"/>
    <testcase classname="ds.listClientsideFunctions_smk_check_results" name="check_results" time="0.00199999999995271"/>
    <testcase classname="ds.listClientsideFunctions_smk_check_results" name="check_results" time="0.00200000000018008"/>
    <testcase classname="ds.listClientsideFunctions_smk_check_results" name="check_results" time="0.00299999999992906"/>
    <testcase classname="ds.listClientsideFunctions_smk_check_results" name="check_results" time="0.00199999999995271"/>
    <testcase classname="ds.listClientsideFunctions_smk_check_results" name="check_results" time="0.00299999999992906"/>
    <testcase classname="ds.listClientsideFunctions_smk_check_results" name="check_results" time="0.00200000000018008"/>
    <testcase classname="ds.listClientsideFunctions_smk_check_results" name="check_results" time="0.00299999999992906"/>
    <testcase classname="ds.listClientsideFunctions_smk_check_results" name="check_results" time="0.00199999999995271"/>
    <testcase classname="ds.listClientsideFunctions_smk_check_results" name="check_results" time="0.00400000000013279"/>
    <testcase classname="ds.listClientsideFunctions_smk_check_results" name="check_results" time="0.00299999999992906"/>
    <testcase classname="ds.listClientsideFunctions_smk_check_results" name="check_results" time="0.00299999999992906"/>
    <testcase classname="ds.listClientsideFunctions_smk_check_results" name="check_results" time="0.00199999999995271"/>
    <testcase classname="ds.listClientsideFunctions_smk_check_results" name="check_results" time="0.00300000000015643"/>
    <testcase classname="ds.listClientsideFunctions_smk_check_results" name="check_results" time="0.00299999999992906"/>
    <testcase classname="ds.listClientsideFunctions_smk_check_results" name="check_results" time="0.00999999999999091"/>
    <testcase classname="ds.listClientsideFunctions_smk_check_results" name="check_results" time="0.00199999999995271"/>
    <testcase classname="ds.listClientsideFunctions_smk_check_results" name="check_results" time="0.00199999999995271"/>
    <testcase classname="ds.listClientsideFunctions_smk_check_results" name="check_results" time="0.00300000000015643"/>
    <testcase classname="ds.listClientsideFunctions_smk_check_results" name="check_results" time="0.00199999999995271"/>
    <testcase classname="ds.listClientsideFunctions_smk_check_results" name="check_results" time="0.00299999999992906"/>
    <testcase classname="ds.listClientsideFunctions_smk_check_results" name="check_results" time="0.00200000000018008"/>
    <testcase classname="ds.listClientsideFunctions_smk_check_results" name="check_results" time="0.00299999999992906"/>
    <testcase classname="ds.listClientsideFunctions_smk_check_results" name="check_results" time="0.00199999999995271"/>
    <testcase classname="ds.listClientsideFunctions_smk_check_results" name="check_results" time="0.00600000000008549"/>
    <testcase classname="ds.listClientsideFunctions_smk_check_results" name="check_results" time="0.00199999999995271"/>
    <testcase classname="ds.listClientsideFunctions_smk_check_results" name="check_results" time="0.00299999999992906"/>
  </testsuite>
  <testsuite errors="0" failures="0" hostname="fv-az14" name="ds.listClientsideFunctions::smk::shutdown" skipped="0" tests="3" time="0.277" timestamp="2020-09-17T10:19:06Z">
    <testcase classname="ds.listClientsideFunctions_smk_shutdown" name="shutdown" time="0.274000000000115"/>
    <testcase classname="ds.listClientsideFunctions_smk_shutdown" name="shutdown" time="0.000999999999976353"/>
    <testcase classname="ds.listClientsideFunctions_smk_shutdown" name="shutdown" time="0.00199999999995271"/>
  </testsuite>
  <testsuite errors="0" failures="0" hostname="fv-az14" name="ds.listClientsideFunctions::smk::done" skipped="0" tests="0" time="0" timestamp="2020-09-17T10:19:07Z"/>
  <testsuite errors="0" failures="0" hostname="fv-az14" name="ds.listDisclosureSettings::smk::setup" skipped="0" tests="3" time="5.529" timestamp="2020-09-17T10:19:07Z">
    <testcase classname="ds.listDisclosureSettings_smk_setup" name="setup" time="5.52700000000004"/>
    <testcase classname="ds.listDisclosureSettings_smk_setup" name="setup" time="0.000999999999976353"/>
    <testcase classname="ds.listDisclosureSettings_smk_setup" name="setup" time="0.000999999999976353"/>
  </testsuite>
  <testsuite errors="0" failures="0" hostname="fv-az14" name="ds.listDisclosureSettings::smk::check results" skipped="0" tests="31" time="0.323" timestamp="2020-09-17T10:19:11Z">
    <testcase classname="ds.listDisclosureSettings_smk_check_results" name="check_results" time="0.278999999999996"/>
    <testcase classname="ds.listDisclosureSettings_smk_check_results" name="check_results" time="0.00199999999995271"/>
    <testcase classname="ds.listDisclosureSettings_smk_check_results" name="check_results" time="0.000999999999976353"/>
    <testcase classname="ds.listDisclosureSettings_smk_check_results" name="check_results" time="0.00200000000018008"/>
    <testcase classname="ds.listDisclosureSettings_smk_check_results" name="check_results" time="0.000999999999976353"/>
    <testcase classname="ds.listDisclosureSettings_smk_check_results" name="check_results" time="0.000999999999976353"/>
    <testcase classname="ds.listDisclosureSettings_smk_check_results" name="check_results" time="0.00199999999995271"/>
    <testcase classname="ds.listDisclosureSettings_smk_check_results" name="check_results" time="0.000999999999976353"/>
    <testcase classname="ds.listDisclosureSettings_smk_check_results" name="check_results" time="0.000999999999976353"/>
    <testcase classname="ds.listDisclosureSettings_smk_check_results" name="check_results" time="0.00199999999995271"/>
    <testcase classname="ds.listDisclosureSettings_smk_check_results" name="check_results" time="0.000999999999976353"/>
    <testcase classname="ds.listDisclosureSettings_smk_check_results" name="check_results" time="0.00100000000020373"/>
    <testcase classname="ds.listDisclosureSettings_smk_check_results" name="check_results" time="0.00199999999995271"/>
    <testcase classname="ds.listDisclosureSettings_smk_check_results" name="check_results" time="0.000999999999976353"/>
    <testcase classname="ds.listDisclosureSettings_smk_check_results" name="check_results" time="0.00199999999995271"/>
    <testcase classname="ds.listDisclosureSettings_smk_check_results" name="check_results" time="0.000999999999976353"/>
    <testcase classname="ds.listDisclosureSettings_smk_check_results" name="check_results" time="0.00199999999995271"/>
    <testcase classname="ds.listDisclosureSettings_smk_check_results" name="check_results" time="0.00100000000020373"/>
    <testcase classname="ds.listDisclosureSettings_smk_check_results" name="check_results" time="0.00199999999995271"/>
    <testcase classname="ds.listDisclosureSettings_smk_check_results" name="check_results" time="0.000999999999976353"/>
    <testcase classname="ds.listDisclosureSettings_smk_check_results" name="check_results" time="0.00199999999995271"/>
    <testcase classname="ds.listDisclosureSettings_smk_check_results" name="check_results" time="0.000999999999976353"/>
    <testcase classname="ds.listDisclosureSettings_smk_check_results" name="check_results" time="0.000999999999976353"/>
    <testcase classname="ds.listDisclosureSettings_smk_check_results" name="check_results" time="0.00200000000018008"/>
    <testcase classname="ds.listDisclosureSettings_smk_check_results" name="check_results" time="0.000999999999976353"/>
    <testcase classname="ds.listDisclosureSettings_smk_check_results" name="check_results" time="0.00199999999995271"/>
    <testcase classname="ds.listDisclosureSettings_smk_check_results" name="check_results" time="0.00199999999995271"/>
    <testcase classname="ds.listDisclosureSettings_smk_check_results" name="check_results" time="0.000999999999976353"/>
    <testcase classname="ds.listDisclosureSettings_smk_check_results" name="check_results" time="0.00199999999995271"/>
    <testcase classname="ds.listDisclosureSettings_smk_check_results" name="check_results" time="0.00100000000020373"/>
    <testcase classname="ds.listDisclosureSettings_smk_check_results" name="check_results" time="0.00199999999995271"/>
  </testsuite>
  <testsuite errors="0" failures="0" hostname="fv-az14" name="ds.listDisclosureSettings::smk::shutdown" skipped="0" tests="3" time="0.284" timestamp="2020-09-17T10:19:12Z">
    <testcase classname="ds.listDisclosureSettings_smk_shutdown" name="shutdown" time="0.280999999999949"/>
    <testcase classname="ds.listDisclosureSettings_smk_shutdown" name="shutdown" time="0.000999999999976353"/>
    <testcase classname="ds.listDisclosureSettings_smk_shutdown" name="shutdown" time="0.00199999999995271"/>
  </testsuite>
  <testsuite errors="0" failures="0" hostname="fv-az14" name="ds.listDisclosureSettings::smk::down" skipped="0" tests="0" time="0" timestamp="2020-09-17T10:19:13Z"/>
  <testsuite errors="0" failures="0" hostname="fv-az14" name="ds.list::smk::setup" skipped="0" tests="3" time="5.436" timestamp="2020-09-17T10:19:13Z">
    <testcase classname="ds.list_smk_setup" name="setup" time="5.43399999999997"/>
    <testcase classname="ds.list_smk_setup" name="setup" time="0.000999999999976353"/>
    <testcase classname="ds.list_smk_setup" name="setup" time="0.00100000000020373"/>
  </testsuite>
  <testsuite errors="0" failures="0" hostname="fv-az14" name="ds.list::smk" skipped="0" tests="28" time="3.626" timestamp="2020-09-17T10:19:17Z">
    <testcase classname="ds.list_smk" name="Is_List" time="2.47399999999993"/>
    <testcase classname="ds.list_smk" name="Is_List" time="0.286000000000058"/>
    <testcase classname="ds.list_smk" name="Is_List" time="0.000999999999976353"/>
    <testcase classname="ds.list_smk" name="Is_List" time="0.000999999999976353"/>
    <testcase classname="ds.list_smk" name="Is_List" time="0.000999999999976353"/>
    <testcase classname="ds.list_smk" name="Is_List" time="0.00199999999995271"/>
    <testcase classname="ds.list_smk" name="Is_List" time="0.000999999999976353"/>
    <testcase classname="ds.list_smk" name="Is_List" time="0.000999999999976353"/>
    <testcase classname="ds.list_smk" name="Is_List" time="0.00200000000018008"/>
    <testcase classname="ds.list_smk" name="Is_List" time="0.000999999999976353"/>
    <testcase classname="ds.list_smk" name="Is_List" time="0.000999999999976353"/>
    <testcase classname="ds.list_smk" name="Is_List" time="0.00199999999995271"/>
    <testcase classname="ds.list_smk" name="Is_List" time="0.000999999999976353"/>
    <testcase classname="ds.list_smk" name="Is_List" time="0.000999999999976353"/>
    <testcase classname="ds.list_smk" name="Is_List" time="0.526000000000067"/>
    <testcase classname="ds.list_smk" name="Is_List" time="0.000999999999976353"/>
    <testcase classname="ds.list_smk" name="Is_List" time="0.00199999999995271"/>
    <testcase classname="ds.list_smk" name="Is_List" time="0.000999999999976353"/>
    <testcase classname="ds.list_smk" name="Is_List" time="0.307000000000016"/>
    <testcase classname="ds.list_smk" name="Is_List" time="0.00199999999995271"/>
    <testcase classname="ds.list_smk" name="Is_List" time="0.00100000000020373"/>
    <testcase classname="ds.list_smk" name="Is_List" time="0.00199999999995271"/>
    <testcase classname="ds.list_smk" name="Is_List" time="0.000999999999976353"/>
    <testcase classname="ds.list_smk" name="Is_List" time="0.00199999999995271"/>
    <testcase classname="ds.list_smk" name="Is_List" time="0.000999999999976353"/>
    <testcase classname="ds.list_smk" name="Is_List" time="0.00199999999995271"/>
    <testcase classname="ds.list_smk" name="Is_List" time="0.000999999999976353"/>
    <testcase classname="ds.list_smk" name="Is_List" time="0.00200000000018008"/>
  </testsuite>
  <testsuite errors="0" failures="0" hostname="fv-az14" name="ds.list::smk::shutdown" skipped="0" tests="3" time="0.314" timestamp="2020-09-17T10:19:21Z">
    <testcase classname="ds.list_smk_shutdown" name="shutdown" time="0.311999999999898"/>
    <testcase classname="ds.list_smk_shutdown" name="shutdown" time="0.000999999999976353"/>
    <testcase classname="ds.list_smk_shutdown" name="shutdown" time="0.000999999999976353"/>
  </testsuite>
  <testsuite errors="0" failures="0" hostname="fv-az14" name="ds.list::smk::down" skipped="0" tests="0" time="0" timestamp="2020-09-17T10:19:22Z"/>
  <testsuite errors="0" failures="0" hostname="fv-az14" name="ds.listServersideFunctions::smk::check results" skipped="0" tests="394" time="6.892" timestamp="2020-09-17T10:19:26Z">
    <testcase classname="ds.listServersideFunctions_smk_check_results" name="check_results" time="5.24199999999996"/>
    <testcase classname="ds.listServersideFunctions_smk_check_results" name="check_results" time="0.00199999999995271"/>
    <testcase classname="ds.listServersideFunctions_smk_check_results" name="check_results" time="0.00100000000020373"/>
    <testcase classname="ds.listServersideFunctions_smk_check_results" name="check_results" time="0.000999999999748979"/>
    <testcase classname="ds.listServersideFunctions_smk_check_results" name="check_results" time="0.00200000000040745"/>
    <testcase classname="ds.listServersideFunctions_smk_check_results" name="check_results" time="0.00199999999995271"/>
    <testcase classname="ds.listServersideFunctions_smk_check_results" name="check_results" time="0.000999999999748979"/>
    <testcase classname="ds.listServersideFunctions_smk_check_results" name="check_results" time="0.00100000000020373"/>
    <testcase classname="ds.listServersideFunctions_smk_check_results" name="check_results" time="0.000999999999748979"/>
    <testcase classname="ds.listServersideFunctions_smk_check_results" name="check_results" time="0.00199999999995271"/>
    <testcase classname="ds.listServersideFunctions_smk_check_results" name="check_results" time="0.00100000000020373"/>
    <testcase classname="ds.listServersideFunctions_smk_check_results" name="check_results" time="0.00199999999995271"/>
    <testcase classname="ds.listServersideFunctions_smk_check_results" name="check_results" time="0.00100000000020373"/>
    <testcase classname="ds.listServersideFunctions_smk_check_results" name="check_results" time="0.000999999999748979"/>
    <testcase classname="ds.listServersideFunctions_smk_check_results" name="check_results" time="0.00100000000020373"/>
    <testcase classname="ds.listServersideFunctions_smk_check_results" name="check_results" time="0.00199999999995271"/>
    <testcase classname="ds.listServersideFunctions_smk_check_results" name="check_results" time="0.00199999999995271"/>
    <testcase classname="ds.listServersideFunctions_smk_check_results" name="check_results" time="0.00100000000020373"/>
    <testcase classname="ds.listServersideFunctions_smk_check_results" name="check_results" time="0.00199999999995271"/>
    <testcase classname="ds.listServersideFunctions_smk_check_results" name="check_results" time="0.000999999999748979"/>
    <testcase classname="ds.listServersideFunctions_smk_check_results" name="check_results" time="0.00100000000020373"/>
    <testcase classname="ds.listServersideFunctions_smk_check_results" name="check_results" time="0.00199999999995271"/>
    <testcase classname="ds.listServersideFunctions_smk_check_results" name="check_results" time="0.00199999999995271"/>
    <testcase classname="ds.listServersideFunctions_smk_check_results" name="check_results" time="0.000999999999748979"/>
    <testcase classname="ds.listServersideFunctions_smk_check_results" name="check_results" time="0.00200000000040745"/>
    <testcase classname="ds.listServersideFunctions_smk_check_results" name="check_results" time="0.00199999999995271"/>
    <testcase classname="ds.listServersideFunctions_smk_check_results" name="check_results" time="0.00199999999995271"/>
    <testcase classname="ds.listServersideFunctions_smk_check_results" name="check_results" time="0.000999999999748979"/>
    <testcase classname="ds.listServersideFunctions_smk_check_results" name="check_results" time="0.00199999999995271"/>
    <testcase classname="ds.listServersideFunctions_smk_check_results" name="check_results" time="0.00100000000020373"/>
    <testcase classname="ds.listServersideFunctions_smk_check_results" name="check_results" time="0.00199999999995271"/>
    <testcase classname="ds.listServersideFunctions_smk_check_results" name="check_results" time="0.00100000000020373"/>
    <testcase classname="ds.listServersideFunctions_smk_check_results" name="check_results" time="0.00199999999995271"/>
    <testcase classname="ds.listServersideFunctions_smk_check_results" name="check_results" time="0.000999999999748979"/>
    <testcase classname="ds.listServersideFunctions_smk_check_results" name="check_results" time="0.00199999999995271"/>
    <testcase classname="ds.listServersideFunctions_smk_check_results" name="check_results" time="0.00100000000020373"/>
    <testcase classname="ds.listServersideFunctions_smk_check_results" name="check_results" time="0.00199999999995271"/>
    <testcase classname="ds.listServersideFunctions_smk_check_results" name="check_results" time="0.00100000000020373"/>
    <testcase classname="ds.listServersideFunctions_smk_check_results" name="check_results" time="0.00199999999995271"/>
    <testcase classname="ds.listServersideFunctions_smk_check_results" name="check_results" time="0.00199999999995271"/>
    <testcase classname="ds.listServersideFunctions_smk_check_results" name="check_results" time="0.000999999999748979"/>
    <testcase classname="ds.listServersideFunctions_smk_check_results" name="check_results" time="0.00199999999995271"/>
    <testcase classname="ds.listServersideFunctions_smk_check_results" name="check_results" time="0.00100000000020373"/>
    <testcase classname="ds.listServersideFunctions_smk_check_results" name="check_results" time="0.00199999999995271"/>
    <testcase classname="ds.listServersideFunctions_smk_check_results" name="check_results" time="0.00199999999995271"/>
    <testcase classname="ds.listServersideFunctions_smk_check_results" name="check_results" time="0.00199999999995271"/>
    <testcase classname="ds.listServersideFunctions_smk_check_results" name="check_results" time="0.00100000000020373"/>
    <testcase classname="ds.listServersideFunctions_smk_check_results" name="check_results" time="0.00300000000015643"/>
    <testcase classname="ds.listServersideFunctions_smk_check_results" name="check_results" time="0.000999999999748979"/>
    <testcase classname="ds.listServersideFunctions_smk_check_results" name="check_results" time="0.00199999999995271"/>
    <testcase classname="ds.listServersideFunctions_smk_check_results" name="check_results" time="0.00100000000020373"/>
    <testcase classname="ds.listServersideFunctions_smk_check_results" name="check_results" time="0.00199999999995271"/>
    <testcase classname="ds.listServersideFunctions_smk_check_results" name="check_results" time="0.00199999999995271"/>
    <testcase classname="ds.listServersideFunctions_smk_check_results" name="check_results" time="0.00199999999995271"/>
    <testcase classname="ds.listServersideFunctions_smk_check_results" name="check_results" time="0.00199999999995271"/>
    <testcase classname="ds.listServersideFunctions_smk_check_results" name="check_results" time="0.00199999999995271"/>
    <testcase classname="ds.listServersideFunctions_smk_check_results" name="check_results" time="0.00199999999995271"/>
    <testcase classname="ds.listServersideFunctions_smk_check_results" name="check_results" time="0.00199999999995271"/>
    <testcase classname="ds.listServersideFunctions_smk_check_results" name="check_results" time="0.00200000000040745"/>
    <testcase classname="ds.listServersideFunctions_smk_check_results" name="check_results" time="0.000999999999748979"/>
    <testcase classname="ds.listServersideFunctions_smk_check_results" name="check_results" time="0.00199999999995271"/>
    <testcase classname="ds.listServersideFunctions_smk_check_results" name="check_results" time="0.00199999999995271"/>
    <testcase classname="ds.listServersideFunctions_smk_check_results" name="check_results" time="0.00300000000015643"/>
    <testcase classname="ds.listServersideFunctions_smk_check_results" name="check_results" time="0.00199999999995271"/>
    <testcase classname="ds.listServersideFunctions_smk_check_results" name="check_results" time="0.00199999999995271"/>
    <testcase classname="ds.listServersideFunctions_smk_check_results" name="check_results" time="0.00199999999995271"/>
    <testcase classname="ds.listServersideFunctions_smk_check_results" name="check_results" time="0.00199999999995271"/>
    <testcase classname="ds.listServersideFunctions_smk_check_results" name="check_results" time="0.00200000000040745"/>
    <testcase classname="ds.listServersideFunctions_smk_check_results" name="check_results" time="0.00199999999995271"/>
    <testcase classname="ds.listServersideFunctions_smk_check_results" name="check_results" time="0.00199999999995271"/>
    <testcase classname="ds.listServersideFunctions_smk_check_results" name="check_results" time="0.00199999999995271"/>
    <testcase classname="ds.listServersideFunctions_smk_check_results" name="check_results" time="0.00199999999995271"/>
    <testcase classname="ds.listServersideFunctions_smk_check_results" name="check_results" time="0.00300000000015643"/>
    <testcase classname="ds.listServersideFunctions_smk_check_results" name="check_results" time="0.00199999999995271"/>
    <testcase classname="ds.listServersideFunctions_smk_check_results" name="check_results" time="0.00199999999995271"/>
    <testcase classname="ds.listServersideFunctions_smk_check_results" name="check_results" time="0.00299999999970169"/>
    <testcase classname="ds.listServersideFunctions_smk_check_results" name="check_results" time="0.00200000000040745"/>
    <testcase classname="ds.listServersideFunctions_smk_check_results" name="check_results" time="0.00299999999970169"/>
    <testcase classname="ds.listServersideFunctions_smk_check_results" name="check_results" time="0.00199999999995271"/>
    <testcase classname="ds.listServersideFunctions_smk_check_results" name="check_results" time="0.00300000000015643"/>
    <testcase classname="ds.listServersideFunctions_smk_check_results" name="check_results" time="0.00199999999995271"/>
    <testcase classname="ds.listServersideFunctions_smk_check_results" name="check_results" time="0.00199999999995271"/>
    <testcase classname="ds.listServersideFunctions_smk_check_results" name="check_results" time="0.00300000000015643"/>
    <testcase classname="ds.listServersideFunctions_smk_check_results" name="check_results" time="0.00399999999990541"/>
    <testcase classname="ds.listServersideFunctions_smk_check_results" name="check_results" time="0.00300000000015643"/>
    <testcase classname="ds.listServersideFunctions_smk_check_results" name="check_results" time="0.00399999999990541"/>
    <testcase classname="ds.listServersideFunctions_smk_check_results" name="check_results" time="0.00300000000015643"/>
    <testcase classname="ds.listServersideFunctions_smk_check_results" name="check_results" time="0.00199999999995271"/>
    <testcase classname="ds.listServersideFunctions_smk_check_results" name="check_results" time="0.00999999999976353"/>
    <testcase classname="ds.listServersideFunctions_smk_check_results" name="check_results" time="0.00199999999995271"/>
    <testcase classname="ds.listServersideFunctions_smk_check_results" name="check_results" time="0.00199999999995271"/>
    <testcase classname="ds.listServersideFunctions_smk_check_results" name="check_results" time="0.00300000000015643"/>
    <testcase classname="ds.listServersideFunctions_smk_check_results" name="check_results" time="0.00399999999990541"/>
    <testcase classname="ds.listServersideFunctions_smk_check_results" name="check_results" time="0.00300000000015643"/>
    <testcase classname="ds.listServersideFunctions_smk_check_results" name="check_results" time="0.00199999999995271"/>
    <testcase classname="ds.listServersideFunctions_smk_check_results" name="check_results" time="0.00300000000015643"/>
    <testcase classname="ds.listServersideFunctions_smk_check_results" name="check_results" time="0.00199999999995271"/>
    <testcase classname="ds.listServersideFunctions_smk_check_results" name="check_results" time="0.00299999999970169"/>
    <testcase classname="ds.listServersideFunctions_smk_check_results" name="check_results" time="0.00200000000040745"/>
    <testcase classname="ds.listServersideFunctions_smk_check_results" name="check_results" time="0.00299999999970169"/>
    <testcase classname="ds.listServersideFunctions_smk_check_results" name="check_results" time="0.00199999999995271"/>
    <testcase classname="ds.listServersideFunctions_smk_check_results" name="check_results" time="0.00199999999995271"/>
    <testcase classname="ds.listServersideFunctions_smk_check_results" name="check_results" time="0.00300000000015643"/>
    <testcase classname="ds.listServersideFunctions_smk_check_results" name="check_results" time="0.00199999999995271"/>
    <testcase classname="ds.listServersideFunctions_smk_check_results" name="check_results" time="0.00300000000015643"/>
    <testcase classname="ds.listServersideFunctions_smk_check_results" name="check_results" time="0.00199999999995271"/>
    <testcase classname="ds.listServersideFunctions_smk_check_results" name="check_results" time="0.00300000000015643"/>
    <testcase classname="ds.listServersideFunctions_smk_check_results" name="check_results" time="0.00199999999995271"/>
    <testcase classname="ds.listServersideFunctions_smk_check_results" name="check_results" time="0.00299999999970169"/>
    <testcase classname="ds.listServersideFunctions_smk_check_results" name="check_results" time="0.00300000000015643"/>
    <testcase classname="ds.listServersideFunctions_smk_check_results" name="check_results" time="0.00300000000015643"/>
    <testcase classname="ds.listServersideFunctions_smk_check_results" name="check_results" time="0.00299999999970169"/>
    <testcase classname="ds.listServersideFunctions_smk_check_results" name="check_results" time="0.00199999999995271"/>
    <testcase classname="ds.listServersideFunctions_smk_check_results" name="check_results" time="0.00300000000015643"/>
    <testcase classname="ds.listServersideFunctions_smk_check_results" name="check_results" time="0.00399999999990541"/>
    <testcase classname="ds.listServersideFunctions_smk_check_results" name="check_results" time="0.00300000000015643"/>
    <testcase classname="ds.listServersideFunctions_smk_check_results" name="check_results" time="0.00300000000015643"/>
    <testcase classname="ds.listServersideFunctions_smk_check_results" name="check_results" time="0.00299999999970169"/>
    <testcase classname="ds.listServersideFunctions_smk_check_results" name="check_results" time="0.00300000000015643"/>
    <testcase classname="ds.listServersideFunctions_smk_check_results" name="check_results" time="0.00399999999990541"/>
    <testcase classname="ds.listServersideFunctions_smk_check_results" name="check_results" time="0.00199999999995271"/>
    <testcase classname="ds.listServersideFunctions_smk_check_results" name="check_results" time="0.00300000000015643"/>
    <testcase classname="ds.listServersideFunctions_smk_check_results" name="check_results" time="0.00300000000015643"/>
    <testcase classname="ds.listServersideFunctions_smk_check_results" name="check_results" time="0.00299999999970169"/>
    <testcase classname="ds.listServersideFunctions_smk_check_results" name="check_results" time="0.00199999999995271"/>
    <testcase classname="ds.listServersideFunctions_smk_check_results" name="check_results" time="0.00300000000015643"/>
    <testcase classname="ds.listServersideFunctions_smk_check_results" name="check_results" time="0.00199999999995271"/>
    <testcase classname="ds.listServersideFunctions_smk_check_results" name="check_results" time="0.00299999999970169"/>
    <testcase classname="ds.listServersideFunctions_smk_check_results" name="check_results" time="0.00300000000015643"/>
    <testcase classname="ds.listServersideFunctions_smk_check_results" name="check_results" time="0.00300000000015643"/>
    <testcase classname="ds.listServersideFunctions_smk_check_results" name="check_results" time="0.00299999999970169"/>
    <testcase classname="ds.listServersideFunctions_smk_check_results" name="check_results" time="0.00399999999990541"/>
    <testcase classname="ds.listServersideFunctions_smk_check_results" name="check_results" time="0.00200000000040745"/>
    <testcase classname="ds.listServersideFunctions_smk_check_results" name="check_results" time="0.00399999999990541"/>
    <testcase classname="ds.listServersideFunctions_smk_check_results" name="check_results" time="0.00399999999990541"/>
    <testcase classname="ds.listServersideFunctions_smk_check_results" name="check_results" time="0.00300000000015643"/>
    <testcase classname="ds.listServersideFunctions_smk_check_results" name="check_results" time="0.00299999999970169"/>
    <testcase classname="ds.listServersideFunctions_smk_check_results" name="check_results" time="0.00399999999990541"/>
    <testcase classname="ds.listServersideFunctions_smk_check_results" name="check_results" time="0.00300000000015643"/>
    <testcase classname="ds.listServersideFunctions_smk_check_results" name="check_results" time="0.00399999999990541"/>
    <testcase classname="ds.listServersideFunctions_smk_check_results" name="check_results" time="0.00300000000015643"/>
    <testcase classname="ds.listServersideFunctions_smk_check_results" name="check_results" time="0.00300000000015643"/>
    <testcase classname="ds.listServersideFunctions_smk_check_results" name="check_results" time="0.00299999999970169"/>
    <testcase classname="ds.listServersideFunctions_smk_check_results" name="check_results" time="0.00400000000036016"/>
    <testcase classname="ds.listServersideFunctions_smk_check_results" name="check_results" time="0.00299999999970169"/>
    <testcase classname="ds.listServersideFunctions_smk_check_results" name="check_results" time="0.00300000000015643"/>
    <testcase classname="ds.listServersideFunctions_smk_check_results" name="check_results" time="0.00299999999970169"/>
    <testcase classname="ds.listServersideFunctions_smk_check_results" name="check_results" time="0.00300000000015643"/>
    <testcase classname="ds.listServersideFunctions_smk_check_results" name="check_results" time="0.00300000000015643"/>
    <testcase classname="ds.listServersideFunctions_smk_check_results" name="check_results" time="0.00399999999990541"/>
    <testcase classname="ds.listServersideFunctions_smk_check_results" name="check_results" time="0.00300000000015643"/>
    <testcase classname="ds.listServersideFunctions_smk_check_results" name="check_results" time="0.00299999999970169"/>
    <testcase classname="ds.listServersideFunctions_smk_check_results" name="check_results" time="0.00400000000036016"/>
    <testcase classname="ds.listServersideFunctions_smk_check_results" name="check_results" time="0.00299999999970169"/>
    <testcase classname="ds.listServersideFunctions_smk_check_results" name="check_results" time="0.00300000000015643"/>
    <testcase classname="ds.listServersideFunctions_smk_check_results" name="check_results" time="0.00399999999990541"/>
    <testcase classname="ds.listServersideFunctions_smk_check_results" name="check_results" time="0.00300000000015643"/>
    <testcase classname="ds.listServersideFunctions_smk_check_results" name="check_results" time="0.00299999999970169"/>
    <testcase classname="ds.listServersideFunctions_smk_check_results" name="check_results" time="0.00400000000036016"/>
    <testcase classname="ds.listServersideFunctions_smk_check_results" name="check_results" time="0.00900000000001455"/>
    <testcase classname="ds.listServersideFunctions_smk_check_results" name="check_results" time="0.00399999999990541"/>
    <testcase classname="ds.listServersideFunctions_smk_check_results" name="check_results" time="0.00299999999970169"/>
    <testcase classname="ds.listServersideFunctions_smk_check_results" name="check_results" time="0.00300000000015643"/>
    <testcase classname="ds.listServersideFunctions_smk_check_results" name="check_results" time="0.00399999999990541"/>
    <testcase classname="ds.listServersideFunctions_smk_check_results" name="check_results" time="0.00300000000015643"/>
    <testcase classname="ds.listServersideFunctions_smk_check_results" name="check_results" time="0.00300000000015643"/>
    <testcase classname="ds.listServersideFunctions_smk_check_results" name="check_results" time="0.00299999999970169"/>
    <testcase classname="ds.listServersideFunctions_smk_check_results" name="check_results" time="0.00399999999990541"/>
    <testcase classname="ds.listServersideFunctions_smk_check_results" name="check_results" time="0.00300000000015643"/>
    <testcase classname="ds.listServersideFunctions_smk_check_results" name="check_results" time="0.00300000000015643"/>
    <testcase classname="ds.listServersideFunctions_smk_check_results" name="check_results" time="0.00399999999990541"/>
    <testcase classname="ds.listServersideFunctions_smk_check_results" name="check_results" time="0.00399999999990541"/>
    <testcase classname="ds.listServersideFunctions_smk_check_results" name="check_results" time="0.00300000000015643"/>
    <testcase classname="ds.listServersideFunctions_smk_check_results" name="check_results" time="0.00299999999970169"/>
    <testcase classname="ds.listServersideFunctions_smk_check_results" name="check_results" time="0.00400000000036016"/>
    <testcase classname="ds.listServersideFunctions_smk_check_results" name="check_results" time="0.00299999999970169"/>
    <testcase classname="ds.listServersideFunctions_smk_check_results" name="check_results" time="0.00400000000036016"/>
    <testcase classname="ds.listServersideFunctions_smk_check_results" name="check_results" time="0.00299999999970169"/>
    <testcase classname="ds.listServersideFunctions_smk_check_results" name="check_results" time="0.00300000000015643"/>
    <testcase classname="ds.listServersideFunctions_smk_check_results" name="check_results" time="0.00300000000015643"/>
    <testcase classname="ds.listServersideFunctions_smk_check_results" name="check_results" time="0.00399999999990541"/>
    <testcase classname="ds.listServersideFunctions_smk_check_results" name="check_results" time="0.00399999999990541"/>
    <testcase classname="ds.listServersideFunctions_smk_check_results" name="check_results" time="0.00300000000015643"/>
    <testcase classname="ds.listServersideFunctions_smk_check_results" name="check_results" time="0.00299999999970169"/>
    <testcase classname="ds.listServersideFunctions_smk_check_results" name="check_results" time="0.00500000000010914"/>
    <testcase classname="ds.listServersideFunctions_smk_check_results" name="check_results" time="0.00300000000015643"/>
    <testcase classname="ds.listServersideFunctions_smk_check_results" name="check_results" time="0.00399999999990541"/>
    <testcase classname="ds.listServersideFunctions_smk_check_results" name="check_results" time="0.00399999999990541"/>
    <testcase classname="ds.listServersideFunctions_smk_check_results" name="check_results" time="0.00300000000015643"/>
    <testcase classname="ds.listServersideFunctions_smk_check_results" name="check_results" time="0.00399999999990541"/>
    <testcase classname="ds.listServersideFunctions_smk_check_results" name="check_results" time="0.00300000000015643"/>
    <testcase classname="ds.listServersideFunctions_smk_check_results" name="check_results" time="0.00399999999990541"/>
    <testcase classname="ds.listServersideFunctions_smk_check_results" name="check_results" time="0.00399999999990541"/>
    <testcase classname="ds.listServersideFunctions_smk_check_results" name="check_results" time="0.00300000000015643"/>
    <testcase classname="ds.listServersideFunctions_smk_check_results" name="check_results" time="0.00399999999990541"/>
    <testcase classname="ds.listServersideFunctions_smk_check_results" name="check_results" time="0.00399999999990541"/>
    <testcase classname="ds.listServersideFunctions_smk_check_results" name="check_results" time="0.00399999999990541"/>
    <testcase classname="ds.listServersideFunctions_smk_check_results" name="check_results" time="0.00400000000036016"/>
    <testcase classname="ds.listServersideFunctions_smk_check_results" name="check_results" time="0.00399999999990541"/>
    <testcase classname="ds.listServersideFunctions_smk_check_results" name="check_results" time="0.00399999999990541"/>
    <testcase classname="ds.listServersideFunctions_smk_check_results" name="check_results" time="0.00399999999990541"/>
    <testcase classname="ds.listServersideFunctions_smk_check_results" name="check_results" time="0.00399999999990541"/>
    <testcase classname="ds.listServersideFunctions_smk_check_results" name="check_results" time="0.00400000000036016"/>
    <testcase classname="ds.listServersideFunctions_smk_check_results" name="check_results" time="0.00399999999990541"/>
    <testcase classname="ds.listServersideFunctions_smk_check_results" name="check_results" time="0.00399999999990541"/>
    <testcase classname="ds.listServersideFunctions_smk_check_results" name="check_results" time="0.00500000000010914"/>
    <testcase classname="ds.listServersideFunctions_smk_check_results" name="check_results" time="0.00399999999990541"/>
    <testcase classname="ds.listServersideFunctions_smk_check_results" name="check_results" time="0.00500000000010914"/>
    <testcase classname="ds.listServersideFunctions_smk_check_results" name="check_results" time="0.00599999999985812"/>
    <testcase classname="ds.listServersideFunctions_smk_check_results" name="check_results" time="0.00399999999990541"/>
    <testcase classname="ds.listServersideFunctions_smk_check_results" name="check_results" time="0.0109999999999673"/>
    <testcase classname="ds.listServersideFunctions_smk_check_results" name="check_results" time="0.00399999999990541"/>
    <testcase classname="ds.listServersideFunctions_smk_check_results" name="check_results" time="0.00400000000036016"/>
    <testcase classname="ds.listServersideFunctions_smk_check_results" name="check_results" time="0.00399999999990541"/>
    <testcase classname="ds.listServersideFunctions_smk_check_results" name="check_results" time="0.00399999999990541"/>
    <testcase classname="ds.listServersideFunctions_smk_check_results" name="check_results" time="0.00399999999990541"/>
    <testcase classname="ds.listServersideFunctions_smk_check_results" name="check_results" time="0.00300000000015643"/>
    <testcase classname="ds.listServersideFunctions_smk_check_results" name="check_results" time="0.00399999999990541"/>
    <testcase classname="ds.listServersideFunctions_smk_check_results" name="check_results" time="0.00399999999990541"/>
    <testcase classname="ds.listServersideFunctions_smk_check_results" name="check_results" time="0.00400000000036016"/>
    <testcase classname="ds.listServersideFunctions_smk_check_results" name="check_results" time="0.00399999999990541"/>
    <testcase classname="ds.listServersideFunctions_smk_check_results" name="check_results" time="0.00399999999990541"/>
    <testcase classname="ds.listServersideFunctions_smk_check_results" name="check_results" time="0.00500000000010914"/>
    <testcase classname="ds.listServersideFunctions_smk_check_results" name="check_results" time="0.00299999999970169"/>
    <testcase classname="ds.listServersideFunctions_smk_check_results" name="check_results" time="0.00400000000036016"/>
    <testcase classname="ds.listServersideFunctions_smk_check_results" name="check_results" time="0.00499999999965439"/>
    <testcase classname="ds.listServersideFunctions_smk_check_results" name="check_results" time="0.00400000000036016"/>
    <testcase classname="ds.listServersideFunctions_smk_check_results" name="check_results" time="0.00399999999990541"/>
    <testcase classname="ds.listServersideFunctions_smk_check_results" name="check_results" time="0.00399999999990541"/>
    <testcase classname="ds.listServersideFunctions_smk_check_results" name="check_results" time="0.00599999999985812"/>
    <testcase classname="ds.listServersideFunctions_smk_check_results" name="check_results" time="0.00500000000010914"/>
    <testcase classname="ds.listServersideFunctions_smk_check_results" name="check_results" time="0.00499999999965439"/>
    <testcase classname="ds.listServersideFunctions_smk_check_results" name="check_results" time="0.00400000000036016"/>
    <testcase classname="ds.listServersideFunctions_smk_check_results" name="check_results" time="0.00499999999965439"/>
    <testcase classname="ds.listServersideFunctions_smk_check_results" name="check_results" time="0.00400000000036016"/>
    <testcase classname="ds.listServersideFunctions_smk_check_results" name="check_results" time="0.00599999999985812"/>
    <testcase classname="ds.listServersideFunctions_smk_check_results" name="check_results" time="0.00599999999985812"/>
    <testcase classname="ds.listServersideFunctions_smk_check_results" name="check_results" time="0.00500000000010914"/>
    <testcase classname="ds.listServersideFunctions_smk_check_results" name="check_results" time="0.00500000000010914"/>
    <testcase classname="ds.listServersideFunctions_smk_check_results" name="check_results" time="0.00499999999965439"/>
    <testcase classname="ds.listServersideFunctions_smk_check_results" name="check_results" time="0.00400000000036016"/>
    <testcase classname="ds.listServersideFunctions_smk_check_results" name="check_results" time="0.00499999999965439"/>
    <testcase classname="ds.listServersideFunctions_smk_check_results" name="check_results" time="0.00500000000010914"/>
    <testcase classname="ds.listServersideFunctions_smk_check_results" name="check_results" time="0.00500000000010914"/>
    <testcase classname="ds.listServersideFunctions_smk_check_results" name="check_results" time="0.00599999999985812"/>
    <testcase classname="ds.listServersideFunctions_smk_check_results" name="check_results" time="0.00500000000010914"/>
    <testcase classname="ds.listServersideFunctions_smk_check_results" name="check_results" time="0.00500000000010914"/>
    <testcase classname="ds.listServersideFunctions_smk_check_results" name="check_results" time="0.00500000000010914"/>
    <testcase classname="ds.listServersideFunctions_smk_check_results" name="check_results" time="0.00599999999985812"/>
    <testcase classname="ds.listServersideFunctions_smk_check_results" name="check_results" time="0.00500000000010914"/>
    <testcase classname="ds.listServersideFunctions_smk_check_results" name="check_results" time="0.00599999999985812"/>
    <testcase classname="ds.listServersideFunctions_smk_check_results" name="check_results" time="0.00599999999985812"/>
    <testcase classname="ds.listServersideFunctions_smk_check_results" name="check_results" time="0.00500000000010914"/>
    <testcase classname="ds.listServersideFunctions_smk_check_results" name="check_results" time="0.012000000000171"/>
    <testcase classname="ds.listServersideFunctions_smk_check_results" name="check_results" time="0.00399999999990541"/>
    <testcase classname="ds.listServersideFunctions_smk_check_results" name="check_results" time="0.00500000000010914"/>
    <testcase classname="ds.listServersideFunctions_smk_check_results" name="check_results" time="0.00399999999990541"/>
    <testcase classname="ds.listServersideFunctions_smk_check_results" name="check_results" time="0.00399999999990541"/>
    <testcase classname="ds.listServersideFunctions_smk_check_results" name="check_results" time="0.00500000000010914"/>
    <testcase classname="ds.listServersideFunctions_smk_check_results" name="check_results" time="0.00500000000010914"/>
    <testcase classname="ds.listServersideFunctions_smk_check_results" name="check_results" time="0.00399999999990541"/>
    <testcase classname="ds.listServersideFunctions_smk_check_results" name="check_results" time="0.00399999999990541"/>
    <testcase classname="ds.listServersideFunctions_smk_check_results" name="check_results" time="0.00500000000010914"/>
    <testcase classname="ds.listServersideFunctions_smk_check_results" name="check_results" time="0.00499999999965439"/>
    <testcase classname="ds.listServersideFunctions_smk_check_results" name="check_results" time="0.00400000000036016"/>
    <testcase classname="ds.listServersideFunctions_smk_check_results" name="check_results" time="0.00499999999965439"/>
    <testcase classname="ds.listServersideFunctions_smk_check_results" name="check_results" time="0.00500000000010914"/>
    <testcase classname="ds.listServersideFunctions_smk_check_results" name="check_results" time="0.00399999999990541"/>
    <testcase classname="ds.listServersideFunctions_smk_check_results" name="check_results" time="0.00600000000031287"/>
    <testcase classname="ds.listServersideFunctions_smk_check_results" name="check_results" time="0.00399999999990541"/>
    <testcase classname="ds.listServersideFunctions_smk_check_results" name="check_results" time="0.00500000000010914"/>
    <testcase classname="ds.listServersideFunctions_smk_check_results" name="check_results" time="0.00499999999965439"/>
    <testcase classname="ds.listServersideFunctions_smk_check_results" name="check_results" time="0.0100000000002183"/>
    <testcase classname="ds.listServersideFunctions_smk_check_results" name="check_results" time="0.00500000000010914"/>
    <testcase classname="ds.listServersideFunctions_smk_check_results" name="check_results" time="0.00500000000010914"/>
    <testcase classname="ds.listServersideFunctions_smk_check_results" name="check_results" time="0.00499999999965439"/>
    <testcase classname="ds.listServersideFunctions_smk_check_results" name="check_results" time="0.00500000000010914"/>
    <testcase classname="ds.listServersideFunctions_smk_check_results" name="check_results" time="0.00500000000010914"/>
    <testcase classname="ds.listServersideFunctions_smk_check_results" name="check_results" time="0.00500000000010914"/>
    <testcase classname="ds.listServersideFunctions_smk_check_results" name="check_results" time="0.00499999999965439"/>
    <testcase classname="ds.listServersideFunctions_smk_check_results" name="check_results" time="0.00600000000031287"/>
    <testcase classname="ds.listServersideFunctions_smk_check_results" name="check_results" time="0.00499999999965439"/>
    <testcase classname="ds.listServersideFunctions_smk_check_results" name="check_results" time="0.00500000000010914"/>
    <testcase classname="ds.listServersideFunctions_smk_check_results" name="check_results" time="0.00500000000010914"/>
    <testcase classname="ds.listServersideFunctions_smk_check_results" name="check_results" time="0.00500000000010914"/>
    <testcase classname="ds.listServersideFunctions_smk_check_results" name="check_results" time="0.00599999999985812"/>
    <testcase classname="ds.listServersideFunctions_smk_check_results" name="check_results" time="0.00500000000010914"/>
    <testcase classname="ds.listServersideFunctions_smk_check_results" name="check_results" time="0.00499999999965439"/>
    <testcase classname="ds.listServersideFunctions_smk_check_results" name="check_results" time="0.00500000000010914"/>
    <testcase classname="ds.listServersideFunctions_smk_check_results" name="check_results" time="0.012000000000171"/>
    <testcase classname="ds.listServersideFunctions_smk_check_results" name="check_results" time="0.00500000000010914"/>
    <testcase classname="ds.listServersideFunctions_smk_check_results" name="check_results" time="0.0159999999996217"/>
    <testcase classname="ds.listServersideFunctions_smk_check_results" name="check_results" time="0.00500000000010914"/>
    <testcase classname="ds.listServersideFunctions_smk_check_results" name="check_results" time="0.00500000000010914"/>
    <testcase classname="ds.listServersideFunctions_smk_check_results" name="check_results" time="0.00599999999985812"/>
    <testcase classname="ds.listServersideFunctions_smk_check_results" name="check_results" time="0.00600000000031287"/>
    <testcase classname="ds.listServersideFunctions_smk_check_results" name="check_results" time="0.00499999999965439"/>
    <testcase classname="ds.listServersideFunctions_smk_check_results" name="check_results" time="0.00500000000010914"/>
    <testcase classname="ds.listServersideFunctions_smk_check_results" name="check_results" time="0.00499999999965439"/>
    <testcase classname="ds.listServersideFunctions_smk_check_results" name="check_results" time="0.00500000000010914"/>
    <testcase classname="ds.listServersideFunctions_smk_check_results" name="check_results" time="0.00500000000010914"/>
    <testcase classname="ds.listServersideFunctions_smk_check_results" name="check_results" time="0.00599999999985812"/>
    <testcase classname="ds.listServersideFunctions_smk_check_results" name="check_results" time="0.00500000000010914"/>
    <testcase classname="ds.listServersideFunctions_smk_check_results" name="check_results" time="0.00499999999965439"/>
    <testcase classname="ds.listServersideFunctions_smk_check_results" name="check_results" time="0.00500000000010914"/>
    <testcase classname="ds.listServersideFunctions_smk_check_results" name="check_results" time="0.00599999999985812"/>
    <testcase classname="ds.listServersideFunctions_smk_check_results" name="check_results" time="0.00500000000010914"/>
    <testcase classname="ds.listServersideFunctions_smk_check_results" name="check_results" time="0.00599999999985812"/>
    <testcase classname="ds.listServersideFunctions_smk_check_results" name="check_results" time="0.00500000000010914"/>
    <testcase classname="ds.listServersideFunctions_smk_check_results" name="check_results" time="0.00500000000010914"/>
    <testcase classname="ds.listServersideFunctions_smk_check_results" name="check_results" time="0.00599999999985812"/>
    <testcase classname="ds.listServersideFunctions_smk_check_results" name="check_results" time="0.00500000000010914"/>
    <testcase classname="ds.listServersideFunctions_smk_check_results" name="check_results" time="0.00599999999985812"/>
    <testcase classname="ds.listServersideFunctions_smk_check_results" name="check_results" time="0.00500000000010914"/>
    <testcase classname="ds.listServersideFunctions_smk_check_results" name="check_results" time="0.00500000000010914"/>
    <testcase classname="ds.listServersideFunctions_smk_check_results" name="check_results" time="0.00599999999985812"/>
    <testcase classname="ds.listServersideFunctions_smk_check_results" name="check_results" time="0.00500000000010914"/>
    <testcase classname="ds.listServersideFunctions_smk_check_results" name="check_results" time="0.00599999999985812"/>
    <testcase classname="ds.listServersideFunctions_smk_check_results" name="check_results" time="0.00700000000006185"/>
    <testcase classname="ds.listServersideFunctions_smk_check_results" name="check_results" time="0.00599999999985812"/>
    <testcase classname="ds.listServersideFunctions_smk_check_results" name="check_results" time="0.00600000000031287"/>
    <testcase classname="ds.listServersideFunctions_smk_check_results" name="check_results" time="0.00799999999981083"/>
    <testcase classname="ds.listServersideFunctions_smk_check_results" name="check_results" time="0.0160000000000764"/>
    <testcase classname="ds.listServersideFunctions_smk_check_results" name="check_results" time="0.00599999999985812"/>
    <testcase classname="ds.listServersideFunctions_smk_check_results" name="check_results" time="0.00800000000026557"/>
    <testcase classname="ds.listServersideFunctions_smk_check_results" name="check_results" time="0.00599999999985812"/>
    <testcase classname="ds.listServersideFunctions_smk_check_results" name="check_results" time="0.00599999999985812"/>
    <testcase classname="ds.listServersideFunctions_smk_check_results" name="check_results" time="0.00500000000010914"/>
    <testcase classname="ds.listServersideFunctions_smk_check_results" name="check_results" time="0.00700000000006185"/>
    <testcase classname="ds.listServersideFunctions_smk_check_results" name="check_results" time="0.00599999999985812"/>
    <testcase classname="ds.listServersideFunctions_smk_check_results" name="check_results" time="0.00500000000010914"/>
    <testcase classname="ds.listServersideFunctions_smk_check_results" name="check_results" time="0.00599999999985812"/>
    <testcase classname="ds.listServersideFunctions_smk_check_results" name="check_results" time="0.00600000000031287"/>
    <testcase classname="ds.listServersideFunctions_smk_check_results" name="check_results" time="0.00599999999985812"/>
    <testcase classname="ds.listServersideFunctions_smk_check_results" name="check_results" time="0.00599999999985812"/>
    <testcase classname="ds.listServersideFunctions_smk_check_results" name="check_results" time="0.00500000000010914"/>
    <testcase classname="ds.listServersideFunctions_smk_check_results" name="check_results" time="0.00599999999985812"/>
    <testcase classname="ds.listServersideFunctions_smk_check_results" name="check_results" time="0.00500000000010914"/>
    <testcase classname="ds.listServersideFunctions_smk_check_results" name="check_results" time="0.00599999999985812"/>
    <testcase classname="ds.listServersideFunctions_smk_check_results" name="check_results" time="0.00500000000010914"/>
    <testcase classname="ds.listServersideFunctions_smk_check_results" name="check_results" time="0.00600000000031287"/>
    <testcase classname="ds.listServersideFunctions_smk_check_results" name="check_results" time="0.00499999999965439"/>
    <testcase classname="ds.listServersideFunctions_smk_check_results" name="check_results" time="0.00600000000031287"/>
    <testcase classname="ds.listServersideFunctions_smk_check_results" name="check_results" time="0.00499999999965439"/>
    <testcase classname="ds.listServersideFunctions_smk_check_results" name="check_results" time="0.00600000000031287"/>
    <testcase classname="ds.listServersideFunctions_smk_check_results" name="check_results" time="0.00599999999985812"/>
    <testcase classname="ds.listServersideFunctions_smk_check_results" name="check_results" time="0.00500000000010914"/>
    <testcase classname="ds.listServersideFunctions_smk_check_results" name="check_results" time="0.00599999999985812"/>
    <testcase classname="ds.listServersideFunctions_smk_check_results" name="check_results" time="0.00900000000001455"/>
    <testcase classname="ds.listServersideFunctions_smk_check_results" name="check_results" time="0.00700000000006185"/>
    <testcase classname="ds.listServersideFunctions_smk_check_results" name="check_results" time="0.00799999999981083"/>
    <testcase classname="ds.listServersideFunctions_smk_check_results" name="check_results" time="0.00700000000006185"/>
    <testcase classname="ds.listServersideFunctions_smk_check_results" name="check_results" time="0.01299999999992"/>
    <testcase classname="ds.listServersideFunctions_smk_check_results" name="check_results" time="0.00600000000031287"/>
    <testcase classname="ds.listServersideFunctions_smk_check_results" name="check_results" time="0.00599999999985812"/>
    <testcase classname="ds.listServersideFunctions_smk_check_results" name="check_results" time="0.00599999999985812"/>
    <testcase classname="ds.listServersideFunctions_smk_check_results" name="check_results" time="0.00700000000006185"/>
    <testcase classname="ds.listServersideFunctions_smk_check_results" name="check_results" time="0.00500000000010914"/>
    <testcase classname="ds.listServersideFunctions_smk_check_results" name="check_results" time="0.00799999999981083"/>
    <testcase classname="ds.listServersideFunctions_smk_check_results" name="check_results" time="0.00600000000031287"/>
    <testcase classname="ds.listServersideFunctions_smk_check_results" name="check_results" time="0.00799999999981083"/>
    <testcase classname="ds.listServersideFunctions_smk_check_results" name="check_results" time="0.00700000000006185"/>
    <testcase classname="ds.listServersideFunctions_smk_check_results" name="check_results" time="0.00599999999985812"/>
    <testcase classname="ds.listServersideFunctions_smk_check_results" name="check_results" time="0.00700000000006185"/>
    <testcase classname="ds.listServersideFunctions_smk_check_results" name="check_results" time="0.00599999999985812"/>
    <testcase classname="ds.listServersideFunctions_smk_check_results" name="check_results" time="0.00800000000026557"/>
    <testcase classname="ds.listServersideFunctions_smk_check_results" name="check_results" time="0.00500000000010914"/>
    <testcase classname="ds.listServersideFunctions_smk_check_results" name="check_results" time="0.0069999999996071"/>
    <testcase classname="ds.listServersideFunctions_smk_check_results" name="check_results" time="0.00700000000006185"/>
    <testcase classname="ds.listServersideFunctions_smk_check_results" name="check_results" time="0.00600000000031287"/>
    <testcase classname="ds.listServersideFunctions_smk_check_results" name="check_results" time="0.00599999999985812"/>
    <testcase classname="ds.listServersideFunctions_smk_check_results" name="check_results" time="0.00599999999985812"/>
    <testcase classname="ds.listServersideFunctions_smk_check_results" name="check_results" time="0.00700000000006185"/>
    <testcase classname="ds.listServersideFunctions_smk_check_results" name="check_results" time="0.00700000000006185"/>
    <testcase classname="ds.listServersideFunctions_smk_check_results" name="check_results" time="0.00599999999985812"/>
    <testcase classname="ds.listServersideFunctions_smk_check_results" name="check_results" time="0.00700000000006185"/>
    <testcase classname="ds.listServersideFunctions_smk_check_results" name="check_results" time="0.00800000000026557"/>
    <testcase classname="ds.listServersideFunctions_smk_check_results" name="check_results" time="0.00599999999985812"/>
    <testcase classname="ds.listServersideFunctions_smk_check_results" name="check_results" time="0.00599999999985812"/>
    <testcase classname="ds.listServersideFunctions_smk_check_results" name="check_results" time="0.00700000000006185"/>
    <testcase classname="ds.listServersideFunctions_smk_check_results" name="check_results" time="0.0149999999998727"/>
    <testcase classname="ds.listServersideFunctions_smk_check_results" name="check_results" time="0.00600000000031287"/>
    <testcase classname="ds.listServersideFunctions_smk_check_results" name="check_results" time="0.00599999999985812"/>
    <testcase classname="ds.listServersideFunctions_smk_check_results" name="check_results" time="0.00799999999981083"/>
    <testcase classname="ds.listServersideFunctions_smk_check_results" name="check_results" time="0.00500000000010914"/>
    <testcase classname="ds.listServersideFunctions_smk_check_results" name="check_results" time="0.00700000000006185"/>
    <testcase classname="ds.listServersideFunctions_smk_check_results" name="check_results" time="0.00599999999985812"/>
    <testcase classname="ds.listServersideFunctions_smk_check_results" name="check_results" time="0.00600000000031287"/>
    <testcase classname="ds.listServersideFunctions_smk_check_results" name="check_results" time="0.00700000000006185"/>
    <testcase classname="ds.listServersideFunctions_smk_check_results" name="check_results" time="0.00599999999985812"/>
    <testcase classname="ds.listServersideFunctions_smk_check_results" name="check_results" time="0.00700000000006185"/>
    <testcase classname="ds.listServersideFunctions_smk_check_results" name="check_results" time="0.00599999999985812"/>
    <testcase classname="ds.listServersideFunctions_smk_check_results" name="check_results" time="0.00599999999985812"/>
    <testcase classname="ds.listServersideFunctions_smk_check_results" name="check_results" time="0.00900000000001455"/>
  </testsuite>
  <testsuite errors="0" failures="0" hostname="fv-az14" name="ds.lmerSLMA::smk::setup phase 1" skipped="0" tests="3" time="5.438" timestamp="2020-09-17T10:19:29Z">
    <testcase classname="ds.lmerSLMA_smk_setup_phase_1" name="setup" time="5.43499999999995"/>
    <testcase classname="ds.lmerSLMA_smk_setup_phase_1" name="setup" time="0.00100000000020373"/>
    <testcase classname="ds.lmerSLMA_smk_setup_phase_1" name="setup" time="0.00199999999995271"/>
  </testsuite>
  <testsuite errors="0" failures="0" hostname="fv-az14" name="ds.lmerSLMA::smk::phase 1" skipped="0" tests="11" time="15.223" timestamp="2020-09-17T10:19:34Z">
    <testcase classname="ds.lmerSLMA_smk_phase_1" name="simple_lmerSLMA" time="2.70499999999993"/>
    <testcase classname="ds.lmerSLMA_smk_phase_1" name="alternative_formulae_for_nested_groups" time="0.849999999999909"/>
    <testcase classname="ds.lmerSLMA_smk_phase_1" name="alternative_formulae_for_nested_groups" time="0.76700000000028"/>
    <testcase classname="ds.lmerSLMA_smk_phase_1" name="alternative_formulae_for_nested_groups" time="0.689000000000306"/>
    <testcase classname="ds.lmerSLMA_smk_phase_1" name="server_side_error" time="0.672999999999774"/>
    <testcase classname="ds.lmerSLMA_smk_phase_1" name="server_side_error" time="0.271999999999935"/>
    <testcase classname="ds.lmerSLMA_smk_phase_1" name="server_side_error" time="0.733000000000175"/>
    <testcase classname="ds.lmerSLMA_smk_phase_1" name="test_offsets_and_weights" time="6.404"/>
    <testcase classname="ds.lmerSLMA_smk_phase_1" name="test_offsets_and_weights" time="0.701999999999771"/>
    <testcase classname="ds.lmerSLMA_smk_phase_1" name="test_offsets_and_weights" time="0.718000000000302"/>
    <testcase classname="ds.lmerSLMA_smk_phase_1" name="test_offsets_and_weights" time="0.710000000000036"/>
  </testsuite>
  <testsuite errors="0" failures="0" hostname="fv-az14" name="ds.lmerSLMA::smk::shutdown phase 1" skipped="0" tests="3" time="0.285" timestamp="2020-09-17T10:19:49Z">
    <testcase classname="ds.lmerSLMA_smk_shutdown_phase_1" name="shutdown" time="0.281999999999698"/>
    <testcase classname="ds.lmerSLMA_smk_shutdown_phase_1" name="shutdown" time="0.00199999999995271"/>
    <testcase classname="ds.lmerSLMA_smk_shutdown_phase_1" name="shutdown" time="0.00100000000020373"/>
  </testsuite>
  <testsuite errors="0" failures="0" hostname="fv-az14" name="ds.lmerSLMA::smk::setup phase 2" skipped="0" tests="3" time="5.563" timestamp="2020-09-17T10:19:50Z">
    <testcase classname="ds.lmerSLMA_smk_setup_phase_2" name="setup" time="5.5590000000002"/>
    <testcase classname="ds.lmerSLMA_smk_setup_phase_2" name="setup" time="0.00199999999995271"/>
    <testcase classname="ds.lmerSLMA_smk_setup_phase_2" name="setup" time="0.00199999999995271"/>
  </testsuite>
  <testsuite errors="0" failures="0" hostname="fv-az14" name="ds.lmerSLMA::smk::test phase 2" skipped="1" tests="1" time="0.01" timestamp="2020-09-17T10:19:55Z">
    <testcase classname="ds.lmerSLMA_smk_test_phase_2" name="check_slope_formulae" time="0.00999999999976353">
      <skipped/>
    </testcase>
  </testsuite>
  <testsuite errors="0" failures="0" hostname="fv-az14" name="ds.lmerSLMA::smk::shutdown phase 2" skipped="0" tests="3" time="0.281" timestamp="2020-09-17T10:19:55Z">
    <testcase classname="ds.lmerSLMA_smk_shutdown_phase_2" name="shutdown" time="0.278000000000247"/>
    <testcase classname="ds.lmerSLMA_smk_shutdown_phase_2" name="shutdown" time="0.00199999999995271"/>
    <testcase classname="ds.lmerSLMA_smk_shutdown_phase_2" name="shutdown" time="0.000999999999748979"/>
  </testsuite>
  <testsuite errors="0" failures="0" hostname="fv-az14" name="ds.lmerSLMA::smk::done" skipped="0" tests="0" time="0" timestamp="2020-09-17T10:19:56Z"/>
  <testsuite errors="0" failures="0" hostname="fv-az14" name="ds.log::smk::setup" skipped="0" tests="3" time="5.407" timestamp="2020-09-17T10:19:56Z">
    <testcase classname="ds.log_smk_setup" name="setup" time="5.4050000000002"/>
    <testcase classname="ds.log_smk_setup" name="setup" time="0.00100000000020373"/>
    <testcase classname="ds.log_smk_setup" name="setup" time="0.000999999999748979"/>
  </testsuite>
  <testsuite errors="0" failures="0" hostname="fv-az14" name="ds.log::smk" skipped="0" tests="30" time="5.486" timestamp="2020-09-17T10:20:00Z">
    <testcase classname="ds.log_smk" name="simple_log" time="1.5010000000002"/>
    <testcase classname="ds.log_smk" name="simple_log" time="0.271999999999935"/>
    <testcase classname="ds.log_smk" name="simple_log" time="0.000999999999748979"/>
    <testcase classname="ds.log_smk" name="simple_log" time="0.00199999999995271"/>
    <testcase classname="ds.log_smk" name="simple_log" time="0.00100000000020373"/>
    <testcase classname="ds.log_smk" name="simple_log" time="0.00100000000020373"/>
    <testcase classname="ds.log_smk" name="simple_log" time="0.000999999999748979"/>
    <testcase classname="ds.log_smk" name="simple_log" time="0.00199999999995271"/>
    <testcase classname="ds.log_smk" name="simple_log" time="0.519999999999982"/>
    <testcase classname="ds.log_smk" name="simple_log" time="0.00100000000020373"/>
    <testcase classname="ds.log_smk" name="simple_log" time="0.00199999999995271"/>
    <testcase classname="ds.log_smk" name="simple_log" time="0.000999999999748979"/>
    <testcase classname="ds.log_smk" name="simple_log" time="0.00200000000040745"/>
    <testcase classname="ds.log_smk" name="simple_log" time="0.000999999999748979"/>
    <testcase classname="ds.log_smk" name="simple_log" time="0.00199999999995271"/>
    <testcase classname="ds.log_smk" name="simple_log" time="2.37699999999995"/>
    <testcase classname="ds.log_smk" name="simple_log" time="0.262000000000171"/>
    <testcase classname="ds.log_smk" name="simple_log" time="0.000999999999748979"/>
    <testcase classname="ds.log_smk" name="simple_log" time="0.00200000000040745"/>
    <testcase classname="ds.log_smk" name="simple_log" time="0.000999999999748979"/>
    <testcase classname="ds.log_smk" name="simple_log" time="0.00100000000020373"/>
    <testcase classname="ds.log_smk" name="simple_log" time="0.00199999999995271"/>
    <testcase classname="ds.log_smk" name="simple_log" time="0.000999999999748979"/>
    <testcase classname="ds.log_smk" name="simple_log" time="0.521000000000186"/>
    <testcase classname="ds.log_smk" name="simple_log" time="0.000999999999748979"/>
    <testcase classname="ds.log_smk" name="simple_log" time="0.00100000000020373"/>
    <testcase classname="ds.log_smk" name="simple_log" time="0.00199999999995271"/>
    <testcase classname="ds.log_smk" name="simple_log" time="0.00100000000020373"/>
    <testcase classname="ds.log_smk" name="simple_log" time="0.00199999999995271"/>
    <testcase classname="ds.log_smk" name="simple_log" time="0.000999999999748979"/>
  </testsuite>
  <testsuite errors="0" failures="0" hostname="fv-az14" name="ds.log::smk::shutdown" skipped="0" tests="3" time="0.284" timestamp="2020-09-17T10:20:06Z">
    <testcase classname="ds.log_smk_shutdown" name="shutdown" time="0.280999999999949"/>
    <testcase classname="ds.log_smk_shutdown" name="shutdown" time="0.00200000000040745"/>
    <testcase classname="ds.log_smk_shutdown" name="shutdown" time="0.000999999999748979"/>
  </testsuite>
  <testsuite errors="0" failures="0" hostname="fv-az14" name="ds.log::smk::done" skipped="0" tests="0" time="0" timestamp="2020-09-17T10:20:07Z"/>
  <testsuite errors="0" failures="0" hostname="fv-az14" name="ds.look::smk::setup" skipped="0" tests="3" time="5.383" timestamp="2020-09-17T10:20:07Z">
    <testcase classname="ds.look_smk_setup" name="setup" time="5.38099999999986"/>
    <testcase classname="ds.look_smk_setup" name="setup" time="0.00100000000020373"/>
    <testcase classname="ds.look_smk_setup" name="setup" time="0.00100000000020373"/>
  </testsuite>
  <testsuite errors="0" failures="0" hostname="fv-az14" name="ds.look::smk" skipped="0" tests="5" time="0.278" timestamp="2020-09-17T10:20:12Z">
    <testcase classname="ds.look_smk" name="simple_look" time="0.272999999999683"/>
    <testcase classname="ds.look_smk" name="simple_look" time="0.00100000000020373"/>
    <testcase classname="ds.look_smk" name="simple_look" time="0.00199999999995271"/>
    <testcase classname="ds.look_smk" name="simple_look" time="0.000999999999748979"/>
    <testcase classname="ds.look_smk" name="simple_look" time="0.00100000000020373"/>
  </testsuite>
  <testsuite errors="0" failures="0" hostname="fv-az14" name="ds.look::smk::shutdown" skipped="0" tests="3" time="0.286" timestamp="2020-09-17T10:20:12Z">
    <testcase classname="ds.look_smk_shutdown" name="shutdown" time="0.282999999999902"/>
    <testcase classname="ds.look_smk_shutdown" name="shutdown" time="0.00199999999995271"/>
    <testcase classname="ds.look_smk_shutdown" name="shutdown" time="0.00100000000020373"/>
  </testsuite>
  <testsuite errors="0" failures="0" hostname="fv-az14" name="ds.look::smk::done" skipped="0" tests="0" time="0" timestamp="2020-09-17T10:20:13Z"/>
  <testsuite errors="0" failures="0" hostname="fv-az14" name="ds.ls::smk::setup" skipped="0" tests="3" time="5.369" timestamp="2020-09-17T10:20:13Z">
    <testcase classname="ds.ls_smk_setup" name="setup" time="5.36599999999999"/>
    <testcase classname="ds.ls_smk_setup" name="setup" time="0.00199999999995271"/>
    <testcase classname="ds.ls_smk_setup" name="setup" time="0.00100000000020373"/>
  </testsuite>
  <testsuite errors="0" failures="0" hostname="fv-az14" name="ds.ls::smk" skipped="0" tests="53" time="1.425" timestamp="2020-09-17T10:20:18Z">
    <testcase classname="ds.ls_smk" name="simple_ls" time="0.271999999999935"/>
    <testcase classname="ds.ls_smk" name="simple_ls" time="0.00100000000020373"/>
    <testcase classname="ds.ls_smk" name="simple_ls" time="0.000999999999748979"/>
    <testcase classname="ds.ls_smk" name="simple_ls" time="0.00100000000020373"/>
    <testcase classname="ds.ls_smk" name="simple_ls" time="0.00199999999995271"/>
    <testcase classname="ds.ls_smk" name="simple_ls" time="0.00100000000020373"/>
    <testcase classname="ds.ls_smk" name="simple_ls" time="0.000999999999748979"/>
    <testcase classname="ds.ls_smk" name="simple_ls" time="0.00100000000020373"/>
    <testcase classname="ds.ls_smk" name="simple_ls" time="0.00199999999995271"/>
    <testcase classname="ds.ls_smk" name="simple_ls" time="0.000999999999748979"/>
    <testcase classname="ds.ls_smk" name="simple_ls" time="0.00100000000020373"/>
    <testcase classname="ds.ls_smk" name="simple_ls" time="0.00199999999995271"/>
    <testcase classname="ds.ls_smk" name="simple_ls" time="0.00100000000020373"/>
    <testcase classname="ds.ls_smk" name="simple_ls_with_envir" time="0.263999999999669"/>
    <testcase classname="ds.ls_smk" name="simple_ls_with_envir" time="0.00100000000020373"/>
    <testcase classname="ds.ls_smk" name="simple_ls_with_envir" time="0.000999999999748979"/>
    <testcase classname="ds.ls_smk" name="simple_ls_with_envir" time="0.00199999999995271"/>
    <testcase classname="ds.ls_smk" name="simple_ls_with_envir" time="0.00100000000020373"/>
    <testcase classname="ds.ls_smk" name="simple_ls_with_envir" time="0.00100000000020373"/>
    <testcase classname="ds.ls_smk" name="simple_ls_with_envir" time="0.00199999999995271"/>
    <testcase classname="ds.ls_smk" name="simple_ls_with_envir" time="0.000999999999748979"/>
    <testcase classname="ds.ls_smk" name="simple_ls_with_envir" time="0.00100000000020373"/>
    <testcase classname="ds.ls_smk" name="simple_ls_with_envir" time="0.00199999999995271"/>
    <testcase classname="ds.ls_smk" name="simple_ls_with_envir_with_wildcard_postfix" time="0.268999999999778"/>
    <testcase classname="ds.ls_smk" name="simple_ls_with_envir_with_wildcard_postfix" time="0.00199999999995271"/>
    <testcase classname="ds.ls_smk" name="simple_ls_with_envir_with_wildcard_postfix" time="0.00100000000020373"/>
    <testcase classname="ds.ls_smk" name="simple_ls_with_envir_with_wildcard_postfix" time="0.00199999999995271"/>
    <testcase classname="ds.ls_smk" name="simple_ls_with_envir_with_wildcard_postfix" time="0.00100000000020373"/>
    <testcase classname="ds.ls_smk" name="simple_ls_with_envir_with_wildcard_postfix" time="0.00199999999995271"/>
    <testcase classname="ds.ls_smk" name="simple_ls_with_envir_with_wildcard_postfix" time="0.00199999999995271"/>
    <testcase classname="ds.ls_smk" name="simple_ls_with_envir_with_wildcard_postfix" time="0.00199999999995271"/>
    <testcase classname="ds.ls_smk" name="simple_ls_with_envir_with_wildcard_postfix" time="0.00100000000020373"/>
    <testcase classname="ds.ls_smk" name="simple_ls_with_envir_with_wildcard_postfix" time="0.00199999999995271"/>
    <testcase classname="ds.ls_smk" name="simple_ls_with_envir_with_wildcard_infix" time="0.271999999999935"/>
    <testcase classname="ds.ls_smk" name="simple_ls_with_envir_with_wildcard_infix" time="0.000999999999748979"/>
    <testcase classname="ds.ls_smk" name="simple_ls_with_envir_with_wildcard_infix" time="0.00199999999995271"/>
    <testcase classname="ds.ls_smk" name="simple_ls_with_envir_with_wildcard_infix" time="0.00100000000020373"/>
    <testcase classname="ds.ls_smk" name="simple_ls_with_envir_with_wildcard_infix" time="0.00199999999995271"/>
    <testcase classname="ds.ls_smk" name="simple_ls_with_envir_with_wildcard_infix" time="0.00199999999995271"/>
    <testcase classname="ds.ls_smk" name="simple_ls_with_envir_with_wildcard_infix" time="0.00100000000020373"/>
    <testcase classname="ds.ls_smk" name="simple_ls_with_envir_with_wildcard_infix" time="0.00199999999995271"/>
    <testcase classname="ds.ls_smk" name="simple_ls_with_envir_with_wildcard_infix" time="0.00199999999995271"/>
    <testcase classname="ds.ls_smk" name="simple_ls_with_envir_with_wildcard_infix" time="0.00100000000020373"/>
    <testcase classname="ds.ls_smk" name="simple_ls_with_envir_with_wildcard_prefix" time="0.270999999999731"/>
    <testcase classname="ds.ls_smk" name="simple_ls_with_envir_with_wildcard_prefix" time="0.00300000000015643"/>
    <testcase classname="ds.ls_smk" name="simple_ls_with_envir_with_wildcard_prefix" time="0.000999999999748979"/>
    <testcase classname="ds.ls_smk" name="simple_ls_with_envir_with_wildcard_prefix" time="0.00199999999995271"/>
    <testcase classname="ds.ls_smk" name="simple_ls_with_envir_with_wildcard_prefix" time="0.00200000000040745"/>
    <testcase classname="ds.ls_smk" name="simple_ls_with_envir_with_wildcard_prefix" time="0.00199999999995271"/>
    <testcase classname="ds.ls_smk" name="simple_ls_with_envir_with_wildcard_prefix" time="0.00299999999970169"/>
    <testcase classname="ds.ls_smk" name="simple_ls_with_envir_with_wildcard_prefix" time="0.00300000000015643"/>
    <testcase classname="ds.ls_smk" name="simple_ls_with_envir_with_wildcard_prefix" time="0.00300000000015643"/>
    <testcase classname="ds.ls_smk" name="simple_ls_with_envir_with_wildcard_prefix" time="0.00199999999995271"/>
  </testsuite>
  <testsuite errors="0" failures="0" hostname="fv-az14" name="ds.ls::smk::shutdown" skipped="0" tests="3" time="0.305" timestamp="2020-09-17T10:20:19Z">
    <testcase classname="ds.ls_smk_shutdown" name="shutdown" time="0.302999999999884"/>
    <testcase classname="ds.ls_smk_shutdown" name="shutdown" time="0.00100000000020373"/>
    <testcase classname="ds.ls_smk_shutdown" name="shutdown" time="0.000999999999748979"/>
  </testsuite>
  <testsuite errors="0" failures="0" hostname="fv-az14" name="ds.ls::smk::done" skipped="0" tests="0" time="0" timestamp="2020-09-17T10:20:20Z"/>
  <testsuite errors="0" failures="0" hostname="fv-az14" name="ds.make::smk::setup" skipped="0" tests="3" time="5.44" timestamp="2020-09-17T10:20:20Z">
    <testcase classname="ds.make_smk_setup" name="setup" time="5.4369999999999"/>
    <testcase classname="ds.make_smk_setup" name="setup" time="0.00199999999995271"/>
    <testcase classname="ds.make_smk_setup" name="setup" time="0.00100000000020373"/>
  </testsuite>
  <testsuite errors="0" failures="0" hostname="fv-az14" name="ds.make::smk" skipped="0" tests="3" time="0.805" timestamp="2020-09-17T10:20:25Z">
    <testcase classname="ds.make_smk" name="simple_make" time="0.802000000000135"/>
    <testcase classname="ds.make_smk" name="simple_make" time="0.00199999999995271"/>
    <testcase classname="ds.make_smk" name="simple_make" time="0.000999999999748979"/>
  </testsuite>
  <testsuite errors="0" failures="0" hostname="fv-az14" name="ds.make::smk::shutdown" skipped="0" tests="3" time="0.284" timestamp="2020-09-17T10:20:26Z">
    <testcase classname="ds.make_smk_shutdown" name="shutdown" time="0.280999999999949"/>
    <testcase classname="ds.make_smk_shutdown" name="shutdown" time="0.00100000000020373"/>
    <testcase classname="ds.make_smk_shutdown" name="shutdown" time="0.00199999999995271"/>
  </testsuite>
  <testsuite errors="0" failures="0" hostname="fv-az14" name="ds.make::smk::done" skipped="0" tests="0" time="0" timestamp="2020-09-17T10:20:27Z"/>
  <testsuite errors="0" failures="0" hostname="fv-az14" name="ds.matrixDet::smk::setup" skipped="0" tests="3" time="5.451" timestamp="2020-09-17T10:20:27Z">
    <testcase classname="ds.matrixDet_smk_setup" name="setup" time="5.44900000000007"/>
    <testcase classname="ds.matrixDet_smk_setup" name="setup" time="0.000999999999748979"/>
    <testcase classname="ds.matrixDet_smk_setup" name="setup" time="0.00100000000020373"/>
  </testsuite>
  <testsuite errors="0" failures="0" hostname="fv-az14" name="ds.matrixDet::smk" skipped="0" tests="7" time="2.282" timestamp="2020-09-17T10:20:31Z">
    <testcase classname="ds.matrixDet_smk" name="simplest_ds.matrixDet" time="1.71599999999989"/>
    <testcase classname="ds.matrixDet_smk" name="simplest_ds.matrixDet" time="0.00100000000020373"/>
    <testcase classname="ds.matrixDet_smk" name="simplest_ds.matrixDet" time="0.000999999999748979"/>
    <testcase classname="ds.matrixDet_smk" name="simplest_ds.matrixDet" time="0.559999999999945"/>
    <testcase classname="ds.matrixDet_smk" name="simplest_ds.matrixDet" time="0.00100000000020373"/>
    <testcase classname="ds.matrixDet_smk" name="simplest_ds.matrixDet" time="0.00199999999995271"/>
    <testcase classname="ds.matrixDet_smk" name="simplest_ds.matrixDet" time="0.00100000000020373"/>
  </testsuite>
  <testsuite errors="0" failures="0" hostname="fv-az14" name="ds.matrixDet::smk::shutdown" skipped="0" tests="3" time="0.303" timestamp="2020-09-17T10:20:34Z">
    <testcase classname="ds.matrixDet_smk_shutdown" name="shutdown" time="0.300999999999931"/>
    <testcase classname="ds.matrixDet_smk_shutdown" name="shutdown" time="0.000999999999748979"/>
    <testcase classname="ds.matrixDet_smk_shutdown" name="shutdown" time="0.00100000000020373"/>
  </testsuite>
  <testsuite errors="0" failures="0" hostname="fv-az14" name="ds.matrixDet::smk::done" skipped="0" tests="0" time="0" timestamp="2020-09-17T10:20:35Z"/>
  <testsuite errors="0" failures="0" hostname="fv-az14" name="ds.matrixDet.report::smk::setup" skipped="0" tests="3" time="5.445" timestamp="2020-09-17T10:20:35Z">
    <testcase classname="ds.matrixDet.report_smk_setup" name="setup" time="5.44299999999976"/>
    <testcase classname="ds.matrixDet.report_smk_setup" name="setup" time="0.00100000000020373"/>
    <testcase classname="ds.matrixDet.report_smk_setup" name="setup" time="0.000999999999748979"/>
  </testsuite>
  <testsuite errors="0" failures="0" hostname="fv-az14" name="ds.matrixDet.report::smk" skipped="0" tests="14" time="1.092" timestamp="2020-09-17T10:20:39Z">
    <testcase classname="ds.matrixDet.report_smk" name="simplest_ds.matrixDet.report" time="1.07299999999987"/>
    <testcase classname="ds.matrixDet.report_smk" name="simplest_ds.matrixDet.report" time="0.00100000000020373"/>
    <testcase classname="ds.matrixDet.report_smk" name="simplest_ds.matrixDet.report" time="0.00199999999995271"/>
    <testcase classname="ds.matrixDet.report_smk" name="simplest_ds.matrixDet.report" time="0.00100000000020373"/>
    <testcase classname="ds.matrixDet.report_smk" name="simplest_ds.matrixDet.report" time="0.000999999999748979"/>
    <testcase classname="ds.matrixDet.report_smk" name="simplest_ds.matrixDet.report" time="0.00199999999995271"/>
    <testcase classname="ds.matrixDet.report_smk" name="simplest_ds.matrixDet.report" time="0.00199999999995271"/>
    <testcase classname="ds.matrixDet.report_smk" name="simplest_ds.matrixDet.report" time="0.00100000000020373"/>
    <testcase classname="ds.matrixDet.report_smk" name="simplest_ds.matrixDet.report" time="0.00100000000020373"/>
    <testcase classname="ds.matrixDet.report_smk" name="simplest_ds.matrixDet.report" time="0.00199999999995271"/>
    <testcase classname="ds.matrixDet.report_smk" name="simplest_ds.matrixDet.report" time="0.000999999999748979"/>
    <testcase classname="ds.matrixDet.report_smk" name="simplest_ds.matrixDet.report" time="0.00199999999995271"/>
    <testcase classname="ds.matrixDet.report_smk" name="simplest_ds.matrixDet.report" time="0.00100000000020373"/>
    <testcase classname="ds.matrixDet.report_smk" name="simplest_ds.matrixDet.report" time="0.00199999999995271"/>
  </testsuite>
  <testsuite errors="0" failures="0" hostname="fv-az14" name="ds.matrixDet.report::smk::shutdown" skipped="0" tests="3" time="0.285" timestamp="2020-09-17T10:20:40Z">
    <testcase classname="ds.matrixDet.report_smk_shutdown" name="shutdown" time="0.282999999999902"/>
    <testcase classname="ds.matrixDet.report_smk_shutdown" name="shutdown" time="0.000999999999748979"/>
    <testcase classname="ds.matrixDet.report_smk_shutdown" name="shutdown" time="0.00100000000020373"/>
  </testsuite>
  <testsuite errors="0" failures="0" hostname="fv-az14" name="ds.matrixDet.report::smk::done" skipped="0" tests="0" time="0" timestamp="2020-09-17T10:20:41Z"/>
  <testsuite errors="0" failures="0" hostname="fv-az14" name="ds.matrixDiag::smk::setup" skipped="0" tests="3" time="5.412" timestamp="2020-09-17T10:20:41Z">
    <testcase classname="ds.matrixDiag_smk_setup" name="setup" time="5.40900000000011"/>
    <testcase classname="ds.matrixDiag_smk_setup" name="setup" time="0.00199999999995271"/>
    <testcase classname="ds.matrixDiag_smk_setup" name="setup" time="0.000999999999748979"/>
  </testsuite>
  <testsuite errors="0" failures="0" hostname="fv-az14" name="ds.matrixDiag::smk" skipped="0" tests="7" time="1.427" timestamp="2020-09-17T10:20:46Z">
    <testcase classname="ds.matrixDiag_smk" name="simplest_ds.matrixDiag" time="0.894000000000233"/>
    <testcase classname="ds.matrixDiag_smk" name="simplest_ds.matrixDiag" time="0.00199999999995271"/>
    <testcase classname="ds.matrixDiag_smk" name="simplest_ds.matrixDiag" time="0.000999999999748979"/>
    <testcase classname="ds.matrixDiag_smk" name="simplest_ds.matrixDiag" time="0.526000000000295"/>
    <testcase classname="ds.matrixDiag_smk" name="simplest_ds.matrixDiag" time="0.000999999999748979"/>
    <testcase classname="ds.matrixDiag_smk" name="simplest_ds.matrixDiag" time="0.00100000000020373"/>
    <testcase classname="ds.matrixDiag_smk" name="simplest_ds.matrixDiag" time="0.00199999999995271"/>
  </testsuite>
  <testsuite errors="0" failures="0" hostname="fv-az14" name="ds.matrixDiag::smk" skipped="0" tests="7" time="1.398" timestamp="2020-09-17T10:20:47Z">
    <testcase classname="ds.matrixDiag_smk" name="simplest_ds.matrixDiag" time="0.795999999999822"/>
    <testcase classname="ds.matrixDiag_smk" name="simplest_ds.matrixDiag" time="0.00100000000020373"/>
    <testcase classname="ds.matrixDiag_smk" name="simplest_ds.matrixDiag" time="0.000999999999748979"/>
    <testcase classname="ds.matrixDiag_smk" name="simplest_ds.matrixDiag" time="0.596000000000004"/>
    <testcase classname="ds.matrixDiag_smk" name="simplest_ds.matrixDiag" time="0.00200000000040745"/>
    <testcase classname="ds.matrixDiag_smk" name="simplest_ds.matrixDiag" time="0.000999999999748979"/>
    <testcase classname="ds.matrixDiag_smk" name="simplest_ds.matrixDiag" time="0.00100000000020373"/>
  </testsuite>
  <testsuite errors="0" failures="0" hostname="fv-az14" name="ds.matrixDiag::smk::shutdown" skipped="0" tests="3" time="0.284" timestamp="2020-09-17T10:20:49Z">
    <testcase classname="ds.matrixDiag_smk_shutdown" name="shutdown" time="0.281999999999698"/>
    <testcase classname="ds.matrixDiag_smk_shutdown" name="shutdown" time="0.00100000000020373"/>
    <testcase classname="ds.matrixDiag_smk_shutdown" name="shutdown" time="0.000999999999748979"/>
  </testsuite>
  <testsuite errors="0" failures="0" hostname="fv-az14" name="ds.matrixDiag::smk::done" skipped="0" tests="0" time="0" timestamp="2020-09-17T10:20:50Z"/>
  <testsuite errors="0" failures="0" hostname="fv-az14" name="ds.matrixDimnames::smk::setup" skipped="0" tests="3" time="5.421" timestamp="2020-09-17T10:20:50Z">
    <testcase classname="ds.matrixDimnames_smk_setup" name="setup" time="5.41900000000032"/>
    <testcase classname="ds.matrixDimnames_smk_setup" name="setup" time="0.000999999999748979"/>
    <testcase classname="ds.matrixDimnames_smk_setup" name="setup" time="0.00100000000020373"/>
  </testsuite>
  <testsuite errors="0" failures="0" hostname="fv-az14" name="ds.matrixDimnames::smk" skipped="0" tests="7" time="2.232" timestamp="2020-09-17T10:20:55Z">
    <testcase classname="ds.matrixDimnames_smk" name="simplest_ds.matrixDimnames" time="1.66800000000012"/>
    <testcase classname="ds.matrixDimnames_smk" name="simplest_ds.matrixDimnames" time="0.00199999999995271"/>
    <testcase classname="ds.matrixDimnames_smk" name="simplest_ds.matrixDimnames" time="0.000999999999748979"/>
    <testcase classname="ds.matrixDimnames_smk" name="simplest_ds.matrixDimnames" time="0.55600000000004"/>
    <testcase classname="ds.matrixDimnames_smk" name="simplest_ds.matrixDimnames" time="0.00199999999995271"/>
    <testcase classname="ds.matrixDimnames_smk" name="simplest_ds.matrixDimnames" time="0.00199999999995271"/>
    <testcase classname="ds.matrixDimnames_smk" name="simplest_ds.matrixDimnames" time="0.00100000000020373"/>
  </testsuite>
  <testsuite errors="0" failures="0" hostname="fv-az14" name="ds.matrixDimnames::smk::shutdown" skipped="0" tests="3" time="0.309" timestamp="2020-09-17T10:20:57Z">
    <testcase classname="ds.matrixDimnames_smk_shutdown" name="shutdown" time="0.306999999999789"/>
    <testcase classname="ds.matrixDimnames_smk_shutdown" name="shutdown" time="0.00100000000020373"/>
    <testcase classname="ds.matrixDimnames_smk_shutdown" name="shutdown" time="0.000999999999748979"/>
  </testsuite>
  <testsuite errors="0" failures="0" hostname="fv-az14" name="ds.matrixDimnames::smk::done" skipped="0" tests="0" time="0" timestamp="2020-09-17T10:20:58Z"/>
  <testsuite errors="0" failures="0" hostname="fv-az14" name="ds.matrixInvert::smk::setup" skipped="0" tests="3" time="5.441" timestamp="2020-09-17T10:20:58Z">
    <testcase classname="ds.matrixInvert_smk_setup" name="setup" time="5.4380000000001"/>
    <testcase classname="ds.matrixInvert_smk_setup" name="setup" time="0.00199999999995271"/>
    <testcase classname="ds.matrixInvert_smk_setup" name="setup" time="0.00100000000020373"/>
  </testsuite>
  <testsuite errors="0" failures="0" hostname="fv-az14" name="ds.matrixInvert::smk" skipped="0" tests="7" time="2.22" timestamp="2020-09-17T10:21:03Z">
    <testcase classname="ds.matrixInvert_smk" name="simplest_ds.matrixInvert" time="1.64800000000014"/>
    <testcase classname="ds.matrixInvert_smk" name="simplest_ds.matrixInvert" time="0.000999999999748979"/>
    <testcase classname="ds.matrixInvert_smk" name="simplest_ds.matrixInvert" time="0.00199999999995271"/>
    <testcase classname="ds.matrixInvert_smk" name="simplest_ds.matrixInvert" time="0.565000000000055"/>
    <testcase classname="ds.matrixInvert_smk" name="simplest_ds.matrixInvert" time="0.00199999999995271"/>
    <testcase classname="ds.matrixInvert_smk" name="simplest_ds.matrixInvert" time="0.00100000000020373"/>
    <testcase classname="ds.matrixInvert_smk" name="simplest_ds.matrixInvert" time="0.000999999999748979"/>
  </testsuite>
  <testsuite errors="0" failures="0" hostname="fv-az14" name="ds.matrixInvert::smk::shutdown" skipped="0" tests="3" time="0.323" timestamp="2020-09-17T10:21:05Z">
    <testcase classname="ds.matrixInvert_smk_shutdown" name="shutdown" time="0.320999999999913"/>
    <testcase classname="ds.matrixInvert_smk_shutdown" name="shutdown" time="0.00100000000020373"/>
    <testcase classname="ds.matrixInvert_smk_shutdown" name="shutdown" time="0.00100000000020373"/>
  </testsuite>
  <testsuite errors="0" failures="0" hostname="fv-az14" name="ds.matrixInvert::smk::done" skipped="0" tests="0" time="0" timestamp="2020-09-17T10:21:06Z"/>
  <testsuite errors="0" failures="0" hostname="fv-az14" name="ds.matrixMult::smk::setup" skipped="0" tests="3" time="5.507" timestamp="2020-09-17T10:21:06Z">
    <testcase classname="ds.matrixMult_smk_setup" name="setup" time="5.50499999999965"/>
    <testcase classname="ds.matrixMult_smk_setup" name="setup" time="0.00100000000020373"/>
    <testcase classname="ds.matrixMult_smk_setup" name="setup" time="0.000999999999748979"/>
  </testsuite>
  <testsuite errors="0" failures="0" hostname="fv-az14" name="ds.matrixMult::smk" skipped="0" tests="7" time="3.118" timestamp="2020-09-17T10:21:11Z">
    <testcase classname="ds.matrixMult_smk" name="simplest_ds.matrixMult" time="2.57600000000002"/>
    <testcase classname="ds.matrixMult_smk" name="simplest_ds.matrixMult" time="0.00200000000040745"/>
    <testcase classname="ds.matrixMult_smk" name="simplest_ds.matrixMult" time="0.000999999999748979"/>
    <testcase classname="ds.matrixMult_smk" name="simplest_ds.matrixMult" time="0.534999999999854"/>
    <testcase classname="ds.matrixMult_smk" name="simplest_ds.matrixMult" time="0.00199999999995271"/>
    <testcase classname="ds.matrixMult_smk" name="simplest_ds.matrixMult" time="0.00100000000020373"/>
    <testcase classname="ds.matrixMult_smk" name="simplest_ds.matrixMult" time="0.00100000000020373"/>
  </testsuite>
  <testsuite errors="0" failures="0" hostname="fv-az14" name="ds.matrixMult::smk::shutdown" skipped="0" tests="3" time="0.293" timestamp="2020-09-17T10:21:14Z">
    <testcase classname="ds.matrixMult_smk_shutdown" name="shutdown" time="0.289999999999964"/>
    <testcase classname="ds.matrixMult_smk_shutdown" name="shutdown" time="0.000999999999748979"/>
    <testcase classname="ds.matrixMult_smk_shutdown" name="shutdown" time="0.00199999999995271"/>
  </testsuite>
  <testsuite errors="0" failures="0" hostname="fv-az14" name="ds.matrixMult::smk::done" skipped="0" tests="0" time="0" timestamp="2020-09-17T10:21:15Z"/>
  <testsuite errors="0" failures="0" hostname="fv-az14" name="ds.matrix::smk::setup" skipped="0" tests="3" time="5.455" timestamp="2020-09-17T10:21:15Z">
    <testcase classname="ds.matrix_smk_setup" name="setup" time="5.45299999999997"/>
    <testcase classname="ds.matrix_smk_setup" name="setup" time="0.00100000000020373"/>
    <testcase classname="ds.matrix_smk_setup" name="setup" time="0.000999999999748979"/>
  </testsuite>
  <testsuite errors="0" failures="0" hostname="fv-az14" name="ds.matrix::smk" skipped="0" tests="7" time="1.349" timestamp="2020-09-17T10:21:19Z">
    <testcase classname="ds.matrix_smk" name="simplest_ds.matrix" time="0.795000000000073"/>
    <testcase classname="ds.matrix_smk" name="simplest_ds.matrix" time="0.00100000000020373"/>
    <testcase classname="ds.matrix_smk" name="simplest_ds.matrix" time="0.00199999999995271"/>
    <testcase classname="ds.matrix_smk" name="simplest_ds.matrix" time="0.539000000000215"/>
    <testcase classname="ds.matrix_smk" name="simplest_ds.matrix" time="0.00199999999995271"/>
    <testcase classname="ds.matrix_smk" name="simplest_ds.matrix" time="0.00900000000001455"/>
    <testcase classname="ds.matrix_smk" name="simplest_ds.matrix" time="0.000999999999748979"/>
  </testsuite>
  <testsuite errors="0" failures="0" hostname="fv-az14" name="ds.matrix::smk::shutdown" skipped="0" tests="3" time="0.28" timestamp="2020-09-17T10:21:21Z">
    <testcase classname="ds.matrix_smk_shutdown" name="shutdown" time="0.277000000000044"/>
    <testcase classname="ds.matrix_smk_shutdown" name="shutdown" time="0.00100000000020373"/>
    <testcase classname="ds.matrix_smk_shutdown" name="shutdown" time="0.00199999999995271"/>
  </testsuite>
  <testsuite errors="0" failures="0" hostname="fv-az14" name="ds.matrix::smk::done" skipped="0" tests="0" time="0" timestamp="2020-09-17T10:21:22Z"/>
  <testsuite errors="0" failures="0" hostname="fv-az14" name="ds.matrixTranspose::smk::setup" skipped="0" tests="3" time="5.502" timestamp="2020-09-17T10:21:22Z">
    <testcase classname="ds.matrixTranspose_smk_setup" name="setup" time="5.5"/>
    <testcase classname="ds.matrixTranspose_smk_setup" name="setup" time="0.000999999999748979"/>
    <testcase classname="ds.matrixTranspose_smk_setup" name="setup" time="0.00100000000020373"/>
  </testsuite>
  <testsuite errors="0" failures="0" hostname="fv-az14" name="ds.matrixTranspose::smk" skipped="0" tests="7" time="2.213" timestamp="2020-09-17T10:21:27Z">
    <testcase classname="ds.matrixTranspose_smk" name="simplest_ds.matrixTranspose" time="1.65299999999979"/>
    <testcase classname="ds.matrixTranspose_smk" name="simplest_ds.matrixTranspose" time="0.00199999999995271"/>
    <testcase classname="ds.matrixTranspose_smk" name="simplest_ds.matrixTranspose" time="0.00100000000020373"/>
    <testcase classname="ds.matrixTranspose_smk" name="simplest_ds.matrixTranspose" time="0.554000000000087"/>
    <testcase classname="ds.matrixTranspose_smk" name="simplest_ds.matrixTranspose" time="0.000999999999748979"/>
    <testcase classname="ds.matrixTranspose_smk" name="simplest_ds.matrixTranspose" time="0.00100000000020373"/>
    <testcase classname="ds.matrixTranspose_smk" name="simplest_ds.matrixTranspose" time="0.000999999999748979"/>
  </testsuite>
  <testsuite errors="0" failures="0" hostname="fv-az14" name="ds.matrixTranspose::smk::shutdown" skipped="0" tests="3" time="0.312" timestamp="2020-09-17T10:21:29Z">
    <testcase classname="ds.matrixTranspose_smk_shutdown" name="shutdown" time="0.309999999999945"/>
    <testcase classname="ds.matrixTranspose_smk_shutdown" name="shutdown" time="0.00100000000020373"/>
    <testcase classname="ds.matrixTranspose_smk_shutdown" name="shutdown" time="0.00100000000020373"/>
  </testsuite>
  <testsuite errors="0" failures="0" hostname="fv-az14" name="ds.matrixTranspose::smk::done" skipped="0" tests="0" time="0" timestamp="2020-09-17T10:21:30Z"/>
  <testsuite errors="0" failures="0" hostname="fv-az14" name="ds.meanByClass::smk::setup" skipped="0" tests="3" time="5.499" timestamp="2020-09-17T10:21:30Z">
    <testcase classname="ds.meanByClass_smk_setup" name="setup" time="5.49599999999964"/>
    <testcase classname="ds.meanByClass_smk_setup" name="setup" time="0.00100000000020373"/>
    <testcase classname="ds.meanByClass_smk_setup" name="setup" time="0.00199999999995271"/>
  </testsuite>
  <testsuite errors="0" failures="0" hostname="fv-az14" name="ds.meanByClass::smk::LAB_TSC across PM_BMI_CATEGORICAL categories where both vectors are 'loose'" skipped="1" tests="1" time="1.068" timestamp="2020-09-17T10:21:35Z">
    <testcase classname="ds.meanByClass_smk_LAB_TSC_across_PM_BMI_CATEGORICAL_categories_where_both_vectors_are_loose_" name="LAB_TSC_across_" time="1.06800000000021">
      <skipped/>
    </testcase>
  </testsuite>
  <testsuite errors="0" failures="0" hostname="fv-az14" name="ds.meanByClass::smk::calculate the mean proportion for LAB_HDL across PM_BMI_CATEGORICAL categories" skipped="0" tests="7" time="7.431" timestamp="2020-09-17T10:21:36Z">
    <testcase classname="ds.meanByClass_smk_calculate_the_mean_proportion_for_LAB_HDL_across_PM_BMI_CATEGORICAL_categories" name="LAB_HDL_across_PM_BMI_CATEGORICAL" time="7.42399999999998"/>
    <testcase classname="ds.meanByClass_smk_calculate_the_mean_proportion_for_LAB_HDL_across_PM_BMI_CATEGORICAL_categories" name="LAB_HDL_across_PM_BMI_CATEGORICAL" time="0.000999999999748979"/>
    <testcase classname="ds.meanByClass_smk_calculate_the_mean_proportion_for_LAB_HDL_across_PM_BMI_CATEGORICAL_categories" name="LAB_HDL_across_PM_BMI_CATEGORICAL" time="0.00100000000020373"/>
    <testcase classname="ds.meanByClass_smk_calculate_the_mean_proportion_for_LAB_HDL_across_PM_BMI_CATEGORICAL_categories" name="LAB_HDL_across_PM_BMI_CATEGORICAL" time="0.00199999999995271"/>
    <testcase classname="ds.meanByClass_smk_calculate_the_mean_proportion_for_LAB_HDL_across_PM_BMI_CATEGORICAL_categories" name="LAB_HDL_across_PM_BMI_CATEGORICAL" time="0.000999999999748979"/>
    <testcase classname="ds.meanByClass_smk_calculate_the_mean_proportion_for_LAB_HDL_across_PM_BMI_CATEGORICAL_categories" name="LAB_HDL_across_PM_BMI_CATEGORICAL" time="0.00100000000020373"/>
    <testcase classname="ds.meanByClass_smk_calculate_the_mean_proportion_for_LAB_HDL_across_PM_BMI_CATEGORICAL_categories" name="LAB_HDL_across_PM_BMI_CATEGORICAL" time="0.00100000000020373"/>
  </testsuite>
  <testsuite errors="0" failures="0" hostname="fv-az14" name="ds.meanByClass::smk::calculate the mean proportion for LAB_HDL &amp; LAB_TSC across bmi categories" skipped="0" tests="13" time="9.778" timestamp="2020-09-17T10:21:43Z">
    <testcase classname="ds.meanByClass_smk_calculate_the_mean_proportion_for_LAB_HDL_LAB_TSC_across_bmi_categories" name="LAB_HDL_LAB_TSC_across_PM_BMI_CATEGORICAL" time="9.75900000000001"/>
    <testcase classname="ds.meanByClass_smk_calculate_the_mean_proportion_for_LAB_HDL_LAB_TSC_across_bmi_categories" name="LAB_HDL_LAB_TSC_across_PM_BMI_CATEGORICAL" time="0.00100000000020373"/>
    <testcase classname="ds.meanByClass_smk_calculate_the_mean_proportion_for_LAB_HDL_LAB_TSC_across_bmi_categories" name="LAB_HDL_LAB_TSC_across_PM_BMI_CATEGORICAL" time="0.00199999999995271"/>
    <testcase classname="ds.meanByClass_smk_calculate_the_mean_proportion_for_LAB_HDL_LAB_TSC_across_bmi_categories" name="LAB_HDL_LAB_TSC_across_PM_BMI_CATEGORICAL" time="0.000999999999748979"/>
    <testcase classname="ds.meanByClass_smk_calculate_the_mean_proportion_for_LAB_HDL_LAB_TSC_across_bmi_categories" name="LAB_HDL_LAB_TSC_across_PM_BMI_CATEGORICAL" time="0.00100000000020373"/>
    <testcase classname="ds.meanByClass_smk_calculate_the_mean_proportion_for_LAB_HDL_LAB_TSC_across_bmi_categories" name="LAB_HDL_LAB_TSC_across_PM_BMI_CATEGORICAL" time="0.00199999999995271"/>
    <testcase classname="ds.meanByClass_smk_calculate_the_mean_proportion_for_LAB_HDL_LAB_TSC_across_bmi_categories" name="LAB_HDL_LAB_TSC_across_PM_BMI_CATEGORICAL" time="0.000999999999748979"/>
    <testcase classname="ds.meanByClass_smk_calculate_the_mean_proportion_for_LAB_HDL_LAB_TSC_across_bmi_categories" name="LAB_HDL_LAB_TSC_across_PM_BMI_CATEGORICAL" time="0.00100000000020373"/>
    <testcase classname="ds.meanByClass_smk_calculate_the_mean_proportion_for_LAB_HDL_LAB_TSC_across_bmi_categories" name="LAB_HDL_LAB_TSC_across_PM_BMI_CATEGORICAL" time="0.00199999999995271"/>
    <testcase classname="ds.meanByClass_smk_calculate_the_mean_proportion_for_LAB_HDL_LAB_TSC_across_bmi_categories" name="LAB_HDL_LAB_TSC_across_PM_BMI_CATEGORICAL" time="0.00199999999995271"/>
    <testcase classname="ds.meanByClass_smk_calculate_the_mean_proportion_for_LAB_HDL_LAB_TSC_across_bmi_categories" name="LAB_HDL_LAB_TSC_across_PM_BMI_CATEGORICAL" time="0.00199999999995271"/>
    <testcase classname="ds.meanByClass_smk_calculate_the_mean_proportion_for_LAB_HDL_LAB_TSC_across_bmi_categories" name="LAB_HDL_LAB_TSC_across_PM_BMI_CATEGORICAL" time="0.00199999999995271"/>
    <testcase classname="ds.meanByClass_smk_calculate_the_mean_proportion_for_LAB_HDL_LAB_TSC_across_bmi_categories" name="LAB_HDL_LAB_TSC_across_PM_BMI_CATEGORICAL" time="0.00200000000040745"/>
  </testsuite>
  <testsuite errors="0" failures="0" hostname="fv-az14" name="ds.meanByClass::smk::calculate the mean proportion for LAB_HDL across PM_BMI_CATEGORICAL categories, split" skipped="0" tests="22" time="11.337" timestamp="2020-09-17T10:21:53Z">
    <testcase classname="ds.meanByClass_smk_calculate_the_mean_proportion_for_LAB_HDL_across_PM_BMI_CATEGORICAL_categories_split" name="LAB_HDL_across_PM_BMI_CATEGORICAL" time="11.3069999999998"/>
    <testcase classname="ds.meanByClass_smk_calculate_the_mean_proportion_for_LAB_HDL_across_PM_BMI_CATEGORICAL_categories_split" name="LAB_HDL_across_PM_BMI_CATEGORICAL" time="0.00100000000020373"/>
    <testcase classname="ds.meanByClass_smk_calculate_the_mean_proportion_for_LAB_HDL_across_PM_BMI_CATEGORICAL_categories_split" name="LAB_HDL_across_PM_BMI_CATEGORICAL" time="0.00199999999995271"/>
    <testcase classname="ds.meanByClass_smk_calculate_the_mean_proportion_for_LAB_HDL_across_PM_BMI_CATEGORICAL_categories_split" name="LAB_HDL_across_PM_BMI_CATEGORICAL" time="0.000999999999748979"/>
    <testcase classname="ds.meanByClass_smk_calculate_the_mean_proportion_for_LAB_HDL_across_PM_BMI_CATEGORICAL_categories_split" name="LAB_HDL_across_PM_BMI_CATEGORICAL" time="0.00100000000020373"/>
    <testcase classname="ds.meanByClass_smk_calculate_the_mean_proportion_for_LAB_HDL_across_PM_BMI_CATEGORICAL_categories_split" name="LAB_HDL_across_PM_BMI_CATEGORICAL" time="0.000999999999748979"/>
    <testcase classname="ds.meanByClass_smk_calculate_the_mean_proportion_for_LAB_HDL_across_PM_BMI_CATEGORICAL_categories_split" name="LAB_HDL_across_PM_BMI_CATEGORICAL" time="0.00199999999995271"/>
    <testcase classname="ds.meanByClass_smk_calculate_the_mean_proportion_for_LAB_HDL_across_PM_BMI_CATEGORICAL_categories_split" name="LAB_HDL_across_PM_BMI_CATEGORICAL" time="0.00100000000020373"/>
    <testcase classname="ds.meanByClass_smk_calculate_the_mean_proportion_for_LAB_HDL_across_PM_BMI_CATEGORICAL_categories_split" name="LAB_HDL_across_PM_BMI_CATEGORICAL" time="0.000999999999748979"/>
    <testcase classname="ds.meanByClass_smk_calculate_the_mean_proportion_for_LAB_HDL_across_PM_BMI_CATEGORICAL_categories_split" name="LAB_HDL_across_PM_BMI_CATEGORICAL" time="0.00200000000040745"/>
    <testcase classname="ds.meanByClass_smk_calculate_the_mean_proportion_for_LAB_HDL_across_PM_BMI_CATEGORICAL_categories_split" name="LAB_HDL_across_PM_BMI_CATEGORICAL" time="0.00199999999995271"/>
    <testcase classname="ds.meanByClass_smk_calculate_the_mean_proportion_for_LAB_HDL_across_PM_BMI_CATEGORICAL_categories_split" name="LAB_HDL_across_PM_BMI_CATEGORICAL" time="0.000999999999748979"/>
    <testcase classname="ds.meanByClass_smk_calculate_the_mean_proportion_for_LAB_HDL_across_PM_BMI_CATEGORICAL_categories_split" name="LAB_HDL_across_PM_BMI_CATEGORICAL" time="0.00199999999995271"/>
    <testcase classname="ds.meanByClass_smk_calculate_the_mean_proportion_for_LAB_HDL_across_PM_BMI_CATEGORICAL_categories_split" name="LAB_HDL_across_PM_BMI_CATEGORICAL" time="0.00100000000020373"/>
    <testcase classname="ds.meanByClass_smk_calculate_the_mean_proportion_for_LAB_HDL_across_PM_BMI_CATEGORICAL_categories_split" name="LAB_HDL_across_PM_BMI_CATEGORICAL" time="0.00199999999995271"/>
    <testcase classname="ds.meanByClass_smk_calculate_the_mean_proportion_for_LAB_HDL_across_PM_BMI_CATEGORICAL_categories_split" name="LAB_HDL_across_PM_BMI_CATEGORICAL" time="0.00100000000020373"/>
    <testcase classname="ds.meanByClass_smk_calculate_the_mean_proportion_for_LAB_HDL_across_PM_BMI_CATEGORICAL_categories_split" name="LAB_HDL_across_PM_BMI_CATEGORICAL" time="0.00199999999995271"/>
    <testcase classname="ds.meanByClass_smk_calculate_the_mean_proportion_for_LAB_HDL_across_PM_BMI_CATEGORICAL_categories_split" name="LAB_HDL_across_PM_BMI_CATEGORICAL" time="0.000999999999748979"/>
    <testcase classname="ds.meanByClass_smk_calculate_the_mean_proportion_for_LAB_HDL_across_PM_BMI_CATEGORICAL_categories_split" name="LAB_HDL_across_PM_BMI_CATEGORICAL" time="0.00100000000020373"/>
    <testcase classname="ds.meanByClass_smk_calculate_the_mean_proportion_for_LAB_HDL_across_PM_BMI_CATEGORICAL_categories_split" name="LAB_HDL_across_PM_BMI_CATEGORICAL" time="0.00100000000020373"/>
    <testcase classname="ds.meanByClass_smk_calculate_the_mean_proportion_for_LAB_HDL_across_PM_BMI_CATEGORICAL_categories_split" name="LAB_HDL_across_PM_BMI_CATEGORICAL" time="0.00199999999995271"/>
    <testcase classname="ds.meanByClass_smk_calculate_the_mean_proportion_for_LAB_HDL_across_PM_BMI_CATEGORICAL_categories_split" name="LAB_HDL_across_PM_BMI_CATEGORICAL" time="0.00199999999995271"/>
  </testsuite>
  <testsuite errors="0" failures="0" hostname="fv-az14" name="ds.meanByClass::smk::shutdown" skipped="0" tests="3" time="0.279" timestamp="2020-09-17T10:22:04Z">
    <testcase classname="ds.meanByClass_smk_shutdown" name="shutdown" time="0.27599999999984"/>
    <testcase classname="ds.meanByClass_smk_shutdown" name="shutdown" time="0.00200000000040745"/>
    <testcase classname="ds.meanByClass_smk_shutdown" name="shutdown" time="0.000999999999748979"/>
  </testsuite>
  <testsuite errors="0" failures="0" hostname="fv-az14" name="ds.meanByClass::smk::done" skipped="0" tests="0" time="0" timestamp="2020-09-17T10:22:05Z"/>
  <testsuite errors="0" failures="0" hostname="fv-az14" name="ds.mean::smk::setup" skipped="0" tests="3" time="5.391" timestamp="2020-09-17T10:22:05Z">
    <testcase classname="ds.mean_smk_setup" name="setup" time="5.38799999999992"/>
    <testcase classname="ds.mean_smk_setup" name="setup" time="0.00100000000020373"/>
    <testcase classname="ds.mean_smk_setup" name="setup" time="0.00199999999995271"/>
  </testsuite>
  <testsuite errors="0" failures="0" hostname="fv-az14" name="ds.mean::smk::type=combine" skipped="0" tests="23" time="1.649" timestamp="2020-09-17T10:22:10Z">
    <testcase classname="ds.mean_smk_type_combine" name="mean_values_combine_" time="1.34799999999996"/>
    <testcase classname="ds.mean_smk_type_combine" name="mean_values_combine_" time="0.00100000000020373"/>
    <testcase classname="ds.mean_smk_type_combine" name="mean_values_combine_" time="0.00900000000001455"/>
    <testcase classname="ds.mean_smk_type_combine" name="mean_values_combine_" time="0.00199999999995271"/>
    <testcase classname="ds.mean_smk_type_combine" name="mean_values_combine_" time="0.00199999999995271"/>
    <testcase classname="ds.mean_smk_type_combine" name="mean_values_combine_" time="0.000999999999748979"/>
    <testcase classname="ds.mean_smk_type_combine" name="mean_values_combine_" time="0.00100000000020373"/>
    <testcase classname="ds.mean_smk_type_combine" name="mean_values_combine_" time="0.000999999999748979"/>
    <testcase classname="ds.mean_smk_type_combine" name="mean_values_combine_" time="0.00200000000040745"/>
    <testcase classname="ds.mean_smk_type_combine" name="mean_values_combine_" time="0.000999999999748979"/>
    <testcase classname="ds.mean_smk_type_combine" name="mean_values_combine_" time="0.00100000000020373"/>
    <testcase classname="ds.mean_smk_type_combine" name="mean_values_combine_" time="0.26299999999992"/>
    <testcase classname="ds.mean_smk_type_combine" name="mean_values_combine_" time="0.000999999999748979"/>
    <testcase classname="ds.mean_smk_type_combine" name="mean_values_combine_" time="0.000999999999748979"/>
    <testcase classname="ds.mean_smk_type_combine" name="mean_values_combine_" time="0.00100000000020373"/>
    <testcase classname="ds.mean_smk_type_combine" name="mean_values_combine_" time="0.00199999999995271"/>
    <testcase classname="ds.mean_smk_type_combine" name="mean_values_combine_" time="0.00100000000020373"/>
    <testcase classname="ds.mean_smk_type_combine" name="mean_values_combine_" time="0.00299999999970169"/>
    <testcase classname="ds.mean_smk_type_combine" name="mean_values_combine_" time="0.00100000000020373"/>
    <testcase classname="ds.mean_smk_type_combine" name="mean_values_combine_" time="0.00199999999995271"/>
    <testcase classname="ds.mean_smk_type_combine" name="mean_values_combine_" time="0.00100000000020373"/>
    <testcase classname="ds.mean_smk_type_combine" name="mean_values_combine_" time="0.00199999999995271"/>
    <testcase classname="ds.mean_smk_type_combine" name="mean_values_combine_" time="0.00199999999995271"/>
  </testsuite>
  <testsuite errors="0" failures="0" hostname="fv-az14" name="ds.mean::smk::type=split" skipped="0" tests="31" time="1.754" timestamp="2020-09-17T10:22:12Z">
    <testcase classname="ds.mean_smk_type_split" name="mean_values_split_" time="1.38899999999967"/>
    <testcase classname="ds.mean_smk_type_split" name="mean_values_split_" time="0.00100000000020373"/>
    <testcase classname="ds.mean_smk_type_split" name="mean_values_split_" time="0.00100000000020373"/>
    <testcase classname="ds.mean_smk_type_split" name="mean_values_split_" time="0.000999999999748979"/>
    <testcase classname="ds.mean_smk_type_split" name="mean_values_split_" time="0.00100000000020373"/>
    <testcase classname="ds.mean_smk_type_split" name="mean_values_split_" time="0.00199999999995271"/>
    <testcase classname="ds.mean_smk_type_split" name="mean_values_split_" time="0.000999999999748979"/>
    <testcase classname="ds.mean_smk_type_split" name="mean_values_split_" time="0.00199999999995271"/>
    <testcase classname="ds.mean_smk_type_split" name="mean_values_split_" time="0.00100000000020373"/>
    <testcase classname="ds.mean_smk_type_split" name="mean_values_split_" time="0.00199999999995271"/>
    <testcase classname="ds.mean_smk_type_split" name="mean_values_split_" time="0.00100000000020373"/>
    <testcase classname="ds.mean_smk_type_split" name="mean_values_split_" time="0.00199999999995271"/>
    <testcase classname="ds.mean_smk_type_split" name="mean_values_split_" time="0.000999999999748979"/>
    <testcase classname="ds.mean_smk_type_split" name="mean_values_split_" time="0.00199999999995271"/>
    <testcase classname="ds.mean_smk_type_split" name="mean_values_split_" time="0.00199999999995271"/>
    <testcase classname="ds.mean_smk_type_split" name="mean_values_split_" time="0.00100000000020373"/>
    <testcase classname="ds.mean_smk_type_split" name="mean_values_split_" time="0.00199999999995271"/>
    <testcase classname="ds.mean_smk_type_split" name="mean_values_split_" time="0.00100000000020373"/>
    <testcase classname="ds.mean_smk_type_split" name="mean_values_split_" time="0.000999999999748979"/>
    <testcase classname="ds.mean_smk_type_split" name="mean_values_split_" time="0.324000000000069"/>
    <testcase classname="ds.mean_smk_type_split" name="mean_values_split_" time="0.00199999999995271"/>
    <testcase classname="ds.mean_smk_type_split" name="mean_values_split_" time="0.00100000000020373"/>
    <testcase classname="ds.mean_smk_type_split" name="mean_values_split_" time="0.00199999999995271"/>
    <testcase classname="ds.mean_smk_type_split" name="mean_values_split_" time="0.000999999999748979"/>
    <testcase classname="ds.mean_smk_type_split" name="mean_values_split_" time="0.00100000000020373"/>
    <testcase classname="ds.mean_smk_type_split" name="mean_values_split_" time="0.00199999999995271"/>
    <testcase classname="ds.mean_smk_type_split" name="mean_values_split_" time="0.00100000000020373"/>
    <testcase classname="ds.mean_smk_type_split" name="mean_values_split_" time="0.000999999999748979"/>
    <testcase classname="ds.mean_smk_type_split" name="mean_values_split_" time="0.00199999999995271"/>
    <testcase classname="ds.mean_smk_type_split" name="mean_values_split_" time="0.00100000000020373"/>
    <testcase classname="ds.mean_smk_type_split" name="mean_values_split_" time="0.00199999999995271"/>
  </testsuite>
  <testsuite errors="0" failures="0" hostname="fv-az14" name="ds.mean::smk::type=both" skipped="0" tests="36" time="1.659" timestamp="2020-09-17T10:22:13Z">
    <testcase classname="ds.mean_smk_type_both" name="mean_values_both_" time="1.3420000000001"/>
    <testcase classname="ds.mean_smk_type_both" name="mean_values_both_" time="0.000999999999748979"/>
    <testcase classname="ds.mean_smk_type_both" name="mean_values_both_" time="0.00100000000020373"/>
    <testcase classname="ds.mean_smk_type_both" name="mean_values_both_" time="0.00199999999995271"/>
    <testcase classname="ds.mean_smk_type_both" name="mean_values_both_" time="0.000999999999748979"/>
    <testcase classname="ds.mean_smk_type_both" name="mean_values_both_" time="0.00200000000040745"/>
    <testcase classname="ds.mean_smk_type_both" name="mean_values_both_" time="0.000999999999748979"/>
    <testcase classname="ds.mean_smk_type_both" name="mean_values_both_" time="0.00199999999995271"/>
    <testcase classname="ds.mean_smk_type_both" name="mean_values_both_" time="0.00100000000020373"/>
    <testcase classname="ds.mean_smk_type_both" name="mean_values_both_" time="0.00199999999995271"/>
    <testcase classname="ds.mean_smk_type_both" name="mean_values_both_" time="0.000999999999748979"/>
    <testcase classname="ds.mean_smk_type_both" name="mean_values_both_" time="0.00200000000040745"/>
    <testcase classname="ds.mean_smk_type_both" name="mean_values_both_" time="0.000999999999748979"/>
    <testcase classname="ds.mean_smk_type_both" name="mean_values_both_" time="0.00100000000020373"/>
    <testcase classname="ds.mean_smk_type_both" name="mean_values_both_" time="0.00199999999995271"/>
    <testcase classname="ds.mean_smk_type_both" name="mean_values_both_" time="0.000999999999748979"/>
    <testcase classname="ds.mean_smk_type_both" name="mean_values_both_" time="0.00199999999995271"/>
    <testcase classname="ds.mean_smk_type_both" name="mean_values_both_" time="0.00100000000020373"/>
    <testcase classname="ds.mean_smk_type_both" name="mean_values_both_" time="0.00199999999995271"/>
    <testcase classname="ds.mean_smk_type_both" name="mean_values_both_" time="0.00199999999995271"/>
    <testcase classname="ds.mean_smk_type_both" name="mean_values_both_" time="0.00100000000020373"/>
    <testcase classname="ds.mean_smk_type_both" name="mean_values_both_" time="0.00199999999995271"/>
    <testcase classname="ds.mean_smk_type_both" name="mean_values_both_" time="0.000999999999748979"/>
    <testcase classname="ds.mean_smk_type_both" name="mean_values_both_" time="0.00199999999995271"/>
    <testcase classname="ds.mean_smk_type_both" name="mean_values_both_" time="0.265000000000327"/>
    <testcase classname="ds.mean_smk_type_both" name="mean_values_both_" time="0.00199999999995271"/>
    <testcase classname="ds.mean_smk_type_both" name="mean_values_both_" time="0.000999999999748979"/>
    <testcase classname="ds.mean_smk_type_both" name="mean_values_both_" time="0.00200000000040745"/>
    <testcase classname="ds.mean_smk_type_both" name="mean_values_both_" time="0.000999999999748979"/>
    <testcase classname="ds.mean_smk_type_both" name="mean_values_both_" time="0.00199999999995271"/>
    <testcase classname="ds.mean_smk_type_both" name="mean_values_both_" time="0.00100000000020373"/>
    <testcase classname="ds.mean_smk_type_both" name="mean_values_both_" time="0.00199999999995271"/>
    <testcase classname="ds.mean_smk_type_both" name="mean_values_both_" time="0.00199999999995271"/>
    <testcase classname="ds.mean_smk_type_both" name="mean_values_both_" time="0.000999999999748979"/>
    <testcase classname="ds.mean_smk_type_both" name="mean_values_both_" time="0.00200000000040745"/>
    <testcase classname="ds.mean_smk_type_both" name="mean_values_both_" time="0.00199999999995271"/>
  </testsuite>
  <testsuite errors="0" failures="0" hostname="fv-az14" name="ds.mean::smk::type=combine,save.mean.Nvalid=TRUE" skipped="0" tests="23" time="3.834" timestamp="2020-09-17T10:22:15Z">
    <testcase classname="ds.mean_smk_type_combine_save.mean.Nvalid_TRUE" name="mean_values_combine_" time="3.5319999999997"/>
    <testcase classname="ds.mean_smk_type_combine_save.mean.Nvalid_TRUE" name="mean_values_combine_" time="0.00199999999995271"/>
    <testcase classname="ds.mean_smk_type_combine_save.mean.Nvalid_TRUE" name="mean_values_combine_" time="0.00100000000020373"/>
    <testcase classname="ds.mean_smk_type_combine_save.mean.Nvalid_TRUE" name="mean_values_combine_" time="0.00199999999995271"/>
    <testcase classname="ds.mean_smk_type_combine_save.mean.Nvalid_TRUE" name="mean_values_combine_" time="0.00100000000020373"/>
    <testcase classname="ds.mean_smk_type_combine_save.mean.Nvalid_TRUE" name="mean_values_combine_" time="0.000999999999748979"/>
    <testcase classname="ds.mean_smk_type_combine_save.mean.Nvalid_TRUE" name="mean_values_combine_" time="0.00100000000020373"/>
    <testcase classname="ds.mean_smk_type_combine_save.mean.Nvalid_TRUE" name="mean_values_combine_" time="0.00199999999995271"/>
    <testcase classname="ds.mean_smk_type_combine_save.mean.Nvalid_TRUE" name="mean_values_combine_" time="0.000999999999748979"/>
    <testcase classname="ds.mean_smk_type_combine_save.mean.Nvalid_TRUE" name="mean_values_combine_" time="0.00100000000020373"/>
    <testcase classname="ds.mean_smk_type_combine_save.mean.Nvalid_TRUE" name="mean_values_combine_" time="0.00300000000015643"/>
    <testcase classname="ds.mean_smk_type_combine_save.mean.Nvalid_TRUE" name="mean_values_combine_" time="0.272999999999683"/>
    <testcase classname="ds.mean_smk_type_combine_save.mean.Nvalid_TRUE" name="mean_values_combine_" time="0.00100000000020373"/>
    <testcase classname="ds.mean_smk_type_combine_save.mean.Nvalid_TRUE" name="mean_values_combine_" time="0.00199999999995271"/>
    <testcase classname="ds.mean_smk_type_combine_save.mean.Nvalid_TRUE" name="mean_values_combine_" time="0.00100000000020373"/>
    <testcase classname="ds.mean_smk_type_combine_save.mean.Nvalid_TRUE" name="mean_values_combine_" time="0.000999999999748979"/>
    <testcase classname="ds.mean_smk_type_combine_save.mean.Nvalid_TRUE" name="mean_values_combine_" time="0.00199999999995271"/>
    <testcase classname="ds.mean_smk_type_combine_save.mean.Nvalid_TRUE" name="mean_values_combine_" time="0.00100000000020373"/>
    <testcase classname="ds.mean_smk_type_combine_save.mean.Nvalid_TRUE" name="mean_values_combine_" time="0.000999999999748979"/>
    <testcase classname="ds.mean_smk_type_combine_save.mean.Nvalid_TRUE" name="mean_values_combine_" time="0.00199999999995271"/>
    <testcase classname="ds.mean_smk_type_combine_save.mean.Nvalid_TRUE" name="mean_values_combine_" time="0.00100000000020373"/>
    <testcase classname="ds.mean_smk_type_combine_save.mean.Nvalid_TRUE" name="mean_values_combine_" time="0.00100000000020373"/>
    <testcase classname="ds.mean_smk_type_combine_save.mean.Nvalid_TRUE" name="mean_values_combine_" time="0.000999999999748979"/>
  </testsuite>
  <testsuite errors="0" failures="0" hostname="fv-az14" name="ds.mean::smk::type=split,save.mean.Nvalid=TRUE" skipped="0" tests="31" time="3.86" timestamp="2020-09-17T10:22:19Z">
    <testcase classname="ds.mean_smk_type_split_save.mean.Nvalid_TRUE" name="mean_values_split_" time="3.54500000000007"/>
    <testcase classname="ds.mean_smk_type_split_save.mean.Nvalid_TRUE" name="mean_values_split_" time="0.000999999999748979"/>
    <testcase classname="ds.mean_smk_type_split_save.mean.Nvalid_TRUE" name="mean_values_split_" time="0.00100000000020373"/>
    <testcase classname="ds.mean_smk_type_split_save.mean.Nvalid_TRUE" name="mean_values_split_" time="0.00199999999995271"/>
    <testcase classname="ds.mean_smk_type_split_save.mean.Nvalid_TRUE" name="mean_values_split_" time="0.00100000000020373"/>
    <testcase classname="ds.mean_smk_type_split_save.mean.Nvalid_TRUE" name="mean_values_split_" time="0.00199999999995271"/>
    <testcase classname="ds.mean_smk_type_split_save.mean.Nvalid_TRUE" name="mean_values_split_" time="0.000999999999748979"/>
    <testcase classname="ds.mean_smk_type_split_save.mean.Nvalid_TRUE" name="mean_values_split_" time="0.00100000000020373"/>
    <testcase classname="ds.mean_smk_type_split_save.mean.Nvalid_TRUE" name="mean_values_split_" time="0.00199999999995271"/>
    <testcase classname="ds.mean_smk_type_split_save.mean.Nvalid_TRUE" name="mean_values_split_" time="0.00100000000020373"/>
    <testcase classname="ds.mean_smk_type_split_save.mean.Nvalid_TRUE" name="mean_values_split_" time="0.00199999999995271"/>
    <testcase classname="ds.mean_smk_type_split_save.mean.Nvalid_TRUE" name="mean_values_split_" time="0.000999999999748979"/>
    <testcase classname="ds.mean_smk_type_split_save.mean.Nvalid_TRUE" name="mean_values_split_" time="0.00199999999995271"/>
    <testcase classname="ds.mean_smk_type_split_save.mean.Nvalid_TRUE" name="mean_values_split_" time="0.00100000000020373"/>
    <testcase classname="ds.mean_smk_type_split_save.mean.Nvalid_TRUE" name="mean_values_split_" time="0.00199999999995271"/>
    <testcase classname="ds.mean_smk_type_split_save.mean.Nvalid_TRUE" name="mean_values_split_" time="0.00199999999995271"/>
    <testcase classname="ds.mean_smk_type_split_save.mean.Nvalid_TRUE" name="mean_values_split_" time="0.00100000000020373"/>
    <testcase classname="ds.mean_smk_type_split_save.mean.Nvalid_TRUE" name="mean_values_split_" time="0.00199999999995271"/>
    <testcase classname="ds.mean_smk_type_split_save.mean.Nvalid_TRUE" name="mean_values_split_" time="0.000999999999748979"/>
    <testcase classname="ds.mean_smk_type_split_save.mean.Nvalid_TRUE" name="mean_values_split_" time="0.273000000000138"/>
    <testcase classname="ds.mean_smk_type_split_save.mean.Nvalid_TRUE" name="mean_values_split_" time="0.00199999999995271"/>
    <testcase classname="ds.mean_smk_type_split_save.mean.Nvalid_TRUE" name="mean_values_split_" time="0.00100000000020373"/>
    <testcase classname="ds.mean_smk_type_split_save.mean.Nvalid_TRUE" name="mean_values_split_" time="0.00199999999995271"/>
    <testcase classname="ds.mean_smk_type_split_save.mean.Nvalid_TRUE" name="mean_values_split_" time="0.000999999999748979"/>
    <testcase classname="ds.mean_smk_type_split_save.mean.Nvalid_TRUE" name="mean_values_split_" time="0.00199999999995271"/>
    <testcase classname="ds.mean_smk_type_split_save.mean.Nvalid_TRUE" name="mean_values_split_" time="0.00100000000020373"/>
    <testcase classname="ds.mean_smk_type_split_save.mean.Nvalid_TRUE" name="mean_values_split_" time="0.00199999999995271"/>
    <testcase classname="ds.mean_smk_type_split_save.mean.Nvalid_TRUE" name="mean_values_split_" time="0.00100000000020373"/>
    <testcase classname="ds.mean_smk_type_split_save.mean.Nvalid_TRUE" name="mean_values_split_" time="0.000999999999748979"/>
    <testcase classname="ds.mean_smk_type_split_save.mean.Nvalid_TRUE" name="mean_values_split_" time="0.00199999999995271"/>
    <testcase classname="ds.mean_smk_type_split_save.mean.Nvalid_TRUE" name="mean_values_split_" time="0.00100000000020373"/>
  </testsuite>
  <testsuite errors="0" failures="0" hostname="fv-az14" name="ds.mean::smk::type=both,save.mean.Nvalid=TRUE" skipped="0" tests="36" time="2.824" timestamp="2020-09-17T10:22:23Z">
    <testcase classname="ds.mean_smk_type_both_save.mean.Nvalid_TRUE" name="mean_values_both_" time="2.5029999999997"/>
    <testcase classname="ds.mean_smk_type_both_save.mean.Nvalid_TRUE" name="mean_values_both_" time="0.00100000000020373"/>
    <testcase classname="ds.mean_smk_type_both_save.mean.Nvalid_TRUE" name="mean_values_both_" time="0.00199999999995271"/>
    <testcase classname="ds.mean_smk_type_both_save.mean.Nvalid_TRUE" name="mean_values_both_" time="0.00199999999995271"/>
    <testcase classname="ds.mean_smk_type_both_save.mean.Nvalid_TRUE" name="mean_values_both_" time="0.00199999999995271"/>
    <testcase classname="ds.mean_smk_type_both_save.mean.Nvalid_TRUE" name="mean_values_both_" time="0.00199999999995271"/>
    <testcase classname="ds.mean_smk_type_both_save.mean.Nvalid_TRUE" name="mean_values_both_" time="0.00100000000020373"/>
    <testcase classname="ds.mean_smk_type_both_save.mean.Nvalid_TRUE" name="mean_values_both_" time="0.00100000000020373"/>
    <testcase classname="ds.mean_smk_type_both_save.mean.Nvalid_TRUE" name="mean_values_both_" time="0.00199999999995271"/>
    <testcase classname="ds.mean_smk_type_both_save.mean.Nvalid_TRUE" name="mean_values_both_" time="0.000999999999748979"/>
    <testcase classname="ds.mean_smk_type_both_save.mean.Nvalid_TRUE" name="mean_values_both_" time="0.00100000000020373"/>
    <testcase classname="ds.mean_smk_type_both_save.mean.Nvalid_TRUE" name="mean_values_both_" time="0.00199999999995271"/>
    <testcase classname="ds.mean_smk_type_both_save.mean.Nvalid_TRUE" name="mean_values_both_" time="0.000999999999748979"/>
    <testcase classname="ds.mean_smk_type_both_save.mean.Nvalid_TRUE" name="mean_values_both_" time="0.00199999999995271"/>
    <testcase classname="ds.mean_smk_type_both_save.mean.Nvalid_TRUE" name="mean_values_both_" time="0.00100000000020373"/>
    <testcase classname="ds.mean_smk_type_both_save.mean.Nvalid_TRUE" name="mean_values_both_" time="0.00199999999995271"/>
    <testcase classname="ds.mean_smk_type_both_save.mean.Nvalid_TRUE" name="mean_values_both_" time="0.00100000000020373"/>
    <testcase classname="ds.mean_smk_type_both_save.mean.Nvalid_TRUE" name="mean_values_both_" time="0.00199999999995271"/>
    <testcase classname="ds.mean_smk_type_both_save.mean.Nvalid_TRUE" name="mean_values_both_" time="0.000999999999748979"/>
    <testcase classname="ds.mean_smk_type_both_save.mean.Nvalid_TRUE" name="mean_values_both_" time="0.00199999999995271"/>
    <testcase classname="ds.mean_smk_type_both_save.mean.Nvalid_TRUE" name="mean_values_both_" time="0.00100000000020373"/>
    <testcase classname="ds.mean_smk_type_both_save.mean.Nvalid_TRUE" name="mean_values_both_" time="0.00100000000020373"/>
    <testcase classname="ds.mean_smk_type_both_save.mean.Nvalid_TRUE" name="mean_values_both_" time="0.00199999999995271"/>
    <testcase classname="ds.mean_smk_type_both_save.mean.Nvalid_TRUE" name="mean_values_both_" time="0.000999999999748979"/>
    <testcase classname="ds.mean_smk_type_both_save.mean.Nvalid_TRUE" name="mean_values_both_" time="0.269000000000233"/>
    <testcase classname="ds.mean_smk_type_both_save.mean.Nvalid_TRUE" name="mean_values_both_" time="0.00199999999995271"/>
    <testcase classname="ds.mean_smk_type_both_save.mean.Nvalid_TRUE" name="mean_values_both_" time="0.00199999999995271"/>
    <testcase classname="ds.mean_smk_type_both_save.mean.Nvalid_TRUE" name="mean_values_both_" time="0.000999999999748979"/>
    <testcase classname="ds.mean_smk_type_both_save.mean.Nvalid_TRUE" name="mean_values_both_" time="0.00100000000020373"/>
    <testcase classname="ds.mean_smk_type_both_save.mean.Nvalid_TRUE" name="mean_values_both_" time="0.00199999999995271"/>
    <testcase classname="ds.mean_smk_type_both_save.mean.Nvalid_TRUE" name="mean_values_both_" time="0.00199999999995271"/>
    <testcase classname="ds.mean_smk_type_both_save.mean.Nvalid_TRUE" name="mean_values_both_" time="0.00100000000020373"/>
    <testcase classname="ds.mean_smk_type_both_save.mean.Nvalid_TRUE" name="mean_values_both_" time="0.00199999999995271"/>
    <testcase classname="ds.mean_smk_type_both_save.mean.Nvalid_TRUE" name="mean_values_both_" time="0.00199999999995271"/>
    <testcase classname="ds.mean_smk_type_both_save.mean.Nvalid_TRUE" name="mean_values_both_" time="0.00100000000020373"/>
    <testcase classname="ds.mean_smk_type_both_save.mean.Nvalid_TRUE" name="mean_values_both_" time="0.00199999999995271"/>
  </testsuite>
  <testsuite errors="0" failures="0" hostname="fv-az14" name="ds.mean::smk::shutdown" skipped="0" tests="3" time="0.282" timestamp="2020-09-17T10:22:26Z">
    <testcase classname="ds.mean_smk_shutdown" name="shutdown" time="0.278999999999996"/>
    <testcase classname="ds.mean_smk_shutdown" name="shutdown" time="0.00199999999995271"/>
    <testcase classname="ds.mean_smk_shutdown" name="shutdown" time="0.000999999999748979"/>
  </testsuite>
  <testsuite errors="0" failures="0" hostname="fv-az14" name="ds.mean::smk::done" skipped="0" tests="0" time="0" timestamp="2020-09-17T10:22:27Z"/>
  <testsuite errors="0" failures="0" hostname="fv-az14" name="ds.meanSdGp::smk::setup" skipped="0" tests="3" time="5.348" timestamp="2020-09-17T10:22:27Z">
    <testcase classname="ds.meanSdGp_smk_setup" name="setup" time="5.346"/>
    <testcase classname="ds.meanSdGp_smk_setup" name="setup" time="0.00100000000020373"/>
    <testcase classname="ds.meanSdGp_smk_setup" name="setup" time="0.000999999999748979"/>
  </testsuite>
  <testsuite errors="0" failures="0" hostname="fv-az14" name="ds.meanSdGp::smk::type=split" skipped="0" tests="8" time="0.494" timestamp="2020-09-17T10:22:31Z">
    <testcase classname="ds.meanSdGp_smk_type_split" name="meanSdGp_values_split_" time="0.485000000000127"/>
    <testcase classname="ds.meanSdGp_smk_type_split" name="meanSdGp_values_split_" time="0.00199999999995271"/>
    <testcase classname="ds.meanSdGp_smk_type_split" name="meanSdGp_values_split_" time="0.00100000000020373"/>
    <testcase classname="ds.meanSdGp_smk_type_split" name="meanSdGp_values_split_" time="0.000999999999748979"/>
    <testcase classname="ds.meanSdGp_smk_type_split" name="meanSdGp_values_split_" time="0.00199999999995271"/>
    <testcase classname="ds.meanSdGp_smk_type_split" name="meanSdGp_values_split_" time="0.00100000000020373"/>
    <testcase classname="ds.meanSdGp_smk_type_split" name="meanSdGp_values_split_" time="0.00100000000020373"/>
    <testcase classname="ds.meanSdGp_smk_type_split" name="meanSdGp_values_split_" time="0.000999999999748979"/>
  </testsuite>
  <testsuite errors="0" failures="0" hostname="fv-az14" name="ds.meanSdGp::smk::type=combine" skipped="0" tests="8" time="0.294" timestamp="2020-09-17T10:22:32Z">
    <testcase classname="ds.meanSdGp_smk_type_combine" name="meanSdGp_values_combine_" time="0.284999999999854"/>
    <testcase classname="ds.meanSdGp_smk_type_combine" name="meanSdGp_values_combine_" time="0.00200000000040745"/>
    <testcase classname="ds.meanSdGp_smk_type_combine" name="meanSdGp_values_combine_" time="0.000999999999748979"/>
    <testcase classname="ds.meanSdGp_smk_type_combine" name="meanSdGp_values_combine_" time="0.00100000000020373"/>
    <testcase classname="ds.meanSdGp_smk_type_combine" name="meanSdGp_values_combine_" time="0.000999999999748979"/>
    <testcase classname="ds.meanSdGp_smk_type_combine" name="meanSdGp_values_combine_" time="0.00100000000020373"/>
    <testcase classname="ds.meanSdGp_smk_type_combine" name="meanSdGp_values_combine_" time="0.000999999999748979"/>
    <testcase classname="ds.meanSdGp_smk_type_combine" name="meanSdGp_values_combine_" time="0.00199999999995271"/>
  </testsuite>
  <testsuite errors="0" failures="0" hostname="fv-az14" name="ds.meanSdGp::smk::type=both" skipped="0" tests="8" time="0.287" timestamp="2020-09-17T10:22:32Z">
    <testcase classname="ds.meanSdGp_smk_type_both" name="meanSdGp_values_both_" time="0.278000000000247"/>
    <testcase classname="ds.meanSdGp_smk_type_both" name="meanSdGp_values_both_" time="0.00199999999995271"/>
    <testcase classname="ds.meanSdGp_smk_type_both" name="meanSdGp_values_both_" time="0.000999999999748979"/>
    <testcase classname="ds.meanSdGp_smk_type_both" name="meanSdGp_values_both_" time="0.00100000000020373"/>
    <testcase classname="ds.meanSdGp_smk_type_both" name="meanSdGp_values_both_" time="0.00100000000020373"/>
    <testcase classname="ds.meanSdGp_smk_type_both" name="meanSdGp_values_both_" time="0.00199999999995271"/>
    <testcase classname="ds.meanSdGp_smk_type_both" name="meanSdGp_values_both_" time="0.000999999999748979"/>
    <testcase classname="ds.meanSdGp_smk_type_both" name="meanSdGp_values_both_" time="0.00100000000020373"/>
  </testsuite>
  <testsuite errors="0" failures="0" hostname="fv-az14" name="ds.meanSdGp::smk::shutdown" skipped="0" tests="3" time="0.318" timestamp="2020-09-17T10:22:32Z">
    <testcase classname="ds.meanSdGp_smk_shutdown" name="shutdown" time="0.315999999999804"/>
    <testcase classname="ds.meanSdGp_smk_shutdown" name="shutdown" time="0.00100000000020373"/>
    <testcase classname="ds.meanSdGp_smk_shutdown" name="shutdown" time="0.000999999999748979"/>
  </testsuite>
  <testsuite errors="0" failures="0" hostname="fv-az14" name="ds.meanSdGp::smk::done" skipped="0" tests="0" time="0" timestamp="2020-09-17T10:22:33Z"/>
  <testsuite errors="0" failures="0" hostname="fv-az14" name="ds.merge::smk::setup" skipped="0" tests="3" time="5.567" timestamp="2020-09-17T10:22:33Z">
    <testcase classname="ds.merge_smk_setup" name="setup" time="5.56400000000031"/>
    <testcase classname="ds.merge_smk_setup" name="setup" time="0.00199999999995271"/>
    <testcase classname="ds.merge_smk_setup" name="setup" time="0.000999999999748979"/>
  </testsuite>
  <testsuite errors="0" failures="0" hostname="fv-az14" name="ds.merge::smk" skipped="0" tests="7" time="7.964" timestamp="2020-09-17T10:22:38Z">
    <testcase classname="ds.merge_smk" name="simple_test" time="7.42599999999993"/>
    <testcase classname="ds.merge_smk" name="simple_test" time="0.00100000000020373"/>
    <testcase classname="ds.merge_smk" name="simple_test" time="0.00199999999995271"/>
    <testcase classname="ds.merge_smk" name="simple_test" time="0.530999999999949"/>
    <testcase classname="ds.merge_smk" name="simple_test" time="0.00100000000020373"/>
    <testcase classname="ds.merge_smk" name="simple_test" time="0.000999999999748979"/>
    <testcase classname="ds.merge_smk" name="simple_test" time="0.00199999999995271"/>
  </testsuite>
  <testsuite errors="0" failures="0" hostname="fv-az14" name="ds.merge::smk::shutdown" skipped="0" tests="3" time="0.279" timestamp="2020-09-17T10:22:46Z">
    <testcase classname="ds.merge_smk_shutdown" name="shutdown" time="0.276000000000295"/>
    <testcase classname="ds.merge_smk_shutdown" name="shutdown" time="0.00199999999995271"/>
    <testcase classname="ds.merge_smk_shutdown" name="shutdown" time="0.000999999999748979"/>
  </testsuite>
  <testsuite errors="0" failures="0" hostname="fv-az14" name="ds.merge::smk::done" skipped="0" tests="0" time="0" timestamp="2020-09-17T10:22:47Z"/>
  <testsuite errors="0" failures="0" hostname="fv-az14" name="ds.message::smk::setup" skipped="0" tests="3" time="5.379" timestamp="2020-09-17T10:22:47Z">
    <testcase classname="ds.message_smk_setup" name="setup" time="5.37700000000041"/>
    <testcase classname="ds.message_smk_setup" name="setup" time="0.000999999999748979"/>
    <testcase classname="ds.message_smk_setup" name="setup" time="0.00100000000020373"/>
  </testsuite>
  <testsuite errors="0" failures="0" hostname="fv-az14" name="ds.message::smk" skipped="0" tests="12" time="3.239" timestamp="2020-09-17T10:22:52Z">
    <testcase classname="ds.message_smk" name="not_exists_request_message" time="0.279999999999745"/>
    <testcase classname="ds.message_smk" name="not_exists_request_message" time="0.00100000000020373"/>
    <testcase classname="ds.message_smk" name="not_exists_request_message" time="0.000999999999748979"/>
    <testcase classname="ds.message_smk" name="not_exists_request_message" time="0.00199999999995271"/>
    <testcase classname="ds.message_smk" name="exists_request_message" time="1.74099999999999"/>
    <testcase classname="ds.message_smk" name="exists_request_message" time="0.00200000000040745"/>
    <testcase classname="ds.message_smk" name="exists_request_message" time="0.000999999999748979"/>
    <testcase classname="ds.message_smk" name="exists_request_message" time="0.00199999999995271"/>
    <testcase classname="ds.message_smk" name="partial_request_message" time="1.20400000000018"/>
    <testcase classname="ds.message_smk" name="partial_request_message" time="0.00199999999995271"/>
    <testcase classname="ds.message_smk" name="partial_request_message" time="0.00199999999995271"/>
    <testcase classname="ds.message_smk" name="partial_request_message" time="0.00100000000020373"/>
  </testsuite>
  <testsuite errors="0" failures="0" hostname="fv-az14" name="ds.message::smk::shutdown" skipped="1" tests="1" time="0.012" timestamp="2020-09-17T10:22:55Z">
    <testcase classname="ds.message_smk_shutdown" name="shutdown" time="0.0119999999997162">
      <skipped/>
    </testcase>
  </testsuite>
  <testsuite errors="0" failures="0" hostname="fv-az14" name="ds.message::smk::done" skipped="0" tests="0" time="0" timestamp="2020-09-17T10:22:56Z"/>
  <testsuite errors="0" failures="0" hostname="fv-az14" name="ds.names::smk::setup" skipped="0" tests="3" time="5.516" timestamp="2020-09-17T10:22:56Z">
    <testcase classname="ds.names_smk_setup" name="setup" time="5.51299999999992"/>
    <testcase classname="ds.names_smk_setup" name="setup" time="0.00100000000020373"/>
    <testcase classname="ds.names_smk_setup" name="setup" time="0.00199999999995271"/>
  </testsuite>
  <testsuite errors="0" failures="0" hostname="fv-az14" name="ds.names::smk" skipped="0" tests="10" time="2.726" timestamp="2020-09-17T10:23:00Z">
    <testcase classname="ds.names_smk" name="level_names" time="2.71500000000015"/>
    <testcase classname="ds.names_smk" name="level_names" time="0.00199999999995271"/>
    <testcase classname="ds.names_smk" name="level_names" time="0.000999999999748979"/>
    <testcase classname="ds.names_smk" name="level_names" time="0.00100000000020373"/>
    <testcase classname="ds.names_smk" name="level_names" time="0.000999999999748979"/>
    <testcase classname="ds.names_smk" name="level_names" time="0.00200000000040745"/>
    <testcase classname="ds.names_smk" name="level_names" time="0.000999999999748979"/>
    <testcase classname="ds.names_smk" name="level_names" time="0.00100000000020373"/>
    <testcase classname="ds.names_smk" name="level_names" time="0.000999999999748979"/>
    <testcase classname="ds.names_smk" name="level_names" time="0.00100000000020373"/>
  </testsuite>
  <testsuite errors="0" failures="0" hostname="fv-az14" name="ds.names::smk::shutdown" skipped="0" tests="3" time="0.312" timestamp="2020-09-17T10:23:03Z">
    <testcase classname="ds.names_smk_shutdown" name="shutdown" time="0.308999999999742"/>
    <testcase classname="ds.names_smk_shutdown" name="shutdown" time="0.00100000000020373"/>
    <testcase classname="ds.names_smk_shutdown" name="shutdown" time="0.00199999999995271"/>
  </testsuite>
  <testsuite errors="0" failures="0" hostname="fv-az14" name="ds.names::smk::done" skipped="0" tests="0" time="0" timestamp="2020-09-17T10:23:04Z"/>
  <testsuite errors="0" failures="0" hostname="fv-az14" name="ds.numNA::smk::setup" skipped="0" tests="3" time="5.402" timestamp="2020-09-17T10:23:04Z">
    <testcase classname="ds.numNA_smk_setup" name="setup" time="5.40000000000009"/>
    <testcase classname="ds.numNA_smk_setup" name="setup" time="0.000999999999748979"/>
    <testcase classname="ds.numNA_smk_setup" name="setup" time="0.00100000000020373"/>
  </testsuite>
  <testsuite errors="0" failures="0" hostname="fv-az14" name="ds.numNA::smk" skipped="0" tests="12" time="1.626" timestamp="2020-09-17T10:23:09Z">
    <testcase classname="ds.numNA_smk" name="simple_numNA" time="0.550000000000182"/>
    <testcase classname="ds.numNA_smk" name="simple_numNA" time="0.000999999999748979"/>
    <testcase classname="ds.numNA_smk" name="simple_numNA" time="0.00100000000020373"/>
    <testcase classname="ds.numNA_smk" name="simple_numNA" time="0.000999999999748979"/>
    <testcase classname="ds.numNA_smk" name="simple_numNA" time="0.527000000000044"/>
    <testcase classname="ds.numNA_smk" name="simple_numNA" time="0.00199999999995271"/>
    <testcase classname="ds.numNA_smk" name="simple_numNA" time="0.00199999999995271"/>
    <testcase classname="ds.numNA_smk" name="simple_numNA" time="0.00100000000020373"/>
    <testcase classname="ds.numNA_smk" name="simple_numNA" time="0.536000000000058"/>
    <testcase classname="ds.numNA_smk" name="simple_numNA" time="0.00199999999995271"/>
    <testcase classname="ds.numNA_smk" name="simple_numNA" time="0.00199999999995271"/>
    <testcase classname="ds.numNA_smk" name="simple_numNA" time="0.000999999999748979"/>
  </testsuite>
  <testsuite errors="0" failures="0" hostname="fv-az14" name="ds.numNA::smk::shutdown" skipped="0" tests="3" time="0.287" timestamp="2020-09-17T10:23:11Z">
    <testcase classname="ds.numNA_smk_shutdown" name="shutdown" time="0.284000000000106"/>
    <testcase classname="ds.numNA_smk_shutdown" name="shutdown" time="0.00199999999995271"/>
    <testcase classname="ds.numNA_smk_shutdown" name="shutdown" time="0.00100000000020373"/>
  </testsuite>
  <testsuite errors="0" failures="0" hostname="fv-az14" name="ds.numNA::smk::done" skipped="0" tests="0" time="0" timestamp="2020-09-17T10:23:12Z"/>
  <testsuite errors="0" failures="0" hostname="fv-az14" name="ds.quantileMean::smk::setup" skipped="0" tests="3" time="5.457" timestamp="2020-09-17T10:23:12Z">
    <testcase classname="ds.quantileMean_smk_setup" name="setup" time="5.45499999999993"/>
    <testcase classname="ds.quantileMean_smk_setup" name="setup" time="0.00100000000020373"/>
    <testcase classname="ds.quantileMean_smk_setup" name="setup" time="0.000999999999748979"/>
  </testsuite>
  <testsuite errors="0" failures="0" hostname="fv-az14" name="ds.quantileMean::smk::standard" skipped="0" tests="9" time="1.758" timestamp="2020-09-17T10:23:16Z">
    <testcase classname="ds.quantileMean_smk_standard" name="quantileMean" time="1.7470000000003"/>
    <testcase classname="ds.quantileMean_smk_standard" name="quantileMean" time="0.000999999999748979"/>
    <testcase classname="ds.quantileMean_smk_standard" name="quantileMean" time="0.00100000000020373"/>
    <testcase classname="ds.quantileMean_smk_standard" name="quantileMean" time="0.00199999999995271"/>
    <testcase classname="ds.quantileMean_smk_standard" name="quantileMean" time="0.000999999999748979"/>
    <testcase classname="ds.quantileMean_smk_standard" name="quantileMean" time="0.00199999999995271"/>
    <testcase classname="ds.quantileMean_smk_standard" name="quantileMean" time="0.00100000000020373"/>
    <testcase classname="ds.quantileMean_smk_standard" name="quantileMean" time="0.000999999999748979"/>
    <testcase classname="ds.quantileMean_smk_standard" name="quantileMean" time="0.00200000000040745"/>
  </testsuite>
  <testsuite errors="0" failures="0" hostname="fv-az14" name="ds.quantileMean::smk::split" skipped="0" tests="28" time="2.412" timestamp="2020-09-17T10:23:18Z">
    <testcase classname="ds.quantileMean_smk_split" name="quantileMean_split" time="2.37599999999975"/>
    <testcase classname="ds.quantileMean_smk_split" name="quantileMean_split" time="0.000999999999748979"/>
    <testcase classname="ds.quantileMean_smk_split" name="quantileMean_split" time="0.00100000000020373"/>
    <testcase classname="ds.quantileMean_smk_split" name="quantileMean_split" time="0.000999999999748979"/>
    <testcase classname="ds.quantileMean_smk_split" name="quantileMean_split" time="0.00100000000020373"/>
    <testcase classname="ds.quantileMean_smk_split" name="quantileMean_split" time="0.00199999999995271"/>
    <testcase classname="ds.quantileMean_smk_split" name="quantileMean_split" time="0.00100000000020373"/>
    <testcase classname="ds.quantileMean_smk_split" name="quantileMean_split" time="0.000999999999748979"/>
    <testcase classname="ds.quantileMean_smk_split" name="quantileMean_split" time="0.00199999999995271"/>
    <testcase classname="ds.quantileMean_smk_split" name="quantileMean_split" time="0.00100000000020373"/>
    <testcase classname="ds.quantileMean_smk_split" name="quantileMean_split" time="0.000999999999748979"/>
    <testcase classname="ds.quantileMean_smk_split" name="quantileMean_split" time="0.00199999999995271"/>
    <testcase classname="ds.quantileMean_smk_split" name="quantileMean_split" time="0.00100000000020373"/>
    <testcase classname="ds.quantileMean_smk_split" name="quantileMean_split" time="0.00100000000020373"/>
    <testcase classname="ds.quantileMean_smk_split" name="quantileMean_split" time="0.00199999999995271"/>
    <testcase classname="ds.quantileMean_smk_split" name="quantileMean_split" time="0.000999999999748979"/>
    <testcase classname="ds.quantileMean_smk_split" name="quantileMean_split" time="0.00100000000020373"/>
    <testcase classname="ds.quantileMean_smk_split" name="quantileMean_split" time="0.00199999999995271"/>
    <testcase classname="ds.quantileMean_smk_split" name="quantileMean_split" time="0.000999999999748979"/>
    <testcase classname="ds.quantileMean_smk_split" name="quantileMean_split" time="0.00100000000020373"/>
    <testcase classname="ds.quantileMean_smk_split" name="quantileMean_split" time="0.00199999999995271"/>
    <testcase classname="ds.quantileMean_smk_split" name="quantileMean_split" time="0.00100000000020373"/>
    <testcase classname="ds.quantileMean_smk_split" name="quantileMean_split" time="0.00199999999995271"/>
    <testcase classname="ds.quantileMean_smk_split" name="quantileMean_split" time="0.000999999999748979"/>
    <testcase classname="ds.quantileMean_smk_split" name="quantileMean_split" time="0.00199999999995271"/>
    <testcase classname="ds.quantileMean_smk_split" name="quantileMean_split" time="0.00100000000020373"/>
    <testcase classname="ds.quantileMean_smk_split" name="quantileMean_split" time="0.00199999999995271"/>
    <testcase classname="ds.quantileMean_smk_split" name="quantileMean_split" time="0.00100000000020373"/>
  </testsuite>
  <testsuite errors="0" failures="0" hostname="fv-az14" name="ds.quantileMean::smk::shutdown" skipped="0" tests="3" time="0.287" timestamp="2020-09-17T10:23:20Z">
    <testcase classname="ds.quantileMean_smk_shutdown" name="shutdown" time="0.283999999999651"/>
    <testcase classname="ds.quantileMean_smk_shutdown" name="shutdown" time="0.00100000000020373"/>
    <testcase classname="ds.quantileMean_smk_shutdown" name="shutdown" time="0.00199999999995271"/>
  </testsuite>
  <testsuite errors="0" failures="0" hostname="fv-az14" name="ds.quantileMean::smk::done" skipped="0" tests="0" time="0" timestamp="2020-09-17T10:23:21Z"/>
  <testsuite errors="0" failures="0" hostname="fv-az14" name="ds.rbind::smk::setup" skipped="0" tests="3" time="5.386" timestamp="2020-09-17T10:23:21Z">
    <testcase classname="ds.rbind_smk_setup" name="setup" time="5.38400000000001"/>
    <testcase classname="ds.rbind_smk_setup" name="setup" time="0.00100000000020373"/>
    <testcase classname="ds.rbind_smk_setup" name="setup" time="0.00100000000020373"/>
  </testsuite>
  <testsuite errors="0" failures="0" hostname="fv-az14" name="ds.rbind::smk" skipped="0" tests="5" time="2.621" timestamp="2020-09-17T10:23:26Z">
    <testcase classname="ds.rbind_smk" name="simple_test" time="2.0329999999999"/>
    <testcase classname="ds.rbind_smk" name="simple_test" time="0.000999999999748979"/>
    <testcase classname="ds.rbind_smk" name="simple_test" time="0.581000000000131"/>
    <testcase classname="ds.rbind_smk" name="simple_test" time="0.00100000000020373"/>
    <testcase classname="ds.rbind_smk" name="simple_test" time="0.00499999999965439"/>
  </testsuite>
  <testsuite errors="0" failures="0" hostname="fv-az14" name="ds.rbind::smk::shutdown" skipped="0" tests="3" time="0.277" timestamp="2020-09-17T10:23:29Z">
    <testcase classname="ds.rbind_smk_shutdown" name="shutdown" time="0.275000000000091"/>
    <testcase classname="ds.rbind_smk_shutdown" name="shutdown" time="0.00100000000020373"/>
    <testcase classname="ds.rbind_smk_shutdown" name="shutdown" time="0.000999999999748979"/>
  </testsuite>
  <testsuite errors="0" failures="0" hostname="fv-az14" name="ds.rbind::smk::done" skipped="0" tests="0" time="0" timestamp="2020-09-17T10:23:30Z"/>
  <testsuite errors="0" failures="0" hostname="fv-az14" name="ds.rBinom::smk::setup" skipped="0" tests="3" time="5.446" timestamp="2020-09-17T10:23:30Z">
    <testcase classname="ds.rBinom_smk_setup" name="setup" time="5.44399999999996"/>
    <testcase classname="ds.rBinom_smk_setup" name="setup" time="0.00100000000020373"/>
    <testcase classname="ds.rBinom_smk_setup" name="setup" time="0.000999999999748979"/>
  </testsuite>
  <testsuite errors="0" failures="0" hostname="fv-az14" name="ds.rBinom::smk::simple test" skipped="0" tests="11" time="2.091" timestamp="2020-09-17T10:23:34Z">
    <testcase classname="ds.rBinom_smk_simple_test" name="simple_test" time="2.07500000000027"/>
    <testcase classname="ds.rBinom_smk_simple_test" name="simple_test" time="0.000999999999748979"/>
    <testcase classname="ds.rBinom_smk_simple_test" name="simple_test" time="0.00100000000020373"/>
    <testcase classname="ds.rBinom_smk_simple_test" name="simple_test" time="0.000999999999748979"/>
    <testcase classname="ds.rBinom_smk_simple_test" name="simple_test" time="0.00399999999990541"/>
    <testcase classname="ds.rBinom_smk_simple_test" name="simple_test" time="0.00100000000020373"/>
    <testcase classname="ds.rBinom_smk_simple_test" name="simple_test" time="0.00199999999995271"/>
    <testcase classname="ds.rBinom_smk_simple_test" name="simple_test" time="0.00100000000020373"/>
    <testcase classname="ds.rBinom_smk_simple_test" name="simple_test" time="0.00199999999995271"/>
    <testcase classname="ds.rBinom_smk_simple_test" name="simple_test" time="0.000999999999748979"/>
    <testcase classname="ds.rBinom_smk_simple_test" name="simple_test" time="0.00199999999995271"/>
  </testsuite>
  <testsuite errors="0" failures="0" hostname="fv-az14" name="ds.rBinom::smk::shutdown" skipped="0" tests="3" time="0.29" timestamp="2020-09-17T10:23:37Z">
    <testcase classname="ds.rBinom_smk_shutdown" name="shutdown" time="0.287000000000262"/>
    <testcase classname="ds.rBinom_smk_shutdown" name="shutdown" time="0.00199999999995271"/>
    <testcase classname="ds.rBinom_smk_shutdown" name="shutdown" time="0.000999999999748979"/>
  </testsuite>
  <testsuite errors="0" failures="0" hostname="fv-az14" name="ds.rBinom::smk::done" skipped="0" tests="0" time="0" timestamp="2020-09-17T10:23:38Z"/>
  <testsuite errors="0" failures="0" hostname="fv-az14" name="ds.recodeLevels::smk::setup" skipped="0" tests="3" time="5.458" timestamp="2020-09-17T10:23:38Z">
    <testcase classname="ds.recodeLevels_smk_setup" name="setup" time="5.45600000000013"/>
    <testcase classname="ds.recodeLevels_smk_setup" name="setup" time="0.00100000000020373"/>
    <testcase classname="ds.recodeLevels_smk_setup" name="setup" time="0.000999999999748979"/>
  </testsuite>
  <testsuite errors="0" failures="0" hostname="fv-az14" name="ds.recodeLevels::smk" skipped="0" tests="7" time="2.97" timestamp="2020-09-17T10:23:42Z">
    <testcase classname="ds.recodeLevels_smk" name="new_levels" time="2.96300000000019"/>
    <testcase classname="ds.recodeLevels_smk" name="new_levels" time="0.000999999999748979"/>
    <testcase classname="ds.recodeLevels_smk" name="new_levels" time="0.00100000000020373"/>
    <testcase classname="ds.recodeLevels_smk" name="new_levels" time="0.000999999999748979"/>
    <testcase classname="ds.recodeLevels_smk" name="new_levels" time="0.00200000000040745"/>
    <testcase classname="ds.recodeLevels_smk" name="new_levels" time="0.000999999999748979"/>
    <testcase classname="ds.recodeLevels_smk" name="new_levels" time="0.00100000000020373"/>
  </testsuite>
  <testsuite errors="0" failures="0" hostname="fv-az14" name="ds.recodeLevels::smk::no connections or newobj" skipped="0" tests="7" time="3.061" timestamp="2020-09-17T10:23:45Z">
    <testcase classname="ds.recodeLevels_smk_no_connections_or_newobj" name="new_levels_auto" time="3.05399999999963"/>
    <testcase classname="ds.recodeLevels_smk_no_connections_or_newobj" name="new_levels_auto" time="0.00200000000040745"/>
    <testcase classname="ds.recodeLevels_smk_no_connections_or_newobj" name="new_levels_auto" time="0.000999999999748979"/>
    <testcase classname="ds.recodeLevels_smk_no_connections_or_newobj" name="new_levels_auto" time="0.00100000000020373"/>
    <testcase classname="ds.recodeLevels_smk_no_connections_or_newobj" name="new_levels_auto" time="0.000999999999748979"/>
    <testcase classname="ds.recodeLevels_smk_no_connections_or_newobj" name="new_levels_auto" time="0.00100000000020373"/>
    <testcase classname="ds.recodeLevels_smk_no_connections_or_newobj" name="new_levels_auto" time="0.000999999999748979"/>
  </testsuite>
  <testsuite errors="0" failures="0" hostname="fv-az14" name="ds.recodeLevels::smk::shutdown" skipped="0" tests="3" time="0.282" timestamp="2020-09-17T10:23:48Z">
    <testcase classname="ds.recodeLevels_smk_shutdown" name="shutdown" time="0.278999999999996"/>
    <testcase classname="ds.recodeLevels_smk_shutdown" name="shutdown" time="0.00199999999995271"/>
    <testcase classname="ds.recodeLevels_smk_shutdown" name="shutdown" time="0.00100000000020373"/>
  </testsuite>
  <testsuite errors="0" failures="0" hostname="fv-az14" name="ds.recodeLevels::smk::done" skipped="0" tests="0" time="0" timestamp="2020-09-17T10:23:49Z"/>
  <testsuite errors="0" failures="0" hostname="fv-az14" name="ds.recodeValues::smk::setup" skipped="0" tests="3" time="5.385" timestamp="2020-09-17T10:23:49Z">
    <testcase classname="ds.recodeValues_smk_setup" name="setup" time="5.38299999999981"/>
    <testcase classname="ds.recodeValues_smk_setup" name="setup" time="0.00100000000020373"/>
    <testcase classname="ds.recodeValues_smk_setup" name="setup" time="0.000999999999748979"/>
  </testsuite>
  <testsuite errors="0" failures="0" hostname="fv-az14" name="ds.recodeValues::smk" skipped="0" tests="7" time="1.803" timestamp="2020-09-17T10:23:54Z">
    <testcase classname="ds.recodeValues_smk" name="simple_test" time="1.23500000000013"/>
    <testcase classname="ds.recodeValues_smk" name="simple_test" time="0.00199999999995271"/>
    <testcase classname="ds.recodeValues_smk" name="simple_test" time="0.00100000000020373"/>
    <testcase classname="ds.recodeValues_smk" name="simple_test" time="0.561000000000149"/>
    <testcase classname="ds.recodeValues_smk" name="simple_test" time="0.000999999999748979"/>
    <testcase classname="ds.recodeValues_smk" name="simple_test" time="0.00199999999995271"/>
    <testcase classname="ds.recodeValues_smk" name="simple_test" time="0.00100000000020373"/>
  </testsuite>
  <testsuite errors="0" failures="0" hostname="fv-az14" name="ds.recodeValues::smk::shutdown" skipped="0" tests="3" time="0.28" timestamp="2020-09-17T10:23:56Z">
    <testcase classname="ds.recodeValues_smk_shutdown" name="shutdown" time="0.277000000000044"/>
    <testcase classname="ds.recodeValues_smk_shutdown" name="shutdown" time="0.000999999999748979"/>
    <testcase classname="ds.recodeValues_smk_shutdown" name="shutdown" time="0.00199999999995271"/>
  </testsuite>
  <testsuite errors="0" failures="0" hostname="fv-az14" name="ds.recodeValues::smk::done" skipped="0" tests="0" time="0" timestamp="2020-09-17T10:23:57Z"/>
  <testsuite errors="0" failures="0" hostname="fv-az14" name="ds.rep::smk::complex setup" skipped="0" tests="3" time="5.339" timestamp="2020-09-17T10:23:57Z">
    <testcase classname="ds.rep_smk_complex_setup" name="setup" time="5.33600000000024"/>
    <testcase classname="ds.rep_smk_complex_setup" name="setup" time="0.00199999999995271"/>
    <testcase classname="ds.rep_smk_complex_setup" name="setup" time="0.000999999999748979"/>
  </testsuite>
  <testsuite errors="0" failures="0" hostname="fv-az14" name="ds.rep::smk::complex" skipped="0" tests="6" time="1.735" timestamp="2020-09-17T10:24:01Z">
    <testcase classname="ds.rep_smk_complex" name="complex_test" time="0.938000000000102"/>
    <testcase classname="ds.rep_smk_complex" name="complex_test" time="0.00100000000020373"/>
    <testcase classname="ds.rep_smk_complex" name="complex_test" time="0.00100000000020373"/>
    <testcase classname="ds.rep_smk_complex" name="complex_test" time="0.791999999999916"/>
    <testcase classname="ds.rep_smk_complex" name="complex_test" time="0.00199999999995271"/>
    <testcase classname="ds.rep_smk_complex" name="complex_test" time="0.00100000000020373"/>
  </testsuite>
  <testsuite errors="0" failures="0" hostname="fv-az14" name="ds.rep::smk::complex shutdown" skipped="0" tests="3" time="0.319" timestamp="2020-09-17T10:24:03Z">
    <testcase classname="ds.rep_smk_complex_shutdown" name="shutdown" time="0.317000000000007"/>
    <testcase classname="ds.rep_smk_complex_shutdown" name="shutdown" time="0.000999999999748979"/>
    <testcase classname="ds.rep_smk_complex_shutdown" name="shutdown" time="0.00100000000020373"/>
  </testsuite>
  <testsuite errors="0" failures="0" hostname="fv-az14" name="ds.rep::smk::complex done" skipped="0" tests="0" time="0" timestamp="2020-09-17T10:24:04Z"/>
  <testsuite errors="0" failures="0" hostname="fv-az14" name="ds.replaceNA::smk::setup" skipped="0" tests="3" time="5.455" timestamp="2020-09-17T10:24:04Z">
    <testcase classname="ds.replaceNA_smk_setup" name="setup" time="5.45299999999997"/>
    <testcase classname="ds.replaceNA_smk_setup" name="setup" time="0.000999999999748979"/>
    <testcase classname="ds.replaceNA_smk_setup" name="setup" time="0.00100000000020373"/>
  </testsuite>
  <testsuite errors="0" failures="0" hostname="fv-az14" name="ds.replaceNA::smk" skipped="0" tests="3" time="9.446" timestamp="2020-09-17T10:24:09Z">
    <testcase classname="ds.replaceNA_smk" name="simple_replaceNA" time="3.12800000000016"/>
    <testcase classname="ds.replaceNA_smk" name="simple_replaceNA" time="3.20799999999963"/>
    <testcase classname="ds.replaceNA_smk" name="simple_replaceNA" time="3.11000000000013"/>
  </testsuite>
  <testsuite errors="0" failures="0" hostname="fv-az14" name="ds.replaceNA::smk::shutdown" skipped="0" tests="3" time="0.281" timestamp="2020-09-17T10:24:18Z">
    <testcase classname="ds.replaceNA_smk_shutdown" name="setup" time="0.278000000000247"/>
    <testcase classname="ds.replaceNA_smk_shutdown" name="setup" time="0.000999999999748979"/>
    <testcase classname="ds.replaceNA_smk_shutdown" name="setup" time="0.00199999999995271"/>
  </testsuite>
  <testsuite errors="0" failures="0" hostname="fv-az14" name="ds.replaceNA::smk::done" skipped="0" tests="0" time="0" timestamp="2020-09-17T10:24:19Z"/>
  <testsuite errors="0" failures="0" hostname="fv-az14" name="ds.rep::smk::setup" skipped="0" tests="3" time="5.525" timestamp="2020-09-17T10:24:19Z">
    <testcase classname="ds.rep_smk_setup" name="setup" time="5.52199999999993"/>
    <testcase classname="ds.rep_smk_setup" name="setup" time="0.00199999999995271"/>
    <testcase classname="ds.rep_smk_setup" name="setup" time="0.00100000000020373"/>
  </testsuite>
  <testsuite errors="0" failures="0" hostname="fv-az14" name="ds.rep::smk" skipped="0" tests="3" time="0.805" timestamp="2020-09-17T10:24:24Z">
    <testcase classname="ds.rep_smk" name="simple_test" time="0.802000000000135"/>
    <testcase classname="ds.rep_smk" name="simple_test" time="0.00199999999995271"/>
    <testcase classname="ds.rep_smk" name="simple_test" time="0.000999999999748979"/>
  </testsuite>
  <testsuite errors="0" failures="0" hostname="fv-az14" name="ds.rep::smk::shutdown" skipped="0" tests="3" time="0.28" timestamp="2020-09-17T10:24:25Z">
    <testcase classname="ds.rep_smk_shutdown" name="shutdown" time="0.278000000000247"/>
    <testcase classname="ds.rep_smk_shutdown" name="shutdown" time="0.000999999999748979"/>
    <testcase classname="ds.rep_smk_shutdown" name="shutdown" time="0.00100000000020373"/>
  </testsuite>
  <testsuite errors="0" failures="0" hostname="fv-az14" name="ds.rep::smk::done" skipped="0" tests="0" time="0" timestamp="2020-09-17T10:24:26Z"/>
  <testsuite errors="0" failures="0" hostname="fv-az14" name="ds.reShape::smk::setup" skipped="0" tests="3" time="5.466" timestamp="2020-09-17T10:24:26Z">
    <testcase classname="ds.reShape_smk_setup" name="setup" time="5.46300000000019"/>
    <testcase classname="ds.reShape_smk_setup" name="setup" time="0.00199999999995271"/>
    <testcase classname="ds.reShape_smk_setup" name="setup" time="0.000999999999748979"/>
  </testsuite>
  <testsuite errors="0" failures="0" hostname="fv-az14" name="ds.reShape::smk" skipped="0" tests="3" time="1.115" timestamp="2020-09-17T10:24:31Z">
    <testcase classname="ds.reShape_smk" name="simplest_ds.reShape_wide" time="1.11300000000028"/>
    <testcase classname="ds.reShape_smk" name="simplest_ds.reShape_wide" time="0.000999999999748979"/>
    <testcase classname="ds.reShape_smk" name="simplest_ds.reShape_wide" time="0.00100000000020373"/>
  </testsuite>
  <testsuite errors="0" failures="0" hostname="fv-az14" name="ds.reShape::smk::shutdown" skipped="0" tests="3" time="0.283" timestamp="2020-09-17T10:24:32Z">
    <testcase classname="ds.reShape_smk_shutdown" name="shutdown" time="0.280999999999949"/>
    <testcase classname="ds.reShape_smk_shutdown" name="shutdown" time="0.000999999999748979"/>
    <testcase classname="ds.reShape_smk_shutdown" name="shutdown" time="0.00100000000020373"/>
  </testsuite>
  <testsuite errors="0" failures="0" hostname="fv-az14" name="ds.reShape::smk::done" skipped="0" tests="0" time="0" timestamp="2020-09-17T10:24:33Z"/>
  <testsuite errors="0" failures="0" hostname="fv-az14" name="ds.rm::smk::setup" skipped="0" tests="3" time="5.369" timestamp="2020-09-17T10:24:33Z">
    <testcase classname="ds.rm_smk_setup" name="setup" time="5.36699999999973"/>
    <testcase classname="ds.rm_smk_setup" name="setup" time="0.00100000000020373"/>
    <testcase classname="ds.rm_smk_setup" name="setup" time="0.00100000000020373"/>
  </testsuite>
  <testsuite errors="0" failures="0" hostname="fv-az14" name="ds.rm::smk" skipped="0" tests="14" time="2.24" timestamp="2020-09-17T10:24:38Z">
    <testcase classname="ds.rm_smk" name="simple_test" time="0.271999999999935"/>
    <testcase classname="ds.rm_smk" name="simple_test" time="0.00199999999995271"/>
    <testcase classname="ds.rm_smk" name="simple_test" time="0.000999999999748979"/>
    <testcase classname="ds.rm_smk" name="simple_test" time="0.00100000000020373"/>
    <testcase classname="ds.rm_smk" name="simple_test" time="0.000999999999748979"/>
    <testcase classname="ds.rm_smk" name="simple_test" time="0.00100000000020373"/>
    <testcase classname="ds.rm_smk" name="simple_test" time="0.000999999999748979"/>
    <testcase classname="ds.rm_smk" name="simple_test" time="1.95299999999997"/>
    <testcase classname="ds.rm_smk" name="simple_test" time="0.00100000000020373"/>
    <testcase classname="ds.rm_smk" name="simple_test" time="0.00199999999995271"/>
    <testcase classname="ds.rm_smk" name="simple_test" time="0.000999999999748979"/>
    <testcase classname="ds.rm_smk" name="simple_test" time="0.00100000000020373"/>
    <testcase classname="ds.rm_smk" name="simple_test" time="0.00199999999995271"/>
    <testcase classname="ds.rm_smk" name="simple_test" time="0.00100000000020373"/>
  </testsuite>
  <testsuite errors="0" failures="0" hostname="fv-az14" name="ds.rm::smk::shutdown" skipped="0" tests="3" time="0.28" timestamp="2020-09-17T10:24:40Z">
    <testcase classname="ds.rm_smk_shutdown" name="shutdown" time="0.277999999999793"/>
    <testcase classname="ds.rm_smk_shutdown" name="shutdown" time="0.00100000000020373"/>
    <testcase classname="ds.rm_smk_shutdown" name="shutdown" time="0.000999999999748979"/>
  </testsuite>
  <testsuite errors="0" failures="0" hostname="fv-az14" name="ds.rm::smk::done" skipped="0" tests="0" time="0" timestamp="2020-09-17T10:24:41Z"/>
  <testsuite errors="0" failures="0" hostname="fv-az14" name="ds.rNorm::smk::setup" skipped="0" tests="3" time="5.385" timestamp="2020-09-17T10:24:41Z">
    <testcase classname="ds.rNorm_smk_setup" name="setup" time="5.38300000000027"/>
    <testcase classname="ds.rNorm_smk_setup" name="setup" time="0.000999999999748979"/>
    <testcase classname="ds.rNorm_smk_setup" name="setup" time="0.00100000000020373"/>
  </testsuite>
  <testsuite errors="0" failures="0" hostname="fv-az14" name="ds.rNorm::smk::simple test" skipped="0" tests="11" time="2.076" timestamp="2020-09-17T10:24:45Z">
    <testcase classname="ds.rNorm_smk_simple_test" name="simple_test" time="2.06299999999965"/>
    <testcase classname="ds.rNorm_smk_simple_test" name="simple_test" time="0.00200000000040745"/>
    <testcase classname="ds.rNorm_smk_simple_test" name="simple_test" time="0.000999999999748979"/>
    <testcase classname="ds.rNorm_smk_simple_test" name="simple_test" time="0.00100000000020373"/>
    <testcase classname="ds.rNorm_smk_simple_test" name="simple_test" time="0.000999999999748979"/>
    <testcase classname="ds.rNorm_smk_simple_test" name="simple_test" time="0.00100000000020373"/>
    <testcase classname="ds.rNorm_smk_simple_test" name="simple_test" time="0.00199999999995271"/>
    <testcase classname="ds.rNorm_smk_simple_test" name="simple_test" time="0.000999999999748979"/>
    <testcase classname="ds.rNorm_smk_simple_test" name="simple_test" time="0.00100000000020373"/>
    <testcase classname="ds.rNorm_smk_simple_test" name="simple_test" time="0.00199999999995271"/>
    <testcase classname="ds.rNorm_smk_simple_test" name="simple_test" time="0.00100000000020373"/>
  </testsuite>
  <testsuite errors="0" failures="0" hostname="fv-az14" name="ds.rNorm::smk::shutdown" skipped="0" tests="3" time="0.281" timestamp="2020-09-17T10:24:48Z">
    <testcase classname="ds.rNorm_smk_shutdown" name="shutdown" time="0.277999999999793"/>
    <testcase classname="ds.rNorm_smk_shutdown" name="shutdown" time="0.00199999999995271"/>
    <testcase classname="ds.rNorm_smk_shutdown" name="shutdown" time="0.00100000000020373"/>
  </testsuite>
  <testsuite errors="0" failures="0" hostname="fv-az14" name="ds.rNorm::smk::done" skipped="0" tests="0" time="0" timestamp="2020-09-17T10:24:49Z"/>
  <testsuite errors="0" failures="0" hostname="fv-az14" name="ds.rowColCalc::smk::setup" skipped="0" tests="3" time="5.541" timestamp="2020-09-17T10:24:49Z">
    <testcase classname="ds.rowColCalc_smk_setup" name="setup" time="5.53800000000001"/>
    <testcase classname="ds.rowColCalc_smk_setup" name="setup" time="0.00199999999995271"/>
    <testcase classname="ds.rowColCalc_smk_setup" name="setup" time="0.000999999999748979"/>
  </testsuite>
  <testsuite errors="0" failures="0" hostname="fv-az14" name="ds.rowColCalc::smk" skipped="0" tests="4" time="4.626" timestamp="2020-09-17T10:24:53Z">
    <testcase classname="ds.rowColCalc_smk" name="rowColCalc_exists" time="4.6220000000003"/>
    <testcase classname="ds.rowColCalc_smk" name="rowColCalc_exists" time="0.000999999999748979"/>
    <testcase classname="ds.rowColCalc_smk" name="rowColCalc_exists" time="0.00100000000020373"/>
    <testcase classname="ds.rowColCalc_smk" name="rowColCalc_exists" time="0.00199999999995271"/>
  </testsuite>
  <testsuite errors="0" failures="0" hostname="fv-az14" name="ds.rowColCalc::smk::no newobj" skipped="0" tests="4" time="4.632" timestamp="2020-09-17T10:24:58Z">
    <testcase classname="ds.rowColCalc_smk_no_newobj" name="rowColCalc_out_exists" time="4.62800000000016"/>
    <testcase classname="ds.rowColCalc_smk_no_newobj" name="rowColCalc_out_exists" time="0.00199999999995271"/>
    <testcase classname="ds.rowColCalc_smk_no_newobj" name="rowColCalc_out_exists" time="0.000999999999748979"/>
    <testcase classname="ds.rowColCalc_smk_no_newobj" name="rowColCalc_out_exists" time="0.00100000000020373"/>
  </testsuite>
  <testsuite errors="0" failures="0" hostname="fv-az14" name="ds.rowColCalc::smk::shutdown" skipped="0" tests="3" time="0.277" timestamp="2020-09-17T10:25:03Z">
    <testcase classname="ds.rowColCalc_smk_shutdown" name="shutdown" time="0.275000000000091"/>
    <testcase classname="ds.rowColCalc_smk_shutdown" name="shutdown" time="0.000999999999748979"/>
    <testcase classname="ds.rowColCalc_smk_shutdown" name="shutdown" time="0.00100000000020373"/>
  </testsuite>
  <testsuite errors="0" failures="0" hostname="fv-az14" name="ds.rowColCalc::smk::done" skipped="0" tests="0" time="0" timestamp="2020-09-17T10:25:04Z"/>
  <testsuite errors="0" failures="0" hostname="fv-az14" name="ds.rPois::smk::setup" skipped="0" tests="3" time="5.404" timestamp="2020-09-17T10:25:04Z">
    <testcase classname="ds.rPois_smk_setup" name="setup" time="5.40099999999984"/>
    <testcase classname="ds.rPois_smk_setup" name="setup" time="0.00100000000020373"/>
    <testcase classname="ds.rPois_smk_setup" name="setup" time="0.00199999999995271"/>
  </testsuite>
  <testsuite errors="0" failures="0" hostname="fv-az14" name="ds.rPois::smk::simple test" skipped="0" tests="11" time="2.082" timestamp="2020-09-17T10:25:08Z">
    <testcase classname="ds.rPois_smk_simple_test" name="simple_test" time="2.06899999999996"/>
    <testcase classname="ds.rPois_smk_simple_test" name="simple_test" time="0.000999999999748979"/>
    <testcase classname="ds.rPois_smk_simple_test" name="simple_test" time="0.00100000000020373"/>
    <testcase classname="ds.rPois_smk_simple_test" name="simple_test" time="0.00199999999995271"/>
    <testcase classname="ds.rPois_smk_simple_test" name="simple_test" time="0.00100000000020373"/>
    <testcase classname="ds.rPois_smk_simple_test" name="simple_test" time="0.000999999999748979"/>
    <testcase classname="ds.rPois_smk_simple_test" name="simple_test" time="0.00100000000020373"/>
    <testcase classname="ds.rPois_smk_simple_test" name="simple_test" time="0.00199999999995271"/>
    <testcase classname="ds.rPois_smk_simple_test" name="simple_test" time="0.000999999999748979"/>
    <testcase classname="ds.rPois_smk_simple_test" name="simple_test" time="0.00100000000020373"/>
    <testcase classname="ds.rPois_smk_simple_test" name="simple_test" time="0.00199999999995271"/>
  </testsuite>
  <testsuite errors="0" failures="0" hostname="fv-az14" name="ds.rPois::smk::shutdown" skipped="0" tests="3" time="0.276" timestamp="2020-09-17T10:25:10Z">
    <testcase classname="ds.rPois_smk_shutdown" name="shutdown" time="0.273999999999887"/>
    <testcase classname="ds.rPois_smk_shutdown" name="shutdown" time="0.00100000000020373"/>
    <testcase classname="ds.rPois_smk_shutdown" name="shutdown" time="0.000999999999748979"/>
  </testsuite>
  <testsuite errors="0" failures="0" hostname="fv-az14" name="ds.rPois::smk::done" skipped="0" tests="0" time="0" timestamp="2020-09-17T10:25:11Z"/>
  <testsuite errors="0" failures="0" hostname="fv-az14" name="ds.rUnif::smk::setup" skipped="0" tests="3" time="5.401" timestamp="2020-09-17T10:25:11Z">
    <testcase classname="ds.rUnif_smk_setup" name="setup" time="5.39900000000034"/>
    <testcase classname="ds.rUnif_smk_setup" name="setup" time="0.000999999999748979"/>
    <testcase classname="ds.rUnif_smk_setup" name="setup" time="0.00100000000020373"/>
  </testsuite>
  <testsuite errors="0" failures="0" hostname="fv-az14" name="ds.rUnif::smk::simple test" skipped="0" tests="11" time="2.098" timestamp="2020-09-17T10:25:16Z">
    <testcase classname="ds.rUnif_smk_simple_test" name="simple_test" time="2.08599999999979"/>
    <testcase classname="ds.rUnif_smk_simple_test" name="simple_test" time="0.00100000000020373"/>
    <testcase classname="ds.rUnif_smk_simple_test" name="simple_test" time="0.00199999999995271"/>
    <testcase classname="ds.rUnif_smk_simple_test" name="simple_test" time="0.000999999999748979"/>
    <testcase classname="ds.rUnif_smk_simple_test" name="simple_test" time="0.00100000000020373"/>
    <testcase classname="ds.rUnif_smk_simple_test" name="simple_test" time="0.000999999999748979"/>
    <testcase classname="ds.rUnif_smk_simple_test" name="simple_test" time="0.00100000000020373"/>
    <testcase classname="ds.rUnif_smk_simple_test" name="simple_test" time="0.00100000000020373"/>
    <testcase classname="ds.rUnif_smk_simple_test" name="simple_test" time="0.00199999999995271"/>
    <testcase classname="ds.rUnif_smk_simple_test" name="simple_test" time="0.000999999999748979"/>
    <testcase classname="ds.rUnif_smk_simple_test" name="simple_test" time="0.00100000000020373"/>
  </testsuite>
  <testsuite errors="0" failures="0" hostname="fv-az14" name="ds.rUnif::smk::shutdown" skipped="0" tests="3" time="0.28" timestamp="2020-09-17T10:25:18Z">
    <testcase classname="ds.rUnif_smk_shutdown" name="shutdown" time="0.277999999999793"/>
    <testcase classname="ds.rUnif_smk_shutdown" name="shutdown" time="0.00100000000020373"/>
    <testcase classname="ds.rUnif_smk_shutdown" name="shutdown" time="0.000999999999748979"/>
  </testsuite>
  <testsuite errors="0" failures="0" hostname="fv-az14" name="ds.rUnif::smk::done" skipped="0" tests="0" time="0" timestamp="2020-09-17T10:25:19Z"/>
  <testsuite errors="0" failures="0" hostname="fv-az14" name="ds.sample::smk::setup" skipped="0" tests="3" time="5.401" timestamp="2020-09-17T10:25:19Z">
    <testcase classname="ds.sample_smk_setup" name="setup" time="5.39900000000034"/>
    <testcase classname="ds.sample_smk_setup" name="setup" time="0.000999999999748979"/>
    <testcase classname="ds.sample_smk_setup" name="setup" time="0.00100000000020373"/>
  </testsuite>
  <testsuite errors="0" failures="0" hostname="fv-az14" name="ds.sample::smk::test" skipped="0" tests="64" time="6.7" timestamp="2020-09-17T10:25:24Z">
    <testcase classname="ds.sample_smk_test" name="simple_test" time="1.62300000000005"/>
    <testcase classname="ds.sample_smk_test" name="simple_test" time="0.000999999999748979"/>
    <testcase classname="ds.sample_smk_test" name="simple_test" time="0.00100000000020373"/>
    <testcase classname="ds.sample_smk_test" name="simple_test" time="0.271999999999935"/>
    <testcase classname="ds.sample_smk_test" name="simple_test" time="0.000999999999748979"/>
    <testcase classname="ds.sample_smk_test" name="simple_test" time="0.00199999999995271"/>
    <testcase classname="ds.sample_smk_test" name="simple_test" time="0.00100000000020373"/>
    <testcase classname="ds.sample_smk_test" name="simple_test" time="0.00199999999995271"/>
    <testcase classname="ds.sample_smk_test" name="simple_test" time="1.20900000000029"/>
    <testcase classname="ds.sample_smk_test" name="simple_test" time="0.00199999999995271"/>
    <testcase classname="ds.sample_smk_test" name="simple_test" time="0.000999999999748979"/>
    <testcase classname="ds.sample_smk_test" name="simple_test" time="0.00199999999995271"/>
    <testcase classname="ds.sample_smk_test" name="simple_test" time="0.00100000000020373"/>
    <testcase classname="ds.sample_smk_test" name="simple_test" time="0.00199999999995271"/>
    <testcase classname="ds.sample_smk_test" name="simple_test" time="0.000999999999748979"/>
    <testcase classname="ds.sample_smk_test" name="simple_test" time="0.00100000000020373"/>
    <testcase classname="ds.sample_smk_test" name="simple_test" time="0.00199999999995271"/>
    <testcase classname="ds.sample_smk_test" name="simple_test" time="0.00100000000020373"/>
    <testcase classname="ds.sample_smk_test" name="simple_test" time="0.000999999999748979"/>
    <testcase classname="ds.sample_smk_test" name="simple_test" time="0.00199999999995271"/>
    <testcase classname="ds.sample_smk_test" name="simple_test" time="0.00100000000020373"/>
    <testcase classname="ds.sample_smk_test" name="simple_test" time="0.00199999999995271"/>
    <testcase classname="ds.sample_smk_test" name="simple_test" time="0.00100000000020373"/>
    <testcase classname="ds.sample_smk_test" name="simple_test" time="0.00199999999995271"/>
    <testcase classname="ds.sample_smk_test" name="simple_test" time="0.00199999999995271"/>
    <testcase classname="ds.sample_smk_test" name="simple_test" time="0.000999999999748979"/>
    <testcase classname="ds.sample_smk_test" name="simple_test" time="0.00199999999995271"/>
    <testcase classname="ds.sample_smk_test" name="simple_test" time="0.00100000000020373"/>
    <testcase classname="ds.sample_smk_test" name="simple_test" time="0.00199999999995271"/>
    <testcase classname="ds.sample_smk_test" name="simple_test" time="0.00199999999995271"/>
    <testcase classname="ds.sample_smk_test" name="simple_test" time="0.266000000000076"/>
    <testcase classname="ds.sample_smk_test" name="simple_test" time="0.00199999999995271"/>
    <testcase classname="ds.sample_smk_test" name="simple_test" time="0.00199999999995271"/>
    <testcase classname="ds.sample_smk_test" name="simple_test" time="0.00199999999995271"/>
    <testcase classname="ds.sample_smk_test" name="simple_test" time="0.00100000000020373"/>
    <testcase classname="ds.sample_smk_test" name="simple_test" time="1.50700000000006"/>
    <testcase classname="ds.sample_smk_test" name="simple_test" time="0.00199999999995271"/>
    <testcase classname="ds.sample_smk_test" name="simple_test" time="0.00199999999995271"/>
    <testcase classname="ds.sample_smk_test" name="simple_test" time="0.26299999999992"/>
    <testcase classname="ds.sample_smk_test" name="simple_test" time="0.00199999999995271"/>
    <testcase classname="ds.sample_smk_test" name="simple_test" time="0.00199999999995271"/>
    <testcase classname="ds.sample_smk_test" name="simple_test" time="0.00199999999995271"/>
    <testcase classname="ds.sample_smk_test" name="simple_test" time="0.00200000000040745"/>
    <testcase classname="ds.sample_smk_test" name="simple_test" time="1.20099999999957"/>
    <testcase classname="ds.sample_smk_test" name="simple_test" time="0.00200000000040745"/>
    <testcase classname="ds.sample_smk_test" name="simple_test" time="0.00199999999995271"/>
    <testcase classname="ds.sample_smk_test" name="simple_test" time="0.00199999999995271"/>
    <testcase classname="ds.sample_smk_test" name="simple_test" time="0.000999999999748979"/>
    <testcase classname="ds.sample_smk_test" name="simple_test" time="0.00199999999995271"/>
    <testcase classname="ds.sample_smk_test" name="simple_test" time="0.00200000000040745"/>
    <testcase classname="ds.sample_smk_test" name="simple_test" time="0.00199999999995271"/>
    <testcase classname="ds.sample_smk_test" name="simple_test" time="0.00199999999995271"/>
    <testcase classname="ds.sample_smk_test" name="simple_test" time="0.00199999999995271"/>
    <testcase classname="ds.sample_smk_test" name="simple_test" time="0.00199999999995271"/>
    <testcase classname="ds.sample_smk_test" name="simple_test" time="0.00100000000020373"/>
    <testcase classname="ds.sample_smk_test" name="simple_test" time="0.00199999999995271"/>
    <testcase classname="ds.sample_smk_test" name="simple_test" time="0.00199999999995271"/>
    <testcase classname="ds.sample_smk_test" name="simple_test" time="0.00199999999995271"/>
    <testcase classname="ds.sample_smk_test" name="simple_test" time="0.00199999999995271"/>
    <testcase classname="ds.sample_smk_test" name="simple_test" time="0.26299999999992"/>
    <testcase classname="ds.sample_smk_test" name="simple_test" time="0.00199999999995271"/>
    <testcase classname="ds.sample_smk_test" name="simple_test" time="0.00300000000015643"/>
    <testcase classname="ds.sample_smk_test" name="simple_test" time="0.00199999999995271"/>
    <testcase classname="ds.sample_smk_test" name="simple_test" time="0.00199999999995271"/>
  </testsuite>
  <testsuite errors="0" failures="0" hostname="fv-az14" name="ds.sample::smk::test error" skipped="0" tests="7" time="1.521" timestamp="2020-09-17T10:25:31Z">
    <testcase classname="ds.sample_smk_test_error" name="simple_test_error" time="1.51299999999992"/>
    <testcase classname="ds.sample_smk_test_error" name="simple_test_error" time="0.00100000000020373"/>
    <testcase classname="ds.sample_smk_test_error" name="simple_test_error" time="0.00199999999995271"/>
    <testcase classname="ds.sample_smk_test_error" name="simple_test_error" time="0.000999999999748979"/>
    <testcase classname="ds.sample_smk_test_error" name="simple_test_error" time="0.00100000000020373"/>
    <testcase classname="ds.sample_smk_test_error" name="simple_test_error" time="0.00100000000020373"/>
    <testcase classname="ds.sample_smk_test_error" name="simple_test_error" time="0.00199999999995271"/>
  </testsuite>
  <testsuite errors="0" failures="0" hostname="fv-az14" name="ds.sample::smk::shutdown" skipped="0" tests="3" time="0.277" timestamp="2020-09-17T10:25:32Z">
    <testcase classname="ds.sample_smk_shutdown" name="shutdown" time="0.274999999999636"/>
    <testcase classname="ds.sample_smk_shutdown" name="shutdown" time="0.00100000000020373"/>
    <testcase classname="ds.sample_smk_shutdown" name="shutdown" time="0.00100000000020373"/>
  </testsuite>
  <testsuite errors="0" failures="0" hostname="fv-az14" name="ds.sample::smk::done" skipped="0" tests="0" time="0" timestamp="2020-09-17T10:25:33Z"/>
  <testsuite errors="0" failures="0" hostname="fv-az14" name="ds.seq::smk::setup" skipped="0" tests="3" time="5.455" timestamp="2020-09-17T10:25:33Z">
    <testcase classname="ds.seq_smk_setup" name="setup" time="5.45299999999997"/>
    <testcase classname="ds.seq_smk_setup" name="setup" time="0.000999999999748979"/>
    <testcase classname="ds.seq_smk_setup" name="setup" time="0.00100000000020373"/>
  </testsuite>
  <testsuite errors="0" failures="0" hostname="fv-az14" name="ds.seq::smk" skipped="0" tests="6" time="1.708" timestamp="2020-09-17T10:25:38Z">
    <testcase classname="ds.seq_smk" name="simplest_ds.seq" time="0.907000000000153"/>
    <testcase classname="ds.seq_smk" name="simplest_ds.seq" time="0.00100000000020373"/>
    <testcase classname="ds.seq_smk" name="simplest_ds.seq" time="0.000999999999748979"/>
    <testcase classname="ds.seq_smk" name="simplest_ds.seq" time="0.797000000000025"/>
    <testcase classname="ds.seq_smk" name="simplest_ds.seq" time="0.00100000000020373"/>
    <testcase classname="ds.seq_smk" name="simplest_ds.seq" time="0.000999999999748979"/>
  </testsuite>
  <testsuite errors="0" failures="0" hostname="fv-az14" name="ds.seq::smk::shutdown" skipped="0" tests="3" time="0.32" timestamp="2020-09-17T10:25:39Z">
    <testcase classname="ds.seq_smk_shutdown" name="shutdown" time="0.318000000000211"/>
    <testcase classname="ds.seq_smk_shutdown" name="shutdown" time="0.000999999999748979"/>
    <testcase classname="ds.seq_smk_shutdown" name="shutdown" time="0.00100000000020373"/>
  </testsuite>
  <testsuite errors="0" failures="0" hostname="fv-az14" name="ds.seq::smk::done" skipped="0" tests="0" time="0" timestamp="2020-09-17T10:25:41Z"/>
  <testsuite errors="0" failures="0" hostname="fv-az14" name="ds.setSeed::smk::setup" skipped="0" tests="3" time="5.44" timestamp="2020-09-17T10:25:41Z">
    <testcase classname="ds.setSeed_smk_setup" name="setup" time="5.4380000000001"/>
    <testcase classname="ds.setSeed_smk_setup" name="setup" time="0.000999999999748979"/>
    <testcase classname="ds.setSeed_smk_setup" name="setup" time="0.00100000000020373"/>
  </testsuite>
  <testsuite errors="0" failures="0" hostname="fv-az14" name="ds.setSeed::smk" skipped="0" tests="9" time="0.301" timestamp="2020-09-17T10:25:45Z">
    <testcase classname="ds.setSeed_smk" name="basic_setSeed" time="0.290999999999713"/>
    <testcase classname="ds.setSeed_smk" name="basic_setSeed" time="0.00100000000020373"/>
    <testcase classname="ds.setSeed_smk" name="basic_setSeed" time="0.00199999999995271"/>
    <testcase classname="ds.setSeed_smk" name="basic_setSeed" time="0.000999999999748979"/>
    <testcase classname="ds.setSeed_smk" name="basic_setSeed" time="0.00100000000020373"/>
    <testcase classname="ds.setSeed_smk" name="basic_setSeed" time="0.00199999999995271"/>
    <testcase classname="ds.setSeed_smk" name="basic_setSeed" time="0.00100000000020373"/>
    <testcase classname="ds.setSeed_smk" name="basic_setSeed" time="0.000999999999748979"/>
    <testcase classname="ds.setSeed_smk" name="basic_setSeed" time="0.00100000000020373"/>
  </testsuite>
  <testsuite errors="0" failures="0" hostname="fv-az14" name="ds.setSeed::smk::shutdown" skipped="0" tests="3" time="0.276" timestamp="2020-09-17T10:25:46Z">
    <testcase classname="ds.setSeed_smk_shutdown" name="shutdown" time="0.273999999999887"/>
    <testcase classname="ds.setSeed_smk_shutdown" name="shutdown" time="0.00100000000020373"/>
    <testcase classname="ds.setSeed_smk_shutdown" name="shutdown" time="0.000999999999748979"/>
  </testsuite>
  <testsuite errors="0" failures="0" hostname="fv-az14" name="ds.setSeed::smk::done" skipped="0" tests="0" time="0" timestamp="2020-09-17T10:25:47Z"/>
  <testsuite errors="0" failures="0" hostname="fv-az14" name="ds.skewness::smk::setup" skipped="0" tests="3" time="5.464" timestamp="2020-09-17T10:25:47Z">
    <testcase classname="ds.skewness_smk_setup" name="setup" time="5.46100000000024"/>
    <testcase classname="ds.skewness_smk_setup" name="setup" time="0.00199999999995271"/>
    <testcase classname="ds.skewness_smk_setup" name="setup" time="0.000999999999748979"/>
  </testsuite>
  <testsuite errors="0" failures="0" hostname="fv-az14" name="ds.skewness::smk::method 1::split" skipped="0" tests="70" time="6.334" timestamp="2020-09-17T10:25:51Z">
    <testcase classname="ds.skewness_smk_method_1_split" name="simple_skewness_method_1_split_on_LAB_TSC" time="1.23700000000008"/>
    <testcase classname="ds.skewness_smk_method_1_split" name="simple_skewness_method_1_split_on_LAB_TSC" time="0.00100000000020373"/>
    <testcase classname="ds.skewness_smk_method_1_split" name="simple_skewness_method_1_split_on_LAB_TSC" time="0.000999999999748979"/>
    <testcase classname="ds.skewness_smk_method_1_split" name="simple_skewness_method_1_split_on_LAB_TSC" time="0.00100000000020373"/>
    <testcase classname="ds.skewness_smk_method_1_split" name="simple_skewness_method_1_split_on_LAB_TSC" time="0.00199999999995271"/>
    <testcase classname="ds.skewness_smk_method_1_split" name="simple_skewness_method_1_split_on_LAB_TSC" time="0.000999999999748979"/>
    <testcase classname="ds.skewness_smk_method_1_split" name="simple_skewness_method_1_split_on_LAB_TSC" time="0.00100000000020373"/>
    <testcase classname="ds.skewness_smk_method_1_split" name="simple_skewness_method_1_split_on_LAB_TSC" time="0.00199999999995271"/>
    <testcase classname="ds.skewness_smk_method_1_split" name="simple_skewness_method_1_split_on_LAB_TSC" time="0.00100000000020373"/>
    <testcase classname="ds.skewness_smk_method_1_split" name="simple_skewness_method_1_split_on_LAB_TSC" time="0.00199999999995271"/>
    <testcase classname="ds.skewness_smk_method_1_split" name="simple_skewness_method_1_split_on_LAB_TSC" time="0.00299999999970169"/>
    <testcase classname="ds.skewness_smk_method_1_split" name="simple_skewness_method_1_split_on_LAB_TSC" time="0.00100000000020373"/>
    <testcase classname="ds.skewness_smk_method_1_split" name="simple_skewness_method_1_split_on_LAB_TSC" time="0.000999999999748979"/>
    <testcase classname="ds.skewness_smk_method_1_split" name="simple_skewness_method_1_split_on_LAB_TSC" time="0.00200000000040745"/>
    <testcase classname="ds.skewness_smk_method_1_split" name="simple_skewness_method_1_split_on_LAB_TRIG" time="1.22799999999961"/>
    <testcase classname="ds.skewness_smk_method_1_split" name="simple_skewness_method_1_split_on_LAB_TRIG" time="0.00100000000020373"/>
    <testcase classname="ds.skewness_smk_method_1_split" name="simple_skewness_method_1_split_on_LAB_TRIG" time="0.00199999999995271"/>
    <testcase classname="ds.skewness_smk_method_1_split" name="simple_skewness_method_1_split_on_LAB_TRIG" time="0.00100000000020373"/>
    <testcase classname="ds.skewness_smk_method_1_split" name="simple_skewness_method_1_split_on_LAB_TRIG" time="0.000999999999748979"/>
    <testcase classname="ds.skewness_smk_method_1_split" name="simple_skewness_method_1_split_on_LAB_TRIG" time="0.00199999999995271"/>
    <testcase classname="ds.skewness_smk_method_1_split" name="simple_skewness_method_1_split_on_LAB_TRIG" time="0.00199999999995271"/>
    <testcase classname="ds.skewness_smk_method_1_split" name="simple_skewness_method_1_split_on_LAB_TRIG" time="0.00200000000040745"/>
    <testcase classname="ds.skewness_smk_method_1_split" name="simple_skewness_method_1_split_on_LAB_TRIG" time="0.000999999999748979"/>
    <testcase classname="ds.skewness_smk_method_1_split" name="simple_skewness_method_1_split_on_LAB_TRIG" time="0.00199999999995271"/>
    <testcase classname="ds.skewness_smk_method_1_split" name="simple_skewness_method_1_split_on_LAB_TRIG" time="0.00199999999995271"/>
    <testcase classname="ds.skewness_smk_method_1_split" name="simple_skewness_method_1_split_on_LAB_TRIG" time="0.00199999999995271"/>
    <testcase classname="ds.skewness_smk_method_1_split" name="simple_skewness_method_1_split_on_LAB_TRIG" time="0.00199999999995271"/>
    <testcase classname="ds.skewness_smk_method_1_split" name="simple_skewness_method_1_split_on_LAB_TRIG" time="0.00100000000020373"/>
    <testcase classname="ds.skewness_smk_method_1_split" name="simple_skewness_method_1_split_on_LAB_HDL" time="1.30200000000013"/>
    <testcase classname="ds.skewness_smk_method_1_split" name="simple_skewness_method_1_split_on_LAB_HDL" time="0.000999999999748979"/>
    <testcase classname="ds.skewness_smk_method_1_split" name="simple_skewness_method_1_split_on_LAB_HDL" time="0.00199999999995271"/>
    <testcase classname="ds.skewness_smk_method_1_split" name="simple_skewness_method_1_split_on_LAB_HDL" time="0.00199999999995271"/>
    <testcase classname="ds.skewness_smk_method_1_split" name="simple_skewness_method_1_split_on_LAB_HDL" time="0.00200000000040745"/>
    <testcase classname="ds.skewness_smk_method_1_split" name="simple_skewness_method_1_split_on_LAB_HDL" time="0.000999999999748979"/>
    <testcase classname="ds.skewness_smk_method_1_split" name="simple_skewness_method_1_split_on_LAB_HDL" time="0.000999999999748979"/>
    <testcase classname="ds.skewness_smk_method_1_split" name="simple_skewness_method_1_split_on_LAB_HDL" time="0.00199999999995271"/>
    <testcase classname="ds.skewness_smk_method_1_split" name="simple_skewness_method_1_split_on_LAB_HDL" time="0.00199999999995271"/>
    <testcase classname="ds.skewness_smk_method_1_split" name="simple_skewness_method_1_split_on_LAB_HDL" time="0.00200000000040745"/>
    <testcase classname="ds.skewness_smk_method_1_split" name="simple_skewness_method_1_split_on_LAB_HDL" time="0.00199999999995271"/>
    <testcase classname="ds.skewness_smk_method_1_split" name="simple_skewness_method_1_split_on_LAB_HDL" time="0.00299999999970169"/>
    <testcase classname="ds.skewness_smk_method_1_split" name="simple_skewness_method_1_split_on_LAB_HDL" time="0.00199999999995271"/>
    <testcase classname="ds.skewness_smk_method_1_split" name="simple_skewness_method_1_split_on_LAB_HDL" time="0.00300000000015643"/>
    <testcase classname="ds.skewness_smk_method_1_split" name="simple_skewness_method_1_split_on_LAB_GLUC_ADJUSTED" time="1.20499999999993"/>
    <testcase classname="ds.skewness_smk_method_1_split" name="simple_skewness_method_1_split_on_LAB_GLUC_ADJUSTED" time="0.00199999999995271"/>
    <testcase classname="ds.skewness_smk_method_1_split" name="simple_skewness_method_1_split_on_LAB_GLUC_ADJUSTED" time="0.00199999999995271"/>
    <testcase classname="ds.skewness_smk_method_1_split" name="simple_skewness_method_1_split_on_LAB_GLUC_ADJUSTED" time="0.00200000000040745"/>
    <testcase classname="ds.skewness_smk_method_1_split" name="simple_skewness_method_1_split_on_LAB_GLUC_ADJUSTED" time="0.00199999999995271"/>
    <testcase classname="ds.skewness_smk_method_1_split" name="simple_skewness_method_1_split_on_LAB_GLUC_ADJUSTED" time="0.00199999999995271"/>
    <testcase classname="ds.skewness_smk_method_1_split" name="simple_skewness_method_1_split_on_LAB_GLUC_ADJUSTED" time="0.00199999999995271"/>
    <testcase classname="ds.skewness_smk_method_1_split" name="simple_skewness_method_1_split_on_LAB_GLUC_ADJUSTED" time="0.00199999999995271"/>
    <testcase classname="ds.skewness_smk_method_1_split" name="simple_skewness_method_1_split_on_LAB_GLUC_ADJUSTED" time="0.00100000000020373"/>
    <testcase classname="ds.skewness_smk_method_1_split" name="simple_skewness_method_1_split_on_LAB_GLUC_ADJUSTED" time="0.00199999999995271"/>
    <testcase classname="ds.skewness_smk_method_1_split" name="simple_skewness_method_1_split_on_LAB_GLUC_ADJUSTED" time="0.00199999999995271"/>
    <testcase classname="ds.skewness_smk_method_1_split" name="simple_skewness_method_1_split_on_LAB_GLUC_ADJUSTED" time="0.00199999999995271"/>
    <testcase classname="ds.skewness_smk_method_1_split" name="simple_skewness_method_1_split_on_LAB_GLUC_ADJUSTED" time="0.00199999999995271"/>
    <testcase classname="ds.skewness_smk_method_1_split" name="simple_skewness_method_1_split_on_LAB_GLUC_ADJUSTED" time="0.00199999999995271"/>
    <testcase classname="ds.skewness_smk_method_1_split" name="simple_skewness_method_1_split_on_PM_BMI_CONTINUOUS" time="1.24000000000024"/>
    <testcase classname="ds.skewness_smk_method_1_split" name="simple_skewness_method_1_split_on_PM_BMI_CONTINUOUS" time="0.00299999999970169"/>
    <testcase classname="ds.skewness_smk_method_1_split" name="simple_skewness_method_1_split_on_PM_BMI_CONTINUOUS" time="0.00300000000015643"/>
    <testcase classname="ds.skewness_smk_method_1_split" name="simple_skewness_method_1_split_on_PM_BMI_CONTINUOUS" time="0.00199999999995271"/>
    <testcase classname="ds.skewness_smk_method_1_split" name="simple_skewness_method_1_split_on_PM_BMI_CONTINUOUS" time="0.00300000000015643"/>
    <testcase classname="ds.skewness_smk_method_1_split" name="simple_skewness_method_1_split_on_PM_BMI_CONTINUOUS" time="0.00199999999995271"/>
    <testcase classname="ds.skewness_smk_method_1_split" name="simple_skewness_method_1_split_on_PM_BMI_CONTINUOUS" time="0.00199999999995271"/>
    <testcase classname="ds.skewness_smk_method_1_split" name="simple_skewness_method_1_split_on_PM_BMI_CONTINUOUS" time="0.00199999999995271"/>
    <testcase classname="ds.skewness_smk_method_1_split" name="simple_skewness_method_1_split_on_PM_BMI_CONTINUOUS" time="0.00199999999995271"/>
    <testcase classname="ds.skewness_smk_method_1_split" name="simple_skewness_method_1_split_on_PM_BMI_CONTINUOUS" time="0.00300000000015643"/>
    <testcase classname="ds.skewness_smk_method_1_split" name="simple_skewness_method_1_split_on_PM_BMI_CONTINUOUS" time="0.00199999999995271"/>
    <testcase classname="ds.skewness_smk_method_1_split" name="simple_skewness_method_1_split_on_PM_BMI_CONTINUOUS" time="0.00299999999970169"/>
    <testcase classname="ds.skewness_smk_method_1_split" name="simple_skewness_method_1_split_on_PM_BMI_CONTINUOUS" time="0.00200000000040745"/>
    <testcase classname="ds.skewness_smk_method_1_split" name="simple_skewness_method_1_split_on_PM_BMI_CONTINUOUS" time="0.00299999999970169"/>
  </testsuite>
  <testsuite errors="0" failures="0" hostname="fv-az14" name="ds.skewness::smk::method 1::combine" skipped="0" tests="40" time="7.483" timestamp="2020-09-17T10:25:58Z">
    <testcase classname="ds.skewness_smk_method_1_combine" name="simple_skewness_combine_on_LAB_TSC" time="1.49900000000025"/>
    <testcase classname="ds.skewness_smk_method_1_combine" name="simple_skewness_combine_on_LAB_TSC" time="0.000999999999748979"/>
    <testcase classname="ds.skewness_smk_method_1_combine" name="simple_skewness_combine_on_LAB_TSC" time="0.00100000000020373"/>
    <testcase classname="ds.skewness_smk_method_1_combine" name="simple_skewness_combine_on_LAB_TSC" time="0.00199999999995271"/>
    <testcase classname="ds.skewness_smk_method_1_combine" name="simple_skewness_combine_on_LAB_TSC" time="0.000999999999748979"/>
    <testcase classname="ds.skewness_smk_method_1_combine" name="simple_skewness_combine_on_LAB_TSC" time="0.00199999999995271"/>
    <testcase classname="ds.skewness_smk_method_1_combine" name="simple_skewness_combine_on_LAB_TSC" time="0.00100000000020373"/>
    <testcase classname="ds.skewness_smk_method_1_combine" name="simple_skewness_combine_on_LAB_TSC" time="0.00100000000020373"/>
    <testcase classname="ds.skewness_smk_method_1_combine" name="simple_skewness_method_1_combine_on_LAB_TRIG" time="1.49499999999989"/>
    <testcase classname="ds.skewness_smk_method_1_combine" name="simple_skewness_method_1_combine_on_LAB_TRIG" time="0.00199999999995271"/>
    <testcase classname="ds.skewness_smk_method_1_combine" name="simple_skewness_method_1_combine_on_LAB_TRIG" time="0.000999999999748979"/>
    <testcase classname="ds.skewness_smk_method_1_combine" name="simple_skewness_method_1_combine_on_LAB_TRIG" time="0.00200000000040745"/>
    <testcase classname="ds.skewness_smk_method_1_combine" name="simple_skewness_method_1_combine_on_LAB_TRIG" time="0.000999999999748979"/>
    <testcase classname="ds.skewness_smk_method_1_combine" name="simple_skewness_method_1_combine_on_LAB_TRIG" time="0.00199999999995271"/>
    <testcase classname="ds.skewness_smk_method_1_combine" name="simple_skewness_method_1_combine_on_LAB_TRIG" time="0.00100000000020373"/>
    <testcase classname="ds.skewness_smk_method_1_combine" name="simple_skewness_method_1_combine_on_LAB_TRIG" time="0.00100000000020373"/>
    <testcase classname="ds.skewness_smk_method_1_combine" name="simple_skewness_method_1_combine_on_LAB_HDL" time="1.47499999999991"/>
    <testcase classname="ds.skewness_smk_method_1_combine" name="simple_skewness_method_1_combine_on_LAB_HDL" time="0.00100000000020373"/>
    <testcase classname="ds.skewness_smk_method_1_combine" name="simple_skewness_method_1_combine_on_LAB_HDL" time="0.00199999999995271"/>
    <testcase classname="ds.skewness_smk_method_1_combine" name="simple_skewness_method_1_combine_on_LAB_HDL" time="0.00199999999995271"/>
    <testcase classname="ds.skewness_smk_method_1_combine" name="simple_skewness_method_1_combine_on_LAB_HDL" time="0.000999999999748979"/>
    <testcase classname="ds.skewness_smk_method_1_combine" name="simple_skewness_method_1_combine_on_LAB_HDL" time="0.00200000000040745"/>
    <testcase classname="ds.skewness_smk_method_1_combine" name="simple_skewness_method_1_combine_on_LAB_HDL" time="0.000999999999748979"/>
    <testcase classname="ds.skewness_smk_method_1_combine" name="simple_skewness_method_1_combine_on_LAB_HDL" time="0.00199999999995271"/>
    <testcase classname="ds.skewness_smk_method_1_combine" name="simple_skewness_method_1_combine_on_LAB_GLUC_ADJUSTED" time="1.47200000000021"/>
    <testcase classname="ds.skewness_smk_method_1_combine" name="simple_skewness_method_1_combine_on_LAB_GLUC_ADJUSTED" time="0.00199999999995271"/>
    <testcase classname="ds.skewness_smk_method_1_combine" name="simple_skewness_method_1_combine_on_LAB_GLUC_ADJUSTED" time="0.000999999999748979"/>
    <testcase classname="ds.skewness_smk_method_1_combine" name="simple_skewness_method_1_combine_on_LAB_GLUC_ADJUSTED" time="0.00199999999995271"/>
    <testcase classname="ds.skewness_smk_method_1_combine" name="simple_skewness_method_1_combine_on_LAB_GLUC_ADJUSTED" time="0.00200000000040745"/>
    <testcase classname="ds.skewness_smk_method_1_combine" name="simple_skewness_method_1_combine_on_LAB_GLUC_ADJUSTED" time="0.00900000000001455"/>
    <testcase classname="ds.skewness_smk_method_1_combine" name="simple_skewness_method_1_combine_on_LAB_GLUC_ADJUSTED" time="0.00199999999995271"/>
    <testcase classname="ds.skewness_smk_method_1_combine" name="simple_skewness_method_1_combine_on_LAB_GLUC_ADJUSTED" time="0.00199999999995271"/>
    <testcase classname="ds.skewness_smk_method_1_combine" name="simple_skewness_method_1_combine_on_PM_BMI_CONTINUOUS" time="1.47699999999986"/>
    <testcase classname="ds.skewness_smk_method_1_combine" name="simple_skewness_method_1_combine_on_PM_BMI_CONTINUOUS" time="0.00199999999995271"/>
    <testcase classname="ds.skewness_smk_method_1_combine" name="simple_skewness_method_1_combine_on_PM_BMI_CONTINUOUS" time="0.00199999999995271"/>
    <testcase classname="ds.skewness_smk_method_1_combine" name="simple_skewness_method_1_combine_on_PM_BMI_CONTINUOUS" time="0.00199999999995271"/>
    <testcase classname="ds.skewness_smk_method_1_combine" name="simple_skewness_method_1_combine_on_PM_BMI_CONTINUOUS" time="0.00300000000015643"/>
    <testcase classname="ds.skewness_smk_method_1_combine" name="simple_skewness_method_1_combine_on_PM_BMI_CONTINUOUS" time="0.00199999999995271"/>
    <testcase classname="ds.skewness_smk_method_1_combine" name="simple_skewness_method_1_combine_on_PM_BMI_CONTINUOUS" time="0.00199999999995271"/>
    <testcase classname="ds.skewness_smk_method_1_combine" name="simple_skewness_method_1_combine_on_PM_BMI_CONTINUOUS" time="0.00199999999995271"/>
  </testsuite>
  <testsuite errors="0" failures="0" hostname="fv-az14" name="ds.skewness::smk::method 1::both" skipped="0" tests="110" time="8.97" timestamp="2020-09-17T10:26:05Z">
    <testcase classname="ds.skewness_smk_method_1_both" name="simple_skewness_both_on_LAB_TSC" time="1.76500000000033"/>
    <testcase classname="ds.skewness_smk_method_1_both" name="simple_skewness_both_on_LAB_TSC" time="0.000999999999748979"/>
    <testcase classname="ds.skewness_smk_method_1_both" name="simple_skewness_both_on_LAB_TSC" time="0.00100000000020373"/>
    <testcase classname="ds.skewness_smk_method_1_both" name="simple_skewness_both_on_LAB_TSC" time="0.00199999999995271"/>
    <testcase classname="ds.skewness_smk_method_1_both" name="simple_skewness_both_on_LAB_TSC" time="0.000999999999748979"/>
    <testcase classname="ds.skewness_smk_method_1_both" name="simple_skewness_both_on_LAB_TSC" time="0.00100000000020373"/>
    <testcase classname="ds.skewness_smk_method_1_both" name="simple_skewness_both_on_LAB_TSC" time="0.000999999999748979"/>
    <testcase classname="ds.skewness_smk_method_1_both" name="simple_skewness_both_on_LAB_TSC" time="0.00200000000040745"/>
    <testcase classname="ds.skewness_smk_method_1_both" name="simple_skewness_both_on_LAB_TSC" time="0.000999999999748979"/>
    <testcase classname="ds.skewness_smk_method_1_both" name="simple_skewness_both_on_LAB_TSC" time="0.00199999999995271"/>
    <testcase classname="ds.skewness_smk_method_1_both" name="simple_skewness_both_on_LAB_TSC" time="0.00100000000020373"/>
    <testcase classname="ds.skewness_smk_method_1_both" name="simple_skewness_both_on_LAB_TSC" time="0.000999999999748979"/>
    <testcase classname="ds.skewness_smk_method_1_both" name="simple_skewness_both_on_LAB_TSC" time="0.00199999999995271"/>
    <testcase classname="ds.skewness_smk_method_1_both" name="simple_skewness_both_on_LAB_TSC" time="0.00100000000020373"/>
    <testcase classname="ds.skewness_smk_method_1_both" name="simple_skewness_both_on_LAB_TSC" time="0.00100000000020373"/>
    <testcase classname="ds.skewness_smk_method_1_both" name="simple_skewness_both_on_LAB_TSC" time="0.00199999999995271"/>
    <testcase classname="ds.skewness_smk_method_1_both" name="simple_skewness_both_on_LAB_TSC" time="0.000999999999748979"/>
    <testcase classname="ds.skewness_smk_method_1_both" name="simple_skewness_both_on_LAB_TSC" time="0.00100000000020373"/>
    <testcase classname="ds.skewness_smk_method_1_both" name="simple_skewness_both_on_LAB_TSC" time="0.00199999999995271"/>
    <testcase classname="ds.skewness_smk_method_1_both" name="simple_skewness_both_on_LAB_TSC" time="0.00100000000020373"/>
    <testcase classname="ds.skewness_smk_method_1_both" name="simple_skewness_both_on_LAB_TSC" time="0.00199999999995271"/>
    <testcase classname="ds.skewness_smk_method_1_both" name="simple_skewness_both_on_LAB_TSC" time="0.00100000000020373"/>
    <testcase classname="ds.skewness_smk_method_1_both" name="simple_skewness_method_1_both_on_LAB_TRIG" time="1.73999999999978"/>
    <testcase classname="ds.skewness_smk_method_1_both" name="simple_skewness_method_1_both_on_LAB_TRIG" time="0.00199999999995271"/>
    <testcase classname="ds.skewness_smk_method_1_both" name="simple_skewness_method_1_both_on_LAB_TRIG" time="0.00100000000020373"/>
    <testcase classname="ds.skewness_smk_method_1_both" name="simple_skewness_method_1_both_on_LAB_TRIG" time="0.00199999999995271"/>
    <testcase classname="ds.skewness_smk_method_1_both" name="simple_skewness_method_1_both_on_LAB_TRIG" time="0.00199999999995271"/>
    <testcase classname="ds.skewness_smk_method_1_both" name="simple_skewness_method_1_both_on_LAB_TRIG" time="0.00199999999995271"/>
    <testcase classname="ds.skewness_smk_method_1_both" name="simple_skewness_method_1_both_on_LAB_TRIG" time="0.00199999999995271"/>
    <testcase classname="ds.skewness_smk_method_1_both" name="simple_skewness_method_1_both_on_LAB_TRIG" time="0.00100000000020373"/>
    <testcase classname="ds.skewness_smk_method_1_both" name="simple_skewness_method_1_both_on_LAB_TRIG" time="0.00199999999995271"/>
    <testcase classname="ds.skewness_smk_method_1_both" name="simple_skewness_method_1_both_on_LAB_TRIG" time="0.000999999999748979"/>
    <testcase classname="ds.skewness_smk_method_1_both" name="simple_skewness_method_1_both_on_LAB_TRIG" time="0.00200000000040745"/>
    <testcase classname="ds.skewness_smk_method_1_both" name="simple_skewness_method_1_both_on_LAB_TRIG" time="0.00199999999995271"/>
    <testcase classname="ds.skewness_smk_method_1_both" name="simple_skewness_method_1_both_on_LAB_TRIG" time="0.00199999999995271"/>
    <testcase classname="ds.skewness_smk_method_1_both" name="simple_skewness_method_1_both_on_LAB_TRIG" time="0.000999999999748979"/>
    <testcase classname="ds.skewness_smk_method_1_both" name="simple_skewness_method_1_both_on_LAB_TRIG" time="0.00199999999995271"/>
    <testcase classname="ds.skewness_smk_method_1_both" name="simple_skewness_method_1_both_on_LAB_TRIG" time="0.00199999999995271"/>
    <testcase classname="ds.skewness_smk_method_1_both" name="simple_skewness_method_1_both_on_LAB_TRIG" time="0.00200000000040745"/>
    <testcase classname="ds.skewness_smk_method_1_both" name="simple_skewness_method_1_both_on_LAB_TRIG" time="0.000999999999748979"/>
    <testcase classname="ds.skewness_smk_method_1_both" name="simple_skewness_method_1_both_on_LAB_TRIG" time="0.00199999999995271"/>
    <testcase classname="ds.skewness_smk_method_1_both" name="simple_skewness_method_1_both_on_LAB_TRIG" time="0.00100000000020373"/>
    <testcase classname="ds.skewness_smk_method_1_both" name="simple_skewness_method_1_both_on_LAB_TRIG" time="0.00199999999995271"/>
    <testcase classname="ds.skewness_smk_method_1_both" name="simple_skewness_method_1_both_on_LAB_TRIG" time="0.00199999999995271"/>
    <testcase classname="ds.skewness_smk_method_1_both" name="simple_skewness_method_1_both_on_LAB_HDL" time="1.75599999999986"/>
    <testcase classname="ds.skewness_smk_method_1_both" name="simple_skewness_method_1_both_on_LAB_HDL" time="0.00199999999995271"/>
    <testcase classname="ds.skewness_smk_method_1_both" name="simple_skewness_method_1_both_on_LAB_HDL" time="0.00200000000040745"/>
    <testcase classname="ds.skewness_smk_method_1_both" name="simple_skewness_method_1_both_on_LAB_HDL" time="0.00199999999995271"/>
    <testcase classname="ds.skewness_smk_method_1_both" name="simple_skewness_method_1_both_on_LAB_HDL" time="0.00199999999995271"/>
    <testcase classname="ds.skewness_smk_method_1_both" name="simple_skewness_method_1_both_on_LAB_HDL" time="0.00299999999970169"/>
    <testcase classname="ds.skewness_smk_method_1_both" name="simple_skewness_method_1_both_on_LAB_HDL" time="0.00199999999995271"/>
    <testcase classname="ds.skewness_smk_method_1_both" name="simple_skewness_method_1_both_on_LAB_HDL" time="0.00200000000040745"/>
    <testcase classname="ds.skewness_smk_method_1_both" name="simple_skewness_method_1_both_on_LAB_HDL" time="0.00199999999995271"/>
    <testcase classname="ds.skewness_smk_method_1_both" name="simple_skewness_method_1_both_on_LAB_HDL" time="0.00199999999995271"/>
    <testcase classname="ds.skewness_smk_method_1_both" name="simple_skewness_method_1_both_on_LAB_HDL" time="0.000999999999748979"/>
    <testcase classname="ds.skewness_smk_method_1_both" name="simple_skewness_method_1_both_on_LAB_HDL" time="0.00199999999995271"/>
    <testcase classname="ds.skewness_smk_method_1_both" name="simple_skewness_method_1_both_on_LAB_HDL" time="0.00300000000015643"/>
    <testcase classname="ds.skewness_smk_method_1_both" name="simple_skewness_method_1_both_on_LAB_HDL" time="0.00199999999995271"/>
    <testcase classname="ds.skewness_smk_method_1_both" name="simple_skewness_method_1_both_on_LAB_HDL" time="0.00199999999995271"/>
    <testcase classname="ds.skewness_smk_method_1_both" name="simple_skewness_method_1_both_on_LAB_HDL" time="0.00199999999995271"/>
    <testcase classname="ds.skewness_smk_method_1_both" name="simple_skewness_method_1_both_on_LAB_HDL" time="0.00200000000040745"/>
    <testcase classname="ds.skewness_smk_method_1_both" name="simple_skewness_method_1_both_on_LAB_HDL" time="0.00299999999970169"/>
    <testcase classname="ds.skewness_smk_method_1_both" name="simple_skewness_method_1_both_on_LAB_HDL" time="0.00199999999995271"/>
    <testcase classname="ds.skewness_smk_method_1_both" name="simple_skewness_method_1_both_on_LAB_HDL" time="0.00199999999995271"/>
    <testcase classname="ds.skewness_smk_method_1_both" name="simple_skewness_method_1_both_on_LAB_HDL" time="0.00199999999995271"/>
    <testcase classname="ds.skewness_smk_method_1_both" name="simple_skewness_method_1_both_on_LAB_HDL" time="0.00200000000040745"/>
    <testcase classname="ds.skewness_smk_method_1_both" name="simple_skewness_method_1_both_on_LAB_GLUC_ADJUSTED" time="1.74299999999994"/>
    <testcase classname="ds.skewness_smk_method_1_both" name="simple_skewness_method_1_both_on_LAB_GLUC_ADJUSTED" time="0.00299999999970169"/>
    <testcase classname="ds.skewness_smk_method_1_both" name="simple_skewness_method_1_both_on_LAB_GLUC_ADJUSTED" time="0.00199999999995271"/>
    <testcase classname="ds.skewness_smk_method_1_both" name="simple_skewness_method_1_both_on_LAB_GLUC_ADJUSTED" time="0.00200000000040745"/>
    <testcase classname="ds.skewness_smk_method_1_both" name="simple_skewness_method_1_both_on_LAB_GLUC_ADJUSTED" time="0.00199999999995271"/>
    <testcase classname="ds.skewness_smk_method_1_both" name="simple_skewness_method_1_both_on_LAB_GLUC_ADJUSTED" time="0.00299999999970169"/>
    <testcase classname="ds.skewness_smk_method_1_both" name="simple_skewness_method_1_both_on_LAB_GLUC_ADJUSTED" time="0.00199999999995271"/>
    <testcase classname="ds.skewness_smk_method_1_both" name="simple_skewness_method_1_both_on_LAB_GLUC_ADJUSTED" time="0.0100000000002183"/>
    <testcase classname="ds.skewness_smk_method_1_both" name="simple_skewness_method_1_both_on_LAB_GLUC_ADJUSTED" time="0.00300000000015643"/>
    <testcase classname="ds.skewness_smk_method_1_both" name="simple_skewness_method_1_both_on_LAB_GLUC_ADJUSTED" time="0.00199999999995271"/>
    <testcase classname="ds.skewness_smk_method_1_both" name="simple_skewness_method_1_both_on_LAB_GLUC_ADJUSTED" time="0.00299999999970169"/>
    <testcase classname="ds.skewness_smk_method_1_both" name="simple_skewness_method_1_both_on_LAB_GLUC_ADJUSTED" time="0.00199999999995271"/>
    <testcase classname="ds.skewness_smk_method_1_both" name="simple_skewness_method_1_both_on_LAB_GLUC_ADJUSTED" time="0.00300000000015643"/>
    <testcase classname="ds.skewness_smk_method_1_both" name="simple_skewness_method_1_both_on_LAB_GLUC_ADJUSTED" time="0.00300000000015643"/>
    <testcase classname="ds.skewness_smk_method_1_both" name="simple_skewness_method_1_both_on_LAB_GLUC_ADJUSTED" time="0.00199999999995271"/>
    <testcase classname="ds.skewness_smk_method_1_both" name="simple_skewness_method_1_both_on_LAB_GLUC_ADJUSTED" time="0.00300000000015643"/>
    <testcase classname="ds.skewness_smk_method_1_both" name="simple_skewness_method_1_both_on_LAB_GLUC_ADJUSTED" time="0.00199999999995271"/>
    <testcase classname="ds.skewness_smk_method_1_both" name="simple_skewness_method_1_both_on_LAB_GLUC_ADJUSTED" time="0.00199999999995271"/>
    <testcase classname="ds.skewness_smk_method_1_both" name="simple_skewness_method_1_both_on_LAB_GLUC_ADJUSTED" time="0.00299999999970169"/>
    <testcase classname="ds.skewness_smk_method_1_both" name="simple_skewness_method_1_both_on_LAB_GLUC_ADJUSTED" time="0.00300000000015643"/>
    <testcase classname="ds.skewness_smk_method_1_both" name="simple_skewness_method_1_both_on_LAB_GLUC_ADJUSTED" time="0.00199999999995271"/>
    <testcase classname="ds.skewness_smk_method_1_both" name="simple_skewness_method_1_both_on_LAB_GLUC_ADJUSTED" time="0.00199999999995271"/>
    <testcase classname="ds.skewness_smk_method_1_both" name="simple_skewness_method_1_both_on_PM_BMI_CONTINUOUS" time="1.74099999999999"/>
    <testcase classname="ds.skewness_smk_method_1_both" name="simple_skewness_method_1_both_on_PM_BMI_CONTINUOUS" time="0.00300000000015643"/>
    <testcase classname="ds.skewness_smk_method_1_both" name="simple_skewness_method_1_both_on_PM_BMI_CONTINUOUS" time="0.00199999999995271"/>
    <testcase classname="ds.skewness_smk_method_1_both" name="simple_skewness_method_1_both_on_PM_BMI_CONTINUOUS" time="0.00300000000015643"/>
    <testcase classname="ds.skewness_smk_method_1_both" name="simple_skewness_method_1_both_on_PM_BMI_CONTINUOUS" time="0.00199999999995271"/>
    <testcase classname="ds.skewness_smk_method_1_both" name="simple_skewness_method_1_both_on_PM_BMI_CONTINUOUS" time="0.00199999999995271"/>
    <testcase classname="ds.skewness_smk_method_1_both" name="simple_skewness_method_1_both_on_PM_BMI_CONTINUOUS" time="0.00300000000015643"/>
    <testcase classname="ds.skewness_smk_method_1_both" name="simple_skewness_method_1_both_on_PM_BMI_CONTINUOUS" time="0.00299999999970169"/>
    <testcase classname="ds.skewness_smk_method_1_both" name="simple_skewness_method_1_both_on_PM_BMI_CONTINUOUS" time="0.00199999999995271"/>
    <testcase classname="ds.skewness_smk_method_1_both" name="simple_skewness_method_1_both_on_PM_BMI_CONTINUOUS" time="0.00300000000015643"/>
    <testcase classname="ds.skewness_smk_method_1_both" name="simple_skewness_method_1_both_on_PM_BMI_CONTINUOUS" time="0.00199999999995271"/>
    <testcase classname="ds.skewness_smk_method_1_both" name="simple_skewness_method_1_both_on_PM_BMI_CONTINUOUS" time="0.00300000000015643"/>
    <testcase classname="ds.skewness_smk_method_1_both" name="simple_skewness_method_1_both_on_PM_BMI_CONTINUOUS" time="0.00199999999995271"/>
    <testcase classname="ds.skewness_smk_method_1_both" name="simple_skewness_method_1_both_on_PM_BMI_CONTINUOUS" time="0.00300000000015643"/>
    <testcase classname="ds.skewness_smk_method_1_both" name="simple_skewness_method_1_both_on_PM_BMI_CONTINUOUS" time="0.00299999999970169"/>
    <testcase classname="ds.skewness_smk_method_1_both" name="simple_skewness_method_1_both_on_PM_BMI_CONTINUOUS" time="0.00300000000015643"/>
    <testcase classname="ds.skewness_smk_method_1_both" name="simple_skewness_method_1_both_on_PM_BMI_CONTINUOUS" time="0.00300000000015643"/>
    <testcase classname="ds.skewness_smk_method_1_both" name="simple_skewness_method_1_both_on_PM_BMI_CONTINUOUS" time="0.00299999999970169"/>
    <testcase classname="ds.skewness_smk_method_1_both" name="simple_skewness_method_1_both_on_PM_BMI_CONTINUOUS" time="0.00300000000015643"/>
    <testcase classname="ds.skewness_smk_method_1_both" name="simple_skewness_method_1_both_on_PM_BMI_CONTINUOUS" time="0.00399999999990541"/>
    <testcase classname="ds.skewness_smk_method_1_both" name="simple_skewness_method_1_both_on_PM_BMI_CONTINUOUS" time="0.00300000000015643"/>
    <testcase classname="ds.skewness_smk_method_1_both" name="simple_skewness_method_1_both_on_PM_BMI_CONTINUOUS" time="0.00299999999970169"/>
  </testsuite>
  <testsuite errors="0" failures="0" hostname="fv-az14" name="ds.skewness::smk::method 2::split" skipped="0" tests="70" time="6.294" timestamp="2020-09-17T10:26:14Z">
    <testcase classname="ds.skewness_smk_method_2_split" name="simple_skewness_method_2_split_on_LAB_TSC" time="1.29700000000003"/>
    <testcase classname="ds.skewness_smk_method_2_split" name="simple_skewness_method_2_split_on_LAB_TSC" time="0.00199999999995271"/>
    <testcase classname="ds.skewness_smk_method_2_split" name="simple_skewness_method_2_split_on_LAB_TSC" time="0.00100000000020373"/>
    <testcase classname="ds.skewness_smk_method_2_split" name="simple_skewness_method_2_split_on_LAB_TSC" time="0.000999999999748979"/>
    <testcase classname="ds.skewness_smk_method_2_split" name="simple_skewness_method_2_split_on_LAB_TSC" time="0.00100000000020373"/>
    <testcase classname="ds.skewness_smk_method_2_split" name="simple_skewness_method_2_split_on_LAB_TSC" time="0.00199999999995271"/>
    <testcase classname="ds.skewness_smk_method_2_split" name="simple_skewness_method_2_split_on_LAB_TSC" time="0.00100000000020373"/>
    <testcase classname="ds.skewness_smk_method_2_split" name="simple_skewness_method_2_split_on_LAB_TSC" time="0.000999999999748979"/>
    <testcase classname="ds.skewness_smk_method_2_split" name="simple_skewness_method_2_split_on_LAB_TSC" time="0.00100000000020373"/>
    <testcase classname="ds.skewness_smk_method_2_split" name="simple_skewness_method_2_split_on_LAB_TSC" time="0.00199999999995271"/>
    <testcase classname="ds.skewness_smk_method_2_split" name="simple_skewness_method_2_split_on_LAB_TSC" time="0.000999999999748979"/>
    <testcase classname="ds.skewness_smk_method_2_split" name="simple_skewness_method_2_split_on_LAB_TSC" time="0.00200000000040745"/>
    <testcase classname="ds.skewness_smk_method_2_split" name="simple_skewness_method_2_split_on_LAB_TSC" time="0.000999999999748979"/>
    <testcase classname="ds.skewness_smk_method_2_split" name="simple_skewness_method_2_split_on_LAB_TSC" time="0.00100000000020373"/>
    <testcase classname="ds.skewness_smk_method_2_split" name="simple_skewness_method_2_split_on_LAB_TRIG" time="1.24099999999999"/>
    <testcase classname="ds.skewness_smk_method_2_split" name="simple_skewness_method_2_split_on_LAB_TRIG" time="0.000999999999748979"/>
    <testcase classname="ds.skewness_smk_method_2_split" name="simple_skewness_method_2_split_on_LAB_TRIG" time="0.00199999999995271"/>
    <testcase classname="ds.skewness_smk_method_2_split" name="simple_skewness_method_2_split_on_LAB_TRIG" time="0.00100000000020373"/>
    <testcase classname="ds.skewness_smk_method_2_split" name="simple_skewness_method_2_split_on_LAB_TRIG" time="0.000999999999748979"/>
    <testcase classname="ds.skewness_smk_method_2_split" name="simple_skewness_method_2_split_on_LAB_TRIG" time="0.00200000000040745"/>
    <testcase classname="ds.skewness_smk_method_2_split" name="simple_skewness_method_2_split_on_LAB_TRIG" time="0.000999999999748979"/>
    <testcase classname="ds.skewness_smk_method_2_split" name="simple_skewness_method_2_split_on_LAB_TRIG" time="0.00199999999995271"/>
    <testcase classname="ds.skewness_smk_method_2_split" name="simple_skewness_method_2_split_on_LAB_TRIG" time="0.00100000000020373"/>
    <testcase classname="ds.skewness_smk_method_2_split" name="simple_skewness_method_2_split_on_LAB_TRIG" time="0.00199999999995271"/>
    <testcase classname="ds.skewness_smk_method_2_split" name="simple_skewness_method_2_split_on_LAB_TRIG" time="0.000999999999748979"/>
    <testcase classname="ds.skewness_smk_method_2_split" name="simple_skewness_method_2_split_on_LAB_TRIG" time="0.00200000000040745"/>
    <testcase classname="ds.skewness_smk_method_2_split" name="simple_skewness_method_2_split_on_LAB_TRIG" time="0.00199999999995271"/>
    <testcase classname="ds.skewness_smk_method_2_split" name="simple_skewness_method_2_split_on_LAB_TRIG" time="0.000999999999748979"/>
    <testcase classname="ds.skewness_smk_method_2_split" name="simple_skewness_method_2_split_on_LAB_HDL" time="1.2180000000003"/>
    <testcase classname="ds.skewness_smk_method_2_split" name="simple_skewness_method_2_split_on_LAB_HDL" time="0.000999999999748979"/>
    <testcase classname="ds.skewness_smk_method_2_split" name="simple_skewness_method_2_split_on_LAB_HDL" time="0.00199999999995271"/>
    <testcase classname="ds.skewness_smk_method_2_split" name="simple_skewness_method_2_split_on_LAB_HDL" time="0.00199999999995271"/>
    <testcase classname="ds.skewness_smk_method_2_split" name="simple_skewness_method_2_split_on_LAB_HDL" time="0.00199999999995271"/>
    <testcase classname="ds.skewness_smk_method_2_split" name="simple_skewness_method_2_split_on_LAB_HDL" time="0.00100000000020373"/>
    <testcase classname="ds.skewness_smk_method_2_split" name="simple_skewness_method_2_split_on_LAB_HDL" time="0.00199999999995271"/>
    <testcase classname="ds.skewness_smk_method_2_split" name="simple_skewness_method_2_split_on_LAB_HDL" time="0.00199999999995271"/>
    <testcase classname="ds.skewness_smk_method_2_split" name="simple_skewness_method_2_split_on_LAB_HDL" time="0.00800000000026557"/>
    <testcase classname="ds.skewness_smk_method_2_split" name="simple_skewness_method_2_split_on_LAB_HDL" time="0.00100000000020373"/>
    <testcase classname="ds.skewness_smk_method_2_split" name="simple_skewness_method_2_split_on_LAB_HDL" time="0.00199999999995271"/>
    <testcase classname="ds.skewness_smk_method_2_split" name="simple_skewness_method_2_split_on_LAB_HDL" time="0.00199999999995271"/>
    <testcase classname="ds.skewness_smk_method_2_split" name="simple_skewness_method_2_split_on_LAB_HDL" time="0.000999999999748979"/>
    <testcase classname="ds.skewness_smk_method_2_split" name="simple_skewness_method_2_split_on_LAB_HDL" time="0.00200000000040745"/>
    <testcase classname="ds.skewness_smk_method_2_split" name="simple_skewness_method_2_split_on_LAB_GLUC_ADJUSTED" time="1.21199999999999"/>
    <testcase classname="ds.skewness_smk_method_2_split" name="simple_skewness_method_2_split_on_LAB_GLUC_ADJUSTED" time="0.00199999999995271"/>
    <testcase classname="ds.skewness_smk_method_2_split" name="simple_skewness_method_2_split_on_LAB_GLUC_ADJUSTED" time="0.00199999999995271"/>
    <testcase classname="ds.skewness_smk_method_2_split" name="simple_skewness_method_2_split_on_LAB_GLUC_ADJUSTED" time="0.00199999999995271"/>
    <testcase classname="ds.skewness_smk_method_2_split" name="simple_skewness_method_2_split_on_LAB_GLUC_ADJUSTED" time="0.00200000000040745"/>
    <testcase classname="ds.skewness_smk_method_2_split" name="simple_skewness_method_2_split_on_LAB_GLUC_ADJUSTED" time="0.00199999999995271"/>
    <testcase classname="ds.skewness_smk_method_2_split" name="simple_skewness_method_2_split_on_LAB_GLUC_ADJUSTED" time="0.000999999999748979"/>
    <testcase classname="ds.skewness_smk_method_2_split" name="simple_skewness_method_2_split_on_LAB_GLUC_ADJUSTED" time="0.00199999999995271"/>
    <testcase classname="ds.skewness_smk_method_2_split" name="simple_skewness_method_2_split_on_LAB_GLUC_ADJUSTED" time="0.00199999999995271"/>
    <testcase classname="ds.skewness_smk_method_2_split" name="simple_skewness_method_2_split_on_LAB_GLUC_ADJUSTED" time="0.00300000000015643"/>
    <testcase classname="ds.skewness_smk_method_2_split" name="simple_skewness_method_2_split_on_LAB_GLUC_ADJUSTED" time="0.00100000000020373"/>
    <testcase classname="ds.skewness_smk_method_2_split" name="simple_skewness_method_2_split_on_LAB_GLUC_ADJUSTED" time="0.00199999999995271"/>
    <testcase classname="ds.skewness_smk_method_2_split" name="simple_skewness_method_2_split_on_LAB_GLUC_ADJUSTED" time="0.00199999999995271"/>
    <testcase classname="ds.skewness_smk_method_2_split" name="simple_skewness_method_2_split_on_LAB_GLUC_ADJUSTED" time="0.00199999999995271"/>
    <testcase classname="ds.skewness_smk_method_2_split" name="simple_skewness_method_2_split_on_PM_BMI_CONTINUOUS" time="1.21000000000004"/>
    <testcase classname="ds.skewness_smk_method_2_split" name="simple_skewness_method_2_split_on_PM_BMI_CONTINUOUS" time="0.00199999999995271"/>
    <testcase classname="ds.skewness_smk_method_2_split" name="simple_skewness_method_2_split_on_PM_BMI_CONTINUOUS" time="0.00199999999995271"/>
    <testcase classname="ds.skewness_smk_method_2_split" name="simple_skewness_method_2_split_on_PM_BMI_CONTINUOUS" time="0.00199999999995271"/>
    <testcase classname="ds.skewness_smk_method_2_split" name="simple_skewness_method_2_split_on_PM_BMI_CONTINUOUS" time="0.00199999999995271"/>
    <testcase classname="ds.skewness_smk_method_2_split" name="simple_skewness_method_2_split_on_PM_BMI_CONTINUOUS" time="0.00199999999995271"/>
    <testcase classname="ds.skewness_smk_method_2_split" name="simple_skewness_method_2_split_on_PM_BMI_CONTINUOUS" time="0.00199999999995271"/>
    <testcase classname="ds.skewness_smk_method_2_split" name="simple_skewness_method_2_split_on_PM_BMI_CONTINUOUS" time="0.00199999999995271"/>
    <testcase classname="ds.skewness_smk_method_2_split" name="simple_skewness_method_2_split_on_PM_BMI_CONTINUOUS" time="0.00300000000015643"/>
    <testcase classname="ds.skewness_smk_method_2_split" name="simple_skewness_method_2_split_on_PM_BMI_CONTINUOUS" time="0.00199999999995271"/>
    <testcase classname="ds.skewness_smk_method_2_split" name="simple_skewness_method_2_split_on_PM_BMI_CONTINUOUS" time="0.00199999999995271"/>
    <testcase classname="ds.skewness_smk_method_2_split" name="simple_skewness_method_2_split_on_PM_BMI_CONTINUOUS" time="0.00199999999995271"/>
    <testcase classname="ds.skewness_smk_method_2_split" name="simple_skewness_method_2_split_on_PM_BMI_CONTINUOUS" time="0.00199999999995271"/>
    <testcase classname="ds.skewness_smk_method_2_split" name="simple_skewness_method_2_split_on_PM_BMI_CONTINUOUS" time="0.00199999999995271"/>
  </testsuite>
  <testsuite errors="0" failures="0" hostname="fv-az14" name="ds.skewness::smk::method 2::combine" skipped="0" tests="40" time="7.508" timestamp="2020-09-17T10:26:20Z">
    <testcase classname="ds.skewness_smk_method_2_combine" name="simple_skewness_combine_on_LAB_TSC" time="1.5"/>
    <testcase classname="ds.skewness_smk_method_2_combine" name="simple_skewness_combine_on_LAB_TSC" time="0.00100000000020373"/>
    <testcase classname="ds.skewness_smk_method_2_combine" name="simple_skewness_combine_on_LAB_TSC" time="0.00199999999995271"/>
    <testcase classname="ds.skewness_smk_method_2_combine" name="simple_skewness_combine_on_LAB_TSC" time="0.000999999999748979"/>
    <testcase classname="ds.skewness_smk_method_2_combine" name="simple_skewness_combine_on_LAB_TSC" time="0.00100000000020373"/>
    <testcase classname="ds.skewness_smk_method_2_combine" name="simple_skewness_combine_on_LAB_TSC" time="0.00199999999995271"/>
    <testcase classname="ds.skewness_smk_method_2_combine" name="simple_skewness_combine_on_LAB_TSC" time="0.00100000000020373"/>
    <testcase classname="ds.skewness_smk_method_2_combine" name="simple_skewness_combine_on_LAB_TSC" time="0.000999999999748979"/>
    <testcase classname="ds.skewness_smk_method_2_combine" name="simple_skewness_method_2_combine_on_LAB_TRIG" time="1.48199999999997"/>
    <testcase classname="ds.skewness_smk_method_2_combine" name="simple_skewness_method_2_combine_on_LAB_TRIG" time="0.00100000000020373"/>
    <testcase classname="ds.skewness_smk_method_2_combine" name="simple_skewness_method_2_combine_on_LAB_TRIG" time="0.000999999999748979"/>
    <testcase classname="ds.skewness_smk_method_2_combine" name="simple_skewness_method_2_combine_on_LAB_TRIG" time="0.00200000000040745"/>
    <testcase classname="ds.skewness_smk_method_2_combine" name="simple_skewness_method_2_combine_on_LAB_TRIG" time="0.000999999999748979"/>
    <testcase classname="ds.skewness_smk_method_2_combine" name="simple_skewness_method_2_combine_on_LAB_TRIG" time="0.00100000000020373"/>
    <testcase classname="ds.skewness_smk_method_2_combine" name="simple_skewness_method_2_combine_on_LAB_TRIG" time="0.000999999999748979"/>
    <testcase classname="ds.skewness_smk_method_2_combine" name="simple_skewness_method_2_combine_on_LAB_TRIG" time="0.00199999999995271"/>
    <testcase classname="ds.skewness_smk_method_2_combine" name="simple_skewness_method_2_combine_on_LAB_HDL" time="1.5"/>
    <testcase classname="ds.skewness_smk_method_2_combine" name="simple_skewness_method_2_combine_on_LAB_HDL" time="0.00199999999995271"/>
    <testcase classname="ds.skewness_smk_method_2_combine" name="simple_skewness_method_2_combine_on_LAB_HDL" time="0.00100000000020373"/>
    <testcase classname="ds.skewness_smk_method_2_combine" name="simple_skewness_method_2_combine_on_LAB_HDL" time="0.00199999999995271"/>
    <testcase classname="ds.skewness_smk_method_2_combine" name="simple_skewness_method_2_combine_on_LAB_HDL" time="0.00199999999995271"/>
    <testcase classname="ds.skewness_smk_method_2_combine" name="simple_skewness_method_2_combine_on_LAB_HDL" time="0.00199999999995271"/>
    <testcase classname="ds.skewness_smk_method_2_combine" name="simple_skewness_method_2_combine_on_LAB_HDL" time="0.00199999999995271"/>
    <testcase classname="ds.skewness_smk_method_2_combine" name="simple_skewness_method_2_combine_on_LAB_HDL" time="0.00100000000020373"/>
    <testcase classname="ds.skewness_smk_method_2_combine" name="simple_skewness_method_2_combine_on_LAB_GLUC_ADJUSTED" time="1.47499999999991"/>
    <testcase classname="ds.skewness_smk_method_2_combine" name="simple_skewness_method_2_combine_on_LAB_GLUC_ADJUSTED" time="0.00100000000020373"/>
    <testcase classname="ds.skewness_smk_method_2_combine" name="simple_skewness_method_2_combine_on_LAB_GLUC_ADJUSTED" time="0.00199999999995271"/>
    <testcase classname="ds.skewness_smk_method_2_combine" name="simple_skewness_method_2_combine_on_LAB_GLUC_ADJUSTED" time="0.00199999999995271"/>
    <testcase classname="ds.skewness_smk_method_2_combine" name="simple_skewness_method_2_combine_on_LAB_GLUC_ADJUSTED" time="0.000999999999748979"/>
    <testcase classname="ds.skewness_smk_method_2_combine" name="simple_skewness_method_2_combine_on_LAB_GLUC_ADJUSTED" time="0.00200000000040745"/>
    <testcase classname="ds.skewness_smk_method_2_combine" name="simple_skewness_method_2_combine_on_LAB_GLUC_ADJUSTED" time="0.000999999999748979"/>
    <testcase classname="ds.skewness_smk_method_2_combine" name="simple_skewness_method_2_combine_on_LAB_GLUC_ADJUSTED" time="0.00199999999995271"/>
    <testcase classname="ds.skewness_smk_method_2_combine" name="simple_skewness_method_2_combine_on_PM_BMI_CONTINUOUS" time="1.48500000000013"/>
    <testcase classname="ds.skewness_smk_method_2_combine" name="simple_skewness_method_2_combine_on_PM_BMI_CONTINUOUS" time="0.0140000000001237"/>
    <testcase classname="ds.skewness_smk_method_2_combine" name="simple_skewness_method_2_combine_on_PM_BMI_CONTINUOUS" time="0.00199999999995271"/>
    <testcase classname="ds.skewness_smk_method_2_combine" name="simple_skewness_method_2_combine_on_PM_BMI_CONTINUOUS" time="0.000999999999748979"/>
    <testcase classname="ds.skewness_smk_method_2_combine" name="simple_skewness_method_2_combine_on_PM_BMI_CONTINUOUS" time="0.00199999999995271"/>
    <testcase classname="ds.skewness_smk_method_2_combine" name="simple_skewness_method_2_combine_on_PM_BMI_CONTINUOUS" time="0.00100000000020373"/>
    <testcase classname="ds.skewness_smk_method_2_combine" name="simple_skewness_method_2_combine_on_PM_BMI_CONTINUOUS" time="0.00199999999995271"/>
    <testcase classname="ds.skewness_smk_method_2_combine" name="simple_skewness_method_2_combine_on_PM_BMI_CONTINUOUS" time="0.00300000000015643"/>
  </testsuite>
  <testsuite errors="0" failures="0" hostname="fv-az14" name="ds.skewness::smk::method 2::both" skipped="0" tests="110" time="8.962" timestamp="2020-09-17T10:26:28Z">
    <testcase classname="ds.skewness_smk_method_2_both" name="simple_skewness_both_on_LAB_TSC" time="1.75599999999986"/>
    <testcase classname="ds.skewness_smk_method_2_both" name="simple_skewness_both_on_LAB_TSC" time="0.00100000000020373"/>
    <testcase classname="ds.skewness_smk_method_2_both" name="simple_skewness_both_on_LAB_TSC" time="0.000999999999748979"/>
    <testcase classname="ds.skewness_smk_method_2_both" name="simple_skewness_both_on_LAB_TSC" time="0.00199999999995271"/>
    <testcase classname="ds.skewness_smk_method_2_both" name="simple_skewness_both_on_LAB_TSC" time="0.00100000000020373"/>
    <testcase classname="ds.skewness_smk_method_2_both" name="simple_skewness_both_on_LAB_TSC" time="0.000999999999748979"/>
    <testcase classname="ds.skewness_smk_method_2_both" name="simple_skewness_both_on_LAB_TSC" time="0.00100000000020373"/>
    <testcase classname="ds.skewness_smk_method_2_both" name="simple_skewness_both_on_LAB_TSC" time="0.000999999999748979"/>
    <testcase classname="ds.skewness_smk_method_2_both" name="simple_skewness_both_on_LAB_TSC" time="0.00200000000040745"/>
    <testcase classname="ds.skewness_smk_method_2_both" name="simple_skewness_both_on_LAB_TSC" time="0.000999999999748979"/>
    <testcase classname="ds.skewness_smk_method_2_both" name="simple_skewness_both_on_LAB_TSC" time="0.00100000000020373"/>
    <testcase classname="ds.skewness_smk_method_2_both" name="simple_skewness_both_on_LAB_TSC" time="0.00199999999995271"/>
    <testcase classname="ds.skewness_smk_method_2_both" name="simple_skewness_both_on_LAB_TSC" time="0.000999999999748979"/>
    <testcase classname="ds.skewness_smk_method_2_both" name="simple_skewness_both_on_LAB_TSC" time="0.00100000000020373"/>
    <testcase classname="ds.skewness_smk_method_2_both" name="simple_skewness_both_on_LAB_TSC" time="0.00199999999995271"/>
    <testcase classname="ds.skewness_smk_method_2_both" name="simple_skewness_both_on_LAB_TSC" time="0.00100000000020373"/>
    <testcase classname="ds.skewness_smk_method_2_both" name="simple_skewness_both_on_LAB_TSC" time="0.000999999999748979"/>
    <testcase classname="ds.skewness_smk_method_2_both" name="simple_skewness_both_on_LAB_TSC" time="0.00199999999995271"/>
    <testcase classname="ds.skewness_smk_method_2_both" name="simple_skewness_both_on_LAB_TSC" time="0.00199999999995271"/>
    <testcase classname="ds.skewness_smk_method_2_both" name="simple_skewness_both_on_LAB_TSC" time="0.00100000000020373"/>
    <testcase classname="ds.skewness_smk_method_2_both" name="simple_skewness_both_on_LAB_TSC" time="0.00199999999995271"/>
    <testcase classname="ds.skewness_smk_method_2_both" name="simple_skewness_both_on_LAB_TSC" time="0.000999999999748979"/>
    <testcase classname="ds.skewness_smk_method_2_both" name="simple_skewness_method_2_both_on_LAB_TRIG" time="1.73300000000017"/>
    <testcase classname="ds.skewness_smk_method_2_both" name="simple_skewness_method_2_both_on_LAB_TRIG" time="0.00199999999995271"/>
    <testcase classname="ds.skewness_smk_method_2_both" name="simple_skewness_method_2_both_on_LAB_TRIG" time="0.00100000000020373"/>
    <testcase classname="ds.skewness_smk_method_2_both" name="simple_skewness_method_2_both_on_LAB_TRIG" time="0.00199999999995271"/>
    <testcase classname="ds.skewness_smk_method_2_both" name="simple_skewness_method_2_both_on_LAB_TRIG" time="0.000999999999748979"/>
    <testcase classname="ds.skewness_smk_method_2_both" name="simple_skewness_method_2_both_on_LAB_TRIG" time="0.00200000000040745"/>
    <testcase classname="ds.skewness_smk_method_2_both" name="simple_skewness_method_2_both_on_LAB_TRIG" time="0.00199999999995271"/>
    <testcase classname="ds.skewness_smk_method_2_both" name="simple_skewness_method_2_both_on_LAB_TRIG" time="0.000999999999748979"/>
    <testcase classname="ds.skewness_smk_method_2_both" name="simple_skewness_method_2_both_on_LAB_TRIG" time="0.00199999999995271"/>
    <testcase classname="ds.skewness_smk_method_2_both" name="simple_skewness_method_2_both_on_LAB_TRIG" time="0.00199999999995271"/>
    <testcase classname="ds.skewness_smk_method_2_both" name="simple_skewness_method_2_both_on_LAB_TRIG" time="0.00100000000020373"/>
    <testcase classname="ds.skewness_smk_method_2_both" name="simple_skewness_method_2_both_on_LAB_TRIG" time="0.00199999999995271"/>
    <testcase classname="ds.skewness_smk_method_2_both" name="simple_skewness_method_2_both_on_LAB_TRIG" time="0.00199999999995271"/>
    <testcase classname="ds.skewness_smk_method_2_both" name="simple_skewness_method_2_both_on_LAB_TRIG" time="0.00199999999995271"/>
    <testcase classname="ds.skewness_smk_method_2_both" name="simple_skewness_method_2_both_on_LAB_TRIG" time="0.00199999999995271"/>
    <testcase classname="ds.skewness_smk_method_2_both" name="simple_skewness_method_2_both_on_LAB_TRIG" time="0.00100000000020373"/>
    <testcase classname="ds.skewness_smk_method_2_both" name="simple_skewness_method_2_both_on_LAB_TRIG" time="0.00199999999995271"/>
    <testcase classname="ds.skewness_smk_method_2_both" name="simple_skewness_method_2_both_on_LAB_TRIG" time="0.00199999999995271"/>
    <testcase classname="ds.skewness_smk_method_2_both" name="simple_skewness_method_2_both_on_LAB_TRIG" time="0.00100000000020373"/>
    <testcase classname="ds.skewness_smk_method_2_both" name="simple_skewness_method_2_both_on_LAB_TRIG" time="0.00199999999995271"/>
    <testcase classname="ds.skewness_smk_method_2_both" name="simple_skewness_method_2_both_on_LAB_TRIG" time="0.00199999999995271"/>
    <testcase classname="ds.skewness_smk_method_2_both" name="simple_skewness_method_2_both_on_LAB_TRIG" time="0.00199999999995271"/>
    <testcase classname="ds.skewness_smk_method_2_both" name="simple_skewness_method_2_both_on_LAB_HDL" time="1.73599999999988"/>
    <testcase classname="ds.skewness_smk_method_2_both" name="simple_skewness_method_2_both_on_LAB_HDL" time="0.00199999999995271"/>
    <testcase classname="ds.skewness_smk_method_2_both" name="simple_skewness_method_2_both_on_LAB_HDL" time="0.00199999999995271"/>
    <testcase classname="ds.skewness_smk_method_2_both" name="simple_skewness_method_2_both_on_LAB_HDL" time="0.00200000000040745"/>
    <testcase classname="ds.skewness_smk_method_2_both" name="simple_skewness_method_2_both_on_LAB_HDL" time="0.00199999999995271"/>
    <testcase classname="ds.skewness_smk_method_2_both" name="simple_skewness_method_2_both_on_LAB_HDL" time="0.00199999999995271"/>
    <testcase classname="ds.skewness_smk_method_2_both" name="simple_skewness_method_2_both_on_LAB_HDL" time="0.00199999999995271"/>
    <testcase classname="ds.skewness_smk_method_2_both" name="simple_skewness_method_2_both_on_LAB_HDL" time="0.00199999999995271"/>
    <testcase classname="ds.skewness_smk_method_2_both" name="simple_skewness_method_2_both_on_LAB_HDL" time="0.00199999999995271"/>
    <testcase classname="ds.skewness_smk_method_2_both" name="simple_skewness_method_2_both_on_LAB_HDL" time="0.00199999999995271"/>
    <testcase classname="ds.skewness_smk_method_2_both" name="simple_skewness_method_2_both_on_LAB_HDL" time="0.00199999999995271"/>
    <testcase classname="ds.skewness_smk_method_2_both" name="simple_skewness_method_2_both_on_LAB_HDL" time="0.00199999999995271"/>
    <testcase classname="ds.skewness_smk_method_2_both" name="simple_skewness_method_2_both_on_LAB_HDL" time="0.00199999999995271"/>
    <testcase classname="ds.skewness_smk_method_2_both" name="simple_skewness_method_2_both_on_LAB_HDL" time="0.00200000000040745"/>
    <testcase classname="ds.skewness_smk_method_2_both" name="simple_skewness_method_2_both_on_LAB_HDL" time="0.00199999999995271"/>
    <testcase classname="ds.skewness_smk_method_2_both" name="simple_skewness_method_2_both_on_LAB_HDL" time="0.00199999999995271"/>
    <testcase classname="ds.skewness_smk_method_2_both" name="simple_skewness_method_2_both_on_LAB_HDL" time="0.00199999999995271"/>
    <testcase classname="ds.skewness_smk_method_2_both" name="simple_skewness_method_2_both_on_LAB_HDL" time="0.00199999999995271"/>
    <testcase classname="ds.skewness_smk_method_2_both" name="simple_skewness_method_2_both_on_LAB_HDL" time="0.00199999999995271"/>
    <testcase classname="ds.skewness_smk_method_2_both" name="simple_skewness_method_2_both_on_LAB_HDL" time="0.00199999999995271"/>
    <testcase classname="ds.skewness_smk_method_2_both" name="simple_skewness_method_2_both_on_LAB_HDL" time="0.0100000000002183"/>
    <testcase classname="ds.skewness_smk_method_2_both" name="simple_skewness_method_2_both_on_LAB_HDL" time="0.00199999999995271"/>
    <testcase classname="ds.skewness_smk_method_2_both" name="simple_skewness_method_2_both_on_LAB_GLUC_ADJUSTED" time="1.74400000000014"/>
    <testcase classname="ds.skewness_smk_method_2_both" name="simple_skewness_method_2_both_on_LAB_GLUC_ADJUSTED" time="0.00199999999995271"/>
    <testcase classname="ds.skewness_smk_method_2_both" name="simple_skewness_method_2_both_on_LAB_GLUC_ADJUSTED" time="0.00199999999995271"/>
    <testcase classname="ds.skewness_smk_method_2_both" name="simple_skewness_method_2_both_on_LAB_GLUC_ADJUSTED" time="0.00199999999995271"/>
    <testcase classname="ds.skewness_smk_method_2_both" name="simple_skewness_method_2_both_on_LAB_GLUC_ADJUSTED" time="0.00299999999970169"/>
    <testcase classname="ds.skewness_smk_method_2_both" name="simple_skewness_method_2_both_on_LAB_GLUC_ADJUSTED" time="0.00200000000040745"/>
    <testcase classname="ds.skewness_smk_method_2_both" name="simple_skewness_method_2_both_on_LAB_GLUC_ADJUSTED" time="0.00199999999995271"/>
    <testcase classname="ds.skewness_smk_method_2_both" name="simple_skewness_method_2_both_on_LAB_GLUC_ADJUSTED" time="0.00199999999995271"/>
    <testcase classname="ds.skewness_smk_method_2_both" name="simple_skewness_method_2_both_on_LAB_GLUC_ADJUSTED" time="0.00299999999970169"/>
    <testcase classname="ds.skewness_smk_method_2_both" name="simple_skewness_method_2_both_on_LAB_GLUC_ADJUSTED" time="0.00200000000040745"/>
    <testcase classname="ds.skewness_smk_method_2_both" name="simple_skewness_method_2_both_on_LAB_GLUC_ADJUSTED" time="0.00199999999995271"/>
    <testcase classname="ds.skewness_smk_method_2_both" name="simple_skewness_method_2_both_on_LAB_GLUC_ADJUSTED" time="0.00299999999970169"/>
    <testcase classname="ds.skewness_smk_method_2_both" name="simple_skewness_method_2_both_on_LAB_GLUC_ADJUSTED" time="0.00199999999995271"/>
    <testcase classname="ds.skewness_smk_method_2_both" name="simple_skewness_method_2_both_on_LAB_GLUC_ADJUSTED" time="0.00200000000040745"/>
    <testcase classname="ds.skewness_smk_method_2_both" name="simple_skewness_method_2_both_on_LAB_GLUC_ADJUSTED" time="0.00199999999995271"/>
    <testcase classname="ds.skewness_smk_method_2_both" name="simple_skewness_method_2_both_on_LAB_GLUC_ADJUSTED" time="0.00299999999970169"/>
    <testcase classname="ds.skewness_smk_method_2_both" name="simple_skewness_method_2_both_on_LAB_GLUC_ADJUSTED" time="0.00199999999995271"/>
    <testcase classname="ds.skewness_smk_method_2_both" name="simple_skewness_method_2_both_on_LAB_GLUC_ADJUSTED" time="0.00199999999995271"/>
    <testcase classname="ds.skewness_smk_method_2_both" name="simple_skewness_method_2_both_on_LAB_GLUC_ADJUSTED" time="0.00200000000040745"/>
    <testcase classname="ds.skewness_smk_method_2_both" name="simple_skewness_method_2_both_on_LAB_GLUC_ADJUSTED" time="0.00299999999970169"/>
    <testcase classname="ds.skewness_smk_method_2_both" name="simple_skewness_method_2_both_on_LAB_GLUC_ADJUSTED" time="0.00199999999995271"/>
    <testcase classname="ds.skewness_smk_method_2_both" name="simple_skewness_method_2_both_on_LAB_GLUC_ADJUSTED" time="0.00199999999995271"/>
    <testcase classname="ds.skewness_smk_method_2_both" name="simple_skewness_method_2_both_on_PM_BMI_CONTINUOUS" time="1.75400000000036"/>
    <testcase classname="ds.skewness_smk_method_2_both" name="simple_skewness_method_2_both_on_PM_BMI_CONTINUOUS" time="0.00700000000006185"/>
    <testcase classname="ds.skewness_smk_method_2_both" name="simple_skewness_method_2_both_on_PM_BMI_CONTINUOUS" time="0.00299999999970169"/>
    <testcase classname="ds.skewness_smk_method_2_both" name="simple_skewness_method_2_both_on_PM_BMI_CONTINUOUS" time="0.00300000000015643"/>
    <testcase classname="ds.skewness_smk_method_2_both" name="simple_skewness_method_2_both_on_PM_BMI_CONTINUOUS" time="0.00300000000015643"/>
    <testcase classname="ds.skewness_smk_method_2_both" name="simple_skewness_method_2_both_on_PM_BMI_CONTINUOUS" time="0.00299999999970169"/>
    <testcase classname="ds.skewness_smk_method_2_both" name="simple_skewness_method_2_both_on_PM_BMI_CONTINUOUS" time="0.00300000000015643"/>
    <testcase classname="ds.skewness_smk_method_2_both" name="simple_skewness_method_2_both_on_PM_BMI_CONTINUOUS" time="0.00399999999990541"/>
    <testcase classname="ds.skewness_smk_method_2_both" name="simple_skewness_method_2_both_on_PM_BMI_CONTINUOUS" time="0.00399999999990541"/>
    <testcase classname="ds.skewness_smk_method_2_both" name="simple_skewness_method_2_both_on_PM_BMI_CONTINUOUS" time="0.00300000000015643"/>
    <testcase classname="ds.skewness_smk_method_2_both" name="simple_skewness_method_2_both_on_PM_BMI_CONTINUOUS" time="0.00399999999990541"/>
    <testcase classname="ds.skewness_smk_method_2_both" name="simple_skewness_method_2_both_on_PM_BMI_CONTINUOUS" time="0.00300000000015643"/>
    <testcase classname="ds.skewness_smk_method_2_both" name="simple_skewness_method_2_both_on_PM_BMI_CONTINUOUS" time="0.00399999999990541"/>
    <testcase classname="ds.skewness_smk_method_2_both" name="simple_skewness_method_2_both_on_PM_BMI_CONTINUOUS" time="0.00300000000015643"/>
    <testcase classname="ds.skewness_smk_method_2_both" name="simple_skewness_method_2_both_on_PM_BMI_CONTINUOUS" time="0.00499999999965439"/>
    <testcase classname="ds.skewness_smk_method_2_both" name="simple_skewness_method_2_both_on_PM_BMI_CONTINUOUS" time="0.00400000000036016"/>
    <testcase classname="ds.skewness_smk_method_2_both" name="simple_skewness_method_2_both_on_PM_BMI_CONTINUOUS" time="0.00399999999990541"/>
    <testcase classname="ds.skewness_smk_method_2_both" name="simple_skewness_method_2_both_on_PM_BMI_CONTINUOUS" time="0.00399999999990541"/>
    <testcase classname="ds.skewness_smk_method_2_both" name="simple_skewness_method_2_both_on_PM_BMI_CONTINUOUS" time="0.00399999999990541"/>
    <testcase classname="ds.skewness_smk_method_2_both" name="simple_skewness_method_2_both_on_PM_BMI_CONTINUOUS" time="0.00399999999990541"/>
    <testcase classname="ds.skewness_smk_method_2_both" name="simple_skewness_method_2_both_on_PM_BMI_CONTINUOUS" time="0.00300000000015643"/>
    <testcase classname="ds.skewness_smk_method_2_both" name="simple_skewness_method_2_both_on_PM_BMI_CONTINUOUS" time="0.00300000000015643"/>
  </testsuite>
  <testsuite errors="0" failures="0" hostname="fv-az14" name="ds.skewness::smk::method 3::split" skipped="0" tests="70" time="6.231" timestamp="2020-09-17T10:26:37Z">
    <testcase classname="ds.skewness_smk_method_3_split" name="simple_skewness_method_3_split_on_LAB_TSC" time="1.23499999999967"/>
    <testcase classname="ds.skewness_smk_method_3_split" name="simple_skewness_method_3_split_on_LAB_TSC" time="0.00100000000020373"/>
    <testcase classname="ds.skewness_smk_method_3_split" name="simple_skewness_method_3_split_on_LAB_TSC" time="0.000999999999748979"/>
    <testcase classname="ds.skewness_smk_method_3_split" name="simple_skewness_method_3_split_on_LAB_TSC" time="0.00100000000020373"/>
    <testcase classname="ds.skewness_smk_method_3_split" name="simple_skewness_method_3_split_on_LAB_TSC" time="0.000999999999748979"/>
    <testcase classname="ds.skewness_smk_method_3_split" name="simple_skewness_method_3_split_on_LAB_TSC" time="0.00199999999995271"/>
    <testcase classname="ds.skewness_smk_method_3_split" name="simple_skewness_method_3_split_on_LAB_TSC" time="0.00100000000020373"/>
    <testcase classname="ds.skewness_smk_method_3_split" name="simple_skewness_method_3_split_on_LAB_TSC" time="0.000999999999748979"/>
    <testcase classname="ds.skewness_smk_method_3_split" name="simple_skewness_method_3_split_on_LAB_TSC" time="0.00200000000040745"/>
    <testcase classname="ds.skewness_smk_method_3_split" name="simple_skewness_method_3_split_on_LAB_TSC" time="0.000999999999748979"/>
    <testcase classname="ds.skewness_smk_method_3_split" name="simple_skewness_method_3_split_on_LAB_TSC" time="0.00199999999995271"/>
    <testcase classname="ds.skewness_smk_method_3_split" name="simple_skewness_method_3_split_on_LAB_TSC" time="0.00100000000020373"/>
    <testcase classname="ds.skewness_smk_method_3_split" name="simple_skewness_method_3_split_on_LAB_TSC" time="0.00199999999995271"/>
    <testcase classname="ds.skewness_smk_method_3_split" name="simple_skewness_method_3_split_on_LAB_TSC" time="0.000999999999748979"/>
    <testcase classname="ds.skewness_smk_method_3_split" name="simple_skewness_method_3_split_on_LAB_TRIG" time="1.22400000000016"/>
    <testcase classname="ds.skewness_smk_method_3_split" name="simple_skewness_method_3_split_on_LAB_TRIG" time="0.00199999999995271"/>
    <testcase classname="ds.skewness_smk_method_3_split" name="simple_skewness_method_3_split_on_LAB_TRIG" time="0.00100000000020373"/>
    <testcase classname="ds.skewness_smk_method_3_split" name="simple_skewness_method_3_split_on_LAB_TRIG" time="0.00199999999995271"/>
    <testcase classname="ds.skewness_smk_method_3_split" name="simple_skewness_method_3_split_on_LAB_TRIG" time="0.000999999999748979"/>
    <testcase classname="ds.skewness_smk_method_3_split" name="simple_skewness_method_3_split_on_LAB_TRIG" time="0.00199999999995271"/>
    <testcase classname="ds.skewness_smk_method_3_split" name="simple_skewness_method_3_split_on_LAB_TRIG" time="0.00100000000020373"/>
    <testcase classname="ds.skewness_smk_method_3_split" name="simple_skewness_method_3_split_on_LAB_TRIG" time="0.00199999999995271"/>
    <testcase classname="ds.skewness_smk_method_3_split" name="simple_skewness_method_3_split_on_LAB_TRIG" time="0.00199999999995271"/>
    <testcase classname="ds.skewness_smk_method_3_split" name="simple_skewness_method_3_split_on_LAB_TRIG" time="0.00100000000020373"/>
    <testcase classname="ds.skewness_smk_method_3_split" name="simple_skewness_method_3_split_on_LAB_TRIG" time="0.00199999999995271"/>
    <testcase classname="ds.skewness_smk_method_3_split" name="simple_skewness_method_3_split_on_LAB_TRIG" time="0.000999999999748979"/>
    <testcase classname="ds.skewness_smk_method_3_split" name="simple_skewness_method_3_split_on_LAB_TRIG" time="0.00200000000040745"/>
    <testcase classname="ds.skewness_smk_method_3_split" name="simple_skewness_method_3_split_on_LAB_TRIG" time="0.000999999999748979"/>
    <testcase classname="ds.skewness_smk_method_3_split" name="simple_skewness_method_3_split_on_LAB_HDL" time="1.21599999999989"/>
    <testcase classname="ds.skewness_smk_method_3_split" name="simple_skewness_method_3_split_on_LAB_HDL" time="0.00100000000020373"/>
    <testcase classname="ds.skewness_smk_method_3_split" name="simple_skewness_method_3_split_on_LAB_HDL" time="0.00199999999995271"/>
    <testcase classname="ds.skewness_smk_method_3_split" name="simple_skewness_method_3_split_on_LAB_HDL" time="0.00199999999995271"/>
    <testcase classname="ds.skewness_smk_method_3_split" name="simple_skewness_method_3_split_on_LAB_HDL" time="0.00100000000020373"/>
    <testcase classname="ds.skewness_smk_method_3_split" name="simple_skewness_method_3_split_on_LAB_HDL" time="0.00199999999995271"/>
    <testcase classname="ds.skewness_smk_method_3_split" name="simple_skewness_method_3_split_on_LAB_HDL" time="0.00199999999995271"/>
    <testcase classname="ds.skewness_smk_method_3_split" name="simple_skewness_method_3_split_on_LAB_HDL" time="0.00199999999995271"/>
    <testcase classname="ds.skewness_smk_method_3_split" name="simple_skewness_method_3_split_on_LAB_HDL" time="0.00199999999995271"/>
    <testcase classname="ds.skewness_smk_method_3_split" name="simple_skewness_method_3_split_on_LAB_HDL" time="0.00100000000020373"/>
    <testcase classname="ds.skewness_smk_method_3_split" name="simple_skewness_method_3_split_on_LAB_HDL" time="0.00299999999970169"/>
    <testcase classname="ds.skewness_smk_method_3_split" name="simple_skewness_method_3_split_on_LAB_HDL" time="0.00500000000010914"/>
    <testcase classname="ds.skewness_smk_method_3_split" name="simple_skewness_method_3_split_on_LAB_HDL" time="0.00199999999995271"/>
    <testcase classname="ds.skewness_smk_method_3_split" name="simple_skewness_method_3_split_on_LAB_HDL" time="0.00199999999995271"/>
    <testcase classname="ds.skewness_smk_method_3_split" name="simple_skewness_method_3_split_on_LAB_GLUC_ADJUSTED" time="1.21900000000005"/>
    <testcase classname="ds.skewness_smk_method_3_split" name="simple_skewness_method_3_split_on_LAB_GLUC_ADJUSTED" time="0.00199999999995271"/>
    <testcase classname="ds.skewness_smk_method_3_split" name="simple_skewness_method_3_split_on_LAB_GLUC_ADJUSTED" time="0.00199999999995271"/>
    <testcase classname="ds.skewness_smk_method_3_split" name="simple_skewness_method_3_split_on_LAB_GLUC_ADJUSTED" time="0.00199999999995271"/>
    <testcase classname="ds.skewness_smk_method_3_split" name="simple_skewness_method_3_split_on_LAB_GLUC_ADJUSTED" time="0.00200000000040745"/>
    <testcase classname="ds.skewness_smk_method_3_split" name="simple_skewness_method_3_split_on_LAB_GLUC_ADJUSTED" time="0.00199999999995271"/>
    <testcase classname="ds.skewness_smk_method_3_split" name="simple_skewness_method_3_split_on_LAB_GLUC_ADJUSTED" time="0.00199999999995271"/>
    <testcase classname="ds.skewness_smk_method_3_split" name="simple_skewness_method_3_split_on_LAB_GLUC_ADJUSTED" time="0.00199999999995271"/>
    <testcase classname="ds.skewness_smk_method_3_split" name="simple_skewness_method_3_split_on_LAB_GLUC_ADJUSTED" time="0.00299999999970169"/>
    <testcase classname="ds.skewness_smk_method_3_split" name="simple_skewness_method_3_split_on_LAB_GLUC_ADJUSTED" time="0.00200000000040745"/>
    <testcase classname="ds.skewness_smk_method_3_split" name="simple_skewness_method_3_split_on_LAB_GLUC_ADJUSTED" time="0.00199999999995271"/>
    <testcase classname="ds.skewness_smk_method_3_split" name="simple_skewness_method_3_split_on_LAB_GLUC_ADJUSTED" time="0.00199999999995271"/>
    <testcase classname="ds.skewness_smk_method_3_split" name="simple_skewness_method_3_split_on_LAB_GLUC_ADJUSTED" time="0.0109999999999673"/>
    <testcase classname="ds.skewness_smk_method_3_split" name="simple_skewness_method_3_split_on_LAB_GLUC_ADJUSTED" time="0.00300000000015643"/>
    <testcase classname="ds.skewness_smk_method_3_split" name="simple_skewness_method_3_split_on_PM_BMI_CONTINUOUS" time="1.20799999999963"/>
    <testcase classname="ds.skewness_smk_method_3_split" name="simple_skewness_method_3_split_on_PM_BMI_CONTINUOUS" time="0.00199999999995271"/>
    <testcase classname="ds.skewness_smk_method_3_split" name="simple_skewness_method_3_split_on_PM_BMI_CONTINUOUS" time="0.00300000000015643"/>
    <testcase classname="ds.skewness_smk_method_3_split" name="simple_skewness_method_3_split_on_PM_BMI_CONTINUOUS" time="0.00300000000015643"/>
    <testcase classname="ds.skewness_smk_method_3_split" name="simple_skewness_method_3_split_on_PM_BMI_CONTINUOUS" time="0.00199999999995271"/>
    <testcase classname="ds.skewness_smk_method_3_split" name="simple_skewness_method_3_split_on_PM_BMI_CONTINUOUS" time="0.00199999999995271"/>
    <testcase classname="ds.skewness_smk_method_3_split" name="simple_skewness_method_3_split_on_PM_BMI_CONTINUOUS" time="0.00199999999995271"/>
    <testcase classname="ds.skewness_smk_method_3_split" name="simple_skewness_method_3_split_on_PM_BMI_CONTINUOUS" time="0.00199999999995271"/>
    <testcase classname="ds.skewness_smk_method_3_split" name="simple_skewness_method_3_split_on_PM_BMI_CONTINUOUS" time="0.00199999999995271"/>
    <testcase classname="ds.skewness_smk_method_3_split" name="simple_skewness_method_3_split_on_PM_BMI_CONTINUOUS" time="0.00199999999995271"/>
    <testcase classname="ds.skewness_smk_method_3_split" name="simple_skewness_method_3_split_on_PM_BMI_CONTINUOUS" time="0.00199999999995271"/>
    <testcase classname="ds.skewness_smk_method_3_split" name="simple_skewness_method_3_split_on_PM_BMI_CONTINUOUS" time="0.00200000000040745"/>
    <testcase classname="ds.skewness_smk_method_3_split" name="simple_skewness_method_3_split_on_PM_BMI_CONTINUOUS" time="0.00199999999995271"/>
    <testcase classname="ds.skewness_smk_method_3_split" name="simple_skewness_method_3_split_on_PM_BMI_CONTINUOUS" time="0.00199999999995271"/>
  </testsuite>
  <testsuite errors="0" failures="0" hostname="fv-az14" name="ds.skewness::smk::method 3::combine" skipped="0" tests="40" time="7.5" timestamp="2020-09-17T10:26:43Z">
    <testcase classname="ds.skewness_smk_method_3_combine" name="simple_skewness_combine_on_LAB_TSC" time="1.48500000000013"/>
    <testcase classname="ds.skewness_smk_method_3_combine" name="simple_skewness_combine_on_LAB_TSC" time="0.00199999999995271"/>
    <testcase classname="ds.skewness_smk_method_3_combine" name="simple_skewness_combine_on_LAB_TSC" time="0.000999999999748979"/>
    <testcase classname="ds.skewness_smk_method_3_combine" name="simple_skewness_combine_on_LAB_TSC" time="0.00100000000020373"/>
    <testcase classname="ds.skewness_smk_method_3_combine" name="simple_skewness_combine_on_LAB_TSC" time="0.000999999999748979"/>
    <testcase classname="ds.skewness_smk_method_3_combine" name="simple_skewness_combine_on_LAB_TSC" time="0.00199999999995271"/>
    <testcase classname="ds.skewness_smk_method_3_combine" name="simple_skewness_combine_on_LAB_TSC" time="0.00199999999995271"/>
    <testcase classname="ds.skewness_smk_method_3_combine" name="simple_skewness_combine_on_LAB_TSC" time="0.00100000000020373"/>
    <testcase classname="ds.skewness_smk_method_3_combine" name="simple_skewness_method_3_combine_on_LAB_TRIG" time="1.49200000000019"/>
    <testcase classname="ds.skewness_smk_method_3_combine" name="simple_skewness_method_3_combine_on_LAB_TRIG" time="0.000999999999748979"/>
    <testcase classname="ds.skewness_smk_method_3_combine" name="simple_skewness_method_3_combine_on_LAB_TRIG" time="0.00199999999995271"/>
    <testcase classname="ds.skewness_smk_method_3_combine" name="simple_skewness_method_3_combine_on_LAB_TRIG" time="0.00199999999995271"/>
    <testcase classname="ds.skewness_smk_method_3_combine" name="simple_skewness_method_3_combine_on_LAB_TRIG" time="0.00100000000020373"/>
    <testcase classname="ds.skewness_smk_method_3_combine" name="simple_skewness_method_3_combine_on_LAB_TRIG" time="0.000999999999748979"/>
    <testcase classname="ds.skewness_smk_method_3_combine" name="simple_skewness_method_3_combine_on_LAB_TRIG" time="0.00200000000040745"/>
    <testcase classname="ds.skewness_smk_method_3_combine" name="simple_skewness_method_3_combine_on_LAB_TRIG" time="0.000999999999748979"/>
    <testcase classname="ds.skewness_smk_method_3_combine" name="simple_skewness_method_3_combine_on_LAB_HDL" time="1.47299999999996"/>
    <testcase classname="ds.skewness_smk_method_3_combine" name="simple_skewness_method_3_combine_on_LAB_HDL" time="0.00199999999995271"/>
    <testcase classname="ds.skewness_smk_method_3_combine" name="simple_skewness_method_3_combine_on_LAB_HDL" time="0.00100000000020373"/>
    <testcase classname="ds.skewness_smk_method_3_combine" name="simple_skewness_method_3_combine_on_LAB_HDL" time="0.00199999999995271"/>
    <testcase classname="ds.skewness_smk_method_3_combine" name="simple_skewness_method_3_combine_on_LAB_HDL" time="0.00100000000020373"/>
    <testcase classname="ds.skewness_smk_method_3_combine" name="simple_skewness_method_3_combine_on_LAB_HDL" time="0.00199999999995271"/>
    <testcase classname="ds.skewness_smk_method_3_combine" name="simple_skewness_method_3_combine_on_LAB_HDL" time="0.000999999999748979"/>
    <testcase classname="ds.skewness_smk_method_3_combine" name="simple_skewness_method_3_combine_on_LAB_HDL" time="0.00199999999995271"/>
    <testcase classname="ds.skewness_smk_method_3_combine" name="simple_skewness_method_3_combine_on_LAB_GLUC_ADJUSTED" time="1.49800000000005"/>
    <testcase classname="ds.skewness_smk_method_3_combine" name="simple_skewness_method_3_combine_on_LAB_GLUC_ADJUSTED" time="0.00199999999995271"/>
    <testcase classname="ds.skewness_smk_method_3_combine" name="simple_skewness_method_3_combine_on_LAB_GLUC_ADJUSTED" time="0.00199999999995271"/>
    <testcase classname="ds.skewness_smk_method_3_combine" name="simple_skewness_method_3_combine_on_LAB_GLUC_ADJUSTED" time="0.00100000000020373"/>
    <testcase classname="ds.skewness_smk_method_3_combine" name="simple_skewness_method_3_combine_on_LAB_GLUC_ADJUSTED" time="0.00199999999995271"/>
    <testcase classname="ds.skewness_smk_method_3_combine" name="simple_skewness_method_3_combine_on_LAB_GLUC_ADJUSTED" time="0.00100000000020373"/>
    <testcase classname="ds.skewness_smk_method_3_combine" name="simple_skewness_method_3_combine_on_LAB_GLUC_ADJUSTED" time="0.000999999999748979"/>
    <testcase classname="ds.skewness_smk_method_3_combine" name="simple_skewness_method_3_combine_on_LAB_GLUC_ADJUSTED" time="0.00300000000015643"/>
    <testcase classname="ds.skewness_smk_method_3_combine" name="simple_skewness_method_3_combine_on_PM_BMI_CONTINUOUS" time="1.49600000000009"/>
    <testcase classname="ds.skewness_smk_method_3_combine" name="simple_skewness_method_3_combine_on_PM_BMI_CONTINUOUS" time="0.00199999999995271"/>
    <testcase classname="ds.skewness_smk_method_3_combine" name="simple_skewness_method_3_combine_on_PM_BMI_CONTINUOUS" time="0.00199999999995271"/>
    <testcase classname="ds.skewness_smk_method_3_combine" name="simple_skewness_method_3_combine_on_PM_BMI_CONTINUOUS" time="0.00199999999995271"/>
    <testcase classname="ds.skewness_smk_method_3_combine" name="simple_skewness_method_3_combine_on_PM_BMI_CONTINUOUS" time="0.00199999999995271"/>
    <testcase classname="ds.skewness_smk_method_3_combine" name="simple_skewness_method_3_combine_on_PM_BMI_CONTINUOUS" time="0.00100000000020373"/>
    <testcase classname="ds.skewness_smk_method_3_combine" name="simple_skewness_method_3_combine_on_PM_BMI_CONTINUOUS" time="0.00199999999995271"/>
    <testcase classname="ds.skewness_smk_method_3_combine" name="simple_skewness_method_3_combine_on_PM_BMI_CONTINUOUS" time="0.00199999999995271"/>
  </testsuite>
  <testsuite errors="0" failures="0" hostname="fv-az14" name="ds.skewness::smk::method 3::both" skipped="0" tests="110" time="8.985" timestamp="2020-09-17T10:26:51Z">
    <testcase classname="ds.skewness_smk_method_3_both" name="simple_skewness_both_on_LAB_TSC" time="1.76800000000003"/>
    <testcase classname="ds.skewness_smk_method_3_both" name="simple_skewness_both_on_LAB_TSC" time="0.000999999999748979"/>
    <testcase classname="ds.skewness_smk_method_3_both" name="simple_skewness_both_on_LAB_TSC" time="0.00100000000020373"/>
    <testcase classname="ds.skewness_smk_method_3_both" name="simple_skewness_both_on_LAB_TSC" time="0.00199999999995271"/>
    <testcase classname="ds.skewness_smk_method_3_both" name="simple_skewness_both_on_LAB_TSC" time="0.000999999999748979"/>
    <testcase classname="ds.skewness_smk_method_3_both" name="simple_skewness_both_on_LAB_TSC" time="0.00200000000040745"/>
    <testcase classname="ds.skewness_smk_method_3_both" name="simple_skewness_both_on_LAB_TSC" time="0.000999999999748979"/>
    <testcase classname="ds.skewness_smk_method_3_both" name="simple_skewness_both_on_LAB_TSC" time="0.00199999999995271"/>
    <testcase classname="ds.skewness_smk_method_3_both" name="simple_skewness_both_on_LAB_TSC" time="0.00100000000020373"/>
    <testcase classname="ds.skewness_smk_method_3_both" name="simple_skewness_both_on_LAB_TSC" time="0.000999999999748979"/>
    <testcase classname="ds.skewness_smk_method_3_both" name="simple_skewness_both_on_LAB_TSC" time="0.00199999999995271"/>
    <testcase classname="ds.skewness_smk_method_3_both" name="simple_skewness_both_on_LAB_TSC" time="0.00100000000020373"/>
    <testcase classname="ds.skewness_smk_method_3_both" name="simple_skewness_both_on_LAB_TSC" time="0.00100000000020373"/>
    <testcase classname="ds.skewness_smk_method_3_both" name="simple_skewness_both_on_LAB_TSC" time="0.00199999999995271"/>
    <testcase classname="ds.skewness_smk_method_3_both" name="simple_skewness_both_on_LAB_TSC" time="0.000999999999748979"/>
    <testcase classname="ds.skewness_smk_method_3_both" name="simple_skewness_both_on_LAB_TSC" time="0.00199999999995271"/>
    <testcase classname="ds.skewness_smk_method_3_both" name="simple_skewness_both_on_LAB_TSC" time="0.00100000000020373"/>
    <testcase classname="ds.skewness_smk_method_3_both" name="simple_skewness_both_on_LAB_TSC" time="0.000999999999748979"/>
    <testcase classname="ds.skewness_smk_method_3_both" name="simple_skewness_both_on_LAB_TSC" time="0.00200000000040745"/>
    <testcase classname="ds.skewness_smk_method_3_both" name="simple_skewness_both_on_LAB_TSC" time="0.000999999999748979"/>
    <testcase classname="ds.skewness_smk_method_3_both" name="simple_skewness_both_on_LAB_TSC" time="0.00100000000020373"/>
    <testcase classname="ds.skewness_smk_method_3_both" name="simple_skewness_both_on_LAB_TSC" time="0.00199999999995271"/>
    <testcase classname="ds.skewness_smk_method_3_both" name="simple_skewness_method_3_both_on_LAB_TRIG" time="1.75999999999976"/>
    <testcase classname="ds.skewness_smk_method_3_both" name="simple_skewness_method_3_both_on_LAB_TRIG" time="0.00100000000020373"/>
    <testcase classname="ds.skewness_smk_method_3_both" name="simple_skewness_method_3_both_on_LAB_TRIG" time="0.00199999999995271"/>
    <testcase classname="ds.skewness_smk_method_3_both" name="simple_skewness_method_3_both_on_LAB_TRIG" time="0.000999999999748979"/>
    <testcase classname="ds.skewness_smk_method_3_both" name="simple_skewness_method_3_both_on_LAB_TRIG" time="0.00200000000040745"/>
    <testcase classname="ds.skewness_smk_method_3_both" name="simple_skewness_method_3_both_on_LAB_TRIG" time="0.00199999999995271"/>
    <testcase classname="ds.skewness_smk_method_3_both" name="simple_skewness_method_3_both_on_LAB_TRIG" time="0.000999999999748979"/>
    <testcase classname="ds.skewness_smk_method_3_both" name="simple_skewness_method_3_both_on_LAB_TRIG" time="0.00199999999995271"/>
    <testcase classname="ds.skewness_smk_method_3_both" name="simple_skewness_method_3_both_on_LAB_TRIG" time="0.00199999999995271"/>
    <testcase classname="ds.skewness_smk_method_3_both" name="simple_skewness_method_3_both_on_LAB_TRIG" time="0.00200000000040745"/>
    <testcase classname="ds.skewness_smk_method_3_both" name="simple_skewness_method_3_both_on_LAB_TRIG" time="0.00399999999990541"/>
    <testcase classname="ds.skewness_smk_method_3_both" name="simple_skewness_method_3_both_on_LAB_TRIG" time="0.00199999999995271"/>
    <testcase classname="ds.skewness_smk_method_3_both" name="simple_skewness_method_3_both_on_LAB_TRIG" time="0.00199999999995271"/>
    <testcase classname="ds.skewness_smk_method_3_both" name="simple_skewness_method_3_both_on_LAB_TRIG" time="0.00199999999995271"/>
    <testcase classname="ds.skewness_smk_method_3_both" name="simple_skewness_method_3_both_on_LAB_TRIG" time="0.00199999999995271"/>
    <testcase classname="ds.skewness_smk_method_3_both" name="simple_skewness_method_3_both_on_LAB_TRIG" time="0.00199999999995271"/>
    <testcase classname="ds.skewness_smk_method_3_both" name="simple_skewness_method_3_both_on_LAB_TRIG" time="0.00199999999995271"/>
    <testcase classname="ds.skewness_smk_method_3_both" name="simple_skewness_method_3_both_on_LAB_TRIG" time="0.00500000000010914"/>
    <testcase classname="ds.skewness_smk_method_3_both" name="simple_skewness_method_3_both_on_LAB_TRIG" time="0.00199999999995271"/>
    <testcase classname="ds.skewness_smk_method_3_both" name="simple_skewness_method_3_both_on_LAB_TRIG" time="0.00500000000010914"/>
    <testcase classname="ds.skewness_smk_method_3_both" name="simple_skewness_method_3_both_on_LAB_TRIG" time="0.00199999999995271"/>
    <testcase classname="ds.skewness_smk_method_3_both" name="simple_skewness_method_3_both_on_LAB_TRIG" time="0.00300000000015643"/>
    <testcase classname="ds.skewness_smk_method_3_both" name="simple_skewness_method_3_both_on_LAB_HDL" time="1.74399999999969"/>
    <testcase classname="ds.skewness_smk_method_3_both" name="simple_skewness_method_3_both_on_LAB_HDL" time="0.00200000000040745"/>
    <testcase classname="ds.skewness_smk_method_3_both" name="simple_skewness_method_3_both_on_LAB_HDL" time="0.00199999999995271"/>
    <testcase classname="ds.skewness_smk_method_3_both" name="simple_skewness_method_3_both_on_LAB_HDL" time="0.000999999999748979"/>
    <testcase classname="ds.skewness_smk_method_3_both" name="simple_skewness_method_3_both_on_LAB_HDL" time="0.00199999999995271"/>
    <testcase classname="ds.skewness_smk_method_3_both" name="simple_skewness_method_3_both_on_LAB_HDL" time="0.00199999999995271"/>
    <testcase classname="ds.skewness_smk_method_3_both" name="simple_skewness_method_3_both_on_LAB_HDL" time="0.00200000000040745"/>
    <testcase classname="ds.skewness_smk_method_3_both" name="simple_skewness_method_3_both_on_LAB_HDL" time="0.000999999999748979"/>
    <testcase classname="ds.skewness_smk_method_3_both" name="simple_skewness_method_3_both_on_LAB_HDL" time="0.00199999999995271"/>
    <testcase classname="ds.skewness_smk_method_3_both" name="simple_skewness_method_3_both_on_LAB_HDL" time="0.00199999999995271"/>
    <testcase classname="ds.skewness_smk_method_3_both" name="simple_skewness_method_3_both_on_LAB_HDL" time="0.00199999999995271"/>
    <testcase classname="ds.skewness_smk_method_3_both" name="simple_skewness_method_3_both_on_LAB_HDL" time="0.00199999999995271"/>
    <testcase classname="ds.skewness_smk_method_3_both" name="simple_skewness_method_3_both_on_LAB_HDL" time="0.00200000000040745"/>
    <testcase classname="ds.skewness_smk_method_3_both" name="simple_skewness_method_3_both_on_LAB_HDL" time="0.00199999999995271"/>
    <testcase classname="ds.skewness_smk_method_3_both" name="simple_skewness_method_3_both_on_LAB_HDL" time="0.00199999999995271"/>
    <testcase classname="ds.skewness_smk_method_3_both" name="simple_skewness_method_3_both_on_LAB_HDL" time="0.00199999999995271"/>
    <testcase classname="ds.skewness_smk_method_3_both" name="simple_skewness_method_3_both_on_LAB_HDL" time="0.00199999999995271"/>
    <testcase classname="ds.skewness_smk_method_3_both" name="simple_skewness_method_3_both_on_LAB_HDL" time="0.00199999999995271"/>
    <testcase classname="ds.skewness_smk_method_3_both" name="simple_skewness_method_3_both_on_LAB_HDL" time="0.00199999999995271"/>
    <testcase classname="ds.skewness_smk_method_3_both" name="simple_skewness_method_3_both_on_LAB_HDL" time="0.00199999999995271"/>
    <testcase classname="ds.skewness_smk_method_3_both" name="simple_skewness_method_3_both_on_LAB_HDL" time="0.00199999999995271"/>
    <testcase classname="ds.skewness_smk_method_3_both" name="simple_skewness_method_3_both_on_LAB_HDL" time="0.00200000000040745"/>
    <testcase classname="ds.skewness_smk_method_3_both" name="simple_skewness_method_3_both_on_LAB_GLUC_ADJUSTED" time="1.7489999999998"/>
    <testcase classname="ds.skewness_smk_method_3_both" name="simple_skewness_method_3_both_on_LAB_GLUC_ADJUSTED" time="0.00199999999995271"/>
    <testcase classname="ds.skewness_smk_method_3_both" name="simple_skewness_method_3_both_on_LAB_GLUC_ADJUSTED" time="0.00300000000015643"/>
    <testcase classname="ds.skewness_smk_method_3_both" name="simple_skewness_method_3_both_on_LAB_GLUC_ADJUSTED" time="0.00199999999995271"/>
    <testcase classname="ds.skewness_smk_method_3_both" name="simple_skewness_method_3_both_on_LAB_GLUC_ADJUSTED" time="0.00199999999995271"/>
    <testcase classname="ds.skewness_smk_method_3_both" name="simple_skewness_method_3_both_on_LAB_GLUC_ADJUSTED" time="0.00300000000015643"/>
    <testcase classname="ds.skewness_smk_method_3_both" name="simple_skewness_method_3_both_on_LAB_GLUC_ADJUSTED" time="0.00199999999995271"/>
    <testcase classname="ds.skewness_smk_method_3_both" name="simple_skewness_method_3_both_on_LAB_GLUC_ADJUSTED" time="0.00199999999995271"/>
    <testcase classname="ds.skewness_smk_method_3_both" name="simple_skewness_method_3_both_on_LAB_GLUC_ADJUSTED" time="0.00199999999995271"/>
    <testcase classname="ds.skewness_smk_method_3_both" name="simple_skewness_method_3_both_on_LAB_GLUC_ADJUSTED" time="0.00300000000015643"/>
    <testcase classname="ds.skewness_smk_method_3_both" name="simple_skewness_method_3_both_on_LAB_GLUC_ADJUSTED" time="0.00199999999995271"/>
    <testcase classname="ds.skewness_smk_method_3_both" name="simple_skewness_method_3_both_on_LAB_GLUC_ADJUSTED" time="0.00299999999970169"/>
    <testcase classname="ds.skewness_smk_method_3_both" name="simple_skewness_method_3_both_on_LAB_GLUC_ADJUSTED" time="0.00199999999995271"/>
    <testcase classname="ds.skewness_smk_method_3_both" name="simple_skewness_method_3_both_on_LAB_GLUC_ADJUSTED" time="0.00200000000040745"/>
    <testcase classname="ds.skewness_smk_method_3_both" name="simple_skewness_method_3_both_on_LAB_GLUC_ADJUSTED" time="0.00199999999995271"/>
    <testcase classname="ds.skewness_smk_method_3_both" name="simple_skewness_method_3_both_on_LAB_GLUC_ADJUSTED" time="0.00199999999995271"/>
    <testcase classname="ds.skewness_smk_method_3_both" name="simple_skewness_method_3_both_on_LAB_GLUC_ADJUSTED" time="0.00299999999970169"/>
    <testcase classname="ds.skewness_smk_method_3_both" name="simple_skewness_method_3_both_on_LAB_GLUC_ADJUSTED" time="0.00199999999995271"/>
    <testcase classname="ds.skewness_smk_method_3_both" name="simple_skewness_method_3_both_on_LAB_GLUC_ADJUSTED" time="0.00200000000040745"/>
    <testcase classname="ds.skewness_smk_method_3_both" name="simple_skewness_method_3_both_on_LAB_GLUC_ADJUSTED" time="0.00199999999995271"/>
    <testcase classname="ds.skewness_smk_method_3_both" name="simple_skewness_method_3_both_on_LAB_GLUC_ADJUSTED" time="0.00299999999970169"/>
    <testcase classname="ds.skewness_smk_method_3_both" name="simple_skewness_method_3_both_on_LAB_GLUC_ADJUSTED" time="0.00199999999995271"/>
    <testcase classname="ds.skewness_smk_method_3_both" name="simple_skewness_method_3_both_on_PM_BMI_CONTINUOUS" time="1.73100000000022"/>
    <testcase classname="ds.skewness_smk_method_3_both" name="simple_skewness_method_3_both_on_PM_BMI_CONTINUOUS" time="0.00300000000015643"/>
    <testcase classname="ds.skewness_smk_method_3_both" name="simple_skewness_method_3_both_on_PM_BMI_CONTINUOUS" time="0.00199999999995271"/>
    <testcase classname="ds.skewness_smk_method_3_both" name="simple_skewness_method_3_both_on_PM_BMI_CONTINUOUS" time="0.00199999999995271"/>
    <testcase classname="ds.skewness_smk_method_3_both" name="simple_skewness_method_3_both_on_PM_BMI_CONTINUOUS" time="0.00300000000015643"/>
    <testcase classname="ds.skewness_smk_method_3_both" name="simple_skewness_method_3_both_on_PM_BMI_CONTINUOUS" time="0.00300000000015643"/>
    <testcase classname="ds.skewness_smk_method_3_both" name="simple_skewness_method_3_both_on_PM_BMI_CONTINUOUS" time="0.00299999999970169"/>
    <testcase classname="ds.skewness_smk_method_3_both" name="simple_skewness_method_3_both_on_PM_BMI_CONTINUOUS" time="0.00199999999995271"/>
    <testcase classname="ds.skewness_smk_method_3_both" name="simple_skewness_method_3_both_on_PM_BMI_CONTINUOUS" time="0.00300000000015643"/>
    <testcase classname="ds.skewness_smk_method_3_both" name="simple_skewness_method_3_both_on_PM_BMI_CONTINUOUS" time="0.00199999999995271"/>
    <testcase classname="ds.skewness_smk_method_3_both" name="simple_skewness_method_3_both_on_PM_BMI_CONTINUOUS" time="0.0109999999999673"/>
    <testcase classname="ds.skewness_smk_method_3_both" name="simple_skewness_method_3_both_on_PM_BMI_CONTINUOUS" time="0.00199999999995271"/>
    <testcase classname="ds.skewness_smk_method_3_both" name="simple_skewness_method_3_both_on_PM_BMI_CONTINUOUS" time="0.00300000000015643"/>
    <testcase classname="ds.skewness_smk_method_3_both" name="simple_skewness_method_3_both_on_PM_BMI_CONTINUOUS" time="0.00399999999990541"/>
    <testcase classname="ds.skewness_smk_method_3_both" name="simple_skewness_method_3_both_on_PM_BMI_CONTINUOUS" time="0.00300000000015643"/>
    <testcase classname="ds.skewness_smk_method_3_both" name="simple_skewness_method_3_both_on_PM_BMI_CONTINUOUS" time="0.00300000000015643"/>
    <testcase classname="ds.skewness_smk_method_3_both" name="simple_skewness_method_3_both_on_PM_BMI_CONTINUOUS" time="0.00299999999970169"/>
    <testcase classname="ds.skewness_smk_method_3_both" name="simple_skewness_method_3_both_on_PM_BMI_CONTINUOUS" time="0.00399999999990541"/>
    <testcase classname="ds.skewness_smk_method_3_both" name="simple_skewness_method_3_both_on_PM_BMI_CONTINUOUS" time="0.00300000000015643"/>
    <testcase classname="ds.skewness_smk_method_3_both" name="simple_skewness_method_3_both_on_PM_BMI_CONTINUOUS" time="0.00300000000015643"/>
    <testcase classname="ds.skewness_smk_method_3_both" name="simple_skewness_method_3_both_on_PM_BMI_CONTINUOUS" time="0.00299999999970169"/>
    <testcase classname="ds.skewness_smk_method_3_both" name="simple_skewness_method_3_both_on_PM_BMI_CONTINUOUS" time="0.00300000000015643"/>
  </testsuite>
  <testsuite errors="0" failures="0" hostname="fv-az14" name="ds.skewness::smk::shutdown" skipped="0" tests="3" time="0.283" timestamp="2020-09-17T10:27:00Z">
    <testcase classname="ds.skewness_smk_shutdown" name="shutdown" time="0.280999999999949"/>
    <testcase classname="ds.skewness_smk_shutdown" name="shutdown" time="0.00100000000020373"/>
    <testcase classname="ds.skewness_smk_shutdown" name="shutdown" time="0.000999999999748979"/>
  </testsuite>
  <testsuite errors="0" failures="0" hostname="fv-az14" name="ds.skewness::smk::done" skipped="0" tests="0" time="0" timestamp="2020-09-17T10:27:01Z"/>
  <testsuite errors="0" failures="0" hostname="fv-az14" name="ds.sqrt::smk::setup" skipped="0" tests="3" time="5.409" timestamp="2020-09-17T10:27:01Z">
    <testcase classname="ds.sqrt_smk_setup" name="setup" time="5.40599999999995"/>
    <testcase classname="ds.sqrt_smk_setup" name="setup" time="0.00100000000020373"/>
    <testcase classname="ds.sqrt_smk_setup" name="setup" time="0.00199999999995271"/>
  </testsuite>
  <testsuite errors="0" failures="0" hostname="fv-az14" name="ds.sqrt::smk" skipped="0" tests="10" time="2.303" timestamp="2020-09-17T10:27:05Z">
    <testcase classname="ds.sqrt_smk" name="simple_c" time="1.49299999999994"/>
    <testcase classname="ds.sqrt_smk" name="simple_c" time="0.269000000000233"/>
    <testcase classname="ds.sqrt_smk" name="simple_c" time="0.00199999999995271"/>
    <testcase classname="ds.sqrt_smk" name="simple_c" time="0.000999999999748979"/>
    <testcase classname="ds.sqrt_smk" name="simple_c" time="0.00199999999995271"/>
    <testcase classname="ds.sqrt_smk" name="simple_c" time="0.00100000000020373"/>
    <testcase classname="ds.sqrt_smk" name="simple_c" time="0.530999999999949"/>
    <testcase classname="ds.sqrt_smk" name="simple_c" time="0.00100000000020373"/>
    <testcase classname="ds.sqrt_smk" name="simple_c" time="0.00199999999995271"/>
    <testcase classname="ds.sqrt_smk" name="simple_c" time="0.000999999999748979"/>
  </testsuite>
  <testsuite errors="0" failures="0" hostname="fv-az14" name="ds.sqrt::smk::shutdown" skipped="0" tests="3" time="0.283" timestamp="2020-09-17T10:27:08Z">
    <testcase classname="ds.sqrt_smk_shutdown" name="setup" time="0.280999999999949"/>
    <testcase classname="ds.sqrt_smk_shutdown" name="setup" time="0.00100000000020373"/>
    <testcase classname="ds.sqrt_smk_shutdown" name="setup" time="0.00100000000020373"/>
  </testsuite>
  <testsuite errors="0" failures="0" hostname="fv-az14" name="ds.sqrt::smk::done" skipped="0" tests="0" time="0" timestamp="2020-09-17T10:27:09Z"/>
  <testsuite errors="0" failures="0" hostname="fv-az14" name="ds.subsetByClass::smk::setup" skipped="0" tests="3" time="5.504" timestamp="2020-09-17T10:27:09Z">
    <testcase classname="ds.subsetByClass_smk_setup" name="setup" time="5.50099999999975"/>
    <testcase classname="ds.subsetByClass_smk_setup" name="setup" time="0.00199999999995271"/>
    <testcase classname="ds.subsetByClass_smk_setup" name="setup" time="0.00100000000020373"/>
  </testsuite>
  <testsuite errors="0" failures="0" hostname="fv-az14" name="ds.subsetByClass::smk" skipped="0" tests="22" time="9.289" timestamp="2020-09-17T10:27:13Z">
    <testcase classname="ds.subsetByClass_smk" name="gender_implicit" time="4.40599999999995"/>
    <testcase classname="ds.subsetByClass_smk" name="gender_implicit" time="0.268999999999778"/>
    <testcase classname="ds.subsetByClass_smk" name="gender_implicit" time="0.00100000000020373"/>
    <testcase classname="ds.subsetByClass_smk" name="gender_implicit" time="0.00199999999995271"/>
    <testcase classname="ds.subsetByClass_smk" name="gender_implicit" time="0.00100000000020373"/>
    <testcase classname="ds.subsetByClass_smk" name="gender_implicit" time="0.000999999999748979"/>
    <testcase classname="ds.subsetByClass_smk" name="gender_implicit" time="0.00100000000020373"/>
    <testcase classname="ds.subsetByClass_smk" name="gender_implicit" time="0.000999999999748979"/>
    <testcase classname="ds.subsetByClass_smk" name="gender_implicit" time="0.00199999999995271"/>
    <testcase classname="ds.subsetByClass_smk" name="gender_implicit" time="0.00100000000020373"/>
    <testcase classname="ds.subsetByClass_smk" name="gender_implicit" time="0.000999999999748979"/>
    <testcase classname="ds.subsetByClass_smk" name="gender_explicit" time="4.31800000000021"/>
    <testcase classname="ds.subsetByClass_smk" name="gender_explicit" time="0.269999999999982"/>
    <testcase classname="ds.subsetByClass_smk" name="gender_explicit" time="0.00199999999995271"/>
    <testcase classname="ds.subsetByClass_smk" name="gender_explicit" time="0.00100000000020373"/>
    <testcase classname="ds.subsetByClass_smk" name="gender_explicit" time="0.000999999999748979"/>
    <testcase classname="ds.subsetByClass_smk" name="gender_explicit" time="0.00199999999995271"/>
    <testcase classname="ds.subsetByClass_smk" name="gender_explicit" time="0.00100000000020373"/>
    <testcase classname="ds.subsetByClass_smk" name="gender_explicit" time="0.00199999999995271"/>
    <testcase classname="ds.subsetByClass_smk" name="gender_explicit" time="0.000999999999748979"/>
    <testcase classname="ds.subsetByClass_smk" name="gender_explicit" time="0.00200000000040745"/>
    <testcase classname="ds.subsetByClass_smk" name="gender_explicit" time="0.00299999999970169"/>
  </testsuite>
  <testsuite errors="0" failures="0" hostname="fv-az14" name="ds.subsetByClass::smk::shutdown" skipped="0" tests="3" time="0.282" timestamp="2020-09-17T10:27:23Z">
    <testcase classname="ds.subsetByClass_smk_shutdown" name="shutdown" time="0.278999999999996"/>
    <testcase classname="ds.subsetByClass_smk_shutdown" name="shutdown" time="0.00199999999995271"/>
    <testcase classname="ds.subsetByClass_smk_shutdown" name="shutdown" time="0.00100000000020373"/>
  </testsuite>
  <testsuite errors="0" failures="0" hostname="fv-az14" name="ds.subsetByClass::smk::done" skipped="0" tests="0" time="0" timestamp="2020-09-17T10:27:24Z"/>
  <testsuite errors="0" failures="0" hostname="fv-az14" name="ds.subset::smk::setup" skipped="0" tests="3" time="5.496" timestamp="2020-09-17T10:27:24Z">
    <testcase classname="ds.subset_smk_setup" name="setup" time="5.49299999999994"/>
    <testcase classname="ds.subset_smk_setup" name="setup" time="0.00100000000020373"/>
    <testcase classname="ds.subset_smk_setup" name="setup" time="0.00199999999995271"/>
  </testsuite>
  <testsuite errors="0" failures="0" hostname="fv-az14" name="ds.subset::smk::generate a subset of the assigned table (by default the table is named 'D') with the first 50 observations and the two first columns" skipped="0" tests="4" time="2.747" timestamp="2020-09-17T10:27:28Z">
    <testcase classname="ds.subset_smk_generate_a_subset_of_the_assigned_table_by_default_the_table_is_named_D_with_the_first_50_observations_and_the_two_first_columns" name="subD_exists" time="2.74299999999994"/>
    <testcase classname="ds.subset_smk_generate_a_subset_of_the_assigned_table_by_default_the_table_is_named_D_with_the_first_50_observations_and_the_two_first_columns" name="subD_exists" time="0.000999999999748979"/>
    <testcase classname="ds.subset_smk_generate_a_subset_of_the_assigned_table_by_default_the_table_is_named_D_with_the_first_50_observations_and_the_two_first_columns" name="subD_exists" time="0.00200000000040745"/>
    <testcase classname="ds.subset_smk_generate_a_subset_of_the_assigned_table_by_default_the_table_is_named_D_with_the_first_50_observations_and_the_two_first_columns" name="subD_exists" time="0.000999999999748979"/>
  </testsuite>
  <testsuite errors="0" failures="0" hostname="fv-az14" name="ds.subset::smk::generate a subset of the assigned table (by default the table is named 'D') with the first 50 observations and the two first columns refered to by their names" skipped="0" tests="4" time="2.754" timestamp="2020-09-17T10:27:31Z">
    <testcase classname="ds.subset_smk_generate_a_subset_of_the_assigned_table_by_default_the_table_is_named_D_with_the_first_50_observations_and_the_two_first_columns_refered_to_by_their_names" name="subD2_exists" time="2.74900000000025"/>
    <testcase classname="ds.subset_smk_generate_a_subset_of_the_assigned_table_by_default_the_table_is_named_D_with_the_first_50_observations_and_the_two_first_columns_refered_to_by_their_names" name="subD2_exists" time="0.00199999999995271"/>
    <testcase classname="ds.subset_smk_generate_a_subset_of_the_assigned_table_by_default_the_table_is_named_D_with_the_first_50_observations_and_the_two_first_columns_refered_to_by_their_names" name="subD2_exists" time="0.000999999999748979"/>
    <testcase classname="ds.subset_smk_generate_a_subset_of_the_assigned_table_by_default_the_table_is_named_D_with_the_first_50_observations_and_the_two_first_columns_refered_to_by_their_names" name="subD2_exists" time="0.00199999999995271"/>
  </testsuite>
  <testsuite errors="0" failures="0" hostname="fv-az14" name="ds.subset::smk::generate a subset of the table D with bmi values greater than or equal to 25." skipped="0" tests="4" time="1.508" timestamp="2020-09-17T10:27:34Z">
    <testcase classname="ds.subset_smk_generate_a_subset_of_the_table_D_with_bmi_values_greater_than_or_equal_to_25." name="subD3_exists" time="1.50500000000011"/>
    <testcase classname="ds.subset_smk_generate_a_subset_of_the_table_D_with_bmi_values_greater_than_or_equal_to_25." name="subD3_exists" time="0.00100000000020373"/>
    <testcase classname="ds.subset_smk_generate_a_subset_of_the_table_D_with_bmi_values_greater_than_or_equal_to_25." name="subD3_exists" time="0.000999999999748979"/>
    <testcase classname="ds.subset_smk_generate_a_subset_of_the_table_D_with_bmi_values_greater_than_or_equal_to_25." name="subD3_exists" time="0.00100000000020373"/>
  </testsuite>
  <testsuite errors="0" failures="0" hostname="fv-az14" name="ds.subset::smk::shutdown" skipped="0" tests="3" time="0.284" timestamp="2020-09-17T10:27:35Z">
    <testcase classname="ds.subset_smk_shutdown" name="shutdown" time="0.280999999999949"/>
    <testcase classname="ds.subset_smk_shutdown" name="shutdown" time="0.000999999999748979"/>
    <testcase classname="ds.subset_smk_shutdown" name="shutdown" time="0.00199999999995271"/>
  </testsuite>
  <testsuite errors="0" failures="0" hostname="fv-az14" name="ds.subset::smk::done" skipped="0" tests="0" time="0" timestamp="2020-09-17T10:27:36Z"/>
  <testsuite errors="0" failures="0" hostname="fv-az14" name="ds.summary::smk::setup" skipped="0" tests="3" time="5.74" timestamp="2020-09-17T10:27:36Z">
    <testcase classname="ds.summary_smk_setup" name="setup" time="5.73800000000028"/>
    <testcase classname="ds.summary_smk_setup" name="setup" time="0.000999999999748979"/>
    <testcase classname="ds.summary_smk_setup" name="setup" time="0.00100000000020373"/>
  </testsuite>
  <testsuite errors="0" failures="0" hostname="fv-az14" name="ds.summary::smk::summary of a numerical variable" skipped="0" tests="3" time="3.369" timestamp="2020-09-17T10:27:41Z">
    <testcase classname="ds.summary_smk_summary_of_a_numerical_variable" name="summary_numerical_variable" time="3.36599999999999"/>
    <testcase classname="ds.summary_smk_summary_of_a_numerical_variable" name="summary_numerical_variable" time="0.00199999999995271"/>
    <testcase classname="ds.summary_smk_summary_of_a_numerical_variable" name="summary_numerical_variable" time="0.00100000000020373"/>
  </testsuite>
  <testsuite errors="0" failures="0" hostname="fv-az14" name="ds.summary::smk::summary of a character variable" skipped="0" tests="2" time="3.164" timestamp="2020-09-17T10:27:45Z">
    <testcase classname="ds.summary_smk_summary_of_a_character_variable" name="summary_character_variable" time="3.16199999999981"/>
    <testcase classname="ds.summary_smk_summary_of_a_character_variable" name="summary_character_variable" time="0.00199999999995271"/>
  </testsuite>
  <testsuite errors="0" failures="0" hostname="fv-az14" name="ds.summary::smk::summary of a factor variable" skipped="0" tests="22" time="4.649" timestamp="2020-09-17T10:27:48Z">
    <testcase classname="ds.summary_smk_summary_of_a_factor_variable" name="summary_factor_variable" time="4.61799999999994"/>
    <testcase classname="ds.summary_smk_summary_of_a_factor_variable" name="summary_factor_variable" time="0.00199999999995271"/>
    <testcase classname="ds.summary_smk_summary_of_a_factor_variable" name="summary_factor_variable" time="0.00100000000020373"/>
    <testcase classname="ds.summary_smk_summary_of_a_factor_variable" name="summary_factor_variable" time="0.00199999999995271"/>
    <testcase classname="ds.summary_smk_summary_of_a_factor_variable" name="summary_factor_variable" time="0.00100000000020373"/>
    <testcase classname="ds.summary_smk_summary_of_a_factor_variable" name="summary_factor_variable" time="0.000999999999748979"/>
    <testcase classname="ds.summary_smk_summary_of_a_factor_variable" name="summary_factor_variable" time="0.00199999999995271"/>
    <testcase classname="ds.summary_smk_summary_of_a_factor_variable" name="summary_factor_variable" time="0.00100000000020373"/>
    <testcase classname="ds.summary_smk_summary_of_a_factor_variable" name="summary_factor_variable" time="0.000999999999748979"/>
    <testcase classname="ds.summary_smk_summary_of_a_factor_variable" name="summary_factor_variable" time="0.00199999999995271"/>
    <testcase classname="ds.summary_smk_summary_of_a_factor_variable" name="summary_factor_variable" time="0.00200000000040745"/>
    <testcase classname="ds.summary_smk_summary_of_a_factor_variable" name="summary_factor_variable" time="0.000999999999748979"/>
    <testcase classname="ds.summary_smk_summary_of_a_factor_variable" name="summary_factor_variable" time="0.00199999999995271"/>
    <testcase classname="ds.summary_smk_summary_of_a_factor_variable" name="summary_factor_variable" time="0.00199999999995271"/>
    <testcase classname="ds.summary_smk_summary_of_a_factor_variable" name="summary_factor_variable" time="0.00100000000020373"/>
    <testcase classname="ds.summary_smk_summary_of_a_factor_variable" name="summary_factor_variable" time="0.00199999999995271"/>
    <testcase classname="ds.summary_smk_summary_of_a_factor_variable" name="summary_factor_variable" time="0.00100000000020373"/>
    <testcase classname="ds.summary_smk_summary_of_a_factor_variable" name="summary_factor_variable" time="0.00199999999995271"/>
    <testcase classname="ds.summary_smk_summary_of_a_factor_variable" name="summary_factor_variable" time="0.000999999999748979"/>
    <testcase classname="ds.summary_smk_summary_of_a_factor_variable" name="summary_factor_variable" time="0.00199999999995271"/>
    <testcase classname="ds.summary_smk_summary_of_a_factor_variable" name="summary_factor_variable" time="0.00100000000020373"/>
    <testcase classname="ds.summary_smk_summary_of_a_factor_variable" name="summary_factor_variable" time="0.000999999999748979"/>
  </testsuite>
  <testsuite errors="0" failures="0" hostname="fv-az14" name="ds.summary::smk::summary of a list variable" skipped="0" tests="10" time="2.772" timestamp="2020-09-17T10:27:53Z">
    <testcase classname="ds.summary_smk_summary_of_a_list_variable" name="summary_list_variable" time="2.76099999999997"/>
    <testcase classname="ds.summary_smk_summary_of_a_list_variable" name="summary_list_variable" time="0.00100000000020373"/>
    <testcase classname="ds.summary_smk_summary_of_a_list_variable" name="summary_list_variable" time="0.00100000000020373"/>
    <testcase classname="ds.summary_smk_summary_of_a_list_variable" name="summary_list_variable" time="0.00199999999995271"/>
    <testcase classname="ds.summary_smk_summary_of_a_list_variable" name="summary_list_variable" time="0.000999999999748979"/>
    <testcase classname="ds.summary_smk_summary_of_a_list_variable" name="summary_list_variable" time="0.00100000000020373"/>
    <testcase classname="ds.summary_smk_summary_of_a_list_variable" name="summary_list_variable" time="0.00199999999995271"/>
    <testcase classname="ds.summary_smk_summary_of_a_list_variable" name="summary_list_variable" time="0.000999999999748979"/>
    <testcase classname="ds.summary_smk_summary_of_a_list_variable" name="summary_list_variable" time="0.00100000000020373"/>
    <testcase classname="ds.summary_smk_summary_of_a_list_variable" name="summary_list_variable" time="0.00100000000020373"/>
  </testsuite>
  <testsuite errors="0" failures="0" hostname="fv-az14" name="ds.summary::smk::summary of a data frame" skipped="0" tests="5" time="3.099" timestamp="2020-09-17T10:27:55Z">
    <testcase classname="ds.summary_smk_summary_of_a_data_frame" name="summary_data_frame" time="3.0939999999996"/>
    <testcase classname="ds.summary_smk_summary_of_a_data_frame" name="summary_data_frame" time="0.00100000000020373"/>
    <testcase classname="ds.summary_smk_summary_of_a_data_frame" name="summary_data_frame" time="0.00199999999995271"/>
    <testcase classname="ds.summary_smk_summary_of_a_data_frame" name="summary_data_frame" time="0.00100000000020373"/>
    <testcase classname="ds.summary_smk_summary_of_a_data_frame" name="summary_data_frame" time="0.000999999999748979"/>
  </testsuite>
  <testsuite errors="0" failures="0" hostname="fv-az14" name="ds.summary::smk::teardown" skipped="0" tests="3" time="0.284" timestamp="2020-09-17T10:27:58Z">
    <testcase classname="ds.summary_smk_teardown" name="shutdown" time="0.282000000000153"/>
    <testcase classname="ds.summary_smk_teardown" name="shutdown" time="0.000999999999748979"/>
    <testcase classname="ds.summary_smk_teardown" name="shutdown" time="0.00100000000020373"/>
  </testsuite>
  <testsuite errors="0" failures="0" hostname="fv-az14" name="ds.summary::smk::done" skipped="0" tests="0" time="0" timestamp="2020-09-17T10:28:00Z"/>
  <testsuite errors="0" failures="0" hostname="fv-az14" name="ds.table1D::smk::setup" skipped="0" tests="3" time="5.772" timestamp="2020-09-17T10:28:00Z">
    <testcase classname="ds.table1D_smk_setup" name="setup" time="5.76999999999998"/>
    <testcase classname="ds.table1D_smk_setup" name="setup" time="0.00100000000020373"/>
    <testcase classname="ds.table1D_smk_setup" name="setup" time="0.000999999999748979"/>
  </testsuite>
  <testsuite errors="0" failures="0" hostname="fv-az14" name="ds.table1D::smk::generate a one dimensional table, outputting combined contingency tables" skipped="0" tests="3" time="1.313" timestamp="2020-09-17T10:28:05Z">
    <testcase classname="ds.table1D_smk_generate_a_one_dimensional_table_outputting_combined_contingency_tables" name="GENDER_normal" time="1.31100000000015"/>
    <testcase classname="ds.table1D_smk_generate_a_one_dimensional_table_outputting_combined_contingency_tables" name="GENDER_normal" time="0.000999999999748979"/>
    <testcase classname="ds.table1D_smk_generate_a_one_dimensional_table_outputting_combined_contingency_tables" name="GENDER_normal" time="0.00100000000020373"/>
  </testsuite>
  <testsuite errors="0" failures="0" hostname="fv-az14" name="ds.table1D::smk::generate a one dimensional table, outputting combined contingency tables fail" skipped="1" tests="1" time="1.22" timestamp="2020-09-17T10:28:06Z">
    <testcase classname="ds.table1D_smk_generate_a_one_dimensional_table_outputting_combined_contingency_tables_fail" name="DIS_CVA_invalid" time="1.2199999999998">
      <skipped/>
    </testcase>
  </testsuite>
  <testsuite errors="0" failures="0" hostname="fv-az14" name="ds.table1D::smk::generate a one dimensional table, outputting combined contingency tables fail split" skipped="1" tests="1" time="1.23" timestamp="2020-09-17T10:28:07Z">
    <testcase classname="ds.table1D_smk_generate_a_one_dimensional_table_outputting_combined_contingency_tables_fail_split" name="DIS_CVA_invalid_split" time="1.23000000000002">
      <skipped/>
    </testcase>
  </testsuite>
  <testsuite errors="0" failures="0" hostname="fv-az14" name="ds.table1D::smk::generate a one dimensional table, outputting study specific contingency tables" skipped="0" tests="4" time="1.226" timestamp="2020-09-17T10:28:08Z">
    <testcase classname="ds.table1D_smk_generate_a_one_dimensional_table_outputting_study_specific_contingency_tables" name="GENDER_split" time="1.22299999999996"/>
    <testcase classname="ds.table1D_smk_generate_a_one_dimensional_table_outputting_study_specific_contingency_tables" name="GENDER_split" time="0.00100000000020373"/>
    <testcase classname="ds.table1D_smk_generate_a_one_dimensional_table_outputting_study_specific_contingency_tables" name="GENDER_split" time="0.000999999999748979"/>
    <testcase classname="ds.table1D_smk_generate_a_one_dimensional_table_outputting_study_specific_contingency_tables" name="GENDER_split" time="0.00100000000020373"/>
  </testsuite>
  <testsuite errors="0" failures="0" hostname="fv-az14" name="ds.table1D::smk::generate a one dimensional table, outputting study specific contingency tables for study 1 and 2" skipped="0" tests="4" time="0.975" timestamp="2020-09-17T10:28:10Z">
    <testcase classname="ds.table1D_smk_generate_a_one_dimensional_table_outputting_study_specific_contingency_tables_for_study_1_and_2" name="GENDER_split_12" time="0.971000000000004"/>
    <testcase classname="ds.table1D_smk_generate_a_one_dimensional_table_outputting_study_specific_contingency_tables_for_study_1_and_2" name="GENDER_split_12" time="0.00100000000020373"/>
    <testcase classname="ds.table1D_smk_generate_a_one_dimensional_table_outputting_study_specific_contingency_tables_for_study_1_and_2" name="GENDER_split_12" time="0.000999999999748979"/>
    <testcase classname="ds.table1D_smk_generate_a_one_dimensional_table_outputting_study_specific_contingency_tables_for_study_1_and_2" name="GENDER_split_12" time="0.00199999999995271"/>
  </testsuite>
  <testsuite errors="0" failures="0" hostname="fv-az14" name="ds.table1D::smk::generate a one dimensional table, outputting study specific and combined contingency tables" skipped="0" tests="3" time="1.218" timestamp="2020-09-17T10:28:10Z">
    <testcase classname="ds.table1D_smk_generate_a_one_dimensional_table_outputting_study_specific_and_combined_contingency_tables" name="GENDER_normal_2" time="1.21500000000015"/>
    <testcase classname="ds.table1D_smk_generate_a_one_dimensional_table_outputting_study_specific_and_combined_contingency_tables" name="GENDER_normal_2" time="0.00199999999995271"/>
    <testcase classname="ds.table1D_smk_generate_a_one_dimensional_table_outputting_study_specific_and_combined_contingency_tables" name="GENDER_normal_2" time="0.00100000000020373"/>
  </testsuite>
  <testsuite errors="0" failures="0" hostname="fv-az14" name="ds.table1D::smk::shutdown" skipped="0" tests="3" time="0.274" timestamp="2020-09-17T10:28:12Z">
    <testcase classname="ds.table1D_smk_shutdown" name="shutdown" time="0.271999999999935"/>
    <testcase classname="ds.table1D_smk_shutdown" name="shutdown" time="0.000999999999748979"/>
    <testcase classname="ds.table1D_smk_shutdown" name="shutdown" time="0.00100000000020373"/>
  </testsuite>
  <testsuite errors="0" failures="0" hostname="fv-az14" name="ds.table1D::smk::done" skipped="0" tests="0" time="0" timestamp="2020-09-17T10:28:13Z"/>
  <testsuite errors="0" failures="0" hostname="fv-az14" name="ds.table2D::smk::setup" skipped="0" tests="3" time="5.485" timestamp="2020-09-17T10:28:13Z">
    <testcase classname="ds.table2D_smk_setup" name="setup" time="5.48199999999997"/>
    <testcase classname="ds.table2D_smk_setup" name="setup" time="0.000999999999748979"/>
    <testcase classname="ds.table2D_smk_setup" name="setup" time="0.00200000000040745"/>
  </testsuite>
  <testsuite errors="0" failures="0" hostname="fv-az14" name="ds.table2D::smk" skipped="0" tests="22" time="1.024" timestamp="2020-09-17T10:28:17Z">
    <testcase classname="ds.table2D_smk" name="simple_table2D" time="0.997999999999593"/>
    <testcase classname="ds.table2D_smk" name="simple_table2D" time="0.00100000000020373"/>
    <testcase classname="ds.table2D_smk" name="simple_table2D" time="0.00100000000020373"/>
    <testcase classname="ds.table2D_smk" name="simple_table2D" time="0.00199999999995271"/>
    <testcase classname="ds.table2D_smk" name="simple_table2D" time="0.000999999999748979"/>
    <testcase classname="ds.table2D_smk" name="simple_table2D" time="0.00100000000020373"/>
    <testcase classname="ds.table2D_smk" name="simple_table2D" time="0.000999999999748979"/>
    <testcase classname="ds.table2D_smk" name="simple_table2D" time="0.00100000000020373"/>
    <testcase classname="ds.table2D_smk" name="simple_table2D" time="0.00199999999995271"/>
    <testcase classname="ds.table2D_smk" name="simple_table2D" time="0.00100000000020373"/>
    <testcase classname="ds.table2D_smk" name="simple_table2D" time="0.000999999999748979"/>
    <testcase classname="ds.table2D_smk" name="simple_table2D" time="0.000999999999748979"/>
    <testcase classname="ds.table2D_smk" name="simple_table2D" time="0.00100000000020373"/>
    <testcase classname="ds.table2D_smk" name="simple_table2D" time="0.000999999999748979"/>
    <testcase classname="ds.table2D_smk" name="simple_table2D" time="0.00199999999995271"/>
    <testcase classname="ds.table2D_smk" name="simple_table2D" time="0.00100000000020373"/>
    <testcase classname="ds.table2D_smk" name="simple_table2D" time="0.000999999999748979"/>
    <testcase classname="ds.table2D_smk" name="simple_table2D" time="0.00100000000020373"/>
    <testcase classname="ds.table2D_smk" name="simple_table2D" time="0.00199999999995271"/>
    <testcase classname="ds.table2D_smk" name="simple_table2D" time="0.00100000000020373"/>
    <testcase classname="ds.table2D_smk" name="simple_table2D" time="0.000999999999748979"/>
    <testcase classname="ds.table2D_smk" name="simple_table2D" time="0.00199999999995271"/>
  </testsuite>
  <testsuite errors="0" failures="0" hostname="fv-az14" name="ds.table2D::smk::shutdown" skipped="0" tests="3" time="0.282" timestamp="2020-09-17T10:28:19Z">
    <testcase classname="ds.table2D_smk_shutdown" name="shutdown" time="0.278999999999996"/>
    <testcase classname="ds.table2D_smk_shutdown" name="shutdown" time="0.00199999999995271"/>
    <testcase classname="ds.table2D_smk_shutdown" name="shutdown" time="0.00100000000020373"/>
  </testsuite>
  <testsuite errors="0" failures="0" hostname="fv-az14" name="ds.table2D::smk::done" skipped="0" tests="0" time="0" timestamp="2020-09-17T10:28:20Z"/>
  <testsuite errors="0" failures="0" hostname="fv-az14" name="ds.table::smk::setup" skipped="0" tests="3" time="5.625" timestamp="2020-09-17T10:28:20Z">
    <testcase classname="ds.table_smk_setup" name="setup" time="5.62100000000009"/>
    <testcase classname="ds.table_smk_setup" name="setup" time="0.00199999999995271"/>
    <testcase classname="ds.table_smk_setup" name="setup" time="0.00199999999995271"/>
  </testsuite>
  <testsuite errors="0" failures="0" hostname="fv-az14" name="ds.table::smk::dataframe setup" skipped="0" tests="3" time="6.976" timestamp="2020-09-17T10:28:24Z">
    <testcase classname="ds.table_smk_dataframe_setup" name="simple_table_2D" time="6.97299999999996"/>
    <testcase classname="ds.table_smk_dataframe_setup" name="simple_table_2D" time="0.00100000000020373"/>
    <testcase classname="ds.table_smk_dataframe_setup" name="simple_table_2D" time="0.00199999999995271"/>
  </testsuite>
  <testsuite errors="0" failures="0" hostname="fv-az14" name="ds.table::smk" skipped="0" tests="9" time="0.555" timestamp="2020-09-17T10:28:31Z">
    <testcase classname="ds.table_smk" name="simple_table_1D" time="0.543999999999869"/>
    <testcase classname="ds.table_smk" name="simple_table_1D" time="0.00100000000020373"/>
    <testcase classname="ds.table_smk" name="simple_table_1D" time="0.00199999999995271"/>
    <testcase classname="ds.table_smk" name="simple_table_1D" time="0.000999999999748979"/>
    <testcase classname="ds.table_smk" name="simple_table_1D" time="0.00100000000020373"/>
    <testcase classname="ds.table_smk" name="simple_table_1D" time="0.000999999999748979"/>
    <testcase classname="ds.table_smk" name="simple_table_1D" time="0.00199999999995271"/>
    <testcase classname="ds.table_smk" name="simple_table_1D" time="0.00100000000020373"/>
    <testcase classname="ds.table_smk" name="simple_table_1D" time="0.00199999999995271"/>
  </testsuite>
  <testsuite errors="0" failures="0" hostname="fv-az14" name="ds.table::smk" skipped="0" tests="16" time="0.855" timestamp="2020-09-17T10:28:32Z">
    <testcase classname="ds.table_smk" name="simple_table_2D" time="0.83600000000024"/>
    <testcase classname="ds.table_smk" name="simple_table_2D" time="0.000999999999748979"/>
    <testcase classname="ds.table_smk" name="simple_table_2D" time="0.00100000000020373"/>
    <testcase classname="ds.table_smk" name="simple_table_2D" time="0.000999999999748979"/>
    <testcase classname="ds.table_smk" name="simple_table_2D" time="0.00199999999995271"/>
    <testcase classname="ds.table_smk" name="simple_table_2D" time="0.00100000000020373"/>
    <testcase classname="ds.table_smk" name="simple_table_2D" time="0.000999999999748979"/>
    <testcase classname="ds.table_smk" name="simple_table_2D" time="0.00100000000020373"/>
    <testcase classname="ds.table_smk" name="simple_table_2D" time="0.00199999999995271"/>
    <testcase classname="ds.table_smk" name="simple_table_2D" time="0.00100000000020373"/>
    <testcase classname="ds.table_smk" name="simple_table_2D" time="0.000999999999748979"/>
    <testcase classname="ds.table_smk" name="simple_table_2D" time="0.00199999999995271"/>
    <testcase classname="ds.table_smk" name="simple_table_2D" time="0.00100000000020373"/>
    <testcase classname="ds.table_smk" name="simple_table_2D" time="0.000999999999748979"/>
    <testcase classname="ds.table_smk" name="simple_table_2D" time="0.00100000000020373"/>
    <testcase classname="ds.table_smk" name="simple_table_2D" time="0.00199999999995271"/>
  </testsuite>
  <testsuite errors="0" failures="0" hostname="fv-az14" name="ds.table::smk" skipped="2" tests="22" time="3.51" timestamp="2020-09-17T10:28:33Z">
    <testcase classname="ds.table_smk" name="simple_table_3D" time="0.012000000000171">
      <skipped/>
    </testcase>
    <testcase classname="ds.table_smk" name="simple_table_1D_with_assign" time="0.80600000000004"/>
    <testcase classname="ds.table_smk" name="simple_table_1D_with_assign" time="0.263999999999669"/>
    <testcase classname="ds.table_smk" name="simple_table_1D_with_assign" time="0.00100000000020373"/>
    <testcase classname="ds.table_smk" name="simple_table_1D_with_assign" time="0.000999999999748979"/>
    <testcase classname="ds.table_smk" name="simple_table_1D_with_assign" time="0.00200000000040745"/>
    <testcase classname="ds.table_smk" name="simple_table_1D_with_assign" time="0.000999999999748979"/>
    <testcase classname="ds.table_smk" name="simple_table_1D_with_assign" time="0.523999999999887"/>
    <testcase classname="ds.table_smk" name="simple_table_1D_with_assign" time="0.00100000000020373"/>
    <testcase classname="ds.table_smk" name="simple_table_1D_with_assign" time="0.00199999999995271"/>
    <testcase classname="ds.table_smk" name="simple_table_1D_with_assign" time="0.00100000000020373"/>
    <testcase classname="ds.table_smk" name="simple_table_2D_with_assign" time="1.07099999999991"/>
    <testcase classname="ds.table_smk" name="simple_table_2D_with_assign" time="0.271999999999935"/>
    <testcase classname="ds.table_smk" name="simple_table_2D_with_assign" time="0.00999999999976353"/>
    <testcase classname="ds.table_smk" name="simple_table_2D_with_assign" time="0.00100000000020373"/>
    <testcase classname="ds.table_smk" name="simple_table_2D_with_assign" time="0.00100000000020373"/>
    <testcase classname="ds.table_smk" name="simple_table_2D_with_assign" time="0.00199999999995271"/>
    <testcase classname="ds.table_smk" name="simple_table_2D_with_assign" time="0.531999999999698"/>
    <testcase classname="ds.table_smk" name="simple_table_2D_with_assign" time="0.00199999999995271"/>
    <testcase classname="ds.table_smk" name="simple_table_2D_with_assign" time="0.00100000000020373"/>
    <testcase classname="ds.table_smk" name="simple_table_2D_with_assign" time="0.00199999999995271"/>
    <testcase classname="ds.table_smk" name="simple_table_3D_with_assign" time="0.00100000000020373">
      <skipped/>
    </testcase>
  </testsuite>
  <testsuite errors="0" failures="0" hostname="fv-az14" name="ds.table::smk::shutdown" skipped="0" tests="3" time="0.285" timestamp="2020-09-17T10:28:36Z">
    <testcase classname="ds.table_smk_shutdown" name="shutdown" time="0.281999999999698"/>
    <testcase classname="ds.table_smk_shutdown" name="shutdown" time="0.00199999999995271"/>
    <testcase classname="ds.table_smk_shutdown" name="shutdown" time="0.00100000000020373"/>
  </testsuite>
  <testsuite errors="0" failures="0" hostname="fv-az14" name="ds.table::smk::done" skipped="0" tests="0" time="0" timestamp="2020-09-17T10:28:37Z"/>
  <testsuite errors="0" failures="0" hostname="fv-az14" name="ds.tapply.assign::smk::setup" skipped="0" tests="3" time="5.48" timestamp="2020-09-17T10:28:37Z">
    <testcase classname="ds.tapply.assign_smk_setup" name="setup" time="5.47800000000007"/>
    <testcase classname="ds.tapply.assign_smk_setup" name="setup" time="0.000999999999748979"/>
    <testcase classname="ds.tapply.assign_smk_setup" name="setup" time="0.00100000000020373"/>
  </testsuite>
  <testsuite errors="0" failures="0" hostname="fv-az14" name="ds.tapply.assign::smk::fun=mean" skipped="0" tests="8" time="2.247" timestamp="2020-09-17T10:28:43Z">
    <testcase classname="ds.tapply.assign_smk_fun_mean" name="simplest_ds.tapply.assign_fun_mean" time="1.92999999999984"/>
    <testcase classname="ds.tapply.assign_smk_fun_mean" name="simplest_ds.tapply.assign_fun_mean" time="0.00199999999995271"/>
    <testcase classname="ds.tapply.assign_smk_fun_mean" name="simplest_ds.tapply.assign_fun_mean" time="0.00100000000020373"/>
    <testcase classname="ds.tapply.assign_smk_fun_mean" name="simplest_ds.tapply.assign_fun_mean" time="0.307999999999993"/>
    <testcase classname="ds.tapply.assign_smk_fun_mean" name="simplest_ds.tapply.assign_fun_mean" time="0.00199999999995271"/>
    <testcase classname="ds.tapply.assign_smk_fun_mean" name="simplest_ds.tapply.assign_fun_mean" time="0.00199999999995271"/>
    <testcase classname="ds.tapply.assign_smk_fun_mean" name="simplest_ds.tapply.assign_fun_mean" time="0.00100000000020373"/>
    <testcase classname="ds.tapply.assign_smk_fun_mean" name="simplest_ds.tapply.assign_fun_mean" time="0.00100000000020373"/>
  </testsuite>
  <testsuite errors="0" failures="0" hostname="fv-az14" name="ds.tapply.assign::smk::fun=sd" skipped="0" tests="8" time="1.065" timestamp="2020-09-17T10:28:44Z">
    <testcase classname="ds.tapply.assign_smk_fun_sd" name="simplest_ds.tapply.assign_fun_sd" time="0.795999999999822"/>
    <testcase classname="ds.tapply.assign_smk_fun_sd" name="simplest_ds.tapply.assign_fun_sd" time="0.00100000000020373"/>
    <testcase classname="ds.tapply.assign_smk_fun_sd" name="simplest_ds.tapply.assign_fun_sd" time="0.000999999999748979"/>
    <testcase classname="ds.tapply.assign_smk_fun_sd" name="simplest_ds.tapply.assign_fun_sd" time="0.260999999999967"/>
    <testcase classname="ds.tapply.assign_smk_fun_sd" name="simplest_ds.tapply.assign_fun_sd" time="0.00199999999995271"/>
    <testcase classname="ds.tapply.assign_smk_fun_sd" name="simplest_ds.tapply.assign_fun_sd" time="0.00100000000020373"/>
    <testcase classname="ds.tapply.assign_smk_fun_sd" name="simplest_ds.tapply.assign_fun_sd" time="0.00100000000020373"/>
    <testcase classname="ds.tapply.assign_smk_fun_sd" name="simplest_ds.tapply.assign_fun_sd" time="0.00199999999995271"/>
  </testsuite>
  <testsuite errors="0" failures="0" hostname="fv-az14" name="ds.tapply.assign::smk::fun=sum" skipped="0" tests="8" time="1.08" timestamp="2020-09-17T10:28:45Z">
    <testcase classname="ds.tapply.assign_smk_fun_sum" name="simplest_ds.tapply.assign_fun_sum" time="0.80600000000004"/>
    <testcase classname="ds.tapply.assign_smk_fun_sum" name="simplest_ds.tapply.assign_fun_sum" time="0.000999999999748979"/>
    <testcase classname="ds.tapply.assign_smk_fun_sum" name="simplest_ds.tapply.assign_fun_sum" time="0.00100000000020373"/>
    <testcase classname="ds.tapply.assign_smk_fun_sum" name="simplest_ds.tapply.assign_fun_sum" time="0.265999999999622"/>
    <testcase classname="ds.tapply.assign_smk_fun_sum" name="simplest_ds.tapply.assign_fun_sum" time="0.00200000000040745"/>
    <testcase classname="ds.tapply.assign_smk_fun_sum" name="simplest_ds.tapply.assign_fun_sum" time="0.000999999999748979"/>
    <testcase classname="ds.tapply.assign_smk_fun_sum" name="simplest_ds.tapply.assign_fun_sum" time="0.00100000000020373"/>
    <testcase classname="ds.tapply.assign_smk_fun_sum" name="simplest_ds.tapply.assign_fun_sum" time="0.00199999999995271"/>
  </testsuite>
  <testsuite errors="0" failures="0" hostname="fv-az14" name="ds.tapply.assign::smk::fun=quantile" skipped="0" tests="8" time="1.074" timestamp="2020-09-17T10:28:46Z">
    <testcase classname="ds.tapply.assign_smk_fun_quantile" name="simplest_ds.tapply.assign_fun_quantile" time="0.799999999999727"/>
    <testcase classname="ds.tapply.assign_smk_fun_quantile" name="simplest_ds.tapply.assign_fun_quantile" time="0.00100000000020373"/>
    <testcase classname="ds.tapply.assign_smk_fun_quantile" name="simplest_ds.tapply.assign_fun_quantile" time="0.00100000000020373"/>
    <testcase classname="ds.tapply.assign_smk_fun_quantile" name="simplest_ds.tapply.assign_fun_quantile" time="0.265999999999622"/>
    <testcase classname="ds.tapply.assign_smk_fun_quantile" name="simplest_ds.tapply.assign_fun_quantile" time="0.00199999999995271"/>
    <testcase classname="ds.tapply.assign_smk_fun_quantile" name="simplest_ds.tapply.assign_fun_quantile" time="0.00100000000020373"/>
    <testcase classname="ds.tapply.assign_smk_fun_quantile" name="simplest_ds.tapply.assign_fun_quantile" time="0.00199999999995271"/>
    <testcase classname="ds.tapply.assign_smk_fun_quantile" name="simplest_ds.tapply.assign_fun_quantile" time="0.00100000000020373"/>
  </testsuite>
  <testsuite errors="0" failures="0" hostname="fv-az14" name="ds.tapply.assign::smk::shutdown" skipped="0" tests="3" time="0.282" timestamp="2020-09-17T10:28:48Z">
    <testcase classname="ds.tapply.assign_smk_shutdown" name="shutdown" time="0.278999999999996"/>
    <testcase classname="ds.tapply.assign_smk_shutdown" name="shutdown" time="0.000999999999748979"/>
    <testcase classname="ds.tapply.assign_smk_shutdown" name="shutdown" time="0.00199999999995271"/>
  </testsuite>
  <testsuite errors="0" failures="0" hostname="fv-az14" name="ds.tapply.assign::smk::done" skipped="0" tests="0" time="0" timestamp="2020-09-17T10:28:49Z"/>
  <testsuite errors="0" failures="0" hostname="fv-az14" name="ds.tapply::smk::setup" skipped="0" tests="3" time="5.519" timestamp="2020-09-17T10:28:49Z">
    <testcase classname="ds.tapply_smk_setup" name="setup" time="5.51700000000028"/>
    <testcase classname="ds.tapply_smk_setup" name="setup" time="0.000999999999748979"/>
    <testcase classname="ds.tapply_smk_setup" name="setup" time="0.00100000000020373"/>
  </testsuite>
  <testsuite errors="0" failures="0" hostname="fv-az14" name="ds.tapply::smk::fun=mean" skipped="0" tests="22" time="1.365" timestamp="2020-09-17T10:28:54Z">
    <testcase classname="ds.tapply_smk_fun_mean" name="simplest_ds.tapply_fun_mean" time="1.33799999999974"/>
    <testcase classname="ds.tapply_smk_fun_mean" name="simplest_ds.tapply_fun_mean" time="0.00100000000020373"/>
    <testcase classname="ds.tapply_smk_fun_mean" name="simplest_ds.tapply_fun_mean" time="0.000999999999748979"/>
    <testcase classname="ds.tapply_smk_fun_mean" name="simplest_ds.tapply_fun_mean" time="0.00100000000020373"/>
    <testcase classname="ds.tapply_smk_fun_mean" name="simplest_ds.tapply_fun_mean" time="0.00199999999995271"/>
    <testcase classname="ds.tapply_smk_fun_mean" name="simplest_ds.tapply_fun_mean" time="0.00100000000020373"/>
    <testcase classname="ds.tapply_smk_fun_mean" name="simplest_ds.tapply_fun_mean" time="0.000999999999748979"/>
    <testcase classname="ds.tapply_smk_fun_mean" name="simplest_ds.tapply_fun_mean" time="0.00100000000020373"/>
    <testcase classname="ds.tapply_smk_fun_mean" name="simplest_ds.tapply_fun_mean" time="0.000999999999748979"/>
    <testcase classname="ds.tapply_smk_fun_mean" name="simplest_ds.tapply_fun_mean" time="0.00199999999995271"/>
    <testcase classname="ds.tapply_smk_fun_mean" name="simplest_ds.tapply_fun_mean" time="0.00100000000020373"/>
    <testcase classname="ds.tapply_smk_fun_mean" name="simplest_ds.tapply_fun_mean" time="0.00199999999995271"/>
    <testcase classname="ds.tapply_smk_fun_mean" name="simplest_ds.tapply_fun_mean" time="0.00100000000020373"/>
    <testcase classname="ds.tapply_smk_fun_mean" name="simplest_ds.tapply_fun_mean" time="0.000999999999748979"/>
    <testcase classname="ds.tapply_smk_fun_mean" name="simplest_ds.tapply_fun_mean" time="0.000999999999748979"/>
    <testcase classname="ds.tapply_smk_fun_mean" name="simplest_ds.tapply_fun_mean" time="0.00100000000020373"/>
    <testcase classname="ds.tapply_smk_fun_mean" name="simplest_ds.tapply_fun_mean" time="0.00199999999995271"/>
    <testcase classname="ds.tapply_smk_fun_mean" name="simplest_ds.tapply_fun_mean" time="0.00100000000020373"/>
    <testcase classname="ds.tapply_smk_fun_mean" name="simplest_ds.tapply_fun_mean" time="0.000999999999748979"/>
    <testcase classname="ds.tapply_smk_fun_mean" name="simplest_ds.tapply_fun_mean" time="0.00199999999995271"/>
    <testcase classname="ds.tapply_smk_fun_mean" name="simplest_ds.tapply_fun_mean" time="0.00100000000020373"/>
    <testcase classname="ds.tapply_smk_fun_mean" name="simplest_ds.tapply_fun_mean" time="0.00199999999995271"/>
  </testsuite>
  <testsuite errors="0" failures="0" hostname="fv-az14" name="ds.tapply::smk::fun=sd" skipped="0" tests="22" time="0.354" timestamp="2020-09-17T10:28:55Z">
    <testcase classname="ds.tapply_smk_fun_sd" name="simplest_ds.tapply_fun_sd" time="0.324000000000069"/>
    <testcase classname="ds.tapply_smk_fun_sd" name="simplest_ds.tapply_fun_sd" time="0.000999999999748979"/>
    <testcase classname="ds.tapply_smk_fun_sd" name="simplest_ds.tapply_fun_sd" time="0.00100000000020373"/>
    <testcase classname="ds.tapply_smk_fun_sd" name="simplest_ds.tapply_fun_sd" time="0.000999999999748979"/>
    <testcase classname="ds.tapply_smk_fun_sd" name="simplest_ds.tapply_fun_sd" time="0.00199999999995271"/>
    <testcase classname="ds.tapply_smk_fun_sd" name="simplest_ds.tapply_fun_sd" time="0.00200000000040745"/>
    <testcase classname="ds.tapply_smk_fun_sd" name="simplest_ds.tapply_fun_sd" time="0.00199999999995271"/>
    <testcase classname="ds.tapply_smk_fun_sd" name="simplest_ds.tapply_fun_sd" time="0.000999999999748979"/>
    <testcase classname="ds.tapply_smk_fun_sd" name="simplest_ds.tapply_fun_sd" time="0.00199999999995271"/>
    <testcase classname="ds.tapply_smk_fun_sd" name="simplest_ds.tapply_fun_sd" time="0.00100000000020373"/>
    <testcase classname="ds.tapply_smk_fun_sd" name="simplest_ds.tapply_fun_sd" time="0.00199999999995271"/>
    <testcase classname="ds.tapply_smk_fun_sd" name="simplest_ds.tapply_fun_sd" time="0.00100000000020373"/>
    <testcase classname="ds.tapply_smk_fun_sd" name="simplest_ds.tapply_fun_sd" time="0.00199999999995271"/>
    <testcase classname="ds.tapply_smk_fun_sd" name="simplest_ds.tapply_fun_sd" time="0.000999999999748979"/>
    <testcase classname="ds.tapply_smk_fun_sd" name="simplest_ds.tapply_fun_sd" time="0.00199999999995271"/>
    <testcase classname="ds.tapply_smk_fun_sd" name="simplest_ds.tapply_fun_sd" time="0.00100000000020373"/>
    <testcase classname="ds.tapply_smk_fun_sd" name="simplest_ds.tapply_fun_sd" time="0.000999999999748979"/>
    <testcase classname="ds.tapply_smk_fun_sd" name="simplest_ds.tapply_fun_sd" time="0.00199999999995271"/>
    <testcase classname="ds.tapply_smk_fun_sd" name="simplest_ds.tapply_fun_sd" time="0.00100000000020373"/>
    <testcase classname="ds.tapply_smk_fun_sd" name="simplest_ds.tapply_fun_sd" time="0.00199999999995271"/>
    <testcase classname="ds.tapply_smk_fun_sd" name="simplest_ds.tapply_fun_sd" time="0.00100000000020373"/>
    <testcase classname="ds.tapply_smk_fun_sd" name="simplest_ds.tapply_fun_sd" time="0.000999999999748979"/>
  </testsuite>
  <testsuite errors="0" failures="0" hostname="fv-az14" name="ds.tapply::smk::fun=sum" skipped="0" tests="22" time="0.31" timestamp="2020-09-17T10:28:55Z">
    <testcase classname="ds.tapply_smk_fun_sum" name="simplest_ds.tapply_fun_sum" time="0.280999999999949"/>
    <testcase classname="ds.tapply_smk_fun_sum" name="simplest_ds.tapply_fun_sum" time="0.00100000000020373"/>
    <testcase classname="ds.tapply_smk_fun_sum" name="simplest_ds.tapply_fun_sum" time="0.000999999999748979"/>
    <testcase classname="ds.tapply_smk_fun_sum" name="simplest_ds.tapply_fun_sum" time="0.00200000000040745"/>
    <testcase classname="ds.tapply_smk_fun_sum" name="simplest_ds.tapply_fun_sum" time="0.000999999999748979"/>
    <testcase classname="ds.tapply_smk_fun_sum" name="simplest_ds.tapply_fun_sum" time="0.00100000000020373"/>
    <testcase classname="ds.tapply_smk_fun_sum" name="simplest_ds.tapply_fun_sum" time="0.00199999999995271"/>
    <testcase classname="ds.tapply_smk_fun_sum" name="simplest_ds.tapply_fun_sum" time="0.000999999999748979"/>
    <testcase classname="ds.tapply_smk_fun_sum" name="simplest_ds.tapply_fun_sum" time="0.00100000000020373"/>
    <testcase classname="ds.tapply_smk_fun_sum" name="simplest_ds.tapply_fun_sum" time="0.00199999999995271"/>
    <testcase classname="ds.tapply_smk_fun_sum" name="simplest_ds.tapply_fun_sum" time="0.00100000000020373"/>
    <testcase classname="ds.tapply_smk_fun_sum" name="simplest_ds.tapply_fun_sum" time="0.000999999999748979"/>
    <testcase classname="ds.tapply_smk_fun_sum" name="simplest_ds.tapply_fun_sum" time="0.00199999999995271"/>
    <testcase classname="ds.tapply_smk_fun_sum" name="simplest_ds.tapply_fun_sum" time="0.00100000000020373"/>
    <testcase classname="ds.tapply_smk_fun_sum" name="simplest_ds.tapply_fun_sum" time="0.000999999999748979"/>
    <testcase classname="ds.tapply_smk_fun_sum" name="simplest_ds.tapply_fun_sum" time="0.00199999999995271"/>
    <testcase classname="ds.tapply_smk_fun_sum" name="simplest_ds.tapply_fun_sum" time="0.00100000000020373"/>
    <testcase classname="ds.tapply_smk_fun_sum" name="simplest_ds.tapply_fun_sum" time="0.00199999999995271"/>
    <testcase classname="ds.tapply_smk_fun_sum" name="simplest_ds.tapply_fun_sum" time="0.00199999999995271"/>
    <testcase classname="ds.tapply_smk_fun_sum" name="simplest_ds.tapply_fun_sum" time="0.00100000000020373"/>
    <testcase classname="ds.tapply_smk_fun_sum" name="simplest_ds.tapply_fun_sum" time="0.00199999999995271"/>
    <testcase classname="ds.tapply_smk_fun_sum" name="simplest_ds.tapply_fun_sum" time="0.000999999999748979"/>
  </testsuite>
  <testsuite errors="0" failures="0" hostname="fv-az14" name="ds.tapply::smk::fun=quantile" skipped="0" tests="10" time="0.285" timestamp="2020-09-17T10:28:55Z">
    <testcase classname="ds.tapply_smk_fun_quantile" name="simplest_ds.tapply_fun_quantile" time="0.274000000000342"/>
    <testcase classname="ds.tapply_smk_fun_quantile" name="simplest_ds.tapply_fun_quantile" time="0.000999999999748979"/>
    <testcase classname="ds.tapply_smk_fun_quantile" name="simplest_ds.tapply_fun_quantile" time="0.00100000000020373"/>
    <testcase classname="ds.tapply_smk_fun_quantile" name="simplest_ds.tapply_fun_quantile" time="0.000999999999748979"/>
    <testcase classname="ds.tapply_smk_fun_quantile" name="simplest_ds.tapply_fun_quantile" time="0.00100000000020373"/>
    <testcase classname="ds.tapply_smk_fun_quantile" name="simplest_ds.tapply_fun_quantile" time="0.00199999999995271"/>
    <testcase classname="ds.tapply_smk_fun_quantile" name="simplest_ds.tapply_fun_quantile" time="0.000999999999748979"/>
    <testcase classname="ds.tapply_smk_fun_quantile" name="simplest_ds.tapply_fun_quantile" time="0.00100000000020373"/>
    <testcase classname="ds.tapply_smk_fun_quantile" name="simplest_ds.tapply_fun_quantile" time="0.00199999999995271"/>
    <testcase classname="ds.tapply_smk_fun_quantile" name="simplest_ds.tapply_fun_quantile" time="0.00100000000020373"/>
  </testsuite>
  <testsuite errors="0" failures="0" hostname="fv-az14" name="ds.tapply::smk::shutdown" skipped="0" tests="3" time="0.288" timestamp="2020-09-17T10:28:56Z">
    <testcase classname="ds.tapply_smk_shutdown" name="shutdown" time="0.284999999999854"/>
    <testcase classname="ds.tapply_smk_shutdown" name="shutdown" time="0.00199999999995271"/>
    <testcase classname="ds.tapply_smk_shutdown" name="shutdown" time="0.00100000000020373"/>
  </testsuite>
  <testsuite errors="0" failures="0" hostname="fv-az14" name="ds.tapply::smk::done" skipped="0" tests="0" time="0" timestamp="2020-09-17T10:28:57Z"/>
  <testsuite errors="0" failures="0" hostname="fv-az14" name="ds.testObjExists::smk::setup" skipped="0" tests="3" time="5.327" timestamp="2020-09-17T10:28:57Z">
    <testcase classname="ds.testObjExists_smk_setup" name="setup" time="5.32400000000007"/>
    <testcase classname="ds.testObjExists_smk_setup" name="setup" time="0.00199999999995271"/>
    <testcase classname="ds.testObjExists_smk_setup" name="setup" time="0.000999999999748979"/>
  </testsuite>
  <testsuite errors="0" failures="0" hostname="fv-az14" name="ds.testObjExists::smk::discordant" skipped="0" tests="20" time="0.624" timestamp="2020-09-17T10:29:01Z">
    <testcase classname="ds.testObjExists_smk_discordant" name="simple_testObjExists_discordant" time="0.329000000000178"/>
    <testcase classname="ds.testObjExists_smk_discordant" name="simple_testObjExists_discordant" time="0.00199999999995271"/>
    <testcase classname="ds.testObjExists_smk_discordant" name="data.frame_testObjExists_discordant" time="0.264999999999873"/>
    <testcase classname="ds.testObjExists_smk_discordant" name="data.frame_testObjExists_discordant" time="0.00100000000020373"/>
    <testcase classname="ds.testObjExists_smk_discordant" name="data.frame_testObjExists_discordant" time="0.00199999999995271"/>
    <testcase classname="ds.testObjExists_smk_discordant" name="data.frame_testObjExists_discordant" time="0.000999999999748979"/>
    <testcase classname="ds.testObjExists_smk_discordant" name="data.frame_testObjExists_discordant" time="0.00100000000020373"/>
    <testcase classname="ds.testObjExists_smk_discordant" name="data.frame_testObjExists_discordant" time="0.000999999999748979"/>
    <testcase classname="ds.testObjExists_smk_discordant" name="data.frame_testObjExists_discordant" time="0.00100000000020373"/>
    <testcase classname="ds.testObjExists_smk_discordant" name="data.frame_testObjExists_discordant" time="0.000999999999748979"/>
    <testcase classname="ds.testObjExists_smk_discordant" name="data.frame_testObjExists_discordant" time="0.00100000000020373"/>
    <testcase classname="ds.testObjExists_smk_discordant" name="data.frame_testObjExists_discordant" time="0.00199999999995271"/>
    <testcase classname="ds.testObjExists_smk_discordant" name="data.frame_testObjExists_discordant" time="0.00199999999995271"/>
    <testcase classname="ds.testObjExists_smk_discordant" name="data.frame_testObjExists_discordant" time="0.000999999999748979"/>
    <testcase classname="ds.testObjExists_smk_discordant" name="data.frame_testObjExists_discordant" time="0.00300000000015643"/>
    <testcase classname="ds.testObjExists_smk_discordant" name="data.frame_testObjExists_discordant" time="0.00300000000015643"/>
    <testcase classname="ds.testObjExists_smk_discordant" name="data.frame_testObjExists_discordant" time="0.00199999999995271"/>
    <testcase classname="ds.testObjExists_smk_discordant" name="data.frame_testObjExists_discordant" time="0.00199999999995271"/>
    <testcase classname="ds.testObjExists_smk_discordant" name="data.frame_testObjExists_discordant" time="0.00199999999995271"/>
    <testcase classname="ds.testObjExists_smk_discordant" name="data.frame_testObjExists_discordant" time="0.00199999999995271"/>
  </testsuite>
  <testsuite errors="0" failures="0" hostname="fv-az14" name="ds.testObjExists::smk::shutdown" skipped="0" tests="3" time="0.29" timestamp="2020-09-17T10:29:02Z">
    <testcase classname="ds.testObjExists_smk_shutdown" name="shutdown" time="0.288000000000011"/>
    <testcase classname="ds.testObjExists_smk_shutdown" name="shutdown" time="0.00100000000020373"/>
    <testcase classname="ds.testObjExists_smk_shutdown" name="shutdown" time="0.000999999999748979"/>
  </testsuite>
  <testsuite errors="0" failures="0" hostname="fv-az14" name="ds.testObjExists::smk::done" skipped="0" tests="0" time="0" timestamp="2020-09-17T10:29:03Z"/>
  <testsuite errors="0" failures="0" hostname="fv-az14" name="ds.testObjExists::smk::setup" skipped="0" tests="3" time="5.501" timestamp="2020-09-17T10:29:03Z">
    <testcase classname="ds.testObjExists_smk_setup" name="setup" time="5.49900000000025"/>
    <testcase classname="ds.testObjExists_smk_setup" name="setup" time="0.000999999999748979"/>
    <testcase classname="ds.testObjExists_smk_setup" name="setup" time="0.00100000000020373"/>
  </testsuite>
  <testsuite errors="0" failures="0" hostname="fv-az14" name="ds.testObjExists::smk" skipped="0" tests="40" time="3.888" timestamp="2020-09-17T10:29:08Z">
    <testcase classname="ds.testObjExists_smk" name="simple_testObjExists" time="0.27599999999984"/>
    <testcase classname="ds.testObjExists_smk" name="simple_testObjExists" time="0.00100000000020373"/>
    <testcase classname="ds.testObjExists_smk" name="data.frame_testObjExists" time="2.96199999999999"/>
    <testcase classname="ds.testObjExists_smk" name="data.frame_testObjExists" time="0.00199999999995271"/>
    <testcase classname="ds.testObjExists_smk" name="data.frame_testObjExists" time="0.295000000000073"/>
    <testcase classname="ds.testObjExists_smk" name="data.frame_testObjExists" time="0.000999999999748979"/>
    <testcase classname="ds.testObjExists_smk" name="data.frame_testObjExists" time="0.00199999999995271"/>
    <testcase classname="ds.testObjExists_smk" name="data.frame_testObjExists" time="0.00100000000020373"/>
    <testcase classname="ds.testObjExists_smk" name="data.frame_testObjExists" time="0.000999999999748979"/>
    <testcase classname="ds.testObjExists_smk" name="data.frame_testObjExists" time="0.00200000000040745"/>
    <testcase classname="ds.testObjExists_smk" name="data.frame_testObjExists" time="0.000999999999748979"/>
    <testcase classname="ds.testObjExists_smk" name="data.frame_testObjExists" time="0.00199999999995271"/>
    <testcase classname="ds.testObjExists_smk" name="data.frame_testObjExists" time="0.00100000000020373"/>
    <testcase classname="ds.testObjExists_smk" name="data.frame_testObjExists" time="0.000999999999748979"/>
    <testcase classname="ds.testObjExists_smk" name="data.frame_testObjExists" time="0.00199999999995271"/>
    <testcase classname="ds.testObjExists_smk" name="data.frame_testObjExists" time="0.00200000000040745"/>
    <testcase classname="ds.testObjExists_smk" name="data.frame_testObjExists" time="0.000999999999748979"/>
    <testcase classname="ds.testObjExists_smk" name="data.frame_testObjExists" time="0.00100000000020373"/>
    <testcase classname="ds.testObjExists_smk" name="data.frame_testObjExists" time="0.00100000000020373"/>
    <testcase classname="ds.testObjExists_smk" name="data.frame_testObjExists" time="0.000999999999748979"/>
    <testcase classname="ds.testObjExists_smk" name="data.frame_testObjExists" time="0.00199999999995271"/>
    <testcase classname="ds.testObjExists_smk" name="data.frame_testObjExists" time="0.00100000000020373"/>
    <testcase classname="ds.testObjExists_smk" name="data.frame_testObjExists" time="0.298999999999978"/>
    <testcase classname="ds.testObjExists_smk" name="data.frame_testObjExists" time="0.00199999999995271"/>
    <testcase classname="ds.testObjExists_smk" name="data.frame_testObjExists" time="0.00100000000020373"/>
    <testcase classname="ds.testObjExists_smk" name="data.frame_testObjExists" time="0.000999999999748979"/>
    <testcase classname="ds.testObjExists_smk" name="data.frame_testObjExists" time="0.000999999999748979"/>
    <testcase classname="ds.testObjExists_smk" name="data.frame_testObjExists" time="0.00199999999995271"/>
    <testcase classname="ds.testObjExists_smk" name="data.frame_testObjExists" time="0.00100000000020373"/>
    <testcase classname="ds.testObjExists_smk" name="data.frame_testObjExists" time="0.000999999999748979"/>
    <testcase classname="ds.testObjExists_smk" name="data.frame_testObjExists" time="0.00200000000040745"/>
    <testcase classname="ds.testObjExists_smk" name="data.frame_testObjExists" time="0.00199999999995271"/>
    <testcase classname="ds.testObjExists_smk" name="data.frame_testObjExists" time="0.000999999999748979"/>
    <testcase classname="ds.testObjExists_smk" name="data.frame_testObjExists" time="0.00199999999995271"/>
    <testcase classname="ds.testObjExists_smk" name="data.frame_testObjExists" time="0.00100000000020373"/>
    <testcase classname="ds.testObjExists_smk" name="data.frame_testObjExists" time="0.00199999999995271"/>
    <testcase classname="ds.testObjExists_smk" name="data.frame_testObjExists" time="0.00500000000010914"/>
    <testcase classname="ds.testObjExists_smk" name="data.frame_testObjExists" time="0.00199999999995271"/>
    <testcase classname="ds.testObjExists_smk" name="data.frame_testObjExists" time="0.00199999999995271"/>
    <testcase classname="ds.testObjExists_smk" name="data.frame_testObjExists" time="0.00199999999995271"/>
  </testsuite>
  <testsuite errors="0" failures="0" hostname="fv-az14" name="ds.testObjExists::smk::shutdown" skipped="0" tests="3" time="0.28" timestamp="2020-09-17T10:29:12Z">
    <testcase classname="ds.testObjExists_smk_shutdown" name="shutdown" time="0.277000000000044"/>
    <testcase classname="ds.testObjExists_smk_shutdown" name="shutdown" time="0.00199999999995271"/>
    <testcase classname="ds.testObjExists_smk_shutdown" name="shutdown" time="0.00100000000020373"/>
  </testsuite>
  <testsuite errors="0" failures="0" hostname="fv-az14" name="ds.testObjExists::smk::done" skipped="0" tests="0" time="0" timestamp="2020-09-17T10:29:13Z"/>
  <testsuite errors="0" failures="0" hostname="fv-az14" name="ds.unList::smk::setup" skipped="0" tests="3" time="5.409" timestamp="2020-09-17T10:29:13Z">
    <testcase classname="ds.unList_smk_setup" name="setup" time="5.40599999999995"/>
    <testcase classname="ds.unList_smk_setup" name="setup" time="0.00199999999995271"/>
    <testcase classname="ds.unList_smk_setup" name="setup" time="0.000999999999748979"/>
  </testsuite>
  <testsuite errors="0" failures="0" hostname="fv-az14" name="ds.unList::smk::simple test" skipped="0" tests="3" time="1.346" timestamp="2020-09-17T10:29:17Z">
    <testcase classname="ds.unList_smk_simple_test" name="simple_test" time="1.3430000000003"/>
    <testcase classname="ds.unList_smk_simple_test" name="simple_test" time="0.00199999999995271"/>
    <testcase classname="ds.unList_smk_simple_test" name="simple_test" time="0.000999999999748979"/>
  </testsuite>
  <testsuite errors="0" failures="0" hostname="fv-az14" name="ds.unList::smk::shutdown" skipped="0" tests="3" time="0.278" timestamp="2020-09-17T10:29:19Z">
    <testcase classname="ds.unList_smk_shutdown" name="shutdown" time="0.275000000000091"/>
    <testcase classname="ds.unList_smk_shutdown" name="shutdown" time="0.00199999999995271"/>
    <testcase classname="ds.unList_smk_shutdown" name="shutdown" time="0.00100000000020373"/>
  </testsuite>
  <testsuite errors="0" failures="0" hostname="fv-az14" name="ds.unList::smk::done" skipped="0" tests="0" time="0" timestamp="2020-09-17T10:29:20Z"/>
  <testsuite errors="0" failures="0" hostname="fv-az14" name="ds.var::smk::setup" skipped="0" tests="3" time="5.437" timestamp="2020-09-17T10:29:20Z">
    <testcase classname="ds.var_smk_setup" name="setup" time="5.43499999999995"/>
    <testcase classname="ds.var_smk_setup" name="setup" time="0.00100000000020373"/>
    <testcase classname="ds.var_smk_setup" name="setup" time="0.000999999999748979"/>
  </testsuite>
  <testsuite errors="0" failures="0" hostname="fv-az14" name="ds.var::smk::split" skipped="0" tests="19" time="0.316" timestamp="2020-09-17T10:29:24Z">
    <testcase classname="ds.var_smk_split" name="simple_var_split" time="0.288000000000011"/>
    <testcase classname="ds.var_smk_split" name="simple_var_split" time="0.00100000000020373"/>
    <testcase classname="ds.var_smk_split" name="simple_var_split" time="0.00199999999995271"/>
    <testcase classname="ds.var_smk_split" name="simple_var_split" time="0.000999999999748979"/>
    <testcase classname="ds.var_smk_split" name="simple_var_split" time="0.00100000000020373"/>
    <testcase classname="ds.var_smk_split" name="simple_var_split" time="0.00100000000020373"/>
    <testcase classname="ds.var_smk_split" name="simple_var_split" time="0.000999999999748979"/>
    <testcase classname="ds.var_smk_split" name="simple_var_split" time="0.00100000000020373"/>
    <testcase classname="ds.var_smk_split" name="simple_var_split" time="0.00199999999995271"/>
    <testcase classname="ds.var_smk_split" name="simple_var_split" time="0.00100000000020373"/>
    <testcase classname="ds.var_smk_split" name="simple_var_split" time="0.00199999999995271"/>
    <testcase classname="ds.var_smk_split" name="simple_var_split" time="0.00299999999970169"/>
    <testcase classname="ds.var_smk_split" name="simple_var_split" time="0.00100000000020373"/>
    <testcase classname="ds.var_smk_split" name="simple_var_split" time="0.00199999999995271"/>
    <testcase classname="ds.var_smk_split" name="simple_var_split" time="0.00199999999995271"/>
    <testcase classname="ds.var_smk_split" name="simple_var_split" time="0.00199999999995271"/>
    <testcase classname="ds.var_smk_split" name="simple_var_split" time="0.00199999999995271"/>
    <testcase classname="ds.var_smk_split" name="simple_var_split" time="0.00100000000020373"/>
    <testcase classname="ds.var_smk_split" name="simple_var_split" time="0.00199999999995271"/>
  </testsuite>
  <testsuite errors="0" failures="0" hostname="fv-az14" name="ds.var::smk::combine" skipped="0" tests="11" time="0.29" timestamp="2020-09-17T10:29:25Z">
    <testcase classname="ds.var_smk_combine" name="simple_var_combine" time="0.277000000000044"/>
    <testcase classname="ds.var_smk_combine" name="simple_var_combine" time="0.00100000000020373"/>
    <testcase classname="ds.var_smk_combine" name="simple_var_combine" time="0.000999999999748979"/>
    <testcase classname="ds.var_smk_combine" name="simple_var_combine" time="0.00199999999995271"/>
    <testcase classname="ds.var_smk_combine" name="simple_var_combine" time="0.00100000000020373"/>
    <testcase classname="ds.var_smk_combine" name="simple_var_combine" time="0.00199999999995271"/>
    <testcase classname="ds.var_smk_combine" name="simple_var_combine" time="0.000999999999748979"/>
    <testcase classname="ds.var_smk_combine" name="simple_var_combine" time="0.00100000000020373"/>
    <testcase classname="ds.var_smk_combine" name="simple_var_combine" time="0.000999999999748979"/>
    <testcase classname="ds.var_smk_combine" name="simple_var_combine" time="0.00200000000040745"/>
    <testcase classname="ds.var_smk_combine" name="simple_var_combine" time="0.000999999999748979"/>
  </testsuite>
  <testsuite errors="0" failures="0" hostname="fv-az14" name="ds.var::smk::both" skipped="0" tests="24" time="0.327" timestamp="2020-09-17T10:29:25Z">
    <testcase classname="ds.var_smk_both" name="simple_var_both" time="0.289000000000215"/>
    <testcase classname="ds.var_smk_both" name="simple_var_both" time="0.000999999999748979"/>
    <testcase classname="ds.var_smk_both" name="simple_var_both" time="0.00100000000020373"/>
    <testcase classname="ds.var_smk_both" name="simple_var_both" time="0.00199999999995271"/>
    <testcase classname="ds.var_smk_both" name="simple_var_both" time="0.000999999999748979"/>
    <testcase classname="ds.var_smk_both" name="simple_var_both" time="0.00100000000020373"/>
    <testcase classname="ds.var_smk_both" name="simple_var_both" time="0.00199999999995271"/>
    <testcase classname="ds.var_smk_both" name="simple_var_both" time="0.00100000000020373"/>
    <testcase classname="ds.var_smk_both" name="simple_var_both" time="0.000999999999748979"/>
    <testcase classname="ds.var_smk_both" name="simple_var_both" time="0.00199999999995271"/>
    <testcase classname="ds.var_smk_both" name="simple_var_both" time="0.00100000000020373"/>
    <testcase classname="ds.var_smk_both" name="simple_var_both" time="0.000999999999748979"/>
    <testcase classname="ds.var_smk_both" name="simple_var_both" time="0.00200000000040745"/>
    <testcase classname="ds.var_smk_both" name="simple_var_both" time="0.00199999999995271"/>
    <testcase classname="ds.var_smk_both" name="simple_var_both" time="0.000999999999748979"/>
    <testcase classname="ds.var_smk_both" name="simple_var_both" time="0.00500000000010914"/>
    <testcase classname="ds.var_smk_both" name="simple_var_both" time="0.00199999999995271"/>
    <testcase classname="ds.var_smk_both" name="simple_var_both" time="0.00100000000020373"/>
    <testcase classname="ds.var_smk_both" name="simple_var_both" time="0.00199999999995271"/>
    <testcase classname="ds.var_smk_both" name="simple_var_both" time="0.00299999999970169"/>
    <testcase classname="ds.var_smk_both" name="simple_var_both" time="0.00100000000020373"/>
    <testcase classname="ds.var_smk_both" name="simple_var_both" time="0.00199999999995271"/>
    <testcase classname="ds.var_smk_both" name="simple_var_both" time="0.00100000000020373"/>
    <testcase classname="ds.var_smk_both" name="simple_var_both" time="0.00199999999995271"/>
  </testsuite>
  <testsuite errors="0" failures="0" hostname="fv-az14" name="ds.var::smk::shutdown" skipped="0" tests="3" time="0.28" timestamp="2020-09-17T10:29:25Z">
    <testcase classname="ds.var_smk_shutdown" name="shutdown" time="0.277000000000044"/>
    <testcase classname="ds.var_smk_shutdown" name="shutdown" time="0.000999999999748979"/>
    <testcase classname="ds.var_smk_shutdown" name="shutdown" time="0.00199999999995271"/>
  </testsuite>
  <testsuite errors="0" failures="0" hostname="fv-az14" name="ds.var::smk::done" skipped="0" tests="0" time="0" timestamp="2020-09-17T10:29:26Z"/>
  <testsuite errors="0" failures="0" hostname="fv-az14" name="ds.vectorCalc::smk::setup" skipped="0" tests="3" time="5.486" timestamp="2020-09-17T10:29:26Z">
    <testcase classname="ds.vectorCalc_smk_setup" name="setup" time="5.48399999999992"/>
    <testcase classname="ds.vectorCalc_smk_setup" name="setup" time="0.00100000000020373"/>
    <testcase classname="ds.vectorCalc_smk_setup" name="setup" time="0.000999999999748979"/>
  </testsuite>
  <testsuite errors="0" failures="0" hostname="fv-az14" name="ds.vectorCalc::smk" skipped="0" tests="18" time="3.028" timestamp="2020-09-17T10:29:31Z">
    <testcase classname="ds.vectorCalc_smk" name="simple_test" time="0.0440000000003238"/>
    <testcase classname="ds.vectorCalc_smk" name="simple_test" time="2.16800000000012"/>
    <testcase classname="ds.vectorCalc_smk" name="simple_test" time="0.531999999999698"/>
    <testcase classname="ds.vectorCalc_smk" name="simple_test" time="0.00100000000020373"/>
    <testcase classname="ds.vectorCalc_smk" name="simple_test" time="0.000999999999748979"/>
    <testcase classname="ds.vectorCalc_smk" name="simple_test" time="0.00199999999995271"/>
    <testcase classname="ds.vectorCalc_smk" name="simple_test" time="0.00100000000020373"/>
    <testcase classname="ds.vectorCalc_smk" name="simple_test" time="0.000999999999748979"/>
    <testcase classname="ds.vectorCalc_smk" name="simple_test" time="0.00100000000020373"/>
    <testcase classname="ds.vectorCalc_smk" name="simple_test" time="0.264999999999873"/>
    <testcase classname="ds.vectorCalc_smk" name="simple_test" time="0.00100000000020373"/>
    <testcase classname="ds.vectorCalc_smk" name="simple_test" time="0.00199999999995271"/>
    <testcase classname="ds.vectorCalc_smk" name="simple_test" time="0.00100000000020373"/>
    <testcase classname="ds.vectorCalc_smk" name="simple_test" time="0.00199999999995271"/>
    <testcase classname="ds.vectorCalc_smk" name="simple_test" time="0.000999999999748979"/>
    <testcase classname="ds.vectorCalc_smk" name="simple_test" time="0.00199999999995271"/>
    <testcase classname="ds.vectorCalc_smk" name="simple_test" time="0.00199999999995271"/>
    <testcase classname="ds.vectorCalc_smk" name="simple_test" time="0.00100000000020373"/>
  </testsuite>
  <testsuite errors="0" failures="0" hostname="fv-az14" name="ds.vectorCalc::smk::shutdown" skipped="0" tests="3" time="0.28" timestamp="2020-09-17T10:29:34Z">
    <testcase classname="ds.vectorCalc_smk_shutdown" name="shutdown" time="0.277999999999793"/>
    <testcase classname="ds.vectorCalc_smk_shutdown" name="shutdown" time="0.00100000000020373"/>
    <testcase classname="ds.vectorCalc_smk_shutdown" name="shutdown" time="0.000999999999748979"/>
  </testsuite>
  <testsuite errors="0" failures="0" hostname="fv-az14" name="ds.vectorCalc::smk::done" skipped="0" tests="0" time="0" timestamp="2020-09-17T10:29:35Z"/>
  <testsuite errors="0" failures="0" hostname="fv-az14" name="ds.mean::smk_expt::type=combine" skipped="0" tests="1" time="5.557" timestamp="2020-09-17T10:29:40Z">
    <testcase classname="ds.mean_smk_expt_type_combine" name="mean_values_combine_" time="5.55700000000024"/>
  </testsuite>
  <testsuite errors="0" failures="0" hostname="fv-az14" name="ds.mean::smk_expt::type=split" skipped="0" tests="1" time="0.328" timestamp="2020-09-17T10:29:40Z">
    <testcase classname="ds.mean_smk_expt_type_split" name="mean_values_split_" time="0.327999999999975"/>
  </testsuite>
  <testsuite errors="0" failures="0" hostname="fv-az14" name="ds.mean::smk_expt::type=both" skipped="0" tests="1" time="0.309" timestamp="2020-09-17T10:29:40Z">
    <testcase classname="ds.mean_smk_expt_type_both" name="mean_values_both_" time="0.309000000000196"/>
  </testsuite>
  <testsuite errors="0" failures="0" hostname="fv-az14" name="ds.mean::smk_expt::type=combine" skipped="0" tests="1" time="0.348" timestamp="2020-09-17T10:29:41Z">
    <testcase classname="ds.mean_smk_expt_type_combine" name="mean_values_combine_" time="0.347999999999956"/>
  </testsuite>
  <testsuite errors="0" failures="0" hostname="fv-az14" name="ds.mean::smk_expt::type=split" skipped="0" tests="1" time="0.275" timestamp="2020-09-17T10:29:41Z">
    <testcase classname="ds.mean_smk_expt_type_split" name="mean_values_split_" time="0.274999999999636"/>
  </testsuite>
  <testsuite errors="0" failures="0" hostname="fv-az14" name="ds.mean::smk_expt::type=both" skipped="0" tests="1" time="0.274" timestamp="2020-09-17T10:29:41Z">
    <testcase classname="ds.mean_smk_expt_type_both" name="mean_values_both_" time="0.274000000000342"/>
  </testsuite>
  <testsuite errors="0" failures="0" hostname="fv-az14" name="ds.mean::smk_expt::type=combine" skipped="0" tests="1" time="0.283" timestamp="2020-09-17T10:29:41Z">
    <testcase classname="ds.mean_smk_expt_type_combine" name="mean_values_combine_" time="0.282999999999902"/>
  </testsuite>
  <testsuite errors="0" failures="0" hostname="fv-az14" name="ds.mean::smk_expt::type=split" skipped="0" tests="1" time="0.281" timestamp="2020-09-17T10:29:42Z">
    <testcase classname="ds.mean_smk_expt_type_split" name="mean_values_split_" time="0.280999999999949"/>
  </testsuite>
  <testsuite errors="0" failures="0" hostname="fv-az14" name="ds.mean::smk_expt::type=both" skipped="0" tests="1" time="0.287" timestamp="2020-09-17T10:29:42Z">
    <testcase classname="ds.mean_smk_expt_type_both" name="mean_values_both_" time="0.286999999999807"/>
  </testsuite>
  <testsuite errors="0" failures="0" hostname="fv-az14" name="ds.mean::smk_expt::type=combine" skipped="0" tests="1" time="0.287" timestamp="2020-09-17T10:29:42Z">
    <testcase classname="ds.mean_smk_expt_type_combine" name="mean_values_combine_" time="0.287000000000262"/>
  </testsuite>
  <testsuite errors="0" failures="0" hostname="fv-az14" name="ds.mean::smk_expt::type=split" skipped="0" tests="1" time="0.278" timestamp="2020-09-17T10:29:43Z">
    <testcase classname="ds.mean_smk_expt_type_split" name="mean_values_split_" time="0.277999999999793"/>
  </testsuite>
  <testsuite errors="0" failures="0" hostname="fv-az14" name="ds.mean::smk_expt::type=both" skipped="0" tests="1" time="0.28" timestamp="2020-09-17T10:29:43Z">
    <testcase classname="ds.mean_smk_expt_type_both" name="mean_values_both_" time="0.2800000000002"/>
  </testsuite>
  <testsuite errors="0" failures="0" hostname="fv-az14" name="ds.mean::smk_expt::type=combine" skipped="0" tests="1" time="0.278" timestamp="2020-09-17T10:29:43Z">
    <testcase classname="ds.mean_smk_expt_type_combine" name="mean_values_combine_" time="0.277999999999793"/>
  </testsuite>
  <testsuite errors="0" failures="0" hostname="fv-az14" name="ds.mean::smk_expt::type=split" skipped="0" tests="1" time="0.28" timestamp="2020-09-17T10:29:43Z">
    <testcase classname="ds.mean_smk_expt_type_split" name="mean_values_split_" time="0.2800000000002"/>
  </testsuite>
  <testsuite errors="0" failures="0" hostname="fv-az14" name="ds.mean::smk_expt::type=both" skipped="0" tests="1" time="0.301" timestamp="2020-09-17T10:29:44Z">
    <testcase classname="ds.mean_smk_expt_type_both" name="mean_values_both_" time="0.300999999999931"/>
  </testsuite>
  <testsuite errors="0" failures="0" hostname="fv-az14" name="ds.mean::smk_expt::type=combine" skipped="0" tests="1" time="1.081" timestamp="2020-09-17T10:29:44Z">
    <testcase classname="ds.mean_smk_expt_type_combine" name="mean_values_combine_" time="1.08100000000013"/>
  </testsuite>
  <testsuite errors="0" failures="0" hostname="fv-az14" name="ds.mean::smk_expt::type=split" skipped="0" tests="1" time="1.102" timestamp="2020-09-17T10:29:45Z">
    <testcase classname="ds.mean_smk_expt_type_split" name="mean_values_split_" time="1.10199999999986"/>
  </testsuite>
  <testsuite errors="0" failures="0" hostname="fv-az14" name="ds.mean::smk_expt::type=both" skipped="0" tests="1" time="1.069" timestamp="2020-09-17T10:29:46Z">
    <testcase classname="ds.mean_smk_expt_type_both" name="mean_values_both_" time="1.06899999999996"/>
  </testsuite>
  <testsuite errors="0" failures="0" hostname="fv-az14" name="ds.mean::smk_expt::type=combine" skipped="0" tests="1" time="1.071" timestamp="2020-09-17T10:29:47Z">
    <testcase classname="ds.mean_smk_expt_type_combine" name="mean_values_combine_" time="1.07099999999991"/>
  </testsuite>
  <testsuite errors="0" failures="0" hostname="fv-az14" name="ds.mean::smk_expt::type=split" skipped="0" tests="1" time="1.069" timestamp="2020-09-17T10:29:48Z">
    <testcase classname="ds.mean_smk_expt_type_split" name="mean_values_split_" time="1.06899999999996"/>
  </testsuite>
  <testsuite errors="0" failures="0" hostname="fv-az14" name="ds.mean::smk_expt::type=both" skipped="0" tests="1" time="1.089" timestamp="2020-09-17T10:29:49Z">
    <testcase classname="ds.mean_smk_expt_type_both" name="mean_values_both_" time="1.0890000000004"/>
  </testsuite>
  <testsuite errors="0" failures="0" hostname="fv-az14" name="ds.mean::smk_expt::type=combine" skipped="0" tests="1" time="1.065" timestamp="2020-09-17T10:29:50Z">
    <testcase classname="ds.mean_smk_expt_type_combine" name="mean_values_combine_" time="1.0649999999996"/>
  </testsuite>
  <testsuite errors="0" failures="0" hostname="fv-az14" name="ds.mean::smk_expt::type=split" skipped="0" tests="1" time="1.078" timestamp="2020-09-17T10:29:52Z">
    <testcase classname="ds.mean_smk_expt_type_split" name="mean_values_split_" time="1.07800000000043"/>
  </testsuite>
  <testsuite errors="0" failures="0" hostname="fv-az14" name="ds.mean::smk_expt::type=both" skipped="0" tests="1" time="1.07" timestamp="2020-09-17T10:29:53Z">
    <testcase classname="ds.mean_smk_expt_type_both" name="mean_values_both_" time="1.06999999999971"/>
  </testsuite>
  <testsuite errors="0" failures="0" hostname="fv-az14" name="ds.mean::smk_expt::type=combine" skipped="0" tests="1" time="1.117" timestamp="2020-09-17T10:29:54Z">
    <testcase classname="ds.mean_smk_expt_type_combine" name="mean_values_combine_" time="1.11700000000019"/>
  </testsuite>
  <testsuite errors="0" failures="0" hostname="fv-az14" name="ds.mean::smk_expt::type=split" skipped="0" tests="1" time="1.135" timestamp="2020-09-17T10:29:55Z">
    <testcase classname="ds.mean_smk_expt_type_split" name="mean_values_split_" time="1.13499999999976"/>
  </testsuite>
  <testsuite errors="0" failures="0" hostname="fv-az14" name="ds.mean::smk_expt::type=both" skipped="0" tests="1" time="1.08" timestamp="2020-09-17T10:29:56Z">
    <testcase classname="ds.mean_smk_expt_type_both" name="mean_values_both_" time="1.07999999999993"/>
  </testsuite>
  <testsuite errors="0" failures="0" hostname="fv-az14" name="ds.mean::smk_expt::type=combine" skipped="0" tests="1" time="1.08" timestamp="2020-09-17T10:29:57Z">
    <testcase classname="ds.mean_smk_expt_type_combine" name="mean_values_combine_" time="1.08000000000038"/>
  </testsuite>
  <testsuite errors="0" failures="0" hostname="fv-az14" name="ds.mean::smk_expt::type=split" skipped="0" tests="1" time="1.064" timestamp="2020-09-17T10:29:58Z">
    <testcase classname="ds.mean_smk_expt_type_split" name="mean_values_split_" time="1.06399999999985"/>
  </testsuite>
  <testsuite errors="0" failures="0" hostname="fv-az14" name="ds.mean::smk_expt::type=both" skipped="0" tests="1" time="1.092" timestamp="2020-09-17T10:29:59Z">
    <testcase classname="ds.mean_smk_expt_type_both" name="mean_values_both_" time="1.0920000000001"/>
  </testsuite>
  <testsuite errors="0" failures="0" hostname="fv-az14" name="ds.mean::smk_expt::type=combine" skipped="0" tests="1" time="1.087" timestamp="2020-09-17T10:30:00Z">
    <testcase classname="ds.mean_smk_expt_type_combine" name="mean_values_combine_" time="1.08699999999999"/>
  </testsuite>
  <testsuite errors="0" failures="0" hostname="fv-az14" name="ds.mean::smk_expt::type=split" skipped="0" tests="1" time="1.07" timestamp="2020-09-17T10:30:01Z">
    <testcase classname="ds.mean_smk_expt_type_split" name="mean_values_split_" time="1.06999999999971"/>
  </testsuite>
  <testsuite errors="0" failures="0" hostname="fv-az14" name="ds.mean::smk_expt::type=both" skipped="0" tests="1" time="1.068" timestamp="2020-09-17T10:30:02Z">
    <testcase classname="ds.mean_smk_expt_type_both" name="mean_values_both_" time="1.06800000000021"/>
  </testsuite>
  <testsuite errors="0" failures="0" hostname="fv-az14" name="vm-test::_::setup" skipped="0" tests="0" time="0" timestamp="2020-09-17T10:30:04Z"/>
  <testsuite errors="0" failures="0" hostname="fv-az14" name="vm-test::_::tests::vm" skipped="0" tests="1" time="1.11" timestamp="2020-09-17T10:30:05Z">
    <testcase classname="vm_test___tests_vm" name="The_virtual_machine_is_loaded._" time="1.11000000000013"/>
  </testsuite>
  <testsuite errors="0" failures="0" hostname="fv-az14" name="vm-test::_::shutdown" skipped="0" tests="0" time="0" timestamp="2020-09-17T10:30:05Z"/>
  <testsuite errors="0" failures="0" hostname="fv-az14" name="vm-test::_::done" skipped="0" tests="0" time="0" timestamp="2020-09-17T10:30:05Z"/>
  <testsuite errors="0" failures="0" hostname="fv-az14" name="ds.dataFrameSort::expt_dgr::setup" skipped="0" tests="0" time="0" timestamp="2020-09-17T10:32:15Z"/>
  <testsuite errors="0" failures="0" hostname="fv-az14" name="ds.dataFrameSort::expt_dgr::multiple::correct_parameter_class" skipped="0" tests="0" time="0" timestamp="2020-09-17T10:32:15Z"/>
  <testsuite errors="0" failures="0" hostname="fv-az14" name="ds.dataFrameSort::expt_dgr::single::correct_parameter_class" skipped="0" tests="0" time="0" timestamp="2020-09-17T10:33:08Z"/>
  <testsuite errors="0" failures="0" hostname="fv-az14" name="ds.dataFrameSort::expt_dgr::multiple::incorrect_parameter_class" skipped="0" tests="7" time="75.603" timestamp="2020-09-17T10:33:20Z">
    <testcase classname="ds.dataFrameSort_expt_dgr_multiple_incorrect_parameter_class" name="all_datasets" time="69.8"/>
    <testcase classname="ds.dataFrameSort_expt_dgr_multiple_incorrect_parameter_class" name="all_datasets" time="0.409999999999997"/>
    <testcase classname="ds.dataFrameSort_expt_dgr_multiple_incorrect_parameter_class" name="all_datasets" time="0.26400000000001"/>
    <testcase classname="ds.dataFrameSort_expt_dgr_multiple_incorrect_parameter_class" name="all_datasets" time="0.262999999999991"/>
    <testcase classname="ds.dataFrameSort_expt_dgr_multiple_incorrect_parameter_class" name="all_datasets" time="0.265000000000001"/>
    <testcase classname="ds.dataFrameSort_expt_dgr_multiple_incorrect_parameter_class" name="all_datasets" time="4.334"/>
    <testcase classname="ds.dataFrameSort_expt_dgr_multiple_incorrect_parameter_class" name="all_datasets" time="0.266999999999996"/>
  </testsuite>
  <testsuite errors="0" failures="0" hostname="fv-az14" name="ds.dataFrameSort::expt_dgr::single::incorrect_parameter_class" skipped="0" tests="7" time="6.083" timestamp="2020-09-17T10:33:31Z">
    <testcase classname="ds.dataFrameSort_expt_dgr_single_incorrect_parameter_class" name="dataset_2" time="3.66800000000001"/>
    <testcase classname="ds.dataFrameSort_expt_dgr_single_incorrect_parameter_class" name="dataset_2" time="0.271000000000001"/>
    <testcase classname="ds.dataFrameSort_expt_dgr_single_incorrect_parameter_class" name="dataset_2" time="0.236999999999995"/>
    <testcase classname="ds.dataFrameSort_expt_dgr_single_incorrect_parameter_class" name="dataset_2" time="0.240000000000009"/>
    <testcase classname="ds.dataFrameSort_expt_dgr_single_incorrect_parameter_class" name="dataset_2" time="0.236999999999995"/>
    <testcase classname="ds.dataFrameSort_expt_dgr_single_incorrect_parameter_class" name="dataset_2" time="1.188"/>
    <testcase classname="ds.dataFrameSort_expt_dgr_single_incorrect_parameter_class" name="dataset_2" time="0.24199999999999"/>
  </testsuite>
  <testsuite errors="0" failures="0" hostname="fv-az14" name="ds.dataFrameSort::expt_dgr::multiple::df::creation" skipped="0" tests="77" time="49.356" timestamp="2020-09-17T10:33:37Z">
    <testcase classname="ds.dataFrameSort_expt_dgr_multiple_df_creation" name="all_datasets" time="8.884"/>
    <testcase classname="ds.dataFrameSort_expt_dgr_multiple_df_creation" name="all_datasets" time="0.00200000000000955"/>
    <testcase classname="ds.dataFrameSort_expt_dgr_multiple_df_creation" name="all_datasets" time="0.000999999999990564"/>
    <testcase classname="ds.dataFrameSort_expt_dgr_multiple_df_creation" name="all_datasets" time="0.00100000000000477"/>
    <testcase classname="ds.dataFrameSort_expt_dgr_multiple_df_creation" name="all_datasets" time="0.00199999999999534"/>
    <testcase classname="ds.dataFrameSort_expt_dgr_multiple_df_creation" name="all_datasets" time="0.00100000000000477"/>
    <testcase classname="ds.dataFrameSort_expt_dgr_multiple_df_creation" name="all_datasets" time="0.00100000000000477"/>
    <testcase classname="ds.dataFrameSort_expt_dgr_multiple_df_creation" name="all_datasets" time="4.036"/>
    <testcase classname="ds.dataFrameSort_expt_dgr_multiple_df_creation" name="all_datasets" time="0.00199999999999534"/>
    <testcase classname="ds.dataFrameSort_expt_dgr_multiple_df_creation" name="all_datasets" time="0.00100000000000477"/>
    <testcase classname="ds.dataFrameSort_expt_dgr_multiple_df_creation" name="all_datasets" time="0.000999999999990564"/>
    <testcase classname="ds.dataFrameSort_expt_dgr_multiple_df_creation" name="all_datasets" time="0.00200000000000955"/>
    <testcase classname="ds.dataFrameSort_expt_dgr_multiple_df_creation" name="all_datasets" time="0.00199999999999534"/>
    <testcase classname="ds.dataFrameSort_expt_dgr_multiple_df_creation" name="all_datasets" time="0.00100000000000477"/>
    <testcase classname="ds.dataFrameSort_expt_dgr_multiple_df_creation" name="all_datasets" time="4.03399999999999"/>
    <testcase classname="ds.dataFrameSort_expt_dgr_multiple_df_creation" name="all_datasets" time="0.00200000000000955"/>
    <testcase classname="ds.dataFrameSort_expt_dgr_multiple_df_creation" name="all_datasets" time="0.000999999999990564"/>
    <testcase classname="ds.dataFrameSort_expt_dgr_multiple_df_creation" name="all_datasets" time="0.00200000000000955"/>
    <testcase classname="ds.dataFrameSort_expt_dgr_multiple_df_creation" name="all_datasets" time="0.00199999999999534"/>
    <testcase classname="ds.dataFrameSort_expt_dgr_multiple_df_creation" name="all_datasets" time="0.00199999999999534"/>
    <testcase classname="ds.dataFrameSort_expt_dgr_multiple_df_creation" name="all_datasets" time="0.00200000000000955"/>
    <testcase classname="ds.dataFrameSort_expt_dgr_multiple_df_creation" name="all_datasets" time="4.02799999999999"/>
    <testcase classname="ds.dataFrameSort_expt_dgr_multiple_df_creation" name="all_datasets" time="0.00199999999999534"/>
    <testcase classname="ds.dataFrameSort_expt_dgr_multiple_df_creation" name="all_datasets" time="0.00100000000000477"/>
    <testcase classname="ds.dataFrameSort_expt_dgr_multiple_df_creation" name="all_datasets" time="0.00199999999999534"/>
    <testcase classname="ds.dataFrameSort_expt_dgr_multiple_df_creation" name="all_datasets" time="0.00200000000000955"/>
    <testcase classname="ds.dataFrameSort_expt_dgr_multiple_df_creation" name="all_datasets" time="0.000999999999990564"/>
    <testcase classname="ds.dataFrameSort_expt_dgr_multiple_df_creation" name="all_datasets" time="0.00200000000000955"/>
    <testcase classname="ds.dataFrameSort_expt_dgr_multiple_df_creation" name="all_datasets" time="4.093"/>
    <testcase classname="ds.dataFrameSort_expt_dgr_multiple_df_creation" name="all_datasets" time="0.000999999999990564"/>
    <testcase classname="ds.dataFrameSort_expt_dgr_multiple_df_creation" name="all_datasets" time="0.000999999999990564"/>
    <testcase classname="ds.dataFrameSort_expt_dgr_multiple_df_creation" name="all_datasets" time="0.00200000000000955"/>
    <testcase classname="ds.dataFrameSort_expt_dgr_multiple_df_creation" name="all_datasets" time="0.00199999999999534"/>
    <testcase classname="ds.dataFrameSort_expt_dgr_multiple_df_creation" name="all_datasets" time="0.00199999999999534"/>
    <testcase classname="ds.dataFrameSort_expt_dgr_multiple_df_creation" name="all_datasets" time="0.00200000000000955"/>
    <testcase classname="ds.dataFrameSort_expt_dgr_multiple_df_creation" name="all_datasets" time="4.05799999999999"/>
    <testcase classname="ds.dataFrameSort_expt_dgr_multiple_df_creation" name="all_datasets" time="0.00100000000000477"/>
    <testcase classname="ds.dataFrameSort_expt_dgr_multiple_df_creation" name="all_datasets" time="0.00199999999999534"/>
    <testcase classname="ds.dataFrameSort_expt_dgr_multiple_df_creation" name="all_datasets" time="0.00200000000000955"/>
    <testcase classname="ds.dataFrameSort_expt_dgr_multiple_df_creation" name="all_datasets" time="0.00199999999999534"/>
    <testcase classname="ds.dataFrameSort_expt_dgr_multiple_df_creation" name="all_datasets" time="0.00100000000000477"/>
    <testcase classname="ds.dataFrameSort_expt_dgr_multiple_df_creation" name="all_datasets" time="0.00199999999999534"/>
    <testcase classname="ds.dataFrameSort_expt_dgr_multiple_df_creation" name="all_datasets" time="3.999"/>
    <testcase classname="ds.dataFrameSort_expt_dgr_multiple_df_creation" name="all_datasets" time="0.00200000000000955"/>
    <testcase classname="ds.dataFrameSort_expt_dgr_multiple_df_creation" name="all_datasets" time="0.00100000000000477"/>
    <testcase classname="ds.dataFrameSort_expt_dgr_multiple_df_creation" name="all_datasets" time="0.00199999999999534"/>
    <testcase classname="ds.dataFrameSort_expt_dgr_multiple_df_creation" name="all_datasets" time="0.00200000000000955"/>
    <testcase classname="ds.dataFrameSort_expt_dgr_multiple_df_creation" name="all_datasets" time="0.00199999999999534"/>
    <testcase classname="ds.dataFrameSort_expt_dgr_multiple_df_creation" name="all_datasets" time="0.00199999999999534"/>
    <testcase classname="ds.dataFrameSort_expt_dgr_multiple_df_creation" name="all_datasets" time="3.997"/>
    <testcase classname="ds.dataFrameSort_expt_dgr_multiple_df_creation" name="all_datasets" time="0.00300000000000011"/>
    <testcase classname="ds.dataFrameSort_expt_dgr_multiple_df_creation" name="all_datasets" time="0.00200000000000955"/>
    <testcase classname="ds.dataFrameSort_expt_dgr_multiple_df_creation" name="all_datasets" time="0.000999999999990564"/>
    <testcase classname="ds.dataFrameSort_expt_dgr_multiple_df_creation" name="all_datasets" time="0.00200000000000955"/>
    <testcase classname="ds.dataFrameSort_expt_dgr_multiple_df_creation" name="all_datasets" time="0.00199999999999534"/>
    <testcase classname="ds.dataFrameSort_expt_dgr_multiple_df_creation" name="all_datasets" time="0.00199999999999534"/>
    <testcase classname="ds.dataFrameSort_expt_dgr_multiple_df_creation" name="all_datasets" time="3.99499999999999"/>
    <testcase classname="ds.dataFrameSort_expt_dgr_multiple_df_creation" name="all_datasets" time="0.00200000000000955"/>
    <testcase classname="ds.dataFrameSort_expt_dgr_multiple_df_creation" name="all_datasets" time="0.00200000000000955"/>
    <testcase classname="ds.dataFrameSort_expt_dgr_multiple_df_creation" name="all_datasets" time="0.00199999999998113"/>
    <testcase classname="ds.dataFrameSort_expt_dgr_multiple_df_creation" name="all_datasets" time="0.00200000000000955"/>
    <testcase classname="ds.dataFrameSort_expt_dgr_multiple_df_creation" name="all_datasets" time="0.00200000000000955"/>
    <testcase classname="ds.dataFrameSort_expt_dgr_multiple_df_creation" name="all_datasets" time="0.0029999999999859"/>
    <testcase classname="ds.dataFrameSort_expt_dgr_multiple_df_creation" name="all_datasets" time="4.078"/>
    <testcase classname="ds.dataFrameSort_expt_dgr_multiple_df_creation" name="all_datasets" time="0.00300000000001432"/>
    <testcase classname="ds.dataFrameSort_expt_dgr_multiple_df_creation" name="all_datasets" time="0.00199999999998113"/>
    <testcase classname="ds.dataFrameSort_expt_dgr_multiple_df_creation" name="all_datasets" time="0.00300000000001432"/>
    <testcase classname="ds.dataFrameSort_expt_dgr_multiple_df_creation" name="all_datasets" time="0.00199999999998113"/>
    <testcase classname="ds.dataFrameSort_expt_dgr_multiple_df_creation" name="all_datasets" time="0.00200000000000955"/>
    <testcase classname="ds.dataFrameSort_expt_dgr_multiple_df_creation" name="all_datasets" time="0.0029999999999859"/>
    <testcase classname="ds.dataFrameSort_expt_dgr_multiple_df_creation" name="all_datasets" time="4.03200000000001"/>
    <testcase classname="ds.dataFrameSort_expt_dgr_multiple_df_creation" name="all_datasets" time="0.00300000000001432"/>
    <testcase classname="ds.dataFrameSort_expt_dgr_multiple_df_creation" name="all_datasets" time="0.000999999999976353"/>
    <testcase classname="ds.dataFrameSort_expt_dgr_multiple_df_creation" name="all_datasets" time="0.00200000000000955"/>
    <testcase classname="ds.dataFrameSort_expt_dgr_multiple_df_creation" name="all_datasets" time="0.00200000000000955"/>
    <testcase classname="ds.dataFrameSort_expt_dgr_multiple_df_creation" name="all_datasets" time="0.0029999999999859"/>
    <testcase classname="ds.dataFrameSort_expt_dgr_multiple_df_creation" name="all_datasets" time="0.00200000000000955"/>
  </testsuite>
  <testsuite errors="0" failures="0" hostname="fv-az14" name="ds.dataFrameSort::expt_dgr::single::df::creation" skipped="0" tests="33" time="34.88" timestamp="2020-09-17T10:34:26Z">
    <testcase classname="ds.dataFrameSort_expt_dgr_single_df_creation" name="dataset_3" time="6.517"/>
    <testcase classname="ds.dataFrameSort_expt_dgr_single_df_creation" name="dataset_3" time="0.00200000000000955"/>
    <testcase classname="ds.dataFrameSort_expt_dgr_single_df_creation" name="dataset_3" time="0.00100000000000477"/>
    <testcase classname="ds.dataFrameSort_expt_dgr_single_df_creation" name="dataset_3" time="2.84599999999998"/>
    <testcase classname="ds.dataFrameSort_expt_dgr_single_df_creation" name="dataset_3" time="0.00100000000000477"/>
    <testcase classname="ds.dataFrameSort_expt_dgr_single_df_creation" name="dataset_3" time="0.00100000000000477"/>
    <testcase classname="ds.dataFrameSort_expt_dgr_single_df_creation" name="dataset_3" time="2.87"/>
    <testcase classname="ds.dataFrameSort_expt_dgr_single_df_creation" name="dataset_3" time="0.00100000000000477"/>
    <testcase classname="ds.dataFrameSort_expt_dgr_single_df_creation" name="dataset_3" time="0.00199999999998113"/>
    <testcase classname="ds.dataFrameSort_expt_dgr_single_df_creation" name="dataset_3" time="2.822"/>
    <testcase classname="ds.dataFrameSort_expt_dgr_single_df_creation" name="dataset_3" time="0.00100000000000477"/>
    <testcase classname="ds.dataFrameSort_expt_dgr_single_df_creation" name="dataset_3" time="0.00200000000000955"/>
    <testcase classname="ds.dataFrameSort_expt_dgr_single_df_creation" name="dataset_3" time="2.82999999999998"/>
    <testcase classname="ds.dataFrameSort_expt_dgr_single_df_creation" name="dataset_3" time="0.00100000000000477"/>
    <testcase classname="ds.dataFrameSort_expt_dgr_single_df_creation" name="dataset_3" time="0.00200000000000955"/>
    <testcase classname="ds.dataFrameSort_expt_dgr_single_df_creation" name="dataset_3" time="2.827"/>
    <testcase classname="ds.dataFrameSort_expt_dgr_single_df_creation" name="dataset_3" time="0.00100000000000477"/>
    <testcase classname="ds.dataFrameSort_expt_dgr_single_df_creation" name="dataset_3" time="0.00199999999998113"/>
    <testcase classname="ds.dataFrameSort_expt_dgr_single_df_creation" name="dataset_3" time="2.82400000000001"/>
    <testcase classname="ds.dataFrameSort_expt_dgr_single_df_creation" name="dataset_3" time="0.00100000000000477"/>
    <testcase classname="ds.dataFrameSort_expt_dgr_single_df_creation" name="dataset_3" time="0.00199999999998113"/>
    <testcase classname="ds.dataFrameSort_expt_dgr_single_df_creation" name="dataset_3" time="2.83700000000002"/>
    <testcase classname="ds.dataFrameSort_expt_dgr_single_df_creation" name="dataset_3" time="0.00100000000000477"/>
    <testcase classname="ds.dataFrameSort_expt_dgr_single_df_creation" name="dataset_3" time="0.00199999999998113"/>
    <testcase classname="ds.dataFrameSort_expt_dgr_single_df_creation" name="dataset_3" time="2.816"/>
    <testcase classname="ds.dataFrameSort_expt_dgr_single_df_creation" name="dataset_3" time="0.00200000000000955"/>
    <testcase classname="ds.dataFrameSort_expt_dgr_single_df_creation" name="dataset_3" time="0.00200000000000955"/>
    <testcase classname="ds.dataFrameSort_expt_dgr_single_df_creation" name="dataset_3" time="2.82499999999999"/>
    <testcase classname="ds.dataFrameSort_expt_dgr_single_df_creation" name="dataset_3" time="0.00200000000000955"/>
    <testcase classname="ds.dataFrameSort_expt_dgr_single_df_creation" name="dataset_3" time="0.00199999999998113"/>
    <testcase classname="ds.dataFrameSort_expt_dgr_single_df_creation" name="dataset_3" time="2.83199999999999"/>
    <testcase classname="ds.dataFrameSort_expt_dgr_single_df_creation" name="dataset_3" time="0.00200000000000955"/>
    <testcase classname="ds.dataFrameSort_expt_dgr_single_df_creation" name="dataset_3" time="0.00100000000000477"/>
  </testsuite>
  <testsuite errors="0" failures="0" hostname="fv-az14" name="ds.dataFrameSort::expt_dgr::multiple::numeric::ascending" skipped="0" tests="99" time="41.091" timestamp="2020-09-17T10:35:01Z">
    <testcase classname="ds.dataFrameSort_expt_dgr_multiple_numeric_ascending" name="all_datasets" time="9.791"/>
    <testcase classname="ds.dataFrameSort_expt_dgr_multiple_numeric_ascending" name="all_datasets" time="0.00100000000000477"/>
    <testcase classname="ds.dataFrameSort_expt_dgr_multiple_numeric_ascending" name="all_datasets" time="0.00200000000000955"/>
    <testcase classname="ds.dataFrameSort_expt_dgr_multiple_numeric_ascending" name="all_datasets" time="0.000999999999976353"/>
    <testcase classname="ds.dataFrameSort_expt_dgr_multiple_numeric_ascending" name="all_datasets" time="0.00100000000000477"/>
    <testcase classname="ds.dataFrameSort_expt_dgr_multiple_numeric_ascending" name="all_datasets" time="0.00100000000000477"/>
    <testcase classname="ds.dataFrameSort_expt_dgr_multiple_numeric_ascending" name="all_datasets" time="0.266999999999996"/>
    <testcase classname="ds.dataFrameSort_expt_dgr_multiple_numeric_ascending" name="all_datasets" time="0.00200000000000955"/>
    <testcase classname="ds.dataFrameSort_expt_dgr_multiple_numeric_ascending" name="all_datasets" time="0.00100000000000477"/>
    <testcase classname="ds.dataFrameSort_expt_dgr_multiple_numeric_ascending" name="all_datasets" time="2.84899999999999"/>
    <testcase classname="ds.dataFrameSort_expt_dgr_multiple_numeric_ascending" name="all_datasets" time="0.00200000000000955"/>
    <testcase classname="ds.dataFrameSort_expt_dgr_multiple_numeric_ascending" name="all_datasets" time="0.00100000000000477"/>
    <testcase classname="ds.dataFrameSort_expt_dgr_multiple_numeric_ascending" name="all_datasets" time="0.000999999999976353"/>
    <testcase classname="ds.dataFrameSort_expt_dgr_multiple_numeric_ascending" name="all_datasets" time="0.00200000000000955"/>
    <testcase classname="ds.dataFrameSort_expt_dgr_multiple_numeric_ascending" name="all_datasets" time="0.00100000000000477"/>
    <testcase classname="ds.dataFrameSort_expt_dgr_multiple_numeric_ascending" name="all_datasets" time="0.269000000000005"/>
    <testcase classname="ds.dataFrameSort_expt_dgr_multiple_numeric_ascending" name="all_datasets" time="0.00100000000000477"/>
    <testcase classname="ds.dataFrameSort_expt_dgr_multiple_numeric_ascending" name="all_datasets" time="0.00199999999998113"/>
    <testcase classname="ds.dataFrameSort_expt_dgr_multiple_numeric_ascending" name="all_datasets" time="2.803"/>
    <testcase classname="ds.dataFrameSort_expt_dgr_multiple_numeric_ascending" name="all_datasets" time="0.00200000000000955"/>
    <testcase classname="ds.dataFrameSort_expt_dgr_multiple_numeric_ascending" name="all_datasets" time="0.00100000000000477"/>
    <testcase classname="ds.dataFrameSort_expt_dgr_multiple_numeric_ascending" name="all_datasets" time="0.00199999999998113"/>
    <testcase classname="ds.dataFrameSort_expt_dgr_multiple_numeric_ascending" name="all_datasets" time="0.00100000000000477"/>
    <testcase classname="ds.dataFrameSort_expt_dgr_multiple_numeric_ascending" name="all_datasets" time="0.00200000000000955"/>
    <testcase classname="ds.dataFrameSort_expt_dgr_multiple_numeric_ascending" name="all_datasets" time="0.269000000000005"/>
    <testcase classname="ds.dataFrameSort_expt_dgr_multiple_numeric_ascending" name="all_datasets" time="0.00100000000000477"/>
    <testcase classname="ds.dataFrameSort_expt_dgr_multiple_numeric_ascending" name="all_datasets" time="0.00199999999998113"/>
    <testcase classname="ds.dataFrameSort_expt_dgr_multiple_numeric_ascending" name="all_datasets" time="2.798"/>
    <testcase classname="ds.dataFrameSort_expt_dgr_multiple_numeric_ascending" name="all_datasets" time="0.00200000000000955"/>
    <testcase classname="ds.dataFrameSort_expt_dgr_multiple_numeric_ascending" name="all_datasets" time="0.00100000000000477"/>
    <testcase classname="ds.dataFrameSort_expt_dgr_multiple_numeric_ascending" name="all_datasets" time="0.00199999999998113"/>
    <testcase classname="ds.dataFrameSort_expt_dgr_multiple_numeric_ascending" name="all_datasets" time="0.00200000000000955"/>
    <testcase classname="ds.dataFrameSort_expt_dgr_multiple_numeric_ascending" name="all_datasets" time="0.00200000000000955"/>
    <testcase classname="ds.dataFrameSort_expt_dgr_multiple_numeric_ascending" name="all_datasets" time="0.268000000000001"/>
    <testcase classname="ds.dataFrameSort_expt_dgr_multiple_numeric_ascending" name="all_datasets" time="0.00199999999998113"/>
    <testcase classname="ds.dataFrameSort_expt_dgr_multiple_numeric_ascending" name="all_datasets" time="0.00200000000000955"/>
    <testcase classname="ds.dataFrameSort_expt_dgr_multiple_numeric_ascending" name="all_datasets" time="2.89699999999999"/>
    <testcase classname="ds.dataFrameSort_expt_dgr_multiple_numeric_ascending" name="all_datasets" time="0.00300000000001432"/>
    <testcase classname="ds.dataFrameSort_expt_dgr_multiple_numeric_ascending" name="all_datasets" time="0.00199999999998113"/>
    <testcase classname="ds.dataFrameSort_expt_dgr_multiple_numeric_ascending" name="all_datasets" time="0.00300000000001432"/>
    <testcase classname="ds.dataFrameSort_expt_dgr_multiple_numeric_ascending" name="all_datasets" time="0.0029999999999859"/>
    <testcase classname="ds.dataFrameSort_expt_dgr_multiple_numeric_ascending" name="all_datasets" time="0.00200000000000955"/>
    <testcase classname="ds.dataFrameSort_expt_dgr_multiple_numeric_ascending" name="all_datasets" time="0.274000000000001"/>
    <testcase classname="ds.dataFrameSort_expt_dgr_multiple_numeric_ascending" name="all_datasets" time="0.00200000000000955"/>
    <testcase classname="ds.dataFrameSort_expt_dgr_multiple_numeric_ascending" name="all_datasets" time="0.00199999999998113"/>
    <testcase classname="ds.dataFrameSort_expt_dgr_multiple_numeric_ascending" name="all_datasets" time="2.79900000000001"/>
    <testcase classname="ds.dataFrameSort_expt_dgr_multiple_numeric_ascending" name="all_datasets" time="0.00200000000000955"/>
    <testcase classname="ds.dataFrameSort_expt_dgr_multiple_numeric_ascending" name="all_datasets" time="0.00200000000000955"/>
    <testcase classname="ds.dataFrameSort_expt_dgr_multiple_numeric_ascending" name="all_datasets" time="0.00199999999998113"/>
    <testcase classname="ds.dataFrameSort_expt_dgr_multiple_numeric_ascending" name="all_datasets" time="0.00200000000000955"/>
    <testcase classname="ds.dataFrameSort_expt_dgr_multiple_numeric_ascending" name="all_datasets" time="0.00200000000000955"/>
    <testcase classname="ds.dataFrameSort_expt_dgr_multiple_numeric_ascending" name="all_datasets" time="0.267999999999972"/>
    <testcase classname="ds.dataFrameSort_expt_dgr_multiple_numeric_ascending" name="all_datasets" time="0.00200000000000955"/>
    <testcase classname="ds.dataFrameSort_expt_dgr_multiple_numeric_ascending" name="all_datasets" time="0.00200000000000955"/>
    <testcase classname="ds.dataFrameSort_expt_dgr_multiple_numeric_ascending" name="all_datasets" time="2.80799999999999"/>
    <testcase classname="ds.dataFrameSort_expt_dgr_multiple_numeric_ascending" name="all_datasets" time="0.00200000000000955"/>
    <testcase classname="ds.dataFrameSort_expt_dgr_multiple_numeric_ascending" name="all_datasets" time="0.00199999999998113"/>
    <testcase classname="ds.dataFrameSort_expt_dgr_multiple_numeric_ascending" name="all_datasets" time="0.00200000000000955"/>
    <testcase classname="ds.dataFrameSort_expt_dgr_multiple_numeric_ascending" name="all_datasets" time="0.00200000000000955"/>
    <testcase classname="ds.dataFrameSort_expt_dgr_multiple_numeric_ascending" name="all_datasets" time="0.0029999999999859"/>
    <testcase classname="ds.dataFrameSort_expt_dgr_multiple_numeric_ascending" name="all_datasets" time="0.268000000000001"/>
    <testcase classname="ds.dataFrameSort_expt_dgr_multiple_numeric_ascending" name="all_datasets" time="0.00200000000000955"/>
    <testcase classname="ds.dataFrameSort_expt_dgr_multiple_numeric_ascending" name="all_datasets" time="0.0029999999999859"/>
    <testcase classname="ds.dataFrameSort_expt_dgr_multiple_numeric_ascending" name="all_datasets" time="2.80000000000001"/>
    <testcase classname="ds.dataFrameSort_expt_dgr_multiple_numeric_ascending" name="all_datasets" time="0.00199999999998113"/>
    <testcase classname="ds.dataFrameSort_expt_dgr_multiple_numeric_ascending" name="all_datasets" time="0.00200000000000955"/>
    <testcase classname="ds.dataFrameSort_expt_dgr_multiple_numeric_ascending" name="all_datasets" time="0.00200000000000955"/>
    <testcase classname="ds.dataFrameSort_expt_dgr_multiple_numeric_ascending" name="all_datasets" time="0.00199999999998113"/>
    <testcase classname="ds.dataFrameSort_expt_dgr_multiple_numeric_ascending" name="all_datasets" time="0.00200000000000955"/>
    <testcase classname="ds.dataFrameSort_expt_dgr_multiple_numeric_ascending" name="all_datasets" time="0.27600000000001"/>
    <testcase classname="ds.dataFrameSort_expt_dgr_multiple_numeric_ascending" name="all_datasets" time="0.00199999999998113"/>
    <testcase classname="ds.dataFrameSort_expt_dgr_multiple_numeric_ascending" name="all_datasets" time="0.00200000000000955"/>
    <testcase classname="ds.dataFrameSort_expt_dgr_multiple_numeric_ascending" name="all_datasets" time="2.80000000000001"/>
    <testcase classname="ds.dataFrameSort_expt_dgr_multiple_numeric_ascending" name="all_datasets" time="0.0029999999999859"/>
    <testcase classname="ds.dataFrameSort_expt_dgr_multiple_numeric_ascending" name="all_datasets" time="0.00200000000000955"/>
    <testcase classname="ds.dataFrameSort_expt_dgr_multiple_numeric_ascending" name="all_datasets" time="0.00199999999998113"/>
    <testcase classname="ds.dataFrameSort_expt_dgr_multiple_numeric_ascending" name="all_datasets" time="0.00300000000001432"/>
    <testcase classname="ds.dataFrameSort_expt_dgr_multiple_numeric_ascending" name="all_datasets" time="0.00200000000000955"/>
    <testcase classname="ds.dataFrameSort_expt_dgr_multiple_numeric_ascending" name="all_datasets" time="0.268999999999977"/>
    <testcase classname="ds.dataFrameSort_expt_dgr_multiple_numeric_ascending" name="all_datasets" time="0.00300000000001432"/>
    <testcase classname="ds.dataFrameSort_expt_dgr_multiple_numeric_ascending" name="all_datasets" time="0.0029999999999859"/>
    <testcase classname="ds.dataFrameSort_expt_dgr_multiple_numeric_ascending" name="all_datasets" time="2.81700000000001"/>
    <testcase classname="ds.dataFrameSort_expt_dgr_multiple_numeric_ascending" name="all_datasets" time="0.00200000000000955"/>
    <testcase classname="ds.dataFrameSort_expt_dgr_multiple_numeric_ascending" name="all_datasets" time="0.00199999999998113"/>
    <testcase classname="ds.dataFrameSort_expt_dgr_multiple_numeric_ascending" name="all_datasets" time="0.00200000000000955"/>
    <testcase classname="ds.dataFrameSort_expt_dgr_multiple_numeric_ascending" name="all_datasets" time="0.00300000000001432"/>
    <testcase classname="ds.dataFrameSort_expt_dgr_multiple_numeric_ascending" name="all_datasets" time="0.0029999999999859"/>
    <testcase classname="ds.dataFrameSort_expt_dgr_multiple_numeric_ascending" name="all_datasets" time="0.272999999999996"/>
    <testcase classname="ds.dataFrameSort_expt_dgr_multiple_numeric_ascending" name="all_datasets" time="0.00200000000000955"/>
    <testcase classname="ds.dataFrameSort_expt_dgr_multiple_numeric_ascending" name="all_datasets" time="0.0029999999999859"/>
    <testcase classname="ds.dataFrameSort_expt_dgr_multiple_numeric_ascending" name="all_datasets" time="2.79400000000001"/>
    <testcase classname="ds.dataFrameSort_expt_dgr_multiple_numeric_ascending" name="all_datasets" time="0.0029999999999859"/>
    <testcase classname="ds.dataFrameSort_expt_dgr_multiple_numeric_ascending" name="all_datasets" time="0.00300000000001432"/>
    <testcase classname="ds.dataFrameSort_expt_dgr_multiple_numeric_ascending" name="all_datasets" time="0.00200000000000955"/>
    <testcase classname="ds.dataFrameSort_expt_dgr_multiple_numeric_ascending" name="all_datasets" time="0.0029999999999859"/>
    <testcase classname="ds.dataFrameSort_expt_dgr_multiple_numeric_ascending" name="all_datasets" time="0.00200000000000955"/>
    <testcase classname="ds.dataFrameSort_expt_dgr_multiple_numeric_ascending" name="all_datasets" time="0.272999999999996"/>
    <testcase classname="ds.dataFrameSort_expt_dgr_multiple_numeric_ascending" name="all_datasets" time="0.00399999999999068"/>
    <testcase classname="ds.dataFrameSort_expt_dgr_multiple_numeric_ascending" name="all_datasets" time="0.00499999999999545"/>
  </testsuite>
  <testsuite errors="0" failures="0" hostname="fv-az14" name="ds.dataFrameSort::expt_dgr::single::numeric::ascending" skipped="0" tests="33" time="30.505" timestamp="2020-09-17T10:35:42Z">
    <testcase classname="ds.dataFrameSort_expt_dgr_single_numeric_ascending" name="dataset_1" time="6.54300000000001"/>
    <testcase classname="ds.dataFrameSort_expt_dgr_single_numeric_ascending" name="dataset_1" time="0.00200000000000955"/>
    <testcase classname="ds.dataFrameSort_expt_dgr_single_numeric_ascending" name="dataset_1" time="0.236999999999995"/>
    <testcase classname="ds.dataFrameSort_expt_dgr_single_numeric_ascending" name="dataset_1" time="2.12700000000001"/>
    <testcase classname="ds.dataFrameSort_expt_dgr_single_numeric_ascending" name="dataset_1" time="0.000999999999976353"/>
    <testcase classname="ds.dataFrameSort_expt_dgr_single_numeric_ascending" name="dataset_1" time="0.238000000000028"/>
    <testcase classname="ds.dataFrameSort_expt_dgr_single_numeric_ascending" name="dataset_1" time="2.12299999999999"/>
    <testcase classname="ds.dataFrameSort_expt_dgr_single_numeric_ascending" name="dataset_1" time="0.00200000000000955"/>
    <testcase classname="ds.dataFrameSort_expt_dgr_single_numeric_ascending" name="dataset_1" time="0.236999999999995"/>
    <testcase classname="ds.dataFrameSort_expt_dgr_single_numeric_ascending" name="dataset_1" time="2.12199999999999"/>
    <testcase classname="ds.dataFrameSort_expt_dgr_single_numeric_ascending" name="dataset_1" time="0.00100000000000477"/>
    <testcase classname="ds.dataFrameSort_expt_dgr_single_numeric_ascending" name="dataset_1" time="0.240000000000009"/>
    <testcase classname="ds.dataFrameSort_expt_dgr_single_numeric_ascending" name="dataset_1" time="2.167"/>
    <testcase classname="ds.dataFrameSort_expt_dgr_single_numeric_ascending" name="dataset_1" time="0.000999999999976353"/>
    <testcase classname="ds.dataFrameSort_expt_dgr_single_numeric_ascending" name="dataset_1" time="0.238000000000028"/>
    <testcase classname="ds.dataFrameSort_expt_dgr_single_numeric_ascending" name="dataset_1" time="2.142"/>
    <testcase classname="ds.dataFrameSort_expt_dgr_single_numeric_ascending" name="dataset_1" time="0.00199999999998113"/>
    <testcase classname="ds.dataFrameSort_expt_dgr_single_numeric_ascending" name="dataset_1" time="0.238"/>
    <testcase classname="ds.dataFrameSort_expt_dgr_single_numeric_ascending" name="dataset_1" time="2.13"/>
    <testcase classname="ds.dataFrameSort_expt_dgr_single_numeric_ascending" name="dataset_1" time="0.00200000000000955"/>
    <testcase classname="ds.dataFrameSort_expt_dgr_single_numeric_ascending" name="dataset_1" time="0.236999999999995"/>
    <testcase classname="ds.dataFrameSort_expt_dgr_single_numeric_ascending" name="dataset_1" time="2.125"/>
    <testcase classname="ds.dataFrameSort_expt_dgr_single_numeric_ascending" name="dataset_1" time="0.00100000000000477"/>
    <testcase classname="ds.dataFrameSort_expt_dgr_single_numeric_ascending" name="dataset_1" time="0.246000000000009"/>
    <testcase classname="ds.dataFrameSort_expt_dgr_single_numeric_ascending" name="dataset_1" time="2.12199999999999"/>
    <testcase classname="ds.dataFrameSort_expt_dgr_single_numeric_ascending" name="dataset_1" time="0.00200000000000955"/>
    <testcase classname="ds.dataFrameSort_expt_dgr_single_numeric_ascending" name="dataset_1" time="0.242999999999995"/>
    <testcase classname="ds.dataFrameSort_expt_dgr_single_numeric_ascending" name="dataset_1" time="2.12299999999999"/>
    <testcase classname="ds.dataFrameSort_expt_dgr_single_numeric_ascending" name="dataset_1" time="0.00200000000000955"/>
    <testcase classname="ds.dataFrameSort_expt_dgr_single_numeric_ascending" name="dataset_1" time="0.238"/>
    <testcase classname="ds.dataFrameSort_expt_dgr_single_numeric_ascending" name="dataset_1" time="2.131"/>
    <testcase classname="ds.dataFrameSort_expt_dgr_single_numeric_ascending" name="dataset_1" time="0.00100000000000477"/>
    <testcase classname="ds.dataFrameSort_expt_dgr_single_numeric_ascending" name="dataset_1" time="0.240999999999985"/>
  </testsuite>
  <testsuite errors="0" failures="0" hostname="fv-az14" name="ds.dataFrameSort::expt_dgr::multiple::numeric::descending" skipped="0" tests="99" time="41.232" timestamp="2020-09-17T10:36:13Z">
    <testcase classname="ds.dataFrameSort_expt_dgr_multiple_numeric_descending" name="all_datasets" time="9.833"/>
    <testcase classname="ds.dataFrameSort_expt_dgr_multiple_numeric_descending" name="all_datasets" time="0.00100000000000477"/>
    <testcase classname="ds.dataFrameSort_expt_dgr_multiple_numeric_descending" name="all_datasets" time="0.00100000000000477"/>
    <testcase classname="ds.dataFrameSort_expt_dgr_multiple_numeric_descending" name="all_datasets" time="0.00200000000000955"/>
    <testcase classname="ds.dataFrameSort_expt_dgr_multiple_numeric_descending" name="all_datasets" time="0.00199999999998113"/>
    <testcase classname="ds.dataFrameSort_expt_dgr_multiple_numeric_descending" name="all_datasets" time="0.00100000000000477"/>
    <testcase classname="ds.dataFrameSort_expt_dgr_multiple_numeric_descending" name="all_datasets" time="0.27200000000002"/>
    <testcase classname="ds.dataFrameSort_expt_dgr_multiple_numeric_descending" name="all_datasets" time="0.00199999999998113"/>
    <testcase classname="ds.dataFrameSort_expt_dgr_multiple_numeric_descending" name="all_datasets" time="0.00100000000000477"/>
    <testcase classname="ds.dataFrameSort_expt_dgr_multiple_numeric_descending" name="all_datasets" time="2.80999999999997"/>
    <testcase classname="ds.dataFrameSort_expt_dgr_multiple_numeric_descending" name="all_datasets" time="0.00200000000000955"/>
    <testcase classname="ds.dataFrameSort_expt_dgr_multiple_numeric_descending" name="all_datasets" time="0.0010000000000332"/>
    <testcase classname="ds.dataFrameSort_expt_dgr_multiple_numeric_descending" name="all_datasets" time="0.000999999999976353"/>
    <testcase classname="ds.dataFrameSort_expt_dgr_multiple_numeric_descending" name="all_datasets" time="0.00200000000000955"/>
    <testcase classname="ds.dataFrameSort_expt_dgr_multiple_numeric_descending" name="all_datasets" time="0.000999999999976353"/>
    <testcase classname="ds.dataFrameSort_expt_dgr_multiple_numeric_descending" name="all_datasets" time="0.269000000000005"/>
    <testcase classname="ds.dataFrameSort_expt_dgr_multiple_numeric_descending" name="all_datasets" time="0.0010000000000332"/>
    <testcase classname="ds.dataFrameSort_expt_dgr_multiple_numeric_descending" name="all_datasets" time="0.00200000000000955"/>
    <testcase classname="ds.dataFrameSort_expt_dgr_multiple_numeric_descending" name="all_datasets" time="2.81799999999998"/>
    <testcase classname="ds.dataFrameSort_expt_dgr_multiple_numeric_descending" name="all_datasets" time="0.000999999999976353"/>
    <testcase classname="ds.dataFrameSort_expt_dgr_multiple_numeric_descending" name="all_datasets" time="0.00200000000000955"/>
    <testcase classname="ds.dataFrameSort_expt_dgr_multiple_numeric_descending" name="all_datasets" time="0.00200000000000955"/>
    <testcase classname="ds.dataFrameSort_expt_dgr_multiple_numeric_descending" name="all_datasets" time="0.00200000000000955"/>
    <testcase classname="ds.dataFrameSort_expt_dgr_multiple_numeric_descending" name="all_datasets" time="0.000999999999976353"/>
    <testcase classname="ds.dataFrameSort_expt_dgr_multiple_numeric_descending" name="all_datasets" time="0.275000000000034"/>
    <testcase classname="ds.dataFrameSort_expt_dgr_multiple_numeric_descending" name="all_datasets" time="0.00199999999995271"/>
    <testcase classname="ds.dataFrameSort_expt_dgr_multiple_numeric_descending" name="all_datasets" time="0.00200000000000955"/>
    <testcase classname="ds.dataFrameSort_expt_dgr_multiple_numeric_descending" name="all_datasets" time="2.815"/>
    <testcase classname="ds.dataFrameSort_expt_dgr_multiple_numeric_descending" name="all_datasets" time="0.00200000000000955"/>
    <testcase classname="ds.dataFrameSort_expt_dgr_multiple_numeric_descending" name="all_datasets" time="0.00200000000000955"/>
    <testcase classname="ds.dataFrameSort_expt_dgr_multiple_numeric_descending" name="all_datasets" time="0.000999999999976353"/>
    <testcase classname="ds.dataFrameSort_expt_dgr_multiple_numeric_descending" name="all_datasets" time="0.00200000000000955"/>
    <testcase classname="ds.dataFrameSort_expt_dgr_multiple_numeric_descending" name="all_datasets" time="0.0010000000000332"/>
    <testcase classname="ds.dataFrameSort_expt_dgr_multiple_numeric_descending" name="all_datasets" time="0.270999999999958"/>
    <testcase classname="ds.dataFrameSort_expt_dgr_multiple_numeric_descending" name="all_datasets" time="0.0010000000000332"/>
    <testcase classname="ds.dataFrameSort_expt_dgr_multiple_numeric_descending" name="all_datasets" time="0.00200000000000955"/>
    <testcase classname="ds.dataFrameSort_expt_dgr_multiple_numeric_descending" name="all_datasets" time="2.88099999999997"/>
    <testcase classname="ds.dataFrameSort_expt_dgr_multiple_numeric_descending" name="all_datasets" time="0.0010000000000332"/>
    <testcase classname="ds.dataFrameSort_expt_dgr_multiple_numeric_descending" name="all_datasets" time="0.00199999999995271"/>
    <testcase classname="ds.dataFrameSort_expt_dgr_multiple_numeric_descending" name="all_datasets" time="0.00200000000000955"/>
    <testcase classname="ds.dataFrameSort_expt_dgr_multiple_numeric_descending" name="all_datasets" time="0.00200000000000955"/>
    <testcase classname="ds.dataFrameSort_expt_dgr_multiple_numeric_descending" name="all_datasets" time="0.000999999999976353"/>
    <testcase classname="ds.dataFrameSort_expt_dgr_multiple_numeric_descending" name="all_datasets" time="0.271000000000015"/>
    <testcase classname="ds.dataFrameSort_expt_dgr_multiple_numeric_descending" name="all_datasets" time="0.0029999999999859"/>
    <testcase classname="ds.dataFrameSort_expt_dgr_multiple_numeric_descending" name="all_datasets" time="0.0010000000000332"/>
    <testcase classname="ds.dataFrameSort_expt_dgr_multiple_numeric_descending" name="all_datasets" time="2.83299999999997"/>
    <testcase classname="ds.dataFrameSort_expt_dgr_multiple_numeric_descending" name="all_datasets" time="0.00200000000000955"/>
    <testcase classname="ds.dataFrameSort_expt_dgr_multiple_numeric_descending" name="all_datasets" time="0.00200000000000955"/>
    <testcase classname="ds.dataFrameSort_expt_dgr_multiple_numeric_descending" name="all_datasets" time="0.00200000000000955"/>
    <testcase classname="ds.dataFrameSort_expt_dgr_multiple_numeric_descending" name="all_datasets" time="0.00200000000000955"/>
    <testcase classname="ds.dataFrameSort_expt_dgr_multiple_numeric_descending" name="all_datasets" time="0.00200000000000955"/>
    <testcase classname="ds.dataFrameSort_expt_dgr_multiple_numeric_descending" name="all_datasets" time="0.266999999999996"/>
    <testcase classname="ds.dataFrameSort_expt_dgr_multiple_numeric_descending" name="all_datasets" time="0.00199999999995271"/>
    <testcase classname="ds.dataFrameSort_expt_dgr_multiple_numeric_descending" name="all_datasets" time="0.00200000000000955"/>
    <testcase classname="ds.dataFrameSort_expt_dgr_multiple_numeric_descending" name="all_datasets" time="2.80099999999999"/>
    <testcase classname="ds.dataFrameSort_expt_dgr_multiple_numeric_descending" name="all_datasets" time="0.00200000000000955"/>
    <testcase classname="ds.dataFrameSort_expt_dgr_multiple_numeric_descending" name="all_datasets" time="0.00200000000000955"/>
    <testcase classname="ds.dataFrameSort_expt_dgr_multiple_numeric_descending" name="all_datasets" time="0.00200000000000955"/>
    <testcase classname="ds.dataFrameSort_expt_dgr_multiple_numeric_descending" name="all_datasets" time="0.0029999999999859"/>
    <testcase classname="ds.dataFrameSort_expt_dgr_multiple_numeric_descending" name="all_datasets" time="0.00200000000000955"/>
    <testcase classname="ds.dataFrameSort_expt_dgr_multiple_numeric_descending" name="all_datasets" time="0.274000000000001"/>
    <testcase classname="ds.dataFrameSort_expt_dgr_multiple_numeric_descending" name="all_datasets" time="0.00200000000000955"/>
    <testcase classname="ds.dataFrameSort_expt_dgr_multiple_numeric_descending" name="all_datasets" time="0.00200000000000955"/>
    <testcase classname="ds.dataFrameSort_expt_dgr_multiple_numeric_descending" name="all_datasets" time="2.81700000000001"/>
    <testcase classname="ds.dataFrameSort_expt_dgr_multiple_numeric_descending" name="all_datasets" time="0.00199999999995271"/>
    <testcase classname="ds.dataFrameSort_expt_dgr_multiple_numeric_descending" name="all_datasets" time="0.00200000000000955"/>
    <testcase classname="ds.dataFrameSort_expt_dgr_multiple_numeric_descending" name="all_datasets" time="0.0029999999999859"/>
    <testcase classname="ds.dataFrameSort_expt_dgr_multiple_numeric_descending" name="all_datasets" time="0.0010000000000332"/>
    <testcase classname="ds.dataFrameSort_expt_dgr_multiple_numeric_descending" name="all_datasets" time="0.0010000000000332"/>
    <testcase classname="ds.dataFrameSort_expt_dgr_multiple_numeric_descending" name="all_datasets" time="0.273000000000025"/>
    <testcase classname="ds.dataFrameSort_expt_dgr_multiple_numeric_descending" name="all_datasets" time="0.0029999999999859"/>
    <testcase classname="ds.dataFrameSort_expt_dgr_multiple_numeric_descending" name="all_datasets" time="0.00200000000000955"/>
    <testcase classname="ds.dataFrameSort_expt_dgr_multiple_numeric_descending" name="all_datasets" time="2.815"/>
    <testcase classname="ds.dataFrameSort_expt_dgr_multiple_numeric_descending" name="all_datasets" time="0.0029999999999859"/>
    <testcase classname="ds.dataFrameSort_expt_dgr_multiple_numeric_descending" name="all_datasets" time="0.00200000000000955"/>
    <testcase classname="ds.dataFrameSort_expt_dgr_multiple_numeric_descending" name="all_datasets" time="0.00200000000000955"/>
    <testcase classname="ds.dataFrameSort_expt_dgr_multiple_numeric_descending" name="all_datasets" time="0.00200000000000955"/>
    <testcase classname="ds.dataFrameSort_expt_dgr_multiple_numeric_descending" name="all_datasets" time="0.00199999999995271"/>
    <testcase classname="ds.dataFrameSort_expt_dgr_multiple_numeric_descending" name="all_datasets" time="0.269000000000005"/>
    <testcase classname="ds.dataFrameSort_expt_dgr_multiple_numeric_descending" name="all_datasets" time="0.00200000000000955"/>
    <testcase classname="ds.dataFrameSort_expt_dgr_multiple_numeric_descending" name="all_datasets" time="0.00200000000000955"/>
    <testcase classname="ds.dataFrameSort_expt_dgr_multiple_numeric_descending" name="all_datasets" time="2.83999999999997"/>
    <testcase classname="ds.dataFrameSort_expt_dgr_multiple_numeric_descending" name="all_datasets" time="0.0029999999999859"/>
    <testcase classname="ds.dataFrameSort_expt_dgr_multiple_numeric_descending" name="all_datasets" time="0.00300000000004275"/>
    <testcase classname="ds.dataFrameSort_expt_dgr_multiple_numeric_descending" name="all_datasets" time="0.00799999999998136"/>
    <testcase classname="ds.dataFrameSort_expt_dgr_multiple_numeric_descending" name="all_datasets" time="0.0040000000000191"/>
    <testcase classname="ds.dataFrameSort_expt_dgr_multiple_numeric_descending" name="all_datasets" time="0.00200000000000955"/>
    <testcase classname="ds.dataFrameSort_expt_dgr_multiple_numeric_descending" name="all_datasets" time="0.275999999999954"/>
    <testcase classname="ds.dataFrameSort_expt_dgr_multiple_numeric_descending" name="all_datasets" time="0.00300000000004275"/>
    <testcase classname="ds.dataFrameSort_expt_dgr_multiple_numeric_descending" name="all_datasets" time="0.0029999999999859"/>
    <testcase classname="ds.dataFrameSort_expt_dgr_multiple_numeric_descending" name="all_datasets" time="2.815"/>
    <testcase classname="ds.dataFrameSort_expt_dgr_multiple_numeric_descending" name="all_datasets" time="0.0029999999999859"/>
    <testcase classname="ds.dataFrameSort_expt_dgr_multiple_numeric_descending" name="all_datasets" time="0.0029999999999859"/>
    <testcase classname="ds.dataFrameSort_expt_dgr_multiple_numeric_descending" name="all_datasets" time="0.00300000000004275"/>
    <testcase classname="ds.dataFrameSort_expt_dgr_multiple_numeric_descending" name="all_datasets" time="0.00199999999995271"/>
    <testcase classname="ds.dataFrameSort_expt_dgr_multiple_numeric_descending" name="all_datasets" time="0.0029999999999859"/>
    <testcase classname="ds.dataFrameSort_expt_dgr_multiple_numeric_descending" name="all_datasets" time="0.27800000000002"/>
    <testcase classname="ds.dataFrameSort_expt_dgr_multiple_numeric_descending" name="all_datasets" time="0.0029999999999859"/>
    <testcase classname="ds.dataFrameSort_expt_dgr_multiple_numeric_descending" name="all_datasets" time="0.0029999999999859"/>
  </testsuite>
  <testsuite errors="0" failures="0" hostname="fv-az14" name="ds.dataFrameSort::expt_dgr::single::numeric::descending" skipped="0" tests="33" time="30.531" timestamp="2020-09-17T10:36:54Z">
    <testcase classname="ds.dataFrameSort_expt_dgr_single_numeric_descending" name="dataset_1" time="6.54500000000002"/>
    <testcase classname="ds.dataFrameSort_expt_dgr_single_numeric_descending" name="dataset_1" time="0.00200000000000955"/>
    <testcase classname="ds.dataFrameSort_expt_dgr_single_numeric_descending" name="dataset_1" time="0.240000000000009"/>
    <testcase classname="ds.dataFrameSort_expt_dgr_single_numeric_descending" name="dataset_1" time="2.12700000000001"/>
    <testcase classname="ds.dataFrameSort_expt_dgr_single_numeric_descending" name="dataset_1" time="0.00199999999995271"/>
    <testcase classname="ds.dataFrameSort_expt_dgr_single_numeric_descending" name="dataset_1" time="0.238"/>
    <testcase classname="ds.dataFrameSort_expt_dgr_single_numeric_descending" name="dataset_1" time="2.12600000000003"/>
    <testcase classname="ds.dataFrameSort_expt_dgr_single_numeric_descending" name="dataset_1" time="0.00200000000000955"/>
    <testcase classname="ds.dataFrameSort_expt_dgr_single_numeric_descending" name="dataset_1" time="0.236999999999966"/>
    <testcase classname="ds.dataFrameSort_expt_dgr_single_numeric_descending" name="dataset_1" time="2.11900000000003"/>
    <testcase classname="ds.dataFrameSort_expt_dgr_single_numeric_descending" name="dataset_1" time="0.000999999999976353"/>
    <testcase classname="ds.dataFrameSort_expt_dgr_single_numeric_descending" name="dataset_1" time="0.242000000000019"/>
    <testcase classname="ds.dataFrameSort_expt_dgr_single_numeric_descending" name="dataset_1" time="2.185"/>
    <testcase classname="ds.dataFrameSort_expt_dgr_single_numeric_descending" name="dataset_1" time="0.00200000000000955"/>
    <testcase classname="ds.dataFrameSort_expt_dgr_single_numeric_descending" name="dataset_1" time="0.239999999999952"/>
    <testcase classname="ds.dataFrameSort_expt_dgr_single_numeric_descending" name="dataset_1" time="2.13300000000004"/>
    <testcase classname="ds.dataFrameSort_expt_dgr_single_numeric_descending" name="dataset_1" time="0.00200000000000955"/>
    <testcase classname="ds.dataFrameSort_expt_dgr_single_numeric_descending" name="dataset_1" time="0.238999999999976"/>
    <testcase classname="ds.dataFrameSort_expt_dgr_single_numeric_descending" name="dataset_1" time="2.12799999999999"/>
    <testcase classname="ds.dataFrameSort_expt_dgr_single_numeric_descending" name="dataset_1" time="0.00200000000000955"/>
    <testcase classname="ds.dataFrameSort_expt_dgr_single_numeric_descending" name="dataset_1" time="0.240000000000009"/>
    <testcase classname="ds.dataFrameSort_expt_dgr_single_numeric_descending" name="dataset_1" time="2.13"/>
    <testcase classname="ds.dataFrameSort_expt_dgr_single_numeric_descending" name="dataset_1" time="0.00200000000000955"/>
    <testcase classname="ds.dataFrameSort_expt_dgr_single_numeric_descending" name="dataset_1" time="0.238999999999976"/>
    <testcase classname="ds.dataFrameSort_expt_dgr_single_numeric_descending" name="dataset_1" time="2.12600000000003"/>
    <testcase classname="ds.dataFrameSort_expt_dgr_single_numeric_descending" name="dataset_1" time="0.00200000000000955"/>
    <testcase classname="ds.dataFrameSort_expt_dgr_single_numeric_descending" name="dataset_1" time="0.238999999999976"/>
    <testcase classname="ds.dataFrameSort_expt_dgr_single_numeric_descending" name="dataset_1" time="2.11899999999997"/>
    <testcase classname="ds.dataFrameSort_expt_dgr_single_numeric_descending" name="dataset_1" time="0.00200000000000955"/>
    <testcase classname="ds.dataFrameSort_expt_dgr_single_numeric_descending" name="dataset_1" time="0.241000000000042"/>
    <testcase classname="ds.dataFrameSort_expt_dgr_single_numeric_descending" name="dataset_1" time="2.13599999999997"/>
    <testcase classname="ds.dataFrameSort_expt_dgr_single_numeric_descending" name="dataset_1" time="0.00200000000000955"/>
    <testcase classname="ds.dataFrameSort_expt_dgr_single_numeric_descending" name="dataset_1" time="0.240999999999985"/>
  </testsuite>
  <testsuite errors="0" failures="0" hostname="fv-az14" name="ds.dataFrameSort::expt_dgr::multiple::alphabetic::ascending" skipped="1" tests="1" time="0.005" timestamp="2020-09-17T10:37:25Z">
    <testcase classname="ds.dataFrameSort_expt_dgr_multiple_alphabetic_ascending" name="all_datasets" time="0.00499999999999545">
      <skipped/>
    </testcase>
  </testsuite>
  <testsuite errors="0" failures="0" hostname="fv-az14" name="ds.dataFrameSort::expt_dgr::single::alphabetic::ascending" skipped="1" tests="1" time="0.008" timestamp="2020-09-17T10:37:25Z">
    <testcase classname="ds.dataFrameSort_expt_dgr_single_alphabetic_ascending" name="dataset_2" time="0.0080000000000382">
      <skipped/>
    </testcase>
  </testsuite>
  <testsuite errors="0" failures="0" hostname="fv-az14" name="ds.dataFrameSort::expt_dgr::multiple::alphabetic::descending" skipped="1" tests="1" time="0.006" timestamp="2020-09-17T10:37:25Z">
    <testcase classname="ds.dataFrameSort_expt_dgr_multiple_alphabetic_descending" name="all_datasets" time="0.00599999999997181">
      <skipped/>
    </testcase>
  </testsuite>
  <testsuite errors="0" failures="0" hostname="fv-az14" name="ds.dataFrameSort::expt_dgr::single::alphabetic::descending" skipped="1" tests="1" time="0.006" timestamp="2020-09-17T10:37:25Z">
    <testcase classname="ds.dataFrameSort_expt_dgr_single_alphabetic_descending" name="dataset_3" time="0.00600000000002865">
      <skipped/>
    </testcase>
  </testsuite>
  <testsuite errors="0" failures="0" hostname="fv-az14" name="ds.dataFrameSort::expt_dgr::shutdown" skipped="0" tests="0" time="0" timestamp="2020-09-17T10:37:25Z"/>
  <testsuite errors="0" failures="0" hostname="fv-az14" name="ds.dataFrameSort::expt_dgr::done" skipped="0" tests="0" time="0" timestamp="2020-09-17T10:37:25Z"/>
  <testsuite errors="0" failures="0" hostname="fv-az14" name="ds.dataFrameSubset()::expt_dgr::setup" skipped="0" tests="0" time="0" timestamp="2020-09-17T10:37:25Z"/>
  <testsuite errors="0" failures="0" hostname="fv-az14" name="ds.dataFrameSubset()::expt_dgr::multiple::parameter_class" skipped="0" tests="24" time="28.222" timestamp="2020-09-17T10:37:25Z">
    <testcase classname="ds.dataFrameSubset_expt_dgr_multiple_parameter_class" name="all_datasets" time="12.464"/>
    <testcase classname="ds.dataFrameSubset_expt_dgr_multiple_parameter_class" name="all_datasets" time="0.415999999999997"/>
    <testcase classname="ds.dataFrameSubset_expt_dgr_multiple_parameter_class" name="all_datasets" time="0.264999999999986"/>
    <testcase classname="ds.dataFrameSubset_expt_dgr_multiple_parameter_class" name="all_datasets" time="0.257999999999981"/>
    <testcase classname="ds.dataFrameSubset_expt_dgr_multiple_parameter_class" name="all_datasets" time="1.07600000000002"/>
    <testcase classname="ds.dataFrameSubset_expt_dgr_multiple_parameter_class" name="all_datasets" time="0.000999999999976353"/>
    <testcase classname="ds.dataFrameSubset_expt_dgr_multiple_parameter_class" name="all_datasets" time="0.0010000000000332"/>
    <testcase classname="ds.dataFrameSubset_expt_dgr_multiple_parameter_class" name="all_datasets" time="0.863"/>
    <testcase classname="ds.dataFrameSubset_expt_dgr_multiple_parameter_class" name="all_datasets" time="2.26600000000002"/>
    <testcase classname="ds.dataFrameSubset_expt_dgr_multiple_parameter_class" name="all_datasets" time="0.00200000000000955"/>
    <testcase classname="ds.dataFrameSubset_expt_dgr_multiple_parameter_class" name="all_datasets" time="0.000999999999976353"/>
    <testcase classname="ds.dataFrameSubset_expt_dgr_multiple_parameter_class" name="all_datasets" time="3.50600000000003"/>
    <testcase classname="ds.dataFrameSubset_expt_dgr_multiple_parameter_class" name="all_datasets" time="0.000999999999976353"/>
    <testcase classname="ds.dataFrameSubset_expt_dgr_multiple_parameter_class" name="all_datasets" time="0.00200000000000955"/>
    <testcase classname="ds.dataFrameSubset_expt_dgr_multiple_parameter_class" name="all_datasets" time="3.49799999999999"/>
    <testcase classname="ds.dataFrameSubset_expt_dgr_multiple_parameter_class" name="all_datasets" time="0.000999999999976353"/>
    <testcase classname="ds.dataFrameSubset_expt_dgr_multiple_parameter_class" name="all_datasets" time="0.00300000000004275"/>
    <testcase classname="ds.dataFrameSubset_expt_dgr_multiple_parameter_class" name="all_datasets" time="1.46599999999995"/>
    <testcase classname="ds.dataFrameSubset_expt_dgr_multiple_parameter_class" name="all_datasets" time="1.06500000000005"/>
    <testcase classname="ds.dataFrameSubset_expt_dgr_multiple_parameter_class" name="all_datasets" time="0.000999999999976353"/>
    <testcase classname="ds.dataFrameSubset_expt_dgr_multiple_parameter_class" name="all_datasets" time="0.00200000000000955"/>
    <testcase classname="ds.dataFrameSubset_expt_dgr_multiple_parameter_class" name="all_datasets" time="1.06"/>
    <testcase classname="ds.dataFrameSubset_expt_dgr_multiple_parameter_class" name="all_datasets" time="0.00200000000000955"/>
    <testcase classname="ds.dataFrameSubset_expt_dgr_multiple_parameter_class" name="all_datasets" time="0.00199999999995271"/>
  </testsuite>
  <testsuite errors="0" failures="0" hostname="fv-az14" name="ds.dataFrameSubset()::expt_dgr::single::parameter_class" skipped="0" tests="10" time="12.246" timestamp="2020-09-17T10:37:53Z">
    <testcase classname="ds.dataFrameSubset_expt_dgr_single_parameter_class" name="dataset_1" time="5.33500000000004"/>
    <testcase classname="ds.dataFrameSubset_expt_dgr_single_parameter_class" name="dataset_1" time="0.238999999999976"/>
    <testcase classname="ds.dataFrameSubset_expt_dgr_single_parameter_class" name="dataset_1" time="0.240000000000009"/>
    <testcase classname="ds.dataFrameSubset_expt_dgr_single_parameter_class" name="dataset_1" time="0.23599999999999"/>
    <testcase classname="ds.dataFrameSubset_expt_dgr_single_parameter_class" name="dataset_1" time="0.953000000000031"/>
    <testcase classname="ds.dataFrameSubset_expt_dgr_single_parameter_class" name="dataset_1" time="0.71999999999997"/>
    <testcase classname="ds.dataFrameSubset_expt_dgr_single_parameter_class" name="dataset_1" time="1.68799999999999"/>
    <testcase classname="ds.dataFrameSubset_expt_dgr_single_parameter_class" name="dataset_1" time="0.946000000000026"/>
    <testcase classname="ds.dataFrameSubset_expt_dgr_single_parameter_class" name="dataset_1" time="0.944999999999993"/>
    <testcase classname="ds.dataFrameSubset_expt_dgr_single_parameter_class" name="dataset_1" time="0.944000000000017"/>
  </testsuite>
  <testsuite errors="0" failures="0" hostname="fv-az14" name="ds.dataFrameSubset()::expt_dgr::multiple::all_columns" skipped="0" tests="48" time="30.761" timestamp="2020-09-17T10:38:05Z">
    <testcase classname="ds.dataFrameSubset_expt_dgr_multiple_all_columns" name="all_datasets" time="9.08499999999998"/>
    <testcase classname="ds.dataFrameSubset_expt_dgr_multiple_all_columns" name="all_datasets" time="0.0010000000000332"/>
    <testcase classname="ds.dataFrameSubset_expt_dgr_multiple_all_columns" name="all_datasets" time="0.00199999999995271"/>
    <testcase classname="ds.dataFrameSubset_expt_dgr_multiple_all_columns" name="all_datasets" time="0.0010000000000332"/>
    <testcase classname="ds.dataFrameSubset_expt_dgr_multiple_all_columns" name="all_datasets" time="0.000999999999976353"/>
    <testcase classname="ds.dataFrameSubset_expt_dgr_multiple_all_columns" name="all_datasets" time="0.0010000000000332"/>
    <testcase classname="ds.dataFrameSubset_expt_dgr_multiple_all_columns" name="all_datasets" time="0.000999999999976353"/>
    <testcase classname="ds.dataFrameSubset_expt_dgr_multiple_all_columns" name="all_datasets" time="0.00200000000000955"/>
    <testcase classname="ds.dataFrameSubset_expt_dgr_multiple_all_columns" name="all_datasets" time="4.37299999999999"/>
    <testcase classname="ds.dataFrameSubset_expt_dgr_multiple_all_columns" name="all_datasets" time="0.00200000000000955"/>
    <testcase classname="ds.dataFrameSubset_expt_dgr_multiple_all_columns" name="all_datasets" time="0.00200000000000955"/>
    <testcase classname="ds.dataFrameSubset_expt_dgr_multiple_all_columns" name="all_datasets" time="0.000999999999976353"/>
    <testcase classname="ds.dataFrameSubset_expt_dgr_multiple_all_columns" name="all_datasets" time="0.000999999999976353"/>
    <testcase classname="ds.dataFrameSubset_expt_dgr_multiple_all_columns" name="all_datasets" time="0.00200000000000955"/>
    <testcase classname="ds.dataFrameSubset_expt_dgr_multiple_all_columns" name="all_datasets" time="0.00200000000000955"/>
    <testcase classname="ds.dataFrameSubset_expt_dgr_multiple_all_columns" name="all_datasets" time="0.0010000000000332"/>
    <testcase classname="ds.dataFrameSubset_expt_dgr_multiple_all_columns" name="all_datasets" time="4.31299999999999"/>
    <testcase classname="ds.dataFrameSubset_expt_dgr_multiple_all_columns" name="all_datasets" time="0.000999999999976353"/>
    <testcase classname="ds.dataFrameSubset_expt_dgr_multiple_all_columns" name="all_datasets" time="0.00200000000000955"/>
    <testcase classname="ds.dataFrameSubset_expt_dgr_multiple_all_columns" name="all_datasets" time="0.000999999999976353"/>
    <testcase classname="ds.dataFrameSubset_expt_dgr_multiple_all_columns" name="all_datasets" time="0.0010000000000332"/>
    <testcase classname="ds.dataFrameSubset_expt_dgr_multiple_all_columns" name="all_datasets" time="0.00200000000000955"/>
    <testcase classname="ds.dataFrameSubset_expt_dgr_multiple_all_columns" name="all_datasets" time="0.00200000000000955"/>
    <testcase classname="ds.dataFrameSubset_expt_dgr_multiple_all_columns" name="all_datasets" time="0.00199999999995271"/>
    <testcase classname="ds.dataFrameSubset_expt_dgr_multiple_all_columns" name="all_datasets" time="4.30500000000001"/>
    <testcase classname="ds.dataFrameSubset_expt_dgr_multiple_all_columns" name="all_datasets" time="0.000999999999976353"/>
    <testcase classname="ds.dataFrameSubset_expt_dgr_multiple_all_columns" name="all_datasets" time="0.00200000000000955"/>
    <testcase classname="ds.dataFrameSubset_expt_dgr_multiple_all_columns" name="all_datasets" time="0.00200000000000955"/>
    <testcase classname="ds.dataFrameSubset_expt_dgr_multiple_all_columns" name="all_datasets" time="0.000999999999976353"/>
    <testcase classname="ds.dataFrameSubset_expt_dgr_multiple_all_columns" name="all_datasets" time="0.00799999999998136"/>
    <testcase classname="ds.dataFrameSubset_expt_dgr_multiple_all_columns" name="all_datasets" time="0.0010000000000332"/>
    <testcase classname="ds.dataFrameSubset_expt_dgr_multiple_all_columns" name="all_datasets" time="0.00200000000000955"/>
    <testcase classname="ds.dataFrameSubset_expt_dgr_multiple_all_columns" name="all_datasets" time="4.30000000000001"/>
    <testcase classname="ds.dataFrameSubset_expt_dgr_multiple_all_columns" name="all_datasets" time="0.0029999999999859"/>
    <testcase classname="ds.dataFrameSubset_expt_dgr_multiple_all_columns" name="all_datasets" time="0.00200000000000955"/>
    <testcase classname="ds.dataFrameSubset_expt_dgr_multiple_all_columns" name="all_datasets" time="0.00199999999995271"/>
    <testcase classname="ds.dataFrameSubset_expt_dgr_multiple_all_columns" name="all_datasets" time="0.00200000000000955"/>
    <testcase classname="ds.dataFrameSubset_expt_dgr_multiple_all_columns" name="all_datasets" time="0.00200000000000955"/>
    <testcase classname="ds.dataFrameSubset_expt_dgr_multiple_all_columns" name="all_datasets" time="0.0029999999999859"/>
    <testcase classname="ds.dataFrameSubset_expt_dgr_multiple_all_columns" name="all_datasets" time="0.00200000000000955"/>
    <testcase classname="ds.dataFrameSubset_expt_dgr_multiple_all_columns" name="all_datasets" time="4.30700000000002"/>
    <testcase classname="ds.dataFrameSubset_expt_dgr_multiple_all_columns" name="all_datasets" time="0.00200000000000955"/>
    <testcase classname="ds.dataFrameSubset_expt_dgr_multiple_all_columns" name="all_datasets" time="0.00200000000000955"/>
    <testcase classname="ds.dataFrameSubset_expt_dgr_multiple_all_columns" name="all_datasets" time="0.0029999999999859"/>
    <testcase classname="ds.dataFrameSubset_expt_dgr_multiple_all_columns" name="all_datasets" time="0.00200000000000955"/>
    <testcase classname="ds.dataFrameSubset_expt_dgr_multiple_all_columns" name="all_datasets" time="0.00199999999995271"/>
    <testcase classname="ds.dataFrameSubset_expt_dgr_multiple_all_columns" name="all_datasets" time="0.00200000000000955"/>
    <testcase classname="ds.dataFrameSubset_expt_dgr_multiple_all_columns" name="all_datasets" time="0.0010000000000332"/>
  </testsuite>
  <testsuite errors="0" failures="0" hostname="fv-az14" name="ds.dataFrameSubset()::expt_dgr::single::all_columns" skipped="0" tests="24" time="22.315" timestamp="2020-09-17T10:38:36Z">
    <testcase classname="ds.dataFrameSubset_expt_dgr_single_all_columns" name="dataset_2" time="6.858"/>
    <testcase classname="ds.dataFrameSubset_expt_dgr_single_all_columns" name="dataset_2" time="0.000999999999976353"/>
    <testcase classname="ds.dataFrameSubset_expt_dgr_single_all_columns" name="dataset_2" time="0.000999999999976353"/>
    <testcase classname="ds.dataFrameSubset_expt_dgr_single_all_columns" name="dataset_2" time="0.00200000000000955"/>
    <testcase classname="ds.dataFrameSubset_expt_dgr_single_all_columns" name="dataset_2" time="3.12800000000004"/>
    <testcase classname="ds.dataFrameSubset_expt_dgr_single_all_columns" name="dataset_2" time="0.00199999999995271"/>
    <testcase classname="ds.dataFrameSubset_expt_dgr_single_all_columns" name="dataset_2" time="0.0010000000000332"/>
    <testcase classname="ds.dataFrameSubset_expt_dgr_single_all_columns" name="dataset_2" time="0.00200000000000955"/>
    <testcase classname="ds.dataFrameSubset_expt_dgr_single_all_columns" name="dataset_2" time="3.07999999999998"/>
    <testcase classname="ds.dataFrameSubset_expt_dgr_single_all_columns" name="dataset_2" time="0.000999999999976353"/>
    <testcase classname="ds.dataFrameSubset_expt_dgr_single_all_columns" name="dataset_2" time="0.0010000000000332"/>
    <testcase classname="ds.dataFrameSubset_expt_dgr_single_all_columns" name="dataset_2" time="0.00200000000000955"/>
    <testcase classname="ds.dataFrameSubset_expt_dgr_single_all_columns" name="dataset_2" time="3.07999999999998"/>
    <testcase classname="ds.dataFrameSubset_expt_dgr_single_all_columns" name="dataset_2" time="0.00200000000000955"/>
    <testcase classname="ds.dataFrameSubset_expt_dgr_single_all_columns" name="dataset_2" time="0.000999999999976353"/>
    <testcase classname="ds.dataFrameSubset_expt_dgr_single_all_columns" name="dataset_2" time="0.00200000000000955"/>
    <testcase classname="ds.dataFrameSubset_expt_dgr_single_all_columns" name="dataset_2" time="3.06999999999999"/>
    <testcase classname="ds.dataFrameSubset_expt_dgr_single_all_columns" name="dataset_2" time="0.00200000000000955"/>
    <testcase classname="ds.dataFrameSubset_expt_dgr_single_all_columns" name="dataset_2" time="0.000999999999976353"/>
    <testcase classname="ds.dataFrameSubset_expt_dgr_single_all_columns" name="dataset_2" time="0.0010000000000332"/>
    <testcase classname="ds.dataFrameSubset_expt_dgr_single_all_columns" name="dataset_2" time="3.06899999999996"/>
    <testcase classname="ds.dataFrameSubset_expt_dgr_single_all_columns" name="dataset_2" time="0.0040000000000191"/>
    <testcase classname="ds.dataFrameSubset_expt_dgr_single_all_columns" name="dataset_2" time="0.00200000000000955"/>
    <testcase classname="ds.dataFrameSubset_expt_dgr_single_all_columns" name="dataset_2" time="0.00200000000000955"/>
  </testsuite>
  <testsuite errors="0" failures="0" hostname="fv-az14" name="ds.dataFrameSubset()::expt_dgr::multiple::all_columns::subset_by_rows" skipped="0" tests="40" time="75.088" timestamp="2020-09-17T10:38:58Z">
    <testcase classname="ds.dataFrameSubset_expt_dgr_multiple_all_columns_subset_by_rows" name="all_datasets" time="9.84700000000004"/>
    <testcase classname="ds.dataFrameSubset_expt_dgr_multiple_all_columns_subset_by_rows" name="all_datasets" time="0.267999999999972"/>
    <testcase classname="ds.dataFrameSubset_expt_dgr_multiple_all_columns_subset_by_rows" name="all_datasets" time="0.269000000000005"/>
    <testcase classname="ds.dataFrameSubset_expt_dgr_multiple_all_columns_subset_by_rows" name="all_datasets" time="1.51400000000001"/>
    <testcase classname="ds.dataFrameSubset_expt_dgr_multiple_all_columns_subset_by_rows" name="all_datasets" time="5.01499999999999"/>
    <testcase classname="ds.dataFrameSubset_expt_dgr_multiple_all_columns_subset_by_rows" name="all_datasets" time="0.26400000000001"/>
    <testcase classname="ds.dataFrameSubset_expt_dgr_multiple_all_columns_subset_by_rows" name="all_datasets" time="0.274999999999977"/>
    <testcase classname="ds.dataFrameSubset_expt_dgr_multiple_all_columns_subset_by_rows" name="all_datasets" time="1.71899999999999"/>
    <testcase classname="ds.dataFrameSubset_expt_dgr_multiple_all_columns_subset_by_rows" name="all_datasets" time="4.959"/>
    <testcase classname="ds.dataFrameSubset_expt_dgr_multiple_all_columns_subset_by_rows" name="all_datasets" time="0.274000000000001"/>
    <testcase classname="ds.dataFrameSubset_expt_dgr_multiple_all_columns_subset_by_rows" name="all_datasets" time="0.26400000000001"/>
    <testcase classname="ds.dataFrameSubset_expt_dgr_multiple_all_columns_subset_by_rows" name="all_datasets" time="1.47899999999998"/>
    <testcase classname="ds.dataFrameSubset_expt_dgr_multiple_all_columns_subset_by_rows" name="all_datasets" time="4.97800000000001"/>
    <testcase classname="ds.dataFrameSubset_expt_dgr_multiple_all_columns_subset_by_rows" name="all_datasets" time="0.262"/>
    <testcase classname="ds.dataFrameSubset_expt_dgr_multiple_all_columns_subset_by_rows" name="all_datasets" time="0.28000000000003"/>
    <testcase classname="ds.dataFrameSubset_expt_dgr_multiple_all_columns_subset_by_rows" name="all_datasets" time="1.47999999999996"/>
    <testcase classname="ds.dataFrameSubset_expt_dgr_multiple_all_columns_subset_by_rows" name="all_datasets" time="4.99600000000004"/>
    <testcase classname="ds.dataFrameSubset_expt_dgr_multiple_all_columns_subset_by_rows" name="all_datasets" time="0.265999999999963"/>
    <testcase classname="ds.dataFrameSubset_expt_dgr_multiple_all_columns_subset_by_rows" name="all_datasets" time="0.274999999999977"/>
    <testcase classname="ds.dataFrameSubset_expt_dgr_multiple_all_columns_subset_by_rows" name="all_datasets" time="1.483"/>
    <testcase classname="ds.dataFrameSubset_expt_dgr_multiple_all_columns_subset_by_rows" name="all_datasets" time="4.959"/>
    <testcase classname="ds.dataFrameSubset_expt_dgr_multiple_all_columns_subset_by_rows" name="all_datasets" time="0.269999999999982"/>
    <testcase classname="ds.dataFrameSubset_expt_dgr_multiple_all_columns_subset_by_rows" name="all_datasets" time="0.266999999999996"/>
    <testcase classname="ds.dataFrameSubset_expt_dgr_multiple_all_columns_subset_by_rows" name="all_datasets" time="1.48000000000002"/>
    <testcase classname="ds.dataFrameSubset_expt_dgr_multiple_all_columns_subset_by_rows" name="all_datasets" time="4.96800000000002"/>
    <testcase classname="ds.dataFrameSubset_expt_dgr_multiple_all_columns_subset_by_rows" name="all_datasets" time="0.265999999999963"/>
    <testcase classname="ds.dataFrameSubset_expt_dgr_multiple_all_columns_subset_by_rows" name="all_datasets" time="0.283000000000015"/>
    <testcase classname="ds.dataFrameSubset_expt_dgr_multiple_all_columns_subset_by_rows" name="all_datasets" time="1.47700000000003"/>
    <testcase classname="ds.dataFrameSubset_expt_dgr_multiple_all_columns_subset_by_rows" name="all_datasets" time="4.98099999999999"/>
    <testcase classname="ds.dataFrameSubset_expt_dgr_multiple_all_columns_subset_by_rows" name="all_datasets" time="0.266999999999996"/>
    <testcase classname="ds.dataFrameSubset_expt_dgr_multiple_all_columns_subset_by_rows" name="all_datasets" time="0.269999999999982"/>
    <testcase classname="ds.dataFrameSubset_expt_dgr_multiple_all_columns_subset_by_rows" name="all_datasets" time="1.49000000000001"/>
    <testcase classname="ds.dataFrameSubset_expt_dgr_multiple_all_columns_subset_by_rows" name="all_datasets" time="4.95400000000001"/>
    <testcase classname="ds.dataFrameSubset_expt_dgr_multiple_all_columns_subset_by_rows" name="all_datasets" time="0.266999999999996"/>
    <testcase classname="ds.dataFrameSubset_expt_dgr_multiple_all_columns_subset_by_rows" name="all_datasets" time="0.26600000000002"/>
    <testcase classname="ds.dataFrameSubset_expt_dgr_multiple_all_columns_subset_by_rows" name="all_datasets" time="1.476"/>
    <testcase classname="ds.dataFrameSubset_expt_dgr_multiple_all_columns_subset_by_rows" name="all_datasets" time="4.96799999999996"/>
    <testcase classname="ds.dataFrameSubset_expt_dgr_multiple_all_columns_subset_by_rows" name="all_datasets" time="0.274000000000001"/>
    <testcase classname="ds.dataFrameSubset_expt_dgr_multiple_all_columns_subset_by_rows" name="all_datasets" time="0.266999999999996"/>
    <testcase classname="ds.dataFrameSubset_expt_dgr_multiple_all_columns_subset_by_rows" name="all_datasets" time="1.471"/>
  </testsuite>
  <testsuite errors="0" failures="0" hostname="fv-az14" name="ds.dataFrameSubset()::expt_dgr::single::all_columns::subset_by_rows" skipped="0" tests="20" time="32.155" timestamp="2020-09-17T10:40:13Z">
    <testcase classname="ds.dataFrameSubset_expt_dgr_single_all_columns_subset_by_rows" name="dataset_3" time="5.61000000000001"/>
    <testcase classname="ds.dataFrameSubset_expt_dgr_single_all_columns_subset_by_rows" name="dataset_3" time="0.940999999999974"/>
    <testcase classname="ds.dataFrameSubset_expt_dgr_single_all_columns_subset_by_rows" name="dataset_3" time="1.947"/>
    <testcase classname="ds.dataFrameSubset_expt_dgr_single_all_columns_subset_by_rows" name="dataset_3" time="0.94300000000004"/>
    <testcase classname="ds.dataFrameSubset_expt_dgr_single_all_columns_subset_by_rows" name="dataset_3" time="1.91199999999998"/>
    <testcase classname="ds.dataFrameSubset_expt_dgr_single_all_columns_subset_by_rows" name="dataset_3" time="0.939999999999998"/>
    <testcase classname="ds.dataFrameSubset_expt_dgr_single_all_columns_subset_by_rows" name="dataset_3" time="1.88900000000001"/>
    <testcase classname="ds.dataFrameSubset_expt_dgr_single_all_columns_subset_by_rows" name="dataset_3" time="0.949000000000012"/>
    <testcase classname="ds.dataFrameSubset_expt_dgr_single_all_columns_subset_by_rows" name="dataset_3" time="1.90499999999997"/>
    <testcase classname="ds.dataFrameSubset_expt_dgr_single_all_columns_subset_by_rows" name="dataset_3" time="0.94300000000004"/>
    <testcase classname="ds.dataFrameSubset_expt_dgr_single_all_columns_subset_by_rows" name="dataset_3" time="1.89099999999996"/>
    <testcase classname="ds.dataFrameSubset_expt_dgr_single_all_columns_subset_by_rows" name="dataset_3" time="0.939000000000021"/>
    <testcase classname="ds.dataFrameSubset_expt_dgr_single_all_columns_subset_by_rows" name="dataset_3" time="1.887"/>
    <testcase classname="ds.dataFrameSubset_expt_dgr_single_all_columns_subset_by_rows" name="dataset_3" time="0.94599999999997"/>
    <testcase classname="ds.dataFrameSubset_expt_dgr_single_all_columns_subset_by_rows" name="dataset_3" time="1.90200000000004"/>
    <testcase classname="ds.dataFrameSubset_expt_dgr_single_all_columns_subset_by_rows" name="dataset_3" time="0.944999999999993"/>
    <testcase classname="ds.dataFrameSubset_expt_dgr_single_all_columns_subset_by_rows" name="dataset_3" time="1.89199999999994"/>
    <testcase classname="ds.dataFrameSubset_expt_dgr_single_all_columns_subset_by_rows" name="dataset_3" time="0.937000000000012"/>
    <testcase classname="ds.dataFrameSubset_expt_dgr_single_all_columns_subset_by_rows" name="dataset_3" time="1.90200000000004"/>
    <testcase classname="ds.dataFrameSubset_expt_dgr_single_all_columns_subset_by_rows" name="dataset_3" time="0.934999999999945"/>
  </testsuite>
  <testsuite errors="0" failures="0" hostname="fv-az14" name="ds.dataFrameSubset()::expt_dgr::multiple::subset_by_rows_columns" skipped="0" tests="60" time="135.216" timestamp="2020-09-17T10:40:45Z">
    <testcase classname="ds.dataFrameSubset_expt_dgr_multiple_subset_by_rows_columns" name="all_datasets" time="13.409"/>
    <testcase classname="ds.dataFrameSubset_expt_dgr_multiple_subset_by_rows_columns" name="all_datasets" time="1.2120000000001"/>
    <testcase classname="ds.dataFrameSubset_expt_dgr_multiple_subset_by_rows_columns" name="all_datasets" time="0.30499999999995"/>
    <testcase classname="ds.dataFrameSubset_expt_dgr_multiple_subset_by_rows_columns" name="all_datasets" time="1.28599999999994"/>
    <testcase classname="ds.dataFrameSubset_expt_dgr_multiple_subset_by_rows_columns" name="all_datasets" time="0.26400000000001"/>
    <testcase classname="ds.dataFrameSubset_expt_dgr_multiple_subset_by_rows_columns" name="all_datasets" time="1.20500000000004"/>
    <testcase classname="ds.dataFrameSubset_expt_dgr_multiple_subset_by_rows_columns" name="all_datasets" time="8.85000000000002"/>
    <testcase classname="ds.dataFrameSubset_expt_dgr_multiple_subset_by_rows_columns" name="all_datasets" time="1.20499999999993"/>
    <testcase classname="ds.dataFrameSubset_expt_dgr_multiple_subset_by_rows_columns" name="all_datasets" time="0.266000000000076"/>
    <testcase classname="ds.dataFrameSubset_expt_dgr_multiple_subset_by_rows_columns" name="all_datasets" time="1.21500000000003"/>
    <testcase classname="ds.dataFrameSubset_expt_dgr_multiple_subset_by_rows_columns" name="all_datasets" time="0.268999999999892"/>
    <testcase classname="ds.dataFrameSubset_expt_dgr_multiple_subset_by_rows_columns" name="all_datasets" time="1.21900000000005"/>
    <testcase classname="ds.dataFrameSubset_expt_dgr_multiple_subset_by_rows_columns" name="all_datasets" time="8.91700000000003"/>
    <testcase classname="ds.dataFrameSubset_expt_dgr_multiple_subset_by_rows_columns" name="all_datasets" time="1.21299999999997"/>
    <testcase classname="ds.dataFrameSubset_expt_dgr_multiple_subset_by_rows_columns" name="all_datasets" time="0.264999999999986"/>
    <testcase classname="ds.dataFrameSubset_expt_dgr_multiple_subset_by_rows_columns" name="all_datasets" time="1.21199999999999"/>
    <testcase classname="ds.dataFrameSubset_expt_dgr_multiple_subset_by_rows_columns" name="all_datasets" time="0.274999999999977"/>
    <testcase classname="ds.dataFrameSubset_expt_dgr_multiple_subset_by_rows_columns" name="all_datasets" time="1.21000000000004"/>
    <testcase classname="ds.dataFrameSubset_expt_dgr_multiple_subset_by_rows_columns" name="all_datasets" time="8.87800000000004"/>
    <testcase classname="ds.dataFrameSubset_expt_dgr_multiple_subset_by_rows_columns" name="all_datasets" time="1.20399999999995"/>
    <testcase classname="ds.dataFrameSubset_expt_dgr_multiple_subset_by_rows_columns" name="all_datasets" time="0.268000000000029"/>
    <testcase classname="ds.dataFrameSubset_expt_dgr_multiple_subset_by_rows_columns" name="all_datasets" time="1.221"/>
    <testcase classname="ds.dataFrameSubset_expt_dgr_multiple_subset_by_rows_columns" name="all_datasets" time="0.268000000000029"/>
    <testcase classname="ds.dataFrameSubset_expt_dgr_multiple_subset_by_rows_columns" name="all_datasets" time="1.20299999999997"/>
    <testcase classname="ds.dataFrameSubset_expt_dgr_multiple_subset_by_rows_columns" name="all_datasets" time="8.90700000000004"/>
    <testcase classname="ds.dataFrameSubset_expt_dgr_multiple_subset_by_rows_columns" name="all_datasets" time="1.21399999999994"/>
    <testcase classname="ds.dataFrameSubset_expt_dgr_multiple_subset_by_rows_columns" name="all_datasets" time="0.268000000000029"/>
    <testcase classname="ds.dataFrameSubset_expt_dgr_multiple_subset_by_rows_columns" name="all_datasets" time="1.21299999999997"/>
    <testcase classname="ds.dataFrameSubset_expt_dgr_multiple_subset_by_rows_columns" name="all_datasets" time="0.275000000000091"/>
    <testcase classname="ds.dataFrameSubset_expt_dgr_multiple_subset_by_rows_columns" name="all_datasets" time="1.21699999999998"/>
    <testcase classname="ds.dataFrameSubset_expt_dgr_multiple_subset_by_rows_columns" name="all_datasets" time="8.904"/>
    <testcase classname="ds.dataFrameSubset_expt_dgr_multiple_subset_by_rows_columns" name="all_datasets" time="1.21100000000001"/>
    <testcase classname="ds.dataFrameSubset_expt_dgr_multiple_subset_by_rows_columns" name="all_datasets" time="0.266999999999939"/>
    <testcase classname="ds.dataFrameSubset_expt_dgr_multiple_subset_by_rows_columns" name="all_datasets" time="1.21900000000005"/>
    <testcase classname="ds.dataFrameSubset_expt_dgr_multiple_subset_by_rows_columns" name="all_datasets" time="0.264999999999986"/>
    <testcase classname="ds.dataFrameSubset_expt_dgr_multiple_subset_by_rows_columns" name="all_datasets" time="1.20499999999993"/>
    <testcase classname="ds.dataFrameSubset_expt_dgr_multiple_subset_by_rows_columns" name="all_datasets" time="8.83500000000004"/>
    <testcase classname="ds.dataFrameSubset_expt_dgr_multiple_subset_by_rows_columns" name="all_datasets" time="1.21699999999998"/>
    <testcase classname="ds.dataFrameSubset_expt_dgr_multiple_subset_by_rows_columns" name="all_datasets" time="0.268000000000029"/>
    <testcase classname="ds.dataFrameSubset_expt_dgr_multiple_subset_by_rows_columns" name="all_datasets" time="1.20699999999999"/>
    <testcase classname="ds.dataFrameSubset_expt_dgr_multiple_subset_by_rows_columns" name="all_datasets" time="0.268000000000029"/>
    <testcase classname="ds.dataFrameSubset_expt_dgr_multiple_subset_by_rows_columns" name="all_datasets" time="1.21799999999996"/>
    <testcase classname="ds.dataFrameSubset_expt_dgr_multiple_subset_by_rows_columns" name="all_datasets" time="8.88700000000006"/>
    <testcase classname="ds.dataFrameSubset_expt_dgr_multiple_subset_by_rows_columns" name="all_datasets" time="1.22299999999996"/>
    <testcase classname="ds.dataFrameSubset_expt_dgr_multiple_subset_by_rows_columns" name="all_datasets" time="0.269999999999982"/>
    <testcase classname="ds.dataFrameSubset_expt_dgr_multiple_subset_by_rows_columns" name="all_datasets" time="1.21100000000001"/>
    <testcase classname="ds.dataFrameSubset_expt_dgr_multiple_subset_by_rows_columns" name="all_datasets" time="0.267000000000053"/>
    <testcase classname="ds.dataFrameSubset_expt_dgr_multiple_subset_by_rows_columns" name="all_datasets" time="1.20899999999995"/>
    <testcase classname="ds.dataFrameSubset_expt_dgr_multiple_subset_by_rows_columns" name="all_datasets" time="8.90800000000002"/>
    <testcase classname="ds.dataFrameSubset_expt_dgr_multiple_subset_by_rows_columns" name="all_datasets" time="1.22199999999998"/>
    <testcase classname="ds.dataFrameSubset_expt_dgr_multiple_subset_by_rows_columns" name="all_datasets" time="0.269000000000005"/>
    <testcase classname="ds.dataFrameSubset_expt_dgr_multiple_subset_by_rows_columns" name="all_datasets" time="1.21199999999999"/>
    <testcase classname="ds.dataFrameSubset_expt_dgr_multiple_subset_by_rows_columns" name="all_datasets" time="0.269000000000005"/>
    <testcase classname="ds.dataFrameSubset_expt_dgr_multiple_subset_by_rows_columns" name="all_datasets" time="1.21199999999999"/>
    <testcase classname="ds.dataFrameSubset_expt_dgr_multiple_subset_by_rows_columns" name="all_datasets" time="8.88300000000004"/>
    <testcase classname="ds.dataFrameSubset_expt_dgr_multiple_subset_by_rows_columns" name="all_datasets" time="1.20500000000004"/>
    <testcase classname="ds.dataFrameSubset_expt_dgr_multiple_subset_by_rows_columns" name="all_datasets" time="0.269999999999982"/>
    <testcase classname="ds.dataFrameSubset_expt_dgr_multiple_subset_by_rows_columns" name="all_datasets" time="1.20899999999995"/>
    <testcase classname="ds.dataFrameSubset_expt_dgr_multiple_subset_by_rows_columns" name="all_datasets" time="0.264999999999986"/>
    <testcase classname="ds.dataFrameSubset_expt_dgr_multiple_subset_by_rows_columns" name="all_datasets" time="1.20800000000008"/>
  </testsuite>
  <testsuite errors="0" failures="0" hostname="fv-az14" name="ds.dataFrameSubset()::expt_dgr::single::subset_by_rows_columns" skipped="0" tests="20" time="39.148" timestamp="2020-09-17T10:43:01Z">
    <testcase classname="ds.dataFrameSubset_expt_dgr_single_subset_by_rows_columns" name="dataset_1" time="6.55399999999997"/>
    <testcase classname="ds.dataFrameSubset_expt_dgr_single_subset_by_rows_columns" name="dataset_1" time="0.703999999999951"/>
    <testcase classname="ds.dataFrameSubset_expt_dgr_single_subset_by_rows_columns" name="dataset_1" time="2.88"/>
    <testcase classname="ds.dataFrameSubset_expt_dgr_single_subset_by_rows_columns" name="dataset_1" time="0.704000000000065"/>
    <testcase classname="ds.dataFrameSubset_expt_dgr_single_subset_by_rows_columns" name="dataset_1" time="2.83699999999999"/>
    <testcase classname="ds.dataFrameSubset_expt_dgr_single_subset_by_rows_columns" name="dataset_1" time="0.701999999999998"/>
    <testcase classname="ds.dataFrameSubset_expt_dgr_single_subset_by_rows_columns" name="dataset_1" time="2.827"/>
    <testcase classname="ds.dataFrameSubset_expt_dgr_single_subset_by_rows_columns" name="dataset_1" time="0.701000000000022"/>
    <testcase classname="ds.dataFrameSubset_expt_dgr_single_subset_by_rows_columns" name="dataset_1" time="2.8359999999999"/>
    <testcase classname="ds.dataFrameSubset_expt_dgr_single_subset_by_rows_columns" name="dataset_1" time="0.704000000000065"/>
    <testcase classname="ds.dataFrameSubset_expt_dgr_single_subset_by_rows_columns" name="dataset_1" time="2.84000000000003"/>
    <testcase classname="ds.dataFrameSubset_expt_dgr_single_subset_by_rows_columns" name="dataset_1" time="0.705999999999904"/>
    <testcase classname="ds.dataFrameSubset_expt_dgr_single_subset_by_rows_columns" name="dataset_1" time="2.83500000000004"/>
    <testcase classname="ds.dataFrameSubset_expt_dgr_single_subset_by_rows_columns" name="dataset_1" time="0.706000000000017"/>
    <testcase classname="ds.dataFrameSubset_expt_dgr_single_subset_by_rows_columns" name="dataset_1" time="2.83299999999997"/>
    <testcase classname="ds.dataFrameSubset_expt_dgr_single_subset_by_rows_columns" name="dataset_1" time="0.703000000000088"/>
    <testcase classname="ds.dataFrameSubset_expt_dgr_single_subset_by_rows_columns" name="dataset_1" time="2.82999999999993"/>
    <testcase classname="ds.dataFrameSubset_expt_dgr_single_subset_by_rows_columns" name="dataset_1" time="0.702999999999975"/>
    <testcase classname="ds.dataFrameSubset_expt_dgr_single_subset_by_rows_columns" name="dataset_1" time="2.83600000000001"/>
    <testcase classname="ds.dataFrameSubset_expt_dgr_single_subset_by_rows_columns" name="dataset_1" time="0.706999999999994"/>
  </testsuite>
  <testsuite errors="0" failures="0" hostname="fv-az14" name="ds.dataFrameSubset()::expt_dgr::multiple::subset_by_rows_columns" skipped="0" tests="60" time="135.603" timestamp="2020-09-17T10:43:40Z">
    <testcase classname="ds.dataFrameSubset_expt_dgr_multiple_subset_by_rows_columns" name="all_datasets" time="13.6660000000001"/>
    <testcase classname="ds.dataFrameSubset_expt_dgr_multiple_subset_by_rows_columns" name="all_datasets" time="1.21899999999994"/>
    <testcase classname="ds.dataFrameSubset_expt_dgr_multiple_subset_by_rows_columns" name="all_datasets" time="0.312000000000012"/>
    <testcase classname="ds.dataFrameSubset_expt_dgr_multiple_subset_by_rows_columns" name="all_datasets" time="1.28200000000004"/>
    <testcase classname="ds.dataFrameSubset_expt_dgr_multiple_subset_by_rows_columns" name="all_datasets" time="0.269999999999982"/>
    <testcase classname="ds.dataFrameSubset_expt_dgr_multiple_subset_by_rows_columns" name="all_datasets" time="1.22400000000005"/>
    <testcase classname="ds.dataFrameSubset_expt_dgr_multiple_subset_by_rows_columns" name="all_datasets" time="8.846"/>
    <testcase classname="ds.dataFrameSubset_expt_dgr_multiple_subset_by_rows_columns" name="all_datasets" time="1.20499999999993"/>
    <testcase classname="ds.dataFrameSubset_expt_dgr_multiple_subset_by_rows_columns" name="all_datasets" time="0.268000000000029"/>
    <testcase classname="ds.dataFrameSubset_expt_dgr_multiple_subset_by_rows_columns" name="all_datasets" time="1.21299999999997"/>
    <testcase classname="ds.dataFrameSubset_expt_dgr_multiple_subset_by_rows_columns" name="all_datasets" time="0.264999999999986"/>
    <testcase classname="ds.dataFrameSubset_expt_dgr_multiple_subset_by_rows_columns" name="all_datasets" time="1.22400000000005"/>
    <testcase classname="ds.dataFrameSubset_expt_dgr_multiple_subset_by_rows_columns" name="all_datasets" time="8.83799999999997"/>
    <testcase classname="ds.dataFrameSubset_expt_dgr_multiple_subset_by_rows_columns" name="all_datasets" time="1.20800000000008"/>
    <testcase classname="ds.dataFrameSubset_expt_dgr_multiple_subset_by_rows_columns" name="all_datasets" time="0.264999999999986"/>
    <testcase classname="ds.dataFrameSubset_expt_dgr_multiple_subset_by_rows_columns" name="all_datasets" time="1.20799999999997"/>
    <testcase classname="ds.dataFrameSubset_expt_dgr_multiple_subset_by_rows_columns" name="all_datasets" time="0.267000000000053"/>
    <testcase classname="ds.dataFrameSubset_expt_dgr_multiple_subset_by_rows_columns" name="all_datasets" time="1.20499999999993"/>
    <testcase classname="ds.dataFrameSubset_expt_dgr_multiple_subset_by_rows_columns" name="all_datasets" time="8.90000000000009"/>
    <testcase classname="ds.dataFrameSubset_expt_dgr_multiple_subset_by_rows_columns" name="all_datasets" time="1.21199999999999"/>
    <testcase classname="ds.dataFrameSubset_expt_dgr_multiple_subset_by_rows_columns" name="all_datasets" time="0.261999999999944"/>
    <testcase classname="ds.dataFrameSubset_expt_dgr_multiple_subset_by_rows_columns" name="all_datasets" time="1.20400000000006"/>
    <testcase classname="ds.dataFrameSubset_expt_dgr_multiple_subset_by_rows_columns" name="all_datasets" time="0.277999999999906"/>
    <testcase classname="ds.dataFrameSubset_expt_dgr_multiple_subset_by_rows_columns" name="all_datasets" time="1.221"/>
    <testcase classname="ds.dataFrameSubset_expt_dgr_multiple_subset_by_rows_columns" name="all_datasets" time="8.88800000000003"/>
    <testcase classname="ds.dataFrameSubset_expt_dgr_multiple_subset_by_rows_columns" name="all_datasets" time="1.21600000000001"/>
    <testcase classname="ds.dataFrameSubset_expt_dgr_multiple_subset_by_rows_columns" name="all_datasets" time="0.265999999999963"/>
    <testcase classname="ds.dataFrameSubset_expt_dgr_multiple_subset_by_rows_columns" name="all_datasets" time="1.221"/>
    <testcase classname="ds.dataFrameSubset_expt_dgr_multiple_subset_by_rows_columns" name="all_datasets" time="0.264999999999986"/>
    <testcase classname="ds.dataFrameSubset_expt_dgr_multiple_subset_by_rows_columns" name="all_datasets" time="1.21800000000007"/>
    <testcase classname="ds.dataFrameSubset_expt_dgr_multiple_subset_by_rows_columns" name="all_datasets" time="8.86699999999996"/>
    <testcase classname="ds.dataFrameSubset_expt_dgr_multiple_subset_by_rows_columns" name="all_datasets" time="1.226"/>
    <testcase classname="ds.dataFrameSubset_expt_dgr_multiple_subset_by_rows_columns" name="all_datasets" time="0.264999999999986"/>
    <testcase classname="ds.dataFrameSubset_expt_dgr_multiple_subset_by_rows_columns" name="all_datasets" time="1.21500000000003"/>
    <testcase classname="ds.dataFrameSubset_expt_dgr_multiple_subset_by_rows_columns" name="all_datasets" time="0.270999999999958"/>
    <testcase classname="ds.dataFrameSubset_expt_dgr_multiple_subset_by_rows_columns" name="all_datasets" time="1.221"/>
    <testcase classname="ds.dataFrameSubset_expt_dgr_multiple_subset_by_rows_columns" name="all_datasets" time="8.86900000000003"/>
    <testcase classname="ds.dataFrameSubset_expt_dgr_multiple_subset_by_rows_columns" name="all_datasets" time="1.21000000000004"/>
    <testcase classname="ds.dataFrameSubset_expt_dgr_multiple_subset_by_rows_columns" name="all_datasets" time="0.265999999999963"/>
    <testcase classname="ds.dataFrameSubset_expt_dgr_multiple_subset_by_rows_columns" name="all_datasets" time="1.21900000000005"/>
    <testcase classname="ds.dataFrameSubset_expt_dgr_multiple_subset_by_rows_columns" name="all_datasets" time="0.274999999999977"/>
    <testcase classname="ds.dataFrameSubset_expt_dgr_multiple_subset_by_rows_columns" name="all_datasets" time="1.21399999999994"/>
    <testcase classname="ds.dataFrameSubset_expt_dgr_multiple_subset_by_rows_columns" name="all_datasets" time="9.10300000000007"/>
    <testcase classname="ds.dataFrameSubset_expt_dgr_multiple_subset_by_rows_columns" name="all_datasets" time="1.21299999999997"/>
    <testcase classname="ds.dataFrameSubset_expt_dgr_multiple_subset_by_rows_columns" name="all_datasets" time="0.265999999999963"/>
    <testcase classname="ds.dataFrameSubset_expt_dgr_multiple_subset_by_rows_columns" name="all_datasets" time="1.21000000000004"/>
    <testcase classname="ds.dataFrameSubset_expt_dgr_multiple_subset_by_rows_columns" name="all_datasets" time="0.263000000000034"/>
    <testcase classname="ds.dataFrameSubset_expt_dgr_multiple_subset_by_rows_columns" name="all_datasets" time="1.20399999999995"/>
    <testcase classname="ds.dataFrameSubset_expt_dgr_multiple_subset_by_rows_columns" name="all_datasets" time="8.87700000000007"/>
    <testcase classname="ds.dataFrameSubset_expt_dgr_multiple_subset_by_rows_columns" name="all_datasets" time="1.21399999999994"/>
    <testcase classname="ds.dataFrameSubset_expt_dgr_multiple_subset_by_rows_columns" name="all_datasets" time="0.27800000000002"/>
    <testcase classname="ds.dataFrameSubset_expt_dgr_multiple_subset_by_rows_columns" name="all_datasets" time="1.21299999999997"/>
    <testcase classname="ds.dataFrameSubset_expt_dgr_multiple_subset_by_rows_columns" name="all_datasets" time="0.26400000000001"/>
    <testcase classname="ds.dataFrameSubset_expt_dgr_multiple_subset_by_rows_columns" name="all_datasets" time="1.21600000000001"/>
    <testcase classname="ds.dataFrameSubset_expt_dgr_multiple_subset_by_rows_columns" name="all_datasets" time="8.846"/>
    <testcase classname="ds.dataFrameSubset_expt_dgr_multiple_subset_by_rows_columns" name="all_datasets" time="1.20600000000002"/>
    <testcase classname="ds.dataFrameSubset_expt_dgr_multiple_subset_by_rows_columns" name="all_datasets" time="0.269000000000005"/>
    <testcase classname="ds.dataFrameSubset_expt_dgr_multiple_subset_by_rows_columns" name="all_datasets" time="1.20000000000005"/>
    <testcase classname="ds.dataFrameSubset_expt_dgr_multiple_subset_by_rows_columns" name="all_datasets" time="0.274000000000001"/>
    <testcase classname="ds.dataFrameSubset_expt_dgr_multiple_subset_by_rows_columns" name="all_datasets" time="1.23299999999995"/>
  </testsuite>
  <testsuite errors="0" failures="0" hostname="fv-az14" name="ds.dataFrameSubset()::expt_dgr::single::subset_by_rows_columns" skipped="0" tests="20" time="39.157" timestamp="2020-09-17T10:45:56Z">
    <testcase classname="ds.dataFrameSubset_expt_dgr_single_subset_by_rows_columns" name="dataset_2" time="6.529"/>
    <testcase classname="ds.dataFrameSubset_expt_dgr_single_subset_by_rows_columns" name="dataset_2" time="0.700000000000045"/>
    <testcase classname="ds.dataFrameSubset_expt_dgr_single_subset_by_rows_columns" name="dataset_2" time="2.88799999999992"/>
    <testcase classname="ds.dataFrameSubset_expt_dgr_single_subset_by_rows_columns" name="dataset_2" time="0.706000000000017"/>
    <testcase classname="ds.dataFrameSubset_expt_dgr_single_subset_by_rows_columns" name="dataset_2" time="2.846"/>
    <testcase classname="ds.dataFrameSubset_expt_dgr_single_subset_by_rows_columns" name="dataset_2" time="0.701000000000022"/>
    <testcase classname="ds.dataFrameSubset_expt_dgr_single_subset_by_rows_columns" name="dataset_2" time="2.83399999999995"/>
    <testcase classname="ds.dataFrameSubset_expt_dgr_single_subset_by_rows_columns" name="dataset_2" time="0.701999999999998"/>
    <testcase classname="ds.dataFrameSubset_expt_dgr_single_subset_by_rows_columns" name="dataset_2" time="2.84400000000005"/>
    <testcase classname="ds.dataFrameSubset_expt_dgr_single_subset_by_rows_columns" name="dataset_2" time="0.702999999999975"/>
    <testcase classname="ds.dataFrameSubset_expt_dgr_single_subset_by_rows_columns" name="dataset_2" time="2.82500000000005"/>
    <testcase classname="ds.dataFrameSubset_expt_dgr_single_subset_by_rows_columns" name="dataset_2" time="0.708999999999946"/>
    <testcase classname="ds.dataFrameSubset_expt_dgr_single_subset_by_rows_columns" name="dataset_2" time="2.83699999999999"/>
    <testcase classname="ds.dataFrameSubset_expt_dgr_single_subset_by_rows_columns" name="dataset_2" time="0.700000000000045"/>
    <testcase classname="ds.dataFrameSubset_expt_dgr_single_subset_by_rows_columns" name="dataset_2" time="2.84199999999998"/>
    <testcase classname="ds.dataFrameSubset_expt_dgr_single_subset_by_rows_columns" name="dataset_2" time="0.702999999999975"/>
    <testcase classname="ds.dataFrameSubset_expt_dgr_single_subset_by_rows_columns" name="dataset_2" time="2.85300000000007"/>
    <testcase classname="ds.dataFrameSubset_expt_dgr_single_subset_by_rows_columns" name="dataset_2" time="0.702999999999975"/>
    <testcase classname="ds.dataFrameSubset_expt_dgr_single_subset_by_rows_columns" name="dataset_2" time="2.83299999999997"/>
    <testcase classname="ds.dataFrameSubset_expt_dgr_single_subset_by_rows_columns" name="dataset_2" time="0.699000000000069"/>
  </testsuite>
  <testsuite errors="0" failures="0" hostname="fv-az14" name="ds.dataFrameSubset()::expt_dgr::multiple::all_rows_subset_by_columns" skipped="0" tests="36" time="66.314" timestamp="2020-09-17T10:46:35Z">
    <testcase classname="ds.dataFrameSubset_expt_dgr_multiple_all_rows_subset_by_columns" name="all_datasets" time="10.9069999999999"/>
    <testcase classname="ds.dataFrameSubset_expt_dgr_multiple_all_rows_subset_by_columns" name="all_datasets" time="1.21800000000007"/>
    <testcase classname="ds.dataFrameSubset_expt_dgr_multiple_all_rows_subset_by_columns" name="all_datasets" time="0.26400000000001"/>
    <testcase classname="ds.dataFrameSubset_expt_dgr_multiple_all_rows_subset_by_columns" name="all_datasets" time="1.20999999999992"/>
    <testcase classname="ds.dataFrameSubset_expt_dgr_multiple_all_rows_subset_by_columns" name="all_datasets" time="0.262000000000057"/>
    <testcase classname="ds.dataFrameSubset_expt_dgr_multiple_all_rows_subset_by_columns" name="all_datasets" time="1.22699999999998"/>
    <testcase classname="ds.dataFrameSubset_expt_dgr_multiple_all_rows_subset_by_columns" name="all_datasets" time="6.15999999999997"/>
    <testcase classname="ds.dataFrameSubset_expt_dgr_multiple_all_rows_subset_by_columns" name="all_datasets" time="1.21199999999999"/>
    <testcase classname="ds.dataFrameSubset_expt_dgr_multiple_all_rows_subset_by_columns" name="all_datasets" time="0.273000000000025"/>
    <testcase classname="ds.dataFrameSubset_expt_dgr_multiple_all_rows_subset_by_columns" name="all_datasets" time="1.21500000000003"/>
    <testcase classname="ds.dataFrameSubset_expt_dgr_multiple_all_rows_subset_by_columns" name="all_datasets" time="0.264999999999986"/>
    <testcase classname="ds.dataFrameSubset_expt_dgr_multiple_all_rows_subset_by_columns" name="all_datasets" time="1.20500000000004"/>
    <testcase classname="ds.dataFrameSubset_expt_dgr_multiple_all_rows_subset_by_columns" name="all_datasets" time="6.04999999999995"/>
    <testcase classname="ds.dataFrameSubset_expt_dgr_multiple_all_rows_subset_by_columns" name="all_datasets" time="1.21000000000004"/>
    <testcase classname="ds.dataFrameSubset_expt_dgr_multiple_all_rows_subset_by_columns" name="all_datasets" time="0.266999999999939"/>
    <testcase classname="ds.dataFrameSubset_expt_dgr_multiple_all_rows_subset_by_columns" name="all_datasets" time="1.21000000000004"/>
    <testcase classname="ds.dataFrameSubset_expt_dgr_multiple_all_rows_subset_by_columns" name="all_datasets" time="0.265999999999963"/>
    <testcase classname="ds.dataFrameSubset_expt_dgr_multiple_all_rows_subset_by_columns" name="all_datasets" time="1.21600000000001"/>
    <testcase classname="ds.dataFrameSubset_expt_dgr_multiple_all_rows_subset_by_columns" name="all_datasets" time="6.03600000000006"/>
    <testcase classname="ds.dataFrameSubset_expt_dgr_multiple_all_rows_subset_by_columns" name="all_datasets" time="1.21899999999994"/>
    <testcase classname="ds.dataFrameSubset_expt_dgr_multiple_all_rows_subset_by_columns" name="all_datasets" time="0.266000000000076"/>
    <testcase classname="ds.dataFrameSubset_expt_dgr_multiple_all_rows_subset_by_columns" name="all_datasets" time="1.21299999999997"/>
    <testcase classname="ds.dataFrameSubset_expt_dgr_multiple_all_rows_subset_by_columns" name="all_datasets" time="0.265999999999963"/>
    <testcase classname="ds.dataFrameSubset_expt_dgr_multiple_all_rows_subset_by_columns" name="all_datasets" time="1.22000000000003"/>
    <testcase classname="ds.dataFrameSubset_expt_dgr_multiple_all_rows_subset_by_columns" name="all_datasets" time="6.04100000000005"/>
    <testcase classname="ds.dataFrameSubset_expt_dgr_multiple_all_rows_subset_by_columns" name="all_datasets" time="1.21899999999994"/>
    <testcase classname="ds.dataFrameSubset_expt_dgr_multiple_all_rows_subset_by_columns" name="all_datasets" time="0.262000000000057"/>
    <testcase classname="ds.dataFrameSubset_expt_dgr_multiple_all_rows_subset_by_columns" name="all_datasets" time="1.20799999999997"/>
    <testcase classname="ds.dataFrameSubset_expt_dgr_multiple_all_rows_subset_by_columns" name="all_datasets" time="0.266999999999939"/>
    <testcase classname="ds.dataFrameSubset_expt_dgr_multiple_all_rows_subset_by_columns" name="all_datasets" time="1.21500000000003"/>
    <testcase classname="ds.dataFrameSubset_expt_dgr_multiple_all_rows_subset_by_columns" name="all_datasets" time="6.03399999999999"/>
    <testcase classname="ds.dataFrameSubset_expt_dgr_multiple_all_rows_subset_by_columns" name="all_datasets" time="1.221"/>
    <testcase classname="ds.dataFrameSubset_expt_dgr_multiple_all_rows_subset_by_columns" name="all_datasets" time="0.268000000000029"/>
    <testcase classname="ds.dataFrameSubset_expt_dgr_multiple_all_rows_subset_by_columns" name="all_datasets" time="1.245"/>
    <testcase classname="ds.dataFrameSubset_expt_dgr_multiple_all_rows_subset_by_columns" name="all_datasets" time="0.268000000000029"/>
    <testcase classname="ds.dataFrameSubset_expt_dgr_multiple_all_rows_subset_by_columns" name="all_datasets" time="1.20899999999995"/>
  </testsuite>
  <testsuite errors="0" failures="0" hostname="fv-az14" name="ds.dataFrameSubset()::expt_dgr::multiple::all_rows_subset_by_columns" skipped="0" tests="12" time="25.132" timestamp="2020-09-17T10:47:41Z">
    <testcase classname="ds.dataFrameSubset_expt_dgr_multiple_all_rows_subset_by_columns" name="dataset_3" time="6.62900000000002"/>
    <testcase classname="ds.dataFrameSubset_expt_dgr_multiple_all_rows_subset_by_columns" name="dataset_3" time="0.706000000000017"/>
    <testcase classname="ds.dataFrameSubset_expt_dgr_multiple_all_rows_subset_by_columns" name="dataset_3" time="2.89699999999993"/>
    <testcase classname="ds.dataFrameSubset_expt_dgr_multiple_all_rows_subset_by_columns" name="dataset_3" time="0.70900000000006"/>
    <testcase classname="ds.dataFrameSubset_expt_dgr_multiple_all_rows_subset_by_columns" name="dataset_3" time="2.83899999999994"/>
    <testcase classname="ds.dataFrameSubset_expt_dgr_multiple_all_rows_subset_by_columns" name="dataset_3" time="0.705000000000041"/>
    <testcase classname="ds.dataFrameSubset_expt_dgr_multiple_all_rows_subset_by_columns" name="dataset_3" time="2.83000000000004"/>
    <testcase classname="ds.dataFrameSubset_expt_dgr_multiple_all_rows_subset_by_columns" name="dataset_3" time="0.706999999999994"/>
    <testcase classname="ds.dataFrameSubset_expt_dgr_multiple_all_rows_subset_by_columns" name="dataset_3" time="2.85500000000002"/>
    <testcase classname="ds.dataFrameSubset_expt_dgr_multiple_all_rows_subset_by_columns" name="dataset_3" time="0.704999999999927"/>
    <testcase classname="ds.dataFrameSubset_expt_dgr_multiple_all_rows_subset_by_columns" name="dataset_3" time="2.84699999999998"/>
    <testcase classname="ds.dataFrameSubset_expt_dgr_multiple_all_rows_subset_by_columns" name="dataset_3" time="0.702999999999975"/>
  </testsuite>
  <testsuite errors="0" failures="0" hostname="fv-az14" name="ds.skewness()::math_dgr::mean.median.mode::multiple" skipped="0" tests="10" time="17.233" timestamp="2020-09-17T10:48:06Z">
    <testcase classname="ds.skewness_math_dgr_mean.median.mode_multiple" name="skewness_0_mode_median_mean_or_skewness_0_mean_median_mode" time="7.077"/>
    <testcase classname="ds.skewness_math_dgr_mean.median.mode_multiple" name="skewness_0_mode_median_mean_or_skewness_0_mean_median_mode" time="0.000999999999976353"/>
    <testcase classname="ds.skewness_math_dgr_mean.median.mode_multiple" name="skewness_0_mode_median_mean_or_skewness_0_mean_median_mode" time="2.12199999999996"/>
    <testcase classname="ds.skewness_math_dgr_mean.median.mode_multiple" name="skewness_0_mode_median_mean_or_skewness_0_mean_median_mode" time="0.00100000000009004"/>
    <testcase classname="ds.skewness_math_dgr_mean.median.mode_multiple" name="skewness_0_mode_median_mean_or_skewness_0_mean_median_mode" time="2.02699999999993"/>
    <testcase classname="ds.skewness_math_dgr_mean.median.mode_multiple" name="skewness_0_mode_median_mean_or_skewness_0_mean_median_mode" time="0.000999999999976353"/>
    <testcase classname="ds.skewness_math_dgr_mean.median.mode_multiple" name="skewness_0_mode_median_mean_or_skewness_0_mean_median_mode" time="1.99600000000009"/>
    <testcase classname="ds.skewness_math_dgr_mean.median.mode_multiple" name="skewness_0_mode_median_mean_or_skewness_0_mean_median_mode" time="0.00199999999995271"/>
    <testcase classname="ds.skewness_math_dgr_mean.median.mode_multiple" name="skewness_0_mode_median_mean_or_skewness_0_mean_median_mode" time="2.00099999999998"/>
    <testcase classname="ds.skewness_math_dgr_mean.median.mode_multiple" name="skewness_0_mode_median_mean_or_skewness_0_mean_median_mode" time="2.005"/>
  </testsuite>
  <testsuite errors="0" failures="0" hostname="fv-az14" name="ds.skewness()::math_dgr::Q1.Q2.Q3::multiple" skipped="0" tests="7" time="17.351" timestamp="2020-09-17T10:48:23Z">
    <testcase classname="ds.skewness_math_dgr_Q1.Q2.Q3_multiple" name="skewness_0_Q3_Q2_Q2_Q1_or_skewness_0_Q3_Q2_Q2_Q1" time="6.85700000000008"/>
    <testcase classname="ds.skewness_math_dgr_Q1.Q2.Q3_multiple" name="skewness_0_Q3_Q2_Q2_Q1_or_skewness_0_Q3_Q2_Q2_Q1" time="1.75599999999997"/>
    <testcase classname="ds.skewness_math_dgr_Q1.Q2.Q3_multiple" name="skewness_0_Q3_Q2_Q2_Q1_or_skewness_0_Q3_Q2_Q2_Q1" time="1.74699999999996"/>
    <testcase classname="ds.skewness_math_dgr_Q1.Q2.Q3_multiple" name="skewness_0_Q3_Q2_Q2_Q1_or_skewness_0_Q3_Q2_Q2_Q1" time="1.76400000000001"/>
    <testcase classname="ds.skewness_math_dgr_Q1.Q2.Q3_multiple" name="skewness_0_Q3_Q2_Q2_Q1_or_skewness_0_Q3_Q2_Q2_Q1" time="1.75300000000004"/>
    <testcase classname="ds.skewness_math_dgr_Q1.Q2.Q3_multiple" name="skewness_0_Q3_Q2_Q2_Q1_or_skewness_0_Q3_Q2_Q2_Q1" time="1.745"/>
    <testcase classname="ds.skewness_math_dgr_Q1.Q2.Q3_multiple" name="skewness_0_Q3_Q2_Q2_Q1_or_skewness_0_Q3_Q2_Q2_Q1" time="1.72899999999993"/>
  </testsuite>
  <testsuite errors="0" failures="0" hostname="fv-az14" name="ds.asCharacter::smk_dgr::setup" skipped="0" tests="3" time="5.131" timestamp="2020-09-17T10:48:41Z">
    <testcase classname="ds.asCharacter_smk_dgr_setup" name="setup" time="5.12900000000002"/>
    <testcase classname="ds.asCharacter_smk_dgr_setup" name="setup" time="0.000999999999976353"/>
    <testcase classname="ds.asCharacter_smk_dgr_setup" name="setup" time="0.00100000000009004"/>
  </testsuite>
  <testsuite errors="0" failures="0" hostname="fv-az14" name="ds.asCharacter::smk_dgr::simple test" skipped="0" tests="3" time="0.799" timestamp="2020-09-17T10:48:46Z">
    <testcase classname="ds.asCharacter_smk_dgr_simple_test" name="simple_test" time="0.795999999999935"/>
    <testcase classname="ds.asCharacter_smk_dgr_simple_test" name="simple_test" time="0.00200000000006639"/>
    <testcase classname="ds.asCharacter_smk_dgr_simple_test" name="simple_test" time="0.000999999999976353"/>
  </testsuite>
  <testsuite errors="0" failures="0" hostname="fv-az14" name="ds.asCharacter::smk_dgr::stutdown" skipped="0" tests="3" time="0.324" timestamp="2020-09-17T10:48:46Z">
    <testcase classname="ds.asCharacter_smk_dgr_stutdown" name="setup" time="0.321000000000026"/>
    <testcase classname="ds.asCharacter_smk_dgr_stutdown" name="setup" time="0.00199999999995271"/>
    <testcase classname="ds.asCharacter_smk_dgr_stutdown" name="setup" time="0.000999999999976353"/>
  </testsuite>
  <testsuite errors="0" failures="0" hostname="fv-az14" name="ds.asCharacter::smk_dgr::done" skipped="0" tests="0" time="0" timestamp="2020-09-17T10:48:48Z"/>
  <testsuite errors="0" failures="0" hostname="fv-az14" name="ds.listClientsideFunctions::smk_dgr::setup" skipped="0" tests="3" time="5.38" timestamp="2020-09-17T10:48:48Z">
    <testcase classname="ds.listClientsideFunctions_smk_dgr_setup" name="setup" time="5.37800000000004"/>
    <testcase classname="ds.listClientsideFunctions_smk_dgr_setup" name="setup" time="0.000999999999976353"/>
    <testcase classname="ds.listClientsideFunctions_smk_dgr_setup" name="setup" time="0.000999999999976353"/>
  </testsuite>
  <testsuite errors="0" failures="0" hostname="fv-az14" name="ds.listClientsideFunctions::smk_dgr::check results" skipped="0" tests="9" time="0.014" timestamp="2020-09-17T10:48:52Z">
    <testcase classname="ds.listClientsideFunctions_smk_dgr_check_results" name="check_results" time="0.0040000000000191"/>
    <testcase classname="ds.listClientsideFunctions_smk_dgr_check_results" name="check_results" time="0.000999999999976353"/>
    <testcase classname="ds.listClientsideFunctions_smk_dgr_check_results" name="check_results" time="0.00200000000006639"/>
    <testcase classname="ds.listClientsideFunctions_smk_dgr_check_results" name="check_results" time="0.000999999999976353"/>
    <testcase classname="ds.listClientsideFunctions_smk_dgr_check_results" name="check_results" time="0.000999999999976353"/>
    <testcase classname="ds.listClientsideFunctions_smk_dgr_check_results" name="check_results" time="0.00199999999995271"/>
    <testcase classname="ds.listClientsideFunctions_smk_dgr_check_results" name="check_results" time="0.00100000000009004"/>
    <testcase classname="ds.listClientsideFunctions_smk_dgr_check_results" name="check_results" time="0.000999999999976353"/>
    <testcase classname="ds.listClientsideFunctions_smk_dgr_check_results" name="check_results" time="0.000999999999976353"/>
  </testsuite>
  <testsuite errors="0" failures="0" hostname="fv-az14" name="ds.listClientsideFunctions::smk_dgr::shutdown" skipped="0" tests="3" time="0.269" timestamp="2020-09-17T10:48:52Z">
    <testcase classname="ds.listClientsideFunctions_smk_dgr_shutdown" name="shutdown" time="0.265999999999963"/>
    <testcase classname="ds.listClientsideFunctions_smk_dgr_shutdown" name="shutdown" time="0.00200000000006639"/>
    <testcase classname="ds.listClientsideFunctions_smk_dgr_shutdown" name="shutdown" time="0.000999999999976353"/>
  </testsuite>
  <testsuite errors="0" failures="0" hostname="fv-az14" name="ds.listClientsideFunctions::smk_dgr::done" skipped="0" tests="0" time="0" timestamp="2020-09-17T10:48:53Z"/>
  <testsuite errors="0" failures="0" hostname="fv-az14" name="ds.listServersideFunctions::smk_dgr::setup" skipped="0" tests="3" time="5.359" timestamp="2020-09-17T10:48:53Z">
    <testcase classname="ds.listServersideFunctions_smk_dgr_setup" name="setup" time="5.35599999999999"/>
    <testcase classname="ds.listServersideFunctions_smk_dgr_setup" name="setup" time="0.00200000000006639"/>
    <testcase classname="ds.listServersideFunctions_smk_dgr_setup" name="setup" time="0.000999999999976353"/>
  </testsuite>
  <testsuite errors="0" failures="0" hostname="fv-az14" name="ds.listServersideFunctions::smk_dgr::check results" skipped="0" tests="31" time="0.123" timestamp="2020-09-17T10:48:58Z">
    <testcase classname="ds.listServersideFunctions_smk_dgr_check_results" name="check_results" time="0.0739999999999554"/>
    <testcase classname="ds.listServersideFunctions_smk_dgr_check_results" name="check_results" time="0.000999999999976353"/>
    <testcase classname="ds.listServersideFunctions_smk_dgr_check_results" name="check_results" time="0.00100000000009004"/>
    <testcase classname="ds.listServersideFunctions_smk_dgr_check_results" name="check_results" time="0.000999999999976353"/>
    <testcase classname="ds.listServersideFunctions_smk_dgr_check_results" name="check_results" time="0.00299999999992906"/>
    <testcase classname="ds.listServersideFunctions_smk_dgr_check_results" name="check_results" time="0.00100000000009004"/>
    <testcase classname="ds.listServersideFunctions_smk_dgr_check_results" name="check_results" time="0.000999999999976353"/>
    <testcase classname="ds.listServersideFunctions_smk_dgr_check_results" name="check_results" time="0.000999999999976353"/>
    <testcase classname="ds.listServersideFunctions_smk_dgr_check_results" name="check_results" time="0.000999999999976353"/>
    <testcase classname="ds.listServersideFunctions_smk_dgr_check_results" name="check_results" time="0.00200000000006639"/>
    <testcase classname="ds.listServersideFunctions_smk_dgr_check_results" name="check_results" time="0.000999999999976353"/>
    <testcase classname="ds.listServersideFunctions_smk_dgr_check_results" name="check_results" time="0.00199999999995271"/>
    <testcase classname="ds.listServersideFunctions_smk_dgr_check_results" name="check_results" time="0.000999999999976353"/>
    <testcase classname="ds.listServersideFunctions_smk_dgr_check_results" name="check_results" time="0.00100000000009004"/>
    <testcase classname="ds.listServersideFunctions_smk_dgr_check_results" name="check_results" time="0.00199999999995271"/>
    <testcase classname="ds.listServersideFunctions_smk_dgr_check_results" name="check_results" time="0.000999999999976353"/>
    <testcase classname="ds.listServersideFunctions_smk_dgr_check_results" name="check_results" time="0.000999999999976353"/>
    <testcase classname="ds.listServersideFunctions_smk_dgr_check_results" name="check_results" time="0.00200000000006639"/>
    <testcase classname="ds.listServersideFunctions_smk_dgr_check_results" name="check_results" time="0.00199999999995271"/>
    <testcase classname="ds.listServersideFunctions_smk_dgr_check_results" name="check_results" time="0.00200000000006639"/>
    <testcase classname="ds.listServersideFunctions_smk_dgr_check_results" name="check_results" time="0.00199999999995271"/>
    <testcase classname="ds.listServersideFunctions_smk_dgr_check_results" name="check_results" time="0.00200000000006639"/>
    <testcase classname="ds.listServersideFunctions_smk_dgr_check_results" name="check_results" time="0.00199999999995271"/>
    <testcase classname="ds.listServersideFunctions_smk_dgr_check_results" name="check_results" time="0.00199999999995271"/>
    <testcase classname="ds.listServersideFunctions_smk_dgr_check_results" name="check_results" time="0.00200000000006639"/>
    <testcase classname="ds.listServersideFunctions_smk_dgr_check_results" name="check_results" time="0.00199999999995271"/>
    <testcase classname="ds.listServersideFunctions_smk_dgr_check_results" name="check_results" time="0.00200000000006639"/>
    <testcase classname="ds.listServersideFunctions_smk_dgr_check_results" name="check_results" time="0.00199999999995271"/>
    <testcase classname="ds.listServersideFunctions_smk_dgr_check_results" name="check_results" time="0.00199999999995271"/>
    <testcase classname="ds.listServersideFunctions_smk_dgr_check_results" name="check_results" time="0.00200000000006639"/>
    <testcase classname="ds.listServersideFunctions_smk_dgr_check_results" name="check_results" time="0.00199999999995271"/>
  </testsuite>
  <testsuite errors="0" failures="0" hostname="fv-az14" name="ds.listServersideFunctions::smk_dgr::shtudown" skipped="0" tests="3" time="0.273" timestamp="2020-09-17T10:48:58Z">
    <testcase classname="ds.listServersideFunctions_smk_dgr_shtudown" name="shutdown" time="0.271000000000072"/>
    <testcase classname="ds.listServersideFunctions_smk_dgr_shtudown" name="shutdown" time="0.000999999999976353"/>
    <testcase classname="ds.listServersideFunctions_smk_dgr_shtudown" name="shutdown" time="0.000999999999976353"/>
  </testsuite>
  <testsuite errors="0" failures="0" hostname="fv-az14" name="ds.listServersideFunctions::smk_dgr::done" skipped="0" tests="0" time="0" timestamp="2020-09-17T10:48:59Z"/>
</testsuites>
