<?xml version="1.0" ?>
<testsuites >

  <testsuite errors="0" failures="0" hostname="fv-az14" name="ds.asCharacter::arg::test errors" skipped="0" tests="1" time="7.622" timestamp="2020-10-23T10:48:46Z">
    <testcase classname="ds.asCharacter_arg_test_errors" name="asCharacter_erros" time="7.622"/>
  </testsuite>
  <testsuite errors="0" failures="0" hostname="fv-az14" name="ds.asDataMatrix::arg::test errors" skipped="0" tests="1" time="5.079" timestamp="2020-10-23T10:48:51Z">
    <testcase classname="ds.asDataMatrix_arg_test_errors" name="asDataMatrix_erros" time="5.079"/>
  </testsuite>
  <testsuite errors="0" failures="0" hostname="fv-az14" name="ds.asFactor::arg::test errors" skipped="0" tests="3" time="5.059" timestamp="2020-10-23T10:48:56Z">
    <testcase classname="ds.asFactor_arg_test_errors" name="asFactor_erros" time="4.992"/>
    <testcase classname="ds.asFactor_arg_test_errors" name="asFactor_erros" time="0.054000000000002"/>
    <testcase classname="ds.asFactor_arg_test_errors" name="asFactor_erros" time="0.0129999999999981"/>
  </testsuite>
  <testsuite errors="0" failures="0" hostname="fv-az14" name="ds.asInteger::arg::test errors" skipped="0" tests="1" time="4.874" timestamp="2020-10-23T10:49:01Z">
    <testcase classname="ds.asInteger_arg_test_errors" name="asInteger_erros" time="4.874"/>
  </testsuite>
  <testsuite errors="0" failures="0" hostname="fv-az14" name="ds.asList::arg::test errors" skipped="0" tests="1" time="4.86" timestamp="2020-10-23T10:49:06Z">
    <testcase classname="ds.asList_arg_test_errors" name="asList_erros" time="4.86"/>
  </testsuite>
  <testsuite errors="0" failures="0" hostname="fv-az14" name="ds.asLogical::arg::test errors" skipped="0" tests="1" time="5.252" timestamp="2020-10-23T10:49:11Z">
    <testcase classname="ds.asLogical_arg_test_errors" name="asLogical_erros" time="5.252"/>
  </testsuite>
  <testsuite errors="0" failures="0" hostname="fv-az14" name="ds.asMatrix::arg::test errors" skipped="0" tests="1" time="4.858" timestamp="2020-10-23T10:49:16Z">
    <testcase classname="ds.asMatrix_arg_test_errors" name="asMatrix_erros" time="4.858"/>
  </testsuite>
  <testsuite errors="0" failures="0" hostname="fv-az14" name="ds.asNumeric::arg::test errors" skipped="0" tests="1" time="4.825" timestamp="2020-10-23T10:49:20Z">
    <testcase classname="ds.asNumeric_arg_test_errors" name="asNumeric_erros" time="4.825"/>
  </testsuite>
  <testsuite errors="0" failures="0" hostname="fv-az14" name="ds.assign::arg::test errors" skipped="0" tests="1" time="4.856" timestamp="2020-10-23T10:49:25Z">
    <testcase classname="ds.assign_arg_test_errors" name="assign_erros" time="4.85599999999999"/>
  </testsuite>
  <testsuite errors="0" failures="0" hostname="fv-az14" name="ds.Boole::arg::test errors" skipped="0" tests="5" time="4.922" timestamp="2020-10-23T10:49:30Z">
    <testcase classname="ds.Boole_arg_test_errors" name="Boole_erros" time="4.841"/>
    <testcase classname="ds.Boole_arg_test_errors" name="Boole_erros" time="0.0660000000000025"/>
    <testcase classname="ds.Boole_arg_test_errors" name="Boole_erros" time="0.00499999999999545"/>
    <testcase classname="ds.Boole_arg_test_errors" name="Boole_erros" time="0.00500000000000256"/>
    <testcase classname="ds.Boole_arg_test_errors" name="Boole_erros" time="0.00500000000000256"/>
  </testsuite>
  <testsuite errors="0" failures="0" hostname="fv-az14" name="ds.cbind::arg::test errors" skipped="0" tests="2" time="6.254" timestamp="2020-10-23T10:49:35Z">
    <testcase classname="ds.cbind_arg_test_errors" name="cbind_erros" time="5.068"/>
    <testcase classname="ds.cbind_arg_test_errors" name="cbind_erros" time="1.18600000000001"/>
  </testsuite>
  <testsuite errors="0" failures="0" hostname="fv-az14" name="ds.changeRefGroup::arg::test errors" skipped="0" tests="3" time="5.834" timestamp="2020-10-23T10:49:41Z">
    <testcase classname="ds.changeRefGroup_arg_test_errors" name="changeRefGroup_erros" time="4.794"/>
    <testcase classname="ds.changeRefGroup_arg_test_errors" name="changeRefGroup_erros" time="0.0279999999999916"/>
    <testcase classname="ds.changeRefGroup_arg_test_errors" name="changeRefGroup_erros" time="1.012"/>
  </testsuite>
  <testsuite errors="0" failures="0" hostname="fv-az14" name="ds.class::arg::test errors" skipped="0" tests="1" time="4.84" timestamp="2020-10-23T10:49:47Z">
    <testcase classname="ds.class_arg_test_errors" name="class_erros" time="4.84"/>
  </testsuite>
  <testsuite errors="0" failures="0" hostname="fv-az14" name="ds.colnames::arg::test errors" skipped="0" tests="1" time="4.856" timestamp="2020-10-23T10:49:52Z">
    <testcase classname="ds.colnames_arg_test_errors" name="simple_colnames_errors" time="4.85599999999999"/>
  </testsuite>
  <testsuite errors="0" failures="0" hostname="fv-az14" name="ds.completeCases::arg::test errors" skipped="0" tests="1" time="4.764" timestamp="2020-10-23T10:49:57Z">
    <testcase classname="ds.completeCases_arg_test_errors" name="completeCases_errors" time="4.76400000000001"/>
  </testsuite>
  <testsuite errors="0" failures="0" hostname="fv-az14" name="ds.cor::arg::test errors" skipped="0" tests="3" time="8.346" timestamp="2020-10-23T10:50:02Z">
    <testcase classname="ds.cor_arg_test_errors" name="cor_erros" time="4.828"/>
    <testcase classname="ds.cor_arg_test_errors" name="cor_erros" time="1.19399999999999"/>
    <testcase classname="ds.cor_arg_test_errors" name="cor_erros" time="2.32400000000001"/>
  </testsuite>
  <testsuite errors="0" failures="0" hostname="fv-az14" name="ds.corTest::arg" skipped="0" tests="2" time="4.838" timestamp="2020-10-23T10:50:10Z">
    <testcase classname="ds.corTest_arg" name="simple_arg_test" time="4.81099999999999"/>
    <testcase classname="ds.corTest_arg" name="simple_arg_test" time="0.027000000000001"/>
  </testsuite>
  <testsuite errors="0" failures="0" hostname="fv-az14" name="ds.cov::arg::test errors" skipped="0" tests="3" time="8.167" timestamp="2020-10-23T10:50:15Z">
    <testcase classname="ds.cov_arg_test_errors" name="cov_erros" time="4.789"/>
    <testcase classname="ds.cov_arg_test_errors" name="cov_erros" time="1.127"/>
    <testcase classname="ds.cov_arg_test_errors" name="cov_erros" time="2.251"/>
  </testsuite>
  <testsuite errors="0" failures="0" hostname="fv-az14" name="ds.c::arg::test errors" skipped="0" tests="1" time="4.826" timestamp="2020-10-23T10:50:23Z">
    <testcase classname="ds.c_arg_test_errors" name="simple_c_errors" time="4.82599999999999"/>
  </testsuite>
  <testsuite errors="0" failures="0" hostname="fv-az14" name="ds.dataFrameFill::arg::test errors" skipped="0" tests="3" time="6.177" timestamp="2020-10-23T10:50:28Z">
    <testcase classname="ds.dataFrameFill_arg_test_errors" name="dataFrameFill_erros" time="4.828"/>
    <testcase classname="ds.dataFrameFill_arg_test_errors" name="dataFrameFill_erros" time="0.375"/>
    <testcase classname="ds.dataFrameFill_arg_test_errors" name="dataFrameFill_erros" time="0.974000000000004"/>
  </testsuite>
  <testsuite errors="0" failures="0" hostname="fv-az14" name="ds.dataFrame::arg::test errors" skipped="0" tests="2" time="6.214" timestamp="2020-10-23T10:50:34Z">
    <testcase classname="ds.dataFrame_arg_test_errors" name="dataframe_erros" time="4.81"/>
    <testcase classname="ds.dataFrame_arg_test_errors" name="dataframe_erros" time="1.404"/>
  </testsuite>
  <testsuite errors="0" failures="0" hostname="fv-az14" name="ds.dataFrameSubset::arg::setup" skipped="0" tests="3" time="5.056" timestamp="2020-10-23T10:50:36Z">
    <testcase classname="ds.dataFrameSubset_arg_setup" name="setup" time="5.054"/>
    <testcase classname="ds.dataFrameSubset_arg_setup" name="setup" time="0.00100000000000477"/>
    <testcase classname="ds.dataFrameSubset_arg_setup" name="setup" time="0.00100000000000477"/>
  </testsuite>
  <testsuite errors="0" failures="0" hostname="fv-az14" name="ds.dataFrameSubset::arg::test errors" skipped="0" tests="1" time="0.008" timestamp="2020-10-23T10:50:40Z">
    <testcase classname="ds.dataFrameSubset_arg_test_errors" name="dataFrameSubset_erros" time="0.00799999999998136"/>
  </testsuite>
  <testsuite errors="0" failures="0" hostname="fv-az14" name="ds.dataFrameSubset::arg::shutdown" skipped="0" tests="3" time="0.315" timestamp="2020-10-23T10:50:40Z">
    <testcase classname="ds.dataFrameSubset_arg_shutdown" name="shutdown" time="0.313000000000017"/>
    <testcase classname="ds.dataFrameSubset_arg_shutdown" name="shutdown" time="0.000999999999976353"/>
    <testcase classname="ds.dataFrameSubset_arg_shutdown" name="shutdown" time="0.00100000000000477"/>
  </testsuite>
  <testsuite errors="0" failures="0" hostname="fv-az14" name="ds.dataFrameSubset::arg::done" skipped="0" tests="0" time="0" timestamp="2020-10-23T10:50:41Z"/>
  <testsuite errors="0" failures="0" hostname="fv-az14" name="ds.dim::arg::test errors" skipped="0" tests="3" time="6.076" timestamp="2020-10-23T10:50:46Z">
    <testcase classname="ds.dim_arg_test_errors" name="dim_erros" time="4.76600000000002"/>
    <testcase classname="ds.dim_arg_test_errors" name="dim_erros" time="1.01899999999998"/>
    <testcase classname="ds.dim_arg_test_errors" name="dim_erros" time="0.291000000000025"/>
  </testsuite>
  <testsuite errors="0" failures="0" hostname="fv-az14" name="ds.exists::arg::test errors" skipped="0" tests="1" time="4.812" timestamp="2020-10-23T10:50:52Z">
    <testcase classname="ds.exists_arg_test_errors" name="simple_exists_errors" time="4.81199999999998"/>
  </testsuite>
  <testsuite errors="0" failures="0" hostname="fv-az14" name="ds.exp::arg::test errors" skipped="0" tests="1" time="4.734" timestamp="2020-10-23T10:50:56Z">
    <testcase classname="ds.exp_arg_test_errors" name="exp_erros" time="4.73400000000001"/>
  </testsuite>
  <testsuite errors="0" failures="0" hostname="fv-az14" name="ds.foobar::arg::setup" skipped="0" tests="3" time="5.101" timestamp="2020-10-23T10:50:57Z">
    <testcase classname="ds.foobar_arg_setup" name="setup" time="5.09899999999999"/>
    <testcase classname="ds.foobar_arg_setup" name="setup" time="0.00100000000000477"/>
    <testcase classname="ds.foobar_arg_setup" name="setup" time="0.00100000000000477"/>
  </testsuite>
  <testsuite errors="0" failures="0" hostname="fv-az14" name="ds.foobar::arg::aggregate" skipped="0" tests="2" time="0.009" timestamp="2020-10-23T10:51:02Z">
    <testcase classname="ds.foobar_arg_aggregate" name="NULL_connections" time="0.00799999999998136"/>
    <testcase classname="ds.foobar_arg_aggregate" name="NULL_connections" time="0.00100000000000477"/>
  </testsuite>
  <testsuite errors="0" failures="0" hostname="fv-az14" name="ds.foobar::arg::aggregate" skipped="0" tests="8" time="0.015" timestamp="2020-10-23T10:51:02Z">
    <testcase classname="ds.foobar_arg_aggregate" name="NULL_expr" time="0.007000000000005"/>
    <testcase classname="ds.foobar_arg_aggregate" name="NULL_expr" time="0.00100000000000477"/>
    <testcase classname="ds.foobar_arg_aggregate" name="NULL_expr" time="0.00100000000000477"/>
    <testcase classname="ds.foobar_arg_aggregate" name="NULL_expr" time="0.00100000000000477"/>
    <testcase classname="ds.foobar_arg_aggregate" name="NULL_expr" time="0.000999999999976353"/>
    <testcase classname="ds.foobar_arg_aggregate" name="NULL_expr" time="0.00100000000000477"/>
    <testcase classname="ds.foobar_arg_aggregate" name="NULL_expr" time="0.00200000000000955"/>
    <testcase classname="ds.foobar_arg_aggregate" name="NULL_expr" time="0.00100000000000477"/>
  </testsuite>
  <testsuite errors="0" failures="0" hostname="fv-az14" name="ds.foobar::arg::aggregate" skipped="0" tests="8" time="0.228" timestamp="2020-10-23T10:51:02Z">
    <testcase classname="ds.foobar_arg_aggregate" name="non_existent_aggregate_foobarDS" time="0.221000000000004"/>
    <testcase classname="ds.foobar_arg_aggregate" name="non_existent_aggregate_foobarDS" time="0.000999999999976353"/>
    <testcase classname="ds.foobar_arg_aggregate" name="non_existent_aggregate_foobarDS" time="0.00100000000000477"/>
    <testcase classname="ds.foobar_arg_aggregate" name="non_existent_aggregate_foobarDS" time="0.00100000000000477"/>
    <testcase classname="ds.foobar_arg_aggregate" name="non_existent_aggregate_foobarDS" time="0.00100000000000477"/>
    <testcase classname="ds.foobar_arg_aggregate" name="non_existent_aggregate_foobarDS" time="0.00100000000000477"/>
    <testcase classname="ds.foobar_arg_aggregate" name="non_existent_aggregate_foobarDS" time="0.000999999999976353"/>
    <testcase classname="ds.foobar_arg_aggregate" name="non_existent_aggregate_foobarDS" time="0.00100000000000477"/>
  </testsuite>
  <testsuite errors="0" failures="0" hostname="fv-az14" name="ds.foobar::arg::assign" skipped="0" tests="2" time="0.01" timestamp="2020-10-23T10:51:02Z">
    <testcase classname="ds.foobar_arg_assign" name="NULL_connections" time="0.00900000000001455"/>
    <testcase classname="ds.foobar_arg_assign" name="NULL_connections" time="0.00100000000000477"/>
  </testsuite>
  <testsuite errors="0" failures="0" hostname="fv-az14" name="ds.foobar::arg::assign" skipped="0" tests="2" time="0.008" timestamp="2020-10-23T10:51:02Z">
    <testcase classname="ds.foobar_arg_assign" name="NULL_value" time="0.00699999999997658"/>
    <testcase classname="ds.foobar_arg_assign" name="NULL_value" time="0.00100000000000477"/>
  </testsuite>
  <testsuite errors="0" failures="0" hostname="fv-az14" name="ds.foobar::arg::assign" skipped="0" tests="8" time="0.235" timestamp="2020-10-23T10:51:02Z">
    <testcase classname="ds.foobar_arg_assign" name="non_existent_assign_foobarDS" time="0.225999999999999"/>
    <testcase classname="ds.foobar_arg_assign" name="non_existent_assign_foobarDS" time="0.00100000000000477"/>
    <testcase classname="ds.foobar_arg_assign" name="non_existent_assign_foobarDS" time="0.00100000000000477"/>
    <testcase classname="ds.foobar_arg_assign" name="non_existent_assign_foobarDS" time="0.00200000000000955"/>
    <testcase classname="ds.foobar_arg_assign" name="non_existent_assign_foobarDS" time="0.000999999999976353"/>
    <testcase classname="ds.foobar_arg_assign" name="non_existent_assign_foobarDS" time="0.00100000000000477"/>
    <testcase classname="ds.foobar_arg_assign" name="non_existent_assign_foobarDS" time="0.00100000000000477"/>
    <testcase classname="ds.foobar_arg_assign" name="non_existent_assign_foobarDS" time="0.00200000000000955"/>
  </testsuite>
  <testsuite errors="0" failures="0" hostname="fv-az14" name="ds.foobar::arg::shutdown" skipped="0" tests="3" time="0.273" timestamp="2020-10-23T10:51:02Z">
    <testcase classname="ds.foobar_arg_shutdown" name="shutdown" time="0.270999999999987"/>
    <testcase classname="ds.foobar_arg_shutdown" name="shutdown" time="0.00100000000000477"/>
    <testcase classname="ds.foobar_arg_shutdown" name="shutdown" time="0.00100000000000477"/>
  </testsuite>
  <testsuite errors="0" failures="0" hostname="fv-az14" name="ds.foobar::arg::done" skipped="0" tests="0" time="0" timestamp="2020-10-23T10:51:03Z"/>
  <testsuite errors="0" failures="0" hostname="fv-az14" name="ds.glmerSLMA::arg::setup" skipped="0" tests="3" time="5.111" timestamp="2020-10-23T10:51:03Z">
    <testcase classname="ds.glmerSLMA_arg_setup" name="setup" time="5.108"/>
    <testcase classname="ds.glmerSLMA_arg_setup" name="setup" time="0.00199999999998113"/>
    <testcase classname="ds.glmerSLMA_arg_setup" name="setup" time="0.00100000000000477"/>
  </testsuite>
  <testsuite errors="0" failures="0" hostname="fv-az14" name="ds.glmerSLMA::arg::testing" skipped="0" tests="18" time="4.465" timestamp="2020-10-23T10:51:07Z">
    <testcase classname="ds.glmerSLMA_arg_testing" name="simple_glmerSLMA_tesing_mis_use_of_arguments" time="0.00800000000000978"/>
    <testcase classname="ds.glmerSLMA_arg_testing" name="simple_glmerSLMA_tesing_mis_use_of_arguments" time="2.96000000000001"/>
    <testcase classname="ds.glmerSLMA_arg_testing" name="simple_glmerSLMA_tesing_mis_use_of_arguments" time="0.000999999999976353"/>
    <testcase classname="ds.glmerSLMA_arg_testing" name="simple_glmerSLMA_tesing_mis_use_of_arguments" time="0.00100000000000477"/>
    <testcase classname="ds.glmerSLMA_arg_testing" name="simple_glmerSLMA_tesing_mis_use_of_arguments" time="0.00100000000000477"/>
    <testcase classname="ds.glmerSLMA_arg_testing" name="simple_glmerSLMA_tesing_mis_use_of_arguments" time="0.00100000000000477"/>
    <testcase classname="ds.glmerSLMA_arg_testing" name="simple_glmerSLMA_tesing_mis_use_of_arguments" time="0.536000000000001"/>
    <testcase classname="ds.glmerSLMA_arg_testing" name="simple_glmerSLMA_tesing_mis_use_of_arguments" time="0.00100000000000477"/>
    <testcase classname="ds.glmerSLMA_arg_testing" name="simple_glmerSLMA_tesing_mis_use_of_arguments" time="0.00100000000000477"/>
    <testcase classname="ds.glmerSLMA_arg_testing" name="simple_glmerSLMA_tesing_mis_use_of_arguments" time="0.000999999999976353"/>
    <testcase classname="ds.glmerSLMA_arg_testing" name="simple_glmerSLMA_tesing_mis_use_of_arguments" time="0.00200000000000955"/>
    <testcase classname="ds.glmerSLMA_arg_testing" name="simple_glmerSLMA_tesing_mis_use_of_arguments" time="0.271999999999991"/>
    <testcase classname="ds.glmerSLMA_arg_testing" name="simple_glmerSLMA_tesing_mis_use_of_arguments" time="0.669000000000011"/>
    <testcase classname="ds.glmerSLMA_arg_testing" name="simple_glmerSLMA_tesing_mis_use_of_arguments" time="0.00200000000000955"/>
    <testcase classname="ds.glmerSLMA_arg_testing" name="simple_glmerSLMA_tesing_mis_use_of_arguments" time="0.000999999999976353"/>
    <testcase classname="ds.glmerSLMA_arg_testing" name="simple_glmerSLMA_tesing_mis_use_of_arguments" time="0.00100000000000477"/>
    <testcase classname="ds.glmerSLMA_arg_testing" name="simple_glmerSLMA_tesing_mis_use_of_arguments" time="0.00200000000000955"/>
    <testcase classname="ds.glmerSLMA_arg_testing" name="simple_glmerSLMA_tesing_mis_use_of_arguments" time="0.00499999999999545"/>
  </testsuite>
  <testsuite errors="0" failures="0" hostname="fv-az14" name="ds.glmerSLMA::arg::shutdown" skipped="0" tests="3" time="0.276" timestamp="2020-10-23T10:51:12Z">
    <testcase classname="ds.glmerSLMA_arg_shutdown" name="setup" time="0.272999999999996"/>
    <testcase classname="ds.glmerSLMA_arg_shutdown" name="setup" time="0.00200000000000955"/>
    <testcase classname="ds.glmerSLMA_arg_shutdown" name="setup" time="0.00100000000000477"/>
  </testsuite>
  <testsuite errors="0" failures="0" hostname="fv-az14" name="ds.glmerSLMA::arg::done" skipped="0" tests="0" time="0" timestamp="2020-10-23T10:51:13Z"/>
  <testsuite errors="0" failures="0" hostname="fv-az14" name="ds.glmPredict::arg::test _glmname_ arg is correct object" skipped="0" tests="5" time="5.181" timestamp="2020-10-23T10:51:17Z">
    <testcase classname="ds.glmPredict_arg_test__glmname__arg_is_correct_object" name="glmPredict_errors" time="4.858"/>
    <testcase classname="ds.glmPredict_arg_test__glmname__arg_is_correct_object" name="glmPredict_errors" time="0.318999999999988"/>
    <testcase classname="ds.glmPredict_arg_test__glmname__arg_is_correct_object" name="glmPredict_errors" time="0.00200000000000955"/>
    <testcase classname="ds.glmPredict_arg_test__glmname__arg_is_correct_object" name="glmPredict_errors" time="0.000999999999976353"/>
    <testcase classname="ds.glmPredict_arg_test__glmname__arg_is_correct_object" name="glmPredict_errors" time="0.00100000000000477"/>
  </testsuite>
  <testsuite errors="0" failures="0" hostname="fv-az14" name="ds.glmPredict::arg::setting up glm obj for further testing" skipped="0" tests="4" time="1.602" timestamp="2020-10-23T10:51:17Z">
    <testcase classname="ds.glmPredict_arg_setting_up_glm_obj_for_further_testing" name="glmPredict_errors" time="1.59800000000001"/>
    <testcase classname="ds.glmPredict_arg_setting_up_glm_obj_for_further_testing" name="glmPredict_errors" time="0.00100000000000477"/>
    <testcase classname="ds.glmPredict_arg_setting_up_glm_obj_for_further_testing" name="glmPredict_errors" time="0.00199999999998113"/>
    <testcase classname="ds.glmPredict_arg_setting_up_glm_obj_for_further_testing" name="glmPredict_errors" time="0.00100000000000477"/>
  </testsuite>
  <testsuite errors="0" failures="0" hostname="fv-az14" name="ds.glmPredict::arg::test _newdataname_ arg is correct object" skipped="0" tests="4" time="0.283" timestamp="2020-10-23T10:51:19Z">
    <testcase classname="ds.glmPredict_arg_test__newdataname__arg_is_correct_object" name="glmPredict_errors" time="0.280000000000001"/>
    <testcase classname="ds.glmPredict_arg_test__newdataname__arg_is_correct_object" name="glmPredict_errors" time="0.00100000000000477"/>
    <testcase classname="ds.glmPredict_arg_test__newdataname__arg_is_correct_object" name="glmPredict_errors" time="0.00100000000000477"/>
    <testcase classname="ds.glmPredict_arg_test__newdataname__arg_is_correct_object" name="glmPredict_errors" time="0.00100000000000477"/>
  </testsuite>
  <testsuite errors="0" failures="0" hostname="fv-az14" name="ds.glmPredict::arg::test _output.type_ arg is correct object" skipped="0" tests="2" time="0.01" timestamp="2020-10-23T10:51:19Z">
    <testcase classname="ds.glmPredict_arg_test__output.type__arg_is_correct_object" name="glmPredict_errors" time="0.00799999999998136"/>
    <testcase classname="ds.glmPredict_arg_test__output.type__arg_is_correct_object" name="glmPredict_errors" time="0.00200000000000955"/>
  </testsuite>
  <testsuite errors="0" failures="0" hostname="fv-az14" name="ds.glmPredict::arg::test _se.fit_ arg is correct object" skipped="0" tests="4" time="0.279" timestamp="2020-10-23T10:51:19Z">
    <testcase classname="ds.glmPredict_arg_test__se.fit__arg_is_correct_object" name="glmPredict_errors" time="0.275000000000006"/>
    <testcase classname="ds.glmPredict_arg_test__se.fit__arg_is_correct_object" name="glmPredict_errors" time="0.00100000000000477"/>
    <testcase classname="ds.glmPredict_arg_test__se.fit__arg_is_correct_object" name="glmPredict_errors" time="0.00199999999998113"/>
    <testcase classname="ds.glmPredict_arg_test__se.fit__arg_is_correct_object" name="glmPredict_errors" time="0.00100000000000477"/>
  </testsuite>
  <testsuite errors="0" failures="0" hostname="fv-az14" name="ds.glmPredict::arg::test _dispersion_ arg is correct object" skipped="1" tests="1" time="0.004" timestamp="2020-10-23T10:51:19Z">
    <testcase classname="ds.glmPredict_arg_test__dispersion__arg_is_correct_object" name="glmPredict_errors" time="0.00399999999999068">
      <skipped/>
    </testcase>
  </testsuite>
  <testsuite errors="0" failures="0" hostname="fv-az14" name="ds.glmPredict::arg::test _terms_ arg is correct object" skipped="0" tests="4" time="0.29" timestamp="2020-10-23T10:51:20Z">
    <testcase classname="ds.glmPredict_arg_test__terms__arg_is_correct_object" name="glmPredict_errors" time="0.286000000000001"/>
    <testcase classname="ds.glmPredict_arg_test__terms__arg_is_correct_object" name="glmPredict_errors" time="0.00200000000000955"/>
    <testcase classname="ds.glmPredict_arg_test__terms__arg_is_correct_object" name="glmPredict_errors" time="0.00100000000000477"/>
    <testcase classname="ds.glmPredict_arg_test__terms__arg_is_correct_object" name="glmPredict_errors" time="0.00100000000000477"/>
  </testsuite>
  <testsuite errors="0" failures="0" hostname="fv-az14" name="ds.glmPredict::arg::test _na.action_ arg is correct object" skipped="0" tests="1" time="0.004" timestamp="2020-10-23T10:51:20Z">
    <testcase classname="ds.glmPredict_arg_test__na.action__arg_is_correct_object" name="glmPredict_errors" time="0.00399999999999068"/>
  </testsuite>
  <testsuite errors="0" failures="0" hostname="fv-az14" name="ds.glmPredict::arg::test _newobj_ arg is correct object" skipped="1" tests="1" time="0.004" timestamp="2020-10-23T10:51:20Z">
    <testcase classname="ds.glmPredict_arg_test__newobj__arg_is_correct_object" name="glmPredict_errors" time="0.00399999999999068">
      <skipped/>
    </testcase>
  </testsuite>
  <testsuite errors="0" failures="0" hostname="fv-az14" name="ds.glm::arg::test errors" skipped="0" tests="2" time="5.145" timestamp="2020-10-23T10:51:25Z">
    <testcase classname="ds.glm_arg_test_errors" name="glm_errors" time="4.77500000000001"/>
    <testcase classname="ds.glm_arg_test_errors" name="glm_errors" time="0.370000000000005"/>
  </testsuite>
  <testsuite errors="0" failures="0" hostname="fv-az14" name="ds.glmSLMA::arg::test errors" skipped="0" tests="6" time="5.427" timestamp="2020-10-23T10:51:30Z">
    <testcase classname="ds.glmSLMA_arg_test_errors" name="glmSLMA_errors" time="5.15000000000001"/>
    <testcase classname="ds.glmSLMA_arg_test_errors" name="glmSLMA_errors" time="0.271999999999991"/>
    <testcase classname="ds.glmSLMA_arg_test_errors" name="glmSLMA_errors" time="0.00200000000000955"/>
    <testcase classname="ds.glmSLMA_arg_test_errors" name="glmSLMA_errors" time="0.00100000000000477"/>
    <testcase classname="ds.glmSLMA_arg_test_errors" name="glmSLMA_errors" time="0.000999999999976353"/>
    <testcase classname="ds.glmSLMA_arg_test_errors" name="glmSLMA_errors" time="0.00100000000000477"/>
  </testsuite>
  <testsuite errors="0" failures="0" hostname="fv-az14" name="ds.isNA::smk::errors" skipped="0" tests="1" time="4.796" timestamp="2020-10-23T10:51:35Z">
    <testcase classname="ds.isNA_smk_errors" name="isNA_errors" time="4.79600000000002"/>
  </testsuite>
  <testsuite errors="0" failures="0" hostname="fv-az14" name="ds.isValid::smk::errors" skipped="0" tests="2" time="5.844" timestamp="2020-10-23T10:51:40Z">
    <testcase classname="ds.isValid_smk_errors" name="isValid_errors" time="4.82499999999999"/>
    <testcase classname="ds.isValid_smk_errors" name="isValid_errors" time="1.01900000000001"/>
  </testsuite>
  <testsuite errors="0" failures="0" hostname="fv-az14" name="ds.kurtosis::arg::setup" skipped="0" tests="3" time="5.169" timestamp="2020-10-23T10:51:42Z">
    <testcase classname="ds.kurtosis_arg_setup" name="setup" time="5.166"/>
    <testcase classname="ds.kurtosis_arg_setup" name="setup" time="0.00200000000000955"/>
    <testcase classname="ds.kurtosis_arg_setup" name="setup" time="0.000999999999976353"/>
  </testsuite>
  <testsuite errors="0" failures="0" hostname="fv-az14" name="ds.kurtosis::arg::test errors" skipped="0" tests="4" time="0.134" timestamp="2020-10-23T10:51:46Z">
    <testcase classname="ds.kurtosis_arg_test_errors" name="kurtosis_erros" time="0.0100000000000193"/>
    <testcase classname="ds.kurtosis_arg_test_errors" name="kurtosis_erros" time="0.11099999999999"/>
    <testcase classname="ds.kurtosis_arg_test_errors" name="kurtosis_erros" time="0.007000000000005"/>
    <testcase classname="ds.kurtosis_arg_test_errors" name="kurtosis_erros" time="0.00600000000000023"/>
  </testsuite>
  <testsuite errors="0" failures="0" hostname="fv-az14" name="ds.kurtosis::arg::shutdown" skipped="0" tests="3" time="0.292" timestamp="2020-10-23T10:51:46Z">
    <testcase classname="ds.kurtosis_arg_shutdown" name="shutdown" time="0.289999999999992"/>
    <testcase classname="ds.kurtosis_arg_shutdown" name="shutdown" time="0.00100000000000477"/>
    <testcase classname="ds.kurtosis_arg_shutdown" name="shutdown" time="0.00100000000000477"/>
  </testsuite>
  <testsuite errors="0" failures="0" hostname="fv-az14" name="ds.kurtosis::arg::done" skipped="0" tests="0" time="0" timestamp="2020-10-23T10:51:47Z"/>
  <testsuite errors="0" failures="0" hostname="fv-az14" name="ds.length::arg::test errors" skipped="0" tests="5" time="7.749" timestamp="2020-10-23T10:51:51Z">
    <testcase classname="ds.length_arg_test_errors" name="length_erros" time="5.74599999999998"/>
    <testcase classname="ds.length_arg_test_errors" name="length_erros" time="0.0620000000000118"/>
    <testcase classname="ds.length_arg_test_errors" name="length_erros" time="0.0120000000000005"/>
    <testcase classname="ds.length_arg_test_errors" name="length_erros" time="0.971000000000004"/>
    <testcase classname="ds.length_arg_test_errors" name="length_erros" time="0.957999999999998"/>
  </testsuite>
  <testsuite errors="0" failures="0" hostname="fv-az14" name="ds.levels::arg" skipped="0" tests="2" time="5.089" timestamp="2020-10-23T10:51:59Z">
    <testcase classname="ds.levels_arg" name="simple_levels" time="4.78800000000001"/>
    <testcase classname="ds.levels_arg" name="simple_levels" time="0.300999999999988"/>
  </testsuite>
  <testsuite errors="0" failures="0" hostname="fv-az14" name="ds.lexis::arg::test errors" skipped="0" tests="1" time="4.885" timestamp="2020-10-23T10:52:04Z">
    <testcase classname="ds.lexis_arg_test_errors" name="lexis_erros" time="4.88499999999999"/>
  </testsuite>
  <testsuite errors="0" failures="0" hostname="fv-az14" name="ds.list::arg::test errors" skipped="0" tests="1" time="4.856" timestamp="2020-10-23T10:52:09Z">
    <testcase classname="ds.list_arg_test_errors" name="simple_ds.list_errors" time="4.85600000000002"/>
  </testsuite>
  <testsuite errors="0" failures="0" hostname="fv-az14" name="ds.lmerSLMA::arg::setup" skipped="0" tests="3" time="5.096" timestamp="2020-10-23T10:52:10Z">
    <testcase classname="ds.lmerSLMA_arg_setup" name="setup" time="5.09399999999999"/>
    <testcase classname="ds.lmerSLMA_arg_setup" name="setup" time="0.00100000000000477"/>
    <testcase classname="ds.lmerSLMA_arg_setup" name="setup" time="0.000999999999976353"/>
  </testsuite>
  <testsuite errors="0" failures="0" hostname="fv-az14" name="ds.lmerSLMA::arg" skipped="0" tests="17" time="4.174" timestamp="2020-10-23T10:52:14Z">
    <testcase classname="ds.lmerSLMA_arg" name="simple_lmerSLMA_tesing_mis_use_of_arguments" time="2.40900000000002"/>
    <testcase classname="ds.lmerSLMA_arg" name="simple_lmerSLMA_tesing_mis_use_of_arguments" time="0.00100000000000477"/>
    <testcase classname="ds.lmerSLMA_arg" name="simple_lmerSLMA_tesing_mis_use_of_arguments" time="0.000999999999976353"/>
    <testcase classname="ds.lmerSLMA_arg" name="simple_lmerSLMA_tesing_mis_use_of_arguments" time="0.00100000000000477"/>
    <testcase classname="ds.lmerSLMA_arg" name="simple_lmerSLMA_tesing_mis_use_of_arguments" time="0.00100000000000477"/>
    <testcase classname="ds.lmerSLMA_arg" name="simple_lmerSLMA_tesing_mis_use_of_arguments" time="0.740000000000009"/>
    <testcase classname="ds.lmerSLMA_arg" name="simple_lmerSLMA_tesing_mis_use_of_arguments" time="0.00199999999998113"/>
    <testcase classname="ds.lmerSLMA_arg" name="simple_lmerSLMA_tesing_mis_use_of_arguments" time="0.00100000000000477"/>
    <testcase classname="ds.lmerSLMA_arg" name="simple_lmerSLMA_tesing_mis_use_of_arguments" time="0.00100000000000477"/>
    <testcase classname="ds.lmerSLMA_arg" name="simple_lmerSLMA_tesing_mis_use_of_arguments" time="0.00100000000000477"/>
    <testcase classname="ds.lmerSLMA_arg" name="simple_lmerSLMA_tesing_mis_use_of_arguments" time="0.277999999999992"/>
    <testcase classname="ds.lmerSLMA_arg" name="simple_lmerSLMA_tesing_mis_use_of_arguments" time="0.728000000000009"/>
    <testcase classname="ds.lmerSLMA_arg" name="simple_lmerSLMA_tesing_mis_use_of_arguments" time="0.00199999999998113"/>
    <testcase classname="ds.lmerSLMA_arg" name="simple_lmerSLMA_tesing_mis_use_of_arguments" time="0.00100000000000477"/>
    <testcase classname="ds.lmerSLMA_arg" name="simple_lmerSLMA_tesing_mis_use_of_arguments" time="0.00100000000000477"/>
    <testcase classname="ds.lmerSLMA_arg" name="simple_lmerSLMA_tesing_mis_use_of_arguments" time="0.00100000000000477"/>
    <testcase classname="ds.lmerSLMA_arg" name="simple_lmerSLMA_tesing_mis_use_of_arguments" time="0.00499999999999545"/>
  </testsuite>
  <testsuite errors="0" failures="0" hostname="fv-az14" name="ds.lmerSLMA::arg::shutdown" skipped="0" tests="3" time="0.279" timestamp="2020-10-23T10:52:18Z">
    <testcase classname="ds.lmerSLMA_arg_shutdown" name="shutdown" time="0.276999999999987"/>
    <testcase classname="ds.lmerSLMA_arg_shutdown" name="shutdown" time="0.00100000000000477"/>
    <testcase classname="ds.lmerSLMA_arg_shutdown" name="shutdown" time="0.00100000000000477"/>
  </testsuite>
  <testsuite errors="0" failures="0" hostname="fv-az14" name="ds.lmerSLMA::arg::done" skipped="0" tests="0" time="0" timestamp="2020-10-23T10:52:19Z"/>
  <testsuite errors="0" failures="0" hostname="fv-az14" name="ds.log::arg::test errors" skipped="0" tests="1" time="4.811" timestamp="2020-10-23T10:52:24Z">
    <testcase classname="ds.log_arg_test_errors" name="log_erros" time="4.81100000000001"/>
  </testsuite>
  <testsuite errors="0" failures="0" hostname="fv-az14" name="ds.look::arg::test errors" skipped="0" tests="2" time="4.819" timestamp="2020-10-23T10:52:28Z">
    <testcase classname="ds.look_arg_test_errors" name="look_erros" time="4.81399999999999"/>
    <testcase classname="ds.look_arg_test_errors" name="look_erros" time="0.00499999999999545"/>
  </testsuite>
  <testsuite errors="0" failures="0" hostname="fv-az14" name="ds.ls::arg::setup" skipped="0" tests="3" time="5.132" timestamp="2020-10-23T10:52:29Z">
    <testcase classname="ds.ls_arg_setup" name="setup" time="5.12900000000002"/>
    <testcase classname="ds.ls_arg_setup" name="setup" time="0.00199999999998113"/>
    <testcase classname="ds.ls_arg_setup" name="setup" time="0.00100000000000477"/>
  </testsuite>
  <testsuite errors="0" failures="0" hostname="fv-az14" name="ds.ls::arg" skipped="0" tests="6" time="0.011" timestamp="2020-10-23T10:52:33Z">
    <testcase classname="ds.ls_arg" name="containing_escape_sequence" time="0.00399999999999068"/>
    <testcase classname="ds.ls_arg" name="containing_escape_sequence" time="0.00100000000000477"/>
    <testcase classname="ds.ls_arg" name="containing_escape_sequence" time="0.00200000000000955"/>
    <testcase classname="ds.ls_arg" name="containing_escape_sequence" time="0.00100000000000477"/>
    <testcase classname="ds.ls_arg" name="containing_escape_sequence" time="0.00199999999998113"/>
    <testcase classname="ds.ls_arg" name="containing_escape_sequence" time="0.00100000000000477"/>
  </testsuite>
  <testsuite errors="0" failures="0" hostname="fv-az14" name="ds.ls::arg::shutdown" skipped="0" tests="3" time="0.275" timestamp="2020-10-23T10:52:33Z">
    <testcase classname="ds.ls_arg_shutdown" name="shutdown" time="0.27200000000002"/>
    <testcase classname="ds.ls_arg_shutdown" name="shutdown" time="0.000999999999976353"/>
    <testcase classname="ds.ls_arg_shutdown" name="shutdown" time="0.00200000000000955"/>
  </testsuite>
  <testsuite errors="0" failures="0" hostname="fv-az14" name="ds.ls::arg::done" skipped="0" tests="0" time="0" timestamp="2020-10-23T10:52:34Z"/>
  <testsuite errors="0" failures="0" hostname="fv-az14" name="ds.make::arg::test errors" skipped="0" tests="1" time="4.894" timestamp="2020-10-23T10:52:39Z">
    <testcase classname="ds.make_arg_test_errors" name="make_erros" time="4.89400000000001"/>
  </testsuite>
  <testsuite errors="0" failures="0" hostname="fv-az14" name="ds.matrixDet::arg::test errors" skipped="0" tests="1" time="4.747" timestamp="2020-10-23T10:52:43Z">
    <testcase classname="ds.matrixDet_arg_test_errors" name="matrixDet_erros" time="4.74699999999999"/>
  </testsuite>
  <testsuite errors="0" failures="0" hostname="fv-az14" name="ds.matrixDet.report::arg::test errors" skipped="0" tests="1" time="4.824" timestamp="2020-10-23T10:52:48Z">
    <testcase classname="ds.matrixDet.report_arg_test_errors" name="ds.matixDet.report_erros" time="4.82399999999998"/>
  </testsuite>
  <testsuite errors="0" failures="0" hostname="fv-az14" name="ds.matrixDiag::arg::test errors" skipped="0" tests="2" time="4.81" timestamp="2020-10-23T10:52:53Z">
    <testcase classname="ds.matrixDiag_arg_test_errors" name="matrixDiag_erros" time="4.80900000000003"/>
    <testcase classname="ds.matrixDiag_arg_test_errors" name="matrixDiag_erros" time="0.000999999999976353"/>
  </testsuite>
  <testsuite errors="0" failures="0" hostname="fv-az14" name="ds.matrixDimnames::arg::test errors" skipped="0" tests="1" time="4.801" timestamp="2020-10-23T10:52:58Z">
    <testcase classname="ds.matrixDimnames_arg_test_errors" name="matrixDimnames_erros" time="4.80100000000004"/>
  </testsuite>
  <testsuite errors="0" failures="0" hostname="fv-az14" name="ds.matrixInvert::arg::test errors" skipped="0" tests="1" time="4.861" timestamp="2020-10-23T10:53:03Z">
    <testcase classname="ds.matrixInvert_arg_test_errors" name="matrixInvert_erros" time="4.86099999999999"/>
  </testsuite>
  <testsuite errors="0" failures="0" hostname="fv-az14" name="ds.matrixMult::arg::test errors" skipped="0" tests="1" time="4.836" timestamp="2020-10-23T10:53:08Z">
    <testcase classname="ds.matrixMult_arg_test_errors" name="matrixMult_erros" time="4.83600000000001"/>
  </testsuite>
  <testsuite errors="0" failures="0" hostname="fv-az14" name="ds.matrix::arg::test errors" skipped="0" tests="1" time="4.818" timestamp="2020-10-23T10:53:12Z">
    <testcase classname="ds.matrix_arg_test_errors" name="matrix_erros" time="4.81799999999998"/>
  </testsuite>
  <testsuite errors="0" failures="0" hostname="fv-az14" name="ds.matrixTranspose::arg::test errors" skipped="0" tests="1" time="4.857" timestamp="2020-10-23T10:53:17Z">
    <testcase classname="ds.matrixTranspose_arg_test_errors" name="matrixTranspose_erros" time="4.85699999999997"/>
  </testsuite>
  <testsuite errors="0" failures="0" hostname="fv-az14" name="ds.meanByClass::arg::test errors" skipped="0" tests="8" time="10.784" timestamp="2020-10-23T10:53:22Z">
    <testcase classname="ds.meanByClass_arg_test_errors" name="meanByClass_erros" time="7.61400000000003"/>
    <testcase classname="ds.meanByClass_arg_test_errors" name="meanByClass_erros" time="0.0040000000000191"/>
    <testcase classname="ds.meanByClass_arg_test_errors" name="meanByClass_erros" time="0.00199999999995271"/>
    <testcase classname="ds.meanByClass_arg_test_errors" name="meanByClass_erros" time="1.21700000000004"/>
    <testcase classname="ds.meanByClass_arg_test_errors" name="meanByClass_erros" time="0.00199999999995271"/>
    <testcase classname="ds.meanByClass_arg_test_errors" name="meanByClass_erros" time="1.93800000000005"/>
    <testcase classname="ds.meanByClass_arg_test_errors" name="meanByClass_erros" time="0.00199999999995271"/>
    <testcase classname="ds.meanByClass_arg_test_errors" name="meanByClass_erros" time="0.0050000000000523"/>
  </testsuite>
  <testsuite errors="0" failures="0" hostname="fv-az14" name="ds.mean::arg::test errors" skipped="0" tests="3" time="6.718" timestamp="2020-10-23T10:53:33Z">
    <testcase classname="ds.mean_arg_test_errors" name="mean_erros" time="5.65999999999997"/>
    <testcase classname="ds.mean_arg_test_errors" name="mean_erros" time="0.0799999999999841"/>
    <testcase classname="ds.mean_arg_test_errors" name="mean_erros" time="0.978000000000009"/>
  </testsuite>
  <testsuite errors="0" failures="0" hostname="fv-az14" name="ds.meanSdGp::arg::test errors" skipped="0" tests="1" time="4.808" timestamp="2020-10-23T10:53:40Z">
    <testcase classname="ds.meanSdGp_arg_test_errors" name="meanSdGp_erros" time="4.80799999999999"/>
  </testsuite>
  <testsuite errors="0" failures="0" hostname="fv-az14" name="ds.merge::arg::test errors" skipped="0" tests="5" time="4.913" timestamp="2020-10-23T10:53:44Z">
    <testcase classname="ds.merge_arg_test_errors" name="merge_erros" time="4.84500000000003"/>
    <testcase classname="ds.merge_arg_test_errors" name="merge_erros" time="0.0529999999999973"/>
    <testcase classname="ds.merge_arg_test_errors" name="merge_erros" time="0.00499999999999545"/>
    <testcase classname="ds.merge_arg_test_errors" name="merge_erros" time="0.00499999999999545"/>
    <testcase classname="ds.merge_arg_test_errors" name="merge_erros" time="0.00499999999999545"/>
  </testsuite>
  <testsuite errors="0" failures="0" hostname="fv-az14" name="ds.message::arg" skipped="0" tests="2" time="4.808" timestamp="2020-10-23T10:53:49Z">
    <testcase classname="ds.message_arg" name="request_message_for_NULL" time="4.80400000000003"/>
    <testcase classname="ds.message_arg" name="request_message_for_NULL" time="0.00399999999996226"/>
  </testsuite>
  <testsuite errors="0" failures="0" hostname="fv-az14" name="ds.names::arg::test errors" skipped="0" tests="7" time="5.104" timestamp="2020-10-23T10:53:54Z">
    <testcase classname="ds.names_arg_test_errors" name="simple_ds.names_errors" time="4.82500000000005"/>
    <testcase classname="ds.names_arg_test_errors" name="simple_ds.names_errors" time="0.274000000000001"/>
    <testcase classname="ds.names_arg_test_errors" name="simple_ds.names_errors" time="0.000999999999976353"/>
    <testcase classname="ds.names_arg_test_errors" name="simple_ds.names_errors" time="0.0010000000000332"/>
    <testcase classname="ds.names_arg_test_errors" name="simple_ds.names_errors" time="0.000999999999976353"/>
    <testcase classname="ds.names_arg_test_errors" name="simple_ds.names_errors" time="0.0010000000000332"/>
    <testcase classname="ds.names_arg_test_errors" name="simple_ds.names_errors" time="0.000999999999976353"/>
  </testsuite>
  <testsuite errors="0" failures="0" hostname="fv-az14" name="ds.numNA::arg::test errors" skipped="0" tests="1" time="4.874" timestamp="2020-10-23T10:53:59Z">
    <testcase classname="ds.numNA_arg_test_errors" name="simple_ds.numNA_errors" time="4.87400000000002"/>
  </testsuite>
  <testsuite errors="0" failures="0" hostname="fv-az14" name="ds.quantileMean::arg::test errors" skipped="0" tests="3" time="8.46" timestamp="2020-10-23T10:54:04Z">
    <testcase classname="ds.quantileMean_arg_test_errors" name="quantileMean_erros" time="5.65899999999999"/>
    <testcase classname="ds.quantileMean_arg_test_errors" name="quantileMean_erros" time="1.83499999999998"/>
    <testcase classname="ds.quantileMean_arg_test_errors" name="quantileMean_erros" time="0.966000000000008"/>
  </testsuite>
  <testsuite errors="0" failures="0" hostname="fv-az14" name="ds.rbind::arg::test errors" skipped="0" tests="1" time="4.839" timestamp="2020-10-23T10:54:13Z">
    <testcase classname="ds.rbind_arg_test_errors" name="rbind_erros" time="4.839"/>
  </testsuite>
  <testsuite errors="0" failures="0" hostname="fv-az14" name="ds.rBinom::arg::test errors" skipped="0" tests="2" time="4.828" timestamp="2020-10-23T10:54:17Z">
    <testcase classname="ds.rBinom_arg_test_errors" name="rBinom_erros" time="4.82600000000002"/>
    <testcase classname="ds.rBinom_arg_test_errors" name="rBinom_erros" time="0.00199999999995271"/>
  </testsuite>
  <testsuite errors="0" failures="0" hostname="fv-az14" name="ds.recodeLevels::arg::test errors" skipped="0" tests="8" time="7.098" timestamp="2020-10-23T10:54:22Z">
    <testcase classname="ds.recodeLevels_arg_test_errors" name="recodeLevels_erros" time="4.84500000000003"/>
    <testcase classname="ds.recodeLevels_arg_test_errors" name="recodeLevels_erros" time="0.00499999999999545"/>
    <testcase classname="ds.recodeLevels_arg_test_errors" name="recodeLevels_erros" time="0.0330000000000155"/>
    <testcase classname="ds.recodeLevels_arg_test_errors" name="recodeLevels_erros" time="0.00499999999999545"/>
    <testcase classname="ds.recodeLevels_arg_test_errors" name="recodeLevels_erros" time="0.00200000000000955"/>
    <testcase classname="ds.recodeLevels_arg_test_errors" name="recodeLevels_erros" time="0.97199999999998"/>
    <testcase classname="ds.recodeLevels_arg_test_errors" name="recodeLevels_erros" time="0.0029999999999859"/>
    <testcase classname="ds.recodeLevels_arg_test_errors" name="recodeLevels_erros" time="1.233"/>
  </testsuite>
  <testsuite errors="0" failures="0" hostname="fv-az14" name="ds.recodeValues::arg::test errors" skipped="0" tests="6" time="4.996" timestamp="2020-10-23T10:54:29Z">
    <testcase classname="ds.recodeValues_arg_test_errors" name="recodeValues_erros" time="4.899"/>
    <testcase classname="ds.recodeValues_arg_test_errors" name="recodeValues_erros" time="0.0769999999999982"/>
    <testcase classname="ds.recodeValues_arg_test_errors" name="recodeValues_erros" time="0.00499999999999545"/>
    <testcase classname="ds.recodeValues_arg_test_errors" name="recodeValues_erros" time="0.00499999999999545"/>
    <testcase classname="ds.recodeValues_arg_test_errors" name="recodeValues_erros" time="0.00499999999999545"/>
    <testcase classname="ds.recodeValues_arg_test_errors" name="recodeValues_erros" time="0.0050000000000523"/>
  </testsuite>
  <testsuite errors="0" failures="0" hostname="fv-az14" name="ds.replaceNA::arg::test errors" skipped="0" tests="2" time="4.896" timestamp="2020-10-23T10:54:34Z">
    <testcase classname="ds.replaceNA_arg_test_errors" name="simple_ds.replaceNA_errors" time="4.85599999999999"/>
    <testcase classname="ds.replaceNA_arg_test_errors" name="simple_ds.replaceNA_errors" time="0.0399999999999636"/>
  </testsuite>
  <testsuite errors="0" failures="0" hostname="fv-az14" name="ds.rep::arg::setup" skipped="0" tests="0" time="0" timestamp="2020-10-23T10:54:35Z"/>
  <testsuite errors="0" failures="0" hostname="fv-az14" name="ds.rep::arg::test errors" skipped="0" tests="1" time="4.874" timestamp="2020-10-23T10:54:39Z">
    <testcase classname="ds.rep_arg_test_errors" name="ds.rep_erros" time="4.87400000000002"/>
  </testsuite>
  <testsuite errors="0" failures="0" hostname="fv-az14" name="ds.rep::arg::shutdown" skipped="0" tests="0" time="0" timestamp="2020-10-23T10:54:39Z"/>
  <testsuite errors="0" failures="0" hostname="fv-az14" name="ds.rep::arg::done" skipped="0" tests="0" time="0" timestamp="2020-10-23T10:54:40Z"/>
  <testsuite errors="0" failures="0" hostname="fv-az14" name="ds.reShape::arg::test errors" skipped="0" tests="4" time="4.907" timestamp="2020-10-23T10:54:44Z">
    <testcase classname="ds.reShape_arg_test_errors" name="reShape_erros" time="4.83100000000002"/>
    <testcase classname="ds.reShape_arg_test_errors" name="reShape_erros" time="0.0649999999999977"/>
    <testcase classname="ds.reShape_arg_test_errors" name="reShape_erros" time="0.00599999999997181"/>
    <testcase classname="ds.reShape_arg_test_errors" name="reShape_erros" time="0.00499999999999545"/>
  </testsuite>
  <testsuite errors="0" failures="0" hostname="fv-az14" name="ds.rm::arg::test errors" skipped="0" tests="1" time="5.009" timestamp="2020-10-23T10:54:49Z">
    <testcase classname="ds.rm_arg_test_errors" name="ds.rm_erros" time="5.00900000000001"/>
  </testsuite>
  <testsuite errors="0" failures="0" hostname="fv-az14" name="ds.rNorm::arg::test errors" skipped="0" tests="2" time="4.85" timestamp="2020-10-23T10:54:54Z">
    <testcase classname="ds.rNorm_arg_test_errors" name="rNorm_erros" time="4.84899999999999"/>
    <testcase classname="ds.rNorm_arg_test_errors" name="rNorm_erros" time="0.0010000000000332"/>
  </testsuite>
  <testsuite errors="0" failures="0" hostname="fv-az14" name="ds.rowColCalc::arg::test errors" skipped="0" tests="3" time="12.569" timestamp="2020-10-23T10:54:59Z">
    <testcase classname="ds.rowColCalc_arg_test_errors" name="rowColCalc_errors" time="4.83499999999998"/>
    <testcase classname="ds.rowColCalc_arg_test_errors" name="rowColCalc_errors" time="3.90899999999999"/>
    <testcase classname="ds.rowColCalc_arg_test_errors" name="rowColCalc_errors" time="3.82499999999999"/>
  </testsuite>
  <testsuite errors="0" failures="0" hostname="fv-az14" name="ds.rPois::arg::test errors" skipped="0" tests="2" time="4.868" timestamp="2020-10-23T10:55:11Z">
    <testcase classname="ds.rPois_arg_test_errors" name="rPois_erros" time="4.86599999999999"/>
    <testcase classname="ds.rPois_arg_test_errors" name="rPois_erros" time="0.00200000000000955"/>
  </testsuite>
  <testsuite errors="0" failures="0" hostname="fv-az14" name="ds.rUnif::arg::test errors" skipped="0" tests="2" time="4.981" timestamp="2020-10-23T10:55:16Z">
    <testcase classname="ds.rUnif_arg_test_errors" name="rUnif_erros" time="4.98000000000002"/>
    <testcase classname="ds.rUnif_arg_test_errors" name="rUnif_erros" time="0.000999999999976353"/>
  </testsuite>
  <testsuite errors="0" failures="0" hostname="fv-az14" name="ds.sample::arg::setup" skipped="0" tests="0" time="0" timestamp="2020-10-23T10:55:17Z"/>
  <testsuite errors="0" failures="0" hostname="fv-az14" name="ds.sample::arg::test errors" skipped="0" tests="3" time="4.948" timestamp="2020-10-23T10:55:21Z">
    <testcase classname="ds.sample_arg_test_errors" name="cov_erros" time="4.87100000000004"/>
    <testcase classname="ds.sample_arg_test_errors" name="cov_erros" time="0.0749999999999886"/>
    <testcase classname="ds.sample_arg_test_errors" name="cov_erros" time="0.00200000000000955"/>
  </testsuite>
  <testsuite errors="0" failures="0" hostname="fv-az14" name="ds.sample::arg::shutdown" skipped="0" tests="0" time="0" timestamp="2020-10-23T10:55:21Z"/>
  <testsuite errors="0" failures="0" hostname="fv-az14" name="ds.sample::arg::done" skipped="0" tests="0" time="0" timestamp="2020-10-23T10:55:22Z"/>
  <testsuite errors="0" failures="0" hostname="fv-az14" name="ds.seq::arg::test errors" skipped="0" tests="1" time="4.87" timestamp="2020-10-23T10:55:26Z">
    <testcase classname="ds.seq_arg_test_errors" name="seq_erros" time="4.87"/>
  </testsuite>
  <testsuite errors="0" failures="0" hostname="fv-az14" name="ds.setSeed::arg::test errors" skipped="0" tests="1" time="4.807" timestamp="2020-10-23T10:55:31Z">
    <testcase classname="ds.setSeed_arg_test_errors" name="setSeed_erros" time="4.80699999999996"/>
  </testsuite>
  <testsuite errors="0" failures="0" hostname="fv-az14" name="ds.skewness::arg::setup" skipped="0" tests="3" time="5.065" timestamp="2020-10-23T10:55:32Z">
    <testcase classname="ds.skewness_arg_setup" name="setup" time="5.06300000000005"/>
    <testcase classname="ds.skewness_arg_setup" name="setup" time="0.000999999999976353"/>
    <testcase classname="ds.skewness_arg_setup" name="setup" time="0.000999999999976353"/>
  </testsuite>
  <testsuite errors="0" failures="0" hostname="fv-az14" name="ds.skewness::arg::test errors" skipped="0" tests="4" time="0.104" timestamp="2020-10-23T10:55:36Z">
    <testcase classname="ds.skewness_arg_test_errors" name="skewness_erros" time="0.00900000000001455"/>
    <testcase classname="ds.skewness_arg_test_errors" name="skewness_erros" time="0.0850000000000364"/>
    <testcase classname="ds.skewness_arg_test_errors" name="skewness_erros" time="0.00599999999997181"/>
    <testcase classname="ds.skewness_arg_test_errors" name="skewness_erros" time="0.0040000000000191"/>
  </testsuite>
  <testsuite errors="0" failures="0" hostname="fv-az14" name="ds.skewness::arg::shutdown" skipped="0" tests="3" time="0.283" timestamp="2020-10-23T10:55:36Z">
    <testcase classname="ds.skewness_arg_shutdown" name="shutdown" time="0.281000000000006"/>
    <testcase classname="ds.skewness_arg_shutdown" name="shutdown" time="0.000999999999976353"/>
    <testcase classname="ds.skewness_arg_shutdown" name="shutdown" time="0.000999999999976353"/>
  </testsuite>
  <testsuite errors="0" failures="0" hostname="fv-az14" name="ds.skewness::arg::done" skipped="0" tests="0" time="0" timestamp="2020-10-23T10:55:37Z"/>
  <testsuite errors="0" failures="0" hostname="fv-az14" name="ds.subsetByClass::arg::test errors" skipped="0" tests="4" time="5.869" timestamp="2020-10-23T10:55:41Z">
    <testcase classname="ds.subsetByClass_arg_test_errors" name="subsetByClass_erros" time="4.84800000000001"/>
    <testcase classname="ds.subsetByClass_arg_test_errors" name="subsetByClass_erros" time="0.0040000000000191"/>
    <testcase classname="ds.subsetByClass_arg_test_errors" name="subsetByClass_erros" time="0.0380000000000109"/>
    <testcase classname="ds.subsetByClass_arg_test_errors" name="subsetByClass_erros" time="0.978999999999985"/>
  </testsuite>
  <testsuite errors="0" failures="0" hostname="fv-az14" name="ds.subset::arg::test errors" skipped="0" tests="2" time="4.895" timestamp="2020-10-23T10:55:47Z">
    <testcase classname="ds.subset_arg_test_errors" name="subset_erros" time="4.88999999999999"/>
    <testcase classname="ds.subset_arg_test_errors" name="subset_erros" time="0.00499999999999545"/>
  </testsuite>
  <testsuite errors="0" failures="0" hostname="fv-az14" name="ds.summary::arg::test errors" skipped="0" tests="1" time="4.832" timestamp="2020-10-23T10:55:52Z">
    <testcase classname="ds.summary_arg_test_errors" name="summary_erros" time="4.83199999999999"/>
  </testsuite>
  <testsuite errors="0" failures="0" hostname="fv-az14" name="ds.table1D::arg::test errors" skipped="0" tests="4" time="6.19" timestamp="2020-10-23T10:55:57Z">
    <testcase classname="ds.table1D_arg_test_errors" name="table1D_erros" time="4.86900000000003"/>
    <testcase classname="ds.table1D_arg_test_errors" name="table1D_erros" time="0.00499999999999545"/>
    <testcase classname="ds.table1D_arg_test_errors" name="table1D_erros" time="0.0659999999999741"/>
    <testcase classname="ds.table1D_arg_test_errors" name="table1D_erros" time="1.25"/>
  </testsuite>
  <testsuite errors="0" failures="0" hostname="fv-az14" name="ds.table2D::arg::test errors" skipped="0" tests="2" time="4.91" timestamp="2020-10-23T10:56:03Z">
    <testcase classname="ds.table2D_arg_test_errors" name="table2D_erros" time="4.90600000000001"/>
    <testcase classname="ds.table2D_arg_test_errors" name="table2D_erros" time="0.0040000000000191"/>
  </testsuite>
  <testsuite errors="0" failures="0" hostname="fv-az14" name="ds.table::arg::test rvar has value" skipped="0" tests="1" time="4.885" timestamp="2020-10-23T10:56:08Z">
    <testcase classname="ds.table_arg_test_rvar_has_value" name="table_rvar_has_value" time="4.88499999999999"/>
  </testsuite>
  <testsuite errors="0" failures="0" hostname="fv-az14" name="ds.table::arg::test cvar has value" skipped="0" tests="1" time="1.023" timestamp="2020-10-23T10:56:08Z">
    <testcase classname="ds.table_arg_test_cvar_has_value" name="table_cvar_has_value" time="1.02300000000002"/>
  </testsuite>
  <testsuite errors="0" failures="0" hostname="fv-az14" name="ds.table::arg::test stvar has value" skipped="0" tests="1" time="0.005" timestamp="2020-10-23T10:56:09Z">
    <testcase classname="ds.table_arg_test_stvar_has_value" name="table_stvar_has_value" time="0.00499999999999545"/>
  </testsuite>
  <testsuite errors="0" failures="0" hostname="fv-az14" name="ds.table::arg::test stvar has CORRECT value" skipped="0" tests="1" time="0.005" timestamp="2020-10-23T10:56:09Z">
    <testcase classname="ds.table_arg_test_stvar_has_CORRECT_value" name="table_useNA_has_value" time="0.00499999999999545"/>
  </testsuite>
  <testsuite errors="0" failures="0" hostname="fv-az14" name="ds.table::arg::test force.nfilter has value" skipped="0" tests="1" time="0.005" timestamp="2020-10-23T10:56:09Z">
    <testcase classname="ds.table_arg_test_force.nfilter_has_value" name="table_force.nfilter_has_value" time="0.00499999999999545"/>
  </testsuite>
  <testsuite errors="0" failures="0" hostname="fv-az14" name="ds.tapply.assign::arg::test errors" skipped="0" tests="8" time="4.926" timestamp="2020-10-23T10:56:14Z">
    <testcase classname="ds.tapply.assign_arg_test_errors" name="tapply_erros" time="4.87"/>
    <testcase classname="ds.tapply.assign_arg_test_errors" name="tapply_erros" time="0.000999999999976353"/>
    <testcase classname="ds.tapply.assign_arg_test_errors" name="tapply_erros" time="0.0480000000000018"/>
    <testcase classname="ds.tapply.assign_arg_test_errors" name="tapply_erros" time="0.00200000000000955"/>
    <testcase classname="ds.tapply.assign_arg_test_errors" name="tapply_erros" time="0.0010000000000332"/>
    <testcase classname="ds.tapply.assign_arg_test_errors" name="tapply_erros" time="0.000999999999976353"/>
    <testcase classname="ds.tapply.assign_arg_test_errors" name="tapply_erros" time="0.00200000000000955"/>
    <testcase classname="ds.tapply.assign_arg_test_errors" name="tapply_erros" time="0.000999999999976353"/>
  </testsuite>
  <testsuite errors="0" failures="0" hostname="fv-az14" name="ds.tapply::arg::test errors" skipped="0" tests="8" time="4.857" timestamp="2020-10-23T10:56:19Z">
    <testcase classname="ds.tapply_arg_test_errors" name="tapply_erros" time="4.83500000000004"/>
    <testcase classname="ds.tapply_arg_test_errors" name="tapply_erros" time="0.000999999999976353"/>
    <testcase classname="ds.tapply_arg_test_errors" name="tapply_erros" time="0.0160000000000196"/>
    <testcase classname="ds.tapply_arg_test_errors" name="tapply_erros" time="0.000999999999976353"/>
    <testcase classname="ds.tapply_arg_test_errors" name="tapply_erros" time="0.000999999999976353"/>
    <testcase classname="ds.tapply_arg_test_errors" name="tapply_erros" time="0.0010000000000332"/>
    <testcase classname="ds.tapply_arg_test_errors" name="tapply_erros" time="0.000999999999976353"/>
    <testcase classname="ds.tapply_arg_test_errors" name="tapply_erros" time="0.0010000000000332"/>
  </testsuite>
  <testsuite errors="0" failures="0" hostname="fv-az14" name="ds.testObjExists::arg::test errors" skipped="0" tests="1" time="4.838" timestamp="2020-10-23T10:56:24Z">
    <testcase classname="ds.testObjExists_arg_test_errors" name="testObjExists_erros" time="4.83799999999997"/>
  </testsuite>
  <testsuite errors="0" failures="0" hostname="fv-az14" name="ds.unList::arg::test errors" skipped="0" tests="1" time="4.841" timestamp="2020-10-23T10:56:29Z">
    <testcase classname="ds.unList_arg_test_errors" name="unList_erros" time="4.84100000000001"/>
  </testsuite>
  <testsuite errors="0" failures="0" hostname="fv-az14" name="ds.var::arg::test errors" skipped="0" tests="2" time="6.708" timestamp="2020-10-23T10:56:33Z">
    <testcase classname="ds.var_arg_test_errors" name="var_erros" time="5.66399999999999"/>
    <testcase classname="ds.var_arg_test_errors" name="var_erros" time="1.04400000000004"/>
  </testsuite>
  <testsuite errors="0" failures="0" hostname="fv-az14" name="ds.vectorCalc::arg::test errors" skipped="0" tests="2" time="4.84" timestamp="2020-10-23T10:56:40Z">
    <testcase classname="ds.vectorCalc_arg_test_errors" name="ds.vectorCalc_erros" time="4.83599999999996"/>
    <testcase classname="ds.vectorCalc_arg_test_errors" name="ds.vectorCalc_erros" time="0.0040000000000191"/>
  </testsuite>
  <testsuite errors="0" failures="0" hostname="fv-az14" name="ANTHRO::datachk::setup" skipped="0" tests="3" time="5.059" timestamp="2020-10-23T10:56:41Z">
    <testcase classname="ANTHRO_datachk_setup" name="setup" time="5.05700000000002"/>
    <testcase classname="ANTHRO_datachk_setup" name="setup" time="0.000999999999976353"/>
    <testcase classname="ANTHRO_datachk_setup" name="setup" time="0.0010000000000332"/>
  </testsuite>
  <testsuite errors="0" failures="0" hostname="fv-az14" name="ANTHRO::datachk" skipped="0" tests="102" time="6.31" timestamp="2020-10-23T10:56:45Z">
    <testcase classname="ANTHRO_datachk" name="Check_ANTHRO_dataset" time="0.545999999999992"/>
    <testcase classname="ANTHRO_datachk" name="Check_ANTHRO_dataset" time="0.00200000000000955"/>
    <testcase classname="ANTHRO_datachk" name="Check_ANTHRO_dataset" time="0.000999999999976353"/>
    <testcase classname="ANTHRO_datachk" name="Check_ANTHRO_dataset" time="0.0010000000000332"/>
    <testcase classname="ANTHRO_datachk" name="Check_ANTHRO_dataset" time="0.000999999999976353"/>
    <testcase classname="ANTHRO_datachk" name="Check_ANTHRO_dataset" time="0.000999999999976353"/>
    <testcase classname="ANTHRO_datachk" name="Check_ANTHRO_dataset" time="0.0010000000000332"/>
    <testcase classname="ANTHRO_datachk" name="Check_ANTHRO_dataset" time="0.27600000000001"/>
    <testcase classname="ANTHRO_datachk" name="Check_ANTHRO_dataset" time="0.000999999999976353"/>
    <testcase classname="ANTHRO_datachk" name="Check_ANTHRO_dataset" time="0.00200000000000955"/>
    <testcase classname="ANTHRO_datachk" name="Check_ANTHRO_dataset" time="0.000999999999976353"/>
    <testcase classname="ANTHRO_datachk" name="Check_ANTHRO_dataset" time="0.0010000000000332"/>
    <testcase classname="ANTHRO_datachk" name="Check_ANTHRO_dataset" time="0.000999999999976353"/>
    <testcase classname="ANTHRO_datachk" name="Check_ANTHRO_dataset" time="0.000999999999976353"/>
    <testcase classname="ANTHRO_datachk" name="Check_ANTHRO_dataset" time="0.0010000000000332"/>
    <testcase classname="ANTHRO_datachk" name="Check_ANTHRO_dataset" time="1.233"/>
    <testcase classname="ANTHRO_datachk" name="Check_ANTHRO_dataset" time="0.000999999999976353"/>
    <testcase classname="ANTHRO_datachk" name="Check_ANTHRO_dataset" time="0.000999999999976353"/>
    <testcase classname="ANTHRO_datachk" name="Check_ANTHRO_dataset" time="0.000999999999976353"/>
    <testcase classname="ANTHRO_datachk" name="Check_ANTHRO_dataset" time="0.00200000000000955"/>
    <testcase classname="ANTHRO_datachk" name="Check_ANTHRO_dataset" time="0.0010000000000332"/>
    <testcase classname="ANTHRO_datachk" name="Check_ANTHRO_dataset" time="0.000999999999976353"/>
    <testcase classname="ANTHRO_datachk" name="Check_ANTHRO_dataset" time="0.533000000000015"/>
    <testcase classname="ANTHRO_datachk" name="Check_ANTHRO_dataset" time="0.000999999999976353"/>
    <testcase classname="ANTHRO_datachk" name="Check_ANTHRO_dataset" time="0.00200000000000955"/>
    <testcase classname="ANTHRO_datachk" name="Check_ANTHRO_dataset" time="0.0010000000000332"/>
    <testcase classname="ANTHRO_datachk" name="Check_ANTHRO_dataset" time="0.000999999999976353"/>
    <testcase classname="ANTHRO_datachk" name="Check_ANTHRO_dataset" time="0.00200000000000955"/>
    <testcase classname="ANTHRO_datachk" name="Check_ANTHRO_dataset" time="0.000999999999976353"/>
    <testcase classname="ANTHRO_datachk" name="Check_ANTHRO_dataset" time="0.281000000000006"/>
    <testcase classname="ANTHRO_datachk" name="Check_ANTHRO_dataset" time="0.00200000000000955"/>
    <testcase classname="ANTHRO_datachk" name="Check_ANTHRO_dataset" time="0.000999999999976353"/>
    <testcase classname="ANTHRO_datachk" name="Check_ANTHRO_dataset" time="0.00200000000000955"/>
    <testcase classname="ANTHRO_datachk" name="Check_ANTHRO_dataset" time="0.00200000000000955"/>
    <testcase classname="ANTHRO_datachk" name="Check_ANTHRO_dataset" time="0.00200000000000955"/>
    <testcase classname="ANTHRO_datachk" name="Check_ANTHRO_dataset" time="0.00200000000000955"/>
    <testcase classname="ANTHRO_datachk" name="Check_ANTHRO_dataset" time="0.00200000000000955"/>
    <testcase classname="ANTHRO_datachk" name="Check_ANTHRO_dataset" time="0.00199999999995271"/>
    <testcase classname="ANTHRO_datachk" name="Check_ANTHRO_dataset" time="0.543000000000006"/>
    <testcase classname="ANTHRO_datachk" name="Check_ANTHRO_dataset" time="0.00200000000000955"/>
    <testcase classname="ANTHRO_datachk" name="Check_ANTHRO_dataset" time="0.00200000000000955"/>
    <testcase classname="ANTHRO_datachk" name="Check_ANTHRO_dataset" time="0.00200000000000955"/>
    <testcase classname="ANTHRO_datachk" name="Check_ANTHRO_dataset" time="0.00200000000000955"/>
    <testcase classname="ANTHRO_datachk" name="Check_ANTHRO_dataset" time="0.00199999999995271"/>
    <testcase classname="ANTHRO_datachk" name="Check_ANTHRO_dataset" time="0.00200000000000955"/>
    <testcase classname="ANTHRO_datachk" name="Check_ANTHRO_dataset" time="0.270000000000039"/>
    <testcase classname="ANTHRO_datachk" name="Check_ANTHRO_dataset" time="0.00199999999995271"/>
    <testcase classname="ANTHRO_datachk" name="Check_ANTHRO_dataset" time="0.00200000000000955"/>
    <testcase classname="ANTHRO_datachk" name="Check_ANTHRO_dataset" time="0.0010000000000332"/>
    <testcase classname="ANTHRO_datachk" name="Check_ANTHRO_dataset" time="0.00199999999995271"/>
    <testcase classname="ANTHRO_datachk" name="Check_ANTHRO_dataset" time="0.00200000000000955"/>
    <testcase classname="ANTHRO_datachk" name="Check_ANTHRO_dataset" time="0.00200000000000955"/>
    <testcase classname="ANTHRO_datachk" name="Check_ANTHRO_dataset" time="0.00200000000000955"/>
    <testcase classname="ANTHRO_datachk" name="Check_ANTHRO_dataset" time="0.00200000000000955"/>
    <testcase classname="ANTHRO_datachk" name="Check_ANTHRO_dataset" time="0.546999999999969"/>
    <testcase classname="ANTHRO_datachk" name="Check_ANTHRO_dataset" time="0.00200000000000955"/>
    <testcase classname="ANTHRO_datachk" name="Check_ANTHRO_dataset" time="0.0029999999999859"/>
    <testcase classname="ANTHRO_datachk" name="Check_ANTHRO_dataset" time="0.00200000000000955"/>
    <testcase classname="ANTHRO_datachk" name="Check_ANTHRO_dataset" time="0.00200000000000955"/>
    <testcase classname="ANTHRO_datachk" name="Check_ANTHRO_dataset" time="0.00200000000000955"/>
    <testcase classname="ANTHRO_datachk" name="Check_ANTHRO_dataset" time="0.00200000000000955"/>
    <testcase classname="ANTHRO_datachk" name="Check_ANTHRO_dataset" time="0.272999999999968"/>
    <testcase classname="ANTHRO_datachk" name="Check_ANTHRO_dataset" time="0.00200000000000955"/>
    <testcase classname="ANTHRO_datachk" name="Check_ANTHRO_dataset" time="0.00200000000000955"/>
    <testcase classname="ANTHRO_datachk" name="Check_ANTHRO_dataset" time="0.0029999999999859"/>
    <testcase classname="ANTHRO_datachk" name="Check_ANTHRO_dataset" time="0.00200000000000955"/>
    <testcase classname="ANTHRO_datachk" name="Check_ANTHRO_dataset" time="0.00200000000000955"/>
    <testcase classname="ANTHRO_datachk" name="Check_ANTHRO_dataset" time="0.00200000000000955"/>
    <testcase classname="ANTHRO_datachk" name="Check_ANTHRO_dataset" time="0.00200000000000955"/>
    <testcase classname="ANTHRO_datachk" name="Check_ANTHRO_dataset" time="0.00199999999995271"/>
    <testcase classname="ANTHRO_datachk" name="Check_ANTHRO_dataset" time="0.543000000000006"/>
    <testcase classname="ANTHRO_datachk" name="Check_ANTHRO_dataset" time="0.00300000000004275"/>
    <testcase classname="ANTHRO_datachk" name="Check_ANTHRO_dataset" time="0.00199999999995271"/>
    <testcase classname="ANTHRO_datachk" name="Check_ANTHRO_dataset" time="0.00200000000000955"/>
    <testcase classname="ANTHRO_datachk" name="Check_ANTHRO_dataset" time="0.00200000000000955"/>
    <testcase classname="ANTHRO_datachk" name="Check_ANTHRO_dataset" time="0.00200000000000955"/>
    <testcase classname="ANTHRO_datachk" name="Check_ANTHRO_dataset" time="0.00200000000000955"/>
    <testcase classname="ANTHRO_datachk" name="Check_ANTHRO_dataset" time="0.273000000000025"/>
    <testcase classname="ANTHRO_datachk" name="Check_ANTHRO_dataset" time="0.0029999999999859"/>
    <testcase classname="ANTHRO_datachk" name="Check_ANTHRO_dataset" time="0.00200000000000955"/>
    <testcase classname="ANTHRO_datachk" name="Check_ANTHRO_dataset" time="0.0029999999999859"/>
    <testcase classname="ANTHRO_datachk" name="Check_ANTHRO_dataset" time="0.00200000000000955"/>
    <testcase classname="ANTHRO_datachk" name="Check_ANTHRO_dataset" time="0.0029999999999859"/>
    <testcase classname="ANTHRO_datachk" name="Check_ANTHRO_dataset" time="0.00200000000000955"/>
    <testcase classname="ANTHRO_datachk" name="Check_ANTHRO_dataset" time="0.0029999999999859"/>
    <testcase classname="ANTHRO_datachk" name="Check_ANTHRO_dataset" time="0.0029999999999859"/>
    <testcase classname="ANTHRO_datachk" name="Check_ANTHRO_dataset" time="0.538000000000011"/>
    <testcase classname="ANTHRO_datachk" name="Check_ANTHRO_dataset" time="0.0029999999999859"/>
    <testcase classname="ANTHRO_datachk" name="Check_ANTHRO_dataset" time="0.00200000000000955"/>
    <testcase classname="ANTHRO_datachk" name="Check_ANTHRO_dataset" time="0.00300000000004275"/>
    <testcase classname="ANTHRO_datachk" name="Check_ANTHRO_dataset" time="0.0029999999999859"/>
    <testcase classname="ANTHRO_datachk" name="Check_ANTHRO_dataset" time="0.00900000000001455"/>
    <testcase classname="ANTHRO_datachk" name="Check_ANTHRO_dataset" time="0.00199999999995271"/>
    <testcase classname="ANTHRO_datachk" name="Check_ANTHRO_dataset" time="0.275000000000034"/>
    <testcase classname="ANTHRO_datachk" name="Check_ANTHRO_dataset" time="0.0029999999999859"/>
    <testcase classname="ANTHRO_datachk" name="Check_ANTHRO_dataset" time="0.00200000000000955"/>
    <testcase classname="ANTHRO_datachk" name="Check_ANTHRO_dataset" time="0.0029999999999859"/>
    <testcase classname="ANTHRO_datachk" name="Check_ANTHRO_dataset" time="0.0029999999999859"/>
    <testcase classname="ANTHRO_datachk" name="Check_ANTHRO_dataset" time="0.00200000000000955"/>
    <testcase classname="ANTHRO_datachk" name="Check_ANTHRO_dataset" time="0.00200000000000955"/>
    <testcase classname="ANTHRO_datachk" name="Check_ANTHRO_dataset" time="0.0029999999999859"/>
    <testcase classname="ANTHRO_datachk" name="Check_ANTHRO_dataset" time="0.0029999999999859"/>
  </testsuite>
  <testsuite errors="0" failures="0" hostname="fv-az14" name="ANTHRO::datachk::shutdown" skipped="0" tests="3" time="0.284" timestamp="2020-10-23T10:56:51Z">
    <testcase classname="ANTHRO_datachk_shutdown" name="shutdown" time="0.282000000000039"/>
    <testcase classname="ANTHRO_datachk_shutdown" name="shutdown" time="0.000999999999976353"/>
    <testcase classname="ANTHRO_datachk_shutdown" name="shutdown" time="0.0010000000000332"/>
  </testsuite>
  <testsuite errors="0" failures="0" hostname="fv-az14" name="ANTHRO::datachk::done" skipped="0" tests="0" time="0" timestamp="2020-10-23T10:56:52Z"/>
  <testsuite errors="0" failures="0" hostname="fv-az14" name="CLUSTER_INT::datachk::setup" skipped="0" tests="3" time="5.131" timestamp="2020-10-23T10:56:52Z">
    <testcase classname="CLUSTER_INT_datachk_setup" name="setup" time="5.12799999999999"/>
    <testcase classname="CLUSTER_INT_datachk_setup" name="setup" time="0.00200000000000955"/>
    <testcase classname="CLUSTER_INT_datachk_setup" name="setup" time="0.000999999999976353"/>
  </testsuite>
  <testsuite errors="0" failures="0" hostname="fv-az14" name="CLUSTER_INT::datachk" skipped="0" tests="230" time="13.291" timestamp="2020-10-23T10:56:57Z">
    <testcase classname="CLUSTER_INT_datachk" name="Check_CLUSTER_INT_dataset" time="0.548000000000002"/>
    <testcase classname="CLUSTER_INT_datachk" name="Check_CLUSTER_INT_dataset" time="0.0010000000000332"/>
    <testcase classname="CLUSTER_INT_datachk" name="Check_CLUSTER_INT_dataset" time="0.000999999999976353"/>
    <testcase classname="CLUSTER_INT_datachk" name="Check_CLUSTER_INT_dataset" time="0.000999999999976353"/>
    <testcase classname="CLUSTER_INT_datachk" name="Check_CLUSTER_INT_dataset" time="0.0010000000000332"/>
    <testcase classname="CLUSTER_INT_datachk" name="Check_CLUSTER_INT_dataset" time="0.000999999999976353"/>
    <testcase classname="CLUSTER_INT_datachk" name="Check_CLUSTER_INT_dataset" time="0.0010000000000332"/>
    <testcase classname="CLUSTER_INT_datachk" name="Check_CLUSTER_INT_dataset" time="0.270999999999958"/>
    <testcase classname="CLUSTER_INT_datachk" name="Check_CLUSTER_INT_dataset" time="0.00200000000000955"/>
    <testcase classname="CLUSTER_INT_datachk" name="Check_CLUSTER_INT_dataset" time="0.0010000000000332"/>
    <testcase classname="CLUSTER_INT_datachk" name="Check_CLUSTER_INT_dataset" time="0.000999999999976353"/>
    <testcase classname="CLUSTER_INT_datachk" name="Check_CLUSTER_INT_dataset" time="0.00200000000000955"/>
    <testcase classname="CLUSTER_INT_datachk" name="Check_CLUSTER_INT_dataset" time="0.00200000000000955"/>
    <testcase classname="CLUSTER_INT_datachk" name="Check_CLUSTER_INT_dataset" time="0.000999999999976353"/>
    <testcase classname="CLUSTER_INT_datachk" name="Check_CLUSTER_INT_dataset" time="0.00200000000000955"/>
    <testcase classname="CLUSTER_INT_datachk" name="Check_CLUSTER_INT_dataset" time="1.233"/>
    <testcase classname="CLUSTER_INT_datachk" name="Check_CLUSTER_INT_dataset" time="0.00200000000000955"/>
    <testcase classname="CLUSTER_INT_datachk" name="Check_CLUSTER_INT_dataset" time="0.000999999999976353"/>
    <testcase classname="CLUSTER_INT_datachk" name="Check_CLUSTER_INT_dataset" time="0.00200000000000955"/>
    <testcase classname="CLUSTER_INT_datachk" name="Check_CLUSTER_INT_dataset" time="0.00200000000000955"/>
    <testcase classname="CLUSTER_INT_datachk" name="Check_CLUSTER_INT_dataset" time="0.00999999999999091"/>
    <testcase classname="CLUSTER_INT_datachk" name="Check_CLUSTER_INT_dataset" time="0.00200000000000955"/>
    <testcase classname="CLUSTER_INT_datachk" name="Check_CLUSTER_INT_dataset" time="0.551999999999964"/>
    <testcase classname="CLUSTER_INT_datachk" name="Check_CLUSTER_INT_dataset" time="0.00200000000000955"/>
    <testcase classname="CLUSTER_INT_datachk" name="Check_CLUSTER_INT_dataset" time="0.0010000000000332"/>
    <testcase classname="CLUSTER_INT_datachk" name="Check_CLUSTER_INT_dataset" time="0.00199999999995271"/>
    <testcase classname="CLUSTER_INT_datachk" name="Check_CLUSTER_INT_dataset" time="0.0010000000000332"/>
    <testcase classname="CLUSTER_INT_datachk" name="Check_CLUSTER_INT_dataset" time="0.00200000000000955"/>
    <testcase classname="CLUSTER_INT_datachk" name="Check_CLUSTER_INT_dataset" time="0.00200000000000955"/>
    <testcase classname="CLUSTER_INT_datachk" name="Check_CLUSTER_INT_dataset" time="0.272999999999968"/>
    <testcase classname="CLUSTER_INT_datachk" name="Check_CLUSTER_INT_dataset" time="0.0010000000000332"/>
    <testcase classname="CLUSTER_INT_datachk" name="Check_CLUSTER_INT_dataset" time="0.00199999999995271"/>
    <testcase classname="CLUSTER_INT_datachk" name="Check_CLUSTER_INT_dataset" time="0.0010000000000332"/>
    <testcase classname="CLUSTER_INT_datachk" name="Check_CLUSTER_INT_dataset" time="0.00200000000000955"/>
    <testcase classname="CLUSTER_INT_datachk" name="Check_CLUSTER_INT_dataset" time="0.00199999999995271"/>
    <testcase classname="CLUSTER_INT_datachk" name="Check_CLUSTER_INT_dataset" time="0.0010000000000332"/>
    <testcase classname="CLUSTER_INT_datachk" name="Check_CLUSTER_INT_dataset" time="0.00200000000000955"/>
    <testcase classname="CLUSTER_INT_datachk" name="Check_CLUSTER_INT_dataset" time="0.00200000000000955"/>
    <testcase classname="CLUSTER_INT_datachk" name="Check_CLUSTER_INT_dataset" time="0.537999999999954"/>
    <testcase classname="CLUSTER_INT_datachk" name="Check_CLUSTER_INT_dataset" time="0.00300000000004275"/>
    <testcase classname="CLUSTER_INT_datachk" name="Check_CLUSTER_INT_dataset" time="0.000999999999976353"/>
    <testcase classname="CLUSTER_INT_datachk" name="Check_CLUSTER_INT_dataset" time="0.00200000000000955"/>
    <testcase classname="CLUSTER_INT_datachk" name="Check_CLUSTER_INT_dataset" time="0.00200000000000955"/>
    <testcase classname="CLUSTER_INT_datachk" name="Check_CLUSTER_INT_dataset" time="0.000999999999976353"/>
    <testcase classname="CLUSTER_INT_datachk" name="Check_CLUSTER_INT_dataset" time="0.00200000000000955"/>
    <testcase classname="CLUSTER_INT_datachk" name="Check_CLUSTER_INT_dataset" time="0.27600000000001"/>
    <testcase classname="CLUSTER_INT_datachk" name="Check_CLUSTER_INT_dataset" time="0.00200000000000955"/>
    <testcase classname="CLUSTER_INT_datachk" name="Check_CLUSTER_INT_dataset" time="0.0029999999999859"/>
    <testcase classname="CLUSTER_INT_datachk" name="Check_CLUSTER_INT_dataset" time="0.000999999999976353"/>
    <testcase classname="CLUSTER_INT_datachk" name="Check_CLUSTER_INT_dataset" time="0.00200000000000955"/>
    <testcase classname="CLUSTER_INT_datachk" name="Check_CLUSTER_INT_dataset" time="0.00200000000000955"/>
    <testcase classname="CLUSTER_INT_datachk" name="Check_CLUSTER_INT_dataset" time="0.00200000000000955"/>
    <testcase classname="CLUSTER_INT_datachk" name="Check_CLUSTER_INT_dataset" time="0.00200000000000955"/>
    <testcase classname="CLUSTER_INT_datachk" name="Check_CLUSTER_INT_dataset" time="0.00199999999995271"/>
    <testcase classname="CLUSTER_INT_datachk" name="Check_CLUSTER_INT_dataset" time="0.545000000000016"/>
    <testcase classname="CLUSTER_INT_datachk" name="Check_CLUSTER_INT_dataset" time="0.0029999999999859"/>
    <testcase classname="CLUSTER_INT_datachk" name="Check_CLUSTER_INT_dataset" time="0.0010000000000332"/>
    <testcase classname="CLUSTER_INT_datachk" name="Check_CLUSTER_INT_dataset" time="0.00200000000000955"/>
    <testcase classname="CLUSTER_INT_datachk" name="Check_CLUSTER_INT_dataset" time="0.00199999999995271"/>
    <testcase classname="CLUSTER_INT_datachk" name="Check_CLUSTER_INT_dataset" time="0.00200000000000955"/>
    <testcase classname="CLUSTER_INT_datachk" name="Check_CLUSTER_INT_dataset" time="0.00200000000000955"/>
    <testcase classname="CLUSTER_INT_datachk" name="Check_CLUSTER_INT_dataset" time="0.268000000000029"/>
    <testcase classname="CLUSTER_INT_datachk" name="Check_CLUSTER_INT_dataset" time="0.00199999999995271"/>
    <testcase classname="CLUSTER_INT_datachk" name="Check_CLUSTER_INT_dataset" time="0.00200000000000955"/>
    <testcase classname="CLUSTER_INT_datachk" name="Check_CLUSTER_INT_dataset" time="0.00200000000000955"/>
    <testcase classname="CLUSTER_INT_datachk" name="Check_CLUSTER_INT_dataset" time="0.00200000000000955"/>
    <testcase classname="CLUSTER_INT_datachk" name="Check_CLUSTER_INT_dataset" time="0.00200000000000955"/>
    <testcase classname="CLUSTER_INT_datachk" name="Check_CLUSTER_INT_dataset" time="0.00200000000000955"/>
    <testcase classname="CLUSTER_INT_datachk" name="Check_CLUSTER_INT_dataset" time="0.00199999999995271"/>
    <testcase classname="CLUSTER_INT_datachk" name="Check_CLUSTER_INT_dataset" time="0.00200000000000955"/>
    <testcase classname="CLUSTER_INT_datachk" name="Check_CLUSTER_INT_dataset" time="0.545999999999992"/>
    <testcase classname="CLUSTER_INT_datachk" name="Check_CLUSTER_INT_dataset" time="0.00300000000004275"/>
    <testcase classname="CLUSTER_INT_datachk" name="Check_CLUSTER_INT_dataset" time="0.00199999999995271"/>
    <testcase classname="CLUSTER_INT_datachk" name="Check_CLUSTER_INT_dataset" time="0.00200000000000955"/>
    <testcase classname="CLUSTER_INT_datachk" name="Check_CLUSTER_INT_dataset" time="0.00200000000000955"/>
    <testcase classname="CLUSTER_INT_datachk" name="Check_CLUSTER_INT_dataset" time="0.0029999999999859"/>
    <testcase classname="CLUSTER_INT_datachk" name="Check_CLUSTER_INT_dataset" time="0.00200000000000955"/>
    <testcase classname="CLUSTER_INT_datachk" name="Check_CLUSTER_INT_dataset" time="0.270000000000039"/>
    <testcase classname="CLUSTER_INT_datachk" name="Check_CLUSTER_INT_dataset" time="0.0029999999999859"/>
    <testcase classname="CLUSTER_INT_datachk" name="Check_CLUSTER_INT_dataset" time="0.00200000000000955"/>
    <testcase classname="CLUSTER_INT_datachk" name="Check_CLUSTER_INT_dataset" time="0.00199999999995271"/>
    <testcase classname="CLUSTER_INT_datachk" name="Check_CLUSTER_INT_dataset" time="0.00300000000004275"/>
    <testcase classname="CLUSTER_INT_datachk" name="Check_CLUSTER_INT_dataset" time="0.00199999999995271"/>
    <testcase classname="CLUSTER_INT_datachk" name="Check_CLUSTER_INT_dataset" time="0.00300000000004275"/>
    <testcase classname="CLUSTER_INT_datachk" name="Check_CLUSTER_INT_dataset" time="0.00200000000000955"/>
    <testcase classname="CLUSTER_INT_datachk" name="Check_CLUSTER_INT_dataset" time="0.0029999999999859"/>
    <testcase classname="CLUSTER_INT_datachk" name="Check_CLUSTER_INT_dataset" time="0.536000000000001"/>
    <testcase classname="CLUSTER_INT_datachk" name="Check_CLUSTER_INT_dataset" time="0.00200000000000955"/>
    <testcase classname="CLUSTER_INT_datachk" name="Check_CLUSTER_INT_dataset" time="0.0029999999999859"/>
    <testcase classname="CLUSTER_INT_datachk" name="Check_CLUSTER_INT_dataset" time="0.00200000000000955"/>
    <testcase classname="CLUSTER_INT_datachk" name="Check_CLUSTER_INT_dataset" time="0.0029999999999859"/>
    <testcase classname="CLUSTER_INT_datachk" name="Check_CLUSTER_INT_dataset" time="0.00200000000000955"/>
    <testcase classname="CLUSTER_INT_datachk" name="Check_CLUSTER_INT_dataset" time="0.00200000000000955"/>
    <testcase classname="CLUSTER_INT_datachk" name="Check_CLUSTER_INT_dataset" time="0.275999999999954"/>
    <testcase classname="CLUSTER_INT_datachk" name="Check_CLUSTER_INT_dataset" time="0.00300000000004275"/>
    <testcase classname="CLUSTER_INT_datachk" name="Check_CLUSTER_INT_dataset" time="0.00299999999992906"/>
    <testcase classname="CLUSTER_INT_datachk" name="Check_CLUSTER_INT_dataset" time="0.00200000000006639"/>
    <testcase classname="CLUSTER_INT_datachk" name="Check_CLUSTER_INT_dataset" time="0.00300000000004275"/>
    <testcase classname="CLUSTER_INT_datachk" name="Check_CLUSTER_INT_dataset" time="0.00199999999995271"/>
    <testcase classname="CLUSTER_INT_datachk" name="Check_CLUSTER_INT_dataset" time="0.00300000000004275"/>
    <testcase classname="CLUSTER_INT_datachk" name="Check_CLUSTER_INT_dataset" time="0.00299999999992906"/>
    <testcase classname="CLUSTER_INT_datachk" name="Check_CLUSTER_INT_dataset" time="0.00200000000006639"/>
    <testcase classname="CLUSTER_INT_datachk" name="Check_CLUSTER_INT_dataset" time="0.535999999999945"/>
    <testcase classname="CLUSTER_INT_datachk" name="Check_CLUSTER_INT_dataset" time="0.00300000000004275"/>
    <testcase classname="CLUSTER_INT_datachk" name="Check_CLUSTER_INT_dataset" time="0.00300000000004275"/>
    <testcase classname="CLUSTER_INT_datachk" name="Check_CLUSTER_INT_dataset" time="0.00299999999992906"/>
    <testcase classname="CLUSTER_INT_datachk" name="Check_CLUSTER_INT_dataset" time="0.00200000000006639"/>
    <testcase classname="CLUSTER_INT_datachk" name="Check_CLUSTER_INT_dataset" time="0.00299999999992906"/>
    <testcase classname="CLUSTER_INT_datachk" name="Check_CLUSTER_INT_dataset" time="0.00300000000004275"/>
    <testcase classname="CLUSTER_INT_datachk" name="Check_CLUSTER_INT_dataset" time="0.271999999999935"/>
    <testcase classname="CLUSTER_INT_datachk" name="Check_CLUSTER_INT_dataset" time="0.00300000000004275"/>
    <testcase classname="CLUSTER_INT_datachk" name="Check_CLUSTER_INT_dataset" time="0.00300000000004275"/>
    <testcase classname="CLUSTER_INT_datachk" name="Check_CLUSTER_INT_dataset" time="0.00299999999992906"/>
    <testcase classname="CLUSTER_INT_datachk" name="Check_CLUSTER_INT_dataset" time="0.00300000000004275"/>
    <testcase classname="CLUSTER_INT_datachk" name="Check_CLUSTER_INT_dataset" time="0.00199999999995271"/>
    <testcase classname="CLUSTER_INT_datachk" name="Check_CLUSTER_INT_dataset" time="0.00300000000004275"/>
    <testcase classname="CLUSTER_INT_datachk" name="Check_CLUSTER_INT_dataset" time="0.00300000000004275"/>
    <testcase classname="CLUSTER_INT_datachk" name="Check_CLUSTER_INT_dataset" time="0.00299999999992906"/>
    <testcase classname="CLUSTER_INT_datachk" name="Check_CLUSTER_INT_dataset" time="0.547000000000025"/>
    <testcase classname="CLUSTER_INT_datachk" name="Check_CLUSTER_INT_dataset" time="0.0040000000000191"/>
    <testcase classname="CLUSTER_INT_datachk" name="Check_CLUSTER_INT_dataset" time="0.00299999999992906"/>
    <testcase classname="CLUSTER_INT_datachk" name="Check_CLUSTER_INT_dataset" time="0.00300000000004275"/>
    <testcase classname="CLUSTER_INT_datachk" name="Check_CLUSTER_INT_dataset" time="0.00300000000004275"/>
    <testcase classname="CLUSTER_INT_datachk" name="Check_CLUSTER_INT_dataset" time="0.00399999999990541"/>
    <testcase classname="CLUSTER_INT_datachk" name="Check_CLUSTER_INT_dataset" time="0.00300000000004275"/>
    <testcase classname="CLUSTER_INT_datachk" name="Check_CLUSTER_INT_dataset" time="0.281000000000063"/>
    <testcase classname="CLUSTER_INT_datachk" name="Check_CLUSTER_INT_dataset" time="0.00299999999992906"/>
    <testcase classname="CLUSTER_INT_datachk" name="Check_CLUSTER_INT_dataset" time="0.0040000000000191"/>
    <testcase classname="CLUSTER_INT_datachk" name="Check_CLUSTER_INT_dataset" time="0.00300000000004275"/>
    <testcase classname="CLUSTER_INT_datachk" name="Check_CLUSTER_INT_dataset" time="0.00299999999992906"/>
    <testcase classname="CLUSTER_INT_datachk" name="Check_CLUSTER_INT_dataset" time="0.00300000000004275"/>
    <testcase classname="CLUSTER_INT_datachk" name="Check_CLUSTER_INT_dataset" time="0.00300000000004275"/>
    <testcase classname="CLUSTER_INT_datachk" name="Check_CLUSTER_INT_dataset" time="0.00299999999992906"/>
    <testcase classname="CLUSTER_INT_datachk" name="Check_CLUSTER_INT_dataset" time="0.00200000000006639"/>
    <testcase classname="CLUSTER_INT_datachk" name="Check_CLUSTER_INT_dataset" time="0.54099999999994"/>
    <testcase classname="CLUSTER_INT_datachk" name="Check_CLUSTER_INT_dataset" time="0.00300000000004275"/>
    <testcase classname="CLUSTER_INT_datachk" name="Check_CLUSTER_INT_dataset" time="0.0040000000000191"/>
    <testcase classname="CLUSTER_INT_datachk" name="Check_CLUSTER_INT_dataset" time="0.00299999999992906"/>
    <testcase classname="CLUSTER_INT_datachk" name="Check_CLUSTER_INT_dataset" time="0.00300000000004275"/>
    <testcase classname="CLUSTER_INT_datachk" name="Check_CLUSTER_INT_dataset" time="0.00299999999992906"/>
    <testcase classname="CLUSTER_INT_datachk" name="Check_CLUSTER_INT_dataset" time="0.00300000000004275"/>
    <testcase classname="CLUSTER_INT_datachk" name="Check_CLUSTER_INT_dataset" time="0.274000000000001"/>
    <testcase classname="CLUSTER_INT_datachk" name="Check_CLUSTER_INT_dataset" time="0.0040000000000191"/>
    <testcase classname="CLUSTER_INT_datachk" name="Check_CLUSTER_INT_dataset" time="0.0040000000000191"/>
    <testcase classname="CLUSTER_INT_datachk" name="Check_CLUSTER_INT_dataset" time="0.0040000000000191"/>
    <testcase classname="CLUSTER_INT_datachk" name="Check_CLUSTER_INT_dataset" time="0.00399999999990541"/>
    <testcase classname="CLUSTER_INT_datachk" name="Check_CLUSTER_INT_dataset" time="0.00499999999999545"/>
    <testcase classname="CLUSTER_INT_datachk" name="Check_CLUSTER_INT_dataset" time="0.0040000000000191"/>
    <testcase classname="CLUSTER_INT_datachk" name="Check_CLUSTER_INT_dataset" time="0.00300000000004275"/>
    <testcase classname="CLUSTER_INT_datachk" name="Check_CLUSTER_INT_dataset" time="0.00499999999999545"/>
    <testcase classname="CLUSTER_INT_datachk" name="Check_CLUSTER_INT_dataset" time="0.539999999999964"/>
    <testcase classname="CLUSTER_INT_datachk" name="Check_CLUSTER_INT_dataset" time="0.0040000000000191"/>
    <testcase classname="CLUSTER_INT_datachk" name="Check_CLUSTER_INT_dataset" time="0.0040000000000191"/>
    <testcase classname="CLUSTER_INT_datachk" name="Check_CLUSTER_INT_dataset" time="0.0040000000000191"/>
    <testcase classname="CLUSTER_INT_datachk" name="Check_CLUSTER_INT_dataset" time="0.00499999999999545"/>
    <testcase classname="CLUSTER_INT_datachk" name="Check_CLUSTER_INT_dataset" time="0.00499999999999545"/>
    <testcase classname="CLUSTER_INT_datachk" name="Check_CLUSTER_INT_dataset" time="0.00499999999999545"/>
    <testcase classname="CLUSTER_INT_datachk" name="Check_CLUSTER_INT_dataset" time="0.279999999999973"/>
    <testcase classname="CLUSTER_INT_datachk" name="Check_CLUSTER_INT_dataset" time="0.0040000000000191"/>
    <testcase classname="CLUSTER_INT_datachk" name="Check_CLUSTER_INT_dataset" time="0.00300000000004275"/>
    <testcase classname="CLUSTER_INT_datachk" name="Check_CLUSTER_INT_dataset" time="0.0040000000000191"/>
    <testcase classname="CLUSTER_INT_datachk" name="Check_CLUSTER_INT_dataset" time="0.00299999999992906"/>
    <testcase classname="CLUSTER_INT_datachk" name="Check_CLUSTER_INT_dataset" time="0.00300000000004275"/>
    <testcase classname="CLUSTER_INT_datachk" name="Check_CLUSTER_INT_dataset" time="0.00299999999992906"/>
    <testcase classname="CLUSTER_INT_datachk" name="Check_CLUSTER_INT_dataset" time="0.0040000000000191"/>
    <testcase classname="CLUSTER_INT_datachk" name="Check_CLUSTER_INT_dataset" time="0.0040000000000191"/>
    <testcase classname="CLUSTER_INT_datachk" name="Check_CLUSTER_INT_dataset" time="0.539999999999964"/>
    <testcase classname="CLUSTER_INT_datachk" name="Check_CLUSTER_INT_dataset" time="0.0040000000000191"/>
    <testcase classname="CLUSTER_INT_datachk" name="Check_CLUSTER_INT_dataset" time="0.0040000000000191"/>
    <testcase classname="CLUSTER_INT_datachk" name="Check_CLUSTER_INT_dataset" time="0.00300000000004275"/>
    <testcase classname="CLUSTER_INT_datachk" name="Check_CLUSTER_INT_dataset" time="0.00299999999992906"/>
    <testcase classname="CLUSTER_INT_datachk" name="Check_CLUSTER_INT_dataset" time="0.0040000000000191"/>
    <testcase classname="CLUSTER_INT_datachk" name="Check_CLUSTER_INT_dataset" time="0.0040000000000191"/>
    <testcase classname="CLUSTER_INT_datachk" name="Check_CLUSTER_INT_dataset" time="0.270999999999958"/>
    <testcase classname="CLUSTER_INT_datachk" name="Check_CLUSTER_INT_dataset" time="0.0040000000000191"/>
    <testcase classname="CLUSTER_INT_datachk" name="Check_CLUSTER_INT_dataset" time="0.00499999999999545"/>
    <testcase classname="CLUSTER_INT_datachk" name="Check_CLUSTER_INT_dataset" time="0.0040000000000191"/>
    <testcase classname="CLUSTER_INT_datachk" name="Check_CLUSTER_INT_dataset" time="0.0040000000000191"/>
    <testcase classname="CLUSTER_INT_datachk" name="Check_CLUSTER_INT_dataset" time="0.00499999999999545"/>
    <testcase classname="CLUSTER_INT_datachk" name="Check_CLUSTER_INT_dataset" time="0.0040000000000191"/>
    <testcase classname="CLUSTER_INT_datachk" name="Check_CLUSTER_INT_dataset" time="0.0040000000000191"/>
    <testcase classname="CLUSTER_INT_datachk" name="Check_CLUSTER_INT_dataset" time="0.00299999999992906"/>
    <testcase classname="CLUSTER_INT_datachk" name="Check_CLUSTER_INT_dataset" time="0.547000000000025"/>
    <testcase classname="CLUSTER_INT_datachk" name="Check_CLUSTER_INT_dataset" time="0.00300000000004275"/>
    <testcase classname="CLUSTER_INT_datachk" name="Check_CLUSTER_INT_dataset" time="0.00499999999999545"/>
    <testcase classname="CLUSTER_INT_datachk" name="Check_CLUSTER_INT_dataset" time="0.00299999999992906"/>
    <testcase classname="CLUSTER_INT_datachk" name="Check_CLUSTER_INT_dataset" time="0.0040000000000191"/>
    <testcase classname="CLUSTER_INT_datachk" name="Check_CLUSTER_INT_dataset" time="0.00499999999999545"/>
    <testcase classname="CLUSTER_INT_datachk" name="Check_CLUSTER_INT_dataset" time="0.0040000000000191"/>
    <testcase classname="CLUSTER_INT_datachk" name="Check_CLUSTER_INT_dataset" time="0.270999999999958"/>
    <testcase classname="CLUSTER_INT_datachk" name="Check_CLUSTER_INT_dataset" time="0.0040000000000191"/>
    <testcase classname="CLUSTER_INT_datachk" name="Check_CLUSTER_INT_dataset" time="0.00499999999999545"/>
    <testcase classname="CLUSTER_INT_datachk" name="Check_CLUSTER_INT_dataset" time="0.0040000000000191"/>
    <testcase classname="CLUSTER_INT_datachk" name="Check_CLUSTER_INT_dataset" time="0.00499999999999545"/>
    <testcase classname="CLUSTER_INT_datachk" name="Check_CLUSTER_INT_dataset" time="0.00499999999999545"/>
    <testcase classname="CLUSTER_INT_datachk" name="Check_CLUSTER_INT_dataset" time="0.00499999999999545"/>
    <testcase classname="CLUSTER_INT_datachk" name="Check_CLUSTER_INT_dataset" time="0.0040000000000191"/>
    <testcase classname="CLUSTER_INT_datachk" name="Check_CLUSTER_INT_dataset" time="0.0040000000000191"/>
    <testcase classname="CLUSTER_INT_datachk" name="Check_CLUSTER_INT_dataset" time="0.543000000000006"/>
    <testcase classname="CLUSTER_INT_datachk" name="Check_CLUSTER_INT_dataset" time="0.00499999999999545"/>
    <testcase classname="CLUSTER_INT_datachk" name="Check_CLUSTER_INT_dataset" time="0.0040000000000191"/>
    <testcase classname="CLUSTER_INT_datachk" name="Check_CLUSTER_INT_dataset" time="0.0040000000000191"/>
    <testcase classname="CLUSTER_INT_datachk" name="Check_CLUSTER_INT_dataset" time="0.00399999999990541"/>
    <testcase classname="CLUSTER_INT_datachk" name="Check_CLUSTER_INT_dataset" time="0.00499999999999545"/>
    <testcase classname="CLUSTER_INT_datachk" name="Check_CLUSTER_INT_dataset" time="0.0040000000000191"/>
    <testcase classname="CLUSTER_INT_datachk" name="Check_CLUSTER_INT_dataset" time="0.272000000000048"/>
    <testcase classname="CLUSTER_INT_datachk" name="Check_CLUSTER_INT_dataset" time="0.00499999999999545"/>
    <testcase classname="CLUSTER_INT_datachk" name="Check_CLUSTER_INT_dataset" time="0.0040000000000191"/>
    <testcase classname="CLUSTER_INT_datachk" name="Check_CLUSTER_INT_dataset" time="0.00499999999999545"/>
    <testcase classname="CLUSTER_INT_datachk" name="Check_CLUSTER_INT_dataset" time="0.0040000000000191"/>
    <testcase classname="CLUSTER_INT_datachk" name="Check_CLUSTER_INT_dataset" time="0.00399999999990541"/>
    <testcase classname="CLUSTER_INT_datachk" name="Check_CLUSTER_INT_dataset" time="0.00499999999999545"/>
    <testcase classname="CLUSTER_INT_datachk" name="Check_CLUSTER_INT_dataset" time="0.0040000000000191"/>
    <testcase classname="CLUSTER_INT_datachk" name="Check_CLUSTER_INT_dataset" time="0.0120000000000573"/>
    <testcase classname="CLUSTER_INT_datachk" name="Check_CLUSTER_INT_dataset" time="0.543999999999983"/>
    <testcase classname="CLUSTER_INT_datachk" name="Check_CLUSTER_INT_dataset" time="0.00499999999999545"/>
    <testcase classname="CLUSTER_INT_datachk" name="Check_CLUSTER_INT_dataset" time="0.00499999999999545"/>
    <testcase classname="CLUSTER_INT_datachk" name="Check_CLUSTER_INT_dataset" time="0.0040000000000191"/>
    <testcase classname="CLUSTER_INT_datachk" name="Check_CLUSTER_INT_dataset" time="0.00499999999999545"/>
    <testcase classname="CLUSTER_INT_datachk" name="Check_CLUSTER_INT_dataset" time="0.00499999999999545"/>
    <testcase classname="CLUSTER_INT_datachk" name="Check_CLUSTER_INT_dataset" time="0.00499999999999545"/>
    <testcase classname="CLUSTER_INT_datachk" name="Check_CLUSTER_INT_dataset" time="0.273000000000025"/>
    <testcase classname="CLUSTER_INT_datachk" name="Check_CLUSTER_INT_dataset" time="0.00499999999999545"/>
    <testcase classname="CLUSTER_INT_datachk" name="Check_CLUSTER_INT_dataset" time="0.00599999999997181"/>
    <testcase classname="CLUSTER_INT_datachk" name="Check_CLUSTER_INT_dataset" time="0.0040000000000191"/>
    <testcase classname="CLUSTER_INT_datachk" name="Check_CLUSTER_INT_dataset" time="0.00499999999999545"/>
    <testcase classname="CLUSTER_INT_datachk" name="Check_CLUSTER_INT_dataset" time="0.00499999999999545"/>
    <testcase classname="CLUSTER_INT_datachk" name="Check_CLUSTER_INT_dataset" time="0.00499999999999545"/>
    <testcase classname="CLUSTER_INT_datachk" name="Check_CLUSTER_INT_dataset" time="0.00499999999999545"/>
    <testcase classname="CLUSTER_INT_datachk" name="Check_CLUSTER_INT_dataset" time="0.00499999999999545"/>
  </testsuite>
  <testsuite errors="0" failures="0" hostname="fv-az14" name="CLUSTER_INT::datachk::shutdown" skipped="0" tests="3" time="0.286" timestamp="2020-10-23T10:57:10Z">
    <testcase classname="CLUSTER_INT_datachk_shutdown" name="shutdown" time="0.283999999999992"/>
    <testcase classname="CLUSTER_INT_datachk_shutdown" name="shutdown" time="0.000999999999976353"/>
    <testcase classname="CLUSTER_INT_datachk_shutdown" name="shutdown" time="0.00100000000009004"/>
  </testsuite>
  <testsuite errors="0" failures="0" hostname="fv-az14" name="CLUSTER_INT::datachk::done" skipped="0" tests="0" time="0" timestamp="2020-10-23T10:57:11Z"/>
  <testsuite errors="0" failures="0" hostname="fv-az14" name="CLUSTER_SLO::datachk::setup" skipped="0" tests="3" time="5.699" timestamp="2020-10-23T10:57:11Z">
    <testcase classname="CLUSTER_SLO_datachk_setup" name="setup" time="5.69599999999991"/>
    <testcase classname="CLUSTER_SLO_datachk_setup" name="setup" time="0.00200000000006639"/>
    <testcase classname="CLUSTER_SLO_datachk_setup" name="setup" time="0.000999999999976353"/>
  </testsuite>
  <testsuite errors="0" failures="0" hostname="fv-az14" name="CLUSTER_SLO::datachk" skipped="0" tests="230" time="13.344" timestamp="2020-10-23T10:57:16Z">
    <testcase classname="CLUSTER_SLO_datachk" name="Check_CLUSTER_SLO_dataset" time="0.544999999999959"/>
    <testcase classname="CLUSTER_SLO_datachk" name="Check_CLUSTER_SLO_dataset" time="0.000999999999976353"/>
    <testcase classname="CLUSTER_SLO_datachk" name="Check_CLUSTER_SLO_dataset" time="0.00100000000009004"/>
    <testcase classname="CLUSTER_SLO_datachk" name="Check_CLUSTER_SLO_dataset" time="0.000999999999976353"/>
    <testcase classname="CLUSTER_SLO_datachk" name="Check_CLUSTER_SLO_dataset" time="0.000999999999976353"/>
    <testcase classname="CLUSTER_SLO_datachk" name="Check_CLUSTER_SLO_dataset" time="0.000999999999976353"/>
    <testcase classname="CLUSTER_SLO_datachk" name="Check_CLUSTER_SLO_dataset" time="0.00100000000009004"/>
    <testcase classname="CLUSTER_SLO_datachk" name="Check_CLUSTER_SLO_dataset" time="0.271999999999935"/>
    <testcase classname="CLUSTER_SLO_datachk" name="Check_CLUSTER_SLO_dataset" time="0.000999999999976353"/>
    <testcase classname="CLUSTER_SLO_datachk" name="Check_CLUSTER_SLO_dataset" time="0.00200000000006639"/>
    <testcase classname="CLUSTER_SLO_datachk" name="Check_CLUSTER_SLO_dataset" time="0.000999999999976353"/>
    <testcase classname="CLUSTER_SLO_datachk" name="Check_CLUSTER_SLO_dataset" time="0.000999999999976353"/>
    <testcase classname="CLUSTER_SLO_datachk" name="Check_CLUSTER_SLO_dataset" time="0.00200000000006639"/>
    <testcase classname="CLUSTER_SLO_datachk" name="Check_CLUSTER_SLO_dataset" time="0.000999999999976353"/>
    <testcase classname="CLUSTER_SLO_datachk" name="Check_CLUSTER_SLO_dataset" time="0.000999999999976353"/>
    <testcase classname="CLUSTER_SLO_datachk" name="Check_CLUSTER_SLO_dataset" time="1.23599999999999"/>
    <testcase classname="CLUSTER_SLO_datachk" name="Check_CLUSTER_SLO_dataset" time="0.00199999999995271"/>
    <testcase classname="CLUSTER_SLO_datachk" name="Check_CLUSTER_SLO_dataset" time="0.00100000000009004"/>
    <testcase classname="CLUSTER_SLO_datachk" name="Check_CLUSTER_SLO_dataset" time="0.000999999999976353"/>
    <testcase classname="CLUSTER_SLO_datachk" name="Check_CLUSTER_SLO_dataset" time="0.00199999999995271"/>
    <testcase classname="CLUSTER_SLO_datachk" name="Check_CLUSTER_SLO_dataset" time="0.000999999999976353"/>
    <testcase classname="CLUSTER_SLO_datachk" name="Check_CLUSTER_SLO_dataset" time="0.00200000000006639"/>
    <testcase classname="CLUSTER_SLO_datachk" name="Check_CLUSTER_SLO_dataset" time="0.548999999999978"/>
    <testcase classname="CLUSTER_SLO_datachk" name="Check_CLUSTER_SLO_dataset" time="0.000999999999976353"/>
    <testcase classname="CLUSTER_SLO_datachk" name="Check_CLUSTER_SLO_dataset" time="0.00200000000006639"/>
    <testcase classname="CLUSTER_SLO_datachk" name="Check_CLUSTER_SLO_dataset" time="0.000999999999976353"/>
    <testcase classname="CLUSTER_SLO_datachk" name="Check_CLUSTER_SLO_dataset" time="0.000999999999976353"/>
    <testcase classname="CLUSTER_SLO_datachk" name="Check_CLUSTER_SLO_dataset" time="0.000999999999976353"/>
    <testcase classname="CLUSTER_SLO_datachk" name="Check_CLUSTER_SLO_dataset" time="0.00200000000006639"/>
    <testcase classname="CLUSTER_SLO_datachk" name="Check_CLUSTER_SLO_dataset" time="0.269999999999982"/>
    <testcase classname="CLUSTER_SLO_datachk" name="Check_CLUSTER_SLO_dataset" time="0.00199999999995271"/>
    <testcase classname="CLUSTER_SLO_datachk" name="Check_CLUSTER_SLO_dataset" time="0.00200000000006639"/>
    <testcase classname="CLUSTER_SLO_datachk" name="Check_CLUSTER_SLO_dataset" time="0.000999999999976353"/>
    <testcase classname="CLUSTER_SLO_datachk" name="Check_CLUSTER_SLO_dataset" time="0.00199999999995271"/>
    <testcase classname="CLUSTER_SLO_datachk" name="Check_CLUSTER_SLO_dataset" time="0.00100000000009004"/>
    <testcase classname="CLUSTER_SLO_datachk" name="Check_CLUSTER_SLO_dataset" time="0.00199999999995271"/>
    <testcase classname="CLUSTER_SLO_datachk" name="Check_CLUSTER_SLO_dataset" time="0.000999999999976353"/>
    <testcase classname="CLUSTER_SLO_datachk" name="Check_CLUSTER_SLO_dataset" time="0.00200000000006639"/>
    <testcase classname="CLUSTER_SLO_datachk" name="Check_CLUSTER_SLO_dataset" time="0.551999999999907"/>
    <testcase classname="CLUSTER_SLO_datachk" name="Check_CLUSTER_SLO_dataset" time="0.00200000000006639"/>
    <testcase classname="CLUSTER_SLO_datachk" name="Check_CLUSTER_SLO_dataset" time="0.00299999999992906"/>
    <testcase classname="CLUSTER_SLO_datachk" name="Check_CLUSTER_SLO_dataset" time="0.00200000000006639"/>
    <testcase classname="CLUSTER_SLO_datachk" name="Check_CLUSTER_SLO_dataset" time="0.00199999999995271"/>
    <testcase classname="CLUSTER_SLO_datachk" name="Check_CLUSTER_SLO_dataset" time="0.00100000000009004"/>
    <testcase classname="CLUSTER_SLO_datachk" name="Check_CLUSTER_SLO_dataset" time="0.00199999999995271"/>
    <testcase classname="CLUSTER_SLO_datachk" name="Check_CLUSTER_SLO_dataset" time="0.264999999999986"/>
    <testcase classname="CLUSTER_SLO_datachk" name="Check_CLUSTER_SLO_dataset" time="0.00199999999995271"/>
    <testcase classname="CLUSTER_SLO_datachk" name="Check_CLUSTER_SLO_dataset" time="0.00200000000006639"/>
    <testcase classname="CLUSTER_SLO_datachk" name="Check_CLUSTER_SLO_dataset" time="0.00199999999995271"/>
    <testcase classname="CLUSTER_SLO_datachk" name="Check_CLUSTER_SLO_dataset" time="0.00200000000006639"/>
    <testcase classname="CLUSTER_SLO_datachk" name="Check_CLUSTER_SLO_dataset" time="0.00199999999995271"/>
    <testcase classname="CLUSTER_SLO_datachk" name="Check_CLUSTER_SLO_dataset" time="0.00200000000006639"/>
    <testcase classname="CLUSTER_SLO_datachk" name="Check_CLUSTER_SLO_dataset" time="0.000999999999976353"/>
    <testcase classname="CLUSTER_SLO_datachk" name="Check_CLUSTER_SLO_dataset" time="0.00199999999995271"/>
    <testcase classname="CLUSTER_SLO_datachk" name="Check_CLUSTER_SLO_dataset" time="0.543000000000006"/>
    <testcase classname="CLUSTER_SLO_datachk" name="Check_CLUSTER_SLO_dataset" time="0.00200000000006639"/>
    <testcase classname="CLUSTER_SLO_datachk" name="Check_CLUSTER_SLO_dataset" time="0.00199999999995271"/>
    <testcase classname="CLUSTER_SLO_datachk" name="Check_CLUSTER_SLO_dataset" time="0.00199999999995271"/>
    <testcase classname="CLUSTER_SLO_datachk" name="Check_CLUSTER_SLO_dataset" time="0.00200000000006639"/>
    <testcase classname="CLUSTER_SLO_datachk" name="Check_CLUSTER_SLO_dataset" time="0.00199999999995271"/>
    <testcase classname="CLUSTER_SLO_datachk" name="Check_CLUSTER_SLO_dataset" time="0.00200000000006639"/>
    <testcase classname="CLUSTER_SLO_datachk" name="Check_CLUSTER_SLO_dataset" time="0.270999999999958"/>
    <testcase classname="CLUSTER_SLO_datachk" name="Check_CLUSTER_SLO_dataset" time="0.00199999999995271"/>
    <testcase classname="CLUSTER_SLO_datachk" name="Check_CLUSTER_SLO_dataset" time="0.00200000000006639"/>
    <testcase classname="CLUSTER_SLO_datachk" name="Check_CLUSTER_SLO_dataset" time="0.00199999999995271"/>
    <testcase classname="CLUSTER_SLO_datachk" name="Check_CLUSTER_SLO_dataset" time="0.00200000000006639"/>
    <testcase classname="CLUSTER_SLO_datachk" name="Check_CLUSTER_SLO_dataset" time="0.00199999999995271"/>
    <testcase classname="CLUSTER_SLO_datachk" name="Check_CLUSTER_SLO_dataset" time="0.00300000000004275"/>
    <testcase classname="CLUSTER_SLO_datachk" name="Check_CLUSTER_SLO_dataset" time="0.00199999999995271"/>
    <testcase classname="CLUSTER_SLO_datachk" name="Check_CLUSTER_SLO_dataset" time="0.00200000000006639"/>
    <testcase classname="CLUSTER_SLO_datachk" name="Check_CLUSTER_SLO_dataset" time="0.539999999999964"/>
    <testcase classname="CLUSTER_SLO_datachk" name="Check_CLUSTER_SLO_dataset" time="0.00199999999995271"/>
    <testcase classname="CLUSTER_SLO_datachk" name="Check_CLUSTER_SLO_dataset" time="0.00200000000006639"/>
    <testcase classname="CLUSTER_SLO_datachk" name="Check_CLUSTER_SLO_dataset" time="0.00199999999995271"/>
    <testcase classname="CLUSTER_SLO_datachk" name="Check_CLUSTER_SLO_dataset" time="0.00200000000006639"/>
    <testcase classname="CLUSTER_SLO_datachk" name="Check_CLUSTER_SLO_dataset" time="0.00199999999995271"/>
    <testcase classname="CLUSTER_SLO_datachk" name="Check_CLUSTER_SLO_dataset" time="0.00300000000004275"/>
    <testcase classname="CLUSTER_SLO_datachk" name="Check_CLUSTER_SLO_dataset" time="0.274999999999977"/>
    <testcase classname="CLUSTER_SLO_datachk" name="Check_CLUSTER_SLO_dataset" time="0.00300000000004275"/>
    <testcase classname="CLUSTER_SLO_datachk" name="Check_CLUSTER_SLO_dataset" time="0.00199999999995271"/>
    <testcase classname="CLUSTER_SLO_datachk" name="Check_CLUSTER_SLO_dataset" time="0.00300000000004275"/>
    <testcase classname="CLUSTER_SLO_datachk" name="Check_CLUSTER_SLO_dataset" time="0.00299999999992906"/>
    <testcase classname="CLUSTER_SLO_datachk" name="Check_CLUSTER_SLO_dataset" time="0.00200000000006639"/>
    <testcase classname="CLUSTER_SLO_datachk" name="Check_CLUSTER_SLO_dataset" time="0.00199999999995271"/>
    <testcase classname="CLUSTER_SLO_datachk" name="Check_CLUSTER_SLO_dataset" time="0.00300000000004275"/>
    <testcase classname="CLUSTER_SLO_datachk" name="Check_CLUSTER_SLO_dataset" time="0.00299999999992906"/>
    <testcase classname="CLUSTER_SLO_datachk" name="Check_CLUSTER_SLO_dataset" time="0.550000000000068"/>
    <testcase classname="CLUSTER_SLO_datachk" name="Check_CLUSTER_SLO_dataset" time="0.00299999999992906"/>
    <testcase classname="CLUSTER_SLO_datachk" name="Check_CLUSTER_SLO_dataset" time="0.0120000000000573"/>
    <testcase classname="CLUSTER_SLO_datachk" name="Check_CLUSTER_SLO_dataset" time="0.00299999999992906"/>
    <testcase classname="CLUSTER_SLO_datachk" name="Check_CLUSTER_SLO_dataset" time="0.00300000000004275"/>
    <testcase classname="CLUSTER_SLO_datachk" name="Check_CLUSTER_SLO_dataset" time="0.00200000000006639"/>
    <testcase classname="CLUSTER_SLO_datachk" name="Check_CLUSTER_SLO_dataset" time="0.00299999999992906"/>
    <testcase classname="CLUSTER_SLO_datachk" name="Check_CLUSTER_SLO_dataset" time="0.271000000000072"/>
    <testcase classname="CLUSTER_SLO_datachk" name="Check_CLUSTER_SLO_dataset" time="0.00199999999995271"/>
    <testcase classname="CLUSTER_SLO_datachk" name="Check_CLUSTER_SLO_dataset" time="0.00199999999995271"/>
    <testcase classname="CLUSTER_SLO_datachk" name="Check_CLUSTER_SLO_dataset" time="0.00300000000004275"/>
    <testcase classname="CLUSTER_SLO_datachk" name="Check_CLUSTER_SLO_dataset" time="0.00300000000004275"/>
    <testcase classname="CLUSTER_SLO_datachk" name="Check_CLUSTER_SLO_dataset" time="0.00199999999995271"/>
    <testcase classname="CLUSTER_SLO_datachk" name="Check_CLUSTER_SLO_dataset" time="0.00300000000004275"/>
    <testcase classname="CLUSTER_SLO_datachk" name="Check_CLUSTER_SLO_dataset" time="0.00199999999995271"/>
    <testcase classname="CLUSTER_SLO_datachk" name="Check_CLUSTER_SLO_dataset" time="0.00199999999995271"/>
    <testcase classname="CLUSTER_SLO_datachk" name="Check_CLUSTER_SLO_dataset" time="0.541000000000054"/>
    <testcase classname="CLUSTER_SLO_datachk" name="Check_CLUSTER_SLO_dataset" time="0.00300000000004275"/>
    <testcase classname="CLUSTER_SLO_datachk" name="Check_CLUSTER_SLO_dataset" time="0.00199999999995271"/>
    <testcase classname="CLUSTER_SLO_datachk" name="Check_CLUSTER_SLO_dataset" time="0.00199999999995271"/>
    <testcase classname="CLUSTER_SLO_datachk" name="Check_CLUSTER_SLO_dataset" time="0.00200000000006639"/>
    <testcase classname="CLUSTER_SLO_datachk" name="Check_CLUSTER_SLO_dataset" time="0.00299999999992906"/>
    <testcase classname="CLUSTER_SLO_datachk" name="Check_CLUSTER_SLO_dataset" time="0.00300000000004275"/>
    <testcase classname="CLUSTER_SLO_datachk" name="Check_CLUSTER_SLO_dataset" time="0.272000000000048"/>
    <testcase classname="CLUSTER_SLO_datachk" name="Check_CLUSTER_SLO_dataset" time="0.00299999999992906"/>
    <testcase classname="CLUSTER_SLO_datachk" name="Check_CLUSTER_SLO_dataset" time="0.00300000000004275"/>
    <testcase classname="CLUSTER_SLO_datachk" name="Check_CLUSTER_SLO_dataset" time="0.00199999999995271"/>
    <testcase classname="CLUSTER_SLO_datachk" name="Check_CLUSTER_SLO_dataset" time="0.00300000000004275"/>
    <testcase classname="CLUSTER_SLO_datachk" name="Check_CLUSTER_SLO_dataset" time="0.00300000000004275"/>
    <testcase classname="CLUSTER_SLO_datachk" name="Check_CLUSTER_SLO_dataset" time="0.00199999999995271"/>
    <testcase classname="CLUSTER_SLO_datachk" name="Check_CLUSTER_SLO_dataset" time="0.00300000000004275"/>
    <testcase classname="CLUSTER_SLO_datachk" name="Check_CLUSTER_SLO_dataset" time="0.00399999999990541"/>
    <testcase classname="CLUSTER_SLO_datachk" name="Check_CLUSTER_SLO_dataset" time="0.543000000000006"/>
    <testcase classname="CLUSTER_SLO_datachk" name="Check_CLUSTER_SLO_dataset" time="0.0040000000000191"/>
    <testcase classname="CLUSTER_SLO_datachk" name="Check_CLUSTER_SLO_dataset" time="0.00300000000004275"/>
    <testcase classname="CLUSTER_SLO_datachk" name="Check_CLUSTER_SLO_dataset" time="0.0130000000000337"/>
    <testcase classname="CLUSTER_SLO_datachk" name="Check_CLUSTER_SLO_dataset" time="0.00299999999992906"/>
    <testcase classname="CLUSTER_SLO_datachk" name="Check_CLUSTER_SLO_dataset" time="0.0040000000000191"/>
    <testcase classname="CLUSTER_SLO_datachk" name="Check_CLUSTER_SLO_dataset" time="0.00300000000004275"/>
    <testcase classname="CLUSTER_SLO_datachk" name="Check_CLUSTER_SLO_dataset" time="0.274999999999977"/>
    <testcase classname="CLUSTER_SLO_datachk" name="Check_CLUSTER_SLO_dataset" time="0.00299999999992906"/>
    <testcase classname="CLUSTER_SLO_datachk" name="Check_CLUSTER_SLO_dataset" time="0.00300000000004275"/>
    <testcase classname="CLUSTER_SLO_datachk" name="Check_CLUSTER_SLO_dataset" time="0.00300000000004275"/>
    <testcase classname="CLUSTER_SLO_datachk" name="Check_CLUSTER_SLO_dataset" time="0.00299999999992906"/>
    <testcase classname="CLUSTER_SLO_datachk" name="Check_CLUSTER_SLO_dataset" time="0.0040000000000191"/>
    <testcase classname="CLUSTER_SLO_datachk" name="Check_CLUSTER_SLO_dataset" time="0.00300000000004275"/>
    <testcase classname="CLUSTER_SLO_datachk" name="Check_CLUSTER_SLO_dataset" time="0.0040000000000191"/>
    <testcase classname="CLUSTER_SLO_datachk" name="Check_CLUSTER_SLO_dataset" time="0.00399999999990541"/>
    <testcase classname="CLUSTER_SLO_datachk" name="Check_CLUSTER_SLO_dataset" time="0.552999999999997"/>
    <testcase classname="CLUSTER_SLO_datachk" name="Check_CLUSTER_SLO_dataset" time="0.0040000000000191"/>
    <testcase classname="CLUSTER_SLO_datachk" name="Check_CLUSTER_SLO_dataset" time="0.00300000000004275"/>
    <testcase classname="CLUSTER_SLO_datachk" name="Check_CLUSTER_SLO_dataset" time="0.00300000000004275"/>
    <testcase classname="CLUSTER_SLO_datachk" name="Check_CLUSTER_SLO_dataset" time="0.00299999999992906"/>
    <testcase classname="CLUSTER_SLO_datachk" name="Check_CLUSTER_SLO_dataset" time="0.00300000000004275"/>
    <testcase classname="CLUSTER_SLO_datachk" name="Check_CLUSTER_SLO_dataset" time="0.00300000000004275"/>
    <testcase classname="CLUSTER_SLO_datachk" name="Check_CLUSTER_SLO_dataset" time="0.279999999999973"/>
    <testcase classname="CLUSTER_SLO_datachk" name="Check_CLUSTER_SLO_dataset" time="0.0040000000000191"/>
    <testcase classname="CLUSTER_SLO_datachk" name="Check_CLUSTER_SLO_dataset" time="0.0040000000000191"/>
    <testcase classname="CLUSTER_SLO_datachk" name="Check_CLUSTER_SLO_dataset" time="0.00399999999990541"/>
    <testcase classname="CLUSTER_SLO_datachk" name="Check_CLUSTER_SLO_dataset" time="0.0040000000000191"/>
    <testcase classname="CLUSTER_SLO_datachk" name="Check_CLUSTER_SLO_dataset" time="0.0040000000000191"/>
    <testcase classname="CLUSTER_SLO_datachk" name="Check_CLUSTER_SLO_dataset" time="0.0040000000000191"/>
    <testcase classname="CLUSTER_SLO_datachk" name="Check_CLUSTER_SLO_dataset" time="0.0040000000000191"/>
    <testcase classname="CLUSTER_SLO_datachk" name="Check_CLUSTER_SLO_dataset" time="0.00299999999992906"/>
    <testcase classname="CLUSTER_SLO_datachk" name="Check_CLUSTER_SLO_dataset" time="0.564999999999941"/>
    <testcase classname="CLUSTER_SLO_datachk" name="Check_CLUSTER_SLO_dataset" time="0.0040000000000191"/>
    <testcase classname="CLUSTER_SLO_datachk" name="Check_CLUSTER_SLO_dataset" time="0.00300000000004275"/>
    <testcase classname="CLUSTER_SLO_datachk" name="Check_CLUSTER_SLO_dataset" time="0.00399999999990541"/>
    <testcase classname="CLUSTER_SLO_datachk" name="Check_CLUSTER_SLO_dataset" time="0.00300000000004275"/>
    <testcase classname="CLUSTER_SLO_datachk" name="Check_CLUSTER_SLO_dataset" time="0.00300000000004275"/>
    <testcase classname="CLUSTER_SLO_datachk" name="Check_CLUSTER_SLO_dataset" time="0.00399999999990541"/>
    <testcase classname="CLUSTER_SLO_datachk" name="Check_CLUSTER_SLO_dataset" time="0.277000000000044"/>
    <testcase classname="CLUSTER_SLO_datachk" name="Check_CLUSTER_SLO_dataset" time="0.0040000000000191"/>
    <testcase classname="CLUSTER_SLO_datachk" name="Check_CLUSTER_SLO_dataset" time="0.0040000000000191"/>
    <testcase classname="CLUSTER_SLO_datachk" name="Check_CLUSTER_SLO_dataset" time="0.00299999999992906"/>
    <testcase classname="CLUSTER_SLO_datachk" name="Check_CLUSTER_SLO_dataset" time="0.0080000000000382"/>
    <testcase classname="CLUSTER_SLO_datachk" name="Check_CLUSTER_SLO_dataset" time="0.0040000000000191"/>
    <testcase classname="CLUSTER_SLO_datachk" name="Check_CLUSTER_SLO_dataset" time="0.0040000000000191"/>
    <testcase classname="CLUSTER_SLO_datachk" name="Check_CLUSTER_SLO_dataset" time="0.00399999999990541"/>
    <testcase classname="CLUSTER_SLO_datachk" name="Check_CLUSTER_SLO_dataset" time="0.0040000000000191"/>
    <testcase classname="CLUSTER_SLO_datachk" name="Check_CLUSTER_SLO_dataset" time="0.565000000000055"/>
    <testcase classname="CLUSTER_SLO_datachk" name="Check_CLUSTER_SLO_dataset" time="0.0040000000000191"/>
    <testcase classname="CLUSTER_SLO_datachk" name="Check_CLUSTER_SLO_dataset" time="0.00299999999992906"/>
    <testcase classname="CLUSTER_SLO_datachk" name="Check_CLUSTER_SLO_dataset" time="0.0040000000000191"/>
    <testcase classname="CLUSTER_SLO_datachk" name="Check_CLUSTER_SLO_dataset" time="0.00300000000004275"/>
    <testcase classname="CLUSTER_SLO_datachk" name="Check_CLUSTER_SLO_dataset" time="0.0040000000000191"/>
    <testcase classname="CLUSTER_SLO_datachk" name="Check_CLUSTER_SLO_dataset" time="0.00399999999990541"/>
    <testcase classname="CLUSTER_SLO_datachk" name="Check_CLUSTER_SLO_dataset" time="0.277000000000044"/>
    <testcase classname="CLUSTER_SLO_datachk" name="Check_CLUSTER_SLO_dataset" time="0.0040000000000191"/>
    <testcase classname="CLUSTER_SLO_datachk" name="Check_CLUSTER_SLO_dataset" time="0.0040000000000191"/>
    <testcase classname="CLUSTER_SLO_datachk" name="Check_CLUSTER_SLO_dataset" time="0.0040000000000191"/>
    <testcase classname="CLUSTER_SLO_datachk" name="Check_CLUSTER_SLO_dataset" time="0.00399999999990541"/>
    <testcase classname="CLUSTER_SLO_datachk" name="Check_CLUSTER_SLO_dataset" time="0.0040000000000191"/>
    <testcase classname="CLUSTER_SLO_datachk" name="Check_CLUSTER_SLO_dataset" time="0.0040000000000191"/>
    <testcase classname="CLUSTER_SLO_datachk" name="Check_CLUSTER_SLO_dataset" time="0.0040000000000191"/>
    <testcase classname="CLUSTER_SLO_datachk" name="Check_CLUSTER_SLO_dataset" time="0.0040000000000191"/>
    <testcase classname="CLUSTER_SLO_datachk" name="Check_CLUSTER_SLO_dataset" time="0.538000000000011"/>
    <testcase classname="CLUSTER_SLO_datachk" name="Check_CLUSTER_SLO_dataset" time="0.00399999999990541"/>
    <testcase classname="CLUSTER_SLO_datachk" name="Check_CLUSTER_SLO_dataset" time="0.0040000000000191"/>
    <testcase classname="CLUSTER_SLO_datachk" name="Check_CLUSTER_SLO_dataset" time="0.00300000000004275"/>
    <testcase classname="CLUSTER_SLO_datachk" name="Check_CLUSTER_SLO_dataset" time="0.00300000000004275"/>
    <testcase classname="CLUSTER_SLO_datachk" name="Check_CLUSTER_SLO_dataset" time="0.00499999999999545"/>
    <testcase classname="CLUSTER_SLO_datachk" name="Check_CLUSTER_SLO_dataset" time="0.00299999999992906"/>
    <testcase classname="CLUSTER_SLO_datachk" name="Check_CLUSTER_SLO_dataset" time="0.269999999999982"/>
    <testcase classname="CLUSTER_SLO_datachk" name="Check_CLUSTER_SLO_dataset" time="0.00300000000004275"/>
    <testcase classname="CLUSTER_SLO_datachk" name="Check_CLUSTER_SLO_dataset" time="0.00499999999999545"/>
    <testcase classname="CLUSTER_SLO_datachk" name="Check_CLUSTER_SLO_dataset" time="0.00499999999999545"/>
    <testcase classname="CLUSTER_SLO_datachk" name="Check_CLUSTER_SLO_dataset" time="0.0040000000000191"/>
    <testcase classname="CLUSTER_SLO_datachk" name="Check_CLUSTER_SLO_dataset" time="0.0040000000000191"/>
    <testcase classname="CLUSTER_SLO_datachk" name="Check_CLUSTER_SLO_dataset" time="0.0040000000000191"/>
    <testcase classname="CLUSTER_SLO_datachk" name="Check_CLUSTER_SLO_dataset" time="0.00399999999990541"/>
    <testcase classname="CLUSTER_SLO_datachk" name="Check_CLUSTER_SLO_dataset" time="0.0040000000000191"/>
    <testcase classname="CLUSTER_SLO_datachk" name="Check_CLUSTER_SLO_dataset" time="0.533999999999992"/>
    <testcase classname="CLUSTER_SLO_datachk" name="Check_CLUSTER_SLO_dataset" time="0.00499999999999545"/>
    <testcase classname="CLUSTER_SLO_datachk" name="Check_CLUSTER_SLO_dataset" time="0.00499999999999545"/>
    <testcase classname="CLUSTER_SLO_datachk" name="Check_CLUSTER_SLO_dataset" time="0.0040000000000191"/>
    <testcase classname="CLUSTER_SLO_datachk" name="Check_CLUSTER_SLO_dataset" time="0.00499999999999545"/>
    <testcase classname="CLUSTER_SLO_datachk" name="Check_CLUSTER_SLO_dataset" time="0.0040000000000191"/>
    <testcase classname="CLUSTER_SLO_datachk" name="Check_CLUSTER_SLO_dataset" time="0.0040000000000191"/>
    <testcase classname="CLUSTER_SLO_datachk" name="Check_CLUSTER_SLO_dataset" time="0.289999999999964"/>
    <testcase classname="CLUSTER_SLO_datachk" name="Check_CLUSTER_SLO_dataset" time="0.0040000000000191"/>
    <testcase classname="CLUSTER_SLO_datachk" name="Check_CLUSTER_SLO_dataset" time="0.0040000000000191"/>
    <testcase classname="CLUSTER_SLO_datachk" name="Check_CLUSTER_SLO_dataset" time="0.0040000000000191"/>
    <testcase classname="CLUSTER_SLO_datachk" name="Check_CLUSTER_SLO_dataset" time="0.0040000000000191"/>
    <testcase classname="CLUSTER_SLO_datachk" name="Check_CLUSTER_SLO_dataset" time="0.00399999999990541"/>
    <testcase classname="CLUSTER_SLO_datachk" name="Check_CLUSTER_SLO_dataset" time="0.0040000000000191"/>
    <testcase classname="CLUSTER_SLO_datachk" name="Check_CLUSTER_SLO_dataset" time="0.00499999999999545"/>
    <testcase classname="CLUSTER_SLO_datachk" name="Check_CLUSTER_SLO_dataset" time="0.0040000000000191"/>
    <testcase classname="CLUSTER_SLO_datachk" name="Check_CLUSTER_SLO_dataset" time="0.538000000000011"/>
    <testcase classname="CLUSTER_SLO_datachk" name="Check_CLUSTER_SLO_dataset" time="0.00499999999999545"/>
    <testcase classname="CLUSTER_SLO_datachk" name="Check_CLUSTER_SLO_dataset" time="0.00499999999999545"/>
    <testcase classname="CLUSTER_SLO_datachk" name="Check_CLUSTER_SLO_dataset" time="0.0040000000000191"/>
    <testcase classname="CLUSTER_SLO_datachk" name="Check_CLUSTER_SLO_dataset" time="0.0040000000000191"/>
    <testcase classname="CLUSTER_SLO_datachk" name="Check_CLUSTER_SLO_dataset" time="0.00499999999999545"/>
    <testcase classname="CLUSTER_SLO_datachk" name="Check_CLUSTER_SLO_dataset" time="0.0040000000000191"/>
    <testcase classname="CLUSTER_SLO_datachk" name="Check_CLUSTER_SLO_dataset" time="0.270999999999958"/>
    <testcase classname="CLUSTER_SLO_datachk" name="Check_CLUSTER_SLO_dataset" time="0.00499999999999545"/>
    <testcase classname="CLUSTER_SLO_datachk" name="Check_CLUSTER_SLO_dataset" time="0.0040000000000191"/>
    <testcase classname="CLUSTER_SLO_datachk" name="Check_CLUSTER_SLO_dataset" time="0.00499999999999545"/>
    <testcase classname="CLUSTER_SLO_datachk" name="Check_CLUSTER_SLO_dataset" time="0.00599999999997181"/>
    <testcase classname="CLUSTER_SLO_datachk" name="Check_CLUSTER_SLO_dataset" time="0.00499999999999545"/>
    <testcase classname="CLUSTER_SLO_datachk" name="Check_CLUSTER_SLO_dataset" time="0.00499999999999545"/>
    <testcase classname="CLUSTER_SLO_datachk" name="Check_CLUSTER_SLO_dataset" time="0.0040000000000191"/>
    <testcase classname="CLUSTER_SLO_datachk" name="Check_CLUSTER_SLO_dataset" time="0.00499999999999545"/>
  </testsuite>
  <testsuite errors="0" failures="0" hostname="fv-az14" name="CLUSTER_SLO::datachk::shutdown" skipped="0" tests="3" time="0.281" timestamp="2020-10-23T10:57:30Z">
    <testcase classname="CLUSTER_SLO_datachk_shutdown" name="shutdown" time="0.278999999999996"/>
    <testcase classname="CLUSTER_SLO_datachk_shutdown" name="shutdown" time="0.000999999999976353"/>
    <testcase classname="CLUSTER_SLO_datachk_shutdown" name="shutdown" time="0.00100000000009004"/>
  </testsuite>
  <testsuite errors="0" failures="0" hostname="fv-az14" name="CLUSTER_SLO::datachk::done" skipped="0" tests="0" time="0" timestamp="2020-10-23T10:57:30Z"/>
  <testsuite errors="0" failures="0" hostname="fv-az14" name="CNSIM::datachk::setup" skipped="0" tests="3" time="5.255" timestamp="2020-10-23T10:57:30Z">
    <testcase classname="CNSIM_datachk_setup" name="setup" time="5.25299999999993"/>
    <testcase classname="CNSIM_datachk_setup" name="setup" time="0.000999999999976353"/>
    <testcase classname="CNSIM_datachk_setup" name="setup" time="0.00100000000009004"/>
  </testsuite>
  <testsuite errors="0" failures="0" hostname="fv-az14" name="CNSIM::datachk" skipped="0" tests="198" time="11.613" timestamp="2020-10-23T10:57:35Z">
    <testcase classname="CNSIM_datachk" name="Check_CNSIM_dataset" time="0.532999999999902"/>
    <testcase classname="CNSIM_datachk" name="Check_CNSIM_dataset" time="0.00100000000009004"/>
    <testcase classname="CNSIM_datachk" name="Check_CNSIM_dataset" time="0.000999999999976353"/>
    <testcase classname="CNSIM_datachk" name="Check_CNSIM_dataset" time="0.000999999999976353"/>
    <testcase classname="CNSIM_datachk" name="Check_CNSIM_dataset" time="0.00199999999995271"/>
    <testcase classname="CNSIM_datachk" name="Check_CNSIM_dataset" time="0.00100000000009004"/>
    <testcase classname="CNSIM_datachk" name="Check_CNSIM_dataset" time="0.000999999999976353"/>
    <testcase classname="CNSIM_datachk" name="Check_CNSIM_dataset" time="0.270999999999958"/>
    <testcase classname="CNSIM_datachk" name="Check_CNSIM_dataset" time="0.000999999999976353"/>
    <testcase classname="CNSIM_datachk" name="Check_CNSIM_dataset" time="0.00200000000006639"/>
    <testcase classname="CNSIM_datachk" name="Check_CNSIM_dataset" time="0.000999999999976353"/>
    <testcase classname="CNSIM_datachk" name="Check_CNSIM_dataset" time="0.000999999999976353"/>
    <testcase classname="CNSIM_datachk" name="Check_CNSIM_dataset" time="0.00200000000006639"/>
    <testcase classname="CNSIM_datachk" name="Check_CNSIM_dataset" time="0.000999999999976353"/>
    <testcase classname="CNSIM_datachk" name="Check_CNSIM_dataset" time="0.00199999999995271"/>
    <testcase classname="CNSIM_datachk" name="Check_CNSIM_dataset" time="1.22800000000007"/>
    <testcase classname="CNSIM_datachk" name="Check_CNSIM_dataset" time="0.00199999999995271"/>
    <testcase classname="CNSIM_datachk" name="Check_CNSIM_dataset" time="0.000999999999976353"/>
    <testcase classname="CNSIM_datachk" name="Check_CNSIM_dataset" time="0.00200000000006639"/>
    <testcase classname="CNSIM_datachk" name="Check_CNSIM_dataset" time="0.000999999999976353"/>
    <testcase classname="CNSIM_datachk" name="Check_CNSIM_dataset" time="0.00199999999995271"/>
    <testcase classname="CNSIM_datachk" name="Check_CNSIM_dataset" time="0.00200000000006639"/>
    <testcase classname="CNSIM_datachk" name="Check_CNSIM_dataset" time="0.548000000000002"/>
    <testcase classname="CNSIM_datachk" name="Check_CNSIM_dataset" time="0.00199999999995271"/>
    <testcase classname="CNSIM_datachk" name="Check_CNSIM_dataset" time="0.000999999999976353"/>
    <testcase classname="CNSIM_datachk" name="Check_CNSIM_dataset" time="0.00200000000006639"/>
    <testcase classname="CNSIM_datachk" name="Check_CNSIM_dataset" time="0.000999999999976353"/>
    <testcase classname="CNSIM_datachk" name="Check_CNSIM_dataset" time="0.00199999999995271"/>
    <testcase classname="CNSIM_datachk" name="Check_CNSIM_dataset" time="0.00200000000006639"/>
    <testcase classname="CNSIM_datachk" name="Check_CNSIM_dataset" time="0.277000000000044"/>
    <testcase classname="CNSIM_datachk" name="Check_CNSIM_dataset" time="0.00199999999995271"/>
    <testcase classname="CNSIM_datachk" name="Check_CNSIM_dataset" time="0.00199999999995271"/>
    <testcase classname="CNSIM_datachk" name="Check_CNSIM_dataset" time="0.00100000000009004"/>
    <testcase classname="CNSIM_datachk" name="Check_CNSIM_dataset" time="0.00199999999995271"/>
    <testcase classname="CNSIM_datachk" name="Check_CNSIM_dataset" time="0.00199999999995271"/>
    <testcase classname="CNSIM_datachk" name="Check_CNSIM_dataset" time="0.00200000000006639"/>
    <testcase classname="CNSIM_datachk" name="Check_CNSIM_dataset" time="0.000999999999976353"/>
    <testcase classname="CNSIM_datachk" name="Check_CNSIM_dataset" time="0.00199999999995271"/>
    <testcase classname="CNSIM_datachk" name="Check_CNSIM_dataset" time="0.557000000000016"/>
    <testcase classname="CNSIM_datachk" name="Check_CNSIM_dataset" time="0.00200000000006639"/>
    <testcase classname="CNSIM_datachk" name="Check_CNSIM_dataset" time="0.00199999999995271"/>
    <testcase classname="CNSIM_datachk" name="Check_CNSIM_dataset" time="0.00200000000006639"/>
    <testcase classname="CNSIM_datachk" name="Check_CNSIM_dataset" time="0.00199999999995271"/>
    <testcase classname="CNSIM_datachk" name="Check_CNSIM_dataset" time="0.00199999999995271"/>
    <testcase classname="CNSIM_datachk" name="Check_CNSIM_dataset" time="0.00200000000006639"/>
    <testcase classname="CNSIM_datachk" name="Check_CNSIM_dataset" time="0.27800000000002"/>
    <testcase classname="CNSIM_datachk" name="Check_CNSIM_dataset" time="0.00199999999995271"/>
    <testcase classname="CNSIM_datachk" name="Check_CNSIM_dataset" time="0.00300000000004275"/>
    <testcase classname="CNSIM_datachk" name="Check_CNSIM_dataset" time="0.000999999999976353"/>
    <testcase classname="CNSIM_datachk" name="Check_CNSIM_dataset" time="0.00199999999995271"/>
    <testcase classname="CNSIM_datachk" name="Check_CNSIM_dataset" time="0.00200000000006639"/>
    <testcase classname="CNSIM_datachk" name="Check_CNSIM_dataset" time="0.00199999999995271"/>
    <testcase classname="CNSIM_datachk" name="Check_CNSIM_dataset" time="0.00200000000006639"/>
    <testcase classname="CNSIM_datachk" name="Check_CNSIM_dataset" time="0.00199999999995271"/>
    <testcase classname="CNSIM_datachk" name="Check_CNSIM_dataset" time="0.543999999999983"/>
    <testcase classname="CNSIM_datachk" name="Check_CNSIM_dataset" time="0.00200000000006639"/>
    <testcase classname="CNSIM_datachk" name="Check_CNSIM_dataset" time="0.00299999999992906"/>
    <testcase classname="CNSIM_datachk" name="Check_CNSIM_dataset" time="0.00200000000006639"/>
    <testcase classname="CNSIM_datachk" name="Check_CNSIM_dataset" time="0.0109999999999673"/>
    <testcase classname="CNSIM_datachk" name="Check_CNSIM_dataset" time="0.00199999999995271"/>
    <testcase classname="CNSIM_datachk" name="Check_CNSIM_dataset" time="0.00200000000006639"/>
    <testcase classname="CNSIM_datachk" name="Check_CNSIM_dataset" time="0.275999999999954"/>
    <testcase classname="CNSIM_datachk" name="Check_CNSIM_dataset" time="0.00300000000004275"/>
    <testcase classname="CNSIM_datachk" name="Check_CNSIM_dataset" time="0.00199999999995271"/>
    <testcase classname="CNSIM_datachk" name="Check_CNSIM_dataset" time="0.000999999999976353"/>
    <testcase classname="CNSIM_datachk" name="Check_CNSIM_dataset" time="0.00200000000006639"/>
    <testcase classname="CNSIM_datachk" name="Check_CNSIM_dataset" time="0.00199999999995271"/>
    <testcase classname="CNSIM_datachk" name="Check_CNSIM_dataset" time="0.00200000000006639"/>
    <testcase classname="CNSIM_datachk" name="Check_CNSIM_dataset" time="0.00199999999995271"/>
    <testcase classname="CNSIM_datachk" name="Check_CNSIM_dataset" time="0.00199999999995271"/>
    <testcase classname="CNSIM_datachk" name="Check_CNSIM_dataset" time="0.538000000000011"/>
    <testcase classname="CNSIM_datachk" name="Check_CNSIM_dataset" time="0.00200000000006639"/>
    <testcase classname="CNSIM_datachk" name="Check_CNSIM_dataset" time="0.00199999999995271"/>
    <testcase classname="CNSIM_datachk" name="Check_CNSIM_dataset" time="0.00200000000006639"/>
    <testcase classname="CNSIM_datachk" name="Check_CNSIM_dataset" time="0.00199999999995271"/>
    <testcase classname="CNSIM_datachk" name="Check_CNSIM_dataset" time="0.00199999999995271"/>
    <testcase classname="CNSIM_datachk" name="Check_CNSIM_dataset" time="0.00200000000006639"/>
    <testcase classname="CNSIM_datachk" name="Check_CNSIM_dataset" time="0.269999999999982"/>
    <testcase classname="CNSIM_datachk" name="Check_CNSIM_dataset" time="0.00199999999995271"/>
    <testcase classname="CNSIM_datachk" name="Check_CNSIM_dataset" time="0.00300000000004275"/>
    <testcase classname="CNSIM_datachk" name="Check_CNSIM_dataset" time="0.00300000000004275"/>
    <testcase classname="CNSIM_datachk" name="Check_CNSIM_dataset" time="0.00199999999995271"/>
    <testcase classname="CNSIM_datachk" name="Check_CNSIM_dataset" time="0.00300000000004275"/>
    <testcase classname="CNSIM_datachk" name="Check_CNSIM_dataset" time="0.00199999999995271"/>
    <testcase classname="CNSIM_datachk" name="Check_CNSIM_dataset" time="0.00199999999995271"/>
    <testcase classname="CNSIM_datachk" name="Check_CNSIM_dataset" time="0.00300000000004275"/>
    <testcase classname="CNSIM_datachk" name="Check_CNSIM_dataset" time="0.543000000000006"/>
    <testcase classname="CNSIM_datachk" name="Check_CNSIM_dataset" time="0.00300000000004275"/>
    <testcase classname="CNSIM_datachk" name="Check_CNSIM_dataset" time="0.00199999999995271"/>
    <testcase classname="CNSIM_datachk" name="Check_CNSIM_dataset" time="0.00200000000006639"/>
    <testcase classname="CNSIM_datachk" name="Check_CNSIM_dataset" time="0.00299999999992906"/>
    <testcase classname="CNSIM_datachk" name="Check_CNSIM_dataset" time="0.00200000000006639"/>
    <testcase classname="CNSIM_datachk" name="Check_CNSIM_dataset" time="0.00199999999995271"/>
    <testcase classname="CNSIM_datachk" name="Check_CNSIM_dataset" time="0.272000000000048"/>
    <testcase classname="CNSIM_datachk" name="Check_CNSIM_dataset" time="0.00199999999995271"/>
    <testcase classname="CNSIM_datachk" name="Check_CNSIM_dataset" time="0.00199999999995271"/>
    <testcase classname="CNSIM_datachk" name="Check_CNSIM_dataset" time="0.00300000000004275"/>
    <testcase classname="CNSIM_datachk" name="Check_CNSIM_dataset" time="0.00300000000004275"/>
    <testcase classname="CNSIM_datachk" name="Check_CNSIM_dataset" time="0.00199999999995271"/>
    <testcase classname="CNSIM_datachk" name="Check_CNSIM_dataset" time="0.00300000000004275"/>
    <testcase classname="CNSIM_datachk" name="Check_CNSIM_dataset" time="0.00299999999992906"/>
    <testcase classname="CNSIM_datachk" name="Check_CNSIM_dataset" time="0.00300000000004275"/>
    <testcase classname="CNSIM_datachk" name="Check_CNSIM_dataset" time="0.533000000000015"/>
    <testcase classname="CNSIM_datachk" name="Check_CNSIM_dataset" time="0.00299999999992906"/>
    <testcase classname="CNSIM_datachk" name="Check_CNSIM_dataset" time="0.00300000000004275"/>
    <testcase classname="CNSIM_datachk" name="Check_CNSIM_dataset" time="0.00300000000004275"/>
    <testcase classname="CNSIM_datachk" name="Check_CNSIM_dataset" time="0.00299999999992906"/>
    <testcase classname="CNSIM_datachk" name="Check_CNSIM_dataset" time="0.00300000000004275"/>
    <testcase classname="CNSIM_datachk" name="Check_CNSIM_dataset" time="0.00300000000004275"/>
    <testcase classname="CNSIM_datachk" name="Check_CNSIM_dataset" time="0.275999999999954"/>
    <testcase classname="CNSIM_datachk" name="Check_CNSIM_dataset" time="0.00300000000004275"/>
    <testcase classname="CNSIM_datachk" name="Check_CNSIM_dataset" time="0.00299999999992906"/>
    <testcase classname="CNSIM_datachk" name="Check_CNSIM_dataset" time="0.00300000000004275"/>
    <testcase classname="CNSIM_datachk" name="Check_CNSIM_dataset" time="0.00299999999992906"/>
    <testcase classname="CNSIM_datachk" name="Check_CNSIM_dataset" time="0.00300000000004275"/>
    <testcase classname="CNSIM_datachk" name="Check_CNSIM_dataset" time="0.0040000000000191"/>
    <testcase classname="CNSIM_datachk" name="Check_CNSIM_dataset" time="0.00300000000004275"/>
    <testcase classname="CNSIM_datachk" name="Check_CNSIM_dataset" time="0.00299999999992906"/>
    <testcase classname="CNSIM_datachk" name="Check_CNSIM_dataset" time="0.546000000000049"/>
    <testcase classname="CNSIM_datachk" name="Check_CNSIM_dataset" time="0.00299999999992906"/>
    <testcase classname="CNSIM_datachk" name="Check_CNSIM_dataset" time="0.00200000000006639"/>
    <testcase classname="CNSIM_datachk" name="Check_CNSIM_dataset" time="0.00299999999992906"/>
    <testcase classname="CNSIM_datachk" name="Check_CNSIM_dataset" time="0.00300000000004275"/>
    <testcase classname="CNSIM_datachk" name="Check_CNSIM_dataset" time="0.0040000000000191"/>
    <testcase classname="CNSIM_datachk" name="Check_CNSIM_dataset" time="0.00199999999995271"/>
    <testcase classname="CNSIM_datachk" name="Check_CNSIM_dataset" time="0.272000000000048"/>
    <testcase classname="CNSIM_datachk" name="Check_CNSIM_dataset" time="0.00999999999999091"/>
    <testcase classname="CNSIM_datachk" name="Check_CNSIM_dataset" time="0.00300000000004275"/>
    <testcase classname="CNSIM_datachk" name="Check_CNSIM_dataset" time="0.00199999999995271"/>
    <testcase classname="CNSIM_datachk" name="Check_CNSIM_dataset" time="0.00300000000004275"/>
    <testcase classname="CNSIM_datachk" name="Check_CNSIM_dataset" time="0.00299999999992906"/>
    <testcase classname="CNSIM_datachk" name="Check_CNSIM_dataset" time="0.00200000000006639"/>
    <testcase classname="CNSIM_datachk" name="Check_CNSIM_dataset" time="0.00299999999992906"/>
    <testcase classname="CNSIM_datachk" name="Check_CNSIM_dataset" time="0.00300000000004275"/>
    <testcase classname="CNSIM_datachk" name="Check_CNSIM_dataset" time="0.538000000000011"/>
    <testcase classname="CNSIM_datachk" name="Check_CNSIM_dataset" time="0.0040000000000191"/>
    <testcase classname="CNSIM_datachk" name="Check_CNSIM_dataset" time="0.00299999999992906"/>
    <testcase classname="CNSIM_datachk" name="Check_CNSIM_dataset" time="0.0040000000000191"/>
    <testcase classname="CNSIM_datachk" name="Check_CNSIM_dataset" time="0.0040000000000191"/>
    <testcase classname="CNSIM_datachk" name="Check_CNSIM_dataset" time="0.00299999999992906"/>
    <testcase classname="CNSIM_datachk" name="Check_CNSIM_dataset" time="0.0040000000000191"/>
    <testcase classname="CNSIM_datachk" name="Check_CNSIM_dataset" time="0.282000000000039"/>
    <testcase classname="CNSIM_datachk" name="Check_CNSIM_dataset" time="0.0040000000000191"/>
    <testcase classname="CNSIM_datachk" name="Check_CNSIM_dataset" time="0.0040000000000191"/>
    <testcase classname="CNSIM_datachk" name="Check_CNSIM_dataset" time="0.00399999999990541"/>
    <testcase classname="CNSIM_datachk" name="Check_CNSIM_dataset" time="0.00500000000010914"/>
    <testcase classname="CNSIM_datachk" name="Check_CNSIM_dataset" time="0.00399999999990541"/>
    <testcase classname="CNSIM_datachk" name="Check_CNSIM_dataset" time="0.0040000000000191"/>
    <testcase classname="CNSIM_datachk" name="Check_CNSIM_dataset" time="0.0040000000000191"/>
    <testcase classname="CNSIM_datachk" name="Check_CNSIM_dataset" time="0.0040000000000191"/>
    <testcase classname="CNSIM_datachk" name="Check_CNSIM_dataset" time="0.561000000000035"/>
    <testcase classname="CNSIM_datachk" name="Check_CNSIM_dataset" time="0.00399999999990541"/>
    <testcase classname="CNSIM_datachk" name="Check_CNSIM_dataset" time="0.0040000000000191"/>
    <testcase classname="CNSIM_datachk" name="Check_CNSIM_dataset" time="0.0040000000000191"/>
    <testcase classname="CNSIM_datachk" name="Check_CNSIM_dataset" time="0.0040000000000191"/>
    <testcase classname="CNSIM_datachk" name="Check_CNSIM_dataset" time="0.00499999999999545"/>
    <testcase classname="CNSIM_datachk" name="Check_CNSIM_dataset" time="0.0040000000000191"/>
    <testcase classname="CNSIM_datachk" name="Check_CNSIM_dataset" time="0.284999999999968"/>
    <testcase classname="CNSIM_datachk" name="Check_CNSIM_dataset" time="0.0040000000000191"/>
    <testcase classname="CNSIM_datachk" name="Check_CNSIM_dataset" time="0.0040000000000191"/>
    <testcase classname="CNSIM_datachk" name="Check_CNSIM_dataset" time="0.0040000000000191"/>
    <testcase classname="CNSIM_datachk" name="Check_CNSIM_dataset" time="0.00399999999990541"/>
    <testcase classname="CNSIM_datachk" name="Check_CNSIM_dataset" time="0.0040000000000191"/>
    <testcase classname="CNSIM_datachk" name="Check_CNSIM_dataset" time="0.0040000000000191"/>
    <testcase classname="CNSIM_datachk" name="Check_CNSIM_dataset" time="0.0040000000000191"/>
    <testcase classname="CNSIM_datachk" name="Check_CNSIM_dataset" time="0.0040000000000191"/>
    <testcase classname="CNSIM_datachk" name="Check_CNSIM_dataset" time="0.548000000000002"/>
    <testcase classname="CNSIM_datachk" name="Check_CNSIM_dataset" time="0.00499999999999545"/>
    <testcase classname="CNSIM_datachk" name="Check_CNSIM_dataset" time="0.00599999999997181"/>
    <testcase classname="CNSIM_datachk" name="Check_CNSIM_dataset" time="0.00499999999999545"/>
    <testcase classname="CNSIM_datachk" name="Check_CNSIM_dataset" time="0.00599999999997181"/>
    <testcase classname="CNSIM_datachk" name="Check_CNSIM_dataset" time="0.00499999999999545"/>
    <testcase classname="CNSIM_datachk" name="Check_CNSIM_dataset" time="0.00499999999999545"/>
    <testcase classname="CNSIM_datachk" name="Check_CNSIM_dataset" time="0.282000000000039"/>
    <testcase classname="CNSIM_datachk" name="Check_CNSIM_dataset" time="0.0040000000000191"/>
    <testcase classname="CNSIM_datachk" name="Check_CNSIM_dataset" time="0.00499999999999545"/>
    <testcase classname="CNSIM_datachk" name="Check_CNSIM_dataset" time="0.0040000000000191"/>
    <testcase classname="CNSIM_datachk" name="Check_CNSIM_dataset" time="0.0040000000000191"/>
    <testcase classname="CNSIM_datachk" name="Check_CNSIM_dataset" time="0.00499999999999545"/>
    <testcase classname="CNSIM_datachk" name="Check_CNSIM_dataset" time="0.00399999999990541"/>
    <testcase classname="CNSIM_datachk" name="Check_CNSIM_dataset" time="0.00499999999999545"/>
    <testcase classname="CNSIM_datachk" name="Check_CNSIM_dataset" time="0.00499999999999545"/>
    <testcase classname="CNSIM_datachk" name="Check_CNSIM_dataset" time="0.55600000000004"/>
    <testcase classname="CNSIM_datachk" name="Check_CNSIM_dataset" time="0.0040000000000191"/>
    <testcase classname="CNSIM_datachk" name="Check_CNSIM_dataset" time="0.0119999999999436"/>
    <testcase classname="CNSIM_datachk" name="Check_CNSIM_dataset" time="0.00499999999999545"/>
    <testcase classname="CNSIM_datachk" name="Check_CNSIM_dataset" time="0.0040000000000191"/>
    <testcase classname="CNSIM_datachk" name="Check_CNSIM_dataset" time="0.0040000000000191"/>
    <testcase classname="CNSIM_datachk" name="Check_CNSIM_dataset" time="0.00499999999999545"/>
    <testcase classname="CNSIM_datachk" name="Check_CNSIM_dataset" time="0.274999999999977"/>
    <testcase classname="CNSIM_datachk" name="Check_CNSIM_dataset" time="0.00499999999999545"/>
    <testcase classname="CNSIM_datachk" name="Check_CNSIM_dataset" time="0.00499999999999545"/>
    <testcase classname="CNSIM_datachk" name="Check_CNSIM_dataset" time="0.0040000000000191"/>
    <testcase classname="CNSIM_datachk" name="Check_CNSIM_dataset" time="0.00499999999999545"/>
    <testcase classname="CNSIM_datachk" name="Check_CNSIM_dataset" time="0.0040000000000191"/>
    <testcase classname="CNSIM_datachk" name="Check_CNSIM_dataset" time="0.00499999999999545"/>
    <testcase classname="CNSIM_datachk" name="Check_CNSIM_dataset" time="0.0040000000000191"/>
    <testcase classname="CNSIM_datachk" name="Check_CNSIM_dataset" time="0.00499999999999545"/>
  </testsuite>
  <testsuite errors="0" failures="0" hostname="fv-az14" name="CNSIM::datachk::shutdown" skipped="0" tests="3" time="0.288" timestamp="2020-10-23T10:57:47Z">
    <testcase classname="CNSIM_datachk_shutdown" name="shutdown" time="0.284999999999968"/>
    <testcase classname="CNSIM_datachk_shutdown" name="shutdown" time="0.00200000000006639"/>
    <testcase classname="CNSIM_datachk_shutdown" name="shutdown" time="0.000999999999976353"/>
  </testsuite>
  <testsuite errors="0" failures="0" hostname="fv-az14" name="CNSIM::datachk::done" skipped="0" tests="0" time="0" timestamp="2020-10-23T10:57:48Z"/>
  <testsuite errors="0" failures="0" hostname="fv-az14" name="DISCORDANT::datachk::setup" skipped="0" tests="3" time="5.104" timestamp="2020-10-23T10:57:48Z">
    <testcase classname="DISCORDANT_datachk_setup" name="setup" time="5.10199999999998"/>
    <testcase classname="DISCORDANT_datachk_setup" name="setup" time="0.000999999999976353"/>
    <testcase classname="DISCORDANT_datachk_setup" name="setup" time="0.00100000000009004"/>
  </testsuite>
  <testsuite errors="0" failures="0" hostname="fv-az14" name="DISCORDANT::datachk" skipped="0" tests="70" time="4.608" timestamp="2020-10-23T10:57:52Z">
    <testcase classname="DISCORDANT_datachk" name="Check_DISCORDANT_dataset" time="0.541999999999916"/>
    <testcase classname="DISCORDANT_datachk" name="Check_DISCORDANT_dataset" time="0.00100000000009004"/>
    <testcase classname="DISCORDANT_datachk" name="Check_DISCORDANT_dataset" time="0.000999999999976353"/>
    <testcase classname="DISCORDANT_datachk" name="Check_DISCORDANT_dataset" time="0.00199999999995271"/>
    <testcase classname="DISCORDANT_datachk" name="Check_DISCORDANT_dataset" time="0.000999999999976353"/>
    <testcase classname="DISCORDANT_datachk" name="Check_DISCORDANT_dataset" time="0.00100000000009004"/>
    <testcase classname="DISCORDANT_datachk" name="Check_DISCORDANT_dataset" time="0.00199999999995271"/>
    <testcase classname="DISCORDANT_datachk" name="Check_DISCORDANT_dataset" time="0.267000000000053"/>
    <testcase classname="DISCORDANT_datachk" name="Check_DISCORDANT_dataset" time="0.000999999999976353"/>
    <testcase classname="DISCORDANT_datachk" name="Check_DISCORDANT_dataset" time="0.00199999999995271"/>
    <testcase classname="DISCORDANT_datachk" name="Check_DISCORDANT_dataset" time="0.000999999999976353"/>
    <testcase classname="DISCORDANT_datachk" name="Check_DISCORDANT_dataset" time="0.00100000000009004"/>
    <testcase classname="DISCORDANT_datachk" name="Check_DISCORDANT_dataset" time="0.000999999999976353"/>
    <testcase classname="DISCORDANT_datachk" name="Check_DISCORDANT_dataset" time="0.000999999999976353"/>
    <testcase classname="DISCORDANT_datachk" name="Check_DISCORDANT_dataset" time="0.00199999999995271"/>
    <testcase classname="DISCORDANT_datachk" name="Check_DISCORDANT_dataset" time="1.23800000000006"/>
    <testcase classname="DISCORDANT_datachk" name="Check_DISCORDANT_dataset" time="0.00199999999995271"/>
    <testcase classname="DISCORDANT_datachk" name="Check_DISCORDANT_dataset" time="0.00200000000006639"/>
    <testcase classname="DISCORDANT_datachk" name="Check_DISCORDANT_dataset" time="0.000999999999976353"/>
    <testcase classname="DISCORDANT_datachk" name="Check_DISCORDANT_dataset" time="0.00199999999995271"/>
    <testcase classname="DISCORDANT_datachk" name="Check_DISCORDANT_dataset" time="0.00100000000009004"/>
    <testcase classname="DISCORDANT_datachk" name="Check_DISCORDANT_dataset" time="0.00199999999995271"/>
    <testcase classname="DISCORDANT_datachk" name="Check_DISCORDANT_dataset" time="0.543000000000006"/>
    <testcase classname="DISCORDANT_datachk" name="Check_DISCORDANT_dataset" time="0.000999999999976353"/>
    <testcase classname="DISCORDANT_datachk" name="Check_DISCORDANT_dataset" time="0.00200000000006639"/>
    <testcase classname="DISCORDANT_datachk" name="Check_DISCORDANT_dataset" time="0.000999999999976353"/>
    <testcase classname="DISCORDANT_datachk" name="Check_DISCORDANT_dataset" time="0.00199999999995271"/>
    <testcase classname="DISCORDANT_datachk" name="Check_DISCORDANT_dataset" time="0.000999999999976353"/>
    <testcase classname="DISCORDANT_datachk" name="Check_DISCORDANT_dataset" time="0.00200000000006639"/>
    <testcase classname="DISCORDANT_datachk" name="Check_DISCORDANT_dataset" time="0.274999999999977"/>
    <testcase classname="DISCORDANT_datachk" name="Check_DISCORDANT_dataset" time="0.00199999999995271"/>
    <testcase classname="DISCORDANT_datachk" name="Check_DISCORDANT_dataset" time="0.00200000000006639"/>
    <testcase classname="DISCORDANT_datachk" name="Check_DISCORDANT_dataset" time="0.000999999999976353"/>
    <testcase classname="DISCORDANT_datachk" name="Check_DISCORDANT_dataset" time="0.00199999999995271"/>
    <testcase classname="DISCORDANT_datachk" name="Check_DISCORDANT_dataset" time="0.00200000000006639"/>
    <testcase classname="DISCORDANT_datachk" name="Check_DISCORDANT_dataset" time="0.00199999999995271"/>
    <testcase classname="DISCORDANT_datachk" name="Check_DISCORDANT_dataset" time="0.00100000000009004"/>
    <testcase classname="DISCORDANT_datachk" name="Check_DISCORDANT_dataset" time="0.00199999999995271"/>
    <testcase classname="DISCORDANT_datachk" name="Check_DISCORDANT_dataset" time="0.543999999999983"/>
    <testcase classname="DISCORDANT_datachk" name="Check_DISCORDANT_dataset" time="0.00199999999995271"/>
    <testcase classname="DISCORDANT_datachk" name="Check_DISCORDANT_dataset" time="0.00200000000006639"/>
    <testcase classname="DISCORDANT_datachk" name="Check_DISCORDANT_dataset" time="0.00199999999995271"/>
    <testcase classname="DISCORDANT_datachk" name="Check_DISCORDANT_dataset" time="0.00100000000009004"/>
    <testcase classname="DISCORDANT_datachk" name="Check_DISCORDANT_dataset" time="0.000999999999976353"/>
    <testcase classname="DISCORDANT_datachk" name="Check_DISCORDANT_dataset" time="0.00199999999995271"/>
    <testcase classname="DISCORDANT_datachk" name="Check_DISCORDANT_dataset" time="0.273000000000025"/>
    <testcase classname="DISCORDANT_datachk" name="Check_DISCORDANT_dataset" time="0.00200000000006639"/>
    <testcase classname="DISCORDANT_datachk" name="Check_DISCORDANT_dataset" time="0.000999999999976353"/>
    <testcase classname="DISCORDANT_datachk" name="Check_DISCORDANT_dataset" time="0.00199999999995271"/>
    <testcase classname="DISCORDANT_datachk" name="Check_DISCORDANT_dataset" time="0.00200000000006639"/>
    <testcase classname="DISCORDANT_datachk" name="Check_DISCORDANT_dataset" time="0.00199999999995271"/>
    <testcase classname="DISCORDANT_datachk" name="Check_DISCORDANT_dataset" time="0.00199999999995271"/>
    <testcase classname="DISCORDANT_datachk" name="Check_DISCORDANT_dataset" time="0.00200000000006639"/>
    <testcase classname="DISCORDANT_datachk" name="Check_DISCORDANT_dataset" time="0.00199999999995271"/>
    <testcase classname="DISCORDANT_datachk" name="Check_DISCORDANT_dataset" time="0.538000000000011"/>
    <testcase classname="DISCORDANT_datachk" name="Check_DISCORDANT_dataset" time="0.00200000000006639"/>
    <testcase classname="DISCORDANT_datachk" name="Check_DISCORDANT_dataset" time="0.00299999999992906"/>
    <testcase classname="DISCORDANT_datachk" name="Check_DISCORDANT_dataset" time="0.00200000000006639"/>
    <testcase classname="DISCORDANT_datachk" name="Check_DISCORDANT_dataset" time="0.00799999999992451"/>
    <testcase classname="DISCORDANT_datachk" name="Check_DISCORDANT_dataset" time="0.00200000000006639"/>
    <testcase classname="DISCORDANT_datachk" name="Check_DISCORDANT_dataset" time="0.00199999999995271"/>
    <testcase classname="DISCORDANT_datachk" name="Check_DISCORDANT_dataset" time="0.276000000000067"/>
    <testcase classname="DISCORDANT_datachk" name="Check_DISCORDANT_dataset" time="0.00299999999992906"/>
    <testcase classname="DISCORDANT_datachk" name="Check_DISCORDANT_dataset" time="0.00200000000006639"/>
    <testcase classname="DISCORDANT_datachk" name="Check_DISCORDANT_dataset" time="0.00199999999995271"/>
    <testcase classname="DISCORDANT_datachk" name="Check_DISCORDANT_dataset" time="0.00300000000004275"/>
    <testcase classname="DISCORDANT_datachk" name="Check_DISCORDANT_dataset" time="0.000999999999976353"/>
    <testcase classname="DISCORDANT_datachk" name="Check_DISCORDANT_dataset" time="0.00300000000004275"/>
    <testcase classname="DISCORDANT_datachk" name="Check_DISCORDANT_dataset" time="0.00199999999995271"/>
    <testcase classname="DISCORDANT_datachk" name="Check_DISCORDANT_dataset" time="0.00199999999995271"/>
  </testsuite>
  <testsuite errors="0" failures="0" hostname="fv-az14" name="DISCORDANT::datachk::shutdown" skipped="0" tests="3" time="0.277" timestamp="2020-10-23T10:57:57Z">
    <testcase classname="DISCORDANT_datachk_shutdown" name="shutdown" time="0.274000000000001"/>
    <testcase classname="DISCORDANT_datachk_shutdown" name="shutdown" time="0.00100000000009004"/>
    <testcase classname="DISCORDANT_datachk_shutdown" name="shutdown" time="0.00199999999995271"/>
  </testsuite>
  <testsuite errors="0" failures="0" hostname="fv-az14" name="DISCORDANT::datachk::done" skipped="0" tests="0" time="0" timestamp="2020-10-23T10:57:58Z"/>
  <testsuite errors="0" failures="0" hostname="fv-az14" name="DASIM::datachk::setup" skipped="0" tests="3" time="5.841" timestamp="2020-10-23T10:57:58Z">
    <testcase classname="DASIM_datachk_setup" name="setup" time="5.83799999999997"/>
    <testcase classname="DASIM_datachk_setup" name="setup" time="0.00100000000009004"/>
    <testcase classname="DASIM_datachk_setup" name="setup" time="0.00199999999995271"/>
  </testsuite>
  <testsuite errors="0" failures="0" hostname="fv-az14" name="DASIM::datachk" skipped="0" tests="182" time="10.641" timestamp="2020-10-23T10:58:03Z">
    <testcase classname="DASIM_datachk" name="Check_DASIM_dataset" time="0.539999999999964"/>
    <testcase classname="DASIM_datachk" name="Check_DASIM_dataset" time="0.00200000000006639"/>
    <testcase classname="DASIM_datachk" name="Check_DASIM_dataset" time="0.000999999999976353"/>
    <testcase classname="DASIM_datachk" name="Check_DASIM_dataset" time="0.000999999999976353"/>
    <testcase classname="DASIM_datachk" name="Check_DASIM_dataset" time="0.000999999999976353"/>
    <testcase classname="DASIM_datachk" name="Check_DASIM_dataset" time="0.00100000000009004"/>
    <testcase classname="DASIM_datachk" name="Check_DASIM_dataset" time="0.000999999999976353"/>
    <testcase classname="DASIM_datachk" name="Check_DASIM_dataset" time="0.269999999999982"/>
    <testcase classname="DASIM_datachk" name="Check_DASIM_dataset" time="0.00199999999995271"/>
    <testcase classname="DASIM_datachk" name="Check_DASIM_dataset" time="0.00100000000009004"/>
    <testcase classname="DASIM_datachk" name="Check_DASIM_dataset" time="0.000999999999976353"/>
    <testcase classname="DASIM_datachk" name="Check_DASIM_dataset" time="0.00199999999995271"/>
    <testcase classname="DASIM_datachk" name="Check_DASIM_dataset" time="0.000999999999976353"/>
    <testcase classname="DASIM_datachk" name="Check_DASIM_dataset" time="0.00200000000006639"/>
    <testcase classname="DASIM_datachk" name="Check_DASIM_dataset" time="0.000999999999976353"/>
    <testcase classname="DASIM_datachk" name="Check_DASIM_dataset" time="1.24000000000001"/>
    <testcase classname="DASIM_datachk" name="Check_DASIM_dataset" time="0.00900000000001455"/>
    <testcase classname="DASIM_datachk" name="Check_DASIM_dataset" time="0.00199999999995271"/>
    <testcase classname="DASIM_datachk" name="Check_DASIM_dataset" time="0.000999999999976353"/>
    <testcase classname="DASIM_datachk" name="Check_DASIM_dataset" time="0.00100000000009004"/>
    <testcase classname="DASIM_datachk" name="Check_DASIM_dataset" time="0.00199999999995271"/>
    <testcase classname="DASIM_datachk" name="Check_DASIM_dataset" time="0.000999999999976353"/>
    <testcase classname="DASIM_datachk" name="Check_DASIM_dataset" time="0.531000000000063"/>
    <testcase classname="DASIM_datachk" name="Check_DASIM_dataset" time="0.00199999999995271"/>
    <testcase classname="DASIM_datachk" name="Check_DASIM_dataset" time="0.000999999999976353"/>
    <testcase classname="DASIM_datachk" name="Check_DASIM_dataset" time="0.00200000000006639"/>
    <testcase classname="DASIM_datachk" name="Check_DASIM_dataset" time="0.00199999999995271"/>
    <testcase classname="DASIM_datachk" name="Check_DASIM_dataset" time="0.000999999999976353"/>
    <testcase classname="DASIM_datachk" name="Check_DASIM_dataset" time="0.00100000000009004"/>
    <testcase classname="DASIM_datachk" name="Check_DASIM_dataset" time="0.275999999999954"/>
    <testcase classname="DASIM_datachk" name="Check_DASIM_dataset" time="0.00199999999995271"/>
    <testcase classname="DASIM_datachk" name="Check_DASIM_dataset" time="0.00200000000006639"/>
    <testcase classname="DASIM_datachk" name="Check_DASIM_dataset" time="0.000999999999976353"/>
    <testcase classname="DASIM_datachk" name="Check_DASIM_dataset" time="0.00199999999995271"/>
    <testcase classname="DASIM_datachk" name="Check_DASIM_dataset" time="0.00200000000006639"/>
    <testcase classname="DASIM_datachk" name="Check_DASIM_dataset" time="0.000999999999976353"/>
    <testcase classname="DASIM_datachk" name="Check_DASIM_dataset" time="0.00200000000006639"/>
    <testcase classname="DASIM_datachk" name="Check_DASIM_dataset" time="0.00199999999995271"/>
    <testcase classname="DASIM_datachk" name="Check_DASIM_dataset" time="0.543999999999983"/>
    <testcase classname="DASIM_datachk" name="Check_DASIM_dataset" time="0.00200000000006639"/>
    <testcase classname="DASIM_datachk" name="Check_DASIM_dataset" time="0.00199999999995271"/>
    <testcase classname="DASIM_datachk" name="Check_DASIM_dataset" time="0.00199999999995271"/>
    <testcase classname="DASIM_datachk" name="Check_DASIM_dataset" time="0.00200000000006639"/>
    <testcase classname="DASIM_datachk" name="Check_DASIM_dataset" time="0.000999999999976353"/>
    <testcase classname="DASIM_datachk" name="Check_DASIM_dataset" time="0.00199999999995271"/>
    <testcase classname="DASIM_datachk" name="Check_DASIM_dataset" time="0.269000000000005"/>
    <testcase classname="DASIM_datachk" name="Check_DASIM_dataset" time="0.00200000000006639"/>
    <testcase classname="DASIM_datachk" name="Check_DASIM_dataset" time="0.00199999999995271"/>
    <testcase classname="DASIM_datachk" name="Check_DASIM_dataset" time="0.000999999999976353"/>
    <testcase classname="DASIM_datachk" name="Check_DASIM_dataset" time="0.0040000000000191"/>
    <testcase classname="DASIM_datachk" name="Check_DASIM_dataset" time="0.00200000000006639"/>
    <testcase classname="DASIM_datachk" name="Check_DASIM_dataset" time="0.00299999999992906"/>
    <testcase classname="DASIM_datachk" name="Check_DASIM_dataset" time="0.00200000000006639"/>
    <testcase classname="DASIM_datachk" name="Check_DASIM_dataset" time="0.00199999999995271"/>
    <testcase classname="DASIM_datachk" name="Check_DASIM_dataset" time="0.548999999999978"/>
    <testcase classname="DASIM_datachk" name="Check_DASIM_dataset" time="0.00200000000006639"/>
    <testcase classname="DASIM_datachk" name="Check_DASIM_dataset" time="0.00299999999992906"/>
    <testcase classname="DASIM_datachk" name="Check_DASIM_dataset" time="0.00100000000009004"/>
    <testcase classname="DASIM_datachk" name="Check_DASIM_dataset" time="0.00199999999995271"/>
    <testcase classname="DASIM_datachk" name="Check_DASIM_dataset" time="0.00199999999995271"/>
    <testcase classname="DASIM_datachk" name="Check_DASIM_dataset" time="0.00200000000006639"/>
    <testcase classname="DASIM_datachk" name="Check_DASIM_dataset" time="0.266999999999939"/>
    <testcase classname="DASIM_datachk" name="Check_DASIM_dataset" time="0.00200000000006639"/>
    <testcase classname="DASIM_datachk" name="Check_DASIM_dataset" time="0.00199999999995271"/>
    <testcase classname="DASIM_datachk" name="Check_DASIM_dataset" time="0.00200000000006639"/>
    <testcase classname="DASIM_datachk" name="Check_DASIM_dataset" time="0.00299999999992906"/>
    <testcase classname="DASIM_datachk" name="Check_DASIM_dataset" time="0.00200000000006639"/>
    <testcase classname="DASIM_datachk" name="Check_DASIM_dataset" time="0.00199999999995271"/>
    <testcase classname="DASIM_datachk" name="Check_DASIM_dataset" time="0.00300000000004275"/>
    <testcase classname="DASIM_datachk" name="Check_DASIM_dataset" time="0.00199999999995271"/>
    <testcase classname="DASIM_datachk" name="Check_DASIM_dataset" time="0.539999999999964"/>
    <testcase classname="DASIM_datachk" name="Check_DASIM_dataset" time="0.00200000000006639"/>
    <testcase classname="DASIM_datachk" name="Check_DASIM_dataset" time="0.00199999999995271"/>
    <testcase classname="DASIM_datachk" name="Check_DASIM_dataset" time="0.00200000000006639"/>
    <testcase classname="DASIM_datachk" name="Check_DASIM_dataset" time="0.00199999999995271"/>
    <testcase classname="DASIM_datachk" name="Check_DASIM_dataset" time="0.00300000000004275"/>
    <testcase classname="DASIM_datachk" name="Check_DASIM_dataset" time="0.00199999999995271"/>
    <testcase classname="DASIM_datachk" name="Check_DASIM_dataset" time="0.274999999999977"/>
    <testcase classname="DASIM_datachk" name="Check_DASIM_dataset" time="0.00300000000004275"/>
    <testcase classname="DASIM_datachk" name="Check_DASIM_dataset" time="0.00199999999995271"/>
    <testcase classname="DASIM_datachk" name="Check_DASIM_dataset" time="0.00300000000004275"/>
    <testcase classname="DASIM_datachk" name="Check_DASIM_dataset" time="0.00199999999995271"/>
    <testcase classname="DASIM_datachk" name="Check_DASIM_dataset" time="0.00300000000004275"/>
    <testcase classname="DASIM_datachk" name="Check_DASIM_dataset" time="0.00199999999995271"/>
    <testcase classname="DASIM_datachk" name="Check_DASIM_dataset" time="0.00300000000004275"/>
    <testcase classname="DASIM_datachk" name="Check_DASIM_dataset" time="0.00300000000004275"/>
    <testcase classname="DASIM_datachk" name="Check_DASIM_dataset" time="0.535999999999945"/>
    <testcase classname="DASIM_datachk" name="Check_DASIM_dataset" time="0.0040000000000191"/>
    <testcase classname="DASIM_datachk" name="Check_DASIM_dataset" time="0.0040000000000191"/>
    <testcase classname="DASIM_datachk" name="Check_DASIM_dataset" time="0.00300000000004275"/>
    <testcase classname="DASIM_datachk" name="Check_DASIM_dataset" time="0.00199999999995271"/>
    <testcase classname="DASIM_datachk" name="Check_DASIM_dataset" time="0.00300000000004275"/>
    <testcase classname="DASIM_datachk" name="Check_DASIM_dataset" time="0.00199999999995271"/>
    <testcase classname="DASIM_datachk" name="Check_DASIM_dataset" time="0.269000000000005"/>
    <testcase classname="DASIM_datachk" name="Check_DASIM_dataset" time="0.00300000000004275"/>
    <testcase classname="DASIM_datachk" name="Check_DASIM_dataset" time="0.00299999999992906"/>
    <testcase classname="DASIM_datachk" name="Check_DASIM_dataset" time="0.00300000000004275"/>
    <testcase classname="DASIM_datachk" name="Check_DASIM_dataset" time="0.00300000000004275"/>
    <testcase classname="DASIM_datachk" name="Check_DASIM_dataset" time="0.00199999999995271"/>
    <testcase classname="DASIM_datachk" name="Check_DASIM_dataset" time="0.00300000000004275"/>
    <testcase classname="DASIM_datachk" name="Check_DASIM_dataset" time="0.00299999999992906"/>
    <testcase classname="DASIM_datachk" name="Check_DASIM_dataset" time="0.00300000000004275"/>
    <testcase classname="DASIM_datachk" name="Check_DASIM_dataset" time="0.543000000000006"/>
    <testcase classname="DASIM_datachk" name="Check_DASIM_dataset" time="0.00199999999995271"/>
    <testcase classname="DASIM_datachk" name="Check_DASIM_dataset" time="0.00300000000004275"/>
    <testcase classname="DASIM_datachk" name="Check_DASIM_dataset" time="0.00299999999992906"/>
    <testcase classname="DASIM_datachk" name="Check_DASIM_dataset" time="0.00300000000004275"/>
    <testcase classname="DASIM_datachk" name="Check_DASIM_dataset" time="0.00300000000004275"/>
    <testcase classname="DASIM_datachk" name="Check_DASIM_dataset" time="0.00299999999992906"/>
    <testcase classname="DASIM_datachk" name="Check_DASIM_dataset" time="0.274999999999977"/>
    <testcase classname="DASIM_datachk" name="Check_DASIM_dataset" time="0.00300000000004275"/>
    <testcase classname="DASIM_datachk" name="Check_DASIM_dataset" time="0.00300000000004275"/>
    <testcase classname="DASIM_datachk" name="Check_DASIM_dataset" time="0.00299999999992906"/>
    <testcase classname="DASIM_datachk" name="Check_DASIM_dataset" time="0.00300000000004275"/>
    <testcase classname="DASIM_datachk" name="Check_DASIM_dataset" time="0.0040000000000191"/>
    <testcase classname="DASIM_datachk" name="Check_DASIM_dataset" time="0.00299999999992906"/>
    <testcase classname="DASIM_datachk" name="Check_DASIM_dataset" time="0.00300000000004275"/>
    <testcase classname="DASIM_datachk" name="Check_DASIM_dataset" time="0.00300000000004275"/>
    <testcase classname="DASIM_datachk" name="Check_DASIM_dataset" time="0.544999999999959"/>
    <testcase classname="DASIM_datachk" name="Check_DASIM_dataset" time="0.00300000000004275"/>
    <testcase classname="DASIM_datachk" name="Check_DASIM_dataset" time="0.00299999999992906"/>
    <testcase classname="DASIM_datachk" name="Check_DASIM_dataset" time="0.00300000000004275"/>
    <testcase classname="DASIM_datachk" name="Check_DASIM_dataset" time="0.0040000000000191"/>
    <testcase classname="DASIM_datachk" name="Check_DASIM_dataset" time="0.00299999999992906"/>
    <testcase classname="DASIM_datachk" name="Check_DASIM_dataset" time="0.00300000000004275"/>
    <testcase classname="DASIM_datachk" name="Check_DASIM_dataset" time="0.288999999999987"/>
    <testcase classname="DASIM_datachk" name="Check_DASIM_dataset" time="0.00300000000004275"/>
    <testcase classname="DASIM_datachk" name="Check_DASIM_dataset" time="0.00299999999992906"/>
    <testcase classname="DASIM_datachk" name="Check_DASIM_dataset" time="0.00300000000004275"/>
    <testcase classname="DASIM_datachk" name="Check_DASIM_dataset" time="0.00300000000004275"/>
    <testcase classname="DASIM_datachk" name="Check_DASIM_dataset" time="0.00299999999992906"/>
    <testcase classname="DASIM_datachk" name="Check_DASIM_dataset" time="0.00300000000004275"/>
    <testcase classname="DASIM_datachk" name="Check_DASIM_dataset" time="0.00299999999992906"/>
    <testcase classname="DASIM_datachk" name="Check_DASIM_dataset" time="0.00300000000004275"/>
    <testcase classname="DASIM_datachk" name="Check_DASIM_dataset" time="0.529999999999973"/>
    <testcase classname="DASIM_datachk" name="Check_DASIM_dataset" time="0.00300000000004275"/>
    <testcase classname="DASIM_datachk" name="Check_DASIM_dataset" time="0.00300000000004275"/>
    <testcase classname="DASIM_datachk" name="Check_DASIM_dataset" time="0.00299999999992906"/>
    <testcase classname="DASIM_datachk" name="Check_DASIM_dataset" time="0.00300000000004275"/>
    <testcase classname="DASIM_datachk" name="Check_DASIM_dataset" time="0.00299999999992906"/>
    <testcase classname="DASIM_datachk" name="Check_DASIM_dataset" time="0.00300000000004275"/>
    <testcase classname="DASIM_datachk" name="Check_DASIM_dataset" time="0.288000000000011"/>
    <testcase classname="DASIM_datachk" name="Check_DASIM_dataset" time="0.0040000000000191"/>
    <testcase classname="DASIM_datachk" name="Check_DASIM_dataset" time="0.0040000000000191"/>
    <testcase classname="DASIM_datachk" name="Check_DASIM_dataset" time="0.00399999999990541"/>
    <testcase classname="DASIM_datachk" name="Check_DASIM_dataset" time="0.0040000000000191"/>
    <testcase classname="DASIM_datachk" name="Check_DASIM_dataset" time="0.0040000000000191"/>
    <testcase classname="DASIM_datachk" name="Check_DASIM_dataset" time="0.0040000000000191"/>
    <testcase classname="DASIM_datachk" name="Check_DASIM_dataset" time="0.00300000000004275"/>
    <testcase classname="DASIM_datachk" name="Check_DASIM_dataset" time="0.00399999999990541"/>
    <testcase classname="DASIM_datachk" name="Check_DASIM_dataset" time="0.550000000000068"/>
    <testcase classname="DASIM_datachk" name="Check_DASIM_dataset" time="0.00299999999992906"/>
    <testcase classname="DASIM_datachk" name="Check_DASIM_dataset" time="0.00300000000004275"/>
    <testcase classname="DASIM_datachk" name="Check_DASIM_dataset" time="0.00300000000004275"/>
    <testcase classname="DASIM_datachk" name="Check_DASIM_dataset" time="0.0040000000000191"/>
    <testcase classname="DASIM_datachk" name="Check_DASIM_dataset" time="0.00299999999992906"/>
    <testcase classname="DASIM_datachk" name="Check_DASIM_dataset" time="0.0040000000000191"/>
    <testcase classname="DASIM_datachk" name="Check_DASIM_dataset" time="0.273000000000025"/>
    <testcase classname="DASIM_datachk" name="Check_DASIM_dataset" time="0.0040000000000191"/>
    <testcase classname="DASIM_datachk" name="Check_DASIM_dataset" time="0.00299999999992906"/>
    <testcase classname="DASIM_datachk" name="Check_DASIM_dataset" time="0.0040000000000191"/>
    <testcase classname="DASIM_datachk" name="Check_DASIM_dataset" time="0.00300000000004275"/>
    <testcase classname="DASIM_datachk" name="Check_DASIM_dataset" time="0.00299999999992906"/>
    <testcase classname="DASIM_datachk" name="Check_DASIM_dataset" time="0.0040000000000191"/>
    <testcase classname="DASIM_datachk" name="Check_DASIM_dataset" time="0.00300000000004275"/>
    <testcase classname="DASIM_datachk" name="Check_DASIM_dataset" time="0.00299999999992906"/>
    <testcase classname="DASIM_datachk" name="Check_DASIM_dataset" time="0.544000000000096"/>
    <testcase classname="DASIM_datachk" name="Check_DASIM_dataset" time="0.00299999999992906"/>
    <testcase classname="DASIM_datachk" name="Check_DASIM_dataset" time="0.00300000000004275"/>
    <testcase classname="DASIM_datachk" name="Check_DASIM_dataset" time="0.0040000000000191"/>
    <testcase classname="DASIM_datachk" name="Check_DASIM_dataset" time="0.00299999999992906"/>
    <testcase classname="DASIM_datachk" name="Check_DASIM_dataset" time="0.0040000000000191"/>
    <testcase classname="DASIM_datachk" name="Check_DASIM_dataset" time="0.0040000000000191"/>
    <testcase classname="DASIM_datachk" name="Check_DASIM_dataset" time="0.269999999999982"/>
    <testcase classname="DASIM_datachk" name="Check_DASIM_dataset" time="0.00499999999999545"/>
    <testcase classname="DASIM_datachk" name="Check_DASIM_dataset" time="0.0040000000000191"/>
    <testcase classname="DASIM_datachk" name="Check_DASIM_dataset" time="0.0040000000000191"/>
    <testcase classname="DASIM_datachk" name="Check_DASIM_dataset" time="0.00499999999999545"/>
    <testcase classname="DASIM_datachk" name="Check_DASIM_dataset" time="0.00499999999999545"/>
    <testcase classname="DASIM_datachk" name="Check_DASIM_dataset" time="0.0040000000000191"/>
    <testcase classname="DASIM_datachk" name="Check_DASIM_dataset" time="0.0040000000000191"/>
    <testcase classname="DASIM_datachk" name="Check_DASIM_dataset" time="0.00499999999999545"/>
  </testsuite>
  <testsuite errors="0" failures="0" hostname="fv-az14" name="DASIM::datachk::shutdown" skipped="0" tests="3" time="0.289" timestamp="2020-10-23T10:58:13Z">
    <testcase classname="DASIM_datachk_shutdown" name="shutdown" time="0.285999999999945"/>
    <testcase classname="DASIM_datachk_shutdown" name="shutdown" time="0.00199999999995271"/>
    <testcase classname="DASIM_datachk_shutdown" name="shutdown" time="0.00100000000009004"/>
  </testsuite>
  <testsuite errors="0" failures="0" hostname="fv-az14" name="DASIM::datachk::done" skipped="0" tests="0" time="0" timestamp="2020-10-23T10:58:14Z"/>
  <testsuite errors="0" failures="0" hostname="fv-az14" name="FACTOR_LEVELS::datachk::setup" skipped="0" tests="3" time="5.321" timestamp="2020-10-23T10:58:14Z">
    <testcase classname="FACTOR_LEVELS_datachk_setup" name="setup" time="5.31799999999998"/>
    <testcase classname="FACTOR_LEVELS_datachk_setup" name="setup" time="0.000999999999976353"/>
    <testcase classname="FACTOR_LEVELS_datachk_setup" name="setup" time="0.00199999999995271"/>
  </testsuite>
  <testsuite errors="0" failures="0" hostname="fv-az14" name="FACTOR_LEVELS::datachk" skipped="0" tests="182" time="10.612" timestamp="2020-10-23T10:58:19Z">
    <testcase classname="FACTOR_LEVELS_datachk" name="Check_FACTOR_LEVELS_dataset" time="0.552999999999997"/>
    <testcase classname="FACTOR_LEVELS_datachk" name="Check_FACTOR_LEVELS_dataset" time="0.00100000000009004"/>
    <testcase classname="FACTOR_LEVELS_datachk" name="Check_FACTOR_LEVELS_dataset" time="0.000999999999976353"/>
    <testcase classname="FACTOR_LEVELS_datachk" name="Check_FACTOR_LEVELS_dataset" time="0.000999999999976353"/>
    <testcase classname="FACTOR_LEVELS_datachk" name="Check_FACTOR_LEVELS_dataset" time="0.00200000000006639"/>
    <testcase classname="FACTOR_LEVELS_datachk" name="Check_FACTOR_LEVELS_dataset" time="0.000999999999976353"/>
    <testcase classname="FACTOR_LEVELS_datachk" name="Check_FACTOR_LEVELS_dataset" time="0.000999999999976353"/>
    <testcase classname="FACTOR_LEVELS_datachk" name="Check_FACTOR_LEVELS_dataset" time="0.26400000000001"/>
    <testcase classname="FACTOR_LEVELS_datachk" name="Check_FACTOR_LEVELS_dataset" time="0.000999999999976353"/>
    <testcase classname="FACTOR_LEVELS_datachk" name="Check_FACTOR_LEVELS_dataset" time="0.00199999999995271"/>
    <testcase classname="FACTOR_LEVELS_datachk" name="Check_FACTOR_LEVELS_dataset" time="0.00100000000009004"/>
    <testcase classname="FACTOR_LEVELS_datachk" name="Check_FACTOR_LEVELS_dataset" time="0.00199999999995271"/>
    <testcase classname="FACTOR_LEVELS_datachk" name="Check_FACTOR_LEVELS_dataset" time="0.000999999999976353"/>
    <testcase classname="FACTOR_LEVELS_datachk" name="Check_FACTOR_LEVELS_dataset" time="0.00100000000009004"/>
    <testcase classname="FACTOR_LEVELS_datachk" name="Check_FACTOR_LEVELS_dataset" time="0.00199999999995271"/>
    <testcase classname="FACTOR_LEVELS_datachk" name="Check_FACTOR_LEVELS_dataset" time="1.23199999999997"/>
    <testcase classname="FACTOR_LEVELS_datachk" name="Check_FACTOR_LEVELS_dataset" time="0.00200000000006639"/>
    <testcase classname="FACTOR_LEVELS_datachk" name="Check_FACTOR_LEVELS_dataset" time="0.00199999999995271"/>
    <testcase classname="FACTOR_LEVELS_datachk" name="Check_FACTOR_LEVELS_dataset" time="0.000999999999976353"/>
    <testcase classname="FACTOR_LEVELS_datachk" name="Check_FACTOR_LEVELS_dataset" time="0.00200000000006639"/>
    <testcase classname="FACTOR_LEVELS_datachk" name="Check_FACTOR_LEVELS_dataset" time="0.00199999999995271"/>
    <testcase classname="FACTOR_LEVELS_datachk" name="Check_FACTOR_LEVELS_dataset" time="0.00199999999995271"/>
    <testcase classname="FACTOR_LEVELS_datachk" name="Check_FACTOR_LEVELS_dataset" time="0.544000000000096"/>
    <testcase classname="FACTOR_LEVELS_datachk" name="Check_FACTOR_LEVELS_dataset" time="0.00199999999995271"/>
    <testcase classname="FACTOR_LEVELS_datachk" name="Check_FACTOR_LEVELS_dataset" time="0.000999999999976353"/>
    <testcase classname="FACTOR_LEVELS_datachk" name="Check_FACTOR_LEVELS_dataset" time="0.000999999999976353"/>
    <testcase classname="FACTOR_LEVELS_datachk" name="Check_FACTOR_LEVELS_dataset" time="0.00200000000006639"/>
    <testcase classname="FACTOR_LEVELS_datachk" name="Check_FACTOR_LEVELS_dataset" time="0.000999999999976353"/>
    <testcase classname="FACTOR_LEVELS_datachk" name="Check_FACTOR_LEVELS_dataset" time="0.00199999999995271"/>
    <testcase classname="FACTOR_LEVELS_datachk" name="Check_FACTOR_LEVELS_dataset" time="0.268000000000029"/>
    <testcase classname="FACTOR_LEVELS_datachk" name="Check_FACTOR_LEVELS_dataset" time="0.00200000000006639"/>
    <testcase classname="FACTOR_LEVELS_datachk" name="Check_FACTOR_LEVELS_dataset" time="0.000999999999976353"/>
    <testcase classname="FACTOR_LEVELS_datachk" name="Check_FACTOR_LEVELS_dataset" time="0.00199999999995271"/>
    <testcase classname="FACTOR_LEVELS_datachk" name="Check_FACTOR_LEVELS_dataset" time="0.000999999999976353"/>
    <testcase classname="FACTOR_LEVELS_datachk" name="Check_FACTOR_LEVELS_dataset" time="0.00100000000009004"/>
    <testcase classname="FACTOR_LEVELS_datachk" name="Check_FACTOR_LEVELS_dataset" time="0.00199999999995271"/>
    <testcase classname="FACTOR_LEVELS_datachk" name="Check_FACTOR_LEVELS_dataset" time="0.00200000000006639"/>
    <testcase classname="FACTOR_LEVELS_datachk" name="Check_FACTOR_LEVELS_dataset" time="0.000999999999976353"/>
    <testcase classname="FACTOR_LEVELS_datachk" name="Check_FACTOR_LEVELS_dataset" time="0.535999999999945"/>
    <testcase classname="FACTOR_LEVELS_datachk" name="Check_FACTOR_LEVELS_dataset" time="0.00200000000006639"/>
    <testcase classname="FACTOR_LEVELS_datachk" name="Check_FACTOR_LEVELS_dataset" time="0.00199999999995271"/>
    <testcase classname="FACTOR_LEVELS_datachk" name="Check_FACTOR_LEVELS_dataset" time="0.000999999999976353"/>
    <testcase classname="FACTOR_LEVELS_datachk" name="Check_FACTOR_LEVELS_dataset" time="0.00200000000006639"/>
    <testcase classname="FACTOR_LEVELS_datachk" name="Check_FACTOR_LEVELS_dataset" time="0.00199999999995271"/>
    <testcase classname="FACTOR_LEVELS_datachk" name="Check_FACTOR_LEVELS_dataset" time="0.00200000000006639"/>
    <testcase classname="FACTOR_LEVELS_datachk" name="Check_FACTOR_LEVELS_dataset" time="0.27699999999993"/>
    <testcase classname="FACTOR_LEVELS_datachk" name="Check_FACTOR_LEVELS_dataset" time="0.00200000000006639"/>
    <testcase classname="FACTOR_LEVELS_datachk" name="Check_FACTOR_LEVELS_dataset" time="0.00199999999995271"/>
    <testcase classname="FACTOR_LEVELS_datachk" name="Check_FACTOR_LEVELS_dataset" time="0.000999999999976353"/>
    <testcase classname="FACTOR_LEVELS_datachk" name="Check_FACTOR_LEVELS_dataset" time="0.00200000000006639"/>
    <testcase classname="FACTOR_LEVELS_datachk" name="Check_FACTOR_LEVELS_dataset" time="0.00199999999995271"/>
    <testcase classname="FACTOR_LEVELS_datachk" name="Check_FACTOR_LEVELS_dataset" time="0.00199999999995271"/>
    <testcase classname="FACTOR_LEVELS_datachk" name="Check_FACTOR_LEVELS_dataset" time="0.00200000000006639"/>
    <testcase classname="FACTOR_LEVELS_datachk" name="Check_FACTOR_LEVELS_dataset" time="0.00199999999995271"/>
    <testcase classname="FACTOR_LEVELS_datachk" name="Check_FACTOR_LEVELS_dataset" time="0.546000000000049"/>
    <testcase classname="FACTOR_LEVELS_datachk" name="Check_FACTOR_LEVELS_dataset" time="0.00199999999995271"/>
    <testcase classname="FACTOR_LEVELS_datachk" name="Check_FACTOR_LEVELS_dataset" time="0.00999999999999091"/>
    <testcase classname="FACTOR_LEVELS_datachk" name="Check_FACTOR_LEVELS_dataset" time="0.00200000000006639"/>
    <testcase classname="FACTOR_LEVELS_datachk" name="Check_FACTOR_LEVELS_dataset" time="0.00199999999995271"/>
    <testcase classname="FACTOR_LEVELS_datachk" name="Check_FACTOR_LEVELS_dataset" time="0.00200000000006639"/>
    <testcase classname="FACTOR_LEVELS_datachk" name="Check_FACTOR_LEVELS_dataset" time="0.00199999999995271"/>
    <testcase classname="FACTOR_LEVELS_datachk" name="Check_FACTOR_LEVELS_dataset" time="0.273000000000025"/>
    <testcase classname="FACTOR_LEVELS_datachk" name="Check_FACTOR_LEVELS_dataset" time="0.00199999999995271"/>
    <testcase classname="FACTOR_LEVELS_datachk" name="Check_FACTOR_LEVELS_dataset" time="0.00200000000006639"/>
    <testcase classname="FACTOR_LEVELS_datachk" name="Check_FACTOR_LEVELS_dataset" time="0.00199999999995271"/>
    <testcase classname="FACTOR_LEVELS_datachk" name="Check_FACTOR_LEVELS_dataset" time="0.00300000000004275"/>
    <testcase classname="FACTOR_LEVELS_datachk" name="Check_FACTOR_LEVELS_dataset" time="0.00199999999995271"/>
    <testcase classname="FACTOR_LEVELS_datachk" name="Check_FACTOR_LEVELS_dataset" time="0.00199999999995271"/>
    <testcase classname="FACTOR_LEVELS_datachk" name="Check_FACTOR_LEVELS_dataset" time="0.00200000000006639"/>
    <testcase classname="FACTOR_LEVELS_datachk" name="Check_FACTOR_LEVELS_dataset" time="0.00300000000004275"/>
    <testcase classname="FACTOR_LEVELS_datachk" name="Check_FACTOR_LEVELS_dataset" time="0.541999999999916"/>
    <testcase classname="FACTOR_LEVELS_datachk" name="Check_FACTOR_LEVELS_dataset" time="0.00300000000004275"/>
    <testcase classname="FACTOR_LEVELS_datachk" name="Check_FACTOR_LEVELS_dataset" time="0.00199999999995271"/>
    <testcase classname="FACTOR_LEVELS_datachk" name="Check_FACTOR_LEVELS_dataset" time="0.00300000000004275"/>
    <testcase classname="FACTOR_LEVELS_datachk" name="Check_FACTOR_LEVELS_dataset" time="0.00199999999995271"/>
    <testcase classname="FACTOR_LEVELS_datachk" name="Check_FACTOR_LEVELS_dataset" time="0.00200000000006639"/>
    <testcase classname="FACTOR_LEVELS_datachk" name="Check_FACTOR_LEVELS_dataset" time="0.00199999999995271"/>
    <testcase classname="FACTOR_LEVELS_datachk" name="Check_FACTOR_LEVELS_dataset" time="0.276000000000067"/>
    <testcase classname="FACTOR_LEVELS_datachk" name="Check_FACTOR_LEVELS_dataset" time="0.00199999999995271"/>
    <testcase classname="FACTOR_LEVELS_datachk" name="Check_FACTOR_LEVELS_dataset" time="0.00300000000004275"/>
    <testcase classname="FACTOR_LEVELS_datachk" name="Check_FACTOR_LEVELS_dataset" time="0.00199999999995271"/>
    <testcase classname="FACTOR_LEVELS_datachk" name="Check_FACTOR_LEVELS_dataset" time="0.00300000000004275"/>
    <testcase classname="FACTOR_LEVELS_datachk" name="Check_FACTOR_LEVELS_dataset" time="0.00199999999995271"/>
    <testcase classname="FACTOR_LEVELS_datachk" name="Check_FACTOR_LEVELS_dataset" time="0.00300000000004275"/>
    <testcase classname="FACTOR_LEVELS_datachk" name="Check_FACTOR_LEVELS_dataset" time="0.00199999999995271"/>
    <testcase classname="FACTOR_LEVELS_datachk" name="Check_FACTOR_LEVELS_dataset" time="0.00300000000004275"/>
    <testcase classname="FACTOR_LEVELS_datachk" name="Check_FACTOR_LEVELS_dataset" time="0.538000000000011"/>
    <testcase classname="FACTOR_LEVELS_datachk" name="Check_FACTOR_LEVELS_dataset" time="0.00199999999995271"/>
    <testcase classname="FACTOR_LEVELS_datachk" name="Check_FACTOR_LEVELS_dataset" time="0.00199999999995271"/>
    <testcase classname="FACTOR_LEVELS_datachk" name="Check_FACTOR_LEVELS_dataset" time="0.00200000000006639"/>
    <testcase classname="FACTOR_LEVELS_datachk" name="Check_FACTOR_LEVELS_dataset" time="0.00299999999992906"/>
    <testcase classname="FACTOR_LEVELS_datachk" name="Check_FACTOR_LEVELS_dataset" time="0.00200000000006639"/>
    <testcase classname="FACTOR_LEVELS_datachk" name="Check_FACTOR_LEVELS_dataset" time="0.00300000000004275"/>
    <testcase classname="FACTOR_LEVELS_datachk" name="Check_FACTOR_LEVELS_dataset" time="0.274999999999977"/>
    <testcase classname="FACTOR_LEVELS_datachk" name="Check_FACTOR_LEVELS_dataset" time="0.00299999999992906"/>
    <testcase classname="FACTOR_LEVELS_datachk" name="Check_FACTOR_LEVELS_dataset" time="0.00300000000004275"/>
    <testcase classname="FACTOR_LEVELS_datachk" name="Check_FACTOR_LEVELS_dataset" time="0.00199999999995271"/>
    <testcase classname="FACTOR_LEVELS_datachk" name="Check_FACTOR_LEVELS_dataset" time="0.00300000000004275"/>
    <testcase classname="FACTOR_LEVELS_datachk" name="Check_FACTOR_LEVELS_dataset" time="0.00199999999995271"/>
    <testcase classname="FACTOR_LEVELS_datachk" name="Check_FACTOR_LEVELS_dataset" time="0.00300000000004275"/>
    <testcase classname="FACTOR_LEVELS_datachk" name="Check_FACTOR_LEVELS_dataset" time="0.00300000000004275"/>
    <testcase classname="FACTOR_LEVELS_datachk" name="Check_FACTOR_LEVELS_dataset" time="0.00199999999995271"/>
    <testcase classname="FACTOR_LEVELS_datachk" name="Check_FACTOR_LEVELS_dataset" time="0.55600000000004"/>
    <testcase classname="FACTOR_LEVELS_datachk" name="Check_FACTOR_LEVELS_dataset" time="0.00299999999992906"/>
    <testcase classname="FACTOR_LEVELS_datachk" name="Check_FACTOR_LEVELS_dataset" time="0.00300000000004275"/>
    <testcase classname="FACTOR_LEVELS_datachk" name="Check_FACTOR_LEVELS_dataset" time="0.00300000000004275"/>
    <testcase classname="FACTOR_LEVELS_datachk" name="Check_FACTOR_LEVELS_dataset" time="0.00299999999992906"/>
    <testcase classname="FACTOR_LEVELS_datachk" name="Check_FACTOR_LEVELS_dataset" time="0.00300000000004275"/>
    <testcase classname="FACTOR_LEVELS_datachk" name="Check_FACTOR_LEVELS_dataset" time="0.00199999999995271"/>
    <testcase classname="FACTOR_LEVELS_datachk" name="Check_FACTOR_LEVELS_dataset" time="0.272000000000048"/>
    <testcase classname="FACTOR_LEVELS_datachk" name="Check_FACTOR_LEVELS_dataset" time="0.00299999999992906"/>
    <testcase classname="FACTOR_LEVELS_datachk" name="Check_FACTOR_LEVELS_dataset" time="0.00300000000004275"/>
    <testcase classname="FACTOR_LEVELS_datachk" name="Check_FACTOR_LEVELS_dataset" time="0.00200000000006639"/>
    <testcase classname="FACTOR_LEVELS_datachk" name="Check_FACTOR_LEVELS_dataset" time="0.00299999999992906"/>
    <testcase classname="FACTOR_LEVELS_datachk" name="Check_FACTOR_LEVELS_dataset" time="0.00300000000004275"/>
    <testcase classname="FACTOR_LEVELS_datachk" name="Check_FACTOR_LEVELS_dataset" time="0.0040000000000191"/>
    <testcase classname="FACTOR_LEVELS_datachk" name="Check_FACTOR_LEVELS_dataset" time="0.00299999999992906"/>
    <testcase classname="FACTOR_LEVELS_datachk" name="Check_FACTOR_LEVELS_dataset" time="0.00300000000004275"/>
    <testcase classname="FACTOR_LEVELS_datachk" name="Check_FACTOR_LEVELS_dataset" time="0.538000000000011"/>
    <testcase classname="FACTOR_LEVELS_datachk" name="Check_FACTOR_LEVELS_dataset" time="0.00499999999999545"/>
    <testcase classname="FACTOR_LEVELS_datachk" name="Check_FACTOR_LEVELS_dataset" time="0.00299999999992906"/>
    <testcase classname="FACTOR_LEVELS_datachk" name="Check_FACTOR_LEVELS_dataset" time="0.00300000000004275"/>
    <testcase classname="FACTOR_LEVELS_datachk" name="Check_FACTOR_LEVELS_dataset" time="0.0040000000000191"/>
    <testcase classname="FACTOR_LEVELS_datachk" name="Check_FACTOR_LEVELS_dataset" time="0.00300000000004275"/>
    <testcase classname="FACTOR_LEVELS_datachk" name="Check_FACTOR_LEVELS_dataset" time="0.00399999999990541"/>
    <testcase classname="FACTOR_LEVELS_datachk" name="Check_FACTOR_LEVELS_dataset" time="0.283999999999992"/>
    <testcase classname="FACTOR_LEVELS_datachk" name="Check_FACTOR_LEVELS_dataset" time="0.00300000000004275"/>
    <testcase classname="FACTOR_LEVELS_datachk" name="Check_FACTOR_LEVELS_dataset" time="0.00300000000004275"/>
    <testcase classname="FACTOR_LEVELS_datachk" name="Check_FACTOR_LEVELS_dataset" time="0.00299999999992906"/>
    <testcase classname="FACTOR_LEVELS_datachk" name="Check_FACTOR_LEVELS_dataset" time="0.00300000000004275"/>
    <testcase classname="FACTOR_LEVELS_datachk" name="Check_FACTOR_LEVELS_dataset" time="0.00300000000004275"/>
    <testcase classname="FACTOR_LEVELS_datachk" name="Check_FACTOR_LEVELS_dataset" time="0.00299999999992906"/>
    <testcase classname="FACTOR_LEVELS_datachk" name="Check_FACTOR_LEVELS_dataset" time="0.00200000000006639"/>
    <testcase classname="FACTOR_LEVELS_datachk" name="Check_FACTOR_LEVELS_dataset" time="0.00399999999990541"/>
    <testcase classname="FACTOR_LEVELS_datachk" name="Check_FACTOR_LEVELS_dataset" time="0.531000000000063"/>
    <testcase classname="FACTOR_LEVELS_datachk" name="Check_FACTOR_LEVELS_dataset" time="0.00299999999992906"/>
    <testcase classname="FACTOR_LEVELS_datachk" name="Check_FACTOR_LEVELS_dataset" time="0.00300000000004275"/>
    <testcase classname="FACTOR_LEVELS_datachk" name="Check_FACTOR_LEVELS_dataset" time="0.0040000000000191"/>
    <testcase classname="FACTOR_LEVELS_datachk" name="Check_FACTOR_LEVELS_dataset" time="0.00300000000004275"/>
    <testcase classname="FACTOR_LEVELS_datachk" name="Check_FACTOR_LEVELS_dataset" time="0.00399999999990541"/>
    <testcase classname="FACTOR_LEVELS_datachk" name="Check_FACTOR_LEVELS_dataset" time="0.0040000000000191"/>
    <testcase classname="FACTOR_LEVELS_datachk" name="Check_FACTOR_LEVELS_dataset" time="0.272000000000048"/>
    <testcase classname="FACTOR_LEVELS_datachk" name="Check_FACTOR_LEVELS_dataset" time="0.00299999999992906"/>
    <testcase classname="FACTOR_LEVELS_datachk" name="Check_FACTOR_LEVELS_dataset" time="0.00300000000004275"/>
    <testcase classname="FACTOR_LEVELS_datachk" name="Check_FACTOR_LEVELS_dataset" time="0.00300000000004275"/>
    <testcase classname="FACTOR_LEVELS_datachk" name="Check_FACTOR_LEVELS_dataset" time="0.00299999999992906"/>
    <testcase classname="FACTOR_LEVELS_datachk" name="Check_FACTOR_LEVELS_dataset" time="0.00300000000004275"/>
    <testcase classname="FACTOR_LEVELS_datachk" name="Check_FACTOR_LEVELS_dataset" time="0.00300000000004275"/>
    <testcase classname="FACTOR_LEVELS_datachk" name="Check_FACTOR_LEVELS_dataset" time="0.00299999999992906"/>
    <testcase classname="FACTOR_LEVELS_datachk" name="Check_FACTOR_LEVELS_dataset" time="0.00300000000004275"/>
    <testcase classname="FACTOR_LEVELS_datachk" name="Check_FACTOR_LEVELS_dataset" time="0.535999999999945"/>
    <testcase classname="FACTOR_LEVELS_datachk" name="Check_FACTOR_LEVELS_dataset" time="0.0040000000000191"/>
    <testcase classname="FACTOR_LEVELS_datachk" name="Check_FACTOR_LEVELS_dataset" time="0.0040000000000191"/>
    <testcase classname="FACTOR_LEVELS_datachk" name="Check_FACTOR_LEVELS_dataset" time="0.00300000000004275"/>
    <testcase classname="FACTOR_LEVELS_datachk" name="Check_FACTOR_LEVELS_dataset" time="0.00399999999990541"/>
    <testcase classname="FACTOR_LEVELS_datachk" name="Check_FACTOR_LEVELS_dataset" time="0.00300000000004275"/>
    <testcase classname="FACTOR_LEVELS_datachk" name="Check_FACTOR_LEVELS_dataset" time="0.0040000000000191"/>
    <testcase classname="FACTOR_LEVELS_datachk" name="Check_FACTOR_LEVELS_dataset" time="0.269000000000005"/>
    <testcase classname="FACTOR_LEVELS_datachk" name="Check_FACTOR_LEVELS_dataset" time="0.0040000000000191"/>
    <testcase classname="FACTOR_LEVELS_datachk" name="Check_FACTOR_LEVELS_dataset" time="0.00399999999990541"/>
    <testcase classname="FACTOR_LEVELS_datachk" name="Check_FACTOR_LEVELS_dataset" time="0.0040000000000191"/>
    <testcase classname="FACTOR_LEVELS_datachk" name="Check_FACTOR_LEVELS_dataset" time="0.0040000000000191"/>
    <testcase classname="FACTOR_LEVELS_datachk" name="Check_FACTOR_LEVELS_dataset" time="0.0040000000000191"/>
    <testcase classname="FACTOR_LEVELS_datachk" name="Check_FACTOR_LEVELS_dataset" time="0.0040000000000191"/>
    <testcase classname="FACTOR_LEVELS_datachk" name="Check_FACTOR_LEVELS_dataset" time="0.0040000000000191"/>
    <testcase classname="FACTOR_LEVELS_datachk" name="Check_FACTOR_LEVELS_dataset" time="0.00399999999990541"/>
    <testcase classname="FACTOR_LEVELS_datachk" name="Check_FACTOR_LEVELS_dataset" time="0.536000000000058"/>
    <testcase classname="FACTOR_LEVELS_datachk" name="Check_FACTOR_LEVELS_dataset" time="0.0040000000000191"/>
    <testcase classname="FACTOR_LEVELS_datachk" name="Check_FACTOR_LEVELS_dataset" time="0.0040000000000191"/>
    <testcase classname="FACTOR_LEVELS_datachk" name="Check_FACTOR_LEVELS_dataset" time="0.00299999999992906"/>
    <testcase classname="FACTOR_LEVELS_datachk" name="Check_FACTOR_LEVELS_dataset" time="0.00300000000004275"/>
    <testcase classname="FACTOR_LEVELS_datachk" name="Check_FACTOR_LEVELS_dataset" time="0.0040000000000191"/>
    <testcase classname="FACTOR_LEVELS_datachk" name="Check_FACTOR_LEVELS_dataset" time="0.0040000000000191"/>
    <testcase classname="FACTOR_LEVELS_datachk" name="Check_FACTOR_LEVELS_dataset" time="0.272999999999911"/>
    <testcase classname="FACTOR_LEVELS_datachk" name="Check_FACTOR_LEVELS_dataset" time="0.00300000000004275"/>
    <testcase classname="FACTOR_LEVELS_datachk" name="Check_FACTOR_LEVELS_dataset" time="0.0040000000000191"/>
    <testcase classname="FACTOR_LEVELS_datachk" name="Check_FACTOR_LEVELS_dataset" time="0.0040000000000191"/>
    <testcase classname="FACTOR_LEVELS_datachk" name="Check_FACTOR_LEVELS_dataset" time="0.00399999999990541"/>
    <testcase classname="FACTOR_LEVELS_datachk" name="Check_FACTOR_LEVELS_dataset" time="0.0040000000000191"/>
    <testcase classname="FACTOR_LEVELS_datachk" name="Check_FACTOR_LEVELS_dataset" time="0.0040000000000191"/>
    <testcase classname="FACTOR_LEVELS_datachk" name="Check_FACTOR_LEVELS_dataset" time="0.0040000000000191"/>
    <testcase classname="FACTOR_LEVELS_datachk" name="Check_FACTOR_LEVELS_dataset" time="0.0040000000000191"/>
  </testsuite>
  <testsuite errors="0" failures="0" hostname="fv-az14" name="FACTOR_LEVELS::datachk::shutdown" skipped="0" tests="3" time="0.281" timestamp="2020-10-23T10:58:30Z">
    <testcase classname="FACTOR_LEVELS_datachk_shutdown" name="shutdown" time="0.278999999999996"/>
    <testcase classname="FACTOR_LEVELS_datachk_shutdown" name="shutdown" time="0.000999999999976353"/>
    <testcase classname="FACTOR_LEVELS_datachk_shutdown" name="shutdown" time="0.000999999999976353"/>
  </testsuite>
  <testsuite errors="0" failures="0" hostname="fv-az14" name="FACTOR_LEVELS::datachk::done" skipped="0" tests="0" time="0" timestamp="2020-10-23T10:58:31Z"/>
  <testsuite errors="0" failures="0" hostname="fv-az14" name="SURVIVAL_EXPAND_WITH_MISSING::datachk::setup" skipped="0" tests="3" time="5.184" timestamp="2020-10-23T10:58:31Z">
    <testcase classname="SURVIVAL_EXPAND_WITH_MISSING_datachk_setup" name="setup" time="5.18100000000004"/>
    <testcase classname="SURVIVAL_EXPAND_WITH_MISSING_datachk_setup" name="setup" time="0.00199999999995271"/>
    <testcase classname="SURVIVAL_EXPAND_WITH_MISSING_datachk_setup" name="setup" time="0.000999999999976353"/>
  </testsuite>
  <testsuite errors="0" failures="0" hostname="fv-az14" name="SURVIVAL_EXPAND_WITH_MISSING::datachk" skipped="0" tests="198" time="11.435" timestamp="2020-10-23T10:58:35Z">
    <testcase classname="SURVIVAL_EXPAND_WITH_MISSING_datachk" name="Check_SURVIVAL_EXPAND_WITH_MISSING_dataset" time="0.538000000000011"/>
    <testcase classname="SURVIVAL_EXPAND_WITH_MISSING_datachk" name="Check_SURVIVAL_EXPAND_WITH_MISSING_dataset" time="0.00200000000006639"/>
    <testcase classname="SURVIVAL_EXPAND_WITH_MISSING_datachk" name="Check_SURVIVAL_EXPAND_WITH_MISSING_dataset" time="0.000999999999976353"/>
    <testcase classname="SURVIVAL_EXPAND_WITH_MISSING_datachk" name="Check_SURVIVAL_EXPAND_WITH_MISSING_dataset" time="0.000999999999976353"/>
    <testcase classname="SURVIVAL_EXPAND_WITH_MISSING_datachk" name="Check_SURVIVAL_EXPAND_WITH_MISSING_dataset" time="0.000999999999976353"/>
    <testcase classname="SURVIVAL_EXPAND_WITH_MISSING_datachk" name="Check_SURVIVAL_EXPAND_WITH_MISSING_dataset" time="0.00200000000006639"/>
    <testcase classname="SURVIVAL_EXPAND_WITH_MISSING_datachk" name="Check_SURVIVAL_EXPAND_WITH_MISSING_dataset" time="0.000999999999976353"/>
    <testcase classname="SURVIVAL_EXPAND_WITH_MISSING_datachk" name="Check_SURVIVAL_EXPAND_WITH_MISSING_dataset" time="0.269000000000005"/>
    <testcase classname="SURVIVAL_EXPAND_WITH_MISSING_datachk" name="Check_SURVIVAL_EXPAND_WITH_MISSING_dataset" time="0.00199999999995271"/>
    <testcase classname="SURVIVAL_EXPAND_WITH_MISSING_datachk" name="Check_SURVIVAL_EXPAND_WITH_MISSING_dataset" time="0.00100000000009004"/>
    <testcase classname="SURVIVAL_EXPAND_WITH_MISSING_datachk" name="Check_SURVIVAL_EXPAND_WITH_MISSING_dataset" time="0.000999999999976353"/>
    <testcase classname="SURVIVAL_EXPAND_WITH_MISSING_datachk" name="Check_SURVIVAL_EXPAND_WITH_MISSING_dataset" time="0.000999999999976353"/>
    <testcase classname="SURVIVAL_EXPAND_WITH_MISSING_datachk" name="Check_SURVIVAL_EXPAND_WITH_MISSING_dataset" time="0.000999999999976353"/>
    <testcase classname="SURVIVAL_EXPAND_WITH_MISSING_datachk" name="Check_SURVIVAL_EXPAND_WITH_MISSING_dataset" time="0.00200000000006639"/>
    <testcase classname="SURVIVAL_EXPAND_WITH_MISSING_datachk" name="Check_SURVIVAL_EXPAND_WITH_MISSING_dataset" time="0.000999999999976353"/>
    <testcase classname="SURVIVAL_EXPAND_WITH_MISSING_datachk" name="Check_SURVIVAL_EXPAND_WITH_MISSING_dataset" time="1.221"/>
    <testcase classname="SURVIVAL_EXPAND_WITH_MISSING_datachk" name="Check_SURVIVAL_EXPAND_WITH_MISSING_dataset" time="0.00199999999995271"/>
    <testcase classname="SURVIVAL_EXPAND_WITH_MISSING_datachk" name="Check_SURVIVAL_EXPAND_WITH_MISSING_dataset" time="0.000999999999976353"/>
    <testcase classname="SURVIVAL_EXPAND_WITH_MISSING_datachk" name="Check_SURVIVAL_EXPAND_WITH_MISSING_dataset" time="0.00200000000006639"/>
    <testcase classname="SURVIVAL_EXPAND_WITH_MISSING_datachk" name="Check_SURVIVAL_EXPAND_WITH_MISSING_dataset" time="0.000999999999976353"/>
    <testcase classname="SURVIVAL_EXPAND_WITH_MISSING_datachk" name="Check_SURVIVAL_EXPAND_WITH_MISSING_dataset" time="0.00199999999995271"/>
    <testcase classname="SURVIVAL_EXPAND_WITH_MISSING_datachk" name="Check_SURVIVAL_EXPAND_WITH_MISSING_dataset" time="0.00100000000009004"/>
    <testcase classname="SURVIVAL_EXPAND_WITH_MISSING_datachk" name="Check_SURVIVAL_EXPAND_WITH_MISSING_dataset" time="0.52699999999993"/>
    <testcase classname="SURVIVAL_EXPAND_WITH_MISSING_datachk" name="Check_SURVIVAL_EXPAND_WITH_MISSING_dataset" time="0.00200000000006639"/>
    <testcase classname="SURVIVAL_EXPAND_WITH_MISSING_datachk" name="Check_SURVIVAL_EXPAND_WITH_MISSING_dataset" time="0.000999999999976353"/>
    <testcase classname="SURVIVAL_EXPAND_WITH_MISSING_datachk" name="Check_SURVIVAL_EXPAND_WITH_MISSING_dataset" time="0.000999999999976353"/>
    <testcase classname="SURVIVAL_EXPAND_WITH_MISSING_datachk" name="Check_SURVIVAL_EXPAND_WITH_MISSING_dataset" time="0.00200000000006639"/>
    <testcase classname="SURVIVAL_EXPAND_WITH_MISSING_datachk" name="Check_SURVIVAL_EXPAND_WITH_MISSING_dataset" time="0.000999999999976353"/>
    <testcase classname="SURVIVAL_EXPAND_WITH_MISSING_datachk" name="Check_SURVIVAL_EXPAND_WITH_MISSING_dataset" time="0.000999999999976353"/>
    <testcase classname="SURVIVAL_EXPAND_WITH_MISSING_datachk" name="Check_SURVIVAL_EXPAND_WITH_MISSING_dataset" time="0.272000000000048"/>
    <testcase classname="SURVIVAL_EXPAND_WITH_MISSING_datachk" name="Check_SURVIVAL_EXPAND_WITH_MISSING_dataset" time="0.00199999999995271"/>
    <testcase classname="SURVIVAL_EXPAND_WITH_MISSING_datachk" name="Check_SURVIVAL_EXPAND_WITH_MISSING_dataset" time="0.000999999999976353"/>
    <testcase classname="SURVIVAL_EXPAND_WITH_MISSING_datachk" name="Check_SURVIVAL_EXPAND_WITH_MISSING_dataset" time="0.00200000000006639"/>
    <testcase classname="SURVIVAL_EXPAND_WITH_MISSING_datachk" name="Check_SURVIVAL_EXPAND_WITH_MISSING_dataset" time="0.000999999999976353"/>
    <testcase classname="SURVIVAL_EXPAND_WITH_MISSING_datachk" name="Check_SURVIVAL_EXPAND_WITH_MISSING_dataset" time="0.00199999999995271"/>
    <testcase classname="SURVIVAL_EXPAND_WITH_MISSING_datachk" name="Check_SURVIVAL_EXPAND_WITH_MISSING_dataset" time="0.00200000000006639"/>
    <testcase classname="SURVIVAL_EXPAND_WITH_MISSING_datachk" name="Check_SURVIVAL_EXPAND_WITH_MISSING_dataset" time="0.00199999999995271"/>
    <testcase classname="SURVIVAL_EXPAND_WITH_MISSING_datachk" name="Check_SURVIVAL_EXPAND_WITH_MISSING_dataset" time="0.000999999999976353"/>
    <testcase classname="SURVIVAL_EXPAND_WITH_MISSING_datachk" name="Check_SURVIVAL_EXPAND_WITH_MISSING_dataset" time="0.539000000000101"/>
    <testcase classname="SURVIVAL_EXPAND_WITH_MISSING_datachk" name="Check_SURVIVAL_EXPAND_WITH_MISSING_dataset" time="0.00199999999995271"/>
    <testcase classname="SURVIVAL_EXPAND_WITH_MISSING_datachk" name="Check_SURVIVAL_EXPAND_WITH_MISSING_dataset" time="0.00199999999995271"/>
    <testcase classname="SURVIVAL_EXPAND_WITH_MISSING_datachk" name="Check_SURVIVAL_EXPAND_WITH_MISSING_dataset" time="0.00200000000006639"/>
    <testcase classname="SURVIVAL_EXPAND_WITH_MISSING_datachk" name="Check_SURVIVAL_EXPAND_WITH_MISSING_dataset" time="0.00199999999995271"/>
    <testcase classname="SURVIVAL_EXPAND_WITH_MISSING_datachk" name="Check_SURVIVAL_EXPAND_WITH_MISSING_dataset" time="0.000999999999976353"/>
    <testcase classname="SURVIVAL_EXPAND_WITH_MISSING_datachk" name="Check_SURVIVAL_EXPAND_WITH_MISSING_dataset" time="0.00200000000006639"/>
    <testcase classname="SURVIVAL_EXPAND_WITH_MISSING_datachk" name="Check_SURVIVAL_EXPAND_WITH_MISSING_dataset" time="0.270999999999958"/>
    <testcase classname="SURVIVAL_EXPAND_WITH_MISSING_datachk" name="Check_SURVIVAL_EXPAND_WITH_MISSING_dataset" time="0.00200000000006639"/>
    <testcase classname="SURVIVAL_EXPAND_WITH_MISSING_datachk" name="Check_SURVIVAL_EXPAND_WITH_MISSING_dataset" time="0.00199999999995271"/>
    <testcase classname="SURVIVAL_EXPAND_WITH_MISSING_datachk" name="Check_SURVIVAL_EXPAND_WITH_MISSING_dataset" time="0.00199999999995271"/>
    <testcase classname="SURVIVAL_EXPAND_WITH_MISSING_datachk" name="Check_SURVIVAL_EXPAND_WITH_MISSING_dataset" time="0.00300000000004275"/>
    <testcase classname="SURVIVAL_EXPAND_WITH_MISSING_datachk" name="Check_SURVIVAL_EXPAND_WITH_MISSING_dataset" time="0.00200000000006639"/>
    <testcase classname="SURVIVAL_EXPAND_WITH_MISSING_datachk" name="Check_SURVIVAL_EXPAND_WITH_MISSING_dataset" time="0.00199999999995271"/>
    <testcase classname="SURVIVAL_EXPAND_WITH_MISSING_datachk" name="Check_SURVIVAL_EXPAND_WITH_MISSING_dataset" time="0.00199999999995271"/>
    <testcase classname="SURVIVAL_EXPAND_WITH_MISSING_datachk" name="Check_SURVIVAL_EXPAND_WITH_MISSING_dataset" time="0.00300000000004275"/>
    <testcase classname="SURVIVAL_EXPAND_WITH_MISSING_datachk" name="Check_SURVIVAL_EXPAND_WITH_MISSING_dataset" time="0.535999999999945"/>
    <testcase classname="SURVIVAL_EXPAND_WITH_MISSING_datachk" name="Check_SURVIVAL_EXPAND_WITH_MISSING_dataset" time="0.00300000000004275"/>
    <testcase classname="SURVIVAL_EXPAND_WITH_MISSING_datachk" name="Check_SURVIVAL_EXPAND_WITH_MISSING_dataset" time="0.00200000000006639"/>
    <testcase classname="SURVIVAL_EXPAND_WITH_MISSING_datachk" name="Check_SURVIVAL_EXPAND_WITH_MISSING_dataset" time="0.00899999999990087"/>
    <testcase classname="SURVIVAL_EXPAND_WITH_MISSING_datachk" name="Check_SURVIVAL_EXPAND_WITH_MISSING_dataset" time="0.00200000000006639"/>
    <testcase classname="SURVIVAL_EXPAND_WITH_MISSING_datachk" name="Check_SURVIVAL_EXPAND_WITH_MISSING_dataset" time="0.00199999999995271"/>
    <testcase classname="SURVIVAL_EXPAND_WITH_MISSING_datachk" name="Check_SURVIVAL_EXPAND_WITH_MISSING_dataset" time="0.00200000000006639"/>
    <testcase classname="SURVIVAL_EXPAND_WITH_MISSING_datachk" name="Check_SURVIVAL_EXPAND_WITH_MISSING_dataset" time="0.269000000000005"/>
    <testcase classname="SURVIVAL_EXPAND_WITH_MISSING_datachk" name="Check_SURVIVAL_EXPAND_WITH_MISSING_dataset" time="0.00199999999995271"/>
    <testcase classname="SURVIVAL_EXPAND_WITH_MISSING_datachk" name="Check_SURVIVAL_EXPAND_WITH_MISSING_dataset" time="0.00199999999995271"/>
    <testcase classname="SURVIVAL_EXPAND_WITH_MISSING_datachk" name="Check_SURVIVAL_EXPAND_WITH_MISSING_dataset" time="0.00200000000006639"/>
    <testcase classname="SURVIVAL_EXPAND_WITH_MISSING_datachk" name="Check_SURVIVAL_EXPAND_WITH_MISSING_dataset" time="0.00299999999992906"/>
    <testcase classname="SURVIVAL_EXPAND_WITH_MISSING_datachk" name="Check_SURVIVAL_EXPAND_WITH_MISSING_dataset" time="0.00200000000006639"/>
    <testcase classname="SURVIVAL_EXPAND_WITH_MISSING_datachk" name="Check_SURVIVAL_EXPAND_WITH_MISSING_dataset" time="0.00199999999995271"/>
    <testcase classname="SURVIVAL_EXPAND_WITH_MISSING_datachk" name="Check_SURVIVAL_EXPAND_WITH_MISSING_dataset" time="0.00200000000006639"/>
    <testcase classname="SURVIVAL_EXPAND_WITH_MISSING_datachk" name="Check_SURVIVAL_EXPAND_WITH_MISSING_dataset" time="0.00199999999995271"/>
    <testcase classname="SURVIVAL_EXPAND_WITH_MISSING_datachk" name="Check_SURVIVAL_EXPAND_WITH_MISSING_dataset" time="0.536000000000058"/>
    <testcase classname="SURVIVAL_EXPAND_WITH_MISSING_datachk" name="Check_SURVIVAL_EXPAND_WITH_MISSING_dataset" time="0.00199999999995271"/>
    <testcase classname="SURVIVAL_EXPAND_WITH_MISSING_datachk" name="Check_SURVIVAL_EXPAND_WITH_MISSING_dataset" time="0.00300000000004275"/>
    <testcase classname="SURVIVAL_EXPAND_WITH_MISSING_datachk" name="Check_SURVIVAL_EXPAND_WITH_MISSING_dataset" time="0.00199999999995271"/>
    <testcase classname="SURVIVAL_EXPAND_WITH_MISSING_datachk" name="Check_SURVIVAL_EXPAND_WITH_MISSING_dataset" time="0.00199999999995271"/>
    <testcase classname="SURVIVAL_EXPAND_WITH_MISSING_datachk" name="Check_SURVIVAL_EXPAND_WITH_MISSING_dataset" time="0.00200000000006639"/>
    <testcase classname="SURVIVAL_EXPAND_WITH_MISSING_datachk" name="Check_SURVIVAL_EXPAND_WITH_MISSING_dataset" time="0.00300000000004275"/>
    <testcase classname="SURVIVAL_EXPAND_WITH_MISSING_datachk" name="Check_SURVIVAL_EXPAND_WITH_MISSING_dataset" time="0.263999999999896"/>
    <testcase classname="SURVIVAL_EXPAND_WITH_MISSING_datachk" name="Check_SURVIVAL_EXPAND_WITH_MISSING_dataset" time="0.00300000000004275"/>
    <testcase classname="SURVIVAL_EXPAND_WITH_MISSING_datachk" name="Check_SURVIVAL_EXPAND_WITH_MISSING_dataset" time="0.00300000000004275"/>
    <testcase classname="SURVIVAL_EXPAND_WITH_MISSING_datachk" name="Check_SURVIVAL_EXPAND_WITH_MISSING_dataset" time="0.00199999999995271"/>
    <testcase classname="SURVIVAL_EXPAND_WITH_MISSING_datachk" name="Check_SURVIVAL_EXPAND_WITH_MISSING_dataset" time="0.00200000000006639"/>
    <testcase classname="SURVIVAL_EXPAND_WITH_MISSING_datachk" name="Check_SURVIVAL_EXPAND_WITH_MISSING_dataset" time="0.00199999999995271"/>
    <testcase classname="SURVIVAL_EXPAND_WITH_MISSING_datachk" name="Check_SURVIVAL_EXPAND_WITH_MISSING_dataset" time="0.00300000000004275"/>
    <testcase classname="SURVIVAL_EXPAND_WITH_MISSING_datachk" name="Check_SURVIVAL_EXPAND_WITH_MISSING_dataset" time="0.00299999999992906"/>
    <testcase classname="SURVIVAL_EXPAND_WITH_MISSING_datachk" name="Check_SURVIVAL_EXPAND_WITH_MISSING_dataset" time="0.00200000000006639"/>
    <testcase classname="SURVIVAL_EXPAND_WITH_MISSING_datachk" name="Check_SURVIVAL_EXPAND_WITH_MISSING_dataset" time="0.545999999999935"/>
    <testcase classname="SURVIVAL_EXPAND_WITH_MISSING_datachk" name="Check_SURVIVAL_EXPAND_WITH_MISSING_dataset" time="0.00300000000004275"/>
    <testcase classname="SURVIVAL_EXPAND_WITH_MISSING_datachk" name="Check_SURVIVAL_EXPAND_WITH_MISSING_dataset" time="0.00299999999992906"/>
    <testcase classname="SURVIVAL_EXPAND_WITH_MISSING_datachk" name="Check_SURVIVAL_EXPAND_WITH_MISSING_dataset" time="0.00200000000006639"/>
    <testcase classname="SURVIVAL_EXPAND_WITH_MISSING_datachk" name="Check_SURVIVAL_EXPAND_WITH_MISSING_dataset" time="0.00299999999992906"/>
    <testcase classname="SURVIVAL_EXPAND_WITH_MISSING_datachk" name="Check_SURVIVAL_EXPAND_WITH_MISSING_dataset" time="0.00300000000004275"/>
    <testcase classname="SURVIVAL_EXPAND_WITH_MISSING_datachk" name="Check_SURVIVAL_EXPAND_WITH_MISSING_dataset" time="0.00300000000004275"/>
    <testcase classname="SURVIVAL_EXPAND_WITH_MISSING_datachk" name="Check_SURVIVAL_EXPAND_WITH_MISSING_dataset" time="0.27699999999993"/>
    <testcase classname="SURVIVAL_EXPAND_WITH_MISSING_datachk" name="Check_SURVIVAL_EXPAND_WITH_MISSING_dataset" time="0.00300000000004275"/>
    <testcase classname="SURVIVAL_EXPAND_WITH_MISSING_datachk" name="Check_SURVIVAL_EXPAND_WITH_MISSING_dataset" time="0.00300000000004275"/>
    <testcase classname="SURVIVAL_EXPAND_WITH_MISSING_datachk" name="Check_SURVIVAL_EXPAND_WITH_MISSING_dataset" time="0.00199999999995271"/>
    <testcase classname="SURVIVAL_EXPAND_WITH_MISSING_datachk" name="Check_SURVIVAL_EXPAND_WITH_MISSING_dataset" time="0.00300000000004275"/>
    <testcase classname="SURVIVAL_EXPAND_WITH_MISSING_datachk" name="Check_SURVIVAL_EXPAND_WITH_MISSING_dataset" time="0.00199999999995271"/>
    <testcase classname="SURVIVAL_EXPAND_WITH_MISSING_datachk" name="Check_SURVIVAL_EXPAND_WITH_MISSING_dataset" time="0.00300000000004275"/>
    <testcase classname="SURVIVAL_EXPAND_WITH_MISSING_datachk" name="Check_SURVIVAL_EXPAND_WITH_MISSING_dataset" time="0.00299999999992906"/>
    <testcase classname="SURVIVAL_EXPAND_WITH_MISSING_datachk" name="Check_SURVIVAL_EXPAND_WITH_MISSING_dataset" time="0.00300000000004275"/>
    <testcase classname="SURVIVAL_EXPAND_WITH_MISSING_datachk" name="Check_SURVIVAL_EXPAND_WITH_MISSING_dataset" time="0.545999999999935"/>
    <testcase classname="SURVIVAL_EXPAND_WITH_MISSING_datachk" name="Check_SURVIVAL_EXPAND_WITH_MISSING_dataset" time="0.00300000000004275"/>
    <testcase classname="SURVIVAL_EXPAND_WITH_MISSING_datachk" name="Check_SURVIVAL_EXPAND_WITH_MISSING_dataset" time="0.00300000000004275"/>
    <testcase classname="SURVIVAL_EXPAND_WITH_MISSING_datachk" name="Check_SURVIVAL_EXPAND_WITH_MISSING_dataset" time="0.00199999999995271"/>
    <testcase classname="SURVIVAL_EXPAND_WITH_MISSING_datachk" name="Check_SURVIVAL_EXPAND_WITH_MISSING_dataset" time="0.00300000000004275"/>
    <testcase classname="SURVIVAL_EXPAND_WITH_MISSING_datachk" name="Check_SURVIVAL_EXPAND_WITH_MISSING_dataset" time="0.00299999999992906"/>
    <testcase classname="SURVIVAL_EXPAND_WITH_MISSING_datachk" name="Check_SURVIVAL_EXPAND_WITH_MISSING_dataset" time="0.00200000000006639"/>
    <testcase classname="SURVIVAL_EXPAND_WITH_MISSING_datachk" name="Check_SURVIVAL_EXPAND_WITH_MISSING_dataset" time="0.269999999999982"/>
    <testcase classname="SURVIVAL_EXPAND_WITH_MISSING_datachk" name="Check_SURVIVAL_EXPAND_WITH_MISSING_dataset" time="0.00300000000004275"/>
    <testcase classname="SURVIVAL_EXPAND_WITH_MISSING_datachk" name="Check_SURVIVAL_EXPAND_WITH_MISSING_dataset" time="0.00299999999992906"/>
    <testcase classname="SURVIVAL_EXPAND_WITH_MISSING_datachk" name="Check_SURVIVAL_EXPAND_WITH_MISSING_dataset" time="0.00300000000004275"/>
    <testcase classname="SURVIVAL_EXPAND_WITH_MISSING_datachk" name="Check_SURVIVAL_EXPAND_WITH_MISSING_dataset" time="0.00299999999992906"/>
    <testcase classname="SURVIVAL_EXPAND_WITH_MISSING_datachk" name="Check_SURVIVAL_EXPAND_WITH_MISSING_dataset" time="0.00200000000006639"/>
    <testcase classname="SURVIVAL_EXPAND_WITH_MISSING_datachk" name="Check_SURVIVAL_EXPAND_WITH_MISSING_dataset" time="0.00299999999992906"/>
    <testcase classname="SURVIVAL_EXPAND_WITH_MISSING_datachk" name="Check_SURVIVAL_EXPAND_WITH_MISSING_dataset" time="0.00300000000004275"/>
    <testcase classname="SURVIVAL_EXPAND_WITH_MISSING_datachk" name="Check_SURVIVAL_EXPAND_WITH_MISSING_dataset" time="0.00300000000004275"/>
    <testcase classname="SURVIVAL_EXPAND_WITH_MISSING_datachk" name="Check_SURVIVAL_EXPAND_WITH_MISSING_dataset" time="0.528999999999996"/>
    <testcase classname="SURVIVAL_EXPAND_WITH_MISSING_datachk" name="Check_SURVIVAL_EXPAND_WITH_MISSING_dataset" time="0.00299999999992906"/>
    <testcase classname="SURVIVAL_EXPAND_WITH_MISSING_datachk" name="Check_SURVIVAL_EXPAND_WITH_MISSING_dataset" time="0.00300000000004275"/>
    <testcase classname="SURVIVAL_EXPAND_WITH_MISSING_datachk" name="Check_SURVIVAL_EXPAND_WITH_MISSING_dataset" time="0.00300000000004275"/>
    <testcase classname="SURVIVAL_EXPAND_WITH_MISSING_datachk" name="Check_SURVIVAL_EXPAND_WITH_MISSING_dataset" time="0.00299999999992906"/>
    <testcase classname="SURVIVAL_EXPAND_WITH_MISSING_datachk" name="Check_SURVIVAL_EXPAND_WITH_MISSING_dataset" time="0.00300000000004275"/>
    <testcase classname="SURVIVAL_EXPAND_WITH_MISSING_datachk" name="Check_SURVIVAL_EXPAND_WITH_MISSING_dataset" time="0.00300000000004275"/>
    <testcase classname="SURVIVAL_EXPAND_WITH_MISSING_datachk" name="Check_SURVIVAL_EXPAND_WITH_MISSING_dataset" time="0.284999999999968"/>
    <testcase classname="SURVIVAL_EXPAND_WITH_MISSING_datachk" name="Check_SURVIVAL_EXPAND_WITH_MISSING_dataset" time="0.00299999999992906"/>
    <testcase classname="SURVIVAL_EXPAND_WITH_MISSING_datachk" name="Check_SURVIVAL_EXPAND_WITH_MISSING_dataset" time="0.00300000000004275"/>
    <testcase classname="SURVIVAL_EXPAND_WITH_MISSING_datachk" name="Check_SURVIVAL_EXPAND_WITH_MISSING_dataset" time="0.00300000000004275"/>
    <testcase classname="SURVIVAL_EXPAND_WITH_MISSING_datachk" name="Check_SURVIVAL_EXPAND_WITH_MISSING_dataset" time="0.00299999999992906"/>
    <testcase classname="SURVIVAL_EXPAND_WITH_MISSING_datachk" name="Check_SURVIVAL_EXPAND_WITH_MISSING_dataset" time="0.00300000000004275"/>
    <testcase classname="SURVIVAL_EXPAND_WITH_MISSING_datachk" name="Check_SURVIVAL_EXPAND_WITH_MISSING_dataset" time="0.00300000000004275"/>
    <testcase classname="SURVIVAL_EXPAND_WITH_MISSING_datachk" name="Check_SURVIVAL_EXPAND_WITH_MISSING_dataset" time="0.00299999999992906"/>
    <testcase classname="SURVIVAL_EXPAND_WITH_MISSING_datachk" name="Check_SURVIVAL_EXPAND_WITH_MISSING_dataset" time="0.00200000000006639"/>
    <testcase classname="SURVIVAL_EXPAND_WITH_MISSING_datachk" name="Check_SURVIVAL_EXPAND_WITH_MISSING_dataset" time="0.534999999999968"/>
    <testcase classname="SURVIVAL_EXPAND_WITH_MISSING_datachk" name="Check_SURVIVAL_EXPAND_WITH_MISSING_dataset" time="0.00299999999992906"/>
    <testcase classname="SURVIVAL_EXPAND_WITH_MISSING_datachk" name="Check_SURVIVAL_EXPAND_WITH_MISSING_dataset" time="0.00300000000004275"/>
    <testcase classname="SURVIVAL_EXPAND_WITH_MISSING_datachk" name="Check_SURVIVAL_EXPAND_WITH_MISSING_dataset" time="0.00300000000004275"/>
    <testcase classname="SURVIVAL_EXPAND_WITH_MISSING_datachk" name="Check_SURVIVAL_EXPAND_WITH_MISSING_dataset" time="0.0040000000000191"/>
    <testcase classname="SURVIVAL_EXPAND_WITH_MISSING_datachk" name="Check_SURVIVAL_EXPAND_WITH_MISSING_dataset" time="0.00299999999992906"/>
    <testcase classname="SURVIVAL_EXPAND_WITH_MISSING_datachk" name="Check_SURVIVAL_EXPAND_WITH_MISSING_dataset" time="0.0040000000000191"/>
    <testcase classname="SURVIVAL_EXPAND_WITH_MISSING_datachk" name="Check_SURVIVAL_EXPAND_WITH_MISSING_dataset" time="0.285999999999945"/>
    <testcase classname="SURVIVAL_EXPAND_WITH_MISSING_datachk" name="Check_SURVIVAL_EXPAND_WITH_MISSING_dataset" time="0.0040000000000191"/>
    <testcase classname="SURVIVAL_EXPAND_WITH_MISSING_datachk" name="Check_SURVIVAL_EXPAND_WITH_MISSING_dataset" time="0.00600000000008549"/>
    <testcase classname="SURVIVAL_EXPAND_WITH_MISSING_datachk" name="Check_SURVIVAL_EXPAND_WITH_MISSING_dataset" time="0.00299999999992906"/>
    <testcase classname="SURVIVAL_EXPAND_WITH_MISSING_datachk" name="Check_SURVIVAL_EXPAND_WITH_MISSING_dataset" time="0.0040000000000191"/>
    <testcase classname="SURVIVAL_EXPAND_WITH_MISSING_datachk" name="Check_SURVIVAL_EXPAND_WITH_MISSING_dataset" time="0.0040000000000191"/>
    <testcase classname="SURVIVAL_EXPAND_WITH_MISSING_datachk" name="Check_SURVIVAL_EXPAND_WITH_MISSING_dataset" time="0.00299999999992906"/>
    <testcase classname="SURVIVAL_EXPAND_WITH_MISSING_datachk" name="Check_SURVIVAL_EXPAND_WITH_MISSING_dataset" time="0.0040000000000191"/>
    <testcase classname="SURVIVAL_EXPAND_WITH_MISSING_datachk" name="Check_SURVIVAL_EXPAND_WITH_MISSING_dataset" time="0.0040000000000191"/>
    <testcase classname="SURVIVAL_EXPAND_WITH_MISSING_datachk" name="Check_SURVIVAL_EXPAND_WITH_MISSING_dataset" time="0.537000000000035"/>
    <testcase classname="SURVIVAL_EXPAND_WITH_MISSING_datachk" name="Check_SURVIVAL_EXPAND_WITH_MISSING_dataset" time="0.0040000000000191"/>
    <testcase classname="SURVIVAL_EXPAND_WITH_MISSING_datachk" name="Check_SURVIVAL_EXPAND_WITH_MISSING_dataset" time="0.0040000000000191"/>
    <testcase classname="SURVIVAL_EXPAND_WITH_MISSING_datachk" name="Check_SURVIVAL_EXPAND_WITH_MISSING_dataset" time="0.00299999999992906"/>
    <testcase classname="SURVIVAL_EXPAND_WITH_MISSING_datachk" name="Check_SURVIVAL_EXPAND_WITH_MISSING_dataset" time="0.0040000000000191"/>
    <testcase classname="SURVIVAL_EXPAND_WITH_MISSING_datachk" name="Check_SURVIVAL_EXPAND_WITH_MISSING_dataset" time="0.0040000000000191"/>
    <testcase classname="SURVIVAL_EXPAND_WITH_MISSING_datachk" name="Check_SURVIVAL_EXPAND_WITH_MISSING_dataset" time="0.00299999999992906"/>
    <testcase classname="SURVIVAL_EXPAND_WITH_MISSING_datachk" name="Check_SURVIVAL_EXPAND_WITH_MISSING_dataset" time="0.273000000000025"/>
    <testcase classname="SURVIVAL_EXPAND_WITH_MISSING_datachk" name="Check_SURVIVAL_EXPAND_WITH_MISSING_dataset" time="0.0040000000000191"/>
    <testcase classname="SURVIVAL_EXPAND_WITH_MISSING_datachk" name="Check_SURVIVAL_EXPAND_WITH_MISSING_dataset" time="0.0040000000000191"/>
    <testcase classname="SURVIVAL_EXPAND_WITH_MISSING_datachk" name="Check_SURVIVAL_EXPAND_WITH_MISSING_dataset" time="0.00199999999995271"/>
    <testcase classname="SURVIVAL_EXPAND_WITH_MISSING_datachk" name="Check_SURVIVAL_EXPAND_WITH_MISSING_dataset" time="0.00300000000004275"/>
    <testcase classname="SURVIVAL_EXPAND_WITH_MISSING_datachk" name="Check_SURVIVAL_EXPAND_WITH_MISSING_dataset" time="0.00300000000004275"/>
    <testcase classname="SURVIVAL_EXPAND_WITH_MISSING_datachk" name="Check_SURVIVAL_EXPAND_WITH_MISSING_dataset" time="0.00299999999992906"/>
    <testcase classname="SURVIVAL_EXPAND_WITH_MISSING_datachk" name="Check_SURVIVAL_EXPAND_WITH_MISSING_dataset" time="0.00300000000004275"/>
    <testcase classname="SURVIVAL_EXPAND_WITH_MISSING_datachk" name="Check_SURVIVAL_EXPAND_WITH_MISSING_dataset" time="0.0040000000000191"/>
    <testcase classname="SURVIVAL_EXPAND_WITH_MISSING_datachk" name="Check_SURVIVAL_EXPAND_WITH_MISSING_dataset" time="0.538000000000011"/>
    <testcase classname="SURVIVAL_EXPAND_WITH_MISSING_datachk" name="Check_SURVIVAL_EXPAND_WITH_MISSING_dataset" time="0.00299999999992906"/>
    <testcase classname="SURVIVAL_EXPAND_WITH_MISSING_datachk" name="Check_SURVIVAL_EXPAND_WITH_MISSING_dataset" time="0.0040000000000191"/>
    <testcase classname="SURVIVAL_EXPAND_WITH_MISSING_datachk" name="Check_SURVIVAL_EXPAND_WITH_MISSING_dataset" time="0.0040000000000191"/>
    <testcase classname="SURVIVAL_EXPAND_WITH_MISSING_datachk" name="Check_SURVIVAL_EXPAND_WITH_MISSING_dataset" time="0.0040000000000191"/>
    <testcase classname="SURVIVAL_EXPAND_WITH_MISSING_datachk" name="Check_SURVIVAL_EXPAND_WITH_MISSING_dataset" time="0.0040000000000191"/>
    <testcase classname="SURVIVAL_EXPAND_WITH_MISSING_datachk" name="Check_SURVIVAL_EXPAND_WITH_MISSING_dataset" time="0.00299999999992906"/>
    <testcase classname="SURVIVAL_EXPAND_WITH_MISSING_datachk" name="Check_SURVIVAL_EXPAND_WITH_MISSING_dataset" time="0.272000000000048"/>
    <testcase classname="SURVIVAL_EXPAND_WITH_MISSING_datachk" name="Check_SURVIVAL_EXPAND_WITH_MISSING_dataset" time="0.0040000000000191"/>
    <testcase classname="SURVIVAL_EXPAND_WITH_MISSING_datachk" name="Check_SURVIVAL_EXPAND_WITH_MISSING_dataset" time="0.0040000000000191"/>
    <testcase classname="SURVIVAL_EXPAND_WITH_MISSING_datachk" name="Check_SURVIVAL_EXPAND_WITH_MISSING_dataset" time="0.00399999999990541"/>
    <testcase classname="SURVIVAL_EXPAND_WITH_MISSING_datachk" name="Check_SURVIVAL_EXPAND_WITH_MISSING_dataset" time="0.0040000000000191"/>
    <testcase classname="SURVIVAL_EXPAND_WITH_MISSING_datachk" name="Check_SURVIVAL_EXPAND_WITH_MISSING_dataset" time="0.0040000000000191"/>
    <testcase classname="SURVIVAL_EXPAND_WITH_MISSING_datachk" name="Check_SURVIVAL_EXPAND_WITH_MISSING_dataset" time="0.00499999999999545"/>
    <testcase classname="SURVIVAL_EXPAND_WITH_MISSING_datachk" name="Check_SURVIVAL_EXPAND_WITH_MISSING_dataset" time="0.0040000000000191"/>
    <testcase classname="SURVIVAL_EXPAND_WITH_MISSING_datachk" name="Check_SURVIVAL_EXPAND_WITH_MISSING_dataset" time="0.0040000000000191"/>
    <testcase classname="SURVIVAL_EXPAND_WITH_MISSING_datachk" name="Check_SURVIVAL_EXPAND_WITH_MISSING_dataset" time="0.552999999999997"/>
    <testcase classname="SURVIVAL_EXPAND_WITH_MISSING_datachk" name="Check_SURVIVAL_EXPAND_WITH_MISSING_dataset" time="0.0040000000000191"/>
    <testcase classname="SURVIVAL_EXPAND_WITH_MISSING_datachk" name="Check_SURVIVAL_EXPAND_WITH_MISSING_dataset" time="0.00399999999990541"/>
    <testcase classname="SURVIVAL_EXPAND_WITH_MISSING_datachk" name="Check_SURVIVAL_EXPAND_WITH_MISSING_dataset" time="0.00300000000004275"/>
    <testcase classname="SURVIVAL_EXPAND_WITH_MISSING_datachk" name="Check_SURVIVAL_EXPAND_WITH_MISSING_dataset" time="0.00300000000004275"/>
    <testcase classname="SURVIVAL_EXPAND_WITH_MISSING_datachk" name="Check_SURVIVAL_EXPAND_WITH_MISSING_dataset" time="0.0040000000000191"/>
    <testcase classname="SURVIVAL_EXPAND_WITH_MISSING_datachk" name="Check_SURVIVAL_EXPAND_WITH_MISSING_dataset" time="0.0040000000000191"/>
    <testcase classname="SURVIVAL_EXPAND_WITH_MISSING_datachk" name="Check_SURVIVAL_EXPAND_WITH_MISSING_dataset" time="0.270999999999958"/>
    <testcase classname="SURVIVAL_EXPAND_WITH_MISSING_datachk" name="Check_SURVIVAL_EXPAND_WITH_MISSING_dataset" time="0.0040000000000191"/>
    <testcase classname="SURVIVAL_EXPAND_WITH_MISSING_datachk" name="Check_SURVIVAL_EXPAND_WITH_MISSING_dataset" time="0.00299999999992906"/>
    <testcase classname="SURVIVAL_EXPAND_WITH_MISSING_datachk" name="Check_SURVIVAL_EXPAND_WITH_MISSING_dataset" time="0.0040000000000191"/>
    <testcase classname="SURVIVAL_EXPAND_WITH_MISSING_datachk" name="Check_SURVIVAL_EXPAND_WITH_MISSING_dataset" time="0.00499999999999545"/>
    <testcase classname="SURVIVAL_EXPAND_WITH_MISSING_datachk" name="Check_SURVIVAL_EXPAND_WITH_MISSING_dataset" time="0.0040000000000191"/>
    <testcase classname="SURVIVAL_EXPAND_WITH_MISSING_datachk" name="Check_SURVIVAL_EXPAND_WITH_MISSING_dataset" time="0.0040000000000191"/>
    <testcase classname="SURVIVAL_EXPAND_WITH_MISSING_datachk" name="Check_SURVIVAL_EXPAND_WITH_MISSING_dataset" time="0.0040000000000191"/>
    <testcase classname="SURVIVAL_EXPAND_WITH_MISSING_datachk" name="Check_SURVIVAL_EXPAND_WITH_MISSING_dataset" time="0.0040000000000191"/>
  </testsuite>
  <testsuite errors="0" failures="0" hostname="fv-az14" name="SURVIVAL_EXPAND_WITH_MISSING::datachk::shutdown" skipped="0" tests="3" time="0.28" timestamp="2020-10-23T10:58:47Z">
    <testcase classname="SURVIVAL_EXPAND_WITH_MISSING_datachk_shutdown" name="shutdown" time="0.277999999999906"/>
    <testcase classname="SURVIVAL_EXPAND_WITH_MISSING_datachk_shutdown" name="shutdown" time="0.00100000000009004"/>
    <testcase classname="SURVIVAL_EXPAND_WITH_MISSING_datachk_shutdown" name="shutdown" time="0.000999999999976353"/>
  </testsuite>
  <testsuite errors="0" failures="0" hostname="fv-az14" name="SURVIVAL_EXPAND_WITH_MISSING::datachk::done" skipped="0" tests="0" time="0" timestamp="2020-10-23T10:58:47Z"/>
  <testsuite errors="0" failures="0" hostname="fv-az14" name="TESTING::datachk::setup" skipped="0" tests="3" time="5.347" timestamp="2020-10-23T10:58:47Z">
    <testcase classname="TESTING_datachk_setup" name="setup" time="5.34500000000003"/>
    <testcase classname="TESTING_datachk_setup" name="setup" time="0.000999999999976353"/>
    <testcase classname="TESTING_datachk_setup" name="setup" time="0.000999999999976353"/>
  </testsuite>
  <testsuite errors="0" failures="0" hostname="fv-az14" name="TESTING::datachk" skipped="0" tests="310" time="17.756" timestamp="2020-10-23T10:58:52Z">
    <testcase classname="TESTING_datachk" name="Check_TESTING_dataset" time="0.543999999999983"/>
    <testcase classname="TESTING_datachk" name="Check_TESTING_dataset" time="0.000999999999976353"/>
    <testcase classname="TESTING_datachk" name="Check_TESTING_dataset" time="0.00100000000009004"/>
    <testcase classname="TESTING_datachk" name="Check_TESTING_dataset" time="0.000999999999976353"/>
    <testcase classname="TESTING_datachk" name="Check_TESTING_dataset" time="0.000999999999976353"/>
    <testcase classname="TESTING_datachk" name="Check_TESTING_dataset" time="0.000999999999976353"/>
    <testcase classname="TESTING_datachk" name="Check_TESTING_dataset" time="0.000999999999976353"/>
    <testcase classname="TESTING_datachk" name="Check_TESTING_dataset" time="0.2650000000001"/>
    <testcase classname="TESTING_datachk" name="Check_TESTING_dataset" time="0.000999999999976353"/>
    <testcase classname="TESTING_datachk" name="Check_TESTING_dataset" time="0.000999999999976353"/>
    <testcase classname="TESTING_datachk" name="Check_TESTING_dataset" time="0.000999999999976353"/>
    <testcase classname="TESTING_datachk" name="Check_TESTING_dataset" time="0.00200000000006639"/>
    <testcase classname="TESTING_datachk" name="Check_TESTING_dataset" time="0.000999999999976353"/>
    <testcase classname="TESTING_datachk" name="Check_TESTING_dataset" time="0.00199999999995271"/>
    <testcase classname="TESTING_datachk" name="Check_TESTING_dataset" time="0.000999999999976353"/>
    <testcase classname="TESTING_datachk" name="Check_TESTING_dataset" time="1.21600000000001"/>
    <testcase classname="TESTING_datachk" name="Check_TESTING_dataset" time="0.00200000000006639"/>
    <testcase classname="TESTING_datachk" name="Check_TESTING_dataset" time="0.000999999999976353"/>
    <testcase classname="TESTING_datachk" name="Check_TESTING_dataset" time="0.00199999999995271"/>
    <testcase classname="TESTING_datachk" name="Check_TESTING_dataset" time="0.00100000000009004"/>
    <testcase classname="TESTING_datachk" name="Check_TESTING_dataset" time="0.00199999999995271"/>
    <testcase classname="TESTING_datachk" name="Check_TESTING_dataset" time="0.00199999999995271"/>
    <testcase classname="TESTING_datachk" name="Check_TESTING_dataset" time="0.546000000000049"/>
    <testcase classname="TESTING_datachk" name="Check_TESTING_dataset" time="0.00199999999995271"/>
    <testcase classname="TESTING_datachk" name="Check_TESTING_dataset" time="0.00100000000009004"/>
    <testcase classname="TESTING_datachk" name="Check_TESTING_dataset" time="0.00199999999995271"/>
    <testcase classname="TESTING_datachk" name="Check_TESTING_dataset" time="0.000999999999976353"/>
    <testcase classname="TESTING_datachk" name="Check_TESTING_dataset" time="0.00200000000006639"/>
    <testcase classname="TESTING_datachk" name="Check_TESTING_dataset" time="0.00199999999995271"/>
    <testcase classname="TESTING_datachk" name="Check_TESTING_dataset" time="0.263000000000034"/>
    <testcase classname="TESTING_datachk" name="Check_TESTING_dataset" time="0.00199999999995271"/>
    <testcase classname="TESTING_datachk" name="Check_TESTING_dataset" time="0.00200000000006639"/>
    <testcase classname="TESTING_datachk" name="Check_TESTING_dataset" time="0.000999999999976353"/>
    <testcase classname="TESTING_datachk" name="Check_TESTING_dataset" time="0.000999999999976353"/>
    <testcase classname="TESTING_datachk" name="Check_TESTING_dataset" time="0.00199999999995271"/>
    <testcase classname="TESTING_datachk" name="Check_TESTING_dataset" time="0.00200000000006639"/>
    <testcase classname="TESTING_datachk" name="Check_TESTING_dataset" time="0.000999999999976353"/>
    <testcase classname="TESTING_datachk" name="Check_TESTING_dataset" time="0.00199999999995271"/>
    <testcase classname="TESTING_datachk" name="Check_TESTING_dataset" time="0.527000000000044"/>
    <testcase classname="TESTING_datachk" name="Check_TESTING_dataset" time="0.00199999999995271"/>
    <testcase classname="TESTING_datachk" name="Check_TESTING_dataset" time="0.00100000000009004"/>
    <testcase classname="TESTING_datachk" name="Check_TESTING_dataset" time="0.00199999999995271"/>
    <testcase classname="TESTING_datachk" name="Check_TESTING_dataset" time="0.00200000000006639"/>
    <testcase classname="TESTING_datachk" name="Check_TESTING_dataset" time="0.00199999999995271"/>
    <testcase classname="TESTING_datachk" name="Check_TESTING_dataset" time="0.00199999999995271"/>
    <testcase classname="TESTING_datachk" name="Check_TESTING_dataset" time="0.270000000000095"/>
    <testcase classname="TESTING_datachk" name="Check_TESTING_dataset" time="0.000999999999976353"/>
    <testcase classname="TESTING_datachk" name="Check_TESTING_dataset" time="0.00199999999995271"/>
    <testcase classname="TESTING_datachk" name="Check_TESTING_dataset" time="0.00200000000006639"/>
    <testcase classname="TESTING_datachk" name="Check_TESTING_dataset" time="0.00199999999995271"/>
    <testcase classname="TESTING_datachk" name="Check_TESTING_dataset" time="0.00199999999995271"/>
    <testcase classname="TESTING_datachk" name="Check_TESTING_dataset" time="0.00200000000006639"/>
    <testcase classname="TESTING_datachk" name="Check_TESTING_dataset" time="0.00199999999995271"/>
    <testcase classname="TESTING_datachk" name="Check_TESTING_dataset" time="0.00200000000006639"/>
    <testcase classname="TESTING_datachk" name="Check_TESTING_dataset" time="0.533999999999992"/>
    <testcase classname="TESTING_datachk" name="Check_TESTING_dataset" time="0.00199999999995271"/>
    <testcase classname="TESTING_datachk" name="Check_TESTING_dataset" time="0.00200000000006639"/>
    <testcase classname="TESTING_datachk" name="Check_TESTING_dataset" time="0.00199999999995271"/>
    <testcase classname="TESTING_datachk" name="Check_TESTING_dataset" time="0.00199999999995271"/>
    <testcase classname="TESTING_datachk" name="Check_TESTING_dataset" time="0.00200000000006639"/>
    <testcase classname="TESTING_datachk" name="Check_TESTING_dataset" time="0.000999999999976353"/>
    <testcase classname="TESTING_datachk" name="Check_TESTING_dataset" time="0.269000000000005"/>
    <testcase classname="TESTING_datachk" name="Check_TESTING_dataset" time="0.00199999999995271"/>
    <testcase classname="TESTING_datachk" name="Check_TESTING_dataset" time="0.00200000000006639"/>
    <testcase classname="TESTING_datachk" name="Check_TESTING_dataset" time="0.00199999999995271"/>
    <testcase classname="TESTING_datachk" name="Check_TESTING_dataset" time="0.00200000000006639"/>
    <testcase classname="TESTING_datachk" name="Check_TESTING_dataset" time="0.00199999999995271"/>
    <testcase classname="TESTING_datachk" name="Check_TESTING_dataset" time="0.00199999999995271"/>
    <testcase classname="TESTING_datachk" name="Check_TESTING_dataset" time="0.00200000000006639"/>
    <testcase classname="TESTING_datachk" name="Check_TESTING_dataset" time="0.000999999999976353"/>
    <testcase classname="TESTING_datachk" name="Check_TESTING_dataset" time="0.547000000000025"/>
    <testcase classname="TESTING_datachk" name="Check_TESTING_dataset" time="0.00299999999992906"/>
    <testcase classname="TESTING_datachk" name="Check_TESTING_dataset" time="0.00200000000006639"/>
    <testcase classname="TESTING_datachk" name="Check_TESTING_dataset" time="0.00199999999995271"/>
    <testcase classname="TESTING_datachk" name="Check_TESTING_dataset" time="0.00300000000004275"/>
    <testcase classname="TESTING_datachk" name="Check_TESTING_dataset" time="0.000999999999976353"/>
    <testcase classname="TESTING_datachk" name="Check_TESTING_dataset" time="0.00300000000004275"/>
    <testcase classname="TESTING_datachk" name="Check_TESTING_dataset" time="0.269999999999982"/>
    <testcase classname="TESTING_datachk" name="Check_TESTING_dataset" time="0.00300000000004275"/>
    <testcase classname="TESTING_datachk" name="Check_TESTING_dataset" time="0.00199999999995271"/>
    <testcase classname="TESTING_datachk" name="Check_TESTING_dataset" time="0.00300000000004275"/>
    <testcase classname="TESTING_datachk" name="Check_TESTING_dataset" time="0.00199999999995271"/>
    <testcase classname="TESTING_datachk" name="Check_TESTING_dataset" time="0.00300000000004275"/>
    <testcase classname="TESTING_datachk" name="Check_TESTING_dataset" time="0.00299999999992906"/>
    <testcase classname="TESTING_datachk" name="Check_TESTING_dataset" time="0.00200000000006639"/>
    <testcase classname="TESTING_datachk" name="Check_TESTING_dataset" time="0.00299999999992906"/>
    <testcase classname="TESTING_datachk" name="Check_TESTING_dataset" time="0.533000000000015"/>
    <testcase classname="TESTING_datachk" name="Check_TESTING_dataset" time="0.00300000000004275"/>
    <testcase classname="TESTING_datachk" name="Check_TESTING_dataset" time="0.00199999999995271"/>
    <testcase classname="TESTING_datachk" name="Check_TESTING_dataset" time="0.00300000000004275"/>
    <testcase classname="TESTING_datachk" name="Check_TESTING_dataset" time="0.00199999999995271"/>
    <testcase classname="TESTING_datachk" name="Check_TESTING_dataset" time="0.00200000000006639"/>
    <testcase classname="TESTING_datachk" name="Check_TESTING_dataset" time="0.00299999999992906"/>
    <testcase classname="TESTING_datachk" name="Check_TESTING_dataset" time="0.272000000000048"/>
    <testcase classname="TESTING_datachk" name="Check_TESTING_dataset" time="0.00299999999992906"/>
    <testcase classname="TESTING_datachk" name="Check_TESTING_dataset" time="0.00200000000006639"/>
    <testcase classname="TESTING_datachk" name="Check_TESTING_dataset" time="0.00300000000004275"/>
    <testcase classname="TESTING_datachk" name="Check_TESTING_dataset" time="0.00199999999995271"/>
    <testcase classname="TESTING_datachk" name="Check_TESTING_dataset" time="0.00300000000004275"/>
    <testcase classname="TESTING_datachk" name="Check_TESTING_dataset" time="0.00299999999992906"/>
    <testcase classname="TESTING_datachk" name="Check_TESTING_dataset" time="0.00200000000006639"/>
    <testcase classname="TESTING_datachk" name="Check_TESTING_dataset" time="0.00299999999992906"/>
    <testcase classname="TESTING_datachk" name="Check_TESTING_dataset" time="0.540000000000077"/>
    <testcase classname="TESTING_datachk" name="Check_TESTING_dataset" time="0.00299999999992906"/>
    <testcase classname="TESTING_datachk" name="Check_TESTING_dataset" time="0.00300000000004275"/>
    <testcase classname="TESTING_datachk" name="Check_TESTING_dataset" time="0.00299999999992906"/>
    <testcase classname="TESTING_datachk" name="Check_TESTING_dataset" time="0.0040000000000191"/>
    <testcase classname="TESTING_datachk" name="Check_TESTING_dataset" time="0.00200000000006639"/>
    <testcase classname="TESTING_datachk" name="Check_TESTING_dataset" time="0.00399999999990541"/>
    <testcase classname="TESTING_datachk" name="Check_TESTING_dataset" time="0.272000000000048"/>
    <testcase classname="TESTING_datachk" name="Check_TESTING_dataset" time="0.00300000000004275"/>
    <testcase classname="TESTING_datachk" name="Check_TESTING_dataset" time="0.00299999999992906"/>
    <testcase classname="TESTING_datachk" name="Check_TESTING_dataset" time="0.00200000000006639"/>
    <testcase classname="TESTING_datachk" name="Check_TESTING_dataset" time="0.00299999999992906"/>
    <testcase classname="TESTING_datachk" name="Check_TESTING_dataset" time="0.00300000000004275"/>
    <testcase classname="TESTING_datachk" name="Check_TESTING_dataset" time="0.0040000000000191"/>
    <testcase classname="TESTING_datachk" name="Check_TESTING_dataset" time="0.00199999999995271"/>
    <testcase classname="TESTING_datachk" name="Check_TESTING_dataset" time="0.00300000000004275"/>
    <testcase classname="TESTING_datachk" name="Check_TESTING_dataset" time="0.547000000000025"/>
    <testcase classname="TESTING_datachk" name="Check_TESTING_dataset" time="0.00399999999990541"/>
    <testcase classname="TESTING_datachk" name="Check_TESTING_dataset" time="0.00499999999999545"/>
    <testcase classname="TESTING_datachk" name="Check_TESTING_dataset" time="0.00500000000010914"/>
    <testcase classname="TESTING_datachk" name="Check_TESTING_dataset" time="0.00299999999992906"/>
    <testcase classname="TESTING_datachk" name="Check_TESTING_dataset" time="0.0040000000000191"/>
    <testcase classname="TESTING_datachk" name="Check_TESTING_dataset" time="0.00300000000004275"/>
    <testcase classname="TESTING_datachk" name="Check_TESTING_dataset" time="0.274999999999977"/>
    <testcase classname="TESTING_datachk" name="Check_TESTING_dataset" time="0.00299999999992906"/>
    <testcase classname="TESTING_datachk" name="Check_TESTING_dataset" time="0.00300000000004275"/>
    <testcase classname="TESTING_datachk" name="Check_TESTING_dataset" time="0.00199999999995271"/>
    <testcase classname="TESTING_datachk" name="Check_TESTING_dataset" time="0.00300000000004275"/>
    <testcase classname="TESTING_datachk" name="Check_TESTING_dataset" time="0.00300000000004275"/>
    <testcase classname="TESTING_datachk" name="Check_TESTING_dataset" time="0.00299999999992906"/>
    <testcase classname="TESTING_datachk" name="Check_TESTING_dataset" time="0.00200000000006639"/>
    <testcase classname="TESTING_datachk" name="Check_TESTING_dataset" time="0.00299999999992906"/>
    <testcase classname="TESTING_datachk" name="Check_TESTING_dataset" time="0.538999999999987"/>
    <testcase classname="TESTING_datachk" name="Check_TESTING_dataset" time="0.0040000000000191"/>
    <testcase classname="TESTING_datachk" name="Check_TESTING_dataset" time="0.00300000000004275"/>
    <testcase classname="TESTING_datachk" name="Check_TESTING_dataset" time="0.0040000000000191"/>
    <testcase classname="TESTING_datachk" name="Check_TESTING_dataset" time="0.00299999999992906"/>
    <testcase classname="TESTING_datachk" name="Check_TESTING_dataset" time="0.0040000000000191"/>
    <testcase classname="TESTING_datachk" name="Check_TESTING_dataset" time="0.0040000000000191"/>
    <testcase classname="TESTING_datachk" name="Check_TESTING_dataset" time="0.274000000000001"/>
    <testcase classname="TESTING_datachk" name="Check_TESTING_dataset" time="0.00300000000004275"/>
    <testcase classname="TESTING_datachk" name="Check_TESTING_dataset" time="0.0040000000000191"/>
    <testcase classname="TESTING_datachk" name="Check_TESTING_dataset" time="0.00299999999992906"/>
    <testcase classname="TESTING_datachk" name="Check_TESTING_dataset" time="0.0040000000000191"/>
    <testcase classname="TESTING_datachk" name="Check_TESTING_dataset" time="0.00300000000004275"/>
    <testcase classname="TESTING_datachk" name="Check_TESTING_dataset" time="0.00299999999992906"/>
    <testcase classname="TESTING_datachk" name="Check_TESTING_dataset" time="0.0040000000000191"/>
    <testcase classname="TESTING_datachk" name="Check_TESTING_dataset" time="0.0040000000000191"/>
    <testcase classname="TESTING_datachk" name="Check_TESTING_dataset" time="0.550999999999931"/>
    <testcase classname="TESTING_datachk" name="Check_TESTING_dataset" time="0.0040000000000191"/>
    <testcase classname="TESTING_datachk" name="Check_TESTING_dataset" time="0.0040000000000191"/>
    <testcase classname="TESTING_datachk" name="Check_TESTING_dataset" time="0.0040000000000191"/>
    <testcase classname="TESTING_datachk" name="Check_TESTING_dataset" time="0.0040000000000191"/>
    <testcase classname="TESTING_datachk" name="Check_TESTING_dataset" time="0.00299999999992906"/>
    <testcase classname="TESTING_datachk" name="Check_TESTING_dataset" time="0.0040000000000191"/>
    <testcase classname="TESTING_datachk" name="Check_TESTING_dataset" time="0.283999999999992"/>
    <testcase classname="TESTING_datachk" name="Check_TESTING_dataset" time="0.00300000000004275"/>
    <testcase classname="TESTING_datachk" name="Check_TESTING_dataset" time="0.0040000000000191"/>
    <testcase classname="TESTING_datachk" name="Check_TESTING_dataset" time="0.0040000000000191"/>
    <testcase classname="TESTING_datachk" name="Check_TESTING_dataset" time="0.00399999999990541"/>
    <testcase classname="TESTING_datachk" name="Check_TESTING_dataset" time="0.00300000000004275"/>
    <testcase classname="TESTING_datachk" name="Check_TESTING_dataset" time="0.0040000000000191"/>
    <testcase classname="TESTING_datachk" name="Check_TESTING_dataset" time="0.0040000000000191"/>
    <testcase classname="TESTING_datachk" name="Check_TESTING_dataset" time="0.0040000000000191"/>
    <testcase classname="TESTING_datachk" name="Check_TESTING_dataset" time="0.539999999999964"/>
    <testcase classname="TESTING_datachk" name="Check_TESTING_dataset" time="0.0040000000000191"/>
    <testcase classname="TESTING_datachk" name="Check_TESTING_dataset" time="0.0040000000000191"/>
    <testcase classname="TESTING_datachk" name="Check_TESTING_dataset" time="0.00399999999990541"/>
    <testcase classname="TESTING_datachk" name="Check_TESTING_dataset" time="0.0040000000000191"/>
    <testcase classname="TESTING_datachk" name="Check_TESTING_dataset" time="0.0040000000000191"/>
    <testcase classname="TESTING_datachk" name="Check_TESTING_dataset" time="0.0040000000000191"/>
    <testcase classname="TESTING_datachk" name="Check_TESTING_dataset" time="0.275999999999954"/>
    <testcase classname="TESTING_datachk" name="Check_TESTING_dataset" time="0.0040000000000191"/>
    <testcase classname="TESTING_datachk" name="Check_TESTING_dataset" time="0.0040000000000191"/>
    <testcase classname="TESTING_datachk" name="Check_TESTING_dataset" time="0.0040000000000191"/>
    <testcase classname="TESTING_datachk" name="Check_TESTING_dataset" time="0.0040000000000191"/>
    <testcase classname="TESTING_datachk" name="Check_TESTING_dataset" time="0.00399999999990541"/>
    <testcase classname="TESTING_datachk" name="Check_TESTING_dataset" time="0.00500000000010914"/>
    <testcase classname="TESTING_datachk" name="Check_TESTING_dataset" time="0.00399999999990541"/>
    <testcase classname="TESTING_datachk" name="Check_TESTING_dataset" time="0.0040000000000191"/>
    <testcase classname="TESTING_datachk" name="Check_TESTING_dataset" time="0.548999999999978"/>
    <testcase classname="TESTING_datachk" name="Check_TESTING_dataset" time="0.0040000000000191"/>
    <testcase classname="TESTING_datachk" name="Check_TESTING_dataset" time="0.00300000000004275"/>
    <testcase classname="TESTING_datachk" name="Check_TESTING_dataset" time="0.00299999999992906"/>
    <testcase classname="TESTING_datachk" name="Check_TESTING_dataset" time="0.00300000000004275"/>
    <testcase classname="TESTING_datachk" name="Check_TESTING_dataset" time="0.0040000000000191"/>
    <testcase classname="TESTING_datachk" name="Check_TESTING_dataset" time="0.0040000000000191"/>
    <testcase classname="TESTING_datachk" name="Check_TESTING_dataset" time="0.266999999999939"/>
    <testcase classname="TESTING_datachk" name="Check_TESTING_dataset" time="0.0040000000000191"/>
    <testcase classname="TESTING_datachk" name="Check_TESTING_dataset" time="0.00499999999999545"/>
    <testcase classname="TESTING_datachk" name="Check_TESTING_dataset" time="0.0040000000000191"/>
    <testcase classname="TESTING_datachk" name="Check_TESTING_dataset" time="0.0040000000000191"/>
    <testcase classname="TESTING_datachk" name="Check_TESTING_dataset" time="0.0040000000000191"/>
    <testcase classname="TESTING_datachk" name="Check_TESTING_dataset" time="0.00399999999990541"/>
    <testcase classname="TESTING_datachk" name="Check_TESTING_dataset" time="0.0040000000000191"/>
    <testcase classname="TESTING_datachk" name="Check_TESTING_dataset" time="0.00300000000004275"/>
    <testcase classname="TESTING_datachk" name="Check_TESTING_dataset" time="0.544999999999959"/>
    <testcase classname="TESTING_datachk" name="Check_TESTING_dataset" time="0.0040000000000191"/>
    <testcase classname="TESTING_datachk" name="Check_TESTING_dataset" time="0.0040000000000191"/>
    <testcase classname="TESTING_datachk" name="Check_TESTING_dataset" time="0.0040000000000191"/>
    <testcase classname="TESTING_datachk" name="Check_TESTING_dataset" time="0.00499999999999545"/>
    <testcase classname="TESTING_datachk" name="Check_TESTING_dataset" time="0.0040000000000191"/>
    <testcase classname="TESTING_datachk" name="Check_TESTING_dataset" time="0.00499999999999545"/>
    <testcase classname="TESTING_datachk" name="Check_TESTING_dataset" time="0.272999999999911"/>
    <testcase classname="TESTING_datachk" name="Check_TESTING_dataset" time="0.00900000000001455"/>
    <testcase classname="TESTING_datachk" name="Check_TESTING_dataset" time="0.00600000000008549"/>
    <testcase classname="TESTING_datachk" name="Check_TESTING_dataset" time="0.00499999999999545"/>
    <testcase classname="TESTING_datachk" name="Check_TESTING_dataset" time="0.00499999999999545"/>
    <testcase classname="TESTING_datachk" name="Check_TESTING_dataset" time="0.0040000000000191"/>
    <testcase classname="TESTING_datachk" name="Check_TESTING_dataset" time="0.0119999999999436"/>
    <testcase classname="TESTING_datachk" name="Check_TESTING_dataset" time="0.0040000000000191"/>
    <testcase classname="TESTING_datachk" name="Check_TESTING_dataset" time="0.0040000000000191"/>
    <testcase classname="TESTING_datachk" name="Check_TESTING_dataset" time="0.562999999999988"/>
    <testcase classname="TESTING_datachk" name="Check_TESTING_dataset" time="0.00499999999999545"/>
    <testcase classname="TESTING_datachk" name="Check_TESTING_dataset" time="0.00499999999999545"/>
    <testcase classname="TESTING_datachk" name="Check_TESTING_dataset" time="0.0040000000000191"/>
    <testcase classname="TESTING_datachk" name="Check_TESTING_dataset" time="0.00499999999999545"/>
    <testcase classname="TESTING_datachk" name="Check_TESTING_dataset" time="0.0040000000000191"/>
    <testcase classname="TESTING_datachk" name="Check_TESTING_dataset" time="0.00499999999999545"/>
    <testcase classname="TESTING_datachk" name="Check_TESTING_dataset" time="0.278999999999996"/>
    <testcase classname="TESTING_datachk" name="Check_TESTING_dataset" time="0.00499999999999545"/>
    <testcase classname="TESTING_datachk" name="Check_TESTING_dataset" time="0.00499999999999545"/>
    <testcase classname="TESTING_datachk" name="Check_TESTING_dataset" time="0.00499999999999545"/>
    <testcase classname="TESTING_datachk" name="Check_TESTING_dataset" time="0.00499999999999545"/>
    <testcase classname="TESTING_datachk" name="Check_TESTING_dataset" time="0.00499999999999545"/>
    <testcase classname="TESTING_datachk" name="Check_TESTING_dataset" time="0.00499999999999545"/>
    <testcase classname="TESTING_datachk" name="Check_TESTING_dataset" time="0.00499999999999545"/>
    <testcase classname="TESTING_datachk" name="Check_TESTING_dataset" time="0.00499999999999545"/>
    <testcase classname="TESTING_datachk" name="Check_TESTING_dataset" time="0.566000000000031"/>
    <testcase classname="TESTING_datachk" name="Check_TESTING_dataset" time="0.00499999999999545"/>
    <testcase classname="TESTING_datachk" name="Check_TESTING_dataset" time="0.00599999999997181"/>
    <testcase classname="TESTING_datachk" name="Check_TESTING_dataset" time="0.00499999999999545"/>
    <testcase classname="TESTING_datachk" name="Check_TESTING_dataset" time="0.00499999999999545"/>
    <testcase classname="TESTING_datachk" name="Check_TESTING_dataset" time="0.0130000000000337"/>
    <testcase classname="TESTING_datachk" name="Check_TESTING_dataset" time="0.00499999999999545"/>
    <testcase classname="TESTING_datachk" name="Check_TESTING_dataset" time="0.269000000000005"/>
    <testcase classname="TESTING_datachk" name="Check_TESTING_dataset" time="0.00699999999994816"/>
    <testcase classname="TESTING_datachk" name="Check_TESTING_dataset" time="0.00499999999999545"/>
    <testcase classname="TESTING_datachk" name="Check_TESTING_dataset" time="0.00599999999997181"/>
    <testcase classname="TESTING_datachk" name="Check_TESTING_dataset" time="0.00500000000010914"/>
    <testcase classname="TESTING_datachk" name="Check_TESTING_dataset" time="0.00599999999997181"/>
    <testcase classname="TESTING_datachk" name="Check_TESTING_dataset" time="0.00499999999999545"/>
    <testcase classname="TESTING_datachk" name="Check_TESTING_dataset" time="0.00599999999997181"/>
    <testcase classname="TESTING_datachk" name="Check_TESTING_dataset" time="0.00499999999999545"/>
    <testcase classname="TESTING_datachk" name="Check_TESTING_dataset" time="0.537000000000035"/>
    <testcase classname="TESTING_datachk" name="Check_TESTING_dataset" time="0.00499999999999545"/>
    <testcase classname="TESTING_datachk" name="Check_TESTING_dataset" time="0.00499999999999545"/>
    <testcase classname="TESTING_datachk" name="Check_TESTING_dataset" time="0.00599999999997181"/>
    <testcase classname="TESTING_datachk" name="Check_TESTING_dataset" time="0.00499999999999545"/>
    <testcase classname="TESTING_datachk" name="Check_TESTING_dataset" time="0.00499999999999545"/>
    <testcase classname="TESTING_datachk" name="Check_TESTING_dataset" time="0.00499999999999545"/>
    <testcase classname="TESTING_datachk" name="Check_TESTING_dataset" time="0.273000000000025"/>
    <testcase classname="TESTING_datachk" name="Check_TESTING_dataset" time="0.00499999999999545"/>
    <testcase classname="TESTING_datachk" name="Check_TESTING_dataset" time="0.00599999999997181"/>
    <testcase classname="TESTING_datachk" name="Check_TESTING_dataset" time="0.00499999999999545"/>
    <testcase classname="TESTING_datachk" name="Check_TESTING_dataset" time="0.00600000000008549"/>
    <testcase classname="TESTING_datachk" name="Check_TESTING_dataset" time="0.00499999999999545"/>
    <testcase classname="TESTING_datachk" name="Check_TESTING_dataset" time="0.00499999999999545"/>
    <testcase classname="TESTING_datachk" name="Check_TESTING_dataset" time="0.01299999999992"/>
    <testcase classname="TESTING_datachk" name="Check_TESTING_dataset" time="0.00499999999999545"/>
    <testcase classname="TESTING_datachk" name="Check_TESTING_dataset" time="0.540000000000077"/>
    <testcase classname="TESTING_datachk" name="Check_TESTING_dataset" time="0.00599999999997181"/>
    <testcase classname="TESTING_datachk" name="Check_TESTING_dataset" time="0.00499999999999545"/>
    <testcase classname="TESTING_datachk" name="Check_TESTING_dataset" time="0.00499999999999545"/>
    <testcase classname="TESTING_datachk" name="Check_TESTING_dataset" time="0.0040000000000191"/>
    <testcase classname="TESTING_datachk" name="Check_TESTING_dataset" time="0.00499999999999545"/>
    <testcase classname="TESTING_datachk" name="Check_TESTING_dataset" time="0.00499999999999545"/>
    <testcase classname="TESTING_datachk" name="Check_TESTING_dataset" time="0.273000000000025"/>
    <testcase classname="TESTING_datachk" name="Check_TESTING_dataset" time="0.00499999999999545"/>
    <testcase classname="TESTING_datachk" name="Check_TESTING_dataset" time="0.00499999999999545"/>
    <testcase classname="TESTING_datachk" name="Check_TESTING_dataset" time="0.00499999999999545"/>
    <testcase classname="TESTING_datachk" name="Check_TESTING_dataset" time="0.00499999999999545"/>
    <testcase classname="TESTING_datachk" name="Check_TESTING_dataset" time="0.00499999999999545"/>
    <testcase classname="TESTING_datachk" name="Check_TESTING_dataset" time="0.00499999999999545"/>
    <testcase classname="TESTING_datachk" name="Check_TESTING_dataset" time="0.00600000000008549"/>
    <testcase classname="TESTING_datachk" name="Check_TESTING_dataset" time="0.00599999999997181"/>
    <testcase classname="TESTING_datachk" name="Check_TESTING_dataset" time="0.543000000000006"/>
    <testcase classname="TESTING_datachk" name="Check_TESTING_dataset" time="0.00499999999999545"/>
    <testcase classname="TESTING_datachk" name="Check_TESTING_dataset" time="0.00599999999997181"/>
    <testcase classname="TESTING_datachk" name="Check_TESTING_dataset" time="0.0040000000000191"/>
    <testcase classname="TESTING_datachk" name="Check_TESTING_dataset" time="0.00599999999997181"/>
    <testcase classname="TESTING_datachk" name="Check_TESTING_dataset" time="0.00499999999999545"/>
    <testcase classname="TESTING_datachk" name="Check_TESTING_dataset" time="0.00599999999997181"/>
    <testcase classname="TESTING_datachk" name="Check_TESTING_dataset" time="0.27800000000002"/>
    <testcase classname="TESTING_datachk" name="Check_TESTING_dataset" time="0.00599999999997181"/>
    <testcase classname="TESTING_datachk" name="Check_TESTING_dataset" time="0.00499999999999545"/>
    <testcase classname="TESTING_datachk" name="Check_TESTING_dataset" time="0.00499999999999545"/>
    <testcase classname="TESTING_datachk" name="Check_TESTING_dataset" time="0.00499999999999545"/>
    <testcase classname="TESTING_datachk" name="Check_TESTING_dataset" time="0.00600000000008549"/>
    <testcase classname="TESTING_datachk" name="Check_TESTING_dataset" time="0.00599999999997181"/>
    <testcase classname="TESTING_datachk" name="Check_TESTING_dataset" time="0.00599999999997181"/>
    <testcase classname="TESTING_datachk" name="Check_TESTING_dataset" time="0.00499999999999545"/>
    <testcase classname="TESTING_datachk" name="Check_TESTING_dataset" time="0.547000000000025"/>
    <testcase classname="TESTING_datachk" name="Check_TESTING_dataset" time="0.00699999999994816"/>
    <testcase classname="TESTING_datachk" name="Check_TESTING_dataset" time="0.00600000000008549"/>
    <testcase classname="TESTING_datachk" name="Check_TESTING_dataset" time="0.00599999999997181"/>
    <testcase classname="TESTING_datachk" name="Check_TESTING_dataset" time="0.00699999999994816"/>
    <testcase classname="TESTING_datachk" name="Check_TESTING_dataset" time="0.00600000000008549"/>
    <testcase classname="TESTING_datachk" name="Check_TESTING_dataset" time="0.00499999999999545"/>
    <testcase classname="TESTING_datachk" name="Check_TESTING_dataset" time="0.286999999999921"/>
    <testcase classname="TESTING_datachk" name="Check_TESTING_dataset" time="0.00600000000008549"/>
    <testcase classname="TESTING_datachk" name="Check_TESTING_dataset" time="0.00699999999994816"/>
    <testcase classname="TESTING_datachk" name="Check_TESTING_dataset" time="0.00599999999997181"/>
    <testcase classname="TESTING_datachk" name="Check_TESTING_dataset" time="0.00600000000008549"/>
    <testcase classname="TESTING_datachk" name="Check_TESTING_dataset" time="0.00499999999999545"/>
    <testcase classname="TESTING_datachk" name="Check_TESTING_dataset" time="0.00599999999997181"/>
    <testcase classname="TESTING_datachk" name="Check_TESTING_dataset" time="0.00499999999999545"/>
    <testcase classname="TESTING_datachk" name="Check_TESTING_dataset" time="0.00699999999994816"/>
  </testsuite>
  <testsuite errors="0" failures="0" hostname="fv-az14" name="TESTING::datachk::shutdown" skipped="0" tests="3" time="0.281" timestamp="2020-10-23T10:59:10Z">
    <testcase classname="TESTING_datachk_shutdown" name="shutdown" time="0.278999999999996"/>
    <testcase classname="TESTING_datachk_shutdown" name="shutdown" time="0.00100000000009004"/>
    <testcase classname="TESTING_datachk_shutdown" name="shutdown" time="0.000999999999976353"/>
  </testsuite>
  <testsuite errors="0" failures="0" hostname="fv-az14" name="TESTING::datachk::done" skipped="0" tests="0" time="0" timestamp="2020-10-23T10:59:11Z"/>
  <testsuite errors="0" failures="0" hostname="fv-az14" name="ds.cor::disc::setup" skipped="0" tests="3" time="5.231" timestamp="2020-10-23T10:59:11Z">
    <testcase classname="ds.cor_disc_setup" name="setup" time="5.22799999999995"/>
    <testcase classname="ds.cor_disc_setup" name="setup" time="0.00200000000006639"/>
    <testcase classname="ds.cor_disc_setup" name="setup" time="0.000999999999976353"/>
  </testsuite>
  <testsuite errors="0" failures="0" hostname="fv-az14" name="ds.cor::disc" skipped="2" tests="33" time="10.353" timestamp="2020-10-23T10:59:15Z">
    <testcase classname="ds.cor_disc" name="simple_D3_setup" time="7.59500000000003"/>
    <testcase classname="ds.cor_disc" name="simple_D3_setup" time="0.00199999999995271"/>
    <testcase classname="ds.cor_disc" name="simple_D3_setup" time="0.000999999999976353"/>
    <testcase classname="ds.cor_disc" name="simple_D3_setup" time="0.00200000000006639"/>
    <testcase classname="ds.cor_disc" name="simple_D3_setup" time="0.000999999999976353"/>
    <testcase classname="ds.cor_disc" name="simple_D3_setup" time="0.000999999999976353"/>
    <testcase classname="ds.cor_disc" name="simple_D3_setup" time="0.00200000000006639"/>
    <testcase classname="ds.cor_disc" name="simple_D3_setup" time="0.000999999999976353"/>
    <testcase classname="ds.cor_disc" name="simple_D3_setup" time="0.00199999999995271"/>
    <testcase classname="ds.cor_disc" name="simple_D3_setup" time="0.000999999999976353"/>
    <testcase classname="ds.cor_disc" name="simple_D3_setup" time="0.00200000000006639"/>
    <testcase classname="ds.cor_disc" name="simple_D3_setup" time="0.000999999999976353"/>
    <testcase classname="ds.cor_disc" name="simple_D3_setup" time="0.000999999999976353"/>
    <testcase classname="ds.cor_disc" name="simple_disc_test_naAction_casewise.complete_type_split_" time="1.22500000000002"/>
    <testcase classname="ds.cor_disc" name="simple_disc_test_naAction_casewise.complete_type_split_" time="0.00200000000006639"/>
    <testcase classname="ds.cor_disc" name="simple_disc_test_naAction_casewise.complete_type_split_" time="0.000999999999976353"/>
    <testcase classname="ds.cor_disc" name="simple_disc_test_naAction_casewise.complete_type_split_" time="0.000999999999976353"/>
    <testcase classname="ds.cor_disc" name="simple_disc_test_naAction_casewise.complete_type_split_" time="0.00199999999995271"/>
    <testcase classname="ds.cor_disc" name="simple_disc_test_naAction_casewise.complete_type_split_" time="0.00100000000009004"/>
    <testcase classname="ds.cor_disc" name="simple_disc_test_naAction_casewise.complete_type_split_" time="0.00199999999995271"/>
    <testcase classname="ds.cor_disc" name="simple_disc_test_naAction_casewise.complete_type_split_" time="0.000999999999976353"/>
    <testcase classname="ds.cor_disc" name="simple_disc_test_naAction_casewise.complete_type_split_" time="0.00100000000009004"/>
    <testcase classname="ds.cor_disc" name="simple_disc_test_naAction_casewise.complete_type_split_" time="0.00199999999995271"/>
    <testcase classname="ds.cor_disc" name="simple_disc_test_naAction_pairwise.complete_type_split_" time="0.00199999999995271">
      <skipped/>
    </testcase>
    <testcase classname="ds.cor_disc" name="simple_disc_test_naAction_casewise.complete_type_combine_" time="1.48800000000006"/>
    <testcase classname="ds.cor_disc" name="simple_disc_test_naAction_casewise.complete_type_combine_" time="0.00199999999995271"/>
    <testcase classname="ds.cor_disc" name="simple_disc_test_naAction_casewise.complete_type_combine_" time="0.00100000000009004"/>
    <testcase classname="ds.cor_disc" name="simple_disc_test_naAction_casewise.complete_type_combine_" time="0.00199999999995271"/>
    <testcase classname="ds.cor_disc" name="simple_disc_test_naAction_casewise.complete_type_combine_" time="0.000999999999976353"/>
    <testcase classname="ds.cor_disc" name="simple_disc_test_naAction_casewise.complete_type_combine_" time="0.00200000000006639"/>
    <testcase classname="ds.cor_disc" name="simple_disc_test_naAction_casewise.complete_type_combine_" time="0.000999999999976353"/>
    <testcase classname="ds.cor_disc" name="simple_disc_test_naAction_casewise.complete_type_combine_" time="0.00199999999995271"/>
    <testcase classname="ds.cor_disc" name="simple_disc_test_naAction_pairwise.complete_type_combine_" time="0.00200000000006639">
      <skipped/>
    </testcase>
  </testsuite>
  <testsuite errors="0" failures="0" hostname="fv-az14" name="ds.cor::disc::shutdown" skipped="0" tests="3" time="0.279" timestamp="2020-10-23T10:59:26Z">
    <testcase classname="ds.cor_disc_shutdown" name="shutdown" time="0.27699999999993"/>
    <testcase classname="ds.cor_disc_shutdown" name="shutdown" time="0.000999999999976353"/>
    <testcase classname="ds.cor_disc_shutdown" name="shutdown" time="0.00100000000009004"/>
  </testsuite>
  <testsuite errors="0" failures="0" hostname="fv-az14" name="ds.cor::disc::done" skipped="0" tests="0" time="0" timestamp="2020-10-23T10:59:27Z"/>
  <testsuite errors="0" failures="0" hostname="fv-az14" name="ds.cov::disc::setup" skipped="0" tests="3" time="5.192" timestamp="2020-10-23T10:59:27Z">
    <testcase classname="ds.cov_disc_setup" name="setup" time="5.18999999999994"/>
    <testcase classname="ds.cov_disc_setup" name="setup" time="0.000999999999976353"/>
    <testcase classname="ds.cov_disc_setup" name="setup" time="0.00100000000009004"/>
  </testsuite>
  <testsuite errors="0" failures="0" hostname="fv-az14" name="ds.cov::disc" skipped="2" tests="33" time="9.968" timestamp="2020-10-23T10:59:31Z">
    <testcase classname="ds.cov_disc" name="simple_D3_setup" time="7.48299999999995"/>
    <testcase classname="ds.cov_disc" name="simple_D3_setup" time="0.000999999999976353"/>
    <testcase classname="ds.cov_disc" name="simple_D3_setup" time="0.00100000000009004"/>
    <testcase classname="ds.cov_disc" name="simple_D3_setup" time="0.00899999999990087"/>
    <testcase classname="ds.cov_disc" name="simple_D3_setup" time="0.00100000000009004"/>
    <testcase classname="ds.cov_disc" name="simple_D3_setup" time="0.000999999999976353"/>
    <testcase classname="ds.cov_disc" name="simple_D3_setup" time="0.00199999999995271"/>
    <testcase classname="ds.cov_disc" name="simple_D3_setup" time="0.000999999999976353"/>
    <testcase classname="ds.cov_disc" name="simple_D3_setup" time="0.00100000000009004"/>
    <testcase classname="ds.cov_disc" name="simple_D3_setup" time="0.000999999999976353"/>
    <testcase classname="ds.cov_disc" name="simple_D3_setup" time="0.000999999999976353"/>
    <testcase classname="ds.cov_disc" name="simple_D3_setup" time="0.00199999999995271"/>
    <testcase classname="ds.cov_disc" name="simple_D3_setup" time="0.00100000000009004"/>
    <testcase classname="ds.cov_disc" name="simple_disc_test_naAction_casewise.complete_type_split_" time="1.21699999999998"/>
    <testcase classname="ds.cov_disc" name="simple_disc_test_naAction_casewise.complete_type_split_" time="0.00199999999995271"/>
    <testcase classname="ds.cov_disc" name="simple_disc_test_naAction_casewise.complete_type_split_" time="0.000999999999976353"/>
    <testcase classname="ds.cov_disc" name="simple_disc_test_naAction_casewise.complete_type_split_" time="0.00100000000009004"/>
    <testcase classname="ds.cov_disc" name="simple_disc_test_naAction_casewise.complete_type_split_" time="0.00199999999995271"/>
    <testcase classname="ds.cov_disc" name="simple_disc_test_naAction_casewise.complete_type_split_" time="0.000999999999976353"/>
    <testcase classname="ds.cov_disc" name="simple_disc_test_naAction_casewise.complete_type_split_" time="0.000999999999976353"/>
    <testcase classname="ds.cov_disc" name="simple_disc_test_naAction_casewise.complete_type_split_" time="0.00200000000006639"/>
    <testcase classname="ds.cov_disc" name="simple_disc_test_naAction_casewise.complete_type_split_" time="0.000999999999976353"/>
    <testcase classname="ds.cov_disc" name="simple_disc_test_naAction_casewise.complete_type_split_" time="0.00200000000006639"/>
    <testcase classname="ds.cov_disc" name="simple_disc_test_naAction_pairwise.complete_type_split_" time="0.000999999999976353">
      <skipped/>
    </testcase>
    <testcase classname="ds.cov_disc" name="simple_disc_test_naAction_casewise.complete_type_combine_" time="1.21799999999996"/>
    <testcase classname="ds.cov_disc" name="simple_disc_test_naAction_casewise.complete_type_combine_" time="0.00199999999995271"/>
    <testcase classname="ds.cov_disc" name="simple_disc_test_naAction_casewise.complete_type_combine_" time="0.00200000000006639"/>
    <testcase classname="ds.cov_disc" name="simple_disc_test_naAction_casewise.complete_type_combine_" time="0.000999999999976353"/>
    <testcase classname="ds.cov_disc" name="simple_disc_test_naAction_casewise.complete_type_combine_" time="0.00200000000006639"/>
    <testcase classname="ds.cov_disc" name="simple_disc_test_naAction_casewise.complete_type_combine_" time="0.000999999999976353"/>
    <testcase classname="ds.cov_disc" name="simple_disc_test_naAction_casewise.complete_type_combine_" time="0.00199999999995271"/>
    <testcase classname="ds.cov_disc" name="simple_disc_test_naAction_casewise.complete_type_combine_" time="0.00200000000006639"/>
    <testcase classname="ds.cov_disc" name="simple_disc_test_naAction_pairwise.complete_type_combine_" time="0.00199999999995271">
      <skipped/>
    </testcase>
  </testsuite>
  <testsuite errors="0" failures="0" hostname="fv-az14" name="ds.cov::disc::shutdown" skipped="0" tests="3" time="0.278" timestamp="2020-10-23T10:59:41Z">
    <testcase classname="ds.cov_disc_shutdown" name="shutdown" time="0.274999999999977"/>
    <testcase classname="ds.cov_disc_shutdown" name="shutdown" time="0.00200000000006639"/>
    <testcase classname="ds.cov_disc_shutdown" name="shutdown" time="0.000999999999976353"/>
  </testsuite>
  <testsuite errors="0" failures="0" hostname="fv-az14" name="ds.cov::disc::done" skipped="0" tests="0" time="0" timestamp="2020-10-23T10:59:42Z"/>
  <testsuite errors="0" failures="0" hostname="fv-az14" name="ds.levels::disc::setup" skipped="0" tests="3" time="5.147" timestamp="2020-10-23T10:59:42Z">
    <testcase classname="ds.levels_disc_setup" name="setup" time="5.14499999999998"/>
    <testcase classname="ds.levels_disc_setup" name="setup" time="0.000999999999976353"/>
    <testcase classname="ds.levels_disc_setup" name="setup" time="0.000999999999976353"/>
  </testsuite>
  <testsuite errors="0" failures="0" hostname="fv-az14" name="ds.levels::disc" skipped="1" tests="1" time="0.007" timestamp="2020-10-23T10:59:47Z">
    <testcase classname="ds.levels_disc" name="simple_levels" time="0.00700000000006185">
      <skipped/>
    </testcase>
  </testsuite>
  <testsuite errors="0" failures="0" hostname="fv-az14" name="ds.levels::disc::shutdown" skipped="0" tests="3" time="0.281" timestamp="2020-10-23T10:59:47Z">
    <testcase classname="ds.levels_disc_shutdown" name="shutdown" time="0.27800000000002"/>
    <testcase classname="ds.levels_disc_shutdown" name="shutdown" time="0.00199999999995271"/>
    <testcase classname="ds.levels_disc_shutdown" name="shutdown" time="0.000999999999976353"/>
  </testsuite>
  <testsuite errors="0" failures="0" hostname="fv-az14" name="ds.levels::disc::done" skipped="0" tests="0" time="0" timestamp="2020-10-23T10:59:48Z"/>
  <testsuite errors="0" failures="0" hostname="fv-az14" name="ds.meanByClass::disc::setup" skipped="0" tests="0" time="0" timestamp="2020-10-23T10:59:48Z"/>
  <testsuite errors="0" failures="0" hostname="fv-az14" name="ds.meanByClass::disc::test errors" skipped="1" tests="1" time="4.941" timestamp="2020-10-23T10:59:52Z">
    <testcase classname="ds.meanByClass_disc_test_errors" name="meanByClass_erros" time="4.94100000000003">
      <skipped/>
    </testcase>
  </testsuite>
  <testsuite errors="0" failures="0" hostname="fv-az14" name="ds.meanByClass::disc::teardown" skipped="0" tests="0" time="0" timestamp="2020-10-23T10:59:52Z"/>
  <testsuite errors="0" failures="0" hostname="fv-az14" name="ds.meanByClass::disc::done" skipped="0" tests="0" time="0" timestamp="2020-10-23T10:59:53Z"/>
  <testsuite errors="0" failures="0" hostname="fv-az14" name="ds.mean::disc::type=both" skipped="1" tests="1" time="4.905" timestamp="2020-10-23T10:59:57Z">
    <testcase classname="ds.mean_disc_type_both" name="mean_values_both_" time="4.90499999999997">
      <skipped/>
    </testcase>
  </testsuite>
  <testsuite errors="0" failures="0" hostname="fv-az14" name="ds.rm::disc" skipped="0" tests="31" time="6.008" timestamp="2020-10-23T11:00:02Z">
    <testcase classname="ds.rm_disc" name="justovertest" time="5.15900000000011"/>
    <testcase classname="ds.rm_disc" name="justovertest" time="0.00199999999995271"/>
    <testcase classname="ds.rm_disc" name="justovertest" time="0.000999999999976353"/>
    <testcase classname="ds.rm_disc" name="justovertest" time="0.000999999999976353"/>
    <testcase classname="ds.rm_disc" name="justovertest" time="0.00200000000006639"/>
    <testcase classname="ds.rm_disc" name="justovertest" time="0.000999999999976353"/>
    <testcase classname="ds.rm_disc" name="justovertest" time="0.00199999999995271"/>
    <testcase classname="ds.rm_disc" name="justovertest" time="0.273000000000025"/>
    <testcase classname="ds.rm_disc" name="justovertest" time="0.000999999999976353"/>
    <testcase classname="ds.rm_disc" name="justovertest" time="0.00200000000006639"/>
    <testcase classname="ds.rm_disc" name="justovertest" time="0.000999999999976353"/>
    <testcase classname="ds.rm_disc" name="justovertest" time="0.000999999999976353"/>
    <testcase classname="ds.rm_disc" name="justovertest" time="0.00200000000006639"/>
    <testcase classname="ds.rm_disc" name="justovertest" time="0.000999999999976353"/>
    <testcase classname="ds.rm_disc" name="justovertest" time="0.000999999999976353"/>
    <testcase classname="ds.rm_disc" name="justovertest" time="0.00199999999995271"/>
    <testcase classname="ds.rm_disc" name="justovertest" time="0.00100000000009004"/>
    <testcase classname="ds.rm_disc" name="simple_test" time="0.269000000000005"/>
    <testcase classname="ds.rm_disc" name="simple_test" time="0.000999999999976353"/>
    <testcase classname="ds.rm_disc" name="simple_test" time="0.00199999999995271"/>
    <testcase classname="ds.rm_disc" name="simple_test" time="0.000999999999976353"/>
    <testcase classname="ds.rm_disc" name="simple_test" time="0.00200000000006639"/>
    <testcase classname="ds.rm_disc" name="simple_test" time="0.00199999999995271"/>
    <testcase classname="ds.rm_disc" name="simple_test" time="0.00100000000009004"/>
    <testcase classname="ds.rm_disc" name="simple_test" time="0.267999999999915"/>
    <testcase classname="ds.rm_disc" name="simple_test" time="0.00100000000009004"/>
    <testcase classname="ds.rm_disc" name="simple_test" time="0.00199999999995271"/>
    <testcase classname="ds.rm_disc" name="simple_test" time="0.000999999999976353"/>
    <testcase classname="ds.rm_disc" name="simple_test" time="0.00200000000006639"/>
    <testcase classname="ds.rm_disc" name="simple_test" time="0.00199999999995271"/>
    <testcase classname="ds.rm_disc" name="simple_test" time="0.000999999999976353"/>
  </testsuite>
  <testsuite errors="0" failures="0" hostname="fv-az14" name="ds.sample::disc::setup" skipped="0" tests="0" time="0" timestamp="2020-10-23T11:00:03Z"/>
  <testsuite errors="0" failures="0" hostname="fv-az14" name="ds.sample::disc::test disclosure" skipped="0" tests="35" time="12.954" timestamp="2020-10-23T11:00:08Z">
    <testcase classname="ds.sample_disc_test_disclosure" name="cov_erros" time="6.62599999999998"/>
    <testcase classname="ds.sample_disc_test_disclosure" name="cov_erros" time="0.00199999999995271"/>
    <testcase classname="ds.sample_disc_test_disclosure" name="cov_erros" time="0.000999999999976353"/>
    <testcase classname="ds.sample_disc_test_disclosure" name="cov_erros" time="0.00100000000009004"/>
    <testcase classname="ds.sample_disc_test_disclosure" name="cov_erros" time="0.000999999999976353"/>
    <testcase classname="ds.sample_disc_test_disclosure" name="cov_erros" time="0.00199999999995271"/>
    <testcase classname="ds.sample_disc_test_disclosure" name="cov_erros" time="0.000999999999976353"/>
    <testcase classname="ds.sample_disc_test_disclosure" name="cov_erros" time="1.53200000000004"/>
    <testcase classname="ds.sample_disc_test_disclosure" name="cov_erros" time="0.00199999999995271"/>
    <testcase classname="ds.sample_disc_test_disclosure" name="cov_erros" time="0.00100000000009004"/>
    <testcase classname="ds.sample_disc_test_disclosure" name="cov_erros" time="0.000999999999976353"/>
    <testcase classname="ds.sample_disc_test_disclosure" name="cov_erros" time="0.00199999999995271"/>
    <testcase classname="ds.sample_disc_test_disclosure" name="cov_erros" time="0.00100000000009004"/>
    <testcase classname="ds.sample_disc_test_disclosure" name="cov_erros" time="0.000999999999976353"/>
    <testcase classname="ds.sample_disc_test_disclosure" name="cov_erros" time="1.53499999999997"/>
    <testcase classname="ds.sample_disc_test_disclosure" name="cov_erros" time="0.00199999999995271"/>
    <testcase classname="ds.sample_disc_test_disclosure" name="cov_erros" time="0.00100000000009004"/>
    <testcase classname="ds.sample_disc_test_disclosure" name="cov_erros" time="0.00199999999995271"/>
    <testcase classname="ds.sample_disc_test_disclosure" name="cov_erros" time="0.000999999999976353"/>
    <testcase classname="ds.sample_disc_test_disclosure" name="cov_erros" time="0.000999999999976353"/>
    <testcase classname="ds.sample_disc_test_disclosure" name="cov_erros" time="0.00200000000006639"/>
    <testcase classname="ds.sample_disc_test_disclosure" name="cov_erros" time="1.60799999999995"/>
    <testcase classname="ds.sample_disc_test_disclosure" name="cov_erros" time="0.00300000000004275"/>
    <testcase classname="ds.sample_disc_test_disclosure" name="cov_erros" time="0.00199999999995271"/>
    <testcase classname="ds.sample_disc_test_disclosure" name="cov_erros" time="0.00200000000006639"/>
    <testcase classname="ds.sample_disc_test_disclosure" name="cov_erros" time="0.000999999999976353"/>
    <testcase classname="ds.sample_disc_test_disclosure" name="cov_erros" time="0.00199999999995271"/>
    <testcase classname="ds.sample_disc_test_disclosure" name="cov_erros" time="0.00200000000006639"/>
    <testcase classname="ds.sample_disc_test_disclosure" name="cov_erros" time="1.60699999999997"/>
    <testcase classname="ds.sample_disc_test_disclosure" name="cov_erros" time="0.00200000000006639"/>
    <testcase classname="ds.sample_disc_test_disclosure" name="cov_erros" time="0.000999999999976353"/>
    <testcase classname="ds.sample_disc_test_disclosure" name="cov_erros" time="0.00199999999995271"/>
    <testcase classname="ds.sample_disc_test_disclosure" name="cov_erros" time="0.000999999999976353"/>
    <testcase classname="ds.sample_disc_test_disclosure" name="cov_erros" time="0.00100000000009004"/>
    <testcase classname="ds.sample_disc_test_disclosure" name="cov_erros" time="0.00199999999995271"/>
  </testsuite>
  <testsuite errors="0" failures="0" hostname="fv-az14" name="ds.sample::disc::shutdown" skipped="0" tests="0" time="0" timestamp="2020-10-23T11:00:16Z"/>
  <testsuite errors="0" failures="0" hostname="fv-az14" name="ds.sample::disc::done" skipped="0" tests="0" time="0" timestamp="2020-10-23T11:00:16Z"/>
  <testsuite errors="0" failures="0" hostname="fv-az14" name="ds.table::disc::setup" skipped="0" tests="0" time="0" timestamp="2020-10-23T11:00:16Z"/>
  <testsuite errors="0" failures="0" hostname="fv-az14" name="ds.table::disc::tests" skipped="0" tests="7" time="10.24" timestamp="2020-10-23T11:00:21Z">
    <testcase classname="ds.table_disc_tests" name="table_disclosure" time="10.232"/>
    <testcase classname="ds.table_disc_tests" name="table_disclosure" time="0.000999999999976353"/>
    <testcase classname="ds.table_disc_tests" name="table_disclosure" time="0.00200000000006639"/>
    <testcase classname="ds.table_disc_tests" name="table_disclosure" time="0.000999999999976353"/>
    <testcase classname="ds.table_disc_tests" name="table_disclosure" time="0.000999999999976353"/>
    <testcase classname="ds.table_disc_tests" name="table_disclosure" time="0.00200000000006639"/>
    <testcase classname="ds.table_disc_tests" name="table_disclosure" time="0.000999999999976353"/>
  </testsuite>
  <testsuite errors="0" failures="0" hostname="fv-az14" name="ds.table::disc::shutdown" skipped="0" tests="0" time="0" timestamp="2020-10-23T11:00:26Z"/>
  <testsuite errors="0" failures="0" hostname="fv-az14" name="ds.table::disc::done" skipped="0" tests="0" time="0" timestamp="2020-10-23T11:00:27Z"/>
  <testsuite errors="0" failures="0" hostname="fv-az14" name="ds.var::disc::type=both" skipped="1" tests="1" time="5.009" timestamp="2020-10-23T11:00:31Z">
    <testcase classname="ds.var_disc_type_both" name="var_values_both_" time="5.00900000000001">
      <skipped/>
    </testcase>
  </testsuite>
  <testsuite errors="0" failures="0" hostname="fv-az14" name="ds.dataFrame::expt::setup" skipped="0" tests="0" time="0" timestamp="2020-10-23T11:00:32Z"/>
  <testsuite errors="0" failures="0" hostname="fv-az14" name="ds.dataFrame::expt::one_column::single" skipped="0" tests="24" time="22.879" timestamp="2020-10-23T11:00:32Z">
    <testcase classname="ds.dataFrame_expt_one_column_single" name="numeric_data" time="6.13099999999997"/>
    <testcase classname="ds.dataFrame_expt_one_column_single" name="numeric_data" time="0.000999999999976353"/>
    <testcase classname="ds.dataFrame_expt_one_column_single" name="numeric_data" time="0.000999999999976353"/>
    <testcase classname="ds.dataFrame_expt_one_column_single" name="numeric_data" time="2.37900000000002"/>
    <testcase classname="ds.dataFrame_expt_one_column_single" name="numeric_data" time="0.00200000000006639"/>
    <testcase classname="ds.dataFrame_expt_one_column_single" name="numeric_data" time="0.000999999999976353"/>
    <testcase classname="ds.dataFrame_expt_one_column_single" name="numeric_data" time="2.38599999999997"/>
    <testcase classname="ds.dataFrame_expt_one_column_single" name="numeric_data" time="0.000999999999976353"/>
    <testcase classname="ds.dataFrame_expt_one_column_single" name="numeric_data" time="0.00200000000006639"/>
    <testcase classname="ds.dataFrame_expt_one_column_single" name="numeric_data" time="2.39999999999998"/>
    <testcase classname="ds.dataFrame_expt_one_column_single" name="numeric_data" time="0.00199999999995271"/>
    <testcase classname="ds.dataFrame_expt_one_column_single" name="numeric_data" time="0.00200000000006639"/>
    <testcase classname="ds.dataFrame_expt_one_column_single" name="numeric_data" time="2.399"/>
    <testcase classname="ds.dataFrame_expt_one_column_single" name="numeric_data" time="0.000999999999976353"/>
    <testcase classname="ds.dataFrame_expt_one_column_single" name="numeric_data" time="0.00199999999995271"/>
    <testcase classname="ds.dataFrame_expt_one_column_single" name="numeric_data" time="2.39600000000007"/>
    <testcase classname="ds.dataFrame_expt_one_column_single" name="numeric_data" time="0.000999999999976353"/>
    <testcase classname="ds.dataFrame_expt_one_column_single" name="numeric_data" time="0.000999999999976353"/>
    <testcase classname="ds.dataFrame_expt_one_column_single" name="numeric_data" time="2.38400000000001"/>
    <testcase classname="ds.dataFrame_expt_one_column_single" name="numeric_data" time="0.00200000000006639"/>
    <testcase classname="ds.dataFrame_expt_one_column_single" name="numeric_data" time="0.000999999999976353"/>
    <testcase classname="ds.dataFrame_expt_one_column_single" name="numeric_data" time="2.38099999999997"/>
    <testcase classname="ds.dataFrame_expt_one_column_single" name="numeric_data" time="0.000999999999976353"/>
    <testcase classname="ds.dataFrame_expt_one_column_single" name="numeric_data" time="0.00200000000006639"/>
  </testsuite>
  <testsuite errors="0" failures="0" hostname="fv-az14" name="ds.dataFrame::expt::several_columns::single" skipped="0" tests="12" time="9.412" timestamp="2020-10-23T11:00:54Z">
    <testcase classname="ds.dataFrame_expt_several_columns_single" name="numeric_data" time="6.3069999999999"/>
    <testcase classname="ds.dataFrame_expt_several_columns_single" name="numeric_data" time="0.00100000000009004"/>
    <testcase classname="ds.dataFrame_expt_several_columns_single" name="numeric_data" time="0.000999999999976353"/>
    <testcase classname="ds.dataFrame_expt_several_columns_single" name="numeric_data" time="0.000999999999976353"/>
    <testcase classname="ds.dataFrame_expt_several_columns_single" name="numeric_data" time="0.00100000000009004"/>
    <testcase classname="ds.dataFrame_expt_several_columns_single" name="numeric_data" time="0.000999999999976353"/>
    <testcase classname="ds.dataFrame_expt_several_columns_single" name="numeric_data" time="3.08600000000001"/>
    <testcase classname="ds.dataFrame_expt_several_columns_single" name="numeric_data" time="0.000999999999976353"/>
    <testcase classname="ds.dataFrame_expt_several_columns_single" name="numeric_data" time="0.000999999999976353"/>
    <testcase classname="ds.dataFrame_expt_several_columns_single" name="numeric_data" time="0.00999999999999091"/>
    <testcase classname="ds.dataFrame_expt_several_columns_single" name="numeric_data" time="0.000999999999976353"/>
    <testcase classname="ds.dataFrame_expt_several_columns_single" name="numeric_data" time="0.00100000000009004"/>
  </testsuite>
  <testsuite errors="0" failures="0" hostname="fv-az14" name="ds.dataFrame::expt::one_column::multiple" skipped="0" tests="40" time="36.658" timestamp="2020-10-23T11:01:03Z">
    <testcase classname="ds.dataFrame_expt_one_column_multiple" name="numeric_data" time="8.60899999999992"/>
    <testcase classname="ds.dataFrame_expt_one_column_multiple" name="numeric_data" time="0.000999999999976353"/>
    <testcase classname="ds.dataFrame_expt_one_column_multiple" name="numeric_data" time="0.00200000000006639"/>
    <testcase classname="ds.dataFrame_expt_one_column_multiple" name="numeric_data" time="0"/>
    <testcase classname="ds.dataFrame_expt_one_column_multiple" name="numeric_data" time="0.000999999999976353"/>
    <testcase classname="ds.dataFrame_expt_one_column_multiple" name="numeric_data" time="4.00300000000004"/>
    <testcase classname="ds.dataFrame_expt_one_column_multiple" name="numeric_data" time="0.000999999999976353"/>
    <testcase classname="ds.dataFrame_expt_one_column_multiple" name="numeric_data" time="0.00199999999995271"/>
    <testcase classname="ds.dataFrame_expt_one_column_multiple" name="numeric_data" time="0.000999999999976353"/>
    <testcase classname="ds.dataFrame_expt_one_column_multiple" name="numeric_data" time="0.00100000000009004"/>
    <testcase classname="ds.dataFrame_expt_one_column_multiple" name="numeric_data" time="4.00199999999995"/>
    <testcase classname="ds.dataFrame_expt_one_column_multiple" name="numeric_data" time="0.000999999999976353"/>
    <testcase classname="ds.dataFrame_expt_one_column_multiple" name="numeric_data" time="0.00100000000009004"/>
    <testcase classname="ds.dataFrame_expt_one_column_multiple" name="numeric_data" time="0.000999999999976353"/>
    <testcase classname="ds.dataFrame_expt_one_column_multiple" name="numeric_data" time="0.000999999999976353"/>
    <testcase classname="ds.dataFrame_expt_one_column_multiple" name="numeric_data" time="4.03099999999995"/>
    <testcase classname="ds.dataFrame_expt_one_column_multiple" name="numeric_data" time="0.00200000000006639"/>
    <testcase classname="ds.dataFrame_expt_one_column_multiple" name="numeric_data" time="0.00199999999995271"/>
    <testcase classname="ds.dataFrame_expt_one_column_multiple" name="numeric_data" time="0.000999999999976353"/>
    <testcase classname="ds.dataFrame_expt_one_column_multiple" name="numeric_data" time="0.00200000000006639"/>
    <testcase classname="ds.dataFrame_expt_one_column_multiple" name="numeric_data" time="4"/>
    <testcase classname="ds.dataFrame_expt_one_column_multiple" name="numeric_data" time="0.00199999999995271"/>
    <testcase classname="ds.dataFrame_expt_one_column_multiple" name="numeric_data" time="0.00200000000006639"/>
    <testcase classname="ds.dataFrame_expt_one_column_multiple" name="numeric_data" time="0.000999999999976353"/>
    <testcase classname="ds.dataFrame_expt_one_column_multiple" name="numeric_data" time="0.000999999999976353"/>
    <testcase classname="ds.dataFrame_expt_one_column_multiple" name="numeric_data" time="3.995"/>
    <testcase classname="ds.dataFrame_expt_one_column_multiple" name="numeric_data" time="0.00199999999995271"/>
    <testcase classname="ds.dataFrame_expt_one_column_multiple" name="numeric_data" time="0.00100000000009004"/>
    <testcase classname="ds.dataFrame_expt_one_column_multiple" name="numeric_data" time="0.00199999999995271"/>
    <testcase classname="ds.dataFrame_expt_one_column_multiple" name="numeric_data" time="0.000999999999976353"/>
    <testcase classname="ds.dataFrame_expt_one_column_multiple" name="numeric_data" time="3.995"/>
    <testcase classname="ds.dataFrame_expt_one_column_multiple" name="numeric_data" time="0.00200000000006639"/>
    <testcase classname="ds.dataFrame_expt_one_column_multiple" name="numeric_data" time="0.00199999999995271"/>
    <testcase classname="ds.dataFrame_expt_one_column_multiple" name="numeric_data" time="0.000999999999976353"/>
    <testcase classname="ds.dataFrame_expt_one_column_multiple" name="numeric_data" time="0.00200000000006639"/>
    <testcase classname="ds.dataFrame_expt_one_column_multiple" name="numeric_data" time="3.97699999999998"/>
    <testcase classname="ds.dataFrame_expt_one_column_multiple" name="numeric_data" time="0.00199999999995271"/>
    <testcase classname="ds.dataFrame_expt_one_column_multiple" name="numeric_data" time="0.00100000000009004"/>
    <testcase classname="ds.dataFrame_expt_one_column_multiple" name="numeric_data" time="0.00199999999995271"/>
    <testcase classname="ds.dataFrame_expt_one_column_multiple" name="numeric_data" time="0.00199999999995271"/>
  </testsuite>
  <testsuite errors="0" failures="0" hostname="fv-az14" name="ds.dataFrame::expt::several_columns::single" skipped="0" tests="16" time="17.096" timestamp="2020-10-23T11:01:40Z">
    <testcase classname="ds.dataFrame_expt_several_columns_single" name="numeric_data" time="10.951"/>
    <testcase classname="ds.dataFrame_expt_several_columns_single" name="numeric_data" time="0.000999999999976353"/>
    <testcase classname="ds.dataFrame_expt_several_columns_single" name="numeric_data" time="0.00100000000009004"/>
    <testcase classname="ds.dataFrame_expt_several_columns_single" name="numeric_data" time="0.000999999999976353"/>
    <testcase classname="ds.dataFrame_expt_several_columns_single" name="numeric_data" time="0.000999999999976353"/>
    <testcase classname="ds.dataFrame_expt_several_columns_single" name="numeric_data" time="0.000999999999976353"/>
    <testcase classname="ds.dataFrame_expt_several_columns_single" name="numeric_data" time="0.000999999999976353"/>
    <testcase classname="ds.dataFrame_expt_several_columns_single" name="numeric_data" time="0.00200000000006639"/>
    <testcase classname="ds.dataFrame_expt_several_columns_single" name="numeric_data" time="6.12799999999993"/>
    <testcase classname="ds.dataFrame_expt_several_columns_single" name="numeric_data" time="0.00200000000006639"/>
    <testcase classname="ds.dataFrame_expt_several_columns_single" name="numeric_data" time="0.000999999999976353"/>
    <testcase classname="ds.dataFrame_expt_several_columns_single" name="numeric_data" time="0.000999999999976353"/>
    <testcase classname="ds.dataFrame_expt_several_columns_single" name="numeric_data" time="0.00200000000006639"/>
    <testcase classname="ds.dataFrame_expt_several_columns_single" name="numeric_data" time="0.000999999999976353"/>
    <testcase classname="ds.dataFrame_expt_several_columns_single" name="numeric_data" time="0.000999999999976353"/>
    <testcase classname="ds.dataFrame_expt_several_columns_single" name="numeric_data" time="0.000999999999976353"/>
  </testsuite>
  <testsuite errors="0" failures="0" hostname="fv-az14" name="ds.dataFrame::expt::one_column_from_objects::single" skipped="0" tests="16" time="22.675" timestamp="2020-10-23T11:01:57Z">
    <testcase classname="ds.dataFrame_expt_one_column_from_objects_single" name="numeric_data" time="5.89300000000003"/>
    <testcase classname="ds.dataFrame_expt_one_column_from_objects_single" name="numeric_data" time="0.00200000000006639"/>
    <testcase classname="ds.dataFrame_expt_one_column_from_objects_single" name="numeric_data" time="2.3839999999999"/>
    <testcase classname="ds.dataFrame_expt_one_column_from_objects_single" name="numeric_data" time="0.00100000000009004"/>
    <testcase classname="ds.dataFrame_expt_one_column_from_objects_single" name="numeric_data" time="2.40499999999997"/>
    <testcase classname="ds.dataFrame_expt_one_column_from_objects_single" name="numeric_data" time="0.00199999999995271"/>
    <testcase classname="ds.dataFrame_expt_one_column_from_objects_single" name="numeric_data" time="2.39100000000008"/>
    <testcase classname="ds.dataFrame_expt_one_column_from_objects_single" name="numeric_data" time="0.000999999999976353"/>
    <testcase classname="ds.dataFrame_expt_one_column_from_objects_single" name="numeric_data" time="2.39300000000003"/>
    <testcase classname="ds.dataFrame_expt_one_column_from_objects_single" name="numeric_data" time="0.00199999999995271"/>
    <testcase classname="ds.dataFrame_expt_one_column_from_objects_single" name="numeric_data" time="2.39800000000002"/>
    <testcase classname="ds.dataFrame_expt_one_column_from_objects_single" name="numeric_data" time="0.000999999999976353"/>
    <testcase classname="ds.dataFrame_expt_one_column_from_objects_single" name="numeric_data" time="2.40099999999995"/>
    <testcase classname="ds.dataFrame_expt_one_column_from_objects_single" name="numeric_data" time="0.00200000000006639"/>
    <testcase classname="ds.dataFrame_expt_one_column_from_objects_single" name="numeric_data" time="2.39699999999993"/>
    <testcase classname="ds.dataFrame_expt_one_column_from_objects_single" name="numeric_data" time="0.00200000000006639"/>
  </testsuite>
  <testsuite errors="0" failures="0" hostname="fv-az14" name="ds.dataFrame::expt::object::multiple" skipped="0" tests="32" time="33.195" timestamp="2020-10-23T11:02:20Z">
    <testcase classname="ds.dataFrame_expt_object_multiple" name="numeric_data" time="8.19999999999993"/>
    <testcase classname="ds.dataFrame_expt_object_multiple" name="numeric_data" time="0.00200000000006639"/>
    <testcase classname="ds.dataFrame_expt_object_multiple" name="numeric_data" time="0.000999999999976353"/>
    <testcase classname="ds.dataFrame_expt_object_multiple" name="numeric_data" time="0.000999999999976353"/>
    <testcase classname="ds.dataFrame_expt_object_multiple" name="numeric_data" time="3.56500000000005"/>
    <testcase classname="ds.dataFrame_expt_object_multiple" name="numeric_data" time="0.000999999999976353"/>
    <testcase classname="ds.dataFrame_expt_object_multiple" name="numeric_data" time="0.00199999999995271"/>
    <testcase classname="ds.dataFrame_expt_object_multiple" name="numeric_data" time="0.00100000000009004"/>
    <testcase classname="ds.dataFrame_expt_object_multiple" name="numeric_data" time="3.5619999999999"/>
    <testcase classname="ds.dataFrame_expt_object_multiple" name="numeric_data" time="0.00100000000009004"/>
    <testcase classname="ds.dataFrame_expt_object_multiple" name="numeric_data" time="0.000999999999976353"/>
    <testcase classname="ds.dataFrame_expt_object_multiple" name="numeric_data" time="0.000999999999976353"/>
    <testcase classname="ds.dataFrame_expt_object_multiple" name="numeric_data" time="3.55600000000004"/>
    <testcase classname="ds.dataFrame_expt_object_multiple" name="numeric_data" time="0.000999999999976353"/>
    <testcase classname="ds.dataFrame_expt_object_multiple" name="numeric_data" time="0.00199999999995271"/>
    <testcase classname="ds.dataFrame_expt_object_multiple" name="numeric_data" time="0.00100000000009004"/>
    <testcase classname="ds.dataFrame_expt_object_multiple" name="numeric_data" time="3.58799999999997"/>
    <testcase classname="ds.dataFrame_expt_object_multiple" name="numeric_data" time="0.000999999999976353"/>
    <testcase classname="ds.dataFrame_expt_object_multiple" name="numeric_data" time="0.000999999999976353"/>
    <testcase classname="ds.dataFrame_expt_object_multiple" name="numeric_data" time="0.00200000000006639"/>
    <testcase classname="ds.dataFrame_expt_object_multiple" name="numeric_data" time="3.57099999999991"/>
    <testcase classname="ds.dataFrame_expt_object_multiple" name="numeric_data" time="0.00100000000009004"/>
    <testcase classname="ds.dataFrame_expt_object_multiple" name="numeric_data" time="0.00199999999995271"/>
    <testcase classname="ds.dataFrame_expt_object_multiple" name="numeric_data" time="0.000999999999976353"/>
    <testcase classname="ds.dataFrame_expt_object_multiple" name="numeric_data" time="3.55900000000008"/>
    <testcase classname="ds.dataFrame_expt_object_multiple" name="numeric_data" time="0.00199999999995271"/>
    <testcase classname="ds.dataFrame_expt_object_multiple" name="numeric_data" time="0.000999999999976353"/>
    <testcase classname="ds.dataFrame_expt_object_multiple" name="numeric_data" time="0.00200000000006639"/>
    <testcase classname="ds.dataFrame_expt_object_multiple" name="numeric_data" time="3.5619999999999"/>
    <testcase classname="ds.dataFrame_expt_object_multiple" name="numeric_data" time="0.00200000000006639"/>
    <testcase classname="ds.dataFrame_expt_object_multiple" name="numeric_data" time="0.000999999999976353"/>
    <testcase classname="ds.dataFrame_expt_object_multiple" name="numeric_data" time="0.000999999999976353"/>
  </testsuite>
  <testsuite errors="0" failures="0" hostname="fv-az14" name="ds.dataFrame::expt::several_objects::multiple" skipped="0" tests="4" time="9.9" timestamp="2020-10-23T11:02:53Z">
    <testcase classname="ds.dataFrame_expt_several_objects_multiple" name="several_objects" time="9.89600000000007"/>
    <testcase classname="ds.dataFrame_expt_several_objects_multiple" name="several_objects" time="0.00199999999995271"/>
    <testcase classname="ds.dataFrame_expt_several_objects_multiple" name="several_objects" time="0.000999999999976353"/>
    <testcase classname="ds.dataFrame_expt_several_objects_multiple" name="several_objects" time="0.00100000000009004"/>
  </testsuite>
  <testsuite errors="0" failures="0" hostname="fv-az14" name="ds.dataFrame::expt::non_numeric::multiple" skipped="0" tests="18" time="19.976" timestamp="2020-10-23T11:03:03Z">
    <testcase classname="ds.dataFrame_expt_non_numeric_multiple" name="non_numeric" time="8.83699999999999"/>
    <testcase classname="ds.dataFrame_expt_non_numeric_multiple" name="non_numeric" time="0.000999999999976353"/>
    <testcase classname="ds.dataFrame_expt_non_numeric_multiple" name="non_numeric" time="0.000999999999976353"/>
    <testcase classname="ds.dataFrame_expt_non_numeric_multiple" name="non_numeric" time="0.00199999999995271"/>
    <testcase classname="ds.dataFrame_expt_non_numeric_multiple" name="non_numeric" time="0.00100000000009004"/>
    <testcase classname="ds.dataFrame_expt_non_numeric_multiple" name="non_numeric" time="3.99399999999991"/>
    <testcase classname="ds.dataFrame_expt_non_numeric_multiple" name="non_numeric" time="0.00200000000006639"/>
    <testcase classname="ds.dataFrame_expt_non_numeric_multiple" name="non_numeric" time="0.000999999999976353"/>
    <testcase classname="ds.dataFrame_expt_non_numeric_multiple" name="non_numeric" time="0.000999999999976353"/>
    <testcase classname="ds.dataFrame_expt_non_numeric_multiple" name="non_numeric" time="0.000999999999976353"/>
    <testcase classname="ds.dataFrame_expt_non_numeric_multiple" name="non_numeric" time="3.55700000000002"/>
    <testcase classname="ds.dataFrame_expt_non_numeric_multiple" name="non_numeric" time="0.00100000000009004"/>
    <testcase classname="ds.dataFrame_expt_non_numeric_multiple" name="non_numeric" time="0.000999999999976353"/>
    <testcase classname="ds.dataFrame_expt_non_numeric_multiple" name="non_numeric" time="0.00199999999995271"/>
    <testcase classname="ds.dataFrame_expt_non_numeric_multiple" name="non_numeric" time="3.56899999999996"/>
    <testcase classname="ds.dataFrame_expt_non_numeric_multiple" name="non_numeric" time="0.00100000000009004"/>
    <testcase classname="ds.dataFrame_expt_non_numeric_multiple" name="non_numeric" time="0.00199999999995271"/>
    <testcase classname="ds.dataFrame_expt_non_numeric_multiple" name="non_numeric" time="0.00200000000006639"/>
  </testsuite>
  <testsuite errors="0" failures="0" hostname="fv-az14" name="ds.dataFrame::expt::non_numeric::multiple" skipped="0" tests="10" time="13.06" timestamp="2020-10-23T11:03:23Z">
    <testcase classname="ds.dataFrame_expt_non_numeric_multiple" name="_unnamed_" time="5.89799999999991"/>
    <testcase classname="ds.dataFrame_expt_non_numeric_multiple" name="_unnamed_" time="0.00200000000006639"/>
    <testcase classname="ds.dataFrame_expt_non_numeric_multiple" name="_unnamed_" time="0"/>
    <testcase classname="ds.dataFrame_expt_non_numeric_multiple" name="_unnamed_" time="2.38400000000001"/>
    <testcase classname="ds.dataFrame_expt_non_numeric_multiple" name="_unnamed_" time="0.00199999999995271"/>
    <testcase classname="ds.dataFrame_expt_non_numeric_multiple" name="_unnamed_" time="0.000999999999976353"/>
    <testcase classname="ds.dataFrame_expt_non_numeric_multiple" name="_unnamed_" time="2.39600000000007"/>
    <testcase classname="ds.dataFrame_expt_non_numeric_multiple" name="_unnamed_" time="0.000999999999976353"/>
    <testcase classname="ds.dataFrame_expt_non_numeric_multiple" name="_unnamed_" time="2.37400000000002"/>
    <testcase classname="ds.dataFrame_expt_non_numeric_multiple" name="_unnamed_" time="0.00199999999995271"/>
  </testsuite>
  <testsuite errors="0" failures="0" hostname="fv-az14" name="ds.dataFrame::expt::shutdown" skipped="0" tests="0" time="0" timestamp="2020-10-23T11:03:36Z"/>
  <testsuite errors="0" failures="0" hostname="fv-az14" name="ds.dataFrame::expt::done" skipped="0" tests="0" time="0" timestamp="2020-10-23T11:03:36Z"/>
  <testsuite errors="0" failures="0" hostname="fv-az14" name="ds.glmerSLMA::expt::setup" skipped="0" tests="3" time="4.646" timestamp="2020-10-23T11:03:36Z">
    <testcase classname="ds.glmerSLMA_expt_setup" name="setup" time="4.64400000000001"/>
    <testcase classname="ds.glmerSLMA_expt_setup" name="setup" time="0.000999999999976353"/>
    <testcase classname="ds.glmerSLMA_expt_setup" name="setup" time="0.000999999999976353"/>
  </testsuite>
  <testsuite errors="0" failures="0" hostname="fv-az14" name="ds.glmerSLMA::expt::int::multiple" skipped="0" tests="1" time="4.666" timestamp="2020-10-23T11:03:41Z">
    <testcase classname="ds.glmerSLMA_expt_int_multiple" name="linear_mixed_model_with_2_levels_of_hierarchy" time="4.66600000000005"/>
  </testsuite>
  <testsuite errors="0" failures="0" hostname="fv-az14" name="ds.lmerSLMA::expt::shutdown" skipped="0" tests="0" time="0" timestamp="2020-10-23T11:03:45Z"/>
  <testsuite errors="0" failures="0" hostname="fv-az14" name="ds.lmerSLMA::expt::done" skipped="0" tests="0" time="0" timestamp="2020-10-23T11:03:46Z"/>
  <testsuite errors="0" failures="0" hostname="fv-az14" name="ds.lmerSLMA::expt::setup" skipped="0" tests="3" time="5.226" timestamp="2020-10-23T11:03:46Z">
    <testcase classname="ds.lmerSLMA_expt_setup" name="setup" time="5.22299999999996"/>
    <testcase classname="ds.lmerSLMA_expt_setup" name="setup" time="0.00200000000006639"/>
    <testcase classname="ds.lmerSLMA_expt_setup" name="setup" time="0.000999999999976353"/>
  </testsuite>
  <testsuite errors="0" failures="0" hostname="fv-az14" name="ds.lmerSLMA::expt::int::multiple" skipped="0" tests="1" time="2.889" timestamp="2020-10-23T11:03:50Z">
    <testcase classname="ds.lmerSLMA_expt_int_multiple" name="linear_mixed_model_with_2_levels_of_hierarchy" time="2.88900000000001"/>
  </testsuite>
  <testsuite errors="0" failures="0" hostname="fv-az14" name="ds.lmerSLMA::expt::done" skipped="0" tests="0" time="0" timestamp="2020-10-23T11:03:54Z"/>
  <testsuite errors="0" failures="0" hostname="fv-az14" name="ds.mean::expt::combine::multiple" skipped="0" tests="8" time="14.941" timestamp="2020-10-23T11:03:54Z">
    <testcase classname="ds.mean_expt_combine_multiple" name="combined_data_set" time="6.36799999999994"/>
    <testcase classname="ds.mean_expt_combine_multiple" name="combined_data_set" time="1.23099999999999"/>
    <testcase classname="ds.mean_expt_combine_multiple" name="combined_data_set" time="1.23300000000006"/>
    <testcase classname="ds.mean_expt_combine_multiple" name="combined_data_set" time="1.24099999999999"/>
    <testcase classname="ds.mean_expt_combine_multiple" name="combined_data_set" time="1.23299999999995"/>
    <testcase classname="ds.mean_expt_combine_multiple" name="combined_data_set" time="1.22000000000003"/>
    <testcase classname="ds.mean_expt_combine_multiple" name="combined_data_set" time="1.20500000000004"/>
    <testcase classname="ds.mean_expt_combine_multiple" name="combined_data_set" time="1.21000000000004"/>
  </testsuite>
  <testsuite errors="0" failures="0" hostname="fv-az14" name="ds.mean::expt::split::multiple" skipped="0" tests="24" time="14.721" timestamp="2020-10-23T11:04:08Z">
    <testcase classname="ds.mean_expt_split_multiple" name="split_data_set" time="6.15699999999993"/>
    <testcase classname="ds.mean_expt_split_multiple" name="split_data_set" time="0.000999999999976353"/>
    <testcase classname="ds.mean_expt_split_multiple" name="split_data_set" time="0.00100000000009004"/>
    <testcase classname="ds.mean_expt_split_multiple" name="split_data_set" time="1.22499999999991"/>
    <testcase classname="ds.mean_expt_split_multiple" name="split_data_set" time="0.00200000000006639"/>
    <testcase classname="ds.mean_expt_split_multiple" name="split_data_set" time="0.000999999999976353"/>
    <testcase classname="ds.mean_expt_split_multiple" name="split_data_set" time="1.22299999999996"/>
    <testcase classname="ds.mean_expt_split_multiple" name="split_data_set" time="0.00200000000006639"/>
    <testcase classname="ds.mean_expt_split_multiple" name="split_data_set" time="0.000999999999976353"/>
    <testcase classname="ds.mean_expt_split_multiple" name="split_data_set" time="1.21199999999999"/>
    <testcase classname="ds.mean_expt_split_multiple" name="split_data_set" time="0.00200000000006639"/>
    <testcase classname="ds.mean_expt_split_multiple" name="split_data_set" time="0.000999999999976353"/>
    <testcase classname="ds.mean_expt_split_multiple" name="split_data_set" time="1.21699999999998"/>
    <testcase classname="ds.mean_expt_split_multiple" name="split_data_set" time="0.00199999999995271"/>
    <testcase classname="ds.mean_expt_split_multiple" name="split_data_set" time="0.00200000000006639"/>
    <testcase classname="ds.mean_expt_split_multiple" name="split_data_set" time="1.221"/>
    <testcase classname="ds.mean_expt_split_multiple" name="split_data_set" time="0.00199999999995271"/>
    <testcase classname="ds.mean_expt_split_multiple" name="split_data_set" time="0.000999999999976353"/>
    <testcase classname="ds.mean_expt_split_multiple" name="split_data_set" time="1.22400000000005"/>
    <testcase classname="ds.mean_expt_split_multiple" name="split_data_set" time="0.000999999999976353"/>
    <testcase classname="ds.mean_expt_split_multiple" name="split_data_set" time="0.00200000000006639"/>
    <testcase classname="ds.mean_expt_split_multiple" name="split_data_set" time="1.21699999999998"/>
    <testcase classname="ds.mean_expt_split_multiple" name="split_data_set" time="0.00199999999995271"/>
    <testcase classname="ds.mean_expt_split_multiple" name="split_data_set" time="0.00200000000006639"/>
  </testsuite>
  <testsuite errors="0" failures="0" hostname="fv-az14" name="ds.mean::expt::single" skipped="0" tests="8" time="9.229" timestamp="2020-10-23T11:04:23Z">
    <testcase classname="ds.mean_expt_single" name="combined_data_set" time="4.24599999999998"/>
    <testcase classname="ds.mean_expt_single" name="combined_data_set" time="0.712999999999965"/>
    <testcase classname="ds.mean_expt_single" name="combined_data_set" time="0.708999999999946"/>
    <testcase classname="ds.mean_expt_single" name="combined_data_set" time="0.713000000000079"/>
    <testcase classname="ds.mean_expt_single" name="combined_data_set" time="0.720000000000027"/>
    <testcase classname="ds.mean_expt_single" name="combined_data_set" time="0.705999999999904"/>
    <testcase classname="ds.mean_expt_single" name="combined_data_set" time="0.70900000000006"/>
    <testcase classname="ds.mean_expt_single" name="combined_data_set" time="0.712999999999965"/>
  </testsuite>
  <testsuite errors="0" failures="0" hostname="fv-az14" name="ds.mean::expt::large_values::single" skipped="0" tests="8" time="14.68" timestamp="2020-10-23T11:04:32Z">
    <testcase classname="ds.mean_expt_large_values_single" name="combined_data_set" time="4.68899999999996"/>
    <testcase classname="ds.mean_expt_large_values_single" name="combined_data_set" time="1.43100000000004"/>
    <testcase classname="ds.mean_expt_large_values_single" name="combined_data_set" time="1.41499999999996"/>
    <testcase classname="ds.mean_expt_large_values_single" name="combined_data_set" time="1.43300000000011"/>
    <testcase classname="ds.mean_expt_large_values_single" name="combined_data_set" time="1.42499999999995"/>
    <testcase classname="ds.mean_expt_large_values_single" name="combined_data_set" time="1.42600000000004"/>
    <testcase classname="ds.mean_expt_large_values_single" name="combined_data_set" time="1.43899999999996"/>
    <testcase classname="ds.mean_expt_large_values_single" name="combined_data_set" time="1.42200000000003"/>
  </testsuite>
  <testsuite errors="0" failures="0" hostname="fv-az14" name="ds.mean::expt::large_values::multiple" skipped="0" tests="8" time="20.748" timestamp="2020-10-23T11:04:47Z">
    <testcase classname="ds.mean_expt_large_values_multiple" name="combined_data_set" time="6.58399999999995"/>
    <testcase classname="ds.mean_expt_large_values_multiple" name="combined_data_set" time="2.03499999999997"/>
    <testcase classname="ds.mean_expt_large_values_multiple" name="combined_data_set" time="2.00700000000006"/>
    <testcase classname="ds.mean_expt_large_values_multiple" name="combined_data_set" time="2.01499999999999"/>
    <testcase classname="ds.mean_expt_large_values_multiple" name="combined_data_set" time="2.02599999999995"/>
    <testcase classname="ds.mean_expt_large_values_multiple" name="combined_data_set" time="2.02700000000004"/>
    <testcase classname="ds.mean_expt_large_values_multiple" name="combined_data_set" time="2.02800000000002"/>
    <testcase classname="ds.mean_expt_large_values_multiple" name="combined_data_set" time="2.02599999999995"/>
  </testsuite>
  <testsuite errors="0" failures="0" hostname="fv-az14" name="ds.reShape::expt::multiple" skipped="1" tests="1" time="0.905" timestamp="2020-10-23T11:05:08Z">
    <testcase classname="ds.reShape_expt_multiple" name="copy_and_transform" time="0.904999999999973">
      <skipped/>
    </testcase>
  </testsuite>
  <testsuite errors="0" failures="0" hostname="fv-az14" name="ds.skewness::expt::combine::multiple" skipped="0" tests="8" time="16.473" timestamp="2020-10-23T11:05:09Z">
    <testcase classname="ds.skewness_expt_combine_multiple" name="combined_data_set" time="6.06500000000005"/>
    <testcase classname="ds.skewness_expt_combine_multiple" name="combined_data_set" time="1.50900000000001"/>
    <testcase classname="ds.skewness_expt_combine_multiple" name="combined_data_set" time="1.49099999999999"/>
    <testcase classname="ds.skewness_expt_combine_multiple" name="combined_data_set" time="1.47900000000004"/>
    <testcase classname="ds.skewness_expt_combine_multiple" name="combined_data_set" time="1.48199999999997"/>
    <testcase classname="ds.skewness_expt_combine_multiple" name="combined_data_set" time="1.46899999999994"/>
    <testcase classname="ds.skewness_expt_combine_multiple" name="combined_data_set" time="1.49000000000001"/>
    <testcase classname="ds.skewness_expt_combine_multiple" name="combined_data_set" time="1.48800000000006"/>
  </testsuite>
  <testsuite errors="0" failures="0" hostname="fv-az14" name="ds.skewness::expt::split::multiple" skipped="0" tests="24" time="14.683" timestamp="2020-10-23T11:05:25Z">
    <testcase classname="ds.skewness_expt_split_multiple" name="split_data_set" time="6.13599999999997"/>
    <testcase classname="ds.skewness_expt_split_multiple" name="split_data_set" time="0.00200000000006639"/>
    <testcase classname="ds.skewness_expt_split_multiple" name="split_data_set" time="0.000999999999976353"/>
    <testcase classname="ds.skewness_expt_split_multiple" name="split_data_set" time="1.20999999999992"/>
    <testcase classname="ds.skewness_expt_split_multiple" name="split_data_set" time="0.00100000000009004"/>
    <testcase classname="ds.skewness_expt_split_multiple" name="split_data_set" time="0.000999999999976353"/>
    <testcase classname="ds.skewness_expt_split_multiple" name="split_data_set" time="1.21500000000003"/>
    <testcase classname="ds.skewness_expt_split_multiple" name="split_data_set" time="0.000999999999976353"/>
    <testcase classname="ds.skewness_expt_split_multiple" name="split_data_set" time="0.000999999999976353"/>
    <testcase classname="ds.skewness_expt_split_multiple" name="split_data_set" time="1.22900000000004"/>
    <testcase classname="ds.skewness_expt_split_multiple" name="split_data_set" time="0.000999999999976353"/>
    <testcase classname="ds.skewness_expt_split_multiple" name="split_data_set" time="0.00199999999995271"/>
    <testcase classname="ds.skewness_expt_split_multiple" name="split_data_set" time="1.21000000000004"/>
    <testcase classname="ds.skewness_expt_split_multiple" name="split_data_set" time="0.000999999999976353"/>
    <testcase classname="ds.skewness_expt_split_multiple" name="split_data_set" time="0.00199999999995271"/>
    <testcase classname="ds.skewness_expt_split_multiple" name="split_data_set" time="1.21800000000007"/>
    <testcase classname="ds.skewness_expt_split_multiple" name="split_data_set" time="0.00199999999995271"/>
    <testcase classname="ds.skewness_expt_split_multiple" name="split_data_set" time="0.000999999999976353"/>
    <testcase classname="ds.skewness_expt_split_multiple" name="split_data_set" time="1.22500000000014"/>
    <testcase classname="ds.skewness_expt_split_multiple" name="split_data_set" time="0.000999999999976353"/>
    <testcase classname="ds.skewness_expt_split_multiple" name="split_data_set" time="0.00199999999995271"/>
    <testcase classname="ds.skewness_expt_split_multiple" name="split_data_set" time="1.21800000000007"/>
    <testcase classname="ds.skewness_expt_split_multiple" name="split_data_set" time="0.00199999999995271"/>
    <testcase classname="ds.skewness_expt_split_multiple" name="split_data_set" time="0.000999999999976353"/>
  </testsuite>
  <testsuite errors="0" failures="0" hostname="fv-az14" name="ds.skewness::expt::single" skipped="0" tests="8" time="11.086" timestamp="2020-10-23T11:05:40Z">
    <testcase classname="ds.skewness_expt_single" name="combined_data_set" time="4.43200000000002"/>
    <testcase classname="ds.skewness_expt_single" name="combined_data_set" time="0.950000000000045"/>
    <testcase classname="ds.skewness_expt_single" name="combined_data_set" time="0.942999999999984"/>
    <testcase classname="ds.skewness_expt_single" name="combined_data_set" time="0.95699999999988"/>
    <testcase classname="ds.skewness_expt_single" name="combined_data_set" time="0.951000000000022"/>
    <testcase classname="ds.skewness_expt_single" name="combined_data_set" time="0.950000000000045"/>
    <testcase classname="ds.skewness_expt_single" name="combined_data_set" time="0.95900000000006"/>
    <testcase classname="ds.skewness_expt_single" name="combined_data_set" time="0.94399999999996"/>
  </testsuite>
  <testsuite errors="0" failures="0" hostname="fv-az14" name="ds.var::expt::multiple" skipped="0" tests="8" time="14.352" timestamp="2020-10-23T11:05:51Z">
    <testcase classname="ds.var_expt_multiple" name="combined_data_set" time="5.78999999999996"/>
    <testcase classname="ds.var_expt_multiple" name="combined_data_set" time="1.21800000000007"/>
    <testcase classname="ds.var_expt_multiple" name="combined_data_set" time="1.23000000000002"/>
    <testcase classname="ds.var_expt_multiple" name="combined_data_set" time="1.22000000000003"/>
    <testcase classname="ds.var_expt_multiple" name="combined_data_set" time="1.21499999999992"/>
    <testcase classname="ds.var_expt_multiple" name="combined_data_set" time="1.22199999999998"/>
    <testcase classname="ds.var_expt_multiple" name="combined_data_set" time="1.23299999999995"/>
    <testcase classname="ds.var_expt_multiple" name="combined_data_set" time="1.22400000000016"/>
  </testsuite>
  <testsuite errors="0" failures="0" hostname="fv-az14" name="ds.var::expt::single" skipped="0" tests="24" time="14.674" timestamp="2020-10-23T11:06:05Z">
    <testcase classname="ds.var_expt_single" name="split_data_set" time="6.12299999999982"/>
    <testcase classname="ds.var_expt_single" name="split_data_set" time="0.000999999999976353"/>
    <testcase classname="ds.var_expt_single" name="split_data_set" time="0.00200000000018008"/>
    <testcase classname="ds.var_expt_single" name="split_data_set" time="1.23199999999997"/>
    <testcase classname="ds.var_expt_single" name="split_data_set" time="0.00199999999995271"/>
    <testcase classname="ds.var_expt_single" name="split_data_set" time="0.000999999999976353"/>
    <testcase classname="ds.var_expt_single" name="split_data_set" time="1.2170000000001"/>
    <testcase classname="ds.var_expt_single" name="split_data_set" time="0.000999999999976353"/>
    <testcase classname="ds.var_expt_single" name="split_data_set" time="0.00199999999995271"/>
    <testcase classname="ds.var_expt_single" name="split_data_set" time="1.22599999999989"/>
    <testcase classname="ds.var_expt_single" name="split_data_set" time="0.00200000000018008"/>
    <testcase classname="ds.var_expt_single" name="split_data_set" time="0.000999999999976353"/>
    <testcase classname="ds.var_expt_single" name="split_data_set" time="1.21000000000004"/>
    <testcase classname="ds.var_expt_single" name="split_data_set" time="0.000999999999976353"/>
    <testcase classname="ds.var_expt_single" name="split_data_set" time="0.00199999999995271"/>
    <testcase classname="ds.var_expt_single" name="split_data_set" time="1.20900000000006"/>
    <testcase classname="ds.var_expt_single" name="split_data_set" time="0.00199999999995271"/>
    <testcase classname="ds.var_expt_single" name="split_data_set" time="0.000999999999976353"/>
    <testcase classname="ds.var_expt_single" name="split_data_set" time="1.22700000000009"/>
    <testcase classname="ds.var_expt_single" name="split_data_set" time="0.00199999999995271"/>
    <testcase classname="ds.var_expt_single" name="split_data_set" time="0.000999999999976353"/>
    <testcase classname="ds.var_expt_single" name="split_data_set" time="1.20699999999988"/>
    <testcase classname="ds.var_expt_single" name="split_data_set" time="0.000999999999976353"/>
    <testcase classname="ds.var_expt_single" name="split_data_set" time="0.00100000000020373"/>
  </testsuite>
  <testsuite errors="0" failures="0" hostname="fv-az14" name="ds.var::expt::large_values::multiple" skipped="0" tests="8" time="21.018" timestamp="2020-10-23T11:06:20Z">
    <testcase classname="ds.var_expt_large_values_multiple" name="large_values" time="6.86199999999985"/>
    <testcase classname="ds.var_expt_large_values_multiple" name="large_values" time="2.03600000000006"/>
    <testcase classname="ds.var_expt_large_values_multiple" name="large_values" time="2.02999999999997"/>
    <testcase classname="ds.var_expt_large_values_multiple" name="large_values" time="2.02400000000011"/>
    <testcase classname="ds.var_expt_large_values_multiple" name="large_values" time="2.03700000000003"/>
    <testcase classname="ds.var_expt_large_values_multiple" name="large_values" time="2.01900000000001"/>
    <testcase classname="ds.var_expt_large_values_multiple" name="large_values" time="2.00599999999986"/>
    <testcase classname="ds.var_expt_large_values_multiple" name="large_values" time="2.00400000000013"/>
  </testsuite>
  <testsuite errors="0" failures="0" hostname="fv-az14" name="ds.var::expt::large_values::single" skipped="0" tests="8" time="14.896" timestamp="2020-10-23T11:06:41Z">
    <testcase classname="ds.var_expt_large_values_single" name="large_values" time="4.94299999999998"/>
    <testcase classname="ds.var_expt_large_values_single" name="large_values" time="1.42399999999998"/>
    <testcase classname="ds.var_expt_large_values_single" name="large_values" time="1.41799999999989"/>
    <testcase classname="ds.var_expt_large_values_single" name="large_values" time="1.4190000000001"/>
    <testcase classname="ds.var_expt_large_values_single" name="large_values" time="1.42499999999995"/>
    <testcase classname="ds.var_expt_large_values_single" name="large_values" time="1.41599999999994"/>
    <testcase classname="ds.var_expt_large_values_single" name="large_values" time="1.41800000000012"/>
    <testcase classname="ds.var_expt_large_values_single" name="large_values" time="1.43299999999999"/>
  </testsuite>
  <testsuite errors="0" failures="0" hostname="fv-az14" name="ds.mean::math::residual::multiple" skipped="0" tests="32" time="24.19" timestamp="2020-10-23T11:06:56Z">
    <testcase classname="ds.mean_math_residual_multiple" name="residual_deviation_tends_to_0" time="5.81999999999994"/>
    <testcase classname="ds.mean_math_residual_multiple" name="residual_deviation_tends_to_0" time="1.23700000000008"/>
    <testcase classname="ds.mean_math_residual_multiple" name="residual_deviation_tends_to_0" time="1.24199999999996"/>
    <testcase classname="ds.mean_math_residual_multiple" name="residual_deviation_tends_to_0" time="1.22299999999996"/>
    <testcase classname="ds.mean_math_residual_multiple" name="residual_deviation_tends_to_0" time="1.221"/>
    <testcase classname="ds.mean_math_residual_multiple" name="residual_deviation_tends_to_0" time="1.21399999999994"/>
    <testcase classname="ds.mean_math_residual_multiple" name="residual_deviation_tends_to_0" time="1.21400000000017"/>
    <testcase classname="ds.mean_math_residual_multiple" name="residual_deviation_tends_to_0" time="1.21199999999999"/>
    <testcase classname="ds.mean_math_residual_multiple" name="residual_deviation_tends_to_0" time="1.22499999999991"/>
    <testcase classname="ds.mean_math_residual_multiple" name="residual_deviation_tends_to_0" time="0.00199999999995271"/>
    <testcase classname="ds.mean_math_residual_multiple" name="residual_deviation_tends_to_0" time="0.000999999999976353"/>
    <testcase classname="ds.mean_math_residual_multiple" name="residual_deviation_tends_to_0" time="1.22600000000011"/>
    <testcase classname="ds.mean_math_residual_multiple" name="residual_deviation_tends_to_0" time="0.000999999999976353"/>
    <testcase classname="ds.mean_math_residual_multiple" name="residual_deviation_tends_to_0" time="0.00199999999995271"/>
    <testcase classname="ds.mean_math_residual_multiple" name="residual_deviation_tends_to_0" time="1.23000000000002"/>
    <testcase classname="ds.mean_math_residual_multiple" name="residual_deviation_tends_to_0" time="0.00199999999995271"/>
    <testcase classname="ds.mean_math_residual_multiple" name="residual_deviation_tends_to_0" time="0.000999999999976353"/>
    <testcase classname="ds.mean_math_residual_multiple" name="residual_deviation_tends_to_0" time="1.22199999999998"/>
    <testcase classname="ds.mean_math_residual_multiple" name="residual_deviation_tends_to_0" time="0.00200000000018008"/>
    <testcase classname="ds.mean_math_residual_multiple" name="residual_deviation_tends_to_0" time="0.000999999999976353"/>
    <testcase classname="ds.mean_math_residual_multiple" name="residual_deviation_tends_to_0" time="1.21199999999999"/>
    <testcase classname="ds.mean_math_residual_multiple" name="residual_deviation_tends_to_0" time="0.00199999999995271"/>
    <testcase classname="ds.mean_math_residual_multiple" name="residual_deviation_tends_to_0" time="0.00199999999995271"/>
    <testcase classname="ds.mean_math_residual_multiple" name="residual_deviation_tends_to_0" time="1.22400000000016"/>
    <testcase classname="ds.mean_math_residual_multiple" name="residual_deviation_tends_to_0" time="0.00199999999995271"/>
    <testcase classname="ds.mean_math_residual_multiple" name="residual_deviation_tends_to_0" time="0.00999999999999091"/>
    <testcase classname="ds.mean_math_residual_multiple" name="residual_deviation_tends_to_0" time="1.221"/>
    <testcase classname="ds.mean_math_residual_multiple" name="residual_deviation_tends_to_0" time="0.000999999999976353"/>
    <testcase classname="ds.mean_math_residual_multiple" name="residual_deviation_tends_to_0" time="0.00199999999995271"/>
    <testcase classname="ds.mean_math_residual_multiple" name="residual_deviation_tends_to_0" time="1.21199999999999"/>
    <testcase classname="ds.mean_math_residual_multiple" name="residual_deviation_tends_to_0" time="0.00199999999995271"/>
    <testcase classname="ds.mean_math_residual_multiple" name="residual_deviation_tends_to_0" time="0.00200000000018008"/>
  </testsuite>
  <testsuite errors="0" failures="0" hostname="fv-az14" name="ds.mean::math::residual::multiple" skipped="0" tests="32" time="24.46" timestamp="2020-10-23T11:07:20Z">
    <testcase classname="ds.mean_math_residual_multiple" name="residual_deviation_tends_to_0" time="6.08699999999999"/>
    <testcase classname="ds.mean_math_residual_multiple" name="residual_deviation_tends_to_0" time="1.22299999999996"/>
    <testcase classname="ds.mean_math_residual_multiple" name="residual_deviation_tends_to_0" time="1.23199999999997"/>
    <testcase classname="ds.mean_math_residual_multiple" name="residual_deviation_tends_to_0" time="1.21800000000007"/>
    <testcase classname="ds.mean_math_residual_multiple" name="residual_deviation_tends_to_0" time="1.2199999999998"/>
    <testcase classname="ds.mean_math_residual_multiple" name="residual_deviation_tends_to_0" time="1.21600000000012"/>
    <testcase classname="ds.mean_math_residual_multiple" name="residual_deviation_tends_to_0" time="1.21299999999997"/>
    <testcase classname="ds.mean_math_residual_multiple" name="residual_deviation_tends_to_0" time="1.22000000000003"/>
    <testcase classname="ds.mean_math_residual_multiple" name="residual_deviation_tends_to_0" time="1.22399999999993"/>
    <testcase classname="ds.mean_math_residual_multiple" name="residual_deviation_tends_to_0" time="0.00199999999995271"/>
    <testcase classname="ds.mean_math_residual_multiple" name="residual_deviation_tends_to_0" time="0.00100000000020373"/>
    <testcase classname="ds.mean_math_residual_multiple" name="residual_deviation_tends_to_0" time="1.22199999999998"/>
    <testcase classname="ds.mean_math_residual_multiple" name="residual_deviation_tends_to_0" time="0.00199999999995271"/>
    <testcase classname="ds.mean_math_residual_multiple" name="residual_deviation_tends_to_0" time="0.000999999999976353"/>
    <testcase classname="ds.mean_math_residual_multiple" name="residual_deviation_tends_to_0" time="1.23599999999988"/>
    <testcase classname="ds.mean_math_residual_multiple" name="residual_deviation_tends_to_0" time="0.00200000000018008"/>
    <testcase classname="ds.mean_math_residual_multiple" name="residual_deviation_tends_to_0" time="0.000999999999976353"/>
    <testcase classname="ds.mean_math_residual_multiple" name="residual_deviation_tends_to_0" time="1.21299999999997"/>
    <testcase classname="ds.mean_math_residual_multiple" name="residual_deviation_tends_to_0" time="0.000999999999976353"/>
    <testcase classname="ds.mean_math_residual_multiple" name="residual_deviation_tends_to_0" time="0.00199999999995271"/>
    <testcase classname="ds.mean_math_residual_multiple" name="residual_deviation_tends_to_0" time="1.221"/>
    <testcase classname="ds.mean_math_residual_multiple" name="residual_deviation_tends_to_0" time="0.00199999999995271"/>
    <testcase classname="ds.mean_math_residual_multiple" name="residual_deviation_tends_to_0" time="0.00100000000020373"/>
    <testcase classname="ds.mean_math_residual_multiple" name="residual_deviation_tends_to_0" time="1.24199999999996"/>
    <testcase classname="ds.mean_math_residual_multiple" name="residual_deviation_tends_to_0" time="0.00199999999995271"/>
    <testcase classname="ds.mean_math_residual_multiple" name="residual_deviation_tends_to_0" time="0.00199999999995271"/>
    <testcase classname="ds.mean_math_residual_multiple" name="residual_deviation_tends_to_0" time="1.22900000000004"/>
    <testcase classname="ds.mean_math_residual_multiple" name="residual_deviation_tends_to_0" time="0.00199999999995271"/>
    <testcase classname="ds.mean_math_residual_multiple" name="residual_deviation_tends_to_0" time="0.00199999999995271"/>
    <testcase classname="ds.mean_math_residual_multiple" name="residual_deviation_tends_to_0" time="1.21800000000007"/>
    <testcase classname="ds.mean_math_residual_multiple" name="residual_deviation_tends_to_0" time="0.000999999999976353"/>
    <testcase classname="ds.mean_math_residual_multiple" name="residual_deviation_tends_to_0" time="0.00199999999995271"/>
  </testsuite>
  <testsuite errors="0" failures="0" hostname="fv-az14" name="ds.mean::math::location_parameter::single" skipped="0" tests="8" time="20.536" timestamp="2020-10-23T11:07:44Z">
    <testcase classname="ds.mean_math_location_parameter_single" name="mean_X_a_mean_X_a" time="5.63800000000015"/>
    <testcase classname="ds.mean_math_location_parameter_single" name="mean_X_a_mean_X_a" time="2.12300000000005"/>
    <testcase classname="ds.mean_math_location_parameter_single" name="mean_X_a_mean_X_a" time="2.13199999999983"/>
    <testcase classname="ds.mean_math_location_parameter_single" name="mean_X_a_mean_X_a" time="2.12800000000016"/>
    <testcase classname="ds.mean_math_location_parameter_single" name="mean_X_a_mean_X_a" time="2.12999999999988"/>
    <testcase classname="ds.mean_math_location_parameter_single" name="mean_X_a_mean_X_a" time="2.125"/>
    <testcase classname="ds.mean_math_location_parameter_single" name="mean_X_a_mean_X_a" time="2.13200000000006"/>
    <testcase classname="ds.mean_math_location_parameter_single" name="mean_X_a_mean_X_a" time="2.12799999999993"/>
  </testsuite>
  <testsuite errors="0" failures="0" hostname="fv-az14" name="ds.mean::math::location_parameter::multiple" skipped="0" tests="8" time="30.471" timestamp="2020-10-23T11:08:05Z">
    <testcase classname="ds.mean_math_location_parameter_multiple" name="mean_X_a_mean_X_a" time="7.84100000000012"/>
    <testcase classname="ds.mean_math_location_parameter_multiple" name="mean_X_a_mean_X_a" time="3.22399999999993"/>
    <testcase classname="ds.mean_math_location_parameter_multiple" name="mean_X_a_mean_X_a" time="3.24700000000007"/>
    <testcase classname="ds.mean_math_location_parameter_multiple" name="mean_X_a_mean_X_a" time="3.24399999999991"/>
    <testcase classname="ds.mean_math_location_parameter_multiple" name="mean_X_a_mean_X_a" time="3.23900000000003"/>
    <testcase classname="ds.mean_math_location_parameter_multiple" name="mean_X_a_mean_X_a" time="3.22000000000003"/>
    <testcase classname="ds.mean_math_location_parameter_multiple" name="mean_X_a_mean_X_a" time="3.23399999999992"/>
    <testcase classname="ds.mean_math_location_parameter_multiple" name="mean_X_a_mean_X_a" time="3.22199999999998"/>
  </testsuite>
  <testsuite errors="0" failures="0" hostname="fv-az14" name="ds.mean::math::scale::multiple" skipped="0" tests="8" time="30.654" timestamp="2020-10-23T11:08:35Z">
    <testcase classname="ds.mean_math_scale_multiple" name="mean_X_a_mean_X_a" time="8.03999999999996"/>
    <testcase classname="ds.mean_math_scale_multiple" name="mean_X_a_mean_X_a" time="3.21900000000005"/>
    <testcase classname="ds.mean_math_scale_multiple" name="mean_X_a_mean_X_a" time="3.23299999999995"/>
    <testcase classname="ds.mean_math_scale_multiple" name="mean_X_a_mean_X_a" time="3.21800000000007"/>
    <testcase classname="ds.mean_math_scale_multiple" name="mean_X_a_mean_X_a" time="3.23099999999999"/>
    <testcase classname="ds.mean_math_scale_multiple" name="mean_X_a_mean_X_a" time="3.23299999999995"/>
    <testcase classname="ds.mean_math_scale_multiple" name="mean_X_a_mean_X_a" time="3.23000000000002"/>
    <testcase classname="ds.mean_math_scale_multiple" name="mean_X_a_mean_X_a" time="3.25"/>
  </testsuite>
  <testsuite errors="0" failures="0" hostname="fv-az14" name="ds.mean::math::scale::single" skipped="0" tests="8" time="20.569" timestamp="2020-10-23T11:09:06Z">
    <testcase classname="ds.mean_math_scale_single" name="mean_X_a_mean_X_a" time="5.63799999999992"/>
    <testcase classname="ds.mean_math_scale_single" name="mean_X_a_mean_X_a" time="2.1260000000002"/>
    <testcase classname="ds.mean_math_scale_single" name="mean_X_a_mean_X_a" time="2.13400000000001"/>
    <testcase classname="ds.mean_math_scale_single" name="mean_X_a_mean_X_a" time="2.13099999999986"/>
    <testcase classname="ds.mean_math_scale_single" name="mean_X_a_mean_X_a" time="2.125"/>
    <testcase classname="ds.mean_math_scale_single" name="mean_X_a_mean_X_a" time="2.13699999999994"/>
    <testcase classname="ds.mean_math_scale_single" name="mean_X_a_mean_X_a" time="2.14100000000008"/>
    <testcase classname="ds.mean_math_scale_single" name="mean_X_a_mean_X_a" time="2.13699999999994"/>
  </testsuite>
  <testsuite errors="0" failures="0" hostname="fv-az14" name="ds.var::math::positive_result::multiple" skipped="0" tests="32" time="24.19" timestamp="2020-10-23T11:09:27Z">
    <testcase classname="ds.var_math_positive_result_multiple" name="variance_0" time="5.82100000000014"/>
    <testcase classname="ds.var_math_positive_result_multiple" name="variance_0" time="1.22799999999984"/>
    <testcase classname="ds.var_math_positive_result_multiple" name="variance_0" time="1.22800000000007"/>
    <testcase classname="ds.var_math_positive_result_multiple" name="variance_0" time="1.221"/>
    <testcase classname="ds.var_math_positive_result_multiple" name="variance_0" time="1.2170000000001"/>
    <testcase classname="ds.var_math_positive_result_multiple" name="variance_0" time="1.21799999999985"/>
    <testcase classname="ds.var_math_positive_result_multiple" name="variance_0" time="1.21500000000015"/>
    <testcase classname="ds.var_math_positive_result_multiple" name="variance_0" time="1.21299999999997"/>
    <testcase classname="ds.var_math_positive_result_multiple" name="variance_0" time="1.22299999999996"/>
    <testcase classname="ds.var_math_positive_result_multiple" name="variance_0" time="0.00199999999995271"/>
    <testcase classname="ds.var_math_positive_result_multiple" name="variance_0" time="0.000999999999976353"/>
    <testcase classname="ds.var_math_positive_result_multiple" name="variance_0" time="1.22700000000009"/>
    <testcase classname="ds.var_math_positive_result_multiple" name="variance_0" time="0.00199999999995271"/>
    <testcase classname="ds.var_math_positive_result_multiple" name="variance_0" time="0.000999999999976353"/>
    <testcase classname="ds.var_math_positive_result_multiple" name="variance_0" time="1.24000000000001"/>
    <testcase classname="ds.var_math_positive_result_multiple" name="variance_0" time="0.00199999999995271"/>
    <testcase classname="ds.var_math_positive_result_multiple" name="variance_0" time="0.00100000000020373"/>
    <testcase classname="ds.var_math_positive_result_multiple" name="variance_0" time="1.23099999999999"/>
    <testcase classname="ds.var_math_positive_result_multiple" name="variance_0" time="0.000999999999976353"/>
    <testcase classname="ds.var_math_positive_result_multiple" name="variance_0" time="0.00199999999995271"/>
    <testcase classname="ds.var_math_positive_result_multiple" name="variance_0" time="1.22399999999993"/>
    <testcase classname="ds.var_math_positive_result_multiple" name="variance_0" time="0.00199999999995271"/>
    <testcase classname="ds.var_math_positive_result_multiple" name="variance_0" time="0.00200000000018008"/>
    <testcase classname="ds.var_math_positive_result_multiple" name="variance_0" time="1.22299999999996"/>
    <testcase classname="ds.var_math_positive_result_multiple" name="variance_0" time="0.00199999999995271"/>
    <testcase classname="ds.var_math_positive_result_multiple" name="variance_0" time="0.000999999999976353"/>
    <testcase classname="ds.var_math_positive_result_multiple" name="variance_0" time="1.221"/>
    <testcase classname="ds.var_math_positive_result_multiple" name="variance_0" time="0.00199999999995271"/>
    <testcase classname="ds.var_math_positive_result_multiple" name="variance_0" time="0.00200000000018008"/>
    <testcase classname="ds.var_math_positive_result_multiple" name="variance_0" time="1.21299999999997"/>
    <testcase classname="ds.var_math_positive_result_multiple" name="variance_0" time="0.00199999999995271"/>
    <testcase classname="ds.var_math_positive_result_multiple" name="variance_0" time="0.00199999999995271"/>
  </testsuite>
  <testsuite errors="0" failures="0" hostname="fv-az14" name="ds.var::math::positive_result::single" skipped="0" tests="32" time="14.878" timestamp="2020-10-23T11:09:51Z">
    <testcase classname="ds.var_math_positive_result_single" name="variance_0" time="4.21299999999997"/>
    <testcase classname="ds.var_math_positive_result_single" name="variance_0" time="0.705000000000155"/>
    <testcase classname="ds.var_math_positive_result_single" name="variance_0" time="0.708999999999833"/>
    <testcase classname="ds.var_math_positive_result_single" name="variance_0" time="0.714000000000169"/>
    <testcase classname="ds.var_math_positive_result_single" name="variance_0" time="0.70699999999988"/>
    <testcase classname="ds.var_math_positive_result_single" name="variance_0" time="0.716000000000122"/>
    <testcase classname="ds.var_math_positive_result_single" name="variance_0" time="0.709999999999809"/>
    <testcase classname="ds.var_math_positive_result_single" name="variance_0" time="0.70900000000006"/>
    <testcase classname="ds.var_math_positive_result_single" name="variance_0" time="0.708000000000084"/>
    <testcase classname="ds.var_math_positive_result_single" name="variance_0" time="0.00199999999995271"/>
    <testcase classname="ds.var_math_positive_result_single" name="variance_0" time="0.000999999999976353"/>
    <testcase classname="ds.var_math_positive_result_single" name="variance_0" time="0.719000000000051"/>
    <testcase classname="ds.var_math_positive_result_single" name="variance_0" time="0.000999999999976353"/>
    <testcase classname="ds.var_math_positive_result_single" name="variance_0" time="0.000999999999976353"/>
    <testcase classname="ds.var_math_positive_result_single" name="variance_0" time="0.711999999999989"/>
    <testcase classname="ds.var_math_positive_result_single" name="variance_0" time="0.00199999999995271"/>
    <testcase classname="ds.var_math_positive_result_single" name="variance_0" time="0.000999999999976353"/>
    <testcase classname="ds.var_math_positive_result_single" name="variance_0" time="0.70900000000006"/>
    <testcase classname="ds.var_math_positive_result_single" name="variance_0" time="0.00199999999995271"/>
    <testcase classname="ds.var_math_positive_result_single" name="variance_0" time="0.00100000000020373"/>
    <testcase classname="ds.var_math_positive_result_single" name="variance_0" time="0.703999999999951"/>
    <testcase classname="ds.var_math_positive_result_single" name="variance_0" time="0.000999999999976353"/>
    <testcase classname="ds.var_math_positive_result_single" name="variance_0" time="0.000999999999976353"/>
    <testcase classname="ds.var_math_positive_result_single" name="variance_0" time="0.70900000000006"/>
    <testcase classname="ds.var_math_positive_result_single" name="variance_0" time="0.00199999999995271"/>
    <testcase classname="ds.var_math_positive_result_single" name="variance_0" time="0.000999999999976353"/>
    <testcase classname="ds.var_math_positive_result_single" name="variance_0" time="0.705999999999904"/>
    <testcase classname="ds.var_math_positive_result_single" name="variance_0" time="0.00200000000018008"/>
    <testcase classname="ds.var_math_positive_result_single" name="variance_0" time="0.000999999999976353"/>
    <testcase classname="ds.var_math_positive_result_single" name="variance_0" time="0.704999999999927"/>
    <testcase classname="ds.var_math_positive_result_single" name="variance_0" time="0.00199999999995271"/>
    <testcase classname="ds.var_math_positive_result_single" name="variance_0" time="0.00199999999995271"/>
  </testsuite>
  <testsuite errors="0" failures="0" hostname="fv-az14" name="ds.var::math::square_root_std::single" skipped="0" tests="8" time="5.196" timestamp="2020-10-23T11:10:06Z">
    <testcase classname="ds.var_math_square_root_std_single" name="variance_is_to_the_power_of_2_of_the_standard_deviation" time="3.50600000000009"/>
    <testcase classname="ds.var_math_square_root_std_single" name="variance_is_to_the_power_of_2_of_the_standard_deviation" time="0.247000000000071"/>
    <testcase classname="ds.var_math_square_root_std_single" name="variance_is_to_the_power_of_2_of_the_standard_deviation" time="0.240000000000009"/>
    <testcase classname="ds.var_math_square_root_std_single" name="variance_is_to_the_power_of_2_of_the_standard_deviation" time="0.242999999999938"/>
    <testcase classname="ds.var_math_square_root_std_single" name="variance_is_to_the_power_of_2_of_the_standard_deviation" time="0.240999999999985"/>
    <testcase classname="ds.var_math_square_root_std_single" name="variance_is_to_the_power_of_2_of_the_standard_deviation" time="0.238000000000056"/>
    <testcase classname="ds.var_math_square_root_std_single" name="variance_is_to_the_power_of_2_of_the_standard_deviation" time="0.240000000000009"/>
    <testcase classname="ds.var_math_square_root_std_single" name="variance_is_to_the_power_of_2_of_the_standard_deviation" time="0.240999999999985"/>
  </testsuite>
  <testsuite errors="0" failures="0" hostname="fv-az14" name="ds.var::math::square_root_std::multiple" skipped="0" tests="32" time="9.02" timestamp="2020-10-23T11:10:11Z">
    <testcase classname="ds.var_math_square_root_std_multiple" name="variance_is_to_the_power_of_2_of_the_standard_deviation" time="4.94100000000003"/>
    <testcase classname="ds.var_math_square_root_std_multiple" name="variance_is_to_the_power_of_2_of_the_standard_deviation" time="0.268000000000029"/>
    <testcase classname="ds.var_math_square_root_std_multiple" name="variance_is_to_the_power_of_2_of_the_standard_deviation" time="0.263999999999896"/>
    <testcase classname="ds.var_math_square_root_std_multiple" name="variance_is_to_the_power_of_2_of_the_standard_deviation" time="0.270999999999958"/>
    <testcase classname="ds.var_math_square_root_std_multiple" name="variance_is_to_the_power_of_2_of_the_standard_deviation" time="0.269999999999982"/>
    <testcase classname="ds.var_math_square_root_std_multiple" name="variance_is_to_the_power_of_2_of_the_standard_deviation" time="0.269000000000005"/>
    <testcase classname="ds.var_math_square_root_std_multiple" name="variance_is_to_the_power_of_2_of_the_standard_deviation" time="0.277000000000044"/>
    <testcase classname="ds.var_math_square_root_std_multiple" name="variance_is_to_the_power_of_2_of_the_standard_deviation" time="0.268000000000029"/>
    <testcase classname="ds.var_math_square_root_std_multiple" name="variance_is_to_the_power_of_2_of_the_standard_deviation" time="0.279999999999973"/>
    <testcase classname="ds.var_math_square_root_std_multiple" name="variance_is_to_the_power_of_2_of_the_standard_deviation" time="0.00199999999995271"/>
    <testcase classname="ds.var_math_square_root_std_multiple" name="variance_is_to_the_power_of_2_of_the_standard_deviation" time="0.000999999999976353"/>
    <testcase classname="ds.var_math_square_root_std_multiple" name="variance_is_to_the_power_of_2_of_the_standard_deviation" time="0.268000000000029"/>
    <testcase classname="ds.var_math_square_root_std_multiple" name="variance_is_to_the_power_of_2_of_the_standard_deviation" time="0.00199999999995271"/>
    <testcase classname="ds.var_math_square_root_std_multiple" name="variance_is_to_the_power_of_2_of_the_standard_deviation" time="0.00100000000020373"/>
    <testcase classname="ds.var_math_square_root_std_multiple" name="variance_is_to_the_power_of_2_of_the_standard_deviation" time="0.270999999999958"/>
    <testcase classname="ds.var_math_square_root_std_multiple" name="variance_is_to_the_power_of_2_of_the_standard_deviation" time="0.000999999999976353"/>
    <testcase classname="ds.var_math_square_root_std_multiple" name="variance_is_to_the_power_of_2_of_the_standard_deviation" time="0.00199999999995271"/>
    <testcase classname="ds.var_math_square_root_std_multiple" name="variance_is_to_the_power_of_2_of_the_standard_deviation" time="0.269999999999982"/>
    <testcase classname="ds.var_math_square_root_std_multiple" name="variance_is_to_the_power_of_2_of_the_standard_deviation" time="0.000999999999976353"/>
    <testcase classname="ds.var_math_square_root_std_multiple" name="variance_is_to_the_power_of_2_of_the_standard_deviation" time="0.00199999999995271"/>
    <testcase classname="ds.var_math_square_root_std_multiple" name="variance_is_to_the_power_of_2_of_the_standard_deviation" time="0.275000000000091"/>
    <testcase classname="ds.var_math_square_root_std_multiple" name="variance_is_to_the_power_of_2_of_the_standard_deviation" time="0.000999999999976353"/>
    <testcase classname="ds.var_math_square_root_std_multiple" name="variance_is_to_the_power_of_2_of_the_standard_deviation" time="0.00199999999995271"/>
    <testcase classname="ds.var_math_square_root_std_multiple" name="variance_is_to_the_power_of_2_of_the_standard_deviation" time="0.266000000000076"/>
    <testcase classname="ds.var_math_square_root_std_multiple" name="variance_is_to_the_power_of_2_of_the_standard_deviation" time="0.000999999999976353"/>
    <testcase classname="ds.var_math_square_root_std_multiple" name="variance_is_to_the_power_of_2_of_the_standard_deviation" time="0.00199999999995271"/>
    <testcase classname="ds.var_math_square_root_std_multiple" name="variance_is_to_the_power_of_2_of_the_standard_deviation" time="0.269000000000005"/>
    <testcase classname="ds.var_math_square_root_std_multiple" name="variance_is_to_the_power_of_2_of_the_standard_deviation" time="0.00200000000018008"/>
    <testcase classname="ds.var_math_square_root_std_multiple" name="variance_is_to_the_power_of_2_of_the_standard_deviation" time="0.000999999999976353"/>
    <testcase classname="ds.var_math_square_root_std_multiple" name="variance_is_to_the_power_of_2_of_the_standard_deviation" time="0.269000000000005"/>
    <testcase classname="ds.var_math_square_root_std_multiple" name="variance_is_to_the_power_of_2_of_the_standard_deviation" time="0.00199999999995271"/>
    <testcase classname="ds.var_math_square_root_std_multiple" name="variance_is_to_the_power_of_2_of_the_standard_deviation" time="0.000999999999976353"/>
  </testsuite>
  <testsuite errors="0" failures="0" hostname="fv-az14" name="ds.var::math::location::parameter::single" skipped="0" tests="8" time="20.536" timestamp="2020-10-23T11:10:20Z">
    <testcase classname="ds.var_math_location_parameter_single" name="var_X_a_Var_X_" time="5.63100000000009"/>
    <testcase classname="ds.var_math_location_parameter_single" name="var_X_a_Var_X_" time="2.13499999999999"/>
    <testcase classname="ds.var_math_location_parameter_single" name="var_X_a_Var_X_" time="2.12199999999984"/>
    <testcase classname="ds.var_math_location_parameter_single" name="var_X_a_Var_X_" time="2.12599999999998"/>
    <testcase classname="ds.var_math_location_parameter_single" name="var_X_a_Var_X_" time="2.12700000000018"/>
    <testcase classname="ds.var_math_location_parameter_single" name="var_X_a_Var_X_" time="2.13699999999994"/>
    <testcase classname="ds.var_math_location_parameter_single" name="var_X_a_Var_X_" time="2.1389999999999"/>
    <testcase classname="ds.var_math_location_parameter_single" name="var_X_a_Var_X_" time="2.11900000000014"/>
  </testsuite>
  <testsuite errors="0" failures="0" hostname="fv-az14" name="ds.var::math::location::parameter::multiple" skipped="0" tests="8" time="30.395" timestamp="2020-10-23T11:10:40Z">
    <testcase classname="ds.var_math_location_parameter_multiple" name="var_X_a_Var_X_" time="7.74000000000001"/>
    <testcase classname="ds.var_math_location_parameter_multiple" name="var_X_a_Var_X_" time="3.22799999999984"/>
    <testcase classname="ds.var_math_location_parameter_multiple" name="var_X_a_Var_X_" time="3.23400000000015"/>
    <testcase classname="ds.var_math_location_parameter_multiple" name="var_X_a_Var_X_" time="3.24000000000001"/>
    <testcase classname="ds.var_math_location_parameter_multiple" name="var_X_a_Var_X_" time="3.22499999999991"/>
    <testcase classname="ds.var_math_location_parameter_multiple" name="var_X_a_Var_X_" time="3.24600000000009"/>
    <testcase classname="ds.var_math_location_parameter_multiple" name="var_X_a_Var_X_" time="3.24399999999991"/>
    <testcase classname="ds.var_math_location_parameter_multiple" name="var_X_a_Var_X_" time="3.23800000000006"/>
  </testsuite>
  <testsuite errors="0" failures="0" hostname="fv-az14" name="ds.var::math::scale::single" skipped="0" tests="8" time="20.598" timestamp="2020-10-23T11:11:11Z">
    <testcase classname="ds.var_math_scale_single" name="var_aX_a_2Var_X_" time="5.66300000000001"/>
    <testcase classname="ds.var_math_scale_single" name="var_aX_a_2Var_X_" time="2.13499999999999"/>
    <testcase classname="ds.var_math_scale_single" name="var_aX_a_2Var_X_" time="2.14300000000003"/>
    <testcase classname="ds.var_math_scale_single" name="var_aX_a_2Var_X_" time="2.12899999999991"/>
    <testcase classname="ds.var_math_scale_single" name="var_aX_a_2Var_X_" time="2.12599999999998"/>
    <testcase classname="ds.var_math_scale_single" name="var_aX_a_2Var_X_" time="2.13000000000011"/>
    <testcase classname="ds.var_math_scale_single" name="var_aX_a_2Var_X_" time="2.14300000000003"/>
    <testcase classname="ds.var_math_scale_single" name="var_aX_a_2Var_X_" time="2.12899999999991"/>
  </testsuite>
  <testsuite errors="0" failures="0" hostname="fv-az14" name="ds.var::math::scale::multiple" skipped="0" tests="8" time="30.423" timestamp="2020-10-23T11:11:31Z">
    <testcase classname="ds.var_math_scale_multiple" name="var_aX_a_2Var_X_" time="7.78500000000008"/>
    <testcase classname="ds.var_math_scale_multiple" name="var_aX_a_2Var_X_" time="3.22199999999998"/>
    <testcase classname="ds.var_math_scale_multiple" name="var_aX_a_2Var_X_" time="3.23399999999992"/>
    <testcase classname="ds.var_math_scale_multiple" name="var_aX_a_2Var_X_" time="3.23099999999999"/>
    <testcase classname="ds.var_math_scale_multiple" name="var_aX_a_2Var_X_" time="3.23099999999999"/>
    <testcase classname="ds.var_math_scale_multiple" name="var_aX_a_2Var_X_" time="3.24600000000009"/>
    <testcase classname="ds.var_math_scale_multiple" name="var_aX_a_2Var_X_" time="3.22499999999991"/>
    <testcase classname="ds.var_math_scale_multiple" name="var_aX_a_2Var_X_" time="3.24900000000002"/>
  </testsuite>
  <testsuite errors="0" failures="0" hostname="fv-az14" name="checkClass::smk::discordant::setup" skipped="0" tests="3" time="4.908" timestamp="2020-10-23T11:12:02Z">
    <testcase classname="checkClass_smk_discordant_setup" name="setup" time="4.90599999999995"/>
    <testcase classname="checkClass_smk_discordant_setup" name="setup" time="0.000999999999976353"/>
    <testcase classname="checkClass_smk_discordant_setup" name="setup" time="0.000999999999976353"/>
  </testsuite>
  <testsuite errors="0" failures="0" hostname="fv-az14" name="checkClass::smk::discordant" skipped="0" tests="3" time="2.081" timestamp="2020-10-23T11:12:07Z">
    <testcase classname="checkClass_smk_discordant" name="simple_test_discordant_dataset_A" time="0.692000000000007"/>
    <testcase classname="checkClass_smk_discordant" name="simple_test_discordant_dataset_B" time="0.69600000000014"/>
    <testcase classname="checkClass_smk_discordant" name="simple_test_discordant_dataset_C" time="0.692999999999984"/>
  </testsuite>
  <testsuite errors="0" failures="0" hostname="fv-az14" name="checkClass::smk::discordant::shutdown" skipped="0" tests="3" time="0.282" timestamp="2020-10-23T11:12:09Z">
    <testcase classname="checkClass_smk_discordant_shutdown" name="shutdown" time="0.279999999999973"/>
    <testcase classname="checkClass_smk_discordant_shutdown" name="shutdown" time="0.000999999999976353"/>
    <testcase classname="checkClass_smk_discordant_shutdown" name="shutdown" time="0.000999999999976353"/>
  </testsuite>
  <testsuite errors="0" failures="0" hostname="fv-az14" name="checkClass::smk::discordant::done" skipped="0" tests="0" time="0" timestamp="2020-10-23T11:12:10Z"/>
  <testsuite errors="0" failures="0" hostname="fv-az14" name="checkClass::smk::setup" skipped="0" tests="3" time="5.263" timestamp="2020-10-23T11:12:10Z">
    <testcase classname="checkClass_smk_setup" name="setup" time="5.26099999999997"/>
    <testcase classname="checkClass_smk_setup" name="setup" time="0.000999999999976353"/>
    <testcase classname="checkClass_smk_setup" name="setup" time="0.000999999999976353"/>
  </testsuite>
  <testsuite errors="0" failures="0" hostname="fv-az14" name="checkClass::smk::simple test" skipped="0" tests="24" time="8.222" timestamp="2020-10-23T11:12:14Z">
    <testcase classname="checkClass_smk_simple_test" name="simple_test" time="0.702000000000226"/>
    <testcase classname="checkClass_smk_simple_test" name="simple_test" time="0.000999999999976353"/>
    <testcase classname="checkClass_smk_simple_test" name="simple_test" time="0.000999999999976353"/>
    <testcase classname="checkClass_smk_simple_test" name="simple_test" time="0.684999999999945"/>
    <testcase classname="checkClass_smk_simple_test" name="simple_test" time="0.00199999999995271"/>
    <testcase classname="checkClass_smk_simple_test" name="simple_test" time="0.00199999999995271"/>
    <testcase classname="checkClass_smk_simple_test" name="simple_test" time="0.690000000000055"/>
    <testcase classname="checkClass_smk_simple_test" name="simple_test" time="0.00199999999995271"/>
    <testcase classname="checkClass_smk_simple_test" name="simple_test" time="0.000999999999976353"/>
    <testcase classname="checkClass_smk_simple_test" name="simple_test" time="0.685000000000173"/>
    <testcase classname="checkClass_smk_simple_test" name="simple_test" time="0.000999999999976353"/>
    <testcase classname="checkClass_smk_simple_test" name="simple_test" time="0.000999999999976353"/>
    <testcase classname="checkClass_smk_simple_test" name="simple_test" time="0.684999999999945"/>
    <testcase classname="checkClass_smk_simple_test" name="simple_test" time="0.00199999999995271"/>
    <testcase classname="checkClass_smk_simple_test" name="simple_test" time="0.00100000000020373"/>
    <testcase classname="checkClass_smk_simple_test" name="simple_test" time="0.683999999999969"/>
    <testcase classname="checkClass_smk_simple_test" name="simple_test" time="0.00299999999992906"/>
    <testcase classname="checkClass_smk_simple_test" name="simple_test" time="0.000999999999976353"/>
    <testcase classname="checkClass_smk_simple_test" name="data.frame_test" time="3.375"/>
    <testcase classname="checkClass_smk_simple_test" name="data.frame_test" time="0.00299999999992906"/>
    <testcase classname="checkClass_smk_simple_test" name="data.frame_test" time="0.00200000000018008"/>
    <testcase classname="checkClass_smk_simple_test" name="missing_test" time="0.689999999999827"/>
    <testcase classname="checkClass_smk_simple_test" name="missing_test" time="0.000999999999976353"/>
    <testcase classname="checkClass_smk_simple_test" name="missing_test" time="0.00200000000018008"/>
  </testsuite>
  <testsuite errors="0" failures="0" hostname="fv-az14" name="checkClass::smk::shutdown" skipped="0" tests="3" time="0.283" timestamp="2020-10-23T11:12:23Z">
    <testcase classname="checkClass_smk_shutdown" name="shutdown" time="0.279999999999973"/>
    <testcase classname="checkClass_smk_shutdown" name="shutdown" time="0.00199999999995271"/>
    <testcase classname="checkClass_smk_shutdown" name="shutdown" time="0.000999999999976353"/>
  </testsuite>
  <testsuite errors="0" failures="0" hostname="fv-az14" name="checkClass::smk::done" skipped="0" tests="0" time="0" timestamp="2020-10-23T11:12:24Z"/>
  <testsuite errors="0" failures="0" hostname="fv-az14" name="ds.abs::smk::setup" skipped="0" tests="3" time="5.27" timestamp="2020-10-23T11:12:24Z">
    <testcase classname="ds.abs_smk_setup" name="setup" time="5.26700000000005"/>
    <testcase classname="ds.abs_smk_setup" name="setup" time="0.00199999999995271"/>
    <testcase classname="ds.abs_smk_setup" name="setup" time="0.000999999999976353"/>
  </testsuite>
  <testsuite errors="0" failures="0" hostname="fv-az14" name="ds.abs::smk" skipped="0" tests="10" time="2.308" timestamp="2020-10-23T11:12:28Z">
    <testcase classname="ds.abs_smk" name="simple_c" time="1.49099999999999"/>
    <testcase classname="ds.abs_smk" name="simple_c" time="0.268000000000029"/>
    <testcase classname="ds.abs_smk" name="simple_c" time="0.000999999999976353"/>
    <testcase classname="ds.abs_smk" name="simple_c" time="0.00199999999995271"/>
    <testcase classname="ds.abs_smk" name="simple_c" time="0.00100000000020373"/>
    <testcase classname="ds.abs_smk" name="simple_c" time="0.000999999999976353"/>
    <testcase classname="ds.abs_smk" name="simple_c" time="0.54099999999994"/>
    <testcase classname="ds.abs_smk" name="simple_c" time="0.000999999999976353"/>
    <testcase classname="ds.abs_smk" name="simple_c" time="0.000999999999976353"/>
    <testcase classname="ds.abs_smk" name="simple_c" time="0.000999999999976353"/>
  </testsuite>
  <testsuite errors="0" failures="0" hostname="fv-az14" name="ds.abs::smk::shutdown" skipped="0" tests="3" time="0.275" timestamp="2020-10-23T11:12:30Z">
    <testcase classname="ds.abs_smk_shutdown" name="setup" time="0.272000000000162"/>
    <testcase classname="ds.abs_smk_shutdown" name="setup" time="0.000999999999976353"/>
    <testcase classname="ds.abs_smk_shutdown" name="setup" time="0.00199999999995271"/>
  </testsuite>
  <testsuite errors="0" failures="0" hostname="fv-az14" name="ds.abs::smk::done" skipped="0" tests="0" time="0" timestamp="2020-10-23T11:12:31Z"/>
  <testsuite errors="0" failures="0" hostname="fv-az14" name="ds.asCharacter::smk::setup" skipped="0" tests="3" time="5.181" timestamp="2020-10-23T11:12:31Z">
    <testcase classname="ds.asCharacter_smk_setup" name="setup" time="5.17899999999986"/>
    <testcase classname="ds.asCharacter_smk_setup" name="setup" time="0.00100000000020373"/>
    <testcase classname="ds.asCharacter_smk_setup" name="setup" time="0.000999999999976353"/>
  </testsuite>
  <testsuite errors="0" failures="0" hostname="fv-az14" name="ds.asCharacter::smk::simple test" skipped="0" tests="3" time="0.813" timestamp="2020-10-23T11:12:36Z">
    <testcase classname="ds.asCharacter_smk_simple_test" name="simple_test" time="0.809999999999945"/>
    <testcase classname="ds.asCharacter_smk_simple_test" name="simple_test" time="0.000999999999976353"/>
    <testcase classname="ds.asCharacter_smk_simple_test" name="simple_test" time="0.00199999999995271"/>
  </testsuite>
  <testsuite errors="0" failures="0" hostname="fv-az14" name="ds.asCharacter::smk::stutdown" skipped="0" tests="3" time="0.274" timestamp="2020-10-23T11:12:37Z">
    <testcase classname="ds.asCharacter_smk_stutdown" name="setup" time="0.272000000000162"/>
    <testcase classname="ds.asCharacter_smk_stutdown" name="setup" time="0.000999999999976353"/>
    <testcase classname="ds.asCharacter_smk_stutdown" name="setup" time="0.000999999999976353"/>
  </testsuite>
  <testsuite errors="0" failures="0" hostname="fv-az14" name="ds.asCharacter::smk::done" skipped="0" tests="0" time="0" timestamp="2020-10-23T11:12:38Z"/>
  <testsuite errors="0" failures="0" hostname="fv-az14" name="ds.asDataMatrix::smk::setup" skipped="0" tests="3" time="5.213" timestamp="2020-10-23T11:12:38Z">
    <testcase classname="ds.asDataMatrix_smk_setup" name="setup" time="5.21100000000001"/>
    <testcase classname="ds.asDataMatrix_smk_setup" name="setup" time="0.000999999999976353"/>
    <testcase classname="ds.asDataMatrix_smk_setup" name="setup" time="0.000999999999976353"/>
  </testsuite>
  <testsuite errors="0" failures="0" hostname="fv-az14" name="ds.asDataMatrix::smk::simple test" skipped="0" tests="3" time="0.84" timestamp="2020-10-23T11:12:42Z">
    <testcase classname="ds.asDataMatrix_smk_simple_test" name="simple_test" time="0.837999999999965"/>
    <testcase classname="ds.asDataMatrix_smk_simple_test" name="simple_test" time="0.000999999999976353"/>
    <testcase classname="ds.asDataMatrix_smk_simple_test" name="simple_test" time="0.000999999999976353"/>
  </testsuite>
  <testsuite errors="0" failures="0" hostname="fv-az14" name="ds.asDataMatrix::smk::shutdown" skipped="0" tests="3" time="0.284" timestamp="2020-10-23T11:12:43Z">
    <testcase classname="ds.asDataMatrix_smk_shutdown" name="shutdown" time="0.280999999999949"/>
    <testcase classname="ds.asDataMatrix_smk_shutdown" name="shutdown" time="0.00200000000018008"/>
    <testcase classname="ds.asDataMatrix_smk_shutdown" name="shutdown" time="0.000999999999976353"/>
  </testsuite>
  <testsuite errors="0" failures="0" hostname="fv-az14" name="ds.asDataMatrix::smk::done" skipped="0" tests="0" time="0" timestamp="2020-10-23T11:12:44Z"/>
  <testsuite errors="0" failures="0" hostname="fv-az14" name="ds.asFactor::smk::setup" skipped="0" tests="3" time="5.418" timestamp="2020-10-23T11:12:44Z">
    <testcase classname="ds.asFactor_smk_setup" name="setup" time="5.41499999999996"/>
    <testcase classname="ds.asFactor_smk_setup" name="setup" time="0.00199999999995271"/>
    <testcase classname="ds.asFactor_smk_setup" name="setup" time="0.000999999999976353"/>
  </testsuite>
  <testsuite errors="0" failures="0" hostname="fv-az14" name="ds.asFactor::smk::force.factor.levels" skipped="0" tests="25" time="13.622" timestamp="2020-10-23T11:12:50Z">
    <testcase classname="ds.asFactor_smk_force.factor.levels" name="with_no_force.factor.levels" time="2.18900000000008"/>
    <testcase classname="ds.asFactor_smk_force.factor.levels" name="with_no_force.factor.levels" time="1.22399999999993"/>
    <testcase classname="ds.asFactor_smk_force.factor.levels" name="with_no_force.factor.levels" time="0.000999999999976353"/>
    <testcase classname="ds.asFactor_smk_force.factor.levels" name="with_no_force.factor.levels" time="0.00199999999995271"/>
    <testcase classname="ds.asFactor_smk_force.factor.levels" name="with_no_force.factor.levels" time="0.00100000000020373"/>
    <testcase classname="ds.asFactor_smk_force.factor.levels" name="with_forced.factor.levels_of_1_6" time="1.32799999999997"/>
    <testcase classname="ds.asFactor_smk_force.factor.levels" name="with_forced.factor.levels_of_1_6" time="1.21199999999999"/>
    <testcase classname="ds.asFactor_smk_force.factor.levels" name="with_forced.factor.levels_of_1_6" time="0.000999999999976353"/>
    <testcase classname="ds.asFactor_smk_force.factor.levels" name="with_forced.factor.levels_of_1_6" time="0.000999999999976353"/>
    <testcase classname="ds.asFactor_smk_force.factor.levels" name="with_forced.factor.levels_of_1_6" time="0.000999999999976353"/>
    <testcase classname="ds.asFactor_smk_force.factor.levels" name="with_force.factor.levels_of_0_10" time="1.33600000000001"/>
    <testcase classname="ds.asFactor_smk_force.factor.levels" name="with_force.factor.levels_of_0_10" time="1.21800000000007"/>
    <testcase classname="ds.asFactor_smk_force.factor.levels" name="with_force.factor.levels_of_0_10" time="0.00199999999995271"/>
    <testcase classname="ds.asFactor_smk_force.factor.levels" name="with_force.factor.levels_of_0_10" time="0.000999999999976353"/>
    <testcase classname="ds.asFactor_smk_force.factor.levels" name="with_force.factor.levels_of_0_10" time="0.000999999999976353"/>
    <testcase classname="ds.asFactor_smk_force.factor.levels" name="with_force.factor.levels_of_2_3" time="1.3130000000001"/>
    <testcase classname="ds.asFactor_smk_force.factor.levels" name="with_force.factor.levels_of_2_3" time="1.23299999999995"/>
    <testcase classname="ds.asFactor_smk_force.factor.levels" name="with_force.factor.levels_of_2_3" time="0.00199999999995271"/>
    <testcase classname="ds.asFactor_smk_force.factor.levels" name="with_force.factor.levels_of_2_3" time="0.00199999999995271"/>
    <testcase classname="ds.asFactor_smk_force.factor.levels" name="with_force.factor.levels_of_2_3" time="0.000999999999976353"/>
    <testcase classname="ds.asFactor_smk_force.factor.levels" name="with_force.factor.levels_of_c_1_2_3_4_a_h_5_" time="1.32900000000018"/>
    <testcase classname="ds.asFactor_smk_force.factor.levels" name="with_force.factor.levels_of_c_1_2_3_4_a_h_5_" time="1.21899999999982"/>
    <testcase classname="ds.asFactor_smk_force.factor.levels" name="with_force.factor.levels_of_c_1_2_3_4_a_h_5_" time="0.00200000000018008"/>
    <testcase classname="ds.asFactor_smk_force.factor.levels" name="with_force.factor.levels_of_c_1_2_3_4_a_h_5_" time="0.00199999999995271"/>
    <testcase classname="ds.asFactor_smk_force.factor.levels" name="with_force.factor.levels_of_c_1_2_3_4_a_h_5_" time="0.000999999999976353"/>
  </testsuite>
  <testsuite errors="0" failures="0" hostname="fv-az14" name="ds.asFactor::smk::fixed.dummy.vars" skipped="0" tests="6" time="2.739" timestamp="2020-10-23T11:13:02Z">
    <testcase classname="ds.asFactor_smk_fixed.dummy.vars" name="with_fixed.dummy.vars_of_TRUE" time="1.35899999999992"/>
    <testcase classname="ds.asFactor_smk_fixed.dummy.vars" name="with_fixed.dummy.vars_of_TRUE" time="0.000999999999976353"/>
    <testcase classname="ds.asFactor_smk_fixed.dummy.vars" name="with_fixed.dummy.vars_of_TRUE" time="0.000999999999976353"/>
    <testcase classname="ds.asFactor_smk_fixed.dummy.vars" name="with_fixed.dummy.vars_of_TRUE_and_baseline.level_of_6" time="1.3760000000002"/>
    <testcase classname="ds.asFactor_smk_fixed.dummy.vars" name="with_fixed.dummy.vars_of_TRUE_and_baseline.level_of_6" time="0.000999999999976353"/>
    <testcase classname="ds.asFactor_smk_fixed.dummy.vars" name="with_fixed.dummy.vars_of_TRUE_and_baseline.level_of_6" time="0.000999999999976353"/>
  </testsuite>
  <testsuite errors="0" failures="0" hostname="fv-az14" name="ds.asFactor::smk::shutdown" skipped="0" tests="3" time="0.275" timestamp="2020-10-23T11:13:05Z">
    <testcase classname="ds.asFactor_smk_shutdown" name="shutdown" time="0.271999999999935"/>
    <testcase classname="ds.asFactor_smk_shutdown" name="shutdown" time="0.00199999999995271"/>
    <testcase classname="ds.asFactor_smk_shutdown" name="shutdown" time="0.000999999999976353"/>
  </testsuite>
  <testsuite errors="0" failures="0" hostname="fv-az14" name="ds.asFactor::smk::done" skipped="0" tests="0" time="0" timestamp="2020-10-23T11:13:06Z"/>
  <testsuite errors="0" failures="0" hostname="fv-az14" name="ds.asInteger::smk::setup" skipped="0" tests="3" time="5.241" timestamp="2020-10-23T11:13:06Z">
    <testcase classname="ds.asInteger_smk_setup" name="setup" time="5.23800000000006"/>
    <testcase classname="ds.asInteger_smk_setup" name="setup" time="0.000999999999976353"/>
    <testcase classname="ds.asInteger_smk_setup" name="setup" time="0.00199999999995271"/>
  </testsuite>
  <testsuite errors="0" failures="0" hostname="fv-az14" name="ds.asInteger::smk::simple test" skipped="0" tests="3" time="0.845" timestamp="2020-10-23T11:13:11Z">
    <testcase classname="ds.asInteger_smk_simple_test" name="simple_test" time="0.842000000000098"/>
    <testcase classname="ds.asInteger_smk_simple_test" name="simple_test" time="0.000999999999976353"/>
    <testcase classname="ds.asInteger_smk_simple_test" name="simple_test" time="0.00199999999995271"/>
  </testsuite>
  <testsuite errors="0" failures="0" hostname="fv-az14" name="ds.asInteger::smk::stutdown" skipped="0" tests="3" time="0.284" timestamp="2020-10-23T11:13:11Z">
    <testcase classname="ds.asInteger_smk_stutdown" name="stutdown" time="0.281000000000176"/>
    <testcase classname="ds.asInteger_smk_stutdown" name="stutdown" time="0.000999999999976353"/>
    <testcase classname="ds.asInteger_smk_stutdown" name="stutdown" time="0.00199999999995271"/>
  </testsuite>
  <testsuite errors="0" failures="0" hostname="fv-az14" name="ds.asInteger::smk::done" skipped="0" tests="0" time="0" timestamp="2020-10-23T11:13:12Z"/>
  <testsuite errors="0" failures="0" hostname="fv-az14" name="ds.asList::smk::setup" skipped="0" tests="3" time="5.199" timestamp="2020-10-23T11:13:12Z">
    <testcase classname="ds.asList_smk_setup" name="setup" time="5.19699999999989"/>
    <testcase classname="ds.asList_smk_setup" name="setup" time="0.000999999999976353"/>
    <testcase classname="ds.asList_smk_setup" name="setup" time="0.00100000000020373"/>
  </testsuite>
  <testsuite errors="0" failures="0" hostname="fv-az14" name="ds.asList::smk::simple test" skipped="0" tests="10" time="0.301" timestamp="2020-10-23T11:13:17Z">
    <testcase classname="ds.asList_smk_simple_test" name="simple_test" time="0.289999999999964"/>
    <testcase classname="ds.asList_smk_simple_test" name="simple_test" time="0.00199999999995271"/>
    <testcase classname="ds.asList_smk_simple_test" name="simple_test" time="0.000999999999976353"/>
    <testcase classname="ds.asList_smk_simple_test" name="simple_test" time="0.000999999999976353"/>
    <testcase classname="ds.asList_smk_simple_test" name="simple_test" time="0.000999999999976353"/>
    <testcase classname="ds.asList_smk_simple_test" name="simple_test" time="0.000999999999976353"/>
    <testcase classname="ds.asList_smk_simple_test" name="simple_test" time="0.000999999999976353"/>
    <testcase classname="ds.asList_smk_simple_test" name="simple_test" time="0.00100000000020373"/>
    <testcase classname="ds.asList_smk_simple_test" name="simple_test" time="0.00199999999995271"/>
    <testcase classname="ds.asList_smk_simple_test" name="simple_test" time="0.000999999999976353"/>
  </testsuite>
  <testsuite errors="0" failures="0" hostname="fv-az14" name="ds.asList::smk::shutdown" skipped="0" tests="3" time="0.279" timestamp="2020-10-23T11:13:17Z">
    <testcase classname="ds.asList_smk_shutdown" name="stutdown" time="0.277000000000044"/>
    <testcase classname="ds.asList_smk_shutdown" name="stutdown" time="0.000999999999976353"/>
    <testcase classname="ds.asList_smk_shutdown" name="stutdown" time="0.000999999999976353"/>
  </testsuite>
  <testsuite errors="0" failures="0" hostname="fv-az14" name="ds.asList::smk::done" skipped="0" tests="0" time="0" timestamp="2020-10-23T11:13:18Z"/>
  <testsuite errors="0" failures="0" hostname="fv-az14" name="ds.asLogical::smk::setup" skipped="0" tests="3" time="5.252" timestamp="2020-10-23T11:13:18Z">
    <testcase classname="ds.asLogical_smk_setup" name="setup" time="5.24900000000002"/>
    <testcase classname="ds.asLogical_smk_setup" name="setup" time="0.00199999999995271"/>
    <testcase classname="ds.asLogical_smk_setup" name="setup" time="0.000999999999976353"/>
  </testsuite>
  <testsuite errors="0" failures="0" hostname="fv-az14" name="ds.asLogical::smk::simple test" skipped="0" tests="3" time="0.842" timestamp="2020-10-23T11:13:23Z">
    <testcase classname="ds.asLogical_smk_simple_test" name="simple_test" time="0.838999999999942"/>
    <testcase classname="ds.asLogical_smk_simple_test" name="simple_test" time="0.00200000000018008"/>
    <testcase classname="ds.asLogical_smk_simple_test" name="simple_test" time="0.000999999999976353"/>
  </testsuite>
  <testsuite errors="0" failures="0" hostname="fv-az14" name="ds.asLogical::smk::shutdown" skipped="0" tests="3" time="0.287" timestamp="2020-10-23T11:13:24Z">
    <testcase classname="ds.asLogical_smk_shutdown" name="shutdown" time="0.284999999999854"/>
    <testcase classname="ds.asLogical_smk_shutdown" name="shutdown" time="0.000999999999976353"/>
    <testcase classname="ds.asLogical_smk_shutdown" name="shutdown" time="0.000999999999976353"/>
  </testsuite>
  <testsuite errors="0" failures="0" hostname="fv-az14" name="ds.asLogical::smk::done" skipped="0" tests="0" time="0" timestamp="2020-10-23T11:13:25Z"/>
  <testsuite errors="0" failures="0" hostname="fv-az14" name="ds.asMatrix::smk::setup" skipped="0" tests="3" time="5.231" timestamp="2020-10-23T11:13:25Z">
    <testcase classname="ds.asMatrix_smk_setup" name="setup" time="5.22900000000004"/>
    <testcase classname="ds.asMatrix_smk_setup" name="setup" time="0.000999999999976353"/>
    <testcase classname="ds.asMatrix_smk_setup" name="setup" time="0.00100000000020373"/>
  </testsuite>
  <testsuite errors="0" failures="0" hostname="fv-az14" name="ds.asMatrix::smk::simple test" skipped="0" tests="3" time="0.802" timestamp="2020-10-23T11:13:29Z">
    <testcase classname="ds.asMatrix_smk_simple_test" name="simple_test" time="0.799999999999955"/>
    <testcase classname="ds.asMatrix_smk_simple_test" name="simple_test" time="0.000999999999976353"/>
    <testcase classname="ds.asMatrix_smk_simple_test" name="simple_test" time="0.000999999999976353"/>
  </testsuite>
  <testsuite errors="0" failures="0" hostname="fv-az14" name="ds.asMatrix::smk::shutdown" skipped="0" tests="3" time="0.283" timestamp="2020-10-23T11:13:30Z">
    <testcase classname="ds.asMatrix_smk_shutdown" name="shutdown" time="0.279999999999973"/>
    <testcase classname="ds.asMatrix_smk_shutdown" name="shutdown" time="0.00199999999995271"/>
    <testcase classname="ds.asMatrix_smk_shutdown" name="shutdown" time="0.000999999999976353"/>
  </testsuite>
  <testsuite errors="0" failures="0" hostname="fv-az14" name="ds.asMatrix::smk::done" skipped="0" tests="0" time="0" timestamp="2020-10-23T11:13:31Z"/>
  <testsuite errors="0" failures="0" hostname="fv-az14" name="ds.asNumeric::smk::setup" skipped="0" tests="3" time="5.23" timestamp="2020-10-23T11:13:31Z">
    <testcase classname="ds.asNumeric_smk_setup" name="setup" time="5.22700000000009"/>
    <testcase classname="ds.asNumeric_smk_setup" name="setup" time="0.000999999999976353"/>
    <testcase classname="ds.asNumeric_smk_setup" name="setup" time="0.00199999999995271"/>
  </testsuite>
  <testsuite errors="0" failures="0" hostname="fv-az14" name="ds.asNumeric::smk::simple test" skipped="0" tests="3" time="0.801" timestamp="2020-10-23T11:13:35Z">
    <testcase classname="ds.asNumeric_smk_simple_test" name="simple_test" time="0.798000000000002"/>
    <testcase classname="ds.asNumeric_smk_simple_test" name="simple_test" time="0.00199999999995271"/>
    <testcase classname="ds.asNumeric_smk_simple_test" name="simple_test" time="0.00100000000020373"/>
  </testsuite>
  <testsuite errors="0" failures="0" hostname="fv-az14" name="ds.asNumeric::smk::shutdown" skipped="0" tests="3" time="0.279" timestamp="2020-10-23T11:13:36Z">
    <testcase classname="ds.asNumeric_smk_shutdown" name="shutdown" time="0.27599999999984"/>
    <testcase classname="ds.asNumeric_smk_shutdown" name="shutdown" time="0.000999999999976353"/>
    <testcase classname="ds.asNumeric_smk_shutdown" name="shutdown" time="0.00200000000018008"/>
  </testsuite>
  <testsuite errors="0" failures="0" hostname="fv-az14" name="ds.asNumeric::smk::done" skipped="0" tests="0" time="0" timestamp="2020-10-23T11:13:37Z"/>
  <testsuite errors="0" failures="0" hostname="fv-az14" name="ds.assign::smk::setup" skipped="0" tests="3" time="5.369" timestamp="2020-10-23T11:13:37Z">
    <testcase classname="ds.assign_smk_setup" name="setup" time="5.36599999999999"/>
    <testcase classname="ds.assign_smk_setup" name="setup" time="0.00199999999995271"/>
    <testcase classname="ds.assign_smk_setup" name="setup" time="0.000999999999976353"/>
  </testsuite>
  <testsuite errors="0" failures="0" hostname="fv-az14" name="ds.assign::smk" skipped="0" tests="1" time="0.536" timestamp="2020-10-23T11:13:42Z">
    <testcase classname="ds.assign_smk" name="test_assign" time="0.536000000000058"/>
  </testsuite>
  <testsuite errors="0" failures="0" hostname="fv-az14" name="ds.assign::smk::shutdown" skipped="0" tests="3" time="0.278" timestamp="2020-10-23T11:13:42Z">
    <testcase classname="ds.assign_smk_shutdown" name="shutdown" time="0.274999999999864"/>
    <testcase classname="ds.assign_smk_shutdown" name="shutdown" time="0.000999999999976353"/>
    <testcase classname="ds.assign_smk_shutdown" name="shutdown" time="0.00200000000018008"/>
  </testsuite>
  <testsuite errors="0" failures="0" hostname="fv-az14" name="ds.assign::smk::done" skipped="0" tests="0" time="0" timestamp="2020-10-23T11:13:43Z"/>
  <testsuite errors="0" failures="0" hostname="fv-az14" name="ds.Boole::smk::setup" skipped="0" tests="3" time="5.252" timestamp="2020-10-23T11:13:43Z">
    <testcase classname="ds.Boole_smk_setup" name="setup" time="5.24900000000002"/>
    <testcase classname="ds.Boole_smk_setup" name="setup" time="0.00199999999995271"/>
    <testcase classname="ds.Boole_smk_setup" name="setup" time="0.000999999999976353"/>
  </testsuite>
  <testsuite errors="0" failures="0" hostname="fv-az14" name="ds.Boole::smk" skipped="0" tests="3" time="1.054" timestamp="2020-10-23T11:13:48Z">
    <testcase classname="ds.Boole_smk" name="simple_boole" time="1.05099999999993"/>
    <testcase classname="ds.Boole_smk" name="simple_boole" time="0.00199999999995271"/>
    <testcase classname="ds.Boole_smk" name="simple_boole" time="0.000999999999976353"/>
  </testsuite>
  <testsuite errors="0" failures="0" hostname="fv-az14" name="ds.Boole::smk::shutdown" skipped="0" tests="3" time="0.275" timestamp="2020-10-23T11:13:49Z">
    <testcase classname="ds.Boole_smk_shutdown" name="shutdown" time="0.273000000000138"/>
    <testcase classname="ds.Boole_smk_shutdown" name="shutdown" time="0.000999999999976353"/>
    <testcase classname="ds.Boole_smk_shutdown" name="shutdown" time="0.000999999999976353"/>
  </testsuite>
  <testsuite errors="0" failures="0" hostname="fv-az14" name="ds.Boole::smk::done" skipped="0" tests="0" time="0" timestamp="2020-10-23T11:13:50Z"/>
  <testsuite errors="0" failures="0" hostname="fv-az14" name="ds.cbind::smk::setup" skipped="0" tests="3" time="5.176" timestamp="2020-10-23T11:13:50Z">
    <testcase classname="ds.cbind_smk_setup" name="setup" time="5.17399999999998"/>
    <testcase classname="ds.cbind_smk_setup" name="setup" time="0.000999999999976353"/>
    <testcase classname="ds.cbind_smk_setup" name="setup" time="0.000999999999976353"/>
  </testsuite>
  <testsuite errors="0" failures="0" hostname="fv-az14" name="ds.cbind::smk::from dataframe variables" skipped="0" tests="34" time="6.223" timestamp="2020-10-23T11:13:54Z">
    <testcase classname="ds.cbind_smk_from_dataframe_variables" name="simple_test_from_dataframe_variables" time="4.13700000000017"/>
    <testcase classname="ds.cbind_smk_from_dataframe_variables" name="simple_test_from_dataframe_variables" time="0.00199999999995271"/>
    <testcase classname="ds.cbind_smk_from_dataframe_variables" name="simple_test_from_dataframe_variables" time="0.54099999999994"/>
    <testcase classname="ds.cbind_smk_from_dataframe_variables" name="simple_test_from_dataframe_variables" time="0.000999999999976353"/>
    <testcase classname="ds.cbind_smk_from_dataframe_variables" name="simple_test_from_dataframe_variables" time="0.000999999999976353"/>
    <testcase classname="ds.cbind_smk_from_dataframe_variables" name="simple_test_from_dataframe_variables" time="0.274000000000115"/>
    <testcase classname="ds.cbind_smk_from_dataframe_variables" name="simple_test_from_dataframe_variables" time="0.000999999999976353"/>
    <testcase classname="ds.cbind_smk_from_dataframe_variables" name="simple_test_from_dataframe_variables" time="0.00199999999995271"/>
    <testcase classname="ds.cbind_smk_from_dataframe_variables" name="simple_test_from_dataframe_variables" time="0.000999999999976353"/>
    <testcase classname="ds.cbind_smk_from_dataframe_variables" name="simple_test_from_dataframe_variables" time="0.000999999999976353"/>
    <testcase classname="ds.cbind_smk_from_dataframe_variables" name="simple_test_from_dataframe_variables" time="0.00200000000018008"/>
    <testcase classname="ds.cbind_smk_from_dataframe_variables" name="simple_test_from_dataframe_variables" time="0.000999999999976353"/>
    <testcase classname="ds.cbind_smk_from_dataframe_variables" name="simple_test_from_dataframe_variables" time="0.000999999999976353"/>
    <testcase classname="ds.cbind_smk_from_dataframe_variables" name="simple_test_from_dataframe_variables" time="0.00199999999995271"/>
    <testcase classname="ds.cbind_smk_from_dataframe_variables" name="simple_test_from_dataframe_variables" time="0.000999999999976353"/>
    <testcase classname="ds.cbind_smk_from_dataframe_variables" name="simple_test_from_dataframe_variables" time="0.000999999999976353"/>
    <testcase classname="ds.cbind_smk_from_dataframe_variables" name="simple_test_from_dataframe_variables" time="0.00199999999995271"/>
    <testcase classname="ds.cbind_smk_from_dataframe_variables" name="simple_test_from_dataframe_variables" time="0.000999999999976353"/>
    <testcase classname="ds.cbind_smk_from_dataframe_variables" name="simple_test_from_dataframe_variables" time="1.22700000000009"/>
    <testcase classname="ds.cbind_smk_from_dataframe_variables" name="simple_test_from_dataframe_variables" time="0.00199999999995271"/>
    <testcase classname="ds.cbind_smk_from_dataframe_variables" name="simple_test_from_dataframe_variables" time="0.000999999999976353"/>
    <testcase classname="ds.cbind_smk_from_dataframe_variables" name="simple_test_from_dataframe_variables" time="0.00200000000018008"/>
    <testcase classname="ds.cbind_smk_from_dataframe_variables" name="simple_test_from_dataframe_variables" time="0.000999999999976353"/>
    <testcase classname="ds.cbind_smk_from_dataframe_variables" name="simple_test_from_dataframe_variables" time="0.00199999999995271"/>
    <testcase classname="ds.cbind_smk_from_dataframe_variables" name="simple_test_from_dataframe_variables" time="0.000999999999976353"/>
    <testcase classname="ds.cbind_smk_from_dataframe_variables" name="simple_test_from_dataframe_variables" time="0.000999999999976353"/>
    <testcase classname="ds.cbind_smk_from_dataframe_variables" name="simple_test_from_dataframe_variables" time="0.00199999999995271"/>
    <testcase classname="ds.cbind_smk_from_dataframe_variables" name="simple_test_from_dataframe_variables" time="0.00200000000018008"/>
    <testcase classname="ds.cbind_smk_from_dataframe_variables" name="simple_test_from_dataframe_variables" time="0.00199999999995271"/>
    <testcase classname="ds.cbind_smk_from_dataframe_variables" name="simple_test_from_dataframe_variables" time="0.000999999999976353"/>
    <testcase classname="ds.cbind_smk_from_dataframe_variables" name="simple_test_from_dataframe_variables" time="0.00199999999995271"/>
    <testcase classname="ds.cbind_smk_from_dataframe_variables" name="simple_test_from_dataframe_variables" time="0.00199999999995271"/>
    <testcase classname="ds.cbind_smk_from_dataframe_variables" name="simple_test_from_dataframe_variables" time="0.000999999999976353"/>
    <testcase classname="ds.cbind_smk_from_dataframe_variables" name="simple_test_from_dataframe_variables" time="0.00200000000018008"/>
  </testsuite>
  <testsuite errors="0" failures="0" hostname="fv-az14" name="ds.cbind::smk::from root variables" skipped="0" tests="34" time="9.919" timestamp="2020-10-23T11:14:01Z">
    <testcase classname="ds.cbind_smk_from_root_variables" name="simple_test_from_root_variables" time="6.79399999999987"/>
    <testcase classname="ds.cbind_smk_from_root_variables" name="simple_test_from_root_variables" time="0.000999999999976353"/>
    <testcase classname="ds.cbind_smk_from_root_variables" name="simple_test_from_root_variables" time="1.5920000000001"/>
    <testcase classname="ds.cbind_smk_from_root_variables" name="simple_test_from_root_variables" time="0.00199999999995271"/>
    <testcase classname="ds.cbind_smk_from_root_variables" name="simple_test_from_root_variables" time="0.000999999999976353"/>
    <testcase classname="ds.cbind_smk_from_root_variables" name="simple_test_from_root_variables" time="0.275000000000091"/>
    <testcase classname="ds.cbind_smk_from_root_variables" name="simple_test_from_root_variables" time="0.000999999999976353"/>
    <testcase classname="ds.cbind_smk_from_root_variables" name="simple_test_from_root_variables" time="0.00199999999995271"/>
    <testcase classname="ds.cbind_smk_from_root_variables" name="simple_test_from_root_variables" time="0.000999999999976353"/>
    <testcase classname="ds.cbind_smk_from_root_variables" name="simple_test_from_root_variables" time="0.000999999999976353"/>
    <testcase classname="ds.cbind_smk_from_root_variables" name="simple_test_from_root_variables" time="0.00199999999995271"/>
    <testcase classname="ds.cbind_smk_from_root_variables" name="simple_test_from_root_variables" time="0.00100000000020373"/>
    <testcase classname="ds.cbind_smk_from_root_variables" name="simple_test_from_root_variables" time="0.000999999999976353"/>
    <testcase classname="ds.cbind_smk_from_root_variables" name="simple_test_from_root_variables" time="0.00199999999995271"/>
    <testcase classname="ds.cbind_smk_from_root_variables" name="simple_test_from_root_variables" time="0.000999999999976353"/>
    <testcase classname="ds.cbind_smk_from_root_variables" name="simple_test_from_root_variables" time="0.00199999999995271"/>
    <testcase classname="ds.cbind_smk_from_root_variables" name="simple_test_from_root_variables" time="0.000999999999976353"/>
    <testcase classname="ds.cbind_smk_from_root_variables" name="simple_test_from_root_variables" time="0.00199999999995271"/>
    <testcase classname="ds.cbind_smk_from_root_variables" name="simple_test_from_root_variables" time="1.21400000000017"/>
    <testcase classname="ds.cbind_smk_from_root_variables" name="simple_test_from_root_variables" time="0.00199999999995271"/>
    <testcase classname="ds.cbind_smk_from_root_variables" name="simple_test_from_root_variables" time="0.000999999999976353"/>
    <testcase classname="ds.cbind_smk_from_root_variables" name="simple_test_from_root_variables" time="0.00199999999995271"/>
    <testcase classname="ds.cbind_smk_from_root_variables" name="simple_test_from_root_variables" time="0.000999999999976353"/>
    <testcase classname="ds.cbind_smk_from_root_variables" name="simple_test_from_root_variables" time="0.00200000000018008"/>
    <testcase classname="ds.cbind_smk_from_root_variables" name="simple_test_from_root_variables" time="0.000999999999976353"/>
    <testcase classname="ds.cbind_smk_from_root_variables" name="simple_test_from_root_variables" time="0.000999999999976353"/>
    <testcase classname="ds.cbind_smk_from_root_variables" name="simple_test_from_root_variables" time="0.00199999999995271"/>
    <testcase classname="ds.cbind_smk_from_root_variables" name="simple_test_from_root_variables" time="0.000999999999976353"/>
    <testcase classname="ds.cbind_smk_from_root_variables" name="simple_test_from_root_variables" time="0.00199999999995271"/>
    <testcase classname="ds.cbind_smk_from_root_variables" name="simple_test_from_root_variables" time="0.000999999999976353"/>
    <testcase classname="ds.cbind_smk_from_root_variables" name="simple_test_from_root_variables" time="0.00200000000018008"/>
    <testcase classname="ds.cbind_smk_from_root_variables" name="simple_test_from_root_variables" time="0.000999999999976353"/>
    <testcase classname="ds.cbind_smk_from_root_variables" name="simple_test_from_root_variables" time="0.00199999999995271"/>
    <testcase classname="ds.cbind_smk_from_root_variables" name="simple_test_from_root_variables" time="0.00199999999995271"/>
  </testsuite>
  <testsuite errors="0" failures="0" hostname="fv-az14" name="ds.cbind::smk::from dataframe variables, DataSHIELD.check=TRUE" skipped="0" tests="34" time="29.571" timestamp="2020-10-23T11:14:11Z">
    <testcase classname="ds.cbind_smk_from_dataframe_variables_DataSHIELD.check_TRUE" name="simple_test_from_dataframe_variables_DataSHIELD.check_TRUE" time="27.5029999999999"/>
    <testcase classname="ds.cbind_smk_from_dataframe_variables_DataSHIELD.check_TRUE" name="simple_test_from_dataframe_variables_DataSHIELD.check_TRUE" time="0.00200000000018008"/>
    <testcase classname="ds.cbind_smk_from_dataframe_variables_DataSHIELD.check_TRUE" name="simple_test_from_dataframe_variables_DataSHIELD.check_TRUE" time="0.526999999999816"/>
    <testcase classname="ds.cbind_smk_from_dataframe_variables_DataSHIELD.check_TRUE" name="simple_test_from_dataframe_variables_DataSHIELD.check_TRUE" time="0.00100000000020373"/>
    <testcase classname="ds.cbind_smk_from_dataframe_variables_DataSHIELD.check_TRUE" name="simple_test_from_dataframe_variables_DataSHIELD.check_TRUE" time="0.000999999999976353"/>
    <testcase classname="ds.cbind_smk_from_dataframe_variables_DataSHIELD.check_TRUE" name="simple_test_from_dataframe_variables_DataSHIELD.check_TRUE" time="0.274999999999864"/>
    <testcase classname="ds.cbind_smk_from_dataframe_variables_DataSHIELD.check_TRUE" name="simple_test_from_dataframe_variables_DataSHIELD.check_TRUE" time="0.00199999999995271"/>
    <testcase classname="ds.cbind_smk_from_dataframe_variables_DataSHIELD.check_TRUE" name="simple_test_from_dataframe_variables_DataSHIELD.check_TRUE" time="0.00100000000020373"/>
    <testcase classname="ds.cbind_smk_from_dataframe_variables_DataSHIELD.check_TRUE" name="simple_test_from_dataframe_variables_DataSHIELD.check_TRUE" time="0.000999999999976353"/>
    <testcase classname="ds.cbind_smk_from_dataframe_variables_DataSHIELD.check_TRUE" name="simple_test_from_dataframe_variables_DataSHIELD.check_TRUE" time="0.000999999999976353"/>
    <testcase classname="ds.cbind_smk_from_dataframe_variables_DataSHIELD.check_TRUE" name="simple_test_from_dataframe_variables_DataSHIELD.check_TRUE" time="0.00199999999995271"/>
    <testcase classname="ds.cbind_smk_from_dataframe_variables_DataSHIELD.check_TRUE" name="simple_test_from_dataframe_variables_DataSHIELD.check_TRUE" time="0.000999999999976353"/>
    <testcase classname="ds.cbind_smk_from_dataframe_variables_DataSHIELD.check_TRUE" name="simple_test_from_dataframe_variables_DataSHIELD.check_TRUE" time="0.000999999999976353"/>
    <testcase classname="ds.cbind_smk_from_dataframe_variables_DataSHIELD.check_TRUE" name="simple_test_from_dataframe_variables_DataSHIELD.check_TRUE" time="0.00199999999995271"/>
    <testcase classname="ds.cbind_smk_from_dataframe_variables_DataSHIELD.check_TRUE" name="simple_test_from_dataframe_variables_DataSHIELD.check_TRUE" time="0.00100000000020373"/>
    <testcase classname="ds.cbind_smk_from_dataframe_variables_DataSHIELD.check_TRUE" name="simple_test_from_dataframe_variables_DataSHIELD.check_TRUE" time="0.000999999999976353"/>
    <testcase classname="ds.cbind_smk_from_dataframe_variables_DataSHIELD.check_TRUE" name="simple_test_from_dataframe_variables_DataSHIELD.check_TRUE" time="0.00199999999995271"/>
    <testcase classname="ds.cbind_smk_from_dataframe_variables_DataSHIELD.check_TRUE" name="simple_test_from_dataframe_variables_DataSHIELD.check_TRUE" time="0.000999999999976353"/>
    <testcase classname="ds.cbind_smk_from_dataframe_variables_DataSHIELD.check_TRUE" name="simple_test_from_dataframe_variables_DataSHIELD.check_TRUE" time="1.22399999999993"/>
    <testcase classname="ds.cbind_smk_from_dataframe_variables_DataSHIELD.check_TRUE" name="simple_test_from_dataframe_variables_DataSHIELD.check_TRUE" time="0.00199999999995271"/>
    <testcase classname="ds.cbind_smk_from_dataframe_variables_DataSHIELD.check_TRUE" name="simple_test_from_dataframe_variables_DataSHIELD.check_TRUE" time="0.00100000000020373"/>
    <testcase classname="ds.cbind_smk_from_dataframe_variables_DataSHIELD.check_TRUE" name="simple_test_from_dataframe_variables_DataSHIELD.check_TRUE" time="0.000999999999976353"/>
    <testcase classname="ds.cbind_smk_from_dataframe_variables_DataSHIELD.check_TRUE" name="simple_test_from_dataframe_variables_DataSHIELD.check_TRUE" time="0.00199999999995271"/>
    <testcase classname="ds.cbind_smk_from_dataframe_variables_DataSHIELD.check_TRUE" name="simple_test_from_dataframe_variables_DataSHIELD.check_TRUE" time="0.000999999999976353"/>
    <testcase classname="ds.cbind_smk_from_dataframe_variables_DataSHIELD.check_TRUE" name="simple_test_from_dataframe_variables_DataSHIELD.check_TRUE" time="0.00199999999995271"/>
    <testcase classname="ds.cbind_smk_from_dataframe_variables_DataSHIELD.check_TRUE" name="simple_test_from_dataframe_variables_DataSHIELD.check_TRUE" time="0.000999999999976353"/>
    <testcase classname="ds.cbind_smk_from_dataframe_variables_DataSHIELD.check_TRUE" name="simple_test_from_dataframe_variables_DataSHIELD.check_TRUE" time="0.000999999999976353"/>
    <testcase classname="ds.cbind_smk_from_dataframe_variables_DataSHIELD.check_TRUE" name="simple_test_from_dataframe_variables_DataSHIELD.check_TRUE" time="0.00200000000018008"/>
    <testcase classname="ds.cbind_smk_from_dataframe_variables_DataSHIELD.check_TRUE" name="simple_test_from_dataframe_variables_DataSHIELD.check_TRUE" time="0.000999999999976353"/>
    <testcase classname="ds.cbind_smk_from_dataframe_variables_DataSHIELD.check_TRUE" name="simple_test_from_dataframe_variables_DataSHIELD.check_TRUE" time="0.00199999999995271"/>
    <testcase classname="ds.cbind_smk_from_dataframe_variables_DataSHIELD.check_TRUE" name="simple_test_from_dataframe_variables_DataSHIELD.check_TRUE" time="0.000999999999976353"/>
    <testcase classname="ds.cbind_smk_from_dataframe_variables_DataSHIELD.check_TRUE" name="simple_test_from_dataframe_variables_DataSHIELD.check_TRUE" time="0.00199999999995271"/>
    <testcase classname="ds.cbind_smk_from_dataframe_variables_DataSHIELD.check_TRUE" name="simple_test_from_dataframe_variables_DataSHIELD.check_TRUE" time="0.000999999999976353"/>
    <testcase classname="ds.cbind_smk_from_dataframe_variables_DataSHIELD.check_TRUE" name="simple_test_from_dataframe_variables_DataSHIELD.check_TRUE" time="0.00200000000018008"/>
  </testsuite>
  <testsuite errors="0" failures="0" hostname="fv-az14" name="ds.cbind::smk::from root variables, DataSHIELD.check=TRUE" skipped="0" tests="34" time="32.798" timestamp="2020-10-23T11:14:40Z">
    <testcase classname="ds.cbind_smk_from_root_variables_DataSHIELD.check_TRUE" name="simple_test_from_root_variables_DataSHIELD.check_TRUE" time="29.673"/>
    <testcase classname="ds.cbind_smk_from_root_variables_DataSHIELD.check_TRUE" name="simple_test_from_root_variables_DataSHIELD.check_TRUE" time="0.00199999999995271"/>
    <testcase classname="ds.cbind_smk_from_root_variables_DataSHIELD.check_TRUE" name="simple_test_from_root_variables_DataSHIELD.check_TRUE" time="1.58600000000001"/>
    <testcase classname="ds.cbind_smk_from_root_variables_DataSHIELD.check_TRUE" name="simple_test_from_root_variables_DataSHIELD.check_TRUE" time="0.000999999999976353"/>
    <testcase classname="ds.cbind_smk_from_root_variables_DataSHIELD.check_TRUE" name="simple_test_from_root_variables_DataSHIELD.check_TRUE" time="0.000999999999976353"/>
    <testcase classname="ds.cbind_smk_from_root_variables_DataSHIELD.check_TRUE" name="simple_test_from_root_variables_DataSHIELD.check_TRUE" time="0.27800000000002"/>
    <testcase classname="ds.cbind_smk_from_root_variables_DataSHIELD.check_TRUE" name="simple_test_from_root_variables_DataSHIELD.check_TRUE" time="0.000999999999976353"/>
    <testcase classname="ds.cbind_smk_from_root_variables_DataSHIELD.check_TRUE" name="simple_test_from_root_variables_DataSHIELD.check_TRUE" time="0.000999999999976353"/>
    <testcase classname="ds.cbind_smk_from_root_variables_DataSHIELD.check_TRUE" name="simple_test_from_root_variables_DataSHIELD.check_TRUE" time="0.00199999999995271"/>
    <testcase classname="ds.cbind_smk_from_root_variables_DataSHIELD.check_TRUE" name="simple_test_from_root_variables_DataSHIELD.check_TRUE" time="0.000999999999976353"/>
    <testcase classname="ds.cbind_smk_from_root_variables_DataSHIELD.check_TRUE" name="simple_test_from_root_variables_DataSHIELD.check_TRUE" time="0.00100000000020373"/>
    <testcase classname="ds.cbind_smk_from_root_variables_DataSHIELD.check_TRUE" name="simple_test_from_root_variables_DataSHIELD.check_TRUE" time="0.00199999999995271"/>
    <testcase classname="ds.cbind_smk_from_root_variables_DataSHIELD.check_TRUE" name="simple_test_from_root_variables_DataSHIELD.check_TRUE" time="0.000999999999976353"/>
    <testcase classname="ds.cbind_smk_from_root_variables_DataSHIELD.check_TRUE" name="simple_test_from_root_variables_DataSHIELD.check_TRUE" time="0.00199999999995271"/>
    <testcase classname="ds.cbind_smk_from_root_variables_DataSHIELD.check_TRUE" name="simple_test_from_root_variables_DataSHIELD.check_TRUE" time="0.000999999999976353"/>
    <testcase classname="ds.cbind_smk_from_root_variables_DataSHIELD.check_TRUE" name="simple_test_from_root_variables_DataSHIELD.check_TRUE" time="0.000999999999976353"/>
    <testcase classname="ds.cbind_smk_from_root_variables_DataSHIELD.check_TRUE" name="simple_test_from_root_variables_DataSHIELD.check_TRUE" time="0.00199999999995271"/>
    <testcase classname="ds.cbind_smk_from_root_variables_DataSHIELD.check_TRUE" name="simple_test_from_root_variables_DataSHIELD.check_TRUE" time="0.00100000000020373"/>
    <testcase classname="ds.cbind_smk_from_root_variables_DataSHIELD.check_TRUE" name="simple_test_from_root_variables_DataSHIELD.check_TRUE" time="1.21899999999982"/>
    <testcase classname="ds.cbind_smk_from_root_variables_DataSHIELD.check_TRUE" name="simple_test_from_root_variables_DataSHIELD.check_TRUE" time="0.00200000000018008"/>
    <testcase classname="ds.cbind_smk_from_root_variables_DataSHIELD.check_TRUE" name="simple_test_from_root_variables_DataSHIELD.check_TRUE" time="0.000999999999976353"/>
    <testcase classname="ds.cbind_smk_from_root_variables_DataSHIELD.check_TRUE" name="simple_test_from_root_variables_DataSHIELD.check_TRUE" time="0.000999999999976353"/>
    <testcase classname="ds.cbind_smk_from_root_variables_DataSHIELD.check_TRUE" name="simple_test_from_root_variables_DataSHIELD.check_TRUE" time="0.00199999999995271"/>
    <testcase classname="ds.cbind_smk_from_root_variables_DataSHIELD.check_TRUE" name="simple_test_from_root_variables_DataSHIELD.check_TRUE" time="0.000999999999976353"/>
    <testcase classname="ds.cbind_smk_from_root_variables_DataSHIELD.check_TRUE" name="simple_test_from_root_variables_DataSHIELD.check_TRUE" time="0.00199999999995271"/>
    <testcase classname="ds.cbind_smk_from_root_variables_DataSHIELD.check_TRUE" name="simple_test_from_root_variables_DataSHIELD.check_TRUE" time="0.000999999999976353"/>
    <testcase classname="ds.cbind_smk_from_root_variables_DataSHIELD.check_TRUE" name="simple_test_from_root_variables_DataSHIELD.check_TRUE" time="0.00200000000018008"/>
    <testcase classname="ds.cbind_smk_from_root_variables_DataSHIELD.check_TRUE" name="simple_test_from_root_variables_DataSHIELD.check_TRUE" time="0.000999999999976353"/>
    <testcase classname="ds.cbind_smk_from_root_variables_DataSHIELD.check_TRUE" name="simple_test_from_root_variables_DataSHIELD.check_TRUE" time="0.00199999999995271"/>
    <testcase classname="ds.cbind_smk_from_root_variables_DataSHIELD.check_TRUE" name="simple_test_from_root_variables_DataSHIELD.check_TRUE" time="0.000999999999976353"/>
    <testcase classname="ds.cbind_smk_from_root_variables_DataSHIELD.check_TRUE" name="simple_test_from_root_variables_DataSHIELD.check_TRUE" time="0.00199999999995271"/>
    <testcase classname="ds.cbind_smk_from_root_variables_DataSHIELD.check_TRUE" name="simple_test_from_root_variables_DataSHIELD.check_TRUE" time="0.000999999999976353"/>
    <testcase classname="ds.cbind_smk_from_root_variables_DataSHIELD.check_TRUE" name="simple_test_from_root_variables_DataSHIELD.check_TRUE" time="0.00200000000018008"/>
    <testcase classname="ds.cbind_smk_from_root_variables_DataSHIELD.check_TRUE" name="simple_test_from_root_variables_DataSHIELD.check_TRUE" time="0.000999999999976353"/>
  </testsuite>
  <testsuite errors="0" failures="0" hostname="fv-az14" name="ds.cbind::smk::shutdown" skipped="0" tests="3" time="0.55" timestamp="2020-10-23T11:15:13Z">
    <testcase classname="ds.cbind_smk_shutdown" name="setup" time="0.548000000000002"/>
    <testcase classname="ds.cbind_smk_shutdown" name="setup" time="0.000999999999976353"/>
    <testcase classname="ds.cbind_smk_shutdown" name="setup" time="0.000999999999976353"/>
  </testsuite>
  <testsuite errors="0" failures="0" hostname="fv-az14" name="ds.cbind::smk::done" skipped="0" tests="0" time="0" timestamp="2020-10-23T11:15:14Z"/>
  <testsuite errors="0" failures="0" hostname="fv-az14" name="ds.changeRefGroup::smk::setup" skipped="0" tests="3" time="5.174" timestamp="2020-10-23T11:15:14Z">
    <testcase classname="ds.changeRefGroup_smk_setup" name="setup" time="5.17200000000003"/>
    <testcase classname="ds.changeRefGroup_smk_setup" name="setup" time="0.000999999999976353"/>
    <testcase classname="ds.changeRefGroup_smk_setup" name="setup" time="0.000999999999976353"/>
  </testsuite>
  <testsuite errors="0" failures="0" hostname="fv-az14" name="ds.changeRefGroup::smk" skipped="0" tests="31" time="5.016" timestamp="2020-10-23T11:15:19Z">
    <testcase classname="ds.changeRefGroup_smk" name="simple_changeRefGroup" time="0.00700000000006185"/>
    <testcase classname="ds.changeRefGroup_smk" name="simple_changeRefGroup" time="4.97000000000003"/>
    <testcase classname="ds.changeRefGroup_smk" name="simple_changeRefGroup" time="0.00199999999995271"/>
    <testcase classname="ds.changeRefGroup_smk" name="simple_changeRefGroup" time="0.000999999999976353"/>
    <testcase classname="ds.changeRefGroup_smk" name="simple_changeRefGroup" time="0.000999999999976353"/>
    <testcase classname="ds.changeRefGroup_smk" name="simple_changeRefGroup" time="0.000999999999976353"/>
    <testcase classname="ds.changeRefGroup_smk" name="simple_changeRefGroup" time="0.000999999999976353"/>
    <testcase classname="ds.changeRefGroup_smk" name="simple_changeRefGroup" time="0.000999999999976353"/>
    <testcase classname="ds.changeRefGroup_smk" name="simple_changeRefGroup" time="0.000999999999976353"/>
    <testcase classname="ds.changeRefGroup_smk" name="simple_changeRefGroup" time="0.00200000000018008"/>
    <testcase classname="ds.changeRefGroup_smk" name="simple_changeRefGroup" time="0.000999999999976353"/>
    <testcase classname="ds.changeRefGroup_smk" name="simple_changeRefGroup" time="0.000999999999976353"/>
    <testcase classname="ds.changeRefGroup_smk" name="simple_changeRefGroup" time="0.000999999999976353"/>
    <testcase classname="ds.changeRefGroup_smk" name="simple_changeRefGroup" time="0.000999999999976353"/>
    <testcase classname="ds.changeRefGroup_smk" name="simple_changeRefGroup" time="0.000999999999976353"/>
    <testcase classname="ds.changeRefGroup_smk" name="simple_changeRefGroup" time="0.00199999999995271"/>
    <testcase classname="ds.changeRefGroup_smk" name="simple_changeRefGroup" time="0.00200000000018008"/>
    <testcase classname="ds.changeRefGroup_smk" name="simple_changeRefGroup" time="0.000999999999976353"/>
    <testcase classname="ds.changeRefGroup_smk" name="simple_changeRefGroup" time="0.00199999999995271"/>
    <testcase classname="ds.changeRefGroup_smk" name="simple_changeRefGroup" time="0.000999999999976353"/>
    <testcase classname="ds.changeRefGroup_smk" name="simple_changeRefGroup" time="0.000999999999976353"/>
    <testcase classname="ds.changeRefGroup_smk" name="simple_changeRefGroup" time="0.00199999999995271"/>
    <testcase classname="ds.changeRefGroup_smk" name="simple_changeRefGroup" time="0.000999999999976353"/>
    <testcase classname="ds.changeRefGroup_smk" name="simple_changeRefGroup" time="0.00200000000018008"/>
    <testcase classname="ds.changeRefGroup_smk" name="simple_changeRefGroup" time="0.000999999999976353"/>
    <testcase classname="ds.changeRefGroup_smk" name="simple_changeRefGroup" time="0.00199999999995271"/>
    <testcase classname="ds.changeRefGroup_smk" name="simple_changeRefGroup" time="0.000999999999976353"/>
    <testcase classname="ds.changeRefGroup_smk" name="simple_changeRefGroup" time="0.00199999999995271"/>
    <testcase classname="ds.changeRefGroup_smk" name="simple_changeRefGroup" time="0.000999999999976353"/>
    <testcase classname="ds.changeRefGroup_smk" name="simple_changeRefGroup" time="0.00200000000018008"/>
    <testcase classname="ds.changeRefGroup_smk" name="simple_changeRefGroup" time="0.000999999999976353"/>
  </testsuite>
  <testsuite errors="0" failures="0" hostname="fv-az14" name="ds.changeRefGroup::smk::shutdown" skipped="0" tests="3" time="0.284" timestamp="2020-10-23T11:15:24Z">
    <testcase classname="ds.changeRefGroup_smk_shutdown" name="shutdown" time="0.280999999999949"/>
    <testcase classname="ds.changeRefGroup_smk_shutdown" name="shutdown" time="0.000999999999976353"/>
    <testcase classname="ds.changeRefGroup_smk_shutdown" name="shutdown" time="0.00199999999995271"/>
  </testsuite>
  <testsuite errors="0" failures="0" hostname="fv-az14" name="ds.changeRefGroup::smk::done" skipped="0" tests="0" time="0" timestamp="2020-10-23T11:15:25Z"/>
  <testsuite errors="0" failures="0" hostname="fv-az14" name="ds.class::smk::setup" skipped="0" tests="3" time="5.284" timestamp="2020-10-23T11:15:25Z">
    <testcase classname="ds.class_smk_setup" name="setup" time="5.28200000000015"/>
    <testcase classname="ds.class_smk_setup" name="setup" time="0.000999999999976353"/>
    <testcase classname="ds.class_smk_setup" name="setup" time="0.000999999999976353"/>
  </testsuite>
  <testsuite errors="0" failures="0" hostname="fv-az14" name="ds.class::smk" skipped="0" tests="14" time="1.089" timestamp="2020-10-23T11:15:29Z">
    <testcase classname="ds.class_smk" name="simple_class" time="0.537000000000035"/>
    <testcase classname="ds.class_smk" name="simple_class" time="0.000999999999976353"/>
    <testcase classname="ds.class_smk" name="simple_class" time="0.000999999999976353"/>
    <testcase classname="ds.class_smk" name="simple_class" time="0.000999999999976353"/>
    <testcase classname="ds.class_smk" name="simple_class" time="0.000999999999976353"/>
    <testcase classname="ds.class_smk" name="simple_class" time="0.000999999999976353"/>
    <testcase classname="ds.class_smk" name="simple_class" time="0.00199999999995271"/>
    <testcase classname="ds.class_smk" name="simple_class" time="0.537000000000035"/>
    <testcase classname="ds.class_smk" name="simple_class" time="0.00199999999995271"/>
    <testcase classname="ds.class_smk" name="simple_class" time="0.000999999999976353"/>
    <testcase classname="ds.class_smk" name="simple_class" time="0.00100000000020373"/>
    <testcase classname="ds.class_smk" name="simple_class" time="0.00199999999995271"/>
    <testcase classname="ds.class_smk" name="simple_class" time="0.000999999999976353"/>
    <testcase classname="ds.class_smk" name="simple_class" time="0.000999999999976353"/>
  </testsuite>
  <testsuite errors="0" failures="0" hostname="fv-az14" name="ds.class::smk::shutdown" skipped="0" tests="3" time="0.28" timestamp="2020-10-23T11:15:30Z">
    <testcase classname="ds.class_smk_shutdown" name="shutdown" time="0.27800000000002"/>
    <testcase classname="ds.class_smk_shutdown" name="shutdown" time="0.000999999999976353"/>
    <testcase classname="ds.class_smk_shutdown" name="shutdown" time="0.000999999999976353"/>
  </testsuite>
  <testsuite errors="0" failures="0" hostname="fv-az14" name="ds.class::smk::done" skipped="0" tests="0" time="0" timestamp="2020-10-23T11:15:31Z"/>
  <testsuite errors="0" failures="0" hostname="fv-az14" name="ds.colnames::smk::setup" skipped="0" tests="3" time="5.238" timestamp="2020-10-23T11:15:31Z">
    <testcase classname="ds.colnames_smk_setup" name="setup" time="5.2360000000001"/>
    <testcase classname="ds.colnames_smk_setup" name="setup" time="0.000999999999976353"/>
    <testcase classname="ds.colnames_smk_setup" name="setup" time="0.000999999999976353"/>
  </testsuite>
  <testsuite errors="0" failures="0" hostname="fv-az14" name="ds.colnames::smk" skipped="0" tests="10" time="3.912" timestamp="2020-10-23T11:15:36Z">
    <testcase classname="ds.colnames_smk" name="simple_colnames" time="3.90200000000004"/>
    <testcase classname="ds.colnames_smk" name="simple_colnames" time="0.000999999999976353"/>
    <testcase classname="ds.colnames_smk" name="simple_colnames" time="0.000999999999976353"/>
    <testcase classname="ds.colnames_smk" name="simple_colnames" time="0.000999999999976353"/>
    <testcase classname="ds.colnames_smk" name="simple_colnames" time="0.000999999999976353"/>
    <testcase classname="ds.colnames_smk" name="simple_colnames" time="0.000999999999976353"/>
    <testcase classname="ds.colnames_smk" name="simple_colnames" time="0.000999999999976353"/>
    <testcase classname="ds.colnames_smk" name="simple_colnames" time="0.00200000000018008"/>
    <testcase classname="ds.colnames_smk" name="simple_colnames" time="0.000999999999976353"/>
    <testcase classname="ds.colnames_smk" name="simple_colnames" time="0.000999999999976353"/>
  </testsuite>
  <testsuite errors="0" failures="0" hostname="fv-az14" name="ds.colnames::smk::shutdown" skipped="0" tests="3" time="0.276" timestamp="2020-10-23T11:15:40Z">
    <testcase classname="ds.colnames_smk_shutdown" name="shutdown" time="0.273999999999887"/>
    <testcase classname="ds.colnames_smk_shutdown" name="shutdown" time="0.00200000000018008"/>
    <testcase classname="ds.colnames_smk_shutdown" name="shutdown" time="0"/>
  </testsuite>
  <testsuite errors="0" failures="0" hostname="fv-az14" name="ds.colnames::smk::done" skipped="0" tests="0" time="0" timestamp="2020-10-23T11:15:41Z"/>
  <testsuite errors="0" failures="0" hostname="fv-az14" name="ds.completeCases::smk::setup" skipped="0" tests="3" time="5.365" timestamp="2020-10-23T11:15:41Z">
    <testcase classname="ds.completeCases_smk_setup" name="setup" time="5.36299999999983"/>
    <testcase classname="ds.completeCases_smk_setup" name="setup" time="0.000999999999976353"/>
    <testcase classname="ds.completeCases_smk_setup" name="setup" time="0.00100000000020373"/>
  </testsuite>
  <testsuite errors="0" failures="0" hostname="fv-az14" name="ds.completeCases::smk::data.frame" skipped="0" tests="37" time="11.591" timestamp="2020-10-23T11:15:45Z">
    <testcase classname="ds.completeCases_smk_data.frame" name="completeCases_data.frame" time="9.94399999999996"/>
    <testcase classname="ds.completeCases_smk_data.frame" name="completeCases_data.frame" time="0.000999999999976353"/>
    <testcase classname="ds.completeCases_smk_data.frame" name="completeCases_data.frame" time="0.000999999999976353"/>
    <testcase classname="ds.completeCases_smk_data.frame" name="completeCases_data.frame" time="0.529999999999973"/>
    <testcase classname="ds.completeCases_smk_data.frame" name="completeCases_data.frame" time="0.000999999999976353"/>
    <testcase classname="ds.completeCases_smk_data.frame" name="completeCases_data.frame" time="0.000999999999976353"/>
    <testcase classname="ds.completeCases_smk_data.frame" name="completeCases_data.frame" time="0.00199999999995271"/>
    <testcase classname="ds.completeCases_smk_data.frame" name="completeCases_data.frame" time="0.528999999999996"/>
    <testcase classname="ds.completeCases_smk_data.frame" name="completeCases_data.frame" time="0.00200000000018008"/>
    <testcase classname="ds.completeCases_smk_data.frame" name="completeCases_data.frame" time="0.000999999999976353"/>
    <testcase classname="ds.completeCases_smk_data.frame" name="completeCases_data.frame" time="0.000999999999976353"/>
    <testcase classname="ds.completeCases_smk_data.frame" name="completeCases_data.frame" time="0.273999999999887"/>
    <testcase classname="ds.completeCases_smk_data.frame" name="completeCases_data.frame" time="0.000999999999976353"/>
    <testcase classname="ds.completeCases_smk_data.frame" name="completeCases_data.frame" time="0.00200000000018008"/>
    <testcase classname="ds.completeCases_smk_data.frame" name="completeCases_data.frame" time="0.000999999999976353"/>
    <testcase classname="ds.completeCases_smk_data.frame" name="completeCases_data.frame" time="0.000999999999976353"/>
    <testcase classname="ds.completeCases_smk_data.frame" name="completeCases_data.frame" time="0.000999999999976353"/>
    <testcase classname="ds.completeCases_smk_data.frame" name="completeCases_data.frame" time="0.00199999999995271"/>
    <testcase classname="ds.completeCases_smk_data.frame" name="completeCases_data.frame" time="0.000999999999976353"/>
    <testcase classname="ds.completeCases_smk_data.frame" name="completeCases_data.frame" time="0.000999999999976353"/>
    <testcase classname="ds.completeCases_smk_data.frame" name="completeCases_data.frame" time="0.00200000000018008"/>
    <testcase classname="ds.completeCases_smk_data.frame" name="completeCases_data.frame" time="0.000999999999976353"/>
    <testcase classname="ds.completeCases_smk_data.frame" name="completeCases_data.frame" time="0.00199999999995271"/>
    <testcase classname="ds.completeCases_smk_data.frame" name="completeCases_data.frame" time="0.000999999999976353"/>
    <testcase classname="ds.completeCases_smk_data.frame" name="completeCases_data.frame" time="0.267000000000053"/>
    <testcase classname="ds.completeCases_smk_data.frame" name="completeCases_data.frame" time="0.00199999999995271"/>
    <testcase classname="ds.completeCases_smk_data.frame" name="completeCases_data.frame" time="0.00199999999995271"/>
    <testcase classname="ds.completeCases_smk_data.frame" name="completeCases_data.frame" time="0.000999999999976353"/>
    <testcase classname="ds.completeCases_smk_data.frame" name="completeCases_data.frame" time="0.00100000000020373"/>
    <testcase classname="ds.completeCases_smk_data.frame" name="completeCases_data.frame" time="0.00199999999995271"/>
    <testcase classname="ds.completeCases_smk_data.frame" name="completeCases_data.frame" time="0.00199999999995271"/>
    <testcase classname="ds.completeCases_smk_data.frame" name="completeCases_data.frame" time="0.000999999999976353"/>
    <testcase classname="ds.completeCases_smk_data.frame" name="completeCases_data.frame" time="0.00199999999995271"/>
    <testcase classname="ds.completeCases_smk_data.frame" name="completeCases_data.frame" time="0.00199999999995271"/>
    <testcase classname="ds.completeCases_smk_data.frame" name="completeCases_data.frame" time="0.00200000000018008"/>
    <testcase classname="ds.completeCases_smk_data.frame" name="completeCases_data.frame" time="0.00199999999995271"/>
    <testcase classname="ds.completeCases_smk_data.frame" name="completeCases_data.frame" time="0.00199999999995271"/>
  </testsuite>
  <testsuite errors="0" failures="0" hostname="fv-az14" name="ds.completeCases::smk::matrix" skipped="0" tests="29" time="3.229" timestamp="2020-10-23T11:15:57Z">
    <testcase classname="ds.completeCases_smk_matrix" name="completeCases_matrix" time="1.60400000000004"/>
    <testcase classname="ds.completeCases_smk_matrix" name="completeCases_matrix" time="0.000999999999976353"/>
    <testcase classname="ds.completeCases_smk_matrix" name="completeCases_matrix" time="0.000999999999976353"/>
    <testcase classname="ds.completeCases_smk_matrix" name="completeCases_matrix" time="0.541999999999916"/>
    <testcase classname="ds.completeCases_smk_matrix" name="completeCases_matrix" time="0.000999999999976353"/>
    <testcase classname="ds.completeCases_smk_matrix" name="completeCases_matrix" time="0.000999999999976353"/>
    <testcase classname="ds.completeCases_smk_matrix" name="completeCases_matrix" time="0.000999999999976353"/>
    <testcase classname="ds.completeCases_smk_matrix" name="completeCases_matrix" time="0.526000000000067"/>
    <testcase classname="ds.completeCases_smk_matrix" name="completeCases_matrix" time="0.000999999999976353"/>
    <testcase classname="ds.completeCases_smk_matrix" name="completeCases_matrix" time="0.000999999999976353"/>
    <testcase classname="ds.completeCases_smk_matrix" name="completeCases_matrix" time="0.000999999999976353"/>
    <testcase classname="ds.completeCases_smk_matrix" name="completeCases_matrix" time="0.266000000000076"/>
    <testcase classname="ds.completeCases_smk_matrix" name="completeCases_matrix" time="0.000999999999976353"/>
    <testcase classname="ds.completeCases_smk_matrix" name="completeCases_matrix" time="0.000999999999976353"/>
    <testcase classname="ds.completeCases_smk_matrix" name="completeCases_matrix" time="0.00199999999995271"/>
    <testcase classname="ds.completeCases_smk_matrix" name="completeCases_matrix" time="0.000999999999976353"/>
    <testcase classname="ds.completeCases_smk_matrix" name="completeCases_matrix" time="0.00199999999995271"/>
    <testcase classname="ds.completeCases_smk_matrix" name="completeCases_matrix" time="0.000999999999976353"/>
    <testcase classname="ds.completeCases_smk_matrix" name="completeCases_matrix" time="0.000999999999976353"/>
    <testcase classname="ds.completeCases_smk_matrix" name="completeCases_matrix" time="0.00200000000018008"/>
    <testcase classname="ds.completeCases_smk_matrix" name="completeCases_matrix" time="0.000999999999976353"/>
    <testcase classname="ds.completeCases_smk_matrix" name="completeCases_matrix" time="0.000999999999976353"/>
    <testcase classname="ds.completeCases_smk_matrix" name="completeCases_matrix" time="0.00199999999995271"/>
    <testcase classname="ds.completeCases_smk_matrix" name="completeCases_matrix" time="0.000999999999976353"/>
    <testcase classname="ds.completeCases_smk_matrix" name="completeCases_matrix" time="0.260999999999967"/>
    <testcase classname="ds.completeCases_smk_matrix" name="completeCases_matrix" time="0.00200000000018008"/>
    <testcase classname="ds.completeCases_smk_matrix" name="completeCases_matrix" time="0.000999999999976353"/>
    <testcase classname="ds.completeCases_smk_matrix" name="completeCases_matrix" time="0.00199999999995271"/>
    <testcase classname="ds.completeCases_smk_matrix" name="completeCases_matrix" time="0.000999999999976353"/>
  </testsuite>
  <testsuite errors="0" failures="0" hostname="fv-az14" name="ds.completeCases::smk::vector" skipped="0" tests="21" time="3.956" timestamp="2020-10-23T11:16:00Z">
    <testcase classname="ds.completeCases_smk_vector" name="completeCases_vector" time="2.32300000000009"/>
    <testcase classname="ds.completeCases_smk_vector" name="completeCases_vector" time="0.000999999999976353"/>
    <testcase classname="ds.completeCases_smk_vector" name="completeCases_vector" time="0.00199999999995271"/>
    <testcase classname="ds.completeCases_smk_vector" name="completeCases_vector" time="0.536000000000058"/>
    <testcase classname="ds.completeCases_smk_vector" name="completeCases_vector" time="0.00199999999995271"/>
    <testcase classname="ds.completeCases_smk_vector" name="completeCases_vector" time="0.000999999999976353"/>
    <testcase classname="ds.completeCases_smk_vector" name="completeCases_vector" time="0.00199999999995271"/>
    <testcase classname="ds.completeCases_smk_vector" name="completeCases_vector" time="0.536000000000058"/>
    <testcase classname="ds.completeCases_smk_vector" name="completeCases_vector" time="0.000999999999976353"/>
    <testcase classname="ds.completeCases_smk_vector" name="completeCases_vector" time="0.00199999999995271"/>
    <testcase classname="ds.completeCases_smk_vector" name="completeCases_vector" time="0.000999999999976353"/>
    <testcase classname="ds.completeCases_smk_vector" name="completeCases_vector" time="0.269000000000005"/>
    <testcase classname="ds.completeCases_smk_vector" name="completeCases_vector" time="0.00200000000018008"/>
    <testcase classname="ds.completeCases_smk_vector" name="completeCases_vector" time="0.000999999999976353"/>
    <testcase classname="ds.completeCases_smk_vector" name="completeCases_vector" time="0.00199999999995271"/>
    <testcase classname="ds.completeCases_smk_vector" name="completeCases_vector" time="0.000999999999976353"/>
    <testcase classname="ds.completeCases_smk_vector" name="completeCases_vector" time="0.268000000000029"/>
    <testcase classname="ds.completeCases_smk_vector" name="completeCases_vector" time="0.00199999999995271"/>
    <testcase classname="ds.completeCases_smk_vector" name="completeCases_vector" time="0.000999999999976353"/>
    <testcase classname="ds.completeCases_smk_vector" name="completeCases_vector" time="0.00199999999995271"/>
    <testcase classname="ds.completeCases_smk_vector" name="completeCases_vector" time="0.00100000000020373"/>
  </testsuite>
  <testsuite errors="0" failures="0" hostname="fv-az14" name="ds.completeCases::smk::shutdown" skipped="0" tests="3" time="0.284" timestamp="2020-10-23T11:16:04Z">
    <testcase classname="ds.completeCases_smk_shutdown" name="shutdown" time="0.280999999999949"/>
    <testcase classname="ds.completeCases_smk_shutdown" name="shutdown" time="0.00199999999995271"/>
    <testcase classname="ds.completeCases_smk_shutdown" name="shutdown" time="0.000999999999976353"/>
  </testsuite>
  <testsuite errors="0" failures="0" hostname="fv-az14" name="ds.completeCases::smk::done" skipped="0" tests="0" time="0" timestamp="2020-10-23T11:16:05Z"/>
  <testsuite errors="0" failures="0" hostname="fv-az14" name="ds.cor::smk::setup" skipped="0" tests="3" time="5.253" timestamp="2020-10-23T11:16:05Z">
    <testcase classname="ds.cor_smk_setup" name="setup" time="5.25"/>
    <testcase classname="ds.cor_smk_setup" name="setup" time="0.000999999999976353"/>
    <testcase classname="ds.cor_smk_setup" name="setup" time="0.00199999999995271"/>
  </testsuite>
  <testsuite errors="0" failures="0" hostname="fv-az14" name="ds.cor::smk" skipped="0" tests="56" time="9.049" timestamp="2020-10-23T11:16:10Z">
    <testcase classname="ds.cor_smk" name="simple_test_combine_pairwise.complete" time="2.25999999999999"/>
    <testcase classname="ds.cor_smk" name="simple_test_combine_pairwise.complete" time="0.00200000000018008"/>
    <testcase classname="ds.cor_smk" name="simple_test_combine_pairwise.complete" time="0.000999999999976353"/>
    <testcase classname="ds.cor_smk" name="simple_test_combine_pairwise.complete" time="0.000999999999976353"/>
    <testcase classname="ds.cor_smk" name="simple_test_combine_pairwise.complete" time="0.00199999999995271"/>
    <testcase classname="ds.cor_smk" name="simple_test_combine_pairwise.complete" time="0.000999999999976353"/>
    <testcase classname="ds.cor_smk" name="simple_test_combine_pairwise.complete" time="0.00199999999995271"/>
    <testcase classname="ds.cor_smk" name="simple_test_combine_pairwise.complete" time="0.000999999999976353"/>
    <testcase classname="ds.cor_smk" name="simple_test_combine_pairwise.complete" time="0.00100000000020373"/>
    <testcase classname="ds.cor_smk" name="simple_test_combine_casewise.complete" time="2.24199999999996"/>
    <testcase classname="ds.cor_smk" name="simple_test_combine_casewise.complete" time="0.000999999999976353"/>
    <testcase classname="ds.cor_smk" name="simple_test_combine_casewise.complete" time="0.000999999999976353"/>
    <testcase classname="ds.cor_smk" name="simple_test_combine_casewise.complete" time="0.00199999999995271"/>
    <testcase classname="ds.cor_smk" name="simple_test_combine_casewise.complete" time="0.000999999999976353"/>
    <testcase classname="ds.cor_smk" name="simple_test_combine_casewise.complete" time="0.000999999999976353"/>
    <testcase classname="ds.cor_smk" name="simple_test_combine_casewise.complete" time="0.000999999999976353"/>
    <testcase classname="ds.cor_smk" name="simple_test_combine_casewise.complete" time="0.00200000000018008"/>
    <testcase classname="ds.cor_smk" name="simple_test_combine_casewise.complete" time="0.000999999999976353"/>
    <testcase classname="ds.cor_smk" name="simple_test_split_pairwise.complete" time="2.24299999999994"/>
    <testcase classname="ds.cor_smk" name="simple_test_split_pairwise.complete" time="0.00199999999995271"/>
    <testcase classname="ds.cor_smk" name="simple_test_split_pairwise.complete" time="0.000999999999976353"/>
    <testcase classname="ds.cor_smk" name="simple_test_split_pairwise.complete" time="0.000999999999976353"/>
    <testcase classname="ds.cor_smk" name="simple_test_split_pairwise.complete" time="0.00100000000020373"/>
    <testcase classname="ds.cor_smk" name="simple_test_split_pairwise.complete" time="0.000999999999976353"/>
    <testcase classname="ds.cor_smk" name="simple_test_split_pairwise.complete" time="0.000999999999976353"/>
    <testcase classname="ds.cor_smk" name="simple_test_split_pairwise.complete" time="0.000999999999976353"/>
    <testcase classname="ds.cor_smk" name="simple_test_split_pairwise.complete" time="0.00199999999995271"/>
    <testcase classname="ds.cor_smk" name="simple_test_split_pairwise.complete" time="0.000999999999976353"/>
    <testcase classname="ds.cor_smk" name="simple_test_split_pairwise.complete" time="0.00199999999995271"/>
    <testcase classname="ds.cor_smk" name="simple_test_split_pairwise.complete" time="0.00200000000018008"/>
    <testcase classname="ds.cor_smk" name="simple_test_split_pairwise.complete" time="0.000999999999976353"/>
    <testcase classname="ds.cor_smk" name="simple_test_split_pairwise.complete" time="0.00199999999995271"/>
    <testcase classname="ds.cor_smk" name="simple_test_split_pairwise.complete" time="0.000999999999976353"/>
    <testcase classname="ds.cor_smk" name="simple_test_split_pairwise.complete" time="0.00199999999995271"/>
    <testcase classname="ds.cor_smk" name="simple_test_split_pairwise.complete" time="0.000999999999976353"/>
    <testcase classname="ds.cor_smk" name="simple_test_split_pairwise.complete" time="0.00200000000018008"/>
    <testcase classname="ds.cor_smk" name="simple_test_split_pairwise.complete" time="0.00199999999995271"/>
    <testcase classname="ds.cor_smk" name="simple_test_split_casewise.complete" time="2.22499999999991"/>
    <testcase classname="ds.cor_smk" name="simple_test_split_casewise.complete" time="0.00199999999995271"/>
    <testcase classname="ds.cor_smk" name="simple_test_split_casewise.complete" time="0.00200000000018008"/>
    <testcase classname="ds.cor_smk" name="simple_test_split_casewise.complete" time="0.000999999999976353"/>
    <testcase classname="ds.cor_smk" name="simple_test_split_casewise.complete" time="0.00199999999995271"/>
    <testcase classname="ds.cor_smk" name="simple_test_split_casewise.complete" time="0.00199999999995271"/>
    <testcase classname="ds.cor_smk" name="simple_test_split_casewise.complete" time="0.00199999999995271"/>
    <testcase classname="ds.cor_smk" name="simple_test_split_casewise.complete" time="0.000999999999976353"/>
    <testcase classname="ds.cor_smk" name="simple_test_split_casewise.complete" time="0.00200000000018008"/>
    <testcase classname="ds.cor_smk" name="simple_test_split_casewise.complete" time="0.00199999999995271"/>
    <testcase classname="ds.cor_smk" name="simple_test_split_casewise.complete" time="0.00199999999995271"/>
    <testcase classname="ds.cor_smk" name="simple_test_split_casewise.complete" time="0.000999999999976353"/>
    <testcase classname="ds.cor_smk" name="simple_test_split_casewise.complete" time="0.00199999999995271"/>
    <testcase classname="ds.cor_smk" name="simple_test_split_casewise.complete" time="0.00200000000018008"/>
    <testcase classname="ds.cor_smk" name="simple_test_split_casewise.complete" time="0.00199999999995271"/>
    <testcase classname="ds.cor_smk" name="simple_test_split_casewise.complete" time="0.000999999999976353"/>
    <testcase classname="ds.cor_smk" name="simple_test_split_casewise.complete" time="0.00199999999995271"/>
    <testcase classname="ds.cor_smk" name="simple_test_split_casewise.complete" time="0.00199999999995271"/>
    <testcase classname="ds.cor_smk" name="simple_test_split_casewise.complete" time="0.00200000000018008"/>
  </testsuite>
  <testsuite errors="0" failures="0" hostname="fv-az14" name="ds.cor::smk::setup::shutdown" skipped="0" tests="3" time="0.274" timestamp="2020-10-23T11:16:19Z">
    <testcase classname="ds.cor_smk_setup_shutdown" name="shutdown" time="0.270999999999958"/>
    <testcase classname="ds.cor_smk_setup_shutdown" name="shutdown" time="0.00199999999995271"/>
    <testcase classname="ds.cor_smk_setup_shutdown" name="shutdown" time="0.000999999999976353"/>
  </testsuite>
  <testsuite errors="0" failures="0" hostname="fv-az14" name="ds.cor::smk::setup::done" skipped="0" tests="0" time="0" timestamp="2020-10-23T11:16:20Z"/>
  <testsuite errors="0" failures="0" hostname="fv-az14" name="ds.corTest::smk::setup" skipped="0" tests="3" time="5.193" timestamp="2020-10-23T11:16:20Z">
    <testcase classname="ds.corTest_smk_setup" name="setup" time="5.19100000000003"/>
    <testcase classname="ds.corTest_smk_setup" name="setup" time="0.000999999999976353"/>
    <testcase classname="ds.corTest_smk_setup" name="setup" time="0.000999999999976353"/>
  </testsuite>
  <testsuite errors="0" failures="0" hostname="fv-az14" name="ds.corTest::smk" skipped="0" tests="28" time="2.208" timestamp="2020-10-23T11:16:24Z">
    <testcase classname="ds.corTest_smk" name="simple_test" time="2.1690000000001"/>
    <testcase classname="ds.corTest_smk" name="simple_test" time="0.00199999999995271"/>
    <testcase classname="ds.corTest_smk" name="simple_test" time="0.000999999999976353"/>
    <testcase classname="ds.corTest_smk" name="simple_test" time="0.000999999999976353"/>
    <testcase classname="ds.corTest_smk" name="simple_test" time="0.00199999999995271"/>
    <testcase classname="ds.corTest_smk" name="simple_test" time="0.000999999999976353"/>
    <testcase classname="ds.corTest_smk" name="simple_test" time="0.00100000000020373"/>
    <testcase classname="ds.corTest_smk" name="simple_test" time="0.000999999999976353"/>
    <testcase classname="ds.corTest_smk" name="simple_test" time="0.00199999999995271"/>
    <testcase classname="ds.corTest_smk" name="simple_test" time="0.000999999999976353"/>
    <testcase classname="ds.corTest_smk" name="simple_test" time="0.00199999999995271"/>
    <testcase classname="ds.corTest_smk" name="simple_test" time="0.000999999999976353"/>
    <testcase classname="ds.corTest_smk" name="simple_test" time="0.000999999999976353"/>
    <testcase classname="ds.corTest_smk" name="simple_test" time="0.00200000000018008"/>
    <testcase classname="ds.corTest_smk" name="simple_test" time="0.000999999999976353"/>
    <testcase classname="ds.corTest_smk" name="simple_test" time="0.00199999999995271"/>
    <testcase classname="ds.corTest_smk" name="simple_test" time="0.000999999999976353"/>
    <testcase classname="ds.corTest_smk" name="simple_test" time="0.000999999999976353"/>
    <testcase classname="ds.corTest_smk" name="simple_test" time="0.000999999999976353"/>
    <testcase classname="ds.corTest_smk" name="simple_test" time="0.00199999999995271"/>
    <testcase classname="ds.corTest_smk" name="simple_test" time="0.00100000000020373"/>
    <testcase classname="ds.corTest_smk" name="simple_test" time="0.00199999999995271"/>
    <testcase classname="ds.corTest_smk" name="simple_test" time="0.000999999999976353"/>
    <testcase classname="ds.corTest_smk" name="simple_test" time="0.00199999999995271"/>
    <testcase classname="ds.corTest_smk" name="simple_test" time="0.00199999999995271"/>
    <testcase classname="ds.corTest_smk" name="simple_test" time="0.000999999999976353"/>
    <testcase classname="ds.corTest_smk" name="simple_test" time="0.00200000000018008"/>
    <testcase classname="ds.corTest_smk" name="simple_test" time="0.00199999999995271"/>
  </testsuite>
  <testsuite errors="0" failures="0" hostname="fv-az14" name="ds.corTest::smk::shutdown" skipped="0" tests="3" time="0.274" timestamp="2020-10-23T11:16:27Z">
    <testcase classname="ds.corTest_smk_shutdown" name="shutdown" time="0.271999999999935"/>
    <testcase classname="ds.corTest_smk_shutdown" name="shutdown" time="0.000999999999976353"/>
    <testcase classname="ds.corTest_smk_shutdown" name="shutdown" time="0.000999999999976353"/>
  </testsuite>
  <testsuite errors="0" failures="0" hostname="fv-az14" name="ds.corTest::smk::done" skipped="0" tests="0" time="0" timestamp="2020-10-23T11:16:27Z"/>
  <testsuite errors="0" failures="0" hostname="fv-az14" name="ds.cov::smk::setup" skipped="0" tests="3" time="5.16" timestamp="2020-10-23T11:16:27Z">
    <testcase classname="ds.cov_smk_setup" name="setup" time="5.15700000000015"/>
    <testcase classname="ds.cov_smk_setup" name="setup" time="0.000999999999976353"/>
    <testcase classname="ds.cov_smk_setup" name="setup" time="0.00199999999995271"/>
  </testsuite>
  <testsuite errors="0" failures="0" hostname="fv-az14" name="ds.cov::smk" skipped="0" tests="28" time="4.463" timestamp="2020-10-23T11:16:32Z">
    <testcase classname="ds.cov_smk" name="simple_test_split" time="2.22000000000003"/>
    <testcase classname="ds.cov_smk" name="simple_test_split" time="0.000999999999976353"/>
    <testcase classname="ds.cov_smk" name="simple_test_split" time="0.000999999999976353"/>
    <testcase classname="ds.cov_smk" name="simple_test_split" time="0.000999999999976353"/>
    <testcase classname="ds.cov_smk" name="simple_test_split" time="0.000999999999976353"/>
    <testcase classname="ds.cov_smk" name="simple_test_split" time="0.000999999999976353"/>
    <testcase classname="ds.cov_smk" name="simple_test_split" time="0.000999999999976353"/>
    <testcase classname="ds.cov_smk" name="simple_test_split" time="0.00200000000018008"/>
    <testcase classname="ds.cov_smk" name="simple_test_split" time="0.000999999999976353"/>
    <testcase classname="ds.cov_smk" name="simple_test_split" time="0.000999999999976353"/>
    <testcase classname="ds.cov_smk" name="simple_test_split" time="0.000999999999976353"/>
    <testcase classname="ds.cov_smk" name="simple_test_split" time="0.00199999999995271"/>
    <testcase classname="ds.cov_smk" name="simple_test_split" time="0.00199999999995271"/>
    <testcase classname="ds.cov_smk" name="simple_test_split" time="0.000999999999976353"/>
    <testcase classname="ds.cov_smk" name="simple_test_split" time="0.00100000000020373"/>
    <testcase classname="ds.cov_smk" name="simple_test_split" time="0.000999999999976353"/>
    <testcase classname="ds.cov_smk" name="simple_test_split" time="0.00199999999995271"/>
    <testcase classname="ds.cov_smk" name="simple_test_split" time="0.000999999999976353"/>
    <testcase classname="ds.cov_smk" name="simple_test_split" time="0.000999999999976353"/>
    <testcase classname="ds.cov_smk" name="simple_test_combine" time="2.20900000000006"/>
    <testcase classname="ds.cov_smk" name="simple_test_combine" time="0.00199999999995271"/>
    <testcase classname="ds.cov_smk" name="simple_test_combine" time="0.000999999999976353"/>
    <testcase classname="ds.cov_smk" name="simple_test_combine" time="0.000999999999976353"/>
    <testcase classname="ds.cov_smk" name="simple_test_combine" time="0.00199999999995271"/>
    <testcase classname="ds.cov_smk" name="simple_test_combine" time="0.00100000000020373"/>
    <testcase classname="ds.cov_smk" name="simple_test_combine" time="0.00199999999995271"/>
    <testcase classname="ds.cov_smk" name="simple_test_combine" time="0.000999999999976353"/>
    <testcase classname="ds.cov_smk" name="simple_test_combine" time="0.00199999999995271"/>
  </testsuite>
  <testsuite errors="0" failures="0" hostname="fv-az14" name="ds.cov::smk::shutdown" skipped="0" tests="3" time="0.283" timestamp="2020-10-23T11:16:36Z">
    <testcase classname="ds.cov_smk_shutdown" name="shutdown" time="0.279999999999973"/>
    <testcase classname="ds.cov_smk_shutdown" name="shutdown" time="0.000999999999976353"/>
    <testcase classname="ds.cov_smk_shutdown" name="shutdown" time="0.00199999999995271"/>
  </testsuite>
  <testsuite errors="0" failures="0" hostname="fv-az14" name="ds.cov::smk::done" skipped="0" tests="0" time="0" timestamp="2020-10-23T11:16:37Z"/>
  <testsuite errors="0" failures="0" hostname="fv-az14" name="ds.c::smk::setup" skipped="0" tests="3" time="5.185" timestamp="2020-10-23T11:16:37Z">
    <testcase classname="ds.c_smk_setup" name="setup" time="5.18200000000002"/>
    <testcase classname="ds.c_smk_setup" name="setup" time="0.00200000000018008"/>
    <testcase classname="ds.c_smk_setup" name="setup" time="0.000999999999976353"/>
  </testsuite>
  <testsuite errors="0" failures="0" hostname="fv-az14" name="ds.c::smk" skipped="0" tests="1" time="1.483" timestamp="2020-10-23T11:16:42Z">
    <testcase classname="ds.c_smk" name="simple_c" time="1.48299999999995"/>
  </testsuite>
  <testsuite errors="0" failures="0" hostname="fv-az14" name="ds.c::smk::shutdown" skipped="0" tests="3" time="0.277" timestamp="2020-10-23T11:16:43Z">
    <testcase classname="ds.c_smk_shutdown" name="setup" time="0.275000000000091"/>
    <testcase classname="ds.c_smk_shutdown" name="setup" time="0.000999999999976353"/>
    <testcase classname="ds.c_smk_shutdown" name="setup" time="0.000999999999976353"/>
  </testsuite>
  <testsuite errors="0" failures="0" hostname="fv-az14" name="ds.c::smk::done" skipped="0" tests="0" time="0" timestamp="2020-10-23T11:16:44Z"/>
  <testsuite errors="0" failures="0" hostname="fv-az14" name="ds.dataFrameFill::smk::setup" skipped="0" tests="3" time="5.313" timestamp="2020-10-23T11:16:44Z">
    <testcase classname="ds.dataFrameFill_smk_setup" name="setup" time="5.31099999999992"/>
    <testcase classname="ds.dataFrameFill_smk_setup" name="setup" time="0.000999999999976353"/>
    <testcase classname="ds.dataFrameFill_smk_setup" name="setup" time="0.000999999999976353"/>
  </testsuite>
  <testsuite errors="0" failures="0" hostname="fv-az14" name="ds.dataFrameFill::smk::donothing dataframes" skipped="0" tests="14" time="4.31" timestamp="2020-10-23T11:16:49Z">
    <testcase classname="ds.dataFrameFill_smk_donothing_dataframes" name="dataFrameFill_donothing" time="1.22199999999998"/>
    <testcase classname="ds.dataFrameFill_smk_donothing_dataframes" name="dataFrameFill_donothing" time="0.00100000000020373"/>
    <testcase classname="ds.dataFrameFill_smk_donothing_dataframes" name="dataFrameFill_donothing" time="0.000999999999976353"/>
    <testcase classname="ds.dataFrameFill_smk_donothing_dataframes" name="dataFrameFill_donothing" time="0.000999999999976353"/>
    <testcase classname="ds.dataFrameFill_smk_donothing_dataframes" name="dataFrameFill_donothing" time="0.000999999999976353"/>
    <testcase classname="ds.dataFrameFill_smk_donothing_dataframes" name="dataFrameFill_donothing" time="0.000999999999976353"/>
    <testcase classname="ds.dataFrameFill_smk_donothing_dataframes" name="dataFrameFill_donothing" time="0.000999999999976353"/>
    <testcase classname="ds.dataFrameFill_smk_donothing_dataframes" name="dataFrameFill_donothing" time="0.00199999999995271"/>
    <testcase classname="ds.dataFrameFill_smk_donothing_dataframes" name="dataFrameFill_donothing" time="0.000999999999976353"/>
    <testcase classname="ds.dataFrameFill_smk_donothing_dataframes" name="dataFrameFill_donothing" time="0.000999999999976353"/>
    <testcase classname="ds.dataFrameFill_smk_donothing_dataframes" name="dataFrameFill_donothing" time="0.00100000000020373"/>
    <testcase classname="ds.dataFrameFill_smk_donothing_dataframes" name="dataFrameFill_donothing" time="0.000999999999976353"/>
    <testcase classname="ds.dataFrameFill_smk_donothing_dataframes" name="dataFrameFill_donothing" time="0.000999999999976353"/>
    <testcase classname="ds.dataFrameFill_smk_donothing_dataframes" name="dataFrameFill_donothing" time="3.07500000000005"/>
  </testsuite>
  <testsuite errors="0" failures="0" hostname="fv-az14" name="ds.dataFrameFill::smk::shutdown" skipped="0" tests="3" time="0.283" timestamp="2020-10-23T11:16:53Z">
    <testcase classname="ds.dataFrameFill_smk_shutdown" name="shutdown" time="0.279999999999973"/>
    <testcase classname="ds.dataFrameFill_smk_shutdown" name="shutdown" time="0.00199999999995271"/>
    <testcase classname="ds.dataFrameFill_smk_shutdown" name="shutdown" time="0.000999999999976353"/>
  </testsuite>
  <testsuite errors="0" failures="0" hostname="fv-az14" name="ds.dataFrameFill::smk::done" skipped="0" tests="0" time="0" timestamp="2020-10-23T11:16:54Z"/>
  <testsuite errors="0" failures="0" hostname="fv-az14" name="ds.dataFrameFill::smk::setup" skipped="0" tests="3" time="5.125" timestamp="2020-10-23T11:16:54Z">
    <testcase classname="ds.dataFrameFill_smk_setup" name="setup" time="5.12300000000005"/>
    <testcase classname="ds.dataFrameFill_smk_setup" name="setup" time="0.000999999999976353"/>
    <testcase classname="ds.dataFrameFill_smk_setup" name="setup" time="0.000999999999976353"/>
  </testsuite>
  <testsuite errors="0" failures="0" hostname="fv-az14" name="ds.dataFrameFill::smk::extend unfilled dataframes" skipped="0" tests="26" time="7.977" timestamp="2020-10-23T11:16:59Z">
    <testcase classname="ds.dataFrameFill_smk_extend_unfilled_dataframes" name="dataFrameFill_exists" time="1.22000000000003"/>
    <testcase classname="ds.dataFrameFill_smk_extend_unfilled_dataframes" name="dataFrameFill_exists" time="0.000999999999976353"/>
    <testcase classname="ds.dataFrameFill_smk_extend_unfilled_dataframes" name="dataFrameFill_exists" time="0.000999999999976353"/>
    <testcase classname="ds.dataFrameFill_smk_extend_unfilled_dataframes" name="dataFrameFill_exists" time="0.000999999999976353"/>
    <testcase classname="ds.dataFrameFill_smk_extend_unfilled_dataframes" name="dataFrameFill_exists" time="0.000999999999976353"/>
    <testcase classname="ds.dataFrameFill_smk_extend_unfilled_dataframes" name="dataFrameFill_exists" time="0.00100000000020373"/>
    <testcase classname="ds.dataFrameFill_smk_extend_unfilled_dataframes" name="dataFrameFill_exists" time="0.000999999999976353"/>
    <testcase classname="ds.dataFrameFill_smk_extend_unfilled_dataframes" name="dataFrameFill_exists" time="0.000999999999976353"/>
    <testcase classname="ds.dataFrameFill_smk_extend_unfilled_dataframes" name="dataFrameFill_exists" time="0.000999999999976353"/>
    <testcase classname="ds.dataFrameFill_smk_extend_unfilled_dataframes" name="dataFrameFill_exists" time="0.00199999999995271"/>
    <testcase classname="ds.dataFrameFill_smk_extend_unfilled_dataframes" name="dataFrameFill_exists" time="5.50399999999991"/>
    <testcase classname="ds.dataFrameFill_smk_extend_unfilled_dataframes" name="dataFrameFill_exists" time="0.00200000000018008"/>
    <testcase classname="ds.dataFrameFill_smk_extend_unfilled_dataframes" name="dataFrameFill_exists" time="0.000999999999976353"/>
    <testcase classname="ds.dataFrameFill_smk_extend_unfilled_dataframes" name="dataFrameFill_exists" time="1.22299999999996"/>
    <testcase classname="ds.dataFrameFill_smk_extend_unfilled_dataframes" name="dataFrameFill_exists" time="0.00199999999995271"/>
    <testcase classname="ds.dataFrameFill_smk_extend_unfilled_dataframes" name="dataFrameFill_exists" time="0.000999999999976353"/>
    <testcase classname="ds.dataFrameFill_smk_extend_unfilled_dataframes" name="dataFrameFill_exists" time="0.000999999999976353"/>
    <testcase classname="ds.dataFrameFill_smk_extend_unfilled_dataframes" name="dataFrameFill_exists" time="0.00200000000018008"/>
    <testcase classname="ds.dataFrameFill_smk_extend_unfilled_dataframes" name="dataFrameFill_exists" time="0.000999999999976353"/>
    <testcase classname="ds.dataFrameFill_smk_extend_unfilled_dataframes" name="dataFrameFill_exists" time="0.000999999999976353"/>
    <testcase classname="ds.dataFrameFill_smk_extend_unfilled_dataframes" name="dataFrameFill_exists" time="0.00199999999995271"/>
    <testcase classname="ds.dataFrameFill_smk_extend_unfilled_dataframes" name="dataFrameFill_exists" time="0.000999999999976353"/>
    <testcase classname="ds.dataFrameFill_smk_extend_unfilled_dataframes" name="dataFrameFill_exists" time="0.00199999999995271"/>
    <testcase classname="ds.dataFrameFill_smk_extend_unfilled_dataframes" name="dataFrameFill_exists" time="0.000999999999976353"/>
    <testcase classname="ds.dataFrameFill_smk_extend_unfilled_dataframes" name="dataFrameFill_exists" time="0.00100000000020373"/>
    <testcase classname="ds.dataFrameFill_smk_extend_unfilled_dataframes" name="dataFrameFill_exists" time="0.00199999999995271"/>
  </testsuite>
  <testsuite errors="0" failures="0" hostname="fv-az14" name="ds.dataFrameFill::smk::shutdown" skipped="0" tests="3" time="0.275" timestamp="2020-10-23T11:17:07Z">
    <testcase classname="ds.dataFrameFill_smk_shutdown" name="shutdown" time="0.272999999999911"/>
    <testcase classname="ds.dataFrameFill_smk_shutdown" name="shutdown" time="0.000999999999976353"/>
    <testcase classname="ds.dataFrameFill_smk_shutdown" name="shutdown" time="0.000999999999976353"/>
  </testsuite>
  <testsuite errors="0" failures="0" hostname="fv-az14" name="ds.dataFrameFill::smk::done" skipped="0" tests="0" time="0" timestamp="2020-10-23T11:17:08Z"/>
  <testsuite errors="0" failures="0" hostname="fv-az14" name="ds.dataFrame::smk::setup" skipped="0" tests="3" time="5.241" timestamp="2020-10-23T11:17:08Z">
    <testcase classname="ds.dataFrame_smk_setup" name="setup" time="5.23900000000003"/>
    <testcase classname="ds.dataFrame_smk_setup" name="setup" time="0.000999999999976353"/>
    <testcase classname="ds.dataFrame_smk_setup" name="setup" time="0.000999999999976353"/>
  </testsuite>
  <testsuite errors="0" failures="0" hostname="fv-az14" name="ds.dataFrame::smk::create a dataframe, from root variables" skipped="0" tests="25" time="5.821" timestamp="2020-10-23T11:17:12Z">
    <testcase classname="ds.dataFrame_smk_create_a_dataframe_from_root_variables" name="dataframe_exists" time="3.76400000000012"/>
    <testcase classname="ds.dataFrame_smk_create_a_dataframe_from_root_variables" name="dataframe_exists" time="0.000999999999976353"/>
    <testcase classname="ds.dataFrame_smk_create_a_dataframe_from_root_variables" name="dataframe_exists" time="0.00199999999995271"/>
    <testcase classname="ds.dataFrame_smk_create_a_dataframe_from_root_variables" name="dataframe_exists" time="0.79300000000012"/>
    <testcase classname="ds.dataFrame_smk_create_a_dataframe_from_root_variables" name="dataframe_exists" time="0.000999999999976353"/>
    <testcase classname="ds.dataFrame_smk_create_a_dataframe_from_root_variables" name="dataframe_exists" time="0.000999999999976353"/>
    <testcase classname="ds.dataFrame_smk_create_a_dataframe_from_root_variables" name="dataframe_exists" time="0.000999999999976353"/>
    <testcase classname="ds.dataFrame_smk_create_a_dataframe_from_root_variables" name="dataframe_exists" time="0.000999999999976353"/>
    <testcase classname="ds.dataFrame_smk_create_a_dataframe_from_root_variables" name="dataframe_exists" time="0.000999999999976353"/>
    <testcase classname="ds.dataFrame_smk_create_a_dataframe_from_root_variables" name="dataframe_exists" time="0.00199999999995271"/>
    <testcase classname="ds.dataFrame_smk_create_a_dataframe_from_root_variables" name="dataframe_exists" time="0.000999999999976353"/>
    <testcase classname="ds.dataFrame_smk_create_a_dataframe_from_root_variables" name="dataframe_exists" time="0.00100000000020373"/>
    <testcase classname="ds.dataFrame_smk_create_a_dataframe_from_root_variables" name="dataframe_exists" time="0.00199999999995271"/>
    <testcase classname="ds.dataFrame_smk_create_a_dataframe_from_root_variables" name="dataframe_exists" time="0.000999999999976353"/>
    <testcase classname="ds.dataFrame_smk_create_a_dataframe_from_root_variables" name="dataframe_exists" time="0.00199999999995271"/>
    <testcase classname="ds.dataFrame_smk_create_a_dataframe_from_root_variables" name="dataframe_exists" time="1.22600000000011"/>
    <testcase classname="ds.dataFrame_smk_create_a_dataframe_from_root_variables" name="dataframe_exists" time="0.00900000000001455"/>
    <testcase classname="ds.dataFrame_smk_create_a_dataframe_from_root_variables" name="dataframe_exists" time="0.00199999999995271"/>
    <testcase classname="ds.dataFrame_smk_create_a_dataframe_from_root_variables" name="dataframe_exists" time="0.000999999999976353"/>
    <testcase classname="ds.dataFrame_smk_create_a_dataframe_from_root_variables" name="dataframe_exists" time="0.00199999999995271"/>
    <testcase classname="ds.dataFrame_smk_create_a_dataframe_from_root_variables" name="dataframe_exists" time="0.000999999999976353"/>
    <testcase classname="ds.dataFrame_smk_create_a_dataframe_from_root_variables" name="dataframe_exists" time="0.00199999999995271"/>
    <testcase classname="ds.dataFrame_smk_create_a_dataframe_from_root_variables" name="dataframe_exists" time="0.00100000000020373"/>
    <testcase classname="ds.dataFrame_smk_create_a_dataframe_from_root_variables" name="dataframe_exists" time="0.00199999999995271"/>
    <testcase classname="ds.dataFrame_smk_create_a_dataframe_from_root_variables" name="dataframe_exists" time="0.000999999999976353"/>
  </testsuite>
  <testsuite errors="0" failures="0" hostname="fv-az14" name="ds.dataFrame::smk::create a dataframe, with DataSHIELD.checks, from root variables" skipped="0" tests="20" time="17.583" timestamp="2020-10-23T11:17:18Z">
    <testcase classname="ds.dataFrame_smk_create_a_dataframe_with_DataSHIELD.checks_from_root_variables" name="dataframe_exists_with_DataSHIELD.checks" time="15.5439999999999"/>
    <testcase classname="ds.dataFrame_smk_create_a_dataframe_with_DataSHIELD.checks_from_root_variables" name="dataframe_exists_with_DataSHIELD.checks" time="0.00200000000018008"/>
    <testcase classname="ds.dataFrame_smk_create_a_dataframe_with_DataSHIELD.checks_from_root_variables" name="dataframe_exists_with_DataSHIELD.checks" time="0.000999999999976353"/>
    <testcase classname="ds.dataFrame_smk_create_a_dataframe_with_DataSHIELD.checks_from_root_variables" name="dataframe_exists_with_DataSHIELD.checks" time="0.789999999999964"/>
    <testcase classname="ds.dataFrame_smk_create_a_dataframe_with_DataSHIELD.checks_from_root_variables" name="dataframe_exists_with_DataSHIELD.checks" time="0.00199999999995271"/>
    <testcase classname="ds.dataFrame_smk_create_a_dataframe_with_DataSHIELD.checks_from_root_variables" name="dataframe_exists_with_DataSHIELD.checks" time="0.000999999999976353"/>
    <testcase classname="ds.dataFrame_smk_create_a_dataframe_with_DataSHIELD.checks_from_root_variables" name="dataframe_exists_with_DataSHIELD.checks" time="0.000999999999976353"/>
    <testcase classname="ds.dataFrame_smk_create_a_dataframe_with_DataSHIELD.checks_from_root_variables" name="dataframe_exists_with_DataSHIELD.checks" time="0.000999999999976353"/>
    <testcase classname="ds.dataFrame_smk_create_a_dataframe_with_DataSHIELD.checks_from_root_variables" name="dataframe_exists_with_DataSHIELD.checks" time="0.00100000000020373"/>
    <testcase classname="ds.dataFrame_smk_create_a_dataframe_with_DataSHIELD.checks_from_root_variables" name="dataframe_exists_with_DataSHIELD.checks" time="0.000999999999976353"/>
    <testcase classname="ds.dataFrame_smk_create_a_dataframe_with_DataSHIELD.checks_from_root_variables" name="dataframe_exists_with_DataSHIELD.checks" time="1.22599999999989"/>
    <testcase classname="ds.dataFrame_smk_create_a_dataframe_with_DataSHIELD.checks_from_root_variables" name="dataframe_exists_with_DataSHIELD.checks" time="0.00199999999995271"/>
    <testcase classname="ds.dataFrame_smk_create_a_dataframe_with_DataSHIELD.checks_from_root_variables" name="dataframe_exists_with_DataSHIELD.checks" time="0.000999999999976353"/>
    <testcase classname="ds.dataFrame_smk_create_a_dataframe_with_DataSHIELD.checks_from_root_variables" name="dataframe_exists_with_DataSHIELD.checks" time="0.00200000000018008"/>
    <testcase classname="ds.dataFrame_smk_create_a_dataframe_with_DataSHIELD.checks_from_root_variables" name="dataframe_exists_with_DataSHIELD.checks" time="0.000999999999976353"/>
    <testcase classname="ds.dataFrame_smk_create_a_dataframe_with_DataSHIELD.checks_from_root_variables" name="dataframe_exists_with_DataSHIELD.checks" time="0.000999999999976353"/>
    <testcase classname="ds.dataFrame_smk_create_a_dataframe_with_DataSHIELD.checks_from_root_variables" name="dataframe_exists_with_DataSHIELD.checks" time="0.000999999999976353"/>
    <testcase classname="ds.dataFrame_smk_create_a_dataframe_with_DataSHIELD.checks_from_root_variables" name="dataframe_exists_with_DataSHIELD.checks" time="0.00199999999995271"/>
    <testcase classname="ds.dataFrame_smk_create_a_dataframe_with_DataSHIELD.checks_from_root_variables" name="dataframe_exists_with_DataSHIELD.checks" time="0.000999999999976353"/>
    <testcase classname="ds.dataFrame_smk_create_a_dataframe_with_DataSHIELD.checks_from_root_variables" name="dataframe_exists_with_DataSHIELD.checks" time="0.00199999999995271"/>
  </testsuite>
  <testsuite errors="0" failures="0" hostname="fv-az14" name="ds.dataFrame::smk::create a dataframe, from dataframe variables" skipped="0" tests="25" time="4.469" timestamp="2020-10-23T11:17:36Z">
    <testcase classname="ds.dataFrame_smk_create_a_dataframe_from_dataframe_variables" name="dataframe_exists_from_dataframe_variables" time="2.95600000000013"/>
    <testcase classname="ds.dataFrame_smk_create_a_dataframe_from_dataframe_variables" name="dataframe_exists_from_dataframe_variables" time="0.00199999999995271"/>
    <testcase classname="ds.dataFrame_smk_create_a_dataframe_from_dataframe_variables" name="dataframe_exists_from_dataframe_variables" time="0.000999999999976353"/>
    <testcase classname="ds.dataFrame_smk_create_a_dataframe_from_dataframe_variables" name="dataframe_exists_from_dataframe_variables" time="0.263000000000147"/>
    <testcase classname="ds.dataFrame_smk_create_a_dataframe_from_dataframe_variables" name="dataframe_exists_from_dataframe_variables" time="0.000999999999976353"/>
    <testcase classname="ds.dataFrame_smk_create_a_dataframe_from_dataframe_variables" name="dataframe_exists_from_dataframe_variables" time="0.00199999999995271"/>
    <testcase classname="ds.dataFrame_smk_create_a_dataframe_from_dataframe_variables" name="dataframe_exists_from_dataframe_variables" time="0.000999999999976353"/>
    <testcase classname="ds.dataFrame_smk_create_a_dataframe_from_dataframe_variables" name="dataframe_exists_from_dataframe_variables" time="0.000999999999976353"/>
    <testcase classname="ds.dataFrame_smk_create_a_dataframe_from_dataframe_variables" name="dataframe_exists_from_dataframe_variables" time="0.000999999999976353"/>
    <testcase classname="ds.dataFrame_smk_create_a_dataframe_from_dataframe_variables" name="dataframe_exists_from_dataframe_variables" time="0.000999999999976353"/>
    <testcase classname="ds.dataFrame_smk_create_a_dataframe_from_dataframe_variables" name="dataframe_exists_from_dataframe_variables" time="0.000999999999976353"/>
    <testcase classname="ds.dataFrame_smk_create_a_dataframe_from_dataframe_variables" name="dataframe_exists_from_dataframe_variables" time="0.00100000000020373"/>
    <testcase classname="ds.dataFrame_smk_create_a_dataframe_from_dataframe_variables" name="dataframe_exists_from_dataframe_variables" time="0.000999999999976353"/>
    <testcase classname="ds.dataFrame_smk_create_a_dataframe_from_dataframe_variables" name="dataframe_exists_from_dataframe_variables" time="0.000999999999976353"/>
    <testcase classname="ds.dataFrame_smk_create_a_dataframe_from_dataframe_variables" name="dataframe_exists_from_dataframe_variables" time="0.00199999999995271"/>
    <testcase classname="ds.dataFrame_smk_create_a_dataframe_from_dataframe_variables" name="dataframe_exists_from_dataframe_variables" time="1.21900000000005"/>
    <testcase classname="ds.dataFrame_smk_create_a_dataframe_from_dataframe_variables" name="dataframe_exists_from_dataframe_variables" time="0.000999999999976353"/>
    <testcase classname="ds.dataFrame_smk_create_a_dataframe_from_dataframe_variables" name="dataframe_exists_from_dataframe_variables" time="0.000999999999976353"/>
    <testcase classname="ds.dataFrame_smk_create_a_dataframe_from_dataframe_variables" name="dataframe_exists_from_dataframe_variables" time="0.00199999999995271"/>
    <testcase classname="ds.dataFrame_smk_create_a_dataframe_from_dataframe_variables" name="dataframe_exists_from_dataframe_variables" time="0.000999999999976353"/>
    <testcase classname="ds.dataFrame_smk_create_a_dataframe_from_dataframe_variables" name="dataframe_exists_from_dataframe_variables" time="0.00199999999995271"/>
    <testcase classname="ds.dataFrame_smk_create_a_dataframe_from_dataframe_variables" name="dataframe_exists_from_dataframe_variables" time="0.00200000000018008"/>
    <testcase classname="ds.dataFrame_smk_create_a_dataframe_from_dataframe_variables" name="dataframe_exists_from_dataframe_variables" time="0.00199999999995271"/>
    <testcase classname="ds.dataFrame_smk_create_a_dataframe_from_dataframe_variables" name="dataframe_exists_from_dataframe_variables" time="0.00199999999995271"/>
    <testcase classname="ds.dataFrame_smk_create_a_dataframe_from_dataframe_variables" name="dataframe_exists_from_dataframe_variables" time="0.00199999999995271"/>
  </testsuite>
  <testsuite errors="0" failures="0" hostname="fv-az14" name="ds.dataFrame::smk::create a dataframe, with DataSHIELD.checks, from dataframe variables" skipped="0" tests="20" time="16.021" timestamp="2020-10-23T11:17:40Z">
    <testcase classname="ds.dataFrame_smk_create_a_dataframe_with_DataSHIELD.checks_from_dataframe_variables" name="dataframe_exists_with_DataSHIELD.checks_from_dataframe_variables" time="14.5040000000001"/>
    <testcase classname="ds.dataFrame_smk_create_a_dataframe_with_DataSHIELD.checks_from_dataframe_variables" name="dataframe_exists_with_DataSHIELD.checks_from_dataframe_variables" time="0.000999999999976353"/>
    <testcase classname="ds.dataFrame_smk_create_a_dataframe_with_DataSHIELD.checks_from_dataframe_variables" name="dataframe_exists_with_DataSHIELD.checks_from_dataframe_variables" time="0.00199999999995271"/>
    <testcase classname="ds.dataFrame_smk_create_a_dataframe_with_DataSHIELD.checks_from_dataframe_variables" name="dataframe_exists_with_DataSHIELD.checks_from_dataframe_variables" time="0.268000000000029"/>
    <testcase classname="ds.dataFrame_smk_create_a_dataframe_with_DataSHIELD.checks_from_dataframe_variables" name="dataframe_exists_with_DataSHIELD.checks_from_dataframe_variables" time="0.000999999999976353"/>
    <testcase classname="ds.dataFrame_smk_create_a_dataframe_with_DataSHIELD.checks_from_dataframe_variables" name="dataframe_exists_with_DataSHIELD.checks_from_dataframe_variables" time="0.000999999999976353"/>
    <testcase classname="ds.dataFrame_smk_create_a_dataframe_with_DataSHIELD.checks_from_dataframe_variables" name="dataframe_exists_with_DataSHIELD.checks_from_dataframe_variables" time="0.000999999999976353"/>
    <testcase classname="ds.dataFrame_smk_create_a_dataframe_with_DataSHIELD.checks_from_dataframe_variables" name="dataframe_exists_with_DataSHIELD.checks_from_dataframe_variables" time="0.000999999999976353"/>
    <testcase classname="ds.dataFrame_smk_create_a_dataframe_with_DataSHIELD.checks_from_dataframe_variables" name="dataframe_exists_with_DataSHIELD.checks_from_dataframe_variables" time="0.000999999999976353"/>
    <testcase classname="ds.dataFrame_smk_create_a_dataframe_with_DataSHIELD.checks_from_dataframe_variables" name="dataframe_exists_with_DataSHIELD.checks_from_dataframe_variables" time="0.00200000000018008"/>
    <testcase classname="ds.dataFrame_smk_create_a_dataframe_with_DataSHIELD.checks_from_dataframe_variables" name="dataframe_exists_with_DataSHIELD.checks_from_dataframe_variables" time="1.22699999999986"/>
    <testcase classname="ds.dataFrame_smk_create_a_dataframe_with_DataSHIELD.checks_from_dataframe_variables" name="dataframe_exists_with_DataSHIELD.checks_from_dataframe_variables" time="0.000999999999976353"/>
    <testcase classname="ds.dataFrame_smk_create_a_dataframe_with_DataSHIELD.checks_from_dataframe_variables" name="dataframe_exists_with_DataSHIELD.checks_from_dataframe_variables" time="0.00200000000018008"/>
    <testcase classname="ds.dataFrame_smk_create_a_dataframe_with_DataSHIELD.checks_from_dataframe_variables" name="dataframe_exists_with_DataSHIELD.checks_from_dataframe_variables" time="0.000999999999976353"/>
    <testcase classname="ds.dataFrame_smk_create_a_dataframe_with_DataSHIELD.checks_from_dataframe_variables" name="dataframe_exists_with_DataSHIELD.checks_from_dataframe_variables" time="0.000999999999976353"/>
    <testcase classname="ds.dataFrame_smk_create_a_dataframe_with_DataSHIELD.checks_from_dataframe_variables" name="dataframe_exists_with_DataSHIELD.checks_from_dataframe_variables" time="0.000999999999976353"/>
    <testcase classname="ds.dataFrame_smk_create_a_dataframe_with_DataSHIELD.checks_from_dataframe_variables" name="dataframe_exists_with_DataSHIELD.checks_from_dataframe_variables" time="0.00199999999995271"/>
    <testcase classname="ds.dataFrame_smk_create_a_dataframe_with_DataSHIELD.checks_from_dataframe_variables" name="dataframe_exists_with_DataSHIELD.checks_from_dataframe_variables" time="0.000999999999976353"/>
    <testcase classname="ds.dataFrame_smk_create_a_dataframe_with_DataSHIELD.checks_from_dataframe_variables" name="dataframe_exists_with_DataSHIELD.checks_from_dataframe_variables" time="0.00199999999995271"/>
    <testcase classname="ds.dataFrame_smk_create_a_dataframe_with_DataSHIELD.checks_from_dataframe_variables" name="dataframe_exists_with_DataSHIELD.checks_from_dataframe_variables" time="0.00100000000020373"/>
  </testsuite>
  <testsuite errors="0" failures="0" hostname="fv-az14" name="ds.dataFrame::smk::shutdown" skipped="0" tests="3" time="0.537" timestamp="2020-10-23T11:17:56Z">
    <testcase classname="ds.dataFrame_smk_shutdown" name="shutdown" time="0.534999999999854"/>
    <testcase classname="ds.dataFrame_smk_shutdown" name="shutdown" time="0.000999999999976353"/>
    <testcase classname="ds.dataFrame_smk_shutdown" name="shutdown" time="0.000999999999976353"/>
  </testsuite>
  <testsuite errors="0" failures="0" hostname="fv-az14" name="ds.dataFrame::smk::done" skipped="0" tests="0" time="0" timestamp="2020-10-23T11:17:57Z"/>
  <testsuite errors="0" failures="0" hostname="fv-az14" name="ds.dataFrameSort::smk::setup" skipped="0" tests="3" time="5.247" timestamp="2020-10-23T11:17:57Z">
    <testcase classname="ds.dataFrameSort_smk_setup" name="setup" time="5.24500000000012"/>
    <testcase classname="ds.dataFrameSort_smk_setup" name="setup" time="0.000999999999976353"/>
    <testcase classname="ds.dataFrameSort_smk_setup" name="setup" time="0.000999999999976353"/>
  </testsuite>
  <testsuite errors="0" failures="0" hostname="fv-az14" name="ds.dataFrameSort::smk::create a sorted dataframe" skipped="0" tests="10" time="3.507" timestamp="2020-10-23T11:18:02Z">
    <testcase classname="ds.dataFrameSort_smk_create_a_sorted_dataframe" name="dataFrameSort_exists" time="3.49700000000007"/>
    <testcase classname="ds.dataFrameSort_smk_create_a_sorted_dataframe" name="dataFrameSort_exists" time="0.000999999999976353"/>
    <testcase classname="ds.dataFrameSort_smk_create_a_sorted_dataframe" name="dataFrameSort_exists" time="0.000999999999976353"/>
    <testcase classname="ds.dataFrameSort_smk_create_a_sorted_dataframe" name="dataFrameSort_exists" time="0.000999999999976353"/>
    <testcase classname="ds.dataFrameSort_smk_create_a_sorted_dataframe" name="dataFrameSort_exists" time="0.000999999999976353"/>
    <testcase classname="ds.dataFrameSort_smk_create_a_sorted_dataframe" name="dataFrameSort_exists" time="0.000999999999976353"/>
    <testcase classname="ds.dataFrameSort_smk_create_a_sorted_dataframe" name="dataFrameSort_exists" time="0.000999999999976353"/>
    <testcase classname="ds.dataFrameSort_smk_create_a_sorted_dataframe" name="dataFrameSort_exists" time="0.00100000000020373"/>
    <testcase classname="ds.dataFrameSort_smk_create_a_sorted_dataframe" name="dataFrameSort_exists" time="0.00199999999995271"/>
    <testcase classname="ds.dataFrameSort_smk_create_a_sorted_dataframe" name="dataFrameSort_exists" time="0.000999999999976353"/>
  </testsuite>
  <testsuite errors="0" failures="0" hostname="fv-az14" name="ds.dataFrameSort::smk::shutdown" skipped="0" tests="3" time="0.276" timestamp="2020-10-23T11:18:05Z">
    <testcase classname="ds.dataFrameSort_smk_shutdown" name="shutdown" time="0.273999999999887"/>
    <testcase classname="ds.dataFrameSort_smk_shutdown" name="shutdown" time="0.00100000000020373"/>
    <testcase classname="ds.dataFrameSort_smk_shutdown" name="shutdown" time="0.000999999999976353"/>
  </testsuite>
  <testsuite errors="0" failures="0" hostname="fv-az14" name="ds.dataFrameSort::smk::done" skipped="0" tests="0" time="0" timestamp="2020-10-23T11:18:06Z"/>
  <testsuite errors="0" failures="0" hostname="fv-az14" name="ds.dataFrameSubset::smk::setup" skipped="0" tests="3" time="5.303" timestamp="2020-10-23T11:18:06Z">
    <testcase classname="ds.dataFrameSubset_smk_setup" name="setup" time="5.30099999999993"/>
    <testcase classname="ds.dataFrameSubset_smk_setup" name="setup" time="0.000999999999976353"/>
    <testcase classname="ds.dataFrameSubset_smk_setup" name="setup" time="0.000999999999976353"/>
  </testsuite>
  <testsuite errors="0" failures="0" hostname="fv-az14" name="ds.dataFrameSubset::smk::create a subset dataframe" skipped="0" tests="23" time="4.858" timestamp="2020-10-23T11:18:11Z">
    <testcase classname="ds.dataFrameSubset_smk_create_a_subset_dataframe" name="dataFrameSubset_exists" time="2.95600000000013"/>
    <testcase classname="ds.dataFrameSubset_smk_create_a_subset_dataframe" name="dataFrameSubset_exists" time="0.00199999999995271"/>
    <testcase classname="ds.dataFrameSubset_smk_create_a_subset_dataframe" name="dataFrameSubset_exists" time="0.00199999999995271"/>
    <testcase classname="ds.dataFrameSubset_smk_create_a_subset_dataframe" name="dataFrameSubset_exists" time="0.000999999999976353"/>
    <testcase classname="ds.dataFrameSubset_smk_create_a_subset_dataframe" name="dataFrameSubset_exists" time="0.000999999999976353"/>
    <testcase classname="ds.dataFrameSubset_smk_create_a_subset_dataframe" name="dataFrameSubset_exists" time="0.00199999999995271"/>
    <testcase classname="ds.dataFrameSubset_smk_create_a_subset_dataframe" name="dataFrameSubset_exists" time="0.00100000000020373"/>
    <testcase classname="ds.dataFrameSubset_smk_create_a_subset_dataframe" name="dataFrameSubset_exists" time="0.000999999999976353"/>
    <testcase classname="ds.dataFrameSubset_smk_create_a_subset_dataframe" name="dataFrameSubset_exists" time="0.000999999999976353"/>
    <testcase classname="ds.dataFrameSubset_smk_create_a_subset_dataframe" name="dataFrameSubset_exists" time="0.00199999999995271"/>
    <testcase classname="ds.dataFrameSubset_smk_create_a_subset_dataframe" name="dataFrameSubset_exists" time="1.87300000000005"/>
    <testcase classname="ds.dataFrameSubset_smk_create_a_subset_dataframe" name="dataFrameSubset_exists" time="0.00199999999995271"/>
    <testcase classname="ds.dataFrameSubset_smk_create_a_subset_dataframe" name="dataFrameSubset_exists" time="0.000999999999976353"/>
    <testcase classname="ds.dataFrameSubset_smk_create_a_subset_dataframe" name="dataFrameSubset_exists" time="0.000999999999976353"/>
    <testcase classname="ds.dataFrameSubset_smk_create_a_subset_dataframe" name="dataFrameSubset_exists" time="0.000999999999976353"/>
    <testcase classname="ds.dataFrameSubset_smk_create_a_subset_dataframe" name="dataFrameSubset_exists" time="0.00199999999995271"/>
    <testcase classname="ds.dataFrameSubset_smk_create_a_subset_dataframe" name="dataFrameSubset_exists" time="0.00100000000020373"/>
    <testcase classname="ds.dataFrameSubset_smk_create_a_subset_dataframe" name="dataFrameSubset_exists" time="0.000999999999976353"/>
    <testcase classname="ds.dataFrameSubset_smk_create_a_subset_dataframe" name="dataFrameSubset_exists" time="0.00199999999995271"/>
    <testcase classname="ds.dataFrameSubset_smk_create_a_subset_dataframe" name="dataFrameSubset_exists" time="0.000999999999976353"/>
    <testcase classname="ds.dataFrameSubset_smk_create_a_subset_dataframe" name="dataFrameSubset_exists" time="0.00199999999995271"/>
    <testcase classname="ds.dataFrameSubset_smk_create_a_subset_dataframe" name="dataFrameSubset_exists" time="0.000999999999976353"/>
    <testcase classname="ds.dataFrameSubset_smk_create_a_subset_dataframe" name="dataFrameSubset_exists" time="0.000999999999976353"/>
  </testsuite>
  <testsuite errors="0" failures="0" hostname="fv-az14" name="ds.dataFrameSubset::smk::create a subset dataframe, based on scalar" skipped="0" tests="23" time="5.761" timestamp="2020-10-23T11:18:16Z">
    <testcase classname="ds.dataFrameSubset_smk_create_a_subset_dataframe_based_on_scalar" name="dataFrameSubset_exists_scalar" time="3.6840000000002"/>
    <testcase classname="ds.dataFrameSubset_smk_create_a_subset_dataframe_based_on_scalar" name="dataFrameSubset_exists_scalar" time="0.000999999999976353"/>
    <testcase classname="ds.dataFrameSubset_smk_create_a_subset_dataframe_based_on_scalar" name="dataFrameSubset_exists_scalar" time="0.00199999999995271"/>
    <testcase classname="ds.dataFrameSubset_smk_create_a_subset_dataframe_based_on_scalar" name="dataFrameSubset_exists_scalar" time="0.000999999999976353"/>
    <testcase classname="ds.dataFrameSubset_smk_create_a_subset_dataframe_based_on_scalar" name="dataFrameSubset_exists_scalar" time="0.000999999999976353"/>
    <testcase classname="ds.dataFrameSubset_smk_create_a_subset_dataframe_based_on_scalar" name="dataFrameSubset_exists_scalar" time="0.000999999999976353"/>
    <testcase classname="ds.dataFrameSubset_smk_create_a_subset_dataframe_based_on_scalar" name="dataFrameSubset_exists_scalar" time="0.000999999999976353"/>
    <testcase classname="ds.dataFrameSubset_smk_create_a_subset_dataframe_based_on_scalar" name="dataFrameSubset_exists_scalar" time="0.000999999999976353"/>
    <testcase classname="ds.dataFrameSubset_smk_create_a_subset_dataframe_based_on_scalar" name="dataFrameSubset_exists_scalar" time="0.000999999999976353"/>
    <testcase classname="ds.dataFrameSubset_smk_create_a_subset_dataframe_based_on_scalar" name="dataFrameSubset_exists_scalar" time="0.00200000000018008"/>
    <testcase classname="ds.dataFrameSubset_smk_create_a_subset_dataframe_based_on_scalar" name="dataFrameSubset_exists_scalar" time="2.04899999999998"/>
    <testcase classname="ds.dataFrameSubset_smk_create_a_subset_dataframe_based_on_scalar" name="dataFrameSubset_exists_scalar" time="0.000999999999976353"/>
    <testcase classname="ds.dataFrameSubset_smk_create_a_subset_dataframe_based_on_scalar" name="dataFrameSubset_exists_scalar" time="0.00199999999995271"/>
    <testcase classname="ds.dataFrameSubset_smk_create_a_subset_dataframe_based_on_scalar" name="dataFrameSubset_exists_scalar" time="0.000999999999976353"/>
    <testcase classname="ds.dataFrameSubset_smk_create_a_subset_dataframe_based_on_scalar" name="dataFrameSubset_exists_scalar" time="0.000999999999976353"/>
    <testcase classname="ds.dataFrameSubset_smk_create_a_subset_dataframe_based_on_scalar" name="dataFrameSubset_exists_scalar" time="0.00199999999995271"/>
    <testcase classname="ds.dataFrameSubset_smk_create_a_subset_dataframe_based_on_scalar" name="dataFrameSubset_exists_scalar" time="0.00100000000020373"/>
    <testcase classname="ds.dataFrameSubset_smk_create_a_subset_dataframe_based_on_scalar" name="dataFrameSubset_exists_scalar" time="0.000999999999976353"/>
    <testcase classname="ds.dataFrameSubset_smk_create_a_subset_dataframe_based_on_scalar" name="dataFrameSubset_exists_scalar" time="0.00199999999995271"/>
    <testcase classname="ds.dataFrameSubset_smk_create_a_subset_dataframe_based_on_scalar" name="dataFrameSubset_exists_scalar" time="0.000999999999976353"/>
    <testcase classname="ds.dataFrameSubset_smk_create_a_subset_dataframe_based_on_scalar" name="dataFrameSubset_exists_scalar" time="0.00199999999995271"/>
    <testcase classname="ds.dataFrameSubset_smk_create_a_subset_dataframe_based_on_scalar" name="dataFrameSubset_exists_scalar" time="0.000999999999976353"/>
    <testcase classname="ds.dataFrameSubset_smk_create_a_subset_dataframe_based_on_scalar" name="dataFrameSubset_exists_scalar" time="0.00200000000018008"/>
  </testsuite>
  <testsuite errors="0" failures="0" hostname="fv-az14" name="ds.dataFrameSubset::smk::shutdown" skipped="0" tests="3" time="0.278" timestamp="2020-10-23T11:18:22Z">
    <testcase classname="ds.dataFrameSubset_smk_shutdown" name="shutdown" time="0.274999999999864"/>
    <testcase classname="ds.dataFrameSubset_smk_shutdown" name="shutdown" time="0.00199999999995271"/>
    <testcase classname="ds.dataFrameSubset_smk_shutdown" name="shutdown" time="0.000999999999976353"/>
  </testsuite>
  <testsuite errors="0" failures="0" hostname="fv-az14" name="ds.dataFrameSubset::smk::down" skipped="0" tests="0" time="0" timestamp="2020-10-23T11:18:22Z"/>
  <testsuite errors="0" failures="0" hostname="fv-az14" name="ds.dim::smk::setup" skipped="0" tests="3" time="5.3" timestamp="2020-10-23T11:18:22Z">
    <testcase classname="ds.dim_smk_setup" name="setup" time="5.298"/>
    <testcase classname="ds.dim_smk_setup" name="setup" time="0.00100000000020373"/>
    <testcase classname="ds.dim_smk_setup" name="setup" time="0.000999999999976353"/>
  </testsuite>
  <testsuite errors="0" failures="0" hostname="fv-az14" name="ds.dim::smk" skipped="0" tests="13" time="0.29" timestamp="2020-10-23T11:18:27Z">
    <testcase classname="ds.dim_smk" name="simple_dim_both" time="0.272999999999911"/>
    <testcase classname="ds.dim_smk" name="simple_dim_both" time="0.00199999999995271"/>
    <testcase classname="ds.dim_smk" name="simple_dim_both" time="0.000999999999976353"/>
    <testcase classname="ds.dim_smk" name="simple_dim_both" time="0.000999999999976353"/>
    <testcase classname="ds.dim_smk" name="simple_dim_both" time="0.00200000000018008"/>
    <testcase classname="ds.dim_smk" name="simple_dim_both" time="0.000999999999976353"/>
    <testcase classname="ds.dim_smk" name="simple_dim_both" time="0.000999999999976353"/>
    <testcase classname="ds.dim_smk" name="simple_dim_both" time="0.00199999999995271"/>
    <testcase classname="ds.dim_smk" name="simple_dim_both" time="0.000999999999976353"/>
    <testcase classname="ds.dim_smk" name="simple_dim_both" time="0.000999999999976353"/>
    <testcase classname="ds.dim_smk" name="simple_dim_both" time="0.00199999999995271"/>
    <testcase classname="ds.dim_smk" name="simple_dim_both" time="0.00100000000020373"/>
    <testcase classname="ds.dim_smk" name="simple_dim_both" time="0.00199999999995271"/>
  </testsuite>
  <testsuite errors="0" failures="0" hostname="fv-az14" name="ds.dim::smk" skipped="0" tests="10" time="0.29" timestamp="2020-10-23T11:18:27Z">
    <testcase classname="ds.dim_smk" name="simple_dim_split" time="0.278999999999996"/>
    <testcase classname="ds.dim_smk" name="simple_dim_split" time="0.00199999999995271"/>
    <testcase classname="ds.dim_smk" name="simple_dim_split" time="0.000999999999976353"/>
    <testcase classname="ds.dim_smk" name="simple_dim_split" time="0.000999999999976353"/>
    <testcase classname="ds.dim_smk" name="simple_dim_split" time="0.000999999999976353"/>
    <testcase classname="ds.dim_smk" name="simple_dim_split" time="0.00200000000018008"/>
    <testcase classname="ds.dim_smk" name="simple_dim_split" time="0.000999999999976353"/>
    <testcase classname="ds.dim_smk" name="simple_dim_split" time="0.000999999999976353"/>
    <testcase classname="ds.dim_smk" name="simple_dim_split" time="0.000999999999976353"/>
    <testcase classname="ds.dim_smk" name="simple_dim_split" time="0.000999999999976353"/>
  </testsuite>
  <testsuite errors="0" failures="0" hostname="fv-az14" name="ds.dim::smk" skipped="0" tests="4" time="0.278" timestamp="2020-10-23T11:18:28Z">
    <testcase classname="ds.dim_smk" name="simple_dim_combine" time="0.273999999999887"/>
    <testcase classname="ds.dim_smk" name="simple_dim_combine" time="0.00100000000020373"/>
    <testcase classname="ds.dim_smk" name="simple_dim_combine" time="0.000999999999976353"/>
    <testcase classname="ds.dim_smk" name="simple_dim_combine" time="0.00199999999995271"/>
  </testsuite>
  <testsuite errors="0" failures="0" hostname="fv-az14" name="ds.dim::smk::shutdown" skipped="0" tests="3" time="0.291" timestamp="2020-10-23T11:18:28Z">
    <testcase classname="ds.dim_smk_shutdown" name="shutdown" time="0.288000000000011"/>
    <testcase classname="ds.dim_smk_shutdown" name="shutdown" time="0.000999999999976353"/>
    <testcase classname="ds.dim_smk_shutdown" name="shutdown" time="0.00199999999995271"/>
  </testsuite>
  <testsuite errors="0" failures="0" hostname="fv-az14" name="ds.dim::smk::done" skipped="0" tests="0" time="0" timestamp="2020-10-23T11:18:29Z"/>
  <testsuite errors="0" failures="0" hostname="fv-az14" name="ds.exists::smk::setup" skipped="0" tests="3" time="5.223" timestamp="2020-10-23T11:18:29Z">
    <testcase classname="ds.exists_smk_setup" name="setup" time="5.22000000000003"/>
    <testcase classname="ds.exists_smk_setup" name="setup" time="0.000999999999976353"/>
    <testcase classname="ds.exists_smk_setup" name="setup" time="0.00199999999995271"/>
  </testsuite>
  <testsuite errors="0" failures="0" hostname="fv-az14" name="ds.exists::smk" skipped="0" tests="7" time="0.278" timestamp="2020-10-23T11:18:33Z">
    <testcase classname="ds.exists_smk" name="simple_exists" time="0.269999999999982"/>
    <testcase classname="ds.exists_smk" name="simple_exists" time="0.00100000000020373"/>
    <testcase classname="ds.exists_smk" name="simple_exists" time="0.00199999999995271"/>
    <testcase classname="ds.exists_smk" name="simple_exists" time="0.000999999999976353"/>
    <testcase classname="ds.exists_smk" name="simple_exists" time="0.000999999999976353"/>
    <testcase classname="ds.exists_smk" name="simple_exists" time="0.000999999999976353"/>
    <testcase classname="ds.exists_smk" name="simple_exists" time="0.00199999999995271"/>
  </testsuite>
  <testsuite errors="0" failures="0" hostname="fv-az14" name="ds.exists::smk" skipped="0" tests="7" time="0.285" timestamp="2020-10-23T11:18:34Z">
    <testcase classname="ds.exists_smk" name="simple_exists_with_dollar" time="0.27800000000002"/>
    <testcase classname="ds.exists_smk" name="simple_exists_with_dollar" time="0.000999999999976353"/>
    <testcase classname="ds.exists_smk" name="simple_exists_with_dollar" time="0.000999999999976353"/>
    <testcase classname="ds.exists_smk" name="simple_exists_with_dollar" time="0.000999999999976353"/>
    <testcase classname="ds.exists_smk" name="simple_exists_with_dollar" time="0.00200000000018008"/>
    <testcase classname="ds.exists_smk" name="simple_exists_with_dollar" time="0.000999999999976353"/>
    <testcase classname="ds.exists_smk" name="simple_exists_with_dollar" time="0.000999999999976353"/>
  </testsuite>
  <testsuite errors="0" failures="0" hostname="fv-az14" name="ds.exists::smk" skipped="0" tests="7" time="0.828" timestamp="2020-10-23T11:18:34Z">
    <testcase classname="ds.exists_smk" name="simple_exists" time="0.820999999999913"/>
    <testcase classname="ds.exists_smk" name="simple_exists" time="0.000999999999976353"/>
    <testcase classname="ds.exists_smk" name="simple_exists" time="0.00200000000018008"/>
    <testcase classname="ds.exists_smk" name="simple_exists" time="0.000999999999976353"/>
    <testcase classname="ds.exists_smk" name="simple_exists" time="0.000999999999976353"/>
    <testcase classname="ds.exists_smk" name="simple_exists" time="0.000999999999976353"/>
    <testcase classname="ds.exists_smk" name="simple_exists" time="0.000999999999976353"/>
  </testsuite>
  <testsuite errors="0" failures="0" hostname="fv-az14" name="ds.exists::smk::shutdown" skipped="0" tests="3" time="0.277" timestamp="2020-10-23T11:18:35Z">
    <testcase classname="ds.exists_smk_shutdown" name="shutdown" time="0.273999999999887"/>
    <testcase classname="ds.exists_smk_shutdown" name="shutdown" time="0.00100000000020373"/>
    <testcase classname="ds.exists_smk_shutdown" name="shutdown" time="0.00199999999995271"/>
  </testsuite>
  <testsuite errors="0" failures="0" hostname="fv-az14" name="ds.exists::smk::done" skipped="0" tests="0" time="0" timestamp="2020-10-23T11:18:36Z"/>
  <testsuite errors="0" failures="0" hostname="fv-az14" name="ds.exp::smk::setup" skipped="0" tests="3" time="5.179" timestamp="2020-10-23T11:18:36Z">
    <testcase classname="ds.exp_smk_setup" name="setup" time="5.17699999999991"/>
    <testcase classname="ds.exp_smk_setup" name="setup" time="0.000999999999976353"/>
    <testcase classname="ds.exp_smk_setup" name="setup" time="0.000999999999976353"/>
  </testsuite>
  <testsuite errors="0" failures="0" hostname="fv-az14" name="ds.exp::smk" skipped="0" tests="30" time="5.494" timestamp="2020-10-23T11:18:40Z">
    <testcase classname="ds.exp_smk" name="simple_exp" time="1.50800000000004"/>
    <testcase classname="ds.exp_smk" name="simple_exp" time="0.270999999999958"/>
    <testcase classname="ds.exp_smk" name="simple_exp" time="0.00100000000020373"/>
    <testcase classname="ds.exp_smk" name="simple_exp" time="0.000999999999976353"/>
    <testcase classname="ds.exp_smk" name="simple_exp" time="0.000999999999976353"/>
    <testcase classname="ds.exp_smk" name="simple_exp" time="0.000999999999976353"/>
    <testcase classname="ds.exp_smk" name="simple_exp" time="0.00199999999995271"/>
    <testcase classname="ds.exp_smk" name="simple_exp" time="0.000999999999976353"/>
    <testcase classname="ds.exp_smk" name="simple_exp" time="0.549999999999955"/>
    <testcase classname="ds.exp_smk" name="simple_exp" time="0.00200000000018008"/>
    <testcase classname="ds.exp_smk" name="simple_exp" time="0.000999999999976353"/>
    <testcase classname="ds.exp_smk" name="simple_exp" time="0.00199999999995271"/>
    <testcase classname="ds.exp_smk" name="simple_exp" time="0.00199999999995271"/>
    <testcase classname="ds.exp_smk" name="simple_exp" time="0.000999999999976353"/>
    <testcase classname="ds.exp_smk" name="simple_exp" time="0.000999999999976353"/>
    <testcase classname="ds.exp_smk" name="simple_exp" time="2.29999999999995"/>
    <testcase classname="ds.exp_smk" name="simple_exp" time="0.285000000000082"/>
    <testcase classname="ds.exp_smk" name="simple_exp" time="0.00199999999995271"/>
    <testcase classname="ds.exp_smk" name="simple_exp" time="0.000999999999976353"/>
    <testcase classname="ds.exp_smk" name="simple_exp" time="0.00200000000018008"/>
    <testcase classname="ds.exp_smk" name="simple_exp" time="0.000999999999976353"/>
    <testcase classname="ds.exp_smk" name="simple_exp" time="0.00199999999995271"/>
    <testcase classname="ds.exp_smk" name="simple_exp" time="0.00199999999995271"/>
    <testcase classname="ds.exp_smk" name="simple_exp" time="0.544000000000096"/>
    <testcase classname="ds.exp_smk" name="simple_exp" time="0.00199999999995271"/>
    <testcase classname="ds.exp_smk" name="simple_exp" time="0.000999999999976353"/>
    <testcase classname="ds.exp_smk" name="simple_exp" time="0.00199999999995271"/>
    <testcase classname="ds.exp_smk" name="simple_exp" time="0.00199999999995271"/>
    <testcase classname="ds.exp_smk" name="simple_exp" time="0.00100000000020373"/>
    <testcase classname="ds.exp_smk" name="simple_exp" time="0.00199999999995271"/>
  </testsuite>
  <testsuite errors="0" failures="0" hostname="fv-az14" name="ds.exp::smk::shutdown" skipped="0" tests="3" time="0.285" timestamp="2020-10-23T11:18:46Z">
    <testcase classname="ds.exp_smk_shutdown" name="shutdown" time="0.281999999999925"/>
    <testcase classname="ds.exp_smk_shutdown" name="shutdown" time="0.00199999999995271"/>
    <testcase classname="ds.exp_smk_shutdown" name="shutdown" time="0.000999999999976353"/>
  </testsuite>
  <testsuite errors="0" failures="0" hostname="fv-az14" name="ds.exp::smk::done" skipped="0" tests="0" time="0" timestamp="2020-10-23T11:18:47Z"/>
  <testsuite errors="0" failures="0" hostname="fv-az14" name="ds.getWGSR::smk::setup" skipped="0" tests="3" time="5.314" timestamp="2020-10-23T11:18:47Z">
    <testcase classname="ds.getWGSR_smk_setup" name="setup" time="5.31100000000015"/>
    <testcase classname="ds.getWGSR_smk_setup" name="setup" time="0.00199999999995271"/>
    <testcase classname="ds.getWGSR_smk_setup" name="setup" time="0.000999999999976353"/>
  </testsuite>
  <testsuite errors="0" failures="0" hostname="fv-az14" name="ds.getWGSR::smk" skipped="0" tests="21" time="4.905" timestamp="2020-10-23T11:18:51Z">
    <testcase classname="ds.getWGSR_smk" name="simple_getWGSR" time="4.07899999999995"/>
    <testcase classname="ds.getWGSR_smk" name="simple_getWGSR" time="0.000999999999976353"/>
    <testcase classname="ds.getWGSR_smk" name="simple_getWGSR" time="0.00200000000018008"/>
    <testcase classname="ds.getWGSR_smk" name="simple_getWGSR" time="0.000999999999976353"/>
    <testcase classname="ds.getWGSR_smk" name="simple_getWGSR" time="0.000999999999976353"/>
    <testcase classname="ds.getWGSR_smk" name="simple_getWGSR" time="0.536000000000058"/>
    <testcase classname="ds.getWGSR_smk" name="simple_getWGSR" time="0.000999999999976353"/>
    <testcase classname="ds.getWGSR_smk" name="simple_getWGSR" time="0.000999999999976353"/>
    <testcase classname="ds.getWGSR_smk" name="simple_getWGSR" time="0.000999999999976353"/>
    <testcase classname="ds.getWGSR_smk" name="simple_getWGSR" time="0.00199999999995271"/>
    <testcase classname="ds.getWGSR_smk" name="simple_getWGSR" time="0"/>
    <testcase classname="ds.getWGSR_smk" name="simple_getWGSR" time="0.000999999999976353"/>
    <testcase classname="ds.getWGSR_smk" name="simple_getWGSR" time="0.269000000000005"/>
    <testcase classname="ds.getWGSR_smk" name="simple_getWGSR" time="0.00199999999995271"/>
    <testcase classname="ds.getWGSR_smk" name="simple_getWGSR" time="0.00100000000020373"/>
    <testcase classname="ds.getWGSR_smk" name="simple_getWGSR" time="0.000999999999976353"/>
    <testcase classname="ds.getWGSR_smk" name="simple_getWGSR" time="0.000999999999976353"/>
    <testcase classname="ds.getWGSR_smk" name="simple_getWGSR" time="0.000999999999976353"/>
    <testcase classname="ds.getWGSR_smk" name="simple_getWGSR" time="0.000999999999976353"/>
    <testcase classname="ds.getWGSR_smk" name="simple_getWGSR" time="0.000999999999976353"/>
    <testcase classname="ds.getWGSR_smk" name="simple_getWGSR" time="0.00199999999995271"/>
  </testsuite>
  <testsuite errors="0" failures="0" hostname="fv-az14" name="ds.getWGSR::smk::shutdown" skipped="0" tests="3" time="0.277" timestamp="2020-10-23T11:18:56Z">
    <testcase classname="ds.getWGSR_smk_shutdown" name="shutdown" time="0.275000000000091"/>
    <testcase classname="ds.getWGSR_smk_shutdown" name="shutdown" time="0.000999999999976353"/>
    <testcase classname="ds.getWGSR_smk_shutdown" name="shutdown" time="0.000999999999976353"/>
  </testsuite>
  <testsuite errors="0" failures="0" hostname="fv-az14" name="ds.getWGSR::smk::done" skipped="0" tests="0" time="0" timestamp="2020-10-23T11:18:57Z"/>
  <testsuite errors="0" failures="0" hostname="fv-az14" name="ds.glm::smk::binomial::setup" skipped="0" tests="3" time="5.286" timestamp="2020-10-23T11:18:57Z">
    <testcase classname="ds.glm_smk_binomial_setup" name="setup" time="5.28300000000013"/>
    <testcase classname="ds.glm_smk_binomial_setup" name="setup" time="0.000999999999976353"/>
    <testcase classname="ds.glm_smk_binomial_setup" name="setup" time="0.00199999999995271"/>
  </testsuite>
  <testsuite errors="0" failures="0" hostname="fv-az14" name="ds.glm::smk::binomial" skipped="0" tests="20" time="2.951" timestamp="2020-10-23T11:19:02Z">
    <testcase classname="ds.glm_smk_binomial" name="glm_binomial" time="2.92899999999986"/>
    <testcase classname="ds.glm_smk_binomial" name="glm_binomial" time="0.00100000000020373"/>
    <testcase classname="ds.glm_smk_binomial" name="glm_binomial" time="0.000999999999976353"/>
    <testcase classname="ds.glm_smk_binomial" name="glm_binomial" time="0.000999999999976353"/>
    <testcase classname="ds.glm_smk_binomial" name="glm_binomial" time="0.000999999999976353"/>
    <testcase classname="ds.glm_smk_binomial" name="glm_binomial" time="0.000999999999976353"/>
    <testcase classname="ds.glm_smk_binomial" name="glm_binomial" time="0.000999999999976353"/>
    <testcase classname="ds.glm_smk_binomial" name="glm_binomial" time="0.000999999999976353"/>
    <testcase classname="ds.glm_smk_binomial" name="glm_binomial" time="0.000999999999976353"/>
    <testcase classname="ds.glm_smk_binomial" name="glm_binomial" time="0.00200000000018008"/>
    <testcase classname="ds.glm_smk_binomial" name="glm_binomial" time="0.000999999999976353"/>
    <testcase classname="ds.glm_smk_binomial" name="glm_binomial" time="0.000999999999976353"/>
    <testcase classname="ds.glm_smk_binomial" name="glm_binomial" time="0.000999999999976353"/>
    <testcase classname="ds.glm_smk_binomial" name="glm_binomial" time="0.000999999999976353"/>
    <testcase classname="ds.glm_smk_binomial" name="glm_binomial" time="0.00199999999995271"/>
    <testcase classname="ds.glm_smk_binomial" name="glm_binomial" time="0.000999999999976353"/>
    <testcase classname="ds.glm_smk_binomial" name="glm_binomial" time="0.000999999999976353"/>
    <testcase classname="ds.glm_smk_binomial" name="glm_binomial" time="0.00100000000020373"/>
    <testcase classname="ds.glm_smk_binomial" name="glm_binomial" time="0.00199999999995271"/>
    <testcase classname="ds.glm_smk_binomial" name="glm_binomial" time="0.000999999999976353"/>
  </testsuite>
  <testsuite errors="0" failures="0" hostname="fv-az14" name="ds.glm::smk::binomial, with check" skipped="0" tests="21" time="8.966" timestamp="2020-10-23T11:19:05Z">
    <testcase classname="ds.glm_smk_binomial_with_check" name="glm_binomial_with_check" time="8.94299999999998"/>
    <testcase classname="ds.glm_smk_binomial_with_check" name="glm_binomial_with_check" time="0.000999999999976353"/>
    <testcase classname="ds.glm_smk_binomial_with_check" name="glm_binomial_with_check" time="0.000999999999976353"/>
    <testcase classname="ds.glm_smk_binomial_with_check" name="glm_binomial_with_check" time="0.000999999999976353"/>
    <testcase classname="ds.glm_smk_binomial_with_check" name="glm_binomial_with_check" time="0.000999999999976353"/>
    <testcase classname="ds.glm_smk_binomial_with_check" name="glm_binomial_with_check" time="0.000999999999976353"/>
    <testcase classname="ds.glm_smk_binomial_with_check" name="glm_binomial_with_check" time="0.00100000000020373"/>
    <testcase classname="ds.glm_smk_binomial_with_check" name="glm_binomial_with_check" time="0.000999999999976353"/>
    <testcase classname="ds.glm_smk_binomial_with_check" name="glm_binomial_with_check" time="0.000999999999976353"/>
    <testcase classname="ds.glm_smk_binomial_with_check" name="glm_binomial_with_check" time="0.000999999999976353"/>
    <testcase classname="ds.glm_smk_binomial_with_check" name="glm_binomial_with_check" time="0.00199999999995271"/>
    <testcase classname="ds.glm_smk_binomial_with_check" name="glm_binomial_with_check" time="0.000999999999976353"/>
    <testcase classname="ds.glm_smk_binomial_with_check" name="glm_binomial_with_check" time="0.000999999999976353"/>
    <testcase classname="ds.glm_smk_binomial_with_check" name="glm_binomial_with_check" time="0.000999999999976353"/>
    <testcase classname="ds.glm_smk_binomial_with_check" name="glm_binomial_with_check" time="0.00100000000020373"/>
    <testcase classname="ds.glm_smk_binomial_with_check" name="glm_binomial_with_check" time="0.000999999999976353"/>
    <testcase classname="ds.glm_smk_binomial_with_check" name="glm_binomial_with_check" time="0.00199999999995271"/>
    <testcase classname="ds.glm_smk_binomial_with_check" name="glm_binomial_with_check" time="0.000999999999976353"/>
    <testcase classname="ds.glm_smk_binomial_with_check" name="glm_binomial_with_check" time="0.000999999999976353"/>
    <testcase classname="ds.glm_smk_binomial_with_check" name="glm_binomial_with_check" time="0.00199999999995271"/>
    <testcase classname="ds.glm_smk_binomial_with_check" name="glm_binomial_with_check" time="0.000999999999976353"/>
  </testsuite>
  <testsuite errors="0" failures="0" hostname="fv-az14" name="ds.glm::smk::binomial::shutdown" skipped="0" tests="3" time="0.28" timestamp="2020-10-23T11:19:14Z">
    <testcase classname="ds.glm_smk_binomial_shutdown" name="shutdown" time="0.277000000000044"/>
    <testcase classname="ds.glm_smk_binomial_shutdown" name="shutdown" time="0.00199999999995271"/>
    <testcase classname="ds.glm_smk_binomial_shutdown" name="shutdown" time="0.000999999999976353"/>
  </testsuite>
  <testsuite errors="0" failures="0" hostname="fv-az14" name="ds.glm::smk::binomial::done" skipped="0" tests="0" time="0" timestamp="2020-10-23T11:19:15Z"/>
  <testsuite errors="0" failures="0" hostname="fv-az14" name="ds.glmerSLMA::smk::setup - phase 1" skipped="0" tests="3" time="5.284" timestamp="2020-10-23T11:19:15Z">
    <testcase classname="ds.glmerSLMA_smk_setup_phase_1" name="setup" time="5.28200000000015"/>
    <testcase classname="ds.glmerSLMA_smk_setup_phase_1" name="setup" time="0.000999999999976353"/>
    <testcase classname="ds.glmerSLMA_smk_setup_phase_1" name="setup" time="0.000999999999976353"/>
  </testsuite>
  <testsuite errors="0" failures="0" hostname="fv-az14" name="ds.glmerSLMA::smk::phase 1" skipped="0" tests="14" time="19.306" timestamp="2020-10-23T11:19:19Z">
    <testcase classname="ds.glmerSLMA_smk_phase_1" name="simple_glmerSLMA_tesing_mis_use_of_arguments" time="3.05300000000011"/>
    <testcase classname="ds.glmerSLMA_smk_phase_1" name="simple_glmerSLMA_tesing_mis_use_of_arguments" time="0.67899999999986"/>
    <testcase classname="ds.glmerSLMA_smk_phase_1" name="simple_glmerSLMA_tesing_mis_use_of_arguments" time="0.00199999999995271"/>
    <testcase classname="ds.glmerSLMA_smk_phase_1" name="simple_glmerSLMA_tesing_mis_use_of_arguments" time="0.000999999999976353"/>
    <testcase classname="ds.glmerSLMA_smk_phase_1" name="simple_glmerSLMA_tesing_mis_use_of_arguments" time="0.00100000000020373"/>
    <testcase classname="ds.glmerSLMA_smk_phase_1" name="simple_glmerSLMA_tesing_mis_use_of_arguments" time="0.000999999999976353"/>
    <testcase classname="ds.glmerSLMA_smk_phase_1" name="simple_glmerSLMA_tesing_mis_use_of_arguments" time="2.09799999999996"/>
    <testcase classname="ds.glmerSLMA_smk_phase_1" name="test_offsets_and_weights" time="6.75499999999988"/>
    <testcase classname="ds.glmerSLMA_smk_phase_1" name="test_offsets_and_weights" time="1.0150000000001"/>
    <testcase classname="ds.glmerSLMA_smk_phase_1" name="test_offsets_and_weights" time="1"/>
    <testcase classname="ds.glmerSLMA_smk_phase_1" name="test_offsets_and_weights" time="1.029"/>
    <testcase classname="ds.glmerSLMA_smk_phase_1" name="alternative_formulae_for_nested_groups" time="1.35599999999999"/>
    <testcase classname="ds.glmerSLMA_smk_phase_1" name="alternative_formulae_for_nested_groups" time="1.30099999999993"/>
    <testcase classname="ds.glmerSLMA_smk_phase_1" name="simple_glmerSLMA" time="1.0150000000001"/>
  </testsuite>
  <testsuite errors="0" failures="0" hostname="fv-az14" name="ds.glmerSLMA::smk::shutdown - phase 1" skipped="0" tests="3" time="0.282" timestamp="2020-10-23T11:19:39Z">
    <testcase classname="ds.glmerSLMA_smk_shutdown_phase_1" name="setup" time="0.280999999999949"/>
    <testcase classname="ds.glmerSLMA_smk_shutdown_phase_1" name="setup" time="0.000999999999976353"/>
    <testcase classname="ds.glmerSLMA_smk_shutdown_phase_1" name="setup" time="0"/>
  </testsuite>
  <testsuite errors="0" failures="0" hostname="fv-az14" name="ds.glmerSLMA::smk::setup - phase 2" skipped="0" tests="3" time="5.449" timestamp="2020-10-23T11:19:40Z">
    <testcase classname="ds.glmerSLMA_smk_setup_phase_2" name="setup" time="5.44700000000012"/>
    <testcase classname="ds.glmerSLMA_smk_setup_phase_2" name="setup" time="0.000999999999976353"/>
    <testcase classname="ds.glmerSLMA_smk_setup_phase_2" name="setup" time="0.000999999999976353"/>
  </testsuite>
  <testsuite errors="0" failures="0" hostname="fv-az14" name="ds.glmerSLMA::smk::test - phase 2" skipped="0" tests="54" time="18.19" timestamp="2020-10-23T11:19:44Z">
    <testcase classname="ds.glmerSLMA_smk_test_phase_2" name="check_slope_formulae_1" time="9.97399999999993"/>
    <testcase classname="ds.glmerSLMA_smk_test_phase_2" name="check_slope_formulae_1" time="0.000999999999976353"/>
    <testcase classname="ds.glmerSLMA_smk_test_phase_2" name="check_slope_formulae_1" time="0.000999999999976353"/>
    <testcase classname="ds.glmerSLMA_smk_test_phase_2" name="check_slope_formulae_1" time="0.00100000000020373"/>
    <testcase classname="ds.glmerSLMA_smk_test_phase_2" name="check_slope_formulae_1" time="0.00199999999995271"/>
    <testcase classname="ds.glmerSLMA_smk_test_phase_2" name="check_slope_formulae_1" time="0.000999999999976353"/>
    <testcase classname="ds.glmerSLMA_smk_test_phase_2" name="check_slope_formulae_1" time="0.000999999999976353"/>
    <testcase classname="ds.glmerSLMA_smk_test_phase_2" name="check_slope_formulae_1" time="0.000999999999976353"/>
    <testcase classname="ds.glmerSLMA_smk_test_phase_2" name="check_slope_formulae_1" time="0.000999999999976353"/>
    <testcase classname="ds.glmerSLMA_smk_test_phase_2" name="check_slope_formulae_1" time="0.000999999999976353"/>
    <testcase classname="ds.glmerSLMA_smk_test_phase_2" name="check_slope_formulae_1" time="0.00199999999995271"/>
    <testcase classname="ds.glmerSLMA_smk_test_phase_2" name="check_slope_formulae_1" time="0.00100000000020373"/>
    <testcase classname="ds.glmerSLMA_smk_test_phase_2" name="check_slope_formulae_1" time="0.00199999999995271"/>
    <testcase classname="ds.glmerSLMA_smk_test_phase_2" name="check_slope_formulae_1" time="0.000999999999976353"/>
    <testcase classname="ds.glmerSLMA_smk_test_phase_2" name="check_slope_formulae_1" time="0.000999999999976353"/>
    <testcase classname="ds.glmerSLMA_smk_test_phase_2" name="check_slope_formulae_1" time="0.00199999999995271"/>
    <testcase classname="ds.glmerSLMA_smk_test_phase_2" name="check_slope_formulae_1" time="0.000999999999976353"/>
    <testcase classname="ds.glmerSLMA_smk_test_phase_2" name="check_slope_formulae_1" time="0.000999999999976353"/>
    <testcase classname="ds.glmerSLMA_smk_test_phase_2" name="check_slope_formulae_1" time="0.00200000000018008"/>
    <testcase classname="ds.glmerSLMA_smk_test_phase_2" name="check_slope_formulae_1" time="0.000999999999976353"/>
    <testcase classname="ds.glmerSLMA_smk_test_phase_2" name="check_slope_formulae_1" time="0.00199999999995271"/>
    <testcase classname="ds.glmerSLMA_smk_test_phase_2" name="check_slope_formulae_1" time="0.000999999999976353"/>
    <testcase classname="ds.glmerSLMA_smk_test_phase_2" name="check_slope_formulae_1" time="0.00299999999992906"/>
    <testcase classname="ds.glmerSLMA_smk_test_phase_2" name="check_slope_formulae_1" time="0.000999999999976353"/>
    <testcase classname="ds.glmerSLMA_smk_test_phase_2" name="check_slope_formulae_1" time="0.00100000000020373"/>
    <testcase classname="ds.glmerSLMA_smk_test_phase_2" name="check_slope_formulae_1" time="0.00199999999995271"/>
    <testcase classname="ds.glmerSLMA_smk_test_phase_2" name="check_slope_formulae_1" time="0.00199999999995271"/>
    <testcase classname="ds.glmerSLMA_smk_test_phase_2" name="check_slope_formulae_2" time="8.13400000000001"/>
    <testcase classname="ds.glmerSLMA_smk_test_phase_2" name="check_slope_formulae_2" time="0.00199999999995271"/>
    <testcase classname="ds.glmerSLMA_smk_test_phase_2" name="check_slope_formulae_2" time="0.00199999999995271"/>
    <testcase classname="ds.glmerSLMA_smk_test_phase_2" name="check_slope_formulae_2" time="0.00200000000018008"/>
    <testcase classname="ds.glmerSLMA_smk_test_phase_2" name="check_slope_formulae_2" time="0.00199999999995271"/>
    <testcase classname="ds.glmerSLMA_smk_test_phase_2" name="check_slope_formulae_2" time="0.000999999999976353"/>
    <testcase classname="ds.glmerSLMA_smk_test_phase_2" name="check_slope_formulae_2" time="0.00199999999995271"/>
    <testcase classname="ds.glmerSLMA_smk_test_phase_2" name="check_slope_formulae_2" time="0.00199999999995271"/>
    <testcase classname="ds.glmerSLMA_smk_test_phase_2" name="check_slope_formulae_2" time="0.00199999999995271"/>
    <testcase classname="ds.glmerSLMA_smk_test_phase_2" name="check_slope_formulae_2" time="0.00100000000020373"/>
    <testcase classname="ds.glmerSLMA_smk_test_phase_2" name="check_slope_formulae_2" time="0.00199999999995271"/>
    <testcase classname="ds.glmerSLMA_smk_test_phase_2" name="check_slope_formulae_2" time="0.00199999999995271"/>
    <testcase classname="ds.glmerSLMA_smk_test_phase_2" name="check_slope_formulae_2" time="0.000999999999976353"/>
    <testcase classname="ds.glmerSLMA_smk_test_phase_2" name="check_slope_formulae_2" time="0.00199999999995271"/>
    <testcase classname="ds.glmerSLMA_smk_test_phase_2" name="check_slope_formulae_2" time="0.00200000000018008"/>
    <testcase classname="ds.glmerSLMA_smk_test_phase_2" name="check_slope_formulae_2" time="0.00199999999995271"/>
    <testcase classname="ds.glmerSLMA_smk_test_phase_2" name="check_slope_formulae_2" time="0.000999999999976353"/>
    <testcase classname="ds.glmerSLMA_smk_test_phase_2" name="check_slope_formulae_2" time="0.000999999999976353"/>
    <testcase classname="ds.glmerSLMA_smk_test_phase_2" name="check_slope_formulae_2" time="0.00199999999995271"/>
    <testcase classname="ds.glmerSLMA_smk_test_phase_2" name="check_slope_formulae_2" time="0.00199999999995271"/>
    <testcase classname="ds.glmerSLMA_smk_test_phase_2" name="check_slope_formulae_2" time="0.00200000000018008"/>
    <testcase classname="ds.glmerSLMA_smk_test_phase_2" name="check_slope_formulae_2" time="0.00199999999995271"/>
    <testcase classname="ds.glmerSLMA_smk_test_phase_2" name="check_slope_formulae_2" time="0.00199999999995271"/>
    <testcase classname="ds.glmerSLMA_smk_test_phase_2" name="check_slope_formulae_2" time="0.000999999999976353"/>
    <testcase classname="ds.glmerSLMA_smk_test_phase_2" name="check_slope_formulae_2" time="0.00199999999995271"/>
    <testcase classname="ds.glmerSLMA_smk_test_phase_2" name="check_slope_formulae_2" time="0.00200000000018008"/>
    <testcase classname="ds.glmerSLMA_smk_test_phase_2" name="check_slope_formulae_2" time="0.00199999999995271"/>
  </testsuite>
  <testsuite errors="0" failures="0" hostname="fv-az14" name="ds.glmerSLMA::smk::shutdown - phase 2" skipped="0" tests="3" time="0.281" timestamp="2020-10-23T11:20:03Z">
    <testcase classname="ds.glmerSLMA_smk_shutdown_phase_2" name="setup" time="0.278999999999996"/>
    <testcase classname="ds.glmerSLMA_smk_shutdown_phase_2" name="setup" time="0.000999999999976353"/>
    <testcase classname="ds.glmerSLMA_smk_shutdown_phase_2" name="setup" time="0.000999999999976353"/>
  </testsuite>
  <testsuite errors="0" failures="0" hostname="fv-az14" name="ds.glmerSLMA::smk::done" skipped="0" tests="0" time="0" timestamp="2020-10-23T11:20:04Z"/>
  <testsuite errors="0" failures="0" hostname="fv-az14" name="ds.glm::smk::gaussian::setup" skipped="0" tests="3" time="5.38" timestamp="2020-10-23T11:20:04Z">
    <testcase classname="ds.glm_smk_gaussian_setup" name="setup" time="5.37799999999993"/>
    <testcase classname="ds.glm_smk_gaussian_setup" name="setup" time="0.000999999999976353"/>
    <testcase classname="ds.glm_smk_gaussian_setup" name="setup" time="0.000999999999976353"/>
  </testsuite>
  <testsuite errors="0" failures="0" hostname="fv-az14" name="ds.glm::smk::gaussian" skipped="0" tests="20" time="1.13" timestamp="2020-10-23T11:20:08Z">
    <testcase classname="ds.glm_smk_gaussian" name="glm_gaussian" time="1.10500000000002"/>
    <testcase classname="ds.glm_smk_gaussian" name="glm_gaussian" time="0.000999999999976353"/>
    <testcase classname="ds.glm_smk_gaussian" name="glm_gaussian" time="0.00200000000018008"/>
    <testcase classname="ds.glm_smk_gaussian" name="glm_gaussian" time="0.000999999999976353"/>
    <testcase classname="ds.glm_smk_gaussian" name="glm_gaussian" time="0.000999999999976353"/>
    <testcase classname="ds.glm_smk_gaussian" name="glm_gaussian" time="0.00199999999995271"/>
    <testcase classname="ds.glm_smk_gaussian" name="glm_gaussian" time="0.000999999999976353"/>
    <testcase classname="ds.glm_smk_gaussian" name="glm_gaussian" time="0.000999999999976353"/>
    <testcase classname="ds.glm_smk_gaussian" name="glm_gaussian" time="0.000999999999976353"/>
    <testcase classname="ds.glm_smk_gaussian" name="glm_gaussian" time="0.00200000000018008"/>
    <testcase classname="ds.glm_smk_gaussian" name="glm_gaussian" time="0.000999999999976353"/>
    <testcase classname="ds.glm_smk_gaussian" name="glm_gaussian" time="0.000999999999976353"/>
    <testcase classname="ds.glm_smk_gaussian" name="glm_gaussian" time="0.00199999999995271"/>
    <testcase classname="ds.glm_smk_gaussian" name="glm_gaussian" time="0.000999999999976353"/>
    <testcase classname="ds.glm_smk_gaussian" name="glm_gaussian" time="0.000999999999976353"/>
    <testcase classname="ds.glm_smk_gaussian" name="glm_gaussian" time="0.00199999999995271"/>
    <testcase classname="ds.glm_smk_gaussian" name="glm_gaussian" time="0.00100000000020373"/>
    <testcase classname="ds.glm_smk_gaussian" name="glm_gaussian" time="0.000999999999976353"/>
    <testcase classname="ds.glm_smk_gaussian" name="glm_gaussian" time="0.00199999999995271"/>
    <testcase classname="ds.glm_smk_gaussian" name="glm_gaussian" time="0.000999999999976353"/>
  </testsuite>
  <testsuite errors="0" failures="0" hostname="fv-az14" name="ds.glm::smk::gaussian, with check" skipped="0" tests="21" time="4.31" timestamp="2020-10-23T11:20:09Z">
    <testcase classname="ds.glm_smk_gaussian_with_check" name="glm_gaussian_with_check" time="4.28400000000011"/>
    <testcase classname="ds.glm_smk_gaussian_with_check" name="glm_gaussian_with_check" time="0.000999999999976353"/>
    <testcase classname="ds.glm_smk_gaussian_with_check" name="glm_gaussian_with_check" time="0.00199999999995271"/>
    <testcase classname="ds.glm_smk_gaussian_with_check" name="glm_gaussian_with_check" time="0.000999999999976353"/>
    <testcase classname="ds.glm_smk_gaussian_with_check" name="glm_gaussian_with_check" time="0.00199999999995271"/>
    <testcase classname="ds.glm_smk_gaussian_with_check" name="glm_gaussian_with_check" time="0.000999999999976353"/>
    <testcase classname="ds.glm_smk_gaussian_with_check" name="glm_gaussian_with_check" time="0.000999999999976353"/>
    <testcase classname="ds.glm_smk_gaussian_with_check" name="glm_gaussian_with_check" time="0.000999999999976353"/>
    <testcase classname="ds.glm_smk_gaussian_with_check" name="glm_gaussian_with_check" time="0.00200000000018008"/>
    <testcase classname="ds.glm_smk_gaussian_with_check" name="glm_gaussian_with_check" time="0.000999999999976353"/>
    <testcase classname="ds.glm_smk_gaussian_with_check" name="glm_gaussian_with_check" time="0.000999999999976353"/>
    <testcase classname="ds.glm_smk_gaussian_with_check" name="glm_gaussian_with_check" time="0.000999999999976353"/>
    <testcase classname="ds.glm_smk_gaussian_with_check" name="glm_gaussian_with_check" time="0.00199999999995271"/>
    <testcase classname="ds.glm_smk_gaussian_with_check" name="glm_gaussian_with_check" time="0.000999999999976353"/>
    <testcase classname="ds.glm_smk_gaussian_with_check" name="glm_gaussian_with_check" time="0.000999999999976353"/>
    <testcase classname="ds.glm_smk_gaussian_with_check" name="glm_gaussian_with_check" time="0.00200000000018008"/>
    <testcase classname="ds.glm_smk_gaussian_with_check" name="glm_gaussian_with_check" time="0.000999999999976353"/>
    <testcase classname="ds.glm_smk_gaussian_with_check" name="glm_gaussian_with_check" time="0.000999999999976353"/>
    <testcase classname="ds.glm_smk_gaussian_with_check" name="glm_gaussian_with_check" time="0.000999999999976353"/>
    <testcase classname="ds.glm_smk_gaussian_with_check" name="glm_gaussian_with_check" time="0.000999999999976353"/>
    <testcase classname="ds.glm_smk_gaussian_with_check" name="glm_gaussian_with_check" time="0.00199999999995271"/>
  </testsuite>
  <testsuite errors="0" failures="0" hostname="fv-az14" name="ds.glm::smk::gaussian::shutdown" skipped="0" tests="3" time="0.278" timestamp="2020-10-23T11:20:14Z">
    <testcase classname="ds.glm_smk_gaussian_shutdown" name="shutdown" time="0.276000000000067"/>
    <testcase classname="ds.glm_smk_gaussian_shutdown" name="shutdown" time="0.000999999999976353"/>
    <testcase classname="ds.glm_smk_gaussian_shutdown" name="shutdown" time="0.000999999999976353"/>
  </testsuite>
  <testsuite errors="0" failures="0" hostname="fv-az14" name="ds.glm::smk::gaussian::done" skipped="0" tests="0" time="0" timestamp="2020-10-23T11:20:15Z"/>
  <testsuite errors="0" failures="0" hostname="fv-az14" name="ds.glm::smk::poisson::setup" skipped="0" tests="3" time="5.287" timestamp="2020-10-23T11:20:15Z">
    <testcase classname="ds.glm_smk_poisson_setup" name="setup" time="5.28500000000008"/>
    <testcase classname="ds.glm_smk_poisson_setup" name="setup" time="0.000999999999976353"/>
    <testcase classname="ds.glm_smk_poisson_setup" name="setup" time="0.000999999999976353"/>
  </testsuite>
  <testsuite errors="0" failures="0" hostname="fv-az14" name="ds.glm::smk::poisson" skipped="0" tests="20" time="2.12" timestamp="2020-10-23T11:20:19Z">
    <testcase classname="ds.glm_smk_poisson" name="glm_gaussian" time="2.09400000000005"/>
    <testcase classname="ds.glm_smk_poisson" name="glm_gaussian" time="0.00199999999995271"/>
    <testcase classname="ds.glm_smk_poisson" name="glm_gaussian" time="0.000999999999976353"/>
    <testcase classname="ds.glm_smk_poisson" name="glm_gaussian" time="0.000999999999976353"/>
    <testcase classname="ds.glm_smk_poisson" name="glm_gaussian" time="0.000999999999976353"/>
    <testcase classname="ds.glm_smk_poisson" name="glm_gaussian" time="0.000999999999976353"/>
    <testcase classname="ds.glm_smk_poisson" name="glm_gaussian" time="0.00200000000018008"/>
    <testcase classname="ds.glm_smk_poisson" name="glm_gaussian" time="0.000999999999976353"/>
    <testcase classname="ds.glm_smk_poisson" name="glm_gaussian" time="0.000999999999976353"/>
    <testcase classname="ds.glm_smk_poisson" name="glm_gaussian" time="0.000999999999976353"/>
    <testcase classname="ds.glm_smk_poisson" name="glm_gaussian" time="0.00199999999995271"/>
    <testcase classname="ds.glm_smk_poisson" name="glm_gaussian" time="0.000999999999976353"/>
    <testcase classname="ds.glm_smk_poisson" name="glm_gaussian" time="0.00199999999995271"/>
    <testcase classname="ds.glm_smk_poisson" name="glm_gaussian" time="0.00100000000020373"/>
    <testcase classname="ds.glm_smk_poisson" name="glm_gaussian" time="0.00199999999995271"/>
    <testcase classname="ds.glm_smk_poisson" name="glm_gaussian" time="0.000999999999976353"/>
    <testcase classname="ds.glm_smk_poisson" name="glm_gaussian" time="0.000999999999976353"/>
    <testcase classname="ds.glm_smk_poisson" name="glm_gaussian" time="0.00199999999995271"/>
    <testcase classname="ds.glm_smk_poisson" name="glm_gaussian" time="0.000999999999976353"/>
    <testcase classname="ds.glm_smk_poisson" name="glm_gaussian" time="0.00199999999995271"/>
  </testsuite>
  <testsuite errors="0" failures="0" hostname="fv-az14" name="ds.glm::smk::poisson, with check" skipped="0" tests="21" time="6.646" timestamp="2020-10-23T11:20:21Z">
    <testcase classname="ds.glm_smk_poisson_with_check" name="glm_gaussian_which_check" time="6.62100000000009"/>
    <testcase classname="ds.glm_smk_poisson_with_check" name="glm_gaussian_which_check" time="0.00199999999995271"/>
    <testcase classname="ds.glm_smk_poisson_with_check" name="glm_gaussian_which_check" time="0.000999999999976353"/>
    <testcase classname="ds.glm_smk_poisson_with_check" name="glm_gaussian_which_check" time="0.000999999999976353"/>
    <testcase classname="ds.glm_smk_poisson_with_check" name="glm_gaussian_which_check" time="0.00100000000020373"/>
    <testcase classname="ds.glm_smk_poisson_with_check" name="glm_gaussian_which_check" time="0.000999999999976353"/>
    <testcase classname="ds.glm_smk_poisson_with_check" name="glm_gaussian_which_check" time="0.000999999999976353"/>
    <testcase classname="ds.glm_smk_poisson_with_check" name="glm_gaussian_which_check" time="0.000999999999976353"/>
    <testcase classname="ds.glm_smk_poisson_with_check" name="glm_gaussian_which_check" time="0.000999999999976353"/>
    <testcase classname="ds.glm_smk_poisson_with_check" name="glm_gaussian_which_check" time="0.000999999999976353"/>
    <testcase classname="ds.glm_smk_poisson_with_check" name="glm_gaussian_which_check" time="0.00199999999995271"/>
    <testcase classname="ds.glm_smk_poisson_with_check" name="glm_gaussian_which_check" time="0.000999999999976353"/>
    <testcase classname="ds.glm_smk_poisson_with_check" name="glm_gaussian_which_check" time="0.000999999999976353"/>
    <testcase classname="ds.glm_smk_poisson_with_check" name="glm_gaussian_which_check" time="0.00200000000018008"/>
    <testcase classname="ds.glm_smk_poisson_with_check" name="glm_gaussian_which_check" time="0.000999999999976353"/>
    <testcase classname="ds.glm_smk_poisson_with_check" name="glm_gaussian_which_check" time="0.000999999999976353"/>
    <testcase classname="ds.glm_smk_poisson_with_check" name="glm_gaussian_which_check" time="0.000999999999976353"/>
    <testcase classname="ds.glm_smk_poisson_with_check" name="glm_gaussian_which_check" time="0.00199999999995271"/>
    <testcase classname="ds.glm_smk_poisson_with_check" name="glm_gaussian_which_check" time="0.000999999999976353"/>
    <testcase classname="ds.glm_smk_poisson_with_check" name="glm_gaussian_which_check" time="0.000999999999976353"/>
    <testcase classname="ds.glm_smk_poisson_with_check" name="glm_gaussian_which_check" time="0.00200000000018008"/>
  </testsuite>
  <testsuite errors="0" failures="0" hostname="fv-az14" name="ds.glm::smk::poisson::shutdown" skipped="0" tests="3" time="0.274" timestamp="2020-10-23T11:20:28Z">
    <testcase classname="ds.glm_smk_poisson_shutdown" name="shutdown" time="0.271999999999935"/>
    <testcase classname="ds.glm_smk_poisson_shutdown" name="shutdown" time="0.000999999999976353"/>
    <testcase classname="ds.glm_smk_poisson_shutdown" name="shutdown" time="0.000999999999976353"/>
  </testsuite>
  <testsuite errors="0" failures="0" hostname="fv-az14" name="ds.glm::smk::poisson::done" skipped="0" tests="0" time="0" timestamp="2020-10-23T11:20:29Z"/>
  <testsuite errors="0" failures="0" hostname="fv-az14" name="ds.glmPredict::smk::binomial::setup" skipped="0" tests="3" time="5.288" timestamp="2020-10-23T11:20:29Z">
    <testcase classname="ds.glmPredict_smk_binomial_setup" name="setup" time="5.28500000000008"/>
    <testcase classname="ds.glmPredict_smk_binomial_setup" name="setup" time="0.00199999999995271"/>
    <testcase classname="ds.glmPredict_smk_binomial_setup" name="setup" time="0.000999999999976353"/>
  </testsuite>
  <testsuite errors="0" failures="0" hostname="fv-az14" name="ds.glmPredict::smk::binomial::without_newobj" skipped="0" tests="69" time="2.554" timestamp="2020-10-23T11:20:34Z">
    <testcase classname="ds.glmPredict_smk_binomial_without_newobj" name="simple_glmPredict_binomial_without_newobj_se.fit_FALSE" time="1.375"/>
    <testcase classname="ds.glmPredict_smk_binomial_without_newobj" name="simple_glmPredict_binomial_without_newobj_se.fit_FALSE" time="0.000999999999976353"/>
    <testcase classname="ds.glmPredict_smk_binomial_without_newobj" name="simple_glmPredict_binomial_without_newobj_se.fit_FALSE" time="0.00199999999995271"/>
    <testcase classname="ds.glmPredict_smk_binomial_without_newobj" name="simple_glmPredict_binomial_without_newobj_se.fit_FALSE" time="0.00100000000020373"/>
    <testcase classname="ds.glmPredict_smk_binomial_without_newobj" name="simple_glmPredict_binomial_without_newobj_se.fit_FALSE" time="1.07199999999989"/>
    <testcase classname="ds.glmPredict_smk_binomial_without_newobj" name="simple_glmPredict_binomial_without_newobj_se.fit_FALSE" time="0.000999999999976353"/>
    <testcase classname="ds.glmPredict_smk_binomial_without_newobj" name="simple_glmPredict_binomial_without_newobj_se.fit_FALSE" time="0.000999999999976353"/>
    <testcase classname="ds.glmPredict_smk_binomial_without_newobj" name="simple_glmPredict_binomial_without_newobj_se.fit_FALSE" time="0.000999999999976353"/>
    <testcase classname="ds.glmPredict_smk_binomial_without_newobj" name="simple_glmPredict_binomial_without_newobj_se.fit_FALSE" time="0.000999999999976353"/>
    <testcase classname="ds.glmPredict_smk_binomial_without_newobj" name="simple_glmPredict_binomial_without_newobj_se.fit_FALSE" time="0.00100000000020373"/>
    <testcase classname="ds.glmPredict_smk_binomial_without_newobj" name="simple_glmPredict_binomial_without_newobj_se.fit_FALSE" time="0.00199999999995271"/>
    <testcase classname="ds.glmPredict_smk_binomial_without_newobj" name="simple_glmPredict_binomial_without_newobj_se.fit_FALSE" time="0.000999999999976353"/>
    <testcase classname="ds.glmPredict_smk_binomial_without_newobj" name="simple_glmPredict_binomial_without_newobj_se.fit_FALSE" time="0.000999999999976353"/>
    <testcase classname="ds.glmPredict_smk_binomial_without_newobj" name="simple_glmPredict_binomial_without_newobj_se.fit_FALSE" time="0.000999999999976353"/>
    <testcase classname="ds.glmPredict_smk_binomial_without_newobj" name="simple_glmPredict_binomial_without_newobj_se.fit_FALSE" time="0.000999999999976353"/>
    <testcase classname="ds.glmPredict_smk_binomial_without_newobj" name="simple_glmPredict_binomial_without_newobj_se.fit_FALSE" time="0.00199999999995271"/>
    <testcase classname="ds.glmPredict_smk_binomial_without_newobj" name="simple_glmPredict_binomial_without_newobj_se.fit_FALSE" time="0.00200000000018008"/>
    <testcase classname="ds.glmPredict_smk_binomial_without_newobj" name="simple_glmPredict_binomial_without_newobj_se.fit_FALSE" time="0.000999999999976353"/>
    <testcase classname="ds.glmPredict_smk_binomial_without_newobj" name="simple_glmPredict_binomial_without_newobj_se.fit_FALSE" time="0.000999999999976353"/>
    <testcase classname="ds.glmPredict_smk_binomial_without_newobj" name="simple_glmPredict_binomial_without_newobj_se.fit_FALSE" time="0.000999999999976353"/>
    <testcase classname="ds.glmPredict_smk_binomial_without_newobj" name="simple_glmPredict_binomial_without_newobj_se.fit_FALSE" time="0.000999999999976353"/>
    <testcase classname="ds.glmPredict_smk_binomial_without_newobj" name="simple_glmPredict_binomial_without_newobj_se.fit_FALSE" time="0.000999999999976353"/>
    <testcase classname="ds.glmPredict_smk_binomial_without_newobj" name="simple_glmPredict_binomial_without_newobj_se.fit_FALSE" time="0.00199999999995271"/>
    <testcase classname="ds.glmPredict_smk_binomial_without_newobj" name="simple_glmPredict_binomial_without_newobj_se.fit_FALSE" time="0.000999999999976353"/>
    <testcase classname="ds.glmPredict_smk_binomial_without_newobj" name="simple_glmPredict_binomial_without_newobj_se.fit_FALSE" time="0.00100000000020373"/>
    <testcase classname="ds.glmPredict_smk_binomial_without_newobj" name="simple_glmPredict_binomial_without_newobj_se.fit_FALSE" time="0.000999999999976353"/>
    <testcase classname="ds.glmPredict_smk_binomial_without_newobj" name="simple_glmPredict_binomial_without_newobj_se.fit_FALSE" time="0.00199999999995271"/>
    <testcase classname="ds.glmPredict_smk_binomial_without_newobj" name="simple_glmPredict_binomial_without_newobj_se.fit_FALSE" time="0.000999999999976353"/>
    <testcase classname="ds.glmPredict_smk_binomial_without_newobj" name="simple_glmPredict_binomial_without_newobj_se.fit_FALSE" time="0.00199999999995271"/>
    <testcase classname="ds.glmPredict_smk_binomial_without_newobj" name="simple_glmPredict_binomial_without_newobj_se.fit_FALSE" time="0.000999999999976353"/>
    <testcase classname="ds.glmPredict_smk_binomial_without_newobj" name="simple_glmPredict_binomial_without_newobj_se.fit_FALSE" time="0.00200000000018008"/>
    <testcase classname="ds.glmPredict_smk_binomial_without_newobj" name="simple_glmPredict_binomial_without_newobj_se.fit_FALSE" time="0.000999999999976353"/>
    <testcase classname="ds.glmPredict_smk_binomial_without_newobj" name="simple_glmPredict_binomial_without_newobj_se.fit_FALSE" time="0.00199999999995271"/>
    <testcase classname="ds.glmPredict_smk_binomial_without_newobj" name="simple_glmPredict_binomial_without_newobj_se.fit_FALSE" time="0.00199999999995271"/>
    <testcase classname="ds.glmPredict_smk_binomial_without_newobj" name="simple_glmPredict_binomial_without_newobj_se.fit_FALSE" time="0.000999999999976353"/>
    <testcase classname="ds.glmPredict_smk_binomial_without_newobj" name="simple_glmPredict_binomial_without_newobj_se.fit_FALSE" time="0.000999999999976353"/>
    <testcase classname="ds.glmPredict_smk_binomial_without_newobj" name="simple_glmPredict_binomial_without_newobj_se.fit_FALSE" time="0.00199999999995271"/>
    <testcase classname="ds.glmPredict_smk_binomial_without_newobj" name="simple_glmPredict_binomial_without_newobj_se.fit_FALSE" time="0.00200000000018008"/>
    <testcase classname="ds.glmPredict_smk_binomial_without_newobj" name="simple_glmPredict_binomial_without_newobj_se.fit_FALSE" time="0.000999999999976353"/>
    <testcase classname="ds.glmPredict_smk_binomial_without_newobj" name="simple_glmPredict_binomial_without_newobj_se.fit_FALSE" time="0.00199999999995271"/>
    <testcase classname="ds.glmPredict_smk_binomial_without_newobj" name="simple_glmPredict_binomial_without_newobj_se.fit_FALSE" time="0.00199999999995271"/>
    <testcase classname="ds.glmPredict_smk_binomial_without_newobj" name="simple_glmPredict_binomial_without_newobj_se.fit_FALSE" time="0.00199999999995271"/>
    <testcase classname="ds.glmPredict_smk_binomial_without_newobj" name="simple_glmPredict_binomial_without_newobj_se.fit_FALSE" time="0.00200000000018008"/>
    <testcase classname="ds.glmPredict_smk_binomial_without_newobj" name="simple_glmPredict_binomial_without_newobj_se.fit_FALSE" time="0.00199999999995271"/>
    <testcase classname="ds.glmPredict_smk_binomial_without_newobj" name="simple_glmPredict_binomial_without_newobj_se.fit_FALSE" time="0.00199999999995271"/>
    <testcase classname="ds.glmPredict_smk_binomial_without_newobj" name="simple_glmPredict_binomial_without_newobj_se.fit_FALSE" time="0.000999999999976353"/>
    <testcase classname="ds.glmPredict_smk_binomial_without_newobj" name="simple_glmPredict_binomial_without_newobj_se.fit_FALSE" time="0.00199999999995271"/>
    <testcase classname="ds.glmPredict_smk_binomial_without_newobj" name="simple_glmPredict_binomial_without_newobj_se.fit_FALSE" time="0.00200000000018008"/>
    <testcase classname="ds.glmPredict_smk_binomial_without_newobj" name="simple_glmPredict_binomial_without_newobj_se.fit_FALSE" time="0.00199999999995271"/>
    <testcase classname="ds.glmPredict_smk_binomial_without_newobj" name="simple_glmPredict_binomial_without_newobj_se.fit_FALSE" time="0.000999999999976353"/>
    <testcase classname="ds.glmPredict_smk_binomial_without_newobj" name="simple_glmPredict_binomial_without_newobj_se.fit_FALSE" time="0.00199999999995271"/>
    <testcase classname="ds.glmPredict_smk_binomial_without_newobj" name="simple_glmPredict_binomial_without_newobj_se.fit_FALSE" time="0.000999999999976353"/>
    <testcase classname="ds.glmPredict_smk_binomial_without_newobj" name="simple_glmPredict_binomial_without_newobj_se.fit_FALSE" time="0.00199999999995271"/>
    <testcase classname="ds.glmPredict_smk_binomial_without_newobj" name="simple_glmPredict_binomial_without_newobj_se.fit_FALSE" time="0.00200000000018008"/>
    <testcase classname="ds.glmPredict_smk_binomial_without_newobj" name="simple_glmPredict_binomial_without_newobj_se.fit_FALSE" time="0.00199999999995271"/>
    <testcase classname="ds.glmPredict_smk_binomial_without_newobj" name="simple_glmPredict_binomial_without_newobj_se.fit_FALSE" time="0.00199999999995271"/>
    <testcase classname="ds.glmPredict_smk_binomial_without_newobj" name="simple_glmPredict_binomial_without_newobj_se.fit_FALSE" time="0.00199999999995271"/>
    <testcase classname="ds.glmPredict_smk_binomial_without_newobj" name="simple_glmPredict_binomial_without_newobj_se.fit_FALSE" time="0.00200000000018008"/>
    <testcase classname="ds.glmPredict_smk_binomial_without_newobj" name="simple_glmPredict_binomial_without_newobj_se.fit_FALSE" time="0.00199999999995271"/>
    <testcase classname="ds.glmPredict_smk_binomial_without_newobj" name="simple_glmPredict_binomial_without_newobj_se.fit_FALSE" time="0.00199999999995271"/>
    <testcase classname="ds.glmPredict_smk_binomial_without_newobj" name="simple_glmPredict_binomial_without_newobj_se.fit_FALSE" time="0.00199999999995271"/>
    <testcase classname="ds.glmPredict_smk_binomial_without_newobj" name="simple_glmPredict_binomial_without_newobj_se.fit_FALSE" time="0.00199999999995271"/>
    <testcase classname="ds.glmPredict_smk_binomial_without_newobj" name="simple_glmPredict_binomial_without_newobj_se.fit_FALSE" time="0.00200000000018008"/>
    <testcase classname="ds.glmPredict_smk_binomial_without_newobj" name="simple_glmPredict_binomial_without_newobj_se.fit_FALSE" time="0.00199999999995271"/>
    <testcase classname="ds.glmPredict_smk_binomial_without_newobj" name="simple_glmPredict_binomial_without_newobj_se.fit_FALSE" time="0.00199999999995271"/>
    <testcase classname="ds.glmPredict_smk_binomial_without_newobj" name="simple_glmPredict_binomial_without_newobj_se.fit_FALSE" time="0.00199999999995271"/>
    <testcase classname="ds.glmPredict_smk_binomial_without_newobj" name="simple_glmPredict_binomial_without_newobj_se.fit_FALSE" time="0.00199999999995271"/>
    <testcase classname="ds.glmPredict_smk_binomial_without_newobj" name="simple_glmPredict_binomial_without_newobj_se.fit_FALSE" time="0.00300000000015643"/>
    <testcase classname="ds.glmPredict_smk_binomial_without_newobj" name="simple_glmPredict_binomial_without_newobj_se.fit_FALSE" time="0.00199999999995271"/>
  </testsuite>
  <testsuite errors="0" failures="0" hostname="fv-az14" name="ds.glmPredict::smk::binomial::with_newobj" skipped="0" tests="69" time="2.535" timestamp="2020-10-23T11:20:36Z">
    <testcase classname="ds.glmPredict_smk_binomial_with_newobj" name="simple_glmPredict_binomial_with_newobj_se.fit_FALSE" time="1.35599999999999"/>
    <testcase classname="ds.glmPredict_smk_binomial_with_newobj" name="simple_glmPredict_binomial_with_newobj_se.fit_FALSE" time="0.00199999999995271"/>
    <testcase classname="ds.glmPredict_smk_binomial_with_newobj" name="simple_glmPredict_binomial_with_newobj_se.fit_FALSE" time="0.000999999999976353"/>
    <testcase classname="ds.glmPredict_smk_binomial_with_newobj" name="simple_glmPredict_binomial_with_newobj_se.fit_FALSE" time="0.000999999999976353"/>
    <testcase classname="ds.glmPredict_smk_binomial_with_newobj" name="simple_glmPredict_binomial_with_newobj_se.fit_FALSE" time="1.06900000000019"/>
    <testcase classname="ds.glmPredict_smk_binomial_with_newobj" name="simple_glmPredict_binomial_with_newobj_se.fit_FALSE" time="0.000999999999976353"/>
    <testcase classname="ds.glmPredict_smk_binomial_with_newobj" name="simple_glmPredict_binomial_with_newobj_se.fit_FALSE" time="0.000999999999976353"/>
    <testcase classname="ds.glmPredict_smk_binomial_with_newobj" name="simple_glmPredict_binomial_with_newobj_se.fit_FALSE" time="0.00999999999999091"/>
    <testcase classname="ds.glmPredict_smk_binomial_with_newobj" name="simple_glmPredict_binomial_with_newobj_se.fit_FALSE" time="0.000999999999976353"/>
    <testcase classname="ds.glmPredict_smk_binomial_with_newobj" name="simple_glmPredict_binomial_with_newobj_se.fit_FALSE" time="0.000999999999976353"/>
    <testcase classname="ds.glmPredict_smk_binomial_with_newobj" name="simple_glmPredict_binomial_with_newobj_se.fit_FALSE" time="0.000999999999976353"/>
    <testcase classname="ds.glmPredict_smk_binomial_with_newobj" name="simple_glmPredict_binomial_with_newobj_se.fit_FALSE" time="0.00200000000018008"/>
    <testcase classname="ds.glmPredict_smk_binomial_with_newobj" name="simple_glmPredict_binomial_with_newobj_se.fit_FALSE" time="0.000999999999976353"/>
    <testcase classname="ds.glmPredict_smk_binomial_with_newobj" name="simple_glmPredict_binomial_with_newobj_se.fit_FALSE" time="0.000999999999976353"/>
    <testcase classname="ds.glmPredict_smk_binomial_with_newobj" name="simple_glmPredict_binomial_with_newobj_se.fit_FALSE" time="0.000999999999976353"/>
    <testcase classname="ds.glmPredict_smk_binomial_with_newobj" name="simple_glmPredict_binomial_with_newobj_se.fit_FALSE" time="0.00199999999995271"/>
    <testcase classname="ds.glmPredict_smk_binomial_with_newobj" name="simple_glmPredict_binomial_with_newobj_se.fit_FALSE" time="0.000999999999976353"/>
    <testcase classname="ds.glmPredict_smk_binomial_with_newobj" name="simple_glmPredict_binomial_with_newobj_se.fit_FALSE" time="0.00199999999995271"/>
    <testcase classname="ds.glmPredict_smk_binomial_with_newobj" name="simple_glmPredict_binomial_with_newobj_se.fit_FALSE" time="0.000999999999976353"/>
    <testcase classname="ds.glmPredict_smk_binomial_with_newobj" name="simple_glmPredict_binomial_with_newobj_se.fit_FALSE" time="0.00100000000020373"/>
    <testcase classname="ds.glmPredict_smk_binomial_with_newobj" name="simple_glmPredict_binomial_with_newobj_se.fit_FALSE" time="0.000999999999976353"/>
    <testcase classname="ds.glmPredict_smk_binomial_with_newobj" name="simple_glmPredict_binomial_with_newobj_se.fit_FALSE" time="0.000999999999976353"/>
    <testcase classname="ds.glmPredict_smk_binomial_with_newobj" name="simple_glmPredict_binomial_with_newobj_se.fit_FALSE" time="0.00199999999995271"/>
    <testcase classname="ds.glmPredict_smk_binomial_with_newobj" name="simple_glmPredict_binomial_with_newobj_se.fit_FALSE" time="0.000999999999976353"/>
    <testcase classname="ds.glmPredict_smk_binomial_with_newobj" name="simple_glmPredict_binomial_with_newobj_se.fit_FALSE" time="0.00199999999995271"/>
    <testcase classname="ds.glmPredict_smk_binomial_with_newobj" name="simple_glmPredict_binomial_with_newobj_se.fit_FALSE" time="0.00199999999995271"/>
    <testcase classname="ds.glmPredict_smk_binomial_with_newobj" name="simple_glmPredict_binomial_with_newobj_se.fit_FALSE" time="0.00100000000020373"/>
    <testcase classname="ds.glmPredict_smk_binomial_with_newobj" name="simple_glmPredict_binomial_with_newobj_se.fit_FALSE" time="0.000999999999976353"/>
    <testcase classname="ds.glmPredict_smk_binomial_with_newobj" name="simple_glmPredict_binomial_with_newobj_se.fit_FALSE" time="0.00199999999995271"/>
    <testcase classname="ds.glmPredict_smk_binomial_with_newobj" name="simple_glmPredict_binomial_with_newobj_se.fit_FALSE" time="0.000999999999976353"/>
    <testcase classname="ds.glmPredict_smk_binomial_with_newobj" name="simple_glmPredict_binomial_with_newobj_se.fit_FALSE" time="0.00199999999995271"/>
    <testcase classname="ds.glmPredict_smk_binomial_with_newobj" name="simple_glmPredict_binomial_with_newobj_se.fit_FALSE" time="0.000999999999976353"/>
    <testcase classname="ds.glmPredict_smk_binomial_with_newobj" name="simple_glmPredict_binomial_with_newobj_se.fit_FALSE" time="0.000999999999976353"/>
    <testcase classname="ds.glmPredict_smk_binomial_with_newobj" name="simple_glmPredict_binomial_with_newobj_se.fit_FALSE" time="0.00200000000018008"/>
    <testcase classname="ds.glmPredict_smk_binomial_with_newobj" name="simple_glmPredict_binomial_with_newobj_se.fit_FALSE" time="0.000999999999976353"/>
    <testcase classname="ds.glmPredict_smk_binomial_with_newobj" name="simple_glmPredict_binomial_with_newobj_se.fit_FALSE" time="0.00199999999995271"/>
    <testcase classname="ds.glmPredict_smk_binomial_with_newobj" name="simple_glmPredict_binomial_with_newobj_se.fit_FALSE" time="0.000999999999976353"/>
    <testcase classname="ds.glmPredict_smk_binomial_with_newobj" name="simple_glmPredict_binomial_with_newobj_se.fit_FALSE" time="0.00199999999995271"/>
    <testcase classname="ds.glmPredict_smk_binomial_with_newobj" name="simple_glmPredict_binomial_with_newobj_se.fit_FALSE" time="0.000999999999976353"/>
    <testcase classname="ds.glmPredict_smk_binomial_with_newobj" name="simple_glmPredict_binomial_with_newobj_se.fit_FALSE" time="0.00200000000018008"/>
    <testcase classname="ds.glmPredict_smk_binomial_with_newobj" name="simple_glmPredict_binomial_with_newobj_se.fit_FALSE" time="0.000999999999976353"/>
    <testcase classname="ds.glmPredict_smk_binomial_with_newobj" name="simple_glmPredict_binomial_with_newobj_se.fit_FALSE" time="0.00199999999995271"/>
    <testcase classname="ds.glmPredict_smk_binomial_with_newobj" name="simple_glmPredict_binomial_with_newobj_se.fit_FALSE" time="0.000999999999976353"/>
    <testcase classname="ds.glmPredict_smk_binomial_with_newobj" name="simple_glmPredict_binomial_with_newobj_se.fit_FALSE" time="0.00199999999995271"/>
    <testcase classname="ds.glmPredict_smk_binomial_with_newobj" name="simple_glmPredict_binomial_with_newobj_se.fit_FALSE" time="0.00199999999995271"/>
    <testcase classname="ds.glmPredict_smk_binomial_with_newobj" name="simple_glmPredict_binomial_with_newobj_se.fit_FALSE" time="0.000999999999976353"/>
    <testcase classname="ds.glmPredict_smk_binomial_with_newobj" name="simple_glmPredict_binomial_with_newobj_se.fit_FALSE" time="0.00200000000018008"/>
    <testcase classname="ds.glmPredict_smk_binomial_with_newobj" name="simple_glmPredict_binomial_with_newobj_se.fit_FALSE" time="0.00199999999995271"/>
    <testcase classname="ds.glmPredict_smk_binomial_with_newobj" name="simple_glmPredict_binomial_with_newobj_se.fit_FALSE" time="0.000999999999976353"/>
    <testcase classname="ds.glmPredict_smk_binomial_with_newobj" name="simple_glmPredict_binomial_with_newobj_se.fit_FALSE" time="0.00199999999995271"/>
    <testcase classname="ds.glmPredict_smk_binomial_with_newobj" name="simple_glmPredict_binomial_with_newobj_se.fit_FALSE" time="0.000999999999976353"/>
    <testcase classname="ds.glmPredict_smk_binomial_with_newobj" name="simple_glmPredict_binomial_with_newobj_se.fit_FALSE" time="0.00200000000018008"/>
    <testcase classname="ds.glmPredict_smk_binomial_with_newobj" name="simple_glmPredict_binomial_with_newobj_se.fit_FALSE" time="0.00199999999995271"/>
    <testcase classname="ds.glmPredict_smk_binomial_with_newobj" name="simple_glmPredict_binomial_with_newobj_se.fit_FALSE" time="0.000999999999976353"/>
    <testcase classname="ds.glmPredict_smk_binomial_with_newobj" name="simple_glmPredict_binomial_with_newobj_se.fit_FALSE" time="0.00199999999995271"/>
    <testcase classname="ds.glmPredict_smk_binomial_with_newobj" name="simple_glmPredict_binomial_with_newobj_se.fit_FALSE" time="0.00199999999995271"/>
    <testcase classname="ds.glmPredict_smk_binomial_with_newobj" name="simple_glmPredict_binomial_with_newobj_se.fit_FALSE" time="0.00199999999995271"/>
    <testcase classname="ds.glmPredict_smk_binomial_with_newobj" name="simple_glmPredict_binomial_with_newobj_se.fit_FALSE" time="0.00200000000018008"/>
    <testcase classname="ds.glmPredict_smk_binomial_with_newobj" name="simple_glmPredict_binomial_with_newobj_se.fit_FALSE" time="0.000999999999976353"/>
    <testcase classname="ds.glmPredict_smk_binomial_with_newobj" name="simple_glmPredict_binomial_with_newobj_se.fit_FALSE" time="0.00199999999995271"/>
    <testcase classname="ds.glmPredict_smk_binomial_with_newobj" name="simple_glmPredict_binomial_with_newobj_se.fit_FALSE" time="0.00199999999995271"/>
    <testcase classname="ds.glmPredict_smk_binomial_with_newobj" name="simple_glmPredict_binomial_with_newobj_se.fit_FALSE" time="0.000999999999976353"/>
    <testcase classname="ds.glmPredict_smk_binomial_with_newobj" name="simple_glmPredict_binomial_with_newobj_se.fit_FALSE" time="0.00200000000018008"/>
    <testcase classname="ds.glmPredict_smk_binomial_with_newobj" name="simple_glmPredict_binomial_with_newobj_se.fit_FALSE" time="0.00199999999995271"/>
    <testcase classname="ds.glmPredict_smk_binomial_with_newobj" name="simple_glmPredict_binomial_with_newobj_se.fit_FALSE" time="0.00199999999995271"/>
    <testcase classname="ds.glmPredict_smk_binomial_with_newobj" name="simple_glmPredict_binomial_with_newobj_se.fit_FALSE" time="0.00199999999995271"/>
    <testcase classname="ds.glmPredict_smk_binomial_with_newobj" name="simple_glmPredict_binomial_with_newobj_se.fit_FALSE" time="0.00199999999995271"/>
    <testcase classname="ds.glmPredict_smk_binomial_with_newobj" name="simple_glmPredict_binomial_with_newobj_se.fit_FALSE" time="0.00200000000018008"/>
    <testcase classname="ds.glmPredict_smk_binomial_with_newobj" name="simple_glmPredict_binomial_with_newobj_se.fit_FALSE" time="0.00199999999995271"/>
  </testsuite>
  <testsuite errors="0" failures="0" hostname="fv-az14" name="ds.glmPredict::smk::binomial::sefit_true" skipped="0" tests="114" time="2.661" timestamp="2020-10-23T11:20:39Z">
    <testcase classname="ds.glmPredict_smk_binomial_sefit_true" name="simple_glmPredict_binomial_with_newobj_se.fit_TRUE" time="1.35899999999992"/>
    <testcase classname="ds.glmPredict_smk_binomial_sefit_true" name="simple_glmPredict_binomial_with_newobj_se.fit_TRUE" time="0.000999999999976353"/>
    <testcase classname="ds.glmPredict_smk_binomial_sefit_true" name="simple_glmPredict_binomial_with_newobj_se.fit_TRUE" time="0.000999999999976353"/>
    <testcase classname="ds.glmPredict_smk_binomial_sefit_true" name="simple_glmPredict_binomial_with_newobj_se.fit_TRUE" time="0.00200000000018008"/>
    <testcase classname="ds.glmPredict_smk_binomial_sefit_true" name="simple_glmPredict_binomial_with_newobj_se.fit_TRUE" time="1.07099999999991"/>
    <testcase classname="ds.glmPredict_smk_binomial_sefit_true" name="simple_glmPredict_binomial_with_newobj_se.fit_TRUE" time="0.000999999999976353"/>
    <testcase classname="ds.glmPredict_smk_binomial_sefit_true" name="simple_glmPredict_binomial_with_newobj_se.fit_TRUE" time="0.000999999999976353"/>
    <testcase classname="ds.glmPredict_smk_binomial_sefit_true" name="simple_glmPredict_binomial_with_newobj_se.fit_TRUE" time="0.000999999999976353"/>
    <testcase classname="ds.glmPredict_smk_binomial_sefit_true" name="simple_glmPredict_binomial_with_newobj_se.fit_TRUE" time="0.000999999999976353"/>
    <testcase classname="ds.glmPredict_smk_binomial_sefit_true" name="simple_glmPredict_binomial_with_newobj_se.fit_TRUE" time="0.00100000000020373"/>
    <testcase classname="ds.glmPredict_smk_binomial_sefit_true" name="simple_glmPredict_binomial_with_newobj_se.fit_TRUE" time="0.00199999999995271"/>
    <testcase classname="ds.glmPredict_smk_binomial_sefit_true" name="simple_glmPredict_binomial_with_newobj_se.fit_TRUE" time="0.000999999999976353"/>
    <testcase classname="ds.glmPredict_smk_binomial_sefit_true" name="simple_glmPredict_binomial_with_newobj_se.fit_TRUE" time="0.00199999999995271"/>
    <testcase classname="ds.glmPredict_smk_binomial_sefit_true" name="simple_glmPredict_binomial_with_newobj_se.fit_TRUE" time="0.000999999999976353"/>
    <testcase classname="ds.glmPredict_smk_binomial_sefit_true" name="simple_glmPredict_binomial_with_newobj_se.fit_TRUE" time="0.000999999999976353"/>
    <testcase classname="ds.glmPredict_smk_binomial_sefit_true" name="simple_glmPredict_binomial_with_newobj_se.fit_TRUE" time="0.00199999999995271"/>
    <testcase classname="ds.glmPredict_smk_binomial_sefit_true" name="simple_glmPredict_binomial_with_newobj_se.fit_TRUE" time="0.00200000000018008"/>
    <testcase classname="ds.glmPredict_smk_binomial_sefit_true" name="simple_glmPredict_binomial_with_newobj_se.fit_TRUE" time="0.000999999999976353"/>
    <testcase classname="ds.glmPredict_smk_binomial_sefit_true" name="simple_glmPredict_binomial_with_newobj_se.fit_TRUE" time="0.000999999999976353"/>
    <testcase classname="ds.glmPredict_smk_binomial_sefit_true" name="simple_glmPredict_binomial_with_newobj_se.fit_TRUE" time="0.00199999999995271"/>
    <testcase classname="ds.glmPredict_smk_binomial_sefit_true" name="simple_glmPredict_binomial_with_newobj_se.fit_TRUE" time="0.000999999999976353"/>
    <testcase classname="ds.glmPredict_smk_binomial_sefit_true" name="simple_glmPredict_binomial_with_newobj_se.fit_TRUE" time="0.000999999999976353"/>
    <testcase classname="ds.glmPredict_smk_binomial_sefit_true" name="simple_glmPredict_binomial_with_newobj_se.fit_TRUE" time="0.00199999999995271"/>
    <testcase classname="ds.glmPredict_smk_binomial_sefit_true" name="simple_glmPredict_binomial_with_newobj_se.fit_TRUE" time="0.00100000000020373"/>
    <testcase classname="ds.glmPredict_smk_binomial_sefit_true" name="simple_glmPredict_binomial_with_newobj_se.fit_TRUE" time="0.000999999999976353"/>
    <testcase classname="ds.glmPredict_smk_binomial_sefit_true" name="simple_glmPredict_binomial_with_newobj_se.fit_TRUE" time="0.00199999999995271"/>
    <testcase classname="ds.glmPredict_smk_binomial_sefit_true" name="simple_glmPredict_binomial_with_newobj_se.fit_TRUE" time="0.000999999999976353"/>
    <testcase classname="ds.glmPredict_smk_binomial_sefit_true" name="simple_glmPredict_binomial_with_newobj_se.fit_TRUE" time="0.00199999999995271"/>
    <testcase classname="ds.glmPredict_smk_binomial_sefit_true" name="simple_glmPredict_binomial_with_newobj_se.fit_TRUE" time="0.000999999999976353"/>
    <testcase classname="ds.glmPredict_smk_binomial_sefit_true" name="simple_glmPredict_binomial_with_newobj_se.fit_TRUE" time="0.00200000000018008"/>
    <testcase classname="ds.glmPredict_smk_binomial_sefit_true" name="simple_glmPredict_binomial_with_newobj_se.fit_TRUE" time="0.000999999999976353"/>
    <testcase classname="ds.glmPredict_smk_binomial_sefit_true" name="simple_glmPredict_binomial_with_newobj_se.fit_TRUE" time="0.00199999999995271"/>
    <testcase classname="ds.glmPredict_smk_binomial_sefit_true" name="simple_glmPredict_binomial_with_newobj_se.fit_TRUE" time="0.00199999999995271"/>
    <testcase classname="ds.glmPredict_smk_binomial_sefit_true" name="simple_glmPredict_binomial_with_newobj_se.fit_TRUE" time="0.000999999999976353"/>
    <testcase classname="ds.glmPredict_smk_binomial_sefit_true" name="simple_glmPredict_binomial_with_newobj_se.fit_TRUE" time="0.000999999999976353"/>
    <testcase classname="ds.glmPredict_smk_binomial_sefit_true" name="simple_glmPredict_binomial_with_newobj_se.fit_TRUE" time="0.00199999999995271"/>
    <testcase classname="ds.glmPredict_smk_binomial_sefit_true" name="simple_glmPredict_binomial_with_newobj_se.fit_TRUE" time="0.00200000000018008"/>
    <testcase classname="ds.glmPredict_smk_binomial_sefit_true" name="simple_glmPredict_binomial_with_newobj_se.fit_TRUE" time="0.000999999999976353"/>
    <testcase classname="ds.glmPredict_smk_binomial_sefit_true" name="simple_glmPredict_binomial_with_newobj_se.fit_TRUE" time="0.00199999999995271"/>
    <testcase classname="ds.glmPredict_smk_binomial_sefit_true" name="simple_glmPredict_binomial_with_newobj_se.fit_TRUE" time="0.00199999999995271"/>
    <testcase classname="ds.glmPredict_smk_binomial_sefit_true" name="simple_glmPredict_binomial_with_newobj_se.fit_TRUE" time="0.000999999999976353"/>
    <testcase classname="ds.glmPredict_smk_binomial_sefit_true" name="simple_glmPredict_binomial_with_newobj_se.fit_TRUE" time="0.00200000000018008"/>
    <testcase classname="ds.glmPredict_smk_binomial_sefit_true" name="simple_glmPredict_binomial_with_newobj_se.fit_TRUE" time="0.00199999999995271"/>
    <testcase classname="ds.glmPredict_smk_binomial_sefit_true" name="simple_glmPredict_binomial_with_newobj_se.fit_TRUE" time="0.00199999999995271"/>
    <testcase classname="ds.glmPredict_smk_binomial_sefit_true" name="simple_glmPredict_binomial_with_newobj_se.fit_TRUE" time="0.000999999999976353"/>
    <testcase classname="ds.glmPredict_smk_binomial_sefit_true" name="simple_glmPredict_binomial_with_newobj_se.fit_TRUE" time="0.00199999999995271"/>
    <testcase classname="ds.glmPredict_smk_binomial_sefit_true" name="simple_glmPredict_binomial_with_newobj_se.fit_TRUE" time="0.00199999999995271"/>
    <testcase classname="ds.glmPredict_smk_binomial_sefit_true" name="simple_glmPredict_binomial_with_newobj_se.fit_TRUE" time="0.00100000000020373"/>
    <testcase classname="ds.glmPredict_smk_binomial_sefit_true" name="simple_glmPredict_binomial_with_newobj_se.fit_TRUE" time="0.00199999999995271"/>
    <testcase classname="ds.glmPredict_smk_binomial_sefit_true" name="simple_glmPredict_binomial_with_newobj_se.fit_TRUE" time="0.00199999999995271"/>
    <testcase classname="ds.glmPredict_smk_binomial_sefit_true" name="simple_glmPredict_binomial_with_newobj_se.fit_TRUE" time="0.00199999999995271"/>
    <testcase classname="ds.glmPredict_smk_binomial_sefit_true" name="simple_glmPredict_binomial_with_newobj_se.fit_TRUE" time="0.00199999999995271"/>
    <testcase classname="ds.glmPredict_smk_binomial_sefit_true" name="simple_glmPredict_binomial_with_newobj_se.fit_TRUE" time="0.00200000000018008"/>
    <testcase classname="ds.glmPredict_smk_binomial_sefit_true" name="simple_glmPredict_binomial_with_newobj_se.fit_TRUE" time="0.00199999999995271"/>
    <testcase classname="ds.glmPredict_smk_binomial_sefit_true" name="simple_glmPredict_binomial_with_newobj_se.fit_TRUE" time="0.00199999999995271"/>
    <testcase classname="ds.glmPredict_smk_binomial_sefit_true" name="simple_glmPredict_binomial_with_newobj_se.fit_TRUE" time="0.00199999999995271"/>
    <testcase classname="ds.glmPredict_smk_binomial_sefit_true" name="simple_glmPredict_binomial_with_newobj_se.fit_TRUE" time="0.00199999999995271"/>
    <testcase classname="ds.glmPredict_smk_binomial_sefit_true" name="simple_glmPredict_binomial_with_newobj_se.fit_TRUE" time="0.00200000000018008"/>
    <testcase classname="ds.glmPredict_smk_binomial_sefit_true" name="simple_glmPredict_binomial_with_newobj_se.fit_TRUE" time="0.00299999999992906"/>
    <testcase classname="ds.glmPredict_smk_binomial_sefit_true" name="simple_glmPredict_binomial_with_newobj_se.fit_TRUE" time="0.00199999999995271"/>
    <testcase classname="ds.glmPredict_smk_binomial_sefit_true" name="simple_glmPredict_binomial_with_newobj_se.fit_TRUE" time="0.00199999999995271"/>
    <testcase classname="ds.glmPredict_smk_binomial_sefit_true" name="simple_glmPredict_binomial_with_newobj_se.fit_TRUE" time="0.00200000000018008"/>
    <testcase classname="ds.glmPredict_smk_binomial_sefit_true" name="simple_glmPredict_binomial_with_newobj_se.fit_TRUE" time="0.00299999999992906"/>
    <testcase classname="ds.glmPredict_smk_binomial_sefit_true" name="simple_glmPredict_binomial_with_newobj_se.fit_TRUE" time="0.00199999999995271"/>
    <testcase classname="ds.glmPredict_smk_binomial_sefit_true" name="simple_glmPredict_binomial_with_newobj_se.fit_TRUE" time="0.00199999999995271"/>
    <testcase classname="ds.glmPredict_smk_binomial_sefit_true" name="simple_glmPredict_binomial_with_newobj_se.fit_TRUE" time="0.00300000000015643"/>
    <testcase classname="ds.glmPredict_smk_binomial_sefit_true" name="simple_glmPredict_binomial_with_newobj_se.fit_TRUE" time="0.00299999999992906"/>
    <testcase classname="ds.glmPredict_smk_binomial_sefit_true" name="simple_glmPredict_binomial_with_newobj_se.fit_TRUE" time="0.00199999999995271"/>
    <testcase classname="ds.glmPredict_smk_binomial_sefit_true" name="simple_glmPredict_binomial_with_newobj_se.fit_TRUE" time="0.00199999999995271"/>
    <testcase classname="ds.glmPredict_smk_binomial_sefit_true" name="simple_glmPredict_binomial_with_newobj_se.fit_TRUE" time="0.00300000000015643"/>
    <testcase classname="ds.glmPredict_smk_binomial_sefit_true" name="simple_glmPredict_binomial_with_newobj_se.fit_TRUE" time="0.00199999999995271"/>
    <testcase classname="ds.glmPredict_smk_binomial_sefit_true" name="simple_glmPredict_binomial_with_newobj_se.fit_TRUE" time="0.00299999999992906"/>
    <testcase classname="ds.glmPredict_smk_binomial_sefit_true" name="simple_glmPredict_binomial_with_newobj_se.fit_TRUE" time="0.00199999999995271"/>
    <testcase classname="ds.glmPredict_smk_binomial_sefit_true" name="simple_glmPredict_binomial_with_newobj_se.fit_TRUE" time="0.00300000000015643"/>
    <testcase classname="ds.glmPredict_smk_binomial_sefit_true" name="simple_glmPredict_binomial_with_newobj_se.fit_TRUE" time="0.00199999999995271"/>
    <testcase classname="ds.glmPredict_smk_binomial_sefit_true" name="simple_glmPredict_binomial_with_newobj_se.fit_TRUE" time="0.00199999999995271"/>
    <testcase classname="ds.glmPredict_smk_binomial_sefit_true" name="simple_glmPredict_binomial_with_newobj_se.fit_TRUE" time="0.00199999999995271"/>
    <testcase classname="ds.glmPredict_smk_binomial_sefit_true" name="simple_glmPredict_binomial_with_newobj_se.fit_TRUE" time="0.0109999999999673"/>
    <testcase classname="ds.glmPredict_smk_binomial_sefit_true" name="simple_glmPredict_binomial_with_newobj_se.fit_TRUE" time="0.00200000000018008"/>
    <testcase classname="ds.glmPredict_smk_binomial_sefit_true" name="simple_glmPredict_binomial_with_newobj_se.fit_TRUE" time="0.00199999999995271"/>
    <testcase classname="ds.glmPredict_smk_binomial_sefit_true" name="simple_glmPredict_binomial_with_newobj_se.fit_TRUE" time="0.00199999999995271"/>
    <testcase classname="ds.glmPredict_smk_binomial_sefit_true" name="simple_glmPredict_binomial_with_newobj_se.fit_TRUE" time="0.00199999999995271"/>
    <testcase classname="ds.glmPredict_smk_binomial_sefit_true" name="simple_glmPredict_binomial_with_newobj_se.fit_TRUE" time="0.00199999999995271"/>
    <testcase classname="ds.glmPredict_smk_binomial_sefit_true" name="simple_glmPredict_binomial_with_newobj_se.fit_TRUE" time="0.00300000000015643"/>
    <testcase classname="ds.glmPredict_smk_binomial_sefit_true" name="simple_glmPredict_binomial_with_newobj_se.fit_TRUE" time="0.000999999999976353"/>
    <testcase classname="ds.glmPredict_smk_binomial_sefit_true" name="simple_glmPredict_binomial_with_newobj_se.fit_TRUE" time="0.00199999999995271"/>
    <testcase classname="ds.glmPredict_smk_binomial_sefit_true" name="simple_glmPredict_binomial_with_newobj_se.fit_TRUE" time="0.00299999999992906"/>
    <testcase classname="ds.glmPredict_smk_binomial_sefit_true" name="simple_glmPredict_binomial_with_newobj_se.fit_TRUE" time="0.00200000000018008"/>
    <testcase classname="ds.glmPredict_smk_binomial_sefit_true" name="simple_glmPredict_binomial_with_newobj_se.fit_TRUE" time="0.00199999999995271"/>
    <testcase classname="ds.glmPredict_smk_binomial_sefit_true" name="simple_glmPredict_binomial_with_newobj_se.fit_TRUE" time="0.00299999999992906"/>
    <testcase classname="ds.glmPredict_smk_binomial_sefit_true" name="simple_glmPredict_binomial_with_newobj_se.fit_TRUE" time="0.00199999999995271"/>
    <testcase classname="ds.glmPredict_smk_binomial_sefit_true" name="simple_glmPredict_binomial_with_newobj_se.fit_TRUE" time="0.00200000000018008"/>
    <testcase classname="ds.glmPredict_smk_binomial_sefit_true" name="simple_glmPredict_binomial_with_newobj_se.fit_TRUE" time="0.00199999999995271"/>
    <testcase classname="ds.glmPredict_smk_binomial_sefit_true" name="simple_glmPredict_binomial_with_newobj_se.fit_TRUE" time="0.00299999999992906"/>
    <testcase classname="ds.glmPredict_smk_binomial_sefit_true" name="simple_glmPredict_binomial_with_newobj_se.fit_TRUE" time="0.00199999999995271"/>
    <testcase classname="ds.glmPredict_smk_binomial_sefit_true" name="simple_glmPredict_binomial_with_newobj_se.fit_TRUE" time="0.00200000000018008"/>
    <testcase classname="ds.glmPredict_smk_binomial_sefit_true" name="simple_glmPredict_binomial_with_newobj_se.fit_TRUE" time="0.00299999999992906"/>
    <testcase classname="ds.glmPredict_smk_binomial_sefit_true" name="simple_glmPredict_binomial_with_newobj_se.fit_TRUE" time="0.00199999999995271"/>
    <testcase classname="ds.glmPredict_smk_binomial_sefit_true" name="simple_glmPredict_binomial_with_newobj_se.fit_TRUE" time="0.00199999999995271"/>
    <testcase classname="ds.glmPredict_smk_binomial_sefit_true" name="simple_glmPredict_binomial_with_newobj_se.fit_TRUE" time="0.00300000000015643"/>
    <testcase classname="ds.glmPredict_smk_binomial_sefit_true" name="simple_glmPredict_binomial_with_newobj_se.fit_TRUE" time="0.00199999999995271"/>
    <testcase classname="ds.glmPredict_smk_binomial_sefit_true" name="simple_glmPredict_binomial_with_newobj_se.fit_TRUE" time="0.00299999999992906"/>
    <testcase classname="ds.glmPredict_smk_binomial_sefit_true" name="simple_glmPredict_binomial_with_newobj_se.fit_TRUE" time="0.00299999999992906"/>
    <testcase classname="ds.glmPredict_smk_binomial_sefit_true" name="simple_glmPredict_binomial_with_newobj_se.fit_TRUE" time="0.00300000000015643"/>
    <testcase classname="ds.glmPredict_smk_binomial_sefit_true" name="simple_glmPredict_binomial_with_newobj_se.fit_TRUE" time="0.00199999999995271"/>
    <testcase classname="ds.glmPredict_smk_binomial_sefit_true" name="simple_glmPredict_binomial_with_newobj_se.fit_TRUE" time="0.00299999999992906"/>
    <testcase classname="ds.glmPredict_smk_binomial_sefit_true" name="simple_glmPredict_binomial_with_newobj_se.fit_TRUE" time="0.00300000000015643"/>
    <testcase classname="ds.glmPredict_smk_binomial_sefit_true" name="simple_glmPredict_binomial_with_newobj_se.fit_TRUE" time="0.00299999999992906"/>
    <testcase classname="ds.glmPredict_smk_binomial_sefit_true" name="simple_glmPredict_binomial_with_newobj_se.fit_TRUE" time="0.00299999999992906"/>
    <testcase classname="ds.glmPredict_smk_binomial_sefit_true" name="simple_glmPredict_binomial_with_newobj_se.fit_TRUE" time="0.00299999999992906"/>
    <testcase classname="ds.glmPredict_smk_binomial_sefit_true" name="simple_glmPredict_binomial_with_newobj_se.fit_TRUE" time="0.00300000000015643"/>
    <testcase classname="ds.glmPredict_smk_binomial_sefit_true" name="simple_glmPredict_binomial_with_newobj_se.fit_TRUE" time="0.00199999999995271"/>
    <testcase classname="ds.glmPredict_smk_binomial_sefit_true" name="simple_glmPredict_binomial_with_newobj_se.fit_TRUE" time="0.00299999999992906"/>
    <testcase classname="ds.glmPredict_smk_binomial_sefit_true" name="simple_glmPredict_binomial_with_newobj_se.fit_TRUE" time="0.00300000000015643"/>
  </testsuite>
  <testsuite errors="0" failures="0" hostname="fv-az14" name="ds.glmPredict::smk::binomial::shutdown" skipped="0" tests="3" time="0.283" timestamp="2020-10-23T11:20:41Z">
    <testcase classname="ds.glmPredict_smk_binomial_shutdown" name="shutdown" time="0.280999999999949"/>
    <testcase classname="ds.glmPredict_smk_binomial_shutdown" name="shutdown" time="0.000999999999976353"/>
    <testcase classname="ds.glmPredict_smk_binomial_shutdown" name="shutdown" time="0.000999999999976353"/>
  </testsuite>
  <testsuite errors="0" failures="0" hostname="fv-az14" name="ds.glmPredict::smk::binomial::done" skipped="0" tests="0" time="0" timestamp="2020-10-23T11:20:42Z"/>
  <testsuite errors="0" failures="0" hostname="fv-az14" name="ds.glmPredict::smk::gaussian::setup" skipped="0" tests="3" time="5.299" timestamp="2020-10-23T11:20:42Z">
    <testcase classname="ds.glmPredict_smk_gaussian_setup" name="setup" time="5.29700000000003"/>
    <testcase classname="ds.glmPredict_smk_gaussian_setup" name="setup" time="0.000999999999976353"/>
    <testcase classname="ds.glmPredict_smk_gaussian_setup" name="setup" time="0.000999999999976353"/>
  </testsuite>
  <testsuite errors="0" failures="0" hostname="fv-az14" name="ds.glmPredict::smk::gaussian::without_newobj" skipped="0" tests="69" time="2.587" timestamp="2020-10-23T11:20:47Z">
    <testcase classname="ds.glmPredict_smk_gaussian_without_newobj" name="simple_glmPredict_gaussian_without_newobj_se.fit_FALSE" time="1.40599999999995"/>
    <testcase classname="ds.glmPredict_smk_gaussian_without_newobj" name="simple_glmPredict_gaussian_without_newobj_se.fit_FALSE" time="0.000999999999976353"/>
    <testcase classname="ds.glmPredict_smk_gaussian_without_newobj" name="simple_glmPredict_gaussian_without_newobj_se.fit_FALSE" time="0.00100000000020373"/>
    <testcase classname="ds.glmPredict_smk_gaussian_without_newobj" name="simple_glmPredict_gaussian_without_newobj_se.fit_FALSE" time="0.000999999999976353"/>
    <testcase classname="ds.glmPredict_smk_gaussian_without_newobj" name="simple_glmPredict_gaussian_without_newobj_se.fit_FALSE" time="1.07199999999989"/>
    <testcase classname="ds.glmPredict_smk_gaussian_without_newobj" name="simple_glmPredict_gaussian_without_newobj_se.fit_FALSE" time="0.000999999999976353"/>
    <testcase classname="ds.glmPredict_smk_gaussian_without_newobj" name="simple_glmPredict_gaussian_without_newobj_se.fit_FALSE" time="0.000999999999976353"/>
    <testcase classname="ds.glmPredict_smk_gaussian_without_newobj" name="simple_glmPredict_gaussian_without_newobj_se.fit_FALSE" time="0.00200000000018008"/>
    <testcase classname="ds.glmPredict_smk_gaussian_without_newobj" name="simple_glmPredict_gaussian_without_newobj_se.fit_FALSE" time="0.000999999999976353"/>
    <testcase classname="ds.glmPredict_smk_gaussian_without_newobj" name="simple_glmPredict_gaussian_without_newobj_se.fit_FALSE" time="0.000999999999976353"/>
    <testcase classname="ds.glmPredict_smk_gaussian_without_newobj" name="simple_glmPredict_gaussian_without_newobj_se.fit_FALSE" time="0.000999999999976353"/>
    <testcase classname="ds.glmPredict_smk_gaussian_without_newobj" name="simple_glmPredict_gaussian_without_newobj_se.fit_FALSE" time="0.000999999999976353"/>
    <testcase classname="ds.glmPredict_smk_gaussian_without_newobj" name="simple_glmPredict_gaussian_without_newobj_se.fit_FALSE" time="0.000999999999976353"/>
    <testcase classname="ds.glmPredict_smk_gaussian_without_newobj" name="simple_glmPredict_gaussian_without_newobj_se.fit_FALSE" time="0.00199999999995271"/>
    <testcase classname="ds.glmPredict_smk_gaussian_without_newobj" name="simple_glmPredict_gaussian_without_newobj_se.fit_FALSE" time="0.000999999999976353"/>
    <testcase classname="ds.glmPredict_smk_gaussian_without_newobj" name="simple_glmPredict_gaussian_without_newobj_se.fit_FALSE" time="0.00100000000020373"/>
    <testcase classname="ds.glmPredict_smk_gaussian_without_newobj" name="simple_glmPredict_gaussian_without_newobj_se.fit_FALSE" time="0.00199999999995271"/>
    <testcase classname="ds.glmPredict_smk_gaussian_without_newobj" name="simple_glmPredict_gaussian_without_newobj_se.fit_FALSE" time="0.000999999999976353"/>
    <testcase classname="ds.glmPredict_smk_gaussian_without_newobj" name="simple_glmPredict_gaussian_without_newobj_se.fit_FALSE" time="0.000999999999976353"/>
    <testcase classname="ds.glmPredict_smk_gaussian_without_newobj" name="simple_glmPredict_gaussian_without_newobj_se.fit_FALSE" time="0.000999999999976353"/>
    <testcase classname="ds.glmPredict_smk_gaussian_without_newobj" name="simple_glmPredict_gaussian_without_newobj_se.fit_FALSE" time="0.00199999999995271"/>
    <testcase classname="ds.glmPredict_smk_gaussian_without_newobj" name="simple_glmPredict_gaussian_without_newobj_se.fit_FALSE" time="0.000999999999976353"/>
    <testcase classname="ds.glmPredict_smk_gaussian_without_newobj" name="simple_glmPredict_gaussian_without_newobj_se.fit_FALSE" time="0.00200000000018008"/>
    <testcase classname="ds.glmPredict_smk_gaussian_without_newobj" name="simple_glmPredict_gaussian_without_newobj_se.fit_FALSE" time="0.000999999999976353"/>
    <testcase classname="ds.glmPredict_smk_gaussian_without_newobj" name="simple_glmPredict_gaussian_without_newobj_se.fit_FALSE" time="0.00199999999995271"/>
    <testcase classname="ds.glmPredict_smk_gaussian_without_newobj" name="simple_glmPredict_gaussian_without_newobj_se.fit_FALSE" time="0.000999999999976353"/>
    <testcase classname="ds.glmPredict_smk_gaussian_without_newobj" name="simple_glmPredict_gaussian_without_newobj_se.fit_FALSE" time="0.000999999999976353"/>
    <testcase classname="ds.glmPredict_smk_gaussian_without_newobj" name="simple_glmPredict_gaussian_without_newobj_se.fit_FALSE" time="0.00199999999995271"/>
    <testcase classname="ds.glmPredict_smk_gaussian_without_newobj" name="simple_glmPredict_gaussian_without_newobj_se.fit_FALSE" time="0.00199999999995271"/>
    <testcase classname="ds.glmPredict_smk_gaussian_without_newobj" name="simple_glmPredict_gaussian_without_newobj_se.fit_FALSE" time="0.00100000000020373"/>
    <testcase classname="ds.glmPredict_smk_gaussian_without_newobj" name="simple_glmPredict_gaussian_without_newobj_se.fit_FALSE" time="0.00199999999995271"/>
    <testcase classname="ds.glmPredict_smk_gaussian_without_newobj" name="simple_glmPredict_gaussian_without_newobj_se.fit_FALSE" time="0.000999999999976353"/>
    <testcase classname="ds.glmPredict_smk_gaussian_without_newobj" name="simple_glmPredict_gaussian_without_newobj_se.fit_FALSE" time="0.000999999999976353"/>
    <testcase classname="ds.glmPredict_smk_gaussian_without_newobj" name="simple_glmPredict_gaussian_without_newobj_se.fit_FALSE" time="0.00199999999995271"/>
    <testcase classname="ds.glmPredict_smk_gaussian_without_newobj" name="simple_glmPredict_gaussian_without_newobj_se.fit_FALSE" time="0.00199999999995271"/>
    <testcase classname="ds.glmPredict_smk_gaussian_without_newobj" name="simple_glmPredict_gaussian_without_newobj_se.fit_FALSE" time="0.00100000000020373"/>
    <testcase classname="ds.glmPredict_smk_gaussian_without_newobj" name="simple_glmPredict_gaussian_without_newobj_se.fit_FALSE" time="0.00199999999995271"/>
    <testcase classname="ds.glmPredict_smk_gaussian_without_newobj" name="simple_glmPredict_gaussian_without_newobj_se.fit_FALSE" time="0.00199999999995271"/>
    <testcase classname="ds.glmPredict_smk_gaussian_without_newobj" name="simple_glmPredict_gaussian_without_newobj_se.fit_FALSE" time="0.000999999999976353"/>
    <testcase classname="ds.glmPredict_smk_gaussian_without_newobj" name="simple_glmPredict_gaussian_without_newobj_se.fit_FALSE" time="0.00199999999995271"/>
    <testcase classname="ds.glmPredict_smk_gaussian_without_newobj" name="simple_glmPredict_gaussian_without_newobj_se.fit_FALSE" time="0.000999999999976353"/>
    <testcase classname="ds.glmPredict_smk_gaussian_without_newobj" name="simple_glmPredict_gaussian_without_newobj_se.fit_FALSE" time="0.00200000000018008"/>
    <testcase classname="ds.glmPredict_smk_gaussian_without_newobj" name="simple_glmPredict_gaussian_without_newobj_se.fit_FALSE" time="0.00199999999995271"/>
    <testcase classname="ds.glmPredict_smk_gaussian_without_newobj" name="simple_glmPredict_gaussian_without_newobj_se.fit_FALSE" time="0.00199999999995271"/>
    <testcase classname="ds.glmPredict_smk_gaussian_without_newobj" name="simple_glmPredict_gaussian_without_newobj_se.fit_FALSE" time="0.000999999999976353"/>
    <testcase classname="ds.glmPredict_smk_gaussian_without_newobj" name="simple_glmPredict_gaussian_without_newobj_se.fit_FALSE" time="0.00199999999995271"/>
    <testcase classname="ds.glmPredict_smk_gaussian_without_newobj" name="simple_glmPredict_gaussian_without_newobj_se.fit_FALSE" time="0.00200000000018008"/>
    <testcase classname="ds.glmPredict_smk_gaussian_without_newobj" name="simple_glmPredict_gaussian_without_newobj_se.fit_FALSE" time="0.00199999999995271"/>
    <testcase classname="ds.glmPredict_smk_gaussian_without_newobj" name="simple_glmPredict_gaussian_without_newobj_se.fit_FALSE" time="0.00199999999995271"/>
    <testcase classname="ds.glmPredict_smk_gaussian_without_newobj" name="simple_glmPredict_gaussian_without_newobj_se.fit_FALSE" time="0.000999999999976353"/>
    <testcase classname="ds.glmPredict_smk_gaussian_without_newobj" name="simple_glmPredict_gaussian_without_newobj_se.fit_FALSE" time="0.00199999999995271"/>
    <testcase classname="ds.glmPredict_smk_gaussian_without_newobj" name="simple_glmPredict_gaussian_without_newobj_se.fit_FALSE" time="0.00199999999995271"/>
    <testcase classname="ds.glmPredict_smk_gaussian_without_newobj" name="simple_glmPredict_gaussian_without_newobj_se.fit_FALSE" time="0.00200000000018008"/>
    <testcase classname="ds.glmPredict_smk_gaussian_without_newobj" name="simple_glmPredict_gaussian_without_newobj_se.fit_FALSE" time="0.00199999999995271"/>
    <testcase classname="ds.glmPredict_smk_gaussian_without_newobj" name="simple_glmPredict_gaussian_without_newobj_se.fit_FALSE" time="0.000999999999976353"/>
    <testcase classname="ds.glmPredict_smk_gaussian_without_newobj" name="simple_glmPredict_gaussian_without_newobj_se.fit_FALSE" time="0.00199999999995271"/>
    <testcase classname="ds.glmPredict_smk_gaussian_without_newobj" name="simple_glmPredict_gaussian_without_newobj_se.fit_FALSE" time="0.00299999999992906"/>
    <testcase classname="ds.glmPredict_smk_gaussian_without_newobj" name="simple_glmPredict_gaussian_without_newobj_se.fit_FALSE" time="0.00200000000018008"/>
    <testcase classname="ds.glmPredict_smk_gaussian_without_newobj" name="simple_glmPredict_gaussian_without_newobj_se.fit_FALSE" time="0.00199999999995271"/>
    <testcase classname="ds.glmPredict_smk_gaussian_without_newobj" name="simple_glmPredict_gaussian_without_newobj_se.fit_FALSE" time="0.000999999999976353"/>
    <testcase classname="ds.glmPredict_smk_gaussian_without_newobj" name="simple_glmPredict_gaussian_without_newobj_se.fit_FALSE" time="0.00199999999995271"/>
    <testcase classname="ds.glmPredict_smk_gaussian_without_newobj" name="simple_glmPredict_gaussian_without_newobj_se.fit_FALSE" time="0.00199999999995271"/>
    <testcase classname="ds.glmPredict_smk_gaussian_without_newobj" name="simple_glmPredict_gaussian_without_newobj_se.fit_FALSE" time="0.00300000000015643"/>
    <testcase classname="ds.glmPredict_smk_gaussian_without_newobj" name="simple_glmPredict_gaussian_without_newobj_se.fit_FALSE" time="0.00199999999995271"/>
    <testcase classname="ds.glmPredict_smk_gaussian_without_newobj" name="simple_glmPredict_gaussian_without_newobj_se.fit_FALSE" time="0.00199999999995271"/>
    <testcase classname="ds.glmPredict_smk_gaussian_without_newobj" name="simple_glmPredict_gaussian_without_newobj_se.fit_FALSE" time="0.00199999999995271"/>
    <testcase classname="ds.glmPredict_smk_gaussian_without_newobj" name="simple_glmPredict_gaussian_without_newobj_se.fit_FALSE" time="0.00300000000015643"/>
    <testcase classname="ds.glmPredict_smk_gaussian_without_newobj" name="simple_glmPredict_gaussian_without_newobj_se.fit_FALSE" time="0.00299999999992906"/>
    <testcase classname="ds.glmPredict_smk_gaussian_without_newobj" name="simple_glmPredict_gaussian_without_newobj_se.fit_FALSE" time="0.00199999999995271"/>
  </testsuite>
  <testsuite errors="0" failures="0" hostname="fv-az14" name="ds.glmPredict::smk::gaussian::with_newobj" skipped="0" tests="69" time="2.571" timestamp="2020-10-23T11:20:50Z">
    <testcase classname="ds.glmPredict_smk_gaussian_with_newobj" name="simple_glmPredict_gaussian_with_newobj_se.fit_FALSE" time="1.39300000000003"/>
    <testcase classname="ds.glmPredict_smk_gaussian_with_newobj" name="simple_glmPredict_gaussian_with_newobj_se.fit_FALSE" time="0.00199999999995271"/>
    <testcase classname="ds.glmPredict_smk_gaussian_with_newobj" name="simple_glmPredict_gaussian_with_newobj_se.fit_FALSE" time="0.000999999999976353"/>
    <testcase classname="ds.glmPredict_smk_gaussian_with_newobj" name="simple_glmPredict_gaussian_with_newobj_se.fit_FALSE" time="0.000999999999976353"/>
    <testcase classname="ds.glmPredict_smk_gaussian_with_newobj" name="simple_glmPredict_gaussian_with_newobj_se.fit_FALSE" time="1.06800000000021"/>
    <testcase classname="ds.glmPredict_smk_gaussian_with_newobj" name="simple_glmPredict_gaussian_with_newobj_se.fit_FALSE" time="0.000999999999976353"/>
    <testcase classname="ds.glmPredict_smk_gaussian_with_newobj" name="simple_glmPredict_gaussian_with_newobj_se.fit_FALSE" time="0.000999999999976353"/>
    <testcase classname="ds.glmPredict_smk_gaussian_with_newobj" name="simple_glmPredict_gaussian_with_newobj_se.fit_FALSE" time="0.00199999999995271"/>
    <testcase classname="ds.glmPredict_smk_gaussian_with_newobj" name="simple_glmPredict_gaussian_with_newobj_se.fit_FALSE" time="0.000999999999976353"/>
    <testcase classname="ds.glmPredict_smk_gaussian_with_newobj" name="simple_glmPredict_gaussian_with_newobj_se.fit_FALSE" time="0.000999999999976353"/>
    <testcase classname="ds.glmPredict_smk_gaussian_with_newobj" name="simple_glmPredict_gaussian_with_newobj_se.fit_FALSE" time="0.000999999999976353"/>
    <testcase classname="ds.glmPredict_smk_gaussian_with_newobj" name="simple_glmPredict_gaussian_with_newobj_se.fit_FALSE" time="0.000999999999976353"/>
    <testcase classname="ds.glmPredict_smk_gaussian_with_newobj" name="simple_glmPredict_gaussian_with_newobj_se.fit_FALSE" time="0.00900000000001455"/>
    <testcase classname="ds.glmPredict_smk_gaussian_with_newobj" name="simple_glmPredict_gaussian_with_newobj_se.fit_FALSE" time="0.000999999999976353"/>
    <testcase classname="ds.glmPredict_smk_gaussian_with_newobj" name="simple_glmPredict_gaussian_with_newobj_se.fit_FALSE" time="0.00200000000018008"/>
    <testcase classname="ds.glmPredict_smk_gaussian_with_newobj" name="simple_glmPredict_gaussian_with_newobj_se.fit_FALSE" time="0.000999999999976353"/>
    <testcase classname="ds.glmPredict_smk_gaussian_with_newobj" name="simple_glmPredict_gaussian_with_newobj_se.fit_FALSE" time="0.00199999999995271"/>
    <testcase classname="ds.glmPredict_smk_gaussian_with_newobj" name="simple_glmPredict_gaussian_with_newobj_se.fit_FALSE" time="0.000999999999976353"/>
    <testcase classname="ds.glmPredict_smk_gaussian_with_newobj" name="simple_glmPredict_gaussian_with_newobj_se.fit_FALSE" time="0.000999999999976353"/>
    <testcase classname="ds.glmPredict_smk_gaussian_with_newobj" name="simple_glmPredict_gaussian_with_newobj_se.fit_FALSE" time="0.000999999999976353"/>
    <testcase classname="ds.glmPredict_smk_gaussian_with_newobj" name="simple_glmPredict_gaussian_with_newobj_se.fit_FALSE" time="0.000999999999976353"/>
    <testcase classname="ds.glmPredict_smk_gaussian_with_newobj" name="simple_glmPredict_gaussian_with_newobj_se.fit_FALSE" time="0.00200000000018008"/>
    <testcase classname="ds.glmPredict_smk_gaussian_with_newobj" name="simple_glmPredict_gaussian_with_newobj_se.fit_FALSE" time="0.000999999999976353"/>
    <testcase classname="ds.glmPredict_smk_gaussian_with_newobj" name="simple_glmPredict_gaussian_with_newobj_se.fit_FALSE" time="0.000999999999976353"/>
    <testcase classname="ds.glmPredict_smk_gaussian_with_newobj" name="simple_glmPredict_gaussian_with_newobj_se.fit_FALSE" time="0.00199999999995271"/>
    <testcase classname="ds.glmPredict_smk_gaussian_with_newobj" name="simple_glmPredict_gaussian_with_newobj_se.fit_FALSE" time="0.000999999999976353"/>
    <testcase classname="ds.glmPredict_smk_gaussian_with_newobj" name="simple_glmPredict_gaussian_with_newobj_se.fit_FALSE" time="0.000999999999976353"/>
    <testcase classname="ds.glmPredict_smk_gaussian_with_newobj" name="simple_glmPredict_gaussian_with_newobj_se.fit_FALSE" time="0.00199999999995271"/>
    <testcase classname="ds.glmPredict_smk_gaussian_with_newobj" name="simple_glmPredict_gaussian_with_newobj_se.fit_FALSE" time="0.00200000000018008"/>
    <testcase classname="ds.glmPredict_smk_gaussian_with_newobj" name="simple_glmPredict_gaussian_with_newobj_se.fit_FALSE" time="0.000999999999976353"/>
    <testcase classname="ds.glmPredict_smk_gaussian_with_newobj" name="simple_glmPredict_gaussian_with_newobj_se.fit_FALSE" time="0.00199999999995271"/>
    <testcase classname="ds.glmPredict_smk_gaussian_with_newobj" name="simple_glmPredict_gaussian_with_newobj_se.fit_FALSE" time="0.000999999999976353"/>
    <testcase classname="ds.glmPredict_smk_gaussian_with_newobj" name="simple_glmPredict_gaussian_with_newobj_se.fit_FALSE" time="0.000999999999976353"/>
    <testcase classname="ds.glmPredict_smk_gaussian_with_newobj" name="simple_glmPredict_gaussian_with_newobj_se.fit_FALSE" time="0.00199999999995271"/>
    <testcase classname="ds.glmPredict_smk_gaussian_with_newobj" name="simple_glmPredict_gaussian_with_newobj_se.fit_FALSE" time="0.000999999999976353"/>
    <testcase classname="ds.glmPredict_smk_gaussian_with_newobj" name="simple_glmPredict_gaussian_with_newobj_se.fit_FALSE" time="0.00200000000018008"/>
    <testcase classname="ds.glmPredict_smk_gaussian_with_newobj" name="simple_glmPredict_gaussian_with_newobj_se.fit_FALSE" time="0.00199999999995271"/>
    <testcase classname="ds.glmPredict_smk_gaussian_with_newobj" name="simple_glmPredict_gaussian_with_newobj_se.fit_FALSE" time="0.00199999999995271"/>
    <testcase classname="ds.glmPredict_smk_gaussian_with_newobj" name="simple_glmPredict_gaussian_with_newobj_se.fit_FALSE" time="0.000999999999976353"/>
    <testcase classname="ds.glmPredict_smk_gaussian_with_newobj" name="simple_glmPredict_gaussian_with_newobj_se.fit_FALSE" time="0.00199999999995271"/>
    <testcase classname="ds.glmPredict_smk_gaussian_with_newobj" name="simple_glmPredict_gaussian_with_newobj_se.fit_FALSE" time="0.000999999999976353"/>
    <testcase classname="ds.glmPredict_smk_gaussian_with_newobj" name="simple_glmPredict_gaussian_with_newobj_se.fit_FALSE" time="0.00200000000018008"/>
    <testcase classname="ds.glmPredict_smk_gaussian_with_newobj" name="simple_glmPredict_gaussian_with_newobj_se.fit_FALSE" time="0.000999999999976353"/>
    <testcase classname="ds.glmPredict_smk_gaussian_with_newobj" name="simple_glmPredict_gaussian_with_newobj_se.fit_FALSE" time="0.00199999999995271"/>
    <testcase classname="ds.glmPredict_smk_gaussian_with_newobj" name="simple_glmPredict_gaussian_with_newobj_se.fit_FALSE" time="0.000999999999976353"/>
    <testcase classname="ds.glmPredict_smk_gaussian_with_newobj" name="simple_glmPredict_gaussian_with_newobj_se.fit_FALSE" time="0.00199999999995271"/>
    <testcase classname="ds.glmPredict_smk_gaussian_with_newobj" name="simple_glmPredict_gaussian_with_newobj_se.fit_FALSE" time="0.000999999999976353"/>
    <testcase classname="ds.glmPredict_smk_gaussian_with_newobj" name="simple_glmPredict_gaussian_with_newobj_se.fit_FALSE" time="0.00200000000018008"/>
    <testcase classname="ds.glmPredict_smk_gaussian_with_newobj" name="simple_glmPredict_gaussian_with_newobj_se.fit_FALSE" time="0.00199999999995271"/>
    <testcase classname="ds.glmPredict_smk_gaussian_with_newobj" name="simple_glmPredict_gaussian_with_newobj_se.fit_FALSE" time="0.000999999999976353"/>
    <testcase classname="ds.glmPredict_smk_gaussian_with_newobj" name="simple_glmPredict_gaussian_with_newobj_se.fit_FALSE" time="0.00199999999995271"/>
    <testcase classname="ds.glmPredict_smk_gaussian_with_newobj" name="simple_glmPredict_gaussian_with_newobj_se.fit_FALSE" time="0.000999999999976353"/>
    <testcase classname="ds.glmPredict_smk_gaussian_with_newobj" name="simple_glmPredict_gaussian_with_newobj_se.fit_FALSE" time="0.00199999999995271"/>
    <testcase classname="ds.glmPredict_smk_gaussian_with_newobj" name="simple_glmPredict_gaussian_with_newobj_se.fit_FALSE" time="0.00200000000018008"/>
    <testcase classname="ds.glmPredict_smk_gaussian_with_newobj" name="simple_glmPredict_gaussian_with_newobj_se.fit_FALSE" time="0.000999999999976353"/>
    <testcase classname="ds.glmPredict_smk_gaussian_with_newobj" name="simple_glmPredict_gaussian_with_newobj_se.fit_FALSE" time="0.00199999999995271"/>
    <testcase classname="ds.glmPredict_smk_gaussian_with_newobj" name="simple_glmPredict_gaussian_with_newobj_se.fit_FALSE" time="0.00199999999995271"/>
    <testcase classname="ds.glmPredict_smk_gaussian_with_newobj" name="simple_glmPredict_gaussian_with_newobj_se.fit_FALSE" time="0.00199999999995271"/>
    <testcase classname="ds.glmPredict_smk_gaussian_with_newobj" name="simple_glmPredict_gaussian_with_newobj_se.fit_FALSE" time="0.00200000000018008"/>
    <testcase classname="ds.glmPredict_smk_gaussian_with_newobj" name="simple_glmPredict_gaussian_with_newobj_se.fit_FALSE" time="0.000999999999976353"/>
    <testcase classname="ds.glmPredict_smk_gaussian_with_newobj" name="simple_glmPredict_gaussian_with_newobj_se.fit_FALSE" time="0.00199999999995271"/>
    <testcase classname="ds.glmPredict_smk_gaussian_with_newobj" name="simple_glmPredict_gaussian_with_newobj_se.fit_FALSE" time="0.00199999999995271"/>
    <testcase classname="ds.glmPredict_smk_gaussian_with_newobj" name="simple_glmPredict_gaussian_with_newobj_se.fit_FALSE" time="0.00199999999995271"/>
    <testcase classname="ds.glmPredict_smk_gaussian_with_newobj" name="simple_glmPredict_gaussian_with_newobj_se.fit_FALSE" time="0.000999999999976353"/>
    <testcase classname="ds.glmPredict_smk_gaussian_with_newobj" name="simple_glmPredict_gaussian_with_newobj_se.fit_FALSE" time="0.00200000000018008"/>
    <testcase classname="ds.glmPredict_smk_gaussian_with_newobj" name="simple_glmPredict_gaussian_with_newobj_se.fit_FALSE" time="0.00299999999992906"/>
    <testcase classname="ds.glmPredict_smk_gaussian_with_newobj" name="simple_glmPredict_gaussian_with_newobj_se.fit_FALSE" time="0.00199999999995271"/>
    <testcase classname="ds.glmPredict_smk_gaussian_with_newobj" name="simple_glmPredict_gaussian_with_newobj_se.fit_FALSE" time="0.00199999999995271"/>
    <testcase classname="ds.glmPredict_smk_gaussian_with_newobj" name="simple_glmPredict_gaussian_with_newobj_se.fit_FALSE" time="0.00200000000018008"/>
  </testsuite>
  <testsuite errors="0" failures="0" hostname="fv-az14" name="ds.glmPredict::smk::gaussian::sefit_true" skipped="0" tests="114" time="2.7" timestamp="2020-10-23T11:20:52Z">
    <testcase classname="ds.glmPredict_smk_gaussian_sefit_true" name="simple_glmPredict_gaussian_with_newobj_se.fit_TRUE" time="1.38299999999981"/>
    <testcase classname="ds.glmPredict_smk_gaussian_sefit_true" name="simple_glmPredict_gaussian_with_newobj_se.fit_TRUE" time="0.00100000000020373"/>
    <testcase classname="ds.glmPredict_smk_gaussian_sefit_true" name="simple_glmPredict_gaussian_with_newobj_se.fit_TRUE" time="0.000999999999976353"/>
    <testcase classname="ds.glmPredict_smk_gaussian_sefit_true" name="simple_glmPredict_gaussian_with_newobj_se.fit_TRUE" time="0.00199999999995271"/>
    <testcase classname="ds.glmPredict_smk_gaussian_sefit_true" name="simple_glmPredict_gaussian_with_newobj_se.fit_TRUE" time="1.0809999999999"/>
    <testcase classname="ds.glmPredict_smk_gaussian_sefit_true" name="simple_glmPredict_gaussian_with_newobj_se.fit_TRUE" time="0.000999999999976353"/>
    <testcase classname="ds.glmPredict_smk_gaussian_sefit_true" name="simple_glmPredict_gaussian_with_newobj_se.fit_TRUE" time="0.000999999999976353"/>
    <testcase classname="ds.glmPredict_smk_gaussian_sefit_true" name="simple_glmPredict_gaussian_with_newobj_se.fit_TRUE" time="0.00200000000018008"/>
    <testcase classname="ds.glmPredict_smk_gaussian_sefit_true" name="simple_glmPredict_gaussian_with_newobj_se.fit_TRUE" time="0.000999999999976353"/>
    <testcase classname="ds.glmPredict_smk_gaussian_sefit_true" name="simple_glmPredict_gaussian_with_newobj_se.fit_TRUE" time="0.000999999999976353"/>
    <testcase classname="ds.glmPredict_smk_gaussian_sefit_true" name="simple_glmPredict_gaussian_with_newobj_se.fit_TRUE" time="0.000999999999976353"/>
    <testcase classname="ds.glmPredict_smk_gaussian_sefit_true" name="simple_glmPredict_gaussian_with_newobj_se.fit_TRUE" time="0.000999999999976353"/>
    <testcase classname="ds.glmPredict_smk_gaussian_sefit_true" name="simple_glmPredict_gaussian_with_newobj_se.fit_TRUE" time="0.000999999999976353"/>
    <testcase classname="ds.glmPredict_smk_gaussian_sefit_true" name="simple_glmPredict_gaussian_with_newobj_se.fit_TRUE" time="0.00199999999995271"/>
    <testcase classname="ds.glmPredict_smk_gaussian_sefit_true" name="simple_glmPredict_gaussian_with_newobj_se.fit_TRUE" time="0.000999999999976353"/>
    <testcase classname="ds.glmPredict_smk_gaussian_sefit_true" name="simple_glmPredict_gaussian_with_newobj_se.fit_TRUE" time="0.00200000000018008"/>
    <testcase classname="ds.glmPredict_smk_gaussian_sefit_true" name="simple_glmPredict_gaussian_with_newobj_se.fit_TRUE" time="0.000999999999976353"/>
    <testcase classname="ds.glmPredict_smk_gaussian_sefit_true" name="simple_glmPredict_gaussian_with_newobj_se.fit_TRUE" time="0.00199999999995271"/>
    <testcase classname="ds.glmPredict_smk_gaussian_sefit_true" name="simple_glmPredict_gaussian_with_newobj_se.fit_TRUE" time="0.000999999999976353"/>
    <testcase classname="ds.glmPredict_smk_gaussian_sefit_true" name="simple_glmPredict_gaussian_with_newobj_se.fit_TRUE" time="0.000999999999976353"/>
    <testcase classname="ds.glmPredict_smk_gaussian_sefit_true" name="simple_glmPredict_gaussian_with_newobj_se.fit_TRUE" time="0.00199999999995271"/>
    <testcase classname="ds.glmPredict_smk_gaussian_sefit_true" name="simple_glmPredict_gaussian_with_newobj_se.fit_TRUE" time="0.00100000000020373"/>
    <testcase classname="ds.glmPredict_smk_gaussian_sefit_true" name="simple_glmPredict_gaussian_with_newobj_se.fit_TRUE" time="0.00199999999995271"/>
    <testcase classname="ds.glmPredict_smk_gaussian_sefit_true" name="simple_glmPredict_gaussian_with_newobj_se.fit_TRUE" time="0.000999999999976353"/>
    <testcase classname="ds.glmPredict_smk_gaussian_sefit_true" name="simple_glmPredict_gaussian_with_newobj_se.fit_TRUE" time="0.00199999999995271"/>
    <testcase classname="ds.glmPredict_smk_gaussian_sefit_true" name="simple_glmPredict_gaussian_with_newobj_se.fit_TRUE" time="0.000999999999976353"/>
    <testcase classname="ds.glmPredict_smk_gaussian_sefit_true" name="simple_glmPredict_gaussian_with_newobj_se.fit_TRUE" time="0.000999999999976353"/>
    <testcase classname="ds.glmPredict_smk_gaussian_sefit_true" name="simple_glmPredict_gaussian_with_newobj_se.fit_TRUE" time="0.00199999999995271"/>
    <testcase classname="ds.glmPredict_smk_gaussian_sefit_true" name="simple_glmPredict_gaussian_with_newobj_se.fit_TRUE" time="0.00100000000020373"/>
    <testcase classname="ds.glmPredict_smk_gaussian_sefit_true" name="simple_glmPredict_gaussian_with_newobj_se.fit_TRUE" time="0.000999999999976353"/>
    <testcase classname="ds.glmPredict_smk_gaussian_sefit_true" name="simple_glmPredict_gaussian_with_newobj_se.fit_TRUE" time="0.00199999999995271"/>
    <testcase classname="ds.glmPredict_smk_gaussian_sefit_true" name="simple_glmPredict_gaussian_with_newobj_se.fit_TRUE" time="0.000999999999976353"/>
    <testcase classname="ds.glmPredict_smk_gaussian_sefit_true" name="simple_glmPredict_gaussian_with_newobj_se.fit_TRUE" time="0.00199999999995271"/>
    <testcase classname="ds.glmPredict_smk_gaussian_sefit_true" name="simple_glmPredict_gaussian_with_newobj_se.fit_TRUE" time="0.000999999999976353"/>
    <testcase classname="ds.glmPredict_smk_gaussian_sefit_true" name="simple_glmPredict_gaussian_with_newobj_se.fit_TRUE" time="0.00200000000018008"/>
    <testcase classname="ds.glmPredict_smk_gaussian_sefit_true" name="simple_glmPredict_gaussian_with_newobj_se.fit_TRUE" time="0.00199999999995271"/>
    <testcase classname="ds.glmPredict_smk_gaussian_sefit_true" name="simple_glmPredict_gaussian_with_newobj_se.fit_TRUE" time="0.000999999999976353"/>
    <testcase classname="ds.glmPredict_smk_gaussian_sefit_true" name="simple_glmPredict_gaussian_with_newobj_se.fit_TRUE" time="0.00199999999995271"/>
    <testcase classname="ds.glmPredict_smk_gaussian_sefit_true" name="simple_glmPredict_gaussian_with_newobj_se.fit_TRUE" time="0.000999999999976353"/>
    <testcase classname="ds.glmPredict_smk_gaussian_sefit_true" name="simple_glmPredict_gaussian_with_newobj_se.fit_TRUE" time="0.00199999999995271"/>
    <testcase classname="ds.glmPredict_smk_gaussian_sefit_true" name="simple_glmPredict_gaussian_with_newobj_se.fit_TRUE" time="0.000999999999976353"/>
    <testcase classname="ds.glmPredict_smk_gaussian_sefit_true" name="simple_glmPredict_gaussian_with_newobj_se.fit_TRUE" time="0.00200000000018008"/>
    <testcase classname="ds.glmPredict_smk_gaussian_sefit_true" name="simple_glmPredict_gaussian_with_newobj_se.fit_TRUE" time="0.000999999999976353"/>
    <testcase classname="ds.glmPredict_smk_gaussian_sefit_true" name="simple_glmPredict_gaussian_with_newobj_se.fit_TRUE" time="0.00199999999995271"/>
    <testcase classname="ds.glmPredict_smk_gaussian_sefit_true" name="simple_glmPredict_gaussian_with_newobj_se.fit_TRUE" time="0.00199999999995271"/>
    <testcase classname="ds.glmPredict_smk_gaussian_sefit_true" name="simple_glmPredict_gaussian_with_newobj_se.fit_TRUE" time="0.00199999999995271"/>
    <testcase classname="ds.glmPredict_smk_gaussian_sefit_true" name="simple_glmPredict_gaussian_with_newobj_se.fit_TRUE" time="0.00200000000018008"/>
    <testcase classname="ds.glmPredict_smk_gaussian_sefit_true" name="simple_glmPredict_gaussian_with_newobj_se.fit_TRUE" time="0.00299999999992906"/>
    <testcase classname="ds.glmPredict_smk_gaussian_sefit_true" name="simple_glmPredict_gaussian_with_newobj_se.fit_TRUE" time="0.00299999999992906"/>
    <testcase classname="ds.glmPredict_smk_gaussian_sefit_true" name="simple_glmPredict_gaussian_with_newobj_se.fit_TRUE" time="0.000999999999976353"/>
    <testcase classname="ds.glmPredict_smk_gaussian_sefit_true" name="simple_glmPredict_gaussian_with_newobj_se.fit_TRUE" time="0.00200000000018008"/>
    <testcase classname="ds.glmPredict_smk_gaussian_sefit_true" name="simple_glmPredict_gaussian_with_newobj_se.fit_TRUE" time="0.00199999999995271"/>
    <testcase classname="ds.glmPredict_smk_gaussian_sefit_true" name="simple_glmPredict_gaussian_with_newobj_se.fit_TRUE" time="0.00199999999995271"/>
    <testcase classname="ds.glmPredict_smk_gaussian_sefit_true" name="simple_glmPredict_gaussian_with_newobj_se.fit_TRUE" time="0.00199999999995271"/>
    <testcase classname="ds.glmPredict_smk_gaussian_sefit_true" name="simple_glmPredict_gaussian_with_newobj_se.fit_TRUE" time="0.000999999999976353"/>
    <testcase classname="ds.glmPredict_smk_gaussian_sefit_true" name="simple_glmPredict_gaussian_with_newobj_se.fit_TRUE" time="0.00199999999995271"/>
    <testcase classname="ds.glmPredict_smk_gaussian_sefit_true" name="simple_glmPredict_gaussian_with_newobj_se.fit_TRUE" time="0.00200000000018008"/>
    <testcase classname="ds.glmPredict_smk_gaussian_sefit_true" name="simple_glmPredict_gaussian_with_newobj_se.fit_TRUE" time="0.00199999999995271"/>
    <testcase classname="ds.glmPredict_smk_gaussian_sefit_true" name="simple_glmPredict_gaussian_with_newobj_se.fit_TRUE" time="0.00199999999995271"/>
    <testcase classname="ds.glmPredict_smk_gaussian_sefit_true" name="simple_glmPredict_gaussian_with_newobj_se.fit_TRUE" time="0.00199999999995271"/>
    <testcase classname="ds.glmPredict_smk_gaussian_sefit_true" name="simple_glmPredict_gaussian_with_newobj_se.fit_TRUE" time="0.00300000000015643"/>
    <testcase classname="ds.glmPredict_smk_gaussian_sefit_true" name="simple_glmPredict_gaussian_with_newobj_se.fit_TRUE" time="0.00199999999995271"/>
    <testcase classname="ds.glmPredict_smk_gaussian_sefit_true" name="simple_glmPredict_gaussian_with_newobj_se.fit_TRUE" time="0.00199999999995271"/>
    <testcase classname="ds.glmPredict_smk_gaussian_sefit_true" name="simple_glmPredict_gaussian_with_newobj_se.fit_TRUE" time="0.00199999999995271"/>
    <testcase classname="ds.glmPredict_smk_gaussian_sefit_true" name="simple_glmPredict_gaussian_with_newobj_se.fit_TRUE" time="0.00199999999995271"/>
    <testcase classname="ds.glmPredict_smk_gaussian_sefit_true" name="simple_glmPredict_gaussian_with_newobj_se.fit_TRUE" time="0.00300000000015643"/>
    <testcase classname="ds.glmPredict_smk_gaussian_sefit_true" name="simple_glmPredict_gaussian_with_newobj_se.fit_TRUE" time="0.00199999999995271"/>
    <testcase classname="ds.glmPredict_smk_gaussian_sefit_true" name="simple_glmPredict_gaussian_with_newobj_se.fit_TRUE" time="0.00199999999995271"/>
    <testcase classname="ds.glmPredict_smk_gaussian_sefit_true" name="simple_glmPredict_gaussian_with_newobj_se.fit_TRUE" time="0.00299999999992906"/>
    <testcase classname="ds.glmPredict_smk_gaussian_sefit_true" name="simple_glmPredict_gaussian_with_newobj_se.fit_TRUE" time="0.00300000000015643"/>
    <testcase classname="ds.glmPredict_smk_gaussian_sefit_true" name="simple_glmPredict_gaussian_with_newobj_se.fit_TRUE" time="0.00399999999990541"/>
    <testcase classname="ds.glmPredict_smk_gaussian_sefit_true" name="simple_glmPredict_gaussian_with_newobj_se.fit_TRUE" time="0.00400000000013279"/>
    <testcase classname="ds.glmPredict_smk_gaussian_sefit_true" name="simple_glmPredict_gaussian_with_newobj_se.fit_TRUE" time="0.00299999999992906"/>
    <testcase classname="ds.glmPredict_smk_gaussian_sefit_true" name="simple_glmPredict_gaussian_with_newobj_se.fit_TRUE" time="0.00199999999995271"/>
    <testcase classname="ds.glmPredict_smk_gaussian_sefit_true" name="simple_glmPredict_gaussian_with_newobj_se.fit_TRUE" time="0.00199999999995271"/>
    <testcase classname="ds.glmPredict_smk_gaussian_sefit_true" name="simple_glmPredict_gaussian_with_newobj_se.fit_TRUE" time="0.00300000000015643"/>
    <testcase classname="ds.glmPredict_smk_gaussian_sefit_true" name="simple_glmPredict_gaussian_with_newobj_se.fit_TRUE" time="0.00199999999995271"/>
    <testcase classname="ds.glmPredict_smk_gaussian_sefit_true" name="simple_glmPredict_gaussian_with_newobj_se.fit_TRUE" time="0.00299999999992906"/>
    <testcase classname="ds.glmPredict_smk_gaussian_sefit_true" name="simple_glmPredict_gaussian_with_newobj_se.fit_TRUE" time="0.00199999999995271"/>
    <testcase classname="ds.glmPredict_smk_gaussian_sefit_true" name="simple_glmPredict_gaussian_with_newobj_se.fit_TRUE" time="0.00300000000015643"/>
    <testcase classname="ds.glmPredict_smk_gaussian_sefit_true" name="simple_glmPredict_gaussian_with_newobj_se.fit_TRUE" time="0.00999999999999091"/>
    <testcase classname="ds.glmPredict_smk_gaussian_sefit_true" name="simple_glmPredict_gaussian_with_newobj_se.fit_TRUE" time="0.00299999999992906"/>
    <testcase classname="ds.glmPredict_smk_gaussian_sefit_true" name="simple_glmPredict_gaussian_with_newobj_se.fit_TRUE" time="0.00199999999995271"/>
    <testcase classname="ds.glmPredict_smk_gaussian_sefit_true" name="simple_glmPredict_gaussian_with_newobj_se.fit_TRUE" time="0.00199999999995271"/>
    <testcase classname="ds.glmPredict_smk_gaussian_sefit_true" name="simple_glmPredict_gaussian_with_newobj_se.fit_TRUE" time="0.00300000000015643"/>
    <testcase classname="ds.glmPredict_smk_gaussian_sefit_true" name="simple_glmPredict_gaussian_with_newobj_se.fit_TRUE" time="0.00199999999995271"/>
    <testcase classname="ds.glmPredict_smk_gaussian_sefit_true" name="simple_glmPredict_gaussian_with_newobj_se.fit_TRUE" time="0.00199999999995271"/>
    <testcase classname="ds.glmPredict_smk_gaussian_sefit_true" name="simple_glmPredict_gaussian_with_newobj_se.fit_TRUE" time="0.00199999999995271"/>
    <testcase classname="ds.glmPredict_smk_gaussian_sefit_true" name="simple_glmPredict_gaussian_with_newobj_se.fit_TRUE" time="0.00300000000015643"/>
    <testcase classname="ds.glmPredict_smk_gaussian_sefit_true" name="simple_glmPredict_gaussian_with_newobj_se.fit_TRUE" time="0.00199999999995271"/>
    <testcase classname="ds.glmPredict_smk_gaussian_sefit_true" name="simple_glmPredict_gaussian_with_newobj_se.fit_TRUE" time="0.00299999999992906"/>
    <testcase classname="ds.glmPredict_smk_gaussian_sefit_true" name="simple_glmPredict_gaussian_with_newobj_se.fit_TRUE" time="0.00199999999995271"/>
    <testcase classname="ds.glmPredict_smk_gaussian_sefit_true" name="simple_glmPredict_gaussian_with_newobj_se.fit_TRUE" time="0.00200000000018008"/>
    <testcase classname="ds.glmPredict_smk_gaussian_sefit_true" name="simple_glmPredict_gaussian_with_newobj_se.fit_TRUE" time="0.00199999999995271"/>
    <testcase classname="ds.glmPredict_smk_gaussian_sefit_true" name="simple_glmPredict_gaussian_with_newobj_se.fit_TRUE" time="0.00299999999992906"/>
    <testcase classname="ds.glmPredict_smk_gaussian_sefit_true" name="simple_glmPredict_gaussian_with_newobj_se.fit_TRUE" time="0.00299999999992906"/>
    <testcase classname="ds.glmPredict_smk_gaussian_sefit_true" name="simple_glmPredict_gaussian_with_newobj_se.fit_TRUE" time="0.00200000000018008"/>
    <testcase classname="ds.glmPredict_smk_gaussian_sefit_true" name="simple_glmPredict_gaussian_with_newobj_se.fit_TRUE" time="0.00299999999992906"/>
    <testcase classname="ds.glmPredict_smk_gaussian_sefit_true" name="simple_glmPredict_gaussian_with_newobj_se.fit_TRUE" time="0.00299999999992906"/>
    <testcase classname="ds.glmPredict_smk_gaussian_sefit_true" name="simple_glmPredict_gaussian_with_newobj_se.fit_TRUE" time="0.00200000000018008"/>
    <testcase classname="ds.glmPredict_smk_gaussian_sefit_true" name="simple_glmPredict_gaussian_with_newobj_se.fit_TRUE" time="0.00299999999992906"/>
    <testcase classname="ds.glmPredict_smk_gaussian_sefit_true" name="simple_glmPredict_gaussian_with_newobj_se.fit_TRUE" time="0.00299999999992906"/>
    <testcase classname="ds.glmPredict_smk_gaussian_sefit_true" name="simple_glmPredict_gaussian_with_newobj_se.fit_TRUE" time="0.00199999999995271"/>
    <testcase classname="ds.glmPredict_smk_gaussian_sefit_true" name="simple_glmPredict_gaussian_with_newobj_se.fit_TRUE" time="0.00300000000015643"/>
    <testcase classname="ds.glmPredict_smk_gaussian_sefit_true" name="simple_glmPredict_gaussian_with_newobj_se.fit_TRUE" time="0.00199999999995271"/>
    <testcase classname="ds.glmPredict_smk_gaussian_sefit_true" name="simple_glmPredict_gaussian_with_newobj_se.fit_TRUE" time="0.00199999999995271"/>
    <testcase classname="ds.glmPredict_smk_gaussian_sefit_true" name="simple_glmPredict_gaussian_with_newobj_se.fit_TRUE" time="0.00299999999992906"/>
    <testcase classname="ds.glmPredict_smk_gaussian_sefit_true" name="simple_glmPredict_gaussian_with_newobj_se.fit_TRUE" time="0.00300000000015643"/>
    <testcase classname="ds.glmPredict_smk_gaussian_sefit_true" name="simple_glmPredict_gaussian_with_newobj_se.fit_TRUE" time="0.00299999999992906"/>
    <testcase classname="ds.glmPredict_smk_gaussian_sefit_true" name="simple_glmPredict_gaussian_with_newobj_se.fit_TRUE" time="0.00299999999992906"/>
    <testcase classname="ds.glmPredict_smk_gaussian_sefit_true" name="simple_glmPredict_gaussian_with_newobj_se.fit_TRUE" time="0.00200000000018008"/>
    <testcase classname="ds.glmPredict_smk_gaussian_sefit_true" name="simple_glmPredict_gaussian_with_newobj_se.fit_TRUE" time="0.00199999999995271"/>
    <testcase classname="ds.glmPredict_smk_gaussian_sefit_true" name="simple_glmPredict_gaussian_with_newobj_se.fit_TRUE" time="0.00299999999992906"/>
    <testcase classname="ds.glmPredict_smk_gaussian_sefit_true" name="simple_glmPredict_gaussian_with_newobj_se.fit_TRUE" time="0.00299999999992906"/>
  </testsuite>
  <testsuite errors="0" failures="0" hostname="fv-az14" name="ds.glmPredict::smk::gaussian::shutdown" skipped="0" tests="3" time="0.276" timestamp="2020-10-23T11:20:55Z">
    <testcase classname="ds.glmPredict_smk_gaussian_shutdown" name="shutdown" time="0.274000000000115"/>
    <testcase classname="ds.glmPredict_smk_gaussian_shutdown" name="shutdown" time="0.000999999999976353"/>
    <testcase classname="ds.glmPredict_smk_gaussian_shutdown" name="shutdown" time="0.000999999999976353"/>
  </testsuite>
  <testsuite errors="0" failures="0" hostname="fv-az14" name="ds.glmPredict::smk::gaussian::done" skipped="0" tests="0" time="0" timestamp="2020-10-23T11:20:56Z"/>
  <testsuite errors="0" failures="0" hostname="fv-az14" name="ds.glmPredict::smk::poisson::setup" skipped="0" tests="3" time="5.283" timestamp="2020-10-23T11:20:56Z">
    <testcase classname="ds.glmPredict_smk_poisson_setup" name="setup" time="5.28099999999995"/>
    <testcase classname="ds.glmPredict_smk_poisson_setup" name="setup" time="0.000999999999976353"/>
    <testcase classname="ds.glmPredict_smk_poisson_setup" name="setup" time="0.00100000000020373"/>
  </testsuite>
  <testsuite errors="0" failures="0" hostname="fv-az14" name="ds.glmPredict::smk::poisson::without_newobj" skipped="0" tests="69" time="2.96" timestamp="2020-10-23T11:21:00Z">
    <testcase classname="ds.glmPredict_smk_poisson_without_newobj" name="simple_glmPredict_poisson_without_newobj_se.fit_FALSE" time="1.77699999999982"/>
    <testcase classname="ds.glmPredict_smk_poisson_without_newobj" name="simple_glmPredict_poisson_without_newobj_se.fit_FALSE" time="0.00200000000018008"/>
    <testcase classname="ds.glmPredict_smk_poisson_without_newobj" name="simple_glmPredict_poisson_without_newobj_se.fit_FALSE" time="0.000999999999976353"/>
    <testcase classname="ds.glmPredict_smk_poisson_without_newobj" name="simple_glmPredict_poisson_without_newobj_se.fit_FALSE" time="0.000999999999976353"/>
    <testcase classname="ds.glmPredict_smk_poisson_without_newobj" name="simple_glmPredict_poisson_without_newobj_se.fit_FALSE" time="1.06499999999983"/>
    <testcase classname="ds.glmPredict_smk_poisson_without_newobj" name="simple_glmPredict_poisson_without_newobj_se.fit_FALSE" time="0.00200000000018008"/>
    <testcase classname="ds.glmPredict_smk_poisson_without_newobj" name="simple_glmPredict_poisson_without_newobj_se.fit_FALSE" time="0.000999999999976353"/>
    <testcase classname="ds.glmPredict_smk_poisson_without_newobj" name="simple_glmPredict_poisson_without_newobj_se.fit_FALSE" time="0.000999999999976353"/>
    <testcase classname="ds.glmPredict_smk_poisson_without_newobj" name="simple_glmPredict_poisson_without_newobj_se.fit_FALSE" time="0.000999999999976353"/>
    <testcase classname="ds.glmPredict_smk_poisson_without_newobj" name="simple_glmPredict_poisson_without_newobj_se.fit_FALSE" time="0.00199999999995271"/>
    <testcase classname="ds.glmPredict_smk_poisson_without_newobj" name="simple_glmPredict_poisson_without_newobj_se.fit_FALSE" time="0.000999999999976353"/>
    <testcase classname="ds.glmPredict_smk_poisson_without_newobj" name="simple_glmPredict_poisson_without_newobj_se.fit_FALSE" time="0.000999999999976353"/>
    <testcase classname="ds.glmPredict_smk_poisson_without_newobj" name="simple_glmPredict_poisson_without_newobj_se.fit_FALSE" time="0.00100000000020373"/>
    <testcase classname="ds.glmPredict_smk_poisson_without_newobj" name="simple_glmPredict_poisson_without_newobj_se.fit_FALSE" time="0.000999999999976353"/>
    <testcase classname="ds.glmPredict_smk_poisson_without_newobj" name="simple_glmPredict_poisson_without_newobj_se.fit_FALSE" time="0.00199999999995271"/>
    <testcase classname="ds.glmPredict_smk_poisson_without_newobj" name="simple_glmPredict_poisson_without_newobj_se.fit_FALSE" time="0.000999999999976353"/>
    <testcase classname="ds.glmPredict_smk_poisson_without_newobj" name="simple_glmPredict_poisson_without_newobj_se.fit_FALSE" time="0.00199999999995271"/>
    <testcase classname="ds.glmPredict_smk_poisson_without_newobj" name="simple_glmPredict_poisson_without_newobj_se.fit_FALSE" time="0.000999999999976353"/>
    <testcase classname="ds.glmPredict_smk_poisson_without_newobj" name="simple_glmPredict_poisson_without_newobj_se.fit_FALSE" time="0.00199999999995271"/>
    <testcase classname="ds.glmPredict_smk_poisson_without_newobj" name="simple_glmPredict_poisson_without_newobj_se.fit_FALSE" time="0.00100000000020373"/>
    <testcase classname="ds.glmPredict_smk_poisson_without_newobj" name="simple_glmPredict_poisson_without_newobj_se.fit_FALSE" time="0.00199999999995271"/>
    <testcase classname="ds.glmPredict_smk_poisson_without_newobj" name="simple_glmPredict_poisson_without_newobj_se.fit_FALSE" time="0.000999999999976353"/>
    <testcase classname="ds.glmPredict_smk_poisson_without_newobj" name="simple_glmPredict_poisson_without_newobj_se.fit_FALSE" time="0.00199999999995271"/>
    <testcase classname="ds.glmPredict_smk_poisson_without_newobj" name="simple_glmPredict_poisson_without_newobj_se.fit_FALSE" time="0.000999999999976353"/>
    <testcase classname="ds.glmPredict_smk_poisson_without_newobj" name="simple_glmPredict_poisson_without_newobj_se.fit_FALSE" time="0.00199999999995271"/>
    <testcase classname="ds.glmPredict_smk_poisson_without_newobj" name="simple_glmPredict_poisson_without_newobj_se.fit_FALSE" time="0.00200000000018008"/>
    <testcase classname="ds.glmPredict_smk_poisson_without_newobj" name="simple_glmPredict_poisson_without_newobj_se.fit_FALSE" time="0.000999999999976353"/>
    <testcase classname="ds.glmPredict_smk_poisson_without_newobj" name="simple_glmPredict_poisson_without_newobj_se.fit_FALSE" time="0.00199999999995271"/>
    <testcase classname="ds.glmPredict_smk_poisson_without_newobj" name="simple_glmPredict_poisson_without_newobj_se.fit_FALSE" time="0.000999999999976353"/>
    <testcase classname="ds.glmPredict_smk_poisson_without_newobj" name="simple_glmPredict_poisson_without_newobj_se.fit_FALSE" time="0.00199999999995271"/>
    <testcase classname="ds.glmPredict_smk_poisson_without_newobj" name="simple_glmPredict_poisson_without_newobj_se.fit_FALSE" time="0.000999999999976353"/>
    <testcase classname="ds.glmPredict_smk_poisson_without_newobj" name="simple_glmPredict_poisson_without_newobj_se.fit_FALSE" time="0.00200000000018008"/>
    <testcase classname="ds.glmPredict_smk_poisson_without_newobj" name="simple_glmPredict_poisson_without_newobj_se.fit_FALSE" time="0.00199999999995271"/>
    <testcase classname="ds.glmPredict_smk_poisson_without_newobj" name="simple_glmPredict_poisson_without_newobj_se.fit_FALSE" time="0.000999999999976353"/>
    <testcase classname="ds.glmPredict_smk_poisson_without_newobj" name="simple_glmPredict_poisson_without_newobj_se.fit_FALSE" time="0.00199999999995271"/>
    <testcase classname="ds.glmPredict_smk_poisson_without_newobj" name="simple_glmPredict_poisson_without_newobj_se.fit_FALSE" time="0.00199999999995271"/>
    <testcase classname="ds.glmPredict_smk_poisson_without_newobj" name="simple_glmPredict_poisson_without_newobj_se.fit_FALSE" time="0.00199999999995271"/>
    <testcase classname="ds.glmPredict_smk_poisson_without_newobj" name="simple_glmPredict_poisson_without_newobj_se.fit_FALSE" time="0.00200000000018008"/>
    <testcase classname="ds.glmPredict_smk_poisson_without_newobj" name="simple_glmPredict_poisson_without_newobj_se.fit_FALSE" time="0.00199999999995271"/>
    <testcase classname="ds.glmPredict_smk_poisson_without_newobj" name="simple_glmPredict_poisson_without_newobj_se.fit_FALSE" time="0.00199999999995271"/>
    <testcase classname="ds.glmPredict_smk_poisson_without_newobj" name="simple_glmPredict_poisson_without_newobj_se.fit_FALSE" time="0.00199999999995271"/>
    <testcase classname="ds.glmPredict_smk_poisson_without_newobj" name="simple_glmPredict_poisson_without_newobj_se.fit_FALSE" time="0.000999999999976353"/>
    <testcase classname="ds.glmPredict_smk_poisson_without_newobj" name="simple_glmPredict_poisson_without_newobj_se.fit_FALSE" time="0.00200000000018008"/>
    <testcase classname="ds.glmPredict_smk_poisson_without_newobj" name="simple_glmPredict_poisson_without_newobj_se.fit_FALSE" time="0.00299999999992906"/>
    <testcase classname="ds.glmPredict_smk_poisson_without_newobj" name="simple_glmPredict_poisson_without_newobj_se.fit_FALSE" time="0.00199999999995271"/>
    <testcase classname="ds.glmPredict_smk_poisson_without_newobj" name="simple_glmPredict_poisson_without_newobj_se.fit_FALSE" time="0.000999999999976353"/>
    <testcase classname="ds.glmPredict_smk_poisson_without_newobj" name="simple_glmPredict_poisson_without_newobj_se.fit_FALSE" time="0.000999999999976353"/>
    <testcase classname="ds.glmPredict_smk_poisson_without_newobj" name="simple_glmPredict_poisson_without_newobj_se.fit_FALSE" time="0.00300000000015643"/>
    <testcase classname="ds.glmPredict_smk_poisson_without_newobj" name="simple_glmPredict_poisson_without_newobj_se.fit_FALSE" time="0.000999999999976353"/>
    <testcase classname="ds.glmPredict_smk_poisson_without_newobj" name="simple_glmPredict_poisson_without_newobj_se.fit_FALSE" time="0.00199999999995271"/>
    <testcase classname="ds.glmPredict_smk_poisson_without_newobj" name="simple_glmPredict_poisson_without_newobj_se.fit_FALSE" time="0.00199999999995271"/>
    <testcase classname="ds.glmPredict_smk_poisson_without_newobj" name="simple_glmPredict_poisson_without_newobj_se.fit_FALSE" time="0.00199999999995271"/>
    <testcase classname="ds.glmPredict_smk_poisson_without_newobj" name="simple_glmPredict_poisson_without_newobj_se.fit_FALSE" time="0.00200000000018008"/>
    <testcase classname="ds.glmPredict_smk_poisson_without_newobj" name="simple_glmPredict_poisson_without_newobj_se.fit_FALSE" time="0.00199999999995271"/>
    <testcase classname="ds.glmPredict_smk_poisson_without_newobj" name="simple_glmPredict_poisson_without_newobj_se.fit_FALSE" time="0.00199999999995271"/>
    <testcase classname="ds.glmPredict_smk_poisson_without_newobj" name="simple_glmPredict_poisson_without_newobj_se.fit_FALSE" time="0.00199999999995271"/>
    <testcase classname="ds.glmPredict_smk_poisson_without_newobj" name="simple_glmPredict_poisson_without_newobj_se.fit_FALSE" time="0.00200000000018008"/>
    <testcase classname="ds.glmPredict_smk_poisson_without_newobj" name="simple_glmPredict_poisson_without_newobj_se.fit_FALSE" time="0.00199999999995271"/>
    <testcase classname="ds.glmPredict_smk_poisson_without_newobj" name="simple_glmPredict_poisson_without_newobj_se.fit_FALSE" time="0.00299999999992906"/>
    <testcase classname="ds.glmPredict_smk_poisson_without_newobj" name="simple_glmPredict_poisson_without_newobj_se.fit_FALSE" time="0.00199999999995271"/>
    <testcase classname="ds.glmPredict_smk_poisson_without_newobj" name="simple_glmPredict_poisson_without_newobj_se.fit_FALSE" time="0.00199999999995271"/>
    <testcase classname="ds.glmPredict_smk_poisson_without_newobj" name="simple_glmPredict_poisson_without_newobj_se.fit_FALSE" time="0.00200000000018008"/>
    <testcase classname="ds.glmPredict_smk_poisson_without_newobj" name="simple_glmPredict_poisson_without_newobj_se.fit_FALSE" time="0.00299999999992906"/>
    <testcase classname="ds.glmPredict_smk_poisson_without_newobj" name="simple_glmPredict_poisson_without_newobj_se.fit_FALSE" time="0.00199999999995271"/>
    <testcase classname="ds.glmPredict_smk_poisson_without_newobj" name="simple_glmPredict_poisson_without_newobj_se.fit_FALSE" time="0.00300000000015643"/>
    <testcase classname="ds.glmPredict_smk_poisson_without_newobj" name="simple_glmPredict_poisson_without_newobj_se.fit_FALSE" time="0.00199999999995271"/>
    <testcase classname="ds.glmPredict_smk_poisson_without_newobj" name="simple_glmPredict_poisson_without_newobj_se.fit_FALSE" time="0.00199999999995271"/>
    <testcase classname="ds.glmPredict_smk_poisson_without_newobj" name="simple_glmPredict_poisson_without_newobj_se.fit_FALSE" time="0.00299999999992906"/>
    <testcase classname="ds.glmPredict_smk_poisson_without_newobj" name="simple_glmPredict_poisson_without_newobj_se.fit_FALSE" time="0.00199999999995271"/>
  </testsuite>
  <testsuite errors="0" failures="0" hostname="fv-az14" name="ds.glmPredict::smk::poisson::with_newobj" skipped="0" tests="69" time="2.907" timestamp="2020-10-23T11:21:03Z">
    <testcase classname="ds.glmPredict_smk_poisson_with_newobj" name="simple_glmPredict_poisson_with_newobj_se.fit_FALSE" time="1.71900000000005"/>
    <testcase classname="ds.glmPredict_smk_poisson_with_newobj" name="simple_glmPredict_poisson_with_newobj_se.fit_FALSE" time="0.000999999999976353"/>
    <testcase classname="ds.glmPredict_smk_poisson_with_newobj" name="simple_glmPredict_poisson_with_newobj_se.fit_FALSE" time="0.000999999999976353"/>
    <testcase classname="ds.glmPredict_smk_poisson_with_newobj" name="simple_glmPredict_poisson_with_newobj_se.fit_FALSE" time="0.00100000000020373"/>
    <testcase classname="ds.glmPredict_smk_poisson_with_newobj" name="simple_glmPredict_poisson_with_newobj_se.fit_FALSE" time="1.05999999999995"/>
    <testcase classname="ds.glmPredict_smk_poisson_with_newobj" name="simple_glmPredict_poisson_with_newobj_se.fit_FALSE" time="0.00999999999999091"/>
    <testcase classname="ds.glmPredict_smk_poisson_with_newobj" name="simple_glmPredict_poisson_with_newobj_se.fit_FALSE" time="0.00199999999995271"/>
    <testcase classname="ds.glmPredict_smk_poisson_with_newobj" name="simple_glmPredict_poisson_with_newobj_se.fit_FALSE" time="0.000999999999976353"/>
    <testcase classname="ds.glmPredict_smk_poisson_with_newobj" name="simple_glmPredict_poisson_with_newobj_se.fit_FALSE" time="0.000999999999976353"/>
    <testcase classname="ds.glmPredict_smk_poisson_with_newobj" name="simple_glmPredict_poisson_with_newobj_se.fit_FALSE" time="0.00199999999995271"/>
    <testcase classname="ds.glmPredict_smk_poisson_with_newobj" name="simple_glmPredict_poisson_with_newobj_se.fit_FALSE" time="0.00100000000020373"/>
    <testcase classname="ds.glmPredict_smk_poisson_with_newobj" name="simple_glmPredict_poisson_with_newobj_se.fit_FALSE" time="0.00199999999995271"/>
    <testcase classname="ds.glmPredict_smk_poisson_with_newobj" name="simple_glmPredict_poisson_with_newobj_se.fit_FALSE" time="0.000999999999976353"/>
    <testcase classname="ds.glmPredict_smk_poisson_with_newobj" name="simple_glmPredict_poisson_with_newobj_se.fit_FALSE" time="0.000999999999976353"/>
    <testcase classname="ds.glmPredict_smk_poisson_with_newobj" name="simple_glmPredict_poisson_with_newobj_se.fit_FALSE" time="0.00199999999995271"/>
    <testcase classname="ds.glmPredict_smk_poisson_with_newobj" name="simple_glmPredict_poisson_with_newobj_se.fit_FALSE" time="0.000999999999976353"/>
    <testcase classname="ds.glmPredict_smk_poisson_with_newobj" name="simple_glmPredict_poisson_with_newobj_se.fit_FALSE" time="0.00199999999995271"/>
    <testcase classname="ds.glmPredict_smk_poisson_with_newobj" name="simple_glmPredict_poisson_with_newobj_se.fit_FALSE" time="0.00100000000020373"/>
    <testcase classname="ds.glmPredict_smk_poisson_with_newobj" name="simple_glmPredict_poisson_with_newobj_se.fit_FALSE" time="0.000999999999976353"/>
    <testcase classname="ds.glmPredict_smk_poisson_with_newobj" name="simple_glmPredict_poisson_with_newobj_se.fit_FALSE" time="0.00199999999995271"/>
    <testcase classname="ds.glmPredict_smk_poisson_with_newobj" name="simple_glmPredict_poisson_with_newobj_se.fit_FALSE" time="0.000999999999976353"/>
    <testcase classname="ds.glmPredict_smk_poisson_with_newobj" name="simple_glmPredict_poisson_with_newobj_se.fit_FALSE" time="0.00199999999995271"/>
    <testcase classname="ds.glmPredict_smk_poisson_with_newobj" name="simple_glmPredict_poisson_with_newobj_se.fit_FALSE" time="0.00199999999995271"/>
    <testcase classname="ds.glmPredict_smk_poisson_with_newobj" name="simple_glmPredict_poisson_with_newobj_se.fit_FALSE" time="0.00200000000018008"/>
    <testcase classname="ds.glmPredict_smk_poisson_with_newobj" name="simple_glmPredict_poisson_with_newobj_se.fit_FALSE" time="0.00199999999995271"/>
    <testcase classname="ds.glmPredict_smk_poisson_with_newobj" name="simple_glmPredict_poisson_with_newobj_se.fit_FALSE" time="0.00199999999995271"/>
    <testcase classname="ds.glmPredict_smk_poisson_with_newobj" name="simple_glmPredict_poisson_with_newobj_se.fit_FALSE" time="0.000999999999976353"/>
    <testcase classname="ds.glmPredict_smk_poisson_with_newobj" name="simple_glmPredict_poisson_with_newobj_se.fit_FALSE" time="0.00199999999995271"/>
    <testcase classname="ds.glmPredict_smk_poisson_with_newobj" name="simple_glmPredict_poisson_with_newobj_se.fit_FALSE" time="0.000999999999976353"/>
    <testcase classname="ds.glmPredict_smk_poisson_with_newobj" name="simple_glmPredict_poisson_with_newobj_se.fit_FALSE" time="0.00200000000018008"/>
    <testcase classname="ds.glmPredict_smk_poisson_with_newobj" name="simple_glmPredict_poisson_with_newobj_se.fit_FALSE" time="0.000999999999976353"/>
    <testcase classname="ds.glmPredict_smk_poisson_with_newobj" name="simple_glmPredict_poisson_with_newobj_se.fit_FALSE" time="0.00199999999995271"/>
    <testcase classname="ds.glmPredict_smk_poisson_with_newobj" name="simple_glmPredict_poisson_with_newobj_se.fit_FALSE" time="0.00299999999992906"/>
    <testcase classname="ds.glmPredict_smk_poisson_with_newobj" name="simple_glmPredict_poisson_with_newobj_se.fit_FALSE" time="0.000999999999976353"/>
    <testcase classname="ds.glmPredict_smk_poisson_with_newobj" name="simple_glmPredict_poisson_with_newobj_se.fit_FALSE" time="0.00200000000018008"/>
    <testcase classname="ds.glmPredict_smk_poisson_with_newobj" name="simple_glmPredict_poisson_with_newobj_se.fit_FALSE" time="0.00199999999995271"/>
    <testcase classname="ds.glmPredict_smk_poisson_with_newobj" name="simple_glmPredict_poisson_with_newobj_se.fit_FALSE" time="0.00199999999995271"/>
    <testcase classname="ds.glmPredict_smk_poisson_with_newobj" name="simple_glmPredict_poisson_with_newobj_se.fit_FALSE" time="0.00199999999995271"/>
    <testcase classname="ds.glmPredict_smk_poisson_with_newobj" name="simple_glmPredict_poisson_with_newobj_se.fit_FALSE" time="0.00199999999995271"/>
    <testcase classname="ds.glmPredict_smk_poisson_with_newobj" name="simple_glmPredict_poisson_with_newobj_se.fit_FALSE" time="0.00100000000020373"/>
    <testcase classname="ds.glmPredict_smk_poisson_with_newobj" name="simple_glmPredict_poisson_with_newobj_se.fit_FALSE" time="0.00199999999995271"/>
    <testcase classname="ds.glmPredict_smk_poisson_with_newobj" name="simple_glmPredict_poisson_with_newobj_se.fit_FALSE" time="0.00199999999995271"/>
    <testcase classname="ds.glmPredict_smk_poisson_with_newobj" name="simple_glmPredict_poisson_with_newobj_se.fit_FALSE" time="0.000999999999976353"/>
    <testcase classname="ds.glmPredict_smk_poisson_with_newobj" name="simple_glmPredict_poisson_with_newobj_se.fit_FALSE" time="0.00199999999995271"/>
    <testcase classname="ds.glmPredict_smk_poisson_with_newobj" name="simple_glmPredict_poisson_with_newobj_se.fit_FALSE" time="0.00199999999995271"/>
    <testcase classname="ds.glmPredict_smk_poisson_with_newobj" name="simple_glmPredict_poisson_with_newobj_se.fit_FALSE" time="0.00200000000018008"/>
    <testcase classname="ds.glmPredict_smk_poisson_with_newobj" name="simple_glmPredict_poisson_with_newobj_se.fit_FALSE" time="0.00199999999995271"/>
    <testcase classname="ds.glmPredict_smk_poisson_with_newobj" name="simple_glmPredict_poisson_with_newobj_se.fit_FALSE" time="0.00199999999995271"/>
    <testcase classname="ds.glmPredict_smk_poisson_with_newobj" name="simple_glmPredict_poisson_with_newobj_se.fit_FALSE" time="0.00199999999995271"/>
    <testcase classname="ds.glmPredict_smk_poisson_with_newobj" name="simple_glmPredict_poisson_with_newobj_se.fit_FALSE" time="0.000999999999976353"/>
    <testcase classname="ds.glmPredict_smk_poisson_with_newobj" name="simple_glmPredict_poisson_with_newobj_se.fit_FALSE" time="0.00200000000018008"/>
    <testcase classname="ds.glmPredict_smk_poisson_with_newobj" name="simple_glmPredict_poisson_with_newobj_se.fit_FALSE" time="0.00199999999995271"/>
    <testcase classname="ds.glmPredict_smk_poisson_with_newobj" name="simple_glmPredict_poisson_with_newobj_se.fit_FALSE" time="0.00199999999995271"/>
    <testcase classname="ds.glmPredict_smk_poisson_with_newobj" name="simple_glmPredict_poisson_with_newobj_se.fit_FALSE" time="0.00199999999995271"/>
    <testcase classname="ds.glmPredict_smk_poisson_with_newobj" name="simple_glmPredict_poisson_with_newobj_se.fit_FALSE" time="0.00199999999995271"/>
    <testcase classname="ds.glmPredict_smk_poisson_with_newobj" name="simple_glmPredict_poisson_with_newobj_se.fit_FALSE" time="0.00200000000018008"/>
    <testcase classname="ds.glmPredict_smk_poisson_with_newobj" name="simple_glmPredict_poisson_with_newobj_se.fit_FALSE" time="0.00199999999995271"/>
    <testcase classname="ds.glmPredict_smk_poisson_with_newobj" name="simple_glmPredict_poisson_with_newobj_se.fit_FALSE" time="0.00199999999995271"/>
    <testcase classname="ds.glmPredict_smk_poisson_with_newobj" name="simple_glmPredict_poisson_with_newobj_se.fit_FALSE" time="0.00299999999992906"/>
    <testcase classname="ds.glmPredict_smk_poisson_with_newobj" name="simple_glmPredict_poisson_with_newobj_se.fit_FALSE" time="0.00200000000018008"/>
    <testcase classname="ds.glmPredict_smk_poisson_with_newobj" name="simple_glmPredict_poisson_with_newobj_se.fit_FALSE" time="0.00199999999995271"/>
    <testcase classname="ds.glmPredict_smk_poisson_with_newobj" name="simple_glmPredict_poisson_with_newobj_se.fit_FALSE" time="0.00299999999992906"/>
    <testcase classname="ds.glmPredict_smk_poisson_with_newobj" name="simple_glmPredict_poisson_with_newobj_se.fit_FALSE" time="0.00199999999995271"/>
    <testcase classname="ds.glmPredict_smk_poisson_with_newobj" name="simple_glmPredict_poisson_with_newobj_se.fit_FALSE" time="0.00200000000018008"/>
    <testcase classname="ds.glmPredict_smk_poisson_with_newobj" name="simple_glmPredict_poisson_with_newobj_se.fit_FALSE" time="0.00199999999995271"/>
    <testcase classname="ds.glmPredict_smk_poisson_with_newobj" name="simple_glmPredict_poisson_with_newobj_se.fit_FALSE" time="0.00299999999992906"/>
    <testcase classname="ds.glmPredict_smk_poisson_with_newobj" name="simple_glmPredict_poisson_with_newobj_se.fit_FALSE" time="0.00199999999995271"/>
    <testcase classname="ds.glmPredict_smk_poisson_with_newobj" name="simple_glmPredict_poisson_with_newobj_se.fit_FALSE" time="0.00300000000015643"/>
    <testcase classname="ds.glmPredict_smk_poisson_with_newobj" name="simple_glmPredict_poisson_with_newobj_se.fit_FALSE" time="0.00199999999995271"/>
  </testsuite>
  <testsuite errors="0" failures="0" hostname="fv-az14" name="ds.glmPredict::smk::poisson::sefit_true" skipped="0" tests="114" time="2.957" timestamp="2020-10-23T11:21:06Z">
    <testcase classname="ds.glmPredict_smk_poisson_sefit_true" name="simple_glmPredict_poisson_with_newobj_se.fit_TRUE" time="1.66200000000003"/>
    <testcase classname="ds.glmPredict_smk_poisson_sefit_true" name="simple_glmPredict_poisson_with_newobj_se.fit_TRUE" time="0.000999999999976353"/>
    <testcase classname="ds.glmPredict_smk_poisson_sefit_true" name="simple_glmPredict_poisson_with_newobj_se.fit_TRUE" time="0.00199999999995271"/>
    <testcase classname="ds.glmPredict_smk_poisson_sefit_true" name="simple_glmPredict_poisson_with_newobj_se.fit_TRUE" time="0.000999999999976353"/>
    <testcase classname="ds.glmPredict_smk_poisson_sefit_true" name="simple_glmPredict_poisson_with_newobj_se.fit_TRUE" time="1.06400000000008"/>
    <testcase classname="ds.glmPredict_smk_poisson_sefit_true" name="simple_glmPredict_poisson_with_newobj_se.fit_TRUE" time="0.000999999999976353"/>
    <testcase classname="ds.glmPredict_smk_poisson_sefit_true" name="simple_glmPredict_poisson_with_newobj_se.fit_TRUE" time="0.00199999999995271"/>
    <testcase classname="ds.glmPredict_smk_poisson_sefit_true" name="simple_glmPredict_poisson_with_newobj_se.fit_TRUE" time="0.000999999999976353"/>
    <testcase classname="ds.glmPredict_smk_poisson_sefit_true" name="simple_glmPredict_poisson_with_newobj_se.fit_TRUE" time="0.000999999999976353"/>
    <testcase classname="ds.glmPredict_smk_poisson_sefit_true" name="simple_glmPredict_poisson_with_newobj_se.fit_TRUE" time="0.000999999999976353"/>
    <testcase classname="ds.glmPredict_smk_poisson_sefit_true" name="simple_glmPredict_poisson_with_newobj_se.fit_TRUE" time="0.000999999999976353"/>
    <testcase classname="ds.glmPredict_smk_poisson_sefit_true" name="simple_glmPredict_poisson_with_newobj_se.fit_TRUE" time="0.00200000000018008"/>
    <testcase classname="ds.glmPredict_smk_poisson_sefit_true" name="simple_glmPredict_poisson_with_newobj_se.fit_TRUE" time="0.000999999999976353"/>
    <testcase classname="ds.glmPredict_smk_poisson_sefit_true" name="simple_glmPredict_poisson_with_newobj_se.fit_TRUE" time="0.000999999999976353"/>
    <testcase classname="ds.glmPredict_smk_poisson_sefit_true" name="simple_glmPredict_poisson_with_newobj_se.fit_TRUE" time="0.00199999999995271"/>
    <testcase classname="ds.glmPredict_smk_poisson_sefit_true" name="simple_glmPredict_poisson_with_newobj_se.fit_TRUE" time="0.000999999999976353"/>
    <testcase classname="ds.glmPredict_smk_poisson_sefit_true" name="simple_glmPredict_poisson_with_newobj_se.fit_TRUE" time="0.000999999999976353"/>
    <testcase classname="ds.glmPredict_smk_poisson_sefit_true" name="simple_glmPredict_poisson_with_newobj_se.fit_TRUE" time="0.00199999999995271"/>
    <testcase classname="ds.glmPredict_smk_poisson_sefit_true" name="simple_glmPredict_poisson_with_newobj_se.fit_TRUE" time="0.00100000000020373"/>
    <testcase classname="ds.glmPredict_smk_poisson_sefit_true" name="simple_glmPredict_poisson_with_newobj_se.fit_TRUE" time="0.00199999999995271"/>
    <testcase classname="ds.glmPredict_smk_poisson_sefit_true" name="simple_glmPredict_poisson_with_newobj_se.fit_TRUE" time="0.000999999999976353"/>
    <testcase classname="ds.glmPredict_smk_poisson_sefit_true" name="simple_glmPredict_poisson_with_newobj_se.fit_TRUE" time="0.000999999999976353"/>
    <testcase classname="ds.glmPredict_smk_poisson_sefit_true" name="simple_glmPredict_poisson_with_newobj_se.fit_TRUE" time="0.00199999999995271"/>
    <testcase classname="ds.glmPredict_smk_poisson_sefit_true" name="simple_glmPredict_poisson_with_newobj_se.fit_TRUE" time="0.000999999999976353"/>
    <testcase classname="ds.glmPredict_smk_poisson_sefit_true" name="simple_glmPredict_poisson_with_newobj_se.fit_TRUE" time="0.000999999999976353"/>
    <testcase classname="ds.glmPredict_smk_poisson_sefit_true" name="simple_glmPredict_poisson_with_newobj_se.fit_TRUE" time="0.00200000000018008"/>
    <testcase classname="ds.glmPredict_smk_poisson_sefit_true" name="simple_glmPredict_poisson_with_newobj_se.fit_TRUE" time="0.000999999999976353"/>
    <testcase classname="ds.glmPredict_smk_poisson_sefit_true" name="simple_glmPredict_poisson_with_newobj_se.fit_TRUE" time="0.00199999999995271"/>
    <testcase classname="ds.glmPredict_smk_poisson_sefit_true" name="simple_glmPredict_poisson_with_newobj_se.fit_TRUE" time="0.000999999999976353"/>
    <testcase classname="ds.glmPredict_smk_poisson_sefit_true" name="simple_glmPredict_poisson_with_newobj_se.fit_TRUE" time="0.00199999999995271"/>
    <testcase classname="ds.glmPredict_smk_poisson_sefit_true" name="simple_glmPredict_poisson_with_newobj_se.fit_TRUE" time="0.000999999999976353"/>
    <testcase classname="ds.glmPredict_smk_poisson_sefit_true" name="simple_glmPredict_poisson_with_newobj_se.fit_TRUE" time="0.00200000000018008"/>
    <testcase classname="ds.glmPredict_smk_poisson_sefit_true" name="simple_glmPredict_poisson_with_newobj_se.fit_TRUE" time="0.000999999999976353"/>
    <testcase classname="ds.glmPredict_smk_poisson_sefit_true" name="simple_glmPredict_poisson_with_newobj_se.fit_TRUE" time="0.00199999999995271"/>
    <testcase classname="ds.glmPredict_smk_poisson_sefit_true" name="simple_glmPredict_poisson_with_newobj_se.fit_TRUE" time="0.000999999999976353"/>
    <testcase classname="ds.glmPredict_smk_poisson_sefit_true" name="simple_glmPredict_poisson_with_newobj_se.fit_TRUE" time="0.00199999999995271"/>
    <testcase classname="ds.glmPredict_smk_poisson_sefit_true" name="simple_glmPredict_poisson_with_newobj_se.fit_TRUE" time="0.00199999999995271"/>
    <testcase classname="ds.glmPredict_smk_poisson_sefit_true" name="simple_glmPredict_poisson_with_newobj_se.fit_TRUE" time="0.000999999999976353"/>
    <testcase classname="ds.glmPredict_smk_poisson_sefit_true" name="simple_glmPredict_poisson_with_newobj_se.fit_TRUE" time="0.00200000000018008"/>
    <testcase classname="ds.glmPredict_smk_poisson_sefit_true" name="simple_glmPredict_poisson_with_newobj_se.fit_TRUE" time="0.00199999999995271"/>
    <testcase classname="ds.glmPredict_smk_poisson_sefit_true" name="simple_glmPredict_poisson_with_newobj_se.fit_TRUE" time="0.000999999999976353"/>
    <testcase classname="ds.glmPredict_smk_poisson_sefit_true" name="simple_glmPredict_poisson_with_newobj_se.fit_TRUE" time="0.00199999999995271"/>
    <testcase classname="ds.glmPredict_smk_poisson_sefit_true" name="simple_glmPredict_poisson_with_newobj_se.fit_TRUE" time="0.000999999999976353"/>
    <testcase classname="ds.glmPredict_smk_poisson_sefit_true" name="simple_glmPredict_poisson_with_newobj_se.fit_TRUE" time="0.00200000000018008"/>
    <testcase classname="ds.glmPredict_smk_poisson_sefit_true" name="simple_glmPredict_poisson_with_newobj_se.fit_TRUE" time="0.000999999999976353"/>
    <testcase classname="ds.glmPredict_smk_poisson_sefit_true" name="simple_glmPredict_poisson_with_newobj_se.fit_TRUE" time="0.00199999999995271"/>
    <testcase classname="ds.glmPredict_smk_poisson_sefit_true" name="simple_glmPredict_poisson_with_newobj_se.fit_TRUE" time="0.00199999999995271"/>
    <testcase classname="ds.glmPredict_smk_poisson_sefit_true" name="simple_glmPredict_poisson_with_newobj_se.fit_TRUE" time="0.00199999999995271"/>
    <testcase classname="ds.glmPredict_smk_poisson_sefit_true" name="simple_glmPredict_poisson_with_newobj_se.fit_TRUE" time="0.000999999999976353"/>
    <testcase classname="ds.glmPredict_smk_poisson_sefit_true" name="simple_glmPredict_poisson_with_newobj_se.fit_TRUE" time="0.00200000000018008"/>
    <testcase classname="ds.glmPredict_smk_poisson_sefit_true" name="simple_glmPredict_poisson_with_newobj_se.fit_TRUE" time="0.00199999999995271"/>
    <testcase classname="ds.glmPredict_smk_poisson_sefit_true" name="simple_glmPredict_poisson_with_newobj_se.fit_TRUE" time="0.00199999999995271"/>
    <testcase classname="ds.glmPredict_smk_poisson_sefit_true" name="simple_glmPredict_poisson_with_newobj_se.fit_TRUE" time="0.000999999999976353"/>
    <testcase classname="ds.glmPredict_smk_poisson_sefit_true" name="simple_glmPredict_poisson_with_newobj_se.fit_TRUE" time="0.00199999999995271"/>
    <testcase classname="ds.glmPredict_smk_poisson_sefit_true" name="simple_glmPredict_poisson_with_newobj_se.fit_TRUE" time="0.00300000000015643"/>
    <testcase classname="ds.glmPredict_smk_poisson_sefit_true" name="simple_glmPredict_poisson_with_newobj_se.fit_TRUE" time="0.00199999999995271"/>
    <testcase classname="ds.glmPredict_smk_poisson_sefit_true" name="simple_glmPredict_poisson_with_newobj_se.fit_TRUE" time="0.00199999999995271"/>
    <testcase classname="ds.glmPredict_smk_poisson_sefit_true" name="simple_glmPredict_poisson_with_newobj_se.fit_TRUE" time="0.00199999999995271"/>
    <testcase classname="ds.glmPredict_smk_poisson_sefit_true" name="simple_glmPredict_poisson_with_newobj_se.fit_TRUE" time="0.000999999999976353"/>
    <testcase classname="ds.glmPredict_smk_poisson_sefit_true" name="simple_glmPredict_poisson_with_newobj_se.fit_TRUE" time="0.00300000000015643"/>
    <testcase classname="ds.glmPredict_smk_poisson_sefit_true" name="simple_glmPredict_poisson_with_newobj_se.fit_TRUE" time="0.00199999999995271"/>
    <testcase classname="ds.glmPredict_smk_poisson_sefit_true" name="simple_glmPredict_poisson_with_newobj_se.fit_TRUE" time="0.00299999999992906"/>
    <testcase classname="ds.glmPredict_smk_poisson_sefit_true" name="simple_glmPredict_poisson_with_newobj_se.fit_TRUE" time="0.00199999999995271"/>
    <testcase classname="ds.glmPredict_smk_poisson_sefit_true" name="simple_glmPredict_poisson_with_newobj_se.fit_TRUE" time="0.00300000000015643"/>
    <testcase classname="ds.glmPredict_smk_poisson_sefit_true" name="simple_glmPredict_poisson_with_newobj_se.fit_TRUE" time="0.00199999999995271"/>
    <testcase classname="ds.glmPredict_smk_poisson_sefit_true" name="simple_glmPredict_poisson_with_newobj_se.fit_TRUE" time="0.00199999999995271"/>
    <testcase classname="ds.glmPredict_smk_poisson_sefit_true" name="simple_glmPredict_poisson_with_newobj_se.fit_TRUE" time="0.00299999999992906"/>
    <testcase classname="ds.glmPredict_smk_poisson_sefit_true" name="simple_glmPredict_poisson_with_newobj_se.fit_TRUE" time="0.00200000000018008"/>
    <testcase classname="ds.glmPredict_smk_poisson_sefit_true" name="simple_glmPredict_poisson_with_newobj_se.fit_TRUE" time="0.00199999999995271"/>
    <testcase classname="ds.glmPredict_smk_poisson_sefit_true" name="simple_glmPredict_poisson_with_newobj_se.fit_TRUE" time="0.00299999999992906"/>
    <testcase classname="ds.glmPredict_smk_poisson_sefit_true" name="simple_glmPredict_poisson_with_newobj_se.fit_TRUE" time="0.00199999999995271"/>
    <testcase classname="ds.glmPredict_smk_poisson_sefit_true" name="simple_glmPredict_poisson_with_newobj_se.fit_TRUE" time="0.00200000000018008"/>
    <testcase classname="ds.glmPredict_smk_poisson_sefit_true" name="simple_glmPredict_poisson_with_newobj_se.fit_TRUE" time="0.00199999999995271"/>
    <testcase classname="ds.glmPredict_smk_poisson_sefit_true" name="simple_glmPredict_poisson_with_newobj_se.fit_TRUE" time="0.00299999999992906"/>
    <testcase classname="ds.glmPredict_smk_poisson_sefit_true" name="simple_glmPredict_poisson_with_newobj_se.fit_TRUE" time="0.00199999999995271"/>
    <testcase classname="ds.glmPredict_smk_poisson_sefit_true" name="simple_glmPredict_poisson_with_newobj_se.fit_TRUE" time="0.00200000000018008"/>
    <testcase classname="ds.glmPredict_smk_poisson_sefit_true" name="simple_glmPredict_poisson_with_newobj_se.fit_TRUE" time="0.0109999999999673"/>
    <testcase classname="ds.glmPredict_smk_poisson_sefit_true" name="simple_glmPredict_poisson_with_newobj_se.fit_TRUE" time="0.00199999999995271"/>
    <testcase classname="ds.glmPredict_smk_poisson_sefit_true" name="simple_glmPredict_poisson_with_newobj_se.fit_TRUE" time="0.00199999999995271"/>
    <testcase classname="ds.glmPredict_smk_poisson_sefit_true" name="simple_glmPredict_poisson_with_newobj_se.fit_TRUE" time="0.00300000000015643"/>
    <testcase classname="ds.glmPredict_smk_poisson_sefit_true" name="simple_glmPredict_poisson_with_newobj_se.fit_TRUE" time="0.00199999999995271"/>
    <testcase classname="ds.glmPredict_smk_poisson_sefit_true" name="simple_glmPredict_poisson_with_newobj_se.fit_TRUE" time="0.00199999999995271"/>
    <testcase classname="ds.glmPredict_smk_poisson_sefit_true" name="simple_glmPredict_poisson_with_newobj_se.fit_TRUE" time="0.00199999999995271"/>
    <testcase classname="ds.glmPredict_smk_poisson_sefit_true" name="simple_glmPredict_poisson_with_newobj_se.fit_TRUE" time="0.00300000000015643"/>
    <testcase classname="ds.glmPredict_smk_poisson_sefit_true" name="simple_glmPredict_poisson_with_newobj_se.fit_TRUE" time="0.00199999999995271"/>
    <testcase classname="ds.glmPredict_smk_poisson_sefit_true" name="simple_glmPredict_poisson_with_newobj_se.fit_TRUE" time="0.00299999999992906"/>
    <testcase classname="ds.glmPredict_smk_poisson_sefit_true" name="simple_glmPredict_poisson_with_newobj_se.fit_TRUE" time="0.00199999999995271"/>
    <testcase classname="ds.glmPredict_smk_poisson_sefit_true" name="simple_glmPredict_poisson_with_newobj_se.fit_TRUE" time="0.00199999999995271"/>
    <testcase classname="ds.glmPredict_smk_poisson_sefit_true" name="simple_glmPredict_poisson_with_newobj_se.fit_TRUE" time="0.00300000000015643"/>
    <testcase classname="ds.glmPredict_smk_poisson_sefit_true" name="simple_glmPredict_poisson_with_newobj_se.fit_TRUE" time="0.00199999999995271"/>
    <testcase classname="ds.glmPredict_smk_poisson_sefit_true" name="simple_glmPredict_poisson_with_newobj_se.fit_TRUE" time="0.00199999999995271"/>
    <testcase classname="ds.glmPredict_smk_poisson_sefit_true" name="simple_glmPredict_poisson_with_newobj_se.fit_TRUE" time="0.00299999999992906"/>
    <testcase classname="ds.glmPredict_smk_poisson_sefit_true" name="simple_glmPredict_poisson_with_newobj_se.fit_TRUE" time="0.00200000000018008"/>
    <testcase classname="ds.glmPredict_smk_poisson_sefit_true" name="simple_glmPredict_poisson_with_newobj_se.fit_TRUE" time="0.00299999999992906"/>
    <testcase classname="ds.glmPredict_smk_poisson_sefit_true" name="simple_glmPredict_poisson_with_newobj_se.fit_TRUE" time="0.00199999999995271"/>
    <testcase classname="ds.glmPredict_smk_poisson_sefit_true" name="simple_glmPredict_poisson_with_newobj_se.fit_TRUE" time="0.00199999999995271"/>
    <testcase classname="ds.glmPredict_smk_poisson_sefit_true" name="simple_glmPredict_poisson_with_newobj_se.fit_TRUE" time="0.00300000000015643"/>
    <testcase classname="ds.glmPredict_smk_poisson_sefit_true" name="simple_glmPredict_poisson_with_newobj_se.fit_TRUE" time="0.00199999999995271"/>
    <testcase classname="ds.glmPredict_smk_poisson_sefit_true" name="simple_glmPredict_poisson_with_newobj_se.fit_TRUE" time="0.00299999999992906"/>
    <testcase classname="ds.glmPredict_smk_poisson_sefit_true" name="simple_glmPredict_poisson_with_newobj_se.fit_TRUE" time="0.00199999999995271"/>
    <testcase classname="ds.glmPredict_smk_poisson_sefit_true" name="simple_glmPredict_poisson_with_newobj_se.fit_TRUE" time="0.00200000000018008"/>
    <testcase classname="ds.glmPredict_smk_poisson_sefit_true" name="simple_glmPredict_poisson_with_newobj_se.fit_TRUE" time="0.00299999999992906"/>
    <testcase classname="ds.glmPredict_smk_poisson_sefit_true" name="simple_glmPredict_poisson_with_newobj_se.fit_TRUE" time="0.00199999999995271"/>
    <testcase classname="ds.glmPredict_smk_poisson_sefit_true" name="simple_glmPredict_poisson_with_newobj_se.fit_TRUE" time="0.00400000000013279"/>
    <testcase classname="ds.glmPredict_smk_poisson_sefit_true" name="simple_glmPredict_poisson_with_newobj_se.fit_TRUE" time="0.00299999999992906"/>
    <testcase classname="ds.glmPredict_smk_poisson_sefit_true" name="simple_glmPredict_poisson_with_newobj_se.fit_TRUE" time="0.00299999999992906"/>
    <testcase classname="ds.glmPredict_smk_poisson_sefit_true" name="simple_glmPredict_poisson_with_newobj_se.fit_TRUE" time="0.00300000000015643"/>
    <testcase classname="ds.glmPredict_smk_poisson_sefit_true" name="simple_glmPredict_poisson_with_newobj_se.fit_TRUE" time="0.00299999999992906"/>
    <testcase classname="ds.glmPredict_smk_poisson_sefit_true" name="simple_glmPredict_poisson_with_newobj_se.fit_TRUE" time="0.00299999999992906"/>
    <testcase classname="ds.glmPredict_smk_poisson_sefit_true" name="simple_glmPredict_poisson_with_newobj_se.fit_TRUE" time="0.00299999999992906"/>
    <testcase classname="ds.glmPredict_smk_poisson_sefit_true" name="simple_glmPredict_poisson_with_newobj_se.fit_TRUE" time="0.00300000000015643"/>
    <testcase classname="ds.glmPredict_smk_poisson_sefit_true" name="simple_glmPredict_poisson_with_newobj_se.fit_TRUE" time="0.00199999999995271"/>
    <testcase classname="ds.glmPredict_smk_poisson_sefit_true" name="simple_glmPredict_poisson_with_newobj_se.fit_TRUE" time="0.00299999999992906"/>
    <testcase classname="ds.glmPredict_smk_poisson_sefit_true" name="simple_glmPredict_poisson_with_newobj_se.fit_TRUE" time="0.00200000000018008"/>
  </testsuite>
  <testsuite errors="0" failures="0" hostname="fv-az14" name="ds.glmPredict::smk::poisson::shutdown" skipped="0" tests="3" time="0.286" timestamp="2020-10-23T11:21:09Z">
    <testcase classname="ds.glmPredict_smk_poisson_shutdown" name="shutdown" time="0.283999999999878"/>
    <testcase classname="ds.glmPredict_smk_poisson_shutdown" name="shutdown" time="0.000999999999976353"/>
    <testcase classname="ds.glmPredict_smk_poisson_shutdown" name="shutdown" time="0.000999999999976353"/>
  </testsuite>
  <testsuite errors="0" failures="0" hostname="fv-az14" name="ds.glmPredict::smk::poisson::done" skipped="0" tests="0" time="0" timestamp="2020-10-23T11:21:10Z"/>
  <testsuite errors="0" failures="0" hostname="fv-az14" name="ds.glmSLMA::smk::setup" skipped="0" tests="3" time="5.3" timestamp="2020-10-23T11:21:10Z">
    <testcase classname="ds.glmSLMA_smk_setup" name="setup" time="5.298"/>
    <testcase classname="ds.glmSLMA_smk_setup" name="setup" time="0.000999999999976353"/>
    <testcase classname="ds.glmSLMA_smk_setup" name="setup" time="0.000999999999976353"/>
  </testsuite>
  <testsuite errors="0" failures="0" hostname="fv-az14" name="ds.glmSLMA::smk::gaussian" skipped="0" tests="47" time="1.463" timestamp="2020-10-23T11:21:15Z">
    <testcase classname="ds.glmSLMA_smk_gaussian" name="simple_glmSLMA_gaussian" time="1.39900000000011"/>
    <testcase classname="ds.glmSLMA_smk_gaussian" name="simple_glmSLMA_gaussian" time="0.000999999999976353"/>
    <testcase classname="ds.glmSLMA_smk_gaussian" name="simple_glmSLMA_gaussian" time="0.000999999999976353"/>
    <testcase classname="ds.glmSLMA_smk_gaussian" name="simple_glmSLMA_gaussian" time="0.000999999999976353"/>
    <testcase classname="ds.glmSLMA_smk_gaussian" name="simple_glmSLMA_gaussian" time="0.000999999999976353"/>
    <testcase classname="ds.glmSLMA_smk_gaussian" name="simple_glmSLMA_gaussian" time="0.00100000000020373"/>
    <testcase classname="ds.glmSLMA_smk_gaussian" name="simple_glmSLMA_gaussian" time="0.000999999999976353"/>
    <testcase classname="ds.glmSLMA_smk_gaussian" name="simple_glmSLMA_gaussian" time="0.000999999999976353"/>
    <testcase classname="ds.glmSLMA_smk_gaussian" name="simple_glmSLMA_gaussian" time="0.000999999999976353"/>
    <testcase classname="ds.glmSLMA_smk_gaussian" name="simple_glmSLMA_gaussian" time="0.000999999999976353"/>
    <testcase classname="ds.glmSLMA_smk_gaussian" name="simple_glmSLMA_gaussian" time="0.00199999999995271"/>
    <testcase classname="ds.glmSLMA_smk_gaussian" name="simple_glmSLMA_gaussian" time="0.000999999999976353"/>
    <testcase classname="ds.glmSLMA_smk_gaussian" name="simple_glmSLMA_gaussian" time="0.000999999999976353"/>
    <testcase classname="ds.glmSLMA_smk_gaussian" name="simple_glmSLMA_gaussian" time="0.00100000000020373"/>
    <testcase classname="ds.glmSLMA_smk_gaussian" name="simple_glmSLMA_gaussian" time="0.00199999999995271"/>
    <testcase classname="ds.glmSLMA_smk_gaussian" name="simple_glmSLMA_gaussian" time="0.000999999999976353"/>
    <testcase classname="ds.glmSLMA_smk_gaussian" name="simple_glmSLMA_gaussian" time="0.00199999999995271"/>
    <testcase classname="ds.glmSLMA_smk_gaussian" name="simple_glmSLMA_gaussian" time="0.000999999999976353"/>
    <testcase classname="ds.glmSLMA_smk_gaussian" name="simple_glmSLMA_gaussian" time="0.00199999999995271"/>
    <testcase classname="ds.glmSLMA_smk_gaussian" name="simple_glmSLMA_gaussian" time="0.00200000000018008"/>
    <testcase classname="ds.glmSLMA_smk_gaussian" name="simple_glmSLMA_gaussian" time="0.000999999999976353"/>
    <testcase classname="ds.glmSLMA_smk_gaussian" name="simple_glmSLMA_gaussian" time="0.00199999999995271"/>
    <testcase classname="ds.glmSLMA_smk_gaussian" name="simple_glmSLMA_gaussian" time="0.000999999999976353"/>
    <testcase classname="ds.glmSLMA_smk_gaussian" name="simple_glmSLMA_gaussian" time="0.000999999999976353"/>
    <testcase classname="ds.glmSLMA_smk_gaussian" name="simple_glmSLMA_gaussian" time="0.000999999999976353"/>
    <testcase classname="ds.glmSLMA_smk_gaussian" name="simple_glmSLMA_gaussian" time="0.00199999999995271"/>
    <testcase classname="ds.glmSLMA_smk_gaussian" name="simple_glmSLMA_gaussian" time="0.000999999999976353"/>
    <testcase classname="ds.glmSLMA_smk_gaussian" name="simple_glmSLMA_gaussian" time="0.00200000000018008"/>
    <testcase classname="ds.glmSLMA_smk_gaussian" name="simple_glmSLMA_gaussian" time="0.000999999999976353"/>
    <testcase classname="ds.glmSLMA_smk_gaussian" name="simple_glmSLMA_gaussian" time="0.00199999999995271"/>
    <testcase classname="ds.glmSLMA_smk_gaussian" name="simple_glmSLMA_gaussian" time="0.000999999999976353"/>
    <testcase classname="ds.glmSLMA_smk_gaussian" name="simple_glmSLMA_gaussian" time="0.00199999999995271"/>
    <testcase classname="ds.glmSLMA_smk_gaussian" name="simple_glmSLMA_gaussian" time="0.000999999999976353"/>
    <testcase classname="ds.glmSLMA_smk_gaussian" name="simple_glmSLMA_gaussian" time="0.00100000000020373"/>
    <testcase classname="ds.glmSLMA_smk_gaussian" name="simple_glmSLMA_gaussian" time="0.00199999999995271"/>
    <testcase classname="ds.glmSLMA_smk_gaussian" name="simple_glmSLMA_gaussian" time="0.000999999999976353"/>
    <testcase classname="ds.glmSLMA_smk_gaussian" name="simple_glmSLMA_gaussian" time="0.00199999999995271"/>
    <testcase classname="ds.glmSLMA_smk_gaussian" name="simple_glmSLMA_gaussian" time="0.000999999999976353"/>
    <testcase classname="ds.glmSLMA_smk_gaussian" name="simple_glmSLMA_gaussian" time="0.00199999999995271"/>
    <testcase classname="ds.glmSLMA_smk_gaussian" name="simple_glmSLMA_gaussian" time="0.000999999999976353"/>
    <testcase classname="ds.glmSLMA_smk_gaussian" name="simple_glmSLMA_gaussian" time="0.00200000000018008"/>
    <testcase classname="ds.glmSLMA_smk_gaussian" name="simple_glmSLMA_gaussian" time="0.00199999999995271"/>
    <testcase classname="ds.glmSLMA_smk_gaussian" name="simple_glmSLMA_gaussian" time="0.000999999999976353"/>
    <testcase classname="ds.glmSLMA_smk_gaussian" name="simple_glmSLMA_gaussian" time="0.00199999999995271"/>
    <testcase classname="ds.glmSLMA_smk_gaussian" name="simple_glmSLMA_gaussian" time="0.00199999999995271"/>
    <testcase classname="ds.glmSLMA_smk_gaussian" name="simple_glmSLMA_gaussian" time="0.00100000000020373"/>
    <testcase classname="ds.glmSLMA_smk_gaussian" name="simple_glmSLMA_gaussian" time="0.00199999999995271"/>
  </testsuite>
  <testsuite errors="0" failures="0" hostname="fv-az14" name="ds.glmSLMA::smk::binomial" skipped="0" tests="40" time="5.142" timestamp="2020-10-23T11:21:16Z">
    <testcase classname="ds.glmSLMA_smk_binomial" name="simple_glmSLMA_binomial" time="5.09099999999989"/>
    <testcase classname="ds.glmSLMA_smk_binomial" name="simple_glmSLMA_binomial" time="0.000999999999976353"/>
    <testcase classname="ds.glmSLMA_smk_binomial" name="simple_glmSLMA_binomial" time="0.00199999999995271"/>
    <testcase classname="ds.glmSLMA_smk_binomial" name="simple_glmSLMA_binomial" time="0.00100000000020373"/>
    <testcase classname="ds.glmSLMA_smk_binomial" name="simple_glmSLMA_binomial" time="0.000999999999976353"/>
    <testcase classname="ds.glmSLMA_smk_binomial" name="simple_glmSLMA_binomial" time="0.000999999999976353"/>
    <testcase classname="ds.glmSLMA_smk_binomial" name="simple_glmSLMA_binomial" time="0.000999999999976353"/>
    <testcase classname="ds.glmSLMA_smk_binomial" name="simple_glmSLMA_binomial" time="0.000999999999976353"/>
    <testcase classname="ds.glmSLMA_smk_binomial" name="simple_glmSLMA_binomial" time="0.000999999999976353"/>
    <testcase classname="ds.glmSLMA_smk_binomial" name="simple_glmSLMA_binomial" time="0.000999999999976353"/>
    <testcase classname="ds.glmSLMA_smk_binomial" name="simple_glmSLMA_binomial" time="0.000999999999976353"/>
    <testcase classname="ds.glmSLMA_smk_binomial" name="simple_glmSLMA_binomial" time="0.000999999999976353"/>
    <testcase classname="ds.glmSLMA_smk_binomial" name="simple_glmSLMA_binomial" time="0.00200000000018008"/>
    <testcase classname="ds.glmSLMA_smk_binomial" name="simple_glmSLMA_binomial" time="0.000999999999976353"/>
    <testcase classname="ds.glmSLMA_smk_binomial" name="simple_glmSLMA_binomial" time="0.000999999999976353"/>
    <testcase classname="ds.glmSLMA_smk_binomial" name="simple_glmSLMA_binomial" time="0.000999999999976353"/>
    <testcase classname="ds.glmSLMA_smk_binomial" name="simple_glmSLMA_binomial" time="0.000999999999976353"/>
    <testcase classname="ds.glmSLMA_smk_binomial" name="simple_glmSLMA_binomial" time="0.000999999999976353"/>
    <testcase classname="ds.glmSLMA_smk_binomial" name="simple_glmSLMA_binomial" time="0.00199999999995271"/>
    <testcase classname="ds.glmSLMA_smk_binomial" name="simple_glmSLMA_binomial" time="0.000999999999976353"/>
    <testcase classname="ds.glmSLMA_smk_binomial" name="simple_glmSLMA_binomial" time="0.00100000000020373"/>
    <testcase classname="ds.glmSLMA_smk_binomial" name="simple_glmSLMA_binomial" time="0.000999999999976353"/>
    <testcase classname="ds.glmSLMA_smk_binomial" name="simple_glmSLMA_binomial" time="0.00199999999995271"/>
    <testcase classname="ds.glmSLMA_smk_binomial" name="simple_glmSLMA_binomial" time="0.000999999999976353"/>
    <testcase classname="ds.glmSLMA_smk_binomial" name="simple_glmSLMA_binomial" time="0.000999999999976353"/>
    <testcase classname="ds.glmSLMA_smk_binomial" name="simple_glmSLMA_binomial" time="0.000999999999976353"/>
    <testcase classname="ds.glmSLMA_smk_binomial" name="simple_glmSLMA_binomial" time="0.00199999999995271"/>
    <testcase classname="ds.glmSLMA_smk_binomial" name="simple_glmSLMA_binomial" time="0.00100000000020373"/>
    <testcase classname="ds.glmSLMA_smk_binomial" name="simple_glmSLMA_binomial" time="0.000999999999976353"/>
    <testcase classname="ds.glmSLMA_smk_binomial" name="simple_glmSLMA_binomial" time="0.00199999999995271"/>
    <testcase classname="ds.glmSLMA_smk_binomial" name="simple_glmSLMA_binomial" time="0.000999999999976353"/>
    <testcase classname="ds.glmSLMA_smk_binomial" name="simple_glmSLMA_binomial" time="0.00199999999995271"/>
    <testcase classname="ds.glmSLMA_smk_binomial" name="simple_glmSLMA_binomial" time="0.000999999999976353"/>
    <testcase classname="ds.glmSLMA_smk_binomial" name="simple_glmSLMA_binomial" time="0.00199999999995271"/>
    <testcase classname="ds.glmSLMA_smk_binomial" name="simple_glmSLMA_binomial" time="0.00100000000020373"/>
    <testcase classname="ds.glmSLMA_smk_binomial" name="simple_glmSLMA_binomial" time="0.00199999999995271"/>
    <testcase classname="ds.glmSLMA_smk_binomial" name="simple_glmSLMA_binomial" time="0.000999999999976353"/>
    <testcase classname="ds.glmSLMA_smk_binomial" name="simple_glmSLMA_binomial" time="0.00199999999995271"/>
    <testcase classname="ds.glmSLMA_smk_binomial" name="simple_glmSLMA_binomial" time="0.00199999999995271"/>
    <testcase classname="ds.glmSLMA_smk_binomial" name="simple_glmSLMA_binomial" time="0.00199999999995271"/>
  </testsuite>
  <testsuite errors="0" failures="0" hostname="fv-az14" name="ds.glmSLMA::smk::poisson" skipped="0" tests="47" time="1.783" timestamp="2020-10-23T11:21:21Z">
    <testcase classname="ds.glmSLMA_smk_poisson" name="simple_glmSLMA_poisson" time="1.7170000000001"/>
    <testcase classname="ds.glmSLMA_smk_poisson" name="simple_glmSLMA_poisson" time="0.00199999999995271"/>
    <testcase classname="ds.glmSLMA_smk_poisson" name="simple_glmSLMA_poisson" time="0.000999999999976353"/>
    <testcase classname="ds.glmSLMA_smk_poisson" name="simple_glmSLMA_poisson" time="0.000999999999976353"/>
    <testcase classname="ds.glmSLMA_smk_poisson" name="simple_glmSLMA_poisson" time="0.00100000000020373"/>
    <testcase classname="ds.glmSLMA_smk_poisson" name="simple_glmSLMA_poisson" time="0.000999999999976353"/>
    <testcase classname="ds.glmSLMA_smk_poisson" name="simple_glmSLMA_poisson" time="0.000999999999976353"/>
    <testcase classname="ds.glmSLMA_smk_poisson" name="simple_glmSLMA_poisson" time="0.000999999999976353"/>
    <testcase classname="ds.glmSLMA_smk_poisson" name="simple_glmSLMA_poisson" time="0.00199999999995271"/>
    <testcase classname="ds.glmSLMA_smk_poisson" name="simple_glmSLMA_poisson" time="0.000999999999976353"/>
    <testcase classname="ds.glmSLMA_smk_poisson" name="simple_glmSLMA_poisson" time="0.000999999999976353"/>
    <testcase classname="ds.glmSLMA_smk_poisson" name="simple_glmSLMA_poisson" time="0.000999999999976353"/>
    <testcase classname="ds.glmSLMA_smk_poisson" name="simple_glmSLMA_poisson" time="0.00200000000018008"/>
    <testcase classname="ds.glmSLMA_smk_poisson" name="simple_glmSLMA_poisson" time="0.000999999999976353"/>
    <testcase classname="ds.glmSLMA_smk_poisson" name="simple_glmSLMA_poisson" time="0.00199999999995271"/>
    <testcase classname="ds.glmSLMA_smk_poisson" name="simple_glmSLMA_poisson" time="0.000999999999976353"/>
    <testcase classname="ds.glmSLMA_smk_poisson" name="simple_glmSLMA_poisson" time="0.00199999999995271"/>
    <testcase classname="ds.glmSLMA_smk_poisson" name="simple_glmSLMA_poisson" time="0.000999999999976353"/>
    <testcase classname="ds.glmSLMA_smk_poisson" name="simple_glmSLMA_poisson" time="0.00200000000018008"/>
    <testcase classname="ds.glmSLMA_smk_poisson" name="simple_glmSLMA_poisson" time="0.000999999999976353"/>
    <testcase classname="ds.glmSLMA_smk_poisson" name="simple_glmSLMA_poisson" time="0.000999999999976353"/>
    <testcase classname="ds.glmSLMA_smk_poisson" name="simple_glmSLMA_poisson" time="0.00199999999995271"/>
    <testcase classname="ds.glmSLMA_smk_poisson" name="simple_glmSLMA_poisson" time="0.000999999999976353"/>
    <testcase classname="ds.glmSLMA_smk_poisson" name="simple_glmSLMA_poisson" time="0.000999999999976353"/>
    <testcase classname="ds.glmSLMA_smk_poisson" name="simple_glmSLMA_poisson" time="0.00199999999995271"/>
    <testcase classname="ds.glmSLMA_smk_poisson" name="simple_glmSLMA_poisson" time="0.000999999999976353"/>
    <testcase classname="ds.glmSLMA_smk_poisson" name="simple_glmSLMA_poisson" time="0.00100000000020373"/>
    <testcase classname="ds.glmSLMA_smk_poisson" name="simple_glmSLMA_poisson" time="0.00199999999995271"/>
    <testcase classname="ds.glmSLMA_smk_poisson" name="simple_glmSLMA_poisson" time="0.000999999999976353"/>
    <testcase classname="ds.glmSLMA_smk_poisson" name="simple_glmSLMA_poisson" time="0.00199999999995271"/>
    <testcase classname="ds.glmSLMA_smk_poisson" name="simple_glmSLMA_poisson" time="0.000999999999976353"/>
    <testcase classname="ds.glmSLMA_smk_poisson" name="simple_glmSLMA_poisson" time="0.000999999999976353"/>
    <testcase classname="ds.glmSLMA_smk_poisson" name="simple_glmSLMA_poisson" time="0.00200000000018008"/>
    <testcase classname="ds.glmSLMA_smk_poisson" name="simple_glmSLMA_poisson" time="0.000999999999976353"/>
    <testcase classname="ds.glmSLMA_smk_poisson" name="simple_glmSLMA_poisson" time="0.00199999999995271"/>
    <testcase classname="ds.glmSLMA_smk_poisson" name="simple_glmSLMA_poisson" time="0.000999999999976353"/>
    <testcase classname="ds.glmSLMA_smk_poisson" name="simple_glmSLMA_poisson" time="0.00199999999995271"/>
    <testcase classname="ds.glmSLMA_smk_poisson" name="simple_glmSLMA_poisson" time="0.000999999999976353"/>
    <testcase classname="ds.glmSLMA_smk_poisson" name="simple_glmSLMA_poisson" time="0.00199999999995271"/>
    <testcase classname="ds.glmSLMA_smk_poisson" name="simple_glmSLMA_poisson" time="0.00200000000018008"/>
    <testcase classname="ds.glmSLMA_smk_poisson" name="simple_glmSLMA_poisson" time="0.000999999999976353"/>
    <testcase classname="ds.glmSLMA_smk_poisson" name="simple_glmSLMA_poisson" time="0.00199999999995271"/>
    <testcase classname="ds.glmSLMA_smk_poisson" name="simple_glmSLMA_poisson" time="0.00199999999995271"/>
    <testcase classname="ds.glmSLMA_smk_poisson" name="simple_glmSLMA_poisson" time="0.000999999999976353"/>
    <testcase classname="ds.glmSLMA_smk_poisson" name="simple_glmSLMA_poisson" time="0.00200000000018008"/>
    <testcase classname="ds.glmSLMA_smk_poisson" name="simple_glmSLMA_poisson" time="0.00199999999995271"/>
    <testcase classname="ds.glmSLMA_smk_poisson" name="simple_glmSLMA_poisson" time="0.00199999999995271"/>
  </testsuite>
  <testsuite errors="0" failures="0" hostname="fv-az14" name="ds.glmSLMA::smk::shutdown" skipped="0" tests="3" time="0.275" timestamp="2020-10-23T11:21:23Z">
    <testcase classname="ds.glmSLMA_smk_shutdown" name="shutdown" time="0.272999999999911"/>
    <testcase classname="ds.glmSLMA_smk_shutdown" name="shutdown" time="0.000999999999976353"/>
    <testcase classname="ds.glmSLMA_smk_shutdown" name="shutdown" time="0.00100000000020373"/>
  </testsuite>
  <testsuite errors="0" failures="0" hostname="fv-az14" name="ds.glmSLMA::smk::done" skipped="0" tests="0" time="0" timestamp="2020-10-23T11:21:24Z"/>
  <testsuite errors="0" failures="0" hostname="fv-az14" name="ds.glmSummary::smk::setup" skipped="0" tests="3" time="5.342" timestamp="2020-10-23T11:21:24Z">
    <testcase classname="ds.glmSummary_smk_setup" name="setup" time="5.33899999999994"/>
    <testcase classname="ds.glmSummary_smk_setup" name="setup" time="0.00199999999995271"/>
    <testcase classname="ds.glmSummary_smk_setup" name="setup" time="0.000999999999976353"/>
  </testsuite>
  <testsuite errors="0" failures="0" hostname="fv-az14" name="ds.glmSummary::smk::gaussian" skipped="0" tests="46" time="4.981" timestamp="2020-10-23T11:21:29Z">
    <testcase classname="ds.glmSummary_smk_gaussian" name="simple_glmSummary_gaussian_without_newobj" time="1.41499999999996"/>
    <testcase classname="ds.glmSummary_smk_gaussian" name="simple_glmSummary_gaussian_without_newobj" time="0.00199999999995271"/>
    <testcase classname="ds.glmSummary_smk_gaussian" name="simple_glmSummary_gaussian_without_newobj" time="0.00100000000020373"/>
    <testcase classname="ds.glmSummary_smk_gaussian" name="simple_glmSummary_gaussian_without_newobj" time="0.000999999999976353"/>
    <testcase classname="ds.glmSummary_smk_gaussian" name="simple_glmSummary_gaussian_without_newobj" time="1.04700000000003"/>
    <testcase classname="ds.glmSummary_smk_gaussian" name="simple_glmSummary_gaussian_without_newobj" time="0.000999999999976353"/>
    <testcase classname="ds.glmSummary_smk_gaussian" name="simple_glmSummary_gaussian_without_newobj" time="0.00199999999995271"/>
    <testcase classname="ds.glmSummary_smk_gaussian" name="simple_glmSummary_gaussian_without_newobj" time="0.000999999999976353"/>
    <testcase classname="ds.glmSummary_smk_gaussian" name="simple_glmSummary_gaussian_without_newobj" time="0.000999999999976353"/>
    <testcase classname="ds.glmSummary_smk_gaussian" name="simple_glmSummary_gaussian_without_newobj" time="0.000999999999976353"/>
    <testcase classname="ds.glmSummary_smk_gaussian" name="simple_glmSummary_gaussian_without_newobj" time="0.000999999999976353"/>
    <testcase classname="ds.glmSummary_smk_gaussian" name="simple_glmSummary_gaussian_without_newobj" time="0.00199999999995271"/>
    <testcase classname="ds.glmSummary_smk_gaussian" name="simple_glmSummary_gaussian_without_newobj" time="0.00100000000020373"/>
    <testcase classname="ds.glmSummary_smk_gaussian" name="simple_glmSummary_gaussian_without_newobj" time="0.000999999999976353"/>
    <testcase classname="ds.glmSummary_smk_gaussian" name="simple_glmSummary_gaussian_without_newobj" time="0.000999999999976353"/>
    <testcase classname="ds.glmSummary_smk_gaussian" name="simple_glmSummary_gaussian_without_newobj" time="0.000999999999976353"/>
    <testcase classname="ds.glmSummary_smk_gaussian" name="simple_glmSummary_gaussian_without_newobj" time="0.000999999999976353"/>
    <testcase classname="ds.glmSummary_smk_gaussian" name="simple_glmSummary_gaussian_without_newobj" time="0.00199999999995271"/>
    <testcase classname="ds.glmSummary_smk_gaussian" name="simple_glmSummary_gaussian_without_newobj" time="0.000999999999976353"/>
    <testcase classname="ds.glmSummary_smk_gaussian" name="simple_glmSummary_gaussian_without_newobj" time="0.000999999999976353"/>
    <testcase classname="ds.glmSummary_smk_gaussian" name="simple_glmSummary_gaussian_without_newobj" time="0.00200000000018008"/>
    <testcase classname="ds.glmSummary_smk_gaussian" name="simple_glmSummary_gaussian_without_newobj" time="0.000999999999976353"/>
    <testcase classname="ds.glmSummary_smk_gaussian" name="simple_glmSummary_gaussian_without_newobj" time="0.000999999999976353"/>
    <testcase classname="ds.glmSummary_smk_gaussian" name="simple_glmSummary_gaussian" time="1.36099999999988"/>
    <testcase classname="ds.glmSummary_smk_gaussian" name="simple_glmSummary_gaussian" time="0.00200000000018008"/>
    <testcase classname="ds.glmSummary_smk_gaussian" name="simple_glmSummary_gaussian" time="0.000999999999976353"/>
    <testcase classname="ds.glmSummary_smk_gaussian" name="simple_glmSummary_gaussian" time="0.000999999999976353"/>
    <testcase classname="ds.glmSummary_smk_gaussian" name="simple_glmSummary_gaussian" time="1.09400000000005"/>
    <testcase classname="ds.glmSummary_smk_gaussian" name="simple_glmSummary_gaussian" time="0.000999999999976353"/>
    <testcase classname="ds.glmSummary_smk_gaussian" name="simple_glmSummary_gaussian" time="0.00199999999995271"/>
    <testcase classname="ds.glmSummary_smk_gaussian" name="simple_glmSummary_gaussian" time="0.00199999999995271"/>
    <testcase classname="ds.glmSummary_smk_gaussian" name="simple_glmSummary_gaussian" time="0.000999999999976353"/>
    <testcase classname="ds.glmSummary_smk_gaussian" name="simple_glmSummary_gaussian" time="0.00199999999995271"/>
    <testcase classname="ds.glmSummary_smk_gaussian" name="simple_glmSummary_gaussian" time="0.00200000000018008"/>
    <testcase classname="ds.glmSummary_smk_gaussian" name="simple_glmSummary_gaussian" time="0.000999999999976353"/>
    <testcase classname="ds.glmSummary_smk_gaussian" name="simple_glmSummary_gaussian" time="0.00199999999995271"/>
    <testcase classname="ds.glmSummary_smk_gaussian" name="simple_glmSummary_gaussian" time="0.00199999999995271"/>
    <testcase classname="ds.glmSummary_smk_gaussian" name="simple_glmSummary_gaussian" time="0.000999999999976353"/>
    <testcase classname="ds.glmSummary_smk_gaussian" name="simple_glmSummary_gaussian" time="0.00400000000013279"/>
    <testcase classname="ds.glmSummary_smk_gaussian" name="simple_glmSummary_gaussian" time="0.000999999999976353"/>
    <testcase classname="ds.glmSummary_smk_gaussian" name="simple_glmSummary_gaussian" time="0.00199999999995271"/>
    <testcase classname="ds.glmSummary_smk_gaussian" name="simple_glmSummary_gaussian" time="0.000999999999976353"/>
    <testcase classname="ds.glmSummary_smk_gaussian" name="simple_glmSummary_gaussian" time="0.00199999999995271"/>
    <testcase classname="ds.glmSummary_smk_gaussian" name="simple_glmSummary_gaussian" time="0.00199999999995271"/>
    <testcase classname="ds.glmSummary_smk_gaussian" name="simple_glmSummary_gaussian" time="0.00400000000013279"/>
    <testcase classname="ds.glmSummary_smk_gaussian" name="simple_glmSummary_gaussian" time="0.00199999999995271"/>
  </testsuite>
  <testsuite errors="0" failures="0" hostname="fv-az14" name="ds.glmSummary::smk::poisson" skipped="0" tests="46" time="5.635" timestamp="2020-10-23T11:21:34Z">
    <testcase classname="ds.glmSummary_smk_poisson" name="simple_glmSummary_poisson_without_newobj" time="1.74000000000001"/>
    <testcase classname="ds.glmSummary_smk_poisson" name="simple_glmSummary_poisson_without_newobj" time="0.000999999999976353"/>
    <testcase classname="ds.glmSummary_smk_poisson" name="simple_glmSummary_poisson_without_newobj" time="0.000999999999976353"/>
    <testcase classname="ds.glmSummary_smk_poisson" name="simple_glmSummary_poisson_without_newobj" time="0.000999999999976353"/>
    <testcase classname="ds.glmSummary_smk_poisson" name="simple_glmSummary_poisson_without_newobj" time="1.06900000000019"/>
    <testcase classname="ds.glmSummary_smk_poisson" name="simple_glmSummary_poisson_without_newobj" time="0.000999999999976353"/>
    <testcase classname="ds.glmSummary_smk_poisson" name="simple_glmSummary_poisson_without_newobj" time="0.000999999999976353"/>
    <testcase classname="ds.glmSummary_smk_poisson" name="simple_glmSummary_poisson_without_newobj" time="0.000999999999976353"/>
    <testcase classname="ds.glmSummary_smk_poisson" name="simple_glmSummary_poisson_without_newobj" time="0.000999999999976353"/>
    <testcase classname="ds.glmSummary_smk_poisson" name="simple_glmSummary_poisson_without_newobj" time="0.000999999999976353"/>
    <testcase classname="ds.glmSummary_smk_poisson" name="simple_glmSummary_poisson_without_newobj" time="0.00199999999995271"/>
    <testcase classname="ds.glmSummary_smk_poisson" name="simple_glmSummary_poisson_without_newobj" time="0.000999999999976353"/>
    <testcase classname="ds.glmSummary_smk_poisson" name="simple_glmSummary_poisson_without_newobj" time="0.000999999999976353"/>
    <testcase classname="ds.glmSummary_smk_poisson" name="simple_glmSummary_poisson_without_newobj" time="0.00100000000020373"/>
    <testcase classname="ds.glmSummary_smk_poisson" name="simple_glmSummary_poisson_without_newobj" time="0.000999999999976353"/>
    <testcase classname="ds.glmSummary_smk_poisson" name="simple_glmSummary_poisson_without_newobj" time="0.000999999999976353"/>
    <testcase classname="ds.glmSummary_smk_poisson" name="simple_glmSummary_poisson_without_newobj" time="0.000999999999976353"/>
    <testcase classname="ds.glmSummary_smk_poisson" name="simple_glmSummary_poisson_without_newobj" time="0.000999999999976353"/>
    <testcase classname="ds.glmSummary_smk_poisson" name="simple_glmSummary_poisson_without_newobj" time="0.000999999999976353"/>
    <testcase classname="ds.glmSummary_smk_poisson" name="simple_glmSummary_poisson_without_newobj" time="0.000999999999976353"/>
    <testcase classname="ds.glmSummary_smk_poisson" name="simple_glmSummary_poisson_without_newobj" time="0.000999999999976353"/>
    <testcase classname="ds.glmSummary_smk_poisson" name="simple_glmSummary_poisson_without_newobj" time="0.00300000000015643"/>
    <testcase classname="ds.glmSummary_smk_poisson" name="simple_glmSummary_poisson_without_newobj" time="0.000999999999976353"/>
    <testcase classname="ds.glmSummary_smk_poisson" name="simple_glmSummary_poisson" time="1.68100000000004"/>
    <testcase classname="ds.glmSummary_smk_poisson" name="simple_glmSummary_poisson" time="0.00199999999995271"/>
    <testcase classname="ds.glmSummary_smk_poisson" name="simple_glmSummary_poisson" time="0.000999999999976353"/>
    <testcase classname="ds.glmSummary_smk_poisson" name="simple_glmSummary_poisson" time="0.000999999999976353"/>
    <testcase classname="ds.glmSummary_smk_poisson" name="simple_glmSummary_poisson" time="1.08799999999997"/>
    <testcase classname="ds.glmSummary_smk_poisson" name="simple_glmSummary_poisson" time="0.00199999999995271"/>
    <testcase classname="ds.glmSummary_smk_poisson" name="simple_glmSummary_poisson" time="0.00200000000018008"/>
    <testcase classname="ds.glmSummary_smk_poisson" name="simple_glmSummary_poisson" time="0.000999999999976353"/>
    <testcase classname="ds.glmSummary_smk_poisson" name="simple_glmSummary_poisson" time="0.00199999999995271"/>
    <testcase classname="ds.glmSummary_smk_poisson" name="simple_glmSummary_poisson" time="0.000999999999976353"/>
    <testcase classname="ds.glmSummary_smk_poisson" name="simple_glmSummary_poisson" time="0.00199999999995271"/>
    <testcase classname="ds.glmSummary_smk_poisson" name="simple_glmSummary_poisson" time="0.000999999999976353"/>
    <testcase classname="ds.glmSummary_smk_poisson" name="simple_glmSummary_poisson" time="0.00200000000018008"/>
    <testcase classname="ds.glmSummary_smk_poisson" name="simple_glmSummary_poisson" time="0.00199999999995271"/>
    <testcase classname="ds.glmSummary_smk_poisson" name="simple_glmSummary_poisson" time="0.000999999999976353"/>
    <testcase classname="ds.glmSummary_smk_poisson" name="simple_glmSummary_poisson" time="0.00199999999995271"/>
    <testcase classname="ds.glmSummary_smk_poisson" name="simple_glmSummary_poisson" time="0.000999999999976353"/>
    <testcase classname="ds.glmSummary_smk_poisson" name="simple_glmSummary_poisson" time="0.00199999999995271"/>
    <testcase classname="ds.glmSummary_smk_poisson" name="simple_glmSummary_poisson" time="0.00100000000020373"/>
    <testcase classname="ds.glmSummary_smk_poisson" name="simple_glmSummary_poisson" time="0.00199999999995271"/>
    <testcase classname="ds.glmSummary_smk_poisson" name="simple_glmSummary_poisson" time="0.000999999999976353"/>
    <testcase classname="ds.glmSummary_smk_poisson" name="simple_glmSummary_poisson" time="0.00199999999995271"/>
    <testcase classname="ds.glmSummary_smk_poisson" name="simple_glmSummary_poisson" time="0.00199999999995271"/>
  </testsuite>
  <testsuite errors="0" failures="0" hostname="fv-az14" name="ds.glmSummary::smk::shutdown" skipped="0" tests="3" time="0.277" timestamp="2020-10-23T11:21:39Z">
    <testcase classname="ds.glmSummary_smk_shutdown" name="shutdown" time="0.275000000000091"/>
    <testcase classname="ds.glmSummary_smk_shutdown" name="shutdown" time="0.000999999999976353"/>
    <testcase classname="ds.glmSummary_smk_shutdown" name="shutdown" time="0.000999999999976353"/>
  </testsuite>
  <testsuite errors="0" failures="0" hostname="fv-az14" name="ds.glmSummary::smk::done" skipped="0" tests="0" time="0" timestamp="2020-10-23T11:21:40Z"/>
  <testsuite errors="0" failures="0" hostname="fv-az14" name="ds.isNA::smk::setup" skipped="0" tests="3" time="5.271" timestamp="2020-10-23T11:21:40Z">
    <testcase classname="ds.isNA_smk_setup" name="setup" time="5.26800000000003"/>
    <testcase classname="ds.isNA_smk_setup" name="setup" time="0.000999999999976353"/>
    <testcase classname="ds.isNA_smk_setup" name="setup" time="0.00199999999995271"/>
  </testsuite>
  <testsuite errors="0" failures="0" hostname="fv-az14" name="ds.isNA::smk" skipped="0" tests="3" time="1.723" timestamp="2020-10-23T11:21:45Z">
    <testcase classname="ds.isNA_smk" name="isNA" time="1.721"/>
    <testcase classname="ds.isNA_smk" name="isNA" time="0.000999999999976353"/>
    <testcase classname="ds.isNA_smk" name="isNA" time="0.000999999999976353"/>
  </testsuite>
  <testsuite errors="0" failures="0" hostname="fv-az14" name="ds.isNA::smk::shutdown" skipped="0" tests="3" time="0.297" timestamp="2020-10-23T11:21:47Z">
    <testcase classname="ds.isNA_smk_shutdown" name="shutdown" time="0.294000000000096"/>
    <testcase classname="ds.isNA_smk_shutdown" name="shutdown" time="0.00199999999995271"/>
    <testcase classname="ds.isNA_smk_shutdown" name="shutdown" time="0.000999999999976353"/>
  </testsuite>
  <testsuite errors="0" failures="0" hostname="fv-az14" name="ds.isNA::smk::done" skipped="0" tests="0" time="0" timestamp="2020-10-23T11:21:48Z"/>
  <testsuite errors="0" failures="0" hostname="fv-az14" name="ds.isValid::smk::setup" skipped="0" tests="3" time="5.365" timestamp="2020-10-23T11:21:48Z">
    <testcase classname="ds.isValid_smk_setup" name="setup" time="5.36200000000008"/>
    <testcase classname="ds.isValid_smk_setup" name="setup" time="0.00199999999995271"/>
    <testcase classname="ds.isValid_smk_setup" name="setup" time="0.000999999999976353"/>
  </testsuite>
  <testsuite errors="0" failures="0" hostname="fv-az14" name="ds.isValid::smk" skipped="0" tests="7" time="1.242" timestamp="2020-10-23T11:21:52Z">
    <testcase classname="ds.isValid_smk" name="isValid" time="1.23500000000013"/>
    <testcase classname="ds.isValid_smk" name="isValid" time="0.000999999999976353"/>
    <testcase classname="ds.isValid_smk" name="isValid" time="0.000999999999976353"/>
    <testcase classname="ds.isValid_smk" name="isValid" time="0.00199999999995271"/>
    <testcase classname="ds.isValid_smk" name="isValid" time="0.000999999999976353"/>
    <testcase classname="ds.isValid_smk" name="isValid" time="0.000999999999976353"/>
    <testcase classname="ds.isValid_smk" name="isValid" time="0.000999999999976353"/>
  </testsuite>
  <testsuite errors="0" failures="0" hostname="fv-az14" name="ds.isValid::smk::shutdown" skipped="0" tests="3" time="0.277" timestamp="2020-10-23T11:21:54Z">
    <testcase classname="ds.isValid_smk_shutdown" name="shutdown" time="0.275000000000091"/>
    <testcase classname="ds.isValid_smk_shutdown" name="shutdown" time="0.000999999999976353"/>
    <testcase classname="ds.isValid_smk_shutdown" name="shutdown" time="0.000999999999976353"/>
  </testsuite>
  <testsuite errors="0" failures="0" hostname="fv-az14" name="ds.isValid::smk::done" skipped="0" tests="0" time="0" timestamp="2020-10-23T11:21:55Z"/>
  <testsuite errors="0" failures="0" hostname="fv-az14" name="ds.kurtosis::smk::setup" skipped="0" tests="3" time="5.32" timestamp="2020-10-23T11:21:55Z">
    <testcase classname="ds.kurtosis_smk_setup" name="setup" time="5.31799999999998"/>
    <testcase classname="ds.kurtosis_smk_setup" name="setup" time="0.000999999999976353"/>
    <testcase classname="ds.kurtosis_smk_setup" name="setup" time="0.00100000000020373"/>
  </testsuite>
  <testsuite errors="0" failures="0" hostname="fv-az14" name="ds.kurtosis::smk::method 1::split" skipped="0" tests="70" time="6.22" timestamp="2020-10-23T11:21:59Z">
    <testcase classname="ds.kurtosis_smk_method_1_split" name="simple_kurtosis_method_1_split_on_LAB_TSC" time="1.22299999999996"/>
    <testcase classname="ds.kurtosis_smk_method_1_split" name="simple_kurtosis_method_1_split_on_LAB_TSC" time="0.000999999999976353"/>
    <testcase classname="ds.kurtosis_smk_method_1_split" name="simple_kurtosis_method_1_split_on_LAB_TSC" time="0.000999999999976353"/>
    <testcase classname="ds.kurtosis_smk_method_1_split" name="simple_kurtosis_method_1_split_on_LAB_TSC" time="0.000999999999976353"/>
    <testcase classname="ds.kurtosis_smk_method_1_split" name="simple_kurtosis_method_1_split_on_LAB_TSC" time="0.00199999999995271"/>
    <testcase classname="ds.kurtosis_smk_method_1_split" name="simple_kurtosis_method_1_split_on_LAB_TSC" time="0.000999999999976353"/>
    <testcase classname="ds.kurtosis_smk_method_1_split" name="simple_kurtosis_method_1_split_on_LAB_TSC" time="0.000999999999976353"/>
    <testcase classname="ds.kurtosis_smk_method_1_split" name="simple_kurtosis_method_1_split_on_LAB_TSC" time="0.00100000000020373"/>
    <testcase classname="ds.kurtosis_smk_method_1_split" name="simple_kurtosis_method_1_split_on_LAB_TSC" time="0.00199999999995271"/>
    <testcase classname="ds.kurtosis_smk_method_1_split" name="simple_kurtosis_method_1_split_on_LAB_TSC" time="0.000999999999976353"/>
    <testcase classname="ds.kurtosis_smk_method_1_split" name="simple_kurtosis_method_1_split_on_LAB_TSC" time="0.00199999999995271"/>
    <testcase classname="ds.kurtosis_smk_method_1_split" name="simple_kurtosis_method_1_split_on_LAB_TSC" time="0.000999999999976353"/>
    <testcase classname="ds.kurtosis_smk_method_1_split" name="simple_kurtosis_method_1_split_on_LAB_TSC" time="0.000999999999976353"/>
    <testcase classname="ds.kurtosis_smk_method_1_split" name="simple_kurtosis_method_1_split_on_LAB_TSC" time="0.00200000000018008"/>
    <testcase classname="ds.kurtosis_smk_method_1_split" name="simple_kurtosis_method_1_split_on_LAB_TRIG" time="1.21599999999989"/>
    <testcase classname="ds.kurtosis_smk_method_1_split" name="simple_kurtosis_method_1_split_on_LAB_TRIG" time="0.00900000000001455"/>
    <testcase classname="ds.kurtosis_smk_method_1_split" name="simple_kurtosis_method_1_split_on_LAB_TRIG" time="0.000999999999976353"/>
    <testcase classname="ds.kurtosis_smk_method_1_split" name="simple_kurtosis_method_1_split_on_LAB_TRIG" time="0.000999999999976353"/>
    <testcase classname="ds.kurtosis_smk_method_1_split" name="simple_kurtosis_method_1_split_on_LAB_TRIG" time="0.000999999999976353"/>
    <testcase classname="ds.kurtosis_smk_method_1_split" name="simple_kurtosis_method_1_split_on_LAB_TRIG" time="0.00200000000018008"/>
    <testcase classname="ds.kurtosis_smk_method_1_split" name="simple_kurtosis_method_1_split_on_LAB_TRIG" time="0.000999999999976353"/>
    <testcase classname="ds.kurtosis_smk_method_1_split" name="simple_kurtosis_method_1_split_on_LAB_TRIG" time="0.00199999999995271"/>
    <testcase classname="ds.kurtosis_smk_method_1_split" name="simple_kurtosis_method_1_split_on_LAB_TRIG" time="0.000999999999976353"/>
    <testcase classname="ds.kurtosis_smk_method_1_split" name="simple_kurtosis_method_1_split_on_LAB_TRIG" time="0.00199999999995271"/>
    <testcase classname="ds.kurtosis_smk_method_1_split" name="simple_kurtosis_method_1_split_on_LAB_TRIG" time="0.000999999999976353"/>
    <testcase classname="ds.kurtosis_smk_method_1_split" name="simple_kurtosis_method_1_split_on_LAB_TRIG" time="0.00199999999995271"/>
    <testcase classname="ds.kurtosis_smk_method_1_split" name="simple_kurtosis_method_1_split_on_LAB_TRIG" time="0.00100000000020373"/>
    <testcase classname="ds.kurtosis_smk_method_1_split" name="simple_kurtosis_method_1_split_on_LAB_TRIG" time="0.000999999999976353"/>
    <testcase classname="ds.kurtosis_smk_method_1_split" name="simple_kurtosis_method_1_split_on_LAB_HDL" time="1.21799999999985"/>
    <testcase classname="ds.kurtosis_smk_method_1_split" name="simple_kurtosis_method_1_split_on_LAB_HDL" time="0.000999999999976353"/>
    <testcase classname="ds.kurtosis_smk_method_1_split" name="simple_kurtosis_method_1_split_on_LAB_HDL" time="0.00200000000018008"/>
    <testcase classname="ds.kurtosis_smk_method_1_split" name="simple_kurtosis_method_1_split_on_LAB_HDL" time="0.000999999999976353"/>
    <testcase classname="ds.kurtosis_smk_method_1_split" name="simple_kurtosis_method_1_split_on_LAB_HDL" time="0.00199999999995271"/>
    <testcase classname="ds.kurtosis_smk_method_1_split" name="simple_kurtosis_method_1_split_on_LAB_HDL" time="0.000999999999976353"/>
    <testcase classname="ds.kurtosis_smk_method_1_split" name="simple_kurtosis_method_1_split_on_LAB_HDL" time="0.000999999999976353"/>
    <testcase classname="ds.kurtosis_smk_method_1_split" name="simple_kurtosis_method_1_split_on_LAB_HDL" time="0.00199999999995271"/>
    <testcase classname="ds.kurtosis_smk_method_1_split" name="simple_kurtosis_method_1_split_on_LAB_HDL" time="0.00200000000018008"/>
    <testcase classname="ds.kurtosis_smk_method_1_split" name="simple_kurtosis_method_1_split_on_LAB_HDL" time="0.000999999999976353"/>
    <testcase classname="ds.kurtosis_smk_method_1_split" name="simple_kurtosis_method_1_split_on_LAB_HDL" time="0.00199999999995271"/>
    <testcase classname="ds.kurtosis_smk_method_1_split" name="simple_kurtosis_method_1_split_on_LAB_HDL" time="0.00199999999995271"/>
    <testcase classname="ds.kurtosis_smk_method_1_split" name="simple_kurtosis_method_1_split_on_LAB_HDL" time="0.00199999999995271"/>
    <testcase classname="ds.kurtosis_smk_method_1_split" name="simple_kurtosis_method_1_split_on_LAB_HDL" time="0.000999999999976353"/>
    <testcase classname="ds.kurtosis_smk_method_1_split" name="simple_kurtosis_method_1_split_on_LAB_GLUC_ADJUSTED" time="1.21900000000005"/>
    <testcase classname="ds.kurtosis_smk_method_1_split" name="simple_kurtosis_method_1_split_on_LAB_GLUC_ADJUSTED" time="0.00199999999995271"/>
    <testcase classname="ds.kurtosis_smk_method_1_split" name="simple_kurtosis_method_1_split_on_LAB_GLUC_ADJUSTED" time="0.00200000000018008"/>
    <testcase classname="ds.kurtosis_smk_method_1_split" name="simple_kurtosis_method_1_split_on_LAB_GLUC_ADJUSTED" time="0.00199999999995271"/>
    <testcase classname="ds.kurtosis_smk_method_1_split" name="simple_kurtosis_method_1_split_on_LAB_GLUC_ADJUSTED" time="0.00199999999995271"/>
    <testcase classname="ds.kurtosis_smk_method_1_split" name="simple_kurtosis_method_1_split_on_LAB_GLUC_ADJUSTED" time="0.00199999999995271"/>
    <testcase classname="ds.kurtosis_smk_method_1_split" name="simple_kurtosis_method_1_split_on_LAB_GLUC_ADJUSTED" time="0.00199999999995271"/>
    <testcase classname="ds.kurtosis_smk_method_1_split" name="simple_kurtosis_method_1_split_on_LAB_GLUC_ADJUSTED" time="0.00200000000018008"/>
    <testcase classname="ds.kurtosis_smk_method_1_split" name="simple_kurtosis_method_1_split_on_LAB_GLUC_ADJUSTED" time="0.00199999999995271"/>
    <testcase classname="ds.kurtosis_smk_method_1_split" name="simple_kurtosis_method_1_split_on_LAB_GLUC_ADJUSTED" time="0.00199999999995271"/>
    <testcase classname="ds.kurtosis_smk_method_1_split" name="simple_kurtosis_method_1_split_on_LAB_GLUC_ADJUSTED" time="0.00199999999995271"/>
    <testcase classname="ds.kurtosis_smk_method_1_split" name="simple_kurtosis_method_1_split_on_LAB_GLUC_ADJUSTED" time="0.00199999999995271"/>
    <testcase classname="ds.kurtosis_smk_method_1_split" name="simple_kurtosis_method_1_split_on_LAB_GLUC_ADJUSTED" time="0.00300000000015643"/>
    <testcase classname="ds.kurtosis_smk_method_1_split" name="simple_kurtosis_method_1_split_on_LAB_GLUC_ADJUSTED" time="0.00199999999995271"/>
    <testcase classname="ds.kurtosis_smk_method_1_split" name="simple_kurtosis_method_1_split_on_PM_BMI_CONTINUOUS" time="1.22800000000007"/>
    <testcase classname="ds.kurtosis_smk_method_1_split" name="simple_kurtosis_method_1_split_on_PM_BMI_CONTINUOUS" time="0.00199999999995271"/>
    <testcase classname="ds.kurtosis_smk_method_1_split" name="simple_kurtosis_method_1_split_on_PM_BMI_CONTINUOUS" time="0.00199999999995271"/>
    <testcase classname="ds.kurtosis_smk_method_1_split" name="simple_kurtosis_method_1_split_on_PM_BMI_CONTINUOUS" time="0.00199999999995271"/>
    <testcase classname="ds.kurtosis_smk_method_1_split" name="simple_kurtosis_method_1_split_on_PM_BMI_CONTINUOUS" time="0.00200000000018008"/>
    <testcase classname="ds.kurtosis_smk_method_1_split" name="simple_kurtosis_method_1_split_on_PM_BMI_CONTINUOUS" time="0.00299999999992906"/>
    <testcase classname="ds.kurtosis_smk_method_1_split" name="simple_kurtosis_method_1_split_on_PM_BMI_CONTINUOUS" time="0.000999999999976353"/>
    <testcase classname="ds.kurtosis_smk_method_1_split" name="simple_kurtosis_method_1_split_on_PM_BMI_CONTINUOUS" time="0.00299999999992906"/>
    <testcase classname="ds.kurtosis_smk_method_1_split" name="simple_kurtosis_method_1_split_on_PM_BMI_CONTINUOUS" time="0.00199999999995271"/>
    <testcase classname="ds.kurtosis_smk_method_1_split" name="simple_kurtosis_method_1_split_on_PM_BMI_CONTINUOUS" time="0.00200000000018008"/>
    <testcase classname="ds.kurtosis_smk_method_1_split" name="simple_kurtosis_method_1_split_on_PM_BMI_CONTINUOUS" time="0.00199999999995271"/>
    <testcase classname="ds.kurtosis_smk_method_1_split" name="simple_kurtosis_method_1_split_on_PM_BMI_CONTINUOUS" time="0.00199999999995271"/>
    <testcase classname="ds.kurtosis_smk_method_1_split" name="simple_kurtosis_method_1_split_on_PM_BMI_CONTINUOUS" time="0.00199999999995271"/>
    <testcase classname="ds.kurtosis_smk_method_1_split" name="simple_kurtosis_method_1_split_on_PM_BMI_CONTINUOUS" time="0.00200000000018008"/>
  </testsuite>
  <testsuite errors="0" failures="0" hostname="fv-az14" name="ds.kurtosis::smk::method 1::combine" skipped="0" tests="40" time="7.51" timestamp="2020-10-23T11:22:05Z">
    <testcase classname="ds.kurtosis_smk_method_1_combine" name="simple_kurtosis_combine_on_LAB_TSC" time="1.50499999999988"/>
    <testcase classname="ds.kurtosis_smk_method_1_combine" name="simple_kurtosis_combine_on_LAB_TSC" time="0.000999999999976353"/>
    <testcase classname="ds.kurtosis_smk_method_1_combine" name="simple_kurtosis_combine_on_LAB_TSC" time="0.000999999999976353"/>
    <testcase classname="ds.kurtosis_smk_method_1_combine" name="simple_kurtosis_combine_on_LAB_TSC" time="0.000999999999976353"/>
    <testcase classname="ds.kurtosis_smk_method_1_combine" name="simple_kurtosis_combine_on_LAB_TSC" time="0.000999999999976353"/>
    <testcase classname="ds.kurtosis_smk_method_1_combine" name="simple_kurtosis_combine_on_LAB_TSC" time="0.00200000000018008"/>
    <testcase classname="ds.kurtosis_smk_method_1_combine" name="simple_kurtosis_combine_on_LAB_TSC" time="0.000999999999976353"/>
    <testcase classname="ds.kurtosis_smk_method_1_combine" name="simple_kurtosis_combine_on_LAB_TSC" time="0.000999999999976353"/>
    <testcase classname="ds.kurtosis_smk_method_1_combine" name="simple_kurtosis_method_1_combine_on_LAB_TRIG" time="1.47299999999996"/>
    <testcase classname="ds.kurtosis_smk_method_1_combine" name="simple_kurtosis_method_1_combine_on_LAB_TRIG" time="0.00199999999995271"/>
    <testcase classname="ds.kurtosis_smk_method_1_combine" name="simple_kurtosis_method_1_combine_on_LAB_TRIG" time="0.000999999999976353"/>
    <testcase classname="ds.kurtosis_smk_method_1_combine" name="simple_kurtosis_method_1_combine_on_LAB_TRIG" time="0.00200000000018008"/>
    <testcase classname="ds.kurtosis_smk_method_1_combine" name="simple_kurtosis_method_1_combine_on_LAB_TRIG" time="0.00900000000001455"/>
    <testcase classname="ds.kurtosis_smk_method_1_combine" name="simple_kurtosis_method_1_combine_on_LAB_TRIG" time="0.000999999999976353"/>
    <testcase classname="ds.kurtosis_smk_method_1_combine" name="simple_kurtosis_method_1_combine_on_LAB_TRIG" time="0.000999999999976353"/>
    <testcase classname="ds.kurtosis_smk_method_1_combine" name="simple_kurtosis_method_1_combine_on_LAB_TRIG" time="0.000999999999976353"/>
    <testcase classname="ds.kurtosis_smk_method_1_combine" name="simple_kurtosis_method_1_combine_on_LAB_HDL" time="1.49499999999989"/>
    <testcase classname="ds.kurtosis_smk_method_1_combine" name="simple_kurtosis_method_1_combine_on_LAB_HDL" time="0.000999999999976353"/>
    <testcase classname="ds.kurtosis_smk_method_1_combine" name="simple_kurtosis_method_1_combine_on_LAB_HDL" time="0.00200000000018008"/>
    <testcase classname="ds.kurtosis_smk_method_1_combine" name="simple_kurtosis_method_1_combine_on_LAB_HDL" time="0.000999999999976353"/>
    <testcase classname="ds.kurtosis_smk_method_1_combine" name="simple_kurtosis_method_1_combine_on_LAB_HDL" time="0.00199999999995271"/>
    <testcase classname="ds.kurtosis_smk_method_1_combine" name="simple_kurtosis_method_1_combine_on_LAB_HDL" time="0.000999999999976353"/>
    <testcase classname="ds.kurtosis_smk_method_1_combine" name="simple_kurtosis_method_1_combine_on_LAB_HDL" time="0.00199999999995271"/>
    <testcase classname="ds.kurtosis_smk_method_1_combine" name="simple_kurtosis_method_1_combine_on_LAB_HDL" time="0.000999999999976353"/>
    <testcase classname="ds.kurtosis_smk_method_1_combine" name="simple_kurtosis_method_1_combine_on_LAB_GLUC_ADJUSTED" time="1.48199999999997"/>
    <testcase classname="ds.kurtosis_smk_method_1_combine" name="simple_kurtosis_method_1_combine_on_LAB_GLUC_ADJUSTED" time="0.00200000000018008"/>
    <testcase classname="ds.kurtosis_smk_method_1_combine" name="simple_kurtosis_method_1_combine_on_LAB_GLUC_ADJUSTED" time="0.000999999999976353"/>
    <testcase classname="ds.kurtosis_smk_method_1_combine" name="simple_kurtosis_method_1_combine_on_LAB_GLUC_ADJUSTED" time="0.00199999999995271"/>
    <testcase classname="ds.kurtosis_smk_method_1_combine" name="simple_kurtosis_method_1_combine_on_LAB_GLUC_ADJUSTED" time="0.00199999999995271"/>
    <testcase classname="ds.kurtosis_smk_method_1_combine" name="simple_kurtosis_method_1_combine_on_LAB_GLUC_ADJUSTED" time="0.000999999999976353"/>
    <testcase classname="ds.kurtosis_smk_method_1_combine" name="simple_kurtosis_method_1_combine_on_LAB_GLUC_ADJUSTED" time="0.000999999999976353"/>
    <testcase classname="ds.kurtosis_smk_method_1_combine" name="simple_kurtosis_method_1_combine_on_LAB_GLUC_ADJUSTED" time="0.00200000000018008"/>
    <testcase classname="ds.kurtosis_smk_method_1_combine" name="simple_kurtosis_method_1_combine_on_PM_BMI_CONTINUOUS" time="1.49799999999982"/>
    <testcase classname="ds.kurtosis_smk_method_1_combine" name="simple_kurtosis_method_1_combine_on_PM_BMI_CONTINUOUS" time="0.00100000000020373"/>
    <testcase classname="ds.kurtosis_smk_method_1_combine" name="simple_kurtosis_method_1_combine_on_PM_BMI_CONTINUOUS" time="0.00199999999995271"/>
    <testcase classname="ds.kurtosis_smk_method_1_combine" name="simple_kurtosis_method_1_combine_on_PM_BMI_CONTINUOUS" time="0.000999999999976353"/>
    <testcase classname="ds.kurtosis_smk_method_1_combine" name="simple_kurtosis_method_1_combine_on_PM_BMI_CONTINUOUS" time="0.00199999999995271"/>
    <testcase classname="ds.kurtosis_smk_method_1_combine" name="simple_kurtosis_method_1_combine_on_PM_BMI_CONTINUOUS" time="0.00199999999995271"/>
    <testcase classname="ds.kurtosis_smk_method_1_combine" name="simple_kurtosis_method_1_combine_on_PM_BMI_CONTINUOUS" time="0.000999999999976353"/>
    <testcase classname="ds.kurtosis_smk_method_1_combine" name="simple_kurtosis_method_1_combine_on_PM_BMI_CONTINUOUS" time="0.00200000000018008"/>
  </testsuite>
  <testsuite errors="0" failures="0" hostname="fv-az14" name="ds.kurtosis::smk::method 1::both" skipped="0" tests="110" time="8.989" timestamp="2020-10-23T11:22:13Z">
    <testcase classname="ds.kurtosis_smk_method_1_both" name="simple_kurtosis_both_on_LAB_TSC" time="1.76699999999983"/>
    <testcase classname="ds.kurtosis_smk_method_1_both" name="simple_kurtosis_both_on_LAB_TSC" time="0.000999999999976353"/>
    <testcase classname="ds.kurtosis_smk_method_1_both" name="simple_kurtosis_both_on_LAB_TSC" time="0.00100000000020373"/>
    <testcase classname="ds.kurtosis_smk_method_1_both" name="simple_kurtosis_both_on_LAB_TSC" time="0.000999999999976353"/>
    <testcase classname="ds.kurtosis_smk_method_1_both" name="simple_kurtosis_both_on_LAB_TSC" time="0.000999999999976353"/>
    <testcase classname="ds.kurtosis_smk_method_1_both" name="simple_kurtosis_both_on_LAB_TSC" time="0.00199999999995271"/>
    <testcase classname="ds.kurtosis_smk_method_1_both" name="simple_kurtosis_both_on_LAB_TSC" time="0.000999999999976353"/>
    <testcase classname="ds.kurtosis_smk_method_1_both" name="simple_kurtosis_both_on_LAB_TSC" time="0.000999999999976353"/>
    <testcase classname="ds.kurtosis_smk_method_1_both" name="simple_kurtosis_both_on_LAB_TSC" time="0.00199999999995271"/>
    <testcase classname="ds.kurtosis_smk_method_1_both" name="simple_kurtosis_both_on_LAB_TSC" time="0.000999999999976353"/>
    <testcase classname="ds.kurtosis_smk_method_1_both" name="simple_kurtosis_both_on_LAB_TSC" time="0.00100000000020373"/>
    <testcase classname="ds.kurtosis_smk_method_1_both" name="simple_kurtosis_both_on_LAB_TSC" time="0.000999999999976353"/>
    <testcase classname="ds.kurtosis_smk_method_1_both" name="simple_kurtosis_both_on_LAB_TSC" time="0.000999999999976353"/>
    <testcase classname="ds.kurtosis_smk_method_1_both" name="simple_kurtosis_both_on_LAB_TSC" time="0.000999999999976353"/>
    <testcase classname="ds.kurtosis_smk_method_1_both" name="simple_kurtosis_both_on_LAB_TSC" time="0.00199999999995271"/>
    <testcase classname="ds.kurtosis_smk_method_1_both" name="simple_kurtosis_both_on_LAB_TSC" time="0.000999999999976353"/>
    <testcase classname="ds.kurtosis_smk_method_1_both" name="simple_kurtosis_both_on_LAB_TSC" time="0.000999999999976353"/>
    <testcase classname="ds.kurtosis_smk_method_1_both" name="simple_kurtosis_both_on_LAB_TSC" time="0.00200000000018008"/>
    <testcase classname="ds.kurtosis_smk_method_1_both" name="simple_kurtosis_both_on_LAB_TSC" time="0.000999999999976353"/>
    <testcase classname="ds.kurtosis_smk_method_1_both" name="simple_kurtosis_both_on_LAB_TSC" time="0.000999999999976353"/>
    <testcase classname="ds.kurtosis_smk_method_1_both" name="simple_kurtosis_both_on_LAB_TSC" time="0.000999999999976353"/>
    <testcase classname="ds.kurtosis_smk_method_1_both" name="simple_kurtosis_both_on_LAB_TSC" time="0.00199999999995271"/>
    <testcase classname="ds.kurtosis_smk_method_1_both" name="simple_kurtosis_method_1_both_on_LAB_TRIG" time="1.74800000000005"/>
    <testcase classname="ds.kurtosis_smk_method_1_both" name="simple_kurtosis_method_1_both_on_LAB_TRIG" time="0.000999999999976353"/>
    <testcase classname="ds.kurtosis_smk_method_1_both" name="simple_kurtosis_method_1_both_on_LAB_TRIG" time="0.00199999999995271"/>
    <testcase classname="ds.kurtosis_smk_method_1_both" name="simple_kurtosis_method_1_both_on_LAB_TRIG" time="0.000999999999976353"/>
    <testcase classname="ds.kurtosis_smk_method_1_both" name="simple_kurtosis_method_1_both_on_LAB_TRIG" time="0.00200000000018008"/>
    <testcase classname="ds.kurtosis_smk_method_1_both" name="simple_kurtosis_method_1_both_on_LAB_TRIG" time="0.000999999999976353"/>
    <testcase classname="ds.kurtosis_smk_method_1_both" name="simple_kurtosis_method_1_both_on_LAB_TRIG" time="0.00199999999995271"/>
    <testcase classname="ds.kurtosis_smk_method_1_both" name="simple_kurtosis_method_1_both_on_LAB_TRIG" time="0.000999999999976353"/>
    <testcase classname="ds.kurtosis_smk_method_1_both" name="simple_kurtosis_method_1_both_on_LAB_TRIG" time="0.000999999999976353"/>
    <testcase classname="ds.kurtosis_smk_method_1_both" name="simple_kurtosis_method_1_both_on_LAB_TRIG" time="0.000999999999976353"/>
    <testcase classname="ds.kurtosis_smk_method_1_both" name="simple_kurtosis_method_1_both_on_LAB_TRIG" time="0.000999999999976353"/>
    <testcase classname="ds.kurtosis_smk_method_1_both" name="simple_kurtosis_method_1_both_on_LAB_TRIG" time="0.000999999999976353"/>
    <testcase classname="ds.kurtosis_smk_method_1_both" name="simple_kurtosis_method_1_both_on_LAB_TRIG" time="0.00200000000018008"/>
    <testcase classname="ds.kurtosis_smk_method_1_both" name="simple_kurtosis_method_1_both_on_LAB_TRIG" time="0.00199999999995271"/>
    <testcase classname="ds.kurtosis_smk_method_1_both" name="simple_kurtosis_method_1_both_on_LAB_TRIG" time="0.000999999999976353"/>
    <testcase classname="ds.kurtosis_smk_method_1_both" name="simple_kurtosis_method_1_both_on_LAB_TRIG" time="0.000999999999976353"/>
    <testcase classname="ds.kurtosis_smk_method_1_both" name="simple_kurtosis_method_1_both_on_LAB_TRIG" time="0.00199999999995271"/>
    <testcase classname="ds.kurtosis_smk_method_1_both" name="simple_kurtosis_method_1_both_on_LAB_TRIG" time="0.00200000000018008"/>
    <testcase classname="ds.kurtosis_smk_method_1_both" name="simple_kurtosis_method_1_both_on_LAB_TRIG" time="0.000999999999976353"/>
    <testcase classname="ds.kurtosis_smk_method_1_both" name="simple_kurtosis_method_1_both_on_LAB_TRIG" time="0.00199999999995271"/>
    <testcase classname="ds.kurtosis_smk_method_1_both" name="simple_kurtosis_method_1_both_on_LAB_TRIG" time="0.000999999999976353"/>
    <testcase classname="ds.kurtosis_smk_method_1_both" name="simple_kurtosis_method_1_both_on_LAB_TRIG" time="0.00199999999995271"/>
    <testcase classname="ds.kurtosis_smk_method_1_both" name="simple_kurtosis_method_1_both_on_LAB_HDL" time="1.75"/>
    <testcase classname="ds.kurtosis_smk_method_1_both" name="simple_kurtosis_method_1_both_on_LAB_HDL" time="0.00999999999999091"/>
    <testcase classname="ds.kurtosis_smk_method_1_both" name="simple_kurtosis_method_1_both_on_LAB_HDL" time="0.00199999999995271"/>
    <testcase classname="ds.kurtosis_smk_method_1_both" name="simple_kurtosis_method_1_both_on_LAB_HDL" time="0.00200000000018008"/>
    <testcase classname="ds.kurtosis_smk_method_1_both" name="simple_kurtosis_method_1_both_on_LAB_HDL" time="0.00199999999995271"/>
    <testcase classname="ds.kurtosis_smk_method_1_both" name="simple_kurtosis_method_1_both_on_LAB_HDL" time="0.00199999999995271"/>
    <testcase classname="ds.kurtosis_smk_method_1_both" name="simple_kurtosis_method_1_both_on_LAB_HDL" time="0.00199999999995271"/>
    <testcase classname="ds.kurtosis_smk_method_1_both" name="simple_kurtosis_method_1_both_on_LAB_HDL" time="0.000999999999976353"/>
    <testcase classname="ds.kurtosis_smk_method_1_both" name="simple_kurtosis_method_1_both_on_LAB_HDL" time="0.00200000000018008"/>
    <testcase classname="ds.kurtosis_smk_method_1_both" name="simple_kurtosis_method_1_both_on_LAB_HDL" time="0.00299999999992906"/>
    <testcase classname="ds.kurtosis_smk_method_1_both" name="simple_kurtosis_method_1_both_on_LAB_HDL" time="0.000999999999976353"/>
    <testcase classname="ds.kurtosis_smk_method_1_both" name="simple_kurtosis_method_1_both_on_LAB_HDL" time="0.00199999999995271"/>
    <testcase classname="ds.kurtosis_smk_method_1_both" name="simple_kurtosis_method_1_both_on_LAB_HDL" time="0.00199999999995271"/>
    <testcase classname="ds.kurtosis_smk_method_1_both" name="simple_kurtosis_method_1_both_on_LAB_HDL" time="0.00200000000018008"/>
    <testcase classname="ds.kurtosis_smk_method_1_both" name="simple_kurtosis_method_1_both_on_LAB_HDL" time="0.00199999999995271"/>
    <testcase classname="ds.kurtosis_smk_method_1_both" name="simple_kurtosis_method_1_both_on_LAB_HDL" time="0.00199999999995271"/>
    <testcase classname="ds.kurtosis_smk_method_1_both" name="simple_kurtosis_method_1_both_on_LAB_HDL" time="0.00199999999995271"/>
    <testcase classname="ds.kurtosis_smk_method_1_both" name="simple_kurtosis_method_1_both_on_LAB_HDL" time="0.00199999999995271"/>
    <testcase classname="ds.kurtosis_smk_method_1_both" name="simple_kurtosis_method_1_both_on_LAB_HDL" time="0.00200000000018008"/>
    <testcase classname="ds.kurtosis_smk_method_1_both" name="simple_kurtosis_method_1_both_on_LAB_HDL" time="0.00199999999995271"/>
    <testcase classname="ds.kurtosis_smk_method_1_both" name="simple_kurtosis_method_1_both_on_LAB_HDL" time="0.00199999999995271"/>
    <testcase classname="ds.kurtosis_smk_method_1_both" name="simple_kurtosis_method_1_both_on_LAB_HDL" time="0.00199999999995271"/>
    <testcase classname="ds.kurtosis_smk_method_1_both" name="simple_kurtosis_method_1_both_on_LAB_GLUC_ADJUSTED" time="1.74700000000007"/>
    <testcase classname="ds.kurtosis_smk_method_1_both" name="simple_kurtosis_method_1_both_on_LAB_GLUC_ADJUSTED" time="0.00299999999992906"/>
    <testcase classname="ds.kurtosis_smk_method_1_both" name="simple_kurtosis_method_1_both_on_LAB_GLUC_ADJUSTED" time="0.00199999999995271"/>
    <testcase classname="ds.kurtosis_smk_method_1_both" name="simple_kurtosis_method_1_both_on_LAB_GLUC_ADJUSTED" time="0.00200000000018008"/>
    <testcase classname="ds.kurtosis_smk_method_1_both" name="simple_kurtosis_method_1_both_on_LAB_GLUC_ADJUSTED" time="0.00199999999995271"/>
    <testcase classname="ds.kurtosis_smk_method_1_both" name="simple_kurtosis_method_1_both_on_LAB_GLUC_ADJUSTED" time="0.00199999999995271"/>
    <testcase classname="ds.kurtosis_smk_method_1_both" name="simple_kurtosis_method_1_both_on_LAB_GLUC_ADJUSTED" time="0.00199999999995271"/>
    <testcase classname="ds.kurtosis_smk_method_1_both" name="simple_kurtosis_method_1_both_on_LAB_GLUC_ADJUSTED" time="0.00200000000018008"/>
    <testcase classname="ds.kurtosis_smk_method_1_both" name="simple_kurtosis_method_1_both_on_LAB_GLUC_ADJUSTED" time="0.00299999999992906"/>
    <testcase classname="ds.kurtosis_smk_method_1_both" name="simple_kurtosis_method_1_both_on_LAB_GLUC_ADJUSTED" time="0.00199999999995271"/>
    <testcase classname="ds.kurtosis_smk_method_1_both" name="simple_kurtosis_method_1_both_on_LAB_GLUC_ADJUSTED" time="0.00199999999995271"/>
    <testcase classname="ds.kurtosis_smk_method_1_both" name="simple_kurtosis_method_1_both_on_LAB_GLUC_ADJUSTED" time="0.00300000000015643"/>
    <testcase classname="ds.kurtosis_smk_method_1_both" name="simple_kurtosis_method_1_both_on_LAB_GLUC_ADJUSTED" time="0.00299999999992906"/>
    <testcase classname="ds.kurtosis_smk_method_1_both" name="simple_kurtosis_method_1_both_on_LAB_GLUC_ADJUSTED" time="0.00199999999995271"/>
    <testcase classname="ds.kurtosis_smk_method_1_both" name="simple_kurtosis_method_1_both_on_LAB_GLUC_ADJUSTED" time="0.00299999999992906"/>
    <testcase classname="ds.kurtosis_smk_method_1_both" name="simple_kurtosis_method_1_both_on_LAB_GLUC_ADJUSTED" time="0.00200000000018008"/>
    <testcase classname="ds.kurtosis_smk_method_1_both" name="simple_kurtosis_method_1_both_on_LAB_GLUC_ADJUSTED" time="0.00199999999995271"/>
    <testcase classname="ds.kurtosis_smk_method_1_both" name="simple_kurtosis_method_1_both_on_LAB_GLUC_ADJUSTED" time="0.00299999999992906"/>
    <testcase classname="ds.kurtosis_smk_method_1_both" name="simple_kurtosis_method_1_both_on_LAB_GLUC_ADJUSTED" time="0.00199999999995271"/>
    <testcase classname="ds.kurtosis_smk_method_1_both" name="simple_kurtosis_method_1_both_on_LAB_GLUC_ADJUSTED" time="0.00200000000018008"/>
    <testcase classname="ds.kurtosis_smk_method_1_both" name="simple_kurtosis_method_1_both_on_LAB_GLUC_ADJUSTED" time="0.00299999999992906"/>
    <testcase classname="ds.kurtosis_smk_method_1_both" name="simple_kurtosis_method_1_both_on_LAB_GLUC_ADJUSTED" time="0.00199999999995271"/>
    <testcase classname="ds.kurtosis_smk_method_1_both" name="simple_kurtosis_method_1_both_on_PM_BMI_CONTINUOUS" time="1.7639999999999"/>
    <testcase classname="ds.kurtosis_smk_method_1_both" name="simple_kurtosis_method_1_both_on_PM_BMI_CONTINUOUS" time="0.00300000000015643"/>
    <testcase classname="ds.kurtosis_smk_method_1_both" name="simple_kurtosis_method_1_both_on_PM_BMI_CONTINUOUS" time="0.00199999999995271"/>
    <testcase classname="ds.kurtosis_smk_method_1_both" name="simple_kurtosis_method_1_both_on_PM_BMI_CONTINUOUS" time="0.00299999999992906"/>
    <testcase classname="ds.kurtosis_smk_method_1_both" name="simple_kurtosis_method_1_both_on_PM_BMI_CONTINUOUS" time="0.00200000000018008"/>
    <testcase classname="ds.kurtosis_smk_method_1_both" name="simple_kurtosis_method_1_both_on_PM_BMI_CONTINUOUS" time="0.00199999999995271"/>
    <testcase classname="ds.kurtosis_smk_method_1_both" name="simple_kurtosis_method_1_both_on_PM_BMI_CONTINUOUS" time="0.00199999999995271"/>
    <testcase classname="ds.kurtosis_smk_method_1_both" name="simple_kurtosis_method_1_both_on_PM_BMI_CONTINUOUS" time="0.00299999999992906"/>
    <testcase classname="ds.kurtosis_smk_method_1_both" name="simple_kurtosis_method_1_both_on_PM_BMI_CONTINUOUS" time="0.00300000000015643"/>
    <testcase classname="ds.kurtosis_smk_method_1_both" name="simple_kurtosis_method_1_both_on_PM_BMI_CONTINUOUS" time="0.00299999999992906"/>
    <testcase classname="ds.kurtosis_smk_method_1_both" name="simple_kurtosis_method_1_both_on_PM_BMI_CONTINUOUS" time="0.00299999999992906"/>
    <testcase classname="ds.kurtosis_smk_method_1_both" name="simple_kurtosis_method_1_both_on_PM_BMI_CONTINUOUS" time="0.00199999999995271"/>
    <testcase classname="ds.kurtosis_smk_method_1_both" name="simple_kurtosis_method_1_both_on_PM_BMI_CONTINUOUS" time="0.00400000000013279"/>
    <testcase classname="ds.kurtosis_smk_method_1_both" name="simple_kurtosis_method_1_both_on_PM_BMI_CONTINUOUS" time="0.00299999999992906"/>
    <testcase classname="ds.kurtosis_smk_method_1_both" name="simple_kurtosis_method_1_both_on_PM_BMI_CONTINUOUS" time="0.00299999999992906"/>
    <testcase classname="ds.kurtosis_smk_method_1_both" name="simple_kurtosis_method_1_both_on_PM_BMI_CONTINUOUS" time="0.00300000000015643"/>
    <testcase classname="ds.kurtosis_smk_method_1_both" name="simple_kurtosis_method_1_both_on_PM_BMI_CONTINUOUS" time="0.00299999999992906"/>
    <testcase classname="ds.kurtosis_smk_method_1_both" name="simple_kurtosis_method_1_both_on_PM_BMI_CONTINUOUS" time="0.00299999999992906"/>
    <testcase classname="ds.kurtosis_smk_method_1_both" name="simple_kurtosis_method_1_both_on_PM_BMI_CONTINUOUS" time="0.00200000000018008"/>
    <testcase classname="ds.kurtosis_smk_method_1_both" name="simple_kurtosis_method_1_both_on_PM_BMI_CONTINUOUS" time="0.00399999999990541"/>
    <testcase classname="ds.kurtosis_smk_method_1_both" name="simple_kurtosis_method_1_both_on_PM_BMI_CONTINUOUS" time="0.00299999999992906"/>
    <testcase classname="ds.kurtosis_smk_method_1_both" name="simple_kurtosis_method_1_both_on_PM_BMI_CONTINUOUS" time="0.00300000000015643"/>
  </testsuite>
  <testsuite errors="0" failures="0" hostname="fv-az14" name="ds.kurtosis::smk::method 2::split" skipped="0" tests="70" time="6.216" timestamp="2020-10-23T11:22:22Z">
    <testcase classname="ds.kurtosis_smk_method_2_split" name="simple_kurtosis_method_2_split_on_LAB_TSC" time="1.23399999999992"/>
    <testcase classname="ds.kurtosis_smk_method_2_split" name="simple_kurtosis_method_2_split_on_LAB_TSC" time="0.000999999999976353"/>
    <testcase classname="ds.kurtosis_smk_method_2_split" name="simple_kurtosis_method_2_split_on_LAB_TSC" time="0.000999999999976353"/>
    <testcase classname="ds.kurtosis_smk_method_2_split" name="simple_kurtosis_method_2_split_on_LAB_TSC" time="0.000999999999976353"/>
    <testcase classname="ds.kurtosis_smk_method_2_split" name="simple_kurtosis_method_2_split_on_LAB_TSC" time="0.000999999999976353"/>
    <testcase classname="ds.kurtosis_smk_method_2_split" name="simple_kurtosis_method_2_split_on_LAB_TSC" time="0.000999999999976353"/>
    <testcase classname="ds.kurtosis_smk_method_2_split" name="simple_kurtosis_method_2_split_on_LAB_TSC" time="0.00100000000020373"/>
    <testcase classname="ds.kurtosis_smk_method_2_split" name="simple_kurtosis_method_2_split_on_LAB_TSC" time="0.00199999999995271"/>
    <testcase classname="ds.kurtosis_smk_method_2_split" name="simple_kurtosis_method_2_split_on_LAB_TSC" time="0.000999999999976353"/>
    <testcase classname="ds.kurtosis_smk_method_2_split" name="simple_kurtosis_method_2_split_on_LAB_TSC" time="0.00199999999995271"/>
    <testcase classname="ds.kurtosis_smk_method_2_split" name="simple_kurtosis_method_2_split_on_LAB_TSC" time="0.000999999999976353"/>
    <testcase classname="ds.kurtosis_smk_method_2_split" name="simple_kurtosis_method_2_split_on_LAB_TSC" time="0.000999999999976353"/>
    <testcase classname="ds.kurtosis_smk_method_2_split" name="simple_kurtosis_method_2_split_on_LAB_TSC" time="0.000999999999976353"/>
    <testcase classname="ds.kurtosis_smk_method_2_split" name="simple_kurtosis_method_2_split_on_LAB_TSC" time="0.00200000000018008"/>
    <testcase classname="ds.kurtosis_smk_method_2_split" name="simple_kurtosis_method_2_split_on_LAB_TRIG" time="1.21699999999987"/>
    <testcase classname="ds.kurtosis_smk_method_2_split" name="simple_kurtosis_method_2_split_on_LAB_TRIG" time="0.00199999999995271"/>
    <testcase classname="ds.kurtosis_smk_method_2_split" name="simple_kurtosis_method_2_split_on_LAB_TRIG" time="0.00100000000020373"/>
    <testcase classname="ds.kurtosis_smk_method_2_split" name="simple_kurtosis_method_2_split_on_LAB_TRIG" time="0.000999999999976353"/>
    <testcase classname="ds.kurtosis_smk_method_2_split" name="simple_kurtosis_method_2_split_on_LAB_TRIG" time="0.00199999999995271"/>
    <testcase classname="ds.kurtosis_smk_method_2_split" name="simple_kurtosis_method_2_split_on_LAB_TRIG" time="0.000999999999976353"/>
    <testcase classname="ds.kurtosis_smk_method_2_split" name="simple_kurtosis_method_2_split_on_LAB_TRIG" time="0.00199999999995271"/>
    <testcase classname="ds.kurtosis_smk_method_2_split" name="simple_kurtosis_method_2_split_on_LAB_TRIG" time="0.000999999999976353"/>
    <testcase classname="ds.kurtosis_smk_method_2_split" name="simple_kurtosis_method_2_split_on_LAB_TRIG" time="0.000999999999976353"/>
    <testcase classname="ds.kurtosis_smk_method_2_split" name="simple_kurtosis_method_2_split_on_LAB_TRIG" time="0.00200000000018008"/>
    <testcase classname="ds.kurtosis_smk_method_2_split" name="simple_kurtosis_method_2_split_on_LAB_TRIG" time="0.000999999999976353"/>
    <testcase classname="ds.kurtosis_smk_method_2_split" name="simple_kurtosis_method_2_split_on_LAB_TRIG" time="0.00199999999995271"/>
    <testcase classname="ds.kurtosis_smk_method_2_split" name="simple_kurtosis_method_2_split_on_LAB_TRIG" time="0.000999999999976353"/>
    <testcase classname="ds.kurtosis_smk_method_2_split" name="simple_kurtosis_method_2_split_on_LAB_TRIG" time="0.00199999999995271"/>
    <testcase classname="ds.kurtosis_smk_method_2_split" name="simple_kurtosis_method_2_split_on_LAB_HDL" time="1.22000000000003"/>
    <testcase classname="ds.kurtosis_smk_method_2_split" name="simple_kurtosis_method_2_split_on_LAB_HDL" time="0.00199999999995271"/>
    <testcase classname="ds.kurtosis_smk_method_2_split" name="simple_kurtosis_method_2_split_on_LAB_HDL" time="0.00199999999995271"/>
    <testcase classname="ds.kurtosis_smk_method_2_split" name="simple_kurtosis_method_2_split_on_LAB_HDL" time="0.00100000000020373"/>
    <testcase classname="ds.kurtosis_smk_method_2_split" name="simple_kurtosis_method_2_split_on_LAB_HDL" time="0.00199999999995271"/>
    <testcase classname="ds.kurtosis_smk_method_2_split" name="simple_kurtosis_method_2_split_on_LAB_HDL" time="0.00199999999995271"/>
    <testcase classname="ds.kurtosis_smk_method_2_split" name="simple_kurtosis_method_2_split_on_LAB_HDL" time="0.000999999999976353"/>
    <testcase classname="ds.kurtosis_smk_method_2_split" name="simple_kurtosis_method_2_split_on_LAB_HDL" time="0.00199999999995271"/>
    <testcase classname="ds.kurtosis_smk_method_2_split" name="simple_kurtosis_method_2_split_on_LAB_HDL" time="0.00200000000018008"/>
    <testcase classname="ds.kurtosis_smk_method_2_split" name="simple_kurtosis_method_2_split_on_LAB_HDL" time="0.000999999999976353"/>
    <testcase classname="ds.kurtosis_smk_method_2_split" name="simple_kurtosis_method_2_split_on_LAB_HDL" time="0.00199999999995271"/>
    <testcase classname="ds.kurtosis_smk_method_2_split" name="simple_kurtosis_method_2_split_on_LAB_HDL" time="0.00199999999995271"/>
    <testcase classname="ds.kurtosis_smk_method_2_split" name="simple_kurtosis_method_2_split_on_LAB_HDL" time="0.00199999999995271"/>
    <testcase classname="ds.kurtosis_smk_method_2_split" name="simple_kurtosis_method_2_split_on_LAB_HDL" time="0.00199999999995271"/>
    <testcase classname="ds.kurtosis_smk_method_2_split" name="simple_kurtosis_method_2_split_on_LAB_GLUC_ADJUSTED" time="1.2170000000001"/>
    <testcase classname="ds.kurtosis_smk_method_2_split" name="simple_kurtosis_method_2_split_on_LAB_GLUC_ADJUSTED" time="0.00199999999995271"/>
    <testcase classname="ds.kurtosis_smk_method_2_split" name="simple_kurtosis_method_2_split_on_LAB_GLUC_ADJUSTED" time="0.00199999999995271"/>
    <testcase classname="ds.kurtosis_smk_method_2_split" name="simple_kurtosis_method_2_split_on_LAB_GLUC_ADJUSTED" time="0.00200000000018008"/>
    <testcase classname="ds.kurtosis_smk_method_2_split" name="simple_kurtosis_method_2_split_on_LAB_GLUC_ADJUSTED" time="0.00199999999995271"/>
    <testcase classname="ds.kurtosis_smk_method_2_split" name="simple_kurtosis_method_2_split_on_LAB_GLUC_ADJUSTED" time="0.000999999999976353"/>
    <testcase classname="ds.kurtosis_smk_method_2_split" name="simple_kurtosis_method_2_split_on_LAB_GLUC_ADJUSTED" time="0.00199999999995271"/>
    <testcase classname="ds.kurtosis_smk_method_2_split" name="simple_kurtosis_method_2_split_on_LAB_GLUC_ADJUSTED" time="0.00199999999995271"/>
    <testcase classname="ds.kurtosis_smk_method_2_split" name="simple_kurtosis_method_2_split_on_LAB_GLUC_ADJUSTED" time="0.00200000000018008"/>
    <testcase classname="ds.kurtosis_smk_method_2_split" name="simple_kurtosis_method_2_split_on_LAB_GLUC_ADJUSTED" time="0.00900000000001455"/>
    <testcase classname="ds.kurtosis_smk_method_2_split" name="simple_kurtosis_method_2_split_on_LAB_GLUC_ADJUSTED" time="0.000999999999976353"/>
    <testcase classname="ds.kurtosis_smk_method_2_split" name="simple_kurtosis_method_2_split_on_LAB_GLUC_ADJUSTED" time="0.00199999999995271"/>
    <testcase classname="ds.kurtosis_smk_method_2_split" name="simple_kurtosis_method_2_split_on_LAB_GLUC_ADJUSTED" time="0.00199999999995271"/>
    <testcase classname="ds.kurtosis_smk_method_2_split" name="simple_kurtosis_method_2_split_on_LAB_GLUC_ADJUSTED" time="0.00199999999995271"/>
    <testcase classname="ds.kurtosis_smk_method_2_split" name="simple_kurtosis_method_2_split_on_PM_BMI_CONTINUOUS" time="1.21299999999997"/>
    <testcase classname="ds.kurtosis_smk_method_2_split" name="simple_kurtosis_method_2_split_on_PM_BMI_CONTINUOUS" time="0.00200000000018008"/>
    <testcase classname="ds.kurtosis_smk_method_2_split" name="simple_kurtosis_method_2_split_on_PM_BMI_CONTINUOUS" time="0.00199999999995271"/>
    <testcase classname="ds.kurtosis_smk_method_2_split" name="simple_kurtosis_method_2_split_on_PM_BMI_CONTINUOUS" time="0.00199999999995271"/>
    <testcase classname="ds.kurtosis_smk_method_2_split" name="simple_kurtosis_method_2_split_on_PM_BMI_CONTINUOUS" time="0.000999999999976353"/>
    <testcase classname="ds.kurtosis_smk_method_2_split" name="simple_kurtosis_method_2_split_on_PM_BMI_CONTINUOUS" time="0.00300000000015643"/>
    <testcase classname="ds.kurtosis_smk_method_2_split" name="simple_kurtosis_method_2_split_on_PM_BMI_CONTINUOUS" time="0.00199999999995271"/>
    <testcase classname="ds.kurtosis_smk_method_2_split" name="simple_kurtosis_method_2_split_on_PM_BMI_CONTINUOUS" time="0.00199999999995271"/>
    <testcase classname="ds.kurtosis_smk_method_2_split" name="simple_kurtosis_method_2_split_on_PM_BMI_CONTINUOUS" time="0.00199999999995271"/>
    <testcase classname="ds.kurtosis_smk_method_2_split" name="simple_kurtosis_method_2_split_on_PM_BMI_CONTINUOUS" time="0.00199999999995271"/>
    <testcase classname="ds.kurtosis_smk_method_2_split" name="simple_kurtosis_method_2_split_on_PM_BMI_CONTINUOUS" time="0.00200000000018008"/>
    <testcase classname="ds.kurtosis_smk_method_2_split" name="simple_kurtosis_method_2_split_on_PM_BMI_CONTINUOUS" time="0.00199999999995271"/>
    <testcase classname="ds.kurtosis_smk_method_2_split" name="simple_kurtosis_method_2_split_on_PM_BMI_CONTINUOUS" time="0.00199999999995271"/>
    <testcase classname="ds.kurtosis_smk_method_2_split" name="simple_kurtosis_method_2_split_on_PM_BMI_CONTINUOUS" time="0.00199999999995271"/>
  </testsuite>
  <testsuite errors="0" failures="0" hostname="fv-az14" name="ds.kurtosis::smk::method 2::combine" skipped="0" tests="40" time="7.505" timestamp="2020-10-23T11:22:28Z">
    <testcase classname="ds.kurtosis_smk_method_2_combine" name="simple_kurtosis_combine_on_LAB_TSC" time="1.49199999999996"/>
    <testcase classname="ds.kurtosis_smk_method_2_combine" name="simple_kurtosis_combine_on_LAB_TSC" time="0.00200000000018008"/>
    <testcase classname="ds.kurtosis_smk_method_2_combine" name="simple_kurtosis_combine_on_LAB_TSC" time="0.000999999999976353"/>
    <testcase classname="ds.kurtosis_smk_method_2_combine" name="simple_kurtosis_combine_on_LAB_TSC" time="0.000999999999976353"/>
    <testcase classname="ds.kurtosis_smk_method_2_combine" name="simple_kurtosis_combine_on_LAB_TSC" time="0.000999999999976353"/>
    <testcase classname="ds.kurtosis_smk_method_2_combine" name="simple_kurtosis_combine_on_LAB_TSC" time="0.000999999999976353"/>
    <testcase classname="ds.kurtosis_smk_method_2_combine" name="simple_kurtosis_combine_on_LAB_TSC" time="0.000999999999976353"/>
    <testcase classname="ds.kurtosis_smk_method_2_combine" name="simple_kurtosis_combine_on_LAB_TSC" time="0.00199999999995271"/>
    <testcase classname="ds.kurtosis_smk_method_2_combine" name="simple_kurtosis_method_2_combine_on_LAB_TRIG" time="1.5150000000001"/>
    <testcase classname="ds.kurtosis_smk_method_2_combine" name="simple_kurtosis_method_2_combine_on_LAB_TRIG" time="0.000999999999976353"/>
    <testcase classname="ds.kurtosis_smk_method_2_combine" name="simple_kurtosis_method_2_combine_on_LAB_TRIG" time="0.00199999999995271"/>
    <testcase classname="ds.kurtosis_smk_method_2_combine" name="simple_kurtosis_method_2_combine_on_LAB_TRIG" time="0.000999999999976353"/>
    <testcase classname="ds.kurtosis_smk_method_2_combine" name="simple_kurtosis_method_2_combine_on_LAB_TRIG" time="0.000999999999976353"/>
    <testcase classname="ds.kurtosis_smk_method_2_combine" name="simple_kurtosis_method_2_combine_on_LAB_TRIG" time="0.000999999999976353"/>
    <testcase classname="ds.kurtosis_smk_method_2_combine" name="simple_kurtosis_method_2_combine_on_LAB_TRIG" time="0.00100000000020373"/>
    <testcase classname="ds.kurtosis_smk_method_2_combine" name="simple_kurtosis_method_2_combine_on_LAB_TRIG" time="0.00299999999992906"/>
    <testcase classname="ds.kurtosis_smk_method_2_combine" name="simple_kurtosis_method_2_combine_on_LAB_HDL" time="1.48000000000002"/>
    <testcase classname="ds.kurtosis_smk_method_2_combine" name="simple_kurtosis_method_2_combine_on_LAB_HDL" time="0.000999999999976353"/>
    <testcase classname="ds.kurtosis_smk_method_2_combine" name="simple_kurtosis_method_2_combine_on_LAB_HDL" time="0.000999999999976353"/>
    <testcase classname="ds.kurtosis_smk_method_2_combine" name="simple_kurtosis_method_2_combine_on_LAB_HDL" time="0.00199999999995271"/>
    <testcase classname="ds.kurtosis_smk_method_2_combine" name="simple_kurtosis_method_2_combine_on_LAB_HDL" time="0.000999999999976353"/>
    <testcase classname="ds.kurtosis_smk_method_2_combine" name="simple_kurtosis_method_2_combine_on_LAB_HDL" time="0.00100000000020373"/>
    <testcase classname="ds.kurtosis_smk_method_2_combine" name="simple_kurtosis_method_2_combine_on_LAB_HDL" time="0.00199999999995271"/>
    <testcase classname="ds.kurtosis_smk_method_2_combine" name="simple_kurtosis_method_2_combine_on_LAB_HDL" time="0.000999999999976353"/>
    <testcase classname="ds.kurtosis_smk_method_2_combine" name="simple_kurtosis_method_2_combine_on_LAB_GLUC_ADJUSTED" time="1.48299999999995"/>
    <testcase classname="ds.kurtosis_smk_method_2_combine" name="simple_kurtosis_method_2_combine_on_LAB_GLUC_ADJUSTED" time="0.000999999999976353"/>
    <testcase classname="ds.kurtosis_smk_method_2_combine" name="simple_kurtosis_method_2_combine_on_LAB_GLUC_ADJUSTED" time="0.00199999999995271"/>
    <testcase classname="ds.kurtosis_smk_method_2_combine" name="simple_kurtosis_method_2_combine_on_LAB_GLUC_ADJUSTED" time="0.00100000000020373"/>
    <testcase classname="ds.kurtosis_smk_method_2_combine" name="simple_kurtosis_method_2_combine_on_LAB_GLUC_ADJUSTED" time="0.00199999999995271"/>
    <testcase classname="ds.kurtosis_smk_method_2_combine" name="simple_kurtosis_method_2_combine_on_LAB_GLUC_ADJUSTED" time="0.000999999999976353"/>
    <testcase classname="ds.kurtosis_smk_method_2_combine" name="simple_kurtosis_method_2_combine_on_LAB_GLUC_ADJUSTED" time="0.00199999999995271"/>
    <testcase classname="ds.kurtosis_smk_method_2_combine" name="simple_kurtosis_method_2_combine_on_LAB_GLUC_ADJUSTED" time="0.00199999999995271"/>
    <testcase classname="ds.kurtosis_smk_method_2_combine" name="simple_kurtosis_method_2_combine_on_PM_BMI_CONTINUOUS" time="1.4860000000001"/>
    <testcase classname="ds.kurtosis_smk_method_2_combine" name="simple_kurtosis_method_2_combine_on_PM_BMI_CONTINUOUS" time="0.000999999999976353"/>
    <testcase classname="ds.kurtosis_smk_method_2_combine" name="simple_kurtosis_method_2_combine_on_PM_BMI_CONTINUOUS" time="0.00199999999995271"/>
    <testcase classname="ds.kurtosis_smk_method_2_combine" name="simple_kurtosis_method_2_combine_on_PM_BMI_CONTINUOUS" time="0.000999999999976353"/>
    <testcase classname="ds.kurtosis_smk_method_2_combine" name="simple_kurtosis_method_2_combine_on_PM_BMI_CONTINUOUS" time="0.000999999999976353"/>
    <testcase classname="ds.kurtosis_smk_method_2_combine" name="simple_kurtosis_method_2_combine_on_PM_BMI_CONTINUOUS" time="0.00200000000018008"/>
    <testcase classname="ds.kurtosis_smk_method_2_combine" name="simple_kurtosis_method_2_combine_on_PM_BMI_CONTINUOUS" time="0.000999999999976353"/>
    <testcase classname="ds.kurtosis_smk_method_2_combine" name="simple_kurtosis_method_2_combine_on_PM_BMI_CONTINUOUS" time="0.00199999999995271"/>
  </testsuite>
  <testsuite errors="0" failures="0" hostname="fv-az14" name="ds.kurtosis::smk::method 2::both" skipped="0" tests="110" time="8.956" timestamp="2020-10-23T11:22:36Z">
    <testcase classname="ds.kurtosis_smk_method_2_both" name="simple_kurtosis_both_on_LAB_TSC" time="1.75499999999988"/>
    <testcase classname="ds.kurtosis_smk_method_2_both" name="simple_kurtosis_both_on_LAB_TSC" time="0.000999999999976353"/>
    <testcase classname="ds.kurtosis_smk_method_2_both" name="simple_kurtosis_both_on_LAB_TSC" time="0.00100000000020373"/>
    <testcase classname="ds.kurtosis_smk_method_2_both" name="simple_kurtosis_both_on_LAB_TSC" time="0.000999999999976353"/>
    <testcase classname="ds.kurtosis_smk_method_2_both" name="simple_kurtosis_both_on_LAB_TSC" time="0.000999999999976353"/>
    <testcase classname="ds.kurtosis_smk_method_2_both" name="simple_kurtosis_both_on_LAB_TSC" time="0.000999999999976353"/>
    <testcase classname="ds.kurtosis_smk_method_2_both" name="simple_kurtosis_both_on_LAB_TSC" time="0.000999999999976353"/>
    <testcase classname="ds.kurtosis_smk_method_2_both" name="simple_kurtosis_both_on_LAB_TSC" time="0.000999999999976353"/>
    <testcase classname="ds.kurtosis_smk_method_2_both" name="simple_kurtosis_both_on_LAB_TSC" time="0.000999999999976353"/>
    <testcase classname="ds.kurtosis_smk_method_2_both" name="simple_kurtosis_both_on_LAB_TSC" time="0.000999999999976353"/>
    <testcase classname="ds.kurtosis_smk_method_2_both" name="simple_kurtosis_both_on_LAB_TSC" time="0.000999999999976353"/>
    <testcase classname="ds.kurtosis_smk_method_2_both" name="simple_kurtosis_both_on_LAB_TSC" time="0.00100000000020373"/>
    <testcase classname="ds.kurtosis_smk_method_2_both" name="simple_kurtosis_both_on_LAB_TSC" time="0.00199999999995271"/>
    <testcase classname="ds.kurtosis_smk_method_2_both" name="simple_kurtosis_both_on_LAB_TSC" time="0.000999999999976353"/>
    <testcase classname="ds.kurtosis_smk_method_2_both" name="simple_kurtosis_both_on_LAB_TSC" time="0.000999999999976353"/>
    <testcase classname="ds.kurtosis_smk_method_2_both" name="simple_kurtosis_both_on_LAB_TSC" time="0.000999999999976353"/>
    <testcase classname="ds.kurtosis_smk_method_2_both" name="simple_kurtosis_both_on_LAB_TSC" time="0.000999999999976353"/>
    <testcase classname="ds.kurtosis_smk_method_2_both" name="simple_kurtosis_both_on_LAB_TSC" time="0.000999999999976353"/>
    <testcase classname="ds.kurtosis_smk_method_2_both" name="simple_kurtosis_both_on_LAB_TSC" time="0.000999999999976353"/>
    <testcase classname="ds.kurtosis_smk_method_2_both" name="simple_kurtosis_both_on_LAB_TSC" time="0.00100000000020373"/>
    <testcase classname="ds.kurtosis_smk_method_2_both" name="simple_kurtosis_both_on_LAB_TSC" time="0.00199999999995271"/>
    <testcase classname="ds.kurtosis_smk_method_2_both" name="simple_kurtosis_both_on_LAB_TSC" time="0.000999999999976353"/>
    <testcase classname="ds.kurtosis_smk_method_2_both" name="simple_kurtosis_method_2_both_on_LAB_TRIG" time="1.75099999999998"/>
    <testcase classname="ds.kurtosis_smk_method_2_both" name="simple_kurtosis_method_2_both_on_LAB_TRIG" time="0.00199999999995271"/>
    <testcase classname="ds.kurtosis_smk_method_2_both" name="simple_kurtosis_method_2_both_on_LAB_TRIG" time="0.00100000000020373"/>
    <testcase classname="ds.kurtosis_smk_method_2_both" name="simple_kurtosis_method_2_both_on_LAB_TRIG" time="0.00199999999995271"/>
    <testcase classname="ds.kurtosis_smk_method_2_both" name="simple_kurtosis_method_2_both_on_LAB_TRIG" time="0.000999999999748979"/>
    <testcase classname="ds.kurtosis_smk_method_2_both" name="simple_kurtosis_method_2_both_on_LAB_TRIG" time="0.00199999999995271"/>
    <testcase classname="ds.kurtosis_smk_method_2_both" name="simple_kurtosis_method_2_both_on_LAB_TRIG" time="0.00100000000020373"/>
    <testcase classname="ds.kurtosis_smk_method_2_both" name="simple_kurtosis_method_2_both_on_LAB_TRIG" time="0.000999999999748979"/>
    <testcase classname="ds.kurtosis_smk_method_2_both" name="simple_kurtosis_method_2_both_on_LAB_TRIG" time="0.00200000000040745"/>
    <testcase classname="ds.kurtosis_smk_method_2_both" name="simple_kurtosis_method_2_both_on_LAB_TRIG" time="0.000999999999748979"/>
    <testcase classname="ds.kurtosis_smk_method_2_both" name="simple_kurtosis_method_2_both_on_LAB_TRIG" time="0.00199999999995271"/>
    <testcase classname="ds.kurtosis_smk_method_2_both" name="simple_kurtosis_method_2_both_on_LAB_TRIG" time="0.00100000000020373"/>
    <testcase classname="ds.kurtosis_smk_method_2_both" name="simple_kurtosis_method_2_both_on_LAB_TRIG" time="0.000999999999748979"/>
    <testcase classname="ds.kurtosis_smk_method_2_both" name="simple_kurtosis_method_2_both_on_LAB_TRIG" time="0.00199999999995271"/>
    <testcase classname="ds.kurtosis_smk_method_2_both" name="simple_kurtosis_method_2_both_on_LAB_TRIG" time="0.00200000000040745"/>
    <testcase classname="ds.kurtosis_smk_method_2_both" name="simple_kurtosis_method_2_both_on_LAB_TRIG" time="0.000999999999748979"/>
    <testcase classname="ds.kurtosis_smk_method_2_both" name="simple_kurtosis_method_2_both_on_LAB_TRIG" time="0.00100000000020373"/>
    <testcase classname="ds.kurtosis_smk_method_2_both" name="simple_kurtosis_method_2_both_on_LAB_TRIG" time="0.00199999999995271"/>
    <testcase classname="ds.kurtosis_smk_method_2_both" name="simple_kurtosis_method_2_both_on_LAB_TRIG" time="0.00199999999995271"/>
    <testcase classname="ds.kurtosis_smk_method_2_both" name="simple_kurtosis_method_2_both_on_LAB_TRIG" time="0.000999999999748979"/>
    <testcase classname="ds.kurtosis_smk_method_2_both" name="simple_kurtosis_method_2_both_on_LAB_TRIG" time="0.00200000000040745"/>
    <testcase classname="ds.kurtosis_smk_method_2_both" name="simple_kurtosis_method_2_both_on_LAB_TRIG" time="0.000999999999748979"/>
    <testcase classname="ds.kurtosis_smk_method_2_both" name="simple_kurtosis_method_2_both_on_LAB_HDL" time="1.74699999999984"/>
    <testcase classname="ds.kurtosis_smk_method_2_both" name="simple_kurtosis_method_2_both_on_LAB_HDL" time="0.00200000000040745"/>
    <testcase classname="ds.kurtosis_smk_method_2_both" name="simple_kurtosis_method_2_both_on_LAB_HDL" time="0.00199999999995271"/>
    <testcase classname="ds.kurtosis_smk_method_2_both" name="simple_kurtosis_method_2_both_on_LAB_HDL" time="0.000999999999748979"/>
    <testcase classname="ds.kurtosis_smk_method_2_both" name="simple_kurtosis_method_2_both_on_LAB_HDL" time="0.00199999999995271"/>
    <testcase classname="ds.kurtosis_smk_method_2_both" name="simple_kurtosis_method_2_both_on_LAB_HDL" time="0.00199999999995271"/>
    <testcase classname="ds.kurtosis_smk_method_2_both" name="simple_kurtosis_method_2_both_on_LAB_HDL" time="0.00200000000040745"/>
    <testcase classname="ds.kurtosis_smk_method_2_both" name="simple_kurtosis_method_2_both_on_LAB_HDL" time="0.00199999999995271"/>
    <testcase classname="ds.kurtosis_smk_method_2_both" name="simple_kurtosis_method_2_both_on_LAB_HDL" time="0.00199999999995271"/>
    <testcase classname="ds.kurtosis_smk_method_2_both" name="simple_kurtosis_method_2_both_on_LAB_HDL" time="0.00199999999995271"/>
    <testcase classname="ds.kurtosis_smk_method_2_both" name="simple_kurtosis_method_2_both_on_LAB_HDL" time="0.000999999999748979"/>
    <testcase classname="ds.kurtosis_smk_method_2_both" name="simple_kurtosis_method_2_both_on_LAB_HDL" time="0.00199999999995271"/>
    <testcase classname="ds.kurtosis_smk_method_2_both" name="simple_kurtosis_method_2_both_on_LAB_HDL" time="0.00200000000040745"/>
    <testcase classname="ds.kurtosis_smk_method_2_both" name="simple_kurtosis_method_2_both_on_LAB_HDL" time="0.00199999999995271"/>
    <testcase classname="ds.kurtosis_smk_method_2_both" name="simple_kurtosis_method_2_both_on_LAB_HDL" time="0.00199999999995271"/>
    <testcase classname="ds.kurtosis_smk_method_2_both" name="simple_kurtosis_method_2_both_on_LAB_HDL" time="0.00199999999995271"/>
    <testcase classname="ds.kurtosis_smk_method_2_both" name="simple_kurtosis_method_2_both_on_LAB_HDL" time="0.000999999999748979"/>
    <testcase classname="ds.kurtosis_smk_method_2_both" name="simple_kurtosis_method_2_both_on_LAB_HDL" time="0.00200000000040745"/>
    <testcase classname="ds.kurtosis_smk_method_2_both" name="simple_kurtosis_method_2_both_on_LAB_HDL" time="0.00199999999995271"/>
    <testcase classname="ds.kurtosis_smk_method_2_both" name="simple_kurtosis_method_2_both_on_LAB_HDL" time="0.00199999999995271"/>
    <testcase classname="ds.kurtosis_smk_method_2_both" name="simple_kurtosis_method_2_both_on_LAB_HDL" time="0.00199999999995271"/>
    <testcase classname="ds.kurtosis_smk_method_2_both" name="simple_kurtosis_method_2_both_on_LAB_HDL" time="0.00199999999995271"/>
    <testcase classname="ds.kurtosis_smk_method_2_both" name="simple_kurtosis_method_2_both_on_LAB_GLUC_ADJUSTED" time="1.73700000000008"/>
    <testcase classname="ds.kurtosis_smk_method_2_both" name="simple_kurtosis_method_2_both_on_LAB_GLUC_ADJUSTED" time="0.00299999999970169"/>
    <testcase classname="ds.kurtosis_smk_method_2_both" name="simple_kurtosis_method_2_both_on_LAB_GLUC_ADJUSTED" time="0.00200000000040745"/>
    <testcase classname="ds.kurtosis_smk_method_2_both" name="simple_kurtosis_method_2_both_on_LAB_GLUC_ADJUSTED" time="0.00199999999995271"/>
    <testcase classname="ds.kurtosis_smk_method_2_both" name="simple_kurtosis_method_2_both_on_LAB_GLUC_ADJUSTED" time="0.0109999999999673"/>
    <testcase classname="ds.kurtosis_smk_method_2_both" name="simple_kurtosis_method_2_both_on_LAB_GLUC_ADJUSTED" time="0.00199999999995271"/>
    <testcase classname="ds.kurtosis_smk_method_2_both" name="simple_kurtosis_method_2_both_on_LAB_GLUC_ADJUSTED" time="0.00299999999970169"/>
    <testcase classname="ds.kurtosis_smk_method_2_both" name="simple_kurtosis_method_2_both_on_LAB_GLUC_ADJUSTED" time="0.00200000000040745"/>
    <testcase classname="ds.kurtosis_smk_method_2_both" name="simple_kurtosis_method_2_both_on_LAB_GLUC_ADJUSTED" time="0.00199999999995271"/>
    <testcase classname="ds.kurtosis_smk_method_2_both" name="simple_kurtosis_method_2_both_on_LAB_GLUC_ADJUSTED" time="0.00199999999995271"/>
    <testcase classname="ds.kurtosis_smk_method_2_both" name="simple_kurtosis_method_2_both_on_LAB_GLUC_ADJUSTED" time="0.00299999999970169"/>
    <testcase classname="ds.kurtosis_smk_method_2_both" name="simple_kurtosis_method_2_both_on_LAB_GLUC_ADJUSTED" time="0.00200000000040745"/>
    <testcase classname="ds.kurtosis_smk_method_2_both" name="simple_kurtosis_method_2_both_on_LAB_GLUC_ADJUSTED" time="0.00199999999995271"/>
    <testcase classname="ds.kurtosis_smk_method_2_both" name="simple_kurtosis_method_2_both_on_LAB_GLUC_ADJUSTED" time="0.00199999999995271"/>
    <testcase classname="ds.kurtosis_smk_method_2_both" name="simple_kurtosis_method_2_both_on_LAB_GLUC_ADJUSTED" time="0.00199999999995271"/>
    <testcase classname="ds.kurtosis_smk_method_2_both" name="simple_kurtosis_method_2_both_on_LAB_GLUC_ADJUSTED" time="0.00199999999995271"/>
    <testcase classname="ds.kurtosis_smk_method_2_both" name="simple_kurtosis_method_2_both_on_LAB_GLUC_ADJUSTED" time="0.00300000000015643"/>
    <testcase classname="ds.kurtosis_smk_method_2_both" name="simple_kurtosis_method_2_both_on_LAB_GLUC_ADJUSTED" time="0.00199999999995271"/>
    <testcase classname="ds.kurtosis_smk_method_2_both" name="simple_kurtosis_method_2_both_on_LAB_GLUC_ADJUSTED" time="0.00299999999970169"/>
    <testcase classname="ds.kurtosis_smk_method_2_both" name="simple_kurtosis_method_2_both_on_LAB_GLUC_ADJUSTED" time="0.00199999999995271"/>
    <testcase classname="ds.kurtosis_smk_method_2_both" name="simple_kurtosis_method_2_both_on_LAB_GLUC_ADJUSTED" time="0.00200000000040745"/>
    <testcase classname="ds.kurtosis_smk_method_2_both" name="simple_kurtosis_method_2_both_on_LAB_GLUC_ADJUSTED" time="0.00299999999970169"/>
    <testcase classname="ds.kurtosis_smk_method_2_both" name="simple_kurtosis_method_2_both_on_PM_BMI_CONTINUOUS" time="1.75800000000027"/>
    <testcase classname="ds.kurtosis_smk_method_2_both" name="simple_kurtosis_method_2_both_on_PM_BMI_CONTINUOUS" time="0.00299999999970169"/>
    <testcase classname="ds.kurtosis_smk_method_2_both" name="simple_kurtosis_method_2_both_on_PM_BMI_CONTINUOUS" time="0.00199999999995271"/>
    <testcase classname="ds.kurtosis_smk_method_2_both" name="simple_kurtosis_method_2_both_on_PM_BMI_CONTINUOUS" time="0.00300000000015643"/>
    <testcase classname="ds.kurtosis_smk_method_2_both" name="simple_kurtosis_method_2_both_on_PM_BMI_CONTINUOUS" time="0.00300000000015643"/>
    <testcase classname="ds.kurtosis_smk_method_2_both" name="simple_kurtosis_method_2_both_on_PM_BMI_CONTINUOUS" time="0.00299999999970169"/>
    <testcase classname="ds.kurtosis_smk_method_2_both" name="simple_kurtosis_method_2_both_on_PM_BMI_CONTINUOUS" time="0.00199999999995271"/>
    <testcase classname="ds.kurtosis_smk_method_2_both" name="simple_kurtosis_method_2_both_on_PM_BMI_CONTINUOUS" time="0.00300000000015643"/>
    <testcase classname="ds.kurtosis_smk_method_2_both" name="simple_kurtosis_method_2_both_on_PM_BMI_CONTINUOUS" time="0.00199999999995271"/>
    <testcase classname="ds.kurtosis_smk_method_2_both" name="simple_kurtosis_method_2_both_on_PM_BMI_CONTINUOUS" time="0.00199999999995271"/>
    <testcase classname="ds.kurtosis_smk_method_2_both" name="simple_kurtosis_method_2_both_on_PM_BMI_CONTINUOUS" time="0.00300000000015643"/>
    <testcase classname="ds.kurtosis_smk_method_2_both" name="simple_kurtosis_method_2_both_on_PM_BMI_CONTINUOUS" time="0.00299999999970169"/>
    <testcase classname="ds.kurtosis_smk_method_2_both" name="simple_kurtosis_method_2_both_on_PM_BMI_CONTINUOUS" time="0.00300000000015643"/>
    <testcase classname="ds.kurtosis_smk_method_2_both" name="simple_kurtosis_method_2_both_on_PM_BMI_CONTINUOUS" time="0.00199999999995271"/>
    <testcase classname="ds.kurtosis_smk_method_2_both" name="simple_kurtosis_method_2_both_on_PM_BMI_CONTINUOUS" time="0.00300000000015643"/>
    <testcase classname="ds.kurtosis_smk_method_2_both" name="simple_kurtosis_method_2_both_on_PM_BMI_CONTINUOUS" time="0.00299999999970169"/>
    <testcase classname="ds.kurtosis_smk_method_2_both" name="simple_kurtosis_method_2_both_on_PM_BMI_CONTINUOUS" time="0.00300000000015643"/>
    <testcase classname="ds.kurtosis_smk_method_2_both" name="simple_kurtosis_method_2_both_on_PM_BMI_CONTINUOUS" time="0.00300000000015643"/>
    <testcase classname="ds.kurtosis_smk_method_2_both" name="simple_kurtosis_method_2_both_on_PM_BMI_CONTINUOUS" time="0.00299999999970169"/>
    <testcase classname="ds.kurtosis_smk_method_2_both" name="simple_kurtosis_method_2_both_on_PM_BMI_CONTINUOUS" time="0.00300000000015643"/>
    <testcase classname="ds.kurtosis_smk_method_2_both" name="simple_kurtosis_method_2_both_on_PM_BMI_CONTINUOUS" time="0.00300000000015643"/>
    <testcase classname="ds.kurtosis_smk_method_2_both" name="simple_kurtosis_method_2_both_on_PM_BMI_CONTINUOUS" time="0.00299999999970169"/>
  </testsuite>
  <testsuite errors="0" failures="0" hostname="fv-az14" name="ds.kurtosis::smk::method 3::split" skipped="0" tests="70" time="6.228" timestamp="2020-10-23T11:22:45Z">
    <testcase classname="ds.kurtosis_smk_method_3_split" name="simple_kurtosis_method_3_split_on_LAB_TSC" time="1.22499999999991"/>
    <testcase classname="ds.kurtosis_smk_method_3_split" name="simple_kurtosis_method_3_split_on_LAB_TSC" time="0.00100000000020373"/>
    <testcase classname="ds.kurtosis_smk_method_3_split" name="simple_kurtosis_method_3_split_on_LAB_TSC" time="0.00100000000020373"/>
    <testcase classname="ds.kurtosis_smk_method_3_split" name="simple_kurtosis_method_3_split_on_LAB_TSC" time="0.000999999999748979"/>
    <testcase classname="ds.kurtosis_smk_method_3_split" name="simple_kurtosis_method_3_split_on_LAB_TSC" time="0.00199999999995271"/>
    <testcase classname="ds.kurtosis_smk_method_3_split" name="simple_kurtosis_method_3_split_on_LAB_TSC" time="0.00100000000020373"/>
    <testcase classname="ds.kurtosis_smk_method_3_split" name="simple_kurtosis_method_3_split_on_LAB_TSC" time="0.000999999999748979"/>
    <testcase classname="ds.kurtosis_smk_method_3_split" name="simple_kurtosis_method_3_split_on_LAB_TSC" time="0.00100000000020373"/>
    <testcase classname="ds.kurtosis_smk_method_3_split" name="simple_kurtosis_method_3_split_on_LAB_TSC" time="0.000999999999748979"/>
    <testcase classname="ds.kurtosis_smk_method_3_split" name="simple_kurtosis_method_3_split_on_LAB_TSC" time="0.00200000000040745"/>
    <testcase classname="ds.kurtosis_smk_method_3_split" name="simple_kurtosis_method_3_split_on_LAB_TSC" time="0.000999999999748979"/>
    <testcase classname="ds.kurtosis_smk_method_3_split" name="simple_kurtosis_method_3_split_on_LAB_TSC" time="0.00100000000020373"/>
    <testcase classname="ds.kurtosis_smk_method_3_split" name="simple_kurtosis_method_3_split_on_LAB_TSC" time="0.000999999999748979"/>
    <testcase classname="ds.kurtosis_smk_method_3_split" name="simple_kurtosis_method_3_split_on_LAB_TSC" time="0.00199999999995271"/>
    <testcase classname="ds.kurtosis_smk_method_3_split" name="simple_kurtosis_method_3_split_on_LAB_TRIG" time="1.20900000000029"/>
    <testcase classname="ds.kurtosis_smk_method_3_split" name="simple_kurtosis_method_3_split_on_LAB_TRIG" time="0.000999999999748979"/>
    <testcase classname="ds.kurtosis_smk_method_3_split" name="simple_kurtosis_method_3_split_on_LAB_TRIG" time="0.00199999999995271"/>
    <testcase classname="ds.kurtosis_smk_method_3_split" name="simple_kurtosis_method_3_split_on_LAB_TRIG" time="0.00100000000020373"/>
    <testcase classname="ds.kurtosis_smk_method_3_split" name="simple_kurtosis_method_3_split_on_LAB_TRIG" time="0.000999999999748979"/>
    <testcase classname="ds.kurtosis_smk_method_3_split" name="simple_kurtosis_method_3_split_on_LAB_TRIG" time="0.00199999999995271"/>
    <testcase classname="ds.kurtosis_smk_method_3_split" name="simple_kurtosis_method_3_split_on_LAB_TRIG" time="0.00100000000020373"/>
    <testcase classname="ds.kurtosis_smk_method_3_split" name="simple_kurtosis_method_3_split_on_LAB_TRIG" time="0.00100000000020373"/>
    <testcase classname="ds.kurtosis_smk_method_3_split" name="simple_kurtosis_method_3_split_on_LAB_TRIG" time="0.000999999999748979"/>
    <testcase classname="ds.kurtosis_smk_method_3_split" name="simple_kurtosis_method_3_split_on_LAB_TRIG" time="0.00199999999995271"/>
    <testcase classname="ds.kurtosis_smk_method_3_split" name="simple_kurtosis_method_3_split_on_LAB_TRIG" time="0.00100000000020373"/>
    <testcase classname="ds.kurtosis_smk_method_3_split" name="simple_kurtosis_method_3_split_on_LAB_TRIG" time="0.00199999999995271"/>
    <testcase classname="ds.kurtosis_smk_method_3_split" name="simple_kurtosis_method_3_split_on_LAB_TRIG" time="0.000999999999748979"/>
    <testcase classname="ds.kurtosis_smk_method_3_split" name="simple_kurtosis_method_3_split_on_LAB_TRIG" time="0.00200000000040745"/>
    <testcase classname="ds.kurtosis_smk_method_3_split" name="simple_kurtosis_method_3_split_on_LAB_HDL" time="1.22299999999996"/>
    <testcase classname="ds.kurtosis_smk_method_3_split" name="simple_kurtosis_method_3_split_on_LAB_HDL" time="0.00199999999995271"/>
    <testcase classname="ds.kurtosis_smk_method_3_split" name="simple_kurtosis_method_3_split_on_LAB_HDL" time="0.000999999999748979"/>
    <testcase classname="ds.kurtosis_smk_method_3_split" name="simple_kurtosis_method_3_split_on_LAB_HDL" time="0.00199999999995271"/>
    <testcase classname="ds.kurtosis_smk_method_3_split" name="simple_kurtosis_method_3_split_on_LAB_HDL" time="0.00200000000040745"/>
    <testcase classname="ds.kurtosis_smk_method_3_split" name="simple_kurtosis_method_3_split_on_LAB_HDL" time="0.00199999999995271"/>
    <testcase classname="ds.kurtosis_smk_method_3_split" name="simple_kurtosis_method_3_split_on_LAB_HDL" time="0.00199999999995271"/>
    <testcase classname="ds.kurtosis_smk_method_3_split" name="simple_kurtosis_method_3_split_on_LAB_HDL" time="0.00199999999995271"/>
    <testcase classname="ds.kurtosis_smk_method_3_split" name="simple_kurtosis_method_3_split_on_LAB_HDL" time="0.000999999999748979"/>
    <testcase classname="ds.kurtosis_smk_method_3_split" name="simple_kurtosis_method_3_split_on_LAB_HDL" time="0.00199999999995271"/>
    <testcase classname="ds.kurtosis_smk_method_3_split" name="simple_kurtosis_method_3_split_on_LAB_HDL" time="0.00200000000040745"/>
    <testcase classname="ds.kurtosis_smk_method_3_split" name="simple_kurtosis_method_3_split_on_LAB_HDL" time="0.00199999999995271"/>
    <testcase classname="ds.kurtosis_smk_method_3_split" name="simple_kurtosis_method_3_split_on_LAB_HDL" time="0.000999999999748979"/>
    <testcase classname="ds.kurtosis_smk_method_3_split" name="simple_kurtosis_method_3_split_on_LAB_HDL" time="0.00199999999995271"/>
    <testcase classname="ds.kurtosis_smk_method_3_split" name="simple_kurtosis_method_3_split_on_LAB_GLUC_ADJUSTED" time="1.24000000000024"/>
    <testcase classname="ds.kurtosis_smk_method_3_split" name="simple_kurtosis_method_3_split_on_LAB_GLUC_ADJUSTED" time="0.00199999999995271"/>
    <testcase classname="ds.kurtosis_smk_method_3_split" name="simple_kurtosis_method_3_split_on_LAB_GLUC_ADJUSTED" time="0.00199999999995271"/>
    <testcase classname="ds.kurtosis_smk_method_3_split" name="simple_kurtosis_method_3_split_on_LAB_GLUC_ADJUSTED" time="0.00199999999995271"/>
    <testcase classname="ds.kurtosis_smk_method_3_split" name="simple_kurtosis_method_3_split_on_LAB_GLUC_ADJUSTED" time="0.00199999999995271"/>
    <testcase classname="ds.kurtosis_smk_method_3_split" name="simple_kurtosis_method_3_split_on_LAB_GLUC_ADJUSTED" time="0.00199999999995271"/>
    <testcase classname="ds.kurtosis_smk_method_3_split" name="simple_kurtosis_method_3_split_on_LAB_GLUC_ADJUSTED" time="0.00199999999995271"/>
    <testcase classname="ds.kurtosis_smk_method_3_split" name="simple_kurtosis_method_3_split_on_LAB_GLUC_ADJUSTED" time="0.00200000000040745"/>
    <testcase classname="ds.kurtosis_smk_method_3_split" name="simple_kurtosis_method_3_split_on_LAB_GLUC_ADJUSTED" time="0.00199999999995271"/>
    <testcase classname="ds.kurtosis_smk_method_3_split" name="simple_kurtosis_method_3_split_on_LAB_GLUC_ADJUSTED" time="0.00199999999995271"/>
    <testcase classname="ds.kurtosis_smk_method_3_split" name="simple_kurtosis_method_3_split_on_LAB_GLUC_ADJUSTED" time="0.00199999999995271"/>
    <testcase classname="ds.kurtosis_smk_method_3_split" name="simple_kurtosis_method_3_split_on_LAB_GLUC_ADJUSTED" time="0.00199999999995271"/>
    <testcase classname="ds.kurtosis_smk_method_3_split" name="simple_kurtosis_method_3_split_on_LAB_GLUC_ADJUSTED" time="0.00300000000015643"/>
    <testcase classname="ds.kurtosis_smk_method_3_split" name="simple_kurtosis_method_3_split_on_LAB_GLUC_ADJUSTED" time="0.00199999999995271"/>
    <testcase classname="ds.kurtosis_smk_method_3_split" name="simple_kurtosis_method_3_split_on_PM_BMI_CONTINUOUS" time="1.2199999999998"/>
    <testcase classname="ds.kurtosis_smk_method_3_split" name="simple_kurtosis_method_3_split_on_PM_BMI_CONTINUOUS" time="0.00199999999995271"/>
    <testcase classname="ds.kurtosis_smk_method_3_split" name="simple_kurtosis_method_3_split_on_PM_BMI_CONTINUOUS" time="0.00199999999995271"/>
    <testcase classname="ds.kurtosis_smk_method_3_split" name="simple_kurtosis_method_3_split_on_PM_BMI_CONTINUOUS" time="0.00199999999995271"/>
    <testcase classname="ds.kurtosis_smk_method_3_split" name="simple_kurtosis_method_3_split_on_PM_BMI_CONTINUOUS" time="0.00199999999995271"/>
    <testcase classname="ds.kurtosis_smk_method_3_split" name="simple_kurtosis_method_3_split_on_PM_BMI_CONTINUOUS" time="0.00199999999995271"/>
    <testcase classname="ds.kurtosis_smk_method_3_split" name="simple_kurtosis_method_3_split_on_PM_BMI_CONTINUOUS" time="0.00300000000015643"/>
    <testcase classname="ds.kurtosis_smk_method_3_split" name="simple_kurtosis_method_3_split_on_PM_BMI_CONTINUOUS" time="0.00199999999995271"/>
    <testcase classname="ds.kurtosis_smk_method_3_split" name="simple_kurtosis_method_3_split_on_PM_BMI_CONTINUOUS" time="0.00199999999995271"/>
    <testcase classname="ds.kurtosis_smk_method_3_split" name="simple_kurtosis_method_3_split_on_PM_BMI_CONTINUOUS" time="0.00199999999995271"/>
    <testcase classname="ds.kurtosis_smk_method_3_split" name="simple_kurtosis_method_3_split_on_PM_BMI_CONTINUOUS" time="0.00199999999995271"/>
    <testcase classname="ds.kurtosis_smk_method_3_split" name="simple_kurtosis_method_3_split_on_PM_BMI_CONTINUOUS" time="0.00199999999995271"/>
    <testcase classname="ds.kurtosis_smk_method_3_split" name="simple_kurtosis_method_3_split_on_PM_BMI_CONTINUOUS" time="0.00199999999995271"/>
    <testcase classname="ds.kurtosis_smk_method_3_split" name="simple_kurtosis_method_3_split_on_PM_BMI_CONTINUOUS" time="0.00199999999995271"/>
  </testsuite>
  <testsuite errors="0" failures="0" hostname="fv-az14" name="ds.kurtosis::smk::method 3::combine" skipped="0" tests="40" time="7.493" timestamp="2020-10-23T11:22:51Z">
    <testcase classname="ds.kurtosis_smk_method_3_combine" name="simple_kurtosis_combine_on_LAB_TSC" time="1.50199999999995"/>
    <testcase classname="ds.kurtosis_smk_method_3_combine" name="simple_kurtosis_combine_on_LAB_TSC" time="0.00199999999995271"/>
    <testcase classname="ds.kurtosis_smk_method_3_combine" name="simple_kurtosis_combine_on_LAB_TSC" time="0.00100000000020373"/>
    <testcase classname="ds.kurtosis_smk_method_3_combine" name="simple_kurtosis_combine_on_LAB_TSC" time="0.00100000000020373"/>
    <testcase classname="ds.kurtosis_smk_method_3_combine" name="simple_kurtosis_combine_on_LAB_TSC" time="0.00199999999995271"/>
    <testcase classname="ds.kurtosis_smk_method_3_combine" name="simple_kurtosis_combine_on_LAB_TSC" time="0.000999999999748979"/>
    <testcase classname="ds.kurtosis_smk_method_3_combine" name="simple_kurtosis_combine_on_LAB_TSC" time="0.00100000000020373"/>
    <testcase classname="ds.kurtosis_smk_method_3_combine" name="simple_kurtosis_combine_on_LAB_TSC" time="0.000999999999748979"/>
    <testcase classname="ds.kurtosis_smk_method_3_combine" name="simple_kurtosis_method_3_combine_on_LAB_TRIG" time="1.4970000000003"/>
    <testcase classname="ds.kurtosis_smk_method_3_combine" name="simple_kurtosis_method_3_combine_on_LAB_TRIG" time="0.000999999999748979"/>
    <testcase classname="ds.kurtosis_smk_method_3_combine" name="simple_kurtosis_method_3_combine_on_LAB_TRIG" time="0.00100000000020373"/>
    <testcase classname="ds.kurtosis_smk_method_3_combine" name="simple_kurtosis_method_3_combine_on_LAB_TRIG" time="0.00199999999995271"/>
    <testcase classname="ds.kurtosis_smk_method_3_combine" name="simple_kurtosis_method_3_combine_on_LAB_TRIG" time="0.000999999999748979"/>
    <testcase classname="ds.kurtosis_smk_method_3_combine" name="simple_kurtosis_method_3_combine_on_LAB_TRIG" time="0.00100000000020373"/>
    <testcase classname="ds.kurtosis_smk_method_3_combine" name="simple_kurtosis_method_3_combine_on_LAB_TRIG" time="0.000999999999748979"/>
    <testcase classname="ds.kurtosis_smk_method_3_combine" name="simple_kurtosis_method_3_combine_on_LAB_TRIG" time="0.00200000000040745"/>
    <testcase classname="ds.kurtosis_smk_method_3_combine" name="simple_kurtosis_method_3_combine_on_LAB_HDL" time="1.48299999999972"/>
    <testcase classname="ds.kurtosis_smk_method_3_combine" name="simple_kurtosis_method_3_combine_on_LAB_HDL" time="0.00199999999995271"/>
    <testcase classname="ds.kurtosis_smk_method_3_combine" name="simple_kurtosis_method_3_combine_on_LAB_HDL" time="0.00100000000020373"/>
    <testcase classname="ds.kurtosis_smk_method_3_combine" name="simple_kurtosis_method_3_combine_on_LAB_HDL" time="0.000999999999748979"/>
    <testcase classname="ds.kurtosis_smk_method_3_combine" name="simple_kurtosis_method_3_combine_on_LAB_HDL" time="0.00100000000020373"/>
    <testcase classname="ds.kurtosis_smk_method_3_combine" name="simple_kurtosis_method_3_combine_on_LAB_HDL" time="0.00199999999995271"/>
    <testcase classname="ds.kurtosis_smk_method_3_combine" name="simple_kurtosis_method_3_combine_on_LAB_HDL" time="0.00100000000020373"/>
    <testcase classname="ds.kurtosis_smk_method_3_combine" name="simple_kurtosis_method_3_combine_on_LAB_HDL" time="0.000999999999748979"/>
    <testcase classname="ds.kurtosis_smk_method_3_combine" name="simple_kurtosis_method_3_combine_on_LAB_GLUC_ADJUSTED" time="1.47800000000007"/>
    <testcase classname="ds.kurtosis_smk_method_3_combine" name="simple_kurtosis_method_3_combine_on_LAB_GLUC_ADJUSTED" time="0.00199999999995271"/>
    <testcase classname="ds.kurtosis_smk_method_3_combine" name="simple_kurtosis_method_3_combine_on_LAB_GLUC_ADJUSTED" time="0.00199999999995271"/>
    <testcase classname="ds.kurtosis_smk_method_3_combine" name="simple_kurtosis_method_3_combine_on_LAB_GLUC_ADJUSTED" time="0.00100000000020373"/>
    <testcase classname="ds.kurtosis_smk_method_3_combine" name="simple_kurtosis_method_3_combine_on_LAB_GLUC_ADJUSTED" time="0.00199999999995271"/>
    <testcase classname="ds.kurtosis_smk_method_3_combine" name="simple_kurtosis_method_3_combine_on_LAB_GLUC_ADJUSTED" time="0.000999999999748979"/>
    <testcase classname="ds.kurtosis_smk_method_3_combine" name="simple_kurtosis_method_3_combine_on_LAB_GLUC_ADJUSTED" time="0.00200000000040745"/>
    <testcase classname="ds.kurtosis_smk_method_3_combine" name="simple_kurtosis_method_3_combine_on_LAB_GLUC_ADJUSTED" time="0.000999999999748979"/>
    <testcase classname="ds.kurtosis_smk_method_3_combine" name="simple_kurtosis_method_3_combine_on_PM_BMI_CONTINUOUS" time="1.48199999999997"/>
    <testcase classname="ds.kurtosis_smk_method_3_combine" name="simple_kurtosis_method_3_combine_on_PM_BMI_CONTINUOUS" time="0.00199999999995271"/>
    <testcase classname="ds.kurtosis_smk_method_3_combine" name="simple_kurtosis_method_3_combine_on_PM_BMI_CONTINUOUS" time="0.00199999999995271"/>
    <testcase classname="ds.kurtosis_smk_method_3_combine" name="simple_kurtosis_method_3_combine_on_PM_BMI_CONTINUOUS" time="0.00199999999995271"/>
    <testcase classname="ds.kurtosis_smk_method_3_combine" name="simple_kurtosis_method_3_combine_on_PM_BMI_CONTINUOUS" time="0.00100000000020373"/>
    <testcase classname="ds.kurtosis_smk_method_3_combine" name="simple_kurtosis_method_3_combine_on_PM_BMI_CONTINUOUS" time="0.00199999999995271"/>
    <testcase classname="ds.kurtosis_smk_method_3_combine" name="simple_kurtosis_method_3_combine_on_PM_BMI_CONTINUOUS" time="0.00199999999995271"/>
    <testcase classname="ds.kurtosis_smk_method_3_combine" name="simple_kurtosis_method_3_combine_on_PM_BMI_CONTINUOUS" time="0.00199999999995271"/>
  </testsuite>
  <testsuite errors="0" failures="0" hostname="fv-az14" name="ds.kurtosis::smk::method 3::both" skipped="0" tests="110" time="9.005" timestamp="2020-10-23T11:22:58Z">
    <testcase classname="ds.kurtosis_smk_method_3_both" name="simple_kurtosis_both_on_LAB_TSC" time="1.77199999999993"/>
    <testcase classname="ds.kurtosis_smk_method_3_both" name="simple_kurtosis_both_on_LAB_TSC" time="0.00100000000020373"/>
    <testcase classname="ds.kurtosis_smk_method_3_both" name="simple_kurtosis_both_on_LAB_TSC" time="0.00100000000020373"/>
    <testcase classname="ds.kurtosis_smk_method_3_both" name="simple_kurtosis_both_on_LAB_TSC" time="0.000999999999748979"/>
    <testcase classname="ds.kurtosis_smk_method_3_both" name="simple_kurtosis_both_on_LAB_TSC" time="0.00100000000020373"/>
    <testcase classname="ds.kurtosis_smk_method_3_both" name="simple_kurtosis_both_on_LAB_TSC" time="0.000999999999748979"/>
    <testcase classname="ds.kurtosis_smk_method_3_both" name="simple_kurtosis_both_on_LAB_TSC" time="0"/>
    <testcase classname="ds.kurtosis_smk_method_3_both" name="simple_kurtosis_both_on_LAB_TSC" time="0.00100000000020373"/>
    <testcase classname="ds.kurtosis_smk_method_3_both" name="simple_kurtosis_both_on_LAB_TSC" time="0.000999999999748979"/>
    <testcase classname="ds.kurtosis_smk_method_3_both" name="simple_kurtosis_both_on_LAB_TSC" time="0.00100000000020373"/>
    <testcase classname="ds.kurtosis_smk_method_3_both" name="simple_kurtosis_both_on_LAB_TSC" time="0.00100000000020373"/>
    <testcase classname="ds.kurtosis_smk_method_3_both" name="simple_kurtosis_both_on_LAB_TSC" time="0.00199999999995271"/>
    <testcase classname="ds.kurtosis_smk_method_3_both" name="simple_kurtosis_both_on_LAB_TSC" time="0.000999999999748979"/>
    <testcase classname="ds.kurtosis_smk_method_3_both" name="simple_kurtosis_both_on_LAB_TSC" time="0.00100000000020373"/>
    <testcase classname="ds.kurtosis_smk_method_3_both" name="simple_kurtosis_both_on_LAB_TSC" time="0.000999999999748979"/>
    <testcase classname="ds.kurtosis_smk_method_3_both" name="simple_kurtosis_both_on_LAB_TSC" time="0.00100000000020373"/>
    <testcase classname="ds.kurtosis_smk_method_3_both" name="simple_kurtosis_both_on_LAB_TSC" time="0.00100000000020373"/>
    <testcase classname="ds.kurtosis_smk_method_3_both" name="simple_kurtosis_both_on_LAB_TSC" time="0.00100000000020373"/>
    <testcase classname="ds.kurtosis_smk_method_3_both" name="simple_kurtosis_both_on_LAB_TSC" time="0.000999999999748979"/>
    <testcase classname="ds.kurtosis_smk_method_3_both" name="simple_kurtosis_both_on_LAB_TSC" time="0.00199999999995271"/>
    <testcase classname="ds.kurtosis_smk_method_3_both" name="simple_kurtosis_both_on_LAB_TSC" time="0.00100000000020373"/>
    <testcase classname="ds.kurtosis_smk_method_3_both" name="simple_kurtosis_both_on_LAB_TSC" time="0.000999999999748979"/>
    <testcase classname="ds.kurtosis_smk_method_3_both" name="simple_kurtosis_method_3_both_on_LAB_TRIG" time="1.76700000000028"/>
    <testcase classname="ds.kurtosis_smk_method_3_both" name="simple_kurtosis_method_3_both_on_LAB_TRIG" time="0.00199999999995271"/>
    <testcase classname="ds.kurtosis_smk_method_3_both" name="simple_kurtosis_method_3_both_on_LAB_TRIG" time="0.00199999999995271"/>
    <testcase classname="ds.kurtosis_smk_method_3_both" name="simple_kurtosis_method_3_both_on_LAB_TRIG" time="0.000999999999748979"/>
    <testcase classname="ds.kurtosis_smk_method_3_both" name="simple_kurtosis_method_3_both_on_LAB_TRIG" time="0.00200000000040745"/>
    <testcase classname="ds.kurtosis_smk_method_3_both" name="simple_kurtosis_method_3_both_on_LAB_TRIG" time="0.00199999999995271"/>
    <testcase classname="ds.kurtosis_smk_method_3_both" name="simple_kurtosis_method_3_both_on_LAB_TRIG" time="0.000999999999748979"/>
    <testcase classname="ds.kurtosis_smk_method_3_both" name="simple_kurtosis_method_3_both_on_LAB_TRIG" time="0.00199999999995271"/>
    <testcase classname="ds.kurtosis_smk_method_3_both" name="simple_kurtosis_method_3_both_on_LAB_TRIG" time="0.00100000000020373"/>
    <testcase classname="ds.kurtosis_smk_method_3_both" name="simple_kurtosis_method_3_both_on_LAB_TRIG" time="0.00199999999995271"/>
    <testcase classname="ds.kurtosis_smk_method_3_both" name="simple_kurtosis_method_3_both_on_LAB_TRIG" time="0.000999999999748979"/>
    <testcase classname="ds.kurtosis_smk_method_3_both" name="simple_kurtosis_method_3_both_on_LAB_TRIG" time="0.00200000000040745"/>
    <testcase classname="ds.kurtosis_smk_method_3_both" name="simple_kurtosis_method_3_both_on_LAB_TRIG" time="0.000999999999748979"/>
    <testcase classname="ds.kurtosis_smk_method_3_both" name="simple_kurtosis_method_3_both_on_LAB_TRIG" time="0.00199999999995271"/>
    <testcase classname="ds.kurtosis_smk_method_3_both" name="simple_kurtosis_method_3_both_on_LAB_TRIG" time="0.00199999999995271"/>
    <testcase classname="ds.kurtosis_smk_method_3_both" name="simple_kurtosis_method_3_both_on_LAB_TRIG" time="0.00100000000020373"/>
    <testcase classname="ds.kurtosis_smk_method_3_both" name="simple_kurtosis_method_3_both_on_LAB_TRIG" time="0.00199999999995271"/>
    <testcase classname="ds.kurtosis_smk_method_3_both" name="simple_kurtosis_method_3_both_on_LAB_TRIG" time="0.00199999999995271"/>
    <testcase classname="ds.kurtosis_smk_method_3_both" name="simple_kurtosis_method_3_both_on_LAB_TRIG" time="0.00100000000020373"/>
    <testcase classname="ds.kurtosis_smk_method_3_both" name="simple_kurtosis_method_3_both_on_LAB_TRIG" time="0.00199999999995271"/>
    <testcase classname="ds.kurtosis_smk_method_3_both" name="simple_kurtosis_method_3_both_on_LAB_TRIG" time="0.000999999999748979"/>
    <testcase classname="ds.kurtosis_smk_method_3_both" name="simple_kurtosis_method_3_both_on_LAB_TRIG" time="0.00199999999995271"/>
    <testcase classname="ds.kurtosis_smk_method_3_both" name="simple_kurtosis_method_3_both_on_LAB_HDL" time="1.74800000000005"/>
    <testcase classname="ds.kurtosis_smk_method_3_both" name="simple_kurtosis_method_3_both_on_LAB_HDL" time="0.00199999999995271"/>
    <testcase classname="ds.kurtosis_smk_method_3_both" name="simple_kurtosis_method_3_both_on_LAB_HDL" time="0.00100000000020373"/>
    <testcase classname="ds.kurtosis_smk_method_3_both" name="simple_kurtosis_method_3_both_on_LAB_HDL" time="0.00199999999995271"/>
    <testcase classname="ds.kurtosis_smk_method_3_both" name="simple_kurtosis_method_3_both_on_LAB_HDL" time="0.00199999999995271"/>
    <testcase classname="ds.kurtosis_smk_method_3_both" name="simple_kurtosis_method_3_both_on_LAB_HDL" time="0.00199999999995271"/>
    <testcase classname="ds.kurtosis_smk_method_3_both" name="simple_kurtosis_method_3_both_on_LAB_HDL" time="0.00199999999995271"/>
    <testcase classname="ds.kurtosis_smk_method_3_both" name="simple_kurtosis_method_3_both_on_LAB_HDL" time="0.00199999999995271"/>
    <testcase classname="ds.kurtosis_smk_method_3_both" name="simple_kurtosis_method_3_both_on_LAB_HDL" time="0.00100000000020373"/>
    <testcase classname="ds.kurtosis_smk_method_3_both" name="simple_kurtosis_method_3_both_on_LAB_HDL" time="0.00199999999995271"/>
    <testcase classname="ds.kurtosis_smk_method_3_both" name="simple_kurtosis_method_3_both_on_LAB_HDL" time="0.00199999999995271"/>
    <testcase classname="ds.kurtosis_smk_method_3_both" name="simple_kurtosis_method_3_both_on_LAB_HDL" time="0.00100000000020373"/>
    <testcase classname="ds.kurtosis_smk_method_3_both" name="simple_kurtosis_method_3_both_on_LAB_HDL" time="0.00199999999995271"/>
    <testcase classname="ds.kurtosis_smk_method_3_both" name="simple_kurtosis_method_3_both_on_LAB_HDL" time="0.00199999999995271"/>
    <testcase classname="ds.kurtosis_smk_method_3_both" name="simple_kurtosis_method_3_both_on_LAB_HDL" time="0.00199999999995271"/>
    <testcase classname="ds.kurtosis_smk_method_3_both" name="simple_kurtosis_method_3_both_on_LAB_HDL" time="0.00199999999995271"/>
    <testcase classname="ds.kurtosis_smk_method_3_both" name="simple_kurtosis_method_3_both_on_LAB_HDL" time="0.00199999999995271"/>
    <testcase classname="ds.kurtosis_smk_method_3_both" name="simple_kurtosis_method_3_both_on_LAB_HDL" time="0.00199999999995271"/>
    <testcase classname="ds.kurtosis_smk_method_3_both" name="simple_kurtosis_method_3_both_on_LAB_HDL" time="0.00100000000020373"/>
    <testcase classname="ds.kurtosis_smk_method_3_both" name="simple_kurtosis_method_3_both_on_LAB_HDL" time="0.00199999999995271"/>
    <testcase classname="ds.kurtosis_smk_method_3_both" name="simple_kurtosis_method_3_both_on_LAB_HDL" time="0.00199999999995271"/>
    <testcase classname="ds.kurtosis_smk_method_3_both" name="simple_kurtosis_method_3_both_on_LAB_HDL" time="0.00199999999995271"/>
    <testcase classname="ds.kurtosis_smk_method_3_both" name="simple_kurtosis_method_3_both_on_LAB_GLUC_ADJUSTED" time="1.75400000000036"/>
    <testcase classname="ds.kurtosis_smk_method_3_both" name="simple_kurtosis_method_3_both_on_LAB_GLUC_ADJUSTED" time="0.00199999999995271"/>
    <testcase classname="ds.kurtosis_smk_method_3_both" name="simple_kurtosis_method_3_both_on_LAB_GLUC_ADJUSTED" time="0.00299999999970169"/>
    <testcase classname="ds.kurtosis_smk_method_3_both" name="simple_kurtosis_method_3_both_on_LAB_GLUC_ADJUSTED" time="0.00199999999995271"/>
    <testcase classname="ds.kurtosis_smk_method_3_both" name="simple_kurtosis_method_3_both_on_LAB_GLUC_ADJUSTED" time="0.00199999999995271"/>
    <testcase classname="ds.kurtosis_smk_method_3_both" name="simple_kurtosis_method_3_both_on_LAB_GLUC_ADJUSTED" time="0.00200000000040745"/>
    <testcase classname="ds.kurtosis_smk_method_3_both" name="simple_kurtosis_method_3_both_on_LAB_GLUC_ADJUSTED" time="0.00199999999995271"/>
    <testcase classname="ds.kurtosis_smk_method_3_both" name="simple_kurtosis_method_3_both_on_LAB_GLUC_ADJUSTED" time="0.00299999999970169"/>
    <testcase classname="ds.kurtosis_smk_method_3_both" name="simple_kurtosis_method_3_both_on_LAB_GLUC_ADJUSTED" time="0.00199999999995271"/>
    <testcase classname="ds.kurtosis_smk_method_3_both" name="simple_kurtosis_method_3_both_on_LAB_GLUC_ADJUSTED" time="0.00200000000040745"/>
    <testcase classname="ds.kurtosis_smk_method_3_both" name="simple_kurtosis_method_3_both_on_LAB_GLUC_ADJUSTED" time="0.00199999999995271"/>
    <testcase classname="ds.kurtosis_smk_method_3_both" name="simple_kurtosis_method_3_both_on_LAB_GLUC_ADJUSTED" time="0.00299999999970169"/>
    <testcase classname="ds.kurtosis_smk_method_3_both" name="simple_kurtosis_method_3_both_on_LAB_GLUC_ADJUSTED" time="0.00300000000015643"/>
    <testcase classname="ds.kurtosis_smk_method_3_both" name="simple_kurtosis_method_3_both_on_LAB_GLUC_ADJUSTED" time="0.00199999999995271"/>
    <testcase classname="ds.kurtosis_smk_method_3_both" name="simple_kurtosis_method_3_both_on_LAB_GLUC_ADJUSTED" time="0.00199999999995271"/>
    <testcase classname="ds.kurtosis_smk_method_3_both" name="simple_kurtosis_method_3_both_on_LAB_GLUC_ADJUSTED" time="0.00199999999995271"/>
    <testcase classname="ds.kurtosis_smk_method_3_both" name="simple_kurtosis_method_3_both_on_LAB_GLUC_ADJUSTED" time="0.00199999999995271"/>
    <testcase classname="ds.kurtosis_smk_method_3_both" name="simple_kurtosis_method_3_both_on_LAB_GLUC_ADJUSTED" time="0.00300000000015643"/>
    <testcase classname="ds.kurtosis_smk_method_3_both" name="simple_kurtosis_method_3_both_on_LAB_GLUC_ADJUSTED" time="0.00199999999995271"/>
    <testcase classname="ds.kurtosis_smk_method_3_both" name="simple_kurtosis_method_3_both_on_LAB_GLUC_ADJUSTED" time="0.00199999999995271"/>
    <testcase classname="ds.kurtosis_smk_method_3_both" name="simple_kurtosis_method_3_both_on_LAB_GLUC_ADJUSTED" time="0.00300000000015643"/>
    <testcase classname="ds.kurtosis_smk_method_3_both" name="simple_kurtosis_method_3_both_on_LAB_GLUC_ADJUSTED" time="0.00300000000015643"/>
    <testcase classname="ds.kurtosis_smk_method_3_both" name="simple_kurtosis_method_3_both_on_PM_BMI_CONTINUOUS" time="1.76899999999978"/>
    <testcase classname="ds.kurtosis_smk_method_3_both" name="simple_kurtosis_method_3_both_on_PM_BMI_CONTINUOUS" time="0.00199999999995271"/>
    <testcase classname="ds.kurtosis_smk_method_3_both" name="simple_kurtosis_method_3_both_on_PM_BMI_CONTINUOUS" time="0.00300000000015643"/>
    <testcase classname="ds.kurtosis_smk_method_3_both" name="simple_kurtosis_method_3_both_on_PM_BMI_CONTINUOUS" time="0.00299999999970169"/>
    <testcase classname="ds.kurtosis_smk_method_3_both" name="simple_kurtosis_method_3_both_on_PM_BMI_CONTINUOUS" time="0.00300000000015643"/>
    <testcase classname="ds.kurtosis_smk_method_3_both" name="simple_kurtosis_method_3_both_on_PM_BMI_CONTINUOUS" time="0.00199999999995271"/>
    <testcase classname="ds.kurtosis_smk_method_3_both" name="simple_kurtosis_method_3_both_on_PM_BMI_CONTINUOUS" time="0.00300000000015643"/>
    <testcase classname="ds.kurtosis_smk_method_3_both" name="simple_kurtosis_method_3_both_on_PM_BMI_CONTINUOUS" time="0.00199999999995271"/>
    <testcase classname="ds.kurtosis_smk_method_3_both" name="simple_kurtosis_method_3_both_on_PM_BMI_CONTINUOUS" time="0.00199999999995271"/>
    <testcase classname="ds.kurtosis_smk_method_3_both" name="simple_kurtosis_method_3_both_on_PM_BMI_CONTINUOUS" time="0.00199999999995271"/>
    <testcase classname="ds.kurtosis_smk_method_3_both" name="simple_kurtosis_method_3_both_on_PM_BMI_CONTINUOUS" time="0.00300000000015643"/>
    <testcase classname="ds.kurtosis_smk_method_3_both" name="simple_kurtosis_method_3_both_on_PM_BMI_CONTINUOUS" time="0.00299999999970169"/>
    <testcase classname="ds.kurtosis_smk_method_3_both" name="simple_kurtosis_method_3_both_on_PM_BMI_CONTINUOUS" time="0.00200000000040745"/>
    <testcase classname="ds.kurtosis_smk_method_3_both" name="simple_kurtosis_method_3_both_on_PM_BMI_CONTINUOUS" time="0.00199999999995271"/>
    <testcase classname="ds.kurtosis_smk_method_3_both" name="simple_kurtosis_method_3_both_on_PM_BMI_CONTINUOUS" time="0.00299999999970169"/>
    <testcase classname="ds.kurtosis_smk_method_3_both" name="simple_kurtosis_method_3_both_on_PM_BMI_CONTINUOUS" time="0.00199999999995271"/>
    <testcase classname="ds.kurtosis_smk_method_3_both" name="simple_kurtosis_method_3_both_on_PM_BMI_CONTINUOUS" time="0.00300000000015643"/>
    <testcase classname="ds.kurtosis_smk_method_3_both" name="simple_kurtosis_method_3_both_on_PM_BMI_CONTINUOUS" time="0.00300000000015643"/>
    <testcase classname="ds.kurtosis_smk_method_3_both" name="simple_kurtosis_method_3_both_on_PM_BMI_CONTINUOUS" time="0.00199999999995271"/>
    <testcase classname="ds.kurtosis_smk_method_3_both" name="simple_kurtosis_method_3_both_on_PM_BMI_CONTINUOUS" time="0.00300000000015643"/>
    <testcase classname="ds.kurtosis_smk_method_3_both" name="simple_kurtosis_method_3_both_on_PM_BMI_CONTINUOUS" time="0.00199999999995271"/>
    <testcase classname="ds.kurtosis_smk_method_3_both" name="simple_kurtosis_method_3_both_on_PM_BMI_CONTINUOUS" time="0.00199999999995271"/>
  </testsuite>
  <testsuite errors="0" failures="0" hostname="fv-az14" name="ds.kurtosis::smk::shutdown" skipped="0" tests="3" time="0.287" timestamp="2020-10-23T11:23:07Z">
    <testcase classname="ds.kurtosis_smk_shutdown" name="shutdown" time="0.284999999999854"/>
    <testcase classname="ds.kurtosis_smk_shutdown" name="shutdown" time="0.00100000000020373"/>
    <testcase classname="ds.kurtosis_smk_shutdown" name="shutdown" time="0.000999999999748979"/>
  </testsuite>
  <testsuite errors="0" failures="0" hostname="fv-az14" name="ds.kurtosis::smk::done" skipped="0" tests="0" time="0" timestamp="2020-10-23T11:23:08Z"/>
  <testsuite errors="0" failures="0" hostname="fv-az14" name="ds.length::smk::setup" skipped="0" tests="3" time="5.268" timestamp="2020-10-23T11:23:08Z">
    <testcase classname="ds.length_smk_setup" name="setup" time="5.26600000000008"/>
    <testcase classname="ds.length_smk_setup" name="setup" time="0.00100000000020373"/>
    <testcase classname="ds.length_smk_setup" name="setup" time="0.000999999999748979"/>
  </testsuite>
  <testsuite errors="0" failures="0" hostname="fv-az14" name="ds.length::smk" skipped="0" tests="22" time="4.505" timestamp="2020-10-23T11:23:13Z">
    <testcase classname="ds.length_smk" name="basic_length_both" time="0.275000000000091"/>
    <testcase classname="ds.length_smk" name="basic_length_both" time="0.000999999999748979"/>
    <testcase classname="ds.length_smk" name="basic_length_both" time="0.00100000000020373"/>
    <testcase classname="ds.length_smk" name="basic_length_both" time="0.00100000000020373"/>
    <testcase classname="ds.length_smk" name="basic_length_both" time="0.00199999999995271"/>
    <testcase classname="ds.length_smk" name="basic_length_split" time="0.26299999999992"/>
    <testcase classname="ds.length_smk" name="basic_length_split" time="0.000999999999748979"/>
    <testcase classname="ds.length_smk" name="basic_length_split" time="0.00100000000020373"/>
    <testcase classname="ds.length_smk" name="basic_length_split" time="0.00199999999995271"/>
    <testcase classname="ds.length_smk" name="basic_length_combine" time="0.268000000000029"/>
    <testcase classname="ds.length_smk" name="basic_length_combine" time="0.00199999999995271"/>
    <testcase classname="ds.length_smk" name="basic_length_both" time="1.23900000000003"/>
    <testcase classname="ds.length_smk" name="basic_length_both" time="0.00199999999995271"/>
    <testcase classname="ds.length_smk" name="basic_length_both" time="0.00100000000020373"/>
    <testcase classname="ds.length_smk" name="basic_length_both" time="0.00199999999995271"/>
    <testcase classname="ds.length_smk" name="basic_length_both" time="0.000999999999748979"/>
    <testcase classname="ds.length_smk" name="basic_length_split" time="1.21600000000035"/>
    <testcase classname="ds.length_smk" name="basic_length_split" time="0.00199999999995271"/>
    <testcase classname="ds.length_smk" name="basic_length_split" time="0.000999999999748979"/>
    <testcase classname="ds.length_smk" name="basic_length_split" time="0.00199999999995271"/>
    <testcase classname="ds.length_smk" name="basic_length_combine" time="1.22000000000025"/>
    <testcase classname="ds.length_smk" name="basic_length_combine" time="0.00199999999995271"/>
  </testsuite>
  <testsuite errors="0" failures="0" hostname="fv-az14" name="ds.length::smk::shutdown" skipped="0" tests="3" time="0.277" timestamp="2020-10-23T11:23:17Z">
    <testcase classname="ds.length_smk_shutdown" name="shutdown" time="0.275000000000091"/>
    <testcase classname="ds.length_smk_shutdown" name="shutdown" time="0.000999999999748979"/>
    <testcase classname="ds.length_smk_shutdown" name="shutdown" time="0.00100000000020373"/>
  </testsuite>
  <testsuite errors="0" failures="0" hostname="fv-az14" name="ds.length::smk::done" skipped="0" tests="0" time="0" timestamp="2020-10-23T11:23:18Z"/>
  <testsuite errors="0" failures="0" hostname="fv-az14" name="ds.levels::smk::setup" skipped="0" tests="3" time="5.336" timestamp="2020-10-23T11:23:18Z">
    <testcase classname="ds.levels_smk_setup" name="setup" time="5.33399999999983"/>
    <testcase classname="ds.levels_smk_setup" name="setup" time="0.00100000000020373"/>
    <testcase classname="ds.levels_smk_setup" name="setup" time="0.000999999999748979"/>
  </testsuite>
  <testsuite errors="0" failures="0" hostname="fv-az14" name="ds.levels::smk" skipped="0" tests="22" time="1.256" timestamp="2020-10-23T11:23:23Z">
    <testcase classname="ds.levels_smk" name="simple_levels" time="1.23000000000002"/>
    <testcase classname="ds.levels_smk" name="simple_levels" time="0.00100000000020373"/>
    <testcase classname="ds.levels_smk" name="simple_levels" time="0.000999999999748979"/>
    <testcase classname="ds.levels_smk" name="simple_levels" time="0.00100000000020373"/>
    <testcase classname="ds.levels_smk" name="simple_levels" time="0.000999999999748979"/>
    <testcase classname="ds.levels_smk" name="simple_levels" time="0.00100000000020373"/>
    <testcase classname="ds.levels_smk" name="simple_levels" time="0.00199999999995271"/>
    <testcase classname="ds.levels_smk" name="simple_levels" time="0.00100000000020373"/>
    <testcase classname="ds.levels_smk" name="simple_levels" time="0.000999999999748979"/>
    <testcase classname="ds.levels_smk" name="simple_levels" time="0.00100000000020373"/>
    <testcase classname="ds.levels_smk" name="simple_levels" time="0.00199999999995271"/>
    <testcase classname="ds.levels_smk" name="simple_levels" time="0.000999999999748979"/>
    <testcase classname="ds.levels_smk" name="simple_levels" time="0.00100000000020373"/>
    <testcase classname="ds.levels_smk" name="simple_levels" time="0.000999999999748979"/>
    <testcase classname="ds.levels_smk" name="simple_levels" time="0.00200000000040745"/>
    <testcase classname="ds.levels_smk" name="simple_levels" time="0.000999999999748979"/>
    <testcase classname="ds.levels_smk" name="simple_levels" time="0.00100000000020373"/>
    <testcase classname="ds.levels_smk" name="simple_levels" time="0.00199999999995271"/>
    <testcase classname="ds.levels_smk" name="simple_levels" time="0.000999999999748979"/>
    <testcase classname="ds.levels_smk" name="simple_levels" time="0.00100000000020373"/>
    <testcase classname="ds.levels_smk" name="simple_levels" time="0.00199999999995271"/>
    <testcase classname="ds.levels_smk" name="simple_levels" time="0.00100000000020373"/>
  </testsuite>
  <testsuite errors="0" failures="0" hostname="fv-az14" name="ds.levels::smk::shutdown" skipped="0" tests="3" time="0.286" timestamp="2020-10-23T11:23:24Z">
    <testcase classname="ds.levels_smk_shutdown" name="shutdown" time="0.283999999999651"/>
    <testcase classname="ds.levels_smk_shutdown" name="shutdown" time="0.00100000000020373"/>
    <testcase classname="ds.levels_smk_shutdown" name="shutdown" time="0.000999999999748979"/>
  </testsuite>
  <testsuite errors="0" failures="0" hostname="fv-az14" name="ds.levels::smk::done" skipped="0" tests="0" time="0" timestamp="2020-10-23T11:23:25Z"/>
  <testsuite errors="0" failures="0" hostname="fv-az14" name="ds.lexis::smk::setup" skipped="0" tests="3" time="5.315" timestamp="2020-10-23T11:23:25Z">
    <testcase classname="ds.lexis_smk_setup" name="setup" time="5.3130000000001"/>
    <testcase classname="ds.lexis_smk_setup" name="setup" time="0.00100000000020373"/>
    <testcase classname="ds.lexis_smk_setup" name="setup" time="0.000999999999748979"/>
  </testsuite>
  <testsuite errors="0" failures="0" hostname="fv-az14" name="ds.lexis::smk" skipped="0" tests="14" time="1.436" timestamp="2020-10-23T11:23:30Z">
    <testcase classname="ds.lexis_smk" name="simple_lexis" time="0.885000000000218"/>
    <testcase classname="ds.lexis_smk" name="simple_lexis" time="0.000999999999748979"/>
    <testcase classname="ds.lexis_smk" name="simple_lexis" time="0.00100000000020373"/>
    <testcase classname="ds.lexis_smk" name="simple_lexis" time="0.00100000000020373"/>
    <testcase classname="ds.lexis_smk" name="simple_lexis" time="0.00100000000020373"/>
    <testcase classname="ds.lexis_smk" name="simple_lexis" time="0.000999999999748979"/>
    <testcase classname="ds.lexis_smk" name="simple_lexis" time="0.273999999999887"/>
    <testcase classname="ds.lexis_smk" name="simple_lexis" time="0.00100000000020373"/>
    <testcase classname="ds.lexis_smk" name="simple_lexis" time="0.000999999999748979"/>
    <testcase classname="ds.lexis_smk" name="simple_lexis" time="0.00100000000020373"/>
    <testcase classname="ds.lexis_smk" name="simple_lexis" time="0.264999999999873"/>
    <testcase classname="ds.lexis_smk" name="simple_lexis" time="0.00100000000020373"/>
    <testcase classname="ds.lexis_smk" name="simple_lexis" time="0.000999999999748979"/>
    <testcase classname="ds.lexis_smk" name="simple_lexis" time="0.00200000000040745"/>
  </testsuite>
  <testsuite errors="0" failures="0" hostname="fv-az14" name="ds.lexis::smk::shutdown" skipped="0" tests="3" time="0.284" timestamp="2020-10-23T11:23:31Z">
    <testcase classname="ds.lexis_smk_shutdown" name="shutdown" time="0.281999999999698"/>
    <testcase classname="ds.lexis_smk_shutdown" name="shutdown" time="0.00100000000020373"/>
    <testcase classname="ds.lexis_smk_shutdown" name="shutdown" time="0.000999999999748979"/>
  </testsuite>
  <testsuite errors="0" failures="0" hostname="fv-az14" name="ds.lexis::smk::done" skipped="0" tests="0" time="0" timestamp="2020-10-23T11:23:32Z"/>
  <testsuite errors="0" failures="0" hostname="fv-az14" name="ds.listClientsideFunctions::smk::setup" skipped="0" tests="3" time="5.29" timestamp="2020-10-23T11:23:32Z">
    <testcase classname="ds.listClientsideFunctions_smk_setup" name="setup" time="5.28700000000026"/>
    <testcase classname="ds.listClientsideFunctions_smk_setup" name="setup" time="0.00199999999995271"/>
    <testcase classname="ds.listClientsideFunctions_smk_setup" name="setup" time="0.000999999999748979"/>
  </testsuite>
  <testsuite errors="0" failures="0" hostname="fv-az14" name="ds.listClientsideFunctions::smk::check results" skipped="0" tests="98" time="0.184" timestamp="2020-10-23T11:23:37Z">
    <testcase classname="ds.listClientsideFunctions_smk_check_results" name="check_results" time="0.0140000000001237"/>
    <testcase classname="ds.listClientsideFunctions_smk_check_results" name="check_results" time="0.00100000000020373"/>
    <testcase classname="ds.listClientsideFunctions_smk_check_results" name="check_results" time="0.000999999999748979"/>
    <testcase classname="ds.listClientsideFunctions_smk_check_results" name="check_results" time="0.00100000000020373"/>
    <testcase classname="ds.listClientsideFunctions_smk_check_results" name="check_results" time="0.000999999999748979"/>
    <testcase classname="ds.listClientsideFunctions_smk_check_results" name="check_results" time="0.00100000000020373"/>
    <testcase classname="ds.listClientsideFunctions_smk_check_results" name="check_results" time="0.000999999999748979"/>
    <testcase classname="ds.listClientsideFunctions_smk_check_results" name="check_results" time="0.00100000000020373"/>
    <testcase classname="ds.listClientsideFunctions_smk_check_results" name="check_results" time="0.00100000000020373"/>
    <testcase classname="ds.listClientsideFunctions_smk_check_results" name="check_results" time="0.000999999999748979"/>
    <testcase classname="ds.listClientsideFunctions_smk_check_results" name="check_results" time="0.00100000000020373"/>
    <testcase classname="ds.listClientsideFunctions_smk_check_results" name="check_results" time="0.000999999999748979"/>
    <testcase classname="ds.listClientsideFunctions_smk_check_results" name="check_results" time="0.00199999999995271"/>
    <testcase classname="ds.listClientsideFunctions_smk_check_results" name="check_results" time="0.00100000000020373"/>
    <testcase classname="ds.listClientsideFunctions_smk_check_results" name="check_results" time="0.000999999999748979"/>
    <testcase classname="ds.listClientsideFunctions_smk_check_results" name="check_results" time="0.00100000000020373"/>
    <testcase classname="ds.listClientsideFunctions_smk_check_results" name="check_results" time="0.000999999999748979"/>
    <testcase classname="ds.listClientsideFunctions_smk_check_results" name="check_results" time="0.00100000000020373"/>
    <testcase classname="ds.listClientsideFunctions_smk_check_results" name="check_results" time="0.00199999999995271"/>
    <testcase classname="ds.listClientsideFunctions_smk_check_results" name="check_results" time="0.00100000000020373"/>
    <testcase classname="ds.listClientsideFunctions_smk_check_results" name="check_results" time="0.000999999999748979"/>
    <testcase classname="ds.listClientsideFunctions_smk_check_results" name="check_results" time="0.00100000000020373"/>
    <testcase classname="ds.listClientsideFunctions_smk_check_results" name="check_results" time="0.000999999999748979"/>
    <testcase classname="ds.listClientsideFunctions_smk_check_results" name="check_results" time="0.00100000000020373"/>
    <testcase classname="ds.listClientsideFunctions_smk_check_results" name="check_results" time="0.00199999999995271"/>
    <testcase classname="ds.listClientsideFunctions_smk_check_results" name="check_results" time="0.00100000000020373"/>
    <testcase classname="ds.listClientsideFunctions_smk_check_results" name="check_results" time="0.000999999999748979"/>
    <testcase classname="ds.listClientsideFunctions_smk_check_results" name="check_results" time="0.00199999999995271"/>
    <testcase classname="ds.listClientsideFunctions_smk_check_results" name="check_results" time="0.00100000000020373"/>
    <testcase classname="ds.listClientsideFunctions_smk_check_results" name="check_results" time="0.000999999999748979"/>
    <testcase classname="ds.listClientsideFunctions_smk_check_results" name="check_results" time="0.00100000000020373"/>
    <testcase classname="ds.listClientsideFunctions_smk_check_results" name="check_results" time="0.00199999999995271"/>
    <testcase classname="ds.listClientsideFunctions_smk_check_results" name="check_results" time="0.00100000000020373"/>
    <testcase classname="ds.listClientsideFunctions_smk_check_results" name="check_results" time="0.000999999999748979"/>
    <testcase classname="ds.listClientsideFunctions_smk_check_results" name="check_results" time="0.00199999999995271"/>
    <testcase classname="ds.listClientsideFunctions_smk_check_results" name="check_results" time="0.00100000000020373"/>
    <testcase classname="ds.listClientsideFunctions_smk_check_results" name="check_results" time="0.000999999999748979"/>
    <testcase classname="ds.listClientsideFunctions_smk_check_results" name="check_results" time="0.00199999999995271"/>
    <testcase classname="ds.listClientsideFunctions_smk_check_results" name="check_results" time="0.00199999999995271"/>
    <testcase classname="ds.listClientsideFunctions_smk_check_results" name="check_results" time="0.00100000000020373"/>
    <testcase classname="ds.listClientsideFunctions_smk_check_results" name="check_results" time="0.00199999999995271"/>
    <testcase classname="ds.listClientsideFunctions_smk_check_results" name="check_results" time="0.00100000000020373"/>
    <testcase classname="ds.listClientsideFunctions_smk_check_results" name="check_results" time="0.000999999999748979"/>
    <testcase classname="ds.listClientsideFunctions_smk_check_results" name="check_results" time="0.00199999999995271"/>
    <testcase classname="ds.listClientsideFunctions_smk_check_results" name="check_results" time="0.00100000000020373"/>
    <testcase classname="ds.listClientsideFunctions_smk_check_results" name="check_results" time="0.00199999999995271"/>
    <testcase classname="ds.listClientsideFunctions_smk_check_results" name="check_results" time="0.00100000000020373"/>
    <testcase classname="ds.listClientsideFunctions_smk_check_results" name="check_results" time="0.00199999999995271"/>
    <testcase classname="ds.listClientsideFunctions_smk_check_results" name="check_results" time="0.00199999999995271"/>
    <testcase classname="ds.listClientsideFunctions_smk_check_results" name="check_results" time="0.000999999999748979"/>
    <testcase classname="ds.listClientsideFunctions_smk_check_results" name="check_results" time="0.00199999999995271"/>
    <testcase classname="ds.listClientsideFunctions_smk_check_results" name="check_results" time="0.00100000000020373"/>
    <testcase classname="ds.listClientsideFunctions_smk_check_results" name="check_results" time="0.00199999999995271"/>
    <testcase classname="ds.listClientsideFunctions_smk_check_results" name="check_results" time="0.00199999999995271"/>
    <testcase classname="ds.listClientsideFunctions_smk_check_results" name="check_results" time="0.00100000000020373"/>
    <testcase classname="ds.listClientsideFunctions_smk_check_results" name="check_results" time="0.00199999999995271"/>
    <testcase classname="ds.listClientsideFunctions_smk_check_results" name="check_results" time="0.00199999999995271"/>
    <testcase classname="ds.listClientsideFunctions_smk_check_results" name="check_results" time="0.00199999999995271"/>
    <testcase classname="ds.listClientsideFunctions_smk_check_results" name="check_results" time="0.00199999999995271"/>
    <testcase classname="ds.listClientsideFunctions_smk_check_results" name="check_results" time="0.00199999999995271"/>
    <testcase classname="ds.listClientsideFunctions_smk_check_results" name="check_results" time="0.00199999999995271"/>
    <testcase classname="ds.listClientsideFunctions_smk_check_results" name="check_results" time="0.00199999999995271"/>
    <testcase classname="ds.listClientsideFunctions_smk_check_results" name="check_results" time="0.00100000000020373"/>
    <testcase classname="ds.listClientsideFunctions_smk_check_results" name="check_results" time="0.00199999999995271"/>
    <testcase classname="ds.listClientsideFunctions_smk_check_results" name="check_results" time="0.00199999999995271"/>
    <testcase classname="ds.listClientsideFunctions_smk_check_results" name="check_results" time="0.00199999999995271"/>
    <testcase classname="ds.listClientsideFunctions_smk_check_results" name="check_results" time="0.00199999999995271"/>
    <testcase classname="ds.listClientsideFunctions_smk_check_results" name="check_results" time="0.00200000000040745"/>
    <testcase classname="ds.listClientsideFunctions_smk_check_results" name="check_results" time="0.00199999999995271"/>
    <testcase classname="ds.listClientsideFunctions_smk_check_results" name="check_results" time="0.00199999999995271"/>
    <testcase classname="ds.listClientsideFunctions_smk_check_results" name="check_results" time="0.00199999999995271"/>
    <testcase classname="ds.listClientsideFunctions_smk_check_results" name="check_results" time="0.00199999999995271"/>
    <testcase classname="ds.listClientsideFunctions_smk_check_results" name="check_results" time="0.00300000000015643"/>
    <testcase classname="ds.listClientsideFunctions_smk_check_results" name="check_results" time="0.00199999999995271"/>
    <testcase classname="ds.listClientsideFunctions_smk_check_results" name="check_results" time="0.00299999999970169"/>
    <testcase classname="ds.listClientsideFunctions_smk_check_results" name="check_results" time="0.00199999999995271"/>
    <testcase classname="ds.listClientsideFunctions_smk_check_results" name="check_results" time="0.00200000000040745"/>
    <testcase classname="ds.listClientsideFunctions_smk_check_results" name="check_results" time="0.00199999999995271"/>
    <testcase classname="ds.listClientsideFunctions_smk_check_results" name="check_results" time="0.00199999999995271"/>
    <testcase classname="ds.listClientsideFunctions_smk_check_results" name="check_results" time="0.00299999999970169"/>
    <testcase classname="ds.listClientsideFunctions_smk_check_results" name="check_results" time="0.00200000000040745"/>
    <testcase classname="ds.listClientsideFunctions_smk_check_results" name="check_results" time="0.00299999999970169"/>
    <testcase classname="ds.listClientsideFunctions_smk_check_results" name="check_results" time="0.00199999999995271"/>
    <testcase classname="ds.listClientsideFunctions_smk_check_results" name="check_results" time="0.00199999999995271"/>
    <testcase classname="ds.listClientsideFunctions_smk_check_results" name="check_results" time="0.00200000000040745"/>
    <testcase classname="ds.listClientsideFunctions_smk_check_results" name="check_results" time="0.00299999999970169"/>
    <testcase classname="ds.listClientsideFunctions_smk_check_results" name="check_results" time="0.0100000000002183"/>
    <testcase classname="ds.listClientsideFunctions_smk_check_results" name="check_results" time="0.00199999999995271"/>
    <testcase classname="ds.listClientsideFunctions_smk_check_results" name="check_results" time="0.00199999999995271"/>
    <testcase classname="ds.listClientsideFunctions_smk_check_results" name="check_results" time="0.00200000000040745"/>
    <testcase classname="ds.listClientsideFunctions_smk_check_results" name="check_results" time="0.00199999999995271"/>
    <testcase classname="ds.listClientsideFunctions_smk_check_results" name="check_results" time="0.00299999999970169"/>
    <testcase classname="ds.listClientsideFunctions_smk_check_results" name="check_results" time="0.00199999999995271"/>
    <testcase classname="ds.listClientsideFunctions_smk_check_results" name="check_results" time="0.00200000000040745"/>
    <testcase classname="ds.listClientsideFunctions_smk_check_results" name="check_results" time="0.00199999999995271"/>
    <testcase classname="ds.listClientsideFunctions_smk_check_results" name="check_results" time="0.00199999999995271"/>
    <testcase classname="ds.listClientsideFunctions_smk_check_results" name="check_results" time="0.00299999999970169"/>
    <testcase classname="ds.listClientsideFunctions_smk_check_results" name="check_results" time="0.00199999999995271"/>
  </testsuite>
  <testsuite errors="0" failures="0" hostname="fv-az14" name="ds.listClientsideFunctions::smk::shutdown" skipped="0" tests="3" time="0.289" timestamp="2020-10-23T11:23:37Z">
    <testcase classname="ds.listClientsideFunctions_smk_shutdown" name="shutdown" time="0.287000000000262"/>
    <testcase classname="ds.listClientsideFunctions_smk_shutdown" name="shutdown" time="0.000999999999748979"/>
    <testcase classname="ds.listClientsideFunctions_smk_shutdown" name="shutdown" time="0.00100000000020373"/>
  </testsuite>
  <testsuite errors="0" failures="0" hostname="fv-az14" name="ds.listClientsideFunctions::smk::done" skipped="0" tests="0" time="0" timestamp="2020-10-23T11:23:38Z"/>
  <testsuite errors="0" failures="0" hostname="fv-az14" name="ds.listDisclosureSettings::smk::setup" skipped="0" tests="3" time="5.291" timestamp="2020-10-23T11:23:38Z">
    <testcase classname="ds.listDisclosureSettings_smk_setup" name="setup" time="5.28800000000001"/>
    <testcase classname="ds.listDisclosureSettings_smk_setup" name="setup" time="0.00100000000020373"/>
    <testcase classname="ds.listDisclosureSettings_smk_setup" name="setup" time="0.00199999999995271"/>
  </testsuite>
  <testsuite errors="0" failures="0" hostname="fv-az14" name="ds.listDisclosureSettings::smk::check results" skipped="0" tests="31" time="0.311" timestamp="2020-10-23T11:23:43Z">
    <testcase classname="ds.listDisclosureSettings_smk_check_results" name="check_results" time="0.273999999999887"/>
    <testcase classname="ds.listDisclosureSettings_smk_check_results" name="check_results" time="0.000999999999748979"/>
    <testcase classname="ds.listDisclosureSettings_smk_check_results" name="check_results" time="0.00100000000020373"/>
    <testcase classname="ds.listDisclosureSettings_smk_check_results" name="check_results" time="0.00100000000020373"/>
    <testcase classname="ds.listDisclosureSettings_smk_check_results" name="check_results" time="0.000999999999748979"/>
    <testcase classname="ds.listDisclosureSettings_smk_check_results" name="check_results" time="0.00100000000020373"/>
    <testcase classname="ds.listDisclosureSettings_smk_check_results" name="check_results" time="0.000999999999748979"/>
    <testcase classname="ds.listDisclosureSettings_smk_check_results" name="check_results" time="0.00199999999995271"/>
    <testcase classname="ds.listDisclosureSettings_smk_check_results" name="check_results" time="0.00100000000020373"/>
    <testcase classname="ds.listDisclosureSettings_smk_check_results" name="check_results" time="0.000999999999748979"/>
    <testcase classname="ds.listDisclosureSettings_smk_check_results" name="check_results" time="0.00100000000020373"/>
    <testcase classname="ds.listDisclosureSettings_smk_check_results" name="check_results" time="0.00100000000020373"/>
    <testcase classname="ds.listDisclosureSettings_smk_check_results" name="check_results" time="0.000999999999748979"/>
    <testcase classname="ds.listDisclosureSettings_smk_check_results" name="check_results" time="0.00100000000020373"/>
    <testcase classname="ds.listDisclosureSettings_smk_check_results" name="check_results" time="0.00199999999995271"/>
    <testcase classname="ds.listDisclosureSettings_smk_check_results" name="check_results" time="0.000999999999748979"/>
    <testcase classname="ds.listDisclosureSettings_smk_check_results" name="check_results" time="0.00100000000020373"/>
    <testcase classname="ds.listDisclosureSettings_smk_check_results" name="check_results" time="0.000999999999748979"/>
    <testcase classname="ds.listDisclosureSettings_smk_check_results" name="check_results" time="0.00199999999995271"/>
    <testcase classname="ds.listDisclosureSettings_smk_check_results" name="check_results" time="0.00100000000020373"/>
    <testcase classname="ds.listDisclosureSettings_smk_check_results" name="check_results" time="0.00100000000020373"/>
    <testcase classname="ds.listDisclosureSettings_smk_check_results" name="check_results" time="0.000999999999748979"/>
    <testcase classname="ds.listDisclosureSettings_smk_check_results" name="check_results" time="0.00199999999995271"/>
    <testcase classname="ds.listDisclosureSettings_smk_check_results" name="check_results" time="0.00100000000020373"/>
    <testcase classname="ds.listDisclosureSettings_smk_check_results" name="check_results" time="0.00199999999995271"/>
    <testcase classname="ds.listDisclosureSettings_smk_check_results" name="check_results" time="0.000999999999748979"/>
    <testcase classname="ds.listDisclosureSettings_smk_check_results" name="check_results" time="0.00100000000020373"/>
    <testcase classname="ds.listDisclosureSettings_smk_check_results" name="check_results" time="0.00100000000020373"/>
    <testcase classname="ds.listDisclosureSettings_smk_check_results" name="check_results" time="0.00199999999995271"/>
    <testcase classname="ds.listDisclosureSettings_smk_check_results" name="check_results" time="0.000999999999748979"/>
    <testcase classname="ds.listDisclosureSettings_smk_check_results" name="check_results" time="0.00199999999995271"/>
  </testsuite>
  <testsuite errors="0" failures="0" hostname="fv-az14" name="ds.listDisclosureSettings::smk::shutdown" skipped="0" tests="3" time="0.28" timestamp="2020-10-23T11:23:43Z">
    <testcase classname="ds.listDisclosureSettings_smk_shutdown" name="shutdown" time="0.278000000000247"/>
    <testcase classname="ds.listDisclosureSettings_smk_shutdown" name="shutdown" time="0.000999999999748979"/>
    <testcase classname="ds.listDisclosureSettings_smk_shutdown" name="shutdown" time="0.00100000000020373"/>
  </testsuite>
  <testsuite errors="0" failures="0" hostname="fv-az14" name="ds.listDisclosureSettings::smk::down" skipped="0" tests="0" time="0" timestamp="2020-10-23T11:23:44Z"/>
  <testsuite errors="0" failures="0" hostname="fv-az14" name="ds.list::smk::setup" skipped="0" tests="3" time="5.299" timestamp="2020-10-23T11:23:44Z">
    <testcase classname="ds.list_smk_setup" name="setup" time="5.29599999999982"/>
    <testcase classname="ds.list_smk_setup" name="setup" time="0.00199999999995271"/>
    <testcase classname="ds.list_smk_setup" name="setup" time="0.00100000000020373"/>
  </testsuite>
  <testsuite errors="0" failures="0" hostname="fv-az14" name="ds.list::smk" skipped="0" tests="28" time="3.571" timestamp="2020-10-23T11:23:48Z">
    <testcase classname="ds.list_smk" name="Is_List" time="2.47299999999996"/>
    <testcase classname="ds.list_smk" name="Is_List" time="0.269999999999982"/>
    <testcase classname="ds.list_smk" name="Is_List" time="0.00100000000020373"/>
    <testcase classname="ds.list_smk" name="Is_List" time="0.000999999999748979"/>
    <testcase classname="ds.list_smk" name="Is_List" time="0.00100000000020373"/>
    <testcase classname="ds.list_smk" name="Is_List" time="0.00199999999995271"/>
    <testcase classname="ds.list_smk" name="Is_List" time="0.000999999999748979"/>
    <testcase classname="ds.list_smk" name="Is_List" time="0.00100000000020373"/>
    <testcase classname="ds.list_smk" name="Is_List" time="0.000999999999748979"/>
    <testcase classname="ds.list_smk" name="Is_List" time="0.00100000000020373"/>
    <testcase classname="ds.list_smk" name="Is_List" time="0.00199999999995271"/>
    <testcase classname="ds.list_smk" name="Is_List" time="0.00100000000020373"/>
    <testcase classname="ds.list_smk" name="Is_List" time="0.000999999999748979"/>
    <testcase classname="ds.list_smk" name="Is_List" time="0.00100000000020373"/>
    <testcase classname="ds.list_smk" name="Is_List" time="0.530999999999949"/>
    <testcase classname="ds.list_smk" name="Is_List" time="0.00199999999995271"/>
    <testcase classname="ds.list_smk" name="Is_List" time="0.00199999999995271"/>
    <testcase classname="ds.list_smk" name="Is_List" time="0.00100000000020373"/>
    <testcase classname="ds.list_smk" name="Is_List" time="0.264999999999873"/>
    <testcase classname="ds.list_smk" name="Is_List" time="0.00100000000020373"/>
    <testcase classname="ds.list_smk" name="Is_List" time="0.00199999999995271"/>
    <testcase classname="ds.list_smk" name="Is_List" time="0.000999999999748979"/>
    <testcase classname="ds.list_smk" name="Is_List" time="0.00199999999995271"/>
    <testcase classname="ds.list_smk" name="Is_List" time="0.00100000000020373"/>
    <testcase classname="ds.list_smk" name="Is_List" time="0.00199999999995271"/>
    <testcase classname="ds.list_smk" name="Is_List" time="0.000999999999748979"/>
    <testcase classname="ds.list_smk" name="Is_List" time="0.00100000000020373"/>
    <testcase classname="ds.list_smk" name="Is_List" time="0.00199999999995271"/>
  </testsuite>
  <testsuite errors="0" failures="0" hostname="fv-az14" name="ds.list::smk::shutdown" skipped="0" tests="3" time="0.279" timestamp="2020-10-23T11:23:52Z">
    <testcase classname="ds.list_smk_shutdown" name="shutdown" time="0.277000000000044"/>
    <testcase classname="ds.list_smk_shutdown" name="shutdown" time="0.00100000000020373"/>
    <testcase classname="ds.list_smk_shutdown" name="shutdown" time="0.000999999999748979"/>
  </testsuite>
  <testsuite errors="0" failures="0" hostname="fv-az14" name="ds.list::smk::down" skipped="0" tests="0" time="0" timestamp="2020-10-23T11:23:53Z"/>
  <testsuite errors="0" failures="0" hostname="fv-az14" name="ds.listServersideFunctions::smk::check results" skipped="0" tests="394" time="6.727" timestamp="2020-10-23T11:23:57Z">
    <testcase classname="ds.listServersideFunctions_smk_check_results" name="check_results" time="5.07899999999972"/>
    <testcase classname="ds.listServersideFunctions_smk_check_results" name="check_results" time="0.00100000000020373"/>
    <testcase classname="ds.listServersideFunctions_smk_check_results" name="check_results" time="0.000999999999748979"/>
    <testcase classname="ds.listServersideFunctions_smk_check_results" name="check_results" time="0.00100000000020373"/>
    <testcase classname="ds.listServersideFunctions_smk_check_results" name="check_results" time="0.00199999999995271"/>
    <testcase classname="ds.listServersideFunctions_smk_check_results" name="check_results" time="0.00100000000020373"/>
    <testcase classname="ds.listServersideFunctions_smk_check_results" name="check_results" time="0.000999999999748979"/>
    <testcase classname="ds.listServersideFunctions_smk_check_results" name="check_results" time="0.00199999999995271"/>
    <testcase classname="ds.listServersideFunctions_smk_check_results" name="check_results" time="0.00100000000020373"/>
    <testcase classname="ds.listServersideFunctions_smk_check_results" name="check_results" time="0.000999999999748979"/>
    <testcase classname="ds.listServersideFunctions_smk_check_results" name="check_results" time="0.00100000000020373"/>
    <testcase classname="ds.listServersideFunctions_smk_check_results" name="check_results" time="0.000999999999748979"/>
    <testcase classname="ds.listServersideFunctions_smk_check_results" name="check_results" time="0.00100000000020373"/>
    <testcase classname="ds.listServersideFunctions_smk_check_results" name="check_results" time="0.00100000000020373"/>
    <testcase classname="ds.listServersideFunctions_smk_check_results" name="check_results" time="0.000999999999748979"/>
    <testcase classname="ds.listServersideFunctions_smk_check_results" name="check_results" time="0.00100000000020373"/>
    <testcase classname="ds.listServersideFunctions_smk_check_results" name="check_results" time="0.00199999999995271"/>
    <testcase classname="ds.listServersideFunctions_smk_check_results" name="check_results" time="0.000999999999748979"/>
    <testcase classname="ds.listServersideFunctions_smk_check_results" name="check_results" time="0.00100000000020373"/>
    <testcase classname="ds.listServersideFunctions_smk_check_results" name="check_results" time="0.00199999999995271"/>
    <testcase classname="ds.listServersideFunctions_smk_check_results" name="check_results" time="0.00100000000020373"/>
    <testcase classname="ds.listServersideFunctions_smk_check_results" name="check_results" time="0.000999999999748979"/>
    <testcase classname="ds.listServersideFunctions_smk_check_results" name="check_results" time="0.00100000000020373"/>
    <testcase classname="ds.listServersideFunctions_smk_check_results" name="check_results" time="0.00199999999995271"/>
    <testcase classname="ds.listServersideFunctions_smk_check_results" name="check_results" time="0.000999999999748979"/>
    <testcase classname="ds.listServersideFunctions_smk_check_results" name="check_results" time="0.00100000000020373"/>
    <testcase classname="ds.listServersideFunctions_smk_check_results" name="check_results" time="0.00199999999995271"/>
    <testcase classname="ds.listServersideFunctions_smk_check_results" name="check_results" time="0.00100000000020373"/>
    <testcase classname="ds.listServersideFunctions_smk_check_results" name="check_results" time="0.000999999999748979"/>
    <testcase classname="ds.listServersideFunctions_smk_check_results" name="check_results" time="0.00199999999995271"/>
    <testcase classname="ds.listServersideFunctions_smk_check_results" name="check_results" time="0.00100000000020373"/>
    <testcase classname="ds.listServersideFunctions_smk_check_results" name="check_results" time="0.00199999999995271"/>
    <testcase classname="ds.listServersideFunctions_smk_check_results" name="check_results" time="0.000999999999748979"/>
    <testcase classname="ds.listServersideFunctions_smk_check_results" name="check_results" time="0.00100000000020373"/>
    <testcase classname="ds.listServersideFunctions_smk_check_results" name="check_results" time="0.00199999999995271"/>
    <testcase classname="ds.listServersideFunctions_smk_check_results" name="check_results" time="0.00100000000020373"/>
    <testcase classname="ds.listServersideFunctions_smk_check_results" name="check_results" time="0.000999999999748979"/>
    <testcase classname="ds.listServersideFunctions_smk_check_results" name="check_results" time="0.00199999999995271"/>
    <testcase classname="ds.listServersideFunctions_smk_check_results" name="check_results" time="0.00199999999995271"/>
    <testcase classname="ds.listServersideFunctions_smk_check_results" name="check_results" time="0.00100000000020373"/>
    <testcase classname="ds.listServersideFunctions_smk_check_results" name="check_results" time="0.00199999999995271"/>
    <testcase classname="ds.listServersideFunctions_smk_check_results" name="check_results" time="0.00199999999995271"/>
    <testcase classname="ds.listServersideFunctions_smk_check_results" name="check_results" time="0.00100000000020373"/>
    <testcase classname="ds.listServersideFunctions_smk_check_results" name="check_results" time="0.00199999999995271"/>
    <testcase classname="ds.listServersideFunctions_smk_check_results" name="check_results" time="0.000999999999748979"/>
    <testcase classname="ds.listServersideFunctions_smk_check_results" name="check_results" time="0.00199999999995271"/>
    <testcase classname="ds.listServersideFunctions_smk_check_results" name="check_results" time="0.00100000000020373"/>
    <testcase classname="ds.listServersideFunctions_smk_check_results" name="check_results" time="0.00199999999995271"/>
    <testcase classname="ds.listServersideFunctions_smk_check_results" name="check_results" time="0.00100000000020373"/>
    <testcase classname="ds.listServersideFunctions_smk_check_results" name="check_results" time="0.00199999999995271"/>
    <testcase classname="ds.listServersideFunctions_smk_check_results" name="check_results" time="0.000999999999748979"/>
    <testcase classname="ds.listServersideFunctions_smk_check_results" name="check_results" time="0.00199999999995271"/>
    <testcase classname="ds.listServersideFunctions_smk_check_results" name="check_results" time="0.00199999999995271"/>
    <testcase classname="ds.listServersideFunctions_smk_check_results" name="check_results" time="0.00200000000040745"/>
    <testcase classname="ds.listServersideFunctions_smk_check_results" name="check_results" time="0.000999999999748979"/>
    <testcase classname="ds.listServersideFunctions_smk_check_results" name="check_results" time="0.00199999999995271"/>
    <testcase classname="ds.listServersideFunctions_smk_check_results" name="check_results" time="0.00199999999995271"/>
    <testcase classname="ds.listServersideFunctions_smk_check_results" name="check_results" time="0.00199999999995271"/>
    <testcase classname="ds.listServersideFunctions_smk_check_results" name="check_results" time="0.00100000000020373"/>
    <testcase classname="ds.listServersideFunctions_smk_check_results" name="check_results" time="0.00399999999990541"/>
    <testcase classname="ds.listServersideFunctions_smk_check_results" name="check_results" time="0.00199999999995271"/>
    <testcase classname="ds.listServersideFunctions_smk_check_results" name="check_results" time="0.00199999999995271"/>
    <testcase classname="ds.listServersideFunctions_smk_check_results" name="check_results" time="0.00200000000040745"/>
    <testcase classname="ds.listServersideFunctions_smk_check_results" name="check_results" time="0.00199999999995271"/>
    <testcase classname="ds.listServersideFunctions_smk_check_results" name="check_results" time="0.00199999999995271"/>
    <testcase classname="ds.listServersideFunctions_smk_check_results" name="check_results" time="0.00199999999995271"/>
    <testcase classname="ds.listServersideFunctions_smk_check_results" name="check_results" time="0.00199999999995271"/>
    <testcase classname="ds.listServersideFunctions_smk_check_results" name="check_results" time="0.00199999999995271"/>
    <testcase classname="ds.listServersideFunctions_smk_check_results" name="check_results" time="0.00199999999995271"/>
    <testcase classname="ds.listServersideFunctions_smk_check_results" name="check_results" time="0.00199999999995271"/>
    <testcase classname="ds.listServersideFunctions_smk_check_results" name="check_results" time="0.00199999999995271"/>
    <testcase classname="ds.listServersideFunctions_smk_check_results" name="check_results" time="0.00199999999995271"/>
    <testcase classname="ds.listServersideFunctions_smk_check_results" name="check_results" time="0.00200000000040745"/>
    <testcase classname="ds.listServersideFunctions_smk_check_results" name="check_results" time="0.00299999999970169"/>
    <testcase classname="ds.listServersideFunctions_smk_check_results" name="check_results" time="0.00199999999995271"/>
    <testcase classname="ds.listServersideFunctions_smk_check_results" name="check_results" time="0.00199999999995271"/>
    <testcase classname="ds.listServersideFunctions_smk_check_results" name="check_results" time="0.00200000000040745"/>
    <testcase classname="ds.listServersideFunctions_smk_check_results" name="check_results" time="0.00299999999970169"/>
    <testcase classname="ds.listServersideFunctions_smk_check_results" name="check_results" time="0.00199999999995271"/>
    <testcase classname="ds.listServersideFunctions_smk_check_results" name="check_results" time="0.00199999999995271"/>
    <testcase classname="ds.listServersideFunctions_smk_check_results" name="check_results" time="0.00300000000015643"/>
    <testcase classname="ds.listServersideFunctions_smk_check_results" name="check_results" time="0.00199999999995271"/>
    <testcase classname="ds.listServersideFunctions_smk_check_results" name="check_results" time="0.00300000000015643"/>
    <testcase classname="ds.listServersideFunctions_smk_check_results" name="check_results" time="0.00199999999995271"/>
    <testcase classname="ds.listServersideFunctions_smk_check_results" name="check_results" time="0.00199999999995271"/>
    <testcase classname="ds.listServersideFunctions_smk_check_results" name="check_results" time="0.00300000000015643"/>
    <testcase classname="ds.listServersideFunctions_smk_check_results" name="check_results" time="0.00199999999995271"/>
    <testcase classname="ds.listServersideFunctions_smk_check_results" name="check_results" time="0.00199999999995271"/>
    <testcase classname="ds.listServersideFunctions_smk_check_results" name="check_results" time="0.0109999999999673"/>
    <testcase classname="ds.listServersideFunctions_smk_check_results" name="check_results" time="0.00199999999995271"/>
    <testcase classname="ds.listServersideFunctions_smk_check_results" name="check_results" time="0.00300000000015643"/>
    <testcase classname="ds.listServersideFunctions_smk_check_results" name="check_results" time="0.00199999999995271"/>
    <testcase classname="ds.listServersideFunctions_smk_check_results" name="check_results" time="0.00299999999970169"/>
    <testcase classname="ds.listServersideFunctions_smk_check_results" name="check_results" time="0.00200000000040745"/>
    <testcase classname="ds.listServersideFunctions_smk_check_results" name="check_results" time="0.00199999999995271"/>
    <testcase classname="ds.listServersideFunctions_smk_check_results" name="check_results" time="0.00299999999970169"/>
    <testcase classname="ds.listServersideFunctions_smk_check_results" name="check_results" time="0.00199999999995271"/>
    <testcase classname="ds.listServersideFunctions_smk_check_results" name="check_results" time="0.00300000000015643"/>
    <testcase classname="ds.listServersideFunctions_smk_check_results" name="check_results" time="0.00199999999995271"/>
    <testcase classname="ds.listServersideFunctions_smk_check_results" name="check_results" time="0.00300000000015643"/>
    <testcase classname="ds.listServersideFunctions_smk_check_results" name="check_results" time="0.00199999999995271"/>
    <testcase classname="ds.listServersideFunctions_smk_check_results" name="check_results" time="0.00199999999995271"/>
    <testcase classname="ds.listServersideFunctions_smk_check_results" name="check_results" time="0.00199999999995271"/>
    <testcase classname="ds.listServersideFunctions_smk_check_results" name="check_results" time="0.00300000000015643"/>
    <testcase classname="ds.listServersideFunctions_smk_check_results" name="check_results" time="0.00299999999970169"/>
    <testcase classname="ds.listServersideFunctions_smk_check_results" name="check_results" time="0.00300000000015643"/>
    <testcase classname="ds.listServersideFunctions_smk_check_results" name="check_results" time="0.00199999999995271"/>
    <testcase classname="ds.listServersideFunctions_smk_check_results" name="check_results" time="0.00300000000015643"/>
    <testcase classname="ds.listServersideFunctions_smk_check_results" name="check_results" time="0.00199999999995271"/>
    <testcase classname="ds.listServersideFunctions_smk_check_results" name="check_results" time="0.00300000000015643"/>
    <testcase classname="ds.listServersideFunctions_smk_check_results" name="check_results" time="0.00199999999995271"/>
    <testcase classname="ds.listServersideFunctions_smk_check_results" name="check_results" time="0.00299999999970169"/>
    <testcase classname="ds.listServersideFunctions_smk_check_results" name="check_results" time="0.00200000000040745"/>
    <testcase classname="ds.listServersideFunctions_smk_check_results" name="check_results" time="0.00299999999970169"/>
    <testcase classname="ds.listServersideFunctions_smk_check_results" name="check_results" time="0.00199999999995271"/>
    <testcase classname="ds.listServersideFunctions_smk_check_results" name="check_results" time="0.00399999999990541"/>
    <testcase classname="ds.listServersideFunctions_smk_check_results" name="check_results" time="0.00200000000040745"/>
    <testcase classname="ds.listServersideFunctions_smk_check_results" name="check_results" time="0.00299999999970169"/>
    <testcase classname="ds.listServersideFunctions_smk_check_results" name="check_results" time="0.00199999999995271"/>
    <testcase classname="ds.listServersideFunctions_smk_check_results" name="check_results" time="0.00300000000015643"/>
    <testcase classname="ds.listServersideFunctions_smk_check_results" name="check_results" time="0.00300000000015643"/>
    <testcase classname="ds.listServersideFunctions_smk_check_results" name="check_results" time="0.00299999999970169"/>
    <testcase classname="ds.listServersideFunctions_smk_check_results" name="check_results" time="0.00300000000015643"/>
    <testcase classname="ds.listServersideFunctions_smk_check_results" name="check_results" time="0.00300000000015643"/>
    <testcase classname="ds.listServersideFunctions_smk_check_results" name="check_results" time="0.00299999999970169"/>
    <testcase classname="ds.listServersideFunctions_smk_check_results" name="check_results" time="0.00300000000015643"/>
    <testcase classname="ds.listServersideFunctions_smk_check_results" name="check_results" time="0.00300000000015643"/>
    <testcase classname="ds.listServersideFunctions_smk_check_results" name="check_results" time="0.00399999999990541"/>
    <testcase classname="ds.listServersideFunctions_smk_check_results" name="check_results" time="0.00399999999990541"/>
    <testcase classname="ds.listServersideFunctions_smk_check_results" name="check_results" time="0.00300000000015643"/>
    <testcase classname="ds.listServersideFunctions_smk_check_results" name="check_results" time="0.00399999999990541"/>
    <testcase classname="ds.listServersideFunctions_smk_check_results" name="check_results" time="0.00399999999990541"/>
    <testcase classname="ds.listServersideFunctions_smk_check_results" name="check_results" time="0.00300000000015643"/>
    <testcase classname="ds.listServersideFunctions_smk_check_results" name="check_results" time="0.00299999999970169"/>
    <testcase classname="ds.listServersideFunctions_smk_check_results" name="check_results" time="0.00300000000015643"/>
    <testcase classname="ds.listServersideFunctions_smk_check_results" name="check_results" time="0.00300000000015643"/>
    <testcase classname="ds.listServersideFunctions_smk_check_results" name="check_results" time="0.00299999999970169"/>
    <testcase classname="ds.listServersideFunctions_smk_check_results" name="check_results" time="0.00300000000015643"/>
    <testcase classname="ds.listServersideFunctions_smk_check_results" name="check_results" time="0.00300000000015643"/>
    <testcase classname="ds.listServersideFunctions_smk_check_results" name="check_results" time="0.00399999999990541"/>
    <testcase classname="ds.listServersideFunctions_smk_check_results" name="check_results" time="0.00300000000015643"/>
    <testcase classname="ds.listServersideFunctions_smk_check_results" name="check_results" time="0.00299999999970169"/>
    <testcase classname="ds.listServersideFunctions_smk_check_results" name="check_results" time="0.00300000000015643"/>
    <testcase classname="ds.listServersideFunctions_smk_check_results" name="check_results" time="0.00199999999995271"/>
    <testcase classname="ds.listServersideFunctions_smk_check_results" name="check_results" time="0.00300000000015643"/>
    <testcase classname="ds.listServersideFunctions_smk_check_results" name="check_results" time="0.00299999999970169"/>
    <testcase classname="ds.listServersideFunctions_smk_check_results" name="check_results" time="0.00300000000015643"/>
    <testcase classname="ds.listServersideFunctions_smk_check_results" name="check_results" time="0.00399999999990541"/>
    <testcase classname="ds.listServersideFunctions_smk_check_results" name="check_results" time="0.00300000000015643"/>
    <testcase classname="ds.listServersideFunctions_smk_check_results" name="check_results" time="0.00199999999995271"/>
    <testcase classname="ds.listServersideFunctions_smk_check_results" name="check_results" time="0.00300000000015643"/>
    <testcase classname="ds.listServersideFunctions_smk_check_results" name="check_results" time="0.00399999999990541"/>
    <testcase classname="ds.listServersideFunctions_smk_check_results" name="check_results" time="0.00299999999970169"/>
    <testcase classname="ds.listServersideFunctions_smk_check_results" name="check_results" time="0.00300000000015643"/>
    <testcase classname="ds.listServersideFunctions_smk_check_results" name="check_results" time="0.00399999999990541"/>
    <testcase classname="ds.listServersideFunctions_smk_check_results" name="check_results" time="0.00300000000015643"/>
    <testcase classname="ds.listServersideFunctions_smk_check_results" name="check_results" time="0.00300000000015643"/>
    <testcase classname="ds.listServersideFunctions_smk_check_results" name="check_results" time="0.00399999999990541"/>
    <testcase classname="ds.listServersideFunctions_smk_check_results" name="check_results" time="0.00299999999970169"/>
    <testcase classname="ds.listServersideFunctions_smk_check_results" name="check_results" time="0.00600000000031287"/>
    <testcase classname="ds.listServersideFunctions_smk_check_results" name="check_results" time="0.0119999999997162"/>
    <testcase classname="ds.listServersideFunctions_smk_check_results" name="check_results" time="0.00400000000036016"/>
    <testcase classname="ds.listServersideFunctions_smk_check_results" name="check_results" time="0.00499999999965439"/>
    <testcase classname="ds.listServersideFunctions_smk_check_results" name="check_results" time="0.00400000000036016"/>
    <testcase classname="ds.listServersideFunctions_smk_check_results" name="check_results" time="0.00399999999990541"/>
    <testcase classname="ds.listServersideFunctions_smk_check_results" name="check_results" time="0.00399999999990541"/>
    <testcase classname="ds.listServersideFunctions_smk_check_results" name="check_results" time="0.00399999999990541"/>
    <testcase classname="ds.listServersideFunctions_smk_check_results" name="check_results" time="0.00399999999990541"/>
    <testcase classname="ds.listServersideFunctions_smk_check_results" name="check_results" time="0.00400000000036016"/>
    <testcase classname="ds.listServersideFunctions_smk_check_results" name="check_results" time="0.00399999999990541"/>
    <testcase classname="ds.listServersideFunctions_smk_check_results" name="check_results" time="0.00399999999990541"/>
    <testcase classname="ds.listServersideFunctions_smk_check_results" name="check_results" time="0.00399999999990541"/>
    <testcase classname="ds.listServersideFunctions_smk_check_results" name="check_results" time="0.00399999999990541"/>
    <testcase classname="ds.listServersideFunctions_smk_check_results" name="check_results" time="0.00400000000036016"/>
    <testcase classname="ds.listServersideFunctions_smk_check_results" name="check_results" time="0.00399999999990541"/>
    <testcase classname="ds.listServersideFunctions_smk_check_results" name="check_results" time="0.00399999999990541"/>
    <testcase classname="ds.listServersideFunctions_smk_check_results" name="check_results" time="0.00300000000015643"/>
    <testcase classname="ds.listServersideFunctions_smk_check_results" name="check_results" time="0.00399999999990541"/>
    <testcase classname="ds.listServersideFunctions_smk_check_results" name="check_results" time="0.00300000000015643"/>
    <testcase classname="ds.listServersideFunctions_smk_check_results" name="check_results" time="0.00299999999970169"/>
    <testcase classname="ds.listServersideFunctions_smk_check_results" name="check_results" time="0.00300000000015643"/>
    <testcase classname="ds.listServersideFunctions_smk_check_results" name="check_results" time="0.00399999999990541"/>
    <testcase classname="ds.listServersideFunctions_smk_check_results" name="check_results" time="0.00300000000015643"/>
    <testcase classname="ds.listServersideFunctions_smk_check_results" name="check_results" time="0.00299999999970169"/>
    <testcase classname="ds.listServersideFunctions_smk_check_results" name="check_results" time="0.00300000000015643"/>
    <testcase classname="ds.listServersideFunctions_smk_check_results" name="check_results" time="0.00399999999990541"/>
    <testcase classname="ds.listServersideFunctions_smk_check_results" name="check_results" time="0.00300000000015643"/>
    <testcase classname="ds.listServersideFunctions_smk_check_results" name="check_results" time="0.00399999999990541"/>
    <testcase classname="ds.listServersideFunctions_smk_check_results" name="check_results" time="0.00300000000015643"/>
    <testcase classname="ds.listServersideFunctions_smk_check_results" name="check_results" time="0.00299999999970169"/>
    <testcase classname="ds.listServersideFunctions_smk_check_results" name="check_results" time="0.00400000000036016"/>
    <testcase classname="ds.listServersideFunctions_smk_check_results" name="check_results" time="0.00399999999990541"/>
    <testcase classname="ds.listServersideFunctions_smk_check_results" name="check_results" time="0.00300000000015643"/>
    <testcase classname="ds.listServersideFunctions_smk_check_results" name="check_results" time="0.00299999999970169"/>
    <testcase classname="ds.listServersideFunctions_smk_check_results" name="check_results" time="0.00399999999990541"/>
    <testcase classname="ds.listServersideFunctions_smk_check_results" name="check_results" time="0.00400000000036016"/>
    <testcase classname="ds.listServersideFunctions_smk_check_results" name="check_results" time="0.00399999999990541"/>
    <testcase classname="ds.listServersideFunctions_smk_check_results" name="check_results" time="0.00399999999990541"/>
    <testcase classname="ds.listServersideFunctions_smk_check_results" name="check_results" time="0.00399999999990541"/>
    <testcase classname="ds.listServersideFunctions_smk_check_results" name="check_results" time="0.00399999999990541"/>
    <testcase classname="ds.listServersideFunctions_smk_check_results" name="check_results" time="0.00300000000015643"/>
    <testcase classname="ds.listServersideFunctions_smk_check_results" name="check_results" time="0.00399999999990541"/>
    <testcase classname="ds.listServersideFunctions_smk_check_results" name="check_results" time="0.00300000000015643"/>
    <testcase classname="ds.listServersideFunctions_smk_check_results" name="check_results" time="0.00500000000010914"/>
    <testcase classname="ds.listServersideFunctions_smk_check_results" name="check_results" time="0.00399999999990541"/>
    <testcase classname="ds.listServersideFunctions_smk_check_results" name="check_results" time="0.00500000000010914"/>
    <testcase classname="ds.listServersideFunctions_smk_check_results" name="check_results" time="0.00399999999990541"/>
    <testcase classname="ds.listServersideFunctions_smk_check_results" name="check_results" time="0.00500000000010914"/>
    <testcase classname="ds.listServersideFunctions_smk_check_results" name="check_results" time="0.00399999999990541"/>
    <testcase classname="ds.listServersideFunctions_smk_check_results" name="check_results" time="0.00300000000015643"/>
    <testcase classname="ds.listServersideFunctions_smk_check_results" name="check_results" time="0.00499999999965439"/>
    <testcase classname="ds.listServersideFunctions_smk_check_results" name="check_results" time="0.00399999999990541"/>
    <testcase classname="ds.listServersideFunctions_smk_check_results" name="check_results" time="0.011000000000422"/>
    <testcase classname="ds.listServersideFunctions_smk_check_results" name="check_results" time="0.00399999999990541"/>
    <testcase classname="ds.listServersideFunctions_smk_check_results" name="check_results" time="0.00399999999990541"/>
    <testcase classname="ds.listServersideFunctions_smk_check_results" name="check_results" time="0.00399999999990541"/>
    <testcase classname="ds.listServersideFunctions_smk_check_results" name="check_results" time="0.00399999999990541"/>
    <testcase classname="ds.listServersideFunctions_smk_check_results" name="check_results" time="0.00400000000036016"/>
    <testcase classname="ds.listServersideFunctions_smk_check_results" name="check_results" time="0.00399999999990541"/>
    <testcase classname="ds.listServersideFunctions_smk_check_results" name="check_results" time="0.00399999999990541"/>
    <testcase classname="ds.listServersideFunctions_smk_check_results" name="check_results" time="0.00399999999990541"/>
    <testcase classname="ds.listServersideFunctions_smk_check_results" name="check_results" time="0.00500000000010914"/>
    <testcase classname="ds.listServersideFunctions_smk_check_results" name="check_results" time="0.00399999999990541"/>
    <testcase classname="ds.listServersideFunctions_smk_check_results" name="check_results" time="0.00399999999990541"/>
    <testcase classname="ds.listServersideFunctions_smk_check_results" name="check_results" time="0.00400000000036016"/>
    <testcase classname="ds.listServersideFunctions_smk_check_results" name="check_results" time="0.00399999999990541"/>
    <testcase classname="ds.listServersideFunctions_smk_check_results" name="check_results" time="0.00299999999970169"/>
    <testcase classname="ds.listServersideFunctions_smk_check_results" name="check_results" time="0.00500000000010914"/>
    <testcase classname="ds.listServersideFunctions_smk_check_results" name="check_results" time="0.00500000000010914"/>
    <testcase classname="ds.listServersideFunctions_smk_check_results" name="check_results" time="0.00399999999990541"/>
    <testcase classname="ds.listServersideFunctions_smk_check_results" name="check_results" time="0.00399999999990541"/>
    <testcase classname="ds.listServersideFunctions_smk_check_results" name="check_results" time="0.00400000000036016"/>
    <testcase classname="ds.listServersideFunctions_smk_check_results" name="check_results" time="0.00499999999965439"/>
    <testcase classname="ds.listServersideFunctions_smk_check_results" name="check_results" time="0.00500000000010914"/>
    <testcase classname="ds.listServersideFunctions_smk_check_results" name="check_results" time="0.00500000000010914"/>
    <testcase classname="ds.listServersideFunctions_smk_check_results" name="check_results" time="0.00500000000010914"/>
    <testcase classname="ds.listServersideFunctions_smk_check_results" name="check_results" time="0.00399999999990541"/>
    <testcase classname="ds.listServersideFunctions_smk_check_results" name="check_results" time="0.00500000000010914"/>
    <testcase classname="ds.listServersideFunctions_smk_check_results" name="check_results" time="0.00499999999965439"/>
    <testcase classname="ds.listServersideFunctions_smk_check_results" name="check_results" time="0.00500000000010914"/>
    <testcase classname="ds.listServersideFunctions_smk_check_results" name="check_results" time="0.00399999999990541"/>
    <testcase classname="ds.listServersideFunctions_smk_check_results" name="check_results" time="0.00500000000010914"/>
    <testcase classname="ds.listServersideFunctions_smk_check_results" name="check_results" time="0.00500000000010914"/>
    <testcase classname="ds.listServersideFunctions_smk_check_results" name="check_results" time="0.00399999999990541"/>
    <testcase classname="ds.listServersideFunctions_smk_check_results" name="check_results" time="0.00500000000010914"/>
    <testcase classname="ds.listServersideFunctions_smk_check_results" name="check_results" time="0.00500000000010914"/>
    <testcase classname="ds.listServersideFunctions_smk_check_results" name="check_results" time="0.00499999999965439"/>
    <testcase classname="ds.listServersideFunctions_smk_check_results" name="check_results" time="0.00500000000010914"/>
    <testcase classname="ds.listServersideFunctions_smk_check_results" name="check_results" time="0.00599999999985812"/>
    <testcase classname="ds.listServersideFunctions_smk_check_results" name="check_results" time="0.00500000000010914"/>
    <testcase classname="ds.listServersideFunctions_smk_check_results" name="check_results" time="0.00500000000010914"/>
    <testcase classname="ds.listServersideFunctions_smk_check_results" name="check_results" time="0.00599999999985812"/>
    <testcase classname="ds.listServersideFunctions_smk_check_results" name="check_results" time="0.00600000000031287"/>
    <testcase classname="ds.listServersideFunctions_smk_check_results" name="check_results" time="0.00499999999965439"/>
    <testcase classname="ds.listServersideFunctions_smk_check_results" name="check_results" time="0.0130000000003747"/>
    <testcase classname="ds.listServersideFunctions_smk_check_results" name="check_results" time="0.00399999999990541"/>
    <testcase classname="ds.listServersideFunctions_smk_check_results" name="check_results" time="0.00599999999985812"/>
    <testcase classname="ds.listServersideFunctions_smk_check_results" name="check_results" time="0.00399999999990541"/>
    <testcase classname="ds.listServersideFunctions_smk_check_results" name="check_results" time="0.00500000000010914"/>
    <testcase classname="ds.listServersideFunctions_smk_check_results" name="check_results" time="0.00500000000010914"/>
    <testcase classname="ds.listServersideFunctions_smk_check_results" name="check_results" time="0.00399999999990541"/>
    <testcase classname="ds.listServersideFunctions_smk_check_results" name="check_results" time="0.00500000000010914"/>
    <testcase classname="ds.listServersideFunctions_smk_check_results" name="check_results" time="0.00499999999965439"/>
    <testcase classname="ds.listServersideFunctions_smk_check_results" name="check_results" time="0.00500000000010914"/>
    <testcase classname="ds.listServersideFunctions_smk_check_results" name="check_results" time="0.00500000000010914"/>
    <testcase classname="ds.listServersideFunctions_smk_check_results" name="check_results" time="0.00500000000010914"/>
    <testcase classname="ds.listServersideFunctions_smk_check_results" name="check_results" time="0.00500000000010914"/>
    <testcase classname="ds.listServersideFunctions_smk_check_results" name="check_results" time="0.00399999999990541"/>
    <testcase classname="ds.listServersideFunctions_smk_check_results" name="check_results" time="0.00599999999985812"/>
    <testcase classname="ds.listServersideFunctions_smk_check_results" name="check_results" time="0.00399999999990541"/>
    <testcase classname="ds.listServersideFunctions_smk_check_results" name="check_results" time="0.00500000000010914"/>
    <testcase classname="ds.listServersideFunctions_smk_check_results" name="check_results" time="0.00599999999985812"/>
    <testcase classname="ds.listServersideFunctions_smk_check_results" name="check_results" time="0.00400000000036016"/>
    <testcase classname="ds.listServersideFunctions_smk_check_results" name="check_results" time="0.00499999999965439"/>
    <testcase classname="ds.listServersideFunctions_smk_check_results" name="check_results" time="0.00500000000010914"/>
    <testcase classname="ds.listServersideFunctions_smk_check_results" name="check_results" time="0.00500000000010914"/>
    <testcase classname="ds.listServersideFunctions_smk_check_results" name="check_results" time="0.00399999999990541"/>
    <testcase classname="ds.listServersideFunctions_smk_check_results" name="check_results" time="0.00500000000010914"/>
    <testcase classname="ds.listServersideFunctions_smk_check_results" name="check_results" time="0.00599999999985812"/>
    <testcase classname="ds.listServersideFunctions_smk_check_results" name="check_results" time="0.00500000000010914"/>
    <testcase classname="ds.listServersideFunctions_smk_check_results" name="check_results" time="0.00700000000006185"/>
    <testcase classname="ds.listServersideFunctions_smk_check_results" name="check_results" time="0.00499999999965439"/>
    <testcase classname="ds.listServersideFunctions_smk_check_results" name="check_results" time="0.00500000000010914"/>
    <testcase classname="ds.listServersideFunctions_smk_check_results" name="check_results" time="0.00600000000031287"/>
    <testcase classname="ds.listServersideFunctions_smk_check_results" name="check_results" time="0.00599999999985812"/>
    <testcase classname="ds.listServersideFunctions_smk_check_results" name="check_results" time="0.00599999999985812"/>
    <testcase classname="ds.listServersideFunctions_smk_check_results" name="check_results" time="0.00599999999985812"/>
    <testcase classname="ds.listServersideFunctions_smk_check_results" name="check_results" time="0.00600000000031287"/>
    <testcase classname="ds.listServersideFunctions_smk_check_results" name="check_results" time="0.00599999999985812"/>
    <testcase classname="ds.listServersideFunctions_smk_check_results" name="check_results" time="0.00599999999985812"/>
    <testcase classname="ds.listServersideFunctions_smk_check_results" name="check_results" time="0.00600000000031287"/>
    <testcase classname="ds.listServersideFunctions_smk_check_results" name="check_results" time="0.01299999999992"/>
    <testcase classname="ds.listServersideFunctions_smk_check_results" name="check_results" time="0.00399999999990541"/>
    <testcase classname="ds.listServersideFunctions_smk_check_results" name="check_results" time="0.00499999999965439"/>
    <testcase classname="ds.listServersideFunctions_smk_check_results" name="check_results" time="0.00500000000010914"/>
    <testcase classname="ds.listServersideFunctions_smk_check_results" name="check_results" time="0.00399999999990541"/>
    <testcase classname="ds.listServersideFunctions_smk_check_results" name="check_results" time="0.00600000000031287"/>
    <testcase classname="ds.listServersideFunctions_smk_check_results" name="check_results" time="0.00499999999965439"/>
    <testcase classname="ds.listServersideFunctions_smk_check_results" name="check_results" time="0.00600000000031287"/>
    <testcase classname="ds.listServersideFunctions_smk_check_results" name="check_results" time="0.00500000000010914"/>
    <testcase classname="ds.listServersideFunctions_smk_check_results" name="check_results" time="0.00599999999985812"/>
    <testcase classname="ds.listServersideFunctions_smk_check_results" name="check_results" time="0.00599999999985812"/>
    <testcase classname="ds.listServersideFunctions_smk_check_results" name="check_results" time="0.00599999999985812"/>
    <testcase classname="ds.listServersideFunctions_smk_check_results" name="check_results" time="0.00500000000010914"/>
    <testcase classname="ds.listServersideFunctions_smk_check_results" name="check_results" time="0.00700000000006185"/>
    <testcase classname="ds.listServersideFunctions_smk_check_results" name="check_results" time="0.00599999999985812"/>
    <testcase classname="ds.listServersideFunctions_smk_check_results" name="check_results" time="0.00500000000010914"/>
    <testcase classname="ds.listServersideFunctions_smk_check_results" name="check_results" time="0.00700000000006185"/>
    <testcase classname="ds.listServersideFunctions_smk_check_results" name="check_results" time="0.00599999999985812"/>
    <testcase classname="ds.listServersideFunctions_smk_check_results" name="check_results" time="0.00600000000031287"/>
    <testcase classname="ds.listServersideFunctions_smk_check_results" name="check_results" time="0.00700000000006185"/>
    <testcase classname="ds.listServersideFunctions_smk_check_results" name="check_results" time="0.00599999999985812"/>
    <testcase classname="ds.listServersideFunctions_smk_check_results" name="check_results" time="0.00599999999985812"/>
    <testcase classname="ds.listServersideFunctions_smk_check_results" name="check_results" time="0.00599999999985812"/>
    <testcase classname="ds.listServersideFunctions_smk_check_results" name="check_results" time="0.00600000000031287"/>
    <testcase classname="ds.listServersideFunctions_smk_check_results" name="check_results" time="0.00599999999985812"/>
    <testcase classname="ds.listServersideFunctions_smk_check_results" name="check_results" time="0.00599999999985812"/>
    <testcase classname="ds.listServersideFunctions_smk_check_results" name="check_results" time="0.00600000000031287"/>
    <testcase classname="ds.listServersideFunctions_smk_check_results" name="check_results" time="0.00599999999985812"/>
    <testcase classname="ds.listServersideFunctions_smk_check_results" name="check_results" time="0.00599999999985812"/>
    <testcase classname="ds.listServersideFunctions_smk_check_results" name="check_results" time="0.00700000000006185"/>
    <testcase classname="ds.listServersideFunctions_smk_check_results" name="check_results" time="0.00600000000031287"/>
    <testcase classname="ds.listServersideFunctions_smk_check_results" name="check_results" time="0.00599999999985812"/>
    <testcase classname="ds.listServersideFunctions_smk_check_results" name="check_results" time="0.00599999999985812"/>
    <testcase classname="ds.listServersideFunctions_smk_check_results" name="check_results" time="0.0140000000001237"/>
    <testcase classname="ds.listServersideFunctions_smk_check_results" name="check_results" time="0.00599999999985812"/>
    <testcase classname="ds.listServersideFunctions_smk_check_results" name="check_results" time="0.00700000000006185"/>
    <testcase classname="ds.listServersideFunctions_smk_check_results" name="check_results" time="0.00599999999985812"/>
    <testcase classname="ds.listServersideFunctions_smk_check_results" name="check_results" time="0.00600000000031287"/>
    <testcase classname="ds.listServersideFunctions_smk_check_results" name="check_results" time="0.00599999999985812"/>
    <testcase classname="ds.listServersideFunctions_smk_check_results" name="check_results" time="0.00700000000006185"/>
    <testcase classname="ds.listServersideFunctions_smk_check_results" name="check_results" time="0.00500000000010914"/>
    <testcase classname="ds.listServersideFunctions_smk_check_results" name="check_results" time="0.00599999999985812"/>
    <testcase classname="ds.listServersideFunctions_smk_check_results" name="check_results" time="0.00599999999985812"/>
    <testcase classname="ds.listServersideFunctions_smk_check_results" name="check_results" time="0.00600000000031287"/>
    <testcase classname="ds.listServersideFunctions_smk_check_results" name="check_results" time="0.00599999999985812"/>
    <testcase classname="ds.listServersideFunctions_smk_check_results" name="check_results" time="0.00700000000006185"/>
    <testcase classname="ds.listServersideFunctions_smk_check_results" name="check_results" time="0.00599999999985812"/>
    <testcase classname="ds.listServersideFunctions_smk_check_results" name="check_results" time="0.00599999999985812"/>
    <testcase classname="ds.listServersideFunctions_smk_check_results" name="check_results" time="0.00600000000031287"/>
    <testcase classname="ds.listServersideFunctions_smk_check_results" name="check_results" time="0.00599999999985812"/>
    <testcase classname="ds.listServersideFunctions_smk_check_results" name="check_results" time="0.00700000000006185"/>
    <testcase classname="ds.listServersideFunctions_smk_check_results" name="check_results" time="0.00599999999985812"/>
    <testcase classname="ds.listServersideFunctions_smk_check_results" name="check_results" time="0.00599999999985812"/>
    <testcase classname="ds.listServersideFunctions_smk_check_results" name="check_results" time="0.00600000000031287"/>
    <testcase classname="ds.listServersideFunctions_smk_check_results" name="check_results" time="0.00700000000006185"/>
    <testcase classname="ds.listServersideFunctions_smk_check_results" name="check_results" time="0.00599999999985812"/>
    <testcase classname="ds.listServersideFunctions_smk_check_results" name="check_results" time="0.00700000000006185"/>
    <testcase classname="ds.listServersideFunctions_smk_check_results" name="check_results" time="0.00599999999985812"/>
    <testcase classname="ds.listServersideFunctions_smk_check_results" name="check_results" time="0.00599999999985812"/>
    <testcase classname="ds.listServersideFunctions_smk_check_results" name="check_results" time="0.00700000000006185"/>
    <testcase classname="ds.listServersideFunctions_smk_check_results" name="check_results" time="0.00700000000006185"/>
    <testcase classname="ds.listServersideFunctions_smk_check_results" name="check_results" time="0.00599999999985812"/>
    <testcase classname="ds.listServersideFunctions_smk_check_results" name="check_results" time="0.00700000000006185"/>
    <testcase classname="ds.listServersideFunctions_smk_check_results" name="check_results" time="0.0130000000003747"/>
    <testcase classname="ds.listServersideFunctions_smk_check_results" name="check_results" time="0.00599999999985812"/>
    <testcase classname="ds.listServersideFunctions_smk_check_results" name="check_results" time="0.00599999999985812"/>
    <testcase classname="ds.listServersideFunctions_smk_check_results" name="check_results" time="0.00599999999985812"/>
    <testcase classname="ds.listServersideFunctions_smk_check_results" name="check_results" time="0.00700000000006185"/>
    <testcase classname="ds.listServersideFunctions_smk_check_results" name="check_results" time="0.00800000000026557"/>
    <testcase classname="ds.listServersideFunctions_smk_check_results" name="check_results" time="0.00599999999985812"/>
    <testcase classname="ds.listServersideFunctions_smk_check_results" name="check_results" time="0.00599999999985812"/>
    <testcase classname="ds.listServersideFunctions_smk_check_results" name="check_results" time="0.00800000000026557"/>
    <testcase classname="ds.listServersideFunctions_smk_check_results" name="check_results" time="0.00599999999985812"/>
    <testcase classname="ds.listServersideFunctions_smk_check_results" name="check_results" time="0.00599999999985812"/>
    <testcase classname="ds.listServersideFunctions_smk_check_results" name="check_results" time="0.00599999999985812"/>
    <testcase classname="ds.listServersideFunctions_smk_check_results" name="check_results" time="0.00600000000031287"/>
    <testcase classname="ds.listServersideFunctions_smk_check_results" name="check_results" time="0.00599999999985812"/>
    <testcase classname="ds.listServersideFunctions_smk_check_results" name="check_results" time="0.00599999999985812"/>
    <testcase classname="ds.listServersideFunctions_smk_check_results" name="check_results" time="0.00599999999985812"/>
    <testcase classname="ds.listServersideFunctions_smk_check_results" name="check_results" time="0.00599999999985812"/>
    <testcase classname="ds.listServersideFunctions_smk_check_results" name="check_results" time="0.00600000000031287"/>
    <testcase classname="ds.listServersideFunctions_smk_check_results" name="check_results" time="0.00700000000006185"/>
    <testcase classname="ds.listServersideFunctions_smk_check_results" name="check_results" time="0.0069999999996071"/>
    <testcase classname="ds.listServersideFunctions_smk_check_results" name="check_results" time="0.00700000000006185"/>
    <testcase classname="ds.listServersideFunctions_smk_check_results" name="check_results" time="0.00600000000031287"/>
    <testcase classname="ds.listServersideFunctions_smk_check_results" name="check_results" time="0.0069999999996071"/>
    <testcase classname="ds.listServersideFunctions_smk_check_results" name="check_results" time="0.00700000000006185"/>
    <testcase classname="ds.listServersideFunctions_smk_check_results" name="check_results" time="0.00700000000006185"/>
    <testcase classname="ds.listServersideFunctions_smk_check_results" name="check_results" time="0.00800000000026557"/>
    <testcase classname="ds.listServersideFunctions_smk_check_results" name="check_results" time="0.00799999999981083"/>
    <testcase classname="ds.listServersideFunctions_smk_check_results" name="check_results" time="0.00799999999981083"/>
    <testcase classname="ds.listServersideFunctions_smk_check_results" name="check_results" time="0.0140000000001237"/>
    <testcase classname="ds.listServersideFunctions_smk_check_results" name="check_results" time="0.00599999999985812"/>
    <testcase classname="ds.listServersideFunctions_smk_check_results" name="check_results" time="0.00600000000031287"/>
    <testcase classname="ds.listServersideFunctions_smk_check_results" name="check_results" time="0.00700000000006185"/>
    <testcase classname="ds.listServersideFunctions_smk_check_results" name="check_results" time="0.00599999999985812"/>
    <testcase classname="ds.listServersideFunctions_smk_check_results" name="check_results" time="0.00700000000006185"/>
    <testcase classname="ds.listServersideFunctions_smk_check_results" name="check_results" time="0.00799999999981083"/>
    <testcase classname="ds.listServersideFunctions_smk_check_results" name="check_results" time="0.00700000000006185"/>
    <testcase classname="ds.listServersideFunctions_smk_check_results" name="check_results" time="0.00700000000006185"/>
    <testcase classname="ds.listServersideFunctions_smk_check_results" name="check_results" time="0.00799999999981083"/>
    <testcase classname="ds.listServersideFunctions_smk_check_results" name="check_results" time="0.00700000000006185"/>
    <testcase classname="ds.listServersideFunctions_smk_check_results" name="check_results" time="0.00800000000026557"/>
  </testsuite>
  <testsuite errors="0" failures="0" hostname="fv-az14" name="ds.lmerSLMA::smk::setup phase 1" skipped="0" tests="3" time="5.279" timestamp="2020-10-23T11:24:00Z">
    <testcase classname="ds.lmerSLMA_smk_setup_phase_1" name="setup" time="5.27700000000004"/>
    <testcase classname="ds.lmerSLMA_smk_setup_phase_1" name="setup" time="0.000999999999748979"/>
    <testcase classname="ds.lmerSLMA_smk_setup_phase_1" name="setup" time="0.000999999999748979"/>
  </testsuite>
  <testsuite errors="0" failures="0" hostname="fv-az14" name="ds.lmerSLMA::smk::phase 1" skipped="0" tests="11" time="15.083" timestamp="2020-10-23T11:24:04Z">
    <testcase classname="ds.lmerSLMA_smk_phase_1" name="simple_lmerSLMA" time="2.70100000000002"/>
    <testcase classname="ds.lmerSLMA_smk_phase_1" name="alternative_formulae_for_nested_groups" time="0.802999999999884"/>
    <testcase classname="ds.lmerSLMA_smk_phase_1" name="alternative_formulae_for_nested_groups" time="0.730000000000018"/>
    <testcase classname="ds.lmerSLMA_smk_phase_1" name="alternative_formulae_for_nested_groups" time="0.680000000000291"/>
    <testcase classname="ds.lmerSLMA_smk_phase_1" name="server_side_error" time="0.668999999999869"/>
    <testcase classname="ds.lmerSLMA_smk_phase_1" name="server_side_error" time="0.271000000000186"/>
    <testcase classname="ds.lmerSLMA_smk_phase_1" name="server_side_error" time="0.681999999999789"/>
    <testcase classname="ds.lmerSLMA_smk_phase_1" name="test_offsets_and_weights" time="6.42500000000018"/>
    <testcase classname="ds.lmerSLMA_smk_phase_1" name="test_offsets_and_weights" time="0.703999999999724"/>
    <testcase classname="ds.lmerSLMA_smk_phase_1" name="test_offsets_and_weights" time="0.715000000000146"/>
    <testcase classname="ds.lmerSLMA_smk_phase_1" name="test_offsets_and_weights" time="0.702999999999975"/>
  </testsuite>
  <testsuite errors="0" failures="0" hostname="fv-az14" name="ds.lmerSLMA::smk::shutdown phase 1" skipped="0" tests="3" time="0.287" timestamp="2020-10-23T11:24:19Z">
    <testcase classname="ds.lmerSLMA_smk_shutdown_phase_1" name="shutdown" time="0.284000000000106"/>
    <testcase classname="ds.lmerSLMA_smk_shutdown_phase_1" name="shutdown" time="0.00199999999995271"/>
    <testcase classname="ds.lmerSLMA_smk_shutdown_phase_1" name="shutdown" time="0.000999999999748979"/>
  </testsuite>
  <testsuite errors="0" failures="0" hostname="fv-az14" name="ds.lmerSLMA::smk::setup phase 2" skipped="0" tests="3" time="5.492" timestamp="2020-10-23T11:24:20Z">
    <testcase classname="ds.lmerSLMA_smk_setup_phase_2" name="setup" time="5.48900000000003"/>
    <testcase classname="ds.lmerSLMA_smk_setup_phase_2" name="setup" time="0.00199999999995271"/>
    <testcase classname="ds.lmerSLMA_smk_setup_phase_2" name="setup" time="0.00100000000020373"/>
  </testsuite>
  <testsuite errors="0" failures="0" hostname="fv-az14" name="ds.lmerSLMA::smk::test phase 2" skipped="0" tests="54" time="5.237" timestamp="2020-10-23T11:24:25Z">
    <testcase classname="ds.lmerSLMA_smk_test_phase_2" name="check_slope_formulae" time="3.57200000000012"/>
    <testcase classname="ds.lmerSLMA_smk_test_phase_2" name="check_slope_formulae" time="0.000999999999748979"/>
    <testcase classname="ds.lmerSLMA_smk_test_phase_2" name="check_slope_formulae" time="0.00100000000020373"/>
    <testcase classname="ds.lmerSLMA_smk_test_phase_2" name="check_slope_formulae" time="0.000999999999748979"/>
    <testcase classname="ds.lmerSLMA_smk_test_phase_2" name="check_slope_formulae" time="0.00100000000020373"/>
    <testcase classname="ds.lmerSLMA_smk_test_phase_2" name="check_slope_formulae" time="0.00199999999995271"/>
    <testcase classname="ds.lmerSLMA_smk_test_phase_2" name="check_slope_formulae" time="0.00100000000020373"/>
    <testcase classname="ds.lmerSLMA_smk_test_phase_2" name="check_slope_formulae" time="0.000999999999748979"/>
    <testcase classname="ds.lmerSLMA_smk_test_phase_2" name="check_slope_formulae" time="0.00199999999995271"/>
    <testcase classname="ds.lmerSLMA_smk_test_phase_2" name="check_slope_formulae" time="0.00100000000020373"/>
    <testcase classname="ds.lmerSLMA_smk_test_phase_2" name="check_slope_formulae" time="0.000999999999748979"/>
    <testcase classname="ds.lmerSLMA_smk_test_phase_2" name="check_slope_formulae" time="0.00100000000020373"/>
    <testcase classname="ds.lmerSLMA_smk_test_phase_2" name="check_slope_formulae" time="0.00100000000020373"/>
    <testcase classname="ds.lmerSLMA_smk_test_phase_2" name="check_slope_formulae" time="0.00199999999995271"/>
    <testcase classname="ds.lmerSLMA_smk_test_phase_2" name="check_slope_formulae" time="0.000999999999748979"/>
    <testcase classname="ds.lmerSLMA_smk_test_phase_2" name="check_slope_formulae" time="0.000999999999748979"/>
    <testcase classname="ds.lmerSLMA_smk_test_phase_2" name="check_slope_formulae" time="0.00100000000020373"/>
    <testcase classname="ds.lmerSLMA_smk_test_phase_2" name="check_slope_formulae" time="0.000999999999748979"/>
    <testcase classname="ds.lmerSLMA_smk_test_phase_2" name="check_slope_formulae" time="0.00199999999995271"/>
    <testcase classname="ds.lmerSLMA_smk_test_phase_2" name="check_slope_formulae" time="0.00100000000020373"/>
    <testcase classname="ds.lmerSLMA_smk_test_phase_2" name="check_slope_formulae" time="0.00199999999995271"/>
    <testcase classname="ds.lmerSLMA_smk_test_phase_2" name="check_slope_formulae" time="0.00100000000020373"/>
    <testcase classname="ds.lmerSLMA_smk_test_phase_2" name="check_slope_formulae" time="0.00199999999995271"/>
    <testcase classname="ds.lmerSLMA_smk_test_phase_2" name="check_slope_formulae" time="0.000999999999748979"/>
    <testcase classname="ds.lmerSLMA_smk_test_phase_2" name="check_slope_formulae" time="0.00100000000020373"/>
    <testcase classname="ds.lmerSLMA_smk_test_phase_2" name="check_slope_formulae" time="0.000999999999748979"/>
    <testcase classname="ds.lmerSLMA_smk_test_phase_2" name="check_slope_formulae" time="0.00200000000040745"/>
    <testcase classname="ds.lmerSLMA_smk_test_phase_2" name="check_slope_formulae" time="1.58599999999979"/>
    <testcase classname="ds.lmerSLMA_smk_test_phase_2" name="check_slope_formulae" time="0.00100000000020373"/>
    <testcase classname="ds.lmerSLMA_smk_test_phase_2" name="check_slope_formulae" time="0.00199999999995271"/>
    <testcase classname="ds.lmerSLMA_smk_test_phase_2" name="check_slope_formulae" time="0.000999999999748979"/>
    <testcase classname="ds.lmerSLMA_smk_test_phase_2" name="check_slope_formulae" time="0.00199999999995271"/>
    <testcase classname="ds.lmerSLMA_smk_test_phase_2" name="check_slope_formulae" time="0.00199999999995271"/>
    <testcase classname="ds.lmerSLMA_smk_test_phase_2" name="check_slope_formulae" time="0.00200000000040745"/>
    <testcase classname="ds.lmerSLMA_smk_test_phase_2" name="check_slope_formulae" time="0.000999999999748979"/>
    <testcase classname="ds.lmerSLMA_smk_test_phase_2" name="check_slope_formulae" time="0.00199999999995271"/>
    <testcase classname="ds.lmerSLMA_smk_test_phase_2" name="check_slope_formulae" time="0.00199999999995271"/>
    <testcase classname="ds.lmerSLMA_smk_test_phase_2" name="check_slope_formulae" time="0.00199999999995271"/>
    <testcase classname="ds.lmerSLMA_smk_test_phase_2" name="check_slope_formulae" time="0.00100000000020373"/>
    <testcase classname="ds.lmerSLMA_smk_test_phase_2" name="check_slope_formulae" time="0.00100000000020373"/>
    <testcase classname="ds.lmerSLMA_smk_test_phase_2" name="check_slope_formulae" time="0.00299999999970169"/>
    <testcase classname="ds.lmerSLMA_smk_test_phase_2" name="check_slope_formulae" time="0.00199999999995271"/>
    <testcase classname="ds.lmerSLMA_smk_test_phase_2" name="check_slope_formulae" time="0.00100000000020373"/>
    <testcase classname="ds.lmerSLMA_smk_test_phase_2" name="check_slope_formulae" time="0.00199999999995271"/>
    <testcase classname="ds.lmerSLMA_smk_test_phase_2" name="check_slope_formulae" time="0.000999999999748979"/>
    <testcase classname="ds.lmerSLMA_smk_test_phase_2" name="check_slope_formulae" time="0.00200000000040745"/>
    <testcase classname="ds.lmerSLMA_smk_test_phase_2" name="check_slope_formulae" time="0.00199999999995271"/>
    <testcase classname="ds.lmerSLMA_smk_test_phase_2" name="check_slope_formulae" time="0.00199999999995271"/>
    <testcase classname="ds.lmerSLMA_smk_test_phase_2" name="check_slope_formulae" time="0.00199999999995271"/>
    <testcase classname="ds.lmerSLMA_smk_test_phase_2" name="check_slope_formulae" time="0.00300000000015643"/>
    <testcase classname="ds.lmerSLMA_smk_test_phase_2" name="check_slope_formulae" time="0.00199999999995271"/>
    <testcase classname="ds.lmerSLMA_smk_test_phase_2" name="check_slope_formulae" time="0.00199999999995271"/>
    <testcase classname="ds.lmerSLMA_smk_test_phase_2" name="check_slope_formulae" time="0.00199999999995271"/>
    <testcase classname="ds.lmerSLMA_smk_test_phase_2" name="check_slope_formulae" time="0.00100000000020373"/>
  </testsuite>
  <testsuite errors="0" failures="0" hostname="fv-az14" name="ds.lmerSLMA::smk::shutdown phase 2" skipped="0" tests="3" time="0.283" timestamp="2020-10-23T11:24:30Z">
    <testcase classname="ds.lmerSLMA_smk_shutdown_phase_2" name="shutdown" time="0.2800000000002"/>
    <testcase classname="ds.lmerSLMA_smk_shutdown_phase_2" name="shutdown" time="0.00199999999995271"/>
    <testcase classname="ds.lmerSLMA_smk_shutdown_phase_2" name="shutdown" time="0.000999999999748979"/>
  </testsuite>
  <testsuite errors="0" failures="0" hostname="fv-az14" name="ds.lmerSLMA::smk::done" skipped="0" tests="0" time="0" timestamp="2020-10-23T11:24:31Z"/>
  <testsuite errors="0" failures="0" hostname="fv-az14" name="ds.log::smk::setup" skipped="0" tests="3" time="5.269" timestamp="2020-10-23T11:24:31Z">
    <testcase classname="ds.log_smk_setup" name="setup" time="5.26600000000008"/>
    <testcase classname="ds.log_smk_setup" name="setup" time="0.00199999999995271"/>
    <testcase classname="ds.log_smk_setup" name="setup" time="0.00100000000020373"/>
  </testsuite>
  <testsuite errors="0" failures="0" hostname="fv-az14" name="ds.log::smk" skipped="0" tests="30" time="5.643" timestamp="2020-10-23T11:24:36Z">
    <testcase classname="ds.log_smk" name="simple_log" time="1.49599999999964"/>
    <testcase classname="ds.log_smk" name="simple_log" time="0.531000000000404"/>
    <testcase classname="ds.log_smk" name="simple_log" time="0.000999999999748979"/>
    <testcase classname="ds.log_smk" name="simple_log" time="0.00100000000020373"/>
    <testcase classname="ds.log_smk" name="simple_log" time="0.000999999999748979"/>
    <testcase classname="ds.log_smk" name="simple_log" time="0.00100000000020373"/>
    <testcase classname="ds.log_smk" name="simple_log" time="0.000999999999748979"/>
    <testcase classname="ds.log_smk" name="simple_log" time="0.00100000000020373"/>
    <testcase classname="ds.log_smk" name="simple_log" time="0.529999999999745"/>
    <testcase classname="ds.log_smk" name="simple_log" time="0.00100000000020373"/>
    <testcase classname="ds.log_smk" name="simple_log" time="0.00100000000020373"/>
    <testcase classname="ds.log_smk" name="simple_log" time="0.00199999999995271"/>
    <testcase classname="ds.log_smk" name="simple_log" time="0.000999999999748979"/>
    <testcase classname="ds.log_smk" name="simple_log" time="0.00100000000020373"/>
    <testcase classname="ds.log_smk" name="simple_log" time="0.00199999999995271"/>
    <testcase classname="ds.log_smk" name="simple_log" time="2.25399999999991"/>
    <testcase classname="ds.log_smk" name="simple_log" time="0.268000000000029"/>
    <testcase classname="ds.log_smk" name="simple_log" time="0.00100000000020373"/>
    <testcase classname="ds.log_smk" name="simple_log" time="0.00199999999995271"/>
    <testcase classname="ds.log_smk" name="simple_log" time="0.000999999999748979"/>
    <testcase classname="ds.log_smk" name="simple_log" time="0.00199999999995271"/>
    <testcase classname="ds.log_smk" name="simple_log" time="0.00100000000020373"/>
    <testcase classname="ds.log_smk" name="simple_log" time="0.000999999999748979"/>
    <testcase classname="ds.log_smk" name="simple_log" time="0.533000000000357"/>
    <testcase classname="ds.log_smk" name="simple_log" time="0.00199999999995271"/>
    <testcase classname="ds.log_smk" name="simple_log" time="0.000999999999748979"/>
    <testcase classname="ds.log_smk" name="simple_log" time="0.00100000000020373"/>
    <testcase classname="ds.log_smk" name="simple_log" time="0.00199999999995271"/>
    <testcase classname="ds.log_smk" name="simple_log" time="0.000999999999748979"/>
    <testcase classname="ds.log_smk" name="simple_log" time="0.00200000000040745"/>
  </testsuite>
  <testsuite errors="0" failures="0" hostname="fv-az14" name="ds.log::smk::shutdown" skipped="0" tests="3" time="0.278" timestamp="2020-10-23T11:24:42Z">
    <testcase classname="ds.log_smk_shutdown" name="shutdown" time="0.274999999999636"/>
    <testcase classname="ds.log_smk_shutdown" name="shutdown" time="0.00200000000040745"/>
    <testcase classname="ds.log_smk_shutdown" name="shutdown" time="0.000999999999748979"/>
  </testsuite>
  <testsuite errors="0" failures="0" hostname="fv-az14" name="ds.log::smk::done" skipped="0" tests="0" time="0" timestamp="2020-10-23T11:24:43Z"/>
  <testsuite errors="0" failures="0" hostname="fv-az14" name="ds.look::smk::setup" skipped="0" tests="3" time="5.442" timestamp="2020-10-23T11:24:43Z">
    <testcase classname="ds.look_smk_setup" name="setup" time="5.44000000000005"/>
    <testcase classname="ds.look_smk_setup" name="setup" time="0.000999999999748979"/>
    <testcase classname="ds.look_smk_setup" name="setup" time="0.00100000000020373"/>
  </testsuite>
  <testsuite errors="0" failures="0" hostname="fv-az14" name="ds.look::smk" skipped="0" tests="5" time="0.288" timestamp="2020-10-23T11:24:47Z">
    <testcase classname="ds.look_smk" name="simple_look" time="0.282999999999902"/>
    <testcase classname="ds.look_smk" name="simple_look" time="0.00100000000020373"/>
    <testcase classname="ds.look_smk" name="simple_look" time="0.00199999999995271"/>
    <testcase classname="ds.look_smk" name="simple_look" time="0.000999999999748979"/>
    <testcase classname="ds.look_smk" name="simple_look" time="0.00100000000020373"/>
  </testsuite>
  <testsuite errors="0" failures="0" hostname="fv-az14" name="ds.look::smk::shutdown" skipped="0" tests="3" time="0.28" timestamp="2020-10-23T11:24:48Z">
    <testcase classname="ds.look_smk_shutdown" name="shutdown" time="0.277999999999793"/>
    <testcase classname="ds.look_smk_shutdown" name="shutdown" time="0.00100000000020373"/>
    <testcase classname="ds.look_smk_shutdown" name="shutdown" time="0.00100000000020373"/>
  </testsuite>
  <testsuite errors="0" failures="0" hostname="fv-az14" name="ds.look::smk::done" skipped="0" tests="0" time="0" timestamp="2020-10-23T11:24:49Z"/>
  <testsuite errors="0" failures="0" hostname="fv-az14" name="ds.ls::smk::setup" skipped="0" tests="3" time="5.339" timestamp="2020-10-23T11:24:49Z">
    <testcase classname="ds.ls_smk_setup" name="setup" time="5.33599999999979"/>
    <testcase classname="ds.ls_smk_setup" name="setup" time="0.00199999999995271"/>
    <testcase classname="ds.ls_smk_setup" name="setup" time="0.00100000000020373"/>
  </testsuite>
  <testsuite errors="0" failures="0" hostname="fv-az14" name="ds.ls::smk" skipped="0" tests="53" time="1.439" timestamp="2020-10-23T11:24:53Z">
    <testcase classname="ds.ls_smk" name="simple_ls" time="0.278999999999996"/>
    <testcase classname="ds.ls_smk" name="simple_ls" time="0.00199999999995271"/>
    <testcase classname="ds.ls_smk" name="simple_ls" time="0.000999999999748979"/>
    <testcase classname="ds.ls_smk" name="simple_ls" time="0.00100000000020373"/>
    <testcase classname="ds.ls_smk" name="simple_ls" time="0.000999999999748979"/>
    <testcase classname="ds.ls_smk" name="simple_ls" time="0.00100000000020373"/>
    <testcase classname="ds.ls_smk" name="simple_ls" time="0.00100000000020373"/>
    <testcase classname="ds.ls_smk" name="simple_ls" time="0.000999999999748979"/>
    <testcase classname="ds.ls_smk" name="simple_ls" time="0.00100000000020373"/>
    <testcase classname="ds.ls_smk" name="simple_ls" time="0.000999999999748979"/>
    <testcase classname="ds.ls_smk" name="simple_ls" time="0.00100000000020373"/>
    <testcase classname="ds.ls_smk" name="simple_ls" time="0.000999999999748979"/>
    <testcase classname="ds.ls_smk" name="simple_ls" time="0.00100000000020373"/>
    <testcase classname="ds.ls_smk" name="simple_ls_with_envir" time="0.266000000000076"/>
    <testcase classname="ds.ls_smk" name="simple_ls_with_envir" time="0.00100000000020373"/>
    <testcase classname="ds.ls_smk" name="simple_ls_with_envir" time="0.000999999999748979"/>
    <testcase classname="ds.ls_smk" name="simple_ls_with_envir" time="0.00100000000020373"/>
    <testcase classname="ds.ls_smk" name="simple_ls_with_envir" time="0.00199999999995271"/>
    <testcase classname="ds.ls_smk" name="simple_ls_with_envir" time="0.00100000000020373"/>
    <testcase classname="ds.ls_smk" name="simple_ls_with_envir" time="0.000999999999748979"/>
    <testcase classname="ds.ls_smk" name="simple_ls_with_envir" time="0.00100000000020373"/>
    <testcase classname="ds.ls_smk" name="simple_ls_with_envir" time="0.00199999999995271"/>
    <testcase classname="ds.ls_smk" name="simple_ls_with_envir" time="0.000999999999748979"/>
    <testcase classname="ds.ls_smk" name="simple_ls_with_envir_with_wildcard_postfix" time="0.265000000000327"/>
    <testcase classname="ds.ls_smk" name="simple_ls_with_envir_with_wildcard_postfix" time="0.00199999999995271"/>
    <testcase classname="ds.ls_smk" name="simple_ls_with_envir_with_wildcard_postfix" time="0.000999999999748979"/>
    <testcase classname="ds.ls_smk" name="simple_ls_with_envir_with_wildcard_postfix" time="0.00199999999995271"/>
    <testcase classname="ds.ls_smk" name="simple_ls_with_envir_with_wildcard_postfix" time="0.00100000000020373"/>
    <testcase classname="ds.ls_smk" name="simple_ls_with_envir_with_wildcard_postfix" time="0.00199999999995271"/>
    <testcase classname="ds.ls_smk" name="simple_ls_with_envir_with_wildcard_postfix" time="0.00100000000020373"/>
    <testcase classname="ds.ls_smk" name="simple_ls_with_envir_with_wildcard_postfix" time="0.00199999999995271"/>
    <testcase classname="ds.ls_smk" name="simple_ls_with_envir_with_wildcard_postfix" time="0.000999999999748979"/>
    <testcase classname="ds.ls_smk" name="simple_ls_with_envir_with_wildcard_postfix" time="0.00199999999995271"/>
    <testcase classname="ds.ls_smk" name="simple_ls_with_envir_with_wildcard_infix" time="0.289999999999964"/>
    <testcase classname="ds.ls_smk" name="simple_ls_with_envir_with_wildcard_infix" time="0.00200000000040745"/>
    <testcase classname="ds.ls_smk" name="simple_ls_with_envir_with_wildcard_infix" time="0.000999999999748979"/>
    <testcase classname="ds.ls_smk" name="simple_ls_with_envir_with_wildcard_infix" time="0.00199999999995271"/>
    <testcase classname="ds.ls_smk" name="simple_ls_with_envir_with_wildcard_infix" time="0.00199999999995271"/>
    <testcase classname="ds.ls_smk" name="simple_ls_with_envir_with_wildcard_infix" time="0.00100000000020373"/>
    <testcase classname="ds.ls_smk" name="simple_ls_with_envir_with_wildcard_infix" time="0.00199999999995271"/>
    <testcase classname="ds.ls_smk" name="simple_ls_with_envir_with_wildcard_infix" time="0.00100000000020373"/>
    <testcase classname="ds.ls_smk" name="simple_ls_with_envir_with_wildcard_infix" time="0.00199999999995271"/>
    <testcase classname="ds.ls_smk" name="simple_ls_with_envir_with_wildcard_infix" time="0.00199999999995271"/>
    <testcase classname="ds.ls_smk" name="simple_ls_with_envir_with_wildcard_prefix" time="0.268000000000029"/>
    <testcase classname="ds.ls_smk" name="simple_ls_with_envir_with_wildcard_prefix" time="0.00199999999995271"/>
    <testcase classname="ds.ls_smk" name="simple_ls_with_envir_with_wildcard_prefix" time="0.00199999999995271"/>
    <testcase classname="ds.ls_smk" name="simple_ls_with_envir_with_wildcard_prefix" time="0.000999999999748979"/>
    <testcase classname="ds.ls_smk" name="simple_ls_with_envir_with_wildcard_prefix" time="0.00300000000015643"/>
    <testcase classname="ds.ls_smk" name="simple_ls_with_envir_with_wildcard_prefix" time="0.00100000000020373"/>
    <testcase classname="ds.ls_smk" name="simple_ls_with_envir_with_wildcard_prefix" time="0.00199999999995271"/>
    <testcase classname="ds.ls_smk" name="simple_ls_with_envir_with_wildcard_prefix" time="0.00199999999995271"/>
    <testcase classname="ds.ls_smk" name="simple_ls_with_envir_with_wildcard_prefix" time="0.00299999999970169"/>
    <testcase classname="ds.ls_smk" name="simple_ls_with_envir_with_wildcard_prefix" time="0.00200000000040745"/>
  </testsuite>
  <testsuite errors="0" failures="0" hostname="fv-az14" name="ds.ls::smk::shutdown" skipped="0" tests="3" time="0.28" timestamp="2020-10-23T11:24:55Z">
    <testcase classname="ds.ls_smk_shutdown" name="shutdown" time="0.276999999999589"/>
    <testcase classname="ds.ls_smk_shutdown" name="shutdown" time="0.00100000000020373"/>
    <testcase classname="ds.ls_smk_shutdown" name="shutdown" time="0.00199999999995271"/>
  </testsuite>
  <testsuite errors="0" failures="0" hostname="fv-az14" name="ds.ls::smk::done" skipped="0" tests="0" time="0" timestamp="2020-10-23T11:24:56Z"/>
  <testsuite errors="0" failures="0" hostname="fv-az14" name="ds.make::smk::setup" skipped="0" tests="3" time="5.306" timestamp="2020-10-23T11:24:56Z">
    <testcase classname="ds.make_smk_setup" name="setup" time="5.30400000000009"/>
    <testcase classname="ds.make_smk_setup" name="setup" time="0.00100000000020373"/>
    <testcase classname="ds.make_smk_setup" name="setup" time="0.000999999999748979"/>
  </testsuite>
  <testsuite errors="0" failures="0" hostname="fv-az14" name="ds.make::smk" skipped="0" tests="3" time="0.816" timestamp="2020-10-23T11:25:00Z">
    <testcase classname="ds.make_smk" name="simple_make" time="0.813999999999851"/>
    <testcase classname="ds.make_smk" name="simple_make" time="0.000999999999748979"/>
    <testcase classname="ds.make_smk" name="simple_make" time="0.00100000000020373"/>
  </testsuite>
  <testsuite errors="0" failures="0" hostname="fv-az14" name="ds.make::smk::shutdown" skipped="0" tests="3" time="0.282" timestamp="2020-10-23T11:25:01Z">
    <testcase classname="ds.make_smk_shutdown" name="shutdown" time="0.278999999999996"/>
    <testcase classname="ds.make_smk_shutdown" name="shutdown" time="0.00199999999995271"/>
    <testcase classname="ds.make_smk_shutdown" name="shutdown" time="0.00100000000020373"/>
  </testsuite>
  <testsuite errors="0" failures="0" hostname="fv-az14" name="ds.make::smk::done" skipped="0" tests="0" time="0" timestamp="2020-10-23T11:25:02Z"/>
  <testsuite errors="0" failures="0" hostname="fv-az14" name="ds.matrixDet::smk::setup" skipped="0" tests="3" time="5.329" timestamp="2020-10-23T11:25:02Z">
    <testcase classname="ds.matrixDet_smk_setup" name="setup" time="5.32600000000002"/>
    <testcase classname="ds.matrixDet_smk_setup" name="setup" time="0.00199999999995271"/>
    <testcase classname="ds.matrixDet_smk_setup" name="setup" time="0.000999999999748979"/>
  </testsuite>
  <testsuite errors="0" failures="0" hostname="fv-az14" name="ds.matrixDet::smk" skipped="0" tests="7" time="2.238" timestamp="2020-10-23T11:25:07Z">
    <testcase classname="ds.matrixDet_smk" name="simplest_ds.matrixDet" time="1.70700000000033"/>
    <testcase classname="ds.matrixDet_smk" name="simplest_ds.matrixDet" time="0.000999999999748979"/>
    <testcase classname="ds.matrixDet_smk" name="simplest_ds.matrixDet" time="0.00199999999995271"/>
    <testcase classname="ds.matrixDet_smk" name="simplest_ds.matrixDet" time="0.525000000000091"/>
    <testcase classname="ds.matrixDet_smk" name="simplest_ds.matrixDet" time="0.00100000000020373"/>
    <testcase classname="ds.matrixDet_smk" name="simplest_ds.matrixDet" time="0.000999999999748979"/>
    <testcase classname="ds.matrixDet_smk" name="simplest_ds.matrixDet" time="0.00100000000020373"/>
  </testsuite>
  <testsuite errors="0" failures="0" hostname="fv-az14" name="ds.matrixDet::smk::shutdown" skipped="0" tests="3" time="0.28" timestamp="2020-10-23T11:25:09Z">
    <testcase classname="ds.matrixDet_smk_shutdown" name="shutdown" time="0.277999999999793"/>
    <testcase classname="ds.matrixDet_smk_shutdown" name="shutdown" time="0.00100000000020373"/>
    <testcase classname="ds.matrixDet_smk_shutdown" name="shutdown" time="0.000999999999748979"/>
  </testsuite>
  <testsuite errors="0" failures="0" hostname="fv-az14" name="ds.matrixDet::smk::done" skipped="0" tests="0" time="0" timestamp="2020-10-23T11:25:10Z"/>
  <testsuite errors="0" failures="0" hostname="fv-az14" name="ds.matrixDet.report::smk::setup" skipped="0" tests="3" time="5.305" timestamp="2020-10-23T11:25:10Z">
    <testcase classname="ds.matrixDet.report_smk_setup" name="setup" time="5.30200000000013"/>
    <testcase classname="ds.matrixDet.report_smk_setup" name="setup" time="0.00100000000020373"/>
    <testcase classname="ds.matrixDet.report_smk_setup" name="setup" time="0.00199999999995271"/>
  </testsuite>
  <testsuite errors="0" failures="0" hostname="fv-az14" name="ds.matrixDet.report::smk" skipped="0" tests="14" time="1.1" timestamp="2020-10-23T11:25:15Z">
    <testcase classname="ds.matrixDet.report_smk" name="simplest_ds.matrixDet.report" time="1.08500000000004"/>
    <testcase classname="ds.matrixDet.report_smk" name="simplest_ds.matrixDet.report" time="0.000999999999748979"/>
    <testcase classname="ds.matrixDet.report_smk" name="simplest_ds.matrixDet.report" time="0.00100000000020373"/>
    <testcase classname="ds.matrixDet.report_smk" name="simplest_ds.matrixDet.report" time="0.000999999999748979"/>
    <testcase classname="ds.matrixDet.report_smk" name="simplest_ds.matrixDet.report" time="0.00100000000020373"/>
    <testcase classname="ds.matrixDet.report_smk" name="simplest_ds.matrixDet.report" time="0.000999999999748979"/>
    <testcase classname="ds.matrixDet.report_smk" name="simplest_ds.matrixDet.report" time="0.00100000000020373"/>
    <testcase classname="ds.matrixDet.report_smk" name="simplest_ds.matrixDet.report" time="0.000999999999748979"/>
    <testcase classname="ds.matrixDet.report_smk" name="simplest_ds.matrixDet.report" time="0.00100000000020373"/>
    <testcase classname="ds.matrixDet.report_smk" name="simplest_ds.matrixDet.report" time="0.000999999999748979"/>
    <testcase classname="ds.matrixDet.report_smk" name="simplest_ds.matrixDet.report" time="0.00199999999995271"/>
    <testcase classname="ds.matrixDet.report_smk" name="simplest_ds.matrixDet.report" time="0.00100000000020373"/>
    <testcase classname="ds.matrixDet.report_smk" name="simplest_ds.matrixDet.report" time="0.000999999999748979"/>
    <testcase classname="ds.matrixDet.report_smk" name="simplest_ds.matrixDet.report" time="0.00199999999995271"/>
  </testsuite>
  <testsuite errors="0" failures="0" hostname="fv-az14" name="ds.matrixDet.report::smk::shutdown" skipped="0" tests="3" time="0.288" timestamp="2020-10-23T11:25:16Z">
    <testcase classname="ds.matrixDet.report_smk_shutdown" name="shutdown" time="0.286000000000058"/>
    <testcase classname="ds.matrixDet.report_smk_shutdown" name="shutdown" time="0.00100000000020373"/>
    <testcase classname="ds.matrixDet.report_smk_shutdown" name="shutdown" time="0.000999999999748979"/>
  </testsuite>
  <testsuite errors="0" failures="0" hostname="fv-az14" name="ds.matrixDet.report::smk::done" skipped="0" tests="0" time="0" timestamp="2020-10-23T11:25:17Z"/>
  <testsuite errors="0" failures="0" hostname="fv-az14" name="ds.matrixDiag::smk::setup" skipped="0" tests="3" time="5.329" timestamp="2020-10-23T11:25:17Z">
    <testcase classname="ds.matrixDiag_smk_setup" name="setup" time="5.32700000000023"/>
    <testcase classname="ds.matrixDiag_smk_setup" name="setup" time="0.000999999999748979"/>
    <testcase classname="ds.matrixDiag_smk_setup" name="setup" time="0.00100000000020373"/>
  </testsuite>
  <testsuite errors="0" failures="0" hostname="fv-az14" name="ds.matrixDiag::smk" skipped="0" tests="7" time="1.409" timestamp="2020-10-23T11:25:21Z">
    <testcase classname="ds.matrixDiag_smk" name="simplest_ds.matrixDiag" time="0.873999999999796"/>
    <testcase classname="ds.matrixDiag_smk" name="simplest_ds.matrixDiag" time="0.00200000000040745"/>
    <testcase classname="ds.matrixDiag_smk" name="simplest_ds.matrixDiag" time="0.000999999999748979"/>
    <testcase classname="ds.matrixDiag_smk" name="simplest_ds.matrixDiag" time="0.528000000000247"/>
    <testcase classname="ds.matrixDiag_smk" name="simplest_ds.matrixDiag" time="0.00199999999995271"/>
    <testcase classname="ds.matrixDiag_smk" name="simplest_ds.matrixDiag" time="0.000999999999748979"/>
    <testcase classname="ds.matrixDiag_smk" name="simplest_ds.matrixDiag" time="0.00100000000020373"/>
  </testsuite>
  <testsuite errors="0" failures="0" hostname="fv-az14" name="ds.matrixDiag::smk" skipped="0" tests="7" time="1.349" timestamp="2020-10-23T11:25:23Z">
    <testcase classname="ds.matrixDiag_smk" name="simplest_ds.matrixDiag" time="0.802999999999884"/>
    <testcase classname="ds.matrixDiag_smk" name="simplest_ds.matrixDiag" time="0.00100000000020373"/>
    <testcase classname="ds.matrixDiag_smk" name="simplest_ds.matrixDiag" time="0.000999999999748979"/>
    <testcase classname="ds.matrixDiag_smk" name="simplest_ds.matrixDiag" time="0.539999999999964"/>
    <testcase classname="ds.matrixDiag_smk" name="simplest_ds.matrixDiag" time="0.00199999999995271"/>
    <testcase classname="ds.matrixDiag_smk" name="simplest_ds.matrixDiag" time="0.00100000000020373"/>
    <testcase classname="ds.matrixDiag_smk" name="simplest_ds.matrixDiag" time="0.000999999999748979"/>
  </testsuite>
  <testsuite errors="0" failures="0" hostname="fv-az14" name="ds.matrixDiag::smk::shutdown" skipped="0" tests="3" time="0.292" timestamp="2020-10-23T11:25:24Z">
    <testcase classname="ds.matrixDiag_smk_shutdown" name="shutdown" time="0.289999999999964"/>
    <testcase classname="ds.matrixDiag_smk_shutdown" name="shutdown" time="0.00100000000020373"/>
    <testcase classname="ds.matrixDiag_smk_shutdown" name="shutdown" time="0.00100000000020373"/>
  </testsuite>
  <testsuite errors="0" failures="0" hostname="fv-az14" name="ds.matrixDiag::smk::done" skipped="0" tests="0" time="0" timestamp="2020-10-23T11:25:25Z"/>
  <testsuite errors="0" failures="0" hostname="fv-az14" name="ds.matrixDimnames::smk::setup" skipped="0" tests="3" time="5.356" timestamp="2020-10-23T11:25:25Z">
    <testcase classname="ds.matrixDimnames_smk_setup" name="setup" time="5.35399999999981"/>
    <testcase classname="ds.matrixDimnames_smk_setup" name="setup" time="0.00100000000020373"/>
    <testcase classname="ds.matrixDimnames_smk_setup" name="setup" time="0.000999999999748979"/>
  </testsuite>
  <testsuite errors="0" failures="0" hostname="fv-az14" name="ds.matrixDimnames::smk" skipped="0" tests="7" time="2.187" timestamp="2020-10-23T11:25:30Z">
    <testcase classname="ds.matrixDimnames_smk" name="simplest_ds.matrixDimnames" time="1.64499999999998"/>
    <testcase classname="ds.matrixDimnames_smk" name="simplest_ds.matrixDimnames" time="0.00100000000020373"/>
    <testcase classname="ds.matrixDimnames_smk" name="simplest_ds.matrixDimnames" time="0.00199999999995271"/>
    <testcase classname="ds.matrixDimnames_smk" name="simplest_ds.matrixDimnames" time="0.536000000000058"/>
    <testcase classname="ds.matrixDimnames_smk" name="simplest_ds.matrixDimnames" time="0.000999999999748979"/>
    <testcase classname="ds.matrixDimnames_smk" name="simplest_ds.matrixDimnames" time="0.00100000000020373"/>
    <testcase classname="ds.matrixDimnames_smk" name="simplest_ds.matrixDimnames" time="0.000999999999748979"/>
  </testsuite>
  <testsuite errors="0" failures="0" hostname="fv-az14" name="ds.matrixDimnames::smk::shutdown" skipped="0" tests="3" time="0.287" timestamp="2020-10-23T11:25:32Z">
    <testcase classname="ds.matrixDimnames_smk_shutdown" name="shutdown" time="0.284000000000106"/>
    <testcase classname="ds.matrixDimnames_smk_shutdown" name="shutdown" time="0.00199999999995271"/>
    <testcase classname="ds.matrixDimnames_smk_shutdown" name="shutdown" time="0.00100000000020373"/>
  </testsuite>
  <testsuite errors="0" failures="0" hostname="fv-az14" name="ds.matrixDimnames::smk::done" skipped="0" tests="0" time="0" timestamp="2020-10-23T11:25:33Z"/>
  <testsuite errors="0" failures="0" hostname="fv-az14" name="ds.matrixInvert::smk::setup" skipped="0" tests="3" time="5.346" timestamp="2020-10-23T11:25:33Z">
    <testcase classname="ds.matrixInvert_smk_setup" name="setup" time="5.34299999999985"/>
    <testcase classname="ds.matrixInvert_smk_setup" name="setup" time="0.00199999999995271"/>
    <testcase classname="ds.matrixInvert_smk_setup" name="setup" time="0.00100000000020373"/>
  </testsuite>
  <testsuite errors="0" failures="0" hostname="fv-az14" name="ds.matrixInvert::smk" skipped="0" tests="7" time="2.184" timestamp="2020-10-23T11:25:38Z">
    <testcase classname="ds.matrixInvert_smk" name="simplest_ds.matrixInvert" time="1.63799999999992"/>
    <testcase classname="ds.matrixInvert_smk" name="simplest_ds.matrixInvert" time="0.00199999999995271"/>
    <testcase classname="ds.matrixInvert_smk" name="simplest_ds.matrixInvert" time="0.00100000000020373"/>
    <testcase classname="ds.matrixInvert_smk" name="simplest_ds.matrixInvert" time="0.539999999999964"/>
    <testcase classname="ds.matrixInvert_smk" name="simplest_ds.matrixInvert" time="0.000999999999748979"/>
    <testcase classname="ds.matrixInvert_smk" name="simplest_ds.matrixInvert" time="0.00100000000020373"/>
    <testcase classname="ds.matrixInvert_smk" name="simplest_ds.matrixInvert" time="0.000999999999748979"/>
  </testsuite>
  <testsuite errors="0" failures="0" hostname="fv-az14" name="ds.matrixInvert::smk::shutdown" skipped="0" tests="3" time="0.285" timestamp="2020-10-23T11:25:40Z">
    <testcase classname="ds.matrixInvert_smk_shutdown" name="shutdown" time="0.282999999999902"/>
    <testcase classname="ds.matrixInvert_smk_shutdown" name="shutdown" time="0.00100000000020373"/>
    <testcase classname="ds.matrixInvert_smk_shutdown" name="shutdown" time="0.00100000000020373"/>
  </testsuite>
  <testsuite errors="0" failures="0" hostname="fv-az14" name="ds.matrixInvert::smk::done" skipped="0" tests="0" time="0" timestamp="2020-10-23T11:25:41Z"/>
  <testsuite errors="0" failures="0" hostname="fv-az14" name="ds.matrixMult::smk::setup" skipped="0" tests="3" time="5.267" timestamp="2020-10-23T11:25:41Z">
    <testcase classname="ds.matrixMult_smk_setup" name="setup" time="5.26499999999987"/>
    <testcase classname="ds.matrixMult_smk_setup" name="setup" time="0.000999999999748979"/>
    <testcase classname="ds.matrixMult_smk_setup" name="setup" time="0.00100000000020373"/>
  </testsuite>
  <testsuite errors="0" failures="0" hostname="fv-az14" name="ds.matrixMult::smk" skipped="0" tests="7" time="2.955" timestamp="2020-10-23T11:25:45Z">
    <testcase classname="ds.matrixMult_smk" name="simplest_ds.matrixMult" time="2.42000000000007"/>
    <testcase classname="ds.matrixMult_smk" name="simplest_ds.matrixMult" time="0.000999999999748979"/>
    <testcase classname="ds.matrixMult_smk" name="simplest_ds.matrixMult" time="0.000999999999748979"/>
    <testcase classname="ds.matrixMult_smk" name="simplest_ds.matrixMult" time="0.528999999999996"/>
    <testcase classname="ds.matrixMult_smk" name="simplest_ds.matrixMult" time="0.00200000000040745"/>
    <testcase classname="ds.matrixMult_smk" name="simplest_ds.matrixMult" time="0.000999999999748979"/>
    <testcase classname="ds.matrixMult_smk" name="simplest_ds.matrixMult" time="0.00100000000020373"/>
  </testsuite>
  <testsuite errors="0" failures="0" hostname="fv-az14" name="ds.matrixMult::smk::shutdown" skipped="0" tests="3" time="0.296" timestamp="2020-10-23T11:25:48Z">
    <testcase classname="ds.matrixMult_smk_shutdown" name="shutdown" time="0.293999999999869"/>
    <testcase classname="ds.matrixMult_smk_shutdown" name="shutdown" time="0.000999999999748979"/>
    <testcase classname="ds.matrixMult_smk_shutdown" name="shutdown" time="0.00100000000020373"/>
  </testsuite>
  <testsuite errors="0" failures="0" hostname="fv-az14" name="ds.matrixMult::smk::done" skipped="0" tests="0" time="0" timestamp="2020-10-23T11:25:49Z"/>
  <testsuite errors="0" failures="0" hostname="fv-az14" name="ds.matrix::smk::setup" skipped="0" tests="3" time="5.332" timestamp="2020-10-23T11:25:49Z">
    <testcase classname="ds.matrix_smk_setup" name="setup" time="5.32999999999993"/>
    <testcase classname="ds.matrix_smk_setup" name="setup" time="0.000999999999748979"/>
    <testcase classname="ds.matrix_smk_setup" name="setup" time="0.00100000000020373"/>
  </testsuite>
  <testsuite errors="0" failures="0" hostname="fv-az14" name="ds.matrix::smk" skipped="0" tests="7" time="1.339" timestamp="2020-10-23T11:25:54Z">
    <testcase classname="ds.matrix_smk" name="simplest_ds.matrix" time="0.798999999999978"/>
    <testcase classname="ds.matrix_smk" name="simplest_ds.matrix" time="0.000999999999748979"/>
    <testcase classname="ds.matrix_smk" name="simplest_ds.matrix" time="0.00100000000020373"/>
    <testcase classname="ds.matrix_smk" name="simplest_ds.matrix" time="0.534000000000106"/>
    <testcase classname="ds.matrix_smk" name="simplest_ds.matrix" time="0.00199999999995271"/>
    <testcase classname="ds.matrix_smk" name="simplest_ds.matrix" time="0.000999999999748979"/>
    <testcase classname="ds.matrix_smk" name="simplest_ds.matrix" time="0.00100000000020373"/>
  </testsuite>
  <testsuite errors="0" failures="0" hostname="fv-az14" name="ds.matrix::smk::shutdown" skipped="0" tests="3" time="0.287" timestamp="2020-10-23T11:25:55Z">
    <testcase classname="ds.matrix_smk_shutdown" name="shutdown" time="0.284999999999854"/>
    <testcase classname="ds.matrix_smk_shutdown" name="shutdown" time="0.00100000000020373"/>
    <testcase classname="ds.matrix_smk_shutdown" name="shutdown" time="0.000999999999748979"/>
  </testsuite>
  <testsuite errors="0" failures="0" hostname="fv-az14" name="ds.matrix::smk::done" skipped="0" tests="0" time="0" timestamp="2020-10-23T11:25:56Z"/>
  <testsuite errors="0" failures="0" hostname="fv-az14" name="ds.matrixTranspose::smk::setup" skipped="0" tests="3" time="5.283" timestamp="2020-10-23T11:25:56Z">
    <testcase classname="ds.matrixTranspose_smk_setup" name="setup" time="5.2810000000004"/>
    <testcase classname="ds.matrixTranspose_smk_setup" name="setup" time="0.000999999999748979"/>
    <testcase classname="ds.matrixTranspose_smk_setup" name="setup" time="0.00100000000020373"/>
  </testsuite>
  <testsuite errors="0" failures="0" hostname="fv-az14" name="ds.matrixTranspose::smk" skipped="0" tests="7" time="2.185" timestamp="2020-10-23T11:26:01Z">
    <testcase classname="ds.matrixTranspose_smk" name="simplest_ds.matrixTranspose" time="1.64799999999968"/>
    <testcase classname="ds.matrixTranspose_smk" name="simplest_ds.matrixTranspose" time="0.00100000000020373"/>
    <testcase classname="ds.matrixTranspose_smk" name="simplest_ds.matrixTranspose" time="0.000999999999748979"/>
    <testcase classname="ds.matrixTranspose_smk" name="simplest_ds.matrixTranspose" time="0.532000000000153"/>
    <testcase classname="ds.matrixTranspose_smk" name="simplest_ds.matrixTranspose" time="0.00100000000020373"/>
    <testcase classname="ds.matrixTranspose_smk" name="simplest_ds.matrixTranspose" time="0.000999999999748979"/>
    <testcase classname="ds.matrixTranspose_smk" name="simplest_ds.matrixTranspose" time="0.00100000000020373"/>
  </testsuite>
  <testsuite errors="0" failures="0" hostname="fv-az14" name="ds.matrixTranspose::smk::shutdown" skipped="0" tests="3" time="0.279" timestamp="2020-10-23T11:26:03Z">
    <testcase classname="ds.matrixTranspose_smk_shutdown" name="shutdown" time="0.277000000000044"/>
    <testcase classname="ds.matrixTranspose_smk_shutdown" name="shutdown" time="0.000999999999748979"/>
    <testcase classname="ds.matrixTranspose_smk_shutdown" name="shutdown" time="0.00100000000020373"/>
  </testsuite>
  <testsuite errors="0" failures="0" hostname="fv-az14" name="ds.matrixTranspose::smk::done" skipped="0" tests="0" time="0" timestamp="2020-10-23T11:26:04Z"/>
  <testsuite errors="0" failures="0" hostname="fv-az14" name="ds.meanByClass::smk::setup" skipped="0" tests="3" time="5.398" timestamp="2020-10-23T11:26:04Z">
    <testcase classname="ds.meanByClass_smk_setup" name="setup" time="5.39599999999973"/>
    <testcase classname="ds.meanByClass_smk_setup" name="setup" time="0.00100000000020373"/>
    <testcase classname="ds.meanByClass_smk_setup" name="setup" time="0.000999999999748979"/>
  </testsuite>
  <testsuite errors="0" failures="0" hostname="fv-az14" name="ds.meanByClass::smk::LAB_TSC across PM_BMI_CATEGORICAL categories where both vectors are 'loose'" skipped="0" tests="7" time="9.614" timestamp="2020-10-23T11:26:09Z">
    <testcase classname="ds.meanByClass_smk_LAB_TSC_across_PM_BMI_CATEGORICAL_categories_where_both_vectors_are_loose_" name="LAB_TSC_across_" time="9.60700000000043"/>
    <testcase classname="ds.meanByClass_smk_LAB_TSC_across_PM_BMI_CATEGORICAL_categories_where_both_vectors_are_loose_" name="LAB_TSC_across_" time="0.000999999999748979"/>
    <testcase classname="ds.meanByClass_smk_LAB_TSC_across_PM_BMI_CATEGORICAL_categories_where_both_vectors_are_loose_" name="LAB_TSC_across_" time="0.00100000000020373"/>
    <testcase classname="ds.meanByClass_smk_LAB_TSC_across_PM_BMI_CATEGORICAL_categories_where_both_vectors_are_loose_" name="LAB_TSC_across_" time="0.000999999999748979"/>
    <testcase classname="ds.meanByClass_smk_LAB_TSC_across_PM_BMI_CATEGORICAL_categories_where_both_vectors_are_loose_" name="LAB_TSC_across_" time="0.00100000000020373"/>
    <testcase classname="ds.meanByClass_smk_LAB_TSC_across_PM_BMI_CATEGORICAL_categories_where_both_vectors_are_loose_" name="LAB_TSC_across_" time="0.00199999999995271"/>
    <testcase classname="ds.meanByClass_smk_LAB_TSC_across_PM_BMI_CATEGORICAL_categories_where_both_vectors_are_loose_" name="LAB_TSC_across_" time="0.000999999999748979"/>
  </testsuite>
  <testsuite errors="0" failures="0" hostname="fv-az14" name="ds.meanByClass::smk::calculate the mean proportion for LAB_HDL across PM_BMI_CATEGORICAL categories" skipped="0" tests="7" time="7.348" timestamp="2020-10-23T11:26:18Z">
    <testcase classname="ds.meanByClass_smk_calculate_the_mean_proportion_for_LAB_HDL_across_PM_BMI_CATEGORICAL_categories" name="LAB_HDL_across_PM_BMI_CATEGORICAL" time="7.34000000000015"/>
    <testcase classname="ds.meanByClass_smk_calculate_the_mean_proportion_for_LAB_HDL_across_PM_BMI_CATEGORICAL_categories" name="LAB_HDL_across_PM_BMI_CATEGORICAL" time="0.00199999999995271"/>
    <testcase classname="ds.meanByClass_smk_calculate_the_mean_proportion_for_LAB_HDL_across_PM_BMI_CATEGORICAL_categories" name="LAB_HDL_across_PM_BMI_CATEGORICAL" time="0.00100000000020373"/>
    <testcase classname="ds.meanByClass_smk_calculate_the_mean_proportion_for_LAB_HDL_across_PM_BMI_CATEGORICAL_categories" name="LAB_HDL_across_PM_BMI_CATEGORICAL" time="0.000999999999748979"/>
    <testcase classname="ds.meanByClass_smk_calculate_the_mean_proportion_for_LAB_HDL_across_PM_BMI_CATEGORICAL_categories" name="LAB_HDL_across_PM_BMI_CATEGORICAL" time="0.00100000000020373"/>
    <testcase classname="ds.meanByClass_smk_calculate_the_mean_proportion_for_LAB_HDL_across_PM_BMI_CATEGORICAL_categories" name="LAB_HDL_across_PM_BMI_CATEGORICAL" time="0.00199999999995271"/>
    <testcase classname="ds.meanByClass_smk_calculate_the_mean_proportion_for_LAB_HDL_across_PM_BMI_CATEGORICAL_categories" name="LAB_HDL_across_PM_BMI_CATEGORICAL" time="0.00100000000020373"/>
  </testsuite>
  <testsuite errors="0" failures="0" hostname="fv-az14" name="ds.meanByClass::smk::calculate the mean proportion for LAB_HDL &amp; LAB_TSC across bmi categories" skipped="0" tests="13" time="9.601" timestamp="2020-10-23T11:26:26Z">
    <testcase classname="ds.meanByClass_smk_calculate_the_mean_proportion_for_LAB_HDL_LAB_TSC_across_bmi_categories" name="LAB_HDL_LAB_TSC_across_PM_BMI_CATEGORICAL" time="9.58799999999974"/>
    <testcase classname="ds.meanByClass_smk_calculate_the_mean_proportion_for_LAB_HDL_LAB_TSC_across_bmi_categories" name="LAB_HDL_LAB_TSC_across_PM_BMI_CATEGORICAL" time="0.00100000000020373"/>
    <testcase classname="ds.meanByClass_smk_calculate_the_mean_proportion_for_LAB_HDL_LAB_TSC_across_bmi_categories" name="LAB_HDL_LAB_TSC_across_PM_BMI_CATEGORICAL" time="0.00199999999995271"/>
    <testcase classname="ds.meanByClass_smk_calculate_the_mean_proportion_for_LAB_HDL_LAB_TSC_across_bmi_categories" name="LAB_HDL_LAB_TSC_across_PM_BMI_CATEGORICAL" time="0.000999999999748979"/>
    <testcase classname="ds.meanByClass_smk_calculate_the_mean_proportion_for_LAB_HDL_LAB_TSC_across_bmi_categories" name="LAB_HDL_LAB_TSC_across_PM_BMI_CATEGORICAL" time="0.00100000000020373"/>
    <testcase classname="ds.meanByClass_smk_calculate_the_mean_proportion_for_LAB_HDL_LAB_TSC_across_bmi_categories" name="LAB_HDL_LAB_TSC_across_PM_BMI_CATEGORICAL" time="0.000999999999748979"/>
    <testcase classname="ds.meanByClass_smk_calculate_the_mean_proportion_for_LAB_HDL_LAB_TSC_across_bmi_categories" name="LAB_HDL_LAB_TSC_across_PM_BMI_CATEGORICAL" time="0.00100000000020373"/>
    <testcase classname="ds.meanByClass_smk_calculate_the_mean_proportion_for_LAB_HDL_LAB_TSC_across_bmi_categories" name="LAB_HDL_LAB_TSC_across_PM_BMI_CATEGORICAL" time="0.00100000000020373"/>
    <testcase classname="ds.meanByClass_smk_calculate_the_mean_proportion_for_LAB_HDL_LAB_TSC_across_bmi_categories" name="LAB_HDL_LAB_TSC_across_PM_BMI_CATEGORICAL" time="0.000999999999748979"/>
    <testcase classname="ds.meanByClass_smk_calculate_the_mean_proportion_for_LAB_HDL_LAB_TSC_across_bmi_categories" name="LAB_HDL_LAB_TSC_across_PM_BMI_CATEGORICAL" time="0.00100000000020373"/>
    <testcase classname="ds.meanByClass_smk_calculate_the_mean_proportion_for_LAB_HDL_LAB_TSC_across_bmi_categories" name="LAB_HDL_LAB_TSC_across_PM_BMI_CATEGORICAL" time="0.000999999999748979"/>
    <testcase classname="ds.meanByClass_smk_calculate_the_mean_proportion_for_LAB_HDL_LAB_TSC_across_bmi_categories" name="LAB_HDL_LAB_TSC_across_PM_BMI_CATEGORICAL" time="0.00100000000020373"/>
    <testcase classname="ds.meanByClass_smk_calculate_the_mean_proportion_for_LAB_HDL_LAB_TSC_across_bmi_categories" name="LAB_HDL_LAB_TSC_across_PM_BMI_CATEGORICAL" time="0.000999999999748979"/>
  </testsuite>
  <testsuite errors="0" failures="0" hostname="fv-az14" name="ds.meanByClass::smk::calculate the mean proportion for LAB_HDL across PM_BMI_CATEGORICAL categories, split" skipped="0" tests="22" time="11.286" timestamp="2020-10-23T11:26:35Z">
    <testcase classname="ds.meanByClass_smk_calculate_the_mean_proportion_for_LAB_HDL_across_PM_BMI_CATEGORICAL_categories_split" name="LAB_HDL_across_PM_BMI_CATEGORICAL" time="11.2600000000002"/>
    <testcase classname="ds.meanByClass_smk_calculate_the_mean_proportion_for_LAB_HDL_across_PM_BMI_CATEGORICAL_categories_split" name="LAB_HDL_across_PM_BMI_CATEGORICAL" time="0.000999999999748979"/>
    <testcase classname="ds.meanByClass_smk_calculate_the_mean_proportion_for_LAB_HDL_across_PM_BMI_CATEGORICAL_categories_split" name="LAB_HDL_across_PM_BMI_CATEGORICAL" time="0.00199999999995271"/>
    <testcase classname="ds.meanByClass_smk_calculate_the_mean_proportion_for_LAB_HDL_across_PM_BMI_CATEGORICAL_categories_split" name="LAB_HDL_across_PM_BMI_CATEGORICAL" time="0.00100000000020373"/>
    <testcase classname="ds.meanByClass_smk_calculate_the_mean_proportion_for_LAB_HDL_across_PM_BMI_CATEGORICAL_categories_split" name="LAB_HDL_across_PM_BMI_CATEGORICAL" time="0.00100000000020373"/>
    <testcase classname="ds.meanByClass_smk_calculate_the_mean_proportion_for_LAB_HDL_across_PM_BMI_CATEGORICAL_categories_split" name="LAB_HDL_across_PM_BMI_CATEGORICAL" time="0.000999999999748979"/>
    <testcase classname="ds.meanByClass_smk_calculate_the_mean_proportion_for_LAB_HDL_across_PM_BMI_CATEGORICAL_categories_split" name="LAB_HDL_across_PM_BMI_CATEGORICAL" time="0.00100000000020373"/>
    <testcase classname="ds.meanByClass_smk_calculate_the_mean_proportion_for_LAB_HDL_across_PM_BMI_CATEGORICAL_categories_split" name="LAB_HDL_across_PM_BMI_CATEGORICAL" time="0.000999999999748979"/>
    <testcase classname="ds.meanByClass_smk_calculate_the_mean_proportion_for_LAB_HDL_across_PM_BMI_CATEGORICAL_categories_split" name="LAB_HDL_across_PM_BMI_CATEGORICAL" time="0.00100000000020373"/>
    <testcase classname="ds.meanByClass_smk_calculate_the_mean_proportion_for_LAB_HDL_across_PM_BMI_CATEGORICAL_categories_split" name="LAB_HDL_across_PM_BMI_CATEGORICAL" time="0.00199999999995271"/>
    <testcase classname="ds.meanByClass_smk_calculate_the_mean_proportion_for_LAB_HDL_across_PM_BMI_CATEGORICAL_categories_split" name="LAB_HDL_across_PM_BMI_CATEGORICAL" time="0.000999999999748979"/>
    <testcase classname="ds.meanByClass_smk_calculate_the_mean_proportion_for_LAB_HDL_across_PM_BMI_CATEGORICAL_categories_split" name="LAB_HDL_across_PM_BMI_CATEGORICAL" time="0.00100000000020373"/>
    <testcase classname="ds.meanByClass_smk_calculate_the_mean_proportion_for_LAB_HDL_across_PM_BMI_CATEGORICAL_categories_split" name="LAB_HDL_across_PM_BMI_CATEGORICAL" time="0.00100000000020373"/>
    <testcase classname="ds.meanByClass_smk_calculate_the_mean_proportion_for_LAB_HDL_across_PM_BMI_CATEGORICAL_categories_split" name="LAB_HDL_across_PM_BMI_CATEGORICAL" time="0.000999999999748979"/>
    <testcase classname="ds.meanByClass_smk_calculate_the_mean_proportion_for_LAB_HDL_across_PM_BMI_CATEGORICAL_categories_split" name="LAB_HDL_across_PM_BMI_CATEGORICAL" time="0.00199999999995271"/>
    <testcase classname="ds.meanByClass_smk_calculate_the_mean_proportion_for_LAB_HDL_across_PM_BMI_CATEGORICAL_categories_split" name="LAB_HDL_across_PM_BMI_CATEGORICAL" time="0.00100000000020373"/>
    <testcase classname="ds.meanByClass_smk_calculate_the_mean_proportion_for_LAB_HDL_across_PM_BMI_CATEGORICAL_categories_split" name="LAB_HDL_across_PM_BMI_CATEGORICAL" time="0.000999999999748979"/>
    <testcase classname="ds.meanByClass_smk_calculate_the_mean_proportion_for_LAB_HDL_across_PM_BMI_CATEGORICAL_categories_split" name="LAB_HDL_across_PM_BMI_CATEGORICAL" time="0.00199999999995271"/>
    <testcase classname="ds.meanByClass_smk_calculate_the_mean_proportion_for_LAB_HDL_across_PM_BMI_CATEGORICAL_categories_split" name="LAB_HDL_across_PM_BMI_CATEGORICAL" time="0.00100000000020373"/>
    <testcase classname="ds.meanByClass_smk_calculate_the_mean_proportion_for_LAB_HDL_across_PM_BMI_CATEGORICAL_categories_split" name="LAB_HDL_across_PM_BMI_CATEGORICAL" time="0.000999999999748979"/>
    <testcase classname="ds.meanByClass_smk_calculate_the_mean_proportion_for_LAB_HDL_across_PM_BMI_CATEGORICAL_categories_split" name="LAB_HDL_across_PM_BMI_CATEGORICAL" time="0.00200000000040745"/>
    <testcase classname="ds.meanByClass_smk_calculate_the_mean_proportion_for_LAB_HDL_across_PM_BMI_CATEGORICAL_categories_split" name="LAB_HDL_across_PM_BMI_CATEGORICAL" time="0.000999999999748979"/>
  </testsuite>
  <testsuite errors="0" failures="0" hostname="fv-az14" name="ds.meanByClass::smk::shutdown" skipped="0" tests="3" time="0.289" timestamp="2020-10-23T11:26:46Z">
    <testcase classname="ds.meanByClass_smk_shutdown" name="shutdown" time="0.287000000000262"/>
    <testcase classname="ds.meanByClass_smk_shutdown" name="shutdown" time="0.000999999999748979"/>
    <testcase classname="ds.meanByClass_smk_shutdown" name="shutdown" time="0.00100000000020373"/>
  </testsuite>
  <testsuite errors="0" failures="0" hostname="fv-az14" name="ds.meanByClass::smk::done" skipped="0" tests="0" time="0" timestamp="2020-10-23T11:26:47Z"/>
  <testsuite errors="0" failures="0" hostname="fv-az14" name="ds.mean::smk::setup" skipped="0" tests="3" time="5.33" timestamp="2020-10-23T11:26:47Z">
    <testcase classname="ds.mean_smk_setup" name="setup" time="5.32799999999997"/>
    <testcase classname="ds.mean_smk_setup" name="setup" time="0.000999999999748979"/>
    <testcase classname="ds.mean_smk_setup" name="setup" time="0.00100000000020373"/>
  </testsuite>
  <testsuite errors="0" failures="0" hostname="fv-az14" name="ds.mean::smk::type=combine" skipped="0" tests="23" time="1.63" timestamp="2020-10-23T11:26:52Z">
    <testcase classname="ds.mean_smk_type_combine" name="mean_values_combine_" time="1.33399999999983"/>
    <testcase classname="ds.mean_smk_type_combine" name="mean_values_combine_" time="0.00100000000020373"/>
    <testcase classname="ds.mean_smk_type_combine" name="mean_values_combine_" time="0.000999999999748979"/>
    <testcase classname="ds.mean_smk_type_combine" name="mean_values_combine_" time="0.00100000000020373"/>
    <testcase classname="ds.mean_smk_type_combine" name="mean_values_combine_" time="0.00900000000001455"/>
    <testcase classname="ds.mean_smk_type_combine" name="mean_values_combine_" time="0.000999999999748979"/>
    <testcase classname="ds.mean_smk_type_combine" name="mean_values_combine_" time="0.00100000000020373"/>
    <testcase classname="ds.mean_smk_type_combine" name="mean_values_combine_" time="0.00199999999995271"/>
    <testcase classname="ds.mean_smk_type_combine" name="mean_values_combine_" time="0.00100000000020373"/>
    <testcase classname="ds.mean_smk_type_combine" name="mean_values_combine_" time="0.000999999999748979"/>
    <testcase classname="ds.mean_smk_type_combine" name="mean_values_combine_" time="0.00100000000020373"/>
    <testcase classname="ds.mean_smk_type_combine" name="mean_values_combine_" time="0.263999999999669"/>
    <testcase classname="ds.mean_smk_type_combine" name="mean_values_combine_" time="0.00100000000020373"/>
    <testcase classname="ds.mean_smk_type_combine" name="mean_values_combine_" time="0.00100000000020373"/>
    <testcase classname="ds.mean_smk_type_combine" name="mean_values_combine_" time="0.00199999999995271"/>
    <testcase classname="ds.mean_smk_type_combine" name="mean_values_combine_" time="0.000999999999748979"/>
    <testcase classname="ds.mean_smk_type_combine" name="mean_values_combine_" time="0.00100000000020373"/>
    <testcase classname="ds.mean_smk_type_combine" name="mean_values_combine_" time="0.000999999999748979"/>
    <testcase classname="ds.mean_smk_type_combine" name="mean_values_combine_" time="0.00100000000020373"/>
    <testcase classname="ds.mean_smk_type_combine" name="mean_values_combine_" time="0.000999999999748979"/>
    <testcase classname="ds.mean_smk_type_combine" name="mean_values_combine_" time="0.00100000000020373"/>
    <testcase classname="ds.mean_smk_type_combine" name="mean_values_combine_" time="0.00199999999995271"/>
    <testcase classname="ds.mean_smk_type_combine" name="mean_values_combine_" time="0.00100000000020373"/>
  </testsuite>
  <testsuite errors="0" failures="0" hostname="fv-az14" name="ds.mean::smk::type=split" skipped="0" tests="31" time="1.659" timestamp="2020-10-23T11:26:54Z">
    <testcase classname="ds.mean_smk_type_split" name="mean_values_split_" time="1.34799999999996"/>
    <testcase classname="ds.mean_smk_type_split" name="mean_values_split_" time="0.000999999999748979"/>
    <testcase classname="ds.mean_smk_type_split" name="mean_values_split_" time="0.00100000000020373"/>
    <testcase classname="ds.mean_smk_type_split" name="mean_values_split_" time="0.000999999999748979"/>
    <testcase classname="ds.mean_smk_type_split" name="mean_values_split_" time="0.00100000000020373"/>
    <testcase classname="ds.mean_smk_type_split" name="mean_values_split_" time="0.000999999999748979"/>
    <testcase classname="ds.mean_smk_type_split" name="mean_values_split_" time="0.00200000000040745"/>
    <testcase classname="ds.mean_smk_type_split" name="mean_values_split_" time="0.000999999999748979"/>
    <testcase classname="ds.mean_smk_type_split" name="mean_values_split_" time="0.00100000000020373"/>
    <testcase classname="ds.mean_smk_type_split" name="mean_values_split_" time="0.000999999999748979"/>
    <testcase classname="ds.mean_smk_type_split" name="mean_values_split_" time="0.00100000000020373"/>
    <testcase classname="ds.mean_smk_type_split" name="mean_values_split_" time="0.00199999999995271"/>
    <testcase classname="ds.mean_smk_type_split" name="mean_values_split_" time="0.000999999999748979"/>
    <testcase classname="ds.mean_smk_type_split" name="mean_values_split_" time="0.00100000000020373"/>
    <testcase classname="ds.mean_smk_type_split" name="mean_values_split_" time="0.00100000000020373"/>
    <testcase classname="ds.mean_smk_type_split" name="mean_values_split_" time="0.000999999999748979"/>
    <testcase classname="ds.mean_smk_type_split" name="mean_values_split_" time="0.00199999999995271"/>
    <testcase classname="ds.mean_smk_type_split" name="mean_values_split_" time="0.00100000000020373"/>
    <testcase classname="ds.mean_smk_type_split" name="mean_values_split_" time="0.000999999999748979"/>
    <testcase classname="ds.mean_smk_type_split" name="mean_values_split_" time="0.26700000000028"/>
    <testcase classname="ds.mean_smk_type_split" name="mean_values_split_" time="0.000999999999748979"/>
    <testcase classname="ds.mean_smk_type_split" name="mean_values_split_" time="0.00199999999995271"/>
    <testcase classname="ds.mean_smk_type_split" name="mean_values_split_" time="0.00100000000020373"/>
    <testcase classname="ds.mean_smk_type_split" name="mean_values_split_" time="0.00900000000001455"/>
    <testcase classname="ds.mean_smk_type_split" name="mean_values_split_" time="0.000999999999748979"/>
    <testcase classname="ds.mean_smk_type_split" name="mean_values_split_" time="0.00199999999995271"/>
    <testcase classname="ds.mean_smk_type_split" name="mean_values_split_" time="0.00100000000020373"/>
    <testcase classname="ds.mean_smk_type_split" name="mean_values_split_" time="0.00100000000020373"/>
    <testcase classname="ds.mean_smk_type_split" name="mean_values_split_" time="0.00199999999995271"/>
    <testcase classname="ds.mean_smk_type_split" name="mean_values_split_" time="0.000999999999748979"/>
    <testcase classname="ds.mean_smk_type_split" name="mean_values_split_" time="0.00199999999995271"/>
  </testsuite>
  <testsuite errors="0" failures="0" hostname="fv-az14" name="ds.mean::smk::type=both" skipped="0" tests="36" time="1.646" timestamp="2020-10-23T11:26:55Z">
    <testcase classname="ds.mean_smk_type_both" name="mean_values_both_" time="1.33600000000024"/>
    <testcase classname="ds.mean_smk_type_both" name="mean_values_both_" time="0.000999999999748979"/>
    <testcase classname="ds.mean_smk_type_both" name="mean_values_both_" time="0.00100000000020373"/>
    <testcase classname="ds.mean_smk_type_both" name="mean_values_both_" time="0.000999999999748979"/>
    <testcase classname="ds.mean_smk_type_both" name="mean_values_both_" time="0.00100000000020373"/>
    <testcase classname="ds.mean_smk_type_both" name="mean_values_both_" time="0.00100000000020373"/>
    <testcase classname="ds.mean_smk_type_both" name="mean_values_both_" time="0.00199999999995271"/>
    <testcase classname="ds.mean_smk_type_both" name="mean_values_both_" time="0.000999999999748979"/>
    <testcase classname="ds.mean_smk_type_both" name="mean_values_both_" time="0.00199999999995271"/>
    <testcase classname="ds.mean_smk_type_both" name="mean_values_both_" time="0.00100000000020373"/>
    <testcase classname="ds.mean_smk_type_both" name="mean_values_both_" time="0.000999999999748979"/>
    <testcase classname="ds.mean_smk_type_both" name="mean_values_both_" time="0.00100000000020373"/>
    <testcase classname="ds.mean_smk_type_both" name="mean_values_both_" time="0.00199999999995271"/>
    <testcase classname="ds.mean_smk_type_both" name="mean_values_both_" time="0.00100000000020373"/>
    <testcase classname="ds.mean_smk_type_both" name="mean_values_both_" time="0.000999999999748979"/>
    <testcase classname="ds.mean_smk_type_both" name="mean_values_both_" time="0.00100000000020373"/>
    <testcase classname="ds.mean_smk_type_both" name="mean_values_both_" time="0.00199999999995271"/>
    <testcase classname="ds.mean_smk_type_both" name="mean_values_both_" time="0.000999999999748979"/>
    <testcase classname="ds.mean_smk_type_both" name="mean_values_both_" time="0.00200000000040745"/>
    <testcase classname="ds.mean_smk_type_both" name="mean_values_both_" time="0.00199999999995271"/>
    <testcase classname="ds.mean_smk_type_both" name="mean_values_both_" time="0.000999999999748979"/>
    <testcase classname="ds.mean_smk_type_both" name="mean_values_both_" time="0.00199999999995271"/>
    <testcase classname="ds.mean_smk_type_both" name="mean_values_both_" time="0.00100000000020373"/>
    <testcase classname="ds.mean_smk_type_both" name="mean_values_both_" time="0.00199999999995271"/>
    <testcase classname="ds.mean_smk_type_both" name="mean_values_both_" time="0.264000000000124"/>
    <testcase classname="ds.mean_smk_type_both" name="mean_values_both_" time="0.000999999999748979"/>
    <testcase classname="ds.mean_smk_type_both" name="mean_values_both_" time="0.00199999999995271"/>
    <testcase classname="ds.mean_smk_type_both" name="mean_values_both_" time="0.00100000000020373"/>
    <testcase classname="ds.mean_smk_type_both" name="mean_values_both_" time="0.000999999999748979"/>
    <testcase classname="ds.mean_smk_type_both" name="mean_values_both_" time="0.00200000000040745"/>
    <testcase classname="ds.mean_smk_type_both" name="mean_values_both_" time="0.000999999999748979"/>
    <testcase classname="ds.mean_smk_type_both" name="mean_values_both_" time="0.00199999999995271"/>
    <testcase classname="ds.mean_smk_type_both" name="mean_values_both_" time="0.00100000000020373"/>
    <testcase classname="ds.mean_smk_type_both" name="mean_values_both_" time="0.000999999999748979"/>
    <testcase classname="ds.mean_smk_type_both" name="mean_values_both_" time="0.00199999999995271"/>
    <testcase classname="ds.mean_smk_type_both" name="mean_values_both_" time="0.00100000000020373"/>
  </testsuite>
  <testsuite errors="0" failures="0" hostname="fv-az14" name="ds.mean::smk::type=combine,save.mean.Nvalid=TRUE" skipped="0" tests="23" time="3.877" timestamp="2020-10-23T11:26:57Z">
    <testcase classname="ds.mean_smk_type_combine_save.mean.Nvalid_TRUE" name="mean_values_combine_" time="3.58100000000013"/>
    <testcase classname="ds.mean_smk_type_combine_save.mean.Nvalid_TRUE" name="mean_values_combine_" time="0.000999999999748979"/>
    <testcase classname="ds.mean_smk_type_combine_save.mean.Nvalid_TRUE" name="mean_values_combine_" time="0.00100000000020373"/>
    <testcase classname="ds.mean_smk_type_combine_save.mean.Nvalid_TRUE" name="mean_values_combine_" time="0.000999999999748979"/>
    <testcase classname="ds.mean_smk_type_combine_save.mean.Nvalid_TRUE" name="mean_values_combine_" time="0.00100000000020373"/>
    <testcase classname="ds.mean_smk_type_combine_save.mean.Nvalid_TRUE" name="mean_values_combine_" time="0.00199999999995271"/>
    <testcase classname="ds.mean_smk_type_combine_save.mean.Nvalid_TRUE" name="mean_values_combine_" time="0.00100000000020373"/>
    <testcase classname="ds.mean_smk_type_combine_save.mean.Nvalid_TRUE" name="mean_values_combine_" time="0.000999999999748979"/>
    <testcase classname="ds.mean_smk_type_combine_save.mean.Nvalid_TRUE" name="mean_values_combine_" time="0.00199999999995271"/>
    <testcase classname="ds.mean_smk_type_combine_save.mean.Nvalid_TRUE" name="mean_values_combine_" time="0.00100000000020373"/>
    <testcase classname="ds.mean_smk_type_combine_save.mean.Nvalid_TRUE" name="mean_values_combine_" time="0.000999999999748979"/>
    <testcase classname="ds.mean_smk_type_combine_save.mean.Nvalid_TRUE" name="mean_values_combine_" time="0.269999999999982"/>
    <testcase classname="ds.mean_smk_type_combine_save.mean.Nvalid_TRUE" name="mean_values_combine_" time="0.00100000000020373"/>
    <testcase classname="ds.mean_smk_type_combine_save.mean.Nvalid_TRUE" name="mean_values_combine_" time="0.000999999999748979"/>
    <testcase classname="ds.mean_smk_type_combine_save.mean.Nvalid_TRUE" name="mean_values_combine_" time="0.00100000000020373"/>
    <testcase classname="ds.mean_smk_type_combine_save.mean.Nvalid_TRUE" name="mean_values_combine_" time="0.00199999999995271"/>
    <testcase classname="ds.mean_smk_type_combine_save.mean.Nvalid_TRUE" name="mean_values_combine_" time="0.00100000000020373"/>
    <testcase classname="ds.mean_smk_type_combine_save.mean.Nvalid_TRUE" name="mean_values_combine_" time="0.000999999999748979"/>
    <testcase classname="ds.mean_smk_type_combine_save.mean.Nvalid_TRUE" name="mean_values_combine_" time="0.00199999999995271"/>
    <testcase classname="ds.mean_smk_type_combine_save.mean.Nvalid_TRUE" name="mean_values_combine_" time="0.00100000000020373"/>
    <testcase classname="ds.mean_smk_type_combine_save.mean.Nvalid_TRUE" name="mean_values_combine_" time="0.000999999999748979"/>
    <testcase classname="ds.mean_smk_type_combine_save.mean.Nvalid_TRUE" name="mean_values_combine_" time="0.00100000000020373"/>
    <testcase classname="ds.mean_smk_type_combine_save.mean.Nvalid_TRUE" name="mean_values_combine_" time="0.00199999999995271"/>
  </testsuite>
  <testsuite errors="0" failures="0" hostname="fv-az14" name="ds.mean::smk::type=split,save.mean.Nvalid=TRUE" skipped="0" tests="31" time="3.869" timestamp="2020-10-23T11:27:01Z">
    <testcase classname="ds.mean_smk_type_split_save.mean.Nvalid_TRUE" name="mean_values_split_" time="3.56399999999985"/>
    <testcase classname="ds.mean_smk_type_split_save.mean.Nvalid_TRUE" name="mean_values_split_" time="0.00100000000020373"/>
    <testcase classname="ds.mean_smk_type_split_save.mean.Nvalid_TRUE" name="mean_values_split_" time="0.000999999999748979"/>
    <testcase classname="ds.mean_smk_type_split_save.mean.Nvalid_TRUE" name="mean_values_split_" time="0.00200000000040745"/>
    <testcase classname="ds.mean_smk_type_split_save.mean.Nvalid_TRUE" name="mean_values_split_" time="0.000999999999748979"/>
    <testcase classname="ds.mean_smk_type_split_save.mean.Nvalid_TRUE" name="mean_values_split_" time="0.00100000000020373"/>
    <testcase classname="ds.mean_smk_type_split_save.mean.Nvalid_TRUE" name="mean_values_split_" time="0.000999999999748979"/>
    <testcase classname="ds.mean_smk_type_split_save.mean.Nvalid_TRUE" name="mean_values_split_" time="0.00100000000020373"/>
    <testcase classname="ds.mean_smk_type_split_save.mean.Nvalid_TRUE" name="mean_values_split_" time="0.00199999999995271"/>
    <testcase classname="ds.mean_smk_type_split_save.mean.Nvalid_TRUE" name="mean_values_split_" time="0.000999999999748979"/>
    <testcase classname="ds.mean_smk_type_split_save.mean.Nvalid_TRUE" name="mean_values_split_" time="0.00100000000020373"/>
    <testcase classname="ds.mean_smk_type_split_save.mean.Nvalid_TRUE" name="mean_values_split_" time="0.00199999999995271"/>
    <testcase classname="ds.mean_smk_type_split_save.mean.Nvalid_TRUE" name="mean_values_split_" time="0.00100000000020373"/>
    <testcase classname="ds.mean_smk_type_split_save.mean.Nvalid_TRUE" name="mean_values_split_" time="0.000999999999748979"/>
    <testcase classname="ds.mean_smk_type_split_save.mean.Nvalid_TRUE" name="mean_values_split_" time="0.00199999999995271"/>
    <testcase classname="ds.mean_smk_type_split_save.mean.Nvalid_TRUE" name="mean_values_split_" time="0.00100000000020373"/>
    <testcase classname="ds.mean_smk_type_split_save.mean.Nvalid_TRUE" name="mean_values_split_" time="0.00199999999995271"/>
    <testcase classname="ds.mean_smk_type_split_save.mean.Nvalid_TRUE" name="mean_values_split_" time="0.00100000000020373"/>
    <testcase classname="ds.mean_smk_type_split_save.mean.Nvalid_TRUE" name="mean_values_split_" time="0.000999999999748979"/>
    <testcase classname="ds.mean_smk_type_split_save.mean.Nvalid_TRUE" name="mean_values_split_" time="0.266000000000076"/>
    <testcase classname="ds.mean_smk_type_split_save.mean.Nvalid_TRUE" name="mean_values_split_" time="0.000999999999748979"/>
    <testcase classname="ds.mean_smk_type_split_save.mean.Nvalid_TRUE" name="mean_values_split_" time="0.00200000000040745"/>
    <testcase classname="ds.mean_smk_type_split_save.mean.Nvalid_TRUE" name="mean_values_split_" time="0.000999999999748979"/>
    <testcase classname="ds.mean_smk_type_split_save.mean.Nvalid_TRUE" name="mean_values_split_" time="0.00100000000020373"/>
    <testcase classname="ds.mean_smk_type_split_save.mean.Nvalid_TRUE" name="mean_values_split_" time="0.00199999999995271"/>
    <testcase classname="ds.mean_smk_type_split_save.mean.Nvalid_TRUE" name="mean_values_split_" time="0.000999999999748979"/>
    <testcase classname="ds.mean_smk_type_split_save.mean.Nvalid_TRUE" name="mean_values_split_" time="0.00199999999995271"/>
    <testcase classname="ds.mean_smk_type_split_save.mean.Nvalid_TRUE" name="mean_values_split_" time="0.00100000000020373"/>
    <testcase classname="ds.mean_smk_type_split_save.mean.Nvalid_TRUE" name="mean_values_split_" time="0.00199999999995271"/>
    <testcase classname="ds.mean_smk_type_split_save.mean.Nvalid_TRUE" name="mean_values_split_" time="0.00100000000020373"/>
    <testcase classname="ds.mean_smk_type_split_save.mean.Nvalid_TRUE" name="mean_values_split_" time="0.00199999999995271"/>
  </testsuite>
  <testsuite errors="0" failures="0" hostname="fv-az14" name="ds.mean::smk::type=both,save.mean.Nvalid=TRUE" skipped="0" tests="36" time="2.826" timestamp="2020-10-23T11:27:05Z">
    <testcase classname="ds.mean_smk_type_both_save.mean.Nvalid_TRUE" name="mean_values_both_" time="2.51299999999992"/>
    <testcase classname="ds.mean_smk_type_both_save.mean.Nvalid_TRUE" name="mean_values_both_" time="0.000999999999748979"/>
    <testcase classname="ds.mean_smk_type_both_save.mean.Nvalid_TRUE" name="mean_values_both_" time="0.00100000000020373"/>
    <testcase classname="ds.mean_smk_type_both_save.mean.Nvalid_TRUE" name="mean_values_both_" time="0.00100000000020373"/>
    <testcase classname="ds.mean_smk_type_both_save.mean.Nvalid_TRUE" name="mean_values_both_" time="0.00199999999995271"/>
    <testcase classname="ds.mean_smk_type_both_save.mean.Nvalid_TRUE" name="mean_values_both_" time="0.00199999999995271"/>
    <testcase classname="ds.mean_smk_type_both_save.mean.Nvalid_TRUE" name="mean_values_both_" time="0.00199999999995271"/>
    <testcase classname="ds.mean_smk_type_both_save.mean.Nvalid_TRUE" name="mean_values_both_" time="0.00199999999995271"/>
    <testcase classname="ds.mean_smk_type_both_save.mean.Nvalid_TRUE" name="mean_values_both_" time="0.00100000000020373"/>
    <testcase classname="ds.mean_smk_type_both_save.mean.Nvalid_TRUE" name="mean_values_both_" time="0.00100000000020373"/>
    <testcase classname="ds.mean_smk_type_both_save.mean.Nvalid_TRUE" name="mean_values_both_" time="0.00199999999995271"/>
    <testcase classname="ds.mean_smk_type_both_save.mean.Nvalid_TRUE" name="mean_values_both_" time="0.000999999999748979"/>
    <testcase classname="ds.mean_smk_type_both_save.mean.Nvalid_TRUE" name="mean_values_both_" time="0.00100000000020373"/>
    <testcase classname="ds.mean_smk_type_both_save.mean.Nvalid_TRUE" name="mean_values_both_" time="0.000999999999748979"/>
    <testcase classname="ds.mean_smk_type_both_save.mean.Nvalid_TRUE" name="mean_values_both_" time="0.00100000000020373"/>
    <testcase classname="ds.mean_smk_type_both_save.mean.Nvalid_TRUE" name="mean_values_both_" time="0.00199999999995271"/>
    <testcase classname="ds.mean_smk_type_both_save.mean.Nvalid_TRUE" name="mean_values_both_" time="0.00100000000020373"/>
    <testcase classname="ds.mean_smk_type_both_save.mean.Nvalid_TRUE" name="mean_values_both_" time="0.000999999999748979"/>
    <testcase classname="ds.mean_smk_type_both_save.mean.Nvalid_TRUE" name="mean_values_both_" time="0.00199999999995271"/>
    <testcase classname="ds.mean_smk_type_both_save.mean.Nvalid_TRUE" name="mean_values_both_" time="0.00100000000020373"/>
    <testcase classname="ds.mean_smk_type_both_save.mean.Nvalid_TRUE" name="mean_values_both_" time="0.000999999999748979"/>
    <testcase classname="ds.mean_smk_type_both_save.mean.Nvalid_TRUE" name="mean_values_both_" time="0.00100000000020373"/>
    <testcase classname="ds.mean_smk_type_both_save.mean.Nvalid_TRUE" name="mean_values_both_" time="0.00199999999995271"/>
    <testcase classname="ds.mean_smk_type_both_save.mean.Nvalid_TRUE" name="mean_values_both_" time="0.00100000000020373"/>
    <testcase classname="ds.mean_smk_type_both_save.mean.Nvalid_TRUE" name="mean_values_both_" time="0.265999999999622"/>
    <testcase classname="ds.mean_smk_type_both_save.mean.Nvalid_TRUE" name="mean_values_both_" time="0.00100000000020373"/>
    <testcase classname="ds.mean_smk_type_both_save.mean.Nvalid_TRUE" name="mean_values_both_" time="0.00199999999995271"/>
    <testcase classname="ds.mean_smk_type_both_save.mean.Nvalid_TRUE" name="mean_values_both_" time="0.00100000000020373"/>
    <testcase classname="ds.mean_smk_type_both_save.mean.Nvalid_TRUE" name="mean_values_both_" time="0.000999999999748979"/>
    <testcase classname="ds.mean_smk_type_both_save.mean.Nvalid_TRUE" name="mean_values_both_" time="0.00199999999995271"/>
    <testcase classname="ds.mean_smk_type_both_save.mean.Nvalid_TRUE" name="mean_values_both_" time="0.00100000000020373"/>
    <testcase classname="ds.mean_smk_type_both_save.mean.Nvalid_TRUE" name="mean_values_both_" time="0.00199999999995271"/>
    <testcase classname="ds.mean_smk_type_both_save.mean.Nvalid_TRUE" name="mean_values_both_" time="0.000999999999748979"/>
    <testcase classname="ds.mean_smk_type_both_save.mean.Nvalid_TRUE" name="mean_values_both_" time="0.00200000000040745"/>
    <testcase classname="ds.mean_smk_type_both_save.mean.Nvalid_TRUE" name="mean_values_both_" time="0.00199999999995271"/>
    <testcase classname="ds.mean_smk_type_both_save.mean.Nvalid_TRUE" name="mean_values_both_" time="0.000999999999748979"/>
  </testsuite>
  <testsuite errors="0" failures="0" hostname="fv-az14" name="ds.mean::smk::shutdown" skipped="0" tests="3" time="0.282" timestamp="2020-10-23T11:27:08Z">
    <testcase classname="ds.mean_smk_shutdown" name="shutdown" time="0.278999999999996"/>
    <testcase classname="ds.mean_smk_shutdown" name="shutdown" time="0.00199999999995271"/>
    <testcase classname="ds.mean_smk_shutdown" name="shutdown" time="0.00100000000020373"/>
  </testsuite>
  <testsuite errors="0" failures="0" hostname="fv-az14" name="ds.mean::smk::done" skipped="0" tests="0" time="0" timestamp="2020-10-23T11:27:09Z"/>
  <testsuite errors="0" failures="0" hostname="fv-az14" name="ds.meanSdGp::smk::setup" skipped="0" tests="3" time="5.287" timestamp="2020-10-23T11:27:09Z">
    <testcase classname="ds.meanSdGp_smk_setup" name="setup" time="5.28499999999985"/>
    <testcase classname="ds.meanSdGp_smk_setup" name="setup" time="0.00100000000020373"/>
    <testcase classname="ds.meanSdGp_smk_setup" name="setup" time="0.000999999999748979"/>
  </testsuite>
  <testsuite errors="0" failures="0" hostname="fv-az14" name="ds.meanSdGp::smk::type=split" skipped="0" tests="8" time="0.433" timestamp="2020-10-23T11:27:13Z">
    <testcase classname="ds.meanSdGp_smk_type_split" name="meanSdGp_values_split_" time="0.423999999999978"/>
    <testcase classname="ds.meanSdGp_smk_type_split" name="meanSdGp_values_split_" time="0.00199999999995271"/>
    <testcase classname="ds.meanSdGp_smk_type_split" name="meanSdGp_values_split_" time="0.00100000000020373"/>
    <testcase classname="ds.meanSdGp_smk_type_split" name="meanSdGp_values_split_" time="0.00100000000020373"/>
    <testcase classname="ds.meanSdGp_smk_type_split" name="meanSdGp_values_split_" time="0.000999999999748979"/>
    <testcase classname="ds.meanSdGp_smk_type_split" name="meanSdGp_values_split_" time="0.00100000000020373"/>
    <testcase classname="ds.meanSdGp_smk_type_split" name="meanSdGp_values_split_" time="0.00199999999995271"/>
    <testcase classname="ds.meanSdGp_smk_type_split" name="meanSdGp_values_split_" time="0.000999999999748979"/>
  </testsuite>
  <testsuite errors="0" failures="0" hostname="fv-az14" name="ds.meanSdGp::smk::type=combine" skipped="0" tests="8" time="0.295" timestamp="2020-10-23T11:27:14Z">
    <testcase classname="ds.meanSdGp_smk_type_combine" name="meanSdGp_values_combine_" time="0.287000000000262"/>
    <testcase classname="ds.meanSdGp_smk_type_combine" name="meanSdGp_values_combine_" time="0.000999999999748979"/>
    <testcase classname="ds.meanSdGp_smk_type_combine" name="meanSdGp_values_combine_" time="0.00100000000020373"/>
    <testcase classname="ds.meanSdGp_smk_type_combine" name="meanSdGp_values_combine_" time="0.000999999999748979"/>
    <testcase classname="ds.meanSdGp_smk_type_combine" name="meanSdGp_values_combine_" time="0.00100000000020373"/>
    <testcase classname="ds.meanSdGp_smk_type_combine" name="meanSdGp_values_combine_" time="0.00100000000020373"/>
    <testcase classname="ds.meanSdGp_smk_type_combine" name="meanSdGp_values_combine_" time="0.00199999999995271"/>
    <testcase classname="ds.meanSdGp_smk_type_combine" name="meanSdGp_values_combine_" time="0.000999999999748979"/>
  </testsuite>
  <testsuite errors="0" failures="0" hostname="fv-az14" name="ds.meanSdGp::smk::type=both" skipped="0" tests="8" time="0.289" timestamp="2020-10-23T11:27:14Z">
    <testcase classname="ds.meanSdGp_smk_type_both" name="meanSdGp_values_both_" time="0.280999999999949"/>
    <testcase classname="ds.meanSdGp_smk_type_both" name="meanSdGp_values_both_" time="0.00100000000020373"/>
    <testcase classname="ds.meanSdGp_smk_type_both" name="meanSdGp_values_both_" time="0.000999999999748979"/>
    <testcase classname="ds.meanSdGp_smk_type_both" name="meanSdGp_values_both_" time="0.00100000000020373"/>
    <testcase classname="ds.meanSdGp_smk_type_both" name="meanSdGp_values_both_" time="0.00100000000020373"/>
    <testcase classname="ds.meanSdGp_smk_type_both" name="meanSdGp_values_both_" time="0.000999999999748979"/>
    <testcase classname="ds.meanSdGp_smk_type_both" name="meanSdGp_values_both_" time="0.00199999999995271"/>
    <testcase classname="ds.meanSdGp_smk_type_both" name="meanSdGp_values_both_" time="0.00100000000020373"/>
  </testsuite>
  <testsuite errors="0" failures="0" hostname="fv-az14" name="ds.meanSdGp::smk::shutdown" skipped="0" tests="3" time="0.281" timestamp="2020-10-23T11:27:14Z">
    <testcase classname="ds.meanSdGp_smk_shutdown" name="shutdown" time="0.277999999999793"/>
    <testcase classname="ds.meanSdGp_smk_shutdown" name="shutdown" time="0.00199999999995271"/>
    <testcase classname="ds.meanSdGp_smk_shutdown" name="shutdown" time="0.00100000000020373"/>
  </testsuite>
  <testsuite errors="0" failures="0" hostname="fv-az14" name="ds.meanSdGp::smk::done" skipped="0" tests="0" time="0" timestamp="2020-10-23T11:27:15Z"/>
  <testsuite errors="0" failures="0" hostname="fv-az14" name="ds.merge::smk::setup" skipped="0" tests="3" time="5.386" timestamp="2020-10-23T11:27:15Z">
    <testcase classname="ds.merge_smk_setup" name="setup" time="5.38400000000001"/>
    <testcase classname="ds.merge_smk_setup" name="setup" time="0.000999999999748979"/>
    <testcase classname="ds.merge_smk_setup" name="setup" time="0.00100000000020373"/>
  </testsuite>
  <testsuite errors="0" failures="0" hostname="fv-az14" name="ds.merge::smk" skipped="0" tests="7" time="8.025" timestamp="2020-10-23T11:27:20Z">
    <testcase classname="ds.merge_smk" name="simple_test" time="7.47600000000011"/>
    <testcase classname="ds.merge_smk" name="simple_test" time="0.000999999999748979"/>
    <testcase classname="ds.merge_smk" name="simple_test" time="0.00100000000020373"/>
    <testcase classname="ds.merge_smk" name="simple_test" time="0.542999999999665"/>
    <testcase classname="ds.merge_smk" name="simple_test" time="0.00100000000020373"/>
    <testcase classname="ds.merge_smk" name="simple_test" time="0.00199999999995271"/>
    <testcase classname="ds.merge_smk" name="simple_test" time="0.00100000000020373"/>
  </testsuite>
  <testsuite errors="0" failures="0" hostname="fv-az14" name="ds.merge::smk::shutdown" skipped="0" tests="3" time="0.28" timestamp="2020-10-23T11:27:28Z">
    <testcase classname="ds.merge_smk_shutdown" name="shutdown" time="0.277000000000044"/>
    <testcase classname="ds.merge_smk_shutdown" name="shutdown" time="0.00199999999995271"/>
    <testcase classname="ds.merge_smk_shutdown" name="shutdown" time="0.000999999999748979"/>
  </testsuite>
  <testsuite errors="0" failures="0" hostname="fv-az14" name="ds.merge::smk::done" skipped="0" tests="0" time="0" timestamp="2020-10-23T11:27:29Z"/>
  <testsuite errors="0" failures="0" hostname="fv-az14" name="ds.message::smk::setup" skipped="0" tests="3" time="5.308" timestamp="2020-10-23T11:27:29Z">
    <testcase classname="ds.message_smk_setup" name="setup" time="5.30600000000004"/>
    <testcase classname="ds.message_smk_setup" name="setup" time="0.00100000000020373"/>
    <testcase classname="ds.message_smk_setup" name="setup" time="0.000999999999748979"/>
  </testsuite>
  <testsuite errors="0" failures="0" hostname="fv-az14" name="ds.message::smk" skipped="0" tests="20" time="7.025" timestamp="2020-10-23T11:27:33Z">
    <testcase classname="ds.message_smk" name="not_exists_request_message" time="0.273000000000138"/>
    <testcase classname="ds.message_smk" name="not_exists_request_message" time="0.00199999999995271"/>
    <testcase classname="ds.message_smk" name="not_exists_request_message" time="0.00100000000020373"/>
    <testcase classname="ds.message_smk" name="not_exists_request_message" time="0.000999999999748979"/>
    <testcase classname="ds.message_smk" name="exists_request_message" time="1.75800000000027"/>
    <testcase classname="ds.message_smk" name="exists_request_message" time="0.000999999999748979"/>
    <testcase classname="ds.message_smk" name="exists_request_message" time="0.00199999999995271"/>
    <testcase classname="ds.message_smk" name="exists_request_message" time="0.00100000000020373"/>
    <testcase classname="ds.message_smk" name="partial_request_message_conn_1" time="1.46799999999985"/>
    <testcase classname="ds.message_smk" name="partial_request_message_conn_1" time="0.00100000000020373"/>
    <testcase classname="ds.message_smk" name="partial_request_message_conn_1" time="0.000999999999748979"/>
    <testcase classname="ds.message_smk" name="partial_request_message_conn_1" time="0.00199999999995271"/>
    <testcase classname="ds.message_smk" name="partial_request_message_conn_2" time="1.74800000000005"/>
    <testcase classname="ds.message_smk" name="partial_request_message_conn_2" time="0.00100000000020373"/>
    <testcase classname="ds.message_smk" name="partial_request_message_conn_2" time="0.00199999999995271"/>
    <testcase classname="ds.message_smk" name="partial_request_message_conn_2" time="0.000999999999748979"/>
    <testcase classname="ds.message_smk" name="partial_request_message_conn_3" time="1.75800000000027"/>
    <testcase classname="ds.message_smk" name="partial_request_message_conn_3" time="0.000999999999748979"/>
    <testcase classname="ds.message_smk" name="partial_request_message_conn_3" time="0.00200000000040745"/>
    <testcase classname="ds.message_smk" name="partial_request_message_conn_3" time="0.000999999999748979"/>
  </testsuite>
  <testsuite errors="0" failures="0" hostname="fv-az14" name="ds.message::smk::shutdown" skipped="0" tests="3" time="0.545" timestamp="2020-10-23T11:27:41Z">
    <testcase classname="ds.message_smk_shutdown" name="shutdown" time="0.541999999999916"/>
    <testcase classname="ds.message_smk_shutdown" name="shutdown" time="0.00199999999995271"/>
    <testcase classname="ds.message_smk_shutdown" name="shutdown" time="0.00100000000020373"/>
  </testsuite>
  <testsuite errors="0" failures="0" hostname="fv-az14" name="ds.message::smk::done" skipped="0" tests="0" time="0" timestamp="2020-10-23T11:27:42Z"/>
  <testsuite errors="0" failures="0" hostname="fv-az14" name="ds.names::smk::setup" skipped="0" tests="3" time="5.415" timestamp="2020-10-23T11:27:42Z">
    <testcase classname="ds.names_smk_setup" name="setup" time="5.41199999999981"/>
    <testcase classname="ds.names_smk_setup" name="setup" time="0.00100000000020373"/>
    <testcase classname="ds.names_smk_setup" name="setup" time="0.00199999999995271"/>
  </testsuite>
  <testsuite errors="0" failures="0" hostname="fv-az14" name="ds.names::smk" skipped="0" tests="10" time="2.743" timestamp="2020-10-23T11:27:46Z">
    <testcase classname="ds.names_smk" name="level_names" time="2.73199999999997"/>
    <testcase classname="ds.names_smk" name="level_names" time="0.00100000000020373"/>
    <testcase classname="ds.names_smk" name="level_names" time="0.000999999999748979"/>
    <testcase classname="ds.names_smk" name="level_names" time="0.00100000000020373"/>
    <testcase classname="ds.names_smk" name="level_names" time="0.000999999999748979"/>
    <testcase classname="ds.names_smk" name="level_names" time="0.00199999999995271"/>
    <testcase classname="ds.names_smk" name="level_names" time="0.00100000000020373"/>
    <testcase classname="ds.names_smk" name="level_names" time="0.000999999999748979"/>
    <testcase classname="ds.names_smk" name="level_names" time="0.00100000000020373"/>
    <testcase classname="ds.names_smk" name="level_names" time="0.00199999999995271"/>
  </testsuite>
  <testsuite errors="0" failures="0" hostname="fv-az14" name="ds.names::smk::shutdown" skipped="0" tests="3" time="0.28" timestamp="2020-10-23T11:27:49Z">
    <testcase classname="ds.names_smk_shutdown" name="shutdown" time="0.277000000000044"/>
    <testcase classname="ds.names_smk_shutdown" name="shutdown" time="0.00199999999995271"/>
    <testcase classname="ds.names_smk_shutdown" name="shutdown" time="0.00100000000020373"/>
  </testsuite>
  <testsuite errors="0" failures="0" hostname="fv-az14" name="ds.names::smk::done" skipped="0" tests="0" time="0" timestamp="2020-10-23T11:27:50Z"/>
  <testsuite errors="0" failures="0" hostname="fv-az14" name="ds.numNA::smk::setup" skipped="0" tests="3" time="5.347" timestamp="2020-10-23T11:27:50Z">
    <testcase classname="ds.numNA_smk_setup" name="setup" time="5.34400000000005"/>
    <testcase classname="ds.numNA_smk_setup" name="setup" time="0.00199999999995271"/>
    <testcase classname="ds.numNA_smk_setup" name="setup" time="0.000999999999748979"/>
  </testsuite>
  <testsuite errors="0" failures="0" hostname="fv-az14" name="ds.numNA::smk" skipped="0" tests="12" time="1.619" timestamp="2020-10-23T11:27:55Z">
    <testcase classname="ds.numNA_smk" name="simple_numNA" time="0.548000000000229"/>
    <testcase classname="ds.numNA_smk" name="simple_numNA" time="0.000999999999748979"/>
    <testcase classname="ds.numNA_smk" name="simple_numNA" time="0.00100000000020373"/>
    <testcase classname="ds.numNA_smk" name="simple_numNA" time="0.000999999999748979"/>
    <testcase classname="ds.numNA_smk" name="simple_numNA" time="0.5300000000002"/>
    <testcase classname="ds.numNA_smk" name="simple_numNA" time="0.00199999999995271"/>
    <testcase classname="ds.numNA_smk" name="simple_numNA" time="0.00100000000020373"/>
    <testcase classname="ds.numNA_smk" name="simple_numNA" time="0.000999999999748979"/>
    <testcase classname="ds.numNA_smk" name="simple_numNA" time="0.528999999999996"/>
    <testcase classname="ds.numNA_smk" name="simple_numNA" time="0.00199999999995271"/>
    <testcase classname="ds.numNA_smk" name="simple_numNA" time="0.00100000000020373"/>
    <testcase classname="ds.numNA_smk" name="simple_numNA" time="0.00199999999995271"/>
  </testsuite>
  <testsuite errors="0" failures="0" hostname="fv-az14" name="ds.numNA::smk::shutdown" skipped="0" tests="3" time="0.279" timestamp="2020-10-23T11:27:56Z">
    <testcase classname="ds.numNA_smk_shutdown" name="shutdown" time="0.277000000000044"/>
    <testcase classname="ds.numNA_smk_shutdown" name="shutdown" time="0.000999999999748979"/>
    <testcase classname="ds.numNA_smk_shutdown" name="shutdown" time="0.00100000000020373"/>
  </testsuite>
  <testsuite errors="0" failures="0" hostname="fv-az14" name="ds.numNA::smk::done" skipped="0" tests="0" time="0" timestamp="2020-10-23T11:27:57Z"/>
  <testsuite errors="0" failures="0" hostname="fv-az14" name="ds.quantileMean::smk::setup" skipped="0" tests="3" time="5.291" timestamp="2020-10-23T11:27:57Z">
    <testcase classname="ds.quantileMean_smk_setup" name="setup" time="5.28899999999976"/>
    <testcase classname="ds.quantileMean_smk_setup" name="setup" time="0.00100000000020373"/>
    <testcase classname="ds.quantileMean_smk_setup" name="setup" time="0.00100000000020373"/>
  </testsuite>
  <testsuite errors="0" failures="0" hostname="fv-az14" name="ds.quantileMean::smk::standard" skipped="0" tests="9" time="1.775" timestamp="2020-10-23T11:28:02Z">
    <testcase classname="ds.quantileMean_smk_standard" name="quantileMean" time="1.76599999999962"/>
    <testcase classname="ds.quantileMean_smk_standard" name="quantileMean" time="0.00100000000020373"/>
    <testcase classname="ds.quantileMean_smk_standard" name="quantileMean" time="0.00100000000020373"/>
    <testcase classname="ds.quantileMean_smk_standard" name="quantileMean" time="0.00100000000020373"/>
    <testcase classname="ds.quantileMean_smk_standard" name="quantileMean" time="0.000999999999748979"/>
    <testcase classname="ds.quantileMean_smk_standard" name="quantileMean" time="0.00100000000020373"/>
    <testcase classname="ds.quantileMean_smk_standard" name="quantileMean" time="0.000999999999748979"/>
    <testcase classname="ds.quantileMean_smk_standard" name="quantileMean" time="0.00199999999995271"/>
    <testcase classname="ds.quantileMean_smk_standard" name="quantileMean" time="0.00100000000020373"/>
  </testsuite>
  <testsuite errors="0" failures="0" hostname="fv-az14" name="ds.quantileMean::smk::split" skipped="0" tests="28" time="2.345" timestamp="2020-10-23T11:28:04Z">
    <testcase classname="ds.quantileMean_smk_split" name="quantileMean_split" time="2.30899999999974"/>
    <testcase classname="ds.quantileMean_smk_split" name="quantileMean_split" time="0.00200000000040745"/>
    <testcase classname="ds.quantileMean_smk_split" name="quantileMean_split" time="0.000999999999748979"/>
    <testcase classname="ds.quantileMean_smk_split" name="quantileMean_split" time="0.00100000000020373"/>
    <testcase classname="ds.quantileMean_smk_split" name="quantileMean_split" time="0.000999999999748979"/>
    <testcase classname="ds.quantileMean_smk_split" name="quantileMean_split" time="0.00100000000020373"/>
    <testcase classname="ds.quantileMean_smk_split" name="quantileMean_split" time="0.00199999999995271"/>
    <testcase classname="ds.quantileMean_smk_split" name="quantileMean_split" time="0.000999999999748979"/>
    <testcase classname="ds.quantileMean_smk_split" name="quantileMean_split" time="0.00100000000020373"/>
    <testcase classname="ds.quantileMean_smk_split" name="quantileMean_split" time="0.00100000000020373"/>
    <testcase classname="ds.quantileMean_smk_split" name="quantileMean_split" time="0.000999999999748979"/>
    <testcase classname="ds.quantileMean_smk_split" name="quantileMean_split" time="0.00100000000020373"/>
    <testcase classname="ds.quantileMean_smk_split" name="quantileMean_split" time="0.000999999999748979"/>
    <testcase classname="ds.quantileMean_smk_split" name="quantileMean_split" time="0.00199999999995271"/>
    <testcase classname="ds.quantileMean_smk_split" name="quantileMean_split" time="0.00100000000020373"/>
    <testcase classname="ds.quantileMean_smk_split" name="quantileMean_split" time="0.000999999999748979"/>
    <testcase classname="ds.quantileMean_smk_split" name="quantileMean_split" time="0.00200000000040745"/>
    <testcase classname="ds.quantileMean_smk_split" name="quantileMean_split" time="0.000999999999748979"/>
    <testcase classname="ds.quantileMean_smk_split" name="quantileMean_split" time="0.00199999999995271"/>
    <testcase classname="ds.quantileMean_smk_split" name="quantileMean_split" time="0.00100000000020373"/>
    <testcase classname="ds.quantileMean_smk_split" name="quantileMean_split" time="0.000999999999748979"/>
    <testcase classname="ds.quantileMean_smk_split" name="quantileMean_split" time="0.00199999999995271"/>
    <testcase classname="ds.quantileMean_smk_split" name="quantileMean_split" time="0.00100000000020373"/>
    <testcase classname="ds.quantileMean_smk_split" name="quantileMean_split" time="0.00199999999995271"/>
    <testcase classname="ds.quantileMean_smk_split" name="quantileMean_split" time="0.00100000000020373"/>
    <testcase classname="ds.quantileMean_smk_split" name="quantileMean_split" time="0.00199999999995271"/>
    <testcase classname="ds.quantileMean_smk_split" name="quantileMean_split" time="0.000999999999748979"/>
    <testcase classname="ds.quantileMean_smk_split" name="quantileMean_split" time="0.00199999999995271"/>
  </testsuite>
  <testsuite errors="0" failures="0" hostname="fv-az14" name="ds.quantileMean::smk::shutdown" skipped="0" tests="3" time="0.284" timestamp="2020-10-23T11:28:06Z">
    <testcase classname="ds.quantileMean_smk_shutdown" name="shutdown" time="0.282000000000153"/>
    <testcase classname="ds.quantileMean_smk_shutdown" name="shutdown" time="0.00100000000020373"/>
    <testcase classname="ds.quantileMean_smk_shutdown" name="shutdown" time="0.000999999999748979"/>
  </testsuite>
  <testsuite errors="0" failures="0" hostname="fv-az14" name="ds.quantileMean::smk::done" skipped="0" tests="0" time="0" timestamp="2020-10-23T11:28:07Z"/>
  <testsuite errors="0" failures="0" hostname="fv-az14" name="ds.rbind::smk::setup" skipped="0" tests="3" time="5.346" timestamp="2020-10-23T11:28:07Z">
    <testcase classname="ds.rbind_smk_setup" name="setup" time="5.34400000000005"/>
    <testcase classname="ds.rbind_smk_setup" name="setup" time="0.00100000000020373"/>
    <testcase classname="ds.rbind_smk_setup" name="setup" time="0.000999999999748979"/>
  </testsuite>
  <testsuite errors="0" failures="0" hostname="fv-az14" name="ds.rbind::smk" skipped="0" tests="5" time="2.526" timestamp="2020-10-23T11:28:12Z">
    <testcase classname="ds.rbind_smk" name="simple_test" time="1.99600000000009"/>
    <testcase classname="ds.rbind_smk" name="simple_test" time="0.00199999999995271"/>
    <testcase classname="ds.rbind_smk" name="simple_test" time="0.52599999999984"/>
    <testcase classname="ds.rbind_smk" name="simple_test" time="0.00100000000020373"/>
    <testcase classname="ds.rbind_smk" name="simple_test" time="0.000999999999748979"/>
  </testsuite>
  <testsuite errors="0" failures="0" hostname="fv-az14" name="ds.rbind::smk::shutdown" skipped="0" tests="3" time="0.283" timestamp="2020-10-23T11:28:14Z">
    <testcase classname="ds.rbind_smk_shutdown" name="shutdown" time="0.2800000000002"/>
    <testcase classname="ds.rbind_smk_shutdown" name="shutdown" time="0.00100000000020373"/>
    <testcase classname="ds.rbind_smk_shutdown" name="shutdown" time="0.00199999999995271"/>
  </testsuite>
  <testsuite errors="0" failures="0" hostname="fv-az14" name="ds.rbind::smk::done" skipped="0" tests="0" time="0" timestamp="2020-10-23T11:28:15Z"/>
  <testsuite errors="0" failures="0" hostname="fv-az14" name="ds.rBinom::smk::setup" skipped="0" tests="3" time="5.312" timestamp="2020-10-23T11:28:15Z">
    <testcase classname="ds.rBinom_smk_setup" name="setup" time="5.30999999999995"/>
    <testcase classname="ds.rBinom_smk_setup" name="setup" time="0.000999999999748979"/>
    <testcase classname="ds.rBinom_smk_setup" name="setup" time="0.00100000000020373"/>
  </testsuite>
  <testsuite errors="0" failures="0" hostname="fv-az14" name="ds.rBinom::smk::simple test" skipped="0" tests="11" time="2.073" timestamp="2020-10-23T11:28:20Z">
    <testcase classname="ds.rBinom_smk_simple_test" name="simple_test" time="2.06100000000015"/>
    <testcase classname="ds.rBinom_smk_simple_test" name="simple_test" time="0.000999999999748979"/>
    <testcase classname="ds.rBinom_smk_simple_test" name="simple_test" time="0.00199999999995271"/>
    <testcase classname="ds.rBinom_smk_simple_test" name="simple_test" time="0.00100000000020373"/>
    <testcase classname="ds.rBinom_smk_simple_test" name="simple_test" time="0.000999999999748979"/>
    <testcase classname="ds.rBinom_smk_simple_test" name="simple_test" time="0.00100000000020373"/>
    <testcase classname="ds.rBinom_smk_simple_test" name="simple_test" time="0.000999999999748979"/>
    <testcase classname="ds.rBinom_smk_simple_test" name="simple_test" time="0.00100000000020373"/>
    <testcase classname="ds.rBinom_smk_simple_test" name="simple_test" time="0.00100000000020373"/>
    <testcase classname="ds.rBinom_smk_simple_test" name="simple_test" time="0.000999999999748979"/>
    <testcase classname="ds.rBinom_smk_simple_test" name="simple_test" time="0.00199999999995271"/>
  </testsuite>
  <testsuite errors="0" failures="0" hostname="fv-az14" name="ds.rBinom::smk::shutdown" skipped="0" tests="3" time="0.279" timestamp="2020-10-23T11:28:22Z">
    <testcase classname="ds.rBinom_smk_shutdown" name="shutdown" time="0.277000000000044"/>
    <testcase classname="ds.rBinom_smk_shutdown" name="shutdown" time="0.00100000000020373"/>
    <testcase classname="ds.rBinom_smk_shutdown" name="shutdown" time="0.000999999999748979"/>
  </testsuite>
  <testsuite errors="0" failures="0" hostname="fv-az14" name="ds.rBinom::smk::done" skipped="0" tests="0" time="0" timestamp="2020-10-23T11:28:23Z"/>
  <testsuite errors="0" failures="0" hostname="fv-az14" name="ds.recodeLevels::smk::setup" skipped="0" tests="3" time="5.353" timestamp="2020-10-23T11:28:23Z">
    <testcase classname="ds.recodeLevels_smk_setup" name="setup" time="5.35100000000011"/>
    <testcase classname="ds.recodeLevels_smk_setup" name="setup" time="0.00100000000020373"/>
    <testcase classname="ds.recodeLevels_smk_setup" name="setup" time="0.000999999999748979"/>
  </testsuite>
  <testsuite errors="0" failures="0" hostname="fv-az14" name="ds.recodeLevels::smk" skipped="0" tests="7" time="2.983" timestamp="2020-10-23T11:28:28Z">
    <testcase classname="ds.recodeLevels_smk" name="new_levels" time="2.97699999999986"/>
    <testcase classname="ds.recodeLevels_smk" name="new_levels" time="0.00100000000020373"/>
    <testcase classname="ds.recodeLevels_smk" name="new_levels" time="0.000999999999748979"/>
    <testcase classname="ds.recodeLevels_smk" name="new_levels" time="0"/>
    <testcase classname="ds.recodeLevels_smk" name="new_levels" time="0.00100000000020373"/>
    <testcase classname="ds.recodeLevels_smk" name="new_levels" time="0.000999999999748979"/>
    <testcase classname="ds.recodeLevels_smk" name="new_levels" time="0.00199999999995271"/>
  </testsuite>
  <testsuite errors="0" failures="0" hostname="fv-az14" name="ds.recodeLevels::smk::no connections or newobj" skipped="0" tests="7" time="2.996" timestamp="2020-10-23T11:28:31Z">
    <testcase classname="ds.recodeLevels_smk_no_connections_or_newobj" name="new_levels_auto" time="2.98800000000028"/>
    <testcase classname="ds.recodeLevels_smk_no_connections_or_newobj" name="new_levels_auto" time="0.00199999999995271"/>
    <testcase classname="ds.recodeLevels_smk_no_connections_or_newobj" name="new_levels_auto" time="0.000999999999748979"/>
    <testcase classname="ds.recodeLevels_smk_no_connections_or_newobj" name="new_levels_auto" time="0.00100000000020373"/>
    <testcase classname="ds.recodeLevels_smk_no_connections_or_newobj" name="new_levels_auto" time="0.000999999999748979"/>
    <testcase classname="ds.recodeLevels_smk_no_connections_or_newobj" name="new_levels_auto" time="0.00100000000020373"/>
    <testcase classname="ds.recodeLevels_smk_no_connections_or_newobj" name="new_levels_auto" time="0.00199999999995271"/>
  </testsuite>
  <testsuite errors="0" failures="0" hostname="fv-az14" name="ds.recodeLevels::smk::shutdown" skipped="0" tests="3" time="0.282" timestamp="2020-10-23T11:28:34Z">
    <testcase classname="ds.recodeLevels_smk_shutdown" name="shutdown" time="0.278999999999996"/>
    <testcase classname="ds.recodeLevels_smk_shutdown" name="shutdown" time="0.00100000000020373"/>
    <testcase classname="ds.recodeLevels_smk_shutdown" name="shutdown" time="0.00199999999995271"/>
  </testsuite>
  <testsuite errors="0" failures="0" hostname="fv-az14" name="ds.recodeLevels::smk::done" skipped="0" tests="0" time="0" timestamp="2020-10-23T11:28:35Z"/>
  <testsuite errors="0" failures="0" hostname="fv-az14" name="ds.recodeValues::smk::setup" skipped="0" tests="3" time="5.35" timestamp="2020-10-23T11:28:35Z">
    <testcase classname="ds.recodeValues_smk_setup" name="setup" time="5.34699999999975"/>
    <testcase classname="ds.recodeValues_smk_setup" name="setup" time="0.00199999999995271"/>
    <testcase classname="ds.recodeValues_smk_setup" name="setup" time="0.00100000000020373"/>
  </testsuite>
  <testsuite errors="0" failures="0" hostname="fv-az14" name="ds.recodeValues::smk" skipped="0" tests="7" time="1.656" timestamp="2020-10-23T11:28:39Z">
    <testcase classname="ds.recodeValues_smk" name="simple_test" time="1.11000000000013"/>
    <testcase classname="ds.recodeValues_smk" name="simple_test" time="0.00199999999995271"/>
    <testcase classname="ds.recodeValues_smk" name="simple_test" time="0.000999999999748979"/>
    <testcase classname="ds.recodeValues_smk" name="simple_test" time="0.539000000000215"/>
    <testcase classname="ds.recodeValues_smk" name="simple_test" time="0.00199999999995271"/>
    <testcase classname="ds.recodeValues_smk" name="simple_test" time="0.000999999999748979"/>
    <testcase classname="ds.recodeValues_smk" name="simple_test" time="0.00100000000020373"/>
  </testsuite>
  <testsuite errors="0" failures="0" hostname="fv-az14" name="ds.recodeValues::smk::shutdown" skipped="0" tests="3" time="0.282" timestamp="2020-10-23T11:28:41Z">
    <testcase classname="ds.recodeValues_smk_shutdown" name="shutdown" time="0.2800000000002"/>
    <testcase classname="ds.recodeValues_smk_shutdown" name="shutdown" time="0.000999999999748979"/>
    <testcase classname="ds.recodeValues_smk_shutdown" name="shutdown" time="0.00100000000020373"/>
  </testsuite>
  <testsuite errors="0" failures="0" hostname="fv-az14" name="ds.recodeValues::smk::done" skipped="0" tests="0" time="0" timestamp="2020-10-23T11:28:42Z"/>
  <testsuite errors="0" failures="0" hostname="fv-az14" name="ds.rep::smk::complex setup" skipped="0" tests="3" time="5.292" timestamp="2020-10-23T11:28:42Z">
    <testcase classname="ds.rep_smk_complex_setup" name="setup" time="5.28899999999976"/>
    <testcase classname="ds.rep_smk_complex_setup" name="setup" time="0.00199999999995271"/>
    <testcase classname="ds.rep_smk_complex_setup" name="setup" time="0.00100000000020373"/>
  </testsuite>
  <testsuite errors="0" failures="0" hostname="fv-az14" name="ds.rep::smk::complex" skipped="0" tests="6" time="1.701" timestamp="2020-10-23T11:28:46Z">
    <testcase classname="ds.rep_smk_complex" name="complex_test" time="0.909000000000106"/>
    <testcase classname="ds.rep_smk_complex" name="complex_test" time="0.000999999999748979"/>
    <testcase classname="ds.rep_smk_complex" name="complex_test" time="0.00100000000020373"/>
    <testcase classname="ds.rep_smk_complex" name="complex_test" time="0.788000000000011"/>
    <testcase classname="ds.rep_smk_complex" name="complex_test" time="0.000999999999748979"/>
    <testcase classname="ds.rep_smk_complex" name="complex_test" time="0.00100000000020373"/>
  </testsuite>
  <testsuite errors="0" failures="0" hostname="fv-az14" name="ds.rep::smk::complex shutdown" skipped="0" tests="3" time="0.286" timestamp="2020-10-23T11:28:48Z">
    <testcase classname="ds.rep_smk_complex_shutdown" name="shutdown" time="0.281999999999698"/>
    <testcase classname="ds.rep_smk_complex_shutdown" name="shutdown" time="0.00200000000040745"/>
    <testcase classname="ds.rep_smk_complex_shutdown" name="shutdown" time="0.00199999999995271"/>
  </testsuite>
  <testsuite errors="0" failures="0" hostname="fv-az14" name="ds.rep::smk::complex done" skipped="0" tests="0" time="0" timestamp="2020-10-23T11:28:49Z"/>
  <testsuite errors="0" failures="0" hostname="fv-az14" name="ds.replaceNA::smk::setup" skipped="0" tests="3" time="5.399" timestamp="2020-10-23T11:28:49Z">
    <testcase classname="ds.replaceNA_smk_setup" name="setup" time="5.39599999999973"/>
    <testcase classname="ds.replaceNA_smk_setup" name="setup" time="0.00199999999995271"/>
    <testcase classname="ds.replaceNA_smk_setup" name="setup" time="0.00100000000020373"/>
  </testsuite>
  <testsuite errors="0" failures="0" hostname="fv-az14" name="ds.replaceNA::smk" skipped="0" tests="3" time="9.364" timestamp="2020-10-23T11:28:54Z">
    <testcase classname="ds.replaceNA_smk" name="simple_replaceNA" time="3.13900000000012"/>
    <testcase classname="ds.replaceNA_smk" name="simple_replaceNA" time="3.10699999999997"/>
    <testcase classname="ds.replaceNA_smk" name="simple_replaceNA" time="3.11799999999994"/>
  </testsuite>
  <testsuite errors="0" failures="0" hostname="fv-az14" name="ds.replaceNA::smk::shutdown" skipped="0" tests="3" time="0.291" timestamp="2020-10-23T11:29:03Z">
    <testcase classname="ds.replaceNA_smk_shutdown" name="setup" time="0.288000000000011"/>
    <testcase classname="ds.replaceNA_smk_shutdown" name="setup" time="0.000999999999748979"/>
    <testcase classname="ds.replaceNA_smk_shutdown" name="setup" time="0.00199999999995271"/>
  </testsuite>
  <testsuite errors="0" failures="0" hostname="fv-az14" name="ds.replaceNA::smk::done" skipped="0" tests="0" time="0" timestamp="2020-10-23T11:29:04Z"/>
  <testsuite errors="0" failures="0" hostname="fv-az14" name="ds.rep::smk::setup" skipped="0" tests="3" time="5.336" timestamp="2020-10-23T11:29:04Z">
    <testcase classname="ds.rep_smk_setup" name="setup" time="5.33400000000029"/>
    <testcase classname="ds.rep_smk_setup" name="setup" time="0.000999999999748979"/>
    <testcase classname="ds.rep_smk_setup" name="setup" time="0.00100000000020373"/>
  </testsuite>
  <testsuite errors="0" failures="0" hostname="fv-az14" name="ds.rep::smk" skipped="0" tests="3" time="0.809" timestamp="2020-10-23T11:29:09Z">
    <testcase classname="ds.rep_smk" name="simple_test" time="0.806999999999789"/>
    <testcase classname="ds.rep_smk" name="simple_test" time="0.00100000000020373"/>
    <testcase classname="ds.rep_smk" name="simple_test" time="0.00100000000020373"/>
  </testsuite>
  <testsuite errors="0" failures="0" hostname="fv-az14" name="ds.rep::smk::shutdown" skipped="0" tests="3" time="0.283" timestamp="2020-10-23T11:29:10Z">
    <testcase classname="ds.rep_smk_shutdown" name="shutdown" time="0.279999999999745"/>
    <testcase classname="ds.rep_smk_shutdown" name="shutdown" time="0.00100000000020373"/>
    <testcase classname="ds.rep_smk_shutdown" name="shutdown" time="0.00199999999995271"/>
  </testsuite>
  <testsuite errors="0" failures="0" hostname="fv-az14" name="ds.rep::smk::done" skipped="0" tests="0" time="0" timestamp="2020-10-23T11:29:11Z"/>
  <testsuite errors="0" failures="0" hostname="fv-az14" name="ds.reShape::smk::setup" skipped="0" tests="3" time="5.352" timestamp="2020-10-23T11:29:11Z">
    <testcase classname="ds.reShape_smk_setup" name="setup" time="5.34899999999971"/>
    <testcase classname="ds.reShape_smk_setup" name="setup" time="0.00199999999995271"/>
    <testcase classname="ds.reShape_smk_setup" name="setup" time="0.00100000000020373"/>
  </testsuite>
  <testsuite errors="0" failures="0" hostname="fv-az14" name="ds.reShape::smk" skipped="0" tests="3" time="0.956" timestamp="2020-10-23T11:29:15Z">
    <testcase classname="ds.reShape_smk" name="simplest_ds.reShape_wide" time="0.952999999999975"/>
    <testcase classname="ds.reShape_smk" name="simplest_ds.reShape_wide" time="0.00100000000020373"/>
    <testcase classname="ds.reShape_smk" name="simplest_ds.reShape_wide" time="0.00199999999995271"/>
  </testsuite>
  <testsuite errors="0" failures="0" hostname="fv-az14" name="ds.reShape::smk::shutdown" skipped="0" tests="3" time="0.282" timestamp="2020-10-23T11:29:16Z">
    <testcase classname="ds.reShape_smk_shutdown" name="shutdown" time="0.278999999999996"/>
    <testcase classname="ds.reShape_smk_shutdown" name="shutdown" time="0.00199999999995271"/>
    <testcase classname="ds.reShape_smk_shutdown" name="shutdown" time="0.000999999999748979"/>
  </testsuite>
  <testsuite errors="0" failures="0" hostname="fv-az14" name="ds.reShape::smk::done" skipped="0" tests="0" time="0" timestamp="2020-10-23T11:29:17Z"/>
  <testsuite errors="0" failures="0" hostname="fv-az14" name="ds.rm::smk::setup" skipped="0" tests="3" time="5.348" timestamp="2020-10-23T11:29:17Z">
    <testcase classname="ds.rm_smk_setup" name="setup" time="5.346"/>
    <testcase classname="ds.rm_smk_setup" name="setup" time="0.00100000000020373"/>
    <testcase classname="ds.rm_smk_setup" name="setup" time="0.00100000000020373"/>
  </testsuite>
  <testsuite errors="0" failures="0" hostname="fv-az14" name="ds.rm::smk" skipped="0" tests="14" time="2.162" timestamp="2020-10-23T11:29:22Z">
    <testcase classname="ds.rm_smk" name="simple_test" time="0.280999999999949"/>
    <testcase classname="ds.rm_smk" name="simple_test" time="0.00199999999995271"/>
    <testcase classname="ds.rm_smk" name="simple_test" time="0.000999999999748979"/>
    <testcase classname="ds.rm_smk" name="simple_test" time="0.00100000000020373"/>
    <testcase classname="ds.rm_smk" name="simple_test" time="0.000999999999748979"/>
    <testcase classname="ds.rm_smk" name="simple_test" time="0.00100000000020373"/>
    <testcase classname="ds.rm_smk" name="simple_test" time="0.00199999999995271"/>
    <testcase classname="ds.rm_smk" name="simple_test" time="1.86599999999999"/>
    <testcase classname="ds.rm_smk" name="simple_test" time="0.00100000000020373"/>
    <testcase classname="ds.rm_smk" name="simple_test" time="0.000999999999748979"/>
    <testcase classname="ds.rm_smk" name="simple_test" time="0.00100000000020373"/>
    <testcase classname="ds.rm_smk" name="simple_test" time="0.00199999999995271"/>
    <testcase classname="ds.rm_smk" name="simple_test" time="0.000999999999748979"/>
    <testcase classname="ds.rm_smk" name="simple_test" time="0.00100000000020373"/>
  </testsuite>
  <testsuite errors="0" failures="0" hostname="fv-az14" name="ds.rm::smk::shutdown" skipped="0" tests="3" time="0.284" timestamp="2020-10-23T11:29:24Z">
    <testcase classname="ds.rm_smk_shutdown" name="shutdown" time="0.282000000000153"/>
    <testcase classname="ds.rm_smk_shutdown" name="shutdown" time="0.000999999999748979"/>
    <testcase classname="ds.rm_smk_shutdown" name="shutdown" time="0.00100000000020373"/>
  </testsuite>
  <testsuite errors="0" failures="0" hostname="fv-az14" name="ds.rm::smk::done" skipped="0" tests="0" time="0" timestamp="2020-10-23T11:29:25Z"/>
  <testsuite errors="0" failures="0" hostname="fv-az14" name="ds.rNorm::smk::setup" skipped="0" tests="3" time="5.428" timestamp="2020-10-23T11:29:25Z">
    <testcase classname="ds.rNorm_smk_setup" name="setup" time="5.42499999999973"/>
    <testcase classname="ds.rNorm_smk_setup" name="setup" time="0.00199999999995271"/>
    <testcase classname="ds.rNorm_smk_setup" name="setup" time="0.00100000000020373"/>
  </testsuite>
  <testsuite errors="0" failures="0" hostname="fv-az14" name="ds.rNorm::smk::simple test" skipped="0" tests="11" time="2.083" timestamp="2020-10-23T11:29:30Z">
    <testcase classname="ds.rNorm_smk_simple_test" name="simple_test" time="2.07099999999991"/>
    <testcase classname="ds.rNorm_smk_simple_test" name="simple_test" time="0.00100000000020373"/>
    <testcase classname="ds.rNorm_smk_simple_test" name="simple_test" time="0.000999999999748979"/>
    <testcase classname="ds.rNorm_smk_simple_test" name="simple_test" time="0.00199999999995271"/>
    <testcase classname="ds.rNorm_smk_simple_test" name="simple_test" time="0.00100000000020373"/>
    <testcase classname="ds.rNorm_smk_simple_test" name="simple_test" time="0.000999999999748979"/>
    <testcase classname="ds.rNorm_smk_simple_test" name="simple_test" time="0.00100000000020373"/>
    <testcase classname="ds.rNorm_smk_simple_test" name="simple_test" time="0.00100000000020373"/>
    <testcase classname="ds.rNorm_smk_simple_test" name="simple_test" time="0.00199999999995271"/>
    <testcase classname="ds.rNorm_smk_simple_test" name="simple_test" time="0.000999999999748979"/>
    <testcase classname="ds.rNorm_smk_simple_test" name="simple_test" time="0.00100000000020373"/>
  </testsuite>
  <testsuite errors="0" failures="0" hostname="fv-az14" name="ds.rNorm::smk::shutdown" skipped="0" tests="3" time="0.279" timestamp="2020-10-23T11:29:32Z">
    <testcase classname="ds.rNorm_smk_shutdown" name="shutdown" time="0.27599999999984"/>
    <testcase classname="ds.rNorm_smk_shutdown" name="shutdown" time="0.00199999999995271"/>
    <testcase classname="ds.rNorm_smk_shutdown" name="shutdown" time="0.00100000000020373"/>
  </testsuite>
  <testsuite errors="0" failures="0" hostname="fv-az14" name="ds.rNorm::smk::done" skipped="0" tests="0" time="0" timestamp="2020-10-23T11:29:33Z"/>
  <testsuite errors="0" failures="0" hostname="fv-az14" name="ds.rowColCalc::smk::setup" skipped="0" tests="3" time="5.317" timestamp="2020-10-23T11:29:33Z">
    <testcase classname="ds.rowColCalc_smk_setup" name="setup" time="5.31399999999985"/>
    <testcase classname="ds.rowColCalc_smk_setup" name="setup" time="0.00199999999995271"/>
    <testcase classname="ds.rowColCalc_smk_setup" name="setup" time="0.00100000000020373"/>
  </testsuite>
  <testsuite errors="0" failures="0" hostname="fv-az14" name="ds.rowColCalc::smk" skipped="0" tests="4" time="4.625" timestamp="2020-10-23T11:29:37Z">
    <testcase classname="ds.rowColCalc_smk" name="rowColCalc_exists" time="4.62199999999984"/>
    <testcase classname="ds.rowColCalc_smk" name="rowColCalc_exists" time="0.00100000000020373"/>
    <testcase classname="ds.rowColCalc_smk" name="rowColCalc_exists" time="0.000999999999748979"/>
    <testcase classname="ds.rowColCalc_smk" name="rowColCalc_exists" time="0.00100000000020373"/>
  </testsuite>
  <testsuite errors="0" failures="0" hostname="fv-az14" name="ds.rowColCalc::smk::no newobj" skipped="0" tests="4" time="4.618" timestamp="2020-10-23T11:29:42Z">
    <testcase classname="ds.rowColCalc_smk_no_newobj" name="rowColCalc_out_exists" time="4.61400000000003"/>
    <testcase classname="ds.rowColCalc_smk_no_newobj" name="rowColCalc_out_exists" time="0.00199999999995271"/>
    <testcase classname="ds.rowColCalc_smk_no_newobj" name="rowColCalc_out_exists" time="0.000999999999748979"/>
    <testcase classname="ds.rowColCalc_smk_no_newobj" name="rowColCalc_out_exists" time="0.00100000000020373"/>
  </testsuite>
  <testsuite errors="0" failures="0" hostname="fv-az14" name="ds.rowColCalc::smk::shutdown" skipped="0" tests="3" time="0.282" timestamp="2020-10-23T11:29:47Z">
    <testcase classname="ds.rowColCalc_smk_shutdown" name="shutdown" time="0.279999999999745"/>
    <testcase classname="ds.rowColCalc_smk_shutdown" name="shutdown" time="0.00100000000020373"/>
    <testcase classname="ds.rowColCalc_smk_shutdown" name="shutdown" time="0.00100000000020373"/>
  </testsuite>
  <testsuite errors="0" failures="0" hostname="fv-az14" name="ds.rowColCalc::smk::done" skipped="0" tests="0" time="0" timestamp="2020-10-23T11:29:48Z"/>
  <testsuite errors="0" failures="0" hostname="fv-az14" name="ds.rPois::smk::setup" skipped="0" tests="3" time="5.36" timestamp="2020-10-23T11:29:48Z">
    <testcase classname="ds.rPois_smk_setup" name="setup" time="5.35799999999972"/>
    <testcase classname="ds.rPois_smk_setup" name="setup" time="0.00100000000020373"/>
    <testcase classname="ds.rPois_smk_setup" name="setup" time="0.000999999999748979"/>
  </testsuite>
  <testsuite errors="0" failures="0" hostname="fv-az14" name="ds.rPois::smk::simple test" skipped="0" tests="11" time="2.065" timestamp="2020-10-23T11:29:52Z">
    <testcase classname="ds.rPois_smk_simple_test" name="simple_test" time="2.05300000000034"/>
    <testcase classname="ds.rPois_smk_simple_test" name="simple_test" time="0.000999999999748979"/>
    <testcase classname="ds.rPois_smk_simple_test" name="simple_test" time="0.00199999999995271"/>
    <testcase classname="ds.rPois_smk_simple_test" name="simple_test" time="0.00100000000020373"/>
    <testcase classname="ds.rPois_smk_simple_test" name="simple_test" time="0.000999999999748979"/>
    <testcase classname="ds.rPois_smk_simple_test" name="simple_test" time="0.00100000000020373"/>
    <testcase classname="ds.rPois_smk_simple_test" name="simple_test" time="0.000999999999748979"/>
    <testcase classname="ds.rPois_smk_simple_test" name="simple_test" time="0.00100000000020373"/>
    <testcase classname="ds.rPois_smk_simple_test" name="simple_test" time="0.00199999999995271"/>
    <testcase classname="ds.rPois_smk_simple_test" name="simple_test" time="0.00100000000020373"/>
    <testcase classname="ds.rPois_smk_simple_test" name="simple_test" time="0.000999999999748979"/>
  </testsuite>
  <testsuite errors="0" failures="0" hostname="fv-az14" name="ds.rPois::smk::shutdown" skipped="0" tests="3" time="0.286" timestamp="2020-10-23T11:29:54Z">
    <testcase classname="ds.rPois_smk_shutdown" name="shutdown" time="0.282999999999902"/>
    <testcase classname="ds.rPois_smk_shutdown" name="shutdown" time="0.00199999999995271"/>
    <testcase classname="ds.rPois_smk_shutdown" name="shutdown" time="0.00100000000020373"/>
  </testsuite>
  <testsuite errors="0" failures="0" hostname="fv-az14" name="ds.rPois::smk::done" skipped="0" tests="0" time="0" timestamp="2020-10-23T11:29:55Z"/>
  <testsuite errors="0" failures="0" hostname="fv-az14" name="ds.rUnif::smk::setup" skipped="0" tests="3" time="5.369" timestamp="2020-10-23T11:29:55Z">
    <testcase classname="ds.rUnif_smk_setup" name="setup" time="5.36700000000019"/>
    <testcase classname="ds.rUnif_smk_setup" name="setup" time="0.000999999999748979"/>
    <testcase classname="ds.rUnif_smk_setup" name="setup" time="0.00100000000020373"/>
  </testsuite>
  <testsuite errors="0" failures="0" hostname="fv-az14" name="ds.rUnif::smk::simple test" skipped="0" tests="11" time="2.086" timestamp="2020-10-23T11:30:00Z">
    <testcase classname="ds.rUnif_smk_simple_test" name="simple_test" time="2.07299999999987"/>
    <testcase classname="ds.rUnif_smk_simple_test" name="simple_test" time="0.00100000000020373"/>
    <testcase classname="ds.rUnif_smk_simple_test" name="simple_test" time="0.00199999999995271"/>
    <testcase classname="ds.rUnif_smk_simple_test" name="simple_test" time="0.000999999999748979"/>
    <testcase classname="ds.rUnif_smk_simple_test" name="simple_test" time="0.00100000000020373"/>
    <testcase classname="ds.rUnif_smk_simple_test" name="simple_test" time="0.000999999999748979"/>
    <testcase classname="ds.rUnif_smk_simple_test" name="simple_test" time="0.00199999999995271"/>
    <testcase classname="ds.rUnif_smk_simple_test" name="simple_test" time="0.00100000000020373"/>
    <testcase classname="ds.rUnif_smk_simple_test" name="simple_test" time="0.00199999999995271"/>
    <testcase classname="ds.rUnif_smk_simple_test" name="simple_test" time="0.00100000000020373"/>
    <testcase classname="ds.rUnif_smk_simple_test" name="simple_test" time="0.000999999999748979"/>
  </testsuite>
  <testsuite errors="0" failures="0" hostname="fv-az14" name="ds.rUnif::smk::shutdown" skipped="0" tests="3" time="0.282" timestamp="2020-10-23T11:30:02Z">
    <testcase classname="ds.rUnif_smk_shutdown" name="shutdown" time="0.278999999999996"/>
    <testcase classname="ds.rUnif_smk_shutdown" name="shutdown" time="0.00100000000020373"/>
    <testcase classname="ds.rUnif_smk_shutdown" name="shutdown" time="0.00199999999995271"/>
  </testsuite>
  <testsuite errors="0" failures="0" hostname="fv-az14" name="ds.rUnif::smk::done" skipped="0" tests="0" time="0" timestamp="2020-10-23T11:30:03Z"/>
  <testsuite errors="0" failures="0" hostname="fv-az14" name="ds.sample::smk::setup" skipped="0" tests="3" time="5.388" timestamp="2020-10-23T11:30:03Z">
    <testcase classname="ds.sample_smk_setup" name="setup" time="5.38599999999997"/>
    <testcase classname="ds.sample_smk_setup" name="setup" time="0.000999999999748979"/>
    <testcase classname="ds.sample_smk_setup" name="setup" time="0.00100000000020373"/>
  </testsuite>
  <testsuite errors="0" failures="0" hostname="fv-az14" name="ds.sample::smk::test" skipped="0" tests="64" time="6.667" timestamp="2020-10-23T11:30:08Z">
    <testcase classname="ds.sample_smk_test" name="simple_test" time="1.5300000000002"/>
    <testcase classname="ds.sample_smk_test" name="simple_test" time="0.000999999999748979"/>
    <testcase classname="ds.sample_smk_test" name="simple_test" time="0.00100000000020373"/>
    <testcase classname="ds.sample_smk_test" name="simple_test" time="0.27599999999984"/>
    <testcase classname="ds.sample_smk_test" name="simple_test" time="0.00100000000020373"/>
    <testcase classname="ds.sample_smk_test" name="simple_test" time="0.000999999999748979"/>
    <testcase classname="ds.sample_smk_test" name="simple_test" time="0.00100000000020373"/>
    <testcase classname="ds.sample_smk_test" name="simple_test" time="0.00199999999995271"/>
    <testcase classname="ds.sample_smk_test" name="simple_test" time="1.20899999999983"/>
    <testcase classname="ds.sample_smk_test" name="simple_test" time="0.00199999999995271"/>
    <testcase classname="ds.sample_smk_test" name="simple_test" time="0.00400000000036016"/>
    <testcase classname="ds.sample_smk_test" name="simple_test" time="0.00199999999995271"/>
    <testcase classname="ds.sample_smk_test" name="simple_test" time="0.000999999999748979"/>
    <testcase classname="ds.sample_smk_test" name="simple_test" time="0.00100000000020373"/>
    <testcase classname="ds.sample_smk_test" name="simple_test" time="0.00199999999995271"/>
    <testcase classname="ds.sample_smk_test" name="simple_test" time="0.000999999999748979"/>
    <testcase classname="ds.sample_smk_test" name="simple_test" time="0.00199999999995271"/>
    <testcase classname="ds.sample_smk_test" name="simple_test" time="0.00100000000020373"/>
    <testcase classname="ds.sample_smk_test" name="simple_test" time="0.00199999999995271"/>
    <testcase classname="ds.sample_smk_test" name="simple_test" time="0.00100000000020373"/>
    <testcase classname="ds.sample_smk_test" name="simple_test" time="0.00199999999995271"/>
    <testcase classname="ds.sample_smk_test" name="simple_test" time="0.000999999999748979"/>
    <testcase classname="ds.sample_smk_test" name="simple_test" time="0.00199999999995271"/>
    <testcase classname="ds.sample_smk_test" name="simple_test" time="0.00100000000020373"/>
    <testcase classname="ds.sample_smk_test" name="simple_test" time="0.00100000000020373"/>
    <testcase classname="ds.sample_smk_test" name="simple_test" time="0.000999999999748979"/>
    <testcase classname="ds.sample_smk_test" name="simple_test" time="0.00199999999995271"/>
    <testcase classname="ds.sample_smk_test" name="simple_test" time="0.00199999999995271"/>
    <testcase classname="ds.sample_smk_test" name="simple_test" time="0.00100000000020373"/>
    <testcase classname="ds.sample_smk_test" name="simple_test" time="0.00199999999995271"/>
    <testcase classname="ds.sample_smk_test" name="simple_test" time="0.271999999999935"/>
    <testcase classname="ds.sample_smk_test" name="simple_test" time="0.00199999999995271"/>
    <testcase classname="ds.sample_smk_test" name="simple_test" time="0.00199999999995271"/>
    <testcase classname="ds.sample_smk_test" name="simple_test" time="0.00199999999995271"/>
    <testcase classname="ds.sample_smk_test" name="simple_test" time="0.00100000000020373"/>
    <testcase classname="ds.sample_smk_test" name="simple_test" time="1.52399999999989"/>
    <testcase classname="ds.sample_smk_test" name="simple_test" time="0.00199999999995271"/>
    <testcase classname="ds.sample_smk_test" name="simple_test" time="0.00199999999995271"/>
    <testcase classname="ds.sample_smk_test" name="simple_test" time="0.274000000000342"/>
    <testcase classname="ds.sample_smk_test" name="simple_test" time="0.00199999999995271"/>
    <testcase classname="ds.sample_smk_test" name="simple_test" time="0.00199999999995271"/>
    <testcase classname="ds.sample_smk_test" name="simple_test" time="0.00199999999995271"/>
    <testcase classname="ds.sample_smk_test" name="simple_test" time="0.00199999999995271"/>
    <testcase classname="ds.sample_smk_test" name="simple_test" time="1.21900000000005"/>
    <testcase classname="ds.sample_smk_test" name="simple_test" time="0.00300000000015643"/>
    <testcase classname="ds.sample_smk_test" name="simple_test" time="0.00199999999995271"/>
    <testcase classname="ds.sample_smk_test" name="simple_test" time="0.00199999999995271"/>
    <testcase classname="ds.sample_smk_test" name="simple_test" time="0.00199999999995271"/>
    <testcase classname="ds.sample_smk_test" name="simple_test" time="0.00199999999995271"/>
    <testcase classname="ds.sample_smk_test" name="simple_test" time="0.00199999999995271"/>
    <testcase classname="ds.sample_smk_test" name="simple_test" time="0.00199999999995271"/>
    <testcase classname="ds.sample_smk_test" name="simple_test" time="0.00199999999995271"/>
    <testcase classname="ds.sample_smk_test" name="simple_test" time="0.00100000000020373"/>
    <testcase classname="ds.sample_smk_test" name="simple_test" time="0.00199999999995271"/>
    <testcase classname="ds.sample_smk_test" name="simple_test" time="0.00199999999995271"/>
    <testcase classname="ds.sample_smk_test" name="simple_test" time="0.00100000000020373"/>
    <testcase classname="ds.sample_smk_test" name="simple_test" time="0.00100000000020373"/>
    <testcase classname="ds.sample_smk_test" name="simple_test" time="0.00199999999995271"/>
    <testcase classname="ds.sample_smk_test" name="simple_test" time="0.00199999999995271"/>
    <testcase classname="ds.sample_smk_test" name="simple_test" time="0.266000000000076"/>
    <testcase classname="ds.sample_smk_test" name="simple_test" time="0.00199999999995271"/>
    <testcase classname="ds.sample_smk_test" name="simple_test" time="0.00300000000015643"/>
    <testcase classname="ds.sample_smk_test" name="simple_test" time="0.00199999999995271"/>
    <testcase classname="ds.sample_smk_test" name="simple_test" time="0.00199999999995271"/>
  </testsuite>
  <testsuite errors="0" failures="0" hostname="fv-az14" name="ds.sample::smk::test error" skipped="0" tests="7" time="1.53" timestamp="2020-10-23T11:30:14Z">
    <testcase classname="ds.sample_smk_test_error" name="simple_test_error" time="1.52399999999989"/>
    <testcase classname="ds.sample_smk_test_error" name="simple_test_error" time="0.00100000000020373"/>
    <testcase classname="ds.sample_smk_test_error" name="simple_test_error" time="0.000999999999748979"/>
    <testcase classname="ds.sample_smk_test_error" name="simple_test_error" time="0.00100000000020373"/>
    <testcase classname="ds.sample_smk_test_error" name="simple_test_error" time="0.00199999999995271"/>
    <testcase classname="ds.sample_smk_test_error" name="simple_test_error" time="0"/>
    <testcase classname="ds.sample_smk_test_error" name="simple_test_error" time="0.00100000000020373"/>
  </testsuite>
  <testsuite errors="0" failures="0" hostname="fv-az14" name="ds.sample::smk::shutdown" skipped="0" tests="3" time="0.282" timestamp="2020-10-23T11:30:16Z">
    <testcase classname="ds.sample_smk_shutdown" name="shutdown" time="0.278999999999996"/>
    <testcase classname="ds.sample_smk_shutdown" name="shutdown" time="0.000999999999748979"/>
    <testcase classname="ds.sample_smk_shutdown" name="shutdown" time="0.00200000000040745"/>
  </testsuite>
  <testsuite errors="0" failures="0" hostname="fv-az14" name="ds.sample::smk::done" skipped="0" tests="0" time="0" timestamp="2020-10-23T11:30:17Z"/>
  <testsuite errors="0" failures="0" hostname="fv-az14" name="ds.seq::smk::setup" skipped="0" tests="3" time="5.301" timestamp="2020-10-23T11:30:17Z">
    <testcase classname="ds.seq_smk_setup" name="setup" time="5.29899999999998"/>
    <testcase classname="ds.seq_smk_setup" name="setup" time="0.000999999999748979"/>
    <testcase classname="ds.seq_smk_setup" name="setup" time="0.00100000000020373"/>
  </testsuite>
  <testsuite errors="0" failures="0" hostname="fv-az14" name="ds.seq::smk" skipped="0" tests="6" time="1.678" timestamp="2020-10-23T11:30:22Z">
    <testcase classname="ds.seq_smk" name="simplest_ds.seq" time="0.886999999999716"/>
    <testcase classname="ds.seq_smk" name="simplest_ds.seq" time="0.00199999999995271"/>
    <testcase classname="ds.seq_smk" name="simplest_ds.seq" time="0.00100000000020373"/>
    <testcase classname="ds.seq_smk" name="simplest_ds.seq" time="0.784999999999854"/>
    <testcase classname="ds.seq_smk" name="simplest_ds.seq" time="0.00199999999995271"/>
    <testcase classname="ds.seq_smk" name="simplest_ds.seq" time="0.00100000000020373"/>
  </testsuite>
  <testsuite errors="0" failures="0" hostname="fv-az14" name="ds.seq::smk::shutdown" skipped="0" tests="3" time="0.281" timestamp="2020-10-23T11:30:23Z">
    <testcase classname="ds.seq_smk_shutdown" name="shutdown" time="0.277999999999793"/>
    <testcase classname="ds.seq_smk_shutdown" name="shutdown" time="0.00200000000040745"/>
    <testcase classname="ds.seq_smk_shutdown" name="shutdown" time="0.000999999999748979"/>
  </testsuite>
  <testsuite errors="0" failures="0" hostname="fv-az14" name="ds.seq::smk::done" skipped="0" tests="0" time="0" timestamp="2020-10-23T11:30:24Z"/>
  <testsuite errors="0" failures="0" hostname="fv-az14" name="ds.setSeed::smk::setup" skipped="0" tests="3" time="5.368" timestamp="2020-10-23T11:30:24Z">
    <testcase classname="ds.setSeed_smk_setup" name="setup" time="5.36599999999999"/>
    <testcase classname="ds.setSeed_smk_setup" name="setup" time="0.00100000000020373"/>
    <testcase classname="ds.setSeed_smk_setup" name="setup" time="0.000999999999748979"/>
  </testsuite>
  <testsuite errors="0" failures="0" hostname="fv-az14" name="ds.setSeed::smk" skipped="0" tests="9" time="0.298" timestamp="2020-10-23T11:30:29Z">
    <testcase classname="ds.setSeed_smk" name="basic_setSeed" time="0.289999999999964"/>
    <testcase classname="ds.setSeed_smk" name="basic_setSeed" time="0.00100000000020373"/>
    <testcase classname="ds.setSeed_smk" name="basic_setSeed" time="0.000999999999748979"/>
    <testcase classname="ds.setSeed_smk" name="basic_setSeed" time="0.00100000000020373"/>
    <testcase classname="ds.setSeed_smk" name="basic_setSeed" time="0.000999999999748979"/>
    <testcase classname="ds.setSeed_smk" name="basic_setSeed" time="0.00100000000020373"/>
    <testcase classname="ds.setSeed_smk" name="basic_setSeed" time="0.000999999999748979"/>
    <testcase classname="ds.setSeed_smk" name="basic_setSeed" time="0.00100000000020373"/>
    <testcase classname="ds.setSeed_smk" name="basic_setSeed" time="0.000999999999748979"/>
  </testsuite>
  <testsuite errors="0" failures="0" hostname="fv-az14" name="ds.setSeed::smk::shutdown" skipped="0" tests="3" time="0.279" timestamp="2020-10-23T11:30:29Z">
    <testcase classname="ds.setSeed_smk_shutdown" name="shutdown" time="0.277000000000044"/>
    <testcase classname="ds.setSeed_smk_shutdown" name="shutdown" time="0.00100000000020373"/>
    <testcase classname="ds.setSeed_smk_shutdown" name="shutdown" time="0.000999999999748979"/>
  </testsuite>
  <testsuite errors="0" failures="0" hostname="fv-az14" name="ds.setSeed::smk::done" skipped="0" tests="0" time="0" timestamp="2020-10-23T11:30:30Z"/>
  <testsuite errors="0" failures="0" hostname="fv-az14" name="ds.skewness::smk::setup" skipped="0" tests="3" time="5.372" timestamp="2020-10-23T11:30:30Z">
    <testcase classname="ds.skewness_smk_setup" name="setup" time="5.37000000000035"/>
    <testcase classname="ds.skewness_smk_setup" name="setup" time="0.000999999999748979"/>
    <testcase classname="ds.skewness_smk_setup" name="setup" time="0.00100000000020373"/>
  </testsuite>
  <testsuite errors="0" failures="0" hostname="fv-az14" name="ds.skewness::smk::method 1::split" skipped="0" tests="70" time="6.198" timestamp="2020-10-23T11:30:35Z">
    <testcase classname="ds.skewness_smk_method_1_split" name="simple_skewness_method_1_split_on_LAB_TSC" time="1.21599999999989"/>
    <testcase classname="ds.skewness_smk_method_1_split" name="simple_skewness_method_1_split_on_LAB_TSC" time="0.000999999999748979"/>
    <testcase classname="ds.skewness_smk_method_1_split" name="simple_skewness_method_1_split_on_LAB_TSC" time="0.00100000000020373"/>
    <testcase classname="ds.skewness_smk_method_1_split" name="simple_skewness_method_1_split_on_LAB_TSC" time="0.00100000000020373"/>
    <testcase classname="ds.skewness_smk_method_1_split" name="simple_skewness_method_1_split_on_LAB_TSC" time="0.00199999999995271"/>
    <testcase classname="ds.skewness_smk_method_1_split" name="simple_skewness_method_1_split_on_LAB_TSC" time="0.000999999999748979"/>
    <testcase classname="ds.skewness_smk_method_1_split" name="simple_skewness_method_1_split_on_LAB_TSC" time="0.00100000000020373"/>
    <testcase classname="ds.skewness_smk_method_1_split" name="simple_skewness_method_1_split_on_LAB_TSC" time="0.000999999999748979"/>
    <testcase classname="ds.skewness_smk_method_1_split" name="simple_skewness_method_1_split_on_LAB_TSC" time="0.00100000000020373"/>
    <testcase classname="ds.skewness_smk_method_1_split" name="simple_skewness_method_1_split_on_LAB_TSC" time="0.00199999999995271"/>
    <testcase classname="ds.skewness_smk_method_1_split" name="simple_skewness_method_1_split_on_LAB_TSC" time="0.000999999999748979"/>
    <testcase classname="ds.skewness_smk_method_1_split" name="simple_skewness_method_1_split_on_LAB_TSC" time="0.00100000000020373"/>
    <testcase classname="ds.skewness_smk_method_1_split" name="simple_skewness_method_1_split_on_LAB_TSC" time="0.00199999999995271"/>
    <testcase classname="ds.skewness_smk_method_1_split" name="simple_skewness_method_1_split_on_LAB_TSC" time="0.00100000000020373"/>
    <testcase classname="ds.skewness_smk_method_1_split" name="simple_skewness_method_1_split_on_LAB_TRIG" time="1.21699999999964"/>
    <testcase classname="ds.skewness_smk_method_1_split" name="simple_skewness_method_1_split_on_LAB_TRIG" time="0.00100000000020373"/>
    <testcase classname="ds.skewness_smk_method_1_split" name="simple_skewness_method_1_split_on_LAB_TRIG" time="0.000999999999748979"/>
    <testcase classname="ds.skewness_smk_method_1_split" name="simple_skewness_method_1_split_on_LAB_TRIG" time="0.00100000000020373"/>
    <testcase classname="ds.skewness_smk_method_1_split" name="simple_skewness_method_1_split_on_LAB_TRIG" time="0.000999999999748979"/>
    <testcase classname="ds.skewness_smk_method_1_split" name="simple_skewness_method_1_split_on_LAB_TRIG" time="0.000999999999748979"/>
    <testcase classname="ds.skewness_smk_method_1_split" name="simple_skewness_method_1_split_on_LAB_TRIG" time="0.00100000000020373"/>
    <testcase classname="ds.skewness_smk_method_1_split" name="simple_skewness_method_1_split_on_LAB_TRIG" time="0.00199999999995271"/>
    <testcase classname="ds.skewness_smk_method_1_split" name="simple_skewness_method_1_split_on_LAB_TRIG" time="0.00100000000020373"/>
    <testcase classname="ds.skewness_smk_method_1_split" name="simple_skewness_method_1_split_on_LAB_TRIG" time="0.000999999999748979"/>
    <testcase classname="ds.skewness_smk_method_1_split" name="simple_skewness_method_1_split_on_LAB_TRIG" time="0.00100000000020373"/>
    <testcase classname="ds.skewness_smk_method_1_split" name="simple_skewness_method_1_split_on_LAB_TRIG" time="0.00199999999995271"/>
    <testcase classname="ds.skewness_smk_method_1_split" name="simple_skewness_method_1_split_on_LAB_TRIG" time="0.00199999999995271"/>
    <testcase classname="ds.skewness_smk_method_1_split" name="simple_skewness_method_1_split_on_LAB_TRIG" time="0.000999999999748979"/>
    <testcase classname="ds.skewness_smk_method_1_split" name="simple_skewness_method_1_split_on_LAB_HDL" time="1.21900000000005"/>
    <testcase classname="ds.skewness_smk_method_1_split" name="simple_skewness_method_1_split_on_LAB_HDL" time="0.00199999999995271"/>
    <testcase classname="ds.skewness_smk_method_1_split" name="simple_skewness_method_1_split_on_LAB_HDL" time="0.00199999999995271"/>
    <testcase classname="ds.skewness_smk_method_1_split" name="simple_skewness_method_1_split_on_LAB_HDL" time="0.00100000000020373"/>
    <testcase classname="ds.skewness_smk_method_1_split" name="simple_skewness_method_1_split_on_LAB_HDL" time="0.00199999999995271"/>
    <testcase classname="ds.skewness_smk_method_1_split" name="simple_skewness_method_1_split_on_LAB_HDL" time="0.00199999999995271"/>
    <testcase classname="ds.skewness_smk_method_1_split" name="simple_skewness_method_1_split_on_LAB_HDL" time="0.00199999999995271"/>
    <testcase classname="ds.skewness_smk_method_1_split" name="simple_skewness_method_1_split_on_LAB_HDL" time="0.00100000000020373"/>
    <testcase classname="ds.skewness_smk_method_1_split" name="simple_skewness_method_1_split_on_LAB_HDL" time="0.00199999999995271"/>
    <testcase classname="ds.skewness_smk_method_1_split" name="simple_skewness_method_1_split_on_LAB_HDL" time="0.00199999999995271"/>
    <testcase classname="ds.skewness_smk_method_1_split" name="simple_skewness_method_1_split_on_LAB_HDL" time="0.00100000000020373"/>
    <testcase classname="ds.skewness_smk_method_1_split" name="simple_skewness_method_1_split_on_LAB_HDL" time="0.00199999999995271"/>
    <testcase classname="ds.skewness_smk_method_1_split" name="simple_skewness_method_1_split_on_LAB_HDL" time="0.00199999999995271"/>
    <testcase classname="ds.skewness_smk_method_1_split" name="simple_skewness_method_1_split_on_LAB_HDL" time="0.000999999999748979"/>
    <testcase classname="ds.skewness_smk_method_1_split" name="simple_skewness_method_1_split_on_LAB_GLUC_ADJUSTED" time="1.21199999999999"/>
    <testcase classname="ds.skewness_smk_method_1_split" name="simple_skewness_method_1_split_on_LAB_GLUC_ADJUSTED" time="0.00200000000040745"/>
    <testcase classname="ds.skewness_smk_method_1_split" name="simple_skewness_method_1_split_on_LAB_GLUC_ADJUSTED" time="0.00199999999995271"/>
    <testcase classname="ds.skewness_smk_method_1_split" name="simple_skewness_method_1_split_on_LAB_GLUC_ADJUSTED" time="0.00199999999995271"/>
    <testcase classname="ds.skewness_smk_method_1_split" name="simple_skewness_method_1_split_on_LAB_GLUC_ADJUSTED" time="0.00199999999995271"/>
    <testcase classname="ds.skewness_smk_method_1_split" name="simple_skewness_method_1_split_on_LAB_GLUC_ADJUSTED" time="0.000999999999748979"/>
    <testcase classname="ds.skewness_smk_method_1_split" name="simple_skewness_method_1_split_on_LAB_GLUC_ADJUSTED" time="0.00200000000040745"/>
    <testcase classname="ds.skewness_smk_method_1_split" name="simple_skewness_method_1_split_on_LAB_GLUC_ADJUSTED" time="0.00599999999985812"/>
    <testcase classname="ds.skewness_smk_method_1_split" name="simple_skewness_method_1_split_on_LAB_GLUC_ADJUSTED" time="0.000999999999748979"/>
    <testcase classname="ds.skewness_smk_method_1_split" name="simple_skewness_method_1_split_on_LAB_GLUC_ADJUSTED" time="0.00199999999995271"/>
    <testcase classname="ds.skewness_smk_method_1_split" name="simple_skewness_method_1_split_on_LAB_GLUC_ADJUSTED" time="0.00200000000040745"/>
    <testcase classname="ds.skewness_smk_method_1_split" name="simple_skewness_method_1_split_on_LAB_GLUC_ADJUSTED" time="0.00199999999995271"/>
    <testcase classname="ds.skewness_smk_method_1_split" name="simple_skewness_method_1_split_on_LAB_GLUC_ADJUSTED" time="0.00199999999995271"/>
    <testcase classname="ds.skewness_smk_method_1_split" name="simple_skewness_method_1_split_on_LAB_GLUC_ADJUSTED" time="0.000999999999748979"/>
    <testcase classname="ds.skewness_smk_method_1_split" name="simple_skewness_method_1_split_on_PM_BMI_CONTINUOUS" time="1.22600000000011"/>
    <testcase classname="ds.skewness_smk_method_1_split" name="simple_skewness_method_1_split_on_PM_BMI_CONTINUOUS" time="0.00199999999995271"/>
    <testcase classname="ds.skewness_smk_method_1_split" name="simple_skewness_method_1_split_on_PM_BMI_CONTINUOUS" time="0.00199999999995271"/>
    <testcase classname="ds.skewness_smk_method_1_split" name="simple_skewness_method_1_split_on_PM_BMI_CONTINUOUS" time="0.00199999999995271"/>
    <testcase classname="ds.skewness_smk_method_1_split" name="simple_skewness_method_1_split_on_PM_BMI_CONTINUOUS" time="0.00199999999995271"/>
    <testcase classname="ds.skewness_smk_method_1_split" name="simple_skewness_method_1_split_on_PM_BMI_CONTINUOUS" time="0.00199999999995271"/>
    <testcase classname="ds.skewness_smk_method_1_split" name="simple_skewness_method_1_split_on_PM_BMI_CONTINUOUS" time="0.00199999999995271"/>
    <testcase classname="ds.skewness_smk_method_1_split" name="simple_skewness_method_1_split_on_PM_BMI_CONTINUOUS" time="0.00300000000015643"/>
    <testcase classname="ds.skewness_smk_method_1_split" name="simple_skewness_method_1_split_on_PM_BMI_CONTINUOUS" time="0.00199999999995271"/>
    <testcase classname="ds.skewness_smk_method_1_split" name="simple_skewness_method_1_split_on_PM_BMI_CONTINUOUS" time="0.00199999999995271"/>
    <testcase classname="ds.skewness_smk_method_1_split" name="simple_skewness_method_1_split_on_PM_BMI_CONTINUOUS" time="0.00100000000020373"/>
    <testcase classname="ds.skewness_smk_method_1_split" name="simple_skewness_method_1_split_on_PM_BMI_CONTINUOUS" time="0.00199999999995271"/>
    <testcase classname="ds.skewness_smk_method_1_split" name="simple_skewness_method_1_split_on_PM_BMI_CONTINUOUS" time="0.00299999999970169"/>
    <testcase classname="ds.skewness_smk_method_1_split" name="simple_skewness_method_1_split_on_PM_BMI_CONTINUOUS" time="0.00200000000040745"/>
  </testsuite>
  <testsuite errors="0" failures="0" hostname="fv-az14" name="ds.skewness::smk::method 1::combine" skipped="0" tests="40" time="7.537" timestamp="2020-10-23T11:30:41Z">
    <testcase classname="ds.skewness_smk_method_1_combine" name="simple_skewness_combine_on_LAB_TSC" time="1.50099999999975"/>
    <testcase classname="ds.skewness_smk_method_1_combine" name="simple_skewness_combine_on_LAB_TSC" time="0.00100000000020373"/>
    <testcase classname="ds.skewness_smk_method_1_combine" name="simple_skewness_combine_on_LAB_TSC" time="0.000999999999748979"/>
    <testcase classname="ds.skewness_smk_method_1_combine" name="simple_skewness_combine_on_LAB_TSC" time="0.00100000000020373"/>
    <testcase classname="ds.skewness_smk_method_1_combine" name="simple_skewness_combine_on_LAB_TSC" time="0.000999999999748979"/>
    <testcase classname="ds.skewness_smk_method_1_combine" name="simple_skewness_combine_on_LAB_TSC" time="0.00199999999995271"/>
    <testcase classname="ds.skewness_smk_method_1_combine" name="simple_skewness_combine_on_LAB_TSC" time="0.00100000000020373"/>
    <testcase classname="ds.skewness_smk_method_1_combine" name="simple_skewness_combine_on_LAB_TSC" time="0.00100000000020373"/>
    <testcase classname="ds.skewness_smk_method_1_combine" name="simple_skewness_method_1_combine_on_LAB_TRIG" time="1.49299999999994"/>
    <testcase classname="ds.skewness_smk_method_1_combine" name="simple_skewness_method_1_combine_on_LAB_TRIG" time="0.000999999999748979"/>
    <testcase classname="ds.skewness_smk_method_1_combine" name="simple_skewness_method_1_combine_on_LAB_TRIG" time="0.00199999999995271"/>
    <testcase classname="ds.skewness_smk_method_1_combine" name="simple_skewness_method_1_combine_on_LAB_TRIG" time="0.00100000000020373"/>
    <testcase classname="ds.skewness_smk_method_1_combine" name="simple_skewness_method_1_combine_on_LAB_TRIG" time="0.000999999999748979"/>
    <testcase classname="ds.skewness_smk_method_1_combine" name="simple_skewness_method_1_combine_on_LAB_TRIG" time="0.00200000000040745"/>
    <testcase classname="ds.skewness_smk_method_1_combine" name="simple_skewness_method_1_combine_on_LAB_TRIG" time="0.000999999999748979"/>
    <testcase classname="ds.skewness_smk_method_1_combine" name="simple_skewness_method_1_combine_on_LAB_TRIG" time="0.00100000000020373"/>
    <testcase classname="ds.skewness_smk_method_1_combine" name="simple_skewness_method_1_combine_on_LAB_HDL" time="1.48599999999988"/>
    <testcase classname="ds.skewness_smk_method_1_combine" name="simple_skewness_method_1_combine_on_LAB_HDL" time="0.00199999999995271"/>
    <testcase classname="ds.skewness_smk_method_1_combine" name="simple_skewness_method_1_combine_on_LAB_HDL" time="0.00100000000020373"/>
    <testcase classname="ds.skewness_smk_method_1_combine" name="simple_skewness_method_1_combine_on_LAB_HDL" time="0.00199999999995271"/>
    <testcase classname="ds.skewness_smk_method_1_combine" name="simple_skewness_method_1_combine_on_LAB_HDL" time="0.00199999999995271"/>
    <testcase classname="ds.skewness_smk_method_1_combine" name="simple_skewness_method_1_combine_on_LAB_HDL" time="0.000999999999748979"/>
    <testcase classname="ds.skewness_smk_method_1_combine" name="simple_skewness_method_1_combine_on_LAB_HDL" time="0.00199999999995271"/>
    <testcase classname="ds.skewness_smk_method_1_combine" name="simple_skewness_method_1_combine_on_LAB_HDL" time="0.00100000000020373"/>
    <testcase classname="ds.skewness_smk_method_1_combine" name="simple_skewness_method_1_combine_on_LAB_GLUC_ADJUSTED" time="1.49299999999994"/>
    <testcase classname="ds.skewness_smk_method_1_combine" name="simple_skewness_method_1_combine_on_LAB_GLUC_ADJUSTED" time="0.00199999999995271"/>
    <testcase classname="ds.skewness_smk_method_1_combine" name="simple_skewness_method_1_combine_on_LAB_GLUC_ADJUSTED" time="0.00100000000020373"/>
    <testcase classname="ds.skewness_smk_method_1_combine" name="simple_skewness_method_1_combine_on_LAB_GLUC_ADJUSTED" time="0.00199999999995271"/>
    <testcase classname="ds.skewness_smk_method_1_combine" name="simple_skewness_method_1_combine_on_LAB_GLUC_ADJUSTED" time="0.00199999999995271"/>
    <testcase classname="ds.skewness_smk_method_1_combine" name="simple_skewness_method_1_combine_on_LAB_GLUC_ADJUSTED" time="0.00100000000020373"/>
    <testcase classname="ds.skewness_smk_method_1_combine" name="simple_skewness_method_1_combine_on_LAB_GLUC_ADJUSTED" time="0.00199999999995271"/>
    <testcase classname="ds.skewness_smk_method_1_combine" name="simple_skewness_method_1_combine_on_LAB_GLUC_ADJUSTED" time="0.00199999999995271"/>
    <testcase classname="ds.skewness_smk_method_1_combine" name="simple_skewness_method_1_combine_on_PM_BMI_CONTINUOUS" time="1.50500000000011"/>
    <testcase classname="ds.skewness_smk_method_1_combine" name="simple_skewness_method_1_combine_on_PM_BMI_CONTINUOUS" time="0.00399999999990541"/>
    <testcase classname="ds.skewness_smk_method_1_combine" name="simple_skewness_method_1_combine_on_PM_BMI_CONTINUOUS" time="0.00399999999990541"/>
    <testcase classname="ds.skewness_smk_method_1_combine" name="simple_skewness_method_1_combine_on_PM_BMI_CONTINUOUS" time="0.00300000000015643"/>
    <testcase classname="ds.skewness_smk_method_1_combine" name="simple_skewness_method_1_combine_on_PM_BMI_CONTINUOUS" time="0.00299999999970169"/>
    <testcase classname="ds.skewness_smk_method_1_combine" name="simple_skewness_method_1_combine_on_PM_BMI_CONTINUOUS" time="0.00199999999995271"/>
    <testcase classname="ds.skewness_smk_method_1_combine" name="simple_skewness_method_1_combine_on_PM_BMI_CONTINUOUS" time="0.00100000000020373"/>
    <testcase classname="ds.skewness_smk_method_1_combine" name="simple_skewness_method_1_combine_on_PM_BMI_CONTINUOUS" time="0.00199999999995271"/>
  </testsuite>
  <testsuite errors="0" failures="0" hostname="fv-az14" name="ds.skewness::smk::method 1::both" skipped="0" tests="110" time="8.957" timestamp="2020-10-23T11:30:49Z">
    <testcase classname="ds.skewness_smk_method_1_both" name="simple_skewness_both_on_LAB_TSC" time="1.76499999999987"/>
    <testcase classname="ds.skewness_smk_method_1_both" name="simple_skewness_both_on_LAB_TSC" time="0.00100000000020373"/>
    <testcase classname="ds.skewness_smk_method_1_both" name="simple_skewness_both_on_LAB_TSC" time="0.000999999999748979"/>
    <testcase classname="ds.skewness_smk_method_1_both" name="simple_skewness_both_on_LAB_TSC" time="0.00100000000020373"/>
    <testcase classname="ds.skewness_smk_method_1_both" name="simple_skewness_both_on_LAB_TSC" time="0.000999999999748979"/>
    <testcase classname="ds.skewness_smk_method_1_both" name="simple_skewness_both_on_LAB_TSC" time="0.00100000000020373"/>
    <testcase classname="ds.skewness_smk_method_1_both" name="simple_skewness_both_on_LAB_TSC" time="0.00199999999995271"/>
    <testcase classname="ds.skewness_smk_method_1_both" name="simple_skewness_both_on_LAB_TSC" time="0.00100000000020373"/>
    <testcase classname="ds.skewness_smk_method_1_both" name="simple_skewness_both_on_LAB_TSC" time="0.000999999999748979"/>
    <testcase classname="ds.skewness_smk_method_1_both" name="simple_skewness_both_on_LAB_TSC" time="0.00900000000001455"/>
    <testcase classname="ds.skewness_smk_method_1_both" name="simple_skewness_both_on_LAB_TSC" time="0.00199999999995271"/>
    <testcase classname="ds.skewness_smk_method_1_both" name="simple_skewness_both_on_LAB_TSC" time="0.00100000000020373"/>
    <testcase classname="ds.skewness_smk_method_1_both" name="simple_skewness_both_on_LAB_TSC" time="0.000999999999748979"/>
    <testcase classname="ds.skewness_smk_method_1_both" name="simple_skewness_both_on_LAB_TSC" time="0.00100000000020373"/>
    <testcase classname="ds.skewness_smk_method_1_both" name="simple_skewness_both_on_LAB_TSC" time="0.00199999999995271"/>
    <testcase classname="ds.skewness_smk_method_1_both" name="simple_skewness_both_on_LAB_TSC" time="0.00100000000020373"/>
    <testcase classname="ds.skewness_smk_method_1_both" name="simple_skewness_both_on_LAB_TSC" time="0.000999999999748979"/>
    <testcase classname="ds.skewness_smk_method_1_both" name="simple_skewness_both_on_LAB_TSC" time="0.00199999999995271"/>
    <testcase classname="ds.skewness_smk_method_1_both" name="simple_skewness_both_on_LAB_TSC" time="0.00100000000020373"/>
    <testcase classname="ds.skewness_smk_method_1_both" name="simple_skewness_both_on_LAB_TSC" time="0.000999999999748979"/>
    <testcase classname="ds.skewness_smk_method_1_both" name="simple_skewness_both_on_LAB_TSC" time="0.00100000000020373"/>
    <testcase classname="ds.skewness_smk_method_1_both" name="simple_skewness_both_on_LAB_TSC" time="0.00199999999995271"/>
    <testcase classname="ds.skewness_smk_method_1_both" name="simple_skewness_method_1_both_on_LAB_TRIG" time="1.73300000000017"/>
    <testcase classname="ds.skewness_smk_method_1_both" name="simple_skewness_method_1_both_on_LAB_TRIG" time="0.000999999999748979"/>
    <testcase classname="ds.skewness_smk_method_1_both" name="simple_skewness_method_1_both_on_LAB_TRIG" time="0.00199999999995271"/>
    <testcase classname="ds.skewness_smk_method_1_both" name="simple_skewness_method_1_both_on_LAB_TRIG" time="0.00100000000020373"/>
    <testcase classname="ds.skewness_smk_method_1_both" name="simple_skewness_method_1_both_on_LAB_TRIG" time="0.000999999999748979"/>
    <testcase classname="ds.skewness_smk_method_1_both" name="simple_skewness_method_1_both_on_LAB_TRIG" time="0.00200000000040745"/>
    <testcase classname="ds.skewness_smk_method_1_both" name="simple_skewness_method_1_both_on_LAB_TRIG" time="0.000999999999748979"/>
    <testcase classname="ds.skewness_smk_method_1_both" name="simple_skewness_method_1_both_on_LAB_TRIG" time="0.00199999999995271"/>
    <testcase classname="ds.skewness_smk_method_1_both" name="simple_skewness_method_1_both_on_LAB_TRIG" time="0.00100000000020373"/>
    <testcase classname="ds.skewness_smk_method_1_both" name="simple_skewness_method_1_both_on_LAB_TRIG" time="0.00199999999995271"/>
    <testcase classname="ds.skewness_smk_method_1_both" name="simple_skewness_method_1_both_on_LAB_TRIG" time="0.000999999999748979"/>
    <testcase classname="ds.skewness_smk_method_1_both" name="simple_skewness_method_1_both_on_LAB_TRIG" time="0.00199999999995271"/>
    <testcase classname="ds.skewness_smk_method_1_both" name="simple_skewness_method_1_both_on_LAB_TRIG" time="0.00100000000020373"/>
    <testcase classname="ds.skewness_smk_method_1_both" name="simple_skewness_method_1_both_on_LAB_TRIG" time="0.00199999999995271"/>
    <testcase classname="ds.skewness_smk_method_1_both" name="simple_skewness_method_1_both_on_LAB_TRIG" time="0.00100000000020373"/>
    <testcase classname="ds.skewness_smk_method_1_both" name="simple_skewness_method_1_both_on_LAB_TRIG" time="0.000999999999748979"/>
    <testcase classname="ds.skewness_smk_method_1_both" name="simple_skewness_method_1_both_on_LAB_TRIG" time="0.00199999999995271"/>
    <testcase classname="ds.skewness_smk_method_1_both" name="simple_skewness_method_1_both_on_LAB_TRIG" time="0.00199999999995271"/>
    <testcase classname="ds.skewness_smk_method_1_both" name="simple_skewness_method_1_both_on_LAB_TRIG" time="0.00100000000020373"/>
    <testcase classname="ds.skewness_smk_method_1_both" name="simple_skewness_method_1_both_on_LAB_TRIG" time="0.00199999999995271"/>
    <testcase classname="ds.skewness_smk_method_1_both" name="simple_skewness_method_1_both_on_LAB_TRIG" time="0.00100000000020373"/>
    <testcase classname="ds.skewness_smk_method_1_both" name="simple_skewness_method_1_both_on_LAB_TRIG" time="0.00199999999995271"/>
    <testcase classname="ds.skewness_smk_method_1_both" name="simple_skewness_method_1_both_on_LAB_HDL" time="1.74499999999989"/>
    <testcase classname="ds.skewness_smk_method_1_both" name="simple_skewness_method_1_both_on_LAB_HDL" time="0.00100000000020373"/>
    <testcase classname="ds.skewness_smk_method_1_both" name="simple_skewness_method_1_both_on_LAB_HDL" time="0.00199999999995271"/>
    <testcase classname="ds.skewness_smk_method_1_both" name="simple_skewness_method_1_both_on_LAB_HDL" time="0.000999999999748979"/>
    <testcase classname="ds.skewness_smk_method_1_both" name="simple_skewness_method_1_both_on_LAB_HDL" time="0.00199999999995271"/>
    <testcase classname="ds.skewness_smk_method_1_both" name="simple_skewness_method_1_both_on_LAB_HDL" time="0.00199999999995271"/>
    <testcase classname="ds.skewness_smk_method_1_both" name="simple_skewness_method_1_both_on_LAB_HDL" time="0.00100000000020373"/>
    <testcase classname="ds.skewness_smk_method_1_both" name="simple_skewness_method_1_both_on_LAB_HDL" time="0.00199999999995271"/>
    <testcase classname="ds.skewness_smk_method_1_both" name="simple_skewness_method_1_both_on_LAB_HDL" time="0.00199999999995271"/>
    <testcase classname="ds.skewness_smk_method_1_both" name="simple_skewness_method_1_both_on_LAB_HDL" time="0.00199999999995271"/>
    <testcase classname="ds.skewness_smk_method_1_both" name="simple_skewness_method_1_both_on_LAB_HDL" time="0.00100000000020373"/>
    <testcase classname="ds.skewness_smk_method_1_both" name="simple_skewness_method_1_both_on_LAB_HDL" time="0.00199999999995271"/>
    <testcase classname="ds.skewness_smk_method_1_both" name="simple_skewness_method_1_both_on_LAB_HDL" time="0.00100000000020373"/>
    <testcase classname="ds.skewness_smk_method_1_both" name="simple_skewness_method_1_both_on_LAB_HDL" time="0.00199999999995271"/>
    <testcase classname="ds.skewness_smk_method_1_both" name="simple_skewness_method_1_both_on_LAB_HDL" time="0.00199999999995271"/>
    <testcase classname="ds.skewness_smk_method_1_both" name="simple_skewness_method_1_both_on_LAB_HDL" time="0.00199999999995271"/>
    <testcase classname="ds.skewness_smk_method_1_both" name="simple_skewness_method_1_both_on_LAB_HDL" time="0.000999999999748979"/>
    <testcase classname="ds.skewness_smk_method_1_both" name="simple_skewness_method_1_both_on_LAB_HDL" time="0.00199999999995271"/>
    <testcase classname="ds.skewness_smk_method_1_both" name="simple_skewness_method_1_both_on_LAB_HDL" time="0.00200000000040745"/>
    <testcase classname="ds.skewness_smk_method_1_both" name="simple_skewness_method_1_both_on_LAB_HDL" time="0.00199999999995271"/>
    <testcase classname="ds.skewness_smk_method_1_both" name="simple_skewness_method_1_both_on_LAB_HDL" time="0.00199999999995271"/>
    <testcase classname="ds.skewness_smk_method_1_both" name="simple_skewness_method_1_both_on_LAB_HDL" time="0.00199999999995271"/>
    <testcase classname="ds.skewness_smk_method_1_both" name="simple_skewness_method_1_both_on_LAB_GLUC_ADJUSTED" time="1.75199999999995"/>
    <testcase classname="ds.skewness_smk_method_1_both" name="simple_skewness_method_1_both_on_LAB_GLUC_ADJUSTED" time="0.00199999999995271"/>
    <testcase classname="ds.skewness_smk_method_1_both" name="simple_skewness_method_1_both_on_LAB_GLUC_ADJUSTED" time="0.00199999999995271"/>
    <testcase classname="ds.skewness_smk_method_1_both" name="simple_skewness_method_1_both_on_LAB_GLUC_ADJUSTED" time="0.00199999999995271"/>
    <testcase classname="ds.skewness_smk_method_1_both" name="simple_skewness_method_1_both_on_LAB_GLUC_ADJUSTED" time="0.00300000000015643"/>
    <testcase classname="ds.skewness_smk_method_1_both" name="simple_skewness_method_1_both_on_LAB_GLUC_ADJUSTED" time="0.00199999999995271"/>
    <testcase classname="ds.skewness_smk_method_1_both" name="simple_skewness_method_1_both_on_LAB_GLUC_ADJUSTED" time="0.00300000000015643"/>
    <testcase classname="ds.skewness_smk_method_1_both" name="simple_skewness_method_1_both_on_LAB_GLUC_ADJUSTED" time="0.00199999999995271"/>
    <testcase classname="ds.skewness_smk_method_1_both" name="simple_skewness_method_1_both_on_LAB_GLUC_ADJUSTED" time="0.00199999999995271"/>
    <testcase classname="ds.skewness_smk_method_1_both" name="simple_skewness_method_1_both_on_LAB_GLUC_ADJUSTED" time="0.00199999999995271"/>
    <testcase classname="ds.skewness_smk_method_1_both" name="simple_skewness_method_1_both_on_LAB_GLUC_ADJUSTED" time="0.00199999999995271"/>
    <testcase classname="ds.skewness_smk_method_1_both" name="simple_skewness_method_1_both_on_LAB_GLUC_ADJUSTED" time="0.00299999999970169"/>
    <testcase classname="ds.skewness_smk_method_1_both" name="simple_skewness_method_1_both_on_LAB_GLUC_ADJUSTED" time="0.00199999999995271"/>
    <testcase classname="ds.skewness_smk_method_1_both" name="simple_skewness_method_1_both_on_LAB_GLUC_ADJUSTED" time="0.00300000000015643"/>
    <testcase classname="ds.skewness_smk_method_1_both" name="simple_skewness_method_1_both_on_LAB_GLUC_ADJUSTED" time="0.00300000000015643"/>
    <testcase classname="ds.skewness_smk_method_1_both" name="simple_skewness_method_1_both_on_LAB_GLUC_ADJUSTED" time="0.0109999999999673"/>
    <testcase classname="ds.skewness_smk_method_1_both" name="simple_skewness_method_1_both_on_LAB_GLUC_ADJUSTED" time="0.00199999999995271"/>
    <testcase classname="ds.skewness_smk_method_1_both" name="simple_skewness_method_1_both_on_LAB_GLUC_ADJUSTED" time="0.000999999999748979"/>
    <testcase classname="ds.skewness_smk_method_1_both" name="simple_skewness_method_1_both_on_LAB_GLUC_ADJUSTED" time="0.00300000000015643"/>
    <testcase classname="ds.skewness_smk_method_1_both" name="simple_skewness_method_1_both_on_LAB_GLUC_ADJUSTED" time="0.00300000000015643"/>
    <testcase classname="ds.skewness_smk_method_1_both" name="simple_skewness_method_1_both_on_LAB_GLUC_ADJUSTED" time="0.00299999999970169"/>
    <testcase classname="ds.skewness_smk_method_1_both" name="simple_skewness_method_1_both_on_LAB_GLUC_ADJUSTED" time="0.00300000000015643"/>
    <testcase classname="ds.skewness_smk_method_1_both" name="simple_skewness_method_1_both_on_PM_BMI_CONTINUOUS" time="1.75199999999995"/>
    <testcase classname="ds.skewness_smk_method_1_both" name="simple_skewness_method_1_both_on_PM_BMI_CONTINUOUS" time="0.00300000000015643"/>
    <testcase classname="ds.skewness_smk_method_1_both" name="simple_skewness_method_1_both_on_PM_BMI_CONTINUOUS" time="0.00199999999995271"/>
    <testcase classname="ds.skewness_smk_method_1_both" name="simple_skewness_method_1_both_on_PM_BMI_CONTINUOUS" time="0.00300000000015643"/>
    <testcase classname="ds.skewness_smk_method_1_both" name="simple_skewness_method_1_both_on_PM_BMI_CONTINUOUS" time="0.00199999999995271"/>
    <testcase classname="ds.skewness_smk_method_1_both" name="simple_skewness_method_1_both_on_PM_BMI_CONTINUOUS" time="0.00199999999995271"/>
    <testcase classname="ds.skewness_smk_method_1_both" name="simple_skewness_method_1_both_on_PM_BMI_CONTINUOUS" time="0.00299999999970169"/>
    <testcase classname="ds.skewness_smk_method_1_both" name="simple_skewness_method_1_both_on_PM_BMI_CONTINUOUS" time="0.00200000000040745"/>
    <testcase classname="ds.skewness_smk_method_1_both" name="simple_skewness_method_1_both_on_PM_BMI_CONTINUOUS" time="0.00199999999995271"/>
    <testcase classname="ds.skewness_smk_method_1_both" name="simple_skewness_method_1_both_on_PM_BMI_CONTINUOUS" time="0.00299999999970169"/>
    <testcase classname="ds.skewness_smk_method_1_both" name="simple_skewness_method_1_both_on_PM_BMI_CONTINUOUS" time="0.00199999999995271"/>
    <testcase classname="ds.skewness_smk_method_1_both" name="simple_skewness_method_1_both_on_PM_BMI_CONTINUOUS" time="0.00199999999995271"/>
    <testcase classname="ds.skewness_smk_method_1_both" name="simple_skewness_method_1_both_on_PM_BMI_CONTINUOUS" time="0.00199999999995271"/>
    <testcase classname="ds.skewness_smk_method_1_both" name="simple_skewness_method_1_both_on_PM_BMI_CONTINUOUS" time="0.00199999999995271"/>
    <testcase classname="ds.skewness_smk_method_1_both" name="simple_skewness_method_1_both_on_PM_BMI_CONTINUOUS" time="0.00300000000015643"/>
    <testcase classname="ds.skewness_smk_method_1_both" name="simple_skewness_method_1_both_on_PM_BMI_CONTINUOUS" time="0.00199999999995271"/>
    <testcase classname="ds.skewness_smk_method_1_both" name="simple_skewness_method_1_both_on_PM_BMI_CONTINUOUS" time="0.00300000000015643"/>
    <testcase classname="ds.skewness_smk_method_1_both" name="simple_skewness_method_1_both_on_PM_BMI_CONTINUOUS" time="0.00299999999970169"/>
    <testcase classname="ds.skewness_smk_method_1_both" name="simple_skewness_method_1_both_on_PM_BMI_CONTINUOUS" time="0.00200000000040745"/>
    <testcase classname="ds.skewness_smk_method_1_both" name="simple_skewness_method_1_both_on_PM_BMI_CONTINUOUS" time="0.00199999999995271"/>
    <testcase classname="ds.skewness_smk_method_1_both" name="simple_skewness_method_1_both_on_PM_BMI_CONTINUOUS" time="0.00300000000015643"/>
    <testcase classname="ds.skewness_smk_method_1_both" name="simple_skewness_method_1_both_on_PM_BMI_CONTINUOUS" time="0.00199999999995271"/>
  </testsuite>
  <testsuite errors="0" failures="0" hostname="fv-az14" name="ds.skewness::smk::method 2::split" skipped="0" tests="70" time="6.234" timestamp="2020-10-23T11:30:57Z">
    <testcase classname="ds.skewness_smk_method_2_split" name="simple_skewness_method_2_split_on_LAB_TSC" time="1.23999999999978"/>
    <testcase classname="ds.skewness_smk_method_2_split" name="simple_skewness_method_2_split_on_LAB_TSC" time="0.00100000000020373"/>
    <testcase classname="ds.skewness_smk_method_2_split" name="simple_skewness_method_2_split_on_LAB_TSC" time="0.00199999999995271"/>
    <testcase classname="ds.skewness_smk_method_2_split" name="simple_skewness_method_2_split_on_LAB_TSC" time="0.00100000000020373"/>
    <testcase classname="ds.skewness_smk_method_2_split" name="simple_skewness_method_2_split_on_LAB_TSC" time="0.000999999999748979"/>
    <testcase classname="ds.skewness_smk_method_2_split" name="simple_skewness_method_2_split_on_LAB_TSC" time="0.00199999999995271"/>
    <testcase classname="ds.skewness_smk_method_2_split" name="simple_skewness_method_2_split_on_LAB_TSC" time="0.00100000000020373"/>
    <testcase classname="ds.skewness_smk_method_2_split" name="simple_skewness_method_2_split_on_LAB_TSC" time="0.00199999999995271"/>
    <testcase classname="ds.skewness_smk_method_2_split" name="simple_skewness_method_2_split_on_LAB_TSC" time="0.000999999999748979"/>
    <testcase classname="ds.skewness_smk_method_2_split" name="simple_skewness_method_2_split_on_LAB_TSC" time="0.00100000000020373"/>
    <testcase classname="ds.skewness_smk_method_2_split" name="simple_skewness_method_2_split_on_LAB_TSC" time="0.00100000000020373"/>
    <testcase classname="ds.skewness_smk_method_2_split" name="simple_skewness_method_2_split_on_LAB_TSC" time="0.00199999999995271"/>
    <testcase classname="ds.skewness_smk_method_2_split" name="simple_skewness_method_2_split_on_LAB_TSC" time="0.000999999999748979"/>
    <testcase classname="ds.skewness_smk_method_2_split" name="simple_skewness_method_2_split_on_LAB_TSC" time="0.00100000000020373"/>
    <testcase classname="ds.skewness_smk_method_2_split" name="simple_skewness_method_2_split_on_LAB_TRIG" time="1.221"/>
    <testcase classname="ds.skewness_smk_method_2_split" name="simple_skewness_method_2_split_on_LAB_TRIG" time="0.000999999999748979"/>
    <testcase classname="ds.skewness_smk_method_2_split" name="simple_skewness_method_2_split_on_LAB_TRIG" time="0.00199999999995271"/>
    <testcase classname="ds.skewness_smk_method_2_split" name="simple_skewness_method_2_split_on_LAB_TRIG" time="0.00100000000020373"/>
    <testcase classname="ds.skewness_smk_method_2_split" name="simple_skewness_method_2_split_on_LAB_TRIG" time="0.00100000000020373"/>
    <testcase classname="ds.skewness_smk_method_2_split" name="simple_skewness_method_2_split_on_LAB_TRIG" time="0.00199999999995271"/>
    <testcase classname="ds.skewness_smk_method_2_split" name="simple_skewness_method_2_split_on_LAB_TRIG" time="0.000999999999748979"/>
    <testcase classname="ds.skewness_smk_method_2_split" name="simple_skewness_method_2_split_on_LAB_TRIG" time="0.00199999999995271"/>
    <testcase classname="ds.skewness_smk_method_2_split" name="simple_skewness_method_2_split_on_LAB_TRIG" time="0.00100000000020373"/>
    <testcase classname="ds.skewness_smk_method_2_split" name="simple_skewness_method_2_split_on_LAB_TRIG" time="0.000999999999748979"/>
    <testcase classname="ds.skewness_smk_method_2_split" name="simple_skewness_method_2_split_on_LAB_TRIG" time="0.00200000000040745"/>
    <testcase classname="ds.skewness_smk_method_2_split" name="simple_skewness_method_2_split_on_LAB_TRIG" time="0.000999999999748979"/>
    <testcase classname="ds.skewness_smk_method_2_split" name="simple_skewness_method_2_split_on_LAB_TRIG" time="0.00199999999995271"/>
    <testcase classname="ds.skewness_smk_method_2_split" name="simple_skewness_method_2_split_on_LAB_TRIG" time="0.00100000000020373"/>
    <testcase classname="ds.skewness_smk_method_2_split" name="simple_skewness_method_2_split_on_LAB_HDL" time="1.21699999999964"/>
    <testcase classname="ds.skewness_smk_method_2_split" name="simple_skewness_method_2_split_on_LAB_HDL" time="0.00100000000020373"/>
    <testcase classname="ds.skewness_smk_method_2_split" name="simple_skewness_method_2_split_on_LAB_HDL" time="0.00199999999995271"/>
    <testcase classname="ds.skewness_smk_method_2_split" name="simple_skewness_method_2_split_on_LAB_HDL" time="0.00100000000020373"/>
    <testcase classname="ds.skewness_smk_method_2_split" name="simple_skewness_method_2_split_on_LAB_HDL" time="0.00199999999995271"/>
    <testcase classname="ds.skewness_smk_method_2_split" name="simple_skewness_method_2_split_on_LAB_HDL" time="0.00199999999995271"/>
    <testcase classname="ds.skewness_smk_method_2_split" name="simple_skewness_method_2_split_on_LAB_HDL" time="0.000999999999748979"/>
    <testcase classname="ds.skewness_smk_method_2_split" name="simple_skewness_method_2_split_on_LAB_HDL" time="0.00200000000040745"/>
    <testcase classname="ds.skewness_smk_method_2_split" name="simple_skewness_method_2_split_on_LAB_HDL" time="0.000999999999748979"/>
    <testcase classname="ds.skewness_smk_method_2_split" name="simple_skewness_method_2_split_on_LAB_HDL" time="0.00199999999995271"/>
    <testcase classname="ds.skewness_smk_method_2_split" name="simple_skewness_method_2_split_on_LAB_HDL" time="0.00100000000020373"/>
    <testcase classname="ds.skewness_smk_method_2_split" name="simple_skewness_method_2_split_on_LAB_HDL" time="0.00199999999995271"/>
    <testcase classname="ds.skewness_smk_method_2_split" name="simple_skewness_method_2_split_on_LAB_HDL" time="0.000999999999748979"/>
    <testcase classname="ds.skewness_smk_method_2_split" name="simple_skewness_method_2_split_on_LAB_HDL" time="0.00200000000040745"/>
    <testcase classname="ds.skewness_smk_method_2_split" name="simple_skewness_method_2_split_on_LAB_GLUC_ADJUSTED" time="1.23499999999967"/>
    <testcase classname="ds.skewness_smk_method_2_split" name="simple_skewness_method_2_split_on_LAB_GLUC_ADJUSTED" time="0.00199999999995271"/>
    <testcase classname="ds.skewness_smk_method_2_split" name="simple_skewness_method_2_split_on_LAB_GLUC_ADJUSTED" time="0.00199999999995271"/>
    <testcase classname="ds.skewness_smk_method_2_split" name="simple_skewness_method_2_split_on_LAB_GLUC_ADJUSTED" time="0.00200000000040745"/>
    <testcase classname="ds.skewness_smk_method_2_split" name="simple_skewness_method_2_split_on_LAB_GLUC_ADJUSTED" time="0.000999999999748979"/>
    <testcase classname="ds.skewness_smk_method_2_split" name="simple_skewness_method_2_split_on_LAB_GLUC_ADJUSTED" time="0.00199999999995271"/>
    <testcase classname="ds.skewness_smk_method_2_split" name="simple_skewness_method_2_split_on_LAB_GLUC_ADJUSTED" time="0.00199999999995271"/>
    <testcase classname="ds.skewness_smk_method_2_split" name="simple_skewness_method_2_split_on_LAB_GLUC_ADJUSTED" time="0.00100000000020373"/>
    <testcase classname="ds.skewness_smk_method_2_split" name="simple_skewness_method_2_split_on_LAB_GLUC_ADJUSTED" time="0.00199999999995271"/>
    <testcase classname="ds.skewness_smk_method_2_split" name="simple_skewness_method_2_split_on_LAB_GLUC_ADJUSTED" time="0.00199999999995271"/>
    <testcase classname="ds.skewness_smk_method_2_split" name="simple_skewness_method_2_split_on_LAB_GLUC_ADJUSTED" time="0.00100000000020373"/>
    <testcase classname="ds.skewness_smk_method_2_split" name="simple_skewness_method_2_split_on_LAB_GLUC_ADJUSTED" time="0.00299999999970169"/>
    <testcase classname="ds.skewness_smk_method_2_split" name="simple_skewness_method_2_split_on_LAB_GLUC_ADJUSTED" time="0.00100000000020373"/>
    <testcase classname="ds.skewness_smk_method_2_split" name="simple_skewness_method_2_split_on_LAB_GLUC_ADJUSTED" time="0.00199999999995271"/>
    <testcase classname="ds.skewness_smk_method_2_split" name="simple_skewness_method_2_split_on_PM_BMI_CONTINUOUS" time="1.21599999999989"/>
    <testcase classname="ds.skewness_smk_method_2_split" name="simple_skewness_method_2_split_on_PM_BMI_CONTINUOUS" time="0.00300000000015643"/>
    <testcase classname="ds.skewness_smk_method_2_split" name="simple_skewness_method_2_split_on_PM_BMI_CONTINUOUS" time="0.000999999999748979"/>
    <testcase classname="ds.skewness_smk_method_2_split" name="simple_skewness_method_2_split_on_PM_BMI_CONTINUOUS" time="0.00199999999995271"/>
    <testcase classname="ds.skewness_smk_method_2_split" name="simple_skewness_method_2_split_on_PM_BMI_CONTINUOUS" time="0.00200000000040745"/>
    <testcase classname="ds.skewness_smk_method_2_split" name="simple_skewness_method_2_split_on_PM_BMI_CONTINUOUS" time="0.00199999999995271"/>
    <testcase classname="ds.skewness_smk_method_2_split" name="simple_skewness_method_2_split_on_PM_BMI_CONTINUOUS" time="0.00199999999995271"/>
    <testcase classname="ds.skewness_smk_method_2_split" name="simple_skewness_method_2_split_on_PM_BMI_CONTINUOUS" time="0.00299999999970169"/>
    <testcase classname="ds.skewness_smk_method_2_split" name="simple_skewness_method_2_split_on_PM_BMI_CONTINUOUS" time="0.00200000000040745"/>
    <testcase classname="ds.skewness_smk_method_2_split" name="simple_skewness_method_2_split_on_PM_BMI_CONTINUOUS" time="0.00199999999995271"/>
    <testcase classname="ds.skewness_smk_method_2_split" name="simple_skewness_method_2_split_on_PM_BMI_CONTINUOUS" time="0.00199999999995271"/>
    <testcase classname="ds.skewness_smk_method_2_split" name="simple_skewness_method_2_split_on_PM_BMI_CONTINUOUS" time="0.00199999999995271"/>
    <testcase classname="ds.skewness_smk_method_2_split" name="simple_skewness_method_2_split_on_PM_BMI_CONTINUOUS" time="0.00199999999995271"/>
    <testcase classname="ds.skewness_smk_method_2_split" name="simple_skewness_method_2_split_on_PM_BMI_CONTINUOUS" time="0.00199999999995271"/>
  </testsuite>
  <testsuite errors="0" failures="0" hostname="fv-az14" name="ds.skewness::smk::method 2::combine" skipped="0" tests="40" time="7.506" timestamp="2020-10-23T11:31:04Z">
    <testcase classname="ds.skewness_smk_method_2_combine" name="simple_skewness_combine_on_LAB_TSC" time="1.51000000000022"/>
    <testcase classname="ds.skewness_smk_method_2_combine" name="simple_skewness_combine_on_LAB_TSC" time="0.000999999999748979"/>
    <testcase classname="ds.skewness_smk_method_2_combine" name="simple_skewness_combine_on_LAB_TSC" time="0.00100000000020373"/>
    <testcase classname="ds.skewness_smk_method_2_combine" name="simple_skewness_combine_on_LAB_TSC" time="0.000999999999748979"/>
    <testcase classname="ds.skewness_smk_method_2_combine" name="simple_skewness_combine_on_LAB_TSC" time="0.00199999999995271"/>
    <testcase classname="ds.skewness_smk_method_2_combine" name="simple_skewness_combine_on_LAB_TSC" time="0.00100000000020373"/>
    <testcase classname="ds.skewness_smk_method_2_combine" name="simple_skewness_combine_on_LAB_TSC" time="0.000999999999748979"/>
    <testcase classname="ds.skewness_smk_method_2_combine" name="simple_skewness_combine_on_LAB_TSC" time="0.00100000000020373"/>
    <testcase classname="ds.skewness_smk_method_2_combine" name="simple_skewness_method_2_combine_on_LAB_TRIG" time="1.48399999999992"/>
    <testcase classname="ds.skewness_smk_method_2_combine" name="simple_skewness_method_2_combine_on_LAB_TRIG" time="0.00199999999995271"/>
    <testcase classname="ds.skewness_smk_method_2_combine" name="simple_skewness_method_2_combine_on_LAB_TRIG" time="0.00100000000020373"/>
    <testcase classname="ds.skewness_smk_method_2_combine" name="simple_skewness_method_2_combine_on_LAB_TRIG" time="0.000999999999748979"/>
    <testcase classname="ds.skewness_smk_method_2_combine" name="simple_skewness_method_2_combine_on_LAB_TRIG" time="0.00100000000020373"/>
    <testcase classname="ds.skewness_smk_method_2_combine" name="simple_skewness_method_2_combine_on_LAB_TRIG" time="0.00199999999995271"/>
    <testcase classname="ds.skewness_smk_method_2_combine" name="simple_skewness_method_2_combine_on_LAB_TRIG" time="0.00100000000020373"/>
    <testcase classname="ds.skewness_smk_method_2_combine" name="simple_skewness_method_2_combine_on_LAB_TRIG" time="0.000999999999748979"/>
    <testcase classname="ds.skewness_smk_method_2_combine" name="simple_skewness_method_2_combine_on_LAB_HDL" time="1.47299999999996"/>
    <testcase classname="ds.skewness_smk_method_2_combine" name="simple_skewness_method_2_combine_on_LAB_HDL" time="0.0100000000002183"/>
    <testcase classname="ds.skewness_smk_method_2_combine" name="simple_skewness_method_2_combine_on_LAB_HDL" time="0.000999999999748979"/>
    <testcase classname="ds.skewness_smk_method_2_combine" name="simple_skewness_method_2_combine_on_LAB_HDL" time="0.00199999999995271"/>
    <testcase classname="ds.skewness_smk_method_2_combine" name="simple_skewness_method_2_combine_on_LAB_HDL" time="0.00100000000020373"/>
    <testcase classname="ds.skewness_smk_method_2_combine" name="simple_skewness_method_2_combine_on_LAB_HDL" time="0.00100000000020373"/>
    <testcase classname="ds.skewness_smk_method_2_combine" name="simple_skewness_method_2_combine_on_LAB_HDL" time="0.000999999999748979"/>
    <testcase classname="ds.skewness_smk_method_2_combine" name="simple_skewness_method_2_combine_on_LAB_HDL" time="0.00199999999995271"/>
    <testcase classname="ds.skewness_smk_method_2_combine" name="simple_skewness_method_2_combine_on_LAB_GLUC_ADJUSTED" time="1.48500000000013"/>
    <testcase classname="ds.skewness_smk_method_2_combine" name="simple_skewness_method_2_combine_on_LAB_GLUC_ADJUSTED" time="0.00100000000020373"/>
    <testcase classname="ds.skewness_smk_method_2_combine" name="simple_skewness_method_2_combine_on_LAB_GLUC_ADJUSTED" time="0.00199999999995271"/>
    <testcase classname="ds.skewness_smk_method_2_combine" name="simple_skewness_method_2_combine_on_LAB_GLUC_ADJUSTED" time="0.00199999999995271"/>
    <testcase classname="ds.skewness_smk_method_2_combine" name="simple_skewness_method_2_combine_on_LAB_GLUC_ADJUSTED" time="0.00100000000020373"/>
    <testcase classname="ds.skewness_smk_method_2_combine" name="simple_skewness_method_2_combine_on_LAB_GLUC_ADJUSTED" time="0.00199999999995271"/>
    <testcase classname="ds.skewness_smk_method_2_combine" name="simple_skewness_method_2_combine_on_LAB_GLUC_ADJUSTED" time="0.000999999999748979"/>
    <testcase classname="ds.skewness_smk_method_2_combine" name="simple_skewness_method_2_combine_on_LAB_GLUC_ADJUSTED" time="0.00200000000040745"/>
    <testcase classname="ds.skewness_smk_method_2_combine" name="simple_skewness_method_2_combine_on_PM_BMI_CONTINUOUS" time="1.49599999999964"/>
    <testcase classname="ds.skewness_smk_method_2_combine" name="simple_skewness_method_2_combine_on_PM_BMI_CONTINUOUS" time="0.00199999999995271"/>
    <testcase classname="ds.skewness_smk_method_2_combine" name="simple_skewness_method_2_combine_on_PM_BMI_CONTINUOUS" time="0.00200000000040745"/>
    <testcase classname="ds.skewness_smk_method_2_combine" name="simple_skewness_method_2_combine_on_PM_BMI_CONTINUOUS" time="0.000999999999748979"/>
    <testcase classname="ds.skewness_smk_method_2_combine" name="simple_skewness_method_2_combine_on_PM_BMI_CONTINUOUS" time="0.00199999999995271"/>
    <testcase classname="ds.skewness_smk_method_2_combine" name="simple_skewness_method_2_combine_on_PM_BMI_CONTINUOUS" time="0.00100000000020373"/>
    <testcase classname="ds.skewness_smk_method_2_combine" name="simple_skewness_method_2_combine_on_PM_BMI_CONTINUOUS" time="0.00199999999995271"/>
    <testcase classname="ds.skewness_smk_method_2_combine" name="simple_skewness_method_2_combine_on_PM_BMI_CONTINUOUS" time="0.00199999999995271"/>
  </testsuite>
  <testsuite errors="0" failures="0" hostname="fv-az14" name="ds.skewness::smk::method 2::both" skipped="0" tests="110" time="9.01" timestamp="2020-10-23T11:31:11Z">
    <testcase classname="ds.skewness_smk_method_2_both" name="simple_skewness_both_on_LAB_TSC" time="1.76499999999987"/>
    <testcase classname="ds.skewness_smk_method_2_both" name="simple_skewness_both_on_LAB_TSC" time="0.00100000000020373"/>
    <testcase classname="ds.skewness_smk_method_2_both" name="simple_skewness_both_on_LAB_TSC" time="0.000999999999748979"/>
    <testcase classname="ds.skewness_smk_method_2_both" name="simple_skewness_both_on_LAB_TSC" time="0.00199999999995271"/>
    <testcase classname="ds.skewness_smk_method_2_both" name="simple_skewness_both_on_LAB_TSC" time="0.00100000000020373"/>
    <testcase classname="ds.skewness_smk_method_2_both" name="simple_skewness_both_on_LAB_TSC" time="0.00100000000020373"/>
    <testcase classname="ds.skewness_smk_method_2_both" name="simple_skewness_both_on_LAB_TSC" time="0.00199999999995271"/>
    <testcase classname="ds.skewness_smk_method_2_both" name="simple_skewness_both_on_LAB_TSC" time="0.000999999999748979"/>
    <testcase classname="ds.skewness_smk_method_2_both" name="simple_skewness_both_on_LAB_TSC" time="0.00100000000020373"/>
    <testcase classname="ds.skewness_smk_method_2_both" name="simple_skewness_both_on_LAB_TSC" time="0.000999999999748979"/>
    <testcase classname="ds.skewness_smk_method_2_both" name="simple_skewness_both_on_LAB_TSC" time="0.00100000000020373"/>
    <testcase classname="ds.skewness_smk_method_2_both" name="simple_skewness_both_on_LAB_TSC" time="0.00199999999995271"/>
    <testcase classname="ds.skewness_smk_method_2_both" name="simple_skewness_both_on_LAB_TSC" time="0.00100000000020373"/>
    <testcase classname="ds.skewness_smk_method_2_both" name="simple_skewness_both_on_LAB_TSC" time="0.000999999999748979"/>
    <testcase classname="ds.skewness_smk_method_2_both" name="simple_skewness_both_on_LAB_TSC" time="0.00199999999995271"/>
    <testcase classname="ds.skewness_smk_method_2_both" name="simple_skewness_both_on_LAB_TSC" time="0.00100000000020373"/>
    <testcase classname="ds.skewness_smk_method_2_both" name="simple_skewness_both_on_LAB_TSC" time="0.00199999999995271"/>
    <testcase classname="ds.skewness_smk_method_2_both" name="simple_skewness_both_on_LAB_TSC" time="0.000999999999748979"/>
    <testcase classname="ds.skewness_smk_method_2_both" name="simple_skewness_both_on_LAB_TSC" time="0.00100000000020373"/>
    <testcase classname="ds.skewness_smk_method_2_both" name="simple_skewness_both_on_LAB_TSC" time="0.00199999999995271"/>
    <testcase classname="ds.skewness_smk_method_2_both" name="simple_skewness_both_on_LAB_TSC" time="0.00100000000020373"/>
    <testcase classname="ds.skewness_smk_method_2_both" name="simple_skewness_both_on_LAB_TSC" time="0.000999999999748979"/>
    <testcase classname="ds.skewness_smk_method_2_both" name="simple_skewness_method_2_both_on_LAB_TRIG" time="1.76099999999997"/>
    <testcase classname="ds.skewness_smk_method_2_both" name="simple_skewness_method_2_both_on_LAB_TRIG" time="0.00100000000020373"/>
    <testcase classname="ds.skewness_smk_method_2_both" name="simple_skewness_method_2_both_on_LAB_TRIG" time="0.00199999999995271"/>
    <testcase classname="ds.skewness_smk_method_2_both" name="simple_skewness_method_2_both_on_LAB_TRIG" time="0.00199999999995271"/>
    <testcase classname="ds.skewness_smk_method_2_both" name="simple_skewness_method_2_both_on_LAB_TRIG" time="0.00100000000020373"/>
    <testcase classname="ds.skewness_smk_method_2_both" name="simple_skewness_method_2_both_on_LAB_TRIG" time="0.00199999999995271"/>
    <testcase classname="ds.skewness_smk_method_2_both" name="simple_skewness_method_2_both_on_LAB_TRIG" time="0.000999999999748979"/>
    <testcase classname="ds.skewness_smk_method_2_both" name="simple_skewness_method_2_both_on_LAB_TRIG" time="0.00199999999995271"/>
    <testcase classname="ds.skewness_smk_method_2_both" name="simple_skewness_method_2_both_on_LAB_TRIG" time="0.00100000000020373"/>
    <testcase classname="ds.skewness_smk_method_2_both" name="simple_skewness_method_2_both_on_LAB_TRIG" time="0.00199999999995271"/>
    <testcase classname="ds.skewness_smk_method_2_both" name="simple_skewness_method_2_both_on_LAB_TRIG" time="0.000999999999748979"/>
    <testcase classname="ds.skewness_smk_method_2_both" name="simple_skewness_method_2_both_on_LAB_TRIG" time="0.00200000000040745"/>
    <testcase classname="ds.skewness_smk_method_2_both" name="simple_skewness_method_2_both_on_LAB_TRIG" time="0.00199999999995271"/>
    <testcase classname="ds.skewness_smk_method_2_both" name="simple_skewness_method_2_both_on_LAB_TRIG" time="0.000999999999748979"/>
    <testcase classname="ds.skewness_smk_method_2_both" name="simple_skewness_method_2_both_on_LAB_TRIG" time="0.00199999999995271"/>
    <testcase classname="ds.skewness_smk_method_2_both" name="simple_skewness_method_2_both_on_LAB_TRIG" time="0.00199999999995271"/>
    <testcase classname="ds.skewness_smk_method_2_both" name="simple_skewness_method_2_both_on_LAB_TRIG" time="0.00200000000040745"/>
    <testcase classname="ds.skewness_smk_method_2_both" name="simple_skewness_method_2_both_on_LAB_TRIG" time="0.000999999999748979"/>
    <testcase classname="ds.skewness_smk_method_2_both" name="simple_skewness_method_2_both_on_LAB_TRIG" time="0.00199999999995271"/>
    <testcase classname="ds.skewness_smk_method_2_both" name="simple_skewness_method_2_both_on_LAB_TRIG" time="0.00199999999995271"/>
    <testcase classname="ds.skewness_smk_method_2_both" name="simple_skewness_method_2_both_on_LAB_TRIG" time="0.00100000000020373"/>
    <testcase classname="ds.skewness_smk_method_2_both" name="simple_skewness_method_2_both_on_LAB_TRIG" time="0.00199999999995271"/>
    <testcase classname="ds.skewness_smk_method_2_both" name="simple_skewness_method_2_both_on_LAB_HDL" time="1.76299999999992"/>
    <testcase classname="ds.skewness_smk_method_2_both" name="simple_skewness_method_2_both_on_LAB_HDL" time="0.00199999999995271"/>
    <testcase classname="ds.skewness_smk_method_2_both" name="simple_skewness_method_2_both_on_LAB_HDL" time="0.00199999999995271"/>
    <testcase classname="ds.skewness_smk_method_2_both" name="simple_skewness_method_2_both_on_LAB_HDL" time="0.00100000000020373"/>
    <testcase classname="ds.skewness_smk_method_2_both" name="simple_skewness_method_2_both_on_LAB_HDL" time="0.00300000000015643"/>
    <testcase classname="ds.skewness_smk_method_2_both" name="simple_skewness_method_2_both_on_LAB_HDL" time="0.000999999999748979"/>
    <testcase classname="ds.skewness_smk_method_2_both" name="simple_skewness_method_2_both_on_LAB_HDL" time="0.00199999999995271"/>
    <testcase classname="ds.skewness_smk_method_2_both" name="simple_skewness_method_2_both_on_LAB_HDL" time="0.00199999999995271"/>
    <testcase classname="ds.skewness_smk_method_2_both" name="simple_skewness_method_2_both_on_LAB_HDL" time="0.00199999999995271"/>
    <testcase classname="ds.skewness_smk_method_2_both" name="simple_skewness_method_2_both_on_LAB_HDL" time="0.00200000000040745"/>
    <testcase classname="ds.skewness_smk_method_2_both" name="simple_skewness_method_2_both_on_LAB_HDL" time="0.00199999999995271"/>
    <testcase classname="ds.skewness_smk_method_2_both" name="simple_skewness_method_2_both_on_LAB_HDL" time="0.000999999999748979"/>
    <testcase classname="ds.skewness_smk_method_2_both" name="simple_skewness_method_2_both_on_LAB_HDL" time="0.00300000000015643"/>
    <testcase classname="ds.skewness_smk_method_2_both" name="simple_skewness_method_2_both_on_LAB_HDL" time="0.00199999999995271"/>
    <testcase classname="ds.skewness_smk_method_2_both" name="simple_skewness_method_2_both_on_LAB_HDL" time="0.00100000000020373"/>
    <testcase classname="ds.skewness_smk_method_2_both" name="simple_skewness_method_2_both_on_LAB_HDL" time="0.00100000000020373"/>
    <testcase classname="ds.skewness_smk_method_2_both" name="simple_skewness_method_2_both_on_LAB_HDL" time="0.00199999999995271"/>
    <testcase classname="ds.skewness_smk_method_2_both" name="simple_skewness_method_2_both_on_LAB_HDL" time="0.00199999999995271"/>
    <testcase classname="ds.skewness_smk_method_2_both" name="simple_skewness_method_2_both_on_LAB_HDL" time="0.00199999999995271"/>
    <testcase classname="ds.skewness_smk_method_2_both" name="simple_skewness_method_2_both_on_LAB_HDL" time="0.00199999999995271"/>
    <testcase classname="ds.skewness_smk_method_2_both" name="simple_skewness_method_2_both_on_LAB_HDL" time="0.00199999999995271"/>
    <testcase classname="ds.skewness_smk_method_2_both" name="simple_skewness_method_2_both_on_LAB_HDL" time="0.00199999999995271"/>
    <testcase classname="ds.skewness_smk_method_2_both" name="simple_skewness_method_2_both_on_LAB_GLUC_ADJUSTED" time="1.76099999999997"/>
    <testcase classname="ds.skewness_smk_method_2_both" name="simple_skewness_method_2_both_on_LAB_GLUC_ADJUSTED" time="0.00300000000015643"/>
    <testcase classname="ds.skewness_smk_method_2_both" name="simple_skewness_method_2_both_on_LAB_GLUC_ADJUSTED" time="0.00199999999995271"/>
    <testcase classname="ds.skewness_smk_method_2_both" name="simple_skewness_method_2_both_on_LAB_GLUC_ADJUSTED" time="0.00199999999995271"/>
    <testcase classname="ds.skewness_smk_method_2_both" name="simple_skewness_method_2_both_on_LAB_GLUC_ADJUSTED" time="0.00199999999995271"/>
    <testcase classname="ds.skewness_smk_method_2_both" name="simple_skewness_method_2_both_on_LAB_GLUC_ADJUSTED" time="0.00199999999995271"/>
    <testcase classname="ds.skewness_smk_method_2_both" name="simple_skewness_method_2_both_on_LAB_GLUC_ADJUSTED" time="0.00199999999995271"/>
    <testcase classname="ds.skewness_smk_method_2_both" name="simple_skewness_method_2_both_on_LAB_GLUC_ADJUSTED" time="0.00200000000040745"/>
    <testcase classname="ds.skewness_smk_method_2_both" name="simple_skewness_method_2_both_on_LAB_GLUC_ADJUSTED" time="0.00199999999995271"/>
    <testcase classname="ds.skewness_smk_method_2_both" name="simple_skewness_method_2_both_on_LAB_GLUC_ADJUSTED" time="0.00299999999970169"/>
    <testcase classname="ds.skewness_smk_method_2_both" name="simple_skewness_method_2_both_on_LAB_GLUC_ADJUSTED" time="0.00199999999995271"/>
    <testcase classname="ds.skewness_smk_method_2_both" name="simple_skewness_method_2_both_on_LAB_GLUC_ADJUSTED" time="0.00200000000040745"/>
    <testcase classname="ds.skewness_smk_method_2_both" name="simple_skewness_method_2_both_on_LAB_GLUC_ADJUSTED" time="0.00199999999995271"/>
    <testcase classname="ds.skewness_smk_method_2_both" name="simple_skewness_method_2_both_on_LAB_GLUC_ADJUSTED" time="0.00199999999995271"/>
    <testcase classname="ds.skewness_smk_method_2_both" name="simple_skewness_method_2_both_on_LAB_GLUC_ADJUSTED" time="0.00199999999995271"/>
    <testcase classname="ds.skewness_smk_method_2_both" name="simple_skewness_method_2_both_on_LAB_GLUC_ADJUSTED" time="0.00199999999995271"/>
    <testcase classname="ds.skewness_smk_method_2_both" name="simple_skewness_method_2_both_on_LAB_GLUC_ADJUSTED" time="0.00199999999995271"/>
    <testcase classname="ds.skewness_smk_method_2_both" name="simple_skewness_method_2_both_on_LAB_GLUC_ADJUSTED" time="0.00199999999995271"/>
    <testcase classname="ds.skewness_smk_method_2_both" name="simple_skewness_method_2_both_on_LAB_GLUC_ADJUSTED" time="0.00199999999995271"/>
    <testcase classname="ds.skewness_smk_method_2_both" name="simple_skewness_method_2_both_on_LAB_GLUC_ADJUSTED" time="0.00199999999995271"/>
    <testcase classname="ds.skewness_smk_method_2_both" name="simple_skewness_method_2_both_on_LAB_GLUC_ADJUSTED" time="0.00199999999995271"/>
    <testcase classname="ds.skewness_smk_method_2_both" name="simple_skewness_method_2_both_on_LAB_GLUC_ADJUSTED" time="0.00300000000015643"/>
    <testcase classname="ds.skewness_smk_method_2_both" name="simple_skewness_method_2_both_on_PM_BMI_CONTINUOUS" time="1.76700000000028"/>
    <testcase classname="ds.skewness_smk_method_2_both" name="simple_skewness_method_2_both_on_PM_BMI_CONTINUOUS" time="0.00299999999970169"/>
    <testcase classname="ds.skewness_smk_method_2_both" name="simple_skewness_method_2_both_on_PM_BMI_CONTINUOUS" time="0.00199999999995271"/>
    <testcase classname="ds.skewness_smk_method_2_both" name="simple_skewness_method_2_both_on_PM_BMI_CONTINUOUS" time="0.00199999999995271"/>
    <testcase classname="ds.skewness_smk_method_2_both" name="simple_skewness_method_2_both_on_PM_BMI_CONTINUOUS" time="0.00199999999995271"/>
    <testcase classname="ds.skewness_smk_method_2_both" name="simple_skewness_method_2_both_on_PM_BMI_CONTINUOUS" time="0.00200000000040745"/>
    <testcase classname="ds.skewness_smk_method_2_both" name="simple_skewness_method_2_both_on_PM_BMI_CONTINUOUS" time="0.00299999999970169"/>
    <testcase classname="ds.skewness_smk_method_2_both" name="simple_skewness_method_2_both_on_PM_BMI_CONTINUOUS" time="0.00199999999995271"/>
    <testcase classname="ds.skewness_smk_method_2_both" name="simple_skewness_method_2_both_on_PM_BMI_CONTINUOUS" time="0.00300000000015643"/>
    <testcase classname="ds.skewness_smk_method_2_both" name="simple_skewness_method_2_both_on_PM_BMI_CONTINUOUS" time="0.00199999999995271"/>
    <testcase classname="ds.skewness_smk_method_2_both" name="simple_skewness_method_2_both_on_PM_BMI_CONTINUOUS" time="0.00199999999995271"/>
    <testcase classname="ds.skewness_smk_method_2_both" name="simple_skewness_method_2_both_on_PM_BMI_CONTINUOUS" time="0.00199999999995271"/>
    <testcase classname="ds.skewness_smk_method_2_both" name="simple_skewness_method_2_both_on_PM_BMI_CONTINUOUS" time="0.00300000000015643"/>
    <testcase classname="ds.skewness_smk_method_2_both" name="simple_skewness_method_2_both_on_PM_BMI_CONTINUOUS" time="0.00199999999995271"/>
    <testcase classname="ds.skewness_smk_method_2_both" name="simple_skewness_method_2_both_on_PM_BMI_CONTINUOUS" time="0.00199999999995271"/>
    <testcase classname="ds.skewness_smk_method_2_both" name="simple_skewness_method_2_both_on_PM_BMI_CONTINUOUS" time="0.00300000000015643"/>
    <testcase classname="ds.skewness_smk_method_2_both" name="simple_skewness_method_2_both_on_PM_BMI_CONTINUOUS" time="0.00199999999995271"/>
    <testcase classname="ds.skewness_smk_method_2_both" name="simple_skewness_method_2_both_on_PM_BMI_CONTINUOUS" time="0.00199999999995271"/>
    <testcase classname="ds.skewness_smk_method_2_both" name="simple_skewness_method_2_both_on_PM_BMI_CONTINUOUS" time="0.00300000000015643"/>
    <testcase classname="ds.skewness_smk_method_2_both" name="simple_skewness_method_2_both_on_PM_BMI_CONTINUOUS" time="0.00199999999995271"/>
    <testcase classname="ds.skewness_smk_method_2_both" name="simple_skewness_method_2_both_on_PM_BMI_CONTINUOUS" time="0.00199999999995271"/>
    <testcase classname="ds.skewness_smk_method_2_both" name="simple_skewness_method_2_both_on_PM_BMI_CONTINUOUS" time="0.00199999999995271"/>
  </testsuite>
  <testsuite errors="0" failures="0" hostname="fv-az14" name="ds.skewness::smk::method 3::split" skipped="0" tests="70" time="6.238" timestamp="2020-10-23T11:31:20Z">
    <testcase classname="ds.skewness_smk_method_3_split" name="simple_skewness_method_3_split_on_LAB_TSC" time="1.22800000000007"/>
    <testcase classname="ds.skewness_smk_method_3_split" name="simple_skewness_method_3_split_on_LAB_TSC" time="0.00100000000020373"/>
    <testcase classname="ds.skewness_smk_method_3_split" name="simple_skewness_method_3_split_on_LAB_TSC" time="0.00100000000020373"/>
    <testcase classname="ds.skewness_smk_method_3_split" name="simple_skewness_method_3_split_on_LAB_TSC" time="0.000999999999748979"/>
    <testcase classname="ds.skewness_smk_method_3_split" name="simple_skewness_method_3_split_on_LAB_TSC" time="0.00100000000020373"/>
    <testcase classname="ds.skewness_smk_method_3_split" name="simple_skewness_method_3_split_on_LAB_TSC" time="0.000999999999748979"/>
    <testcase classname="ds.skewness_smk_method_3_split" name="simple_skewness_method_3_split_on_LAB_TSC" time="0.00100000000020373"/>
    <testcase classname="ds.skewness_smk_method_3_split" name="simple_skewness_method_3_split_on_LAB_TSC" time="0.000999999999748979"/>
    <testcase classname="ds.skewness_smk_method_3_split" name="simple_skewness_method_3_split_on_LAB_TSC" time="0.00199999999995271"/>
    <testcase classname="ds.skewness_smk_method_3_split" name="simple_skewness_method_3_split_on_LAB_TSC" time="0.00100000000020373"/>
    <testcase classname="ds.skewness_smk_method_3_split" name="simple_skewness_method_3_split_on_LAB_TSC" time="0.00100000000020373"/>
    <testcase classname="ds.skewness_smk_method_3_split" name="simple_skewness_method_3_split_on_LAB_TSC" time="0.00199999999995271"/>
    <testcase classname="ds.skewness_smk_method_3_split" name="simple_skewness_method_3_split_on_LAB_TSC" time="0.000999999999748979"/>
    <testcase classname="ds.skewness_smk_method_3_split" name="simple_skewness_method_3_split_on_LAB_TSC" time="0.00100000000020373"/>
    <testcase classname="ds.skewness_smk_method_3_split" name="simple_skewness_method_3_split_on_LAB_TRIG" time="1.22399999999971"/>
    <testcase classname="ds.skewness_smk_method_3_split" name="simple_skewness_method_3_split_on_LAB_TRIG" time="0.00199999999995271"/>
    <testcase classname="ds.skewness_smk_method_3_split" name="simple_skewness_method_3_split_on_LAB_TRIG" time="0.00100000000020373"/>
    <testcase classname="ds.skewness_smk_method_3_split" name="simple_skewness_method_3_split_on_LAB_TRIG" time="0.00100000000020373"/>
    <testcase classname="ds.skewness_smk_method_3_split" name="simple_skewness_method_3_split_on_LAB_TRIG" time="0.00199999999995271"/>
    <testcase classname="ds.skewness_smk_method_3_split" name="simple_skewness_method_3_split_on_LAB_TRIG" time="0.00199999999995271"/>
    <testcase classname="ds.skewness_smk_method_3_split" name="simple_skewness_method_3_split_on_LAB_TRIG" time="0.000999999999748979"/>
    <testcase classname="ds.skewness_smk_method_3_split" name="simple_skewness_method_3_split_on_LAB_TRIG" time="0.00100000000020373"/>
    <testcase classname="ds.skewness_smk_method_3_split" name="simple_skewness_method_3_split_on_LAB_TRIG" time="0.00199999999995271"/>
    <testcase classname="ds.skewness_smk_method_3_split" name="simple_skewness_method_3_split_on_LAB_TRIG" time="0.00100000000020373"/>
    <testcase classname="ds.skewness_smk_method_3_split" name="simple_skewness_method_3_split_on_LAB_TRIG" time="0.00199999999995271"/>
    <testcase classname="ds.skewness_smk_method_3_split" name="simple_skewness_method_3_split_on_LAB_TRIG" time="0.000999999999748979"/>
    <testcase classname="ds.skewness_smk_method_3_split" name="simple_skewness_method_3_split_on_LAB_TRIG" time="0.00199999999995271"/>
    <testcase classname="ds.skewness_smk_method_3_split" name="simple_skewness_method_3_split_on_LAB_TRIG" time="0.00100000000020373"/>
    <testcase classname="ds.skewness_smk_method_3_split" name="simple_skewness_method_3_split_on_LAB_HDL" time="1.22299999999996"/>
    <testcase classname="ds.skewness_smk_method_3_split" name="simple_skewness_method_3_split_on_LAB_HDL" time="0.00199999999995271"/>
    <testcase classname="ds.skewness_smk_method_3_split" name="simple_skewness_method_3_split_on_LAB_HDL" time="0.00199999999995271"/>
    <testcase classname="ds.skewness_smk_method_3_split" name="simple_skewness_method_3_split_on_LAB_HDL" time="0.00100000000020373"/>
    <testcase classname="ds.skewness_smk_method_3_split" name="simple_skewness_method_3_split_on_LAB_HDL" time="0.00199999999995271"/>
    <testcase classname="ds.skewness_smk_method_3_split" name="simple_skewness_method_3_split_on_LAB_HDL" time="0.00199999999995271"/>
    <testcase classname="ds.skewness_smk_method_3_split" name="simple_skewness_method_3_split_on_LAB_HDL" time="0.000999999999748979"/>
    <testcase classname="ds.skewness_smk_method_3_split" name="simple_skewness_method_3_split_on_LAB_HDL" time="0.00200000000040745"/>
    <testcase classname="ds.skewness_smk_method_3_split" name="simple_skewness_method_3_split_on_LAB_HDL" time="0.00199999999995271"/>
    <testcase classname="ds.skewness_smk_method_3_split" name="simple_skewness_method_3_split_on_LAB_HDL" time="0.00199999999995271"/>
    <testcase classname="ds.skewness_smk_method_3_split" name="simple_skewness_method_3_split_on_LAB_HDL" time="0.00199999999995271"/>
    <testcase classname="ds.skewness_smk_method_3_split" name="simple_skewness_method_3_split_on_LAB_HDL" time="0.000999999999748979"/>
    <testcase classname="ds.skewness_smk_method_3_split" name="simple_skewness_method_3_split_on_LAB_HDL" time="0.00200000000040745"/>
    <testcase classname="ds.skewness_smk_method_3_split" name="simple_skewness_method_3_split_on_LAB_HDL" time="0.00199999999995271"/>
    <testcase classname="ds.skewness_smk_method_3_split" name="simple_skewness_method_3_split_on_LAB_GLUC_ADJUSTED" time="1.22799999999961"/>
    <testcase classname="ds.skewness_smk_method_3_split" name="simple_skewness_method_3_split_on_LAB_GLUC_ADJUSTED" time="0.00200000000040745"/>
    <testcase classname="ds.skewness_smk_method_3_split" name="simple_skewness_method_3_split_on_LAB_GLUC_ADJUSTED" time="0.00299999999970169"/>
    <testcase classname="ds.skewness_smk_method_3_split" name="simple_skewness_method_3_split_on_LAB_GLUC_ADJUSTED" time="0.00199999999995271"/>
    <testcase classname="ds.skewness_smk_method_3_split" name="simple_skewness_method_3_split_on_LAB_GLUC_ADJUSTED" time="0.00100000000020373"/>
    <testcase classname="ds.skewness_smk_method_3_split" name="simple_skewness_method_3_split_on_LAB_GLUC_ADJUSTED" time="0.00199999999995271"/>
    <testcase classname="ds.skewness_smk_method_3_split" name="simple_skewness_method_3_split_on_LAB_GLUC_ADJUSTED" time="0.00199999999995271"/>
    <testcase classname="ds.skewness_smk_method_3_split" name="simple_skewness_method_3_split_on_LAB_GLUC_ADJUSTED" time="0.00199999999995271"/>
    <testcase classname="ds.skewness_smk_method_3_split" name="simple_skewness_method_3_split_on_LAB_GLUC_ADJUSTED" time="0.00199999999995271"/>
    <testcase classname="ds.skewness_smk_method_3_split" name="simple_skewness_method_3_split_on_LAB_GLUC_ADJUSTED" time="0.00199999999995271"/>
    <testcase classname="ds.skewness_smk_method_3_split" name="simple_skewness_method_3_split_on_LAB_GLUC_ADJUSTED" time="0.00100000000020373"/>
    <testcase classname="ds.skewness_smk_method_3_split" name="simple_skewness_method_3_split_on_LAB_GLUC_ADJUSTED" time="0.00199999999995271"/>
    <testcase classname="ds.skewness_smk_method_3_split" name="simple_skewness_method_3_split_on_LAB_GLUC_ADJUSTED" time="0.00199999999995271"/>
    <testcase classname="ds.skewness_smk_method_3_split" name="simple_skewness_method_3_split_on_LAB_GLUC_ADJUSTED" time="0.00199999999995271"/>
    <testcase classname="ds.skewness_smk_method_3_split" name="simple_skewness_method_3_split_on_PM_BMI_CONTINUOUS" time="1.22700000000032"/>
    <testcase classname="ds.skewness_smk_method_3_split" name="simple_skewness_method_3_split_on_PM_BMI_CONTINUOUS" time="0.000999999999748979"/>
    <testcase classname="ds.skewness_smk_method_3_split" name="simple_skewness_method_3_split_on_PM_BMI_CONTINUOUS" time="0.00199999999995271"/>
    <testcase classname="ds.skewness_smk_method_3_split" name="simple_skewness_method_3_split_on_PM_BMI_CONTINUOUS" time="0.00199999999995271"/>
    <testcase classname="ds.skewness_smk_method_3_split" name="simple_skewness_method_3_split_on_PM_BMI_CONTINUOUS" time="0.00199999999995271"/>
    <testcase classname="ds.skewness_smk_method_3_split" name="simple_skewness_method_3_split_on_PM_BMI_CONTINUOUS" time="0.00200000000040745"/>
    <testcase classname="ds.skewness_smk_method_3_split" name="simple_skewness_method_3_split_on_PM_BMI_CONTINUOUS" time="0.00199999999995271"/>
    <testcase classname="ds.skewness_smk_method_3_split" name="simple_skewness_method_3_split_on_PM_BMI_CONTINUOUS" time="0.00199999999995271"/>
    <testcase classname="ds.skewness_smk_method_3_split" name="simple_skewness_method_3_split_on_PM_BMI_CONTINUOUS" time="0.00199999999995271"/>
    <testcase classname="ds.skewness_smk_method_3_split" name="simple_skewness_method_3_split_on_PM_BMI_CONTINUOUS" time="0.00199999999995271"/>
    <testcase classname="ds.skewness_smk_method_3_split" name="simple_skewness_method_3_split_on_PM_BMI_CONTINUOUS" time="0.00199999999995271"/>
    <testcase classname="ds.skewness_smk_method_3_split" name="simple_skewness_method_3_split_on_PM_BMI_CONTINUOUS" time="0.00300000000015643"/>
    <testcase classname="ds.skewness_smk_method_3_split" name="simple_skewness_method_3_split_on_PM_BMI_CONTINUOUS" time="0.00199999999995271"/>
    <testcase classname="ds.skewness_smk_method_3_split" name="simple_skewness_method_3_split_on_PM_BMI_CONTINUOUS" time="0.00199999999995271"/>
  </testsuite>
  <testsuite errors="0" failures="0" hostname="fv-az14" name="ds.skewness::smk::method 3::combine" skipped="0" tests="40" time="7.489" timestamp="2020-10-23T11:31:26Z">
    <testcase classname="ds.skewness_smk_method_3_combine" name="simple_skewness_combine_on_LAB_TSC" time="1.4989999999998"/>
    <testcase classname="ds.skewness_smk_method_3_combine" name="simple_skewness_combine_on_LAB_TSC" time="0.00100000000020373"/>
    <testcase classname="ds.skewness_smk_method_3_combine" name="simple_skewness_combine_on_LAB_TSC" time="0.00199999999995271"/>
    <testcase classname="ds.skewness_smk_method_3_combine" name="simple_skewness_combine_on_LAB_TSC" time="0.00100000000020373"/>
    <testcase classname="ds.skewness_smk_method_3_combine" name="simple_skewness_combine_on_LAB_TSC" time="0.000999999999748979"/>
    <testcase classname="ds.skewness_smk_method_3_combine" name="simple_skewness_combine_on_LAB_TSC" time="0.00100000000020373"/>
    <testcase classname="ds.skewness_smk_method_3_combine" name="simple_skewness_combine_on_LAB_TSC" time="0.000999999999748979"/>
    <testcase classname="ds.skewness_smk_method_3_combine" name="simple_skewness_combine_on_LAB_TSC" time="0.00100000000020373"/>
    <testcase classname="ds.skewness_smk_method_3_combine" name="simple_skewness_method_3_combine_on_LAB_TRIG" time="1.4989999999998"/>
    <testcase classname="ds.skewness_smk_method_3_combine" name="simple_skewness_method_3_combine_on_LAB_TRIG" time="0.00100000000020373"/>
    <testcase classname="ds.skewness_smk_method_3_combine" name="simple_skewness_method_3_combine_on_LAB_TRIG" time="0.000999999999748979"/>
    <testcase classname="ds.skewness_smk_method_3_combine" name="simple_skewness_method_3_combine_on_LAB_TRIG" time="0.00100000000020373"/>
    <testcase classname="ds.skewness_smk_method_3_combine" name="simple_skewness_method_3_combine_on_LAB_TRIG" time="0.000999999999748979"/>
    <testcase classname="ds.skewness_smk_method_3_combine" name="simple_skewness_method_3_combine_on_LAB_TRIG" time="0.00200000000040745"/>
    <testcase classname="ds.skewness_smk_method_3_combine" name="simple_skewness_method_3_combine_on_LAB_TRIG" time="0.000999999999748979"/>
    <testcase classname="ds.skewness_smk_method_3_combine" name="simple_skewness_method_3_combine_on_LAB_TRIG" time="0.00100000000020373"/>
    <testcase classname="ds.skewness_smk_method_3_combine" name="simple_skewness_method_3_combine_on_LAB_HDL" time="1.48199999999997"/>
    <testcase classname="ds.skewness_smk_method_3_combine" name="simple_skewness_method_3_combine_on_LAB_HDL" time="0.000999999999748979"/>
    <testcase classname="ds.skewness_smk_method_3_combine" name="simple_skewness_method_3_combine_on_LAB_HDL" time="0.00199999999995271"/>
    <testcase classname="ds.skewness_smk_method_3_combine" name="simple_skewness_method_3_combine_on_LAB_HDL" time="0.00100000000020373"/>
    <testcase classname="ds.skewness_smk_method_3_combine" name="simple_skewness_method_3_combine_on_LAB_HDL" time="0.00199999999995271"/>
    <testcase classname="ds.skewness_smk_method_3_combine" name="simple_skewness_method_3_combine_on_LAB_HDL" time="0.00100000000020373"/>
    <testcase classname="ds.skewness_smk_method_3_combine" name="simple_skewness_method_3_combine_on_LAB_HDL" time="0.00199999999995271"/>
    <testcase classname="ds.skewness_smk_method_3_combine" name="simple_skewness_method_3_combine_on_LAB_HDL" time="0.000999999999748979"/>
    <testcase classname="ds.skewness_smk_method_3_combine" name="simple_skewness_method_3_combine_on_LAB_GLUC_ADJUSTED" time="1.48100000000022"/>
    <testcase classname="ds.skewness_smk_method_3_combine" name="simple_skewness_method_3_combine_on_LAB_GLUC_ADJUSTED" time="0.00199999999995271"/>
    <testcase classname="ds.skewness_smk_method_3_combine" name="simple_skewness_method_3_combine_on_LAB_GLUC_ADJUSTED" time="0.00999999999976353"/>
    <testcase classname="ds.skewness_smk_method_3_combine" name="simple_skewness_method_3_combine_on_LAB_GLUC_ADJUSTED" time="0.00100000000020373"/>
    <testcase classname="ds.skewness_smk_method_3_combine" name="simple_skewness_method_3_combine_on_LAB_GLUC_ADJUSTED" time="0.00199999999995271"/>
    <testcase classname="ds.skewness_smk_method_3_combine" name="simple_skewness_method_3_combine_on_LAB_GLUC_ADJUSTED" time="0.00100000000020373"/>
    <testcase classname="ds.skewness_smk_method_3_combine" name="simple_skewness_method_3_combine_on_LAB_GLUC_ADJUSTED" time="0.00199999999995271"/>
    <testcase classname="ds.skewness_smk_method_3_combine" name="simple_skewness_method_3_combine_on_LAB_GLUC_ADJUSTED" time="0.00199999999995271"/>
    <testcase classname="ds.skewness_smk_method_3_combine" name="simple_skewness_method_3_combine_on_PM_BMI_CONTINUOUS" time="1.471"/>
    <testcase classname="ds.skewness_smk_method_3_combine" name="simple_skewness_method_3_combine_on_PM_BMI_CONTINUOUS" time="0.00199999999995271"/>
    <testcase classname="ds.skewness_smk_method_3_combine" name="simple_skewness_method_3_combine_on_PM_BMI_CONTINUOUS" time="0.000999999999748979"/>
    <testcase classname="ds.skewness_smk_method_3_combine" name="simple_skewness_method_3_combine_on_PM_BMI_CONTINUOUS" time="0.00200000000040745"/>
    <testcase classname="ds.skewness_smk_method_3_combine" name="simple_skewness_method_3_combine_on_PM_BMI_CONTINUOUS" time="0.00199999999995271"/>
    <testcase classname="ds.skewness_smk_method_3_combine" name="simple_skewness_method_3_combine_on_PM_BMI_CONTINUOUS" time="0.000999999999748979"/>
    <testcase classname="ds.skewness_smk_method_3_combine" name="simple_skewness_method_3_combine_on_PM_BMI_CONTINUOUS" time="0.00199999999995271"/>
    <testcase classname="ds.skewness_smk_method_3_combine" name="simple_skewness_method_3_combine_on_PM_BMI_CONTINUOUS" time="0.00100000000020373"/>
  </testsuite>
  <testsuite errors="0" failures="0" hostname="fv-az14" name="ds.skewness::smk::method 3::both" skipped="0" tests="110" time="8.985" timestamp="2020-10-23T11:31:34Z">
    <testcase classname="ds.skewness_smk_method_3_both" name="simple_skewness_both_on_LAB_TSC" time="1.77799999999979"/>
    <testcase classname="ds.skewness_smk_method_3_both" name="simple_skewness_both_on_LAB_TSC" time="0.00100000000020373"/>
    <testcase classname="ds.skewness_smk_method_3_both" name="simple_skewness_both_on_LAB_TSC" time="0.000999999999748979"/>
    <testcase classname="ds.skewness_smk_method_3_both" name="simple_skewness_both_on_LAB_TSC" time="0.00100000000020373"/>
    <testcase classname="ds.skewness_smk_method_3_both" name="simple_skewness_both_on_LAB_TSC" time="0.00100000000020373"/>
    <testcase classname="ds.skewness_smk_method_3_both" name="simple_skewness_both_on_LAB_TSC" time="0.000999999999748979"/>
    <testcase classname="ds.skewness_smk_method_3_both" name="simple_skewness_both_on_LAB_TSC" time="0.00100000000020373"/>
    <testcase classname="ds.skewness_smk_method_3_both" name="simple_skewness_both_on_LAB_TSC" time="0.00199999999995271"/>
    <testcase classname="ds.skewness_smk_method_3_both" name="simple_skewness_both_on_LAB_TSC" time="0.00199999999995271"/>
    <testcase classname="ds.skewness_smk_method_3_both" name="simple_skewness_both_on_LAB_TSC" time="0.000999999999748979"/>
    <testcase classname="ds.skewness_smk_method_3_both" name="simple_skewness_both_on_LAB_TSC" time="0.00100000000020373"/>
    <testcase classname="ds.skewness_smk_method_3_both" name="simple_skewness_both_on_LAB_TSC" time="0.00100000000020373"/>
    <testcase classname="ds.skewness_smk_method_3_both" name="simple_skewness_both_on_LAB_TSC" time="0.00199999999995271"/>
    <testcase classname="ds.skewness_smk_method_3_both" name="simple_skewness_both_on_LAB_TSC" time="0.000999999999748979"/>
    <testcase classname="ds.skewness_smk_method_3_both" name="simple_skewness_both_on_LAB_TSC" time="0.00100000000020373"/>
    <testcase classname="ds.skewness_smk_method_3_both" name="simple_skewness_both_on_LAB_TSC" time="0.000999999999748979"/>
    <testcase classname="ds.skewness_smk_method_3_both" name="simple_skewness_both_on_LAB_TSC" time="0.00100000000020373"/>
    <testcase classname="ds.skewness_smk_method_3_both" name="simple_skewness_both_on_LAB_TSC" time="0.00199999999995271"/>
    <testcase classname="ds.skewness_smk_method_3_both" name="simple_skewness_both_on_LAB_TSC" time="0.000999999999748979"/>
    <testcase classname="ds.skewness_smk_method_3_both" name="simple_skewness_both_on_LAB_TSC" time="0.00100000000020373"/>
    <testcase classname="ds.skewness_smk_method_3_both" name="simple_skewness_both_on_LAB_TSC" time="0.00100000000020373"/>
    <testcase classname="ds.skewness_smk_method_3_both" name="simple_skewness_both_on_LAB_TSC" time="0.000999999999748979"/>
    <testcase classname="ds.skewness_smk_method_3_both" name="simple_skewness_method_3_both_on_LAB_TRIG" time="1.74900000000025"/>
    <testcase classname="ds.skewness_smk_method_3_both" name="simple_skewness_method_3_both_on_LAB_TRIG" time="0.000999999999748979"/>
    <testcase classname="ds.skewness_smk_method_3_both" name="simple_skewness_method_3_both_on_LAB_TRIG" time="0.00100000000020373"/>
    <testcase classname="ds.skewness_smk_method_3_both" name="simple_skewness_method_3_both_on_LAB_TRIG" time="0.00199999999995271"/>
    <testcase classname="ds.skewness_smk_method_3_both" name="simple_skewness_method_3_both_on_LAB_TRIG" time="0.000999999999748979"/>
    <testcase classname="ds.skewness_smk_method_3_both" name="simple_skewness_method_3_both_on_LAB_TRIG" time="0.00199999999995271"/>
    <testcase classname="ds.skewness_smk_method_3_both" name="simple_skewness_method_3_both_on_LAB_TRIG" time="0.00100000000020373"/>
    <testcase classname="ds.skewness_smk_method_3_both" name="simple_skewness_method_3_both_on_LAB_TRIG" time="0.00199999999995271"/>
    <testcase classname="ds.skewness_smk_method_3_both" name="simple_skewness_method_3_both_on_LAB_TRIG" time="0.00100000000020373"/>
    <testcase classname="ds.skewness_smk_method_3_both" name="simple_skewness_method_3_both_on_LAB_TRIG" time="0.00199999999995271"/>
    <testcase classname="ds.skewness_smk_method_3_both" name="simple_skewness_method_3_both_on_LAB_TRIG" time="0.00199999999995271"/>
    <testcase classname="ds.skewness_smk_method_3_both" name="simple_skewness_method_3_both_on_LAB_TRIG" time="0.000999999999748979"/>
    <testcase classname="ds.skewness_smk_method_3_both" name="simple_skewness_method_3_both_on_LAB_TRIG" time="0.00200000000040745"/>
    <testcase classname="ds.skewness_smk_method_3_both" name="simple_skewness_method_3_both_on_LAB_TRIG" time="0.000999999999748979"/>
    <testcase classname="ds.skewness_smk_method_3_both" name="simple_skewness_method_3_both_on_LAB_TRIG" time="0.00199999999995271"/>
    <testcase classname="ds.skewness_smk_method_3_both" name="simple_skewness_method_3_both_on_LAB_TRIG" time="0.00199999999995271"/>
    <testcase classname="ds.skewness_smk_method_3_both" name="simple_skewness_method_3_both_on_LAB_TRIG" time="0.00199999999995271"/>
    <testcase classname="ds.skewness_smk_method_3_both" name="simple_skewness_method_3_both_on_LAB_TRIG" time="0.00100000000020373"/>
    <testcase classname="ds.skewness_smk_method_3_both" name="simple_skewness_method_3_both_on_LAB_TRIG" time="0.00199999999995271"/>
    <testcase classname="ds.skewness_smk_method_3_both" name="simple_skewness_method_3_both_on_LAB_TRIG" time="0.00199999999995271"/>
    <testcase classname="ds.skewness_smk_method_3_both" name="simple_skewness_method_3_both_on_LAB_TRIG" time="0.00100000000020373"/>
    <testcase classname="ds.skewness_smk_method_3_both" name="simple_skewness_method_3_both_on_LAB_TRIG" time="0.00199999999995271"/>
    <testcase classname="ds.skewness_smk_method_3_both" name="simple_skewness_method_3_both_on_LAB_HDL" time="1.73999999999978"/>
    <testcase classname="ds.skewness_smk_method_3_both" name="simple_skewness_method_3_both_on_LAB_HDL" time="0.00199999999995271"/>
    <testcase classname="ds.skewness_smk_method_3_both" name="simple_skewness_method_3_both_on_LAB_HDL" time="0.00199999999995271"/>
    <testcase classname="ds.skewness_smk_method_3_both" name="simple_skewness_method_3_both_on_LAB_HDL" time="0.00100000000020373"/>
    <testcase classname="ds.skewness_smk_method_3_both" name="simple_skewness_method_3_both_on_LAB_HDL" time="0.00199999999995271"/>
    <testcase classname="ds.skewness_smk_method_3_both" name="simple_skewness_method_3_both_on_LAB_HDL" time="0.000999999999748979"/>
    <testcase classname="ds.skewness_smk_method_3_both" name="simple_skewness_method_3_both_on_LAB_HDL" time="0.00199999999995271"/>
    <testcase classname="ds.skewness_smk_method_3_both" name="simple_skewness_method_3_both_on_LAB_HDL" time="0.00199999999995271"/>
    <testcase classname="ds.skewness_smk_method_3_both" name="simple_skewness_method_3_both_on_LAB_HDL" time="0.00200000000040745"/>
    <testcase classname="ds.skewness_smk_method_3_both" name="simple_skewness_method_3_both_on_LAB_HDL" time="0.00199999999995271"/>
    <testcase classname="ds.skewness_smk_method_3_both" name="simple_skewness_method_3_both_on_LAB_HDL" time="0.00199999999995271"/>
    <testcase classname="ds.skewness_smk_method_3_both" name="simple_skewness_method_3_both_on_LAB_HDL" time="0.00199999999995271"/>
    <testcase classname="ds.skewness_smk_method_3_both" name="simple_skewness_method_3_both_on_LAB_HDL" time="0.00199999999995271"/>
    <testcase classname="ds.skewness_smk_method_3_both" name="simple_skewness_method_3_both_on_LAB_HDL" time="0.00199999999995271"/>
    <testcase classname="ds.skewness_smk_method_3_both" name="simple_skewness_method_3_both_on_LAB_HDL" time="0.00199999999995271"/>
    <testcase classname="ds.skewness_smk_method_3_both" name="simple_skewness_method_3_both_on_LAB_HDL" time="0.00199999999995271"/>
    <testcase classname="ds.skewness_smk_method_3_both" name="simple_skewness_method_3_both_on_LAB_HDL" time="0.00199999999995271"/>
    <testcase classname="ds.skewness_smk_method_3_both" name="simple_skewness_method_3_both_on_LAB_HDL" time="0.00199999999995271"/>
    <testcase classname="ds.skewness_smk_method_3_both" name="simple_skewness_method_3_both_on_LAB_HDL" time="0.00200000000040745"/>
    <testcase classname="ds.skewness_smk_method_3_both" name="simple_skewness_method_3_both_on_LAB_HDL" time="0.00199999999995271"/>
    <testcase classname="ds.skewness_smk_method_3_both" name="simple_skewness_method_3_both_on_LAB_HDL" time="0.00299999999970169"/>
    <testcase classname="ds.skewness_smk_method_3_both" name="simple_skewness_method_3_both_on_LAB_HDL" time="0.00199999999995271"/>
    <testcase classname="ds.skewness_smk_method_3_both" name="simple_skewness_method_3_both_on_LAB_GLUC_ADJUSTED" time="1.75700000000006"/>
    <testcase classname="ds.skewness_smk_method_3_both" name="simple_skewness_method_3_both_on_LAB_GLUC_ADJUSTED" time="0.00300000000015643"/>
    <testcase classname="ds.skewness_smk_method_3_both" name="simple_skewness_method_3_both_on_LAB_GLUC_ADJUSTED" time="0.00199999999995271"/>
    <testcase classname="ds.skewness_smk_method_3_both" name="simple_skewness_method_3_both_on_LAB_GLUC_ADJUSTED" time="0.0109999999999673"/>
    <testcase classname="ds.skewness_smk_method_3_both" name="simple_skewness_method_3_both_on_LAB_GLUC_ADJUSTED" time="0.00300000000015643"/>
    <testcase classname="ds.skewness_smk_method_3_both" name="simple_skewness_method_3_both_on_LAB_GLUC_ADJUSTED" time="0.00199999999995271"/>
    <testcase classname="ds.skewness_smk_method_3_both" name="simple_skewness_method_3_both_on_LAB_GLUC_ADJUSTED" time="0.00199999999995271"/>
    <testcase classname="ds.skewness_smk_method_3_both" name="simple_skewness_method_3_both_on_LAB_GLUC_ADJUSTED" time="0.00300000000015643"/>
    <testcase classname="ds.skewness_smk_method_3_both" name="simple_skewness_method_3_both_on_LAB_GLUC_ADJUSTED" time="0.00199999999995271"/>
    <testcase classname="ds.skewness_smk_method_3_both" name="simple_skewness_method_3_both_on_LAB_GLUC_ADJUSTED" time="0.00199999999995271"/>
    <testcase classname="ds.skewness_smk_method_3_both" name="simple_skewness_method_3_both_on_LAB_GLUC_ADJUSTED" time="0.00199999999995271"/>
    <testcase classname="ds.skewness_smk_method_3_both" name="simple_skewness_method_3_both_on_LAB_GLUC_ADJUSTED" time="0.00199999999995271"/>
    <testcase classname="ds.skewness_smk_method_3_both" name="simple_skewness_method_3_both_on_LAB_GLUC_ADJUSTED" time="0.00199999999995271"/>
    <testcase classname="ds.skewness_smk_method_3_both" name="simple_skewness_method_3_both_on_LAB_GLUC_ADJUSTED" time="0.00300000000015643"/>
    <testcase classname="ds.skewness_smk_method_3_both" name="simple_skewness_method_3_both_on_LAB_GLUC_ADJUSTED" time="0.00199999999995271"/>
    <testcase classname="ds.skewness_smk_method_3_both" name="simple_skewness_method_3_both_on_LAB_GLUC_ADJUSTED" time="0.00199999999995271"/>
    <testcase classname="ds.skewness_smk_method_3_both" name="simple_skewness_method_3_both_on_LAB_GLUC_ADJUSTED" time="0.00199999999995271"/>
    <testcase classname="ds.skewness_smk_method_3_both" name="simple_skewness_method_3_both_on_LAB_GLUC_ADJUSTED" time="0.00199999999995271"/>
    <testcase classname="ds.skewness_smk_method_3_both" name="simple_skewness_method_3_both_on_LAB_GLUC_ADJUSTED" time="0.00199999999995271"/>
    <testcase classname="ds.skewness_smk_method_3_both" name="simple_skewness_method_3_both_on_LAB_GLUC_ADJUSTED" time="0.00199999999995271"/>
    <testcase classname="ds.skewness_smk_method_3_both" name="simple_skewness_method_3_both_on_LAB_GLUC_ADJUSTED" time="0.00200000000040745"/>
    <testcase classname="ds.skewness_smk_method_3_both" name="simple_skewness_method_3_both_on_LAB_GLUC_ADJUSTED" time="0.00199999999995271"/>
    <testcase classname="ds.skewness_smk_method_3_both" name="simple_skewness_method_3_both_on_PM_BMI_CONTINUOUS" time="1.7529999999997"/>
    <testcase classname="ds.skewness_smk_method_3_both" name="simple_skewness_method_3_both_on_PM_BMI_CONTINUOUS" time="0.00300000000015643"/>
    <testcase classname="ds.skewness_smk_method_3_both" name="simple_skewness_method_3_both_on_PM_BMI_CONTINUOUS" time="0.00199999999995271"/>
    <testcase classname="ds.skewness_smk_method_3_both" name="simple_skewness_method_3_both_on_PM_BMI_CONTINUOUS" time="0.00300000000015643"/>
    <testcase classname="ds.skewness_smk_method_3_both" name="simple_skewness_method_3_both_on_PM_BMI_CONTINUOUS" time="0.00199999999995271"/>
    <testcase classname="ds.skewness_smk_method_3_both" name="simple_skewness_method_3_both_on_PM_BMI_CONTINUOUS" time="0.00199999999995271"/>
    <testcase classname="ds.skewness_smk_method_3_both" name="simple_skewness_method_3_both_on_PM_BMI_CONTINUOUS" time="0.00199999999995271"/>
    <testcase classname="ds.skewness_smk_method_3_both" name="simple_skewness_method_3_both_on_PM_BMI_CONTINUOUS" time="0.00199999999995271"/>
    <testcase classname="ds.skewness_smk_method_3_both" name="simple_skewness_method_3_both_on_PM_BMI_CONTINUOUS" time="0.00300000000015643"/>
    <testcase classname="ds.skewness_smk_method_3_both" name="simple_skewness_method_3_both_on_PM_BMI_CONTINUOUS" time="0.00199999999995271"/>
    <testcase classname="ds.skewness_smk_method_3_both" name="simple_skewness_method_3_both_on_PM_BMI_CONTINUOUS" time="0.00300000000015643"/>
    <testcase classname="ds.skewness_smk_method_3_both" name="simple_skewness_method_3_both_on_PM_BMI_CONTINUOUS" time="0.00199999999995271"/>
    <testcase classname="ds.skewness_smk_method_3_both" name="simple_skewness_method_3_both_on_PM_BMI_CONTINUOUS" time="0.00199999999995271"/>
    <testcase classname="ds.skewness_smk_method_3_both" name="simple_skewness_method_3_both_on_PM_BMI_CONTINUOUS" time="0.00299999999970169"/>
    <testcase classname="ds.skewness_smk_method_3_both" name="simple_skewness_method_3_both_on_PM_BMI_CONTINUOUS" time="0.00300000000015643"/>
    <testcase classname="ds.skewness_smk_method_3_both" name="simple_skewness_method_3_both_on_PM_BMI_CONTINUOUS" time="0.00199999999995271"/>
    <testcase classname="ds.skewness_smk_method_3_both" name="simple_skewness_method_3_both_on_PM_BMI_CONTINUOUS" time="0.00300000000015643"/>
    <testcase classname="ds.skewness_smk_method_3_both" name="simple_skewness_method_3_both_on_PM_BMI_CONTINUOUS" time="0.00199999999995271"/>
    <testcase classname="ds.skewness_smk_method_3_both" name="simple_skewness_method_3_both_on_PM_BMI_CONTINUOUS" time="0.00300000000015643"/>
    <testcase classname="ds.skewness_smk_method_3_both" name="simple_skewness_method_3_both_on_PM_BMI_CONTINUOUS" time="0.00299999999970169"/>
    <testcase classname="ds.skewness_smk_method_3_both" name="simple_skewness_method_3_both_on_PM_BMI_CONTINUOUS" time="0.00399999999990541"/>
    <testcase classname="ds.skewness_smk_method_3_both" name="simple_skewness_method_3_both_on_PM_BMI_CONTINUOUS" time="0.00300000000015643"/>
  </testsuite>
  <testsuite errors="0" failures="0" hostname="fv-az14" name="ds.skewness::smk::shutdown" skipped="0" tests="3" time="0.295" timestamp="2020-10-23T11:31:43Z">
    <testcase classname="ds.skewness_smk_shutdown" name="shutdown" time="0.29300000000012"/>
    <testcase classname="ds.skewness_smk_shutdown" name="shutdown" time="0.000999999999748979"/>
    <testcase classname="ds.skewness_smk_shutdown" name="shutdown" time="0.00100000000020373"/>
  </testsuite>
  <testsuite errors="0" failures="0" hostname="fv-az14" name="ds.skewness::smk::done" skipped="0" tests="0" time="0" timestamp="2020-10-23T11:31:44Z"/>
  <testsuite errors="0" failures="0" hostname="fv-az14" name="ds.sqrt::smk::setup" skipped="0" tests="3" time="5.328" timestamp="2020-10-23T11:31:44Z">
    <testcase classname="ds.sqrt_smk_setup" name="setup" time="5.32499999999982"/>
    <testcase classname="ds.sqrt_smk_setup" name="setup" time="0.00100000000020373"/>
    <testcase classname="ds.sqrt_smk_setup" name="setup" time="0.00199999999995271"/>
  </testsuite>
  <testsuite errors="0" failures="0" hostname="fv-az14" name="ds.sqrt::smk" skipped="0" tests="10" time="2.308" timestamp="2020-10-23T11:31:49Z">
    <testcase classname="ds.sqrt_smk" name="simple_c" time="1.48900000000003"/>
    <testcase classname="ds.sqrt_smk" name="simple_c" time="0.264000000000124"/>
    <testcase classname="ds.sqrt_smk" name="simple_c" time="0.000999999999748979"/>
    <testcase classname="ds.sqrt_smk" name="simple_c" time="0.00199999999995271"/>
    <testcase classname="ds.sqrt_smk" name="simple_c" time="0.00100000000020373"/>
    <testcase classname="ds.sqrt_smk" name="simple_c" time="0.000999999999748979"/>
    <testcase classname="ds.sqrt_smk" name="simple_c" time="0.546000000000276"/>
    <testcase classname="ds.sqrt_smk" name="simple_c" time="0.000999999999748979"/>
    <testcase classname="ds.sqrt_smk" name="simple_c" time="0.00100000000020373"/>
    <testcase classname="ds.sqrt_smk" name="simple_c" time="0.00199999999995271"/>
  </testsuite>
  <testsuite errors="0" failures="0" hostname="fv-az14" name="ds.sqrt::smk::shutdown" skipped="0" tests="3" time="0.283" timestamp="2020-10-23T11:31:51Z">
    <testcase classname="ds.sqrt_smk_shutdown" name="setup" time="0.2800000000002"/>
    <testcase classname="ds.sqrt_smk_shutdown" name="setup" time="0.00199999999995271"/>
    <testcase classname="ds.sqrt_smk_shutdown" name="setup" time="0.000999999999748979"/>
  </testsuite>
  <testsuite errors="0" failures="0" hostname="fv-az14" name="ds.sqrt::smk::done" skipped="0" tests="0" time="0" timestamp="2020-10-23T11:31:52Z"/>
  <testsuite errors="0" failures="0" hostname="fv-az14" name="ds.subsetByClass::smk::setup" skipped="0" tests="3" time="5.288" timestamp="2020-10-23T11:31:52Z">
    <testcase classname="ds.subsetByClass_smk_setup" name="setup" time="5.28600000000006"/>
    <testcase classname="ds.subsetByClass_smk_setup" name="setup" time="0.00100000000020373"/>
    <testcase classname="ds.subsetByClass_smk_setup" name="setup" time="0.000999999999748979"/>
  </testsuite>
  <testsuite errors="0" failures="0" hostname="fv-az14" name="ds.subsetByClass::smk" skipped="0" tests="22" time="9.263" timestamp="2020-10-23T11:31:56Z">
    <testcase classname="ds.subsetByClass_smk" name="gender_implicit" time="4.36300000000028"/>
    <testcase classname="ds.subsetByClass_smk" name="gender_implicit" time="0.269999999999982"/>
    <testcase classname="ds.subsetByClass_smk" name="gender_implicit" time="0.000999999999748979"/>
    <testcase classname="ds.subsetByClass_smk" name="gender_implicit" time="0.00100000000020373"/>
    <testcase classname="ds.subsetByClass_smk" name="gender_implicit" time="0.00199999999995271"/>
    <testcase classname="ds.subsetByClass_smk" name="gender_implicit" time="0.000999999999748979"/>
    <testcase classname="ds.subsetByClass_smk" name="gender_implicit" time="0.00100000000020373"/>
    <testcase classname="ds.subsetByClass_smk" name="gender_implicit" time="0.00100000000020373"/>
    <testcase classname="ds.subsetByClass_smk" name="gender_implicit" time="0.000999999999748979"/>
    <testcase classname="ds.subsetByClass_smk" name="gender_implicit" time="0.00100000000020373"/>
    <testcase classname="ds.subsetByClass_smk" name="gender_implicit" time="0.000999999999748979"/>
    <testcase classname="ds.subsetByClass_smk" name="gender_explicit" time="4.33400000000029"/>
    <testcase classname="ds.subsetByClass_smk" name="gender_explicit" time="0.273999999999887"/>
    <testcase classname="ds.subsetByClass_smk" name="gender_explicit" time="0.000999999999748979"/>
    <testcase classname="ds.subsetByClass_smk" name="gender_explicit" time="0.00199999999995271"/>
    <testcase classname="ds.subsetByClass_smk" name="gender_explicit" time="0.00100000000020373"/>
    <testcase classname="ds.subsetByClass_smk" name="gender_explicit" time="0.00100000000020373"/>
    <testcase classname="ds.subsetByClass_smk" name="gender_explicit" time="0.00199999999995271"/>
    <testcase classname="ds.subsetByClass_smk" name="gender_explicit" time="0.000999999999748979"/>
    <testcase classname="ds.subsetByClass_smk" name="gender_explicit" time="0.00199999999995271"/>
    <testcase classname="ds.subsetByClass_smk" name="gender_explicit" time="0.00100000000020373"/>
    <testcase classname="ds.subsetByClass_smk" name="gender_explicit" time="0.000999999999748979"/>
  </testsuite>
  <testsuite errors="0" failures="0" hostname="fv-az14" name="ds.subsetByClass::smk::shutdown" skipped="0" tests="3" time="0.28" timestamp="2020-10-23T11:32:06Z">
    <testcase classname="ds.subsetByClass_smk_shutdown" name="shutdown" time="0.278000000000247"/>
    <testcase classname="ds.subsetByClass_smk_shutdown" name="shutdown" time="0.000999999999748979"/>
    <testcase classname="ds.subsetByClass_smk_shutdown" name="shutdown" time="0.00100000000020373"/>
  </testsuite>
  <testsuite errors="0" failures="0" hostname="fv-az14" name="ds.subsetByClass::smk::done" skipped="0" tests="0" time="0" timestamp="2020-10-23T11:32:07Z"/>
  <testsuite errors="0" failures="0" hostname="fv-az14" name="ds.subset::smk::setup" skipped="0" tests="3" time="5.389" timestamp="2020-10-23T11:32:07Z">
    <testcase classname="ds.subset_smk_setup" name="setup" time="5.38599999999997"/>
    <testcase classname="ds.subset_smk_setup" name="setup" time="0.00100000000020373"/>
    <testcase classname="ds.subset_smk_setup" name="setup" time="0.00199999999995271"/>
  </testsuite>
  <testsuite errors="0" failures="0" hostname="fv-az14" name="ds.subset::smk::generate a subset of the assigned table (by default the table is named 'D') with the first 50 observations and the two first columns" skipped="0" tests="4" time="2.762" timestamp="2020-10-23T11:32:11Z">
    <testcase classname="ds.subset_smk_generate_a_subset_of_the_assigned_table_by_default_the_table_is_named_D_with_the_first_50_observations_and_the_two_first_columns" name="subD_exists" time="2.75900000000001"/>
    <testcase classname="ds.subset_smk_generate_a_subset_of_the_assigned_table_by_default_the_table_is_named_D_with_the_first_50_observations_and_the_two_first_columns" name="subD_exists" time="0.000999999999748979"/>
    <testcase classname="ds.subset_smk_generate_a_subset_of_the_assigned_table_by_default_the_table_is_named_D_with_the_first_50_observations_and_the_two_first_columns" name="subD_exists" time="0.00100000000020373"/>
    <testcase classname="ds.subset_smk_generate_a_subset_of_the_assigned_table_by_default_the_table_is_named_D_with_the_first_50_observations_and_the_two_first_columns" name="subD_exists" time="0.000999999999748979"/>
  </testsuite>
  <testsuite errors="0" failures="0" hostname="fv-az14" name="ds.subset::smk::generate a subset of the assigned table (by default the table is named 'D') with the first 50 observations and the two first columns refered to by their names" skipped="0" tests="4" time="2.671" timestamp="2020-10-23T11:32:14Z">
    <testcase classname="ds.subset_smk_generate_a_subset_of_the_assigned_table_by_default_the_table_is_named_D_with_the_first_50_observations_and_the_two_first_columns_refered_to_by_their_names" name="subD2_exists" time="2.66600000000017"/>
    <testcase classname="ds.subset_smk_generate_a_subset_of_the_assigned_table_by_default_the_table_is_named_D_with_the_first_50_observations_and_the_two_first_columns_refered_to_by_their_names" name="subD2_exists" time="0.00199999999995271"/>
    <testcase classname="ds.subset_smk_generate_a_subset_of_the_assigned_table_by_default_the_table_is_named_D_with_the_first_50_observations_and_the_two_first_columns_refered_to_by_their_names" name="subD2_exists" time="0.00199999999995271"/>
    <testcase classname="ds.subset_smk_generate_a_subset_of_the_assigned_table_by_default_the_table_is_named_D_with_the_first_50_observations_and_the_two_first_columns_refered_to_by_their_names" name="subD2_exists" time="0.00100000000020373"/>
  </testsuite>
  <testsuite errors="0" failures="0" hostname="fv-az14" name="ds.subset::smk::generate a subset of the table D with bmi values greater than or equal to 25." skipped="0" tests="4" time="1.497" timestamp="2020-10-23T11:32:17Z">
    <testcase classname="ds.subset_smk_generate_a_subset_of_the_table_D_with_bmi_values_greater_than_or_equal_to_25." name="subD3_exists" time="1.49299999999994"/>
    <testcase classname="ds.subset_smk_generate_a_subset_of_the_table_D_with_bmi_values_greater_than_or_equal_to_25." name="subD3_exists" time="0.000999999999748979"/>
    <testcase classname="ds.subset_smk_generate_a_subset_of_the_table_D_with_bmi_values_greater_than_or_equal_to_25." name="subD3_exists" time="0.00200000000040745"/>
    <testcase classname="ds.subset_smk_generate_a_subset_of_the_table_D_with_bmi_values_greater_than_or_equal_to_25." name="subD3_exists" time="0.000999999999748979"/>
  </testsuite>
  <testsuite errors="0" failures="0" hostname="fv-az14" name="ds.subset::smk::shutdown" skipped="0" tests="3" time="0.293" timestamp="2020-10-23T11:32:18Z">
    <testcase classname="ds.subset_smk_shutdown" name="shutdown" time="0.291000000000167"/>
    <testcase classname="ds.subset_smk_shutdown" name="shutdown" time="0.000999999999748979"/>
    <testcase classname="ds.subset_smk_shutdown" name="shutdown" time="0.00100000000020373"/>
  </testsuite>
  <testsuite errors="0" failures="0" hostname="fv-az14" name="ds.subset::smk::done" skipped="0" tests="0" time="0" timestamp="2020-10-23T11:32:19Z"/>
  <testsuite errors="0" failures="0" hostname="fv-az14" name="ds.summary::smk::setup" skipped="0" tests="3" time="5.432" timestamp="2020-10-23T11:32:19Z">
    <testcase classname="ds.summary_smk_setup" name="setup" time="5.42999999999984"/>
    <testcase classname="ds.summary_smk_setup" name="setup" time="0.00100000000020373"/>
    <testcase classname="ds.summary_smk_setup" name="setup" time="0.000999999999748979"/>
  </testsuite>
  <testsuite errors="0" failures="0" hostname="fv-az14" name="ds.summary::smk::summary of a numerical variable" skipped="0" tests="3" time="3.255" timestamp="2020-10-23T11:32:24Z">
    <testcase classname="ds.summary_smk_summary_of_a_numerical_variable" name="summary_numerical_variable" time="3.25199999999995"/>
    <testcase classname="ds.summary_smk_summary_of_a_numerical_variable" name="summary_numerical_variable" time="0.00199999999995271"/>
    <testcase classname="ds.summary_smk_summary_of_a_numerical_variable" name="summary_numerical_variable" time="0.00100000000020373"/>
  </testsuite>
  <testsuite errors="0" failures="0" hostname="fv-az14" name="ds.summary::smk::summary of a character variable" skipped="0" tests="2" time="3.188" timestamp="2020-10-23T11:32:27Z">
    <testcase classname="ds.summary_smk_summary_of_a_character_variable" name="summary_character_variable" time="3.1869999999999"/>
    <testcase classname="ds.summary_smk_summary_of_a_character_variable" name="summary_character_variable" time="0.00100000000020373"/>
  </testsuite>
  <testsuite errors="0" failures="0" hostname="fv-az14" name="ds.summary::smk::summary of a factor variable" skipped="0" tests="22" time="4.684" timestamp="2020-10-23T11:32:30Z">
    <testcase classname="ds.summary_smk_summary_of_a_factor_variable" name="summary_factor_variable" time="4.6579999999999"/>
    <testcase classname="ds.summary_smk_summary_of_a_factor_variable" name="summary_factor_variable" time="0.00100000000020373"/>
    <testcase classname="ds.summary_smk_summary_of_a_factor_variable" name="summary_factor_variable" time="0.000999999999748979"/>
    <testcase classname="ds.summary_smk_summary_of_a_factor_variable" name="summary_factor_variable" time="0.00199999999995271"/>
    <testcase classname="ds.summary_smk_summary_of_a_factor_variable" name="summary_factor_variable" time="0.00100000000020373"/>
    <testcase classname="ds.summary_smk_summary_of_a_factor_variable" name="summary_factor_variable" time="0.000999999999748979"/>
    <testcase classname="ds.summary_smk_summary_of_a_factor_variable" name="summary_factor_variable" time="0.00100000000020373"/>
    <testcase classname="ds.summary_smk_summary_of_a_factor_variable" name="summary_factor_variable" time="0.000999999999748979"/>
    <testcase classname="ds.summary_smk_summary_of_a_factor_variable" name="summary_factor_variable" time="0.00100000000020373"/>
    <testcase classname="ds.summary_smk_summary_of_a_factor_variable" name="summary_factor_variable" time="0.00100000000020373"/>
    <testcase classname="ds.summary_smk_summary_of_a_factor_variable" name="summary_factor_variable" time="0.000999999999748979"/>
    <testcase classname="ds.summary_smk_summary_of_a_factor_variable" name="summary_factor_variable" time="0.00100000000020373"/>
    <testcase classname="ds.summary_smk_summary_of_a_factor_variable" name="summary_factor_variable" time="0.00199999999995271"/>
    <testcase classname="ds.summary_smk_summary_of_a_factor_variable" name="summary_factor_variable" time="0.000999999999748979"/>
    <testcase classname="ds.summary_smk_summary_of_a_factor_variable" name="summary_factor_variable" time="0.00100000000020373"/>
    <testcase classname="ds.summary_smk_summary_of_a_factor_variable" name="summary_factor_variable" time="0.00199999999995271"/>
    <testcase classname="ds.summary_smk_summary_of_a_factor_variable" name="summary_factor_variable" time="0.00100000000020373"/>
    <testcase classname="ds.summary_smk_summary_of_a_factor_variable" name="summary_factor_variable" time="0.000999999999748979"/>
    <testcase classname="ds.summary_smk_summary_of_a_factor_variable" name="summary_factor_variable" time="0.00199999999995271"/>
    <testcase classname="ds.summary_smk_summary_of_a_factor_variable" name="summary_factor_variable" time="0.00100000000020373"/>
    <testcase classname="ds.summary_smk_summary_of_a_factor_variable" name="summary_factor_variable" time="0.00199999999995271"/>
    <testcase classname="ds.summary_smk_summary_of_a_factor_variable" name="summary_factor_variable" time="0.000999999999748979"/>
  </testsuite>
  <testsuite errors="0" failures="0" hostname="fv-az14" name="ds.summary::smk::summary of a list variable" skipped="0" tests="10" time="2.696" timestamp="2020-10-23T11:32:35Z">
    <testcase classname="ds.summary_smk_summary_of_a_list_variable" name="summary_list_variable" time="2.68600000000015"/>
    <testcase classname="ds.summary_smk_summary_of_a_list_variable" name="summary_list_variable" time="0.00100000000020373"/>
    <testcase classname="ds.summary_smk_summary_of_a_list_variable" name="summary_list_variable" time="0.000999999999748979"/>
    <testcase classname="ds.summary_smk_summary_of_a_list_variable" name="summary_list_variable" time="0.00199999999995271"/>
    <testcase classname="ds.summary_smk_summary_of_a_list_variable" name="summary_list_variable" time="0.00100000000020373"/>
    <testcase classname="ds.summary_smk_summary_of_a_list_variable" name="summary_list_variable" time="0.000999999999748979"/>
    <testcase classname="ds.summary_smk_summary_of_a_list_variable" name="summary_list_variable" time="0.00100000000020373"/>
    <testcase classname="ds.summary_smk_summary_of_a_list_variable" name="summary_list_variable" time="0.000999999999748979"/>
    <testcase classname="ds.summary_smk_summary_of_a_list_variable" name="summary_list_variable" time="0.00100000000020373"/>
    <testcase classname="ds.summary_smk_summary_of_a_list_variable" name="summary_list_variable" time="0.00100000000020373"/>
  </testsuite>
  <testsuite errors="0" failures="0" hostname="fv-az14" name="ds.summary::smk::summary of a data frame" skipped="0" tests="5" time="3.111" timestamp="2020-10-23T11:32:38Z">
    <testcase classname="ds.summary_smk_summary_of_a_data_frame" name="summary_data_frame" time="3.10599999999977"/>
    <testcase classname="ds.summary_smk_summary_of_a_data_frame" name="summary_data_frame" time="0.00100000000020373"/>
    <testcase classname="ds.summary_smk_summary_of_a_data_frame" name="summary_data_frame" time="0.000999999999748979"/>
    <testcase classname="ds.summary_smk_summary_of_a_data_frame" name="summary_data_frame" time="0.00199999999995271"/>
    <testcase classname="ds.summary_smk_summary_of_a_data_frame" name="summary_data_frame" time="0.00100000000020373"/>
  </testsuite>
  <testsuite errors="0" failures="0" hostname="fv-az14" name="ds.summary::smk::teardown" skipped="0" tests="3" time="0.277" timestamp="2020-10-23T11:32:41Z">
    <testcase classname="ds.summary_smk_teardown" name="shutdown" time="0.273999999999887"/>
    <testcase classname="ds.summary_smk_teardown" name="shutdown" time="0.00199999999995271"/>
    <testcase classname="ds.summary_smk_teardown" name="shutdown" time="0.00100000000020373"/>
  </testsuite>
  <testsuite errors="0" failures="0" hostname="fv-az14" name="ds.summary::smk::done" skipped="0" tests="0" time="0" timestamp="2020-10-23T11:32:42Z"/>
  <testsuite errors="0" failures="0" hostname="fv-az14" name="ds.table1D::smk::setup" skipped="0" tests="3" time="5.372" timestamp="2020-10-23T11:32:42Z">
    <testcase classname="ds.table1D_smk_setup" name="setup" time="5.36999999999989"/>
    <testcase classname="ds.table1D_smk_setup" name="setup" time="0.00100000000020373"/>
    <testcase classname="ds.table1D_smk_setup" name="setup" time="0.000999999999748979"/>
  </testsuite>
  <testsuite errors="0" failures="0" hostname="fv-az14" name="ds.table1D::smk::generate a one dimensional table, outputting combined contingency tables" skipped="0" tests="3" time="1.233" timestamp="2020-10-23T11:32:47Z">
    <testcase classname="ds.table1D_smk_generate_a_one_dimensional_table_outputting_combined_contingency_tables" name="GENDER_normal" time="1.23100000000022"/>
    <testcase classname="ds.table1D_smk_generate_a_one_dimensional_table_outputting_combined_contingency_tables" name="GENDER_normal" time="0.000999999999748979"/>
    <testcase classname="ds.table1D_smk_generate_a_one_dimensional_table_outputting_combined_contingency_tables" name="GENDER_normal" time="0.000999999999748979"/>
  </testsuite>
  <testsuite errors="0" failures="0" hostname="fv-az14" name="ds.table1D::smk::generate a one dimensional table, outputting combined contingency tables fail" skipped="0" tests="6" time="1.234" timestamp="2020-10-23T11:32:48Z">
    <testcase classname="ds.table1D_smk_generate_a_one_dimensional_table_outputting_combined_contingency_tables_fail" name="DIS_CVA_invalid" time="1.22800000000007"/>
    <testcase classname="ds.table1D_smk_generate_a_one_dimensional_table_outputting_combined_contingency_tables_fail" name="DIS_CVA_invalid" time="0.00100000000020373"/>
    <testcase classname="ds.table1D_smk_generate_a_one_dimensional_table_outputting_combined_contingency_tables_fail" name="DIS_CVA_invalid" time="0.00199999999995271"/>
    <testcase classname="ds.table1D_smk_generate_a_one_dimensional_table_outputting_combined_contingency_tables_fail" name="DIS_CVA_invalid" time="0.000999999999748979"/>
    <testcase classname="ds.table1D_smk_generate_a_one_dimensional_table_outputting_combined_contingency_tables_fail" name="DIS_CVA_invalid" time="0.00100000000020373"/>
    <testcase classname="ds.table1D_smk_generate_a_one_dimensional_table_outputting_combined_contingency_tables_fail" name="DIS_CVA_invalid" time="0.000999999999748979"/>
  </testsuite>
  <testsuite errors="0" failures="0" hostname="fv-az14" name="ds.table1D::smk::generate a one dimensional table, outputting combined contingency tables fail split" skipped="0" tests="6" time="1.25" timestamp="2020-10-23T11:32:49Z">
    <testcase classname="ds.table1D_smk_generate_a_one_dimensional_table_outputting_combined_contingency_tables_fail_split" name="DIS_CVA_invalid_split" time="1.24400000000014"/>
    <testcase classname="ds.table1D_smk_generate_a_one_dimensional_table_outputting_combined_contingency_tables_fail_split" name="DIS_CVA_invalid_split" time="0.00100000000020373"/>
    <testcase classname="ds.table1D_smk_generate_a_one_dimensional_table_outputting_combined_contingency_tables_fail_split" name="DIS_CVA_invalid_split" time="0.000999999999748979"/>
    <testcase classname="ds.table1D_smk_generate_a_one_dimensional_table_outputting_combined_contingency_tables_fail_split" name="DIS_CVA_invalid_split" time="0.00199999999995271"/>
    <testcase classname="ds.table1D_smk_generate_a_one_dimensional_table_outputting_combined_contingency_tables_fail_split" name="DIS_CVA_invalid_split" time="0.00100000000020373"/>
    <testcase classname="ds.table1D_smk_generate_a_one_dimensional_table_outputting_combined_contingency_tables_fail_split" name="DIS_CVA_invalid_split" time="0.000999999999748979"/>
  </testsuite>
  <testsuite errors="0" failures="0" hostname="fv-az14" name="ds.table1D::smk::generate a one dimensional table, outputting study specific contingency tables" skipped="0" tests="4" time="1.228" timestamp="2020-10-23T11:32:50Z">
    <testcase classname="ds.table1D_smk_generate_a_one_dimensional_table_outputting_study_specific_contingency_tables" name="GENDER_split" time="1.22400000000016"/>
    <testcase classname="ds.table1D_smk_generate_a_one_dimensional_table_outputting_study_specific_contingency_tables" name="GENDER_split" time="0.00199999999995271"/>
    <testcase classname="ds.table1D_smk_generate_a_one_dimensional_table_outputting_study_specific_contingency_tables" name="GENDER_split" time="0.00100000000020373"/>
    <testcase classname="ds.table1D_smk_generate_a_one_dimensional_table_outputting_study_specific_contingency_tables" name="GENDER_split" time="0.000999999999748979"/>
  </testsuite>
  <testsuite errors="0" failures="0" hostname="fv-az14" name="ds.table1D::smk::generate a one dimensional table, outputting study specific contingency tables for study 1 and 2" skipped="0" tests="4" time="0.975" timestamp="2020-10-23T11:32:52Z">
    <testcase classname="ds.table1D_smk_generate_a_one_dimensional_table_outputting_study_specific_contingency_tables_for_study_1_and_2" name="GENDER_split_12" time="0.972000000000207"/>
    <testcase classname="ds.table1D_smk_generate_a_one_dimensional_table_outputting_study_specific_contingency_tables_for_study_1_and_2" name="GENDER_split_12" time="0.000999999999748979"/>
    <testcase classname="ds.table1D_smk_generate_a_one_dimensional_table_outputting_study_specific_contingency_tables_for_study_1_and_2" name="GENDER_split_12" time="0.00100000000020373"/>
    <testcase classname="ds.table1D_smk_generate_a_one_dimensional_table_outputting_study_specific_contingency_tables_for_study_1_and_2" name="GENDER_split_12" time="0.000999999999748979"/>
  </testsuite>
  <testsuite errors="0" failures="0" hostname="fv-az14" name="ds.table1D::smk::generate a one dimensional table, outputting study specific and combined contingency tables" skipped="0" tests="3" time="1.238" timestamp="2020-10-23T11:32:53Z">
    <testcase classname="ds.table1D_smk_generate_a_one_dimensional_table_outputting_study_specific_and_combined_contingency_tables" name="GENDER_normal_2" time="1.23500000000013"/>
    <testcase classname="ds.table1D_smk_generate_a_one_dimensional_table_outputting_study_specific_and_combined_contingency_tables" name="GENDER_normal_2" time="0.00199999999995271"/>
    <testcase classname="ds.table1D_smk_generate_a_one_dimensional_table_outputting_study_specific_and_combined_contingency_tables" name="GENDER_normal_2" time="0.00100000000020373"/>
  </testsuite>
  <testsuite errors="0" failures="0" hostname="fv-az14" name="ds.table1D::smk::shutdown" skipped="0" tests="3" time="0.286" timestamp="2020-10-23T11:32:54Z">
    <testcase classname="ds.table1D_smk_shutdown" name="shutdown" time="0.282999999999902"/>
    <testcase classname="ds.table1D_smk_shutdown" name="shutdown" time="0.00100000000020373"/>
    <testcase classname="ds.table1D_smk_shutdown" name="shutdown" time="0.00199999999995271"/>
  </testsuite>
  <testsuite errors="0" failures="0" hostname="fv-az14" name="ds.table1D::smk::done" skipped="0" tests="0" time="0" timestamp="2020-10-23T11:32:55Z"/>
  <testsuite errors="0" failures="0" hostname="fv-az14" name="ds.table2D::smk::setup" skipped="0" tests="3" time="5.497" timestamp="2020-10-23T11:32:55Z">
    <testcase classname="ds.table2D_smk_setup" name="setup" time="5.49499999999989"/>
    <testcase classname="ds.table2D_smk_setup" name="setup" time="0.00100000000020373"/>
    <testcase classname="ds.table2D_smk_setup" name="setup" time="0.000999999999748979"/>
  </testsuite>
  <testsuite errors="0" failures="0" hostname="fv-az14" name="ds.table2D::smk" skipped="0" tests="22" time="1.01" timestamp="2020-10-23T11:33:00Z">
    <testcase classname="ds.table2D_smk" name="simple_table2D" time="0.98700000000008"/>
    <testcase classname="ds.table2D_smk" name="simple_table2D" time="0.000999999999748979"/>
    <testcase classname="ds.table2D_smk" name="simple_table2D" time="0.00100000000020373"/>
    <testcase classname="ds.table2D_smk" name="simple_table2D" time="0.00199999999995271"/>
    <testcase classname="ds.table2D_smk" name="simple_table2D" time="0"/>
    <testcase classname="ds.table2D_smk" name="simple_table2D" time="0"/>
    <testcase classname="ds.table2D_smk" name="simple_table2D" time="0.000999999999748979"/>
    <testcase classname="ds.table2D_smk" name="simple_table2D" time="0.00100000000020373"/>
    <testcase classname="ds.table2D_smk" name="simple_table2D" time="0.000999999999748979"/>
    <testcase classname="ds.table2D_smk" name="simple_table2D" time="0.00100000000020373"/>
    <testcase classname="ds.table2D_smk" name="simple_table2D" time="0.00199999999995271"/>
    <testcase classname="ds.table2D_smk" name="simple_table2D" time="0.00100000000020373"/>
    <testcase classname="ds.table2D_smk" name="simple_table2D" time="0.000999999999748979"/>
    <testcase classname="ds.table2D_smk" name="simple_table2D" time="0.00100000000020373"/>
    <testcase classname="ds.table2D_smk" name="simple_table2D" time="0.000999999999748979"/>
    <testcase classname="ds.table2D_smk" name="simple_table2D" time="0.00100000000020373"/>
    <testcase classname="ds.table2D_smk" name="simple_table2D" time="0.00199999999995271"/>
    <testcase classname="ds.table2D_smk" name="simple_table2D" time="0.000999999999748979"/>
    <testcase classname="ds.table2D_smk" name="simple_table2D" time="0.00100000000020373"/>
    <testcase classname="ds.table2D_smk" name="simple_table2D" time="0.000999999999748979"/>
    <testcase classname="ds.table2D_smk" name="simple_table2D" time="0.00100000000020373"/>
    <testcase classname="ds.table2D_smk" name="simple_table2D" time="0.00199999999995271"/>
  </testsuite>
  <testsuite errors="0" failures="0" hostname="fv-az14" name="ds.table2D::smk::shutdown" skipped="0" tests="3" time="0.28" timestamp="2020-10-23T11:33:01Z">
    <testcase classname="ds.table2D_smk_shutdown" name="shutdown" time="0.278000000000247"/>
    <testcase classname="ds.table2D_smk_shutdown" name="shutdown" time="0.000999999999748979"/>
    <testcase classname="ds.table2D_smk_shutdown" name="shutdown" time="0.00100000000020373"/>
  </testsuite>
  <testsuite errors="0" failures="0" hostname="fv-az14" name="ds.table2D::smk::done" skipped="0" tests="0" time="0" timestamp="2020-10-23T11:33:02Z"/>
  <testsuite errors="0" failures="0" hostname="fv-az14" name="ds.table::smk::setup" skipped="0" tests="3" time="5.544" timestamp="2020-10-23T11:33:02Z">
    <testcase classname="ds.table_smk_setup" name="setup" time="5.54099999999971"/>
    <testcase classname="ds.table_smk_setup" name="setup" time="0.00199999999995271"/>
    <testcase classname="ds.table_smk_setup" name="setup" time="0.00100000000020373"/>
  </testsuite>
  <testsuite errors="0" failures="0" hostname="fv-az14" name="ds.table::smk::dataframe setup" skipped="0" tests="3" time="6.894" timestamp="2020-10-23T11:33:06Z">
    <testcase classname="ds.table_smk_dataframe_setup" name="simple_table_2D" time="6.89199999999983"/>
    <testcase classname="ds.table_smk_dataframe_setup" name="simple_table_2D" time="0.00100000000020373"/>
    <testcase classname="ds.table_smk_dataframe_setup" name="simple_table_2D" time="0.000999999999748979"/>
  </testsuite>
  <testsuite errors="0" failures="0" hostname="fv-az14" name="ds.table::smk" skipped="0" tests="9" time="0.559" timestamp="2020-10-23T11:33:13Z">
    <testcase classname="ds.table_smk" name="simple_table_1D" time="0.549000000000433"/>
    <testcase classname="ds.table_smk" name="simple_table_1D" time="0.00199999999995271"/>
    <testcase classname="ds.table_smk" name="simple_table_1D" time="0.000999999999748979"/>
    <testcase classname="ds.table_smk" name="simple_table_1D" time="0.00100000000020373"/>
    <testcase classname="ds.table_smk" name="simple_table_1D" time="0.000999999999748979"/>
    <testcase classname="ds.table_smk" name="simple_table_1D" time="0.00100000000020373"/>
    <testcase classname="ds.table_smk" name="simple_table_1D" time="0.00199999999995271"/>
    <testcase classname="ds.table_smk" name="simple_table_1D" time="0.00100000000020373"/>
    <testcase classname="ds.table_smk" name="simple_table_1D" time="0.000999999999748979"/>
  </testsuite>
  <testsuite errors="0" failures="0" hostname="fv-az14" name="ds.table::smk" skipped="0" tests="16" time="0.849" timestamp="2020-10-23T11:33:14Z">
    <testcase classname="ds.table_smk" name="simple_table_2D" time="0.829999999999927"/>
    <testcase classname="ds.table_smk" name="simple_table_2D" time="0.00100000000020373"/>
    <testcase classname="ds.table_smk" name="simple_table_2D" time="0.00199999999995271"/>
    <testcase classname="ds.table_smk" name="simple_table_2D" time="0.000999999999748979"/>
    <testcase classname="ds.table_smk" name="simple_table_2D" time="0.00100000000020373"/>
    <testcase classname="ds.table_smk" name="simple_table_2D" time="0.00100000000020373"/>
    <testcase classname="ds.table_smk" name="simple_table_2D" time="0.00199999999995271"/>
    <testcase classname="ds.table_smk" name="simple_table_2D" time="0.000999999999748979"/>
    <testcase classname="ds.table_smk" name="simple_table_2D" time="0.00100000000020373"/>
    <testcase classname="ds.table_smk" name="simple_table_2D" time="0.000999999999748979"/>
    <testcase classname="ds.table_smk" name="simple_table_2D" time="0.00199999999995271"/>
    <testcase classname="ds.table_smk" name="simple_table_2D" time="0.00100000000020373"/>
    <testcase classname="ds.table_smk" name="simple_table_2D" time="0.000999999999748979"/>
    <testcase classname="ds.table_smk" name="simple_table_2D" time="0.00200000000040745"/>
    <testcase classname="ds.table_smk" name="simple_table_2D" time="0.000999999999748979"/>
    <testcase classname="ds.table_smk" name="simple_table_2D" time="0.00100000000020373"/>
  </testsuite>
  <testsuite errors="0" failures="0" hostname="fv-az14" name="ds.table::smk" skipped="0" tests="39" time="6.825" timestamp="2020-10-23T11:33:15Z">
    <testcase classname="ds.table_smk" name="simple_table_3D" time="1.11299999999983"/>
    <testcase classname="ds.table_smk" name="simple_table_3D" time="0.00100000000020373"/>
    <testcase classname="ds.table_smk" name="simple_table_3D" time="0.000999999999748979"/>
    <testcase classname="ds.table_smk" name="simple_table_3D" time="0.00100000000020373"/>
    <testcase classname="ds.table_smk" name="simple_table_3D" time="0.000999999999748979"/>
    <testcase classname="ds.table_smk" name="simple_table_3D" time="0.00100000000020373"/>
    <testcase classname="ds.table_smk" name="simple_table_3D" time="0.000999999999748979"/>
    <testcase classname="ds.table_smk" name="simple_table_3D" time="0.00199999999995271"/>
    <testcase classname="ds.table_smk" name="simple_table_3D" time="0.00100000000020373"/>
    <testcase classname="ds.table_smk" name="simple_table_1D_with_assign" time="0.804000000000087"/>
    <testcase classname="ds.table_smk" name="simple_table_1D_with_assign" time="0.264000000000124"/>
    <testcase classname="ds.table_smk" name="simple_table_1D_with_assign" time="0.00199999999995271"/>
    <testcase classname="ds.table_smk" name="simple_table_1D_with_assign" time="0.00100000000020373"/>
    <testcase classname="ds.table_smk" name="simple_table_1D_with_assign" time="0.00199999999995271"/>
    <testcase classname="ds.table_smk" name="simple_table_1D_with_assign" time="0.000999999999748979"/>
    <testcase classname="ds.table_smk" name="simple_table_1D_with_assign" time="0.534000000000106"/>
    <testcase classname="ds.table_smk" name="simple_table_1D_with_assign" time="0.00199999999995271"/>
    <testcase classname="ds.table_smk" name="simple_table_1D_with_assign" time="0.00100000000020373"/>
    <testcase classname="ds.table_smk" name="simple_table_1D_with_assign" time="0.00199999999995271"/>
    <testcase classname="ds.table_smk" name="simple_table_2D_with_assign" time="1.07999999999993"/>
    <testcase classname="ds.table_smk" name="simple_table_2D_with_assign" time="0.268000000000029"/>
    <testcase classname="ds.table_smk" name="simple_table_2D_with_assign" time="0.00199999999995271"/>
    <testcase classname="ds.table_smk" name="simple_table_2D_with_assign" time="0.00100000000020373"/>
    <testcase classname="ds.table_smk" name="simple_table_2D_with_assign" time="0.00199999999995271"/>
    <testcase classname="ds.table_smk" name="simple_table_2D_with_assign" time="0.000999999999748979"/>
    <testcase classname="ds.table_smk" name="simple_table_2D_with_assign" time="0.537000000000262"/>
    <testcase classname="ds.table_smk" name="simple_table_2D_with_assign" time="0.00199999999995271"/>
    <testcase classname="ds.table_smk" name="simple_table_2D_with_assign" time="0.00199999999995271"/>
    <testcase classname="ds.table_smk" name="simple_table_2D_with_assign" time="0.00100000000020373"/>
    <testcase classname="ds.table_smk" name="simple_table_3D_with_assign" time="1.3739999999998"/>
    <testcase classname="ds.table_smk" name="simple_table_3D_with_assign" time="0.269999999999982"/>
    <testcase classname="ds.table_smk" name="simple_table_3D_with_assign" time="0.00199999999995271"/>
    <testcase classname="ds.table_smk" name="simple_table_3D_with_assign" time="0.00199999999995271"/>
    <testcase classname="ds.table_smk" name="simple_table_3D_with_assign" time="0.00100000000020373"/>
    <testcase classname="ds.table_smk" name="simple_table_3D_with_assign" time="0.00199999999995271"/>
    <testcase classname="ds.table_smk" name="simple_table_3D_with_assign" time="0.538000000000011"/>
    <testcase classname="ds.table_smk" name="simple_table_3D_with_assign" time="0.00199999999995271"/>
    <testcase classname="ds.table_smk" name="simple_table_3D_with_assign" time="0.00199999999995271"/>
    <testcase classname="ds.table_smk" name="simple_table_3D_with_assign" time="0.00100000000020373"/>
  </testsuite>
  <testsuite errors="0" failures="0" hostname="fv-az14" name="ds.table::smk::shutdown" skipped="0" tests="3" time="0.282" timestamp="2020-10-23T11:33:22Z">
    <testcase classname="ds.table_smk_shutdown" name="shutdown" time="0.279999999999745"/>
    <testcase classname="ds.table_smk_shutdown" name="shutdown" time="0.00100000000020373"/>
    <testcase classname="ds.table_smk_shutdown" name="shutdown" time="0.000999999999748979"/>
  </testsuite>
  <testsuite errors="0" failures="0" hostname="fv-az14" name="ds.table::smk::done" skipped="0" tests="0" time="0" timestamp="2020-10-23T11:33:22Z"/>
  <testsuite errors="0" failures="0" hostname="fv-az14" name="ds.tapply.assign::smk::setup" skipped="0" tests="3" time="5.39" timestamp="2020-10-23T11:33:23Z">
    <testcase classname="ds.tapply.assign_smk_setup" name="setup" time="5.38799999999992"/>
    <testcase classname="ds.tapply.assign_smk_setup" name="setup" time="0.00100000000020373"/>
    <testcase classname="ds.tapply.assign_smk_setup" name="setup" time="0.00100000000020373"/>
  </testsuite>
  <testsuite errors="0" failures="0" hostname="fv-az14" name="ds.tapply.assign::smk::fun=mean" skipped="0" tests="8" time="2.145" timestamp="2020-10-23T11:33:28Z">
    <testcase classname="ds.tapply.assign_smk_fun_mean" name="simplest_ds.tapply.assign_fun_mean" time="1.86799999999994"/>
    <testcase classname="ds.tapply.assign_smk_fun_mean" name="simplest_ds.tapply.assign_fun_mean" time="0.000999999999748979"/>
    <testcase classname="ds.tapply.assign_smk_fun_mean" name="simplest_ds.tapply.assign_fun_mean" time="0.00100000000020373"/>
    <testcase classname="ds.tapply.assign_smk_fun_mean" name="simplest_ds.tapply.assign_fun_mean" time="0.269999999999982"/>
    <testcase classname="ds.tapply.assign_smk_fun_mean" name="simplest_ds.tapply.assign_fun_mean" time="0.00199999999995271"/>
    <testcase classname="ds.tapply.assign_smk_fun_mean" name="simplest_ds.tapply.assign_fun_mean" time="0.00100000000020373"/>
    <testcase classname="ds.tapply.assign_smk_fun_mean" name="simplest_ds.tapply.assign_fun_mean" time="0.000999999999748979"/>
    <testcase classname="ds.tapply.assign_smk_fun_mean" name="simplest_ds.tapply.assign_fun_mean" time="0.00100000000020373"/>
  </testsuite>
  <testsuite errors="0" failures="0" hostname="fv-az14" name="ds.tapply.assign::smk::fun=sd" skipped="0" tests="8" time="1.082" timestamp="2020-10-23T11:33:29Z">
    <testcase classname="ds.tapply.assign_smk_fun_sd" name="simplest_ds.tapply.assign_fun_sd" time="0.80600000000004"/>
    <testcase classname="ds.tapply.assign_smk_fun_sd" name="simplest_ds.tapply.assign_fun_sd" time="0.000999999999748979"/>
    <testcase classname="ds.tapply.assign_smk_fun_sd" name="simplest_ds.tapply.assign_fun_sd" time="0.00100000000020373"/>
    <testcase classname="ds.tapply.assign_smk_fun_sd" name="simplest_ds.tapply.assign_fun_sd" time="0.268000000000029"/>
    <testcase classname="ds.tapply.assign_smk_fun_sd" name="simplest_ds.tapply.assign_fun_sd" time="0.000999999999748979"/>
    <testcase classname="ds.tapply.assign_smk_fun_sd" name="simplest_ds.tapply.assign_fun_sd" time="0.00199999999995271"/>
    <testcase classname="ds.tapply.assign_smk_fun_sd" name="simplest_ds.tapply.assign_fun_sd" time="0.00100000000020373"/>
    <testcase classname="ds.tapply.assign_smk_fun_sd" name="simplest_ds.tapply.assign_fun_sd" time="0.00199999999995271"/>
  </testsuite>
  <testsuite errors="0" failures="0" hostname="fv-az14" name="ds.tapply.assign::smk::fun=sum" skipped="0" tests="8" time="1.086" timestamp="2020-10-23T11:33:30Z">
    <testcase classname="ds.tapply.assign_smk_fun_sum" name="simplest_ds.tapply.assign_fun_sum" time="0.815000000000055"/>
    <testcase classname="ds.tapply.assign_smk_fun_sum" name="simplest_ds.tapply.assign_fun_sum" time="0.000999999999748979"/>
    <testcase classname="ds.tapply.assign_smk_fun_sum" name="simplest_ds.tapply.assign_fun_sum" time="0.00100000000020373"/>
    <testcase classname="ds.tapply.assign_smk_fun_sum" name="simplest_ds.tapply.assign_fun_sum" time="0.264000000000124"/>
    <testcase classname="ds.tapply.assign_smk_fun_sum" name="simplest_ds.tapply.assign_fun_sum" time="0.00100000000020373"/>
    <testcase classname="ds.tapply.assign_smk_fun_sum" name="simplest_ds.tapply.assign_fun_sum" time="0.000999999999748979"/>
    <testcase classname="ds.tapply.assign_smk_fun_sum" name="simplest_ds.tapply.assign_fun_sum" time="0.00199999999995271"/>
    <testcase classname="ds.tapply.assign_smk_fun_sum" name="simplest_ds.tapply.assign_fun_sum" time="0.00100000000020373"/>
  </testsuite>
  <testsuite errors="0" failures="0" hostname="fv-az14" name="ds.tapply.assign::smk::fun=quantile" skipped="0" tests="8" time="1.078" timestamp="2020-10-23T11:33:32Z">
    <testcase classname="ds.tapply.assign_smk_fun_quantile" name="simplest_ds.tapply.assign_fun_quantile" time="0.806999999999789"/>
    <testcase classname="ds.tapply.assign_smk_fun_quantile" name="simplest_ds.tapply.assign_fun_quantile" time="0.000999999999748979"/>
    <testcase classname="ds.tapply.assign_smk_fun_quantile" name="simplest_ds.tapply.assign_fun_quantile" time="0.00100000000020373"/>
    <testcase classname="ds.tapply.assign_smk_fun_quantile" name="simplest_ds.tapply.assign_fun_quantile" time="0.264000000000124"/>
    <testcase classname="ds.tapply.assign_smk_fun_quantile" name="simplest_ds.tapply.assign_fun_quantile" time="0.00199999999995271"/>
    <testcase classname="ds.tapply.assign_smk_fun_quantile" name="simplest_ds.tapply.assign_fun_quantile" time="0.000999999999748979"/>
    <testcase classname="ds.tapply.assign_smk_fun_quantile" name="simplest_ds.tapply.assign_fun_quantile" time="0.00100000000020373"/>
    <testcase classname="ds.tapply.assign_smk_fun_quantile" name="simplest_ds.tapply.assign_fun_quantile" time="0.00100000000020373"/>
  </testsuite>
  <testsuite errors="0" failures="0" hostname="fv-az14" name="ds.tapply.assign::smk::shutdown" skipped="0" tests="3" time="0.295" timestamp="2020-10-23T11:33:33Z">
    <testcase classname="ds.tapply.assign_smk_shutdown" name="shutdown" time="0.291999999999916"/>
    <testcase classname="ds.tapply.assign_smk_shutdown" name="shutdown" time="0.00199999999995271"/>
    <testcase classname="ds.tapply.assign_smk_shutdown" name="shutdown" time="0.000999999999748979"/>
  </testsuite>
  <testsuite errors="0" failures="0" hostname="fv-az14" name="ds.tapply.assign::smk::done" skipped="0" tests="0" time="0" timestamp="2020-10-23T11:33:34Z"/>
  <testsuite errors="0" failures="0" hostname="fv-az14" name="ds.tapply::smk::setup" skipped="0" tests="3" time="5.364" timestamp="2020-10-23T11:33:34Z">
    <testcase classname="ds.tapply_smk_setup" name="setup" time="5.36100000000033"/>
    <testcase classname="ds.tapply_smk_setup" name="setup" time="0.000999999999748979"/>
    <testcase classname="ds.tapply_smk_setup" name="setup" time="0.00199999999995271"/>
  </testsuite>
  <testsuite errors="0" failures="0" hostname="fv-az14" name="ds.tapply::smk::fun=mean" skipped="0" tests="22" time="1.38" timestamp="2020-10-23T11:33:39Z">
    <testcase classname="ds.tapply_smk_fun_mean" name="simplest_ds.tapply_fun_mean" time="1.35400000000027"/>
    <testcase classname="ds.tapply_smk_fun_mean" name="simplest_ds.tapply_fun_mean" time="0.000999999999748979"/>
    <testcase classname="ds.tapply_smk_fun_mean" name="simplest_ds.tapply_fun_mean" time="0.00100000000020373"/>
    <testcase classname="ds.tapply_smk_fun_mean" name="simplest_ds.tapply_fun_mean" time="0.000999999999748979"/>
    <testcase classname="ds.tapply_smk_fun_mean" name="simplest_ds.tapply_fun_mean" time="0.00100000000020373"/>
    <testcase classname="ds.tapply_smk_fun_mean" name="simplest_ds.tapply_fun_mean" time="0.000999999999748979"/>
    <testcase classname="ds.tapply_smk_fun_mean" name="simplest_ds.tapply_fun_mean" time="0.00200000000040745"/>
    <testcase classname="ds.tapply_smk_fun_mean" name="simplest_ds.tapply_fun_mean" time="0.000999999999748979"/>
    <testcase classname="ds.tapply_smk_fun_mean" name="simplest_ds.tapply_fun_mean" time="0.00100000000020373"/>
    <testcase classname="ds.tapply_smk_fun_mean" name="simplest_ds.tapply_fun_mean" time="0.000999999999748979"/>
    <testcase classname="ds.tapply_smk_fun_mean" name="simplest_ds.tapply_fun_mean" time="0.00199999999995271"/>
    <testcase classname="ds.tapply_smk_fun_mean" name="simplest_ds.tapply_fun_mean" time="0.00100000000020373"/>
    <testcase classname="ds.tapply_smk_fun_mean" name="simplest_ds.tapply_fun_mean" time="0.000999999999748979"/>
    <testcase classname="ds.tapply_smk_fun_mean" name="simplest_ds.tapply_fun_mean" time="0.00100000000020373"/>
    <testcase classname="ds.tapply_smk_fun_mean" name="simplest_ds.tapply_fun_mean" time="0.00100000000020373"/>
    <testcase classname="ds.tapply_smk_fun_mean" name="simplest_ds.tapply_fun_mean" time="0.000999999999748979"/>
    <testcase classname="ds.tapply_smk_fun_mean" name="simplest_ds.tapply_fun_mean" time="0.00100000000020373"/>
    <testcase classname="ds.tapply_smk_fun_mean" name="simplest_ds.tapply_fun_mean" time="0.00199999999995271"/>
    <testcase classname="ds.tapply_smk_fun_mean" name="simplest_ds.tapply_fun_mean" time="0.000999999999748979"/>
    <testcase classname="ds.tapply_smk_fun_mean" name="simplest_ds.tapply_fun_mean" time="0.00199999999995271"/>
    <testcase classname="ds.tapply_smk_fun_mean" name="simplest_ds.tapply_fun_mean" time="0.00100000000020373"/>
    <testcase classname="ds.tapply_smk_fun_mean" name="simplest_ds.tapply_fun_mean" time="0.00199999999995271"/>
  </testsuite>
  <testsuite errors="0" failures="0" hostname="fv-az14" name="ds.tapply::smk::fun=sd" skipped="0" tests="22" time="0.311" timestamp="2020-10-23T11:33:40Z">
    <testcase classname="ds.tapply_smk_fun_sd" name="simplest_ds.tapply_fun_sd" time="0.280999999999949"/>
    <testcase classname="ds.tapply_smk_fun_sd" name="simplest_ds.tapply_fun_sd" time="0.00199999999995271"/>
    <testcase classname="ds.tapply_smk_fun_sd" name="simplest_ds.tapply_fun_sd" time="0.00100000000020373"/>
    <testcase classname="ds.tapply_smk_fun_sd" name="simplest_ds.tapply_fun_sd" time="0.00199999999995271"/>
    <testcase classname="ds.tapply_smk_fun_sd" name="simplest_ds.tapply_fun_sd" time="0.000999999999748979"/>
    <testcase classname="ds.tapply_smk_fun_sd" name="simplest_ds.tapply_fun_sd" time="0.00100000000020373"/>
    <testcase classname="ds.tapply_smk_fun_sd" name="simplest_ds.tapply_fun_sd" time="0.00199999999995271"/>
    <testcase classname="ds.tapply_smk_fun_sd" name="simplest_ds.tapply_fun_sd" time="0.00100000000020373"/>
    <testcase classname="ds.tapply_smk_fun_sd" name="simplest_ds.tapply_fun_sd" time="0.000999999999748979"/>
    <testcase classname="ds.tapply_smk_fun_sd" name="simplest_ds.tapply_fun_sd" time="0.00199999999995271"/>
    <testcase classname="ds.tapply_smk_fun_sd" name="simplest_ds.tapply_fun_sd" time="0.00100000000020373"/>
    <testcase classname="ds.tapply_smk_fun_sd" name="simplest_ds.tapply_fun_sd" time="0.00199999999995271"/>
    <testcase classname="ds.tapply_smk_fun_sd" name="simplest_ds.tapply_fun_sd" time="0.00100000000020373"/>
    <testcase classname="ds.tapply_smk_fun_sd" name="simplest_ds.tapply_fun_sd" time="0.000999999999748979"/>
    <testcase classname="ds.tapply_smk_fun_sd" name="simplest_ds.tapply_fun_sd" time="0.00199999999995271"/>
    <testcase classname="ds.tapply_smk_fun_sd" name="simplest_ds.tapply_fun_sd" time="0.00100000000020373"/>
    <testcase classname="ds.tapply_smk_fun_sd" name="simplest_ds.tapply_fun_sd" time="0.000999999999748979"/>
    <testcase classname="ds.tapply_smk_fun_sd" name="simplest_ds.tapply_fun_sd" time="0.00199999999995271"/>
    <testcase classname="ds.tapply_smk_fun_sd" name="simplest_ds.tapply_fun_sd" time="0.00100000000020373"/>
    <testcase classname="ds.tapply_smk_fun_sd" name="simplest_ds.tapply_fun_sd" time="0.00199999999995271"/>
    <testcase classname="ds.tapply_smk_fun_sd" name="simplest_ds.tapply_fun_sd" time="0.00100000000020373"/>
    <testcase classname="ds.tapply_smk_fun_sd" name="simplest_ds.tapply_fun_sd" time="0.00199999999995271"/>
  </testsuite>
  <testsuite errors="0" failures="0" hostname="fv-az14" name="ds.tapply::smk::fun=sum" skipped="0" tests="22" time="0.308" timestamp="2020-10-23T11:33:40Z">
    <testcase classname="ds.tapply_smk_fun_sum" name="simplest_ds.tapply_fun_sum" time="0.282999999999902"/>
    <testcase classname="ds.tapply_smk_fun_sum" name="simplest_ds.tapply_fun_sum" time="0.00199999999995271"/>
    <testcase classname="ds.tapply_smk_fun_sum" name="simplest_ds.tapply_fun_sum" time="0"/>
    <testcase classname="ds.tapply_smk_fun_sum" name="simplest_ds.tapply_fun_sum" time="0.00100000000020373"/>
    <testcase classname="ds.tapply_smk_fun_sum" name="simplest_ds.tapply_fun_sum" time="0.000999999999748979"/>
    <testcase classname="ds.tapply_smk_fun_sum" name="simplest_ds.tapply_fun_sum" time="0.00100000000020373"/>
    <testcase classname="ds.tapply_smk_fun_sum" name="simplest_ds.tapply_fun_sum" time="0.00199999999995271"/>
    <testcase classname="ds.tapply_smk_fun_sum" name="simplest_ds.tapply_fun_sum" time="0.000999999999748979"/>
    <testcase classname="ds.tapply_smk_fun_sum" name="simplest_ds.tapply_fun_sum" time="0.00100000000020373"/>
    <testcase classname="ds.tapply_smk_fun_sum" name="simplest_ds.tapply_fun_sum" time="0.000999999999748979"/>
    <testcase classname="ds.tapply_smk_fun_sum" name="simplest_ds.tapply_fun_sum" time="0.00100000000020373"/>
    <testcase classname="ds.tapply_smk_fun_sum" name="simplest_ds.tapply_fun_sum" time="0.00199999999995271"/>
    <testcase classname="ds.tapply_smk_fun_sum" name="simplest_ds.tapply_fun_sum" time="0.00100000000020373"/>
    <testcase classname="ds.tapply_smk_fun_sum" name="simplest_ds.tapply_fun_sum" time="0.000999999999748979"/>
    <testcase classname="ds.tapply_smk_fun_sum" name="simplest_ds.tapply_fun_sum" time="0.00100000000020373"/>
    <testcase classname="ds.tapply_smk_fun_sum" name="simplest_ds.tapply_fun_sum" time="0.000999999999748979"/>
    <testcase classname="ds.tapply_smk_fun_sum" name="simplest_ds.tapply_fun_sum" time="0.00199999999995271"/>
    <testcase classname="ds.tapply_smk_fun_sum" name="simplest_ds.tapply_fun_sum" time="0.00100000000020373"/>
    <testcase classname="ds.tapply_smk_fun_sum" name="simplest_ds.tapply_fun_sum" time="0.00100000000020373"/>
    <testcase classname="ds.tapply_smk_fun_sum" name="simplest_ds.tapply_fun_sum" time="0.000999999999748979"/>
    <testcase classname="ds.tapply_smk_fun_sum" name="simplest_ds.tapply_fun_sum" time="0.00199999999995271"/>
    <testcase classname="ds.tapply_smk_fun_sum" name="simplest_ds.tapply_fun_sum" time="0.00100000000020373"/>
  </testsuite>
  <testsuite errors="0" failures="0" hostname="fv-az14" name="ds.tapply::smk::fun=quantile" skipped="0" tests="10" time="0.29" timestamp="2020-10-23T11:33:40Z">
    <testcase classname="ds.tapply_smk_fun_quantile" name="simplest_ds.tapply_fun_quantile" time="0.279999999999745"/>
    <testcase classname="ds.tapply_smk_fun_quantile" name="simplest_ds.tapply_fun_quantile" time="0.00100000000020373"/>
    <testcase classname="ds.tapply_smk_fun_quantile" name="simplest_ds.tapply_fun_quantile" time="0.000999999999748979"/>
    <testcase classname="ds.tapply_smk_fun_quantile" name="simplest_ds.tapply_fun_quantile" time="0.00100000000020373"/>
    <testcase classname="ds.tapply_smk_fun_quantile" name="simplest_ds.tapply_fun_quantile" time="0.00199999999995271"/>
    <testcase classname="ds.tapply_smk_fun_quantile" name="simplest_ds.tapply_fun_quantile" time="0.00100000000020373"/>
    <testcase classname="ds.tapply_smk_fun_quantile" name="simplest_ds.tapply_fun_quantile" time="0.000999999999748979"/>
    <testcase classname="ds.tapply_smk_fun_quantile" name="simplest_ds.tapply_fun_quantile" time="0.00100000000020373"/>
    <testcase classname="ds.tapply_smk_fun_quantile" name="simplest_ds.tapply_fun_quantile" time="0.000999999999748979"/>
    <testcase classname="ds.tapply_smk_fun_quantile" name="simplest_ds.tapply_fun_quantile" time="0.00100000000020373"/>
  </testsuite>
  <testsuite errors="0" failures="0" hostname="fv-az14" name="ds.tapply::smk::shutdown" skipped="0" tests="3" time="0.3" timestamp="2020-10-23T11:33:41Z">
    <testcase classname="ds.tapply_smk_shutdown" name="shutdown" time="0.297999999999774"/>
    <testcase classname="ds.tapply_smk_shutdown" name="shutdown" time="0.00100000000020373"/>
    <testcase classname="ds.tapply_smk_shutdown" name="shutdown" time="0.000999999999748979"/>
  </testsuite>
  <testsuite errors="0" failures="0" hostname="fv-az14" name="ds.tapply::smk::done" skipped="0" tests="0" time="0" timestamp="2020-10-23T11:33:42Z"/>
  <testsuite errors="0" failures="0" hostname="fv-az14" name="ds.testObjExists::smk::setup" skipped="0" tests="3" time="5.331" timestamp="2020-10-23T11:33:42Z">
    <testcase classname="ds.testObjExists_smk_setup" name="setup" time="5.32799999999997"/>
    <testcase classname="ds.testObjExists_smk_setup" name="setup" time="0.00100000000020373"/>
    <testcase classname="ds.testObjExists_smk_setup" name="setup" time="0.00199999999995271"/>
  </testsuite>
  <testsuite errors="0" failures="0" hostname="fv-az14" name="ds.testObjExists::smk::discordant" skipped="0" tests="20" time="0.643" timestamp="2020-10-23T11:33:46Z">
    <testcase classname="ds.testObjExists_smk_discordant" name="simple_testObjExists_discordant" time="0.338999999999942"/>
    <testcase classname="ds.testObjExists_smk_discordant" name="simple_testObjExists_discordant" time="0.00100000000020373"/>
    <testcase classname="ds.testObjExists_smk_discordant" name="data.frame_testObjExists_discordant" time="0.277999999999793"/>
    <testcase classname="ds.testObjExists_smk_discordant" name="data.frame_testObjExists_discordant" time="0.00199999999995271"/>
    <testcase classname="ds.testObjExists_smk_discordant" name="data.frame_testObjExists_discordant" time="0.00100000000020373"/>
    <testcase classname="ds.testObjExists_smk_discordant" name="data.frame_testObjExists_discordant" time="0.000999999999748979"/>
    <testcase classname="ds.testObjExists_smk_discordant" name="data.frame_testObjExists_discordant" time="0.00100000000020373"/>
    <testcase classname="ds.testObjExists_smk_discordant" name="data.frame_testObjExists_discordant" time="0.00199999999995271"/>
    <testcase classname="ds.testObjExists_smk_discordant" name="data.frame_testObjExists_discordant" time="0.00100000000020373"/>
    <testcase classname="ds.testObjExists_smk_discordant" name="data.frame_testObjExists_discordant" time="0.000999999999748979"/>
    <testcase classname="ds.testObjExists_smk_discordant" name="data.frame_testObjExists_discordant" time="0.00199999999995271"/>
    <testcase classname="ds.testObjExists_smk_discordant" name="data.frame_testObjExists_discordant" time="0.00100000000020373"/>
    <testcase classname="ds.testObjExists_smk_discordant" name="data.frame_testObjExists_discordant" time="0.00199999999995271"/>
    <testcase classname="ds.testObjExists_smk_discordant" name="data.frame_testObjExists_discordant" time="0.00100000000020373"/>
    <testcase classname="ds.testObjExists_smk_discordant" name="data.frame_testObjExists_discordant" time="0.000999999999748979"/>
    <testcase classname="ds.testObjExists_smk_discordant" name="data.frame_testObjExists_discordant" time="0.00199999999995271"/>
    <testcase classname="ds.testObjExists_smk_discordant" name="data.frame_testObjExists_discordant" time="0.00100000000020373"/>
    <testcase classname="ds.testObjExists_smk_discordant" name="data.frame_testObjExists_discordant" time="0.00199999999995271"/>
    <testcase classname="ds.testObjExists_smk_discordant" name="data.frame_testObjExists_discordant" time="0.00199999999995271"/>
    <testcase classname="ds.testObjExists_smk_discordant" name="data.frame_testObjExists_discordant" time="0.00199999999995271"/>
  </testsuite>
  <testsuite errors="0" failures="0" hostname="fv-az14" name="ds.testObjExists::smk::shutdown" skipped="0" tests="3" time="0.303" timestamp="2020-10-23T11:33:47Z">
    <testcase classname="ds.testObjExists_smk_shutdown" name="shutdown" time="0.300999999999931"/>
    <testcase classname="ds.testObjExists_smk_shutdown" name="shutdown" time="0.00100000000020373"/>
    <testcase classname="ds.testObjExists_smk_shutdown" name="shutdown" time="0.000999999999748979"/>
  </testsuite>
  <testsuite errors="0" failures="0" hostname="fv-az14" name="ds.testObjExists::smk::done" skipped="0" tests="0" time="0" timestamp="2020-10-23T11:33:48Z"/>
  <testsuite errors="0" failures="0" hostname="fv-az14" name="ds.testObjExists::smk::setup" skipped="0" tests="3" time="5.409" timestamp="2020-10-23T11:33:48Z">
    <testcase classname="ds.testObjExists_smk_setup" name="setup" time="5.40599999999995"/>
    <testcase classname="ds.testObjExists_smk_setup" name="setup" time="0.00200000000040745"/>
    <testcase classname="ds.testObjExists_smk_setup" name="setup" time="0.000999999999748979"/>
  </testsuite>
  <testsuite errors="0" failures="0" hostname="fv-az14" name="ds.testObjExists::smk" skipped="0" tests="40" time="3.802" timestamp="2020-10-23T11:33:53Z">
    <testcase classname="ds.testObjExists_smk" name="simple_testObjExists" time="0.284999999999854"/>
    <testcase classname="ds.testObjExists_smk" name="simple_testObjExists" time="0.00100000000020373"/>
    <testcase classname="ds.testObjExists_smk" name="data.frame_testObjExists" time="2.94500000000016"/>
    <testcase classname="ds.testObjExists_smk" name="data.frame_testObjExists" time="0.00199999999995271"/>
    <testcase classname="ds.testObjExists_smk" name="data.frame_testObjExists" time="0.261999999999716"/>
    <testcase classname="ds.testObjExists_smk" name="data.frame_testObjExists" time="0.00100000000020373"/>
    <testcase classname="ds.testObjExists_smk" name="data.frame_testObjExists" time="0.000999999999748979"/>
    <testcase classname="ds.testObjExists_smk" name="data.frame_testObjExists" time="0.00100000000020373"/>
    <testcase classname="ds.testObjExists_smk" name="data.frame_testObjExists" time="0.00100000000020373"/>
    <testcase classname="ds.testObjExists_smk" name="data.frame_testObjExists" time="0.000999999999748979"/>
    <testcase classname="ds.testObjExists_smk" name="data.frame_testObjExists" time="0.00100000000020373"/>
    <testcase classname="ds.testObjExists_smk" name="data.frame_testObjExists" time="0.000999999999748979"/>
    <testcase classname="ds.testObjExists_smk" name="data.frame_testObjExists" time="0.00100000000020373"/>
    <testcase classname="ds.testObjExists_smk" name="data.frame_testObjExists" time="0.000999999999748979"/>
    <testcase classname="ds.testObjExists_smk" name="data.frame_testObjExists" time="0.00100000000020373"/>
    <testcase classname="ds.testObjExists_smk" name="data.frame_testObjExists" time="0.000999999999748979"/>
    <testcase classname="ds.testObjExists_smk" name="data.frame_testObjExists" time="0.00100000000020373"/>
    <testcase classname="ds.testObjExists_smk" name="data.frame_testObjExists" time="0.00100000000020373"/>
    <testcase classname="ds.testObjExists_smk" name="data.frame_testObjExists" time="0.00199999999995271"/>
    <testcase classname="ds.testObjExists_smk" name="data.frame_testObjExists" time="0.00199999999995271"/>
    <testcase classname="ds.testObjExists_smk" name="data.frame_testObjExists" time="0.000999999999748979"/>
    <testcase classname="ds.testObjExists_smk" name="data.frame_testObjExists" time="0.00100000000020373"/>
    <testcase classname="ds.testObjExists_smk" name="data.frame_testObjExists" time="0.264999999999873"/>
    <testcase classname="ds.testObjExists_smk" name="data.frame_testObjExists" time="0.00100000000020373"/>
    <testcase classname="ds.testObjExists_smk" name="data.frame_testObjExists" time="0.00199999999995271"/>
    <testcase classname="ds.testObjExists_smk" name="data.frame_testObjExists" time="0.000999999999748979"/>
    <testcase classname="ds.testObjExists_smk" name="data.frame_testObjExists" time="0.00100000000020373"/>
    <testcase classname="ds.testObjExists_smk" name="data.frame_testObjExists" time="0.000999999999748979"/>
    <testcase classname="ds.testObjExists_smk" name="data.frame_testObjExists" time="0.00200000000040745"/>
    <testcase classname="ds.testObjExists_smk" name="data.frame_testObjExists" time="0.000999999999748979"/>
    <testcase classname="ds.testObjExists_smk" name="data.frame_testObjExists" time="0.00199999999995271"/>
    <testcase classname="ds.testObjExists_smk" name="data.frame_testObjExists" time="0.00100000000020373"/>
    <testcase classname="ds.testObjExists_smk" name="data.frame_testObjExists" time="0.000999999999748979"/>
    <testcase classname="ds.testObjExists_smk" name="data.frame_testObjExists" time="0.00199999999995271"/>
    <testcase classname="ds.testObjExists_smk" name="data.frame_testObjExists" time="0.00100000000020373"/>
    <testcase classname="ds.testObjExists_smk" name="data.frame_testObjExists" time="0.00100000000020373"/>
    <testcase classname="ds.testObjExists_smk" name="data.frame_testObjExists" time="0.00199999999995271"/>
    <testcase classname="ds.testObjExists_smk" name="data.frame_testObjExists" time="0.000999999999748979"/>
    <testcase classname="ds.testObjExists_smk" name="data.frame_testObjExists" time="0.00199999999995271"/>
    <testcase classname="ds.testObjExists_smk" name="data.frame_testObjExists" time="0.00100000000020373"/>
  </testsuite>
  <testsuite errors="0" failures="0" hostname="fv-az14" name="ds.testObjExists::smk::shutdown" skipped="0" tests="3" time="0.277" timestamp="2020-10-23T11:33:56Z">
    <testcase classname="ds.testObjExists_smk_shutdown" name="shutdown" time="0.275000000000091"/>
    <testcase classname="ds.testObjExists_smk_shutdown" name="shutdown" time="0.000999999999748979"/>
    <testcase classname="ds.testObjExists_smk_shutdown" name="shutdown" time="0.00100000000020373"/>
  </testsuite>
  <testsuite errors="0" failures="0" hostname="fv-az14" name="ds.testObjExists::smk::done" skipped="0" tests="0" time="0" timestamp="2020-10-23T11:33:57Z"/>
  <testsuite errors="0" failures="0" hostname="fv-az14" name="ds.unList::smk::setup" skipped="0" tests="3" time="5.394" timestamp="2020-10-23T11:33:57Z">
    <testcase classname="ds.unList_smk_setup" name="setup" time="5.39100000000008"/>
    <testcase classname="ds.unList_smk_setup" name="setup" time="0.00199999999995271"/>
    <testcase classname="ds.unList_smk_setup" name="setup" time="0.000999999999748979"/>
  </testsuite>
  <testsuite errors="0" failures="0" hostname="fv-az14" name="ds.unList::smk::simple test" skipped="0" tests="3" time="1.15" timestamp="2020-10-23T11:34:02Z">
    <testcase classname="ds.unList_smk_simple_test" name="simple_test" time="1.14800000000014"/>
    <testcase classname="ds.unList_smk_simple_test" name="simple_test" time="0.00100000000020373"/>
    <testcase classname="ds.unList_smk_simple_test" name="simple_test" time="0.00100000000020373"/>
  </testsuite>
  <testsuite errors="0" failures="0" hostname="fv-az14" name="ds.unList::smk::shutdown" skipped="0" tests="3" time="0.28" timestamp="2020-10-23T11:34:03Z">
    <testcase classname="ds.unList_smk_shutdown" name="shutdown" time="0.276999999999589"/>
    <testcase classname="ds.unList_smk_shutdown" name="shutdown" time="0.00200000000040745"/>
    <testcase classname="ds.unList_smk_shutdown" name="shutdown" time="0.000999999999748979"/>
  </testsuite>
  <testsuite errors="0" failures="0" hostname="fv-az14" name="ds.unList::smk::done" skipped="0" tests="0" time="0" timestamp="2020-10-23T11:34:04Z"/>
  <testsuite errors="0" failures="0" hostname="fv-az14" name="ds.var::smk::setup" skipped="0" tests="3" time="5.392" timestamp="2020-10-23T11:34:04Z">
    <testcase classname="ds.var_smk_setup" name="setup" time="5.38900000000012"/>
    <testcase classname="ds.var_smk_setup" name="setup" time="0.000999999999748979"/>
    <testcase classname="ds.var_smk_setup" name="setup" time="0.00200000000040745"/>
  </testsuite>
  <testsuite errors="0" failures="0" hostname="fv-az14" name="ds.var::smk::split" skipped="0" tests="19" time="0.313" timestamp="2020-10-23T11:34:09Z">
    <testcase classname="ds.var_smk_split" name="simple_var_split" time="0.286999999999807"/>
    <testcase classname="ds.var_smk_split" name="simple_var_split" time="0.00199999999995271"/>
    <testcase classname="ds.var_smk_split" name="simple_var_split" time="0.00100000000020373"/>
    <testcase classname="ds.var_smk_split" name="simple_var_split" time="0.000999999999748979"/>
    <testcase classname="ds.var_smk_split" name="simple_var_split" time="0.00199999999995271"/>
    <testcase classname="ds.var_smk_split" name="simple_var_split" time="0.00100000000020373"/>
    <testcase classname="ds.var_smk_split" name="simple_var_split" time="0.000999999999748979"/>
    <testcase classname="ds.var_smk_split" name="simple_var_split" time="0.00199999999995271"/>
    <testcase classname="ds.var_smk_split" name="simple_var_split" time="0.00100000000020373"/>
    <testcase classname="ds.var_smk_split" name="simple_var_split" time="0.00199999999995271"/>
    <testcase classname="ds.var_smk_split" name="simple_var_split" time="0.00100000000020373"/>
    <testcase classname="ds.var_smk_split" name="simple_var_split" time="0.00199999999995271"/>
    <testcase classname="ds.var_smk_split" name="simple_var_split" time="0.000999999999748979"/>
    <testcase classname="ds.var_smk_split" name="simple_var_split" time="0.00100000000020373"/>
    <testcase classname="ds.var_smk_split" name="simple_var_split" time="0.00199999999995271"/>
    <testcase classname="ds.var_smk_split" name="simple_var_split" time="0.00100000000020373"/>
    <testcase classname="ds.var_smk_split" name="simple_var_split" time="0.00199999999995271"/>
    <testcase classname="ds.var_smk_split" name="simple_var_split" time="0.000999999999748979"/>
    <testcase classname="ds.var_smk_split" name="simple_var_split" time="0.00199999999995271"/>
  </testsuite>
  <testsuite errors="0" failures="0" hostname="fv-az14" name="ds.var::smk::combine" skipped="0" tests="11" time="0.296" timestamp="2020-10-23T11:34:09Z">
    <testcase classname="ds.var_smk_combine" name="simple_var_combine" time="0.282999999999902"/>
    <testcase classname="ds.var_smk_combine" name="simple_var_combine" time="0.00100000000020373"/>
    <testcase classname="ds.var_smk_combine" name="simple_var_combine" time="0.00199999999995271"/>
    <testcase classname="ds.var_smk_combine" name="simple_var_combine" time="0.00100000000020373"/>
    <testcase classname="ds.var_smk_combine" name="simple_var_combine" time="0.000999999999748979"/>
    <testcase classname="ds.var_smk_combine" name="simple_var_combine" time="0.00199999999995271"/>
    <testcase classname="ds.var_smk_combine" name="simple_var_combine" time="0.00100000000020373"/>
    <testcase classname="ds.var_smk_combine" name="simple_var_combine" time="0.000999999999748979"/>
    <testcase classname="ds.var_smk_combine" name="simple_var_combine" time="0.00100000000020373"/>
    <testcase classname="ds.var_smk_combine" name="simple_var_combine" time="0.00199999999995271"/>
    <testcase classname="ds.var_smk_combine" name="simple_var_combine" time="0.00100000000020373"/>
  </testsuite>
  <testsuite errors="0" failures="0" hostname="fv-az14" name="ds.var::smk::both" skipped="0" tests="24" time="0.319" timestamp="2020-10-23T11:34:09Z">
    <testcase classname="ds.var_smk_both" name="simple_var_both" time="0.286999999999807"/>
    <testcase classname="ds.var_smk_both" name="simple_var_both" time="0.00100000000020373"/>
    <testcase classname="ds.var_smk_both" name="simple_var_both" time="0.00199999999995271"/>
    <testcase classname="ds.var_smk_both" name="simple_var_both" time="0.000999999999748979"/>
    <testcase classname="ds.var_smk_both" name="simple_var_both" time="0.00100000000020373"/>
    <testcase classname="ds.var_smk_both" name="simple_var_both" time="0.00199999999995271"/>
    <testcase classname="ds.var_smk_both" name="simple_var_both" time="0.00100000000020373"/>
    <testcase classname="ds.var_smk_both" name="simple_var_both" time="0.00199999999995271"/>
    <testcase classname="ds.var_smk_both" name="simple_var_both" time="0.000999999999748979"/>
    <testcase classname="ds.var_smk_both" name="simple_var_both" time="0.00100000000020373"/>
    <testcase classname="ds.var_smk_both" name="simple_var_both" time="0.00199999999995271"/>
    <testcase classname="ds.var_smk_both" name="simple_var_both" time="0.000999999999748979"/>
    <testcase classname="ds.var_smk_both" name="simple_var_both" time="0.00199999999995271"/>
    <testcase classname="ds.var_smk_both" name="simple_var_both" time="0.00100000000020373"/>
    <testcase classname="ds.var_smk_both" name="simple_var_both" time="0.00100000000020373"/>
    <testcase classname="ds.var_smk_both" name="simple_var_both" time="0.00199999999995271"/>
    <testcase classname="ds.var_smk_both" name="simple_var_both" time="0.000999999999748979"/>
    <testcase classname="ds.var_smk_both" name="simple_var_both" time="0.000999999999748979"/>
    <testcase classname="ds.var_smk_both" name="simple_var_both" time="0.00199999999995271"/>
    <testcase classname="ds.var_smk_both" name="simple_var_both" time="0.00100000000020373"/>
    <testcase classname="ds.var_smk_both" name="simple_var_both" time="0.00199999999995271"/>
    <testcase classname="ds.var_smk_both" name="simple_var_both" time="0.00100000000020373"/>
    <testcase classname="ds.var_smk_both" name="simple_var_both" time="0.00199999999995271"/>
    <testcase classname="ds.var_smk_both" name="simple_var_both" time="0.000999999999748979"/>
  </testsuite>
  <testsuite errors="0" failures="0" hostname="fv-az14" name="ds.var::smk::shutdown" skipped="0" tests="3" time="0.283" timestamp="2020-10-23T11:34:10Z">
    <testcase classname="ds.var_smk_shutdown" name="shutdown" time="0.280999999999949"/>
    <testcase classname="ds.var_smk_shutdown" name="shutdown" time="0.00100000000020373"/>
    <testcase classname="ds.var_smk_shutdown" name="shutdown" time="0.00100000000020373"/>
  </testsuite>
  <testsuite errors="0" failures="0" hostname="fv-az14" name="ds.var::smk::done" skipped="0" tests="0" time="0" timestamp="2020-10-23T11:34:11Z"/>
  <testsuite errors="0" failures="0" hostname="fv-az14" name="ds.vectorCalc::smk::setup" skipped="0" tests="3" time="5.407" timestamp="2020-10-23T11:34:11Z">
    <testcase classname="ds.vectorCalc_smk_setup" name="setup" time="5.40499999999975"/>
    <testcase classname="ds.vectorCalc_smk_setup" name="setup" time="0.00100000000020373"/>
    <testcase classname="ds.vectorCalc_smk_setup" name="setup" time="0.000999999999748979"/>
  </testsuite>
  <testsuite errors="0" failures="0" hostname="fv-az14" name="ds.vectorCalc::smk" skipped="0" tests="18" time="3.037" timestamp="2020-10-23T11:34:15Z">
    <testcase classname="ds.vectorCalc_smk" name="simple_test" time="0.043999999999869"/>
    <testcase classname="ds.vectorCalc_smk" name="simple_test" time="2.18600000000015"/>
    <testcase classname="ds.vectorCalc_smk" name="simple_test" time="0.527000000000044"/>
    <testcase classname="ds.vectorCalc_smk" name="simple_test" time="0.000999999999748979"/>
    <testcase classname="ds.vectorCalc_smk" name="simple_test" time="0.00100000000020373"/>
    <testcase classname="ds.vectorCalc_smk" name="simple_test" time="0.000999999999748979"/>
    <testcase classname="ds.vectorCalc_smk" name="simple_test" time="0.00199999999995271"/>
    <testcase classname="ds.vectorCalc_smk" name="simple_test" time="0.00100000000020373"/>
    <testcase classname="ds.vectorCalc_smk" name="simple_test" time="0.000999999999748979"/>
    <testcase classname="ds.vectorCalc_smk" name="simple_test" time="0.263000000000375"/>
    <testcase classname="ds.vectorCalc_smk" name="simple_test" time="0.000999999999748979"/>
    <testcase classname="ds.vectorCalc_smk" name="simple_test" time="0.00199999999995271"/>
    <testcase classname="ds.vectorCalc_smk" name="simple_test" time="0.00100000000020373"/>
    <testcase classname="ds.vectorCalc_smk" name="simple_test" time="0.000999999999748979"/>
    <testcase classname="ds.vectorCalc_smk" name="simple_test" time="0.00200000000040745"/>
    <testcase classname="ds.vectorCalc_smk" name="simple_test" time="0.000999999999748979"/>
    <testcase classname="ds.vectorCalc_smk" name="simple_test" time="0.00100000000020373"/>
    <testcase classname="ds.vectorCalc_smk" name="simple_test" time="0.000999999999748979"/>
  </testsuite>
  <testsuite errors="0" failures="0" hostname="fv-az14" name="ds.vectorCalc::smk::shutdown" skipped="0" tests="3" time="0.287" timestamp="2020-10-23T11:34:18Z">
    <testcase classname="ds.vectorCalc_smk_shutdown" name="shutdown" time="0.284999999999854"/>
    <testcase classname="ds.vectorCalc_smk_shutdown" name="shutdown" time="0.00100000000020373"/>
    <testcase classname="ds.vectorCalc_smk_shutdown" name="shutdown" time="0.00100000000020373"/>
  </testsuite>
  <testsuite errors="0" failures="0" hostname="fv-az14" name="ds.vectorCalc::smk::done" skipped="0" tests="0" time="0" timestamp="2020-10-23T11:34:19Z"/>
  <testsuite errors="0" failures="0" hostname="fv-az14" name="ds.mean::smk_expt::type=combine" skipped="0" tests="1" time="5.539" timestamp="2020-10-23T11:34:24Z">
    <testcase classname="ds.mean_smk_expt_type_combine" name="mean_values_combine_" time="5.53899999999976"/>
  </testsuite>
  <testsuite errors="0" failures="0" hostname="fv-az14" name="ds.mean::smk_expt::type=split" skipped="0" tests="1" time="0.282" timestamp="2020-10-23T11:34:24Z">
    <testcase classname="ds.mean_smk_expt_type_split" name="mean_values_split_" time="0.282000000000153"/>
  </testsuite>
  <testsuite errors="0" failures="0" hostname="fv-az14" name="ds.mean::smk_expt::type=both" skipped="0" tests="1" time="0.282" timestamp="2020-10-23T11:34:25Z">
    <testcase classname="ds.mean_smk_expt_type_both" name="mean_values_both_" time="0.281999999999698"/>
  </testsuite>
  <testsuite errors="0" failures="0" hostname="fv-az14" name="ds.mean::smk_expt::type=combine" skipped="0" tests="1" time="0.292" timestamp="2020-10-23T11:34:25Z">
    <testcase classname="ds.mean_smk_expt_type_combine" name="mean_values_combine_" time="0.292000000000371"/>
  </testsuite>
  <testsuite errors="0" failures="0" hostname="fv-az14" name="ds.mean::smk_expt::type=split" skipped="0" tests="1" time="0.277" timestamp="2020-10-23T11:34:25Z">
    <testcase classname="ds.mean_smk_expt_type_split" name="mean_values_split_" time="0.277000000000044"/>
  </testsuite>
  <testsuite errors="0" failures="0" hostname="fv-az14" name="ds.mean::smk_expt::type=both" skipped="0" tests="1" time="0.278" timestamp="2020-10-23T11:34:25Z">
    <testcase classname="ds.mean_smk_expt_type_both" name="mean_values_both_" time="0.277999999999793"/>
  </testsuite>
  <testsuite errors="0" failures="0" hostname="fv-az14" name="ds.mean::smk_expt::type=combine" skipped="0" tests="1" time="0.286" timestamp="2020-10-23T11:34:26Z">
    <testcase classname="ds.mean_smk_expt_type_combine" name="mean_values_combine_" time="0.286000000000058"/>
  </testsuite>
  <testsuite errors="0" failures="0" hostname="fv-az14" name="ds.mean::smk_expt::type=split" skipped="0" tests="1" time="0.284" timestamp="2020-10-23T11:34:26Z">
    <testcase classname="ds.mean_smk_expt_type_split" name="mean_values_split_" time="0.284000000000106"/>
  </testsuite>
  <testsuite errors="0" failures="0" hostname="fv-az14" name="ds.mean::smk_expt::type=both" skipped="0" tests="1" time="0.286" timestamp="2020-10-23T11:34:26Z">
    <testcase classname="ds.mean_smk_expt_type_both" name="mean_values_both_" time="0.286000000000058"/>
  </testsuite>
  <testsuite errors="0" failures="0" hostname="fv-az14" name="ds.mean::smk_expt::type=combine" skipped="0" tests="1" time="0.289" timestamp="2020-10-23T11:34:27Z">
    <testcase classname="ds.mean_smk_expt_type_combine" name="mean_values_combine_" time="0.28899999999976"/>
  </testsuite>
  <testsuite errors="0" failures="0" hostname="fv-az14" name="ds.mean::smk_expt::type=split" skipped="0" tests="1" time="0.289" timestamp="2020-10-23T11:34:27Z">
    <testcase classname="ds.mean_smk_expt_type_split" name="mean_values_split_" time="0.289000000000215"/>
  </testsuite>
  <testsuite errors="0" failures="0" hostname="fv-az14" name="ds.mean::smk_expt::type=both" skipped="0" tests="1" time="0.285" timestamp="2020-10-23T11:34:27Z">
    <testcase classname="ds.mean_smk_expt_type_both" name="mean_values_both_" time="0.284999999999854"/>
  </testsuite>
  <testsuite errors="0" failures="0" hostname="fv-az14" name="ds.mean::smk_expt::type=combine" skipped="0" tests="1" time="0.291" timestamp="2020-10-23T11:34:27Z">
    <testcase classname="ds.mean_smk_expt_type_combine" name="mean_values_combine_" time="0.291000000000167"/>
  </testsuite>
  <testsuite errors="0" failures="0" hostname="fv-az14" name="ds.mean::smk_expt::type=split" skipped="0" tests="1" time="0.287" timestamp="2020-10-23T11:34:28Z">
    <testcase classname="ds.mean_smk_expt_type_split" name="mean_values_split_" time="0.286999999999807"/>
  </testsuite>
  <testsuite errors="0" failures="0" hostname="fv-az14" name="ds.mean::smk_expt::type=both" skipped="0" tests="1" time="0.295" timestamp="2020-10-23T11:34:28Z">
    <testcase classname="ds.mean_smk_expt_type_both" name="mean_values_both_" time="0.295000000000073"/>
  </testsuite>
  <testsuite errors="0" failures="0" hostname="fv-az14" name="ds.mean::smk_expt::type=combine" skipped="0" tests="1" time="1.092" timestamp="2020-10-23T11:34:28Z">
    <testcase classname="ds.mean_smk_expt_type_combine" name="mean_values_combine_" time="1.0920000000001"/>
  </testsuite>
  <testsuite errors="0" failures="0" hostname="fv-az14" name="ds.mean::smk_expt::type=split" skipped="0" tests="1" time="1.084" timestamp="2020-10-23T11:34:29Z">
    <testcase classname="ds.mean_smk_expt_type_split" name="mean_values_split_" time="1.08399999999983"/>
  </testsuite>
  <testsuite errors="0" failures="0" hostname="fv-az14" name="ds.mean::smk_expt::type=both" skipped="0" tests="1" time="1.086" timestamp="2020-10-23T11:34:30Z">
    <testcase classname="ds.mean_smk_expt_type_both" name="mean_values_both_" time="1.08599999999979"/>
  </testsuite>
  <testsuite errors="0" failures="0" hostname="fv-az14" name="ds.mean::smk_expt::type=combine" skipped="0" tests="1" time="1.091" timestamp="2020-10-23T11:34:32Z">
    <testcase classname="ds.mean_smk_expt_type_combine" name="mean_values_combine_" time="1.09100000000035"/>
  </testsuite>
  <testsuite errors="0" failures="0" hostname="fv-az14" name="ds.mean::smk_expt::type=split" skipped="0" tests="1" time="1.068" timestamp="2020-10-23T11:34:33Z">
    <testcase classname="ds.mean_smk_expt_type_split" name="mean_values_split_" time="1.06799999999976"/>
  </testsuite>
  <testsuite errors="0" failures="0" hostname="fv-az14" name="ds.mean::smk_expt::type=both" skipped="0" tests="1" time="1.086" timestamp="2020-10-23T11:34:34Z">
    <testcase classname="ds.mean_smk_expt_type_both" name="mean_values_both_" time="1.08600000000024"/>
  </testsuite>
  <testsuite errors="0" failures="0" hostname="fv-az14" name="ds.mean::smk_expt::type=combine" skipped="0" tests="1" time="1.084" timestamp="2020-10-23T11:34:35Z">
    <testcase classname="ds.mean_smk_expt_type_combine" name="mean_values_combine_" time="1.08399999999983"/>
  </testsuite>
  <testsuite errors="0" failures="0" hostname="fv-az14" name="ds.mean::smk_expt::type=split" skipped="0" tests="1" time="1.091" timestamp="2020-10-23T11:34:36Z">
    <testcase classname="ds.mean_smk_expt_type_split" name="mean_values_split_" time="1.09099999999989"/>
  </testsuite>
  <testsuite errors="0" failures="0" hostname="fv-az14" name="ds.mean::smk_expt::type=both" skipped="0" tests="1" time="1.066" timestamp="2020-10-23T11:34:37Z">
    <testcase classname="ds.mean_smk_expt_type_both" name="mean_values_both_" time="1.06600000000026"/>
  </testsuite>
  <testsuite errors="0" failures="0" hostname="fv-az14" name="ds.mean::smk_expt::type=combine" skipped="0" tests="1" time="1.095" timestamp="2020-10-23T11:34:38Z">
    <testcase classname="ds.mean_smk_expt_type_combine" name="mean_values_combine_" time="1.0949999999998"/>
  </testsuite>
  <testsuite errors="0" failures="0" hostname="fv-az14" name="ds.mean::smk_expt::type=split" skipped="0" tests="1" time="1.084" timestamp="2020-10-23T11:34:39Z">
    <testcase classname="ds.mean_smk_expt_type_split" name="mean_values_split_" time="1.08399999999983"/>
  </testsuite>
  <testsuite errors="0" failures="0" hostname="fv-az14" name="ds.mean::smk_expt::type=both" skipped="0" tests="1" time="1.094" timestamp="2020-10-23T11:34:40Z">
    <testcase classname="ds.mean_smk_expt_type_both" name="mean_values_both_" time="1.09400000000005"/>
  </testsuite>
  <testsuite errors="0" failures="0" hostname="fv-az14" name="ds.mean::smk_expt::type=combine" skipped="0" tests="1" time="1.093" timestamp="2020-10-23T11:34:41Z">
    <testcase classname="ds.mean_smk_expt_type_combine" name="mean_values_combine_" time="1.0930000000003"/>
  </testsuite>
  <testsuite errors="0" failures="0" hostname="fv-az14" name="ds.mean::smk_expt::type=split" skipped="0" tests="1" time="1.088" timestamp="2020-10-23T11:34:42Z">
    <testcase classname="ds.mean_smk_expt_type_split" name="mean_values_split_" time="1.08799999999974"/>
  </testsuite>
  <testsuite errors="0" failures="0" hostname="fv-az14" name="ds.mean::smk_expt::type=both" skipped="0" tests="1" time="1.089" timestamp="2020-10-23T11:34:44Z">
    <testcase classname="ds.mean_smk_expt_type_both" name="mean_values_both_" time="1.08899999999994"/>
  </testsuite>
  <testsuite errors="0" failures="0" hostname="fv-az14" name="ds.mean::smk_expt::type=combine" skipped="0" tests="1" time="1.076" timestamp="2020-10-23T11:34:45Z">
    <testcase classname="ds.mean_smk_expt_type_combine" name="mean_values_combine_" time="1.07600000000002"/>
  </testsuite>
  <testsuite errors="0" failures="0" hostname="fv-az14" name="ds.mean::smk_expt::type=split" skipped="0" tests="1" time="1.083" timestamp="2020-10-23T11:34:46Z">
    <testcase classname="ds.mean_smk_expt_type_split" name="mean_values_split_" time="1.08300000000008"/>
  </testsuite>
  <testsuite errors="0" failures="0" hostname="fv-az14" name="ds.mean::smk_expt::type=both" skipped="0" tests="1" time="1.081" timestamp="2020-10-23T11:34:47Z">
    <testcase classname="ds.mean_smk_expt_type_both" name="mean_values_both_" time="1.08100000000013"/>
  </testsuite>
  <testsuite errors="0" failures="0" hostname="fv-az14" name="vm-test::_::setup" skipped="0" tests="0" time="0" timestamp="2020-10-23T11:34:49Z"/>
  <testsuite errors="0" failures="0" hostname="fv-az14" name="vm-test::_::tests::vm" skipped="0" tests="1" time="1.04" timestamp="2020-10-23T11:34:49Z">
    <testcase classname="vm_test___tests_vm" name="The_virtual_machine_is_loaded._" time="1.03999999999996"/>
  </testsuite>
  <testsuite errors="0" failures="0" hostname="fv-az14" name="vm-test::_::shutdown" skipped="0" tests="0" time="0" timestamp="2020-10-23T11:34:49Z"/>
  <testsuite errors="0" failures="0" hostname="fv-az14" name="vm-test::_::done" skipped="0" tests="0" time="0" timestamp="2020-10-23T11:34:49Z"/>
  <testsuite errors="0" failures="0" hostname="fv-az14" name="ds.dataFrameSort::expt_dgr::setup" skipped="0" tests="0" time="0" timestamp="2020-10-23T11:37:00Z"/>
  <testsuite errors="0" failures="0" hostname="fv-az14" name="ds.dataFrameSort::expt_dgr::multiple::correct_parameter_class" skipped="0" tests="0" time="0" timestamp="2020-10-23T11:37:00Z"/>
  <testsuite errors="0" failures="0" hostname="fv-az14" name="ds.dataFrameSort::expt_dgr::single::correct_parameter_class" skipped="0" tests="0" time="0" timestamp="2020-10-23T11:37:53Z"/>
  <testsuite errors="0" failures="0" hostname="fv-az14" name="ds.dataFrameSort::expt_dgr::multiple::incorrect_parameter_class" skipped="0" tests="7" time="75.417" timestamp="2020-10-23T11:38:05Z">
    <testcase classname="ds.dataFrameSort_expt_dgr_multiple_incorrect_parameter_class" name="all_datasets" time="69.661"/>
    <testcase classname="ds.dataFrameSort_expt_dgr_multiple_incorrect_parameter_class" name="all_datasets" time="0.334000000000003"/>
    <testcase classname="ds.dataFrameSort_expt_dgr_multiple_incorrect_parameter_class" name="all_datasets" time="0.260999999999996"/>
    <testcase classname="ds.dataFrameSort_expt_dgr_multiple_incorrect_parameter_class" name="all_datasets" time="0.256"/>
    <testcase classname="ds.dataFrameSort_expt_dgr_multiple_incorrect_parameter_class" name="all_datasets" time="0.260999999999996"/>
    <testcase classname="ds.dataFrameSort_expt_dgr_multiple_incorrect_parameter_class" name="all_datasets" time="4.38300000000001"/>
    <testcase classname="ds.dataFrameSort_expt_dgr_multiple_incorrect_parameter_class" name="all_datasets" time="0.260999999999996"/>
  </testsuite>
  <testsuite errors="0" failures="0" hostname="fv-az14" name="ds.dataFrameSort::expt_dgr::single::incorrect_parameter_class" skipped="0" tests="7" time="5.965" timestamp="2020-10-23T11:38:16Z">
    <testcase classname="ds.dataFrameSort_expt_dgr_single_incorrect_parameter_class" name="dataset_2" time="3.55500000000001"/>
    <testcase classname="ds.dataFrameSort_expt_dgr_single_incorrect_parameter_class" name="dataset_2" time="0.241"/>
    <testcase classname="ds.dataFrameSort_expt_dgr_single_incorrect_parameter_class" name="dataset_2" time="0.23899999999999"/>
    <testcase classname="ds.dataFrameSort_expt_dgr_single_incorrect_parameter_class" name="dataset_2" time="0.238"/>
    <testcase classname="ds.dataFrameSort_expt_dgr_single_incorrect_parameter_class" name="dataset_2" time="0.238"/>
    <testcase classname="ds.dataFrameSort_expt_dgr_single_incorrect_parameter_class" name="dataset_2" time="1.21300000000001"/>
    <testcase classname="ds.dataFrameSort_expt_dgr_single_incorrect_parameter_class" name="dataset_2" time="0.241"/>
  </testsuite>
  <testsuite errors="0" failures="0" hostname="fv-az14" name="ds.dataFrameSort::expt_dgr::multiple::df::creation" skipped="0" tests="77" time="49.139" timestamp="2020-10-23T11:38:22Z">
    <testcase classname="ds.dataFrameSort_expt_dgr_multiple_df_creation" name="all_datasets" time="8.622"/>
    <testcase classname="ds.dataFrameSort_expt_dgr_multiple_df_creation" name="all_datasets" time="0.000999999999990564"/>
    <testcase classname="ds.dataFrameSort_expt_dgr_multiple_df_creation" name="all_datasets" time="0.00200000000000955"/>
    <testcase classname="ds.dataFrameSort_expt_dgr_multiple_df_creation" name="all_datasets" time="0.000999999999990564"/>
    <testcase classname="ds.dataFrameSort_expt_dgr_multiple_df_creation" name="all_datasets" time="0.00100000000000477"/>
    <testcase classname="ds.dataFrameSort_expt_dgr_multiple_df_creation" name="all_datasets" time="0.00100000000000477"/>
    <testcase classname="ds.dataFrameSort_expt_dgr_multiple_df_creation" name="all_datasets" time="0.000999999999990564"/>
    <testcase classname="ds.dataFrameSort_expt_dgr_multiple_df_creation" name="all_datasets" time="4.02900000000001"/>
    <testcase classname="ds.dataFrameSort_expt_dgr_multiple_df_creation" name="all_datasets" time="0.00199999999999534"/>
    <testcase classname="ds.dataFrameSort_expt_dgr_multiple_df_creation" name="all_datasets" time="0.00100000000000477"/>
    <testcase classname="ds.dataFrameSort_expt_dgr_multiple_df_creation" name="all_datasets" time="0.000999999999990564"/>
    <testcase classname="ds.dataFrameSort_expt_dgr_multiple_df_creation" name="all_datasets" time="0.00200000000000955"/>
    <testcase classname="ds.dataFrameSort_expt_dgr_multiple_df_creation" name="all_datasets" time="0.000999999999990564"/>
    <testcase classname="ds.dataFrameSort_expt_dgr_multiple_df_creation" name="all_datasets" time="0.00200000000000955"/>
    <testcase classname="ds.dataFrameSort_expt_dgr_multiple_df_creation" name="all_datasets" time="4.036"/>
    <testcase classname="ds.dataFrameSort_expt_dgr_multiple_df_creation" name="all_datasets" time="0.00199999999999534"/>
    <testcase classname="ds.dataFrameSort_expt_dgr_multiple_df_creation" name="all_datasets" time="0.00100000000000477"/>
    <testcase classname="ds.dataFrameSort_expt_dgr_multiple_df_creation" name="all_datasets" time="0.00199999999999534"/>
    <testcase classname="ds.dataFrameSort_expt_dgr_multiple_df_creation" name="all_datasets" time="0.00100000000000477"/>
    <testcase classname="ds.dataFrameSort_expt_dgr_multiple_df_creation" name="all_datasets" time="0.00199999999999534"/>
    <testcase classname="ds.dataFrameSort_expt_dgr_multiple_df_creation" name="all_datasets" time="0.00100000000000477"/>
    <testcase classname="ds.dataFrameSort_expt_dgr_multiple_df_creation" name="all_datasets" time="4.04899999999999"/>
    <testcase classname="ds.dataFrameSort_expt_dgr_multiple_df_creation" name="all_datasets" time="0.00100000000000477"/>
    <testcase classname="ds.dataFrameSort_expt_dgr_multiple_df_creation" name="all_datasets" time="0.00199999999999534"/>
    <testcase classname="ds.dataFrameSort_expt_dgr_multiple_df_creation" name="all_datasets" time="0.00100000000000477"/>
    <testcase classname="ds.dataFrameSort_expt_dgr_multiple_df_creation" name="all_datasets" time="0.00199999999999534"/>
    <testcase classname="ds.dataFrameSort_expt_dgr_multiple_df_creation" name="all_datasets" time="0.00100000000000477"/>
    <testcase classname="ds.dataFrameSort_expt_dgr_multiple_df_creation" name="all_datasets" time="0.00199999999999534"/>
    <testcase classname="ds.dataFrameSort_expt_dgr_multiple_df_creation" name="all_datasets" time="4.039"/>
    <testcase classname="ds.dataFrameSort_expt_dgr_multiple_df_creation" name="all_datasets" time="0.00199999999999534"/>
    <testcase classname="ds.dataFrameSort_expt_dgr_multiple_df_creation" name="all_datasets" time="0.00100000000000477"/>
    <testcase classname="ds.dataFrameSort_expt_dgr_multiple_df_creation" name="all_datasets" time="0.00199999999999534"/>
    <testcase classname="ds.dataFrameSort_expt_dgr_multiple_df_creation" name="all_datasets" time="0.00100000000000477"/>
    <testcase classname="ds.dataFrameSort_expt_dgr_multiple_df_creation" name="all_datasets" time="0.00199999999999534"/>
    <testcase classname="ds.dataFrameSort_expt_dgr_multiple_df_creation" name="all_datasets" time="0.00100000000000477"/>
    <testcase classname="ds.dataFrameSort_expt_dgr_multiple_df_creation" name="all_datasets" time="4.06"/>
    <testcase classname="ds.dataFrameSort_expt_dgr_multiple_df_creation" name="all_datasets" time="0.00199999999999534"/>
    <testcase classname="ds.dataFrameSort_expt_dgr_multiple_df_creation" name="all_datasets" time="0.00100000000000477"/>
    <testcase classname="ds.dataFrameSort_expt_dgr_multiple_df_creation" name="all_datasets" time="0.00100000000000477"/>
    <testcase classname="ds.dataFrameSort_expt_dgr_multiple_df_creation" name="all_datasets" time="0.00199999999999534"/>
    <testcase classname="ds.dataFrameSort_expt_dgr_multiple_df_creation" name="all_datasets" time="0.00100000000000477"/>
    <testcase classname="ds.dataFrameSort_expt_dgr_multiple_df_creation" name="all_datasets" time="0.00199999999999534"/>
    <testcase classname="ds.dataFrameSort_expt_dgr_multiple_df_creation" name="all_datasets" time="4.02800000000001"/>
    <testcase classname="ds.dataFrameSort_expt_dgr_multiple_df_creation" name="all_datasets" time="0.00199999999999534"/>
    <testcase classname="ds.dataFrameSort_expt_dgr_multiple_df_creation" name="all_datasets" time="0.00200000000000955"/>
    <testcase classname="ds.dataFrameSort_expt_dgr_multiple_df_creation" name="all_datasets" time="0.000999999999990564"/>
    <testcase classname="ds.dataFrameSort_expt_dgr_multiple_df_creation" name="all_datasets" time="0.00200000000000955"/>
    <testcase classname="ds.dataFrameSort_expt_dgr_multiple_df_creation" name="all_datasets" time="0.000999999999990564"/>
    <testcase classname="ds.dataFrameSort_expt_dgr_multiple_df_creation" name="all_datasets" time="0.00200000000000955"/>
    <testcase classname="ds.dataFrameSort_expt_dgr_multiple_df_creation" name="all_datasets" time="4.02199999999999"/>
    <testcase classname="ds.dataFrameSort_expt_dgr_multiple_df_creation" name="all_datasets" time="0.00200000000000955"/>
    <testcase classname="ds.dataFrameSort_expt_dgr_multiple_df_creation" name="all_datasets" time="0.00199999999999534"/>
    <testcase classname="ds.dataFrameSort_expt_dgr_multiple_df_creation" name="all_datasets" time="0.00199999999999534"/>
    <testcase classname="ds.dataFrameSort_expt_dgr_multiple_df_creation" name="all_datasets" time="0.00200000000000955"/>
    <testcase classname="ds.dataFrameSort_expt_dgr_multiple_df_creation" name="all_datasets" time="0.00199999999999534"/>
    <testcase classname="ds.dataFrameSort_expt_dgr_multiple_df_creation" name="all_datasets" time="0.00199999999999534"/>
    <testcase classname="ds.dataFrameSort_expt_dgr_multiple_df_creation" name="all_datasets" time="4.044"/>
    <testcase classname="ds.dataFrameSort_expt_dgr_multiple_df_creation" name="all_datasets" time="0.00300000000001432"/>
    <testcase classname="ds.dataFrameSort_expt_dgr_multiple_df_creation" name="all_datasets" time="0.00199999999998113"/>
    <testcase classname="ds.dataFrameSort_expt_dgr_multiple_df_creation" name="all_datasets" time="0.00200000000000955"/>
    <testcase classname="ds.dataFrameSort_expt_dgr_multiple_df_creation" name="all_datasets" time="0.00200000000000955"/>
    <testcase classname="ds.dataFrameSort_expt_dgr_multiple_df_creation" name="all_datasets" time="0.00199999999998113"/>
    <testcase classname="ds.dataFrameSort_expt_dgr_multiple_df_creation" name="all_datasets" time="0.00300000000001432"/>
    <testcase classname="ds.dataFrameSort_expt_dgr_multiple_df_creation" name="all_datasets" time="4.048"/>
    <testcase classname="ds.dataFrameSort_expt_dgr_multiple_df_creation" name="all_datasets" time="0.00199999999998113"/>
    <testcase classname="ds.dataFrameSort_expt_dgr_multiple_df_creation" name="all_datasets" time="0.00200000000000955"/>
    <testcase classname="ds.dataFrameSort_expt_dgr_multiple_df_creation" name="all_datasets" time="0.00300000000001432"/>
    <testcase classname="ds.dataFrameSort_expt_dgr_multiple_df_creation" name="all_datasets" time="0.00199999999998113"/>
    <testcase classname="ds.dataFrameSort_expt_dgr_multiple_df_creation" name="all_datasets" time="0.00200000000000955"/>
    <testcase classname="ds.dataFrameSort_expt_dgr_multiple_df_creation" name="all_datasets" time="0.00200000000000955"/>
    <testcase classname="ds.dataFrameSort_expt_dgr_multiple_df_creation" name="all_datasets" time="4.03899999999999"/>
    <testcase classname="ds.dataFrameSort_expt_dgr_multiple_df_creation" name="all_datasets" time="0.00200000000000955"/>
    <testcase classname="ds.dataFrameSort_expt_dgr_multiple_df_creation" name="all_datasets" time="0.00199999999998113"/>
    <testcase classname="ds.dataFrameSort_expt_dgr_multiple_df_creation" name="all_datasets" time="0.00200000000000955"/>
    <testcase classname="ds.dataFrameSort_expt_dgr_multiple_df_creation" name="all_datasets" time="0.00200000000000955"/>
    <testcase classname="ds.dataFrameSort_expt_dgr_multiple_df_creation" name="all_datasets" time="0.00399999999999068"/>
    <testcase classname="ds.dataFrameSort_expt_dgr_multiple_df_creation" name="all_datasets" time="0.00999999999999091"/>
  </testsuite>
  <testsuite errors="0" failures="0" hostname="fv-az14" name="ds.dataFrameSort::expt_dgr::single::df::creation" skipped="0" tests="33" time="34.903" timestamp="2020-10-23T11:39:11Z">
    <testcase classname="ds.dataFrameSort_expt_dgr_single_df_creation" name="dataset_3" time="6.393"/>
    <testcase classname="ds.dataFrameSort_expt_dgr_single_df_creation" name="dataset_3" time="0.00100000000000477"/>
    <testcase classname="ds.dataFrameSort_expt_dgr_single_df_creation" name="dataset_3" time="0.00100000000000477"/>
    <testcase classname="ds.dataFrameSort_expt_dgr_single_df_creation" name="dataset_3" time="2.86500000000001"/>
    <testcase classname="ds.dataFrameSort_expt_dgr_single_df_creation" name="dataset_3" time="0.00100000000000477"/>
    <testcase classname="ds.dataFrameSort_expt_dgr_single_df_creation" name="dataset_3" time="0.00199999999998113"/>
    <testcase classname="ds.dataFrameSort_expt_dgr_single_df_creation" name="dataset_3" time="2.85400000000001"/>
    <testcase classname="ds.dataFrameSort_expt_dgr_single_df_creation" name="dataset_3" time="0.00199999999998113"/>
    <testcase classname="ds.dataFrameSort_expt_dgr_single_df_creation" name="dataset_3" time="0.00100000000000477"/>
    <testcase classname="ds.dataFrameSort_expt_dgr_single_df_creation" name="dataset_3" time="2.86700000000002"/>
    <testcase classname="ds.dataFrameSort_expt_dgr_single_df_creation" name="dataset_3" time="0.000999999999976353"/>
    <testcase classname="ds.dataFrameSort_expt_dgr_single_df_creation" name="dataset_3" time="0.00200000000000955"/>
    <testcase classname="ds.dataFrameSort_expt_dgr_single_df_creation" name="dataset_3" time="2.83500000000001"/>
    <testcase classname="ds.dataFrameSort_expt_dgr_single_df_creation" name="dataset_3" time="0.00199999999998113"/>
    <testcase classname="ds.dataFrameSort_expt_dgr_single_df_creation" name="dataset_3" time="0.00100000000000477"/>
    <testcase classname="ds.dataFrameSort_expt_dgr_single_df_creation" name="dataset_3" time="2.84900000000002"/>
    <testcase classname="ds.dataFrameSort_expt_dgr_single_df_creation" name="dataset_3" time="0.000999999999976353"/>
    <testcase classname="ds.dataFrameSort_expt_dgr_single_df_creation" name="dataset_3" time="0.00200000000000955"/>
    <testcase classname="ds.dataFrameSort_expt_dgr_single_df_creation" name="dataset_3" time="2.83500000000001"/>
    <testcase classname="ds.dataFrameSort_expt_dgr_single_df_creation" name="dataset_3" time="0.00100000000000477"/>
    <testcase classname="ds.dataFrameSort_expt_dgr_single_df_creation" name="dataset_3" time="0.00199999999998113"/>
    <testcase classname="ds.dataFrameSort_expt_dgr_single_df_creation" name="dataset_3" time="2.84400000000002"/>
    <testcase classname="ds.dataFrameSort_expt_dgr_single_df_creation" name="dataset_3" time="0.000999999999976353"/>
    <testcase classname="ds.dataFrameSort_expt_dgr_single_df_creation" name="dataset_3" time="0.00200000000000955"/>
    <testcase classname="ds.dataFrameSort_expt_dgr_single_df_creation" name="dataset_3" time="2.84"/>
    <testcase classname="ds.dataFrameSort_expt_dgr_single_df_creation" name="dataset_3" time="0.00100000000000477"/>
    <testcase classname="ds.dataFrameSort_expt_dgr_single_df_creation" name="dataset_3" time="0.00199999999998113"/>
    <testcase classname="ds.dataFrameSort_expt_dgr_single_df_creation" name="dataset_3" time="2.84400000000002"/>
    <testcase classname="ds.dataFrameSort_expt_dgr_single_df_creation" name="dataset_3" time="0.00100000000000477"/>
    <testcase classname="ds.dataFrameSort_expt_dgr_single_df_creation" name="dataset_3" time="0.00199999999998113"/>
    <testcase classname="ds.dataFrameSort_expt_dgr_single_df_creation" name="dataset_3" time="2.84399999999999"/>
    <testcase classname="ds.dataFrameSort_expt_dgr_single_df_creation" name="dataset_3" time="0.00200000000000955"/>
    <testcase classname="ds.dataFrameSort_expt_dgr_single_df_creation" name="dataset_3" time="0.00200000000000955"/>
  </testsuite>
  <testsuite errors="0" failures="0" hostname="fv-az14" name="ds.dataFrameSort::expt_dgr::multiple::numeric::ascending" skipped="0" tests="99" time="41.019" timestamp="2020-10-23T11:39:46Z">
    <testcase classname="ds.dataFrameSort_expt_dgr_multiple_numeric_ascending" name="all_datasets" time="9.548"/>
    <testcase classname="ds.dataFrameSort_expt_dgr_multiple_numeric_ascending" name="all_datasets" time="0.000999999999976353"/>
    <testcase classname="ds.dataFrameSort_expt_dgr_multiple_numeric_ascending" name="all_datasets" time="0.00100000000000477"/>
    <testcase classname="ds.dataFrameSort_expt_dgr_multiple_numeric_ascending" name="all_datasets" time="0.00100000000000477"/>
    <testcase classname="ds.dataFrameSort_expt_dgr_multiple_numeric_ascending" name="all_datasets" time="0.00200000000000955"/>
    <testcase classname="ds.dataFrameSort_expt_dgr_multiple_numeric_ascending" name="all_datasets" time="0.00100000000000477"/>
    <testcase classname="ds.dataFrameSort_expt_dgr_multiple_numeric_ascending" name="all_datasets" time="0.274000000000001"/>
    <testcase classname="ds.dataFrameSort_expt_dgr_multiple_numeric_ascending" name="all_datasets" time="0.00199999999998113"/>
    <testcase classname="ds.dataFrameSort_expt_dgr_multiple_numeric_ascending" name="all_datasets" time="0.00100000000000477"/>
    <testcase classname="ds.dataFrameSort_expt_dgr_multiple_numeric_ascending" name="all_datasets" time="2.851"/>
    <testcase classname="ds.dataFrameSort_expt_dgr_multiple_numeric_ascending" name="all_datasets" time="0.00100000000000477"/>
    <testcase classname="ds.dataFrameSort_expt_dgr_multiple_numeric_ascending" name="all_datasets" time="0.00200000000000955"/>
    <testcase classname="ds.dataFrameSort_expt_dgr_multiple_numeric_ascending" name="all_datasets" time="0.000999999999976353"/>
    <testcase classname="ds.dataFrameSort_expt_dgr_multiple_numeric_ascending" name="all_datasets" time="0.00100000000000477"/>
    <testcase classname="ds.dataFrameSort_expt_dgr_multiple_numeric_ascending" name="all_datasets" time="0.00200000000000955"/>
    <testcase classname="ds.dataFrameSort_expt_dgr_multiple_numeric_ascending" name="all_datasets" time="0.270999999999987"/>
    <testcase classname="ds.dataFrameSort_expt_dgr_multiple_numeric_ascending" name="all_datasets" time="0.00100000000000477"/>
    <testcase classname="ds.dataFrameSort_expt_dgr_multiple_numeric_ascending" name="all_datasets" time="0.00100000000000477"/>
    <testcase classname="ds.dataFrameSort_expt_dgr_multiple_numeric_ascending" name="all_datasets" time="2.863"/>
    <testcase classname="ds.dataFrameSort_expt_dgr_multiple_numeric_ascending" name="all_datasets" time="0.00200000000000955"/>
    <testcase classname="ds.dataFrameSort_expt_dgr_multiple_numeric_ascending" name="all_datasets" time="0.00199999999998113"/>
    <testcase classname="ds.dataFrameSort_expt_dgr_multiple_numeric_ascending" name="all_datasets" time="0.00100000000000477"/>
    <testcase classname="ds.dataFrameSort_expt_dgr_multiple_numeric_ascending" name="all_datasets" time="0.00200000000000955"/>
    <testcase classname="ds.dataFrameSort_expt_dgr_multiple_numeric_ascending" name="all_datasets" time="0.00100000000000477"/>
    <testcase classname="ds.dataFrameSort_expt_dgr_multiple_numeric_ascending" name="all_datasets" time="0.263999999999982"/>
    <testcase classname="ds.dataFrameSort_expt_dgr_multiple_numeric_ascending" name="all_datasets" time="0.00100000000000477"/>
    <testcase classname="ds.dataFrameSort_expt_dgr_multiple_numeric_ascending" name="all_datasets" time="0.00200000000000955"/>
    <testcase classname="ds.dataFrameSort_expt_dgr_multiple_numeric_ascending" name="all_datasets" time="2.83699999999999"/>
    <testcase classname="ds.dataFrameSort_expt_dgr_multiple_numeric_ascending" name="all_datasets" time="0.00200000000000955"/>
    <testcase classname="ds.dataFrameSort_expt_dgr_multiple_numeric_ascending" name="all_datasets" time="0.00199999999998113"/>
    <testcase classname="ds.dataFrameSort_expt_dgr_multiple_numeric_ascending" name="all_datasets" time="0.00100000000000477"/>
    <testcase classname="ds.dataFrameSort_expt_dgr_multiple_numeric_ascending" name="all_datasets" time="0.00100000000000477"/>
    <testcase classname="ds.dataFrameSort_expt_dgr_multiple_numeric_ascending" name="all_datasets" time="0.00100000000000477"/>
    <testcase classname="ds.dataFrameSort_expt_dgr_multiple_numeric_ascending" name="all_datasets" time="0.269000000000005"/>
    <testcase classname="ds.dataFrameSort_expt_dgr_multiple_numeric_ascending" name="all_datasets" time="0.00199999999998113"/>
    <testcase classname="ds.dataFrameSort_expt_dgr_multiple_numeric_ascending" name="all_datasets" time="0.00200000000000955"/>
    <testcase classname="ds.dataFrameSort_expt_dgr_multiple_numeric_ascending" name="all_datasets" time="2.82499999999999"/>
    <testcase classname="ds.dataFrameSort_expt_dgr_multiple_numeric_ascending" name="all_datasets" time="0.00200000000000955"/>
    <testcase classname="ds.dataFrameSort_expt_dgr_multiple_numeric_ascending" name="all_datasets" time="0.00200000000000955"/>
    <testcase classname="ds.dataFrameSort_expt_dgr_multiple_numeric_ascending" name="all_datasets" time="0.00199999999998113"/>
    <testcase classname="ds.dataFrameSort_expt_dgr_multiple_numeric_ascending" name="all_datasets" time="0.00100000000000477"/>
    <testcase classname="ds.dataFrameSort_expt_dgr_multiple_numeric_ascending" name="all_datasets" time="0.00200000000000955"/>
    <testcase classname="ds.dataFrameSort_expt_dgr_multiple_numeric_ascending" name="all_datasets" time="0.266999999999996"/>
    <testcase classname="ds.dataFrameSort_expt_dgr_multiple_numeric_ascending" name="all_datasets" time="0.00200000000000955"/>
    <testcase classname="ds.dataFrameSort_expt_dgr_multiple_numeric_ascending" name="all_datasets" time="0.00199999999998113"/>
    <testcase classname="ds.dataFrameSort_expt_dgr_multiple_numeric_ascending" name="all_datasets" time="2.821"/>
    <testcase classname="ds.dataFrameSort_expt_dgr_multiple_numeric_ascending" name="all_datasets" time="0.00200000000000955"/>
    <testcase classname="ds.dataFrameSort_expt_dgr_multiple_numeric_ascending" name="all_datasets" time="0.00200000000000955"/>
    <testcase classname="ds.dataFrameSort_expt_dgr_multiple_numeric_ascending" name="all_datasets" time="0.00199999999998113"/>
    <testcase classname="ds.dataFrameSort_expt_dgr_multiple_numeric_ascending" name="all_datasets" time="0.00100000000000477"/>
    <testcase classname="ds.dataFrameSort_expt_dgr_multiple_numeric_ascending" name="all_datasets" time="0.00200000000000955"/>
    <testcase classname="ds.dataFrameSort_expt_dgr_multiple_numeric_ascending" name="all_datasets" time="0.272999999999996"/>
    <testcase classname="ds.dataFrameSort_expt_dgr_multiple_numeric_ascending" name="all_datasets" time="0.00200000000000955"/>
    <testcase classname="ds.dataFrameSort_expt_dgr_multiple_numeric_ascending" name="all_datasets" time="0.00199999999998113"/>
    <testcase classname="ds.dataFrameSort_expt_dgr_multiple_numeric_ascending" name="all_datasets" time="2.828"/>
    <testcase classname="ds.dataFrameSort_expt_dgr_multiple_numeric_ascending" name="all_datasets" time="0.00200000000000955"/>
    <testcase classname="ds.dataFrameSort_expt_dgr_multiple_numeric_ascending" name="all_datasets" time="0.00200000000000955"/>
    <testcase classname="ds.dataFrameSort_expt_dgr_multiple_numeric_ascending" name="all_datasets" time="0.00199999999998113"/>
    <testcase classname="ds.dataFrameSort_expt_dgr_multiple_numeric_ascending" name="all_datasets" time="0.00200000000000955"/>
    <testcase classname="ds.dataFrameSort_expt_dgr_multiple_numeric_ascending" name="all_datasets" time="0.00200000000000955"/>
    <testcase classname="ds.dataFrameSort_expt_dgr_multiple_numeric_ascending" name="all_datasets" time="0.274999999999977"/>
    <testcase classname="ds.dataFrameSort_expt_dgr_multiple_numeric_ascending" name="all_datasets" time="0.00200000000000955"/>
    <testcase classname="ds.dataFrameSort_expt_dgr_multiple_numeric_ascending" name="all_datasets" time="0.0029999999999859"/>
    <testcase classname="ds.dataFrameSort_expt_dgr_multiple_numeric_ascending" name="all_datasets" time="2.82500000000002"/>
    <testcase classname="ds.dataFrameSort_expt_dgr_multiple_numeric_ascending" name="all_datasets" time="0.00200000000000955"/>
    <testcase classname="ds.dataFrameSort_expt_dgr_multiple_numeric_ascending" name="all_datasets" time="0.0029999999999859"/>
    <testcase classname="ds.dataFrameSort_expt_dgr_multiple_numeric_ascending" name="all_datasets" time="0.00200000000000955"/>
    <testcase classname="ds.dataFrameSort_expt_dgr_multiple_numeric_ascending" name="all_datasets" time="0.00199999999998113"/>
    <testcase classname="ds.dataFrameSort_expt_dgr_multiple_numeric_ascending" name="all_datasets" time="0.00200000000000955"/>
    <testcase classname="ds.dataFrameSort_expt_dgr_multiple_numeric_ascending" name="all_datasets" time="0.271999999999991"/>
    <testcase classname="ds.dataFrameSort_expt_dgr_multiple_numeric_ascending" name="all_datasets" time="0.00300000000001432"/>
    <testcase classname="ds.dataFrameSort_expt_dgr_multiple_numeric_ascending" name="all_datasets" time="0.00200000000000955"/>
    <testcase classname="ds.dataFrameSort_expt_dgr_multiple_numeric_ascending" name="all_datasets" time="2.83399999999997"/>
    <testcase classname="ds.dataFrameSort_expt_dgr_multiple_numeric_ascending" name="all_datasets" time="0.00200000000000955"/>
    <testcase classname="ds.dataFrameSort_expt_dgr_multiple_numeric_ascending" name="all_datasets" time="0.00300000000001432"/>
    <testcase classname="ds.dataFrameSort_expt_dgr_multiple_numeric_ascending" name="all_datasets" time="0.0029999999999859"/>
    <testcase classname="ds.dataFrameSort_expt_dgr_multiple_numeric_ascending" name="all_datasets" time="0.00300000000001432"/>
    <testcase classname="ds.dataFrameSort_expt_dgr_multiple_numeric_ascending" name="all_datasets" time="0.00199999999998113"/>
    <testcase classname="ds.dataFrameSort_expt_dgr_multiple_numeric_ascending" name="all_datasets" time="0.274000000000001"/>
    <testcase classname="ds.dataFrameSort_expt_dgr_multiple_numeric_ascending" name="all_datasets" time="0.00300000000001432"/>
    <testcase classname="ds.dataFrameSort_expt_dgr_multiple_numeric_ascending" name="all_datasets" time="0.00199999999998113"/>
    <testcase classname="ds.dataFrameSort_expt_dgr_multiple_numeric_ascending" name="all_datasets" time="2.81700000000001"/>
    <testcase classname="ds.dataFrameSort_expt_dgr_multiple_numeric_ascending" name="all_datasets" time="0.00300000000001432"/>
    <testcase classname="ds.dataFrameSort_expt_dgr_multiple_numeric_ascending" name="all_datasets" time="0.00199999999998113"/>
    <testcase classname="ds.dataFrameSort_expt_dgr_multiple_numeric_ascending" name="all_datasets" time="0.00200000000000955"/>
    <testcase classname="ds.dataFrameSort_expt_dgr_multiple_numeric_ascending" name="all_datasets" time="0.0029999999999859"/>
    <testcase classname="ds.dataFrameSort_expt_dgr_multiple_numeric_ascending" name="all_datasets" time="0.00200000000000955"/>
    <testcase classname="ds.dataFrameSort_expt_dgr_multiple_numeric_ascending" name="all_datasets" time="0.271999999999991"/>
    <testcase classname="ds.dataFrameSort_expt_dgr_multiple_numeric_ascending" name="all_datasets" time="0.00300000000001432"/>
    <testcase classname="ds.dataFrameSort_expt_dgr_multiple_numeric_ascending" name="all_datasets" time="0.0029999999999859"/>
    <testcase classname="ds.dataFrameSort_expt_dgr_multiple_numeric_ascending" name="all_datasets" time="2.828"/>
    <testcase classname="ds.dataFrameSort_expt_dgr_multiple_numeric_ascending" name="all_datasets" time="0.00300000000001432"/>
    <testcase classname="ds.dataFrameSort_expt_dgr_multiple_numeric_ascending" name="all_datasets" time="0.0029999999999859"/>
    <testcase classname="ds.dataFrameSort_expt_dgr_multiple_numeric_ascending" name="all_datasets" time="0.00300000000001432"/>
    <testcase classname="ds.dataFrameSort_expt_dgr_multiple_numeric_ascending" name="all_datasets" time="0.00199999999998113"/>
    <testcase classname="ds.dataFrameSort_expt_dgr_multiple_numeric_ascending" name="all_datasets" time="0.00200000000000955"/>
    <testcase classname="ds.dataFrameSort_expt_dgr_multiple_numeric_ascending" name="all_datasets" time="0.278999999999996"/>
    <testcase classname="ds.dataFrameSort_expt_dgr_multiple_numeric_ascending" name="all_datasets" time="0.00300000000001432"/>
    <testcase classname="ds.dataFrameSort_expt_dgr_multiple_numeric_ascending" name="all_datasets" time="0.0029999999999859"/>
  </testsuite>
  <testsuite errors="0" failures="0" hostname="fv-az14" name="ds.dataFrameSort::expt_dgr::single::numeric::ascending" skipped="0" tests="33" time="30.513" timestamp="2020-10-23T11:40:27Z">
    <testcase classname="ds.dataFrameSort_expt_dgr_single_numeric_ascending" name="dataset_1" time="6.429"/>
    <testcase classname="ds.dataFrameSort_expt_dgr_single_numeric_ascending" name="dataset_1" time="0.00200000000000955"/>
    <testcase classname="ds.dataFrameSort_expt_dgr_single_numeric_ascending" name="dataset_1" time="0.242999999999995"/>
    <testcase classname="ds.dataFrameSort_expt_dgr_single_numeric_ascending" name="dataset_1" time="2.13399999999999"/>
    <testcase classname="ds.dataFrameSort_expt_dgr_single_numeric_ascending" name="dataset_1" time="0.00200000000000955"/>
    <testcase classname="ds.dataFrameSort_expt_dgr_single_numeric_ascending" name="dataset_1" time="0.242999999999995"/>
    <testcase classname="ds.dataFrameSort_expt_dgr_single_numeric_ascending" name="dataset_1" time="2.14500000000001"/>
    <testcase classname="ds.dataFrameSort_expt_dgr_single_numeric_ascending" name="dataset_1" time="0.00100000000000477"/>
    <testcase classname="ds.dataFrameSort_expt_dgr_single_numeric_ascending" name="dataset_1" time="0.244"/>
    <testcase classname="ds.dataFrameSort_expt_dgr_single_numeric_ascending" name="dataset_1" time="2.13399999999999"/>
    <testcase classname="ds.dataFrameSort_expt_dgr_single_numeric_ascending" name="dataset_1" time="0.00100000000000477"/>
    <testcase classname="ds.dataFrameSort_expt_dgr_single_numeric_ascending" name="dataset_1" time="0.238"/>
    <testcase classname="ds.dataFrameSort_expt_dgr_single_numeric_ascending" name="dataset_1" time="2.142"/>
    <testcase classname="ds.dataFrameSort_expt_dgr_single_numeric_ascending" name="dataset_1" time="0.00200000000000955"/>
    <testcase classname="ds.dataFrameSort_expt_dgr_single_numeric_ascending" name="dataset_1" time="0.240999999999985"/>
    <testcase classname="ds.dataFrameSort_expt_dgr_single_numeric_ascending" name="dataset_1" time="2.14000000000001"/>
    <testcase classname="ds.dataFrameSort_expt_dgr_single_numeric_ascending" name="dataset_1" time="0.00199999999998113"/>
    <testcase classname="ds.dataFrameSort_expt_dgr_single_numeric_ascending" name="dataset_1" time="0.236000000000018"/>
    <testcase classname="ds.dataFrameSort_expt_dgr_single_numeric_ascending" name="dataset_1" time="2.13899999999998"/>
    <testcase classname="ds.dataFrameSort_expt_dgr_single_numeric_ascending" name="dataset_1" time="0.00200000000000955"/>
    <testcase classname="ds.dataFrameSort_expt_dgr_single_numeric_ascending" name="dataset_1" time="0.242999999999995"/>
    <testcase classname="ds.dataFrameSort_expt_dgr_single_numeric_ascending" name="dataset_1" time="2.15299999999999"/>
    <testcase classname="ds.dataFrameSort_expt_dgr_single_numeric_ascending" name="dataset_1" time="0.00200000000000955"/>
    <testcase classname="ds.dataFrameSort_expt_dgr_single_numeric_ascending" name="dataset_1" time="0.240000000000009"/>
    <testcase classname="ds.dataFrameSort_expt_dgr_single_numeric_ascending" name="dataset_1" time="2.14099999999999"/>
    <testcase classname="ds.dataFrameSort_expt_dgr_single_numeric_ascending" name="dataset_1" time="0.00200000000000955"/>
    <testcase classname="ds.dataFrameSort_expt_dgr_single_numeric_ascending" name="dataset_1" time="0.240999999999985"/>
    <testcase classname="ds.dataFrameSort_expt_dgr_single_numeric_ascending" name="dataset_1" time="2.14600000000002"/>
    <testcase classname="ds.dataFrameSort_expt_dgr_single_numeric_ascending" name="dataset_1" time="0.00199999999998113"/>
    <testcase classname="ds.dataFrameSort_expt_dgr_single_numeric_ascending" name="dataset_1" time="0.244"/>
    <testcase classname="ds.dataFrameSort_expt_dgr_single_numeric_ascending" name="dataset_1" time="2.13500000000002"/>
    <testcase classname="ds.dataFrameSort_expt_dgr_single_numeric_ascending" name="dataset_1" time="0.00100000000000477"/>
    <testcase classname="ds.dataFrameSort_expt_dgr_single_numeric_ascending" name="dataset_1" time="0.242999999999995"/>
  </testsuite>
  <testsuite errors="0" failures="0" hostname="fv-az14" name="ds.dataFrameSort::expt_dgr::multiple::numeric::descending" skipped="0" tests="99" time="40.943" timestamp="2020-10-23T11:40:57Z">
    <testcase classname="ds.dataFrameSort_expt_dgr_multiple_numeric_descending" name="all_datasets" time="9.59799999999998"/>
    <testcase classname="ds.dataFrameSort_expt_dgr_multiple_numeric_descending" name="all_datasets" time="0.00200000000000955"/>
    <testcase classname="ds.dataFrameSort_expt_dgr_multiple_numeric_descending" name="all_datasets" time="0.00100000000000477"/>
    <testcase classname="ds.dataFrameSort_expt_dgr_multiple_numeric_descending" name="all_datasets" time="0.00100000000000477"/>
    <testcase classname="ds.dataFrameSort_expt_dgr_multiple_numeric_descending" name="all_datasets" time="0.000999999999976353"/>
    <testcase classname="ds.dataFrameSort_expt_dgr_multiple_numeric_descending" name="all_datasets" time="0.00100000000000477"/>
    <testcase classname="ds.dataFrameSort_expt_dgr_multiple_numeric_descending" name="all_datasets" time="0.268000000000001"/>
    <testcase classname="ds.dataFrameSort_expt_dgr_multiple_numeric_descending" name="all_datasets" time="0.00100000000000477"/>
    <testcase classname="ds.dataFrameSort_expt_dgr_multiple_numeric_descending" name="all_datasets" time="0.00200000000000955"/>
    <testcase classname="ds.dataFrameSort_expt_dgr_multiple_numeric_descending" name="all_datasets" time="2.80799999999999"/>
    <testcase classname="ds.dataFrameSort_expt_dgr_multiple_numeric_descending" name="all_datasets" time="0.000999999999976353"/>
    <testcase classname="ds.dataFrameSort_expt_dgr_multiple_numeric_descending" name="all_datasets" time="0.0010000000000332"/>
    <testcase classname="ds.dataFrameSort_expt_dgr_multiple_numeric_descending" name="all_datasets" time="0.00200000000000955"/>
    <testcase classname="ds.dataFrameSort_expt_dgr_multiple_numeric_descending" name="all_datasets" time="0.000999999999976353"/>
    <testcase classname="ds.dataFrameSort_expt_dgr_multiple_numeric_descending" name="all_datasets" time="0.000999999999976353"/>
    <testcase classname="ds.dataFrameSort_expt_dgr_multiple_numeric_descending" name="all_datasets" time="0.274000000000001"/>
    <testcase classname="ds.dataFrameSort_expt_dgr_multiple_numeric_descending" name="all_datasets" time="0.00200000000000955"/>
    <testcase classname="ds.dataFrameSort_expt_dgr_multiple_numeric_descending" name="all_datasets" time="0.0010000000000332"/>
    <testcase classname="ds.dataFrameSort_expt_dgr_multiple_numeric_descending" name="all_datasets" time="2.83299999999997"/>
    <testcase classname="ds.dataFrameSort_expt_dgr_multiple_numeric_descending" name="all_datasets" time="0.00200000000000955"/>
    <testcase classname="ds.dataFrameSort_expt_dgr_multiple_numeric_descending" name="all_datasets" time="0.00200000000000955"/>
    <testcase classname="ds.dataFrameSort_expt_dgr_multiple_numeric_descending" name="all_datasets" time="0.000999999999976353"/>
    <testcase classname="ds.dataFrameSort_expt_dgr_multiple_numeric_descending" name="all_datasets" time="0.0010000000000332"/>
    <testcase classname="ds.dataFrameSort_expt_dgr_multiple_numeric_descending" name="all_datasets" time="0.00200000000000955"/>
    <testcase classname="ds.dataFrameSort_expt_dgr_multiple_numeric_descending" name="all_datasets" time="0.272999999999968"/>
    <testcase classname="ds.dataFrameSort_expt_dgr_multiple_numeric_descending" name="all_datasets" time="0.00200000000000955"/>
    <testcase classname="ds.dataFrameSort_expt_dgr_multiple_numeric_descending" name="all_datasets" time="0.000999999999976353"/>
    <testcase classname="ds.dataFrameSort_expt_dgr_multiple_numeric_descending" name="all_datasets" time="2.798"/>
    <testcase classname="ds.dataFrameSort_expt_dgr_multiple_numeric_descending" name="all_datasets" time="0.00200000000000955"/>
    <testcase classname="ds.dataFrameSort_expt_dgr_multiple_numeric_descending" name="all_datasets" time="0.0010000000000332"/>
    <testcase classname="ds.dataFrameSort_expt_dgr_multiple_numeric_descending" name="all_datasets" time="0.000999999999976353"/>
    <testcase classname="ds.dataFrameSort_expt_dgr_multiple_numeric_descending" name="all_datasets" time="0.00200000000000955"/>
    <testcase classname="ds.dataFrameSort_expt_dgr_multiple_numeric_descending" name="all_datasets" time="0.0010000000000332"/>
    <testcase classname="ds.dataFrameSort_expt_dgr_multiple_numeric_descending" name="all_datasets" time="0.279999999999973"/>
    <testcase classname="ds.dataFrameSort_expt_dgr_multiple_numeric_descending" name="all_datasets" time="0.00200000000000955"/>
    <testcase classname="ds.dataFrameSort_expt_dgr_multiple_numeric_descending" name="all_datasets" time="0.00200000000000955"/>
    <testcase classname="ds.dataFrameSort_expt_dgr_multiple_numeric_descending" name="all_datasets" time="2.82599999999996"/>
    <testcase classname="ds.dataFrameSort_expt_dgr_multiple_numeric_descending" name="all_datasets" time="0.00200000000000955"/>
    <testcase classname="ds.dataFrameSort_expt_dgr_multiple_numeric_descending" name="all_datasets" time="0.00200000000000955"/>
    <testcase classname="ds.dataFrameSort_expt_dgr_multiple_numeric_descending" name="all_datasets" time="0.00200000000000955"/>
    <testcase classname="ds.dataFrameSort_expt_dgr_multiple_numeric_descending" name="all_datasets" time="0.00200000000000955"/>
    <testcase classname="ds.dataFrameSort_expt_dgr_multiple_numeric_descending" name="all_datasets" time="0.000999999999976353"/>
    <testcase classname="ds.dataFrameSort_expt_dgr_multiple_numeric_descending" name="all_datasets" time="0.269000000000005"/>
    <testcase classname="ds.dataFrameSort_expt_dgr_multiple_numeric_descending" name="all_datasets" time="0.00200000000000955"/>
    <testcase classname="ds.dataFrameSort_expt_dgr_multiple_numeric_descending" name="all_datasets" time="0.00200000000000955"/>
    <testcase classname="ds.dataFrameSort_expt_dgr_multiple_numeric_descending" name="all_datasets" time="2.85199999999998"/>
    <testcase classname="ds.dataFrameSort_expt_dgr_multiple_numeric_descending" name="all_datasets" time="0.00200000000000955"/>
    <testcase classname="ds.dataFrameSort_expt_dgr_multiple_numeric_descending" name="all_datasets" time="0.00200000000000955"/>
    <testcase classname="ds.dataFrameSort_expt_dgr_multiple_numeric_descending" name="all_datasets" time="0.00200000000000955"/>
    <testcase classname="ds.dataFrameSort_expt_dgr_multiple_numeric_descending" name="all_datasets" time="0.00200000000000955"/>
    <testcase classname="ds.dataFrameSort_expt_dgr_multiple_numeric_descending" name="all_datasets" time="0.00199999999995271"/>
    <testcase classname="ds.dataFrameSort_expt_dgr_multiple_numeric_descending" name="all_datasets" time="0.266999999999996"/>
    <testcase classname="ds.dataFrameSort_expt_dgr_multiple_numeric_descending" name="all_datasets" time="0.00200000000000955"/>
    <testcase classname="ds.dataFrameSort_expt_dgr_multiple_numeric_descending" name="all_datasets" time="0.00200000000000955"/>
    <testcase classname="ds.dataFrameSort_expt_dgr_multiple_numeric_descending" name="all_datasets" time="2.81400000000002"/>
    <testcase classname="ds.dataFrameSort_expt_dgr_multiple_numeric_descending" name="all_datasets" time="0.00200000000000955"/>
    <testcase classname="ds.dataFrameSort_expt_dgr_multiple_numeric_descending" name="all_datasets" time="0.00199999999995271"/>
    <testcase classname="ds.dataFrameSort_expt_dgr_multiple_numeric_descending" name="all_datasets" time="0.00200000000000955"/>
    <testcase classname="ds.dataFrameSort_expt_dgr_multiple_numeric_descending" name="all_datasets" time="0.00200000000000955"/>
    <testcase classname="ds.dataFrameSort_expt_dgr_multiple_numeric_descending" name="all_datasets" time="0.00200000000000955"/>
    <testcase classname="ds.dataFrameSort_expt_dgr_multiple_numeric_descending" name="all_datasets" time="0.269000000000005"/>
    <testcase classname="ds.dataFrameSort_expt_dgr_multiple_numeric_descending" name="all_datasets" time="0.00200000000000955"/>
    <testcase classname="ds.dataFrameSort_expt_dgr_multiple_numeric_descending" name="all_datasets" time="0.00199999999995271"/>
    <testcase classname="ds.dataFrameSort_expt_dgr_multiple_numeric_descending" name="all_datasets" time="2.84500000000003"/>
    <testcase classname="ds.dataFrameSort_expt_dgr_multiple_numeric_descending" name="all_datasets" time="0.00200000000000955"/>
    <testcase classname="ds.dataFrameSort_expt_dgr_multiple_numeric_descending" name="all_datasets" time="0.0029999999999859"/>
    <testcase classname="ds.dataFrameSort_expt_dgr_multiple_numeric_descending" name="all_datasets" time="0.00200000000000955"/>
    <testcase classname="ds.dataFrameSort_expt_dgr_multiple_numeric_descending" name="all_datasets" time="0.00200000000000955"/>
    <testcase classname="ds.dataFrameSort_expt_dgr_multiple_numeric_descending" name="all_datasets" time="0.0029999999999859"/>
    <testcase classname="ds.dataFrameSort_expt_dgr_multiple_numeric_descending" name="all_datasets" time="0.271000000000015"/>
    <testcase classname="ds.dataFrameSort_expt_dgr_multiple_numeric_descending" name="all_datasets" time="0.00200000000000955"/>
    <testcase classname="ds.dataFrameSort_expt_dgr_multiple_numeric_descending" name="all_datasets" time="0.0029999999999859"/>
    <testcase classname="ds.dataFrameSort_expt_dgr_multiple_numeric_descending" name="all_datasets" time="2.82400000000001"/>
    <testcase classname="ds.dataFrameSort_expt_dgr_multiple_numeric_descending" name="all_datasets" time="0.00999999999999091"/>
    <testcase classname="ds.dataFrameSort_expt_dgr_multiple_numeric_descending" name="all_datasets" time="0.00200000000000955"/>
    <testcase classname="ds.dataFrameSort_expt_dgr_multiple_numeric_descending" name="all_datasets" time="0.00199999999995271"/>
    <testcase classname="ds.dataFrameSort_expt_dgr_multiple_numeric_descending" name="all_datasets" time="0.00200000000000955"/>
    <testcase classname="ds.dataFrameSort_expt_dgr_multiple_numeric_descending" name="all_datasets" time="0.00200000000000955"/>
    <testcase classname="ds.dataFrameSort_expt_dgr_multiple_numeric_descending" name="all_datasets" time="0.268000000000029"/>
    <testcase classname="ds.dataFrameSort_expt_dgr_multiple_numeric_descending" name="all_datasets" time="0.00199999999995271"/>
    <testcase classname="ds.dataFrameSort_expt_dgr_multiple_numeric_descending" name="all_datasets" time="0.00200000000000955"/>
    <testcase classname="ds.dataFrameSort_expt_dgr_multiple_numeric_descending" name="all_datasets" time="2.79700000000003"/>
    <testcase classname="ds.dataFrameSort_expt_dgr_multiple_numeric_descending" name="all_datasets" time="0.0029999999999859"/>
    <testcase classname="ds.dataFrameSort_expt_dgr_multiple_numeric_descending" name="all_datasets" time="0.00999999999999091"/>
    <testcase classname="ds.dataFrameSort_expt_dgr_multiple_numeric_descending" name="all_datasets" time="0.00200000000000955"/>
    <testcase classname="ds.dataFrameSort_expt_dgr_multiple_numeric_descending" name="all_datasets" time="0.00200000000000955"/>
    <testcase classname="ds.dataFrameSort_expt_dgr_multiple_numeric_descending" name="all_datasets" time="0.0029999999999859"/>
    <testcase classname="ds.dataFrameSort_expt_dgr_multiple_numeric_descending" name="all_datasets" time="0.271000000000015"/>
    <testcase classname="ds.dataFrameSort_expt_dgr_multiple_numeric_descending" name="all_datasets" time="0.0029999999999859"/>
    <testcase classname="ds.dataFrameSort_expt_dgr_multiple_numeric_descending" name="all_datasets" time="0.00200000000000955"/>
    <testcase classname="ds.dataFrameSort_expt_dgr_multiple_numeric_descending" name="all_datasets" time="2.79300000000001"/>
    <testcase classname="ds.dataFrameSort_expt_dgr_multiple_numeric_descending" name="all_datasets" time="0.0120000000000005"/>
    <testcase classname="ds.dataFrameSort_expt_dgr_multiple_numeric_descending" name="all_datasets" time="0.00499999999999545"/>
    <testcase classname="ds.dataFrameSort_expt_dgr_multiple_numeric_descending" name="all_datasets" time="0.00200000000000955"/>
    <testcase classname="ds.dataFrameSort_expt_dgr_multiple_numeric_descending" name="all_datasets" time="0.0029999999999859"/>
    <testcase classname="ds.dataFrameSort_expt_dgr_multiple_numeric_descending" name="all_datasets" time="0.00200000000000955"/>
    <testcase classname="ds.dataFrameSort_expt_dgr_multiple_numeric_descending" name="all_datasets" time="0.269999999999982"/>
    <testcase classname="ds.dataFrameSort_expt_dgr_multiple_numeric_descending" name="all_datasets" time="0.0029999999999859"/>
    <testcase classname="ds.dataFrameSort_expt_dgr_multiple_numeric_descending" name="all_datasets" time="0.00300000000004275"/>
  </testsuite>
  <testsuite errors="0" failures="0" hostname="fv-az14" name="ds.dataFrameSort::expt_dgr::single::numeric::descending" skipped="0" tests="33" time="30.489" timestamp="2020-10-23T11:41:38Z">
    <testcase classname="ds.dataFrameSort_expt_dgr_single_numeric_descending" name="dataset_1" time="6.37599999999998"/>
    <testcase classname="ds.dataFrameSort_expt_dgr_single_numeric_descending" name="dataset_1" time="0.000999999999976353"/>
    <testcase classname="ds.dataFrameSort_expt_dgr_single_numeric_descending" name="dataset_1" time="0.242000000000019"/>
    <testcase classname="ds.dataFrameSort_expt_dgr_single_numeric_descending" name="dataset_1" time="2.13999999999999"/>
    <testcase classname="ds.dataFrameSort_expt_dgr_single_numeric_descending" name="dataset_1" time="0.00200000000000955"/>
    <testcase classname="ds.dataFrameSort_expt_dgr_single_numeric_descending" name="dataset_1" time="0.240000000000009"/>
    <testcase classname="ds.dataFrameSort_expt_dgr_single_numeric_descending" name="dataset_1" time="2.14699999999999"/>
    <testcase classname="ds.dataFrameSort_expt_dgr_single_numeric_descending" name="dataset_1" time="0.0010000000000332"/>
    <testcase classname="ds.dataFrameSort_expt_dgr_single_numeric_descending" name="dataset_1" time="0.239999999999952"/>
    <testcase classname="ds.dataFrameSort_expt_dgr_single_numeric_descending" name="dataset_1" time="2.12900000000002"/>
    <testcase classname="ds.dataFrameSort_expt_dgr_single_numeric_descending" name="dataset_1" time="0.000999999999976353"/>
    <testcase classname="ds.dataFrameSort_expt_dgr_single_numeric_descending" name="dataset_1" time="0.240000000000009"/>
    <testcase classname="ds.dataFrameSort_expt_dgr_single_numeric_descending" name="dataset_1" time="2.12900000000002"/>
    <testcase classname="ds.dataFrameSort_expt_dgr_single_numeric_descending" name="dataset_1" time="0.00200000000000955"/>
    <testcase classname="ds.dataFrameSort_expt_dgr_single_numeric_descending" name="dataset_1" time="0.240999999999985"/>
    <testcase classname="ds.dataFrameSort_expt_dgr_single_numeric_descending" name="dataset_1" time="2.154"/>
    <testcase classname="ds.dataFrameSort_expt_dgr_single_numeric_descending" name="dataset_1" time="0.00200000000000955"/>
    <testcase classname="ds.dataFrameSort_expt_dgr_single_numeric_descending" name="dataset_1" time="0.242999999999995"/>
    <testcase classname="ds.dataFrameSort_expt_dgr_single_numeric_descending" name="dataset_1" time="2.14499999999998"/>
    <testcase classname="ds.dataFrameSort_expt_dgr_single_numeric_descending" name="dataset_1" time="0.00200000000000955"/>
    <testcase classname="ds.dataFrameSort_expt_dgr_single_numeric_descending" name="dataset_1" time="0.242000000000019"/>
    <testcase classname="ds.dataFrameSort_expt_dgr_single_numeric_descending" name="dataset_1" time="2.15899999999999"/>
    <testcase classname="ds.dataFrameSort_expt_dgr_single_numeric_descending" name="dataset_1" time="0.00200000000000955"/>
    <testcase classname="ds.dataFrameSort_expt_dgr_single_numeric_descending" name="dataset_1" time="0.242000000000019"/>
    <testcase classname="ds.dataFrameSort_expt_dgr_single_numeric_descending" name="dataset_1" time="2.14799999999997"/>
    <testcase classname="ds.dataFrameSort_expt_dgr_single_numeric_descending" name="dataset_1" time="0.00200000000000955"/>
    <testcase classname="ds.dataFrameSort_expt_dgr_single_numeric_descending" name="dataset_1" time="0.243999999999971"/>
    <testcase classname="ds.dataFrameSort_expt_dgr_single_numeric_descending" name="dataset_1" time="2.14700000000005"/>
    <testcase classname="ds.dataFrameSort_expt_dgr_single_numeric_descending" name="dataset_1" time="0.00200000000000955"/>
    <testcase classname="ds.dataFrameSort_expt_dgr_single_numeric_descending" name="dataset_1" time="0.243999999999971"/>
    <testcase classname="ds.dataFrameSort_expt_dgr_single_numeric_descending" name="dataset_1" time="2.13500000000005"/>
    <testcase classname="ds.dataFrameSort_expt_dgr_single_numeric_descending" name="dataset_1" time="0.000999999999976353"/>
    <testcase classname="ds.dataFrameSort_expt_dgr_single_numeric_descending" name="dataset_1" time="0.243999999999971"/>
  </testsuite>
  <testsuite errors="0" failures="0" hostname="fv-az14" name="ds.dataFrameSort::expt_dgr::multiple::alphabetic::ascending" skipped="1" tests="1" time="0.006" timestamp="2020-10-23T11:42:09Z">
    <testcase classname="ds.dataFrameSort_expt_dgr_multiple_alphabetic_ascending" name="all_datasets" time="0.00600000000002865">
      <skipped/>
    </testcase>
  </testsuite>
  <testsuite errors="0" failures="0" hostname="fv-az14" name="ds.dataFrameSort::expt_dgr::single::alphabetic::ascending" skipped="1" tests="1" time="0.018" timestamp="2020-10-23T11:42:09Z">
    <testcase classname="ds.dataFrameSort_expt_dgr_single_alphabetic_ascending" name="dataset_2" time="0.0179999999999723">
      <skipped/>
    </testcase>
  </testsuite>
  <testsuite errors="0" failures="0" hostname="fv-az14" name="ds.dataFrameSort::expt_dgr::multiple::alphabetic::descending" skipped="1" tests="1" time="0.006" timestamp="2020-10-23T11:42:09Z">
    <testcase classname="ds.dataFrameSort_expt_dgr_multiple_alphabetic_descending" name="all_datasets" time="0.00600000000002865">
      <skipped/>
    </testcase>
  </testsuite>
  <testsuite errors="0" failures="0" hostname="fv-az14" name="ds.dataFrameSort::expt_dgr::single::alphabetic::descending" skipped="1" tests="1" time="0.005" timestamp="2020-10-23T11:42:09Z">
    <testcase classname="ds.dataFrameSort_expt_dgr_single_alphabetic_descending" name="dataset_3" time="0.00499999999999545">
      <skipped/>
    </testcase>
  </testsuite>
  <testsuite errors="0" failures="0" hostname="fv-az14" name="ds.dataFrameSort::expt_dgr::shutdown" skipped="0" tests="0" time="0" timestamp="2020-10-23T11:42:09Z"/>
  <testsuite errors="0" failures="0" hostname="fv-az14" name="ds.dataFrameSort::expt_dgr::done" skipped="0" tests="0" time="0" timestamp="2020-10-23T11:42:09Z"/>
  <testsuite errors="0" failures="0" hostname="fv-az14" name="ds.dataFrameSubset::expt_dgr::setup" skipped="0" tests="0" time="0" timestamp="2020-10-23T11:42:09Z"/>
  <testsuite errors="0" failures="0" hostname="fv-az14" name="ds.dataFrameSubset::expt_dgr::multiple::parameter_class" skipped="0" tests="24" time="28.003" timestamp="2020-10-23T11:42:09Z">
    <testcase classname="ds.dataFrameSubset_expt_dgr_multiple_parameter_class" name="all_datasets" time="12.295"/>
    <testcase classname="ds.dataFrameSubset_expt_dgr_multiple_parameter_class" name="all_datasets" time="0.361999999999966"/>
    <testcase classname="ds.dataFrameSubset_expt_dgr_multiple_parameter_class" name="all_datasets" time="0.262"/>
    <testcase classname="ds.dataFrameSubset_expt_dgr_multiple_parameter_class" name="all_datasets" time="0.26400000000001"/>
    <testcase classname="ds.dataFrameSubset_expt_dgr_multiple_parameter_class" name="all_datasets" time="1.07600000000002"/>
    <testcase classname="ds.dataFrameSubset_expt_dgr_multiple_parameter_class" name="all_datasets" time="0.000999999999976353"/>
    <testcase classname="ds.dataFrameSubset_expt_dgr_multiple_parameter_class" name="all_datasets" time="0.0010000000000332"/>
    <testcase classname="ds.dataFrameSubset_expt_dgr_multiple_parameter_class" name="all_datasets" time="0.80699999999996"/>
    <testcase classname="ds.dataFrameSubset_expt_dgr_multiple_parameter_class" name="all_datasets" time="2.29500000000002"/>
    <testcase classname="ds.dataFrameSubset_expt_dgr_multiple_parameter_class" name="all_datasets" time="0.00200000000000955"/>
    <testcase classname="ds.dataFrameSubset_expt_dgr_multiple_parameter_class" name="all_datasets" time="0.000999999999976353"/>
    <testcase classname="ds.dataFrameSubset_expt_dgr_multiple_parameter_class" name="all_datasets" time="3.51600000000002"/>
    <testcase classname="ds.dataFrameSubset_expt_dgr_multiple_parameter_class" name="all_datasets" time="0.00200000000000955"/>
    <testcase classname="ds.dataFrameSubset_expt_dgr_multiple_parameter_class" name="all_datasets" time="0.000999999999976353"/>
    <testcase classname="ds.dataFrameSubset_expt_dgr_multiple_parameter_class" name="all_datasets" time="3.50100000000003"/>
    <testcase classname="ds.dataFrameSubset_expt_dgr_multiple_parameter_class" name="all_datasets" time="0.000999999999976353"/>
    <testcase classname="ds.dataFrameSubset_expt_dgr_multiple_parameter_class" name="all_datasets" time="0.00200000000000955"/>
    <testcase classname="ds.dataFrameSubset_expt_dgr_multiple_parameter_class" name="all_datasets" time="1.47499999999997"/>
    <testcase classname="ds.dataFrameSubset_expt_dgr_multiple_parameter_class" name="all_datasets" time="1.06700000000001"/>
    <testcase classname="ds.dataFrameSubset_expt_dgr_multiple_parameter_class" name="all_datasets" time="0.0010000000000332"/>
    <testcase classname="ds.dataFrameSubset_expt_dgr_multiple_parameter_class" name="all_datasets" time="0.00200000000000955"/>
    <testcase classname="ds.dataFrameSubset_expt_dgr_multiple_parameter_class" name="all_datasets" time="1.06599999999997"/>
    <testcase classname="ds.dataFrameSubset_expt_dgr_multiple_parameter_class" name="all_datasets" time="0.00200000000000955"/>
    <testcase classname="ds.dataFrameSubset_expt_dgr_multiple_parameter_class" name="all_datasets" time="0.000999999999976353"/>
  </testsuite>
  <testsuite errors="0" failures="0" hostname="fv-az14" name="ds.dataFrameSubset::expt_dgr::single::parameter_class" skipped="0" tests="10" time="12.067" timestamp="2020-10-23T11:42:37Z">
    <testcase classname="ds.dataFrameSubset_expt_dgr_single_parameter_class" name="dataset_1" time="5.14500000000004"/>
    <testcase classname="ds.dataFrameSubset_expt_dgr_single_parameter_class" name="dataset_1" time="0.23599999999999"/>
    <testcase classname="ds.dataFrameSubset_expt_dgr_single_parameter_class" name="dataset_1" time="0.235000000000014"/>
    <testcase classname="ds.dataFrameSubset_expt_dgr_single_parameter_class" name="dataset_1" time="0.243999999999971"/>
    <testcase classname="ds.dataFrameSubset_expt_dgr_single_parameter_class" name="dataset_1" time="0.951000000000022"/>
    <testcase classname="ds.dataFrameSubset_expt_dgr_single_parameter_class" name="dataset_1" time="0.733000000000004"/>
    <testcase classname="ds.dataFrameSubset_expt_dgr_single_parameter_class" name="dataset_1" time="1.65699999999998"/>
    <testcase classname="ds.dataFrameSubset_expt_dgr_single_parameter_class" name="dataset_1" time="0.939999999999998"/>
    <testcase classname="ds.dataFrameSubset_expt_dgr_single_parameter_class" name="dataset_1" time="0.960000000000036"/>
    <testcase classname="ds.dataFrameSubset_expt_dgr_single_parameter_class" name="dataset_1" time="0.966000000000008"/>
  </testsuite>
  <testsuite errors="0" failures="0" hostname="fv-az14" name="ds.dataFrameSubset::expt_dgr::multiple::all_columns" skipped="0" tests="48" time="30.647" timestamp="2020-10-23T11:42:49Z">
    <testcase classname="ds.dataFrameSubset_expt_dgr_multiple_all_columns" name="all_datasets" time="8.964"/>
    <testcase classname="ds.dataFrameSubset_expt_dgr_multiple_all_columns" name="all_datasets" time="0.000999999999976353"/>
    <testcase classname="ds.dataFrameSubset_expt_dgr_multiple_all_columns" name="all_datasets" time="0.000999999999976353"/>
    <testcase classname="ds.dataFrameSubset_expt_dgr_multiple_all_columns" name="all_datasets" time="0.0010000000000332"/>
    <testcase classname="ds.dataFrameSubset_expt_dgr_multiple_all_columns" name="all_datasets" time="0.00200000000000955"/>
    <testcase classname="ds.dataFrameSubset_expt_dgr_multiple_all_columns" name="all_datasets" time="0.000999999999976353"/>
    <testcase classname="ds.dataFrameSubset_expt_dgr_multiple_all_columns" name="all_datasets" time="0.00200000000000955"/>
    <testcase classname="ds.dataFrameSubset_expt_dgr_multiple_all_columns" name="all_datasets" time="0.000999999999976353"/>
    <testcase classname="ds.dataFrameSubset_expt_dgr_multiple_all_columns" name="all_datasets" time="4.35599999999999"/>
    <testcase classname="ds.dataFrameSubset_expt_dgr_multiple_all_columns" name="all_datasets" time="0.00200000000000955"/>
    <testcase classname="ds.dataFrameSubset_expt_dgr_multiple_all_columns" name="all_datasets" time="0.0010000000000332"/>
    <testcase classname="ds.dataFrameSubset_expt_dgr_multiple_all_columns" name="all_datasets" time="0.000999999999976353"/>
    <testcase classname="ds.dataFrameSubset_expt_dgr_multiple_all_columns" name="all_datasets" time="0.000999999999976353"/>
    <testcase classname="ds.dataFrameSubset_expt_dgr_multiple_all_columns" name="all_datasets" time="0.0010000000000332"/>
    <testcase classname="ds.dataFrameSubset_expt_dgr_multiple_all_columns" name="all_datasets" time="0.00200000000000955"/>
    <testcase classname="ds.dataFrameSubset_expt_dgr_multiple_all_columns" name="all_datasets" time="0.000999999999976353"/>
    <testcase classname="ds.dataFrameSubset_expt_dgr_multiple_all_columns" name="all_datasets" time="4.33199999999999"/>
    <testcase classname="ds.dataFrameSubset_expt_dgr_multiple_all_columns" name="all_datasets" time="0.00200000000000955"/>
    <testcase classname="ds.dataFrameSubset_expt_dgr_multiple_all_columns" name="all_datasets" time="0.0010000000000332"/>
    <testcase classname="ds.dataFrameSubset_expt_dgr_multiple_all_columns" name="all_datasets" time="0.000999999999976353"/>
    <testcase classname="ds.dataFrameSubset_expt_dgr_multiple_all_columns" name="all_datasets" time="0.00200000000000955"/>
    <testcase classname="ds.dataFrameSubset_expt_dgr_multiple_all_columns" name="all_datasets" time="0.000999999999976353"/>
    <testcase classname="ds.dataFrameSubset_expt_dgr_multiple_all_columns" name="all_datasets" time="0.00200000000000955"/>
    <testcase classname="ds.dataFrameSubset_expt_dgr_multiple_all_columns" name="all_datasets" time="0.000999999999976353"/>
    <testcase classname="ds.dataFrameSubset_expt_dgr_multiple_all_columns" name="all_datasets" time="4.28800000000001"/>
    <testcase classname="ds.dataFrameSubset_expt_dgr_multiple_all_columns" name="all_datasets" time="0.00200000000000955"/>
    <testcase classname="ds.dataFrameSubset_expt_dgr_multiple_all_columns" name="all_datasets" time="0.00200000000000955"/>
    <testcase classname="ds.dataFrameSubset_expt_dgr_multiple_all_columns" name="all_datasets" time="0.000999999999976353"/>
    <testcase classname="ds.dataFrameSubset_expt_dgr_multiple_all_columns" name="all_datasets" time="0.0010000000000332"/>
    <testcase classname="ds.dataFrameSubset_expt_dgr_multiple_all_columns" name="all_datasets" time="0.0010000000000332"/>
    <testcase classname="ds.dataFrameSubset_expt_dgr_multiple_all_columns" name="all_datasets" time="0.00199999999995271"/>
    <testcase classname="ds.dataFrameSubset_expt_dgr_multiple_all_columns" name="all_datasets" time="0.0010000000000332"/>
    <testcase classname="ds.dataFrameSubset_expt_dgr_multiple_all_columns" name="all_datasets" time="4.31999999999999"/>
    <testcase classname="ds.dataFrameSubset_expt_dgr_multiple_all_columns" name="all_datasets" time="0.00200000000000955"/>
    <testcase classname="ds.dataFrameSubset_expt_dgr_multiple_all_columns" name="all_datasets" time="0.00200000000000955"/>
    <testcase classname="ds.dataFrameSubset_expt_dgr_multiple_all_columns" name="all_datasets" time="0.00199999999995271"/>
    <testcase classname="ds.dataFrameSubset_expt_dgr_multiple_all_columns" name="all_datasets" time="0.00200000000000955"/>
    <testcase classname="ds.dataFrameSubset_expt_dgr_multiple_all_columns" name="all_datasets" time="0.00200000000000955"/>
    <testcase classname="ds.dataFrameSubset_expt_dgr_multiple_all_columns" name="all_datasets" time="0.0010000000000332"/>
    <testcase classname="ds.dataFrameSubset_expt_dgr_multiple_all_columns" name="all_datasets" time="0.00199999999995271"/>
    <testcase classname="ds.dataFrameSubset_expt_dgr_multiple_all_columns" name="all_datasets" time="4.32300000000004"/>
    <testcase classname="ds.dataFrameSubset_expt_dgr_multiple_all_columns" name="all_datasets" time="0.00200000000000955"/>
    <testcase classname="ds.dataFrameSubset_expt_dgr_multiple_all_columns" name="all_datasets" time="0.00199999999995271"/>
    <testcase classname="ds.dataFrameSubset_expt_dgr_multiple_all_columns" name="all_datasets" time="0.0010000000000332"/>
    <testcase classname="ds.dataFrameSubset_expt_dgr_multiple_all_columns" name="all_datasets" time="0.00200000000000955"/>
    <testcase classname="ds.dataFrameSubset_expt_dgr_multiple_all_columns" name="all_datasets" time="0.00199999999995271"/>
    <testcase classname="ds.dataFrameSubset_expt_dgr_multiple_all_columns" name="all_datasets" time="0.00200000000000955"/>
    <testcase classname="ds.dataFrameSubset_expt_dgr_multiple_all_columns" name="all_datasets" time="0.00200000000000955"/>
  </testsuite>
  <testsuite errors="0" failures="0" hostname="fv-az14" name="ds.dataFrameSubset::expt_dgr::single::all_columns" skipped="0" tests="24" time="22.114" timestamp="2020-10-23T11:43:20Z">
    <testcase classname="ds.dataFrameSubset_expt_dgr_single_all_columns" name="dataset_2" time="6.63100000000003"/>
    <testcase classname="ds.dataFrameSubset_expt_dgr_single_all_columns" name="dataset_2" time="0.000999999999976353"/>
    <testcase classname="ds.dataFrameSubset_expt_dgr_single_all_columns" name="dataset_2" time="0.000999999999976353"/>
    <testcase classname="ds.dataFrameSubset_expt_dgr_single_all_columns" name="dataset_2" time="0.00200000000000955"/>
    <testcase classname="ds.dataFrameSubset_expt_dgr_single_all_columns" name="dataset_2" time="3.08300000000003"/>
    <testcase classname="ds.dataFrameSubset_expt_dgr_single_all_columns" name="dataset_2" time="0.000999999999976353"/>
    <testcase classname="ds.dataFrameSubset_expt_dgr_single_all_columns" name="dataset_2" time="0.0010000000000332"/>
    <testcase classname="ds.dataFrameSubset_expt_dgr_single_all_columns" name="dataset_2" time="0.000999999999976353"/>
    <testcase classname="ds.dataFrameSubset_expt_dgr_single_all_columns" name="dataset_2" time="3.09399999999999"/>
    <testcase classname="ds.dataFrameSubset_expt_dgr_single_all_columns" name="dataset_2" time="0.00200000000000955"/>
    <testcase classname="ds.dataFrameSubset_expt_dgr_single_all_columns" name="dataset_2" time="0.000999999999976353"/>
    <testcase classname="ds.dataFrameSubset_expt_dgr_single_all_columns" name="dataset_2" time="0.00200000000000955"/>
    <testcase classname="ds.dataFrameSubset_expt_dgr_single_all_columns" name="dataset_2" time="3.077"/>
    <testcase classname="ds.dataFrameSubset_expt_dgr_single_all_columns" name="dataset_2" time="0.00200000000000955"/>
    <testcase classname="ds.dataFrameSubset_expt_dgr_single_all_columns" name="dataset_2" time="0.0010000000000332"/>
    <testcase classname="ds.dataFrameSubset_expt_dgr_single_all_columns" name="dataset_2" time="0.000999999999976353"/>
    <testcase classname="ds.dataFrameSubset_expt_dgr_single_all_columns" name="dataset_2" time="3.113"/>
    <testcase classname="ds.dataFrameSubset_expt_dgr_single_all_columns" name="dataset_2" time="0.00200000000000955"/>
    <testcase classname="ds.dataFrameSubset_expt_dgr_single_all_columns" name="dataset_2" time="0.00200000000000955"/>
    <testcase classname="ds.dataFrameSubset_expt_dgr_single_all_columns" name="dataset_2" time="0.000999999999976353"/>
    <testcase classname="ds.dataFrameSubset_expt_dgr_single_all_columns" name="dataset_2" time="3.09100000000001"/>
    <testcase classname="ds.dataFrameSubset_expt_dgr_single_all_columns" name="dataset_2" time="0.00200000000000955"/>
    <testcase classname="ds.dataFrameSubset_expt_dgr_single_all_columns" name="dataset_2" time="0.000999999999976353"/>
    <testcase classname="ds.dataFrameSubset_expt_dgr_single_all_columns" name="dataset_2" time="0.0010000000000332"/>
  </testsuite>
  <testsuite errors="0" failures="0" hostname="fv-az14" name="ds.dataFrameSubset::expt_dgr::multiple::all_columns::subset_by_rows" skipped="0" tests="40" time="75.202" timestamp="2020-10-23T11:43:42Z">
    <testcase classname="ds.dataFrameSubset_expt_dgr_multiple_all_columns_subset_by_rows" name="all_datasets" time="9.60799999999995"/>
    <testcase classname="ds.dataFrameSubset_expt_dgr_multiple_all_columns_subset_by_rows" name="all_datasets" time="0.272000000000048"/>
    <testcase classname="ds.dataFrameSubset_expt_dgr_multiple_all_columns_subset_by_rows" name="all_datasets" time="0.266999999999996"/>
    <testcase classname="ds.dataFrameSubset_expt_dgr_multiple_all_columns_subset_by_rows" name="all_datasets" time="1.47500000000002"/>
    <testcase classname="ds.dataFrameSubset_expt_dgr_multiple_all_columns_subset_by_rows" name="all_datasets" time="4.99699999999996"/>
    <testcase classname="ds.dataFrameSubset_expt_dgr_multiple_all_columns_subset_by_rows" name="all_datasets" time="0.273000000000025"/>
    <testcase classname="ds.dataFrameSubset_expt_dgr_multiple_all_columns_subset_by_rows" name="all_datasets" time="0.269999999999982"/>
    <testcase classname="ds.dataFrameSubset_expt_dgr_multiple_all_columns_subset_by_rows" name="all_datasets" time="1.65900000000005"/>
    <testcase classname="ds.dataFrameSubset_expt_dgr_multiple_all_columns_subset_by_rows" name="all_datasets" time="5.02199999999999"/>
    <testcase classname="ds.dataFrameSubset_expt_dgr_multiple_all_columns_subset_by_rows" name="all_datasets" time="0.269000000000005"/>
    <testcase classname="ds.dataFrameSubset_expt_dgr_multiple_all_columns_subset_by_rows" name="all_datasets" time="0.266999999999996"/>
    <testcase classname="ds.dataFrameSubset_expt_dgr_multiple_all_columns_subset_by_rows" name="all_datasets" time="1.48499999999996"/>
    <testcase classname="ds.dataFrameSubset_expt_dgr_multiple_all_columns_subset_by_rows" name="all_datasets" time="5.23400000000004"/>
    <testcase classname="ds.dataFrameSubset_expt_dgr_multiple_all_columns_subset_by_rows" name="all_datasets" time="0.269000000000005"/>
    <testcase classname="ds.dataFrameSubset_expt_dgr_multiple_all_columns_subset_by_rows" name="all_datasets" time="0.271999999999991"/>
    <testcase classname="ds.dataFrameSubset_expt_dgr_multiple_all_columns_subset_by_rows" name="all_datasets" time="1.50399999999996"/>
    <testcase classname="ds.dataFrameSubset_expt_dgr_multiple_all_columns_subset_by_rows" name="all_datasets" time="5.00800000000004"/>
    <testcase classname="ds.dataFrameSubset_expt_dgr_multiple_all_columns_subset_by_rows" name="all_datasets" time="0.271999999999991"/>
    <testcase classname="ds.dataFrameSubset_expt_dgr_multiple_all_columns_subset_by_rows" name="all_datasets" time="0.269000000000005"/>
    <testcase classname="ds.dataFrameSubset_expt_dgr_multiple_all_columns_subset_by_rows" name="all_datasets" time="1.48599999999999"/>
    <testcase classname="ds.dataFrameSubset_expt_dgr_multiple_all_columns_subset_by_rows" name="all_datasets" time="4.98599999999999"/>
    <testcase classname="ds.dataFrameSubset_expt_dgr_multiple_all_columns_subset_by_rows" name="all_datasets" time="0.271999999999991"/>
    <testcase classname="ds.dataFrameSubset_expt_dgr_multiple_all_columns_subset_by_rows" name="all_datasets" time="0.268000000000029"/>
    <testcase classname="ds.dataFrameSubset_expt_dgr_multiple_all_columns_subset_by_rows" name="all_datasets" time="1.47699999999998"/>
    <testcase classname="ds.dataFrameSubset_expt_dgr_multiple_all_columns_subset_by_rows" name="all_datasets" time="4.98700000000002"/>
    <testcase classname="ds.dataFrameSubset_expt_dgr_multiple_all_columns_subset_by_rows" name="all_datasets" time="0.269999999999982"/>
    <testcase classname="ds.dataFrameSubset_expt_dgr_multiple_all_columns_subset_by_rows" name="all_datasets" time="0.264999999999986"/>
    <testcase classname="ds.dataFrameSubset_expt_dgr_multiple_all_columns_subset_by_rows" name="all_datasets" time="1.49000000000001"/>
    <testcase classname="ds.dataFrameSubset_expt_dgr_multiple_all_columns_subset_by_rows" name="all_datasets" time="4.98200000000003"/>
    <testcase classname="ds.dataFrameSubset_expt_dgr_multiple_all_columns_subset_by_rows" name="all_datasets" time="0.265999999999963"/>
    <testcase classname="ds.dataFrameSubset_expt_dgr_multiple_all_columns_subset_by_rows" name="all_datasets" time="0.268000000000029"/>
    <testcase classname="ds.dataFrameSubset_expt_dgr_multiple_all_columns_subset_by_rows" name="all_datasets" time="1.49099999999999"/>
    <testcase classname="ds.dataFrameSubset_expt_dgr_multiple_all_columns_subset_by_rows" name="all_datasets" time="5.005"/>
    <testcase classname="ds.dataFrameSubset_expt_dgr_multiple_all_columns_subset_by_rows" name="all_datasets" time="0.259999999999991"/>
    <testcase classname="ds.dataFrameSubset_expt_dgr_multiple_all_columns_subset_by_rows" name="all_datasets" time="0.262"/>
    <testcase classname="ds.dataFrameSubset_expt_dgr_multiple_all_columns_subset_by_rows" name="all_datasets" time="1.48100000000005"/>
    <testcase classname="ds.dataFrameSubset_expt_dgr_multiple_all_columns_subset_by_rows" name="all_datasets" time="4.97099999999995"/>
    <testcase classname="ds.dataFrameSubset_expt_dgr_multiple_all_columns_subset_by_rows" name="all_datasets" time="0.268000000000029"/>
    <testcase classname="ds.dataFrameSubset_expt_dgr_multiple_all_columns_subset_by_rows" name="all_datasets" time="0.274000000000001"/>
    <testcase classname="ds.dataFrameSubset_expt_dgr_multiple_all_columns_subset_by_rows" name="all_datasets" time="1.48099999999999"/>
  </testsuite>
  <testsuite errors="0" failures="0" hostname="fv-az14" name="ds.dataFrameSubset::expt_dgr::single::all_columns::subset_by_rows" skipped="0" tests="20" time="32.233" timestamp="2020-10-23T11:44:57Z">
    <testcase classname="ds.dataFrameSubset_expt_dgr_single_all_columns_subset_by_rows" name="dataset_3" time="5.48000000000002"/>
    <testcase classname="ds.dataFrameSubset_expt_dgr_single_all_columns_subset_by_rows" name="dataset_3" time="0.949999999999989"/>
    <testcase classname="ds.dataFrameSubset_expt_dgr_single_all_columns_subset_by_rows" name="dataset_3" time="1.91899999999998"/>
    <testcase classname="ds.dataFrameSubset_expt_dgr_single_all_columns_subset_by_rows" name="dataset_3" time="0.951999999999998"/>
    <testcase classname="ds.dataFrameSubset_expt_dgr_single_all_columns_subset_by_rows" name="dataset_3" time="1.91700000000003"/>
    <testcase classname="ds.dataFrameSubset_expt_dgr_single_all_columns_subset_by_rows" name="dataset_3" time="0.947999999999979"/>
    <testcase classname="ds.dataFrameSubset_expt_dgr_single_all_columns_subset_by_rows" name="dataset_3" time="1.91199999999998"/>
    <testcase classname="ds.dataFrameSubset_expt_dgr_single_all_columns_subset_by_rows" name="dataset_3" time="0.951000000000022"/>
    <testcase classname="ds.dataFrameSubset_expt_dgr_single_all_columns_subset_by_rows" name="dataset_3" time="1.91399999999999"/>
    <testcase classname="ds.dataFrameSubset_expt_dgr_single_all_columns_subset_by_rows" name="dataset_3" time="0.94399999999996"/>
    <testcase classname="ds.dataFrameSubset_expt_dgr_single_all_columns_subset_by_rows" name="dataset_3" time="1.93200000000002"/>
    <testcase classname="ds.dataFrameSubset_expt_dgr_single_all_columns_subset_by_rows" name="dataset_3" time="0.956000000000017"/>
    <testcase classname="ds.dataFrameSubset_expt_dgr_single_all_columns_subset_by_rows" name="dataset_3" time="1.91699999999997"/>
    <testcase classname="ds.dataFrameSubset_expt_dgr_single_all_columns_subset_by_rows" name="dataset_3" time="0.94599999999997"/>
    <testcase classname="ds.dataFrameSubset_expt_dgr_single_all_columns_subset_by_rows" name="dataset_3" time="1.91900000000004"/>
    <testcase classname="ds.dataFrameSubset_expt_dgr_single_all_columns_subset_by_rows" name="dataset_3" time="0.948999999999955"/>
    <testcase classname="ds.dataFrameSubset_expt_dgr_single_all_columns_subset_by_rows" name="dataset_3" time="1.92399999999998"/>
    <testcase classname="ds.dataFrameSubset_expt_dgr_single_all_columns_subset_by_rows" name="dataset_3" time="0.956999999999994"/>
    <testcase classname="ds.dataFrameSubset_expt_dgr_single_all_columns_subset_by_rows" name="dataset_3" time="1.90200000000004"/>
    <testcase classname="ds.dataFrameSubset_expt_dgr_single_all_columns_subset_by_rows" name="dataset_3" time="0.94399999999996"/>
  </testsuite>
  <testsuite errors="0" failures="0" hostname="fv-az14" name="ds.dataFrameSubset::expt_dgr::multiple::subset_by_rows_columns" skipped="0" tests="60" time="135.506" timestamp="2020-10-23T11:45:29Z">
    <testcase classname="ds.dataFrameSubset_expt_dgr_multiple_subset_by_rows_columns" name="all_datasets" time="13.245"/>
    <testcase classname="ds.dataFrameSubset_expt_dgr_multiple_subset_by_rows_columns" name="all_datasets" time="1.21500000000003"/>
    <testcase classname="ds.dataFrameSubset_expt_dgr_multiple_subset_by_rows_columns" name="all_datasets" time="0.265999999999963"/>
    <testcase classname="ds.dataFrameSubset_expt_dgr_multiple_subset_by_rows_columns" name="all_datasets" time="1.21800000000007"/>
    <testcase classname="ds.dataFrameSubset_expt_dgr_multiple_subset_by_rows_columns" name="all_datasets" time="0.264999999999986"/>
    <testcase classname="ds.dataFrameSubset_expt_dgr_multiple_subset_by_rows_columns" name="all_datasets" time="1.23400000000004"/>
    <testcase classname="ds.dataFrameSubset_expt_dgr_multiple_subset_by_rows_columns" name="all_datasets" time="8.90999999999997"/>
    <testcase classname="ds.dataFrameSubset_expt_dgr_multiple_subset_by_rows_columns" name="all_datasets" time="1.21199999999999"/>
    <testcase classname="ds.dataFrameSubset_expt_dgr_multiple_subset_by_rows_columns" name="all_datasets" time="0.265999999999963"/>
    <testcase classname="ds.dataFrameSubset_expt_dgr_multiple_subset_by_rows_columns" name="all_datasets" time="1.22400000000005"/>
    <testcase classname="ds.dataFrameSubset_expt_dgr_multiple_subset_by_rows_columns" name="all_datasets" time="0.268000000000029"/>
    <testcase classname="ds.dataFrameSubset_expt_dgr_multiple_subset_by_rows_columns" name="all_datasets" time="1.23699999999997"/>
    <testcase classname="ds.dataFrameSubset_expt_dgr_multiple_subset_by_rows_columns" name="all_datasets" time="8.92399999999998"/>
    <testcase classname="ds.dataFrameSubset_expt_dgr_multiple_subset_by_rows_columns" name="all_datasets" time="1.21300000000008"/>
    <testcase classname="ds.dataFrameSubset_expt_dgr_multiple_subset_by_rows_columns" name="all_datasets" time="0.26400000000001"/>
    <testcase classname="ds.dataFrameSubset_expt_dgr_multiple_subset_by_rows_columns" name="all_datasets" time="1.21999999999991"/>
    <testcase classname="ds.dataFrameSubset_expt_dgr_multiple_subset_by_rows_columns" name="all_datasets" time="0.272000000000048"/>
    <testcase classname="ds.dataFrameSubset_expt_dgr_multiple_subset_by_rows_columns" name="all_datasets" time="1.22199999999998"/>
    <testcase classname="ds.dataFrameSubset_expt_dgr_multiple_subset_by_rows_columns" name="all_datasets" time="8.91700000000003"/>
    <testcase classname="ds.dataFrameSubset_expt_dgr_multiple_subset_by_rows_columns" name="all_datasets" time="1.22399999999993"/>
    <testcase classname="ds.dataFrameSubset_expt_dgr_multiple_subset_by_rows_columns" name="all_datasets" time="0.26400000000001"/>
    <testcase classname="ds.dataFrameSubset_expt_dgr_multiple_subset_by_rows_columns" name="all_datasets" time="1.21699999999998"/>
    <testcase classname="ds.dataFrameSubset_expt_dgr_multiple_subset_by_rows_columns" name="all_datasets" time="0.271000000000072"/>
    <testcase classname="ds.dataFrameSubset_expt_dgr_multiple_subset_by_rows_columns" name="all_datasets" time="1.22299999999996"/>
    <testcase classname="ds.dataFrameSubset_expt_dgr_multiple_subset_by_rows_columns" name="all_datasets" time="8.91300000000001"/>
    <testcase classname="ds.dataFrameSubset_expt_dgr_multiple_subset_by_rows_columns" name="all_datasets" time="1.226"/>
    <testcase classname="ds.dataFrameSubset_expt_dgr_multiple_subset_by_rows_columns" name="all_datasets" time="0.267000000000053"/>
    <testcase classname="ds.dataFrameSubset_expt_dgr_multiple_subset_by_rows_columns" name="all_datasets" time="1.21299999999997"/>
    <testcase classname="ds.dataFrameSubset_expt_dgr_multiple_subset_by_rows_columns" name="all_datasets" time="0.263000000000034"/>
    <testcase classname="ds.dataFrameSubset_expt_dgr_multiple_subset_by_rows_columns" name="all_datasets" time="1.21499999999992"/>
    <testcase classname="ds.dataFrameSubset_expt_dgr_multiple_subset_by_rows_columns" name="all_datasets" time="8.87700000000007"/>
    <testcase classname="ds.dataFrameSubset_expt_dgr_multiple_subset_by_rows_columns" name="all_datasets" time="1.22500000000002"/>
    <testcase classname="ds.dataFrameSubset_expt_dgr_multiple_subset_by_rows_columns" name="all_datasets" time="0.274000000000001"/>
    <testcase classname="ds.dataFrameSubset_expt_dgr_multiple_subset_by_rows_columns" name="all_datasets" time="1.22299999999996"/>
    <testcase classname="ds.dataFrameSubset_expt_dgr_multiple_subset_by_rows_columns" name="all_datasets" time="0.264999999999986"/>
    <testcase classname="ds.dataFrameSubset_expt_dgr_multiple_subset_by_rows_columns" name="all_datasets" time="1.22500000000002"/>
    <testcase classname="ds.dataFrameSubset_expt_dgr_multiple_subset_by_rows_columns" name="all_datasets" time="8.93899999999996"/>
    <testcase classname="ds.dataFrameSubset_expt_dgr_multiple_subset_by_rows_columns" name="all_datasets" time="1.21500000000003"/>
    <testcase classname="ds.dataFrameSubset_expt_dgr_multiple_subset_by_rows_columns" name="all_datasets" time="0.27699999999993"/>
    <testcase classname="ds.dataFrameSubset_expt_dgr_multiple_subset_by_rows_columns" name="all_datasets" time="1.23200000000008"/>
    <testcase classname="ds.dataFrameSubset_expt_dgr_multiple_subset_by_rows_columns" name="all_datasets" time="0.26400000000001"/>
    <testcase classname="ds.dataFrameSubset_expt_dgr_multiple_subset_by_rows_columns" name="all_datasets" time="1.21899999999994"/>
    <testcase classname="ds.dataFrameSubset_expt_dgr_multiple_subset_by_rows_columns" name="all_datasets" time="8.90800000000002"/>
    <testcase classname="ds.dataFrameSubset_expt_dgr_multiple_subset_by_rows_columns" name="all_datasets" time="1.221"/>
    <testcase classname="ds.dataFrameSubset_expt_dgr_multiple_subset_by_rows_columns" name="all_datasets" time="0.269000000000005"/>
    <testcase classname="ds.dataFrameSubset_expt_dgr_multiple_subset_by_rows_columns" name="all_datasets" time="1.22799999999995"/>
    <testcase classname="ds.dataFrameSubset_expt_dgr_multiple_subset_by_rows_columns" name="all_datasets" time="0.267000000000053"/>
    <testcase classname="ds.dataFrameSubset_expt_dgr_multiple_subset_by_rows_columns" name="all_datasets" time="1.221"/>
    <testcase classname="ds.dataFrameSubset_expt_dgr_multiple_subset_by_rows_columns" name="all_datasets" time="8.923"/>
    <testcase classname="ds.dataFrameSubset_expt_dgr_multiple_subset_by_rows_columns" name="all_datasets" time="1.22400000000005"/>
    <testcase classname="ds.dataFrameSubset_expt_dgr_multiple_subset_by_rows_columns" name="all_datasets" time="0.268999999999892"/>
    <testcase classname="ds.dataFrameSubset_expt_dgr_multiple_subset_by_rows_columns" name="all_datasets" time="1.23000000000002"/>
    <testcase classname="ds.dataFrameSubset_expt_dgr_multiple_subset_by_rows_columns" name="all_datasets" time="0.274000000000001"/>
    <testcase classname="ds.dataFrameSubset_expt_dgr_multiple_subset_by_rows_columns" name="all_datasets" time="1.21500000000003"/>
    <testcase classname="ds.dataFrameSubset_expt_dgr_multiple_subset_by_rows_columns" name="all_datasets" time="8.95799999999997"/>
    <testcase classname="ds.dataFrameSubset_expt_dgr_multiple_subset_by_rows_columns" name="all_datasets" time="1.20900000000006"/>
    <testcase classname="ds.dataFrameSubset_expt_dgr_multiple_subset_by_rows_columns" name="all_datasets" time="0.269000000000005"/>
    <testcase classname="ds.dataFrameSubset_expt_dgr_multiple_subset_by_rows_columns" name="all_datasets" time="1.21899999999994"/>
    <testcase classname="ds.dataFrameSubset_expt_dgr_multiple_subset_by_rows_columns" name="all_datasets" time="0.266000000000076"/>
    <testcase classname="ds.dataFrameSubset_expt_dgr_multiple_subset_by_rows_columns" name="all_datasets" time="1.21299999999997"/>
  </testsuite>
  <testsuite errors="0" failures="0" hostname="fv-az14" name="ds.dataFrameSubset::expt_dgr::single::subset_by_rows_columns" skipped="0" tests="20" time="39.25" timestamp="2020-10-23T11:47:45Z">
    <testcase classname="ds.dataFrameSubset_expt_dgr_single_subset_by_rows_columns" name="dataset_1" time="6.41200000000003"/>
    <testcase classname="ds.dataFrameSubset_expt_dgr_single_subset_by_rows_columns" name="dataset_1" time="0.70799999999997"/>
    <testcase classname="ds.dataFrameSubset_expt_dgr_single_subset_by_rows_columns" name="dataset_1" time="2.85399999999993"/>
    <testcase classname="ds.dataFrameSubset_expt_dgr_single_subset_by_rows_columns" name="dataset_1" time="0.714000000000055"/>
    <testcase classname="ds.dataFrameSubset_expt_dgr_single_subset_by_rows_columns" name="dataset_1" time="2.88499999999999"/>
    <testcase classname="ds.dataFrameSubset_expt_dgr_single_subset_by_rows_columns" name="dataset_1" time="0.706000000000017"/>
    <testcase classname="ds.dataFrameSubset_expt_dgr_single_subset_by_rows_columns" name="dataset_1" time="2.86400000000003"/>
    <testcase classname="ds.dataFrameSubset_expt_dgr_single_subset_by_rows_columns" name="dataset_1" time="0.711999999999989"/>
    <testcase classname="ds.dataFrameSubset_expt_dgr_single_subset_by_rows_columns" name="dataset_1" time="2.86299999999994"/>
    <testcase classname="ds.dataFrameSubset_expt_dgr_single_subset_by_rows_columns" name="dataset_1" time="0.704000000000065"/>
    <testcase classname="ds.dataFrameSubset_expt_dgr_single_subset_by_rows_columns" name="dataset_1" time="2.86399999999992"/>
    <testcase classname="ds.dataFrameSubset_expt_dgr_single_subset_by_rows_columns" name="dataset_1" time="0.710000000000036"/>
    <testcase classname="ds.dataFrameSubset_expt_dgr_single_subset_by_rows_columns" name="dataset_1" time="2.85599999999999"/>
    <testcase classname="ds.dataFrameSubset_expt_dgr_single_subset_by_rows_columns" name="dataset_1" time="0.704000000000065"/>
    <testcase classname="ds.dataFrameSubset_expt_dgr_single_subset_by_rows_columns" name="dataset_1" time="2.86199999999997"/>
    <testcase classname="ds.dataFrameSubset_expt_dgr_single_subset_by_rows_columns" name="dataset_1" time="0.712999999999965"/>
    <testcase classname="ds.dataFrameSubset_expt_dgr_single_subset_by_rows_columns" name="dataset_1" time="2.86599999999999"/>
    <testcase classname="ds.dataFrameSubset_expt_dgr_single_subset_by_rows_columns" name="dataset_1" time="0.708000000000084"/>
    <testcase classname="ds.dataFrameSubset_expt_dgr_single_subset_by_rows_columns" name="dataset_1" time="2.84399999999994"/>
    <testcase classname="ds.dataFrameSubset_expt_dgr_single_subset_by_rows_columns" name="dataset_1" time="0.701000000000022"/>
  </testsuite>
  <testsuite errors="0" failures="0" hostname="fv-az14" name="ds.dataFrameSubset::expt_dgr::multiple::subset_by_rows_columns" skipped="0" tests="60" time="135.91" timestamp="2020-10-23T11:48:24Z">
    <testcase classname="ds.dataFrameSubset_expt_dgr_multiple_subset_by_rows_columns" name="all_datasets" time="13.582"/>
    <testcase classname="ds.dataFrameSubset_expt_dgr_multiple_subset_by_rows_columns" name="all_datasets" time="1.20699999999999"/>
    <testcase classname="ds.dataFrameSubset_expt_dgr_multiple_subset_by_rows_columns" name="all_datasets" time="0.275999999999954"/>
    <testcase classname="ds.dataFrameSubset_expt_dgr_multiple_subset_by_rows_columns" name="all_datasets" time="1.23000000000002"/>
    <testcase classname="ds.dataFrameSubset_expt_dgr_multiple_subset_by_rows_columns" name="all_datasets" time="0.269999999999982"/>
    <testcase classname="ds.dataFrameSubset_expt_dgr_multiple_subset_by_rows_columns" name="all_datasets" time="1.22700000000009"/>
    <testcase classname="ds.dataFrameSubset_expt_dgr_multiple_subset_by_rows_columns" name="all_datasets" time="8.91300000000001"/>
    <testcase classname="ds.dataFrameSubset_expt_dgr_multiple_subset_by_rows_columns" name="all_datasets" time="1.21999999999991"/>
    <testcase classname="ds.dataFrameSubset_expt_dgr_multiple_subset_by_rows_columns" name="all_datasets" time="0.263000000000034"/>
    <testcase classname="ds.dataFrameSubset_expt_dgr_multiple_subset_by_rows_columns" name="all_datasets" time="1.221"/>
    <testcase classname="ds.dataFrameSubset_expt_dgr_multiple_subset_by_rows_columns" name="all_datasets" time="0.270999999999958"/>
    <testcase classname="ds.dataFrameSubset_expt_dgr_multiple_subset_by_rows_columns" name="all_datasets" time="1.22000000000003"/>
    <testcase classname="ds.dataFrameSubset_expt_dgr_multiple_subset_by_rows_columns" name="all_datasets" time="8.93500000000006"/>
    <testcase classname="ds.dataFrameSubset_expt_dgr_multiple_subset_by_rows_columns" name="all_datasets" time="1.22199999999998"/>
    <testcase classname="ds.dataFrameSubset_expt_dgr_multiple_subset_by_rows_columns" name="all_datasets" time="0.266999999999939"/>
    <testcase classname="ds.dataFrameSubset_expt_dgr_multiple_subset_by_rows_columns" name="all_datasets" time="1.22199999999998"/>
    <testcase classname="ds.dataFrameSubset_expt_dgr_multiple_subset_by_rows_columns" name="all_datasets" time="0.267000000000053"/>
    <testcase classname="ds.dataFrameSubset_expt_dgr_multiple_subset_by_rows_columns" name="all_datasets" time="1.21799999999996"/>
    <testcase classname="ds.dataFrameSubset_expt_dgr_multiple_subset_by_rows_columns" name="all_datasets" time="8.89700000000005"/>
    <testcase classname="ds.dataFrameSubset_expt_dgr_multiple_subset_by_rows_columns" name="all_datasets" time="1.24000000000001"/>
    <testcase classname="ds.dataFrameSubset_expt_dgr_multiple_subset_by_rows_columns" name="all_datasets" time="0.26400000000001"/>
    <testcase classname="ds.dataFrameSubset_expt_dgr_multiple_subset_by_rows_columns" name="all_datasets" time="1.22699999999998"/>
    <testcase classname="ds.dataFrameSubset_expt_dgr_multiple_subset_by_rows_columns" name="all_datasets" time="0.269999999999982"/>
    <testcase classname="ds.dataFrameSubset_expt_dgr_multiple_subset_by_rows_columns" name="all_datasets" time="1.22800000000007"/>
    <testcase classname="ds.dataFrameSubset_expt_dgr_multiple_subset_by_rows_columns" name="all_datasets" time="8.9319999999999"/>
    <testcase classname="ds.dataFrameSubset_expt_dgr_multiple_subset_by_rows_columns" name="all_datasets" time="1.22000000000003"/>
    <testcase classname="ds.dataFrameSubset_expt_dgr_multiple_subset_by_rows_columns" name="all_datasets" time="0.265999999999963"/>
    <testcase classname="ds.dataFrameSubset_expt_dgr_multiple_subset_by_rows_columns" name="all_datasets" time="1.2170000000001"/>
    <testcase classname="ds.dataFrameSubset_expt_dgr_multiple_subset_by_rows_columns" name="all_datasets" time="0.261999999999944"/>
    <testcase classname="ds.dataFrameSubset_expt_dgr_multiple_subset_by_rows_columns" name="all_datasets" time="1.22000000000003"/>
    <testcase classname="ds.dataFrameSubset_expt_dgr_multiple_subset_by_rows_columns" name="all_datasets" time="8.89300000000003"/>
    <testcase classname="ds.dataFrameSubset_expt_dgr_multiple_subset_by_rows_columns" name="all_datasets" time="1.22199999999998"/>
    <testcase classname="ds.dataFrameSubset_expt_dgr_multiple_subset_by_rows_columns" name="all_datasets" time="0.274000000000001"/>
    <testcase classname="ds.dataFrameSubset_expt_dgr_multiple_subset_by_rows_columns" name="all_datasets" time="1.23000000000002"/>
    <testcase classname="ds.dataFrameSubset_expt_dgr_multiple_subset_by_rows_columns" name="all_datasets" time="0.269999999999982"/>
    <testcase classname="ds.dataFrameSubset_expt_dgr_multiple_subset_by_rows_columns" name="all_datasets" time="1.21799999999996"/>
    <testcase classname="ds.dataFrameSubset_expt_dgr_multiple_subset_by_rows_columns" name="all_datasets" time="8.94100000000003"/>
    <testcase classname="ds.dataFrameSubset_expt_dgr_multiple_subset_by_rows_columns" name="all_datasets" time="1.221"/>
    <testcase classname="ds.dataFrameSubset_expt_dgr_multiple_subset_by_rows_columns" name="all_datasets" time="0.266999999999939"/>
    <testcase classname="ds.dataFrameSubset_expt_dgr_multiple_subset_by_rows_columns" name="all_datasets" time="1.23400000000004"/>
    <testcase classname="ds.dataFrameSubset_expt_dgr_multiple_subset_by_rows_columns" name="all_datasets" time="0.269000000000005"/>
    <testcase classname="ds.dataFrameSubset_expt_dgr_multiple_subset_by_rows_columns" name="all_datasets" time="1.23199999999997"/>
    <testcase classname="ds.dataFrameSubset_expt_dgr_multiple_subset_by_rows_columns" name="all_datasets" time="8.91899999999998"/>
    <testcase classname="ds.dataFrameSubset_expt_dgr_multiple_subset_by_rows_columns" name="all_datasets" time="1.21400000000006"/>
    <testcase classname="ds.dataFrameSubset_expt_dgr_multiple_subset_by_rows_columns" name="all_datasets" time="0.266999999999939"/>
    <testcase classname="ds.dataFrameSubset_expt_dgr_multiple_subset_by_rows_columns" name="all_datasets" time="1.21600000000001"/>
    <testcase classname="ds.dataFrameSubset_expt_dgr_multiple_subset_by_rows_columns" name="all_datasets" time="0.268000000000029"/>
    <testcase classname="ds.dataFrameSubset_expt_dgr_multiple_subset_by_rows_columns" name="all_datasets" time="1.22199999999998"/>
    <testcase classname="ds.dataFrameSubset_expt_dgr_multiple_subset_by_rows_columns" name="all_datasets" time="8.93400000000008"/>
    <testcase classname="ds.dataFrameSubset_expt_dgr_multiple_subset_by_rows_columns" name="all_datasets" time="1.21600000000001"/>
    <testcase classname="ds.dataFrameSubset_expt_dgr_multiple_subset_by_rows_columns" name="all_datasets" time="0.268999999999892"/>
    <testcase classname="ds.dataFrameSubset_expt_dgr_multiple_subset_by_rows_columns" name="all_datasets" time="1.23100000000011"/>
    <testcase classname="ds.dataFrameSubset_expt_dgr_multiple_subset_by_rows_columns" name="all_datasets" time="0.267999999999915"/>
    <testcase classname="ds.dataFrameSubset_expt_dgr_multiple_subset_by_rows_columns" name="all_datasets" time="1.226"/>
    <testcase classname="ds.dataFrameSubset_expt_dgr_multiple_subset_by_rows_columns" name="all_datasets" time="8.90100000000007"/>
    <testcase classname="ds.dataFrameSubset_expt_dgr_multiple_subset_by_rows_columns" name="all_datasets" time="1.22799999999995"/>
    <testcase classname="ds.dataFrameSubset_expt_dgr_multiple_subset_by_rows_columns" name="all_datasets" time="0.269000000000005"/>
    <testcase classname="ds.dataFrameSubset_expt_dgr_multiple_subset_by_rows_columns" name="all_datasets" time="1.22900000000004"/>
    <testcase classname="ds.dataFrameSubset_expt_dgr_multiple_subset_by_rows_columns" name="all_datasets" time="0.269000000000005"/>
    <testcase classname="ds.dataFrameSubset_expt_dgr_multiple_subset_by_rows_columns" name="all_datasets" time="1.21899999999994"/>
  </testsuite>
  <testsuite errors="0" failures="0" hostname="fv-az14" name="ds.dataFrameSubset::expt_dgr::single::subset_by_rows_columns" skipped="0" tests="20" time="39.237" timestamp="2020-10-23T11:50:40Z">
    <testcase classname="ds.dataFrameSubset_expt_dgr_single_subset_by_rows_columns" name="dataset_2" time="6.41100000000006"/>
    <testcase classname="ds.dataFrameSubset_expt_dgr_single_subset_by_rows_columns" name="dataset_2" time="0.703999999999951"/>
    <testcase classname="ds.dataFrameSubset_expt_dgr_single_subset_by_rows_columns" name="dataset_2" time="2.86500000000001"/>
    <testcase classname="ds.dataFrameSubset_expt_dgr_single_subset_by_rows_columns" name="dataset_2" time="0.706000000000017"/>
    <testcase classname="ds.dataFrameSubset_expt_dgr_single_subset_by_rows_columns" name="dataset_2" time="2.87699999999995"/>
    <testcase classname="ds.dataFrameSubset_expt_dgr_single_subset_by_rows_columns" name="dataset_2" time="0.70900000000006"/>
    <testcase classname="ds.dataFrameSubset_expt_dgr_single_subset_by_rows_columns" name="dataset_2" time="2.85500000000002"/>
    <testcase classname="ds.dataFrameSubset_expt_dgr_single_subset_by_rows_columns" name="dataset_2" time="0.70799999999997"/>
    <testcase classname="ds.dataFrameSubset_expt_dgr_single_subset_by_rows_columns" name="dataset_2" time="2.86099999999999"/>
    <testcase classname="ds.dataFrameSubset_expt_dgr_single_subset_by_rows_columns" name="dataset_2" time="0.708999999999946"/>
    <testcase classname="ds.dataFrameSubset_expt_dgr_single_subset_by_rows_columns" name="dataset_2" time="2.86500000000001"/>
    <testcase classname="ds.dataFrameSubset_expt_dgr_single_subset_by_rows_columns" name="dataset_2" time="0.706000000000017"/>
    <testcase classname="ds.dataFrameSubset_expt_dgr_single_subset_by_rows_columns" name="dataset_2" time="2.87099999999998"/>
    <testcase classname="ds.dataFrameSubset_expt_dgr_single_subset_by_rows_columns" name="dataset_2" time="0.700000000000045"/>
    <testcase classname="ds.dataFrameSubset_expt_dgr_single_subset_by_rows_columns" name="dataset_2" time="2.85199999999998"/>
    <testcase classname="ds.dataFrameSubset_expt_dgr_single_subset_by_rows_columns" name="dataset_2" time="0.706000000000017"/>
    <testcase classname="ds.dataFrameSubset_expt_dgr_single_subset_by_rows_columns" name="dataset_2" time="2.85400000000004"/>
    <testcase classname="ds.dataFrameSubset_expt_dgr_single_subset_by_rows_columns" name="dataset_2" time="0.709999999999923"/>
    <testcase classname="ds.dataFrameSubset_expt_dgr_single_subset_by_rows_columns" name="dataset_2" time="2.86000000000001"/>
    <testcase classname="ds.dataFrameSubset_expt_dgr_single_subset_by_rows_columns" name="dataset_2" time="0.70799999999997"/>
  </testsuite>
  <testsuite errors="0" failures="0" hostname="fv-az14" name="ds.dataFrameSubset::expt_dgr::multiple::all_rows_subset_by_columns" skipped="0" tests="36" time="66.252" timestamp="2020-10-23T11:51:19Z">
    <testcase classname="ds.dataFrameSubset_expt_dgr_multiple_all_rows_subset_by_columns" name="all_datasets" time="10.7030000000001"/>
    <testcase classname="ds.dataFrameSubset_expt_dgr_multiple_all_rows_subset_by_columns" name="all_datasets" time="1.21899999999994"/>
    <testcase classname="ds.dataFrameSubset_expt_dgr_multiple_all_rows_subset_by_columns" name="all_datasets" time="0.272000000000048"/>
    <testcase classname="ds.dataFrameSubset_expt_dgr_multiple_all_rows_subset_by_columns" name="all_datasets" time="1.23199999999997"/>
    <testcase classname="ds.dataFrameSubset_expt_dgr_multiple_all_rows_subset_by_columns" name="all_datasets" time="0.272000000000048"/>
    <testcase classname="ds.dataFrameSubset_expt_dgr_multiple_all_rows_subset_by_columns" name="all_datasets" time="1.22199999999998"/>
    <testcase classname="ds.dataFrameSubset_expt_dgr_multiple_all_rows_subset_by_columns" name="all_datasets" time="6.10599999999999"/>
    <testcase classname="ds.dataFrameSubset_expt_dgr_multiple_all_rows_subset_by_columns" name="all_datasets" time="1.21899999999994"/>
    <testcase classname="ds.dataFrameSubset_expt_dgr_multiple_all_rows_subset_by_columns" name="all_datasets" time="0.267000000000053"/>
    <testcase classname="ds.dataFrameSubset_expt_dgr_multiple_all_rows_subset_by_columns" name="all_datasets" time="1.221"/>
    <testcase classname="ds.dataFrameSubset_expt_dgr_multiple_all_rows_subset_by_columns" name="all_datasets" time="0.269000000000005"/>
    <testcase classname="ds.dataFrameSubset_expt_dgr_multiple_all_rows_subset_by_columns" name="all_datasets" time="1.22400000000005"/>
    <testcase classname="ds.dataFrameSubset_expt_dgr_multiple_all_rows_subset_by_columns" name="all_datasets" time="6.05200000000002"/>
    <testcase classname="ds.dataFrameSubset_expt_dgr_multiple_all_rows_subset_by_columns" name="all_datasets" time="1.226"/>
    <testcase classname="ds.dataFrameSubset_expt_dgr_multiple_all_rows_subset_by_columns" name="all_datasets" time="0.261999999999944"/>
    <testcase classname="ds.dataFrameSubset_expt_dgr_multiple_all_rows_subset_by_columns" name="all_datasets" time="1.21299999999997"/>
    <testcase classname="ds.dataFrameSubset_expt_dgr_multiple_all_rows_subset_by_columns" name="all_datasets" time="0.264999999999986"/>
    <testcase classname="ds.dataFrameSubset_expt_dgr_multiple_all_rows_subset_by_columns" name="all_datasets" time="1.22200000000009"/>
    <testcase classname="ds.dataFrameSubset_expt_dgr_multiple_all_rows_subset_by_columns" name="all_datasets" time="6.06799999999998"/>
    <testcase classname="ds.dataFrameSubset_expt_dgr_multiple_all_rows_subset_by_columns" name="all_datasets" time="1.21699999999998"/>
    <testcase classname="ds.dataFrameSubset_expt_dgr_multiple_all_rows_subset_by_columns" name="all_datasets" time="0.263000000000034"/>
    <testcase classname="ds.dataFrameSubset_expt_dgr_multiple_all_rows_subset_by_columns" name="all_datasets" time="1.21600000000001"/>
    <testcase classname="ds.dataFrameSubset_expt_dgr_multiple_all_rows_subset_by_columns" name="all_datasets" time="0.269000000000005"/>
    <testcase classname="ds.dataFrameSubset_expt_dgr_multiple_all_rows_subset_by_columns" name="all_datasets" time="1.22399999999993"/>
    <testcase classname="ds.dataFrameSubset_expt_dgr_multiple_all_rows_subset_by_columns" name="all_datasets" time="6.06500000000005"/>
    <testcase classname="ds.dataFrameSubset_expt_dgr_multiple_all_rows_subset_by_columns" name="all_datasets" time="1.22699999999998"/>
    <testcase classname="ds.dataFrameSubset_expt_dgr_multiple_all_rows_subset_by_columns" name="all_datasets" time="0.266999999999939"/>
    <testcase classname="ds.dataFrameSubset_expt_dgr_multiple_all_rows_subset_by_columns" name="all_datasets" time="1.221"/>
    <testcase classname="ds.dataFrameSubset_expt_dgr_multiple_all_rows_subset_by_columns" name="all_datasets" time="0.263000000000034"/>
    <testcase classname="ds.dataFrameSubset_expt_dgr_multiple_all_rows_subset_by_columns" name="all_datasets" time="1.221"/>
    <testcase classname="ds.dataFrameSubset_expt_dgr_multiple_all_rows_subset_by_columns" name="all_datasets" time="6.072"/>
    <testcase classname="ds.dataFrameSubset_expt_dgr_multiple_all_rows_subset_by_columns" name="all_datasets" time="1.21799999999996"/>
    <testcase classname="ds.dataFrameSubset_expt_dgr_multiple_all_rows_subset_by_columns" name="all_datasets" time="0.267000000000053"/>
    <testcase classname="ds.dataFrameSubset_expt_dgr_multiple_all_rows_subset_by_columns" name="all_datasets" time="1.21600000000001"/>
    <testcase classname="ds.dataFrameSubset_expt_dgr_multiple_all_rows_subset_by_columns" name="all_datasets" time="0.269999999999982"/>
    <testcase classname="ds.dataFrameSubset_expt_dgr_multiple_all_rows_subset_by_columns" name="all_datasets" time="1.22199999999998"/>
  </testsuite>
  <testsuite errors="0" failures="0" hostname="fv-az14" name="ds.dataFrameSubset::expt_dgr::multiple::all_rows_subset_by_columns" skipped="0" tests="12" time="25.055" timestamp="2020-10-23T11:52:26Z">
    <testcase classname="ds.dataFrameSubset_expt_dgr_multiple_all_rows_subset_by_columns" name="dataset_3" time="6.505"/>
    <testcase classname="ds.dataFrameSubset_expt_dgr_multiple_all_rows_subset_by_columns" name="dataset_3" time="0.705000000000041"/>
    <testcase classname="ds.dataFrameSubset_expt_dgr_multiple_all_rows_subset_by_columns" name="dataset_3" time="2.86599999999999"/>
    <testcase classname="ds.dataFrameSubset_expt_dgr_multiple_all_rows_subset_by_columns" name="dataset_3" time="0.706000000000017"/>
    <testcase classname="ds.dataFrameSubset_expt_dgr_multiple_all_rows_subset_by_columns" name="dataset_3" time="2.87"/>
    <testcase classname="ds.dataFrameSubset_expt_dgr_multiple_all_rows_subset_by_columns" name="dataset_3" time="0.70799999999997"/>
    <testcase classname="ds.dataFrameSubset_expt_dgr_multiple_all_rows_subset_by_columns" name="dataset_3" time="2.85400000000004"/>
    <testcase classname="ds.dataFrameSubset_expt_dgr_multiple_all_rows_subset_by_columns" name="dataset_3" time="0.701999999999998"/>
    <testcase classname="ds.dataFrameSubset_expt_dgr_multiple_all_rows_subset_by_columns" name="dataset_3" time="2.86399999999992"/>
    <testcase classname="ds.dataFrameSubset_expt_dgr_multiple_all_rows_subset_by_columns" name="dataset_3" time="0.715000000000032"/>
    <testcase classname="ds.dataFrameSubset_expt_dgr_multiple_all_rows_subset_by_columns" name="dataset_3" time="2.85599999999999"/>
    <testcase classname="ds.dataFrameSubset_expt_dgr_multiple_all_rows_subset_by_columns" name="dataset_3" time="0.704000000000065"/>
  </testsuite>
  <testsuite errors="0" failures="0" hostname="fv-az14" name="ds.skewness::math_dgr::mean.median.mode::multiple" skipped="0" tests="10" time="17.136" timestamp="2020-10-23T11:52:51Z">
    <testcase classname="ds.skewness_math_dgr_mean.median.mode_multiple" name="skewness_0_mode_median_mean_or_skewness_0_mean_median_mode" time="6.904"/>
    <testcase classname="ds.skewness_math_dgr_mean.median.mode_multiple" name="skewness_0_mode_median_mean_or_skewness_0_mean_median_mode" time="0.00199999999995271"/>
    <testcase classname="ds.skewness_math_dgr_mean.median.mode_multiple" name="skewness_0_mode_median_mean_or_skewness_0_mean_median_mode" time="2.11300000000006"/>
    <testcase classname="ds.skewness_math_dgr_mean.median.mode_multiple" name="skewness_0_mode_median_mean_or_skewness_0_mean_median_mode" time="0.000999999999976353"/>
    <testcase classname="ds.skewness_math_dgr_mean.median.mode_multiple" name="skewness_0_mode_median_mean_or_skewness_0_mean_median_mode" time="2.03099999999995"/>
    <testcase classname="ds.skewness_math_dgr_mean.median.mode_multiple" name="skewness_0_mode_median_mean_or_skewness_0_mean_median_mode" time="0.000999999999976353"/>
    <testcase classname="ds.skewness_math_dgr_mean.median.mode_multiple" name="skewness_0_mode_median_mean_or_skewness_0_mean_median_mode" time="2.01800000000003"/>
    <testcase classname="ds.skewness_math_dgr_mean.median.mode_multiple" name="skewness_0_mode_median_mean_or_skewness_0_mean_median_mode" time="0.000999999999976353"/>
    <testcase classname="ds.skewness_math_dgr_mean.median.mode_multiple" name="skewness_0_mode_median_mean_or_skewness_0_mean_median_mode" time="2.04399999999998"/>
    <testcase classname="ds.skewness_math_dgr_mean.median.mode_multiple" name="skewness_0_mode_median_mean_or_skewness_0_mean_median_mode" time="2.02100000000007"/>
  </testsuite>
  <testsuite errors="0" failures="0" hostname="fv-az14" name="ds.skewness::math_dgr::Q1.Q2.Q3::multiple" skipped="0" tests="7" time="17.219" timestamp="2020-10-23T11:53:07Z">
    <testcase classname="ds.skewness_math_dgr_Q1.Q2.Q3_multiple" name="skewness_0_Q3_Q2_Q2_Q1_or_skewness_0_Q3_Q2_Q2_Q1" time="6.71299999999997"/>
    <testcase classname="ds.skewness_math_dgr_Q1.Q2.Q3_multiple" name="skewness_0_Q3_Q2_Q2_Q1_or_skewness_0_Q3_Q2_Q2_Q1" time="1.75"/>
    <testcase classname="ds.skewness_math_dgr_Q1.Q2.Q3_multiple" name="skewness_0_Q3_Q2_Q2_Q1_or_skewness_0_Q3_Q2_Q2_Q1" time="1.74800000000005"/>
    <testcase classname="ds.skewness_math_dgr_Q1.Q2.Q3_multiple" name="skewness_0_Q3_Q2_Q2_Q1_or_skewness_0_Q3_Q2_Q2_Q1" time="1.76299999999992"/>
    <testcase classname="ds.skewness_math_dgr_Q1.Q2.Q3_multiple" name="skewness_0_Q3_Q2_Q2_Q1_or_skewness_0_Q3_Q2_Q2_Q1" time="1.75"/>
    <testcase classname="ds.skewness_math_dgr_Q1.Q2.Q3_multiple" name="skewness_0_Q3_Q2_Q2_Q1_or_skewness_0_Q3_Q2_Q2_Q1" time="1.745"/>
    <testcase classname="ds.skewness_math_dgr_Q1.Q2.Q3_multiple" name="skewness_0_Q3_Q2_Q2_Q1_or_skewness_0_Q3_Q2_Q2_Q1" time="1.75"/>
  </testsuite>
  <testsuite errors="0" failures="0" hostname="fv-az14" name="ds.asCharacter::smk_dgr::setup" skipped="0" tests="3" time="5.145" timestamp="2020-10-23T11:53:25Z">
    <testcase classname="ds.asCharacter_smk_dgr_setup" name="setup" time="5.14300000000003"/>
    <testcase classname="ds.asCharacter_smk_dgr_setup" name="setup" time="0.00100000000009004"/>
    <testcase classname="ds.asCharacter_smk_dgr_setup" name="setup" time="0.000999999999976353"/>
  </testsuite>
  <testsuite errors="0" failures="0" hostname="fv-az14" name="ds.asCharacter::smk_dgr::simple test" skipped="0" tests="3" time="0.805" timestamp="2020-10-23T11:53:30Z">
    <testcase classname="ds.asCharacter_smk_dgr_simple_test" name="simple_test" time="0.802000000000021"/>
    <testcase classname="ds.asCharacter_smk_dgr_simple_test" name="simple_test" time="0.00199999999995271"/>
    <testcase classname="ds.asCharacter_smk_dgr_simple_test" name="simple_test" time="0.000999999999976353"/>
  </testsuite>
  <testsuite errors="0" failures="0" hostname="fv-az14" name="ds.asCharacter::smk_dgr::stutdown" skipped="0" tests="3" time="0.306" timestamp="2020-10-23T11:53:31Z">
    <testcase classname="ds.asCharacter_smk_dgr_stutdown" name="setup" time="0.303999999999974"/>
    <testcase classname="ds.asCharacter_smk_dgr_stutdown" name="setup" time="0.00100000000009004"/>
    <testcase classname="ds.asCharacter_smk_dgr_stutdown" name="setup" time="0.000999999999976353"/>
  </testsuite>
  <testsuite errors="0" failures="0" hostname="fv-az14" name="ds.asCharacter::smk_dgr::done" skipped="0" tests="0" time="0" timestamp="2020-10-23T11:53:32Z"/>
  <testsuite errors="0" failures="0" hostname="fv-az14" name="ds.listClientsideFunctions::smk_dgr::setup" skipped="0" tests="3" time="5.263" timestamp="2020-10-23T11:53:32Z">
    <testcase classname="ds.listClientsideFunctions_smk_dgr_setup" name="setup" time="5.26099999999997"/>
    <testcase classname="ds.listClientsideFunctions_smk_dgr_setup" name="setup" time="0.000999999999976353"/>
    <testcase classname="ds.listClientsideFunctions_smk_dgr_setup" name="setup" time="0.00100000000009004"/>
  </testsuite>
  <testsuite errors="0" failures="0" hostname="fv-az14" name="ds.listClientsideFunctions::smk_dgr::check results" skipped="0" tests="9" time="0.012" timestamp="2020-10-23T11:53:36Z">
    <testcase classname="ds.listClientsideFunctions_smk_dgr_check_results" name="check_results" time="0.00299999999992906"/>
    <testcase classname="ds.listClientsideFunctions_smk_dgr_check_results" name="check_results" time="0.000999999999976353"/>
    <testcase classname="ds.listClientsideFunctions_smk_dgr_check_results" name="check_results" time="0.00100000000009004"/>
    <testcase classname="ds.listClientsideFunctions_smk_dgr_check_results" name="check_results" time="0.000999999999976353"/>
    <testcase classname="ds.listClientsideFunctions_smk_dgr_check_results" name="check_results" time="0.000999999999976353"/>
    <testcase classname="ds.listClientsideFunctions_smk_dgr_check_results" name="check_results" time="0.000999999999976353"/>
    <testcase classname="ds.listClientsideFunctions_smk_dgr_check_results" name="check_results" time="0.000999999999976353"/>
    <testcase classname="ds.listClientsideFunctions_smk_dgr_check_results" name="check_results" time="0.00200000000006639"/>
    <testcase classname="ds.listClientsideFunctions_smk_dgr_check_results" name="check_results" time="0.000999999999976353"/>
  </testsuite>
  <testsuite errors="0" failures="0" hostname="fv-az14" name="ds.listClientsideFunctions::smk_dgr::shutdown" skipped="0" tests="3" time="0.267" timestamp="2020-10-23T11:53:36Z">
    <testcase classname="ds.listClientsideFunctions_smk_dgr_shutdown" name="shutdown" time="0.264999999999986"/>
    <testcase classname="ds.listClientsideFunctions_smk_dgr_shutdown" name="shutdown" time="0.000999999999976353"/>
    <testcase classname="ds.listClientsideFunctions_smk_dgr_shutdown" name="shutdown" time="0.00100000000009004"/>
  </testsuite>
  <testsuite errors="0" failures="0" hostname="fv-az14" name="ds.listClientsideFunctions::smk_dgr::done" skipped="0" tests="0" time="0" timestamp="2020-10-23T11:53:37Z"/>
  <testsuite errors="0" failures="0" hostname="fv-az14" name="ds.listServersideFunctions::smk_dgr::setup" skipped="0" tests="3" time="5.315" timestamp="2020-10-23T11:53:37Z">
    <testcase classname="ds.listServersideFunctions_smk_dgr_setup" name="setup" time="5.31299999999999"/>
    <testcase classname="ds.listServersideFunctions_smk_dgr_setup" name="setup" time="0.000999999999976353"/>
    <testcase classname="ds.listServersideFunctions_smk_dgr_setup" name="setup" time="0.000999999999976353"/>
  </testsuite>
  <testsuite errors="0" failures="0" hostname="fv-az14" name="ds.listServersideFunctions::smk_dgr::check results" skipped="0" tests="31" time="0.11" timestamp="2020-10-23T11:53:42Z">
    <testcase classname="ds.listServersideFunctions_smk_dgr_check_results" name="check_results" time="0.07000000000005"/>
    <testcase classname="ds.listServersideFunctions_smk_dgr_check_results" name="check_results" time="0.000999999999976353"/>
    <testcase classname="ds.listServersideFunctions_smk_dgr_check_results" name="check_results" time="0.000999999999976353"/>
    <testcase classname="ds.listServersideFunctions_smk_dgr_check_results" name="check_results" time="0.000999999999976353"/>
    <testcase classname="ds.listServersideFunctions_smk_dgr_check_results" name="check_results" time="0.00200000000006639"/>
    <testcase classname="ds.listServersideFunctions_smk_dgr_check_results" name="check_results" time="0.00199999999995271"/>
    <testcase classname="ds.listServersideFunctions_smk_dgr_check_results" name="check_results" time="0.000999999999976353"/>
    <testcase classname="ds.listServersideFunctions_smk_dgr_check_results" name="check_results" time="0.00100000000009004"/>
    <testcase classname="ds.listServersideFunctions_smk_dgr_check_results" name="check_results" time="0.000999999999976353"/>
    <testcase classname="ds.listServersideFunctions_smk_dgr_check_results" name="check_results" time="0.000999999999976353"/>
    <testcase classname="ds.listServersideFunctions_smk_dgr_check_results" name="check_results" time="0.000999999999976353"/>
    <testcase classname="ds.listServersideFunctions_smk_dgr_check_results" name="check_results" time="0.00200000000006639"/>
    <testcase classname="ds.listServersideFunctions_smk_dgr_check_results" name="check_results" time="0.000999999999976353"/>
    <testcase classname="ds.listServersideFunctions_smk_dgr_check_results" name="check_results" time="0.000999999999976353"/>
    <testcase classname="ds.listServersideFunctions_smk_dgr_check_results" name="check_results" time="0.000999999999976353"/>
    <testcase classname="ds.listServersideFunctions_smk_dgr_check_results" name="check_results" time="0.00200000000006639"/>
    <testcase classname="ds.listServersideFunctions_smk_dgr_check_results" name="check_results" time="0.000999999999976353"/>
    <testcase classname="ds.listServersideFunctions_smk_dgr_check_results" name="check_results" time="0.000999999999976353"/>
    <testcase classname="ds.listServersideFunctions_smk_dgr_check_results" name="check_results" time="0.00199999999995271"/>
    <testcase classname="ds.listServersideFunctions_smk_dgr_check_results" name="check_results" time="0.00100000000009004"/>
    <testcase classname="ds.listServersideFunctions_smk_dgr_check_results" name="check_results" time="0.000999999999976353"/>
    <testcase classname="ds.listServersideFunctions_smk_dgr_check_results" name="check_results" time="0.00199999999995271"/>
    <testcase classname="ds.listServersideFunctions_smk_dgr_check_results" name="check_results" time="0.00100000000009004"/>
    <testcase classname="ds.listServersideFunctions_smk_dgr_check_results" name="check_results" time="0.00199999999995271"/>
    <testcase classname="ds.listServersideFunctions_smk_dgr_check_results" name="check_results" time="0.000999999999976353"/>
    <testcase classname="ds.listServersideFunctions_smk_dgr_check_results" name="check_results" time="0.00200000000006639"/>
    <testcase classname="ds.listServersideFunctions_smk_dgr_check_results" name="check_results" time="0.00199999999995271"/>
    <testcase classname="ds.listServersideFunctions_smk_dgr_check_results" name="check_results" time="0.000999999999976353"/>
    <testcase classname="ds.listServersideFunctions_smk_dgr_check_results" name="check_results" time="0.000999999999976353"/>
    <testcase classname="ds.listServersideFunctions_smk_dgr_check_results" name="check_results" time="0.00200000000006639"/>
    <testcase classname="ds.listServersideFunctions_smk_dgr_check_results" name="check_results" time="0.000999999999976353"/>
  </testsuite>
  <testsuite errors="0" failures="0" hostname="fv-az14" name="ds.listServersideFunctions::smk_dgr::shtudown" skipped="0" tests="3" time="0.273" timestamp="2020-10-23T11:53:42Z">
    <testcase classname="ds.listServersideFunctions_smk_dgr_shtudown" name="shutdown" time="0.269999999999982"/>
    <testcase classname="ds.listServersideFunctions_smk_dgr_shtudown" name="shutdown" time="0.00200000000006639"/>
    <testcase classname="ds.listServersideFunctions_smk_dgr_shtudown" name="shutdown" time="0.000999999999976353"/>
  </testsuite>
  <testsuite errors="0" failures="0" hostname="fv-az14" name="ds.listServersideFunctions::smk_dgr::done" skipped="0" tests="0" time="0" timestamp="2020-10-23T11:53:43Z"/>
</testsuites>
